<?xml version="1.0" encoding="UTF-8"?>
<testsuite xmlns:xsi="http://www.w3.org/2001/XMLSchema-instance" xsi:noNamespaceSchemaLocation="https://maven.apache.org/surefire/maven-surefire-plugin/xsd/surefire-test-report-3.0.xsd" version="3.0" name="org.apache.hadoop.ozone.TestStorageContainerManager" time="224.522" tests="13" errors="0" skipped="0" failures="1">
  <properties>
    <property name="awt.toolkit" value="sun.awt.X11.XToolkit"/>
    <property name="file.encoding.pkg" value="sun.io"/>
    <property name="java.specification.version" value="1.8"/>
    <property name="sun.cpu.isalist" value=""/>
    <property name="sun.jnu.encoding" value="UTF-8"/>
    <property name="java.class.path" value="/home/runner/work/ozone/ozone/hadoop-ozone/integration-test/target/test-classes:/home/runner/work/ozone/ozone/hadoop-ozone/integration-test/target/classes:/home/runner/.m2/repository/org/apache/ozone/ozone-common/1.4.0-SNAPSHOT/ozone-common-1.4.0-SNAPSHOT.jar:/home/runner/.m2/repository/io/grpc/grpc-netty/1.51.1/grpc-netty-1.51.1.jar:/home/runner/.m2/repository/io/grpc/grpc-core/1.51.1/grpc-core-1.51.1.jar:/home/runner/.m2/repository/com/google/android/annotations/4.1.1.4/annotations-4.1.1.4.jar:/home/runner/.m2/repository/org/codehaus/mojo/animal-sniffer-annotations/1.21/animal-sniffer-annotations-1.21.jar:/home/runner/.m2/repository/com/google/errorprone/error_prone_annotations/2.2.0/error_prone_annotations-2.2.0.jar:/home/runner/.m2/repository/io/perfmark/perfmark-api/0.25.0/perfmark-api-0.25.0.jar:/home/runner/.m2/repository/io/netty/netty-codec-http2/4.1.86.Final/netty-codec-http2-4.1.86.Final.jar:/home/runner/.m2/repository/io/netty/netty-common/4.1.86.Final/netty-common-4.1.86.Final.jar:/home/runner/.m2/repository/io/netty/netty-buffer/4.1.86.Final/netty-buffer-4.1.86.Final.jar:/home/runner/.m2/repository/io/netty/netty-codec-http/4.1.86.Final/netty-codec-http-4.1.86.Final.jar:/home/runner/.m2/repository/io/netty/netty-handler-proxy/4.1.86.Final/netty-handler-proxy-4.1.86.Final.jar:/home/runner/.m2/repository/io/netty/netty-codec-socks/4.1.86.Final/netty-codec-socks-4.1.86.Final.jar:/home/runner/.m2/repository/io/netty/netty-tcnative-boringssl-static/2.0.54.Final/netty-tcnative-boringssl-static-2.0.54.Final.jar:/home/runner/.m2/repository/io/netty/netty-tcnative-classes/2.0.54.Final/netty-tcnative-classes-2.0.54.Final.jar:/home/runner/.m2/repository/io/netty/netty-tcnative-boringssl-static/2.0.54.Final/netty-tcnative-boringssl-static-2.0.54.Final-linux-x86_64.jar:/home/runner/.m2/repository/io/netty/netty-tcnative-boringssl-static/2.0.54.Final/netty-tcnative-boringssl-static-2.0.54.Final-linux-aarch_64.jar:/home/runner/.m2/repository/io/netty/netty-tcnative-boringssl-static/2.0.54.Final/netty-tcnative-boringssl-static-2.0.54.Final-osx-x86_64.jar:/home/runner/.m2/repository/io/netty/netty-tcnative-boringssl-static/2.0.54.Final/netty-tcnative-boringssl-static-2.0.54.Final-osx-aarch_64.jar:/home/runner/.m2/repository/io/netty/netty-tcnative-boringssl-static/2.0.54.Final/netty-tcnative-boringssl-static-2.0.54.Final-windows-x86_64.jar:/home/runner/.m2/repository/org/apache/commons/commons-compress/1.21/commons-compress-1.21.jar:/home/runner/.m2/repository/org/apache/ozone/hdds-common/1.4.0-SNAPSHOT/hdds-common-1.4.0-SNAPSHOT.jar:/home/runner/.m2/repository/org/apache/ozone/hdds-client/1.4.0-SNAPSHOT/hdds-client-1.4.0-SNAPSHOT.jar:/home/runner/.m2/repository/org/apache/ozone/ozone-interface-client/1.4.0-SNAPSHOT/ozone-interface-client-1.4.0-SNAPSHOT.jar:/home/runner/.m2/repository/org/apache/ozone/hdds-test-utils/1.4.0-SNAPSHOT/hdds-test-utils-1.4.0-SNAPSHOT.jar:/home/runner/.m2/repository/com/google/guava/guava/31.1-jre/guava-31.1-jre.jar:/home/runner/.m2/repository/com/google/guava/failureaccess/1.0.1/failureaccess-1.0.1.jar:/home/runner/.m2/repository/com/google/guava/listenablefuture/9999.0-empty-to-avoid-conflict-with-guava/listenablefuture-9999.0-empty-to-avoid-conflict-with-guava.jar:/home/runner/.m2/repository/com/google/code/findbugs/jsr305/3.0.0/jsr305-3.0.0.jar:/home/runner/.m2/repository/org/checkerframework/checker-qual/3.12.0/checker-qual-3.12.0.jar:/home/runner/.m2/repository/com/google/j2objc/j2objc-annotations/1.3/j2objc-annotations-1.3.jar:/home/runner/.m2/repository/commons-io/commons-io/2.11.0/commons-io-2.11.0.jar:/home/runner/.m2/repository/commons-logging/commons-logging/1.2/commons-logging-1.2.jar:/home/runner/.m2/repository/ch/qos/reload4j/reload4j/1.2.22/reload4j-1.2.22.jar:/home/runner/.m2/repository/org/slf4j/slf4j-api/1.7.36/slf4j-api-1.7.36.jar:/home/runner/.m2/repository/org/apache/ozone/hdds-server-scm/1.4.0-SNAPSHOT/hdds-server-scm-1.4.0-SNAPSHOT.jar:/home/runner/.m2/repository/org/apache/ozone/hdds-container-service/1.4.0-SNAPSHOT/hdds-container-service-1.4.0-SNAPSHOT.jar:/home/runner/.m2/repository/org/apache/ozone/hdds-hadoop-dependency-server/1.4.0-SNAPSHOT/hdds-hadoop-dependency-server-1.4.0-SNAPSHOT.jar:/home/runner/.m2/repository/org/apache/hadoop/hadoop-hdfs/3.3.5/hadoop-hdfs-3.3.5.jar:/home/runner/.m2/repository/commons-daemon/commons-daemon/1.0.13/commons-daemon-1.0.13.jar:/home/runner/.m2/repository/org/apache/ozone/hdds-server-framework/1.4.0-SNAPSHOT/hdds-server-framework-1.4.0-SNAPSHOT.jar:/home/runner/.m2/repository/io/dropwizard/metrics/metrics-core/3.2.4/metrics-core-3.2.4.jar:/home/runner/.m2/repository/org/apache/commons/commons-text/1.4/commons-text-1.4.jar:/home/runner/.m2/repository/org/apache/hadoop/hadoop-hdfs-client/3.3.5/hadoop-hdfs-client-3.3.5.jar:/home/runner/.m2/repository/com/squareup/okhttp3/okhttp/4.9.3/okhttp-4.9.3.jar:/home/runner/.m2/repository/com/squareup/okio/okio/2.8.0/okio-2.8.0.jar:/home/runner/.m2/repository/org/jetbrains/kotlin/kotlin-stdlib-common/1.6.21/kotlin-stdlib-common-1.6.21.jar:/home/runner/.m2/repository/org/bouncycastle/bcprov-jdk15on/1.67/bcprov-jdk15on-1.67.jar:/home/runner/.m2/repository/com/google/protobuf/protobuf-java/2.5.0/protobuf-java-2.5.0.jar:/home/runner/.m2/repository/org/apache/ozone/hdds-server-framework/1.4.0-SNAPSHOT/hdds-server-framework-1.4.0-SNAPSHOT-tests.jar:/home/runner/.m2/repository/org/apache/ozone/hdds-interface-server/1.4.0-SNAPSHOT/hdds-interface-server-1.4.0-SNAPSHOT.jar:/home/runner/.m2/repository/org/apache/ozone/hdds-interface-admin/1.4.0-SNAPSHOT/hdds-interface-admin-1.4.0-SNAPSHOT.jar:/home/runner/.m2/repository/org/apache/ozone/hdds-managed-rocksdb/1.4.0-SNAPSHOT/hdds-managed-rocksdb-1.4.0-SNAPSHOT.jar:/home/runner/.m2/repository/org/rocksdb/rocksdbjni/7.7.3/rocksdbjni-7.7.3.jar:/home/runner/.m2/repository/org/slf4j/slf4j-reload4j/1.7.36/slf4j-reload4j-1.7.36.jar:/home/runner/.m2/repository/org/apache/commons/commons-configuration2/2.1.1/commons-configuration2-2.1.1.jar:/home/runner/.m2/repository/org/apache/logging/log4j/log4j-core/2.17.1/log4j-core-2.17.1.jar:/home/runner/.m2/repository/com/lmax/disruptor/3.4.2/disruptor-3.4.2.jar:/home/runner/.m2/repository/org/eclipse/jetty/jetty-util/9.4.49.v20220914/jetty-util-9.4.49.v20220914.jar:/home/runner/.m2/repository/org/eclipse/jetty/jetty-server/9.4.49.v20220914/jetty-server-9.4.49.v20220914.jar:/home/runner/.m2/repository/org/eclipse/jetty/jetty-http/9.4.49.v20220914/jetty-http-9.4.49.v20220914.jar:/home/runner/.m2/repository/org/eclipse/jetty/jetty-io/9.4.49.v20220914/jetty-io-9.4.49.v20220914.jar:/home/runner/.m2/repository/org/eclipse/jetty/jetty-servlet/9.4.49.v20220914/jetty-servlet-9.4.49.v20220914.jar:/home/runner/.m2/repository/org/eclipse/jetty/jetty-security/9.4.49.v20220914/jetty-security-9.4.49.v20220914.jar:/home/runner/.m2/repository/org/eclipse/jetty/jetty-util-ajax/9.4.49.v20220914/jetty-util-ajax-9.4.49.v20220914.jar:/home/runner/.m2/repository/org/eclipse/jetty/jetty-webapp/9.4.49.v20220914/jetty-webapp-9.4.49.v20220914.jar:/home/runner/.m2/repository/org/eclipse/jetty/jetty-xml/9.4.49.v20220914/jetty-xml-9.4.49.v20220914.jar:/home/runner/.m2/repository/org/apache/ratis/ratis-server/2.4.2-8b8bdda-SNAPSHOT/ratis-server-2.4.2-8b8bdda-SNAPSHOT.jar:/home/runner/.m2/repository/org/apache/ratis/ratis-thirdparty-misc/1.0.3/ratis-thirdparty-misc-1.0.3.jar:/home/runner/.m2/repository/org/apache/ratis/ratis-proto/2.4.2-8b8bdda-SNAPSHOT/ratis-proto-2.4.2-8b8bdda-SNAPSHOT.jar:/home/runner/.m2/repository/org/apache/ratis/ratis-common/2.4.2-8b8bdda-SNAPSHOT/ratis-common-2.4.2-8b8bdda-SNAPSHOT.jar:/home/runner/.m2/repository/org/apache/ratis/ratis-client/2.4.2-8b8bdda-SNAPSHOT/ratis-client-2.4.2-8b8bdda-SNAPSHOT.jar:/home/runner/.m2/repository/org/apache/ratis/ratis-server-api/2.4.2-8b8bdda-SNAPSHOT/ratis-server-api-2.4.2-8b8bdda-SNAPSHOT.jar:/home/runner/.m2/repository/org/apache/ratis/ratis-metrics/2.4.2-8b8bdda-SNAPSHOT/ratis-metrics-2.4.2-8b8bdda-SNAPSHOT.jar:/home/runner/.m2/repository/io/prometheus/simpleclient_dropwizard/0.7.0/simpleclient_dropwizard-0.7.0.jar:/home/runner/.m2/repository/io/prometheus/simpleclient/0.7.0/simpleclient-0.7.0.jar:/home/runner/.m2/repository/io/prometheus/simpleclient_common/0.7.0/simpleclient_common-0.7.0.jar:/home/runner/.m2/repository/com/fasterxml/jackson/datatype/jackson-datatype-jsr310/2.13.4/jackson-datatype-jsr310-2.13.4.jar:/home/runner/.m2/repository/com/fasterxml/jackson/core/jackson-core/2.13.4/jackson-core-2.13.4.jar:/home/runner/.m2/repository/com/github/spotbugs/spotbugs-annotations/3.1.12/spotbugs-annotations-3.1.12.jar:/home/runner/.m2/repository/org/apache/ozone/rocksdb-checkpoint-differ/1.4.0-SNAPSHOT/rocksdb-checkpoint-differ-1.4.0-SNAPSHOT.jar:/home/runner/.m2/repository/org/awaitility/awaitility/4.2.0/awaitility-4.2.0.jar:/home/runner/.m2/repository/org/hamcrest/hamcrest/2.1/hamcrest-2.1.jar:/home/runner/.m2/repository/org/apache/ozone/ozone-manager/1.4.0-SNAPSHOT/ozone-manager-1.4.0-SNAPSHOT.jar:/home/runner/.m2/repository/org/aspectj/aspectjrt/1.9.7/aspectjrt-1.9.7.jar:/home/runner/.m2/repository/org/aspectj/aspectjweaver/1.9.7/aspectjweaver-1.9.7.jar:/home/runner/.m2/repository/org/apache/ozone/hdds-interface-client/1.4.0-SNAPSHOT/hdds-interface-client-1.4.0-SNAPSHOT.jar:/home/runner/.m2/repository/org/apache/hadoop/thirdparty/hadoop-shaded-protobuf_3_7/1.1.1/hadoop-shaded-protobuf_3_7-1.1.1.jar:/home/runner/.m2/repository/org/apache/ozone/ozone-interface-storage/1.4.0-SNAPSHOT/ozone-interface-storage-1.4.0-SNAPSHOT.jar:/home/runner/.m2/repository/org/reflections/reflections/0.9.11/reflections-0.9.11.jar:/home/runner/.m2/repository/com/sun/jersey/jersey-client/1.19/jersey-client-1.19.jar:/home/runner/.m2/repository/org/codehaus/jackson/jackson-core-asl/1.9.13/jackson-core-asl-1.9.13.jar:/home/runner/.m2/repository/org/codehaus/jackson/jackson-mapper-asl/1.9.13/jackson-mapper-asl-1.9.13.jar:/home/runner/.m2/repository/org/codehaus/jackson/jackson-jaxrs/1.9.13/jackson-jaxrs-1.9.13.jar:/home/runner/.m2/repository/org/apache/ranger/ranger-intg/2.3.0/ranger-intg-2.3.0.jar:/home/runner/.m2/repository/org/apache/ranger/ranger-plugins-common/2.3.0/ranger-plugins-common-2.3.0.jar:/home/runner/.m2/repository/commons-lang/commons-lang/2.6/commons-lang-2.6.jar:/home/runner/.m2/repository/org/apache/ranger/ranger-plugins-cred/2.3.0/ranger-plugins-cred-2.3.0.jar:/home/runner/.m2/repository/org/apache/ranger/ranger-plugins-audit/2.3.0/ranger-plugins-audit-2.3.0.jar:/home/runner/.m2/repository/org/eclipse/jetty/jetty-client/9.4.49.v20220914/jetty-client-9.4.49.v20220914.jar:/home/runner/.m2/repository/org/apache/httpcomponents/httpmime/4.5.6/httpmime-4.5.6.jar:/home/runner/.m2/repository/org/apache/httpcomponents/httpcore-nio/4.4.13/httpcore-nio-4.4.13.jar:/home/runner/.m2/repository/org/apache/httpcomponents/httpasyncclient/4.1.3/httpasyncclient-4.1.3.jar:/home/runner/.m2/repository/com/carrotsearch/hppc/0.8.0/hppc-0.8.0.jar:/home/runner/.m2/repository/org/apache/orc/orc-core/1.5.8/orc-core-1.5.8.jar:/home/runner/.m2/repository/net/java/dev/jna/jna/5.2.0/jna-5.2.0.jar:/home/runner/.m2/repository/net/java/dev/jna/jna-platform/5.2.0/jna-platform-5.2.0.jar:/home/runner/.m2/repository/com/kstruct/gethostname4j/0.0.2/gethostname4j-0.0.2.jar:/home/runner/.m2/repository/org/apache/ranger/ranger-plugin-classloader/2.3.0/ranger-plugin-classloader-2.3.0.jar:/home/runner/.m2/repository/org/apache/ozone/hdds-rocks-native/1.4.0-SNAPSHOT/hdds-rocks-native-1.4.0-SNAPSHOT.jar:/home/runner/.m2/repository/org/apache/hadoop/hadoop-minikdc/3.3.5/hadoop-minikdc-3.3.5.jar:/home/runner/.m2/repository/org/apache/kerby/kerb-simplekdc/1.0.1/kerb-simplekdc-1.0.1.jar:/home/runner/.m2/repository/org/apache/kerby/kerb-client/1.0.1/kerb-client-1.0.1.jar:/home/runner/.m2/repository/org/apache/kerby/kerby-config/1.0.1/kerby-config-1.0.1.jar:/home/runner/.m2/repository/org/apache/kerby/kerb-common/1.0.1/kerb-common-1.0.1.jar:/home/runner/.m2/repository/org/apache/kerby/kerb-crypto/1.0.1/kerb-crypto-1.0.1.jar:/home/runner/.m2/repository/org/apache/kerby/kerb-util/1.0.1/kerb-util-1.0.1.jar:/home/runner/.m2/repository/org/apache/kerby/token-provider/1.0.1/token-provider-1.0.1.jar:/home/runner/.m2/repository/org/apache/kerby/kerb-admin/1.0.1/kerb-admin-1.0.1.jar:/home/runner/.m2/repository/org/apache/kerby/kerb-server/1.0.1/kerb-server-1.0.1.jar:/home/runner/.m2/repository/org/apache/kerby/kerb-identity/1.0.1/kerb-identity-1.0.1.jar:/home/runner/.m2/repository/org/apache/kerby/kerby-xdr/1.0.1/kerby-xdr-1.0.1.jar:/home/runner/.m2/repository/org/apache/ozone/ozone-s3gateway/1.4.0-SNAPSHOT/ozone-s3gateway-1.4.0-SNAPSHOT.jar:/home/runner/.m2/repository/org/javassist/javassist/3.21.0-GA/javassist-3.21.0-GA.jar:/home/runner/.m2/repository/org/jboss/weld/servlet/weld-servlet-shaded/3.1.9.Final/weld-servlet-shaded-3.1.9.Final.jar:/home/runner/.m2/repository/org/glassfish/jersey/containers/jersey-container-servlet-core/2.34/jersey-container-servlet-core-2.34.jar:/home/runner/.m2/repository/org/glassfish/hk2/external/jakarta.inject/2.6.1/jakarta.inject-2.6.1.jar:/home/runner/.m2/repository/org/glassfish/jersey/core/jersey-common/2.34/jersey-common-2.34.jar:/home/runner/.m2/repository/jakarta/ws/rs/jakarta.ws.rs-api/2.1.6/jakarta.ws.rs-api-2.1.6.jar:/home/runner/.m2/repository/org/glassfish/jersey/ext/cdi/jersey-cdi1x/2.34/jersey-cdi1x-2.34.jar:/home/runner/.m2/repository/org/glassfish/jersey/inject/jersey-hk2/2.34/jersey-hk2-2.34.jar:/home/runner/.m2/repository/org/glassfish/hk2/hk2-locator/2.6.1/hk2-locator-2.6.1.jar:/home/runner/.m2/repository/org/glassfish/jersey/media/jersey-media-jaxb/2.34/jersey-media-jaxb-2.34.jar:/home/runner/.m2/repository/org/glassfish/hk2/osgi-resource-locator/1.0.3/osgi-resource-locator-1.0.3.jar:/home/runner/.m2/repository/org/glassfish/hk2/hk2-api/2.5.0/hk2-api-2.5.0.jar:/home/runner/.m2/repository/org/glassfish/hk2/hk2-utils/2.5.0/hk2-utils-2.5.0.jar:/home/runner/.m2/repository/org/glassfish/hk2/external/aopalliance-repackaged/2.5.0/aopalliance-repackaged-2.5.0.jar:/home/runner/.m2/repository/com/fasterxml/jackson/dataformat/jackson-dataformat-xml/2.13.4/jackson-dataformat-xml-2.13.4.jar:/home/runner/.m2/repository/org/codehaus/woodstox/stax2-api/4.2.1/stax2-api-4.2.1.jar:/home/runner/.m2/repository/com/fasterxml/woodstox/woodstox-core/5.4.0/woodstox-core-5.4.0.jar:/home/runner/.m2/repository/com/fasterxml/jackson/module/jackson-module-jaxb-annotations/2.13.4/jackson-module-jaxb-annotations-2.13.4.jar:/home/runner/.m2/repository/jakarta/xml/bind/jakarta.xml.bind-api/2.3.3/jakarta.xml.bind-api-2.3.3.jar:/home/runner/.m2/repository/jakarta/activation/jakarta.activation-api/1.2.2/jakarta.activation-api-1.2.2.jar:/home/runner/.m2/repository/javax/enterprise/cdi-api/2.0/cdi-api-2.0.jar:/home/runner/.m2/repository/javax/el/javax.el-api/3.0.0/javax.el-api-3.0.0.jar:/home/runner/.m2/repository/javax/interceptor/javax.interceptor-api/1.2/javax.interceptor-api-1.2.jar:/home/runner/.m2/repository/javax/inject/javax.inject/1/javax.inject-1.jar:/home/runner/.m2/repository/javax/xml/bind/jaxb-api/2.3.0/jaxb-api-2.3.0.jar:/home/runner/.m2/repository/org/glassfish/jaxb/jaxb-runtime/2.3.0.1/jaxb-runtime-2.3.0.1.jar:/home/runner/.m2/repository/org/glassfish/jaxb/jaxb-core/2.3.0.1/jaxb-core-2.3.0.1.jar:/home/runner/.m2/repository/org/glassfish/jaxb/txw2/2.3.0.1/txw2-2.3.0.1.jar:/home/runner/.m2/repository/com/sun/istack/istack-commons-runtime/3.0.5/istack-commons-runtime-3.0.5.jar:/home/runner/.m2/repository/org/jvnet/staxex/stax-ex/1.7.8/stax-ex-1.7.8.jar:/home/runner/.m2/repository/com/sun/xml/fastinfoset/FastInfoset/1.2.13/FastInfoset-1.2.13.jar:/home/runner/.m2/repository/javax/activation/activation/1.1.1/activation-1.1.1.jar:/home/runner/.m2/repository/io/grpc/grpc-protobuf/1.51.1/grpc-protobuf-1.51.1.jar:/home/runner/.m2/repository/io/grpc/grpc-api/1.51.1/grpc-api-1.51.1.jar:/home/runner/.m2/repository/io/grpc/grpc-context/1.51.1/grpc-context-1.51.1.jar:/home/runner/.m2/repository/com/google/api/grpc/proto-google-common-protos/2.9.0/proto-google-common-protos-2.9.0.jar:/home/runner/.m2/repository/io/grpc/grpc-protobuf-lite/1.51.1/grpc-protobuf-lite-1.51.1.jar:/home/runner/.m2/repository/io/grpc/grpc-stub/1.51.1/grpc-stub-1.51.1.jar:/home/runner/.m2/repository/io/netty/netty-transport/4.1.86.Final/netty-transport-4.1.86.Final.jar:/home/runner/.m2/repository/io/netty/netty-resolver/4.1.86.Final/netty-resolver-4.1.86.Final.jar:/home/runner/.m2/repository/org/apache/ozone/ozone-csi/1.4.0-SNAPSHOT/ozone-csi-1.4.0-SNAPSHOT.jar:/home/runner/.m2/repository/com/google/protobuf/protobuf-java-util/3.19.6/protobuf-java-util-3.19.6.jar:/home/runner/.m2/repository/com/google/code/gson/gson/2.9.0/gson-2.9.0.jar:/home/runner/.m2/repository/org/apache/ozone/hdds-config/1.4.0-SNAPSHOT/hdds-config-1.4.0-SNAPSHOT.jar:/home/runner/.m2/repository/io/netty/netty-transport-native-epoll/4.1.86.Final/netty-transport-native-epoll-4.1.86.Final-linux-x86_64.jar:/home/runner/.m2/repository/io/netty/netty-transport-classes-epoll/4.1.86.Final/netty-transport-classes-epoll-4.1.86.Final.jar:/home/runner/.m2/repository/io/netty/netty-transport-native-unix-common/4.1.86.Final/netty-transport-native-unix-common-4.1.86.Final.jar:/home/runner/.m2/repository/org/apache/ozone/ozone-recon/1.4.0-SNAPSHOT/ozone-recon-1.4.0-SNAPSHOT.jar:/home/runner/.m2/repository/org/apache/ozone/ozone-reconcodegen/1.4.0-SNAPSHOT/ozone-reconcodegen-1.4.0-SNAPSHOT.jar:/home/runner/.m2/repository/com/google/inject/guice/5.1.0/guice-5.1.0.jar:/home/runner/.m2/repository/aopalliance/aopalliance/1.0/aopalliance-1.0.jar:/home/runner/.m2/repository/com/google/inject/extensions/guice-assistedinject/5.1.0/guice-assistedinject-5.1.0.jar:/home/runner/.m2/repository/com/google/inject/extensions/guice-servlet/5.1.0/guice-servlet-5.1.0.jar:/home/runner/.m2/repository/org/glassfish/jersey/containers/jersey-container-servlet/2.34/jersey-container-servlet-2.34.jar:/home/runner/.m2/repository/org/glassfish/hk2/guice-bridge/2.5.0/guice-bridge-2.5.0.jar:/home/runner/.m2/repository/org/glassfish/jersey/core/jersey-server/2.34/jersey-server-2.34.jar:/home/runner/.m2/repository/org/glassfish/jersey/core/jersey-client/2.34/jersey-client-2.34.jar:/home/runner/.m2/repository/jakarta/annotation/jakarta.annotation-api/1.3.5/jakarta.annotation-api-1.3.5.jar:/home/runner/.m2/repository/jakarta/validation/jakarta.validation-api/2.0.2/jakarta.validation-api-2.0.2.jar:/home/runner/.m2/repository/org/glassfish/jersey/media/jersey-media-json-jackson/2.34/jersey-media-json-jackson-2.34.jar:/home/runner/.m2/repository/org/glassfish/jersey/ext/jersey-entity-filtering/2.34/jersey-entity-filtering-2.34.jar:/home/runner/.m2/repository/org/jooq/jooq/3.11.10/jooq-3.11.10.jar:/home/runner/.m2/repository/org/jooq/jooq-meta/3.11.10/jooq-meta-3.11.10.jar:/home/runner/.m2/repository/org/jooq/jooq-codegen/3.11.10/jooq-codegen-3.11.10.jar:/home/runner/.m2/repository/com/jolbox/bonecp/0.8.0.RELEASE/bonecp-0.8.0.RELEASE.jar:/home/runner/.m2/repository/org/apache/derby/derby/10.14.2.0/derby-10.14.2.0.jar:/home/runner/.m2/repository/org/xerial/sqlite-jdbc/3.25.2/sqlite-jdbc-3.25.2.jar:/home/runner/.m2/repository/org/springframework/spring-jdbc/5.3.26/spring-jdbc-5.3.26.jar:/home/runner/.m2/repository/org/springframework/spring-beans/5.3.26/spring-beans-5.3.26.jar:/home/runner/.m2/repository/org/springframework/spring-core/5.3.26/spring-core-5.3.26.jar:/home/runner/.m2/repository/org/springframework/spring-tx/5.3.26/spring-tx-5.3.26.jar:/home/runner/.m2/repository/org/apache/ozone/ozone-client/1.4.0-SNAPSHOT/ozone-client-1.4.0-SNAPSHOT.jar:/home/runner/.m2/repository/org/apache/ozone/hdds-erasurecode/1.4.0-SNAPSHOT/hdds-erasurecode-1.4.0-SNAPSHOT.jar:/home/runner/.m2/repository/org/apache/ozone/ozone-filesystem/1.4.0-SNAPSHOT/ozone-filesystem-1.4.0-SNAPSHOT.jar:/home/runner/.m2/repository/org/apache/ozone/ozone-filesystem-common/1.4.0-SNAPSHOT/ozone-filesystem-common-1.4.0-SNAPSHOT.jar:/home/runner/.m2/repository/org/apache/ozone/ozone-tools/1.4.0-SNAPSHOT/ozone-tools-1.4.0-SNAPSHOT.jar:/home/runner/.m2/repository/com/amazonaws/aws-java-sdk-core/1.12.261/aws-java-sdk-core-1.12.261.jar:/home/runner/.m2/repository/org/apache/httpcomponents/httpclient/4.5.13/httpclient-4.5.13.jar:/home/runner/.m2/repository/org/apache/httpcomponents/httpcore/4.4.13/httpcore-4.4.13.jar:/home/runner/.m2/repository/software/amazon/ion/ion-java/1.0.2/ion-java-1.0.2.jar:/home/runner/.m2/repository/com/fasterxml/jackson/dataformat/jackson-dataformat-cbor/2.13.4/jackson-dataformat-cbor-2.13.4.jar:/home/runner/.m2/repository/joda-time/joda-time/2.10.6/joda-time-2.10.6.jar:/home/runner/.m2/repository/com/amazonaws/aws-java-sdk-s3/1.12.261/aws-java-sdk-s3-1.12.261.jar:/home/runner/.m2/repository/com/amazonaws/aws-java-sdk-kms/1.12.261/aws-java-sdk-kms-1.12.261.jar:/home/runner/.m2/repository/com/amazonaws/jmespath-java/1.12.261/jmespath-java-1.12.261.jar:/home/runner/.m2/repository/org/kohsuke/metainf-services/metainf-services/1.8/metainf-services-1.8.jar:/home/runner/.m2/repository/org/apache/ozone/hdds-tools/1.4.0-SNAPSHOT/hdds-tools-1.4.0-SNAPSHOT.jar:/home/runner/.m2/repository/org/apache/ratis/ratis-tools/2.4.2-8b8bdda-SNAPSHOT/ratis-tools-2.4.2-8b8bdda-SNAPSHOT.jar:/home/runner/.m2/repository/commons-cli/commons-cli/1.2/commons-cli-1.2.jar:/home/runner/.m2/repository/org/apache/commons/commons-lang3/3.7/commons-lang3-3.7.jar:/home/runner/.m2/repository/org/apache/ozone/ozone-manager/1.4.0-SNAPSHOT/ozone-manager-1.4.0-SNAPSHOT-tests.jar:/home/runner/.m2/repository/org/apache/ozone/hdds-common/1.4.0-SNAPSHOT/hdds-common-1.4.0-SNAPSHOT-tests.jar:/home/runner/.m2/repository/org/apache/ozone/hdds-hadoop-dependency-client/1.4.0-SNAPSHOT/hdds-hadoop-dependency-client-1.4.0-SNAPSHOT.jar:/home/runner/.m2/repository/info/picocli/picocli/4.6.1/picocli-4.6.1.jar:/home/runner/.m2/repository/com/fasterxml/jackson/core/jackson-annotations/2.13.4/jackson-annotations-2.13.4.jar:/home/runner/.m2/repository/org/apache/ozone/hdds-annotation-processing/1.4.0-SNAPSHOT/hdds-annotation-processing-1.4.0-SNAPSHOT.jar:/home/runner/.m2/repository/javax/annotation/javax.annotation-api/1.2/javax.annotation-api-1.2.jar:/home/runner/.m2/repository/org/apache/ratis/ratis-netty/2.4.2-8b8bdda-SNAPSHOT/ratis-netty-2.4.2-8b8bdda-SNAPSHOT.jar:/home/runner/.m2/repository/org/apache/ratis/ratis-grpc/2.4.2-8b8bdda-SNAPSHOT/ratis-grpc-2.4.2-8b8bdda-SNAPSHOT.jar:/home/runner/.m2/repository/org/apache/logging/log4j/log4j-api/2.17.1/log4j-api-2.17.1.jar:/home/runner/.m2/repository/org/apache/commons/commons-pool2/2.6.0/commons-pool2-2.6.0.jar:/home/runner/.m2/repository/org/bouncycastle/bcpkix-jdk15on/1.67/bcpkix-jdk15on-1.67.jar:/home/runner/.m2/repository/commons-validator/commons-validator/1.6/commons-validator-1.6.jar:/home/runner/.m2/repository/commons-beanutils/commons-beanutils/1.9.4/commons-beanutils-1.9.4.jar:/home/runner/.m2/repository/commons-digester/commons-digester/1.8.1/commons-digester-1.8.1.jar:/home/runner/.m2/repository/commons-collections/commons-collections/3.2.2/commons-collections-3.2.2.jar:/home/runner/.m2/repository/io/jaegertracing/jaeger-client/1.6.0/jaeger-client-1.6.0.jar:/home/runner/.m2/repository/io/jaegertracing/jaeger-thrift/1.6.0/jaeger-thrift-1.6.0.jar:/home/runner/.m2/repository/org/apache/thrift/libthrift/0.14.1/libthrift-0.14.1.jar:/home/runner/.m2/repository/io/jaegertracing/jaeger-core/1.6.0/jaeger-core-1.6.0.jar:/home/runner/.m2/repository/io/jaegertracing/jaeger-tracerresolver/1.6.0/jaeger-tracerresolver-1.6.0.jar:/home/runner/.m2/repository/io/opentracing/contrib/opentracing-tracerresolver/0.1.8/opentracing-tracerresolver-0.1.8.jar:/home/runner/.m2/repository/org/jetbrains/kotlin/kotlin-stdlib/1.6.21/kotlin-stdlib-1.6.21.jar:/home/runner/.m2/repository/org/jetbrains/annotations/13.0/annotations-13.0.jar:/home/runner/.m2/repository/io/opentracing/opentracing-util/0.33.0/opentracing-util-0.33.0.jar:/home/runner/.m2/repository/io/opentracing/opentracing-api/0.33.0/opentracing-api-0.33.0.jar:/home/runner/.m2/repository/io/opentracing/opentracing-noop/0.33.0/opentracing-noop-0.33.0.jar:/home/runner/.m2/repository/org/yaml/snakeyaml/2.0/snakeyaml-2.0.jar:/home/runner/.m2/repository/junit/junit/4.13.1/junit-4.13.1.jar:/home/runner/.m2/repository/org/hamcrest/hamcrest-core/1.3/hamcrest-core-1.3.jar:/home/runner/.m2/repository/org/junit/jupiter/junit-jupiter-api/5.8.2/junit-jupiter-api-5.8.2.jar:/home/runner/.m2/repository/org/opentest4j/opentest4j/1.2.0/opentest4j-1.2.0.jar:/home/runner/.m2/repository/org/junit/platform/junit-platform-commons/1.8.2/junit-platform-commons-1.8.2.jar:/home/runner/.m2/repository/org/apiguardian/apiguardian-api/1.1.2/apiguardian-api-1.1.2.jar:/home/runner/.m2/repository/org/junit/jupiter/junit-jupiter-params/5.8.2/junit-jupiter-params-5.8.2.jar:/home/runner/.m2/repository/org/junit/jupiter/junit-jupiter-migrationsupport/5.8.2/junit-jupiter-migrationsupport-5.8.2.jar:/home/runner/.m2/repository/org/junit/jupiter/junit-jupiter-engine/5.8.2/junit-jupiter-engine-5.8.2.jar:/home/runner/.m2/repository/org/junit/platform/junit-platform-engine/1.8.2/junit-platform-engine-1.8.2.jar:/home/runner/.m2/repository/org/junit/vintage/junit-vintage-engine/5.8.2/junit-vintage-engine-5.8.2.jar:/home/runner/.m2/repository/org/junit/platform/junit-platform-launcher/1.8.2/junit-platform-launcher-1.8.2.jar:/home/runner/.m2/repository/org/mockito/mockito-core/2.28.2/mockito-core-2.28.2.jar:/home/runner/.m2/repository/net/bytebuddy/byte-buddy/1.9.10/byte-buddy-1.9.10.jar:/home/runner/.m2/repository/net/bytebuddy/byte-buddy-agent/1.9.10/byte-buddy-agent-1.9.10.jar:/home/runner/.m2/repository/org/objenesis/objenesis/1.0/objenesis-1.0.jar:/home/runner/.m2/repository/org/apache/hadoop/hadoop-kms/3.3.5/hadoop-kms-3.3.5.jar:/home/runner/.m2/repository/org/apache/hadoop/hadoop-auth/3.3.5/hadoop-auth-3.3.5.jar:/home/runner/.m2/repository/com/nimbusds/nimbus-jose-jwt/9.8.1/nimbus-jose-jwt-9.8.1.jar:/home/runner/.m2/repository/com/github/stephenc/jcip/jcip-annotations/1.0-1/jcip-annotations-1.0-1.jar:/home/runner/.m2/repository/net/minidev/json-smart/2.4.7/json-smart-2.4.7.jar:/home/runner/.m2/repository/net/minidev/accessors-smart/2.4.7/accessors-smart-2.4.7.jar:/home/runner/.m2/repository/org/ow2/asm/asm/5.0.4/asm-5.0.4.jar:/home/runner/.m2/repository/org/apache/zookeeper/zookeeper/3.5.6/zookeeper-3.5.6.jar:/home/runner/.m2/repository/org/apache/zookeeper/zookeeper-jute/3.5.6/zookeeper-jute-3.5.6.jar:/home/runner/.m2/repository/org/apache/yetus/audience-annotations/0.5.0/audience-annotations-0.5.0.jar:/home/runner/.m2/repository/org/apache/curator/curator-framework/4.2.0/curator-framework-4.2.0.jar:/home/runner/.m2/repository/org/apache/hadoop/thirdparty/hadoop-shaded-guava/1.1.1/hadoop-shaded-guava-1.1.1.jar:/home/runner/.m2/repository/com/sun/jersey/jersey-core/1.19/jersey-core-1.19.jar:/home/runner/.m2/repository/javax/ws/rs/jsr311-api/1.1.1/jsr311-api-1.1.1.jar:/home/runner/.m2/repository/com/sun/jersey/jersey-server/1.19/jersey-server-1.19.jar:/home/runner/.m2/repository/javax/servlet/javax.servlet-api/3.1.0/javax.servlet-api-3.1.0.jar:/home/runner/.m2/repository/org/apache/hadoop/hadoop-common/3.3.5/hadoop-common-3.3.5.jar:/home/runner/.m2/repository/org/apache/commons/commons-math3/3.1.1/commons-math3-3.1.1.jar:/home/runner/.m2/repository/commons-net/commons-net/3.9.0/commons-net-3.9.0.jar:/home/runner/.m2/repository/com/sun/jersey/jersey-servlet/1.19/jersey-servlet-1.19.jar:/home/runner/.m2/repository/com/github/pjfanning/jersey-json/1.20/jersey-json-1.20.jar:/home/runner/.m2/repository/org/codehaus/jettison/jettison/1.1/jettison-1.1.jar:/home/runner/.m2/repository/com/sun/xml/bind/jaxb-impl/2.2.3-1/jaxb-impl-2.2.3-1.jar:/home/runner/.m2/repository/com/google/re2j/re2j/1.1/re2j-1.1.jar:/home/runner/.m2/repository/com/jcraft/jsch/0.1.54/jsch-0.1.54.jar:/home/runner/.m2/repository/org/apache/curator/curator-client/4.2.0/curator-client-4.2.0.jar:/home/runner/.m2/repository/org/apache/curator/curator-recipes/4.2.0/curator-recipes-4.2.0.jar:/home/runner/.m2/repository/org/apache/kerby/kerb-core/1.0.1/kerb-core-1.0.1.jar:/home/runner/.m2/repository/org/apache/kerby/kerby-pkix/1.0.1/kerby-pkix-1.0.1.jar:/home/runner/.m2/repository/org/apache/kerby/kerby-asn1/1.0.1/kerby-asn1-1.0.1.jar:/home/runner/.m2/repository/org/apache/kerby/kerby-util/1.0.1/kerby-util-1.0.1.jar:/home/runner/.m2/repository/dnsjava/dnsjava/2.1.7/dnsjava-2.1.7.jar:/home/runner/.m2/repository/org/xerial/snappy/snappy-java/1.1.8.2/snappy-java-1.1.8.2.jar:/home/runner/.m2/repository/com/fasterxml/jackson/core/jackson-databind/2.13.4.2/jackson-databind-2.13.4.2.jar:/home/runner/.m2/repository/org/apache/hadoop/hadoop-kms/3.3.5/hadoop-kms-3.3.5-tests.jar:/home/runner/.m2/repository/org/apache/ozone/hdds-server-scm/1.4.0-SNAPSHOT/hdds-server-scm-1.4.0-SNAPSHOT-tests.jar:/home/runner/.m2/repository/org/apache/ozone/hdds-container-service/1.4.0-SNAPSHOT/hdds-container-service-1.4.0-SNAPSHOT-tests.jar:/home/runner/.m2/repository/com/github/luben/zstd-jni/1.5.2-5/zstd-jni-1.5.2-5.jar:/home/runner/.m2/repository/commons-codec/commons-codec/1.15/commons-codec-1.15.jar:/home/runner/.m2/repository/io/netty/netty-codec/4.1.86.Final/netty-codec-4.1.86.Final.jar:/home/runner/.m2/repository/io/netty/netty-handler/4.1.86.Final/netty-handler-4.1.86.Final.jar:/home/runner/.m2/repository/org/apache/ozone/hdds-hadoop-dependency-test/1.4.0-SNAPSHOT/hdds-hadoop-dependency-test-1.4.0-SNAPSHOT.jar:/home/runner/.m2/repository/org/apache/hadoop/hadoop-common/3.3.5/hadoop-common-3.3.5-tests.jar:/home/runner/.m2/repository/org/apache/hadoop/hadoop-hdfs/3.3.5/hadoop-hdfs-3.3.5-tests.jar:/home/runner/.m2/repository/org/assertj/assertj-core/3.12.2/assertj-core-3.12.2.jar:/home/runner/.m2/repository/org/apache/hadoop/hadoop-distcp/3.3.5/hadoop-distcp-3.3.5.jar:/home/runner/.m2/repository/org/apache/hadoop/hadoop-mapreduce-client-jobclient/3.3.5/hadoop-mapreduce-client-jobclient-3.3.5.jar:/home/runner/.m2/repository/org/apache/hadoop/hadoop-mapreduce-client-common/3.3.5/hadoop-mapreduce-client-common-3.3.5.jar:/home/runner/.m2/repository/org/apache/hadoop/hadoop-yarn-common/3.3.5/hadoop-yarn-common-3.3.5.jar:/home/runner/.m2/repository/org/apache/hadoop/hadoop-yarn-api/3.3.5/hadoop-yarn-api-3.3.5.jar:/home/runner/.m2/repository/com/sun/jersey/contribs/jersey-guice/1.19/jersey-guice-1.19.jar:/home/runner/.m2/repository/com/fasterxml/jackson/jaxrs/jackson-jaxrs-json-provider/2.13.4/jackson-jaxrs-json-provider-2.13.4.jar:/home/runner/.m2/repository/com/fasterxml/jackson/jaxrs/jackson-jaxrs-base/2.13.4/jackson-jaxrs-base-2.13.4.jar:/home/runner/.m2/repository/org/apache/hadoop/hadoop-yarn-client/3.3.5/hadoop-yarn-client-3.3.5.jar:/home/runner/.m2/repository/org/eclipse/jetty/websocket/websocket-client/9.4.48.v20220622/websocket-client-9.4.48.v20220622.jar:/home/runner/.m2/repository/org/eclipse/jetty/websocket/websocket-common/9.4.48.v20220622/websocket-common-9.4.48.v20220622.jar:/home/runner/.m2/repository/org/eclipse/jetty/websocket/websocket-api/9.4.48.v20220622/websocket-api-9.4.48.v20220622.jar:/home/runner/.m2/repository/org/jline/jline/3.9.0/jline-3.9.0.jar:/home/runner/.m2/repository/org/apache/hadoop/hadoop-mapreduce-client-core/3.3.5/hadoop-mapreduce-client-core-3.3.5.jar:/home/runner/.m2/repository/org/apache/avro/avro/1.7.7/avro-1.7.7.jar:/home/runner/.m2/repository/com/thoughtworks/paranamer/paranamer/2.3/paranamer-2.3.jar:/home/runner/.m2/repository/org/apache/hadoop/hadoop-annotations/3.3.5/hadoop-annotations-3.3.5.jar:/usr/lib/jvm/temurin-8-jdk-amd64/jre/../lib/tools.jar:/home/runner/.m2/repository/io/netty/netty/3.10.6.Final/netty-3.10.6.Final.jar:/home/runner/.m2/repository/org/apache/hadoop/hadoop-distcp/3.3.5/hadoop-distcp-3.3.5-tests.jar:/home/runner/.m2/repository/org/slf4j/jul-to-slf4j/1.7.36/jul-to-slf4j-1.7.36.jar:"/>
    <property name="java.vm.vendor" value="Temurin"/>
    <property name="sun.arch.data.model" value="64"/>
    <property name="test.build.dir" value="/home/runner/work/ozone/ozone/hadoop-ozone/integration-test/target/test-dir"/>
    <property name="test.cache.data" value=""/>
    <property name="java.vendor.url" value="https://adoptium.net/"/>
    <property name="user.timezone" value="Etc/UTC"/>
    <property name="java.vm.specification.version" value="1.8"/>
    <property name="os.name" value="Linux"/>
    <property name="test.build.data" value="/home/runner/work/ozone/ozone/hadoop-ozone/integration-test/target/test-dir"/>
    <property name="sun.java.launcher" value="SUN_STANDARD"/>
    <property name="sun.boot.library.path" value="/usr/lib/jvm/temurin-8-jdk-amd64/jre/lib/amd64"/>
    <property name="sun.java.command" value="/home/runner/work/ozone/ozone/hadoop-ozone/integration-test/target/surefire/surefirebooter3327682888420460467.jar /home/runner/work/ozone/ozone/hadoop-ozone/integration-test/target/surefire 2023-04-21T06-14-57_560-jvmRun1 surefire5545050871891227268tmp surefire_15182070109142646614tmp"/>
    <property name="surefire.test.class.path" value="/home/runner/work/ozone/ozone/hadoop-ozone/integration-test/target/test-classes:/home/runner/work/ozone/ozone/hadoop-ozone/integration-test/target/classes:/home/runner/.m2/repository/org/apache/ozone/ozone-common/1.4.0-SNAPSHOT/ozone-common-1.4.0-SNAPSHOT.jar:/home/runner/.m2/repository/io/grpc/grpc-netty/1.51.1/grpc-netty-1.51.1.jar:/home/runner/.m2/repository/io/grpc/grpc-core/1.51.1/grpc-core-1.51.1.jar:/home/runner/.m2/repository/com/google/android/annotations/4.1.1.4/annotations-4.1.1.4.jar:/home/runner/.m2/repository/org/codehaus/mojo/animal-sniffer-annotations/1.21/animal-sniffer-annotations-1.21.jar:/home/runner/.m2/repository/com/google/errorprone/error_prone_annotations/2.2.0/error_prone_annotations-2.2.0.jar:/home/runner/.m2/repository/io/perfmark/perfmark-api/0.25.0/perfmark-api-0.25.0.jar:/home/runner/.m2/repository/io/netty/netty-codec-http2/4.1.86.Final/netty-codec-http2-4.1.86.Final.jar:/home/runner/.m2/repository/io/netty/netty-common/4.1.86.Final/netty-common-4.1.86.Final.jar:/home/runner/.m2/repository/io/netty/netty-buffer/4.1.86.Final/netty-buffer-4.1.86.Final.jar:/home/runner/.m2/repository/io/netty/netty-codec-http/4.1.86.Final/netty-codec-http-4.1.86.Final.jar:/home/runner/.m2/repository/io/netty/netty-handler-proxy/4.1.86.Final/netty-handler-proxy-4.1.86.Final.jar:/home/runner/.m2/repository/io/netty/netty-codec-socks/4.1.86.Final/netty-codec-socks-4.1.86.Final.jar:/home/runner/.m2/repository/io/netty/netty-tcnative-boringssl-static/2.0.54.Final/netty-tcnative-boringssl-static-2.0.54.Final.jar:/home/runner/.m2/repository/io/netty/netty-tcnative-classes/2.0.54.Final/netty-tcnative-classes-2.0.54.Final.jar:/home/runner/.m2/repository/io/netty/netty-tcnative-boringssl-static/2.0.54.Final/netty-tcnative-boringssl-static-2.0.54.Final-linux-x86_64.jar:/home/runner/.m2/repository/io/netty/netty-tcnative-boringssl-static/2.0.54.Final/netty-tcnative-boringssl-static-2.0.54.Final-linux-aarch_64.jar:/home/runner/.m2/repository/io/netty/netty-tcnative-boringssl-static/2.0.54.Final/netty-tcnative-boringssl-static-2.0.54.Final-osx-x86_64.jar:/home/runner/.m2/repository/io/netty/netty-tcnative-boringssl-static/2.0.54.Final/netty-tcnative-boringssl-static-2.0.54.Final-osx-aarch_64.jar:/home/runner/.m2/repository/io/netty/netty-tcnative-boringssl-static/2.0.54.Final/netty-tcnative-boringssl-static-2.0.54.Final-windows-x86_64.jar:/home/runner/.m2/repository/org/apache/commons/commons-compress/1.21/commons-compress-1.21.jar:/home/runner/.m2/repository/org/apache/ozone/hdds-common/1.4.0-SNAPSHOT/hdds-common-1.4.0-SNAPSHOT.jar:/home/runner/.m2/repository/org/apache/ozone/hdds-client/1.4.0-SNAPSHOT/hdds-client-1.4.0-SNAPSHOT.jar:/home/runner/.m2/repository/org/apache/ozone/ozone-interface-client/1.4.0-SNAPSHOT/ozone-interface-client-1.4.0-SNAPSHOT.jar:/home/runner/.m2/repository/org/apache/ozone/hdds-test-utils/1.4.0-SNAPSHOT/hdds-test-utils-1.4.0-SNAPSHOT.jar:/home/runner/.m2/repository/com/google/guava/guava/31.1-jre/guava-31.1-jre.jar:/home/runner/.m2/repository/com/google/guava/failureaccess/1.0.1/failureaccess-1.0.1.jar:/home/runner/.m2/repository/com/google/guava/listenablefuture/9999.0-empty-to-avoid-conflict-with-guava/listenablefuture-9999.0-empty-to-avoid-conflict-with-guava.jar:/home/runner/.m2/repository/com/google/code/findbugs/jsr305/3.0.0/jsr305-3.0.0.jar:/home/runner/.m2/repository/org/checkerframework/checker-qual/3.12.0/checker-qual-3.12.0.jar:/home/runner/.m2/repository/com/google/j2objc/j2objc-annotations/1.3/j2objc-annotations-1.3.jar:/home/runner/.m2/repository/commons-io/commons-io/2.11.0/commons-io-2.11.0.jar:/home/runner/.m2/repository/commons-logging/commons-logging/1.2/commons-logging-1.2.jar:/home/runner/.m2/repository/ch/qos/reload4j/reload4j/1.2.22/reload4j-1.2.22.jar:/home/runner/.m2/repository/org/slf4j/slf4j-api/1.7.36/slf4j-api-1.7.36.jar:/home/runner/.m2/repository/org/apache/ozone/hdds-server-scm/1.4.0-SNAPSHOT/hdds-server-scm-1.4.0-SNAPSHOT.jar:/home/runner/.m2/repository/org/apache/ozone/hdds-container-service/1.4.0-SNAPSHOT/hdds-container-service-1.4.0-SNAPSHOT.jar:/home/runner/.m2/repository/org/apache/ozone/hdds-hadoop-dependency-server/1.4.0-SNAPSHOT/hdds-hadoop-dependency-server-1.4.0-SNAPSHOT.jar:/home/runner/.m2/repository/org/apache/hadoop/hadoop-hdfs/3.3.5/hadoop-hdfs-3.3.5.jar:/home/runner/.m2/repository/commons-daemon/commons-daemon/1.0.13/commons-daemon-1.0.13.jar:/home/runner/.m2/repository/org/apache/ozone/hdds-server-framework/1.4.0-SNAPSHOT/hdds-server-framework-1.4.0-SNAPSHOT.jar:/home/runner/.m2/repository/io/dropwizard/metrics/metrics-core/3.2.4/metrics-core-3.2.4.jar:/home/runner/.m2/repository/org/apache/commons/commons-text/1.4/commons-text-1.4.jar:/home/runner/.m2/repository/org/apache/hadoop/hadoop-hdfs-client/3.3.5/hadoop-hdfs-client-3.3.5.jar:/home/runner/.m2/repository/com/squareup/okhttp3/okhttp/4.9.3/okhttp-4.9.3.jar:/home/runner/.m2/repository/com/squareup/okio/okio/2.8.0/okio-2.8.0.jar:/home/runner/.m2/repository/org/jetbrains/kotlin/kotlin-stdlib-common/1.6.21/kotlin-stdlib-common-1.6.21.jar:/home/runner/.m2/repository/org/bouncycastle/bcprov-jdk15on/1.67/bcprov-jdk15on-1.67.jar:/home/runner/.m2/repository/com/google/protobuf/protobuf-java/2.5.0/protobuf-java-2.5.0.jar:/home/runner/.m2/repository/org/apache/ozone/hdds-server-framework/1.4.0-SNAPSHOT/hdds-server-framework-1.4.0-SNAPSHOT-tests.jar:/home/runner/.m2/repository/org/apache/ozone/hdds-interface-server/1.4.0-SNAPSHOT/hdds-interface-server-1.4.0-SNAPSHOT.jar:/home/runner/.m2/repository/org/apache/ozone/hdds-interface-admin/1.4.0-SNAPSHOT/hdds-interface-admin-1.4.0-SNAPSHOT.jar:/home/runner/.m2/repository/org/apache/ozone/hdds-managed-rocksdb/1.4.0-SNAPSHOT/hdds-managed-rocksdb-1.4.0-SNAPSHOT.jar:/home/runner/.m2/repository/org/rocksdb/rocksdbjni/7.7.3/rocksdbjni-7.7.3.jar:/home/runner/.m2/repository/org/slf4j/slf4j-reload4j/1.7.36/slf4j-reload4j-1.7.36.jar:/home/runner/.m2/repository/org/apache/commons/commons-configuration2/2.1.1/commons-configuration2-2.1.1.jar:/home/runner/.m2/repository/org/apache/logging/log4j/log4j-core/2.17.1/log4j-core-2.17.1.jar:/home/runner/.m2/repository/com/lmax/disruptor/3.4.2/disruptor-3.4.2.jar:/home/runner/.m2/repository/org/eclipse/jetty/jetty-util/9.4.49.v20220914/jetty-util-9.4.49.v20220914.jar:/home/runner/.m2/repository/org/eclipse/jetty/jetty-server/9.4.49.v20220914/jetty-server-9.4.49.v20220914.jar:/home/runner/.m2/repository/org/eclipse/jetty/jetty-http/9.4.49.v20220914/jetty-http-9.4.49.v20220914.jar:/home/runner/.m2/repository/org/eclipse/jetty/jetty-io/9.4.49.v20220914/jetty-io-9.4.49.v20220914.jar:/home/runner/.m2/repository/org/eclipse/jetty/jetty-servlet/9.4.49.v20220914/jetty-servlet-9.4.49.v20220914.jar:/home/runner/.m2/repository/org/eclipse/jetty/jetty-security/9.4.49.v20220914/jetty-security-9.4.49.v20220914.jar:/home/runner/.m2/repository/org/eclipse/jetty/jetty-util-ajax/9.4.49.v20220914/jetty-util-ajax-9.4.49.v20220914.jar:/home/runner/.m2/repository/org/eclipse/jetty/jetty-webapp/9.4.49.v20220914/jetty-webapp-9.4.49.v20220914.jar:/home/runner/.m2/repository/org/eclipse/jetty/jetty-xml/9.4.49.v20220914/jetty-xml-9.4.49.v20220914.jar:/home/runner/.m2/repository/org/apache/ratis/ratis-server/2.4.2-8b8bdda-SNAPSHOT/ratis-server-2.4.2-8b8bdda-SNAPSHOT.jar:/home/runner/.m2/repository/org/apache/ratis/ratis-thirdparty-misc/1.0.3/ratis-thirdparty-misc-1.0.3.jar:/home/runner/.m2/repository/org/apache/ratis/ratis-proto/2.4.2-8b8bdda-SNAPSHOT/ratis-proto-2.4.2-8b8bdda-SNAPSHOT.jar:/home/runner/.m2/repository/org/apache/ratis/ratis-common/2.4.2-8b8bdda-SNAPSHOT/ratis-common-2.4.2-8b8bdda-SNAPSHOT.jar:/home/runner/.m2/repository/org/apache/ratis/ratis-client/2.4.2-8b8bdda-SNAPSHOT/ratis-client-2.4.2-8b8bdda-SNAPSHOT.jar:/home/runner/.m2/repository/org/apache/ratis/ratis-server-api/2.4.2-8b8bdda-SNAPSHOT/ratis-server-api-2.4.2-8b8bdda-SNAPSHOT.jar:/home/runner/.m2/repository/org/apache/ratis/ratis-metrics/2.4.2-8b8bdda-SNAPSHOT/ratis-metrics-2.4.2-8b8bdda-SNAPSHOT.jar:/home/runner/.m2/repository/io/prometheus/simpleclient_dropwizard/0.7.0/simpleclient_dropwizard-0.7.0.jar:/home/runner/.m2/repository/io/prometheus/simpleclient/0.7.0/simpleclient-0.7.0.jar:/home/runner/.m2/repository/io/prometheus/simpleclient_common/0.7.0/simpleclient_common-0.7.0.jar:/home/runner/.m2/repository/com/fasterxml/jackson/datatype/jackson-datatype-jsr310/2.13.4/jackson-datatype-jsr310-2.13.4.jar:/home/runner/.m2/repository/com/fasterxml/jackson/core/jackson-core/2.13.4/jackson-core-2.13.4.jar:/home/runner/.m2/repository/com/github/spotbugs/spotbugs-annotations/3.1.12/spotbugs-annotations-3.1.12.jar:/home/runner/.m2/repository/org/apache/ozone/rocksdb-checkpoint-differ/1.4.0-SNAPSHOT/rocksdb-checkpoint-differ-1.4.0-SNAPSHOT.jar:/home/runner/.m2/repository/org/awaitility/awaitility/4.2.0/awaitility-4.2.0.jar:/home/runner/.m2/repository/org/hamcrest/hamcrest/2.1/hamcrest-2.1.jar:/home/runner/.m2/repository/org/apache/ozone/ozone-manager/1.4.0-SNAPSHOT/ozone-manager-1.4.0-SNAPSHOT.jar:/home/runner/.m2/repository/org/aspectj/aspectjrt/1.9.7/aspectjrt-1.9.7.jar:/home/runner/.m2/repository/org/aspectj/aspectjweaver/1.9.7/aspectjweaver-1.9.7.jar:/home/runner/.m2/repository/org/apache/ozone/hdds-interface-client/1.4.0-SNAPSHOT/hdds-interface-client-1.4.0-SNAPSHOT.jar:/home/runner/.m2/repository/org/apache/hadoop/thirdparty/hadoop-shaded-protobuf_3_7/1.1.1/hadoop-shaded-protobuf_3_7-1.1.1.jar:/home/runner/.m2/repository/org/apache/ozone/ozone-interface-storage/1.4.0-SNAPSHOT/ozone-interface-storage-1.4.0-SNAPSHOT.jar:/home/runner/.m2/repository/org/reflections/reflections/0.9.11/reflections-0.9.11.jar:/home/runner/.m2/repository/com/sun/jersey/jersey-client/1.19/jersey-client-1.19.jar:/home/runner/.m2/repository/org/codehaus/jackson/jackson-core-asl/1.9.13/jackson-core-asl-1.9.13.jar:/home/runner/.m2/repository/org/codehaus/jackson/jackson-mapper-asl/1.9.13/jackson-mapper-asl-1.9.13.jar:/home/runner/.m2/repository/org/codehaus/jackson/jackson-jaxrs/1.9.13/jackson-jaxrs-1.9.13.jar:/home/runner/.m2/repository/org/apache/ranger/ranger-intg/2.3.0/ranger-intg-2.3.0.jar:/home/runner/.m2/repository/org/apache/ranger/ranger-plugins-common/2.3.0/ranger-plugins-common-2.3.0.jar:/home/runner/.m2/repository/commons-lang/commons-lang/2.6/commons-lang-2.6.jar:/home/runner/.m2/repository/org/apache/ranger/ranger-plugins-cred/2.3.0/ranger-plugins-cred-2.3.0.jar:/home/runner/.m2/repository/org/apache/ranger/ranger-plugins-audit/2.3.0/ranger-plugins-audit-2.3.0.jar:/home/runner/.m2/repository/org/eclipse/jetty/jetty-client/9.4.49.v20220914/jetty-client-9.4.49.v20220914.jar:/home/runner/.m2/repository/org/apache/httpcomponents/httpmime/4.5.6/httpmime-4.5.6.jar:/home/runner/.m2/repository/org/apache/httpcomponents/httpcore-nio/4.4.13/httpcore-nio-4.4.13.jar:/home/runner/.m2/repository/org/apache/httpcomponents/httpasyncclient/4.1.3/httpasyncclient-4.1.3.jar:/home/runner/.m2/repository/com/carrotsearch/hppc/0.8.0/hppc-0.8.0.jar:/home/runner/.m2/repository/org/apache/orc/orc-core/1.5.8/orc-core-1.5.8.jar:/home/runner/.m2/repository/net/java/dev/jna/jna/5.2.0/jna-5.2.0.jar:/home/runner/.m2/repository/net/java/dev/jna/jna-platform/5.2.0/jna-platform-5.2.0.jar:/home/runner/.m2/repository/com/kstruct/gethostname4j/0.0.2/gethostname4j-0.0.2.jar:/home/runner/.m2/repository/org/apache/ranger/ranger-plugin-classloader/2.3.0/ranger-plugin-classloader-2.3.0.jar:/home/runner/.m2/repository/org/apache/ozone/hdds-rocks-native/1.4.0-SNAPSHOT/hdds-rocks-native-1.4.0-SNAPSHOT.jar:/home/runner/.m2/repository/org/apache/hadoop/hadoop-minikdc/3.3.5/hadoop-minikdc-3.3.5.jar:/home/runner/.m2/repository/org/apache/kerby/kerb-simplekdc/1.0.1/kerb-simplekdc-1.0.1.jar:/home/runner/.m2/repository/org/apache/kerby/kerb-client/1.0.1/kerb-client-1.0.1.jar:/home/runner/.m2/repository/org/apache/kerby/kerby-config/1.0.1/kerby-config-1.0.1.jar:/home/runner/.m2/repository/org/apache/kerby/kerb-common/1.0.1/kerb-common-1.0.1.jar:/home/runner/.m2/repository/org/apache/kerby/kerb-crypto/1.0.1/kerb-crypto-1.0.1.jar:/home/runner/.m2/repository/org/apache/kerby/kerb-util/1.0.1/kerb-util-1.0.1.jar:/home/runner/.m2/repository/org/apache/kerby/token-provider/1.0.1/token-provider-1.0.1.jar:/home/runner/.m2/repository/org/apache/kerby/kerb-admin/1.0.1/kerb-admin-1.0.1.jar:/home/runner/.m2/repository/org/apache/kerby/kerb-server/1.0.1/kerb-server-1.0.1.jar:/home/runner/.m2/repository/org/apache/kerby/kerb-identity/1.0.1/kerb-identity-1.0.1.jar:/home/runner/.m2/repository/org/apache/kerby/kerby-xdr/1.0.1/kerby-xdr-1.0.1.jar:/home/runner/.m2/repository/org/apache/ozone/ozone-s3gateway/1.4.0-SNAPSHOT/ozone-s3gateway-1.4.0-SNAPSHOT.jar:/home/runner/.m2/repository/org/javassist/javassist/3.21.0-GA/javassist-3.21.0-GA.jar:/home/runner/.m2/repository/org/jboss/weld/servlet/weld-servlet-shaded/3.1.9.Final/weld-servlet-shaded-3.1.9.Final.jar:/home/runner/.m2/repository/org/glassfish/jersey/containers/jersey-container-servlet-core/2.34/jersey-container-servlet-core-2.34.jar:/home/runner/.m2/repository/org/glassfish/hk2/external/jakarta.inject/2.6.1/jakarta.inject-2.6.1.jar:/home/runner/.m2/repository/org/glassfish/jersey/core/jersey-common/2.34/jersey-common-2.34.jar:/home/runner/.m2/repository/jakarta/ws/rs/jakarta.ws.rs-api/2.1.6/jakarta.ws.rs-api-2.1.6.jar:/home/runner/.m2/repository/org/glassfish/jersey/ext/cdi/jersey-cdi1x/2.34/jersey-cdi1x-2.34.jar:/home/runner/.m2/repository/org/glassfish/jersey/inject/jersey-hk2/2.34/jersey-hk2-2.34.jar:/home/runner/.m2/repository/org/glassfish/hk2/hk2-locator/2.6.1/hk2-locator-2.6.1.jar:/home/runner/.m2/repository/org/glassfish/jersey/media/jersey-media-jaxb/2.34/jersey-media-jaxb-2.34.jar:/home/runner/.m2/repository/org/glassfish/hk2/osgi-resource-locator/1.0.3/osgi-resource-locator-1.0.3.jar:/home/runner/.m2/repository/org/glassfish/hk2/hk2-api/2.5.0/hk2-api-2.5.0.jar:/home/runner/.m2/repository/org/glassfish/hk2/hk2-utils/2.5.0/hk2-utils-2.5.0.jar:/home/runner/.m2/repository/org/glassfish/hk2/external/aopalliance-repackaged/2.5.0/aopalliance-repackaged-2.5.0.jar:/home/runner/.m2/repository/com/fasterxml/jackson/dataformat/jackson-dataformat-xml/2.13.4/jackson-dataformat-xml-2.13.4.jar:/home/runner/.m2/repository/org/codehaus/woodstox/stax2-api/4.2.1/stax2-api-4.2.1.jar:/home/runner/.m2/repository/com/fasterxml/woodstox/woodstox-core/5.4.0/woodstox-core-5.4.0.jar:/home/runner/.m2/repository/com/fasterxml/jackson/module/jackson-module-jaxb-annotations/2.13.4/jackson-module-jaxb-annotations-2.13.4.jar:/home/runner/.m2/repository/jakarta/xml/bind/jakarta.xml.bind-api/2.3.3/jakarta.xml.bind-api-2.3.3.jar:/home/runner/.m2/repository/jakarta/activation/jakarta.activation-api/1.2.2/jakarta.activation-api-1.2.2.jar:/home/runner/.m2/repository/javax/enterprise/cdi-api/2.0/cdi-api-2.0.jar:/home/runner/.m2/repository/javax/el/javax.el-api/3.0.0/javax.el-api-3.0.0.jar:/home/runner/.m2/repository/javax/interceptor/javax.interceptor-api/1.2/javax.interceptor-api-1.2.jar:/home/runner/.m2/repository/javax/inject/javax.inject/1/javax.inject-1.jar:/home/runner/.m2/repository/javax/xml/bind/jaxb-api/2.3.0/jaxb-api-2.3.0.jar:/home/runner/.m2/repository/org/glassfish/jaxb/jaxb-runtime/2.3.0.1/jaxb-runtime-2.3.0.1.jar:/home/runner/.m2/repository/org/glassfish/jaxb/jaxb-core/2.3.0.1/jaxb-core-2.3.0.1.jar:/home/runner/.m2/repository/org/glassfish/jaxb/txw2/2.3.0.1/txw2-2.3.0.1.jar:/home/runner/.m2/repository/com/sun/istack/istack-commons-runtime/3.0.5/istack-commons-runtime-3.0.5.jar:/home/runner/.m2/repository/org/jvnet/staxex/stax-ex/1.7.8/stax-ex-1.7.8.jar:/home/runner/.m2/repository/com/sun/xml/fastinfoset/FastInfoset/1.2.13/FastInfoset-1.2.13.jar:/home/runner/.m2/repository/javax/activation/activation/1.1.1/activation-1.1.1.jar:/home/runner/.m2/repository/io/grpc/grpc-protobuf/1.51.1/grpc-protobuf-1.51.1.jar:/home/runner/.m2/repository/io/grpc/grpc-api/1.51.1/grpc-api-1.51.1.jar:/home/runner/.m2/repository/io/grpc/grpc-context/1.51.1/grpc-context-1.51.1.jar:/home/runner/.m2/repository/com/google/api/grpc/proto-google-common-protos/2.9.0/proto-google-common-protos-2.9.0.jar:/home/runner/.m2/repository/io/grpc/grpc-protobuf-lite/1.51.1/grpc-protobuf-lite-1.51.1.jar:/home/runner/.m2/repository/io/grpc/grpc-stub/1.51.1/grpc-stub-1.51.1.jar:/home/runner/.m2/repository/io/netty/netty-transport/4.1.86.Final/netty-transport-4.1.86.Final.jar:/home/runner/.m2/repository/io/netty/netty-resolver/4.1.86.Final/netty-resolver-4.1.86.Final.jar:/home/runner/.m2/repository/org/apache/ozone/ozone-csi/1.4.0-SNAPSHOT/ozone-csi-1.4.0-SNAPSHOT.jar:/home/runner/.m2/repository/com/google/protobuf/protobuf-java-util/3.19.6/protobuf-java-util-3.19.6.jar:/home/runner/.m2/repository/com/google/code/gson/gson/2.9.0/gson-2.9.0.jar:/home/runner/.m2/repository/org/apache/ozone/hdds-config/1.4.0-SNAPSHOT/hdds-config-1.4.0-SNAPSHOT.jar:/home/runner/.m2/repository/io/netty/netty-transport-native-epoll/4.1.86.Final/netty-transport-native-epoll-4.1.86.Final-linux-x86_64.jar:/home/runner/.m2/repository/io/netty/netty-transport-classes-epoll/4.1.86.Final/netty-transport-classes-epoll-4.1.86.Final.jar:/home/runner/.m2/repository/io/netty/netty-transport-native-unix-common/4.1.86.Final/netty-transport-native-unix-common-4.1.86.Final.jar:/home/runner/.m2/repository/org/apache/ozone/ozone-recon/1.4.0-SNAPSHOT/ozone-recon-1.4.0-SNAPSHOT.jar:/home/runner/.m2/repository/org/apache/ozone/ozone-reconcodegen/1.4.0-SNAPSHOT/ozone-reconcodegen-1.4.0-SNAPSHOT.jar:/home/runner/.m2/repository/com/google/inject/guice/5.1.0/guice-5.1.0.jar:/home/runner/.m2/repository/aopalliance/aopalliance/1.0/aopalliance-1.0.jar:/home/runner/.m2/repository/com/google/inject/extensions/guice-assistedinject/5.1.0/guice-assistedinject-5.1.0.jar:/home/runner/.m2/repository/com/google/inject/extensions/guice-servlet/5.1.0/guice-servlet-5.1.0.jar:/home/runner/.m2/repository/org/glassfish/jersey/containers/jersey-container-servlet/2.34/jersey-container-servlet-2.34.jar:/home/runner/.m2/repository/org/glassfish/hk2/guice-bridge/2.5.0/guice-bridge-2.5.0.jar:/home/runner/.m2/repository/org/glassfish/jersey/core/jersey-server/2.34/jersey-server-2.34.jar:/home/runner/.m2/repository/org/glassfish/jersey/core/jersey-client/2.34/jersey-client-2.34.jar:/home/runner/.m2/repository/jakarta/annotation/jakarta.annotation-api/1.3.5/jakarta.annotation-api-1.3.5.jar:/home/runner/.m2/repository/jakarta/validation/jakarta.validation-api/2.0.2/jakarta.validation-api-2.0.2.jar:/home/runner/.m2/repository/org/glassfish/jersey/media/jersey-media-json-jackson/2.34/jersey-media-json-jackson-2.34.jar:/home/runner/.m2/repository/org/glassfish/jersey/ext/jersey-entity-filtering/2.34/jersey-entity-filtering-2.34.jar:/home/runner/.m2/repository/org/jooq/jooq/3.11.10/jooq-3.11.10.jar:/home/runner/.m2/repository/org/jooq/jooq-meta/3.11.10/jooq-meta-3.11.10.jar:/home/runner/.m2/repository/org/jooq/jooq-codegen/3.11.10/jooq-codegen-3.11.10.jar:/home/runner/.m2/repository/com/jolbox/bonecp/0.8.0.RELEASE/bonecp-0.8.0.RELEASE.jar:/home/runner/.m2/repository/org/apache/derby/derby/10.14.2.0/derby-10.14.2.0.jar:/home/runner/.m2/repository/org/xerial/sqlite-jdbc/3.25.2/sqlite-jdbc-3.25.2.jar:/home/runner/.m2/repository/org/springframework/spring-jdbc/5.3.26/spring-jdbc-5.3.26.jar:/home/runner/.m2/repository/org/springframework/spring-beans/5.3.26/spring-beans-5.3.26.jar:/home/runner/.m2/repository/org/springframework/spring-core/5.3.26/spring-core-5.3.26.jar:/home/runner/.m2/repository/org/springframework/spring-tx/5.3.26/spring-tx-5.3.26.jar:/home/runner/.m2/repository/org/apache/ozone/ozone-client/1.4.0-SNAPSHOT/ozone-client-1.4.0-SNAPSHOT.jar:/home/runner/.m2/repository/org/apache/ozone/hdds-erasurecode/1.4.0-SNAPSHOT/hdds-erasurecode-1.4.0-SNAPSHOT.jar:/home/runner/.m2/repository/org/apache/ozone/ozone-filesystem/1.4.0-SNAPSHOT/ozone-filesystem-1.4.0-SNAPSHOT.jar:/home/runner/.m2/repository/org/apache/ozone/ozone-filesystem-common/1.4.0-SNAPSHOT/ozone-filesystem-common-1.4.0-SNAPSHOT.jar:/home/runner/.m2/repository/org/apache/ozone/ozone-tools/1.4.0-SNAPSHOT/ozone-tools-1.4.0-SNAPSHOT.jar:/home/runner/.m2/repository/com/amazonaws/aws-java-sdk-core/1.12.261/aws-java-sdk-core-1.12.261.jar:/home/runner/.m2/repository/org/apache/httpcomponents/httpclient/4.5.13/httpclient-4.5.13.jar:/home/runner/.m2/repository/org/apache/httpcomponents/httpcore/4.4.13/httpcore-4.4.13.jar:/home/runner/.m2/repository/software/amazon/ion/ion-java/1.0.2/ion-java-1.0.2.jar:/home/runner/.m2/repository/com/fasterxml/jackson/dataformat/jackson-dataformat-cbor/2.13.4/jackson-dataformat-cbor-2.13.4.jar:/home/runner/.m2/repository/joda-time/joda-time/2.10.6/joda-time-2.10.6.jar:/home/runner/.m2/repository/com/amazonaws/aws-java-sdk-s3/1.12.261/aws-java-sdk-s3-1.12.261.jar:/home/runner/.m2/repository/com/amazonaws/aws-java-sdk-kms/1.12.261/aws-java-sdk-kms-1.12.261.jar:/home/runner/.m2/repository/com/amazonaws/jmespath-java/1.12.261/jmespath-java-1.12.261.jar:/home/runner/.m2/repository/org/kohsuke/metainf-services/metainf-services/1.8/metainf-services-1.8.jar:/home/runner/.m2/repository/org/apache/ozone/hdds-tools/1.4.0-SNAPSHOT/hdds-tools-1.4.0-SNAPSHOT.jar:/home/runner/.m2/repository/org/apache/ratis/ratis-tools/2.4.2-8b8bdda-SNAPSHOT/ratis-tools-2.4.2-8b8bdda-SNAPSHOT.jar:/home/runner/.m2/repository/commons-cli/commons-cli/1.2/commons-cli-1.2.jar:/home/runner/.m2/repository/org/apache/commons/commons-lang3/3.7/commons-lang3-3.7.jar:/home/runner/.m2/repository/org/apache/ozone/ozone-manager/1.4.0-SNAPSHOT/ozone-manager-1.4.0-SNAPSHOT-tests.jar:/home/runner/.m2/repository/org/apache/ozone/hdds-common/1.4.0-SNAPSHOT/hdds-common-1.4.0-SNAPSHOT-tests.jar:/home/runner/.m2/repository/org/apache/ozone/hdds-hadoop-dependency-client/1.4.0-SNAPSHOT/hdds-hadoop-dependency-client-1.4.0-SNAPSHOT.jar:/home/runner/.m2/repository/info/picocli/picocli/4.6.1/picocli-4.6.1.jar:/home/runner/.m2/repository/com/fasterxml/jackson/core/jackson-annotations/2.13.4/jackson-annotations-2.13.4.jar:/home/runner/.m2/repository/org/apache/ozone/hdds-annotation-processing/1.4.0-SNAPSHOT/hdds-annotation-processing-1.4.0-SNAPSHOT.jar:/home/runner/.m2/repository/javax/annotation/javax.annotation-api/1.2/javax.annotation-api-1.2.jar:/home/runner/.m2/repository/org/apache/ratis/ratis-netty/2.4.2-8b8bdda-SNAPSHOT/ratis-netty-2.4.2-8b8bdda-SNAPSHOT.jar:/home/runner/.m2/repository/org/apache/ratis/ratis-grpc/2.4.2-8b8bdda-SNAPSHOT/ratis-grpc-2.4.2-8b8bdda-SNAPSHOT.jar:/home/runner/.m2/repository/org/apache/logging/log4j/log4j-api/2.17.1/log4j-api-2.17.1.jar:/home/runner/.m2/repository/org/apache/commons/commons-pool2/2.6.0/commons-pool2-2.6.0.jar:/home/runner/.m2/repository/org/bouncycastle/bcpkix-jdk15on/1.67/bcpkix-jdk15on-1.67.jar:/home/runner/.m2/repository/commons-validator/commons-validator/1.6/commons-validator-1.6.jar:/home/runner/.m2/repository/commons-beanutils/commons-beanutils/1.9.4/commons-beanutils-1.9.4.jar:/home/runner/.m2/repository/commons-digester/commons-digester/1.8.1/commons-digester-1.8.1.jar:/home/runner/.m2/repository/commons-collections/commons-collections/3.2.2/commons-collections-3.2.2.jar:/home/runner/.m2/repository/io/jaegertracing/jaeger-client/1.6.0/jaeger-client-1.6.0.jar:/home/runner/.m2/repository/io/jaegertracing/jaeger-thrift/1.6.0/jaeger-thrift-1.6.0.jar:/home/runner/.m2/repository/org/apache/thrift/libthrift/0.14.1/libthrift-0.14.1.jar:/home/runner/.m2/repository/io/jaegertracing/jaeger-core/1.6.0/jaeger-core-1.6.0.jar:/home/runner/.m2/repository/io/jaegertracing/jaeger-tracerresolver/1.6.0/jaeger-tracerresolver-1.6.0.jar:/home/runner/.m2/repository/io/opentracing/contrib/opentracing-tracerresolver/0.1.8/opentracing-tracerresolver-0.1.8.jar:/home/runner/.m2/repository/org/jetbrains/kotlin/kotlin-stdlib/1.6.21/kotlin-stdlib-1.6.21.jar:/home/runner/.m2/repository/org/jetbrains/annotations/13.0/annotations-13.0.jar:/home/runner/.m2/repository/io/opentracing/opentracing-util/0.33.0/opentracing-util-0.33.0.jar:/home/runner/.m2/repository/io/opentracing/opentracing-api/0.33.0/opentracing-api-0.33.0.jar:/home/runner/.m2/repository/io/opentracing/opentracing-noop/0.33.0/opentracing-noop-0.33.0.jar:/home/runner/.m2/repository/org/yaml/snakeyaml/2.0/snakeyaml-2.0.jar:/home/runner/.m2/repository/junit/junit/4.13.1/junit-4.13.1.jar:/home/runner/.m2/repository/org/hamcrest/hamcrest-core/1.3/hamcrest-core-1.3.jar:/home/runner/.m2/repository/org/junit/jupiter/junit-jupiter-api/5.8.2/junit-jupiter-api-5.8.2.jar:/home/runner/.m2/repository/org/opentest4j/opentest4j/1.2.0/opentest4j-1.2.0.jar:/home/runner/.m2/repository/org/junit/platform/junit-platform-commons/1.8.2/junit-platform-commons-1.8.2.jar:/home/runner/.m2/repository/org/apiguardian/apiguardian-api/1.1.2/apiguardian-api-1.1.2.jar:/home/runner/.m2/repository/org/junit/jupiter/junit-jupiter-params/5.8.2/junit-jupiter-params-5.8.2.jar:/home/runner/.m2/repository/org/junit/jupiter/junit-jupiter-migrationsupport/5.8.2/junit-jupiter-migrationsupport-5.8.2.jar:/home/runner/.m2/repository/org/junit/jupiter/junit-jupiter-engine/5.8.2/junit-jupiter-engine-5.8.2.jar:/home/runner/.m2/repository/org/junit/platform/junit-platform-engine/1.8.2/junit-platform-engine-1.8.2.jar:/home/runner/.m2/repository/org/junit/vintage/junit-vintage-engine/5.8.2/junit-vintage-engine-5.8.2.jar:/home/runner/.m2/repository/org/junit/platform/junit-platform-launcher/1.8.2/junit-platform-launcher-1.8.2.jar:/home/runner/.m2/repository/org/mockito/mockito-core/2.28.2/mockito-core-2.28.2.jar:/home/runner/.m2/repository/net/bytebuddy/byte-buddy/1.9.10/byte-buddy-1.9.10.jar:/home/runner/.m2/repository/net/bytebuddy/byte-buddy-agent/1.9.10/byte-buddy-agent-1.9.10.jar:/home/runner/.m2/repository/org/objenesis/objenesis/1.0/objenesis-1.0.jar:/home/runner/.m2/repository/org/apache/hadoop/hadoop-kms/3.3.5/hadoop-kms-3.3.5.jar:/home/runner/.m2/repository/org/apache/hadoop/hadoop-auth/3.3.5/hadoop-auth-3.3.5.jar:/home/runner/.m2/repository/com/nimbusds/nimbus-jose-jwt/9.8.1/nimbus-jose-jwt-9.8.1.jar:/home/runner/.m2/repository/com/github/stephenc/jcip/jcip-annotations/1.0-1/jcip-annotations-1.0-1.jar:/home/runner/.m2/repository/net/minidev/json-smart/2.4.7/json-smart-2.4.7.jar:/home/runner/.m2/repository/net/minidev/accessors-smart/2.4.7/accessors-smart-2.4.7.jar:/home/runner/.m2/repository/org/ow2/asm/asm/5.0.4/asm-5.0.4.jar:/home/runner/.m2/repository/org/apache/zookeeper/zookeeper/3.5.6/zookeeper-3.5.6.jar:/home/runner/.m2/repository/org/apache/zookeeper/zookeeper-jute/3.5.6/zookeeper-jute-3.5.6.jar:/home/runner/.m2/repository/org/apache/yetus/audience-annotations/0.5.0/audience-annotations-0.5.0.jar:/home/runner/.m2/repository/org/apache/curator/curator-framework/4.2.0/curator-framework-4.2.0.jar:/home/runner/.m2/repository/org/apache/hadoop/thirdparty/hadoop-shaded-guava/1.1.1/hadoop-shaded-guava-1.1.1.jar:/home/runner/.m2/repository/com/sun/jersey/jersey-core/1.19/jersey-core-1.19.jar:/home/runner/.m2/repository/javax/ws/rs/jsr311-api/1.1.1/jsr311-api-1.1.1.jar:/home/runner/.m2/repository/com/sun/jersey/jersey-server/1.19/jersey-server-1.19.jar:/home/runner/.m2/repository/javax/servlet/javax.servlet-api/3.1.0/javax.servlet-api-3.1.0.jar:/home/runner/.m2/repository/org/apache/hadoop/hadoop-common/3.3.5/hadoop-common-3.3.5.jar:/home/runner/.m2/repository/org/apache/commons/commons-math3/3.1.1/commons-math3-3.1.1.jar:/home/runner/.m2/repository/commons-net/commons-net/3.9.0/commons-net-3.9.0.jar:/home/runner/.m2/repository/com/sun/jersey/jersey-servlet/1.19/jersey-servlet-1.19.jar:/home/runner/.m2/repository/com/github/pjfanning/jersey-json/1.20/jersey-json-1.20.jar:/home/runner/.m2/repository/org/codehaus/jettison/jettison/1.1/jettison-1.1.jar:/home/runner/.m2/repository/com/sun/xml/bind/jaxb-impl/2.2.3-1/jaxb-impl-2.2.3-1.jar:/home/runner/.m2/repository/com/google/re2j/re2j/1.1/re2j-1.1.jar:/home/runner/.m2/repository/com/jcraft/jsch/0.1.54/jsch-0.1.54.jar:/home/runner/.m2/repository/org/apache/curator/curator-client/4.2.0/curator-client-4.2.0.jar:/home/runner/.m2/repository/org/apache/curator/curator-recipes/4.2.0/curator-recipes-4.2.0.jar:/home/runner/.m2/repository/org/apache/kerby/kerb-core/1.0.1/kerb-core-1.0.1.jar:/home/runner/.m2/repository/org/apache/kerby/kerby-pkix/1.0.1/kerby-pkix-1.0.1.jar:/home/runner/.m2/repository/org/apache/kerby/kerby-asn1/1.0.1/kerby-asn1-1.0.1.jar:/home/runner/.m2/repository/org/apache/kerby/kerby-util/1.0.1/kerby-util-1.0.1.jar:/home/runner/.m2/repository/dnsjava/dnsjava/2.1.7/dnsjava-2.1.7.jar:/home/runner/.m2/repository/org/xerial/snappy/snappy-java/1.1.8.2/snappy-java-1.1.8.2.jar:/home/runner/.m2/repository/com/fasterxml/jackson/core/jackson-databind/2.13.4.2/jackson-databind-2.13.4.2.jar:/home/runner/.m2/repository/org/apache/hadoop/hadoop-kms/3.3.5/hadoop-kms-3.3.5-tests.jar:/home/runner/.m2/repository/org/apache/ozone/hdds-server-scm/1.4.0-SNAPSHOT/hdds-server-scm-1.4.0-SNAPSHOT-tests.jar:/home/runner/.m2/repository/org/apache/ozone/hdds-container-service/1.4.0-SNAPSHOT/hdds-container-service-1.4.0-SNAPSHOT-tests.jar:/home/runner/.m2/repository/com/github/luben/zstd-jni/1.5.2-5/zstd-jni-1.5.2-5.jar:/home/runner/.m2/repository/commons-codec/commons-codec/1.15/commons-codec-1.15.jar:/home/runner/.m2/repository/io/netty/netty-codec/4.1.86.Final/netty-codec-4.1.86.Final.jar:/home/runner/.m2/repository/io/netty/netty-handler/4.1.86.Final/netty-handler-4.1.86.Final.jar:/home/runner/.m2/repository/org/apache/ozone/hdds-hadoop-dependency-test/1.4.0-SNAPSHOT/hdds-hadoop-dependency-test-1.4.0-SNAPSHOT.jar:/home/runner/.m2/repository/org/apache/hadoop/hadoop-common/3.3.5/hadoop-common-3.3.5-tests.jar:/home/runner/.m2/repository/org/apache/hadoop/hadoop-hdfs/3.3.5/hadoop-hdfs-3.3.5-tests.jar:/home/runner/.m2/repository/org/assertj/assertj-core/3.12.2/assertj-core-3.12.2.jar:/home/runner/.m2/repository/org/apache/hadoop/hadoop-distcp/3.3.5/hadoop-distcp-3.3.5.jar:/home/runner/.m2/repository/org/apache/hadoop/hadoop-mapreduce-client-jobclient/3.3.5/hadoop-mapreduce-client-jobclient-3.3.5.jar:/home/runner/.m2/repository/org/apache/hadoop/hadoop-mapreduce-client-common/3.3.5/hadoop-mapreduce-client-common-3.3.5.jar:/home/runner/.m2/repository/org/apache/hadoop/hadoop-yarn-common/3.3.5/hadoop-yarn-common-3.3.5.jar:/home/runner/.m2/repository/org/apache/hadoop/hadoop-yarn-api/3.3.5/hadoop-yarn-api-3.3.5.jar:/home/runner/.m2/repository/com/sun/jersey/contribs/jersey-guice/1.19/jersey-guice-1.19.jar:/home/runner/.m2/repository/com/fasterxml/jackson/jaxrs/jackson-jaxrs-json-provider/2.13.4/jackson-jaxrs-json-provider-2.13.4.jar:/home/runner/.m2/repository/com/fasterxml/jackson/jaxrs/jackson-jaxrs-base/2.13.4/jackson-jaxrs-base-2.13.4.jar:/home/runner/.m2/repository/org/apache/hadoop/hadoop-yarn-client/3.3.5/hadoop-yarn-client-3.3.5.jar:/home/runner/.m2/repository/org/eclipse/jetty/websocket/websocket-client/9.4.48.v20220622/websocket-client-9.4.48.v20220622.jar:/home/runner/.m2/repository/org/eclipse/jetty/websocket/websocket-common/9.4.48.v20220622/websocket-common-9.4.48.v20220622.jar:/home/runner/.m2/repository/org/eclipse/jetty/websocket/websocket-api/9.4.48.v20220622/websocket-api-9.4.48.v20220622.jar:/home/runner/.m2/repository/org/jline/jline/3.9.0/jline-3.9.0.jar:/home/runner/.m2/repository/org/apache/hadoop/hadoop-mapreduce-client-core/3.3.5/hadoop-mapreduce-client-core-3.3.5.jar:/home/runner/.m2/repository/org/apache/avro/avro/1.7.7/avro-1.7.7.jar:/home/runner/.m2/repository/com/thoughtworks/paranamer/paranamer/2.3/paranamer-2.3.jar:/home/runner/.m2/repository/org/apache/hadoop/hadoop-annotations/3.3.5/hadoop-annotations-3.3.5.jar:/usr/lib/jvm/temurin-8-jdk-amd64/jre/../lib/tools.jar:/home/runner/.m2/repository/io/netty/netty/3.10.6.Final/netty-3.10.6.Final.jar:/home/runner/.m2/repository/org/apache/hadoop/hadoop-distcp/3.3.5/hadoop-distcp-3.3.5-tests.jar:/home/runner/.m2/repository/org/slf4j/jul-to-slf4j/1.7.36/jul-to-slf4j-1.7.36.jar:"/>
    <property name="sun.cpu.endian" value="little"/>
    <property name="user.home" value="/home/runner"/>
    <property name="user.language" value="en"/>
    <property name="java.specification.vendor" value="Oracle Corporation"/>
    <property name="java.home" value="/usr/lib/jvm/temurin-8-jdk-amd64/jre"/>
    <property name="java.security.krb5.conf" value="/home/runner/work/ozone/ozone/hadoop-ozone/integration-test/target/test-classes/krb5.conf"/>
    <property name="basedir" value="/home/runner/work/ozone/ozone/hadoop-ozone/integration-test"/>
    <property name="file.separator" value="/"/>
    <property name="line.separator" value="&#10;"/>
    <property name="java.vm.specification.vendor" value="Oracle Corporation"/>
    <property name="java.specification.name" value="Java Platform API Specification"/>
    <property name="java.awt.graphicsenv" value="sun.awt.X11GraphicsEnvironment"/>
    <property name="skip.installnpx" value="true"/>
    <property name="surefire.real.class.path" value="/home/runner/work/ozone/ozone/hadoop-ozone/integration-test/target/surefire/surefirebooter3327682888420460467.jar:/home/runner/.m2/repository/org/jacoco/org.jacoco.agent/0.8.5/org.jacoco.agent-0.8.5-runtime.jar"/>
    <property name="hadoop.log.dir" value="/home/runner/work/ozone/ozone/hadoop-ozone/integration-test/target/log"/>
    <property name="sun.boot.class.path" value="/usr/lib/jvm/temurin-8-jdk-amd64/jre/lib/resources.jar:/usr/lib/jvm/temurin-8-jdk-amd64/jre/lib/rt.jar:/usr/lib/jvm/temurin-8-jdk-amd64/jre/lib/sunrsasign.jar:/usr/lib/jvm/temurin-8-jdk-amd64/jre/lib/jsse.jar:/usr/lib/jvm/temurin-8-jdk-amd64/jre/lib/jce.jar:/usr/lib/jvm/temurin-8-jdk-amd64/jre/lib/charsets.jar:/usr/lib/jvm/temurin-8-jdk-amd64/jre/lib/jfr.jar:/usr/lib/jvm/temurin-8-jdk-amd64/jre/classes"/>
    <property name="sun.management.compiler" value="HotSpot 64-Bit Tiered Compilers"/>
    <property name="skip.npx" value="true"/>
    <property name="java.runtime.version" value="1.8.0_362-b09"/>
    <property name="java.net.preferIPv4Stack" value="true"/>
    <property name="user.name" value="runner"/>
    <property name="path.separator" value=":"/>
    <property name="java.security.egd" value="file:///dev/urandom"/>
    <property name="os.version" value="5.15.0-1035-azure"/>
    <property name="java.endorsed.dirs" value="/usr/lib/jvm/temurin-8-jdk-amd64/jre/lib/endorsed"/>
    <property name="java.runtime.name" value="OpenJDK Runtime Environment"/>
    <property name="file.encoding" value="UTF-8"/>
    <property name="java.vm.name" value="OpenJDK 64-Bit Server VM"/>
    <property name="test.build.webapps" value=""/>
    <property name="localRepository" value="/home/runner/.m2/repository"/>
    <property name="jetty.git.hash" value="4231a3b2e4cb8548a412a789936d640a97b1aa0a"/>
    <property name="java.vendor.url.bug" value="https://github.com/adoptium/adoptium-support/issues"/>
    <property name="java.io.tmpdir" value="/tmp"/>
    <property name="require.test.libhadoop" value=""/>
    <property name="java.version" value="1.8.0_362"/>
    <property name="user.dir" value="/home/runner/work/ozone/ozone/hadoop-ozone/integration-test"/>
    <property name="os.arch" value="amd64"/>
    <property name="java.vm.specification.name" value="Java Virtual Machine Specification"/>
    <property name="test.build.classes" value="/home/runner/work/ozone/ozone/hadoop-ozone/integration-test/target/test-classes"/>
    <property name="java.awt.printerjob" value="sun.print.PSPrinterJob"/>
    <property name="sun.os.patch.level" value="unknown"/>
    <property name="org.apache.ratis.thirdparty.io.netty.allocator.useCacheForAllThreads" value="false"/>
    <property name="hadoop.tmp.dir" value="/home/runner/work/ozone/ozone/hadoop-ozone/integration-test/target/tmp"/>
    <property name="java.library.path" value="/usr/java/packages/lib/amd64:/usr/lib64:/lib64:/lib:/usr/lib"/>
    <property name="java.vm.info" value="mixed mode"/>
    <property name="java.vendor" value="Temurin"/>
    <property name="java.vm.version" value="25.362-b09"/>
    <property name="java.specification.maintenance.version" value="4"/>
    <property name="java.ext.dirs" value="/usr/lib/jvm/temurin-8-jdk-amd64/jre/lib/ext:/usr/java/packages/lib/ext"/>
    <property name="sun.io.unicode.encoding" value="UnicodeLittle"/>
    <property name="java.class.version" value="52.0"/>
  </properties>
  <testcase name="testBlockDeletionTransactions" classname="org.apache.hadoop.ozone.TestStorageContainerManager" time="31.574">
    <system-out><![CDATA[2023-04-21 06:15:18,781 [Time-limited test] WARN  server.ServerUtils (ServerUtils.java:getScmDbDir(148)) - ozone.scm.db.dirs is not configured. We recommend adding this setting. Falling back to ozone.metadata.dirs instead.
2023-04-21 06:15:18,863 [Time-limited test] WARN  server.ServerUtils (ServerUtils.java:getScmDbDir(148)) - ozone.scm.db.dirs is not configured. We recommend adding this setting. Falling back to ozone.metadata.dirs instead.
2023-04-21 06:15:18,867 [Time-limited test] INFO  ha.SCMHANodeDetails (SCMHANodeDetails.java:loadSCMHAConfig(209)) - ServiceID for StorageContainerManager is null
2023-04-21 06:15:18,880 [Time-limited test] WARN  ha.SCMHANodeDetails (SCMHANodeDetails.java:validateSCMHAConfig(182)) - Invalid config ozone.scm.ratis.enable. The config was not specified, but the default value true conflicts with the expected config value false. Falling back to the expected value. Current State of SCM: SCM is running in Non-HA without Ratis Ratis SCM -> Non Ratis SCM or Non HA SCM -> HA SCM is not supported
2023-04-21 06:15:18,880 [Time-limited test] INFO  ha.SCMHANodeDetails (SCMHANodeDetails.java:loadSCMHAConfig(214)) - ozone.scm.default.service.id is not defined, falling back to ozone.scm.service.ids to find serviceID for StorageContainerManager if it is HA enabled cluster
2023-04-21 06:15:19,699 [Time-limited test] WARN  utils.HAUtils (HAUtils.java:getMetaDir(342)) - ozone.scm.db.dirs is not configured. We recommend adding this setting. Falling back to ozone.metadata.dirs instead.
2023-04-21 06:15:19,837 [Time-limited test] WARN  db.DBStoreBuilder (DBStoreBuilder.java:applyDBDefinition(182)) - ozone.scm.db.dirs is not configured. We recommend adding this setting. Falling back to ozone.metadata.dirs instead.
2023-04-21 06:15:20,051 [Time-limited test] INFO  net.NodeSchemaLoader (NodeSchemaLoader.java:loadSchemaFromFile(129)) - Loading schema from [jar:file:/home/runner/.m2/repository/org/apache/ozone/hdds-common/1.4.0-SNAPSHOT/hdds-common-1.4.0-SNAPSHOT.jar!/network-topology-default.xml]
2023-04-21 06:15:20,052 [Time-limited test] INFO  net.NodeSchemaLoader (NodeSchemaLoader.java:loadSchema(176)) - Loading network topology layer schema file
2023-04-21 06:15:20,101 [Time-limited test] INFO  metrics.MetricRegistries (MetricRegistriesLoader.java:load(64)) - Loaded MetricRegistries class org.apache.ratis.metrics.impl.MetricRegistriesImpl
2023-04-21 06:15:20,107 [Time-limited test] INFO  upgrade.AbstractLayoutVersionManager (AbstractLayoutVersionManager.java:init(83)) - Initializing Layout version manager with metadata layout = WEBUI_PORTS_IN_DATANODEDETAILS (version = 6), software layout = WEBUI_PORTS_IN_DATANODEDETAILS (version = 6)
2023-04-21 06:15:20,290 [Time-limited test] INFO  reflections.Reflections (Reflections.java:scan(232)) - Reflections took 124 ms to scan 7 urls, producing 156 keys and 369 values 
2023-04-21 06:15:20,384 [Time-limited test] INFO  ha.SequenceIdGenerator (SequenceIdGenerator.java:upgradeToSequenceId(349)) - upgrade localId to 111677748019200000
2023-04-21 06:15:20,384 [Time-limited test] INFO  ha.SequenceIdGenerator (SequenceIdGenerator.java:upgradeToSequenceId(359)) - upgrade delTxnId to 0
2023-04-21 06:15:20,387 [Time-limited test] INFO  ha.SequenceIdGenerator (SequenceIdGenerator.java:upgradeToSequenceId(376)) - upgrade containerId to 0
2023-04-21 06:15:20,389 [Time-limited test] INFO  ha.SequenceIdGenerator (SequenceIdGenerator.java:<init>(220)) - Init the HA SequenceIdGenerator.
2023-04-21 06:15:20,439 [Time-limited test] WARN  server.ServerUtils (ServerUtils.java:sanitizeUserArgs(73)) - ozone.scm.stale.node.interval value = 300000 is larger than max = 100000 based on the key value of ozone.scm.heartbeat.thread.interval, reset to the max value 100000.
2023-04-21 06:15:20,439 [Time-limited test] WARN  server.ServerUtils (ServerUtils.java:sanitizeUserArgs(73)) - ozone.scm.stale.node.interval value = 300000 is larger than max = 100000 based on the key value of ozone.scm.heartbeat.thread.interval, reset to the max value 100000.
2023-04-21 06:15:20,445 [Time-limited test] INFO  node.SCMNodeManager (SCMNodeManager.java:<init>(156)) - Entering startup safe mode.
2023-04-21 06:15:20,459 [Time-limited test] INFO  algorithms.ContainerPlacementPolicyFactory (ContainerPlacementPolicyFactory.java:getPolicyInternal(86)) - Create container placement policy of type org.apache.hadoop.hdds.scm.container.placement.algorithms.SCMContainerPlacementRackAware
2023-04-21 06:15:20,462 [Time-limited test] INFO  algorithms.ContainerPlacementPolicyFactory (ContainerPlacementPolicyFactory.java:getPolicyInternal(86)) - Create container placement policy of type org.apache.hadoop.hdds.scm.container.placement.algorithms.SCMContainerPlacementRackScatter
2023-04-21 06:15:20,471 [Time-limited test] INFO  pipeline.PipelineStateManagerImpl (PipelineStateManagerImpl.java:initialize(78)) - No pipeline exists in current db
2023-04-21 06:15:20,502 [Time-limited test] INFO  algorithms.LeaderChoosePolicyFactory (LeaderChoosePolicyFactory.java:getPolicy(57)) - Create leader choose policy of type org.apache.hadoop.hdds.scm.pipeline.leader.choose.algorithms.MinLeaderCountChoosePolicy
2023-04-21 06:15:20,502 [Time-limited test] INFO  algorithms.ContainerPlacementPolicyFactory (ContainerPlacementPolicyFactory.java:getPolicyInternal(86)) - Create container placement policy of type org.apache.hadoop.hdds.scm.container.placement.algorithms.SCMContainerPlacementRackScatter
2023-04-21 06:15:20,508 [Time-limited test] INFO  ha.SCMServiceManager (SCMServiceManager.java:register(42)) - Registering service BackgroundPipelineCreator.
2023-04-21 06:15:20,508 [Time-limited test] INFO  pipeline.BackgroundPipelineCreator (BackgroundPipelineCreator.java:start(124)) - Starting RatisPipelineUtilsThread.
2023-04-21 06:15:20,512 [Time-limited test] INFO  BackgroundPipelineScrubber (BackgroundSCMService.java:start(68)) - Starting BackgroundPipelineScrubber Service.
2023-04-21 06:15:20,513 [Time-limited test] INFO  ha.SCMServiceManager (SCMServiceManager.java:register(42)) - Registering service BackgroundPipelineScrubber.
2023-04-21 06:15:20,520 [Time-limited test] INFO  ExpiredContainerReplicaOpScrubber (BackgroundSCMService.java:start(68)) - Starting ExpiredContainerReplicaOpScrubber Service.
2023-04-21 06:15:20,525 [Time-limited test] INFO  ha.SCMServiceManager (SCMServiceManager.java:register(42)) - Registering service ExpiredContainerReplicaOpScrubber.
2023-04-21 06:15:20,567 [Time-limited test] INFO  algorithms.PipelineChoosePolicyFactory (PipelineChoosePolicyFactory.java:createPipelineChoosePolicyFromClass(73)) - Create pipeline choose policy of type org.apache.hadoop.hdds.scm.pipeline.choose.algorithms.RandomPipelineChoosePolicy
2023-04-21 06:15:20,585 [Time-limited test] INFO  ha.SCMServiceManager (SCMServiceManager.java:register(42)) - Registering service SCMBlockDeletingService.
2023-04-21 06:15:20,643 [Time-limited test] INFO  replication.ReplicationManager (ReplicationManager.java:start(288)) - Starting Replication Monitor Thread.
2023-04-21 06:15:20,650 [Time-limited test] INFO  ha.SCMServiceManager (SCMServiceManager.java:register(42)) - Registering service ReplicationManager.
2023-04-21 06:15:20,652 [ReplicationMonitor] INFO  replication.ReplicationManager (ReplicationManager.java:processAll(363)) - Replication Manager is not ready to run until 3000ms after safemode exit
2023-04-21 06:15:20,660 [Time-limited test] INFO  safemode.ContainerSafeModeRule (ContainerSafeModeRule.java:<init>(89)) - containers with one replica threshold count 0
2023-04-21 06:15:20,663 [Time-limited test] INFO  safemode.HealthyPipelineSafeModeRule (HealthyPipelineSafeModeRule.java:initializeRule(169)) - Total pipeline count is 0, healthy pipeline threshold count is 1
2023-04-21 06:15:20,665 [Time-limited test] INFO  safemode.OneReplicaPipelineSafeModeRule (OneReplicaPipelineSafeModeRule.java:initializeRule(180)) - Total pipeline count is 0, pipeline's with at least one datanode reported threshold count is 0
2023-04-21 06:15:20,711 [Time-limited test] INFO  server.StorageContainerManager (StorageContainerManager.java:<init>(402)) - SCM start with adminUsers: [runner]
2023-04-21 06:15:20,986 [Time-limited test] INFO  audit.AuditLogger (AuditLogger.java:refreshDebugCmdSet(126)) - Refresh DebugCmdSet for SCMAudit to [].
2023-04-21 06:15:21,018 [Time-limited test] INFO  ipc.CallQueueManager (CallQueueManager.java:<init>(90)) - Using callQueue: class java.util.concurrent.LinkedBlockingQueue, queueCapacity: 2000, scheduler: class org.apache.hadoop.ipc.DefaultRpcScheduler, ipcBackoff: false.
2023-04-21 06:15:21,062 [Socket Reader #1 for port 0] INFO  ipc.Server (Server.java:run(1319)) - Starting Socket Reader #1 for port 0
2023-04-21 06:15:21,140 [Listener at 0.0.0.0/45299] INFO  audit.AuditLogger (AuditLogger.java:refreshDebugCmdSet(126)) - Refresh DebugCmdSet for SCMAudit to [].
2023-04-21 06:15:21,147 [Listener at 0.0.0.0/45299] INFO  ipc.CallQueueManager (CallQueueManager.java:<init>(90)) - Using callQueue: class java.util.concurrent.LinkedBlockingQueue, queueCapacity: 2000, scheduler: class org.apache.hadoop.ipc.DefaultRpcScheduler, ipcBackoff: false.
2023-04-21 06:15:21,147 [Socket Reader #1 for port 0] INFO  ipc.Server (Server.java:run(1319)) - Starting Socket Reader #1 for port 0
2023-04-21 06:15:21,180 [Listener at 0.0.0.0/35035] INFO  audit.AuditLogger (AuditLogger.java:refreshDebugCmdSet(126)) - Refresh DebugCmdSet for SCMAudit to [].
2023-04-21 06:15:21,191 [Listener at 0.0.0.0/35035] INFO  ipc.CallQueueManager (CallQueueManager.java:<init>(90)) - Using callQueue: class java.util.concurrent.LinkedBlockingQueue, queueCapacity: 2000, scheduler: class org.apache.hadoop.ipc.DefaultRpcScheduler, ipcBackoff: false.
2023-04-21 06:15:21,192 [Socket Reader #1 for port 0] INFO  ipc.Server (Server.java:run(1319)) - Starting Socket Reader #1 for port 0
2023-04-21 06:15:21,292 [Listener at 0.0.0.0/44943] INFO  ha.SCMServiceManager (SCMServiceManager.java:register(42)) - Registering service ContainerBalancer.
2023-04-21 06:15:21,292 [Listener at 0.0.0.0/44943] INFO  server.StorageContainerManager (StorageContainerManager.java:<init>(419)) - 
Container Balancer status:
Key                            Value
Running                        false
Container Balancer Configuration values:
Key                                                Value
Threshold                                          10
Max Datanodes to Involve per Iteration(percent)    20
Max Size to Move per Iteration                     500GB
Max Size Entering Target per Iteration             26GB
Max Size Leaving Source per Iteration              26GB

2023-04-21 06:15:21,294 [Listener at 0.0.0.0/44943] INFO  ha.SCMContext (SCMContext.java:updateSafeModeStatus(228)) - Update SafeModeStatus from SafeModeStatus{safeModeStatus=true, preCheckPassed=false} to SafeModeStatus{safeModeStatus=true, preCheckPassed=false}.
2023-04-21 06:15:21,300 [Listener at 0.0.0.0/44943] INFO  server.StorageContainerManager (StorageContainerManager.java:start(1476)) - StorageContainerLocationProtocol RPC server is listening at /0.0.0.0:44943
2023-04-21 06:15:21,369 [Listener at 0.0.0.0/44943] WARN  impl.MetricsConfig (MetricsConfig.java:loadFirst(136)) - Cannot locate configuration: tried hadoop-metrics2-storagecontainermanager.properties,hadoop-metrics2.properties
2023-04-21 06:15:21,384 [Listener at 0.0.0.0/44943] INFO  impl.MetricsSystemImpl (MetricsSystemImpl.java:startTimer(378)) - Scheduled Metric snapshot period at 10 second(s).
2023-04-21 06:15:21,385 [Listener at 0.0.0.0/44943] INFO  impl.MetricsSystemImpl (MetricsSystemImpl.java:start(191)) - StorageContainerManager metrics system started
2023-04-21 06:15:21,645 [Listener at 0.0.0.0/44943] INFO  server.SCMClientProtocolServer (SCMClientProtocolServer.java:start(197)) - RPC server for Client  is listening at /0.0.0.0:44943
2023-04-21 06:15:21,645 [IPC Server Responder] INFO  ipc.Server (Server.java:run(1558)) - IPC Server Responder: starting
2023-04-21 06:15:21,647 [IPC Server listener on 0] INFO  ipc.Server (Server.java:run(1398)) - IPC Server listener on 0: starting
2023-04-21 06:15:21,649 [Listener at 0.0.0.0/44943] INFO  server.StorageContainerManager (StorageContainerManager.java:start(1490)) - ScmBlockLocationProtocol RPC server is listening at /0.0.0.0:35035
2023-04-21 06:15:21,650 [Listener at 0.0.0.0/44943] INFO  server.SCMBlockProtocolServer (SCMBlockProtocolServer.java:start(152)) - RPC server for Block Protocol is listening at /0.0.0.0:35035
2023-04-21 06:15:21,650 [IPC Server Responder] INFO  ipc.Server (Server.java:run(1558)) - IPC Server Responder: starting
2023-04-21 06:15:21,651 [IPC Server listener on 0] INFO  ipc.Server (Server.java:run(1398)) - IPC Server listener on 0: starting
2023-04-21 06:15:21,653 [Listener at 0.0.0.0/44943] INFO  server.SCMDatanodeProtocolServer (SCMDatanodeProtocolServer.java:start(193)) - ScmDatanodeProtocol RPC server for DataNodes is listening at /0.0.0.0:45299
2023-04-21 06:15:21,654 [IPC Server Responder] INFO  ipc.Server (Server.java:run(1558)) - IPC Server Responder: starting
2023-04-21 06:15:21,654 [IPC Server listener on 0] INFO  ipc.Server (Server.java:run(1398)) - IPC Server listener on 0: starting
2023-04-21 06:15:21,679 [org.apache.hadoop.util.JvmPauseMonitor$Monitor@972fb4d] INFO  util.JvmPauseMonitor (JvmPauseMonitor.java:run(188)) - Starting JVM pause monitor
2023-04-21 06:15:21,686 [Listener at 0.0.0.0/44943] INFO  http.BaseHttpServer (BaseHttpServer.java:newHttpServer2BuilderForOzone(224)) - Starting Web-server for scm at: http://0.0.0.0:0
2023-04-21 06:15:21,686 [Listener at 0.0.0.0/44943] INFO  http.BaseHttpServer (BaseHttpServer.java:<init>(111)) - Hadoop Security Enabled: false Ozone Security Enabled: false Ozone HTTP Security Enabled: false 
2023-04-21 06:15:21,711 [Listener at 0.0.0.0/44943] INFO  util.log (Log.java:initialized(170)) - Logging initialized @4401ms to org.eclipse.jetty.util.log.Slf4jLog
2023-04-21 06:15:21,802 [Listener at 0.0.0.0/44943] WARN  server.AuthenticationFilter (AuthenticationFilter.java:constructSecretProvider(240)) - Unable to initialize FileSignerSecretProvider, falling back to use random secrets. Reason: Could not read signature secret file: /home/runner/hadoop-http-auth-signature-secret
2023-04-21 06:15:21,811 [Listener at 0.0.0.0/44943] INFO  http.HttpRequestLog (HttpRequestLog.java:getRequestLog(86)) - Http request log for http.requests.scm is not defined
2023-04-21 06:15:21,817 [Listener at 0.0.0.0/44943] INFO  http.HttpServer2 (HttpServer2.java:addGlobalFilter(1031)) - Added global filter 'safety' (class=org.apache.hadoop.hdds.server.http.HttpServer2$QuotingInputFilter)
2023-04-21 06:15:21,820 [Listener at 0.0.0.0/44943] INFO  http.HttpServer2 (HttpServer2.java:addFilter(1007)) - Added filter static_user_filter (class=org.apache.hadoop.http.lib.StaticUserWebFilter$StaticUserFilter) to context scm
2023-04-21 06:15:21,820 [Listener at 0.0.0.0/44943] INFO  http.HttpServer2 (HttpServer2.java:addFilter(1015)) - Added filter static_user_filter (class=org.apache.hadoop.http.lib.StaticUserWebFilter$StaticUserFilter) to context logs
2023-04-21 06:15:21,820 [Listener at 0.0.0.0/44943] INFO  http.HttpServer2 (HttpServer2.java:addFilter(1015)) - Added filter static_user_filter (class=org.apache.hadoop.http.lib.StaticUserWebFilter$StaticUserFilter) to context static
2023-04-21 06:15:21,854 [Listener at 0.0.0.0/44943] INFO  http.BaseHttpServer (BaseHttpServer.java:<init>(190)) - HTTP server of scm uses base directory /home/runner/work/ozone/ozone/hadoop-ozone/integration-test/target/test-dir/MiniOzoneClusterImpl-222c068d-693f-41e7-a147-5f3bf9f7a261/ozone-meta/webserver
2023-04-21 06:15:21,855 [Listener at 0.0.0.0/44943] INFO  http.HttpServer2 (HttpServer2.java:bindListener(1250)) - Jetty bound to port 43855
2023-04-21 06:15:21,856 [Listener at 0.0.0.0/44943] INFO  server.Server (Server.java:doStart(375)) - jetty-9.4.49.v20220914; built: 2022-09-14T01:07:36.601Z; git: 4231a3b2e4cb8548a412a789936d640a97b1aa0a; jvm 1.8.0_362-b09
2023-04-21 06:15:21,883 [Listener at 0.0.0.0/44943] INFO  server.session (DefaultSessionIdManager.java:doStart(334)) - DefaultSessionIdManager workerName=node0
2023-04-21 06:15:21,883 [Listener at 0.0.0.0/44943] INFO  server.session (DefaultSessionIdManager.java:doStart(339)) - No SessionScavenger set, using defaults
2023-04-21 06:15:21,884 [Listener at 0.0.0.0/44943] INFO  server.session (HouseKeeper.java:startScavenging(132)) - node0 Scavenging every 660000ms
2023-04-21 06:15:21,896 [Listener at 0.0.0.0/44943] INFO  handler.ContextHandler (ContextHandler.java:doStart(921)) - Started o.e.j.s.ServletContextHandler@31cd8442{logs,/logs,file:///home/runner/work/ozone/ozone/hadoop-ozone/integration-test/target/log,AVAILABLE}
2023-04-21 06:15:21,896 [Listener at 0.0.0.0/44943] INFO  handler.ContextHandler (ContextHandler.java:doStart(921)) - Started o.e.j.s.ServletContextHandler@75f5ce9a{static,/static,file:///home/runner/work/ozone/ozone/hadoop-ozone/integration-test/target/test-classes/webapps/static,AVAILABLE}
2023-04-21 06:15:21,936 [Listener at 0.0.0.0/44943] INFO  handler.ContextHandler (ContextHandler.java:doStart(921)) - Started o.e.j.w.WebAppContext@547f100e{scm,/,file:///home/runner/work/ozone/ozone/hadoop-ozone/integration-test/target/test-classes/webapps/scm/,AVAILABLE}{file:/home/runner/work/ozone/ozone/hadoop-ozone/integration-test/target/test-classes/webapps/scm}
2023-04-21 06:15:21,944 [Listener at 0.0.0.0/44943] INFO  server.AbstractConnector (AbstractConnector.java:doStart(333)) - Started ServerConnector@9178277{HTTP/1.1, (http/1.1)}{0.0.0.0:43855}
2023-04-21 06:15:21,944 [Listener at 0.0.0.0/44943] INFO  server.Server (Server.java:doStart(415)) - Started @4634ms
2023-04-21 06:15:21,953 [Listener at 0.0.0.0/44943] INFO  impl.MetricsSinkAdapter (MetricsSinkAdapter.java:start(204)) - Sink prometheus started
2023-04-21 06:15:21,953 [Listener at 0.0.0.0/44943] INFO  impl.MetricsSystemImpl (MetricsSystemImpl.java:registerSink(305)) - Registered sink prometheus
2023-04-21 06:15:21,954 [Listener at 0.0.0.0/44943] INFO  http.BaseHttpServer (BaseHttpServer.java:updateConnectorAddress(344)) - HTTP server of scm listening at http://0.0.0.0:43855
2023-04-21 06:15:21,959 [Listener at 0.0.0.0/44943] WARN  server.ServerUtils (ServerUtils.java:getDBPath(225)) - ozone.om.db.dirs is not configured. We recommend adding this setting. Falling back to ozone.metadata.dirs instead.
2023-04-21 06:15:22,030 [Listener at 0.0.0.0/44943] INFO  audit.AuditLogger (AuditLogger.java:refreshDebugCmdSet(126)) - Refresh DebugCmdSet for OMAudit to [].
2023-04-21 06:15:22,108 [Listener at 0.0.0.0/44943] INFO  ha.OMHANodeDetails (OMHANodeDetails.java:loadOMHAConfig(115)) - ozone.om.internal.service.id is not defined, falling back to ozone.om.service.ids to find serviceID for OzoneManager if it is HA enabled cluster
2023-04-21 06:15:22,111 [Listener at 0.0.0.0/44943] INFO  ha.OMHANodeDetails (OMHANodeDetails.java:loadOMHAConfig(226)) - Configuration does not have ozone.om.address set. Falling back to the default OM address /127.0.0.1:0
2023-04-21 06:15:22,112 [Listener at 0.0.0.0/44943] INFO  ha.OMHANodeDetails (OMHANodeDetails.java:getOMNodeDetailsForNonHA(254)) - OM Service ID is not set. Setting it to the default ID: omServiceIdDefault
2023-04-21 06:15:22,112 [Listener at 0.0.0.0/44943] INFO  ha.OMHANodeDetails (OMHANodeDetails.java:getOMNodeDetailsForNonHA(261)) - OM Node ID is not set. Setting it to the default ID: om1
2023-04-21 06:15:22,115 [Listener at 0.0.0.0/44943] WARN  server.ServerUtils (ServerUtils.java:getDBPath(225)) - ozone.om.db.dirs is not configured. We recommend adding this setting. Falling back to ozone.metadata.dirs instead.
2023-04-21 06:15:22,118 [Listener at 0.0.0.0/44943] INFO  upgrade.AbstractLayoutVersionManager (AbstractLayoutVersionManager.java:init(83)) - Initializing Layout version manager with metadata layout = HSYNC (version = 4), software layout = HSYNC (version = 4)
2023-04-21 06:15:22,219 [Listener at 0.0.0.0/44943] INFO  reflections.Reflections (Reflections.java:scan(232)) - Reflections took 96 ms to scan 2 urls, producing 171 keys and 477 values [using 2 cores]
2023-04-21 06:15:22,225 [Listener at 0.0.0.0/44943] INFO  upgrade.OMLayoutVersionManager (OMLayoutVersionManager.java:lambda$0(115)) - Skipping Upgrade Action MockOmUpgradeAction since it has been finalized.
2023-04-21 06:15:22,227 [Listener at 0.0.0.0/44943] WARN  server.ServerUtils (ServerUtils.java:getDBPath(225)) - ozone.om.db.dirs is not configured. We recommend adding this setting. Falling back to ozone.metadata.dirs instead.
2023-04-21 06:15:22,365 [Listener at 0.0.0.0/44943] INFO  proxy.SCMBlockLocationFailoverProxyProvider (SCMBlockLocationFailoverProxyProvider.java:<init>(114)) - Created block location fail-over proxy with 1 nodes: [nodeId=scmNodeId,nodeAddress=/0.0.0.0:35035]
2023-04-21 06:15:22,394 [Listener at 0.0.0.0/44943] INFO  proxy.SCMBlockLocationFailoverProxyProvider (SCMBlockLocationFailoverProxyProvider.java:<init>(114)) - Created block location fail-over proxy with 1 nodes: [nodeId=scmNodeId,nodeAddress=/0.0.0.0:35035]
2023-04-21 06:15:22,601 [Listener at 0.0.0.0/44943] INFO  om.OzoneManager (OzoneManager.java:<init>(627)) - OM start with adminUsers: [runner]
2023-04-21 06:15:22,612 [Listener at 0.0.0.0/44943] WARN  server.ServerUtils (ServerUtils.java:getDBPath(225)) - ozone.om.db.dirs is not configured. We recommend adding this setting. Falling back to ozone.metadata.dirs instead.
2023-04-21 06:15:22,620 [Listener at 0.0.0.0/44943] INFO  codec.OmKeyInfoCodec (OmKeyInfoCodec.java:<init>(49)) - OmKeyInfoCodec ignorePipeline = true
2023-04-21 06:15:22,621 [Listener at 0.0.0.0/44943] INFO  codec.RepeatedOmKeyInfoCodec (RepeatedOmKeyInfoCodec.java:<init>(41)) - RepeatedOmKeyInfoCodec ignorePipeline = true
2023-04-21 06:15:22,887 [Listener at 0.0.0.0/44943] INFO  om.OzoneManager (OzoneManager.java:instantiateServices(757)) - S3 Multi-Tenancy is disabled
2023-04-21 06:15:22,917 [Listener at 0.0.0.0/44943] WARN  server.ServerUtils (ServerUtils.java:getDBPath(225)) - ozone.om.snapshot.diff.db.dir is not configured. We recommend adding this setting. Falling back to ozone.metadata.dirs instead.
2023-04-21 06:15:23,020 [Listener at 0.0.0.0/44943] INFO  om.OzoneManager (OzoneManager.java:addS3GVolumeToDB(4257)) - Created Volume s3v With Owner runner required for S3Gateway operations.
2023-04-21 06:15:23,079 [Listener at 0.0.0.0/44943] WARN  server.ServerUtils (ServerUtils.java:getDefaultRatisDirectory(237)) - Storage directory for Ratis is not configured. It is a good idea to map this to an SSD disk. Falling back to ozone.metadata.dirs
2023-04-21 06:15:23,080 [Listener at 0.0.0.0/44943] WARN  utils.OzoneManagerRatisUtils (OzoneManagerRatisUtils.java:getOMRatisSnapshotDirectory(459)) - ozone.om.ratis.snapshot.dir is not configured. Falling back to ozone.metadata.dirs config
2023-04-21 06:15:23,096 [Listener at 0.0.0.0/44943] WARN  server.ServerUtils (ServerUtils.java:getDefaultRatisDirectory(237)) - Storage directory for Ratis is not configured. It is a good idea to map this to an SSD disk. Falling back to ozone.metadata.dirs
2023-04-21 06:15:23,128 [Listener at 0.0.0.0/44943] INFO  ratis.OzoneManagerRatisServer (OzoneManagerRatisServer.java:<init>(163)) - Instantiating OM Ratis server with groupID: omServiceIdDefault and peers: localhost:9872
2023-04-21 06:15:23,136 [Listener at 0.0.0.0/44943] INFO  ratis.OzoneManagerStateMachine (OzoneManagerStateMachine.java:loadSnapshotInfoFromDB(644)) - LastAppliedIndex is set from TransactionInfo from OM DB as (t:0, i:~)
2023-04-21 06:15:23,182 [Listener at 0.0.0.0/44943] INFO  server.RaftServer (ConfUtils.java:logGet(46)) - raft.rpc.type = GRPC (default)
2023-04-21 06:15:23,255 [Listener at 0.0.0.0/44943] INFO  grpc.GrpcConfigKeys (ConfUtils.java:logFallback(53)) - raft.grpc.admin.host = null (fallback to raft.grpc.server.host)
2023-04-21 06:15:23,256 [Listener at 0.0.0.0/44943] INFO  grpc.GrpcConfigKeys (ConfUtils.java:logFallback(53)) - raft.grpc.admin.port = 9872 (fallback to raft.grpc.server.port)
2023-04-21 06:15:23,257 [Listener at 0.0.0.0/44943] INFO  grpc.GrpcConfigKeys (ConfUtils.java:logFallback(53)) - raft.grpc.client.host = null (fallback to raft.grpc.server.host)
2023-04-21 06:15:23,257 [Listener at 0.0.0.0/44943] INFO  grpc.GrpcConfigKeys (ConfUtils.java:logFallback(53)) - raft.grpc.client.port = 9872 (fallback to raft.grpc.server.port)
2023-04-21 06:15:23,257 [Listener at 0.0.0.0/44943] INFO  grpc.GrpcConfigKeys (ConfUtils.java:logGet(46)) - raft.grpc.server.host = null (default)
2023-04-21 06:15:23,258 [Listener at 0.0.0.0/44943] INFO  grpc.GrpcConfigKeys (ConfUtils.java:logGet(46)) - raft.grpc.server.port = 9872 (custom)
2023-04-21 06:15:23,258 [Listener at 0.0.0.0/44943] INFO  server.GrpcService (ConfUtils.java:logGet(46)) - raft.grpc.message.size.max = 33554432 (custom)
2023-04-21 06:15:23,259 [Listener at 0.0.0.0/44943] INFO  server.RaftServerConfigKeys (ConfUtils.java:logGet(46)) - raft.server.log.appender.buffer.byte-limit = 33554432 (custom)
2023-04-21 06:15:23,260 [Listener at 0.0.0.0/44943] INFO  server.GrpcService (ConfUtils.java:logGet(46)) - raft.grpc.flow.control.window = 1MB (=1048576) (default)
2023-04-21 06:15:23,261 [Listener at 0.0.0.0/44943] INFO  server.RaftServerConfigKeys (ConfUtils.java:logGet(46)) - raft.server.rpc.request.timeout = 3000ms (default)
2023-04-21 06:15:23,272 [Listener at 0.0.0.0/44943] INFO  grpc.GrpcConfigKeys (ConfUtils.java:logGet(46)) - raft.grpc.server.heartbeat.channel = true (default)
2023-04-21 06:15:23,275 [Listener at 0.0.0.0/44943] INFO  grpc.GrpcConfigKeys (ConfUtils.java:logGet(46)) - raft.grpc.server.async.request.thread.pool.cached = true (default)
2023-04-21 06:15:23,276 [Listener at 0.0.0.0/44943] INFO  grpc.GrpcConfigKeys (ConfUtils.java:logGet(46)) - raft.grpc.server.async.request.thread.pool.size = 32 (default)
2023-04-21 06:15:23,481 [Listener at 0.0.0.0/44943] INFO  impl.DataStreamServerImpl (ConfUtils.java:logGet(46)) - raft.datastream.type = DISABLED (default)
2023-04-21 06:15:23,483 [Listener at 0.0.0.0/44943] INFO  server.RaftServerConfigKeys (ConfUtils.java:logGet(46)) - raft.server.threadpool.proxy.cached = true (default)
2023-04-21 06:15:23,484 [Listener at 0.0.0.0/44943] INFO  server.RaftServerConfigKeys (ConfUtils.java:logGet(46)) - raft.server.threadpool.proxy.size = 0 (default)
2023-04-21 06:15:23,484 [Listener at 0.0.0.0/44943] INFO  server.RaftServerConfigKeys (ConfUtils.java:logGet(46)) - raft.server.rpc.slowness.timeout = 120s (custom)
2023-04-21 06:15:23,484 [Listener at 0.0.0.0/44943] INFO  server.RaftServerConfigKeys (ConfUtils.java:logGet(46)) - raft.server.leaderelection.leader.step-down.wait-time = 10s (default)
2023-04-21 06:15:23,487 [Listener at 0.0.0.0/44943] INFO  server.RaftServerConfigKeys (ConfUtils.java:logGet(46)) - raft.server.storage.dir = [/home/runner/work/ozone/ozone/hadoop-ozone/integration-test/target/test-dir/MiniOzoneClusterImpl-222c068d-693f-41e7-a147-5f3bf9f7a261/ozone-meta/ratis] (custom)
2023-04-21 06:15:23,497 [Listener at 0.0.0.0/44943] INFO  server.RaftServer (RaftServerProxy.java:addNew(96)) - om1: addNew group-C5BA1605619E:[om1|rpc:localhost:9872|priority:0|startupRole:FOLLOWER] returns group-C5BA1605619E:java.util.concurrent.CompletableFuture@2f159c25[Not completed]
2023-04-21 06:15:23,498 [Listener at 0.0.0.0/44943] INFO  om.OzoneManager (OzoneManager.java:initializeRatisServer(2095)) - OzoneManager Ratis server initialized at port 9872
2023-04-21 06:15:23,503 [Listener at 0.0.0.0/44943] INFO  om.OzoneManager (OzoneManager.java:getRpcServer(1142)) - Creating RPC Server
2023-04-21 06:15:23,516 [pool-61-thread-1] INFO  server.RaftServer$Division (RaftServerImpl.java:<init>(195)) - om1: new RaftServerImpl for group-C5BA1605619E:[om1|rpc:localhost:9872|priority:0|startupRole:FOLLOWER] with OzoneManagerStateMachine:uninitialized
2023-04-21 06:15:23,518 [pool-61-thread-1] INFO  server.RaftServerConfigKeys (ConfUtils.java:logGet(46)) - raft.server.rpc.timeout.min = 1s (custom)
2023-04-21 06:15:23,518 [pool-61-thread-1] INFO  server.RaftServerConfigKeys (ConfUtils.java:logGet(46)) - raft.server.rpc.timeout.max = 1200ms (custom)
2023-04-21 06:15:23,519 [pool-61-thread-1] INFO  server.RaftServerConfigKeys (ConfUtils.java:logGet(46)) - raft.server.rpc.sleep.time = 25ms (default)
2023-04-21 06:15:23,519 [pool-61-thread-1] INFO  server.RaftServerConfigKeys (ConfUtils.java:logGet(46)) - raft.server.rpc.slowness.timeout = 120s (custom)
2023-04-21 06:15:23,520 [pool-61-thread-1] INFO  server.RaftServerConfigKeys (ConfUtils.java:logGet(46)) - raft.server.leaderelection.leader.step-down.wait-time = 10s (default)
2023-04-21 06:15:23,520 [pool-61-thread-1] INFO  server.RaftServerConfigKeys (ConfUtils.java:logGet(46)) - raft.server.sleep.deviation.threshold = 300ms (default)
2023-04-21 06:15:23,532 [pool-61-thread-1] INFO  server.RaftServer$Division (ServerState.java:<init>(118)) - om1@group-C5BA1605619E: ConfigurationManager, init=-1: peers:[om1|rpc:localhost:9872|priority:0|startupRole:FOLLOWER]|listeners:[], old=null, confs=<EMPTY_MAP>
2023-04-21 06:15:23,532 [pool-61-thread-1] INFO  server.RaftServerConfigKeys (ConfUtils.java:logGet(46)) - raft.server.storage.dir = [/home/runner/work/ozone/ozone/hadoop-ozone/integration-test/target/test-dir/MiniOzoneClusterImpl-222c068d-693f-41e7-a147-5f3bf9f7a261/ozone-meta/ratis] (custom)
2023-04-21 06:15:23,548 [pool-61-thread-1] INFO  server.RaftServerConfigKeys (ConfUtils.java:logGet(46)) - raft.server.log.corruption.policy = EXCEPTION (default)
2023-04-21 06:15:23,549 [pool-61-thread-1] INFO  server.RaftServerConfigKeys (ConfUtils.java:logGet(46)) - raft.server.storage.free-space.min = 0MB (=0) (default)
2023-04-21 06:15:23,561 [pool-61-thread-1] INFO  server.RaftServerConfigKeys (ConfUtils.java:logGet(46)) - raft.server.notification.no-leader.timeout = 120s (custom)
2023-04-21 06:15:23,565 [pool-61-thread-1] INFO  server.RaftServerConfigKeys (ConfUtils.java:logGet(46)) - raft.server.retrycache.expirytime = 300s (custom)
2023-04-21 06:15:23,567 [pool-61-thread-1] INFO  server.RaftServerConfigKeys (ConfUtils.java:logGet(46)) - raft.server.retrycache.statistics.expirytime = 100μs (default)
2023-04-21 06:15:23,689 [pool-61-thread-1] INFO  server.RaftServerConfigKeys (ConfUtils.java:logGet(46)) - raft.server.log.appender.install.snapshot.enabled = false (custom)
2023-04-21 06:15:23,690 [pool-61-thread-1] INFO  server.RaftServerConfigKeys (ConfUtils.java:logGet(46)) - raft.server.threadpool.server.cached = true (default)
2023-04-21 06:15:23,690 [pool-61-thread-1] INFO  server.RaftServerConfigKeys (ConfUtils.java:logGet(46)) - raft.server.threadpool.server.size = 0 (default)
2023-04-21 06:15:23,691 [pool-61-thread-1] INFO  server.RaftServerConfigKeys (ConfUtils.java:logGet(46)) - raft.server.threadpool.client.cached = true (default)
2023-04-21 06:15:23,691 [pool-61-thread-1] INFO  server.RaftServerConfigKeys (ConfUtils.java:logGet(46)) - raft.server.threadpool.client.size = 0 (default)
2023-04-21 06:15:24,505 [Listener at 0.0.0.0/44943] INFO  reflections.Reflections (Reflections.java:scan(232)) - Reflections took 916 ms to scan 19 urls, producing 68 keys and 5070 values [using 2 cores]
2023-04-21 06:15:24,684 [Listener at 0.0.0.0/44943] INFO  ipc.CallQueueManager (CallQueueManager.java:<init>(90)) - Using callQueue: class java.util.concurrent.LinkedBlockingQueue, queueCapacity: 2000, scheduler: class org.apache.hadoop.ipc.DefaultRpcScheduler, ipcBackoff: false.
2023-04-21 06:15:24,685 [Socket Reader #1 for port 0] INFO  ipc.Server (Server.java:run(1319)) - Starting Socket Reader #1 for port 0
2023-04-21 06:15:24,719 [Listener at 127.0.0.1/39531] INFO  impl.MetricsSystemImpl (MetricsSystemImpl.java:init(158)) - OzoneManager metrics system started (again)
2023-04-21 06:15:24,731 [Listener at 127.0.0.1/39531] INFO  om.OzoneManager (OzoneManager.java:start(1563)) - OzoneManager RPC server is listening at localhost/127.0.0.1:39531
2023-04-21 06:15:24,731 [Listener at 127.0.0.1/39531] INFO  ratis.OzoneManagerRatisServer (OzoneManagerRatisServer.java:start(558)) - Starting OzoneManagerRatisServer om1 at port 9872
2023-04-21 06:15:24,734 [om1-impl-thread1] INFO  storage.RaftStorageDirectory (RaftStorageDirectoryImpl.java:analyzeStorage(137)) - The storage directory /home/runner/work/ozone/ozone/hadoop-ozone/integration-test/target/test-dir/MiniOzoneClusterImpl-222c068d-693f-41e7-a147-5f3bf9f7a261/ozone-meta/ratis/bf265839-605b-3f16-9796-c5ba1605619e does not exist. Creating ...
2023-04-21 06:15:24,739 [om1-impl-thread1] INFO  storage.RaftStorageDirectory (RaftStorageDirectoryImpl.java:tryLock(231)) - Lock on /home/runner/work/ozone/ozone/hadoop-ozone/integration-test/target/test-dir/MiniOzoneClusterImpl-222c068d-693f-41e7-a147-5f3bf9f7a261/ozone-meta/ratis/bf265839-605b-3f16-9796-c5ba1605619e/in_use.lock acquired by nodename 2764@fv-az205-422
2023-04-21 06:15:24,744 [om1-impl-thread1] INFO  storage.RaftStorage (RaftStorageImpl.java:format(96)) - Storage directory /home/runner/work/ozone/ozone/hadoop-ozone/integration-test/target/test-dir/MiniOzoneClusterImpl-222c068d-693f-41e7-a147-5f3bf9f7a261/ozone-meta/ratis/bf265839-605b-3f16-9796-c5ba1605619e has been successfully formatted.
2023-04-21 06:15:24,747 [om1-impl-thread1] INFO  server.RaftServerConfigKeys (ConfUtils.java:logGet(46)) - raft.server.log.use.memory = false (default)
2023-04-21 06:15:24,754 [om1-impl-thread1] INFO  server.RaftServerConfigKeys (ConfUtils.java:logGet(46)) - raft.server.log.purge.gap = 1000000 (custom)
2023-04-21 06:15:24,754 [om1-impl-thread1] INFO  server.RaftServerConfigKeys (ConfUtils.java:logGet(46)) - raft.server.log.appender.buffer.byte-limit = 33554432 (custom)
2023-04-21 06:15:24,756 [om1-impl-thread1] INFO  server.RaftServerConfigKeys (ConfUtils.java:logGet(46)) - raft.server.log.statemachine.data.read.timeout = 1000ms (default)
2023-04-21 06:15:24,756 [om1-impl-thread1] INFO  server.RaftServerConfigKeys (ConfUtils.java:logGet(46)) - raft.server.log.purge.preservation.log.num = 0 (default)
2023-04-21 06:15:24,758 [om1-impl-thread1] INFO  server.RaftServerConfigKeys (ConfUtils.java:logGet(46)) - raft.server.log.segment.size.max = 4194304 (custom)
2023-04-21 06:15:24,763 [om1-impl-thread1] INFO  server.RaftServerConfigKeys (ConfUtils.java:logGet(46)) - raft.server.log.segment.cache.num.max = 2 (custom)
2023-04-21 06:15:24,764 [om1-impl-thread1] INFO  server.RaftServerConfigKeys (ConfUtils.java:logGet(46)) - raft.server.log.segment.cache.size.max = 200MB (=209715200) (default)
2023-04-21 06:15:24,768 [om1-impl-thread1] INFO  segmented.SegmentedRaftLogWorker (SegmentedRaftLogWorker.java:<init>(189)) - new om1@group-C5BA1605619E-SegmentedRaftLogWorker for RaftStorageImpl:Storage Directory /home/runner/work/ozone/ozone/hadoop-ozone/integration-test/target/test-dir/MiniOzoneClusterImpl-222c068d-693f-41e7-a147-5f3bf9f7a261/ozone-meta/ratis/bf265839-605b-3f16-9796-c5ba1605619e
2023-04-21 06:15:24,769 [om1-impl-thread1] INFO  server.RaftServerConfigKeys (ConfUtils.java:logGet(46)) - raft.server.log.queue.byte-limit = 64MB (=67108864) (default)
2023-04-21 06:15:24,769 [om1-impl-thread1] INFO  server.RaftServerConfigKeys (ConfUtils.java:logGet(46)) - raft.server.log.queue.element-limit = 4096 (default)
2023-04-21 06:15:24,770 [om1-impl-thread1] INFO  server.RaftServerConfigKeys (ConfUtils.java:logGet(46)) - raft.server.log.segment.size.max = 4194304 (custom)
2023-04-21 06:15:24,770 [om1-impl-thread1] INFO  server.RaftServerConfigKeys (ConfUtils.java:logGet(46)) - raft.server.log.preallocated.size = 4194304 (custom)
2023-04-21 06:15:24,771 [om1-impl-thread1] INFO  server.RaftServerConfigKeys (ConfUtils.java:logGet(46)) - raft.server.log.force.sync.num = 128 (default)
2023-04-21 06:15:24,771 [om1-impl-thread1] INFO  server.RaftServerConfigKeys (ConfUtils.java:logGet(46)) - raft.server.log.statemachine.data.sync = true (default)
2023-04-21 06:15:24,772 [om1-impl-thread1] INFO  server.RaftServerConfigKeys (ConfUtils.java:logGet(46)) - raft.server.log.statemachine.data.sync.timeout = 10s (default)
2023-04-21 06:15:24,772 [om1-impl-thread1] INFO  server.RaftServerConfigKeys (ConfUtils.java:logGet(46)) - raft.server.log.statemachine.data.sync.timeout.retry = -1 (default)
2023-04-21 06:15:24,781 [om1-impl-thread1] INFO  server.RaftServerConfigKeys (ConfUtils.java:logGet(46)) - raft.server.log.write.buffer.size = 64KB (=65536) (default)
2023-04-21 06:15:24,782 [om1-impl-thread1] INFO  server.RaftServerConfigKeys (ConfUtils.java:logGet(46)) - raft.server.log.appender.buffer.byte-limit = 33554432 (custom)
2023-04-21 06:15:24,787 [om1-impl-thread1] INFO  server.RaftServerConfigKeys (ConfUtils.java:logGet(46)) - raft.server.log.unsafe-flush.enabled = false (default)
2023-04-21 06:15:24,787 [om1-impl-thread1] INFO  server.RaftServerConfigKeys (ConfUtils.java:logGet(46)) - raft.server.log.async-flush.enabled = false (default)
2023-04-21 06:15:24,788 [om1-impl-thread1] INFO  server.RaftServerConfigKeys (ConfUtils.java:logGet(46)) - raft.server.log.statemachine.data.caching.enabled = false (default)
2023-04-21 06:15:24,793 [om1-impl-thread1] INFO  segmented.SegmentedRaftLogWorker (SegmentedRaftLogWorker.java:lambda$new$0(135)) - om1@group-C5BA1605619E-SegmentedRaftLogWorker: flushIndex: setUnconditionally 0 -> -1
2023-04-21 06:15:24,794 [om1-impl-thread1] INFO  segmented.SegmentedRaftLogWorker (SegmentedRaftLogWorker.java:lambda$new$0(135)) - om1@group-C5BA1605619E-SegmentedRaftLogWorker: safeCacheEvictIndex: setUnconditionally 0 -> -1
2023-04-21 06:15:24,795 [om1-impl-thread1] INFO  server.RaftServer$Division (RaftServerImpl.java:start(334)) - om1@group-C5BA1605619E: start as a follower, conf=-1: peers:[om1|rpc:localhost:9872|priority:0|startupRole:FOLLOWER]|listeners:[], old=null
2023-04-21 06:15:24,800 [om1-impl-thread1] INFO  server.RaftServer$Division (RaftServerImpl.java:setRole(321)) - om1@group-C5BA1605619E: changes role from      null to FOLLOWER at term 0 for startAsFollower
2023-04-21 06:15:24,801 [om1-impl-thread1] INFO  impl.RoleInfo (RoleInfo.java:updateAndGet(139)) - om1: start om1@group-C5BA1605619E-FollowerState
2023-04-21 06:15:24,802 [om1-impl-thread1] INFO  util.JmxRegister (JmxRegister.java:tryRegister(44)) - Successfully registered JMX Bean with object name Ratis:service=RaftServer,group=group-C5BA1605619E,id=om1
2023-04-21 06:15:24,804 [om1-impl-thread1] INFO  server.RaftServerConfigKeys (ConfUtils.java:logGet(46)) - raft.server.snapshot.auto.trigger.enabled = true (custom)
2023-04-21 06:15:24,804 [om1-impl-thread1] INFO  server.RaftServerConfigKeys (ConfUtils.java:logGet(46)) - raft.server.snapshot.auto.trigger.threshold = 400000 (default)
2023-04-21 06:15:24,805 [om1-impl-thread1] INFO  server.RaftServerConfigKeys (ConfUtils.java:logGet(46)) - raft.server.snapshot.retention.file.num = -1 (default)
2023-04-21 06:15:24,805 [om1-impl-thread1] INFO  server.RaftServerConfigKeys (ConfUtils.java:logGet(46)) - raft.server.log.purge.upto.snapshot.index = true (custom)
2023-04-21 06:15:24,809 [om1@group-C5BA1605619E-FollowerState] INFO  server.RaftServerConfigKeys (ConfUtils.java:logFallback(53)) - raft.server.rpc.first-election.timeout.min = 1s (fallback to raft.server.rpc.timeout.min)
2023-04-21 06:15:24,809 [om1@group-C5BA1605619E-FollowerState] INFO  server.RaftServerConfigKeys (ConfUtils.java:logFallback(53)) - raft.server.rpc.first-election.timeout.max = 1200ms (fallback to raft.server.rpc.timeout.max)
2023-04-21 06:15:24,809 [Listener at 127.0.0.1/39531] INFO  server.RaftServer (RaftServerProxy.java:startImpl(393)) - om1: start RPC server
2023-04-21 06:15:24,855 [Listener at 127.0.0.1/39531] INFO  server.GrpcService (GrpcService.java:startImpl(262)) - om1: GrpcService started, listening on 9872
2023-04-21 06:15:24,858 [Listener at 127.0.0.1/39531] INFO  om.OzoneManager (OzoneManager.java:start(1579)) - Version File has different layout version (4) than OM DB (null). That is expected if this OM has never been finalized to a newer layout version.
2023-04-21 06:15:24,860 [JvmPauseMonitor0] INFO  util.JvmPauseMonitor (JvmPauseMonitor.java:run(105)) - JvmPauseMonitor-om1: Started
2023-04-21 06:15:24,882 [Listener at 127.0.0.1/39531] INFO  http.BaseHttpServer (BaseHttpServer.java:newHttpServer2BuilderForOzone(224)) - Starting Web-server for ozoneManager at: http://0.0.0.0:0
2023-04-21 06:15:24,883 [Listener at 127.0.0.1/39531] INFO  http.BaseHttpServer (BaseHttpServer.java:<init>(111)) - Hadoop Security Enabled: false Ozone Security Enabled: false Ozone HTTP Security Enabled: false 
2023-04-21 06:15:24,884 [Listener at 127.0.0.1/39531] WARN  server.AuthenticationFilter (AuthenticationFilter.java:constructSecretProvider(240)) - Unable to initialize FileSignerSecretProvider, falling back to use random secrets. Reason: Could not read signature secret file: /home/runner/hadoop-http-auth-signature-secret
2023-04-21 06:15:24,886 [Listener at 127.0.0.1/39531] INFO  http.HttpRequestLog (HttpRequestLog.java:getRequestLog(86)) - Http request log for http.requests.ozoneManager is not defined
2023-04-21 06:15:24,889 [Listener at 127.0.0.1/39531] INFO  http.HttpServer2 (HttpServer2.java:addGlobalFilter(1031)) - Added global filter 'safety' (class=org.apache.hadoop.hdds.server.http.HttpServer2$QuotingInputFilter)
2023-04-21 06:15:24,890 [Listener at 127.0.0.1/39531] INFO  http.HttpServer2 (HttpServer2.java:addFilter(1007)) - Added filter static_user_filter (class=org.apache.hadoop.http.lib.StaticUserWebFilter$StaticUserFilter) to context ozoneManager
2023-04-21 06:15:24,890 [Listener at 127.0.0.1/39531] INFO  http.HttpServer2 (HttpServer2.java:addFilter(1015)) - Added filter static_user_filter (class=org.apache.hadoop.http.lib.StaticUserWebFilter$StaticUserFilter) to context static
2023-04-21 06:15:24,891 [Listener at 127.0.0.1/39531] INFO  http.HttpServer2 (HttpServer2.java:addFilter(1015)) - Added filter static_user_filter (class=org.apache.hadoop.http.lib.StaticUserWebFilter$StaticUserFilter) to context logs
2023-04-21 06:15:24,894 [Listener at 127.0.0.1/39531] INFO  http.BaseHttpServer (BaseHttpServer.java:<init>(190)) - HTTP server of ozoneManager uses base directory /home/runner/work/ozone/ozone/hadoop-ozone/integration-test/target/test-dir/MiniOzoneClusterImpl-222c068d-693f-41e7-a147-5f3bf9f7a261/ozone-meta/webserver
2023-04-21 06:15:24,897 [Listener at 127.0.0.1/39531] INFO  http.HttpServer2 (HttpServer2.java:bindListener(1250)) - Jetty bound to port 33453
2023-04-21 06:15:24,898 [Listener at 127.0.0.1/39531] INFO  server.Server (Server.java:doStart(375)) - jetty-9.4.49.v20220914; built: 2022-09-14T01:07:36.601Z; git: 4231a3b2e4cb8548a412a789936d640a97b1aa0a; jvm 1.8.0_362-b09
2023-04-21 06:15:24,938 [Listener at 127.0.0.1/39531] INFO  server.session (DefaultSessionIdManager.java:doStart(334)) - DefaultSessionIdManager workerName=node0
2023-04-21 06:15:24,938 [Listener at 127.0.0.1/39531] INFO  server.session (DefaultSessionIdManager.java:doStart(339)) - No SessionScavenger set, using defaults
2023-04-21 06:15:24,938 [Listener at 127.0.0.1/39531] INFO  server.session (HouseKeeper.java:startScavenging(132)) - node0 Scavenging every 660000ms
2023-04-21 06:15:24,946 [Listener at 127.0.0.1/39531] INFO  handler.ContextHandler (ContextHandler.java:doStart(921)) - Started o.e.j.s.ServletContextHandler@920d675{logs,/logs,file:///home/runner/work/ozone/ozone/hadoop-ozone/integration-test/target/log,AVAILABLE}
2023-04-21 06:15:24,947 [Listener at 127.0.0.1/39531] INFO  handler.ContextHandler (ContextHandler.java:doStart(921)) - Started o.e.j.s.ServletContextHandler@3c5b199b{static,/static,file:///home/runner/work/ozone/ozone/hadoop-ozone/integration-test/target/test-classes/webapps/static,AVAILABLE}
2023-04-21 06:15:24,951 [Listener at 127.0.0.1/39531] INFO  handler.ContextHandler (ContextHandler.java:doStart(921)) - Started o.e.j.w.WebAppContext@f1577ac{ozoneManager,/,file:///home/runner/work/ozone/ozone/hadoop-ozone/integration-test/target/test-classes/webapps/ozoneManager/,AVAILABLE}{file:/home/runner/work/ozone/ozone/hadoop-ozone/integration-test/target/test-classes/webapps/ozoneManager}
2023-04-21 06:15:24,952 [Listener at 127.0.0.1/39531] INFO  server.AbstractConnector (AbstractConnector.java:doStart(333)) - Started ServerConnector@22f6240b{HTTP/1.1, (http/1.1)}{0.0.0.0:33453}
2023-04-21 06:15:24,952 [Listener at 127.0.0.1/39531] INFO  server.Server (Server.java:doStart(415)) - Started @7642ms
2023-04-21 06:15:24,952 [Listener at 127.0.0.1/39531] WARN  impl.MetricsSystemImpl (MetricsSystemImpl.java:register(279)) - Sink prometheus already exists!
2023-04-21 06:15:24,959 [Listener at 127.0.0.1/39531] INFO  http.BaseHttpServer (BaseHttpServer.java:updateConnectorAddress(344)) - HTTP server of ozoneManager listening at http://0.0.0.0:33453
2023-04-21 06:15:24,966 [IPC Server Responder] INFO  ipc.Server (Server.java:run(1558)) - IPC Server Responder: starting
2023-04-21 06:15:24,971 [IPC Server listener on 0] INFO  ipc.Server (Server.java:run(1398)) - IPC Server listener on 0: starting
2023-04-21 06:15:24,998 [Listener at 127.0.0.1/39531] INFO  om.OzoneManager (OzoneManager.java:startTrashEmptier(2039)) - Trash Interval set to 0. Files deleted won't move to trash
2023-04-21 06:15:25,003 [org.apache.hadoop.util.JvmPauseMonitor$Monitor@24d7075] INFO  util.JvmPauseMonitor (JvmPauseMonitor.java:run(188)) - Starting JVM pause monitor
2023-04-21 06:15:25,151 [Listener at 127.0.0.1/39531] WARN  impl.MetricRegistriesImpl (MetricRegistriesImpl.java:addReporterRegistration(111)) - New reporters are added after registries were created. Some metrics will be missing from the reporter. Please add reporter before adding any new registry.
2023-04-21 06:15:25,151 [Listener at 127.0.0.1/39531] WARN  impl.MetricRegistriesImpl (MetricRegistriesImpl.java:addReporterRegistration(111)) - New reporters are added after registries were created. Some metrics will be missing from the reporter. Please add reporter before adding any new registry.
2023-04-21 06:15:25,151 [Listener at 127.0.0.1/39531] INFO  impl.MetricsSystemImpl (MetricsSystemImpl.java:init(158)) - HddsDatanode metrics system started (again)
2023-04-21 06:15:25,173 [Listener at 127.0.0.1/39531] INFO  ozone.HddsDatanodeService (HddsDatanodeService.java:start(252)) - HddsDatanodeService host:fv-az205-422 ip:10.1.0.35
2023-04-21 06:15:25,212 [Listener at 127.0.0.1/39531] INFO  upgrade.AbstractLayoutVersionManager (AbstractLayoutVersionManager.java:init(83)) - Initializing Layout version manager with metadata layout = WEBUI_PORTS_IN_DATANODEDETAILS (version = 6), software layout = WEBUI_PORTS_IN_DATANODEDETAILS (version = 6)
2023-04-21 06:15:25,264 [Listener at 127.0.0.1/39531] INFO  reflections.Reflections (Reflections.java:scan(232)) - Reflections took 50 ms to scan 7 urls, producing 156 keys and 369 values 
2023-04-21 06:15:25,269 [Listener at 127.0.0.1/39531] INFO  statemachine.DatanodeStateMachine (DatanodeStateMachine.java:getEndPointTaskThreadPoolSize(260)) - Datanode State Machine Task Thread Pool size 2
2023-04-21 06:15:25,345 [Listener at 127.0.0.1/39531] INFO  volume.HddsVolume (HddsVolume.java:<init>(130)) - Creating HddsVolume: /home/runner/work/ozone/ozone/hadoop-ozone/integration-test/target/test-dir/MiniOzoneClusterImpl-222c068d-693f-41e7-a147-5f3bf9f7a261/datanode-0/data-0/containers/hdds of storage type : DISK capacity : 9223372036854775807
2023-04-21 06:15:25,348 [Listener at 127.0.0.1/39531] INFO  volume.MutableVolumeSet (MutableVolumeSet.java:initializeVolumeSet(175)) - Added Volume : /home/runner/work/ozone/ozone/hadoop-ozone/integration-test/target/test-dir/MiniOzoneClusterImpl-222c068d-693f-41e7-a147-5f3bf9f7a261/datanode-0/data-0/containers/hdds to VolumeSet
2023-04-21 06:15:25,349 [Listener at 127.0.0.1/39531] INFO  volume.ThrottledAsyncChecker (ThrottledAsyncChecker.java:schedule(141)) - Scheduling a check for /home/runner/work/ozone/ozone/hadoop-ozone/integration-test/target/test-dir/MiniOzoneClusterImpl-222c068d-693f-41e7-a147-5f3bf9f7a261/datanode-0/data-0/containers/hdds
2023-04-21 06:15:25,368 [Listener at 127.0.0.1/39531] INFO  volume.StorageVolumeChecker (StorageVolumeChecker.java:checkAllVolumes(202)) - Scheduled health check for volume /home/runner/work/ozone/ozone/hadoop-ozone/integration-test/target/test-dir/MiniOzoneClusterImpl-222c068d-693f-41e7-a147-5f3bf9f7a261/datanode-0/data-0/containers/hdds
2023-04-21 06:15:25,386 [Listener at 127.0.0.1/39531] INFO  volume.MutableVolumeSet (MutableVolumeSet.java:initializeVolumeSet(175)) - Added Volume : /home/runner/work/ozone/ozone/hadoop-ozone/integration-test/target/test-dir/MiniOzoneClusterImpl-222c068d-693f-41e7-a147-5f3bf9f7a261/datanode-0/data/ratis to VolumeSet
2023-04-21 06:15:25,387 [Listener at 127.0.0.1/39531] INFO  volume.ThrottledAsyncChecker (ThrottledAsyncChecker.java:schedule(141)) - Scheduling a check for /home/runner/work/ozone/ozone/hadoop-ozone/integration-test/target/test-dir/MiniOzoneClusterImpl-222c068d-693f-41e7-a147-5f3bf9f7a261/datanode-0/data/ratis
2023-04-21 06:15:25,387 [Listener at 127.0.0.1/39531] INFO  volume.StorageVolumeChecker (StorageVolumeChecker.java:checkAllVolumes(202)) - Scheduled health check for volume /home/runner/work/ozone/ozone/hadoop-ozone/integration-test/target/test-dir/MiniOzoneClusterImpl-222c068d-693f-41e7-a147-5f3bf9f7a261/datanode-0/data/ratis
2023-04-21 06:15:25,418 [Thread-139] INFO  ozoneimpl.ContainerReader (ContainerReader.java:readVolume(175)) - Finish verifying containers on volume /home/runner/work/ozone/ozone/hadoop-ozone/integration-test/target/test-dir/MiniOzoneClusterImpl-222c068d-693f-41e7-a147-5f3bf9f7a261/datanode-0/data-0/containers/hdds
2023-04-21 06:15:25,418 [Listener at 127.0.0.1/39531] INFO  ozoneimpl.OzoneContainer (OzoneContainer.java:buildContainerSet(303)) - Build ContainerSet costs 0s
2023-04-21 06:15:25,470 [Listener at 127.0.0.1/39531] INFO  audit.AuditLogger (AuditLogger.java:refreshDebugCmdSet(126)) - Refresh DebugCmdSet for DNAudit to [].
2023-04-21 06:15:25,505 [Listener at 127.0.0.1/39531] INFO  server.RaftServer (ConfUtils.java:logGet(46)) - raft.rpc.type = GRPC (default)
2023-04-21 06:15:25,505 [Listener at 127.0.0.1/39531] INFO  grpc.GrpcConfigKeys (ConfUtils.java:logFallback(53)) - raft.grpc.admin.host = null (fallback to raft.grpc.server.host)
2023-04-21 06:15:25,505 [Listener at 127.0.0.1/39531] INFO  grpc.GrpcConfigKeys (ConfUtils.java:logGet(46)) - raft.grpc.admin.port = 0 (custom)
2023-04-21 06:15:25,506 [Listener at 127.0.0.1/39531] INFO  grpc.GrpcConfigKeys (ConfUtils.java:logFallback(53)) - raft.grpc.client.host = null (fallback to raft.grpc.server.host)
2023-04-21 06:15:25,507 [Listener at 127.0.0.1/39531] INFO  grpc.GrpcConfigKeys (ConfUtils.java:logGet(46)) - raft.grpc.client.port = 0 (custom)
2023-04-21 06:15:25,508 [Listener at 127.0.0.1/39531] INFO  grpc.GrpcConfigKeys (ConfUtils.java:logGet(46)) - raft.grpc.server.host = null (default)
2023-04-21 06:15:25,508 [Listener at 127.0.0.1/39531] INFO  grpc.GrpcConfigKeys (ConfUtils.java:logGet(46)) - raft.grpc.server.port = 0 (default)
2023-04-21 06:15:25,508 [Listener at 127.0.0.1/39531] INFO  server.GrpcService (ConfUtils.java:logGet(46)) - raft.grpc.message.size.max = 32MB (=33554432) (custom)
2023-04-21 06:15:25,509 [Listener at 127.0.0.1/39531] INFO  server.RaftServerConfigKeys (ConfUtils.java:logGet(46)) - raft.server.log.appender.buffer.byte-limit = 33554432 (custom)
2023-04-21 06:15:25,511 [Listener at 127.0.0.1/39531] INFO  server.GrpcService (ConfUtils.java:logGet(46)) - raft.grpc.flow.control.window = 5MB (=5242880) (custom)
2023-04-21 06:15:25,512 [Listener at 127.0.0.1/39531] INFO  server.RaftServerConfigKeys (ConfUtils.java:logGet(46)) - raft.server.rpc.request.timeout = 60s (custom)
2023-04-21 06:15:25,513 [Listener at 127.0.0.1/39531] INFO  grpc.GrpcConfigKeys (ConfUtils.java:logGet(46)) - raft.grpc.server.heartbeat.channel = true (default)
2023-04-21 06:15:25,513 [Listener at 127.0.0.1/39531] INFO  grpc.GrpcConfigKeys (ConfUtils.java:logGet(46)) - raft.grpc.server.async.request.thread.pool.cached = true (default)
2023-04-21 06:15:25,513 [Listener at 127.0.0.1/39531] INFO  grpc.GrpcConfigKeys (ConfUtils.java:logGet(46)) - raft.grpc.server.async.request.thread.pool.size = 32 (default)
2023-04-21 06:15:25,517 [Listener at 127.0.0.1/39531] INFO  impl.DataStreamServerImpl (ConfUtils.java:logGet(46)) - raft.datastream.type = NETTY (custom)
2023-04-21 06:15:25,525 [Listener at 127.0.0.1/39531] INFO  server.RaftServerConfigKeys (ConfUtils.java:logGet(46)) - raft.server.data-stream.async.request.thread.pool.cached = false (default)
2023-04-21 06:15:25,526 [Listener at 127.0.0.1/39531] INFO  server.RaftServerConfigKeys (ConfUtils.java:logGet(46)) - raft.server.data-stream.async.request.thread.pool.size = 20 (custom)
2023-04-21 06:15:25,526 [Listener at 127.0.0.1/39531] INFO  server.RaftServerConfigKeys (ConfUtils.java:logGet(46)) - raft.server.data-stream.async.write.thread.pool.size = 16 (default)
2023-04-21 06:15:25,528 [Listener at 127.0.0.1/39531] INFO  server.RaftServerConfigKeys (ConfUtils.java:logGet(46)) - raft.server.data-stream.client.pool.size = 10 (default)
2023-04-21 06:15:25,530 [Listener at 127.0.0.1/39531] INFO  netty.NettyConfigKeys$DataStream (ConfUtils.java:logGet(46)) - raft.netty.dataStream.server.use-epoll = false (default)
2023-04-21 06:15:25,531 [Listener at 127.0.0.1/39531] INFO  netty.NettyConfigKeys$DataStream (ConfUtils.java:logGet(46)) - raft.netty.dataStream.server.boss-group.size = 0 (default)
2023-04-21 06:15:25,537 [Listener at 127.0.0.1/39531] INFO  netty.NettyConfigKeys$DataStream (ConfUtils.java:logGet(46)) - raft.netty.dataStream.server.worker-group.size = 0 (default)
2023-04-21 06:15:25,539 [Listener at 127.0.0.1/39531] INFO  netty.NettyConfigKeys$DataStream (ConfUtils.java:logGet(46)) - raft.netty.dataStream.server.tls.conf = null (default)
2023-04-21 06:15:25,541 [Listener at 127.0.0.1/39531] INFO  netty.NettyConfigKeys$DataStream (ConfUtils.java:logGet(46)) - raft.netty.dataStream.host = null (default)
2023-04-21 06:15:25,541 [Listener at 127.0.0.1/39531] INFO  netty.NettyConfigKeys$DataStream (ConfUtils.java:logGet(46)) - raft.netty.dataStream.port = 0 (default)
2023-04-21 06:15:25,552 [Listener at 127.0.0.1/39531] INFO  server.RaftServerConfigKeys (ConfUtils.java:logGet(46)) - raft.server.threadpool.proxy.cached = true (default)
2023-04-21 06:15:25,553 [Listener at 127.0.0.1/39531] INFO  server.RaftServerConfigKeys (ConfUtils.java:logGet(46)) - raft.server.threadpool.proxy.size = 0 (default)
2023-04-21 06:15:25,553 [Listener at 127.0.0.1/39531] INFO  server.RaftServerConfigKeys (ConfUtils.java:logGet(46)) - raft.server.rpc.slowness.timeout = 300s (custom)
2023-04-21 06:15:25,553 [Listener at 127.0.0.1/39531] INFO  server.RaftServerConfigKeys (ConfUtils.java:logGet(46)) - raft.server.leaderelection.leader.step-down.wait-time = 10s (default)
2023-04-21 06:15:25,553 [Listener at 127.0.0.1/39531] INFO  server.RaftServerConfigKeys (ConfUtils.java:logGet(46)) - raft.server.storage.dir = [/home/runner/work/ozone/ozone/hadoop-ozone/integration-test/target/test-dir/MiniOzoneClusterImpl-222c068d-693f-41e7-a147-5f3bf9f7a261/datanode-0/data/ratis] (custom)
2023-04-21 06:15:25,577 [54e06896-f90f-443b-a024-7fd1f14ff9aa-NettyServerStreamRpc-bossGroup--thread1] INFO  logging.LoggingHandler (AbstractInternalLogger.java:log(148)) - [id: 0xe1ece4c4] REGISTERED
2023-04-21 06:15:25,578 [54e06896-f90f-443b-a024-7fd1f14ff9aa-NettyServerStreamRpc-bossGroup--thread1] INFO  logging.LoggingHandler (AbstractInternalLogger.java:log(148)) - [id: 0xe1ece4c4] BIND: 0.0.0.0/0.0.0.0:0
2023-04-21 06:15:25,579 [Listener at 127.0.0.1/39531] INFO  server.XceiverServerGrpc (XceiverServerGrpc.java:<init>(132)) - GrpcServer channel type EpollServerSocketChannel
2023-04-21 06:15:25,579 [54e06896-f90f-443b-a024-7fd1f14ff9aa-NettyServerStreamRpc-bossGroup--thread1] INFO  logging.LoggingHandler (AbstractInternalLogger.java:log(148)) - [id: 0xe1ece4c4, L:/0:0:0:0:0:0:0:0:43055] ACTIVE
2023-04-21 06:15:25,664 [Listener at 127.0.0.1/39531] INFO  http.BaseHttpServer (BaseHttpServer.java:newHttpServer2BuilderForOzone(224)) - Starting Web-server for hddsDatanode at: http://0.0.0.0:0
2023-04-21 06:15:25,664 [Listener at 127.0.0.1/39531] INFO  http.BaseHttpServer (BaseHttpServer.java:<init>(111)) - Hadoop Security Enabled: false Ozone Security Enabled: false Ozone HTTP Security Enabled: false 
2023-04-21 06:15:25,666 [Listener at 127.0.0.1/39531] WARN  server.AuthenticationFilter (AuthenticationFilter.java:constructSecretProvider(240)) - Unable to initialize FileSignerSecretProvider, falling back to use random secrets. Reason: Could not read signature secret file: /home/runner/hadoop-http-auth-signature-secret
2023-04-21 06:15:25,669 [Listener at 127.0.0.1/39531] INFO  http.HttpRequestLog (HttpRequestLog.java:getRequestLog(86)) - Http request log for http.requests.hddsDatanode is not defined
2023-04-21 06:15:25,672 [Listener at 127.0.0.1/39531] INFO  http.HttpServer2 (HttpServer2.java:addGlobalFilter(1031)) - Added global filter 'safety' (class=org.apache.hadoop.hdds.server.http.HttpServer2$QuotingInputFilter)
2023-04-21 06:15:25,673 [Listener at 127.0.0.1/39531] INFO  http.HttpServer2 (HttpServer2.java:addFilter(1007)) - Added filter static_user_filter (class=org.apache.hadoop.http.lib.StaticUserWebFilter$StaticUserFilter) to context hddsDatanode
2023-04-21 06:15:25,673 [Listener at 127.0.0.1/39531] INFO  http.HttpServer2 (HttpServer2.java:addFilter(1015)) - Added filter static_user_filter (class=org.apache.hadoop.http.lib.StaticUserWebFilter$StaticUserFilter) to context static
2023-04-21 06:15:25,673 [Listener at 127.0.0.1/39531] INFO  http.HttpServer2 (HttpServer2.java:addFilter(1015)) - Added filter static_user_filter (class=org.apache.hadoop.http.lib.StaticUserWebFilter$StaticUserFilter) to context logs
2023-04-21 06:15:25,674 [Listener at 127.0.0.1/39531] INFO  http.BaseHttpServer (BaseHttpServer.java:<init>(190)) - HTTP server of hddsDatanode uses base directory /home/runner/work/ozone/ozone/hadoop-ozone/integration-test/target/test-dir/MiniOzoneClusterImpl-222c068d-693f-41e7-a147-5f3bf9f7a261/datanode-0/meta/webserver
2023-04-21 06:15:25,675 [Listener at 127.0.0.1/39531] INFO  http.HttpServer2 (HttpServer2.java:bindListener(1250)) - Jetty bound to port 43767
2023-04-21 06:15:25,675 [Listener at 127.0.0.1/39531] INFO  server.Server (Server.java:doStart(375)) - jetty-9.4.49.v20220914; built: 2022-09-14T01:07:36.601Z; git: 4231a3b2e4cb8548a412a789936d640a97b1aa0a; jvm 1.8.0_362-b09
2023-04-21 06:15:25,677 [Listener at 127.0.0.1/39531] INFO  server.session (DefaultSessionIdManager.java:doStart(334)) - DefaultSessionIdManager workerName=node0
2023-04-21 06:15:25,677 [Listener at 127.0.0.1/39531] INFO  server.session (DefaultSessionIdManager.java:doStart(339)) - No SessionScavenger set, using defaults
2023-04-21 06:15:25,677 [Listener at 127.0.0.1/39531] INFO  server.session (HouseKeeper.java:startScavenging(132)) - node0 Scavenging every 600000ms
2023-04-21 06:15:25,678 [Listener at 127.0.0.1/39531] INFO  handler.ContextHandler (ContextHandler.java:doStart(921)) - Started o.e.j.s.ServletContextHandler@2dab83c3{logs,/logs,file:///home/runner/work/ozone/ozone/hadoop-ozone/integration-test/target/log,AVAILABLE}
2023-04-21 06:15:25,678 [Listener at 127.0.0.1/39531] INFO  handler.ContextHandler (ContextHandler.java:doStart(921)) - Started o.e.j.s.ServletContextHandler@1a6e8fcc{static,/static,jar:file:/home/runner/.m2/repository/org/apache/ozone/hdds-container-service/1.4.0-SNAPSHOT/hdds-container-service-1.4.0-SNAPSHOT.jar!/webapps/static,AVAILABLE}
2023-04-21 06:15:25,818 [om1@group-C5BA1605619E-FollowerState] INFO  impl.FollowerState (FollowerState.java:run(143)) - om1@group-C5BA1605619E-FollowerState: change to CANDIDATE, lastRpcElapsedTime:1017370440ns, electionTimeout:1008ms
2023-04-21 06:15:25,819 [om1@group-C5BA1605619E-FollowerState] INFO  impl.RoleInfo (RoleInfo.java:shutdownFollowerState(110)) - om1: shutdown om1@group-C5BA1605619E-FollowerState
2023-04-21 06:15:25,820 [om1@group-C5BA1605619E-FollowerState] INFO  server.RaftServer$Division (RaftServerImpl.java:setRole(321)) - om1@group-C5BA1605619E: changes role from  FOLLOWER to CANDIDATE at term 0 for changeToCandidate
2023-04-21 06:15:25,823 [om1@group-C5BA1605619E-FollowerState] INFO  server.RaftServerConfigKeys (ConfUtils.java:logGet(46)) - raft.server.leaderelection.pre-vote = true (default)
2023-04-21 06:15:25,823 [om1@group-C5BA1605619E-FollowerState] INFO  impl.RoleInfo (RoleInfo.java:updateAndGet(139)) - om1: start om1@group-C5BA1605619E-LeaderElection1
2023-04-21 06:15:25,837 [om1@group-C5BA1605619E-LeaderElection1] INFO  impl.LeaderElection (LeaderElection.java:askForVotes(312)) - om1@group-C5BA1605619E-LeaderElection1 PRE_VOTE round 0: submit vote requests at term 0 for -1: peers:[om1|rpc:localhost:9872|priority:0|startupRole:FOLLOWER]|listeners:[], old=null
2023-04-21 06:15:25,838 [om1@group-C5BA1605619E-LeaderElection1] INFO  impl.LeaderElection (LeaderElection.java:askForVotes(314)) - om1@group-C5BA1605619E-LeaderElection1 PRE_VOTE round 0: result PASSED (term=0)
2023-04-21 06:15:25,841 [om1@group-C5BA1605619E-LeaderElection1] INFO  impl.LeaderElection (LeaderElection.java:askForVotes(312)) - om1@group-C5BA1605619E-LeaderElection1 ELECTION round 0: submit vote requests at term 1 for -1: peers:[om1|rpc:localhost:9872|priority:0|startupRole:FOLLOWER]|listeners:[], old=null
2023-04-21 06:15:25,841 [om1@group-C5BA1605619E-LeaderElection1] INFO  impl.LeaderElection (LeaderElection.java:askForVotes(314)) - om1@group-C5BA1605619E-LeaderElection1 ELECTION round 0: result PASSED (term=1)
2023-04-21 06:15:25,841 [om1@group-C5BA1605619E-LeaderElection1] INFO  impl.RoleInfo (RoleInfo.java:shutdownLeaderElection(130)) - om1: shutdown om1@group-C5BA1605619E-LeaderElection1
2023-04-21 06:15:25,842 [om1@group-C5BA1605619E-LeaderElection1] INFO  server.RaftServer$Division (RaftServerImpl.java:setRole(321)) - om1@group-C5BA1605619E: changes role from CANDIDATE to LEADER at term 1 for changeToLeader
2023-04-21 06:15:25,844 [om1@group-C5BA1605619E-LeaderElection1] INFO  server.RaftServer$Division (ServerState.java:setLeader(313)) - om1@group-C5BA1605619E: change Leader from null to om1 at term 1 for becomeLeader, leader elected after 2281ms
2023-04-21 06:15:25,852 [om1@group-C5BA1605619E-LeaderElection1] INFO  server.RaftServerConfigKeys (ConfUtils.java:logGet(46)) - raft.server.staging.catchup.gap = 1000 (default)
2023-04-21 06:15:25,861 [om1@group-C5BA1605619E-LeaderElection1] INFO  server.RaftServerConfigKeys (ConfUtils.java:logGet(46)) - raft.server.write.element-limit = 4096 (default)
2023-04-21 06:15:25,862 [om1@group-C5BA1605619E-LeaderElection1] INFO  server.RaftServerConfigKeys (ConfUtils.java:logGet(46)) - raft.server.write.byte-limit = 64MB (=67108864) (default)
2023-04-21 06:15:25,869 [om1@group-C5BA1605619E-LeaderElection1] INFO  server.RaftServerConfigKeys (ConfUtils.java:logGet(46)) - raft.server.watch.timeout = 10s (default)
2023-04-21 06:15:25,869 [om1@group-C5BA1605619E-LeaderElection1] INFO  server.RaftServerConfigKeys (ConfUtils.java:logGet(46)) - raft.server.watch.timeout.denomination = 1s (default)
2023-04-21 06:15:25,870 [om1@group-C5BA1605619E-LeaderElection1] INFO  server.RaftServerConfigKeys (ConfUtils.java:logGet(46)) - raft.server.watch.element-limit = 65536 (default)
2023-04-21 06:15:25,879 [om1@group-C5BA1605619E-LeaderElection1] INFO  server.RaftServerConfigKeys (ConfUtils.java:logGet(46)) - raft.server.write.element-limit = 4096 (default)
2023-04-21 06:15:25,882 [om1@group-C5BA1605619E-LeaderElection1] INFO  server.RaftServerConfigKeys (ConfUtils.java:logGet(46)) - raft.server.write.follower.gap.ratio.max = -1.0 (default)
2023-04-21 06:15:25,885 [om1@group-C5BA1605619E-LeaderElection1] INFO  impl.RoleInfo (RoleInfo.java:updateAndGet(139)) - om1: start om1@group-C5BA1605619E-LeaderStateImpl
2023-04-21 06:15:25,908 [om1@group-C5BA1605619E-LeaderElection1] INFO  segmented.SegmentedRaftLogWorker (SegmentedRaftLogWorker.java:startLogSegment(452)) - om1@group-C5BA1605619E-SegmentedRaftLogWorker: Starting segment from index:0
2023-04-21 06:15:25,979 [om1@group-C5BA1605619E-LeaderElection1] INFO  server.RaftServer$Division (ServerState.java:setRaftConf(430)) - om1@group-C5BA1605619E: set configuration 0: peers:[om1|rpc:localhost:9872|admin:|client:|dataStream:|priority:0|startupRole:FOLLOWER]|listeners:[], old=null
2023-04-21 06:15:26,054 [om1@group-C5BA1605619E-SegmentedRaftLogWorker] INFO  segmented.SegmentedRaftLogWorker (SegmentedRaftLogWorker.java:execute(656)) - om1@group-C5BA1605619E-SegmentedRaftLogWorker: created new log segment /home/runner/work/ozone/ozone/hadoop-ozone/integration-test/target/test-dir/MiniOzoneClusterImpl-222c068d-693f-41e7-a147-5f3bf9f7a261/ozone-meta/ratis/bf265839-605b-3f16-9796-c5ba1605619e/current/log_inprogress_0
2023-04-21 06:15:26,058 [Listener at 127.0.0.1/39531] INFO  handler.ContextHandler (ContextHandler.java:doStart(921)) - Started o.e.j.w.WebAppContext@678b98f9{hddsDatanode,/,file:///home/runner/work/ozone/ozone/hadoop-ozone/integration-test/target/test-dir/MiniOzoneClusterImpl-222c068d-693f-41e7-a147-5f3bf9f7a261/datanode-0/meta/webserver/jetty-0_0_0_0-43767-hdds-container-service-1_4_0-SNAPSHOT_jar-_-any-7442075974767387233/webapp/,AVAILABLE}{jar:file:/home/runner/.m2/repository/org/apache/ozone/hdds-container-service/1.4.0-SNAPSHOT/hdds-container-service-1.4.0-SNAPSHOT.jar!/webapps/hddsDatanode}
2023-04-21 06:15:26,059 [Listener at 127.0.0.1/39531] INFO  server.AbstractConnector (AbstractConnector.java:doStart(333)) - Started ServerConnector@79eb5005{HTTP/1.1, (http/1.1)}{0.0.0.0:43767}
2023-04-21 06:15:26,059 [Listener at 127.0.0.1/39531] INFO  server.Server (Server.java:doStart(415)) - Started @8749ms
2023-04-21 06:15:26,059 [Listener at 127.0.0.1/39531] WARN  impl.MetricsSystemImpl (MetricsSystemImpl.java:register(279)) - Sink prometheus already exists!
2023-04-21 06:15:26,060 [Listener at 127.0.0.1/39531] INFO  http.BaseHttpServer (BaseHttpServer.java:updateConnectorAddress(344)) - HTTP server of hddsDatanode listening at http://0.0.0.0:43767
2023-04-21 06:15:26,064 [Listener at 127.0.0.1/39531] WARN  impl.MetricRegistriesImpl (MetricRegistriesImpl.java:addReporterRegistration(111)) - New reporters are added after registries were created. Some metrics will be missing from the reporter. Please add reporter before adding any new registry.
2023-04-21 06:15:26,065 [Listener at 127.0.0.1/39531] WARN  impl.MetricRegistriesImpl (MetricRegistriesImpl.java:addReporterRegistration(111)) - New reporters are added after registries were created. Some metrics will be missing from the reporter. Please add reporter before adding any new registry.
2023-04-21 06:15:26,065 [Listener at 127.0.0.1/39531] INFO  impl.MetricsSystemImpl (MetricsSystemImpl.java:init(158)) - HddsDatanode metrics system started (again)
2023-04-21 06:15:26,077 [Listener at 127.0.0.1/39531] INFO  ozone.HddsDatanodeService (HddsDatanodeService.java:start(252)) - HddsDatanodeService host:fv-az205-422 ip:10.1.0.35
2023-04-21 06:15:26,064 [Datanode State Machine Daemon Thread] INFO  statemachine.DatanodeStateMachine (DatanodeStateMachine.java:lambda$startDaemon$0(517)) - Ozone container server started.
2023-04-21 06:15:26,114 [org.apache.hadoop.util.JvmPauseMonitor$Monitor@6cb7fb8] INFO  util.JvmPauseMonitor (JvmPauseMonitor.java:run(188)) - Starting JVM pause monitor
2023-04-21 06:15:26,135 [Listener at 127.0.0.1/39531] INFO  upgrade.AbstractLayoutVersionManager (AbstractLayoutVersionManager.java:init(83)) - Initializing Layout version manager with metadata layout = WEBUI_PORTS_IN_DATANODEDETAILS (version = 6), software layout = WEBUI_PORTS_IN_DATANODEDETAILS (version = 6)
2023-04-21 06:15:26,233 [om1@group-C5BA1605619E-StateMachineUpdater] INFO  ratis.OzoneManagerStateMachine (OzoneManagerStateMachine.java:notifyConfigurationChanged(200)) - Received Configuration change notification from Ratis. New Peer list:
[id: "om1"
address: "localhost:9872"
startupRole: FOLLOWER
]
2023-04-21 06:15:26,257 [Listener at 127.0.0.1/39531] INFO  reflections.Reflections (Reflections.java:scan(232)) - Reflections took 120 ms to scan 7 urls, producing 156 keys and 369 values 
2023-04-21 06:15:26,258 [Listener at 127.0.0.1/39531] INFO  statemachine.DatanodeStateMachine (DatanodeStateMachine.java:getEndPointTaskThreadPoolSize(260)) - Datanode State Machine Task Thread Pool size 2
2023-04-21 06:15:26,279 [Listener at 127.0.0.1/39531] INFO  volume.HddsVolume (HddsVolume.java:<init>(130)) - Creating HddsVolume: /home/runner/work/ozone/ozone/hadoop-ozone/integration-test/target/test-dir/MiniOzoneClusterImpl-222c068d-693f-41e7-a147-5f3bf9f7a261/datanode-1/data-0/containers/hdds of storage type : DISK capacity : 9223372036854775807
2023-04-21 06:15:26,279 [Listener at 127.0.0.1/39531] INFO  volume.MutableVolumeSet (MutableVolumeSet.java:initializeVolumeSet(175)) - Added Volume : /home/runner/work/ozone/ozone/hadoop-ozone/integration-test/target/test-dir/MiniOzoneClusterImpl-222c068d-693f-41e7-a147-5f3bf9f7a261/datanode-1/data-0/containers/hdds to VolumeSet
2023-04-21 06:15:26,280 [Listener at 127.0.0.1/39531] INFO  volume.ThrottledAsyncChecker (ThrottledAsyncChecker.java:schedule(141)) - Scheduling a check for /home/runner/work/ozone/ozone/hadoop-ozone/integration-test/target/test-dir/MiniOzoneClusterImpl-222c068d-693f-41e7-a147-5f3bf9f7a261/datanode-1/data-0/containers/hdds
2023-04-21 06:15:26,283 [Listener at 127.0.0.1/39531] INFO  volume.StorageVolumeChecker (StorageVolumeChecker.java:checkAllVolumes(202)) - Scheduled health check for volume /home/runner/work/ozone/ozone/hadoop-ozone/integration-test/target/test-dir/MiniOzoneClusterImpl-222c068d-693f-41e7-a147-5f3bf9f7a261/datanode-1/data-0/containers/hdds
2023-04-21 06:15:26,306 [Listener at 127.0.0.1/39531] INFO  volume.MutableVolumeSet (MutableVolumeSet.java:initializeVolumeSet(175)) - Added Volume : /home/runner/work/ozone/ozone/hadoop-ozone/integration-test/target/test-dir/MiniOzoneClusterImpl-222c068d-693f-41e7-a147-5f3bf9f7a261/datanode-1/data/ratis to VolumeSet
2023-04-21 06:15:26,306 [Listener at 127.0.0.1/39531] INFO  volume.ThrottledAsyncChecker (ThrottledAsyncChecker.java:schedule(141)) - Scheduling a check for /home/runner/work/ozone/ozone/hadoop-ozone/integration-test/target/test-dir/MiniOzoneClusterImpl-222c068d-693f-41e7-a147-5f3bf9f7a261/datanode-1/data/ratis
2023-04-21 06:15:26,307 [Listener at 127.0.0.1/39531] INFO  volume.StorageVolumeChecker (StorageVolumeChecker.java:checkAllVolumes(202)) - Scheduled health check for volume /home/runner/work/ozone/ozone/hadoop-ozone/integration-test/target/test-dir/MiniOzoneClusterImpl-222c068d-693f-41e7-a147-5f3bf9f7a261/datanode-1/data/ratis
2023-04-21 06:15:26,338 [Thread-155] INFO  ozoneimpl.ContainerReader (ContainerReader.java:readVolume(175)) - Finish verifying containers on volume /home/runner/work/ozone/ozone/hadoop-ozone/integration-test/target/test-dir/MiniOzoneClusterImpl-222c068d-693f-41e7-a147-5f3bf9f7a261/datanode-1/data-0/containers/hdds
2023-04-21 06:15:26,342 [Listener at 127.0.0.1/39531] INFO  ozoneimpl.OzoneContainer (OzoneContainer.java:buildContainerSet(303)) - Build ContainerSet costs 0s
2023-04-21 06:15:26,346 [Listener at 127.0.0.1/39531] INFO  server.RaftServer (ConfUtils.java:logGet(46)) - raft.rpc.type = GRPC (default)
2023-04-21 06:15:26,346 [Listener at 127.0.0.1/39531] INFO  grpc.GrpcConfigKeys (ConfUtils.java:logFallback(53)) - raft.grpc.admin.host = null (fallback to raft.grpc.server.host)
2023-04-21 06:15:26,346 [Listener at 127.0.0.1/39531] INFO  grpc.GrpcConfigKeys (ConfUtils.java:logGet(46)) - raft.grpc.admin.port = 0 (custom)
2023-04-21 06:15:26,346 [Listener at 127.0.0.1/39531] INFO  grpc.GrpcConfigKeys (ConfUtils.java:logFallback(53)) - raft.grpc.client.host = null (fallback to raft.grpc.server.host)
2023-04-21 06:15:26,347 [Listener at 127.0.0.1/39531] INFO  grpc.GrpcConfigKeys (ConfUtils.java:logGet(46)) - raft.grpc.client.port = 0 (custom)
2023-04-21 06:15:26,347 [Listener at 127.0.0.1/39531] INFO  grpc.GrpcConfigKeys (ConfUtils.java:logGet(46)) - raft.grpc.server.host = null (default)
2023-04-21 06:15:26,347 [Listener at 127.0.0.1/39531] INFO  grpc.GrpcConfigKeys (ConfUtils.java:logGet(46)) - raft.grpc.server.port = 0 (default)
2023-04-21 06:15:26,347 [Listener at 127.0.0.1/39531] INFO  server.GrpcService (ConfUtils.java:logGet(46)) - raft.grpc.message.size.max = 32MB (=33554432) (custom)
2023-04-21 06:15:26,347 [Listener at 127.0.0.1/39531] INFO  server.RaftServerConfigKeys (ConfUtils.java:logGet(46)) - raft.server.log.appender.buffer.byte-limit = 33554432 (custom)
2023-04-21 06:15:26,347 [Listener at 127.0.0.1/39531] INFO  server.GrpcService (ConfUtils.java:logGet(46)) - raft.grpc.flow.control.window = 5MB (=5242880) (custom)
2023-04-21 06:15:26,347 [Listener at 127.0.0.1/39531] INFO  server.RaftServerConfigKeys (ConfUtils.java:logGet(46)) - raft.server.rpc.request.timeout = 60s (custom)
2023-04-21 06:15:26,347 [Listener at 127.0.0.1/39531] INFO  grpc.GrpcConfigKeys (ConfUtils.java:logGet(46)) - raft.grpc.server.heartbeat.channel = true (default)
2023-04-21 06:15:26,347 [Listener at 127.0.0.1/39531] INFO  grpc.GrpcConfigKeys (ConfUtils.java:logGet(46)) - raft.grpc.server.async.request.thread.pool.cached = true (default)
2023-04-21 06:15:26,347 [Listener at 127.0.0.1/39531] INFO  grpc.GrpcConfigKeys (ConfUtils.java:logGet(46)) - raft.grpc.server.async.request.thread.pool.size = 32 (default)
2023-04-21 06:15:26,349 [Listener at 127.0.0.1/39531] INFO  impl.DataStreamServerImpl (ConfUtils.java:logGet(46)) - raft.datastream.type = NETTY (custom)
2023-04-21 06:15:26,350 [Listener at 127.0.0.1/39531] INFO  server.RaftServerConfigKeys (ConfUtils.java:logGet(46)) - raft.server.data-stream.async.request.thread.pool.cached = false (default)
2023-04-21 06:15:26,351 [Listener at 127.0.0.1/39531] INFO  server.RaftServerConfigKeys (ConfUtils.java:logGet(46)) - raft.server.data-stream.async.request.thread.pool.size = 20 (custom)
2023-04-21 06:15:26,351 [Listener at 127.0.0.1/39531] INFO  server.RaftServerConfigKeys (ConfUtils.java:logGet(46)) - raft.server.data-stream.async.write.thread.pool.size = 16 (default)
2023-04-21 06:15:26,351 [Listener at 127.0.0.1/39531] INFO  server.RaftServerConfigKeys (ConfUtils.java:logGet(46)) - raft.server.data-stream.client.pool.size = 10 (default)
2023-04-21 06:15:26,351 [Listener at 127.0.0.1/39531] INFO  netty.NettyConfigKeys$DataStream (ConfUtils.java:logGet(46)) - raft.netty.dataStream.server.use-epoll = false (default)
2023-04-21 06:15:26,351 [Listener at 127.0.0.1/39531] INFO  netty.NettyConfigKeys$DataStream (ConfUtils.java:logGet(46)) - raft.netty.dataStream.server.boss-group.size = 0 (default)
2023-04-21 06:15:26,352 [Listener at 127.0.0.1/39531] INFO  netty.NettyConfigKeys$DataStream (ConfUtils.java:logGet(46)) - raft.netty.dataStream.server.worker-group.size = 0 (default)
2023-04-21 06:15:26,353 [Listener at 127.0.0.1/39531] INFO  netty.NettyConfigKeys$DataStream (ConfUtils.java:logGet(46)) - raft.netty.dataStream.server.tls.conf = null (default)
2023-04-21 06:15:26,353 [Listener at 127.0.0.1/39531] INFO  netty.NettyConfigKeys$DataStream (ConfUtils.java:logGet(46)) - raft.netty.dataStream.host = null (default)
2023-04-21 06:15:26,353 [Listener at 127.0.0.1/39531] INFO  netty.NettyConfigKeys$DataStream (ConfUtils.java:logGet(46)) - raft.netty.dataStream.port = 0 (default)
2023-04-21 06:15:26,358 [Datanode State Machine Task Thread - 0] INFO  datanode.InitDatanodeState (InitDatanodeState.java:persistContainerDatanodeDetails(138)) - DatanodeDetails is persisted to /home/runner/work/ozone/ozone/hadoop-ozone/integration-test/target/test-dir/MiniOzoneClusterImpl-222c068d-693f-41e7-a147-5f3bf9f7a261/datanode-0/meta/datanode.id
2023-04-21 06:15:26,359 [Listener at 127.0.0.1/39531] INFO  server.RaftServerConfigKeys (ConfUtils.java:logGet(46)) - raft.server.threadpool.proxy.cached = true (default)
2023-04-21 06:15:26,359 [Listener at 127.0.0.1/39531] INFO  server.RaftServerConfigKeys (ConfUtils.java:logGet(46)) - raft.server.threadpool.proxy.size = 0 (default)
2023-04-21 06:15:26,359 [Listener at 127.0.0.1/39531] INFO  server.RaftServerConfigKeys (ConfUtils.java:logGet(46)) - raft.server.rpc.slowness.timeout = 300s (custom)
2023-04-21 06:15:26,359 [Listener at 127.0.0.1/39531] INFO  server.RaftServerConfigKeys (ConfUtils.java:logGet(46)) - raft.server.leaderelection.leader.step-down.wait-time = 10s (default)
2023-04-21 06:15:26,359 [Listener at 127.0.0.1/39531] INFO  server.RaftServerConfigKeys (ConfUtils.java:logGet(46)) - raft.server.storage.dir = [/home/runner/work/ozone/ozone/hadoop-ozone/integration-test/target/test-dir/MiniOzoneClusterImpl-222c068d-693f-41e7-a147-5f3bf9f7a261/datanode-1/data/ratis] (custom)
2023-04-21 06:15:26,365 [b2f013c4-4cfd-4a33-b24a-9a71c6bbd892-NettyServerStreamRpc-bossGroup--thread1] INFO  logging.LoggingHandler (AbstractInternalLogger.java:log(148)) - [id: 0xbecdb547] REGISTERED
2023-04-21 06:15:26,365 [b2f013c4-4cfd-4a33-b24a-9a71c6bbd892-NettyServerStreamRpc-bossGroup--thread1] INFO  logging.LoggingHandler (AbstractInternalLogger.java:log(148)) - [id: 0xbecdb547] BIND: 0.0.0.0/0.0.0.0:0
2023-04-21 06:15:26,366 [b2f013c4-4cfd-4a33-b24a-9a71c6bbd892-NettyServerStreamRpc-bossGroup--thread1] INFO  logging.LoggingHandler (AbstractInternalLogger.java:log(148)) - [id: 0xbecdb547, L:/0:0:0:0:0:0:0:0:37043] ACTIVE
2023-04-21 06:15:26,367 [Listener at 127.0.0.1/39531] INFO  server.XceiverServerGrpc (XceiverServerGrpc.java:<init>(132)) - GrpcServer channel type EpollServerSocketChannel
2023-04-21 06:15:26,375 [Listener at 127.0.0.1/39531] INFO  http.BaseHttpServer (BaseHttpServer.java:newHttpServer2BuilderForOzone(224)) - Starting Web-server for hddsDatanode at: http://0.0.0.0:0
2023-04-21 06:15:26,375 [Listener at 127.0.0.1/39531] INFO  http.BaseHttpServer (BaseHttpServer.java:<init>(111)) - Hadoop Security Enabled: false Ozone Security Enabled: false Ozone HTTP Security Enabled: false 
2023-04-21 06:15:26,377 [Listener at 127.0.0.1/39531] WARN  server.AuthenticationFilter (AuthenticationFilter.java:constructSecretProvider(240)) - Unable to initialize FileSignerSecretProvider, falling back to use random secrets. Reason: Could not read signature secret file: /home/runner/hadoop-http-auth-signature-secret
2023-04-21 06:15:26,382 [Listener at 127.0.0.1/39531] INFO  http.HttpRequestLog (HttpRequestLog.java:getRequestLog(86)) - Http request log for http.requests.hddsDatanode is not defined
2023-04-21 06:15:26,385 [Listener at 127.0.0.1/39531] INFO  http.HttpServer2 (HttpServer2.java:addGlobalFilter(1031)) - Added global filter 'safety' (class=org.apache.hadoop.hdds.server.http.HttpServer2$QuotingInputFilter)
2023-04-21 06:15:26,387 [Listener at 127.0.0.1/39531] INFO  http.HttpServer2 (HttpServer2.java:addFilter(1007)) - Added filter static_user_filter (class=org.apache.hadoop.http.lib.StaticUserWebFilter$StaticUserFilter) to context hddsDatanode
2023-04-21 06:15:26,390 [Listener at 127.0.0.1/39531] INFO  http.HttpServer2 (HttpServer2.java:addFilter(1015)) - Added filter static_user_filter (class=org.apache.hadoop.http.lib.StaticUserWebFilter$StaticUserFilter) to context static
2023-04-21 06:15:26,390 [Listener at 127.0.0.1/39531] INFO  http.HttpServer2 (HttpServer2.java:addFilter(1015)) - Added filter static_user_filter (class=org.apache.hadoop.http.lib.StaticUserWebFilter$StaticUserFilter) to context logs
2023-04-21 06:15:26,391 [Listener at 127.0.0.1/39531] INFO  http.BaseHttpServer (BaseHttpServer.java:<init>(190)) - HTTP server of hddsDatanode uses base directory /home/runner/work/ozone/ozone/hadoop-ozone/integration-test/target/test-dir/MiniOzoneClusterImpl-222c068d-693f-41e7-a147-5f3bf9f7a261/datanode-1/meta/webserver
2023-04-21 06:15:26,391 [Listener at 127.0.0.1/39531] INFO  http.HttpServer2 (HttpServer2.java:bindListener(1250)) - Jetty bound to port 41279
2023-04-21 06:15:26,391 [Listener at 127.0.0.1/39531] INFO  server.Server (Server.java:doStart(375)) - jetty-9.4.49.v20220914; built: 2022-09-14T01:07:36.601Z; git: 4231a3b2e4cb8548a412a789936d640a97b1aa0a; jvm 1.8.0_362-b09
2023-04-21 06:15:26,400 [Listener at 127.0.0.1/39531] INFO  server.session (DefaultSessionIdManager.java:doStart(334)) - DefaultSessionIdManager workerName=node0
2023-04-21 06:15:26,400 [Listener at 127.0.0.1/39531] INFO  server.session (DefaultSessionIdManager.java:doStart(339)) - No SessionScavenger set, using defaults
2023-04-21 06:15:26,400 [Listener at 127.0.0.1/39531] INFO  server.session (HouseKeeper.java:startScavenging(132)) - node0 Scavenging every 660000ms
2023-04-21 06:15:26,401 [Listener at 127.0.0.1/39531] INFO  handler.ContextHandler (ContextHandler.java:doStart(921)) - Started o.e.j.s.ServletContextHandler@796d1112{logs,/logs,file:///home/runner/work/ozone/ozone/hadoop-ozone/integration-test/target/log,AVAILABLE}
2023-04-21 06:15:26,402 [Listener at 127.0.0.1/39531] INFO  handler.ContextHandler (ContextHandler.java:doStart(921)) - Started o.e.j.s.ServletContextHandler@5de4efa4{static,/static,jar:file:/home/runner/.m2/repository/org/apache/ozone/hdds-container-service/1.4.0-SNAPSHOT/hdds-container-service-1.4.0-SNAPSHOT.jar!/webapps/static,AVAILABLE}
2023-04-21 06:15:26,619 [Listener at 127.0.0.1/39531] INFO  handler.ContextHandler (ContextHandler.java:doStart(921)) - Started o.e.j.w.WebAppContext@1971471e{hddsDatanode,/,file:///home/runner/work/ozone/ozone/hadoop-ozone/integration-test/target/test-dir/MiniOzoneClusterImpl-222c068d-693f-41e7-a147-5f3bf9f7a261/datanode-1/meta/webserver/jetty-0_0_0_0-41279-hdds-container-service-1_4_0-SNAPSHOT_jar-_-any-1633115703413605948/webapp/,AVAILABLE}{jar:file:/home/runner/.m2/repository/org/apache/ozone/hdds-container-service/1.4.0-SNAPSHOT/hdds-container-service-1.4.0-SNAPSHOT.jar!/webapps/hddsDatanode}
2023-04-21 06:15:26,620 [Listener at 127.0.0.1/39531] INFO  server.AbstractConnector (AbstractConnector.java:doStart(333)) - Started ServerConnector@1445748a{HTTP/1.1, (http/1.1)}{0.0.0.0:41279}
2023-04-21 06:15:26,621 [Listener at 127.0.0.1/39531] INFO  server.Server (Server.java:doStart(415)) - Started @9311ms
2023-04-21 06:15:26,621 [Listener at 127.0.0.1/39531] WARN  impl.MetricsSystemImpl (MetricsSystemImpl.java:register(279)) - Sink prometheus already exists!
2023-04-21 06:15:26,621 [Listener at 127.0.0.1/39531] INFO  http.BaseHttpServer (BaseHttpServer.java:updateConnectorAddress(344)) - HTTP server of hddsDatanode listening at http://0.0.0.0:41279
2023-04-21 06:15:26,622 [Listener at 127.0.0.1/39531] WARN  impl.MetricRegistriesImpl (MetricRegistriesImpl.java:addReporterRegistration(111)) - New reporters are added after registries were created. Some metrics will be missing from the reporter. Please add reporter before adding any new registry.
2023-04-21 06:15:26,622 [Listener at 127.0.0.1/39531] WARN  impl.MetricRegistriesImpl (MetricRegistriesImpl.java:addReporterRegistration(111)) - New reporters are added after registries were created. Some metrics will be missing from the reporter. Please add reporter before adding any new registry.
2023-04-21 06:15:26,622 [Listener at 127.0.0.1/39531] INFO  impl.MetricsSystemImpl (MetricsSystemImpl.java:init(158)) - HddsDatanode metrics system started (again)
2023-04-21 06:15:26,627 [Datanode State Machine Daemon Thread] INFO  statemachine.DatanodeStateMachine (DatanodeStateMachine.java:lambda$startDaemon$0(517)) - Ozone container server started.
2023-04-21 06:15:26,637 [Listener at 127.0.0.1/39531] INFO  ozone.HddsDatanodeService (HddsDatanodeService.java:start(252)) - HddsDatanodeService host:fv-az205-422 ip:10.1.0.35
2023-04-21 06:15:26,645 [org.apache.hadoop.util.JvmPauseMonitor$Monitor@b299f2] INFO  util.JvmPauseMonitor (JvmPauseMonitor.java:run(188)) - Starting JVM pause monitor
2023-04-21 06:15:26,654 [Datanode State Machine Task Thread - 0] INFO  datanode.InitDatanodeState (InitDatanodeState.java:persistContainerDatanodeDetails(138)) - DatanodeDetails is persisted to /home/runner/work/ozone/ozone/hadoop-ozone/integration-test/target/test-dir/MiniOzoneClusterImpl-222c068d-693f-41e7-a147-5f3bf9f7a261/datanode-1/meta/datanode.id
2023-04-21 06:15:26,666 [Listener at 127.0.0.1/39531] INFO  upgrade.AbstractLayoutVersionManager (AbstractLayoutVersionManager.java:init(83)) - Initializing Layout version manager with metadata layout = WEBUI_PORTS_IN_DATANODEDETAILS (version = 6), software layout = WEBUI_PORTS_IN_DATANODEDETAILS (version = 6)
2023-04-21 06:15:26,717 [Listener at 127.0.0.1/39531] INFO  reflections.Reflections (Reflections.java:scan(232)) - Reflections took 49 ms to scan 7 urls, producing 156 keys and 369 values 
2023-04-21 06:15:26,719 [Listener at 127.0.0.1/39531] INFO  statemachine.DatanodeStateMachine (DatanodeStateMachine.java:getEndPointTaskThreadPoolSize(260)) - Datanode State Machine Task Thread Pool size 2
2023-04-21 06:15:26,721 [Listener at 127.0.0.1/39531] INFO  volume.HddsVolume (HddsVolume.java:<init>(130)) - Creating HddsVolume: /home/runner/work/ozone/ozone/hadoop-ozone/integration-test/target/test-dir/MiniOzoneClusterImpl-222c068d-693f-41e7-a147-5f3bf9f7a261/datanode-2/data-0/containers/hdds of storage type : DISK capacity : 9223372036854775807
2023-04-21 06:15:26,721 [Listener at 127.0.0.1/39531] INFO  volume.MutableVolumeSet (MutableVolumeSet.java:initializeVolumeSet(175)) - Added Volume : /home/runner/work/ozone/ozone/hadoop-ozone/integration-test/target/test-dir/MiniOzoneClusterImpl-222c068d-693f-41e7-a147-5f3bf9f7a261/datanode-2/data-0/containers/hdds to VolumeSet
2023-04-21 06:15:26,721 [Listener at 127.0.0.1/39531] INFO  volume.ThrottledAsyncChecker (ThrottledAsyncChecker.java:schedule(141)) - Scheduling a check for /home/runner/work/ozone/ozone/hadoop-ozone/integration-test/target/test-dir/MiniOzoneClusterImpl-222c068d-693f-41e7-a147-5f3bf9f7a261/datanode-2/data-0/containers/hdds
2023-04-21 06:15:26,722 [Listener at 127.0.0.1/39531] INFO  volume.StorageVolumeChecker (StorageVolumeChecker.java:checkAllVolumes(202)) - Scheduled health check for volume /home/runner/work/ozone/ozone/hadoop-ozone/integration-test/target/test-dir/MiniOzoneClusterImpl-222c068d-693f-41e7-a147-5f3bf9f7a261/datanode-2/data-0/containers/hdds
2023-04-21 06:15:26,736 [Listener at 127.0.0.1/39531] INFO  volume.MutableVolumeSet (MutableVolumeSet.java:initializeVolumeSet(175)) - Added Volume : /home/runner/work/ozone/ozone/hadoop-ozone/integration-test/target/test-dir/MiniOzoneClusterImpl-222c068d-693f-41e7-a147-5f3bf9f7a261/datanode-2/data/ratis to VolumeSet
2023-04-21 06:15:26,736 [Listener at 127.0.0.1/39531] INFO  volume.ThrottledAsyncChecker (ThrottledAsyncChecker.java:schedule(141)) - Scheduling a check for /home/runner/work/ozone/ozone/hadoop-ozone/integration-test/target/test-dir/MiniOzoneClusterImpl-222c068d-693f-41e7-a147-5f3bf9f7a261/datanode-2/data/ratis
2023-04-21 06:15:26,736 [Listener at 127.0.0.1/39531] INFO  volume.StorageVolumeChecker (StorageVolumeChecker.java:checkAllVolumes(202)) - Scheduled health check for volume /home/runner/work/ozone/ozone/hadoop-ozone/integration-test/target/test-dir/MiniOzoneClusterImpl-222c068d-693f-41e7-a147-5f3bf9f7a261/datanode-2/data/ratis
2023-04-21 06:15:26,748 [Thread-169] INFO  ozoneimpl.ContainerReader (ContainerReader.java:readVolume(175)) - Finish verifying containers on volume /home/runner/work/ozone/ozone/hadoop-ozone/integration-test/target/test-dir/MiniOzoneClusterImpl-222c068d-693f-41e7-a147-5f3bf9f7a261/datanode-2/data-0/containers/hdds
2023-04-21 06:15:26,748 [Listener at 127.0.0.1/39531] INFO  ozoneimpl.OzoneContainer (OzoneContainer.java:buildContainerSet(303)) - Build ContainerSet costs 0s
2023-04-21 06:15:26,751 [Listener at 127.0.0.1/39531] INFO  server.RaftServer (ConfUtils.java:logGet(46)) - raft.rpc.type = GRPC (default)
2023-04-21 06:15:26,751 [Listener at 127.0.0.1/39531] INFO  grpc.GrpcConfigKeys (ConfUtils.java:logFallback(53)) - raft.grpc.admin.host = null (fallback to raft.grpc.server.host)
2023-04-21 06:15:26,751 [Listener at 127.0.0.1/39531] INFO  grpc.GrpcConfigKeys (ConfUtils.java:logGet(46)) - raft.grpc.admin.port = 0 (custom)
2023-04-21 06:15:26,752 [Listener at 127.0.0.1/39531] INFO  grpc.GrpcConfigKeys (ConfUtils.java:logFallback(53)) - raft.grpc.client.host = null (fallback to raft.grpc.server.host)
2023-04-21 06:15:26,752 [Listener at 127.0.0.1/39531] INFO  grpc.GrpcConfigKeys (ConfUtils.java:logGet(46)) - raft.grpc.client.port = 0 (custom)
2023-04-21 06:15:26,752 [Listener at 127.0.0.1/39531] INFO  grpc.GrpcConfigKeys (ConfUtils.java:logGet(46)) - raft.grpc.server.host = null (default)
2023-04-21 06:15:26,752 [Listener at 127.0.0.1/39531] INFO  grpc.GrpcConfigKeys (ConfUtils.java:logGet(46)) - raft.grpc.server.port = 0 (default)
2023-04-21 06:15:26,752 [Listener at 127.0.0.1/39531] INFO  server.GrpcService (ConfUtils.java:logGet(46)) - raft.grpc.message.size.max = 32MB (=33554432) (custom)
2023-04-21 06:15:26,752 [Listener at 127.0.0.1/39531] INFO  server.RaftServerConfigKeys (ConfUtils.java:logGet(46)) - raft.server.log.appender.buffer.byte-limit = 33554432 (custom)
2023-04-21 06:15:26,752 [Listener at 127.0.0.1/39531] INFO  server.GrpcService (ConfUtils.java:logGet(46)) - raft.grpc.flow.control.window = 5MB (=5242880) (custom)
2023-04-21 06:15:26,752 [Listener at 127.0.0.1/39531] INFO  server.RaftServerConfigKeys (ConfUtils.java:logGet(46)) - raft.server.rpc.request.timeout = 60s (custom)
2023-04-21 06:15:26,752 [Listener at 127.0.0.1/39531] INFO  grpc.GrpcConfigKeys (ConfUtils.java:logGet(46)) - raft.grpc.server.heartbeat.channel = true (default)
2023-04-21 06:15:26,752 [Listener at 127.0.0.1/39531] INFO  grpc.GrpcConfigKeys (ConfUtils.java:logGet(46)) - raft.grpc.server.async.request.thread.pool.cached = true (default)
2023-04-21 06:15:26,752 [Listener at 127.0.0.1/39531] INFO  grpc.GrpcConfigKeys (ConfUtils.java:logGet(46)) - raft.grpc.server.async.request.thread.pool.size = 32 (default)
2023-04-21 06:15:26,753 [Listener at 127.0.0.1/39531] INFO  impl.DataStreamServerImpl (ConfUtils.java:logGet(46)) - raft.datastream.type = NETTY (custom)
2023-04-21 06:15:26,754 [Listener at 127.0.0.1/39531] INFO  server.RaftServerConfigKeys (ConfUtils.java:logGet(46)) - raft.server.data-stream.async.request.thread.pool.cached = false (default)
2023-04-21 06:15:26,754 [Listener at 127.0.0.1/39531] INFO  server.RaftServerConfigKeys (ConfUtils.java:logGet(46)) - raft.server.data-stream.async.request.thread.pool.size = 20 (custom)
2023-04-21 06:15:26,754 [Listener at 127.0.0.1/39531] INFO  server.RaftServerConfigKeys (ConfUtils.java:logGet(46)) - raft.server.data-stream.async.write.thread.pool.size = 16 (default)
2023-04-21 06:15:26,754 [Listener at 127.0.0.1/39531] INFO  server.RaftServerConfigKeys (ConfUtils.java:logGet(46)) - raft.server.data-stream.client.pool.size = 10 (default)
2023-04-21 06:15:26,754 [Listener at 127.0.0.1/39531] INFO  netty.NettyConfigKeys$DataStream (ConfUtils.java:logGet(46)) - raft.netty.dataStream.server.use-epoll = false (default)
2023-04-21 06:15:26,754 [Listener at 127.0.0.1/39531] INFO  netty.NettyConfigKeys$DataStream (ConfUtils.java:logGet(46)) - raft.netty.dataStream.server.boss-group.size = 0 (default)
2023-04-21 06:15:26,755 [Listener at 127.0.0.1/39531] INFO  netty.NettyConfigKeys$DataStream (ConfUtils.java:logGet(46)) - raft.netty.dataStream.server.worker-group.size = 0 (default)
2023-04-21 06:15:26,755 [Listener at 127.0.0.1/39531] INFO  netty.NettyConfigKeys$DataStream (ConfUtils.java:logGet(46)) - raft.netty.dataStream.server.tls.conf = null (default)
2023-04-21 06:15:26,755 [Listener at 127.0.0.1/39531] INFO  netty.NettyConfigKeys$DataStream (ConfUtils.java:logGet(46)) - raft.netty.dataStream.host = null (default)
2023-04-21 06:15:26,755 [Listener at 127.0.0.1/39531] INFO  netty.NettyConfigKeys$DataStream (ConfUtils.java:logGet(46)) - raft.netty.dataStream.port = 0 (default)
2023-04-21 06:15:26,756 [Listener at 127.0.0.1/39531] INFO  server.RaftServerConfigKeys (ConfUtils.java:logGet(46)) - raft.server.threadpool.proxy.cached = true (default)
2023-04-21 06:15:26,756 [Listener at 127.0.0.1/39531] INFO  server.RaftServerConfigKeys (ConfUtils.java:logGet(46)) - raft.server.threadpool.proxy.size = 0 (default)
2023-04-21 06:15:26,756 [Listener at 127.0.0.1/39531] INFO  server.RaftServerConfigKeys (ConfUtils.java:logGet(46)) - raft.server.rpc.slowness.timeout = 300s (custom)
2023-04-21 06:15:26,756 [Listener at 127.0.0.1/39531] INFO  server.RaftServerConfigKeys (ConfUtils.java:logGet(46)) - raft.server.leaderelection.leader.step-down.wait-time = 10s (default)
2023-04-21 06:15:26,756 [Listener at 127.0.0.1/39531] INFO  server.RaftServerConfigKeys (ConfUtils.java:logGet(46)) - raft.server.storage.dir = [/home/runner/work/ozone/ozone/hadoop-ozone/integration-test/target/test-dir/MiniOzoneClusterImpl-222c068d-693f-41e7-a147-5f3bf9f7a261/datanode-2/data/ratis] (custom)
2023-04-21 06:15:26,768 [Listener at 127.0.0.1/39531] INFO  server.XceiverServerGrpc (XceiverServerGrpc.java:<init>(132)) - GrpcServer channel type EpollServerSocketChannel
2023-04-21 06:15:26,771 [Listener at 127.0.0.1/39531] INFO  http.BaseHttpServer (BaseHttpServer.java:newHttpServer2BuilderForOzone(224)) - Starting Web-server for hddsDatanode at: http://0.0.0.0:0
2023-04-21 06:15:26,772 [Listener at 127.0.0.1/39531] INFO  http.BaseHttpServer (BaseHttpServer.java:<init>(111)) - Hadoop Security Enabled: false Ozone Security Enabled: false Ozone HTTP Security Enabled: false 
2023-04-21 06:15:26,773 [Listener at 127.0.0.1/39531] WARN  server.AuthenticationFilter (AuthenticationFilter.java:constructSecretProvider(240)) - Unable to initialize FileSignerSecretProvider, falling back to use random secrets. Reason: Could not read signature secret file: /home/runner/hadoop-http-auth-signature-secret
2023-04-21 06:15:26,773 [85be5e62-7272-42cb-bae2-27068f8713e2-NettyServerStreamRpc-bossGroup--thread1] INFO  logging.LoggingHandler (AbstractInternalLogger.java:log(148)) - [id: 0x527f471f] REGISTERED
2023-04-21 06:15:26,774 [85be5e62-7272-42cb-bae2-27068f8713e2-NettyServerStreamRpc-bossGroup--thread1] INFO  logging.LoggingHandler (AbstractInternalLogger.java:log(148)) - [id: 0x527f471f] BIND: 0.0.0.0/0.0.0.0:0
2023-04-21 06:15:26,774 [85be5e62-7272-42cb-bae2-27068f8713e2-NettyServerStreamRpc-bossGroup--thread1] INFO  logging.LoggingHandler (AbstractInternalLogger.java:log(148)) - [id: 0x527f471f, L:/0:0:0:0:0:0:0:0:42643] ACTIVE
2023-04-21 06:15:26,776 [Listener at 127.0.0.1/39531] INFO  http.HttpRequestLog (HttpRequestLog.java:getRequestLog(86)) - Http request log for http.requests.hddsDatanode is not defined
2023-04-21 06:15:26,778 [Listener at 127.0.0.1/39531] INFO  http.HttpServer2 (HttpServer2.java:addGlobalFilter(1031)) - Added global filter 'safety' (class=org.apache.hadoop.hdds.server.http.HttpServer2$QuotingInputFilter)
2023-04-21 06:15:26,779 [Listener at 127.0.0.1/39531] INFO  http.HttpServer2 (HttpServer2.java:addFilter(1007)) - Added filter static_user_filter (class=org.apache.hadoop.http.lib.StaticUserWebFilter$StaticUserFilter) to context hddsDatanode
2023-04-21 06:15:26,779 [Listener at 127.0.0.1/39531] INFO  http.HttpServer2 (HttpServer2.java:addFilter(1015)) - Added filter static_user_filter (class=org.apache.hadoop.http.lib.StaticUserWebFilter$StaticUserFilter) to context static
2023-04-21 06:15:26,779 [Listener at 127.0.0.1/39531] INFO  http.HttpServer2 (HttpServer2.java:addFilter(1015)) - Added filter static_user_filter (class=org.apache.hadoop.http.lib.StaticUserWebFilter$StaticUserFilter) to context logs
2023-04-21 06:15:26,780 [Listener at 127.0.0.1/39531] INFO  http.BaseHttpServer (BaseHttpServer.java:<init>(190)) - HTTP server of hddsDatanode uses base directory /home/runner/work/ozone/ozone/hadoop-ozone/integration-test/target/test-dir/MiniOzoneClusterImpl-222c068d-693f-41e7-a147-5f3bf9f7a261/datanode-2/meta/webserver
2023-04-21 06:15:26,780 [Listener at 127.0.0.1/39531] INFO  http.HttpServer2 (HttpServer2.java:bindListener(1250)) - Jetty bound to port 42649
2023-04-21 06:15:26,780 [Listener at 127.0.0.1/39531] INFO  server.Server (Server.java:doStart(375)) - jetty-9.4.49.v20220914; built: 2022-09-14T01:07:36.601Z; git: 4231a3b2e4cb8548a412a789936d640a97b1aa0a; jvm 1.8.0_362-b09
2023-04-21 06:15:26,784 [Listener at 127.0.0.1/39531] INFO  server.session (DefaultSessionIdManager.java:doStart(334)) - DefaultSessionIdManager workerName=node0
2023-04-21 06:15:26,784 [Listener at 127.0.0.1/39531] INFO  server.session (DefaultSessionIdManager.java:doStart(339)) - No SessionScavenger set, using defaults
2023-04-21 06:15:26,784 [Listener at 127.0.0.1/39531] INFO  server.session (HouseKeeper.java:startScavenging(132)) - node0 Scavenging every 660000ms
2023-04-21 06:15:26,785 [Listener at 127.0.0.1/39531] INFO  handler.ContextHandler (ContextHandler.java:doStart(921)) - Started o.e.j.s.ServletContextHandler@5b053672{logs,/logs,file:///home/runner/work/ozone/ozone/hadoop-ozone/integration-test/target/log,AVAILABLE}
2023-04-21 06:15:26,785 [Listener at 127.0.0.1/39531] INFO  handler.ContextHandler (ContextHandler.java:doStart(921)) - Started o.e.j.s.ServletContextHandler@7de30b41{static,/static,jar:file:/home/runner/.m2/repository/org/apache/ozone/hdds-container-service/1.4.0-SNAPSHOT/hdds-container-service-1.4.0-SNAPSHOT.jar!/webapps/static,AVAILABLE}
2023-04-21 06:15:26,987 [Listener at 127.0.0.1/39531] INFO  handler.ContextHandler (ContextHandler.java:doStart(921)) - Started o.e.j.w.WebAppContext@eb27d0c{hddsDatanode,/,file:///home/runner/work/ozone/ozone/hadoop-ozone/integration-test/target/test-dir/MiniOzoneClusterImpl-222c068d-693f-41e7-a147-5f3bf9f7a261/datanode-2/meta/webserver/jetty-0_0_0_0-42649-hdds-container-service-1_4_0-SNAPSHOT_jar-_-any-2597176240416897746/webapp/,AVAILABLE}{jar:file:/home/runner/.m2/repository/org/apache/ozone/hdds-container-service/1.4.0-SNAPSHOT/hdds-container-service-1.4.0-SNAPSHOT.jar!/webapps/hddsDatanode}
2023-04-21 06:15:26,990 [Listener at 127.0.0.1/39531] INFO  server.AbstractConnector (AbstractConnector.java:doStart(333)) - Started ServerConnector@7be4b760{HTTP/1.1, (http/1.1)}{0.0.0.0:42649}
2023-04-21 06:15:26,991 [Listener at 127.0.0.1/39531] INFO  server.Server (Server.java:doStart(415)) - Started @9681ms
2023-04-21 06:15:26,991 [Listener at 127.0.0.1/39531] WARN  impl.MetricsSystemImpl (MetricsSystemImpl.java:register(279)) - Sink prometheus already exists!
2023-04-21 06:15:26,992 [Listener at 127.0.0.1/39531] INFO  http.BaseHttpServer (BaseHttpServer.java:updateConnectorAddress(344)) - HTTP server of hddsDatanode listening at http://0.0.0.0:42649
2023-04-21 06:15:26,993 [Datanode State Machine Daemon Thread] INFO  statemachine.DatanodeStateMachine (DatanodeStateMachine.java:lambda$startDaemon$0(517)) - Ozone container server started.
2023-04-21 06:15:27,004 [Listener at 127.0.0.1/39531] INFO  ozone.MiniOzoneClusterImpl (MiniOzoneClusterImpl.java:lambda$waitForClusterToBeReady$0(223)) - Waiting for nodes to be ready. Got 0 of 3 DN Heartbeats.
2023-04-21 06:15:27,004 [Listener at 127.0.0.1/39531] INFO  ozone.MiniOzoneClusterImpl (MiniOzoneClusterImpl.java:lambda$waitForClusterToBeReady$0(226)) - Waiting for cluster to exit safe mode
2023-04-21 06:15:27,004 [Listener at 127.0.0.1/39531] INFO  ozone.MiniOzoneClusterImpl (MiniOzoneClusterImpl.java:lambda$waitForClusterToBeReady$0(228)) - SCM became leader
2023-04-21 06:15:27,005 [org.apache.hadoop.util.JvmPauseMonitor$Monitor@3022adbb] INFO  util.JvmPauseMonitor (JvmPauseMonitor.java:run(188)) - Starting JVM pause monitor
2023-04-21 06:15:27,012 [Datanode State Machine Task Thread - 0] INFO  datanode.InitDatanodeState (InitDatanodeState.java:persistContainerDatanodeDetails(138)) - DatanodeDetails is persisted to /home/runner/work/ozone/ozone/hadoop-ozone/integration-test/target/test-dir/MiniOzoneClusterImpl-222c068d-693f-41e7-a147-5f3bf9f7a261/datanode-2/meta/datanode.id
2023-04-21 06:15:28,005 [Listener at 127.0.0.1/39531] INFO  ozone.MiniOzoneClusterImpl (MiniOzoneClusterImpl.java:lambda$waitForClusterToBeReady$0(223)) - Waiting for nodes to be ready. Got 0 of 3 DN Heartbeats.
2023-04-21 06:15:28,005 [Listener at 127.0.0.1/39531] INFO  ozone.MiniOzoneClusterImpl (MiniOzoneClusterImpl.java:lambda$waitForClusterToBeReady$0(226)) - Waiting for cluster to exit safe mode
2023-04-21 06:15:28,005 [Listener at 127.0.0.1/39531] INFO  ozone.MiniOzoneClusterImpl (MiniOzoneClusterImpl.java:lambda$waitForClusterToBeReady$0(228)) - SCM became leader
2023-04-21 06:15:28,227 [EndpointStateMachine task thread for /0.0.0.0:45299 - 0 ] INFO  utils.DatanodeStoreCache (DatanodeStoreCache.java:addDB(58)) - Added db /home/runner/work/ozone/ozone/hadoop-ozone/integration-test/target/test-dir/MiniOzoneClusterImpl-222c068d-693f-41e7-a147-5f3bf9f7a261/datanode-0/data-0/containers/hdds/222c068d-693f-41e7-a147-5f3bf9f7a261/DS-8b344840-2626-42e0-808b-06250b440f97/container.db to cache
2023-04-21 06:15:28,227 [EndpointStateMachine task thread for /0.0.0.0:45299 - 0 ] INFO  volume.HddsVolume (HddsVolume.java:createDbStore(350)) - SchemaV3 db is created and loaded at /home/runner/work/ozone/ozone/hadoop-ozone/integration-test/target/test-dir/MiniOzoneClusterImpl-222c068d-693f-41e7-a147-5f3bf9f7a261/datanode-0/data-0/containers/hdds/222c068d-693f-41e7-a147-5f3bf9f7a261/DS-8b344840-2626-42e0-808b-06250b440f97/container.db for volume DS-8b344840-2626-42e0-808b-06250b440f97
2023-04-21 06:15:28,230 [EndpointStateMachine task thread for /0.0.0.0:45299 - 0 ] INFO  ozoneimpl.OzoneContainer (OzoneContainer.java:start(397)) - Attempting to start container services.
2023-04-21 06:15:28,233 [EndpointStateMachine task thread for /0.0.0.0:45299 - 0 ] INFO  ozoneimpl.OzoneContainer (OzoneContainer.java:startContainerScrub(314)) - Scheduled background container scanners and the on-demand container scanner have been disabled.
2023-04-21 06:15:28,236 [EndpointStateMachine task thread for /0.0.0.0:45299 - 0 ] INFO  replication.ReplicationServer (ReplicationServer.java:start(109)) - ReplicationServer is started using port 34809
2023-04-21 06:15:28,236 [EndpointStateMachine task thread for /0.0.0.0:45299 - 0 ] INFO  ratis.XceiverServerRatis (XceiverServerRatis.java:start(517)) - Starting XceiverServerRatis 54e06896-f90f-443b-a024-7fd1f14ff9aa
2023-04-21 06:15:28,236 [EndpointStateMachine task thread for /0.0.0.0:45299 - 0 ] INFO  server.RaftServer (RaftServerProxy.java:startImpl(393)) - 54e06896-f90f-443b-a024-7fd1f14ff9aa: start RPC server
2023-04-21 06:15:28,239 [EndpointStateMachine task thread for /0.0.0.0:45299 - 0 ] INFO  server.GrpcService (GrpcService.java:startImpl(262)) - 54e06896-f90f-443b-a024-7fd1f14ff9aa: GrpcService started, listening on 40081
2023-04-21 06:15:28,240 [EndpointStateMachine task thread for /0.0.0.0:45299 - 0 ] INFO  ratis.XceiverServerRatis (XceiverServerRatis.java:getRealPort(543)) - XceiverServerRatis 54e06896-f90f-443b-a024-7fd1f14ff9aa is started using port 40081 for RATIS
2023-04-21 06:15:28,240 [EndpointStateMachine task thread for /0.0.0.0:45299 - 0 ] INFO  ratis.XceiverServerRatis (XceiverServerRatis.java:getRealPort(543)) - XceiverServerRatis 54e06896-f90f-443b-a024-7fd1f14ff9aa is started using port 40081 for RATIS_ADMIN
2023-04-21 06:15:28,240 [EndpointStateMachine task thread for /0.0.0.0:45299 - 0 ] INFO  ratis.XceiverServerRatis (XceiverServerRatis.java:getRealPort(543)) - XceiverServerRatis 54e06896-f90f-443b-a024-7fd1f14ff9aa is started using port 40081 for RATIS_SERVER
2023-04-21 06:15:28,240 [EndpointStateMachine task thread for /0.0.0.0:45299 - 0 ] INFO  ratis.XceiverServerRatis (XceiverServerRatis.java:getRealPort(543)) - XceiverServerRatis 54e06896-f90f-443b-a024-7fd1f14ff9aa is started using port 43055 for RATIS_DATASTREAM
2023-04-21 06:15:28,240 [JvmPauseMonitor1] INFO  util.JvmPauseMonitor (JvmPauseMonitor.java:run(105)) - JvmPauseMonitor-54e06896-f90f-443b-a024-7fd1f14ff9aa: Started
2023-04-21 06:15:28,242 [EndpointStateMachine task thread for /0.0.0.0:45299 - 0 ] INFO  server.XceiverServerGrpc (XceiverServerGrpc.java:start(180)) - XceiverServerGrpc 54e06896-f90f-443b-a024-7fd1f14ff9aa is started using port 44483
2023-04-21 06:15:28,254 [BlockDeletingService#0] INFO  interfaces.ContainerDeletionChoosingPolicyTemplate (ContainerDeletionChoosingPolicyTemplate.java:chooseContainerForBlockDeletion(83)) - Chosen 0/5000 blocks from 0 candidate containers.
2023-04-21 06:15:28,684 [EndpointStateMachine task thread for /0.0.0.0:45299 - 0 ] INFO  utils.DatanodeStoreCache (DatanodeStoreCache.java:addDB(58)) - Added db /home/runner/work/ozone/ozone/hadoop-ozone/integration-test/target/test-dir/MiniOzoneClusterImpl-222c068d-693f-41e7-a147-5f3bf9f7a261/datanode-1/data-0/containers/hdds/222c068d-693f-41e7-a147-5f3bf9f7a261/DS-b8822908-facb-4aad-aa07-d5254e14ab7c/container.db to cache
2023-04-21 06:15:28,685 [EndpointStateMachine task thread for /0.0.0.0:45299 - 0 ] INFO  volume.HddsVolume (HddsVolume.java:createDbStore(350)) - SchemaV3 db is created and loaded at /home/runner/work/ozone/ozone/hadoop-ozone/integration-test/target/test-dir/MiniOzoneClusterImpl-222c068d-693f-41e7-a147-5f3bf9f7a261/datanode-1/data-0/containers/hdds/222c068d-693f-41e7-a147-5f3bf9f7a261/DS-b8822908-facb-4aad-aa07-d5254e14ab7c/container.db for volume DS-b8822908-facb-4aad-aa07-d5254e14ab7c
2023-04-21 06:15:28,686 [EndpointStateMachine task thread for /0.0.0.0:45299 - 0 ] INFO  ozoneimpl.OzoneContainer (OzoneContainer.java:start(397)) - Attempting to start container services.
2023-04-21 06:15:28,686 [EndpointStateMachine task thread for /0.0.0.0:45299 - 0 ] INFO  ozoneimpl.OzoneContainer (OzoneContainer.java:startContainerScrub(314)) - Scheduled background container scanners and the on-demand container scanner have been disabled.
2023-04-21 06:15:28,687 [EndpointStateMachine task thread for /0.0.0.0:45299 - 0 ] INFO  replication.ReplicationServer (ReplicationServer.java:start(109)) - ReplicationServer is started using port 38731
2023-04-21 06:15:28,690 [EndpointStateMachine task thread for /0.0.0.0:45299 - 0 ] INFO  ratis.XceiverServerRatis (XceiverServerRatis.java:start(517)) - Starting XceiverServerRatis b2f013c4-4cfd-4a33-b24a-9a71c6bbd892
2023-04-21 06:15:28,690 [EndpointStateMachine task thread for /0.0.0.0:45299 - 0 ] INFO  server.RaftServer (RaftServerProxy.java:startImpl(393)) - b2f013c4-4cfd-4a33-b24a-9a71c6bbd892: start RPC server
2023-04-21 06:15:28,699 [EndpointStateMachine task thread for /0.0.0.0:45299 - 0 ] INFO  server.GrpcService (GrpcService.java:startImpl(262)) - b2f013c4-4cfd-4a33-b24a-9a71c6bbd892: GrpcService started, listening on 45827
2023-04-21 06:15:28,701 [EndpointStateMachine task thread for /0.0.0.0:45299 - 0 ] INFO  ratis.XceiverServerRatis (XceiverServerRatis.java:getRealPort(543)) - XceiverServerRatis b2f013c4-4cfd-4a33-b24a-9a71c6bbd892 is started using port 45827 for RATIS
2023-04-21 06:15:28,702 [JvmPauseMonitor2] INFO  util.JvmPauseMonitor (JvmPauseMonitor.java:run(105)) - JvmPauseMonitor-b2f013c4-4cfd-4a33-b24a-9a71c6bbd892: Started
2023-04-21 06:15:28,702 [EndpointStateMachine task thread for /0.0.0.0:45299 - 0 ] INFO  ratis.XceiverServerRatis (XceiverServerRatis.java:getRealPort(543)) - XceiverServerRatis b2f013c4-4cfd-4a33-b24a-9a71c6bbd892 is started using port 45827 for RATIS_ADMIN
2023-04-21 06:15:28,702 [EndpointStateMachine task thread for /0.0.0.0:45299 - 0 ] INFO  ratis.XceiverServerRatis (XceiverServerRatis.java:getRealPort(543)) - XceiverServerRatis b2f013c4-4cfd-4a33-b24a-9a71c6bbd892 is started using port 45827 for RATIS_SERVER
2023-04-21 06:15:28,702 [EndpointStateMachine task thread for /0.0.0.0:45299 - 0 ] INFO  ratis.XceiverServerRatis (XceiverServerRatis.java:getRealPort(543)) - XceiverServerRatis b2f013c4-4cfd-4a33-b24a-9a71c6bbd892 is started using port 37043 for RATIS_DATASTREAM
2023-04-21 06:15:28,714 [EndpointStateMachine task thread for /0.0.0.0:45299 - 0 ] INFO  server.XceiverServerGrpc (XceiverServerGrpc.java:start(180)) - XceiverServerGrpc b2f013c4-4cfd-4a33-b24a-9a71c6bbd892 is started using port 41237
2023-04-21 06:15:28,719 [BlockDeletingService#0] INFO  interfaces.ContainerDeletionChoosingPolicyTemplate (ContainerDeletionChoosingPolicyTemplate.java:chooseContainerForBlockDeletion(83)) - Chosen 0/5000 blocks from 0 candidate containers.
2023-04-21 06:15:29,005 [Listener at 127.0.0.1/39531] INFO  ozone.MiniOzoneClusterImpl (MiniOzoneClusterImpl.java:lambda$waitForClusterToBeReady$0(223)) - Waiting for nodes to be ready. Got 0 of 3 DN Heartbeats.
2023-04-21 06:15:29,005 [Listener at 127.0.0.1/39531] INFO  ozone.MiniOzoneClusterImpl (MiniOzoneClusterImpl.java:lambda$waitForClusterToBeReady$0(226)) - Waiting for cluster to exit safe mode
2023-04-21 06:15:29,005 [Listener at 127.0.0.1/39531] INFO  ozone.MiniOzoneClusterImpl (MiniOzoneClusterImpl.java:lambda$waitForClusterToBeReady$0(228)) - SCM became leader
2023-04-21 06:15:29,044 [EndpointStateMachine task thread for /0.0.0.0:45299 - 0 ] INFO  utils.DatanodeStoreCache (DatanodeStoreCache.java:addDB(58)) - Added db /home/runner/work/ozone/ozone/hadoop-ozone/integration-test/target/test-dir/MiniOzoneClusterImpl-222c068d-693f-41e7-a147-5f3bf9f7a261/datanode-2/data-0/containers/hdds/222c068d-693f-41e7-a147-5f3bf9f7a261/DS-117be1b9-fb19-4164-81c0-8b6c418464b7/container.db to cache
2023-04-21 06:15:29,045 [EndpointStateMachine task thread for /0.0.0.0:45299 - 0 ] INFO  volume.HddsVolume (HddsVolume.java:createDbStore(350)) - SchemaV3 db is created and loaded at /home/runner/work/ozone/ozone/hadoop-ozone/integration-test/target/test-dir/MiniOzoneClusterImpl-222c068d-693f-41e7-a147-5f3bf9f7a261/datanode-2/data-0/containers/hdds/222c068d-693f-41e7-a147-5f3bf9f7a261/DS-117be1b9-fb19-4164-81c0-8b6c418464b7/container.db for volume DS-117be1b9-fb19-4164-81c0-8b6c418464b7
2023-04-21 06:15:29,046 [EndpointStateMachine task thread for /0.0.0.0:45299 - 0 ] INFO  ozoneimpl.OzoneContainer (OzoneContainer.java:start(397)) - Attempting to start container services.
2023-04-21 06:15:29,046 [EndpointStateMachine task thread for /0.0.0.0:45299 - 0 ] INFO  ozoneimpl.OzoneContainer (OzoneContainer.java:startContainerScrub(314)) - Scheduled background container scanners and the on-demand container scanner have been disabled.
2023-04-21 06:15:29,051 [EndpointStateMachine task thread for /0.0.0.0:45299 - 0 ] INFO  replication.ReplicationServer (ReplicationServer.java:start(109)) - ReplicationServer is started using port 41025
2023-04-21 06:15:29,051 [EndpointStateMachine task thread for /0.0.0.0:45299 - 0 ] INFO  ratis.XceiverServerRatis (XceiverServerRatis.java:start(517)) - Starting XceiverServerRatis 85be5e62-7272-42cb-bae2-27068f8713e2
2023-04-21 06:15:29,054 [EndpointStateMachine task thread for /0.0.0.0:45299 - 0 ] INFO  server.RaftServer (RaftServerProxy.java:startImpl(393)) - 85be5e62-7272-42cb-bae2-27068f8713e2: start RPC server
2023-04-21 06:15:29,056 [EndpointStateMachine task thread for /0.0.0.0:45299 - 0 ] INFO  server.GrpcService (GrpcService.java:startImpl(262)) - 85be5e62-7272-42cb-bae2-27068f8713e2: GrpcService started, listening on 34951
2023-04-21 06:15:29,056 [EndpointStateMachine task thread for /0.0.0.0:45299 - 0 ] INFO  ratis.XceiverServerRatis (XceiverServerRatis.java:getRealPort(543)) - XceiverServerRatis 85be5e62-7272-42cb-bae2-27068f8713e2 is started using port 34951 for RATIS
2023-04-21 06:15:29,056 [EndpointStateMachine task thread for /0.0.0.0:45299 - 0 ] INFO  ratis.XceiverServerRatis (XceiverServerRatis.java:getRealPort(543)) - XceiverServerRatis 85be5e62-7272-42cb-bae2-27068f8713e2 is started using port 34951 for RATIS_ADMIN
2023-04-21 06:15:29,056 [EndpointStateMachine task thread for /0.0.0.0:45299 - 0 ] INFO  ratis.XceiverServerRatis (XceiverServerRatis.java:getRealPort(543)) - XceiverServerRatis 85be5e62-7272-42cb-bae2-27068f8713e2 is started using port 34951 for RATIS_SERVER
2023-04-21 06:15:29,056 [EndpointStateMachine task thread for /0.0.0.0:45299 - 0 ] INFO  ratis.XceiverServerRatis (XceiverServerRatis.java:getRealPort(543)) - XceiverServerRatis 85be5e62-7272-42cb-bae2-27068f8713e2 is started using port 42643 for RATIS_DATASTREAM
2023-04-21 06:15:29,056 [JvmPauseMonitor3] INFO  util.JvmPauseMonitor (JvmPauseMonitor.java:run(105)) - JvmPauseMonitor-85be5e62-7272-42cb-bae2-27068f8713e2: Started
2023-04-21 06:15:29,066 [EndpointStateMachine task thread for /0.0.0.0:45299 - 0 ] INFO  server.XceiverServerGrpc (XceiverServerGrpc.java:start(180)) - XceiverServerGrpc 85be5e62-7272-42cb-bae2-27068f8713e2 is started using port 36463
2023-04-21 06:15:29,069 [BlockDeletingService#0] INFO  interfaces.ContainerDeletionChoosingPolicyTemplate (ContainerDeletionChoosingPolicyTemplate.java:chooseContainerForBlockDeletion(83)) - Chosen 0/5000 blocks from 0 candidate containers.
2023-04-21 06:15:30,006 [Listener at 127.0.0.1/39531] INFO  ozone.MiniOzoneClusterImpl (MiniOzoneClusterImpl.java:lambda$waitForClusterToBeReady$0(223)) - Waiting for nodes to be ready. Got 0 of 3 DN Heartbeats.
2023-04-21 06:15:30,006 [Listener at 127.0.0.1/39531] INFO  ozone.MiniOzoneClusterImpl (MiniOzoneClusterImpl.java:lambda$waitForClusterToBeReady$0(226)) - Waiting for cluster to exit safe mode
2023-04-21 06:15:30,006 [Listener at 127.0.0.1/39531] INFO  ozone.MiniOzoneClusterImpl (MiniOzoneClusterImpl.java:lambda$waitForClusterToBeReady$0(228)) - SCM became leader
2023-04-21 06:15:30,138 [IPC Server handler 13 on default port 45299] INFO  net.NetworkTopologyImpl (NetworkTopologyImpl.java:add(112)) - Added a new node: /default-rack/54e06896-f90f-443b-a024-7fd1f14ff9aa
2023-04-21 06:15:30,140 [IPC Server handler 13 on default port 45299] INFO  node.SCMNodeManager (SCMNodeManager.java:register(404)) - Registered Data node : 54e06896-f90f-443b-a024-7fd1f14ff9aa{ip: 10.1.0.35, host: fv-az205-422, ports: [HTTP=43767, REPLICATION=34809, RATIS=40081, RATIS_ADMIN=40081, RATIS_SERVER=40081, RATIS_DATASTREAM=43055, STANDALONE=44483], networkLocation: /default-rack, certSerialId: null, persistedOpState: null, persistedOpStateExpiryEpochSec: 0}
2023-04-21 06:15:30,146 [EventQueue-NewNodeForNewNodeHandler] INFO  pipeline.BackgroundPipelineCreator (BackgroundPipelineCreator.java:notifyEventTriggered(276)) - trigger a one-shot run on RatisPipelineUtilsThread.
2023-04-21 06:15:30,150 [EventQueue-NodeRegistrationContainerReportForDataNodeSafeModeRule] INFO  safemode.SCMSafeModeManager (DataNodeSafeModeRule.java:process(71)) - SCM in safe mode. 1 DataNodes registered, 3 required.
2023-04-21 06:15:30,155 [RatisPipelineUtilsThread - 0] INFO  pipeline.RatisPipelineProvider (RatisPipelineProvider.java:lambda$create$0(206)) - Sending CreatePipelineCommand for pipeline:PipelineID=5fd88dd9-7418-4422-9e19-68f121997be1 to datanode:54e06896-f90f-443b-a024-7fd1f14ff9aa
2023-04-21 06:15:30,155 [EventQueue-NodeRegistrationContainerReportForContainerSafeModeRule] INFO  safemode.SCMSafeModeManager (SCMSafeModeManager.java:validateSafeModeExitRules(200)) - ContainerSafeModeRule rule is successfully validated
2023-04-21 06:15:30,163 [EventQueue-PipelineReportForOneReplicaPipelineSafeModeRule] INFO  safemode.SCMSafeModeManager (SCMSafeModeManager.java:validateSafeModeExitRules(200)) - AtleastOneDatanodeReportedRule rule is successfully validated
2023-04-21 06:15:30,168 [RatisPipelineUtilsThread - 0] INFO  pipeline.PipelineStateManagerImpl (PipelineStateManagerImpl.java:addPipeline(103)) - Created pipeline Pipeline[ Id: 5fd88dd9-7418-4422-9e19-68f121997be1, Nodes: 54e06896-f90f-443b-a024-7fd1f14ff9aa(fv-az205-422/10.1.0.35), ReplicationConfig: RATIS/ONE, State:ALLOCATED, leaderId:, CreationTimestamp2023-04-21T06:15:30.154Z[Etc/UTC]].
2023-04-21 06:15:30,648 [IPC Server handler 14 on default port 45299] INFO  net.NetworkTopologyImpl (NetworkTopologyImpl.java:add(112)) - Added a new node: /default-rack/b2f013c4-4cfd-4a33-b24a-9a71c6bbd892
2023-04-21 06:15:30,648 [IPC Server handler 14 on default port 45299] INFO  node.SCMNodeManager (SCMNodeManager.java:register(404)) - Registered Data node : b2f013c4-4cfd-4a33-b24a-9a71c6bbd892{ip: 10.1.0.35, host: fv-az205-422, ports: [HTTP=41279, REPLICATION=38731, RATIS=45827, RATIS_ADMIN=45827, RATIS_SERVER=45827, RATIS_DATASTREAM=37043, STANDALONE=41237], networkLocation: /default-rack, certSerialId: null, persistedOpState: null, persistedOpStateExpiryEpochSec: 0}
2023-04-21 06:15:30,648 [EventQueue-NodeRegistrationContainerReportForDataNodeSafeModeRule] INFO  safemode.SCMSafeModeManager (DataNodeSafeModeRule.java:process(71)) - SCM in safe mode. 2 DataNodes registered, 3 required.
2023-04-21 06:15:30,649 [EventQueue-NewNodeForNewNodeHandler] INFO  pipeline.BackgroundPipelineCreator (BackgroundPipelineCreator.java:notifyEventTriggered(276)) - trigger a one-shot run on RatisPipelineUtilsThread.
2023-04-21 06:15:30,650 [RatisPipelineUtilsThread - 0] INFO  pipeline.RatisPipelineProvider (RatisPipelineProvider.java:lambda$create$0(206)) - Sending CreatePipelineCommand for pipeline:PipelineID=da4ba95e-5845-41c2-b687-f8360eebfadc to datanode:b2f013c4-4cfd-4a33-b24a-9a71c6bbd892
2023-04-21 06:15:30,650 [RatisPipelineUtilsThread - 0] INFO  pipeline.PipelineStateManagerImpl (PipelineStateManagerImpl.java:addPipeline(103)) - Created pipeline Pipeline[ Id: da4ba95e-5845-41c2-b687-f8360eebfadc, Nodes: b2f013c4-4cfd-4a33-b24a-9a71c6bbd892(fv-az205-422/10.1.0.35), ReplicationConfig: RATIS/ONE, State:ALLOCATED, leaderId:, CreationTimestamp2023-04-21T06:15:30.650Z[Etc/UTC]].
2023-04-21 06:15:31,006 [Listener at 127.0.0.1/39531] INFO  ozone.MiniOzoneClusterImpl (MiniOzoneClusterImpl.java:lambda$waitForClusterToBeReady$0(223)) - Waiting for nodes to be ready. Got 2 of 3 DN Heartbeats.
2023-04-21 06:15:31,006 [Listener at 127.0.0.1/39531] INFO  ozone.MiniOzoneClusterImpl (MiniOzoneClusterImpl.java:lambda$waitForClusterToBeReady$0(226)) - Waiting for cluster to exit safe mode
2023-04-21 06:15:31,006 [Listener at 127.0.0.1/39531] INFO  ozone.MiniOzoneClusterImpl (MiniOzoneClusterImpl.java:lambda$waitForClusterToBeReady$0(228)) - SCM became leader
2023-04-21 06:15:31,008 [IPC Server handler 19 on default port 45299] INFO  net.NetworkTopologyImpl (NetworkTopologyImpl.java:add(112)) - Added a new node: /default-rack/85be5e62-7272-42cb-bae2-27068f8713e2
2023-04-21 06:15:31,009 [IPC Server handler 19 on default port 45299] INFO  node.SCMNodeManager (SCMNodeManager.java:register(404)) - Registered Data node : 85be5e62-7272-42cb-bae2-27068f8713e2{ip: 10.1.0.35, host: fv-az205-422, ports: [HTTP=42649, REPLICATION=41025, RATIS=34951, RATIS_ADMIN=34951, RATIS_SERVER=34951, RATIS_DATASTREAM=42643, STANDALONE=36463], networkLocation: /default-rack, certSerialId: null, persistedOpState: null, persistedOpStateExpiryEpochSec: 0}
2023-04-21 06:15:31,009 [EventQueue-NewNodeForNewNodeHandler] INFO  pipeline.BackgroundPipelineCreator (BackgroundPipelineCreator.java:notifyEventTriggered(276)) - trigger a one-shot run on RatisPipelineUtilsThread.
2023-04-21 06:15:31,009 [EventQueue-NodeRegistrationContainerReportForDataNodeSafeModeRule] INFO  safemode.SCMSafeModeManager (DataNodeSafeModeRule.java:process(71)) - SCM in safe mode. 3 DataNodes registered, 3 required.
2023-04-21 06:15:31,010 [EventQueue-NodeRegistrationContainerReportForDataNodeSafeModeRule] INFO  safemode.SCMSafeModeManager (SCMSafeModeManager.java:validateSafeModeExitRules(200)) - DataNodeSafeModeRule rule is successfully validated
2023-04-21 06:15:31,010 [EventQueue-NodeRegistrationContainerReportForDataNodeSafeModeRule] INFO  safemode.SCMSafeModeManager (SCMSafeModeManager.java:completePreCheck(229)) - All SCM safe mode pre check rules have passed
2023-04-21 06:15:31,010 [EventQueue-NodeRegistrationContainerReportForDataNodeSafeModeRule] INFO  ha.SCMContext (SCMContext.java:updateSafeModeStatus(228)) - Update SafeModeStatus from SafeModeStatus{safeModeStatus=true, preCheckPassed=false} to SafeModeStatus{safeModeStatus=true, preCheckPassed=true}.
2023-04-21 06:15:31,010 [EventQueue-NodeRegistrationContainerReportForDataNodeSafeModeRule] INFO  pipeline.BackgroundPipelineCreator (BackgroundPipelineCreator.java:notifyEventTriggered(276)) - trigger a one-shot run on RatisPipelineUtilsThread.
2023-04-21 06:15:31,011 [RatisPipelineUtilsThread - 0] INFO  pipeline.RatisPipelineProvider (RatisPipelineProvider.java:lambda$create$0(206)) - Sending CreatePipelineCommand for pipeline:PipelineID=a3b20caa-3273-4440-a0cf-f8b97acd73f9 to datanode:85be5e62-7272-42cb-bae2-27068f8713e2
2023-04-21 06:15:31,012 [RatisPipelineUtilsThread - 0] INFO  pipeline.PipelineStateManagerImpl (PipelineStateManagerImpl.java:addPipeline(103)) - Created pipeline Pipeline[ Id: a3b20caa-3273-4440-a0cf-f8b97acd73f9, Nodes: 85be5e62-7272-42cb-bae2-27068f8713e2(fv-az205-422/10.1.0.35), ReplicationConfig: RATIS/ONE, State:ALLOCATED, leaderId:, CreationTimestamp2023-04-21T06:15:31.011Z[Etc/UTC]].
2023-04-21 06:15:31,017 [RatisPipelineUtilsThread - 0] INFO  pipeline.RatisPipelineProvider (RatisPipelineProvider.java:lambda$create$0(206)) - Sending CreatePipelineCommand for pipeline:PipelineID=bede97ea-03b7-4748-982f-fb30d226cb40 to datanode:85be5e62-7272-42cb-bae2-27068f8713e2
2023-04-21 06:15:31,017 [RatisPipelineUtilsThread - 0] INFO  pipeline.RatisPipelineProvider (RatisPipelineProvider.java:lambda$create$0(206)) - Sending CreatePipelineCommand for pipeline:PipelineID=bede97ea-03b7-4748-982f-fb30d226cb40 to datanode:b2f013c4-4cfd-4a33-b24a-9a71c6bbd892
2023-04-21 06:15:31,017 [RatisPipelineUtilsThread - 0] INFO  pipeline.RatisPipelineProvider (RatisPipelineProvider.java:lambda$create$0(206)) - Sending CreatePipelineCommand for pipeline:PipelineID=bede97ea-03b7-4748-982f-fb30d226cb40 to datanode:54e06896-f90f-443b-a024-7fd1f14ff9aa
2023-04-21 06:15:31,018 [RatisPipelineUtilsThread - 0] INFO  pipeline.PipelineStateManagerImpl (PipelineStateManagerImpl.java:addPipeline(103)) - Created pipeline Pipeline[ Id: bede97ea-03b7-4748-982f-fb30d226cb40, Nodes: 85be5e62-7272-42cb-bae2-27068f8713e2(fv-az205-422/10.1.0.35)b2f013c4-4cfd-4a33-b24a-9a71c6bbd892(fv-az205-422/10.1.0.35)54e06896-f90f-443b-a024-7fd1f14ff9aa(fv-az205-422/10.1.0.35), ReplicationConfig: RATIS/THREE, State:ALLOCATED, leaderId:, CreationTimestamp2023-04-21T06:15:31.017Z[Etc/UTC]].
2023-04-21 06:15:31,020 [RatisPipelineUtilsThread - 0] INFO  pipeline.RatisPipelineProvider (RatisPipelineProvider.java:lambda$create$0(206)) - Sending CreatePipelineCommand for pipeline:PipelineID=3fa8f89f-90e6-4908-8771-f55e66cd8798 to datanode:b2f013c4-4cfd-4a33-b24a-9a71c6bbd892
2023-04-21 06:15:31,020 [RatisPipelineUtilsThread - 0] INFO  pipeline.RatisPipelineProvider (RatisPipelineProvider.java:lambda$create$0(206)) - Sending CreatePipelineCommand for pipeline:PipelineID=3fa8f89f-90e6-4908-8771-f55e66cd8798 to datanode:85be5e62-7272-42cb-bae2-27068f8713e2
2023-04-21 06:15:31,021 [RatisPipelineUtilsThread - 0] INFO  pipeline.RatisPipelineProvider (RatisPipelineProvider.java:lambda$create$0(206)) - Sending CreatePipelineCommand for pipeline:PipelineID=3fa8f89f-90e6-4908-8771-f55e66cd8798 to datanode:54e06896-f90f-443b-a024-7fd1f14ff9aa
2023-04-21 06:15:31,025 [RatisPipelineUtilsThread - 0] INFO  pipeline.PipelineStateManagerImpl (PipelineStateManagerImpl.java:addPipeline(103)) - Created pipeline Pipeline[ Id: 3fa8f89f-90e6-4908-8771-f55e66cd8798, Nodes: b2f013c4-4cfd-4a33-b24a-9a71c6bbd892(fv-az205-422/10.1.0.35)85be5e62-7272-42cb-bae2-27068f8713e2(fv-az205-422/10.1.0.35)54e06896-f90f-443b-a024-7fd1f14ff9aa(fv-az205-422/10.1.0.35), ReplicationConfig: RATIS/THREE, State:ALLOCATED, leaderId:, CreationTimestamp2023-04-21T06:15:31.020Z[Etc/UTC]].
2023-04-21 06:15:31,026 [RatisPipelineUtilsThread - 0] INFO  pipeline.PipelineManagerImpl (PipelineManagerImpl.java:recordMetricsForPipeline(826)) - Pipeline: PipelineID=3fa8f89f-90e6-4908-8771-f55e66cd8798 contains same datanodes as previous pipelines: PipelineID=bede97ea-03b7-4748-982f-fb30d226cb40 nodeIds: b2f013c4-4cfd-4a33-b24a-9a71c6bbd892, 85be5e62-7272-42cb-bae2-27068f8713e2, 54e06896-f90f-443b-a024-7fd1f14ff9aa
2023-04-21 06:15:31,027 [RatisPipelineUtilsThread - 0] WARN  pipeline.PipelinePlacementPolicy (PipelinePlacementPolicy.java:filterViableNodes(160)) - Pipeline creation failed due to no sufficient healthy datanodes. Required 3. Found 0. Excluded 3.
2023-04-21 06:15:32,007 [Listener at 127.0.0.1/39531] INFO  ozone.MiniOzoneClusterImpl (MiniOzoneClusterImpl.java:lambda$waitForClusterToBeReady$0(223)) - Nodes are ready. Got 3 of 3 DN Heartbeats.
2023-04-21 06:15:32,007 [Listener at 127.0.0.1/39531] INFO  ozone.MiniOzoneClusterImpl (MiniOzoneClusterImpl.java:lambda$waitForClusterToBeReady$0(226)) - Waiting for cluster to exit safe mode
2023-04-21 06:15:32,008 [Listener at 127.0.0.1/39531] INFO  ozone.MiniOzoneClusterImpl (MiniOzoneClusterImpl.java:lambda$waitForClusterToBeReady$0(228)) - SCM became leader
2023-04-21 06:15:33,008 [Listener at 127.0.0.1/39531] INFO  ozone.MiniOzoneClusterImpl (MiniOzoneClusterImpl.java:lambda$waitForClusterToBeReady$0(223)) - Nodes are ready. Got 3 of 3 DN Heartbeats.
2023-04-21 06:15:33,008 [Listener at 127.0.0.1/39531] INFO  ozone.MiniOzoneClusterImpl (MiniOzoneClusterImpl.java:lambda$waitForClusterToBeReady$0(226)) - Waiting for cluster to exit safe mode
2023-04-21 06:15:33,008 [Listener at 127.0.0.1/39531] INFO  ozone.MiniOzoneClusterImpl (MiniOzoneClusterImpl.java:lambda$waitForClusterToBeReady$0(228)) - SCM became leader
2023-04-21 06:15:33,169 [Command processor thread] INFO  server.RaftServer (RaftServerProxy.java:addNew(96)) - 54e06896-f90f-443b-a024-7fd1f14ff9aa: addNew group-68F121997BE1:[54e06896-f90f-443b-a024-7fd1f14ff9aa|rpc:10.1.0.35:40081|dataStream:10.1.0.35:43055|priority:1|startupRole:FOLLOWER] returns group-68F121997BE1:java.util.concurrent.CompletableFuture@4c089b7e[Not completed]
2023-04-21 06:15:33,184 [pool-79-thread-1] INFO  server.RaftServer$Division (RaftServerImpl.java:<init>(195)) - 54e06896-f90f-443b-a024-7fd1f14ff9aa: new RaftServerImpl for group-68F121997BE1:[54e06896-f90f-443b-a024-7fd1f14ff9aa|rpc:10.1.0.35:40081|dataStream:10.1.0.35:43055|priority:1|startupRole:FOLLOWER] with ContainerStateMachine:uninitialized
2023-04-21 06:15:33,184 [pool-79-thread-1] INFO  server.RaftServerConfigKeys (ConfUtils.java:logGet(46)) - raft.server.rpc.timeout.min = 5s (custom)
2023-04-21 06:15:33,184 [pool-79-thread-1] INFO  server.RaftServerConfigKeys (ConfUtils.java:logGet(46)) - raft.server.rpc.timeout.max = 5200ms (custom)
2023-04-21 06:15:33,184 [pool-79-thread-1] INFO  server.RaftServerConfigKeys (ConfUtils.java:logGet(46)) - raft.server.rpc.sleep.time = 25ms (default)
2023-04-21 06:15:33,185 [pool-79-thread-1] INFO  server.RaftServerConfigKeys (ConfUtils.java:logGet(46)) - raft.server.rpc.slowness.timeout = 300s (custom)
2023-04-21 06:15:33,185 [pool-79-thread-1] INFO  server.RaftServerConfigKeys (ConfUtils.java:logGet(46)) - raft.server.leaderelection.leader.step-down.wait-time = 10s (default)
2023-04-21 06:15:33,185 [pool-79-thread-1] INFO  server.RaftServerConfigKeys (ConfUtils.java:logGet(46)) - raft.server.sleep.deviation.threshold = 300ms (default)
2023-04-21 06:15:33,185 [pool-79-thread-1] INFO  server.RaftServer$Division (ServerState.java:<init>(118)) - 54e06896-f90f-443b-a024-7fd1f14ff9aa@group-68F121997BE1: ConfigurationManager, init=-1: peers:[54e06896-f90f-443b-a024-7fd1f14ff9aa|rpc:10.1.0.35:40081|dataStream:10.1.0.35:43055|priority:1|startupRole:FOLLOWER]|listeners:[], old=null, confs=<EMPTY_MAP>
2023-04-21 06:15:33,185 [pool-79-thread-1] INFO  server.RaftServerConfigKeys (ConfUtils.java:logGet(46)) - raft.server.storage.dir = [/home/runner/work/ozone/ozone/hadoop-ozone/integration-test/target/test-dir/MiniOzoneClusterImpl-222c068d-693f-41e7-a147-5f3bf9f7a261/datanode-0/data/ratis] (custom)
2023-04-21 06:15:33,185 [pool-79-thread-1] INFO  server.RaftServerConfigKeys (ConfUtils.java:logGet(46)) - raft.server.log.corruption.policy = EXCEPTION (default)
2023-04-21 06:15:33,185 [pool-79-thread-1] INFO  server.RaftServerConfigKeys (ConfUtils.java:logGet(46)) - raft.server.storage.free-space.min = 0MB (=0) (default)
2023-04-21 06:15:33,186 [pool-79-thread-1] INFO  server.RaftServerConfigKeys (ConfUtils.java:logGet(46)) - raft.server.notification.no-leader.timeout = 300s (custom)
2023-04-21 06:15:33,186 [pool-79-thread-1] INFO  server.RaftServerConfigKeys (ConfUtils.java:logGet(46)) - raft.server.retrycache.expirytime = 600000ms (custom)
2023-04-21 06:15:33,186 [pool-79-thread-1] INFO  server.RaftServerConfigKeys (ConfUtils.java:logGet(46)) - raft.server.retrycache.statistics.expirytime = 100μs (default)
2023-04-21 06:15:33,187 [pool-79-thread-1] INFO  server.RaftServerConfigKeys (ConfUtils.java:logGet(46)) - raft.server.log.appender.install.snapshot.enabled = false (custom)
2023-04-21 06:15:33,188 [pool-79-thread-1] INFO  server.RaftServerConfigKeys (ConfUtils.java:logGet(46)) - raft.server.threadpool.server.cached = true (default)
2023-04-21 06:15:33,188 [pool-79-thread-1] INFO  server.RaftServerConfigKeys (ConfUtils.java:logGet(46)) - raft.server.threadpool.server.size = 0 (default)
2023-04-21 06:15:33,188 [pool-79-thread-1] INFO  server.RaftServerConfigKeys (ConfUtils.java:logGet(46)) - raft.server.threadpool.client.cached = true (default)
2023-04-21 06:15:33,188 [pool-79-thread-1] INFO  server.RaftServerConfigKeys (ConfUtils.java:logGet(46)) - raft.server.threadpool.client.size = 0 (default)
2023-04-21 06:15:33,188 [pool-79-thread-1] INFO  storage.RaftStorageDirectory (RaftStorageDirectoryImpl.java:analyzeStorage(137)) - The storage directory /home/runner/work/ozone/ozone/hadoop-ozone/integration-test/target/test-dir/MiniOzoneClusterImpl-222c068d-693f-41e7-a147-5f3bf9f7a261/datanode-0/data/ratis/5fd88dd9-7418-4422-9e19-68f121997be1 does not exist. Creating ...
2023-04-21 06:15:33,191 [pool-79-thread-1] INFO  storage.RaftStorageDirectory (RaftStorageDirectoryImpl.java:tryLock(231)) - Lock on /home/runner/work/ozone/ozone/hadoop-ozone/integration-test/target/test-dir/MiniOzoneClusterImpl-222c068d-693f-41e7-a147-5f3bf9f7a261/datanode-0/data/ratis/5fd88dd9-7418-4422-9e19-68f121997be1/in_use.lock acquired by nodename 2764@fv-az205-422
2023-04-21 06:15:33,193 [pool-79-thread-1] INFO  storage.RaftStorage (RaftStorageImpl.java:format(96)) - Storage directory /home/runner/work/ozone/ozone/hadoop-ozone/integration-test/target/test-dir/MiniOzoneClusterImpl-222c068d-693f-41e7-a147-5f3bf9f7a261/datanode-0/data/ratis/5fd88dd9-7418-4422-9e19-68f121997be1 has been successfully formatted.
2023-04-21 06:15:33,198 [pool-79-thread-1] INFO  ratis.ContainerStateMachine (ContainerStateMachine.java:loadSnapshot(262)) - group-68F121997BE1: The snapshot info is null. Setting the last applied indexto:(t:0, i:~)
2023-04-21 06:15:33,198 [pool-79-thread-1] INFO  server.RaftServerConfigKeys (ConfUtils.java:logGet(46)) - raft.server.log.use.memory = false (default)
2023-04-21 06:15:33,198 [pool-79-thread-1] INFO  server.RaftServerConfigKeys (ConfUtils.java:logGet(46)) - raft.server.log.purge.gap = 1000000 (custom)
2023-04-21 06:15:33,199 [pool-79-thread-1] INFO  server.RaftServerConfigKeys (ConfUtils.java:logGet(46)) - raft.server.log.appender.buffer.byte-limit = 33554432 (custom)
2023-04-21 06:15:33,199 [EventQueue-PipelineReportForPipelineReportHandler] INFO  pipeline.PipelineManagerImpl (PipelineManagerImpl.java:openPipeline(367)) - Pipeline Pipeline[ Id: 5fd88dd9-7418-4422-9e19-68f121997be1, Nodes: 54e06896-f90f-443b-a024-7fd1f14ff9aa(fv-az205-422/10.1.0.35), ReplicationConfig: RATIS/ONE, State:ALLOCATED, leaderId:54e06896-f90f-443b-a024-7fd1f14ff9aa, CreationTimestamp2023-04-21T06:15:30.154Z[Etc/UTC]] moved to OPEN state
2023-04-21 06:15:33,199 [pool-79-thread-1] INFO  server.RaftServerConfigKeys (ConfUtils.java:logGet(46)) - raft.server.log.statemachine.data.read.timeout = 1000ms (default)
2023-04-21 06:15:33,199 [pool-79-thread-1] INFO  server.RaftServerConfigKeys (ConfUtils.java:logGet(46)) - raft.server.log.purge.preservation.log.num = 0 (default)
2023-04-21 06:15:33,201 [pool-79-thread-1] INFO  server.RaftServerConfigKeys (ConfUtils.java:logGet(46)) - raft.server.log.segment.size.max = 1048576 (custom)
2023-04-21 06:15:33,202 [pool-79-thread-1] INFO  server.RaftServerConfigKeys (ConfUtils.java:logGet(46)) - raft.server.log.segment.cache.num.max = 2 (custom)
2023-04-21 06:15:33,202 [pool-79-thread-1] INFO  server.RaftServerConfigKeys (ConfUtils.java:logGet(46)) - raft.server.log.segment.cache.size.max = 200MB (=209715200) (default)
2023-04-21 06:15:33,202 [pool-79-thread-1] INFO  segmented.SegmentedRaftLogWorker (SegmentedRaftLogWorker.java:<init>(189)) - new 54e06896-f90f-443b-a024-7fd1f14ff9aa@group-68F121997BE1-SegmentedRaftLogWorker for RaftStorageImpl:Storage Directory /home/runner/work/ozone/ozone/hadoop-ozone/integration-test/target/test-dir/MiniOzoneClusterImpl-222c068d-693f-41e7-a147-5f3bf9f7a261/datanode-0/data/ratis/5fd88dd9-7418-4422-9e19-68f121997be1
2023-04-21 06:15:33,202 [pool-79-thread-1] INFO  server.RaftServerConfigKeys (ConfUtils.java:logGet(46)) - raft.server.log.queue.byte-limit = 4294967296 (custom)
2023-04-21 06:15:33,202 [pool-79-thread-1] INFO  server.RaftServerConfigKeys (ConfUtils.java:logGet(46)) - raft.server.log.queue.element-limit = 1024 (custom)
2023-04-21 06:15:33,202 [pool-79-thread-1] INFO  server.RaftServerConfigKeys (ConfUtils.java:logGet(46)) - raft.server.log.segment.size.max = 1048576 (custom)
2023-04-21 06:15:33,202 [pool-79-thread-1] INFO  server.RaftServerConfigKeys (ConfUtils.java:logGet(46)) - raft.server.log.preallocated.size = 16384 (custom)
2023-04-21 06:15:33,202 [pool-79-thread-1] INFO  server.RaftServerConfigKeys (ConfUtils.java:logGet(46)) - raft.server.log.force.sync.num = 128 (default)
2023-04-21 06:15:33,202 [pool-79-thread-1] INFO  server.RaftServerConfigKeys (ConfUtils.java:logGet(46)) - raft.server.log.statemachine.data.sync = true (default)
2023-04-21 06:15:33,202 [pool-79-thread-1] INFO  server.RaftServerConfigKeys (ConfUtils.java:logGet(46)) - raft.server.log.statemachine.data.sync.timeout = 10s (default)
2023-04-21 06:15:33,202 [pool-79-thread-1] INFO  server.RaftServerConfigKeys (ConfUtils.java:logGet(46)) - raft.server.log.statemachine.data.sync.timeout.retry = -1 (default)
2023-04-21 06:15:33,203 [pool-79-thread-1] INFO  server.RaftServerConfigKeys (ConfUtils.java:logGet(46)) - raft.server.log.write.buffer.size = 1048576 (custom)
2023-04-21 06:15:33,204 [pool-79-thread-1] INFO  server.RaftServerConfigKeys (ConfUtils.java:logGet(46)) - raft.server.log.appender.buffer.byte-limit = 33554432 (custom)
2023-04-21 06:15:33,211 [pool-79-thread-1] INFO  server.RaftServerConfigKeys (ConfUtils.java:logGet(46)) - raft.server.log.unsafe-flush.enabled = false (default)
2023-04-21 06:15:33,211 [pool-79-thread-1] INFO  server.RaftServerConfigKeys (ConfUtils.java:logGet(46)) - raft.server.log.async-flush.enabled = false (default)
2023-04-21 06:15:33,211 [EventQueue-OpenPipelineForHealthyPipelineSafeModeRule] INFO  safemode.SCMSafeModeManager (HealthyPipelineSafeModeRule.java:process(137)) - SCM in safe mode. Healthy pipelines reported count is 0, required healthy pipeline reported count is 1
2023-04-21 06:15:33,212 [pool-79-thread-1] INFO  server.RaftServerConfigKeys (ConfUtils.java:logGet(46)) - raft.server.log.statemachine.data.caching.enabled = true (custom)
2023-04-21 06:15:33,212 [pool-79-thread-1] INFO  segmented.SegmentedRaftLogWorker (SegmentedRaftLogWorker.java:lambda$new$0(135)) - 54e06896-f90f-443b-a024-7fd1f14ff9aa@group-68F121997BE1-SegmentedRaftLogWorker: flushIndex: setUnconditionally 0 -> -1
2023-04-21 06:15:33,212 [pool-79-thread-1] INFO  segmented.SegmentedRaftLogWorker (SegmentedRaftLogWorker.java:lambda$new$0(135)) - 54e06896-f90f-443b-a024-7fd1f14ff9aa@group-68F121997BE1-SegmentedRaftLogWorker: safeCacheEvictIndex: setUnconditionally 0 -> -1
2023-04-21 06:15:33,212 [pool-79-thread-1] INFO  server.RaftServer$Division (RaftServerImpl.java:start(334)) - 54e06896-f90f-443b-a024-7fd1f14ff9aa@group-68F121997BE1: start as a follower, conf=-1: peers:[54e06896-f90f-443b-a024-7fd1f14ff9aa|rpc:10.1.0.35:40081|dataStream:10.1.0.35:43055|priority:1|startupRole:FOLLOWER]|listeners:[], old=null
2023-04-21 06:15:33,213 [pool-79-thread-1] INFO  server.RaftServer$Division (RaftServerImpl.java:setRole(321)) - 54e06896-f90f-443b-a024-7fd1f14ff9aa@group-68F121997BE1: changes role from      null to FOLLOWER at term 0 for startAsFollower
2023-04-21 06:15:33,213 [pool-79-thread-1] INFO  impl.RoleInfo (RoleInfo.java:updateAndGet(139)) - 54e06896-f90f-443b-a024-7fd1f14ff9aa: start 54e06896-f90f-443b-a024-7fd1f14ff9aa@group-68F121997BE1-FollowerState
2023-04-21 06:15:33,213 [54e06896-f90f-443b-a024-7fd1f14ff9aa@group-68F121997BE1-FollowerState] INFO  server.RaftServerConfigKeys (ConfUtils.java:logFallback(53)) - raft.server.rpc.first-election.timeout.min = 5s (fallback to raft.server.rpc.timeout.min)
2023-04-21 06:15:33,213 [54e06896-f90f-443b-a024-7fd1f14ff9aa@group-68F121997BE1-FollowerState] INFO  server.RaftServerConfigKeys (ConfUtils.java:logFallback(53)) - raft.server.rpc.first-election.timeout.max = 5200ms (fallback to raft.server.rpc.timeout.max)
2023-04-21 06:15:33,214 [pool-79-thread-1] INFO  util.JmxRegister (JmxRegister.java:tryRegister(44)) - Successfully registered JMX Bean with object name Ratis:service=RaftServer,group=group-68F121997BE1,id=54e06896-f90f-443b-a024-7fd1f14ff9aa
2023-04-21 06:15:33,214 [pool-79-thread-1] INFO  server.RaftServerConfigKeys (ConfUtils.java:logGet(46)) - raft.server.snapshot.auto.trigger.enabled = true (custom)
2023-04-21 06:15:33,214 [pool-79-thread-1] INFO  server.RaftServerConfigKeys (ConfUtils.java:logGet(46)) - raft.server.snapshot.auto.trigger.threshold = 10000 (custom)
2023-04-21 06:15:33,214 [pool-79-thread-1] INFO  server.RaftServerConfigKeys (ConfUtils.java:logGet(46)) - raft.server.snapshot.retention.file.num = 5 (custom)
2023-04-21 06:15:33,214 [pool-79-thread-1] INFO  server.RaftServerConfigKeys (ConfUtils.java:logGet(46)) - raft.server.log.purge.upto.snapshot.index = false (default)
2023-04-21 06:15:33,225 [Command processor thread] INFO  ratis.XceiverServerRatis (XceiverServerRatis.java:addGroup(806)) - Created group PipelineID=5fd88dd9-7418-4422-9e19-68f121997be1
2023-04-21 06:15:33,226 [Command processor thread] INFO  commandhandler.CreatePipelineCommandHandler (CreatePipelineCommandHandler.java:handle(113)) - Created Pipeline RATIS ONE PipelineID=5fd88dd9-7418-4422-9e19-68f121997be1.
2023-04-21 06:15:33,226 [Command processor thread] INFO  server.RaftServer (RaftServerProxy.java:addNew(96)) - 54e06896-f90f-443b-a024-7fd1f14ff9aa: addNew group-FB30D226CB40:[85be5e62-7272-42cb-bae2-27068f8713e2|rpc:10.1.0.35:34951|dataStream:10.1.0.35:42643|priority:0|startupRole:FOLLOWER, b2f013c4-4cfd-4a33-b24a-9a71c6bbd892|rpc:10.1.0.35:45827|dataStream:10.1.0.35:37043|priority:0|startupRole:FOLLOWER, 54e06896-f90f-443b-a024-7fd1f14ff9aa|rpc:10.1.0.35:40081|dataStream:10.1.0.35:43055|priority:1|startupRole:FOLLOWER] returns group-FB30D226CB40:java.util.concurrent.CompletableFuture@6d33c600[Not completed]
2023-04-21 06:15:33,228 [pool-79-thread-1] INFO  server.RaftServer$Division (RaftServerImpl.java:<init>(195)) - 54e06896-f90f-443b-a024-7fd1f14ff9aa: new RaftServerImpl for group-FB30D226CB40:[85be5e62-7272-42cb-bae2-27068f8713e2|rpc:10.1.0.35:34951|dataStream:10.1.0.35:42643|priority:0|startupRole:FOLLOWER, b2f013c4-4cfd-4a33-b24a-9a71c6bbd892|rpc:10.1.0.35:45827|dataStream:10.1.0.35:37043|priority:0|startupRole:FOLLOWER, 54e06896-f90f-443b-a024-7fd1f14ff9aa|rpc:10.1.0.35:40081|dataStream:10.1.0.35:43055|priority:1|startupRole:FOLLOWER] with ContainerStateMachine:uninitialized
2023-04-21 06:15:33,228 [pool-79-thread-1] INFO  server.RaftServerConfigKeys (ConfUtils.java:logGet(46)) - raft.server.rpc.timeout.min = 5s (custom)
2023-04-21 06:15:33,228 [pool-79-thread-1] INFO  server.RaftServerConfigKeys (ConfUtils.java:logGet(46)) - raft.server.rpc.timeout.max = 5200ms (custom)
2023-04-21 06:15:33,228 [pool-79-thread-1] INFO  server.RaftServerConfigKeys (ConfUtils.java:logGet(46)) - raft.server.rpc.sleep.time = 25ms (default)
2023-04-21 06:15:33,228 [pool-79-thread-1] INFO  server.RaftServerConfigKeys (ConfUtils.java:logGet(46)) - raft.server.rpc.slowness.timeout = 300s (custom)
2023-04-21 06:15:33,228 [pool-79-thread-1] INFO  server.RaftServerConfigKeys (ConfUtils.java:logGet(46)) - raft.server.leaderelection.leader.step-down.wait-time = 10s (default)
2023-04-21 06:15:33,228 [pool-79-thread-1] INFO  server.RaftServerConfigKeys (ConfUtils.java:logGet(46)) - raft.server.sleep.deviation.threshold = 300ms (default)
2023-04-21 06:15:33,228 [pool-79-thread-1] INFO  server.RaftServer$Division (ServerState.java:<init>(118)) - 54e06896-f90f-443b-a024-7fd1f14ff9aa@group-FB30D226CB40: ConfigurationManager, init=-1: peers:[85be5e62-7272-42cb-bae2-27068f8713e2|rpc:10.1.0.35:34951|dataStream:10.1.0.35:42643|priority:0|startupRole:FOLLOWER, b2f013c4-4cfd-4a33-b24a-9a71c6bbd892|rpc:10.1.0.35:45827|dataStream:10.1.0.35:37043|priority:0|startupRole:FOLLOWER, 54e06896-f90f-443b-a024-7fd1f14ff9aa|rpc:10.1.0.35:40081|dataStream:10.1.0.35:43055|priority:1|startupRole:FOLLOWER]|listeners:[], old=null, confs=<EMPTY_MAP>
2023-04-21 06:15:33,228 [pool-79-thread-1] INFO  server.RaftServerConfigKeys (ConfUtils.java:logGet(46)) - raft.server.storage.dir = [/home/runner/work/ozone/ozone/hadoop-ozone/integration-test/target/test-dir/MiniOzoneClusterImpl-222c068d-693f-41e7-a147-5f3bf9f7a261/datanode-0/data/ratis] (custom)
2023-04-21 06:15:33,229 [pool-79-thread-1] INFO  server.RaftServerConfigKeys (ConfUtils.java:logGet(46)) - raft.server.log.corruption.policy = EXCEPTION (default)
2023-04-21 06:15:33,229 [pool-79-thread-1] INFO  server.RaftServerConfigKeys (ConfUtils.java:logGet(46)) - raft.server.storage.free-space.min = 0MB (=0) (default)
2023-04-21 06:15:33,229 [pool-79-thread-1] INFO  server.RaftServerConfigKeys (ConfUtils.java:logGet(46)) - raft.server.notification.no-leader.timeout = 300s (custom)
2023-04-21 06:15:33,229 [pool-79-thread-1] INFO  server.RaftServerConfigKeys (ConfUtils.java:logGet(46)) - raft.server.retrycache.expirytime = 600000ms (custom)
2023-04-21 06:15:33,229 [pool-79-thread-1] INFO  server.RaftServerConfigKeys (ConfUtils.java:logGet(46)) - raft.server.retrycache.statistics.expirytime = 100μs (default)
2023-04-21 06:15:33,230 [pool-79-thread-1] INFO  server.RaftServerConfigKeys (ConfUtils.java:logGet(46)) - raft.server.log.appender.install.snapshot.enabled = false (custom)
2023-04-21 06:15:33,230 [pool-79-thread-1] INFO  server.RaftServerConfigKeys (ConfUtils.java:logGet(46)) - raft.server.threadpool.server.cached = true (default)
2023-04-21 06:15:33,230 [pool-79-thread-1] INFO  server.RaftServerConfigKeys (ConfUtils.java:logGet(46)) - raft.server.threadpool.server.size = 0 (default)
2023-04-21 06:15:33,230 [pool-79-thread-1] INFO  server.RaftServerConfigKeys (ConfUtils.java:logGet(46)) - raft.server.threadpool.client.cached = true (default)
2023-04-21 06:15:33,231 [pool-79-thread-1] INFO  server.RaftServerConfigKeys (ConfUtils.java:logGet(46)) - raft.server.threadpool.client.size = 0 (default)
2023-04-21 06:15:33,231 [pool-79-thread-1] INFO  storage.RaftStorageDirectory (RaftStorageDirectoryImpl.java:analyzeStorage(137)) - The storage directory /home/runner/work/ozone/ozone/hadoop-ozone/integration-test/target/test-dir/MiniOzoneClusterImpl-222c068d-693f-41e7-a147-5f3bf9f7a261/datanode-0/data/ratis/bede97ea-03b7-4748-982f-fb30d226cb40 does not exist. Creating ...
2023-04-21 06:15:33,232 [pool-79-thread-1] INFO  storage.RaftStorageDirectory (RaftStorageDirectoryImpl.java:tryLock(231)) - Lock on /home/runner/work/ozone/ozone/hadoop-ozone/integration-test/target/test-dir/MiniOzoneClusterImpl-222c068d-693f-41e7-a147-5f3bf9f7a261/datanode-0/data/ratis/bede97ea-03b7-4748-982f-fb30d226cb40/in_use.lock acquired by nodename 2764@fv-az205-422
2023-04-21 06:15:33,233 [pool-79-thread-1] INFO  storage.RaftStorage (RaftStorageImpl.java:format(96)) - Storage directory /home/runner/work/ozone/ozone/hadoop-ozone/integration-test/target/test-dir/MiniOzoneClusterImpl-222c068d-693f-41e7-a147-5f3bf9f7a261/datanode-0/data/ratis/bede97ea-03b7-4748-982f-fb30d226cb40 has been successfully formatted.
2023-04-21 06:15:33,235 [pool-79-thread-1] INFO  ratis.ContainerStateMachine (ContainerStateMachine.java:loadSnapshot(262)) - group-FB30D226CB40: The snapshot info is null. Setting the last applied indexto:(t:0, i:~)
2023-04-21 06:15:33,235 [pool-79-thread-1] INFO  server.RaftServerConfigKeys (ConfUtils.java:logGet(46)) - raft.server.log.use.memory = false (default)
2023-04-21 06:15:33,236 [EventQueue-OpenPipelineForHealthyPipelineSafeModeRule] INFO  safemode.SCMSafeModeManager (HealthyPipelineSafeModeRule.java:process(137)) - SCM in safe mode. Healthy pipelines reported count is 0, required healthy pipeline reported count is 1
2023-04-21 06:15:33,243 [pool-79-thread-1] INFO  server.RaftServerConfigKeys (ConfUtils.java:logGet(46)) - raft.server.log.purge.gap = 1000000 (custom)
2023-04-21 06:15:33,243 [pool-79-thread-1] INFO  server.RaftServerConfigKeys (ConfUtils.java:logGet(46)) - raft.server.log.appender.buffer.byte-limit = 33554432 (custom)
2023-04-21 06:15:33,243 [pool-79-thread-1] INFO  server.RaftServerConfigKeys (ConfUtils.java:logGet(46)) - raft.server.log.statemachine.data.read.timeout = 1000ms (default)
2023-04-21 06:15:33,243 [pool-79-thread-1] INFO  server.RaftServerConfigKeys (ConfUtils.java:logGet(46)) - raft.server.log.purge.preservation.log.num = 0 (default)
2023-04-21 06:15:33,244 [pool-79-thread-1] INFO  server.RaftServerConfigKeys (ConfUtils.java:logGet(46)) - raft.server.log.segment.size.max = 1048576 (custom)
2023-04-21 06:15:33,246 [pool-79-thread-1] INFO  server.RaftServerConfigKeys (ConfUtils.java:logGet(46)) - raft.server.log.segment.cache.num.max = 2 (custom)
2023-04-21 06:15:33,246 [pool-79-thread-1] INFO  server.RaftServerConfigKeys (ConfUtils.java:logGet(46)) - raft.server.log.segment.cache.size.max = 200MB (=209715200) (default)
2023-04-21 06:15:33,246 [pool-79-thread-1] INFO  segmented.SegmentedRaftLogWorker (SegmentedRaftLogWorker.java:<init>(189)) - new 54e06896-f90f-443b-a024-7fd1f14ff9aa@group-FB30D226CB40-SegmentedRaftLogWorker for RaftStorageImpl:Storage Directory /home/runner/work/ozone/ozone/hadoop-ozone/integration-test/target/test-dir/MiniOzoneClusterImpl-222c068d-693f-41e7-a147-5f3bf9f7a261/datanode-0/data/ratis/bede97ea-03b7-4748-982f-fb30d226cb40
2023-04-21 06:15:33,246 [pool-79-thread-1] INFO  server.RaftServerConfigKeys (ConfUtils.java:logGet(46)) - raft.server.log.queue.byte-limit = 4294967296 (custom)
2023-04-21 06:15:33,246 [pool-79-thread-1] INFO  server.RaftServerConfigKeys (ConfUtils.java:logGet(46)) - raft.server.log.queue.element-limit = 1024 (custom)
2023-04-21 06:15:33,246 [pool-79-thread-1] INFO  server.RaftServerConfigKeys (ConfUtils.java:logGet(46)) - raft.server.log.segment.size.max = 1048576 (custom)
2023-04-21 06:15:33,246 [pool-79-thread-1] INFO  server.RaftServerConfigKeys (ConfUtils.java:logGet(46)) - raft.server.log.preallocated.size = 16384 (custom)
2023-04-21 06:15:33,246 [pool-79-thread-1] INFO  server.RaftServerConfigKeys (ConfUtils.java:logGet(46)) - raft.server.log.force.sync.num = 128 (default)
2023-04-21 06:15:33,246 [pool-79-thread-1] INFO  server.RaftServerConfigKeys (ConfUtils.java:logGet(46)) - raft.server.log.statemachine.data.sync = true (default)
2023-04-21 06:15:33,246 [pool-79-thread-1] INFO  server.RaftServerConfigKeys (ConfUtils.java:logGet(46)) - raft.server.log.statemachine.data.sync.timeout = 10s (default)
2023-04-21 06:15:33,246 [pool-79-thread-1] INFO  server.RaftServerConfigKeys (ConfUtils.java:logGet(46)) - raft.server.log.statemachine.data.sync.timeout.retry = -1 (default)
2023-04-21 06:15:33,247 [pool-79-thread-1] INFO  server.RaftServerConfigKeys (ConfUtils.java:logGet(46)) - raft.server.log.write.buffer.size = 1048576 (custom)
2023-04-21 06:15:33,247 [pool-79-thread-1] INFO  server.RaftServerConfigKeys (ConfUtils.java:logGet(46)) - raft.server.log.appender.buffer.byte-limit = 33554432 (custom)
2023-04-21 06:15:33,252 [pool-79-thread-1] INFO  server.RaftServerConfigKeys (ConfUtils.java:logGet(46)) - raft.server.log.unsafe-flush.enabled = false (default)
2023-04-21 06:15:33,252 [pool-79-thread-1] INFO  server.RaftServerConfigKeys (ConfUtils.java:logGet(46)) - raft.server.log.async-flush.enabled = false (default)
2023-04-21 06:15:33,252 [pool-79-thread-1] INFO  server.RaftServerConfigKeys (ConfUtils.java:logGet(46)) - raft.server.log.statemachine.data.caching.enabled = true (custom)
2023-04-21 06:15:33,253 [pool-79-thread-1] INFO  segmented.SegmentedRaftLogWorker (SegmentedRaftLogWorker.java:lambda$new$0(135)) - 54e06896-f90f-443b-a024-7fd1f14ff9aa@group-FB30D226CB40-SegmentedRaftLogWorker: flushIndex: setUnconditionally 0 -> -1
2023-04-21 06:15:33,253 [pool-79-thread-1] INFO  segmented.SegmentedRaftLogWorker (SegmentedRaftLogWorker.java:lambda$new$0(135)) - 54e06896-f90f-443b-a024-7fd1f14ff9aa@group-FB30D226CB40-SegmentedRaftLogWorker: safeCacheEvictIndex: setUnconditionally 0 -> -1
2023-04-21 06:15:33,253 [pool-79-thread-1] INFO  server.RaftServer$Division (RaftServerImpl.java:start(334)) - 54e06896-f90f-443b-a024-7fd1f14ff9aa@group-FB30D226CB40: start as a follower, conf=-1: peers:[85be5e62-7272-42cb-bae2-27068f8713e2|rpc:10.1.0.35:34951|dataStream:10.1.0.35:42643|priority:0|startupRole:FOLLOWER, b2f013c4-4cfd-4a33-b24a-9a71c6bbd892|rpc:10.1.0.35:45827|dataStream:10.1.0.35:37043|priority:0|startupRole:FOLLOWER, 54e06896-f90f-443b-a024-7fd1f14ff9aa|rpc:10.1.0.35:40081|dataStream:10.1.0.35:43055|priority:1|startupRole:FOLLOWER]|listeners:[], old=null
2023-04-21 06:15:33,253 [pool-79-thread-1] INFO  server.RaftServer$Division (RaftServerImpl.java:setRole(321)) - 54e06896-f90f-443b-a024-7fd1f14ff9aa@group-FB30D226CB40: changes role from      null to FOLLOWER at term 0 for startAsFollower
2023-04-21 06:15:33,253 [pool-79-thread-1] INFO  impl.RoleInfo (RoleInfo.java:updateAndGet(139)) - 54e06896-f90f-443b-a024-7fd1f14ff9aa: start 54e06896-f90f-443b-a024-7fd1f14ff9aa@group-FB30D226CB40-FollowerState
2023-04-21 06:15:33,253 [pool-79-thread-1] INFO  util.JmxRegister (JmxRegister.java:tryRegister(44)) - Successfully registered JMX Bean with object name Ratis:service=RaftServer,group=group-FB30D226CB40,id=54e06896-f90f-443b-a024-7fd1f14ff9aa
2023-04-21 06:15:33,254 [pool-79-thread-1] INFO  server.RaftServerConfigKeys (ConfUtils.java:logGet(46)) - raft.server.snapshot.auto.trigger.enabled = true (custom)
2023-04-21 06:15:33,254 [pool-79-thread-1] INFO  server.RaftServerConfigKeys (ConfUtils.java:logGet(46)) - raft.server.snapshot.auto.trigger.threshold = 10000 (custom)
2023-04-21 06:15:33,254 [pool-79-thread-1] INFO  server.RaftServerConfigKeys (ConfUtils.java:logGet(46)) - raft.server.snapshot.retention.file.num = 5 (custom)
2023-04-21 06:15:33,254 [pool-79-thread-1] INFO  server.RaftServerConfigKeys (ConfUtils.java:logGet(46)) - raft.server.log.purge.upto.snapshot.index = false (default)
2023-04-21 06:15:33,254 [54e06896-f90f-443b-a024-7fd1f14ff9aa@group-FB30D226CB40-FollowerState] INFO  server.RaftServerConfigKeys (ConfUtils.java:logFallback(53)) - raft.server.rpc.first-election.timeout.min = 5s (fallback to raft.server.rpc.timeout.min)
2023-04-21 06:15:33,260 [Command processor thread] INFO  ratis.XceiverServerRatis (XceiverServerRatis.java:addGroup(806)) - Created group PipelineID=bede97ea-03b7-4748-982f-fb30d226cb40
2023-04-21 06:15:33,261 [54e06896-f90f-443b-a024-7fd1f14ff9aa@group-FB30D226CB40-FollowerState] INFO  server.RaftServerConfigKeys (ConfUtils.java:logFallback(53)) - raft.server.rpc.first-election.timeout.max = 5200ms (fallback to raft.server.rpc.timeout.max)
2023-04-21 06:15:33,647 [Command processor thread] INFO  server.RaftServer (RaftServerProxy.java:addNew(96)) - b2f013c4-4cfd-4a33-b24a-9a71c6bbd892: addNew group-F8360EEBFADC:[b2f013c4-4cfd-4a33-b24a-9a71c6bbd892|rpc:10.1.0.35:45827|dataStream:10.1.0.35:37043|priority:1|startupRole:FOLLOWER] returns group-F8360EEBFADC:java.util.concurrent.CompletableFuture@73a7fd36[Not completed]
2023-04-21 06:15:33,650 [pool-101-thread-1] INFO  server.RaftServer$Division (RaftServerImpl.java:<init>(195)) - b2f013c4-4cfd-4a33-b24a-9a71c6bbd892: new RaftServerImpl for group-F8360EEBFADC:[b2f013c4-4cfd-4a33-b24a-9a71c6bbd892|rpc:10.1.0.35:45827|dataStream:10.1.0.35:37043|priority:1|startupRole:FOLLOWER] with ContainerStateMachine:uninitialized
2023-04-21 06:15:33,650 [pool-101-thread-1] INFO  server.RaftServerConfigKeys (ConfUtils.java:logGet(46)) - raft.server.rpc.timeout.min = 5s (custom)
2023-04-21 06:15:33,650 [pool-101-thread-1] INFO  server.RaftServerConfigKeys (ConfUtils.java:logGet(46)) - raft.server.rpc.timeout.max = 5200ms (custom)
2023-04-21 06:15:33,650 [pool-101-thread-1] INFO  server.RaftServerConfigKeys (ConfUtils.java:logGet(46)) - raft.server.rpc.sleep.time = 25ms (default)
2023-04-21 06:15:33,651 [pool-101-thread-1] INFO  server.RaftServerConfigKeys (ConfUtils.java:logGet(46)) - raft.server.rpc.slowness.timeout = 300s (custom)
2023-04-21 06:15:33,651 [pool-101-thread-1] INFO  server.RaftServerConfigKeys (ConfUtils.java:logGet(46)) - raft.server.leaderelection.leader.step-down.wait-time = 10s (default)
2023-04-21 06:15:33,651 [pool-101-thread-1] INFO  server.RaftServerConfigKeys (ConfUtils.java:logGet(46)) - raft.server.sleep.deviation.threshold = 300ms (default)
2023-04-21 06:15:33,651 [pool-101-thread-1] INFO  server.RaftServer$Division (ServerState.java:<init>(118)) - b2f013c4-4cfd-4a33-b24a-9a71c6bbd892@group-F8360EEBFADC: ConfigurationManager, init=-1: peers:[b2f013c4-4cfd-4a33-b24a-9a71c6bbd892|rpc:10.1.0.35:45827|dataStream:10.1.0.35:37043|priority:1|startupRole:FOLLOWER]|listeners:[], old=null, confs=<EMPTY_MAP>
2023-04-21 06:15:33,652 [pool-101-thread-1] INFO  server.RaftServerConfigKeys (ConfUtils.java:logGet(46)) - raft.server.storage.dir = [/home/runner/work/ozone/ozone/hadoop-ozone/integration-test/target/test-dir/MiniOzoneClusterImpl-222c068d-693f-41e7-a147-5f3bf9f7a261/datanode-1/data/ratis] (custom)
2023-04-21 06:15:33,653 [pool-101-thread-1] INFO  server.RaftServerConfigKeys (ConfUtils.java:logGet(46)) - raft.server.log.corruption.policy = EXCEPTION (default)
2023-04-21 06:15:33,653 [pool-101-thread-1] INFO  server.RaftServerConfigKeys (ConfUtils.java:logGet(46)) - raft.server.storage.free-space.min = 0MB (=0) (default)
2023-04-21 06:15:33,653 [pool-101-thread-1] INFO  server.RaftServerConfigKeys (ConfUtils.java:logGet(46)) - raft.server.notification.no-leader.timeout = 300s (custom)
2023-04-21 06:15:33,653 [pool-101-thread-1] INFO  server.RaftServerConfigKeys (ConfUtils.java:logGet(46)) - raft.server.retrycache.expirytime = 600000ms (custom)
2023-04-21 06:15:33,653 [pool-101-thread-1] INFO  server.RaftServerConfigKeys (ConfUtils.java:logGet(46)) - raft.server.retrycache.statistics.expirytime = 100μs (default)
2023-04-21 06:15:33,660 [pool-101-thread-1] INFO  server.RaftServerConfigKeys (ConfUtils.java:logGet(46)) - raft.server.log.appender.install.snapshot.enabled = false (custom)
2023-04-21 06:15:33,660 [pool-101-thread-1] INFO  server.RaftServerConfigKeys (ConfUtils.java:logGet(46)) - raft.server.threadpool.server.cached = true (default)
2023-04-21 06:15:33,660 [pool-101-thread-1] INFO  server.RaftServerConfigKeys (ConfUtils.java:logGet(46)) - raft.server.threadpool.server.size = 0 (default)
2023-04-21 06:15:33,660 [pool-101-thread-1] INFO  server.RaftServerConfigKeys (ConfUtils.java:logGet(46)) - raft.server.threadpool.client.cached = true (default)
2023-04-21 06:15:33,660 [pool-101-thread-1] INFO  server.RaftServerConfigKeys (ConfUtils.java:logGet(46)) - raft.server.threadpool.client.size = 0 (default)
2023-04-21 06:15:33,661 [grpc-default-executor-0] INFO  server.RaftServer (RaftServerProxy.java:addNew(96)) - 85be5e62-7272-42cb-bae2-27068f8713e2: addNew group-FB30D226CB40:[85be5e62-7272-42cb-bae2-27068f8713e2|rpc:10.1.0.35:34951|dataStream:10.1.0.35:42643|priority:0|startupRole:FOLLOWER, b2f013c4-4cfd-4a33-b24a-9a71c6bbd892|rpc:10.1.0.35:45827|dataStream:10.1.0.35:37043|priority:0|startupRole:FOLLOWER, 54e06896-f90f-443b-a024-7fd1f14ff9aa|rpc:10.1.0.35:40081|dataStream:10.1.0.35:43055|priority:1|startupRole:FOLLOWER] returns group-FB30D226CB40:java.util.concurrent.CompletableFuture@2ebb3b6[Not completed]
2023-04-21 06:15:33,660 [pool-101-thread-1] INFO  storage.RaftStorageDirectory (RaftStorageDirectoryImpl.java:analyzeStorage(137)) - The storage directory /home/runner/work/ozone/ozone/hadoop-ozone/integration-test/target/test-dir/MiniOzoneClusterImpl-222c068d-693f-41e7-a147-5f3bf9f7a261/datanode-1/data/ratis/da4ba95e-5845-41c2-b687-f8360eebfadc does not exist. Creating ...
2023-04-21 06:15:33,664 [pool-101-thread-1] INFO  storage.RaftStorageDirectory (RaftStorageDirectoryImpl.java:tryLock(231)) - Lock on /home/runner/work/ozone/ozone/hadoop-ozone/integration-test/target/test-dir/MiniOzoneClusterImpl-222c068d-693f-41e7-a147-5f3bf9f7a261/datanode-1/data/ratis/da4ba95e-5845-41c2-b687-f8360eebfadc/in_use.lock acquired by nodename 2764@fv-az205-422
2023-04-21 06:15:33,664 [pool-123-thread-1] INFO  server.RaftServer$Division (RaftServerImpl.java:<init>(195)) - 85be5e62-7272-42cb-bae2-27068f8713e2: new RaftServerImpl for group-FB30D226CB40:[85be5e62-7272-42cb-bae2-27068f8713e2|rpc:10.1.0.35:34951|dataStream:10.1.0.35:42643|priority:0|startupRole:FOLLOWER, b2f013c4-4cfd-4a33-b24a-9a71c6bbd892|rpc:10.1.0.35:45827|dataStream:10.1.0.35:37043|priority:0|startupRole:FOLLOWER, 54e06896-f90f-443b-a024-7fd1f14ff9aa|rpc:10.1.0.35:40081|dataStream:10.1.0.35:43055|priority:1|startupRole:FOLLOWER] with ContainerStateMachine:uninitialized
2023-04-21 06:15:33,665 [pool-123-thread-1] INFO  server.RaftServerConfigKeys (ConfUtils.java:logGet(46)) - raft.server.rpc.timeout.min = 5s (custom)
2023-04-21 06:15:33,665 [pool-123-thread-1] INFO  server.RaftServerConfigKeys (ConfUtils.java:logGet(46)) - raft.server.rpc.timeout.max = 5200ms (custom)
2023-04-21 06:15:33,665 [pool-123-thread-1] INFO  server.RaftServerConfigKeys (ConfUtils.java:logGet(46)) - raft.server.rpc.sleep.time = 25ms (default)
2023-04-21 06:15:33,665 [pool-123-thread-1] INFO  server.RaftServerConfigKeys (ConfUtils.java:logGet(46)) - raft.server.rpc.slowness.timeout = 300s (custom)
2023-04-21 06:15:33,665 [pool-123-thread-1] INFO  server.RaftServerConfigKeys (ConfUtils.java:logGet(46)) - raft.server.leaderelection.leader.step-down.wait-time = 10s (default)
2023-04-21 06:15:33,665 [pool-123-thread-1] INFO  server.RaftServerConfigKeys (ConfUtils.java:logGet(46)) - raft.server.sleep.deviation.threshold = 300ms (default)
2023-04-21 06:15:33,665 [pool-123-thread-1] INFO  server.RaftServer$Division (ServerState.java:<init>(118)) - 85be5e62-7272-42cb-bae2-27068f8713e2@group-FB30D226CB40: ConfigurationManager, init=-1: peers:[85be5e62-7272-42cb-bae2-27068f8713e2|rpc:10.1.0.35:34951|dataStream:10.1.0.35:42643|priority:0|startupRole:FOLLOWER, b2f013c4-4cfd-4a33-b24a-9a71c6bbd892|rpc:10.1.0.35:45827|dataStream:10.1.0.35:37043|priority:0|startupRole:FOLLOWER, 54e06896-f90f-443b-a024-7fd1f14ff9aa|rpc:10.1.0.35:40081|dataStream:10.1.0.35:43055|priority:1|startupRole:FOLLOWER]|listeners:[], old=null, confs=<EMPTY_MAP>
2023-04-21 06:15:33,665 [pool-101-thread-1] INFO  storage.RaftStorage (RaftStorageImpl.java:format(96)) - Storage directory /home/runner/work/ozone/ozone/hadoop-ozone/integration-test/target/test-dir/MiniOzoneClusterImpl-222c068d-693f-41e7-a147-5f3bf9f7a261/datanode-1/data/ratis/da4ba95e-5845-41c2-b687-f8360eebfadc has been successfully formatted.
2023-04-21 06:15:33,671 [pool-123-thread-1] INFO  server.RaftServerConfigKeys (ConfUtils.java:logGet(46)) - raft.server.storage.dir = [/home/runner/work/ozone/ozone/hadoop-ozone/integration-test/target/test-dir/MiniOzoneClusterImpl-222c068d-693f-41e7-a147-5f3bf9f7a261/datanode-2/data/ratis] (custom)
2023-04-21 06:15:33,672 [pool-101-thread-1] INFO  ratis.ContainerStateMachine (ContainerStateMachine.java:loadSnapshot(262)) - group-F8360EEBFADC: The snapshot info is null. Setting the last applied indexto:(t:0, i:~)
2023-04-21 06:15:33,672 [pool-101-thread-1] INFO  server.RaftServerConfigKeys (ConfUtils.java:logGet(46)) - raft.server.log.use.memory = false (default)
2023-04-21 06:15:33,673 [pool-101-thread-1] INFO  server.RaftServerConfigKeys (ConfUtils.java:logGet(46)) - raft.server.log.purge.gap = 1000000 (custom)
2023-04-21 06:15:33,673 [pool-101-thread-1] INFO  server.RaftServerConfigKeys (ConfUtils.java:logGet(46)) - raft.server.log.appender.buffer.byte-limit = 33554432 (custom)
2023-04-21 06:15:33,673 [pool-101-thread-1] INFO  server.RaftServerConfigKeys (ConfUtils.java:logGet(46)) - raft.server.log.statemachine.data.read.timeout = 1000ms (default)
2023-04-21 06:15:33,673 [pool-101-thread-1] INFO  server.RaftServerConfigKeys (ConfUtils.java:logGet(46)) - raft.server.log.purge.preservation.log.num = 0 (default)
2023-04-21 06:15:33,673 [pool-101-thread-1] INFO  server.RaftServerConfigKeys (ConfUtils.java:logGet(46)) - raft.server.log.segment.size.max = 1048576 (custom)
2023-04-21 06:15:33,672 [pool-123-thread-1] INFO  server.RaftServerConfigKeys (ConfUtils.java:logGet(46)) - raft.server.log.corruption.policy = EXCEPTION (default)
2023-04-21 06:15:33,674 [pool-101-thread-1] INFO  server.RaftServerConfigKeys (ConfUtils.java:logGet(46)) - raft.server.log.segment.cache.num.max = 2 (custom)
2023-04-21 06:15:33,674 [pool-101-thread-1] INFO  server.RaftServerConfigKeys (ConfUtils.java:logGet(46)) - raft.server.log.segment.cache.size.max = 200MB (=209715200) (default)
2023-04-21 06:15:33,674 [pool-101-thread-1] INFO  segmented.SegmentedRaftLogWorker (SegmentedRaftLogWorker.java:<init>(189)) - new b2f013c4-4cfd-4a33-b24a-9a71c6bbd892@group-F8360EEBFADC-SegmentedRaftLogWorker for RaftStorageImpl:Storage Directory /home/runner/work/ozone/ozone/hadoop-ozone/integration-test/target/test-dir/MiniOzoneClusterImpl-222c068d-693f-41e7-a147-5f3bf9f7a261/datanode-1/data/ratis/da4ba95e-5845-41c2-b687-f8360eebfadc
2023-04-21 06:15:33,674 [pool-101-thread-1] INFO  server.RaftServerConfigKeys (ConfUtils.java:logGet(46)) - raft.server.log.queue.byte-limit = 4294967296 (custom)
2023-04-21 06:15:33,674 [pool-101-thread-1] INFO  server.RaftServerConfigKeys (ConfUtils.java:logGet(46)) - raft.server.log.queue.element-limit = 1024 (custom)
2023-04-21 06:15:33,674 [pool-101-thread-1] INFO  server.RaftServerConfigKeys (ConfUtils.java:logGet(46)) - raft.server.log.segment.size.max = 1048576 (custom)
2023-04-21 06:15:33,674 [pool-101-thread-1] INFO  server.RaftServerConfigKeys (ConfUtils.java:logGet(46)) - raft.server.log.preallocated.size = 16384 (custom)
2023-04-21 06:15:33,674 [pool-101-thread-1] INFO  server.RaftServerConfigKeys (ConfUtils.java:logGet(46)) - raft.server.log.force.sync.num = 128 (default)
2023-04-21 06:15:33,674 [pool-101-thread-1] INFO  server.RaftServerConfigKeys (ConfUtils.java:logGet(46)) - raft.server.log.statemachine.data.sync = true (default)
2023-04-21 06:15:33,674 [pool-101-thread-1] INFO  server.RaftServerConfigKeys (ConfUtils.java:logGet(46)) - raft.server.log.statemachine.data.sync.timeout = 10s (default)
2023-04-21 06:15:33,674 [pool-101-thread-1] INFO  server.RaftServerConfigKeys (ConfUtils.java:logGet(46)) - raft.server.log.statemachine.data.sync.timeout.retry = -1 (default)
2023-04-21 06:15:33,676 [EventQueue-PipelineReportForPipelineReportHandler] INFO  pipeline.PipelineManagerImpl (PipelineManagerImpl.java:openPipeline(367)) - Pipeline Pipeline[ Id: da4ba95e-5845-41c2-b687-f8360eebfadc, Nodes: b2f013c4-4cfd-4a33-b24a-9a71c6bbd892(fv-az205-422/10.1.0.35), ReplicationConfig: RATIS/ONE, State:ALLOCATED, leaderId:b2f013c4-4cfd-4a33-b24a-9a71c6bbd892, CreationTimestamp2023-04-21T06:15:30.650Z[Etc/UTC]] moved to OPEN state
2023-04-21 06:15:33,677 [EventQueue-OpenPipelineForHealthyPipelineSafeModeRule] INFO  safemode.SCMSafeModeManager (HealthyPipelineSafeModeRule.java:process(137)) - SCM in safe mode. Healthy pipelines reported count is 0, required healthy pipeline reported count is 1
2023-04-21 06:15:33,678 [pool-101-thread-1] INFO  server.RaftServerConfigKeys (ConfUtils.java:logGet(46)) - raft.server.log.write.buffer.size = 1048576 (custom)
2023-04-21 06:15:33,678 [pool-101-thread-1] INFO  server.RaftServerConfigKeys (ConfUtils.java:logGet(46)) - raft.server.log.appender.buffer.byte-limit = 33554432 (custom)
2023-04-21 06:15:33,679 [pool-123-thread-1] INFO  server.RaftServerConfigKeys (ConfUtils.java:logGet(46)) - raft.server.storage.free-space.min = 0MB (=0) (default)
2023-04-21 06:15:33,679 [pool-123-thread-1] INFO  server.RaftServerConfigKeys (ConfUtils.java:logGet(46)) - raft.server.notification.no-leader.timeout = 300s (custom)
2023-04-21 06:15:33,679 [pool-123-thread-1] INFO  server.RaftServerConfigKeys (ConfUtils.java:logGet(46)) - raft.server.retrycache.expirytime = 600000ms (custom)
2023-04-21 06:15:33,679 [pool-123-thread-1] INFO  server.RaftServerConfigKeys (ConfUtils.java:logGet(46)) - raft.server.retrycache.statistics.expirytime = 100μs (default)
2023-04-21 06:15:33,685 [pool-123-thread-1] INFO  server.RaftServerConfigKeys (ConfUtils.java:logGet(46)) - raft.server.log.appender.install.snapshot.enabled = false (custom)
2023-04-21 06:15:33,686 [pool-123-thread-1] INFO  server.RaftServerConfigKeys (ConfUtils.java:logGet(46)) - raft.server.threadpool.server.cached = true (default)
2023-04-21 06:15:33,686 [pool-123-thread-1] INFO  server.RaftServerConfigKeys (ConfUtils.java:logGet(46)) - raft.server.threadpool.server.size = 0 (default)
2023-04-21 06:15:33,686 [pool-123-thread-1] INFO  server.RaftServerConfigKeys (ConfUtils.java:logGet(46)) - raft.server.threadpool.client.cached = true (default)
2023-04-21 06:15:33,686 [pool-123-thread-1] INFO  server.RaftServerConfigKeys (ConfUtils.java:logGet(46)) - raft.server.threadpool.client.size = 0 (default)
2023-04-21 06:15:33,686 [pool-123-thread-1] INFO  storage.RaftStorageDirectory (RaftStorageDirectoryImpl.java:analyzeStorage(137)) - The storage directory /home/runner/work/ozone/ozone/hadoop-ozone/integration-test/target/test-dir/MiniOzoneClusterImpl-222c068d-693f-41e7-a147-5f3bf9f7a261/datanode-2/data/ratis/bede97ea-03b7-4748-982f-fb30d226cb40 does not exist. Creating ...
2023-04-21 06:15:33,686 [pool-101-thread-1] INFO  server.RaftServerConfigKeys (ConfUtils.java:logGet(46)) - raft.server.log.unsafe-flush.enabled = false (default)
2023-04-21 06:15:33,686 [pool-101-thread-1] INFO  server.RaftServerConfigKeys (ConfUtils.java:logGet(46)) - raft.server.log.async-flush.enabled = false (default)
2023-04-21 06:15:33,686 [pool-101-thread-1] INFO  server.RaftServerConfigKeys (ConfUtils.java:logGet(46)) - raft.server.log.statemachine.data.caching.enabled = true (custom)
2023-04-21 06:15:33,687 [pool-101-thread-1] INFO  segmented.SegmentedRaftLogWorker (SegmentedRaftLogWorker.java:lambda$new$0(135)) - b2f013c4-4cfd-4a33-b24a-9a71c6bbd892@group-F8360EEBFADC-SegmentedRaftLogWorker: flushIndex: setUnconditionally 0 -> -1
2023-04-21 06:15:33,687 [pool-101-thread-1] INFO  segmented.SegmentedRaftLogWorker (SegmentedRaftLogWorker.java:lambda$new$0(135)) - b2f013c4-4cfd-4a33-b24a-9a71c6bbd892@group-F8360EEBFADC-SegmentedRaftLogWorker: safeCacheEvictIndex: setUnconditionally 0 -> -1
2023-04-21 06:15:33,687 [pool-101-thread-1] INFO  server.RaftServer$Division (RaftServerImpl.java:start(334)) - b2f013c4-4cfd-4a33-b24a-9a71c6bbd892@group-F8360EEBFADC: start as a follower, conf=-1: peers:[b2f013c4-4cfd-4a33-b24a-9a71c6bbd892|rpc:10.1.0.35:45827|dataStream:10.1.0.35:37043|priority:1|startupRole:FOLLOWER]|listeners:[], old=null
2023-04-21 06:15:33,687 [pool-101-thread-1] INFO  server.RaftServer$Division (RaftServerImpl.java:setRole(321)) - b2f013c4-4cfd-4a33-b24a-9a71c6bbd892@group-F8360EEBFADC: changes role from      null to FOLLOWER at term 0 for startAsFollower
2023-04-21 06:15:33,687 [pool-101-thread-1] INFO  impl.RoleInfo (RoleInfo.java:updateAndGet(139)) - b2f013c4-4cfd-4a33-b24a-9a71c6bbd892: start b2f013c4-4cfd-4a33-b24a-9a71c6bbd892@group-F8360EEBFADC-FollowerState
2023-04-21 06:15:33,687 [pool-123-thread-1] INFO  storage.RaftStorageDirectory (RaftStorageDirectoryImpl.java:tryLock(231)) - Lock on /home/runner/work/ozone/ozone/hadoop-ozone/integration-test/target/test-dir/MiniOzoneClusterImpl-222c068d-693f-41e7-a147-5f3bf9f7a261/datanode-2/data/ratis/bede97ea-03b7-4748-982f-fb30d226cb40/in_use.lock acquired by nodename 2764@fv-az205-422
2023-04-21 06:15:33,688 [pool-101-thread-1] INFO  util.JmxRegister (JmxRegister.java:tryRegister(44)) - Successfully registered JMX Bean with object name Ratis:service=RaftServer,group=group-F8360EEBFADC,id=b2f013c4-4cfd-4a33-b24a-9a71c6bbd892
2023-04-21 06:15:33,689 [pool-101-thread-1] INFO  server.RaftServerConfigKeys (ConfUtils.java:logGet(46)) - raft.server.snapshot.auto.trigger.enabled = true (custom)
2023-04-21 06:15:33,689 [pool-101-thread-1] INFO  server.RaftServerConfigKeys (ConfUtils.java:logGet(46)) - raft.server.snapshot.auto.trigger.threshold = 10000 (custom)
2023-04-21 06:15:33,689 [pool-101-thread-1] INFO  server.RaftServerConfigKeys (ConfUtils.java:logGet(46)) - raft.server.snapshot.retention.file.num = 5 (custom)
2023-04-21 06:15:33,689 [pool-101-thread-1] INFO  server.RaftServerConfigKeys (ConfUtils.java:logGet(46)) - raft.server.log.purge.upto.snapshot.index = false (default)
2023-04-21 06:15:33,690 [Command processor thread] INFO  ratis.XceiverServerRatis (XceiverServerRatis.java:addGroup(806)) - Created group PipelineID=da4ba95e-5845-41c2-b687-f8360eebfadc
2023-04-21 06:15:33,690 [Command processor thread] INFO  commandhandler.CreatePipelineCommandHandler (CreatePipelineCommandHandler.java:handle(113)) - Created Pipeline RATIS ONE PipelineID=da4ba95e-5845-41c2-b687-f8360eebfadc.
2023-04-21 06:15:33,694 [b2f013c4-4cfd-4a33-b24a-9a71c6bbd892@group-F8360EEBFADC-FollowerState] INFO  server.RaftServerConfigKeys (ConfUtils.java:logFallback(53)) - raft.server.rpc.first-election.timeout.min = 5s (fallback to raft.server.rpc.timeout.min)
2023-04-21 06:15:33,694 [b2f013c4-4cfd-4a33-b24a-9a71c6bbd892@group-F8360EEBFADC-FollowerState] INFO  server.RaftServerConfigKeys (ConfUtils.java:logFallback(53)) - raft.server.rpc.first-election.timeout.max = 5200ms (fallback to raft.server.rpc.timeout.max)
2023-04-21 06:15:33,694 [Command processor thread] INFO  server.RaftServer (RaftServerProxy.java:addNew(96)) - b2f013c4-4cfd-4a33-b24a-9a71c6bbd892: addNew group-FB30D226CB40:[85be5e62-7272-42cb-bae2-27068f8713e2|rpc:10.1.0.35:34951|dataStream:10.1.0.35:42643|priority:0|startupRole:FOLLOWER, b2f013c4-4cfd-4a33-b24a-9a71c6bbd892|rpc:10.1.0.35:45827|dataStream:10.1.0.35:37043|priority:0|startupRole:FOLLOWER, 54e06896-f90f-443b-a024-7fd1f14ff9aa|rpc:10.1.0.35:40081|dataStream:10.1.0.35:43055|priority:1|startupRole:FOLLOWER] returns group-FB30D226CB40:java.util.concurrent.CompletableFuture@7798679a[Not completed]
2023-04-21 06:15:33,696 [pool-101-thread-1] INFO  server.RaftServer$Division (RaftServerImpl.java:<init>(195)) - b2f013c4-4cfd-4a33-b24a-9a71c6bbd892: new RaftServerImpl for group-FB30D226CB40:[85be5e62-7272-42cb-bae2-27068f8713e2|rpc:10.1.0.35:34951|dataStream:10.1.0.35:42643|priority:0|startupRole:FOLLOWER, b2f013c4-4cfd-4a33-b24a-9a71c6bbd892|rpc:10.1.0.35:45827|dataStream:10.1.0.35:37043|priority:0|startupRole:FOLLOWER, 54e06896-f90f-443b-a024-7fd1f14ff9aa|rpc:10.1.0.35:40081|dataStream:10.1.0.35:43055|priority:1|startupRole:FOLLOWER] with ContainerStateMachine:uninitialized
2023-04-21 06:15:33,696 [pool-101-thread-1] INFO  server.RaftServerConfigKeys (ConfUtils.java:logGet(46)) - raft.server.rpc.timeout.min = 5s (custom)
2023-04-21 06:15:33,696 [pool-101-thread-1] INFO  server.RaftServerConfigKeys (ConfUtils.java:logGet(46)) - raft.server.rpc.timeout.max = 5200ms (custom)
2023-04-21 06:15:33,696 [pool-101-thread-1] INFO  server.RaftServerConfigKeys (ConfUtils.java:logGet(46)) - raft.server.rpc.sleep.time = 25ms (default)
2023-04-21 06:15:33,696 [pool-101-thread-1] INFO  server.RaftServerConfigKeys (ConfUtils.java:logGet(46)) - raft.server.rpc.slowness.timeout = 300s (custom)
2023-04-21 06:15:33,696 [pool-101-thread-1] INFO  server.RaftServerConfigKeys (ConfUtils.java:logGet(46)) - raft.server.leaderelection.leader.step-down.wait-time = 10s (default)
2023-04-21 06:15:33,696 [pool-101-thread-1] INFO  server.RaftServerConfigKeys (ConfUtils.java:logGet(46)) - raft.server.sleep.deviation.threshold = 300ms (default)
2023-04-21 06:15:33,696 [pool-101-thread-1] INFO  server.RaftServer$Division (ServerState.java:<init>(118)) - b2f013c4-4cfd-4a33-b24a-9a71c6bbd892@group-FB30D226CB40: ConfigurationManager, init=-1: peers:[85be5e62-7272-42cb-bae2-27068f8713e2|rpc:10.1.0.35:34951|dataStream:10.1.0.35:42643|priority:0|startupRole:FOLLOWER, b2f013c4-4cfd-4a33-b24a-9a71c6bbd892|rpc:10.1.0.35:45827|dataStream:10.1.0.35:37043|priority:0|startupRole:FOLLOWER, 54e06896-f90f-443b-a024-7fd1f14ff9aa|rpc:10.1.0.35:40081|dataStream:10.1.0.35:43055|priority:1|startupRole:FOLLOWER]|listeners:[], old=null, confs=<EMPTY_MAP>
2023-04-21 06:15:33,696 [pool-101-thread-1] INFO  server.RaftServerConfigKeys (ConfUtils.java:logGet(46)) - raft.server.storage.dir = [/home/runner/work/ozone/ozone/hadoop-ozone/integration-test/target/test-dir/MiniOzoneClusterImpl-222c068d-693f-41e7-a147-5f3bf9f7a261/datanode-1/data/ratis] (custom)
2023-04-21 06:15:33,696 [pool-101-thread-1] INFO  server.RaftServerConfigKeys (ConfUtils.java:logGet(46)) - raft.server.log.corruption.policy = EXCEPTION (default)
2023-04-21 06:15:33,696 [pool-101-thread-1] INFO  server.RaftServerConfigKeys (ConfUtils.java:logGet(46)) - raft.server.storage.free-space.min = 0MB (=0) (default)
2023-04-21 06:15:33,697 [pool-101-thread-1] INFO  server.RaftServerConfigKeys (ConfUtils.java:logGet(46)) - raft.server.notification.no-leader.timeout = 300s (custom)
2023-04-21 06:15:33,697 [pool-101-thread-1] INFO  server.RaftServerConfigKeys (ConfUtils.java:logGet(46)) - raft.server.retrycache.expirytime = 600000ms (custom)
2023-04-21 06:15:33,697 [pool-101-thread-1] INFO  server.RaftServerConfigKeys (ConfUtils.java:logGet(46)) - raft.server.retrycache.statistics.expirytime = 100μs (default)
2023-04-21 06:15:33,698 [pool-123-thread-1] INFO  storage.RaftStorage (RaftStorageImpl.java:format(96)) - Storage directory /home/runner/work/ozone/ozone/hadoop-ozone/integration-test/target/test-dir/MiniOzoneClusterImpl-222c068d-693f-41e7-a147-5f3bf9f7a261/datanode-2/data/ratis/bede97ea-03b7-4748-982f-fb30d226cb40 has been successfully formatted.
2023-04-21 06:15:33,699 [pool-123-thread-1] INFO  ratis.ContainerStateMachine (ContainerStateMachine.java:loadSnapshot(262)) - group-FB30D226CB40: The snapshot info is null. Setting the last applied indexto:(t:0, i:~)
2023-04-21 06:15:33,699 [pool-123-thread-1] INFO  server.RaftServerConfigKeys (ConfUtils.java:logGet(46)) - raft.server.log.use.memory = false (default)
2023-04-21 06:15:33,699 [pool-123-thread-1] INFO  server.RaftServerConfigKeys (ConfUtils.java:logGet(46)) - raft.server.log.purge.gap = 1000000 (custom)
2023-04-21 06:15:33,699 [pool-123-thread-1] INFO  server.RaftServerConfigKeys (ConfUtils.java:logGet(46)) - raft.server.log.appender.buffer.byte-limit = 33554432 (custom)
2023-04-21 06:15:33,699 [pool-123-thread-1] INFO  server.RaftServerConfigKeys (ConfUtils.java:logGet(46)) - raft.server.log.statemachine.data.read.timeout = 1000ms (default)
2023-04-21 06:15:33,699 [pool-123-thread-1] INFO  server.RaftServerConfigKeys (ConfUtils.java:logGet(46)) - raft.server.log.purge.preservation.log.num = 0 (default)
2023-04-21 06:15:33,699 [pool-123-thread-1] INFO  server.RaftServerConfigKeys (ConfUtils.java:logGet(46)) - raft.server.log.segment.size.max = 1048576 (custom)
2023-04-21 06:15:33,700 [pool-123-thread-1] INFO  server.RaftServerConfigKeys (ConfUtils.java:logGet(46)) - raft.server.log.segment.cache.num.max = 2 (custom)
2023-04-21 06:15:33,700 [pool-123-thread-1] INFO  server.RaftServerConfigKeys (ConfUtils.java:logGet(46)) - raft.server.log.segment.cache.size.max = 200MB (=209715200) (default)
2023-04-21 06:15:33,700 [pool-123-thread-1] INFO  segmented.SegmentedRaftLogWorker (SegmentedRaftLogWorker.java:<init>(189)) - new 85be5e62-7272-42cb-bae2-27068f8713e2@group-FB30D226CB40-SegmentedRaftLogWorker for RaftStorageImpl:Storage Directory /home/runner/work/ozone/ozone/hadoop-ozone/integration-test/target/test-dir/MiniOzoneClusterImpl-222c068d-693f-41e7-a147-5f3bf9f7a261/datanode-2/data/ratis/bede97ea-03b7-4748-982f-fb30d226cb40
2023-04-21 06:15:33,700 [pool-123-thread-1] INFO  server.RaftServerConfigKeys (ConfUtils.java:logGet(46)) - raft.server.log.queue.byte-limit = 4294967296 (custom)
2023-04-21 06:15:33,700 [pool-123-thread-1] INFO  server.RaftServerConfigKeys (ConfUtils.java:logGet(46)) - raft.server.log.queue.element-limit = 1024 (custom)
2023-04-21 06:15:33,700 [pool-123-thread-1] INFO  server.RaftServerConfigKeys (ConfUtils.java:logGet(46)) - raft.server.log.segment.size.max = 1048576 (custom)
2023-04-21 06:15:33,700 [pool-123-thread-1] INFO  server.RaftServerConfigKeys (ConfUtils.java:logGet(46)) - raft.server.log.preallocated.size = 16384 (custom)
2023-04-21 06:15:33,700 [pool-123-thread-1] INFO  server.RaftServerConfigKeys (ConfUtils.java:logGet(46)) - raft.server.log.force.sync.num = 128 (default)
2023-04-21 06:15:33,700 [pool-123-thread-1] INFO  server.RaftServerConfigKeys (ConfUtils.java:logGet(46)) - raft.server.log.statemachine.data.sync = true (default)
2023-04-21 06:15:33,700 [pool-123-thread-1] INFO  server.RaftServerConfigKeys (ConfUtils.java:logGet(46)) - raft.server.log.statemachine.data.sync.timeout = 10s (default)
2023-04-21 06:15:33,700 [pool-123-thread-1] INFO  server.RaftServerConfigKeys (ConfUtils.java:logGet(46)) - raft.server.log.statemachine.data.sync.timeout.retry = -1 (default)
2023-04-21 06:15:33,701 [pool-123-thread-1] INFO  server.RaftServerConfigKeys (ConfUtils.java:logGet(46)) - raft.server.log.write.buffer.size = 1048576 (custom)
2023-04-21 06:15:33,702 [pool-123-thread-1] INFO  server.RaftServerConfigKeys (ConfUtils.java:logGet(46)) - raft.server.log.appender.buffer.byte-limit = 33554432 (custom)
2023-04-21 06:15:33,698 [pool-101-thread-1] INFO  server.RaftServerConfigKeys (ConfUtils.java:logGet(46)) - raft.server.log.appender.install.snapshot.enabled = false (custom)
2023-04-21 06:15:33,704 [pool-101-thread-1] INFO  server.RaftServerConfigKeys (ConfUtils.java:logGet(46)) - raft.server.threadpool.server.cached = true (default)
2023-04-21 06:15:33,704 [pool-101-thread-1] INFO  server.RaftServerConfigKeys (ConfUtils.java:logGet(46)) - raft.server.threadpool.server.size = 0 (default)
2023-04-21 06:15:33,704 [pool-101-thread-1] INFO  server.RaftServerConfigKeys (ConfUtils.java:logGet(46)) - raft.server.threadpool.client.cached = true (default)
2023-04-21 06:15:33,705 [pool-101-thread-1] INFO  server.RaftServerConfigKeys (ConfUtils.java:logGet(46)) - raft.server.threadpool.client.size = 0 (default)
2023-04-21 06:15:33,705 [pool-101-thread-1] INFO  storage.RaftStorageDirectory (RaftStorageDirectoryImpl.java:analyzeStorage(137)) - The storage directory /home/runner/work/ozone/ozone/hadoop-ozone/integration-test/target/test-dir/MiniOzoneClusterImpl-222c068d-693f-41e7-a147-5f3bf9f7a261/datanode-1/data/ratis/bede97ea-03b7-4748-982f-fb30d226cb40 does not exist. Creating ...
2023-04-21 06:15:33,706 [pool-101-thread-1] INFO  storage.RaftStorageDirectory (RaftStorageDirectoryImpl.java:tryLock(231)) - Lock on /home/runner/work/ozone/ozone/hadoop-ozone/integration-test/target/test-dir/MiniOzoneClusterImpl-222c068d-693f-41e7-a147-5f3bf9f7a261/datanode-1/data/ratis/bede97ea-03b7-4748-982f-fb30d226cb40/in_use.lock acquired by nodename 2764@fv-az205-422
2023-04-21 06:15:33,708 [pool-101-thread-1] INFO  storage.RaftStorage (RaftStorageImpl.java:format(96)) - Storage directory /home/runner/work/ozone/ozone/hadoop-ozone/integration-test/target/test-dir/MiniOzoneClusterImpl-222c068d-693f-41e7-a147-5f3bf9f7a261/datanode-1/data/ratis/bede97ea-03b7-4748-982f-fb30d226cb40 has been successfully formatted.
2023-04-21 06:15:33,708 [pool-101-thread-1] INFO  ratis.ContainerStateMachine (ContainerStateMachine.java:loadSnapshot(262)) - group-FB30D226CB40: The snapshot info is null. Setting the last applied indexto:(t:0, i:~)
2023-04-21 06:15:33,708 [pool-101-thread-1] INFO  server.RaftServerConfigKeys (ConfUtils.java:logGet(46)) - raft.server.log.use.memory = false (default)
2023-04-21 06:15:33,708 [pool-101-thread-1] INFO  server.RaftServerConfigKeys (ConfUtils.java:logGet(46)) - raft.server.log.purge.gap = 1000000 (custom)
2023-04-21 06:15:33,708 [pool-101-thread-1] INFO  server.RaftServerConfigKeys (ConfUtils.java:logGet(46)) - raft.server.log.appender.buffer.byte-limit = 33554432 (custom)
2023-04-21 06:15:33,709 [pool-101-thread-1] INFO  server.RaftServerConfigKeys (ConfUtils.java:logGet(46)) - raft.server.log.statemachine.data.read.timeout = 1000ms (default)
2023-04-21 06:15:33,709 [pool-101-thread-1] INFO  server.RaftServerConfigKeys (ConfUtils.java:logGet(46)) - raft.server.log.purge.preservation.log.num = 0 (default)
2023-04-21 06:15:33,709 [pool-101-thread-1] INFO  server.RaftServerConfigKeys (ConfUtils.java:logGet(46)) - raft.server.log.segment.size.max = 1048576 (custom)
2023-04-21 06:15:33,710 [EventQueue-OpenPipelineForHealthyPipelineSafeModeRule] INFO  safemode.SCMSafeModeManager (HealthyPipelineSafeModeRule.java:process(137)) - SCM in safe mode. Healthy pipelines reported count is 0, required healthy pipeline reported count is 1
2023-04-21 06:15:33,711 [pool-101-thread-1] INFO  server.RaftServerConfigKeys (ConfUtils.java:logGet(46)) - raft.server.log.segment.cache.num.max = 2 (custom)
2023-04-21 06:15:33,711 [pool-101-thread-1] INFO  server.RaftServerConfigKeys (ConfUtils.java:logGet(46)) - raft.server.log.segment.cache.size.max = 200MB (=209715200) (default)
2023-04-21 06:15:33,711 [pool-101-thread-1] INFO  segmented.SegmentedRaftLogWorker (SegmentedRaftLogWorker.java:<init>(189)) - new b2f013c4-4cfd-4a33-b24a-9a71c6bbd892@group-FB30D226CB40-SegmentedRaftLogWorker for RaftStorageImpl:Storage Directory /home/runner/work/ozone/ozone/hadoop-ozone/integration-test/target/test-dir/MiniOzoneClusterImpl-222c068d-693f-41e7-a147-5f3bf9f7a261/datanode-1/data/ratis/bede97ea-03b7-4748-982f-fb30d226cb40
2023-04-21 06:15:33,711 [pool-101-thread-1] INFO  server.RaftServerConfigKeys (ConfUtils.java:logGet(46)) - raft.server.log.queue.byte-limit = 4294967296 (custom)
2023-04-21 06:15:33,711 [pool-101-thread-1] INFO  server.RaftServerConfigKeys (ConfUtils.java:logGet(46)) - raft.server.log.queue.element-limit = 1024 (custom)
2023-04-21 06:15:33,711 [pool-101-thread-1] INFO  server.RaftServerConfigKeys (ConfUtils.java:logGet(46)) - raft.server.log.segment.size.max = 1048576 (custom)
2023-04-21 06:15:33,711 [pool-101-thread-1] INFO  server.RaftServerConfigKeys (ConfUtils.java:logGet(46)) - raft.server.log.preallocated.size = 16384 (custom)
2023-04-21 06:15:33,711 [pool-101-thread-1] INFO  server.RaftServerConfigKeys (ConfUtils.java:logGet(46)) - raft.server.log.force.sync.num = 128 (default)
2023-04-21 06:15:33,711 [pool-101-thread-1] INFO  server.RaftServerConfigKeys (ConfUtils.java:logGet(46)) - raft.server.log.statemachine.data.sync = true (default)
2023-04-21 06:15:33,711 [pool-101-thread-1] INFO  server.RaftServerConfigKeys (ConfUtils.java:logGet(46)) - raft.server.log.statemachine.data.sync.timeout = 10s (default)
2023-04-21 06:15:33,712 [pool-101-thread-1] INFO  server.RaftServerConfigKeys (ConfUtils.java:logGet(46)) - raft.server.log.statemachine.data.sync.timeout.retry = -1 (default)
2023-04-21 06:15:33,713 [pool-123-thread-1] INFO  server.RaftServerConfigKeys (ConfUtils.java:logGet(46)) - raft.server.log.unsafe-flush.enabled = false (default)
2023-04-21 06:15:33,714 [pool-123-thread-1] INFO  server.RaftServerConfigKeys (ConfUtils.java:logGet(46)) - raft.server.log.async-flush.enabled = false (default)
2023-04-21 06:15:33,714 [pool-123-thread-1] INFO  server.RaftServerConfigKeys (ConfUtils.java:logGet(46)) - raft.server.log.statemachine.data.caching.enabled = true (custom)
2023-04-21 06:15:33,714 [pool-101-thread-1] INFO  server.RaftServerConfigKeys (ConfUtils.java:logGet(46)) - raft.server.log.write.buffer.size = 1048576 (custom)
2023-04-21 06:15:33,715 [pool-101-thread-1] INFO  server.RaftServerConfigKeys (ConfUtils.java:logGet(46)) - raft.server.log.appender.buffer.byte-limit = 33554432 (custom)
2023-04-21 06:15:33,715 [pool-123-thread-1] INFO  segmented.SegmentedRaftLogWorker (SegmentedRaftLogWorker.java:lambda$new$0(135)) - 85be5e62-7272-42cb-bae2-27068f8713e2@group-FB30D226CB40-SegmentedRaftLogWorker: flushIndex: setUnconditionally 0 -> -1
2023-04-21 06:15:33,715 [pool-123-thread-1] INFO  segmented.SegmentedRaftLogWorker (SegmentedRaftLogWorker.java:lambda$new$0(135)) - 85be5e62-7272-42cb-bae2-27068f8713e2@group-FB30D226CB40-SegmentedRaftLogWorker: safeCacheEvictIndex: setUnconditionally 0 -> -1
2023-04-21 06:15:33,719 [pool-123-thread-1] INFO  server.RaftServer$Division (RaftServerImpl.java:start(334)) - 85be5e62-7272-42cb-bae2-27068f8713e2@group-FB30D226CB40: start as a follower, conf=-1: peers:[85be5e62-7272-42cb-bae2-27068f8713e2|rpc:10.1.0.35:34951|dataStream:10.1.0.35:42643|priority:0|startupRole:FOLLOWER, b2f013c4-4cfd-4a33-b24a-9a71c6bbd892|rpc:10.1.0.35:45827|dataStream:10.1.0.35:37043|priority:0|startupRole:FOLLOWER, 54e06896-f90f-443b-a024-7fd1f14ff9aa|rpc:10.1.0.35:40081|dataStream:10.1.0.35:43055|priority:1|startupRole:FOLLOWER]|listeners:[], old=null
2023-04-21 06:15:33,719 [pool-123-thread-1] INFO  server.RaftServer$Division (RaftServerImpl.java:setRole(321)) - 85be5e62-7272-42cb-bae2-27068f8713e2@group-FB30D226CB40: changes role from      null to FOLLOWER at term 0 for startAsFollower
2023-04-21 06:15:33,720 [pool-123-thread-1] INFO  impl.RoleInfo (RoleInfo.java:updateAndGet(139)) - 85be5e62-7272-42cb-bae2-27068f8713e2: start 85be5e62-7272-42cb-bae2-27068f8713e2@group-FB30D226CB40-FollowerState
2023-04-21 06:15:33,720 [pool-101-thread-1] INFO  server.RaftServerConfigKeys (ConfUtils.java:logGet(46)) - raft.server.log.unsafe-flush.enabled = false (default)
2023-04-21 06:15:33,730 [pool-101-thread-1] INFO  server.RaftServerConfigKeys (ConfUtils.java:logGet(46)) - raft.server.log.async-flush.enabled = false (default)
2023-04-21 06:15:33,730 [pool-101-thread-1] INFO  server.RaftServerConfigKeys (ConfUtils.java:logGet(46)) - raft.server.log.statemachine.data.caching.enabled = true (custom)
2023-04-21 06:15:33,731 [pool-101-thread-1] INFO  segmented.SegmentedRaftLogWorker (SegmentedRaftLogWorker.java:lambda$new$0(135)) - b2f013c4-4cfd-4a33-b24a-9a71c6bbd892@group-FB30D226CB40-SegmentedRaftLogWorker: flushIndex: setUnconditionally 0 -> -1
2023-04-21 06:15:33,731 [pool-101-thread-1] INFO  segmented.SegmentedRaftLogWorker (SegmentedRaftLogWorker.java:lambda$new$0(135)) - b2f013c4-4cfd-4a33-b24a-9a71c6bbd892@group-FB30D226CB40-SegmentedRaftLogWorker: safeCacheEvictIndex: setUnconditionally 0 -> -1
2023-04-21 06:15:33,730 [85be5e62-7272-42cb-bae2-27068f8713e2@group-FB30D226CB40-FollowerState] INFO  server.RaftServerConfigKeys (ConfUtils.java:logFallback(53)) - raft.server.rpc.first-election.timeout.min = 5s (fallback to raft.server.rpc.timeout.min)
2023-04-21 06:15:33,724 [pool-123-thread-1] INFO  util.JmxRegister (JmxRegister.java:tryRegister(44)) - Successfully registered JMX Bean with object name Ratis:service=RaftServer,group=group-FB30D226CB40,id=85be5e62-7272-42cb-bae2-27068f8713e2
2023-04-21 06:15:33,731 [pool-123-thread-1] INFO  server.RaftServerConfigKeys (ConfUtils.java:logGet(46)) - raft.server.snapshot.auto.trigger.enabled = true (custom)
2023-04-21 06:15:33,731 [pool-123-thread-1] INFO  server.RaftServerConfigKeys (ConfUtils.java:logGet(46)) - raft.server.snapshot.auto.trigger.threshold = 10000 (custom)
2023-04-21 06:15:33,731 [pool-123-thread-1] INFO  server.RaftServerConfigKeys (ConfUtils.java:logGet(46)) - raft.server.snapshot.retention.file.num = 5 (custom)
2023-04-21 06:15:33,731 [pool-123-thread-1] INFO  server.RaftServerConfigKeys (ConfUtils.java:logGet(46)) - raft.server.log.purge.upto.snapshot.index = false (default)
2023-04-21 06:15:33,731 [85be5e62-7272-42cb-bae2-27068f8713e2@group-FB30D226CB40-FollowerState] INFO  server.RaftServerConfigKeys (ConfUtils.java:logFallback(53)) - raft.server.rpc.first-election.timeout.max = 5200ms (fallback to raft.server.rpc.timeout.max)
2023-04-21 06:15:33,738 [pool-101-thread-1] INFO  server.RaftServer$Division (RaftServerImpl.java:start(334)) - b2f013c4-4cfd-4a33-b24a-9a71c6bbd892@group-FB30D226CB40: start as a follower, conf=-1: peers:[85be5e62-7272-42cb-bae2-27068f8713e2|rpc:10.1.0.35:34951|dataStream:10.1.0.35:42643|priority:0|startupRole:FOLLOWER, b2f013c4-4cfd-4a33-b24a-9a71c6bbd892|rpc:10.1.0.35:45827|dataStream:10.1.0.35:37043|priority:0|startupRole:FOLLOWER, 54e06896-f90f-443b-a024-7fd1f14ff9aa|rpc:10.1.0.35:40081|dataStream:10.1.0.35:43055|priority:1|startupRole:FOLLOWER]|listeners:[], old=null
2023-04-21 06:15:33,738 [pool-101-thread-1] INFO  server.RaftServer$Division (RaftServerImpl.java:setRole(321)) - b2f013c4-4cfd-4a33-b24a-9a71c6bbd892@group-FB30D226CB40: changes role from      null to FOLLOWER at term 0 for startAsFollower
2023-04-21 06:15:33,739 [pool-101-thread-1] INFO  impl.RoleInfo (RoleInfo.java:updateAndGet(139)) - b2f013c4-4cfd-4a33-b24a-9a71c6bbd892: start b2f013c4-4cfd-4a33-b24a-9a71c6bbd892@group-FB30D226CB40-FollowerState
2023-04-21 06:15:33,743 [pool-101-thread-1] INFO  util.JmxRegister (JmxRegister.java:tryRegister(44)) - Successfully registered JMX Bean with object name Ratis:service=RaftServer,group=group-FB30D226CB40,id=b2f013c4-4cfd-4a33-b24a-9a71c6bbd892
2023-04-21 06:15:33,744 [pool-101-thread-1] INFO  server.RaftServerConfigKeys (ConfUtils.java:logGet(46)) - raft.server.snapshot.auto.trigger.enabled = true (custom)
2023-04-21 06:15:33,744 [pool-101-thread-1] INFO  server.RaftServerConfigKeys (ConfUtils.java:logGet(46)) - raft.server.snapshot.auto.trigger.threshold = 10000 (custom)
2023-04-21 06:15:33,744 [pool-101-thread-1] INFO  server.RaftServerConfigKeys (ConfUtils.java:logGet(46)) - raft.server.snapshot.retention.file.num = 5 (custom)
2023-04-21 06:15:33,744 [pool-101-thread-1] INFO  server.RaftServerConfigKeys (ConfUtils.java:logGet(46)) - raft.server.log.purge.upto.snapshot.index = false (default)
2023-04-21 06:15:33,745 [b2f013c4-4cfd-4a33-b24a-9a71c6bbd892@group-FB30D226CB40-FollowerState] INFO  server.RaftServerConfigKeys (ConfUtils.java:logFallback(53)) - raft.server.rpc.first-election.timeout.min = 5s (fallback to raft.server.rpc.timeout.min)
2023-04-21 06:15:33,745 [Command processor thread] INFO  ratis.XceiverServerRatis (XceiverServerRatis.java:addGroup(806)) - Created group PipelineID=bede97ea-03b7-4748-982f-fb30d226cb40
2023-04-21 06:15:33,748 [b2f013c4-4cfd-4a33-b24a-9a71c6bbd892@group-FB30D226CB40-FollowerState] INFO  server.RaftServerConfigKeys (ConfUtils.java:logFallback(53)) - raft.server.rpc.first-election.timeout.max = 5200ms (fallback to raft.server.rpc.timeout.max)
2023-04-21 06:15:33,877 [Command processor thread] INFO  commandhandler.CreatePipelineCommandHandler (CreatePipelineCommandHandler.java:handle(113)) - Created Pipeline RATIS THREE PipelineID=bede97ea-03b7-4748-982f-fb30d226cb40.
2023-04-21 06:15:33,877 [Command processor thread] INFO  server.RaftServer (RaftServerProxy.java:addNew(96)) - b2f013c4-4cfd-4a33-b24a-9a71c6bbd892: addNew group-F55E66CD8798:[85be5e62-7272-42cb-bae2-27068f8713e2|rpc:10.1.0.35:34951|dataStream:10.1.0.35:42643|priority:1|startupRole:FOLLOWER, b2f013c4-4cfd-4a33-b24a-9a71c6bbd892|rpc:10.1.0.35:45827|dataStream:10.1.0.35:37043|priority:0|startupRole:FOLLOWER, 54e06896-f90f-443b-a024-7fd1f14ff9aa|rpc:10.1.0.35:40081|dataStream:10.1.0.35:43055|priority:0|startupRole:FOLLOWER] returns group-F55E66CD8798:java.util.concurrent.CompletableFuture@a087974[Not completed]
2023-04-21 06:15:33,879 [pool-101-thread-1] INFO  server.RaftServer$Division (RaftServerImpl.java:<init>(195)) - b2f013c4-4cfd-4a33-b24a-9a71c6bbd892: new RaftServerImpl for group-F55E66CD8798:[85be5e62-7272-42cb-bae2-27068f8713e2|rpc:10.1.0.35:34951|dataStream:10.1.0.35:42643|priority:1|startupRole:FOLLOWER, b2f013c4-4cfd-4a33-b24a-9a71c6bbd892|rpc:10.1.0.35:45827|dataStream:10.1.0.35:37043|priority:0|startupRole:FOLLOWER, 54e06896-f90f-443b-a024-7fd1f14ff9aa|rpc:10.1.0.35:40081|dataStream:10.1.0.35:43055|priority:0|startupRole:FOLLOWER] with ContainerStateMachine:uninitialized
2023-04-21 06:15:33,879 [pool-101-thread-1] INFO  server.RaftServerConfigKeys (ConfUtils.java:logGet(46)) - raft.server.rpc.timeout.min = 5s (custom)
2023-04-21 06:15:33,879 [pool-101-thread-1] INFO  server.RaftServerConfigKeys (ConfUtils.java:logGet(46)) - raft.server.rpc.timeout.max = 5200ms (custom)
2023-04-21 06:15:33,879 [pool-101-thread-1] INFO  server.RaftServerConfigKeys (ConfUtils.java:logGet(46)) - raft.server.rpc.sleep.time = 25ms (default)
2023-04-21 06:15:33,879 [pool-101-thread-1] INFO  server.RaftServerConfigKeys (ConfUtils.java:logGet(46)) - raft.server.rpc.slowness.timeout = 300s (custom)
2023-04-21 06:15:33,879 [pool-101-thread-1] INFO  server.RaftServerConfigKeys (ConfUtils.java:logGet(46)) - raft.server.leaderelection.leader.step-down.wait-time = 10s (default)
2023-04-21 06:15:33,879 [pool-101-thread-1] INFO  server.RaftServerConfigKeys (ConfUtils.java:logGet(46)) - raft.server.sleep.deviation.threshold = 300ms (default)
2023-04-21 06:15:33,879 [pool-101-thread-1] INFO  server.RaftServer$Division (ServerState.java:<init>(118)) - b2f013c4-4cfd-4a33-b24a-9a71c6bbd892@group-F55E66CD8798: ConfigurationManager, init=-1: peers:[85be5e62-7272-42cb-bae2-27068f8713e2|rpc:10.1.0.35:34951|dataStream:10.1.0.35:42643|priority:1|startupRole:FOLLOWER, b2f013c4-4cfd-4a33-b24a-9a71c6bbd892|rpc:10.1.0.35:45827|dataStream:10.1.0.35:37043|priority:0|startupRole:FOLLOWER, 54e06896-f90f-443b-a024-7fd1f14ff9aa|rpc:10.1.0.35:40081|dataStream:10.1.0.35:43055|priority:0|startupRole:FOLLOWER]|listeners:[], old=null, confs=<EMPTY_MAP>
2023-04-21 06:15:33,879 [pool-101-thread-1] INFO  server.RaftServerConfigKeys (ConfUtils.java:logGet(46)) - raft.server.storage.dir = [/home/runner/work/ozone/ozone/hadoop-ozone/integration-test/target/test-dir/MiniOzoneClusterImpl-222c068d-693f-41e7-a147-5f3bf9f7a261/datanode-1/data/ratis] (custom)
2023-04-21 06:15:33,879 [pool-101-thread-1] INFO  server.RaftServerConfigKeys (ConfUtils.java:logGet(46)) - raft.server.log.corruption.policy = EXCEPTION (default)
2023-04-21 06:15:33,879 [pool-101-thread-1] INFO  server.RaftServerConfigKeys (ConfUtils.java:logGet(46)) - raft.server.storage.free-space.min = 0MB (=0) (default)
2023-04-21 06:15:33,879 [pool-101-thread-1] INFO  server.RaftServerConfigKeys (ConfUtils.java:logGet(46)) - raft.server.notification.no-leader.timeout = 300s (custom)
2023-04-21 06:15:33,879 [pool-101-thread-1] INFO  server.RaftServerConfigKeys (ConfUtils.java:logGet(46)) - raft.server.retrycache.expirytime = 600000ms (custom)
2023-04-21 06:15:33,880 [pool-101-thread-1] INFO  server.RaftServerConfigKeys (ConfUtils.java:logGet(46)) - raft.server.retrycache.statistics.expirytime = 100μs (default)
2023-04-21 06:15:33,880 [pool-101-thread-1] INFO  server.RaftServerConfigKeys (ConfUtils.java:logGet(46)) - raft.server.log.appender.install.snapshot.enabled = false (custom)
2023-04-21 06:15:33,881 [pool-101-thread-1] INFO  server.RaftServerConfigKeys (ConfUtils.java:logGet(46)) - raft.server.threadpool.server.cached = true (default)
2023-04-21 06:15:33,881 [pool-101-thread-1] INFO  server.RaftServerConfigKeys (ConfUtils.java:logGet(46)) - raft.server.threadpool.server.size = 0 (default)
2023-04-21 06:15:33,881 [pool-101-thread-1] INFO  server.RaftServerConfigKeys (ConfUtils.java:logGet(46)) - raft.server.threadpool.client.cached = true (default)
2023-04-21 06:15:33,881 [pool-101-thread-1] INFO  server.RaftServerConfigKeys (ConfUtils.java:logGet(46)) - raft.server.threadpool.client.size = 0 (default)
2023-04-21 06:15:33,881 [pool-101-thread-1] INFO  storage.RaftStorageDirectory (RaftStorageDirectoryImpl.java:analyzeStorage(137)) - The storage directory /home/runner/work/ozone/ozone/hadoop-ozone/integration-test/target/test-dir/MiniOzoneClusterImpl-222c068d-693f-41e7-a147-5f3bf9f7a261/datanode-1/data/ratis/3fa8f89f-90e6-4908-8771-f55e66cd8798 does not exist. Creating ...
2023-04-21 06:15:33,882 [pool-101-thread-1] INFO  storage.RaftStorageDirectory (RaftStorageDirectoryImpl.java:tryLock(231)) - Lock on /home/runner/work/ozone/ozone/hadoop-ozone/integration-test/target/test-dir/MiniOzoneClusterImpl-222c068d-693f-41e7-a147-5f3bf9f7a261/datanode-1/data/ratis/3fa8f89f-90e6-4908-8771-f55e66cd8798/in_use.lock acquired by nodename 2764@fv-az205-422
2023-04-21 06:15:33,888 [pool-101-thread-1] INFO  storage.RaftStorage (RaftStorageImpl.java:format(96)) - Storage directory /home/runner/work/ozone/ozone/hadoop-ozone/integration-test/target/test-dir/MiniOzoneClusterImpl-222c068d-693f-41e7-a147-5f3bf9f7a261/datanode-1/data/ratis/3fa8f89f-90e6-4908-8771-f55e66cd8798 has been successfully formatted.
2023-04-21 06:15:33,888 [Command processor thread] INFO  commandhandler.CreatePipelineCommandHandler (CreatePipelineCommandHandler.java:handle(113)) - Created Pipeline RATIS THREE PipelineID=bede97ea-03b7-4748-982f-fb30d226cb40.
2023-04-21 06:15:33,889 [Command processor thread] INFO  server.RaftServer (RaftServerProxy.java:addNew(96)) - 54e06896-f90f-443b-a024-7fd1f14ff9aa: addNew group-F55E66CD8798:[85be5e62-7272-42cb-bae2-27068f8713e2|rpc:10.1.0.35:34951|dataStream:10.1.0.35:42643|priority:1|startupRole:FOLLOWER, b2f013c4-4cfd-4a33-b24a-9a71c6bbd892|rpc:10.1.0.35:45827|dataStream:10.1.0.35:37043|priority:0|startupRole:FOLLOWER, 54e06896-f90f-443b-a024-7fd1f14ff9aa|rpc:10.1.0.35:40081|dataStream:10.1.0.35:43055|priority:0|startupRole:FOLLOWER] returns group-F55E66CD8798:java.util.concurrent.CompletableFuture@7d25ee99[Not completed]
2023-04-21 06:15:33,890 [pool-79-thread-1] INFO  server.RaftServer$Division (RaftServerImpl.java:<init>(195)) - 54e06896-f90f-443b-a024-7fd1f14ff9aa: new RaftServerImpl for group-F55E66CD8798:[85be5e62-7272-42cb-bae2-27068f8713e2|rpc:10.1.0.35:34951|dataStream:10.1.0.35:42643|priority:1|startupRole:FOLLOWER, b2f013c4-4cfd-4a33-b24a-9a71c6bbd892|rpc:10.1.0.35:45827|dataStream:10.1.0.35:37043|priority:0|startupRole:FOLLOWER, 54e06896-f90f-443b-a024-7fd1f14ff9aa|rpc:10.1.0.35:40081|dataStream:10.1.0.35:43055|priority:0|startupRole:FOLLOWER] with ContainerStateMachine:uninitialized
2023-04-21 06:15:33,890 [pool-79-thread-1] INFO  server.RaftServerConfigKeys (ConfUtils.java:logGet(46)) - raft.server.rpc.timeout.min = 5s (custom)
2023-04-21 06:15:33,890 [pool-79-thread-1] INFO  server.RaftServerConfigKeys (ConfUtils.java:logGet(46)) - raft.server.rpc.timeout.max = 5200ms (custom)
2023-04-21 06:15:33,890 [pool-79-thread-1] INFO  server.RaftServerConfigKeys (ConfUtils.java:logGet(46)) - raft.server.rpc.sleep.time = 25ms (default)
2023-04-21 06:15:33,890 [pool-79-thread-1] INFO  server.RaftServerConfigKeys (ConfUtils.java:logGet(46)) - raft.server.rpc.slowness.timeout = 300s (custom)
2023-04-21 06:15:33,890 [pool-79-thread-1] INFO  server.RaftServerConfigKeys (ConfUtils.java:logGet(46)) - raft.server.leaderelection.leader.step-down.wait-time = 10s (default)
2023-04-21 06:15:33,890 [pool-79-thread-1] INFO  server.RaftServerConfigKeys (ConfUtils.java:logGet(46)) - raft.server.sleep.deviation.threshold = 300ms (default)
2023-04-21 06:15:33,890 [pool-79-thread-1] INFO  server.RaftServer$Division (ServerState.java:<init>(118)) - 54e06896-f90f-443b-a024-7fd1f14ff9aa@group-F55E66CD8798: ConfigurationManager, init=-1: peers:[85be5e62-7272-42cb-bae2-27068f8713e2|rpc:10.1.0.35:34951|dataStream:10.1.0.35:42643|priority:1|startupRole:FOLLOWER, b2f013c4-4cfd-4a33-b24a-9a71c6bbd892|rpc:10.1.0.35:45827|dataStream:10.1.0.35:37043|priority:0|startupRole:FOLLOWER, 54e06896-f90f-443b-a024-7fd1f14ff9aa|rpc:10.1.0.35:40081|dataStream:10.1.0.35:43055|priority:0|startupRole:FOLLOWER]|listeners:[], old=null, confs=<EMPTY_MAP>
2023-04-21 06:15:33,891 [pool-79-thread-1] INFO  server.RaftServerConfigKeys (ConfUtils.java:logGet(46)) - raft.server.storage.dir = [/home/runner/work/ozone/ozone/hadoop-ozone/integration-test/target/test-dir/MiniOzoneClusterImpl-222c068d-693f-41e7-a147-5f3bf9f7a261/datanode-0/data/ratis] (custom)
2023-04-21 06:15:33,891 [pool-79-thread-1] INFO  server.RaftServerConfigKeys (ConfUtils.java:logGet(46)) - raft.server.log.corruption.policy = EXCEPTION (default)
2023-04-21 06:15:33,891 [pool-79-thread-1] INFO  server.RaftServerConfigKeys (ConfUtils.java:logGet(46)) - raft.server.storage.free-space.min = 0MB (=0) (default)
2023-04-21 06:15:33,891 [pool-79-thread-1] INFO  server.RaftServerConfigKeys (ConfUtils.java:logGet(46)) - raft.server.notification.no-leader.timeout = 300s (custom)
2023-04-21 06:15:33,891 [pool-79-thread-1] INFO  server.RaftServerConfigKeys (ConfUtils.java:logGet(46)) - raft.server.retrycache.expirytime = 600000ms (custom)
2023-04-21 06:15:33,891 [pool-79-thread-1] INFO  server.RaftServerConfigKeys (ConfUtils.java:logGet(46)) - raft.server.retrycache.statistics.expirytime = 100μs (default)
2023-04-21 06:15:33,892 [pool-79-thread-1] INFO  server.RaftServerConfigKeys (ConfUtils.java:logGet(46)) - raft.server.log.appender.install.snapshot.enabled = false (custom)
2023-04-21 06:15:33,892 [pool-79-thread-1] INFO  server.RaftServerConfigKeys (ConfUtils.java:logGet(46)) - raft.server.threadpool.server.cached = true (default)
2023-04-21 06:15:33,892 [pool-79-thread-1] INFO  server.RaftServerConfigKeys (ConfUtils.java:logGet(46)) - raft.server.threadpool.server.size = 0 (default)
2023-04-21 06:15:33,892 [pool-79-thread-1] INFO  server.RaftServerConfigKeys (ConfUtils.java:logGet(46)) - raft.server.threadpool.client.cached = true (default)
2023-04-21 06:15:33,892 [pool-79-thread-1] INFO  server.RaftServerConfigKeys (ConfUtils.java:logGet(46)) - raft.server.threadpool.client.size = 0 (default)
2023-04-21 06:15:33,892 [pool-79-thread-1] INFO  storage.RaftStorageDirectory (RaftStorageDirectoryImpl.java:analyzeStorage(137)) - The storage directory /home/runner/work/ozone/ozone/hadoop-ozone/integration-test/target/test-dir/MiniOzoneClusterImpl-222c068d-693f-41e7-a147-5f3bf9f7a261/datanode-0/data/ratis/3fa8f89f-90e6-4908-8771-f55e66cd8798 does not exist. Creating ...
2023-04-21 06:15:33,893 [pool-101-thread-1] INFO  ratis.ContainerStateMachine (ContainerStateMachine.java:loadSnapshot(262)) - group-F55E66CD8798: The snapshot info is null. Setting the last applied indexto:(t:0, i:~)
2023-04-21 06:15:33,894 [pool-101-thread-1] INFO  server.RaftServerConfigKeys (ConfUtils.java:logGet(46)) - raft.server.log.use.memory = false (default)
2023-04-21 06:15:33,894 [pool-101-thread-1] INFO  server.RaftServerConfigKeys (ConfUtils.java:logGet(46)) - raft.server.log.purge.gap = 1000000 (custom)
2023-04-21 06:15:33,895 [pool-101-thread-1] INFO  server.RaftServerConfigKeys (ConfUtils.java:logGet(46)) - raft.server.log.appender.buffer.byte-limit = 33554432 (custom)
2023-04-21 06:15:33,895 [pool-101-thread-1] INFO  server.RaftServerConfigKeys (ConfUtils.java:logGet(46)) - raft.server.log.statemachine.data.read.timeout = 1000ms (default)
2023-04-21 06:15:33,895 [pool-101-thread-1] INFO  server.RaftServerConfigKeys (ConfUtils.java:logGet(46)) - raft.server.log.purge.preservation.log.num = 0 (default)
2023-04-21 06:15:33,895 [pool-101-thread-1] INFO  server.RaftServerConfigKeys (ConfUtils.java:logGet(46)) - raft.server.log.segment.size.max = 1048576 (custom)
2023-04-21 06:15:33,895 [pool-101-thread-1] INFO  server.RaftServerConfigKeys (ConfUtils.java:logGet(46)) - raft.server.log.segment.cache.num.max = 2 (custom)
2023-04-21 06:15:33,895 [pool-101-thread-1] INFO  server.RaftServerConfigKeys (ConfUtils.java:logGet(46)) - raft.server.log.segment.cache.size.max = 200MB (=209715200) (default)
2023-04-21 06:15:33,895 [pool-101-thread-1] INFO  segmented.SegmentedRaftLogWorker (SegmentedRaftLogWorker.java:<init>(189)) - new b2f013c4-4cfd-4a33-b24a-9a71c6bbd892@group-F55E66CD8798-SegmentedRaftLogWorker for RaftStorageImpl:Storage Directory /home/runner/work/ozone/ozone/hadoop-ozone/integration-test/target/test-dir/MiniOzoneClusterImpl-222c068d-693f-41e7-a147-5f3bf9f7a261/datanode-1/data/ratis/3fa8f89f-90e6-4908-8771-f55e66cd8798
2023-04-21 06:15:33,895 [pool-101-thread-1] INFO  server.RaftServerConfigKeys (ConfUtils.java:logGet(46)) - raft.server.log.queue.byte-limit = 4294967296 (custom)
2023-04-21 06:15:33,895 [pool-101-thread-1] INFO  server.RaftServerConfigKeys (ConfUtils.java:logGet(46)) - raft.server.log.queue.element-limit = 1024 (custom)
2023-04-21 06:15:33,897 [pool-101-thread-1] INFO  server.RaftServerConfigKeys (ConfUtils.java:logGet(46)) - raft.server.log.segment.size.max = 1048576 (custom)
2023-04-21 06:15:33,898 [pool-101-thread-1] INFO  server.RaftServerConfigKeys (ConfUtils.java:logGet(46)) - raft.server.log.preallocated.size = 16384 (custom)
2023-04-21 06:15:33,898 [pool-101-thread-1] INFO  server.RaftServerConfigKeys (ConfUtils.java:logGet(46)) - raft.server.log.force.sync.num = 128 (default)
2023-04-21 06:15:33,898 [pool-101-thread-1] INFO  server.RaftServerConfigKeys (ConfUtils.java:logGet(46)) - raft.server.log.statemachine.data.sync = true (default)
2023-04-21 06:15:33,898 [pool-101-thread-1] INFO  server.RaftServerConfigKeys (ConfUtils.java:logGet(46)) - raft.server.log.statemachine.data.sync.timeout = 10s (default)
2023-04-21 06:15:33,898 [pool-101-thread-1] INFO  server.RaftServerConfigKeys (ConfUtils.java:logGet(46)) - raft.server.log.statemachine.data.sync.timeout.retry = -1 (default)
2023-04-21 06:15:33,899 [pool-101-thread-1] INFO  server.RaftServerConfigKeys (ConfUtils.java:logGet(46)) - raft.server.log.write.buffer.size = 1048576 (custom)
2023-04-21 06:15:33,896 [pool-79-thread-1] INFO  storage.RaftStorageDirectory (RaftStorageDirectoryImpl.java:tryLock(231)) - Lock on /home/runner/work/ozone/ozone/hadoop-ozone/integration-test/target/test-dir/MiniOzoneClusterImpl-222c068d-693f-41e7-a147-5f3bf9f7a261/datanode-0/data/ratis/3fa8f89f-90e6-4908-8771-f55e66cd8798/in_use.lock acquired by nodename 2764@fv-az205-422
2023-04-21 06:15:33,895 [EventQueue-OpenPipelineForHealthyPipelineSafeModeRule] INFO  safemode.SCMSafeModeManager (HealthyPipelineSafeModeRule.java:process(137)) - SCM in safe mode. Healthy pipelines reported count is 0, required healthy pipeline reported count is 1
2023-04-21 06:15:33,901 [pool-101-thread-1] INFO  server.RaftServerConfigKeys (ConfUtils.java:logGet(46)) - raft.server.log.appender.buffer.byte-limit = 33554432 (custom)
2023-04-21 06:15:33,901 [pool-79-thread-1] INFO  storage.RaftStorage (RaftStorageImpl.java:format(96)) - Storage directory /home/runner/work/ozone/ozone/hadoop-ozone/integration-test/target/test-dir/MiniOzoneClusterImpl-222c068d-693f-41e7-a147-5f3bf9f7a261/datanode-0/data/ratis/3fa8f89f-90e6-4908-8771-f55e66cd8798 has been successfully formatted.
2023-04-21 06:15:33,901 [pool-79-thread-1] INFO  ratis.ContainerStateMachine (ContainerStateMachine.java:loadSnapshot(262)) - group-F55E66CD8798: The snapshot info is null. Setting the last applied indexto:(t:0, i:~)
2023-04-21 06:15:33,901 [pool-79-thread-1] INFO  server.RaftServerConfigKeys (ConfUtils.java:logGet(46)) - raft.server.log.use.memory = false (default)
2023-04-21 06:15:33,901 [pool-79-thread-1] INFO  server.RaftServerConfigKeys (ConfUtils.java:logGet(46)) - raft.server.log.purge.gap = 1000000 (custom)
2023-04-21 06:15:33,901 [pool-79-thread-1] INFO  server.RaftServerConfigKeys (ConfUtils.java:logGet(46)) - raft.server.log.appender.buffer.byte-limit = 33554432 (custom)
2023-04-21 06:15:33,901 [pool-79-thread-1] INFO  server.RaftServerConfigKeys (ConfUtils.java:logGet(46)) - raft.server.log.statemachine.data.read.timeout = 1000ms (default)
2023-04-21 06:15:33,902 [pool-79-thread-1] INFO  server.RaftServerConfigKeys (ConfUtils.java:logGet(46)) - raft.server.log.purge.preservation.log.num = 0 (default)
2023-04-21 06:15:33,902 [pool-79-thread-1] INFO  server.RaftServerConfigKeys (ConfUtils.java:logGet(46)) - raft.server.log.segment.size.max = 1048576 (custom)
2023-04-21 06:15:33,902 [pool-79-thread-1] INFO  server.RaftServerConfigKeys (ConfUtils.java:logGet(46)) - raft.server.log.segment.cache.num.max = 2 (custom)
2023-04-21 06:15:33,902 [pool-79-thread-1] INFO  server.RaftServerConfigKeys (ConfUtils.java:logGet(46)) - raft.server.log.segment.cache.size.max = 200MB (=209715200) (default)
2023-04-21 06:15:33,902 [pool-79-thread-1] INFO  segmented.SegmentedRaftLogWorker (SegmentedRaftLogWorker.java:<init>(189)) - new 54e06896-f90f-443b-a024-7fd1f14ff9aa@group-F55E66CD8798-SegmentedRaftLogWorker for RaftStorageImpl:Storage Directory /home/runner/work/ozone/ozone/hadoop-ozone/integration-test/target/test-dir/MiniOzoneClusterImpl-222c068d-693f-41e7-a147-5f3bf9f7a261/datanode-0/data/ratis/3fa8f89f-90e6-4908-8771-f55e66cd8798
2023-04-21 06:15:33,902 [pool-79-thread-1] INFO  server.RaftServerConfigKeys (ConfUtils.java:logGet(46)) - raft.server.log.queue.byte-limit = 4294967296 (custom)
2023-04-21 06:15:33,902 [pool-79-thread-1] INFO  server.RaftServerConfigKeys (ConfUtils.java:logGet(46)) - raft.server.log.queue.element-limit = 1024 (custom)
2023-04-21 06:15:33,902 [pool-79-thread-1] INFO  server.RaftServerConfigKeys (ConfUtils.java:logGet(46)) - raft.server.log.segment.size.max = 1048576 (custom)
2023-04-21 06:15:33,902 [pool-79-thread-1] INFO  server.RaftServerConfigKeys (ConfUtils.java:logGet(46)) - raft.server.log.preallocated.size = 16384 (custom)
2023-04-21 06:15:33,902 [pool-79-thread-1] INFO  server.RaftServerConfigKeys (ConfUtils.java:logGet(46)) - raft.server.log.force.sync.num = 128 (default)
2023-04-21 06:15:33,903 [pool-79-thread-1] INFO  server.RaftServerConfigKeys (ConfUtils.java:logGet(46)) - raft.server.log.statemachine.data.sync = true (default)
2023-04-21 06:15:33,903 [pool-79-thread-1] INFO  server.RaftServerConfigKeys (ConfUtils.java:logGet(46)) - raft.server.log.statemachine.data.sync.timeout = 10s (default)
2023-04-21 06:15:33,903 [pool-79-thread-1] INFO  server.RaftServerConfigKeys (ConfUtils.java:logGet(46)) - raft.server.log.statemachine.data.sync.timeout.retry = -1 (default)
2023-04-21 06:15:33,906 [EventQueue-OpenPipelineForHealthyPipelineSafeModeRule] INFO  safemode.SCMSafeModeManager (HealthyPipelineSafeModeRule.java:process(137)) - SCM in safe mode. Healthy pipelines reported count is 0, required healthy pipeline reported count is 1
2023-04-21 06:15:33,906 [pool-79-thread-1] INFO  server.RaftServerConfigKeys (ConfUtils.java:logGet(46)) - raft.server.log.write.buffer.size = 1048576 (custom)
2023-04-21 06:15:33,906 [pool-79-thread-1] INFO  server.RaftServerConfigKeys (ConfUtils.java:logGet(46)) - raft.server.log.appender.buffer.byte-limit = 33554432 (custom)
2023-04-21 06:15:33,911 [pool-79-thread-1] INFO  server.RaftServerConfigKeys (ConfUtils.java:logGet(46)) - raft.server.log.unsafe-flush.enabled = false (default)
2023-04-21 06:15:33,911 [pool-79-thread-1] INFO  server.RaftServerConfigKeys (ConfUtils.java:logGet(46)) - raft.server.log.async-flush.enabled = false (default)
2023-04-21 06:15:33,911 [pool-79-thread-1] INFO  server.RaftServerConfigKeys (ConfUtils.java:logGet(46)) - raft.server.log.statemachine.data.caching.enabled = true (custom)
2023-04-21 06:15:33,911 [pool-79-thread-1] INFO  segmented.SegmentedRaftLogWorker (SegmentedRaftLogWorker.java:lambda$new$0(135)) - 54e06896-f90f-443b-a024-7fd1f14ff9aa@group-F55E66CD8798-SegmentedRaftLogWorker: flushIndex: setUnconditionally 0 -> -1
2023-04-21 06:15:33,911 [pool-79-thread-1] INFO  segmented.SegmentedRaftLogWorker (SegmentedRaftLogWorker.java:lambda$new$0(135)) - 54e06896-f90f-443b-a024-7fd1f14ff9aa@group-F55E66CD8798-SegmentedRaftLogWorker: safeCacheEvictIndex: setUnconditionally 0 -> -1
2023-04-21 06:15:33,914 [pool-101-thread-1] INFO  server.RaftServerConfigKeys (ConfUtils.java:logGet(46)) - raft.server.log.unsafe-flush.enabled = false (default)
2023-04-21 06:15:33,914 [pool-101-thread-1] INFO  server.RaftServerConfigKeys (ConfUtils.java:logGet(46)) - raft.server.log.async-flush.enabled = false (default)
2023-04-21 06:15:33,914 [pool-101-thread-1] INFO  server.RaftServerConfigKeys (ConfUtils.java:logGet(46)) - raft.server.log.statemachine.data.caching.enabled = true (custom)
2023-04-21 06:15:33,914 [pool-101-thread-1] INFO  segmented.SegmentedRaftLogWorker (SegmentedRaftLogWorker.java:lambda$new$0(135)) - b2f013c4-4cfd-4a33-b24a-9a71c6bbd892@group-F55E66CD8798-SegmentedRaftLogWorker: flushIndex: setUnconditionally 0 -> -1
2023-04-21 06:15:33,914 [pool-101-thread-1] INFO  segmented.SegmentedRaftLogWorker (SegmentedRaftLogWorker.java:lambda$new$0(135)) - b2f013c4-4cfd-4a33-b24a-9a71c6bbd892@group-F55E66CD8798-SegmentedRaftLogWorker: safeCacheEvictIndex: setUnconditionally 0 -> -1
2023-04-21 06:15:33,914 [pool-79-thread-1] INFO  server.RaftServer$Division (RaftServerImpl.java:start(334)) - 54e06896-f90f-443b-a024-7fd1f14ff9aa@group-F55E66CD8798: start as a follower, conf=-1: peers:[85be5e62-7272-42cb-bae2-27068f8713e2|rpc:10.1.0.35:34951|dataStream:10.1.0.35:42643|priority:1|startupRole:FOLLOWER, b2f013c4-4cfd-4a33-b24a-9a71c6bbd892|rpc:10.1.0.35:45827|dataStream:10.1.0.35:37043|priority:0|startupRole:FOLLOWER, 54e06896-f90f-443b-a024-7fd1f14ff9aa|rpc:10.1.0.35:40081|dataStream:10.1.0.35:43055|priority:0|startupRole:FOLLOWER]|listeners:[], old=null
2023-04-21 06:15:33,914 [pool-79-thread-1] INFO  server.RaftServer$Division (RaftServerImpl.java:setRole(321)) - 54e06896-f90f-443b-a024-7fd1f14ff9aa@group-F55E66CD8798: changes role from      null to FOLLOWER at term 0 for startAsFollower
2023-04-21 06:15:33,914 [pool-79-thread-1] INFO  impl.RoleInfo (RoleInfo.java:updateAndGet(139)) - 54e06896-f90f-443b-a024-7fd1f14ff9aa: start 54e06896-f90f-443b-a024-7fd1f14ff9aa@group-F55E66CD8798-FollowerState
2023-04-21 06:15:33,915 [pool-79-thread-1] INFO  util.JmxRegister (JmxRegister.java:tryRegister(44)) - Successfully registered JMX Bean with object name Ratis:service=RaftServer,group=group-F55E66CD8798,id=54e06896-f90f-443b-a024-7fd1f14ff9aa
2023-04-21 06:15:33,915 [pool-79-thread-1] INFO  server.RaftServerConfigKeys (ConfUtils.java:logGet(46)) - raft.server.snapshot.auto.trigger.enabled = true (custom)
2023-04-21 06:15:33,915 [pool-79-thread-1] INFO  server.RaftServerConfigKeys (ConfUtils.java:logGet(46)) - raft.server.snapshot.auto.trigger.threshold = 10000 (custom)
2023-04-21 06:15:33,915 [pool-79-thread-1] INFO  server.RaftServerConfigKeys (ConfUtils.java:logGet(46)) - raft.server.snapshot.retention.file.num = 5 (custom)
2023-04-21 06:15:33,915 [pool-79-thread-1] INFO  server.RaftServerConfigKeys (ConfUtils.java:logGet(46)) - raft.server.log.purge.upto.snapshot.index = false (default)
2023-04-21 06:15:33,915 [54e06896-f90f-443b-a024-7fd1f14ff9aa@group-F55E66CD8798-FollowerState] INFO  server.RaftServerConfigKeys (ConfUtils.java:logFallback(53)) - raft.server.rpc.first-election.timeout.min = 5s (fallback to raft.server.rpc.timeout.min)
2023-04-21 06:15:33,917 [54e06896-f90f-443b-a024-7fd1f14ff9aa@group-F55E66CD8798-FollowerState] INFO  server.RaftServerConfigKeys (ConfUtils.java:logFallback(53)) - raft.server.rpc.first-election.timeout.max = 5200ms (fallback to raft.server.rpc.timeout.max)
2023-04-21 06:15:33,916 [Command processor thread] INFO  ratis.XceiverServerRatis (XceiverServerRatis.java:addGroup(806)) - Created group PipelineID=3fa8f89f-90e6-4908-8771-f55e66cd8798
2023-04-21 06:15:33,917 [pool-101-thread-1] INFO  server.RaftServer$Division (RaftServerImpl.java:start(334)) - b2f013c4-4cfd-4a33-b24a-9a71c6bbd892@group-F55E66CD8798: start as a follower, conf=-1: peers:[85be5e62-7272-42cb-bae2-27068f8713e2|rpc:10.1.0.35:34951|dataStream:10.1.0.35:42643|priority:1|startupRole:FOLLOWER, b2f013c4-4cfd-4a33-b24a-9a71c6bbd892|rpc:10.1.0.35:45827|dataStream:10.1.0.35:37043|priority:0|startupRole:FOLLOWER, 54e06896-f90f-443b-a024-7fd1f14ff9aa|rpc:10.1.0.35:40081|dataStream:10.1.0.35:43055|priority:0|startupRole:FOLLOWER]|listeners:[], old=null
2023-04-21 06:15:33,921 [pool-101-thread-1] INFO  server.RaftServer$Division (RaftServerImpl.java:setRole(321)) - b2f013c4-4cfd-4a33-b24a-9a71c6bbd892@group-F55E66CD8798: changes role from      null to FOLLOWER at term 0 for startAsFollower
2023-04-21 06:15:33,921 [pool-101-thread-1] INFO  impl.RoleInfo (RoleInfo.java:updateAndGet(139)) - b2f013c4-4cfd-4a33-b24a-9a71c6bbd892: start b2f013c4-4cfd-4a33-b24a-9a71c6bbd892@group-F55E66CD8798-FollowerState
2023-04-21 06:15:33,922 [pool-101-thread-1] INFO  util.JmxRegister (JmxRegister.java:tryRegister(44)) - Successfully registered JMX Bean with object name Ratis:service=RaftServer,group=group-F55E66CD8798,id=b2f013c4-4cfd-4a33-b24a-9a71c6bbd892
2023-04-21 06:15:33,922 [b2f013c4-4cfd-4a33-b24a-9a71c6bbd892@group-F55E66CD8798-FollowerState] INFO  server.RaftServerConfigKeys (ConfUtils.java:logFallback(53)) - raft.server.rpc.first-election.timeout.min = 5s (fallback to raft.server.rpc.timeout.min)
2023-04-21 06:15:33,922 [pool-101-thread-1] INFO  server.RaftServerConfigKeys (ConfUtils.java:logGet(46)) - raft.server.snapshot.auto.trigger.enabled = true (custom)
2023-04-21 06:15:33,929 [b2f013c4-4cfd-4a33-b24a-9a71c6bbd892@group-F55E66CD8798-FollowerState] INFO  server.RaftServerConfigKeys (ConfUtils.java:logFallback(53)) - raft.server.rpc.first-election.timeout.max = 5200ms (fallback to raft.server.rpc.timeout.max)
2023-04-21 06:15:33,929 [pool-101-thread-1] INFO  server.RaftServerConfigKeys (ConfUtils.java:logGet(46)) - raft.server.snapshot.auto.trigger.threshold = 10000 (custom)
2023-04-21 06:15:33,929 [pool-101-thread-1] INFO  server.RaftServerConfigKeys (ConfUtils.java:logGet(46)) - raft.server.snapshot.retention.file.num = 5 (custom)
2023-04-21 06:15:33,929 [pool-101-thread-1] INFO  server.RaftServerConfigKeys (ConfUtils.java:logGet(46)) - raft.server.log.purge.upto.snapshot.index = false (default)
2023-04-21 06:15:33,930 [Command processor thread] INFO  ratis.XceiverServerRatis (XceiverServerRatis.java:addGroup(806)) - Created group PipelineID=3fa8f89f-90e6-4908-8771-f55e66cd8798
2023-04-21 06:15:33,957 [grpc-default-executor-1] INFO  server.RaftServer (RaftServerProxy.java:addNew(96)) - 85be5e62-7272-42cb-bae2-27068f8713e2: addNew group-F55E66CD8798:[85be5e62-7272-42cb-bae2-27068f8713e2|rpc:10.1.0.35:34951|dataStream:10.1.0.35:42643|priority:1|startupRole:FOLLOWER, b2f013c4-4cfd-4a33-b24a-9a71c6bbd892|rpc:10.1.0.35:45827|dataStream:10.1.0.35:37043|priority:0|startupRole:FOLLOWER, 54e06896-f90f-443b-a024-7fd1f14ff9aa|rpc:10.1.0.35:40081|dataStream:10.1.0.35:43055|priority:0|startupRole:FOLLOWER] returns group-F55E66CD8798:java.util.concurrent.CompletableFuture@1ed306b5[Not completed]
2023-04-21 06:15:33,959 [pool-123-thread-1] INFO  server.RaftServer$Division (RaftServerImpl.java:<init>(195)) - 85be5e62-7272-42cb-bae2-27068f8713e2: new RaftServerImpl for group-F55E66CD8798:[85be5e62-7272-42cb-bae2-27068f8713e2|rpc:10.1.0.35:34951|dataStream:10.1.0.35:42643|priority:1|startupRole:FOLLOWER, b2f013c4-4cfd-4a33-b24a-9a71c6bbd892|rpc:10.1.0.35:45827|dataStream:10.1.0.35:37043|priority:0|startupRole:FOLLOWER, 54e06896-f90f-443b-a024-7fd1f14ff9aa|rpc:10.1.0.35:40081|dataStream:10.1.0.35:43055|priority:0|startupRole:FOLLOWER] with ContainerStateMachine:uninitialized
2023-04-21 06:15:33,959 [pool-123-thread-1] INFO  server.RaftServerConfigKeys (ConfUtils.java:logGet(46)) - raft.server.rpc.timeout.min = 5s (custom)
2023-04-21 06:15:33,960 [pool-123-thread-1] INFO  server.RaftServerConfigKeys (ConfUtils.java:logGet(46)) - raft.server.rpc.timeout.max = 5200ms (custom)
2023-04-21 06:15:33,960 [pool-123-thread-1] INFO  server.RaftServerConfigKeys (ConfUtils.java:logGet(46)) - raft.server.rpc.sleep.time = 25ms (default)
2023-04-21 06:15:33,960 [pool-123-thread-1] INFO  server.RaftServerConfigKeys (ConfUtils.java:logGet(46)) - raft.server.rpc.slowness.timeout = 300s (custom)
2023-04-21 06:15:33,961 [pool-123-thread-1] INFO  server.RaftServerConfigKeys (ConfUtils.java:logGet(46)) - raft.server.leaderelection.leader.step-down.wait-time = 10s (default)
2023-04-21 06:15:33,961 [pool-123-thread-1] INFO  server.RaftServerConfigKeys (ConfUtils.java:logGet(46)) - raft.server.sleep.deviation.threshold = 300ms (default)
2023-04-21 06:15:33,961 [pool-123-thread-1] INFO  server.RaftServer$Division (ServerState.java:<init>(118)) - 85be5e62-7272-42cb-bae2-27068f8713e2@group-F55E66CD8798: ConfigurationManager, init=-1: peers:[85be5e62-7272-42cb-bae2-27068f8713e2|rpc:10.1.0.35:34951|dataStream:10.1.0.35:42643|priority:1|startupRole:FOLLOWER, b2f013c4-4cfd-4a33-b24a-9a71c6bbd892|rpc:10.1.0.35:45827|dataStream:10.1.0.35:37043|priority:0|startupRole:FOLLOWER, 54e06896-f90f-443b-a024-7fd1f14ff9aa|rpc:10.1.0.35:40081|dataStream:10.1.0.35:43055|priority:0|startupRole:FOLLOWER]|listeners:[], old=null, confs=<EMPTY_MAP>
2023-04-21 06:15:33,961 [pool-123-thread-1] INFO  server.RaftServerConfigKeys (ConfUtils.java:logGet(46)) - raft.server.storage.dir = [/home/runner/work/ozone/ozone/hadoop-ozone/integration-test/target/test-dir/MiniOzoneClusterImpl-222c068d-693f-41e7-a147-5f3bf9f7a261/datanode-2/data/ratis] (custom)
2023-04-21 06:15:33,961 [pool-123-thread-1] INFO  server.RaftServerConfigKeys (ConfUtils.java:logGet(46)) - raft.server.log.corruption.policy = EXCEPTION (default)
2023-04-21 06:15:33,961 [pool-123-thread-1] INFO  server.RaftServerConfigKeys (ConfUtils.java:logGet(46)) - raft.server.storage.free-space.min = 0MB (=0) (default)
2023-04-21 06:15:33,961 [pool-123-thread-1] INFO  server.RaftServerConfigKeys (ConfUtils.java:logGet(46)) - raft.server.notification.no-leader.timeout = 300s (custom)
2023-04-21 06:15:33,961 [pool-123-thread-1] INFO  server.RaftServerConfigKeys (ConfUtils.java:logGet(46)) - raft.server.retrycache.expirytime = 600000ms (custom)
2023-04-21 06:15:33,961 [pool-123-thread-1] INFO  server.RaftServerConfigKeys (ConfUtils.java:logGet(46)) - raft.server.retrycache.statistics.expirytime = 100μs (default)
2023-04-21 06:15:33,965 [pool-123-thread-1] INFO  server.RaftServerConfigKeys (ConfUtils.java:logGet(46)) - raft.server.log.appender.install.snapshot.enabled = false (custom)
2023-04-21 06:15:33,965 [pool-123-thread-1] INFO  server.RaftServerConfigKeys (ConfUtils.java:logGet(46)) - raft.server.threadpool.server.cached = true (default)
2023-04-21 06:15:33,965 [pool-123-thread-1] INFO  server.RaftServerConfigKeys (ConfUtils.java:logGet(46)) - raft.server.threadpool.server.size = 0 (default)
2023-04-21 06:15:33,965 [pool-123-thread-1] INFO  server.RaftServerConfigKeys (ConfUtils.java:logGet(46)) - raft.server.threadpool.client.cached = true (default)
2023-04-21 06:15:33,965 [pool-123-thread-1] INFO  server.RaftServerConfigKeys (ConfUtils.java:logGet(46)) - raft.server.threadpool.client.size = 0 (default)
2023-04-21 06:15:33,965 [pool-123-thread-1] INFO  storage.RaftStorageDirectory (RaftStorageDirectoryImpl.java:analyzeStorage(137)) - The storage directory /home/runner/work/ozone/ozone/hadoop-ozone/integration-test/target/test-dir/MiniOzoneClusterImpl-222c068d-693f-41e7-a147-5f3bf9f7a261/datanode-2/data/ratis/3fa8f89f-90e6-4908-8771-f55e66cd8798 does not exist. Creating ...
2023-04-21 06:15:33,967 [pool-123-thread-1] INFO  storage.RaftStorageDirectory (RaftStorageDirectoryImpl.java:tryLock(231)) - Lock on /home/runner/work/ozone/ozone/hadoop-ozone/integration-test/target/test-dir/MiniOzoneClusterImpl-222c068d-693f-41e7-a147-5f3bf9f7a261/datanode-2/data/ratis/3fa8f89f-90e6-4908-8771-f55e66cd8798/in_use.lock acquired by nodename 2764@fv-az205-422
2023-04-21 06:15:33,969 [pool-123-thread-1] INFO  storage.RaftStorage (RaftStorageImpl.java:format(96)) - Storage directory /home/runner/work/ozone/ozone/hadoop-ozone/integration-test/target/test-dir/MiniOzoneClusterImpl-222c068d-693f-41e7-a147-5f3bf9f7a261/datanode-2/data/ratis/3fa8f89f-90e6-4908-8771-f55e66cd8798 has been successfully formatted.
2023-04-21 06:15:33,970 [pool-123-thread-1] INFO  ratis.ContainerStateMachine (ContainerStateMachine.java:loadSnapshot(262)) - group-F55E66CD8798: The snapshot info is null. Setting the last applied indexto:(t:0, i:~)
2023-04-21 06:15:33,970 [pool-123-thread-1] INFO  server.RaftServerConfigKeys (ConfUtils.java:logGet(46)) - raft.server.log.use.memory = false (default)
2023-04-21 06:15:33,970 [pool-123-thread-1] INFO  server.RaftServerConfigKeys (ConfUtils.java:logGet(46)) - raft.server.log.purge.gap = 1000000 (custom)
2023-04-21 06:15:33,971 [pool-123-thread-1] INFO  server.RaftServerConfigKeys (ConfUtils.java:logGet(46)) - raft.server.log.appender.buffer.byte-limit = 33554432 (custom)
2023-04-21 06:15:33,971 [pool-123-thread-1] INFO  server.RaftServerConfigKeys (ConfUtils.java:logGet(46)) - raft.server.log.statemachine.data.read.timeout = 1000ms (default)
2023-04-21 06:15:33,971 [pool-123-thread-1] INFO  server.RaftServerConfigKeys (ConfUtils.java:logGet(46)) - raft.server.log.purge.preservation.log.num = 0 (default)
2023-04-21 06:15:33,971 [pool-123-thread-1] INFO  server.RaftServerConfigKeys (ConfUtils.java:logGet(46)) - raft.server.log.segment.size.max = 1048576 (custom)
2023-04-21 06:15:33,972 [pool-123-thread-1] INFO  server.RaftServerConfigKeys (ConfUtils.java:logGet(46)) - raft.server.log.segment.cache.num.max = 2 (custom)
2023-04-21 06:15:33,972 [pool-123-thread-1] INFO  server.RaftServerConfigKeys (ConfUtils.java:logGet(46)) - raft.server.log.segment.cache.size.max = 200MB (=209715200) (default)
2023-04-21 06:15:33,972 [pool-123-thread-1] INFO  segmented.SegmentedRaftLogWorker (SegmentedRaftLogWorker.java:<init>(189)) - new 85be5e62-7272-42cb-bae2-27068f8713e2@group-F55E66CD8798-SegmentedRaftLogWorker for RaftStorageImpl:Storage Directory /home/runner/work/ozone/ozone/hadoop-ozone/integration-test/target/test-dir/MiniOzoneClusterImpl-222c068d-693f-41e7-a147-5f3bf9f7a261/datanode-2/data/ratis/3fa8f89f-90e6-4908-8771-f55e66cd8798
2023-04-21 06:15:33,972 [pool-123-thread-1] INFO  server.RaftServerConfigKeys (ConfUtils.java:logGet(46)) - raft.server.log.queue.byte-limit = 4294967296 (custom)
2023-04-21 06:15:33,972 [pool-123-thread-1] INFO  server.RaftServerConfigKeys (ConfUtils.java:logGet(46)) - raft.server.log.queue.element-limit = 1024 (custom)
2023-04-21 06:15:33,972 [pool-123-thread-1] INFO  server.RaftServerConfigKeys (ConfUtils.java:logGet(46)) - raft.server.log.segment.size.max = 1048576 (custom)
2023-04-21 06:15:33,972 [pool-123-thread-1] INFO  server.RaftServerConfigKeys (ConfUtils.java:logGet(46)) - raft.server.log.preallocated.size = 16384 (custom)
2023-04-21 06:15:33,972 [pool-123-thread-1] INFO  server.RaftServerConfigKeys (ConfUtils.java:logGet(46)) - raft.server.log.force.sync.num = 128 (default)
2023-04-21 06:15:33,973 [pool-123-thread-1] INFO  server.RaftServerConfigKeys (ConfUtils.java:logGet(46)) - raft.server.log.statemachine.data.sync = true (default)
2023-04-21 06:15:33,973 [pool-123-thread-1] INFO  server.RaftServerConfigKeys (ConfUtils.java:logGet(46)) - raft.server.log.statemachine.data.sync.timeout = 10s (default)
2023-04-21 06:15:33,973 [pool-123-thread-1] INFO  server.RaftServerConfigKeys (ConfUtils.java:logGet(46)) - raft.server.log.statemachine.data.sync.timeout.retry = -1 (default)
2023-04-21 06:15:33,974 [pool-123-thread-1] INFO  server.RaftServerConfigKeys (ConfUtils.java:logGet(46)) - raft.server.log.write.buffer.size = 1048576 (custom)
2023-04-21 06:15:33,974 [pool-123-thread-1] INFO  server.RaftServerConfigKeys (ConfUtils.java:logGet(46)) - raft.server.log.appender.buffer.byte-limit = 33554432 (custom)
2023-04-21 06:15:33,979 [pool-123-thread-1] INFO  server.RaftServerConfigKeys (ConfUtils.java:logGet(46)) - raft.server.log.unsafe-flush.enabled = false (default)
2023-04-21 06:15:33,979 [pool-123-thread-1] INFO  server.RaftServerConfigKeys (ConfUtils.java:logGet(46)) - raft.server.log.async-flush.enabled = false (default)
2023-04-21 06:15:33,979 [pool-123-thread-1] INFO  server.RaftServerConfigKeys (ConfUtils.java:logGet(46)) - raft.server.log.statemachine.data.caching.enabled = true (custom)
2023-04-21 06:15:33,980 [pool-123-thread-1] INFO  segmented.SegmentedRaftLogWorker (SegmentedRaftLogWorker.java:lambda$new$0(135)) - 85be5e62-7272-42cb-bae2-27068f8713e2@group-F55E66CD8798-SegmentedRaftLogWorker: flushIndex: setUnconditionally 0 -> -1
2023-04-21 06:15:33,980 [pool-123-thread-1] INFO  segmented.SegmentedRaftLogWorker (SegmentedRaftLogWorker.java:lambda$new$0(135)) - 85be5e62-7272-42cb-bae2-27068f8713e2@group-F55E66CD8798-SegmentedRaftLogWorker: safeCacheEvictIndex: setUnconditionally 0 -> -1
2023-04-21 06:15:33,980 [pool-123-thread-1] INFO  server.RaftServer$Division (RaftServerImpl.java:start(334)) - 85be5e62-7272-42cb-bae2-27068f8713e2@group-F55E66CD8798: start as a follower, conf=-1: peers:[85be5e62-7272-42cb-bae2-27068f8713e2|rpc:10.1.0.35:34951|dataStream:10.1.0.35:42643|priority:1|startupRole:FOLLOWER, b2f013c4-4cfd-4a33-b24a-9a71c6bbd892|rpc:10.1.0.35:45827|dataStream:10.1.0.35:37043|priority:0|startupRole:FOLLOWER, 54e06896-f90f-443b-a024-7fd1f14ff9aa|rpc:10.1.0.35:40081|dataStream:10.1.0.35:43055|priority:0|startupRole:FOLLOWER]|listeners:[], old=null
2023-04-21 06:15:33,980 [pool-123-thread-1] INFO  server.RaftServer$Division (RaftServerImpl.java:setRole(321)) - 85be5e62-7272-42cb-bae2-27068f8713e2@group-F55E66CD8798: changes role from      null to FOLLOWER at term 0 for startAsFollower
2023-04-21 06:15:33,980 [pool-123-thread-1] INFO  impl.RoleInfo (RoleInfo.java:updateAndGet(139)) - 85be5e62-7272-42cb-bae2-27068f8713e2: start 85be5e62-7272-42cb-bae2-27068f8713e2@group-F55E66CD8798-FollowerState
2023-04-21 06:15:33,986 [pool-123-thread-1] INFO  util.JmxRegister (JmxRegister.java:tryRegister(44)) - Successfully registered JMX Bean with object name Ratis:service=RaftServer,group=group-F55E66CD8798,id=85be5e62-7272-42cb-bae2-27068f8713e2
2023-04-21 06:15:33,986 [pool-123-thread-1] INFO  server.RaftServerConfigKeys (ConfUtils.java:logGet(46)) - raft.server.snapshot.auto.trigger.enabled = true (custom)
2023-04-21 06:15:33,986 [pool-123-thread-1] INFO  server.RaftServerConfigKeys (ConfUtils.java:logGet(46)) - raft.server.snapshot.auto.trigger.threshold = 10000 (custom)
2023-04-21 06:15:33,986 [pool-123-thread-1] INFO  server.RaftServerConfigKeys (ConfUtils.java:logGet(46)) - raft.server.snapshot.retention.file.num = 5 (custom)
2023-04-21 06:15:33,986 [pool-123-thread-1] INFO  server.RaftServerConfigKeys (ConfUtils.java:logGet(46)) - raft.server.log.purge.upto.snapshot.index = false (default)
2023-04-21 06:15:33,987 [85be5e62-7272-42cb-bae2-27068f8713e2@group-F55E66CD8798-FollowerState] INFO  server.RaftServerConfigKeys (ConfUtils.java:logFallback(53)) - raft.server.rpc.first-election.timeout.min = 5s (fallback to raft.server.rpc.timeout.min)
2023-04-21 06:15:34,000 [Command processor thread] INFO  commandhandler.CreatePipelineCommandHandler (CreatePipelineCommandHandler.java:handle(113)) - Created Pipeline RATIS THREE PipelineID=3fa8f89f-90e6-4908-8771-f55e66cd8798.
2023-04-21 06:15:34,006 [85be5e62-7272-42cb-bae2-27068f8713e2@group-F55E66CD8798-FollowerState] INFO  server.RaftServerConfigKeys (ConfUtils.java:logFallback(53)) - raft.server.rpc.first-election.timeout.max = 5200ms (fallback to raft.server.rpc.timeout.max)
2023-04-21 06:15:34,006 [Command processor thread] INFO  server.RaftServer (RaftServerProxy.java:addNew(96)) - 85be5e62-7272-42cb-bae2-27068f8713e2: addNew group-F8B97ACD73F9:[85be5e62-7272-42cb-bae2-27068f8713e2|rpc:10.1.0.35:34951|dataStream:10.1.0.35:42643|priority:1|startupRole:FOLLOWER] returns group-F8B97ACD73F9:java.util.concurrent.CompletableFuture@764353b3[Not completed]
2023-04-21 06:15:34,007 [pool-123-thread-1] INFO  server.RaftServer$Division (RaftServerImpl.java:<init>(195)) - 85be5e62-7272-42cb-bae2-27068f8713e2: new RaftServerImpl for group-F8B97ACD73F9:[85be5e62-7272-42cb-bae2-27068f8713e2|rpc:10.1.0.35:34951|dataStream:10.1.0.35:42643|priority:1|startupRole:FOLLOWER] with ContainerStateMachine:uninitialized
2023-04-21 06:15:34,008 [pool-123-thread-1] INFO  server.RaftServerConfigKeys (ConfUtils.java:logGet(46)) - raft.server.rpc.timeout.min = 5s (custom)
2023-04-21 06:15:34,008 [pool-123-thread-1] INFO  server.RaftServerConfigKeys (ConfUtils.java:logGet(46)) - raft.server.rpc.timeout.max = 5200ms (custom)
2023-04-21 06:15:34,008 [pool-123-thread-1] INFO  server.RaftServerConfigKeys (ConfUtils.java:logGet(46)) - raft.server.rpc.sleep.time = 25ms (default)
2023-04-21 06:15:34,008 [pool-123-thread-1] INFO  server.RaftServerConfigKeys (ConfUtils.java:logGet(46)) - raft.server.rpc.slowness.timeout = 300s (custom)
2023-04-21 06:15:34,008 [pool-123-thread-1] INFO  server.RaftServerConfigKeys (ConfUtils.java:logGet(46)) - raft.server.leaderelection.leader.step-down.wait-time = 10s (default)
2023-04-21 06:15:34,008 [pool-123-thread-1] INFO  server.RaftServerConfigKeys (ConfUtils.java:logGet(46)) - raft.server.sleep.deviation.threshold = 300ms (default)
2023-04-21 06:15:34,008 [pool-123-thread-1] INFO  server.RaftServer$Division (ServerState.java:<init>(118)) - 85be5e62-7272-42cb-bae2-27068f8713e2@group-F8B97ACD73F9: ConfigurationManager, init=-1: peers:[85be5e62-7272-42cb-bae2-27068f8713e2|rpc:10.1.0.35:34951|dataStream:10.1.0.35:42643|priority:1|startupRole:FOLLOWER]|listeners:[], old=null, confs=<EMPTY_MAP>
2023-04-21 06:15:34,008 [pool-123-thread-1] INFO  server.RaftServerConfigKeys (ConfUtils.java:logGet(46)) - raft.server.storage.dir = [/home/runner/work/ozone/ozone/hadoop-ozone/integration-test/target/test-dir/MiniOzoneClusterImpl-222c068d-693f-41e7-a147-5f3bf9f7a261/datanode-2/data/ratis] (custom)
2023-04-21 06:15:34,008 [pool-123-thread-1] INFO  server.RaftServerConfigKeys (ConfUtils.java:logGet(46)) - raft.server.log.corruption.policy = EXCEPTION (default)
2023-04-21 06:15:34,008 [Listener at 127.0.0.1/39531] INFO  ozone.MiniOzoneClusterImpl (MiniOzoneClusterImpl.java:lambda$waitForClusterToBeReady$0(223)) - Nodes are ready. Got 3 of 3 DN Heartbeats.
2023-04-21 06:15:34,008 [Listener at 127.0.0.1/39531] INFO  ozone.MiniOzoneClusterImpl (MiniOzoneClusterImpl.java:lambda$waitForClusterToBeReady$0(226)) - Waiting for cluster to exit safe mode
2023-04-21 06:15:34,008 [Listener at 127.0.0.1/39531] INFO  ozone.MiniOzoneClusterImpl (MiniOzoneClusterImpl.java:lambda$waitForClusterToBeReady$0(228)) - SCM became leader
2023-04-21 06:15:34,008 [pool-123-thread-1] INFO  server.RaftServerConfigKeys (ConfUtils.java:logGet(46)) - raft.server.storage.free-space.min = 0MB (=0) (default)
2023-04-21 06:15:34,009 [pool-123-thread-1] INFO  server.RaftServerConfigKeys (ConfUtils.java:logGet(46)) - raft.server.notification.no-leader.timeout = 300s (custom)
2023-04-21 06:15:34,009 [pool-123-thread-1] INFO  server.RaftServerConfigKeys (ConfUtils.java:logGet(46)) - raft.server.retrycache.expirytime = 600000ms (custom)
2023-04-21 06:15:34,009 [pool-123-thread-1] INFO  server.RaftServerConfigKeys (ConfUtils.java:logGet(46)) - raft.server.retrycache.statistics.expirytime = 100μs (default)
2023-04-21 06:15:34,010 [pool-123-thread-1] INFO  server.RaftServerConfigKeys (ConfUtils.java:logGet(46)) - raft.server.log.appender.install.snapshot.enabled = false (custom)
2023-04-21 06:15:34,010 [pool-123-thread-1] INFO  server.RaftServerConfigKeys (ConfUtils.java:logGet(46)) - raft.server.threadpool.server.cached = true (default)
2023-04-21 06:15:34,010 [pool-123-thread-1] INFO  server.RaftServerConfigKeys (ConfUtils.java:logGet(46)) - raft.server.threadpool.server.size = 0 (default)
2023-04-21 06:15:34,010 [pool-123-thread-1] INFO  server.RaftServerConfigKeys (ConfUtils.java:logGet(46)) - raft.server.threadpool.client.cached = true (default)
2023-04-21 06:15:34,010 [pool-123-thread-1] INFO  server.RaftServerConfigKeys (ConfUtils.java:logGet(46)) - raft.server.threadpool.client.size = 0 (default)
2023-04-21 06:15:34,011 [pool-123-thread-1] INFO  storage.RaftStorageDirectory (RaftStorageDirectoryImpl.java:analyzeStorage(137)) - The storage directory /home/runner/work/ozone/ozone/hadoop-ozone/integration-test/target/test-dir/MiniOzoneClusterImpl-222c068d-693f-41e7-a147-5f3bf9f7a261/datanode-2/data/ratis/a3b20caa-3273-4440-a0cf-f8b97acd73f9 does not exist. Creating ...
2023-04-21 06:15:34,013 [pool-123-thread-1] INFO  storage.RaftStorageDirectory (RaftStorageDirectoryImpl.java:tryLock(231)) - Lock on /home/runner/work/ozone/ozone/hadoop-ozone/integration-test/target/test-dir/MiniOzoneClusterImpl-222c068d-693f-41e7-a147-5f3bf9f7a261/datanode-2/data/ratis/a3b20caa-3273-4440-a0cf-f8b97acd73f9/in_use.lock acquired by nodename 2764@fv-az205-422
2023-04-21 06:15:34,016 [pool-123-thread-1] INFO  storage.RaftStorage (RaftStorageImpl.java:format(96)) - Storage directory /home/runner/work/ozone/ozone/hadoop-ozone/integration-test/target/test-dir/MiniOzoneClusterImpl-222c068d-693f-41e7-a147-5f3bf9f7a261/datanode-2/data/ratis/a3b20caa-3273-4440-a0cf-f8b97acd73f9 has been successfully formatted.
2023-04-21 06:15:34,017 [pool-123-thread-1] INFO  ratis.ContainerStateMachine (ContainerStateMachine.java:loadSnapshot(262)) - group-F8B97ACD73F9: The snapshot info is null. Setting the last applied indexto:(t:0, i:~)
2023-04-21 06:15:34,018 [EventQueue-PipelineReportForPipelineReportHandler] INFO  pipeline.PipelineManagerImpl (PipelineManagerImpl.java:openPipeline(367)) - Pipeline Pipeline[ Id: a3b20caa-3273-4440-a0cf-f8b97acd73f9, Nodes: 85be5e62-7272-42cb-bae2-27068f8713e2(fv-az205-422/10.1.0.35), ReplicationConfig: RATIS/ONE, State:ALLOCATED, leaderId:85be5e62-7272-42cb-bae2-27068f8713e2, CreationTimestamp2023-04-21T06:15:31.011Z[Etc/UTC]] moved to OPEN state
2023-04-21 06:15:34,018 [pool-123-thread-1] INFO  server.RaftServerConfigKeys (ConfUtils.java:logGet(46)) - raft.server.log.use.memory = false (default)
2023-04-21 06:15:34,018 [EventQueue-OpenPipelineForHealthyPipelineSafeModeRule] INFO  safemode.SCMSafeModeManager (HealthyPipelineSafeModeRule.java:process(137)) - SCM in safe mode. Healthy pipelines reported count is 0, required healthy pipeline reported count is 1
2023-04-21 06:15:34,018 [pool-123-thread-1] INFO  server.RaftServerConfigKeys (ConfUtils.java:logGet(46)) - raft.server.log.purge.gap = 1000000 (custom)
2023-04-21 06:15:34,018 [pool-123-thread-1] INFO  server.RaftServerConfigKeys (ConfUtils.java:logGet(46)) - raft.server.log.appender.buffer.byte-limit = 33554432 (custom)
2023-04-21 06:15:34,018 [pool-123-thread-1] INFO  server.RaftServerConfigKeys (ConfUtils.java:logGet(46)) - raft.server.log.statemachine.data.read.timeout = 1000ms (default)
2023-04-21 06:15:34,019 [pool-123-thread-1] INFO  server.RaftServerConfigKeys (ConfUtils.java:logGet(46)) - raft.server.log.purge.preservation.log.num = 0 (default)
2023-04-21 06:15:34,019 [pool-123-thread-1] INFO  server.RaftServerConfigKeys (ConfUtils.java:logGet(46)) - raft.server.log.segment.size.max = 1048576 (custom)
2023-04-21 06:15:34,019 [pool-123-thread-1] INFO  server.RaftServerConfigKeys (ConfUtils.java:logGet(46)) - raft.server.log.segment.cache.num.max = 2 (custom)
2023-04-21 06:15:34,019 [pool-123-thread-1] INFO  server.RaftServerConfigKeys (ConfUtils.java:logGet(46)) - raft.server.log.segment.cache.size.max = 200MB (=209715200) (default)
2023-04-21 06:15:34,019 [pool-123-thread-1] INFO  segmented.SegmentedRaftLogWorker (SegmentedRaftLogWorker.java:<init>(189)) - new 85be5e62-7272-42cb-bae2-27068f8713e2@group-F8B97ACD73F9-SegmentedRaftLogWorker for RaftStorageImpl:Storage Directory /home/runner/work/ozone/ozone/hadoop-ozone/integration-test/target/test-dir/MiniOzoneClusterImpl-222c068d-693f-41e7-a147-5f3bf9f7a261/datanode-2/data/ratis/a3b20caa-3273-4440-a0cf-f8b97acd73f9
2023-04-21 06:15:34,021 [pool-123-thread-1] INFO  server.RaftServerConfigKeys (ConfUtils.java:logGet(46)) - raft.server.log.queue.byte-limit = 4294967296 (custom)
2023-04-21 06:15:34,021 [pool-123-thread-1] INFO  server.RaftServerConfigKeys (ConfUtils.java:logGet(46)) - raft.server.log.queue.element-limit = 1024 (custom)
2023-04-21 06:15:34,021 [pool-123-thread-1] INFO  server.RaftServerConfigKeys (ConfUtils.java:logGet(46)) - raft.server.log.segment.size.max = 1048576 (custom)
2023-04-21 06:15:34,021 [pool-123-thread-1] INFO  server.RaftServerConfigKeys (ConfUtils.java:logGet(46)) - raft.server.log.preallocated.size = 16384 (custom)
2023-04-21 06:15:34,021 [pool-123-thread-1] INFO  server.RaftServerConfigKeys (ConfUtils.java:logGet(46)) - raft.server.log.force.sync.num = 128 (default)
2023-04-21 06:15:34,021 [pool-123-thread-1] INFO  server.RaftServerConfigKeys (ConfUtils.java:logGet(46)) - raft.server.log.statemachine.data.sync = true (default)
2023-04-21 06:15:34,021 [pool-123-thread-1] INFO  server.RaftServerConfigKeys (ConfUtils.java:logGet(46)) - raft.server.log.statemachine.data.sync.timeout = 10s (default)
2023-04-21 06:15:34,021 [pool-123-thread-1] INFO  server.RaftServerConfigKeys (ConfUtils.java:logGet(46)) - raft.server.log.statemachine.data.sync.timeout.retry = -1 (default)
2023-04-21 06:15:34,022 [pool-123-thread-1] INFO  server.RaftServerConfigKeys (ConfUtils.java:logGet(46)) - raft.server.log.write.buffer.size = 1048576 (custom)
2023-04-21 06:15:34,023 [pool-123-thread-1] INFO  server.RaftServerConfigKeys (ConfUtils.java:logGet(46)) - raft.server.log.appender.buffer.byte-limit = 33554432 (custom)
2023-04-21 06:15:34,032 [pool-123-thread-1] INFO  server.RaftServerConfigKeys (ConfUtils.java:logGet(46)) - raft.server.log.unsafe-flush.enabled = false (default)
2023-04-21 06:15:34,033 [pool-123-thread-1] INFO  server.RaftServerConfigKeys (ConfUtils.java:logGet(46)) - raft.server.log.async-flush.enabled = false (default)
2023-04-21 06:15:34,033 [pool-123-thread-1] INFO  server.RaftServerConfigKeys (ConfUtils.java:logGet(46)) - raft.server.log.statemachine.data.caching.enabled = true (custom)
2023-04-21 06:15:34,033 [pool-123-thread-1] INFO  segmented.SegmentedRaftLogWorker (SegmentedRaftLogWorker.java:lambda$new$0(135)) - 85be5e62-7272-42cb-bae2-27068f8713e2@group-F8B97ACD73F9-SegmentedRaftLogWorker: flushIndex: setUnconditionally 0 -> -1
2023-04-21 06:15:34,033 [pool-123-thread-1] INFO  segmented.SegmentedRaftLogWorker (SegmentedRaftLogWorker.java:lambda$new$0(135)) - 85be5e62-7272-42cb-bae2-27068f8713e2@group-F8B97ACD73F9-SegmentedRaftLogWorker: safeCacheEvictIndex: setUnconditionally 0 -> -1
2023-04-21 06:15:34,034 [pool-123-thread-1] INFO  server.RaftServer$Division (RaftServerImpl.java:start(334)) - 85be5e62-7272-42cb-bae2-27068f8713e2@group-F8B97ACD73F9: start as a follower, conf=-1: peers:[85be5e62-7272-42cb-bae2-27068f8713e2|rpc:10.1.0.35:34951|dataStream:10.1.0.35:42643|priority:1|startupRole:FOLLOWER]|listeners:[], old=null
2023-04-21 06:15:34,034 [pool-123-thread-1] INFO  server.RaftServer$Division (RaftServerImpl.java:setRole(321)) - 85be5e62-7272-42cb-bae2-27068f8713e2@group-F8B97ACD73F9: changes role from      null to FOLLOWER at term 0 for startAsFollower
2023-04-21 06:15:34,034 [pool-123-thread-1] INFO  impl.RoleInfo (RoleInfo.java:updateAndGet(139)) - 85be5e62-7272-42cb-bae2-27068f8713e2: start 85be5e62-7272-42cb-bae2-27068f8713e2@group-F8B97ACD73F9-FollowerState
2023-04-21 06:15:34,034 [pool-123-thread-1] INFO  util.JmxRegister (JmxRegister.java:tryRegister(44)) - Successfully registered JMX Bean with object name Ratis:service=RaftServer,group=group-F8B97ACD73F9,id=85be5e62-7272-42cb-bae2-27068f8713e2
2023-04-21 06:15:34,034 [pool-123-thread-1] INFO  server.RaftServerConfigKeys (ConfUtils.java:logGet(46)) - raft.server.snapshot.auto.trigger.enabled = true (custom)
2023-04-21 06:15:34,034 [pool-123-thread-1] INFO  server.RaftServerConfigKeys (ConfUtils.java:logGet(46)) - raft.server.snapshot.auto.trigger.threshold = 10000 (custom)
2023-04-21 06:15:34,034 [pool-123-thread-1] INFO  server.RaftServerConfigKeys (ConfUtils.java:logGet(46)) - raft.server.snapshot.retention.file.num = 5 (custom)
2023-04-21 06:15:34,034 [pool-123-thread-1] INFO  server.RaftServerConfigKeys (ConfUtils.java:logGet(46)) - raft.server.log.purge.upto.snapshot.index = false (default)
2023-04-21 06:15:34,035 [85be5e62-7272-42cb-bae2-27068f8713e2@group-F8B97ACD73F9-FollowerState] INFO  server.RaftServerConfigKeys (ConfUtils.java:logFallback(53)) - raft.server.rpc.first-election.timeout.min = 5s (fallback to raft.server.rpc.timeout.min)
2023-04-21 06:15:34,035 [85be5e62-7272-42cb-bae2-27068f8713e2@group-F8B97ACD73F9-FollowerState] INFO  server.RaftServerConfigKeys (ConfUtils.java:logFallback(53)) - raft.server.rpc.first-election.timeout.max = 5200ms (fallback to raft.server.rpc.timeout.max)
2023-04-21 06:15:34,039 [Command processor thread] INFO  ratis.XceiverServerRatis (XceiverServerRatis.java:addGroup(806)) - Created group PipelineID=a3b20caa-3273-4440-a0cf-f8b97acd73f9
2023-04-21 06:15:34,039 [Command processor thread] INFO  commandhandler.CreatePipelineCommandHandler (CreatePipelineCommandHandler.java:handle(113)) - Created Pipeline RATIS ONE PipelineID=a3b20caa-3273-4440-a0cf-f8b97acd73f9.
2023-04-21 06:15:34,051 [Command processor thread] INFO  commandhandler.CreatePipelineCommandHandler (CreatePipelineCommandHandler.java:handle(113)) - Created Pipeline RATIS THREE PipelineID=3fa8f89f-90e6-4908-8771-f55e66cd8798.
2023-04-21 06:15:35,009 [Listener at 127.0.0.1/39531] INFO  ozone.MiniOzoneClusterImpl (MiniOzoneClusterImpl.java:lambda$waitForClusterToBeReady$0(223)) - Nodes are ready. Got 3 of 3 DN Heartbeats.
2023-04-21 06:15:35,009 [Listener at 127.0.0.1/39531] INFO  ozone.MiniOzoneClusterImpl (MiniOzoneClusterImpl.java:lambda$waitForClusterToBeReady$0(226)) - Waiting for cluster to exit safe mode
2023-04-21 06:15:35,009 [Listener at 127.0.0.1/39531] INFO  ozone.MiniOzoneClusterImpl (MiniOzoneClusterImpl.java:lambda$waitForClusterToBeReady$0(228)) - SCM became leader
2023-04-21 06:15:36,009 [Listener at 127.0.0.1/39531] INFO  ozone.MiniOzoneClusterImpl (MiniOzoneClusterImpl.java:lambda$waitForClusterToBeReady$0(223)) - Nodes are ready. Got 3 of 3 DN Heartbeats.
2023-04-21 06:15:36,009 [Listener at 127.0.0.1/39531] INFO  ozone.MiniOzoneClusterImpl (MiniOzoneClusterImpl.java:lambda$waitForClusterToBeReady$0(226)) - Waiting for cluster to exit safe mode
2023-04-21 06:15:36,009 [Listener at 127.0.0.1/39531] INFO  ozone.MiniOzoneClusterImpl (MiniOzoneClusterImpl.java:lambda$waitForClusterToBeReady$0(228)) - SCM became leader
2023-04-21 06:15:37,010 [Listener at 127.0.0.1/39531] INFO  ozone.MiniOzoneClusterImpl (MiniOzoneClusterImpl.java:lambda$waitForClusterToBeReady$0(223)) - Nodes are ready. Got 3 of 3 DN Heartbeats.
2023-04-21 06:15:37,010 [Listener at 127.0.0.1/39531] INFO  ozone.MiniOzoneClusterImpl (MiniOzoneClusterImpl.java:lambda$waitForClusterToBeReady$0(226)) - Waiting for cluster to exit safe mode
2023-04-21 06:15:37,010 [Listener at 127.0.0.1/39531] INFO  ozone.MiniOzoneClusterImpl (MiniOzoneClusterImpl.java:lambda$waitForClusterToBeReady$0(228)) - SCM became leader
2023-04-21 06:15:38,010 [Listener at 127.0.0.1/39531] INFO  ozone.MiniOzoneClusterImpl (MiniOzoneClusterImpl.java:lambda$waitForClusterToBeReady$0(223)) - Nodes are ready. Got 3 of 3 DN Heartbeats.
2023-04-21 06:15:38,010 [Listener at 127.0.0.1/39531] INFO  ozone.MiniOzoneClusterImpl (MiniOzoneClusterImpl.java:lambda$waitForClusterToBeReady$0(226)) - Waiting for cluster to exit safe mode
2023-04-21 06:15:38,010 [Listener at 127.0.0.1/39531] INFO  ozone.MiniOzoneClusterImpl (MiniOzoneClusterImpl.java:lambda$waitForClusterToBeReady$0(228)) - SCM became leader
2023-04-21 06:15:38,359 [54e06896-f90f-443b-a024-7fd1f14ff9aa@group-68F121997BE1-FollowerState] INFO  impl.FollowerState (FollowerState.java:run(143)) - 54e06896-f90f-443b-a024-7fd1f14ff9aa@group-68F121997BE1-FollowerState: change to CANDIDATE, lastRpcElapsedTime:5146684306ns, electionTimeout:5146ms
2023-04-21 06:15:38,360 [54e06896-f90f-443b-a024-7fd1f14ff9aa@group-68F121997BE1-FollowerState] INFO  impl.RoleInfo (RoleInfo.java:shutdownFollowerState(110)) - 54e06896-f90f-443b-a024-7fd1f14ff9aa: shutdown 54e06896-f90f-443b-a024-7fd1f14ff9aa@group-68F121997BE1-FollowerState
2023-04-21 06:15:38,360 [54e06896-f90f-443b-a024-7fd1f14ff9aa@group-68F121997BE1-FollowerState] INFO  server.RaftServer$Division (RaftServerImpl.java:setRole(321)) - 54e06896-f90f-443b-a024-7fd1f14ff9aa@group-68F121997BE1: changes role from  FOLLOWER to CANDIDATE at term 0 for changeToCandidate
2023-04-21 06:15:38,361 [54e06896-f90f-443b-a024-7fd1f14ff9aa@group-68F121997BE1-FollowerState] INFO  server.RaftServerConfigKeys (ConfUtils.java:logGet(46)) - raft.server.leaderelection.pre-vote = true (default)
2023-04-21 06:15:38,361 [54e06896-f90f-443b-a024-7fd1f14ff9aa@group-68F121997BE1-FollowerState] INFO  impl.RoleInfo (RoleInfo.java:updateAndGet(139)) - 54e06896-f90f-443b-a024-7fd1f14ff9aa: start 54e06896-f90f-443b-a024-7fd1f14ff9aa@group-68F121997BE1-LeaderElection2
2023-04-21 06:15:38,363 [54e06896-f90f-443b-a024-7fd1f14ff9aa@group-68F121997BE1-LeaderElection2] INFO  impl.LeaderElection (LeaderElection.java:askForVotes(312)) - 54e06896-f90f-443b-a024-7fd1f14ff9aa@group-68F121997BE1-LeaderElection2 PRE_VOTE round 0: submit vote requests at term 0 for -1: peers:[54e06896-f90f-443b-a024-7fd1f14ff9aa|rpc:10.1.0.35:40081|dataStream:10.1.0.35:43055|priority:1|startupRole:FOLLOWER]|listeners:[], old=null
2023-04-21 06:15:38,363 [54e06896-f90f-443b-a024-7fd1f14ff9aa@group-68F121997BE1-LeaderElection2] INFO  impl.LeaderElection (LeaderElection.java:askForVotes(314)) - 54e06896-f90f-443b-a024-7fd1f14ff9aa@group-68F121997BE1-LeaderElection2 PRE_VOTE round 0: result PASSED (term=0)
2023-04-21 06:15:38,365 [54e06896-f90f-443b-a024-7fd1f14ff9aa@group-68F121997BE1-LeaderElection2] INFO  impl.LeaderElection (LeaderElection.java:askForVotes(312)) - 54e06896-f90f-443b-a024-7fd1f14ff9aa@group-68F121997BE1-LeaderElection2 ELECTION round 0: submit vote requests at term 1 for -1: peers:[54e06896-f90f-443b-a024-7fd1f14ff9aa|rpc:10.1.0.35:40081|dataStream:10.1.0.35:43055|priority:1|startupRole:FOLLOWER]|listeners:[], old=null
2023-04-21 06:15:38,365 [54e06896-f90f-443b-a024-7fd1f14ff9aa@group-68F121997BE1-LeaderElection2] INFO  impl.LeaderElection (LeaderElection.java:askForVotes(314)) - 54e06896-f90f-443b-a024-7fd1f14ff9aa@group-68F121997BE1-LeaderElection2 ELECTION round 0: result PASSED (term=1)
2023-04-21 06:15:38,365 [54e06896-f90f-443b-a024-7fd1f14ff9aa@group-68F121997BE1-LeaderElection2] INFO  impl.RoleInfo (RoleInfo.java:shutdownLeaderElection(130)) - 54e06896-f90f-443b-a024-7fd1f14ff9aa: shutdown 54e06896-f90f-443b-a024-7fd1f14ff9aa@group-68F121997BE1-LeaderElection2
2023-04-21 06:15:38,365 [54e06896-f90f-443b-a024-7fd1f14ff9aa@group-68F121997BE1-LeaderElection2] INFO  server.RaftServer$Division (RaftServerImpl.java:setRole(321)) - 54e06896-f90f-443b-a024-7fd1f14ff9aa@group-68F121997BE1: changes role from CANDIDATE to LEADER at term 1 for changeToLeader
2023-04-21 06:15:38,365 [54e06896-f90f-443b-a024-7fd1f14ff9aa@group-68F121997BE1-LeaderElection2] INFO  ratis.XceiverServerRatis (XceiverServerRatis.java:handleLeaderChangedNotification(904)) - Leader change notification received for group: group-68F121997BE1 with new leaderId: 54e06896-f90f-443b-a024-7fd1f14ff9aa
2023-04-21 06:15:38,366 [54e06896-f90f-443b-a024-7fd1f14ff9aa@group-68F121997BE1-LeaderElection2] INFO  server.RaftServer$Division (ServerState.java:setLeader(313)) - 54e06896-f90f-443b-a024-7fd1f14ff9aa@group-68F121997BE1: change Leader from null to 54e06896-f90f-443b-a024-7fd1f14ff9aa at term 1 for becomeLeader, leader elected after 5179ms
2023-04-21 06:15:38,366 [54e06896-f90f-443b-a024-7fd1f14ff9aa@group-68F121997BE1-LeaderElection2] INFO  server.RaftServerConfigKeys (ConfUtils.java:logGet(46)) - raft.server.staging.catchup.gap = 1000 (default)
2023-04-21 06:15:38,367 [54e06896-f90f-443b-a024-7fd1f14ff9aa@group-68F121997BE1-LeaderElection2] INFO  server.RaftServerConfigKeys (ConfUtils.java:logGet(46)) - raft.server.write.element-limit = 1024 (custom)
2023-04-21 06:15:38,367 [54e06896-f90f-443b-a024-7fd1f14ff9aa@group-68F121997BE1-LeaderElection2] INFO  server.RaftServerConfigKeys (ConfUtils.java:logGet(46)) - raft.server.write.byte-limit = 1024 M (=1073741824) (custom)
2023-04-21 06:15:38,367 [54e06896-f90f-443b-a024-7fd1f14ff9aa@group-68F121997BE1-LeaderElection2] INFO  server.RaftServerConfigKeys (ConfUtils.java:logGet(46)) - raft.server.watch.timeout = 180s (custom)
2023-04-21 06:15:38,606 [54e06896-f90f-443b-a024-7fd1f14ff9aa@group-68F121997BE1-LeaderElection2] INFO  server.RaftServerConfigKeys (ConfUtils.java:logGet(46)) - raft.server.watch.timeout.denomination = 1s (default)
2023-04-21 06:15:38,615 [54e06896-f90f-443b-a024-7fd1f14ff9aa@group-68F121997BE1-LeaderElection2] INFO  server.RaftServerConfigKeys (ConfUtils.java:logGet(46)) - raft.server.watch.element-limit = 65536 (default)
2023-04-21 06:15:38,616 [54e06896-f90f-443b-a024-7fd1f14ff9aa@group-68F121997BE1-LeaderElection2] INFO  server.RaftServerConfigKeys (ConfUtils.java:logGet(46)) - raft.server.write.element-limit = 1024 (custom)
2023-04-21 06:15:38,616 [54e06896-f90f-443b-a024-7fd1f14ff9aa@group-68F121997BE1-LeaderElection2] INFO  server.RaftServerConfigKeys (ConfUtils.java:logGet(46)) - raft.server.write.follower.gap.ratio.max = -1.0 (default)
2023-04-21 06:15:38,616 [54e06896-f90f-443b-a024-7fd1f14ff9aa@group-68F121997BE1-LeaderElection2] INFO  impl.RoleInfo (RoleInfo.java:updateAndGet(139)) - 54e06896-f90f-443b-a024-7fd1f14ff9aa: start 54e06896-f90f-443b-a024-7fd1f14ff9aa@group-68F121997BE1-LeaderStateImpl
2023-04-21 06:15:38,616 [54e06896-f90f-443b-a024-7fd1f14ff9aa@group-68F121997BE1-LeaderElection2] INFO  segmented.SegmentedRaftLogWorker (SegmentedRaftLogWorker.java:startLogSegment(452)) - 54e06896-f90f-443b-a024-7fd1f14ff9aa@group-68F121997BE1-SegmentedRaftLogWorker: Starting segment from index:0
2023-04-21 06:15:38,611 [EventQueue-OpenPipelineForHealthyPipelineSafeModeRule] INFO  safemode.SCMSafeModeManager (HealthyPipelineSafeModeRule.java:process(137)) - SCM in safe mode. Healthy pipelines reported count is 0, required healthy pipeline reported count is 1
2023-04-21 06:15:38,608 [54e06896-f90f-443b-a024-7fd1f14ff9aa@group-FB30D226CB40-FollowerState] INFO  impl.FollowerState (FollowerState.java:run(143)) - 54e06896-f90f-443b-a024-7fd1f14ff9aa@group-FB30D226CB40-FollowerState: change to CANDIDATE, lastRpcElapsedTime:5354595271ns, electionTimeout:5161ms
2023-04-21 06:15:38,618 [54e06896-f90f-443b-a024-7fd1f14ff9aa@group-FB30D226CB40-FollowerState] INFO  impl.RoleInfo (RoleInfo.java:shutdownFollowerState(110)) - 54e06896-f90f-443b-a024-7fd1f14ff9aa: shutdown 54e06896-f90f-443b-a024-7fd1f14ff9aa@group-FB30D226CB40-FollowerState
2023-04-21 06:15:38,618 [54e06896-f90f-443b-a024-7fd1f14ff9aa@group-FB30D226CB40-FollowerState] INFO  server.RaftServer$Division (RaftServerImpl.java:setRole(321)) - 54e06896-f90f-443b-a024-7fd1f14ff9aa@group-FB30D226CB40: changes role from  FOLLOWER to CANDIDATE at term 0 for changeToCandidate
2023-04-21 06:15:38,619 [54e06896-f90f-443b-a024-7fd1f14ff9aa@group-68F121997BE1-SegmentedRaftLogWorker] INFO  segmented.SegmentedRaftLogWorker (SegmentedRaftLogWorker.java:execute(656)) - 54e06896-f90f-443b-a024-7fd1f14ff9aa@group-68F121997BE1-SegmentedRaftLogWorker: created new log segment /home/runner/work/ozone/ozone/hadoop-ozone/integration-test/target/test-dir/MiniOzoneClusterImpl-222c068d-693f-41e7-a147-5f3bf9f7a261/datanode-0/data/ratis/5fd88dd9-7418-4422-9e19-68f121997be1/current/log_inprogress_0
2023-04-21 06:15:38,620 [54e06896-f90f-443b-a024-7fd1f14ff9aa@group-68F121997BE1-LeaderElection2] INFO  server.RaftServer$Division (ServerState.java:setRaftConf(430)) - 54e06896-f90f-443b-a024-7fd1f14ff9aa@group-68F121997BE1: set configuration 0: peers:[54e06896-f90f-443b-a024-7fd1f14ff9aa|rpc:10.1.0.35:40081|dataStream:10.1.0.35:43055|priority:1|startupRole:FOLLOWER]|listeners:[], old=null
2023-04-21 06:15:38,621 [54e06896-f90f-443b-a024-7fd1f14ff9aa@group-FB30D226CB40-FollowerState] INFO  server.RaftServerConfigKeys (ConfUtils.java:logGet(46)) - raft.server.leaderelection.pre-vote = true (default)
2023-04-21 06:15:38,621 [54e06896-f90f-443b-a024-7fd1f14ff9aa@group-FB30D226CB40-FollowerState] INFO  impl.RoleInfo (RoleInfo.java:updateAndGet(139)) - 54e06896-f90f-443b-a024-7fd1f14ff9aa: start 54e06896-f90f-443b-a024-7fd1f14ff9aa@group-FB30D226CB40-LeaderElection3
2023-04-21 06:15:38,631 [54e06896-f90f-443b-a024-7fd1f14ff9aa@group-FB30D226CB40-LeaderElection3] INFO  impl.LeaderElection (LeaderElection.java:askForVotes(312)) - 54e06896-f90f-443b-a024-7fd1f14ff9aa@group-FB30D226CB40-LeaderElection3 PRE_VOTE round 0: submit vote requests at term 0 for -1: peers:[85be5e62-7272-42cb-bae2-27068f8713e2|rpc:10.1.0.35:34951|dataStream:10.1.0.35:42643|priority:0|startupRole:FOLLOWER, b2f013c4-4cfd-4a33-b24a-9a71c6bbd892|rpc:10.1.0.35:45827|dataStream:10.1.0.35:37043|priority:0|startupRole:FOLLOWER, 54e06896-f90f-443b-a024-7fd1f14ff9aa|rpc:10.1.0.35:40081|dataStream:10.1.0.35:43055|priority:1|startupRole:FOLLOWER]|listeners:[], old=null
2023-04-21 06:15:38,643 [54e06896-f90f-443b-a024-7fd1f14ff9aa@group-FB30D226CB40-LeaderElection3-1] INFO  server.GrpcServerProtocolClient (GrpcServerProtocolClient.java:<init>(63)) - Build channel for 85be5e62-7272-42cb-bae2-27068f8713e2
2023-04-21 06:15:38,648 [54e06896-f90f-443b-a024-7fd1f14ff9aa@group-FB30D226CB40-LeaderElection3] INFO  server.RaftServerConfigKeys (ConfUtils.java:logFallback(53)) - raft.server.rpc.first-election.timeout.min = 5s (fallback to raft.server.rpc.timeout.min)
2023-04-21 06:15:38,652 [54e06896-f90f-443b-a024-7fd1f14ff9aa@group-FB30D226CB40-LeaderElection3] INFO  server.RaftServerConfigKeys (ConfUtils.java:logFallback(53)) - raft.server.rpc.first-election.timeout.max = 5200ms (fallback to raft.server.rpc.timeout.max)
2023-04-21 06:15:38,654 [54e06896-f90f-443b-a024-7fd1f14ff9aa@group-FB30D226CB40-LeaderElection3-2] INFO  server.GrpcServerProtocolClient (GrpcServerProtocolClient.java:<init>(63)) - Build channel for b2f013c4-4cfd-4a33-b24a-9a71c6bbd892
2023-04-21 06:15:38,666 [grpc-default-executor-1] INFO  server.RaftServer$Division (RaftServerImpl.java:requestVote(1218)) - 85be5e62-7272-42cb-bae2-27068f8713e2@group-FB30D226CB40: receive requestVote(PRE_VOTE, 54e06896-f90f-443b-a024-7fd1f14ff9aa, group-FB30D226CB40, 0, (t:0, i:0))
2023-04-21 06:15:38,668 [grpc-default-executor-1] INFO  impl.VoteContext (VoteContext.java:log(49)) - 85be5e62-7272-42cb-bae2-27068f8713e2@group-FB30D226CB40-FOLLOWER: accept PRE_VOTE from 54e06896-f90f-443b-a024-7fd1f14ff9aa: our priority 0 <= candidate's priority 1
2023-04-21 06:15:38,671 [grpc-default-executor-1] INFO  server.RaftServer$Division (RaftServerImpl.java:requestVote(1251)) - 85be5e62-7272-42cb-bae2-27068f8713e2@group-FB30D226CB40 replies to PRE_VOTE vote request: 54e06896-f90f-443b-a024-7fd1f14ff9aa<-85be5e62-7272-42cb-bae2-27068f8713e2#0:OK-t0. Peer's state: 85be5e62-7272-42cb-bae2-27068f8713e2@group-FB30D226CB40:t0, leader=null, voted=, raftlog=Memoized:85be5e62-7272-42cb-bae2-27068f8713e2@group-FB30D226CB40-SegmentedRaftLog:OPENED:c-1, conf=-1: peers:[85be5e62-7272-42cb-bae2-27068f8713e2|rpc:10.1.0.35:34951|dataStream:10.1.0.35:42643|priority:0|startupRole:FOLLOWER, b2f013c4-4cfd-4a33-b24a-9a71c6bbd892|rpc:10.1.0.35:45827|dataStream:10.1.0.35:37043|priority:0|startupRole:FOLLOWER, 54e06896-f90f-443b-a024-7fd1f14ff9aa|rpc:10.1.0.35:40081|dataStream:10.1.0.35:43055|priority:1|startupRole:FOLLOWER]|listeners:[], old=null
2023-04-21 06:15:38,675 [54e06896-f90f-443b-a024-7fd1f14ff9aa@group-FB30D226CB40-LeaderElection3] INFO  impl.LeaderElection (LeaderElection.java:logAndReturn(90)) - 54e06896-f90f-443b-a024-7fd1f14ff9aa@group-FB30D226CB40-LeaderElection3: PRE_VOTE PASSED received 1 response(s) and 0 exception(s):
2023-04-21 06:15:38,675 [54e06896-f90f-443b-a024-7fd1f14ff9aa@group-FB30D226CB40-LeaderElection3] INFO  impl.LeaderElection (LeaderElection.java:logAndReturn(94)) -   Response 0: 54e06896-f90f-443b-a024-7fd1f14ff9aa<-85be5e62-7272-42cb-bae2-27068f8713e2#0:OK-t0
2023-04-21 06:15:38,675 [54e06896-f90f-443b-a024-7fd1f14ff9aa@group-FB30D226CB40-LeaderElection3] INFO  impl.LeaderElection (LeaderElection.java:askForVotes(314)) - 54e06896-f90f-443b-a024-7fd1f14ff9aa@group-FB30D226CB40-LeaderElection3 PRE_VOTE round 0: result PASSED
2023-04-21 06:15:38,677 [54e06896-f90f-443b-a024-7fd1f14ff9aa@group-FB30D226CB40-LeaderElection3] INFO  impl.LeaderElection (LeaderElection.java:askForVotes(312)) - 54e06896-f90f-443b-a024-7fd1f14ff9aa@group-FB30D226CB40-LeaderElection3 ELECTION round 0: submit vote requests at term 1 for -1: peers:[85be5e62-7272-42cb-bae2-27068f8713e2|rpc:10.1.0.35:34951|dataStream:10.1.0.35:42643|priority:0|startupRole:FOLLOWER, b2f013c4-4cfd-4a33-b24a-9a71c6bbd892|rpc:10.1.0.35:45827|dataStream:10.1.0.35:37043|priority:0|startupRole:FOLLOWER, 54e06896-f90f-443b-a024-7fd1f14ff9aa|rpc:10.1.0.35:40081|dataStream:10.1.0.35:43055|priority:1|startupRole:FOLLOWER]|listeners:[], old=null
2023-04-21 06:15:38,680 [54e06896-f90f-443b-a024-7fd1f14ff9aa@group-FB30D226CB40-LeaderElection3] INFO  server.RaftServerConfigKeys (ConfUtils.java:logFallback(53)) - raft.server.rpc.first-election.timeout.min = 5s (fallback to raft.server.rpc.timeout.min)
2023-04-21 06:15:38,680 [54e06896-f90f-443b-a024-7fd1f14ff9aa@group-FB30D226CB40-LeaderElection3] INFO  server.RaftServerConfigKeys (ConfUtils.java:logFallback(53)) - raft.server.rpc.first-election.timeout.max = 5200ms (fallback to raft.server.rpc.timeout.max)
2023-04-21 06:15:38,683 [grpc-default-executor-1] INFO  server.RaftServer$Division (RaftServerImpl.java:requestVote(1218)) - 85be5e62-7272-42cb-bae2-27068f8713e2@group-FB30D226CB40: receive requestVote(ELECTION, 54e06896-f90f-443b-a024-7fd1f14ff9aa, group-FB30D226CB40, 1, (t:0, i:0))
2023-04-21 06:15:38,684 [grpc-default-executor-1] INFO  impl.VoteContext (VoteContext.java:log(49)) - 85be5e62-7272-42cb-bae2-27068f8713e2@group-FB30D226CB40-FOLLOWER: accept ELECTION from 54e06896-f90f-443b-a024-7fd1f14ff9aa: our priority 0 <= candidate's priority 1
2023-04-21 06:15:38,684 [grpc-default-executor-1] INFO  server.RaftServer$Division (RaftServerImpl.java:setRole(321)) - 85be5e62-7272-42cb-bae2-27068f8713e2@group-FB30D226CB40: changes role from  FOLLOWER to FOLLOWER at term 1 for candidate:54e06896-f90f-443b-a024-7fd1f14ff9aa
2023-04-21 06:15:38,684 [grpc-default-executor-1] INFO  impl.RoleInfo (RoleInfo.java:shutdownFollowerState(110)) - 85be5e62-7272-42cb-bae2-27068f8713e2: shutdown 85be5e62-7272-42cb-bae2-27068f8713e2@group-FB30D226CB40-FollowerState
2023-04-21 06:15:38,684 [85be5e62-7272-42cb-bae2-27068f8713e2@group-FB30D226CB40-FollowerState] INFO  impl.FollowerState (FollowerState.java:run(152)) - 85be5e62-7272-42cb-bae2-27068f8713e2@group-FB30D226CB40-FollowerState was interrupted
2023-04-21 06:15:38,686 [grpc-default-executor-1] INFO  impl.RoleInfo (RoleInfo.java:updateAndGet(139)) - 85be5e62-7272-42cb-bae2-27068f8713e2: start 85be5e62-7272-42cb-bae2-27068f8713e2@group-FB30D226CB40-FollowerState
2023-04-21 06:15:38,687 [85be5e62-7272-42cb-bae2-27068f8713e2@group-FB30D226CB40-FollowerState] INFO  server.RaftServerConfigKeys (ConfUtils.java:logFallback(53)) - raft.server.rpc.first-election.timeout.min = 5s (fallback to raft.server.rpc.timeout.min)
2023-04-21 06:15:38,690 [grpc-default-executor-1] INFO  server.RaftServer$Division (RaftServerImpl.java:requestVote(1251)) - 85be5e62-7272-42cb-bae2-27068f8713e2@group-FB30D226CB40 replies to ELECTION vote request: 54e06896-f90f-443b-a024-7fd1f14ff9aa<-85be5e62-7272-42cb-bae2-27068f8713e2#0:OK-t1. Peer's state: 85be5e62-7272-42cb-bae2-27068f8713e2@group-FB30D226CB40:t1, leader=null, voted=54e06896-f90f-443b-a024-7fd1f14ff9aa, raftlog=Memoized:85be5e62-7272-42cb-bae2-27068f8713e2@group-FB30D226CB40-SegmentedRaftLog:OPENED:c-1, conf=-1: peers:[85be5e62-7272-42cb-bae2-27068f8713e2|rpc:10.1.0.35:34951|dataStream:10.1.0.35:42643|priority:0|startupRole:FOLLOWER, b2f013c4-4cfd-4a33-b24a-9a71c6bbd892|rpc:10.1.0.35:45827|dataStream:10.1.0.35:37043|priority:0|startupRole:FOLLOWER, 54e06896-f90f-443b-a024-7fd1f14ff9aa|rpc:10.1.0.35:40081|dataStream:10.1.0.35:43055|priority:1|startupRole:FOLLOWER]|listeners:[], old=null
2023-04-21 06:15:38,691 [85be5e62-7272-42cb-bae2-27068f8713e2@group-FB30D226CB40-FollowerState] INFO  server.RaftServerConfigKeys (ConfUtils.java:logFallback(53)) - raft.server.rpc.first-election.timeout.max = 5200ms (fallback to raft.server.rpc.timeout.max)
2023-04-21 06:15:38,692 [54e06896-f90f-443b-a024-7fd1f14ff9aa@group-FB30D226CB40-LeaderElection3] INFO  impl.LeaderElection (LeaderElection.java:logAndReturn(90)) - 54e06896-f90f-443b-a024-7fd1f14ff9aa@group-FB30D226CB40-LeaderElection3: ELECTION PASSED received 1 response(s) and 0 exception(s):
2023-04-21 06:15:38,697 [54e06896-f90f-443b-a024-7fd1f14ff9aa@group-FB30D226CB40-LeaderElection3] INFO  impl.LeaderElection (LeaderElection.java:logAndReturn(94)) -   Response 0: 54e06896-f90f-443b-a024-7fd1f14ff9aa<-85be5e62-7272-42cb-bae2-27068f8713e2#0:OK-t1
2023-04-21 06:15:38,697 [54e06896-f90f-443b-a024-7fd1f14ff9aa@group-FB30D226CB40-LeaderElection3] INFO  impl.LeaderElection (LeaderElection.java:askForVotes(314)) - 54e06896-f90f-443b-a024-7fd1f14ff9aa@group-FB30D226CB40-LeaderElection3 ELECTION round 0: result PASSED
2023-04-21 06:15:38,697 [54e06896-f90f-443b-a024-7fd1f14ff9aa@group-FB30D226CB40-LeaderElection3] INFO  impl.RoleInfo (RoleInfo.java:shutdownLeaderElection(130)) - 54e06896-f90f-443b-a024-7fd1f14ff9aa: shutdown 54e06896-f90f-443b-a024-7fd1f14ff9aa@group-FB30D226CB40-LeaderElection3
2023-04-21 06:15:38,697 [54e06896-f90f-443b-a024-7fd1f14ff9aa@group-FB30D226CB40-LeaderElection3] INFO  server.RaftServer$Division (RaftServerImpl.java:setRole(321)) - 54e06896-f90f-443b-a024-7fd1f14ff9aa@group-FB30D226CB40: changes role from CANDIDATE to LEADER at term 1 for changeToLeader
2023-04-21 06:15:38,697 [54e06896-f90f-443b-a024-7fd1f14ff9aa@group-FB30D226CB40-LeaderElection3] INFO  ratis.XceiverServerRatis (XceiverServerRatis.java:handleLeaderChangedNotification(904)) - Leader change notification received for group: group-FB30D226CB40 with new leaderId: 54e06896-f90f-443b-a024-7fd1f14ff9aa
2023-04-21 06:15:38,697 [54e06896-f90f-443b-a024-7fd1f14ff9aa@group-FB30D226CB40-LeaderElection3] INFO  server.RaftServer$Division (ServerState.java:setLeader(313)) - 54e06896-f90f-443b-a024-7fd1f14ff9aa@group-FB30D226CB40: change Leader from null to 54e06896-f90f-443b-a024-7fd1f14ff9aa at term 1 for becomeLeader, leader elected after 5468ms
2023-04-21 06:15:38,697 [54e06896-f90f-443b-a024-7fd1f14ff9aa@group-FB30D226CB40-LeaderElection3] INFO  server.RaftServerConfigKeys (ConfUtils.java:logGet(46)) - raft.server.staging.catchup.gap = 1000 (default)
2023-04-21 06:15:38,698 [54e06896-f90f-443b-a024-7fd1f14ff9aa@group-FB30D226CB40-LeaderElection3] INFO  server.RaftServerConfigKeys (ConfUtils.java:logGet(46)) - raft.server.write.element-limit = 1024 (custom)
2023-04-21 06:15:38,698 [54e06896-f90f-443b-a024-7fd1f14ff9aa@group-FB30D226CB40-LeaderElection3] INFO  server.RaftServerConfigKeys (ConfUtils.java:logGet(46)) - raft.server.write.byte-limit = 1024 M (=1073741824) (custom)
2023-04-21 06:15:38,698 [54e06896-f90f-443b-a024-7fd1f14ff9aa@group-FB30D226CB40-LeaderElection3] INFO  server.RaftServerConfigKeys (ConfUtils.java:logGet(46)) - raft.server.watch.timeout = 180s (custom)
2023-04-21 06:15:38,698 [54e06896-f90f-443b-a024-7fd1f14ff9aa@group-FB30D226CB40-LeaderElection3] INFO  server.RaftServerConfigKeys (ConfUtils.java:logGet(46)) - raft.server.watch.timeout.denomination = 1s (default)
2023-04-21 06:15:38,698 [54e06896-f90f-443b-a024-7fd1f14ff9aa@group-FB30D226CB40-LeaderElection3] INFO  server.RaftServerConfigKeys (ConfUtils.java:logGet(46)) - raft.server.watch.element-limit = 65536 (default)
2023-04-21 06:15:38,698 [54e06896-f90f-443b-a024-7fd1f14ff9aa@group-FB30D226CB40-LeaderElection3] INFO  server.RaftServerConfigKeys (ConfUtils.java:logGet(46)) - raft.server.write.element-limit = 1024 (custom)
2023-04-21 06:15:38,698 [54e06896-f90f-443b-a024-7fd1f14ff9aa@group-FB30D226CB40-LeaderElection3] INFO  server.RaftServerConfigKeys (ConfUtils.java:logGet(46)) - raft.server.write.follower.gap.ratio.max = -1.0 (default)
2023-04-21 06:15:38,702 [grpc-default-executor-1] INFO  server.RaftServer$Division (RaftServerImpl.java:requestVote(1218)) - b2f013c4-4cfd-4a33-b24a-9a71c6bbd892@group-FB30D226CB40: receive requestVote(PRE_VOTE, 54e06896-f90f-443b-a024-7fd1f14ff9aa, group-FB30D226CB40, 0, (t:0, i:0))
2023-04-21 06:15:38,702 [EventQueue-PipelineReportForPipelineReportHandler] INFO  pipeline.PipelineManagerImpl (PipelineManagerImpl.java:openPipeline(367)) - Pipeline Pipeline[ Id: bede97ea-03b7-4748-982f-fb30d226cb40, Nodes: 85be5e62-7272-42cb-bae2-27068f8713e2(fv-az205-422/10.1.0.35)b2f013c4-4cfd-4a33-b24a-9a71c6bbd892(fv-az205-422/10.1.0.35)54e06896-f90f-443b-a024-7fd1f14ff9aa(fv-az205-422/10.1.0.35), ReplicationConfig: RATIS/THREE, State:ALLOCATED, leaderId:54e06896-f90f-443b-a024-7fd1f14ff9aa, CreationTimestamp2023-04-21T06:15:31.017Z[Etc/UTC]] moved to OPEN state
2023-04-21 06:15:38,706 [grpc-default-executor-0] INFO  server.RaftServer$Division (RaftServerImpl.java:requestVote(1218)) - b2f013c4-4cfd-4a33-b24a-9a71c6bbd892@group-FB30D226CB40: receive requestVote(ELECTION, 54e06896-f90f-443b-a024-7fd1f14ff9aa, group-FB30D226CB40, 1, (t:0, i:0))
2023-04-21 06:15:38,706 [grpc-default-executor-0] INFO  impl.VoteContext (VoteContext.java:log(49)) - b2f013c4-4cfd-4a33-b24a-9a71c6bbd892@group-FB30D226CB40-FOLLOWER: accept ELECTION from 54e06896-f90f-443b-a024-7fd1f14ff9aa: our priority 0 <= candidate's priority 1
2023-04-21 06:15:38,707 [grpc-default-executor-0] INFO  server.RaftServer$Division (RaftServerImpl.java:setRole(321)) - b2f013c4-4cfd-4a33-b24a-9a71c6bbd892@group-FB30D226CB40: changes role from  FOLLOWER to FOLLOWER at term 1 for candidate:54e06896-f90f-443b-a024-7fd1f14ff9aa
2023-04-21 06:15:38,707 [grpc-default-executor-0] INFO  impl.RoleInfo (RoleInfo.java:shutdownFollowerState(110)) - b2f013c4-4cfd-4a33-b24a-9a71c6bbd892: shutdown b2f013c4-4cfd-4a33-b24a-9a71c6bbd892@group-FB30D226CB40-FollowerState
2023-04-21 06:15:38,707 [grpc-default-executor-0] INFO  impl.RoleInfo (RoleInfo.java:updateAndGet(139)) - b2f013c4-4cfd-4a33-b24a-9a71c6bbd892: start b2f013c4-4cfd-4a33-b24a-9a71c6bbd892@group-FB30D226CB40-FollowerState
2023-04-21 06:15:38,707 [b2f013c4-4cfd-4a33-b24a-9a71c6bbd892@group-FB30D226CB40-FollowerState] INFO  impl.FollowerState (FollowerState.java:run(152)) - b2f013c4-4cfd-4a33-b24a-9a71c6bbd892@group-FB30D226CB40-FollowerState was interrupted
2023-04-21 06:15:38,709 [EventQueue-OpenPipelineForHealthyPipelineSafeModeRule] INFO  safemode.SCMSafeModeManager (HealthyPipelineSafeModeRule.java:process(137)) - SCM in safe mode. Healthy pipelines reported count is 1, required healthy pipeline reported count is 1
2023-04-21 06:15:38,719 [grpc-default-executor-0] INFO  server.RaftServer$Division (RaftServerImpl.java:requestVote(1251)) - b2f013c4-4cfd-4a33-b24a-9a71c6bbd892@group-FB30D226CB40 replies to ELECTION vote request: 54e06896-f90f-443b-a024-7fd1f14ff9aa<-b2f013c4-4cfd-4a33-b24a-9a71c6bbd892#0:OK-t1. Peer's state: b2f013c4-4cfd-4a33-b24a-9a71c6bbd892@group-FB30D226CB40:t1, leader=null, voted=54e06896-f90f-443b-a024-7fd1f14ff9aa, raftlog=Memoized:b2f013c4-4cfd-4a33-b24a-9a71c6bbd892@group-FB30D226CB40-SegmentedRaftLog:OPENED:c-1, conf=-1: peers:[85be5e62-7272-42cb-bae2-27068f8713e2|rpc:10.1.0.35:34951|dataStream:10.1.0.35:42643|priority:0|startupRole:FOLLOWER, b2f013c4-4cfd-4a33-b24a-9a71c6bbd892|rpc:10.1.0.35:45827|dataStream:10.1.0.35:37043|priority:0|startupRole:FOLLOWER, 54e06896-f90f-443b-a024-7fd1f14ff9aa|rpc:10.1.0.35:40081|dataStream:10.1.0.35:43055|priority:1|startupRole:FOLLOWER]|listeners:[], old=null
2023-04-21 06:15:38,719 [54e06896-f90f-443b-a024-7fd1f14ff9aa@group-FB30D226CB40-LeaderElection3] INFO  server.RaftServerConfigKeys (ConfUtils.java:logGet(46)) - raft.server.log.appender.snapshot.chunk.size.max = 16MB (=16777216) (default)
2023-04-21 06:15:38,719 [54e06896-f90f-443b-a024-7fd1f14ff9aa@group-FB30D226CB40-LeaderElection3] INFO  server.RaftServerConfigKeys (ConfUtils.java:logGet(46)) - raft.server.log.appender.buffer.byte-limit = 33554432 (custom)
2023-04-21 06:15:38,718 [b2f013c4-4cfd-4a33-b24a-9a71c6bbd892@group-FB30D226CB40-FollowerState] INFO  server.RaftServerConfigKeys (ConfUtils.java:logFallback(53)) - raft.server.rpc.first-election.timeout.min = 5s (fallback to raft.server.rpc.timeout.min)
2023-04-21 06:15:38,721 [grpc-default-executor-1] INFO  impl.VoteContext (VoteContext.java:log(49)) - b2f013c4-4cfd-4a33-b24a-9a71c6bbd892@group-FB30D226CB40-FOLLOWER: accept PRE_VOTE from 54e06896-f90f-443b-a024-7fd1f14ff9aa: our priority 0 <= candidate's priority 1
2023-04-21 06:15:38,720 [54e06896-f90f-443b-a024-7fd1f14ff9aa@group-FB30D226CB40-LeaderElection3] INFO  server.RaftServerConfigKeys (ConfUtils.java:logGet(46)) - raft.server.log.appender.buffer.element-limit = 1 (custom)
2023-04-21 06:15:38,722 [grpc-default-executor-1] INFO  server.RaftServer$Division (RaftServerImpl.java:requestVote(1251)) - b2f013c4-4cfd-4a33-b24a-9a71c6bbd892@group-FB30D226CB40 replies to PRE_VOTE vote request: 54e06896-f90f-443b-a024-7fd1f14ff9aa<-b2f013c4-4cfd-4a33-b24a-9a71c6bbd892#0:OK-t1. Peer's state: b2f013c4-4cfd-4a33-b24a-9a71c6bbd892@group-FB30D226CB40:t1, leader=null, voted=54e06896-f90f-443b-a024-7fd1f14ff9aa, raftlog=Memoized:b2f013c4-4cfd-4a33-b24a-9a71c6bbd892@group-FB30D226CB40-SegmentedRaftLog:OPENED:c-1, conf=-1: peers:[85be5e62-7272-42cb-bae2-27068f8713e2|rpc:10.1.0.35:34951|dataStream:10.1.0.35:42643|priority:0|startupRole:FOLLOWER, b2f013c4-4cfd-4a33-b24a-9a71c6bbd892|rpc:10.1.0.35:45827|dataStream:10.1.0.35:37043|priority:0|startupRole:FOLLOWER, 54e06896-f90f-443b-a024-7fd1f14ff9aa|rpc:10.1.0.35:40081|dataStream:10.1.0.35:43055|priority:1|startupRole:FOLLOWER]|listeners:[], old=null
2023-04-21 06:15:38,719 [EventQueue-OpenPipelineForHealthyPipelineSafeModeRule] INFO  safemode.SCMSafeModeManager (SCMSafeModeManager.java:validateSafeModeExitRules(200)) - HealthyPipelineSafeModeRule rule is successfully validated
2023-04-21 06:15:38,722 [EventQueue-OpenPipelineForHealthyPipelineSafeModeRule] INFO  safemode.SCMSafeModeManager (SCMSafeModeManager.java:validateSafeModeExitRules(215)) - ScmSafeModeManager, all rules are successfully validated
2023-04-21 06:15:38,722 [EventQueue-OpenPipelineForHealthyPipelineSafeModeRule] INFO  safemode.SCMSafeModeManager (SCMSafeModeManager.java:exitSafeMode(244)) - SCM exiting safe mode.
2023-04-21 06:15:38,722 [EventQueue-OpenPipelineForHealthyPipelineSafeModeRule] INFO  ha.SCMContext (SCMContext.java:updateSafeModeStatus(228)) - Update SafeModeStatus from SafeModeStatus{safeModeStatus=true, preCheckPassed=true} to SafeModeStatus{safeModeStatus=false, preCheckPassed=true}.
2023-04-21 06:15:38,723 [EventQueue-OpenPipelineForHealthyPipelineSafeModeRule] INFO  pipeline.BackgroundPipelineCreator (BackgroundPipelineCreator.java:notifyStatusChanged(254)) - Service BackgroundPipelineCreator transitions to RUNNING.
2023-04-21 06:15:38,723 [EventQueue-OpenPipelineForHealthyPipelineSafeModeRule] INFO  BackgroundPipelineScrubber (BackgroundSCMService.java:notifyStatusChanged(82)) - Service BackgroundPipelineScrubber transitions to RUNNING.
2023-04-21 06:15:38,723 [EventQueue-OpenPipelineForHealthyPipelineSafeModeRule] INFO  ExpiredContainerReplicaOpScrubber (BackgroundSCMService.java:notifyStatusChanged(82)) - Service ExpiredContainerReplicaOpScrubber transitions to RUNNING.
2023-04-21 06:15:38,723 [EventQueue-OpenPipelineForHealthyPipelineSafeModeRule] INFO  replication.ReplicationManager (ReplicationManager.java:notifyStatusChanged(1371)) - Service ReplicationManager transitions to RUNNING.
2023-04-21 06:15:38,722 [b2f013c4-4cfd-4a33-b24a-9a71c6bbd892@group-FB30D226CB40-FollowerState] INFO  server.RaftServerConfigKeys (ConfUtils.java:logFallback(53)) - raft.server.rpc.first-election.timeout.max = 5200ms (fallback to raft.server.rpc.timeout.max)
2023-04-21 06:15:38,728 [EventQueue-OpenPipelineForHealthyPipelineSafeModeRule] WARN  balancer.ContainerBalancer (ContainerBalancer.java:shouldRun(132)) - Could not find persisted configuration for ContainerBalancer when checking if ContainerBalancer should run. ContainerBalancer should not run now.
2023-04-21 06:15:38,730 [54e06896-f90f-443b-a024-7fd1f14ff9aa@group-FB30D226CB40-LeaderElection3] INFO  grpc.GrpcConfigKeys (ConfUtils.java:logGet(46)) - raft.grpc.server.leader.outstanding.appends.max = 128 (default)
2023-04-21 06:15:38,730 [54e06896-f90f-443b-a024-7fd1f14ff9aa@group-FB30D226CB40-LeaderElection3] INFO  server.RaftServerConfigKeys (ConfUtils.java:logGet(46)) - raft.server.rpc.request.timeout = 60s (custom)
2023-04-21 06:15:38,730 [54e06896-f90f-443b-a024-7fd1f14ff9aa@group-FB30D226CB40-LeaderElection3] INFO  server.RaftServerConfigKeys (ConfUtils.java:logGet(46)) - raft.server.log.appender.install.snapshot.enabled = false (custom)
2023-04-21 06:15:38,730 [54e06896-f90f-443b-a024-7fd1f14ff9aa@group-FB30D226CB40-LeaderElection3] INFO  grpc.GrpcConfigKeys (ConfUtils.java:logGet(46)) - raft.grpc.server.heartbeat.channel = true (default)
2023-04-21 06:15:38,730 [54e06896-f90f-443b-a024-7fd1f14ff9aa@group-FB30D226CB40-LeaderElection3] INFO  server.RaftServerConfigKeys (ConfUtils.java:logGet(46)) - raft.server.log.appender.wait-time.min = 10ms (default)
2023-04-21 06:15:38,732 [54e06896-f90f-443b-a024-7fd1f14ff9aa@group-FB30D226CB40-LeaderElection3] INFO  server.RaftServerConfigKeys (ConfUtils.java:logGet(46)) - raft.server.log.appender.snapshot.chunk.size.max = 16MB (=16777216) (default)
2023-04-21 06:15:38,732 [54e06896-f90f-443b-a024-7fd1f14ff9aa@group-FB30D226CB40-LeaderElection3] INFO  server.RaftServerConfigKeys (ConfUtils.java:logGet(46)) - raft.server.log.appender.buffer.byte-limit = 33554432 (custom)
2023-04-21 06:15:38,732 [54e06896-f90f-443b-a024-7fd1f14ff9aa@group-FB30D226CB40-LeaderElection3] INFO  server.RaftServerConfigKeys (ConfUtils.java:logGet(46)) - raft.server.log.appender.buffer.element-limit = 1 (custom)
2023-04-21 06:15:38,732 [54e06896-f90f-443b-a024-7fd1f14ff9aa@group-FB30D226CB40-LeaderElection3] INFO  grpc.GrpcConfigKeys (ConfUtils.java:logGet(46)) - raft.grpc.server.leader.outstanding.appends.max = 128 (default)
2023-04-21 06:15:38,732 [54e06896-f90f-443b-a024-7fd1f14ff9aa@group-FB30D226CB40-LeaderElection3] INFO  server.RaftServerConfigKeys (ConfUtils.java:logGet(46)) - raft.server.rpc.request.timeout = 60s (custom)
2023-04-21 06:15:38,732 [54e06896-f90f-443b-a024-7fd1f14ff9aa@group-FB30D226CB40-LeaderElection3] INFO  server.RaftServerConfigKeys (ConfUtils.java:logGet(46)) - raft.server.log.appender.install.snapshot.enabled = false (custom)
2023-04-21 06:15:38,732 [54e06896-f90f-443b-a024-7fd1f14ff9aa@group-FB30D226CB40-LeaderElection3] INFO  grpc.GrpcConfigKeys (ConfUtils.java:logGet(46)) - raft.grpc.server.heartbeat.channel = true (default)
2023-04-21 06:15:38,732 [54e06896-f90f-443b-a024-7fd1f14ff9aa@group-FB30D226CB40-LeaderElection3] INFO  server.RaftServerConfigKeys (ConfUtils.java:logGet(46)) - raft.server.log.appender.wait-time.min = 10ms (default)
2023-04-21 06:15:38,733 [54e06896-f90f-443b-a024-7fd1f14ff9aa@group-FB30D226CB40-LeaderElection3] INFO  impl.RoleInfo (RoleInfo.java:updateAndGet(139)) - 54e06896-f90f-443b-a024-7fd1f14ff9aa: start 54e06896-f90f-443b-a024-7fd1f14ff9aa@group-FB30D226CB40-LeaderStateImpl
2023-04-21 06:15:38,733 [54e06896-f90f-443b-a024-7fd1f14ff9aa@group-FB30D226CB40-LeaderElection3] INFO  segmented.SegmentedRaftLogWorker (SegmentedRaftLogWorker.java:startLogSegment(452)) - 54e06896-f90f-443b-a024-7fd1f14ff9aa@group-FB30D226CB40-SegmentedRaftLogWorker: Starting segment from index:0
2023-04-21 06:15:38,735 [54e06896-f90f-443b-a024-7fd1f14ff9aa@group-FB30D226CB40-SegmentedRaftLogWorker] INFO  segmented.SegmentedRaftLogWorker (SegmentedRaftLogWorker.java:execute(656)) - 54e06896-f90f-443b-a024-7fd1f14ff9aa@group-FB30D226CB40-SegmentedRaftLogWorker: created new log segment /home/runner/work/ozone/ozone/hadoop-ozone/integration-test/target/test-dir/MiniOzoneClusterImpl-222c068d-693f-41e7-a147-5f3bf9f7a261/datanode-0/data/ratis/bede97ea-03b7-4748-982f-fb30d226cb40/current/log_inprogress_0
2023-04-21 06:15:38,746 [54e06896-f90f-443b-a024-7fd1f14ff9aa@group-FB30D226CB40-LeaderElection3] INFO  server.RaftServer$Division (ServerState.java:setRaftConf(430)) - 54e06896-f90f-443b-a024-7fd1f14ff9aa@group-FB30D226CB40: set configuration 0: peers:[85be5e62-7272-42cb-bae2-27068f8713e2|rpc:10.1.0.35:34951|dataStream:10.1.0.35:42643|priority:0|startupRole:FOLLOWER, b2f013c4-4cfd-4a33-b24a-9a71c6bbd892|rpc:10.1.0.35:45827|dataStream:10.1.0.35:37043|priority:0|startupRole:FOLLOWER, 54e06896-f90f-443b-a024-7fd1f14ff9aa|rpc:10.1.0.35:40081|dataStream:10.1.0.35:43055|priority:1|startupRole:FOLLOWER]|listeners:[], old=null
2023-04-21 06:15:38,780 [b2f013c4-4cfd-4a33-b24a-9a71c6bbd892-server-thread2] INFO  ratis.XceiverServerRatis (XceiverServerRatis.java:handleLeaderChangedNotification(904)) - Leader change notification received for group: group-FB30D226CB40 with new leaderId: 54e06896-f90f-443b-a024-7fd1f14ff9aa
2023-04-21 06:15:38,780 [b2f013c4-4cfd-4a33-b24a-9a71c6bbd892-server-thread2] INFO  server.RaftServer$Division (ServerState.java:setLeader(313)) - b2f013c4-4cfd-4a33-b24a-9a71c6bbd892@group-FB30D226CB40: change Leader from null to 54e06896-f90f-443b-a024-7fd1f14ff9aa at term 1 for appendEntries, leader elected after 5083ms
2023-04-21 06:15:38,797 [b2f013c4-4cfd-4a33-b24a-9a71c6bbd892-server-thread1] INFO  server.RaftServer$Division (ServerState.java:setRaftConf(430)) - b2f013c4-4cfd-4a33-b24a-9a71c6bbd892@group-FB30D226CB40: set configuration 0: peers:[85be5e62-7272-42cb-bae2-27068f8713e2|rpc:10.1.0.35:34951|dataStream:10.1.0.35:42643|priority:0|startupRole:FOLLOWER, b2f013c4-4cfd-4a33-b24a-9a71c6bbd892|rpc:10.1.0.35:45827|dataStream:10.1.0.35:37043|priority:0|startupRole:FOLLOWER, 54e06896-f90f-443b-a024-7fd1f14ff9aa|rpc:10.1.0.35:40081|dataStream:10.1.0.35:43055|priority:1|startupRole:FOLLOWER]|listeners:[], old=null
2023-04-21 06:15:38,803 [85be5e62-7272-42cb-bae2-27068f8713e2-server-thread2] INFO  ratis.XceiverServerRatis (XceiverServerRatis.java:handleLeaderChangedNotification(904)) - Leader change notification received for group: group-FB30D226CB40 with new leaderId: 54e06896-f90f-443b-a024-7fd1f14ff9aa
2023-04-21 06:15:38,803 [85be5e62-7272-42cb-bae2-27068f8713e2-server-thread2] INFO  server.RaftServer$Division (ServerState.java:setLeader(313)) - 85be5e62-7272-42cb-bae2-27068f8713e2@group-FB30D226CB40: change Leader from null to 54e06896-f90f-443b-a024-7fd1f14ff9aa at term 1 for appendEntries, leader elected after 5123ms
2023-04-21 06:15:38,803 [b2f013c4-4cfd-4a33-b24a-9a71c6bbd892-server-thread1] INFO  segmented.SegmentedRaftLogWorker (SegmentedRaftLogWorker.java:startLogSegment(452)) - b2f013c4-4cfd-4a33-b24a-9a71c6bbd892@group-FB30D226CB40-SegmentedRaftLogWorker: Starting segment from index:0
2023-04-21 06:15:38,804 [85be5e62-7272-42cb-bae2-27068f8713e2-server-thread2] INFO  server.RaftServer$Division (ServerState.java:setRaftConf(430)) - 85be5e62-7272-42cb-bae2-27068f8713e2@group-FB30D226CB40: set configuration 0: peers:[85be5e62-7272-42cb-bae2-27068f8713e2|rpc:10.1.0.35:34951|dataStream:10.1.0.35:42643|priority:0|startupRole:FOLLOWER, b2f013c4-4cfd-4a33-b24a-9a71c6bbd892|rpc:10.1.0.35:45827|dataStream:10.1.0.35:37043|priority:0|startupRole:FOLLOWER, 54e06896-f90f-443b-a024-7fd1f14ff9aa|rpc:10.1.0.35:40081|dataStream:10.1.0.35:43055|priority:1|startupRole:FOLLOWER]|listeners:[], old=null
2023-04-21 06:15:38,806 [85be5e62-7272-42cb-bae2-27068f8713e2-server-thread2] INFO  segmented.SegmentedRaftLogWorker (SegmentedRaftLogWorker.java:startLogSegment(452)) - 85be5e62-7272-42cb-bae2-27068f8713e2@group-FB30D226CB40-SegmentedRaftLogWorker: Starting segment from index:0
2023-04-21 06:15:38,809 [b2f013c4-4cfd-4a33-b24a-9a71c6bbd892@group-FB30D226CB40-SegmentedRaftLogWorker] INFO  segmented.SegmentedRaftLogWorker (SegmentedRaftLogWorker.java:execute(656)) - b2f013c4-4cfd-4a33-b24a-9a71c6bbd892@group-FB30D226CB40-SegmentedRaftLogWorker: created new log segment /home/runner/work/ozone/ozone/hadoop-ozone/integration-test/target/test-dir/MiniOzoneClusterImpl-222c068d-693f-41e7-a147-5f3bf9f7a261/datanode-1/data/ratis/bede97ea-03b7-4748-982f-fb30d226cb40/current/log_inprogress_0
2023-04-21 06:15:38,810 [85be5e62-7272-42cb-bae2-27068f8713e2@group-FB30D226CB40-SegmentedRaftLogWorker] INFO  segmented.SegmentedRaftLogWorker (SegmentedRaftLogWorker.java:execute(656)) - 85be5e62-7272-42cb-bae2-27068f8713e2@group-FB30D226CB40-SegmentedRaftLogWorker: created new log segment /home/runner/work/ozone/ozone/hadoop-ozone/integration-test/target/test-dir/MiniOzoneClusterImpl-222c068d-693f-41e7-a147-5f3bf9f7a261/datanode-2/data/ratis/bede97ea-03b7-4748-982f-fb30d226cb40/current/log_inprogress_0
2023-04-21 06:15:38,852 [b2f013c4-4cfd-4a33-b24a-9a71c6bbd892@group-F8360EEBFADC-FollowerState] INFO  impl.FollowerState (FollowerState.java:run(143)) - b2f013c4-4cfd-4a33-b24a-9a71c6bbd892@group-F8360EEBFADC-FollowerState: change to CANDIDATE, lastRpcElapsedTime:5165249314ns, electionTimeout:5158ms
2023-04-21 06:15:38,853 [b2f013c4-4cfd-4a33-b24a-9a71c6bbd892@group-F8360EEBFADC-FollowerState] INFO  impl.RoleInfo (RoleInfo.java:shutdownFollowerState(110)) - b2f013c4-4cfd-4a33-b24a-9a71c6bbd892: shutdown b2f013c4-4cfd-4a33-b24a-9a71c6bbd892@group-F8360EEBFADC-FollowerState
2023-04-21 06:15:38,853 [b2f013c4-4cfd-4a33-b24a-9a71c6bbd892@group-F8360EEBFADC-FollowerState] INFO  server.RaftServer$Division (RaftServerImpl.java:setRole(321)) - b2f013c4-4cfd-4a33-b24a-9a71c6bbd892@group-F8360EEBFADC: changes role from  FOLLOWER to CANDIDATE at term 0 for changeToCandidate
2023-04-21 06:15:38,853 [b2f013c4-4cfd-4a33-b24a-9a71c6bbd892@group-F8360EEBFADC-FollowerState] INFO  server.RaftServerConfigKeys (ConfUtils.java:logGet(46)) - raft.server.leaderelection.pre-vote = true (default)
2023-04-21 06:15:38,853 [b2f013c4-4cfd-4a33-b24a-9a71c6bbd892@group-F8360EEBFADC-FollowerState] INFO  impl.RoleInfo (RoleInfo.java:updateAndGet(139)) - b2f013c4-4cfd-4a33-b24a-9a71c6bbd892: start b2f013c4-4cfd-4a33-b24a-9a71c6bbd892@group-F8360EEBFADC-LeaderElection4
2023-04-21 06:15:38,855 [b2f013c4-4cfd-4a33-b24a-9a71c6bbd892@group-F8360EEBFADC-LeaderElection4] INFO  impl.LeaderElection (LeaderElection.java:askForVotes(312)) - b2f013c4-4cfd-4a33-b24a-9a71c6bbd892@group-F8360EEBFADC-LeaderElection4 PRE_VOTE round 0: submit vote requests at term 0 for -1: peers:[b2f013c4-4cfd-4a33-b24a-9a71c6bbd892|rpc:10.1.0.35:45827|dataStream:10.1.0.35:37043|priority:1|startupRole:FOLLOWER]|listeners:[], old=null
2023-04-21 06:15:38,855 [b2f013c4-4cfd-4a33-b24a-9a71c6bbd892@group-F8360EEBFADC-LeaderElection4] INFO  impl.LeaderElection (LeaderElection.java:askForVotes(314)) - b2f013c4-4cfd-4a33-b24a-9a71c6bbd892@group-F8360EEBFADC-LeaderElection4 PRE_VOTE round 0: result PASSED (term=0)
2023-04-21 06:15:38,858 [b2f013c4-4cfd-4a33-b24a-9a71c6bbd892@group-F8360EEBFADC-LeaderElection4] INFO  impl.LeaderElection (LeaderElection.java:askForVotes(312)) - b2f013c4-4cfd-4a33-b24a-9a71c6bbd892@group-F8360EEBFADC-LeaderElection4 ELECTION round 0: submit vote requests at term 1 for -1: peers:[b2f013c4-4cfd-4a33-b24a-9a71c6bbd892|rpc:10.1.0.35:45827|dataStream:10.1.0.35:37043|priority:1|startupRole:FOLLOWER]|listeners:[], old=null
2023-04-21 06:15:38,858 [b2f013c4-4cfd-4a33-b24a-9a71c6bbd892@group-F8360EEBFADC-LeaderElection4] INFO  impl.LeaderElection (LeaderElection.java:askForVotes(314)) - b2f013c4-4cfd-4a33-b24a-9a71c6bbd892@group-F8360EEBFADC-LeaderElection4 ELECTION round 0: result PASSED (term=1)
2023-04-21 06:15:38,858 [b2f013c4-4cfd-4a33-b24a-9a71c6bbd892@group-F8360EEBFADC-LeaderElection4] INFO  impl.RoleInfo (RoleInfo.java:shutdownLeaderElection(130)) - b2f013c4-4cfd-4a33-b24a-9a71c6bbd892: shutdown b2f013c4-4cfd-4a33-b24a-9a71c6bbd892@group-F8360EEBFADC-LeaderElection4
2023-04-21 06:15:38,858 [b2f013c4-4cfd-4a33-b24a-9a71c6bbd892@group-F8360EEBFADC-LeaderElection4] INFO  server.RaftServer$Division (RaftServerImpl.java:setRole(321)) - b2f013c4-4cfd-4a33-b24a-9a71c6bbd892@group-F8360EEBFADC: changes role from CANDIDATE to LEADER at term 1 for changeToLeader
2023-04-21 06:15:38,858 [b2f013c4-4cfd-4a33-b24a-9a71c6bbd892@group-F8360EEBFADC-LeaderElection4] INFO  ratis.XceiverServerRatis (XceiverServerRatis.java:handleLeaderChangedNotification(904)) - Leader change notification received for group: group-F8360EEBFADC with new leaderId: b2f013c4-4cfd-4a33-b24a-9a71c6bbd892
2023-04-21 06:15:38,860 [b2f013c4-4cfd-4a33-b24a-9a71c6bbd892@group-F8360EEBFADC-LeaderElection4] INFO  server.RaftServer$Division (ServerState.java:setLeader(313)) - b2f013c4-4cfd-4a33-b24a-9a71c6bbd892@group-F8360EEBFADC: change Leader from null to b2f013c4-4cfd-4a33-b24a-9a71c6bbd892 at term 1 for becomeLeader, leader elected after 5205ms
2023-04-21 06:15:38,860 [b2f013c4-4cfd-4a33-b24a-9a71c6bbd892@group-F8360EEBFADC-LeaderElection4] INFO  server.RaftServerConfigKeys (ConfUtils.java:logGet(46)) - raft.server.staging.catchup.gap = 1000 (default)
2023-04-21 06:15:38,861 [b2f013c4-4cfd-4a33-b24a-9a71c6bbd892@group-F8360EEBFADC-LeaderElection4] INFO  server.RaftServerConfigKeys (ConfUtils.java:logGet(46)) - raft.server.write.element-limit = 1024 (custom)
2023-04-21 06:15:38,861 [b2f013c4-4cfd-4a33-b24a-9a71c6bbd892@group-F8360EEBFADC-LeaderElection4] INFO  server.RaftServerConfigKeys (ConfUtils.java:logGet(46)) - raft.server.write.byte-limit = 1024 M (=1073741824) (custom)
2023-04-21 06:15:38,861 [b2f013c4-4cfd-4a33-b24a-9a71c6bbd892@group-F8360EEBFADC-LeaderElection4] INFO  server.RaftServerConfigKeys (ConfUtils.java:logGet(46)) - raft.server.watch.timeout = 180s (custom)
2023-04-21 06:15:38,861 [b2f013c4-4cfd-4a33-b24a-9a71c6bbd892@group-F8360EEBFADC-LeaderElection4] INFO  server.RaftServerConfigKeys (ConfUtils.java:logGet(46)) - raft.server.watch.timeout.denomination = 1s (default)
2023-04-21 06:15:38,861 [b2f013c4-4cfd-4a33-b24a-9a71c6bbd892@group-F8360EEBFADC-LeaderElection4] INFO  server.RaftServerConfigKeys (ConfUtils.java:logGet(46)) - raft.server.watch.element-limit = 65536 (default)
2023-04-21 06:15:38,861 [b2f013c4-4cfd-4a33-b24a-9a71c6bbd892@group-F8360EEBFADC-LeaderElection4] INFO  server.RaftServerConfigKeys (ConfUtils.java:logGet(46)) - raft.server.write.element-limit = 1024 (custom)
2023-04-21 06:15:38,861 [b2f013c4-4cfd-4a33-b24a-9a71c6bbd892@group-F8360EEBFADC-LeaderElection4] INFO  server.RaftServerConfigKeys (ConfUtils.java:logGet(46)) - raft.server.write.follower.gap.ratio.max = -1.0 (default)
2023-04-21 06:15:38,861 [b2f013c4-4cfd-4a33-b24a-9a71c6bbd892@group-F8360EEBFADC-LeaderElection4] INFO  impl.RoleInfo (RoleInfo.java:updateAndGet(139)) - b2f013c4-4cfd-4a33-b24a-9a71c6bbd892: start b2f013c4-4cfd-4a33-b24a-9a71c6bbd892@group-F8360EEBFADC-LeaderStateImpl
2023-04-21 06:15:38,862 [b2f013c4-4cfd-4a33-b24a-9a71c6bbd892@group-F8360EEBFADC-LeaderElection4] INFO  segmented.SegmentedRaftLogWorker (SegmentedRaftLogWorker.java:startLogSegment(452)) - b2f013c4-4cfd-4a33-b24a-9a71c6bbd892@group-F8360EEBFADC-SegmentedRaftLogWorker: Starting segment from index:0
2023-04-21 06:15:38,866 [b2f013c4-4cfd-4a33-b24a-9a71c6bbd892@group-F8360EEBFADC-LeaderElection4] INFO  server.RaftServer$Division (ServerState.java:setRaftConf(430)) - b2f013c4-4cfd-4a33-b24a-9a71c6bbd892@group-F8360EEBFADC: set configuration 0: peers:[b2f013c4-4cfd-4a33-b24a-9a71c6bbd892|rpc:10.1.0.35:45827|dataStream:10.1.0.35:37043|priority:1|startupRole:FOLLOWER]|listeners:[], old=null
2023-04-21 06:15:38,868 [b2f013c4-4cfd-4a33-b24a-9a71c6bbd892@group-F8360EEBFADC-SegmentedRaftLogWorker] INFO  segmented.SegmentedRaftLogWorker (SegmentedRaftLogWorker.java:execute(656)) - b2f013c4-4cfd-4a33-b24a-9a71c6bbd892@group-F8360EEBFADC-SegmentedRaftLogWorker: created new log segment /home/runner/work/ozone/ozone/hadoop-ozone/integration-test/target/test-dir/MiniOzoneClusterImpl-222c068d-693f-41e7-a147-5f3bf9f7a261/datanode-1/data/ratis/da4ba95e-5845-41c2-b687-f8360eebfadc/current/log_inprogress_0
2023-04-21 06:15:39,010 [Listener at 127.0.0.1/39531] INFO  ozone.MiniOzoneClusterImpl (MiniOzoneClusterImpl.java:lambda$waitForClusterToBeReady$0(223)) - Nodes are ready. Got 3 of 3 DN Heartbeats.
2023-04-21 06:15:39,011 [Listener at 127.0.0.1/39531] INFO  ozone.MiniOzoneClusterImpl (MiniOzoneClusterImpl.java:lambda$waitForClusterToBeReady$0(226)) - Cluster exits safe mode
2023-04-21 06:15:39,011 [Listener at 127.0.0.1/39531] INFO  ozone.MiniOzoneClusterImpl (MiniOzoneClusterImpl.java:lambda$waitForClusterToBeReady$0(228)) - SCM became leader
2023-04-21 06:15:39,041 [54e06896-f90f-443b-a024-7fd1f14ff9aa@group-F55E66CD8798-FollowerState] INFO  impl.FollowerState (FollowerState.java:run(143)) - 54e06896-f90f-443b-a024-7fd1f14ff9aa@group-F55E66CD8798-FollowerState: change to CANDIDATE, lastRpcElapsedTime:5126685167ns, electionTimeout:5124ms
2023-04-21 06:15:39,041 [54e06896-f90f-443b-a024-7fd1f14ff9aa@group-F55E66CD8798-FollowerState] INFO  impl.RoleInfo (RoleInfo.java:shutdownFollowerState(110)) - 54e06896-f90f-443b-a024-7fd1f14ff9aa: shutdown 54e06896-f90f-443b-a024-7fd1f14ff9aa@group-F55E66CD8798-FollowerState
2023-04-21 06:15:39,041 [54e06896-f90f-443b-a024-7fd1f14ff9aa@group-F55E66CD8798-FollowerState] INFO  server.RaftServer$Division (RaftServerImpl.java:setRole(321)) - 54e06896-f90f-443b-a024-7fd1f14ff9aa@group-F55E66CD8798: changes role from  FOLLOWER to CANDIDATE at term 0 for changeToCandidate
2023-04-21 06:15:39,041 [54e06896-f90f-443b-a024-7fd1f14ff9aa@group-F55E66CD8798-FollowerState] INFO  server.RaftServerConfigKeys (ConfUtils.java:logGet(46)) - raft.server.leaderelection.pre-vote = true (default)
2023-04-21 06:15:39,041 [54e06896-f90f-443b-a024-7fd1f14ff9aa@group-F55E66CD8798-FollowerState] INFO  impl.RoleInfo (RoleInfo.java:updateAndGet(139)) - 54e06896-f90f-443b-a024-7fd1f14ff9aa: start 54e06896-f90f-443b-a024-7fd1f14ff9aa@group-F55E66CD8798-LeaderElection5
2023-04-21 06:15:39,048 [54e06896-f90f-443b-a024-7fd1f14ff9aa@group-F55E66CD8798-LeaderElection5] INFO  impl.LeaderElection (LeaderElection.java:askForVotes(312)) - 54e06896-f90f-443b-a024-7fd1f14ff9aa@group-F55E66CD8798-LeaderElection5 PRE_VOTE round 0: submit vote requests at term 0 for -1: peers:[85be5e62-7272-42cb-bae2-27068f8713e2|rpc:10.1.0.35:34951|dataStream:10.1.0.35:42643|priority:1|startupRole:FOLLOWER, b2f013c4-4cfd-4a33-b24a-9a71c6bbd892|rpc:10.1.0.35:45827|dataStream:10.1.0.35:37043|priority:0|startupRole:FOLLOWER, 54e06896-f90f-443b-a024-7fd1f14ff9aa|rpc:10.1.0.35:40081|dataStream:10.1.0.35:43055|priority:0|startupRole:FOLLOWER]|listeners:[], old=null
2023-04-21 06:15:39,051 [54e06896-f90f-443b-a024-7fd1f14ff9aa@group-F55E66CD8798-LeaderElection5] INFO  server.RaftServerConfigKeys (ConfUtils.java:logFallback(53)) - raft.server.rpc.first-election.timeout.min = 5s (fallback to raft.server.rpc.timeout.min)
2023-04-21 06:15:39,051 [54e06896-f90f-443b-a024-7fd1f14ff9aa@group-F55E66CD8798-LeaderElection5] INFO  server.RaftServerConfigKeys (ConfUtils.java:logFallback(53)) - raft.server.rpc.first-election.timeout.max = 5200ms (fallback to raft.server.rpc.timeout.max)
2023-04-21 06:15:39,052 [grpc-default-executor-2] INFO  server.RaftServer$Division (RaftServerImpl.java:requestVote(1218)) - 85be5e62-7272-42cb-bae2-27068f8713e2@group-F55E66CD8798: receive requestVote(PRE_VOTE, 54e06896-f90f-443b-a024-7fd1f14ff9aa, group-F55E66CD8798, 0, (t:0, i:0))
2023-04-21 06:15:39,054 [grpc-default-executor-2] INFO  impl.VoteContext (VoteContext.java:log(49)) - 85be5e62-7272-42cb-bae2-27068f8713e2@group-F55E66CD8798-FOLLOWER: reject PRE_VOTE from 54e06896-f90f-443b-a024-7fd1f14ff9aa: our priority 1 > candidate's priority 0
2023-04-21 06:15:39,054 [grpc-default-executor-2] INFO  server.RaftServer$Division (RaftServerImpl.java:requestVote(1251)) - 85be5e62-7272-42cb-bae2-27068f8713e2@group-F55E66CD8798 replies to PRE_VOTE vote request: 54e06896-f90f-443b-a024-7fd1f14ff9aa<-85be5e62-7272-42cb-bae2-27068f8713e2#0:FAIL-t0. Peer's state: 85be5e62-7272-42cb-bae2-27068f8713e2@group-F55E66CD8798:t0, leader=null, voted=, raftlog=Memoized:85be5e62-7272-42cb-bae2-27068f8713e2@group-F55E66CD8798-SegmentedRaftLog:OPENED:c-1, conf=-1: peers:[85be5e62-7272-42cb-bae2-27068f8713e2|rpc:10.1.0.35:34951|dataStream:10.1.0.35:42643|priority:1|startupRole:FOLLOWER, b2f013c4-4cfd-4a33-b24a-9a71c6bbd892|rpc:10.1.0.35:45827|dataStream:10.1.0.35:37043|priority:0|startupRole:FOLLOWER, 54e06896-f90f-443b-a024-7fd1f14ff9aa|rpc:10.1.0.35:40081|dataStream:10.1.0.35:43055|priority:0|startupRole:FOLLOWER]|listeners:[], old=null
2023-04-21 06:15:39,057 [54e06896-f90f-443b-a024-7fd1f14ff9aa@group-F55E66CD8798-LeaderElection5] INFO  impl.LeaderElection (LeaderElection.java:logAndReturn(90)) - 54e06896-f90f-443b-a024-7fd1f14ff9aa@group-F55E66CD8798-LeaderElection5: PRE_VOTE REJECTED received 1 response(s) and 0 exception(s):
2023-04-21 06:15:39,057 [54e06896-f90f-443b-a024-7fd1f14ff9aa@group-F55E66CD8798-LeaderElection5] INFO  impl.LeaderElection (LeaderElection.java:logAndReturn(94)) -   Response 0: 54e06896-f90f-443b-a024-7fd1f14ff9aa<-85be5e62-7272-42cb-bae2-27068f8713e2#0:FAIL-t0
2023-04-21 06:15:39,057 [54e06896-f90f-443b-a024-7fd1f14ff9aa@group-F55E66CD8798-LeaderElection5] INFO  impl.LeaderElection (LeaderElection.java:askForVotes(314)) - 54e06896-f90f-443b-a024-7fd1f14ff9aa@group-F55E66CD8798-LeaderElection5 PRE_VOTE round 0: result REJECTED
2023-04-21 06:15:39,057 [54e06896-f90f-443b-a024-7fd1f14ff9aa@group-F55E66CD8798-LeaderElection5] INFO  server.RaftServer$Division (RaftServerImpl.java:setRole(321)) - 54e06896-f90f-443b-a024-7fd1f14ff9aa@group-F55E66CD8798: changes role from CANDIDATE to FOLLOWER at term 0 for REJECTED
2023-04-21 06:15:39,057 [54e06896-f90f-443b-a024-7fd1f14ff9aa@group-F55E66CD8798-LeaderElection5] INFO  impl.RoleInfo (RoleInfo.java:shutdownLeaderElection(130)) - 54e06896-f90f-443b-a024-7fd1f14ff9aa: shutdown 54e06896-f90f-443b-a024-7fd1f14ff9aa@group-F55E66CD8798-LeaderElection5
2023-04-21 06:15:39,057 [54e06896-f90f-443b-a024-7fd1f14ff9aa@group-F55E66CD8798-LeaderElection5] INFO  impl.RoleInfo (RoleInfo.java:updateAndGet(139)) - 54e06896-f90f-443b-a024-7fd1f14ff9aa: start 54e06896-f90f-443b-a024-7fd1f14ff9aa@group-F55E66CD8798-FollowerState
2023-04-21 06:15:39,069 [grpc-default-executor-2] INFO  server.RaftServer$Division (RaftServerImpl.java:requestVote(1218)) - b2f013c4-4cfd-4a33-b24a-9a71c6bbd892@group-F55E66CD8798: receive requestVote(PRE_VOTE, 54e06896-f90f-443b-a024-7fd1f14ff9aa, group-F55E66CD8798, 0, (t:0, i:0))
2023-04-21 06:15:39,074 [grpc-default-executor-2] INFO  impl.VoteContext (VoteContext.java:log(49)) - b2f013c4-4cfd-4a33-b24a-9a71c6bbd892@group-F55E66CD8798-FOLLOWER: accept PRE_VOTE from 54e06896-f90f-443b-a024-7fd1f14ff9aa: our priority 0 <= candidate's priority 0
2023-04-21 06:15:39,074 [grpc-default-executor-2] INFO  server.RaftServer$Division (RaftServerImpl.java:requestVote(1251)) - b2f013c4-4cfd-4a33-b24a-9a71c6bbd892@group-F55E66CD8798 replies to PRE_VOTE vote request: 54e06896-f90f-443b-a024-7fd1f14ff9aa<-b2f013c4-4cfd-4a33-b24a-9a71c6bbd892#0:OK-t0. Peer's state: b2f013c4-4cfd-4a33-b24a-9a71c6bbd892@group-F55E66CD8798:t0, leader=null, voted=, raftlog=Memoized:b2f013c4-4cfd-4a33-b24a-9a71c6bbd892@group-F55E66CD8798-SegmentedRaftLog:OPENED:c-1, conf=-1: peers:[85be5e62-7272-42cb-bae2-27068f8713e2|rpc:10.1.0.35:34951|dataStream:10.1.0.35:42643|priority:1|startupRole:FOLLOWER, b2f013c4-4cfd-4a33-b24a-9a71c6bbd892|rpc:10.1.0.35:45827|dataStream:10.1.0.35:37043|priority:0|startupRole:FOLLOWER, 54e06896-f90f-443b-a024-7fd1f14ff9aa|rpc:10.1.0.35:40081|dataStream:10.1.0.35:43055|priority:0|startupRole:FOLLOWER]|listeners:[], old=null
2023-04-21 06:15:39,072 [54e06896-f90f-443b-a024-7fd1f14ff9aa@group-F55E66CD8798-FollowerState] INFO  server.RaftServerConfigKeys (ConfUtils.java:logFallback(53)) - raft.server.rpc.first-election.timeout.min = 5s (fallback to raft.server.rpc.timeout.min)
2023-04-21 06:15:39,076 [54e06896-f90f-443b-a024-7fd1f14ff9aa@group-F55E66CD8798-FollowerState] INFO  server.RaftServerConfigKeys (ConfUtils.java:logFallback(53)) - raft.server.rpc.first-election.timeout.max = 5200ms (fallback to raft.server.rpc.timeout.max)
2023-04-21 06:15:39,102 [b2f013c4-4cfd-4a33-b24a-9a71c6bbd892@group-F55E66CD8798-FollowerState] INFO  server.RaftServerConfigKeys (ConfUtils.java:logFallback(53)) - raft.server.rpc.first-election.timeout.min = 5s (fallback to raft.server.rpc.timeout.min)
2023-04-21 06:15:39,103 [b2f013c4-4cfd-4a33-b24a-9a71c6bbd892@group-F55E66CD8798-FollowerState] INFO  server.RaftServerConfigKeys (ConfUtils.java:logFallback(53)) - raft.server.rpc.first-election.timeout.max = 5200ms (fallback to raft.server.rpc.timeout.max)
2023-04-21 06:15:39,123 [85be5e62-7272-42cb-bae2-27068f8713e2@group-F55E66CD8798-FollowerState] INFO  impl.FollowerState (FollowerState.java:run(143)) - 85be5e62-7272-42cb-bae2-27068f8713e2@group-F55E66CD8798-FollowerState: change to CANDIDATE, lastRpcElapsedTime:5142940457ns, electionTimeout:5112ms
2023-04-21 06:15:39,123 [85be5e62-7272-42cb-bae2-27068f8713e2@group-F55E66CD8798-FollowerState] INFO  impl.RoleInfo (RoleInfo.java:shutdownFollowerState(110)) - 85be5e62-7272-42cb-bae2-27068f8713e2: shutdown 85be5e62-7272-42cb-bae2-27068f8713e2@group-F55E66CD8798-FollowerState
2023-04-21 06:15:39,123 [85be5e62-7272-42cb-bae2-27068f8713e2@group-F55E66CD8798-FollowerState] INFO  server.RaftServer$Division (RaftServerImpl.java:setRole(321)) - 85be5e62-7272-42cb-bae2-27068f8713e2@group-F55E66CD8798: changes role from  FOLLOWER to CANDIDATE at term 0 for changeToCandidate
2023-04-21 06:15:39,123 [85be5e62-7272-42cb-bae2-27068f8713e2@group-F55E66CD8798-FollowerState] INFO  server.RaftServerConfigKeys (ConfUtils.java:logGet(46)) - raft.server.leaderelection.pre-vote = true (default)
2023-04-21 06:15:39,123 [85be5e62-7272-42cb-bae2-27068f8713e2@group-F55E66CD8798-FollowerState] INFO  impl.RoleInfo (RoleInfo.java:updateAndGet(139)) - 85be5e62-7272-42cb-bae2-27068f8713e2: start 85be5e62-7272-42cb-bae2-27068f8713e2@group-F55E66CD8798-LeaderElection6
2023-04-21 06:15:39,128 [85be5e62-7272-42cb-bae2-27068f8713e2@group-F55E66CD8798-LeaderElection6] INFO  impl.LeaderElection (LeaderElection.java:askForVotes(312)) - 85be5e62-7272-42cb-bae2-27068f8713e2@group-F55E66CD8798-LeaderElection6 PRE_VOTE round 0: submit vote requests at term 0 for -1: peers:[85be5e62-7272-42cb-bae2-27068f8713e2|rpc:10.1.0.35:34951|dataStream:10.1.0.35:42643|priority:1|startupRole:FOLLOWER, b2f013c4-4cfd-4a33-b24a-9a71c6bbd892|rpc:10.1.0.35:45827|dataStream:10.1.0.35:37043|priority:0|startupRole:FOLLOWER, 54e06896-f90f-443b-a024-7fd1f14ff9aa|rpc:10.1.0.35:40081|dataStream:10.1.0.35:43055|priority:0|startupRole:FOLLOWER]|listeners:[], old=null
2023-04-21 06:15:39,132 [85be5e62-7272-42cb-bae2-27068f8713e2@group-F55E66CD8798-LeaderElection6-1] INFO  server.GrpcServerProtocolClient (GrpcServerProtocolClient.java:<init>(63)) - Build channel for b2f013c4-4cfd-4a33-b24a-9a71c6bbd892
2023-04-21 06:15:39,132 [85be5e62-7272-42cb-bae2-27068f8713e2@group-F8B97ACD73F9-FollowerState] INFO  impl.FollowerState (FollowerState.java:run(143)) - 85be5e62-7272-42cb-bae2-27068f8713e2@group-F8B97ACD73F9-FollowerState: change to CANDIDATE, lastRpcElapsedTime:5098427684ns, electionTimeout:5097ms
2023-04-21 06:15:39,138 [85be5e62-7272-42cb-bae2-27068f8713e2@group-F8B97ACD73F9-FollowerState] INFO  impl.RoleInfo (RoleInfo.java:shutdownFollowerState(110)) - 85be5e62-7272-42cb-bae2-27068f8713e2: shutdown 85be5e62-7272-42cb-bae2-27068f8713e2@group-F8B97ACD73F9-FollowerState
2023-04-21 06:15:39,138 [85be5e62-7272-42cb-bae2-27068f8713e2@group-F8B97ACD73F9-FollowerState] INFO  server.RaftServer$Division (RaftServerImpl.java:setRole(321)) - 85be5e62-7272-42cb-bae2-27068f8713e2@group-F8B97ACD73F9: changes role from  FOLLOWER to CANDIDATE at term 0 for changeToCandidate
2023-04-21 06:15:39,138 [85be5e62-7272-42cb-bae2-27068f8713e2@group-F8B97ACD73F9-FollowerState] INFO  server.RaftServerConfigKeys (ConfUtils.java:logGet(46)) - raft.server.leaderelection.pre-vote = true (default)
2023-04-21 06:15:39,138 [85be5e62-7272-42cb-bae2-27068f8713e2@group-F8B97ACD73F9-FollowerState] INFO  impl.RoleInfo (RoleInfo.java:updateAndGet(139)) - 85be5e62-7272-42cb-bae2-27068f8713e2: start 85be5e62-7272-42cb-bae2-27068f8713e2@group-F8B97ACD73F9-LeaderElection7
2023-04-21 06:15:39,137 [85be5e62-7272-42cb-bae2-27068f8713e2@group-F55E66CD8798-LeaderElection6] INFO  server.RaftServerConfigKeys (ConfUtils.java:logFallback(53)) - raft.server.rpc.first-election.timeout.min = 5s (fallback to raft.server.rpc.timeout.min)
2023-04-21 06:15:39,139 [85be5e62-7272-42cb-bae2-27068f8713e2@group-F55E66CD8798-LeaderElection6] INFO  server.RaftServerConfigKeys (ConfUtils.java:logFallback(53)) - raft.server.rpc.first-election.timeout.max = 5200ms (fallback to raft.server.rpc.timeout.max)
2023-04-21 06:15:39,142 [85be5e62-7272-42cb-bae2-27068f8713e2@group-F55E66CD8798-LeaderElection6-2] INFO  server.GrpcServerProtocolClient (GrpcServerProtocolClient.java:<init>(63)) - Build channel for 54e06896-f90f-443b-a024-7fd1f14ff9aa
2023-04-21 06:15:39,163 [85be5e62-7272-42cb-bae2-27068f8713e2@group-F8B97ACD73F9-LeaderElection7] INFO  impl.LeaderElection (LeaderElection.java:askForVotes(312)) - 85be5e62-7272-42cb-bae2-27068f8713e2@group-F8B97ACD73F9-LeaderElection7 PRE_VOTE round 0: submit vote requests at term 0 for -1: peers:[85be5e62-7272-42cb-bae2-27068f8713e2|rpc:10.1.0.35:34951|dataStream:10.1.0.35:42643|priority:1|startupRole:FOLLOWER]|listeners:[], old=null
2023-04-21 06:15:39,163 [85be5e62-7272-42cb-bae2-27068f8713e2@group-F8B97ACD73F9-LeaderElection7] INFO  impl.LeaderElection (LeaderElection.java:askForVotes(314)) - 85be5e62-7272-42cb-bae2-27068f8713e2@group-F8B97ACD73F9-LeaderElection7 PRE_VOTE round 0: result PASSED (term=0)
2023-04-21 06:15:39,165 [85be5e62-7272-42cb-bae2-27068f8713e2@group-F8B97ACD73F9-LeaderElection7] INFO  impl.LeaderElection (LeaderElection.java:askForVotes(312)) - 85be5e62-7272-42cb-bae2-27068f8713e2@group-F8B97ACD73F9-LeaderElection7 ELECTION round 0: submit vote requests at term 1 for -1: peers:[85be5e62-7272-42cb-bae2-27068f8713e2|rpc:10.1.0.35:34951|dataStream:10.1.0.35:42643|priority:1|startupRole:FOLLOWER]|listeners:[], old=null
2023-04-21 06:15:39,165 [85be5e62-7272-42cb-bae2-27068f8713e2@group-F8B97ACD73F9-LeaderElection7] INFO  impl.LeaderElection (LeaderElection.java:askForVotes(314)) - 85be5e62-7272-42cb-bae2-27068f8713e2@group-F8B97ACD73F9-LeaderElection7 ELECTION round 0: result PASSED (term=1)
2023-04-21 06:15:39,165 [85be5e62-7272-42cb-bae2-27068f8713e2@group-F8B97ACD73F9-LeaderElection7] INFO  impl.RoleInfo (RoleInfo.java:shutdownLeaderElection(130)) - 85be5e62-7272-42cb-bae2-27068f8713e2: shutdown 85be5e62-7272-42cb-bae2-27068f8713e2@group-F8B97ACD73F9-LeaderElection7
2023-04-21 06:15:39,165 [85be5e62-7272-42cb-bae2-27068f8713e2@group-F8B97ACD73F9-LeaderElection7] INFO  server.RaftServer$Division (RaftServerImpl.java:setRole(321)) - 85be5e62-7272-42cb-bae2-27068f8713e2@group-F8B97ACD73F9: changes role from CANDIDATE to LEADER at term 1 for changeToLeader
2023-04-21 06:15:39,165 [85be5e62-7272-42cb-bae2-27068f8713e2@group-F8B97ACD73F9-LeaderElection7] INFO  ratis.XceiverServerRatis (XceiverServerRatis.java:handleLeaderChangedNotification(904)) - Leader change notification received for group: group-F8B97ACD73F9 with new leaderId: 85be5e62-7272-42cb-bae2-27068f8713e2
2023-04-21 06:15:39,165 [85be5e62-7272-42cb-bae2-27068f8713e2@group-F8B97ACD73F9-LeaderElection7] INFO  server.RaftServer$Division (ServerState.java:setLeader(313)) - 85be5e62-7272-42cb-bae2-27068f8713e2@group-F8B97ACD73F9: change Leader from null to 85be5e62-7272-42cb-bae2-27068f8713e2 at term 1 for becomeLeader, leader elected after 5155ms
2023-04-21 06:15:39,165 [85be5e62-7272-42cb-bae2-27068f8713e2@group-F8B97ACD73F9-LeaderElection7] INFO  server.RaftServerConfigKeys (ConfUtils.java:logGet(46)) - raft.server.staging.catchup.gap = 1000 (default)
2023-04-21 06:15:39,169 [85be5e62-7272-42cb-bae2-27068f8713e2@group-F8B97ACD73F9-LeaderElection7] INFO  server.RaftServerConfigKeys (ConfUtils.java:logGet(46)) - raft.server.write.element-limit = 1024 (custom)
2023-04-21 06:15:39,169 [85be5e62-7272-42cb-bae2-27068f8713e2@group-F8B97ACD73F9-LeaderElection7] INFO  server.RaftServerConfigKeys (ConfUtils.java:logGet(46)) - raft.server.write.byte-limit = 1024 M (=1073741824) (custom)
2023-04-21 06:15:39,169 [85be5e62-7272-42cb-bae2-27068f8713e2@group-F8B97ACD73F9-LeaderElection7] INFO  server.RaftServerConfigKeys (ConfUtils.java:logGet(46)) - raft.server.watch.timeout = 180s (custom)
2023-04-21 06:15:39,169 [85be5e62-7272-42cb-bae2-27068f8713e2@group-F8B97ACD73F9-LeaderElection7] INFO  server.RaftServerConfigKeys (ConfUtils.java:logGet(46)) - raft.server.watch.timeout.denomination = 1s (default)
2023-04-21 06:15:39,169 [85be5e62-7272-42cb-bae2-27068f8713e2@group-F8B97ACD73F9-LeaderElection7] INFO  server.RaftServerConfigKeys (ConfUtils.java:logGet(46)) - raft.server.watch.element-limit = 65536 (default)
2023-04-21 06:15:39,169 [85be5e62-7272-42cb-bae2-27068f8713e2@group-F8B97ACD73F9-LeaderElection7] INFO  server.RaftServerConfigKeys (ConfUtils.java:logGet(46)) - raft.server.write.element-limit = 1024 (custom)
2023-04-21 06:15:39,169 [85be5e62-7272-42cb-bae2-27068f8713e2@group-F8B97ACD73F9-LeaderElection7] INFO  server.RaftServerConfigKeys (ConfUtils.java:logGet(46)) - raft.server.write.follower.gap.ratio.max = -1.0 (default)
2023-04-21 06:15:39,169 [85be5e62-7272-42cb-bae2-27068f8713e2@group-F8B97ACD73F9-LeaderElection7] INFO  impl.RoleInfo (RoleInfo.java:updateAndGet(139)) - 85be5e62-7272-42cb-bae2-27068f8713e2: start 85be5e62-7272-42cb-bae2-27068f8713e2@group-F8B97ACD73F9-LeaderStateImpl
2023-04-21 06:15:39,170 [85be5e62-7272-42cb-bae2-27068f8713e2@group-F8B97ACD73F9-LeaderElection7] INFO  segmented.SegmentedRaftLogWorker (SegmentedRaftLogWorker.java:startLogSegment(452)) - 85be5e62-7272-42cb-bae2-27068f8713e2@group-F8B97ACD73F9-SegmentedRaftLogWorker: Starting segment from index:0
2023-04-21 06:15:39,171 [85be5e62-7272-42cb-bae2-27068f8713e2@group-F8B97ACD73F9-SegmentedRaftLogWorker] INFO  segmented.SegmentedRaftLogWorker (SegmentedRaftLogWorker.java:execute(656)) - 85be5e62-7272-42cb-bae2-27068f8713e2@group-F8B97ACD73F9-SegmentedRaftLogWorker: created new log segment /home/runner/work/ozone/ozone/hadoop-ozone/integration-test/target/test-dir/MiniOzoneClusterImpl-222c068d-693f-41e7-a147-5f3bf9f7a261/datanode-2/data/ratis/a3b20caa-3273-4440-a0cf-f8b97acd73f9/current/log_inprogress_0
2023-04-21 06:15:39,180 [85be5e62-7272-42cb-bae2-27068f8713e2@group-F8B97ACD73F9-LeaderElection7] INFO  server.RaftServer$Division (ServerState.java:setRaftConf(430)) - 85be5e62-7272-42cb-bae2-27068f8713e2@group-F8B97ACD73F9: set configuration 0: peers:[85be5e62-7272-42cb-bae2-27068f8713e2|rpc:10.1.0.35:34951|dataStream:10.1.0.35:42643|priority:1|startupRole:FOLLOWER]|listeners:[], old=null
2023-04-21 06:15:39,189 [grpc-default-executor-2] INFO  server.RaftServer$Division (RaftServerImpl.java:requestVote(1218)) - b2f013c4-4cfd-4a33-b24a-9a71c6bbd892@group-F55E66CD8798: receive requestVote(PRE_VOTE, 85be5e62-7272-42cb-bae2-27068f8713e2, group-F55E66CD8798, 0, (t:0, i:0))
2023-04-21 06:15:39,189 [grpc-default-executor-2] INFO  impl.VoteContext (VoteContext.java:log(49)) - b2f013c4-4cfd-4a33-b24a-9a71c6bbd892@group-F55E66CD8798-FOLLOWER: accept PRE_VOTE from 85be5e62-7272-42cb-bae2-27068f8713e2: our priority 0 <= candidate's priority 1
2023-04-21 06:15:39,189 [grpc-default-executor-2] INFO  server.RaftServer$Division (RaftServerImpl.java:requestVote(1251)) - b2f013c4-4cfd-4a33-b24a-9a71c6bbd892@group-F55E66CD8798 replies to PRE_VOTE vote request: 85be5e62-7272-42cb-bae2-27068f8713e2<-b2f013c4-4cfd-4a33-b24a-9a71c6bbd892#0:OK-t0. Peer's state: b2f013c4-4cfd-4a33-b24a-9a71c6bbd892@group-F55E66CD8798:t0, leader=null, voted=, raftlog=Memoized:b2f013c4-4cfd-4a33-b24a-9a71c6bbd892@group-F55E66CD8798-SegmentedRaftLog:OPENED:c-1, conf=-1: peers:[85be5e62-7272-42cb-bae2-27068f8713e2|rpc:10.1.0.35:34951|dataStream:10.1.0.35:42643|priority:1|startupRole:FOLLOWER, b2f013c4-4cfd-4a33-b24a-9a71c6bbd892|rpc:10.1.0.35:45827|dataStream:10.1.0.35:37043|priority:0|startupRole:FOLLOWER, 54e06896-f90f-443b-a024-7fd1f14ff9aa|rpc:10.1.0.35:40081|dataStream:10.1.0.35:43055|priority:0|startupRole:FOLLOWER]|listeners:[], old=null
2023-04-21 06:15:39,206 [85be5e62-7272-42cb-bae2-27068f8713e2@group-F55E66CD8798-LeaderElection6] INFO  impl.LeaderElection (LeaderElection.java:logAndReturn(90)) - 85be5e62-7272-42cb-bae2-27068f8713e2@group-F55E66CD8798-LeaderElection6: PRE_VOTE PASSED received 1 response(s) and 0 exception(s):
2023-04-21 06:15:39,206 [85be5e62-7272-42cb-bae2-27068f8713e2@group-F55E66CD8798-LeaderElection6] INFO  impl.LeaderElection (LeaderElection.java:logAndReturn(94)) -   Response 0: 85be5e62-7272-42cb-bae2-27068f8713e2<-b2f013c4-4cfd-4a33-b24a-9a71c6bbd892#0:OK-t0
2023-04-21 06:15:39,206 [85be5e62-7272-42cb-bae2-27068f8713e2@group-F55E66CD8798-LeaderElection6] INFO  impl.LeaderElection (LeaderElection.java:askForVotes(314)) - 85be5e62-7272-42cb-bae2-27068f8713e2@group-F55E66CD8798-LeaderElection6 PRE_VOTE round 0: result PASSED
2023-04-21 06:15:39,210 [grpc-default-executor-2] INFO  server.RaftServer$Division (RaftServerImpl.java:requestVote(1218)) - 54e06896-f90f-443b-a024-7fd1f14ff9aa@group-F55E66CD8798: receive requestVote(PRE_VOTE, 85be5e62-7272-42cb-bae2-27068f8713e2, group-F55E66CD8798, 0, (t:0, i:0))
2023-04-21 06:15:39,213 [grpc-default-executor-2] INFO  impl.VoteContext (VoteContext.java:log(49)) - 54e06896-f90f-443b-a024-7fd1f14ff9aa@group-F55E66CD8798-FOLLOWER: accept PRE_VOTE from 85be5e62-7272-42cb-bae2-27068f8713e2: our priority 0 <= candidate's priority 1
2023-04-21 06:15:39,213 [grpc-default-executor-2] INFO  server.RaftServer$Division (RaftServerImpl.java:requestVote(1251)) - 54e06896-f90f-443b-a024-7fd1f14ff9aa@group-F55E66CD8798 replies to PRE_VOTE vote request: 85be5e62-7272-42cb-bae2-27068f8713e2<-54e06896-f90f-443b-a024-7fd1f14ff9aa#0:OK-t0. Peer's state: 54e06896-f90f-443b-a024-7fd1f14ff9aa@group-F55E66CD8798:t0, leader=null, voted=, raftlog=Memoized:54e06896-f90f-443b-a024-7fd1f14ff9aa@group-F55E66CD8798-SegmentedRaftLog:OPENED:c-1, conf=-1: peers:[85be5e62-7272-42cb-bae2-27068f8713e2|rpc:10.1.0.35:34951|dataStream:10.1.0.35:42643|priority:1|startupRole:FOLLOWER, b2f013c4-4cfd-4a33-b24a-9a71c6bbd892|rpc:10.1.0.35:45827|dataStream:10.1.0.35:37043|priority:0|startupRole:FOLLOWER, 54e06896-f90f-443b-a024-7fd1f14ff9aa|rpc:10.1.0.35:40081|dataStream:10.1.0.35:43055|priority:0|startupRole:FOLLOWER]|listeners:[], old=null
2023-04-21 06:15:39,213 [85be5e62-7272-42cb-bae2-27068f8713e2@group-F55E66CD8798-LeaderElection6] INFO  impl.LeaderElection (LeaderElection.java:askForVotes(312)) - 85be5e62-7272-42cb-bae2-27068f8713e2@group-F55E66CD8798-LeaderElection6 ELECTION round 0: submit vote requests at term 1 for -1: peers:[85be5e62-7272-42cb-bae2-27068f8713e2|rpc:10.1.0.35:34951|dataStream:10.1.0.35:42643|priority:1|startupRole:FOLLOWER, b2f013c4-4cfd-4a33-b24a-9a71c6bbd892|rpc:10.1.0.35:45827|dataStream:10.1.0.35:37043|priority:0|startupRole:FOLLOWER, 54e06896-f90f-443b-a024-7fd1f14ff9aa|rpc:10.1.0.35:40081|dataStream:10.1.0.35:43055|priority:0|startupRole:FOLLOWER]|listeners:[], old=null
2023-04-21 06:15:39,222 [85be5e62-7272-42cb-bae2-27068f8713e2@group-F55E66CD8798-LeaderElection6] INFO  server.RaftServerConfigKeys (ConfUtils.java:logFallback(53)) - raft.server.rpc.first-election.timeout.min = 5s (fallback to raft.server.rpc.timeout.min)
2023-04-21 06:15:39,222 [85be5e62-7272-42cb-bae2-27068f8713e2@group-F55E66CD8798-LeaderElection6] INFO  server.RaftServerConfigKeys (ConfUtils.java:logFallback(53)) - raft.server.rpc.first-election.timeout.max = 5200ms (fallback to raft.server.rpc.timeout.max)
2023-04-21 06:15:39,236 [grpc-default-executor-3] INFO  server.RaftServer$Division (RaftServerImpl.java:requestVote(1218)) - 54e06896-f90f-443b-a024-7fd1f14ff9aa@group-F55E66CD8798: receive requestVote(ELECTION, 85be5e62-7272-42cb-bae2-27068f8713e2, group-F55E66CD8798, 1, (t:0, i:0))
2023-04-21 06:15:39,236 [grpc-default-executor-2] INFO  server.RaftServer$Division (RaftServerImpl.java:requestVote(1218)) - b2f013c4-4cfd-4a33-b24a-9a71c6bbd892@group-F55E66CD8798: receive requestVote(ELECTION, 85be5e62-7272-42cb-bae2-27068f8713e2, group-F55E66CD8798, 1, (t:0, i:0))
2023-04-21 06:15:39,238 [grpc-default-executor-2] INFO  impl.VoteContext (VoteContext.java:log(49)) - b2f013c4-4cfd-4a33-b24a-9a71c6bbd892@group-F55E66CD8798-FOLLOWER: accept ELECTION from 85be5e62-7272-42cb-bae2-27068f8713e2: our priority 0 <= candidate's priority 1
2023-04-21 06:15:39,238 [grpc-default-executor-2] INFO  server.RaftServer$Division (RaftServerImpl.java:setRole(321)) - b2f013c4-4cfd-4a33-b24a-9a71c6bbd892@group-F55E66CD8798: changes role from  FOLLOWER to FOLLOWER at term 1 for candidate:85be5e62-7272-42cb-bae2-27068f8713e2
2023-04-21 06:15:39,238 [grpc-default-executor-2] INFO  impl.RoleInfo (RoleInfo.java:shutdownFollowerState(110)) - b2f013c4-4cfd-4a33-b24a-9a71c6bbd892: shutdown b2f013c4-4cfd-4a33-b24a-9a71c6bbd892@group-F55E66CD8798-FollowerState
2023-04-21 06:15:39,238 [grpc-default-executor-2] INFO  impl.RoleInfo (RoleInfo.java:updateAndGet(139)) - b2f013c4-4cfd-4a33-b24a-9a71c6bbd892: start b2f013c4-4cfd-4a33-b24a-9a71c6bbd892@group-F55E66CD8798-FollowerState
2023-04-21 06:15:39,238 [b2f013c4-4cfd-4a33-b24a-9a71c6bbd892@group-F55E66CD8798-FollowerState] INFO  impl.FollowerState (FollowerState.java:run(152)) - b2f013c4-4cfd-4a33-b24a-9a71c6bbd892@group-F55E66CD8798-FollowerState was interrupted
2023-04-21 06:15:39,238 [grpc-default-executor-3] INFO  impl.VoteContext (VoteContext.java:log(49)) - 54e06896-f90f-443b-a024-7fd1f14ff9aa@group-F55E66CD8798-FOLLOWER: accept ELECTION from 85be5e62-7272-42cb-bae2-27068f8713e2: our priority 0 <= candidate's priority 1
2023-04-21 06:15:39,238 [grpc-default-executor-3] INFO  server.RaftServer$Division (RaftServerImpl.java:setRole(321)) - 54e06896-f90f-443b-a024-7fd1f14ff9aa@group-F55E66CD8798: changes role from  FOLLOWER to FOLLOWER at term 1 for candidate:85be5e62-7272-42cb-bae2-27068f8713e2
2023-04-21 06:15:39,238 [grpc-default-executor-3] INFO  impl.RoleInfo (RoleInfo.java:shutdownFollowerState(110)) - 54e06896-f90f-443b-a024-7fd1f14ff9aa: shutdown 54e06896-f90f-443b-a024-7fd1f14ff9aa@group-F55E66CD8798-FollowerState
2023-04-21 06:15:39,246 [grpc-default-executor-3] INFO  impl.RoleInfo (RoleInfo.java:updateAndGet(139)) - 54e06896-f90f-443b-a024-7fd1f14ff9aa: start 54e06896-f90f-443b-a024-7fd1f14ff9aa@group-F55E66CD8798-FollowerState
2023-04-21 06:15:39,247 [54e06896-f90f-443b-a024-7fd1f14ff9aa@group-F55E66CD8798-FollowerState] INFO  impl.FollowerState (FollowerState.java:run(152)) - 54e06896-f90f-443b-a024-7fd1f14ff9aa@group-F55E66CD8798-FollowerState was interrupted
2023-04-21 06:15:39,248 [54e06896-f90f-443b-a024-7fd1f14ff9aa@group-F55E66CD8798-FollowerState] INFO  server.RaftServerConfigKeys (ConfUtils.java:logFallback(53)) - raft.server.rpc.first-election.timeout.min = 5s (fallback to raft.server.rpc.timeout.min)
2023-04-21 06:15:39,248 [54e06896-f90f-443b-a024-7fd1f14ff9aa@group-F55E66CD8798-FollowerState] INFO  server.RaftServerConfigKeys (ConfUtils.java:logFallback(53)) - raft.server.rpc.first-election.timeout.max = 5200ms (fallback to raft.server.rpc.timeout.max)
2023-04-21 06:15:39,249 [b2f013c4-4cfd-4a33-b24a-9a71c6bbd892@group-F55E66CD8798-FollowerState] INFO  server.RaftServerConfigKeys (ConfUtils.java:logFallback(53)) - raft.server.rpc.first-election.timeout.min = 5s (fallback to raft.server.rpc.timeout.min)
2023-04-21 06:15:39,251 [b2f013c4-4cfd-4a33-b24a-9a71c6bbd892@group-F55E66CD8798-FollowerState] INFO  server.RaftServerConfigKeys (ConfUtils.java:logFallback(53)) - raft.server.rpc.first-election.timeout.max = 5200ms (fallback to raft.server.rpc.timeout.max)
2023-04-21 06:15:39,250 [grpc-default-executor-2] INFO  server.RaftServer$Division (RaftServerImpl.java:requestVote(1251)) - b2f013c4-4cfd-4a33-b24a-9a71c6bbd892@group-F55E66CD8798 replies to ELECTION vote request: 85be5e62-7272-42cb-bae2-27068f8713e2<-b2f013c4-4cfd-4a33-b24a-9a71c6bbd892#0:OK-t1. Peer's state: b2f013c4-4cfd-4a33-b24a-9a71c6bbd892@group-F55E66CD8798:t1, leader=null, voted=85be5e62-7272-42cb-bae2-27068f8713e2, raftlog=Memoized:b2f013c4-4cfd-4a33-b24a-9a71c6bbd892@group-F55E66CD8798-SegmentedRaftLog:OPENED:c-1, conf=-1: peers:[85be5e62-7272-42cb-bae2-27068f8713e2|rpc:10.1.0.35:34951|dataStream:10.1.0.35:42643|priority:1|startupRole:FOLLOWER, b2f013c4-4cfd-4a33-b24a-9a71c6bbd892|rpc:10.1.0.35:45827|dataStream:10.1.0.35:37043|priority:0|startupRole:FOLLOWER, 54e06896-f90f-443b-a024-7fd1f14ff9aa|rpc:10.1.0.35:40081|dataStream:10.1.0.35:43055|priority:0|startupRole:FOLLOWER]|listeners:[], old=null
2023-04-21 06:15:39,253 [85be5e62-7272-42cb-bae2-27068f8713e2@group-F55E66CD8798-LeaderElection6] INFO  impl.LeaderElection (LeaderElection.java:logAndReturn(90)) - 85be5e62-7272-42cb-bae2-27068f8713e2@group-F55E66CD8798-LeaderElection6: ELECTION PASSED received 1 response(s) and 0 exception(s):
2023-04-21 06:15:39,253 [85be5e62-7272-42cb-bae2-27068f8713e2@group-F55E66CD8798-LeaderElection6] INFO  impl.LeaderElection (LeaderElection.java:logAndReturn(94)) -   Response 0: 85be5e62-7272-42cb-bae2-27068f8713e2<-b2f013c4-4cfd-4a33-b24a-9a71c6bbd892#0:OK-t1
2023-04-21 06:15:39,253 [85be5e62-7272-42cb-bae2-27068f8713e2@group-F55E66CD8798-LeaderElection6] INFO  impl.LeaderElection (LeaderElection.java:askForVotes(314)) - 85be5e62-7272-42cb-bae2-27068f8713e2@group-F55E66CD8798-LeaderElection6 ELECTION round 0: result PASSED
2023-04-21 06:15:39,253 [85be5e62-7272-42cb-bae2-27068f8713e2@group-F55E66CD8798-LeaderElection6] INFO  impl.RoleInfo (RoleInfo.java:shutdownLeaderElection(130)) - 85be5e62-7272-42cb-bae2-27068f8713e2: shutdown 85be5e62-7272-42cb-bae2-27068f8713e2@group-F55E66CD8798-LeaderElection6
2023-04-21 06:15:39,253 [85be5e62-7272-42cb-bae2-27068f8713e2@group-F55E66CD8798-LeaderElection6] INFO  server.RaftServer$Division (RaftServerImpl.java:setRole(321)) - 85be5e62-7272-42cb-bae2-27068f8713e2@group-F55E66CD8798: changes role from CANDIDATE to LEADER at term 1 for changeToLeader
2023-04-21 06:15:39,253 [85be5e62-7272-42cb-bae2-27068f8713e2@group-F55E66CD8798-LeaderElection6] INFO  ratis.XceiverServerRatis (XceiverServerRatis.java:handleLeaderChangedNotification(904)) - Leader change notification received for group: group-F55E66CD8798 with new leaderId: 85be5e62-7272-42cb-bae2-27068f8713e2
2023-04-21 06:15:39,253 [85be5e62-7272-42cb-bae2-27068f8713e2@group-F55E66CD8798-LeaderElection6] INFO  server.RaftServer$Division (ServerState.java:setLeader(313)) - 85be5e62-7272-42cb-bae2-27068f8713e2@group-F55E66CD8798: change Leader from null to 85be5e62-7272-42cb-bae2-27068f8713e2 at term 1 for becomeLeader, leader elected after 5291ms
2023-04-21 06:15:39,253 [85be5e62-7272-42cb-bae2-27068f8713e2@group-F55E66CD8798-LeaderElection6] INFO  server.RaftServerConfigKeys (ConfUtils.java:logGet(46)) - raft.server.staging.catchup.gap = 1000 (default)
2023-04-21 06:15:39,253 [85be5e62-7272-42cb-bae2-27068f8713e2@group-F55E66CD8798-LeaderElection6] INFO  server.RaftServerConfigKeys (ConfUtils.java:logGet(46)) - raft.server.write.element-limit = 1024 (custom)
2023-04-21 06:15:39,253 [85be5e62-7272-42cb-bae2-27068f8713e2@group-F55E66CD8798-LeaderElection6] INFO  server.RaftServerConfigKeys (ConfUtils.java:logGet(46)) - raft.server.write.byte-limit = 1024 M (=1073741824) (custom)
2023-04-21 06:15:39,254 [85be5e62-7272-42cb-bae2-27068f8713e2@group-F55E66CD8798-LeaderElection6] INFO  server.RaftServerConfigKeys (ConfUtils.java:logGet(46)) - raft.server.watch.timeout = 180s (custom)
2023-04-21 06:15:39,254 [85be5e62-7272-42cb-bae2-27068f8713e2@group-F55E66CD8798-LeaderElection6] INFO  server.RaftServerConfigKeys (ConfUtils.java:logGet(46)) - raft.server.watch.timeout.denomination = 1s (default)
2023-04-21 06:15:39,254 [85be5e62-7272-42cb-bae2-27068f8713e2@group-F55E66CD8798-LeaderElection6] INFO  server.RaftServerConfigKeys (ConfUtils.java:logGet(46)) - raft.server.watch.element-limit = 65536 (default)
2023-04-21 06:15:39,254 [85be5e62-7272-42cb-bae2-27068f8713e2@group-F55E66CD8798-LeaderElection6] INFO  server.RaftServerConfigKeys (ConfUtils.java:logGet(46)) - raft.server.write.element-limit = 1024 (custom)
2023-04-21 06:15:39,254 [85be5e62-7272-42cb-bae2-27068f8713e2@group-F55E66CD8798-LeaderElection6] INFO  server.RaftServerConfigKeys (ConfUtils.java:logGet(46)) - raft.server.write.follower.gap.ratio.max = -1.0 (default)
2023-04-21 06:15:39,255 [grpc-default-executor-3] INFO  server.RaftServer$Division (RaftServerImpl.java:requestVote(1251)) - 54e06896-f90f-443b-a024-7fd1f14ff9aa@group-F55E66CD8798 replies to ELECTION vote request: 85be5e62-7272-42cb-bae2-27068f8713e2<-54e06896-f90f-443b-a024-7fd1f14ff9aa#0:OK-t1. Peer's state: 54e06896-f90f-443b-a024-7fd1f14ff9aa@group-F55E66CD8798:t1, leader=null, voted=85be5e62-7272-42cb-bae2-27068f8713e2, raftlog=Memoized:54e06896-f90f-443b-a024-7fd1f14ff9aa@group-F55E66CD8798-SegmentedRaftLog:OPENED:c-1, conf=-1: peers:[85be5e62-7272-42cb-bae2-27068f8713e2|rpc:10.1.0.35:34951|dataStream:10.1.0.35:42643|priority:1|startupRole:FOLLOWER, b2f013c4-4cfd-4a33-b24a-9a71c6bbd892|rpc:10.1.0.35:45827|dataStream:10.1.0.35:37043|priority:0|startupRole:FOLLOWER, 54e06896-f90f-443b-a024-7fd1f14ff9aa|rpc:10.1.0.35:40081|dataStream:10.1.0.35:43055|priority:0|startupRole:FOLLOWER]|listeners:[], old=null
2023-04-21 06:15:39,259 [EventQueue-PipelineReportForPipelineReportHandler] INFO  pipeline.PipelineManagerImpl (PipelineManagerImpl.java:openPipeline(367)) - Pipeline Pipeline[ Id: 3fa8f89f-90e6-4908-8771-f55e66cd8798, Nodes: b2f013c4-4cfd-4a33-b24a-9a71c6bbd892(fv-az205-422/10.1.0.35)85be5e62-7272-42cb-bae2-27068f8713e2(fv-az205-422/10.1.0.35)54e06896-f90f-443b-a024-7fd1f14ff9aa(fv-az205-422/10.1.0.35), ReplicationConfig: RATIS/THREE, State:ALLOCATED, leaderId:85be5e62-7272-42cb-bae2-27068f8713e2, CreationTimestamp2023-04-21T06:15:31.020Z[Etc/UTC]] moved to OPEN state
2023-04-21 06:15:39,258 [85be5e62-7272-42cb-bae2-27068f8713e2@group-F55E66CD8798-LeaderElection6] INFO  server.RaftServerConfigKeys (ConfUtils.java:logGet(46)) - raft.server.log.appender.snapshot.chunk.size.max = 16MB (=16777216) (default)
2023-04-21 06:15:39,261 [85be5e62-7272-42cb-bae2-27068f8713e2@group-F55E66CD8798-LeaderElection6] INFO  server.RaftServerConfigKeys (ConfUtils.java:logGet(46)) - raft.server.log.appender.buffer.byte-limit = 33554432 (custom)
2023-04-21 06:15:39,261 [85be5e62-7272-42cb-bae2-27068f8713e2@group-F55E66CD8798-LeaderElection6] INFO  server.RaftServerConfigKeys (ConfUtils.java:logGet(46)) - raft.server.log.appender.buffer.element-limit = 1 (custom)
2023-04-21 06:15:39,261 [85be5e62-7272-42cb-bae2-27068f8713e2@group-F55E66CD8798-LeaderElection6] INFO  grpc.GrpcConfigKeys (ConfUtils.java:logGet(46)) - raft.grpc.server.leader.outstanding.appends.max = 128 (default)
2023-04-21 06:15:39,265 [85be5e62-7272-42cb-bae2-27068f8713e2@group-F55E66CD8798-LeaderElection6] INFO  server.RaftServerConfigKeys (ConfUtils.java:logGet(46)) - raft.server.rpc.request.timeout = 60s (custom)
2023-04-21 06:15:39,265 [85be5e62-7272-42cb-bae2-27068f8713e2@group-F55E66CD8798-LeaderElection6] INFO  server.RaftServerConfigKeys (ConfUtils.java:logGet(46)) - raft.server.log.appender.install.snapshot.enabled = false (custom)
2023-04-21 06:15:39,265 [85be5e62-7272-42cb-bae2-27068f8713e2@group-F55E66CD8798-LeaderElection6] INFO  grpc.GrpcConfigKeys (ConfUtils.java:logGet(46)) - raft.grpc.server.heartbeat.channel = true (default)
2023-04-21 06:15:39,265 [85be5e62-7272-42cb-bae2-27068f8713e2@group-F55E66CD8798-LeaderElection6] INFO  server.RaftServerConfigKeys (ConfUtils.java:logGet(46)) - raft.server.log.appender.wait-time.min = 10ms (default)
2023-04-21 06:15:39,265 [85be5e62-7272-42cb-bae2-27068f8713e2@group-F55E66CD8798-LeaderElection6] INFO  server.RaftServerConfigKeys (ConfUtils.java:logGet(46)) - raft.server.log.appender.snapshot.chunk.size.max = 16MB (=16777216) (default)
2023-04-21 06:15:39,266 [85be5e62-7272-42cb-bae2-27068f8713e2@group-F55E66CD8798-LeaderElection6] INFO  server.RaftServerConfigKeys (ConfUtils.java:logGet(46)) - raft.server.log.appender.buffer.byte-limit = 33554432 (custom)
2023-04-21 06:15:39,266 [85be5e62-7272-42cb-bae2-27068f8713e2@group-F55E66CD8798-LeaderElection6] INFO  server.RaftServerConfigKeys (ConfUtils.java:logGet(46)) - raft.server.log.appender.buffer.element-limit = 1 (custom)
2023-04-21 06:15:39,266 [85be5e62-7272-42cb-bae2-27068f8713e2@group-F55E66CD8798-LeaderElection6] INFO  grpc.GrpcConfigKeys (ConfUtils.java:logGet(46)) - raft.grpc.server.leader.outstanding.appends.max = 128 (default)
2023-04-21 06:15:39,266 [85be5e62-7272-42cb-bae2-27068f8713e2@group-F55E66CD8798-LeaderElection6] INFO  server.RaftServerConfigKeys (ConfUtils.java:logGet(46)) - raft.server.rpc.request.timeout = 60s (custom)
2023-04-21 06:15:39,266 [85be5e62-7272-42cb-bae2-27068f8713e2@group-F55E66CD8798-LeaderElection6] INFO  server.RaftServerConfigKeys (ConfUtils.java:logGet(46)) - raft.server.log.appender.install.snapshot.enabled = false (custom)
2023-04-21 06:15:39,266 [85be5e62-7272-42cb-bae2-27068f8713e2@group-F55E66CD8798-LeaderElection6] INFO  grpc.GrpcConfigKeys (ConfUtils.java:logGet(46)) - raft.grpc.server.heartbeat.channel = true (default)
2023-04-21 06:15:39,266 [85be5e62-7272-42cb-bae2-27068f8713e2@group-F55E66CD8798-LeaderElection6] INFO  server.RaftServerConfigKeys (ConfUtils.java:logGet(46)) - raft.server.log.appender.wait-time.min = 10ms (default)
2023-04-21 06:15:39,266 [85be5e62-7272-42cb-bae2-27068f8713e2@group-F55E66CD8798-LeaderElection6] INFO  impl.RoleInfo (RoleInfo.java:updateAndGet(139)) - 85be5e62-7272-42cb-bae2-27068f8713e2: start 85be5e62-7272-42cb-bae2-27068f8713e2@group-F55E66CD8798-LeaderStateImpl
2023-04-21 06:15:39,266 [85be5e62-7272-42cb-bae2-27068f8713e2@group-F55E66CD8798-LeaderElection6] INFO  segmented.SegmentedRaftLogWorker (SegmentedRaftLogWorker.java:startLogSegment(452)) - 85be5e62-7272-42cb-bae2-27068f8713e2@group-F55E66CD8798-SegmentedRaftLogWorker: Starting segment from index:0
2023-04-21 06:15:39,282 [85be5e62-7272-42cb-bae2-27068f8713e2@group-F55E66CD8798-LeaderElection6] INFO  server.RaftServer$Division (ServerState.java:setRaftConf(430)) - 85be5e62-7272-42cb-bae2-27068f8713e2@group-F55E66CD8798: set configuration 0: peers:[85be5e62-7272-42cb-bae2-27068f8713e2|rpc:10.1.0.35:34951|dataStream:10.1.0.35:42643|priority:1|startupRole:FOLLOWER, b2f013c4-4cfd-4a33-b24a-9a71c6bbd892|rpc:10.1.0.35:45827|dataStream:10.1.0.35:37043|priority:0|startupRole:FOLLOWER, 54e06896-f90f-443b-a024-7fd1f14ff9aa|rpc:10.1.0.35:40081|dataStream:10.1.0.35:43055|priority:0|startupRole:FOLLOWER]|listeners:[], old=null
2023-04-21 06:15:39,289 [85be5e62-7272-42cb-bae2-27068f8713e2@group-F55E66CD8798-SegmentedRaftLogWorker] INFO  segmented.SegmentedRaftLogWorker (SegmentedRaftLogWorker.java:execute(656)) - 85be5e62-7272-42cb-bae2-27068f8713e2@group-F55E66CD8798-SegmentedRaftLogWorker: created new log segment /home/runner/work/ozone/ozone/hadoop-ozone/integration-test/target/test-dir/MiniOzoneClusterImpl-222c068d-693f-41e7-a147-5f3bf9f7a261/datanode-2/data/ratis/3fa8f89f-90e6-4908-8771-f55e66cd8798/current/log_inprogress_0
2023-04-21 06:15:39,322 [54e06896-f90f-443b-a024-7fd1f14ff9aa-server-thread1] INFO  ratis.XceiverServerRatis (XceiverServerRatis.java:handleLeaderChangedNotification(904)) - Leader change notification received for group: group-F55E66CD8798 with new leaderId: 85be5e62-7272-42cb-bae2-27068f8713e2
2023-04-21 06:15:39,323 [54e06896-f90f-443b-a024-7fd1f14ff9aa-server-thread1] INFO  server.RaftServer$Division (ServerState.java:setLeader(313)) - 54e06896-f90f-443b-a024-7fd1f14ff9aa@group-F55E66CD8798: change Leader from null to 85be5e62-7272-42cb-bae2-27068f8713e2 at term 1 for appendEntries, leader elected after 5431ms
2023-04-21 06:15:39,324 [b2f013c4-4cfd-4a33-b24a-9a71c6bbd892-server-thread2] INFO  ratis.XceiverServerRatis (XceiverServerRatis.java:handleLeaderChangedNotification(904)) - Leader change notification received for group: group-F55E66CD8798 with new leaderId: 85be5e62-7272-42cb-bae2-27068f8713e2
2023-04-21 06:15:39,324 [b2f013c4-4cfd-4a33-b24a-9a71c6bbd892-server-thread2] INFO  server.RaftServer$Division (ServerState.java:setLeader(313)) - b2f013c4-4cfd-4a33-b24a-9a71c6bbd892@group-F55E66CD8798: change Leader from null to 85be5e62-7272-42cb-bae2-27068f8713e2 at term 1 for appendEntries, leader elected after 5444ms
2023-04-21 06:15:39,330 [54e06896-f90f-443b-a024-7fd1f14ff9aa-server-thread1] INFO  server.RaftServer$Division (ServerState.java:setRaftConf(430)) - 54e06896-f90f-443b-a024-7fd1f14ff9aa@group-F55E66CD8798: set configuration 0: peers:[85be5e62-7272-42cb-bae2-27068f8713e2|rpc:10.1.0.35:34951|dataStream:10.1.0.35:42643|priority:1|startupRole:FOLLOWER, b2f013c4-4cfd-4a33-b24a-9a71c6bbd892|rpc:10.1.0.35:45827|dataStream:10.1.0.35:37043|priority:0|startupRole:FOLLOWER, 54e06896-f90f-443b-a024-7fd1f14ff9aa|rpc:10.1.0.35:40081|dataStream:10.1.0.35:43055|priority:0|startupRole:FOLLOWER]|listeners:[], old=null
2023-04-21 06:15:39,331 [b2f013c4-4cfd-4a33-b24a-9a71c6bbd892-server-thread2] INFO  server.RaftServer$Division (ServerState.java:setRaftConf(430)) - b2f013c4-4cfd-4a33-b24a-9a71c6bbd892@group-F55E66CD8798: set configuration 0: peers:[85be5e62-7272-42cb-bae2-27068f8713e2|rpc:10.1.0.35:34951|dataStream:10.1.0.35:42643|priority:1|startupRole:FOLLOWER, b2f013c4-4cfd-4a33-b24a-9a71c6bbd892|rpc:10.1.0.35:45827|dataStream:10.1.0.35:37043|priority:0|startupRole:FOLLOWER, 54e06896-f90f-443b-a024-7fd1f14ff9aa|rpc:10.1.0.35:40081|dataStream:10.1.0.35:43055|priority:0|startupRole:FOLLOWER]|listeners:[], old=null
2023-04-21 06:15:39,331 [b2f013c4-4cfd-4a33-b24a-9a71c6bbd892-server-thread2] INFO  segmented.SegmentedRaftLogWorker (SegmentedRaftLogWorker.java:startLogSegment(452)) - b2f013c4-4cfd-4a33-b24a-9a71c6bbd892@group-F55E66CD8798-SegmentedRaftLogWorker: Starting segment from index:0
2023-04-21 06:15:39,332 [54e06896-f90f-443b-a024-7fd1f14ff9aa-server-thread1] INFO  segmented.SegmentedRaftLogWorker (SegmentedRaftLogWorker.java:startLogSegment(452)) - 54e06896-f90f-443b-a024-7fd1f14ff9aa@group-F55E66CD8798-SegmentedRaftLogWorker: Starting segment from index:0
2023-04-21 06:15:39,334 [b2f013c4-4cfd-4a33-b24a-9a71c6bbd892@group-F55E66CD8798-SegmentedRaftLogWorker] INFO  segmented.SegmentedRaftLogWorker (SegmentedRaftLogWorker.java:execute(656)) - b2f013c4-4cfd-4a33-b24a-9a71c6bbd892@group-F55E66CD8798-SegmentedRaftLogWorker: created new log segment /home/runner/work/ozone/ozone/hadoop-ozone/integration-test/target/test-dir/MiniOzoneClusterImpl-222c068d-693f-41e7-a147-5f3bf9f7a261/datanode-1/data/ratis/3fa8f89f-90e6-4908-8771-f55e66cd8798/current/log_inprogress_0
2023-04-21 06:15:39,344 [54e06896-f90f-443b-a024-7fd1f14ff9aa@group-F55E66CD8798-SegmentedRaftLogWorker] INFO  segmented.SegmentedRaftLogWorker (SegmentedRaftLogWorker.java:execute(656)) - 54e06896-f90f-443b-a024-7fd1f14ff9aa@group-F55E66CD8798-SegmentedRaftLogWorker: created new log segment /home/runner/work/ozone/ozone/hadoop-ozone/integration-test/target/test-dir/MiniOzoneClusterImpl-222c068d-693f-41e7-a147-5f3bf9f7a261/datanode-0/data/ratis/3fa8f89f-90e6-4908-8771-f55e66cd8798/current/log_inprogress_0
2023-04-21 06:15:39,707 [Listener at 127.0.0.1/39531] INFO  rpc.RpcClient (RpcClient.java:createVolume(476)) - Creating Volume: volume89599, with user65397 as owner and space quota set to -1 bytes, counts quota set to -1
2023-04-21 06:15:39,756 [OM StateMachine ApplyTransaction Thread - 0] INFO  volume.OMVolumeCreateRequest (OMVolumeCreateRequest.java:validateAndUpdateCache(195)) - created volume:volume89599 for user:user65397
2023-04-21 06:15:39,779 [Listener at 127.0.0.1/39531] INFO  rpc.RpcClient (RpcClient.java:createBucket(698)) - Creating Bucket: volume89599/bucket00932, with bucket layout LEGACY, runner as owner, Versioning false, Storage Type set to DISK and Encryption set to false, Replication Type set to server-side default replication type, Namespace Quota set to -1, Space Quota set to -1 
2023-04-21 06:15:39,795 [OM StateMachine ApplyTransaction Thread - 0] INFO  bucket.OMBucketCreateRequest (OMBucketCreateRequest.java:validateAndUpdateCache(269)) - created bucket: bucket00932 of layout LEGACY in volume: volume89599
2023-04-21 06:15:39,853 [IPC Server handler 0 on default port 35035] INFO  ha.SequenceIdGenerator (SequenceIdGenerator.java:getNextId(128)) - Allocate a batch for containerId, change lastId from 0 to 1000.
2023-04-21 06:15:39,865 [IPC Server handler 0 on default port 35035] WARN  ha.SequenceIdGenerator (SequenceIdGenerator.java:allocateBatch(237)) - Failed to allocate a batch for localId, expected lastId is 0, actual lastId is 111677748019200000.
2023-04-21 06:15:39,865 [IPC Server handler 0 on default port 35035] INFO  ha.SequenceIdGenerator (SequenceIdGenerator.java:getNextId(128)) - Allocate a batch for localId, change lastId from 111677748019200000 to 111677748019201000.
2023-04-21 06:15:39,949 [Listener at 127.0.0.1/39531] INFO  impl.MetricsSystemImpl (MetricsSystemImpl.java:init(158)) - XceiverClientMetrics metrics system started (again)
2023-04-21 06:15:39,950 [Listener at 127.0.0.1/39531] INFO  lib.Interns (Interns.java:removeEldestEntry(50)) - Metrics intern cache overflow at 2011 for MetricsSystem={MetricsSystem=MetricsInfoImpl{name=MetricsSystem, description=MetricsSystem}, MetricsSystem record=MetricsInfoImpl{name=MetricsSystem, description=MetricsSystem record}}
2023-04-21 06:15:41,666 [Listener at 127.0.0.1/39531] INFO  ha.SequenceIdGenerator (SequenceIdGenerator.java:getNextId(128)) - Allocate a batch for delTxnId, change lastId from 0 to 1000.
2023-04-21 06:15:42,680 [SCMBlockDeletingService#0] INFO  block.SCMBlockDeletingService (SCMBlockDeletingService.java:call(198)) - Totally added 5 blocks to be deleted for 3 datanodes, task elapsed time: 3ms
2023-04-21 06:15:43,662 [org.apache.hadoop.ozone.container.common.statemachine.commandhandler.DeleteBlocksCommandHandler$DeleteCmdWorker@124984e7] INFO  commandhandler.DeleteBlocksCommandHandler (DeleteBlocksCommandHandler.java:processCmd(275)) - Start to delete container blocks, TXIDs=[4(0)], numOfContainers=1, numOfBlocks=1
2023-04-21 06:15:43,677 [SCMBlockDeletingService#0] INFO  block.SCMBlockDeletingService (SCMBlockDeletingService.java:call(198)) - Totally added 5 blocks to be deleted for 3 datanodes, task elapsed time: 0ms
2023-04-21 06:15:44,608 [org.apache.hadoop.ozone.container.common.statemachine.commandhandler.DeleteBlocksCommandHandler$DeleteCmdWorker@47b6a93e] INFO  commandhandler.DeleteBlocksCommandHandler (DeleteBlocksCommandHandler.java:processCmd(275)) - Start to delete container blocks, TXIDs=[1(0),3(0),5(0)], numOfContainers=3, numOfBlocks=3
2023-04-21 06:15:44,611 [org.apache.hadoop.ozone.container.common.statemachine.commandhandler.DeleteBlocksCommandHandler$DeleteCmdWorker@47b6a93e] INFO  commandhandler.DeleteBlocksCommandHandler (DeleteBlocksCommandHandler.java:processCmd(275)) - Start to delete container blocks, TXIDs=[1(1),3(1),5(1)], numOfContainers=3, numOfBlocks=3
2023-04-21 06:15:44,611 [DeleteBlocksCommandHandlerThread-3] INFO  commandhandler.DeleteBlocksCommandHandler (DeleteBlocksCommandHandler.java:logDeleteTransaction(493)) - Delete blocks for containerId: 1 is either received out of order or retried, 1 <= 1
2023-04-21 06:15:44,612 [DeleteBlocksCommandHandlerThread-4] INFO  commandhandler.DeleteBlocksCommandHandler (DeleteBlocksCommandHandler.java:logDeleteTransaction(493)) - Delete blocks for containerId: 3 is either received out of order or retried, 3 <= 3
2023-04-21 06:15:44,612 [DeleteBlocksCommandHandlerThread-4] INFO  commandhandler.DeleteBlocksCommandHandler (DeleteBlocksCommandHandler.java:logDeleteTransaction(493)) - Delete blocks for containerId: 5 is either received out of order or retried, 5 <= 5
2023-04-21 06:15:44,677 [SCMBlockDeletingService#0] INFO  block.SCMBlockDeletingService (SCMBlockDeletingService.java:call(198)) - Totally added 1 blocks to be deleted for 1 datanodes, task elapsed time: 0ms
2023-04-21 06:15:44,772 [org.apache.hadoop.ozone.container.common.statemachine.commandhandler.DeleteBlocksCommandHandler$DeleteCmdWorker@5692a563] INFO  commandhandler.DeleteBlocksCommandHandler (DeleteBlocksCommandHandler.java:processCmd(275)) - Start to delete container blocks, TXIDs=[2(0)], numOfContainers=1, numOfBlocks=1
2023-04-21 06:15:44,773 [org.apache.hadoop.ozone.container.common.statemachine.commandhandler.DeleteBlocksCommandHandler$DeleteCmdWorker@5692a563] INFO  commandhandler.DeleteBlocksCommandHandler (DeleteBlocksCommandHandler.java:processCmd(275)) - Start to delete container blocks, TXIDs=[2(1)], numOfContainers=1, numOfBlocks=1
2023-04-21 06:15:44,773 [DeleteBlocksCommandHandlerThread-1] INFO  commandhandler.DeleteBlocksCommandHandler (DeleteBlocksCommandHandler.java:logDeleteTransaction(493)) - Delete blocks for containerId: 2 is either received out of order or retried, 2 <= 2
2023-04-21 06:15:45,674 [org.apache.hadoop.ozone.container.common.statemachine.commandhandler.DeleteBlocksCommandHandler$DeleteCmdWorker@124984e7] INFO  commandhandler.DeleteBlocksCommandHandler (DeleteBlocksCommandHandler.java:processCmd(275)) - Start to delete container blocks, TXIDs=[4(1)], numOfContainers=1, numOfBlocks=1
2023-04-21 06:15:45,675 [DeleteBlocksCommandHandlerThread-1] INFO  commandhandler.DeleteBlocksCommandHandler (DeleteBlocksCommandHandler.java:logDeleteTransaction(493)) - Delete blocks for containerId: 4 is either received out of order or retried, 4 <= 4
2023-04-21 06:15:45,677 [Listener at 127.0.0.1/39531] INFO  ozone.MiniOzoneClusterImpl (MiniOzoneClusterImpl.java:shutdown(456)) - Shutting down the Mini Ozone Cluster
2023-04-21 06:15:45,677 [Listener at 127.0.0.1/39531] INFO  ozone.MiniOzoneClusterImpl (MiniOzoneClusterImpl.java:stop(474)) - Stopping the Mini Ozone Cluster
2023-04-21 06:15:45,677 [SCMBlockDeletingService#0] INFO  block.SCMBlockDeletingService (SCMBlockDeletingService.java:call(198)) - Totally added 10 blocks to be deleted for 3 datanodes, task elapsed time: 0ms
2023-04-21 06:15:45,677 [Listener at 127.0.0.1/39531] INFO  ozone.MiniOzoneClusterImpl (MiniOzoneClusterImpl.java:stopOM(560)) - Stopping the OzoneManager
2023-04-21 06:15:45,678 [Listener at 127.0.0.1/39531] INFO  om.OzoneManager (OzoneManager.java:stop(2154)) - om1[localhost:0]: Stopping Ozone Manager
2023-04-21 06:15:45,678 [Listener at 127.0.0.1/39531] INFO  ipc.Server (Server.java:stop(3501)) - Stopping server on 39531
2023-04-21 06:15:45,679 [IPC Server listener on 0] INFO  ipc.Server (Server.java:run(1430)) - Stopping IPC Server listener on 0
2023-04-21 06:15:45,685 [IPC Server Responder] INFO  ipc.Server (Server.java:run(1563)) - Stopping IPC Server Responder
2023-04-21 06:15:45,687 [Listener at 127.0.0.1/39531] INFO  server.RaftServer (RaftServerProxy.java:lambda$close$6(409)) - om1: close
2023-04-21 06:15:45,688 [Listener at 127.0.0.1/39531] INFO  server.GrpcService (GrpcService.java:closeImpl(271)) - om1: shutdown server GrpcServerProtocolService now
2023-04-21 06:15:45,688 [om1-impl-thread1] INFO  server.RaftServer$Division (RaftServerImpl.java:lambda$close$4(458)) - om1@group-C5BA1605619E: shutdown
2023-04-21 06:15:45,688 [om1-impl-thread1] INFO  util.JmxRegister (JmxRegister.java:unregister(73)) - Successfully un-registered JMX Bean with object name Ratis:service=RaftServer,group=group-C5BA1605619E,id=om1
2023-04-21 06:15:45,688 [om1-impl-thread1] INFO  impl.RoleInfo (RoleInfo.java:shutdownLeaderState(93)) - om1: shutdown om1@group-C5BA1605619E-LeaderStateImpl
2023-04-21 06:15:45,689 [om1-impl-thread1] INFO  impl.PendingRequests (PendingRequests.java:sendNotLeaderResponses(282)) - om1@group-C5BA1605619E-PendingRequests: sendNotLeaderResponses
2023-04-21 06:15:45,692 [om1-impl-thread1] INFO  impl.StateMachineUpdater (StateMachineUpdater.java:stopAndJoin(153)) - om1@group-C5BA1605619E-StateMachineUpdater: set stopIndex = 24
2023-04-21 06:15:45,692 [om1@group-C5BA1605619E-StateMachineUpdater] INFO  ratis.OzoneManagerStateMachine (OzoneManagerStateMachine.java:takeSnapshot(453)) - Current Snapshot Index (t:1, i:24)
2023-04-21 06:15:45,697 [Listener at 127.0.0.1/39531] INFO  server.GrpcService (GrpcService.java:closeImpl(280)) - om1: shutdown server GrpcServerProtocolService successfully
2023-04-21 06:15:45,720 [om1@group-C5BA1605619E-StateMachineUpdater] INFO  impl.StateMachineUpdater (StateMachineUpdater.java:takeSnapshot(287)) - om1@group-C5BA1605619E-StateMachineUpdater: Took a snapshot at index 24
2023-04-21 06:15:45,721 [om1@group-C5BA1605619E-StateMachineUpdater] INFO  impl.StateMachineUpdater (StateMachineUpdater.java:lambda$new$0(92)) - om1@group-C5BA1605619E-StateMachineUpdater: snapshotIndex: updateIncreasingly -1 -> 24
2023-04-21 06:15:45,721 [om1@group-C5BA1605619E-StateMachineUpdater] INFO  ratis.OzoneManagerStateMachine (OzoneManagerStateMachine.java:close(507)) - StateMachine has shutdown. Shutdown OzoneManager if not already shutdown.
2023-04-21 06:15:45,721 [om1@group-C5BA1605619E-StateMachineUpdater] INFO  ratis.OzoneManagerDoubleBuffer (OzoneManagerDoubleBuffer.java:stopDaemon(540)) - Stopping OMDoubleBuffer flush thread
2023-04-21 06:15:45,721 [OMDoubleBufferFlushThread] INFO  ratis.OzoneManagerDoubleBuffer (OzoneManagerDoubleBuffer.java:canFlush(625)) - OMDoubleBuffer flush thread OMDoubleBufferFlushThread is interrupted and will exit.
2023-04-21 06:15:45,723 [om1-impl-thread1] INFO  server.RaftServer$Division (ServerState.java:close(466)) - om1@group-C5BA1605619E: closes. applyIndex: 24
2023-04-21 06:15:45,724 [om1@group-C5BA1605619E-SegmentedRaftLogWorker] INFO  segmented.SegmentedRaftLogWorker (SegmentedRaftLogWorker.java:run(347)) - om1@group-C5BA1605619E-SegmentedRaftLogWorker was interrupted, exiting. There are 0 tasks remaining in the queue.
2023-04-21 06:15:45,725 [om1-impl-thread1] INFO  segmented.SegmentedRaftLogWorker (SegmentedRaftLogWorker.java:close(257)) - om1@group-C5BA1605619E-SegmentedRaftLogWorker close()
2023-04-21 06:15:45,726 [JvmPauseMonitor0] INFO  util.JvmPauseMonitor (JvmPauseMonitor.java:run(111)) - JvmPauseMonitor-om1: Stopped
2023-04-21 06:15:45,727 [Listener at 127.0.0.1/39531] INFO  ratis.OzoneManagerStateMachine (OzoneManagerStateMachine.java:close(507)) - StateMachine has shutdown. Shutdown OzoneManager if not already shutdown.
2023-04-21 06:15:45,728 [Listener at 127.0.0.1/39531] INFO  ratis.OzoneManagerDoubleBuffer (OzoneManagerDoubleBuffer.java:stopDaemon(549)) - OMDoubleBuffer flush thread is not running.
2023-04-21 06:15:45,729 [Listener at 127.0.0.1/39531] INFO  utils.BackgroundService (BackgroundService.java:shutdown(141)) - Shutting down service KeyDeletingService
2023-04-21 06:15:45,729 [Listener at 127.0.0.1/39531] INFO  utils.BackgroundService (BackgroundService.java:shutdown(141)) - Shutting down service KeyDeletingService
2023-04-21 06:15:45,729 [Listener at 127.0.0.1/39531] INFO  utils.BackgroundService (BackgroundService.java:shutdown(141)) - Shutting down service OpenKeyCleanupService
2023-04-21 06:15:45,731 [Listener at 127.0.0.1/39531] INFO  utils.BackgroundService (BackgroundService.java:shutdown(141)) - Shutting down service SstFilteringService
2023-04-21 06:15:45,731 [Listener at 127.0.0.1/39531] INFO  utils.BackgroundService (BackgroundService.java:shutdown(141)) - Shutting down service SnapshotDeletingService
2023-04-21 06:15:45,737 [Listener at 127.0.0.1/39531] INFO  handler.ContextHandler (ContextHandler.java:doStop(1159)) - Stopped o.e.j.w.WebAppContext@f1577ac{ozoneManager,/,null,STOPPED}{file:/home/runner/work/ozone/ozone/hadoop-ozone/integration-test/target/test-classes/webapps/ozoneManager}
2023-04-21 06:15:45,740 [Listener at 127.0.0.1/39531] INFO  server.AbstractConnector (AbstractConnector.java:doStop(383)) - Stopped ServerConnector@22f6240b{HTTP/1.1, (http/1.1)}{0.0.0.0:0}
2023-04-21 06:15:45,740 [Listener at 127.0.0.1/39531] INFO  server.session (HouseKeeper.java:stopScavenging(149)) - node0 Stopped scavenging
2023-04-21 06:15:45,741 [Listener at 127.0.0.1/39531] INFO  handler.ContextHandler (ContextHandler.java:doStop(1159)) - Stopped o.e.j.s.ServletContextHandler@3c5b199b{static,/static,file:///home/runner/work/ozone/ozone/hadoop-ozone/integration-test/target/test-classes/webapps/static,STOPPED}
2023-04-21 06:15:45,741 [Listener at 127.0.0.1/39531] INFO  handler.ContextHandler (ContextHandler.java:doStop(1159)) - Stopped o.e.j.s.ServletContextHandler@920d675{logs,/logs,file:///home/runner/work/ozone/ozone/hadoop-ozone/integration-test/target/log,STOPPED}
2023-04-21 06:15:45,747 [Listener at 127.0.0.1/39531] INFO  utils.BackgroundService (BackgroundService.java:shutdown(141)) - Shutting down service SnapshotDiffCleanupService
2023-04-21 06:15:45,749 [Listener at 127.0.0.1/39531] INFO  ozone.MiniOzoneClusterImpl (MiniOzoneClusterImpl.java:stopDatanodes(537)) - Stopping the HddsDatanodes
2023-04-21 06:15:45,760 [Listener at 127.0.0.1/39531] INFO  ozoneimpl.OzoneContainer (OzoneContainer.java:stop(419)) - Attempting to stop container services.
2023-04-21 06:15:45,760 [ForkJoinPool.commonPool-worker-1] INFO  ozoneimpl.OzoneContainer (OzoneContainer.java:stop(419)) - Attempting to stop container services.
2023-04-21 06:15:45,762 [Listener at 127.0.0.1/39531] INFO  server.RaftServer (RaftServerProxy.java:lambda$close$6(409)) - b2f013c4-4cfd-4a33-b24a-9a71c6bbd892: close
2023-04-21 06:15:45,762 [b2f013c4-4cfd-4a33-b24a-9a71c6bbd892-impl-thread1] INFO  server.RaftServer$Division (RaftServerImpl.java:lambda$close$4(458)) - b2f013c4-4cfd-4a33-b24a-9a71c6bbd892@group-FB30D226CB40: shutdown
2023-04-21 06:15:45,762 [b2f013c4-4cfd-4a33-b24a-9a71c6bbd892-impl-thread1] INFO  util.JmxRegister (JmxRegister.java:unregister(73)) - Successfully un-registered JMX Bean with object name Ratis:service=RaftServer,group=group-FB30D226CB40,id=b2f013c4-4cfd-4a33-b24a-9a71c6bbd892
2023-04-21 06:15:45,762 [b2f013c4-4cfd-4a33-b24a-9a71c6bbd892-impl-thread1] INFO  impl.RoleInfo (RoleInfo.java:shutdownFollowerState(110)) - b2f013c4-4cfd-4a33-b24a-9a71c6bbd892: shutdown b2f013c4-4cfd-4a33-b24a-9a71c6bbd892@group-FB30D226CB40-FollowerState
2023-04-21 06:15:45,762 [b2f013c4-4cfd-4a33-b24a-9a71c6bbd892-impl-thread2] INFO  server.RaftServer$Division (RaftServerImpl.java:lambda$close$4(458)) - b2f013c4-4cfd-4a33-b24a-9a71c6bbd892@group-F55E66CD8798: shutdown
2023-04-21 06:15:45,763 [b2f013c4-4cfd-4a33-b24a-9a71c6bbd892-impl-thread2] INFO  util.JmxRegister (JmxRegister.java:unregister(73)) - Successfully un-registered JMX Bean with object name Ratis:service=RaftServer,group=group-F55E66CD8798,id=b2f013c4-4cfd-4a33-b24a-9a71c6bbd892
2023-04-21 06:15:45,763 [b2f013c4-4cfd-4a33-b24a-9a71c6bbd892-impl-thread2] INFO  impl.RoleInfo (RoleInfo.java:shutdownFollowerState(110)) - b2f013c4-4cfd-4a33-b24a-9a71c6bbd892: shutdown b2f013c4-4cfd-4a33-b24a-9a71c6bbd892@group-F55E66CD8798-FollowerState
2023-04-21 06:15:45,763 [Listener at 127.0.0.1/39531] INFO  server.GrpcService (GrpcService.java:closeImpl(271)) - b2f013c4-4cfd-4a33-b24a-9a71c6bbd892: shutdown server GrpcServerProtocolService now
2023-04-21 06:15:45,768 [b2f013c4-4cfd-4a33-b24a-9a71c6bbd892@group-F55E66CD8798-FollowerState] INFO  impl.FollowerState (FollowerState.java:run(152)) - b2f013c4-4cfd-4a33-b24a-9a71c6bbd892@group-F55E66CD8798-FollowerState was interrupted
2023-04-21 06:15:45,768 [b2f013c4-4cfd-4a33-b24a-9a71c6bbd892-impl-thread1] INFO  impl.StateMachineUpdater (StateMachineUpdater.java:stopAndJoin(153)) - b2f013c4-4cfd-4a33-b24a-9a71c6bbd892@group-FB30D226CB40-StateMachineUpdater: set stopIndex = 0
2023-04-21 06:15:45,768 [b2f013c4-4cfd-4a33-b24a-9a71c6bbd892@group-FB30D226CB40-FollowerState] INFO  impl.FollowerState (FollowerState.java:run(152)) - b2f013c4-4cfd-4a33-b24a-9a71c6bbd892@group-FB30D226CB40-FollowerState was interrupted
2023-04-21 06:15:45,768 [b2f013c4-4cfd-4a33-b24a-9a71c6bbd892@group-F55E66CD8798-StateMachineUpdater] INFO  ratis.ContainerStateMachine (ContainerStateMachine.java:takeSnapshot(330)) - group-F55E66CD8798: Taking a snapshot at:(t:1, i:0) file /home/runner/work/ozone/ozone/hadoop-ozone/integration-test/target/test-dir/MiniOzoneClusterImpl-222c068d-693f-41e7-a147-5f3bf9f7a261/datanode-1/data/ratis/3fa8f89f-90e6-4908-8771-f55e66cd8798/sm/snapshot.1_0
2023-04-21 06:15:45,769 [b2f013c4-4cfd-4a33-b24a-9a71c6bbd892@group-FB30D226CB40-StateMachineUpdater] INFO  ratis.ContainerStateMachine (ContainerStateMachine.java:takeSnapshot(330)) - group-FB30D226CB40: Taking a snapshot at:(t:1, i:0) file /home/runner/work/ozone/ozone/hadoop-ozone/integration-test/target/test-dir/MiniOzoneClusterImpl-222c068d-693f-41e7-a147-5f3bf9f7a261/datanode-1/data/ratis/bede97ea-03b7-4748-982f-fb30d226cb40/sm/snapshot.1_0
2023-04-21 06:15:45,769 [b2f013c4-4cfd-4a33-b24a-9a71c6bbd892-impl-thread2] INFO  impl.StateMachineUpdater (StateMachineUpdater.java:stopAndJoin(153)) - b2f013c4-4cfd-4a33-b24a-9a71c6bbd892@group-F55E66CD8798-StateMachineUpdater: set stopIndex = 0
2023-04-21 06:15:45,772 [b2f013c4-4cfd-4a33-b24a-9a71c6bbd892-impl-thread3] INFO  server.RaftServer$Division (RaftServerImpl.java:lambda$close$4(458)) - b2f013c4-4cfd-4a33-b24a-9a71c6bbd892@group-F8360EEBFADC: shutdown
2023-04-21 06:15:45,772 [b2f013c4-4cfd-4a33-b24a-9a71c6bbd892-impl-thread3] INFO  util.JmxRegister (JmxRegister.java:unregister(73)) - Successfully un-registered JMX Bean with object name Ratis:service=RaftServer,group=group-F8360EEBFADC,id=b2f013c4-4cfd-4a33-b24a-9a71c6bbd892
2023-04-21 06:15:45,772 [b2f013c4-4cfd-4a33-b24a-9a71c6bbd892-impl-thread3] INFO  impl.RoleInfo (RoleInfo.java:shutdownLeaderState(93)) - b2f013c4-4cfd-4a33-b24a-9a71c6bbd892: shutdown b2f013c4-4cfd-4a33-b24a-9a71c6bbd892@group-F8360EEBFADC-LeaderStateImpl
2023-04-21 06:15:45,778 [ForkJoinPool.commonPool-worker-1] INFO  server.RaftServer (RaftServerProxy.java:lambda$close$6(409)) - 54e06896-f90f-443b-a024-7fd1f14ff9aa: close
2023-04-21 06:15:45,778 [54e06896-f90f-443b-a024-7fd1f14ff9aa-impl-thread1] INFO  server.RaftServer$Division (RaftServerImpl.java:lambda$close$4(458)) - 54e06896-f90f-443b-a024-7fd1f14ff9aa@group-FB30D226CB40: shutdown
2023-04-21 06:15:45,778 [54e06896-f90f-443b-a024-7fd1f14ff9aa-impl-thread1] INFO  util.JmxRegister (JmxRegister.java:unregister(73)) - Successfully un-registered JMX Bean with object name Ratis:service=RaftServer,group=group-FB30D226CB40,id=54e06896-f90f-443b-a024-7fd1f14ff9aa
2023-04-21 06:15:45,778 [54e06896-f90f-443b-a024-7fd1f14ff9aa-impl-thread1] INFO  impl.RoleInfo (RoleInfo.java:shutdownLeaderState(93)) - 54e06896-f90f-443b-a024-7fd1f14ff9aa: shutdown 54e06896-f90f-443b-a024-7fd1f14ff9aa@group-FB30D226CB40-LeaderStateImpl
2023-04-21 06:15:45,785 [grpc-default-executor-4] WARN  server.GrpcServerProtocolService (LogUtils.java:warn(122)) - b2f013c4-4cfd-4a33-b24a-9a71c6bbd892: installSnapshot onError, lastRequest: null: org.apache.ratis.thirdparty.io.grpc.StatusRuntimeException: CANCELLED: client cancelled
2023-04-21 06:15:45,787 [grpc-default-executor-1] WARN  server.GrpcLogAppender (LogUtils.java:warn(122)) - 85be5e62-7272-42cb-bae2-27068f8713e2@group-F55E66CD8798->b2f013c4-4cfd-4a33-b24a-9a71c6bbd892-AppendLogResponseHandler: Failed appendEntries: org.apache.ratis.thirdparty.io.grpc.StatusRuntimeException: CANCELLED: RST_STREAM closed stream. HTTP/2 error code: CANCEL
2023-04-21 06:15:45,789 [grpc-default-executor-1] WARN  server.GrpcLogAppender (GrpcLogAppender.java:resetClient(131)) - 85be5e62-7272-42cb-bae2-27068f8713e2@group-F55E66CD8798->b2f013c4-4cfd-4a33-b24a-9a71c6bbd892-GrpcLogAppender: Leader has not got in touch with Follower 85be5e62-7272-42cb-bae2-27068f8713e2@group-F55E66CD8798->b2f013c4-4cfd-4a33-b24a-9a71c6bbd892(c0,m0,n1, attendVote=true, lastRpcSendTime=1441, lastRpcResponseTime=1440) yet, just keep nextIndex unchanged and retry.
2023-04-21 06:15:45,790 [54e06896-f90f-443b-a024-7fd1f14ff9aa-impl-thread2] INFO  server.RaftServer$Division (RaftServerImpl.java:lambda$close$4(458)) - 54e06896-f90f-443b-a024-7fd1f14ff9aa@group-F55E66CD8798: shutdown
2023-04-21 06:15:45,790 [54e06896-f90f-443b-a024-7fd1f14ff9aa-impl-thread2] INFO  util.JmxRegister (JmxRegister.java:unregister(73)) - Successfully un-registered JMX Bean with object name Ratis:service=RaftServer,group=group-F55E66CD8798,id=54e06896-f90f-443b-a024-7fd1f14ff9aa
2023-04-21 06:15:45,790 [54e06896-f90f-443b-a024-7fd1f14ff9aa-impl-thread2] INFO  impl.RoleInfo (RoleInfo.java:shutdownFollowerState(110)) - 54e06896-f90f-443b-a024-7fd1f14ff9aa: shutdown 54e06896-f90f-443b-a024-7fd1f14ff9aa@group-F55E66CD8798-FollowerState
2023-04-21 06:15:45,792 [54e06896-f90f-443b-a024-7fd1f14ff9aa-impl-thread1] INFO  impl.PendingRequests (PendingRequests.java:sendNotLeaderResponses(282)) - 54e06896-f90f-443b-a024-7fd1f14ff9aa@group-FB30D226CB40-PendingRequests: sendNotLeaderResponses
2023-04-21 06:15:45,793 [ForkJoinPool.commonPool-worker-1] INFO  server.GrpcService (GrpcService.java:closeImpl(271)) - 54e06896-f90f-443b-a024-7fd1f14ff9aa: shutdown server GrpcServerProtocolService now
2023-04-21 06:15:45,793 [54e06896-f90f-443b-a024-7fd1f14ff9aa-impl-thread2] INFO  impl.StateMachineUpdater (StateMachineUpdater.java:stopAndJoin(153)) - 54e06896-f90f-443b-a024-7fd1f14ff9aa@group-F55E66CD8798-StateMachineUpdater: set stopIndex = 0
2023-04-21 06:15:45,793 [54e06896-f90f-443b-a024-7fd1f14ff9aa@group-F55E66CD8798-StateMachineUpdater] INFO  ratis.ContainerStateMachine (ContainerStateMachine.java:takeSnapshot(330)) - group-F55E66CD8798: Taking a snapshot at:(t:1, i:0) file /home/runner/work/ozone/ozone/hadoop-ozone/integration-test/target/test-dir/MiniOzoneClusterImpl-222c068d-693f-41e7-a147-5f3bf9f7a261/datanode-0/data/ratis/3fa8f89f-90e6-4908-8771-f55e66cd8798/sm/snapshot.1_0
2023-04-21 06:15:45,794 [Listener at 127.0.0.1/39531] INFO  server.GrpcService (GrpcService.java:closeImpl(280)) - b2f013c4-4cfd-4a33-b24a-9a71c6bbd892: shutdown server GrpcServerProtocolService successfully
2023-04-21 06:15:45,795 [grpc-default-executor-0] WARN  server.GrpcServerProtocolService (LogUtils.java:warn(122)) - 54e06896-f90f-443b-a024-7fd1f14ff9aa: installSnapshot onError, lastRequest: 85be5e62-7272-42cb-bae2-27068f8713e2->54e06896-f90f-443b-a024-7fd1f14ff9aa#1-t1,previous=(t:0, i:0),leaderCommit=0,initializing? true,entries: size=1, first=(t:1, i:0), CONFIGURATIONENTRY(current:id: "85be5e62-7272-42cb-bae2-27068f8713e2"
address: "10.1.0.35:34951"
priority: 1
dataStreamAddress: "10.1.0.35:42643"
clientAddress: "10.1.0.35:34951"
adminAddress: "10.1.0.35:34951"
startupRole: FOLLOWER
,id: "b2f013c4-4cfd-4a33-b24a-9a71c6bbd892"
address: "10.1.0.35:45827"
dataStreamAddress: "10.1.0.35:37043"
clientAddress: "10.1.0.35:45827"
adminAddress: "10.1.0.35:45827"
startupRole: FOLLOWER
,id: "54e06896-f90f-443b-a024-7fd1f14ff9aa"
address: "10.1.0.35:40081"
dataStreamAddress: "10.1.0.35:43055"
clientAddress: "10.1.0.35:40081"
adminAddress: "10.1.0.35:40081"
startupRole: FOLLOWER
, old:): org.apache.ratis.thirdparty.io.grpc.StatusRuntimeException: CANCELLED: client cancelled
2023-04-21 06:15:45,793 [54e06896-f90f-443b-a024-7fd1f14ff9aa@group-F55E66CD8798-FollowerState] INFO  impl.FollowerState (FollowerState.java:run(152)) - 54e06896-f90f-443b-a024-7fd1f14ff9aa@group-F55E66CD8798-FollowerState was interrupted
2023-04-21 06:15:45,795 [grpc-default-executor-5] WARN  server.GrpcServerProtocolService (LogUtils.java:warn(122)) - b2f013c4-4cfd-4a33-b24a-9a71c6bbd892: installSnapshot onError, lastRequest: 54e06896-f90f-443b-a024-7fd1f14ff9aa->b2f013c4-4cfd-4a33-b24a-9a71c6bbd892#1-t1,previous=(t:0, i:0),leaderCommit=0,initializing? true,entries: size=1, first=(t:1, i:0), CONFIGURATIONENTRY(current:id: "85be5e62-7272-42cb-bae2-27068f8713e2"
address: "10.1.0.35:34951"
dataStreamAddress: "10.1.0.35:42643"
clientAddress: "10.1.0.35:34951"
adminAddress: "10.1.0.35:34951"
startupRole: FOLLOWER
,id: "b2f013c4-4cfd-4a33-b24a-9a71c6bbd892"
address: "10.1.0.35:45827"
dataStreamAddress: "10.1.0.35:37043"
clientAddress: "10.1.0.35:45827"
adminAddress: "10.1.0.35:45827"
startupRole: FOLLOWER
,id: "54e06896-f90f-443b-a024-7fd1f14ff9aa"
address: "10.1.0.35:40081"
priority: 1
dataStreamAddress: "10.1.0.35:43055"
clientAddress: "10.1.0.35:40081"
adminAddress: "10.1.0.35:40081"
startupRole: FOLLOWER
, old:): org.apache.ratis.thirdparty.io.grpc.StatusRuntimeException: CANCELLED: client cancelled
2023-04-21 06:15:45,826 [grpc-default-executor-10] WARN  server.GrpcLogAppender (LogUtils.java:warn(122)) - 85be5e62-7272-42cb-bae2-27068f8713e2@group-F55E66CD8798->54e06896-f90f-443b-a024-7fd1f14ff9aa-AppendLogResponseHandler: Failed appendEntries: org.apache.ratis.thirdparty.io.grpc.StatusRuntimeException: CANCELLED: RST_STREAM closed stream. HTTP/2 error code: CANCEL
2023-04-21 06:15:45,837 [ForkJoinPool.commonPool-worker-1] INFO  server.GrpcServerProtocolClient (GrpcServerProtocolClient.java:close(101)) - 85be5e62-7272-42cb-bae2-27068f8713e2 Close channels
2023-04-21 06:15:45,822 [grpc-default-executor-9] INFO  server.GrpcServerProtocolService (GrpcServerProtocolService.java:onCompleted(143)) - 85be5e62-7272-42cb-bae2-27068f8713e2: Completed APPEND_ENTRIES, lastRequest: null
2023-04-21 06:15:45,792 [54e06896-f90f-443b-a024-7fd1f14ff9aa@group-FB30D226CB40->b2f013c4-4cfd-4a33-b24a-9a71c6bbd892-GrpcLogAppender-LogAppenderDaemon] WARN  server.GrpcLogAppender (GrpcLogAppender.java:mayWait(200)) - 54e06896-f90f-443b-a024-7fd1f14ff9aa@group-FB30D226CB40->b2f013c4-4cfd-4a33-b24a-9a71c6bbd892-GrpcLogAppender: Wait interrupted by java.lang.InterruptedException
2023-04-21 06:15:45,814 [grpc-default-executor-4] INFO  server.GrpcServerProtocolService (GrpcServerProtocolService.java:onCompleted(143)) - 85be5e62-7272-42cb-bae2-27068f8713e2: Completed APPEND_ENTRIES, lastRequest: 54e06896-f90f-443b-a024-7fd1f14ff9aa->85be5e62-7272-42cb-bae2-27068f8713e2#1-t1,previous=(t:0, i:0),leaderCommit=0,initializing? true,entries: size=1, first=(t:1, i:0), CONFIGURATIONENTRY(current:id: "85be5e62-7272-42cb-bae2-27068f8713e2"
address: "10.1.0.35:34951"
dataStreamAddress: "10.1.0.35:42643"
clientAddress: "10.1.0.35:34951"
adminAddress: "10.1.0.35:34951"
startupRole: FOLLOWER
,id: "b2f013c4-4cfd-4a33-b24a-9a71c6bbd892"
address: "10.1.0.35:45827"
dataStreamAddress: "10.1.0.35:37043"
clientAddress: "10.1.0.35:45827"
adminAddress: "10.1.0.35:45827"
startupRole: FOLLOWER
,id: "54e06896-f90f-443b-a024-7fd1f14ff9aa"
address: "10.1.0.35:40081"
priority: 1
dataStreamAddress: "10.1.0.35:43055"
clientAddress: "10.1.0.35:40081"
adminAddress: "10.1.0.35:40081"
startupRole: FOLLOWER
, old:)
2023-04-21 06:15:45,787 [grpc-default-executor-3] WARN  server.GrpcServerProtocolService (LogUtils.java:warn(122)) - b2f013c4-4cfd-4a33-b24a-9a71c6bbd892: installSnapshot onError, lastRequest: 85be5e62-7272-42cb-bae2-27068f8713e2->b2f013c4-4cfd-4a33-b24a-9a71c6bbd892#1-t1,previous=(t:0, i:0),leaderCommit=0,initializing? true,entries: size=1, first=(t:1, i:0), CONFIGURATIONENTRY(current:id: "85be5e62-7272-42cb-bae2-27068f8713e2"
address: "10.1.0.35:34951"
priority: 1
dataStreamAddress: "10.1.0.35:42643"
clientAddress: "10.1.0.35:34951"
adminAddress: "10.1.0.35:34951"
startupRole: FOLLOWER
,id: "b2f013c4-4cfd-4a33-b24a-9a71c6bbd892"
address: "10.1.0.35:45827"
dataStreamAddress: "10.1.0.35:37043"
clientAddress: "10.1.0.35:45827"
adminAddress: "10.1.0.35:45827"
startupRole: FOLLOWER
,id: "54e06896-f90f-443b-a024-7fd1f14ff9aa"
address: "10.1.0.35:40081"
dataStreamAddress: "10.1.0.35:43055"
clientAddress: "10.1.0.35:40081"
adminAddress: "10.1.0.35:40081"
startupRole: FOLLOWER
, old:): org.apache.ratis.thirdparty.io.grpc.StatusRuntimeException: CANCELLED: client cancelled
2023-04-21 06:15:45,785 [grpc-default-executor-2] WARN  server.GrpcServerProtocolService (LogUtils.java:warn(122)) - b2f013c4-4cfd-4a33-b24a-9a71c6bbd892: installSnapshot onError, lastRequest: null: org.apache.ratis.thirdparty.io.grpc.StatusRuntimeException: CANCELLED: client cancelled
2023-04-21 06:15:45,772 [b2f013c4-4cfd-4a33-b24a-9a71c6bbd892-impl-thread3] INFO  impl.PendingRequests (PendingRequests.java:sendNotLeaderResponses(282)) - b2f013c4-4cfd-4a33-b24a-9a71c6bbd892@group-F8360EEBFADC-PendingRequests: sendNotLeaderResponses
2023-04-21 06:15:45,812 [grpc-default-executor-8] INFO  server.GrpcLogAppender (GrpcLogAppender.java:onError(404)) - 54e06896-f90f-443b-a024-7fd1f14ff9aa@group-FB30D226CB40->b2f013c4-4cfd-4a33-b24a-9a71c6bbd892-GrpcLogAppender is already stopped
2023-04-21 06:15:45,806 [54e06896-f90f-443b-a024-7fd1f14ff9aa-impl-thread3] INFO  server.RaftServer$Division (RaftServerImpl.java:lambda$close$4(458)) - 54e06896-f90f-443b-a024-7fd1f14ff9aa@group-68F121997BE1: shutdown
2023-04-21 06:15:45,838 [54e06896-f90f-443b-a024-7fd1f14ff9aa-impl-thread3] INFO  util.JmxRegister (JmxRegister.java:unregister(73)) - Successfully un-registered JMX Bean with object name Ratis:service=RaftServer,group=group-68F121997BE1,id=54e06896-f90f-443b-a024-7fd1f14ff9aa
2023-04-21 06:15:45,801 [grpc-default-executor-7] WARN  server.GrpcLogAppender (LogUtils.java:warn(122)) - 85be5e62-7272-42cb-bae2-27068f8713e2@group-F55E66CD8798->b2f013c4-4cfd-4a33-b24a-9a71c6bbd892-AppendLogResponseHandler: Failed appendEntries: org.apache.ratis.thirdparty.io.grpc.StatusRuntimeException: CANCELLED: RST_STREAM closed stream. HTTP/2 error code: CANCEL
2023-04-21 06:15:45,839 [grpc-default-executor-7] WARN  server.GrpcLogAppender (GrpcLogAppender.java:resetClient(131)) - 85be5e62-7272-42cb-bae2-27068f8713e2@group-F55E66CD8798->b2f013c4-4cfd-4a33-b24a-9a71c6bbd892-GrpcLogAppender: Leader has not got in touch with Follower 85be5e62-7272-42cb-bae2-27068f8713e2@group-F55E66CD8798->b2f013c4-4cfd-4a33-b24a-9a71c6bbd892(c0,m0,n1, attendVote=true, lastRpcSendTime=1491, lastRpcResponseTime=1490) yet, just keep nextIndex unchanged and retry.
2023-04-21 06:15:45,801 [grpc-default-executor-6] INFO  server.GrpcLogAppender (GrpcLogAppender.java:onError(404)) - 54e06896-f90f-443b-a024-7fd1f14ff9aa@group-FB30D226CB40->b2f013c4-4cfd-4a33-b24a-9a71c6bbd892-GrpcLogAppender is already stopped
2023-04-21 06:15:45,798 [grpc-default-executor-0] WARN  server.GrpcServerProtocolService (LogUtils.java:warn(122)) - 54e06896-f90f-443b-a024-7fd1f14ff9aa: installSnapshot onError, lastRequest: null: org.apache.ratis.thirdparty.io.grpc.StatusRuntimeException: CANCELLED: client cancelled
2023-04-21 06:15:45,798 [54e06896-f90f-443b-a024-7fd1f14ff9aa@group-FB30D226CB40-StateMachineUpdater] INFO  ratis.ContainerStateMachine (ContainerStateMachine.java:takeSnapshot(330)) - group-FB30D226CB40: Taking a snapshot at:(t:1, i:0) file /home/runner/work/ozone/ozone/hadoop-ozone/integration-test/target/test-dir/MiniOzoneClusterImpl-222c068d-693f-41e7-a147-5f3bf9f7a261/datanode-0/data/ratis/bede97ea-03b7-4748-982f-fb30d226cb40/sm/snapshot.1_0
2023-04-21 06:15:45,798 [54e06896-f90f-443b-a024-7fd1f14ff9aa-impl-thread1] INFO  impl.StateMachineUpdater (StateMachineUpdater.java:stopAndJoin(153)) - 54e06896-f90f-443b-a024-7fd1f14ff9aa@group-FB30D226CB40-StateMachineUpdater: set stopIndex = 0
2023-04-21 06:15:45,798 [b2f013c4-4cfd-4a33-b24a-9a71c6bbd892-NettyServerStreamRpc-bossGroup--thread1] INFO  logging.LoggingHandler (AbstractInternalLogger.java:log(148)) - [id: 0xbecdb547, L:/0:0:0:0:0:0:0:0:37043] CLOSE
2023-04-21 06:15:45,840 [b2f013c4-4cfd-4a33-b24a-9a71c6bbd892-NettyServerStreamRpc-bossGroup--thread1] INFO  logging.LoggingHandler (AbstractInternalLogger.java:log(148)) - [id: 0xbecdb547, L:/0:0:0:0:0:0:0:0:37043] INACTIVE
2023-04-21 06:15:45,840 [b2f013c4-4cfd-4a33-b24a-9a71c6bbd892-NettyServerStreamRpc-bossGroup--thread1] INFO  logging.LoggingHandler (AbstractInternalLogger.java:log(148)) - [id: 0xbecdb547, L:/0:0:0:0:0:0:0:0:37043] UNREGISTERED
2023-04-21 06:15:45,840 [grpc-default-executor-6] INFO  server.GrpcLogAppender (GrpcLogAppender.java:onCompleted(415)) - 54e06896-f90f-443b-a024-7fd1f14ff9aa@group-FB30D226CB40->85be5e62-7272-42cb-bae2-27068f8713e2-AppendLogResponseHandler: follower responses appendEntries COMPLETED
2023-04-21 06:15:45,840 [grpc-default-executor-6] WARN  server.GrpcLogAppender (GrpcLogAppender.java:resetClient(137)) - 54e06896-f90f-443b-a024-7fd1f14ff9aa@group-FB30D226CB40->85be5e62-7272-42cb-bae2-27068f8713e2-GrpcLogAppender: Failed to getClient for 85be5e62-7272-42cb-bae2-27068f8713e2
org.apache.ratis.protocol.exceptions.AlreadyClosedException: 54e06896-f90f-443b-a024-7fd1f14ff9aa is already CLOSED
	at org.apache.ratis.util.PeerProxyMap$PeerAndProxy.getProxy(PeerProxyMap.java:61)
	at org.apache.ratis.util.PeerProxyMap.getProxy(PeerProxyMap.java:115)
	at org.apache.ratis.grpc.server.GrpcLogAppender.getClient(GrpcLogAppender.java:116)
	at org.apache.ratis.grpc.server.GrpcLogAppender.resetClient(GrpcLogAppender.java:121)
	at org.apache.ratis.grpc.server.GrpcLogAppender.access$500(GrpcLogAppender.java:58)
	at org.apache.ratis.grpc.server.GrpcLogAppender$AppendLogResponseHandler.onCompleted(GrpcLogAppender.java:416)
	at org.apache.ratis.thirdparty.io.grpc.stub.ClientCalls$StreamObserverToCallListenerAdapter.onClose(ClientCalls.java:485)
	at org.apache.ratis.thirdparty.io.grpc.internal.ClientCallImpl.closeObserver(ClientCallImpl.java:562)
	at org.apache.ratis.thirdparty.io.grpc.internal.ClientCallImpl.access$300(ClientCallImpl.java:70)
	at org.apache.ratis.thirdparty.io.grpc.internal.ClientCallImpl$ClientStreamListenerImpl$1StreamClosed.runInternal(ClientCallImpl.java:743)
	at org.apache.ratis.thirdparty.io.grpc.internal.ClientCallImpl$ClientStreamListenerImpl$1StreamClosed.runInContext(ClientCallImpl.java:722)
	at org.apache.ratis.thirdparty.io.grpc.internal.ContextRunnable.run(ContextRunnable.java:37)
	at org.apache.ratis.thirdparty.io.grpc.internal.SerializingExecutor.run(SerializingExecutor.java:133)
	at java.util.concurrent.ThreadPoolExecutor.runWorker(ThreadPoolExecutor.java:1149)
	at java.util.concurrent.ThreadPoolExecutor$Worker.run(ThreadPoolExecutor.java:624)
	at java.lang.Thread.run(Thread.java:750)
2023-04-21 06:15:45,839 [grpc-default-executor-7] INFO  server.GrpcLogAppender (GrpcLogAppender.java:onCompleted(415)) - 54e06896-f90f-443b-a024-7fd1f14ff9aa@group-FB30D226CB40->85be5e62-7272-42cb-bae2-27068f8713e2-AppendLogResponseHandler: follower responses appendEntries COMPLETED
2023-04-21 06:15:45,838 [54e06896-f90f-443b-a024-7fd1f14ff9aa-impl-thread3] INFO  impl.RoleInfo (RoleInfo.java:shutdownLeaderState(93)) - 54e06896-f90f-443b-a024-7fd1f14ff9aa: shutdown 54e06896-f90f-443b-a024-7fd1f14ff9aa@group-68F121997BE1-LeaderStateImpl
2023-04-21 06:15:45,842 [54e06896-f90f-443b-a024-7fd1f14ff9aa-impl-thread3] INFO  impl.PendingRequests (PendingRequests.java:sendNotLeaderResponses(282)) - 54e06896-f90f-443b-a024-7fd1f14ff9aa@group-68F121997BE1-PendingRequests: sendNotLeaderResponses
2023-04-21 06:15:45,837 [grpc-default-executor-10] WARN  server.GrpcLogAppender (GrpcLogAppender.java:resetClient(131)) - 85be5e62-7272-42cb-bae2-27068f8713e2@group-F55E66CD8798->54e06896-f90f-443b-a024-7fd1f14ff9aa-GrpcLogAppender: Leader has not got in touch with Follower 85be5e62-7272-42cb-bae2-27068f8713e2@group-F55E66CD8798->54e06896-f90f-443b-a024-7fd1f14ff9aa(c0,m0,n1, attendVote=true, lastRpcSendTime=1471, lastRpcResponseTime=1469) yet, just keep nextIndex unchanged and retry.
2023-04-21 06:15:45,837 [grpc-default-executor-11] WARN  server.GrpcLogAppender (LogUtils.java:warn(122)) - 85be5e62-7272-42cb-bae2-27068f8713e2@group-F55E66CD8798->54e06896-f90f-443b-a024-7fd1f14ff9aa-AppendLogResponseHandler: Failed appendEntries: org.apache.ratis.thirdparty.io.grpc.StatusRuntimeException: CANCELLED: RST_STREAM closed stream. HTTP/2 error code: CANCEL
2023-04-21 06:15:45,842 [grpc-default-executor-7] WARN  server.GrpcLogAppender (GrpcLogAppender.java:resetClient(137)) - 54e06896-f90f-443b-a024-7fd1f14ff9aa@group-FB30D226CB40->85be5e62-7272-42cb-bae2-27068f8713e2-GrpcLogAppender: Failed to getClient for 85be5e62-7272-42cb-bae2-27068f8713e2
org.apache.ratis.protocol.exceptions.AlreadyClosedException: 54e06896-f90f-443b-a024-7fd1f14ff9aa is already CLOSED
	at org.apache.ratis.util.PeerProxyMap$PeerAndProxy.getProxy(PeerProxyMap.java:61)
	at org.apache.ratis.util.PeerProxyMap.getProxy(PeerProxyMap.java:115)
	at org.apache.ratis.grpc.server.GrpcLogAppender.getClient(GrpcLogAppender.java:116)
	at org.apache.ratis.grpc.server.GrpcLogAppender.resetClient(GrpcLogAppender.java:121)
	at org.apache.ratis.grpc.server.GrpcLogAppender.access$500(GrpcLogAppender.java:58)
	at org.apache.ratis.grpc.server.GrpcLogAppender$AppendLogResponseHandler.onCompleted(GrpcLogAppender.java:416)
	at org.apache.ratis.thirdparty.io.grpc.stub.ClientCalls$StreamObserverToCallListenerAdapter.onClose(ClientCalls.java:485)
	at org.apache.ratis.thirdparty.io.grpc.internal.ClientCallImpl.closeObserver(ClientCallImpl.java:562)
	at org.apache.ratis.thirdparty.io.grpc.internal.ClientCallImpl.access$300(ClientCallImpl.java:70)
	at org.apache.ratis.thirdparty.io.grpc.internal.ClientCallImpl$ClientStreamListenerImpl$1StreamClosed.runInternal(ClientCallImpl.java:743)
	at org.apache.ratis.thirdparty.io.grpc.internal.ClientCallImpl$ClientStreamListenerImpl$1StreamClosed.runInContext(ClientCallImpl.java:722)
	at org.apache.ratis.thirdparty.io.grpc.internal.ContextRunnable.run(ContextRunnable.java:37)
	at org.apache.ratis.thirdparty.io.grpc.internal.SerializingExecutor.run(SerializingExecutor.java:133)
	at java.util.concurrent.ThreadPoolExecutor.runWorker(ThreadPoolExecutor.java:1149)
	at java.util.concurrent.ThreadPoolExecutor$Worker.run(ThreadPoolExecutor.java:624)
	at java.lang.Thread.run(Thread.java:750)
2023-04-21 06:15:45,846 [grpc-default-executor-11] WARN  server.GrpcLogAppender (GrpcLogAppender.java:resetClient(131)) - 85be5e62-7272-42cb-bae2-27068f8713e2@group-F55E66CD8798->54e06896-f90f-443b-a024-7fd1f14ff9aa-GrpcLogAppender: Leader has not got in touch with Follower 85be5e62-7272-42cb-bae2-27068f8713e2@group-F55E66CD8798->54e06896-f90f-443b-a024-7fd1f14ff9aa(c0,m0,n1, attendVote=true, lastRpcSendTime=1480, lastRpcResponseTime=1478) yet, just keep nextIndex unchanged and retry.
2023-04-21 06:15:45,857 [54e06896-f90f-443b-a024-7fd1f14ff9aa@group-F55E66CD8798-StateMachineUpdater] INFO  ratis.ContainerStateMachine (ContainerStateMachine.java:takeSnapshot(341)) - group-F55E66CD8798: Finished taking a snapshot at:(t:1, i:0) file:/home/runner/work/ozone/ozone/hadoop-ozone/integration-test/target/test-dir/MiniOzoneClusterImpl-222c068d-693f-41e7-a147-5f3bf9f7a261/datanode-0/data/ratis/3fa8f89f-90e6-4908-8771-f55e66cd8798/sm/snapshot.1_0 took: 64 ms
2023-04-21 06:15:45,864 [54e06896-f90f-443b-a024-7fd1f14ff9aa@group-FB30D226CB40-StateMachineUpdater] INFO  ratis.ContainerStateMachine (ContainerStateMachine.java:takeSnapshot(341)) - group-FB30D226CB40: Finished taking a snapshot at:(t:1, i:0) file:/home/runner/work/ozone/ozone/hadoop-ozone/integration-test/target/test-dir/MiniOzoneClusterImpl-222c068d-693f-41e7-a147-5f3bf9f7a261/datanode-0/data/ratis/bede97ea-03b7-4748-982f-fb30d226cb40/sm/snapshot.1_0 took: 66 ms
2023-04-21 06:15:45,866 [54e06896-f90f-443b-a024-7fd1f14ff9aa@group-FB30D226CB40-StateMachineUpdater] INFO  impl.StateMachineUpdater (StateMachineUpdater.java:takeSnapshot(287)) - 54e06896-f90f-443b-a024-7fd1f14ff9aa@group-FB30D226CB40-StateMachineUpdater: Took a snapshot at index 0
2023-04-21 06:15:45,866 [54e06896-f90f-443b-a024-7fd1f14ff9aa@group-FB30D226CB40-StateMachineUpdater] INFO  impl.StateMachineUpdater (StateMachineUpdater.java:lambda$new$0(92)) - 54e06896-f90f-443b-a024-7fd1f14ff9aa@group-FB30D226CB40-StateMachineUpdater: snapshotIndex: updateIncreasingly -1 -> 0
2023-04-21 06:15:45,864 [b2f013c4-4cfd-4a33-b24a-9a71c6bbd892@group-F55E66CD8798-StateMachineUpdater] INFO  ratis.ContainerStateMachine (ContainerStateMachine.java:takeSnapshot(341)) - group-F55E66CD8798: Finished taking a snapshot at:(t:1, i:0) file:/home/runner/work/ozone/ozone/hadoop-ozone/integration-test/target/test-dir/MiniOzoneClusterImpl-222c068d-693f-41e7-a147-5f3bf9f7a261/datanode-1/data/ratis/3fa8f89f-90e6-4908-8771-f55e66cd8798/sm/snapshot.1_0 took: 95 ms
2023-04-21 06:15:45,864 [b2f013c4-4cfd-4a33-b24a-9a71c6bbd892@group-FB30D226CB40-StateMachineUpdater] INFO  ratis.ContainerStateMachine (ContainerStateMachine.java:takeSnapshot(341)) - group-FB30D226CB40: Finished taking a snapshot at:(t:1, i:0) file:/home/runner/work/ozone/ozone/hadoop-ozone/integration-test/target/test-dir/MiniOzoneClusterImpl-222c068d-693f-41e7-a147-5f3bf9f7a261/datanode-1/data/ratis/bede97ea-03b7-4748-982f-fb30d226cb40/sm/snapshot.1_0 took: 95 ms
2023-04-21 06:15:45,866 [54e06896-f90f-443b-a024-7fd1f14ff9aa@group-F55E66CD8798-StateMachineUpdater] INFO  impl.StateMachineUpdater (StateMachineUpdater.java:takeSnapshot(287)) - 54e06896-f90f-443b-a024-7fd1f14ff9aa@group-F55E66CD8798-StateMachineUpdater: Took a snapshot at index 0
2023-04-21 06:15:45,869 [54e06896-f90f-443b-a024-7fd1f14ff9aa@group-F55E66CD8798-StateMachineUpdater] INFO  impl.StateMachineUpdater (StateMachineUpdater.java:lambda$new$0(92)) - 54e06896-f90f-443b-a024-7fd1f14ff9aa@group-F55E66CD8798-StateMachineUpdater: snapshotIndex: updateIncreasingly -1 -> 0
2023-04-21 06:15:45,869 [b2f013c4-4cfd-4a33-b24a-9a71c6bbd892-impl-thread3] INFO  impl.StateMachineUpdater (StateMachineUpdater.java:stopAndJoin(153)) - b2f013c4-4cfd-4a33-b24a-9a71c6bbd892@group-F8360EEBFADC-StateMachineUpdater: set stopIndex = 9
2023-04-21 06:15:45,870 [b2f013c4-4cfd-4a33-b24a-9a71c6bbd892@group-F8360EEBFADC-StateMachineUpdater] INFO  ratis.ContainerStateMachine (ContainerStateMachine.java:takeSnapshot(330)) - group-F8360EEBFADC: Taking a snapshot at:(t:1, i:9) file /home/runner/work/ozone/ozone/hadoop-ozone/integration-test/target/test-dir/MiniOzoneClusterImpl-222c068d-693f-41e7-a147-5f3bf9f7a261/datanode-1/data/ratis/da4ba95e-5845-41c2-b687-f8360eebfadc/sm/snapshot.1_9
2023-04-21 06:15:45,869 [b2f013c4-4cfd-4a33-b24a-9a71c6bbd892@group-FB30D226CB40-StateMachineUpdater] INFO  impl.StateMachineUpdater (StateMachineUpdater.java:takeSnapshot(287)) - b2f013c4-4cfd-4a33-b24a-9a71c6bbd892@group-FB30D226CB40-StateMachineUpdater: Took a snapshot at index 0
2023-04-21 06:15:45,870 [b2f013c4-4cfd-4a33-b24a-9a71c6bbd892@group-FB30D226CB40-StateMachineUpdater] INFO  impl.StateMachineUpdater (StateMachineUpdater.java:lambda$new$0(92)) - b2f013c4-4cfd-4a33-b24a-9a71c6bbd892@group-FB30D226CB40-StateMachineUpdater: snapshotIndex: updateIncreasingly -1 -> 0
2023-04-21 06:15:45,874 [b2f013c4-4cfd-4a33-b24a-9a71c6bbd892-impl-thread1] INFO  server.RaftServer$Division (ServerState.java:close(466)) - b2f013c4-4cfd-4a33-b24a-9a71c6bbd892@group-FB30D226CB40: closes. applyIndex: 0
2023-04-21 06:15:45,874 [b2f013c4-4cfd-4a33-b24a-9a71c6bbd892@group-FB30D226CB40-SegmentedRaftLogWorker] INFO  segmented.SegmentedRaftLogWorker (SegmentedRaftLogWorker.java:run(347)) - b2f013c4-4cfd-4a33-b24a-9a71c6bbd892@group-FB30D226CB40-SegmentedRaftLogWorker was interrupted, exiting. There are 0 tasks remaining in the queue.
2023-04-21 06:15:45,874 [54e06896-f90f-443b-a024-7fd1f14ff9aa-impl-thread2] INFO  server.RaftServer$Division (ServerState.java:close(466)) - 54e06896-f90f-443b-a024-7fd1f14ff9aa@group-F55E66CD8798: closes. applyIndex: 0
2023-04-21 06:15:45,874 [54e06896-f90f-443b-a024-7fd1f14ff9aa@group-F55E66CD8798-SegmentedRaftLogWorker] INFO  segmented.SegmentedRaftLogWorker (SegmentedRaftLogWorker.java:run(347)) - 54e06896-f90f-443b-a024-7fd1f14ff9aa@group-F55E66CD8798-SegmentedRaftLogWorker was interrupted, exiting. There are 0 tasks remaining in the queue.
2023-04-21 06:15:45,874 [54e06896-f90f-443b-a024-7fd1f14ff9aa-impl-thread1] INFO  server.RaftServer$Division (ServerState.java:close(466)) - 54e06896-f90f-443b-a024-7fd1f14ff9aa@group-FB30D226CB40: closes. applyIndex: 0
2023-04-21 06:15:45,874 [54e06896-f90f-443b-a024-7fd1f14ff9aa@group-FB30D226CB40-SegmentedRaftLogWorker] INFO  segmented.SegmentedRaftLogWorker (SegmentedRaftLogWorker.java:run(347)) - 54e06896-f90f-443b-a024-7fd1f14ff9aa@group-FB30D226CB40-SegmentedRaftLogWorker was interrupted, exiting. There are 0 tasks remaining in the queue.
2023-04-21 06:15:45,875 [54e06896-f90f-443b-a024-7fd1f14ff9aa-impl-thread3] INFO  impl.StateMachineUpdater (StateMachineUpdater.java:stopAndJoin(153)) - 54e06896-f90f-443b-a024-7fd1f14ff9aa@group-68F121997BE1-StateMachineUpdater: set stopIndex = 3
2023-04-21 06:15:45,875 [54e06896-f90f-443b-a024-7fd1f14ff9aa@group-68F121997BE1-StateMachineUpdater] INFO  ratis.ContainerStateMachine (ContainerStateMachine.java:takeSnapshot(330)) - group-68F121997BE1: Taking a snapshot at:(t:1, i:3) file /home/runner/work/ozone/ozone/hadoop-ozone/integration-test/target/test-dir/MiniOzoneClusterImpl-222c068d-693f-41e7-a147-5f3bf9f7a261/datanode-0/data/ratis/5fd88dd9-7418-4422-9e19-68f121997be1/sm/snapshot.1_3
2023-04-21 06:15:45,878 [b2f013c4-4cfd-4a33-b24a-9a71c6bbd892-impl-thread1] INFO  segmented.SegmentedRaftLogWorker (SegmentedRaftLogWorker.java:close(257)) - b2f013c4-4cfd-4a33-b24a-9a71c6bbd892@group-FB30D226CB40-SegmentedRaftLogWorker close()
2023-04-21 06:15:45,879 [54e06896-f90f-443b-a024-7fd1f14ff9aa-impl-thread1] INFO  segmented.SegmentedRaftLogWorker (SegmentedRaftLogWorker.java:close(257)) - 54e06896-f90f-443b-a024-7fd1f14ff9aa@group-FB30D226CB40-SegmentedRaftLogWorker close()
2023-04-21 06:15:45,879 [54e06896-f90f-443b-a024-7fd1f14ff9aa-impl-thread2] INFO  segmented.SegmentedRaftLogWorker (SegmentedRaftLogWorker.java:close(257)) - 54e06896-f90f-443b-a024-7fd1f14ff9aa@group-F55E66CD8798-SegmentedRaftLogWorker close()
2023-04-21 06:15:45,880 [54e06896-f90f-443b-a024-7fd1f14ff9aa@group-68F121997BE1-StateMachineUpdater] INFO  ratis.ContainerStateMachine (ContainerStateMachine.java:takeSnapshot(341)) - group-68F121997BE1: Finished taking a snapshot at:(t:1, i:3) file:/home/runner/work/ozone/ozone/hadoop-ozone/integration-test/target/test-dir/MiniOzoneClusterImpl-222c068d-693f-41e7-a147-5f3bf9f7a261/datanode-0/data/ratis/5fd88dd9-7418-4422-9e19-68f121997be1/sm/snapshot.1_3 took: 4 ms
2023-04-21 06:15:45,880 [54e06896-f90f-443b-a024-7fd1f14ff9aa@group-68F121997BE1-StateMachineUpdater] INFO  impl.StateMachineUpdater (StateMachineUpdater.java:takeSnapshot(287)) - 54e06896-f90f-443b-a024-7fd1f14ff9aa@group-68F121997BE1-StateMachineUpdater: Took a snapshot at index 3
2023-04-21 06:15:45,880 [54e06896-f90f-443b-a024-7fd1f14ff9aa@group-68F121997BE1-StateMachineUpdater] INFO  impl.StateMachineUpdater (StateMachineUpdater.java:lambda$new$0(92)) - 54e06896-f90f-443b-a024-7fd1f14ff9aa@group-68F121997BE1-StateMachineUpdater: snapshotIndex: updateIncreasingly -1 -> 3
2023-04-21 06:15:45,881 [54e06896-f90f-443b-a024-7fd1f14ff9aa-impl-thread3] INFO  server.RaftServer$Division (ServerState.java:close(466)) - 54e06896-f90f-443b-a024-7fd1f14ff9aa@group-68F121997BE1: closes. applyIndex: 3
2023-04-21 06:15:45,881 [54e06896-f90f-443b-a024-7fd1f14ff9aa@group-68F121997BE1-SegmentedRaftLogWorker] INFO  segmented.SegmentedRaftLogWorker (SegmentedRaftLogWorker.java:run(347)) - 54e06896-f90f-443b-a024-7fd1f14ff9aa@group-68F121997BE1-SegmentedRaftLogWorker was interrupted, exiting. There are 0 tasks remaining in the queue.
2023-04-21 06:15:45,881 [54e06896-f90f-443b-a024-7fd1f14ff9aa-impl-thread3] INFO  segmented.SegmentedRaftLogWorker (SegmentedRaftLogWorker.java:close(257)) - 54e06896-f90f-443b-a024-7fd1f14ff9aa@group-68F121997BE1-SegmentedRaftLogWorker close()
2023-04-21 06:15:45,883 [b2f013c4-4cfd-4a33-b24a-9a71c6bbd892@group-F8360EEBFADC-StateMachineUpdater] INFO  ratis.ContainerStateMachine (ContainerStateMachine.java:takeSnapshot(341)) - group-F8360EEBFADC: Finished taking a snapshot at:(t:1, i:9) file:/home/runner/work/ozone/ozone/hadoop-ozone/integration-test/target/test-dir/MiniOzoneClusterImpl-222c068d-693f-41e7-a147-5f3bf9f7a261/datanode-1/data/ratis/da4ba95e-5845-41c2-b687-f8360eebfadc/sm/snapshot.1_9 took: 13 ms
2023-04-21 06:15:45,883 [b2f013c4-4cfd-4a33-b24a-9a71c6bbd892@group-F8360EEBFADC-StateMachineUpdater] INFO  impl.StateMachineUpdater (StateMachineUpdater.java:takeSnapshot(287)) - b2f013c4-4cfd-4a33-b24a-9a71c6bbd892@group-F8360EEBFADC-StateMachineUpdater: Took a snapshot at index 9
2023-04-21 06:15:45,883 [b2f013c4-4cfd-4a33-b24a-9a71c6bbd892@group-F8360EEBFADC-StateMachineUpdater] INFO  impl.StateMachineUpdater (StateMachineUpdater.java:lambda$new$0(92)) - b2f013c4-4cfd-4a33-b24a-9a71c6bbd892@group-F8360EEBFADC-StateMachineUpdater: snapshotIndex: updateIncreasingly -1 -> 9
2023-04-21 06:15:45,886 [b2f013c4-4cfd-4a33-b24a-9a71c6bbd892@group-F55E66CD8798-StateMachineUpdater] INFO  impl.StateMachineUpdater (StateMachineUpdater.java:takeSnapshot(287)) - b2f013c4-4cfd-4a33-b24a-9a71c6bbd892@group-F55E66CD8798-StateMachineUpdater: Took a snapshot at index 0
2023-04-21 06:15:45,886 [b2f013c4-4cfd-4a33-b24a-9a71c6bbd892@group-F55E66CD8798-StateMachineUpdater] INFO  impl.StateMachineUpdater (StateMachineUpdater.java:lambda$new$0(92)) - b2f013c4-4cfd-4a33-b24a-9a71c6bbd892@group-F55E66CD8798-StateMachineUpdater: snapshotIndex: updateIncreasingly -1 -> 0
2023-04-21 06:15:45,889 [b2f013c4-4cfd-4a33-b24a-9a71c6bbd892-impl-thread2] INFO  server.RaftServer$Division (ServerState.java:close(466)) - b2f013c4-4cfd-4a33-b24a-9a71c6bbd892@group-F55E66CD8798: closes. applyIndex: 0
2023-04-21 06:15:45,890 [b2f013c4-4cfd-4a33-b24a-9a71c6bbd892@group-F55E66CD8798-SegmentedRaftLogWorker] INFO  segmented.SegmentedRaftLogWorker (SegmentedRaftLogWorker.java:run(347)) - b2f013c4-4cfd-4a33-b24a-9a71c6bbd892@group-F55E66CD8798-SegmentedRaftLogWorker was interrupted, exiting. There are 0 tasks remaining in the queue.
2023-04-21 06:15:45,894 [b2f013c4-4cfd-4a33-b24a-9a71c6bbd892-impl-thread2] INFO  segmented.SegmentedRaftLogWorker (SegmentedRaftLogWorker.java:close(257)) - b2f013c4-4cfd-4a33-b24a-9a71c6bbd892@group-F55E66CD8798-SegmentedRaftLogWorker close()
2023-04-21 06:15:45,895 [ForkJoinPool.commonPool-worker-1] INFO  server.GrpcServerProtocolClient (GrpcServerProtocolClient.java:close(101)) - b2f013c4-4cfd-4a33-b24a-9a71c6bbd892 Close channels
2023-04-21 06:15:45,895 [b2f013c4-4cfd-4a33-b24a-9a71c6bbd892-impl-thread3] INFO  server.RaftServer$Division (ServerState.java:close(466)) - b2f013c4-4cfd-4a33-b24a-9a71c6bbd892@group-F8360EEBFADC: closes. applyIndex: 9
2023-04-21 06:15:45,896 [b2f013c4-4cfd-4a33-b24a-9a71c6bbd892@group-F8360EEBFADC-SegmentedRaftLogWorker] INFO  segmented.SegmentedRaftLogWorker (SegmentedRaftLogWorker.java:run(347)) - b2f013c4-4cfd-4a33-b24a-9a71c6bbd892@group-F8360EEBFADC-SegmentedRaftLogWorker was interrupted, exiting. There are 0 tasks remaining in the queue.
2023-04-21 06:15:45,896 [b2f013c4-4cfd-4a33-b24a-9a71c6bbd892-impl-thread3] INFO  segmented.SegmentedRaftLogWorker (SegmentedRaftLogWorker.java:close(257)) - b2f013c4-4cfd-4a33-b24a-9a71c6bbd892@group-F8360EEBFADC-SegmentedRaftLogWorker close()
2023-04-21 06:15:45,897 [ForkJoinPool.commonPool-worker-1] INFO  server.GrpcService (GrpcService.java:closeImpl(280)) - 54e06896-f90f-443b-a024-7fd1f14ff9aa: shutdown server GrpcServerProtocolService successfully
2023-04-21 06:15:45,898 [54e06896-f90f-443b-a024-7fd1f14ff9aa-NettyServerStreamRpc-bossGroup--thread1] INFO  logging.LoggingHandler (AbstractInternalLogger.java:log(148)) - [id: 0xe1ece4c4, L:/0:0:0:0:0:0:0:0:43055] CLOSE
2023-04-21 06:15:45,900 [54e06896-f90f-443b-a024-7fd1f14ff9aa-NettyServerStreamRpc-bossGroup--thread1] INFO  logging.LoggingHandler (AbstractInternalLogger.java:log(148)) - [id: 0xe1ece4c4, L:/0:0:0:0:0:0:0:0:43055] INACTIVE
2023-04-21 06:15:45,900 [54e06896-f90f-443b-a024-7fd1f14ff9aa-NettyServerStreamRpc-bossGroup--thread1] INFO  logging.LoggingHandler (AbstractInternalLogger.java:log(148)) - [id: 0xe1ece4c4, L:/0:0:0:0:0:0:0:0:43055] UNREGISTERED
2023-04-21 06:15:45,899 [JvmPauseMonitor2] INFO  util.JvmPauseMonitor (JvmPauseMonitor.java:run(111)) - JvmPauseMonitor-b2f013c4-4cfd-4a33-b24a-9a71c6bbd892: Stopped
2023-04-21 06:15:45,902 [JvmPauseMonitor1] INFO  util.JvmPauseMonitor (JvmPauseMonitor.java:run(111)) - JvmPauseMonitor-54e06896-f90f-443b-a024-7fd1f14ff9aa: Stopped
2023-04-21 06:15:46,677 [SCMBlockDeletingService#0] INFO  block.SCMBlockDeletingService (SCMBlockDeletingService.java:call(198)) - Totally added 4 blocks to be deleted for 2 datanodes, task elapsed time: 1ms
2023-04-21 06:15:46,774 [org.apache.hadoop.ozone.container.common.statemachine.commandhandler.DeleteBlocksCommandHandler$DeleteCmdWorker@5692a563] INFO  commandhandler.DeleteBlocksCommandHandler (DeleteBlocksCommandHandler.java:processCmd(275)) - Start to delete container blocks, TXIDs=[2(2)], numOfContainers=1, numOfBlocks=1
2023-04-21 06:15:46,780 [DeleteBlocksCommandHandlerThread-2] INFO  commandhandler.DeleteBlocksCommandHandler (DeleteBlocksCommandHandler.java:logDeleteTransaction(493)) - Delete blocks for containerId: 2 is either received out of order or retried, 2 <= 2
2023-04-21 06:15:46,781 [org.apache.hadoop.ozone.container.common.statemachine.commandhandler.DeleteBlocksCommandHandler$DeleteCmdWorker@5692a563] INFO  commandhandler.DeleteBlocksCommandHandler (DeleteBlocksCommandHandler.java:processCmd(275)) - Start to delete container blocks, TXIDs=[7(0)], numOfContainers=1, numOfBlocks=2
2023-04-21 06:15:46,859 [grpc-default-executor-0] WARN  server.GrpcLogAppender (LogUtils.java:warn(122)) - 85be5e62-7272-42cb-bae2-27068f8713e2@group-F55E66CD8798->b2f013c4-4cfd-4a33-b24a-9a71c6bbd892-AppendLogResponseHandler: Failed appendEntries: org.apache.ratis.thirdparty.io.grpc.StatusRuntimeException: UNAVAILABLE: io exception
2023-04-21 06:15:46,867 [grpc-default-executor-2] WARN  server.GrpcLogAppender (LogUtils.java:warn(122)) - 85be5e62-7272-42cb-bae2-27068f8713e2@group-F55E66CD8798->b2f013c4-4cfd-4a33-b24a-9a71c6bbd892-AppendLogResponseHandler: Failed appendEntries: org.apache.ratis.thirdparty.io.grpc.StatusRuntimeException: UNAVAILABLE: io exception
2023-04-21 06:15:46,868 [grpc-default-executor-0] WARN  server.GrpcLogAppender (GrpcLogAppender.java:resetClient(131)) - 85be5e62-7272-42cb-bae2-27068f8713e2@group-F55E66CD8798->b2f013c4-4cfd-4a33-b24a-9a71c6bbd892-GrpcLogAppender: Leader has not got in touch with Follower 85be5e62-7272-42cb-bae2-27068f8713e2@group-F55E66CD8798->b2f013c4-4cfd-4a33-b24a-9a71c6bbd892(c0,m0,n1, attendVote=true, lastRpcSendTime=0, lastRpcResponseTime=2519) yet, just keep nextIndex unchanged and retry.
2023-04-21 06:15:46,869 [grpc-default-executor-2] WARN  server.GrpcLogAppender (GrpcLogAppender.java:resetClient(131)) - 85be5e62-7272-42cb-bae2-27068f8713e2@group-F55E66CD8798->b2f013c4-4cfd-4a33-b24a-9a71c6bbd892-GrpcLogAppender: Leader has not got in touch with Follower 85be5e62-7272-42cb-bae2-27068f8713e2@group-F55E66CD8798->b2f013c4-4cfd-4a33-b24a-9a71c6bbd892(c0,m0,n1, attendVote=true, lastRpcSendTime=1, lastRpcResponseTime=2520) yet, just keep nextIndex unchanged and retry.
2023-04-21 06:15:46,871 [grpc-default-executor-2] WARN  server.GrpcLogAppender (LogUtils.java:warn(122)) - 85be5e62-7272-42cb-bae2-27068f8713e2@group-F55E66CD8798->54e06896-f90f-443b-a024-7fd1f14ff9aa-AppendLogResponseHandler: Failed appendEntries: org.apache.ratis.thirdparty.io.grpc.StatusRuntimeException: UNAVAILABLE: io exception
2023-04-21 06:15:46,874 [grpc-default-executor-2] WARN  server.GrpcLogAppender (GrpcLogAppender.java:resetClient(131)) - 85be5e62-7272-42cb-bae2-27068f8713e2@group-F55E66CD8798->54e06896-f90f-443b-a024-7fd1f14ff9aa-GrpcLogAppender: Leader has not got in touch with Follower 85be5e62-7272-42cb-bae2-27068f8713e2@group-F55E66CD8798->54e06896-f90f-443b-a024-7fd1f14ff9aa(c0,m0,n1, attendVote=true, lastRpcSendTime=0, lastRpcResponseTime=2506) yet, just keep nextIndex unchanged and retry.
2023-04-21 06:15:46,874 [grpc-default-executor-2] WARN  server.GrpcLogAppender (LogUtils.java:warn(122)) - 85be5e62-7272-42cb-bae2-27068f8713e2@group-F55E66CD8798->54e06896-f90f-443b-a024-7fd1f14ff9aa-AppendLogResponseHandler: Failed appendEntries: org.apache.ratis.thirdparty.io.grpc.StatusRuntimeException: UNAVAILABLE: io exception
2023-04-21 06:15:46,874 [grpc-default-executor-2] WARN  server.GrpcLogAppender (GrpcLogAppender.java:resetClient(131)) - 85be5e62-7272-42cb-bae2-27068f8713e2@group-F55E66CD8798->54e06896-f90f-443b-a024-7fd1f14ff9aa-GrpcLogAppender: Leader has not got in touch with Follower 85be5e62-7272-42cb-bae2-27068f8713e2@group-F55E66CD8798->54e06896-f90f-443b-a024-7fd1f14ff9aa(c0,m0,n1, attendVote=true, lastRpcSendTime=0, lastRpcResponseTime=2506) yet, just keep nextIndex unchanged and retry.
2023-04-21 06:15:47,947 [Listener at 127.0.0.1/39531] INFO  volume.HddsVolume (HddsVolume.java:closeDbStore(437)) - SchemaV3 db is stopped at /home/runner/work/ozone/ozone/hadoop-ozone/integration-test/target/test-dir/MiniOzoneClusterImpl-222c068d-693f-41e7-a147-5f3bf9f7a261/datanode-1/data-0/containers/hdds/222c068d-693f-41e7-a147-5f3bf9f7a261/DS-b8822908-facb-4aad-aa07-d5254e14ab7c/container.db for volume DS-b8822908-facb-4aad-aa07-d5254e14ab7c
2023-04-21 06:15:47,947 [Listener at 127.0.0.1/39531] INFO  utils.BackgroundService (BackgroundService.java:shutdown(141)) - Shutting down service BlockDeletingService
2023-04-21 06:15:47,947 [Listener at 127.0.0.1/39531] INFO  utils.BackgroundService (BackgroundService.java:shutdown(141)) - Shutting down service StaleRecoveringContainerScrubbingService
2023-04-21 06:15:47,949 [ForkJoinPool.commonPool-worker-1] INFO  volume.HddsVolume (HddsVolume.java:closeDbStore(437)) - SchemaV3 db is stopped at /home/runner/work/ozone/ozone/hadoop-ozone/integration-test/target/test-dir/MiniOzoneClusterImpl-222c068d-693f-41e7-a147-5f3bf9f7a261/datanode-0/data-0/containers/hdds/222c068d-693f-41e7-a147-5f3bf9f7a261/DS-8b344840-2626-42e0-808b-06250b440f97/container.db for volume DS-8b344840-2626-42e0-808b-06250b440f97
2023-04-21 06:15:47,950 [ForkJoinPool.commonPool-worker-1] INFO  utils.BackgroundService (BackgroundService.java:shutdown(141)) - Shutting down service BlockDeletingService
2023-04-21 06:15:47,951 [ForkJoinPool.commonPool-worker-1] INFO  utils.BackgroundService (BackgroundService.java:shutdown(141)) - Shutting down service StaleRecoveringContainerScrubbingService
2023-04-21 06:15:47,952 [Listener at 127.0.0.1/39531] INFO  statemachine.DatanodeStateMachine (DatanodeStateMachine.java:stopDaemon(601)) - Ozone container server stopped.
2023-04-21 06:15:47,963 [ForkJoinPool.commonPool-worker-1] INFO  statemachine.DatanodeStateMachine (DatanodeStateMachine.java:stopDaemon(601)) - Ozone container server stopped.
2023-04-21 06:15:47,977 [Listener at 127.0.0.1/39531] INFO  handler.ContextHandler (ContextHandler.java:doStop(1159)) - Stopped o.e.j.w.WebAppContext@1971471e{hddsDatanode,/,null,STOPPED}{jar:file:/home/runner/.m2/repository/org/apache/ozone/hdds-container-service/1.4.0-SNAPSHOT/hdds-container-service-1.4.0-SNAPSHOT.jar!/webapps/hddsDatanode}
2023-04-21 06:15:47,978 [Listener at 127.0.0.1/39531] INFO  server.AbstractConnector (AbstractConnector.java:doStop(383)) - Stopped ServerConnector@1445748a{HTTP/1.1, (http/1.1)}{0.0.0.0:0}
2023-04-21 06:15:47,978 [Listener at 127.0.0.1/39531] INFO  server.session (HouseKeeper.java:stopScavenging(149)) - node0 Stopped scavenging
2023-04-21 06:15:47,979 [Listener at 127.0.0.1/39531] INFO  handler.ContextHandler (ContextHandler.java:doStop(1159)) - Stopped o.e.j.s.ServletContextHandler@5de4efa4{static,/static,jar:file:/home/runner/.m2/repository/org/apache/ozone/hdds-container-service/1.4.0-SNAPSHOT/hdds-container-service-1.4.0-SNAPSHOT.jar!/webapps/static,STOPPED}
2023-04-21 06:15:47,983 [Listener at 127.0.0.1/39531] INFO  handler.ContextHandler (ContextHandler.java:doStop(1159)) - Stopped o.e.j.s.ServletContextHandler@796d1112{logs,/logs,file:///home/runner/work/ozone/ozone/hadoop-ozone/integration-test/target/log,STOPPED}
2023-04-21 06:15:47,986 [ForkJoinPool.commonPool-worker-1] INFO  handler.ContextHandler (ContextHandler.java:doStop(1159)) - Stopped o.e.j.w.WebAppContext@678b98f9{hddsDatanode,/,null,STOPPED}{jar:file:/home/runner/.m2/repository/org/apache/ozone/hdds-container-service/1.4.0-SNAPSHOT/hdds-container-service-1.4.0-SNAPSHOT.jar!/webapps/hddsDatanode}
2023-04-21 06:15:47,989 [Listener at 127.0.0.1/39531] INFO  ozoneimpl.OzoneContainer (OzoneContainer.java:stop(419)) - Attempting to stop container services.
2023-04-21 06:15:47,991 [Listener at 127.0.0.1/39531] INFO  server.RaftServer (RaftServerProxy.java:lambda$close$6(409)) - 85be5e62-7272-42cb-bae2-27068f8713e2: close
2023-04-21 06:15:47,992 [85be5e62-7272-42cb-bae2-27068f8713e2-impl-thread1] INFO  server.RaftServer$Division (RaftServerImpl.java:lambda$close$4(458)) - 85be5e62-7272-42cb-bae2-27068f8713e2@group-FB30D226CB40: shutdown
2023-04-21 06:15:47,992 [85be5e62-7272-42cb-bae2-27068f8713e2-impl-thread1] INFO  util.JmxRegister (JmxRegister.java:unregister(73)) - Successfully un-registered JMX Bean with object name Ratis:service=RaftServer,group=group-FB30D226CB40,id=85be5e62-7272-42cb-bae2-27068f8713e2
2023-04-21 06:15:47,992 [85be5e62-7272-42cb-bae2-27068f8713e2-impl-thread1] INFO  impl.RoleInfo (RoleInfo.java:shutdownFollowerState(110)) - 85be5e62-7272-42cb-bae2-27068f8713e2: shutdown 85be5e62-7272-42cb-bae2-27068f8713e2@group-FB30D226CB40-FollowerState
2023-04-21 06:15:47,992 [85be5e62-7272-42cb-bae2-27068f8713e2-impl-thread1] INFO  impl.StateMachineUpdater (StateMachineUpdater.java:stopAndJoin(153)) - 85be5e62-7272-42cb-bae2-27068f8713e2@group-FB30D226CB40-StateMachineUpdater: set stopIndex = 0
2023-04-21 06:15:47,992 [85be5e62-7272-42cb-bae2-27068f8713e2@group-FB30D226CB40-FollowerState] INFO  impl.FollowerState (FollowerState.java:run(152)) - 85be5e62-7272-42cb-bae2-27068f8713e2@group-FB30D226CB40-FollowerState was interrupted
2023-04-21 06:15:47,993 [85be5e62-7272-42cb-bae2-27068f8713e2@group-FB30D226CB40-StateMachineUpdater] INFO  ratis.ContainerStateMachine (ContainerStateMachine.java:takeSnapshot(330)) - group-FB30D226CB40: Taking a snapshot at:(t:1, i:0) file /home/runner/work/ozone/ozone/hadoop-ozone/integration-test/target/test-dir/MiniOzoneClusterImpl-222c068d-693f-41e7-a147-5f3bf9f7a261/datanode-2/data/ratis/bede97ea-03b7-4748-982f-fb30d226cb40/sm/snapshot.1_0
2023-04-21 06:15:47,994 [85be5e62-7272-42cb-bae2-27068f8713e2@group-FB30D226CB40-StateMachineUpdater] INFO  ratis.ContainerStateMachine (ContainerStateMachine.java:takeSnapshot(341)) - group-FB30D226CB40: Finished taking a snapshot at:(t:1, i:0) file:/home/runner/work/ozone/ozone/hadoop-ozone/integration-test/target/test-dir/MiniOzoneClusterImpl-222c068d-693f-41e7-a147-5f3bf9f7a261/datanode-2/data/ratis/bede97ea-03b7-4748-982f-fb30d226cb40/sm/snapshot.1_0 took: 2 ms
2023-04-21 06:15:47,995 [85be5e62-7272-42cb-bae2-27068f8713e2@group-FB30D226CB40-StateMachineUpdater] INFO  impl.StateMachineUpdater (StateMachineUpdater.java:takeSnapshot(287)) - 85be5e62-7272-42cb-bae2-27068f8713e2@group-FB30D226CB40-StateMachineUpdater: Took a snapshot at index 0
2023-04-21 06:15:47,995 [85be5e62-7272-42cb-bae2-27068f8713e2@group-FB30D226CB40-StateMachineUpdater] INFO  impl.StateMachineUpdater (StateMachineUpdater.java:lambda$new$0(92)) - 85be5e62-7272-42cb-bae2-27068f8713e2@group-FB30D226CB40-StateMachineUpdater: snapshotIndex: updateIncreasingly -1 -> 0
2023-04-21 06:15:47,996 [85be5e62-7272-42cb-bae2-27068f8713e2-impl-thread1] INFO  server.RaftServer$Division (ServerState.java:close(466)) - 85be5e62-7272-42cb-bae2-27068f8713e2@group-FB30D226CB40: closes. applyIndex: 0
2023-04-21 06:15:47,996 [85be5e62-7272-42cb-bae2-27068f8713e2@group-FB30D226CB40-SegmentedRaftLogWorker] INFO  segmented.SegmentedRaftLogWorker (SegmentedRaftLogWorker.java:run(347)) - 85be5e62-7272-42cb-bae2-27068f8713e2@group-FB30D226CB40-SegmentedRaftLogWorker was interrupted, exiting. There are 0 tasks remaining in the queue.
2023-04-21 06:15:47,999 [85be5e62-7272-42cb-bae2-27068f8713e2-impl-thread1] INFO  segmented.SegmentedRaftLogWorker (SegmentedRaftLogWorker.java:close(257)) - 85be5e62-7272-42cb-bae2-27068f8713e2@group-FB30D226CB40-SegmentedRaftLogWorker close()
2023-04-21 06:15:47,999 [85be5e62-7272-42cb-bae2-27068f8713e2-impl-thread2] INFO  server.RaftServer$Division (RaftServerImpl.java:lambda$close$4(458)) - 85be5e62-7272-42cb-bae2-27068f8713e2@group-F55E66CD8798: shutdown
2023-04-21 06:15:47,999 [85be5e62-7272-42cb-bae2-27068f8713e2-impl-thread2] INFO  util.JmxRegister (JmxRegister.java:unregister(73)) - Successfully un-registered JMX Bean with object name Ratis:service=RaftServer,group=group-F55E66CD8798,id=85be5e62-7272-42cb-bae2-27068f8713e2
2023-04-21 06:15:47,999 [85be5e62-7272-42cb-bae2-27068f8713e2-impl-thread2] INFO  impl.RoleInfo (RoleInfo.java:shutdownLeaderState(93)) - 85be5e62-7272-42cb-bae2-27068f8713e2: shutdown 85be5e62-7272-42cb-bae2-27068f8713e2@group-F55E66CD8798-LeaderStateImpl
2023-04-21 06:15:47,999 [Listener at 127.0.0.1/39531] INFO  server.GrpcService (GrpcService.java:closeImpl(271)) - 85be5e62-7272-42cb-bae2-27068f8713e2: shutdown server GrpcServerProtocolService now
2023-04-21 06:15:47,999 [85be5e62-7272-42cb-bae2-27068f8713e2-impl-thread3] INFO  server.RaftServer$Division (RaftServerImpl.java:lambda$close$4(458)) - 85be5e62-7272-42cb-bae2-27068f8713e2@group-F8B97ACD73F9: shutdown
2023-04-21 06:15:47,999 [85be5e62-7272-42cb-bae2-27068f8713e2-impl-thread3] INFO  util.JmxRegister (JmxRegister.java:unregister(73)) - Successfully un-registered JMX Bean with object name Ratis:service=RaftServer,group=group-F8B97ACD73F9,id=85be5e62-7272-42cb-bae2-27068f8713e2
2023-04-21 06:15:47,999 [85be5e62-7272-42cb-bae2-27068f8713e2-impl-thread3] INFO  impl.RoleInfo (RoleInfo.java:shutdownLeaderState(93)) - 85be5e62-7272-42cb-bae2-27068f8713e2: shutdown 85be5e62-7272-42cb-bae2-27068f8713e2@group-F8B97ACD73F9-LeaderStateImpl
2023-04-21 06:15:47,999 [85be5e62-7272-42cb-bae2-27068f8713e2-impl-thread3] INFO  impl.PendingRequests (PendingRequests.java:sendNotLeaderResponses(282)) - 85be5e62-7272-42cb-bae2-27068f8713e2@group-F8B97ACD73F9-PendingRequests: sendNotLeaderResponses
2023-04-21 06:15:48,003 [85be5e62-7272-42cb-bae2-27068f8713e2-impl-thread2] INFO  impl.PendingRequests (PendingRequests.java:sendNotLeaderResponses(282)) - 85be5e62-7272-42cb-bae2-27068f8713e2@group-F55E66CD8798-PendingRequests: sendNotLeaderResponses
2023-04-21 06:15:48,004 [85be5e62-7272-42cb-bae2-27068f8713e2-impl-thread2] INFO  impl.StateMachineUpdater (StateMachineUpdater.java:stopAndJoin(153)) - 85be5e62-7272-42cb-bae2-27068f8713e2@group-F55E66CD8798-StateMachineUpdater: set stopIndex = 0
2023-04-21 06:15:48,006 [85be5e62-7272-42cb-bae2-27068f8713e2@group-F55E66CD8798-StateMachineUpdater] INFO  ratis.ContainerStateMachine (ContainerStateMachine.java:takeSnapshot(330)) - group-F55E66CD8798: Taking a snapshot at:(t:1, i:0) file /home/runner/work/ozone/ozone/hadoop-ozone/integration-test/target/test-dir/MiniOzoneClusterImpl-222c068d-693f-41e7-a147-5f3bf9f7a261/datanode-2/data/ratis/3fa8f89f-90e6-4908-8771-f55e66cd8798/sm/snapshot.1_0
2023-04-21 06:15:48,007 [85be5e62-7272-42cb-bae2-27068f8713e2@group-F55E66CD8798-StateMachineUpdater] INFO  ratis.ContainerStateMachine (ContainerStateMachine.java:takeSnapshot(341)) - group-F55E66CD8798: Finished taking a snapshot at:(t:1, i:0) file:/home/runner/work/ozone/ozone/hadoop-ozone/integration-test/target/test-dir/MiniOzoneClusterImpl-222c068d-693f-41e7-a147-5f3bf9f7a261/datanode-2/data/ratis/3fa8f89f-90e6-4908-8771-f55e66cd8798/sm/snapshot.1_0 took: 1 ms
2023-04-21 06:15:48,007 [85be5e62-7272-42cb-bae2-27068f8713e2@group-F55E66CD8798-StateMachineUpdater] INFO  impl.StateMachineUpdater (StateMachineUpdater.java:takeSnapshot(287)) - 85be5e62-7272-42cb-bae2-27068f8713e2@group-F55E66CD8798-StateMachineUpdater: Took a snapshot at index 0
2023-04-21 06:15:48,007 [85be5e62-7272-42cb-bae2-27068f8713e2@group-F55E66CD8798-StateMachineUpdater] INFO  impl.StateMachineUpdater (StateMachineUpdater.java:lambda$new$0(92)) - 85be5e62-7272-42cb-bae2-27068f8713e2@group-F55E66CD8798-StateMachineUpdater: snapshotIndex: updateIncreasingly -1 -> 0
2023-04-21 06:15:48,007 [85be5e62-7272-42cb-bae2-27068f8713e2-impl-thread2] INFO  server.RaftServer$Division (ServerState.java:close(466)) - 85be5e62-7272-42cb-bae2-27068f8713e2@group-F55E66CD8798: closes. applyIndex: 0
2023-04-21 06:15:48,006 [ForkJoinPool.commonPool-worker-1] INFO  server.AbstractConnector (AbstractConnector.java:doStop(383)) - Stopped ServerConnector@79eb5005{HTTP/1.1, (http/1.1)}{0.0.0.0:0}
2023-04-21 06:15:48,008 [85be5e62-7272-42cb-bae2-27068f8713e2@group-F55E66CD8798-SegmentedRaftLogWorker] INFO  segmented.SegmentedRaftLogWorker (SegmentedRaftLogWorker.java:run(347)) - 85be5e62-7272-42cb-bae2-27068f8713e2@group-F55E66CD8798-SegmentedRaftLogWorker was interrupted, exiting. There are 0 tasks remaining in the queue.
2023-04-21 06:15:48,008 [ForkJoinPool.commonPool-worker-1] INFO  server.session (HouseKeeper.java:stopScavenging(149)) - node0 Stopped scavenging
2023-04-21 06:15:48,014 [85be5e62-7272-42cb-bae2-27068f8713e2-impl-thread2] INFO  segmented.SegmentedRaftLogWorker (SegmentedRaftLogWorker.java:close(257)) - 85be5e62-7272-42cb-bae2-27068f8713e2@group-F55E66CD8798-SegmentedRaftLogWorker close()
2023-04-21 06:15:48,014 [ForkJoinPool.commonPool-worker-1] INFO  handler.ContextHandler (ContextHandler.java:doStop(1159)) - Stopped o.e.j.s.ServletContextHandler@1a6e8fcc{static,/static,jar:file:/home/runner/.m2/repository/org/apache/ozone/hdds-container-service/1.4.0-SNAPSHOT/hdds-container-service-1.4.0-SNAPSHOT.jar!/webapps/static,STOPPED}
2023-04-21 06:15:48,015 [Listener at 127.0.0.1/39531] INFO  server.GrpcServerProtocolClient (GrpcServerProtocolClient.java:close(101)) - b2f013c4-4cfd-4a33-b24a-9a71c6bbd892 Close channels
2023-04-21 06:15:48,015 [ForkJoinPool.commonPool-worker-1] INFO  handler.ContextHandler (ContextHandler.java:doStop(1159)) - Stopped o.e.j.s.ServletContextHandler@2dab83c3{logs,/logs,file:///home/runner/work/ozone/ozone/hadoop-ozone/integration-test/target/log,STOPPED}
2023-04-21 06:15:48,016 [85be5e62-7272-42cb-bae2-27068f8713e2-impl-thread3] INFO  impl.StateMachineUpdater (StateMachineUpdater.java:stopAndJoin(153)) - 85be5e62-7272-42cb-bae2-27068f8713e2@group-F8B97ACD73F9-StateMachineUpdater: set stopIndex = 3
2023-04-21 06:15:48,016 [85be5e62-7272-42cb-bae2-27068f8713e2@group-F8B97ACD73F9-StateMachineUpdater] INFO  ratis.ContainerStateMachine (ContainerStateMachine.java:takeSnapshot(330)) - group-F8B97ACD73F9: Taking a snapshot at:(t:1, i:3) file /home/runner/work/ozone/ozone/hadoop-ozone/integration-test/target/test-dir/MiniOzoneClusterImpl-222c068d-693f-41e7-a147-5f3bf9f7a261/datanode-2/data/ratis/a3b20caa-3273-4440-a0cf-f8b97acd73f9/sm/snapshot.1_3
2023-04-21 06:15:48,017 [85be5e62-7272-42cb-bae2-27068f8713e2@group-F8B97ACD73F9-StateMachineUpdater] INFO  ratis.ContainerStateMachine (ContainerStateMachine.java:takeSnapshot(341)) - group-F8B97ACD73F9: Finished taking a snapshot at:(t:1, i:3) file:/home/runner/work/ozone/ozone/hadoop-ozone/integration-test/target/test-dir/MiniOzoneClusterImpl-222c068d-693f-41e7-a147-5f3bf9f7a261/datanode-2/data/ratis/a3b20caa-3273-4440-a0cf-f8b97acd73f9/sm/snapshot.1_3 took: 2 ms
2023-04-21 06:15:48,018 [85be5e62-7272-42cb-bae2-27068f8713e2@group-F8B97ACD73F9-StateMachineUpdater] INFO  impl.StateMachineUpdater (StateMachineUpdater.java:takeSnapshot(287)) - 85be5e62-7272-42cb-bae2-27068f8713e2@group-F8B97ACD73F9-StateMachineUpdater: Took a snapshot at index 3
2023-04-21 06:15:48,018 [85be5e62-7272-42cb-bae2-27068f8713e2@group-F8B97ACD73F9-StateMachineUpdater] INFO  impl.StateMachineUpdater (StateMachineUpdater.java:lambda$new$0(92)) - 85be5e62-7272-42cb-bae2-27068f8713e2@group-F8B97ACD73F9-StateMachineUpdater: snapshotIndex: updateIncreasingly -1 -> 3
2023-04-21 06:15:48,019 [85be5e62-7272-42cb-bae2-27068f8713e2-impl-thread3] INFO  server.RaftServer$Division (ServerState.java:close(466)) - 85be5e62-7272-42cb-bae2-27068f8713e2@group-F8B97ACD73F9: closes. applyIndex: 3
2023-04-21 06:15:48,019 [Listener at 127.0.0.1/39531] INFO  server.GrpcServerProtocolClient (GrpcServerProtocolClient.java:close(101)) - 54e06896-f90f-443b-a024-7fd1f14ff9aa Close channels
2023-04-21 06:15:48,019 [85be5e62-7272-42cb-bae2-27068f8713e2@group-F8B97ACD73F9-SegmentedRaftLogWorker] INFO  segmented.SegmentedRaftLogWorker (SegmentedRaftLogWorker.java:run(347)) - 85be5e62-7272-42cb-bae2-27068f8713e2@group-F8B97ACD73F9-SegmentedRaftLogWorker was interrupted, exiting. There are 0 tasks remaining in the queue.
2023-04-21 06:15:48,020 [Listener at 127.0.0.1/39531] INFO  server.GrpcService (GrpcService.java:closeImpl(280)) - 85be5e62-7272-42cb-bae2-27068f8713e2: shutdown server GrpcServerProtocolService successfully
2023-04-21 06:15:48,021 [85be5e62-7272-42cb-bae2-27068f8713e2-NettyServerStreamRpc-bossGroup--thread1] INFO  logging.LoggingHandler (AbstractInternalLogger.java:log(148)) - [id: 0x527f471f, L:/0:0:0:0:0:0:0:0:42643] CLOSE
2023-04-21 06:15:48,021 [85be5e62-7272-42cb-bae2-27068f8713e2-NettyServerStreamRpc-bossGroup--thread1] INFO  logging.LoggingHandler (AbstractInternalLogger.java:log(148)) - [id: 0x527f471f, L:/0:0:0:0:0:0:0:0:42643] INACTIVE
2023-04-21 06:15:48,021 [85be5e62-7272-42cb-bae2-27068f8713e2-NettyServerStreamRpc-bossGroup--thread1] INFO  logging.LoggingHandler (AbstractInternalLogger.java:log(148)) - [id: 0x527f471f, L:/0:0:0:0:0:0:0:0:42643] UNREGISTERED
2023-04-21 06:15:48,021 [85be5e62-7272-42cb-bae2-27068f8713e2-impl-thread3] INFO  segmented.SegmentedRaftLogWorker (SegmentedRaftLogWorker.java:close(257)) - 85be5e62-7272-42cb-bae2-27068f8713e2@group-F8B97ACD73F9-SegmentedRaftLogWorker close()
2023-04-21 06:15:48,033 [JvmPauseMonitor3] INFO  util.JvmPauseMonitor (JvmPauseMonitor.java:run(111)) - JvmPauseMonitor-85be5e62-7272-42cb-bae2-27068f8713e2: Stopped
2023-04-21 06:15:48,785 [org.apache.hadoop.ozone.container.common.statemachine.commandhandler.DeleteBlocksCommandHandler$DeleteCmdWorker@5692a563] INFO  commandhandler.DeleteBlocksCommandHandler (DeleteBlocksCommandHandler.java:processCmd(275)) - Start to delete container blocks, TXIDs=[7(1)], numOfContainers=1, numOfBlocks=2
2023-04-21 06:15:48,786 [DeleteBlocksCommandHandlerThread-4] INFO  commandhandler.DeleteBlocksCommandHandler (DeleteBlocksCommandHandler.java:logDeleteTransaction(493)) - Delete blocks for containerId: 2 is either received out of order or retried, 7 <= 7
2023-04-21 06:15:50,040 [Listener at 127.0.0.1/39531] INFO  volume.HddsVolume (HddsVolume.java:closeDbStore(437)) - SchemaV3 db is stopped at /home/runner/work/ozone/ozone/hadoop-ozone/integration-test/target/test-dir/MiniOzoneClusterImpl-222c068d-693f-41e7-a147-5f3bf9f7a261/datanode-2/data-0/containers/hdds/222c068d-693f-41e7-a147-5f3bf9f7a261/DS-117be1b9-fb19-4164-81c0-8b6c418464b7/container.db for volume DS-117be1b9-fb19-4164-81c0-8b6c418464b7
2023-04-21 06:15:50,040 [Listener at 127.0.0.1/39531] INFO  utils.BackgroundService (BackgroundService.java:shutdown(141)) - Shutting down service BlockDeletingService
2023-04-21 06:15:50,040 [Listener at 127.0.0.1/39531] INFO  utils.BackgroundService (BackgroundService.java:shutdown(141)) - Shutting down service StaleRecoveringContainerScrubbingService
2023-04-21 06:15:50,042 [Listener at 127.0.0.1/39531] INFO  statemachine.DatanodeStateMachine (DatanodeStateMachine.java:stopDaemon(601)) - Ozone container server stopped.
2023-04-21 06:15:50,050 [Listener at 127.0.0.1/39531] INFO  handler.ContextHandler (ContextHandler.java:doStop(1159)) - Stopped o.e.j.w.WebAppContext@eb27d0c{hddsDatanode,/,null,STOPPED}{jar:file:/home/runner/.m2/repository/org/apache/ozone/hdds-container-service/1.4.0-SNAPSHOT/hdds-container-service-1.4.0-SNAPSHOT.jar!/webapps/hddsDatanode}
2023-04-21 06:15:50,051 [Listener at 127.0.0.1/39531] INFO  server.AbstractConnector (AbstractConnector.java:doStop(383)) - Stopped ServerConnector@7be4b760{HTTP/1.1, (http/1.1)}{0.0.0.0:0}
2023-04-21 06:15:50,051 [Listener at 127.0.0.1/39531] INFO  server.session (HouseKeeper.java:stopScavenging(149)) - node0 Stopped scavenging
2023-04-21 06:15:50,052 [Listener at 127.0.0.1/39531] INFO  handler.ContextHandler (ContextHandler.java:doStop(1159)) - Stopped o.e.j.s.ServletContextHandler@7de30b41{static,/static,jar:file:/home/runner/.m2/repository/org/apache/ozone/hdds-container-service/1.4.0-SNAPSHOT/hdds-container-service-1.4.0-SNAPSHOT.jar!/webapps/static,STOPPED}
2023-04-21 06:15:50,052 [Listener at 127.0.0.1/39531] INFO  handler.ContextHandler (ContextHandler.java:doStop(1159)) - Stopped o.e.j.s.ServletContextHandler@5b053672{logs,/logs,file:///home/runner/work/ozone/ozone/hadoop-ozone/integration-test/target/log,STOPPED}
2023-04-21 06:15:50,055 [Listener at 127.0.0.1/39531] INFO  ozone.MiniOzoneClusterImpl (MiniOzoneClusterImpl.java:stopSCM(552)) - Stopping the StorageContainerManager
2023-04-21 06:15:50,055 [Listener at 127.0.0.1/39531] INFO  server.StorageContainerManager (StorageContainerManager.java:stop(1577)) - Container Balancer is not running.
2023-04-21 06:15:50,055 [Listener at 127.0.0.1/39531] INFO  server.StorageContainerManager (StorageContainerManager.java:stopReplicationManager(1708)) - Stopping Replication Manager Service.
2023-04-21 06:15:50,055 [Listener at 127.0.0.1/39531] INFO  replication.ReplicationManager (ReplicationManager.java:stop(321)) - Stopping Replication Monitor Thread.
2023-04-21 06:15:50,055 [Listener at 127.0.0.1/39531] INFO  server.StorageContainerManager (StorageContainerManager.java:stop(1586)) - Stopping the Datanode Admin Monitor.
2023-04-21 06:15:50,055 [Under Replicated Processor] WARN  replication.UnhealthyReplicationProcessor (UnhealthyReplicationProcessor.java:run(146)) - Under Replicated Processor interrupted. Exiting...
2023-04-21 06:15:50,055 [Listener at 127.0.0.1/39531] INFO  server.StorageContainerManager (StorageContainerManager.java:stop(1593)) - Stopping datanode service RPC server
2023-04-21 06:15:50,055 [Listener at 127.0.0.1/39531] INFO  server.SCMDatanodeProtocolServer (SCMDatanodeProtocolServer.java:stop(424)) - Stopping the RPC server for DataNodes
2023-04-21 06:15:50,055 [Listener at 127.0.0.1/39531] INFO  ipc.Server (Server.java:stop(3501)) - Stopping server on 45299
2023-04-21 06:15:50,055 [Over Replicated Processor] WARN  replication.UnhealthyReplicationProcessor (UnhealthyReplicationProcessor.java:run(146)) - Over Replicated Processor interrupted. Exiting...
2023-04-21 06:15:50,055 [ReplicationMonitor] INFO  replication.ReplicationManager (ReplicationManager.java:run(975)) - Replication Monitor Thread is stopped
2023-04-21 06:15:50,057 [IPC Server listener on 0] INFO  ipc.Server (Server.java:run(1430)) - Stopping IPC Server listener on 0
2023-04-21 06:15:50,058 [IPC Server Responder] INFO  ipc.Server (Server.java:run(1563)) - Stopping IPC Server Responder
2023-04-21 06:15:50,142 [SCM Heartbeat Processing Thread - 0] WARN  node.NodeStateManager (NodeStateManager.java:scheduleNextHealthCheck(870)) - Current Thread is interrupted, shutting down HB processing thread for Node Manager.
2023-04-21 06:15:50,142 [Listener at 127.0.0.1/39531] INFO  server.StorageContainerManager (StorageContainerManager.java:stop(1601)) - Stopping block service RPC server
2023-04-21 06:15:50,142 [Listener at 127.0.0.1/39531] INFO  server.SCMBlockProtocolServer (SCMBlockProtocolServer.java:stop(161)) - Stopping the RPC server for Block Protocol
2023-04-21 06:15:50,142 [Listener at 127.0.0.1/39531] INFO  ipc.Server (Server.java:stop(3501)) - Stopping server on 35035
2023-04-21 06:15:50,143 [IPC Server listener on 0] INFO  ipc.Server (Server.java:run(1430)) - Stopping IPC Server listener on 0
2023-04-21 06:15:50,143 [IPC Server Responder] INFO  ipc.Server (Server.java:run(1563)) - Stopping IPC Server Responder
2023-04-21 06:15:50,144 [Listener at 127.0.0.1/39531] INFO  server.StorageContainerManager (StorageContainerManager.java:stop(1608)) - Stopping the StorageContainerLocationProtocol RPC server
2023-04-21 06:15:50,144 [Listener at 127.0.0.1/39531] INFO  server.SCMClientProtocolServer (SCMClientProtocolServer.java:stop(206)) - Stopping the RPC server for Client Protocol
2023-04-21 06:15:50,144 [Listener at 127.0.0.1/39531] INFO  ipc.Server (Server.java:stop(3501)) - Stopping server on 44943
2023-04-21 06:15:50,151 [Listener at 127.0.0.1/39531] INFO  server.StorageContainerManager (StorageContainerManager.java:stop(1615)) - Stopping Storage Container Manager HTTP server.
2023-04-21 06:15:50,151 [IPC Server Responder] INFO  ipc.Server (Server.java:run(1563)) - Stopping IPC Server Responder
2023-04-21 06:15:50,151 [IPC Server listener on 0] INFO  ipc.Server (Server.java:run(1430)) - Stopping IPC Server listener on 0
2023-04-21 06:15:50,152 [Listener at 127.0.0.1/39531] INFO  handler.ContextHandler (ContextHandler.java:doStop(1159)) - Stopped o.e.j.w.WebAppContext@547f100e{scm,/,null,STOPPED}{file:/home/runner/work/ozone/ozone/hadoop-ozone/integration-test/target/test-classes/webapps/scm}
2023-04-21 06:15:50,159 [Listener at 127.0.0.1/39531] INFO  server.AbstractConnector (AbstractConnector.java:doStop(383)) - Stopped ServerConnector@9178277{HTTP/1.1, (http/1.1)}{0.0.0.0:0}
2023-04-21 06:15:50,159 [Listener at 127.0.0.1/39531] INFO  server.session (HouseKeeper.java:stopScavenging(149)) - node0 Stopped scavenging
2023-04-21 06:15:50,161 [Listener at 127.0.0.1/39531] INFO  handler.ContextHandler (ContextHandler.java:doStop(1159)) - Stopped o.e.j.s.ServletContextHandler@75f5ce9a{static,/static,file:///home/runner/work/ozone/ozone/hadoop-ozone/integration-test/target/test-classes/webapps/static,STOPPED}
2023-04-21 06:15:50,161 [Listener at 127.0.0.1/39531] INFO  handler.ContextHandler (ContextHandler.java:doStop(1159)) - Stopped o.e.j.s.ServletContextHandler@31cd8442{logs,/logs,file:///home/runner/work/ozone/ozone/hadoop-ozone/integration-test/target/log,STOPPED}
2023-04-21 06:15:50,164 [Listener at 127.0.0.1/39531] INFO  server.StorageContainerManager (StorageContainerManager.java:stop(1623)) - Stopping SCM LayoutVersionManager Service.
2023-04-21 06:15:50,164 [Listener at 127.0.0.1/39531] INFO  server.StorageContainerManager (StorageContainerManager.java:stop(1631)) - Stopping Block Manager Service.
2023-04-21 06:15:50,164 [Listener at 127.0.0.1/39531] INFO  utils.BackgroundService (BackgroundService.java:shutdown(141)) - Shutting down service SCMBlockDeletingService
2023-04-21 06:15:50,164 [Listener at 127.0.0.1/39531] INFO  utils.BackgroundService (BackgroundService.java:shutdown(141)) - Shutting down service SCMBlockDeletingService
2023-04-21 06:15:50,165 [Listener at 127.0.0.1/39531] INFO  server.StorageContainerManager (StorageContainerManager.java:stop(1653)) - Stopping SCM Event Queue.
2023-04-21 06:15:50,168 [Listener at 127.0.0.1/39531] INFO  server.StorageContainerManager (StorageContainerManager.java:stop(1664)) - Stopping SCM HA services.
2023-04-21 06:15:50,168 [Listener at 127.0.0.1/39531] INFO  pipeline.BackgroundPipelineCreator (BackgroundPipelineCreator.java:stop(149)) - Stopping RatisPipelineUtilsThread.
2023-04-21 06:15:50,168 [RatisPipelineUtilsThread - 0] WARN  pipeline.BackgroundPipelineCreator (BackgroundPipelineCreator.java:run(180)) - RatisPipelineUtilsThread is interrupted.
2023-04-21 06:15:50,168 [BackgroundPipelineScrubberThread] WARN  BackgroundPipelineScrubber (BackgroundSCMService.java:run(115)) - BackgroundPipelineScrubber is interrupted, exit
2023-04-21 06:15:50,168 [Listener at 127.0.0.1/39531] INFO  BackgroundPipelineScrubber (BackgroundSCMService.java:stop(131)) - Stopping BackgroundPipelineScrubber Service.
2023-04-21 06:15:50,169 [Listener at 127.0.0.1/39531] INFO  impl.MetricsSystemImpl (MetricsSystemImpl.java:stop(210)) - Stopping XceiverClientMetrics metrics system...
2023-04-21 06:15:50,171 [prometheus] INFO  impl.MetricsSinkAdapter (MetricsSinkAdapter.java:publishMetricsFromQueue(141)) - prometheus thread interrupted.
2023-04-21 06:15:50,171 [Listener at 127.0.0.1/39531] INFO  impl.MetricsSystemImpl (MetricsSystemImpl.java:stop(216)) - XceiverClientMetrics metrics system stopped.
2023-04-21 06:15:50,173 [Listener at 127.0.0.1/39531] WARN  pipeline.BackgroundPipelineCreator (BackgroundPipelineCreator.java:stop(145)) - RatisPipelineUtilsThread is not running, just ignore.
2023-04-21 06:15:50,173 [Listener at 127.0.0.1/39531] INFO  BackgroundPipelineScrubber (BackgroundSCMService.java:stop(126)) - BackgroundPipelineScrubber Service is not running, skip stop.
2023-04-21 06:15:50,173 [Listener at 127.0.0.1/39531] INFO  ExpiredContainerReplicaOpScrubber (BackgroundSCMService.java:stop(131)) - Stopping ExpiredContainerReplicaOpScrubber Service.
2023-04-21 06:15:50,173 [ExpiredContainerReplicaOpScrubberThread] WARN  ExpiredContainerReplicaOpScrubber (BackgroundSCMService.java:run(115)) - ExpiredContainerReplicaOpScrubber is interrupted, exit
2023-04-21 06:15:50,173 [Listener at 127.0.0.1/39531] INFO  utils.BackgroundService (BackgroundService.java:shutdown(141)) - Shutting down service SCMBlockDeletingService
2023-04-21 06:15:50,174 [Listener at 127.0.0.1/39531] INFO  replication.ReplicationManager (ReplicationManager.java:stop(331)) - Replication Monitor Thread is not running.
2023-04-21 06:15:50,174 [Listener at 127.0.0.1/39531] WARN  balancer.ContainerBalancer (ContainerBalancer.java:stop(324)) - Cannot stop Container Balancer because it's not running or stopping
2023-04-21 06:15:50,174 [Listener at 127.0.0.1/39531] INFO  server.StorageContainerManager (StorageContainerManager.java:stop(1699)) - Stopping SCM MetadataStore.
]]></system-out>
  </testcase>
  <testcase name="testBlockDeletingThrottling" classname="org.apache.hadoop.ozone.TestStorageContainerManager" time="30.216">
    <system-out><![CDATA[2023-04-21 06:15:50,231 [Time-limited test] WARN  server.ServerUtils (ServerUtils.java:getScmDbDir(148)) - ozone.scm.db.dirs is not configured. We recommend adding this setting. Falling back to ozone.metadata.dirs instead.
2023-04-21 06:15:50,234 [Time-limited test] WARN  server.ServerUtils (ServerUtils.java:getScmDbDir(148)) - ozone.scm.db.dirs is not configured. We recommend adding this setting. Falling back to ozone.metadata.dirs instead.
2023-04-21 06:15:50,234 [Time-limited test] INFO  ha.SCMHANodeDetails (SCMHANodeDetails.java:loadSCMHAConfig(209)) - ServiceID for StorageContainerManager is null
2023-04-21 06:15:50,234 [Time-limited test] WARN  ha.SCMHANodeDetails (SCMHANodeDetails.java:validateSCMHAConfig(182)) - Invalid config ozone.scm.ratis.enable. The config was not specified, but the default value true conflicts with the expected config value false. Falling back to the expected value. Current State of SCM: SCM is running in Non-HA without Ratis Ratis SCM -> Non Ratis SCM or Non HA SCM -> HA SCM is not supported
2023-04-21 06:15:50,234 [Time-limited test] INFO  ha.SCMHANodeDetails (SCMHANodeDetails.java:loadSCMHAConfig(214)) - ozone.scm.default.service.id is not defined, falling back to ozone.scm.service.ids to find serviceID for StorageContainerManager if it is HA enabled cluster
2023-04-21 06:15:50,235 [Time-limited test] WARN  utils.HAUtils (HAUtils.java:getMetaDir(342)) - ozone.scm.db.dirs is not configured. We recommend adding this setting. Falling back to ozone.metadata.dirs instead.
2023-04-21 06:15:50,235 [Time-limited test] WARN  db.DBStoreBuilder (DBStoreBuilder.java:applyDBDefinition(182)) - ozone.scm.db.dirs is not configured. We recommend adding this setting. Falling back to ozone.metadata.dirs instead.
2023-04-21 06:15:50,339 [Time-limited test] INFO  net.NodeSchemaLoader (NodeSchemaLoader.java:loadSchemaFromFile(129)) - Loading schema from [jar:file:/home/runner/.m2/repository/org/apache/ozone/hdds-common/1.4.0-SNAPSHOT/hdds-common-1.4.0-SNAPSHOT.jar!/network-topology-default.xml]
2023-04-21 06:15:50,339 [Time-limited test] INFO  net.NodeSchemaLoader (NodeSchemaLoader.java:loadSchema(176)) - Loading network topology layer schema file
2023-04-21 06:15:50,343 [Time-limited test] INFO  upgrade.AbstractLayoutVersionManager (AbstractLayoutVersionManager.java:init(83)) - Initializing Layout version manager with metadata layout = WEBUI_PORTS_IN_DATANODEDETAILS (version = 6), software layout = WEBUI_PORTS_IN_DATANODEDETAILS (version = 6)
2023-04-21 06:15:50,392 [Time-limited test] INFO  reflections.Reflections (Reflections.java:scan(232)) - Reflections took 48 ms to scan 7 urls, producing 156 keys and 369 values 
2023-04-21 06:15:50,394 [Time-limited test] INFO  ha.SequenceIdGenerator (SequenceIdGenerator.java:upgradeToSequenceId(349)) - upgrade localId to 111677748019200000
2023-04-21 06:15:50,394 [Time-limited test] INFO  ha.SequenceIdGenerator (SequenceIdGenerator.java:upgradeToSequenceId(359)) - upgrade delTxnId to 0
2023-04-21 06:15:50,394 [Time-limited test] INFO  ha.SequenceIdGenerator (SequenceIdGenerator.java:upgradeToSequenceId(376)) - upgrade containerId to 0
2023-04-21 06:15:50,394 [Time-limited test] INFO  ha.SequenceIdGenerator (SequenceIdGenerator.java:<init>(220)) - Init the HA SequenceIdGenerator.
2023-04-21 06:15:50,395 [Time-limited test] INFO  node.SCMNodeManager (SCMNodeManager.java:<init>(156)) - Entering startup safe mode.
2023-04-21 06:15:50,395 [Time-limited test] INFO  algorithms.ContainerPlacementPolicyFactory (ContainerPlacementPolicyFactory.java:getPolicyInternal(86)) - Create container placement policy of type org.apache.hadoop.hdds.scm.container.placement.algorithms.SCMContainerPlacementRackAware
2023-04-21 06:15:50,396 [Time-limited test] INFO  algorithms.ContainerPlacementPolicyFactory (ContainerPlacementPolicyFactory.java:getPolicyInternal(86)) - Create container placement policy of type org.apache.hadoop.hdds.scm.container.placement.algorithms.SCMContainerPlacementRackScatter
2023-04-21 06:15:50,396 [Time-limited test] INFO  pipeline.PipelineStateManagerImpl (PipelineStateManagerImpl.java:initialize(78)) - No pipeline exists in current db
2023-04-21 06:15:50,396 [Time-limited test] INFO  algorithms.LeaderChoosePolicyFactory (LeaderChoosePolicyFactory.java:getPolicy(57)) - Create leader choose policy of type org.apache.hadoop.hdds.scm.pipeline.leader.choose.algorithms.MinLeaderCountChoosePolicy
2023-04-21 06:15:50,396 [Time-limited test] INFO  algorithms.ContainerPlacementPolicyFactory (ContainerPlacementPolicyFactory.java:getPolicyInternal(86)) - Create container placement policy of type org.apache.hadoop.hdds.scm.container.placement.algorithms.SCMContainerPlacementRackScatter
2023-04-21 06:15:50,396 [Time-limited test] INFO  ha.SCMServiceManager (SCMServiceManager.java:register(42)) - Registering service BackgroundPipelineCreator.
2023-04-21 06:15:50,396 [Time-limited test] INFO  pipeline.BackgroundPipelineCreator (BackgroundPipelineCreator.java:start(124)) - Starting RatisPipelineUtilsThread.
2023-04-21 06:15:50,397 [Time-limited test] INFO  BackgroundPipelineScrubber (BackgroundSCMService.java:start(68)) - Starting BackgroundPipelineScrubber Service.
2023-04-21 06:15:50,397 [Time-limited test] INFO  ha.SCMServiceManager (SCMServiceManager.java:register(42)) - Registering service BackgroundPipelineScrubber.
2023-04-21 06:15:50,397 [Time-limited test] INFO  ExpiredContainerReplicaOpScrubber (BackgroundSCMService.java:start(68)) - Starting ExpiredContainerReplicaOpScrubber Service.
2023-04-21 06:15:50,397 [Time-limited test] INFO  ha.SCMServiceManager (SCMServiceManager.java:register(42)) - Registering service ExpiredContainerReplicaOpScrubber.
2023-04-21 06:15:50,398 [Time-limited test] INFO  algorithms.PipelineChoosePolicyFactory (PipelineChoosePolicyFactory.java:createPipelineChoosePolicyFromClass(73)) - Create pipeline choose policy of type org.apache.hadoop.hdds.scm.pipeline.choose.algorithms.RandomPipelineChoosePolicy
2023-04-21 06:15:50,399 [Time-limited test] INFO  ha.SCMServiceManager (SCMServiceManager.java:register(42)) - Registering service SCMBlockDeletingService.
2023-04-21 06:15:50,399 [Time-limited test] INFO  replication.ReplicationManager (ReplicationManager.java:start(288)) - Starting Replication Monitor Thread.
2023-04-21 06:15:50,400 [Time-limited test] INFO  ha.SCMServiceManager (SCMServiceManager.java:register(42)) - Registering service ReplicationManager.
2023-04-21 06:15:50,400 [Time-limited test] INFO  safemode.ContainerSafeModeRule (ContainerSafeModeRule.java:<init>(89)) - containers with one replica threshold count 0
2023-04-21 06:15:50,400 [Time-limited test] INFO  safemode.HealthyPipelineSafeModeRule (HealthyPipelineSafeModeRule.java:initializeRule(169)) - Total pipeline count is 0, healthy pipeline threshold count is 0
2023-04-21 06:15:50,400 [Time-limited test] INFO  safemode.OneReplicaPipelineSafeModeRule (OneReplicaPipelineSafeModeRule.java:initializeRule(180)) - Total pipeline count is 0, pipeline's with at least one datanode reported threshold count is 0
2023-04-21 06:15:50,401 [Time-limited test] INFO  server.StorageContainerManager (StorageContainerManager.java:<init>(402)) - SCM start with adminUsers: [runner]
2023-04-21 06:15:50,401 [Time-limited test] INFO  ipc.CallQueueManager (CallQueueManager.java:<init>(90)) - Using callQueue: class java.util.concurrent.LinkedBlockingQueue, queueCapacity: 2000, scheduler: class org.apache.hadoop.ipc.DefaultRpcScheduler, ipcBackoff: false.
2023-04-21 06:15:50,402 [Socket Reader #1 for port 0] INFO  ipc.Server (Server.java:run(1319)) - Starting Socket Reader #1 for port 0
2023-04-21 06:15:50,403 [Listener at 0.0.0.0/34383] INFO  ipc.CallQueueManager (CallQueueManager.java:<init>(90)) - Using callQueue: class java.util.concurrent.LinkedBlockingQueue, queueCapacity: 2000, scheduler: class org.apache.hadoop.ipc.DefaultRpcScheduler, ipcBackoff: false.
2023-04-21 06:15:50,403 [Socket Reader #1 for port 0] INFO  ipc.Server (Server.java:run(1319)) - Starting Socket Reader #1 for port 0
2023-04-21 06:15:50,404 [Listener at 0.0.0.0/43001] INFO  ipc.CallQueueManager (CallQueueManager.java:<init>(90)) - Using callQueue: class java.util.concurrent.LinkedBlockingQueue, queueCapacity: 2000, scheduler: class org.apache.hadoop.ipc.DefaultRpcScheduler, ipcBackoff: false.
2023-04-21 06:15:50,404 [Socket Reader #1 for port 0] INFO  ipc.Server (Server.java:run(1319)) - Starting Socket Reader #1 for port 0
2023-04-21 06:15:50,408 [Listener at 0.0.0.0/33099] INFO  ha.SCMServiceManager (SCMServiceManager.java:register(42)) - Registering service ContainerBalancer.
2023-04-21 06:15:50,408 [Listener at 0.0.0.0/33099] INFO  server.StorageContainerManager (StorageContainerManager.java:<init>(419)) - 
Container Balancer status:
Key                            Value
Running                        false
Container Balancer Configuration values:
Key                                                Value
Threshold                                          10
Max Datanodes to Involve per Iteration(percent)    20
Max Size to Move per Iteration                     500GB
Max Size Entering Target per Iteration             26GB
Max Size Leaving Source per Iteration              26GB

2023-04-21 06:15:50,408 [Listener at 0.0.0.0/33099] INFO  ha.SCMContext (SCMContext.java:updateSafeModeStatus(228)) - Update SafeModeStatus from SafeModeStatus{safeModeStatus=true, preCheckPassed=false} to SafeModeStatus{safeModeStatus=true, preCheckPassed=false}.
2023-04-21 06:15:50,409 [Listener at 0.0.0.0/33099] INFO  server.StorageContainerManager (StorageContainerManager.java:start(1476)) - StorageContainerLocationProtocol RPC server is listening at /0.0.0.0:33099
2023-04-21 06:15:50,414 [ReplicationMonitor] INFO  replication.ReplicationManager (ReplicationManager.java:processAll(363)) - Replication Manager is not ready to run until 3000ms after safemode exit
2023-04-21 06:15:50,415 [Listener at 0.0.0.0/33099] WARN  impl.MetricsConfig (MetricsConfig.java:loadFirst(136)) - Cannot locate configuration: tried hadoop-metrics2-storagecontainermanager.properties,hadoop-metrics2.properties
2023-04-21 06:15:50,415 [Listener at 0.0.0.0/33099] INFO  impl.MetricsSystemImpl (MetricsSystemImpl.java:startTimer(378)) - Scheduled Metric snapshot period at 10 second(s).
2023-04-21 06:15:50,415 [Listener at 0.0.0.0/33099] INFO  impl.MetricsSystemImpl (MetricsSystemImpl.java:start(191)) - StorageContainerManager metrics system started
2023-04-21 06:15:50,436 [Listener at 0.0.0.0/33099] INFO  impl.MetricsSinkAdapter (MetricsSinkAdapter.java:start(204)) - Sink prometheus started
2023-04-21 06:15:50,436 [Listener at 0.0.0.0/33099] INFO  impl.MetricsSystemImpl (MetricsSystemImpl.java:registerSink(305)) - Registered sink prometheus
2023-04-21 06:15:50,448 [Listener at 0.0.0.0/33099] INFO  server.SCMClientProtocolServer (SCMClientProtocolServer.java:start(197)) - RPC server for Client  is listening at /0.0.0.0:33099
2023-04-21 06:15:50,449 [IPC Server Responder] INFO  ipc.Server (Server.java:run(1558)) - IPC Server Responder: starting
2023-04-21 06:15:50,449 [IPC Server listener on 0] INFO  ipc.Server (Server.java:run(1398)) - IPC Server listener on 0: starting
2023-04-21 06:15:50,453 [Listener at 0.0.0.0/33099] INFO  server.StorageContainerManager (StorageContainerManager.java:start(1490)) - ScmBlockLocationProtocol RPC server is listening at /0.0.0.0:43001
2023-04-21 06:15:50,453 [Listener at 0.0.0.0/33099] INFO  server.SCMBlockProtocolServer (SCMBlockProtocolServer.java:start(152)) - RPC server for Block Protocol is listening at /0.0.0.0:43001
2023-04-21 06:15:50,458 [IPC Server Responder] INFO  ipc.Server (Server.java:run(1558)) - IPC Server Responder: starting
2023-04-21 06:15:50,459 [IPC Server listener on 0] INFO  ipc.Server (Server.java:run(1398)) - IPC Server listener on 0: starting
2023-04-21 06:15:50,461 [Listener at 0.0.0.0/33099] INFO  server.SCMDatanodeProtocolServer (SCMDatanodeProtocolServer.java:start(193)) - ScmDatanodeProtocol RPC server for DataNodes is listening at /0.0.0.0:34383
2023-04-21 06:15:50,462 [IPC Server Responder] INFO  ipc.Server (Server.java:run(1558)) - IPC Server Responder: starting
2023-04-21 06:15:50,462 [IPC Server listener on 0] INFO  ipc.Server (Server.java:run(1398)) - IPC Server listener on 0: starting
2023-04-21 06:15:50,464 [org.apache.hadoop.util.JvmPauseMonitor$Monitor@11a6d8ca] INFO  util.JvmPauseMonitor (JvmPauseMonitor.java:run(188)) - Starting JVM pause monitor
2023-04-21 06:15:50,466 [Listener at 0.0.0.0/33099] INFO  http.BaseHttpServer (BaseHttpServer.java:newHttpServer2BuilderForOzone(224)) - Starting Web-server for scm at: http://0.0.0.0:0
2023-04-21 06:15:50,466 [Listener at 0.0.0.0/33099] INFO  http.BaseHttpServer (BaseHttpServer.java:<init>(111)) - Hadoop Security Enabled: false Ozone Security Enabled: false Ozone HTTP Security Enabled: false 
2023-04-21 06:15:50,470 [Listener at 0.0.0.0/33099] WARN  server.AuthenticationFilter (AuthenticationFilter.java:constructSecretProvider(240)) - Unable to initialize FileSignerSecretProvider, falling back to use random secrets. Reason: Could not read signature secret file: /home/runner/hadoop-http-auth-signature-secret
2023-04-21 06:15:50,471 [Listener at 0.0.0.0/33099] INFO  http.HttpRequestLog (HttpRequestLog.java:getRequestLog(86)) - Http request log for http.requests.scm is not defined
2023-04-21 06:15:50,472 [Listener at 0.0.0.0/33099] INFO  http.HttpServer2 (HttpServer2.java:addGlobalFilter(1031)) - Added global filter 'safety' (class=org.apache.hadoop.hdds.server.http.HttpServer2$QuotingInputFilter)
2023-04-21 06:15:50,473 [Listener at 0.0.0.0/33099] INFO  http.HttpServer2 (HttpServer2.java:addFilter(1007)) - Added filter static_user_filter (class=org.apache.hadoop.http.lib.StaticUserWebFilter$StaticUserFilter) to context scm
2023-04-21 06:15:50,473 [Listener at 0.0.0.0/33099] INFO  http.HttpServer2 (HttpServer2.java:addFilter(1015)) - Added filter static_user_filter (class=org.apache.hadoop.http.lib.StaticUserWebFilter$StaticUserFilter) to context static
2023-04-21 06:15:50,473 [Listener at 0.0.0.0/33099] INFO  http.HttpServer2 (HttpServer2.java:addFilter(1015)) - Added filter static_user_filter (class=org.apache.hadoop.http.lib.StaticUserWebFilter$StaticUserFilter) to context logs
2023-04-21 06:15:50,474 [Listener at 0.0.0.0/33099] INFO  http.BaseHttpServer (BaseHttpServer.java:<init>(190)) - HTTP server of scm uses base directory /home/runner/work/ozone/ozone/hadoop-ozone/integration-test/target/test-dir/MiniOzoneClusterImpl-be0e5d40-2025-4c2a-a75a-cd4ecf305d30/ozone-meta/webserver
2023-04-21 06:15:50,474 [Listener at 0.0.0.0/33099] INFO  http.HttpServer2 (HttpServer2.java:bindListener(1250)) - Jetty bound to port 42707
2023-04-21 06:15:50,474 [Listener at 0.0.0.0/33099] INFO  server.Server (Server.java:doStart(375)) - jetty-9.4.49.v20220914; built: 2022-09-14T01:07:36.601Z; git: 4231a3b2e4cb8548a412a789936d640a97b1aa0a; jvm 1.8.0_362-b09
2023-04-21 06:15:50,485 [Listener at 0.0.0.0/33099] INFO  server.session (DefaultSessionIdManager.java:doStart(334)) - DefaultSessionIdManager workerName=node0
2023-04-21 06:15:50,486 [Listener at 0.0.0.0/33099] INFO  server.session (DefaultSessionIdManager.java:doStart(339)) - No SessionScavenger set, using defaults
2023-04-21 06:15:50,486 [Listener at 0.0.0.0/33099] INFO  server.session (HouseKeeper.java:startScavenging(132)) - node0 Scavenging every 660000ms
2023-04-21 06:15:50,486 [Listener at 0.0.0.0/33099] INFO  handler.ContextHandler (ContextHandler.java:doStart(921)) - Started o.e.j.s.ServletContextHandler@27e2c0a8{logs,/logs,file:///home/runner/work/ozone/ozone/hadoop-ozone/integration-test/target/log,AVAILABLE}
2023-04-21 06:15:50,487 [Listener at 0.0.0.0/33099] INFO  handler.ContextHandler (ContextHandler.java:doStart(921)) - Started o.e.j.s.ServletContextHandler@699b47cd{static,/static,file:///home/runner/work/ozone/ozone/hadoop-ozone/integration-test/target/test-classes/webapps/static,AVAILABLE}
2023-04-21 06:15:50,492 [Listener at 0.0.0.0/33099] INFO  handler.ContextHandler (ContextHandler.java:doStart(921)) - Started o.e.j.w.WebAppContext@261442c1{scm,/,file:///home/runner/work/ozone/ozone/hadoop-ozone/integration-test/target/test-classes/webapps/scm/,AVAILABLE}{file:/home/runner/work/ozone/ozone/hadoop-ozone/integration-test/target/test-classes/webapps/scm}
2023-04-21 06:15:50,493 [Listener at 0.0.0.0/33099] INFO  server.AbstractConnector (AbstractConnector.java:doStart(333)) - Started ServerConnector@f349a72{HTTP/1.1, (http/1.1)}{0.0.0.0:42707}
2023-04-21 06:15:50,493 [Listener at 0.0.0.0/33099] INFO  server.Server (Server.java:doStart(415)) - Started @33183ms
2023-04-21 06:15:50,493 [Listener at 0.0.0.0/33099] WARN  impl.MetricsSystemImpl (MetricsSystemImpl.java:register(279)) - Sink prometheus already exists!
2023-04-21 06:15:50,498 [Listener at 0.0.0.0/33099] INFO  http.BaseHttpServer (BaseHttpServer.java:updateConnectorAddress(344)) - HTTP server of scm listening at http://0.0.0.0:42707
2023-04-21 06:15:50,499 [Listener at 0.0.0.0/33099] WARN  server.ServerUtils (ServerUtils.java:getDBPath(225)) - ozone.om.db.dirs is not configured. We recommend adding this setting. Falling back to ozone.metadata.dirs instead.
2023-04-21 06:15:50,500 [Listener at 0.0.0.0/33099] INFO  ha.OMHANodeDetails (OMHANodeDetails.java:loadOMHAConfig(115)) - ozone.om.internal.service.id is not defined, falling back to ozone.om.service.ids to find serviceID for OzoneManager if it is HA enabled cluster
2023-04-21 06:15:50,501 [Listener at 0.0.0.0/33099] INFO  ha.OMHANodeDetails (OMHANodeDetails.java:loadOMHAConfig(226)) - Configuration does not have ozone.om.address set. Falling back to the default OM address /127.0.0.1:0
2023-04-21 06:15:50,501 [Listener at 0.0.0.0/33099] INFO  ha.OMHANodeDetails (OMHANodeDetails.java:getOMNodeDetailsForNonHA(254)) - OM Service ID is not set. Setting it to the default ID: omServiceIdDefault
2023-04-21 06:15:50,501 [Listener at 0.0.0.0/33099] INFO  ha.OMHANodeDetails (OMHANodeDetails.java:getOMNodeDetailsForNonHA(261)) - OM Node ID is not set. Setting it to the default ID: om1
2023-04-21 06:15:50,501 [Listener at 0.0.0.0/33099] WARN  server.ServerUtils (ServerUtils.java:getDBPath(225)) - ozone.om.db.dirs is not configured. We recommend adding this setting. Falling back to ozone.metadata.dirs instead.
2023-04-21 06:15:50,503 [Listener at 0.0.0.0/33099] INFO  upgrade.AbstractLayoutVersionManager (AbstractLayoutVersionManager.java:init(83)) - Initializing Layout version manager with metadata layout = HSYNC (version = 4), software layout = HSYNC (version = 4)
2023-04-21 06:15:50,578 [Listener at 0.0.0.0/33099] INFO  reflections.Reflections (Reflections.java:scan(232)) - Reflections took 75 ms to scan 2 urls, producing 171 keys and 477 values [using 2 cores]
2023-04-21 06:15:50,578 [Listener at 0.0.0.0/33099] INFO  upgrade.OMLayoutVersionManager (OMLayoutVersionManager.java:lambda$0(115)) - Skipping Upgrade Action MockOmUpgradeAction since it has been finalized.
2023-04-21 06:15:50,578 [Listener at 0.0.0.0/33099] WARN  server.ServerUtils (ServerUtils.java:getDBPath(225)) - ozone.om.db.dirs is not configured. We recommend adding this setting. Falling back to ozone.metadata.dirs instead.
2023-04-21 06:15:50,579 [Listener at 0.0.0.0/33099] INFO  proxy.SCMBlockLocationFailoverProxyProvider (SCMBlockLocationFailoverProxyProvider.java:<init>(114)) - Created block location fail-over proxy with 1 nodes: [nodeId=scmNodeId,nodeAddress=/0.0.0.0:43001]
2023-04-21 06:15:50,580 [Listener at 0.0.0.0/33099] INFO  proxy.SCMBlockLocationFailoverProxyProvider (SCMBlockLocationFailoverProxyProvider.java:<init>(114)) - Created block location fail-over proxy with 1 nodes: [nodeId=scmNodeId,nodeAddress=/0.0.0.0:43001]
2023-04-21 06:15:50,591 [Listener at 0.0.0.0/33099] INFO  om.OzoneManager (OzoneManager.java:<init>(627)) - OM start with adminUsers: [runner]
2023-04-21 06:15:50,592 [Listener at 0.0.0.0/33099] WARN  server.ServerUtils (ServerUtils.java:getDBPath(225)) - ozone.om.db.dirs is not configured. We recommend adding this setting. Falling back to ozone.metadata.dirs instead.
2023-04-21 06:15:50,592 [Listener at 0.0.0.0/33099] INFO  codec.OmKeyInfoCodec (OmKeyInfoCodec.java:<init>(49)) - OmKeyInfoCodec ignorePipeline = true
2023-04-21 06:15:50,592 [Listener at 0.0.0.0/33099] INFO  codec.RepeatedOmKeyInfoCodec (RepeatedOmKeyInfoCodec.java:<init>(41)) - RepeatedOmKeyInfoCodec ignorePipeline = true
2023-04-21 06:15:50,801 [Listener at 0.0.0.0/33099] INFO  om.OzoneManager (OzoneManager.java:instantiateServices(757)) - S3 Multi-Tenancy is disabled
2023-04-21 06:15:50,802 [Listener at 0.0.0.0/33099] WARN  server.ServerUtils (ServerUtils.java:getDBPath(225)) - ozone.om.snapshot.diff.db.dir is not configured. We recommend adding this setting. Falling back to ozone.metadata.dirs instead.
2023-04-21 06:15:50,840 [Listener at 0.0.0.0/33099] INFO  om.OzoneManager (OzoneManager.java:addS3GVolumeToDB(4257)) - Created Volume s3v With Owner runner required for S3Gateway operations.
2023-04-21 06:15:50,841 [Listener at 0.0.0.0/33099] WARN  server.ServerUtils (ServerUtils.java:getDefaultRatisDirectory(237)) - Storage directory for Ratis is not configured. It is a good idea to map this to an SSD disk. Falling back to ozone.metadata.dirs
2023-04-21 06:15:50,841 [Listener at 0.0.0.0/33099] WARN  utils.OzoneManagerRatisUtils (OzoneManagerRatisUtils.java:getOMRatisSnapshotDirectory(459)) - ozone.om.ratis.snapshot.dir is not configured. Falling back to ozone.metadata.dirs config
2023-04-21 06:15:50,841 [Listener at 0.0.0.0/33099] WARN  server.ServerUtils (ServerUtils.java:getDefaultRatisDirectory(237)) - Storage directory for Ratis is not configured. It is a good idea to map this to an SSD disk. Falling back to ozone.metadata.dirs
2023-04-21 06:15:50,845 [Listener at 0.0.0.0/33099] INFO  ratis.OzoneManagerRatisServer (OzoneManagerRatisServer.java:<init>(163)) - Instantiating OM Ratis server with groupID: omServiceIdDefault and peers: localhost:9872
2023-04-21 06:15:50,845 [Listener at 0.0.0.0/33099] INFO  ratis.OzoneManagerStateMachine (OzoneManagerStateMachine.java:loadSnapshotInfoFromDB(644)) - LastAppliedIndex is set from TransactionInfo from OM DB as (t:0, i:~)
2023-04-21 06:15:50,849 [Listener at 0.0.0.0/33099] INFO  server.RaftServer (ConfUtils.java:logGet(46)) - raft.rpc.type = GRPC (default)
2023-04-21 06:15:50,853 [Listener at 0.0.0.0/33099] INFO  grpc.GrpcConfigKeys (ConfUtils.java:logFallback(53)) - raft.grpc.admin.host = null (fallback to raft.grpc.server.host)
2023-04-21 06:15:50,853 [Listener at 0.0.0.0/33099] INFO  grpc.GrpcConfigKeys (ConfUtils.java:logFallback(53)) - raft.grpc.admin.port = 9872 (fallback to raft.grpc.server.port)
2023-04-21 06:15:50,854 [Listener at 0.0.0.0/33099] INFO  grpc.GrpcConfigKeys (ConfUtils.java:logFallback(53)) - raft.grpc.client.host = null (fallback to raft.grpc.server.host)
2023-04-21 06:15:50,854 [Listener at 0.0.0.0/33099] INFO  grpc.GrpcConfigKeys (ConfUtils.java:logFallback(53)) - raft.grpc.client.port = 9872 (fallback to raft.grpc.server.port)
2023-04-21 06:15:50,854 [Listener at 0.0.0.0/33099] INFO  grpc.GrpcConfigKeys (ConfUtils.java:logGet(46)) - raft.grpc.server.host = null (default)
2023-04-21 06:15:50,854 [Listener at 0.0.0.0/33099] INFO  grpc.GrpcConfigKeys (ConfUtils.java:logGet(46)) - raft.grpc.server.port = 9872 (custom)
2023-04-21 06:15:50,854 [Listener at 0.0.0.0/33099] INFO  server.GrpcService (ConfUtils.java:logGet(46)) - raft.grpc.message.size.max = 33554432 (custom)
2023-04-21 06:15:50,854 [Listener at 0.0.0.0/33099] INFO  server.RaftServerConfigKeys (ConfUtils.java:logGet(46)) - raft.server.log.appender.buffer.byte-limit = 33554432 (custom)
2023-04-21 06:15:50,854 [Listener at 0.0.0.0/33099] INFO  server.GrpcService (ConfUtils.java:logGet(46)) - raft.grpc.flow.control.window = 1MB (=1048576) (default)
2023-04-21 06:15:50,854 [Listener at 0.0.0.0/33099] INFO  server.RaftServerConfigKeys (ConfUtils.java:logGet(46)) - raft.server.rpc.request.timeout = 3000ms (default)
2023-04-21 06:15:50,854 [Listener at 0.0.0.0/33099] INFO  grpc.GrpcConfigKeys (ConfUtils.java:logGet(46)) - raft.grpc.server.heartbeat.channel = true (default)
2023-04-21 06:15:50,854 [Listener at 0.0.0.0/33099] INFO  grpc.GrpcConfigKeys (ConfUtils.java:logGet(46)) - raft.grpc.server.async.request.thread.pool.cached = true (default)
2023-04-21 06:15:50,854 [Listener at 0.0.0.0/33099] INFO  grpc.GrpcConfigKeys (ConfUtils.java:logGet(46)) - raft.grpc.server.async.request.thread.pool.size = 32 (default)
2023-04-21 06:15:50,856 [Listener at 0.0.0.0/33099] INFO  impl.DataStreamServerImpl (ConfUtils.java:logGet(46)) - raft.datastream.type = DISABLED (default)
2023-04-21 06:15:50,856 [Listener at 0.0.0.0/33099] INFO  server.RaftServerConfigKeys (ConfUtils.java:logGet(46)) - raft.server.threadpool.proxy.cached = true (default)
2023-04-21 06:15:50,856 [Listener at 0.0.0.0/33099] INFO  server.RaftServerConfigKeys (ConfUtils.java:logGet(46)) - raft.server.threadpool.proxy.size = 0 (default)
2023-04-21 06:15:50,856 [Listener at 0.0.0.0/33099] INFO  server.RaftServerConfigKeys (ConfUtils.java:logGet(46)) - raft.server.rpc.slowness.timeout = 120s (custom)
2023-04-21 06:15:50,856 [Listener at 0.0.0.0/33099] INFO  server.RaftServerConfigKeys (ConfUtils.java:logGet(46)) - raft.server.leaderelection.leader.step-down.wait-time = 10s (default)
2023-04-21 06:15:50,856 [Listener at 0.0.0.0/33099] INFO  server.RaftServerConfigKeys (ConfUtils.java:logGet(46)) - raft.server.storage.dir = [/home/runner/work/ozone/ozone/hadoop-ozone/integration-test/target/test-dir/MiniOzoneClusterImpl-be0e5d40-2025-4c2a-a75a-cd4ecf305d30/ozone-meta/ratis] (custom)
2023-04-21 06:15:50,862 [Listener at 0.0.0.0/33099] INFO  server.RaftServer (RaftServerProxy.java:addNew(96)) - om1: addNew group-C5BA1605619E:[om1|rpc:localhost:9872|priority:0|startupRole:FOLLOWER] returns group-C5BA1605619E:java.util.concurrent.CompletableFuture@66318982[Not completed]
2023-04-21 06:15:50,862 [Listener at 0.0.0.0/33099] INFO  om.OzoneManager (OzoneManager.java:initializeRatisServer(2095)) - OzoneManager Ratis server initialized at port 9872
2023-04-21 06:15:50,862 [Listener at 0.0.0.0/33099] INFO  om.OzoneManager (OzoneManager.java:getRpcServer(1142)) - Creating RPC Server
2023-04-21 06:15:50,864 [pool-223-thread-1] INFO  server.RaftServer$Division (RaftServerImpl.java:<init>(195)) - om1: new RaftServerImpl for group-C5BA1605619E:[om1|rpc:localhost:9872|priority:0|startupRole:FOLLOWER] with OzoneManagerStateMachine:uninitialized
2023-04-21 06:15:50,864 [pool-223-thread-1] INFO  server.RaftServerConfigKeys (ConfUtils.java:logGet(46)) - raft.server.rpc.timeout.min = 1s (custom)
2023-04-21 06:15:50,864 [pool-223-thread-1] INFO  server.RaftServerConfigKeys (ConfUtils.java:logGet(46)) - raft.server.rpc.timeout.max = 1200ms (custom)
2023-04-21 06:15:50,865 [pool-223-thread-1] INFO  server.RaftServerConfigKeys (ConfUtils.java:logGet(46)) - raft.server.rpc.sleep.time = 25ms (default)
2023-04-21 06:15:50,865 [pool-223-thread-1] INFO  server.RaftServerConfigKeys (ConfUtils.java:logGet(46)) - raft.server.rpc.slowness.timeout = 120s (custom)
2023-04-21 06:15:50,866 [pool-223-thread-1] INFO  server.RaftServerConfigKeys (ConfUtils.java:logGet(46)) - raft.server.leaderelection.leader.step-down.wait-time = 10s (default)
2023-04-21 06:15:50,868 [pool-223-thread-1] INFO  server.RaftServerConfigKeys (ConfUtils.java:logGet(46)) - raft.server.sleep.deviation.threshold = 300ms (default)
2023-04-21 06:15:50,868 [pool-223-thread-1] INFO  server.RaftServer$Division (ServerState.java:<init>(118)) - om1@group-C5BA1605619E: ConfigurationManager, init=-1: peers:[om1|rpc:localhost:9872|priority:0|startupRole:FOLLOWER]|listeners:[], old=null, confs=<EMPTY_MAP>
2023-04-21 06:15:50,868 [pool-223-thread-1] INFO  server.RaftServerConfigKeys (ConfUtils.java:logGet(46)) - raft.server.storage.dir = [/home/runner/work/ozone/ozone/hadoop-ozone/integration-test/target/test-dir/MiniOzoneClusterImpl-be0e5d40-2025-4c2a-a75a-cd4ecf305d30/ozone-meta/ratis] (custom)
2023-04-21 06:15:50,868 [pool-223-thread-1] INFO  server.RaftServerConfigKeys (ConfUtils.java:logGet(46)) - raft.server.log.corruption.policy = EXCEPTION (default)
2023-04-21 06:15:50,868 [pool-223-thread-1] INFO  server.RaftServerConfigKeys (ConfUtils.java:logGet(46)) - raft.server.storage.free-space.min = 0MB (=0) (default)
2023-04-21 06:15:50,868 [pool-223-thread-1] INFO  server.RaftServerConfigKeys (ConfUtils.java:logGet(46)) - raft.server.notification.no-leader.timeout = 120s (custom)
2023-04-21 06:15:50,869 [pool-223-thread-1] INFO  server.RaftServerConfigKeys (ConfUtils.java:logGet(46)) - raft.server.retrycache.expirytime = 300s (custom)
2023-04-21 06:15:50,869 [pool-223-thread-1] INFO  server.RaftServerConfigKeys (ConfUtils.java:logGet(46)) - raft.server.retrycache.statistics.expirytime = 100μs (default)
2023-04-21 06:15:50,873 [pool-223-thread-1] INFO  server.RaftServerConfigKeys (ConfUtils.java:logGet(46)) - raft.server.log.appender.install.snapshot.enabled = false (custom)
2023-04-21 06:15:50,874 [pool-223-thread-1] INFO  server.RaftServerConfigKeys (ConfUtils.java:logGet(46)) - raft.server.threadpool.server.cached = true (default)
2023-04-21 06:15:50,874 [pool-223-thread-1] INFO  server.RaftServerConfigKeys (ConfUtils.java:logGet(46)) - raft.server.threadpool.server.size = 0 (default)
2023-04-21 06:15:50,874 [pool-223-thread-1] INFO  server.RaftServerConfigKeys (ConfUtils.java:logGet(46)) - raft.server.threadpool.client.cached = true (default)
2023-04-21 06:15:50,874 [pool-223-thread-1] INFO  server.RaftServerConfigKeys (ConfUtils.java:logGet(46)) - raft.server.threadpool.client.size = 0 (default)
2023-04-21 06:15:51,365 [Listener at 0.0.0.0/33099] INFO  reflections.Reflections (Reflections.java:scan(232)) - Reflections took 502 ms to scan 19 urls, producing 68 keys and 5070 values [using 2 cores]
2023-04-21 06:15:51,366 [Listener at 0.0.0.0/33099] INFO  ipc.CallQueueManager (CallQueueManager.java:<init>(90)) - Using callQueue: class java.util.concurrent.LinkedBlockingQueue, queueCapacity: 2000, scheduler: class org.apache.hadoop.ipc.DefaultRpcScheduler, ipcBackoff: false.
2023-04-21 06:15:51,368 [Socket Reader #1 for port 0] INFO  ipc.Server (Server.java:run(1319)) - Starting Socket Reader #1 for port 0
2023-04-21 06:15:51,391 [Listener at 127.0.0.1/34287] INFO  impl.MetricsSystemImpl (MetricsSystemImpl.java:init(158)) - OzoneManager metrics system started (again)
2023-04-21 06:15:51,403 [Listener at 127.0.0.1/34287] INFO  om.OzoneManager (OzoneManager.java:start(1563)) - OzoneManager RPC server is listening at localhost/127.0.0.1:34287
2023-04-21 06:15:51,403 [Listener at 127.0.0.1/34287] INFO  ratis.OzoneManagerRatisServer (OzoneManagerRatisServer.java:start(558)) - Starting OzoneManagerRatisServer om1 at port 9872
2023-04-21 06:15:51,403 [om1-impl-thread1] INFO  storage.RaftStorageDirectory (RaftStorageDirectoryImpl.java:analyzeStorage(137)) - The storage directory /home/runner/work/ozone/ozone/hadoop-ozone/integration-test/target/test-dir/MiniOzoneClusterImpl-be0e5d40-2025-4c2a-a75a-cd4ecf305d30/ozone-meta/ratis/bf265839-605b-3f16-9796-c5ba1605619e does not exist. Creating ...
2023-04-21 06:15:51,405 [om1-impl-thread1] INFO  storage.RaftStorageDirectory (RaftStorageDirectoryImpl.java:tryLock(231)) - Lock on /home/runner/work/ozone/ozone/hadoop-ozone/integration-test/target/test-dir/MiniOzoneClusterImpl-be0e5d40-2025-4c2a-a75a-cd4ecf305d30/ozone-meta/ratis/bf265839-605b-3f16-9796-c5ba1605619e/in_use.lock acquired by nodename 2764@fv-az205-422
2023-04-21 06:15:51,406 [om1-impl-thread1] INFO  storage.RaftStorage (RaftStorageImpl.java:format(96)) - Storage directory /home/runner/work/ozone/ozone/hadoop-ozone/integration-test/target/test-dir/MiniOzoneClusterImpl-be0e5d40-2025-4c2a-a75a-cd4ecf305d30/ozone-meta/ratis/bf265839-605b-3f16-9796-c5ba1605619e has been successfully formatted.
2023-04-21 06:15:51,406 [om1-impl-thread1] INFO  server.RaftServerConfigKeys (ConfUtils.java:logGet(46)) - raft.server.log.use.memory = false (default)
2023-04-21 06:15:51,406 [om1-impl-thread1] INFO  server.RaftServerConfigKeys (ConfUtils.java:logGet(46)) - raft.server.log.purge.gap = 1000000 (custom)
2023-04-21 06:15:51,406 [om1-impl-thread1] INFO  server.RaftServerConfigKeys (ConfUtils.java:logGet(46)) - raft.server.log.appender.buffer.byte-limit = 33554432 (custom)
2023-04-21 06:15:51,407 [om1-impl-thread1] INFO  server.RaftServerConfigKeys (ConfUtils.java:logGet(46)) - raft.server.log.statemachine.data.read.timeout = 1000ms (default)
2023-04-21 06:15:51,407 [om1-impl-thread1] INFO  server.RaftServerConfigKeys (ConfUtils.java:logGet(46)) - raft.server.log.purge.preservation.log.num = 0 (default)
2023-04-21 06:15:51,407 [om1-impl-thread1] INFO  server.RaftServerConfigKeys (ConfUtils.java:logGet(46)) - raft.server.log.segment.size.max = 4194304 (custom)
2023-04-21 06:15:51,407 [om1-impl-thread1] INFO  server.RaftServerConfigKeys (ConfUtils.java:logGet(46)) - raft.server.log.segment.cache.num.max = 2 (custom)
2023-04-21 06:15:51,407 [om1-impl-thread1] INFO  server.RaftServerConfigKeys (ConfUtils.java:logGet(46)) - raft.server.log.segment.cache.size.max = 200MB (=209715200) (default)
2023-04-21 06:15:51,407 [om1-impl-thread1] INFO  segmented.SegmentedRaftLogWorker (SegmentedRaftLogWorker.java:<init>(189)) - new om1@group-C5BA1605619E-SegmentedRaftLogWorker for RaftStorageImpl:Storage Directory /home/runner/work/ozone/ozone/hadoop-ozone/integration-test/target/test-dir/MiniOzoneClusterImpl-be0e5d40-2025-4c2a-a75a-cd4ecf305d30/ozone-meta/ratis/bf265839-605b-3f16-9796-c5ba1605619e
2023-04-21 06:15:51,407 [om1-impl-thread1] INFO  server.RaftServerConfigKeys (ConfUtils.java:logGet(46)) - raft.server.log.queue.byte-limit = 64MB (=67108864) (default)
2023-04-21 06:15:51,407 [om1-impl-thread1] INFO  server.RaftServerConfigKeys (ConfUtils.java:logGet(46)) - raft.server.log.queue.element-limit = 4096 (default)
2023-04-21 06:15:51,407 [om1-impl-thread1] INFO  server.RaftServerConfigKeys (ConfUtils.java:logGet(46)) - raft.server.log.segment.size.max = 4194304 (custom)
2023-04-21 06:15:51,407 [om1-impl-thread1] INFO  server.RaftServerConfigKeys (ConfUtils.java:logGet(46)) - raft.server.log.preallocated.size = 4194304 (custom)
2023-04-21 06:15:51,407 [om1-impl-thread1] INFO  server.RaftServerConfigKeys (ConfUtils.java:logGet(46)) - raft.server.log.force.sync.num = 128 (default)
2023-04-21 06:15:51,407 [om1-impl-thread1] INFO  server.RaftServerConfigKeys (ConfUtils.java:logGet(46)) - raft.server.log.statemachine.data.sync = true (default)
2023-04-21 06:15:51,407 [om1-impl-thread1] INFO  server.RaftServerConfigKeys (ConfUtils.java:logGet(46)) - raft.server.log.statemachine.data.sync.timeout = 10s (default)
2023-04-21 06:15:51,407 [om1-impl-thread1] INFO  server.RaftServerConfigKeys (ConfUtils.java:logGet(46)) - raft.server.log.statemachine.data.sync.timeout.retry = -1 (default)
2023-04-21 06:15:51,408 [om1-impl-thread1] INFO  server.RaftServerConfigKeys (ConfUtils.java:logGet(46)) - raft.server.log.write.buffer.size = 64KB (=65536) (default)
2023-04-21 06:15:51,408 [om1-impl-thread1] INFO  server.RaftServerConfigKeys (ConfUtils.java:logGet(46)) - raft.server.log.appender.buffer.byte-limit = 33554432 (custom)
2023-04-21 06:15:51,412 [om1-impl-thread1] INFO  server.RaftServerConfigKeys (ConfUtils.java:logGet(46)) - raft.server.log.unsafe-flush.enabled = false (default)
2023-04-21 06:15:51,413 [om1-impl-thread1] INFO  server.RaftServerConfigKeys (ConfUtils.java:logGet(46)) - raft.server.log.async-flush.enabled = false (default)
2023-04-21 06:15:51,413 [om1-impl-thread1] INFO  server.RaftServerConfigKeys (ConfUtils.java:logGet(46)) - raft.server.log.statemachine.data.caching.enabled = false (default)
2023-04-21 06:15:51,413 [om1-impl-thread1] INFO  segmented.SegmentedRaftLogWorker (SegmentedRaftLogWorker.java:lambda$new$0(135)) - om1@group-C5BA1605619E-SegmentedRaftLogWorker: flushIndex: setUnconditionally 0 -> -1
2023-04-21 06:15:51,413 [om1-impl-thread1] INFO  segmented.SegmentedRaftLogWorker (SegmentedRaftLogWorker.java:lambda$new$0(135)) - om1@group-C5BA1605619E-SegmentedRaftLogWorker: safeCacheEvictIndex: setUnconditionally 0 -> -1
2023-04-21 06:15:51,413 [om1-impl-thread1] INFO  server.RaftServer$Division (RaftServerImpl.java:start(334)) - om1@group-C5BA1605619E: start as a follower, conf=-1: peers:[om1|rpc:localhost:9872|priority:0|startupRole:FOLLOWER]|listeners:[], old=null
2023-04-21 06:15:51,413 [om1-impl-thread1] INFO  server.RaftServer$Division (RaftServerImpl.java:setRole(321)) - om1@group-C5BA1605619E: changes role from      null to FOLLOWER at term 0 for startAsFollower
2023-04-21 06:15:51,414 [om1-impl-thread1] INFO  impl.RoleInfo (RoleInfo.java:updateAndGet(139)) - om1: start om1@group-C5BA1605619E-FollowerState
2023-04-21 06:15:51,415 [om1-impl-thread1] INFO  util.JmxRegister (JmxRegister.java:tryRegister(44)) - Successfully registered JMX Bean with object name Ratis:service=RaftServer,group=group-C5BA1605619E,id=om1
2023-04-21 06:15:51,415 [om1-impl-thread1] INFO  server.RaftServerConfigKeys (ConfUtils.java:logGet(46)) - raft.server.snapshot.auto.trigger.enabled = true (custom)
2023-04-21 06:15:51,415 [om1-impl-thread1] INFO  server.RaftServerConfigKeys (ConfUtils.java:logGet(46)) - raft.server.snapshot.auto.trigger.threshold = 400000 (default)
2023-04-21 06:15:51,415 [om1-impl-thread1] INFO  server.RaftServerConfigKeys (ConfUtils.java:logGet(46)) - raft.server.snapshot.retention.file.num = -1 (default)
2023-04-21 06:15:51,415 [om1-impl-thread1] INFO  server.RaftServerConfigKeys (ConfUtils.java:logGet(46)) - raft.server.log.purge.upto.snapshot.index = true (custom)
2023-04-21 06:15:51,416 [om1@group-C5BA1605619E-FollowerState] INFO  server.RaftServerConfigKeys (ConfUtils.java:logFallback(53)) - raft.server.rpc.first-election.timeout.min = 1s (fallback to raft.server.rpc.timeout.min)
2023-04-21 06:15:51,416 [om1@group-C5BA1605619E-FollowerState] INFO  server.RaftServerConfigKeys (ConfUtils.java:logFallback(53)) - raft.server.rpc.first-election.timeout.max = 1200ms (fallback to raft.server.rpc.timeout.max)
2023-04-21 06:15:51,416 [Listener at 127.0.0.1/34287] INFO  server.RaftServer (RaftServerProxy.java:startImpl(393)) - om1: start RPC server
2023-04-21 06:15:51,418 [Listener at 127.0.0.1/34287] INFO  server.GrpcService (GrpcService.java:startImpl(262)) - om1: GrpcService started, listening on 9872
2023-04-21 06:15:51,421 [Listener at 127.0.0.1/34287] INFO  om.OzoneManager (OzoneManager.java:start(1579)) - Version File has different layout version (4) than OM DB (null). That is expected if this OM has never been finalized to a newer layout version.
2023-04-21 06:15:51,421 [JvmPauseMonitor4] INFO  util.JvmPauseMonitor (JvmPauseMonitor.java:run(105)) - JvmPauseMonitor-om1: Started
2023-04-21 06:15:51,426 [Listener at 127.0.0.1/34287] INFO  http.BaseHttpServer (BaseHttpServer.java:newHttpServer2BuilderForOzone(224)) - Starting Web-server for ozoneManager at: http://0.0.0.0:0
2023-04-21 06:15:51,427 [Listener at 127.0.0.1/34287] INFO  http.BaseHttpServer (BaseHttpServer.java:<init>(111)) - Hadoop Security Enabled: false Ozone Security Enabled: false Ozone HTTP Security Enabled: false 
2023-04-21 06:15:51,428 [Listener at 127.0.0.1/34287] WARN  server.AuthenticationFilter (AuthenticationFilter.java:constructSecretProvider(240)) - Unable to initialize FileSignerSecretProvider, falling back to use random secrets. Reason: Could not read signature secret file: /home/runner/hadoop-http-auth-signature-secret
2023-04-21 06:15:51,429 [Listener at 127.0.0.1/34287] INFO  http.HttpRequestLog (HttpRequestLog.java:getRequestLog(86)) - Http request log for http.requests.ozoneManager is not defined
2023-04-21 06:15:51,430 [Listener at 127.0.0.1/34287] INFO  http.HttpServer2 (HttpServer2.java:addGlobalFilter(1031)) - Added global filter 'safety' (class=org.apache.hadoop.hdds.server.http.HttpServer2$QuotingInputFilter)
2023-04-21 06:15:51,431 [Listener at 127.0.0.1/34287] INFO  http.HttpServer2 (HttpServer2.java:addFilter(1007)) - Added filter static_user_filter (class=org.apache.hadoop.http.lib.StaticUserWebFilter$StaticUserFilter) to context ozoneManager
2023-04-21 06:15:51,431 [Listener at 127.0.0.1/34287] INFO  http.HttpServer2 (HttpServer2.java:addFilter(1015)) - Added filter static_user_filter (class=org.apache.hadoop.http.lib.StaticUserWebFilter$StaticUserFilter) to context logs
2023-04-21 06:15:51,435 [Listener at 127.0.0.1/34287] INFO  http.HttpServer2 (HttpServer2.java:addFilter(1015)) - Added filter static_user_filter (class=org.apache.hadoop.http.lib.StaticUserWebFilter$StaticUserFilter) to context static
2023-04-21 06:15:51,435 [Listener at 127.0.0.1/34287] INFO  http.BaseHttpServer (BaseHttpServer.java:<init>(190)) - HTTP server of ozoneManager uses base directory /home/runner/work/ozone/ozone/hadoop-ozone/integration-test/target/test-dir/MiniOzoneClusterImpl-be0e5d40-2025-4c2a-a75a-cd4ecf305d30/ozone-meta/webserver
2023-04-21 06:15:51,435 [Listener at 127.0.0.1/34287] INFO  http.HttpServer2 (HttpServer2.java:bindListener(1250)) - Jetty bound to port 34427
2023-04-21 06:15:51,436 [Listener at 127.0.0.1/34287] INFO  server.Server (Server.java:doStart(375)) - jetty-9.4.49.v20220914; built: 2022-09-14T01:07:36.601Z; git: 4231a3b2e4cb8548a412a789936d640a97b1aa0a; jvm 1.8.0_362-b09
2023-04-21 06:15:51,437 [Listener at 127.0.0.1/34287] INFO  server.session (DefaultSessionIdManager.java:doStart(334)) - DefaultSessionIdManager workerName=node0
2023-04-21 06:15:51,437 [Listener at 127.0.0.1/34287] INFO  server.session (DefaultSessionIdManager.java:doStart(339)) - No SessionScavenger set, using defaults
2023-04-21 06:15:51,437 [Listener at 127.0.0.1/34287] INFO  server.session (HouseKeeper.java:startScavenging(132)) - node0 Scavenging every 600000ms
2023-04-21 06:15:51,438 [Listener at 127.0.0.1/34287] INFO  handler.ContextHandler (ContextHandler.java:doStart(921)) - Started o.e.j.s.ServletContextHandler@17da25ca{logs,/logs,file:///home/runner/work/ozone/ozone/hadoop-ozone/integration-test/target/log,AVAILABLE}
2023-04-21 06:15:51,438 [Listener at 127.0.0.1/34287] INFO  handler.ContextHandler (ContextHandler.java:doStart(921)) - Started o.e.j.s.ServletContextHandler@19f456fa{static,/static,file:///home/runner/work/ozone/ozone/hadoop-ozone/integration-test/target/test-classes/webapps/static,AVAILABLE}
2023-04-21 06:15:51,441 [Listener at 127.0.0.1/34287] INFO  handler.ContextHandler (ContextHandler.java:doStart(921)) - Started o.e.j.w.WebAppContext@4380198c{ozoneManager,/,file:///home/runner/work/ozone/ozone/hadoop-ozone/integration-test/target/test-classes/webapps/ozoneManager/,AVAILABLE}{file:/home/runner/work/ozone/ozone/hadoop-ozone/integration-test/target/test-classes/webapps/ozoneManager}
2023-04-21 06:15:51,442 [Listener at 127.0.0.1/34287] INFO  server.AbstractConnector (AbstractConnector.java:doStart(333)) - Started ServerConnector@61c279f{HTTP/1.1, (http/1.1)}{0.0.0.0:34427}
2023-04-21 06:15:51,442 [Listener at 127.0.0.1/34287] INFO  server.Server (Server.java:doStart(415)) - Started @34132ms
2023-04-21 06:15:51,442 [Listener at 127.0.0.1/34287] WARN  impl.MetricsSystemImpl (MetricsSystemImpl.java:register(279)) - Sink prometheus already exists!
2023-04-21 06:15:51,443 [Listener at 127.0.0.1/34287] INFO  http.BaseHttpServer (BaseHttpServer.java:updateConnectorAddress(344)) - HTTP server of ozoneManager listening at http://0.0.0.0:34427
2023-04-21 06:15:51,443 [IPC Server Responder] INFO  ipc.Server (Server.java:run(1558)) - IPC Server Responder: starting
2023-04-21 06:15:51,443 [IPC Server listener on 0] INFO  ipc.Server (Server.java:run(1398)) - IPC Server listener on 0: starting
2023-04-21 06:15:51,446 [Listener at 127.0.0.1/34287] INFO  om.OzoneManager (OzoneManager.java:startTrashEmptier(2039)) - Trash Interval set to 0. Files deleted won't move to trash
2023-04-21 06:15:51,450 [Listener at 127.0.0.1/34287] WARN  impl.MetricRegistriesImpl (MetricRegistriesImpl.java:addReporterRegistration(111)) - New reporters are added after registries were created. Some metrics will be missing from the reporter. Please add reporter before adding any new registry.
2023-04-21 06:15:51,450 [Listener at 127.0.0.1/34287] WARN  impl.MetricRegistriesImpl (MetricRegistriesImpl.java:addReporterRegistration(111)) - New reporters are added after registries were created. Some metrics will be missing from the reporter. Please add reporter before adding any new registry.
2023-04-21 06:15:51,451 [Listener at 127.0.0.1/34287] INFO  impl.MetricsSystemImpl (MetricsSystemImpl.java:init(158)) - HddsDatanode metrics system started (again)
2023-04-21 06:15:51,454 [org.apache.hadoop.util.JvmPauseMonitor$Monitor@1bf9c6af] INFO  util.JvmPauseMonitor (JvmPauseMonitor.java:run(188)) - Starting JVM pause monitor
2023-04-21 06:15:51,463 [Listener at 127.0.0.1/34287] INFO  ozone.HddsDatanodeService (HddsDatanodeService.java:start(252)) - HddsDatanodeService host:fv-az205-422 ip:10.1.0.35
2023-04-21 06:15:51,489 [Listener at 127.0.0.1/34287] INFO  upgrade.AbstractLayoutVersionManager (AbstractLayoutVersionManager.java:init(83)) - Initializing Layout version manager with metadata layout = WEBUI_PORTS_IN_DATANODEDETAILS (version = 6), software layout = WEBUI_PORTS_IN_DATANODEDETAILS (version = 6)
2023-04-21 06:15:51,538 [Listener at 127.0.0.1/34287] INFO  reflections.Reflections (Reflections.java:scan(232)) - Reflections took 48 ms to scan 7 urls, producing 156 keys and 369 values 
2023-04-21 06:15:51,539 [Listener at 127.0.0.1/34287] INFO  statemachine.DatanodeStateMachine (DatanodeStateMachine.java:getEndPointTaskThreadPoolSize(260)) - Datanode State Machine Task Thread Pool size 2
2023-04-21 06:15:51,541 [Listener at 127.0.0.1/34287] INFO  volume.HddsVolume (HddsVolume.java:<init>(130)) - Creating HddsVolume: /home/runner/work/ozone/ozone/hadoop-ozone/integration-test/target/test-dir/MiniOzoneClusterImpl-be0e5d40-2025-4c2a-a75a-cd4ecf305d30/datanode-0/data-0/containers/hdds of storage type : DISK capacity : 9223372036854775807
2023-04-21 06:15:51,542 [Listener at 127.0.0.1/34287] INFO  volume.MutableVolumeSet (MutableVolumeSet.java:initializeVolumeSet(175)) - Added Volume : /home/runner/work/ozone/ozone/hadoop-ozone/integration-test/target/test-dir/MiniOzoneClusterImpl-be0e5d40-2025-4c2a-a75a-cd4ecf305d30/datanode-0/data-0/containers/hdds to VolumeSet
2023-04-21 06:15:51,542 [Listener at 127.0.0.1/34287] INFO  volume.ThrottledAsyncChecker (ThrottledAsyncChecker.java:schedule(141)) - Scheduling a check for /home/runner/work/ozone/ozone/hadoop-ozone/integration-test/target/test-dir/MiniOzoneClusterImpl-be0e5d40-2025-4c2a-a75a-cd4ecf305d30/datanode-0/data-0/containers/hdds
2023-04-21 06:15:51,546 [Listener at 127.0.0.1/34287] INFO  volume.StorageVolumeChecker (StorageVolumeChecker.java:checkAllVolumes(202)) - Scheduled health check for volume /home/runner/work/ozone/ozone/hadoop-ozone/integration-test/target/test-dir/MiniOzoneClusterImpl-be0e5d40-2025-4c2a-a75a-cd4ecf305d30/datanode-0/data-0/containers/hdds
2023-04-21 06:15:51,564 [Listener at 127.0.0.1/34287] INFO  volume.MutableVolumeSet (MutableVolumeSet.java:initializeVolumeSet(175)) - Added Volume : /home/runner/work/ozone/ozone/hadoop-ozone/integration-test/target/test-dir/MiniOzoneClusterImpl-be0e5d40-2025-4c2a-a75a-cd4ecf305d30/datanode-0/data/ratis to VolumeSet
2023-04-21 06:15:51,565 [Listener at 127.0.0.1/34287] INFO  volume.ThrottledAsyncChecker (ThrottledAsyncChecker.java:schedule(141)) - Scheduling a check for /home/runner/work/ozone/ozone/hadoop-ozone/integration-test/target/test-dir/MiniOzoneClusterImpl-be0e5d40-2025-4c2a-a75a-cd4ecf305d30/datanode-0/data/ratis
2023-04-21 06:15:51,565 [Listener at 127.0.0.1/34287] INFO  volume.StorageVolumeChecker (StorageVolumeChecker.java:checkAllVolumes(202)) - Scheduled health check for volume /home/runner/work/ozone/ozone/hadoop-ozone/integration-test/target/test-dir/MiniOzoneClusterImpl-be0e5d40-2025-4c2a-a75a-cd4ecf305d30/datanode-0/data/ratis
2023-04-21 06:15:51,577 [Thread-529] INFO  ozoneimpl.ContainerReader (ContainerReader.java:readVolume(175)) - Finish verifying containers on volume /home/runner/work/ozone/ozone/hadoop-ozone/integration-test/target/test-dir/MiniOzoneClusterImpl-be0e5d40-2025-4c2a-a75a-cd4ecf305d30/datanode-0/data-0/containers/hdds
2023-04-21 06:15:51,577 [Listener at 127.0.0.1/34287] INFO  ozoneimpl.OzoneContainer (OzoneContainer.java:buildContainerSet(303)) - Build ContainerSet costs 0s
2023-04-21 06:15:51,583 [Listener at 127.0.0.1/34287] INFO  server.RaftServer (ConfUtils.java:logGet(46)) - raft.rpc.type = GRPC (default)
2023-04-21 06:15:51,584 [Listener at 127.0.0.1/34287] INFO  grpc.GrpcConfigKeys (ConfUtils.java:logFallback(53)) - raft.grpc.admin.host = null (fallback to raft.grpc.server.host)
2023-04-21 06:15:51,584 [Listener at 127.0.0.1/34287] INFO  grpc.GrpcConfigKeys (ConfUtils.java:logGet(46)) - raft.grpc.admin.port = 0 (custom)
2023-04-21 06:15:51,584 [Listener at 127.0.0.1/34287] INFO  grpc.GrpcConfigKeys (ConfUtils.java:logFallback(53)) - raft.grpc.client.host = null (fallback to raft.grpc.server.host)
2023-04-21 06:15:51,584 [Listener at 127.0.0.1/34287] INFO  grpc.GrpcConfigKeys (ConfUtils.java:logGet(46)) - raft.grpc.client.port = 0 (custom)
2023-04-21 06:15:51,584 [Listener at 127.0.0.1/34287] INFO  grpc.GrpcConfigKeys (ConfUtils.java:logGet(46)) - raft.grpc.server.host = null (default)
2023-04-21 06:15:51,584 [Listener at 127.0.0.1/34287] INFO  grpc.GrpcConfigKeys (ConfUtils.java:logGet(46)) - raft.grpc.server.port = 0 (default)
2023-04-21 06:15:51,584 [Listener at 127.0.0.1/34287] INFO  server.GrpcService (ConfUtils.java:logGet(46)) - raft.grpc.message.size.max = 32MB (=33554432) (custom)
2023-04-21 06:15:51,584 [Listener at 127.0.0.1/34287] INFO  server.RaftServerConfigKeys (ConfUtils.java:logGet(46)) - raft.server.log.appender.buffer.byte-limit = 33554432 (custom)
2023-04-21 06:15:51,584 [Listener at 127.0.0.1/34287] INFO  server.GrpcService (ConfUtils.java:logGet(46)) - raft.grpc.flow.control.window = 5MB (=5242880) (custom)
2023-04-21 06:15:51,584 [Listener at 127.0.0.1/34287] INFO  server.RaftServerConfigKeys (ConfUtils.java:logGet(46)) - raft.server.rpc.request.timeout = 60s (custom)
2023-04-21 06:15:51,584 [Listener at 127.0.0.1/34287] INFO  grpc.GrpcConfigKeys (ConfUtils.java:logGet(46)) - raft.grpc.server.heartbeat.channel = true (default)
2023-04-21 06:15:51,585 [Listener at 127.0.0.1/34287] INFO  grpc.GrpcConfigKeys (ConfUtils.java:logGet(46)) - raft.grpc.server.async.request.thread.pool.cached = true (default)
2023-04-21 06:15:51,585 [Listener at 127.0.0.1/34287] INFO  grpc.GrpcConfigKeys (ConfUtils.java:logGet(46)) - raft.grpc.server.async.request.thread.pool.size = 32 (default)
2023-04-21 06:15:51,586 [Listener at 127.0.0.1/34287] INFO  impl.DataStreamServerImpl (ConfUtils.java:logGet(46)) - raft.datastream.type = NETTY (custom)
2023-04-21 06:15:51,587 [Listener at 127.0.0.1/34287] INFO  server.RaftServerConfigKeys (ConfUtils.java:logGet(46)) - raft.server.data-stream.async.request.thread.pool.cached = false (default)
2023-04-21 06:15:51,587 [Listener at 127.0.0.1/34287] INFO  server.RaftServerConfigKeys (ConfUtils.java:logGet(46)) - raft.server.data-stream.async.request.thread.pool.size = 20 (custom)
2023-04-21 06:15:51,587 [Listener at 127.0.0.1/34287] INFO  server.RaftServerConfigKeys (ConfUtils.java:logGet(46)) - raft.server.data-stream.async.write.thread.pool.size = 16 (default)
2023-04-21 06:15:51,587 [Listener at 127.0.0.1/34287] INFO  server.RaftServerConfigKeys (ConfUtils.java:logGet(46)) - raft.server.data-stream.client.pool.size = 10 (default)
2023-04-21 06:15:51,587 [Listener at 127.0.0.1/34287] INFO  netty.NettyConfigKeys$DataStream (ConfUtils.java:logGet(46)) - raft.netty.dataStream.server.use-epoll = false (default)
2023-04-21 06:15:51,587 [Listener at 127.0.0.1/34287] INFO  netty.NettyConfigKeys$DataStream (ConfUtils.java:logGet(46)) - raft.netty.dataStream.server.boss-group.size = 0 (default)
2023-04-21 06:15:51,588 [Listener at 127.0.0.1/34287] INFO  netty.NettyConfigKeys$DataStream (ConfUtils.java:logGet(46)) - raft.netty.dataStream.server.worker-group.size = 0 (default)
2023-04-21 06:15:51,588 [Listener at 127.0.0.1/34287] INFO  netty.NettyConfigKeys$DataStream (ConfUtils.java:logGet(46)) - raft.netty.dataStream.server.tls.conf = null (default)
2023-04-21 06:15:51,588 [Listener at 127.0.0.1/34287] INFO  netty.NettyConfigKeys$DataStream (ConfUtils.java:logGet(46)) - raft.netty.dataStream.host = null (default)
2023-04-21 06:15:51,588 [Listener at 127.0.0.1/34287] INFO  netty.NettyConfigKeys$DataStream (ConfUtils.java:logGet(46)) - raft.netty.dataStream.port = 0 (default)
2023-04-21 06:15:51,589 [Listener at 127.0.0.1/34287] INFO  server.RaftServerConfigKeys (ConfUtils.java:logGet(46)) - raft.server.threadpool.proxy.cached = true (default)
2023-04-21 06:15:51,589 [Listener at 127.0.0.1/34287] INFO  server.RaftServerConfigKeys (ConfUtils.java:logGet(46)) - raft.server.threadpool.proxy.size = 0 (default)
2023-04-21 06:15:51,589 [5185110e-0819-4d86-8c6f-0fef485f5c1f-NettyServerStreamRpc-bossGroup--thread1] INFO  logging.LoggingHandler (AbstractInternalLogger.java:log(148)) - [id: 0x15bb73b5] REGISTERED
2023-04-21 06:15:51,590 [Listener at 127.0.0.1/34287] INFO  server.RaftServerConfigKeys (ConfUtils.java:logGet(46)) - raft.server.rpc.slowness.timeout = 300s (custom)
2023-04-21 06:15:51,590 [5185110e-0819-4d86-8c6f-0fef485f5c1f-NettyServerStreamRpc-bossGroup--thread1] INFO  logging.LoggingHandler (AbstractInternalLogger.java:log(148)) - [id: 0x15bb73b5] BIND: 0.0.0.0/0.0.0.0:0
2023-04-21 06:15:51,590 [Listener at 127.0.0.1/34287] INFO  server.RaftServerConfigKeys (ConfUtils.java:logGet(46)) - raft.server.leaderelection.leader.step-down.wait-time = 10s (default)
2023-04-21 06:15:51,590 [5185110e-0819-4d86-8c6f-0fef485f5c1f-NettyServerStreamRpc-bossGroup--thread1] INFO  logging.LoggingHandler (AbstractInternalLogger.java:log(148)) - [id: 0x15bb73b5, L:/0:0:0:0:0:0:0:0:40067] ACTIVE
2023-04-21 06:15:51,590 [Listener at 127.0.0.1/34287] INFO  server.RaftServerConfigKeys (ConfUtils.java:logGet(46)) - raft.server.storage.dir = [/home/runner/work/ozone/ozone/hadoop-ozone/integration-test/target/test-dir/MiniOzoneClusterImpl-be0e5d40-2025-4c2a-a75a-cd4ecf305d30/datanode-0/data/ratis] (custom)
2023-04-21 06:15:51,593 [Listener at 127.0.0.1/34287] INFO  server.XceiverServerGrpc (XceiverServerGrpc.java:<init>(132)) - GrpcServer channel type EpollServerSocketChannel
2023-04-21 06:15:51,610 [Listener at 127.0.0.1/34287] INFO  http.BaseHttpServer (BaseHttpServer.java:newHttpServer2BuilderForOzone(224)) - Starting Web-server for hddsDatanode at: http://0.0.0.0:0
2023-04-21 06:15:51,611 [Listener at 127.0.0.1/34287] INFO  http.BaseHttpServer (BaseHttpServer.java:<init>(111)) - Hadoop Security Enabled: false Ozone Security Enabled: false Ozone HTTP Security Enabled: false 
2023-04-21 06:15:51,613 [Listener at 127.0.0.1/34287] WARN  server.AuthenticationFilter (AuthenticationFilter.java:constructSecretProvider(240)) - Unable to initialize FileSignerSecretProvider, falling back to use random secrets. Reason: Could not read signature secret file: /home/runner/hadoop-http-auth-signature-secret
2023-04-21 06:15:51,614 [Listener at 127.0.0.1/34287] INFO  http.HttpRequestLog (HttpRequestLog.java:getRequestLog(86)) - Http request log for http.requests.hddsDatanode is not defined
2023-04-21 06:15:51,615 [Listener at 127.0.0.1/34287] INFO  http.HttpServer2 (HttpServer2.java:addGlobalFilter(1031)) - Added global filter 'safety' (class=org.apache.hadoop.hdds.server.http.HttpServer2$QuotingInputFilter)
2023-04-21 06:15:51,616 [Listener at 127.0.0.1/34287] INFO  http.HttpServer2 (HttpServer2.java:addFilter(1007)) - Added filter static_user_filter (class=org.apache.hadoop.http.lib.StaticUserWebFilter$StaticUserFilter) to context hddsDatanode
2023-04-21 06:15:51,616 [Listener at 127.0.0.1/34287] INFO  http.HttpServer2 (HttpServer2.java:addFilter(1015)) - Added filter static_user_filter (class=org.apache.hadoop.http.lib.StaticUserWebFilter$StaticUserFilter) to context logs
2023-04-21 06:15:51,616 [Listener at 127.0.0.1/34287] INFO  http.HttpServer2 (HttpServer2.java:addFilter(1015)) - Added filter static_user_filter (class=org.apache.hadoop.http.lib.StaticUserWebFilter$StaticUserFilter) to context static
2023-04-21 06:15:51,617 [Listener at 127.0.0.1/34287] INFO  http.BaseHttpServer (BaseHttpServer.java:<init>(190)) - HTTP server of hddsDatanode uses base directory /home/runner/work/ozone/ozone/hadoop-ozone/integration-test/target/test-dir/MiniOzoneClusterImpl-be0e5d40-2025-4c2a-a75a-cd4ecf305d30/datanode-0/meta/webserver
2023-04-21 06:15:51,617 [Listener at 127.0.0.1/34287] INFO  http.HttpServer2 (HttpServer2.java:bindListener(1250)) - Jetty bound to port 34381
2023-04-21 06:15:51,617 [Listener at 127.0.0.1/34287] INFO  server.Server (Server.java:doStart(375)) - jetty-9.4.49.v20220914; built: 2022-09-14T01:07:36.601Z; git: 4231a3b2e4cb8548a412a789936d640a97b1aa0a; jvm 1.8.0_362-b09
2023-04-21 06:15:51,618 [Listener at 127.0.0.1/34287] INFO  server.session (DefaultSessionIdManager.java:doStart(334)) - DefaultSessionIdManager workerName=node0
2023-04-21 06:15:51,618 [Listener at 127.0.0.1/34287] INFO  server.session (DefaultSessionIdManager.java:doStart(339)) - No SessionScavenger set, using defaults
2023-04-21 06:15:51,619 [Listener at 127.0.0.1/34287] INFO  server.session (HouseKeeper.java:startScavenging(132)) - node0 Scavenging every 660000ms
2023-04-21 06:15:51,619 [Listener at 127.0.0.1/34287] INFO  handler.ContextHandler (ContextHandler.java:doStart(921)) - Started o.e.j.s.ServletContextHandler@5709348a{logs,/logs,file:///home/runner/work/ozone/ozone/hadoop-ozone/integration-test/target/log,AVAILABLE}
2023-04-21 06:15:51,620 [Listener at 127.0.0.1/34287] INFO  handler.ContextHandler (ContextHandler.java:doStart(921)) - Started o.e.j.s.ServletContextHandler@3c95b243{static,/static,jar:file:/home/runner/.m2/repository/org/apache/ozone/hdds-container-service/1.4.0-SNAPSHOT/hdds-container-service-1.4.0-SNAPSHOT.jar!/webapps/static,AVAILABLE}
2023-04-21 06:15:51,826 [Listener at 127.0.0.1/34287] INFO  handler.ContextHandler (ContextHandler.java:doStart(921)) - Started o.e.j.w.WebAppContext@64e3d046{hddsDatanode,/,file:///home/runner/work/ozone/ozone/hadoop-ozone/integration-test/target/test-dir/MiniOzoneClusterImpl-be0e5d40-2025-4c2a-a75a-cd4ecf305d30/datanode-0/meta/webserver/jetty-0_0_0_0-34381-hdds-container-service-1_4_0-SNAPSHOT_jar-_-any-1276367438626734074/webapp/,AVAILABLE}{jar:file:/home/runner/.m2/repository/org/apache/ozone/hdds-container-service/1.4.0-SNAPSHOT/hdds-container-service-1.4.0-SNAPSHOT.jar!/webapps/hddsDatanode}
2023-04-21 06:15:51,831 [Listener at 127.0.0.1/34287] INFO  server.AbstractConnector (AbstractConnector.java:doStart(333)) - Started ServerConnector@12857f35{HTTP/1.1, (http/1.1)}{0.0.0.0:34381}
2023-04-21 06:15:51,832 [Listener at 127.0.0.1/34287] INFO  server.Server (Server.java:doStart(415)) - Started @34522ms
2023-04-21 06:15:51,832 [Listener at 127.0.0.1/34287] WARN  impl.MetricsSystemImpl (MetricsSystemImpl.java:register(279)) - Sink prometheus already exists!
2023-04-21 06:15:51,832 [Listener at 127.0.0.1/34287] INFO  http.BaseHttpServer (BaseHttpServer.java:updateConnectorAddress(344)) - HTTP server of hddsDatanode listening at http://0.0.0.0:34381
2023-04-21 06:15:51,833 [Listener at 127.0.0.1/34287] INFO  ozone.MiniOzoneClusterImpl (MiniOzoneClusterImpl.java:lambda$waitForClusterToBeReady$0(223)) - Waiting for nodes to be ready. Got 0 of 1 DN Heartbeats.
2023-04-21 06:15:51,833 [Listener at 127.0.0.1/34287] INFO  ozone.MiniOzoneClusterImpl (MiniOzoneClusterImpl.java:lambda$waitForClusterToBeReady$0(226)) - Waiting for cluster to exit safe mode
2023-04-21 06:15:51,833 [Listener at 127.0.0.1/34287] INFO  ozone.MiniOzoneClusterImpl (MiniOzoneClusterImpl.java:lambda$waitForClusterToBeReady$0(228)) - SCM became leader
2023-04-21 06:15:51,833 [Datanode State Machine Daemon Thread] INFO  statemachine.DatanodeStateMachine (DatanodeStateMachine.java:lambda$startDaemon$0(517)) - Ozone container server started.
2023-04-21 06:15:51,835 [org.apache.hadoop.util.JvmPauseMonitor$Monitor@2180e60e] INFO  util.JvmPauseMonitor (JvmPauseMonitor.java:run(188)) - Starting JVM pause monitor
2023-04-21 06:15:51,846 [Datanode State Machine Task Thread - 0] INFO  datanode.InitDatanodeState (InitDatanodeState.java:persistContainerDatanodeDetails(138)) - DatanodeDetails is persisted to /home/runner/work/ozone/ozone/hadoop-ozone/integration-test/target/test-dir/MiniOzoneClusterImpl-be0e5d40-2025-4c2a-a75a-cd4ecf305d30/datanode-0/meta/datanode.id
2023-04-21 06:15:52,477 [om1@group-C5BA1605619E-FollowerState] INFO  impl.FollowerState (FollowerState.java:run(143)) - om1@group-C5BA1605619E-FollowerState: change to CANDIDATE, lastRpcElapsedTime:1063324720ns, electionTimeout:1061ms
2023-04-21 06:15:52,477 [om1@group-C5BA1605619E-FollowerState] INFO  impl.RoleInfo (RoleInfo.java:shutdownFollowerState(110)) - om1: shutdown om1@group-C5BA1605619E-FollowerState
2023-04-21 06:15:52,477 [om1@group-C5BA1605619E-FollowerState] INFO  server.RaftServer$Division (RaftServerImpl.java:setRole(321)) - om1@group-C5BA1605619E: changes role from  FOLLOWER to CANDIDATE at term 0 for changeToCandidate
2023-04-21 06:15:52,478 [om1@group-C5BA1605619E-FollowerState] INFO  server.RaftServerConfigKeys (ConfUtils.java:logGet(46)) - raft.server.leaderelection.pre-vote = true (default)
2023-04-21 06:15:52,478 [om1@group-C5BA1605619E-FollowerState] INFO  impl.RoleInfo (RoleInfo.java:updateAndGet(139)) - om1: start om1@group-C5BA1605619E-LeaderElection8
2023-04-21 06:15:52,479 [om1@group-C5BA1605619E-LeaderElection8] INFO  impl.LeaderElection (LeaderElection.java:askForVotes(312)) - om1@group-C5BA1605619E-LeaderElection8 PRE_VOTE round 0: submit vote requests at term 0 for -1: peers:[om1|rpc:localhost:9872|priority:0|startupRole:FOLLOWER]|listeners:[], old=null
2023-04-21 06:15:52,479 [om1@group-C5BA1605619E-LeaderElection8] INFO  impl.LeaderElection (LeaderElection.java:askForVotes(314)) - om1@group-C5BA1605619E-LeaderElection8 PRE_VOTE round 0: result PASSED (term=0)
2023-04-21 06:15:52,481 [om1@group-C5BA1605619E-LeaderElection8] INFO  impl.LeaderElection (LeaderElection.java:askForVotes(312)) - om1@group-C5BA1605619E-LeaderElection8 ELECTION round 0: submit vote requests at term 1 for -1: peers:[om1|rpc:localhost:9872|priority:0|startupRole:FOLLOWER]|listeners:[], old=null
2023-04-21 06:15:52,481 [om1@group-C5BA1605619E-LeaderElection8] INFO  impl.LeaderElection (LeaderElection.java:askForVotes(314)) - om1@group-C5BA1605619E-LeaderElection8 ELECTION round 0: result PASSED (term=1)
2023-04-21 06:15:52,481 [om1@group-C5BA1605619E-LeaderElection8] INFO  impl.RoleInfo (RoleInfo.java:shutdownLeaderElection(130)) - om1: shutdown om1@group-C5BA1605619E-LeaderElection8
2023-04-21 06:15:52,481 [om1@group-C5BA1605619E-LeaderElection8] INFO  server.RaftServer$Division (RaftServerImpl.java:setRole(321)) - om1@group-C5BA1605619E: changes role from CANDIDATE to LEADER at term 1 for changeToLeader
2023-04-21 06:15:52,482 [om1@group-C5BA1605619E-LeaderElection8] INFO  server.RaftServer$Division (ServerState.java:setLeader(313)) - om1@group-C5BA1605619E: change Leader from null to om1 at term 1 for becomeLeader, leader elected after 1613ms
2023-04-21 06:15:52,482 [om1@group-C5BA1605619E-LeaderElection8] INFO  server.RaftServerConfigKeys (ConfUtils.java:logGet(46)) - raft.server.staging.catchup.gap = 1000 (default)
2023-04-21 06:15:52,482 [om1@group-C5BA1605619E-LeaderElection8] INFO  server.RaftServerConfigKeys (ConfUtils.java:logGet(46)) - raft.server.write.element-limit = 4096 (default)
2023-04-21 06:15:52,482 [om1@group-C5BA1605619E-LeaderElection8] INFO  server.RaftServerConfigKeys (ConfUtils.java:logGet(46)) - raft.server.write.byte-limit = 64MB (=67108864) (default)
2023-04-21 06:15:52,482 [om1@group-C5BA1605619E-LeaderElection8] INFO  server.RaftServerConfigKeys (ConfUtils.java:logGet(46)) - raft.server.watch.timeout = 10s (default)
2023-04-21 06:15:52,482 [om1@group-C5BA1605619E-LeaderElection8] INFO  server.RaftServerConfigKeys (ConfUtils.java:logGet(46)) - raft.server.watch.timeout.denomination = 1s (default)
2023-04-21 06:15:52,482 [om1@group-C5BA1605619E-LeaderElection8] INFO  server.RaftServerConfigKeys (ConfUtils.java:logGet(46)) - raft.server.watch.element-limit = 65536 (default)
2023-04-21 06:15:52,482 [om1@group-C5BA1605619E-LeaderElection8] INFO  server.RaftServerConfigKeys (ConfUtils.java:logGet(46)) - raft.server.write.element-limit = 4096 (default)
2023-04-21 06:15:52,483 [om1@group-C5BA1605619E-LeaderElection8] INFO  server.RaftServerConfigKeys (ConfUtils.java:logGet(46)) - raft.server.write.follower.gap.ratio.max = -1.0 (default)
2023-04-21 06:15:52,483 [om1@group-C5BA1605619E-LeaderElection8] INFO  impl.RoleInfo (RoleInfo.java:updateAndGet(139)) - om1: start om1@group-C5BA1605619E-LeaderStateImpl
2023-04-21 06:15:52,483 [om1@group-C5BA1605619E-LeaderElection8] INFO  segmented.SegmentedRaftLogWorker (SegmentedRaftLogWorker.java:startLogSegment(452)) - om1@group-C5BA1605619E-SegmentedRaftLogWorker: Starting segment from index:0
2023-04-21 06:15:52,488 [om1@group-C5BA1605619E-LeaderElection8] INFO  server.RaftServer$Division (ServerState.java:setRaftConf(430)) - om1@group-C5BA1605619E: set configuration 0: peers:[om1|rpc:localhost:9872|admin:|client:|dataStream:|priority:0|startupRole:FOLLOWER]|listeners:[], old=null
2023-04-21 06:15:52,493 [om1@group-C5BA1605619E-SegmentedRaftLogWorker] INFO  segmented.SegmentedRaftLogWorker (SegmentedRaftLogWorker.java:execute(656)) - om1@group-C5BA1605619E-SegmentedRaftLogWorker: created new log segment /home/runner/work/ozone/ozone/hadoop-ozone/integration-test/target/test-dir/MiniOzoneClusterImpl-be0e5d40-2025-4c2a-a75a-cd4ecf305d30/ozone-meta/ratis/bf265839-605b-3f16-9796-c5ba1605619e/current/log_inprogress_0
2023-04-21 06:15:52,494 [om1@group-C5BA1605619E-StateMachineUpdater] INFO  ratis.OzoneManagerStateMachine (OzoneManagerStateMachine.java:notifyConfigurationChanged(200)) - Received Configuration change notification from Ratis. New Peer list:
[id: "om1"
address: "localhost:9872"
startupRole: FOLLOWER
]
2023-04-21 06:15:52,833 [Listener at 127.0.0.1/34287] INFO  ozone.MiniOzoneClusterImpl (MiniOzoneClusterImpl.java:lambda$waitForClusterToBeReady$0(223)) - Waiting for nodes to be ready. Got 0 of 1 DN Heartbeats.
2023-04-21 06:15:52,833 [Listener at 127.0.0.1/34287] INFO  ozone.MiniOzoneClusterImpl (MiniOzoneClusterImpl.java:lambda$waitForClusterToBeReady$0(226)) - Waiting for cluster to exit safe mode
2023-04-21 06:15:52,833 [Listener at 127.0.0.1/34287] INFO  ozone.MiniOzoneClusterImpl (MiniOzoneClusterImpl.java:lambda$waitForClusterToBeReady$0(228)) - SCM became leader
2023-04-21 06:15:53,834 [Listener at 127.0.0.1/34287] INFO  ozone.MiniOzoneClusterImpl (MiniOzoneClusterImpl.java:lambda$waitForClusterToBeReady$0(223)) - Waiting for nodes to be ready. Got 0 of 1 DN Heartbeats.
2023-04-21 06:15:53,834 [Listener at 127.0.0.1/34287] INFO  ozone.MiniOzoneClusterImpl (MiniOzoneClusterImpl.java:lambda$waitForClusterToBeReady$0(226)) - Waiting for cluster to exit safe mode
2023-04-21 06:15:53,834 [Listener at 127.0.0.1/34287] INFO  ozone.MiniOzoneClusterImpl (MiniOzoneClusterImpl.java:lambda$waitForClusterToBeReady$0(228)) - SCM became leader
2023-04-21 06:15:53,875 [EndpointStateMachine task thread for /0.0.0.0:34383 - 0 ] INFO  utils.DatanodeStoreCache (DatanodeStoreCache.java:addDB(58)) - Added db /home/runner/work/ozone/ozone/hadoop-ozone/integration-test/target/test-dir/MiniOzoneClusterImpl-be0e5d40-2025-4c2a-a75a-cd4ecf305d30/datanode-0/data-0/containers/hdds/be0e5d40-2025-4c2a-a75a-cd4ecf305d30/DS-59ae7e42-fba2-4898-926e-1803e42fdf90/container.db to cache
2023-04-21 06:15:53,875 [EndpointStateMachine task thread for /0.0.0.0:34383 - 0 ] INFO  volume.HddsVolume (HddsVolume.java:createDbStore(350)) - SchemaV3 db is created and loaded at /home/runner/work/ozone/ozone/hadoop-ozone/integration-test/target/test-dir/MiniOzoneClusterImpl-be0e5d40-2025-4c2a-a75a-cd4ecf305d30/datanode-0/data-0/containers/hdds/be0e5d40-2025-4c2a-a75a-cd4ecf305d30/DS-59ae7e42-fba2-4898-926e-1803e42fdf90/container.db for volume DS-59ae7e42-fba2-4898-926e-1803e42fdf90
2023-04-21 06:15:53,876 [EndpointStateMachine task thread for /0.0.0.0:34383 - 0 ] INFO  ozoneimpl.OzoneContainer (OzoneContainer.java:start(397)) - Attempting to start container services.
2023-04-21 06:15:53,876 [EndpointStateMachine task thread for /0.0.0.0:34383 - 0 ] INFO  ozoneimpl.OzoneContainer (OzoneContainer.java:startContainerScrub(314)) - Scheduled background container scanners and the on-demand container scanner have been disabled.
2023-04-21 06:15:53,878 [EndpointStateMachine task thread for /0.0.0.0:34383 - 0 ] INFO  replication.ReplicationServer (ReplicationServer.java:start(109)) - ReplicationServer is started using port 42757
2023-04-21 06:15:53,878 [EndpointStateMachine task thread for /0.0.0.0:34383 - 0 ] INFO  ratis.XceiverServerRatis (XceiverServerRatis.java:start(517)) - Starting XceiverServerRatis 5185110e-0819-4d86-8c6f-0fef485f5c1f
2023-04-21 06:15:53,878 [EndpointStateMachine task thread for /0.0.0.0:34383 - 0 ] INFO  server.RaftServer (RaftServerProxy.java:startImpl(393)) - 5185110e-0819-4d86-8c6f-0fef485f5c1f: start RPC server
2023-04-21 06:15:53,880 [EndpointStateMachine task thread for /0.0.0.0:34383 - 0 ] INFO  server.GrpcService (GrpcService.java:startImpl(262)) - 5185110e-0819-4d86-8c6f-0fef485f5c1f: GrpcService started, listening on 41319
2023-04-21 06:15:53,880 [EndpointStateMachine task thread for /0.0.0.0:34383 - 0 ] INFO  ratis.XceiverServerRatis (XceiverServerRatis.java:getRealPort(543)) - XceiverServerRatis 5185110e-0819-4d86-8c6f-0fef485f5c1f is started using port 41319 for RATIS
2023-04-21 06:15:53,880 [EndpointStateMachine task thread for /0.0.0.0:34383 - 0 ] INFO  ratis.XceiverServerRatis (XceiverServerRatis.java:getRealPort(543)) - XceiverServerRatis 5185110e-0819-4d86-8c6f-0fef485f5c1f is started using port 41319 for RATIS_ADMIN
2023-04-21 06:15:53,880 [JvmPauseMonitor5] INFO  util.JvmPauseMonitor (JvmPauseMonitor.java:run(105)) - JvmPauseMonitor-5185110e-0819-4d86-8c6f-0fef485f5c1f: Started
2023-04-21 06:15:53,880 [EndpointStateMachine task thread for /0.0.0.0:34383 - 0 ] INFO  ratis.XceiverServerRatis (XceiverServerRatis.java:getRealPort(543)) - XceiverServerRatis 5185110e-0819-4d86-8c6f-0fef485f5c1f is started using port 41319 for RATIS_SERVER
2023-04-21 06:15:53,880 [EndpointStateMachine task thread for /0.0.0.0:34383 - 0 ] INFO  ratis.XceiverServerRatis (XceiverServerRatis.java:getRealPort(543)) - XceiverServerRatis 5185110e-0819-4d86-8c6f-0fef485f5c1f is started using port 40067 for RATIS_DATASTREAM
2023-04-21 06:15:53,882 [EndpointStateMachine task thread for /0.0.0.0:34383 - 0 ] INFO  server.XceiverServerGrpc (XceiverServerGrpc.java:start(180)) - XceiverServerGrpc 5185110e-0819-4d86-8c6f-0fef485f5c1f is started using port 42459
2023-04-21 06:15:53,883 [BlockDeletingService#0] INFO  interfaces.ContainerDeletionChoosingPolicyTemplate (ContainerDeletionChoosingPolicyTemplate.java:chooseContainerForBlockDeletion(83)) - Chosen 0/5000 blocks from 0 candidate containers.
2023-04-21 06:15:54,834 [Listener at 127.0.0.1/34287] INFO  ozone.MiniOzoneClusterImpl (MiniOzoneClusterImpl.java:lambda$waitForClusterToBeReady$0(223)) - Waiting for nodes to be ready. Got 0 of 1 DN Heartbeats.
2023-04-21 06:15:54,834 [Listener at 127.0.0.1/34287] INFO  ozone.MiniOzoneClusterImpl (MiniOzoneClusterImpl.java:lambda$waitForClusterToBeReady$0(226)) - Waiting for cluster to exit safe mode
2023-04-21 06:15:54,834 [Listener at 127.0.0.1/34287] INFO  ozone.MiniOzoneClusterImpl (MiniOzoneClusterImpl.java:lambda$waitForClusterToBeReady$0(228)) - SCM became leader
2023-04-21 06:15:55,834 [Listener at 127.0.0.1/34287] INFO  ozone.MiniOzoneClusterImpl (MiniOzoneClusterImpl.java:lambda$waitForClusterToBeReady$0(223)) - Waiting for nodes to be ready. Got 0 of 1 DN Heartbeats.
2023-04-21 06:15:55,835 [Listener at 127.0.0.1/34287] INFO  ozone.MiniOzoneClusterImpl (MiniOzoneClusterImpl.java:lambda$waitForClusterToBeReady$0(226)) - Waiting for cluster to exit safe mode
2023-04-21 06:15:55,835 [Listener at 127.0.0.1/34287] INFO  ozone.MiniOzoneClusterImpl (MiniOzoneClusterImpl.java:lambda$waitForClusterToBeReady$0(228)) - SCM became leader
2023-04-21 06:15:55,837 [IPC Server handler 0 on default port 34383] INFO  net.NetworkTopologyImpl (NetworkTopologyImpl.java:add(112)) - Added a new node: /default-rack/5185110e-0819-4d86-8c6f-0fef485f5c1f
2023-04-21 06:15:55,838 [IPC Server handler 0 on default port 34383] INFO  node.SCMNodeManager (SCMNodeManager.java:register(404)) - Registered Data node : 5185110e-0819-4d86-8c6f-0fef485f5c1f{ip: 10.1.0.35, host: fv-az205-422, ports: [HTTP=34381, REPLICATION=42757, RATIS=41319, RATIS_ADMIN=41319, RATIS_SERVER=41319, RATIS_DATASTREAM=40067, STANDALONE=42459], networkLocation: /default-rack, certSerialId: null, persistedOpState: null, persistedOpStateExpiryEpochSec: 0}
2023-04-21 06:15:55,839 [EventQueue-NodeRegistrationContainerReportForDataNodeSafeModeRule] INFO  safemode.SCMSafeModeManager (DataNodeSafeModeRule.java:process(71)) - SCM in safe mode. 1 DataNodes registered, 1 required.
2023-04-21 06:15:55,842 [EventQueue-NewNodeForNewNodeHandler] INFO  pipeline.BackgroundPipelineCreator (BackgroundPipelineCreator.java:notifyEventTriggered(276)) - trigger a one-shot run on RatisPipelineUtilsThread.
2023-04-21 06:15:55,839 [EventQueue-NodeRegistrationContainerReportForContainerSafeModeRule] INFO  safemode.SCMSafeModeManager (SCMSafeModeManager.java:validateSafeModeExitRules(200)) - ContainerSafeModeRule rule is successfully validated
2023-04-21 06:15:55,845 [RatisPipelineUtilsThread - 0] INFO  pipeline.RatisPipelineProvider (RatisPipelineProvider.java:lambda$create$0(206)) - Sending CreatePipelineCommand for pipeline:PipelineID=fe552cd7-efcd-4d9a-8e65-acf33c01fb29 to datanode:5185110e-0819-4d86-8c6f-0fef485f5c1f
2023-04-21 06:15:55,846 [RatisPipelineUtilsThread - 0] INFO  pipeline.PipelineStateManagerImpl (PipelineStateManagerImpl.java:addPipeline(103)) - Created pipeline Pipeline[ Id: fe552cd7-efcd-4d9a-8e65-acf33c01fb29, Nodes: 5185110e-0819-4d86-8c6f-0fef485f5c1f(fv-az205-422/10.1.0.35), ReplicationConfig: RATIS/ONE, State:ALLOCATED, leaderId:, CreationTimestamp2023-04-21T06:15:55.845Z[Etc/UTC]].
2023-04-21 06:15:55,847 [EventQueue-PipelineReportForOneReplicaPipelineSafeModeRule] INFO  safemode.SCMSafeModeManager (SCMSafeModeManager.java:validateSafeModeExitRules(200)) - AtleastOneDatanodeReportedRule rule is successfully validated
2023-04-21 06:15:55,847 [EventQueue-NodeRegistrationContainerReportForDataNodeSafeModeRule] INFO  safemode.SCMSafeModeManager (SCMSafeModeManager.java:validateSafeModeExitRules(200)) - DataNodeSafeModeRule rule is successfully validated
2023-04-21 06:15:55,847 [EventQueue-NodeRegistrationContainerReportForDataNodeSafeModeRule] INFO  safemode.SCMSafeModeManager (SCMSafeModeManager.java:completePreCheck(229)) - All SCM safe mode pre check rules have passed
2023-04-21 06:15:55,847 [EventQueue-NodeRegistrationContainerReportForDataNodeSafeModeRule] INFO  ha.SCMContext (SCMContext.java:updateSafeModeStatus(228)) - Update SafeModeStatus from SafeModeStatus{safeModeStatus=true, preCheckPassed=false} to SafeModeStatus{safeModeStatus=true, preCheckPassed=true}.
2023-04-21 06:15:55,847 [EventQueue-NodeRegistrationContainerReportForDataNodeSafeModeRule] INFO  pipeline.BackgroundPipelineCreator (BackgroundPipelineCreator.java:notifyEventTriggered(276)) - trigger a one-shot run on RatisPipelineUtilsThread.
2023-04-21 06:15:55,847 [RatisPipelineUtilsThread - 0] ERROR scm.SCMCommonPlacementPolicy (SCMCommonPlacementPolicy.java:filterNodesWithSpace(249)) - Unable to find enough nodes that meet the space requirement of 1073741824 bytes for metadata and 5368709120 bytes for data in healthy node set. Required 3. Found 1.
2023-04-21 06:15:56,835 [Listener at 127.0.0.1/34287] INFO  ozone.MiniOzoneClusterImpl (MiniOzoneClusterImpl.java:lambda$waitForClusterToBeReady$0(223)) - Nodes are ready. Got 1 of 1 DN Heartbeats.
2023-04-21 06:15:56,835 [Listener at 127.0.0.1/34287] INFO  ozone.MiniOzoneClusterImpl (MiniOzoneClusterImpl.java:lambda$waitForClusterToBeReady$0(226)) - Waiting for cluster to exit safe mode
2023-04-21 06:15:56,835 [Listener at 127.0.0.1/34287] INFO  ozone.MiniOzoneClusterImpl (MiniOzoneClusterImpl.java:lambda$waitForClusterToBeReady$0(228)) - SCM became leader
2023-04-21 06:15:57,835 [Listener at 127.0.0.1/34287] INFO  ozone.MiniOzoneClusterImpl (MiniOzoneClusterImpl.java:lambda$waitForClusterToBeReady$0(223)) - Nodes are ready. Got 1 of 1 DN Heartbeats.
2023-04-21 06:15:57,835 [Listener at 127.0.0.1/34287] INFO  ozone.MiniOzoneClusterImpl (MiniOzoneClusterImpl.java:lambda$waitForClusterToBeReady$0(226)) - Waiting for cluster to exit safe mode
2023-04-21 06:15:57,835 [Listener at 127.0.0.1/34287] INFO  ozone.MiniOzoneClusterImpl (MiniOzoneClusterImpl.java:lambda$waitForClusterToBeReady$0(228)) - SCM became leader
2023-04-21 06:15:58,836 [Command processor thread] INFO  server.RaftServer (RaftServerProxy.java:addNew(96)) - 5185110e-0819-4d86-8c6f-0fef485f5c1f: addNew group-ACF33C01FB29:[5185110e-0819-4d86-8c6f-0fef485f5c1f|rpc:10.1.0.35:41319|dataStream:10.1.0.35:40067|priority:1|startupRole:FOLLOWER] returns group-ACF33C01FB29:java.util.concurrent.CompletableFuture@72210505[Not completed]
2023-04-21 06:15:58,836 [Listener at 127.0.0.1/34287] INFO  ozone.MiniOzoneClusterImpl (MiniOzoneClusterImpl.java:lambda$waitForClusterToBeReady$0(223)) - Nodes are ready. Got 1 of 1 DN Heartbeats.
2023-04-21 06:15:58,837 [Listener at 127.0.0.1/34287] INFO  ozone.MiniOzoneClusterImpl (MiniOzoneClusterImpl.java:lambda$waitForClusterToBeReady$0(226)) - Waiting for cluster to exit safe mode
2023-04-21 06:15:58,837 [Listener at 127.0.0.1/34287] INFO  ozone.MiniOzoneClusterImpl (MiniOzoneClusterImpl.java:lambda$waitForClusterToBeReady$0(228)) - SCM became leader
2023-04-21 06:15:58,838 [pool-239-thread-1] INFO  server.RaftServer$Division (RaftServerImpl.java:<init>(195)) - 5185110e-0819-4d86-8c6f-0fef485f5c1f: new RaftServerImpl for group-ACF33C01FB29:[5185110e-0819-4d86-8c6f-0fef485f5c1f|rpc:10.1.0.35:41319|dataStream:10.1.0.35:40067|priority:1|startupRole:FOLLOWER] with ContainerStateMachine:uninitialized
2023-04-21 06:15:58,839 [pool-239-thread-1] INFO  server.RaftServerConfigKeys (ConfUtils.java:logGet(46)) - raft.server.rpc.timeout.min = 5s (custom)
2023-04-21 06:15:58,839 [pool-239-thread-1] INFO  server.RaftServerConfigKeys (ConfUtils.java:logGet(46)) - raft.server.rpc.timeout.max = 5200ms (custom)
2023-04-21 06:15:58,839 [pool-239-thread-1] INFO  server.RaftServerConfigKeys (ConfUtils.java:logGet(46)) - raft.server.rpc.sleep.time = 25ms (default)
2023-04-21 06:15:58,839 [pool-239-thread-1] INFO  server.RaftServerConfigKeys (ConfUtils.java:logGet(46)) - raft.server.rpc.slowness.timeout = 300s (custom)
2023-04-21 06:15:58,839 [pool-239-thread-1] INFO  server.RaftServerConfigKeys (ConfUtils.java:logGet(46)) - raft.server.leaderelection.leader.step-down.wait-time = 10s (default)
2023-04-21 06:15:58,839 [pool-239-thread-1] INFO  server.RaftServerConfigKeys (ConfUtils.java:logGet(46)) - raft.server.sleep.deviation.threshold = 300ms (default)
2023-04-21 06:15:58,839 [pool-239-thread-1] INFO  server.RaftServer$Division (ServerState.java:<init>(118)) - 5185110e-0819-4d86-8c6f-0fef485f5c1f@group-ACF33C01FB29: ConfigurationManager, init=-1: peers:[5185110e-0819-4d86-8c6f-0fef485f5c1f|rpc:10.1.0.35:41319|dataStream:10.1.0.35:40067|priority:1|startupRole:FOLLOWER]|listeners:[], old=null, confs=<EMPTY_MAP>
2023-04-21 06:15:58,839 [pool-239-thread-1] INFO  server.RaftServerConfigKeys (ConfUtils.java:logGet(46)) - raft.server.storage.dir = [/home/runner/work/ozone/ozone/hadoop-ozone/integration-test/target/test-dir/MiniOzoneClusterImpl-be0e5d40-2025-4c2a-a75a-cd4ecf305d30/datanode-0/data/ratis] (custom)
2023-04-21 06:15:58,839 [pool-239-thread-1] INFO  server.RaftServerConfigKeys (ConfUtils.java:logGet(46)) - raft.server.log.corruption.policy = EXCEPTION (default)
2023-04-21 06:15:58,839 [pool-239-thread-1] INFO  server.RaftServerConfigKeys (ConfUtils.java:logGet(46)) - raft.server.storage.free-space.min = 0MB (=0) (default)
2023-04-21 06:15:58,839 [pool-239-thread-1] INFO  server.RaftServerConfigKeys (ConfUtils.java:logGet(46)) - raft.server.notification.no-leader.timeout = 300s (custom)
2023-04-21 06:15:58,839 [pool-239-thread-1] INFO  server.RaftServerConfigKeys (ConfUtils.java:logGet(46)) - raft.server.retrycache.expirytime = 600000ms (custom)
2023-04-21 06:15:58,839 [pool-239-thread-1] INFO  server.RaftServerConfigKeys (ConfUtils.java:logGet(46)) - raft.server.retrycache.statistics.expirytime = 100μs (default)
2023-04-21 06:15:58,840 [pool-239-thread-1] INFO  server.RaftServerConfigKeys (ConfUtils.java:logGet(46)) - raft.server.log.appender.install.snapshot.enabled = false (custom)
2023-04-21 06:15:58,840 [pool-239-thread-1] INFO  server.RaftServerConfigKeys (ConfUtils.java:logGet(46)) - raft.server.threadpool.server.cached = true (default)
2023-04-21 06:15:58,840 [pool-239-thread-1] INFO  server.RaftServerConfigKeys (ConfUtils.java:logGet(46)) - raft.server.threadpool.server.size = 0 (default)
2023-04-21 06:15:58,840 [pool-239-thread-1] INFO  server.RaftServerConfigKeys (ConfUtils.java:logGet(46)) - raft.server.threadpool.client.cached = true (default)
2023-04-21 06:15:58,840 [pool-239-thread-1] INFO  server.RaftServerConfigKeys (ConfUtils.java:logGet(46)) - raft.server.threadpool.client.size = 0 (default)
2023-04-21 06:15:58,840 [pool-239-thread-1] INFO  storage.RaftStorageDirectory (RaftStorageDirectoryImpl.java:analyzeStorage(137)) - The storage directory /home/runner/work/ozone/ozone/hadoop-ozone/integration-test/target/test-dir/MiniOzoneClusterImpl-be0e5d40-2025-4c2a-a75a-cd4ecf305d30/datanode-0/data/ratis/fe552cd7-efcd-4d9a-8e65-acf33c01fb29 does not exist. Creating ...
2023-04-21 06:15:58,845 [pool-239-thread-1] INFO  storage.RaftStorageDirectory (RaftStorageDirectoryImpl.java:tryLock(231)) - Lock on /home/runner/work/ozone/ozone/hadoop-ozone/integration-test/target/test-dir/MiniOzoneClusterImpl-be0e5d40-2025-4c2a-a75a-cd4ecf305d30/datanode-0/data/ratis/fe552cd7-efcd-4d9a-8e65-acf33c01fb29/in_use.lock acquired by nodename 2764@fv-az205-422
2023-04-21 06:15:58,847 [pool-239-thread-1] INFO  storage.RaftStorage (RaftStorageImpl.java:format(96)) - Storage directory /home/runner/work/ozone/ozone/hadoop-ozone/integration-test/target/test-dir/MiniOzoneClusterImpl-be0e5d40-2025-4c2a-a75a-cd4ecf305d30/datanode-0/data/ratis/fe552cd7-efcd-4d9a-8e65-acf33c01fb29 has been successfully formatted.
2023-04-21 06:15:58,847 [pool-239-thread-1] INFO  ratis.ContainerStateMachine (ContainerStateMachine.java:loadSnapshot(262)) - group-ACF33C01FB29: The snapshot info is null. Setting the last applied indexto:(t:0, i:~)
2023-04-21 06:15:58,847 [pool-239-thread-1] INFO  server.RaftServerConfigKeys (ConfUtils.java:logGet(46)) - raft.server.log.use.memory = false (default)
2023-04-21 06:15:58,847 [pool-239-thread-1] INFO  server.RaftServerConfigKeys (ConfUtils.java:logGet(46)) - raft.server.log.purge.gap = 1000000 (custom)
2023-04-21 06:15:58,847 [pool-239-thread-1] INFO  server.RaftServerConfigKeys (ConfUtils.java:logGet(46)) - raft.server.log.appender.buffer.byte-limit = 33554432 (custom)
2023-04-21 06:15:58,847 [pool-239-thread-1] INFO  server.RaftServerConfigKeys (ConfUtils.java:logGet(46)) - raft.server.log.statemachine.data.read.timeout = 1000ms (default)
2023-04-21 06:15:58,847 [pool-239-thread-1] INFO  server.RaftServerConfigKeys (ConfUtils.java:logGet(46)) - raft.server.log.purge.preservation.log.num = 0 (default)
2023-04-21 06:15:58,848 [pool-239-thread-1] INFO  server.RaftServerConfigKeys (ConfUtils.java:logGet(46)) - raft.server.log.segment.size.max = 1048576 (custom)
2023-04-21 06:15:58,848 [pool-239-thread-1] INFO  server.RaftServerConfigKeys (ConfUtils.java:logGet(46)) - raft.server.log.segment.cache.num.max = 2 (custom)
2023-04-21 06:15:58,848 [pool-239-thread-1] INFO  server.RaftServerConfigKeys (ConfUtils.java:logGet(46)) - raft.server.log.segment.cache.size.max = 200MB (=209715200) (default)
2023-04-21 06:15:58,848 [pool-239-thread-1] INFO  segmented.SegmentedRaftLogWorker (SegmentedRaftLogWorker.java:<init>(189)) - new 5185110e-0819-4d86-8c6f-0fef485f5c1f@group-ACF33C01FB29-SegmentedRaftLogWorker for RaftStorageImpl:Storage Directory /home/runner/work/ozone/ozone/hadoop-ozone/integration-test/target/test-dir/MiniOzoneClusterImpl-be0e5d40-2025-4c2a-a75a-cd4ecf305d30/datanode-0/data/ratis/fe552cd7-efcd-4d9a-8e65-acf33c01fb29
2023-04-21 06:15:58,848 [pool-239-thread-1] INFO  server.RaftServerConfigKeys (ConfUtils.java:logGet(46)) - raft.server.log.queue.byte-limit = 4294967296 (custom)
2023-04-21 06:15:58,848 [pool-239-thread-1] INFO  server.RaftServerConfigKeys (ConfUtils.java:logGet(46)) - raft.server.log.queue.element-limit = 1024 (custom)
2023-04-21 06:15:58,848 [pool-239-thread-1] INFO  server.RaftServerConfigKeys (ConfUtils.java:logGet(46)) - raft.server.log.segment.size.max = 1048576 (custom)
2023-04-21 06:15:58,848 [pool-239-thread-1] INFO  server.RaftServerConfigKeys (ConfUtils.java:logGet(46)) - raft.server.log.preallocated.size = 16384 (custom)
2023-04-21 06:15:58,848 [pool-239-thread-1] INFO  server.RaftServerConfigKeys (ConfUtils.java:logGet(46)) - raft.server.log.force.sync.num = 128 (default)
2023-04-21 06:15:58,848 [pool-239-thread-1] INFO  server.RaftServerConfigKeys (ConfUtils.java:logGet(46)) - raft.server.log.statemachine.data.sync = true (default)
2023-04-21 06:15:58,848 [pool-239-thread-1] INFO  server.RaftServerConfigKeys (ConfUtils.java:logGet(46)) - raft.server.log.statemachine.data.sync.timeout = 10s (default)
2023-04-21 06:15:58,848 [pool-239-thread-1] INFO  server.RaftServerConfigKeys (ConfUtils.java:logGet(46)) - raft.server.log.statemachine.data.sync.timeout.retry = -1 (default)
2023-04-21 06:15:58,849 [pool-239-thread-1] INFO  server.RaftServerConfigKeys (ConfUtils.java:logGet(46)) - raft.server.log.write.buffer.size = 1048576 (custom)
2023-04-21 06:15:58,849 [pool-239-thread-1] INFO  server.RaftServerConfigKeys (ConfUtils.java:logGet(46)) - raft.server.log.appender.buffer.byte-limit = 33554432 (custom)
2023-04-21 06:15:58,855 [pool-239-thread-1] INFO  server.RaftServerConfigKeys (ConfUtils.java:logGet(46)) - raft.server.log.unsafe-flush.enabled = false (default)
2023-04-21 06:15:58,855 [pool-239-thread-1] INFO  server.RaftServerConfigKeys (ConfUtils.java:logGet(46)) - raft.server.log.async-flush.enabled = false (default)
2023-04-21 06:15:58,855 [pool-239-thread-1] INFO  server.RaftServerConfigKeys (ConfUtils.java:logGet(46)) - raft.server.log.statemachine.data.caching.enabled = true (custom)
2023-04-21 06:15:58,856 [EventQueue-PipelineReportForPipelineReportHandler] INFO  pipeline.PipelineManagerImpl (PipelineManagerImpl.java:openPipeline(367)) - Pipeline Pipeline[ Id: fe552cd7-efcd-4d9a-8e65-acf33c01fb29, Nodes: 5185110e-0819-4d86-8c6f-0fef485f5c1f(fv-az205-422/10.1.0.35), ReplicationConfig: RATIS/ONE, State:ALLOCATED, leaderId:5185110e-0819-4d86-8c6f-0fef485f5c1f, CreationTimestamp2023-04-21T06:15:55.845Z[Etc/UTC]] moved to OPEN state
2023-04-21 06:15:58,856 [pool-239-thread-1] INFO  segmented.SegmentedRaftLogWorker (SegmentedRaftLogWorker.java:lambda$new$0(135)) - 5185110e-0819-4d86-8c6f-0fef485f5c1f@group-ACF33C01FB29-SegmentedRaftLogWorker: flushIndex: setUnconditionally 0 -> -1
2023-04-21 06:15:58,856 [pool-239-thread-1] INFO  segmented.SegmentedRaftLogWorker (SegmentedRaftLogWorker.java:lambda$new$0(135)) - 5185110e-0819-4d86-8c6f-0fef485f5c1f@group-ACF33C01FB29-SegmentedRaftLogWorker: safeCacheEvictIndex: setUnconditionally 0 -> -1
2023-04-21 06:15:58,857 [pool-239-thread-1] INFO  server.RaftServer$Division (RaftServerImpl.java:start(334)) - 5185110e-0819-4d86-8c6f-0fef485f5c1f@group-ACF33C01FB29: start as a follower, conf=-1: peers:[5185110e-0819-4d86-8c6f-0fef485f5c1f|rpc:10.1.0.35:41319|dataStream:10.1.0.35:40067|priority:1|startupRole:FOLLOWER]|listeners:[], old=null
2023-04-21 06:15:58,857 [pool-239-thread-1] INFO  server.RaftServer$Division (RaftServerImpl.java:setRole(321)) - 5185110e-0819-4d86-8c6f-0fef485f5c1f@group-ACF33C01FB29: changes role from      null to FOLLOWER at term 0 for startAsFollower
2023-04-21 06:15:58,857 [pool-239-thread-1] INFO  impl.RoleInfo (RoleInfo.java:updateAndGet(139)) - 5185110e-0819-4d86-8c6f-0fef485f5c1f: start 5185110e-0819-4d86-8c6f-0fef485f5c1f@group-ACF33C01FB29-FollowerState
2023-04-21 06:15:58,862 [pool-239-thread-1] INFO  util.JmxRegister (JmxRegister.java:tryRegister(44)) - Successfully registered JMX Bean with object name Ratis:service=RaftServer,group=group-ACF33C01FB29,id=5185110e-0819-4d86-8c6f-0fef485f5c1f
2023-04-21 06:15:58,862 [5185110e-0819-4d86-8c6f-0fef485f5c1f@group-ACF33C01FB29-FollowerState] INFO  server.RaftServerConfigKeys (ConfUtils.java:logFallback(53)) - raft.server.rpc.first-election.timeout.min = 5s (fallback to raft.server.rpc.timeout.min)
2023-04-21 06:15:58,862 [pool-239-thread-1] INFO  server.RaftServerConfigKeys (ConfUtils.java:logGet(46)) - raft.server.snapshot.auto.trigger.enabled = true (custom)
2023-04-21 06:15:58,862 [EventQueue-OpenPipelineForHealthyPipelineSafeModeRule] INFO  safemode.SCMSafeModeManager (SCMSafeModeManager.java:validateSafeModeExitRules(200)) - HealthyPipelineSafeModeRule rule is successfully validated
2023-04-21 06:15:58,862 [5185110e-0819-4d86-8c6f-0fef485f5c1f@group-ACF33C01FB29-FollowerState] INFO  server.RaftServerConfigKeys (ConfUtils.java:logFallback(53)) - raft.server.rpc.first-election.timeout.max = 5200ms (fallback to raft.server.rpc.timeout.max)
2023-04-21 06:15:58,862 [EventQueue-OpenPipelineForHealthyPipelineSafeModeRule] INFO  safemode.SCMSafeModeManager (SCMSafeModeManager.java:validateSafeModeExitRules(215)) - ScmSafeModeManager, all rules are successfully validated
2023-04-21 06:15:58,862 [EventQueue-OpenPipelineForHealthyPipelineSafeModeRule] INFO  safemode.SCMSafeModeManager (SCMSafeModeManager.java:exitSafeMode(244)) - SCM exiting safe mode.
2023-04-21 06:15:58,862 [pool-239-thread-1] INFO  server.RaftServerConfigKeys (ConfUtils.java:logGet(46)) - raft.server.snapshot.auto.trigger.threshold = 10000 (custom)
2023-04-21 06:15:58,862 [EventQueue-OpenPipelineForHealthyPipelineSafeModeRule] INFO  ha.SCMContext (SCMContext.java:updateSafeModeStatus(228)) - Update SafeModeStatus from SafeModeStatus{safeModeStatus=true, preCheckPassed=true} to SafeModeStatus{safeModeStatus=false, preCheckPassed=true}.
2023-04-21 06:15:58,863 [EventQueue-OpenPipelineForHealthyPipelineSafeModeRule] INFO  pipeline.BackgroundPipelineCreator (BackgroundPipelineCreator.java:notifyStatusChanged(254)) - Service BackgroundPipelineCreator transitions to RUNNING.
2023-04-21 06:15:58,863 [EventQueue-OpenPipelineForHealthyPipelineSafeModeRule] INFO  BackgroundPipelineScrubber (BackgroundSCMService.java:notifyStatusChanged(82)) - Service BackgroundPipelineScrubber transitions to RUNNING.
2023-04-21 06:15:58,863 [EventQueue-OpenPipelineForHealthyPipelineSafeModeRule] INFO  ExpiredContainerReplicaOpScrubber (BackgroundSCMService.java:notifyStatusChanged(82)) - Service ExpiredContainerReplicaOpScrubber transitions to RUNNING.
2023-04-21 06:15:58,863 [EventQueue-OpenPipelineForHealthyPipelineSafeModeRule] INFO  replication.ReplicationManager (ReplicationManager.java:notifyStatusChanged(1371)) - Service ReplicationManager transitions to RUNNING.
2023-04-21 06:15:58,863 [EventQueue-OpenPipelineForHealthyPipelineSafeModeRule] WARN  balancer.ContainerBalancer (ContainerBalancer.java:shouldRun(132)) - Could not find persisted configuration for ContainerBalancer when checking if ContainerBalancer should run. ContainerBalancer should not run now.
2023-04-21 06:15:58,862 [pool-239-thread-1] INFO  server.RaftServerConfigKeys (ConfUtils.java:logGet(46)) - raft.server.snapshot.retention.file.num = 5 (custom)
2023-04-21 06:15:58,865 [pool-239-thread-1] INFO  server.RaftServerConfigKeys (ConfUtils.java:logGet(46)) - raft.server.log.purge.upto.snapshot.index = false (default)
2023-04-21 06:15:58,865 [Command processor thread] INFO  ratis.XceiverServerRatis (XceiverServerRatis.java:addGroup(806)) - Created group PipelineID=fe552cd7-efcd-4d9a-8e65-acf33c01fb29
2023-04-21 06:15:58,865 [Command processor thread] INFO  commandhandler.CreatePipelineCommandHandler (CreatePipelineCommandHandler.java:handle(113)) - Created Pipeline RATIS ONE PipelineID=fe552cd7-efcd-4d9a-8e65-acf33c01fb29.
2023-04-21 06:15:59,837 [Listener at 127.0.0.1/34287] INFO  ozone.MiniOzoneClusterImpl (MiniOzoneClusterImpl.java:lambda$waitForClusterToBeReady$0(223)) - Nodes are ready. Got 1 of 1 DN Heartbeats.
2023-04-21 06:15:59,837 [Listener at 127.0.0.1/34287] INFO  ozone.MiniOzoneClusterImpl (MiniOzoneClusterImpl.java:lambda$waitForClusterToBeReady$0(226)) - Cluster exits safe mode
2023-04-21 06:15:59,837 [Listener at 127.0.0.1/34287] INFO  ozone.MiniOzoneClusterImpl (MiniOzoneClusterImpl.java:lambda$waitForClusterToBeReady$0(228)) - SCM became leader
2023-04-21 06:15:59,855 [Listener at 127.0.0.1/34287] INFO  rpc.RpcClient (RpcClient.java:createVolume(476)) - Creating Volume: volume31214, with user84749 as owner and space quota set to -1 bytes, counts quota set to -1
2023-04-21 06:15:59,868 [OM StateMachine ApplyTransaction Thread - 0] INFO  volume.OMVolumeCreateRequest (OMVolumeCreateRequest.java:validateAndUpdateCache(195)) - created volume:volume31214 for user:user84749
2023-04-21 06:15:59,874 [Listener at 127.0.0.1/34287] INFO  rpc.RpcClient (RpcClient.java:createBucket(698)) - Creating Bucket: volume31214/bucket65286, with bucket layout LEGACY, runner as owner, Versioning false, Storage Type set to DISK and Encryption set to false, Replication Type set to server-side default replication type, Namespace Quota set to -1, Space Quota set to -1 
2023-04-21 06:15:59,879 [OM StateMachine ApplyTransaction Thread - 0] INFO  bucket.OMBucketCreateRequest (OMBucketCreateRequest.java:validateAndUpdateCache(269)) - created bucket: bucket65286 of layout LEGACY in volume: volume31214
2023-04-21 06:15:59,890 [IPC Server handler 1 on default port 43001] INFO  ha.SequenceIdGenerator (SequenceIdGenerator.java:getNextId(128)) - Allocate a batch for containerId, change lastId from 0 to 1000.
2023-04-21 06:15:59,891 [IPC Server handler 1 on default port 43001] WARN  ha.SequenceIdGenerator (SequenceIdGenerator.java:allocateBatch(237)) - Failed to allocate a batch for localId, expected lastId is 0, actual lastId is 111677748019200000.
2023-04-21 06:15:59,891 [IPC Server handler 1 on default port 43001] INFO  ha.SequenceIdGenerator (SequenceIdGenerator.java:getNextId(128)) - Allocate a batch for localId, change lastId from 111677748019200000 to 111677748019201000.
2023-04-21 06:16:04,013 [5185110e-0819-4d86-8c6f-0fef485f5c1f@group-ACF33C01FB29-FollowerState] INFO  impl.FollowerState (FollowerState.java:run(143)) - 5185110e-0819-4d86-8c6f-0fef485f5c1f@group-ACF33C01FB29-FollowerState: change to CANDIDATE, lastRpcElapsedTime:5156274641ns, electionTimeout:5151ms
2023-04-21 06:16:04,014 [5185110e-0819-4d86-8c6f-0fef485f5c1f@group-ACF33C01FB29-FollowerState] INFO  impl.RoleInfo (RoleInfo.java:shutdownFollowerState(110)) - 5185110e-0819-4d86-8c6f-0fef485f5c1f: shutdown 5185110e-0819-4d86-8c6f-0fef485f5c1f@group-ACF33C01FB29-FollowerState
2023-04-21 06:16:04,014 [5185110e-0819-4d86-8c6f-0fef485f5c1f@group-ACF33C01FB29-FollowerState] INFO  server.RaftServer$Division (RaftServerImpl.java:setRole(321)) - 5185110e-0819-4d86-8c6f-0fef485f5c1f@group-ACF33C01FB29: changes role from  FOLLOWER to CANDIDATE at term 0 for changeToCandidate
2023-04-21 06:16:04,014 [5185110e-0819-4d86-8c6f-0fef485f5c1f@group-ACF33C01FB29-FollowerState] INFO  server.RaftServerConfigKeys (ConfUtils.java:logGet(46)) - raft.server.leaderelection.pre-vote = true (default)
2023-04-21 06:16:04,014 [5185110e-0819-4d86-8c6f-0fef485f5c1f@group-ACF33C01FB29-FollowerState] INFO  impl.RoleInfo (RoleInfo.java:updateAndGet(139)) - 5185110e-0819-4d86-8c6f-0fef485f5c1f: start 5185110e-0819-4d86-8c6f-0fef485f5c1f@group-ACF33C01FB29-LeaderElection9
2023-04-21 06:16:04,020 [5185110e-0819-4d86-8c6f-0fef485f5c1f@group-ACF33C01FB29-LeaderElection9] INFO  impl.LeaderElection (LeaderElection.java:askForVotes(312)) - 5185110e-0819-4d86-8c6f-0fef485f5c1f@group-ACF33C01FB29-LeaderElection9 PRE_VOTE round 0: submit vote requests at term 0 for -1: peers:[5185110e-0819-4d86-8c6f-0fef485f5c1f|rpc:10.1.0.35:41319|dataStream:10.1.0.35:40067|priority:1|startupRole:FOLLOWER]|listeners:[], old=null
2023-04-21 06:16:04,020 [5185110e-0819-4d86-8c6f-0fef485f5c1f@group-ACF33C01FB29-LeaderElection9] INFO  impl.LeaderElection (LeaderElection.java:askForVotes(314)) - 5185110e-0819-4d86-8c6f-0fef485f5c1f@group-ACF33C01FB29-LeaderElection9 PRE_VOTE round 0: result PASSED (term=0)
2023-04-21 06:16:04,022 [5185110e-0819-4d86-8c6f-0fef485f5c1f@group-ACF33C01FB29-LeaderElection9] INFO  impl.LeaderElection (LeaderElection.java:askForVotes(312)) - 5185110e-0819-4d86-8c6f-0fef485f5c1f@group-ACF33C01FB29-LeaderElection9 ELECTION round 0: submit vote requests at term 1 for -1: peers:[5185110e-0819-4d86-8c6f-0fef485f5c1f|rpc:10.1.0.35:41319|dataStream:10.1.0.35:40067|priority:1|startupRole:FOLLOWER]|listeners:[], old=null
2023-04-21 06:16:04,022 [5185110e-0819-4d86-8c6f-0fef485f5c1f@group-ACF33C01FB29-LeaderElection9] INFO  impl.LeaderElection (LeaderElection.java:askForVotes(314)) - 5185110e-0819-4d86-8c6f-0fef485f5c1f@group-ACF33C01FB29-LeaderElection9 ELECTION round 0: result PASSED (term=1)
2023-04-21 06:16:04,022 [5185110e-0819-4d86-8c6f-0fef485f5c1f@group-ACF33C01FB29-LeaderElection9] INFO  impl.RoleInfo (RoleInfo.java:shutdownLeaderElection(130)) - 5185110e-0819-4d86-8c6f-0fef485f5c1f: shutdown 5185110e-0819-4d86-8c6f-0fef485f5c1f@group-ACF33C01FB29-LeaderElection9
2023-04-21 06:16:04,022 [5185110e-0819-4d86-8c6f-0fef485f5c1f@group-ACF33C01FB29-LeaderElection9] INFO  server.RaftServer$Division (RaftServerImpl.java:setRole(321)) - 5185110e-0819-4d86-8c6f-0fef485f5c1f@group-ACF33C01FB29: changes role from CANDIDATE to LEADER at term 1 for changeToLeader
2023-04-21 06:16:04,022 [5185110e-0819-4d86-8c6f-0fef485f5c1f@group-ACF33C01FB29-LeaderElection9] INFO  ratis.XceiverServerRatis (XceiverServerRatis.java:handleLeaderChangedNotification(904)) - Leader change notification received for group: group-ACF33C01FB29 with new leaderId: 5185110e-0819-4d86-8c6f-0fef485f5c1f
2023-04-21 06:16:04,022 [5185110e-0819-4d86-8c6f-0fef485f5c1f@group-ACF33C01FB29-LeaderElection9] INFO  server.RaftServer$Division (ServerState.java:setLeader(313)) - 5185110e-0819-4d86-8c6f-0fef485f5c1f@group-ACF33C01FB29: change Leader from null to 5185110e-0819-4d86-8c6f-0fef485f5c1f at term 1 for becomeLeader, leader elected after 5183ms
2023-04-21 06:16:04,023 [5185110e-0819-4d86-8c6f-0fef485f5c1f@group-ACF33C01FB29-LeaderElection9] INFO  server.RaftServerConfigKeys (ConfUtils.java:logGet(46)) - raft.server.staging.catchup.gap = 1000 (default)
2023-04-21 06:16:04,023 [5185110e-0819-4d86-8c6f-0fef485f5c1f@group-ACF33C01FB29-LeaderElection9] INFO  server.RaftServerConfigKeys (ConfUtils.java:logGet(46)) - raft.server.write.element-limit = 1024 (custom)
2023-04-21 06:16:04,023 [5185110e-0819-4d86-8c6f-0fef485f5c1f@group-ACF33C01FB29-LeaderElection9] INFO  server.RaftServerConfigKeys (ConfUtils.java:logGet(46)) - raft.server.write.byte-limit = 1024 M (=1073741824) (custom)
2023-04-21 06:16:04,023 [5185110e-0819-4d86-8c6f-0fef485f5c1f@group-ACF33C01FB29-LeaderElection9] INFO  server.RaftServerConfigKeys (ConfUtils.java:logGet(46)) - raft.server.watch.timeout = 180s (custom)
2023-04-21 06:16:04,023 [5185110e-0819-4d86-8c6f-0fef485f5c1f@group-ACF33C01FB29-LeaderElection9] INFO  server.RaftServerConfigKeys (ConfUtils.java:logGet(46)) - raft.server.watch.timeout.denomination = 1s (default)
2023-04-21 06:16:04,023 [5185110e-0819-4d86-8c6f-0fef485f5c1f@group-ACF33C01FB29-LeaderElection9] INFO  server.RaftServerConfigKeys (ConfUtils.java:logGet(46)) - raft.server.watch.element-limit = 65536 (default)
2023-04-21 06:16:04,023 [5185110e-0819-4d86-8c6f-0fef485f5c1f@group-ACF33C01FB29-LeaderElection9] INFO  server.RaftServerConfigKeys (ConfUtils.java:logGet(46)) - raft.server.write.element-limit = 1024 (custom)
2023-04-21 06:16:04,023 [5185110e-0819-4d86-8c6f-0fef485f5c1f@group-ACF33C01FB29-LeaderElection9] INFO  server.RaftServerConfigKeys (ConfUtils.java:logGet(46)) - raft.server.write.follower.gap.ratio.max = -1.0 (default)
2023-04-21 06:16:04,024 [5185110e-0819-4d86-8c6f-0fef485f5c1f@group-ACF33C01FB29-LeaderElection9] INFO  impl.RoleInfo (RoleInfo.java:updateAndGet(139)) - 5185110e-0819-4d86-8c6f-0fef485f5c1f: start 5185110e-0819-4d86-8c6f-0fef485f5c1f@group-ACF33C01FB29-LeaderStateImpl
2023-04-21 06:16:04,025 [5185110e-0819-4d86-8c6f-0fef485f5c1f@group-ACF33C01FB29-LeaderElection9] INFO  segmented.SegmentedRaftLogWorker (SegmentedRaftLogWorker.java:startLogSegment(452)) - 5185110e-0819-4d86-8c6f-0fef485f5c1f@group-ACF33C01FB29-SegmentedRaftLogWorker: Starting segment from index:0
2023-04-21 06:16:04,029 [5185110e-0819-4d86-8c6f-0fef485f5c1f@group-ACF33C01FB29-LeaderElection9] INFO  server.RaftServer$Division (ServerState.java:setRaftConf(430)) - 5185110e-0819-4d86-8c6f-0fef485f5c1f@group-ACF33C01FB29: set configuration 0: peers:[5185110e-0819-4d86-8c6f-0fef485f5c1f|rpc:10.1.0.35:41319|dataStream:10.1.0.35:40067|priority:1|startupRole:FOLLOWER]|listeners:[], old=null
2023-04-21 06:16:04,033 [5185110e-0819-4d86-8c6f-0fef485f5c1f@group-ACF33C01FB29-SegmentedRaftLogWorker] INFO  segmented.SegmentedRaftLogWorker (SegmentedRaftLogWorker.java:execute(656)) - 5185110e-0819-4d86-8c6f-0fef485f5c1f@group-ACF33C01FB29-SegmentedRaftLogWorker: created new log segment /home/runner/work/ozone/ozone/hadoop-ozone/integration-test/target/test-dir/MiniOzoneClusterImpl-be0e5d40-2025-4c2a-a75a-cd4ecf305d30/datanode-0/data/ratis/fe552cd7-efcd-4d9a-8e65-acf33c01fb29/current/log_inprogress_0
2023-04-21 06:16:17,735 [Listener at 127.0.0.1/34287] INFO  ha.SequenceIdGenerator (SequenceIdGenerator.java:getNextId(128)) - Allocate a batch for delTxnId, change lastId from 0 to 1000.
2023-04-21 06:16:17,799 [SCMBlockDeletingService#0] INFO  block.SCMBlockDeletingService (SCMBlockDeletingService.java:call(198)) - Totally added 2 blocks to be deleted for 1 datanodes, task elapsed time: 0ms
2023-04-21 06:16:18,237 [Listener at 127.0.0.1/34287] INFO  ozone.MiniOzoneClusterImpl (MiniOzoneClusterImpl.java:shutdown(456)) - Shutting down the Mini Ozone Cluster
2023-04-21 06:16:18,238 [Listener at 127.0.0.1/34287] INFO  ozone.MiniOzoneClusterImpl (MiniOzoneClusterImpl.java:stop(474)) - Stopping the Mini Ozone Cluster
2023-04-21 06:16:18,238 [Listener at 127.0.0.1/34287] INFO  ozone.MiniOzoneClusterImpl (MiniOzoneClusterImpl.java:stopOM(560)) - Stopping the OzoneManager
2023-04-21 06:16:18,238 [Listener at 127.0.0.1/34287] INFO  om.OzoneManager (OzoneManager.java:stop(2154)) - om1[localhost:0]: Stopping Ozone Manager
2023-04-21 06:16:18,238 [Listener at 127.0.0.1/34287] INFO  ipc.Server (Server.java:stop(3501)) - Stopping server on 34287
2023-04-21 06:16:18,239 [IPC Server listener on 0] INFO  ipc.Server (Server.java:run(1430)) - Stopping IPC Server listener on 0
2023-04-21 06:16:18,245 [IPC Server Responder] INFO  ipc.Server (Server.java:run(1563)) - Stopping IPC Server Responder
2023-04-21 06:16:18,245 [Listener at 127.0.0.1/34287] INFO  server.RaftServer (RaftServerProxy.java:lambda$close$6(409)) - om1: close
2023-04-21 06:16:18,245 [Listener at 127.0.0.1/34287] INFO  server.GrpcService (GrpcService.java:closeImpl(271)) - om1: shutdown server GrpcServerProtocolService now
2023-04-21 06:16:18,245 [om1-impl-thread1] INFO  server.RaftServer$Division (RaftServerImpl.java:lambda$close$4(458)) - om1@group-C5BA1605619E: shutdown
2023-04-21 06:16:18,245 [om1-impl-thread1] INFO  util.JmxRegister (JmxRegister.java:unregister(73)) - Successfully un-registered JMX Bean with object name Ratis:service=RaftServer,group=group-C5BA1605619E,id=om1
2023-04-21 06:16:18,245 [om1-impl-thread1] INFO  impl.RoleInfo (RoleInfo.java:shutdownLeaderState(93)) - om1: shutdown om1@group-C5BA1605619E-LeaderStateImpl
2023-04-21 06:16:18,246 [om1-impl-thread1] INFO  impl.PendingRequests (PendingRequests.java:sendNotLeaderResponses(282)) - om1@group-C5BA1605619E-PendingRequests: sendNotLeaderResponses
2023-04-21 06:16:18,248 [om1-impl-thread1] INFO  impl.StateMachineUpdater (StateMachineUpdater.java:stopAndJoin(153)) - om1@group-C5BA1605619E-StateMachineUpdater: set stopIndex = 64
2023-04-21 06:16:18,248 [Listener at 127.0.0.1/34287] INFO  server.GrpcService (GrpcService.java:closeImpl(280)) - om1: shutdown server GrpcServerProtocolService successfully
2023-04-21 06:16:18,248 [om1@group-C5BA1605619E-StateMachineUpdater] INFO  ratis.OzoneManagerStateMachine (OzoneManagerStateMachine.java:takeSnapshot(453)) - Current Snapshot Index (t:1, i:64)
2023-04-21 06:16:18,269 [om1@group-C5BA1605619E-StateMachineUpdater] INFO  impl.StateMachineUpdater (StateMachineUpdater.java:takeSnapshot(287)) - om1@group-C5BA1605619E-StateMachineUpdater: Took a snapshot at index 64
2023-04-21 06:16:18,269 [om1@group-C5BA1605619E-StateMachineUpdater] INFO  impl.StateMachineUpdater (StateMachineUpdater.java:lambda$new$0(92)) - om1@group-C5BA1605619E-StateMachineUpdater: snapshotIndex: updateIncreasingly -1 -> 64
2023-04-21 06:16:18,269 [om1@group-C5BA1605619E-StateMachineUpdater] INFO  ratis.OzoneManagerStateMachine (OzoneManagerStateMachine.java:close(507)) - StateMachine has shutdown. Shutdown OzoneManager if not already shutdown.
2023-04-21 06:16:18,269 [om1@group-C5BA1605619E-StateMachineUpdater] INFO  ratis.OzoneManagerDoubleBuffer (OzoneManagerDoubleBuffer.java:stopDaemon(540)) - Stopping OMDoubleBuffer flush thread
2023-04-21 06:16:18,269 [OMDoubleBufferFlushThread] INFO  ratis.OzoneManagerDoubleBuffer (OzoneManagerDoubleBuffer.java:canFlush(625)) - OMDoubleBuffer flush thread OMDoubleBufferFlushThread is interrupted and will exit.
2023-04-21 06:16:18,270 [om1-impl-thread1] INFO  server.RaftServer$Division (ServerState.java:close(466)) - om1@group-C5BA1605619E: closes. applyIndex: 64
2023-04-21 06:16:18,270 [om1@group-C5BA1605619E-SegmentedRaftLogWorker] INFO  segmented.SegmentedRaftLogWorker (SegmentedRaftLogWorker.java:run(347)) - om1@group-C5BA1605619E-SegmentedRaftLogWorker was interrupted, exiting. There are 0 tasks remaining in the queue.
2023-04-21 06:16:18,271 [om1-impl-thread1] INFO  segmented.SegmentedRaftLogWorker (SegmentedRaftLogWorker.java:close(257)) - om1@group-C5BA1605619E-SegmentedRaftLogWorker close()
2023-04-21 06:16:18,272 [JvmPauseMonitor4] INFO  util.JvmPauseMonitor (JvmPauseMonitor.java:run(111)) - JvmPauseMonitor-om1: Stopped
2023-04-21 06:16:18,272 [Listener at 127.0.0.1/34287] INFO  ratis.OzoneManagerStateMachine (OzoneManagerStateMachine.java:close(507)) - StateMachine has shutdown. Shutdown OzoneManager if not already shutdown.
2023-04-21 06:16:18,272 [Listener at 127.0.0.1/34287] INFO  ratis.OzoneManagerDoubleBuffer (OzoneManagerDoubleBuffer.java:stopDaemon(549)) - OMDoubleBuffer flush thread is not running.
2023-04-21 06:16:18,272 [Listener at 127.0.0.1/34287] INFO  utils.BackgroundService (BackgroundService.java:shutdown(141)) - Shutting down service KeyDeletingService
2023-04-21 06:16:18,272 [Listener at 127.0.0.1/34287] INFO  utils.BackgroundService (BackgroundService.java:shutdown(141)) - Shutting down service KeyDeletingService
2023-04-21 06:16:18,273 [Listener at 127.0.0.1/34287] INFO  utils.BackgroundService (BackgroundService.java:shutdown(141)) - Shutting down service OpenKeyCleanupService
2023-04-21 06:16:18,273 [Listener at 127.0.0.1/34287] INFO  utils.BackgroundService (BackgroundService.java:shutdown(141)) - Shutting down service SstFilteringService
2023-04-21 06:16:18,275 [Listener at 127.0.0.1/34287] INFO  utils.BackgroundService (BackgroundService.java:shutdown(141)) - Shutting down service SnapshotDeletingService
2023-04-21 06:16:18,276 [Listener at 127.0.0.1/34287] INFO  handler.ContextHandler (ContextHandler.java:doStop(1159)) - Stopped o.e.j.w.WebAppContext@4380198c{ozoneManager,/,null,STOPPED}{file:/home/runner/work/ozone/ozone/hadoop-ozone/integration-test/target/test-classes/webapps/ozoneManager}
2023-04-21 06:16:18,278 [Listener at 127.0.0.1/34287] INFO  server.AbstractConnector (AbstractConnector.java:doStop(383)) - Stopped ServerConnector@61c279f{HTTP/1.1, (http/1.1)}{0.0.0.0:0}
2023-04-21 06:16:18,278 [Listener at 127.0.0.1/34287] INFO  server.session (HouseKeeper.java:stopScavenging(149)) - node0 Stopped scavenging
2023-04-21 06:16:18,278 [Listener at 127.0.0.1/34287] INFO  handler.ContextHandler (ContextHandler.java:doStop(1159)) - Stopped o.e.j.s.ServletContextHandler@19f456fa{static,/static,file:///home/runner/work/ozone/ozone/hadoop-ozone/integration-test/target/test-classes/webapps/static,STOPPED}
2023-04-21 06:16:18,278 [Listener at 127.0.0.1/34287] INFO  handler.ContextHandler (ContextHandler.java:doStop(1159)) - Stopped o.e.j.s.ServletContextHandler@17da25ca{logs,/logs,file:///home/runner/work/ozone/ozone/hadoop-ozone/integration-test/target/log,STOPPED}
2023-04-21 06:16:18,282 [Listener at 127.0.0.1/34287] INFO  utils.BackgroundService (BackgroundService.java:shutdown(141)) - Shutting down service SnapshotDiffCleanupService
2023-04-21 06:16:18,282 [Listener at 127.0.0.1/34287] INFO  ozone.MiniOzoneClusterImpl (MiniOzoneClusterImpl.java:stopDatanodes(537)) - Stopping the HddsDatanodes
2023-04-21 06:16:18,284 [Listener at 127.0.0.1/34287] INFO  ozoneimpl.OzoneContainer (OzoneContainer.java:stop(419)) - Attempting to stop container services.
2023-04-21 06:16:18,284 [Listener at 127.0.0.1/34287] INFO  server.RaftServer (RaftServerProxy.java:lambda$close$6(409)) - 5185110e-0819-4d86-8c6f-0fef485f5c1f: close
2023-04-21 06:16:18,284 [5185110e-0819-4d86-8c6f-0fef485f5c1f-impl-thread1] INFO  server.RaftServer$Division (RaftServerImpl.java:lambda$close$4(458)) - 5185110e-0819-4d86-8c6f-0fef485f5c1f@group-ACF33C01FB29: shutdown
2023-04-21 06:16:18,284 [5185110e-0819-4d86-8c6f-0fef485f5c1f-impl-thread1] INFO  util.JmxRegister (JmxRegister.java:unregister(73)) - Successfully un-registered JMX Bean with object name Ratis:service=RaftServer,group=group-ACF33C01FB29,id=5185110e-0819-4d86-8c6f-0fef485f5c1f
2023-04-21 06:16:18,284 [5185110e-0819-4d86-8c6f-0fef485f5c1f-impl-thread1] INFO  impl.RoleInfo (RoleInfo.java:shutdownLeaderState(93)) - 5185110e-0819-4d86-8c6f-0fef485f5c1f: shutdown 5185110e-0819-4d86-8c6f-0fef485f5c1f@group-ACF33C01FB29-LeaderStateImpl
2023-04-21 06:16:18,285 [5185110e-0819-4d86-8c6f-0fef485f5c1f-impl-thread1] INFO  impl.PendingRequests (PendingRequests.java:sendNotLeaderResponses(282)) - 5185110e-0819-4d86-8c6f-0fef485f5c1f@group-ACF33C01FB29-PendingRequests: sendNotLeaderResponses
2023-04-21 06:16:18,285 [5185110e-0819-4d86-8c6f-0fef485f5c1f-impl-thread1] INFO  impl.StateMachineUpdater (StateMachineUpdater.java:stopAndJoin(153)) - 5185110e-0819-4d86-8c6f-0fef485f5c1f@group-ACF33C01FB29-StateMachineUpdater: set stopIndex = 50
2023-04-21 06:16:18,285 [5185110e-0819-4d86-8c6f-0fef485f5c1f@group-ACF33C01FB29-StateMachineUpdater] INFO  ratis.ContainerStateMachine (ContainerStateMachine.java:takeSnapshot(330)) - group-ACF33C01FB29: Taking a snapshot at:(t:1, i:50) file /home/runner/work/ozone/ozone/hadoop-ozone/integration-test/target/test-dir/MiniOzoneClusterImpl-be0e5d40-2025-4c2a-a75a-cd4ecf305d30/datanode-0/data/ratis/fe552cd7-efcd-4d9a-8e65-acf33c01fb29/sm/snapshot.1_50
2023-04-21 06:16:18,286 [Listener at 127.0.0.1/34287] INFO  server.GrpcService (GrpcService.java:closeImpl(271)) - 5185110e-0819-4d86-8c6f-0fef485f5c1f: shutdown server GrpcServerProtocolService now
2023-04-21 06:16:18,287 [5185110e-0819-4d86-8c6f-0fef485f5c1f@group-ACF33C01FB29-StateMachineUpdater] INFO  ratis.ContainerStateMachine (ContainerStateMachine.java:takeSnapshot(341)) - group-ACF33C01FB29: Finished taking a snapshot at:(t:1, i:50) file:/home/runner/work/ozone/ozone/hadoop-ozone/integration-test/target/test-dir/MiniOzoneClusterImpl-be0e5d40-2025-4c2a-a75a-cd4ecf305d30/datanode-0/data/ratis/fe552cd7-efcd-4d9a-8e65-acf33c01fb29/sm/snapshot.1_50 took: 1 ms
2023-04-21 06:16:18,287 [5185110e-0819-4d86-8c6f-0fef485f5c1f@group-ACF33C01FB29-StateMachineUpdater] INFO  impl.StateMachineUpdater (StateMachineUpdater.java:takeSnapshot(287)) - 5185110e-0819-4d86-8c6f-0fef485f5c1f@group-ACF33C01FB29-StateMachineUpdater: Took a snapshot at index 50
2023-04-21 06:16:18,287 [5185110e-0819-4d86-8c6f-0fef485f5c1f@group-ACF33C01FB29-StateMachineUpdater] INFO  impl.StateMachineUpdater (StateMachineUpdater.java:lambda$new$0(92)) - 5185110e-0819-4d86-8c6f-0fef485f5c1f@group-ACF33C01FB29-StateMachineUpdater: snapshotIndex: updateIncreasingly -1 -> 50
2023-04-21 06:16:18,288 [5185110e-0819-4d86-8c6f-0fef485f5c1f-impl-thread1] INFO  server.RaftServer$Division (ServerState.java:close(466)) - 5185110e-0819-4d86-8c6f-0fef485f5c1f@group-ACF33C01FB29: closes. applyIndex: 50
2023-04-21 06:16:18,288 [5185110e-0819-4d86-8c6f-0fef485f5c1f@group-ACF33C01FB29-SegmentedRaftLogWorker] INFO  segmented.SegmentedRaftLogWorker (SegmentedRaftLogWorker.java:run(347)) - 5185110e-0819-4d86-8c6f-0fef485f5c1f@group-ACF33C01FB29-SegmentedRaftLogWorker was interrupted, exiting. There are 0 tasks remaining in the queue.
2023-04-21 06:16:18,290 [5185110e-0819-4d86-8c6f-0fef485f5c1f-impl-thread1] INFO  segmented.SegmentedRaftLogWorker (SegmentedRaftLogWorker.java:close(257)) - 5185110e-0819-4d86-8c6f-0fef485f5c1f@group-ACF33C01FB29-SegmentedRaftLogWorker close()
2023-04-21 06:16:18,290 [Listener at 127.0.0.1/34287] INFO  server.GrpcService (GrpcService.java:closeImpl(280)) - 5185110e-0819-4d86-8c6f-0fef485f5c1f: shutdown server GrpcServerProtocolService successfully
2023-04-21 06:16:18,291 [5185110e-0819-4d86-8c6f-0fef485f5c1f-NettyServerStreamRpc-bossGroup--thread1] INFO  logging.LoggingHandler (AbstractInternalLogger.java:log(148)) - [id: 0x15bb73b5, L:/0:0:0:0:0:0:0:0:40067] CLOSE
2023-04-21 06:16:18,292 [5185110e-0819-4d86-8c6f-0fef485f5c1f-NettyServerStreamRpc-bossGroup--thread1] INFO  logging.LoggingHandler (AbstractInternalLogger.java:log(148)) - [id: 0x15bb73b5, L:/0:0:0:0:0:0:0:0:40067] INACTIVE
2023-04-21 06:16:18,292 [5185110e-0819-4d86-8c6f-0fef485f5c1f-NettyServerStreamRpc-bossGroup--thread1] INFO  logging.LoggingHandler (AbstractInternalLogger.java:log(148)) - [id: 0x15bb73b5, L:/0:0:0:0:0:0:0:0:40067] UNREGISTERED
2023-04-21 06:16:18,302 [SCMBlockDeletingService#0] INFO  block.SCMBlockDeletingService (SCMBlockDeletingService.java:call(198)) - Totally added 2 blocks to be deleted for 1 datanodes, task elapsed time: 0ms
2023-04-21 06:16:18,308 [JvmPauseMonitor5] INFO  util.JvmPauseMonitor (JvmPauseMonitor.java:run(111)) - JvmPauseMonitor-5185110e-0819-4d86-8c6f-0fef485f5c1f: Stopped
2023-04-21 06:16:20,315 [Listener at 127.0.0.1/34287] INFO  volume.HddsVolume (HddsVolume.java:closeDbStore(437)) - SchemaV3 db is stopped at /home/runner/work/ozone/ozone/hadoop-ozone/integration-test/target/test-dir/MiniOzoneClusterImpl-be0e5d40-2025-4c2a-a75a-cd4ecf305d30/datanode-0/data-0/containers/hdds/be0e5d40-2025-4c2a-a75a-cd4ecf305d30/DS-59ae7e42-fba2-4898-926e-1803e42fdf90/container.db for volume DS-59ae7e42-fba2-4898-926e-1803e42fdf90
2023-04-21 06:16:20,315 [Listener at 127.0.0.1/34287] INFO  utils.BackgroundService (BackgroundService.java:shutdown(141)) - Shutting down service BlockDeletingService
2023-04-21 06:16:20,315 [Listener at 127.0.0.1/34287] INFO  utils.BackgroundService (BackgroundService.java:shutdown(141)) - Shutting down service StaleRecoveringContainerScrubbingService
2023-04-21 06:16:20,317 [Listener at 127.0.0.1/34287] INFO  statemachine.DatanodeStateMachine (DatanodeStateMachine.java:stopDaemon(601)) - Ozone container server stopped.
2023-04-21 06:16:20,325 [Listener at 127.0.0.1/34287] INFO  handler.ContextHandler (ContextHandler.java:doStop(1159)) - Stopped o.e.j.w.WebAppContext@64e3d046{hddsDatanode,/,null,STOPPED}{jar:file:/home/runner/.m2/repository/org/apache/ozone/hdds-container-service/1.4.0-SNAPSHOT/hdds-container-service-1.4.0-SNAPSHOT.jar!/webapps/hddsDatanode}
2023-04-21 06:16:20,326 [Listener at 127.0.0.1/34287] INFO  server.AbstractConnector (AbstractConnector.java:doStop(383)) - Stopped ServerConnector@12857f35{HTTP/1.1, (http/1.1)}{0.0.0.0:0}
2023-04-21 06:16:20,326 [Listener at 127.0.0.1/34287] INFO  server.session (HouseKeeper.java:stopScavenging(149)) - node0 Stopped scavenging
2023-04-21 06:16:20,326 [Listener at 127.0.0.1/34287] INFO  handler.ContextHandler (ContextHandler.java:doStop(1159)) - Stopped o.e.j.s.ServletContextHandler@3c95b243{static,/static,jar:file:/home/runner/.m2/repository/org/apache/ozone/hdds-container-service/1.4.0-SNAPSHOT/hdds-container-service-1.4.0-SNAPSHOT.jar!/webapps/static,STOPPED}
2023-04-21 06:16:20,326 [Listener at 127.0.0.1/34287] INFO  handler.ContextHandler (ContextHandler.java:doStop(1159)) - Stopped o.e.j.s.ServletContextHandler@5709348a{logs,/logs,file:///home/runner/work/ozone/ozone/hadoop-ozone/integration-test/target/log,STOPPED}
2023-04-21 06:16:20,328 [Listener at 127.0.0.1/34287] INFO  ozone.MiniOzoneClusterImpl (MiniOzoneClusterImpl.java:stopSCM(552)) - Stopping the StorageContainerManager
2023-04-21 06:16:20,328 [Listener at 127.0.0.1/34287] INFO  server.StorageContainerManager (StorageContainerManager.java:stop(1577)) - Container Balancer is not running.
2023-04-21 06:16:20,328 [Listener at 127.0.0.1/34287] INFO  server.StorageContainerManager (StorageContainerManager.java:stopReplicationManager(1708)) - Stopping Replication Manager Service.
2023-04-21 06:16:20,328 [Listener at 127.0.0.1/34287] INFO  replication.ReplicationManager (ReplicationManager.java:stop(321)) - Stopping Replication Monitor Thread.
2023-04-21 06:16:20,328 [Under Replicated Processor] WARN  replication.UnhealthyReplicationProcessor (UnhealthyReplicationProcessor.java:run(146)) - Under Replicated Processor interrupted. Exiting...
2023-04-21 06:16:20,328 [Over Replicated Processor] WARN  replication.UnhealthyReplicationProcessor (UnhealthyReplicationProcessor.java:run(146)) - Over Replicated Processor interrupted. Exiting...
2023-04-21 06:16:20,328 [ReplicationMonitor] INFO  replication.ReplicationManager (ReplicationManager.java:run(975)) - Replication Monitor Thread is stopped
2023-04-21 06:16:20,329 [Listener at 127.0.0.1/34287] INFO  server.StorageContainerManager (StorageContainerManager.java:stop(1586)) - Stopping the Datanode Admin Monitor.
2023-04-21 06:16:20,329 [Listener at 127.0.0.1/34287] INFO  server.StorageContainerManager (StorageContainerManager.java:stop(1593)) - Stopping datanode service RPC server
2023-04-21 06:16:20,329 [Listener at 127.0.0.1/34287] INFO  server.SCMDatanodeProtocolServer (SCMDatanodeProtocolServer.java:stop(424)) - Stopping the RPC server for DataNodes
2023-04-21 06:16:20,329 [Listener at 127.0.0.1/34287] INFO  ipc.Server (Server.java:stop(3501)) - Stopping server on 34383
2023-04-21 06:16:20,329 [IPC Server listener on 0] INFO  ipc.Server (Server.java:run(1430)) - Stopping IPC Server listener on 0
2023-04-21 06:16:20,332 [IPC Server Responder] INFO  ipc.Server (Server.java:run(1563)) - Stopping IPC Server Responder
2023-04-21 06:16:20,396 [SCM Heartbeat Processing Thread - 0] WARN  node.NodeStateManager (NodeStateManager.java:scheduleNextHealthCheck(870)) - Current Thread is interrupted, shutting down HB processing thread for Node Manager.
2023-04-21 06:16:20,396 [Listener at 127.0.0.1/34287] INFO  server.StorageContainerManager (StorageContainerManager.java:stop(1601)) - Stopping block service RPC server
2023-04-21 06:16:20,396 [Listener at 127.0.0.1/34287] INFO  server.SCMBlockProtocolServer (SCMBlockProtocolServer.java:stop(161)) - Stopping the RPC server for Block Protocol
2023-04-21 06:16:20,396 [Listener at 127.0.0.1/34287] INFO  ipc.Server (Server.java:stop(3501)) - Stopping server on 43001
2023-04-21 06:16:20,397 [IPC Server listener on 0] INFO  ipc.Server (Server.java:run(1430)) - Stopping IPC Server listener on 0
2023-04-21 06:16:20,399 [IPC Server Responder] INFO  ipc.Server (Server.java:run(1563)) - Stopping IPC Server Responder
2023-04-21 06:16:20,399 [Listener at 127.0.0.1/34287] INFO  server.StorageContainerManager (StorageContainerManager.java:stop(1608)) - Stopping the StorageContainerLocationProtocol RPC server
2023-04-21 06:16:20,399 [Listener at 127.0.0.1/34287] INFO  server.SCMClientProtocolServer (SCMClientProtocolServer.java:stop(206)) - Stopping the RPC server for Client Protocol
2023-04-21 06:16:20,399 [Listener at 127.0.0.1/34287] INFO  ipc.Server (Server.java:stop(3501)) - Stopping server on 33099
2023-04-21 06:16:20,401 [IPC Server listener on 0] INFO  ipc.Server (Server.java:run(1430)) - Stopping IPC Server listener on 0
2023-04-21 06:16:20,402 [IPC Server Responder] INFO  ipc.Server (Server.java:run(1563)) - Stopping IPC Server Responder
2023-04-21 06:16:20,403 [Listener at 127.0.0.1/34287] INFO  server.StorageContainerManager (StorageContainerManager.java:stop(1615)) - Stopping Storage Container Manager HTTP server.
2023-04-21 06:16:20,405 [Listener at 127.0.0.1/34287] INFO  handler.ContextHandler (ContextHandler.java:doStop(1159)) - Stopped o.e.j.w.WebAppContext@261442c1{scm,/,null,STOPPED}{file:/home/runner/work/ozone/ozone/hadoop-ozone/integration-test/target/test-classes/webapps/scm}
2023-04-21 06:16:20,405 [Listener at 127.0.0.1/34287] INFO  server.AbstractConnector (AbstractConnector.java:doStop(383)) - Stopped ServerConnector@f349a72{HTTP/1.1, (http/1.1)}{0.0.0.0:0}
2023-04-21 06:16:20,405 [Listener at 127.0.0.1/34287] INFO  server.session (HouseKeeper.java:stopScavenging(149)) - node0 Stopped scavenging
2023-04-21 06:16:20,406 [Listener at 127.0.0.1/34287] INFO  handler.ContextHandler (ContextHandler.java:doStop(1159)) - Stopped o.e.j.s.ServletContextHandler@699b47cd{static,/static,file:///home/runner/work/ozone/ozone/hadoop-ozone/integration-test/target/test-classes/webapps/static,STOPPED}
2023-04-21 06:16:20,406 [Listener at 127.0.0.1/34287] INFO  handler.ContextHandler (ContextHandler.java:doStop(1159)) - Stopped o.e.j.s.ServletContextHandler@27e2c0a8{logs,/logs,file:///home/runner/work/ozone/ozone/hadoop-ozone/integration-test/target/log,STOPPED}
2023-04-21 06:16:20,409 [Listener at 127.0.0.1/34287] INFO  server.StorageContainerManager (StorageContainerManager.java:stop(1623)) - Stopping SCM LayoutVersionManager Service.
2023-04-21 06:16:20,409 [Listener at 127.0.0.1/34287] INFO  server.StorageContainerManager (StorageContainerManager.java:stop(1631)) - Stopping Block Manager Service.
2023-04-21 06:16:20,409 [Listener at 127.0.0.1/34287] INFO  utils.BackgroundService (BackgroundService.java:shutdown(141)) - Shutting down service SCMBlockDeletingService
2023-04-21 06:16:20,409 [Listener at 127.0.0.1/34287] INFO  utils.BackgroundService (BackgroundService.java:shutdown(141)) - Shutting down service SCMBlockDeletingService
2023-04-21 06:16:20,409 [Listener at 127.0.0.1/34287] INFO  server.StorageContainerManager (StorageContainerManager.java:stop(1653)) - Stopping SCM Event Queue.
2023-04-21 06:16:20,411 [Listener at 127.0.0.1/34287] INFO  server.StorageContainerManager (StorageContainerManager.java:stop(1664)) - Stopping SCM HA services.
2023-04-21 06:16:20,411 [Listener at 127.0.0.1/34287] INFO  pipeline.BackgroundPipelineCreator (BackgroundPipelineCreator.java:stop(149)) - Stopping RatisPipelineUtilsThread.
2023-04-21 06:16:20,411 [RatisPipelineUtilsThread - 0] WARN  pipeline.BackgroundPipelineCreator (BackgroundPipelineCreator.java:run(180)) - RatisPipelineUtilsThread is interrupted.
2023-04-21 06:16:20,411 [BackgroundPipelineScrubberThread] WARN  BackgroundPipelineScrubber (BackgroundSCMService.java:run(115)) - BackgroundPipelineScrubber is interrupted, exit
2023-04-21 06:16:20,411 [Listener at 127.0.0.1/34287] INFO  BackgroundPipelineScrubber (BackgroundSCMService.java:stop(131)) - Stopping BackgroundPipelineScrubber Service.
2023-04-21 06:16:20,411 [Listener at 127.0.0.1/34287] INFO  impl.MetricsSystemImpl (MetricsSystemImpl.java:stop(210)) - Stopping HddsDatanode metrics system...
2023-04-21 06:16:20,415 [prometheus] INFO  impl.MetricsSinkAdapter (MetricsSinkAdapter.java:publishMetricsFromQueue(141)) - prometheus thread interrupted.
2023-04-21 06:16:20,415 [Listener at 127.0.0.1/34287] INFO  impl.MetricsSystemImpl (MetricsSystemImpl.java:stop(216)) - HddsDatanode metrics system stopped.
2023-04-21 06:16:20,415 [Listener at 127.0.0.1/34287] WARN  pipeline.BackgroundPipelineCreator (BackgroundPipelineCreator.java:stop(145)) - RatisPipelineUtilsThread is not running, just ignore.
2023-04-21 06:16:20,415 [Listener at 127.0.0.1/34287] INFO  BackgroundPipelineScrubber (BackgroundSCMService.java:stop(126)) - BackgroundPipelineScrubber Service is not running, skip stop.
2023-04-21 06:16:20,415 [Listener at 127.0.0.1/34287] INFO  ExpiredContainerReplicaOpScrubber (BackgroundSCMService.java:stop(131)) - Stopping ExpiredContainerReplicaOpScrubber Service.
2023-04-21 06:16:20,415 [ExpiredContainerReplicaOpScrubberThread] WARN  ExpiredContainerReplicaOpScrubber (BackgroundSCMService.java:run(115)) - ExpiredContainerReplicaOpScrubber is interrupted, exit
2023-04-21 06:16:20,415 [Listener at 127.0.0.1/34287] INFO  utils.BackgroundService (BackgroundService.java:shutdown(141)) - Shutting down service SCMBlockDeletingService
2023-04-21 06:16:20,415 [Listener at 127.0.0.1/34287] INFO  replication.ReplicationManager (ReplicationManager.java:stop(331)) - Replication Monitor Thread is not running.
2023-04-21 06:16:20,415 [Listener at 127.0.0.1/34287] WARN  balancer.ContainerBalancer (ContainerBalancer.java:stop(324)) - Cannot stop Container Balancer because it's not running or stopping
2023-04-21 06:16:20,416 [Listener at 127.0.0.1/34287] INFO  server.StorageContainerManager (StorageContainerManager.java:stop(1699)) - Stopping SCM MetadataStore.
]]></system-out>
  </testcase>
  <testcase name="testSCMReinitialization" classname="org.apache.hadoop.ozone.TestStorageContainerManager" time="18.551">
    <system-out><![CDATA[2023-04-21 06:16:20,447 [Time-limited test] WARN  server.ServerUtils (ServerUtils.java:getScmDbDir(148)) - ozone.scm.db.dirs is not configured. We recommend adding this setting. Falling back to ozone.metadata.dirs instead.
2023-04-21 06:16:20,450 [Time-limited test] WARN  server.ServerUtils (ServerUtils.java:getScmDbDir(148)) - ozone.scm.db.dirs is not configured. We recommend adding this setting. Falling back to ozone.metadata.dirs instead.
2023-04-21 06:16:20,450 [Time-limited test] INFO  ha.SCMHANodeDetails (SCMHANodeDetails.java:loadSCMHAConfig(209)) - ServiceID for StorageContainerManager is null
2023-04-21 06:16:20,450 [Time-limited test] WARN  ha.SCMHANodeDetails (SCMHANodeDetails.java:validateSCMHAConfig(182)) - Invalid config ozone.scm.ratis.enable. The config was not specified, but the default value true conflicts with the expected config value false. Falling back to the expected value. Current State of SCM: SCM is running in Non-HA without Ratis Ratis SCM -> Non Ratis SCM or Non HA SCM -> HA SCM is not supported
2023-04-21 06:16:20,450 [Time-limited test] INFO  ha.SCMHANodeDetails (SCMHANodeDetails.java:loadSCMHAConfig(214)) - ozone.scm.default.service.id is not defined, falling back to ozone.scm.service.ids to find serviceID for StorageContainerManager if it is HA enabled cluster
2023-04-21 06:16:20,451 [Time-limited test] WARN  utils.HAUtils (HAUtils.java:getMetaDir(342)) - ozone.scm.db.dirs is not configured. We recommend adding this setting. Falling back to ozone.metadata.dirs instead.
2023-04-21 06:16:20,451 [Time-limited test] WARN  db.DBStoreBuilder (DBStoreBuilder.java:applyDBDefinition(182)) - ozone.scm.db.dirs is not configured. We recommend adding this setting. Falling back to ozone.metadata.dirs instead.
2023-04-21 06:16:20,561 [Time-limited test] INFO  net.NodeSchemaLoader (NodeSchemaLoader.java:loadSchemaFromFile(129)) - Loading schema from [jar:file:/home/runner/.m2/repository/org/apache/ozone/hdds-common/1.4.0-SNAPSHOT/hdds-common-1.4.0-SNAPSHOT.jar!/network-topology-default.xml]
2023-04-21 06:16:20,561 [Time-limited test] INFO  net.NodeSchemaLoader (NodeSchemaLoader.java:loadSchema(176)) - Loading network topology layer schema file
2023-04-21 06:16:20,570 [Time-limited test] INFO  upgrade.AbstractLayoutVersionManager (AbstractLayoutVersionManager.java:init(83)) - Initializing Layout version manager with metadata layout = WEBUI_PORTS_IN_DATANODEDETAILS (version = 6), software layout = WEBUI_PORTS_IN_DATANODEDETAILS (version = 6)
2023-04-21 06:16:20,617 [Time-limited test] INFO  reflections.Reflections (Reflections.java:scan(232)) - Reflections took 45 ms to scan 7 urls, producing 156 keys and 369 values 
2023-04-21 06:16:20,618 [Time-limited test] INFO  ha.SequenceIdGenerator (SequenceIdGenerator.java:upgradeToSequenceId(349)) - upgrade localId to 111677748019200000
2023-04-21 06:16:20,618 [Time-limited test] INFO  ha.SequenceIdGenerator (SequenceIdGenerator.java:upgradeToSequenceId(359)) - upgrade delTxnId to 0
2023-04-21 06:16:20,619 [Time-limited test] INFO  ha.SequenceIdGenerator (SequenceIdGenerator.java:upgradeToSequenceId(376)) - upgrade containerId to 0
2023-04-21 06:16:20,619 [Time-limited test] INFO  ha.SequenceIdGenerator (SequenceIdGenerator.java:<init>(220)) - Init the HA SequenceIdGenerator.
2023-04-21 06:16:20,619 [Time-limited test] WARN  server.ServerUtils (ServerUtils.java:sanitizeUserArgs(73)) - ozone.scm.stale.node.interval value = 300000 is larger than max = 100000 based on the key value of ozone.scm.heartbeat.thread.interval, reset to the max value 100000.
2023-04-21 06:16:20,619 [Time-limited test] WARN  server.ServerUtils (ServerUtils.java:sanitizeUserArgs(73)) - ozone.scm.stale.node.interval value = 300000 is larger than max = 100000 based on the key value of ozone.scm.heartbeat.thread.interval, reset to the max value 100000.
2023-04-21 06:16:20,620 [Time-limited test] INFO  node.SCMNodeManager (SCMNodeManager.java:<init>(156)) - Entering startup safe mode.
2023-04-21 06:16:20,621 [Time-limited test] INFO  algorithms.ContainerPlacementPolicyFactory (ContainerPlacementPolicyFactory.java:getPolicyInternal(86)) - Create container placement policy of type org.apache.hadoop.hdds.scm.container.placement.algorithms.SCMContainerPlacementRackAware
2023-04-21 06:16:20,621 [Time-limited test] INFO  algorithms.ContainerPlacementPolicyFactory (ContainerPlacementPolicyFactory.java:getPolicyInternal(86)) - Create container placement policy of type org.apache.hadoop.hdds.scm.container.placement.algorithms.SCMContainerPlacementRackScatter
2023-04-21 06:16:20,621 [Time-limited test] INFO  pipeline.PipelineStateManagerImpl (PipelineStateManagerImpl.java:initialize(78)) - No pipeline exists in current db
2023-04-21 06:16:20,621 [Time-limited test] INFO  algorithms.LeaderChoosePolicyFactory (LeaderChoosePolicyFactory.java:getPolicy(57)) - Create leader choose policy of type org.apache.hadoop.hdds.scm.pipeline.leader.choose.algorithms.MinLeaderCountChoosePolicy
2023-04-21 06:16:20,621 [Time-limited test] INFO  algorithms.ContainerPlacementPolicyFactory (ContainerPlacementPolicyFactory.java:getPolicyInternal(86)) - Create container placement policy of type org.apache.hadoop.hdds.scm.container.placement.algorithms.SCMContainerPlacementRackScatter
2023-04-21 06:16:20,621 [Time-limited test] INFO  ha.SCMServiceManager (SCMServiceManager.java:register(42)) - Registering service BackgroundPipelineCreator.
2023-04-21 06:16:20,622 [Time-limited test] INFO  pipeline.BackgroundPipelineCreator (BackgroundPipelineCreator.java:start(124)) - Starting RatisPipelineUtilsThread.
2023-04-21 06:16:20,622 [Time-limited test] INFO  BackgroundPipelineScrubber (BackgroundSCMService.java:start(68)) - Starting BackgroundPipelineScrubber Service.
2023-04-21 06:16:20,622 [Time-limited test] INFO  ha.SCMServiceManager (SCMServiceManager.java:register(42)) - Registering service BackgroundPipelineScrubber.
2023-04-21 06:16:20,622 [Time-limited test] INFO  ExpiredContainerReplicaOpScrubber (BackgroundSCMService.java:start(68)) - Starting ExpiredContainerReplicaOpScrubber Service.
2023-04-21 06:16:20,622 [Time-limited test] INFO  ha.SCMServiceManager (SCMServiceManager.java:register(42)) - Registering service ExpiredContainerReplicaOpScrubber.
2023-04-21 06:16:20,623 [Time-limited test] INFO  algorithms.PipelineChoosePolicyFactory (PipelineChoosePolicyFactory.java:createPipelineChoosePolicyFromClass(73)) - Create pipeline choose policy of type org.apache.hadoop.hdds.scm.pipeline.choose.algorithms.RandomPipelineChoosePolicy
2023-04-21 06:16:20,623 [Time-limited test] INFO  ha.SCMServiceManager (SCMServiceManager.java:register(42)) - Registering service SCMBlockDeletingService.
2023-04-21 06:16:20,624 [Time-limited test] INFO  replication.ReplicationManager (ReplicationManager.java:start(288)) - Starting Replication Monitor Thread.
2023-04-21 06:16:20,624 [Time-limited test] INFO  ha.SCMServiceManager (SCMServiceManager.java:register(42)) - Registering service ReplicationManager.
2023-04-21 06:16:20,625 [Time-limited test] INFO  safemode.ContainerSafeModeRule (ContainerSafeModeRule.java:<init>(89)) - containers with one replica threshold count 0
2023-04-21 06:16:20,625 [Time-limited test] INFO  safemode.HealthyPipelineSafeModeRule (HealthyPipelineSafeModeRule.java:initializeRule(169)) - Total pipeline count is 0, healthy pipeline threshold count is 1
2023-04-21 06:16:20,625 [Time-limited test] INFO  safemode.OneReplicaPipelineSafeModeRule (OneReplicaPipelineSafeModeRule.java:initializeRule(180)) - Total pipeline count is 0, pipeline's with at least one datanode reported threshold count is 0
2023-04-21 06:16:20,630 [Time-limited test] INFO  server.StorageContainerManager (StorageContainerManager.java:<init>(402)) - SCM start with adminUsers: [runner]
2023-04-21 06:16:20,630 [Time-limited test] INFO  ipc.CallQueueManager (CallQueueManager.java:<init>(90)) - Using callQueue: class java.util.concurrent.LinkedBlockingQueue, queueCapacity: 2000, scheduler: class org.apache.hadoop.ipc.DefaultRpcScheduler, ipcBackoff: false.
2023-04-21 06:16:20,630 [Socket Reader #1 for port 0] INFO  ipc.Server (Server.java:run(1319)) - Starting Socket Reader #1 for port 0
2023-04-21 06:16:20,631 [ReplicationMonitor] INFO  replication.ReplicationManager (ReplicationManager.java:processAll(363)) - Replication Manager is not ready to run until 3000ms after safemode exit
2023-04-21 06:16:20,631 [Listener at 0.0.0.0/32961] INFO  ipc.CallQueueManager (CallQueueManager.java:<init>(90)) - Using callQueue: class java.util.concurrent.LinkedBlockingQueue, queueCapacity: 2000, scheduler: class org.apache.hadoop.ipc.DefaultRpcScheduler, ipcBackoff: false.
2023-04-21 06:16:20,632 [Socket Reader #1 for port 0] INFO  ipc.Server (Server.java:run(1319)) - Starting Socket Reader #1 for port 0
2023-04-21 06:16:20,633 [Listener at 0.0.0.0/46167] INFO  ipc.CallQueueManager (CallQueueManager.java:<init>(90)) - Using callQueue: class java.util.concurrent.LinkedBlockingQueue, queueCapacity: 2000, scheduler: class org.apache.hadoop.ipc.DefaultRpcScheduler, ipcBackoff: false.
2023-04-21 06:16:20,633 [Socket Reader #1 for port 0] INFO  ipc.Server (Server.java:run(1319)) - Starting Socket Reader #1 for port 0
2023-04-21 06:16:20,636 [Listener at 0.0.0.0/39997] INFO  ha.SCMServiceManager (SCMServiceManager.java:register(42)) - Registering service ContainerBalancer.
2023-04-21 06:16:20,637 [Listener at 0.0.0.0/39997] INFO  server.StorageContainerManager (StorageContainerManager.java:<init>(419)) - 
Container Balancer status:
Key                            Value
Running                        false
Container Balancer Configuration values:
Key                                                Value
Threshold                                          10
Max Datanodes to Involve per Iteration(percent)    20
Max Size to Move per Iteration                     500GB
Max Size Entering Target per Iteration             26GB
Max Size Leaving Source per Iteration              26GB

2023-04-21 06:16:20,637 [Listener at 0.0.0.0/39997] INFO  ha.SCMContext (SCMContext.java:updateSafeModeStatus(228)) - Update SafeModeStatus from SafeModeStatus{safeModeStatus=true, preCheckPassed=false} to SafeModeStatus{safeModeStatus=true, preCheckPassed=false}.
2023-04-21 06:16:20,637 [Listener at 0.0.0.0/39997] INFO  server.StorageContainerManager (StorageContainerManager.java:start(1476)) - StorageContainerLocationProtocol RPC server is listening at /0.0.0.0:39997
2023-04-21 06:16:20,638 [Listener at 0.0.0.0/39997] WARN  impl.MetricsConfig (MetricsConfig.java:loadFirst(136)) - Cannot locate configuration: tried hadoop-metrics2-storagecontainermanager.properties,hadoop-metrics2.properties
2023-04-21 06:16:20,654 [Listener at 0.0.0.0/39997] INFO  impl.MetricsSystemImpl (MetricsSystemImpl.java:startTimer(378)) - Scheduled Metric snapshot period at 10 second(s).
2023-04-21 06:16:20,654 [Listener at 0.0.0.0/39997] INFO  impl.MetricsSystemImpl (MetricsSystemImpl.java:start(191)) - StorageContainerManager metrics system started
2023-04-21 06:16:20,663 [Listener at 0.0.0.0/39997] INFO  impl.MetricsSinkAdapter (MetricsSinkAdapter.java:start(204)) - Sink prometheus started
2023-04-21 06:16:20,663 [Listener at 0.0.0.0/39997] INFO  impl.MetricsSystemImpl (MetricsSystemImpl.java:registerSink(305)) - Registered sink prometheus
2023-04-21 06:16:20,681 [Listener at 0.0.0.0/39997] INFO  server.SCMClientProtocolServer (SCMClientProtocolServer.java:start(197)) - RPC server for Client  is listening at /0.0.0.0:39997
2023-04-21 06:16:20,681 [IPC Server Responder] INFO  ipc.Server (Server.java:run(1558)) - IPC Server Responder: starting
2023-04-21 06:16:20,681 [IPC Server listener on 0] INFO  ipc.Server (Server.java:run(1398)) - IPC Server listener on 0: starting
2023-04-21 06:16:20,687 [Listener at 0.0.0.0/39997] INFO  server.StorageContainerManager (StorageContainerManager.java:start(1490)) - ScmBlockLocationProtocol RPC server is listening at /0.0.0.0:46167
2023-04-21 06:16:20,688 [Listener at 0.0.0.0/39997] INFO  server.SCMBlockProtocolServer (SCMBlockProtocolServer.java:start(152)) - RPC server for Block Protocol is listening at /0.0.0.0:46167
2023-04-21 06:16:20,688 [IPC Server Responder] INFO  ipc.Server (Server.java:run(1558)) - IPC Server Responder: starting
2023-04-21 06:16:20,688 [IPC Server listener on 0] INFO  ipc.Server (Server.java:run(1398)) - IPC Server listener on 0: starting
2023-04-21 06:16:20,695 [Listener at 0.0.0.0/39997] INFO  server.SCMDatanodeProtocolServer (SCMDatanodeProtocolServer.java:start(193)) - ScmDatanodeProtocol RPC server for DataNodes is listening at /0.0.0.0:32961
2023-04-21 06:16:20,695 [IPC Server Responder] INFO  ipc.Server (Server.java:run(1558)) - IPC Server Responder: starting
2023-04-21 06:16:20,695 [IPC Server listener on 0] INFO  ipc.Server (Server.java:run(1398)) - IPC Server listener on 0: starting
2023-04-21 06:16:20,703 [org.apache.hadoop.util.JvmPauseMonitor$Monitor@73e8a2ef] INFO  util.JvmPauseMonitor (JvmPauseMonitor.java:run(188)) - Starting JVM pause monitor
2023-04-21 06:16:20,703 [Listener at 0.0.0.0/39997] INFO  http.BaseHttpServer (BaseHttpServer.java:newHttpServer2BuilderForOzone(224)) - Starting Web-server for scm at: http://0.0.0.0:0
2023-04-21 06:16:20,703 [Listener at 0.0.0.0/39997] INFO  http.BaseHttpServer (BaseHttpServer.java:<init>(111)) - Hadoop Security Enabled: false Ozone Security Enabled: false Ozone HTTP Security Enabled: false 
2023-04-21 06:16:20,705 [Listener at 0.0.0.0/39997] WARN  server.AuthenticationFilter (AuthenticationFilter.java:constructSecretProvider(240)) - Unable to initialize FileSignerSecretProvider, falling back to use random secrets. Reason: Could not read signature secret file: /home/runner/hadoop-http-auth-signature-secret
2023-04-21 06:16:20,705 [Listener at 0.0.0.0/39997] INFO  http.HttpRequestLog (HttpRequestLog.java:getRequestLog(86)) - Http request log for http.requests.scm is not defined
2023-04-21 06:16:20,707 [Listener at 0.0.0.0/39997] INFO  http.HttpServer2 (HttpServer2.java:addGlobalFilter(1031)) - Added global filter 'safety' (class=org.apache.hadoop.hdds.server.http.HttpServer2$QuotingInputFilter)
2023-04-21 06:16:20,707 [Listener at 0.0.0.0/39997] INFO  http.HttpServer2 (HttpServer2.java:addFilter(1007)) - Added filter static_user_filter (class=org.apache.hadoop.http.lib.StaticUserWebFilter$StaticUserFilter) to context scm
2023-04-21 06:16:20,707 [Listener at 0.0.0.0/39997] INFO  http.HttpServer2 (HttpServer2.java:addFilter(1015)) - Added filter static_user_filter (class=org.apache.hadoop.http.lib.StaticUserWebFilter$StaticUserFilter) to context static
2023-04-21 06:16:20,707 [Listener at 0.0.0.0/39997] INFO  http.HttpServer2 (HttpServer2.java:addFilter(1015)) - Added filter static_user_filter (class=org.apache.hadoop.http.lib.StaticUserWebFilter$StaticUserFilter) to context logs
2023-04-21 06:16:20,708 [Listener at 0.0.0.0/39997] INFO  http.BaseHttpServer (BaseHttpServer.java:<init>(190)) - HTTP server of scm uses base directory /home/runner/work/ozone/ozone/hadoop-ozone/integration-test/target/test-dir/MiniOzoneClusterImpl-48be086b-510e-48a6-912b-c1dd212c4943/ozone-meta/webserver
2023-04-21 06:16:20,708 [Listener at 0.0.0.0/39997] INFO  http.HttpServer2 (HttpServer2.java:bindListener(1250)) - Jetty bound to port 36173
2023-04-21 06:16:20,708 [Listener at 0.0.0.0/39997] INFO  server.Server (Server.java:doStart(375)) - jetty-9.4.49.v20220914; built: 2022-09-14T01:07:36.601Z; git: 4231a3b2e4cb8548a412a789936d640a97b1aa0a; jvm 1.8.0_362-b09
2023-04-21 06:16:20,709 [Listener at 0.0.0.0/39997] INFO  server.session (DefaultSessionIdManager.java:doStart(334)) - DefaultSessionIdManager workerName=node0
2023-04-21 06:16:20,710 [Listener at 0.0.0.0/39997] INFO  server.session (DefaultSessionIdManager.java:doStart(339)) - No SessionScavenger set, using defaults
2023-04-21 06:16:20,710 [Listener at 0.0.0.0/39997] INFO  server.session (HouseKeeper.java:startScavenging(132)) - node0 Scavenging every 660000ms
2023-04-21 06:16:20,710 [Listener at 0.0.0.0/39997] INFO  handler.ContextHandler (ContextHandler.java:doStart(921)) - Started o.e.j.s.ServletContextHandler@2d75bfca{logs,/logs,file:///home/runner/work/ozone/ozone/hadoop-ozone/integration-test/target/log,AVAILABLE}
2023-04-21 06:16:20,711 [Listener at 0.0.0.0/39997] INFO  handler.ContextHandler (ContextHandler.java:doStart(921)) - Started o.e.j.s.ServletContextHandler@790026f3{static,/static,file:///home/runner/work/ozone/ozone/hadoop-ozone/integration-test/target/test-classes/webapps/static,AVAILABLE}
2023-04-21 06:16:20,714 [Listener at 0.0.0.0/39997] INFO  handler.ContextHandler (ContextHandler.java:doStart(921)) - Started o.e.j.w.WebAppContext@1e0cc226{scm,/,file:///home/runner/work/ozone/ozone/hadoop-ozone/integration-test/target/test-classes/webapps/scm/,AVAILABLE}{file:/home/runner/work/ozone/ozone/hadoop-ozone/integration-test/target/test-classes/webapps/scm}
2023-04-21 06:16:20,714 [Listener at 0.0.0.0/39997] INFO  server.AbstractConnector (AbstractConnector.java:doStart(333)) - Started ServerConnector@19899ce1{HTTP/1.1, (http/1.1)}{0.0.0.0:36173}
2023-04-21 06:16:20,715 [Listener at 0.0.0.0/39997] INFO  server.Server (Server.java:doStart(415)) - Started @63405ms
2023-04-21 06:16:20,715 [Listener at 0.0.0.0/39997] WARN  impl.MetricsSystemImpl (MetricsSystemImpl.java:register(279)) - Sink prometheus already exists!
2023-04-21 06:16:20,715 [Listener at 0.0.0.0/39997] INFO  http.BaseHttpServer (BaseHttpServer.java:updateConnectorAddress(344)) - HTTP server of scm listening at http://0.0.0.0:36173
2023-04-21 06:16:20,715 [Listener at 0.0.0.0/39997] WARN  server.ServerUtils (ServerUtils.java:getDBPath(225)) - ozone.om.db.dirs is not configured. We recommend adding this setting. Falling back to ozone.metadata.dirs instead.
2023-04-21 06:16:20,718 [Listener at 0.0.0.0/39997] INFO  ha.OMHANodeDetails (OMHANodeDetails.java:loadOMHAConfig(115)) - ozone.om.internal.service.id is not defined, falling back to ozone.om.service.ids to find serviceID for OzoneManager if it is HA enabled cluster
2023-04-21 06:16:20,718 [Listener at 0.0.0.0/39997] INFO  ha.OMHANodeDetails (OMHANodeDetails.java:loadOMHAConfig(226)) - Configuration does not have ozone.om.address set. Falling back to the default OM address /127.0.0.1:0
2023-04-21 06:16:20,718 [Listener at 0.0.0.0/39997] INFO  ha.OMHANodeDetails (OMHANodeDetails.java:getOMNodeDetailsForNonHA(254)) - OM Service ID is not set. Setting it to the default ID: omServiceIdDefault
2023-04-21 06:16:20,718 [Listener at 0.0.0.0/39997] INFO  ha.OMHANodeDetails (OMHANodeDetails.java:getOMNodeDetailsForNonHA(261)) - OM Node ID is not set. Setting it to the default ID: om1
2023-04-21 06:16:20,718 [Listener at 0.0.0.0/39997] WARN  server.ServerUtils (ServerUtils.java:getDBPath(225)) - ozone.om.db.dirs is not configured. We recommend adding this setting. Falling back to ozone.metadata.dirs instead.
2023-04-21 06:16:20,719 [Listener at 0.0.0.0/39997] INFO  upgrade.AbstractLayoutVersionManager (AbstractLayoutVersionManager.java:init(83)) - Initializing Layout version manager with metadata layout = HSYNC (version = 4), software layout = HSYNC (version = 4)
2023-04-21 06:16:20,790 [Listener at 0.0.0.0/39997] INFO  reflections.Reflections (Reflections.java:scan(232)) - Reflections took 69 ms to scan 2 urls, producing 171 keys and 477 values [using 2 cores]
2023-04-21 06:16:20,790 [Listener at 0.0.0.0/39997] INFO  upgrade.OMLayoutVersionManager (OMLayoutVersionManager.java:lambda$0(115)) - Skipping Upgrade Action MockOmUpgradeAction since it has been finalized.
2023-04-21 06:16:20,790 [Listener at 0.0.0.0/39997] WARN  server.ServerUtils (ServerUtils.java:getDBPath(225)) - ozone.om.db.dirs is not configured. We recommend adding this setting. Falling back to ozone.metadata.dirs instead.
2023-04-21 06:16:20,791 [Listener at 0.0.0.0/39997] INFO  proxy.SCMBlockLocationFailoverProxyProvider (SCMBlockLocationFailoverProxyProvider.java:<init>(114)) - Created block location fail-over proxy with 1 nodes: [nodeId=scmNodeId,nodeAddress=/0.0.0.0:46167]
2023-04-21 06:16:20,793 [Listener at 0.0.0.0/39997] INFO  proxy.SCMBlockLocationFailoverProxyProvider (SCMBlockLocationFailoverProxyProvider.java:<init>(114)) - Created block location fail-over proxy with 1 nodes: [nodeId=scmNodeId,nodeAddress=/0.0.0.0:46167]
2023-04-21 06:16:20,805 [Listener at 0.0.0.0/39997] INFO  om.OzoneManager (OzoneManager.java:<init>(627)) - OM start with adminUsers: [runner]
2023-04-21 06:16:20,806 [Listener at 0.0.0.0/39997] WARN  server.ServerUtils (ServerUtils.java:getDBPath(225)) - ozone.om.db.dirs is not configured. We recommend adding this setting. Falling back to ozone.metadata.dirs instead.
2023-04-21 06:16:20,806 [Listener at 0.0.0.0/39997] INFO  codec.OmKeyInfoCodec (OmKeyInfoCodec.java:<init>(49)) - OmKeyInfoCodec ignorePipeline = true
2023-04-21 06:16:20,806 [Listener at 0.0.0.0/39997] INFO  codec.RepeatedOmKeyInfoCodec (RepeatedOmKeyInfoCodec.java:<init>(41)) - RepeatedOmKeyInfoCodec ignorePipeline = true
2023-04-21 06:16:21,001 [Listener at 0.0.0.0/39997] INFO  om.OzoneManager (OzoneManager.java:instantiateServices(757)) - S3 Multi-Tenancy is disabled
2023-04-21 06:16:21,002 [Listener at 0.0.0.0/39997] WARN  server.ServerUtils (ServerUtils.java:getDBPath(225)) - ozone.om.snapshot.diff.db.dir is not configured. We recommend adding this setting. Falling back to ozone.metadata.dirs instead.
2023-04-21 06:16:21,030 [Listener at 0.0.0.0/39997] INFO  om.OzoneManager (OzoneManager.java:addS3GVolumeToDB(4257)) - Created Volume s3v With Owner runner required for S3Gateway operations.
2023-04-21 06:16:21,030 [Listener at 0.0.0.0/39997] WARN  server.ServerUtils (ServerUtils.java:getDefaultRatisDirectory(237)) - Storage directory for Ratis is not configured. It is a good idea to map this to an SSD disk. Falling back to ozone.metadata.dirs
2023-04-21 06:16:21,030 [Listener at 0.0.0.0/39997] WARN  utils.OzoneManagerRatisUtils (OzoneManagerRatisUtils.java:getOMRatisSnapshotDirectory(459)) - ozone.om.ratis.snapshot.dir is not configured. Falling back to ozone.metadata.dirs config
2023-04-21 06:16:21,031 [Listener at 0.0.0.0/39997] WARN  server.ServerUtils (ServerUtils.java:getDefaultRatisDirectory(237)) - Storage directory for Ratis is not configured. It is a good idea to map this to an SSD disk. Falling back to ozone.metadata.dirs
2023-04-21 06:16:21,032 [Listener at 0.0.0.0/39997] INFO  ratis.OzoneManagerRatisServer (OzoneManagerRatisServer.java:<init>(163)) - Instantiating OM Ratis server with groupID: omServiceIdDefault and peers: localhost:9872
2023-04-21 06:16:21,032 [Listener at 0.0.0.0/39997] INFO  ratis.OzoneManagerStateMachine (OzoneManagerStateMachine.java:loadSnapshotInfoFromDB(644)) - LastAppliedIndex is set from TransactionInfo from OM DB as (t:0, i:~)
2023-04-21 06:16:21,032 [Listener at 0.0.0.0/39997] INFO  server.RaftServer (ConfUtils.java:logGet(46)) - raft.rpc.type = GRPC (default)
2023-04-21 06:16:21,033 [Listener at 0.0.0.0/39997] INFO  grpc.GrpcConfigKeys (ConfUtils.java:logFallback(53)) - raft.grpc.admin.host = null (fallback to raft.grpc.server.host)
2023-04-21 06:16:21,033 [Listener at 0.0.0.0/39997] INFO  grpc.GrpcConfigKeys (ConfUtils.java:logFallback(53)) - raft.grpc.admin.port = 9872 (fallback to raft.grpc.server.port)
2023-04-21 06:16:21,033 [Listener at 0.0.0.0/39997] INFO  grpc.GrpcConfigKeys (ConfUtils.java:logFallback(53)) - raft.grpc.client.host = null (fallback to raft.grpc.server.host)
2023-04-21 06:16:21,033 [Listener at 0.0.0.0/39997] INFO  grpc.GrpcConfigKeys (ConfUtils.java:logFallback(53)) - raft.grpc.client.port = 9872 (fallback to raft.grpc.server.port)
2023-04-21 06:16:21,033 [Listener at 0.0.0.0/39997] INFO  grpc.GrpcConfigKeys (ConfUtils.java:logGet(46)) - raft.grpc.server.host = null (default)
2023-04-21 06:16:21,033 [Listener at 0.0.0.0/39997] INFO  grpc.GrpcConfigKeys (ConfUtils.java:logGet(46)) - raft.grpc.server.port = 9872 (custom)
2023-04-21 06:16:21,033 [Listener at 0.0.0.0/39997] INFO  server.GrpcService (ConfUtils.java:logGet(46)) - raft.grpc.message.size.max = 33554432 (custom)
2023-04-21 06:16:21,033 [Listener at 0.0.0.0/39997] INFO  server.RaftServerConfigKeys (ConfUtils.java:logGet(46)) - raft.server.log.appender.buffer.byte-limit = 33554432 (custom)
2023-04-21 06:16:21,033 [Listener at 0.0.0.0/39997] INFO  server.GrpcService (ConfUtils.java:logGet(46)) - raft.grpc.flow.control.window = 1MB (=1048576) (default)
2023-04-21 06:16:21,033 [Listener at 0.0.0.0/39997] INFO  server.RaftServerConfigKeys (ConfUtils.java:logGet(46)) - raft.server.rpc.request.timeout = 3000ms (default)
2023-04-21 06:16:21,033 [Listener at 0.0.0.0/39997] INFO  grpc.GrpcConfigKeys (ConfUtils.java:logGet(46)) - raft.grpc.server.heartbeat.channel = true (default)
2023-04-21 06:16:21,033 [Listener at 0.0.0.0/39997] INFO  grpc.GrpcConfigKeys (ConfUtils.java:logGet(46)) - raft.grpc.server.async.request.thread.pool.cached = true (default)
2023-04-21 06:16:21,033 [Listener at 0.0.0.0/39997] INFO  grpc.GrpcConfigKeys (ConfUtils.java:logGet(46)) - raft.grpc.server.async.request.thread.pool.size = 32 (default)
2023-04-21 06:16:21,035 [Listener at 0.0.0.0/39997] INFO  impl.DataStreamServerImpl (ConfUtils.java:logGet(46)) - raft.datastream.type = DISABLED (default)
2023-04-21 06:16:21,035 [Listener at 0.0.0.0/39997] INFO  server.RaftServerConfigKeys (ConfUtils.java:logGet(46)) - raft.server.threadpool.proxy.cached = true (default)
2023-04-21 06:16:21,035 [Listener at 0.0.0.0/39997] INFO  server.RaftServerConfigKeys (ConfUtils.java:logGet(46)) - raft.server.threadpool.proxy.size = 0 (default)
2023-04-21 06:16:21,035 [Listener at 0.0.0.0/39997] INFO  server.RaftServerConfigKeys (ConfUtils.java:logGet(46)) - raft.server.rpc.slowness.timeout = 120s (custom)
2023-04-21 06:16:21,035 [Listener at 0.0.0.0/39997] INFO  server.RaftServerConfigKeys (ConfUtils.java:logGet(46)) - raft.server.leaderelection.leader.step-down.wait-time = 10s (default)
2023-04-21 06:16:21,035 [Listener at 0.0.0.0/39997] INFO  server.RaftServerConfigKeys (ConfUtils.java:logGet(46)) - raft.server.storage.dir = [/home/runner/work/ozone/ozone/hadoop-ozone/integration-test/target/test-dir/MiniOzoneClusterImpl-48be086b-510e-48a6-912b-c1dd212c4943/ozone-meta/ratis] (custom)
2023-04-21 06:16:21,036 [Listener at 0.0.0.0/39997] INFO  server.RaftServer (RaftServerProxy.java:addNew(96)) - om1: addNew group-C5BA1605619E:[om1|rpc:localhost:9872|priority:0|startupRole:FOLLOWER] returns group-C5BA1605619E:java.util.concurrent.CompletableFuture@72fd80d2[Not completed]
2023-04-21 06:16:21,036 [Listener at 0.0.0.0/39997] INFO  om.OzoneManager (OzoneManager.java:initializeRatisServer(2095)) - OzoneManager Ratis server initialized at port 9872
2023-04-21 06:16:21,036 [pool-329-thread-1] INFO  server.RaftServer$Division (RaftServerImpl.java:<init>(195)) - om1: new RaftServerImpl for group-C5BA1605619E:[om1|rpc:localhost:9872|priority:0|startupRole:FOLLOWER] with OzoneManagerStateMachine:uninitialized
2023-04-21 06:16:21,036 [Listener at 0.0.0.0/39997] INFO  om.OzoneManager (OzoneManager.java:getRpcServer(1142)) - Creating RPC Server
2023-04-21 06:16:21,036 [pool-329-thread-1] INFO  server.RaftServerConfigKeys (ConfUtils.java:logGet(46)) - raft.server.rpc.timeout.min = 1s (custom)
2023-04-21 06:16:21,036 [pool-329-thread-1] INFO  server.RaftServerConfigKeys (ConfUtils.java:logGet(46)) - raft.server.rpc.timeout.max = 1200ms (custom)
2023-04-21 06:16:21,036 [pool-329-thread-1] INFO  server.RaftServerConfigKeys (ConfUtils.java:logGet(46)) - raft.server.rpc.sleep.time = 25ms (default)
2023-04-21 06:16:21,036 [pool-329-thread-1] INFO  server.RaftServerConfigKeys (ConfUtils.java:logGet(46)) - raft.server.rpc.slowness.timeout = 120s (custom)
2023-04-21 06:16:21,037 [pool-329-thread-1] INFO  server.RaftServerConfigKeys (ConfUtils.java:logGet(46)) - raft.server.leaderelection.leader.step-down.wait-time = 10s (default)
2023-04-21 06:16:21,037 [pool-329-thread-1] INFO  server.RaftServerConfigKeys (ConfUtils.java:logGet(46)) - raft.server.sleep.deviation.threshold = 300ms (default)
2023-04-21 06:16:21,037 [pool-329-thread-1] INFO  server.RaftServer$Division (ServerState.java:<init>(118)) - om1@group-C5BA1605619E: ConfigurationManager, init=-1: peers:[om1|rpc:localhost:9872|priority:0|startupRole:FOLLOWER]|listeners:[], old=null, confs=<EMPTY_MAP>
2023-04-21 06:16:21,037 [pool-329-thread-1] INFO  server.RaftServerConfigKeys (ConfUtils.java:logGet(46)) - raft.server.storage.dir = [/home/runner/work/ozone/ozone/hadoop-ozone/integration-test/target/test-dir/MiniOzoneClusterImpl-48be086b-510e-48a6-912b-c1dd212c4943/ozone-meta/ratis] (custom)
2023-04-21 06:16:21,037 [pool-329-thread-1] INFO  server.RaftServerConfigKeys (ConfUtils.java:logGet(46)) - raft.server.log.corruption.policy = EXCEPTION (default)
2023-04-21 06:16:21,037 [pool-329-thread-1] INFO  server.RaftServerConfigKeys (ConfUtils.java:logGet(46)) - raft.server.storage.free-space.min = 0MB (=0) (default)
2023-04-21 06:16:21,037 [pool-329-thread-1] INFO  server.RaftServerConfigKeys (ConfUtils.java:logGet(46)) - raft.server.notification.no-leader.timeout = 120s (custom)
2023-04-21 06:16:21,037 [pool-329-thread-1] INFO  server.RaftServerConfigKeys (ConfUtils.java:logGet(46)) - raft.server.retrycache.expirytime = 300s (custom)
2023-04-21 06:16:21,038 [pool-329-thread-1] INFO  server.RaftServerConfigKeys (ConfUtils.java:logGet(46)) - raft.server.retrycache.statistics.expirytime = 100μs (default)
2023-04-21 06:16:21,039 [pool-329-thread-1] INFO  server.RaftServerConfigKeys (ConfUtils.java:logGet(46)) - raft.server.log.appender.install.snapshot.enabled = false (custom)
2023-04-21 06:16:21,039 [pool-329-thread-1] INFO  server.RaftServerConfigKeys (ConfUtils.java:logGet(46)) - raft.server.threadpool.server.cached = true (default)
2023-04-21 06:16:21,039 [pool-329-thread-1] INFO  server.RaftServerConfigKeys (ConfUtils.java:logGet(46)) - raft.server.threadpool.server.size = 0 (default)
2023-04-21 06:16:21,041 [pool-329-thread-1] INFO  server.RaftServerConfigKeys (ConfUtils.java:logGet(46)) - raft.server.threadpool.client.cached = true (default)
2023-04-21 06:16:21,041 [pool-329-thread-1] INFO  server.RaftServerConfigKeys (ConfUtils.java:logGet(46)) - raft.server.threadpool.client.size = 0 (default)
2023-04-21 06:16:21,414 [Listener at 0.0.0.0/39997] INFO  reflections.Reflections (Reflections.java:scan(232)) - Reflections took 377 ms to scan 19 urls, producing 68 keys and 5070 values [using 2 cores]
2023-04-21 06:16:21,415 [Listener at 0.0.0.0/39997] INFO  ipc.CallQueueManager (CallQueueManager.java:<init>(90)) - Using callQueue: class java.util.concurrent.LinkedBlockingQueue, queueCapacity: 2000, scheduler: class org.apache.hadoop.ipc.DefaultRpcScheduler, ipcBackoff: false.
2023-04-21 06:16:21,416 [Socket Reader #1 for port 0] INFO  ipc.Server (Server.java:run(1319)) - Starting Socket Reader #1 for port 0
2023-04-21 06:16:21,437 [Listener at 127.0.0.1/32823] INFO  impl.MetricsSystemImpl (MetricsSystemImpl.java:init(158)) - OzoneManager metrics system started (again)
2023-04-21 06:16:21,448 [Listener at 127.0.0.1/32823] INFO  om.OzoneManager (OzoneManager.java:start(1563)) - OzoneManager RPC server is listening at localhost/127.0.0.1:32823
2023-04-21 06:16:21,448 [Listener at 127.0.0.1/32823] INFO  ratis.OzoneManagerRatisServer (OzoneManagerRatisServer.java:start(558)) - Starting OzoneManagerRatisServer om1 at port 9872
2023-04-21 06:16:21,448 [om1-impl-thread1] INFO  storage.RaftStorageDirectory (RaftStorageDirectoryImpl.java:analyzeStorage(137)) - The storage directory /home/runner/work/ozone/ozone/hadoop-ozone/integration-test/target/test-dir/MiniOzoneClusterImpl-48be086b-510e-48a6-912b-c1dd212c4943/ozone-meta/ratis/bf265839-605b-3f16-9796-c5ba1605619e does not exist. Creating ...
2023-04-21 06:16:21,450 [om1-impl-thread1] INFO  storage.RaftStorageDirectory (RaftStorageDirectoryImpl.java:tryLock(231)) - Lock on /home/runner/work/ozone/ozone/hadoop-ozone/integration-test/target/test-dir/MiniOzoneClusterImpl-48be086b-510e-48a6-912b-c1dd212c4943/ozone-meta/ratis/bf265839-605b-3f16-9796-c5ba1605619e/in_use.lock acquired by nodename 2764@fv-az205-422
2023-04-21 06:16:21,452 [om1-impl-thread1] INFO  storage.RaftStorage (RaftStorageImpl.java:format(96)) - Storage directory /home/runner/work/ozone/ozone/hadoop-ozone/integration-test/target/test-dir/MiniOzoneClusterImpl-48be086b-510e-48a6-912b-c1dd212c4943/ozone-meta/ratis/bf265839-605b-3f16-9796-c5ba1605619e has been successfully formatted.
2023-04-21 06:16:21,452 [om1-impl-thread1] INFO  server.RaftServerConfigKeys (ConfUtils.java:logGet(46)) - raft.server.log.use.memory = false (default)
2023-04-21 06:16:21,452 [om1-impl-thread1] INFO  server.RaftServerConfigKeys (ConfUtils.java:logGet(46)) - raft.server.log.purge.gap = 1000000 (custom)
2023-04-21 06:16:21,452 [om1-impl-thread1] INFO  server.RaftServerConfigKeys (ConfUtils.java:logGet(46)) - raft.server.log.appender.buffer.byte-limit = 33554432 (custom)
2023-04-21 06:16:21,452 [om1-impl-thread1] INFO  server.RaftServerConfigKeys (ConfUtils.java:logGet(46)) - raft.server.log.statemachine.data.read.timeout = 1000ms (default)
2023-04-21 06:16:21,452 [om1-impl-thread1] INFO  server.RaftServerConfigKeys (ConfUtils.java:logGet(46)) - raft.server.log.purge.preservation.log.num = 0 (default)
2023-04-21 06:16:21,452 [om1-impl-thread1] INFO  server.RaftServerConfigKeys (ConfUtils.java:logGet(46)) - raft.server.log.segment.size.max = 4194304 (custom)
2023-04-21 06:16:21,452 [om1-impl-thread1] INFO  server.RaftServerConfigKeys (ConfUtils.java:logGet(46)) - raft.server.log.segment.cache.num.max = 2 (custom)
2023-04-21 06:16:21,452 [om1-impl-thread1] INFO  server.RaftServerConfigKeys (ConfUtils.java:logGet(46)) - raft.server.log.segment.cache.size.max = 200MB (=209715200) (default)
2023-04-21 06:16:21,453 [om1-impl-thread1] INFO  segmented.SegmentedRaftLogWorker (SegmentedRaftLogWorker.java:<init>(189)) - new om1@group-C5BA1605619E-SegmentedRaftLogWorker for RaftStorageImpl:Storage Directory /home/runner/work/ozone/ozone/hadoop-ozone/integration-test/target/test-dir/MiniOzoneClusterImpl-48be086b-510e-48a6-912b-c1dd212c4943/ozone-meta/ratis/bf265839-605b-3f16-9796-c5ba1605619e
2023-04-21 06:16:21,453 [om1-impl-thread1] INFO  server.RaftServerConfigKeys (ConfUtils.java:logGet(46)) - raft.server.log.queue.byte-limit = 64MB (=67108864) (default)
2023-04-21 06:16:21,453 [om1-impl-thread1] INFO  server.RaftServerConfigKeys (ConfUtils.java:logGet(46)) - raft.server.log.queue.element-limit = 4096 (default)
2023-04-21 06:16:21,453 [om1-impl-thread1] INFO  server.RaftServerConfigKeys (ConfUtils.java:logGet(46)) - raft.server.log.segment.size.max = 4194304 (custom)
2023-04-21 06:16:21,453 [om1-impl-thread1] INFO  server.RaftServerConfigKeys (ConfUtils.java:logGet(46)) - raft.server.log.preallocated.size = 4194304 (custom)
2023-04-21 06:16:21,453 [om1-impl-thread1] INFO  server.RaftServerConfigKeys (ConfUtils.java:logGet(46)) - raft.server.log.force.sync.num = 128 (default)
2023-04-21 06:16:21,453 [om1-impl-thread1] INFO  server.RaftServerConfigKeys (ConfUtils.java:logGet(46)) - raft.server.log.statemachine.data.sync = true (default)
2023-04-21 06:16:21,453 [om1-impl-thread1] INFO  server.RaftServerConfigKeys (ConfUtils.java:logGet(46)) - raft.server.log.statemachine.data.sync.timeout = 10s (default)
2023-04-21 06:16:21,453 [om1-impl-thread1] INFO  server.RaftServerConfigKeys (ConfUtils.java:logGet(46)) - raft.server.log.statemachine.data.sync.timeout.retry = -1 (default)
2023-04-21 06:16:21,453 [om1-impl-thread1] INFO  server.RaftServerConfigKeys (ConfUtils.java:logGet(46)) - raft.server.log.write.buffer.size = 64KB (=65536) (default)
2023-04-21 06:16:21,453 [om1-impl-thread1] INFO  server.RaftServerConfigKeys (ConfUtils.java:logGet(46)) - raft.server.log.appender.buffer.byte-limit = 33554432 (custom)
2023-04-21 06:16:21,458 [om1-impl-thread1] INFO  server.RaftServerConfigKeys (ConfUtils.java:logGet(46)) - raft.server.log.unsafe-flush.enabled = false (default)
2023-04-21 06:16:21,458 [om1-impl-thread1] INFO  server.RaftServerConfigKeys (ConfUtils.java:logGet(46)) - raft.server.log.async-flush.enabled = false (default)
2023-04-21 06:16:21,458 [om1-impl-thread1] INFO  server.RaftServerConfigKeys (ConfUtils.java:logGet(46)) - raft.server.log.statemachine.data.caching.enabled = false (default)
2023-04-21 06:16:21,458 [om1-impl-thread1] INFO  segmented.SegmentedRaftLogWorker (SegmentedRaftLogWorker.java:lambda$new$0(135)) - om1@group-C5BA1605619E-SegmentedRaftLogWorker: flushIndex: setUnconditionally 0 -> -1
2023-04-21 06:16:21,459 [om1-impl-thread1] INFO  segmented.SegmentedRaftLogWorker (SegmentedRaftLogWorker.java:lambda$new$0(135)) - om1@group-C5BA1605619E-SegmentedRaftLogWorker: safeCacheEvictIndex: setUnconditionally 0 -> -1
2023-04-21 06:16:21,459 [om1-impl-thread1] INFO  server.RaftServer$Division (RaftServerImpl.java:start(334)) - om1@group-C5BA1605619E: start as a follower, conf=-1: peers:[om1|rpc:localhost:9872|priority:0|startupRole:FOLLOWER]|listeners:[], old=null
2023-04-21 06:16:21,459 [om1-impl-thread1] INFO  server.RaftServer$Division (RaftServerImpl.java:setRole(321)) - om1@group-C5BA1605619E: changes role from      null to FOLLOWER at term 0 for startAsFollower
2023-04-21 06:16:21,459 [om1-impl-thread1] INFO  impl.RoleInfo (RoleInfo.java:updateAndGet(139)) - om1: start om1@group-C5BA1605619E-FollowerState
2023-04-21 06:16:21,459 [om1-impl-thread1] INFO  util.JmxRegister (JmxRegister.java:tryRegister(44)) - Successfully registered JMX Bean with object name Ratis:service=RaftServer,group=group-C5BA1605619E,id=om1
2023-04-21 06:16:21,459 [om1@group-C5BA1605619E-FollowerState] INFO  server.RaftServerConfigKeys (ConfUtils.java:logFallback(53)) - raft.server.rpc.first-election.timeout.min = 1s (fallback to raft.server.rpc.timeout.min)
2023-04-21 06:16:21,459 [om1-impl-thread1] INFO  server.RaftServerConfigKeys (ConfUtils.java:logGet(46)) - raft.server.snapshot.auto.trigger.enabled = true (custom)
2023-04-21 06:16:21,459 [om1@group-C5BA1605619E-FollowerState] INFO  server.RaftServerConfigKeys (ConfUtils.java:logFallback(53)) - raft.server.rpc.first-election.timeout.max = 1200ms (fallback to raft.server.rpc.timeout.max)
2023-04-21 06:16:21,459 [om1-impl-thread1] INFO  server.RaftServerConfigKeys (ConfUtils.java:logGet(46)) - raft.server.snapshot.auto.trigger.threshold = 400000 (default)
2023-04-21 06:16:21,459 [om1-impl-thread1] INFO  server.RaftServerConfigKeys (ConfUtils.java:logGet(46)) - raft.server.snapshot.retention.file.num = -1 (default)
2023-04-21 06:16:21,459 [om1-impl-thread1] INFO  server.RaftServerConfigKeys (ConfUtils.java:logGet(46)) - raft.server.log.purge.upto.snapshot.index = true (custom)
2023-04-21 06:16:21,460 [Listener at 127.0.0.1/32823] INFO  server.RaftServer (RaftServerProxy.java:startImpl(393)) - om1: start RPC server
2023-04-21 06:16:21,462 [Listener at 127.0.0.1/32823] INFO  server.GrpcService (GrpcService.java:startImpl(262)) - om1: GrpcService started, listening on 9872
2023-04-21 06:16:21,462 [Listener at 127.0.0.1/32823] INFO  om.OzoneManager (OzoneManager.java:start(1579)) - Version File has different layout version (4) than OM DB (null). That is expected if this OM has never been finalized to a newer layout version.
2023-04-21 06:16:21,462 [JvmPauseMonitor6] INFO  util.JvmPauseMonitor (JvmPauseMonitor.java:run(105)) - JvmPauseMonitor-om1: Started
2023-04-21 06:16:21,469 [Listener at 127.0.0.1/32823] INFO  http.BaseHttpServer (BaseHttpServer.java:newHttpServer2BuilderForOzone(224)) - Starting Web-server for ozoneManager at: http://0.0.0.0:0
2023-04-21 06:16:21,469 [Listener at 127.0.0.1/32823] INFO  http.BaseHttpServer (BaseHttpServer.java:<init>(111)) - Hadoop Security Enabled: false Ozone Security Enabled: false Ozone HTTP Security Enabled: false 
2023-04-21 06:16:21,470 [Listener at 127.0.0.1/32823] WARN  server.AuthenticationFilter (AuthenticationFilter.java:constructSecretProvider(240)) - Unable to initialize FileSignerSecretProvider, falling back to use random secrets. Reason: Could not read signature secret file: /home/runner/hadoop-http-auth-signature-secret
2023-04-21 06:16:21,471 [Listener at 127.0.0.1/32823] INFO  http.HttpRequestLog (HttpRequestLog.java:getRequestLog(86)) - Http request log for http.requests.ozoneManager is not defined
2023-04-21 06:16:21,472 [Listener at 127.0.0.1/32823] INFO  http.HttpServer2 (HttpServer2.java:addGlobalFilter(1031)) - Added global filter 'safety' (class=org.apache.hadoop.hdds.server.http.HttpServer2$QuotingInputFilter)
2023-04-21 06:16:21,475 [Listener at 127.0.0.1/32823] INFO  http.HttpServer2 (HttpServer2.java:addFilter(1007)) - Added filter static_user_filter (class=org.apache.hadoop.http.lib.StaticUserWebFilter$StaticUserFilter) to context ozoneManager
2023-04-21 06:16:21,475 [Listener at 127.0.0.1/32823] INFO  http.HttpServer2 (HttpServer2.java:addFilter(1015)) - Added filter static_user_filter (class=org.apache.hadoop.http.lib.StaticUserWebFilter$StaticUserFilter) to context logs
2023-04-21 06:16:21,478 [Listener at 127.0.0.1/32823] INFO  http.HttpServer2 (HttpServer2.java:addFilter(1015)) - Added filter static_user_filter (class=org.apache.hadoop.http.lib.StaticUserWebFilter$StaticUserFilter) to context static
2023-04-21 06:16:21,478 [Listener at 127.0.0.1/32823] INFO  http.BaseHttpServer (BaseHttpServer.java:<init>(190)) - HTTP server of ozoneManager uses base directory /home/runner/work/ozone/ozone/hadoop-ozone/integration-test/target/test-dir/MiniOzoneClusterImpl-48be086b-510e-48a6-912b-c1dd212c4943/ozone-meta/webserver
2023-04-21 06:16:21,478 [Listener at 127.0.0.1/32823] INFO  http.HttpServer2 (HttpServer2.java:bindListener(1250)) - Jetty bound to port 38989
2023-04-21 06:16:21,478 [Listener at 127.0.0.1/32823] INFO  server.Server (Server.java:doStart(375)) - jetty-9.4.49.v20220914; built: 2022-09-14T01:07:36.601Z; git: 4231a3b2e4cb8548a412a789936d640a97b1aa0a; jvm 1.8.0_362-b09
2023-04-21 06:16:21,480 [Listener at 127.0.0.1/32823] INFO  server.session (DefaultSessionIdManager.java:doStart(334)) - DefaultSessionIdManager workerName=node0
2023-04-21 06:16:21,480 [Listener at 127.0.0.1/32823] INFO  server.session (DefaultSessionIdManager.java:doStart(339)) - No SessionScavenger set, using defaults
2023-04-21 06:16:21,480 [Listener at 127.0.0.1/32823] INFO  server.session (HouseKeeper.java:startScavenging(132)) - node0 Scavenging every 660000ms
2023-04-21 06:16:21,481 [Listener at 127.0.0.1/32823] INFO  handler.ContextHandler (ContextHandler.java:doStart(921)) - Started o.e.j.s.ServletContextHandler@536e7e26{logs,/logs,file:///home/runner/work/ozone/ozone/hadoop-ozone/integration-test/target/log,AVAILABLE}
2023-04-21 06:16:21,481 [Listener at 127.0.0.1/32823] INFO  handler.ContextHandler (ContextHandler.java:doStart(921)) - Started o.e.j.s.ServletContextHandler@7acee422{static,/static,file:///home/runner/work/ozone/ozone/hadoop-ozone/integration-test/target/test-classes/webapps/static,AVAILABLE}
2023-04-21 06:16:21,484 [Listener at 127.0.0.1/32823] INFO  handler.ContextHandler (ContextHandler.java:doStart(921)) - Started o.e.j.w.WebAppContext@9fcd03{ozoneManager,/,file:///home/runner/work/ozone/ozone/hadoop-ozone/integration-test/target/test-classes/webapps/ozoneManager/,AVAILABLE}{file:/home/runner/work/ozone/ozone/hadoop-ozone/integration-test/target/test-classes/webapps/ozoneManager}
2023-04-21 06:16:21,490 [Listener at 127.0.0.1/32823] INFO  server.AbstractConnector (AbstractConnector.java:doStart(333)) - Started ServerConnector@5208b23e{HTTP/1.1, (http/1.1)}{0.0.0.0:38989}
2023-04-21 06:16:21,490 [Listener at 127.0.0.1/32823] INFO  server.Server (Server.java:doStart(415)) - Started @64180ms
2023-04-21 06:16:21,490 [Listener at 127.0.0.1/32823] WARN  impl.MetricsSystemImpl (MetricsSystemImpl.java:register(279)) - Sink prometheus already exists!
2023-04-21 06:16:21,491 [Listener at 127.0.0.1/32823] INFO  http.BaseHttpServer (BaseHttpServer.java:updateConnectorAddress(344)) - HTTP server of ozoneManager listening at http://0.0.0.0:38989
2023-04-21 06:16:21,491 [IPC Server Responder] INFO  ipc.Server (Server.java:run(1558)) - IPC Server Responder: starting
2023-04-21 06:16:21,494 [IPC Server listener on 0] INFO  ipc.Server (Server.java:run(1398)) - IPC Server listener on 0: starting
2023-04-21 06:16:21,498 [Listener at 127.0.0.1/32823] INFO  om.OzoneManager (OzoneManager.java:startTrashEmptier(2039)) - Trash Interval set to 0. Files deleted won't move to trash
2023-04-21 06:16:21,499 [org.apache.hadoop.util.JvmPauseMonitor$Monitor@3784f02e] INFO  util.JvmPauseMonitor (JvmPauseMonitor.java:run(188)) - Starting JVM pause monitor
2023-04-21 06:16:21,515 [Listener at 127.0.0.1/32823] WARN  impl.MetricRegistriesImpl (MetricRegistriesImpl.java:addReporterRegistration(111)) - New reporters are added after registries were created. Some metrics will be missing from the reporter. Please add reporter before adding any new registry.
2023-04-21 06:16:21,515 [Listener at 127.0.0.1/32823] WARN  impl.MetricRegistriesImpl (MetricRegistriesImpl.java:addReporterRegistration(111)) - New reporters are added after registries were created. Some metrics will be missing from the reporter. Please add reporter before adding any new registry.
2023-04-21 06:16:21,515 [Listener at 127.0.0.1/32823] INFO  impl.MetricsSystemImpl (MetricsSystemImpl.java:init(158)) - HddsDatanode metrics system started (again)
2023-04-21 06:16:21,526 [Listener at 127.0.0.1/32823] INFO  ozone.HddsDatanodeService (HddsDatanodeService.java:start(252)) - HddsDatanodeService host:fv-az205-422 ip:10.1.0.35
2023-04-21 06:16:21,550 [Listener at 127.0.0.1/32823] INFO  upgrade.AbstractLayoutVersionManager (AbstractLayoutVersionManager.java:init(83)) - Initializing Layout version manager with metadata layout = WEBUI_PORTS_IN_DATANODEDETAILS (version = 6), software layout = WEBUI_PORTS_IN_DATANODEDETAILS (version = 6)
2023-04-21 06:16:21,596 [Listener at 127.0.0.1/32823] INFO  reflections.Reflections (Reflections.java:scan(232)) - Reflections took 45 ms to scan 7 urls, producing 156 keys and 369 values 
2023-04-21 06:16:21,598 [Listener at 127.0.0.1/32823] INFO  statemachine.DatanodeStateMachine (DatanodeStateMachine.java:getEndPointTaskThreadPoolSize(260)) - Datanode State Machine Task Thread Pool size 2
2023-04-21 06:16:21,599 [Listener at 127.0.0.1/32823] INFO  volume.HddsVolume (HddsVolume.java:<init>(130)) - Creating HddsVolume: /home/runner/work/ozone/ozone/hadoop-ozone/integration-test/target/test-dir/MiniOzoneClusterImpl-48be086b-510e-48a6-912b-c1dd212c4943/datanode-0/data-0/containers/hdds of storage type : DISK capacity : 9223372036854775807
2023-04-21 06:16:21,600 [Listener at 127.0.0.1/32823] INFO  volume.MutableVolumeSet (MutableVolumeSet.java:initializeVolumeSet(175)) - Added Volume : /home/runner/work/ozone/ozone/hadoop-ozone/integration-test/target/test-dir/MiniOzoneClusterImpl-48be086b-510e-48a6-912b-c1dd212c4943/datanode-0/data-0/containers/hdds to VolumeSet
2023-04-21 06:16:21,600 [Listener at 127.0.0.1/32823] INFO  volume.ThrottledAsyncChecker (ThrottledAsyncChecker.java:schedule(141)) - Scheduling a check for /home/runner/work/ozone/ozone/hadoop-ozone/integration-test/target/test-dir/MiniOzoneClusterImpl-48be086b-510e-48a6-912b-c1dd212c4943/datanode-0/data-0/containers/hdds
2023-04-21 06:16:21,604 [Listener at 127.0.0.1/32823] INFO  volume.StorageVolumeChecker (StorageVolumeChecker.java:checkAllVolumes(202)) - Scheduled health check for volume /home/runner/work/ozone/ozone/hadoop-ozone/integration-test/target/test-dir/MiniOzoneClusterImpl-48be086b-510e-48a6-912b-c1dd212c4943/datanode-0/data-0/containers/hdds
2023-04-21 06:16:21,615 [Listener at 127.0.0.1/32823] INFO  volume.MutableVolumeSet (MutableVolumeSet.java:initializeVolumeSet(175)) - Added Volume : /home/runner/work/ozone/ozone/hadoop-ozone/integration-test/target/test-dir/MiniOzoneClusterImpl-48be086b-510e-48a6-912b-c1dd212c4943/datanode-0/data/ratis to VolumeSet
2023-04-21 06:16:21,615 [Listener at 127.0.0.1/32823] INFO  volume.ThrottledAsyncChecker (ThrottledAsyncChecker.java:schedule(141)) - Scheduling a check for /home/runner/work/ozone/ozone/hadoop-ozone/integration-test/target/test-dir/MiniOzoneClusterImpl-48be086b-510e-48a6-912b-c1dd212c4943/datanode-0/data/ratis
2023-04-21 06:16:21,616 [Listener at 127.0.0.1/32823] INFO  volume.StorageVolumeChecker (StorageVolumeChecker.java:checkAllVolumes(202)) - Scheduled health check for volume /home/runner/work/ozone/ozone/hadoop-ozone/integration-test/target/test-dir/MiniOzoneClusterImpl-48be086b-510e-48a6-912b-c1dd212c4943/datanode-0/data/ratis
2023-04-21 06:16:21,626 [Thread-783] INFO  ozoneimpl.ContainerReader (ContainerReader.java:readVolume(175)) - Finish verifying containers on volume /home/runner/work/ozone/ozone/hadoop-ozone/integration-test/target/test-dir/MiniOzoneClusterImpl-48be086b-510e-48a6-912b-c1dd212c4943/datanode-0/data-0/containers/hdds
2023-04-21 06:16:21,626 [Listener at 127.0.0.1/32823] INFO  ozoneimpl.OzoneContainer (OzoneContainer.java:buildContainerSet(303)) - Build ContainerSet costs 0s
2023-04-21 06:16:21,628 [Listener at 127.0.0.1/32823] INFO  server.RaftServer (ConfUtils.java:logGet(46)) - raft.rpc.type = GRPC (default)
2023-04-21 06:16:21,629 [Listener at 127.0.0.1/32823] INFO  grpc.GrpcConfigKeys (ConfUtils.java:logFallback(53)) - raft.grpc.admin.host = null (fallback to raft.grpc.server.host)
2023-04-21 06:16:21,629 [Listener at 127.0.0.1/32823] INFO  grpc.GrpcConfigKeys (ConfUtils.java:logGet(46)) - raft.grpc.admin.port = 0 (custom)
2023-04-21 06:16:21,629 [Listener at 127.0.0.1/32823] INFO  grpc.GrpcConfigKeys (ConfUtils.java:logFallback(53)) - raft.grpc.client.host = null (fallback to raft.grpc.server.host)
2023-04-21 06:16:21,629 [Listener at 127.0.0.1/32823] INFO  grpc.GrpcConfigKeys (ConfUtils.java:logGet(46)) - raft.grpc.client.port = 0 (custom)
2023-04-21 06:16:21,629 [Listener at 127.0.0.1/32823] INFO  grpc.GrpcConfigKeys (ConfUtils.java:logGet(46)) - raft.grpc.server.host = null (default)
2023-04-21 06:16:21,629 [Listener at 127.0.0.1/32823] INFO  grpc.GrpcConfigKeys (ConfUtils.java:logGet(46)) - raft.grpc.server.port = 0 (default)
2023-04-21 06:16:21,629 [Listener at 127.0.0.1/32823] INFO  server.GrpcService (ConfUtils.java:logGet(46)) - raft.grpc.message.size.max = 32MB (=33554432) (custom)
2023-04-21 06:16:21,629 [Listener at 127.0.0.1/32823] INFO  server.RaftServerConfigKeys (ConfUtils.java:logGet(46)) - raft.server.log.appender.buffer.byte-limit = 33554432 (custom)
2023-04-21 06:16:21,629 [Listener at 127.0.0.1/32823] INFO  server.GrpcService (ConfUtils.java:logGet(46)) - raft.grpc.flow.control.window = 5MB (=5242880) (custom)
2023-04-21 06:16:21,629 [Listener at 127.0.0.1/32823] INFO  server.RaftServerConfigKeys (ConfUtils.java:logGet(46)) - raft.server.rpc.request.timeout = 60s (custom)
2023-04-21 06:16:21,629 [Listener at 127.0.0.1/32823] INFO  grpc.GrpcConfigKeys (ConfUtils.java:logGet(46)) - raft.grpc.server.heartbeat.channel = true (default)
2023-04-21 06:16:21,629 [Listener at 127.0.0.1/32823] INFO  grpc.GrpcConfigKeys (ConfUtils.java:logGet(46)) - raft.grpc.server.async.request.thread.pool.cached = true (default)
2023-04-21 06:16:21,634 [Listener at 127.0.0.1/32823] INFO  grpc.GrpcConfigKeys (ConfUtils.java:logGet(46)) - raft.grpc.server.async.request.thread.pool.size = 32 (default)
2023-04-21 06:16:21,636 [Listener at 127.0.0.1/32823] INFO  impl.DataStreamServerImpl (ConfUtils.java:logGet(46)) - raft.datastream.type = NETTY (custom)
2023-04-21 06:16:21,636 [Listener at 127.0.0.1/32823] INFO  server.RaftServerConfigKeys (ConfUtils.java:logGet(46)) - raft.server.data-stream.async.request.thread.pool.cached = false (default)
2023-04-21 06:16:21,636 [Listener at 127.0.0.1/32823] INFO  server.RaftServerConfigKeys (ConfUtils.java:logGet(46)) - raft.server.data-stream.async.request.thread.pool.size = 20 (custom)
2023-04-21 06:16:21,636 [Listener at 127.0.0.1/32823] INFO  server.RaftServerConfigKeys (ConfUtils.java:logGet(46)) - raft.server.data-stream.async.write.thread.pool.size = 16 (default)
2023-04-21 06:16:21,636 [Listener at 127.0.0.1/32823] INFO  server.RaftServerConfigKeys (ConfUtils.java:logGet(46)) - raft.server.data-stream.client.pool.size = 10 (default)
2023-04-21 06:16:21,636 [Listener at 127.0.0.1/32823] INFO  netty.NettyConfigKeys$DataStream (ConfUtils.java:logGet(46)) - raft.netty.dataStream.server.use-epoll = false (default)
2023-04-21 06:16:21,636 [Listener at 127.0.0.1/32823] INFO  netty.NettyConfigKeys$DataStream (ConfUtils.java:logGet(46)) - raft.netty.dataStream.server.boss-group.size = 0 (default)
2023-04-21 06:16:21,637 [Listener at 127.0.0.1/32823] INFO  netty.NettyConfigKeys$DataStream (ConfUtils.java:logGet(46)) - raft.netty.dataStream.server.worker-group.size = 0 (default)
2023-04-21 06:16:21,637 [Listener at 127.0.0.1/32823] INFO  netty.NettyConfigKeys$DataStream (ConfUtils.java:logGet(46)) - raft.netty.dataStream.server.tls.conf = null (default)
2023-04-21 06:16:21,637 [Listener at 127.0.0.1/32823] INFO  netty.NettyConfigKeys$DataStream (ConfUtils.java:logGet(46)) - raft.netty.dataStream.host = null (default)
2023-04-21 06:16:21,637 [Listener at 127.0.0.1/32823] INFO  netty.NettyConfigKeys$DataStream (ConfUtils.java:logGet(46)) - raft.netty.dataStream.port = 0 (default)
2023-04-21 06:16:21,638 [Listener at 127.0.0.1/32823] INFO  server.RaftServerConfigKeys (ConfUtils.java:logGet(46)) - raft.server.threadpool.proxy.cached = true (default)
2023-04-21 06:16:21,638 [Listener at 127.0.0.1/32823] INFO  server.RaftServerConfigKeys (ConfUtils.java:logGet(46)) - raft.server.threadpool.proxy.size = 0 (default)
2023-04-21 06:16:21,638 [Listener at 127.0.0.1/32823] INFO  server.RaftServerConfigKeys (ConfUtils.java:logGet(46)) - raft.server.rpc.slowness.timeout = 300s (custom)
2023-04-21 06:16:21,638 [Listener at 127.0.0.1/32823] INFO  server.RaftServerConfigKeys (ConfUtils.java:logGet(46)) - raft.server.leaderelection.leader.step-down.wait-time = 10s (default)
2023-04-21 06:16:21,638 [Listener at 127.0.0.1/32823] INFO  server.RaftServerConfigKeys (ConfUtils.java:logGet(46)) - raft.server.storage.dir = [/home/runner/work/ozone/ozone/hadoop-ozone/integration-test/target/test-dir/MiniOzoneClusterImpl-48be086b-510e-48a6-912b-c1dd212c4943/datanode-0/data/ratis] (custom)
2023-04-21 06:16:21,640 [4333bcaf-cc70-4ceb-8f29-2dbb294defd1-NettyServerStreamRpc-bossGroup--thread1] INFO  logging.LoggingHandler (AbstractInternalLogger.java:log(148)) - [id: 0xd8408fe3] REGISTERED
2023-04-21 06:16:21,640 [4333bcaf-cc70-4ceb-8f29-2dbb294defd1-NettyServerStreamRpc-bossGroup--thread1] INFO  logging.LoggingHandler (AbstractInternalLogger.java:log(148)) - [id: 0xd8408fe3] BIND: 0.0.0.0/0.0.0.0:0
2023-04-21 06:16:21,640 [4333bcaf-cc70-4ceb-8f29-2dbb294defd1-NettyServerStreamRpc-bossGroup--thread1] INFO  logging.LoggingHandler (AbstractInternalLogger.java:log(148)) - [id: 0xd8408fe3, L:/0:0:0:0:0:0:0:0:46449] ACTIVE
2023-04-21 06:16:21,641 [Listener at 127.0.0.1/32823] INFO  server.XceiverServerGrpc (XceiverServerGrpc.java:<init>(132)) - GrpcServer channel type EpollServerSocketChannel
2023-04-21 06:16:21,645 [Listener at 127.0.0.1/32823] INFO  http.BaseHttpServer (BaseHttpServer.java:newHttpServer2BuilderForOzone(224)) - Starting Web-server for hddsDatanode at: http://0.0.0.0:0
2023-04-21 06:16:21,646 [Listener at 127.0.0.1/32823] INFO  http.BaseHttpServer (BaseHttpServer.java:<init>(111)) - Hadoop Security Enabled: false Ozone Security Enabled: false Ozone HTTP Security Enabled: false 
2023-04-21 06:16:21,647 [Listener at 127.0.0.1/32823] WARN  server.AuthenticationFilter (AuthenticationFilter.java:constructSecretProvider(240)) - Unable to initialize FileSignerSecretProvider, falling back to use random secrets. Reason: Could not read signature secret file: /home/runner/hadoop-http-auth-signature-secret
2023-04-21 06:16:21,647 [Listener at 127.0.0.1/32823] INFO  http.HttpRequestLog (HttpRequestLog.java:getRequestLog(86)) - Http request log for http.requests.hddsDatanode is not defined
2023-04-21 06:16:21,648 [Listener at 127.0.0.1/32823] INFO  http.HttpServer2 (HttpServer2.java:addGlobalFilter(1031)) - Added global filter 'safety' (class=org.apache.hadoop.hdds.server.http.HttpServer2$QuotingInputFilter)
2023-04-21 06:16:21,649 [Listener at 127.0.0.1/32823] INFO  http.HttpServer2 (HttpServer2.java:addFilter(1007)) - Added filter static_user_filter (class=org.apache.hadoop.http.lib.StaticUserWebFilter$StaticUserFilter) to context hddsDatanode
2023-04-21 06:16:21,649 [Listener at 127.0.0.1/32823] INFO  http.HttpServer2 (HttpServer2.java:addFilter(1015)) - Added filter static_user_filter (class=org.apache.hadoop.http.lib.StaticUserWebFilter$StaticUserFilter) to context static
2023-04-21 06:16:21,649 [Listener at 127.0.0.1/32823] INFO  http.HttpServer2 (HttpServer2.java:addFilter(1015)) - Added filter static_user_filter (class=org.apache.hadoop.http.lib.StaticUserWebFilter$StaticUserFilter) to context logs
2023-04-21 06:16:21,650 [Listener at 127.0.0.1/32823] INFO  http.BaseHttpServer (BaseHttpServer.java:<init>(190)) - HTTP server of hddsDatanode uses base directory /home/runner/work/ozone/ozone/hadoop-ozone/integration-test/target/test-dir/MiniOzoneClusterImpl-48be086b-510e-48a6-912b-c1dd212c4943/datanode-0/meta/webserver
2023-04-21 06:16:21,650 [Listener at 127.0.0.1/32823] INFO  http.HttpServer2 (HttpServer2.java:bindListener(1250)) - Jetty bound to port 33665
2023-04-21 06:16:21,650 [Listener at 127.0.0.1/32823] INFO  server.Server (Server.java:doStart(375)) - jetty-9.4.49.v20220914; built: 2022-09-14T01:07:36.601Z; git: 4231a3b2e4cb8548a412a789936d640a97b1aa0a; jvm 1.8.0_362-b09
2023-04-21 06:16:21,651 [Listener at 127.0.0.1/32823] INFO  server.session (DefaultSessionIdManager.java:doStart(334)) - DefaultSessionIdManager workerName=node0
2023-04-21 06:16:21,651 [Listener at 127.0.0.1/32823] INFO  server.session (DefaultSessionIdManager.java:doStart(339)) - No SessionScavenger set, using defaults
2023-04-21 06:16:21,651 [Listener at 127.0.0.1/32823] INFO  server.session (HouseKeeper.java:startScavenging(132)) - node0 Scavenging every 600000ms
2023-04-21 06:16:21,652 [Listener at 127.0.0.1/32823] INFO  handler.ContextHandler (ContextHandler.java:doStart(921)) - Started o.e.j.s.ServletContextHandler@162fed02{logs,/logs,file:///home/runner/work/ozone/ozone/hadoop-ozone/integration-test/target/log,AVAILABLE}
2023-04-21 06:16:21,653 [Listener at 127.0.0.1/32823] INFO  handler.ContextHandler (ContextHandler.java:doStart(921)) - Started o.e.j.s.ServletContextHandler@26b5e669{static,/static,jar:file:/home/runner/.m2/repository/org/apache/ozone/hdds-container-service/1.4.0-SNAPSHOT/hdds-container-service-1.4.0-SNAPSHOT.jar!/webapps/static,AVAILABLE}
2023-04-21 06:16:21,843 [Listener at 127.0.0.1/32823] INFO  handler.ContextHandler (ContextHandler.java:doStart(921)) - Started o.e.j.w.WebAppContext@49a22b32{hddsDatanode,/,file:///home/runner/work/ozone/ozone/hadoop-ozone/integration-test/target/test-dir/MiniOzoneClusterImpl-48be086b-510e-48a6-912b-c1dd212c4943/datanode-0/meta/webserver/jetty-0_0_0_0-33665-hdds-container-service-1_4_0-SNAPSHOT_jar-_-any-5671632651053482550/webapp/,AVAILABLE}{jar:file:/home/runner/.m2/repository/org/apache/ozone/hdds-container-service/1.4.0-SNAPSHOT/hdds-container-service-1.4.0-SNAPSHOT.jar!/webapps/hddsDatanode}
2023-04-21 06:16:21,844 [Listener at 127.0.0.1/32823] INFO  server.AbstractConnector (AbstractConnector.java:doStart(333)) - Started ServerConnector@4864232b{HTTP/1.1, (http/1.1)}{0.0.0.0:33665}
2023-04-21 06:16:21,845 [Listener at 127.0.0.1/32823] INFO  server.Server (Server.java:doStart(415)) - Started @64535ms
2023-04-21 06:16:21,845 [Listener at 127.0.0.1/32823] WARN  impl.MetricsSystemImpl (MetricsSystemImpl.java:register(279)) - Sink prometheus already exists!
2023-04-21 06:16:21,846 [Listener at 127.0.0.1/32823] INFO  http.BaseHttpServer (BaseHttpServer.java:updateConnectorAddress(344)) - HTTP server of hddsDatanode listening at http://0.0.0.0:33665
2023-04-21 06:16:21,849 [Datanode State Machine Daemon Thread] INFO  statemachine.DatanodeStateMachine (DatanodeStateMachine.java:lambda$startDaemon$0(517)) - Ozone container server started.
2023-04-21 06:16:21,849 [Listener at 127.0.0.1/32823] WARN  impl.MetricRegistriesImpl (MetricRegistriesImpl.java:addReporterRegistration(111)) - New reporters are added after registries were created. Some metrics will be missing from the reporter. Please add reporter before adding any new registry.
2023-04-21 06:16:21,850 [Listener at 127.0.0.1/32823] WARN  impl.MetricRegistriesImpl (MetricRegistriesImpl.java:addReporterRegistration(111)) - New reporters are added after registries were created. Some metrics will be missing from the reporter. Please add reporter before adding any new registry.
2023-04-21 06:16:21,850 [Listener at 127.0.0.1/32823] INFO  impl.MetricsSystemImpl (MetricsSystemImpl.java:init(158)) - HddsDatanode metrics system started (again)
2023-04-21 06:16:21,861 [Listener at 127.0.0.1/32823] INFO  ozone.HddsDatanodeService (HddsDatanodeService.java:start(252)) - HddsDatanodeService host:fv-az205-422 ip:10.1.0.35
2023-04-21 06:16:21,869 [org.apache.hadoop.util.JvmPauseMonitor$Monitor@2e2ec556] INFO  util.JvmPauseMonitor (JvmPauseMonitor.java:run(188)) - Starting JVM pause monitor
2023-04-21 06:16:21,888 [Listener at 127.0.0.1/32823] INFO  upgrade.AbstractLayoutVersionManager (AbstractLayoutVersionManager.java:init(83)) - Initializing Layout version manager with metadata layout = WEBUI_PORTS_IN_DATANODEDETAILS (version = 6), software layout = WEBUI_PORTS_IN_DATANODEDETAILS (version = 6)
2023-04-21 06:16:21,892 [Datanode State Machine Task Thread - 0] INFO  datanode.InitDatanodeState (InitDatanodeState.java:persistContainerDatanodeDetails(138)) - DatanodeDetails is persisted to /home/runner/work/ozone/ozone/hadoop-ozone/integration-test/target/test-dir/MiniOzoneClusterImpl-48be086b-510e-48a6-912b-c1dd212c4943/datanode-0/meta/datanode.id
2023-04-21 06:16:21,943 [Listener at 127.0.0.1/32823] INFO  reflections.Reflections (Reflections.java:scan(232)) - Reflections took 54 ms to scan 7 urls, producing 156 keys and 369 values 
2023-04-21 06:16:21,945 [Listener at 127.0.0.1/32823] INFO  statemachine.DatanodeStateMachine (DatanodeStateMachine.java:getEndPointTaskThreadPoolSize(260)) - Datanode State Machine Task Thread Pool size 2
2023-04-21 06:16:21,946 [Listener at 127.0.0.1/32823] INFO  volume.HddsVolume (HddsVolume.java:<init>(130)) - Creating HddsVolume: /home/runner/work/ozone/ozone/hadoop-ozone/integration-test/target/test-dir/MiniOzoneClusterImpl-48be086b-510e-48a6-912b-c1dd212c4943/datanode-1/data-0/containers/hdds of storage type : DISK capacity : 9223372036854775807
2023-04-21 06:16:21,947 [Listener at 127.0.0.1/32823] INFO  volume.MutableVolumeSet (MutableVolumeSet.java:initializeVolumeSet(175)) - Added Volume : /home/runner/work/ozone/ozone/hadoop-ozone/integration-test/target/test-dir/MiniOzoneClusterImpl-48be086b-510e-48a6-912b-c1dd212c4943/datanode-1/data-0/containers/hdds to VolumeSet
2023-04-21 06:16:21,947 [Listener at 127.0.0.1/32823] INFO  volume.ThrottledAsyncChecker (ThrottledAsyncChecker.java:schedule(141)) - Scheduling a check for /home/runner/work/ozone/ozone/hadoop-ozone/integration-test/target/test-dir/MiniOzoneClusterImpl-48be086b-510e-48a6-912b-c1dd212c4943/datanode-1/data-0/containers/hdds
2023-04-21 06:16:21,949 [Listener at 127.0.0.1/32823] INFO  volume.StorageVolumeChecker (StorageVolumeChecker.java:checkAllVolumes(202)) - Scheduled health check for volume /home/runner/work/ozone/ozone/hadoop-ozone/integration-test/target/test-dir/MiniOzoneClusterImpl-48be086b-510e-48a6-912b-c1dd212c4943/datanode-1/data-0/containers/hdds
2023-04-21 06:16:21,961 [Listener at 127.0.0.1/32823] INFO  volume.MutableVolumeSet (MutableVolumeSet.java:initializeVolumeSet(175)) - Added Volume : /home/runner/work/ozone/ozone/hadoop-ozone/integration-test/target/test-dir/MiniOzoneClusterImpl-48be086b-510e-48a6-912b-c1dd212c4943/datanode-1/data/ratis to VolumeSet
2023-04-21 06:16:21,961 [Listener at 127.0.0.1/32823] INFO  volume.ThrottledAsyncChecker (ThrottledAsyncChecker.java:schedule(141)) - Scheduling a check for /home/runner/work/ozone/ozone/hadoop-ozone/integration-test/target/test-dir/MiniOzoneClusterImpl-48be086b-510e-48a6-912b-c1dd212c4943/datanode-1/data/ratis
2023-04-21 06:16:21,961 [Listener at 127.0.0.1/32823] INFO  volume.StorageVolumeChecker (StorageVolumeChecker.java:checkAllVolumes(202)) - Scheduled health check for volume /home/runner/work/ozone/ozone/hadoop-ozone/integration-test/target/test-dir/MiniOzoneClusterImpl-48be086b-510e-48a6-912b-c1dd212c4943/datanode-1/data/ratis
2023-04-21 06:16:21,972 [Thread-797] INFO  ozoneimpl.ContainerReader (ContainerReader.java:readVolume(175)) - Finish verifying containers on volume /home/runner/work/ozone/ozone/hadoop-ozone/integration-test/target/test-dir/MiniOzoneClusterImpl-48be086b-510e-48a6-912b-c1dd212c4943/datanode-1/data-0/containers/hdds
2023-04-21 06:16:21,972 [Listener at 127.0.0.1/32823] INFO  ozoneimpl.OzoneContainer (OzoneContainer.java:buildContainerSet(303)) - Build ContainerSet costs 0s
2023-04-21 06:16:21,975 [Listener at 127.0.0.1/32823] INFO  server.RaftServer (ConfUtils.java:logGet(46)) - raft.rpc.type = GRPC (default)
2023-04-21 06:16:21,975 [Listener at 127.0.0.1/32823] INFO  grpc.GrpcConfigKeys (ConfUtils.java:logFallback(53)) - raft.grpc.admin.host = null (fallback to raft.grpc.server.host)
2023-04-21 06:16:21,975 [Listener at 127.0.0.1/32823] INFO  grpc.GrpcConfigKeys (ConfUtils.java:logGet(46)) - raft.grpc.admin.port = 0 (custom)
2023-04-21 06:16:21,975 [Listener at 127.0.0.1/32823] INFO  grpc.GrpcConfigKeys (ConfUtils.java:logFallback(53)) - raft.grpc.client.host = null (fallback to raft.grpc.server.host)
2023-04-21 06:16:21,975 [Listener at 127.0.0.1/32823] INFO  grpc.GrpcConfigKeys (ConfUtils.java:logGet(46)) - raft.grpc.client.port = 0 (custom)
2023-04-21 06:16:21,975 [Listener at 127.0.0.1/32823] INFO  grpc.GrpcConfigKeys (ConfUtils.java:logGet(46)) - raft.grpc.server.host = null (default)
2023-04-21 06:16:21,975 [Listener at 127.0.0.1/32823] INFO  grpc.GrpcConfigKeys (ConfUtils.java:logGet(46)) - raft.grpc.server.port = 0 (default)
2023-04-21 06:16:21,976 [Listener at 127.0.0.1/32823] INFO  server.GrpcService (ConfUtils.java:logGet(46)) - raft.grpc.message.size.max = 32MB (=33554432) (custom)
2023-04-21 06:16:21,976 [Listener at 127.0.0.1/32823] INFO  server.RaftServerConfigKeys (ConfUtils.java:logGet(46)) - raft.server.log.appender.buffer.byte-limit = 33554432 (custom)
2023-04-21 06:16:21,976 [Listener at 127.0.0.1/32823] INFO  server.GrpcService (ConfUtils.java:logGet(46)) - raft.grpc.flow.control.window = 5MB (=5242880) (custom)
2023-04-21 06:16:21,976 [Listener at 127.0.0.1/32823] INFO  server.RaftServerConfigKeys (ConfUtils.java:logGet(46)) - raft.server.rpc.request.timeout = 60s (custom)
2023-04-21 06:16:21,976 [Listener at 127.0.0.1/32823] INFO  grpc.GrpcConfigKeys (ConfUtils.java:logGet(46)) - raft.grpc.server.heartbeat.channel = true (default)
2023-04-21 06:16:21,976 [Listener at 127.0.0.1/32823] INFO  grpc.GrpcConfigKeys (ConfUtils.java:logGet(46)) - raft.grpc.server.async.request.thread.pool.cached = true (default)
2023-04-21 06:16:21,976 [Listener at 127.0.0.1/32823] INFO  grpc.GrpcConfigKeys (ConfUtils.java:logGet(46)) - raft.grpc.server.async.request.thread.pool.size = 32 (default)
2023-04-21 06:16:21,977 [Listener at 127.0.0.1/32823] INFO  impl.DataStreamServerImpl (ConfUtils.java:logGet(46)) - raft.datastream.type = NETTY (custom)
2023-04-21 06:16:21,977 [Listener at 127.0.0.1/32823] INFO  server.RaftServerConfigKeys (ConfUtils.java:logGet(46)) - raft.server.data-stream.async.request.thread.pool.cached = false (default)
2023-04-21 06:16:21,977 [Listener at 127.0.0.1/32823] INFO  server.RaftServerConfigKeys (ConfUtils.java:logGet(46)) - raft.server.data-stream.async.request.thread.pool.size = 20 (custom)
2023-04-21 06:16:21,977 [Listener at 127.0.0.1/32823] INFO  server.RaftServerConfigKeys (ConfUtils.java:logGet(46)) - raft.server.data-stream.async.write.thread.pool.size = 16 (default)
2023-04-21 06:16:21,978 [Listener at 127.0.0.1/32823] INFO  server.RaftServerConfigKeys (ConfUtils.java:logGet(46)) - raft.server.data-stream.client.pool.size = 10 (default)
2023-04-21 06:16:21,978 [Listener at 127.0.0.1/32823] INFO  netty.NettyConfigKeys$DataStream (ConfUtils.java:logGet(46)) - raft.netty.dataStream.server.use-epoll = false (default)
2023-04-21 06:16:21,978 [Listener at 127.0.0.1/32823] INFO  netty.NettyConfigKeys$DataStream (ConfUtils.java:logGet(46)) - raft.netty.dataStream.server.boss-group.size = 0 (default)
2023-04-21 06:16:21,978 [Listener at 127.0.0.1/32823] INFO  netty.NettyConfigKeys$DataStream (ConfUtils.java:logGet(46)) - raft.netty.dataStream.server.worker-group.size = 0 (default)
2023-04-21 06:16:21,978 [Listener at 127.0.0.1/32823] INFO  netty.NettyConfigKeys$DataStream (ConfUtils.java:logGet(46)) - raft.netty.dataStream.server.tls.conf = null (default)
2023-04-21 06:16:21,978 [Listener at 127.0.0.1/32823] INFO  netty.NettyConfigKeys$DataStream (ConfUtils.java:logGet(46)) - raft.netty.dataStream.host = null (default)
2023-04-21 06:16:21,978 [Listener at 127.0.0.1/32823] INFO  netty.NettyConfigKeys$DataStream (ConfUtils.java:logGet(46)) - raft.netty.dataStream.port = 0 (default)
2023-04-21 06:16:21,979 [Listener at 127.0.0.1/32823] INFO  server.RaftServerConfigKeys (ConfUtils.java:logGet(46)) - raft.server.threadpool.proxy.cached = true (default)
2023-04-21 06:16:21,979 [Listener at 127.0.0.1/32823] INFO  server.RaftServerConfigKeys (ConfUtils.java:logGet(46)) - raft.server.threadpool.proxy.size = 0 (default)
2023-04-21 06:16:21,979 [Listener at 127.0.0.1/32823] INFO  server.RaftServerConfigKeys (ConfUtils.java:logGet(46)) - raft.server.rpc.slowness.timeout = 300s (custom)
2023-04-21 06:16:21,979 [Listener at 127.0.0.1/32823] INFO  server.RaftServerConfigKeys (ConfUtils.java:logGet(46)) - raft.server.leaderelection.leader.step-down.wait-time = 10s (default)
2023-04-21 06:16:21,979 [Listener at 127.0.0.1/32823] INFO  server.RaftServerConfigKeys (ConfUtils.java:logGet(46)) - raft.server.storage.dir = [/home/runner/work/ozone/ozone/hadoop-ozone/integration-test/target/test-dir/MiniOzoneClusterImpl-48be086b-510e-48a6-912b-c1dd212c4943/datanode-1/data/ratis] (custom)
2023-04-21 06:16:21,980 [307e815f-95b2-473e-9bb5-509f867b7773-NettyServerStreamRpc-bossGroup--thread1] INFO  logging.LoggingHandler (AbstractInternalLogger.java:log(148)) - [id: 0xff36f40a] REGISTERED
2023-04-21 06:16:21,980 [307e815f-95b2-473e-9bb5-509f867b7773-NettyServerStreamRpc-bossGroup--thread1] INFO  logging.LoggingHandler (AbstractInternalLogger.java:log(148)) - [id: 0xff36f40a] BIND: 0.0.0.0/0.0.0.0:0
2023-04-21 06:16:21,980 [307e815f-95b2-473e-9bb5-509f867b7773-NettyServerStreamRpc-bossGroup--thread1] INFO  logging.LoggingHandler (AbstractInternalLogger.java:log(148)) - [id: 0xff36f40a, L:/0:0:0:0:0:0:0:0:42973] ACTIVE
2023-04-21 06:16:21,982 [Listener at 127.0.0.1/32823] INFO  server.XceiverServerGrpc (XceiverServerGrpc.java:<init>(132)) - GrpcServer channel type EpollServerSocketChannel
2023-04-21 06:16:21,984 [Listener at 127.0.0.1/32823] INFO  http.BaseHttpServer (BaseHttpServer.java:newHttpServer2BuilderForOzone(224)) - Starting Web-server for hddsDatanode at: http://0.0.0.0:0
2023-04-21 06:16:21,984 [Listener at 127.0.0.1/32823] INFO  http.BaseHttpServer (BaseHttpServer.java:<init>(111)) - Hadoop Security Enabled: false Ozone Security Enabled: false Ozone HTTP Security Enabled: false 
2023-04-21 06:16:21,985 [Listener at 127.0.0.1/32823] WARN  server.AuthenticationFilter (AuthenticationFilter.java:constructSecretProvider(240)) - Unable to initialize FileSignerSecretProvider, falling back to use random secrets. Reason: Could not read signature secret file: /home/runner/hadoop-http-auth-signature-secret
2023-04-21 06:16:21,986 [Listener at 127.0.0.1/32823] INFO  http.HttpRequestLog (HttpRequestLog.java:getRequestLog(86)) - Http request log for http.requests.hddsDatanode is not defined
2023-04-21 06:16:21,987 [Listener at 127.0.0.1/32823] INFO  http.HttpServer2 (HttpServer2.java:addGlobalFilter(1031)) - Added global filter 'safety' (class=org.apache.hadoop.hdds.server.http.HttpServer2$QuotingInputFilter)
2023-04-21 06:16:21,988 [Listener at 127.0.0.1/32823] INFO  http.HttpServer2 (HttpServer2.java:addFilter(1007)) - Added filter static_user_filter (class=org.apache.hadoop.http.lib.StaticUserWebFilter$StaticUserFilter) to context hddsDatanode
2023-04-21 06:16:21,988 [Listener at 127.0.0.1/32823] INFO  http.HttpServer2 (HttpServer2.java:addFilter(1015)) - Added filter static_user_filter (class=org.apache.hadoop.http.lib.StaticUserWebFilter$StaticUserFilter) to context static
2023-04-21 06:16:21,988 [Listener at 127.0.0.1/32823] INFO  http.HttpServer2 (HttpServer2.java:addFilter(1015)) - Added filter static_user_filter (class=org.apache.hadoop.http.lib.StaticUserWebFilter$StaticUserFilter) to context logs
2023-04-21 06:16:21,988 [Listener at 127.0.0.1/32823] INFO  http.BaseHttpServer (BaseHttpServer.java:<init>(190)) - HTTP server of hddsDatanode uses base directory /home/runner/work/ozone/ozone/hadoop-ozone/integration-test/target/test-dir/MiniOzoneClusterImpl-48be086b-510e-48a6-912b-c1dd212c4943/datanode-1/meta/webserver
2023-04-21 06:16:21,988 [Listener at 127.0.0.1/32823] INFO  http.HttpServer2 (HttpServer2.java:bindListener(1250)) - Jetty bound to port 43431
2023-04-21 06:16:21,988 [Listener at 127.0.0.1/32823] INFO  server.Server (Server.java:doStart(375)) - jetty-9.4.49.v20220914; built: 2022-09-14T01:07:36.601Z; git: 4231a3b2e4cb8548a412a789936d640a97b1aa0a; jvm 1.8.0_362-b09
2023-04-21 06:16:21,992 [Listener at 127.0.0.1/32823] INFO  server.session (DefaultSessionIdManager.java:doStart(334)) - DefaultSessionIdManager workerName=node0
2023-04-21 06:16:21,993 [Listener at 127.0.0.1/32823] INFO  server.session (DefaultSessionIdManager.java:doStart(339)) - No SessionScavenger set, using defaults
2023-04-21 06:16:21,993 [Listener at 127.0.0.1/32823] INFO  server.session (HouseKeeper.java:startScavenging(132)) - node0 Scavenging every 600000ms
2023-04-21 06:16:21,993 [Listener at 127.0.0.1/32823] INFO  handler.ContextHandler (ContextHandler.java:doStart(921)) - Started o.e.j.s.ServletContextHandler@4d5de4ec{logs,/logs,file:///home/runner/work/ozone/ozone/hadoop-ozone/integration-test/target/log,AVAILABLE}
2023-04-21 06:16:21,994 [Listener at 127.0.0.1/32823] INFO  handler.ContextHandler (ContextHandler.java:doStart(921)) - Started o.e.j.s.ServletContextHandler@5260a36{static,/static,jar:file:/home/runner/.m2/repository/org/apache/ozone/hdds-container-service/1.4.0-SNAPSHOT/hdds-container-service-1.4.0-SNAPSHOT.jar!/webapps/static,AVAILABLE}
2023-04-21 06:16:22,193 [Listener at 127.0.0.1/32823] INFO  handler.ContextHandler (ContextHandler.java:doStart(921)) - Started o.e.j.w.WebAppContext@4a70bf48{hddsDatanode,/,file:///home/runner/work/ozone/ozone/hadoop-ozone/integration-test/target/test-dir/MiniOzoneClusterImpl-48be086b-510e-48a6-912b-c1dd212c4943/datanode-1/meta/webserver/jetty-0_0_0_0-43431-hdds-container-service-1_4_0-SNAPSHOT_jar-_-any-542583425085790044/webapp/,AVAILABLE}{jar:file:/home/runner/.m2/repository/org/apache/ozone/hdds-container-service/1.4.0-SNAPSHOT/hdds-container-service-1.4.0-SNAPSHOT.jar!/webapps/hddsDatanode}
2023-04-21 06:16:22,196 [Listener at 127.0.0.1/32823] INFO  server.AbstractConnector (AbstractConnector.java:doStart(333)) - Started ServerConnector@172d4838{HTTP/1.1, (http/1.1)}{0.0.0.0:43431}
2023-04-21 06:16:22,196 [Listener at 127.0.0.1/32823] INFO  server.Server (Server.java:doStart(415)) - Started @64886ms
2023-04-21 06:16:22,196 [Listener at 127.0.0.1/32823] WARN  impl.MetricsSystemImpl (MetricsSystemImpl.java:register(279)) - Sink prometheus already exists!
2023-04-21 06:16:22,196 [Listener at 127.0.0.1/32823] INFO  http.BaseHttpServer (BaseHttpServer.java:updateConnectorAddress(344)) - HTTP server of hddsDatanode listening at http://0.0.0.0:43431
2023-04-21 06:16:22,197 [Datanode State Machine Daemon Thread] INFO  statemachine.DatanodeStateMachine (DatanodeStateMachine.java:lambda$startDaemon$0(517)) - Ozone container server started.
2023-04-21 06:16:22,197 [Listener at 127.0.0.1/32823] WARN  impl.MetricRegistriesImpl (MetricRegistriesImpl.java:addReporterRegistration(111)) - New reporters are added after registries were created. Some metrics will be missing from the reporter. Please add reporter before adding any new registry.
2023-04-21 06:16:22,202 [Listener at 127.0.0.1/32823] WARN  impl.MetricRegistriesImpl (MetricRegistriesImpl.java:addReporterRegistration(111)) - New reporters are added after registries were created. Some metrics will be missing from the reporter. Please add reporter before adding any new registry.
2023-04-21 06:16:22,202 [Listener at 127.0.0.1/32823] INFO  impl.MetricsSystemImpl (MetricsSystemImpl.java:init(158)) - HddsDatanode metrics system started (again)
2023-04-21 06:16:22,213 [Listener at 127.0.0.1/32823] INFO  ozone.HddsDatanodeService (HddsDatanodeService.java:start(252)) - HddsDatanodeService host:fv-az205-422 ip:10.1.0.35
2023-04-21 06:16:22,218 [org.apache.hadoop.util.JvmPauseMonitor$Monitor@5508e5a1] INFO  util.JvmPauseMonitor (JvmPauseMonitor.java:run(188)) - Starting JVM pause monitor
2023-04-21 06:16:22,224 [Datanode State Machine Task Thread - 0] INFO  datanode.InitDatanodeState (InitDatanodeState.java:persistContainerDatanodeDetails(138)) - DatanodeDetails is persisted to /home/runner/work/ozone/ozone/hadoop-ozone/integration-test/target/test-dir/MiniOzoneClusterImpl-48be086b-510e-48a6-912b-c1dd212c4943/datanode-1/meta/datanode.id
2023-04-21 06:16:22,241 [Listener at 127.0.0.1/32823] INFO  upgrade.AbstractLayoutVersionManager (AbstractLayoutVersionManager.java:init(83)) - Initializing Layout version manager with metadata layout = WEBUI_PORTS_IN_DATANODEDETAILS (version = 6), software layout = WEBUI_PORTS_IN_DATANODEDETAILS (version = 6)
2023-04-21 06:16:22,286 [Listener at 127.0.0.1/32823] INFO  reflections.Reflections (Reflections.java:scan(232)) - Reflections took 43 ms to scan 7 urls, producing 156 keys and 369 values 
2023-04-21 06:16:22,287 [Listener at 127.0.0.1/32823] INFO  statemachine.DatanodeStateMachine (DatanodeStateMachine.java:getEndPointTaskThreadPoolSize(260)) - Datanode State Machine Task Thread Pool size 2
2023-04-21 06:16:22,290 [Listener at 127.0.0.1/32823] INFO  volume.HddsVolume (HddsVolume.java:<init>(130)) - Creating HddsVolume: /home/runner/work/ozone/ozone/hadoop-ozone/integration-test/target/test-dir/MiniOzoneClusterImpl-48be086b-510e-48a6-912b-c1dd212c4943/datanode-2/data-0/containers/hdds of storage type : DISK capacity : 9223372036854775807
2023-04-21 06:16:22,291 [Listener at 127.0.0.1/32823] INFO  volume.MutableVolumeSet (MutableVolumeSet.java:initializeVolumeSet(175)) - Added Volume : /home/runner/work/ozone/ozone/hadoop-ozone/integration-test/target/test-dir/MiniOzoneClusterImpl-48be086b-510e-48a6-912b-c1dd212c4943/datanode-2/data-0/containers/hdds to VolumeSet
2023-04-21 06:16:22,291 [Listener at 127.0.0.1/32823] INFO  volume.ThrottledAsyncChecker (ThrottledAsyncChecker.java:schedule(141)) - Scheduling a check for /home/runner/work/ozone/ozone/hadoop-ozone/integration-test/target/test-dir/MiniOzoneClusterImpl-48be086b-510e-48a6-912b-c1dd212c4943/datanode-2/data-0/containers/hdds
2023-04-21 06:16:22,292 [Listener at 127.0.0.1/32823] INFO  volume.StorageVolumeChecker (StorageVolumeChecker.java:checkAllVolumes(202)) - Scheduled health check for volume /home/runner/work/ozone/ozone/hadoop-ozone/integration-test/target/test-dir/MiniOzoneClusterImpl-48be086b-510e-48a6-912b-c1dd212c4943/datanode-2/data-0/containers/hdds
2023-04-21 06:16:22,303 [Listener at 127.0.0.1/32823] INFO  volume.MutableVolumeSet (MutableVolumeSet.java:initializeVolumeSet(175)) - Added Volume : /home/runner/work/ozone/ozone/hadoop-ozone/integration-test/target/test-dir/MiniOzoneClusterImpl-48be086b-510e-48a6-912b-c1dd212c4943/datanode-2/data/ratis to VolumeSet
2023-04-21 06:16:22,303 [Listener at 127.0.0.1/32823] INFO  volume.ThrottledAsyncChecker (ThrottledAsyncChecker.java:schedule(141)) - Scheduling a check for /home/runner/work/ozone/ozone/hadoop-ozone/integration-test/target/test-dir/MiniOzoneClusterImpl-48be086b-510e-48a6-912b-c1dd212c4943/datanode-2/data/ratis
2023-04-21 06:16:22,303 [Listener at 127.0.0.1/32823] INFO  volume.StorageVolumeChecker (StorageVolumeChecker.java:checkAllVolumes(202)) - Scheduled health check for volume /home/runner/work/ozone/ozone/hadoop-ozone/integration-test/target/test-dir/MiniOzoneClusterImpl-48be086b-510e-48a6-912b-c1dd212c4943/datanode-2/data/ratis
2023-04-21 06:16:22,314 [Thread-811] INFO  ozoneimpl.ContainerReader (ContainerReader.java:readVolume(175)) - Finish verifying containers on volume /home/runner/work/ozone/ozone/hadoop-ozone/integration-test/target/test-dir/MiniOzoneClusterImpl-48be086b-510e-48a6-912b-c1dd212c4943/datanode-2/data-0/containers/hdds
2023-04-21 06:16:22,314 [Listener at 127.0.0.1/32823] INFO  ozoneimpl.OzoneContainer (OzoneContainer.java:buildContainerSet(303)) - Build ContainerSet costs 0s
2023-04-21 06:16:22,316 [Listener at 127.0.0.1/32823] INFO  server.RaftServer (ConfUtils.java:logGet(46)) - raft.rpc.type = GRPC (default)
2023-04-21 06:16:22,317 [Listener at 127.0.0.1/32823] INFO  grpc.GrpcConfigKeys (ConfUtils.java:logFallback(53)) - raft.grpc.admin.host = null (fallback to raft.grpc.server.host)
2023-04-21 06:16:22,317 [Listener at 127.0.0.1/32823] INFO  grpc.GrpcConfigKeys (ConfUtils.java:logGet(46)) - raft.grpc.admin.port = 0 (custom)
2023-04-21 06:16:22,317 [Listener at 127.0.0.1/32823] INFO  grpc.GrpcConfigKeys (ConfUtils.java:logFallback(53)) - raft.grpc.client.host = null (fallback to raft.grpc.server.host)
2023-04-21 06:16:22,318 [Listener at 127.0.0.1/32823] INFO  grpc.GrpcConfigKeys (ConfUtils.java:logGet(46)) - raft.grpc.client.port = 0 (custom)
2023-04-21 06:16:22,318 [Listener at 127.0.0.1/32823] INFO  grpc.GrpcConfigKeys (ConfUtils.java:logGet(46)) - raft.grpc.server.host = null (default)
2023-04-21 06:16:22,318 [Listener at 127.0.0.1/32823] INFO  grpc.GrpcConfigKeys (ConfUtils.java:logGet(46)) - raft.grpc.server.port = 0 (default)
2023-04-21 06:16:22,318 [Listener at 127.0.0.1/32823] INFO  server.GrpcService (ConfUtils.java:logGet(46)) - raft.grpc.message.size.max = 32MB (=33554432) (custom)
2023-04-21 06:16:22,318 [Listener at 127.0.0.1/32823] INFO  server.RaftServerConfigKeys (ConfUtils.java:logGet(46)) - raft.server.log.appender.buffer.byte-limit = 33554432 (custom)
2023-04-21 06:16:22,319 [Listener at 127.0.0.1/32823] INFO  server.GrpcService (ConfUtils.java:logGet(46)) - raft.grpc.flow.control.window = 5MB (=5242880) (custom)
2023-04-21 06:16:22,319 [Listener at 127.0.0.1/32823] INFO  server.RaftServerConfigKeys (ConfUtils.java:logGet(46)) - raft.server.rpc.request.timeout = 60s (custom)
2023-04-21 06:16:22,319 [Listener at 127.0.0.1/32823] INFO  grpc.GrpcConfigKeys (ConfUtils.java:logGet(46)) - raft.grpc.server.heartbeat.channel = true (default)
2023-04-21 06:16:22,319 [Listener at 127.0.0.1/32823] INFO  grpc.GrpcConfigKeys (ConfUtils.java:logGet(46)) - raft.grpc.server.async.request.thread.pool.cached = true (default)
2023-04-21 06:16:22,319 [Listener at 127.0.0.1/32823] INFO  grpc.GrpcConfigKeys (ConfUtils.java:logGet(46)) - raft.grpc.server.async.request.thread.pool.size = 32 (default)
2023-04-21 06:16:22,320 [Listener at 127.0.0.1/32823] INFO  impl.DataStreamServerImpl (ConfUtils.java:logGet(46)) - raft.datastream.type = NETTY (custom)
2023-04-21 06:16:22,321 [Listener at 127.0.0.1/32823] INFO  server.RaftServerConfigKeys (ConfUtils.java:logGet(46)) - raft.server.data-stream.async.request.thread.pool.cached = false (default)
2023-04-21 06:16:22,321 [Listener at 127.0.0.1/32823] INFO  server.RaftServerConfigKeys (ConfUtils.java:logGet(46)) - raft.server.data-stream.async.request.thread.pool.size = 20 (custom)
2023-04-21 06:16:22,321 [Listener at 127.0.0.1/32823] INFO  server.RaftServerConfigKeys (ConfUtils.java:logGet(46)) - raft.server.data-stream.async.write.thread.pool.size = 16 (default)
2023-04-21 06:16:22,321 [Listener at 127.0.0.1/32823] INFO  server.RaftServerConfigKeys (ConfUtils.java:logGet(46)) - raft.server.data-stream.client.pool.size = 10 (default)
2023-04-21 06:16:22,321 [Listener at 127.0.0.1/32823] INFO  netty.NettyConfigKeys$DataStream (ConfUtils.java:logGet(46)) - raft.netty.dataStream.server.use-epoll = false (default)
2023-04-21 06:16:22,321 [Listener at 127.0.0.1/32823] INFO  netty.NettyConfigKeys$DataStream (ConfUtils.java:logGet(46)) - raft.netty.dataStream.server.boss-group.size = 0 (default)
2023-04-21 06:16:22,321 [Listener at 127.0.0.1/32823] INFO  netty.NettyConfigKeys$DataStream (ConfUtils.java:logGet(46)) - raft.netty.dataStream.server.worker-group.size = 0 (default)
2023-04-21 06:16:22,322 [Listener at 127.0.0.1/32823] INFO  netty.NettyConfigKeys$DataStream (ConfUtils.java:logGet(46)) - raft.netty.dataStream.server.tls.conf = null (default)
2023-04-21 06:16:22,322 [Listener at 127.0.0.1/32823] INFO  netty.NettyConfigKeys$DataStream (ConfUtils.java:logGet(46)) - raft.netty.dataStream.host = null (default)
2023-04-21 06:16:22,322 [Listener at 127.0.0.1/32823] INFO  netty.NettyConfigKeys$DataStream (ConfUtils.java:logGet(46)) - raft.netty.dataStream.port = 0 (default)
2023-04-21 06:16:22,325 [Listener at 127.0.0.1/32823] INFO  server.RaftServerConfigKeys (ConfUtils.java:logGet(46)) - raft.server.threadpool.proxy.cached = true (default)
2023-04-21 06:16:22,326 [Listener at 127.0.0.1/32823] INFO  server.RaftServerConfigKeys (ConfUtils.java:logGet(46)) - raft.server.threadpool.proxy.size = 0 (default)
2023-04-21 06:16:22,326 [Listener at 127.0.0.1/32823] INFO  server.RaftServerConfigKeys (ConfUtils.java:logGet(46)) - raft.server.rpc.slowness.timeout = 300s (custom)
2023-04-21 06:16:22,326 [Listener at 127.0.0.1/32823] INFO  server.RaftServerConfigKeys (ConfUtils.java:logGet(46)) - raft.server.leaderelection.leader.step-down.wait-time = 10s (default)
2023-04-21 06:16:22,326 [Listener at 127.0.0.1/32823] INFO  server.RaftServerConfigKeys (ConfUtils.java:logGet(46)) - raft.server.storage.dir = [/home/runner/work/ozone/ozone/hadoop-ozone/integration-test/target/test-dir/MiniOzoneClusterImpl-48be086b-510e-48a6-912b-c1dd212c4943/datanode-2/data/ratis] (custom)
2023-04-21 06:16:22,326 [8f9d2216-a166-4295-9524-f6ac7a5d11df-NettyServerStreamRpc-bossGroup--thread1] INFO  logging.LoggingHandler (AbstractInternalLogger.java:log(148)) - [id: 0x2b55a11e] REGISTERED
2023-04-21 06:16:22,327 [8f9d2216-a166-4295-9524-f6ac7a5d11df-NettyServerStreamRpc-bossGroup--thread1] INFO  logging.LoggingHandler (AbstractInternalLogger.java:log(148)) - [id: 0x2b55a11e] BIND: 0.0.0.0/0.0.0.0:0
2023-04-21 06:16:22,327 [8f9d2216-a166-4295-9524-f6ac7a5d11df-NettyServerStreamRpc-bossGroup--thread1] INFO  logging.LoggingHandler (AbstractInternalLogger.java:log(148)) - [id: 0x2b55a11e, L:/0:0:0:0:0:0:0:0:33995] ACTIVE
2023-04-21 06:16:22,330 [Listener at 127.0.0.1/32823] INFO  server.XceiverServerGrpc (XceiverServerGrpc.java:<init>(132)) - GrpcServer channel type EpollServerSocketChannel
2023-04-21 06:16:22,333 [Listener at 127.0.0.1/32823] INFO  http.BaseHttpServer (BaseHttpServer.java:newHttpServer2BuilderForOzone(224)) - Starting Web-server for hddsDatanode at: http://0.0.0.0:0
2023-04-21 06:16:22,333 [Listener at 127.0.0.1/32823] INFO  http.BaseHttpServer (BaseHttpServer.java:<init>(111)) - Hadoop Security Enabled: false Ozone Security Enabled: false Ozone HTTP Security Enabled: false 
2023-04-21 06:16:22,335 [Listener at 127.0.0.1/32823] WARN  server.AuthenticationFilter (AuthenticationFilter.java:constructSecretProvider(240)) - Unable to initialize FileSignerSecretProvider, falling back to use random secrets. Reason: Could not read signature secret file: /home/runner/hadoop-http-auth-signature-secret
2023-04-21 06:16:22,337 [Listener at 127.0.0.1/32823] INFO  http.HttpRequestLog (HttpRequestLog.java:getRequestLog(86)) - Http request log for http.requests.hddsDatanode is not defined
2023-04-21 06:16:22,338 [Listener at 127.0.0.1/32823] INFO  http.HttpServer2 (HttpServer2.java:addGlobalFilter(1031)) - Added global filter 'safety' (class=org.apache.hadoop.hdds.server.http.HttpServer2$QuotingInputFilter)
2023-04-21 06:16:22,338 [Listener at 127.0.0.1/32823] INFO  http.HttpServer2 (HttpServer2.java:addFilter(1007)) - Added filter static_user_filter (class=org.apache.hadoop.http.lib.StaticUserWebFilter$StaticUserFilter) to context hddsDatanode
2023-04-21 06:16:22,338 [Listener at 127.0.0.1/32823] INFO  http.HttpServer2 (HttpServer2.java:addFilter(1015)) - Added filter static_user_filter (class=org.apache.hadoop.http.lib.StaticUserWebFilter$StaticUserFilter) to context static
2023-04-21 06:16:22,338 [Listener at 127.0.0.1/32823] INFO  http.HttpServer2 (HttpServer2.java:addFilter(1015)) - Added filter static_user_filter (class=org.apache.hadoop.http.lib.StaticUserWebFilter$StaticUserFilter) to context logs
2023-04-21 06:16:22,339 [Listener at 127.0.0.1/32823] INFO  http.BaseHttpServer (BaseHttpServer.java:<init>(190)) - HTTP server of hddsDatanode uses base directory /home/runner/work/ozone/ozone/hadoop-ozone/integration-test/target/test-dir/MiniOzoneClusterImpl-48be086b-510e-48a6-912b-c1dd212c4943/datanode-2/meta/webserver
2023-04-21 06:16:22,339 [Listener at 127.0.0.1/32823] INFO  http.HttpServer2 (HttpServer2.java:bindListener(1250)) - Jetty bound to port 35625
2023-04-21 06:16:22,339 [Listener at 127.0.0.1/32823] INFO  server.Server (Server.java:doStart(375)) - jetty-9.4.49.v20220914; built: 2022-09-14T01:07:36.601Z; git: 4231a3b2e4cb8548a412a789936d640a97b1aa0a; jvm 1.8.0_362-b09
2023-04-21 06:16:22,340 [Listener at 127.0.0.1/32823] INFO  server.session (DefaultSessionIdManager.java:doStart(334)) - DefaultSessionIdManager workerName=node0
2023-04-21 06:16:22,340 [Listener at 127.0.0.1/32823] INFO  server.session (DefaultSessionIdManager.java:doStart(339)) - No SessionScavenger set, using defaults
2023-04-21 06:16:22,341 [Listener at 127.0.0.1/32823] INFO  server.session (HouseKeeper.java:startScavenging(132)) - node0 Scavenging every 600000ms
2023-04-21 06:16:22,341 [Listener at 127.0.0.1/32823] INFO  handler.ContextHandler (ContextHandler.java:doStart(921)) - Started o.e.j.s.ServletContextHandler@436810a6{logs,/logs,file:///home/runner/work/ozone/ozone/hadoop-ozone/integration-test/target/log,AVAILABLE}
2023-04-21 06:16:22,342 [Listener at 127.0.0.1/32823] INFO  handler.ContextHandler (ContextHandler.java:doStart(921)) - Started o.e.j.s.ServletContextHandler@6ea38f68{static,/static,jar:file:/home/runner/.m2/repository/org/apache/ozone/hdds-container-service/1.4.0-SNAPSHOT/hdds-container-service-1.4.0-SNAPSHOT.jar!/webapps/static,AVAILABLE}
2023-04-21 06:16:22,534 [Listener at 127.0.0.1/32823] INFO  handler.ContextHandler (ContextHandler.java:doStart(921)) - Started o.e.j.w.WebAppContext@629d2107{hddsDatanode,/,file:///home/runner/work/ozone/ozone/hadoop-ozone/integration-test/target/test-dir/MiniOzoneClusterImpl-48be086b-510e-48a6-912b-c1dd212c4943/datanode-2/meta/webserver/jetty-0_0_0_0-35625-hdds-container-service-1_4_0-SNAPSHOT_jar-_-any-1762598966580856429/webapp/,AVAILABLE}{jar:file:/home/runner/.m2/repository/org/apache/ozone/hdds-container-service/1.4.0-SNAPSHOT/hdds-container-service-1.4.0-SNAPSHOT.jar!/webapps/hddsDatanode}
2023-04-21 06:16:22,535 [Listener at 127.0.0.1/32823] INFO  server.AbstractConnector (AbstractConnector.java:doStart(333)) - Started ServerConnector@748e327e{HTTP/1.1, (http/1.1)}{0.0.0.0:35625}
2023-04-21 06:16:22,535 [Listener at 127.0.0.1/32823] INFO  server.Server (Server.java:doStart(415)) - Started @65225ms
2023-04-21 06:16:22,535 [Listener at 127.0.0.1/32823] WARN  impl.MetricsSystemImpl (MetricsSystemImpl.java:register(279)) - Sink prometheus already exists!
2023-04-21 06:16:22,536 [Listener at 127.0.0.1/32823] INFO  http.BaseHttpServer (BaseHttpServer.java:updateConnectorAddress(344)) - HTTP server of hddsDatanode listening at http://0.0.0.0:35625
2023-04-21 06:16:22,536 [Datanode State Machine Daemon Thread] INFO  statemachine.DatanodeStateMachine (DatanodeStateMachine.java:lambda$startDaemon$0(517)) - Ozone container server started.
2023-04-21 06:16:22,536 [Listener at 127.0.0.1/32823] INFO  ozone.MiniOzoneClusterImpl (MiniOzoneClusterImpl.java:lambda$waitForClusterToBeReady$0(223)) - Waiting for nodes to be ready. Got 0 of 3 DN Heartbeats.
2023-04-21 06:16:22,538 [Listener at 127.0.0.1/32823] INFO  ozone.MiniOzoneClusterImpl (MiniOzoneClusterImpl.java:lambda$waitForClusterToBeReady$0(226)) - Waiting for cluster to exit safe mode
2023-04-21 06:16:22,538 [Listener at 127.0.0.1/32823] INFO  ozone.MiniOzoneClusterImpl (MiniOzoneClusterImpl.java:lambda$waitForClusterToBeReady$0(228)) - SCM became leader
2023-04-21 06:16:22,539 [org.apache.hadoop.util.JvmPauseMonitor$Monitor@7113a8ae] INFO  util.JvmPauseMonitor (JvmPauseMonitor.java:run(188)) - Starting JVM pause monitor
2023-04-21 06:16:22,541 [Datanode State Machine Task Thread - 0] INFO  datanode.InitDatanodeState (InitDatanodeState.java:persistContainerDatanodeDetails(138)) - DatanodeDetails is persisted to /home/runner/work/ozone/ozone/hadoop-ozone/integration-test/target/test-dir/MiniOzoneClusterImpl-48be086b-510e-48a6-912b-c1dd212c4943/datanode-2/meta/datanode.id
2023-04-21 06:16:22,575 [om1@group-C5BA1605619E-FollowerState] INFO  impl.FollowerState (FollowerState.java:run(143)) - om1@group-C5BA1605619E-FollowerState: change to CANDIDATE, lastRpcElapsedTime:1115676678ns, electionTimeout:1115ms
2023-04-21 06:16:22,575 [om1@group-C5BA1605619E-FollowerState] INFO  impl.RoleInfo (RoleInfo.java:shutdownFollowerState(110)) - om1: shutdown om1@group-C5BA1605619E-FollowerState
2023-04-21 06:16:22,575 [om1@group-C5BA1605619E-FollowerState] INFO  server.RaftServer$Division (RaftServerImpl.java:setRole(321)) - om1@group-C5BA1605619E: changes role from  FOLLOWER to CANDIDATE at term 0 for changeToCandidate
2023-04-21 06:16:22,575 [om1@group-C5BA1605619E-FollowerState] INFO  server.RaftServerConfigKeys (ConfUtils.java:logGet(46)) - raft.server.leaderelection.pre-vote = true (default)
2023-04-21 06:16:22,575 [om1@group-C5BA1605619E-FollowerState] INFO  impl.RoleInfo (RoleInfo.java:updateAndGet(139)) - om1: start om1@group-C5BA1605619E-LeaderElection10
2023-04-21 06:16:22,579 [om1@group-C5BA1605619E-LeaderElection10] INFO  impl.LeaderElection (LeaderElection.java:askForVotes(312)) - om1@group-C5BA1605619E-LeaderElection10 PRE_VOTE round 0: submit vote requests at term 0 for -1: peers:[om1|rpc:localhost:9872|priority:0|startupRole:FOLLOWER]|listeners:[], old=null
2023-04-21 06:16:22,579 [om1@group-C5BA1605619E-LeaderElection10] INFO  impl.LeaderElection (LeaderElection.java:askForVotes(314)) - om1@group-C5BA1605619E-LeaderElection10 PRE_VOTE round 0: result PASSED (term=0)
2023-04-21 06:16:22,581 [om1@group-C5BA1605619E-LeaderElection10] INFO  impl.LeaderElection (LeaderElection.java:askForVotes(312)) - om1@group-C5BA1605619E-LeaderElection10 ELECTION round 0: submit vote requests at term 1 for -1: peers:[om1|rpc:localhost:9872|priority:0|startupRole:FOLLOWER]|listeners:[], old=null
2023-04-21 06:16:22,581 [om1@group-C5BA1605619E-LeaderElection10] INFO  impl.LeaderElection (LeaderElection.java:askForVotes(314)) - om1@group-C5BA1605619E-LeaderElection10 ELECTION round 0: result PASSED (term=1)
2023-04-21 06:16:22,581 [om1@group-C5BA1605619E-LeaderElection10] INFO  impl.RoleInfo (RoleInfo.java:shutdownLeaderElection(130)) - om1: shutdown om1@group-C5BA1605619E-LeaderElection10
2023-04-21 06:16:22,581 [om1@group-C5BA1605619E-LeaderElection10] INFO  server.RaftServer$Division (RaftServerImpl.java:setRole(321)) - om1@group-C5BA1605619E: changes role from CANDIDATE to LEADER at term 1 for changeToLeader
2023-04-21 06:16:22,582 [om1@group-C5BA1605619E-LeaderElection10] INFO  server.RaftServer$Division (ServerState.java:setLeader(313)) - om1@group-C5BA1605619E: change Leader from null to om1 at term 1 for becomeLeader, leader elected after 1544ms
2023-04-21 06:16:22,582 [om1@group-C5BA1605619E-LeaderElection10] INFO  server.RaftServerConfigKeys (ConfUtils.java:logGet(46)) - raft.server.staging.catchup.gap = 1000 (default)
2023-04-21 06:16:22,582 [om1@group-C5BA1605619E-LeaderElection10] INFO  server.RaftServerConfigKeys (ConfUtils.java:logGet(46)) - raft.server.write.element-limit = 4096 (default)
2023-04-21 06:16:22,582 [om1@group-C5BA1605619E-LeaderElection10] INFO  server.RaftServerConfigKeys (ConfUtils.java:logGet(46)) - raft.server.write.byte-limit = 64MB (=67108864) (default)
2023-04-21 06:16:22,582 [om1@group-C5BA1605619E-LeaderElection10] INFO  server.RaftServerConfigKeys (ConfUtils.java:logGet(46)) - raft.server.watch.timeout = 10s (default)
2023-04-21 06:16:22,582 [om1@group-C5BA1605619E-LeaderElection10] INFO  server.RaftServerConfigKeys (ConfUtils.java:logGet(46)) - raft.server.watch.timeout.denomination = 1s (default)
2023-04-21 06:16:22,582 [om1@group-C5BA1605619E-LeaderElection10] INFO  server.RaftServerConfigKeys (ConfUtils.java:logGet(46)) - raft.server.watch.element-limit = 65536 (default)
2023-04-21 06:16:22,582 [om1@group-C5BA1605619E-LeaderElection10] INFO  server.RaftServerConfigKeys (ConfUtils.java:logGet(46)) - raft.server.write.element-limit = 4096 (default)
2023-04-21 06:16:22,582 [om1@group-C5BA1605619E-LeaderElection10] INFO  server.RaftServerConfigKeys (ConfUtils.java:logGet(46)) - raft.server.write.follower.gap.ratio.max = -1.0 (default)
2023-04-21 06:16:22,583 [om1@group-C5BA1605619E-LeaderElection10] INFO  impl.RoleInfo (RoleInfo.java:updateAndGet(139)) - om1: start om1@group-C5BA1605619E-LeaderStateImpl
2023-04-21 06:16:22,583 [om1@group-C5BA1605619E-LeaderElection10] INFO  segmented.SegmentedRaftLogWorker (SegmentedRaftLogWorker.java:startLogSegment(452)) - om1@group-C5BA1605619E-SegmentedRaftLogWorker: Starting segment from index:0
2023-04-21 06:16:22,586 [om1@group-C5BA1605619E-LeaderElection10] INFO  server.RaftServer$Division (ServerState.java:setRaftConf(430)) - om1@group-C5BA1605619E: set configuration 0: peers:[om1|rpc:localhost:9872|admin:|client:|dataStream:|priority:0|startupRole:FOLLOWER]|listeners:[], old=null
2023-04-21 06:16:22,593 [om1@group-C5BA1605619E-SegmentedRaftLogWorker] INFO  segmented.SegmentedRaftLogWorker (SegmentedRaftLogWorker.java:execute(656)) - om1@group-C5BA1605619E-SegmentedRaftLogWorker: created new log segment /home/runner/work/ozone/ozone/hadoop-ozone/integration-test/target/test-dir/MiniOzoneClusterImpl-48be086b-510e-48a6-912b-c1dd212c4943/ozone-meta/ratis/bf265839-605b-3f16-9796-c5ba1605619e/current/log_inprogress_0
2023-04-21 06:16:22,594 [om1@group-C5BA1605619E-StateMachineUpdater] INFO  ratis.OzoneManagerStateMachine (OzoneManagerStateMachine.java:notifyConfigurationChanged(200)) - Received Configuration change notification from Ratis. New Peer list:
[id: "om1"
address: "localhost:9872"
startupRole: FOLLOWER
]
2023-04-21 06:16:23,538 [Listener at 127.0.0.1/32823] INFO  ozone.MiniOzoneClusterImpl (MiniOzoneClusterImpl.java:lambda$waitForClusterToBeReady$0(223)) - Waiting for nodes to be ready. Got 0 of 3 DN Heartbeats.
2023-04-21 06:16:23,538 [Listener at 127.0.0.1/32823] INFO  ozone.MiniOzoneClusterImpl (MiniOzoneClusterImpl.java:lambda$waitForClusterToBeReady$0(226)) - Waiting for cluster to exit safe mode
2023-04-21 06:16:23,538 [Listener at 127.0.0.1/32823] INFO  ozone.MiniOzoneClusterImpl (MiniOzoneClusterImpl.java:lambda$waitForClusterToBeReady$0(228)) - SCM became leader
2023-04-21 06:16:23,913 [EndpointStateMachine task thread for /0.0.0.0:32961 - 0 ] INFO  utils.DatanodeStoreCache (DatanodeStoreCache.java:addDB(58)) - Added db /home/runner/work/ozone/ozone/hadoop-ozone/integration-test/target/test-dir/MiniOzoneClusterImpl-48be086b-510e-48a6-912b-c1dd212c4943/datanode-0/data-0/containers/hdds/48be086b-510e-48a6-912b-c1dd212c4943/DS-7ae85df9-9883-479f-9c93-9e62809c59cd/container.db to cache
2023-04-21 06:16:23,913 [EndpointStateMachine task thread for /0.0.0.0:32961 - 0 ] INFO  volume.HddsVolume (HddsVolume.java:createDbStore(350)) - SchemaV3 db is created and loaded at /home/runner/work/ozone/ozone/hadoop-ozone/integration-test/target/test-dir/MiniOzoneClusterImpl-48be086b-510e-48a6-912b-c1dd212c4943/datanode-0/data-0/containers/hdds/48be086b-510e-48a6-912b-c1dd212c4943/DS-7ae85df9-9883-479f-9c93-9e62809c59cd/container.db for volume DS-7ae85df9-9883-479f-9c93-9e62809c59cd
2023-04-21 06:16:23,914 [EndpointStateMachine task thread for /0.0.0.0:32961 - 0 ] INFO  ozoneimpl.OzoneContainer (OzoneContainer.java:start(397)) - Attempting to start container services.
2023-04-21 06:16:23,914 [EndpointStateMachine task thread for /0.0.0.0:32961 - 0 ] INFO  ozoneimpl.OzoneContainer (OzoneContainer.java:startContainerScrub(314)) - Scheduled background container scanners and the on-demand container scanner have been disabled.
2023-04-21 06:16:23,920 [EndpointStateMachine task thread for /0.0.0.0:32961 - 0 ] INFO  replication.ReplicationServer (ReplicationServer.java:start(109)) - ReplicationServer is started using port 34279
2023-04-21 06:16:23,920 [EndpointStateMachine task thread for /0.0.0.0:32961 - 0 ] INFO  ratis.XceiverServerRatis (XceiverServerRatis.java:start(517)) - Starting XceiverServerRatis 4333bcaf-cc70-4ceb-8f29-2dbb294defd1
2023-04-21 06:16:23,920 [EndpointStateMachine task thread for /0.0.0.0:32961 - 0 ] INFO  server.RaftServer (RaftServerProxy.java:startImpl(393)) - 4333bcaf-cc70-4ceb-8f29-2dbb294defd1: start RPC server
2023-04-21 06:16:23,922 [EndpointStateMachine task thread for /0.0.0.0:32961 - 0 ] INFO  server.GrpcService (GrpcService.java:startImpl(262)) - 4333bcaf-cc70-4ceb-8f29-2dbb294defd1: GrpcService started, listening on 36539
2023-04-21 06:16:23,922 [EndpointStateMachine task thread for /0.0.0.0:32961 - 0 ] INFO  ratis.XceiverServerRatis (XceiverServerRatis.java:getRealPort(543)) - XceiverServerRatis 4333bcaf-cc70-4ceb-8f29-2dbb294defd1 is started using port 36539 for RATIS
2023-04-21 06:16:23,922 [JvmPauseMonitor7] INFO  util.JvmPauseMonitor (JvmPauseMonitor.java:run(105)) - JvmPauseMonitor-4333bcaf-cc70-4ceb-8f29-2dbb294defd1: Started
2023-04-21 06:16:23,922 [EndpointStateMachine task thread for /0.0.0.0:32961 - 0 ] INFO  ratis.XceiverServerRatis (XceiverServerRatis.java:getRealPort(543)) - XceiverServerRatis 4333bcaf-cc70-4ceb-8f29-2dbb294defd1 is started using port 36539 for RATIS_ADMIN
2023-04-21 06:16:23,924 [EndpointStateMachine task thread for /0.0.0.0:32961 - 0 ] INFO  ratis.XceiverServerRatis (XceiverServerRatis.java:getRealPort(543)) - XceiverServerRatis 4333bcaf-cc70-4ceb-8f29-2dbb294defd1 is started using port 36539 for RATIS_SERVER
2023-04-21 06:16:23,924 [EndpointStateMachine task thread for /0.0.0.0:32961 - 0 ] INFO  ratis.XceiverServerRatis (XceiverServerRatis.java:getRealPort(543)) - XceiverServerRatis 4333bcaf-cc70-4ceb-8f29-2dbb294defd1 is started using port 46449 for RATIS_DATASTREAM
2023-04-21 06:16:23,927 [EndpointStateMachine task thread for /0.0.0.0:32961 - 0 ] INFO  server.XceiverServerGrpc (XceiverServerGrpc.java:start(180)) - XceiverServerGrpc 4333bcaf-cc70-4ceb-8f29-2dbb294defd1 is started using port 43101
2023-04-21 06:16:23,927 [BlockDeletingService#0] INFO  interfaces.ContainerDeletionChoosingPolicyTemplate (ContainerDeletionChoosingPolicyTemplate.java:chooseContainerForBlockDeletion(83)) - Chosen 0/5000 blocks from 0 candidate containers.
2023-04-21 06:16:24,260 [EndpointStateMachine task thread for /0.0.0.0:32961 - 0 ] INFO  utils.DatanodeStoreCache (DatanodeStoreCache.java:addDB(58)) - Added db /home/runner/work/ozone/ozone/hadoop-ozone/integration-test/target/test-dir/MiniOzoneClusterImpl-48be086b-510e-48a6-912b-c1dd212c4943/datanode-1/data-0/containers/hdds/48be086b-510e-48a6-912b-c1dd212c4943/DS-d5056d96-4043-4559-a198-dcd8097b7241/container.db to cache
2023-04-21 06:16:24,260 [EndpointStateMachine task thread for /0.0.0.0:32961 - 0 ] INFO  volume.HddsVolume (HddsVolume.java:createDbStore(350)) - SchemaV3 db is created and loaded at /home/runner/work/ozone/ozone/hadoop-ozone/integration-test/target/test-dir/MiniOzoneClusterImpl-48be086b-510e-48a6-912b-c1dd212c4943/datanode-1/data-0/containers/hdds/48be086b-510e-48a6-912b-c1dd212c4943/DS-d5056d96-4043-4559-a198-dcd8097b7241/container.db for volume DS-d5056d96-4043-4559-a198-dcd8097b7241
2023-04-21 06:16:24,260 [EndpointStateMachine task thread for /0.0.0.0:32961 - 0 ] INFO  ozoneimpl.OzoneContainer (OzoneContainer.java:start(397)) - Attempting to start container services.
2023-04-21 06:16:24,260 [EndpointStateMachine task thread for /0.0.0.0:32961 - 0 ] INFO  ozoneimpl.OzoneContainer (OzoneContainer.java:startContainerScrub(314)) - Scheduled background container scanners and the on-demand container scanner have been disabled.
2023-04-21 06:16:24,263 [EndpointStateMachine task thread for /0.0.0.0:32961 - 0 ] INFO  replication.ReplicationServer (ReplicationServer.java:start(109)) - ReplicationServer is started using port 39693
2023-04-21 06:16:24,264 [EndpointStateMachine task thread for /0.0.0.0:32961 - 0 ] INFO  ratis.XceiverServerRatis (XceiverServerRatis.java:start(517)) - Starting XceiverServerRatis 307e815f-95b2-473e-9bb5-509f867b7773
2023-04-21 06:16:24,265 [EndpointStateMachine task thread for /0.0.0.0:32961 - 0 ] INFO  server.RaftServer (RaftServerProxy.java:startImpl(393)) - 307e815f-95b2-473e-9bb5-509f867b7773: start RPC server
2023-04-21 06:16:24,271 [EndpointStateMachine task thread for /0.0.0.0:32961 - 0 ] INFO  server.GrpcService (GrpcService.java:startImpl(262)) - 307e815f-95b2-473e-9bb5-509f867b7773: GrpcService started, listening on 37293
2023-04-21 06:16:24,271 [EndpointStateMachine task thread for /0.0.0.0:32961 - 0 ] INFO  ratis.XceiverServerRatis (XceiverServerRatis.java:getRealPort(543)) - XceiverServerRatis 307e815f-95b2-473e-9bb5-509f867b7773 is started using port 37293 for RATIS
2023-04-21 06:16:24,271 [EndpointStateMachine task thread for /0.0.0.0:32961 - 0 ] INFO  ratis.XceiverServerRatis (XceiverServerRatis.java:getRealPort(543)) - XceiverServerRatis 307e815f-95b2-473e-9bb5-509f867b7773 is started using port 37293 for RATIS_ADMIN
2023-04-21 06:16:24,271 [JvmPauseMonitor8] INFO  util.JvmPauseMonitor (JvmPauseMonitor.java:run(105)) - JvmPauseMonitor-307e815f-95b2-473e-9bb5-509f867b7773: Started
2023-04-21 06:16:24,271 [EndpointStateMachine task thread for /0.0.0.0:32961 - 0 ] INFO  ratis.XceiverServerRatis (XceiverServerRatis.java:getRealPort(543)) - XceiverServerRatis 307e815f-95b2-473e-9bb5-509f867b7773 is started using port 37293 for RATIS_SERVER
2023-04-21 06:16:24,271 [EndpointStateMachine task thread for /0.0.0.0:32961 - 0 ] INFO  ratis.XceiverServerRatis (XceiverServerRatis.java:getRealPort(543)) - XceiverServerRatis 307e815f-95b2-473e-9bb5-509f867b7773 is started using port 42973 for RATIS_DATASTREAM
2023-04-21 06:16:24,274 [EndpointStateMachine task thread for /0.0.0.0:32961 - 0 ] INFO  server.XceiverServerGrpc (XceiverServerGrpc.java:start(180)) - XceiverServerGrpc 307e815f-95b2-473e-9bb5-509f867b7773 is started using port 36843
2023-04-21 06:16:24,275 [BlockDeletingService#0] INFO  interfaces.ContainerDeletionChoosingPolicyTemplate (ContainerDeletionChoosingPolicyTemplate.java:chooseContainerForBlockDeletion(83)) - Chosen 0/5000 blocks from 0 candidate containers.
2023-04-21 06:16:24,539 [Listener at 127.0.0.1/32823] INFO  ozone.MiniOzoneClusterImpl (MiniOzoneClusterImpl.java:lambda$waitForClusterToBeReady$0(223)) - Waiting for nodes to be ready. Got 0 of 3 DN Heartbeats.
2023-04-21 06:16:24,539 [Listener at 127.0.0.1/32823] INFO  ozone.MiniOzoneClusterImpl (MiniOzoneClusterImpl.java:lambda$waitForClusterToBeReady$0(226)) - Waiting for cluster to exit safe mode
2023-04-21 06:16:24,539 [Listener at 127.0.0.1/32823] INFO  ozone.MiniOzoneClusterImpl (MiniOzoneClusterImpl.java:lambda$waitForClusterToBeReady$0(228)) - SCM became leader
2023-04-21 06:16:24,568 [EndpointStateMachine task thread for /0.0.0.0:32961 - 0 ] INFO  utils.DatanodeStoreCache (DatanodeStoreCache.java:addDB(58)) - Added db /home/runner/work/ozone/ozone/hadoop-ozone/integration-test/target/test-dir/MiniOzoneClusterImpl-48be086b-510e-48a6-912b-c1dd212c4943/datanode-2/data-0/containers/hdds/48be086b-510e-48a6-912b-c1dd212c4943/DS-026e18de-8c70-45b1-8e50-7790a082b14e/container.db to cache
2023-04-21 06:16:24,568 [EndpointStateMachine task thread for /0.0.0.0:32961 - 0 ] INFO  volume.HddsVolume (HddsVolume.java:createDbStore(350)) - SchemaV3 db is created and loaded at /home/runner/work/ozone/ozone/hadoop-ozone/integration-test/target/test-dir/MiniOzoneClusterImpl-48be086b-510e-48a6-912b-c1dd212c4943/datanode-2/data-0/containers/hdds/48be086b-510e-48a6-912b-c1dd212c4943/DS-026e18de-8c70-45b1-8e50-7790a082b14e/container.db for volume DS-026e18de-8c70-45b1-8e50-7790a082b14e
2023-04-21 06:16:24,569 [EndpointStateMachine task thread for /0.0.0.0:32961 - 0 ] INFO  ozoneimpl.OzoneContainer (OzoneContainer.java:start(397)) - Attempting to start container services.
2023-04-21 06:16:24,569 [EndpointStateMachine task thread for /0.0.0.0:32961 - 0 ] INFO  ozoneimpl.OzoneContainer (OzoneContainer.java:startContainerScrub(314)) - Scheduled background container scanners and the on-demand container scanner have been disabled.
2023-04-21 06:16:24,575 [EndpointStateMachine task thread for /0.0.0.0:32961 - 0 ] INFO  replication.ReplicationServer (ReplicationServer.java:start(109)) - ReplicationServer is started using port 33505
2023-04-21 06:16:24,575 [EndpointStateMachine task thread for /0.0.0.0:32961 - 0 ] INFO  ratis.XceiverServerRatis (XceiverServerRatis.java:start(517)) - Starting XceiverServerRatis 8f9d2216-a166-4295-9524-f6ac7a5d11df
2023-04-21 06:16:24,579 [EndpointStateMachine task thread for /0.0.0.0:32961 - 0 ] INFO  server.RaftServer (RaftServerProxy.java:startImpl(393)) - 8f9d2216-a166-4295-9524-f6ac7a5d11df: start RPC server
2023-04-21 06:16:24,583 [EndpointStateMachine task thread for /0.0.0.0:32961 - 0 ] INFO  server.GrpcService (GrpcService.java:startImpl(262)) - 8f9d2216-a166-4295-9524-f6ac7a5d11df: GrpcService started, listening on 45461
2023-04-21 06:16:24,583 [EndpointStateMachine task thread for /0.0.0.0:32961 - 0 ] INFO  ratis.XceiverServerRatis (XceiverServerRatis.java:getRealPort(543)) - XceiverServerRatis 8f9d2216-a166-4295-9524-f6ac7a5d11df is started using port 45461 for RATIS
2023-04-21 06:16:24,583 [JvmPauseMonitor9] INFO  util.JvmPauseMonitor (JvmPauseMonitor.java:run(105)) - JvmPauseMonitor-8f9d2216-a166-4295-9524-f6ac7a5d11df: Started
2023-04-21 06:16:24,583 [EndpointStateMachine task thread for /0.0.0.0:32961 - 0 ] INFO  ratis.XceiverServerRatis (XceiverServerRatis.java:getRealPort(543)) - XceiverServerRatis 8f9d2216-a166-4295-9524-f6ac7a5d11df is started using port 45461 for RATIS_ADMIN
2023-04-21 06:16:24,583 [EndpointStateMachine task thread for /0.0.0.0:32961 - 0 ] INFO  ratis.XceiverServerRatis (XceiverServerRatis.java:getRealPort(543)) - XceiverServerRatis 8f9d2216-a166-4295-9524-f6ac7a5d11df is started using port 45461 for RATIS_SERVER
2023-04-21 06:16:24,583 [EndpointStateMachine task thread for /0.0.0.0:32961 - 0 ] INFO  ratis.XceiverServerRatis (XceiverServerRatis.java:getRealPort(543)) - XceiverServerRatis 8f9d2216-a166-4295-9524-f6ac7a5d11df is started using port 33995 for RATIS_DATASTREAM
2023-04-21 06:16:24,586 [EndpointStateMachine task thread for /0.0.0.0:32961 - 0 ] INFO  server.XceiverServerGrpc (XceiverServerGrpc.java:start(180)) - XceiverServerGrpc 8f9d2216-a166-4295-9524-f6ac7a5d11df is started using port 41017
2023-04-21 06:16:24,587 [BlockDeletingService#0] INFO  interfaces.ContainerDeletionChoosingPolicyTemplate (ContainerDeletionChoosingPolicyTemplate.java:chooseContainerForBlockDeletion(83)) - Chosen 0/5000 blocks from 0 candidate containers.
2023-04-21 06:16:25,539 [Listener at 127.0.0.1/32823] INFO  ozone.MiniOzoneClusterImpl (MiniOzoneClusterImpl.java:lambda$waitForClusterToBeReady$0(223)) - Waiting for nodes to be ready. Got 0 of 3 DN Heartbeats.
2023-04-21 06:16:25,539 [Listener at 127.0.0.1/32823] INFO  ozone.MiniOzoneClusterImpl (MiniOzoneClusterImpl.java:lambda$waitForClusterToBeReady$0(226)) - Waiting for cluster to exit safe mode
2023-04-21 06:16:25,539 [Listener at 127.0.0.1/32823] INFO  ozone.MiniOzoneClusterImpl (MiniOzoneClusterImpl.java:lambda$waitForClusterToBeReady$0(228)) - SCM became leader
2023-04-21 06:16:25,870 [IPC Server handler 0 on default port 32961] INFO  net.NetworkTopologyImpl (NetworkTopologyImpl.java:add(112)) - Added a new node: /default-rack/4333bcaf-cc70-4ceb-8f29-2dbb294defd1
2023-04-21 06:16:25,870 [IPC Server handler 0 on default port 32961] INFO  node.SCMNodeManager (SCMNodeManager.java:register(404)) - Registered Data node : 4333bcaf-cc70-4ceb-8f29-2dbb294defd1{ip: 10.1.0.35, host: fv-az205-422, ports: [HTTP=33665, REPLICATION=34279, RATIS=36539, RATIS_ADMIN=36539, RATIS_SERVER=36539, RATIS_DATASTREAM=46449, STANDALONE=43101], networkLocation: /default-rack, certSerialId: null, persistedOpState: null, persistedOpStateExpiryEpochSec: 0}
2023-04-21 06:16:25,872 [EventQueue-NodeRegistrationContainerReportForDataNodeSafeModeRule] INFO  safemode.SCMSafeModeManager (DataNodeSafeModeRule.java:process(71)) - SCM in safe mode. 1 DataNodes registered, 3 required.
2023-04-21 06:16:25,872 [EventQueue-NodeRegistrationContainerReportForContainerSafeModeRule] INFO  safemode.SCMSafeModeManager (SCMSafeModeManager.java:validateSafeModeExitRules(200)) - ContainerSafeModeRule rule is successfully validated
2023-04-21 06:16:25,874 [EventQueue-NewNodeForNewNodeHandler] INFO  pipeline.BackgroundPipelineCreator (BackgroundPipelineCreator.java:notifyEventTriggered(276)) - trigger a one-shot run on RatisPipelineUtilsThread.
2023-04-21 06:16:25,874 [RatisPipelineUtilsThread - 0] INFO  pipeline.RatisPipelineProvider (RatisPipelineProvider.java:lambda$create$0(206)) - Sending CreatePipelineCommand for pipeline:PipelineID=976c059f-d090-4221-958f-cde1599ec7ed to datanode:4333bcaf-cc70-4ceb-8f29-2dbb294defd1
2023-04-21 06:16:25,876 [RatisPipelineUtilsThread - 0] INFO  pipeline.PipelineStateManagerImpl (PipelineStateManagerImpl.java:addPipeline(103)) - Created pipeline Pipeline[ Id: 976c059f-d090-4221-958f-cde1599ec7ed, Nodes: 4333bcaf-cc70-4ceb-8f29-2dbb294defd1(fv-az205-422/10.1.0.35), ReplicationConfig: RATIS/ONE, State:ALLOCATED, leaderId:, CreationTimestamp2023-04-21T06:16:25.874Z[Etc/UTC]].
2023-04-21 06:16:25,877 [EventQueue-PipelineReportForOneReplicaPipelineSafeModeRule] INFO  safemode.SCMSafeModeManager (SCMSafeModeManager.java:validateSafeModeExitRules(200)) - AtleastOneDatanodeReportedRule rule is successfully validated
2023-04-21 06:16:26,216 [IPC Server handler 1 on default port 32961] INFO  net.NetworkTopologyImpl (NetworkTopologyImpl.java:add(112)) - Added a new node: /default-rack/307e815f-95b2-473e-9bb5-509f867b7773
2023-04-21 06:16:26,217 [IPC Server handler 1 on default port 32961] INFO  node.SCMNodeManager (SCMNodeManager.java:register(404)) - Registered Data node : 307e815f-95b2-473e-9bb5-509f867b7773{ip: 10.1.0.35, host: fv-az205-422, ports: [HTTP=43431, REPLICATION=39693, RATIS=37293, RATIS_ADMIN=37293, RATIS_SERVER=37293, RATIS_DATASTREAM=42973, STANDALONE=36843], networkLocation: /default-rack, certSerialId: null, persistedOpState: null, persistedOpStateExpiryEpochSec: 0}
2023-04-21 06:16:26,217 [EventQueue-NewNodeForNewNodeHandler] INFO  pipeline.BackgroundPipelineCreator (BackgroundPipelineCreator.java:notifyEventTriggered(276)) - trigger a one-shot run on RatisPipelineUtilsThread.
2023-04-21 06:16:26,218 [EventQueue-NodeRegistrationContainerReportForDataNodeSafeModeRule] INFO  safemode.SCMSafeModeManager (DataNodeSafeModeRule.java:process(71)) - SCM in safe mode. 2 DataNodes registered, 3 required.
2023-04-21 06:16:26,218 [RatisPipelineUtilsThread - 0] INFO  pipeline.RatisPipelineProvider (RatisPipelineProvider.java:lambda$create$0(206)) - Sending CreatePipelineCommand for pipeline:PipelineID=bcb744dc-d727-4c93-9bd3-88ca3ff216a4 to datanode:307e815f-95b2-473e-9bb5-509f867b7773
2023-04-21 06:16:26,219 [RatisPipelineUtilsThread - 0] INFO  pipeline.PipelineStateManagerImpl (PipelineStateManagerImpl.java:addPipeline(103)) - Created pipeline Pipeline[ Id: bcb744dc-d727-4c93-9bd3-88ca3ff216a4, Nodes: 307e815f-95b2-473e-9bb5-509f867b7773(fv-az205-422/10.1.0.35), ReplicationConfig: RATIS/ONE, State:ALLOCATED, leaderId:, CreationTimestamp2023-04-21T06:16:26.218Z[Etc/UTC]].
2023-04-21 06:16:26,539 [Listener at 127.0.0.1/32823] INFO  ozone.MiniOzoneClusterImpl (MiniOzoneClusterImpl.java:lambda$waitForClusterToBeReady$0(223)) - Waiting for nodes to be ready. Got 2 of 3 DN Heartbeats.
2023-04-21 06:16:26,540 [Listener at 127.0.0.1/32823] INFO  ozone.MiniOzoneClusterImpl (MiniOzoneClusterImpl.java:lambda$waitForClusterToBeReady$0(226)) - Waiting for cluster to exit safe mode
2023-04-21 06:16:26,540 [Listener at 127.0.0.1/32823] INFO  ozone.MiniOzoneClusterImpl (MiniOzoneClusterImpl.java:lambda$waitForClusterToBeReady$0(228)) - SCM became leader
2023-04-21 06:16:26,540 [IPC Server handler 2 on default port 32961] INFO  net.NetworkTopologyImpl (NetworkTopologyImpl.java:add(112)) - Added a new node: /default-rack/8f9d2216-a166-4295-9524-f6ac7a5d11df
2023-04-21 06:16:26,540 [IPC Server handler 2 on default port 32961] INFO  node.SCMNodeManager (SCMNodeManager.java:register(404)) - Registered Data node : 8f9d2216-a166-4295-9524-f6ac7a5d11df{ip: 10.1.0.35, host: fv-az205-422, ports: [HTTP=35625, REPLICATION=33505, RATIS=45461, RATIS_ADMIN=45461, RATIS_SERVER=45461, RATIS_DATASTREAM=33995, STANDALONE=41017], networkLocation: /default-rack, certSerialId: null, persistedOpState: null, persistedOpStateExpiryEpochSec: 0}
2023-04-21 06:16:26,541 [EventQueue-NewNodeForNewNodeHandler] INFO  pipeline.BackgroundPipelineCreator (BackgroundPipelineCreator.java:notifyEventTriggered(276)) - trigger a one-shot run on RatisPipelineUtilsThread.
2023-04-21 06:16:26,542 [EventQueue-NodeRegistrationContainerReportForDataNodeSafeModeRule] INFO  safemode.SCMSafeModeManager (DataNodeSafeModeRule.java:process(71)) - SCM in safe mode. 3 DataNodes registered, 3 required.
2023-04-21 06:16:26,542 [EventQueue-NodeRegistrationContainerReportForDataNodeSafeModeRule] INFO  safemode.SCMSafeModeManager (SCMSafeModeManager.java:validateSafeModeExitRules(200)) - DataNodeSafeModeRule rule is successfully validated
2023-04-21 06:16:26,542 [EventQueue-NodeRegistrationContainerReportForDataNodeSafeModeRule] INFO  safemode.SCMSafeModeManager (SCMSafeModeManager.java:completePreCheck(229)) - All SCM safe mode pre check rules have passed
2023-04-21 06:16:26,542 [EventQueue-NodeRegistrationContainerReportForDataNodeSafeModeRule] INFO  ha.SCMContext (SCMContext.java:updateSafeModeStatus(228)) - Update SafeModeStatus from SafeModeStatus{safeModeStatus=true, preCheckPassed=false} to SafeModeStatus{safeModeStatus=true, preCheckPassed=true}.
2023-04-21 06:16:26,542 [EventQueue-NodeRegistrationContainerReportForDataNodeSafeModeRule] INFO  pipeline.BackgroundPipelineCreator (BackgroundPipelineCreator.java:notifyEventTriggered(276)) - trigger a one-shot run on RatisPipelineUtilsThread.
2023-04-21 06:16:26,542 [RatisPipelineUtilsThread - 0] INFO  pipeline.RatisPipelineProvider (RatisPipelineProvider.java:lambda$create$0(206)) - Sending CreatePipelineCommand for pipeline:PipelineID=42471573-c697-4e35-a199-3086453c39a6 to datanode:8f9d2216-a166-4295-9524-f6ac7a5d11df
2023-04-21 06:16:26,543 [RatisPipelineUtilsThread - 0] INFO  pipeline.PipelineStateManagerImpl (PipelineStateManagerImpl.java:addPipeline(103)) - Created pipeline Pipeline[ Id: 42471573-c697-4e35-a199-3086453c39a6, Nodes: 8f9d2216-a166-4295-9524-f6ac7a5d11df(fv-az205-422/10.1.0.35), ReplicationConfig: RATIS/ONE, State:ALLOCATED, leaderId:, CreationTimestamp2023-04-21T06:16:26.542Z[Etc/UTC]].
2023-04-21 06:16:26,543 [RatisPipelineUtilsThread - 0] INFO  pipeline.RatisPipelineProvider (RatisPipelineProvider.java:lambda$create$0(206)) - Sending CreatePipelineCommand for pipeline:PipelineID=4daebfed-bcc1-4f32-9499-8c428f4c7ebc to datanode:4333bcaf-cc70-4ceb-8f29-2dbb294defd1
2023-04-21 06:16:26,543 [RatisPipelineUtilsThread - 0] INFO  pipeline.RatisPipelineProvider (RatisPipelineProvider.java:lambda$create$0(206)) - Sending CreatePipelineCommand for pipeline:PipelineID=4daebfed-bcc1-4f32-9499-8c428f4c7ebc to datanode:307e815f-95b2-473e-9bb5-509f867b7773
2023-04-21 06:16:26,543 [RatisPipelineUtilsThread - 0] INFO  pipeline.RatisPipelineProvider (RatisPipelineProvider.java:lambda$create$0(206)) - Sending CreatePipelineCommand for pipeline:PipelineID=4daebfed-bcc1-4f32-9499-8c428f4c7ebc to datanode:8f9d2216-a166-4295-9524-f6ac7a5d11df
2023-04-21 06:16:26,543 [RatisPipelineUtilsThread - 0] INFO  pipeline.PipelineStateManagerImpl (PipelineStateManagerImpl.java:addPipeline(103)) - Created pipeline Pipeline[ Id: 4daebfed-bcc1-4f32-9499-8c428f4c7ebc, Nodes: 4333bcaf-cc70-4ceb-8f29-2dbb294defd1(fv-az205-422/10.1.0.35)307e815f-95b2-473e-9bb5-509f867b7773(fv-az205-422/10.1.0.35)8f9d2216-a166-4295-9524-f6ac7a5d11df(fv-az205-422/10.1.0.35), ReplicationConfig: RATIS/THREE, State:ALLOCATED, leaderId:, CreationTimestamp2023-04-21T06:16:26.543Z[Etc/UTC]].
2023-04-21 06:16:26,544 [RatisPipelineUtilsThread - 0] INFO  pipeline.RatisPipelineProvider (RatisPipelineProvider.java:lambda$create$0(206)) - Sending CreatePipelineCommand for pipeline:PipelineID=412b3507-d1fe-450e-83ad-e5ab5397a847 to datanode:8f9d2216-a166-4295-9524-f6ac7a5d11df
2023-04-21 06:16:26,544 [RatisPipelineUtilsThread - 0] INFO  pipeline.RatisPipelineProvider (RatisPipelineProvider.java:lambda$create$0(206)) - Sending CreatePipelineCommand for pipeline:PipelineID=412b3507-d1fe-450e-83ad-e5ab5397a847 to datanode:4333bcaf-cc70-4ceb-8f29-2dbb294defd1
2023-04-21 06:16:26,544 [RatisPipelineUtilsThread - 0] INFO  pipeline.RatisPipelineProvider (RatisPipelineProvider.java:lambda$create$0(206)) - Sending CreatePipelineCommand for pipeline:PipelineID=412b3507-d1fe-450e-83ad-e5ab5397a847 to datanode:307e815f-95b2-473e-9bb5-509f867b7773
2023-04-21 06:16:26,544 [RatisPipelineUtilsThread - 0] INFO  pipeline.PipelineStateManagerImpl (PipelineStateManagerImpl.java:addPipeline(103)) - Created pipeline Pipeline[ Id: 412b3507-d1fe-450e-83ad-e5ab5397a847, Nodes: 8f9d2216-a166-4295-9524-f6ac7a5d11df(fv-az205-422/10.1.0.35)4333bcaf-cc70-4ceb-8f29-2dbb294defd1(fv-az205-422/10.1.0.35)307e815f-95b2-473e-9bb5-509f867b7773(fv-az205-422/10.1.0.35), ReplicationConfig: RATIS/THREE, State:ALLOCATED, leaderId:, CreationTimestamp2023-04-21T06:16:26.544Z[Etc/UTC]].
2023-04-21 06:16:26,545 [RatisPipelineUtilsThread - 0] INFO  pipeline.PipelineManagerImpl (PipelineManagerImpl.java:recordMetricsForPipeline(826)) - Pipeline: PipelineID=412b3507-d1fe-450e-83ad-e5ab5397a847 contains same datanodes as previous pipelines: PipelineID=4daebfed-bcc1-4f32-9499-8c428f4c7ebc nodeIds: 8f9d2216-a166-4295-9524-f6ac7a5d11df, 4333bcaf-cc70-4ceb-8f29-2dbb294defd1, 307e815f-95b2-473e-9bb5-509f867b7773
2023-04-21 06:16:26,546 [RatisPipelineUtilsThread - 0] WARN  pipeline.PipelinePlacementPolicy (PipelinePlacementPolicy.java:filterViableNodes(160)) - Pipeline creation failed due to no sufficient healthy datanodes. Required 3. Found 0. Excluded 3.
2023-04-21 06:16:26,547 [RatisPipelineUtilsThread - 0] WARN  pipeline.PipelinePlacementPolicy (PipelinePlacementPolicy.java:filterViableNodes(160)) - Pipeline creation failed due to no sufficient healthy datanodes. Required 3. Found 0. Excluded 3.
2023-04-21 06:16:27,540 [Listener at 127.0.0.1/32823] INFO  ozone.MiniOzoneClusterImpl (MiniOzoneClusterImpl.java:lambda$waitForClusterToBeReady$0(223)) - Nodes are ready. Got 3 of 3 DN Heartbeats.
2023-04-21 06:16:27,540 [Listener at 127.0.0.1/32823] INFO  ozone.MiniOzoneClusterImpl (MiniOzoneClusterImpl.java:lambda$waitForClusterToBeReady$0(226)) - Waiting for cluster to exit safe mode
2023-04-21 06:16:27,540 [Listener at 127.0.0.1/32823] INFO  ozone.MiniOzoneClusterImpl (MiniOzoneClusterImpl.java:lambda$waitForClusterToBeReady$0(228)) - SCM became leader
2023-04-21 06:16:28,541 [Listener at 127.0.0.1/32823] INFO  ozone.MiniOzoneClusterImpl (MiniOzoneClusterImpl.java:lambda$waitForClusterToBeReady$0(223)) - Nodes are ready. Got 3 of 3 DN Heartbeats.
2023-04-21 06:16:28,541 [Listener at 127.0.0.1/32823] INFO  ozone.MiniOzoneClusterImpl (MiniOzoneClusterImpl.java:lambda$waitForClusterToBeReady$0(226)) - Waiting for cluster to exit safe mode
2023-04-21 06:16:28,541 [Listener at 127.0.0.1/32823] INFO  ozone.MiniOzoneClusterImpl (MiniOzoneClusterImpl.java:lambda$waitForClusterToBeReady$0(228)) - SCM became leader
2023-04-21 06:16:28,870 [Command processor thread] INFO  server.RaftServer (RaftServerProxy.java:addNew(96)) - 4333bcaf-cc70-4ceb-8f29-2dbb294defd1: addNew group-CDE1599EC7ED:[4333bcaf-cc70-4ceb-8f29-2dbb294defd1|rpc:10.1.0.35:36539|dataStream:10.1.0.35:46449|priority:1|startupRole:FOLLOWER] returns group-CDE1599EC7ED:java.util.concurrent.CompletableFuture@24f3e439[Not completed]
2023-04-21 06:16:28,872 [pool-345-thread-1] INFO  server.RaftServer$Division (RaftServerImpl.java:<init>(195)) - 4333bcaf-cc70-4ceb-8f29-2dbb294defd1: new RaftServerImpl for group-CDE1599EC7ED:[4333bcaf-cc70-4ceb-8f29-2dbb294defd1|rpc:10.1.0.35:36539|dataStream:10.1.0.35:46449|priority:1|startupRole:FOLLOWER] with ContainerStateMachine:uninitialized
2023-04-21 06:16:28,872 [pool-345-thread-1] INFO  server.RaftServerConfigKeys (ConfUtils.java:logGet(46)) - raft.server.rpc.timeout.min = 5s (custom)
2023-04-21 06:16:28,872 [pool-345-thread-1] INFO  server.RaftServerConfigKeys (ConfUtils.java:logGet(46)) - raft.server.rpc.timeout.max = 5200ms (custom)
2023-04-21 06:16:28,872 [pool-345-thread-1] INFO  server.RaftServerConfigKeys (ConfUtils.java:logGet(46)) - raft.server.rpc.sleep.time = 25ms (default)
2023-04-21 06:16:28,872 [pool-345-thread-1] INFO  server.RaftServerConfigKeys (ConfUtils.java:logGet(46)) - raft.server.rpc.slowness.timeout = 300s (custom)
2023-04-21 06:16:28,872 [pool-345-thread-1] INFO  server.RaftServerConfigKeys (ConfUtils.java:logGet(46)) - raft.server.leaderelection.leader.step-down.wait-time = 10s (default)
2023-04-21 06:16:28,872 [pool-345-thread-1] INFO  server.RaftServerConfigKeys (ConfUtils.java:logGet(46)) - raft.server.sleep.deviation.threshold = 300ms (default)
2023-04-21 06:16:28,872 [pool-345-thread-1] INFO  server.RaftServer$Division (ServerState.java:<init>(118)) - 4333bcaf-cc70-4ceb-8f29-2dbb294defd1@group-CDE1599EC7ED: ConfigurationManager, init=-1: peers:[4333bcaf-cc70-4ceb-8f29-2dbb294defd1|rpc:10.1.0.35:36539|dataStream:10.1.0.35:46449|priority:1|startupRole:FOLLOWER]|listeners:[], old=null, confs=<EMPTY_MAP>
2023-04-21 06:16:28,872 [pool-345-thread-1] INFO  server.RaftServerConfigKeys (ConfUtils.java:logGet(46)) - raft.server.storage.dir = [/home/runner/work/ozone/ozone/hadoop-ozone/integration-test/target/test-dir/MiniOzoneClusterImpl-48be086b-510e-48a6-912b-c1dd212c4943/datanode-0/data/ratis] (custom)
2023-04-21 06:16:28,872 [pool-345-thread-1] INFO  server.RaftServerConfigKeys (ConfUtils.java:logGet(46)) - raft.server.log.corruption.policy = EXCEPTION (default)
2023-04-21 06:16:28,873 [pool-345-thread-1] INFO  server.RaftServerConfigKeys (ConfUtils.java:logGet(46)) - raft.server.storage.free-space.min = 0MB (=0) (default)
2023-04-21 06:16:28,873 [pool-345-thread-1] INFO  server.RaftServerConfigKeys (ConfUtils.java:logGet(46)) - raft.server.notification.no-leader.timeout = 300s (custom)
2023-04-21 06:16:28,873 [pool-345-thread-1] INFO  server.RaftServerConfigKeys (ConfUtils.java:logGet(46)) - raft.server.retrycache.expirytime = 600000ms (custom)
2023-04-21 06:16:28,873 [pool-345-thread-1] INFO  server.RaftServerConfigKeys (ConfUtils.java:logGet(46)) - raft.server.retrycache.statistics.expirytime = 100μs (default)
2023-04-21 06:16:28,873 [pool-345-thread-1] INFO  server.RaftServerConfigKeys (ConfUtils.java:logGet(46)) - raft.server.log.appender.install.snapshot.enabled = false (custom)
2023-04-21 06:16:28,874 [pool-345-thread-1] INFO  server.RaftServerConfigKeys (ConfUtils.java:logGet(46)) - raft.server.threadpool.server.cached = true (default)
2023-04-21 06:16:28,874 [pool-345-thread-1] INFO  server.RaftServerConfigKeys (ConfUtils.java:logGet(46)) - raft.server.threadpool.server.size = 0 (default)
2023-04-21 06:16:28,874 [pool-345-thread-1] INFO  server.RaftServerConfigKeys (ConfUtils.java:logGet(46)) - raft.server.threadpool.client.cached = true (default)
2023-04-21 06:16:28,874 [pool-345-thread-1] INFO  server.RaftServerConfigKeys (ConfUtils.java:logGet(46)) - raft.server.threadpool.client.size = 0 (default)
2023-04-21 06:16:28,874 [pool-345-thread-1] INFO  storage.RaftStorageDirectory (RaftStorageDirectoryImpl.java:analyzeStorage(137)) - The storage directory /home/runner/work/ozone/ozone/hadoop-ozone/integration-test/target/test-dir/MiniOzoneClusterImpl-48be086b-510e-48a6-912b-c1dd212c4943/datanode-0/data/ratis/976c059f-d090-4221-958f-cde1599ec7ed does not exist. Creating ...
2023-04-21 06:16:28,876 [pool-345-thread-1] INFO  storage.RaftStorageDirectory (RaftStorageDirectoryImpl.java:tryLock(231)) - Lock on /home/runner/work/ozone/ozone/hadoop-ozone/integration-test/target/test-dir/MiniOzoneClusterImpl-48be086b-510e-48a6-912b-c1dd212c4943/datanode-0/data/ratis/976c059f-d090-4221-958f-cde1599ec7ed/in_use.lock acquired by nodename 2764@fv-az205-422
2023-04-21 06:16:28,877 [pool-345-thread-1] INFO  storage.RaftStorage (RaftStorageImpl.java:format(96)) - Storage directory /home/runner/work/ozone/ozone/hadoop-ozone/integration-test/target/test-dir/MiniOzoneClusterImpl-48be086b-510e-48a6-912b-c1dd212c4943/datanode-0/data/ratis/976c059f-d090-4221-958f-cde1599ec7ed has been successfully formatted.
2023-04-21 06:16:28,881 [pool-345-thread-1] INFO  ratis.ContainerStateMachine (ContainerStateMachine.java:loadSnapshot(262)) - group-CDE1599EC7ED: The snapshot info is null. Setting the last applied indexto:(t:0, i:~)
2023-04-21 06:16:28,882 [pool-345-thread-1] INFO  server.RaftServerConfigKeys (ConfUtils.java:logGet(46)) - raft.server.log.use.memory = false (default)
2023-04-21 06:16:28,882 [pool-345-thread-1] INFO  server.RaftServerConfigKeys (ConfUtils.java:logGet(46)) - raft.server.log.purge.gap = 1000000 (custom)
2023-04-21 06:16:28,882 [pool-345-thread-1] INFO  server.RaftServerConfigKeys (ConfUtils.java:logGet(46)) - raft.server.log.appender.buffer.byte-limit = 33554432 (custom)
2023-04-21 06:16:28,882 [pool-345-thread-1] INFO  server.RaftServerConfigKeys (ConfUtils.java:logGet(46)) - raft.server.log.statemachine.data.read.timeout = 1000ms (default)
2023-04-21 06:16:28,882 [pool-345-thread-1] INFO  server.RaftServerConfigKeys (ConfUtils.java:logGet(46)) - raft.server.log.purge.preservation.log.num = 0 (default)
2023-04-21 06:16:28,883 [EventQueue-PipelineReportForPipelineReportHandler] INFO  pipeline.PipelineManagerImpl (PipelineManagerImpl.java:openPipeline(367)) - Pipeline Pipeline[ Id: 976c059f-d090-4221-958f-cde1599ec7ed, Nodes: 4333bcaf-cc70-4ceb-8f29-2dbb294defd1(fv-az205-422/10.1.0.35), ReplicationConfig: RATIS/ONE, State:ALLOCATED, leaderId:4333bcaf-cc70-4ceb-8f29-2dbb294defd1, CreationTimestamp2023-04-21T06:16:25.874Z[Etc/UTC]] moved to OPEN state
2023-04-21 06:16:28,883 [pool-345-thread-1] INFO  server.RaftServerConfigKeys (ConfUtils.java:logGet(46)) - raft.server.log.segment.size.max = 1048576 (custom)
2023-04-21 06:16:28,884 [pool-345-thread-1] INFO  server.RaftServerConfigKeys (ConfUtils.java:logGet(46)) - raft.server.log.segment.cache.num.max = 2 (custom)
2023-04-21 06:16:28,884 [pool-345-thread-1] INFO  server.RaftServerConfigKeys (ConfUtils.java:logGet(46)) - raft.server.log.segment.cache.size.max = 200MB (=209715200) (default)
2023-04-21 06:16:28,884 [pool-345-thread-1] INFO  segmented.SegmentedRaftLogWorker (SegmentedRaftLogWorker.java:<init>(189)) - new 4333bcaf-cc70-4ceb-8f29-2dbb294defd1@group-CDE1599EC7ED-SegmentedRaftLogWorker for RaftStorageImpl:Storage Directory /home/runner/work/ozone/ozone/hadoop-ozone/integration-test/target/test-dir/MiniOzoneClusterImpl-48be086b-510e-48a6-912b-c1dd212c4943/datanode-0/data/ratis/976c059f-d090-4221-958f-cde1599ec7ed
2023-04-21 06:16:28,884 [pool-345-thread-1] INFO  server.RaftServerConfigKeys (ConfUtils.java:logGet(46)) - raft.server.log.queue.byte-limit = 4294967296 (custom)
2023-04-21 06:16:28,884 [pool-345-thread-1] INFO  server.RaftServerConfigKeys (ConfUtils.java:logGet(46)) - raft.server.log.queue.element-limit = 1024 (custom)
2023-04-21 06:16:28,884 [pool-345-thread-1] INFO  server.RaftServerConfigKeys (ConfUtils.java:logGet(46)) - raft.server.log.segment.size.max = 1048576 (custom)
2023-04-21 06:16:28,884 [pool-345-thread-1] INFO  server.RaftServerConfigKeys (ConfUtils.java:logGet(46)) - raft.server.log.preallocated.size = 16384 (custom)
2023-04-21 06:16:28,884 [pool-345-thread-1] INFO  server.RaftServerConfigKeys (ConfUtils.java:logGet(46)) - raft.server.log.force.sync.num = 128 (default)
2023-04-21 06:16:28,884 [pool-345-thread-1] INFO  server.RaftServerConfigKeys (ConfUtils.java:logGet(46)) - raft.server.log.statemachine.data.sync = true (default)
2023-04-21 06:16:28,884 [pool-345-thread-1] INFO  server.RaftServerConfigKeys (ConfUtils.java:logGet(46)) - raft.server.log.statemachine.data.sync.timeout = 10s (default)
2023-04-21 06:16:28,884 [pool-345-thread-1] INFO  server.RaftServerConfigKeys (ConfUtils.java:logGet(46)) - raft.server.log.statemachine.data.sync.timeout.retry = -1 (default)
2023-04-21 06:16:28,886 [pool-345-thread-1] INFO  server.RaftServerConfigKeys (ConfUtils.java:logGet(46)) - raft.server.log.write.buffer.size = 1048576 (custom)
2023-04-21 06:16:28,886 [pool-345-thread-1] INFO  server.RaftServerConfigKeys (ConfUtils.java:logGet(46)) - raft.server.log.appender.buffer.byte-limit = 33554432 (custom)
2023-04-21 06:16:28,892 [EventQueue-OpenPipelineForHealthyPipelineSafeModeRule] INFO  safemode.SCMSafeModeManager (HealthyPipelineSafeModeRule.java:process(137)) - SCM in safe mode. Healthy pipelines reported count is 0, required healthy pipeline reported count is 1
2023-04-21 06:16:28,892 [pool-345-thread-1] INFO  server.RaftServerConfigKeys (ConfUtils.java:logGet(46)) - raft.server.log.unsafe-flush.enabled = false (default)
2023-04-21 06:16:28,892 [pool-345-thread-1] INFO  server.RaftServerConfigKeys (ConfUtils.java:logGet(46)) - raft.server.log.async-flush.enabled = false (default)
2023-04-21 06:16:28,892 [pool-345-thread-1] INFO  server.RaftServerConfigKeys (ConfUtils.java:logGet(46)) - raft.server.log.statemachine.data.caching.enabled = true (custom)
2023-04-21 06:16:28,893 [pool-345-thread-1] INFO  segmented.SegmentedRaftLogWorker (SegmentedRaftLogWorker.java:lambda$new$0(135)) - 4333bcaf-cc70-4ceb-8f29-2dbb294defd1@group-CDE1599EC7ED-SegmentedRaftLogWorker: flushIndex: setUnconditionally 0 -> -1
2023-04-21 06:16:28,893 [pool-345-thread-1] INFO  segmented.SegmentedRaftLogWorker (SegmentedRaftLogWorker.java:lambda$new$0(135)) - 4333bcaf-cc70-4ceb-8f29-2dbb294defd1@group-CDE1599EC7ED-SegmentedRaftLogWorker: safeCacheEvictIndex: setUnconditionally 0 -> -1
2023-04-21 06:16:28,894 [pool-345-thread-1] INFO  server.RaftServer$Division (RaftServerImpl.java:start(334)) - 4333bcaf-cc70-4ceb-8f29-2dbb294defd1@group-CDE1599EC7ED: start as a follower, conf=-1: peers:[4333bcaf-cc70-4ceb-8f29-2dbb294defd1|rpc:10.1.0.35:36539|dataStream:10.1.0.35:46449|priority:1|startupRole:FOLLOWER]|listeners:[], old=null
2023-04-21 06:16:28,894 [pool-345-thread-1] INFO  server.RaftServer$Division (RaftServerImpl.java:setRole(321)) - 4333bcaf-cc70-4ceb-8f29-2dbb294defd1@group-CDE1599EC7ED: changes role from      null to FOLLOWER at term 0 for startAsFollower
2023-04-21 06:16:28,894 [pool-345-thread-1] INFO  impl.RoleInfo (RoleInfo.java:updateAndGet(139)) - 4333bcaf-cc70-4ceb-8f29-2dbb294defd1: start 4333bcaf-cc70-4ceb-8f29-2dbb294defd1@group-CDE1599EC7ED-FollowerState
2023-04-21 06:16:28,898 [pool-345-thread-1] INFO  util.JmxRegister (JmxRegister.java:tryRegister(44)) - Successfully registered JMX Bean with object name Ratis:service=RaftServer,group=group-CDE1599EC7ED,id=4333bcaf-cc70-4ceb-8f29-2dbb294defd1
2023-04-21 06:16:28,898 [pool-345-thread-1] INFO  server.RaftServerConfigKeys (ConfUtils.java:logGet(46)) - raft.server.snapshot.auto.trigger.enabled = true (custom)
2023-04-21 06:16:28,898 [pool-345-thread-1] INFO  server.RaftServerConfigKeys (ConfUtils.java:logGet(46)) - raft.server.snapshot.auto.trigger.threshold = 10000 (custom)
2023-04-21 06:16:28,898 [pool-345-thread-1] INFO  server.RaftServerConfigKeys (ConfUtils.java:logGet(46)) - raft.server.snapshot.retention.file.num = 5 (custom)
2023-04-21 06:16:28,898 [pool-345-thread-1] INFO  server.RaftServerConfigKeys (ConfUtils.java:logGet(46)) - raft.server.log.purge.upto.snapshot.index = false (default)
2023-04-21 06:16:28,898 [4333bcaf-cc70-4ceb-8f29-2dbb294defd1@group-CDE1599EC7ED-FollowerState] INFO  server.RaftServerConfigKeys (ConfUtils.java:logFallback(53)) - raft.server.rpc.first-election.timeout.min = 5s (fallback to raft.server.rpc.timeout.min)
2023-04-21 06:16:28,898 [4333bcaf-cc70-4ceb-8f29-2dbb294defd1@group-CDE1599EC7ED-FollowerState] INFO  server.RaftServerConfigKeys (ConfUtils.java:logFallback(53)) - raft.server.rpc.first-election.timeout.max = 5200ms (fallback to raft.server.rpc.timeout.max)
2023-04-21 06:16:28,899 [Command processor thread] INFO  ratis.XceiverServerRatis (XceiverServerRatis.java:addGroup(806)) - Created group PipelineID=976c059f-d090-4221-958f-cde1599ec7ed
2023-04-21 06:16:28,899 [Command processor thread] INFO  commandhandler.CreatePipelineCommandHandler (CreatePipelineCommandHandler.java:handle(113)) - Created Pipeline RATIS ONE PipelineID=976c059f-d090-4221-958f-cde1599ec7ed.
2023-04-21 06:16:28,899 [Command processor thread] INFO  server.RaftServer (RaftServerProxy.java:addNew(96)) - 4333bcaf-cc70-4ceb-8f29-2dbb294defd1: addNew group-8C428F4C7EBC:[8f9d2216-a166-4295-9524-f6ac7a5d11df|rpc:10.1.0.35:45461|dataStream:10.1.0.35:33995|priority:1|startupRole:FOLLOWER, 307e815f-95b2-473e-9bb5-509f867b7773|rpc:10.1.0.35:37293|dataStream:10.1.0.35:42973|priority:0|startupRole:FOLLOWER, 4333bcaf-cc70-4ceb-8f29-2dbb294defd1|rpc:10.1.0.35:36539|dataStream:10.1.0.35:46449|priority:0|startupRole:FOLLOWER] returns group-8C428F4C7EBC:java.util.concurrent.CompletableFuture@20cc747f[Not completed]
2023-04-21 06:16:28,900 [pool-345-thread-1] INFO  server.RaftServer$Division (RaftServerImpl.java:<init>(195)) - 4333bcaf-cc70-4ceb-8f29-2dbb294defd1: new RaftServerImpl for group-8C428F4C7EBC:[8f9d2216-a166-4295-9524-f6ac7a5d11df|rpc:10.1.0.35:45461|dataStream:10.1.0.35:33995|priority:1|startupRole:FOLLOWER, 307e815f-95b2-473e-9bb5-509f867b7773|rpc:10.1.0.35:37293|dataStream:10.1.0.35:42973|priority:0|startupRole:FOLLOWER, 4333bcaf-cc70-4ceb-8f29-2dbb294defd1|rpc:10.1.0.35:36539|dataStream:10.1.0.35:46449|priority:0|startupRole:FOLLOWER] with ContainerStateMachine:uninitialized
2023-04-21 06:16:28,900 [pool-345-thread-1] INFO  server.RaftServerConfigKeys (ConfUtils.java:logGet(46)) - raft.server.rpc.timeout.min = 5s (custom)
2023-04-21 06:16:28,900 [pool-345-thread-1] INFO  server.RaftServerConfigKeys (ConfUtils.java:logGet(46)) - raft.server.rpc.timeout.max = 5200ms (custom)
2023-04-21 06:16:28,900 [pool-345-thread-1] INFO  server.RaftServerConfigKeys (ConfUtils.java:logGet(46)) - raft.server.rpc.sleep.time = 25ms (default)
2023-04-21 06:16:28,900 [pool-345-thread-1] INFO  server.RaftServerConfigKeys (ConfUtils.java:logGet(46)) - raft.server.rpc.slowness.timeout = 300s (custom)
2023-04-21 06:16:28,901 [pool-345-thread-1] INFO  server.RaftServerConfigKeys (ConfUtils.java:logGet(46)) - raft.server.leaderelection.leader.step-down.wait-time = 10s (default)
2023-04-21 06:16:28,901 [pool-345-thread-1] INFO  server.RaftServerConfigKeys (ConfUtils.java:logGet(46)) - raft.server.sleep.deviation.threshold = 300ms (default)
2023-04-21 06:16:28,901 [pool-345-thread-1] INFO  server.RaftServer$Division (ServerState.java:<init>(118)) - 4333bcaf-cc70-4ceb-8f29-2dbb294defd1@group-8C428F4C7EBC: ConfigurationManager, init=-1: peers:[8f9d2216-a166-4295-9524-f6ac7a5d11df|rpc:10.1.0.35:45461|dataStream:10.1.0.35:33995|priority:1|startupRole:FOLLOWER, 307e815f-95b2-473e-9bb5-509f867b7773|rpc:10.1.0.35:37293|dataStream:10.1.0.35:42973|priority:0|startupRole:FOLLOWER, 4333bcaf-cc70-4ceb-8f29-2dbb294defd1|rpc:10.1.0.35:36539|dataStream:10.1.0.35:46449|priority:0|startupRole:FOLLOWER]|listeners:[], old=null, confs=<EMPTY_MAP>
2023-04-21 06:16:28,901 [pool-345-thread-1] INFO  server.RaftServerConfigKeys (ConfUtils.java:logGet(46)) - raft.server.storage.dir = [/home/runner/work/ozone/ozone/hadoop-ozone/integration-test/target/test-dir/MiniOzoneClusterImpl-48be086b-510e-48a6-912b-c1dd212c4943/datanode-0/data/ratis] (custom)
2023-04-21 06:16:28,901 [pool-345-thread-1] INFO  server.RaftServerConfigKeys (ConfUtils.java:logGet(46)) - raft.server.log.corruption.policy = EXCEPTION (default)
2023-04-21 06:16:28,901 [pool-345-thread-1] INFO  server.RaftServerConfigKeys (ConfUtils.java:logGet(46)) - raft.server.storage.free-space.min = 0MB (=0) (default)
2023-04-21 06:16:28,901 [pool-345-thread-1] INFO  server.RaftServerConfigKeys (ConfUtils.java:logGet(46)) - raft.server.notification.no-leader.timeout = 300s (custom)
2023-04-21 06:16:28,901 [pool-345-thread-1] INFO  server.RaftServerConfigKeys (ConfUtils.java:logGet(46)) - raft.server.retrycache.expirytime = 600000ms (custom)
2023-04-21 06:16:28,901 [pool-345-thread-1] INFO  server.RaftServerConfigKeys (ConfUtils.java:logGet(46)) - raft.server.retrycache.statistics.expirytime = 100μs (default)
2023-04-21 06:16:28,902 [pool-345-thread-1] INFO  server.RaftServerConfigKeys (ConfUtils.java:logGet(46)) - raft.server.log.appender.install.snapshot.enabled = false (custom)
2023-04-21 06:16:28,902 [pool-345-thread-1] INFO  server.RaftServerConfigKeys (ConfUtils.java:logGet(46)) - raft.server.threadpool.server.cached = true (default)
2023-04-21 06:16:28,902 [pool-345-thread-1] INFO  server.RaftServerConfigKeys (ConfUtils.java:logGet(46)) - raft.server.threadpool.server.size = 0 (default)
2023-04-21 06:16:28,902 [pool-345-thread-1] INFO  server.RaftServerConfigKeys (ConfUtils.java:logGet(46)) - raft.server.threadpool.client.cached = true (default)
2023-04-21 06:16:28,902 [pool-345-thread-1] INFO  server.RaftServerConfigKeys (ConfUtils.java:logGet(46)) - raft.server.threadpool.client.size = 0 (default)
2023-04-21 06:16:28,902 [pool-345-thread-1] INFO  storage.RaftStorageDirectory (RaftStorageDirectoryImpl.java:analyzeStorage(137)) - The storage directory /home/runner/work/ozone/ozone/hadoop-ozone/integration-test/target/test-dir/MiniOzoneClusterImpl-48be086b-510e-48a6-912b-c1dd212c4943/datanode-0/data/ratis/4daebfed-bcc1-4f32-9499-8c428f4c7ebc does not exist. Creating ...
2023-04-21 06:16:28,904 [pool-345-thread-1] INFO  storage.RaftStorageDirectory (RaftStorageDirectoryImpl.java:tryLock(231)) - Lock on /home/runner/work/ozone/ozone/hadoop-ozone/integration-test/target/test-dir/MiniOzoneClusterImpl-48be086b-510e-48a6-912b-c1dd212c4943/datanode-0/data/ratis/4daebfed-bcc1-4f32-9499-8c428f4c7ebc/in_use.lock acquired by nodename 2764@fv-az205-422
2023-04-21 06:16:28,906 [pool-345-thread-1] INFO  storage.RaftStorage (RaftStorageImpl.java:format(96)) - Storage directory /home/runner/work/ozone/ozone/hadoop-ozone/integration-test/target/test-dir/MiniOzoneClusterImpl-48be086b-510e-48a6-912b-c1dd212c4943/datanode-0/data/ratis/4daebfed-bcc1-4f32-9499-8c428f4c7ebc has been successfully formatted.
2023-04-21 06:16:28,906 [pool-345-thread-1] INFO  ratis.ContainerStateMachine (ContainerStateMachine.java:loadSnapshot(262)) - group-8C428F4C7EBC: The snapshot info is null. Setting the last applied indexto:(t:0, i:~)
2023-04-21 06:16:28,906 [pool-345-thread-1] INFO  server.RaftServerConfigKeys (ConfUtils.java:logGet(46)) - raft.server.log.use.memory = false (default)
2023-04-21 06:16:28,907 [pool-345-thread-1] INFO  server.RaftServerConfigKeys (ConfUtils.java:logGet(46)) - raft.server.log.purge.gap = 1000000 (custom)
2023-04-21 06:16:28,907 [EventQueue-OpenPipelineForHealthyPipelineSafeModeRule] INFO  safemode.SCMSafeModeManager (HealthyPipelineSafeModeRule.java:process(137)) - SCM in safe mode. Healthy pipelines reported count is 0, required healthy pipeline reported count is 1
2023-04-21 06:16:28,908 [pool-345-thread-1] INFO  server.RaftServerConfigKeys (ConfUtils.java:logGet(46)) - raft.server.log.appender.buffer.byte-limit = 33554432 (custom)
2023-04-21 06:16:28,908 [pool-345-thread-1] INFO  server.RaftServerConfigKeys (ConfUtils.java:logGet(46)) - raft.server.log.statemachine.data.read.timeout = 1000ms (default)
2023-04-21 06:16:28,908 [pool-345-thread-1] INFO  server.RaftServerConfigKeys (ConfUtils.java:logGet(46)) - raft.server.log.purge.preservation.log.num = 0 (default)
2023-04-21 06:16:28,908 [pool-345-thread-1] INFO  server.RaftServerConfigKeys (ConfUtils.java:logGet(46)) - raft.server.log.segment.size.max = 1048576 (custom)
2023-04-21 06:16:28,908 [pool-345-thread-1] INFO  server.RaftServerConfigKeys (ConfUtils.java:logGet(46)) - raft.server.log.segment.cache.num.max = 2 (custom)
2023-04-21 06:16:28,909 [pool-345-thread-1] INFO  server.RaftServerConfigKeys (ConfUtils.java:logGet(46)) - raft.server.log.segment.cache.size.max = 200MB (=209715200) (default)
2023-04-21 06:16:28,909 [pool-345-thread-1] INFO  segmented.SegmentedRaftLogWorker (SegmentedRaftLogWorker.java:<init>(189)) - new 4333bcaf-cc70-4ceb-8f29-2dbb294defd1@group-8C428F4C7EBC-SegmentedRaftLogWorker for RaftStorageImpl:Storage Directory /home/runner/work/ozone/ozone/hadoop-ozone/integration-test/target/test-dir/MiniOzoneClusterImpl-48be086b-510e-48a6-912b-c1dd212c4943/datanode-0/data/ratis/4daebfed-bcc1-4f32-9499-8c428f4c7ebc
2023-04-21 06:16:28,909 [pool-345-thread-1] INFO  server.RaftServerConfigKeys (ConfUtils.java:logGet(46)) - raft.server.log.queue.byte-limit = 4294967296 (custom)
2023-04-21 06:16:28,909 [pool-345-thread-1] INFO  server.RaftServerConfigKeys (ConfUtils.java:logGet(46)) - raft.server.log.queue.element-limit = 1024 (custom)
2023-04-21 06:16:28,909 [pool-345-thread-1] INFO  server.RaftServerConfigKeys (ConfUtils.java:logGet(46)) - raft.server.log.segment.size.max = 1048576 (custom)
2023-04-21 06:16:28,909 [pool-345-thread-1] INFO  server.RaftServerConfigKeys (ConfUtils.java:logGet(46)) - raft.server.log.preallocated.size = 16384 (custom)
2023-04-21 06:16:28,909 [pool-345-thread-1] INFO  server.RaftServerConfigKeys (ConfUtils.java:logGet(46)) - raft.server.log.force.sync.num = 128 (default)
2023-04-21 06:16:28,909 [pool-345-thread-1] INFO  server.RaftServerConfigKeys (ConfUtils.java:logGet(46)) - raft.server.log.statemachine.data.sync = true (default)
2023-04-21 06:16:28,909 [pool-345-thread-1] INFO  server.RaftServerConfigKeys (ConfUtils.java:logGet(46)) - raft.server.log.statemachine.data.sync.timeout = 10s (default)
2023-04-21 06:16:28,909 [pool-345-thread-1] INFO  server.RaftServerConfigKeys (ConfUtils.java:logGet(46)) - raft.server.log.statemachine.data.sync.timeout.retry = -1 (default)
2023-04-21 06:16:28,909 [pool-345-thread-1] INFO  server.RaftServerConfigKeys (ConfUtils.java:logGet(46)) - raft.server.log.write.buffer.size = 1048576 (custom)
2023-04-21 06:16:28,910 [pool-345-thread-1] INFO  server.RaftServerConfigKeys (ConfUtils.java:logGet(46)) - raft.server.log.appender.buffer.byte-limit = 33554432 (custom)
2023-04-21 06:16:28,915 [pool-345-thread-1] INFO  server.RaftServerConfigKeys (ConfUtils.java:logGet(46)) - raft.server.log.unsafe-flush.enabled = false (default)
2023-04-21 06:16:28,915 [pool-345-thread-1] INFO  server.RaftServerConfigKeys (ConfUtils.java:logGet(46)) - raft.server.log.async-flush.enabled = false (default)
2023-04-21 06:16:28,915 [pool-345-thread-1] INFO  server.RaftServerConfigKeys (ConfUtils.java:logGet(46)) - raft.server.log.statemachine.data.caching.enabled = true (custom)
2023-04-21 06:16:28,915 [pool-345-thread-1] INFO  segmented.SegmentedRaftLogWorker (SegmentedRaftLogWorker.java:lambda$new$0(135)) - 4333bcaf-cc70-4ceb-8f29-2dbb294defd1@group-8C428F4C7EBC-SegmentedRaftLogWorker: flushIndex: setUnconditionally 0 -> -1
2023-04-21 06:16:28,916 [pool-345-thread-1] INFO  segmented.SegmentedRaftLogWorker (SegmentedRaftLogWorker.java:lambda$new$0(135)) - 4333bcaf-cc70-4ceb-8f29-2dbb294defd1@group-8C428F4C7EBC-SegmentedRaftLogWorker: safeCacheEvictIndex: setUnconditionally 0 -> -1
2023-04-21 06:16:28,918 [pool-345-thread-1] INFO  server.RaftServer$Division (RaftServerImpl.java:start(334)) - 4333bcaf-cc70-4ceb-8f29-2dbb294defd1@group-8C428F4C7EBC: start as a follower, conf=-1: peers:[8f9d2216-a166-4295-9524-f6ac7a5d11df|rpc:10.1.0.35:45461|dataStream:10.1.0.35:33995|priority:1|startupRole:FOLLOWER, 307e815f-95b2-473e-9bb5-509f867b7773|rpc:10.1.0.35:37293|dataStream:10.1.0.35:42973|priority:0|startupRole:FOLLOWER, 4333bcaf-cc70-4ceb-8f29-2dbb294defd1|rpc:10.1.0.35:36539|dataStream:10.1.0.35:46449|priority:0|startupRole:FOLLOWER]|listeners:[], old=null
2023-04-21 06:16:28,918 [pool-345-thread-1] INFO  server.RaftServer$Division (RaftServerImpl.java:setRole(321)) - 4333bcaf-cc70-4ceb-8f29-2dbb294defd1@group-8C428F4C7EBC: changes role from      null to FOLLOWER at term 0 for startAsFollower
2023-04-21 06:16:28,918 [pool-345-thread-1] INFO  impl.RoleInfo (RoleInfo.java:updateAndGet(139)) - 4333bcaf-cc70-4ceb-8f29-2dbb294defd1: start 4333bcaf-cc70-4ceb-8f29-2dbb294defd1@group-8C428F4C7EBC-FollowerState
2023-04-21 06:16:28,919 [pool-345-thread-1] INFO  util.JmxRegister (JmxRegister.java:tryRegister(44)) - Successfully registered JMX Bean with object name Ratis:service=RaftServer,group=group-8C428F4C7EBC,id=4333bcaf-cc70-4ceb-8f29-2dbb294defd1
2023-04-21 06:16:28,919 [pool-345-thread-1] INFO  server.RaftServerConfigKeys (ConfUtils.java:logGet(46)) - raft.server.snapshot.auto.trigger.enabled = true (custom)
2023-04-21 06:16:28,919 [pool-345-thread-1] INFO  server.RaftServerConfigKeys (ConfUtils.java:logGet(46)) - raft.server.snapshot.auto.trigger.threshold = 10000 (custom)
2023-04-21 06:16:28,919 [pool-345-thread-1] INFO  server.RaftServerConfigKeys (ConfUtils.java:logGet(46)) - raft.server.snapshot.retention.file.num = 5 (custom)
2023-04-21 06:16:28,919 [pool-345-thread-1] INFO  server.RaftServerConfigKeys (ConfUtils.java:logGet(46)) - raft.server.log.purge.upto.snapshot.index = false (default)
2023-04-21 06:16:28,920 [4333bcaf-cc70-4ceb-8f29-2dbb294defd1@group-8C428F4C7EBC-FollowerState] INFO  server.RaftServerConfigKeys (ConfUtils.java:logFallback(53)) - raft.server.rpc.first-election.timeout.min = 5s (fallback to raft.server.rpc.timeout.min)
2023-04-21 06:16:28,920 [4333bcaf-cc70-4ceb-8f29-2dbb294defd1@group-8C428F4C7EBC-FollowerState] INFO  server.RaftServerConfigKeys (ConfUtils.java:logFallback(53)) - raft.server.rpc.first-election.timeout.max = 5200ms (fallback to raft.server.rpc.timeout.max)
2023-04-21 06:16:28,920 [Command processor thread] INFO  ratis.XceiverServerRatis (XceiverServerRatis.java:addGroup(806)) - Created group PipelineID=4daebfed-bcc1-4f32-9499-8c428f4c7ebc
2023-04-21 06:16:28,937 [grpc-default-executor-0] INFO  server.RaftServer (RaftServerProxy.java:addNew(96)) - 307e815f-95b2-473e-9bb5-509f867b7773: addNew group-8C428F4C7EBC:[8f9d2216-a166-4295-9524-f6ac7a5d11df|rpc:10.1.0.35:45461|dataStream:10.1.0.35:33995|priority:1|startupRole:FOLLOWER, 307e815f-95b2-473e-9bb5-509f867b7773|rpc:10.1.0.35:37293|dataStream:10.1.0.35:42973|priority:0|startupRole:FOLLOWER, 4333bcaf-cc70-4ceb-8f29-2dbb294defd1|rpc:10.1.0.35:36539|dataStream:10.1.0.35:46449|priority:0|startupRole:FOLLOWER] returns group-8C428F4C7EBC:java.util.concurrent.CompletableFuture@53b82487[Not completed]
2023-04-21 06:16:28,938 [pool-367-thread-1] INFO  server.RaftServer$Division (RaftServerImpl.java:<init>(195)) - 307e815f-95b2-473e-9bb5-509f867b7773: new RaftServerImpl for group-8C428F4C7EBC:[8f9d2216-a166-4295-9524-f6ac7a5d11df|rpc:10.1.0.35:45461|dataStream:10.1.0.35:33995|priority:1|startupRole:FOLLOWER, 307e815f-95b2-473e-9bb5-509f867b7773|rpc:10.1.0.35:37293|dataStream:10.1.0.35:42973|priority:0|startupRole:FOLLOWER, 4333bcaf-cc70-4ceb-8f29-2dbb294defd1|rpc:10.1.0.35:36539|dataStream:10.1.0.35:46449|priority:0|startupRole:FOLLOWER] with ContainerStateMachine:uninitialized
2023-04-21 06:16:28,938 [pool-367-thread-1] INFO  server.RaftServerConfigKeys (ConfUtils.java:logGet(46)) - raft.server.rpc.timeout.min = 5s (custom)
2023-04-21 06:16:28,938 [pool-367-thread-1] INFO  server.RaftServerConfigKeys (ConfUtils.java:logGet(46)) - raft.server.rpc.timeout.max = 5200ms (custom)
2023-04-21 06:16:28,938 [pool-367-thread-1] INFO  server.RaftServerConfigKeys (ConfUtils.java:logGet(46)) - raft.server.rpc.sleep.time = 25ms (default)
2023-04-21 06:16:28,938 [pool-367-thread-1] INFO  server.RaftServerConfigKeys (ConfUtils.java:logGet(46)) - raft.server.rpc.slowness.timeout = 300s (custom)
2023-04-21 06:16:28,938 [pool-367-thread-1] INFO  server.RaftServerConfigKeys (ConfUtils.java:logGet(46)) - raft.server.leaderelection.leader.step-down.wait-time = 10s (default)
2023-04-21 06:16:28,938 [pool-367-thread-1] INFO  server.RaftServerConfigKeys (ConfUtils.java:logGet(46)) - raft.server.sleep.deviation.threshold = 300ms (default)
2023-04-21 06:16:28,938 [pool-367-thread-1] INFO  server.RaftServer$Division (ServerState.java:<init>(118)) - 307e815f-95b2-473e-9bb5-509f867b7773@group-8C428F4C7EBC: ConfigurationManager, init=-1: peers:[8f9d2216-a166-4295-9524-f6ac7a5d11df|rpc:10.1.0.35:45461|dataStream:10.1.0.35:33995|priority:1|startupRole:FOLLOWER, 307e815f-95b2-473e-9bb5-509f867b7773|rpc:10.1.0.35:37293|dataStream:10.1.0.35:42973|priority:0|startupRole:FOLLOWER, 4333bcaf-cc70-4ceb-8f29-2dbb294defd1|rpc:10.1.0.35:36539|dataStream:10.1.0.35:46449|priority:0|startupRole:FOLLOWER]|listeners:[], old=null, confs=<EMPTY_MAP>
2023-04-21 06:16:28,939 [pool-367-thread-1] INFO  server.RaftServerConfigKeys (ConfUtils.java:logGet(46)) - raft.server.storage.dir = [/home/runner/work/ozone/ozone/hadoop-ozone/integration-test/target/test-dir/MiniOzoneClusterImpl-48be086b-510e-48a6-912b-c1dd212c4943/datanode-1/data/ratis] (custom)
2023-04-21 06:16:28,939 [pool-367-thread-1] INFO  server.RaftServerConfigKeys (ConfUtils.java:logGet(46)) - raft.server.log.corruption.policy = EXCEPTION (default)
2023-04-21 06:16:28,939 [pool-367-thread-1] INFO  server.RaftServerConfigKeys (ConfUtils.java:logGet(46)) - raft.server.storage.free-space.min = 0MB (=0) (default)
2023-04-21 06:16:28,940 [pool-367-thread-1] INFO  server.RaftServerConfigKeys (ConfUtils.java:logGet(46)) - raft.server.notification.no-leader.timeout = 300s (custom)
2023-04-21 06:16:28,940 [pool-367-thread-1] INFO  server.RaftServerConfigKeys (ConfUtils.java:logGet(46)) - raft.server.retrycache.expirytime = 600000ms (custom)
2023-04-21 06:16:28,940 [pool-367-thread-1] INFO  server.RaftServerConfigKeys (ConfUtils.java:logGet(46)) - raft.server.retrycache.statistics.expirytime = 100μs (default)
2023-04-21 06:16:28,941 [pool-367-thread-1] INFO  server.RaftServerConfigKeys (ConfUtils.java:logGet(46)) - raft.server.log.appender.install.snapshot.enabled = false (custom)
2023-04-21 06:16:28,941 [pool-367-thread-1] INFO  server.RaftServerConfigKeys (ConfUtils.java:logGet(46)) - raft.server.threadpool.server.cached = true (default)
2023-04-21 06:16:28,941 [pool-367-thread-1] INFO  server.RaftServerConfigKeys (ConfUtils.java:logGet(46)) - raft.server.threadpool.server.size = 0 (default)
2023-04-21 06:16:28,941 [pool-367-thread-1] INFO  server.RaftServerConfigKeys (ConfUtils.java:logGet(46)) - raft.server.threadpool.client.cached = true (default)
2023-04-21 06:16:28,941 [pool-367-thread-1] INFO  server.RaftServerConfigKeys (ConfUtils.java:logGet(46)) - raft.server.threadpool.client.size = 0 (default)
2023-04-21 06:16:28,941 [pool-367-thread-1] INFO  storage.RaftStorageDirectory (RaftStorageDirectoryImpl.java:analyzeStorage(137)) - The storage directory /home/runner/work/ozone/ozone/hadoop-ozone/integration-test/target/test-dir/MiniOzoneClusterImpl-48be086b-510e-48a6-912b-c1dd212c4943/datanode-1/data/ratis/4daebfed-bcc1-4f32-9499-8c428f4c7ebc does not exist. Creating ...
2023-04-21 06:16:28,943 [pool-367-thread-1] INFO  storage.RaftStorageDirectory (RaftStorageDirectoryImpl.java:tryLock(231)) - Lock on /home/runner/work/ozone/ozone/hadoop-ozone/integration-test/target/test-dir/MiniOzoneClusterImpl-48be086b-510e-48a6-912b-c1dd212c4943/datanode-1/data/ratis/4daebfed-bcc1-4f32-9499-8c428f4c7ebc/in_use.lock acquired by nodename 2764@fv-az205-422
2023-04-21 06:16:28,944 [pool-367-thread-1] INFO  storage.RaftStorage (RaftStorageImpl.java:format(96)) - Storage directory /home/runner/work/ozone/ozone/hadoop-ozone/integration-test/target/test-dir/MiniOzoneClusterImpl-48be086b-510e-48a6-912b-c1dd212c4943/datanode-1/data/ratis/4daebfed-bcc1-4f32-9499-8c428f4c7ebc has been successfully formatted.
2023-04-21 06:16:28,946 [pool-367-thread-1] INFO  ratis.ContainerStateMachine (ContainerStateMachine.java:loadSnapshot(262)) - group-8C428F4C7EBC: The snapshot info is null. Setting the last applied indexto:(t:0, i:~)
2023-04-21 06:16:28,946 [pool-367-thread-1] INFO  server.RaftServerConfigKeys (ConfUtils.java:logGet(46)) - raft.server.log.use.memory = false (default)
2023-04-21 06:16:28,947 [pool-367-thread-1] INFO  server.RaftServerConfigKeys (ConfUtils.java:logGet(46)) - raft.server.log.purge.gap = 1000000 (custom)
2023-04-21 06:16:28,947 [pool-367-thread-1] INFO  server.RaftServerConfigKeys (ConfUtils.java:logGet(46)) - raft.server.log.appender.buffer.byte-limit = 33554432 (custom)
2023-04-21 06:16:28,947 [pool-367-thread-1] INFO  server.RaftServerConfigKeys (ConfUtils.java:logGet(46)) - raft.server.log.statemachine.data.read.timeout = 1000ms (default)
2023-04-21 06:16:28,947 [pool-367-thread-1] INFO  server.RaftServerConfigKeys (ConfUtils.java:logGet(46)) - raft.server.log.purge.preservation.log.num = 0 (default)
2023-04-21 06:16:28,947 [pool-367-thread-1] INFO  server.RaftServerConfigKeys (ConfUtils.java:logGet(46)) - raft.server.log.segment.size.max = 1048576 (custom)
2023-04-21 06:16:28,948 [pool-367-thread-1] INFO  server.RaftServerConfigKeys (ConfUtils.java:logGet(46)) - raft.server.log.segment.cache.num.max = 2 (custom)
2023-04-21 06:16:28,948 [pool-367-thread-1] INFO  server.RaftServerConfigKeys (ConfUtils.java:logGet(46)) - raft.server.log.segment.cache.size.max = 200MB (=209715200) (default)
2023-04-21 06:16:28,948 [pool-367-thread-1] INFO  segmented.SegmentedRaftLogWorker (SegmentedRaftLogWorker.java:<init>(189)) - new 307e815f-95b2-473e-9bb5-509f867b7773@group-8C428F4C7EBC-SegmentedRaftLogWorker for RaftStorageImpl:Storage Directory /home/runner/work/ozone/ozone/hadoop-ozone/integration-test/target/test-dir/MiniOzoneClusterImpl-48be086b-510e-48a6-912b-c1dd212c4943/datanode-1/data/ratis/4daebfed-bcc1-4f32-9499-8c428f4c7ebc
2023-04-21 06:16:28,948 [pool-367-thread-1] INFO  server.RaftServerConfigKeys (ConfUtils.java:logGet(46)) - raft.server.log.queue.byte-limit = 4294967296 (custom)
2023-04-21 06:16:28,948 [pool-367-thread-1] INFO  server.RaftServerConfigKeys (ConfUtils.java:logGet(46)) - raft.server.log.queue.element-limit = 1024 (custom)
2023-04-21 06:16:28,948 [pool-367-thread-1] INFO  server.RaftServerConfigKeys (ConfUtils.java:logGet(46)) - raft.server.log.segment.size.max = 1048576 (custom)
2023-04-21 06:16:28,948 [pool-367-thread-1] INFO  server.RaftServerConfigKeys (ConfUtils.java:logGet(46)) - raft.server.log.preallocated.size = 16384 (custom)
2023-04-21 06:16:28,948 [pool-367-thread-1] INFO  server.RaftServerConfigKeys (ConfUtils.java:logGet(46)) - raft.server.log.force.sync.num = 128 (default)
2023-04-21 06:16:28,949 [pool-367-thread-1] INFO  server.RaftServerConfigKeys (ConfUtils.java:logGet(46)) - raft.server.log.statemachine.data.sync = true (default)
2023-04-21 06:16:28,949 [pool-367-thread-1] INFO  server.RaftServerConfigKeys (ConfUtils.java:logGet(46)) - raft.server.log.statemachine.data.sync.timeout = 10s (default)
2023-04-21 06:16:28,949 [pool-367-thread-1] INFO  server.RaftServerConfigKeys (ConfUtils.java:logGet(46)) - raft.server.log.statemachine.data.sync.timeout.retry = -1 (default)
2023-04-21 06:16:28,950 [pool-367-thread-1] INFO  server.RaftServerConfigKeys (ConfUtils.java:logGet(46)) - raft.server.log.write.buffer.size = 1048576 (custom)
2023-04-21 06:16:28,950 [pool-367-thread-1] INFO  server.RaftServerConfigKeys (ConfUtils.java:logGet(46)) - raft.server.log.appender.buffer.byte-limit = 33554432 (custom)
2023-04-21 06:16:28,955 [pool-367-thread-1] INFO  server.RaftServerConfigKeys (ConfUtils.java:logGet(46)) - raft.server.log.unsafe-flush.enabled = false (default)
2023-04-21 06:16:28,956 [pool-367-thread-1] INFO  server.RaftServerConfigKeys (ConfUtils.java:logGet(46)) - raft.server.log.async-flush.enabled = false (default)
2023-04-21 06:16:28,956 [pool-367-thread-1] INFO  server.RaftServerConfigKeys (ConfUtils.java:logGet(46)) - raft.server.log.statemachine.data.caching.enabled = true (custom)
2023-04-21 06:16:28,956 [pool-367-thread-1] INFO  segmented.SegmentedRaftLogWorker (SegmentedRaftLogWorker.java:lambda$new$0(135)) - 307e815f-95b2-473e-9bb5-509f867b7773@group-8C428F4C7EBC-SegmentedRaftLogWorker: flushIndex: setUnconditionally 0 -> -1
2023-04-21 06:16:28,956 [pool-367-thread-1] INFO  segmented.SegmentedRaftLogWorker (SegmentedRaftLogWorker.java:lambda$new$0(135)) - 307e815f-95b2-473e-9bb5-509f867b7773@group-8C428F4C7EBC-SegmentedRaftLogWorker: safeCacheEvictIndex: setUnconditionally 0 -> -1
2023-04-21 06:16:28,956 [pool-367-thread-1] INFO  server.RaftServer$Division (RaftServerImpl.java:start(334)) - 307e815f-95b2-473e-9bb5-509f867b7773@group-8C428F4C7EBC: start as a follower, conf=-1: peers:[8f9d2216-a166-4295-9524-f6ac7a5d11df|rpc:10.1.0.35:45461|dataStream:10.1.0.35:33995|priority:1|startupRole:FOLLOWER, 307e815f-95b2-473e-9bb5-509f867b7773|rpc:10.1.0.35:37293|dataStream:10.1.0.35:42973|priority:0|startupRole:FOLLOWER, 4333bcaf-cc70-4ceb-8f29-2dbb294defd1|rpc:10.1.0.35:36539|dataStream:10.1.0.35:46449|priority:0|startupRole:FOLLOWER]|listeners:[], old=null
2023-04-21 06:16:28,956 [pool-367-thread-1] INFO  server.RaftServer$Division (RaftServerImpl.java:setRole(321)) - 307e815f-95b2-473e-9bb5-509f867b7773@group-8C428F4C7EBC: changes role from      null to FOLLOWER at term 0 for startAsFollower
2023-04-21 06:16:28,956 [pool-367-thread-1] INFO  impl.RoleInfo (RoleInfo.java:updateAndGet(139)) - 307e815f-95b2-473e-9bb5-509f867b7773: start 307e815f-95b2-473e-9bb5-509f867b7773@group-8C428F4C7EBC-FollowerState
2023-04-21 06:16:28,957 [pool-367-thread-1] INFO  util.JmxRegister (JmxRegister.java:tryRegister(44)) - Successfully registered JMX Bean with object name Ratis:service=RaftServer,group=group-8C428F4C7EBC,id=307e815f-95b2-473e-9bb5-509f867b7773
2023-04-21 06:16:28,957 [pool-367-thread-1] INFO  server.RaftServerConfigKeys (ConfUtils.java:logGet(46)) - raft.server.snapshot.auto.trigger.enabled = true (custom)
2023-04-21 06:16:28,957 [pool-367-thread-1] INFO  server.RaftServerConfigKeys (ConfUtils.java:logGet(46)) - raft.server.snapshot.auto.trigger.threshold = 10000 (custom)
2023-04-21 06:16:28,957 [pool-367-thread-1] INFO  server.RaftServerConfigKeys (ConfUtils.java:logGet(46)) - raft.server.snapshot.retention.file.num = 5 (custom)
2023-04-21 06:16:28,957 [pool-367-thread-1] INFO  server.RaftServerConfigKeys (ConfUtils.java:logGet(46)) - raft.server.log.purge.upto.snapshot.index = false (default)
2023-04-21 06:16:28,957 [307e815f-95b2-473e-9bb5-509f867b7773@group-8C428F4C7EBC-FollowerState] INFO  server.RaftServerConfigKeys (ConfUtils.java:logFallback(53)) - raft.server.rpc.first-election.timeout.min = 5s (fallback to raft.server.rpc.timeout.min)
2023-04-21 06:16:28,958 [307e815f-95b2-473e-9bb5-509f867b7773@group-8C428F4C7EBC-FollowerState] INFO  server.RaftServerConfigKeys (ConfUtils.java:logFallback(53)) - raft.server.rpc.first-election.timeout.max = 5200ms (fallback to raft.server.rpc.timeout.max)
2023-04-21 06:16:28,978 [grpc-default-executor-0] INFO  server.RaftServer (RaftServerProxy.java:addNew(96)) - 8f9d2216-a166-4295-9524-f6ac7a5d11df: addNew group-8C428F4C7EBC:[8f9d2216-a166-4295-9524-f6ac7a5d11df|rpc:10.1.0.35:45461|dataStream:10.1.0.35:33995|priority:1|startupRole:FOLLOWER, 307e815f-95b2-473e-9bb5-509f867b7773|rpc:10.1.0.35:37293|dataStream:10.1.0.35:42973|priority:0|startupRole:FOLLOWER, 4333bcaf-cc70-4ceb-8f29-2dbb294defd1|rpc:10.1.0.35:36539|dataStream:10.1.0.35:46449|priority:0|startupRole:FOLLOWER] returns group-8C428F4C7EBC:java.util.concurrent.CompletableFuture@4587500d[Not completed]
2023-04-21 06:16:28,979 [pool-389-thread-1] INFO  server.RaftServer$Division (RaftServerImpl.java:<init>(195)) - 8f9d2216-a166-4295-9524-f6ac7a5d11df: new RaftServerImpl for group-8C428F4C7EBC:[8f9d2216-a166-4295-9524-f6ac7a5d11df|rpc:10.1.0.35:45461|dataStream:10.1.0.35:33995|priority:1|startupRole:FOLLOWER, 307e815f-95b2-473e-9bb5-509f867b7773|rpc:10.1.0.35:37293|dataStream:10.1.0.35:42973|priority:0|startupRole:FOLLOWER, 4333bcaf-cc70-4ceb-8f29-2dbb294defd1|rpc:10.1.0.35:36539|dataStream:10.1.0.35:46449|priority:0|startupRole:FOLLOWER] with ContainerStateMachine:uninitialized
2023-04-21 06:16:28,979 [pool-389-thread-1] INFO  server.RaftServerConfigKeys (ConfUtils.java:logGet(46)) - raft.server.rpc.timeout.min = 5s (custom)
2023-04-21 06:16:28,979 [pool-389-thread-1] INFO  server.RaftServerConfigKeys (ConfUtils.java:logGet(46)) - raft.server.rpc.timeout.max = 5200ms (custom)
2023-04-21 06:16:28,979 [pool-389-thread-1] INFO  server.RaftServerConfigKeys (ConfUtils.java:logGet(46)) - raft.server.rpc.sleep.time = 25ms (default)
2023-04-21 06:16:28,979 [pool-389-thread-1] INFO  server.RaftServerConfigKeys (ConfUtils.java:logGet(46)) - raft.server.rpc.slowness.timeout = 300s (custom)
2023-04-21 06:16:28,979 [pool-389-thread-1] INFO  server.RaftServerConfigKeys (ConfUtils.java:logGet(46)) - raft.server.leaderelection.leader.step-down.wait-time = 10s (default)
2023-04-21 06:16:28,979 [pool-389-thread-1] INFO  server.RaftServerConfigKeys (ConfUtils.java:logGet(46)) - raft.server.sleep.deviation.threshold = 300ms (default)
2023-04-21 06:16:28,979 [pool-389-thread-1] INFO  server.RaftServer$Division (ServerState.java:<init>(118)) - 8f9d2216-a166-4295-9524-f6ac7a5d11df@group-8C428F4C7EBC: ConfigurationManager, init=-1: peers:[8f9d2216-a166-4295-9524-f6ac7a5d11df|rpc:10.1.0.35:45461|dataStream:10.1.0.35:33995|priority:1|startupRole:FOLLOWER, 307e815f-95b2-473e-9bb5-509f867b7773|rpc:10.1.0.35:37293|dataStream:10.1.0.35:42973|priority:0|startupRole:FOLLOWER, 4333bcaf-cc70-4ceb-8f29-2dbb294defd1|rpc:10.1.0.35:36539|dataStream:10.1.0.35:46449|priority:0|startupRole:FOLLOWER]|listeners:[], old=null, confs=<EMPTY_MAP>
2023-04-21 06:16:28,979 [pool-389-thread-1] INFO  server.RaftServerConfigKeys (ConfUtils.java:logGet(46)) - raft.server.storage.dir = [/home/runner/work/ozone/ozone/hadoop-ozone/integration-test/target/test-dir/MiniOzoneClusterImpl-48be086b-510e-48a6-912b-c1dd212c4943/datanode-2/data/ratis] (custom)
2023-04-21 06:16:28,980 [pool-389-thread-1] INFO  server.RaftServerConfigKeys (ConfUtils.java:logGet(46)) - raft.server.log.corruption.policy = EXCEPTION (default)
2023-04-21 06:16:28,980 [pool-389-thread-1] INFO  server.RaftServerConfigKeys (ConfUtils.java:logGet(46)) - raft.server.storage.free-space.min = 0MB (=0) (default)
2023-04-21 06:16:28,980 [pool-389-thread-1] INFO  server.RaftServerConfigKeys (ConfUtils.java:logGet(46)) - raft.server.notification.no-leader.timeout = 300s (custom)
2023-04-21 06:16:28,980 [pool-389-thread-1] INFO  server.RaftServerConfigKeys (ConfUtils.java:logGet(46)) - raft.server.retrycache.expirytime = 600000ms (custom)
2023-04-21 06:16:28,980 [pool-389-thread-1] INFO  server.RaftServerConfigKeys (ConfUtils.java:logGet(46)) - raft.server.retrycache.statistics.expirytime = 100μs (default)
2023-04-21 06:16:28,980 [pool-389-thread-1] INFO  server.RaftServerConfigKeys (ConfUtils.java:logGet(46)) - raft.server.log.appender.install.snapshot.enabled = false (custom)
2023-04-21 06:16:28,981 [pool-389-thread-1] INFO  server.RaftServerConfigKeys (ConfUtils.java:logGet(46)) - raft.server.threadpool.server.cached = true (default)
2023-04-21 06:16:28,981 [pool-389-thread-1] INFO  server.RaftServerConfigKeys (ConfUtils.java:logGet(46)) - raft.server.threadpool.server.size = 0 (default)
2023-04-21 06:16:28,981 [pool-389-thread-1] INFO  server.RaftServerConfigKeys (ConfUtils.java:logGet(46)) - raft.server.threadpool.client.cached = true (default)
2023-04-21 06:16:28,981 [pool-389-thread-1] INFO  server.RaftServerConfigKeys (ConfUtils.java:logGet(46)) - raft.server.threadpool.client.size = 0 (default)
2023-04-21 06:16:28,981 [pool-389-thread-1] INFO  storage.RaftStorageDirectory (RaftStorageDirectoryImpl.java:analyzeStorage(137)) - The storage directory /home/runner/work/ozone/ozone/hadoop-ozone/integration-test/target/test-dir/MiniOzoneClusterImpl-48be086b-510e-48a6-912b-c1dd212c4943/datanode-2/data/ratis/4daebfed-bcc1-4f32-9499-8c428f4c7ebc does not exist. Creating ...
2023-04-21 06:16:28,982 [pool-389-thread-1] INFO  storage.RaftStorageDirectory (RaftStorageDirectoryImpl.java:tryLock(231)) - Lock on /home/runner/work/ozone/ozone/hadoop-ozone/integration-test/target/test-dir/MiniOzoneClusterImpl-48be086b-510e-48a6-912b-c1dd212c4943/datanode-2/data/ratis/4daebfed-bcc1-4f32-9499-8c428f4c7ebc/in_use.lock acquired by nodename 2764@fv-az205-422
2023-04-21 06:16:28,983 [pool-389-thread-1] INFO  storage.RaftStorage (RaftStorageImpl.java:format(96)) - Storage directory /home/runner/work/ozone/ozone/hadoop-ozone/integration-test/target/test-dir/MiniOzoneClusterImpl-48be086b-510e-48a6-912b-c1dd212c4943/datanode-2/data/ratis/4daebfed-bcc1-4f32-9499-8c428f4c7ebc has been successfully formatted.
2023-04-21 06:16:28,984 [pool-389-thread-1] INFO  ratis.ContainerStateMachine (ContainerStateMachine.java:loadSnapshot(262)) - group-8C428F4C7EBC: The snapshot info is null. Setting the last applied indexto:(t:0, i:~)
2023-04-21 06:16:28,984 [pool-389-thread-1] INFO  server.RaftServerConfigKeys (ConfUtils.java:logGet(46)) - raft.server.log.use.memory = false (default)
2023-04-21 06:16:28,985 [pool-389-thread-1] INFO  server.RaftServerConfigKeys (ConfUtils.java:logGet(46)) - raft.server.log.purge.gap = 1000000 (custom)
2023-04-21 06:16:28,985 [pool-389-thread-1] INFO  server.RaftServerConfigKeys (ConfUtils.java:logGet(46)) - raft.server.log.appender.buffer.byte-limit = 33554432 (custom)
2023-04-21 06:16:28,985 [pool-389-thread-1] INFO  server.RaftServerConfigKeys (ConfUtils.java:logGet(46)) - raft.server.log.statemachine.data.read.timeout = 1000ms (default)
2023-04-21 06:16:28,985 [pool-389-thread-1] INFO  server.RaftServerConfigKeys (ConfUtils.java:logGet(46)) - raft.server.log.purge.preservation.log.num = 0 (default)
2023-04-21 06:16:28,985 [pool-389-thread-1] INFO  server.RaftServerConfigKeys (ConfUtils.java:logGet(46)) - raft.server.log.segment.size.max = 1048576 (custom)
2023-04-21 06:16:28,986 [pool-389-thread-1] INFO  server.RaftServerConfigKeys (ConfUtils.java:logGet(46)) - raft.server.log.segment.cache.num.max = 2 (custom)
2023-04-21 06:16:28,986 [pool-389-thread-1] INFO  server.RaftServerConfigKeys (ConfUtils.java:logGet(46)) - raft.server.log.segment.cache.size.max = 200MB (=209715200) (default)
2023-04-21 06:16:28,986 [pool-389-thread-1] INFO  segmented.SegmentedRaftLogWorker (SegmentedRaftLogWorker.java:<init>(189)) - new 8f9d2216-a166-4295-9524-f6ac7a5d11df@group-8C428F4C7EBC-SegmentedRaftLogWorker for RaftStorageImpl:Storage Directory /home/runner/work/ozone/ozone/hadoop-ozone/integration-test/target/test-dir/MiniOzoneClusterImpl-48be086b-510e-48a6-912b-c1dd212c4943/datanode-2/data/ratis/4daebfed-bcc1-4f32-9499-8c428f4c7ebc
2023-04-21 06:16:28,986 [pool-389-thread-1] INFO  server.RaftServerConfigKeys (ConfUtils.java:logGet(46)) - raft.server.log.queue.byte-limit = 4294967296 (custom)
2023-04-21 06:16:28,986 [pool-389-thread-1] INFO  server.RaftServerConfigKeys (ConfUtils.java:logGet(46)) - raft.server.log.queue.element-limit = 1024 (custom)
2023-04-21 06:16:28,986 [pool-389-thread-1] INFO  server.RaftServerConfigKeys (ConfUtils.java:logGet(46)) - raft.server.log.segment.size.max = 1048576 (custom)
2023-04-21 06:16:28,986 [pool-389-thread-1] INFO  server.RaftServerConfigKeys (ConfUtils.java:logGet(46)) - raft.server.log.preallocated.size = 16384 (custom)
2023-04-21 06:16:28,986 [pool-389-thread-1] INFO  server.RaftServerConfigKeys (ConfUtils.java:logGet(46)) - raft.server.log.force.sync.num = 128 (default)
2023-04-21 06:16:28,986 [pool-389-thread-1] INFO  server.RaftServerConfigKeys (ConfUtils.java:logGet(46)) - raft.server.log.statemachine.data.sync = true (default)
2023-04-21 06:16:28,986 [pool-389-thread-1] INFO  server.RaftServerConfigKeys (ConfUtils.java:logGet(46)) - raft.server.log.statemachine.data.sync.timeout = 10s (default)
2023-04-21 06:16:28,986 [pool-389-thread-1] INFO  server.RaftServerConfigKeys (ConfUtils.java:logGet(46)) - raft.server.log.statemachine.data.sync.timeout.retry = -1 (default)
2023-04-21 06:16:28,987 [pool-389-thread-1] INFO  server.RaftServerConfigKeys (ConfUtils.java:logGet(46)) - raft.server.log.write.buffer.size = 1048576 (custom)
2023-04-21 06:16:28,987 [pool-389-thread-1] INFO  server.RaftServerConfigKeys (ConfUtils.java:logGet(46)) - raft.server.log.appender.buffer.byte-limit = 33554432 (custom)
2023-04-21 06:16:28,992 [pool-389-thread-1] INFO  server.RaftServerConfigKeys (ConfUtils.java:logGet(46)) - raft.server.log.unsafe-flush.enabled = false (default)
2023-04-21 06:16:28,992 [pool-389-thread-1] INFO  server.RaftServerConfigKeys (ConfUtils.java:logGet(46)) - raft.server.log.async-flush.enabled = false (default)
2023-04-21 06:16:28,992 [pool-389-thread-1] INFO  server.RaftServerConfigKeys (ConfUtils.java:logGet(46)) - raft.server.log.statemachine.data.caching.enabled = true (custom)
2023-04-21 06:16:28,992 [pool-389-thread-1] INFO  segmented.SegmentedRaftLogWorker (SegmentedRaftLogWorker.java:lambda$new$0(135)) - 8f9d2216-a166-4295-9524-f6ac7a5d11df@group-8C428F4C7EBC-SegmentedRaftLogWorker: flushIndex: setUnconditionally 0 -> -1
2023-04-21 06:16:28,992 [pool-389-thread-1] INFO  segmented.SegmentedRaftLogWorker (SegmentedRaftLogWorker.java:lambda$new$0(135)) - 8f9d2216-a166-4295-9524-f6ac7a5d11df@group-8C428F4C7EBC-SegmentedRaftLogWorker: safeCacheEvictIndex: setUnconditionally 0 -> -1
2023-04-21 06:16:28,993 [pool-389-thread-1] INFO  server.RaftServer$Division (RaftServerImpl.java:start(334)) - 8f9d2216-a166-4295-9524-f6ac7a5d11df@group-8C428F4C7EBC: start as a follower, conf=-1: peers:[8f9d2216-a166-4295-9524-f6ac7a5d11df|rpc:10.1.0.35:45461|dataStream:10.1.0.35:33995|priority:1|startupRole:FOLLOWER, 307e815f-95b2-473e-9bb5-509f867b7773|rpc:10.1.0.35:37293|dataStream:10.1.0.35:42973|priority:0|startupRole:FOLLOWER, 4333bcaf-cc70-4ceb-8f29-2dbb294defd1|rpc:10.1.0.35:36539|dataStream:10.1.0.35:46449|priority:0|startupRole:FOLLOWER]|listeners:[], old=null
2023-04-21 06:16:28,993 [pool-389-thread-1] INFO  server.RaftServer$Division (RaftServerImpl.java:setRole(321)) - 8f9d2216-a166-4295-9524-f6ac7a5d11df@group-8C428F4C7EBC: changes role from      null to FOLLOWER at term 0 for startAsFollower
2023-04-21 06:16:28,993 [pool-389-thread-1] INFO  impl.RoleInfo (RoleInfo.java:updateAndGet(139)) - 8f9d2216-a166-4295-9524-f6ac7a5d11df: start 8f9d2216-a166-4295-9524-f6ac7a5d11df@group-8C428F4C7EBC-FollowerState
2023-04-21 06:16:28,993 [pool-389-thread-1] INFO  util.JmxRegister (JmxRegister.java:tryRegister(44)) - Successfully registered JMX Bean with object name Ratis:service=RaftServer,group=group-8C428F4C7EBC,id=8f9d2216-a166-4295-9524-f6ac7a5d11df
2023-04-21 06:16:28,993 [pool-389-thread-1] INFO  server.RaftServerConfigKeys (ConfUtils.java:logGet(46)) - raft.server.snapshot.auto.trigger.enabled = true (custom)
2023-04-21 06:16:28,993 [pool-389-thread-1] INFO  server.RaftServerConfigKeys (ConfUtils.java:logGet(46)) - raft.server.snapshot.auto.trigger.threshold = 10000 (custom)
2023-04-21 06:16:28,993 [pool-389-thread-1] INFO  server.RaftServerConfigKeys (ConfUtils.java:logGet(46)) - raft.server.snapshot.retention.file.num = 5 (custom)
2023-04-21 06:16:28,993 [pool-389-thread-1] INFO  server.RaftServerConfigKeys (ConfUtils.java:logGet(46)) - raft.server.log.purge.upto.snapshot.index = false (default)
2023-04-21 06:16:28,995 [8f9d2216-a166-4295-9524-f6ac7a5d11df@group-8C428F4C7EBC-FollowerState] INFO  server.RaftServerConfigKeys (ConfUtils.java:logFallback(53)) - raft.server.rpc.first-election.timeout.min = 5s (fallback to raft.server.rpc.timeout.min)
2023-04-21 06:16:28,995 [8f9d2216-a166-4295-9524-f6ac7a5d11df@group-8C428F4C7EBC-FollowerState] INFO  server.RaftServerConfigKeys (ConfUtils.java:logFallback(53)) - raft.server.rpc.first-election.timeout.max = 5200ms (fallback to raft.server.rpc.timeout.max)
2023-04-21 06:16:28,998 [Command processor thread] INFO  commandhandler.CreatePipelineCommandHandler (CreatePipelineCommandHandler.java:handle(113)) - Created Pipeline RATIS THREE PipelineID=4daebfed-bcc1-4f32-9499-8c428f4c7ebc.
2023-04-21 06:16:28,998 [Command processor thread] INFO  server.RaftServer (RaftServerProxy.java:addNew(96)) - 4333bcaf-cc70-4ceb-8f29-2dbb294defd1: addNew group-E5AB5397A847:[8f9d2216-a166-4295-9524-f6ac7a5d11df|rpc:10.1.0.35:45461|dataStream:10.1.0.35:33995|priority:0|startupRole:FOLLOWER, 307e815f-95b2-473e-9bb5-509f867b7773|rpc:10.1.0.35:37293|dataStream:10.1.0.35:42973|priority:0|startupRole:FOLLOWER, 4333bcaf-cc70-4ceb-8f29-2dbb294defd1|rpc:10.1.0.35:36539|dataStream:10.1.0.35:46449|priority:1|startupRole:FOLLOWER] returns group-E5AB5397A847:java.util.concurrent.CompletableFuture@400c0b1d[Not completed]
2023-04-21 06:16:28,999 [pool-345-thread-1] INFO  server.RaftServer$Division (RaftServerImpl.java:<init>(195)) - 4333bcaf-cc70-4ceb-8f29-2dbb294defd1: new RaftServerImpl for group-E5AB5397A847:[8f9d2216-a166-4295-9524-f6ac7a5d11df|rpc:10.1.0.35:45461|dataStream:10.1.0.35:33995|priority:0|startupRole:FOLLOWER, 307e815f-95b2-473e-9bb5-509f867b7773|rpc:10.1.0.35:37293|dataStream:10.1.0.35:42973|priority:0|startupRole:FOLLOWER, 4333bcaf-cc70-4ceb-8f29-2dbb294defd1|rpc:10.1.0.35:36539|dataStream:10.1.0.35:46449|priority:1|startupRole:FOLLOWER] with ContainerStateMachine:uninitialized
2023-04-21 06:16:28,999 [pool-345-thread-1] INFO  server.RaftServerConfigKeys (ConfUtils.java:logGet(46)) - raft.server.rpc.timeout.min = 5s (custom)
2023-04-21 06:16:28,999 [pool-345-thread-1] INFO  server.RaftServerConfigKeys (ConfUtils.java:logGet(46)) - raft.server.rpc.timeout.max = 5200ms (custom)
2023-04-21 06:16:28,999 [pool-345-thread-1] INFO  server.RaftServerConfigKeys (ConfUtils.java:logGet(46)) - raft.server.rpc.sleep.time = 25ms (default)
2023-04-21 06:16:28,999 [pool-345-thread-1] INFO  server.RaftServerConfigKeys (ConfUtils.java:logGet(46)) - raft.server.rpc.slowness.timeout = 300s (custom)
2023-04-21 06:16:28,999 [pool-345-thread-1] INFO  server.RaftServerConfigKeys (ConfUtils.java:logGet(46)) - raft.server.leaderelection.leader.step-down.wait-time = 10s (default)
2023-04-21 06:16:28,999 [pool-345-thread-1] INFO  server.RaftServerConfigKeys (ConfUtils.java:logGet(46)) - raft.server.sleep.deviation.threshold = 300ms (default)
2023-04-21 06:16:28,999 [pool-345-thread-1] INFO  server.RaftServer$Division (ServerState.java:<init>(118)) - 4333bcaf-cc70-4ceb-8f29-2dbb294defd1@group-E5AB5397A847: ConfigurationManager, init=-1: peers:[8f9d2216-a166-4295-9524-f6ac7a5d11df|rpc:10.1.0.35:45461|dataStream:10.1.0.35:33995|priority:0|startupRole:FOLLOWER, 307e815f-95b2-473e-9bb5-509f867b7773|rpc:10.1.0.35:37293|dataStream:10.1.0.35:42973|priority:0|startupRole:FOLLOWER, 4333bcaf-cc70-4ceb-8f29-2dbb294defd1|rpc:10.1.0.35:36539|dataStream:10.1.0.35:46449|priority:1|startupRole:FOLLOWER]|listeners:[], old=null, confs=<EMPTY_MAP>
2023-04-21 06:16:29,000 [pool-345-thread-1] INFO  server.RaftServerConfigKeys (ConfUtils.java:logGet(46)) - raft.server.storage.dir = [/home/runner/work/ozone/ozone/hadoop-ozone/integration-test/target/test-dir/MiniOzoneClusterImpl-48be086b-510e-48a6-912b-c1dd212c4943/datanode-0/data/ratis] (custom)
2023-04-21 06:16:29,000 [pool-345-thread-1] INFO  server.RaftServerConfigKeys (ConfUtils.java:logGet(46)) - raft.server.log.corruption.policy = EXCEPTION (default)
2023-04-21 06:16:29,000 [pool-345-thread-1] INFO  server.RaftServerConfigKeys (ConfUtils.java:logGet(46)) - raft.server.storage.free-space.min = 0MB (=0) (default)
2023-04-21 06:16:29,000 [pool-345-thread-1] INFO  server.RaftServerConfigKeys (ConfUtils.java:logGet(46)) - raft.server.notification.no-leader.timeout = 300s (custom)
2023-04-21 06:16:29,000 [pool-345-thread-1] INFO  server.RaftServerConfigKeys (ConfUtils.java:logGet(46)) - raft.server.retrycache.expirytime = 600000ms (custom)
2023-04-21 06:16:29,000 [pool-345-thread-1] INFO  server.RaftServerConfigKeys (ConfUtils.java:logGet(46)) - raft.server.retrycache.statistics.expirytime = 100μs (default)
2023-04-21 06:16:29,001 [pool-345-thread-1] INFO  server.RaftServerConfigKeys (ConfUtils.java:logGet(46)) - raft.server.log.appender.install.snapshot.enabled = false (custom)
2023-04-21 06:16:29,001 [pool-345-thread-1] INFO  server.RaftServerConfigKeys (ConfUtils.java:logGet(46)) - raft.server.threadpool.server.cached = true (default)
2023-04-21 06:16:29,001 [pool-345-thread-1] INFO  server.RaftServerConfigKeys (ConfUtils.java:logGet(46)) - raft.server.threadpool.server.size = 0 (default)
2023-04-21 06:16:29,001 [pool-345-thread-1] INFO  server.RaftServerConfigKeys (ConfUtils.java:logGet(46)) - raft.server.threadpool.client.cached = true (default)
2023-04-21 06:16:29,001 [pool-345-thread-1] INFO  server.RaftServerConfigKeys (ConfUtils.java:logGet(46)) - raft.server.threadpool.client.size = 0 (default)
2023-04-21 06:16:29,001 [pool-345-thread-1] INFO  storage.RaftStorageDirectory (RaftStorageDirectoryImpl.java:analyzeStorage(137)) - The storage directory /home/runner/work/ozone/ozone/hadoop-ozone/integration-test/target/test-dir/MiniOzoneClusterImpl-48be086b-510e-48a6-912b-c1dd212c4943/datanode-0/data/ratis/412b3507-d1fe-450e-83ad-e5ab5397a847 does not exist. Creating ...
2023-04-21 06:16:29,002 [pool-345-thread-1] INFO  storage.RaftStorageDirectory (RaftStorageDirectoryImpl.java:tryLock(231)) - Lock on /home/runner/work/ozone/ozone/hadoop-ozone/integration-test/target/test-dir/MiniOzoneClusterImpl-48be086b-510e-48a6-912b-c1dd212c4943/datanode-0/data/ratis/412b3507-d1fe-450e-83ad-e5ab5397a847/in_use.lock acquired by nodename 2764@fv-az205-422
2023-04-21 06:16:29,003 [pool-345-thread-1] INFO  storage.RaftStorage (RaftStorageImpl.java:format(96)) - Storage directory /home/runner/work/ozone/ozone/hadoop-ozone/integration-test/target/test-dir/MiniOzoneClusterImpl-48be086b-510e-48a6-912b-c1dd212c4943/datanode-0/data/ratis/412b3507-d1fe-450e-83ad-e5ab5397a847 has been successfully formatted.
2023-04-21 06:16:29,004 [pool-345-thread-1] INFO  ratis.ContainerStateMachine (ContainerStateMachine.java:loadSnapshot(262)) - group-E5AB5397A847: The snapshot info is null. Setting the last applied indexto:(t:0, i:~)
2023-04-21 06:16:29,004 [pool-345-thread-1] INFO  server.RaftServerConfigKeys (ConfUtils.java:logGet(46)) - raft.server.log.use.memory = false (default)
2023-04-21 06:16:29,004 [pool-345-thread-1] INFO  server.RaftServerConfigKeys (ConfUtils.java:logGet(46)) - raft.server.log.purge.gap = 1000000 (custom)
2023-04-21 06:16:29,004 [pool-345-thread-1] INFO  server.RaftServerConfigKeys (ConfUtils.java:logGet(46)) - raft.server.log.appender.buffer.byte-limit = 33554432 (custom)
2023-04-21 06:16:29,004 [pool-345-thread-1] INFO  server.RaftServerConfigKeys (ConfUtils.java:logGet(46)) - raft.server.log.statemachine.data.read.timeout = 1000ms (default)
2023-04-21 06:16:29,004 [pool-345-thread-1] INFO  server.RaftServerConfigKeys (ConfUtils.java:logGet(46)) - raft.server.log.purge.preservation.log.num = 0 (default)
2023-04-21 06:16:29,004 [pool-345-thread-1] INFO  server.RaftServerConfigKeys (ConfUtils.java:logGet(46)) - raft.server.log.segment.size.max = 1048576 (custom)
2023-04-21 06:16:29,005 [EventQueue-OpenPipelineForHealthyPipelineSafeModeRule] INFO  safemode.SCMSafeModeManager (HealthyPipelineSafeModeRule.java:process(137)) - SCM in safe mode. Healthy pipelines reported count is 0, required healthy pipeline reported count is 1
2023-04-21 06:16:29,005 [pool-345-thread-1] INFO  server.RaftServerConfigKeys (ConfUtils.java:logGet(46)) - raft.server.log.segment.cache.num.max = 2 (custom)
2023-04-21 06:16:29,005 [pool-345-thread-1] INFO  server.RaftServerConfigKeys (ConfUtils.java:logGet(46)) - raft.server.log.segment.cache.size.max = 200MB (=209715200) (default)
2023-04-21 06:16:29,005 [pool-345-thread-1] INFO  segmented.SegmentedRaftLogWorker (SegmentedRaftLogWorker.java:<init>(189)) - new 4333bcaf-cc70-4ceb-8f29-2dbb294defd1@group-E5AB5397A847-SegmentedRaftLogWorker for RaftStorageImpl:Storage Directory /home/runner/work/ozone/ozone/hadoop-ozone/integration-test/target/test-dir/MiniOzoneClusterImpl-48be086b-510e-48a6-912b-c1dd212c4943/datanode-0/data/ratis/412b3507-d1fe-450e-83ad-e5ab5397a847
2023-04-21 06:16:29,005 [pool-345-thread-1] INFO  server.RaftServerConfigKeys (ConfUtils.java:logGet(46)) - raft.server.log.queue.byte-limit = 4294967296 (custom)
2023-04-21 06:16:29,005 [pool-345-thread-1] INFO  server.RaftServerConfigKeys (ConfUtils.java:logGet(46)) - raft.server.log.queue.element-limit = 1024 (custom)
2023-04-21 06:16:29,005 [pool-345-thread-1] INFO  server.RaftServerConfigKeys (ConfUtils.java:logGet(46)) - raft.server.log.segment.size.max = 1048576 (custom)
2023-04-21 06:16:29,006 [pool-345-thread-1] INFO  server.RaftServerConfigKeys (ConfUtils.java:logGet(46)) - raft.server.log.preallocated.size = 16384 (custom)
2023-04-21 06:16:29,006 [pool-345-thread-1] INFO  server.RaftServerConfigKeys (ConfUtils.java:logGet(46)) - raft.server.log.force.sync.num = 128 (default)
2023-04-21 06:16:29,006 [pool-345-thread-1] INFO  server.RaftServerConfigKeys (ConfUtils.java:logGet(46)) - raft.server.log.statemachine.data.sync = true (default)
2023-04-21 06:16:29,006 [pool-345-thread-1] INFO  server.RaftServerConfigKeys (ConfUtils.java:logGet(46)) - raft.server.log.statemachine.data.sync.timeout = 10s (default)
2023-04-21 06:16:29,006 [pool-345-thread-1] INFO  server.RaftServerConfigKeys (ConfUtils.java:logGet(46)) - raft.server.log.statemachine.data.sync.timeout.retry = -1 (default)
2023-04-21 06:16:29,006 [pool-345-thread-1] INFO  server.RaftServerConfigKeys (ConfUtils.java:logGet(46)) - raft.server.log.write.buffer.size = 1048576 (custom)
2023-04-21 06:16:29,007 [pool-345-thread-1] INFO  server.RaftServerConfigKeys (ConfUtils.java:logGet(46)) - raft.server.log.appender.buffer.byte-limit = 33554432 (custom)
2023-04-21 06:16:29,012 [pool-345-thread-1] INFO  server.RaftServerConfigKeys (ConfUtils.java:logGet(46)) - raft.server.log.unsafe-flush.enabled = false (default)
2023-04-21 06:16:29,012 [pool-345-thread-1] INFO  server.RaftServerConfigKeys (ConfUtils.java:logGet(46)) - raft.server.log.async-flush.enabled = false (default)
2023-04-21 06:16:29,012 [pool-345-thread-1] INFO  server.RaftServerConfigKeys (ConfUtils.java:logGet(46)) - raft.server.log.statemachine.data.caching.enabled = true (custom)
2023-04-21 06:16:29,012 [pool-345-thread-1] INFO  segmented.SegmentedRaftLogWorker (SegmentedRaftLogWorker.java:lambda$new$0(135)) - 4333bcaf-cc70-4ceb-8f29-2dbb294defd1@group-E5AB5397A847-SegmentedRaftLogWorker: flushIndex: setUnconditionally 0 -> -1
2023-04-21 06:16:29,012 [pool-345-thread-1] INFO  segmented.SegmentedRaftLogWorker (SegmentedRaftLogWorker.java:lambda$new$0(135)) - 4333bcaf-cc70-4ceb-8f29-2dbb294defd1@group-E5AB5397A847-SegmentedRaftLogWorker: safeCacheEvictIndex: setUnconditionally 0 -> -1
2023-04-21 06:16:29,014 [pool-345-thread-1] INFO  server.RaftServer$Division (RaftServerImpl.java:start(334)) - 4333bcaf-cc70-4ceb-8f29-2dbb294defd1@group-E5AB5397A847: start as a follower, conf=-1: peers:[8f9d2216-a166-4295-9524-f6ac7a5d11df|rpc:10.1.0.35:45461|dataStream:10.1.0.35:33995|priority:0|startupRole:FOLLOWER, 307e815f-95b2-473e-9bb5-509f867b7773|rpc:10.1.0.35:37293|dataStream:10.1.0.35:42973|priority:0|startupRole:FOLLOWER, 4333bcaf-cc70-4ceb-8f29-2dbb294defd1|rpc:10.1.0.35:36539|dataStream:10.1.0.35:46449|priority:1|startupRole:FOLLOWER]|listeners:[], old=null
2023-04-21 06:16:29,014 [pool-345-thread-1] INFO  server.RaftServer$Division (RaftServerImpl.java:setRole(321)) - 4333bcaf-cc70-4ceb-8f29-2dbb294defd1@group-E5AB5397A847: changes role from      null to FOLLOWER at term 0 for startAsFollower
2023-04-21 06:16:29,014 [pool-345-thread-1] INFO  impl.RoleInfo (RoleInfo.java:updateAndGet(139)) - 4333bcaf-cc70-4ceb-8f29-2dbb294defd1: start 4333bcaf-cc70-4ceb-8f29-2dbb294defd1@group-E5AB5397A847-FollowerState
2023-04-21 06:16:29,018 [pool-345-thread-1] INFO  util.JmxRegister (JmxRegister.java:tryRegister(44)) - Successfully registered JMX Bean with object name Ratis:service=RaftServer,group=group-E5AB5397A847,id=4333bcaf-cc70-4ceb-8f29-2dbb294defd1
2023-04-21 06:16:29,018 [pool-345-thread-1] INFO  server.RaftServerConfigKeys (ConfUtils.java:logGet(46)) - raft.server.snapshot.auto.trigger.enabled = true (custom)
2023-04-21 06:16:29,018 [pool-345-thread-1] INFO  server.RaftServerConfigKeys (ConfUtils.java:logGet(46)) - raft.server.snapshot.auto.trigger.threshold = 10000 (custom)
2023-04-21 06:16:29,018 [pool-345-thread-1] INFO  server.RaftServerConfigKeys (ConfUtils.java:logGet(46)) - raft.server.snapshot.retention.file.num = 5 (custom)
2023-04-21 06:16:29,018 [pool-345-thread-1] INFO  server.RaftServerConfigKeys (ConfUtils.java:logGet(46)) - raft.server.log.purge.upto.snapshot.index = false (default)
2023-04-21 06:16:29,018 [4333bcaf-cc70-4ceb-8f29-2dbb294defd1@group-E5AB5397A847-FollowerState] INFO  server.RaftServerConfigKeys (ConfUtils.java:logFallback(53)) - raft.server.rpc.first-election.timeout.min = 5s (fallback to raft.server.rpc.timeout.min)
2023-04-21 06:16:29,019 [4333bcaf-cc70-4ceb-8f29-2dbb294defd1@group-E5AB5397A847-FollowerState] INFO  server.RaftServerConfigKeys (ConfUtils.java:logFallback(53)) - raft.server.rpc.first-election.timeout.max = 5200ms (fallback to raft.server.rpc.timeout.max)
2023-04-21 06:16:29,019 [Command processor thread] INFO  ratis.XceiverServerRatis (XceiverServerRatis.java:addGroup(806)) - Created group PipelineID=412b3507-d1fe-450e-83ad-e5ab5397a847
2023-04-21 06:16:29,031 [grpc-default-executor-0] INFO  server.RaftServer (RaftServerProxy.java:addNew(96)) - 8f9d2216-a166-4295-9524-f6ac7a5d11df: addNew group-E5AB5397A847:[8f9d2216-a166-4295-9524-f6ac7a5d11df|rpc:10.1.0.35:45461|dataStream:10.1.0.35:33995|priority:0|startupRole:FOLLOWER, 307e815f-95b2-473e-9bb5-509f867b7773|rpc:10.1.0.35:37293|dataStream:10.1.0.35:42973|priority:0|startupRole:FOLLOWER, 4333bcaf-cc70-4ceb-8f29-2dbb294defd1|rpc:10.1.0.35:36539|dataStream:10.1.0.35:46449|priority:1|startupRole:FOLLOWER] returns group-E5AB5397A847:java.util.concurrent.CompletableFuture@22cac980[Not completed]
2023-04-21 06:16:29,032 [pool-389-thread-1] INFO  server.RaftServer$Division (RaftServerImpl.java:<init>(195)) - 8f9d2216-a166-4295-9524-f6ac7a5d11df: new RaftServerImpl for group-E5AB5397A847:[8f9d2216-a166-4295-9524-f6ac7a5d11df|rpc:10.1.0.35:45461|dataStream:10.1.0.35:33995|priority:0|startupRole:FOLLOWER, 307e815f-95b2-473e-9bb5-509f867b7773|rpc:10.1.0.35:37293|dataStream:10.1.0.35:42973|priority:0|startupRole:FOLLOWER, 4333bcaf-cc70-4ceb-8f29-2dbb294defd1|rpc:10.1.0.35:36539|dataStream:10.1.0.35:46449|priority:1|startupRole:FOLLOWER] with ContainerStateMachine:uninitialized
2023-04-21 06:16:29,032 [pool-389-thread-1] INFO  server.RaftServerConfigKeys (ConfUtils.java:logGet(46)) - raft.server.rpc.timeout.min = 5s (custom)
2023-04-21 06:16:29,033 [pool-389-thread-1] INFO  server.RaftServerConfigKeys (ConfUtils.java:logGet(46)) - raft.server.rpc.timeout.max = 5200ms (custom)
2023-04-21 06:16:29,033 [pool-389-thread-1] INFO  server.RaftServerConfigKeys (ConfUtils.java:logGet(46)) - raft.server.rpc.sleep.time = 25ms (default)
2023-04-21 06:16:29,033 [pool-389-thread-1] INFO  server.RaftServerConfigKeys (ConfUtils.java:logGet(46)) - raft.server.rpc.slowness.timeout = 300s (custom)
2023-04-21 06:16:29,033 [pool-389-thread-1] INFO  server.RaftServerConfigKeys (ConfUtils.java:logGet(46)) - raft.server.leaderelection.leader.step-down.wait-time = 10s (default)
2023-04-21 06:16:29,033 [pool-389-thread-1] INFO  server.RaftServerConfigKeys (ConfUtils.java:logGet(46)) - raft.server.sleep.deviation.threshold = 300ms (default)
2023-04-21 06:16:29,033 [pool-389-thread-1] INFO  server.RaftServer$Division (ServerState.java:<init>(118)) - 8f9d2216-a166-4295-9524-f6ac7a5d11df@group-E5AB5397A847: ConfigurationManager, init=-1: peers:[8f9d2216-a166-4295-9524-f6ac7a5d11df|rpc:10.1.0.35:45461|dataStream:10.1.0.35:33995|priority:0|startupRole:FOLLOWER, 307e815f-95b2-473e-9bb5-509f867b7773|rpc:10.1.0.35:37293|dataStream:10.1.0.35:42973|priority:0|startupRole:FOLLOWER, 4333bcaf-cc70-4ceb-8f29-2dbb294defd1|rpc:10.1.0.35:36539|dataStream:10.1.0.35:46449|priority:1|startupRole:FOLLOWER]|listeners:[], old=null, confs=<EMPTY_MAP>
2023-04-21 06:16:29,033 [pool-389-thread-1] INFO  server.RaftServerConfigKeys (ConfUtils.java:logGet(46)) - raft.server.storage.dir = [/home/runner/work/ozone/ozone/hadoop-ozone/integration-test/target/test-dir/MiniOzoneClusterImpl-48be086b-510e-48a6-912b-c1dd212c4943/datanode-2/data/ratis] (custom)
2023-04-21 06:16:29,033 [pool-389-thread-1] INFO  server.RaftServerConfigKeys (ConfUtils.java:logGet(46)) - raft.server.log.corruption.policy = EXCEPTION (default)
2023-04-21 06:16:29,033 [pool-389-thread-1] INFO  server.RaftServerConfigKeys (ConfUtils.java:logGet(46)) - raft.server.storage.free-space.min = 0MB (=0) (default)
2023-04-21 06:16:29,033 [pool-389-thread-1] INFO  server.RaftServerConfigKeys (ConfUtils.java:logGet(46)) - raft.server.notification.no-leader.timeout = 300s (custom)
2023-04-21 06:16:29,033 [pool-389-thread-1] INFO  server.RaftServerConfigKeys (ConfUtils.java:logGet(46)) - raft.server.retrycache.expirytime = 600000ms (custom)
2023-04-21 06:16:29,033 [pool-389-thread-1] INFO  server.RaftServerConfigKeys (ConfUtils.java:logGet(46)) - raft.server.retrycache.statistics.expirytime = 100μs (default)
2023-04-21 06:16:29,034 [pool-389-thread-1] INFO  server.RaftServerConfigKeys (ConfUtils.java:logGet(46)) - raft.server.log.appender.install.snapshot.enabled = false (custom)
2023-04-21 06:16:29,034 [pool-389-thread-1] INFO  server.RaftServerConfigKeys (ConfUtils.java:logGet(46)) - raft.server.threadpool.server.cached = true (default)
2023-04-21 06:16:29,034 [pool-389-thread-1] INFO  server.RaftServerConfigKeys (ConfUtils.java:logGet(46)) - raft.server.threadpool.server.size = 0 (default)
2023-04-21 06:16:29,034 [pool-389-thread-1] INFO  server.RaftServerConfigKeys (ConfUtils.java:logGet(46)) - raft.server.threadpool.client.cached = true (default)
2023-04-21 06:16:29,034 [pool-389-thread-1] INFO  server.RaftServerConfigKeys (ConfUtils.java:logGet(46)) - raft.server.threadpool.client.size = 0 (default)
2023-04-21 06:16:29,034 [pool-389-thread-1] INFO  storage.RaftStorageDirectory (RaftStorageDirectoryImpl.java:analyzeStorage(137)) - The storage directory /home/runner/work/ozone/ozone/hadoop-ozone/integration-test/target/test-dir/MiniOzoneClusterImpl-48be086b-510e-48a6-912b-c1dd212c4943/datanode-2/data/ratis/412b3507-d1fe-450e-83ad-e5ab5397a847 does not exist. Creating ...
2023-04-21 06:16:29,036 [pool-389-thread-1] INFO  storage.RaftStorageDirectory (RaftStorageDirectoryImpl.java:tryLock(231)) - Lock on /home/runner/work/ozone/ozone/hadoop-ozone/integration-test/target/test-dir/MiniOzoneClusterImpl-48be086b-510e-48a6-912b-c1dd212c4943/datanode-2/data/ratis/412b3507-d1fe-450e-83ad-e5ab5397a847/in_use.lock acquired by nodename 2764@fv-az205-422
2023-04-21 06:16:29,039 [pool-389-thread-1] INFO  storage.RaftStorage (RaftStorageImpl.java:format(96)) - Storage directory /home/runner/work/ozone/ozone/hadoop-ozone/integration-test/target/test-dir/MiniOzoneClusterImpl-48be086b-510e-48a6-912b-c1dd212c4943/datanode-2/data/ratis/412b3507-d1fe-450e-83ad-e5ab5397a847 has been successfully formatted.
2023-04-21 06:16:29,039 [pool-389-thread-1] INFO  ratis.ContainerStateMachine (ContainerStateMachine.java:loadSnapshot(262)) - group-E5AB5397A847: The snapshot info is null. Setting the last applied indexto:(t:0, i:~)
2023-04-21 06:16:29,039 [pool-389-thread-1] INFO  server.RaftServerConfigKeys (ConfUtils.java:logGet(46)) - raft.server.log.use.memory = false (default)
2023-04-21 06:16:29,040 [pool-389-thread-1] INFO  server.RaftServerConfigKeys (ConfUtils.java:logGet(46)) - raft.server.log.purge.gap = 1000000 (custom)
2023-04-21 06:16:29,040 [pool-389-thread-1] INFO  server.RaftServerConfigKeys (ConfUtils.java:logGet(46)) - raft.server.log.appender.buffer.byte-limit = 33554432 (custom)
2023-04-21 06:16:29,040 [pool-389-thread-1] INFO  server.RaftServerConfigKeys (ConfUtils.java:logGet(46)) - raft.server.log.statemachine.data.read.timeout = 1000ms (default)
2023-04-21 06:16:29,040 [pool-389-thread-1] INFO  server.RaftServerConfigKeys (ConfUtils.java:logGet(46)) - raft.server.log.purge.preservation.log.num = 0 (default)
2023-04-21 06:16:29,041 [pool-389-thread-1] INFO  server.RaftServerConfigKeys (ConfUtils.java:logGet(46)) - raft.server.log.segment.size.max = 1048576 (custom)
2023-04-21 06:16:29,042 [pool-389-thread-1] INFO  server.RaftServerConfigKeys (ConfUtils.java:logGet(46)) - raft.server.log.segment.cache.num.max = 2 (custom)
2023-04-21 06:16:29,042 [pool-389-thread-1] INFO  server.RaftServerConfigKeys (ConfUtils.java:logGet(46)) - raft.server.log.segment.cache.size.max = 200MB (=209715200) (default)
2023-04-21 06:16:29,042 [pool-389-thread-1] INFO  segmented.SegmentedRaftLogWorker (SegmentedRaftLogWorker.java:<init>(189)) - new 8f9d2216-a166-4295-9524-f6ac7a5d11df@group-E5AB5397A847-SegmentedRaftLogWorker for RaftStorageImpl:Storage Directory /home/runner/work/ozone/ozone/hadoop-ozone/integration-test/target/test-dir/MiniOzoneClusterImpl-48be086b-510e-48a6-912b-c1dd212c4943/datanode-2/data/ratis/412b3507-d1fe-450e-83ad-e5ab5397a847
2023-04-21 06:16:29,043 [pool-389-thread-1] INFO  server.RaftServerConfigKeys (ConfUtils.java:logGet(46)) - raft.server.log.queue.byte-limit = 4294967296 (custom)
2023-04-21 06:16:29,043 [pool-389-thread-1] INFO  server.RaftServerConfigKeys (ConfUtils.java:logGet(46)) - raft.server.log.queue.element-limit = 1024 (custom)
2023-04-21 06:16:29,043 [pool-389-thread-1] INFO  server.RaftServerConfigKeys (ConfUtils.java:logGet(46)) - raft.server.log.segment.size.max = 1048576 (custom)
2023-04-21 06:16:29,043 [pool-389-thread-1] INFO  server.RaftServerConfigKeys (ConfUtils.java:logGet(46)) - raft.server.log.preallocated.size = 16384 (custom)
2023-04-21 06:16:29,043 [pool-389-thread-1] INFO  server.RaftServerConfigKeys (ConfUtils.java:logGet(46)) - raft.server.log.force.sync.num = 128 (default)
2023-04-21 06:16:29,043 [pool-389-thread-1] INFO  server.RaftServerConfigKeys (ConfUtils.java:logGet(46)) - raft.server.log.statemachine.data.sync = true (default)
2023-04-21 06:16:29,043 [pool-389-thread-1] INFO  server.RaftServerConfigKeys (ConfUtils.java:logGet(46)) - raft.server.log.statemachine.data.sync.timeout = 10s (default)
2023-04-21 06:16:29,043 [pool-389-thread-1] INFO  server.RaftServerConfigKeys (ConfUtils.java:logGet(46)) - raft.server.log.statemachine.data.sync.timeout.retry = -1 (default)
2023-04-21 06:16:29,044 [pool-389-thread-1] INFO  server.RaftServerConfigKeys (ConfUtils.java:logGet(46)) - raft.server.log.write.buffer.size = 1048576 (custom)
2023-04-21 06:16:29,045 [pool-389-thread-1] INFO  server.RaftServerConfigKeys (ConfUtils.java:logGet(46)) - raft.server.log.appender.buffer.byte-limit = 33554432 (custom)
2023-04-21 06:16:29,050 [pool-389-thread-1] INFO  server.RaftServerConfigKeys (ConfUtils.java:logGet(46)) - raft.server.log.unsafe-flush.enabled = false (default)
2023-04-21 06:16:29,050 [pool-389-thread-1] INFO  server.RaftServerConfigKeys (ConfUtils.java:logGet(46)) - raft.server.log.async-flush.enabled = false (default)
2023-04-21 06:16:29,050 [pool-389-thread-1] INFO  server.RaftServerConfigKeys (ConfUtils.java:logGet(46)) - raft.server.log.statemachine.data.caching.enabled = true (custom)
2023-04-21 06:16:29,050 [pool-389-thread-1] INFO  segmented.SegmentedRaftLogWorker (SegmentedRaftLogWorker.java:lambda$new$0(135)) - 8f9d2216-a166-4295-9524-f6ac7a5d11df@group-E5AB5397A847-SegmentedRaftLogWorker: flushIndex: setUnconditionally 0 -> -1
2023-04-21 06:16:29,050 [pool-389-thread-1] INFO  segmented.SegmentedRaftLogWorker (SegmentedRaftLogWorker.java:lambda$new$0(135)) - 8f9d2216-a166-4295-9524-f6ac7a5d11df@group-E5AB5397A847-SegmentedRaftLogWorker: safeCacheEvictIndex: setUnconditionally 0 -> -1
2023-04-21 06:16:29,050 [pool-389-thread-1] INFO  server.RaftServer$Division (RaftServerImpl.java:start(334)) - 8f9d2216-a166-4295-9524-f6ac7a5d11df@group-E5AB5397A847: start as a follower, conf=-1: peers:[8f9d2216-a166-4295-9524-f6ac7a5d11df|rpc:10.1.0.35:45461|dataStream:10.1.0.35:33995|priority:0|startupRole:FOLLOWER, 307e815f-95b2-473e-9bb5-509f867b7773|rpc:10.1.0.35:37293|dataStream:10.1.0.35:42973|priority:0|startupRole:FOLLOWER, 4333bcaf-cc70-4ceb-8f29-2dbb294defd1|rpc:10.1.0.35:36539|dataStream:10.1.0.35:46449|priority:1|startupRole:FOLLOWER]|listeners:[], old=null
2023-04-21 06:16:29,051 [pool-389-thread-1] INFO  server.RaftServer$Division (RaftServerImpl.java:setRole(321)) - 8f9d2216-a166-4295-9524-f6ac7a5d11df@group-E5AB5397A847: changes role from      null to FOLLOWER at term 0 for startAsFollower
2023-04-21 06:16:29,051 [pool-389-thread-1] INFO  impl.RoleInfo (RoleInfo.java:updateAndGet(139)) - 8f9d2216-a166-4295-9524-f6ac7a5d11df: start 8f9d2216-a166-4295-9524-f6ac7a5d11df@group-E5AB5397A847-FollowerState
2023-04-21 06:16:29,051 [8f9d2216-a166-4295-9524-f6ac7a5d11df@group-E5AB5397A847-FollowerState] INFO  server.RaftServerConfigKeys (ConfUtils.java:logFallback(53)) - raft.server.rpc.first-election.timeout.min = 5s (fallback to raft.server.rpc.timeout.min)
2023-04-21 06:16:29,051 [pool-389-thread-1] INFO  util.JmxRegister (JmxRegister.java:tryRegister(44)) - Successfully registered JMX Bean with object name Ratis:service=RaftServer,group=group-E5AB5397A847,id=8f9d2216-a166-4295-9524-f6ac7a5d11df
2023-04-21 06:16:29,051 [8f9d2216-a166-4295-9524-f6ac7a5d11df@group-E5AB5397A847-FollowerState] INFO  server.RaftServerConfigKeys (ConfUtils.java:logFallback(53)) - raft.server.rpc.first-election.timeout.max = 5200ms (fallback to raft.server.rpc.timeout.max)
2023-04-21 06:16:29,051 [pool-389-thread-1] INFO  server.RaftServerConfigKeys (ConfUtils.java:logGet(46)) - raft.server.snapshot.auto.trigger.enabled = true (custom)
2023-04-21 06:16:29,052 [pool-389-thread-1] INFO  server.RaftServerConfigKeys (ConfUtils.java:logGet(46)) - raft.server.snapshot.auto.trigger.threshold = 10000 (custom)
2023-04-21 06:16:29,052 [pool-389-thread-1] INFO  server.RaftServerConfigKeys (ConfUtils.java:logGet(46)) - raft.server.snapshot.retention.file.num = 5 (custom)
2023-04-21 06:16:29,052 [pool-389-thread-1] INFO  server.RaftServerConfigKeys (ConfUtils.java:logGet(46)) - raft.server.log.purge.upto.snapshot.index = false (default)
2023-04-21 06:16:29,065 [grpc-default-executor-0] INFO  server.RaftServer (RaftServerProxy.java:addNew(96)) - 307e815f-95b2-473e-9bb5-509f867b7773: addNew group-E5AB5397A847:[8f9d2216-a166-4295-9524-f6ac7a5d11df|rpc:10.1.0.35:45461|dataStream:10.1.0.35:33995|priority:0|startupRole:FOLLOWER, 307e815f-95b2-473e-9bb5-509f867b7773|rpc:10.1.0.35:37293|dataStream:10.1.0.35:42973|priority:0|startupRole:FOLLOWER, 4333bcaf-cc70-4ceb-8f29-2dbb294defd1|rpc:10.1.0.35:36539|dataStream:10.1.0.35:46449|priority:1|startupRole:FOLLOWER] returns group-E5AB5397A847:java.util.concurrent.CompletableFuture@4b6cca1b[Not completed]
2023-04-21 06:16:29,066 [pool-367-thread-1] INFO  server.RaftServer$Division (RaftServerImpl.java:<init>(195)) - 307e815f-95b2-473e-9bb5-509f867b7773: new RaftServerImpl for group-E5AB5397A847:[8f9d2216-a166-4295-9524-f6ac7a5d11df|rpc:10.1.0.35:45461|dataStream:10.1.0.35:33995|priority:0|startupRole:FOLLOWER, 307e815f-95b2-473e-9bb5-509f867b7773|rpc:10.1.0.35:37293|dataStream:10.1.0.35:42973|priority:0|startupRole:FOLLOWER, 4333bcaf-cc70-4ceb-8f29-2dbb294defd1|rpc:10.1.0.35:36539|dataStream:10.1.0.35:46449|priority:1|startupRole:FOLLOWER] with ContainerStateMachine:uninitialized
2023-04-21 06:16:29,066 [pool-367-thread-1] INFO  server.RaftServerConfigKeys (ConfUtils.java:logGet(46)) - raft.server.rpc.timeout.min = 5s (custom)
2023-04-21 06:16:29,066 [pool-367-thread-1] INFO  server.RaftServerConfigKeys (ConfUtils.java:logGet(46)) - raft.server.rpc.timeout.max = 5200ms (custom)
2023-04-21 06:16:29,067 [pool-367-thread-1] INFO  server.RaftServerConfigKeys (ConfUtils.java:logGet(46)) - raft.server.rpc.sleep.time = 25ms (default)
2023-04-21 06:16:29,067 [pool-367-thread-1] INFO  server.RaftServerConfigKeys (ConfUtils.java:logGet(46)) - raft.server.rpc.slowness.timeout = 300s (custom)
2023-04-21 06:16:29,067 [pool-367-thread-1] INFO  server.RaftServerConfigKeys (ConfUtils.java:logGet(46)) - raft.server.leaderelection.leader.step-down.wait-time = 10s (default)
2023-04-21 06:16:29,067 [pool-367-thread-1] INFO  server.RaftServerConfigKeys (ConfUtils.java:logGet(46)) - raft.server.sleep.deviation.threshold = 300ms (default)
2023-04-21 06:16:29,067 [pool-367-thread-1] INFO  server.RaftServer$Division (ServerState.java:<init>(118)) - 307e815f-95b2-473e-9bb5-509f867b7773@group-E5AB5397A847: ConfigurationManager, init=-1: peers:[8f9d2216-a166-4295-9524-f6ac7a5d11df|rpc:10.1.0.35:45461|dataStream:10.1.0.35:33995|priority:0|startupRole:FOLLOWER, 307e815f-95b2-473e-9bb5-509f867b7773|rpc:10.1.0.35:37293|dataStream:10.1.0.35:42973|priority:0|startupRole:FOLLOWER, 4333bcaf-cc70-4ceb-8f29-2dbb294defd1|rpc:10.1.0.35:36539|dataStream:10.1.0.35:46449|priority:1|startupRole:FOLLOWER]|listeners:[], old=null, confs=<EMPTY_MAP>
2023-04-21 06:16:29,067 [pool-367-thread-1] INFO  server.RaftServerConfigKeys (ConfUtils.java:logGet(46)) - raft.server.storage.dir = [/home/runner/work/ozone/ozone/hadoop-ozone/integration-test/target/test-dir/MiniOzoneClusterImpl-48be086b-510e-48a6-912b-c1dd212c4943/datanode-1/data/ratis] (custom)
2023-04-21 06:16:29,067 [pool-367-thread-1] INFO  server.RaftServerConfigKeys (ConfUtils.java:logGet(46)) - raft.server.log.corruption.policy = EXCEPTION (default)
2023-04-21 06:16:29,067 [pool-367-thread-1] INFO  server.RaftServerConfigKeys (ConfUtils.java:logGet(46)) - raft.server.storage.free-space.min = 0MB (=0) (default)
2023-04-21 06:16:29,067 [pool-367-thread-1] INFO  server.RaftServerConfigKeys (ConfUtils.java:logGet(46)) - raft.server.notification.no-leader.timeout = 300s (custom)
2023-04-21 06:16:29,067 [pool-367-thread-1] INFO  server.RaftServerConfigKeys (ConfUtils.java:logGet(46)) - raft.server.retrycache.expirytime = 600000ms (custom)
2023-04-21 06:16:29,067 [pool-367-thread-1] INFO  server.RaftServerConfigKeys (ConfUtils.java:logGet(46)) - raft.server.retrycache.statistics.expirytime = 100μs (default)
2023-04-21 06:16:29,068 [pool-367-thread-1] INFO  server.RaftServerConfigKeys (ConfUtils.java:logGet(46)) - raft.server.log.appender.install.snapshot.enabled = false (custom)
2023-04-21 06:16:29,068 [pool-367-thread-1] INFO  server.RaftServerConfigKeys (ConfUtils.java:logGet(46)) - raft.server.threadpool.server.cached = true (default)
2023-04-21 06:16:29,068 [pool-367-thread-1] INFO  server.RaftServerConfigKeys (ConfUtils.java:logGet(46)) - raft.server.threadpool.server.size = 0 (default)
2023-04-21 06:16:29,068 [pool-367-thread-1] INFO  server.RaftServerConfigKeys (ConfUtils.java:logGet(46)) - raft.server.threadpool.client.cached = true (default)
2023-04-21 06:16:29,068 [pool-367-thread-1] INFO  server.RaftServerConfigKeys (ConfUtils.java:logGet(46)) - raft.server.threadpool.client.size = 0 (default)
2023-04-21 06:16:29,068 [pool-367-thread-1] INFO  storage.RaftStorageDirectory (RaftStorageDirectoryImpl.java:analyzeStorage(137)) - The storage directory /home/runner/work/ozone/ozone/hadoop-ozone/integration-test/target/test-dir/MiniOzoneClusterImpl-48be086b-510e-48a6-912b-c1dd212c4943/datanode-1/data/ratis/412b3507-d1fe-450e-83ad-e5ab5397a847 does not exist. Creating ...
2023-04-21 06:16:29,070 [pool-367-thread-1] INFO  storage.RaftStorageDirectory (RaftStorageDirectoryImpl.java:tryLock(231)) - Lock on /home/runner/work/ozone/ozone/hadoop-ozone/integration-test/target/test-dir/MiniOzoneClusterImpl-48be086b-510e-48a6-912b-c1dd212c4943/datanode-1/data/ratis/412b3507-d1fe-450e-83ad-e5ab5397a847/in_use.lock acquired by nodename 2764@fv-az205-422
2023-04-21 06:16:29,071 [pool-367-thread-1] INFO  storage.RaftStorage (RaftStorageImpl.java:format(96)) - Storage directory /home/runner/work/ozone/ozone/hadoop-ozone/integration-test/target/test-dir/MiniOzoneClusterImpl-48be086b-510e-48a6-912b-c1dd212c4943/datanode-1/data/ratis/412b3507-d1fe-450e-83ad-e5ab5397a847 has been successfully formatted.
2023-04-21 06:16:29,071 [pool-367-thread-1] INFO  ratis.ContainerStateMachine (ContainerStateMachine.java:loadSnapshot(262)) - group-E5AB5397A847: The snapshot info is null. Setting the last applied indexto:(t:0, i:~)
2023-04-21 06:16:29,071 [pool-367-thread-1] INFO  server.RaftServerConfigKeys (ConfUtils.java:logGet(46)) - raft.server.log.use.memory = false (default)
2023-04-21 06:16:29,071 [pool-367-thread-1] INFO  server.RaftServerConfigKeys (ConfUtils.java:logGet(46)) - raft.server.log.purge.gap = 1000000 (custom)
2023-04-21 06:16:29,071 [pool-367-thread-1] INFO  server.RaftServerConfigKeys (ConfUtils.java:logGet(46)) - raft.server.log.appender.buffer.byte-limit = 33554432 (custom)
2023-04-21 06:16:29,072 [pool-367-thread-1] INFO  server.RaftServerConfigKeys (ConfUtils.java:logGet(46)) - raft.server.log.statemachine.data.read.timeout = 1000ms (default)
2023-04-21 06:16:29,072 [pool-367-thread-1] INFO  server.RaftServerConfigKeys (ConfUtils.java:logGet(46)) - raft.server.log.purge.preservation.log.num = 0 (default)
2023-04-21 06:16:29,072 [pool-367-thread-1] INFO  server.RaftServerConfigKeys (ConfUtils.java:logGet(46)) - raft.server.log.segment.size.max = 1048576 (custom)
2023-04-21 06:16:29,072 [pool-367-thread-1] INFO  server.RaftServerConfigKeys (ConfUtils.java:logGet(46)) - raft.server.log.segment.cache.num.max = 2 (custom)
2023-04-21 06:16:29,072 [pool-367-thread-1] INFO  server.RaftServerConfigKeys (ConfUtils.java:logGet(46)) - raft.server.log.segment.cache.size.max = 200MB (=209715200) (default)
2023-04-21 06:16:29,072 [pool-367-thread-1] INFO  segmented.SegmentedRaftLogWorker (SegmentedRaftLogWorker.java:<init>(189)) - new 307e815f-95b2-473e-9bb5-509f867b7773@group-E5AB5397A847-SegmentedRaftLogWorker for RaftStorageImpl:Storage Directory /home/runner/work/ozone/ozone/hadoop-ozone/integration-test/target/test-dir/MiniOzoneClusterImpl-48be086b-510e-48a6-912b-c1dd212c4943/datanode-1/data/ratis/412b3507-d1fe-450e-83ad-e5ab5397a847
2023-04-21 06:16:29,072 [pool-367-thread-1] INFO  server.RaftServerConfigKeys (ConfUtils.java:logGet(46)) - raft.server.log.queue.byte-limit = 4294967296 (custom)
2023-04-21 06:16:29,072 [pool-367-thread-1] INFO  server.RaftServerConfigKeys (ConfUtils.java:logGet(46)) - raft.server.log.queue.element-limit = 1024 (custom)
2023-04-21 06:16:29,072 [pool-367-thread-1] INFO  server.RaftServerConfigKeys (ConfUtils.java:logGet(46)) - raft.server.log.segment.size.max = 1048576 (custom)
2023-04-21 06:16:29,072 [pool-367-thread-1] INFO  server.RaftServerConfigKeys (ConfUtils.java:logGet(46)) - raft.server.log.preallocated.size = 16384 (custom)
2023-04-21 06:16:29,072 [pool-367-thread-1] INFO  server.RaftServerConfigKeys (ConfUtils.java:logGet(46)) - raft.server.log.force.sync.num = 128 (default)
2023-04-21 06:16:29,072 [pool-367-thread-1] INFO  server.RaftServerConfigKeys (ConfUtils.java:logGet(46)) - raft.server.log.statemachine.data.sync = true (default)
2023-04-21 06:16:29,073 [pool-367-thread-1] INFO  server.RaftServerConfigKeys (ConfUtils.java:logGet(46)) - raft.server.log.statemachine.data.sync.timeout = 10s (default)
2023-04-21 06:16:29,073 [pool-367-thread-1] INFO  server.RaftServerConfigKeys (ConfUtils.java:logGet(46)) - raft.server.log.statemachine.data.sync.timeout.retry = -1 (default)
2023-04-21 06:16:29,073 [pool-367-thread-1] INFO  server.RaftServerConfigKeys (ConfUtils.java:logGet(46)) - raft.server.log.write.buffer.size = 1048576 (custom)
2023-04-21 06:16:29,074 [pool-367-thread-1] INFO  server.RaftServerConfigKeys (ConfUtils.java:logGet(46)) - raft.server.log.appender.buffer.byte-limit = 33554432 (custom)
2023-04-21 06:16:29,079 [pool-367-thread-1] INFO  server.RaftServerConfigKeys (ConfUtils.java:logGet(46)) - raft.server.log.unsafe-flush.enabled = false (default)
2023-04-21 06:16:29,079 [pool-367-thread-1] INFO  server.RaftServerConfigKeys (ConfUtils.java:logGet(46)) - raft.server.log.async-flush.enabled = false (default)
2023-04-21 06:16:29,079 [pool-367-thread-1] INFO  server.RaftServerConfigKeys (ConfUtils.java:logGet(46)) - raft.server.log.statemachine.data.caching.enabled = true (custom)
2023-04-21 06:16:29,080 [pool-367-thread-1] INFO  segmented.SegmentedRaftLogWorker (SegmentedRaftLogWorker.java:lambda$new$0(135)) - 307e815f-95b2-473e-9bb5-509f867b7773@group-E5AB5397A847-SegmentedRaftLogWorker: flushIndex: setUnconditionally 0 -> -1
2023-04-21 06:16:29,080 [pool-367-thread-1] INFO  segmented.SegmentedRaftLogWorker (SegmentedRaftLogWorker.java:lambda$new$0(135)) - 307e815f-95b2-473e-9bb5-509f867b7773@group-E5AB5397A847-SegmentedRaftLogWorker: safeCacheEvictIndex: setUnconditionally 0 -> -1
2023-04-21 06:16:29,080 [pool-367-thread-1] INFO  server.RaftServer$Division (RaftServerImpl.java:start(334)) - 307e815f-95b2-473e-9bb5-509f867b7773@group-E5AB5397A847: start as a follower, conf=-1: peers:[8f9d2216-a166-4295-9524-f6ac7a5d11df|rpc:10.1.0.35:45461|dataStream:10.1.0.35:33995|priority:0|startupRole:FOLLOWER, 307e815f-95b2-473e-9bb5-509f867b7773|rpc:10.1.0.35:37293|dataStream:10.1.0.35:42973|priority:0|startupRole:FOLLOWER, 4333bcaf-cc70-4ceb-8f29-2dbb294defd1|rpc:10.1.0.35:36539|dataStream:10.1.0.35:46449|priority:1|startupRole:FOLLOWER]|listeners:[], old=null
2023-04-21 06:16:29,080 [pool-367-thread-1] INFO  server.RaftServer$Division (RaftServerImpl.java:setRole(321)) - 307e815f-95b2-473e-9bb5-509f867b7773@group-E5AB5397A847: changes role from      null to FOLLOWER at term 0 for startAsFollower
2023-04-21 06:16:29,080 [pool-367-thread-1] INFO  impl.RoleInfo (RoleInfo.java:updateAndGet(139)) - 307e815f-95b2-473e-9bb5-509f867b7773: start 307e815f-95b2-473e-9bb5-509f867b7773@group-E5AB5397A847-FollowerState
2023-04-21 06:16:29,080 [307e815f-95b2-473e-9bb5-509f867b7773@group-E5AB5397A847-FollowerState] INFO  server.RaftServerConfigKeys (ConfUtils.java:logFallback(53)) - raft.server.rpc.first-election.timeout.min = 5s (fallback to raft.server.rpc.timeout.min)
2023-04-21 06:16:29,082 [307e815f-95b2-473e-9bb5-509f867b7773@group-E5AB5397A847-FollowerState] INFO  server.RaftServerConfigKeys (ConfUtils.java:logFallback(53)) - raft.server.rpc.first-election.timeout.max = 5200ms (fallback to raft.server.rpc.timeout.max)
2023-04-21 06:16:29,082 [pool-367-thread-1] INFO  util.JmxRegister (JmxRegister.java:tryRegister(44)) - Successfully registered JMX Bean with object name Ratis:service=RaftServer,group=group-E5AB5397A847,id=307e815f-95b2-473e-9bb5-509f867b7773
2023-04-21 06:16:29,083 [pool-367-thread-1] INFO  server.RaftServerConfigKeys (ConfUtils.java:logGet(46)) - raft.server.snapshot.auto.trigger.enabled = true (custom)
2023-04-21 06:16:29,083 [pool-367-thread-1] INFO  server.RaftServerConfigKeys (ConfUtils.java:logGet(46)) - raft.server.snapshot.auto.trigger.threshold = 10000 (custom)
2023-04-21 06:16:29,083 [pool-367-thread-1] INFO  server.RaftServerConfigKeys (ConfUtils.java:logGet(46)) - raft.server.snapshot.retention.file.num = 5 (custom)
2023-04-21 06:16:29,083 [pool-367-thread-1] INFO  server.RaftServerConfigKeys (ConfUtils.java:logGet(46)) - raft.server.log.purge.upto.snapshot.index = false (default)
2023-04-21 06:16:29,087 [Command processor thread] INFO  commandhandler.CreatePipelineCommandHandler (CreatePipelineCommandHandler.java:handle(113)) - Created Pipeline RATIS THREE PipelineID=412b3507-d1fe-450e-83ad-e5ab5397a847.
2023-04-21 06:16:29,215 [Command processor thread] INFO  server.RaftServer (RaftServerProxy.java:addNew(96)) - 307e815f-95b2-473e-9bb5-509f867b7773: addNew group-88CA3FF216A4:[307e815f-95b2-473e-9bb5-509f867b7773|rpc:10.1.0.35:37293|dataStream:10.1.0.35:42973|priority:1|startupRole:FOLLOWER] returns group-88CA3FF216A4:java.util.concurrent.CompletableFuture@2b4b761b[Not completed]
2023-04-21 06:16:29,217 [pool-367-thread-1] INFO  server.RaftServer$Division (RaftServerImpl.java:<init>(195)) - 307e815f-95b2-473e-9bb5-509f867b7773: new RaftServerImpl for group-88CA3FF216A4:[307e815f-95b2-473e-9bb5-509f867b7773|rpc:10.1.0.35:37293|dataStream:10.1.0.35:42973|priority:1|startupRole:FOLLOWER] with ContainerStateMachine:uninitialized
2023-04-21 06:16:29,217 [pool-367-thread-1] INFO  server.RaftServerConfigKeys (ConfUtils.java:logGet(46)) - raft.server.rpc.timeout.min = 5s (custom)
2023-04-21 06:16:29,217 [pool-367-thread-1] INFO  server.RaftServerConfigKeys (ConfUtils.java:logGet(46)) - raft.server.rpc.timeout.max = 5200ms (custom)
2023-04-21 06:16:29,217 [pool-367-thread-1] INFO  server.RaftServerConfigKeys (ConfUtils.java:logGet(46)) - raft.server.rpc.sleep.time = 25ms (default)
2023-04-21 06:16:29,217 [pool-367-thread-1] INFO  server.RaftServerConfigKeys (ConfUtils.java:logGet(46)) - raft.server.rpc.slowness.timeout = 300s (custom)
2023-04-21 06:16:29,217 [pool-367-thread-1] INFO  server.RaftServerConfigKeys (ConfUtils.java:logGet(46)) - raft.server.leaderelection.leader.step-down.wait-time = 10s (default)
2023-04-21 06:16:29,217 [pool-367-thread-1] INFO  server.RaftServerConfigKeys (ConfUtils.java:logGet(46)) - raft.server.sleep.deviation.threshold = 300ms (default)
2023-04-21 06:16:29,218 [pool-367-thread-1] INFO  server.RaftServer$Division (ServerState.java:<init>(118)) - 307e815f-95b2-473e-9bb5-509f867b7773@group-88CA3FF216A4: ConfigurationManager, init=-1: peers:[307e815f-95b2-473e-9bb5-509f867b7773|rpc:10.1.0.35:37293|dataStream:10.1.0.35:42973|priority:1|startupRole:FOLLOWER]|listeners:[], old=null, confs=<EMPTY_MAP>
2023-04-21 06:16:29,218 [pool-367-thread-1] INFO  server.RaftServerConfigKeys (ConfUtils.java:logGet(46)) - raft.server.storage.dir = [/home/runner/work/ozone/ozone/hadoop-ozone/integration-test/target/test-dir/MiniOzoneClusterImpl-48be086b-510e-48a6-912b-c1dd212c4943/datanode-1/data/ratis] (custom)
2023-04-21 06:16:29,218 [pool-367-thread-1] INFO  server.RaftServerConfigKeys (ConfUtils.java:logGet(46)) - raft.server.log.corruption.policy = EXCEPTION (default)
2023-04-21 06:16:29,218 [pool-367-thread-1] INFO  server.RaftServerConfigKeys (ConfUtils.java:logGet(46)) - raft.server.storage.free-space.min = 0MB (=0) (default)
2023-04-21 06:16:29,218 [pool-367-thread-1] INFO  server.RaftServerConfigKeys (ConfUtils.java:logGet(46)) - raft.server.notification.no-leader.timeout = 300s (custom)
2023-04-21 06:16:29,218 [pool-367-thread-1] INFO  server.RaftServerConfigKeys (ConfUtils.java:logGet(46)) - raft.server.retrycache.expirytime = 600000ms (custom)
2023-04-21 06:16:29,218 [pool-367-thread-1] INFO  server.RaftServerConfigKeys (ConfUtils.java:logGet(46)) - raft.server.retrycache.statistics.expirytime = 100μs (default)
2023-04-21 06:16:29,219 [pool-367-thread-1] INFO  server.RaftServerConfigKeys (ConfUtils.java:logGet(46)) - raft.server.log.appender.install.snapshot.enabled = false (custom)
2023-04-21 06:16:29,219 [pool-367-thread-1] INFO  server.RaftServerConfigKeys (ConfUtils.java:logGet(46)) - raft.server.threadpool.server.cached = true (default)
2023-04-21 06:16:29,219 [pool-367-thread-1] INFO  server.RaftServerConfigKeys (ConfUtils.java:logGet(46)) - raft.server.threadpool.server.size = 0 (default)
2023-04-21 06:16:29,219 [pool-367-thread-1] INFO  server.RaftServerConfigKeys (ConfUtils.java:logGet(46)) - raft.server.threadpool.client.cached = true (default)
2023-04-21 06:16:29,219 [pool-367-thread-1] INFO  server.RaftServerConfigKeys (ConfUtils.java:logGet(46)) - raft.server.threadpool.client.size = 0 (default)
2023-04-21 06:16:29,219 [pool-367-thread-1] INFO  storage.RaftStorageDirectory (RaftStorageDirectoryImpl.java:analyzeStorage(137)) - The storage directory /home/runner/work/ozone/ozone/hadoop-ozone/integration-test/target/test-dir/MiniOzoneClusterImpl-48be086b-510e-48a6-912b-c1dd212c4943/datanode-1/data/ratis/bcb744dc-d727-4c93-9bd3-88ca3ff216a4 does not exist. Creating ...
2023-04-21 06:16:29,220 [pool-367-thread-1] INFO  storage.RaftStorageDirectory (RaftStorageDirectoryImpl.java:tryLock(231)) - Lock on /home/runner/work/ozone/ozone/hadoop-ozone/integration-test/target/test-dir/MiniOzoneClusterImpl-48be086b-510e-48a6-912b-c1dd212c4943/datanode-1/data/ratis/bcb744dc-d727-4c93-9bd3-88ca3ff216a4/in_use.lock acquired by nodename 2764@fv-az205-422
2023-04-21 06:16:29,222 [pool-367-thread-1] INFO  storage.RaftStorage (RaftStorageImpl.java:format(96)) - Storage directory /home/runner/work/ozone/ozone/hadoop-ozone/integration-test/target/test-dir/MiniOzoneClusterImpl-48be086b-510e-48a6-912b-c1dd212c4943/datanode-1/data/ratis/bcb744dc-d727-4c93-9bd3-88ca3ff216a4 has been successfully formatted.
2023-04-21 06:16:29,222 [pool-367-thread-1] INFO  ratis.ContainerStateMachine (ContainerStateMachine.java:loadSnapshot(262)) - group-88CA3FF216A4: The snapshot info is null. Setting the last applied indexto:(t:0, i:~)
2023-04-21 06:16:29,222 [pool-367-thread-1] INFO  server.RaftServerConfigKeys (ConfUtils.java:logGet(46)) - raft.server.log.use.memory = false (default)
2023-04-21 06:16:29,222 [pool-367-thread-1] INFO  server.RaftServerConfigKeys (ConfUtils.java:logGet(46)) - raft.server.log.purge.gap = 1000000 (custom)
2023-04-21 06:16:29,222 [pool-367-thread-1] INFO  server.RaftServerConfigKeys (ConfUtils.java:logGet(46)) - raft.server.log.appender.buffer.byte-limit = 33554432 (custom)
2023-04-21 06:16:29,222 [pool-367-thread-1] INFO  server.RaftServerConfigKeys (ConfUtils.java:logGet(46)) - raft.server.log.statemachine.data.read.timeout = 1000ms (default)
2023-04-21 06:16:29,223 [pool-367-thread-1] INFO  server.RaftServerConfigKeys (ConfUtils.java:logGet(46)) - raft.server.log.purge.preservation.log.num = 0 (default)
2023-04-21 06:16:29,223 [pool-367-thread-1] INFO  server.RaftServerConfigKeys (ConfUtils.java:logGet(46)) - raft.server.log.segment.size.max = 1048576 (custom)
2023-04-21 06:16:29,223 [EventQueue-PipelineReportForPipelineReportHandler] INFO  pipeline.PipelineManagerImpl (PipelineManagerImpl.java:openPipeline(367)) - Pipeline Pipeline[ Id: bcb744dc-d727-4c93-9bd3-88ca3ff216a4, Nodes: 307e815f-95b2-473e-9bb5-509f867b7773(fv-az205-422/10.1.0.35), ReplicationConfig: RATIS/ONE, State:ALLOCATED, leaderId:307e815f-95b2-473e-9bb5-509f867b7773, CreationTimestamp2023-04-21T06:16:26.218Z[Etc/UTC]] moved to OPEN state
2023-04-21 06:16:29,224 [pool-367-thread-1] INFO  server.RaftServerConfigKeys (ConfUtils.java:logGet(46)) - raft.server.log.segment.cache.num.max = 2 (custom)
2023-04-21 06:16:29,224 [pool-367-thread-1] INFO  server.RaftServerConfigKeys (ConfUtils.java:logGet(46)) - raft.server.log.segment.cache.size.max = 200MB (=209715200) (default)
2023-04-21 06:16:29,224 [EventQueue-OpenPipelineForHealthyPipelineSafeModeRule] INFO  safemode.SCMSafeModeManager (HealthyPipelineSafeModeRule.java:process(137)) - SCM in safe mode. Healthy pipelines reported count is 0, required healthy pipeline reported count is 1
2023-04-21 06:16:29,224 [pool-367-thread-1] INFO  segmented.SegmentedRaftLogWorker (SegmentedRaftLogWorker.java:<init>(189)) - new 307e815f-95b2-473e-9bb5-509f867b7773@group-88CA3FF216A4-SegmentedRaftLogWorker for RaftStorageImpl:Storage Directory /home/runner/work/ozone/ozone/hadoop-ozone/integration-test/target/test-dir/MiniOzoneClusterImpl-48be086b-510e-48a6-912b-c1dd212c4943/datanode-1/data/ratis/bcb744dc-d727-4c93-9bd3-88ca3ff216a4
2023-04-21 06:16:29,224 [pool-367-thread-1] INFO  server.RaftServerConfigKeys (ConfUtils.java:logGet(46)) - raft.server.log.queue.byte-limit = 4294967296 (custom)
2023-04-21 06:16:29,224 [pool-367-thread-1] INFO  server.RaftServerConfigKeys (ConfUtils.java:logGet(46)) - raft.server.log.queue.element-limit = 1024 (custom)
2023-04-21 06:16:29,224 [pool-367-thread-1] INFO  server.RaftServerConfigKeys (ConfUtils.java:logGet(46)) - raft.server.log.segment.size.max = 1048576 (custom)
2023-04-21 06:16:29,224 [pool-367-thread-1] INFO  server.RaftServerConfigKeys (ConfUtils.java:logGet(46)) - raft.server.log.preallocated.size = 16384 (custom)
2023-04-21 06:16:29,224 [pool-367-thread-1] INFO  server.RaftServerConfigKeys (ConfUtils.java:logGet(46)) - raft.server.log.force.sync.num = 128 (default)
2023-04-21 06:16:29,224 [pool-367-thread-1] INFO  server.RaftServerConfigKeys (ConfUtils.java:logGet(46)) - raft.server.log.statemachine.data.sync = true (default)
2023-04-21 06:16:29,224 [pool-367-thread-1] INFO  server.RaftServerConfigKeys (ConfUtils.java:logGet(46)) - raft.server.log.statemachine.data.sync.timeout = 10s (default)
2023-04-21 06:16:29,225 [pool-367-thread-1] INFO  server.RaftServerConfigKeys (ConfUtils.java:logGet(46)) - raft.server.log.statemachine.data.sync.timeout.retry = -1 (default)
2023-04-21 06:16:29,225 [pool-367-thread-1] INFO  server.RaftServerConfigKeys (ConfUtils.java:logGet(46)) - raft.server.log.write.buffer.size = 1048576 (custom)
2023-04-21 06:16:29,225 [pool-367-thread-1] INFO  server.RaftServerConfigKeys (ConfUtils.java:logGet(46)) - raft.server.log.appender.buffer.byte-limit = 33554432 (custom)
2023-04-21 06:16:29,241 [pool-367-thread-1] INFO  server.RaftServerConfigKeys (ConfUtils.java:logGet(46)) - raft.server.log.unsafe-flush.enabled = false (default)
2023-04-21 06:16:29,241 [pool-367-thread-1] INFO  server.RaftServerConfigKeys (ConfUtils.java:logGet(46)) - raft.server.log.async-flush.enabled = false (default)
2023-04-21 06:16:29,241 [pool-367-thread-1] INFO  server.RaftServerConfigKeys (ConfUtils.java:logGet(46)) - raft.server.log.statemachine.data.caching.enabled = true (custom)
2023-04-21 06:16:29,241 [pool-367-thread-1] INFO  segmented.SegmentedRaftLogWorker (SegmentedRaftLogWorker.java:lambda$new$0(135)) - 307e815f-95b2-473e-9bb5-509f867b7773@group-88CA3FF216A4-SegmentedRaftLogWorker: flushIndex: setUnconditionally 0 -> -1
2023-04-21 06:16:29,241 [pool-367-thread-1] INFO  segmented.SegmentedRaftLogWorker (SegmentedRaftLogWorker.java:lambda$new$0(135)) - 307e815f-95b2-473e-9bb5-509f867b7773@group-88CA3FF216A4-SegmentedRaftLogWorker: safeCacheEvictIndex: setUnconditionally 0 -> -1
2023-04-21 06:16:29,241 [pool-367-thread-1] INFO  server.RaftServer$Division (RaftServerImpl.java:start(334)) - 307e815f-95b2-473e-9bb5-509f867b7773@group-88CA3FF216A4: start as a follower, conf=-1: peers:[307e815f-95b2-473e-9bb5-509f867b7773|rpc:10.1.0.35:37293|dataStream:10.1.0.35:42973|priority:1|startupRole:FOLLOWER]|listeners:[], old=null
2023-04-21 06:16:29,242 [pool-367-thread-1] INFO  server.RaftServer$Division (RaftServerImpl.java:setRole(321)) - 307e815f-95b2-473e-9bb5-509f867b7773@group-88CA3FF216A4: changes role from      null to FOLLOWER at term 0 for startAsFollower
2023-04-21 06:16:29,242 [pool-367-thread-1] INFO  impl.RoleInfo (RoleInfo.java:updateAndGet(139)) - 307e815f-95b2-473e-9bb5-509f867b7773: start 307e815f-95b2-473e-9bb5-509f867b7773@group-88CA3FF216A4-FollowerState
2023-04-21 06:16:29,242 [pool-367-thread-1] INFO  util.JmxRegister (JmxRegister.java:tryRegister(44)) - Successfully registered JMX Bean with object name Ratis:service=RaftServer,group=group-88CA3FF216A4,id=307e815f-95b2-473e-9bb5-509f867b7773
2023-04-21 06:16:29,242 [pool-367-thread-1] INFO  server.RaftServerConfigKeys (ConfUtils.java:logGet(46)) - raft.server.snapshot.auto.trigger.enabled = true (custom)
2023-04-21 06:16:29,242 [pool-367-thread-1] INFO  server.RaftServerConfigKeys (ConfUtils.java:logGet(46)) - raft.server.snapshot.auto.trigger.threshold = 10000 (custom)
2023-04-21 06:16:29,242 [pool-367-thread-1] INFO  server.RaftServerConfigKeys (ConfUtils.java:logGet(46)) - raft.server.snapshot.retention.file.num = 5 (custom)
2023-04-21 06:16:29,242 [pool-367-thread-1] INFO  server.RaftServerConfigKeys (ConfUtils.java:logGet(46)) - raft.server.log.purge.upto.snapshot.index = false (default)
2023-04-21 06:16:29,243 [307e815f-95b2-473e-9bb5-509f867b7773@group-88CA3FF216A4-FollowerState] INFO  server.RaftServerConfigKeys (ConfUtils.java:logFallback(53)) - raft.server.rpc.first-election.timeout.min = 5s (fallback to raft.server.rpc.timeout.min)
2023-04-21 06:16:29,243 [307e815f-95b2-473e-9bb5-509f867b7773@group-88CA3FF216A4-FollowerState] INFO  server.RaftServerConfigKeys (ConfUtils.java:logFallback(53)) - raft.server.rpc.first-election.timeout.max = 5200ms (fallback to raft.server.rpc.timeout.max)
2023-04-21 06:16:29,249 [Command processor thread] INFO  ratis.XceiverServerRatis (XceiverServerRatis.java:addGroup(806)) - Created group PipelineID=bcb744dc-d727-4c93-9bd3-88ca3ff216a4
2023-04-21 06:16:29,249 [Command processor thread] INFO  commandhandler.CreatePipelineCommandHandler (CreatePipelineCommandHandler.java:handle(113)) - Created Pipeline RATIS ONE PipelineID=bcb744dc-d727-4c93-9bd3-88ca3ff216a4.
2023-04-21 06:16:29,539 [Command processor thread] INFO  server.RaftServer (RaftServerProxy.java:addNew(96)) - 8f9d2216-a166-4295-9524-f6ac7a5d11df: addNew group-3086453C39A6:[8f9d2216-a166-4295-9524-f6ac7a5d11df|rpc:10.1.0.35:45461|dataStream:10.1.0.35:33995|priority:1|startupRole:FOLLOWER] returns group-3086453C39A6:java.util.concurrent.CompletableFuture@1cf5c377[Not completed]
2023-04-21 06:16:29,540 [pool-389-thread-1] INFO  server.RaftServer$Division (RaftServerImpl.java:<init>(195)) - 8f9d2216-a166-4295-9524-f6ac7a5d11df: new RaftServerImpl for group-3086453C39A6:[8f9d2216-a166-4295-9524-f6ac7a5d11df|rpc:10.1.0.35:45461|dataStream:10.1.0.35:33995|priority:1|startupRole:FOLLOWER] with ContainerStateMachine:uninitialized
2023-04-21 06:16:29,541 [pool-389-thread-1] INFO  server.RaftServerConfigKeys (ConfUtils.java:logGet(46)) - raft.server.rpc.timeout.min = 5s (custom)
2023-04-21 06:16:29,541 [pool-389-thread-1] INFO  server.RaftServerConfigKeys (ConfUtils.java:logGet(46)) - raft.server.rpc.timeout.max = 5200ms (custom)
2023-04-21 06:16:29,541 [pool-389-thread-1] INFO  server.RaftServerConfigKeys (ConfUtils.java:logGet(46)) - raft.server.rpc.sleep.time = 25ms (default)
2023-04-21 06:16:29,541 [pool-389-thread-1] INFO  server.RaftServerConfigKeys (ConfUtils.java:logGet(46)) - raft.server.rpc.slowness.timeout = 300s (custom)
2023-04-21 06:16:29,541 [pool-389-thread-1] INFO  server.RaftServerConfigKeys (ConfUtils.java:logGet(46)) - raft.server.leaderelection.leader.step-down.wait-time = 10s (default)
2023-04-21 06:16:29,541 [pool-389-thread-1] INFO  server.RaftServerConfigKeys (ConfUtils.java:logGet(46)) - raft.server.sleep.deviation.threshold = 300ms (default)
2023-04-21 06:16:29,541 [pool-389-thread-1] INFO  server.RaftServer$Division (ServerState.java:<init>(118)) - 8f9d2216-a166-4295-9524-f6ac7a5d11df@group-3086453C39A6: ConfigurationManager, init=-1: peers:[8f9d2216-a166-4295-9524-f6ac7a5d11df|rpc:10.1.0.35:45461|dataStream:10.1.0.35:33995|priority:1|startupRole:FOLLOWER]|listeners:[], old=null, confs=<EMPTY_MAP>
2023-04-21 06:16:29,541 [pool-389-thread-1] INFO  server.RaftServerConfigKeys (ConfUtils.java:logGet(46)) - raft.server.storage.dir = [/home/runner/work/ozone/ozone/hadoop-ozone/integration-test/target/test-dir/MiniOzoneClusterImpl-48be086b-510e-48a6-912b-c1dd212c4943/datanode-2/data/ratis] (custom)
2023-04-21 06:16:29,541 [Listener at 127.0.0.1/32823] INFO  ozone.MiniOzoneClusterImpl (MiniOzoneClusterImpl.java:lambda$waitForClusterToBeReady$0(223)) - Nodes are ready. Got 3 of 3 DN Heartbeats.
2023-04-21 06:16:29,541 [pool-389-thread-1] INFO  server.RaftServerConfigKeys (ConfUtils.java:logGet(46)) - raft.server.log.corruption.policy = EXCEPTION (default)
2023-04-21 06:16:29,541 [pool-389-thread-1] INFO  server.RaftServerConfigKeys (ConfUtils.java:logGet(46)) - raft.server.storage.free-space.min = 0MB (=0) (default)
2023-04-21 06:16:29,541 [Listener at 127.0.0.1/32823] INFO  ozone.MiniOzoneClusterImpl (MiniOzoneClusterImpl.java:lambda$waitForClusterToBeReady$0(226)) - Waiting for cluster to exit safe mode
2023-04-21 06:16:29,541 [Listener at 127.0.0.1/32823] INFO  ozone.MiniOzoneClusterImpl (MiniOzoneClusterImpl.java:lambda$waitForClusterToBeReady$0(228)) - SCM became leader
2023-04-21 06:16:29,541 [pool-389-thread-1] INFO  server.RaftServerConfigKeys (ConfUtils.java:logGet(46)) - raft.server.notification.no-leader.timeout = 300s (custom)
2023-04-21 06:16:29,542 [pool-389-thread-1] INFO  server.RaftServerConfigKeys (ConfUtils.java:logGet(46)) - raft.server.retrycache.expirytime = 600000ms (custom)
2023-04-21 06:16:29,542 [pool-389-thread-1] INFO  server.RaftServerConfigKeys (ConfUtils.java:logGet(46)) - raft.server.retrycache.statistics.expirytime = 100μs (default)
2023-04-21 06:16:29,542 [pool-389-thread-1] INFO  server.RaftServerConfigKeys (ConfUtils.java:logGet(46)) - raft.server.log.appender.install.snapshot.enabled = false (custom)
2023-04-21 06:16:29,542 [pool-389-thread-1] INFO  server.RaftServerConfigKeys (ConfUtils.java:logGet(46)) - raft.server.threadpool.server.cached = true (default)
2023-04-21 06:16:29,542 [pool-389-thread-1] INFO  server.RaftServerConfigKeys (ConfUtils.java:logGet(46)) - raft.server.threadpool.server.size = 0 (default)
2023-04-21 06:16:29,542 [pool-389-thread-1] INFO  server.RaftServerConfigKeys (ConfUtils.java:logGet(46)) - raft.server.threadpool.client.cached = true (default)
2023-04-21 06:16:29,542 [pool-389-thread-1] INFO  server.RaftServerConfigKeys (ConfUtils.java:logGet(46)) - raft.server.threadpool.client.size = 0 (default)
2023-04-21 06:16:29,543 [pool-389-thread-1] INFO  storage.RaftStorageDirectory (RaftStorageDirectoryImpl.java:analyzeStorage(137)) - The storage directory /home/runner/work/ozone/ozone/hadoop-ozone/integration-test/target/test-dir/MiniOzoneClusterImpl-48be086b-510e-48a6-912b-c1dd212c4943/datanode-2/data/ratis/42471573-c697-4e35-a199-3086453c39a6 does not exist. Creating ...
2023-04-21 06:16:29,544 [pool-389-thread-1] INFO  storage.RaftStorageDirectory (RaftStorageDirectoryImpl.java:tryLock(231)) - Lock on /home/runner/work/ozone/ozone/hadoop-ozone/integration-test/target/test-dir/MiniOzoneClusterImpl-48be086b-510e-48a6-912b-c1dd212c4943/datanode-2/data/ratis/42471573-c697-4e35-a199-3086453c39a6/in_use.lock acquired by nodename 2764@fv-az205-422
2023-04-21 06:16:29,546 [pool-389-thread-1] INFO  storage.RaftStorage (RaftStorageImpl.java:format(96)) - Storage directory /home/runner/work/ozone/ozone/hadoop-ozone/integration-test/target/test-dir/MiniOzoneClusterImpl-48be086b-510e-48a6-912b-c1dd212c4943/datanode-2/data/ratis/42471573-c697-4e35-a199-3086453c39a6 has been successfully formatted.
2023-04-21 06:16:29,546 [pool-389-thread-1] INFO  ratis.ContainerStateMachine (ContainerStateMachine.java:loadSnapshot(262)) - group-3086453C39A6: The snapshot info is null. Setting the last applied indexto:(t:0, i:~)
2023-04-21 06:16:29,546 [pool-389-thread-1] INFO  server.RaftServerConfigKeys (ConfUtils.java:logGet(46)) - raft.server.log.use.memory = false (default)
2023-04-21 06:16:29,546 [pool-389-thread-1] INFO  server.RaftServerConfigKeys (ConfUtils.java:logGet(46)) - raft.server.log.purge.gap = 1000000 (custom)
2023-04-21 06:16:29,546 [pool-389-thread-1] INFO  server.RaftServerConfigKeys (ConfUtils.java:logGet(46)) - raft.server.log.appender.buffer.byte-limit = 33554432 (custom)
2023-04-21 06:16:29,546 [pool-389-thread-1] INFO  server.RaftServerConfigKeys (ConfUtils.java:logGet(46)) - raft.server.log.statemachine.data.read.timeout = 1000ms (default)
2023-04-21 06:16:29,546 [pool-389-thread-1] INFO  server.RaftServerConfigKeys (ConfUtils.java:logGet(46)) - raft.server.log.purge.preservation.log.num = 0 (default)
2023-04-21 06:16:29,547 [pool-389-thread-1] INFO  server.RaftServerConfigKeys (ConfUtils.java:logGet(46)) - raft.server.log.segment.size.max = 1048576 (custom)
2023-04-21 06:16:29,547 [pool-389-thread-1] INFO  server.RaftServerConfigKeys (ConfUtils.java:logGet(46)) - raft.server.log.segment.cache.num.max = 2 (custom)
2023-04-21 06:16:29,547 [pool-389-thread-1] INFO  server.RaftServerConfigKeys (ConfUtils.java:logGet(46)) - raft.server.log.segment.cache.size.max = 200MB (=209715200) (default)
2023-04-21 06:16:29,547 [pool-389-thread-1] INFO  segmented.SegmentedRaftLogWorker (SegmentedRaftLogWorker.java:<init>(189)) - new 8f9d2216-a166-4295-9524-f6ac7a5d11df@group-3086453C39A6-SegmentedRaftLogWorker for RaftStorageImpl:Storage Directory /home/runner/work/ozone/ozone/hadoop-ozone/integration-test/target/test-dir/MiniOzoneClusterImpl-48be086b-510e-48a6-912b-c1dd212c4943/datanode-2/data/ratis/42471573-c697-4e35-a199-3086453c39a6
2023-04-21 06:16:29,547 [pool-389-thread-1] INFO  server.RaftServerConfigKeys (ConfUtils.java:logGet(46)) - raft.server.log.queue.byte-limit = 4294967296 (custom)
2023-04-21 06:16:29,547 [pool-389-thread-1] INFO  server.RaftServerConfigKeys (ConfUtils.java:logGet(46)) - raft.server.log.queue.element-limit = 1024 (custom)
2023-04-21 06:16:29,547 [EventQueue-PipelineReportForPipelineReportHandler] INFO  pipeline.PipelineManagerImpl (PipelineManagerImpl.java:openPipeline(367)) - Pipeline Pipeline[ Id: 42471573-c697-4e35-a199-3086453c39a6, Nodes: 8f9d2216-a166-4295-9524-f6ac7a5d11df(fv-az205-422/10.1.0.35), ReplicationConfig: RATIS/ONE, State:ALLOCATED, leaderId:8f9d2216-a166-4295-9524-f6ac7a5d11df, CreationTimestamp2023-04-21T06:16:26.542Z[Etc/UTC]] moved to OPEN state
2023-04-21 06:16:29,548 [EventQueue-OpenPipelineForHealthyPipelineSafeModeRule] INFO  safemode.SCMSafeModeManager (HealthyPipelineSafeModeRule.java:process(137)) - SCM in safe mode. Healthy pipelines reported count is 0, required healthy pipeline reported count is 1
2023-04-21 06:16:29,548 [pool-389-thread-1] INFO  server.RaftServerConfigKeys (ConfUtils.java:logGet(46)) - raft.server.log.segment.size.max = 1048576 (custom)
2023-04-21 06:16:29,548 [pool-389-thread-1] INFO  server.RaftServerConfigKeys (ConfUtils.java:logGet(46)) - raft.server.log.preallocated.size = 16384 (custom)
2023-04-21 06:16:29,548 [pool-389-thread-1] INFO  server.RaftServerConfigKeys (ConfUtils.java:logGet(46)) - raft.server.log.force.sync.num = 128 (default)
2023-04-21 06:16:29,548 [pool-389-thread-1] INFO  server.RaftServerConfigKeys (ConfUtils.java:logGet(46)) - raft.server.log.statemachine.data.sync = true (default)
2023-04-21 06:16:29,548 [pool-389-thread-1] INFO  server.RaftServerConfigKeys (ConfUtils.java:logGet(46)) - raft.server.log.statemachine.data.sync.timeout = 10s (default)
2023-04-21 06:16:29,548 [pool-389-thread-1] INFO  server.RaftServerConfigKeys (ConfUtils.java:logGet(46)) - raft.server.log.statemachine.data.sync.timeout.retry = -1 (default)
2023-04-21 06:16:29,548 [pool-389-thread-1] INFO  server.RaftServerConfigKeys (ConfUtils.java:logGet(46)) - raft.server.log.write.buffer.size = 1048576 (custom)
2023-04-21 06:16:29,549 [pool-389-thread-1] INFO  server.RaftServerConfigKeys (ConfUtils.java:logGet(46)) - raft.server.log.appender.buffer.byte-limit = 33554432 (custom)
2023-04-21 06:16:29,566 [pool-389-thread-1] INFO  server.RaftServerConfigKeys (ConfUtils.java:logGet(46)) - raft.server.log.unsafe-flush.enabled = false (default)
2023-04-21 06:16:29,566 [pool-389-thread-1] INFO  server.RaftServerConfigKeys (ConfUtils.java:logGet(46)) - raft.server.log.async-flush.enabled = false (default)
2023-04-21 06:16:29,566 [pool-389-thread-1] INFO  server.RaftServerConfigKeys (ConfUtils.java:logGet(46)) - raft.server.log.statemachine.data.caching.enabled = true (custom)
2023-04-21 06:16:29,566 [pool-389-thread-1] INFO  segmented.SegmentedRaftLogWorker (SegmentedRaftLogWorker.java:lambda$new$0(135)) - 8f9d2216-a166-4295-9524-f6ac7a5d11df@group-3086453C39A6-SegmentedRaftLogWorker: flushIndex: setUnconditionally 0 -> -1
2023-04-21 06:16:29,566 [pool-389-thread-1] INFO  segmented.SegmentedRaftLogWorker (SegmentedRaftLogWorker.java:lambda$new$0(135)) - 8f9d2216-a166-4295-9524-f6ac7a5d11df@group-3086453C39A6-SegmentedRaftLogWorker: safeCacheEvictIndex: setUnconditionally 0 -> -1
2023-04-21 06:16:29,566 [pool-389-thread-1] INFO  server.RaftServer$Division (RaftServerImpl.java:start(334)) - 8f9d2216-a166-4295-9524-f6ac7a5d11df@group-3086453C39A6: start as a follower, conf=-1: peers:[8f9d2216-a166-4295-9524-f6ac7a5d11df|rpc:10.1.0.35:45461|dataStream:10.1.0.35:33995|priority:1|startupRole:FOLLOWER]|listeners:[], old=null
2023-04-21 06:16:29,567 [pool-389-thread-1] INFO  server.RaftServer$Division (RaftServerImpl.java:setRole(321)) - 8f9d2216-a166-4295-9524-f6ac7a5d11df@group-3086453C39A6: changes role from      null to FOLLOWER at term 0 for startAsFollower
2023-04-21 06:16:29,567 [pool-389-thread-1] INFO  impl.RoleInfo (RoleInfo.java:updateAndGet(139)) - 8f9d2216-a166-4295-9524-f6ac7a5d11df: start 8f9d2216-a166-4295-9524-f6ac7a5d11df@group-3086453C39A6-FollowerState
2023-04-21 06:16:29,567 [pool-389-thread-1] INFO  util.JmxRegister (JmxRegister.java:tryRegister(44)) - Successfully registered JMX Bean with object name Ratis:service=RaftServer,group=group-3086453C39A6,id=8f9d2216-a166-4295-9524-f6ac7a5d11df
2023-04-21 06:16:29,567 [pool-389-thread-1] INFO  server.RaftServerConfigKeys (ConfUtils.java:logGet(46)) - raft.server.snapshot.auto.trigger.enabled = true (custom)
2023-04-21 06:16:29,567 [pool-389-thread-1] INFO  server.RaftServerConfigKeys (ConfUtils.java:logGet(46)) - raft.server.snapshot.auto.trigger.threshold = 10000 (custom)
2023-04-21 06:16:29,567 [pool-389-thread-1] INFO  server.RaftServerConfigKeys (ConfUtils.java:logGet(46)) - raft.server.snapshot.retention.file.num = 5 (custom)
2023-04-21 06:16:29,567 [pool-389-thread-1] INFO  server.RaftServerConfigKeys (ConfUtils.java:logGet(46)) - raft.server.log.purge.upto.snapshot.index = false (default)
2023-04-21 06:16:29,568 [Command processor thread] INFO  ratis.XceiverServerRatis (XceiverServerRatis.java:addGroup(806)) - Created group PipelineID=42471573-c697-4e35-a199-3086453c39a6
2023-04-21 06:16:29,568 [8f9d2216-a166-4295-9524-f6ac7a5d11df@group-3086453C39A6-FollowerState] INFO  server.RaftServerConfigKeys (ConfUtils.java:logFallback(53)) - raft.server.rpc.first-election.timeout.min = 5s (fallback to raft.server.rpc.timeout.min)
2023-04-21 06:16:29,568 [Command processor thread] INFO  commandhandler.CreatePipelineCommandHandler (CreatePipelineCommandHandler.java:handle(113)) - Created Pipeline RATIS ONE PipelineID=42471573-c697-4e35-a199-3086453c39a6.
2023-04-21 06:16:29,568 [8f9d2216-a166-4295-9524-f6ac7a5d11df@group-3086453C39A6-FollowerState] INFO  server.RaftServerConfigKeys (ConfUtils.java:logFallback(53)) - raft.server.rpc.first-election.timeout.max = 5200ms (fallback to raft.server.rpc.timeout.max)
2023-04-21 06:16:30,542 [Listener at 127.0.0.1/32823] INFO  ozone.MiniOzoneClusterImpl (MiniOzoneClusterImpl.java:lambda$waitForClusterToBeReady$0(223)) - Nodes are ready. Got 3 of 3 DN Heartbeats.
2023-04-21 06:16:30,542 [Listener at 127.0.0.1/32823] INFO  ozone.MiniOzoneClusterImpl (MiniOzoneClusterImpl.java:lambda$waitForClusterToBeReady$0(226)) - Waiting for cluster to exit safe mode
2023-04-21 06:16:30,542 [Listener at 127.0.0.1/32823] INFO  ozone.MiniOzoneClusterImpl (MiniOzoneClusterImpl.java:lambda$waitForClusterToBeReady$0(228)) - SCM became leader
2023-04-21 06:16:31,130 [JvmPauseMonitor6] WARN  util.JvmPauseMonitor (JvmPauseMonitor.java:detectPause(126)) - JvmPauseMonitor-om1: Detected pause in JVM or host machine (eg GC): pause of approximately 164819360ns.
GC pool 'PS MarkSweep' had collection(s): count=1 time=202ms
GC pool 'PS Scavenge' had collection(s): count=1 time=215ms
2023-04-21 06:16:31,130 [JvmPauseMonitor7] WARN  util.JvmPauseMonitor (JvmPauseMonitor.java:detectPause(126)) - JvmPauseMonitor-4333bcaf-cc70-4ceb-8f29-2dbb294defd1: Detected pause in JVM or host machine (eg GC): pause of approximately 205987643ns.
GC pool 'PS MarkSweep' had collection(s): count=1 time=202ms
GC pool 'PS Scavenge' had collection(s): count=1 time=215ms
2023-04-21 06:16:31,131 [JvmPauseMonitor8] WARN  util.JvmPauseMonitor (JvmPauseMonitor.java:detectPause(126)) - JvmPauseMonitor-307e815f-95b2-473e-9bb5-509f867b7773: Detected pause in JVM or host machine (eg GC): pause of approximately 358126006ns.
GC pool 'PS MarkSweep' had collection(s): count=1 time=202ms
GC pool 'PS Scavenge' had collection(s): count=1 time=215ms
2023-04-21 06:16:31,542 [Listener at 127.0.0.1/32823] INFO  ozone.MiniOzoneClusterImpl (MiniOzoneClusterImpl.java:lambda$waitForClusterToBeReady$0(223)) - Nodes are ready. Got 3 of 3 DN Heartbeats.
2023-04-21 06:16:31,542 [Listener at 127.0.0.1/32823] INFO  ozone.MiniOzoneClusterImpl (MiniOzoneClusterImpl.java:lambda$waitForClusterToBeReady$0(226)) - Waiting for cluster to exit safe mode
2023-04-21 06:16:31,542 [Listener at 127.0.0.1/32823] INFO  ozone.MiniOzoneClusterImpl (MiniOzoneClusterImpl.java:lambda$waitForClusterToBeReady$0(228)) - SCM became leader
2023-04-21 06:16:32,542 [Listener at 127.0.0.1/32823] INFO  ozone.MiniOzoneClusterImpl (MiniOzoneClusterImpl.java:lambda$waitForClusterToBeReady$0(223)) - Nodes are ready. Got 3 of 3 DN Heartbeats.
2023-04-21 06:16:32,543 [Listener at 127.0.0.1/32823] INFO  ozone.MiniOzoneClusterImpl (MiniOzoneClusterImpl.java:lambda$waitForClusterToBeReady$0(226)) - Waiting for cluster to exit safe mode
2023-04-21 06:16:32,543 [Listener at 127.0.0.1/32823] INFO  ozone.MiniOzoneClusterImpl (MiniOzoneClusterImpl.java:lambda$waitForClusterToBeReady$0(228)) - SCM became leader
2023-04-21 06:16:33,543 [Listener at 127.0.0.1/32823] INFO  ozone.MiniOzoneClusterImpl (MiniOzoneClusterImpl.java:lambda$waitForClusterToBeReady$0(223)) - Nodes are ready. Got 3 of 3 DN Heartbeats.
2023-04-21 06:16:33,543 [Listener at 127.0.0.1/32823] INFO  ozone.MiniOzoneClusterImpl (MiniOzoneClusterImpl.java:lambda$waitForClusterToBeReady$0(226)) - Waiting for cluster to exit safe mode
2023-04-21 06:16:33,543 [Listener at 127.0.0.1/32823] INFO  ozone.MiniOzoneClusterImpl (MiniOzoneClusterImpl.java:lambda$waitForClusterToBeReady$0(228)) - SCM became leader
2023-04-21 06:16:33,996 [4333bcaf-cc70-4ceb-8f29-2dbb294defd1@group-8C428F4C7EBC-FollowerState] INFO  impl.FollowerState (FollowerState.java:run(143)) - 4333bcaf-cc70-4ceb-8f29-2dbb294defd1@group-8C428F4C7EBC-FollowerState: change to CANDIDATE, lastRpcElapsedTime:5078295224ns, electionTimeout:5076ms
2023-04-21 06:16:33,996 [4333bcaf-cc70-4ceb-8f29-2dbb294defd1@group-8C428F4C7EBC-FollowerState] INFO  impl.RoleInfo (RoleInfo.java:shutdownFollowerState(110)) - 4333bcaf-cc70-4ceb-8f29-2dbb294defd1: shutdown 4333bcaf-cc70-4ceb-8f29-2dbb294defd1@group-8C428F4C7EBC-FollowerState
2023-04-21 06:16:33,996 [4333bcaf-cc70-4ceb-8f29-2dbb294defd1@group-8C428F4C7EBC-FollowerState] INFO  server.RaftServer$Division (RaftServerImpl.java:setRole(321)) - 4333bcaf-cc70-4ceb-8f29-2dbb294defd1@group-8C428F4C7EBC: changes role from  FOLLOWER to CANDIDATE at term 0 for changeToCandidate
2023-04-21 06:16:33,997 [4333bcaf-cc70-4ceb-8f29-2dbb294defd1@group-8C428F4C7EBC-FollowerState] INFO  server.RaftServerConfigKeys (ConfUtils.java:logGet(46)) - raft.server.leaderelection.pre-vote = true (default)
2023-04-21 06:16:33,997 [4333bcaf-cc70-4ceb-8f29-2dbb294defd1@group-8C428F4C7EBC-FollowerState] INFO  impl.RoleInfo (RoleInfo.java:updateAndGet(139)) - 4333bcaf-cc70-4ceb-8f29-2dbb294defd1: start 4333bcaf-cc70-4ceb-8f29-2dbb294defd1@group-8C428F4C7EBC-LeaderElection11
2023-04-21 06:16:33,998 [4333bcaf-cc70-4ceb-8f29-2dbb294defd1@group-8C428F4C7EBC-LeaderElection11] INFO  impl.LeaderElection (LeaderElection.java:askForVotes(312)) - 4333bcaf-cc70-4ceb-8f29-2dbb294defd1@group-8C428F4C7EBC-LeaderElection11 PRE_VOTE round 0: submit vote requests at term 0 for -1: peers:[8f9d2216-a166-4295-9524-f6ac7a5d11df|rpc:10.1.0.35:45461|dataStream:10.1.0.35:33995|priority:1|startupRole:FOLLOWER, 307e815f-95b2-473e-9bb5-509f867b7773|rpc:10.1.0.35:37293|dataStream:10.1.0.35:42973|priority:0|startupRole:FOLLOWER, 4333bcaf-cc70-4ceb-8f29-2dbb294defd1|rpc:10.1.0.35:36539|dataStream:10.1.0.35:46449|priority:0|startupRole:FOLLOWER]|listeners:[], old=null
2023-04-21 06:16:33,999 [4333bcaf-cc70-4ceb-8f29-2dbb294defd1@group-8C428F4C7EBC-LeaderElection11] INFO  server.RaftServerConfigKeys (ConfUtils.java:logFallback(53)) - raft.server.rpc.first-election.timeout.min = 5s (fallback to raft.server.rpc.timeout.min)
2023-04-21 06:16:33,999 [4333bcaf-cc70-4ceb-8f29-2dbb294defd1@group-8C428F4C7EBC-LeaderElection11-1] INFO  server.GrpcServerProtocolClient (GrpcServerProtocolClient.java:<init>(63)) - Build channel for 8f9d2216-a166-4295-9524-f6ac7a5d11df
2023-04-21 06:16:33,999 [4333bcaf-cc70-4ceb-8f29-2dbb294defd1@group-8C428F4C7EBC-LeaderElection11] INFO  server.RaftServerConfigKeys (ConfUtils.java:logFallback(53)) - raft.server.rpc.first-election.timeout.max = 5200ms (fallback to raft.server.rpc.timeout.max)
2023-04-21 06:16:33,999 [4333bcaf-cc70-4ceb-8f29-2dbb294defd1@group-8C428F4C7EBC-LeaderElection11-2] INFO  server.GrpcServerProtocolClient (GrpcServerProtocolClient.java:<init>(63)) - Build channel for 307e815f-95b2-473e-9bb5-509f867b7773
2023-04-21 06:16:34,011 [grpc-default-executor-0] INFO  server.RaftServer$Division (RaftServerImpl.java:requestVote(1218)) - 307e815f-95b2-473e-9bb5-509f867b7773@group-8C428F4C7EBC: receive requestVote(PRE_VOTE, 4333bcaf-cc70-4ceb-8f29-2dbb294defd1, group-8C428F4C7EBC, 0, (t:0, i:0))
2023-04-21 06:16:34,011 [grpc-default-executor-0] INFO  impl.VoteContext (VoteContext.java:log(49)) - 307e815f-95b2-473e-9bb5-509f867b7773@group-8C428F4C7EBC-FOLLOWER: accept PRE_VOTE from 4333bcaf-cc70-4ceb-8f29-2dbb294defd1: our priority 0 <= candidate's priority 0
2023-04-21 06:16:34,011 [grpc-default-executor-0] INFO  server.RaftServer$Division (RaftServerImpl.java:requestVote(1251)) - 307e815f-95b2-473e-9bb5-509f867b7773@group-8C428F4C7EBC replies to PRE_VOTE vote request: 4333bcaf-cc70-4ceb-8f29-2dbb294defd1<-307e815f-95b2-473e-9bb5-509f867b7773#0:OK-t0. Peer's state: 307e815f-95b2-473e-9bb5-509f867b7773@group-8C428F4C7EBC:t0, leader=null, voted=, raftlog=Memoized:307e815f-95b2-473e-9bb5-509f867b7773@group-8C428F4C7EBC-SegmentedRaftLog:OPENED:c-1, conf=-1: peers:[8f9d2216-a166-4295-9524-f6ac7a5d11df|rpc:10.1.0.35:45461|dataStream:10.1.0.35:33995|priority:1|startupRole:FOLLOWER, 307e815f-95b2-473e-9bb5-509f867b7773|rpc:10.1.0.35:37293|dataStream:10.1.0.35:42973|priority:0|startupRole:FOLLOWER, 4333bcaf-cc70-4ceb-8f29-2dbb294defd1|rpc:10.1.0.35:36539|dataStream:10.1.0.35:46449|priority:0|startupRole:FOLLOWER]|listeners:[], old=null
2023-04-21 06:16:34,013 [4333bcaf-cc70-4ceb-8f29-2dbb294defd1@group-CDE1599EC7ED-FollowerState] INFO  impl.FollowerState (FollowerState.java:run(143)) - 4333bcaf-cc70-4ceb-8f29-2dbb294defd1@group-CDE1599EC7ED-FollowerState: change to CANDIDATE, lastRpcElapsedTime:5118930495ns, electionTimeout:5114ms
2023-04-21 06:16:34,013 [4333bcaf-cc70-4ceb-8f29-2dbb294defd1@group-CDE1599EC7ED-FollowerState] INFO  impl.RoleInfo (RoleInfo.java:shutdownFollowerState(110)) - 4333bcaf-cc70-4ceb-8f29-2dbb294defd1: shutdown 4333bcaf-cc70-4ceb-8f29-2dbb294defd1@group-CDE1599EC7ED-FollowerState
2023-04-21 06:16:34,013 [4333bcaf-cc70-4ceb-8f29-2dbb294defd1@group-CDE1599EC7ED-FollowerState] INFO  server.RaftServer$Division (RaftServerImpl.java:setRole(321)) - 4333bcaf-cc70-4ceb-8f29-2dbb294defd1@group-CDE1599EC7ED: changes role from  FOLLOWER to CANDIDATE at term 0 for changeToCandidate
2023-04-21 06:16:34,013 [4333bcaf-cc70-4ceb-8f29-2dbb294defd1@group-CDE1599EC7ED-FollowerState] INFO  server.RaftServerConfigKeys (ConfUtils.java:logGet(46)) - raft.server.leaderelection.pre-vote = true (default)
2023-04-21 06:16:34,014 [4333bcaf-cc70-4ceb-8f29-2dbb294defd1@group-CDE1599EC7ED-FollowerState] INFO  impl.RoleInfo (RoleInfo.java:updateAndGet(139)) - 4333bcaf-cc70-4ceb-8f29-2dbb294defd1: start 4333bcaf-cc70-4ceb-8f29-2dbb294defd1@group-CDE1599EC7ED-LeaderElection12
2023-04-21 06:16:34,019 [grpc-default-executor-1] INFO  server.RaftServer$Division (RaftServerImpl.java:requestVote(1218)) - 8f9d2216-a166-4295-9524-f6ac7a5d11df@group-8C428F4C7EBC: receive requestVote(PRE_VOTE, 4333bcaf-cc70-4ceb-8f29-2dbb294defd1, group-8C428F4C7EBC, 0, (t:0, i:0))
2023-04-21 06:16:34,020 [grpc-default-executor-1] INFO  impl.VoteContext (VoteContext.java:log(49)) - 8f9d2216-a166-4295-9524-f6ac7a5d11df@group-8C428F4C7EBC-FOLLOWER: reject PRE_VOTE from 4333bcaf-cc70-4ceb-8f29-2dbb294defd1: our priority 1 > candidate's priority 0
2023-04-21 06:16:34,021 [grpc-default-executor-1] INFO  server.RaftServer$Division (RaftServerImpl.java:requestVote(1251)) - 8f9d2216-a166-4295-9524-f6ac7a5d11df@group-8C428F4C7EBC replies to PRE_VOTE vote request: 4333bcaf-cc70-4ceb-8f29-2dbb294defd1<-8f9d2216-a166-4295-9524-f6ac7a5d11df#0:FAIL-t0. Peer's state: 8f9d2216-a166-4295-9524-f6ac7a5d11df@group-8C428F4C7EBC:t0, leader=null, voted=, raftlog=Memoized:8f9d2216-a166-4295-9524-f6ac7a5d11df@group-8C428F4C7EBC-SegmentedRaftLog:OPENED:c-1, conf=-1: peers:[8f9d2216-a166-4295-9524-f6ac7a5d11df|rpc:10.1.0.35:45461|dataStream:10.1.0.35:33995|priority:1|startupRole:FOLLOWER, 307e815f-95b2-473e-9bb5-509f867b7773|rpc:10.1.0.35:37293|dataStream:10.1.0.35:42973|priority:0|startupRole:FOLLOWER, 4333bcaf-cc70-4ceb-8f29-2dbb294defd1|rpc:10.1.0.35:36539|dataStream:10.1.0.35:46449|priority:0|startupRole:FOLLOWER]|listeners:[], old=null
2023-04-21 06:16:34,023 [4333bcaf-cc70-4ceb-8f29-2dbb294defd1@group-CDE1599EC7ED-LeaderElection12] INFO  impl.LeaderElection (LeaderElection.java:askForVotes(312)) - 4333bcaf-cc70-4ceb-8f29-2dbb294defd1@group-CDE1599EC7ED-LeaderElection12 PRE_VOTE round 0: submit vote requests at term 0 for -1: peers:[4333bcaf-cc70-4ceb-8f29-2dbb294defd1|rpc:10.1.0.35:36539|dataStream:10.1.0.35:46449|priority:1|startupRole:FOLLOWER]|listeners:[], old=null
2023-04-21 06:16:34,023 [4333bcaf-cc70-4ceb-8f29-2dbb294defd1@group-CDE1599EC7ED-LeaderElection12] INFO  impl.LeaderElection (LeaderElection.java:askForVotes(314)) - 4333bcaf-cc70-4ceb-8f29-2dbb294defd1@group-CDE1599EC7ED-LeaderElection12 PRE_VOTE round 0: result PASSED (term=0)
2023-04-21 06:16:34,024 [4333bcaf-cc70-4ceb-8f29-2dbb294defd1@group-8C428F4C7EBC-LeaderElection11] INFO  impl.LeaderElection (LeaderElection.java:logAndReturn(90)) - 4333bcaf-cc70-4ceb-8f29-2dbb294defd1@group-8C428F4C7EBC-LeaderElection11: PRE_VOTE REJECTED received 2 response(s) and 0 exception(s):
2023-04-21 06:16:34,024 [4333bcaf-cc70-4ceb-8f29-2dbb294defd1@group-8C428F4C7EBC-LeaderElection11] INFO  impl.LeaderElection (LeaderElection.java:logAndReturn(94)) -   Response 0: 4333bcaf-cc70-4ceb-8f29-2dbb294defd1<-8f9d2216-a166-4295-9524-f6ac7a5d11df#0:FAIL-t0
2023-04-21 06:16:34,024 [4333bcaf-cc70-4ceb-8f29-2dbb294defd1@group-8C428F4C7EBC-LeaderElection11] INFO  impl.LeaderElection (LeaderElection.java:logAndReturn(94)) -   Response 1: 4333bcaf-cc70-4ceb-8f29-2dbb294defd1<-307e815f-95b2-473e-9bb5-509f867b7773#0:OK-t0
2023-04-21 06:16:34,024 [4333bcaf-cc70-4ceb-8f29-2dbb294defd1@group-8C428F4C7EBC-LeaderElection11] INFO  impl.LeaderElection (LeaderElection.java:askForVotes(314)) - 4333bcaf-cc70-4ceb-8f29-2dbb294defd1@group-8C428F4C7EBC-LeaderElection11 PRE_VOTE round 0: result REJECTED
2023-04-21 06:16:34,024 [4333bcaf-cc70-4ceb-8f29-2dbb294defd1@group-8C428F4C7EBC-LeaderElection11] INFO  server.RaftServer$Division (RaftServerImpl.java:setRole(321)) - 4333bcaf-cc70-4ceb-8f29-2dbb294defd1@group-8C428F4C7EBC: changes role from CANDIDATE to FOLLOWER at term 0 for REJECTED
2023-04-21 06:16:34,024 [4333bcaf-cc70-4ceb-8f29-2dbb294defd1@group-8C428F4C7EBC-LeaderElection11] INFO  impl.RoleInfo (RoleInfo.java:shutdownLeaderElection(130)) - 4333bcaf-cc70-4ceb-8f29-2dbb294defd1: shutdown 4333bcaf-cc70-4ceb-8f29-2dbb294defd1@group-8C428F4C7EBC-LeaderElection11
2023-04-21 06:16:34,024 [4333bcaf-cc70-4ceb-8f29-2dbb294defd1@group-8C428F4C7EBC-LeaderElection11] INFO  impl.RoleInfo (RoleInfo.java:updateAndGet(139)) - 4333bcaf-cc70-4ceb-8f29-2dbb294defd1: start 4333bcaf-cc70-4ceb-8f29-2dbb294defd1@group-8C428F4C7EBC-FollowerState
2023-04-21 06:16:34,032 [4333bcaf-cc70-4ceb-8f29-2dbb294defd1@group-CDE1599EC7ED-LeaderElection12] INFO  impl.LeaderElection (LeaderElection.java:askForVotes(312)) - 4333bcaf-cc70-4ceb-8f29-2dbb294defd1@group-CDE1599EC7ED-LeaderElection12 ELECTION round 0: submit vote requests at term 1 for -1: peers:[4333bcaf-cc70-4ceb-8f29-2dbb294defd1|rpc:10.1.0.35:36539|dataStream:10.1.0.35:46449|priority:1|startupRole:FOLLOWER]|listeners:[], old=null
2023-04-21 06:16:34,032 [4333bcaf-cc70-4ceb-8f29-2dbb294defd1@group-CDE1599EC7ED-LeaderElection12] INFO  impl.LeaderElection (LeaderElection.java:askForVotes(314)) - 4333bcaf-cc70-4ceb-8f29-2dbb294defd1@group-CDE1599EC7ED-LeaderElection12 ELECTION round 0: result PASSED (term=1)
2023-04-21 06:16:34,032 [4333bcaf-cc70-4ceb-8f29-2dbb294defd1@group-CDE1599EC7ED-LeaderElection12] INFO  impl.RoleInfo (RoleInfo.java:shutdownLeaderElection(130)) - 4333bcaf-cc70-4ceb-8f29-2dbb294defd1: shutdown 4333bcaf-cc70-4ceb-8f29-2dbb294defd1@group-CDE1599EC7ED-LeaderElection12
2023-04-21 06:16:34,032 [4333bcaf-cc70-4ceb-8f29-2dbb294defd1@group-CDE1599EC7ED-LeaderElection12] INFO  server.RaftServer$Division (RaftServerImpl.java:setRole(321)) - 4333bcaf-cc70-4ceb-8f29-2dbb294defd1@group-CDE1599EC7ED: changes role from CANDIDATE to LEADER at term 1 for changeToLeader
2023-04-21 06:16:34,032 [4333bcaf-cc70-4ceb-8f29-2dbb294defd1@group-CDE1599EC7ED-LeaderElection12] INFO  ratis.XceiverServerRatis (XceiverServerRatis.java:handleLeaderChangedNotification(904)) - Leader change notification received for group: group-CDE1599EC7ED with new leaderId: 4333bcaf-cc70-4ceb-8f29-2dbb294defd1
2023-04-21 06:16:34,032 [4333bcaf-cc70-4ceb-8f29-2dbb294defd1@group-CDE1599EC7ED-LeaderElection12] INFO  server.RaftServer$Division (ServerState.java:setLeader(313)) - 4333bcaf-cc70-4ceb-8f29-2dbb294defd1@group-CDE1599EC7ED: change Leader from null to 4333bcaf-cc70-4ceb-8f29-2dbb294defd1 at term 1 for becomeLeader, leader elected after 5159ms
2023-04-21 06:16:34,032 [4333bcaf-cc70-4ceb-8f29-2dbb294defd1@group-CDE1599EC7ED-LeaderElection12] INFO  server.RaftServerConfigKeys (ConfUtils.java:logGet(46)) - raft.server.staging.catchup.gap = 1000 (default)
2023-04-21 06:16:34,032 [4333bcaf-cc70-4ceb-8f29-2dbb294defd1@group-CDE1599EC7ED-LeaderElection12] INFO  server.RaftServerConfigKeys (ConfUtils.java:logGet(46)) - raft.server.write.element-limit = 1024 (custom)
2023-04-21 06:16:34,033 [4333bcaf-cc70-4ceb-8f29-2dbb294defd1@group-CDE1599EC7ED-LeaderElection12] INFO  server.RaftServerConfigKeys (ConfUtils.java:logGet(46)) - raft.server.write.byte-limit = 1024 M (=1073741824) (custom)
2023-04-21 06:16:34,033 [EventQueue-OpenPipelineForHealthyPipelineSafeModeRule] INFO  safemode.SCMSafeModeManager (HealthyPipelineSafeModeRule.java:process(137)) - SCM in safe mode. Healthy pipelines reported count is 0, required healthy pipeline reported count is 1
2023-04-21 06:16:34,034 [4333bcaf-cc70-4ceb-8f29-2dbb294defd1@group-8C428F4C7EBC-FollowerState] INFO  server.RaftServerConfigKeys (ConfUtils.java:logFallback(53)) - raft.server.rpc.first-election.timeout.min = 5s (fallback to raft.server.rpc.timeout.min)
2023-04-21 06:16:34,034 [4333bcaf-cc70-4ceb-8f29-2dbb294defd1@group-8C428F4C7EBC-FollowerState] INFO  server.RaftServerConfigKeys (ConfUtils.java:logFallback(53)) - raft.server.rpc.first-election.timeout.max = 5200ms (fallback to raft.server.rpc.timeout.max)
2023-04-21 06:16:34,034 [4333bcaf-cc70-4ceb-8f29-2dbb294defd1@group-CDE1599EC7ED-LeaderElection12] INFO  server.RaftServerConfigKeys (ConfUtils.java:logGet(46)) - raft.server.watch.timeout = 180s (custom)
2023-04-21 06:16:34,034 [4333bcaf-cc70-4ceb-8f29-2dbb294defd1@group-CDE1599EC7ED-LeaderElection12] INFO  server.RaftServerConfigKeys (ConfUtils.java:logGet(46)) - raft.server.watch.timeout.denomination = 1s (default)
2023-04-21 06:16:34,034 [4333bcaf-cc70-4ceb-8f29-2dbb294defd1@group-CDE1599EC7ED-LeaderElection12] INFO  server.RaftServerConfigKeys (ConfUtils.java:logGet(46)) - raft.server.watch.element-limit = 65536 (default)
2023-04-21 06:16:34,034 [4333bcaf-cc70-4ceb-8f29-2dbb294defd1@group-CDE1599EC7ED-LeaderElection12] INFO  server.RaftServerConfigKeys (ConfUtils.java:logGet(46)) - raft.server.write.element-limit = 1024 (custom)
2023-04-21 06:16:34,034 [4333bcaf-cc70-4ceb-8f29-2dbb294defd1@group-CDE1599EC7ED-LeaderElection12] INFO  server.RaftServerConfigKeys (ConfUtils.java:logGet(46)) - raft.server.write.follower.gap.ratio.max = -1.0 (default)
2023-04-21 06:16:34,034 [4333bcaf-cc70-4ceb-8f29-2dbb294defd1@group-CDE1599EC7ED-LeaderElection12] INFO  impl.RoleInfo (RoleInfo.java:updateAndGet(139)) - 4333bcaf-cc70-4ceb-8f29-2dbb294defd1: start 4333bcaf-cc70-4ceb-8f29-2dbb294defd1@group-CDE1599EC7ED-LeaderStateImpl
2023-04-21 06:16:34,034 [4333bcaf-cc70-4ceb-8f29-2dbb294defd1@group-CDE1599EC7ED-LeaderElection12] INFO  segmented.SegmentedRaftLogWorker (SegmentedRaftLogWorker.java:startLogSegment(452)) - 4333bcaf-cc70-4ceb-8f29-2dbb294defd1@group-CDE1599EC7ED-SegmentedRaftLogWorker: Starting segment from index:0
2023-04-21 06:16:34,037 [4333bcaf-cc70-4ceb-8f29-2dbb294defd1@group-CDE1599EC7ED-LeaderElection12] INFO  server.RaftServer$Division (ServerState.java:setRaftConf(430)) - 4333bcaf-cc70-4ceb-8f29-2dbb294defd1@group-CDE1599EC7ED: set configuration 0: peers:[4333bcaf-cc70-4ceb-8f29-2dbb294defd1|rpc:10.1.0.35:36539|dataStream:10.1.0.35:46449|priority:1|startupRole:FOLLOWER]|listeners:[], old=null
2023-04-21 06:16:34,037 [4333bcaf-cc70-4ceb-8f29-2dbb294defd1@group-CDE1599EC7ED-SegmentedRaftLogWorker] INFO  segmented.SegmentedRaftLogWorker (SegmentedRaftLogWorker.java:execute(656)) - 4333bcaf-cc70-4ceb-8f29-2dbb294defd1@group-CDE1599EC7ED-SegmentedRaftLogWorker: created new log segment /home/runner/work/ozone/ozone/hadoop-ozone/integration-test/target/test-dir/MiniOzoneClusterImpl-48be086b-510e-48a6-912b-c1dd212c4943/datanode-0/data/ratis/976c059f-d090-4221-958f-cde1599ec7ed/current/log_inprogress_0
2023-04-21 06:16:34,085 [307e815f-95b2-473e-9bb5-509f867b7773@group-8C428F4C7EBC-FollowerState] INFO  server.RaftServerConfigKeys (ConfUtils.java:logFallback(53)) - raft.server.rpc.first-election.timeout.min = 5s (fallback to raft.server.rpc.timeout.min)
2023-04-21 06:16:34,085 [307e815f-95b2-473e-9bb5-509f867b7773@group-8C428F4C7EBC-FollowerState] INFO  server.RaftServerConfigKeys (ConfUtils.java:logFallback(53)) - raft.server.rpc.first-election.timeout.max = 5200ms (fallback to raft.server.rpc.timeout.max)
2023-04-21 06:16:34,088 [4333bcaf-cc70-4ceb-8f29-2dbb294defd1@group-E5AB5397A847-FollowerState] INFO  impl.FollowerState (FollowerState.java:run(143)) - 4333bcaf-cc70-4ceb-8f29-2dbb294defd1@group-E5AB5397A847-FollowerState: change to CANDIDATE, lastRpcElapsedTime:5074033233ns, electionTimeout:5069ms
2023-04-21 06:16:34,088 [4333bcaf-cc70-4ceb-8f29-2dbb294defd1@group-E5AB5397A847-FollowerState] INFO  impl.RoleInfo (RoleInfo.java:shutdownFollowerState(110)) - 4333bcaf-cc70-4ceb-8f29-2dbb294defd1: shutdown 4333bcaf-cc70-4ceb-8f29-2dbb294defd1@group-E5AB5397A847-FollowerState
2023-04-21 06:16:34,088 [4333bcaf-cc70-4ceb-8f29-2dbb294defd1@group-E5AB5397A847-FollowerState] INFO  server.RaftServer$Division (RaftServerImpl.java:setRole(321)) - 4333bcaf-cc70-4ceb-8f29-2dbb294defd1@group-E5AB5397A847: changes role from  FOLLOWER to CANDIDATE at term 0 for changeToCandidate
2023-04-21 06:16:34,088 [4333bcaf-cc70-4ceb-8f29-2dbb294defd1@group-E5AB5397A847-FollowerState] INFO  server.RaftServerConfigKeys (ConfUtils.java:logGet(46)) - raft.server.leaderelection.pre-vote = true (default)
2023-04-21 06:16:34,088 [4333bcaf-cc70-4ceb-8f29-2dbb294defd1@group-E5AB5397A847-FollowerState] INFO  impl.RoleInfo (RoleInfo.java:updateAndGet(139)) - 4333bcaf-cc70-4ceb-8f29-2dbb294defd1: start 4333bcaf-cc70-4ceb-8f29-2dbb294defd1@group-E5AB5397A847-LeaderElection13
2023-04-21 06:16:34,089 [4333bcaf-cc70-4ceb-8f29-2dbb294defd1@group-E5AB5397A847-LeaderElection13] INFO  impl.LeaderElection (LeaderElection.java:askForVotes(312)) - 4333bcaf-cc70-4ceb-8f29-2dbb294defd1@group-E5AB5397A847-LeaderElection13 PRE_VOTE round 0: submit vote requests at term 0 for -1: peers:[8f9d2216-a166-4295-9524-f6ac7a5d11df|rpc:10.1.0.35:45461|dataStream:10.1.0.35:33995|priority:0|startupRole:FOLLOWER, 307e815f-95b2-473e-9bb5-509f867b7773|rpc:10.1.0.35:37293|dataStream:10.1.0.35:42973|priority:0|startupRole:FOLLOWER, 4333bcaf-cc70-4ceb-8f29-2dbb294defd1|rpc:10.1.0.35:36539|dataStream:10.1.0.35:46449|priority:1|startupRole:FOLLOWER]|listeners:[], old=null
2023-04-21 06:16:34,090 [4333bcaf-cc70-4ceb-8f29-2dbb294defd1@group-E5AB5397A847-LeaderElection13] INFO  server.RaftServerConfigKeys (ConfUtils.java:logFallback(53)) - raft.server.rpc.first-election.timeout.min = 5s (fallback to raft.server.rpc.timeout.min)
2023-04-21 06:16:34,090 [4333bcaf-cc70-4ceb-8f29-2dbb294defd1@group-E5AB5397A847-LeaderElection13] INFO  server.RaftServerConfigKeys (ConfUtils.java:logFallback(53)) - raft.server.rpc.first-election.timeout.max = 5200ms (fallback to raft.server.rpc.timeout.max)
2023-04-21 06:16:34,095 [grpc-default-executor-1] INFO  server.RaftServer$Division (RaftServerImpl.java:requestVote(1218)) - 8f9d2216-a166-4295-9524-f6ac7a5d11df@group-E5AB5397A847: receive requestVote(PRE_VOTE, 4333bcaf-cc70-4ceb-8f29-2dbb294defd1, group-E5AB5397A847, 0, (t:0, i:0))
2023-04-21 06:16:34,095 [grpc-default-executor-1] INFO  impl.VoteContext (VoteContext.java:log(49)) - 8f9d2216-a166-4295-9524-f6ac7a5d11df@group-E5AB5397A847-FOLLOWER: accept PRE_VOTE from 4333bcaf-cc70-4ceb-8f29-2dbb294defd1: our priority 0 <= candidate's priority 1
2023-04-21 06:16:34,095 [grpc-default-executor-1] INFO  server.RaftServer$Division (RaftServerImpl.java:requestVote(1251)) - 8f9d2216-a166-4295-9524-f6ac7a5d11df@group-E5AB5397A847 replies to PRE_VOTE vote request: 4333bcaf-cc70-4ceb-8f29-2dbb294defd1<-8f9d2216-a166-4295-9524-f6ac7a5d11df#0:OK-t0. Peer's state: 8f9d2216-a166-4295-9524-f6ac7a5d11df@group-E5AB5397A847:t0, leader=null, voted=, raftlog=Memoized:8f9d2216-a166-4295-9524-f6ac7a5d11df@group-E5AB5397A847-SegmentedRaftLog:OPENED:c-1, conf=-1: peers:[8f9d2216-a166-4295-9524-f6ac7a5d11df|rpc:10.1.0.35:45461|dataStream:10.1.0.35:33995|priority:0|startupRole:FOLLOWER, 307e815f-95b2-473e-9bb5-509f867b7773|rpc:10.1.0.35:37293|dataStream:10.1.0.35:42973|priority:0|startupRole:FOLLOWER, 4333bcaf-cc70-4ceb-8f29-2dbb294defd1|rpc:10.1.0.35:36539|dataStream:10.1.0.35:46449|priority:1|startupRole:FOLLOWER]|listeners:[], old=null
2023-04-21 06:16:34,102 [grpc-default-executor-1] INFO  server.RaftServer$Division (RaftServerImpl.java:requestVote(1218)) - 307e815f-95b2-473e-9bb5-509f867b7773@group-E5AB5397A847: receive requestVote(PRE_VOTE, 4333bcaf-cc70-4ceb-8f29-2dbb294defd1, group-E5AB5397A847, 0, (t:0, i:0))
2023-04-21 06:16:34,102 [grpc-default-executor-1] INFO  impl.VoteContext (VoteContext.java:log(49)) - 307e815f-95b2-473e-9bb5-509f867b7773@group-E5AB5397A847-FOLLOWER: accept PRE_VOTE from 4333bcaf-cc70-4ceb-8f29-2dbb294defd1: our priority 0 <= candidate's priority 1
2023-04-21 06:16:34,102 [grpc-default-executor-1] INFO  server.RaftServer$Division (RaftServerImpl.java:requestVote(1251)) - 307e815f-95b2-473e-9bb5-509f867b7773@group-E5AB5397A847 replies to PRE_VOTE vote request: 4333bcaf-cc70-4ceb-8f29-2dbb294defd1<-307e815f-95b2-473e-9bb5-509f867b7773#0:OK-t0. Peer's state: 307e815f-95b2-473e-9bb5-509f867b7773@group-E5AB5397A847:t0, leader=null, voted=, raftlog=Memoized:307e815f-95b2-473e-9bb5-509f867b7773@group-E5AB5397A847-SegmentedRaftLog:OPENED:c-1, conf=-1: peers:[8f9d2216-a166-4295-9524-f6ac7a5d11df|rpc:10.1.0.35:45461|dataStream:10.1.0.35:33995|priority:0|startupRole:FOLLOWER, 307e815f-95b2-473e-9bb5-509f867b7773|rpc:10.1.0.35:37293|dataStream:10.1.0.35:42973|priority:0|startupRole:FOLLOWER, 4333bcaf-cc70-4ceb-8f29-2dbb294defd1|rpc:10.1.0.35:36539|dataStream:10.1.0.35:46449|priority:1|startupRole:FOLLOWER]|listeners:[], old=null
2023-04-21 06:16:34,103 [4333bcaf-cc70-4ceb-8f29-2dbb294defd1@group-E5AB5397A847-LeaderElection13] INFO  impl.LeaderElection (LeaderElection.java:logAndReturn(90)) - 4333bcaf-cc70-4ceb-8f29-2dbb294defd1@group-E5AB5397A847-LeaderElection13: PRE_VOTE PASSED received 1 response(s) and 0 exception(s):
2023-04-21 06:16:34,103 [4333bcaf-cc70-4ceb-8f29-2dbb294defd1@group-E5AB5397A847-LeaderElection13] INFO  impl.LeaderElection (LeaderElection.java:logAndReturn(94)) -   Response 0: 4333bcaf-cc70-4ceb-8f29-2dbb294defd1<-8f9d2216-a166-4295-9524-f6ac7a5d11df#0:OK-t0
2023-04-21 06:16:34,103 [4333bcaf-cc70-4ceb-8f29-2dbb294defd1@group-E5AB5397A847-LeaderElection13] INFO  impl.LeaderElection (LeaderElection.java:askForVotes(314)) - 4333bcaf-cc70-4ceb-8f29-2dbb294defd1@group-E5AB5397A847-LeaderElection13 PRE_VOTE round 0: result PASSED
2023-04-21 06:16:34,105 [4333bcaf-cc70-4ceb-8f29-2dbb294defd1@group-E5AB5397A847-LeaderElection13] INFO  impl.LeaderElection (LeaderElection.java:askForVotes(312)) - 4333bcaf-cc70-4ceb-8f29-2dbb294defd1@group-E5AB5397A847-LeaderElection13 ELECTION round 0: submit vote requests at term 1 for -1: peers:[8f9d2216-a166-4295-9524-f6ac7a5d11df|rpc:10.1.0.35:45461|dataStream:10.1.0.35:33995|priority:0|startupRole:FOLLOWER, 307e815f-95b2-473e-9bb5-509f867b7773|rpc:10.1.0.35:37293|dataStream:10.1.0.35:42973|priority:0|startupRole:FOLLOWER, 4333bcaf-cc70-4ceb-8f29-2dbb294defd1|rpc:10.1.0.35:36539|dataStream:10.1.0.35:46449|priority:1|startupRole:FOLLOWER]|listeners:[], old=null
2023-04-21 06:16:34,106 [4333bcaf-cc70-4ceb-8f29-2dbb294defd1@group-E5AB5397A847-LeaderElection13] INFO  server.RaftServerConfigKeys (ConfUtils.java:logFallback(53)) - raft.server.rpc.first-election.timeout.min = 5s (fallback to raft.server.rpc.timeout.min)
2023-04-21 06:16:34,107 [4333bcaf-cc70-4ceb-8f29-2dbb294defd1@group-E5AB5397A847-LeaderElection13] INFO  server.RaftServerConfigKeys (ConfUtils.java:logFallback(53)) - raft.server.rpc.first-election.timeout.max = 5200ms (fallback to raft.server.rpc.timeout.max)
2023-04-21 06:16:34,107 [grpc-default-executor-1] INFO  server.RaftServer$Division (RaftServerImpl.java:requestVote(1218)) - 8f9d2216-a166-4295-9524-f6ac7a5d11df@group-E5AB5397A847: receive requestVote(ELECTION, 4333bcaf-cc70-4ceb-8f29-2dbb294defd1, group-E5AB5397A847, 1, (t:0, i:0))
2023-04-21 06:16:34,107 [grpc-default-executor-1] INFO  impl.VoteContext (VoteContext.java:log(49)) - 8f9d2216-a166-4295-9524-f6ac7a5d11df@group-E5AB5397A847-FOLLOWER: accept ELECTION from 4333bcaf-cc70-4ceb-8f29-2dbb294defd1: our priority 0 <= candidate's priority 1
2023-04-21 06:16:34,107 [grpc-default-executor-1] INFO  server.RaftServer$Division (RaftServerImpl.java:setRole(321)) - 8f9d2216-a166-4295-9524-f6ac7a5d11df@group-E5AB5397A847: changes role from  FOLLOWER to FOLLOWER at term 1 for candidate:4333bcaf-cc70-4ceb-8f29-2dbb294defd1
2023-04-21 06:16:34,107 [grpc-default-executor-1] INFO  impl.RoleInfo (RoleInfo.java:shutdownFollowerState(110)) - 8f9d2216-a166-4295-9524-f6ac7a5d11df: shutdown 8f9d2216-a166-4295-9524-f6ac7a5d11df@group-E5AB5397A847-FollowerState
2023-04-21 06:16:34,107 [grpc-default-executor-1] INFO  impl.RoleInfo (RoleInfo.java:updateAndGet(139)) - 8f9d2216-a166-4295-9524-f6ac7a5d11df: start 8f9d2216-a166-4295-9524-f6ac7a5d11df@group-E5AB5397A847-FollowerState
2023-04-21 06:16:34,108 [8f9d2216-a166-4295-9524-f6ac7a5d11df@group-E5AB5397A847-FollowerState] INFO  impl.FollowerState (FollowerState.java:run(152)) - 8f9d2216-a166-4295-9524-f6ac7a5d11df@group-E5AB5397A847-FollowerState was interrupted
2023-04-21 06:16:34,108 [8f9d2216-a166-4295-9524-f6ac7a5d11df@group-E5AB5397A847-FollowerState] INFO  server.RaftServerConfigKeys (ConfUtils.java:logFallback(53)) - raft.server.rpc.first-election.timeout.min = 5s (fallback to raft.server.rpc.timeout.min)
2023-04-21 06:16:34,108 [8f9d2216-a166-4295-9524-f6ac7a5d11df@group-E5AB5397A847-FollowerState] INFO  server.RaftServerConfigKeys (ConfUtils.java:logFallback(53)) - raft.server.rpc.first-election.timeout.max = 5200ms (fallback to raft.server.rpc.timeout.max)
2023-04-21 06:16:34,109 [grpc-default-executor-0] INFO  server.RaftServer$Division (RaftServerImpl.java:requestVote(1218)) - 307e815f-95b2-473e-9bb5-509f867b7773@group-E5AB5397A847: receive requestVote(ELECTION, 4333bcaf-cc70-4ceb-8f29-2dbb294defd1, group-E5AB5397A847, 1, (t:0, i:0))
2023-04-21 06:16:34,110 [grpc-default-executor-1] INFO  server.RaftServer$Division (RaftServerImpl.java:requestVote(1251)) - 8f9d2216-a166-4295-9524-f6ac7a5d11df@group-E5AB5397A847 replies to ELECTION vote request: 4333bcaf-cc70-4ceb-8f29-2dbb294defd1<-8f9d2216-a166-4295-9524-f6ac7a5d11df#0:OK-t1. Peer's state: 8f9d2216-a166-4295-9524-f6ac7a5d11df@group-E5AB5397A847:t1, leader=null, voted=4333bcaf-cc70-4ceb-8f29-2dbb294defd1, raftlog=Memoized:8f9d2216-a166-4295-9524-f6ac7a5d11df@group-E5AB5397A847-SegmentedRaftLog:OPENED:c-1, conf=-1: peers:[8f9d2216-a166-4295-9524-f6ac7a5d11df|rpc:10.1.0.35:45461|dataStream:10.1.0.35:33995|priority:0|startupRole:FOLLOWER, 307e815f-95b2-473e-9bb5-509f867b7773|rpc:10.1.0.35:37293|dataStream:10.1.0.35:42973|priority:0|startupRole:FOLLOWER, 4333bcaf-cc70-4ceb-8f29-2dbb294defd1|rpc:10.1.0.35:36539|dataStream:10.1.0.35:46449|priority:1|startupRole:FOLLOWER]|listeners:[], old=null
2023-04-21 06:16:34,110 [grpc-default-executor-0] INFO  impl.VoteContext (VoteContext.java:log(49)) - 307e815f-95b2-473e-9bb5-509f867b7773@group-E5AB5397A847-FOLLOWER: accept ELECTION from 4333bcaf-cc70-4ceb-8f29-2dbb294defd1: our priority 0 <= candidate's priority 1
2023-04-21 06:16:34,110 [grpc-default-executor-0] INFO  server.RaftServer$Division (RaftServerImpl.java:setRole(321)) - 307e815f-95b2-473e-9bb5-509f867b7773@group-E5AB5397A847: changes role from  FOLLOWER to FOLLOWER at term 1 for candidate:4333bcaf-cc70-4ceb-8f29-2dbb294defd1
2023-04-21 06:16:34,110 [grpc-default-executor-0] INFO  impl.RoleInfo (RoleInfo.java:shutdownFollowerState(110)) - 307e815f-95b2-473e-9bb5-509f867b7773: shutdown 307e815f-95b2-473e-9bb5-509f867b7773@group-E5AB5397A847-FollowerState
2023-04-21 06:16:34,110 [grpc-default-executor-0] INFO  impl.RoleInfo (RoleInfo.java:updateAndGet(139)) - 307e815f-95b2-473e-9bb5-509f867b7773: start 307e815f-95b2-473e-9bb5-509f867b7773@group-E5AB5397A847-FollowerState
2023-04-21 06:16:34,110 [307e815f-95b2-473e-9bb5-509f867b7773@group-E5AB5397A847-FollowerState] INFO  impl.FollowerState (FollowerState.java:run(152)) - 307e815f-95b2-473e-9bb5-509f867b7773@group-E5AB5397A847-FollowerState was interrupted
2023-04-21 06:16:34,111 [307e815f-95b2-473e-9bb5-509f867b7773@group-E5AB5397A847-FollowerState] INFO  server.RaftServerConfigKeys (ConfUtils.java:logFallback(53)) - raft.server.rpc.first-election.timeout.min = 5s (fallback to raft.server.rpc.timeout.min)
2023-04-21 06:16:34,111 [307e815f-95b2-473e-9bb5-509f867b7773@group-E5AB5397A847-FollowerState] INFO  server.RaftServerConfigKeys (ConfUtils.java:logFallback(53)) - raft.server.rpc.first-election.timeout.max = 5200ms (fallback to raft.server.rpc.timeout.max)
2023-04-21 06:16:34,112 [4333bcaf-cc70-4ceb-8f29-2dbb294defd1@group-E5AB5397A847-LeaderElection13] INFO  impl.LeaderElection (LeaderElection.java:logAndReturn(90)) - 4333bcaf-cc70-4ceb-8f29-2dbb294defd1@group-E5AB5397A847-LeaderElection13: ELECTION PASSED received 1 response(s) and 0 exception(s):
2023-04-21 06:16:34,112 [4333bcaf-cc70-4ceb-8f29-2dbb294defd1@group-E5AB5397A847-LeaderElection13] INFO  impl.LeaderElection (LeaderElection.java:logAndReturn(94)) -   Response 0: 4333bcaf-cc70-4ceb-8f29-2dbb294defd1<-8f9d2216-a166-4295-9524-f6ac7a5d11df#0:OK-t1
2023-04-21 06:16:34,112 [4333bcaf-cc70-4ceb-8f29-2dbb294defd1@group-E5AB5397A847-LeaderElection13] INFO  impl.LeaderElection (LeaderElection.java:askForVotes(314)) - 4333bcaf-cc70-4ceb-8f29-2dbb294defd1@group-E5AB5397A847-LeaderElection13 ELECTION round 0: result PASSED
2023-04-21 06:16:34,112 [grpc-default-executor-0] INFO  server.RaftServer$Division (RaftServerImpl.java:requestVote(1251)) - 307e815f-95b2-473e-9bb5-509f867b7773@group-E5AB5397A847 replies to ELECTION vote request: 4333bcaf-cc70-4ceb-8f29-2dbb294defd1<-307e815f-95b2-473e-9bb5-509f867b7773#0:OK-t1. Peer's state: 307e815f-95b2-473e-9bb5-509f867b7773@group-E5AB5397A847:t1, leader=null, voted=4333bcaf-cc70-4ceb-8f29-2dbb294defd1, raftlog=Memoized:307e815f-95b2-473e-9bb5-509f867b7773@group-E5AB5397A847-SegmentedRaftLog:OPENED:c-1, conf=-1: peers:[8f9d2216-a166-4295-9524-f6ac7a5d11df|rpc:10.1.0.35:45461|dataStream:10.1.0.35:33995|priority:0|startupRole:FOLLOWER, 307e815f-95b2-473e-9bb5-509f867b7773|rpc:10.1.0.35:37293|dataStream:10.1.0.35:42973|priority:0|startupRole:FOLLOWER, 4333bcaf-cc70-4ceb-8f29-2dbb294defd1|rpc:10.1.0.35:36539|dataStream:10.1.0.35:46449|priority:1|startupRole:FOLLOWER]|listeners:[], old=null
2023-04-21 06:16:34,112 [4333bcaf-cc70-4ceb-8f29-2dbb294defd1@group-E5AB5397A847-LeaderElection13] INFO  impl.RoleInfo (RoleInfo.java:shutdownLeaderElection(130)) - 4333bcaf-cc70-4ceb-8f29-2dbb294defd1: shutdown 4333bcaf-cc70-4ceb-8f29-2dbb294defd1@group-E5AB5397A847-LeaderElection13
2023-04-21 06:16:34,112 [4333bcaf-cc70-4ceb-8f29-2dbb294defd1@group-E5AB5397A847-LeaderElection13] INFO  server.RaftServer$Division (RaftServerImpl.java:setRole(321)) - 4333bcaf-cc70-4ceb-8f29-2dbb294defd1@group-E5AB5397A847: changes role from CANDIDATE to LEADER at term 1 for changeToLeader
2023-04-21 06:16:34,112 [4333bcaf-cc70-4ceb-8f29-2dbb294defd1@group-E5AB5397A847-LeaderElection13] INFO  ratis.XceiverServerRatis (XceiverServerRatis.java:handleLeaderChangedNotification(904)) - Leader change notification received for group: group-E5AB5397A847 with new leaderId: 4333bcaf-cc70-4ceb-8f29-2dbb294defd1
2023-04-21 06:16:34,112 [4333bcaf-cc70-4ceb-8f29-2dbb294defd1@group-E5AB5397A847-LeaderElection13] INFO  server.RaftServer$Division (ServerState.java:setLeader(313)) - 4333bcaf-cc70-4ceb-8f29-2dbb294defd1@group-E5AB5397A847: change Leader from null to 4333bcaf-cc70-4ceb-8f29-2dbb294defd1 at term 1 for becomeLeader, leader elected after 5112ms
2023-04-21 06:16:34,112 [4333bcaf-cc70-4ceb-8f29-2dbb294defd1@group-E5AB5397A847-LeaderElection13] INFO  server.RaftServerConfigKeys (ConfUtils.java:logGet(46)) - raft.server.staging.catchup.gap = 1000 (default)
2023-04-21 06:16:34,112 [4333bcaf-cc70-4ceb-8f29-2dbb294defd1@group-E5AB5397A847-LeaderElection13] INFO  server.RaftServerConfigKeys (ConfUtils.java:logGet(46)) - raft.server.write.element-limit = 1024 (custom)
2023-04-21 06:16:34,113 [4333bcaf-cc70-4ceb-8f29-2dbb294defd1@group-E5AB5397A847-LeaderElection13] INFO  server.RaftServerConfigKeys (ConfUtils.java:logGet(46)) - raft.server.write.byte-limit = 1024 M (=1073741824) (custom)
2023-04-21 06:16:34,113 [4333bcaf-cc70-4ceb-8f29-2dbb294defd1@group-E5AB5397A847-LeaderElection13] INFO  server.RaftServerConfigKeys (ConfUtils.java:logGet(46)) - raft.server.watch.timeout = 180s (custom)
2023-04-21 06:16:34,113 [4333bcaf-cc70-4ceb-8f29-2dbb294defd1@group-E5AB5397A847-LeaderElection13] INFO  server.RaftServerConfigKeys (ConfUtils.java:logGet(46)) - raft.server.watch.timeout.denomination = 1s (default)
2023-04-21 06:16:34,113 [4333bcaf-cc70-4ceb-8f29-2dbb294defd1@group-E5AB5397A847-LeaderElection13] INFO  server.RaftServerConfigKeys (ConfUtils.java:logGet(46)) - raft.server.watch.element-limit = 65536 (default)
2023-04-21 06:16:34,114 [4333bcaf-cc70-4ceb-8f29-2dbb294defd1@group-E5AB5397A847-LeaderElection13] INFO  server.RaftServerConfigKeys (ConfUtils.java:logGet(46)) - raft.server.write.element-limit = 1024 (custom)
2023-04-21 06:16:34,114 [4333bcaf-cc70-4ceb-8f29-2dbb294defd1@group-E5AB5397A847-LeaderElection13] INFO  server.RaftServerConfigKeys (ConfUtils.java:logGet(46)) - raft.server.write.follower.gap.ratio.max = -1.0 (default)
2023-04-21 06:16:34,115 [4333bcaf-cc70-4ceb-8f29-2dbb294defd1@group-E5AB5397A847-LeaderElection13] INFO  server.RaftServerConfigKeys (ConfUtils.java:logGet(46)) - raft.server.log.appender.snapshot.chunk.size.max = 16MB (=16777216) (default)
2023-04-21 06:16:34,115 [4333bcaf-cc70-4ceb-8f29-2dbb294defd1@group-E5AB5397A847-LeaderElection13] INFO  server.RaftServerConfigKeys (ConfUtils.java:logGet(46)) - raft.server.log.appender.buffer.byte-limit = 33554432 (custom)
2023-04-21 06:16:34,115 [EventQueue-PipelineReportForPipelineReportHandler] INFO  pipeline.PipelineManagerImpl (PipelineManagerImpl.java:openPipeline(367)) - Pipeline Pipeline[ Id: 412b3507-d1fe-450e-83ad-e5ab5397a847, Nodes: 8f9d2216-a166-4295-9524-f6ac7a5d11df(fv-az205-422/10.1.0.35)4333bcaf-cc70-4ceb-8f29-2dbb294defd1(fv-az205-422/10.1.0.35)307e815f-95b2-473e-9bb5-509f867b7773(fv-az205-422/10.1.0.35), ReplicationConfig: RATIS/THREE, State:ALLOCATED, leaderId:4333bcaf-cc70-4ceb-8f29-2dbb294defd1, CreationTimestamp2023-04-21T06:16:26.544Z[Etc/UTC]] moved to OPEN state
2023-04-21 06:16:34,115 [4333bcaf-cc70-4ceb-8f29-2dbb294defd1@group-E5AB5397A847-LeaderElection13] INFO  server.RaftServerConfigKeys (ConfUtils.java:logGet(46)) - raft.server.log.appender.buffer.element-limit = 1 (custom)
2023-04-21 06:16:34,115 [4333bcaf-cc70-4ceb-8f29-2dbb294defd1@group-E5AB5397A847-LeaderElection13] INFO  grpc.GrpcConfigKeys (ConfUtils.java:logGet(46)) - raft.grpc.server.leader.outstanding.appends.max = 128 (default)
2023-04-21 06:16:34,115 [4333bcaf-cc70-4ceb-8f29-2dbb294defd1@group-E5AB5397A847-LeaderElection13] INFO  server.RaftServerConfigKeys (ConfUtils.java:logGet(46)) - raft.server.rpc.request.timeout = 60s (custom)
2023-04-21 06:16:34,115 [4333bcaf-cc70-4ceb-8f29-2dbb294defd1@group-E5AB5397A847-LeaderElection13] INFO  server.RaftServerConfigKeys (ConfUtils.java:logGet(46)) - raft.server.log.appender.install.snapshot.enabled = false (custom)
2023-04-21 06:16:34,115 [4333bcaf-cc70-4ceb-8f29-2dbb294defd1@group-E5AB5397A847-LeaderElection13] INFO  grpc.GrpcConfigKeys (ConfUtils.java:logGet(46)) - raft.grpc.server.heartbeat.channel = true (default)
2023-04-21 06:16:34,115 [4333bcaf-cc70-4ceb-8f29-2dbb294defd1@group-E5AB5397A847-LeaderElection13] INFO  server.RaftServerConfigKeys (ConfUtils.java:logGet(46)) - raft.server.log.appender.wait-time.min = 10ms (default)
2023-04-21 06:16:34,115 [EventQueue-OpenPipelineForHealthyPipelineSafeModeRule] INFO  safemode.SCMSafeModeManager (HealthyPipelineSafeModeRule.java:process(137)) - SCM in safe mode. Healthy pipelines reported count is 1, required healthy pipeline reported count is 1
2023-04-21 06:16:34,115 [EventQueue-OpenPipelineForHealthyPipelineSafeModeRule] INFO  safemode.SCMSafeModeManager (SCMSafeModeManager.java:validateSafeModeExitRules(200)) - HealthyPipelineSafeModeRule rule is successfully validated
2023-04-21 06:16:34,115 [EventQueue-OpenPipelineForHealthyPipelineSafeModeRule] INFO  safemode.SCMSafeModeManager (SCMSafeModeManager.java:validateSafeModeExitRules(215)) - ScmSafeModeManager, all rules are successfully validated
2023-04-21 06:16:34,115 [EventQueue-OpenPipelineForHealthyPipelineSafeModeRule] INFO  safemode.SCMSafeModeManager (SCMSafeModeManager.java:exitSafeMode(244)) - SCM exiting safe mode.
2023-04-21 06:16:34,115 [EventQueue-OpenPipelineForHealthyPipelineSafeModeRule] INFO  ha.SCMContext (SCMContext.java:updateSafeModeStatus(228)) - Update SafeModeStatus from SafeModeStatus{safeModeStatus=true, preCheckPassed=true} to SafeModeStatus{safeModeStatus=false, preCheckPassed=true}.
2023-04-21 06:16:34,115 [EventQueue-OpenPipelineForHealthyPipelineSafeModeRule] INFO  pipeline.BackgroundPipelineCreator (BackgroundPipelineCreator.java:notifyStatusChanged(254)) - Service BackgroundPipelineCreator transitions to RUNNING.
2023-04-21 06:16:34,116 [EventQueue-OpenPipelineForHealthyPipelineSafeModeRule] INFO  BackgroundPipelineScrubber (BackgroundSCMService.java:notifyStatusChanged(82)) - Service BackgroundPipelineScrubber transitions to RUNNING.
2023-04-21 06:16:34,116 [EventQueue-OpenPipelineForHealthyPipelineSafeModeRule] INFO  ExpiredContainerReplicaOpScrubber (BackgroundSCMService.java:notifyStatusChanged(82)) - Service ExpiredContainerReplicaOpScrubber transitions to RUNNING.
2023-04-21 06:16:34,116 [EventQueue-OpenPipelineForHealthyPipelineSafeModeRule] INFO  replication.ReplicationManager (ReplicationManager.java:notifyStatusChanged(1371)) - Service ReplicationManager transitions to RUNNING.
2023-04-21 06:16:34,116 [EventQueue-OpenPipelineForHealthyPipelineSafeModeRule] WARN  balancer.ContainerBalancer (ContainerBalancer.java:shouldRun(132)) - Could not find persisted configuration for ContainerBalancer when checking if ContainerBalancer should run. ContainerBalancer should not run now.
2023-04-21 06:16:34,116 [4333bcaf-cc70-4ceb-8f29-2dbb294defd1@group-E5AB5397A847-LeaderElection13] INFO  server.RaftServerConfigKeys (ConfUtils.java:logGet(46)) - raft.server.log.appender.snapshot.chunk.size.max = 16MB (=16777216) (default)
2023-04-21 06:16:34,116 [4333bcaf-cc70-4ceb-8f29-2dbb294defd1@group-E5AB5397A847-LeaderElection13] INFO  server.RaftServerConfigKeys (ConfUtils.java:logGet(46)) - raft.server.log.appender.buffer.byte-limit = 33554432 (custom)
2023-04-21 06:16:34,116 [4333bcaf-cc70-4ceb-8f29-2dbb294defd1@group-E5AB5397A847-LeaderElection13] INFO  server.RaftServerConfigKeys (ConfUtils.java:logGet(46)) - raft.server.log.appender.buffer.element-limit = 1 (custom)
2023-04-21 06:16:34,116 [4333bcaf-cc70-4ceb-8f29-2dbb294defd1@group-E5AB5397A847-LeaderElection13] INFO  grpc.GrpcConfigKeys (ConfUtils.java:logGet(46)) - raft.grpc.server.leader.outstanding.appends.max = 128 (default)
2023-04-21 06:16:34,116 [4333bcaf-cc70-4ceb-8f29-2dbb294defd1@group-E5AB5397A847-LeaderElection13] INFO  server.RaftServerConfigKeys (ConfUtils.java:logGet(46)) - raft.server.rpc.request.timeout = 60s (custom)
2023-04-21 06:16:34,116 [4333bcaf-cc70-4ceb-8f29-2dbb294defd1@group-E5AB5397A847-LeaderElection13] INFO  server.RaftServerConfigKeys (ConfUtils.java:logGet(46)) - raft.server.log.appender.install.snapshot.enabled = false (custom)
2023-04-21 06:16:34,116 [4333bcaf-cc70-4ceb-8f29-2dbb294defd1@group-E5AB5397A847-LeaderElection13] INFO  grpc.GrpcConfigKeys (ConfUtils.java:logGet(46)) - raft.grpc.server.heartbeat.channel = true (default)
2023-04-21 06:16:34,116 [4333bcaf-cc70-4ceb-8f29-2dbb294defd1@group-E5AB5397A847-LeaderElection13] INFO  server.RaftServerConfigKeys (ConfUtils.java:logGet(46)) - raft.server.log.appender.wait-time.min = 10ms (default)
2023-04-21 06:16:34,116 [4333bcaf-cc70-4ceb-8f29-2dbb294defd1@group-E5AB5397A847-LeaderElection13] INFO  impl.RoleInfo (RoleInfo.java:updateAndGet(139)) - 4333bcaf-cc70-4ceb-8f29-2dbb294defd1: start 4333bcaf-cc70-4ceb-8f29-2dbb294defd1@group-E5AB5397A847-LeaderStateImpl
2023-04-21 06:16:34,117 [4333bcaf-cc70-4ceb-8f29-2dbb294defd1@group-E5AB5397A847-LeaderElection13] INFO  segmented.SegmentedRaftLogWorker (SegmentedRaftLogWorker.java:startLogSegment(452)) - 4333bcaf-cc70-4ceb-8f29-2dbb294defd1@group-E5AB5397A847-SegmentedRaftLogWorker: Starting segment from index:0
2023-04-21 06:16:34,118 [4333bcaf-cc70-4ceb-8f29-2dbb294defd1@group-E5AB5397A847-SegmentedRaftLogWorker] INFO  segmented.SegmentedRaftLogWorker (SegmentedRaftLogWorker.java:execute(656)) - 4333bcaf-cc70-4ceb-8f29-2dbb294defd1@group-E5AB5397A847-SegmentedRaftLogWorker: created new log segment /home/runner/work/ozone/ozone/hadoop-ozone/integration-test/target/test-dir/MiniOzoneClusterImpl-48be086b-510e-48a6-912b-c1dd212c4943/datanode-0/data/ratis/412b3507-d1fe-450e-83ad-e5ab5397a847/current/log_inprogress_0
2023-04-21 06:16:34,125 [4333bcaf-cc70-4ceb-8f29-2dbb294defd1@group-E5AB5397A847-LeaderElection13] INFO  server.RaftServer$Division (ServerState.java:setRaftConf(430)) - 4333bcaf-cc70-4ceb-8f29-2dbb294defd1@group-E5AB5397A847: set configuration 0: peers:[8f9d2216-a166-4295-9524-f6ac7a5d11df|rpc:10.1.0.35:45461|dataStream:10.1.0.35:33995|priority:0|startupRole:FOLLOWER, 307e815f-95b2-473e-9bb5-509f867b7773|rpc:10.1.0.35:37293|dataStream:10.1.0.35:42973|priority:0|startupRole:FOLLOWER, 4333bcaf-cc70-4ceb-8f29-2dbb294defd1|rpc:10.1.0.35:36539|dataStream:10.1.0.35:46449|priority:1|startupRole:FOLLOWER]|listeners:[], old=null
2023-04-21 06:16:34,134 [307e815f-95b2-473e-9bb5-509f867b7773-server-thread1] INFO  ratis.XceiverServerRatis (XceiverServerRatis.java:handleLeaderChangedNotification(904)) - Leader change notification received for group: group-E5AB5397A847 with new leaderId: 4333bcaf-cc70-4ceb-8f29-2dbb294defd1
2023-04-21 06:16:34,134 [307e815f-95b2-473e-9bb5-509f867b7773-server-thread1] INFO  server.RaftServer$Division (ServerState.java:setLeader(313)) - 307e815f-95b2-473e-9bb5-509f867b7773@group-E5AB5397A847: change Leader from null to 4333bcaf-cc70-4ceb-8f29-2dbb294defd1 at term 1 for appendEntries, leader elected after 5066ms
2023-04-21 06:16:34,142 [307e815f-95b2-473e-9bb5-509f867b7773-server-thread2] INFO  server.RaftServer$Division (ServerState.java:setRaftConf(430)) - 307e815f-95b2-473e-9bb5-509f867b7773@group-E5AB5397A847: set configuration 0: peers:[8f9d2216-a166-4295-9524-f6ac7a5d11df|rpc:10.1.0.35:45461|dataStream:10.1.0.35:33995|priority:0|startupRole:FOLLOWER, 307e815f-95b2-473e-9bb5-509f867b7773|rpc:10.1.0.35:37293|dataStream:10.1.0.35:42973|priority:0|startupRole:FOLLOWER, 4333bcaf-cc70-4ceb-8f29-2dbb294defd1|rpc:10.1.0.35:36539|dataStream:10.1.0.35:46449|priority:1|startupRole:FOLLOWER]|listeners:[], old=null
2023-04-21 06:16:34,143 [307e815f-95b2-473e-9bb5-509f867b7773-server-thread2] INFO  segmented.SegmentedRaftLogWorker (SegmentedRaftLogWorker.java:startLogSegment(452)) - 307e815f-95b2-473e-9bb5-509f867b7773@group-E5AB5397A847-SegmentedRaftLogWorker: Starting segment from index:0
2023-04-21 06:16:34,146 [307e815f-95b2-473e-9bb5-509f867b7773@group-E5AB5397A847-SegmentedRaftLogWorker] INFO  segmented.SegmentedRaftLogWorker (SegmentedRaftLogWorker.java:execute(656)) - 307e815f-95b2-473e-9bb5-509f867b7773@group-E5AB5397A847-SegmentedRaftLogWorker: created new log segment /home/runner/work/ozone/ozone/hadoop-ozone/integration-test/target/test-dir/MiniOzoneClusterImpl-48be086b-510e-48a6-912b-c1dd212c4943/datanode-1/data/ratis/412b3507-d1fe-450e-83ad-e5ab5397a847/current/log_inprogress_0
2023-04-21 06:16:34,146 [8f9d2216-a166-4295-9524-f6ac7a5d11df@group-8C428F4C7EBC-FollowerState] INFO  impl.FollowerState (FollowerState.java:run(143)) - 8f9d2216-a166-4295-9524-f6ac7a5d11df@group-8C428F4C7EBC-FollowerState: change to CANDIDATE, lastRpcElapsedTime:5152769222ns, electionTimeout:5144ms
2023-04-21 06:16:34,146 [8f9d2216-a166-4295-9524-f6ac7a5d11df@group-8C428F4C7EBC-FollowerState] INFO  impl.RoleInfo (RoleInfo.java:shutdownFollowerState(110)) - 8f9d2216-a166-4295-9524-f6ac7a5d11df: shutdown 8f9d2216-a166-4295-9524-f6ac7a5d11df@group-8C428F4C7EBC-FollowerState
2023-04-21 06:16:34,146 [8f9d2216-a166-4295-9524-f6ac7a5d11df@group-8C428F4C7EBC-FollowerState] INFO  server.RaftServer$Division (RaftServerImpl.java:setRole(321)) - 8f9d2216-a166-4295-9524-f6ac7a5d11df@group-8C428F4C7EBC: changes role from  FOLLOWER to CANDIDATE at term 0 for changeToCandidate
2023-04-21 06:16:34,146 [8f9d2216-a166-4295-9524-f6ac7a5d11df@group-8C428F4C7EBC-FollowerState] INFO  server.RaftServerConfigKeys (ConfUtils.java:logGet(46)) - raft.server.leaderelection.pre-vote = true (default)
2023-04-21 06:16:34,146 [8f9d2216-a166-4295-9524-f6ac7a5d11df@group-8C428F4C7EBC-FollowerState] INFO  impl.RoleInfo (RoleInfo.java:updateAndGet(139)) - 8f9d2216-a166-4295-9524-f6ac7a5d11df: start 8f9d2216-a166-4295-9524-f6ac7a5d11df@group-8C428F4C7EBC-LeaderElection14
2023-04-21 06:16:34,147 [8f9d2216-a166-4295-9524-f6ac7a5d11df-server-thread1] INFO  ratis.XceiverServerRatis (XceiverServerRatis.java:handleLeaderChangedNotification(904)) - Leader change notification received for group: group-E5AB5397A847 with new leaderId: 4333bcaf-cc70-4ceb-8f29-2dbb294defd1
2023-04-21 06:16:34,147 [8f9d2216-a166-4295-9524-f6ac7a5d11df-server-thread1] INFO  server.RaftServer$Division (ServerState.java:setLeader(313)) - 8f9d2216-a166-4295-9524-f6ac7a5d11df@group-E5AB5397A847: change Leader from null to 4333bcaf-cc70-4ceb-8f29-2dbb294defd1 at term 1 for appendEntries, leader elected after 5113ms
2023-04-21 06:16:34,150 [8f9d2216-a166-4295-9524-f6ac7a5d11df@group-8C428F4C7EBC-LeaderElection14] INFO  impl.LeaderElection (LeaderElection.java:askForVotes(312)) - 8f9d2216-a166-4295-9524-f6ac7a5d11df@group-8C428F4C7EBC-LeaderElection14 PRE_VOTE round 0: submit vote requests at term 0 for -1: peers:[8f9d2216-a166-4295-9524-f6ac7a5d11df|rpc:10.1.0.35:45461|dataStream:10.1.0.35:33995|priority:1|startupRole:FOLLOWER, 307e815f-95b2-473e-9bb5-509f867b7773|rpc:10.1.0.35:37293|dataStream:10.1.0.35:42973|priority:0|startupRole:FOLLOWER, 4333bcaf-cc70-4ceb-8f29-2dbb294defd1|rpc:10.1.0.35:36539|dataStream:10.1.0.35:46449|priority:0|startupRole:FOLLOWER]|listeners:[], old=null
2023-04-21 06:16:34,151 [8f9d2216-a166-4295-9524-f6ac7a5d11df@group-8C428F4C7EBC-LeaderElection14-1] INFO  server.GrpcServerProtocolClient (GrpcServerProtocolClient.java:<init>(63)) - Build channel for 307e815f-95b2-473e-9bb5-509f867b7773
2023-04-21 06:16:34,151 [8f9d2216-a166-4295-9524-f6ac7a5d11df@group-8C428F4C7EBC-LeaderElection14] INFO  server.RaftServerConfigKeys (ConfUtils.java:logFallback(53)) - raft.server.rpc.first-election.timeout.min = 5s (fallback to raft.server.rpc.timeout.min)
2023-04-21 06:16:34,151 [8f9d2216-a166-4295-9524-f6ac7a5d11df@group-8C428F4C7EBC-LeaderElection14] INFO  server.RaftServerConfigKeys (ConfUtils.java:logFallback(53)) - raft.server.rpc.first-election.timeout.max = 5200ms (fallback to raft.server.rpc.timeout.max)
2023-04-21 06:16:34,151 [8f9d2216-a166-4295-9524-f6ac7a5d11df@group-8C428F4C7EBC-LeaderElection14-2] INFO  server.GrpcServerProtocolClient (GrpcServerProtocolClient.java:<init>(63)) - Build channel for 4333bcaf-cc70-4ceb-8f29-2dbb294defd1
2023-04-21 06:16:34,160 [8f9d2216-a166-4295-9524-f6ac7a5d11df-server-thread2] INFO  server.RaftServer$Division (ServerState.java:setRaftConf(430)) - 8f9d2216-a166-4295-9524-f6ac7a5d11df@group-E5AB5397A847: set configuration 0: peers:[8f9d2216-a166-4295-9524-f6ac7a5d11df|rpc:10.1.0.35:45461|dataStream:10.1.0.35:33995|priority:0|startupRole:FOLLOWER, 307e815f-95b2-473e-9bb5-509f867b7773|rpc:10.1.0.35:37293|dataStream:10.1.0.35:42973|priority:0|startupRole:FOLLOWER, 4333bcaf-cc70-4ceb-8f29-2dbb294defd1|rpc:10.1.0.35:36539|dataStream:10.1.0.35:46449|priority:1|startupRole:FOLLOWER]|listeners:[], old=null
2023-04-21 06:16:34,160 [8f9d2216-a166-4295-9524-f6ac7a5d11df-server-thread2] INFO  segmented.SegmentedRaftLogWorker (SegmentedRaftLogWorker.java:startLogSegment(452)) - 8f9d2216-a166-4295-9524-f6ac7a5d11df@group-E5AB5397A847-SegmentedRaftLogWorker: Starting segment from index:0
2023-04-21 06:16:34,161 [8f9d2216-a166-4295-9524-f6ac7a5d11df@group-E5AB5397A847-SegmentedRaftLogWorker] INFO  segmented.SegmentedRaftLogWorker (SegmentedRaftLogWorker.java:execute(656)) - 8f9d2216-a166-4295-9524-f6ac7a5d11df@group-E5AB5397A847-SegmentedRaftLogWorker: created new log segment /home/runner/work/ozone/ozone/hadoop-ozone/integration-test/target/test-dir/MiniOzoneClusterImpl-48be086b-510e-48a6-912b-c1dd212c4943/datanode-2/data/ratis/412b3507-d1fe-450e-83ad-e5ab5397a847/current/log_inprogress_0
2023-04-21 06:16:34,176 [grpc-default-executor-2] INFO  server.RaftServer$Division (RaftServerImpl.java:requestVote(1218)) - 307e815f-95b2-473e-9bb5-509f867b7773@group-8C428F4C7EBC: receive requestVote(PRE_VOTE, 8f9d2216-a166-4295-9524-f6ac7a5d11df, group-8C428F4C7EBC, 0, (t:0, i:0))
2023-04-21 06:16:34,176 [grpc-default-executor-2] INFO  impl.VoteContext (VoteContext.java:log(49)) - 307e815f-95b2-473e-9bb5-509f867b7773@group-8C428F4C7EBC-FOLLOWER: accept PRE_VOTE from 8f9d2216-a166-4295-9524-f6ac7a5d11df: our priority 0 <= candidate's priority 1
2023-04-21 06:16:34,176 [grpc-default-executor-2] INFO  server.RaftServer$Division (RaftServerImpl.java:requestVote(1251)) - 307e815f-95b2-473e-9bb5-509f867b7773@group-8C428F4C7EBC replies to PRE_VOTE vote request: 8f9d2216-a166-4295-9524-f6ac7a5d11df<-307e815f-95b2-473e-9bb5-509f867b7773#0:OK-t0. Peer's state: 307e815f-95b2-473e-9bb5-509f867b7773@group-8C428F4C7EBC:t0, leader=null, voted=, raftlog=Memoized:307e815f-95b2-473e-9bb5-509f867b7773@group-8C428F4C7EBC-SegmentedRaftLog:OPENED:c-1, conf=-1: peers:[8f9d2216-a166-4295-9524-f6ac7a5d11df|rpc:10.1.0.35:45461|dataStream:10.1.0.35:33995|priority:1|startupRole:FOLLOWER, 307e815f-95b2-473e-9bb5-509f867b7773|rpc:10.1.0.35:37293|dataStream:10.1.0.35:42973|priority:0|startupRole:FOLLOWER, 4333bcaf-cc70-4ceb-8f29-2dbb294defd1|rpc:10.1.0.35:36539|dataStream:10.1.0.35:46449|priority:0|startupRole:FOLLOWER]|listeners:[], old=null
2023-04-21 06:16:34,177 [8f9d2216-a166-4295-9524-f6ac7a5d11df@group-8C428F4C7EBC-LeaderElection14] INFO  impl.LeaderElection (LeaderElection.java:logAndReturn(90)) - 8f9d2216-a166-4295-9524-f6ac7a5d11df@group-8C428F4C7EBC-LeaderElection14: PRE_VOTE PASSED received 1 response(s) and 0 exception(s):
2023-04-21 06:16:34,177 [8f9d2216-a166-4295-9524-f6ac7a5d11df@group-8C428F4C7EBC-LeaderElection14] INFO  impl.LeaderElection (LeaderElection.java:logAndReturn(94)) -   Response 0: 8f9d2216-a166-4295-9524-f6ac7a5d11df<-307e815f-95b2-473e-9bb5-509f867b7773#0:OK-t0
2023-04-21 06:16:34,177 [8f9d2216-a166-4295-9524-f6ac7a5d11df@group-8C428F4C7EBC-LeaderElection14] INFO  impl.LeaderElection (LeaderElection.java:askForVotes(314)) - 8f9d2216-a166-4295-9524-f6ac7a5d11df@group-8C428F4C7EBC-LeaderElection14 PRE_VOTE round 0: result PASSED
2023-04-21 06:16:34,178 [grpc-default-executor-2] INFO  server.RaftServer$Division (RaftServerImpl.java:requestVote(1218)) - 4333bcaf-cc70-4ceb-8f29-2dbb294defd1@group-8C428F4C7EBC: receive requestVote(PRE_VOTE, 8f9d2216-a166-4295-9524-f6ac7a5d11df, group-8C428F4C7EBC, 0, (t:0, i:0))
2023-04-21 06:16:34,179 [8f9d2216-a166-4295-9524-f6ac7a5d11df@group-8C428F4C7EBC-LeaderElection14] INFO  impl.LeaderElection (LeaderElection.java:askForVotes(312)) - 8f9d2216-a166-4295-9524-f6ac7a5d11df@group-8C428F4C7EBC-LeaderElection14 ELECTION round 0: submit vote requests at term 1 for -1: peers:[8f9d2216-a166-4295-9524-f6ac7a5d11df|rpc:10.1.0.35:45461|dataStream:10.1.0.35:33995|priority:1|startupRole:FOLLOWER, 307e815f-95b2-473e-9bb5-509f867b7773|rpc:10.1.0.35:37293|dataStream:10.1.0.35:42973|priority:0|startupRole:FOLLOWER, 4333bcaf-cc70-4ceb-8f29-2dbb294defd1|rpc:10.1.0.35:36539|dataStream:10.1.0.35:46449|priority:0|startupRole:FOLLOWER]|listeners:[], old=null
2023-04-21 06:16:34,179 [grpc-default-executor-2] INFO  impl.VoteContext (VoteContext.java:log(49)) - 4333bcaf-cc70-4ceb-8f29-2dbb294defd1@group-8C428F4C7EBC-FOLLOWER: accept PRE_VOTE from 8f9d2216-a166-4295-9524-f6ac7a5d11df: our priority 0 <= candidate's priority 1
2023-04-21 06:16:34,179 [grpc-default-executor-2] INFO  server.RaftServer$Division (RaftServerImpl.java:requestVote(1251)) - 4333bcaf-cc70-4ceb-8f29-2dbb294defd1@group-8C428F4C7EBC replies to PRE_VOTE vote request: 8f9d2216-a166-4295-9524-f6ac7a5d11df<-4333bcaf-cc70-4ceb-8f29-2dbb294defd1#0:OK-t0. Peer's state: 4333bcaf-cc70-4ceb-8f29-2dbb294defd1@group-8C428F4C7EBC:t0, leader=null, voted=, raftlog=Memoized:4333bcaf-cc70-4ceb-8f29-2dbb294defd1@group-8C428F4C7EBC-SegmentedRaftLog:OPENED:c-1, conf=-1: peers:[8f9d2216-a166-4295-9524-f6ac7a5d11df|rpc:10.1.0.35:45461|dataStream:10.1.0.35:33995|priority:1|startupRole:FOLLOWER, 307e815f-95b2-473e-9bb5-509f867b7773|rpc:10.1.0.35:37293|dataStream:10.1.0.35:42973|priority:0|startupRole:FOLLOWER, 4333bcaf-cc70-4ceb-8f29-2dbb294defd1|rpc:10.1.0.35:36539|dataStream:10.1.0.35:46449|priority:0|startupRole:FOLLOWER]|listeners:[], old=null
2023-04-21 06:16:34,183 [8f9d2216-a166-4295-9524-f6ac7a5d11df@group-8C428F4C7EBC-LeaderElection14] INFO  server.RaftServerConfigKeys (ConfUtils.java:logFallback(53)) - raft.server.rpc.first-election.timeout.min = 5s (fallback to raft.server.rpc.timeout.min)
2023-04-21 06:16:34,183 [8f9d2216-a166-4295-9524-f6ac7a5d11df@group-8C428F4C7EBC-LeaderElection14] INFO  server.RaftServerConfigKeys (ConfUtils.java:logFallback(53)) - raft.server.rpc.first-election.timeout.max = 5200ms (fallback to raft.server.rpc.timeout.max)
2023-04-21 06:16:34,186 [grpc-default-executor-2] INFO  server.RaftServer$Division (RaftServerImpl.java:requestVote(1218)) - 4333bcaf-cc70-4ceb-8f29-2dbb294defd1@group-8C428F4C7EBC: receive requestVote(ELECTION, 8f9d2216-a166-4295-9524-f6ac7a5d11df, group-8C428F4C7EBC, 1, (t:0, i:0))
2023-04-21 06:16:34,186 [grpc-default-executor-2] INFO  impl.VoteContext (VoteContext.java:log(49)) - 4333bcaf-cc70-4ceb-8f29-2dbb294defd1@group-8C428F4C7EBC-FOLLOWER: accept ELECTION from 8f9d2216-a166-4295-9524-f6ac7a5d11df: our priority 0 <= candidate's priority 1
2023-04-21 06:16:34,186 [grpc-default-executor-2] INFO  server.RaftServer$Division (RaftServerImpl.java:setRole(321)) - 4333bcaf-cc70-4ceb-8f29-2dbb294defd1@group-8C428F4C7EBC: changes role from  FOLLOWER to FOLLOWER at term 1 for candidate:8f9d2216-a166-4295-9524-f6ac7a5d11df
2023-04-21 06:16:34,186 [grpc-default-executor-2] INFO  impl.RoleInfo (RoleInfo.java:shutdownFollowerState(110)) - 4333bcaf-cc70-4ceb-8f29-2dbb294defd1: shutdown 4333bcaf-cc70-4ceb-8f29-2dbb294defd1@group-8C428F4C7EBC-FollowerState
2023-04-21 06:16:34,186 [grpc-default-executor-2] INFO  impl.RoleInfo (RoleInfo.java:updateAndGet(139)) - 4333bcaf-cc70-4ceb-8f29-2dbb294defd1: start 4333bcaf-cc70-4ceb-8f29-2dbb294defd1@group-8C428F4C7EBC-FollowerState
2023-04-21 06:16:34,186 [4333bcaf-cc70-4ceb-8f29-2dbb294defd1@group-8C428F4C7EBC-FollowerState] INFO  impl.FollowerState (FollowerState.java:run(152)) - 4333bcaf-cc70-4ceb-8f29-2dbb294defd1@group-8C428F4C7EBC-FollowerState was interrupted
2023-04-21 06:16:34,190 [4333bcaf-cc70-4ceb-8f29-2dbb294defd1@group-8C428F4C7EBC-FollowerState] INFO  server.RaftServerConfigKeys (ConfUtils.java:logFallback(53)) - raft.server.rpc.first-election.timeout.min = 5s (fallback to raft.server.rpc.timeout.min)
2023-04-21 06:16:34,190 [4333bcaf-cc70-4ceb-8f29-2dbb294defd1@group-8C428F4C7EBC-FollowerState] INFO  server.RaftServerConfigKeys (ConfUtils.java:logFallback(53)) - raft.server.rpc.first-election.timeout.max = 5200ms (fallback to raft.server.rpc.timeout.max)
2023-04-21 06:16:34,190 [grpc-default-executor-2] INFO  server.RaftServer$Division (RaftServerImpl.java:requestVote(1251)) - 4333bcaf-cc70-4ceb-8f29-2dbb294defd1@group-8C428F4C7EBC replies to ELECTION vote request: 8f9d2216-a166-4295-9524-f6ac7a5d11df<-4333bcaf-cc70-4ceb-8f29-2dbb294defd1#0:OK-t1. Peer's state: 4333bcaf-cc70-4ceb-8f29-2dbb294defd1@group-8C428F4C7EBC:t1, leader=null, voted=8f9d2216-a166-4295-9524-f6ac7a5d11df, raftlog=Memoized:4333bcaf-cc70-4ceb-8f29-2dbb294defd1@group-8C428F4C7EBC-SegmentedRaftLog:OPENED:c-1, conf=-1: peers:[8f9d2216-a166-4295-9524-f6ac7a5d11df|rpc:10.1.0.35:45461|dataStream:10.1.0.35:33995|priority:1|startupRole:FOLLOWER, 307e815f-95b2-473e-9bb5-509f867b7773|rpc:10.1.0.35:37293|dataStream:10.1.0.35:42973|priority:0|startupRole:FOLLOWER, 4333bcaf-cc70-4ceb-8f29-2dbb294defd1|rpc:10.1.0.35:36539|dataStream:10.1.0.35:46449|priority:0|startupRole:FOLLOWER]|listeners:[], old=null
2023-04-21 06:16:34,191 [8f9d2216-a166-4295-9524-f6ac7a5d11df@group-8C428F4C7EBC-LeaderElection14] INFO  impl.LeaderElection (LeaderElection.java:logAndReturn(90)) - 8f9d2216-a166-4295-9524-f6ac7a5d11df@group-8C428F4C7EBC-LeaderElection14: ELECTION PASSED received 1 response(s) and 0 exception(s):
2023-04-21 06:16:34,191 [8f9d2216-a166-4295-9524-f6ac7a5d11df@group-8C428F4C7EBC-LeaderElection14] INFO  impl.LeaderElection (LeaderElection.java:logAndReturn(94)) -   Response 0: 8f9d2216-a166-4295-9524-f6ac7a5d11df<-4333bcaf-cc70-4ceb-8f29-2dbb294defd1#0:OK-t1
2023-04-21 06:16:34,191 [8f9d2216-a166-4295-9524-f6ac7a5d11df@group-8C428F4C7EBC-LeaderElection14] INFO  impl.LeaderElection (LeaderElection.java:askForVotes(314)) - 8f9d2216-a166-4295-9524-f6ac7a5d11df@group-8C428F4C7EBC-LeaderElection14 ELECTION round 0: result PASSED
2023-04-21 06:16:34,191 [8f9d2216-a166-4295-9524-f6ac7a5d11df@group-8C428F4C7EBC-LeaderElection14] INFO  impl.RoleInfo (RoleInfo.java:shutdownLeaderElection(130)) - 8f9d2216-a166-4295-9524-f6ac7a5d11df: shutdown 8f9d2216-a166-4295-9524-f6ac7a5d11df@group-8C428F4C7EBC-LeaderElection14
2023-04-21 06:16:34,191 [8f9d2216-a166-4295-9524-f6ac7a5d11df@group-8C428F4C7EBC-LeaderElection14] INFO  server.RaftServer$Division (RaftServerImpl.java:setRole(321)) - 8f9d2216-a166-4295-9524-f6ac7a5d11df@group-8C428F4C7EBC: changes role from CANDIDATE to LEADER at term 1 for changeToLeader
2023-04-21 06:16:34,191 [8f9d2216-a166-4295-9524-f6ac7a5d11df@group-8C428F4C7EBC-LeaderElection14] INFO  ratis.XceiverServerRatis (XceiverServerRatis.java:handleLeaderChangedNotification(904)) - Leader change notification received for group: group-8C428F4C7EBC with new leaderId: 8f9d2216-a166-4295-9524-f6ac7a5d11df
2023-04-21 06:16:34,191 [8f9d2216-a166-4295-9524-f6ac7a5d11df@group-8C428F4C7EBC-LeaderElection14] INFO  server.RaftServer$Division (ServerState.java:setLeader(313)) - 8f9d2216-a166-4295-9524-f6ac7a5d11df@group-8C428F4C7EBC: change Leader from null to 8f9d2216-a166-4295-9524-f6ac7a5d11df at term 1 for becomeLeader, leader elected after 5211ms
2023-04-21 06:16:34,192 [8f9d2216-a166-4295-9524-f6ac7a5d11df@group-8C428F4C7EBC-LeaderElection14] INFO  server.RaftServerConfigKeys (ConfUtils.java:logGet(46)) - raft.server.staging.catchup.gap = 1000 (default)
2023-04-21 06:16:34,192 [8f9d2216-a166-4295-9524-f6ac7a5d11df@group-8C428F4C7EBC-LeaderElection14] INFO  server.RaftServerConfigKeys (ConfUtils.java:logGet(46)) - raft.server.write.element-limit = 1024 (custom)
2023-04-21 06:16:34,192 [8f9d2216-a166-4295-9524-f6ac7a5d11df@group-8C428F4C7EBC-LeaderElection14] INFO  server.RaftServerConfigKeys (ConfUtils.java:logGet(46)) - raft.server.write.byte-limit = 1024 M (=1073741824) (custom)
2023-04-21 06:16:34,192 [8f9d2216-a166-4295-9524-f6ac7a5d11df@group-8C428F4C7EBC-LeaderElection14] INFO  server.RaftServerConfigKeys (ConfUtils.java:logGet(46)) - raft.server.watch.timeout = 180s (custom)
2023-04-21 06:16:34,192 [8f9d2216-a166-4295-9524-f6ac7a5d11df@group-8C428F4C7EBC-LeaderElection14] INFO  server.RaftServerConfigKeys (ConfUtils.java:logGet(46)) - raft.server.watch.timeout.denomination = 1s (default)
2023-04-21 06:16:34,192 [8f9d2216-a166-4295-9524-f6ac7a5d11df@group-8C428F4C7EBC-LeaderElection14] INFO  server.RaftServerConfigKeys (ConfUtils.java:logGet(46)) - raft.server.watch.element-limit = 65536 (default)
2023-04-21 06:16:34,192 [8f9d2216-a166-4295-9524-f6ac7a5d11df@group-8C428F4C7EBC-LeaderElection14] INFO  server.RaftServerConfigKeys (ConfUtils.java:logGet(46)) - raft.server.write.element-limit = 1024 (custom)
2023-04-21 06:16:34,192 [8f9d2216-a166-4295-9524-f6ac7a5d11df@group-8C428F4C7EBC-LeaderElection14] INFO  server.RaftServerConfigKeys (ConfUtils.java:logGet(46)) - raft.server.write.follower.gap.ratio.max = -1.0 (default)
2023-04-21 06:16:34,193 [8f9d2216-a166-4295-9524-f6ac7a5d11df@group-8C428F4C7EBC-LeaderElection14] INFO  server.RaftServerConfigKeys (ConfUtils.java:logGet(46)) - raft.server.log.appender.snapshot.chunk.size.max = 16MB (=16777216) (default)
2023-04-21 06:16:34,193 [8f9d2216-a166-4295-9524-f6ac7a5d11df@group-8C428F4C7EBC-LeaderElection14] INFO  server.RaftServerConfigKeys (ConfUtils.java:logGet(46)) - raft.server.log.appender.buffer.byte-limit = 33554432 (custom)
2023-04-21 06:16:34,193 [8f9d2216-a166-4295-9524-f6ac7a5d11df@group-8C428F4C7EBC-LeaderElection14] INFO  server.RaftServerConfigKeys (ConfUtils.java:logGet(46)) - raft.server.log.appender.buffer.element-limit = 1 (custom)
2023-04-21 06:16:34,193 [8f9d2216-a166-4295-9524-f6ac7a5d11df@group-8C428F4C7EBC-LeaderElection14] INFO  grpc.GrpcConfigKeys (ConfUtils.java:logGet(46)) - raft.grpc.server.leader.outstanding.appends.max = 128 (default)
2023-04-21 06:16:34,193 [8f9d2216-a166-4295-9524-f6ac7a5d11df@group-8C428F4C7EBC-LeaderElection14] INFO  server.RaftServerConfigKeys (ConfUtils.java:logGet(46)) - raft.server.rpc.request.timeout = 60s (custom)
2023-04-21 06:16:34,193 [8f9d2216-a166-4295-9524-f6ac7a5d11df@group-8C428F4C7EBC-LeaderElection14] INFO  server.RaftServerConfigKeys (ConfUtils.java:logGet(46)) - raft.server.log.appender.install.snapshot.enabled = false (custom)
2023-04-21 06:16:34,193 [8f9d2216-a166-4295-9524-f6ac7a5d11df@group-8C428F4C7EBC-LeaderElection14] INFO  grpc.GrpcConfigKeys (ConfUtils.java:logGet(46)) - raft.grpc.server.heartbeat.channel = true (default)
2023-04-21 06:16:34,193 [8f9d2216-a166-4295-9524-f6ac7a5d11df@group-8C428F4C7EBC-LeaderElection14] INFO  server.RaftServerConfigKeys (ConfUtils.java:logGet(46)) - raft.server.log.appender.wait-time.min = 10ms (default)
2023-04-21 06:16:34,193 [8f9d2216-a166-4295-9524-f6ac7a5d11df@group-8C428F4C7EBC-LeaderElection14] INFO  server.RaftServerConfigKeys (ConfUtils.java:logGet(46)) - raft.server.log.appender.snapshot.chunk.size.max = 16MB (=16777216) (default)
2023-04-21 06:16:34,194 [grpc-default-executor-2] INFO  server.RaftServer$Division (RaftServerImpl.java:requestVote(1218)) - 307e815f-95b2-473e-9bb5-509f867b7773@group-8C428F4C7EBC: receive requestVote(ELECTION, 8f9d2216-a166-4295-9524-f6ac7a5d11df, group-8C428F4C7EBC, 1, (t:0, i:0))
2023-04-21 06:16:34,194 [grpc-default-executor-2] INFO  impl.VoteContext (VoteContext.java:log(49)) - 307e815f-95b2-473e-9bb5-509f867b7773@group-8C428F4C7EBC-FOLLOWER: accept ELECTION from 8f9d2216-a166-4295-9524-f6ac7a5d11df: our priority 0 <= candidate's priority 1
2023-04-21 06:16:34,194 [grpc-default-executor-2] INFO  server.RaftServer$Division (RaftServerImpl.java:setRole(321)) - 307e815f-95b2-473e-9bb5-509f867b7773@group-8C428F4C7EBC: changes role from  FOLLOWER to FOLLOWER at term 1 for candidate:8f9d2216-a166-4295-9524-f6ac7a5d11df
2023-04-21 06:16:34,194 [grpc-default-executor-2] INFO  impl.RoleInfo (RoleInfo.java:shutdownFollowerState(110)) - 307e815f-95b2-473e-9bb5-509f867b7773: shutdown 307e815f-95b2-473e-9bb5-509f867b7773@group-8C428F4C7EBC-FollowerState
2023-04-21 06:16:34,194 [grpc-default-executor-2] INFO  impl.RoleInfo (RoleInfo.java:updateAndGet(139)) - 307e815f-95b2-473e-9bb5-509f867b7773: start 307e815f-95b2-473e-9bb5-509f867b7773@group-8C428F4C7EBC-FollowerState
2023-04-21 06:16:34,194 [307e815f-95b2-473e-9bb5-509f867b7773@group-8C428F4C7EBC-FollowerState] INFO  impl.FollowerState (FollowerState.java:run(152)) - 307e815f-95b2-473e-9bb5-509f867b7773@group-8C428F4C7EBC-FollowerState was interrupted
2023-04-21 06:16:34,194 [8f9d2216-a166-4295-9524-f6ac7a5d11df@group-8C428F4C7EBC-LeaderElection14] INFO  server.RaftServerConfigKeys (ConfUtils.java:logGet(46)) - raft.server.log.appender.buffer.byte-limit = 33554432 (custom)
2023-04-21 06:16:34,194 [8f9d2216-a166-4295-9524-f6ac7a5d11df@group-8C428F4C7EBC-LeaderElection14] INFO  server.RaftServerConfigKeys (ConfUtils.java:logGet(46)) - raft.server.log.appender.buffer.element-limit = 1 (custom)
2023-04-21 06:16:34,194 [EventQueue-PipelineReportForPipelineReportHandler] INFO  pipeline.PipelineManagerImpl (PipelineManagerImpl.java:openPipeline(367)) - Pipeline Pipeline[ Id: 4daebfed-bcc1-4f32-9499-8c428f4c7ebc, Nodes: 4333bcaf-cc70-4ceb-8f29-2dbb294defd1(fv-az205-422/10.1.0.35)307e815f-95b2-473e-9bb5-509f867b7773(fv-az205-422/10.1.0.35)8f9d2216-a166-4295-9524-f6ac7a5d11df(fv-az205-422/10.1.0.35), ReplicationConfig: RATIS/THREE, State:ALLOCATED, leaderId:8f9d2216-a166-4295-9524-f6ac7a5d11df, CreationTimestamp2023-04-21T06:16:26.543Z[Etc/UTC]] moved to OPEN state
2023-04-21 06:16:34,195 [307e815f-95b2-473e-9bb5-509f867b7773@group-8C428F4C7EBC-FollowerState] INFO  server.RaftServerConfigKeys (ConfUtils.java:logFallback(53)) - raft.server.rpc.first-election.timeout.min = 5s (fallback to raft.server.rpc.timeout.min)
2023-04-21 06:16:34,195 [307e815f-95b2-473e-9bb5-509f867b7773@group-8C428F4C7EBC-FollowerState] INFO  server.RaftServerConfigKeys (ConfUtils.java:logFallback(53)) - raft.server.rpc.first-election.timeout.max = 5200ms (fallback to raft.server.rpc.timeout.max)
2023-04-21 06:16:34,195 [8f9d2216-a166-4295-9524-f6ac7a5d11df@group-8C428F4C7EBC-LeaderElection14] INFO  grpc.GrpcConfigKeys (ConfUtils.java:logGet(46)) - raft.grpc.server.leader.outstanding.appends.max = 128 (default)
2023-04-21 06:16:34,196 [8f9d2216-a166-4295-9524-f6ac7a5d11df@group-8C428F4C7EBC-LeaderElection14] INFO  server.RaftServerConfigKeys (ConfUtils.java:logGet(46)) - raft.server.rpc.request.timeout = 60s (custom)
2023-04-21 06:16:34,196 [8f9d2216-a166-4295-9524-f6ac7a5d11df@group-8C428F4C7EBC-LeaderElection14] INFO  server.RaftServerConfigKeys (ConfUtils.java:logGet(46)) - raft.server.log.appender.install.snapshot.enabled = false (custom)
2023-04-21 06:16:34,196 [8f9d2216-a166-4295-9524-f6ac7a5d11df@group-8C428F4C7EBC-LeaderElection14] INFO  grpc.GrpcConfigKeys (ConfUtils.java:logGet(46)) - raft.grpc.server.heartbeat.channel = true (default)
2023-04-21 06:16:34,196 [8f9d2216-a166-4295-9524-f6ac7a5d11df@group-8C428F4C7EBC-LeaderElection14] INFO  server.RaftServerConfigKeys (ConfUtils.java:logGet(46)) - raft.server.log.appender.wait-time.min = 10ms (default)
2023-04-21 06:16:34,196 [8f9d2216-a166-4295-9524-f6ac7a5d11df@group-8C428F4C7EBC-LeaderElection14] INFO  impl.RoleInfo (RoleInfo.java:updateAndGet(139)) - 8f9d2216-a166-4295-9524-f6ac7a5d11df: start 8f9d2216-a166-4295-9524-f6ac7a5d11df@group-8C428F4C7EBC-LeaderStateImpl
2023-04-21 06:16:34,196 [8f9d2216-a166-4295-9524-f6ac7a5d11df@group-8C428F4C7EBC-LeaderElection14] INFO  segmented.SegmentedRaftLogWorker (SegmentedRaftLogWorker.java:startLogSegment(452)) - 8f9d2216-a166-4295-9524-f6ac7a5d11df@group-8C428F4C7EBC-SegmentedRaftLogWorker: Starting segment from index:0
2023-04-21 06:16:34,196 [grpc-default-executor-2] INFO  server.RaftServer$Division (RaftServerImpl.java:requestVote(1251)) - 307e815f-95b2-473e-9bb5-509f867b7773@group-8C428F4C7EBC replies to ELECTION vote request: 8f9d2216-a166-4295-9524-f6ac7a5d11df<-307e815f-95b2-473e-9bb5-509f867b7773#0:OK-t1. Peer's state: 307e815f-95b2-473e-9bb5-509f867b7773@group-8C428F4C7EBC:t1, leader=null, voted=8f9d2216-a166-4295-9524-f6ac7a5d11df, raftlog=Memoized:307e815f-95b2-473e-9bb5-509f867b7773@group-8C428F4C7EBC-SegmentedRaftLog:OPENED:c-1, conf=-1: peers:[8f9d2216-a166-4295-9524-f6ac7a5d11df|rpc:10.1.0.35:45461|dataStream:10.1.0.35:33995|priority:1|startupRole:FOLLOWER, 307e815f-95b2-473e-9bb5-509f867b7773|rpc:10.1.0.35:37293|dataStream:10.1.0.35:42973|priority:0|startupRole:FOLLOWER, 4333bcaf-cc70-4ceb-8f29-2dbb294defd1|rpc:10.1.0.35:36539|dataStream:10.1.0.35:46449|priority:0|startupRole:FOLLOWER]|listeners:[], old=null
2023-04-21 06:16:34,197 [8f9d2216-a166-4295-9524-f6ac7a5d11df@group-8C428F4C7EBC-SegmentedRaftLogWorker] INFO  segmented.SegmentedRaftLogWorker (SegmentedRaftLogWorker.java:execute(656)) - 8f9d2216-a166-4295-9524-f6ac7a5d11df@group-8C428F4C7EBC-SegmentedRaftLogWorker: created new log segment /home/runner/work/ozone/ozone/hadoop-ozone/integration-test/target/test-dir/MiniOzoneClusterImpl-48be086b-510e-48a6-912b-c1dd212c4943/datanode-2/data/ratis/4daebfed-bcc1-4f32-9499-8c428f4c7ebc/current/log_inprogress_0
2023-04-21 06:16:34,212 [307e815f-95b2-473e-9bb5-509f867b7773-server-thread1] INFO  ratis.XceiverServerRatis (XceiverServerRatis.java:handleLeaderChangedNotification(904)) - Leader change notification received for group: group-8C428F4C7EBC with new leaderId: 8f9d2216-a166-4295-9524-f6ac7a5d11df
2023-04-21 06:16:34,212 [307e815f-95b2-473e-9bb5-509f867b7773-server-thread1] INFO  server.RaftServer$Division (ServerState.java:setLeader(313)) - 307e815f-95b2-473e-9bb5-509f867b7773@group-8C428F4C7EBC: change Leader from null to 8f9d2216-a166-4295-9524-f6ac7a5d11df at term 1 for appendEntries, leader elected after 5271ms
2023-04-21 06:16:34,212 [4333bcaf-cc70-4ceb-8f29-2dbb294defd1-server-thread1] INFO  ratis.XceiverServerRatis (XceiverServerRatis.java:handleLeaderChangedNotification(904)) - Leader change notification received for group: group-8C428F4C7EBC with new leaderId: 8f9d2216-a166-4295-9524-f6ac7a5d11df
2023-04-21 06:16:34,212 [4333bcaf-cc70-4ceb-8f29-2dbb294defd1-server-thread1] INFO  server.RaftServer$Division (ServerState.java:setLeader(313)) - 4333bcaf-cc70-4ceb-8f29-2dbb294defd1@group-8C428F4C7EBC: change Leader from null to 8f9d2216-a166-4295-9524-f6ac7a5d11df at term 1 for appendEntries, leader elected after 5311ms
2023-04-21 06:16:34,215 [8f9d2216-a166-4295-9524-f6ac7a5d11df@group-8C428F4C7EBC-LeaderElection14] INFO  server.RaftServer$Division (ServerState.java:setRaftConf(430)) - 8f9d2216-a166-4295-9524-f6ac7a5d11df@group-8C428F4C7EBC: set configuration 0: peers:[8f9d2216-a166-4295-9524-f6ac7a5d11df|rpc:10.1.0.35:45461|dataStream:10.1.0.35:33995|priority:1|startupRole:FOLLOWER, 307e815f-95b2-473e-9bb5-509f867b7773|rpc:10.1.0.35:37293|dataStream:10.1.0.35:42973|priority:0|startupRole:FOLLOWER, 4333bcaf-cc70-4ceb-8f29-2dbb294defd1|rpc:10.1.0.35:36539|dataStream:10.1.0.35:46449|priority:0|startupRole:FOLLOWER]|listeners:[], old=null
2023-04-21 06:16:34,225 [307e815f-95b2-473e-9bb5-509f867b7773-server-thread2] INFO  server.RaftServer$Division (ServerState.java:setRaftConf(430)) - 307e815f-95b2-473e-9bb5-509f867b7773@group-8C428F4C7EBC: set configuration 0: peers:[8f9d2216-a166-4295-9524-f6ac7a5d11df|rpc:10.1.0.35:45461|dataStream:10.1.0.35:33995|priority:1|startupRole:FOLLOWER, 307e815f-95b2-473e-9bb5-509f867b7773|rpc:10.1.0.35:37293|dataStream:10.1.0.35:42973|priority:0|startupRole:FOLLOWER, 4333bcaf-cc70-4ceb-8f29-2dbb294defd1|rpc:10.1.0.35:36539|dataStream:10.1.0.35:46449|priority:0|startupRole:FOLLOWER]|listeners:[], old=null
2023-04-21 06:16:34,225 [307e815f-95b2-473e-9bb5-509f867b7773-server-thread2] INFO  segmented.SegmentedRaftLogWorker (SegmentedRaftLogWorker.java:startLogSegment(452)) - 307e815f-95b2-473e-9bb5-509f867b7773@group-8C428F4C7EBC-SegmentedRaftLogWorker: Starting segment from index:0
2023-04-21 06:16:34,228 [307e815f-95b2-473e-9bb5-509f867b7773@group-8C428F4C7EBC-SegmentedRaftLogWorker] INFO  segmented.SegmentedRaftLogWorker (SegmentedRaftLogWorker.java:execute(656)) - 307e815f-95b2-473e-9bb5-509f867b7773@group-8C428F4C7EBC-SegmentedRaftLogWorker: created new log segment /home/runner/work/ozone/ozone/hadoop-ozone/integration-test/target/test-dir/MiniOzoneClusterImpl-48be086b-510e-48a6-912b-c1dd212c4943/datanode-1/data/ratis/4daebfed-bcc1-4f32-9499-8c428f4c7ebc/current/log_inprogress_0
2023-04-21 06:16:34,229 [4333bcaf-cc70-4ceb-8f29-2dbb294defd1-server-thread2] INFO  server.RaftServer$Division (ServerState.java:setRaftConf(430)) - 4333bcaf-cc70-4ceb-8f29-2dbb294defd1@group-8C428F4C7EBC: set configuration 0: peers:[8f9d2216-a166-4295-9524-f6ac7a5d11df|rpc:10.1.0.35:45461|dataStream:10.1.0.35:33995|priority:1|startupRole:FOLLOWER, 307e815f-95b2-473e-9bb5-509f867b7773|rpc:10.1.0.35:37293|dataStream:10.1.0.35:42973|priority:0|startupRole:FOLLOWER, 4333bcaf-cc70-4ceb-8f29-2dbb294defd1|rpc:10.1.0.35:36539|dataStream:10.1.0.35:46449|priority:0|startupRole:FOLLOWER]|listeners:[], old=null
2023-04-21 06:16:34,229 [4333bcaf-cc70-4ceb-8f29-2dbb294defd1-server-thread2] INFO  segmented.SegmentedRaftLogWorker (SegmentedRaftLogWorker.java:startLogSegment(452)) - 4333bcaf-cc70-4ceb-8f29-2dbb294defd1@group-8C428F4C7EBC-SegmentedRaftLogWorker: Starting segment from index:0
2023-04-21 06:16:34,230 [4333bcaf-cc70-4ceb-8f29-2dbb294defd1@group-8C428F4C7EBC-SegmentedRaftLogWorker] INFO  segmented.SegmentedRaftLogWorker (SegmentedRaftLogWorker.java:execute(656)) - 4333bcaf-cc70-4ceb-8f29-2dbb294defd1@group-8C428F4C7EBC-SegmentedRaftLogWorker: created new log segment /home/runner/work/ozone/ozone/hadoop-ozone/integration-test/target/test-dir/MiniOzoneClusterImpl-48be086b-510e-48a6-912b-c1dd212c4943/datanode-0/data/ratis/4daebfed-bcc1-4f32-9499-8c428f4c7ebc/current/log_inprogress_0
2023-04-21 06:16:34,369 [307e815f-95b2-473e-9bb5-509f867b7773@group-88CA3FF216A4-FollowerState] INFO  impl.FollowerState (FollowerState.java:run(143)) - 307e815f-95b2-473e-9bb5-509f867b7773@group-88CA3FF216A4-FollowerState: change to CANDIDATE, lastRpcElapsedTime:5127423478ns, electionTimeout:5126ms
2023-04-21 06:16:34,369 [307e815f-95b2-473e-9bb5-509f867b7773@group-88CA3FF216A4-FollowerState] INFO  impl.RoleInfo (RoleInfo.java:shutdownFollowerState(110)) - 307e815f-95b2-473e-9bb5-509f867b7773: shutdown 307e815f-95b2-473e-9bb5-509f867b7773@group-88CA3FF216A4-FollowerState
2023-04-21 06:16:34,369 [307e815f-95b2-473e-9bb5-509f867b7773@group-88CA3FF216A4-FollowerState] INFO  server.RaftServer$Division (RaftServerImpl.java:setRole(321)) - 307e815f-95b2-473e-9bb5-509f867b7773@group-88CA3FF216A4: changes role from  FOLLOWER to CANDIDATE at term 0 for changeToCandidate
2023-04-21 06:16:34,370 [307e815f-95b2-473e-9bb5-509f867b7773@group-88CA3FF216A4-FollowerState] INFO  server.RaftServerConfigKeys (ConfUtils.java:logGet(46)) - raft.server.leaderelection.pre-vote = true (default)
2023-04-21 06:16:34,370 [307e815f-95b2-473e-9bb5-509f867b7773@group-88CA3FF216A4-FollowerState] INFO  impl.RoleInfo (RoleInfo.java:updateAndGet(139)) - 307e815f-95b2-473e-9bb5-509f867b7773: start 307e815f-95b2-473e-9bb5-509f867b7773@group-88CA3FF216A4-LeaderElection15
2023-04-21 06:16:34,371 [307e815f-95b2-473e-9bb5-509f867b7773@group-88CA3FF216A4-LeaderElection15] INFO  impl.LeaderElection (LeaderElection.java:askForVotes(312)) - 307e815f-95b2-473e-9bb5-509f867b7773@group-88CA3FF216A4-LeaderElection15 PRE_VOTE round 0: submit vote requests at term 0 for -1: peers:[307e815f-95b2-473e-9bb5-509f867b7773|rpc:10.1.0.35:37293|dataStream:10.1.0.35:42973|priority:1|startupRole:FOLLOWER]|listeners:[], old=null
2023-04-21 06:16:34,371 [307e815f-95b2-473e-9bb5-509f867b7773@group-88CA3FF216A4-LeaderElection15] INFO  impl.LeaderElection (LeaderElection.java:askForVotes(314)) - 307e815f-95b2-473e-9bb5-509f867b7773@group-88CA3FF216A4-LeaderElection15 PRE_VOTE round 0: result PASSED (term=0)
2023-04-21 06:16:34,372 [307e815f-95b2-473e-9bb5-509f867b7773@group-88CA3FF216A4-LeaderElection15] INFO  impl.LeaderElection (LeaderElection.java:askForVotes(312)) - 307e815f-95b2-473e-9bb5-509f867b7773@group-88CA3FF216A4-LeaderElection15 ELECTION round 0: submit vote requests at term 1 for -1: peers:[307e815f-95b2-473e-9bb5-509f867b7773|rpc:10.1.0.35:37293|dataStream:10.1.0.35:42973|priority:1|startupRole:FOLLOWER]|listeners:[], old=null
2023-04-21 06:16:34,373 [307e815f-95b2-473e-9bb5-509f867b7773@group-88CA3FF216A4-LeaderElection15] INFO  impl.LeaderElection (LeaderElection.java:askForVotes(314)) - 307e815f-95b2-473e-9bb5-509f867b7773@group-88CA3FF216A4-LeaderElection15 ELECTION round 0: result PASSED (term=1)
2023-04-21 06:16:34,373 [307e815f-95b2-473e-9bb5-509f867b7773@group-88CA3FF216A4-LeaderElection15] INFO  impl.RoleInfo (RoleInfo.java:shutdownLeaderElection(130)) - 307e815f-95b2-473e-9bb5-509f867b7773: shutdown 307e815f-95b2-473e-9bb5-509f867b7773@group-88CA3FF216A4-LeaderElection15
2023-04-21 06:16:34,373 [307e815f-95b2-473e-9bb5-509f867b7773@group-88CA3FF216A4-LeaderElection15] INFO  server.RaftServer$Division (RaftServerImpl.java:setRole(321)) - 307e815f-95b2-473e-9bb5-509f867b7773@group-88CA3FF216A4: changes role from CANDIDATE to LEADER at term 1 for changeToLeader
2023-04-21 06:16:34,373 [307e815f-95b2-473e-9bb5-509f867b7773@group-88CA3FF216A4-LeaderElection15] INFO  ratis.XceiverServerRatis (XceiverServerRatis.java:handleLeaderChangedNotification(904)) - Leader change notification received for group: group-88CA3FF216A4 with new leaderId: 307e815f-95b2-473e-9bb5-509f867b7773
2023-04-21 06:16:34,373 [307e815f-95b2-473e-9bb5-509f867b7773@group-88CA3FF216A4-LeaderElection15] INFO  server.RaftServer$Division (ServerState.java:setLeader(313)) - 307e815f-95b2-473e-9bb5-509f867b7773@group-88CA3FF216A4: change Leader from null to 307e815f-95b2-473e-9bb5-509f867b7773 at term 1 for becomeLeader, leader elected after 5154ms
2023-04-21 06:16:34,373 [307e815f-95b2-473e-9bb5-509f867b7773@group-88CA3FF216A4-LeaderElection15] INFO  server.RaftServerConfigKeys (ConfUtils.java:logGet(46)) - raft.server.staging.catchup.gap = 1000 (default)
2023-04-21 06:16:34,373 [307e815f-95b2-473e-9bb5-509f867b7773@group-88CA3FF216A4-LeaderElection15] INFO  server.RaftServerConfigKeys (ConfUtils.java:logGet(46)) - raft.server.write.element-limit = 1024 (custom)
2023-04-21 06:16:34,373 [307e815f-95b2-473e-9bb5-509f867b7773@group-88CA3FF216A4-LeaderElection15] INFO  server.RaftServerConfigKeys (ConfUtils.java:logGet(46)) - raft.server.write.byte-limit = 1024 M (=1073741824) (custom)
2023-04-21 06:16:34,374 [307e815f-95b2-473e-9bb5-509f867b7773@group-88CA3FF216A4-LeaderElection15] INFO  server.RaftServerConfigKeys (ConfUtils.java:logGet(46)) - raft.server.watch.timeout = 180s (custom)
2023-04-21 06:16:34,374 [307e815f-95b2-473e-9bb5-509f867b7773@group-88CA3FF216A4-LeaderElection15] INFO  server.RaftServerConfigKeys (ConfUtils.java:logGet(46)) - raft.server.watch.timeout.denomination = 1s (default)
2023-04-21 06:16:34,374 [307e815f-95b2-473e-9bb5-509f867b7773@group-88CA3FF216A4-LeaderElection15] INFO  server.RaftServerConfigKeys (ConfUtils.java:logGet(46)) - raft.server.watch.element-limit = 65536 (default)
2023-04-21 06:16:34,374 [307e815f-95b2-473e-9bb5-509f867b7773@group-88CA3FF216A4-LeaderElection15] INFO  server.RaftServerConfigKeys (ConfUtils.java:logGet(46)) - raft.server.write.element-limit = 1024 (custom)
2023-04-21 06:16:34,374 [307e815f-95b2-473e-9bb5-509f867b7773@group-88CA3FF216A4-LeaderElection15] INFO  server.RaftServerConfigKeys (ConfUtils.java:logGet(46)) - raft.server.write.follower.gap.ratio.max = -1.0 (default)
2023-04-21 06:16:34,374 [307e815f-95b2-473e-9bb5-509f867b7773@group-88CA3FF216A4-LeaderElection15] INFO  impl.RoleInfo (RoleInfo.java:updateAndGet(139)) - 307e815f-95b2-473e-9bb5-509f867b7773: start 307e815f-95b2-473e-9bb5-509f867b7773@group-88CA3FF216A4-LeaderStateImpl
2023-04-21 06:16:34,374 [307e815f-95b2-473e-9bb5-509f867b7773@group-88CA3FF216A4-LeaderElection15] INFO  segmented.SegmentedRaftLogWorker (SegmentedRaftLogWorker.java:startLogSegment(452)) - 307e815f-95b2-473e-9bb5-509f867b7773@group-88CA3FF216A4-SegmentedRaftLogWorker: Starting segment from index:0
2023-04-21 06:16:34,375 [307e815f-95b2-473e-9bb5-509f867b7773@group-88CA3FF216A4-LeaderElection15] INFO  server.RaftServer$Division (ServerState.java:setRaftConf(430)) - 307e815f-95b2-473e-9bb5-509f867b7773@group-88CA3FF216A4: set configuration 0: peers:[307e815f-95b2-473e-9bb5-509f867b7773|rpc:10.1.0.35:37293|dataStream:10.1.0.35:42973|priority:1|startupRole:FOLLOWER]|listeners:[], old=null
2023-04-21 06:16:34,376 [307e815f-95b2-473e-9bb5-509f867b7773@group-88CA3FF216A4-SegmentedRaftLogWorker] INFO  segmented.SegmentedRaftLogWorker (SegmentedRaftLogWorker.java:execute(656)) - 307e815f-95b2-473e-9bb5-509f867b7773@group-88CA3FF216A4-SegmentedRaftLogWorker: created new log segment /home/runner/work/ozone/ozone/hadoop-ozone/integration-test/target/test-dir/MiniOzoneClusterImpl-48be086b-510e-48a6-912b-c1dd212c4943/datanode-1/data/ratis/bcb744dc-d727-4c93-9bd3-88ca3ff216a4/current/log_inprogress_0
2023-04-21 06:16:34,544 [Listener at 127.0.0.1/32823] INFO  ozone.MiniOzoneClusterImpl (MiniOzoneClusterImpl.java:lambda$waitForClusterToBeReady$0(223)) - Nodes are ready. Got 3 of 3 DN Heartbeats.
2023-04-21 06:16:34,544 [Listener at 127.0.0.1/32823] INFO  ozone.MiniOzoneClusterImpl (MiniOzoneClusterImpl.java:lambda$waitForClusterToBeReady$0(226)) - Cluster exits safe mode
2023-04-21 06:16:34,544 [Listener at 127.0.0.1/32823] INFO  ozone.MiniOzoneClusterImpl (MiniOzoneClusterImpl.java:lambda$waitForClusterToBeReady$0(228)) - SCM became leader
2023-04-21 06:16:34,544 [Listener at 127.0.0.1/32823] WARN  server.ServerUtils (ServerUtils.java:getScmDbDir(148)) - ozone.scm.db.dirs is not configured. We recommend adding this setting. Falling back to ozone.metadata.dirs instead.
2023-04-21 06:16:34,544 [Listener at 127.0.0.1/32823] INFO  ha.SCMHANodeDetails (SCMHANodeDetails.java:loadSCMHAConfig(209)) - ServiceID for StorageContainerManager is null
2023-04-21 06:16:34,544 [Listener at 127.0.0.1/32823] INFO  ha.SCMHANodeDetails (SCMHANodeDetails.java:loadSCMHAConfig(214)) - ozone.scm.default.service.id is not defined, falling back to ozone.scm.service.ids to find serviceID for StorageContainerManager if it is HA enabled cluster
2023-04-21 06:16:34,545 [Listener at 127.0.0.1/32823] INFO  upgrade.AbstractLayoutVersionManager (AbstractLayoutVersionManager.java:init(83)) - Initializing Layout version manager with metadata layout = WEBUI_PORTS_IN_DATANODEDETAILS (version = 6), software layout = WEBUI_PORTS_IN_DATANODEDETAILS (version = 6)
2023-04-21 06:16:34,590 [Listener at 127.0.0.1/32823] INFO  reflections.Reflections (Reflections.java:scan(232)) - Reflections took 44 ms to scan 7 urls, producing 156 keys and 369 values 
2023-04-21 06:16:34,591 [Listener at 127.0.0.1/32823] INFO  server.StorageContainerManager (StorageContainerManager.java:scmInit(1315)) - SCM already initialized. Reusing existing cluster id for sd=/home/runner/work/ozone/ozone/hadoop-ozone/integration-test/target/test-dir/MiniOzoneClusterImpl-48be086b-510e-48a6-912b-c1dd212c4943/ozone-meta/scm;cid=48be086b-510e-48a6-912b-c1dd212c4943; layoutVersion=6; HAEnabled=false
2023-04-21 06:16:34,591 [Listener at 127.0.0.1/32823] WARN  server.ServerUtils (ServerUtils.java:getScmDbDir(148)) - ozone.scm.db.dirs is not configured. We recommend adding this setting. Falling back to ozone.metadata.dirs instead.
2023-04-21 06:16:34,592 [Listener at 127.0.0.1/32823] INFO  ozone.MiniOzoneClusterImpl (MiniOzoneClusterImpl.java:shutdown(456)) - Shutting down the Mini Ozone Cluster
2023-04-21 06:16:34,592 [Listener at 127.0.0.1/32823] INFO  ozone.MiniOzoneClusterImpl (MiniOzoneClusterImpl.java:stop(474)) - Stopping the Mini Ozone Cluster
2023-04-21 06:16:34,592 [Listener at 127.0.0.1/32823] INFO  ozone.MiniOzoneClusterImpl (MiniOzoneClusterImpl.java:stopOM(560)) - Stopping the OzoneManager
2023-04-21 06:16:34,592 [Listener at 127.0.0.1/32823] INFO  om.OzoneManager (OzoneManager.java:stop(2154)) - om1[localhost:0]: Stopping Ozone Manager
2023-04-21 06:16:34,592 [Listener at 127.0.0.1/32823] INFO  ipc.Server (Server.java:stop(3501)) - Stopping server on 32823
2023-04-21 06:16:34,596 [IPC Server listener on 0] INFO  ipc.Server (Server.java:run(1430)) - Stopping IPC Server listener on 0
2023-04-21 06:16:34,599 [IPC Server Responder] INFO  ipc.Server (Server.java:run(1563)) - Stopping IPC Server Responder
2023-04-21 06:16:34,600 [Listener at 127.0.0.1/32823] INFO  server.RaftServer (RaftServerProxy.java:lambda$close$6(409)) - om1: close
2023-04-21 06:16:34,600 [Listener at 127.0.0.1/32823] INFO  server.GrpcService (GrpcService.java:closeImpl(271)) - om1: shutdown server GrpcServerProtocolService now
2023-04-21 06:16:34,600 [om1-impl-thread1] INFO  server.RaftServer$Division (RaftServerImpl.java:lambda$close$4(458)) - om1@group-C5BA1605619E: shutdown
2023-04-21 06:16:34,600 [om1-impl-thread1] INFO  util.JmxRegister (JmxRegister.java:unregister(73)) - Successfully un-registered JMX Bean with object name Ratis:service=RaftServer,group=group-C5BA1605619E,id=om1
2023-04-21 06:16:34,600 [om1-impl-thread1] INFO  impl.RoleInfo (RoleInfo.java:shutdownLeaderState(93)) - om1: shutdown om1@group-C5BA1605619E-LeaderStateImpl
2023-04-21 06:16:34,600 [om1-impl-thread1] INFO  impl.PendingRequests (PendingRequests.java:sendNotLeaderResponses(282)) - om1@group-C5BA1605619E-PendingRequests: sendNotLeaderResponses
2023-04-21 06:16:34,600 [om1-impl-thread1] INFO  impl.StateMachineUpdater (StateMachineUpdater.java:stopAndJoin(153)) - om1@group-C5BA1605619E-StateMachineUpdater: set stopIndex = 0
2023-04-21 06:16:34,601 [om1@group-C5BA1605619E-StateMachineUpdater] INFO  ratis.OzoneManagerStateMachine (OzoneManagerStateMachine.java:takeSnapshot(453)) - Current Snapshot Index (t:1, i:0)
2023-04-21 06:16:34,602 [Listener at 127.0.0.1/32823] INFO  server.GrpcService (GrpcService.java:closeImpl(280)) - om1: shutdown server GrpcServerProtocolService successfully
2023-04-21 06:16:34,611 [om1@group-C5BA1605619E-StateMachineUpdater] INFO  impl.StateMachineUpdater (StateMachineUpdater.java:takeSnapshot(287)) - om1@group-C5BA1605619E-StateMachineUpdater: Took a snapshot at index 0
2023-04-21 06:16:34,611 [om1@group-C5BA1605619E-StateMachineUpdater] INFO  impl.StateMachineUpdater (StateMachineUpdater.java:lambda$new$0(92)) - om1@group-C5BA1605619E-StateMachineUpdater: snapshotIndex: updateIncreasingly -1 -> 0
2023-04-21 06:16:34,611 [om1@group-C5BA1605619E-StateMachineUpdater] INFO  ratis.OzoneManagerStateMachine (OzoneManagerStateMachine.java:close(507)) - StateMachine has shutdown. Shutdown OzoneManager if not already shutdown.
2023-04-21 06:16:34,611 [om1@group-C5BA1605619E-StateMachineUpdater] INFO  ratis.OzoneManagerDoubleBuffer (OzoneManagerDoubleBuffer.java:stopDaemon(540)) - Stopping OMDoubleBuffer flush thread
2023-04-21 06:16:34,611 [OMDoubleBufferFlushThread] INFO  ratis.OzoneManagerDoubleBuffer (OzoneManagerDoubleBuffer.java:canFlush(625)) - OMDoubleBuffer flush thread OMDoubleBufferFlushThread is interrupted and will exit.
2023-04-21 06:16:34,613 [om1-impl-thread1] INFO  server.RaftServer$Division (ServerState.java:close(466)) - om1@group-C5BA1605619E: closes. applyIndex: 0
2023-04-21 06:16:34,613 [om1@group-C5BA1605619E-SegmentedRaftLogWorker] INFO  segmented.SegmentedRaftLogWorker (SegmentedRaftLogWorker.java:run(347)) - om1@group-C5BA1605619E-SegmentedRaftLogWorker was interrupted, exiting. There are 0 tasks remaining in the queue.
2023-04-21 06:16:34,615 [om1-impl-thread1] INFO  segmented.SegmentedRaftLogWorker (SegmentedRaftLogWorker.java:close(257)) - om1@group-C5BA1605619E-SegmentedRaftLogWorker close()
2023-04-21 06:16:34,615 [JvmPauseMonitor6] INFO  util.JvmPauseMonitor (JvmPauseMonitor.java:run(111)) - JvmPauseMonitor-om1: Stopped
2023-04-21 06:16:34,615 [Listener at 127.0.0.1/32823] INFO  ratis.OzoneManagerStateMachine (OzoneManagerStateMachine.java:close(507)) - StateMachine has shutdown. Shutdown OzoneManager if not already shutdown.
2023-04-21 06:16:34,615 [Listener at 127.0.0.1/32823] INFO  ratis.OzoneManagerDoubleBuffer (OzoneManagerDoubleBuffer.java:stopDaemon(549)) - OMDoubleBuffer flush thread is not running.
2023-04-21 06:16:34,616 [Listener at 127.0.0.1/32823] INFO  utils.BackgroundService (BackgroundService.java:shutdown(141)) - Shutting down service KeyDeletingService
2023-04-21 06:16:34,616 [Listener at 127.0.0.1/32823] INFO  utils.BackgroundService (BackgroundService.java:shutdown(141)) - Shutting down service KeyDeletingService
2023-04-21 06:16:34,616 [Listener at 127.0.0.1/32823] INFO  utils.BackgroundService (BackgroundService.java:shutdown(141)) - Shutting down service OpenKeyCleanupService
2023-04-21 06:16:34,616 [Listener at 127.0.0.1/32823] INFO  utils.BackgroundService (BackgroundService.java:shutdown(141)) - Shutting down service SstFilteringService
2023-04-21 06:16:34,616 [Listener at 127.0.0.1/32823] INFO  utils.BackgroundService (BackgroundService.java:shutdown(141)) - Shutting down service SnapshotDeletingService
2023-04-21 06:16:34,617 [Listener at 127.0.0.1/32823] INFO  handler.ContextHandler (ContextHandler.java:doStop(1159)) - Stopped o.e.j.w.WebAppContext@9fcd03{ozoneManager,/,null,STOPPED}{file:/home/runner/work/ozone/ozone/hadoop-ozone/integration-test/target/test-classes/webapps/ozoneManager}
2023-04-21 06:16:34,618 [Listener at 127.0.0.1/32823] INFO  server.AbstractConnector (AbstractConnector.java:doStop(383)) - Stopped ServerConnector@5208b23e{HTTP/1.1, (http/1.1)}{0.0.0.0:0}
2023-04-21 06:16:34,618 [Listener at 127.0.0.1/32823] INFO  server.session (HouseKeeper.java:stopScavenging(149)) - node0 Stopped scavenging
2023-04-21 06:16:34,618 [Listener at 127.0.0.1/32823] INFO  handler.ContextHandler (ContextHandler.java:doStop(1159)) - Stopped o.e.j.s.ServletContextHandler@7acee422{static,/static,file:///home/runner/work/ozone/ozone/hadoop-ozone/integration-test/target/test-classes/webapps/static,STOPPED}
2023-04-21 06:16:34,618 [Listener at 127.0.0.1/32823] INFO  handler.ContextHandler (ContextHandler.java:doStop(1159)) - Stopped o.e.j.s.ServletContextHandler@536e7e26{logs,/logs,file:///home/runner/work/ozone/ozone/hadoop-ozone/integration-test/target/log,STOPPED}
2023-04-21 06:16:34,621 [Listener at 127.0.0.1/32823] INFO  utils.BackgroundService (BackgroundService.java:shutdown(141)) - Shutting down service SnapshotDiffCleanupService
2023-04-21 06:16:34,621 [Listener at 127.0.0.1/32823] INFO  ozone.MiniOzoneClusterImpl (MiniOzoneClusterImpl.java:stopDatanodes(537)) - Stopping the HddsDatanodes
2023-04-21 06:16:34,623 [Listener at 127.0.0.1/32823] INFO  ozoneimpl.OzoneContainer (OzoneContainer.java:stop(419)) - Attempting to stop container services.
2023-04-21 06:16:34,624 [Listener at 127.0.0.1/32823] INFO  server.RaftServer (RaftServerProxy.java:lambda$close$6(409)) - 307e815f-95b2-473e-9bb5-509f867b7773: close
2023-04-21 06:16:34,624 [307e815f-95b2-473e-9bb5-509f867b7773-impl-thread1] INFO  server.RaftServer$Division (RaftServerImpl.java:lambda$close$4(458)) - 307e815f-95b2-473e-9bb5-509f867b7773@group-88CA3FF216A4: shutdown
2023-04-21 06:16:34,624 [307e815f-95b2-473e-9bb5-509f867b7773-impl-thread1] INFO  util.JmxRegister (JmxRegister.java:unregister(73)) - Successfully un-registered JMX Bean with object name Ratis:service=RaftServer,group=group-88CA3FF216A4,id=307e815f-95b2-473e-9bb5-509f867b7773
2023-04-21 06:16:34,624 [307e815f-95b2-473e-9bb5-509f867b7773-impl-thread1] INFO  impl.RoleInfo (RoleInfo.java:shutdownLeaderState(93)) - 307e815f-95b2-473e-9bb5-509f867b7773: shutdown 307e815f-95b2-473e-9bb5-509f867b7773@group-88CA3FF216A4-LeaderStateImpl
2023-04-21 06:16:34,624 [307e815f-95b2-473e-9bb5-509f867b7773-impl-thread2] INFO  server.RaftServer$Division (RaftServerImpl.java:lambda$close$4(458)) - 307e815f-95b2-473e-9bb5-509f867b7773@group-E5AB5397A847: shutdown
2023-04-21 06:16:34,624 [307e815f-95b2-473e-9bb5-509f867b7773-impl-thread1] INFO  impl.PendingRequests (PendingRequests.java:sendNotLeaderResponses(282)) - 307e815f-95b2-473e-9bb5-509f867b7773@group-88CA3FF216A4-PendingRequests: sendNotLeaderResponses
2023-04-21 06:16:34,624 [307e815f-95b2-473e-9bb5-509f867b7773-impl-thread2] INFO  util.JmxRegister (JmxRegister.java:unregister(73)) - Successfully un-registered JMX Bean with object name Ratis:service=RaftServer,group=group-E5AB5397A847,id=307e815f-95b2-473e-9bb5-509f867b7773
2023-04-21 06:16:34,624 [307e815f-95b2-473e-9bb5-509f867b7773-impl-thread2] INFO  impl.RoleInfo (RoleInfo.java:shutdownFollowerState(110)) - 307e815f-95b2-473e-9bb5-509f867b7773: shutdown 307e815f-95b2-473e-9bb5-509f867b7773@group-E5AB5397A847-FollowerState
2023-04-21 06:16:34,625 [Listener at 127.0.0.1/32823] INFO  server.GrpcService (GrpcService.java:closeImpl(271)) - 307e815f-95b2-473e-9bb5-509f867b7773: shutdown server GrpcServerProtocolService now
2023-04-21 06:16:34,625 [307e815f-95b2-473e-9bb5-509f867b7773-impl-thread2] INFO  impl.StateMachineUpdater (StateMachineUpdater.java:stopAndJoin(153)) - 307e815f-95b2-473e-9bb5-509f867b7773@group-E5AB5397A847-StateMachineUpdater: set stopIndex = 0
2023-04-21 06:16:34,625 [307e815f-95b2-473e-9bb5-509f867b7773@group-88CA3FF216A4-StateMachineUpdater] INFO  ratis.ContainerStateMachine (ContainerStateMachine.java:takeSnapshot(330)) - group-88CA3FF216A4: Taking a snapshot at:(t:1, i:0) file /home/runner/work/ozone/ozone/hadoop-ozone/integration-test/target/test-dir/MiniOzoneClusterImpl-48be086b-510e-48a6-912b-c1dd212c4943/datanode-1/data/ratis/bcb744dc-d727-4c93-9bd3-88ca3ff216a4/sm/snapshot.1_0
2023-04-21 06:16:34,625 [307e815f-95b2-473e-9bb5-509f867b7773-impl-thread3] INFO  server.RaftServer$Division (RaftServerImpl.java:lambda$close$4(458)) - 307e815f-95b2-473e-9bb5-509f867b7773@group-8C428F4C7EBC: shutdown
2023-04-21 06:16:34,625 [307e815f-95b2-473e-9bb5-509f867b7773-impl-thread3] INFO  util.JmxRegister (JmxRegister.java:unregister(73)) - Successfully un-registered JMX Bean with object name Ratis:service=RaftServer,group=group-8C428F4C7EBC,id=307e815f-95b2-473e-9bb5-509f867b7773
2023-04-21 06:16:34,625 [307e815f-95b2-473e-9bb5-509f867b7773-impl-thread3] INFO  impl.RoleInfo (RoleInfo.java:shutdownFollowerState(110)) - 307e815f-95b2-473e-9bb5-509f867b7773: shutdown 307e815f-95b2-473e-9bb5-509f867b7773@group-8C428F4C7EBC-FollowerState
2023-04-21 06:16:34,629 [grpc-default-executor-2] WARN  server.GrpcServerProtocolService (LogUtils.java:warn(122)) - 307e815f-95b2-473e-9bb5-509f867b7773: installSnapshot onError, lastRequest: null: org.apache.ratis.thirdparty.io.grpc.StatusRuntimeException: CANCELLED: client cancelled
2023-04-21 06:16:34,629 [grpc-default-executor-3] WARN  server.GrpcServerProtocolService (LogUtils.java:warn(122)) - 307e815f-95b2-473e-9bb5-509f867b7773: installSnapshot onError, lastRequest: null: org.apache.ratis.thirdparty.io.grpc.StatusRuntimeException: CANCELLED: client cancelled
2023-04-21 06:16:34,629 [grpc-default-executor-4] WARN  server.GrpcLogAppender (LogUtils.java:warn(122)) - 8f9d2216-a166-4295-9524-f6ac7a5d11df@group-8C428F4C7EBC->307e815f-95b2-473e-9bb5-509f867b7773-AppendLogResponseHandler: Failed appendEntries: org.apache.ratis.thirdparty.io.grpc.StatusRuntimeException: CANCELLED: RST_STREAM closed stream. HTTP/2 error code: CANCEL
2023-04-21 06:16:34,625 [307e815f-95b2-473e-9bb5-509f867b7773-impl-thread1] INFO  impl.StateMachineUpdater (StateMachineUpdater.java:stopAndJoin(153)) - 307e815f-95b2-473e-9bb5-509f867b7773@group-88CA3FF216A4-StateMachineUpdater: set stopIndex = 0
2023-04-21 06:16:34,626 [307e815f-95b2-473e-9bb5-509f867b7773@group-88CA3FF216A4-StateMachineUpdater] INFO  ratis.ContainerStateMachine (ContainerStateMachine.java:takeSnapshot(341)) - group-88CA3FF216A4: Finished taking a snapshot at:(t:1, i:0) file:/home/runner/work/ozone/ozone/hadoop-ozone/integration-test/target/test-dir/MiniOzoneClusterImpl-48be086b-510e-48a6-912b-c1dd212c4943/datanode-1/data/ratis/bcb744dc-d727-4c93-9bd3-88ca3ff216a4/sm/snapshot.1_0 took: 1 ms
2023-04-21 06:16:34,630 [307e815f-95b2-473e-9bb5-509f867b7773@group-88CA3FF216A4-StateMachineUpdater] INFO  impl.StateMachineUpdater (StateMachineUpdater.java:takeSnapshot(287)) - 307e815f-95b2-473e-9bb5-509f867b7773@group-88CA3FF216A4-StateMachineUpdater: Took a snapshot at index 0
2023-04-21 06:16:34,630 [307e815f-95b2-473e-9bb5-509f867b7773@group-88CA3FF216A4-StateMachineUpdater] INFO  impl.StateMachineUpdater (StateMachineUpdater.java:lambda$new$0(92)) - 307e815f-95b2-473e-9bb5-509f867b7773@group-88CA3FF216A4-StateMachineUpdater: snapshotIndex: updateIncreasingly -1 -> 0
2023-04-21 06:16:34,625 [307e815f-95b2-473e-9bb5-509f867b7773@group-E5AB5397A847-StateMachineUpdater] INFO  ratis.ContainerStateMachine (ContainerStateMachine.java:takeSnapshot(330)) - group-E5AB5397A847: Taking a snapshot at:(t:1, i:0) file /home/runner/work/ozone/ozone/hadoop-ozone/integration-test/target/test-dir/MiniOzoneClusterImpl-48be086b-510e-48a6-912b-c1dd212c4943/datanode-1/data/ratis/412b3507-d1fe-450e-83ad-e5ab5397a847/sm/snapshot.1_0
2023-04-21 06:16:34,625 [307e815f-95b2-473e-9bb5-509f867b7773@group-E5AB5397A847-FollowerState] INFO  impl.FollowerState (FollowerState.java:run(152)) - 307e815f-95b2-473e-9bb5-509f867b7773@group-E5AB5397A847-FollowerState was interrupted
2023-04-21 06:16:34,630 [307e815f-95b2-473e-9bb5-509f867b7773-impl-thread1] INFO  server.RaftServer$Division (ServerState.java:close(466)) - 307e815f-95b2-473e-9bb5-509f867b7773@group-88CA3FF216A4: closes. applyIndex: 0
2023-04-21 06:16:34,631 [307e815f-95b2-473e-9bb5-509f867b7773@group-E5AB5397A847-StateMachineUpdater] INFO  ratis.ContainerStateMachine (ContainerStateMachine.java:takeSnapshot(341)) - group-E5AB5397A847: Finished taking a snapshot at:(t:1, i:0) file:/home/runner/work/ozone/ozone/hadoop-ozone/integration-test/target/test-dir/MiniOzoneClusterImpl-48be086b-510e-48a6-912b-c1dd212c4943/datanode-1/data/ratis/412b3507-d1fe-450e-83ad-e5ab5397a847/sm/snapshot.1_0 took: 5 ms
2023-04-21 06:16:34,631 [307e815f-95b2-473e-9bb5-509f867b7773@group-E5AB5397A847-StateMachineUpdater] INFO  impl.StateMachineUpdater (StateMachineUpdater.java:takeSnapshot(287)) - 307e815f-95b2-473e-9bb5-509f867b7773@group-E5AB5397A847-StateMachineUpdater: Took a snapshot at index 0
2023-04-21 06:16:34,631 [307e815f-95b2-473e-9bb5-509f867b7773@group-E5AB5397A847-StateMachineUpdater] INFO  impl.StateMachineUpdater (StateMachineUpdater.java:lambda$new$0(92)) - 307e815f-95b2-473e-9bb5-509f867b7773@group-E5AB5397A847-StateMachineUpdater: snapshotIndex: updateIncreasingly -1 -> 0
2023-04-21 06:16:34,631 [307e815f-95b2-473e-9bb5-509f867b7773-impl-thread2] INFO  server.RaftServer$Division (ServerState.java:close(466)) - 307e815f-95b2-473e-9bb5-509f867b7773@group-E5AB5397A847: closes. applyIndex: 0
2023-04-21 06:16:34,639 [grpc-default-executor-6] WARN  server.GrpcServerProtocolService (LogUtils.java:warn(122)) - 307e815f-95b2-473e-9bb5-509f867b7773: installSnapshot onError, lastRequest: 4333bcaf-cc70-4ceb-8f29-2dbb294defd1->307e815f-95b2-473e-9bb5-509f867b7773#1-t1,previous=(t:0, i:0),leaderCommit=0,initializing? true,entries: size=1, first=(t:1, i:0), CONFIGURATIONENTRY(current:id: "8f9d2216-a166-4295-9524-f6ac7a5d11df"
address: "10.1.0.35:45461"
dataStreamAddress: "10.1.0.35:33995"
clientAddress: "10.1.0.35:45461"
adminAddress: "10.1.0.35:45461"
startupRole: FOLLOWER
,id: "307e815f-95b2-473e-9bb5-509f867b7773"
address: "10.1.0.35:37293"
dataStreamAddress: "10.1.0.35:42973"
clientAddress: "10.1.0.35:37293"
adminAddress: "10.1.0.35:37293"
startupRole: FOLLOWER
,id: "4333bcaf-cc70-4ceb-8f29-2dbb294defd1"
address: "10.1.0.35:36539"
priority: 1
dataStreamAddress: "10.1.0.35:46449"
clientAddress: "10.1.0.35:36539"
adminAddress: "10.1.0.35:36539"
startupRole: FOLLOWER
, old:): org.apache.ratis.thirdparty.io.grpc.StatusRuntimeException: CANCELLED: client cancelled
2023-04-21 06:16:34,639 [Listener at 127.0.0.1/32823] INFO  server.GrpcService (GrpcService.java:closeImpl(280)) - 307e815f-95b2-473e-9bb5-509f867b7773: shutdown server GrpcServerProtocolService successfully
2023-04-21 06:16:34,639 [grpc-default-executor-7] WARN  server.GrpcServerProtocolService (LogUtils.java:warn(122)) - 307e815f-95b2-473e-9bb5-509f867b7773: installSnapshot onError, lastRequest: 8f9d2216-a166-4295-9524-f6ac7a5d11df->307e815f-95b2-473e-9bb5-509f867b7773#1-t1,previous=(t:0, i:0),leaderCommit=0,initializing? true,entries: size=1, first=(t:1, i:0), CONFIGURATIONENTRY(current:id: "8f9d2216-a166-4295-9524-f6ac7a5d11df"
address: "10.1.0.35:45461"
priority: 1
dataStreamAddress: "10.1.0.35:33995"
clientAddress: "10.1.0.35:45461"
adminAddress: "10.1.0.35:45461"
startupRole: FOLLOWER
,id: "307e815f-95b2-473e-9bb5-509f867b7773"
address: "10.1.0.35:37293"
dataStreamAddress: "10.1.0.35:42973"
clientAddress: "10.1.0.35:37293"
adminAddress: "10.1.0.35:37293"
startupRole: FOLLOWER
,id: "4333bcaf-cc70-4ceb-8f29-2dbb294defd1"
address: "10.1.0.35:36539"
dataStreamAddress: "10.1.0.35:46449"
clientAddress: "10.1.0.35:36539"
adminAddress: "10.1.0.35:36539"
startupRole: FOLLOWER
, old:): org.apache.ratis.thirdparty.io.grpc.StatusRuntimeException: CANCELLED: client cancelled
2023-04-21 06:16:34,640 [307e815f-95b2-473e-9bb5-509f867b7773-NettyServerStreamRpc-bossGroup--thread1] INFO  logging.LoggingHandler (AbstractInternalLogger.java:log(148)) - [id: 0xff36f40a, L:/0:0:0:0:0:0:0:0:42973] CLOSE
2023-04-21 06:16:34,640 [307e815f-95b2-473e-9bb5-509f867b7773-NettyServerStreamRpc-bossGroup--thread1] INFO  logging.LoggingHandler (AbstractInternalLogger.java:log(148)) - [id: 0xff36f40a, L:/0:0:0:0:0:0:0:0:42973] INACTIVE
2023-04-21 06:16:34,640 [307e815f-95b2-473e-9bb5-509f867b7773-NettyServerStreamRpc-bossGroup--thread1] INFO  logging.LoggingHandler (AbstractInternalLogger.java:log(148)) - [id: 0xff36f40a, L:/0:0:0:0:0:0:0:0:42973] UNREGISTERED
2023-04-21 06:16:34,642 [307e815f-95b2-473e-9bb5-509f867b7773@group-E5AB5397A847-SegmentedRaftLogWorker] INFO  segmented.SegmentedRaftLogWorker (SegmentedRaftLogWorker.java:run(347)) - 307e815f-95b2-473e-9bb5-509f867b7773@group-E5AB5397A847-SegmentedRaftLogWorker was interrupted, exiting. There are 0 tasks remaining in the queue.
2023-04-21 06:16:34,642 [grpc-default-executor-8] WARN  server.GrpcLogAppender (LogUtils.java:warn(122)) - 4333bcaf-cc70-4ceb-8f29-2dbb294defd1@group-E5AB5397A847->307e815f-95b2-473e-9bb5-509f867b7773-AppendLogResponseHandler: Failed appendEntries: org.apache.ratis.thirdparty.io.grpc.StatusRuntimeException: CANCELLED: RST_STREAM closed stream. HTTP/2 error code: CANCEL
2023-04-21 06:16:34,646 [307e815f-95b2-473e-9bb5-509f867b7773@group-88CA3FF216A4-SegmentedRaftLogWorker] INFO  segmented.SegmentedRaftLogWorker (SegmentedRaftLogWorker.java:run(347)) - 307e815f-95b2-473e-9bb5-509f867b7773@group-88CA3FF216A4-SegmentedRaftLogWorker was interrupted, exiting. There are 0 tasks remaining in the queue.
2023-04-21 06:16:34,648 [307e815f-95b2-473e-9bb5-509f867b7773-impl-thread3] INFO  impl.StateMachineUpdater (StateMachineUpdater.java:stopAndJoin(153)) - 307e815f-95b2-473e-9bb5-509f867b7773@group-8C428F4C7EBC-StateMachineUpdater: set stopIndex = 0
2023-04-21 06:16:34,648 [307e815f-95b2-473e-9bb5-509f867b7773@group-8C428F4C7EBC-FollowerState] INFO  impl.FollowerState (FollowerState.java:run(152)) - 307e815f-95b2-473e-9bb5-509f867b7773@group-8C428F4C7EBC-FollowerState was interrupted
2023-04-21 06:16:34,650 [grpc-default-executor-9] WARN  server.GrpcLogAppender (LogUtils.java:warn(122)) - 8f9d2216-a166-4295-9524-f6ac7a5d11df@group-8C428F4C7EBC->307e815f-95b2-473e-9bb5-509f867b7773-AppendLogResponseHandler: Failed appendEntries: org.apache.ratis.thirdparty.io.grpc.StatusRuntimeException: CANCELLED: RST_STREAM closed stream. HTTP/2 error code: CANCEL
2023-04-21 06:16:34,650 [grpc-default-executor-9] WARN  server.GrpcLogAppender (GrpcLogAppender.java:resetClient(131)) - 8f9d2216-a166-4295-9524-f6ac7a5d11df@group-8C428F4C7EBC->307e815f-95b2-473e-9bb5-509f867b7773-GrpcLogAppender: Leader has not got in touch with Follower 8f9d2216-a166-4295-9524-f6ac7a5d11df@group-8C428F4C7EBC->307e815f-95b2-473e-9bb5-509f867b7773(c0,m0,n1, attendVote=true, lastRpcSendTime=427, lastRpcResponseTime=420) yet, just keep nextIndex unchanged and retry.
2023-04-21 06:16:34,679 [grpc-default-executor-5] WARN  server.GrpcLogAppender (LogUtils.java:warn(122)) - 4333bcaf-cc70-4ceb-8f29-2dbb294defd1@group-E5AB5397A847->307e815f-95b2-473e-9bb5-509f867b7773-AppendLogResponseHandler: Failed appendEntries: org.apache.ratis.thirdparty.io.grpc.StatusRuntimeException: CANCELLED: RST_STREAM closed stream. HTTP/2 error code: CANCEL
2023-04-21 06:16:34,679 [grpc-default-executor-5] WARN  server.GrpcLogAppender (GrpcLogAppender.java:resetClient(131)) - 4333bcaf-cc70-4ceb-8f29-2dbb294defd1@group-E5AB5397A847->307e815f-95b2-473e-9bb5-509f867b7773-GrpcLogAppender: Leader has not got in touch with Follower 4333bcaf-cc70-4ceb-8f29-2dbb294defd1@group-E5AB5397A847->307e815f-95b2-473e-9bb5-509f867b7773(c0,m0,n1, attendVote=true, lastRpcSendTime=552, lastRpcResponseTime=517) yet, just keep nextIndex unchanged and retry.
2023-04-21 06:16:34,681 [grpc-default-executor-8] WARN  server.GrpcLogAppender (GrpcLogAppender.java:resetClient(131)) - 4333bcaf-cc70-4ceb-8f29-2dbb294defd1@group-E5AB5397A847->307e815f-95b2-473e-9bb5-509f867b7773-GrpcLogAppender: Leader has not got in touch with Follower 4333bcaf-cc70-4ceb-8f29-2dbb294defd1@group-E5AB5397A847->307e815f-95b2-473e-9bb5-509f867b7773(c0,m0,n1, attendVote=true, lastRpcSendTime=553, lastRpcResponseTime=519) yet, just keep nextIndex unchanged and retry.
2023-04-21 06:16:34,681 [grpc-default-executor-4] WARN  server.GrpcLogAppender (GrpcLogAppender.java:resetClient(131)) - 8f9d2216-a166-4295-9524-f6ac7a5d11df@group-8C428F4C7EBC->307e815f-95b2-473e-9bb5-509f867b7773-GrpcLogAppender: Leader has not got in touch with Follower 8f9d2216-a166-4295-9524-f6ac7a5d11df@group-8C428F4C7EBC->307e815f-95b2-473e-9bb5-509f867b7773(c0,m0,n1, attendVote=true, lastRpcSendTime=458, lastRpcResponseTime=451) yet, just keep nextIndex unchanged and retry.
2023-04-21 06:16:34,681 [307e815f-95b2-473e-9bb5-509f867b7773@group-8C428F4C7EBC-StateMachineUpdater] INFO  ratis.ContainerStateMachine (ContainerStateMachine.java:takeSnapshot(330)) - group-8C428F4C7EBC: Taking a snapshot at:(t:1, i:0) file /home/runner/work/ozone/ozone/hadoop-ozone/integration-test/target/test-dir/MiniOzoneClusterImpl-48be086b-510e-48a6-912b-c1dd212c4943/datanode-1/data/ratis/4daebfed-bcc1-4f32-9499-8c428f4c7ebc/sm/snapshot.1_0
2023-04-21 06:16:34,687 [307e815f-95b2-473e-9bb5-509f867b7773-impl-thread2] INFO  segmented.SegmentedRaftLogWorker (SegmentedRaftLogWorker.java:close(257)) - 307e815f-95b2-473e-9bb5-509f867b7773@group-E5AB5397A847-SegmentedRaftLogWorker close()
2023-04-21 06:16:34,688 [ForkJoinPool.commonPool-worker-0] INFO  ozoneimpl.OzoneContainer (OzoneContainer.java:stop(419)) - Attempting to stop container services.
2023-04-21 06:16:34,689 [307e815f-95b2-473e-9bb5-509f867b7773-impl-thread1] INFO  segmented.SegmentedRaftLogWorker (SegmentedRaftLogWorker.java:close(257)) - 307e815f-95b2-473e-9bb5-509f867b7773@group-88CA3FF216A4-SegmentedRaftLogWorker close()
2023-04-21 06:16:34,690 [307e815f-95b2-473e-9bb5-509f867b7773@group-8C428F4C7EBC-StateMachineUpdater] INFO  ratis.ContainerStateMachine (ContainerStateMachine.java:takeSnapshot(341)) - group-8C428F4C7EBC: Finished taking a snapshot at:(t:1, i:0) file:/home/runner/work/ozone/ozone/hadoop-ozone/integration-test/target/test-dir/MiniOzoneClusterImpl-48be086b-510e-48a6-912b-c1dd212c4943/datanode-1/data/ratis/4daebfed-bcc1-4f32-9499-8c428f4c7ebc/sm/snapshot.1_0 took: 9 ms
2023-04-21 06:16:34,690 [307e815f-95b2-473e-9bb5-509f867b7773@group-8C428F4C7EBC-StateMachineUpdater] INFO  impl.StateMachineUpdater (StateMachineUpdater.java:takeSnapshot(287)) - 307e815f-95b2-473e-9bb5-509f867b7773@group-8C428F4C7EBC-StateMachineUpdater: Took a snapshot at index 0
2023-04-21 06:16:34,690 [307e815f-95b2-473e-9bb5-509f867b7773@group-8C428F4C7EBC-StateMachineUpdater] INFO  impl.StateMachineUpdater (StateMachineUpdater.java:lambda$new$0(92)) - 307e815f-95b2-473e-9bb5-509f867b7773@group-8C428F4C7EBC-StateMachineUpdater: snapshotIndex: updateIncreasingly -1 -> 0
2023-04-21 06:16:34,690 [307e815f-95b2-473e-9bb5-509f867b7773-impl-thread3] INFO  server.RaftServer$Division (ServerState.java:close(466)) - 307e815f-95b2-473e-9bb5-509f867b7773@group-8C428F4C7EBC: closes. applyIndex: 0
2023-04-21 06:16:34,690 [307e815f-95b2-473e-9bb5-509f867b7773@group-8C428F4C7EBC-SegmentedRaftLogWorker] INFO  segmented.SegmentedRaftLogWorker (SegmentedRaftLogWorker.java:run(347)) - 307e815f-95b2-473e-9bb5-509f867b7773@group-8C428F4C7EBC-SegmentedRaftLogWorker was interrupted, exiting. There are 0 tasks remaining in the queue.
2023-04-21 06:16:34,694 [ForkJoinPool.commonPool-worker-0] INFO  server.RaftServer (RaftServerProxy.java:lambda$close$6(409)) - 4333bcaf-cc70-4ceb-8f29-2dbb294defd1: close
2023-04-21 06:16:34,694 [4333bcaf-cc70-4ceb-8f29-2dbb294defd1-impl-thread1] INFO  server.RaftServer$Division (RaftServerImpl.java:lambda$close$4(458)) - 4333bcaf-cc70-4ceb-8f29-2dbb294defd1@group-E5AB5397A847: shutdown
2023-04-21 06:16:34,694 [4333bcaf-cc70-4ceb-8f29-2dbb294defd1-impl-thread1] INFO  util.JmxRegister (JmxRegister.java:unregister(73)) - Successfully un-registered JMX Bean with object name Ratis:service=RaftServer,group=group-E5AB5397A847,id=4333bcaf-cc70-4ceb-8f29-2dbb294defd1
2023-04-21 06:16:34,694 [4333bcaf-cc70-4ceb-8f29-2dbb294defd1-impl-thread1] INFO  impl.RoleInfo (RoleInfo.java:shutdownLeaderState(93)) - 4333bcaf-cc70-4ceb-8f29-2dbb294defd1: shutdown 4333bcaf-cc70-4ceb-8f29-2dbb294defd1@group-E5AB5397A847-LeaderStateImpl
2023-04-21 06:16:34,697 [4333bcaf-cc70-4ceb-8f29-2dbb294defd1-impl-thread2] INFO  server.RaftServer$Division (RaftServerImpl.java:lambda$close$4(458)) - 4333bcaf-cc70-4ceb-8f29-2dbb294defd1@group-8C428F4C7EBC: shutdown
2023-04-21 06:16:34,697 [4333bcaf-cc70-4ceb-8f29-2dbb294defd1-impl-thread2] INFO  util.JmxRegister (JmxRegister.java:unregister(73)) - Successfully un-registered JMX Bean with object name Ratis:service=RaftServer,group=group-8C428F4C7EBC,id=4333bcaf-cc70-4ceb-8f29-2dbb294defd1
2023-04-21 06:16:34,698 [4333bcaf-cc70-4ceb-8f29-2dbb294defd1-impl-thread2] INFO  impl.RoleInfo (RoleInfo.java:shutdownFollowerState(110)) - 4333bcaf-cc70-4ceb-8f29-2dbb294defd1: shutdown 4333bcaf-cc70-4ceb-8f29-2dbb294defd1@group-8C428F4C7EBC-FollowerState
2023-04-21 06:16:34,699 [ForkJoinPool.commonPool-worker-0] INFO  server.GrpcService (GrpcService.java:closeImpl(271)) - 4333bcaf-cc70-4ceb-8f29-2dbb294defd1: shutdown server GrpcServerProtocolService now
2023-04-21 06:16:34,699 [4333bcaf-cc70-4ceb-8f29-2dbb294defd1@group-8C428F4C7EBC-FollowerState] INFO  impl.FollowerState (FollowerState.java:run(152)) - 4333bcaf-cc70-4ceb-8f29-2dbb294defd1@group-8C428F4C7EBC-FollowerState was interrupted
2023-04-21 06:16:34,699 [4333bcaf-cc70-4ceb-8f29-2dbb294defd1-impl-thread1] INFO  impl.PendingRequests (PendingRequests.java:sendNotLeaderResponses(282)) - 4333bcaf-cc70-4ceb-8f29-2dbb294defd1@group-E5AB5397A847-PendingRequests: sendNotLeaderResponses
2023-04-21 06:16:34,699 [4333bcaf-cc70-4ceb-8f29-2dbb294defd1-impl-thread1] INFO  impl.StateMachineUpdater (StateMachineUpdater.java:stopAndJoin(153)) - 4333bcaf-cc70-4ceb-8f29-2dbb294defd1@group-E5AB5397A847-StateMachineUpdater: set stopIndex = 0
2023-04-21 06:16:34,700 [4333bcaf-cc70-4ceb-8f29-2dbb294defd1@group-E5AB5397A847->8f9d2216-a166-4295-9524-f6ac7a5d11df-GrpcLogAppender-LogAppenderDaemon] WARN  server.GrpcLogAppender (GrpcLogAppender.java:mayWait(200)) - 4333bcaf-cc70-4ceb-8f29-2dbb294defd1@group-E5AB5397A847->8f9d2216-a166-4295-9524-f6ac7a5d11df-GrpcLogAppender: Wait interrupted by java.lang.InterruptedException
2023-04-21 06:16:34,700 [4333bcaf-cc70-4ceb-8f29-2dbb294defd1@group-E5AB5397A847-StateMachineUpdater] INFO  ratis.ContainerStateMachine (ContainerStateMachine.java:takeSnapshot(330)) - group-E5AB5397A847: Taking a snapshot at:(t:1, i:0) file /home/runner/work/ozone/ozone/hadoop-ozone/integration-test/target/test-dir/MiniOzoneClusterImpl-48be086b-510e-48a6-912b-c1dd212c4943/datanode-0/data/ratis/412b3507-d1fe-450e-83ad-e5ab5397a847/sm/snapshot.1_0
2023-04-21 06:16:34,700 [grpc-default-executor-8] INFO  server.GrpcServerProtocolService (GrpcServerProtocolService.java:onCompleted(143)) - 8f9d2216-a166-4295-9524-f6ac7a5d11df: Completed APPEND_ENTRIES, lastRequest: null
2023-04-21 06:16:34,701 [4333bcaf-cc70-4ceb-8f29-2dbb294defd1@group-E5AB5397A847-StateMachineUpdater] INFO  ratis.ContainerStateMachine (ContainerStateMachine.java:takeSnapshot(341)) - group-E5AB5397A847: Finished taking a snapshot at:(t:1, i:0) file:/home/runner/work/ozone/ozone/hadoop-ozone/integration-test/target/test-dir/MiniOzoneClusterImpl-48be086b-510e-48a6-912b-c1dd212c4943/datanode-0/data/ratis/412b3507-d1fe-450e-83ad-e5ab5397a847/sm/snapshot.1_0 took: 1 ms
2023-04-21 06:16:34,702 [grpc-default-executor-4] INFO  server.GrpcServerProtocolService (GrpcServerProtocolService.java:onCompleted(143)) - 8f9d2216-a166-4295-9524-f6ac7a5d11df: Completed APPEND_ENTRIES, lastRequest: 4333bcaf-cc70-4ceb-8f29-2dbb294defd1->8f9d2216-a166-4295-9524-f6ac7a5d11df#1-t1,previous=(t:0, i:0),leaderCommit=0,initializing? true,entries: size=1, first=(t:1, i:0), CONFIGURATIONENTRY(current:id: "8f9d2216-a166-4295-9524-f6ac7a5d11df"
address: "10.1.0.35:45461"
dataStreamAddress: "10.1.0.35:33995"
clientAddress: "10.1.0.35:45461"
adminAddress: "10.1.0.35:45461"
startupRole: FOLLOWER
,id: "307e815f-95b2-473e-9bb5-509f867b7773"
address: "10.1.0.35:37293"
dataStreamAddress: "10.1.0.35:42973"
clientAddress: "10.1.0.35:37293"
adminAddress: "10.1.0.35:37293"
startupRole: FOLLOWER
,id: "4333bcaf-cc70-4ceb-8f29-2dbb294defd1"
address: "10.1.0.35:36539"
priority: 1
dataStreamAddress: "10.1.0.35:46449"
clientAddress: "10.1.0.35:36539"
adminAddress: "10.1.0.35:36539"
startupRole: FOLLOWER
, old:)
2023-04-21 06:16:34,702 [4333bcaf-cc70-4ceb-8f29-2dbb294defd1@group-E5AB5397A847-StateMachineUpdater] INFO  impl.StateMachineUpdater (StateMachineUpdater.java:takeSnapshot(287)) - 4333bcaf-cc70-4ceb-8f29-2dbb294defd1@group-E5AB5397A847-StateMachineUpdater: Took a snapshot at index 0
2023-04-21 06:16:34,702 [4333bcaf-cc70-4ceb-8f29-2dbb294defd1@group-E5AB5397A847-StateMachineUpdater] INFO  impl.StateMachineUpdater (StateMachineUpdater.java:lambda$new$0(92)) - 4333bcaf-cc70-4ceb-8f29-2dbb294defd1@group-E5AB5397A847-StateMachineUpdater: snapshotIndex: updateIncreasingly -1 -> 0
2023-04-21 06:16:34,703 [4333bcaf-cc70-4ceb-8f29-2dbb294defd1-impl-thread1] INFO  server.RaftServer$Division (ServerState.java:close(466)) - 4333bcaf-cc70-4ceb-8f29-2dbb294defd1@group-E5AB5397A847: closes. applyIndex: 0
2023-04-21 06:16:34,703 [4333bcaf-cc70-4ceb-8f29-2dbb294defd1@group-E5AB5397A847-SegmentedRaftLogWorker] INFO  segmented.SegmentedRaftLogWorker (SegmentedRaftLogWorker.java:run(347)) - 4333bcaf-cc70-4ceb-8f29-2dbb294defd1@group-E5AB5397A847-SegmentedRaftLogWorker was interrupted, exiting. There are 0 tasks remaining in the queue.
2023-04-21 06:16:34,703 [grpc-default-executor-7] INFO  server.GrpcLogAppender (GrpcLogAppender.java:onCompleted(415)) - 4333bcaf-cc70-4ceb-8f29-2dbb294defd1@group-E5AB5397A847->8f9d2216-a166-4295-9524-f6ac7a5d11df-AppendLogResponseHandler: follower responses appendEntries COMPLETED
2023-04-21 06:16:34,704 [4333bcaf-cc70-4ceb-8f29-2dbb294defd1@group-8C428F4C7EBC-StateMachineUpdater] INFO  ratis.ContainerStateMachine (ContainerStateMachine.java:takeSnapshot(330)) - group-8C428F4C7EBC: Taking a snapshot at:(t:1, i:0) file /home/runner/work/ozone/ozone/hadoop-ozone/integration-test/target/test-dir/MiniOzoneClusterImpl-48be086b-510e-48a6-912b-c1dd212c4943/datanode-0/data/ratis/4daebfed-bcc1-4f32-9499-8c428f4c7ebc/sm/snapshot.1_0
2023-04-21 06:16:34,704 [grpc-default-executor-7] INFO  leader.FollowerInfo (FollowerInfoImpl.java:lambda$new$0(48)) - 4333bcaf-cc70-4ceb-8f29-2dbb294defd1@group-E5AB5397A847->8f9d2216-a166-4295-9524-f6ac7a5d11df: nextIndex: updateUnconditionally 1 -> 0
2023-04-21 06:16:34,704 [4333bcaf-cc70-4ceb-8f29-2dbb294defd1-impl-thread2] INFO  impl.StateMachineUpdater (StateMachineUpdater.java:stopAndJoin(153)) - 4333bcaf-cc70-4ceb-8f29-2dbb294defd1@group-8C428F4C7EBC-StateMachineUpdater: set stopIndex = 0
2023-04-21 06:16:34,704 [4333bcaf-cc70-4ceb-8f29-2dbb294defd1-impl-thread3] INFO  server.RaftServer$Division (RaftServerImpl.java:lambda$close$4(458)) - 4333bcaf-cc70-4ceb-8f29-2dbb294defd1@group-CDE1599EC7ED: shutdown
2023-04-21 06:16:34,704 [4333bcaf-cc70-4ceb-8f29-2dbb294defd1-impl-thread3] INFO  util.JmxRegister (JmxRegister.java:unregister(73)) - Successfully un-registered JMX Bean with object name Ratis:service=RaftServer,group=group-CDE1599EC7ED,id=4333bcaf-cc70-4ceb-8f29-2dbb294defd1
2023-04-21 06:16:34,705 [4333bcaf-cc70-4ceb-8f29-2dbb294defd1-impl-thread3] INFO  impl.RoleInfo (RoleInfo.java:shutdownLeaderState(93)) - 4333bcaf-cc70-4ceb-8f29-2dbb294defd1: shutdown 4333bcaf-cc70-4ceb-8f29-2dbb294defd1@group-CDE1599EC7ED-LeaderStateImpl
2023-04-21 06:16:34,705 [4333bcaf-cc70-4ceb-8f29-2dbb294defd1-impl-thread3] INFO  impl.PendingRequests (PendingRequests.java:sendNotLeaderResponses(282)) - 4333bcaf-cc70-4ceb-8f29-2dbb294defd1@group-CDE1599EC7ED-PendingRequests: sendNotLeaderResponses
2023-04-21 06:16:34,705 [4333bcaf-cc70-4ceb-8f29-2dbb294defd1@group-8C428F4C7EBC-StateMachineUpdater] INFO  ratis.ContainerStateMachine (ContainerStateMachine.java:takeSnapshot(341)) - group-8C428F4C7EBC: Finished taking a snapshot at:(t:1, i:0) file:/home/runner/work/ozone/ozone/hadoop-ozone/integration-test/target/test-dir/MiniOzoneClusterImpl-48be086b-510e-48a6-912b-c1dd212c4943/datanode-0/data/ratis/4daebfed-bcc1-4f32-9499-8c428f4c7ebc/sm/snapshot.1_0 took: 1 ms
2023-04-21 06:16:34,705 [4333bcaf-cc70-4ceb-8f29-2dbb294defd1@group-8C428F4C7EBC-StateMachineUpdater] INFO  impl.StateMachineUpdater (StateMachineUpdater.java:takeSnapshot(287)) - 4333bcaf-cc70-4ceb-8f29-2dbb294defd1@group-8C428F4C7EBC-StateMachineUpdater: Took a snapshot at index 0
2023-04-21 06:16:34,705 [4333bcaf-cc70-4ceb-8f29-2dbb294defd1@group-8C428F4C7EBC-StateMachineUpdater] INFO  impl.StateMachineUpdater (StateMachineUpdater.java:lambda$new$0(92)) - 4333bcaf-cc70-4ceb-8f29-2dbb294defd1@group-8C428F4C7EBC-StateMachineUpdater: snapshotIndex: updateIncreasingly -1 -> 0
2023-04-21 06:16:34,705 [4333bcaf-cc70-4ceb-8f29-2dbb294defd1-impl-thread2] INFO  server.RaftServer$Division (ServerState.java:close(466)) - 4333bcaf-cc70-4ceb-8f29-2dbb294defd1@group-8C428F4C7EBC: closes. applyIndex: 0
2023-04-21 06:16:34,706 [4333bcaf-cc70-4ceb-8f29-2dbb294defd1@group-8C428F4C7EBC-SegmentedRaftLogWorker] INFO  segmented.SegmentedRaftLogWorker (SegmentedRaftLogWorker.java:run(347)) - 4333bcaf-cc70-4ceb-8f29-2dbb294defd1@group-8C428F4C7EBC-SegmentedRaftLogWorker was interrupted, exiting. There are 0 tasks remaining in the queue.
2023-04-21 06:16:34,707 [4333bcaf-cc70-4ceb-8f29-2dbb294defd1@group-CDE1599EC7ED-StateMachineUpdater] INFO  ratis.ContainerStateMachine (ContainerStateMachine.java:takeSnapshot(330)) - group-CDE1599EC7ED: Taking a snapshot at:(t:1, i:0) file /home/runner/work/ozone/ozone/hadoop-ozone/integration-test/target/test-dir/MiniOzoneClusterImpl-48be086b-510e-48a6-912b-c1dd212c4943/datanode-0/data/ratis/976c059f-d090-4221-958f-cde1599ec7ed/sm/snapshot.1_0
2023-04-21 06:16:34,707 [4333bcaf-cc70-4ceb-8f29-2dbb294defd1-impl-thread3] INFO  impl.StateMachineUpdater (StateMachineUpdater.java:stopAndJoin(153)) - 4333bcaf-cc70-4ceb-8f29-2dbb294defd1@group-CDE1599EC7ED-StateMachineUpdater: set stopIndex = 0
2023-04-21 06:16:34,707 [4333bcaf-cc70-4ceb-8f29-2dbb294defd1@group-CDE1599EC7ED-StateMachineUpdater] INFO  ratis.ContainerStateMachine (ContainerStateMachine.java:takeSnapshot(341)) - group-CDE1599EC7ED: Finished taking a snapshot at:(t:1, i:0) file:/home/runner/work/ozone/ozone/hadoop-ozone/integration-test/target/test-dir/MiniOzoneClusterImpl-48be086b-510e-48a6-912b-c1dd212c4943/datanode-0/data/ratis/976c059f-d090-4221-958f-cde1599ec7ed/sm/snapshot.1_0 took: 0 ms
2023-04-21 06:16:34,707 [4333bcaf-cc70-4ceb-8f29-2dbb294defd1@group-CDE1599EC7ED-StateMachineUpdater] INFO  impl.StateMachineUpdater (StateMachineUpdater.java:takeSnapshot(287)) - 4333bcaf-cc70-4ceb-8f29-2dbb294defd1@group-CDE1599EC7ED-StateMachineUpdater: Took a snapshot at index 0
2023-04-21 06:16:34,707 [4333bcaf-cc70-4ceb-8f29-2dbb294defd1@group-CDE1599EC7ED-StateMachineUpdater] INFO  impl.StateMachineUpdater (StateMachineUpdater.java:lambda$new$0(92)) - 4333bcaf-cc70-4ceb-8f29-2dbb294defd1@group-CDE1599EC7ED-StateMachineUpdater: snapshotIndex: updateIncreasingly -1 -> 0
2023-04-21 06:16:34,708 [4333bcaf-cc70-4ceb-8f29-2dbb294defd1-impl-thread3] INFO  server.RaftServer$Division (ServerState.java:close(466)) - 4333bcaf-cc70-4ceb-8f29-2dbb294defd1@group-CDE1599EC7ED: closes. applyIndex: 0
2023-04-21 06:16:34,708 [4333bcaf-cc70-4ceb-8f29-2dbb294defd1@group-CDE1599EC7ED-SegmentedRaftLogWorker] INFO  segmented.SegmentedRaftLogWorker (SegmentedRaftLogWorker.java:run(347)) - 4333bcaf-cc70-4ceb-8f29-2dbb294defd1@group-CDE1599EC7ED-SegmentedRaftLogWorker was interrupted, exiting. There are 0 tasks remaining in the queue.
2023-04-21 06:16:34,717 [8f9d2216-a166-4295-9524-f6ac7a5d11df@group-3086453C39A6-FollowerState] INFO  impl.FollowerState (FollowerState.java:run(143)) - 8f9d2216-a166-4295-9524-f6ac7a5d11df@group-3086453C39A6-FollowerState: change to CANDIDATE, lastRpcElapsedTime:5150508972ns, electionTimeout:5149ms
2023-04-21 06:16:34,717 [8f9d2216-a166-4295-9524-f6ac7a5d11df@group-3086453C39A6-FollowerState] INFO  impl.RoleInfo (RoleInfo.java:shutdownFollowerState(110)) - 8f9d2216-a166-4295-9524-f6ac7a5d11df: shutdown 8f9d2216-a166-4295-9524-f6ac7a5d11df@group-3086453C39A6-FollowerState
2023-04-21 06:16:34,717 [8f9d2216-a166-4295-9524-f6ac7a5d11df@group-3086453C39A6-FollowerState] INFO  server.RaftServer$Division (RaftServerImpl.java:setRole(321)) - 8f9d2216-a166-4295-9524-f6ac7a5d11df@group-3086453C39A6: changes role from  FOLLOWER to CANDIDATE at term 0 for changeToCandidate
2023-04-21 06:16:34,717 [8f9d2216-a166-4295-9524-f6ac7a5d11df@group-3086453C39A6-FollowerState] INFO  server.RaftServerConfigKeys (ConfUtils.java:logGet(46)) - raft.server.leaderelection.pre-vote = true (default)
2023-04-21 06:16:34,720 [8f9d2216-a166-4295-9524-f6ac7a5d11df@group-3086453C39A6-FollowerState] INFO  impl.RoleInfo (RoleInfo.java:updateAndGet(139)) - 8f9d2216-a166-4295-9524-f6ac7a5d11df: start 8f9d2216-a166-4295-9524-f6ac7a5d11df@group-3086453C39A6-LeaderElection16
2023-04-21 06:16:34,720 [grpc-default-executor-4] INFO  server.GrpcLogAppender (GrpcLogAppender.java:onCompleted(415)) - 4333bcaf-cc70-4ceb-8f29-2dbb294defd1@group-E5AB5397A847->8f9d2216-a166-4295-9524-f6ac7a5d11df-AppendLogResponseHandler: follower responses appendEntries COMPLETED
2023-04-21 06:16:34,720 [grpc-default-executor-4] WARN  server.GrpcLogAppender (GrpcLogAppender.java:resetClient(137)) - 4333bcaf-cc70-4ceb-8f29-2dbb294defd1@group-E5AB5397A847->8f9d2216-a166-4295-9524-f6ac7a5d11df-GrpcLogAppender: Failed to getClient for 8f9d2216-a166-4295-9524-f6ac7a5d11df
org.apache.ratis.protocol.exceptions.AlreadyClosedException: 4333bcaf-cc70-4ceb-8f29-2dbb294defd1 is already CLOSED
	at org.apache.ratis.util.PeerProxyMap$PeerAndProxy.getProxy(PeerProxyMap.java:61)
	at org.apache.ratis.util.PeerProxyMap.getProxy(PeerProxyMap.java:115)
	at org.apache.ratis.grpc.server.GrpcLogAppender.getClient(GrpcLogAppender.java:116)
	at org.apache.ratis.grpc.server.GrpcLogAppender.resetClient(GrpcLogAppender.java:121)
	at org.apache.ratis.grpc.server.GrpcLogAppender.access$500(GrpcLogAppender.java:58)
	at org.apache.ratis.grpc.server.GrpcLogAppender$AppendLogResponseHandler.onCompleted(GrpcLogAppender.java:416)
	at org.apache.ratis.thirdparty.io.grpc.stub.ClientCalls$StreamObserverToCallListenerAdapter.onClose(ClientCalls.java:485)
	at org.apache.ratis.thirdparty.io.grpc.internal.DelayedClientCall$DelayedListener$3.run(DelayedClientCall.java:468)
	at org.apache.ratis.thirdparty.io.grpc.internal.DelayedClientCall$DelayedListener.delayOrExecute(DelayedClientCall.java:432)
	at org.apache.ratis.thirdparty.io.grpc.internal.DelayedClientCall$DelayedListener.onClose(DelayedClientCall.java:465)
	at org.apache.ratis.thirdparty.io.grpc.internal.ClientCallImpl.closeObserver(ClientCallImpl.java:562)
	at org.apache.ratis.thirdparty.io.grpc.internal.ClientCallImpl.access$300(ClientCallImpl.java:70)
	at org.apache.ratis.thirdparty.io.grpc.internal.ClientCallImpl$ClientStreamListenerImpl$1StreamClosed.runInternal(ClientCallImpl.java:743)
	at org.apache.ratis.thirdparty.io.grpc.internal.ClientCallImpl$ClientStreamListenerImpl$1StreamClosed.runInContext(ClientCallImpl.java:722)
	at org.apache.ratis.thirdparty.io.grpc.internal.ContextRunnable.run(ContextRunnable.java:37)
	at org.apache.ratis.thirdparty.io.grpc.internal.SerializingExecutor.run(SerializingExecutor.java:133)
	at java.util.concurrent.ThreadPoolExecutor.runWorker(ThreadPoolExecutor.java:1149)
	at java.util.concurrent.ThreadPoolExecutor$Worker.run(ThreadPoolExecutor.java:624)
	at java.lang.Thread.run(Thread.java:750)
2023-04-21 06:16:34,720 [grpc-default-executor-3] WARN  server.GrpcServerProtocolService (LogUtils.java:warn(122)) - 4333bcaf-cc70-4ceb-8f29-2dbb294defd1: installSnapshot onError, lastRequest: null: org.apache.ratis.thirdparty.io.grpc.StatusRuntimeException: CANCELLED: client cancelled
2023-04-21 06:16:34,720 [grpc-default-executor-8] WARN  server.GrpcServerProtocolService (LogUtils.java:warn(122)) - 4333bcaf-cc70-4ceb-8f29-2dbb294defd1: installSnapshot onError, lastRequest: 8f9d2216-a166-4295-9524-f6ac7a5d11df->4333bcaf-cc70-4ceb-8f29-2dbb294defd1#1-t1,previous=(t:0, i:0),leaderCommit=0,initializing? true,entries: size=1, first=(t:1, i:0), CONFIGURATIONENTRY(current:id: "8f9d2216-a166-4295-9524-f6ac7a5d11df"
address: "10.1.0.35:45461"
priority: 1
dataStreamAddress: "10.1.0.35:33995"
clientAddress: "10.1.0.35:45461"
adminAddress: "10.1.0.35:45461"
startupRole: FOLLOWER
,id: "307e815f-95b2-473e-9bb5-509f867b7773"
address: "10.1.0.35:37293"
dataStreamAddress: "10.1.0.35:42973"
clientAddress: "10.1.0.35:37293"
adminAddress: "10.1.0.35:37293"
startupRole: FOLLOWER
,id: "4333bcaf-cc70-4ceb-8f29-2dbb294defd1"
address: "10.1.0.35:36539"
dataStreamAddress: "10.1.0.35:46449"
clientAddress: "10.1.0.35:36539"
adminAddress: "10.1.0.35:36539"
startupRole: FOLLOWER
, old:): org.apache.ratis.thirdparty.io.grpc.StatusRuntimeException: CANCELLED: client cancelled
2023-04-21 06:16:34,719 [grpc-default-executor-6] WARN  server.GrpcLogAppender (LogUtils.java:warn(122)) - 8f9d2216-a166-4295-9524-f6ac7a5d11df@group-8C428F4C7EBC->4333bcaf-cc70-4ceb-8f29-2dbb294defd1-AppendLogResponseHandler: Failed appendEntries: org.apache.ratis.thirdparty.io.grpc.StatusRuntimeException: CANCELLED: RST_STREAM closed stream. HTTP/2 error code: CANCEL
2023-04-21 06:16:34,721 [grpc-default-executor-6] WARN  server.GrpcLogAppender (GrpcLogAppender.java:resetClient(131)) - 8f9d2216-a166-4295-9524-f6ac7a5d11df@group-8C428F4C7EBC->4333bcaf-cc70-4ceb-8f29-2dbb294defd1-GrpcLogAppender: Leader has not got in touch with Follower 8f9d2216-a166-4295-9524-f6ac7a5d11df@group-8C428F4C7EBC->4333bcaf-cc70-4ceb-8f29-2dbb294defd1(c0,m0,n1, attendVote=true, lastRpcSendTime=502, lastRpcResponseTime=489) yet, just keep nextIndex unchanged and retry.
2023-04-21 06:16:34,721 [307e815f-95b2-473e-9bb5-509f867b7773-impl-thread3] INFO  segmented.SegmentedRaftLogWorker (SegmentedRaftLogWorker.java:close(257)) - 307e815f-95b2-473e-9bb5-509f867b7773@group-8C428F4C7EBC-SegmentedRaftLogWorker close()
2023-04-21 06:16:34,718 [ForkJoinPool.commonPool-worker-0] INFO  server.GrpcServerProtocolClient (GrpcServerProtocolClient.java:close(101)) - 8f9d2216-a166-4295-9524-f6ac7a5d11df Close channels
2023-04-21 06:16:34,725 [4333bcaf-cc70-4ceb-8f29-2dbb294defd1@group-E5AB5397A847->307e815f-95b2-473e-9bb5-509f867b7773-GrpcLogAppender-LogAppenderDaemon] ERROR leader.LogAppenderDaemon (LogAppenderDaemon.java:run(87)) - 4333bcaf-cc70-4ceb-8f29-2dbb294defd1@group-E5AB5397A847->307e815f-95b2-473e-9bb5-509f867b7773-GrpcLogAppender-LogAppenderDaemon failed
java.lang.IllegalArgumentException: 4333bcaf-cc70-4ceb-8f29-2dbb294defd1@group-E5AB5397A847-SegmentedRaftLog is expected to be opened but it is CLOSED
	at org.apache.ratis.util.OpenCloseState.assertOpen(OpenCloseState.java:63)
	at org.apache.ratis.server.raftlog.RaftLogBase.checkLogState(RaftLogBase.java:111)
	at org.apache.ratis.server.raftlog.segmented.SegmentedRaftLog.getTermIndex(SegmentedRaftLog.java:323)
	at org.apache.ratis.server.leader.LogAppenderBase.getPrevious(LogAppenderBase.java:148)
	at org.apache.ratis.server.leader.LogAppenderBase.newAppendEntriesRequest(LogAppenderBase.java:168)
	at org.apache.ratis.grpc.server.GrpcLogAppender.appendLog(GrpcLogAppender.java:271)
	at org.apache.ratis.grpc.server.GrpcLogAppender.run(GrpcLogAppender.java:168)
	at org.apache.ratis.server.leader.LogAppenderDaemon.run(LogAppenderDaemon.java:78)
	at java.lang.Thread.run(Thread.java:750)
Caused by: org.apache.ratis.util.OpenCloseState$CloseTrace: Close 4333bcaf-cc70-4ceb-8f29-2dbb294defd1@group-E5AB5397A847-SegmentedRaftLog
	at org.apache.ratis.util.OpenCloseState.lambda$close$1(OpenCloseState.java:109)
	at java.util.concurrent.atomic.AtomicReference.getAndUpdate(AtomicReference.java:160)
	at org.apache.ratis.util.OpenCloseState.close(OpenCloseState.java:109)
	at org.apache.ratis.server.raftlog.RaftLogBase.close(RaftLogBase.java:365)
	at org.apache.ratis.server.raftlog.segmented.SegmentedRaftLog.close(SegmentedRaftLog.java:506)
	at org.apache.ratis.server.impl.ServerState.close(ServerState.java:468)
	at org.apache.ratis.server.impl.RaftServerImpl.lambda$close$4(RaftServerImpl.java:480)
	at org.apache.ratis.util.LifeCycle.lambda$checkStateAndClose$4(LifeCycle.java:299)
	at org.apache.ratis.util.LifeCycle.checkStateAndClose(LifeCycle.java:319)
	at org.apache.ratis.util.LifeCycle.checkStateAndClose(LifeCycle.java:297)
	at org.apache.ratis.server.impl.RaftServerImpl.close(RaftServerImpl.java:457)
	at org.apache.ratis.server.impl.RaftServerProxy$ImplMap.close(RaftServerProxy.java:132)
	at org.apache.ratis.server.impl.RaftServerProxy$ImplMap.lambda$close$0(RaftServerProxy.java:119)
	at org.apache.ratis.util.ConcurrentUtils.accept(ConcurrentUtils.java:173)
	at org.apache.ratis.util.ConcurrentUtils.lambda$null$3(ConcurrentUtils.java:165)
	at java.util.concurrent.ThreadPoolExecutor.runWorker(ThreadPoolExecutor.java:1149)
	at java.util.concurrent.ThreadPoolExecutor$Worker.run(ThreadPoolExecutor.java:624)
	... 1 more
2023-04-21 06:16:34,726 [4333bcaf-cc70-4ceb-8f29-2dbb294defd1-impl-thread1] INFO  segmented.SegmentedRaftLogWorker (SegmentedRaftLogWorker.java:close(257)) - 4333bcaf-cc70-4ceb-8f29-2dbb294defd1@group-E5AB5397A847-SegmentedRaftLogWorker close()
2023-04-21 06:16:34,726 [4333bcaf-cc70-4ceb-8f29-2dbb294defd1-impl-thread3] INFO  segmented.SegmentedRaftLogWorker (SegmentedRaftLogWorker.java:close(257)) - 4333bcaf-cc70-4ceb-8f29-2dbb294defd1@group-CDE1599EC7ED-SegmentedRaftLogWorker close()
2023-04-21 06:16:34,726 [4333bcaf-cc70-4ceb-8f29-2dbb294defd1-impl-thread2] INFO  segmented.SegmentedRaftLogWorker (SegmentedRaftLogWorker.java:close(257)) - 4333bcaf-cc70-4ceb-8f29-2dbb294defd1@group-8C428F4C7EBC-SegmentedRaftLogWorker close()
2023-04-21 06:16:34,726 [grpc-default-executor-5] WARN  server.GrpcLogAppender (LogUtils.java:warn(122)) - 8f9d2216-a166-4295-9524-f6ac7a5d11df@group-8C428F4C7EBC->4333bcaf-cc70-4ceb-8f29-2dbb294defd1-AppendLogResponseHandler: Failed appendEntries: org.apache.ratis.thirdparty.io.grpc.StatusRuntimeException: CANCELLED: RST_STREAM closed stream. HTTP/2 error code: CANCEL
2023-04-21 06:16:34,728 [grpc-default-executor-5] WARN  server.GrpcLogAppender (GrpcLogAppender.java:resetClient(131)) - 8f9d2216-a166-4295-9524-f6ac7a5d11df@group-8C428F4C7EBC->4333bcaf-cc70-4ceb-8f29-2dbb294defd1-GrpcLogAppender: Leader has not got in touch with Follower 8f9d2216-a166-4295-9524-f6ac7a5d11df@group-8C428F4C7EBC->4333bcaf-cc70-4ceb-8f29-2dbb294defd1(c0,m0,n1, attendVote=true, lastRpcSendTime=509, lastRpcResponseTime=496) yet, just keep nextIndex unchanged and retry.
2023-04-21 06:16:34,732 [ForkJoinPool.commonPool-worker-0] INFO  server.GrpcServerProtocolClient (GrpcServerProtocolClient.java:close(101)) - 307e815f-95b2-473e-9bb5-509f867b7773 Close channels
2023-04-21 06:16:34,732 [JvmPauseMonitor8] INFO  util.JvmPauseMonitor (JvmPauseMonitor.java:run(111)) - JvmPauseMonitor-307e815f-95b2-473e-9bb5-509f867b7773: Stopped
2023-04-21 06:16:34,733 [ForkJoinPool.commonPool-worker-0] INFO  server.GrpcService (GrpcService.java:closeImpl(280)) - 4333bcaf-cc70-4ceb-8f29-2dbb294defd1: shutdown server GrpcServerProtocolService successfully
2023-04-21 06:16:34,733 [4333bcaf-cc70-4ceb-8f29-2dbb294defd1-NettyServerStreamRpc-bossGroup--thread1] INFO  logging.LoggingHandler (AbstractInternalLogger.java:log(148)) - [id: 0xd8408fe3, L:/0:0:0:0:0:0:0:0:46449] CLOSE
2023-04-21 06:16:34,734 [4333bcaf-cc70-4ceb-8f29-2dbb294defd1-NettyServerStreamRpc-bossGroup--thread1] INFO  logging.LoggingHandler (AbstractInternalLogger.java:log(148)) - [id: 0xd8408fe3, L:/0:0:0:0:0:0:0:0:46449] INACTIVE
2023-04-21 06:16:34,734 [4333bcaf-cc70-4ceb-8f29-2dbb294defd1-NettyServerStreamRpc-bossGroup--thread1] INFO  logging.LoggingHandler (AbstractInternalLogger.java:log(148)) - [id: 0xd8408fe3, L:/0:0:0:0:0:0:0:0:46449] UNREGISTERED
2023-04-21 06:16:34,747 [8f9d2216-a166-4295-9524-f6ac7a5d11df@group-3086453C39A6-LeaderElection16] INFO  impl.LeaderElection (LeaderElection.java:askForVotes(312)) - 8f9d2216-a166-4295-9524-f6ac7a5d11df@group-3086453C39A6-LeaderElection16 PRE_VOTE round 0: submit vote requests at term 0 for -1: peers:[8f9d2216-a166-4295-9524-f6ac7a5d11df|rpc:10.1.0.35:45461|dataStream:10.1.0.35:33995|priority:1|startupRole:FOLLOWER]|listeners:[], old=null
2023-04-21 06:16:34,747 [8f9d2216-a166-4295-9524-f6ac7a5d11df@group-3086453C39A6-LeaderElection16] INFO  impl.LeaderElection (LeaderElection.java:askForVotes(314)) - 8f9d2216-a166-4295-9524-f6ac7a5d11df@group-3086453C39A6-LeaderElection16 PRE_VOTE round 0: result PASSED (term=0)
2023-04-21 06:16:34,752 [8f9d2216-a166-4295-9524-f6ac7a5d11df@group-3086453C39A6-LeaderElection16] INFO  impl.LeaderElection (LeaderElection.java:askForVotes(312)) - 8f9d2216-a166-4295-9524-f6ac7a5d11df@group-3086453C39A6-LeaderElection16 ELECTION round 0: submit vote requests at term 1 for -1: peers:[8f9d2216-a166-4295-9524-f6ac7a5d11df|rpc:10.1.0.35:45461|dataStream:10.1.0.35:33995|priority:1|startupRole:FOLLOWER]|listeners:[], old=null
2023-04-21 06:16:34,752 [8f9d2216-a166-4295-9524-f6ac7a5d11df@group-3086453C39A6-LeaderElection16] INFO  impl.LeaderElection (LeaderElection.java:askForVotes(314)) - 8f9d2216-a166-4295-9524-f6ac7a5d11df@group-3086453C39A6-LeaderElection16 ELECTION round 0: result PASSED (term=1)
2023-04-21 06:16:34,752 [8f9d2216-a166-4295-9524-f6ac7a5d11df@group-3086453C39A6-LeaderElection16] INFO  impl.RoleInfo (RoleInfo.java:shutdownLeaderElection(130)) - 8f9d2216-a166-4295-9524-f6ac7a5d11df: shutdown 8f9d2216-a166-4295-9524-f6ac7a5d11df@group-3086453C39A6-LeaderElection16
2023-04-21 06:16:34,752 [8f9d2216-a166-4295-9524-f6ac7a5d11df@group-3086453C39A6-LeaderElection16] INFO  server.RaftServer$Division (RaftServerImpl.java:setRole(321)) - 8f9d2216-a166-4295-9524-f6ac7a5d11df@group-3086453C39A6: changes role from CANDIDATE to LEADER at term 1 for changeToLeader
2023-04-21 06:16:34,752 [8f9d2216-a166-4295-9524-f6ac7a5d11df@group-3086453C39A6-LeaderElection16] INFO  ratis.XceiverServerRatis (XceiverServerRatis.java:handleLeaderChangedNotification(904)) - Leader change notification received for group: group-3086453C39A6 with new leaderId: 8f9d2216-a166-4295-9524-f6ac7a5d11df
2023-04-21 06:16:34,752 [8f9d2216-a166-4295-9524-f6ac7a5d11df@group-3086453C39A6-LeaderElection16] INFO  server.RaftServer$Division (ServerState.java:setLeader(313)) - 8f9d2216-a166-4295-9524-f6ac7a5d11df@group-3086453C39A6: change Leader from null to 8f9d2216-a166-4295-9524-f6ac7a5d11df at term 1 for becomeLeader, leader elected after 5210ms
2023-04-21 06:16:34,752 [8f9d2216-a166-4295-9524-f6ac7a5d11df@group-3086453C39A6-LeaderElection16] INFO  server.RaftServerConfigKeys (ConfUtils.java:logGet(46)) - raft.server.staging.catchup.gap = 1000 (default)
2023-04-21 06:16:34,752 [8f9d2216-a166-4295-9524-f6ac7a5d11df@group-3086453C39A6-LeaderElection16] INFO  server.RaftServerConfigKeys (ConfUtils.java:logGet(46)) - raft.server.write.element-limit = 1024 (custom)
2023-04-21 06:16:34,752 [8f9d2216-a166-4295-9524-f6ac7a5d11df@group-3086453C39A6-LeaderElection16] INFO  server.RaftServerConfigKeys (ConfUtils.java:logGet(46)) - raft.server.write.byte-limit = 1024 M (=1073741824) (custom)
2023-04-21 06:16:34,753 [8f9d2216-a166-4295-9524-f6ac7a5d11df@group-3086453C39A6-LeaderElection16] INFO  server.RaftServerConfigKeys (ConfUtils.java:logGet(46)) - raft.server.watch.timeout = 180s (custom)
2023-04-21 06:16:34,753 [8f9d2216-a166-4295-9524-f6ac7a5d11df@group-3086453C39A6-LeaderElection16] INFO  server.RaftServerConfigKeys (ConfUtils.java:logGet(46)) - raft.server.watch.timeout.denomination = 1s (default)
2023-04-21 06:16:34,753 [8f9d2216-a166-4295-9524-f6ac7a5d11df@group-3086453C39A6-LeaderElection16] INFO  server.RaftServerConfigKeys (ConfUtils.java:logGet(46)) - raft.server.watch.element-limit = 65536 (default)
2023-04-21 06:16:34,753 [8f9d2216-a166-4295-9524-f6ac7a5d11df@group-3086453C39A6-LeaderElection16] INFO  server.RaftServerConfigKeys (ConfUtils.java:logGet(46)) - raft.server.write.element-limit = 1024 (custom)
2023-04-21 06:16:34,753 [8f9d2216-a166-4295-9524-f6ac7a5d11df@group-3086453C39A6-LeaderElection16] INFO  server.RaftServerConfigKeys (ConfUtils.java:logGet(46)) - raft.server.write.follower.gap.ratio.max = -1.0 (default)
2023-04-21 06:16:34,753 [8f9d2216-a166-4295-9524-f6ac7a5d11df@group-3086453C39A6-LeaderElection16] INFO  impl.RoleInfo (RoleInfo.java:updateAndGet(139)) - 8f9d2216-a166-4295-9524-f6ac7a5d11df: start 8f9d2216-a166-4295-9524-f6ac7a5d11df@group-3086453C39A6-LeaderStateImpl
2023-04-21 06:16:34,753 [8f9d2216-a166-4295-9524-f6ac7a5d11df@group-3086453C39A6-LeaderElection16] INFO  segmented.SegmentedRaftLogWorker (SegmentedRaftLogWorker.java:startLogSegment(452)) - 8f9d2216-a166-4295-9524-f6ac7a5d11df@group-3086453C39A6-SegmentedRaftLogWorker: Starting segment from index:0
2023-04-21 06:16:34,755 [8f9d2216-a166-4295-9524-f6ac7a5d11df@group-3086453C39A6-SegmentedRaftLogWorker] INFO  segmented.SegmentedRaftLogWorker (SegmentedRaftLogWorker.java:execute(656)) - 8f9d2216-a166-4295-9524-f6ac7a5d11df@group-3086453C39A6-SegmentedRaftLogWorker: created new log segment /home/runner/work/ozone/ozone/hadoop-ozone/integration-test/target/test-dir/MiniOzoneClusterImpl-48be086b-510e-48a6-912b-c1dd212c4943/datanode-2/data/ratis/42471573-c697-4e35-a199-3086453c39a6/current/log_inprogress_0
2023-04-21 06:16:34,766 [8f9d2216-a166-4295-9524-f6ac7a5d11df@group-3086453C39A6-LeaderElection16] INFO  server.RaftServer$Division (ServerState.java:setRaftConf(430)) - 8f9d2216-a166-4295-9524-f6ac7a5d11df@group-3086453C39A6: set configuration 0: peers:[8f9d2216-a166-4295-9524-f6ac7a5d11df|rpc:10.1.0.35:45461|dataStream:10.1.0.35:33995|priority:1|startupRole:FOLLOWER]|listeners:[], old=null
2023-04-21 06:16:34,775 [JvmPauseMonitor7] INFO  util.JvmPauseMonitor (JvmPauseMonitor.java:run(111)) - JvmPauseMonitor-4333bcaf-cc70-4ceb-8f29-2dbb294defd1: Stopped
2023-04-21 06:16:36,732 [grpc-default-executor-3] WARN  server.GrpcLogAppender (LogUtils.java:warn(122)) - 8f9d2216-a166-4295-9524-f6ac7a5d11df@group-8C428F4C7EBC->307e815f-95b2-473e-9bb5-509f867b7773-AppendLogResponseHandler: Failed appendEntries: org.apache.ratis.thirdparty.io.grpc.StatusRuntimeException: UNAVAILABLE: io exception
2023-04-21 06:16:36,733 [grpc-default-executor-3] WARN  server.GrpcLogAppender (GrpcLogAppender.java:resetClient(131)) - 8f9d2216-a166-4295-9524-f6ac7a5d11df@group-8C428F4C7EBC->307e815f-95b2-473e-9bb5-509f867b7773-GrpcLogAppender: Leader has not got in touch with Follower 8f9d2216-a166-4295-9524-f6ac7a5d11df@group-8C428F4C7EBC->307e815f-95b2-473e-9bb5-509f867b7773(c0,m0,n1, attendVote=true, lastRpcSendTime=2, lastRpcResponseTime=2504) yet, just keep nextIndex unchanged and retry.
2023-04-21 06:16:36,734 [grpc-default-executor-3] WARN  server.GrpcLogAppender (LogUtils.java:warn(122)) - 8f9d2216-a166-4295-9524-f6ac7a5d11df@group-8C428F4C7EBC->307e815f-95b2-473e-9bb5-509f867b7773-AppendLogResponseHandler: Failed appendEntries: org.apache.ratis.thirdparty.io.grpc.StatusRuntimeException: UNAVAILABLE: io exception
2023-04-21 06:16:36,735 [grpc-default-executor-3] WARN  server.GrpcLogAppender (GrpcLogAppender.java:resetClient(131)) - 8f9d2216-a166-4295-9524-f6ac7a5d11df@group-8C428F4C7EBC->307e815f-95b2-473e-9bb5-509f867b7773-GrpcLogAppender: Leader has not got in touch with Follower 8f9d2216-a166-4295-9524-f6ac7a5d11df@group-8C428F4C7EBC->307e815f-95b2-473e-9bb5-509f867b7773(c0,m0,n1, attendVote=true, lastRpcSendTime=4, lastRpcResponseTime=2506) yet, just keep nextIndex unchanged and retry.
2023-04-21 06:16:36,740 [grpc-default-executor-3] WARN  server.GrpcLogAppender (LogUtils.java:warn(122)) - 8f9d2216-a166-4295-9524-f6ac7a5d11df@group-8C428F4C7EBC->4333bcaf-cc70-4ceb-8f29-2dbb294defd1-AppendLogResponseHandler: Failed appendEntries: org.apache.ratis.thirdparty.io.grpc.StatusRuntimeException: UNAVAILABLE: io exception
2023-04-21 06:16:36,743 [grpc-default-executor-8] WARN  server.GrpcLogAppender (LogUtils.java:warn(122)) - 8f9d2216-a166-4295-9524-f6ac7a5d11df@group-8C428F4C7EBC->4333bcaf-cc70-4ceb-8f29-2dbb294defd1-AppendLogResponseHandler: Failed appendEntries: org.apache.ratis.thirdparty.io.grpc.StatusRuntimeException: UNAVAILABLE: io exception
2023-04-21 06:16:36,744 [grpc-default-executor-3] WARN  server.GrpcLogAppender (GrpcLogAppender.java:resetClient(131)) - 8f9d2216-a166-4295-9524-f6ac7a5d11df@group-8C428F4C7EBC->4333bcaf-cc70-4ceb-8f29-2dbb294defd1-GrpcLogAppender: Leader has not got in touch with Follower 8f9d2216-a166-4295-9524-f6ac7a5d11df@group-8C428F4C7EBC->4333bcaf-cc70-4ceb-8f29-2dbb294defd1(c0,m0,n1, attendVote=true, lastRpcSendTime=2524, lastRpcResponseTime=2512) yet, just keep nextIndex unchanged and retry.
2023-04-21 06:16:36,744 [grpc-default-executor-8] WARN  server.GrpcLogAppender (GrpcLogAppender.java:resetClient(131)) - 8f9d2216-a166-4295-9524-f6ac7a5d11df@group-8C428F4C7EBC->4333bcaf-cc70-4ceb-8f29-2dbb294defd1-GrpcLogAppender: Leader has not got in touch with Follower 8f9d2216-a166-4295-9524-f6ac7a5d11df@group-8C428F4C7EBC->4333bcaf-cc70-4ceb-8f29-2dbb294defd1(c0,m0,n1, attendVote=true, lastRpcSendTime=2525, lastRpcResponseTime=2512) yet, just keep nextIndex unchanged and retry.
2023-04-21 06:16:36,745 [grpc-default-executor-8] WARN  server.GrpcLogAppender (LogUtils.java:warn(122)) - 8f9d2216-a166-4295-9524-f6ac7a5d11df@group-8C428F4C7EBC->4333bcaf-cc70-4ceb-8f29-2dbb294defd1-AppendLogResponseHandler: Failed appendEntries: org.apache.ratis.thirdparty.io.grpc.StatusRuntimeException: UNAVAILABLE: io exception
2023-04-21 06:16:36,745 [grpc-default-executor-3] WARN  server.GrpcLogAppender (LogUtils.java:warn(122)) - 8f9d2216-a166-4295-9524-f6ac7a5d11df@group-8C428F4C7EBC->4333bcaf-cc70-4ceb-8f29-2dbb294defd1-AppendLogResponseHandler: Failed appendEntries: org.apache.ratis.thirdparty.io.grpc.StatusRuntimeException: UNAVAILABLE: io exception
2023-04-21 06:16:36,746 [grpc-default-executor-8] WARN  server.GrpcLogAppender (GrpcLogAppender.java:resetClient(131)) - 8f9d2216-a166-4295-9524-f6ac7a5d11df@group-8C428F4C7EBC->4333bcaf-cc70-4ceb-8f29-2dbb294defd1-GrpcLogAppender: Leader has not got in touch with Follower 8f9d2216-a166-4295-9524-f6ac7a5d11df@group-8C428F4C7EBC->4333bcaf-cc70-4ceb-8f29-2dbb294defd1(c0,m0,n1, attendVote=true, lastRpcSendTime=0, lastRpcResponseTime=2514) yet, just keep nextIndex unchanged and retry.
2023-04-21 06:16:36,748 [grpc-default-executor-3] WARN  server.GrpcLogAppender (GrpcLogAppender.java:resetClient(131)) - 8f9d2216-a166-4295-9524-f6ac7a5d11df@group-8C428F4C7EBC->4333bcaf-cc70-4ceb-8f29-2dbb294defd1-GrpcLogAppender: Leader has not got in touch with Follower 8f9d2216-a166-4295-9524-f6ac7a5d11df@group-8C428F4C7EBC->4333bcaf-cc70-4ceb-8f29-2dbb294defd1(c0,m0,n1, attendVote=true, lastRpcSendTime=2, lastRpcResponseTime=2516) yet, just keep nextIndex unchanged and retry.
2023-04-21 06:16:36,762 [Listener at 127.0.0.1/32823] INFO  volume.HddsVolume (HddsVolume.java:closeDbStore(437)) - SchemaV3 db is stopped at /home/runner/work/ozone/ozone/hadoop-ozone/integration-test/target/test-dir/MiniOzoneClusterImpl-48be086b-510e-48a6-912b-c1dd212c4943/datanode-1/data-0/containers/hdds/48be086b-510e-48a6-912b-c1dd212c4943/DS-d5056d96-4043-4559-a198-dcd8097b7241/container.db for volume DS-d5056d96-4043-4559-a198-dcd8097b7241
2023-04-21 06:16:36,762 [Listener at 127.0.0.1/32823] INFO  utils.BackgroundService (BackgroundService.java:shutdown(141)) - Shutting down service BlockDeletingService
2023-04-21 06:16:36,766 [Listener at 127.0.0.1/32823] INFO  utils.BackgroundService (BackgroundService.java:shutdown(141)) - Shutting down service StaleRecoveringContainerScrubbingService
2023-04-21 06:16:36,767 [Listener at 127.0.0.1/32823] INFO  statemachine.DatanodeStateMachine (DatanodeStateMachine.java:stopDaemon(601)) - Ozone container server stopped.
2023-04-21 06:16:36,778 [Listener at 127.0.0.1/32823] INFO  handler.ContextHandler (ContextHandler.java:doStop(1159)) - Stopped o.e.j.w.WebAppContext@4a70bf48{hddsDatanode,/,null,STOPPED}{jar:file:/home/runner/.m2/repository/org/apache/ozone/hdds-container-service/1.4.0-SNAPSHOT/hdds-container-service-1.4.0-SNAPSHOT.jar!/webapps/hddsDatanode}
2023-04-21 06:16:36,782 [Listener at 127.0.0.1/32823] INFO  server.AbstractConnector (AbstractConnector.java:doStop(383)) - Stopped ServerConnector@172d4838{HTTP/1.1, (http/1.1)}{0.0.0.0:0}
2023-04-21 06:16:36,784 [Listener at 127.0.0.1/32823] INFO  server.session (HouseKeeper.java:stopScavenging(149)) - node0 Stopped scavenging
2023-04-21 06:16:36,784 [Listener at 127.0.0.1/32823] INFO  handler.ContextHandler (ContextHandler.java:doStop(1159)) - Stopped o.e.j.s.ServletContextHandler@5260a36{static,/static,jar:file:/home/runner/.m2/repository/org/apache/ozone/hdds-container-service/1.4.0-SNAPSHOT/hdds-container-service-1.4.0-SNAPSHOT.jar!/webapps/static,STOPPED}
2023-04-21 06:16:36,784 [Listener at 127.0.0.1/32823] INFO  handler.ContextHandler (ContextHandler.java:doStop(1159)) - Stopped o.e.j.s.ServletContextHandler@4d5de4ec{logs,/logs,file:///home/runner/work/ozone/ozone/hadoop-ozone/integration-test/target/log,STOPPED}
2023-04-21 06:16:36,789 [Listener at 127.0.0.1/32823] INFO  ozoneimpl.OzoneContainer (OzoneContainer.java:stop(419)) - Attempting to stop container services.
2023-04-21 06:16:36,795 [Listener at 127.0.0.1/32823] INFO  server.RaftServer (RaftServerProxy.java:lambda$close$6(409)) - 8f9d2216-a166-4295-9524-f6ac7a5d11df: close
2023-04-21 06:16:36,796 [8f9d2216-a166-4295-9524-f6ac7a5d11df-impl-thread1] INFO  server.RaftServer$Division (RaftServerImpl.java:lambda$close$4(458)) - 8f9d2216-a166-4295-9524-f6ac7a5d11df@group-3086453C39A6: shutdown
2023-04-21 06:16:36,796 [8f9d2216-a166-4295-9524-f6ac7a5d11df-impl-thread1] INFO  util.JmxRegister (JmxRegister.java:unregister(73)) - Successfully un-registered JMX Bean with object name Ratis:service=RaftServer,group=group-3086453C39A6,id=8f9d2216-a166-4295-9524-f6ac7a5d11df
2023-04-21 06:16:36,796 [8f9d2216-a166-4295-9524-f6ac7a5d11df-impl-thread1] INFO  impl.RoleInfo (RoleInfo.java:shutdownLeaderState(93)) - 8f9d2216-a166-4295-9524-f6ac7a5d11df: shutdown 8f9d2216-a166-4295-9524-f6ac7a5d11df@group-3086453C39A6-LeaderStateImpl
2023-04-21 06:16:36,796 [8f9d2216-a166-4295-9524-f6ac7a5d11df-impl-thread1] INFO  impl.PendingRequests (PendingRequests.java:sendNotLeaderResponses(282)) - 8f9d2216-a166-4295-9524-f6ac7a5d11df@group-3086453C39A6-PendingRequests: sendNotLeaderResponses
2023-04-21 06:16:36,796 [8f9d2216-a166-4295-9524-f6ac7a5d11df-impl-thread1] INFO  impl.StateMachineUpdater (StateMachineUpdater.java:stopAndJoin(153)) - 8f9d2216-a166-4295-9524-f6ac7a5d11df@group-3086453C39A6-StateMachineUpdater: set stopIndex = 0
2023-04-21 06:16:36,796 [8f9d2216-a166-4295-9524-f6ac7a5d11df@group-3086453C39A6-StateMachineUpdater] INFO  ratis.ContainerStateMachine (ContainerStateMachine.java:takeSnapshot(330)) - group-3086453C39A6: Taking a snapshot at:(t:1, i:0) file /home/runner/work/ozone/ozone/hadoop-ozone/integration-test/target/test-dir/MiniOzoneClusterImpl-48be086b-510e-48a6-912b-c1dd212c4943/datanode-2/data/ratis/42471573-c697-4e35-a199-3086453c39a6/sm/snapshot.1_0
2023-04-21 06:16:36,797 [8f9d2216-a166-4295-9524-f6ac7a5d11df-impl-thread2] INFO  server.RaftServer$Division (RaftServerImpl.java:lambda$close$4(458)) - 8f9d2216-a166-4295-9524-f6ac7a5d11df@group-E5AB5397A847: shutdown
2023-04-21 06:16:36,797 [8f9d2216-a166-4295-9524-f6ac7a5d11df-impl-thread2] INFO  util.JmxRegister (JmxRegister.java:unregister(73)) - Successfully un-registered JMX Bean with object name Ratis:service=RaftServer,group=group-E5AB5397A847,id=8f9d2216-a166-4295-9524-f6ac7a5d11df
2023-04-21 06:16:36,797 [8f9d2216-a166-4295-9524-f6ac7a5d11df-impl-thread2] INFO  impl.RoleInfo (RoleInfo.java:shutdownFollowerState(110)) - 8f9d2216-a166-4295-9524-f6ac7a5d11df: shutdown 8f9d2216-a166-4295-9524-f6ac7a5d11df@group-E5AB5397A847-FollowerState
2023-04-21 06:16:36,797 [Listener at 127.0.0.1/32823] INFO  server.GrpcService (GrpcService.java:closeImpl(271)) - 8f9d2216-a166-4295-9524-f6ac7a5d11df: shutdown server GrpcServerProtocolService now
2023-04-21 06:16:36,802 [8f9d2216-a166-4295-9524-f6ac7a5d11df-impl-thread2] INFO  impl.StateMachineUpdater (StateMachineUpdater.java:stopAndJoin(153)) - 8f9d2216-a166-4295-9524-f6ac7a5d11df@group-E5AB5397A847-StateMachineUpdater: set stopIndex = 0
2023-04-21 06:16:36,806 [ForkJoinPool.commonPool-worker-0] INFO  volume.HddsVolume (HddsVolume.java:closeDbStore(437)) - SchemaV3 db is stopped at /home/runner/work/ozone/ozone/hadoop-ozone/integration-test/target/test-dir/MiniOzoneClusterImpl-48be086b-510e-48a6-912b-c1dd212c4943/datanode-0/data-0/containers/hdds/48be086b-510e-48a6-912b-c1dd212c4943/DS-7ae85df9-9883-479f-9c93-9e62809c59cd/container.db for volume DS-7ae85df9-9883-479f-9c93-9e62809c59cd
2023-04-21 06:16:36,806 [8f9d2216-a166-4295-9524-f6ac7a5d11df@group-3086453C39A6-StateMachineUpdater] INFO  ratis.ContainerStateMachine (ContainerStateMachine.java:takeSnapshot(341)) - group-3086453C39A6: Finished taking a snapshot at:(t:1, i:0) file:/home/runner/work/ozone/ozone/hadoop-ozone/integration-test/target/test-dir/MiniOzoneClusterImpl-48be086b-510e-48a6-912b-c1dd212c4943/datanode-2/data/ratis/42471573-c697-4e35-a199-3086453c39a6/sm/snapshot.1_0 took: 11 ms
2023-04-21 06:16:36,810 [8f9d2216-a166-4295-9524-f6ac7a5d11df@group-3086453C39A6-StateMachineUpdater] INFO  impl.StateMachineUpdater (StateMachineUpdater.java:takeSnapshot(287)) - 8f9d2216-a166-4295-9524-f6ac7a5d11df@group-3086453C39A6-StateMachineUpdater: Took a snapshot at index 0
2023-04-21 06:16:36,810 [8f9d2216-a166-4295-9524-f6ac7a5d11df@group-3086453C39A6-StateMachineUpdater] INFO  impl.StateMachineUpdater (StateMachineUpdater.java:lambda$new$0(92)) - 8f9d2216-a166-4295-9524-f6ac7a5d11df@group-3086453C39A6-StateMachineUpdater: snapshotIndex: updateIncreasingly -1 -> 0
2023-04-21 06:16:36,811 [8f9d2216-a166-4295-9524-f6ac7a5d11df-impl-thread1] INFO  server.RaftServer$Division (ServerState.java:close(466)) - 8f9d2216-a166-4295-9524-f6ac7a5d11df@group-3086453C39A6: closes. applyIndex: 0
2023-04-21 06:16:36,811 [8f9d2216-a166-4295-9524-f6ac7a5d11df@group-3086453C39A6-SegmentedRaftLogWorker] INFO  segmented.SegmentedRaftLogWorker (SegmentedRaftLogWorker.java:run(347)) - 8f9d2216-a166-4295-9524-f6ac7a5d11df@group-3086453C39A6-SegmentedRaftLogWorker was interrupted, exiting. There are 0 tasks remaining in the queue.
2023-04-21 06:16:36,810 [Listener at 127.0.0.1/32823] INFO  server.GrpcServerProtocolClient (GrpcServerProtocolClient.java:close(101)) - 307e815f-95b2-473e-9bb5-509f867b7773 Close channels
2023-04-21 06:16:36,807 [ForkJoinPool.commonPool-worker-0] INFO  utils.BackgroundService (BackgroundService.java:shutdown(141)) - Shutting down service BlockDeletingService
2023-04-21 06:16:36,811 [8f9d2216-a166-4295-9524-f6ac7a5d11df@group-E5AB5397A847-FollowerState] INFO  impl.FollowerState (FollowerState.java:run(152)) - 8f9d2216-a166-4295-9524-f6ac7a5d11df@group-E5AB5397A847-FollowerState was interrupted
2023-04-21 06:16:36,812 [8f9d2216-a166-4295-9524-f6ac7a5d11df@group-E5AB5397A847-StateMachineUpdater] INFO  ratis.ContainerStateMachine (ContainerStateMachine.java:takeSnapshot(330)) - group-E5AB5397A847: Taking a snapshot at:(t:1, i:0) file /home/runner/work/ozone/ozone/hadoop-ozone/integration-test/target/test-dir/MiniOzoneClusterImpl-48be086b-510e-48a6-912b-c1dd212c4943/datanode-2/data/ratis/412b3507-d1fe-450e-83ad-e5ab5397a847/sm/snapshot.1_0
2023-04-21 06:16:36,813 [ForkJoinPool.commonPool-worker-0] INFO  utils.BackgroundService (BackgroundService.java:shutdown(141)) - Shutting down service StaleRecoveringContainerScrubbingService
2023-04-21 06:16:36,813 [8f9d2216-a166-4295-9524-f6ac7a5d11df@group-E5AB5397A847-StateMachineUpdater] INFO  ratis.ContainerStateMachine (ContainerStateMachine.java:takeSnapshot(341)) - group-E5AB5397A847: Finished taking a snapshot at:(t:1, i:0) file:/home/runner/work/ozone/ozone/hadoop-ozone/integration-test/target/test-dir/MiniOzoneClusterImpl-48be086b-510e-48a6-912b-c1dd212c4943/datanode-2/data/ratis/412b3507-d1fe-450e-83ad-e5ab5397a847/sm/snapshot.1_0 took: 1 ms
2023-04-21 06:16:36,813 [8f9d2216-a166-4295-9524-f6ac7a5d11df@group-E5AB5397A847-StateMachineUpdater] INFO  impl.StateMachineUpdater (StateMachineUpdater.java:takeSnapshot(287)) - 8f9d2216-a166-4295-9524-f6ac7a5d11df@group-E5AB5397A847-StateMachineUpdater: Took a snapshot at index 0
2023-04-21 06:16:36,813 [8f9d2216-a166-4295-9524-f6ac7a5d11df@group-E5AB5397A847-StateMachineUpdater] INFO  impl.StateMachineUpdater (StateMachineUpdater.java:lambda$new$0(92)) - 8f9d2216-a166-4295-9524-f6ac7a5d11df@group-E5AB5397A847-StateMachineUpdater: snapshotIndex: updateIncreasingly -1 -> 0
2023-04-21 06:16:36,814 [8f9d2216-a166-4295-9524-f6ac7a5d11df-impl-thread2] INFO  server.RaftServer$Division (ServerState.java:close(466)) - 8f9d2216-a166-4295-9524-f6ac7a5d11df@group-E5AB5397A847: closes. applyIndex: 0
2023-04-21 06:16:36,814 [8f9d2216-a166-4295-9524-f6ac7a5d11df@group-E5AB5397A847-SegmentedRaftLogWorker] INFO  segmented.SegmentedRaftLogWorker (SegmentedRaftLogWorker.java:run(347)) - 8f9d2216-a166-4295-9524-f6ac7a5d11df@group-E5AB5397A847-SegmentedRaftLogWorker was interrupted, exiting. There are 0 tasks remaining in the queue.
2023-04-21 06:16:36,814 [8f9d2216-a166-4295-9524-f6ac7a5d11df-impl-thread3] INFO  server.RaftServer$Division (RaftServerImpl.java:lambda$close$4(458)) - 8f9d2216-a166-4295-9524-f6ac7a5d11df@group-8C428F4C7EBC: shutdown
2023-04-21 06:16:36,814 [8f9d2216-a166-4295-9524-f6ac7a5d11df-impl-thread3] INFO  util.JmxRegister (JmxRegister.java:unregister(73)) - Successfully un-registered JMX Bean with object name Ratis:service=RaftServer,group=group-8C428F4C7EBC,id=8f9d2216-a166-4295-9524-f6ac7a5d11df
2023-04-21 06:16:36,814 [8f9d2216-a166-4295-9524-f6ac7a5d11df-impl-thread3] INFO  impl.RoleInfo (RoleInfo.java:shutdownLeaderState(93)) - 8f9d2216-a166-4295-9524-f6ac7a5d11df: shutdown 8f9d2216-a166-4295-9524-f6ac7a5d11df@group-8C428F4C7EBC-LeaderStateImpl
2023-04-21 06:16:36,814 [8f9d2216-a166-4295-9524-f6ac7a5d11df-impl-thread3] INFO  impl.PendingRequests (PendingRequests.java:sendNotLeaderResponses(282)) - 8f9d2216-a166-4295-9524-f6ac7a5d11df@group-8C428F4C7EBC-PendingRequests: sendNotLeaderResponses
2023-04-21 06:16:36,815 [8f9d2216-a166-4295-9524-f6ac7a5d11df-impl-thread1] INFO  segmented.SegmentedRaftLogWorker (SegmentedRaftLogWorker.java:close(257)) - 8f9d2216-a166-4295-9524-f6ac7a5d11df@group-3086453C39A6-SegmentedRaftLogWorker close()
2023-04-21 06:16:36,815 [8f9d2216-a166-4295-9524-f6ac7a5d11df-impl-thread2] INFO  segmented.SegmentedRaftLogWorker (SegmentedRaftLogWorker.java:close(257)) - 8f9d2216-a166-4295-9524-f6ac7a5d11df@group-E5AB5397A847-SegmentedRaftLogWorker close()
2023-04-21 06:16:36,816 [8f9d2216-a166-4295-9524-f6ac7a5d11df@group-8C428F4C7EBC-StateMachineUpdater] INFO  ratis.ContainerStateMachine (ContainerStateMachine.java:takeSnapshot(330)) - group-8C428F4C7EBC: Taking a snapshot at:(t:1, i:0) file /home/runner/work/ozone/ozone/hadoop-ozone/integration-test/target/test-dir/MiniOzoneClusterImpl-48be086b-510e-48a6-912b-c1dd212c4943/datanode-2/data/ratis/4daebfed-bcc1-4f32-9499-8c428f4c7ebc/sm/snapshot.1_0
2023-04-21 06:16:36,816 [8f9d2216-a166-4295-9524-f6ac7a5d11df-impl-thread3] INFO  impl.StateMachineUpdater (StateMachineUpdater.java:stopAndJoin(153)) - 8f9d2216-a166-4295-9524-f6ac7a5d11df@group-8C428F4C7EBC-StateMachineUpdater: set stopIndex = 0
2023-04-21 06:16:36,817 [8f9d2216-a166-4295-9524-f6ac7a5d11df@group-8C428F4C7EBC-StateMachineUpdater] INFO  ratis.ContainerStateMachine (ContainerStateMachine.java:takeSnapshot(341)) - group-8C428F4C7EBC: Finished taking a snapshot at:(t:1, i:0) file:/home/runner/work/ozone/ozone/hadoop-ozone/integration-test/target/test-dir/MiniOzoneClusterImpl-48be086b-510e-48a6-912b-c1dd212c4943/datanode-2/data/ratis/4daebfed-bcc1-4f32-9499-8c428f4c7ebc/sm/snapshot.1_0 took: 1 ms
2023-04-21 06:16:36,817 [8f9d2216-a166-4295-9524-f6ac7a5d11df@group-8C428F4C7EBC-StateMachineUpdater] INFO  impl.StateMachineUpdater (StateMachineUpdater.java:takeSnapshot(287)) - 8f9d2216-a166-4295-9524-f6ac7a5d11df@group-8C428F4C7EBC-StateMachineUpdater: Took a snapshot at index 0
2023-04-21 06:16:36,817 [8f9d2216-a166-4295-9524-f6ac7a5d11df@group-8C428F4C7EBC-StateMachineUpdater] INFO  impl.StateMachineUpdater (StateMachineUpdater.java:lambda$new$0(92)) - 8f9d2216-a166-4295-9524-f6ac7a5d11df@group-8C428F4C7EBC-StateMachineUpdater: snapshotIndex: updateIncreasingly -1 -> 0
2023-04-21 06:16:36,817 [8f9d2216-a166-4295-9524-f6ac7a5d11df-impl-thread3] INFO  server.RaftServer$Division (ServerState.java:close(466)) - 8f9d2216-a166-4295-9524-f6ac7a5d11df@group-8C428F4C7EBC: closes. applyIndex: 0
2023-04-21 06:16:36,817 [Listener at 127.0.0.1/32823] INFO  server.GrpcServerProtocolClient (GrpcServerProtocolClient.java:close(101)) - 4333bcaf-cc70-4ceb-8f29-2dbb294defd1 Close channels
2023-04-21 06:16:36,817 [8f9d2216-a166-4295-9524-f6ac7a5d11df@group-8C428F4C7EBC-SegmentedRaftLogWorker] INFO  segmented.SegmentedRaftLogWorker (SegmentedRaftLogWorker.java:run(347)) - 8f9d2216-a166-4295-9524-f6ac7a5d11df@group-8C428F4C7EBC-SegmentedRaftLogWorker was interrupted, exiting. There are 0 tasks remaining in the queue.
2023-04-21 06:16:36,819 [ForkJoinPool.commonPool-worker-0] INFO  statemachine.DatanodeStateMachine (DatanodeStateMachine.java:stopDaemon(601)) - Ozone container server stopped.
2023-04-21 06:16:36,819 [Listener at 127.0.0.1/32823] INFO  server.GrpcService (GrpcService.java:closeImpl(280)) - 8f9d2216-a166-4295-9524-f6ac7a5d11df: shutdown server GrpcServerProtocolService successfully
2023-04-21 06:16:36,820 [8f9d2216-a166-4295-9524-f6ac7a5d11df-impl-thread3] INFO  segmented.SegmentedRaftLogWorker (SegmentedRaftLogWorker.java:close(257)) - 8f9d2216-a166-4295-9524-f6ac7a5d11df@group-8C428F4C7EBC-SegmentedRaftLogWorker close()
2023-04-21 06:16:36,820 [8f9d2216-a166-4295-9524-f6ac7a5d11df-NettyServerStreamRpc-bossGroup--thread1] INFO  logging.LoggingHandler (AbstractInternalLogger.java:log(148)) - [id: 0x2b55a11e, L:/0:0:0:0:0:0:0:0:33995] CLOSE
2023-04-21 06:16:36,820 [8f9d2216-a166-4295-9524-f6ac7a5d11df-NettyServerStreamRpc-bossGroup--thread1] INFO  logging.LoggingHandler (AbstractInternalLogger.java:log(148)) - [id: 0x2b55a11e, L:/0:0:0:0:0:0:0:0:33995] INACTIVE
2023-04-21 06:16:36,820 [8f9d2216-a166-4295-9524-f6ac7a5d11df-NettyServerStreamRpc-bossGroup--thread1] INFO  logging.LoggingHandler (AbstractInternalLogger.java:log(148)) - [id: 0x2b55a11e, L:/0:0:0:0:0:0:0:0:33995] UNREGISTERED
2023-04-21 06:16:36,842 [ForkJoinPool.commonPool-worker-0] INFO  handler.ContextHandler (ContextHandler.java:doStop(1159)) - Stopped o.e.j.w.WebAppContext@49a22b32{hddsDatanode,/,null,STOPPED}{jar:file:/home/runner/.m2/repository/org/apache/ozone/hdds-container-service/1.4.0-SNAPSHOT/hdds-container-service-1.4.0-SNAPSHOT.jar!/webapps/hddsDatanode}
2023-04-21 06:16:36,846 [ForkJoinPool.commonPool-worker-0] INFO  server.AbstractConnector (AbstractConnector.java:doStop(383)) - Stopped ServerConnector@4864232b{HTTP/1.1, (http/1.1)}{0.0.0.0:0}
2023-04-21 06:16:36,846 [ForkJoinPool.commonPool-worker-0] INFO  server.session (HouseKeeper.java:stopScavenging(149)) - node0 Stopped scavenging
2023-04-21 06:16:36,846 [JvmPauseMonitor9] INFO  util.JvmPauseMonitor (JvmPauseMonitor.java:run(111)) - JvmPauseMonitor-8f9d2216-a166-4295-9524-f6ac7a5d11df: Stopped
2023-04-21 06:16:36,847 [ForkJoinPool.commonPool-worker-0] INFO  handler.ContextHandler (ContextHandler.java:doStop(1159)) - Stopped o.e.j.s.ServletContextHandler@26b5e669{static,/static,jar:file:/home/runner/.m2/repository/org/apache/ozone/hdds-container-service/1.4.0-SNAPSHOT/hdds-container-service-1.4.0-SNAPSHOT.jar!/webapps/static,STOPPED}
2023-04-21 06:16:36,848 [ForkJoinPool.commonPool-worker-0] INFO  handler.ContextHandler (ContextHandler.java:doStop(1159)) - Stopped o.e.j.s.ServletContextHandler@162fed02{logs,/logs,file:///home/runner/work/ozone/ozone/hadoop-ozone/integration-test/target/log,STOPPED}
2023-04-21 06:16:38,850 [Listener at 127.0.0.1/32823] INFO  volume.HddsVolume (HddsVolume.java:closeDbStore(437)) - SchemaV3 db is stopped at /home/runner/work/ozone/ozone/hadoop-ozone/integration-test/target/test-dir/MiniOzoneClusterImpl-48be086b-510e-48a6-912b-c1dd212c4943/datanode-2/data-0/containers/hdds/48be086b-510e-48a6-912b-c1dd212c4943/DS-026e18de-8c70-45b1-8e50-7790a082b14e/container.db for volume DS-026e18de-8c70-45b1-8e50-7790a082b14e
2023-04-21 06:16:38,851 [Listener at 127.0.0.1/32823] INFO  utils.BackgroundService (BackgroundService.java:shutdown(141)) - Shutting down service BlockDeletingService
2023-04-21 06:16:38,851 [Listener at 127.0.0.1/32823] INFO  utils.BackgroundService (BackgroundService.java:shutdown(141)) - Shutting down service StaleRecoveringContainerScrubbingService
2023-04-21 06:16:38,853 [Listener at 127.0.0.1/32823] INFO  statemachine.DatanodeStateMachine (DatanodeStateMachine.java:stopDaemon(601)) - Ozone container server stopped.
2023-04-21 06:16:38,862 [Listener at 127.0.0.1/32823] INFO  handler.ContextHandler (ContextHandler.java:doStop(1159)) - Stopped o.e.j.w.WebAppContext@629d2107{hddsDatanode,/,null,STOPPED}{jar:file:/home/runner/.m2/repository/org/apache/ozone/hdds-container-service/1.4.0-SNAPSHOT/hdds-container-service-1.4.0-SNAPSHOT.jar!/webapps/hddsDatanode}
2023-04-21 06:16:38,863 [Listener at 127.0.0.1/32823] INFO  server.AbstractConnector (AbstractConnector.java:doStop(383)) - Stopped ServerConnector@748e327e{HTTP/1.1, (http/1.1)}{0.0.0.0:0}
2023-04-21 06:16:38,863 [Listener at 127.0.0.1/32823] INFO  server.session (HouseKeeper.java:stopScavenging(149)) - node0 Stopped scavenging
2023-04-21 06:16:38,863 [Listener at 127.0.0.1/32823] INFO  handler.ContextHandler (ContextHandler.java:doStop(1159)) - Stopped o.e.j.s.ServletContextHandler@6ea38f68{static,/static,jar:file:/home/runner/.m2/repository/org/apache/ozone/hdds-container-service/1.4.0-SNAPSHOT/hdds-container-service-1.4.0-SNAPSHOT.jar!/webapps/static,STOPPED}
2023-04-21 06:16:38,864 [Listener at 127.0.0.1/32823] INFO  handler.ContextHandler (ContextHandler.java:doStop(1159)) - Stopped o.e.j.s.ServletContextHandler@436810a6{logs,/logs,file:///home/runner/work/ozone/ozone/hadoop-ozone/integration-test/target/log,STOPPED}
2023-04-21 06:16:38,865 [Listener at 127.0.0.1/32823] INFO  ozone.MiniOzoneClusterImpl (MiniOzoneClusterImpl.java:stopSCM(552)) - Stopping the StorageContainerManager
2023-04-21 06:16:38,865 [Listener at 127.0.0.1/32823] INFO  server.StorageContainerManager (StorageContainerManager.java:stop(1577)) - Container Balancer is not running.
2023-04-21 06:16:38,865 [Listener at 127.0.0.1/32823] INFO  server.StorageContainerManager (StorageContainerManager.java:stopReplicationManager(1708)) - Stopping Replication Manager Service.
2023-04-21 06:16:38,865 [Listener at 127.0.0.1/32823] INFO  replication.ReplicationManager (ReplicationManager.java:stop(321)) - Stopping Replication Monitor Thread.
2023-04-21 06:16:38,865 [Under Replicated Processor] WARN  replication.UnhealthyReplicationProcessor (UnhealthyReplicationProcessor.java:run(146)) - Under Replicated Processor interrupted. Exiting...
2023-04-21 06:16:38,865 [ReplicationMonitor] INFO  replication.ReplicationManager (ReplicationManager.java:run(975)) - Replication Monitor Thread is stopped
2023-04-21 06:16:38,866 [Over Replicated Processor] WARN  replication.UnhealthyReplicationProcessor (UnhealthyReplicationProcessor.java:run(146)) - Over Replicated Processor interrupted. Exiting...
2023-04-21 06:16:38,866 [Listener at 127.0.0.1/32823] INFO  server.StorageContainerManager (StorageContainerManager.java:stop(1586)) - Stopping the Datanode Admin Monitor.
2023-04-21 06:16:38,866 [Listener at 127.0.0.1/32823] INFO  server.StorageContainerManager (StorageContainerManager.java:stop(1593)) - Stopping datanode service RPC server
2023-04-21 06:16:38,866 [Listener at 127.0.0.1/32823] INFO  server.SCMDatanodeProtocolServer (SCMDatanodeProtocolServer.java:stop(424)) - Stopping the RPC server for DataNodes
2023-04-21 06:16:38,866 [Listener at 127.0.0.1/32823] INFO  ipc.Server (Server.java:stop(3501)) - Stopping server on 32961
2023-04-21 06:16:38,868 [IPC Server listener on 0] INFO  ipc.Server (Server.java:run(1430)) - Stopping IPC Server listener on 0
2023-04-21 06:16:38,868 [IPC Server Responder] INFO  ipc.Server (Server.java:run(1563)) - Stopping IPC Server Responder
2023-04-21 06:16:38,942 [SCM Heartbeat Processing Thread - 0] WARN  node.NodeStateManager (NodeStateManager.java:scheduleNextHealthCheck(870)) - Current Thread is interrupted, shutting down HB processing thread for Node Manager.
2023-04-21 06:16:38,942 [Listener at 127.0.0.1/32823] INFO  server.StorageContainerManager (StorageContainerManager.java:stop(1601)) - Stopping block service RPC server
2023-04-21 06:16:38,942 [Listener at 127.0.0.1/32823] INFO  server.SCMBlockProtocolServer (SCMBlockProtocolServer.java:stop(161)) - Stopping the RPC server for Block Protocol
2023-04-21 06:16:38,942 [Listener at 127.0.0.1/32823] INFO  ipc.Server (Server.java:stop(3501)) - Stopping server on 46167
2023-04-21 06:16:38,945 [IPC Server Responder] INFO  ipc.Server (Server.java:run(1563)) - Stopping IPC Server Responder
2023-04-21 06:16:38,945 [IPC Server listener on 0] INFO  ipc.Server (Server.java:run(1430)) - Stopping IPC Server listener on 0
2023-04-21 06:16:38,945 [Listener at 127.0.0.1/32823] INFO  server.StorageContainerManager (StorageContainerManager.java:stop(1608)) - Stopping the StorageContainerLocationProtocol RPC server
2023-04-21 06:16:38,945 [Listener at 127.0.0.1/32823] INFO  server.SCMClientProtocolServer (SCMClientProtocolServer.java:stop(206)) - Stopping the RPC server for Client Protocol
2023-04-21 06:16:38,945 [Listener at 127.0.0.1/32823] INFO  ipc.Server (Server.java:stop(3501)) - Stopping server on 39997
2023-04-21 06:16:38,946 [IPC Server listener on 0] INFO  ipc.Server (Server.java:run(1430)) - Stopping IPC Server listener on 0
2023-04-21 06:16:38,948 [IPC Server Responder] INFO  ipc.Server (Server.java:run(1563)) - Stopping IPC Server Responder
2023-04-21 06:16:38,948 [Listener at 127.0.0.1/32823] INFO  server.StorageContainerManager (StorageContainerManager.java:stop(1615)) - Stopping Storage Container Manager HTTP server.
2023-04-21 06:16:38,949 [Listener at 127.0.0.1/32823] INFO  handler.ContextHandler (ContextHandler.java:doStop(1159)) - Stopped o.e.j.w.WebAppContext@1e0cc226{scm,/,null,STOPPED}{file:/home/runner/work/ozone/ozone/hadoop-ozone/integration-test/target/test-classes/webapps/scm}
2023-04-21 06:16:38,950 [Listener at 127.0.0.1/32823] INFO  server.AbstractConnector (AbstractConnector.java:doStop(383)) - Stopped ServerConnector@19899ce1{HTTP/1.1, (http/1.1)}{0.0.0.0:0}
2023-04-21 06:16:38,950 [Listener at 127.0.0.1/32823] INFO  server.session (HouseKeeper.java:stopScavenging(149)) - node0 Stopped scavenging
2023-04-21 06:16:38,950 [Listener at 127.0.0.1/32823] INFO  handler.ContextHandler (ContextHandler.java:doStop(1159)) - Stopped o.e.j.s.ServletContextHandler@790026f3{static,/static,file:///home/runner/work/ozone/ozone/hadoop-ozone/integration-test/target/test-classes/webapps/static,STOPPED}
2023-04-21 06:16:38,950 [Listener at 127.0.0.1/32823] INFO  handler.ContextHandler (ContextHandler.java:doStop(1159)) - Stopped o.e.j.s.ServletContextHandler@2d75bfca{logs,/logs,file:///home/runner/work/ozone/ozone/hadoop-ozone/integration-test/target/log,STOPPED}
2023-04-21 06:16:38,951 [Listener at 127.0.0.1/32823] INFO  server.StorageContainerManager (StorageContainerManager.java:stop(1623)) - Stopping SCM LayoutVersionManager Service.
2023-04-21 06:16:38,951 [Listener at 127.0.0.1/32823] INFO  server.StorageContainerManager (StorageContainerManager.java:stop(1631)) - Stopping Block Manager Service.
2023-04-21 06:16:38,951 [Listener at 127.0.0.1/32823] INFO  utils.BackgroundService (BackgroundService.java:shutdown(141)) - Shutting down service SCMBlockDeletingService
2023-04-21 06:16:38,951 [Listener at 127.0.0.1/32823] INFO  utils.BackgroundService (BackgroundService.java:shutdown(141)) - Shutting down service SCMBlockDeletingService
2023-04-21 06:16:38,951 [Listener at 127.0.0.1/32823] INFO  server.StorageContainerManager (StorageContainerManager.java:stop(1653)) - Stopping SCM Event Queue.
2023-04-21 06:16:38,952 [Listener at 127.0.0.1/32823] INFO  server.StorageContainerManager (StorageContainerManager.java:stop(1664)) - Stopping SCM HA services.
2023-04-21 06:16:38,952 [Listener at 127.0.0.1/32823] INFO  pipeline.BackgroundPipelineCreator (BackgroundPipelineCreator.java:stop(149)) - Stopping RatisPipelineUtilsThread.
2023-04-21 06:16:38,953 [RatisPipelineUtilsThread - 0] WARN  pipeline.BackgroundPipelineCreator (BackgroundPipelineCreator.java:run(180)) - RatisPipelineUtilsThread is interrupted.
2023-04-21 06:16:38,955 [Listener at 127.0.0.1/32823] INFO  BackgroundPipelineScrubber (BackgroundSCMService.java:stop(131)) - Stopping BackgroundPipelineScrubber Service.
2023-04-21 06:16:38,955 [BackgroundPipelineScrubberThread] WARN  BackgroundPipelineScrubber (BackgroundSCMService.java:run(115)) - BackgroundPipelineScrubber is interrupted, exit
2023-04-21 06:16:38,955 [Listener at 127.0.0.1/32823] INFO  impl.MetricsSystemImpl (MetricsSystemImpl.java:stop(210)) - Stopping HddsDatanode metrics system...
2023-04-21 06:16:38,960 [prometheus] INFO  impl.MetricsSinkAdapter (MetricsSinkAdapter.java:publishMetricsFromQueue(141)) - prometheus thread interrupted.
2023-04-21 06:16:38,960 [Listener at 127.0.0.1/32823] INFO  impl.MetricsSystemImpl (MetricsSystemImpl.java:stop(216)) - HddsDatanode metrics system stopped.
2023-04-21 06:16:38,960 [Listener at 127.0.0.1/32823] WARN  pipeline.BackgroundPipelineCreator (BackgroundPipelineCreator.java:stop(145)) - RatisPipelineUtilsThread is not running, just ignore.
2023-04-21 06:16:38,960 [Listener at 127.0.0.1/32823] INFO  BackgroundPipelineScrubber (BackgroundSCMService.java:stop(126)) - BackgroundPipelineScrubber Service is not running, skip stop.
2023-04-21 06:16:38,960 [Listener at 127.0.0.1/32823] INFO  ExpiredContainerReplicaOpScrubber (BackgroundSCMService.java:stop(131)) - Stopping ExpiredContainerReplicaOpScrubber Service.
2023-04-21 06:16:38,960 [Listener at 127.0.0.1/32823] INFO  utils.BackgroundService (BackgroundService.java:shutdown(141)) - Shutting down service SCMBlockDeletingService
2023-04-21 06:16:38,960 [ExpiredContainerReplicaOpScrubberThread] WARN  ExpiredContainerReplicaOpScrubber (BackgroundSCMService.java:run(115)) - ExpiredContainerReplicaOpScrubber is interrupted, exit
2023-04-21 06:16:38,960 [Listener at 127.0.0.1/32823] INFO  replication.ReplicationManager (ReplicationManager.java:stop(331)) - Replication Monitor Thread is not running.
2023-04-21 06:16:38,960 [Listener at 127.0.0.1/32823] WARN  balancer.ContainerBalancer (ContainerBalancer.java:stop(324)) - Cannot stop Container Balancer because it's not running or stopping
2023-04-21 06:16:38,961 [Listener at 127.0.0.1/32823] INFO  server.StorageContainerManager (StorageContainerManager.java:stop(1699)) - Stopping SCM MetadataStore.
]]></system-out>
  </testcase>
  <testcase name="testCloseContainerCommandOnRestart" classname="org.apache.hadoop.ozone.TestStorageContainerManager" time="36.327">
    <system-out><![CDATA[2023-04-21 06:16:38,999 [Time-limited test] WARN  server.ServerUtils (ServerUtils.java:getScmDbDir(148)) - ozone.scm.db.dirs is not configured. We recommend adding this setting. Falling back to ozone.metadata.dirs instead.
2023-04-21 06:16:39,001 [Time-limited test] WARN  server.ServerUtils (ServerUtils.java:getScmDbDir(148)) - ozone.scm.db.dirs is not configured. We recommend adding this setting. Falling back to ozone.metadata.dirs instead.
2023-04-21 06:16:39,002 [Time-limited test] INFO  ha.SCMHANodeDetails (SCMHANodeDetails.java:loadSCMHAConfig(209)) - ServiceID for StorageContainerManager is null
2023-04-21 06:16:39,002 [Time-limited test] WARN  ha.SCMHANodeDetails (SCMHANodeDetails.java:validateSCMHAConfig(182)) - Invalid config ozone.scm.ratis.enable. The config was not specified, but the default value true conflicts with the expected config value false. Falling back to the expected value. Current State of SCM: SCM is running in Non-HA without Ratis Ratis SCM -> Non Ratis SCM or Non HA SCM -> HA SCM is not supported
2023-04-21 06:16:39,002 [Time-limited test] INFO  ha.SCMHANodeDetails (SCMHANodeDetails.java:loadSCMHAConfig(214)) - ozone.scm.default.service.id is not defined, falling back to ozone.scm.service.ids to find serviceID for StorageContainerManager if it is HA enabled cluster
2023-04-21 06:16:39,002 [Time-limited test] WARN  utils.HAUtils (HAUtils.java:getMetaDir(342)) - ozone.scm.db.dirs is not configured. We recommend adding this setting. Falling back to ozone.metadata.dirs instead.
2023-04-21 06:16:39,002 [Time-limited test] WARN  db.DBStoreBuilder (DBStoreBuilder.java:applyDBDefinition(182)) - ozone.scm.db.dirs is not configured. We recommend adding this setting. Falling back to ozone.metadata.dirs instead.
2023-04-21 06:16:39,105 [Time-limited test] INFO  net.NodeSchemaLoader (NodeSchemaLoader.java:loadSchemaFromFile(129)) - Loading schema from [jar:file:/home/runner/.m2/repository/org/apache/ozone/hdds-common/1.4.0-SNAPSHOT/hdds-common-1.4.0-SNAPSHOT.jar!/network-topology-default.xml]
2023-04-21 06:16:39,105 [Time-limited test] INFO  net.NodeSchemaLoader (NodeSchemaLoader.java:loadSchema(176)) - Loading network topology layer schema file
2023-04-21 06:16:39,108 [Time-limited test] INFO  upgrade.AbstractLayoutVersionManager (AbstractLayoutVersionManager.java:init(83)) - Initializing Layout version manager with metadata layout = WEBUI_PORTS_IN_DATANODEDETAILS (version = 6), software layout = WEBUI_PORTS_IN_DATANODEDETAILS (version = 6)
2023-04-21 06:16:39,153 [Time-limited test] INFO  reflections.Reflections (Reflections.java:scan(232)) - Reflections took 44 ms to scan 7 urls, producing 156 keys and 369 values 
2023-04-21 06:16:39,154 [Time-limited test] INFO  ha.SequenceIdGenerator (SequenceIdGenerator.java:upgradeToSequenceId(349)) - upgrade localId to 111677748019200000
2023-04-21 06:16:39,154 [Time-limited test] INFO  ha.SequenceIdGenerator (SequenceIdGenerator.java:upgradeToSequenceId(359)) - upgrade delTxnId to 0
2023-04-21 06:16:39,155 [Time-limited test] INFO  ha.SequenceIdGenerator (SequenceIdGenerator.java:upgradeToSequenceId(376)) - upgrade containerId to 0
2023-04-21 06:16:39,155 [Time-limited test] INFO  ha.SequenceIdGenerator (SequenceIdGenerator.java:<init>(220)) - Init the HA SequenceIdGenerator.
2023-04-21 06:16:39,155 [Time-limited test] INFO  node.SCMNodeManager (SCMNodeManager.java:<init>(156)) - Entering startup safe mode.
2023-04-21 06:16:39,156 [Time-limited test] INFO  algorithms.ContainerPlacementPolicyFactory (ContainerPlacementPolicyFactory.java:getPolicyInternal(86)) - Create container placement policy of type org.apache.hadoop.hdds.scm.container.placement.algorithms.SCMContainerPlacementRackAware
2023-04-21 06:16:39,156 [Time-limited test] INFO  algorithms.ContainerPlacementPolicyFactory (ContainerPlacementPolicyFactory.java:getPolicyInternal(86)) - Create container placement policy of type org.apache.hadoop.hdds.scm.container.placement.algorithms.SCMContainerPlacementRackScatter
2023-04-21 06:16:39,156 [Time-limited test] INFO  pipeline.PipelineStateManagerImpl (PipelineStateManagerImpl.java:initialize(78)) - No pipeline exists in current db
2023-04-21 06:16:39,156 [Time-limited test] INFO  algorithms.LeaderChoosePolicyFactory (LeaderChoosePolicyFactory.java:getPolicy(57)) - Create leader choose policy of type org.apache.hadoop.hdds.scm.pipeline.leader.choose.algorithms.MinLeaderCountChoosePolicy
2023-04-21 06:16:39,156 [Time-limited test] INFO  algorithms.ContainerPlacementPolicyFactory (ContainerPlacementPolicyFactory.java:getPolicyInternal(86)) - Create container placement policy of type org.apache.hadoop.hdds.scm.container.placement.algorithms.SCMContainerPlacementRackScatter
2023-04-21 06:16:39,156 [Time-limited test] INFO  ha.SCMServiceManager (SCMServiceManager.java:register(42)) - Registering service BackgroundPipelineCreator.
2023-04-21 06:16:39,156 [Time-limited test] INFO  pipeline.BackgroundPipelineCreator (BackgroundPipelineCreator.java:start(124)) - Starting RatisPipelineUtilsThread.
2023-04-21 06:16:39,157 [Time-limited test] INFO  BackgroundPipelineScrubber (BackgroundSCMService.java:start(68)) - Starting BackgroundPipelineScrubber Service.
2023-04-21 06:16:39,157 [Time-limited test] INFO  ha.SCMServiceManager (SCMServiceManager.java:register(42)) - Registering service BackgroundPipelineScrubber.
2023-04-21 06:16:39,157 [Time-limited test] INFO  ExpiredContainerReplicaOpScrubber (BackgroundSCMService.java:start(68)) - Starting ExpiredContainerReplicaOpScrubber Service.
2023-04-21 06:16:39,157 [Time-limited test] INFO  ha.SCMServiceManager (SCMServiceManager.java:register(42)) - Registering service ExpiredContainerReplicaOpScrubber.
2023-04-21 06:16:39,158 [Time-limited test] INFO  algorithms.PipelineChoosePolicyFactory (PipelineChoosePolicyFactory.java:createPipelineChoosePolicyFromClass(73)) - Create pipeline choose policy of type org.apache.hadoop.hdds.scm.pipeline.choose.algorithms.RandomPipelineChoosePolicy
2023-04-21 06:16:39,159 [Time-limited test] INFO  ha.SCMServiceManager (SCMServiceManager.java:register(42)) - Registering service SCMBlockDeletingService.
2023-04-21 06:16:39,159 [Time-limited test] INFO  replication.ReplicationManager (ReplicationManager.java:start(288)) - Starting Replication Monitor Thread.
2023-04-21 06:16:39,160 [Time-limited test] INFO  ha.SCMServiceManager (SCMServiceManager.java:register(42)) - Registering service ReplicationManager.
2023-04-21 06:16:39,161 [Time-limited test] INFO  safemode.ContainerSafeModeRule (ContainerSafeModeRule.java:<init>(89)) - containers with one replica threshold count 0
2023-04-21 06:16:39,161 [Time-limited test] INFO  safemode.HealthyPipelineSafeModeRule (HealthyPipelineSafeModeRule.java:initializeRule(169)) - Total pipeline count is 0, healthy pipeline threshold count is 0
2023-04-21 06:16:39,161 [Time-limited test] INFO  safemode.OneReplicaPipelineSafeModeRule (OneReplicaPipelineSafeModeRule.java:initializeRule(180)) - Total pipeline count is 0, pipeline's with at least one datanode reported threshold count is 0
2023-04-21 06:16:39,163 [ReplicationMonitor] INFO  replication.ReplicationManager (ReplicationManager.java:processAll(363)) - Replication Manager is not ready to run until 3000ms after safemode exit
2023-04-21 06:16:39,163 [Time-limited test] INFO  server.StorageContainerManager (StorageContainerManager.java:<init>(402)) - SCM start with adminUsers: [runner]
2023-04-21 06:16:39,163 [Time-limited test] INFO  ipc.CallQueueManager (CallQueueManager.java:<init>(90)) - Using callQueue: class java.util.concurrent.LinkedBlockingQueue, queueCapacity: 2000, scheduler: class org.apache.hadoop.ipc.DefaultRpcScheduler, ipcBackoff: false.
2023-04-21 06:16:39,164 [Socket Reader #1 for port 0] INFO  ipc.Server (Server.java:run(1319)) - Starting Socket Reader #1 for port 0
2023-04-21 06:16:39,166 [Listener at 0.0.0.0/39145] INFO  ipc.CallQueueManager (CallQueueManager.java:<init>(90)) - Using callQueue: class java.util.concurrent.LinkedBlockingQueue, queueCapacity: 2000, scheduler: class org.apache.hadoop.ipc.DefaultRpcScheduler, ipcBackoff: false.
2023-04-21 06:16:39,170 [Socket Reader #1 for port 0] INFO  ipc.Server (Server.java:run(1319)) - Starting Socket Reader #1 for port 0
2023-04-21 06:16:39,171 [Listener at 0.0.0.0/33771] INFO  ipc.CallQueueManager (CallQueueManager.java:<init>(90)) - Using callQueue: class java.util.concurrent.LinkedBlockingQueue, queueCapacity: 2000, scheduler: class org.apache.hadoop.ipc.DefaultRpcScheduler, ipcBackoff: false.
2023-04-21 06:16:39,172 [Socket Reader #1 for port 0] INFO  ipc.Server (Server.java:run(1319)) - Starting Socket Reader #1 for port 0
2023-04-21 06:16:39,179 [Listener at 0.0.0.0/40027] INFO  ha.SCMServiceManager (SCMServiceManager.java:register(42)) - Registering service ContainerBalancer.
2023-04-21 06:16:39,179 [Listener at 0.0.0.0/40027] INFO  server.StorageContainerManager (StorageContainerManager.java:<init>(419)) - 
Container Balancer status:
Key                            Value
Running                        false
Container Balancer Configuration values:
Key                                                Value
Threshold                                          10
Max Datanodes to Involve per Iteration(percent)    20
Max Size to Move per Iteration                     500GB
Max Size Entering Target per Iteration             26GB
Max Size Leaving Source per Iteration              26GB

2023-04-21 06:16:39,179 [Listener at 0.0.0.0/40027] INFO  ha.SCMContext (SCMContext.java:updateSafeModeStatus(228)) - Update SafeModeStatus from SafeModeStatus{safeModeStatus=true, preCheckPassed=false} to SafeModeStatus{safeModeStatus=true, preCheckPassed=false}.
2023-04-21 06:16:39,179 [Listener at 0.0.0.0/40027] INFO  server.StorageContainerManager (StorageContainerManager.java:start(1476)) - StorageContainerLocationProtocol RPC server is listening at /0.0.0.0:40027
2023-04-21 06:16:39,180 [Listener at 0.0.0.0/40027] WARN  impl.MetricsConfig (MetricsConfig.java:loadFirst(136)) - Cannot locate configuration: tried hadoop-metrics2-storagecontainermanager.properties,hadoop-metrics2.properties
2023-04-21 06:16:39,181 [Listener at 0.0.0.0/40027] INFO  impl.MetricsSystemImpl (MetricsSystemImpl.java:startTimer(378)) - Scheduled Metric snapshot period at 10 second(s).
2023-04-21 06:16:39,181 [Listener at 0.0.0.0/40027] INFO  impl.MetricsSystemImpl (MetricsSystemImpl.java:start(191)) - StorageContainerManager metrics system started
2023-04-21 06:16:39,191 [Listener at 0.0.0.0/40027] INFO  impl.MetricsSinkAdapter (MetricsSinkAdapter.java:start(204)) - Sink prometheus started
2023-04-21 06:16:39,191 [Listener at 0.0.0.0/40027] INFO  impl.MetricsSystemImpl (MetricsSystemImpl.java:registerSink(305)) - Registered sink prometheus
2023-04-21 06:16:39,206 [Listener at 0.0.0.0/40027] INFO  server.SCMClientProtocolServer (SCMClientProtocolServer.java:start(197)) - RPC server for Client  is listening at /0.0.0.0:40027
2023-04-21 06:16:39,207 [IPC Server Responder] INFO  ipc.Server (Server.java:run(1558)) - IPC Server Responder: starting
2023-04-21 06:16:39,207 [IPC Server listener on 0] INFO  ipc.Server (Server.java:run(1398)) - IPC Server listener on 0: starting
2023-04-21 06:16:39,221 [Listener at 0.0.0.0/40027] INFO  server.StorageContainerManager (StorageContainerManager.java:start(1490)) - ScmBlockLocationProtocol RPC server is listening at /0.0.0.0:33771
2023-04-21 06:16:39,221 [Listener at 0.0.0.0/40027] INFO  server.SCMBlockProtocolServer (SCMBlockProtocolServer.java:start(152)) - RPC server for Block Protocol is listening at /0.0.0.0:33771
2023-04-21 06:16:39,221 [IPC Server Responder] INFO  ipc.Server (Server.java:run(1558)) - IPC Server Responder: starting
2023-04-21 06:16:39,221 [IPC Server listener on 0] INFO  ipc.Server (Server.java:run(1398)) - IPC Server listener on 0: starting
2023-04-21 06:16:39,223 [Listener at 0.0.0.0/40027] INFO  server.SCMDatanodeProtocolServer (SCMDatanodeProtocolServer.java:start(193)) - ScmDatanodeProtocol RPC server for DataNodes is listening at /0.0.0.0:39145
2023-04-21 06:16:39,223 [IPC Server Responder] INFO  ipc.Server (Server.java:run(1558)) - IPC Server Responder: starting
2023-04-21 06:16:39,223 [IPC Server listener on 0] INFO  ipc.Server (Server.java:run(1398)) - IPC Server listener on 0: starting
2023-04-21 06:16:39,225 [org.apache.hadoop.util.JvmPauseMonitor$Monitor@2b92454e] INFO  util.JvmPauseMonitor (JvmPauseMonitor.java:run(188)) - Starting JVM pause monitor
2023-04-21 06:16:39,227 [Listener at 0.0.0.0/40027] INFO  http.BaseHttpServer (BaseHttpServer.java:newHttpServer2BuilderForOzone(224)) - Starting Web-server for scm at: http://0.0.0.0:0
2023-04-21 06:16:39,227 [Listener at 0.0.0.0/40027] INFO  http.BaseHttpServer (BaseHttpServer.java:<init>(111)) - Hadoop Security Enabled: false Ozone Security Enabled: false Ozone HTTP Security Enabled: false 
2023-04-21 06:16:39,228 [Listener at 0.0.0.0/40027] WARN  server.AuthenticationFilter (AuthenticationFilter.java:constructSecretProvider(240)) - Unable to initialize FileSignerSecretProvider, falling back to use random secrets. Reason: Could not read signature secret file: /home/runner/hadoop-http-auth-signature-secret
2023-04-21 06:16:39,229 [Listener at 0.0.0.0/40027] INFO  http.HttpRequestLog (HttpRequestLog.java:getRequestLog(86)) - Http request log for http.requests.scm is not defined
2023-04-21 06:16:39,230 [Listener at 0.0.0.0/40027] INFO  http.HttpServer2 (HttpServer2.java:addGlobalFilter(1031)) - Added global filter 'safety' (class=org.apache.hadoop.hdds.server.http.HttpServer2$QuotingInputFilter)
2023-04-21 06:16:39,231 [Listener at 0.0.0.0/40027] INFO  http.HttpServer2 (HttpServer2.java:addFilter(1007)) - Added filter static_user_filter (class=org.apache.hadoop.http.lib.StaticUserWebFilter$StaticUserFilter) to context scm
2023-04-21 06:16:39,231 [Listener at 0.0.0.0/40027] INFO  http.HttpServer2 (HttpServer2.java:addFilter(1015)) - Added filter static_user_filter (class=org.apache.hadoop.http.lib.StaticUserWebFilter$StaticUserFilter) to context logs
2023-04-21 06:16:39,231 [Listener at 0.0.0.0/40027] INFO  http.HttpServer2 (HttpServer2.java:addFilter(1015)) - Added filter static_user_filter (class=org.apache.hadoop.http.lib.StaticUserWebFilter$StaticUserFilter) to context static
2023-04-21 06:16:39,231 [Listener at 0.0.0.0/40027] INFO  http.BaseHttpServer (BaseHttpServer.java:<init>(190)) - HTTP server of scm uses base directory /home/runner/work/ozone/ozone/hadoop-ozone/integration-test/target/test-dir/MiniOzoneClusterImpl-0b173110-c037-445d-88e3-fa395e3ed442/ozone-meta/webserver
2023-04-21 06:16:39,232 [Listener at 0.0.0.0/40027] INFO  http.HttpServer2 (HttpServer2.java:bindListener(1250)) - Jetty bound to port 44193
2023-04-21 06:16:39,232 [Listener at 0.0.0.0/40027] INFO  server.Server (Server.java:doStart(375)) - jetty-9.4.49.v20220914; built: 2022-09-14T01:07:36.601Z; git: 4231a3b2e4cb8548a412a789936d640a97b1aa0a; jvm 1.8.0_362-b09
2023-04-21 06:16:39,239 [Listener at 0.0.0.0/40027] INFO  server.session (DefaultSessionIdManager.java:doStart(334)) - DefaultSessionIdManager workerName=node0
2023-04-21 06:16:39,240 [Listener at 0.0.0.0/40027] INFO  server.session (DefaultSessionIdManager.java:doStart(339)) - No SessionScavenger set, using defaults
2023-04-21 06:16:39,240 [Listener at 0.0.0.0/40027] INFO  server.session (HouseKeeper.java:startScavenging(132)) - node0 Scavenging every 660000ms
2023-04-21 06:16:39,242 [Listener at 0.0.0.0/40027] INFO  handler.ContextHandler (ContextHandler.java:doStart(921)) - Started o.e.j.s.ServletContextHandler@4f9578ed{logs,/logs,file:///home/runner/work/ozone/ozone/hadoop-ozone/integration-test/target/log,AVAILABLE}
2023-04-21 06:16:39,242 [Listener at 0.0.0.0/40027] INFO  handler.ContextHandler (ContextHandler.java:doStart(921)) - Started o.e.j.s.ServletContextHandler@4feb3417{static,/static,file:///home/runner/work/ozone/ozone/hadoop-ozone/integration-test/target/test-classes/webapps/static,AVAILABLE}
2023-04-21 06:16:39,245 [Listener at 0.0.0.0/40027] INFO  handler.ContextHandler (ContextHandler.java:doStart(921)) - Started o.e.j.w.WebAppContext@55c363d7{scm,/,file:///home/runner/work/ozone/ozone/hadoop-ozone/integration-test/target/test-classes/webapps/scm/,AVAILABLE}{file:/home/runner/work/ozone/ozone/hadoop-ozone/integration-test/target/test-classes/webapps/scm}
2023-04-21 06:16:39,247 [Listener at 0.0.0.0/40027] INFO  server.AbstractConnector (AbstractConnector.java:doStart(333)) - Started ServerConnector@53f70c10{HTTP/1.1, (http/1.1)}{0.0.0.0:44193}
2023-04-21 06:16:39,247 [Listener at 0.0.0.0/40027] INFO  server.Server (Server.java:doStart(415)) - Started @81937ms
2023-04-21 06:16:39,247 [Listener at 0.0.0.0/40027] WARN  impl.MetricsSystemImpl (MetricsSystemImpl.java:register(279)) - Sink prometheus already exists!
2023-04-21 06:16:39,248 [Listener at 0.0.0.0/40027] INFO  http.BaseHttpServer (BaseHttpServer.java:updateConnectorAddress(344)) - HTTP server of scm listening at http://0.0.0.0:44193
2023-04-21 06:16:39,248 [Listener at 0.0.0.0/40027] WARN  server.ServerUtils (ServerUtils.java:getDBPath(225)) - ozone.om.db.dirs is not configured. We recommend adding this setting. Falling back to ozone.metadata.dirs instead.
2023-04-21 06:16:39,250 [Listener at 0.0.0.0/40027] INFO  ha.OMHANodeDetails (OMHANodeDetails.java:loadOMHAConfig(115)) - ozone.om.internal.service.id is not defined, falling back to ozone.om.service.ids to find serviceID for OzoneManager if it is HA enabled cluster
2023-04-21 06:16:39,250 [Listener at 0.0.0.0/40027] INFO  ha.OMHANodeDetails (OMHANodeDetails.java:loadOMHAConfig(226)) - Configuration does not have ozone.om.address set. Falling back to the default OM address /127.0.0.1:0
2023-04-21 06:16:39,250 [Listener at 0.0.0.0/40027] INFO  ha.OMHANodeDetails (OMHANodeDetails.java:getOMNodeDetailsForNonHA(254)) - OM Service ID is not set. Setting it to the default ID: omServiceIdDefault
2023-04-21 06:16:39,250 [Listener at 0.0.0.0/40027] INFO  ha.OMHANodeDetails (OMHANodeDetails.java:getOMNodeDetailsForNonHA(261)) - OM Node ID is not set. Setting it to the default ID: om1
2023-04-21 06:16:39,250 [Listener at 0.0.0.0/40027] WARN  server.ServerUtils (ServerUtils.java:getDBPath(225)) - ozone.om.db.dirs is not configured. We recommend adding this setting. Falling back to ozone.metadata.dirs instead.
2023-04-21 06:16:39,251 [Listener at 0.0.0.0/40027] INFO  upgrade.AbstractLayoutVersionManager (AbstractLayoutVersionManager.java:init(83)) - Initializing Layout version manager with metadata layout = HSYNC (version = 4), software layout = HSYNC (version = 4)
2023-04-21 06:16:39,316 [Listener at 0.0.0.0/40027] INFO  reflections.Reflections (Reflections.java:scan(232)) - Reflections took 64 ms to scan 2 urls, producing 171 keys and 477 values [using 2 cores]
2023-04-21 06:16:39,316 [Listener at 0.0.0.0/40027] INFO  upgrade.OMLayoutVersionManager (OMLayoutVersionManager.java:lambda$0(115)) - Skipping Upgrade Action MockOmUpgradeAction since it has been finalized.
2023-04-21 06:16:39,316 [Listener at 0.0.0.0/40027] WARN  server.ServerUtils (ServerUtils.java:getDBPath(225)) - ozone.om.db.dirs is not configured. We recommend adding this setting. Falling back to ozone.metadata.dirs instead.
2023-04-21 06:16:39,317 [Listener at 0.0.0.0/40027] INFO  proxy.SCMBlockLocationFailoverProxyProvider (SCMBlockLocationFailoverProxyProvider.java:<init>(114)) - Created block location fail-over proxy with 1 nodes: [nodeId=scmNodeId,nodeAddress=/0.0.0.0:33771]
2023-04-21 06:16:39,318 [Listener at 0.0.0.0/40027] INFO  proxy.SCMBlockLocationFailoverProxyProvider (SCMBlockLocationFailoverProxyProvider.java:<init>(114)) - Created block location fail-over proxy with 1 nodes: [nodeId=scmNodeId,nodeAddress=/0.0.0.0:33771]
2023-04-21 06:16:39,328 [Listener at 0.0.0.0/40027] INFO  om.OzoneManager (OzoneManager.java:<init>(627)) - OM start with adminUsers: [runner]
2023-04-21 06:16:39,329 [Listener at 0.0.0.0/40027] WARN  server.ServerUtils (ServerUtils.java:getDBPath(225)) - ozone.om.db.dirs is not configured. We recommend adding this setting. Falling back to ozone.metadata.dirs instead.
2023-04-21 06:16:39,329 [Listener at 0.0.0.0/40027] INFO  codec.OmKeyInfoCodec (OmKeyInfoCodec.java:<init>(49)) - OmKeyInfoCodec ignorePipeline = true
2023-04-21 06:16:39,329 [Listener at 0.0.0.0/40027] INFO  codec.RepeatedOmKeyInfoCodec (RepeatedOmKeyInfoCodec.java:<init>(41)) - RepeatedOmKeyInfoCodec ignorePipeline = true
2023-04-21 06:16:39,516 [Listener at 0.0.0.0/40027] INFO  om.OzoneManager (OzoneManager.java:instantiateServices(757)) - S3 Multi-Tenancy is disabled
2023-04-21 06:16:39,517 [Listener at 0.0.0.0/40027] WARN  server.ServerUtils (ServerUtils.java:getDBPath(225)) - ozone.om.snapshot.diff.db.dir is not configured. We recommend adding this setting. Falling back to ozone.metadata.dirs instead.
2023-04-21 06:16:39,542 [Listener at 0.0.0.0/40027] INFO  om.OzoneManager (OzoneManager.java:addS3GVolumeToDB(4257)) - Created Volume s3v With Owner runner required for S3Gateway operations.
2023-04-21 06:16:39,542 [Listener at 0.0.0.0/40027] WARN  server.ServerUtils (ServerUtils.java:getDefaultRatisDirectory(237)) - Storage directory for Ratis is not configured. It is a good idea to map this to an SSD disk. Falling back to ozone.metadata.dirs
2023-04-21 06:16:39,542 [Listener at 0.0.0.0/40027] WARN  utils.OzoneManagerRatisUtils (OzoneManagerRatisUtils.java:getOMRatisSnapshotDirectory(459)) - ozone.om.ratis.snapshot.dir is not configured. Falling back to ozone.metadata.dirs config
2023-04-21 06:16:39,542 [Listener at 0.0.0.0/40027] WARN  server.ServerUtils (ServerUtils.java:getDefaultRatisDirectory(237)) - Storage directory for Ratis is not configured. It is a good idea to map this to an SSD disk. Falling back to ozone.metadata.dirs
2023-04-21 06:16:39,543 [Listener at 0.0.0.0/40027] INFO  ratis.OzoneManagerRatisServer (OzoneManagerRatisServer.java:<init>(163)) - Instantiating OM Ratis server with groupID: omServiceIdDefault and peers: localhost:9872
2023-04-21 06:16:39,544 [Listener at 0.0.0.0/40027] INFO  ratis.OzoneManagerStateMachine (OzoneManagerStateMachine.java:loadSnapshotInfoFromDB(644)) - LastAppliedIndex is set from TransactionInfo from OM DB as (t:0, i:~)
2023-04-21 06:16:39,544 [Listener at 0.0.0.0/40027] INFO  server.RaftServer (ConfUtils.java:logGet(46)) - raft.rpc.type = GRPC (default)
2023-04-21 06:16:39,544 [Listener at 0.0.0.0/40027] INFO  grpc.GrpcConfigKeys (ConfUtils.java:logFallback(53)) - raft.grpc.admin.host = null (fallback to raft.grpc.server.host)
2023-04-21 06:16:39,544 [Listener at 0.0.0.0/40027] INFO  grpc.GrpcConfigKeys (ConfUtils.java:logFallback(53)) - raft.grpc.admin.port = 9872 (fallback to raft.grpc.server.port)
2023-04-21 06:16:39,544 [Listener at 0.0.0.0/40027] INFO  grpc.GrpcConfigKeys (ConfUtils.java:logFallback(53)) - raft.grpc.client.host = null (fallback to raft.grpc.server.host)
2023-04-21 06:16:39,544 [Listener at 0.0.0.0/40027] INFO  grpc.GrpcConfigKeys (ConfUtils.java:logFallback(53)) - raft.grpc.client.port = 9872 (fallback to raft.grpc.server.port)
2023-04-21 06:16:39,545 [Listener at 0.0.0.0/40027] INFO  grpc.GrpcConfigKeys (ConfUtils.java:logGet(46)) - raft.grpc.server.host = null (default)
2023-04-21 06:16:39,545 [Listener at 0.0.0.0/40027] INFO  grpc.GrpcConfigKeys (ConfUtils.java:logGet(46)) - raft.grpc.server.port = 9872 (custom)
2023-04-21 06:16:39,545 [Listener at 0.0.0.0/40027] INFO  server.GrpcService (ConfUtils.java:logGet(46)) - raft.grpc.message.size.max = 33554432 (custom)
2023-04-21 06:16:39,545 [Listener at 0.0.0.0/40027] INFO  server.RaftServerConfigKeys (ConfUtils.java:logGet(46)) - raft.server.log.appender.buffer.byte-limit = 33554432 (custom)
2023-04-21 06:16:39,545 [Listener at 0.0.0.0/40027] INFO  server.GrpcService (ConfUtils.java:logGet(46)) - raft.grpc.flow.control.window = 1MB (=1048576) (default)
2023-04-21 06:16:39,545 [Listener at 0.0.0.0/40027] INFO  server.RaftServerConfigKeys (ConfUtils.java:logGet(46)) - raft.server.rpc.request.timeout = 3000ms (default)
2023-04-21 06:16:39,545 [Listener at 0.0.0.0/40027] INFO  grpc.GrpcConfigKeys (ConfUtils.java:logGet(46)) - raft.grpc.server.heartbeat.channel = true (default)
2023-04-21 06:16:39,545 [Listener at 0.0.0.0/40027] INFO  grpc.GrpcConfigKeys (ConfUtils.java:logGet(46)) - raft.grpc.server.async.request.thread.pool.cached = true (default)
2023-04-21 06:16:39,545 [Listener at 0.0.0.0/40027] INFO  grpc.GrpcConfigKeys (ConfUtils.java:logGet(46)) - raft.grpc.server.async.request.thread.pool.size = 32 (default)
2023-04-21 06:16:39,565 [Listener at 0.0.0.0/40027] INFO  impl.DataStreamServerImpl (ConfUtils.java:logGet(46)) - raft.datastream.type = DISABLED (default)
2023-04-21 06:16:39,565 [Listener at 0.0.0.0/40027] INFO  server.RaftServerConfigKeys (ConfUtils.java:logGet(46)) - raft.server.threadpool.proxy.cached = true (default)
2023-04-21 06:16:39,566 [Listener at 0.0.0.0/40027] INFO  server.RaftServerConfigKeys (ConfUtils.java:logGet(46)) - raft.server.threadpool.proxy.size = 0 (default)
2023-04-21 06:16:39,566 [Listener at 0.0.0.0/40027] INFO  server.RaftServerConfigKeys (ConfUtils.java:logGet(46)) - raft.server.rpc.slowness.timeout = 120s (custom)
2023-04-21 06:16:39,566 [Listener at 0.0.0.0/40027] INFO  server.RaftServerConfigKeys (ConfUtils.java:logGet(46)) - raft.server.leaderelection.leader.step-down.wait-time = 10s (default)
2023-04-21 06:16:39,566 [Listener at 0.0.0.0/40027] INFO  server.RaftServerConfigKeys (ConfUtils.java:logGet(46)) - raft.server.storage.dir = [/home/runner/work/ozone/ozone/hadoop-ozone/integration-test/target/test-dir/MiniOzoneClusterImpl-0b173110-c037-445d-88e3-fa395e3ed442/ozone-meta/ratis] (custom)
2023-04-21 06:16:39,568 [Listener at 0.0.0.0/40027] INFO  server.RaftServer (RaftServerProxy.java:addNew(96)) - om1: addNew group-C5BA1605619E:[om1|rpc:localhost:9872|priority:0|startupRole:FOLLOWER] returns group-C5BA1605619E:java.util.concurrent.CompletableFuture@56abd355[Not completed]
2023-04-21 06:16:39,568 [pool-480-thread-1] INFO  server.RaftServer$Division (RaftServerImpl.java:<init>(195)) - om1: new RaftServerImpl for group-C5BA1605619E:[om1|rpc:localhost:9872|priority:0|startupRole:FOLLOWER] with OzoneManagerStateMachine:uninitialized
2023-04-21 06:16:39,568 [Listener at 0.0.0.0/40027] INFO  om.OzoneManager (OzoneManager.java:initializeRatisServer(2095)) - OzoneManager Ratis server initialized at port 9872
2023-04-21 06:16:39,568 [pool-480-thread-1] INFO  server.RaftServerConfigKeys (ConfUtils.java:logGet(46)) - raft.server.rpc.timeout.min = 1s (custom)
2023-04-21 06:16:39,568 [Listener at 0.0.0.0/40027] INFO  om.OzoneManager (OzoneManager.java:getRpcServer(1142)) - Creating RPC Server
2023-04-21 06:16:39,568 [pool-480-thread-1] INFO  server.RaftServerConfigKeys (ConfUtils.java:logGet(46)) - raft.server.rpc.timeout.max = 1200ms (custom)
2023-04-21 06:16:39,568 [pool-480-thread-1] INFO  server.RaftServerConfigKeys (ConfUtils.java:logGet(46)) - raft.server.rpc.sleep.time = 25ms (default)
2023-04-21 06:16:39,568 [pool-480-thread-1] INFO  server.RaftServerConfigKeys (ConfUtils.java:logGet(46)) - raft.server.rpc.slowness.timeout = 120s (custom)
2023-04-21 06:16:39,568 [pool-480-thread-1] INFO  server.RaftServerConfigKeys (ConfUtils.java:logGet(46)) - raft.server.leaderelection.leader.step-down.wait-time = 10s (default)
2023-04-21 06:16:39,568 [pool-480-thread-1] INFO  server.RaftServerConfigKeys (ConfUtils.java:logGet(46)) - raft.server.sleep.deviation.threshold = 300ms (default)
2023-04-21 06:16:39,568 [pool-480-thread-1] INFO  server.RaftServer$Division (ServerState.java:<init>(118)) - om1@group-C5BA1605619E: ConfigurationManager, init=-1: peers:[om1|rpc:localhost:9872|priority:0|startupRole:FOLLOWER]|listeners:[], old=null, confs=<EMPTY_MAP>
2023-04-21 06:16:39,568 [pool-480-thread-1] INFO  server.RaftServerConfigKeys (ConfUtils.java:logGet(46)) - raft.server.storage.dir = [/home/runner/work/ozone/ozone/hadoop-ozone/integration-test/target/test-dir/MiniOzoneClusterImpl-0b173110-c037-445d-88e3-fa395e3ed442/ozone-meta/ratis] (custom)
2023-04-21 06:16:39,568 [pool-480-thread-1] INFO  server.RaftServerConfigKeys (ConfUtils.java:logGet(46)) - raft.server.log.corruption.policy = EXCEPTION (default)
2023-04-21 06:16:39,568 [pool-480-thread-1] INFO  server.RaftServerConfigKeys (ConfUtils.java:logGet(46)) - raft.server.storage.free-space.min = 0MB (=0) (default)
2023-04-21 06:16:39,569 [pool-480-thread-1] INFO  server.RaftServerConfigKeys (ConfUtils.java:logGet(46)) - raft.server.notification.no-leader.timeout = 120s (custom)
2023-04-21 06:16:39,569 [pool-480-thread-1] INFO  server.RaftServerConfigKeys (ConfUtils.java:logGet(46)) - raft.server.retrycache.expirytime = 300s (custom)
2023-04-21 06:16:39,569 [pool-480-thread-1] INFO  server.RaftServerConfigKeys (ConfUtils.java:logGet(46)) - raft.server.retrycache.statistics.expirytime = 100μs (default)
2023-04-21 06:16:39,569 [pool-480-thread-1] INFO  server.RaftServerConfigKeys (ConfUtils.java:logGet(46)) - raft.server.log.appender.install.snapshot.enabled = false (custom)
2023-04-21 06:16:39,569 [pool-480-thread-1] INFO  server.RaftServerConfigKeys (ConfUtils.java:logGet(46)) - raft.server.threadpool.server.cached = true (default)
2023-04-21 06:16:39,569 [pool-480-thread-1] INFO  server.RaftServerConfigKeys (ConfUtils.java:logGet(46)) - raft.server.threadpool.server.size = 0 (default)
2023-04-21 06:16:39,569 [pool-480-thread-1] INFO  server.RaftServerConfigKeys (ConfUtils.java:logGet(46)) - raft.server.threadpool.client.cached = true (default)
2023-04-21 06:16:39,570 [pool-480-thread-1] INFO  server.RaftServerConfigKeys (ConfUtils.java:logGet(46)) - raft.server.threadpool.client.size = 0 (default)
2023-04-21 06:16:39,924 [Listener at 0.0.0.0/40027] INFO  reflections.Reflections (Reflections.java:scan(232)) - Reflections took 355 ms to scan 19 urls, producing 68 keys and 5070 values [using 2 cores]
2023-04-21 06:16:39,926 [Listener at 0.0.0.0/40027] INFO  ipc.CallQueueManager (CallQueueManager.java:<init>(90)) - Using callQueue: class java.util.concurrent.LinkedBlockingQueue, queueCapacity: 2000, scheduler: class org.apache.hadoop.ipc.DefaultRpcScheduler, ipcBackoff: false.
2023-04-21 06:16:39,932 [Socket Reader #1 for port 0] INFO  ipc.Server (Server.java:run(1319)) - Starting Socket Reader #1 for port 0
2023-04-21 06:16:39,961 [Listener at 127.0.0.1/44783] INFO  impl.MetricsSystemImpl (MetricsSystemImpl.java:init(158)) - OzoneManager metrics system started (again)
2023-04-21 06:16:39,976 [Listener at 127.0.0.1/44783] INFO  om.OzoneManager (OzoneManager.java:start(1563)) - OzoneManager RPC server is listening at localhost/127.0.0.1:44783
2023-04-21 06:16:39,976 [Listener at 127.0.0.1/44783] INFO  ratis.OzoneManagerRatisServer (OzoneManagerRatisServer.java:start(558)) - Starting OzoneManagerRatisServer om1 at port 9872
2023-04-21 06:16:39,976 [om1-impl-thread1] INFO  storage.RaftStorageDirectory (RaftStorageDirectoryImpl.java:analyzeStorage(137)) - The storage directory /home/runner/work/ozone/ozone/hadoop-ozone/integration-test/target/test-dir/MiniOzoneClusterImpl-0b173110-c037-445d-88e3-fa395e3ed442/ozone-meta/ratis/bf265839-605b-3f16-9796-c5ba1605619e does not exist. Creating ...
2023-04-21 06:16:39,977 [om1-impl-thread1] INFO  storage.RaftStorageDirectory (RaftStorageDirectoryImpl.java:tryLock(231)) - Lock on /home/runner/work/ozone/ozone/hadoop-ozone/integration-test/target/test-dir/MiniOzoneClusterImpl-0b173110-c037-445d-88e3-fa395e3ed442/ozone-meta/ratis/bf265839-605b-3f16-9796-c5ba1605619e/in_use.lock acquired by nodename 2764@fv-az205-422
2023-04-21 06:16:39,979 [om1-impl-thread1] INFO  storage.RaftStorage (RaftStorageImpl.java:format(96)) - Storage directory /home/runner/work/ozone/ozone/hadoop-ozone/integration-test/target/test-dir/MiniOzoneClusterImpl-0b173110-c037-445d-88e3-fa395e3ed442/ozone-meta/ratis/bf265839-605b-3f16-9796-c5ba1605619e has been successfully formatted.
2023-04-21 06:16:39,979 [om1-impl-thread1] INFO  server.RaftServerConfigKeys (ConfUtils.java:logGet(46)) - raft.server.log.use.memory = false (default)
2023-04-21 06:16:39,979 [om1-impl-thread1] INFO  server.RaftServerConfigKeys (ConfUtils.java:logGet(46)) - raft.server.log.purge.gap = 1000000 (custom)
2023-04-21 06:16:39,979 [om1-impl-thread1] INFO  server.RaftServerConfigKeys (ConfUtils.java:logGet(46)) - raft.server.log.appender.buffer.byte-limit = 33554432 (custom)
2023-04-21 06:16:39,979 [om1-impl-thread1] INFO  server.RaftServerConfigKeys (ConfUtils.java:logGet(46)) - raft.server.log.statemachine.data.read.timeout = 1000ms (default)
2023-04-21 06:16:39,979 [om1-impl-thread1] INFO  server.RaftServerConfigKeys (ConfUtils.java:logGet(46)) - raft.server.log.purge.preservation.log.num = 0 (default)
2023-04-21 06:16:39,979 [om1-impl-thread1] INFO  server.RaftServerConfigKeys (ConfUtils.java:logGet(46)) - raft.server.log.segment.size.max = 4194304 (custom)
2023-04-21 06:16:39,980 [om1-impl-thread1] INFO  server.RaftServerConfigKeys (ConfUtils.java:logGet(46)) - raft.server.log.segment.cache.num.max = 2 (custom)
2023-04-21 06:16:39,980 [om1-impl-thread1] INFO  server.RaftServerConfigKeys (ConfUtils.java:logGet(46)) - raft.server.log.segment.cache.size.max = 200MB (=209715200) (default)
2023-04-21 06:16:39,980 [om1-impl-thread1] INFO  segmented.SegmentedRaftLogWorker (SegmentedRaftLogWorker.java:<init>(189)) - new om1@group-C5BA1605619E-SegmentedRaftLogWorker for RaftStorageImpl:Storage Directory /home/runner/work/ozone/ozone/hadoop-ozone/integration-test/target/test-dir/MiniOzoneClusterImpl-0b173110-c037-445d-88e3-fa395e3ed442/ozone-meta/ratis/bf265839-605b-3f16-9796-c5ba1605619e
2023-04-21 06:16:39,980 [om1-impl-thread1] INFO  server.RaftServerConfigKeys (ConfUtils.java:logGet(46)) - raft.server.log.queue.byte-limit = 64MB (=67108864) (default)
2023-04-21 06:16:39,980 [om1-impl-thread1] INFO  server.RaftServerConfigKeys (ConfUtils.java:logGet(46)) - raft.server.log.queue.element-limit = 4096 (default)
2023-04-21 06:16:39,980 [om1-impl-thread1] INFO  server.RaftServerConfigKeys (ConfUtils.java:logGet(46)) - raft.server.log.segment.size.max = 4194304 (custom)
2023-04-21 06:16:39,980 [om1-impl-thread1] INFO  server.RaftServerConfigKeys (ConfUtils.java:logGet(46)) - raft.server.log.preallocated.size = 4194304 (custom)
2023-04-21 06:16:39,980 [om1-impl-thread1] INFO  server.RaftServerConfigKeys (ConfUtils.java:logGet(46)) - raft.server.log.force.sync.num = 128 (default)
2023-04-21 06:16:39,980 [om1-impl-thread1] INFO  server.RaftServerConfigKeys (ConfUtils.java:logGet(46)) - raft.server.log.statemachine.data.sync = true (default)
2023-04-21 06:16:39,980 [om1-impl-thread1] INFO  server.RaftServerConfigKeys (ConfUtils.java:logGet(46)) - raft.server.log.statemachine.data.sync.timeout = 10s (default)
2023-04-21 06:16:39,980 [om1-impl-thread1] INFO  server.RaftServerConfigKeys (ConfUtils.java:logGet(46)) - raft.server.log.statemachine.data.sync.timeout.retry = -1 (default)
2023-04-21 06:16:39,980 [om1-impl-thread1] INFO  server.RaftServerConfigKeys (ConfUtils.java:logGet(46)) - raft.server.log.write.buffer.size = 64KB (=65536) (default)
2023-04-21 06:16:39,980 [om1-impl-thread1] INFO  server.RaftServerConfigKeys (ConfUtils.java:logGet(46)) - raft.server.log.appender.buffer.byte-limit = 33554432 (custom)
2023-04-21 06:16:39,985 [om1-impl-thread1] INFO  server.RaftServerConfigKeys (ConfUtils.java:logGet(46)) - raft.server.log.unsafe-flush.enabled = false (default)
2023-04-21 06:16:39,985 [om1-impl-thread1] INFO  server.RaftServerConfigKeys (ConfUtils.java:logGet(46)) - raft.server.log.async-flush.enabled = false (default)
2023-04-21 06:16:39,985 [om1-impl-thread1] INFO  server.RaftServerConfigKeys (ConfUtils.java:logGet(46)) - raft.server.log.statemachine.data.caching.enabled = false (default)
2023-04-21 06:16:39,985 [om1-impl-thread1] INFO  segmented.SegmentedRaftLogWorker (SegmentedRaftLogWorker.java:lambda$new$0(135)) - om1@group-C5BA1605619E-SegmentedRaftLogWorker: flushIndex: setUnconditionally 0 -> -1
2023-04-21 06:16:39,985 [om1-impl-thread1] INFO  segmented.SegmentedRaftLogWorker (SegmentedRaftLogWorker.java:lambda$new$0(135)) - om1@group-C5BA1605619E-SegmentedRaftLogWorker: safeCacheEvictIndex: setUnconditionally 0 -> -1
2023-04-21 06:16:39,986 [om1-impl-thread1] INFO  server.RaftServer$Division (RaftServerImpl.java:start(334)) - om1@group-C5BA1605619E: start as a follower, conf=-1: peers:[om1|rpc:localhost:9872|priority:0|startupRole:FOLLOWER]|listeners:[], old=null
2023-04-21 06:16:39,986 [om1-impl-thread1] INFO  server.RaftServer$Division (RaftServerImpl.java:setRole(321)) - om1@group-C5BA1605619E: changes role from      null to FOLLOWER at term 0 for startAsFollower
2023-04-21 06:16:39,986 [om1-impl-thread1] INFO  impl.RoleInfo (RoleInfo.java:updateAndGet(139)) - om1: start om1@group-C5BA1605619E-FollowerState
2023-04-21 06:16:39,986 [om1-impl-thread1] INFO  util.JmxRegister (JmxRegister.java:tryRegister(44)) - Successfully registered JMX Bean with object name Ratis:service=RaftServer,group=group-C5BA1605619E,id=om1
2023-04-21 06:16:39,986 [om1-impl-thread1] INFO  server.RaftServerConfigKeys (ConfUtils.java:logGet(46)) - raft.server.snapshot.auto.trigger.enabled = true (custom)
2023-04-21 06:16:39,986 [om1-impl-thread1] INFO  server.RaftServerConfigKeys (ConfUtils.java:logGet(46)) - raft.server.snapshot.auto.trigger.threshold = 400000 (default)
2023-04-21 06:16:39,986 [om1-impl-thread1] INFO  server.RaftServerConfigKeys (ConfUtils.java:logGet(46)) - raft.server.snapshot.retention.file.num = -1 (default)
2023-04-21 06:16:39,986 [om1-impl-thread1] INFO  server.RaftServerConfigKeys (ConfUtils.java:logGet(46)) - raft.server.log.purge.upto.snapshot.index = true (custom)
2023-04-21 06:16:39,987 [om1@group-C5BA1605619E-FollowerState] INFO  server.RaftServerConfigKeys (ConfUtils.java:logFallback(53)) - raft.server.rpc.first-election.timeout.min = 1s (fallback to raft.server.rpc.timeout.min)
2023-04-21 06:16:39,987 [om1@group-C5BA1605619E-FollowerState] INFO  server.RaftServerConfigKeys (ConfUtils.java:logFallback(53)) - raft.server.rpc.first-election.timeout.max = 1200ms (fallback to raft.server.rpc.timeout.max)
2023-04-21 06:16:39,987 [Listener at 127.0.0.1/44783] INFO  server.RaftServer (RaftServerProxy.java:startImpl(393)) - om1: start RPC server
2023-04-21 06:16:39,993 [Listener at 127.0.0.1/44783] INFO  server.GrpcService (GrpcService.java:startImpl(262)) - om1: GrpcService started, listening on 9872
2023-04-21 06:16:39,993 [Listener at 127.0.0.1/44783] INFO  om.OzoneManager (OzoneManager.java:start(1579)) - Version File has different layout version (4) than OM DB (null). That is expected if this OM has never been finalized to a newer layout version.
2023-04-21 06:16:39,993 [JvmPauseMonitor10] INFO  util.JvmPauseMonitor (JvmPauseMonitor.java:run(105)) - JvmPauseMonitor-om1: Started
2023-04-21 06:16:39,996 [Listener at 127.0.0.1/44783] INFO  http.BaseHttpServer (BaseHttpServer.java:newHttpServer2BuilderForOzone(224)) - Starting Web-server for ozoneManager at: http://0.0.0.0:0
2023-04-21 06:16:39,996 [Listener at 127.0.0.1/44783] INFO  http.BaseHttpServer (BaseHttpServer.java:<init>(111)) - Hadoop Security Enabled: false Ozone Security Enabled: false Ozone HTTP Security Enabled: false 
2023-04-21 06:16:39,997 [Listener at 127.0.0.1/44783] WARN  server.AuthenticationFilter (AuthenticationFilter.java:constructSecretProvider(240)) - Unable to initialize FileSignerSecretProvider, falling back to use random secrets. Reason: Could not read signature secret file: /home/runner/hadoop-http-auth-signature-secret
2023-04-21 06:16:39,998 [Listener at 127.0.0.1/44783] INFO  http.HttpRequestLog (HttpRequestLog.java:getRequestLog(86)) - Http request log for http.requests.ozoneManager is not defined
2023-04-21 06:16:39,999 [Listener at 127.0.0.1/44783] INFO  http.HttpServer2 (HttpServer2.java:addGlobalFilter(1031)) - Added global filter 'safety' (class=org.apache.hadoop.hdds.server.http.HttpServer2$QuotingInputFilter)
2023-04-21 06:16:40,001 [Listener at 127.0.0.1/44783] INFO  http.HttpServer2 (HttpServer2.java:addFilter(1007)) - Added filter static_user_filter (class=org.apache.hadoop.http.lib.StaticUserWebFilter$StaticUserFilter) to context ozoneManager
2023-04-21 06:16:40,001 [Listener at 127.0.0.1/44783] INFO  http.HttpServer2 (HttpServer2.java:addFilter(1015)) - Added filter static_user_filter (class=org.apache.hadoop.http.lib.StaticUserWebFilter$StaticUserFilter) to context static
2023-04-21 06:16:40,003 [Listener at 127.0.0.1/44783] INFO  http.HttpServer2 (HttpServer2.java:addFilter(1015)) - Added filter static_user_filter (class=org.apache.hadoop.http.lib.StaticUserWebFilter$StaticUserFilter) to context logs
2023-04-21 06:16:40,003 [Listener at 127.0.0.1/44783] INFO  http.BaseHttpServer (BaseHttpServer.java:<init>(190)) - HTTP server of ozoneManager uses base directory /home/runner/work/ozone/ozone/hadoop-ozone/integration-test/target/test-dir/MiniOzoneClusterImpl-0b173110-c037-445d-88e3-fa395e3ed442/ozone-meta/webserver
2023-04-21 06:16:40,004 [Listener at 127.0.0.1/44783] INFO  http.HttpServer2 (HttpServer2.java:bindListener(1250)) - Jetty bound to port 35213
2023-04-21 06:16:40,004 [Listener at 127.0.0.1/44783] INFO  server.Server (Server.java:doStart(375)) - jetty-9.4.49.v20220914; built: 2022-09-14T01:07:36.601Z; git: 4231a3b2e4cb8548a412a789936d640a97b1aa0a; jvm 1.8.0_362-b09
2023-04-21 06:16:40,005 [Listener at 127.0.0.1/44783] INFO  server.session (DefaultSessionIdManager.java:doStart(334)) - DefaultSessionIdManager workerName=node0
2023-04-21 06:16:40,005 [Listener at 127.0.0.1/44783] INFO  server.session (DefaultSessionIdManager.java:doStart(339)) - No SessionScavenger set, using defaults
2023-04-21 06:16:40,005 [Listener at 127.0.0.1/44783] INFO  server.session (HouseKeeper.java:startScavenging(132)) - node0 Scavenging every 600000ms
2023-04-21 06:16:40,006 [Listener at 127.0.0.1/44783] INFO  handler.ContextHandler (ContextHandler.java:doStart(921)) - Started o.e.j.s.ServletContextHandler@2095e63d{logs,/logs,file:///home/runner/work/ozone/ozone/hadoop-ozone/integration-test/target/log,AVAILABLE}
2023-04-21 06:16:40,006 [Listener at 127.0.0.1/44783] INFO  handler.ContextHandler (ContextHandler.java:doStart(921)) - Started o.e.j.s.ServletContextHandler@784da569{static,/static,file:///home/runner/work/ozone/ozone/hadoop-ozone/integration-test/target/test-classes/webapps/static,AVAILABLE}
2023-04-21 06:16:40,008 [Listener at 127.0.0.1/44783] INFO  handler.ContextHandler (ContextHandler.java:doStart(921)) - Started o.e.j.w.WebAppContext@6779025f{ozoneManager,/,file:///home/runner/work/ozone/ozone/hadoop-ozone/integration-test/target/test-classes/webapps/ozoneManager/,AVAILABLE}{file:/home/runner/work/ozone/ozone/hadoop-ozone/integration-test/target/test-classes/webapps/ozoneManager}
2023-04-21 06:16:40,013 [Listener at 127.0.0.1/44783] INFO  server.AbstractConnector (AbstractConnector.java:doStart(333)) - Started ServerConnector@48211e61{HTTP/1.1, (http/1.1)}{0.0.0.0:35213}
2023-04-21 06:16:40,014 [Listener at 127.0.0.1/44783] INFO  server.Server (Server.java:doStart(415)) - Started @82704ms
2023-04-21 06:16:40,014 [Listener at 127.0.0.1/44783] WARN  impl.MetricsSystemImpl (MetricsSystemImpl.java:register(279)) - Sink prometheus already exists!
2023-04-21 06:16:40,015 [Listener at 127.0.0.1/44783] INFO  http.BaseHttpServer (BaseHttpServer.java:updateConnectorAddress(344)) - HTTP server of ozoneManager listening at http://0.0.0.0:35213
2023-04-21 06:16:40,015 [IPC Server Responder] INFO  ipc.Server (Server.java:run(1558)) - IPC Server Responder: starting
2023-04-21 06:16:40,015 [IPC Server listener on 0] INFO  ipc.Server (Server.java:run(1398)) - IPC Server listener on 0: starting
2023-04-21 06:16:40,017 [Listener at 127.0.0.1/44783] INFO  om.OzoneManager (OzoneManager.java:startTrashEmptier(2039)) - Trash Interval set to 0. Files deleted won't move to trash
2023-04-21 06:16:40,019 [Listener at 127.0.0.1/44783] WARN  impl.MetricRegistriesImpl (MetricRegistriesImpl.java:addReporterRegistration(111)) - New reporters are added after registries were created. Some metrics will be missing from the reporter. Please add reporter before adding any new registry.
2023-04-21 06:16:40,019 [Listener at 127.0.0.1/44783] WARN  impl.MetricRegistriesImpl (MetricRegistriesImpl.java:addReporterRegistration(111)) - New reporters are added after registries were created. Some metrics will be missing from the reporter. Please add reporter before adding any new registry.
2023-04-21 06:16:40,019 [Listener at 127.0.0.1/44783] INFO  impl.MetricsSystemImpl (MetricsSystemImpl.java:init(158)) - HddsDatanode metrics system started (again)
2023-04-21 06:16:40,027 [org.apache.hadoop.util.JvmPauseMonitor$Monitor@7790edd6] INFO  util.JvmPauseMonitor (JvmPauseMonitor.java:run(188)) - Starting JVM pause monitor
2023-04-21 06:16:40,035 [Listener at 127.0.0.1/44783] INFO  ozone.HddsDatanodeService (HddsDatanodeService.java:start(252)) - HddsDatanodeService host:fv-az205-422 ip:10.1.0.35
2023-04-21 06:16:40,060 [Listener at 127.0.0.1/44783] INFO  upgrade.AbstractLayoutVersionManager (AbstractLayoutVersionManager.java:init(83)) - Initializing Layout version manager with metadata layout = WEBUI_PORTS_IN_DATANODEDETAILS (version = 6), software layout = WEBUI_PORTS_IN_DATANODEDETAILS (version = 6)
2023-04-21 06:16:40,107 [Listener at 127.0.0.1/44783] INFO  reflections.Reflections (Reflections.java:scan(232)) - Reflections took 46 ms to scan 7 urls, producing 156 keys and 369 values 
2023-04-21 06:16:40,109 [Listener at 127.0.0.1/44783] INFO  statemachine.DatanodeStateMachine (DatanodeStateMachine.java:getEndPointTaskThreadPoolSize(260)) - Datanode State Machine Task Thread Pool size 2
2023-04-21 06:16:40,111 [Listener at 127.0.0.1/44783] INFO  volume.HddsVolume (HddsVolume.java:<init>(130)) - Creating HddsVolume: /home/runner/work/ozone/ozone/hadoop-ozone/integration-test/target/test-dir/MiniOzoneClusterImpl-0b173110-c037-445d-88e3-fa395e3ed442/datanode-0/data-0/containers/hdds of storage type : DISK capacity : 9223372036854775807
2023-04-21 06:16:40,111 [Listener at 127.0.0.1/44783] INFO  volume.MutableVolumeSet (MutableVolumeSet.java:initializeVolumeSet(175)) - Added Volume : /home/runner/work/ozone/ozone/hadoop-ozone/integration-test/target/test-dir/MiniOzoneClusterImpl-0b173110-c037-445d-88e3-fa395e3ed442/datanode-0/data-0/containers/hdds to VolumeSet
2023-04-21 06:16:40,111 [Listener at 127.0.0.1/44783] INFO  volume.ThrottledAsyncChecker (ThrottledAsyncChecker.java:schedule(141)) - Scheduling a check for /home/runner/work/ozone/ozone/hadoop-ozone/integration-test/target/test-dir/MiniOzoneClusterImpl-0b173110-c037-445d-88e3-fa395e3ed442/datanode-0/data-0/containers/hdds
2023-04-21 06:16:40,114 [Listener at 127.0.0.1/44783] INFO  volume.StorageVolumeChecker (StorageVolumeChecker.java:checkAllVolumes(202)) - Scheduled health check for volume /home/runner/work/ozone/ozone/hadoop-ozone/integration-test/target/test-dir/MiniOzoneClusterImpl-0b173110-c037-445d-88e3-fa395e3ed442/datanode-0/data-0/containers/hdds
2023-04-21 06:16:40,126 [Listener at 127.0.0.1/44783] INFO  volume.MutableVolumeSet (MutableVolumeSet.java:initializeVolumeSet(175)) - Added Volume : /home/runner/work/ozone/ozone/hadoop-ozone/integration-test/target/test-dir/MiniOzoneClusterImpl-0b173110-c037-445d-88e3-fa395e3ed442/datanode-0/data/ratis to VolumeSet
2023-04-21 06:16:40,126 [Listener at 127.0.0.1/44783] INFO  volume.ThrottledAsyncChecker (ThrottledAsyncChecker.java:schedule(141)) - Scheduling a check for /home/runner/work/ozone/ozone/hadoop-ozone/integration-test/target/test-dir/MiniOzoneClusterImpl-0b173110-c037-445d-88e3-fa395e3ed442/datanode-0/data/ratis
2023-04-21 06:16:40,126 [Listener at 127.0.0.1/44783] INFO  volume.StorageVolumeChecker (StorageVolumeChecker.java:checkAllVolumes(202)) - Scheduled health check for volume /home/runner/work/ozone/ozone/hadoop-ozone/integration-test/target/test-dir/MiniOzoneClusterImpl-0b173110-c037-445d-88e3-fa395e3ed442/datanode-0/data/ratis
2023-04-21 06:16:40,137 [Thread-1110] INFO  ozoneimpl.ContainerReader (ContainerReader.java:readVolume(175)) - Finish verifying containers on volume /home/runner/work/ozone/ozone/hadoop-ozone/integration-test/target/test-dir/MiniOzoneClusterImpl-0b173110-c037-445d-88e3-fa395e3ed442/datanode-0/data-0/containers/hdds
2023-04-21 06:16:40,137 [Listener at 127.0.0.1/44783] INFO  ozoneimpl.OzoneContainer (OzoneContainer.java:buildContainerSet(303)) - Build ContainerSet costs 0s
2023-04-21 06:16:40,140 [Listener at 127.0.0.1/44783] INFO  server.RaftServer (ConfUtils.java:logGet(46)) - raft.rpc.type = GRPC (default)
2023-04-21 06:16:40,140 [Listener at 127.0.0.1/44783] INFO  grpc.GrpcConfigKeys (ConfUtils.java:logFallback(53)) - raft.grpc.admin.host = null (fallback to raft.grpc.server.host)
2023-04-21 06:16:40,140 [Listener at 127.0.0.1/44783] INFO  grpc.GrpcConfigKeys (ConfUtils.java:logGet(46)) - raft.grpc.admin.port = 0 (custom)
2023-04-21 06:16:40,141 [Listener at 127.0.0.1/44783] INFO  grpc.GrpcConfigKeys (ConfUtils.java:logFallback(53)) - raft.grpc.client.host = null (fallback to raft.grpc.server.host)
2023-04-21 06:16:40,141 [Listener at 127.0.0.1/44783] INFO  grpc.GrpcConfigKeys (ConfUtils.java:logGet(46)) - raft.grpc.client.port = 0 (custom)
2023-04-21 06:16:40,141 [Listener at 127.0.0.1/44783] INFO  grpc.GrpcConfigKeys (ConfUtils.java:logGet(46)) - raft.grpc.server.host = null (default)
2023-04-21 06:16:40,141 [Listener at 127.0.0.1/44783] INFO  grpc.GrpcConfigKeys (ConfUtils.java:logGet(46)) - raft.grpc.server.port = 0 (default)
2023-04-21 06:16:40,141 [Listener at 127.0.0.1/44783] INFO  server.GrpcService (ConfUtils.java:logGet(46)) - raft.grpc.message.size.max = 32MB (=33554432) (custom)
2023-04-21 06:16:40,141 [Listener at 127.0.0.1/44783] INFO  server.RaftServerConfigKeys (ConfUtils.java:logGet(46)) - raft.server.log.appender.buffer.byte-limit = 33554432 (custom)
2023-04-21 06:16:40,141 [Listener at 127.0.0.1/44783] INFO  server.GrpcService (ConfUtils.java:logGet(46)) - raft.grpc.flow.control.window = 5MB (=5242880) (custom)
2023-04-21 06:16:40,141 [Listener at 127.0.0.1/44783] INFO  server.RaftServerConfigKeys (ConfUtils.java:logGet(46)) - raft.server.rpc.request.timeout = 60s (custom)
2023-04-21 06:16:40,141 [Listener at 127.0.0.1/44783] INFO  grpc.GrpcConfigKeys (ConfUtils.java:logGet(46)) - raft.grpc.server.heartbeat.channel = true (default)
2023-04-21 06:16:40,141 [Listener at 127.0.0.1/44783] INFO  grpc.GrpcConfigKeys (ConfUtils.java:logGet(46)) - raft.grpc.server.async.request.thread.pool.cached = true (default)
2023-04-21 06:16:40,141 [Listener at 127.0.0.1/44783] INFO  grpc.GrpcConfigKeys (ConfUtils.java:logGet(46)) - raft.grpc.server.async.request.thread.pool.size = 32 (default)
2023-04-21 06:16:40,142 [Listener at 127.0.0.1/44783] INFO  impl.DataStreamServerImpl (ConfUtils.java:logGet(46)) - raft.datastream.type = NETTY (custom)
2023-04-21 06:16:40,142 [Listener at 127.0.0.1/44783] INFO  server.RaftServerConfigKeys (ConfUtils.java:logGet(46)) - raft.server.data-stream.async.request.thread.pool.cached = false (default)
2023-04-21 06:16:40,143 [Listener at 127.0.0.1/44783] INFO  server.RaftServerConfigKeys (ConfUtils.java:logGet(46)) - raft.server.data-stream.async.request.thread.pool.size = 20 (custom)
2023-04-21 06:16:40,143 [Listener at 127.0.0.1/44783] INFO  server.RaftServerConfigKeys (ConfUtils.java:logGet(46)) - raft.server.data-stream.async.write.thread.pool.size = 16 (default)
2023-04-21 06:16:40,143 [Listener at 127.0.0.1/44783] INFO  server.RaftServerConfigKeys (ConfUtils.java:logGet(46)) - raft.server.data-stream.client.pool.size = 10 (default)
2023-04-21 06:16:40,143 [Listener at 127.0.0.1/44783] INFO  netty.NettyConfigKeys$DataStream (ConfUtils.java:logGet(46)) - raft.netty.dataStream.server.use-epoll = false (default)
2023-04-21 06:16:40,143 [Listener at 127.0.0.1/44783] INFO  netty.NettyConfigKeys$DataStream (ConfUtils.java:logGet(46)) - raft.netty.dataStream.server.boss-group.size = 0 (default)
2023-04-21 06:16:40,143 [Listener at 127.0.0.1/44783] INFO  netty.NettyConfigKeys$DataStream (ConfUtils.java:logGet(46)) - raft.netty.dataStream.server.worker-group.size = 0 (default)
2023-04-21 06:16:40,143 [Listener at 127.0.0.1/44783] INFO  netty.NettyConfigKeys$DataStream (ConfUtils.java:logGet(46)) - raft.netty.dataStream.server.tls.conf = null (default)
2023-04-21 06:16:40,143 [Listener at 127.0.0.1/44783] INFO  netty.NettyConfigKeys$DataStream (ConfUtils.java:logGet(46)) - raft.netty.dataStream.host = null (default)
2023-04-21 06:16:40,144 [Listener at 127.0.0.1/44783] INFO  netty.NettyConfigKeys$DataStream (ConfUtils.java:logGet(46)) - raft.netty.dataStream.port = 0 (default)
2023-04-21 06:16:40,145 [Listener at 127.0.0.1/44783] INFO  server.RaftServerConfigKeys (ConfUtils.java:logGet(46)) - raft.server.threadpool.proxy.cached = true (default)
2023-04-21 06:16:40,145 [Listener at 127.0.0.1/44783] INFO  server.RaftServerConfigKeys (ConfUtils.java:logGet(46)) - raft.server.threadpool.proxy.size = 0 (default)
2023-04-21 06:16:40,145 [Listener at 127.0.0.1/44783] INFO  server.RaftServerConfigKeys (ConfUtils.java:logGet(46)) - raft.server.rpc.slowness.timeout = 300s (custom)
2023-04-21 06:16:40,145 [7a6df638-9d26-4fda-89ed-9848101409d3-NettyServerStreamRpc-bossGroup--thread1] INFO  logging.LoggingHandler (AbstractInternalLogger.java:log(148)) - [id: 0x395eef69] REGISTERED
2023-04-21 06:16:40,145 [Listener at 127.0.0.1/44783] INFO  server.RaftServerConfigKeys (ConfUtils.java:logGet(46)) - raft.server.leaderelection.leader.step-down.wait-time = 10s (default)
2023-04-21 06:16:40,146 [7a6df638-9d26-4fda-89ed-9848101409d3-NettyServerStreamRpc-bossGroup--thread1] INFO  logging.LoggingHandler (AbstractInternalLogger.java:log(148)) - [id: 0x395eef69] BIND: 0.0.0.0/0.0.0.0:0
2023-04-21 06:16:40,146 [Listener at 127.0.0.1/44783] INFO  server.RaftServerConfigKeys (ConfUtils.java:logGet(46)) - raft.server.storage.dir = [/home/runner/work/ozone/ozone/hadoop-ozone/integration-test/target/test-dir/MiniOzoneClusterImpl-0b173110-c037-445d-88e3-fa395e3ed442/datanode-0/data/ratis] (custom)
2023-04-21 06:16:40,146 [7a6df638-9d26-4fda-89ed-9848101409d3-NettyServerStreamRpc-bossGroup--thread1] INFO  logging.LoggingHandler (AbstractInternalLogger.java:log(148)) - [id: 0x395eef69, L:/0:0:0:0:0:0:0:0:45167] ACTIVE
2023-04-21 06:16:40,147 [Listener at 127.0.0.1/44783] INFO  server.XceiverServerGrpc (XceiverServerGrpc.java:<init>(132)) - GrpcServer channel type EpollServerSocketChannel
2023-04-21 06:16:40,151 [Listener at 127.0.0.1/44783] INFO  http.BaseHttpServer (BaseHttpServer.java:newHttpServer2BuilderForOzone(224)) - Starting Web-server for hddsDatanode at: http://0.0.0.0:0
2023-04-21 06:16:40,151 [Listener at 127.0.0.1/44783] INFO  http.BaseHttpServer (BaseHttpServer.java:<init>(111)) - Hadoop Security Enabled: false Ozone Security Enabled: false Ozone HTTP Security Enabled: false 
2023-04-21 06:16:40,153 [Listener at 127.0.0.1/44783] WARN  server.AuthenticationFilter (AuthenticationFilter.java:constructSecretProvider(240)) - Unable to initialize FileSignerSecretProvider, falling back to use random secrets. Reason: Could not read signature secret file: /home/runner/hadoop-http-auth-signature-secret
2023-04-21 06:16:40,154 [Listener at 127.0.0.1/44783] INFO  http.HttpRequestLog (HttpRequestLog.java:getRequestLog(86)) - Http request log for http.requests.hddsDatanode is not defined
2023-04-21 06:16:40,156 [Listener at 127.0.0.1/44783] INFO  http.HttpServer2 (HttpServer2.java:addGlobalFilter(1031)) - Added global filter 'safety' (class=org.apache.hadoop.hdds.server.http.HttpServer2$QuotingInputFilter)
2023-04-21 06:16:40,158 [Listener at 127.0.0.1/44783] INFO  http.HttpServer2 (HttpServer2.java:addFilter(1007)) - Added filter static_user_filter (class=org.apache.hadoop.http.lib.StaticUserWebFilter$StaticUserFilter) to context hddsDatanode
2023-04-21 06:16:40,158 [Listener at 127.0.0.1/44783] INFO  http.HttpServer2 (HttpServer2.java:addFilter(1015)) - Added filter static_user_filter (class=org.apache.hadoop.http.lib.StaticUserWebFilter$StaticUserFilter) to context static
2023-04-21 06:16:40,159 [Listener at 127.0.0.1/44783] INFO  http.HttpServer2 (HttpServer2.java:addFilter(1015)) - Added filter static_user_filter (class=org.apache.hadoop.http.lib.StaticUserWebFilter$StaticUserFilter) to context logs
2023-04-21 06:16:40,160 [Listener at 127.0.0.1/44783] INFO  http.BaseHttpServer (BaseHttpServer.java:<init>(190)) - HTTP server of hddsDatanode uses base directory /home/runner/work/ozone/ozone/hadoop-ozone/integration-test/target/test-dir/MiniOzoneClusterImpl-0b173110-c037-445d-88e3-fa395e3ed442/datanode-0/meta/webserver
2023-04-21 06:16:40,160 [Listener at 127.0.0.1/44783] INFO  http.HttpServer2 (HttpServer2.java:bindListener(1250)) - Jetty bound to port 33965
2023-04-21 06:16:40,160 [Listener at 127.0.0.1/44783] INFO  server.Server (Server.java:doStart(375)) - jetty-9.4.49.v20220914; built: 2022-09-14T01:07:36.601Z; git: 4231a3b2e4cb8548a412a789936d640a97b1aa0a; jvm 1.8.0_362-b09
2023-04-21 06:16:40,161 [Listener at 127.0.0.1/44783] INFO  server.session (DefaultSessionIdManager.java:doStart(334)) - DefaultSessionIdManager workerName=node0
2023-04-21 06:16:40,161 [Listener at 127.0.0.1/44783] INFO  server.session (DefaultSessionIdManager.java:doStart(339)) - No SessionScavenger set, using defaults
2023-04-21 06:16:40,161 [Listener at 127.0.0.1/44783] INFO  server.session (HouseKeeper.java:startScavenging(132)) - node0 Scavenging every 600000ms
2023-04-21 06:16:40,166 [Listener at 127.0.0.1/44783] INFO  handler.ContextHandler (ContextHandler.java:doStart(921)) - Started o.e.j.s.ServletContextHandler@2917514{logs,/logs,file:///home/runner/work/ozone/ozone/hadoop-ozone/integration-test/target/log,AVAILABLE}
2023-04-21 06:16:40,167 [Listener at 127.0.0.1/44783] INFO  handler.ContextHandler (ContextHandler.java:doStart(921)) - Started o.e.j.s.ServletContextHandler@2f1a1109{static,/static,jar:file:/home/runner/.m2/repository/org/apache/ozone/hdds-container-service/1.4.0-SNAPSHOT/hdds-container-service-1.4.0-SNAPSHOT.jar!/webapps/static,AVAILABLE}
2023-04-21 06:16:40,369 [Listener at 127.0.0.1/44783] INFO  handler.ContextHandler (ContextHandler.java:doStart(921)) - Started o.e.j.w.WebAppContext@439927af{hddsDatanode,/,file:///home/runner/work/ozone/ozone/hadoop-ozone/integration-test/target/test-dir/MiniOzoneClusterImpl-0b173110-c037-445d-88e3-fa395e3ed442/datanode-0/meta/webserver/jetty-0_0_0_0-33965-hdds-container-service-1_4_0-SNAPSHOT_jar-_-any-3594880107113595379/webapp/,AVAILABLE}{jar:file:/home/runner/.m2/repository/org/apache/ozone/hdds-container-service/1.4.0-SNAPSHOT/hdds-container-service-1.4.0-SNAPSHOT.jar!/webapps/hddsDatanode}
2023-04-21 06:16:40,370 [Listener at 127.0.0.1/44783] INFO  server.AbstractConnector (AbstractConnector.java:doStart(333)) - Started ServerConnector@757ade6a{HTTP/1.1, (http/1.1)}{0.0.0.0:33965}
2023-04-21 06:16:40,370 [Listener at 127.0.0.1/44783] INFO  server.Server (Server.java:doStart(415)) - Started @83061ms
2023-04-21 06:16:40,371 [Listener at 127.0.0.1/44783] WARN  impl.MetricsSystemImpl (MetricsSystemImpl.java:register(279)) - Sink prometheus already exists!
2023-04-21 06:16:40,371 [Listener at 127.0.0.1/44783] INFO  http.BaseHttpServer (BaseHttpServer.java:updateConnectorAddress(344)) - HTTP server of hddsDatanode listening at http://0.0.0.0:33965
2023-04-21 06:16:40,372 [Listener at 127.0.0.1/44783] INFO  ozone.MiniOzoneClusterImpl (MiniOzoneClusterImpl.java:lambda$waitForClusterToBeReady$0(223)) - Waiting for nodes to be ready. Got 0 of 1 DN Heartbeats.
2023-04-21 06:16:40,372 [Listener at 127.0.0.1/44783] INFO  ozone.MiniOzoneClusterImpl (MiniOzoneClusterImpl.java:lambda$waitForClusterToBeReady$0(226)) - Waiting for cluster to exit safe mode
2023-04-21 06:16:40,372 [Listener at 127.0.0.1/44783] INFO  ozone.MiniOzoneClusterImpl (MiniOzoneClusterImpl.java:lambda$waitForClusterToBeReady$0(228)) - SCM became leader
2023-04-21 06:16:40,373 [Datanode State Machine Daemon Thread] INFO  statemachine.DatanodeStateMachine (DatanodeStateMachine.java:lambda$startDaemon$0(517)) - Ozone container server started.
2023-04-21 06:16:40,376 [org.apache.hadoop.util.JvmPauseMonitor$Monitor@416a9491] INFO  util.JvmPauseMonitor (JvmPauseMonitor.java:run(188)) - Starting JVM pause monitor
2023-04-21 06:16:40,381 [Datanode State Machine Task Thread - 0] INFO  datanode.InitDatanodeState (InitDatanodeState.java:persistContainerDatanodeDetails(138)) - DatanodeDetails is persisted to /home/runner/work/ozone/ozone/hadoop-ozone/integration-test/target/test-dir/MiniOzoneClusterImpl-0b173110-c037-445d-88e3-fa395e3ed442/datanode-0/meta/datanode.id
2023-04-21 06:16:41,050 [om1@group-C5BA1605619E-FollowerState] INFO  impl.FollowerState (FollowerState.java:run(143)) - om1@group-C5BA1605619E-FollowerState: change to CANDIDATE, lastRpcElapsedTime:1064114033ns, electionTimeout:1063ms
2023-04-21 06:16:41,050 [om1@group-C5BA1605619E-FollowerState] INFO  impl.RoleInfo (RoleInfo.java:shutdownFollowerState(110)) - om1: shutdown om1@group-C5BA1605619E-FollowerState
2023-04-21 06:16:41,050 [om1@group-C5BA1605619E-FollowerState] INFO  server.RaftServer$Division (RaftServerImpl.java:setRole(321)) - om1@group-C5BA1605619E: changes role from  FOLLOWER to CANDIDATE at term 0 for changeToCandidate
2023-04-21 06:16:41,050 [om1@group-C5BA1605619E-FollowerState] INFO  server.RaftServerConfigKeys (ConfUtils.java:logGet(46)) - raft.server.leaderelection.pre-vote = true (default)
2023-04-21 06:16:41,050 [om1@group-C5BA1605619E-FollowerState] INFO  impl.RoleInfo (RoleInfo.java:updateAndGet(139)) - om1: start om1@group-C5BA1605619E-LeaderElection17
2023-04-21 06:16:41,052 [om1@group-C5BA1605619E-LeaderElection17] INFO  impl.LeaderElection (LeaderElection.java:askForVotes(312)) - om1@group-C5BA1605619E-LeaderElection17 PRE_VOTE round 0: submit vote requests at term 0 for -1: peers:[om1|rpc:localhost:9872|priority:0|startupRole:FOLLOWER]|listeners:[], old=null
2023-04-21 06:16:41,052 [om1@group-C5BA1605619E-LeaderElection17] INFO  impl.LeaderElection (LeaderElection.java:askForVotes(314)) - om1@group-C5BA1605619E-LeaderElection17 PRE_VOTE round 0: result PASSED (term=0)
2023-04-21 06:16:41,059 [om1@group-C5BA1605619E-LeaderElection17] INFO  impl.LeaderElection (LeaderElection.java:askForVotes(312)) - om1@group-C5BA1605619E-LeaderElection17 ELECTION round 0: submit vote requests at term 1 for -1: peers:[om1|rpc:localhost:9872|priority:0|startupRole:FOLLOWER]|listeners:[], old=null
2023-04-21 06:16:41,060 [om1@group-C5BA1605619E-LeaderElection17] INFO  impl.LeaderElection (LeaderElection.java:askForVotes(314)) - om1@group-C5BA1605619E-LeaderElection17 ELECTION round 0: result PASSED (term=1)
2023-04-21 06:16:41,060 [om1@group-C5BA1605619E-LeaderElection17] INFO  impl.RoleInfo (RoleInfo.java:shutdownLeaderElection(130)) - om1: shutdown om1@group-C5BA1605619E-LeaderElection17
2023-04-21 06:16:41,060 [om1@group-C5BA1605619E-LeaderElection17] INFO  server.RaftServer$Division (RaftServerImpl.java:setRole(321)) - om1@group-C5BA1605619E: changes role from CANDIDATE to LEADER at term 1 for changeToLeader
2023-04-21 06:16:41,060 [om1@group-C5BA1605619E-LeaderElection17] INFO  server.RaftServer$Division (ServerState.java:setLeader(313)) - om1@group-C5BA1605619E: change Leader from null to om1 at term 1 for becomeLeader, leader elected after 1491ms
2023-04-21 06:16:41,060 [om1@group-C5BA1605619E-LeaderElection17] INFO  server.RaftServerConfigKeys (ConfUtils.java:logGet(46)) - raft.server.staging.catchup.gap = 1000 (default)
2023-04-21 06:16:41,060 [om1@group-C5BA1605619E-LeaderElection17] INFO  server.RaftServerConfigKeys (ConfUtils.java:logGet(46)) - raft.server.write.element-limit = 4096 (default)
2023-04-21 06:16:41,060 [om1@group-C5BA1605619E-LeaderElection17] INFO  server.RaftServerConfigKeys (ConfUtils.java:logGet(46)) - raft.server.write.byte-limit = 64MB (=67108864) (default)
2023-04-21 06:16:41,061 [om1@group-C5BA1605619E-LeaderElection17] INFO  server.RaftServerConfigKeys (ConfUtils.java:logGet(46)) - raft.server.watch.timeout = 10s (default)
2023-04-21 06:16:41,061 [om1@group-C5BA1605619E-LeaderElection17] INFO  server.RaftServerConfigKeys (ConfUtils.java:logGet(46)) - raft.server.watch.timeout.denomination = 1s (default)
2023-04-21 06:16:41,061 [om1@group-C5BA1605619E-LeaderElection17] INFO  server.RaftServerConfigKeys (ConfUtils.java:logGet(46)) - raft.server.watch.element-limit = 65536 (default)
2023-04-21 06:16:41,061 [om1@group-C5BA1605619E-LeaderElection17] INFO  server.RaftServerConfigKeys (ConfUtils.java:logGet(46)) - raft.server.write.element-limit = 4096 (default)
2023-04-21 06:16:41,061 [om1@group-C5BA1605619E-LeaderElection17] INFO  server.RaftServerConfigKeys (ConfUtils.java:logGet(46)) - raft.server.write.follower.gap.ratio.max = -1.0 (default)
2023-04-21 06:16:41,061 [om1@group-C5BA1605619E-LeaderElection17] INFO  impl.RoleInfo (RoleInfo.java:updateAndGet(139)) - om1: start om1@group-C5BA1605619E-LeaderStateImpl
2023-04-21 06:16:41,062 [om1@group-C5BA1605619E-LeaderElection17] INFO  segmented.SegmentedRaftLogWorker (SegmentedRaftLogWorker.java:startLogSegment(452)) - om1@group-C5BA1605619E-SegmentedRaftLogWorker: Starting segment from index:0
2023-04-21 06:16:41,066 [om1@group-C5BA1605619E-LeaderElection17] INFO  server.RaftServer$Division (ServerState.java:setRaftConf(430)) - om1@group-C5BA1605619E: set configuration 0: peers:[om1|rpc:localhost:9872|admin:|client:|dataStream:|priority:0|startupRole:FOLLOWER]|listeners:[], old=null
2023-04-21 06:16:41,073 [om1@group-C5BA1605619E-SegmentedRaftLogWorker] INFO  segmented.SegmentedRaftLogWorker (SegmentedRaftLogWorker.java:execute(656)) - om1@group-C5BA1605619E-SegmentedRaftLogWorker: created new log segment /home/runner/work/ozone/ozone/hadoop-ozone/integration-test/target/test-dir/MiniOzoneClusterImpl-0b173110-c037-445d-88e3-fa395e3ed442/ozone-meta/ratis/bf265839-605b-3f16-9796-c5ba1605619e/current/log_inprogress_0
2023-04-21 06:16:41,075 [om1@group-C5BA1605619E-StateMachineUpdater] INFO  ratis.OzoneManagerStateMachine (OzoneManagerStateMachine.java:notifyConfigurationChanged(200)) - Received Configuration change notification from Ratis. New Peer list:
[id: "om1"
address: "localhost:9872"
startupRole: FOLLOWER
]
2023-04-21 06:16:41,372 [Listener at 127.0.0.1/44783] INFO  ozone.MiniOzoneClusterImpl (MiniOzoneClusterImpl.java:lambda$waitForClusterToBeReady$0(223)) - Waiting for nodes to be ready. Got 0 of 1 DN Heartbeats.
2023-04-21 06:16:41,372 [Listener at 127.0.0.1/44783] INFO  ozone.MiniOzoneClusterImpl (MiniOzoneClusterImpl.java:lambda$waitForClusterToBeReady$0(226)) - Waiting for cluster to exit safe mode
2023-04-21 06:16:41,372 [Listener at 127.0.0.1/44783] INFO  ozone.MiniOzoneClusterImpl (MiniOzoneClusterImpl.java:lambda$waitForClusterToBeReady$0(228)) - SCM became leader
2023-04-21 06:16:42,373 [Listener at 127.0.0.1/44783] INFO  ozone.MiniOzoneClusterImpl (MiniOzoneClusterImpl.java:lambda$waitForClusterToBeReady$0(223)) - Waiting for nodes to be ready. Got 0 of 1 DN Heartbeats.
2023-04-21 06:16:42,373 [Listener at 127.0.0.1/44783] INFO  ozone.MiniOzoneClusterImpl (MiniOzoneClusterImpl.java:lambda$waitForClusterToBeReady$0(226)) - Waiting for cluster to exit safe mode
2023-04-21 06:16:42,373 [Listener at 127.0.0.1/44783] INFO  ozone.MiniOzoneClusterImpl (MiniOzoneClusterImpl.java:lambda$waitForClusterToBeReady$0(228)) - SCM became leader
2023-04-21 06:16:42,420 [EndpointStateMachine task thread for /0.0.0.0:39145 - 0 ] INFO  utils.DatanodeStoreCache (DatanodeStoreCache.java:addDB(58)) - Added db /home/runner/work/ozone/ozone/hadoop-ozone/integration-test/target/test-dir/MiniOzoneClusterImpl-0b173110-c037-445d-88e3-fa395e3ed442/datanode-0/data-0/containers/hdds/0b173110-c037-445d-88e3-fa395e3ed442/DS-4ea3cdd2-f53b-4279-a92b-ad06ab73de19/container.db to cache
2023-04-21 06:16:42,420 [EndpointStateMachine task thread for /0.0.0.0:39145 - 0 ] INFO  volume.HddsVolume (HddsVolume.java:createDbStore(350)) - SchemaV3 db is created and loaded at /home/runner/work/ozone/ozone/hadoop-ozone/integration-test/target/test-dir/MiniOzoneClusterImpl-0b173110-c037-445d-88e3-fa395e3ed442/datanode-0/data-0/containers/hdds/0b173110-c037-445d-88e3-fa395e3ed442/DS-4ea3cdd2-f53b-4279-a92b-ad06ab73de19/container.db for volume DS-4ea3cdd2-f53b-4279-a92b-ad06ab73de19
2023-04-21 06:16:42,420 [EndpointStateMachine task thread for /0.0.0.0:39145 - 0 ] INFO  ozoneimpl.OzoneContainer (OzoneContainer.java:start(397)) - Attempting to start container services.
2023-04-21 06:16:42,420 [EndpointStateMachine task thread for /0.0.0.0:39145 - 0 ] INFO  ozoneimpl.OzoneContainer (OzoneContainer.java:startContainerScrub(314)) - Scheduled background container scanners and the on-demand container scanner have been disabled.
2023-04-21 06:16:42,422 [EndpointStateMachine task thread for /0.0.0.0:39145 - 0 ] INFO  replication.ReplicationServer (ReplicationServer.java:start(109)) - ReplicationServer is started using port 40383
2023-04-21 06:16:42,422 [EndpointStateMachine task thread for /0.0.0.0:39145 - 0 ] INFO  ratis.XceiverServerRatis (XceiverServerRatis.java:start(517)) - Starting XceiverServerRatis 7a6df638-9d26-4fda-89ed-9848101409d3
2023-04-21 06:16:42,423 [EndpointStateMachine task thread for /0.0.0.0:39145 - 0 ] INFO  server.RaftServer (RaftServerProxy.java:startImpl(393)) - 7a6df638-9d26-4fda-89ed-9848101409d3: start RPC server
2023-04-21 06:16:42,425 [EndpointStateMachine task thread for /0.0.0.0:39145 - 0 ] INFO  server.GrpcService (GrpcService.java:startImpl(262)) - 7a6df638-9d26-4fda-89ed-9848101409d3: GrpcService started, listening on 34517
2023-04-21 06:16:42,425 [EndpointStateMachine task thread for /0.0.0.0:39145 - 0 ] INFO  ratis.XceiverServerRatis (XceiverServerRatis.java:getRealPort(543)) - XceiverServerRatis 7a6df638-9d26-4fda-89ed-9848101409d3 is started using port 34517 for RATIS
2023-04-21 06:16:42,426 [EndpointStateMachine task thread for /0.0.0.0:39145 - 0 ] INFO  ratis.XceiverServerRatis (XceiverServerRatis.java:getRealPort(543)) - XceiverServerRatis 7a6df638-9d26-4fda-89ed-9848101409d3 is started using port 34517 for RATIS_ADMIN
2023-04-21 06:16:42,426 [EndpointStateMachine task thread for /0.0.0.0:39145 - 0 ] INFO  ratis.XceiverServerRatis (XceiverServerRatis.java:getRealPort(543)) - XceiverServerRatis 7a6df638-9d26-4fda-89ed-9848101409d3 is started using port 34517 for RATIS_SERVER
2023-04-21 06:16:42,426 [EndpointStateMachine task thread for /0.0.0.0:39145 - 0 ] INFO  ratis.XceiverServerRatis (XceiverServerRatis.java:getRealPort(543)) - XceiverServerRatis 7a6df638-9d26-4fda-89ed-9848101409d3 is started using port 45167 for RATIS_DATASTREAM
2023-04-21 06:16:42,426 [JvmPauseMonitor11] INFO  util.JvmPauseMonitor (JvmPauseMonitor.java:run(105)) - JvmPauseMonitor-7a6df638-9d26-4fda-89ed-9848101409d3: Started
2023-04-21 06:16:42,428 [EndpointStateMachine task thread for /0.0.0.0:39145 - 0 ] INFO  server.XceiverServerGrpc (XceiverServerGrpc.java:start(180)) - XceiverServerGrpc 7a6df638-9d26-4fda-89ed-9848101409d3 is started using port 46405
2023-04-21 06:16:42,429 [BlockDeletingService#0] INFO  interfaces.ContainerDeletionChoosingPolicyTemplate (ContainerDeletionChoosingPolicyTemplate.java:chooseContainerForBlockDeletion(83)) - Chosen 0/5000 blocks from 0 candidate containers.
2023-04-21 06:16:43,373 [Listener at 127.0.0.1/44783] INFO  ozone.MiniOzoneClusterImpl (MiniOzoneClusterImpl.java:lambda$waitForClusterToBeReady$0(223)) - Waiting for nodes to be ready. Got 0 of 1 DN Heartbeats.
2023-04-21 06:16:43,373 [Listener at 127.0.0.1/44783] INFO  ozone.MiniOzoneClusterImpl (MiniOzoneClusterImpl.java:lambda$waitForClusterToBeReady$0(226)) - Waiting for cluster to exit safe mode
2023-04-21 06:16:43,373 [Listener at 127.0.0.1/44783] INFO  ozone.MiniOzoneClusterImpl (MiniOzoneClusterImpl.java:lambda$waitForClusterToBeReady$0(228)) - SCM became leader
2023-04-21 06:16:44,373 [Listener at 127.0.0.1/44783] INFO  ozone.MiniOzoneClusterImpl (MiniOzoneClusterImpl.java:lambda$waitForClusterToBeReady$0(223)) - Waiting for nodes to be ready. Got 0 of 1 DN Heartbeats.
2023-04-21 06:16:44,374 [Listener at 127.0.0.1/44783] INFO  ozone.MiniOzoneClusterImpl (MiniOzoneClusterImpl.java:lambda$waitForClusterToBeReady$0(226)) - Waiting for cluster to exit safe mode
2023-04-21 06:16:44,374 [Listener at 127.0.0.1/44783] INFO  ozone.MiniOzoneClusterImpl (MiniOzoneClusterImpl.java:lambda$waitForClusterToBeReady$0(228)) - SCM became leader
2023-04-21 06:16:44,378 [IPC Server handler 0 on default port 39145] INFO  net.NetworkTopologyImpl (NetworkTopologyImpl.java:add(112)) - Added a new node: /default-rack/7a6df638-9d26-4fda-89ed-9848101409d3
2023-04-21 06:16:44,378 [IPC Server handler 0 on default port 39145] INFO  node.SCMNodeManager (SCMNodeManager.java:register(404)) - Registered Data node : 7a6df638-9d26-4fda-89ed-9848101409d3{ip: 10.1.0.35, host: fv-az205-422, ports: [HTTP=33965, REPLICATION=40383, RATIS=34517, RATIS_ADMIN=34517, RATIS_SERVER=34517, RATIS_DATASTREAM=45167, STANDALONE=46405], networkLocation: /default-rack, certSerialId: null, persistedOpState: null, persistedOpStateExpiryEpochSec: 0}
2023-04-21 06:16:44,380 [EventQueue-NodeRegistrationContainerReportForDataNodeSafeModeRule] INFO  safemode.SCMSafeModeManager (DataNodeSafeModeRule.java:process(71)) - SCM in safe mode. 1 DataNodes registered, 1 required.
2023-04-21 06:16:44,380 [EventQueue-NodeRegistrationContainerReportForContainerSafeModeRule] INFO  safemode.SCMSafeModeManager (SCMSafeModeManager.java:validateSafeModeExitRules(200)) - ContainerSafeModeRule rule is successfully validated
2023-04-21 06:16:44,386 [EventQueue-NodeRegistrationContainerReportForDataNodeSafeModeRule] INFO  safemode.SCMSafeModeManager (SCMSafeModeManager.java:validateSafeModeExitRules(200)) - DataNodeSafeModeRule rule is successfully validated
2023-04-21 06:16:44,386 [EventQueue-NodeRegistrationContainerReportForDataNodeSafeModeRule] INFO  safemode.SCMSafeModeManager (SCMSafeModeManager.java:completePreCheck(229)) - All SCM safe mode pre check rules have passed
2023-04-21 06:16:44,388 [EventQueue-NewNodeForNewNodeHandler] INFO  pipeline.BackgroundPipelineCreator (BackgroundPipelineCreator.java:notifyEventTriggered(276)) - trigger a one-shot run on RatisPipelineUtilsThread.
2023-04-21 06:16:44,388 [EventQueue-NodeRegistrationContainerReportForDataNodeSafeModeRule] INFO  ha.SCMContext (SCMContext.java:updateSafeModeStatus(228)) - Update SafeModeStatus from SafeModeStatus{safeModeStatus=true, preCheckPassed=false} to SafeModeStatus{safeModeStatus=true, preCheckPassed=true}.
2023-04-21 06:16:44,388 [EventQueue-NodeRegistrationContainerReportForDataNodeSafeModeRule] INFO  pipeline.BackgroundPipelineCreator (BackgroundPipelineCreator.java:notifyEventTriggered(276)) - trigger a one-shot run on RatisPipelineUtilsThread.
2023-04-21 06:16:44,389 [RatisPipelineUtilsThread - 0] INFO  pipeline.RatisPipelineProvider (RatisPipelineProvider.java:lambda$create$0(206)) - Sending CreatePipelineCommand for pipeline:PipelineID=742b5c28-282a-4488-826a-fe9745d62828 to datanode:7a6df638-9d26-4fda-89ed-9848101409d3
2023-04-21 06:16:44,389 [RatisPipelineUtilsThread - 0] INFO  pipeline.PipelineStateManagerImpl (PipelineStateManagerImpl.java:addPipeline(103)) - Created pipeline Pipeline[ Id: 742b5c28-282a-4488-826a-fe9745d62828, Nodes: 7a6df638-9d26-4fda-89ed-9848101409d3(fv-az205-422/10.1.0.35), ReplicationConfig: RATIS/ONE, State:ALLOCATED, leaderId:, CreationTimestamp2023-04-21T06:16:44.389Z[Etc/UTC]].
2023-04-21 06:16:44,390 [RatisPipelineUtilsThread - 0] ERROR scm.SCMCommonPlacementPolicy (SCMCommonPlacementPolicy.java:filterNodesWithSpace(249)) - Unable to find enough nodes that meet the space requirement of 1073741824 bytes for metadata and 5368709120 bytes for data in healthy node set. Required 3. Found 1.
2023-04-21 06:16:44,390 [RatisPipelineUtilsThread - 0] ERROR scm.SCMCommonPlacementPolicy (SCMCommonPlacementPolicy.java:filterNodesWithSpace(249)) - Unable to find enough nodes that meet the space requirement of 1073741824 bytes for metadata and 5368709120 bytes for data in healthy node set. Required 3. Found 1.
2023-04-21 06:16:44,392 [EventQueue-PipelineReportForOneReplicaPipelineSafeModeRule] INFO  safemode.SCMSafeModeManager (SCMSafeModeManager.java:validateSafeModeExitRules(200)) - AtleastOneDatanodeReportedRule rule is successfully validated
2023-04-21 06:16:45,374 [Listener at 127.0.0.1/44783] INFO  ozone.MiniOzoneClusterImpl (MiniOzoneClusterImpl.java:lambda$waitForClusterToBeReady$0(223)) - Nodes are ready. Got 1 of 1 DN Heartbeats.
2023-04-21 06:16:45,374 [Listener at 127.0.0.1/44783] INFO  ozone.MiniOzoneClusterImpl (MiniOzoneClusterImpl.java:lambda$waitForClusterToBeReady$0(226)) - Waiting for cluster to exit safe mode
2023-04-21 06:16:45,374 [Listener at 127.0.0.1/44783] INFO  ozone.MiniOzoneClusterImpl (MiniOzoneClusterImpl.java:lambda$waitForClusterToBeReady$0(228)) - SCM became leader
2023-04-21 06:16:46,374 [Listener at 127.0.0.1/44783] INFO  ozone.MiniOzoneClusterImpl (MiniOzoneClusterImpl.java:lambda$waitForClusterToBeReady$0(223)) - Nodes are ready. Got 1 of 1 DN Heartbeats.
2023-04-21 06:16:46,375 [Listener at 127.0.0.1/44783] INFO  ozone.MiniOzoneClusterImpl (MiniOzoneClusterImpl.java:lambda$waitForClusterToBeReady$0(226)) - Waiting for cluster to exit safe mode
2023-04-21 06:16:46,375 [Listener at 127.0.0.1/44783] INFO  ozone.MiniOzoneClusterImpl (MiniOzoneClusterImpl.java:lambda$waitForClusterToBeReady$0(228)) - SCM became leader
2023-04-21 06:16:47,375 [Listener at 127.0.0.1/44783] INFO  ozone.MiniOzoneClusterImpl (MiniOzoneClusterImpl.java:lambda$waitForClusterToBeReady$0(223)) - Nodes are ready. Got 1 of 1 DN Heartbeats.
2023-04-21 06:16:47,375 [Listener at 127.0.0.1/44783] INFO  ozone.MiniOzoneClusterImpl (MiniOzoneClusterImpl.java:lambda$waitForClusterToBeReady$0(226)) - Waiting for cluster to exit safe mode
2023-04-21 06:16:47,375 [Listener at 127.0.0.1/44783] INFO  ozone.MiniOzoneClusterImpl (MiniOzoneClusterImpl.java:lambda$waitForClusterToBeReady$0(228)) - SCM became leader
2023-04-21 06:16:47,380 [Command processor thread] INFO  server.RaftServer (RaftServerProxy.java:addNew(96)) - 7a6df638-9d26-4fda-89ed-9848101409d3: addNew group-FE9745D62828:[7a6df638-9d26-4fda-89ed-9848101409d3|rpc:10.1.0.35:34517|dataStream:10.1.0.35:45167|priority:1|startupRole:FOLLOWER] returns group-FE9745D62828:java.util.concurrent.CompletableFuture@69d9d0d1[Not completed]
2023-04-21 06:16:47,383 [pool-496-thread-1] INFO  server.RaftServer$Division (RaftServerImpl.java:<init>(195)) - 7a6df638-9d26-4fda-89ed-9848101409d3: new RaftServerImpl for group-FE9745D62828:[7a6df638-9d26-4fda-89ed-9848101409d3|rpc:10.1.0.35:34517|dataStream:10.1.0.35:45167|priority:1|startupRole:FOLLOWER] with ContainerStateMachine:uninitialized
2023-04-21 06:16:47,384 [pool-496-thread-1] INFO  server.RaftServerConfigKeys (ConfUtils.java:logGet(46)) - raft.server.rpc.timeout.min = 5s (custom)
2023-04-21 06:16:47,384 [pool-496-thread-1] INFO  server.RaftServerConfigKeys (ConfUtils.java:logGet(46)) - raft.server.rpc.timeout.max = 5200ms (custom)
2023-04-21 06:16:47,384 [pool-496-thread-1] INFO  server.RaftServerConfigKeys (ConfUtils.java:logGet(46)) - raft.server.rpc.sleep.time = 25ms (default)
2023-04-21 06:16:47,384 [pool-496-thread-1] INFO  server.RaftServerConfigKeys (ConfUtils.java:logGet(46)) - raft.server.rpc.slowness.timeout = 300s (custom)
2023-04-21 06:16:47,384 [pool-496-thread-1] INFO  server.RaftServerConfigKeys (ConfUtils.java:logGet(46)) - raft.server.leaderelection.leader.step-down.wait-time = 10s (default)
2023-04-21 06:16:47,384 [pool-496-thread-1] INFO  server.RaftServerConfigKeys (ConfUtils.java:logGet(46)) - raft.server.sleep.deviation.threshold = 300ms (default)
2023-04-21 06:16:47,384 [pool-496-thread-1] INFO  server.RaftServer$Division (ServerState.java:<init>(118)) - 7a6df638-9d26-4fda-89ed-9848101409d3@group-FE9745D62828: ConfigurationManager, init=-1: peers:[7a6df638-9d26-4fda-89ed-9848101409d3|rpc:10.1.0.35:34517|dataStream:10.1.0.35:45167|priority:1|startupRole:FOLLOWER]|listeners:[], old=null, confs=<EMPTY_MAP>
2023-04-21 06:16:47,384 [pool-496-thread-1] INFO  server.RaftServerConfigKeys (ConfUtils.java:logGet(46)) - raft.server.storage.dir = [/home/runner/work/ozone/ozone/hadoop-ozone/integration-test/target/test-dir/MiniOzoneClusterImpl-0b173110-c037-445d-88e3-fa395e3ed442/datanode-0/data/ratis] (custom)
2023-04-21 06:16:47,384 [pool-496-thread-1] INFO  server.RaftServerConfigKeys (ConfUtils.java:logGet(46)) - raft.server.log.corruption.policy = EXCEPTION (default)
2023-04-21 06:16:47,384 [pool-496-thread-1] INFO  server.RaftServerConfigKeys (ConfUtils.java:logGet(46)) - raft.server.storage.free-space.min = 0MB (=0) (default)
2023-04-21 06:16:47,384 [pool-496-thread-1] INFO  server.RaftServerConfigKeys (ConfUtils.java:logGet(46)) - raft.server.notification.no-leader.timeout = 300s (custom)
2023-04-21 06:16:47,384 [pool-496-thread-1] INFO  server.RaftServerConfigKeys (ConfUtils.java:logGet(46)) - raft.server.retrycache.expirytime = 600000ms (custom)
2023-04-21 06:16:47,384 [pool-496-thread-1] INFO  server.RaftServerConfigKeys (ConfUtils.java:logGet(46)) - raft.server.retrycache.statistics.expirytime = 100μs (default)
2023-04-21 06:16:47,385 [pool-496-thread-1] INFO  server.RaftServerConfigKeys (ConfUtils.java:logGet(46)) - raft.server.log.appender.install.snapshot.enabled = false (custom)
2023-04-21 06:16:47,385 [pool-496-thread-1] INFO  server.RaftServerConfigKeys (ConfUtils.java:logGet(46)) - raft.server.threadpool.server.cached = true (default)
2023-04-21 06:16:47,385 [pool-496-thread-1] INFO  server.RaftServerConfigKeys (ConfUtils.java:logGet(46)) - raft.server.threadpool.server.size = 0 (default)
2023-04-21 06:16:47,385 [pool-496-thread-1] INFO  server.RaftServerConfigKeys (ConfUtils.java:logGet(46)) - raft.server.threadpool.client.cached = true (default)
2023-04-21 06:16:47,385 [pool-496-thread-1] INFO  server.RaftServerConfigKeys (ConfUtils.java:logGet(46)) - raft.server.threadpool.client.size = 0 (default)
2023-04-21 06:16:47,385 [pool-496-thread-1] INFO  storage.RaftStorageDirectory (RaftStorageDirectoryImpl.java:analyzeStorage(137)) - The storage directory /home/runner/work/ozone/ozone/hadoop-ozone/integration-test/target/test-dir/MiniOzoneClusterImpl-0b173110-c037-445d-88e3-fa395e3ed442/datanode-0/data/ratis/742b5c28-282a-4488-826a-fe9745d62828 does not exist. Creating ...
2023-04-21 06:16:47,387 [pool-496-thread-1] INFO  storage.RaftStorageDirectory (RaftStorageDirectoryImpl.java:tryLock(231)) - Lock on /home/runner/work/ozone/ozone/hadoop-ozone/integration-test/target/test-dir/MiniOzoneClusterImpl-0b173110-c037-445d-88e3-fa395e3ed442/datanode-0/data/ratis/742b5c28-282a-4488-826a-fe9745d62828/in_use.lock acquired by nodename 2764@fv-az205-422
2023-04-21 06:16:47,388 [pool-496-thread-1] INFO  storage.RaftStorage (RaftStorageImpl.java:format(96)) - Storage directory /home/runner/work/ozone/ozone/hadoop-ozone/integration-test/target/test-dir/MiniOzoneClusterImpl-0b173110-c037-445d-88e3-fa395e3ed442/datanode-0/data/ratis/742b5c28-282a-4488-826a-fe9745d62828 has been successfully formatted.
2023-04-21 06:16:47,388 [pool-496-thread-1] INFO  ratis.ContainerStateMachine (ContainerStateMachine.java:loadSnapshot(262)) - group-FE9745D62828: The snapshot info is null. Setting the last applied indexto:(t:0, i:~)
2023-04-21 06:16:47,388 [pool-496-thread-1] INFO  server.RaftServerConfigKeys (ConfUtils.java:logGet(46)) - raft.server.log.use.memory = false (default)
2023-04-21 06:16:47,388 [pool-496-thread-1] INFO  server.RaftServerConfigKeys (ConfUtils.java:logGet(46)) - raft.server.log.purge.gap = 1000000 (custom)
2023-04-21 06:16:47,389 [pool-496-thread-1] INFO  server.RaftServerConfigKeys (ConfUtils.java:logGet(46)) - raft.server.log.appender.buffer.byte-limit = 33554432 (custom)
2023-04-21 06:16:47,389 [pool-496-thread-1] INFO  server.RaftServerConfigKeys (ConfUtils.java:logGet(46)) - raft.server.log.statemachine.data.read.timeout = 1000ms (default)
2023-04-21 06:16:47,389 [pool-496-thread-1] INFO  server.RaftServerConfigKeys (ConfUtils.java:logGet(46)) - raft.server.log.purge.preservation.log.num = 0 (default)
2023-04-21 06:16:47,389 [pool-496-thread-1] INFO  server.RaftServerConfigKeys (ConfUtils.java:logGet(46)) - raft.server.log.segment.size.max = 1048576 (custom)
2023-04-21 06:16:47,389 [pool-496-thread-1] INFO  server.RaftServerConfigKeys (ConfUtils.java:logGet(46)) - raft.server.log.segment.cache.num.max = 2 (custom)
2023-04-21 06:16:47,389 [pool-496-thread-1] INFO  server.RaftServerConfigKeys (ConfUtils.java:logGet(46)) - raft.server.log.segment.cache.size.max = 200MB (=209715200) (default)
2023-04-21 06:16:47,389 [pool-496-thread-1] INFO  segmented.SegmentedRaftLogWorker (SegmentedRaftLogWorker.java:<init>(189)) - new 7a6df638-9d26-4fda-89ed-9848101409d3@group-FE9745D62828-SegmentedRaftLogWorker for RaftStorageImpl:Storage Directory /home/runner/work/ozone/ozone/hadoop-ozone/integration-test/target/test-dir/MiniOzoneClusterImpl-0b173110-c037-445d-88e3-fa395e3ed442/datanode-0/data/ratis/742b5c28-282a-4488-826a-fe9745d62828
2023-04-21 06:16:47,389 [pool-496-thread-1] INFO  server.RaftServerConfigKeys (ConfUtils.java:logGet(46)) - raft.server.log.queue.byte-limit = 4294967296 (custom)
2023-04-21 06:16:47,389 [pool-496-thread-1] INFO  server.RaftServerConfigKeys (ConfUtils.java:logGet(46)) - raft.server.log.queue.element-limit = 1024 (custom)
2023-04-21 06:16:47,389 [pool-496-thread-1] INFO  server.RaftServerConfigKeys (ConfUtils.java:logGet(46)) - raft.server.log.segment.size.max = 1048576 (custom)
2023-04-21 06:16:47,389 [pool-496-thread-1] INFO  server.RaftServerConfigKeys (ConfUtils.java:logGet(46)) - raft.server.log.preallocated.size = 16384 (custom)
2023-04-21 06:16:47,389 [pool-496-thread-1] INFO  server.RaftServerConfigKeys (ConfUtils.java:logGet(46)) - raft.server.log.force.sync.num = 128 (default)
2023-04-21 06:16:47,389 [pool-496-thread-1] INFO  server.RaftServerConfigKeys (ConfUtils.java:logGet(46)) - raft.server.log.statemachine.data.sync = true (default)
2023-04-21 06:16:47,389 [pool-496-thread-1] INFO  server.RaftServerConfigKeys (ConfUtils.java:logGet(46)) - raft.server.log.statemachine.data.sync.timeout = 10s (default)
2023-04-21 06:16:47,389 [pool-496-thread-1] INFO  server.RaftServerConfigKeys (ConfUtils.java:logGet(46)) - raft.server.log.statemachine.data.sync.timeout.retry = -1 (default)
2023-04-21 06:16:47,390 [EventQueue-PipelineReportForPipelineReportHandler] INFO  pipeline.PipelineManagerImpl (PipelineManagerImpl.java:openPipeline(367)) - Pipeline Pipeline[ Id: 742b5c28-282a-4488-826a-fe9745d62828, Nodes: 7a6df638-9d26-4fda-89ed-9848101409d3(fv-az205-422/10.1.0.35), ReplicationConfig: RATIS/ONE, State:ALLOCATED, leaderId:7a6df638-9d26-4fda-89ed-9848101409d3, CreationTimestamp2023-04-21T06:16:44.389Z[Etc/UTC]] moved to OPEN state
2023-04-21 06:16:47,395 [pool-496-thread-1] INFO  server.RaftServerConfigKeys (ConfUtils.java:logGet(46)) - raft.server.log.write.buffer.size = 1048576 (custom)
2023-04-21 06:16:47,395 [pool-496-thread-1] INFO  server.RaftServerConfigKeys (ConfUtils.java:logGet(46)) - raft.server.log.appender.buffer.byte-limit = 33554432 (custom)
2023-04-21 06:16:47,400 [pool-496-thread-1] INFO  server.RaftServerConfigKeys (ConfUtils.java:logGet(46)) - raft.server.log.unsafe-flush.enabled = false (default)
2023-04-21 06:16:47,400 [EventQueue-OpenPipelineForHealthyPipelineSafeModeRule] INFO  safemode.SCMSafeModeManager (SCMSafeModeManager.java:validateSafeModeExitRules(200)) - HealthyPipelineSafeModeRule rule is successfully validated
2023-04-21 06:16:47,401 [EventQueue-OpenPipelineForHealthyPipelineSafeModeRule] INFO  safemode.SCMSafeModeManager (SCMSafeModeManager.java:validateSafeModeExitRules(215)) - ScmSafeModeManager, all rules are successfully validated
2023-04-21 06:16:47,400 [pool-496-thread-1] INFO  server.RaftServerConfigKeys (ConfUtils.java:logGet(46)) - raft.server.log.async-flush.enabled = false (default)
2023-04-21 06:16:47,401 [EventQueue-OpenPipelineForHealthyPipelineSafeModeRule] INFO  safemode.SCMSafeModeManager (SCMSafeModeManager.java:exitSafeMode(244)) - SCM exiting safe mode.
2023-04-21 06:16:47,401 [pool-496-thread-1] INFO  server.RaftServerConfigKeys (ConfUtils.java:logGet(46)) - raft.server.log.statemachine.data.caching.enabled = true (custom)
2023-04-21 06:16:47,401 [EventQueue-OpenPipelineForHealthyPipelineSafeModeRule] INFO  ha.SCMContext (SCMContext.java:updateSafeModeStatus(228)) - Update SafeModeStatus from SafeModeStatus{safeModeStatus=true, preCheckPassed=true} to SafeModeStatus{safeModeStatus=false, preCheckPassed=true}.
2023-04-21 06:16:47,401 [EventQueue-OpenPipelineForHealthyPipelineSafeModeRule] INFO  pipeline.BackgroundPipelineCreator (BackgroundPipelineCreator.java:notifyStatusChanged(254)) - Service BackgroundPipelineCreator transitions to RUNNING.
2023-04-21 06:16:47,401 [EventQueue-OpenPipelineForHealthyPipelineSafeModeRule] INFO  BackgroundPipelineScrubber (BackgroundSCMService.java:notifyStatusChanged(82)) - Service BackgroundPipelineScrubber transitions to RUNNING.
2023-04-21 06:16:47,401 [EventQueue-OpenPipelineForHealthyPipelineSafeModeRule] INFO  ExpiredContainerReplicaOpScrubber (BackgroundSCMService.java:notifyStatusChanged(82)) - Service ExpiredContainerReplicaOpScrubber transitions to RUNNING.
2023-04-21 06:16:47,401 [pool-496-thread-1] INFO  segmented.SegmentedRaftLogWorker (SegmentedRaftLogWorker.java:lambda$new$0(135)) - 7a6df638-9d26-4fda-89ed-9848101409d3@group-FE9745D62828-SegmentedRaftLogWorker: flushIndex: setUnconditionally 0 -> -1
2023-04-21 06:16:47,401 [pool-496-thread-1] INFO  segmented.SegmentedRaftLogWorker (SegmentedRaftLogWorker.java:lambda$new$0(135)) - 7a6df638-9d26-4fda-89ed-9848101409d3@group-FE9745D62828-SegmentedRaftLogWorker: safeCacheEvictIndex: setUnconditionally 0 -> -1
2023-04-21 06:16:47,401 [pool-496-thread-1] INFO  server.RaftServer$Division (RaftServerImpl.java:start(334)) - 7a6df638-9d26-4fda-89ed-9848101409d3@group-FE9745D62828: start as a follower, conf=-1: peers:[7a6df638-9d26-4fda-89ed-9848101409d3|rpc:10.1.0.35:34517|dataStream:10.1.0.35:45167|priority:1|startupRole:FOLLOWER]|listeners:[], old=null
2023-04-21 06:16:47,401 [EventQueue-OpenPipelineForHealthyPipelineSafeModeRule] INFO  replication.ReplicationManager (ReplicationManager.java:notifyStatusChanged(1371)) - Service ReplicationManager transitions to RUNNING.
2023-04-21 06:16:47,401 [pool-496-thread-1] INFO  server.RaftServer$Division (RaftServerImpl.java:setRole(321)) - 7a6df638-9d26-4fda-89ed-9848101409d3@group-FE9745D62828: changes role from      null to FOLLOWER at term 0 for startAsFollower
2023-04-21 06:16:47,401 [pool-496-thread-1] INFO  impl.RoleInfo (RoleInfo.java:updateAndGet(139)) - 7a6df638-9d26-4fda-89ed-9848101409d3: start 7a6df638-9d26-4fda-89ed-9848101409d3@group-FE9745D62828-FollowerState
2023-04-21 06:16:47,401 [EventQueue-OpenPipelineForHealthyPipelineSafeModeRule] WARN  balancer.ContainerBalancer (ContainerBalancer.java:shouldRun(132)) - Could not find persisted configuration for ContainerBalancer when checking if ContainerBalancer should run. ContainerBalancer should not run now.
2023-04-21 06:16:47,402 [pool-496-thread-1] INFO  util.JmxRegister (JmxRegister.java:tryRegister(44)) - Successfully registered JMX Bean with object name Ratis:service=RaftServer,group=group-FE9745D62828,id=7a6df638-9d26-4fda-89ed-9848101409d3
2023-04-21 06:16:47,402 [7a6df638-9d26-4fda-89ed-9848101409d3@group-FE9745D62828-FollowerState] INFO  server.RaftServerConfigKeys (ConfUtils.java:logFallback(53)) - raft.server.rpc.first-election.timeout.min = 5s (fallback to raft.server.rpc.timeout.min)
2023-04-21 06:16:47,402 [pool-496-thread-1] INFO  server.RaftServerConfigKeys (ConfUtils.java:logGet(46)) - raft.server.snapshot.auto.trigger.enabled = true (custom)
2023-04-21 06:16:47,402 [7a6df638-9d26-4fda-89ed-9848101409d3@group-FE9745D62828-FollowerState] INFO  server.RaftServerConfigKeys (ConfUtils.java:logFallback(53)) - raft.server.rpc.first-election.timeout.max = 5200ms (fallback to raft.server.rpc.timeout.max)
2023-04-21 06:16:47,402 [pool-496-thread-1] INFO  server.RaftServerConfigKeys (ConfUtils.java:logGet(46)) - raft.server.snapshot.auto.trigger.threshold = 10000 (custom)
2023-04-21 06:16:47,402 [pool-496-thread-1] INFO  server.RaftServerConfigKeys (ConfUtils.java:logGet(46)) - raft.server.snapshot.retention.file.num = 5 (custom)
2023-04-21 06:16:47,402 [pool-496-thread-1] INFO  server.RaftServerConfigKeys (ConfUtils.java:logGet(46)) - raft.server.log.purge.upto.snapshot.index = false (default)
2023-04-21 06:16:47,402 [Command processor thread] INFO  ratis.XceiverServerRatis (XceiverServerRatis.java:addGroup(806)) - Created group PipelineID=742b5c28-282a-4488-826a-fe9745d62828
2023-04-21 06:16:47,402 [Command processor thread] INFO  commandhandler.CreatePipelineCommandHandler (CreatePipelineCommandHandler.java:handle(113)) - Created Pipeline RATIS ONE PipelineID=742b5c28-282a-4488-826a-fe9745d62828.
2023-04-21 06:16:48,375 [Listener at 127.0.0.1/44783] INFO  ozone.MiniOzoneClusterImpl (MiniOzoneClusterImpl.java:lambda$waitForClusterToBeReady$0(223)) - Nodes are ready. Got 1 of 1 DN Heartbeats.
2023-04-21 06:16:48,375 [Listener at 127.0.0.1/44783] INFO  ozone.MiniOzoneClusterImpl (MiniOzoneClusterImpl.java:lambda$waitForClusterToBeReady$0(226)) - Cluster exits safe mode
2023-04-21 06:16:48,376 [Listener at 127.0.0.1/44783] INFO  ozone.MiniOzoneClusterImpl (MiniOzoneClusterImpl.java:lambda$waitForClusterToBeReady$0(228)) - SCM became leader
2023-04-21 06:16:48,408 [Listener at 127.0.0.1/44783] INFO  rpc.RpcClient (RpcClient.java:createVolume(476)) - Creating Volume: volume17142, with user22745 as owner and space quota set to -1 bytes, counts quota set to -1
2023-04-21 06:16:48,418 [OM StateMachine ApplyTransaction Thread - 0] INFO  volume.OMVolumeCreateRequest (OMVolumeCreateRequest.java:validateAndUpdateCache(195)) - created volume:volume17142 for user:user22745
2023-04-21 06:16:48,425 [Listener at 127.0.0.1/44783] INFO  rpc.RpcClient (RpcClient.java:createBucket(698)) - Creating Bucket: volume17142/bucket76433, with bucket layout LEGACY, runner as owner, Versioning false, Storage Type set to DISK and Encryption set to false, Replication Type set to server-side default replication type, Namespace Quota set to -1, Space Quota set to -1 
2023-04-21 06:16:48,429 [OM StateMachine ApplyTransaction Thread - 0] INFO  bucket.OMBucketCreateRequest (OMBucketCreateRequest.java:validateAndUpdateCache(269)) - created bucket: bucket76433 of layout LEGACY in volume: volume17142
2023-04-21 06:16:48,446 [IPC Server handler 1 on default port 33771] INFO  ha.SequenceIdGenerator (SequenceIdGenerator.java:getNextId(128)) - Allocate a batch for containerId, change lastId from 0 to 1000.
2023-04-21 06:16:48,447 [IPC Server handler 1 on default port 33771] WARN  ha.SequenceIdGenerator (SequenceIdGenerator.java:allocateBatch(237)) - Failed to allocate a batch for localId, expected lastId is 0, actual lastId is 111677748019200000.
2023-04-21 06:16:48,447 [IPC Server handler 1 on default port 33771] INFO  ha.SequenceIdGenerator (SequenceIdGenerator.java:getNextId(128)) - Allocate a batch for localId, change lastId from 111677748019200000 to 111677748019201000.
2023-04-21 06:16:52,553 [7a6df638-9d26-4fda-89ed-9848101409d3@group-FE9745D62828-FollowerState] INFO  impl.FollowerState (FollowerState.java:run(143)) - 7a6df638-9d26-4fda-89ed-9848101409d3@group-FE9745D62828-FollowerState: change to CANDIDATE, lastRpcElapsedTime:5151620044ns, electionTimeout:5151ms
2023-04-21 06:16:52,553 [7a6df638-9d26-4fda-89ed-9848101409d3@group-FE9745D62828-FollowerState] INFO  impl.RoleInfo (RoleInfo.java:shutdownFollowerState(110)) - 7a6df638-9d26-4fda-89ed-9848101409d3: shutdown 7a6df638-9d26-4fda-89ed-9848101409d3@group-FE9745D62828-FollowerState
2023-04-21 06:16:52,553 [7a6df638-9d26-4fda-89ed-9848101409d3@group-FE9745D62828-FollowerState] INFO  server.RaftServer$Division (RaftServerImpl.java:setRole(321)) - 7a6df638-9d26-4fda-89ed-9848101409d3@group-FE9745D62828: changes role from  FOLLOWER to CANDIDATE at term 0 for changeToCandidate
2023-04-21 06:16:52,553 [7a6df638-9d26-4fda-89ed-9848101409d3@group-FE9745D62828-FollowerState] INFO  server.RaftServerConfigKeys (ConfUtils.java:logGet(46)) - raft.server.leaderelection.pre-vote = true (default)
2023-04-21 06:16:52,553 [7a6df638-9d26-4fda-89ed-9848101409d3@group-FE9745D62828-FollowerState] INFO  impl.RoleInfo (RoleInfo.java:updateAndGet(139)) - 7a6df638-9d26-4fda-89ed-9848101409d3: start 7a6df638-9d26-4fda-89ed-9848101409d3@group-FE9745D62828-LeaderElection18
2023-04-21 06:16:52,559 [7a6df638-9d26-4fda-89ed-9848101409d3@group-FE9745D62828-LeaderElection18] INFO  impl.LeaderElection (LeaderElection.java:askForVotes(312)) - 7a6df638-9d26-4fda-89ed-9848101409d3@group-FE9745D62828-LeaderElection18 PRE_VOTE round 0: submit vote requests at term 0 for -1: peers:[7a6df638-9d26-4fda-89ed-9848101409d3|rpc:10.1.0.35:34517|dataStream:10.1.0.35:45167|priority:1|startupRole:FOLLOWER]|listeners:[], old=null
2023-04-21 06:16:52,559 [7a6df638-9d26-4fda-89ed-9848101409d3@group-FE9745D62828-LeaderElection18] INFO  impl.LeaderElection (LeaderElection.java:askForVotes(314)) - 7a6df638-9d26-4fda-89ed-9848101409d3@group-FE9745D62828-LeaderElection18 PRE_VOTE round 0: result PASSED (term=0)
2023-04-21 06:16:52,560 [7a6df638-9d26-4fda-89ed-9848101409d3@group-FE9745D62828-LeaderElection18] INFO  impl.LeaderElection (LeaderElection.java:askForVotes(312)) - 7a6df638-9d26-4fda-89ed-9848101409d3@group-FE9745D62828-LeaderElection18 ELECTION round 0: submit vote requests at term 1 for -1: peers:[7a6df638-9d26-4fda-89ed-9848101409d3|rpc:10.1.0.35:34517|dataStream:10.1.0.35:45167|priority:1|startupRole:FOLLOWER]|listeners:[], old=null
2023-04-21 06:16:52,560 [7a6df638-9d26-4fda-89ed-9848101409d3@group-FE9745D62828-LeaderElection18] INFO  impl.LeaderElection (LeaderElection.java:askForVotes(314)) - 7a6df638-9d26-4fda-89ed-9848101409d3@group-FE9745D62828-LeaderElection18 ELECTION round 0: result PASSED (term=1)
2023-04-21 06:16:52,560 [7a6df638-9d26-4fda-89ed-9848101409d3@group-FE9745D62828-LeaderElection18] INFO  impl.RoleInfo (RoleInfo.java:shutdownLeaderElection(130)) - 7a6df638-9d26-4fda-89ed-9848101409d3: shutdown 7a6df638-9d26-4fda-89ed-9848101409d3@group-FE9745D62828-LeaderElection18
2023-04-21 06:16:52,561 [7a6df638-9d26-4fda-89ed-9848101409d3@group-FE9745D62828-LeaderElection18] INFO  server.RaftServer$Division (RaftServerImpl.java:setRole(321)) - 7a6df638-9d26-4fda-89ed-9848101409d3@group-FE9745D62828: changes role from CANDIDATE to LEADER at term 1 for changeToLeader
2023-04-21 06:16:52,561 [7a6df638-9d26-4fda-89ed-9848101409d3@group-FE9745D62828-LeaderElection18] INFO  ratis.XceiverServerRatis (XceiverServerRatis.java:handleLeaderChangedNotification(904)) - Leader change notification received for group: group-FE9745D62828 with new leaderId: 7a6df638-9d26-4fda-89ed-9848101409d3
2023-04-21 06:16:52,561 [7a6df638-9d26-4fda-89ed-9848101409d3@group-FE9745D62828-LeaderElection18] INFO  server.RaftServer$Division (ServerState.java:setLeader(313)) - 7a6df638-9d26-4fda-89ed-9848101409d3@group-FE9745D62828: change Leader from null to 7a6df638-9d26-4fda-89ed-9848101409d3 at term 1 for becomeLeader, leader elected after 5176ms
2023-04-21 06:16:52,561 [7a6df638-9d26-4fda-89ed-9848101409d3@group-FE9745D62828-LeaderElection18] INFO  server.RaftServerConfigKeys (ConfUtils.java:logGet(46)) - raft.server.staging.catchup.gap = 1000 (default)
2023-04-21 06:16:52,561 [7a6df638-9d26-4fda-89ed-9848101409d3@group-FE9745D62828-LeaderElection18] INFO  server.RaftServerConfigKeys (ConfUtils.java:logGet(46)) - raft.server.write.element-limit = 1024 (custom)
2023-04-21 06:16:52,561 [7a6df638-9d26-4fda-89ed-9848101409d3@group-FE9745D62828-LeaderElection18] INFO  server.RaftServerConfigKeys (ConfUtils.java:logGet(46)) - raft.server.write.byte-limit = 1024 M (=1073741824) (custom)
2023-04-21 06:16:52,561 [7a6df638-9d26-4fda-89ed-9848101409d3@group-FE9745D62828-LeaderElection18] INFO  server.RaftServerConfigKeys (ConfUtils.java:logGet(46)) - raft.server.watch.timeout = 180s (custom)
2023-04-21 06:16:52,561 [7a6df638-9d26-4fda-89ed-9848101409d3@group-FE9745D62828-LeaderElection18] INFO  server.RaftServerConfigKeys (ConfUtils.java:logGet(46)) - raft.server.watch.timeout.denomination = 1s (default)
2023-04-21 06:16:52,561 [7a6df638-9d26-4fda-89ed-9848101409d3@group-FE9745D62828-LeaderElection18] INFO  server.RaftServerConfigKeys (ConfUtils.java:logGet(46)) - raft.server.watch.element-limit = 65536 (default)
2023-04-21 06:16:52,562 [7a6df638-9d26-4fda-89ed-9848101409d3@group-FE9745D62828-LeaderElection18] INFO  server.RaftServerConfigKeys (ConfUtils.java:logGet(46)) - raft.server.write.element-limit = 1024 (custom)
2023-04-21 06:16:52,562 [7a6df638-9d26-4fda-89ed-9848101409d3@group-FE9745D62828-LeaderElection18] INFO  server.RaftServerConfigKeys (ConfUtils.java:logGet(46)) - raft.server.write.follower.gap.ratio.max = -1.0 (default)
2023-04-21 06:16:52,563 [7a6df638-9d26-4fda-89ed-9848101409d3@group-FE9745D62828-LeaderElection18] INFO  impl.RoleInfo (RoleInfo.java:updateAndGet(139)) - 7a6df638-9d26-4fda-89ed-9848101409d3: start 7a6df638-9d26-4fda-89ed-9848101409d3@group-FE9745D62828-LeaderStateImpl
2023-04-21 06:16:52,563 [7a6df638-9d26-4fda-89ed-9848101409d3@group-FE9745D62828-LeaderElection18] INFO  segmented.SegmentedRaftLogWorker (SegmentedRaftLogWorker.java:startLogSegment(452)) - 7a6df638-9d26-4fda-89ed-9848101409d3@group-FE9745D62828-SegmentedRaftLogWorker: Starting segment from index:0
2023-04-21 06:16:52,564 [7a6df638-9d26-4fda-89ed-9848101409d3@group-FE9745D62828-SegmentedRaftLogWorker] INFO  segmented.SegmentedRaftLogWorker (SegmentedRaftLogWorker.java:execute(656)) - 7a6df638-9d26-4fda-89ed-9848101409d3@group-FE9745D62828-SegmentedRaftLogWorker: created new log segment /home/runner/work/ozone/ozone/hadoop-ozone/integration-test/target/test-dir/MiniOzoneClusterImpl-0b173110-c037-445d-88e3-fa395e3ed442/datanode-0/data/ratis/742b5c28-282a-4488-826a-fe9745d62828/current/log_inprogress_0
2023-04-21 06:16:52,565 [7a6df638-9d26-4fda-89ed-9848101409d3@group-FE9745D62828-LeaderElection18] INFO  server.RaftServer$Division (ServerState.java:setRaftConf(430)) - 7a6df638-9d26-4fda-89ed-9848101409d3@group-FE9745D62828: set configuration 0: peers:[7a6df638-9d26-4fda-89ed-9848101409d3|rpc:10.1.0.35:34517|dataStream:10.1.0.35:45167|priority:1|startupRole:FOLLOWER]|listeners:[], old=null
2023-04-21 06:16:59,126 [Listener at 127.0.0.1/44783] INFO  server.SCMDatanodeProtocolServer (SCMDatanodeProtocolServer.java:stop(424)) - Stopping the RPC server for DataNodes
2023-04-21 06:16:59,126 [Listener at 127.0.0.1/44783] INFO  ipc.Server (Server.java:stop(3501)) - Stopping server on 39145
2023-04-21 06:16:59,128 [IPC Server Responder] INFO  ipc.Server (Server.java:run(1563)) - Stopping IPC Server Responder
2023-04-21 06:16:59,128 [IPC Server listener on 0] INFO  ipc.Server (Server.java:run(1430)) - Stopping IPC Server listener on 0
2023-04-21 06:17:00,033 [EndpointStateMachine task thread for /0.0.0.0:39145 - 0 ] WARN  statemachine.EndpointStateMachine (EndpointStateMachine.java:logIfNeeded(242)) - Unable to communicate to SCM server at 0.0.0.0:39145 for past 0 seconds.
java.io.EOFException: End of File Exception between local host is: "fv-az205-422/10.1.0.35"; destination host is: "0.0.0.0":39145; : java.io.EOFException; For more details see:  http://wiki.apache.org/hadoop/EOFException
	at sun.reflect.NativeConstructorAccessorImpl.newInstance0(Native Method)
	at sun.reflect.NativeConstructorAccessorImpl.newInstance(NativeConstructorAccessorImpl.java:62)
	at sun.reflect.DelegatingConstructorAccessorImpl.newInstance(DelegatingConstructorAccessorImpl.java:45)
	at java.lang.reflect.Constructor.newInstance(Constructor.java:423)
	at org.apache.hadoop.net.NetUtils.wrapWithMessage(NetUtils.java:930)
	at org.apache.hadoop.net.NetUtils.wrapException(NetUtils.java:879)
	at org.apache.hadoop.ipc.Client.getRpcResponse(Client.java:1588)
	at org.apache.hadoop.ipc.Client.call(Client.java:1530)
	at org.apache.hadoop.ipc.Client.call(Client.java:1427)
	at org.apache.hadoop.ipc.ProtobufRpcEngine$Invoker.invoke(ProtobufRpcEngine.java:250)
	at org.apache.hadoop.ipc.ProtobufRpcEngine$Invoker.invoke(ProtobufRpcEngine.java:132)
	at com.sun.proxy.$Proxy54.submitRequest(Unknown Source)
	at org.apache.hadoop.ozone.protocolPB.StorageContainerDatanodeProtocolClientSideTranslatorPB.submitRequest(StorageContainerDatanodeProtocolClientSideTranslatorPB.java:117)
	at org.apache.hadoop.ozone.protocolPB.StorageContainerDatanodeProtocolClientSideTranslatorPB.sendHeartbeat(StorageContainerDatanodeProtocolClientSideTranslatorPB.java:149)
	at org.apache.hadoop.ozone.container.common.states.endpoint.HeartbeatEndpointTask.call(HeartbeatEndpointTask.java:185)
	at org.apache.hadoop.ozone.container.common.states.endpoint.HeartbeatEndpointTask.call(HeartbeatEndpointTask.java:87)
	at java.util.concurrent.FutureTask.run(FutureTask.java:266)
	at java.util.concurrent.ThreadPoolExecutor.runWorker(ThreadPoolExecutor.java:1149)
	at java.util.concurrent.ThreadPoolExecutor$Worker.run(ThreadPoolExecutor.java:624)
	at java.lang.Thread.run(Thread.java:750)
Caused by: java.io.EOFException
	at java.io.DataInputStream.readInt(DataInputStream.java:392)
	at org.apache.hadoop.ipc.Client$IpcStreams.readResponse(Client.java:1923)
	at org.apache.hadoop.ipc.Client$Connection.receiveRpcResponse(Client.java:1204)
	at org.apache.hadoop.ipc.Client$Connection.run(Client.java:1095)
2023-04-21 06:17:00,156 [SCM Heartbeat Processing Thread - 0] WARN  node.NodeStateManager (NodeStateManager.java:scheduleNextHealthCheck(870)) - Current Thread is interrupted, shutting down HB processing thread for Node Manager.
2023-04-21 06:17:00,156 [Listener at 127.0.0.1/44783] INFO  ozone.TestStorageContainerManager (TestStorageContainerManager.java:testCloseContainerCommandOnRestart(792)) - Current Container State is OPEN
2023-04-21 06:17:00,157 [Listener at 127.0.0.1/44783] INFO  ozone.MiniOzoneClusterImpl (MiniOzoneClusterImpl.java:restartStorageContainerManager(357)) - Restarting SCM in cluster class org.apache.hadoop.ozone.MiniOzoneClusterImpl
2023-04-21 06:17:00,157 [Listener at 127.0.0.1/44783] INFO  server.StorageContainerManager (StorageContainerManager.java:stop(1577)) - Container Balancer is not running.
2023-04-21 06:17:00,157 [Listener at 127.0.0.1/44783] INFO  server.StorageContainerManager (StorageContainerManager.java:stopReplicationManager(1708)) - Stopping Replication Manager Service.
2023-04-21 06:17:00,157 [Listener at 127.0.0.1/44783] INFO  replication.ReplicationManager (ReplicationManager.java:stop(321)) - Stopping Replication Monitor Thread.
2023-04-21 06:17:00,157 [Listener at 127.0.0.1/44783] INFO  server.StorageContainerManager (StorageContainerManager.java:stop(1586)) - Stopping the Datanode Admin Monitor.
2023-04-21 06:17:00,157 [Under Replicated Processor] WARN  replication.UnhealthyReplicationProcessor (UnhealthyReplicationProcessor.java:run(146)) - Under Replicated Processor interrupted. Exiting...
2023-04-21 06:17:00,157 [Listener at 127.0.0.1/44783] INFO  server.StorageContainerManager (StorageContainerManager.java:stop(1593)) - Stopping datanode service RPC server
2023-04-21 06:17:00,157 [Listener at 127.0.0.1/44783] INFO  server.SCMDatanodeProtocolServer (SCMDatanodeProtocolServer.java:stop(424)) - Stopping the RPC server for DataNodes
2023-04-21 06:17:00,157 [Listener at 127.0.0.1/44783] INFO  ipc.Server (Server.java:stop(3501)) - Stopping server on 39145
2023-04-21 06:17:00,157 [ReplicationMonitor] INFO  replication.ReplicationManager (ReplicationManager.java:run(975)) - Replication Monitor Thread is stopped
2023-04-21 06:17:00,158 [Over Replicated Processor] WARN  replication.UnhealthyReplicationProcessor (UnhealthyReplicationProcessor.java:run(146)) - Over Replicated Processor interrupted. Exiting...
2023-04-21 06:17:00,157 [Listener at 127.0.0.1/44783] INFO  server.StorageContainerManager (StorageContainerManager.java:stop(1601)) - Stopping block service RPC server
2023-04-21 06:17:00,158 [Listener at 127.0.0.1/44783] INFO  server.SCMBlockProtocolServer (SCMBlockProtocolServer.java:stop(161)) - Stopping the RPC server for Block Protocol
2023-04-21 06:17:00,158 [Listener at 127.0.0.1/44783] INFO  ipc.Server (Server.java:stop(3501)) - Stopping server on 33771
2023-04-21 06:17:00,159 [IPC Server listener on 0] INFO  ipc.Server (Server.java:run(1430)) - Stopping IPC Server listener on 0
2023-04-21 06:17:00,161 [IPC Server Responder] INFO  ipc.Server (Server.java:run(1563)) - Stopping IPC Server Responder
2023-04-21 06:17:00,161 [Listener at 127.0.0.1/44783] INFO  server.StorageContainerManager (StorageContainerManager.java:stop(1608)) - Stopping the StorageContainerLocationProtocol RPC server
2023-04-21 06:17:00,162 [Listener at 127.0.0.1/44783] INFO  server.SCMClientProtocolServer (SCMClientProtocolServer.java:stop(206)) - Stopping the RPC server for Client Protocol
2023-04-21 06:17:00,162 [Listener at 127.0.0.1/44783] INFO  ipc.Server (Server.java:stop(3501)) - Stopping server on 40027
2023-04-21 06:17:00,163 [IPC Server listener on 0] INFO  ipc.Server (Server.java:run(1430)) - Stopping IPC Server listener on 0
2023-04-21 06:17:00,164 [IPC Server Responder] INFO  ipc.Server (Server.java:run(1563)) - Stopping IPC Server Responder
2023-04-21 06:17:00,164 [Listener at 127.0.0.1/44783] INFO  server.StorageContainerManager (StorageContainerManager.java:stop(1615)) - Stopping Storage Container Manager HTTP server.
2023-04-21 06:17:00,165 [Listener at 127.0.0.1/44783] INFO  handler.ContextHandler (ContextHandler.java:doStop(1159)) - Stopped o.e.j.w.WebAppContext@55c363d7{scm,/,null,STOPPED}{file:/home/runner/work/ozone/ozone/hadoop-ozone/integration-test/target/test-classes/webapps/scm}
2023-04-21 06:17:00,165 [Listener at 127.0.0.1/44783] INFO  server.AbstractConnector (AbstractConnector.java:doStop(383)) - Stopped ServerConnector@53f70c10{HTTP/1.1, (http/1.1)}{0.0.0.0:0}
2023-04-21 06:17:00,165 [Listener at 127.0.0.1/44783] INFO  server.session (HouseKeeper.java:stopScavenging(149)) - node0 Stopped scavenging
2023-04-21 06:17:00,166 [Listener at 127.0.0.1/44783] INFO  handler.ContextHandler (ContextHandler.java:doStop(1159)) - Stopped o.e.j.s.ServletContextHandler@4feb3417{static,/static,file:///home/runner/work/ozone/ozone/hadoop-ozone/integration-test/target/test-classes/webapps/static,STOPPED}
2023-04-21 06:17:00,166 [Listener at 127.0.0.1/44783] INFO  handler.ContextHandler (ContextHandler.java:doStop(1159)) - Stopped o.e.j.s.ServletContextHandler@4f9578ed{logs,/logs,file:///home/runner/work/ozone/ozone/hadoop-ozone/integration-test/target/log,STOPPED}
2023-04-21 06:17:00,166 [Listener at 127.0.0.1/44783] INFO  server.StorageContainerManager (StorageContainerManager.java:stop(1623)) - Stopping SCM LayoutVersionManager Service.
2023-04-21 06:17:00,167 [Listener at 127.0.0.1/44783] INFO  server.StorageContainerManager (StorageContainerManager.java:stop(1631)) - Stopping Block Manager Service.
2023-04-21 06:17:00,167 [Listener at 127.0.0.1/44783] INFO  utils.BackgroundService (BackgroundService.java:shutdown(141)) - Shutting down service SCMBlockDeletingService
2023-04-21 06:17:00,167 [Listener at 127.0.0.1/44783] INFO  utils.BackgroundService (BackgroundService.java:shutdown(141)) - Shutting down service SCMBlockDeletingService
2023-04-21 06:17:00,167 [Listener at 127.0.0.1/44783] INFO  server.StorageContainerManager (StorageContainerManager.java:stop(1653)) - Stopping SCM Event Queue.
2023-04-21 06:17:00,168 [Listener at 127.0.0.1/44783] INFO  server.StorageContainerManager (StorageContainerManager.java:stop(1664)) - Stopping SCM HA services.
2023-04-21 06:17:00,168 [Listener at 127.0.0.1/44783] INFO  pipeline.BackgroundPipelineCreator (BackgroundPipelineCreator.java:stop(149)) - Stopping RatisPipelineUtilsThread.
2023-04-21 06:17:00,168 [RatisPipelineUtilsThread - 0] WARN  pipeline.BackgroundPipelineCreator (BackgroundPipelineCreator.java:run(180)) - RatisPipelineUtilsThread is interrupted.
2023-04-21 06:17:00,168 [BackgroundPipelineScrubberThread] WARN  BackgroundPipelineScrubber (BackgroundSCMService.java:run(115)) - BackgroundPipelineScrubber is interrupted, exit
2023-04-21 06:17:00,168 [Listener at 127.0.0.1/44783] INFO  BackgroundPipelineScrubber (BackgroundSCMService.java:stop(131)) - Stopping BackgroundPipelineScrubber Service.
2023-04-21 06:17:00,168 [Listener at 127.0.0.1/44783] INFO  impl.MetricsSystemImpl (MetricsSystemImpl.java:stop(210)) - Stopping HddsDatanode metrics system...
2023-04-21 06:17:00,177 [prometheus] INFO  impl.MetricsSinkAdapter (MetricsSinkAdapter.java:publishMetricsFromQueue(141)) - prometheus thread interrupted.
2023-04-21 06:17:00,178 [Listener at 127.0.0.1/44783] INFO  impl.MetricsSystemImpl (MetricsSystemImpl.java:stop(216)) - HddsDatanode metrics system stopped.
2023-04-21 06:17:00,178 [Listener at 127.0.0.1/44783] WARN  pipeline.BackgroundPipelineCreator (BackgroundPipelineCreator.java:stop(145)) - RatisPipelineUtilsThread is not running, just ignore.
2023-04-21 06:17:00,178 [Listener at 127.0.0.1/44783] INFO  BackgroundPipelineScrubber (BackgroundSCMService.java:stop(126)) - BackgroundPipelineScrubber Service is not running, skip stop.
2023-04-21 06:17:00,178 [Listener at 127.0.0.1/44783] INFO  ExpiredContainerReplicaOpScrubber (BackgroundSCMService.java:stop(131)) - Stopping ExpiredContainerReplicaOpScrubber Service.
2023-04-21 06:17:00,178 [Listener at 127.0.0.1/44783] INFO  utils.BackgroundService (BackgroundService.java:shutdown(141)) - Shutting down service SCMBlockDeletingService
2023-04-21 06:17:00,178 [ExpiredContainerReplicaOpScrubberThread] WARN  ExpiredContainerReplicaOpScrubber (BackgroundSCMService.java:run(115)) - ExpiredContainerReplicaOpScrubber is interrupted, exit
2023-04-21 06:17:00,178 [Listener at 127.0.0.1/44783] INFO  replication.ReplicationManager (ReplicationManager.java:stop(331)) - Replication Monitor Thread is not running.
2023-04-21 06:17:00,179 [Listener at 127.0.0.1/44783] WARN  balancer.ContainerBalancer (ContainerBalancer.java:stop(324)) - Cannot stop Container Balancer because it's not running or stopping
2023-04-21 06:17:00,179 [Listener at 127.0.0.1/44783] INFO  server.StorageContainerManager (StorageContainerManager.java:stop(1699)) - Stopping SCM MetadataStore.
2023-04-21 06:17:00,181 [Listener at 127.0.0.1/44783] WARN  server.ServerUtils (ServerUtils.java:getScmDbDir(148)) - ozone.scm.db.dirs is not configured. We recommend adding this setting. Falling back to ozone.metadata.dirs instead.
2023-04-21 06:17:00,181 [Listener at 127.0.0.1/44783] INFO  ha.SCMHANodeDetails (SCMHANodeDetails.java:loadSCMHAConfig(209)) - ServiceID for StorageContainerManager is null
2023-04-21 06:17:00,181 [Listener at 127.0.0.1/44783] INFO  ha.SCMHANodeDetails (SCMHANodeDetails.java:loadSCMHAConfig(214)) - ozone.scm.default.service.id is not defined, falling back to ozone.scm.service.ids to find serviceID for StorageContainerManager if it is HA enabled cluster
2023-04-21 06:17:00,182 [Listener at 127.0.0.1/44783] WARN  utils.HAUtils (HAUtils.java:getMetaDir(342)) - ozone.scm.db.dirs is not configured. We recommend adding this setting. Falling back to ozone.metadata.dirs instead.
2023-04-21 06:17:00,182 [Listener at 127.0.0.1/44783] WARN  db.DBStoreBuilder (DBStoreBuilder.java:applyDBDefinition(182)) - ozone.scm.db.dirs is not configured. We recommend adding this setting. Falling back to ozone.metadata.dirs instead.
2023-04-21 06:17:00,212 [Listener at 127.0.0.1/44783] INFO  net.NodeSchemaLoader (NodeSchemaLoader.java:loadSchemaFromFile(129)) - Loading schema from [jar:file:/home/runner/.m2/repository/org/apache/ozone/hdds-common/1.4.0-SNAPSHOT/hdds-common-1.4.0-SNAPSHOT.jar!/network-topology-default.xml]
2023-04-21 06:17:00,212 [Listener at 127.0.0.1/44783] INFO  net.NodeSchemaLoader (NodeSchemaLoader.java:loadSchema(176)) - Loading network topology layer schema file
2023-04-21 06:17:00,215 [Listener at 127.0.0.1/44783] INFO  upgrade.AbstractLayoutVersionManager (AbstractLayoutVersionManager.java:init(83)) - Initializing Layout version manager with metadata layout = WEBUI_PORTS_IN_DATANODEDETAILS (version = 6), software layout = WEBUI_PORTS_IN_DATANODEDETAILS (version = 6)
2023-04-21 06:17:00,259 [Listener at 127.0.0.1/44783] INFO  reflections.Reflections (Reflections.java:scan(232)) - Reflections took 43 ms to scan 7 urls, producing 156 keys and 369 values 
2023-04-21 06:17:00,261 [Listener at 127.0.0.1/44783] INFO  ha.SequenceIdGenerator (SequenceIdGenerator.java:<init>(220)) - Init the HA SequenceIdGenerator.
2023-04-21 06:17:00,261 [Listener at 127.0.0.1/44783] INFO  node.SCMNodeManager (SCMNodeManager.java:<init>(156)) - Entering startup safe mode.
2023-04-21 06:17:00,262 [Listener at 127.0.0.1/44783] INFO  algorithms.ContainerPlacementPolicyFactory (ContainerPlacementPolicyFactory.java:getPolicyInternal(86)) - Create container placement policy of type org.apache.hadoop.hdds.scm.container.placement.algorithms.SCMContainerPlacementRackAware
2023-04-21 06:17:00,262 [Listener at 127.0.0.1/44783] INFO  algorithms.ContainerPlacementPolicyFactory (ContainerPlacementPolicyFactory.java:getPolicyInternal(86)) - Create container placement policy of type org.apache.hadoop.hdds.scm.container.placement.algorithms.SCMContainerPlacementRackScatter
2023-04-21 06:17:00,263 [Listener at 127.0.0.1/44783] INFO  algorithms.LeaderChoosePolicyFactory (LeaderChoosePolicyFactory.java:getPolicy(57)) - Create leader choose policy of type org.apache.hadoop.hdds.scm.pipeline.leader.choose.algorithms.MinLeaderCountChoosePolicy
2023-04-21 06:17:00,263 [Listener at 127.0.0.1/44783] INFO  algorithms.ContainerPlacementPolicyFactory (ContainerPlacementPolicyFactory.java:getPolicyInternal(86)) - Create container placement policy of type org.apache.hadoop.hdds.scm.container.placement.algorithms.SCMContainerPlacementRackScatter
2023-04-21 06:17:00,263 [Listener at 127.0.0.1/44783] INFO  ha.SCMServiceManager (SCMServiceManager.java:register(42)) - Registering service BackgroundPipelineCreator.
2023-04-21 06:17:00,263 [Listener at 127.0.0.1/44783] INFO  pipeline.BackgroundPipelineCreator (BackgroundPipelineCreator.java:start(124)) - Starting RatisPipelineUtilsThread.
2023-04-21 06:17:00,263 [Listener at 127.0.0.1/44783] INFO  BackgroundPipelineScrubber (BackgroundSCMService.java:start(68)) - Starting BackgroundPipelineScrubber Service.
2023-04-21 06:17:00,264 [Listener at 127.0.0.1/44783] INFO  ha.SCMServiceManager (SCMServiceManager.java:register(42)) - Registering service BackgroundPipelineScrubber.
2023-04-21 06:17:00,264 [Listener at 127.0.0.1/44783] INFO  ExpiredContainerReplicaOpScrubber (BackgroundSCMService.java:start(68)) - Starting ExpiredContainerReplicaOpScrubber Service.
2023-04-21 06:17:00,264 [Listener at 127.0.0.1/44783] INFO  ha.SCMServiceManager (SCMServiceManager.java:register(42)) - Registering service ExpiredContainerReplicaOpScrubber.
2023-04-21 06:17:00,266 [Listener at 127.0.0.1/44783] INFO  algorithms.PipelineChoosePolicyFactory (PipelineChoosePolicyFactory.java:createPipelineChoosePolicyFromClass(73)) - Create pipeline choose policy of type org.apache.hadoop.hdds.scm.pipeline.choose.algorithms.RandomPipelineChoosePolicy
2023-04-21 06:17:00,266 [Listener at 127.0.0.1/44783] INFO  ha.SCMServiceManager (SCMServiceManager.java:register(42)) - Registering service SCMBlockDeletingService.
2023-04-21 06:17:00,266 [Listener at 127.0.0.1/44783] INFO  replication.ReplicationManager (ReplicationManager.java:start(288)) - Starting Replication Monitor Thread.
2023-04-21 06:17:00,267 [Listener at 127.0.0.1/44783] INFO  ha.SCMServiceManager (SCMServiceManager.java:register(42)) - Registering service ReplicationManager.
2023-04-21 06:17:00,267 [ReplicationMonitor] INFO  replication.ReplicationManager (ReplicationManager.java:processAll(363)) - Replication Manager is not ready to run until 3000ms after safemode exit
2023-04-21 06:17:00,268 [Listener at 127.0.0.1/44783] INFO  safemode.ContainerSafeModeRule (ContainerSafeModeRule.java:<init>(89)) - containers with one replica threshold count 0
2023-04-21 06:17:00,269 [Listener at 127.0.0.1/44783] INFO  safemode.HealthyPipelineSafeModeRule (HealthyPipelineSafeModeRule.java:initializeRule(169)) - Total pipeline count is 0, healthy pipeline threshold count is 0
2023-04-21 06:17:00,269 [Listener at 127.0.0.1/44783] INFO  safemode.OneReplicaPipelineSafeModeRule (OneReplicaPipelineSafeModeRule.java:initializeRule(180)) - Total pipeline count is 0, pipeline's with at least one datanode reported threshold count is 0
2023-04-21 06:17:00,269 [Listener at 127.0.0.1/44783] INFO  server.StorageContainerManager (StorageContainerManager.java:<init>(402)) - SCM start with adminUsers: [runner]
2023-04-21 06:17:00,269 [Listener at 127.0.0.1/44783] INFO  ipc.CallQueueManager (CallQueueManager.java:<init>(90)) - Using callQueue: class java.util.concurrent.LinkedBlockingQueue, queueCapacity: 2000, scheduler: class org.apache.hadoop.ipc.DefaultRpcScheduler, ipcBackoff: false.
2023-04-21 06:17:00,270 [Socket Reader #1 for port 39145] INFO  ipc.Server (Server.java:run(1319)) - Starting Socket Reader #1 for port 39145
2023-04-21 06:17:00,271 [Listener at 0.0.0.0/39145] INFO  ipc.CallQueueManager (CallQueueManager.java:<init>(90)) - Using callQueue: class java.util.concurrent.LinkedBlockingQueue, queueCapacity: 2000, scheduler: class org.apache.hadoop.ipc.DefaultRpcScheduler, ipcBackoff: false.
2023-04-21 06:17:00,272 [Socket Reader #1 for port 33771] INFO  ipc.Server (Server.java:run(1319)) - Starting Socket Reader #1 for port 33771
2023-04-21 06:17:00,273 [Listener at 0.0.0.0/33771] INFO  ipc.CallQueueManager (CallQueueManager.java:<init>(90)) - Using callQueue: class java.util.concurrent.LinkedBlockingQueue, queueCapacity: 2000, scheduler: class org.apache.hadoop.ipc.DefaultRpcScheduler, ipcBackoff: false.
2023-04-21 06:17:00,273 [Socket Reader #1 for port 40027] INFO  ipc.Server (Server.java:run(1319)) - Starting Socket Reader #1 for port 40027
2023-04-21 06:17:00,280 [Listener at 0.0.0.0/40027] INFO  ha.SCMServiceManager (SCMServiceManager.java:register(42)) - Registering service ContainerBalancer.
2023-04-21 06:17:00,281 [Listener at 0.0.0.0/40027] INFO  server.StorageContainerManager (StorageContainerManager.java:<init>(419)) - 
Container Balancer status:
Key                            Value
Running                        false
Container Balancer Configuration values:
Key                                                Value
Threshold                                          10
Max Datanodes to Involve per Iteration(percent)    20
Max Size to Move per Iteration                     500GB
Max Size Entering Target per Iteration             26GB
Max Size Leaving Source per Iteration              26GB

2023-04-21 06:17:00,281 [Listener at 0.0.0.0/40027] INFO  ha.SCMContext (SCMContext.java:updateSafeModeStatus(228)) - Update SafeModeStatus from SafeModeStatus{safeModeStatus=true, preCheckPassed=false} to SafeModeStatus{safeModeStatus=true, preCheckPassed=false}.
2023-04-21 06:17:00,281 [Listener at 0.0.0.0/40027] INFO  server.StorageContainerManager (StorageContainerManager.java:start(1476)) - StorageContainerLocationProtocol RPC server is listening at /0.0.0.0:40027
2023-04-21 06:17:00,285 [Listener at 0.0.0.0/40027] WARN  impl.MetricsConfig (MetricsConfig.java:loadFirst(136)) - Cannot locate configuration: tried hadoop-metrics2-storagecontainermanager.properties,hadoop-metrics2.properties
2023-04-21 06:17:00,286 [Listener at 0.0.0.0/40027] INFO  impl.MetricsSystemImpl (MetricsSystemImpl.java:startTimer(378)) - Scheduled Metric snapshot period at 10 second(s).
2023-04-21 06:17:00,286 [Listener at 0.0.0.0/40027] INFO  impl.MetricsSystemImpl (MetricsSystemImpl.java:start(191)) - StorageContainerManager metrics system started
2023-04-21 06:17:00,296 [Listener at 0.0.0.0/40027] INFO  impl.MetricsSinkAdapter (MetricsSinkAdapter.java:start(204)) - Sink prometheus started
2023-04-21 06:17:00,296 [Listener at 0.0.0.0/40027] INFO  impl.MetricsSystemImpl (MetricsSystemImpl.java:registerSink(305)) - Registered sink prometheus
2023-04-21 06:17:00,308 [Listener at 0.0.0.0/40027] INFO  server.SCMClientProtocolServer (SCMClientProtocolServer.java:start(197)) - RPC server for Client  is listening at /0.0.0.0:40027
2023-04-21 06:17:00,309 [IPC Server Responder] INFO  ipc.Server (Server.java:run(1558)) - IPC Server Responder: starting
2023-04-21 06:17:00,309 [IPC Server listener on 40027] INFO  ipc.Server (Server.java:run(1398)) - IPC Server listener on 40027: starting
2023-04-21 06:17:00,310 [Listener at 0.0.0.0/40027] INFO  server.StorageContainerManager (StorageContainerManager.java:start(1490)) - ScmBlockLocationProtocol RPC server is listening at /0.0.0.0:33771
2023-04-21 06:17:00,315 [Listener at 0.0.0.0/40027] INFO  server.SCMBlockProtocolServer (SCMBlockProtocolServer.java:start(152)) - RPC server for Block Protocol is listening at /0.0.0.0:33771
2023-04-21 06:17:00,316 [IPC Server listener on 33771] INFO  ipc.Server (Server.java:run(1398)) - IPC Server listener on 33771: starting
2023-04-21 06:17:00,316 [IPC Server Responder] INFO  ipc.Server (Server.java:run(1558)) - IPC Server Responder: starting
2023-04-21 06:17:00,318 [Listener at 0.0.0.0/40027] INFO  server.SCMDatanodeProtocolServer (SCMDatanodeProtocolServer.java:start(193)) - ScmDatanodeProtocol RPC server for DataNodes is listening at /0.0.0.0:39145
2023-04-21 06:17:00,318 [IPC Server Responder] INFO  ipc.Server (Server.java:run(1558)) - IPC Server Responder: starting
2023-04-21 06:17:00,319 [IPC Server listener on 39145] INFO  ipc.Server (Server.java:run(1398)) - IPC Server listener on 39145: starting
2023-04-21 06:17:00,323 [Listener at 0.0.0.0/40027] INFO  http.BaseHttpServer (BaseHttpServer.java:newHttpServer2BuilderForOzone(224)) - Starting Web-server for scm at: http://0.0.0.0:44193
2023-04-21 06:17:00,323 [Listener at 0.0.0.0/40027] INFO  http.BaseHttpServer (BaseHttpServer.java:<init>(111)) - Hadoop Security Enabled: false Ozone Security Enabled: false Ozone HTTP Security Enabled: false 
2023-04-21 06:17:00,324 [Listener at 0.0.0.0/40027] WARN  server.AuthenticationFilter (AuthenticationFilter.java:constructSecretProvider(240)) - Unable to initialize FileSignerSecretProvider, falling back to use random secrets. Reason: Could not read signature secret file: /home/runner/hadoop-http-auth-signature-secret
2023-04-21 06:17:00,325 [Listener at 0.0.0.0/40027] INFO  http.HttpRequestLog (HttpRequestLog.java:getRequestLog(86)) - Http request log for http.requests.scm is not defined
2023-04-21 06:17:00,326 [org.apache.hadoop.util.JvmPauseMonitor$Monitor@6e298bf7] INFO  util.JvmPauseMonitor (JvmPauseMonitor.java:run(188)) - Starting JVM pause monitor
2023-04-21 06:17:00,327 [Listener at 0.0.0.0/40027] INFO  http.HttpServer2 (HttpServer2.java:addGlobalFilter(1031)) - Added global filter 'safety' (class=org.apache.hadoop.hdds.server.http.HttpServer2$QuotingInputFilter)
2023-04-21 06:17:00,327 [Listener at 0.0.0.0/40027] INFO  http.HttpServer2 (HttpServer2.java:addFilter(1007)) - Added filter static_user_filter (class=org.apache.hadoop.http.lib.StaticUserWebFilter$StaticUserFilter) to context scm
2023-04-21 06:17:00,327 [Listener at 0.0.0.0/40027] INFO  http.HttpServer2 (HttpServer2.java:addFilter(1015)) - Added filter static_user_filter (class=org.apache.hadoop.http.lib.StaticUserWebFilter$StaticUserFilter) to context static
2023-04-21 06:17:00,328 [Listener at 0.0.0.0/40027] INFO  http.HttpServer2 (HttpServer2.java:addFilter(1015)) - Added filter static_user_filter (class=org.apache.hadoop.http.lib.StaticUserWebFilter$StaticUserFilter) to context logs
2023-04-21 06:17:00,328 [Listener at 0.0.0.0/40027] INFO  http.BaseHttpServer (BaseHttpServer.java:<init>(190)) - HTTP server of scm uses base directory /home/runner/work/ozone/ozone/hadoop-ozone/integration-test/target/test-dir/MiniOzoneClusterImpl-0b173110-c037-445d-88e3-fa395e3ed442/ozone-meta/webserver
2023-04-21 06:17:00,328 [Listener at 0.0.0.0/40027] INFO  http.HttpServer2 (HttpServer2.java:bindListener(1250)) - Jetty bound to port 44193
2023-04-21 06:17:00,328 [Listener at 0.0.0.0/40027] INFO  server.Server (Server.java:doStart(375)) - jetty-9.4.49.v20220914; built: 2022-09-14T01:07:36.601Z; git: 4231a3b2e4cb8548a412a789936d640a97b1aa0a; jvm 1.8.0_362-b09
2023-04-21 06:17:00,334 [Listener at 0.0.0.0/40027] INFO  server.session (DefaultSessionIdManager.java:doStart(334)) - DefaultSessionIdManager workerName=node0
2023-04-21 06:17:00,334 [Listener at 0.0.0.0/40027] INFO  server.session (DefaultSessionIdManager.java:doStart(339)) - No SessionScavenger set, using defaults
2023-04-21 06:17:00,334 [Listener at 0.0.0.0/40027] INFO  server.session (HouseKeeper.java:startScavenging(132)) - node0 Scavenging every 660000ms
2023-04-21 06:17:00,334 [Listener at 0.0.0.0/40027] INFO  handler.ContextHandler (ContextHandler.java:doStart(921)) - Started o.e.j.s.ServletContextHandler@65a8f051{logs,/logs,file:///home/runner/work/ozone/ozone/hadoop-ozone/integration-test/target/log,AVAILABLE}
2023-04-21 06:17:00,335 [Listener at 0.0.0.0/40027] INFO  handler.ContextHandler (ContextHandler.java:doStart(921)) - Started o.e.j.s.ServletContextHandler@4ee9048c{static,/static,file:///home/runner/work/ozone/ozone/hadoop-ozone/integration-test/target/test-classes/webapps/static,AVAILABLE}
2023-04-21 06:17:00,337 [Listener at 0.0.0.0/40027] INFO  handler.ContextHandler (ContextHandler.java:doStart(921)) - Started o.e.j.w.WebAppContext@60fc2195{scm,/,file:///home/runner/work/ozone/ozone/hadoop-ozone/integration-test/target/test-classes/webapps/scm/,AVAILABLE}{file:/home/runner/work/ozone/ozone/hadoop-ozone/integration-test/target/test-classes/webapps/scm}
2023-04-21 06:17:00,343 [Listener at 0.0.0.0/40027] INFO  server.AbstractConnector (AbstractConnector.java:doStart(333)) - Started ServerConnector@4e6e3b12{HTTP/1.1, (http/1.1)}{0.0.0.0:44193}
2023-04-21 06:17:00,343 [Listener at 0.0.0.0/40027] INFO  server.Server (Server.java:doStart(415)) - Started @103034ms
2023-04-21 06:17:00,344 [Listener at 0.0.0.0/40027] WARN  impl.MetricsSystemImpl (MetricsSystemImpl.java:register(279)) - Sink prometheus already exists!
2023-04-21 06:17:00,344 [Listener at 0.0.0.0/40027] INFO  http.BaseHttpServer (BaseHttpServer.java:updateConnectorAddress(344)) - HTTP server of scm listening at http://0.0.0.0:44193
2023-04-21 06:17:01,163 [IPC Server handler 1 on default port 39145] INFO  server.SCMDatanodeHeartbeatDispatcher (SCMDatanodeHeartbeatDispatcher.java:dispatch(106)) - SCM received heartbeat from an unregistered datanode 7a6df638-9d26-4fda-89ed-9848101409d3(fv-az205-422/10.1.0.35). Asking datanode to re-register.
2023-04-21 06:17:02,038 [IPC Server handler 1 on default port 39145] INFO  net.NetworkTopologyImpl (NetworkTopologyImpl.java:add(112)) - Added a new node: /default-rack/7a6df638-9d26-4fda-89ed-9848101409d3
2023-04-21 06:17:02,038 [IPC Server handler 1 on default port 39145] INFO  node.SCMNodeManager (SCMNodeManager.java:register(404)) - Registered Data node : 7a6df638-9d26-4fda-89ed-9848101409d3{ip: 10.1.0.35, host: fv-az205-422, ports: [HTTP=33965, REPLICATION=40383, RATIS=34517, RATIS_ADMIN=34517, RATIS_SERVER=34517, RATIS_DATASTREAM=45167, STANDALONE=46405], networkLocation: /default-rack, certSerialId: null, persistedOpState: null, persistedOpStateExpiryEpochSec: 0}
2023-04-21 06:17:02,051 [EventQueue-NodeRegistrationContainerReportForDataNodeSafeModeRule] INFO  safemode.SCMSafeModeManager (DataNodeSafeModeRule.java:process(71)) - SCM in safe mode. 1 DataNodes registered, 1 required.
2023-04-21 06:17:02,051 [EventQueue-NodeRegistrationContainerReportForDataNodeSafeModeRule] INFO  safemode.SCMSafeModeManager (SCMSafeModeManager.java:validateSafeModeExitRules(200)) - DataNodeSafeModeRule rule is successfully validated
2023-04-21 06:17:02,051 [EventQueue-NodeRegistrationContainerReportForDataNodeSafeModeRule] INFO  safemode.SCMSafeModeManager (SCMSafeModeManager.java:completePreCheck(229)) - All SCM safe mode pre check rules have passed
2023-04-21 06:17:02,051 [EventQueue-NodeRegistrationContainerReportForDataNodeSafeModeRule] INFO  ha.SCMContext (SCMContext.java:updateSafeModeStatus(228)) - Update SafeModeStatus from SafeModeStatus{safeModeStatus=true, preCheckPassed=false} to SafeModeStatus{safeModeStatus=true, preCheckPassed=true}.
2023-04-21 06:17:02,059 [EventQueue-NodeRegistrationContainerReportForDataNodeSafeModeRule] INFO  pipeline.BackgroundPipelineCreator (BackgroundPipelineCreator.java:notifyEventTriggered(276)) - trigger a one-shot run on RatisPipelineUtilsThread.
2023-04-21 06:17:02,060 [EventQueue-NodeRegistrationContainerReportForContainerSafeModeRule] INFO  safemode.SCMSafeModeManager (SCMSafeModeManager.java:validateSafeModeExitRules(200)) - ContainerSafeModeRule rule is successfully validated
2023-04-21 06:17:02,060 [EventQueue-PipelineReportForOneReplicaPipelineSafeModeRule] INFO  safemode.SCMSafeModeManager (SCMSafeModeManager.java:validateSafeModeExitRules(200)) - AtleastOneDatanodeReportedRule rule is successfully validated
2023-04-21 06:17:02,061 [RatisPipelineUtilsThread - 0] ERROR scm.SCMCommonPlacementPolicy (SCMCommonPlacementPolicy.java:filterNodesWithSpace(249)) - Unable to find enough nodes that meet the space requirement of 1073741824 bytes for metadata and 5368709120 bytes for data in healthy node set. Required 3. Found 1.
2023-04-21 06:17:02,062 [EventQueue-NewNodeForNewNodeHandler] INFO  pipeline.BackgroundPipelineCreator (BackgroundPipelineCreator.java:notifyEventTriggered(276)) - trigger a one-shot run on RatisPipelineUtilsThread.
2023-04-21 06:17:02,063 [RatisPipelineUtilsThread - 0] ERROR scm.SCMCommonPlacementPolicy (SCMCommonPlacementPolicy.java:filterNodesWithSpace(249)) - Unable to find enough nodes that meet the space requirement of 1073741824 bytes for metadata and 5368709120 bytes for data in healthy node set. Required 3. Found 1.
2023-04-21 06:17:02,068 [EventQueue-OpenPipelineForHealthyPipelineSafeModeRule] INFO  safemode.SCMSafeModeManager (SCMSafeModeManager.java:validateSafeModeExitRules(200)) - HealthyPipelineSafeModeRule rule is successfully validated
2023-04-21 06:17:02,071 [EventQueue-OpenPipelineForHealthyPipelineSafeModeRule] INFO  safemode.SCMSafeModeManager (SCMSafeModeManager.java:validateSafeModeExitRules(215)) - ScmSafeModeManager, all rules are successfully validated
2023-04-21 06:17:02,071 [EventQueue-OpenPipelineForHealthyPipelineSafeModeRule] INFO  safemode.SCMSafeModeManager (SCMSafeModeManager.java:exitSafeMode(244)) - SCM exiting safe mode.
2023-04-21 06:17:02,071 [EventQueue-OpenPipelineForHealthyPipelineSafeModeRule] INFO  ha.SCMContext (SCMContext.java:updateSafeModeStatus(228)) - Update SafeModeStatus from SafeModeStatus{safeModeStatus=true, preCheckPassed=true} to SafeModeStatus{safeModeStatus=false, preCheckPassed=true}.
2023-04-21 06:17:02,072 [EventQueue-OpenPipelineForHealthyPipelineSafeModeRule] INFO  pipeline.BackgroundPipelineCreator (BackgroundPipelineCreator.java:notifyStatusChanged(254)) - Service BackgroundPipelineCreator transitions to RUNNING.
2023-04-21 06:17:02,073 [EventQueue-OpenPipelineForHealthyPipelineSafeModeRule] INFO  BackgroundPipelineScrubber (BackgroundSCMService.java:notifyStatusChanged(82)) - Service BackgroundPipelineScrubber transitions to RUNNING.
2023-04-21 06:17:02,073 [EventQueue-OpenPipelineForHealthyPipelineSafeModeRule] INFO  ExpiredContainerReplicaOpScrubber (BackgroundSCMService.java:notifyStatusChanged(82)) - Service ExpiredContainerReplicaOpScrubber transitions to RUNNING.
2023-04-21 06:17:02,074 [EventQueue-OpenPipelineForHealthyPipelineSafeModeRule] INFO  replication.ReplicationManager (ReplicationManager.java:notifyStatusChanged(1371)) - Service ReplicationManager transitions to RUNNING.
2023-04-21 06:17:02,074 [EventQueue-OpenPipelineForHealthyPipelineSafeModeRule] WARN  balancer.ContainerBalancer (ContainerBalancer.java:shouldRun(132)) - Could not find persisted configuration for ContainerBalancer when checking if ContainerBalancer should run. ContainerBalancer should not run now.
2023-04-21 06:17:07,697 [Listener at 0.0.0.0/40027] INFO  replication.LegacyReplicationManager (LegacyReplicationManager.java:sendCloseCommand(1403)) - Sending close container command for container #1 to datanode 7a6df638-9d26-4fda-89ed-9848101409d3(fv-az205-422/10.1.0.35).
2023-04-21 06:17:07,729 [Listener at 0.0.0.0/40027] INFO  replication.ReplicationManager (ReplicationManager.java:processAll(396)) - Replication Monitor Thread took 33 milliseconds for processing 8 containers.
2023-04-21 06:17:12,746 [Listener at 0.0.0.0/40027] INFO  ozone.MiniOzoneClusterImpl (MiniOzoneClusterImpl.java:shutdown(456)) - Shutting down the Mini Ozone Cluster
2023-04-21 06:17:12,746 [Listener at 0.0.0.0/40027] INFO  ozone.MiniOzoneClusterImpl (MiniOzoneClusterImpl.java:stop(474)) - Stopping the Mini Ozone Cluster
2023-04-21 06:17:12,746 [Listener at 0.0.0.0/40027] INFO  ozone.MiniOzoneClusterImpl (MiniOzoneClusterImpl.java:stopOM(560)) - Stopping the OzoneManager
2023-04-21 06:17:12,747 [Listener at 0.0.0.0/40027] INFO  om.OzoneManager (OzoneManager.java:stop(2154)) - om1[localhost:0]: Stopping Ozone Manager
2023-04-21 06:17:12,749 [Listener at 0.0.0.0/40027] INFO  ipc.Server (Server.java:stop(3501)) - Stopping server on 44783
2023-04-21 06:17:12,753 [IPC Server listener on 0] INFO  ipc.Server (Server.java:run(1430)) - Stopping IPC Server listener on 0
2023-04-21 06:17:12,755 [IPC Server Responder] INFO  ipc.Server (Server.java:run(1563)) - Stopping IPC Server Responder
2023-04-21 06:17:12,756 [Listener at 0.0.0.0/40027] INFO  server.RaftServer (RaftServerProxy.java:lambda$close$6(409)) - om1: close
2023-04-21 06:17:12,757 [om1-impl-thread1] INFO  server.RaftServer$Division (RaftServerImpl.java:lambda$close$4(458)) - om1@group-C5BA1605619E: shutdown
2023-04-21 06:17:12,757 [om1-impl-thread1] INFO  util.JmxRegister (JmxRegister.java:unregister(73)) - Successfully un-registered JMX Bean with object name Ratis:service=RaftServer,group=group-C5BA1605619E,id=om1
2023-04-21 06:17:12,757 [om1-impl-thread1] INFO  impl.RoleInfo (RoleInfo.java:shutdownLeaderState(93)) - om1: shutdown om1@group-C5BA1605619E-LeaderStateImpl
2023-04-21 06:17:12,757 [om1-impl-thread1] INFO  impl.PendingRequests (PendingRequests.java:sendNotLeaderResponses(282)) - om1@group-C5BA1605619E-PendingRequests: sendNotLeaderResponses
2023-04-21 06:17:12,759 [om1-impl-thread1] INFO  impl.StateMachineUpdater (StateMachineUpdater.java:stopAndJoin(153)) - om1@group-C5BA1605619E-StateMachineUpdater: set stopIndex = 44
2023-04-21 06:17:12,759 [om1@group-C5BA1605619E-StateMachineUpdater] INFO  ratis.OzoneManagerStateMachine (OzoneManagerStateMachine.java:takeSnapshot(453)) - Current Snapshot Index (t:1, i:44)
2023-04-21 06:17:12,762 [Listener at 0.0.0.0/40027] INFO  server.GrpcService (GrpcService.java:closeImpl(271)) - om1: shutdown server GrpcServerProtocolService now
2023-04-21 06:17:12,763 [Listener at 0.0.0.0/40027] INFO  server.GrpcService (GrpcService.java:closeImpl(280)) - om1: shutdown server GrpcServerProtocolService successfully
2023-04-21 06:17:12,783 [om1@group-C5BA1605619E-StateMachineUpdater] INFO  impl.StateMachineUpdater (StateMachineUpdater.java:takeSnapshot(287)) - om1@group-C5BA1605619E-StateMachineUpdater: Took a snapshot at index 44
2023-04-21 06:17:12,783 [om1@group-C5BA1605619E-StateMachineUpdater] INFO  impl.StateMachineUpdater (StateMachineUpdater.java:lambda$new$0(92)) - om1@group-C5BA1605619E-StateMachineUpdater: snapshotIndex: updateIncreasingly -1 -> 44
2023-04-21 06:17:12,784 [om1@group-C5BA1605619E-StateMachineUpdater] INFO  ratis.OzoneManagerStateMachine (OzoneManagerStateMachine.java:close(507)) - StateMachine has shutdown. Shutdown OzoneManager if not already shutdown.
2023-04-21 06:17:12,784 [om1@group-C5BA1605619E-StateMachineUpdater] INFO  ratis.OzoneManagerDoubleBuffer (OzoneManagerDoubleBuffer.java:stopDaemon(540)) - Stopping OMDoubleBuffer flush thread
2023-04-21 06:17:12,784 [OMDoubleBufferFlushThread] INFO  ratis.OzoneManagerDoubleBuffer (OzoneManagerDoubleBuffer.java:canFlush(625)) - OMDoubleBuffer flush thread OMDoubleBufferFlushThread is interrupted and will exit.
2023-04-21 06:17:12,785 [om1-impl-thread1] INFO  server.RaftServer$Division (ServerState.java:close(466)) - om1@group-C5BA1605619E: closes. applyIndex: 44
2023-04-21 06:17:12,785 [om1@group-C5BA1605619E-SegmentedRaftLogWorker] INFO  segmented.SegmentedRaftLogWorker (SegmentedRaftLogWorker.java:run(347)) - om1@group-C5BA1605619E-SegmentedRaftLogWorker was interrupted, exiting. There are 0 tasks remaining in the queue.
2023-04-21 06:17:12,786 [om1-impl-thread1] INFO  segmented.SegmentedRaftLogWorker (SegmentedRaftLogWorker.java:close(257)) - om1@group-C5BA1605619E-SegmentedRaftLogWorker close()
2023-04-21 06:17:12,787 [JvmPauseMonitor10] INFO  util.JvmPauseMonitor (JvmPauseMonitor.java:run(111)) - JvmPauseMonitor-om1: Stopped
2023-04-21 06:17:12,787 [Listener at 0.0.0.0/40027] INFO  ratis.OzoneManagerStateMachine (OzoneManagerStateMachine.java:close(507)) - StateMachine has shutdown. Shutdown OzoneManager if not already shutdown.
2023-04-21 06:17:12,787 [Listener at 0.0.0.0/40027] INFO  ratis.OzoneManagerDoubleBuffer (OzoneManagerDoubleBuffer.java:stopDaemon(549)) - OMDoubleBuffer flush thread is not running.
2023-04-21 06:17:12,788 [Listener at 0.0.0.0/40027] INFO  utils.BackgroundService (BackgroundService.java:shutdown(141)) - Shutting down service KeyDeletingService
2023-04-21 06:17:12,788 [Listener at 0.0.0.0/40027] INFO  utils.BackgroundService (BackgroundService.java:shutdown(141)) - Shutting down service KeyDeletingService
2023-04-21 06:17:12,788 [Listener at 0.0.0.0/40027] INFO  utils.BackgroundService (BackgroundService.java:shutdown(141)) - Shutting down service OpenKeyCleanupService
2023-04-21 06:17:12,789 [Listener at 0.0.0.0/40027] INFO  utils.BackgroundService (BackgroundService.java:shutdown(141)) - Shutting down service SstFilteringService
2023-04-21 06:17:12,789 [Listener at 0.0.0.0/40027] INFO  utils.BackgroundService (BackgroundService.java:shutdown(141)) - Shutting down service SnapshotDeletingService
2023-04-21 06:17:12,790 [Listener at 0.0.0.0/40027] INFO  handler.ContextHandler (ContextHandler.java:doStop(1159)) - Stopped o.e.j.w.WebAppContext@6779025f{ozoneManager,/,null,STOPPED}{file:/home/runner/work/ozone/ozone/hadoop-ozone/integration-test/target/test-classes/webapps/ozoneManager}
2023-04-21 06:17:12,791 [Listener at 0.0.0.0/40027] INFO  server.AbstractConnector (AbstractConnector.java:doStop(383)) - Stopped ServerConnector@48211e61{HTTP/1.1, (http/1.1)}{0.0.0.0:0}
2023-04-21 06:17:12,791 [Listener at 0.0.0.0/40027] INFO  server.session (HouseKeeper.java:stopScavenging(149)) - node0 Stopped scavenging
2023-04-21 06:17:12,791 [Listener at 0.0.0.0/40027] INFO  handler.ContextHandler (ContextHandler.java:doStop(1159)) - Stopped o.e.j.s.ServletContextHandler@784da569{static,/static,file:///home/runner/work/ozone/ozone/hadoop-ozone/integration-test/target/test-classes/webapps/static,STOPPED}
2023-04-21 06:17:12,792 [Listener at 0.0.0.0/40027] INFO  handler.ContextHandler (ContextHandler.java:doStop(1159)) - Stopped o.e.j.s.ServletContextHandler@2095e63d{logs,/logs,file:///home/runner/work/ozone/ozone/hadoop-ozone/integration-test/target/log,STOPPED}
2023-04-21 06:17:12,795 [Listener at 0.0.0.0/40027] INFO  utils.BackgroundService (BackgroundService.java:shutdown(141)) - Shutting down service SnapshotDiffCleanupService
2023-04-21 06:17:12,796 [Listener at 0.0.0.0/40027] INFO  ozone.MiniOzoneClusterImpl (MiniOzoneClusterImpl.java:stopDatanodes(537)) - Stopping the HddsDatanodes
2023-04-21 06:17:12,799 [Listener at 0.0.0.0/40027] INFO  ozoneimpl.OzoneContainer (OzoneContainer.java:stop(419)) - Attempting to stop container services.
2023-04-21 06:17:12,800 [Listener at 0.0.0.0/40027] INFO  server.RaftServer (RaftServerProxy.java:lambda$close$6(409)) - 7a6df638-9d26-4fda-89ed-9848101409d3: close
2023-04-21 06:17:12,800 [7a6df638-9d26-4fda-89ed-9848101409d3-impl-thread1] INFO  server.RaftServer$Division (RaftServerImpl.java:lambda$close$4(458)) - 7a6df638-9d26-4fda-89ed-9848101409d3@group-FE9745D62828: shutdown
2023-04-21 06:17:12,801 [7a6df638-9d26-4fda-89ed-9848101409d3-impl-thread1] INFO  util.JmxRegister (JmxRegister.java:unregister(73)) - Successfully un-registered JMX Bean with object name Ratis:service=RaftServer,group=group-FE9745D62828,id=7a6df638-9d26-4fda-89ed-9848101409d3
2023-04-21 06:17:12,801 [7a6df638-9d26-4fda-89ed-9848101409d3-impl-thread1] INFO  impl.RoleInfo (RoleInfo.java:shutdownLeaderState(93)) - 7a6df638-9d26-4fda-89ed-9848101409d3: shutdown 7a6df638-9d26-4fda-89ed-9848101409d3@group-FE9745D62828-LeaderStateImpl
2023-04-21 06:17:12,801 [7a6df638-9d26-4fda-89ed-9848101409d3-impl-thread1] INFO  impl.PendingRequests (PendingRequests.java:sendNotLeaderResponses(282)) - 7a6df638-9d26-4fda-89ed-9848101409d3@group-FE9745D62828-PendingRequests: sendNotLeaderResponses
2023-04-21 06:17:12,803 [7a6df638-9d26-4fda-89ed-9848101409d3-impl-thread1] INFO  impl.StateMachineUpdater (StateMachineUpdater.java:stopAndJoin(153)) - 7a6df638-9d26-4fda-89ed-9848101409d3@group-FE9745D62828-StateMachineUpdater: set stopIndex = 31
2023-04-21 06:17:12,804 [7a6df638-9d26-4fda-89ed-9848101409d3@group-FE9745D62828-StateMachineUpdater] INFO  ratis.ContainerStateMachine (ContainerStateMachine.java:takeSnapshot(330)) - group-FE9745D62828: Taking a snapshot at:(t:1, i:31) file /home/runner/work/ozone/ozone/hadoop-ozone/integration-test/target/test-dir/MiniOzoneClusterImpl-0b173110-c037-445d-88e3-fa395e3ed442/datanode-0/data/ratis/742b5c28-282a-4488-826a-fe9745d62828/sm/snapshot.1_31
2023-04-21 06:17:12,804 [Listener at 0.0.0.0/40027] INFO  server.GrpcService (GrpcService.java:closeImpl(271)) - 7a6df638-9d26-4fda-89ed-9848101409d3: shutdown server GrpcServerProtocolService now
2023-04-21 06:17:12,805 [7a6df638-9d26-4fda-89ed-9848101409d3@group-FE9745D62828-StateMachineUpdater] INFO  ratis.ContainerStateMachine (ContainerStateMachine.java:takeSnapshot(341)) - group-FE9745D62828: Finished taking a snapshot at:(t:1, i:31) file:/home/runner/work/ozone/ozone/hadoop-ozone/integration-test/target/test-dir/MiniOzoneClusterImpl-0b173110-c037-445d-88e3-fa395e3ed442/datanode-0/data/ratis/742b5c28-282a-4488-826a-fe9745d62828/sm/snapshot.1_31 took: 2 ms
2023-04-21 06:17:12,806 [7a6df638-9d26-4fda-89ed-9848101409d3@group-FE9745D62828-StateMachineUpdater] INFO  impl.StateMachineUpdater (StateMachineUpdater.java:takeSnapshot(287)) - 7a6df638-9d26-4fda-89ed-9848101409d3@group-FE9745D62828-StateMachineUpdater: Took a snapshot at index 31
2023-04-21 06:17:12,806 [7a6df638-9d26-4fda-89ed-9848101409d3@group-FE9745D62828-StateMachineUpdater] INFO  impl.StateMachineUpdater (StateMachineUpdater.java:lambda$new$0(92)) - 7a6df638-9d26-4fda-89ed-9848101409d3@group-FE9745D62828-StateMachineUpdater: snapshotIndex: updateIncreasingly -1 -> 31
2023-04-21 06:17:12,808 [7a6df638-9d26-4fda-89ed-9848101409d3-impl-thread1] INFO  server.RaftServer$Division (ServerState.java:close(466)) - 7a6df638-9d26-4fda-89ed-9848101409d3@group-FE9745D62828: closes. applyIndex: 31
2023-04-21 06:17:12,808 [7a6df638-9d26-4fda-89ed-9848101409d3@group-FE9745D62828-SegmentedRaftLogWorker] INFO  segmented.SegmentedRaftLogWorker (SegmentedRaftLogWorker.java:run(347)) - 7a6df638-9d26-4fda-89ed-9848101409d3@group-FE9745D62828-SegmentedRaftLogWorker was interrupted, exiting. There are 0 tasks remaining in the queue.
2023-04-21 06:17:12,813 [7a6df638-9d26-4fda-89ed-9848101409d3-impl-thread1] INFO  segmented.SegmentedRaftLogWorker (SegmentedRaftLogWorker.java:close(257)) - 7a6df638-9d26-4fda-89ed-9848101409d3@group-FE9745D62828-SegmentedRaftLogWorker close()
2023-04-21 06:17:12,814 [Listener at 0.0.0.0/40027] INFO  server.GrpcService (GrpcService.java:closeImpl(280)) - 7a6df638-9d26-4fda-89ed-9848101409d3: shutdown server GrpcServerProtocolService successfully
2023-04-21 06:17:12,815 [7a6df638-9d26-4fda-89ed-9848101409d3-NettyServerStreamRpc-bossGroup--thread1] INFO  logging.LoggingHandler (AbstractInternalLogger.java:log(148)) - [id: 0x395eef69, L:/0:0:0:0:0:0:0:0:45167] CLOSE
2023-04-21 06:17:12,815 [7a6df638-9d26-4fda-89ed-9848101409d3-NettyServerStreamRpc-bossGroup--thread1] INFO  logging.LoggingHandler (AbstractInternalLogger.java:log(148)) - [id: 0x395eef69, L:/0:0:0:0:0:0:0:0:45167] INACTIVE
2023-04-21 06:17:12,816 [7a6df638-9d26-4fda-89ed-9848101409d3-NettyServerStreamRpc-bossGroup--thread1] INFO  logging.LoggingHandler (AbstractInternalLogger.java:log(148)) - [id: 0x395eef69, L:/0:0:0:0:0:0:0:0:45167] UNREGISTERED
2023-04-21 06:17:12,838 [JvmPauseMonitor11] INFO  util.JvmPauseMonitor (JvmPauseMonitor.java:run(111)) - JvmPauseMonitor-7a6df638-9d26-4fda-89ed-9848101409d3: Stopped
2023-04-21 06:17:14,846 [Listener at 0.0.0.0/40027] INFO  volume.HddsVolume (HddsVolume.java:closeDbStore(437)) - SchemaV3 db is stopped at /home/runner/work/ozone/ozone/hadoop-ozone/integration-test/target/test-dir/MiniOzoneClusterImpl-0b173110-c037-445d-88e3-fa395e3ed442/datanode-0/data-0/containers/hdds/0b173110-c037-445d-88e3-fa395e3ed442/DS-4ea3cdd2-f53b-4279-a92b-ad06ab73de19/container.db for volume DS-4ea3cdd2-f53b-4279-a92b-ad06ab73de19
2023-04-21 06:17:14,846 [Listener at 0.0.0.0/40027] INFO  utils.BackgroundService (BackgroundService.java:shutdown(141)) - Shutting down service BlockDeletingService
2023-04-21 06:17:14,847 [Listener at 0.0.0.0/40027] INFO  utils.BackgroundService (BackgroundService.java:shutdown(141)) - Shutting down service StaleRecoveringContainerScrubbingService
2023-04-21 06:17:14,850 [Listener at 0.0.0.0/40027] INFO  statemachine.DatanodeStateMachine (DatanodeStateMachine.java:stopDaemon(601)) - Ozone container server stopped.
2023-04-21 06:17:14,870 [Listener at 0.0.0.0/40027] INFO  handler.ContextHandler (ContextHandler.java:doStop(1159)) - Stopped o.e.j.w.WebAppContext@439927af{hddsDatanode,/,null,STOPPED}{jar:file:/home/runner/.m2/repository/org/apache/ozone/hdds-container-service/1.4.0-SNAPSHOT/hdds-container-service-1.4.0-SNAPSHOT.jar!/webapps/hddsDatanode}
2023-04-21 06:17:14,870 [Listener at 0.0.0.0/40027] INFO  server.AbstractConnector (AbstractConnector.java:doStop(383)) - Stopped ServerConnector@757ade6a{HTTP/1.1, (http/1.1)}{0.0.0.0:0}
2023-04-21 06:17:14,871 [Listener at 0.0.0.0/40027] INFO  server.session (HouseKeeper.java:stopScavenging(149)) - node0 Stopped scavenging
2023-04-21 06:17:14,872 [Listener at 0.0.0.0/40027] INFO  handler.ContextHandler (ContextHandler.java:doStop(1159)) - Stopped o.e.j.s.ServletContextHandler@2f1a1109{static,/static,jar:file:/home/runner/.m2/repository/org/apache/ozone/hdds-container-service/1.4.0-SNAPSHOT/hdds-container-service-1.4.0-SNAPSHOT.jar!/webapps/static,STOPPED}
2023-04-21 06:17:14,872 [Listener at 0.0.0.0/40027] INFO  handler.ContextHandler (ContextHandler.java:doStop(1159)) - Stopped o.e.j.s.ServletContextHandler@2917514{logs,/logs,file:///home/runner/work/ozone/ozone/hadoop-ozone/integration-test/target/log,STOPPED}
2023-04-21 06:17:14,876 [Listener at 0.0.0.0/40027] INFO  ozone.MiniOzoneClusterImpl (MiniOzoneClusterImpl.java:stopSCM(552)) - Stopping the StorageContainerManager
2023-04-21 06:17:14,876 [Listener at 0.0.0.0/40027] INFO  server.StorageContainerManager (StorageContainerManager.java:stop(1577)) - Container Balancer is not running.
2023-04-21 06:17:14,876 [Listener at 0.0.0.0/40027] INFO  server.StorageContainerManager (StorageContainerManager.java:stopReplicationManager(1708)) - Stopping Replication Manager Service.
2023-04-21 06:17:14,876 [Listener at 0.0.0.0/40027] INFO  replication.ReplicationManager (ReplicationManager.java:stop(321)) - Stopping Replication Monitor Thread.
2023-04-21 06:17:14,876 [Under Replicated Processor] WARN  replication.UnhealthyReplicationProcessor (UnhealthyReplicationProcessor.java:run(146)) - Under Replicated Processor interrupted. Exiting...
2023-04-21 06:17:14,877 [Over Replicated Processor] WARN  replication.UnhealthyReplicationProcessor (UnhealthyReplicationProcessor.java:run(146)) - Over Replicated Processor interrupted. Exiting...
2023-04-21 06:17:14,877 [Listener at 0.0.0.0/40027] INFO  server.StorageContainerManager (StorageContainerManager.java:stop(1586)) - Stopping the Datanode Admin Monitor.
2023-04-21 06:17:14,877 [ReplicationMonitor] INFO  replication.ReplicationManager (ReplicationManager.java:run(975)) - Replication Monitor Thread is stopped
2023-04-21 06:17:14,877 [Listener at 0.0.0.0/40027] INFO  server.StorageContainerManager (StorageContainerManager.java:stop(1593)) - Stopping datanode service RPC server
2023-04-21 06:17:14,878 [Listener at 0.0.0.0/40027] INFO  server.SCMDatanodeProtocolServer (SCMDatanodeProtocolServer.java:stop(424)) - Stopping the RPC server for DataNodes
2023-04-21 06:17:14,878 [Listener at 0.0.0.0/40027] INFO  ipc.Server (Server.java:stop(3501)) - Stopping server on 39145
2023-04-21 06:17:14,879 [IPC Server listener on 39145] INFO  ipc.Server (Server.java:run(1430)) - Stopping IPC Server listener on 39145
2023-04-21 06:17:14,884 [IPC Server Responder] INFO  ipc.Server (Server.java:run(1563)) - Stopping IPC Server Responder
2023-04-21 06:17:15,262 [SCM Heartbeat Processing Thread - 0] WARN  node.NodeStateManager (NodeStateManager.java:scheduleNextHealthCheck(870)) - Current Thread is interrupted, shutting down HB processing thread for Node Manager.
2023-04-21 06:17:15,263 [Listener at 0.0.0.0/40027] INFO  server.StorageContainerManager (StorageContainerManager.java:stop(1601)) - Stopping block service RPC server
2023-04-21 06:17:15,263 [Listener at 0.0.0.0/40027] INFO  server.SCMBlockProtocolServer (SCMBlockProtocolServer.java:stop(161)) - Stopping the RPC server for Block Protocol
2023-04-21 06:17:15,263 [Listener at 0.0.0.0/40027] INFO  ipc.Server (Server.java:stop(3501)) - Stopping server on 33771
2023-04-21 06:17:15,265 [IPC Server Responder] INFO  ipc.Server (Server.java:run(1563)) - Stopping IPC Server Responder
2023-04-21 06:17:15,265 [IPC Server listener on 33771] INFO  ipc.Server (Server.java:run(1430)) - Stopping IPC Server listener on 33771
2023-04-21 06:17:15,266 [Listener at 0.0.0.0/40027] INFO  server.StorageContainerManager (StorageContainerManager.java:stop(1608)) - Stopping the StorageContainerLocationProtocol RPC server
2023-04-21 06:17:15,266 [Listener at 0.0.0.0/40027] INFO  server.SCMClientProtocolServer (SCMClientProtocolServer.java:stop(206)) - Stopping the RPC server for Client Protocol
2023-04-21 06:17:15,266 [Listener at 0.0.0.0/40027] INFO  ipc.Server (Server.java:stop(3501)) - Stopping server on 40027
2023-04-21 06:17:15,268 [IPC Server Responder] INFO  ipc.Server (Server.java:run(1563)) - Stopping IPC Server Responder
2023-04-21 06:17:15,268 [Listener at 0.0.0.0/40027] INFO  server.StorageContainerManager (StorageContainerManager.java:stop(1615)) - Stopping Storage Container Manager HTTP server.
2023-04-21 06:17:15,269 [Listener at 0.0.0.0/40027] INFO  handler.ContextHandler (ContextHandler.java:doStop(1159)) - Stopped o.e.j.w.WebAppContext@60fc2195{scm,/,null,STOPPED}{file:/home/runner/work/ozone/ozone/hadoop-ozone/integration-test/target/test-classes/webapps/scm}
2023-04-21 06:17:15,270 [IPC Server listener on 40027] INFO  ipc.Server (Server.java:run(1430)) - Stopping IPC Server listener on 40027
2023-04-21 06:17:15,271 [Listener at 0.0.0.0/40027] INFO  server.AbstractConnector (AbstractConnector.java:doStop(383)) - Stopped ServerConnector@4e6e3b12{HTTP/1.1, (http/1.1)}{0.0.0.0:44193}
2023-04-21 06:17:15,271 [Listener at 0.0.0.0/40027] INFO  server.session (HouseKeeper.java:stopScavenging(149)) - node0 Stopped scavenging
2023-04-21 06:17:15,271 [Listener at 0.0.0.0/40027] INFO  handler.ContextHandler (ContextHandler.java:doStop(1159)) - Stopped o.e.j.s.ServletContextHandler@4ee9048c{static,/static,file:///home/runner/work/ozone/ozone/hadoop-ozone/integration-test/target/test-classes/webapps/static,STOPPED}
2023-04-21 06:17:15,272 [Listener at 0.0.0.0/40027] INFO  handler.ContextHandler (ContextHandler.java:doStop(1159)) - Stopped o.e.j.s.ServletContextHandler@65a8f051{logs,/logs,file:///home/runner/work/ozone/ozone/hadoop-ozone/integration-test/target/log,STOPPED}
2023-04-21 06:17:15,273 [Listener at 0.0.0.0/40027] INFO  server.StorageContainerManager (StorageContainerManager.java:stop(1623)) - Stopping SCM LayoutVersionManager Service.
2023-04-21 06:17:15,273 [Listener at 0.0.0.0/40027] INFO  server.StorageContainerManager (StorageContainerManager.java:stop(1631)) - Stopping Block Manager Service.
2023-04-21 06:17:15,273 [Listener at 0.0.0.0/40027] INFO  utils.BackgroundService (BackgroundService.java:shutdown(141)) - Shutting down service SCMBlockDeletingService
2023-04-21 06:17:15,273 [Listener at 0.0.0.0/40027] INFO  utils.BackgroundService (BackgroundService.java:shutdown(141)) - Shutting down service SCMBlockDeletingService
2023-04-21 06:17:15,273 [Listener at 0.0.0.0/40027] INFO  server.StorageContainerManager (StorageContainerManager.java:stop(1653)) - Stopping SCM Event Queue.
2023-04-21 06:17:15,275 [Listener at 0.0.0.0/40027] INFO  server.StorageContainerManager (StorageContainerManager.java:stop(1664)) - Stopping SCM HA services.
2023-04-21 06:17:15,275 [Listener at 0.0.0.0/40027] INFO  pipeline.BackgroundPipelineCreator (BackgroundPipelineCreator.java:stop(149)) - Stopping RatisPipelineUtilsThread.
2023-04-21 06:17:15,276 [RatisPipelineUtilsThread - 0] WARN  pipeline.BackgroundPipelineCreator (BackgroundPipelineCreator.java:run(180)) - RatisPipelineUtilsThread is interrupted.
2023-04-21 06:17:15,278 [BackgroundPipelineScrubberThread] WARN  BackgroundPipelineScrubber (BackgroundSCMService.java:run(115)) - BackgroundPipelineScrubber is interrupted, exit
2023-04-21 06:17:15,279 [Listener at 0.0.0.0/40027] INFO  BackgroundPipelineScrubber (BackgroundSCMService.java:stop(131)) - Stopping BackgroundPipelineScrubber Service.
2023-04-21 06:17:15,279 [Listener at 0.0.0.0/40027] INFO  impl.MetricsSystemImpl (MetricsSystemImpl.java:stop(210)) - Stopping StorageContainerManager metrics system...
2023-04-21 06:17:15,280 [prometheus] INFO  impl.MetricsSinkAdapter (MetricsSinkAdapter.java:publishMetricsFromQueue(141)) - prometheus thread interrupted.
2023-04-21 06:17:15,280 [Listener at 0.0.0.0/40027] INFO  impl.MetricsSystemImpl (MetricsSystemImpl.java:stop(216)) - StorageContainerManager metrics system stopped.
2023-04-21 06:17:15,281 [Listener at 0.0.0.0/40027] WARN  pipeline.BackgroundPipelineCreator (BackgroundPipelineCreator.java:stop(145)) - RatisPipelineUtilsThread is not running, just ignore.
2023-04-21 06:17:15,281 [Listener at 0.0.0.0/40027] INFO  BackgroundPipelineScrubber (BackgroundSCMService.java:stop(126)) - BackgroundPipelineScrubber Service is not running, skip stop.
2023-04-21 06:17:15,281 [ExpiredContainerReplicaOpScrubberThread] WARN  ExpiredContainerReplicaOpScrubber (BackgroundSCMService.java:run(115)) - ExpiredContainerReplicaOpScrubber is interrupted, exit
2023-04-21 06:17:15,281 [Listener at 0.0.0.0/40027] INFO  ExpiredContainerReplicaOpScrubber (BackgroundSCMService.java:stop(131)) - Stopping ExpiredContainerReplicaOpScrubber Service.
2023-04-21 06:17:15,281 [Listener at 0.0.0.0/40027] INFO  utils.BackgroundService (BackgroundService.java:shutdown(141)) - Shutting down service SCMBlockDeletingService
2023-04-21 06:17:15,281 [Listener at 0.0.0.0/40027] INFO  replication.ReplicationManager (ReplicationManager.java:stop(331)) - Replication Monitor Thread is not running.
2023-04-21 06:17:15,281 [Listener at 0.0.0.0/40027] WARN  balancer.ContainerBalancer (ContainerBalancer.java:stop(324)) - Cannot stop Container Balancer because it's not running or stopping
2023-04-21 06:17:15,281 [Listener at 0.0.0.0/40027] INFO  server.StorageContainerManager (StorageContainerManager.java:stop(1699)) - Stopping SCM MetadataStore.
]]></system-out>
  </testcase>
  <testcase name="testContainerReportQueueWithDrop" classname="org.apache.hadoop.ozone.TestStorageContainerManager" time="1.213"/>
  <testcase name="testRpcPermission" classname="org.apache.hadoop.ozone.TestStorageContainerManager" time="57.524">
    <system-out><![CDATA[2023-04-21 06:17:16,655 [Time-limited test] WARN  server.ServerUtils (ServerUtils.java:getScmDbDir(148)) - ozone.scm.db.dirs is not configured. We recommend adding this setting. Falling back to ozone.metadata.dirs instead.
2023-04-21 06:17:16,664 [Time-limited test] WARN  server.ServerUtils (ServerUtils.java:getScmDbDir(148)) - ozone.scm.db.dirs is not configured. We recommend adding this setting. Falling back to ozone.metadata.dirs instead.
2023-04-21 06:17:16,665 [Time-limited test] INFO  ha.SCMHANodeDetails (SCMHANodeDetails.java:loadSCMHAConfig(209)) - ServiceID for StorageContainerManager is null
2023-04-21 06:17:16,665 [Time-limited test] WARN  ha.SCMHANodeDetails (SCMHANodeDetails.java:validateSCMHAConfig(182)) - Invalid config ozone.scm.ratis.enable. The config was not specified, but the default value true conflicts with the expected config value false. Falling back to the expected value. Current State of SCM: SCM is running in Non-HA without Ratis Ratis SCM -> Non Ratis SCM or Non HA SCM -> HA SCM is not supported
2023-04-21 06:17:16,666 [Time-limited test] INFO  ha.SCMHANodeDetails (SCMHANodeDetails.java:loadSCMHAConfig(214)) - ozone.scm.default.service.id is not defined, falling back to ozone.scm.service.ids to find serviceID for StorageContainerManager if it is HA enabled cluster
2023-04-21 06:17:16,672 [Time-limited test] WARN  utils.HAUtils (HAUtils.java:getMetaDir(342)) - ozone.scm.db.dirs is not configured. We recommend adding this setting. Falling back to ozone.metadata.dirs instead.
2023-04-21 06:17:16,674 [Time-limited test] WARN  db.DBStoreBuilder (DBStoreBuilder.java:applyDBDefinition(182)) - ozone.scm.db.dirs is not configured. We recommend adding this setting. Falling back to ozone.metadata.dirs instead.
2023-04-21 06:17:16,794 [Time-limited test] INFO  net.NodeSchemaLoader (NodeSchemaLoader.java:loadSchemaFromFile(129)) - Loading schema from [jar:file:/home/runner/.m2/repository/org/apache/ozone/hdds-common/1.4.0-SNAPSHOT/hdds-common-1.4.0-SNAPSHOT.jar!/network-topology-default.xml]
2023-04-21 06:17:16,794 [Time-limited test] INFO  net.NodeSchemaLoader (NodeSchemaLoader.java:loadSchema(176)) - Loading network topology layer schema file
2023-04-21 06:17:16,797 [Time-limited test] INFO  upgrade.AbstractLayoutVersionManager (AbstractLayoutVersionManager.java:init(83)) - Initializing Layout version manager with metadata layout = WEBUI_PORTS_IN_DATANODEDETAILS (version = 6), software layout = WEBUI_PORTS_IN_DATANODEDETAILS (version = 6)
2023-04-21 06:17:17,036 [Time-limited test] INFO  reflections.Reflections (Reflections.java:scan(232)) - Reflections took 237 ms to scan 7 urls, producing 156 keys and 369 values 
2023-04-21 06:17:17,044 [Time-limited test] INFO  ha.SequenceIdGenerator (SequenceIdGenerator.java:upgradeToSequenceId(349)) - upgrade localId to 111677748019200000
2023-04-21 06:17:17,044 [Time-limited test] INFO  ha.SequenceIdGenerator (SequenceIdGenerator.java:upgradeToSequenceId(359)) - upgrade delTxnId to 0
2023-04-21 06:17:17,045 [Time-limited test] INFO  ha.SequenceIdGenerator (SequenceIdGenerator.java:upgradeToSequenceId(376)) - upgrade containerId to 0
2023-04-21 06:17:17,045 [Time-limited test] INFO  ha.SequenceIdGenerator (SequenceIdGenerator.java:<init>(220)) - Init the HA SequenceIdGenerator.
2023-04-21 06:17:17,045 [Time-limited test] WARN  server.ServerUtils (ServerUtils.java:sanitizeUserArgs(73)) - ozone.scm.stale.node.interval value = 300000 is larger than max = 100000 based on the key value of ozone.scm.heartbeat.thread.interval, reset to the max value 100000.
2023-04-21 06:17:17,045 [Time-limited test] WARN  server.ServerUtils (ServerUtils.java:sanitizeUserArgs(73)) - ozone.scm.stale.node.interval value = 300000 is larger than max = 100000 based on the key value of ozone.scm.heartbeat.thread.interval, reset to the max value 100000.
2023-04-21 06:17:17,053 [Time-limited test] INFO  node.SCMNodeManager (SCMNodeManager.java:<init>(156)) - Entering startup safe mode.
2023-04-21 06:17:17,055 [Time-limited test] INFO  algorithms.ContainerPlacementPolicyFactory (ContainerPlacementPolicyFactory.java:getPolicyInternal(86)) - Create container placement policy of type org.apache.hadoop.hdds.scm.container.placement.algorithms.SCMContainerPlacementRackAware
2023-04-21 06:17:17,055 [Time-limited test] INFO  algorithms.ContainerPlacementPolicyFactory (ContainerPlacementPolicyFactory.java:getPolicyInternal(86)) - Create container placement policy of type org.apache.hadoop.hdds.scm.container.placement.algorithms.SCMContainerPlacementRackScatter
2023-04-21 06:17:17,055 [Time-limited test] INFO  pipeline.PipelineStateManagerImpl (PipelineStateManagerImpl.java:initialize(78)) - No pipeline exists in current db
2023-04-21 06:17:17,055 [Time-limited test] INFO  algorithms.LeaderChoosePolicyFactory (LeaderChoosePolicyFactory.java:getPolicy(57)) - Create leader choose policy of type org.apache.hadoop.hdds.scm.pipeline.leader.choose.algorithms.MinLeaderCountChoosePolicy
2023-04-21 06:17:17,055 [Time-limited test] INFO  algorithms.ContainerPlacementPolicyFactory (ContainerPlacementPolicyFactory.java:getPolicyInternal(86)) - Create container placement policy of type org.apache.hadoop.hdds.scm.container.placement.algorithms.SCMContainerPlacementRackScatter
2023-04-21 06:17:17,056 [Time-limited test] INFO  ha.SCMServiceManager (SCMServiceManager.java:register(42)) - Registering service BackgroundPipelineCreator.
2023-04-21 06:17:17,056 [Time-limited test] INFO  pipeline.BackgroundPipelineCreator (BackgroundPipelineCreator.java:start(124)) - Starting RatisPipelineUtilsThread.
2023-04-21 06:17:17,062 [Time-limited test] INFO  BackgroundPipelineScrubber (BackgroundSCMService.java:start(68)) - Starting BackgroundPipelineScrubber Service.
2023-04-21 06:17:17,068 [Time-limited test] INFO  ha.SCMServiceManager (SCMServiceManager.java:register(42)) - Registering service BackgroundPipelineScrubber.
2023-04-21 06:17:17,068 [Time-limited test] INFO  ExpiredContainerReplicaOpScrubber (BackgroundSCMService.java:start(68)) - Starting ExpiredContainerReplicaOpScrubber Service.
2023-04-21 06:17:17,070 [Time-limited test] INFO  ha.SCMServiceManager (SCMServiceManager.java:register(42)) - Registering service ExpiredContainerReplicaOpScrubber.
2023-04-21 06:17:17,073 [Time-limited test] INFO  algorithms.PipelineChoosePolicyFactory (PipelineChoosePolicyFactory.java:createPipelineChoosePolicyFromClass(73)) - Create pipeline choose policy of type org.apache.hadoop.hdds.scm.pipeline.choose.algorithms.RandomPipelineChoosePolicy
2023-04-21 06:17:17,074 [Time-limited test] INFO  ha.SCMServiceManager (SCMServiceManager.java:register(42)) - Registering service SCMBlockDeletingService.
2023-04-21 06:17:17,075 [Time-limited test] INFO  replication.ReplicationManager (ReplicationManager.java:start(288)) - Starting Replication Monitor Thread.
2023-04-21 06:17:17,094 [Time-limited test] INFO  ha.SCMServiceManager (SCMServiceManager.java:register(42)) - Registering service ReplicationManager.
2023-04-21 06:17:17,094 [ReplicationMonitor] INFO  replication.ReplicationManager (ReplicationManager.java:processAll(363)) - Replication Manager is not ready to run until 3000ms after safemode exit
2023-04-21 06:17:17,095 [Time-limited test] INFO  safemode.ContainerSafeModeRule (ContainerSafeModeRule.java:<init>(89)) - containers with one replica threshold count 0
2023-04-21 06:17:17,095 [Time-limited test] INFO  safemode.HealthyPipelineSafeModeRule (HealthyPipelineSafeModeRule.java:initializeRule(169)) - Total pipeline count is 0, healthy pipeline threshold count is 1
2023-04-21 06:17:17,096 [Time-limited test] INFO  safemode.OneReplicaPipelineSafeModeRule (OneReplicaPipelineSafeModeRule.java:initializeRule(180)) - Total pipeline count is 0, pipeline's with at least one datanode reported threshold count is 0
2023-04-21 06:17:17,098 [Time-limited test] INFO  server.StorageContainerManager (StorageContainerManager.java:<init>(402)) - SCM start with adminUsers: [runner]
2023-04-21 06:17:17,098 [Time-limited test] INFO  ipc.CallQueueManager (CallQueueManager.java:<init>(90)) - Using callQueue: class java.util.concurrent.LinkedBlockingQueue, queueCapacity: 2000, scheduler: class org.apache.hadoop.ipc.DefaultRpcScheduler, ipcBackoff: false.
2023-04-21 06:17:17,103 [Socket Reader #1 for port 0] INFO  ipc.Server (Server.java:run(1319)) - Starting Socket Reader #1 for port 0
2023-04-21 06:17:17,111 [Listener at 0.0.0.0/39627] INFO  ipc.CallQueueManager (CallQueueManager.java:<init>(90)) - Using callQueue: class java.util.concurrent.LinkedBlockingQueue, queueCapacity: 2000, scheduler: class org.apache.hadoop.ipc.DefaultRpcScheduler, ipcBackoff: false.
2023-04-21 06:17:17,111 [Socket Reader #1 for port 0] INFO  ipc.Server (Server.java:run(1319)) - Starting Socket Reader #1 for port 0
2023-04-21 06:17:17,125 [Listener at 0.0.0.0/35807] INFO  ipc.CallQueueManager (CallQueueManager.java:<init>(90)) - Using callQueue: class java.util.concurrent.LinkedBlockingQueue, queueCapacity: 2000, scheduler: class org.apache.hadoop.ipc.DefaultRpcScheduler, ipcBackoff: false.
2023-04-21 06:17:17,127 [Socket Reader #1 for port 0] INFO  ipc.Server (Server.java:run(1319)) - Starting Socket Reader #1 for port 0
2023-04-21 06:17:17,148 [Listener at 0.0.0.0/41339] INFO  ha.SCMServiceManager (SCMServiceManager.java:register(42)) - Registering service ContainerBalancer.
2023-04-21 06:17:17,148 [Listener at 0.0.0.0/41339] INFO  server.StorageContainerManager (StorageContainerManager.java:<init>(419)) - 
Container Balancer status:
Key                            Value
Running                        false
Container Balancer Configuration values:
Key                                                Value
Threshold                                          10
Max Datanodes to Involve per Iteration(percent)    20
Max Size to Move per Iteration                     500GB
Max Size Entering Target per Iteration             26GB
Max Size Leaving Source per Iteration              26GB

2023-04-21 06:17:17,148 [Listener at 0.0.0.0/41339] INFO  ha.SCMContext (SCMContext.java:updateSafeModeStatus(228)) - Update SafeModeStatus from SafeModeStatus{safeModeStatus=true, preCheckPassed=false} to SafeModeStatus{safeModeStatus=true, preCheckPassed=false}.
2023-04-21 06:17:17,149 [Listener at 0.0.0.0/41339] INFO  server.StorageContainerManager (StorageContainerManager.java:start(1476)) - StorageContainerLocationProtocol RPC server is listening at /0.0.0.0:41339
2023-04-21 06:17:17,153 [Listener at 0.0.0.0/41339] WARN  impl.MetricsConfig (MetricsConfig.java:loadFirst(136)) - Cannot locate configuration: tried hadoop-metrics2-storagecontainermanager.properties,hadoop-metrics2.properties
2023-04-21 06:17:17,157 [Listener at 0.0.0.0/41339] INFO  impl.MetricsSystemImpl (MetricsSystemImpl.java:startTimer(378)) - Scheduled Metric snapshot period at 10 second(s).
2023-04-21 06:17:17,157 [Listener at 0.0.0.0/41339] INFO  impl.MetricsSystemImpl (MetricsSystemImpl.java:start(191)) - StorageContainerManager metrics system started
2023-04-21 06:17:17,200 [Listener at 0.0.0.0/41339] INFO  impl.MetricsSinkAdapter (MetricsSinkAdapter.java:start(204)) - Sink prometheus started
2023-04-21 06:17:17,201 [Listener at 0.0.0.0/41339] INFO  impl.MetricsSystemImpl (MetricsSystemImpl.java:registerSink(305)) - Registered sink prometheus
2023-04-21 06:17:17,220 [Listener at 0.0.0.0/41339] INFO  server.SCMClientProtocolServer (SCMClientProtocolServer.java:start(197)) - RPC server for Client  is listening at /0.0.0.0:41339
2023-04-21 06:17:17,220 [IPC Server Responder] INFO  ipc.Server (Server.java:run(1558)) - IPC Server Responder: starting
2023-04-21 06:17:17,221 [IPC Server listener on 0] INFO  ipc.Server (Server.java:run(1398)) - IPC Server listener on 0: starting
2023-04-21 06:17:17,229 [Listener at 0.0.0.0/41339] INFO  server.StorageContainerManager (StorageContainerManager.java:start(1490)) - ScmBlockLocationProtocol RPC server is listening at /0.0.0.0:35807
2023-04-21 06:17:17,230 [Listener at 0.0.0.0/41339] INFO  server.SCMBlockProtocolServer (SCMBlockProtocolServer.java:start(152)) - RPC server for Block Protocol is listening at /0.0.0.0:35807
2023-04-21 06:17:17,231 [IPC Server Responder] INFO  ipc.Server (Server.java:run(1558)) - IPC Server Responder: starting
2023-04-21 06:17:17,232 [IPC Server listener on 0] INFO  ipc.Server (Server.java:run(1398)) - IPC Server listener on 0: starting
2023-04-21 06:17:17,235 [Listener at 0.0.0.0/41339] INFO  server.SCMDatanodeProtocolServer (SCMDatanodeProtocolServer.java:start(193)) - ScmDatanodeProtocol RPC server for DataNodes is listening at /0.0.0.0:39627
2023-04-21 06:17:17,237 [IPC Server Responder] INFO  ipc.Server (Server.java:run(1558)) - IPC Server Responder: starting
2023-04-21 06:17:17,237 [IPC Server listener on 0] INFO  ipc.Server (Server.java:run(1398)) - IPC Server listener on 0: starting
2023-04-21 06:17:17,245 [org.apache.hadoop.util.JvmPauseMonitor$Monitor@5bad1980] INFO  util.JvmPauseMonitor (JvmPauseMonitor.java:run(188)) - Starting JVM pause monitor
2023-04-21 06:17:17,245 [Listener at 0.0.0.0/41339] INFO  http.BaseHttpServer (BaseHttpServer.java:newHttpServer2BuilderForOzone(224)) - Starting Web-server for scm at: http://0.0.0.0:0
2023-04-21 06:17:17,245 [Listener at 0.0.0.0/41339] INFO  http.BaseHttpServer (BaseHttpServer.java:<init>(111)) - Hadoop Security Enabled: false Ozone Security Enabled: false Ozone HTTP Security Enabled: false 
2023-04-21 06:17:17,247 [Listener at 0.0.0.0/41339] WARN  server.AuthenticationFilter (AuthenticationFilter.java:constructSecretProvider(240)) - Unable to initialize FileSignerSecretProvider, falling back to use random secrets. Reason: Could not read signature secret file: /home/runner/hadoop-http-auth-signature-secret
2023-04-21 06:17:17,248 [Listener at 0.0.0.0/41339] INFO  http.HttpRequestLog (HttpRequestLog.java:getRequestLog(86)) - Http request log for http.requests.scm is not defined
2023-04-21 06:17:17,251 [Listener at 0.0.0.0/41339] INFO  http.HttpServer2 (HttpServer2.java:addGlobalFilter(1031)) - Added global filter 'safety' (class=org.apache.hadoop.hdds.server.http.HttpServer2$QuotingInputFilter)
2023-04-21 06:17:17,252 [Listener at 0.0.0.0/41339] INFO  http.HttpServer2 (HttpServer2.java:addFilter(1007)) - Added filter static_user_filter (class=org.apache.hadoop.http.lib.StaticUserWebFilter$StaticUserFilter) to context scm
2023-04-21 06:17:17,252 [Listener at 0.0.0.0/41339] INFO  http.HttpServer2 (HttpServer2.java:addFilter(1015)) - Added filter static_user_filter (class=org.apache.hadoop.http.lib.StaticUserWebFilter$StaticUserFilter) to context static
2023-04-21 06:17:17,252 [Listener at 0.0.0.0/41339] INFO  http.HttpServer2 (HttpServer2.java:addFilter(1015)) - Added filter static_user_filter (class=org.apache.hadoop.http.lib.StaticUserWebFilter$StaticUserFilter) to context logs
2023-04-21 06:17:17,253 [Listener at 0.0.0.0/41339] INFO  http.BaseHttpServer (BaseHttpServer.java:<init>(190)) - HTTP server of scm uses base directory /home/runner/work/ozone/ozone/hadoop-ozone/integration-test/target/test-dir/MiniOzoneClusterImpl-e26617af-e5aa-412c-8148-e33214803cb3/ozone-meta/webserver
2023-04-21 06:17:17,253 [Listener at 0.0.0.0/41339] INFO  http.HttpServer2 (HttpServer2.java:bindListener(1250)) - Jetty bound to port 36109
2023-04-21 06:17:17,253 [Listener at 0.0.0.0/41339] INFO  server.Server (Server.java:doStart(375)) - jetty-9.4.49.v20220914; built: 2022-09-14T01:07:36.601Z; git: 4231a3b2e4cb8548a412a789936d640a97b1aa0a; jvm 1.8.0_362-b09
2023-04-21 06:17:17,255 [Listener at 0.0.0.0/41339] INFO  server.session (DefaultSessionIdManager.java:doStart(334)) - DefaultSessionIdManager workerName=node0
2023-04-21 06:17:17,255 [Listener at 0.0.0.0/41339] INFO  server.session (DefaultSessionIdManager.java:doStart(339)) - No SessionScavenger set, using defaults
2023-04-21 06:17:17,255 [Listener at 0.0.0.0/41339] INFO  server.session (HouseKeeper.java:startScavenging(132)) - node0 Scavenging every 600000ms
2023-04-21 06:17:17,256 [Listener at 0.0.0.0/41339] INFO  handler.ContextHandler (ContextHandler.java:doStart(921)) - Started o.e.j.s.ServletContextHandler@9e44a5b{logs,/logs,file:///home/runner/work/ozone/ozone/hadoop-ozone/integration-test/target/log,AVAILABLE}
2023-04-21 06:17:17,256 [Listener at 0.0.0.0/41339] INFO  handler.ContextHandler (ContextHandler.java:doStart(921)) - Started o.e.j.s.ServletContextHandler@2976d4ac{static,/static,file:///home/runner/work/ozone/ozone/hadoop-ozone/integration-test/target/test-classes/webapps/static,AVAILABLE}
2023-04-21 06:17:17,260 [Listener at 0.0.0.0/41339] INFO  handler.ContextHandler (ContextHandler.java:doStart(921)) - Started o.e.j.w.WebAppContext@23933422{scm,/,file:///home/runner/work/ozone/ozone/hadoop-ozone/integration-test/target/test-classes/webapps/scm/,AVAILABLE}{file:/home/runner/work/ozone/ozone/hadoop-ozone/integration-test/target/test-classes/webapps/scm}
2023-04-21 06:17:17,262 [Listener at 0.0.0.0/41339] INFO  server.AbstractConnector (AbstractConnector.java:doStart(333)) - Started ServerConnector@4bc6217f{HTTP/1.1, (http/1.1)}{0.0.0.0:36109}
2023-04-21 06:17:17,262 [Listener at 0.0.0.0/41339] INFO  server.Server (Server.java:doStart(415)) - Started @119952ms
2023-04-21 06:17:17,262 [Listener at 0.0.0.0/41339] WARN  impl.MetricsSystemImpl (MetricsSystemImpl.java:register(279)) - Sink prometheus already exists!
2023-04-21 06:17:17,263 [Listener at 0.0.0.0/41339] INFO  http.BaseHttpServer (BaseHttpServer.java:updateConnectorAddress(344)) - HTTP server of scm listening at http://0.0.0.0:36109
2023-04-21 06:17:17,263 [Listener at 0.0.0.0/41339] WARN  server.ServerUtils (ServerUtils.java:getDBPath(225)) - ozone.om.db.dirs is not configured. We recommend adding this setting. Falling back to ozone.metadata.dirs instead.
2023-04-21 06:17:17,266 [Listener at 0.0.0.0/41339] INFO  ha.OMHANodeDetails (OMHANodeDetails.java:loadOMHAConfig(115)) - ozone.om.internal.service.id is not defined, falling back to ozone.om.service.ids to find serviceID for OzoneManager if it is HA enabled cluster
2023-04-21 06:17:17,267 [Listener at 0.0.0.0/41339] INFO  ha.OMHANodeDetails (OMHANodeDetails.java:loadOMHAConfig(226)) - Configuration does not have ozone.om.address set. Falling back to the default OM address /127.0.0.1:0
2023-04-21 06:17:17,267 [Listener at 0.0.0.0/41339] INFO  ha.OMHANodeDetails (OMHANodeDetails.java:getOMNodeDetailsForNonHA(254)) - OM Service ID is not set. Setting it to the default ID: omServiceIdDefault
2023-04-21 06:17:17,267 [Listener at 0.0.0.0/41339] INFO  ha.OMHANodeDetails (OMHANodeDetails.java:getOMNodeDetailsForNonHA(261)) - OM Node ID is not set. Setting it to the default ID: om1
2023-04-21 06:17:17,267 [Listener at 0.0.0.0/41339] WARN  server.ServerUtils (ServerUtils.java:getDBPath(225)) - ozone.om.db.dirs is not configured. We recommend adding this setting. Falling back to ozone.metadata.dirs instead.
2023-04-21 06:17:17,270 [Listener at 0.0.0.0/41339] INFO  upgrade.AbstractLayoutVersionManager (AbstractLayoutVersionManager.java:init(83)) - Initializing Layout version manager with metadata layout = HSYNC (version = 4), software layout = HSYNC (version = 4)
2023-04-21 06:17:17,489 [Listener at 0.0.0.0/41339] INFO  reflections.Reflections (Reflections.java:scan(232)) - Reflections took 218 ms to scan 2 urls, producing 171 keys and 477 values [using 2 cores]
2023-04-21 06:17:17,490 [Listener at 0.0.0.0/41339] INFO  upgrade.OMLayoutVersionManager (OMLayoutVersionManager.java:lambda$0(115)) - Skipping Upgrade Action MockOmUpgradeAction since it has been finalized.
2023-04-21 06:17:17,490 [Listener at 0.0.0.0/41339] WARN  server.ServerUtils (ServerUtils.java:getDBPath(225)) - ozone.om.db.dirs is not configured. We recommend adding this setting. Falling back to ozone.metadata.dirs instead.
2023-04-21 06:17:17,491 [Listener at 0.0.0.0/41339] INFO  proxy.SCMBlockLocationFailoverProxyProvider (SCMBlockLocationFailoverProxyProvider.java:<init>(114)) - Created block location fail-over proxy with 1 nodes: [nodeId=scmNodeId,nodeAddress=/0.0.0.0:35807]
2023-04-21 06:17:17,500 [Listener at 0.0.0.0/41339] INFO  proxy.SCMBlockLocationFailoverProxyProvider (SCMBlockLocationFailoverProxyProvider.java:<init>(114)) - Created block location fail-over proxy with 1 nodes: [nodeId=scmNodeId,nodeAddress=/0.0.0.0:35807]
2023-04-21 06:17:17,519 [Listener at 0.0.0.0/41339] INFO  om.OzoneManager (OzoneManager.java:<init>(627)) - OM start with adminUsers: [runner]
2023-04-21 06:17:17,521 [Listener at 0.0.0.0/41339] WARN  server.ServerUtils (ServerUtils.java:getDBPath(225)) - ozone.om.db.dirs is not configured. We recommend adding this setting. Falling back to ozone.metadata.dirs instead.
2023-04-21 06:17:17,521 [Listener at 0.0.0.0/41339] INFO  codec.OmKeyInfoCodec (OmKeyInfoCodec.java:<init>(49)) - OmKeyInfoCodec ignorePipeline = true
2023-04-21 06:17:17,522 [Listener at 0.0.0.0/41339] INFO  codec.RepeatedOmKeyInfoCodec (RepeatedOmKeyInfoCodec.java:<init>(41)) - RepeatedOmKeyInfoCodec ignorePipeline = true
2023-04-21 06:17:17,727 [Listener at 0.0.0.0/41339] INFO  om.OzoneManager (OzoneManager.java:instantiateServices(757)) - S3 Multi-Tenancy is disabled
2023-04-21 06:17:17,728 [Listener at 0.0.0.0/41339] WARN  server.ServerUtils (ServerUtils.java:getDBPath(225)) - ozone.om.snapshot.diff.db.dir is not configured. We recommend adding this setting. Falling back to ozone.metadata.dirs instead.
2023-04-21 06:17:17,757 [Listener at 0.0.0.0/41339] INFO  om.OzoneManager (OzoneManager.java:addS3GVolumeToDB(4257)) - Created Volume s3v With Owner runner required for S3Gateway operations.
2023-04-21 06:17:17,758 [Listener at 0.0.0.0/41339] WARN  server.ServerUtils (ServerUtils.java:getDefaultRatisDirectory(237)) - Storage directory for Ratis is not configured. It is a good idea to map this to an SSD disk. Falling back to ozone.metadata.dirs
2023-04-21 06:17:17,758 [Listener at 0.0.0.0/41339] WARN  utils.OzoneManagerRatisUtils (OzoneManagerRatisUtils.java:getOMRatisSnapshotDirectory(459)) - ozone.om.ratis.snapshot.dir is not configured. Falling back to ozone.metadata.dirs config
2023-04-21 06:17:17,758 [Listener at 0.0.0.0/41339] WARN  server.ServerUtils (ServerUtils.java:getDefaultRatisDirectory(237)) - Storage directory for Ratis is not configured. It is a good idea to map this to an SSD disk. Falling back to ozone.metadata.dirs
2023-04-21 06:17:17,760 [Listener at 0.0.0.0/41339] INFO  ratis.OzoneManagerRatisServer (OzoneManagerRatisServer.java:<init>(163)) - Instantiating OM Ratis server with groupID: omServiceIdDefault and peers: localhost:9872
2023-04-21 06:17:17,760 [Listener at 0.0.0.0/41339] INFO  ratis.OzoneManagerStateMachine (OzoneManagerStateMachine.java:loadSnapshotInfoFromDB(644)) - LastAppliedIndex is set from TransactionInfo from OM DB as (t:0, i:~)
2023-04-21 06:17:17,764 [Listener at 0.0.0.0/41339] INFO  server.RaftServer (ConfUtils.java:logGet(46)) - raft.rpc.type = GRPC (default)
2023-04-21 06:17:17,764 [Listener at 0.0.0.0/41339] INFO  grpc.GrpcConfigKeys (ConfUtils.java:logFallback(53)) - raft.grpc.admin.host = null (fallback to raft.grpc.server.host)
2023-04-21 06:17:17,764 [Listener at 0.0.0.0/41339] INFO  grpc.GrpcConfigKeys (ConfUtils.java:logFallback(53)) - raft.grpc.admin.port = 9872 (fallback to raft.grpc.server.port)
2023-04-21 06:17:17,764 [Listener at 0.0.0.0/41339] INFO  grpc.GrpcConfigKeys (ConfUtils.java:logFallback(53)) - raft.grpc.client.host = null (fallback to raft.grpc.server.host)
2023-04-21 06:17:17,764 [Listener at 0.0.0.0/41339] INFO  grpc.GrpcConfigKeys (ConfUtils.java:logFallback(53)) - raft.grpc.client.port = 9872 (fallback to raft.grpc.server.port)
2023-04-21 06:17:17,765 [Listener at 0.0.0.0/41339] INFO  grpc.GrpcConfigKeys (ConfUtils.java:logGet(46)) - raft.grpc.server.host = null (default)
2023-04-21 06:17:17,765 [Listener at 0.0.0.0/41339] INFO  grpc.GrpcConfigKeys (ConfUtils.java:logGet(46)) - raft.grpc.server.port = 9872 (custom)
2023-04-21 06:17:17,765 [Listener at 0.0.0.0/41339] INFO  server.GrpcService (ConfUtils.java:logGet(46)) - raft.grpc.message.size.max = 33554432 (custom)
2023-04-21 06:17:17,765 [Listener at 0.0.0.0/41339] INFO  server.RaftServerConfigKeys (ConfUtils.java:logGet(46)) - raft.server.log.appender.buffer.byte-limit = 33554432 (custom)
2023-04-21 06:17:17,767 [Listener at 0.0.0.0/41339] INFO  server.GrpcService (ConfUtils.java:logGet(46)) - raft.grpc.flow.control.window = 1MB (=1048576) (default)
2023-04-21 06:17:17,768 [Listener at 0.0.0.0/41339] INFO  server.RaftServerConfigKeys (ConfUtils.java:logGet(46)) - raft.server.rpc.request.timeout = 3000ms (default)
2023-04-21 06:17:17,768 [Listener at 0.0.0.0/41339] INFO  grpc.GrpcConfigKeys (ConfUtils.java:logGet(46)) - raft.grpc.server.heartbeat.channel = true (default)
2023-04-21 06:17:17,768 [Listener at 0.0.0.0/41339] INFO  grpc.GrpcConfigKeys (ConfUtils.java:logGet(46)) - raft.grpc.server.async.request.thread.pool.cached = true (default)
2023-04-21 06:17:17,769 [Listener at 0.0.0.0/41339] INFO  grpc.GrpcConfigKeys (ConfUtils.java:logGet(46)) - raft.grpc.server.async.request.thread.pool.size = 32 (default)
2023-04-21 06:17:17,770 [Listener at 0.0.0.0/41339] INFO  impl.DataStreamServerImpl (ConfUtils.java:logGet(46)) - raft.datastream.type = DISABLED (default)
2023-04-21 06:17:17,771 [Listener at 0.0.0.0/41339] INFO  server.RaftServerConfigKeys (ConfUtils.java:logGet(46)) - raft.server.threadpool.proxy.cached = true (default)
2023-04-21 06:17:17,771 [Listener at 0.0.0.0/41339] INFO  server.RaftServerConfigKeys (ConfUtils.java:logGet(46)) - raft.server.threadpool.proxy.size = 0 (default)
2023-04-21 06:17:17,772 [Listener at 0.0.0.0/41339] INFO  server.RaftServerConfigKeys (ConfUtils.java:logGet(46)) - raft.server.rpc.slowness.timeout = 120s (custom)
2023-04-21 06:17:17,772 [Listener at 0.0.0.0/41339] INFO  server.RaftServerConfigKeys (ConfUtils.java:logGet(46)) - raft.server.leaderelection.leader.step-down.wait-time = 10s (default)
2023-04-21 06:17:17,772 [Listener at 0.0.0.0/41339] INFO  server.RaftServerConfigKeys (ConfUtils.java:logGet(46)) - raft.server.storage.dir = [/home/runner/work/ozone/ozone/hadoop-ozone/integration-test/target/test-dir/MiniOzoneClusterImpl-e26617af-e5aa-412c-8148-e33214803cb3/ozone-meta/ratis] (custom)
2023-04-21 06:17:17,782 [Listener at 0.0.0.0/41339] INFO  server.RaftServer (RaftServerProxy.java:addNew(96)) - om1: addNew group-C5BA1605619E:[om1|rpc:localhost:9872|priority:0|startupRole:FOLLOWER] returns group-C5BA1605619E:java.util.concurrent.CompletableFuture@30c5ae9d[Not completed]
2023-04-21 06:17:17,782 [Listener at 0.0.0.0/41339] INFO  om.OzoneManager (OzoneManager.java:initializeRatisServer(2095)) - OzoneManager Ratis server initialized at port 9872
2023-04-21 06:17:17,782 [Listener at 0.0.0.0/41339] INFO  om.OzoneManager (OzoneManager.java:getRpcServer(1142)) - Creating RPC Server
2023-04-21 06:17:17,784 [pool-614-thread-1] INFO  server.RaftServer$Division (RaftServerImpl.java:<init>(195)) - om1: new RaftServerImpl for group-C5BA1605619E:[om1|rpc:localhost:9872|priority:0|startupRole:FOLLOWER] with OzoneManagerStateMachine:uninitialized
2023-04-21 06:17:17,785 [pool-614-thread-1] INFO  server.RaftServerConfigKeys (ConfUtils.java:logGet(46)) - raft.server.rpc.timeout.min = 1s (custom)
2023-04-21 06:17:17,785 [pool-614-thread-1] INFO  server.RaftServerConfigKeys (ConfUtils.java:logGet(46)) - raft.server.rpc.timeout.max = 1200ms (custom)
2023-04-21 06:17:17,785 [pool-614-thread-1] INFO  server.RaftServerConfigKeys (ConfUtils.java:logGet(46)) - raft.server.rpc.sleep.time = 25ms (default)
2023-04-21 06:17:17,785 [pool-614-thread-1] INFO  server.RaftServerConfigKeys (ConfUtils.java:logGet(46)) - raft.server.rpc.slowness.timeout = 120s (custom)
2023-04-21 06:17:17,785 [pool-614-thread-1] INFO  server.RaftServerConfigKeys (ConfUtils.java:logGet(46)) - raft.server.leaderelection.leader.step-down.wait-time = 10s (default)
2023-04-21 06:17:17,785 [pool-614-thread-1] INFO  server.RaftServerConfigKeys (ConfUtils.java:logGet(46)) - raft.server.sleep.deviation.threshold = 300ms (default)
2023-04-21 06:17:17,788 [pool-614-thread-1] INFO  server.RaftServer$Division (ServerState.java:<init>(118)) - om1@group-C5BA1605619E: ConfigurationManager, init=-1: peers:[om1|rpc:localhost:9872|priority:0|startupRole:FOLLOWER]|listeners:[], old=null, confs=<EMPTY_MAP>
2023-04-21 06:17:17,788 [pool-614-thread-1] INFO  server.RaftServerConfigKeys (ConfUtils.java:logGet(46)) - raft.server.storage.dir = [/home/runner/work/ozone/ozone/hadoop-ozone/integration-test/target/test-dir/MiniOzoneClusterImpl-e26617af-e5aa-412c-8148-e33214803cb3/ozone-meta/ratis] (custom)
2023-04-21 06:17:17,789 [pool-614-thread-1] INFO  server.RaftServerConfigKeys (ConfUtils.java:logGet(46)) - raft.server.log.corruption.policy = EXCEPTION (default)
2023-04-21 06:17:17,789 [pool-614-thread-1] INFO  server.RaftServerConfigKeys (ConfUtils.java:logGet(46)) - raft.server.storage.free-space.min = 0MB (=0) (default)
2023-04-21 06:17:17,789 [pool-614-thread-1] INFO  server.RaftServerConfigKeys (ConfUtils.java:logGet(46)) - raft.server.notification.no-leader.timeout = 120s (custom)
2023-04-21 06:17:17,789 [pool-614-thread-1] INFO  server.RaftServerConfigKeys (ConfUtils.java:logGet(46)) - raft.server.retrycache.expirytime = 300s (custom)
2023-04-21 06:17:17,789 [pool-614-thread-1] INFO  server.RaftServerConfigKeys (ConfUtils.java:logGet(46)) - raft.server.retrycache.statistics.expirytime = 100μs (default)
2023-04-21 06:17:17,790 [pool-614-thread-1] INFO  server.RaftServerConfigKeys (ConfUtils.java:logGet(46)) - raft.server.log.appender.install.snapshot.enabled = false (custom)
2023-04-21 06:17:17,790 [pool-614-thread-1] INFO  server.RaftServerConfigKeys (ConfUtils.java:logGet(46)) - raft.server.threadpool.server.cached = true (default)
2023-04-21 06:17:17,790 [pool-614-thread-1] INFO  server.RaftServerConfigKeys (ConfUtils.java:logGet(46)) - raft.server.threadpool.server.size = 0 (default)
2023-04-21 06:17:17,790 [pool-614-thread-1] INFO  server.RaftServerConfigKeys (ConfUtils.java:logGet(46)) - raft.server.threadpool.client.cached = true (default)
2023-04-21 06:17:17,790 [pool-614-thread-1] INFO  server.RaftServerConfigKeys (ConfUtils.java:logGet(46)) - raft.server.threadpool.client.size = 0 (default)
2023-04-21 06:17:18,294 [Listener at 0.0.0.0/41339] INFO  reflections.Reflections (Reflections.java:scan(232)) - Reflections took 510 ms to scan 19 urls, producing 68 keys and 5070 values [using 2 cores]
2023-04-21 06:17:18,297 [Listener at 0.0.0.0/41339] INFO  ipc.CallQueueManager (CallQueueManager.java:<init>(90)) - Using callQueue: class java.util.concurrent.LinkedBlockingQueue, queueCapacity: 2000, scheduler: class org.apache.hadoop.ipc.DefaultRpcScheduler, ipcBackoff: false.
2023-04-21 06:17:18,298 [Socket Reader #1 for port 0] INFO  ipc.Server (Server.java:run(1319)) - Starting Socket Reader #1 for port 0
2023-04-21 06:17:18,337 [Listener at 127.0.0.1/43161] INFO  impl.MetricsSystemImpl (MetricsSystemImpl.java:init(158)) - OzoneManager metrics system started (again)
2023-04-21 06:17:18,351 [Listener at 127.0.0.1/43161] INFO  om.OzoneManager (OzoneManager.java:start(1563)) - OzoneManager RPC server is listening at localhost/127.0.0.1:43161
2023-04-21 06:17:18,352 [Listener at 127.0.0.1/43161] INFO  ratis.OzoneManagerRatisServer (OzoneManagerRatisServer.java:start(558)) - Starting OzoneManagerRatisServer om1 at port 9872
2023-04-21 06:17:18,352 [om1-impl-thread1] INFO  storage.RaftStorageDirectory (RaftStorageDirectoryImpl.java:analyzeStorage(137)) - The storage directory /home/runner/work/ozone/ozone/hadoop-ozone/integration-test/target/test-dir/MiniOzoneClusterImpl-e26617af-e5aa-412c-8148-e33214803cb3/ozone-meta/ratis/bf265839-605b-3f16-9796-c5ba1605619e does not exist. Creating ...
2023-04-21 06:17:18,355 [om1-impl-thread1] INFO  storage.RaftStorageDirectory (RaftStorageDirectoryImpl.java:tryLock(231)) - Lock on /home/runner/work/ozone/ozone/hadoop-ozone/integration-test/target/test-dir/MiniOzoneClusterImpl-e26617af-e5aa-412c-8148-e33214803cb3/ozone-meta/ratis/bf265839-605b-3f16-9796-c5ba1605619e/in_use.lock acquired by nodename 2764@fv-az205-422
2023-04-21 06:17:18,356 [om1-impl-thread1] INFO  storage.RaftStorage (RaftStorageImpl.java:format(96)) - Storage directory /home/runner/work/ozone/ozone/hadoop-ozone/integration-test/target/test-dir/MiniOzoneClusterImpl-e26617af-e5aa-412c-8148-e33214803cb3/ozone-meta/ratis/bf265839-605b-3f16-9796-c5ba1605619e has been successfully formatted.
2023-04-21 06:17:18,356 [om1-impl-thread1] INFO  server.RaftServerConfigKeys (ConfUtils.java:logGet(46)) - raft.server.log.use.memory = false (default)
2023-04-21 06:17:18,357 [om1-impl-thread1] INFO  server.RaftServerConfigKeys (ConfUtils.java:logGet(46)) - raft.server.log.purge.gap = 1000000 (custom)
2023-04-21 06:17:18,357 [om1-impl-thread1] INFO  server.RaftServerConfigKeys (ConfUtils.java:logGet(46)) - raft.server.log.appender.buffer.byte-limit = 33554432 (custom)
2023-04-21 06:17:18,357 [om1-impl-thread1] INFO  server.RaftServerConfigKeys (ConfUtils.java:logGet(46)) - raft.server.log.statemachine.data.read.timeout = 1000ms (default)
2023-04-21 06:17:18,357 [om1-impl-thread1] INFO  server.RaftServerConfigKeys (ConfUtils.java:logGet(46)) - raft.server.log.purge.preservation.log.num = 0 (default)
2023-04-21 06:17:18,357 [om1-impl-thread1] INFO  server.RaftServerConfigKeys (ConfUtils.java:logGet(46)) - raft.server.log.segment.size.max = 4194304 (custom)
2023-04-21 06:17:18,357 [om1-impl-thread1] INFO  server.RaftServerConfigKeys (ConfUtils.java:logGet(46)) - raft.server.log.segment.cache.num.max = 2 (custom)
2023-04-21 06:17:18,357 [om1-impl-thread1] INFO  server.RaftServerConfigKeys (ConfUtils.java:logGet(46)) - raft.server.log.segment.cache.size.max = 200MB (=209715200) (default)
2023-04-21 06:17:18,357 [om1-impl-thread1] INFO  segmented.SegmentedRaftLogWorker (SegmentedRaftLogWorker.java:<init>(189)) - new om1@group-C5BA1605619E-SegmentedRaftLogWorker for RaftStorageImpl:Storage Directory /home/runner/work/ozone/ozone/hadoop-ozone/integration-test/target/test-dir/MiniOzoneClusterImpl-e26617af-e5aa-412c-8148-e33214803cb3/ozone-meta/ratis/bf265839-605b-3f16-9796-c5ba1605619e
2023-04-21 06:17:18,357 [om1-impl-thread1] INFO  server.RaftServerConfigKeys (ConfUtils.java:logGet(46)) - raft.server.log.queue.byte-limit = 64MB (=67108864) (default)
2023-04-21 06:17:18,358 [om1-impl-thread1] INFO  server.RaftServerConfigKeys (ConfUtils.java:logGet(46)) - raft.server.log.queue.element-limit = 4096 (default)
2023-04-21 06:17:18,358 [om1-impl-thread1] INFO  server.RaftServerConfigKeys (ConfUtils.java:logGet(46)) - raft.server.log.segment.size.max = 4194304 (custom)
2023-04-21 06:17:18,358 [om1-impl-thread1] INFO  server.RaftServerConfigKeys (ConfUtils.java:logGet(46)) - raft.server.log.preallocated.size = 4194304 (custom)
2023-04-21 06:17:18,358 [om1-impl-thread1] INFO  server.RaftServerConfigKeys (ConfUtils.java:logGet(46)) - raft.server.log.force.sync.num = 128 (default)
2023-04-21 06:17:18,358 [om1-impl-thread1] INFO  server.RaftServerConfigKeys (ConfUtils.java:logGet(46)) - raft.server.log.statemachine.data.sync = true (default)
2023-04-21 06:17:18,358 [om1-impl-thread1] INFO  server.RaftServerConfigKeys (ConfUtils.java:logGet(46)) - raft.server.log.statemachine.data.sync.timeout = 10s (default)
2023-04-21 06:17:18,358 [om1-impl-thread1] INFO  server.RaftServerConfigKeys (ConfUtils.java:logGet(46)) - raft.server.log.statemachine.data.sync.timeout.retry = -1 (default)
2023-04-21 06:17:18,358 [om1-impl-thread1] INFO  server.RaftServerConfigKeys (ConfUtils.java:logGet(46)) - raft.server.log.write.buffer.size = 64KB (=65536) (default)
2023-04-21 06:17:18,358 [om1-impl-thread1] INFO  server.RaftServerConfigKeys (ConfUtils.java:logGet(46)) - raft.server.log.appender.buffer.byte-limit = 33554432 (custom)
2023-04-21 06:17:18,367 [om1-impl-thread1] INFO  server.RaftServerConfigKeys (ConfUtils.java:logGet(46)) - raft.server.log.unsafe-flush.enabled = false (default)
2023-04-21 06:17:18,367 [om1-impl-thread1] INFO  server.RaftServerConfigKeys (ConfUtils.java:logGet(46)) - raft.server.log.async-flush.enabled = false (default)
2023-04-21 06:17:18,367 [om1-impl-thread1] INFO  server.RaftServerConfigKeys (ConfUtils.java:logGet(46)) - raft.server.log.statemachine.data.caching.enabled = false (default)
2023-04-21 06:17:18,370 [om1-impl-thread1] INFO  segmented.SegmentedRaftLogWorker (SegmentedRaftLogWorker.java:lambda$new$0(135)) - om1@group-C5BA1605619E-SegmentedRaftLogWorker: flushIndex: setUnconditionally 0 -> -1
2023-04-21 06:17:18,370 [om1-impl-thread1] INFO  segmented.SegmentedRaftLogWorker (SegmentedRaftLogWorker.java:lambda$new$0(135)) - om1@group-C5BA1605619E-SegmentedRaftLogWorker: safeCacheEvictIndex: setUnconditionally 0 -> -1
2023-04-21 06:17:18,370 [om1-impl-thread1] INFO  server.RaftServer$Division (RaftServerImpl.java:start(334)) - om1@group-C5BA1605619E: start as a follower, conf=-1: peers:[om1|rpc:localhost:9872|priority:0|startupRole:FOLLOWER]|listeners:[], old=null
2023-04-21 06:17:18,370 [om1-impl-thread1] INFO  server.RaftServer$Division (RaftServerImpl.java:setRole(321)) - om1@group-C5BA1605619E: changes role from      null to FOLLOWER at term 0 for startAsFollower
2023-04-21 06:17:18,370 [om1-impl-thread1] INFO  impl.RoleInfo (RoleInfo.java:updateAndGet(139)) - om1: start om1@group-C5BA1605619E-FollowerState
2023-04-21 06:17:18,374 [om1-impl-thread1] INFO  util.JmxRegister (JmxRegister.java:tryRegister(44)) - Successfully registered JMX Bean with object name Ratis:service=RaftServer,group=group-C5BA1605619E,id=om1
2023-04-21 06:17:18,374 [om1-impl-thread1] INFO  server.RaftServerConfigKeys (ConfUtils.java:logGet(46)) - raft.server.snapshot.auto.trigger.enabled = true (custom)
2023-04-21 06:17:18,374 [om1-impl-thread1] INFO  server.RaftServerConfigKeys (ConfUtils.java:logGet(46)) - raft.server.snapshot.auto.trigger.threshold = 400000 (default)
2023-04-21 06:17:18,374 [om1-impl-thread1] INFO  server.RaftServerConfigKeys (ConfUtils.java:logGet(46)) - raft.server.snapshot.retention.file.num = -1 (default)
2023-04-21 06:17:18,374 [om1-impl-thread1] INFO  server.RaftServerConfigKeys (ConfUtils.java:logGet(46)) - raft.server.log.purge.upto.snapshot.index = true (custom)
2023-04-21 06:17:18,378 [Listener at 127.0.0.1/43161] INFO  server.RaftServer (RaftServerProxy.java:startImpl(393)) - om1: start RPC server
2023-04-21 06:17:18,380 [om1@group-C5BA1605619E-FollowerState] INFO  server.RaftServerConfigKeys (ConfUtils.java:logFallback(53)) - raft.server.rpc.first-election.timeout.min = 1s (fallback to raft.server.rpc.timeout.min)
2023-04-21 06:17:18,380 [om1@group-C5BA1605619E-FollowerState] INFO  server.RaftServerConfigKeys (ConfUtils.java:logFallback(53)) - raft.server.rpc.first-election.timeout.max = 1200ms (fallback to raft.server.rpc.timeout.max)
2023-04-21 06:17:18,385 [Listener at 127.0.0.1/43161] INFO  server.GrpcService (GrpcService.java:startImpl(262)) - om1: GrpcService started, listening on 9872
2023-04-21 06:17:18,386 [Listener at 127.0.0.1/43161] INFO  om.OzoneManager (OzoneManager.java:start(1579)) - Version File has different layout version (4) than OM DB (null). That is expected if this OM has never been finalized to a newer layout version.
2023-04-21 06:17:18,389 [JvmPauseMonitor12] INFO  util.JvmPauseMonitor (JvmPauseMonitor.java:run(105)) - JvmPauseMonitor-om1: Started
2023-04-21 06:17:18,398 [Listener at 127.0.0.1/43161] INFO  http.BaseHttpServer (BaseHttpServer.java:newHttpServer2BuilderForOzone(224)) - Starting Web-server for ozoneManager at: http://0.0.0.0:0
2023-04-21 06:17:18,398 [Listener at 127.0.0.1/43161] INFO  http.BaseHttpServer (BaseHttpServer.java:<init>(111)) - Hadoop Security Enabled: false Ozone Security Enabled: false Ozone HTTP Security Enabled: false 
2023-04-21 06:17:18,399 [Listener at 127.0.0.1/43161] WARN  server.AuthenticationFilter (AuthenticationFilter.java:constructSecretProvider(240)) - Unable to initialize FileSignerSecretProvider, falling back to use random secrets. Reason: Could not read signature secret file: /home/runner/hadoop-http-auth-signature-secret
2023-04-21 06:17:18,402 [Listener at 127.0.0.1/43161] INFO  http.HttpRequestLog (HttpRequestLog.java:getRequestLog(86)) - Http request log for http.requests.ozoneManager is not defined
2023-04-21 06:17:18,403 [Listener at 127.0.0.1/43161] INFO  http.HttpServer2 (HttpServer2.java:addGlobalFilter(1031)) - Added global filter 'safety' (class=org.apache.hadoop.hdds.server.http.HttpServer2$QuotingInputFilter)
2023-04-21 06:17:18,406 [Listener at 127.0.0.1/43161] INFO  http.HttpServer2 (HttpServer2.java:addFilter(1007)) - Added filter static_user_filter (class=org.apache.hadoop.http.lib.StaticUserWebFilter$StaticUserFilter) to context ozoneManager
2023-04-21 06:17:18,406 [Listener at 127.0.0.1/43161] INFO  http.HttpServer2 (HttpServer2.java:addFilter(1015)) - Added filter static_user_filter (class=org.apache.hadoop.http.lib.StaticUserWebFilter$StaticUserFilter) to context logs
2023-04-21 06:17:18,406 [Listener at 127.0.0.1/43161] INFO  http.HttpServer2 (HttpServer2.java:addFilter(1015)) - Added filter static_user_filter (class=org.apache.hadoop.http.lib.StaticUserWebFilter$StaticUserFilter) to context static
2023-04-21 06:17:18,407 [Listener at 127.0.0.1/43161] INFO  http.BaseHttpServer (BaseHttpServer.java:<init>(190)) - HTTP server of ozoneManager uses base directory /home/runner/work/ozone/ozone/hadoop-ozone/integration-test/target/test-dir/MiniOzoneClusterImpl-e26617af-e5aa-412c-8148-e33214803cb3/ozone-meta/webserver
2023-04-21 06:17:18,407 [Listener at 127.0.0.1/43161] INFO  http.HttpServer2 (HttpServer2.java:bindListener(1250)) - Jetty bound to port 32803
2023-04-21 06:17:18,407 [Listener at 127.0.0.1/43161] INFO  server.Server (Server.java:doStart(375)) - jetty-9.4.49.v20220914; built: 2022-09-14T01:07:36.601Z; git: 4231a3b2e4cb8548a412a789936d640a97b1aa0a; jvm 1.8.0_362-b09
2023-04-21 06:17:18,445 [Listener at 127.0.0.1/43161] INFO  server.session (DefaultSessionIdManager.java:doStart(334)) - DefaultSessionIdManager workerName=node0
2023-04-21 06:17:18,446 [Listener at 127.0.0.1/43161] INFO  server.session (DefaultSessionIdManager.java:doStart(339)) - No SessionScavenger set, using defaults
2023-04-21 06:17:18,446 [Listener at 127.0.0.1/43161] INFO  server.session (HouseKeeper.java:startScavenging(132)) - node0 Scavenging every 660000ms
2023-04-21 06:17:18,447 [Listener at 127.0.0.1/43161] INFO  handler.ContextHandler (ContextHandler.java:doStart(921)) - Started o.e.j.s.ServletContextHandler@293eeffd{logs,/logs,file:///home/runner/work/ozone/ozone/hadoop-ozone/integration-test/target/log,AVAILABLE}
2023-04-21 06:17:18,447 [Listener at 127.0.0.1/43161] INFO  handler.ContextHandler (ContextHandler.java:doStart(921)) - Started o.e.j.s.ServletContextHandler@104b67c6{static,/static,file:///home/runner/work/ozone/ozone/hadoop-ozone/integration-test/target/test-classes/webapps/static,AVAILABLE}
2023-04-21 06:17:18,456 [Listener at 127.0.0.1/43161] INFO  handler.ContextHandler (ContextHandler.java:doStart(921)) - Started o.e.j.w.WebAppContext@6912da0f{ozoneManager,/,file:///home/runner/work/ozone/ozone/hadoop-ozone/integration-test/target/test-classes/webapps/ozoneManager/,AVAILABLE}{file:/home/runner/work/ozone/ozone/hadoop-ozone/integration-test/target/test-classes/webapps/ozoneManager}
2023-04-21 06:17:18,458 [Listener at 127.0.0.1/43161] INFO  server.AbstractConnector (AbstractConnector.java:doStart(333)) - Started ServerConnector@1278068e{HTTP/1.1, (http/1.1)}{0.0.0.0:32803}
2023-04-21 06:17:18,458 [Listener at 127.0.0.1/43161] INFO  server.Server (Server.java:doStart(415)) - Started @121148ms
2023-04-21 06:17:18,458 [Listener at 127.0.0.1/43161] WARN  impl.MetricsSystemImpl (MetricsSystemImpl.java:register(279)) - Sink prometheus already exists!
2023-04-21 06:17:18,458 [Listener at 127.0.0.1/43161] INFO  http.BaseHttpServer (BaseHttpServer.java:updateConnectorAddress(344)) - HTTP server of ozoneManager listening at http://0.0.0.0:32803
2023-04-21 06:17:18,460 [IPC Server Responder] INFO  ipc.Server (Server.java:run(1558)) - IPC Server Responder: starting
2023-04-21 06:17:18,460 [IPC Server listener on 0] INFO  ipc.Server (Server.java:run(1398)) - IPC Server listener on 0: starting
2023-04-21 06:17:18,470 [Listener at 127.0.0.1/43161] INFO  om.OzoneManager (OzoneManager.java:startTrashEmptier(2039)) - Trash Interval set to 0. Files deleted won't move to trash
2023-04-21 06:17:18,475 [org.apache.hadoop.util.JvmPauseMonitor$Monitor@1423f86b] INFO  util.JvmPauseMonitor (JvmPauseMonitor.java:run(188)) - Starting JVM pause monitor
2023-04-21 06:17:18,484 [Listener at 127.0.0.1/43161] WARN  impl.MetricRegistriesImpl (MetricRegistriesImpl.java:addReporterRegistration(111)) - New reporters are added after registries were created. Some metrics will be missing from the reporter. Please add reporter before adding any new registry.
2023-04-21 06:17:18,484 [Listener at 127.0.0.1/43161] WARN  impl.MetricRegistriesImpl (MetricRegistriesImpl.java:addReporterRegistration(111)) - New reporters are added after registries were created. Some metrics will be missing from the reporter. Please add reporter before adding any new registry.
2023-04-21 06:17:18,484 [Listener at 127.0.0.1/43161] INFO  impl.MetricsSystemImpl (MetricsSystemImpl.java:init(158)) - HddsDatanode metrics system started (again)
2023-04-21 06:17:18,496 [Listener at 127.0.0.1/43161] INFO  ozone.HddsDatanodeService (HddsDatanodeService.java:start(252)) - HddsDatanodeService host:fv-az205-422 ip:10.1.0.35
2023-04-21 06:17:18,528 [Listener at 127.0.0.1/43161] INFO  upgrade.AbstractLayoutVersionManager (AbstractLayoutVersionManager.java:init(83)) - Initializing Layout version manager with metadata layout = WEBUI_PORTS_IN_DATANODEDETAILS (version = 6), software layout = WEBUI_PORTS_IN_DATANODEDETAILS (version = 6)
2023-04-21 06:17:18,579 [Listener at 127.0.0.1/43161] INFO  reflections.Reflections (Reflections.java:scan(232)) - Reflections took 48 ms to scan 7 urls, producing 156 keys and 369 values 
2023-04-21 06:17:18,587 [Listener at 127.0.0.1/43161] INFO  statemachine.DatanodeStateMachine (DatanodeStateMachine.java:getEndPointTaskThreadPoolSize(260)) - Datanode State Machine Task Thread Pool size 2
2023-04-21 06:17:18,600 [Listener at 127.0.0.1/43161] INFO  volume.HddsVolume (HddsVolume.java:<init>(130)) - Creating HddsVolume: /home/runner/work/ozone/ozone/hadoop-ozone/integration-test/target/test-dir/MiniOzoneClusterImpl-e26617af-e5aa-412c-8148-e33214803cb3/datanode-0/data-0/containers/hdds of storage type : DISK capacity : 9223372036854775807
2023-04-21 06:17:18,600 [Listener at 127.0.0.1/43161] INFO  volume.MutableVolumeSet (MutableVolumeSet.java:initializeVolumeSet(175)) - Added Volume : /home/runner/work/ozone/ozone/hadoop-ozone/integration-test/target/test-dir/MiniOzoneClusterImpl-e26617af-e5aa-412c-8148-e33214803cb3/datanode-0/data-0/containers/hdds to VolumeSet
2023-04-21 06:17:18,601 [Listener at 127.0.0.1/43161] INFO  volume.ThrottledAsyncChecker (ThrottledAsyncChecker.java:schedule(141)) - Scheduling a check for /home/runner/work/ozone/ozone/hadoop-ozone/integration-test/target/test-dir/MiniOzoneClusterImpl-e26617af-e5aa-412c-8148-e33214803cb3/datanode-0/data-0/containers/hdds
2023-04-21 06:17:18,603 [Listener at 127.0.0.1/43161] INFO  volume.StorageVolumeChecker (StorageVolumeChecker.java:checkAllVolumes(202)) - Scheduled health check for volume /home/runner/work/ozone/ozone/hadoop-ozone/integration-test/target/test-dir/MiniOzoneClusterImpl-e26617af-e5aa-412c-8148-e33214803cb3/datanode-0/data-0/containers/hdds
2023-04-21 06:17:18,618 [Listener at 127.0.0.1/43161] INFO  volume.MutableVolumeSet (MutableVolumeSet.java:initializeVolumeSet(175)) - Added Volume : /home/runner/work/ozone/ozone/hadoop-ozone/integration-test/target/test-dir/MiniOzoneClusterImpl-e26617af-e5aa-412c-8148-e33214803cb3/datanode-0/data/ratis to VolumeSet
2023-04-21 06:17:18,619 [Listener at 127.0.0.1/43161] INFO  volume.ThrottledAsyncChecker (ThrottledAsyncChecker.java:schedule(141)) - Scheduling a check for /home/runner/work/ozone/ozone/hadoop-ozone/integration-test/target/test-dir/MiniOzoneClusterImpl-e26617af-e5aa-412c-8148-e33214803cb3/datanode-0/data/ratis
2023-04-21 06:17:18,619 [Listener at 127.0.0.1/43161] INFO  volume.StorageVolumeChecker (StorageVolumeChecker.java:checkAllVolumes(202)) - Scheduled health check for volume /home/runner/work/ozone/ozone/hadoop-ozone/integration-test/target/test-dir/MiniOzoneClusterImpl-e26617af-e5aa-412c-8148-e33214803cb3/datanode-0/data/ratis
2023-04-21 06:17:18,634 [Thread-1459] INFO  ozoneimpl.ContainerReader (ContainerReader.java:readVolume(175)) - Finish verifying containers on volume /home/runner/work/ozone/ozone/hadoop-ozone/integration-test/target/test-dir/MiniOzoneClusterImpl-e26617af-e5aa-412c-8148-e33214803cb3/datanode-0/data-0/containers/hdds
2023-04-21 06:17:18,634 [Listener at 127.0.0.1/43161] INFO  ozoneimpl.OzoneContainer (OzoneContainer.java:buildContainerSet(303)) - Build ContainerSet costs 0s
2023-04-21 06:17:18,637 [Listener at 127.0.0.1/43161] INFO  server.RaftServer (ConfUtils.java:logGet(46)) - raft.rpc.type = GRPC (default)
2023-04-21 06:17:18,637 [Listener at 127.0.0.1/43161] INFO  grpc.GrpcConfigKeys (ConfUtils.java:logFallback(53)) - raft.grpc.admin.host = null (fallback to raft.grpc.server.host)
2023-04-21 06:17:18,642 [Listener at 127.0.0.1/43161] INFO  grpc.GrpcConfigKeys (ConfUtils.java:logGet(46)) - raft.grpc.admin.port = 0 (custom)
2023-04-21 06:17:18,642 [Listener at 127.0.0.1/43161] INFO  grpc.GrpcConfigKeys (ConfUtils.java:logFallback(53)) - raft.grpc.client.host = null (fallback to raft.grpc.server.host)
2023-04-21 06:17:18,642 [Listener at 127.0.0.1/43161] INFO  grpc.GrpcConfigKeys (ConfUtils.java:logGet(46)) - raft.grpc.client.port = 0 (custom)
2023-04-21 06:17:18,642 [Listener at 127.0.0.1/43161] INFO  grpc.GrpcConfigKeys (ConfUtils.java:logGet(46)) - raft.grpc.server.host = null (default)
2023-04-21 06:17:18,642 [Listener at 127.0.0.1/43161] INFO  grpc.GrpcConfigKeys (ConfUtils.java:logGet(46)) - raft.grpc.server.port = 0 (default)
2023-04-21 06:17:18,642 [Listener at 127.0.0.1/43161] INFO  server.GrpcService (ConfUtils.java:logGet(46)) - raft.grpc.message.size.max = 32MB (=33554432) (custom)
2023-04-21 06:17:18,642 [Listener at 127.0.0.1/43161] INFO  server.RaftServerConfigKeys (ConfUtils.java:logGet(46)) - raft.server.log.appender.buffer.byte-limit = 33554432 (custom)
2023-04-21 06:17:18,642 [Listener at 127.0.0.1/43161] INFO  server.GrpcService (ConfUtils.java:logGet(46)) - raft.grpc.flow.control.window = 5MB (=5242880) (custom)
2023-04-21 06:17:18,642 [Listener at 127.0.0.1/43161] INFO  server.RaftServerConfigKeys (ConfUtils.java:logGet(46)) - raft.server.rpc.request.timeout = 60s (custom)
2023-04-21 06:17:18,642 [Listener at 127.0.0.1/43161] INFO  grpc.GrpcConfigKeys (ConfUtils.java:logGet(46)) - raft.grpc.server.heartbeat.channel = true (default)
2023-04-21 06:17:18,642 [Listener at 127.0.0.1/43161] INFO  grpc.GrpcConfigKeys (ConfUtils.java:logGet(46)) - raft.grpc.server.async.request.thread.pool.cached = true (default)
2023-04-21 06:17:18,643 [Listener at 127.0.0.1/43161] INFO  grpc.GrpcConfigKeys (ConfUtils.java:logGet(46)) - raft.grpc.server.async.request.thread.pool.size = 32 (default)
2023-04-21 06:17:18,645 [Listener at 127.0.0.1/43161] INFO  impl.DataStreamServerImpl (ConfUtils.java:logGet(46)) - raft.datastream.type = NETTY (custom)
2023-04-21 06:17:18,645 [Listener at 127.0.0.1/43161] INFO  server.RaftServerConfigKeys (ConfUtils.java:logGet(46)) - raft.server.data-stream.async.request.thread.pool.cached = false (default)
2023-04-21 06:17:18,645 [Listener at 127.0.0.1/43161] INFO  server.RaftServerConfigKeys (ConfUtils.java:logGet(46)) - raft.server.data-stream.async.request.thread.pool.size = 20 (custom)
2023-04-21 06:17:18,645 [Listener at 127.0.0.1/43161] INFO  server.RaftServerConfigKeys (ConfUtils.java:logGet(46)) - raft.server.data-stream.async.write.thread.pool.size = 16 (default)
2023-04-21 06:17:18,646 [Listener at 127.0.0.1/43161] INFO  server.RaftServerConfigKeys (ConfUtils.java:logGet(46)) - raft.server.data-stream.client.pool.size = 10 (default)
2023-04-21 06:17:18,646 [Listener at 127.0.0.1/43161] INFO  netty.NettyConfigKeys$DataStream (ConfUtils.java:logGet(46)) - raft.netty.dataStream.server.use-epoll = false (default)
2023-04-21 06:17:18,646 [Listener at 127.0.0.1/43161] INFO  netty.NettyConfigKeys$DataStream (ConfUtils.java:logGet(46)) - raft.netty.dataStream.server.boss-group.size = 0 (default)
2023-04-21 06:17:18,647 [Listener at 127.0.0.1/43161] INFO  netty.NettyConfigKeys$DataStream (ConfUtils.java:logGet(46)) - raft.netty.dataStream.server.worker-group.size = 0 (default)
2023-04-21 06:17:18,647 [Listener at 127.0.0.1/43161] INFO  netty.NettyConfigKeys$DataStream (ConfUtils.java:logGet(46)) - raft.netty.dataStream.server.tls.conf = null (default)
2023-04-21 06:17:18,648 [Listener at 127.0.0.1/43161] INFO  netty.NettyConfigKeys$DataStream (ConfUtils.java:logGet(46)) - raft.netty.dataStream.host = null (default)
2023-04-21 06:17:18,648 [Listener at 127.0.0.1/43161] INFO  netty.NettyConfigKeys$DataStream (ConfUtils.java:logGet(46)) - raft.netty.dataStream.port = 0 (default)
2023-04-21 06:17:18,650 [Listener at 127.0.0.1/43161] INFO  server.RaftServerConfigKeys (ConfUtils.java:logGet(46)) - raft.server.threadpool.proxy.cached = true (default)
2023-04-21 06:17:18,650 [Listener at 127.0.0.1/43161] INFO  server.RaftServerConfigKeys (ConfUtils.java:logGet(46)) - raft.server.threadpool.proxy.size = 0 (default)
2023-04-21 06:17:18,650 [Listener at 127.0.0.1/43161] INFO  server.RaftServerConfigKeys (ConfUtils.java:logGet(46)) - raft.server.rpc.slowness.timeout = 300s (custom)
2023-04-21 06:17:18,651 [Listener at 127.0.0.1/43161] INFO  server.RaftServerConfigKeys (ConfUtils.java:logGet(46)) - raft.server.leaderelection.leader.step-down.wait-time = 10s (default)
2023-04-21 06:17:18,651 [Listener at 127.0.0.1/43161] INFO  server.RaftServerConfigKeys (ConfUtils.java:logGet(46)) - raft.server.storage.dir = [/home/runner/work/ozone/ozone/hadoop-ozone/integration-test/target/test-dir/MiniOzoneClusterImpl-e26617af-e5aa-412c-8148-e33214803cb3/datanode-0/data/ratis] (custom)
2023-04-21 06:17:18,652 [b10b19f2-b437-4018-b293-79a1594e0d1d-NettyServerStreamRpc-bossGroup--thread1] INFO  logging.LoggingHandler (AbstractInternalLogger.java:log(148)) - [id: 0xbaefac96] REGISTERED
2023-04-21 06:17:18,652 [b10b19f2-b437-4018-b293-79a1594e0d1d-NettyServerStreamRpc-bossGroup--thread1] INFO  logging.LoggingHandler (AbstractInternalLogger.java:log(148)) - [id: 0xbaefac96] BIND: 0.0.0.0/0.0.0.0:0
2023-04-21 06:17:18,653 [b10b19f2-b437-4018-b293-79a1594e0d1d-NettyServerStreamRpc-bossGroup--thread1] INFO  logging.LoggingHandler (AbstractInternalLogger.java:log(148)) - [id: 0xbaefac96, L:/0:0:0:0:0:0:0:0:45683] ACTIVE
2023-04-21 06:17:18,655 [Listener at 127.0.0.1/43161] INFO  server.XceiverServerGrpc (XceiverServerGrpc.java:<init>(132)) - GrpcServer channel type EpollServerSocketChannel
2023-04-21 06:17:18,666 [Listener at 127.0.0.1/43161] INFO  http.BaseHttpServer (BaseHttpServer.java:newHttpServer2BuilderForOzone(224)) - Starting Web-server for hddsDatanode at: http://0.0.0.0:0
2023-04-21 06:17:18,666 [Listener at 127.0.0.1/43161] INFO  http.BaseHttpServer (BaseHttpServer.java:<init>(111)) - Hadoop Security Enabled: false Ozone Security Enabled: false Ozone HTTP Security Enabled: false 
2023-04-21 06:17:18,675 [Listener at 127.0.0.1/43161] WARN  server.AuthenticationFilter (AuthenticationFilter.java:constructSecretProvider(240)) - Unable to initialize FileSignerSecretProvider, falling back to use random secrets. Reason: Could not read signature secret file: /home/runner/hadoop-http-auth-signature-secret
2023-04-21 06:17:18,676 [Listener at 127.0.0.1/43161] INFO  http.HttpRequestLog (HttpRequestLog.java:getRequestLog(86)) - Http request log for http.requests.hddsDatanode is not defined
2023-04-21 06:17:18,678 [Listener at 127.0.0.1/43161] INFO  http.HttpServer2 (HttpServer2.java:addGlobalFilter(1031)) - Added global filter 'safety' (class=org.apache.hadoop.hdds.server.http.HttpServer2$QuotingInputFilter)
2023-04-21 06:17:18,679 [Listener at 127.0.0.1/43161] INFO  http.HttpServer2 (HttpServer2.java:addFilter(1007)) - Added filter static_user_filter (class=org.apache.hadoop.http.lib.StaticUserWebFilter$StaticUserFilter) to context hddsDatanode
2023-04-21 06:17:18,679 [Listener at 127.0.0.1/43161] INFO  http.HttpServer2 (HttpServer2.java:addFilter(1015)) - Added filter static_user_filter (class=org.apache.hadoop.http.lib.StaticUserWebFilter$StaticUserFilter) to context static
2023-04-21 06:17:18,679 [Listener at 127.0.0.1/43161] INFO  http.HttpServer2 (HttpServer2.java:addFilter(1015)) - Added filter static_user_filter (class=org.apache.hadoop.http.lib.StaticUserWebFilter$StaticUserFilter) to context logs
2023-04-21 06:17:18,680 [Listener at 127.0.0.1/43161] INFO  http.BaseHttpServer (BaseHttpServer.java:<init>(190)) - HTTP server of hddsDatanode uses base directory /home/runner/work/ozone/ozone/hadoop-ozone/integration-test/target/test-dir/MiniOzoneClusterImpl-e26617af-e5aa-412c-8148-e33214803cb3/datanode-0/meta/webserver
2023-04-21 06:17:18,680 [Listener at 127.0.0.1/43161] INFO  http.HttpServer2 (HttpServer2.java:bindListener(1250)) - Jetty bound to port 43993
2023-04-21 06:17:18,680 [Listener at 127.0.0.1/43161] INFO  server.Server (Server.java:doStart(375)) - jetty-9.4.49.v20220914; built: 2022-09-14T01:07:36.601Z; git: 4231a3b2e4cb8548a412a789936d640a97b1aa0a; jvm 1.8.0_362-b09
2023-04-21 06:17:18,684 [Listener at 127.0.0.1/43161] INFO  server.session (DefaultSessionIdManager.java:doStart(334)) - DefaultSessionIdManager workerName=node0
2023-04-21 06:17:18,684 [Listener at 127.0.0.1/43161] INFO  server.session (DefaultSessionIdManager.java:doStart(339)) - No SessionScavenger set, using defaults
2023-04-21 06:17:18,689 [Listener at 127.0.0.1/43161] INFO  server.session (HouseKeeper.java:startScavenging(132)) - node0 Scavenging every 660000ms
2023-04-21 06:17:18,690 [Listener at 127.0.0.1/43161] INFO  handler.ContextHandler (ContextHandler.java:doStart(921)) - Started o.e.j.s.ServletContextHandler@2d5ac967{logs,/logs,file:///home/runner/work/ozone/ozone/hadoop-ozone/integration-test/target/log,AVAILABLE}
2023-04-21 06:17:18,691 [Listener at 127.0.0.1/43161] INFO  handler.ContextHandler (ContextHandler.java:doStart(921)) - Started o.e.j.s.ServletContextHandler@3b175e4e{static,/static,jar:file:/home/runner/.m2/repository/org/apache/ozone/hdds-container-service/1.4.0-SNAPSHOT/hdds-container-service-1.4.0-SNAPSHOT.jar!/webapps/static,AVAILABLE}
2023-04-21 06:17:18,926 [Listener at 127.0.0.1/43161] INFO  handler.ContextHandler (ContextHandler.java:doStart(921)) - Started o.e.j.w.WebAppContext@473d2406{hddsDatanode,/,file:///home/runner/work/ozone/ozone/hadoop-ozone/integration-test/target/test-dir/MiniOzoneClusterImpl-e26617af-e5aa-412c-8148-e33214803cb3/datanode-0/meta/webserver/jetty-0_0_0_0-43993-hdds-container-service-1_4_0-SNAPSHOT_jar-_-any-797053494659011029/webapp/,AVAILABLE}{jar:file:/home/runner/.m2/repository/org/apache/ozone/hdds-container-service/1.4.0-SNAPSHOT/hdds-container-service-1.4.0-SNAPSHOT.jar!/webapps/hddsDatanode}
2023-04-21 06:17:18,934 [Listener at 127.0.0.1/43161] INFO  server.AbstractConnector (AbstractConnector.java:doStart(333)) - Started ServerConnector@4d2e0aba{HTTP/1.1, (http/1.1)}{0.0.0.0:43993}
2023-04-21 06:17:18,934 [Listener at 127.0.0.1/43161] INFO  server.Server (Server.java:doStart(415)) - Started @121624ms
2023-04-21 06:17:18,934 [Listener at 127.0.0.1/43161] WARN  impl.MetricsSystemImpl (MetricsSystemImpl.java:register(279)) - Sink prometheus already exists!
2023-04-21 06:17:18,937 [Listener at 127.0.0.1/43161] INFO  http.BaseHttpServer (BaseHttpServer.java:updateConnectorAddress(344)) - HTTP server of hddsDatanode listening at http://0.0.0.0:43993
2023-04-21 06:17:18,938 [Datanode State Machine Daemon Thread] INFO  statemachine.DatanodeStateMachine (DatanodeStateMachine.java:lambda$startDaemon$0(517)) - Ozone container server started.
2023-04-21 06:17:18,940 [Listener at 127.0.0.1/43161] WARN  impl.MetricRegistriesImpl (MetricRegistriesImpl.java:addReporterRegistration(111)) - New reporters are added after registries were created. Some metrics will be missing from the reporter. Please add reporter before adding any new registry.
2023-04-21 06:17:18,940 [Listener at 127.0.0.1/43161] WARN  impl.MetricRegistriesImpl (MetricRegistriesImpl.java:addReporterRegistration(111)) - New reporters are added after registries were created. Some metrics will be missing from the reporter. Please add reporter before adding any new registry.
2023-04-21 06:17:18,940 [Listener at 127.0.0.1/43161] INFO  impl.MetricsSystemImpl (MetricsSystemImpl.java:init(158)) - HddsDatanode metrics system started (again)
2023-04-21 06:17:18,953 [org.apache.hadoop.util.JvmPauseMonitor$Monitor@58b3f8f2] INFO  util.JvmPauseMonitor (JvmPauseMonitor.java:run(188)) - Starting JVM pause monitor
2023-04-21 06:17:18,961 [Datanode State Machine Task Thread - 0] INFO  datanode.InitDatanodeState (InitDatanodeState.java:persistContainerDatanodeDetails(138)) - DatanodeDetails is persisted to /home/runner/work/ozone/ozone/hadoop-ozone/integration-test/target/test-dir/MiniOzoneClusterImpl-e26617af-e5aa-412c-8148-e33214803cb3/datanode-0/meta/datanode.id
2023-04-21 06:17:18,967 [Listener at 127.0.0.1/43161] INFO  ozone.HddsDatanodeService (HddsDatanodeService.java:start(252)) - HddsDatanodeService host:fv-az205-422 ip:10.1.0.35
2023-04-21 06:17:18,997 [Listener at 127.0.0.1/43161] INFO  upgrade.AbstractLayoutVersionManager (AbstractLayoutVersionManager.java:init(83)) - Initializing Layout version manager with metadata layout = WEBUI_PORTS_IN_DATANODEDETAILS (version = 6), software layout = WEBUI_PORTS_IN_DATANODEDETAILS (version = 6)
2023-04-21 06:17:19,048 [Listener at 127.0.0.1/43161] INFO  reflections.Reflections (Reflections.java:scan(232)) - Reflections took 49 ms to scan 7 urls, producing 156 keys and 369 values 
2023-04-21 06:17:19,050 [Listener at 127.0.0.1/43161] INFO  statemachine.DatanodeStateMachine (DatanodeStateMachine.java:getEndPointTaskThreadPoolSize(260)) - Datanode State Machine Task Thread Pool size 2
2023-04-21 06:17:19,055 [Listener at 127.0.0.1/43161] INFO  volume.HddsVolume (HddsVolume.java:<init>(130)) - Creating HddsVolume: /home/runner/work/ozone/ozone/hadoop-ozone/integration-test/target/test-dir/MiniOzoneClusterImpl-e26617af-e5aa-412c-8148-e33214803cb3/datanode-1/data-0/containers/hdds of storage type : DISK capacity : 9223372036854775807
2023-04-21 06:17:19,055 [Listener at 127.0.0.1/43161] INFO  volume.MutableVolumeSet (MutableVolumeSet.java:initializeVolumeSet(175)) - Added Volume : /home/runner/work/ozone/ozone/hadoop-ozone/integration-test/target/test-dir/MiniOzoneClusterImpl-e26617af-e5aa-412c-8148-e33214803cb3/datanode-1/data-0/containers/hdds to VolumeSet
2023-04-21 06:17:19,055 [Listener at 127.0.0.1/43161] INFO  volume.ThrottledAsyncChecker (ThrottledAsyncChecker.java:schedule(141)) - Scheduling a check for /home/runner/work/ozone/ozone/hadoop-ozone/integration-test/target/test-dir/MiniOzoneClusterImpl-e26617af-e5aa-412c-8148-e33214803cb3/datanode-1/data-0/containers/hdds
2023-04-21 06:17:19,061 [Listener at 127.0.0.1/43161] INFO  volume.StorageVolumeChecker (StorageVolumeChecker.java:checkAllVolumes(202)) - Scheduled health check for volume /home/runner/work/ozone/ozone/hadoop-ozone/integration-test/target/test-dir/MiniOzoneClusterImpl-e26617af-e5aa-412c-8148-e33214803cb3/datanode-1/data-0/containers/hdds
2023-04-21 06:17:19,074 [Listener at 127.0.0.1/43161] INFO  volume.MutableVolumeSet (MutableVolumeSet.java:initializeVolumeSet(175)) - Added Volume : /home/runner/work/ozone/ozone/hadoop-ozone/integration-test/target/test-dir/MiniOzoneClusterImpl-e26617af-e5aa-412c-8148-e33214803cb3/datanode-1/data/ratis to VolumeSet
2023-04-21 06:17:19,075 [Listener at 127.0.0.1/43161] INFO  volume.ThrottledAsyncChecker (ThrottledAsyncChecker.java:schedule(141)) - Scheduling a check for /home/runner/work/ozone/ozone/hadoop-ozone/integration-test/target/test-dir/MiniOzoneClusterImpl-e26617af-e5aa-412c-8148-e33214803cb3/datanode-1/data/ratis
2023-04-21 06:17:19,075 [Listener at 127.0.0.1/43161] INFO  volume.StorageVolumeChecker (StorageVolumeChecker.java:checkAllVolumes(202)) - Scheduled health check for volume /home/runner/work/ozone/ozone/hadoop-ozone/integration-test/target/test-dir/MiniOzoneClusterImpl-e26617af-e5aa-412c-8148-e33214803cb3/datanode-1/data/ratis
2023-04-21 06:17:19,095 [Thread-1473] INFO  ozoneimpl.ContainerReader (ContainerReader.java:readVolume(175)) - Finish verifying containers on volume /home/runner/work/ozone/ozone/hadoop-ozone/integration-test/target/test-dir/MiniOzoneClusterImpl-e26617af-e5aa-412c-8148-e33214803cb3/datanode-1/data-0/containers/hdds
2023-04-21 06:17:19,095 [Listener at 127.0.0.1/43161] INFO  ozoneimpl.OzoneContainer (OzoneContainer.java:buildContainerSet(303)) - Build ContainerSet costs 0s
2023-04-21 06:17:19,100 [Listener at 127.0.0.1/43161] INFO  server.RaftServer (ConfUtils.java:logGet(46)) - raft.rpc.type = GRPC (default)
2023-04-21 06:17:19,100 [Listener at 127.0.0.1/43161] INFO  grpc.GrpcConfigKeys (ConfUtils.java:logFallback(53)) - raft.grpc.admin.host = null (fallback to raft.grpc.server.host)
2023-04-21 06:17:19,100 [Listener at 127.0.0.1/43161] INFO  grpc.GrpcConfigKeys (ConfUtils.java:logGet(46)) - raft.grpc.admin.port = 0 (custom)
2023-04-21 06:17:19,100 [Listener at 127.0.0.1/43161] INFO  grpc.GrpcConfigKeys (ConfUtils.java:logFallback(53)) - raft.grpc.client.host = null (fallback to raft.grpc.server.host)
2023-04-21 06:17:19,102 [Listener at 127.0.0.1/43161] INFO  grpc.GrpcConfigKeys (ConfUtils.java:logGet(46)) - raft.grpc.client.port = 0 (custom)
2023-04-21 06:17:19,102 [Listener at 127.0.0.1/43161] INFO  grpc.GrpcConfigKeys (ConfUtils.java:logGet(46)) - raft.grpc.server.host = null (default)
2023-04-21 06:17:19,102 [Listener at 127.0.0.1/43161] INFO  grpc.GrpcConfigKeys (ConfUtils.java:logGet(46)) - raft.grpc.server.port = 0 (default)
2023-04-21 06:17:19,102 [Listener at 127.0.0.1/43161] INFO  server.GrpcService (ConfUtils.java:logGet(46)) - raft.grpc.message.size.max = 32MB (=33554432) (custom)
2023-04-21 06:17:19,102 [Listener at 127.0.0.1/43161] INFO  server.RaftServerConfigKeys (ConfUtils.java:logGet(46)) - raft.server.log.appender.buffer.byte-limit = 33554432 (custom)
2023-04-21 06:17:19,102 [Listener at 127.0.0.1/43161] INFO  server.GrpcService (ConfUtils.java:logGet(46)) - raft.grpc.flow.control.window = 5MB (=5242880) (custom)
2023-04-21 06:17:19,102 [Listener at 127.0.0.1/43161] INFO  server.RaftServerConfigKeys (ConfUtils.java:logGet(46)) - raft.server.rpc.request.timeout = 60s (custom)
2023-04-21 06:17:19,102 [Listener at 127.0.0.1/43161] INFO  grpc.GrpcConfigKeys (ConfUtils.java:logGet(46)) - raft.grpc.server.heartbeat.channel = true (default)
2023-04-21 06:17:19,102 [Listener at 127.0.0.1/43161] INFO  grpc.GrpcConfigKeys (ConfUtils.java:logGet(46)) - raft.grpc.server.async.request.thread.pool.cached = true (default)
2023-04-21 06:17:19,102 [Listener at 127.0.0.1/43161] INFO  grpc.GrpcConfigKeys (ConfUtils.java:logGet(46)) - raft.grpc.server.async.request.thread.pool.size = 32 (default)
2023-04-21 06:17:19,104 [Listener at 127.0.0.1/43161] INFO  impl.DataStreamServerImpl (ConfUtils.java:logGet(46)) - raft.datastream.type = NETTY (custom)
2023-04-21 06:17:19,105 [Listener at 127.0.0.1/43161] INFO  server.RaftServerConfigKeys (ConfUtils.java:logGet(46)) - raft.server.data-stream.async.request.thread.pool.cached = false (default)
2023-04-21 06:17:19,105 [Listener at 127.0.0.1/43161] INFO  server.RaftServerConfigKeys (ConfUtils.java:logGet(46)) - raft.server.data-stream.async.request.thread.pool.size = 20 (custom)
2023-04-21 06:17:19,105 [Listener at 127.0.0.1/43161] INFO  server.RaftServerConfigKeys (ConfUtils.java:logGet(46)) - raft.server.data-stream.async.write.thread.pool.size = 16 (default)
2023-04-21 06:17:19,105 [Listener at 127.0.0.1/43161] INFO  server.RaftServerConfigKeys (ConfUtils.java:logGet(46)) - raft.server.data-stream.client.pool.size = 10 (default)
2023-04-21 06:17:19,105 [Listener at 127.0.0.1/43161] INFO  netty.NettyConfigKeys$DataStream (ConfUtils.java:logGet(46)) - raft.netty.dataStream.server.use-epoll = false (default)
2023-04-21 06:17:19,105 [Listener at 127.0.0.1/43161] INFO  netty.NettyConfigKeys$DataStream (ConfUtils.java:logGet(46)) - raft.netty.dataStream.server.boss-group.size = 0 (default)
2023-04-21 06:17:19,107 [Listener at 127.0.0.1/43161] INFO  netty.NettyConfigKeys$DataStream (ConfUtils.java:logGet(46)) - raft.netty.dataStream.server.worker-group.size = 0 (default)
2023-04-21 06:17:19,107 [Listener at 127.0.0.1/43161] INFO  netty.NettyConfigKeys$DataStream (ConfUtils.java:logGet(46)) - raft.netty.dataStream.server.tls.conf = null (default)
2023-04-21 06:17:19,107 [Listener at 127.0.0.1/43161] INFO  netty.NettyConfigKeys$DataStream (ConfUtils.java:logGet(46)) - raft.netty.dataStream.host = null (default)
2023-04-21 06:17:19,107 [Listener at 127.0.0.1/43161] INFO  netty.NettyConfigKeys$DataStream (ConfUtils.java:logGet(46)) - raft.netty.dataStream.port = 0 (default)
2023-04-21 06:17:19,112 [Listener at 127.0.0.1/43161] INFO  server.RaftServerConfigKeys (ConfUtils.java:logGet(46)) - raft.server.threadpool.proxy.cached = true (default)
2023-04-21 06:17:19,113 [Listener at 127.0.0.1/43161] INFO  server.RaftServerConfigKeys (ConfUtils.java:logGet(46)) - raft.server.threadpool.proxy.size = 0 (default)
2023-04-21 06:17:19,113 [Listener at 127.0.0.1/43161] INFO  server.RaftServerConfigKeys (ConfUtils.java:logGet(46)) - raft.server.rpc.slowness.timeout = 300s (custom)
2023-04-21 06:17:19,113 [Listener at 127.0.0.1/43161] INFO  server.RaftServerConfigKeys (ConfUtils.java:logGet(46)) - raft.server.leaderelection.leader.step-down.wait-time = 10s (default)
2023-04-21 06:17:19,113 [Listener at 127.0.0.1/43161] INFO  server.RaftServerConfigKeys (ConfUtils.java:logGet(46)) - raft.server.storage.dir = [/home/runner/work/ozone/ozone/hadoop-ozone/integration-test/target/test-dir/MiniOzoneClusterImpl-e26617af-e5aa-412c-8148-e33214803cb3/datanode-1/data/ratis] (custom)
2023-04-21 06:17:19,114 [142967e0-cde1-4161-8781-84ec4035a462-NettyServerStreamRpc-bossGroup--thread1] INFO  logging.LoggingHandler (AbstractInternalLogger.java:log(148)) - [id: 0x0c97a2fa] REGISTERED
2023-04-21 06:17:19,114 [142967e0-cde1-4161-8781-84ec4035a462-NettyServerStreamRpc-bossGroup--thread1] INFO  logging.LoggingHandler (AbstractInternalLogger.java:log(148)) - [id: 0x0c97a2fa] BIND: 0.0.0.0/0.0.0.0:0
2023-04-21 06:17:19,114 [142967e0-cde1-4161-8781-84ec4035a462-NettyServerStreamRpc-bossGroup--thread1] INFO  logging.LoggingHandler (AbstractInternalLogger.java:log(148)) - [id: 0x0c97a2fa, L:/0:0:0:0:0:0:0:0:40011] ACTIVE
2023-04-21 06:17:19,115 [Listener at 127.0.0.1/43161] INFO  server.XceiverServerGrpc (XceiverServerGrpc.java:<init>(132)) - GrpcServer channel type EpollServerSocketChannel
2023-04-21 06:17:19,122 [Listener at 127.0.0.1/43161] INFO  http.BaseHttpServer (BaseHttpServer.java:newHttpServer2BuilderForOzone(224)) - Starting Web-server for hddsDatanode at: http://0.0.0.0:0
2023-04-21 06:17:19,122 [Listener at 127.0.0.1/43161] INFO  http.BaseHttpServer (BaseHttpServer.java:<init>(111)) - Hadoop Security Enabled: false Ozone Security Enabled: false Ozone HTTP Security Enabled: false 
2023-04-21 06:17:19,124 [Listener at 127.0.0.1/43161] WARN  server.AuthenticationFilter (AuthenticationFilter.java:constructSecretProvider(240)) - Unable to initialize FileSignerSecretProvider, falling back to use random secrets. Reason: Could not read signature secret file: /home/runner/hadoop-http-auth-signature-secret
2023-04-21 06:17:19,128 [Listener at 127.0.0.1/43161] INFO  http.HttpRequestLog (HttpRequestLog.java:getRequestLog(86)) - Http request log for http.requests.hddsDatanode is not defined
2023-04-21 06:17:19,130 [Listener at 127.0.0.1/43161] INFO  http.HttpServer2 (HttpServer2.java:addGlobalFilter(1031)) - Added global filter 'safety' (class=org.apache.hadoop.hdds.server.http.HttpServer2$QuotingInputFilter)
2023-04-21 06:17:19,131 [Listener at 127.0.0.1/43161] INFO  http.HttpServer2 (HttpServer2.java:addFilter(1007)) - Added filter static_user_filter (class=org.apache.hadoop.http.lib.StaticUserWebFilter$StaticUserFilter) to context hddsDatanode
2023-04-21 06:17:19,131 [Listener at 127.0.0.1/43161] INFO  http.HttpServer2 (HttpServer2.java:addFilter(1015)) - Added filter static_user_filter (class=org.apache.hadoop.http.lib.StaticUserWebFilter$StaticUserFilter) to context static
2023-04-21 06:17:19,131 [Listener at 127.0.0.1/43161] INFO  http.HttpServer2 (HttpServer2.java:addFilter(1015)) - Added filter static_user_filter (class=org.apache.hadoop.http.lib.StaticUserWebFilter$StaticUserFilter) to context logs
2023-04-21 06:17:19,133 [Listener at 127.0.0.1/43161] INFO  http.BaseHttpServer (BaseHttpServer.java:<init>(190)) - HTTP server of hddsDatanode uses base directory /home/runner/work/ozone/ozone/hadoop-ozone/integration-test/target/test-dir/MiniOzoneClusterImpl-e26617af-e5aa-412c-8148-e33214803cb3/datanode-1/meta/webserver
2023-04-21 06:17:19,133 [Listener at 127.0.0.1/43161] INFO  http.HttpServer2 (HttpServer2.java:bindListener(1250)) - Jetty bound to port 37869
2023-04-21 06:17:19,133 [Listener at 127.0.0.1/43161] INFO  server.Server (Server.java:doStart(375)) - jetty-9.4.49.v20220914; built: 2022-09-14T01:07:36.601Z; git: 4231a3b2e4cb8548a412a789936d640a97b1aa0a; jvm 1.8.0_362-b09
2023-04-21 06:17:19,134 [Listener at 127.0.0.1/43161] INFO  server.session (DefaultSessionIdManager.java:doStart(334)) - DefaultSessionIdManager workerName=node0
2023-04-21 06:17:19,135 [Listener at 127.0.0.1/43161] INFO  server.session (DefaultSessionIdManager.java:doStart(339)) - No SessionScavenger set, using defaults
2023-04-21 06:17:19,135 [Listener at 127.0.0.1/43161] INFO  server.session (HouseKeeper.java:startScavenging(132)) - node0 Scavenging every 600000ms
2023-04-21 06:17:19,138 [Listener at 127.0.0.1/43161] INFO  handler.ContextHandler (ContextHandler.java:doStart(921)) - Started o.e.j.s.ServletContextHandler@65d95e26{logs,/logs,file:///home/runner/work/ozone/ozone/hadoop-ozone/integration-test/target/log,AVAILABLE}
2023-04-21 06:17:19,139 [Listener at 127.0.0.1/43161] INFO  handler.ContextHandler (ContextHandler.java:doStart(921)) - Started o.e.j.s.ServletContextHandler@6bd6ce25{static,/static,jar:file:/home/runner/.m2/repository/org/apache/ozone/hdds-container-service/1.4.0-SNAPSHOT/hdds-container-service-1.4.0-SNAPSHOT.jar!/webapps/static,AVAILABLE}
2023-04-21 06:17:19,349 [Listener at 127.0.0.1/43161] INFO  handler.ContextHandler (ContextHandler.java:doStart(921)) - Started o.e.j.w.WebAppContext@733d39c6{hddsDatanode,/,file:///home/runner/work/ozone/ozone/hadoop-ozone/integration-test/target/test-dir/MiniOzoneClusterImpl-e26617af-e5aa-412c-8148-e33214803cb3/datanode-1/meta/webserver/jetty-0_0_0_0-37869-hdds-container-service-1_4_0-SNAPSHOT_jar-_-any-3330458613489884397/webapp/,AVAILABLE}{jar:file:/home/runner/.m2/repository/org/apache/ozone/hdds-container-service/1.4.0-SNAPSHOT/hdds-container-service-1.4.0-SNAPSHOT.jar!/webapps/hddsDatanode}
2023-04-21 06:17:19,351 [Listener at 127.0.0.1/43161] INFO  server.AbstractConnector (AbstractConnector.java:doStart(333)) - Started ServerConnector@34df4c45{HTTP/1.1, (http/1.1)}{0.0.0.0:37869}
2023-04-21 06:17:19,351 [Listener at 127.0.0.1/43161] INFO  server.Server (Server.java:doStart(415)) - Started @122042ms
2023-04-21 06:17:19,352 [Listener at 127.0.0.1/43161] WARN  impl.MetricsSystemImpl (MetricsSystemImpl.java:register(279)) - Sink prometheus already exists!
2023-04-21 06:17:19,352 [Listener at 127.0.0.1/43161] INFO  http.BaseHttpServer (BaseHttpServer.java:updateConnectorAddress(344)) - HTTP server of hddsDatanode listening at http://0.0.0.0:37869
2023-04-21 06:17:19,354 [Listener at 127.0.0.1/43161] WARN  impl.MetricRegistriesImpl (MetricRegistriesImpl.java:addReporterRegistration(111)) - New reporters are added after registries were created. Some metrics will be missing from the reporter. Please add reporter before adding any new registry.
2023-04-21 06:17:19,354 [Listener at 127.0.0.1/43161] WARN  impl.MetricRegistriesImpl (MetricRegistriesImpl.java:addReporterRegistration(111)) - New reporters are added after registries were created. Some metrics will be missing from the reporter. Please add reporter before adding any new registry.
2023-04-21 06:17:19,354 [Listener at 127.0.0.1/43161] INFO  impl.MetricsSystemImpl (MetricsSystemImpl.java:init(158)) - HddsDatanode metrics system started (again)
2023-04-21 06:17:19,361 [Datanode State Machine Daemon Thread] INFO  statemachine.DatanodeStateMachine (DatanodeStateMachine.java:lambda$startDaemon$0(517)) - Ozone container server started.
2023-04-21 06:17:19,371 [org.apache.hadoop.util.JvmPauseMonitor$Monitor@650d26ab] INFO  util.JvmPauseMonitor (JvmPauseMonitor.java:run(188)) - Starting JVM pause monitor
2023-04-21 06:17:19,376 [Listener at 127.0.0.1/43161] INFO  ozone.HddsDatanodeService (HddsDatanodeService.java:start(252)) - HddsDatanodeService host:fv-az205-422 ip:10.1.0.35
2023-04-21 06:17:19,386 [Datanode State Machine Task Thread - 0] INFO  datanode.InitDatanodeState (InitDatanodeState.java:persistContainerDatanodeDetails(138)) - DatanodeDetails is persisted to /home/runner/work/ozone/ozone/hadoop-ozone/integration-test/target/test-dir/MiniOzoneClusterImpl-e26617af-e5aa-412c-8148-e33214803cb3/datanode-1/meta/datanode.id
2023-04-21 06:17:19,408 [Listener at 127.0.0.1/43161] INFO  upgrade.AbstractLayoutVersionManager (AbstractLayoutVersionManager.java:init(83)) - Initializing Layout version manager with metadata layout = WEBUI_PORTS_IN_DATANODEDETAILS (version = 6), software layout = WEBUI_PORTS_IN_DATANODEDETAILS (version = 6)
2023-04-21 06:17:19,460 [Listener at 127.0.0.1/43161] INFO  reflections.Reflections (Reflections.java:scan(232)) - Reflections took 50 ms to scan 7 urls, producing 156 keys and 369 values 
2023-04-21 06:17:19,463 [Listener at 127.0.0.1/43161] INFO  statemachine.DatanodeStateMachine (DatanodeStateMachine.java:getEndPointTaskThreadPoolSize(260)) - Datanode State Machine Task Thread Pool size 2
2023-04-21 06:17:19,469 [Listener at 127.0.0.1/43161] INFO  volume.HddsVolume (HddsVolume.java:<init>(130)) - Creating HddsVolume: /home/runner/work/ozone/ozone/hadoop-ozone/integration-test/target/test-dir/MiniOzoneClusterImpl-e26617af-e5aa-412c-8148-e33214803cb3/datanode-2/data-0/containers/hdds of storage type : DISK capacity : 9223372036854775807
2023-04-21 06:17:19,469 [Listener at 127.0.0.1/43161] INFO  volume.MutableVolumeSet (MutableVolumeSet.java:initializeVolumeSet(175)) - Added Volume : /home/runner/work/ozone/ozone/hadoop-ozone/integration-test/target/test-dir/MiniOzoneClusterImpl-e26617af-e5aa-412c-8148-e33214803cb3/datanode-2/data-0/containers/hdds to VolumeSet
2023-04-21 06:17:19,469 [Listener at 127.0.0.1/43161] INFO  volume.ThrottledAsyncChecker (ThrottledAsyncChecker.java:schedule(141)) - Scheduling a check for /home/runner/work/ozone/ozone/hadoop-ozone/integration-test/target/test-dir/MiniOzoneClusterImpl-e26617af-e5aa-412c-8148-e33214803cb3/datanode-2/data-0/containers/hdds
2023-04-21 06:17:19,477 [Listener at 127.0.0.1/43161] INFO  volume.StorageVolumeChecker (StorageVolumeChecker.java:checkAllVolumes(202)) - Scheduled health check for volume /home/runner/work/ozone/ozone/hadoop-ozone/integration-test/target/test-dir/MiniOzoneClusterImpl-e26617af-e5aa-412c-8148-e33214803cb3/datanode-2/data-0/containers/hdds
2023-04-21 06:17:19,491 [Listener at 127.0.0.1/43161] INFO  volume.MutableVolumeSet (MutableVolumeSet.java:initializeVolumeSet(175)) - Added Volume : /home/runner/work/ozone/ozone/hadoop-ozone/integration-test/target/test-dir/MiniOzoneClusterImpl-e26617af-e5aa-412c-8148-e33214803cb3/datanode-2/data/ratis to VolumeSet
2023-04-21 06:17:19,491 [Listener at 127.0.0.1/43161] INFO  volume.ThrottledAsyncChecker (ThrottledAsyncChecker.java:schedule(141)) - Scheduling a check for /home/runner/work/ozone/ozone/hadoop-ozone/integration-test/target/test-dir/MiniOzoneClusterImpl-e26617af-e5aa-412c-8148-e33214803cb3/datanode-2/data/ratis
2023-04-21 06:17:19,492 [Listener at 127.0.0.1/43161] INFO  volume.StorageVolumeChecker (StorageVolumeChecker.java:checkAllVolumes(202)) - Scheduled health check for volume /home/runner/work/ozone/ozone/hadoop-ozone/integration-test/target/test-dir/MiniOzoneClusterImpl-e26617af-e5aa-412c-8148-e33214803cb3/datanode-2/data/ratis
2023-04-21 06:17:19,515 [Thread-1487] INFO  ozoneimpl.ContainerReader (ContainerReader.java:readVolume(175)) - Finish verifying containers on volume /home/runner/work/ozone/ozone/hadoop-ozone/integration-test/target/test-dir/MiniOzoneClusterImpl-e26617af-e5aa-412c-8148-e33214803cb3/datanode-2/data-0/containers/hdds
2023-04-21 06:17:19,515 [Listener at 127.0.0.1/43161] INFO  ozoneimpl.OzoneContainer (OzoneContainer.java:buildContainerSet(303)) - Build ContainerSet costs 0s
2023-04-21 06:17:19,522 [Listener at 127.0.0.1/43161] INFO  server.RaftServer (ConfUtils.java:logGet(46)) - raft.rpc.type = GRPC (default)
2023-04-21 06:17:19,523 [Listener at 127.0.0.1/43161] INFO  grpc.GrpcConfigKeys (ConfUtils.java:logFallback(53)) - raft.grpc.admin.host = null (fallback to raft.grpc.server.host)
2023-04-21 06:17:19,529 [Listener at 127.0.0.1/43161] INFO  grpc.GrpcConfigKeys (ConfUtils.java:logGet(46)) - raft.grpc.admin.port = 0 (custom)
2023-04-21 06:17:19,529 [Listener at 127.0.0.1/43161] INFO  grpc.GrpcConfigKeys (ConfUtils.java:logFallback(53)) - raft.grpc.client.host = null (fallback to raft.grpc.server.host)
2023-04-21 06:17:19,529 [Listener at 127.0.0.1/43161] INFO  grpc.GrpcConfigKeys (ConfUtils.java:logGet(46)) - raft.grpc.client.port = 0 (custom)
2023-04-21 06:17:19,529 [Listener at 127.0.0.1/43161] INFO  grpc.GrpcConfigKeys (ConfUtils.java:logGet(46)) - raft.grpc.server.host = null (default)
2023-04-21 06:17:19,529 [Listener at 127.0.0.1/43161] INFO  grpc.GrpcConfigKeys (ConfUtils.java:logGet(46)) - raft.grpc.server.port = 0 (default)
2023-04-21 06:17:19,529 [Listener at 127.0.0.1/43161] INFO  server.GrpcService (ConfUtils.java:logGet(46)) - raft.grpc.message.size.max = 32MB (=33554432) (custom)
2023-04-21 06:17:19,529 [Listener at 127.0.0.1/43161] INFO  server.RaftServerConfigKeys (ConfUtils.java:logGet(46)) - raft.server.log.appender.buffer.byte-limit = 33554432 (custom)
2023-04-21 06:17:19,529 [Listener at 127.0.0.1/43161] INFO  server.GrpcService (ConfUtils.java:logGet(46)) - raft.grpc.flow.control.window = 5MB (=5242880) (custom)
2023-04-21 06:17:19,530 [Listener at 127.0.0.1/43161] INFO  server.RaftServerConfigKeys (ConfUtils.java:logGet(46)) - raft.server.rpc.request.timeout = 60s (custom)
2023-04-21 06:17:19,530 [Listener at 127.0.0.1/43161] INFO  grpc.GrpcConfigKeys (ConfUtils.java:logGet(46)) - raft.grpc.server.heartbeat.channel = true (default)
2023-04-21 06:17:19,530 [Listener at 127.0.0.1/43161] INFO  grpc.GrpcConfigKeys (ConfUtils.java:logGet(46)) - raft.grpc.server.async.request.thread.pool.cached = true (default)
2023-04-21 06:17:19,531 [Listener at 127.0.0.1/43161] INFO  grpc.GrpcConfigKeys (ConfUtils.java:logGet(46)) - raft.grpc.server.async.request.thread.pool.size = 32 (default)
2023-04-21 06:17:19,532 [Listener at 127.0.0.1/43161] INFO  impl.DataStreamServerImpl (ConfUtils.java:logGet(46)) - raft.datastream.type = NETTY (custom)
2023-04-21 06:17:19,533 [om1@group-C5BA1605619E-FollowerState] INFO  impl.FollowerState (FollowerState.java:run(143)) - om1@group-C5BA1605619E-FollowerState: change to CANDIDATE, lastRpcElapsedTime:1162228668ns, electionTimeout:1152ms
2023-04-21 06:17:19,533 [Listener at 127.0.0.1/43161] INFO  server.RaftServerConfigKeys (ConfUtils.java:logGet(46)) - raft.server.data-stream.async.request.thread.pool.cached = false (default)
2023-04-21 06:17:19,533 [Listener at 127.0.0.1/43161] INFO  server.RaftServerConfigKeys (ConfUtils.java:logGet(46)) - raft.server.data-stream.async.request.thread.pool.size = 20 (custom)
2023-04-21 06:17:19,533 [om1@group-C5BA1605619E-FollowerState] INFO  impl.RoleInfo (RoleInfo.java:shutdownFollowerState(110)) - om1: shutdown om1@group-C5BA1605619E-FollowerState
2023-04-21 06:17:19,533 [om1@group-C5BA1605619E-FollowerState] INFO  server.RaftServer$Division (RaftServerImpl.java:setRole(321)) - om1@group-C5BA1605619E: changes role from  FOLLOWER to CANDIDATE at term 0 for changeToCandidate
2023-04-21 06:17:19,533 [om1@group-C5BA1605619E-FollowerState] INFO  server.RaftServerConfigKeys (ConfUtils.java:logGet(46)) - raft.server.leaderelection.pre-vote = true (default)
2023-04-21 06:17:19,533 [om1@group-C5BA1605619E-FollowerState] INFO  impl.RoleInfo (RoleInfo.java:updateAndGet(139)) - om1: start om1@group-C5BA1605619E-LeaderElection19
2023-04-21 06:17:19,535 [Listener at 127.0.0.1/43161] INFO  server.RaftServerConfigKeys (ConfUtils.java:logGet(46)) - raft.server.data-stream.async.write.thread.pool.size = 16 (default)
2023-04-21 06:17:19,535 [Listener at 127.0.0.1/43161] INFO  server.RaftServerConfigKeys (ConfUtils.java:logGet(46)) - raft.server.data-stream.client.pool.size = 10 (default)
2023-04-21 06:17:19,535 [Listener at 127.0.0.1/43161] INFO  netty.NettyConfigKeys$DataStream (ConfUtils.java:logGet(46)) - raft.netty.dataStream.server.use-epoll = false (default)
2023-04-21 06:17:19,535 [Listener at 127.0.0.1/43161] INFO  netty.NettyConfigKeys$DataStream (ConfUtils.java:logGet(46)) - raft.netty.dataStream.server.boss-group.size = 0 (default)
2023-04-21 06:17:19,536 [Listener at 127.0.0.1/43161] INFO  netty.NettyConfigKeys$DataStream (ConfUtils.java:logGet(46)) - raft.netty.dataStream.server.worker-group.size = 0 (default)
2023-04-21 06:17:19,536 [Listener at 127.0.0.1/43161] INFO  netty.NettyConfigKeys$DataStream (ConfUtils.java:logGet(46)) - raft.netty.dataStream.server.tls.conf = null (default)
2023-04-21 06:17:19,536 [Listener at 127.0.0.1/43161] INFO  netty.NettyConfigKeys$DataStream (ConfUtils.java:logGet(46)) - raft.netty.dataStream.host = null (default)
2023-04-21 06:17:19,536 [Listener at 127.0.0.1/43161] INFO  netty.NettyConfigKeys$DataStream (ConfUtils.java:logGet(46)) - raft.netty.dataStream.port = 0 (default)
2023-04-21 06:17:19,546 [Listener at 127.0.0.1/43161] INFO  server.RaftServerConfigKeys (ConfUtils.java:logGet(46)) - raft.server.threadpool.proxy.cached = true (default)
2023-04-21 06:17:19,546 [Listener at 127.0.0.1/43161] INFO  server.RaftServerConfigKeys (ConfUtils.java:logGet(46)) - raft.server.threadpool.proxy.size = 0 (default)
2023-04-21 06:17:19,546 [Listener at 127.0.0.1/43161] INFO  server.RaftServerConfigKeys (ConfUtils.java:logGet(46)) - raft.server.rpc.slowness.timeout = 300s (custom)
2023-04-21 06:17:19,547 [Listener at 127.0.0.1/43161] INFO  server.RaftServerConfigKeys (ConfUtils.java:logGet(46)) - raft.server.leaderelection.leader.step-down.wait-time = 10s (default)
2023-04-21 06:17:19,547 [Listener at 127.0.0.1/43161] INFO  server.RaftServerConfigKeys (ConfUtils.java:logGet(46)) - raft.server.storage.dir = [/home/runner/work/ozone/ozone/hadoop-ozone/integration-test/target/test-dir/MiniOzoneClusterImpl-e26617af-e5aa-412c-8148-e33214803cb3/datanode-2/data/ratis] (custom)
2023-04-21 06:17:19,548 [2457f6ab-98f5-4e31-8316-f4a85dbaacb6-NettyServerStreamRpc-bossGroup--thread1] INFO  logging.LoggingHandler (AbstractInternalLogger.java:log(148)) - [id: 0xc6be1a18] REGISTERED
2023-04-21 06:17:19,548 [2457f6ab-98f5-4e31-8316-f4a85dbaacb6-NettyServerStreamRpc-bossGroup--thread1] INFO  logging.LoggingHandler (AbstractInternalLogger.java:log(148)) - [id: 0xc6be1a18] BIND: 0.0.0.0/0.0.0.0:0
2023-04-21 06:17:19,548 [2457f6ab-98f5-4e31-8316-f4a85dbaacb6-NettyServerStreamRpc-bossGroup--thread1] INFO  logging.LoggingHandler (AbstractInternalLogger.java:log(148)) - [id: 0xc6be1a18, L:/0:0:0:0:0:0:0:0:41409] ACTIVE
2023-04-21 06:17:19,553 [om1@group-C5BA1605619E-LeaderElection19] INFO  impl.LeaderElection (LeaderElection.java:askForVotes(312)) - om1@group-C5BA1605619E-LeaderElection19 PRE_VOTE round 0: submit vote requests at term 0 for -1: peers:[om1|rpc:localhost:9872|priority:0|startupRole:FOLLOWER]|listeners:[], old=null
2023-04-21 06:17:19,553 [om1@group-C5BA1605619E-LeaderElection19] INFO  impl.LeaderElection (LeaderElection.java:askForVotes(314)) - om1@group-C5BA1605619E-LeaderElection19 PRE_VOTE round 0: result PASSED (term=0)
2023-04-21 06:17:19,666 [Listener at 127.0.0.1/43161] INFO  server.XceiverServerGrpc (XceiverServerGrpc.java:<init>(132)) - GrpcServer channel type EpollServerSocketChannel
2023-04-21 06:17:19,668 [om1@group-C5BA1605619E-LeaderElection19] INFO  impl.LeaderElection (LeaderElection.java:askForVotes(312)) - om1@group-C5BA1605619E-LeaderElection19 ELECTION round 0: submit vote requests at term 1 for -1: peers:[om1|rpc:localhost:9872|priority:0|startupRole:FOLLOWER]|listeners:[], old=null
2023-04-21 06:17:19,669 [om1@group-C5BA1605619E-LeaderElection19] INFO  impl.LeaderElection (LeaderElection.java:askForVotes(314)) - om1@group-C5BA1605619E-LeaderElection19 ELECTION round 0: result PASSED (term=1)
2023-04-21 06:17:19,669 [om1@group-C5BA1605619E-LeaderElection19] INFO  impl.RoleInfo (RoleInfo.java:shutdownLeaderElection(130)) - om1: shutdown om1@group-C5BA1605619E-LeaderElection19
2023-04-21 06:17:19,669 [om1@group-C5BA1605619E-LeaderElection19] INFO  server.RaftServer$Division (RaftServerImpl.java:setRole(321)) - om1@group-C5BA1605619E: changes role from CANDIDATE to LEADER at term 1 for changeToLeader
2023-04-21 06:17:19,669 [om1@group-C5BA1605619E-LeaderElection19] INFO  server.RaftServer$Division (ServerState.java:setLeader(313)) - om1@group-C5BA1605619E: change Leader from null to om1 at term 1 for becomeLeader, leader elected after 1879ms
2023-04-21 06:17:19,669 [om1@group-C5BA1605619E-LeaderElection19] INFO  server.RaftServerConfigKeys (ConfUtils.java:logGet(46)) - raft.server.staging.catchup.gap = 1000 (default)
2023-04-21 06:17:19,669 [om1@group-C5BA1605619E-LeaderElection19] INFO  server.RaftServerConfigKeys (ConfUtils.java:logGet(46)) - raft.server.write.element-limit = 4096 (default)
2023-04-21 06:17:19,669 [om1@group-C5BA1605619E-LeaderElection19] INFO  server.RaftServerConfigKeys (ConfUtils.java:logGet(46)) - raft.server.write.byte-limit = 64MB (=67108864) (default)
2023-04-21 06:17:19,670 [om1@group-C5BA1605619E-LeaderElection19] INFO  server.RaftServerConfigKeys (ConfUtils.java:logGet(46)) - raft.server.watch.timeout = 10s (default)
2023-04-21 06:17:19,670 [om1@group-C5BA1605619E-LeaderElection19] INFO  server.RaftServerConfigKeys (ConfUtils.java:logGet(46)) - raft.server.watch.timeout.denomination = 1s (default)
2023-04-21 06:17:19,670 [om1@group-C5BA1605619E-LeaderElection19] INFO  server.RaftServerConfigKeys (ConfUtils.java:logGet(46)) - raft.server.watch.element-limit = 65536 (default)
2023-04-21 06:17:19,670 [om1@group-C5BA1605619E-LeaderElection19] INFO  server.RaftServerConfigKeys (ConfUtils.java:logGet(46)) - raft.server.write.element-limit = 4096 (default)
2023-04-21 06:17:19,670 [om1@group-C5BA1605619E-LeaderElection19] INFO  server.RaftServerConfigKeys (ConfUtils.java:logGet(46)) - raft.server.write.follower.gap.ratio.max = -1.0 (default)
2023-04-21 06:17:19,670 [om1@group-C5BA1605619E-LeaderElection19] INFO  impl.RoleInfo (RoleInfo.java:updateAndGet(139)) - om1: start om1@group-C5BA1605619E-LeaderStateImpl
2023-04-21 06:17:19,670 [om1@group-C5BA1605619E-LeaderElection19] INFO  segmented.SegmentedRaftLogWorker (SegmentedRaftLogWorker.java:startLogSegment(452)) - om1@group-C5BA1605619E-SegmentedRaftLogWorker: Starting segment from index:0
2023-04-21 06:17:19,688 [om1@group-C5BA1605619E-SegmentedRaftLogWorker] INFO  segmented.SegmentedRaftLogWorker (SegmentedRaftLogWorker.java:execute(656)) - om1@group-C5BA1605619E-SegmentedRaftLogWorker: created new log segment /home/runner/work/ozone/ozone/hadoop-ozone/integration-test/target/test-dir/MiniOzoneClusterImpl-e26617af-e5aa-412c-8148-e33214803cb3/ozone-meta/ratis/bf265839-605b-3f16-9796-c5ba1605619e/current/log_inprogress_0
2023-04-21 06:17:19,693 [om1@group-C5BA1605619E-LeaderElection19] INFO  server.RaftServer$Division (ServerState.java:setRaftConf(430)) - om1@group-C5BA1605619E: set configuration 0: peers:[om1|rpc:localhost:9872|admin:|client:|dataStream:|priority:0|startupRole:FOLLOWER]|listeners:[], old=null
2023-04-21 06:17:19,696 [Listener at 127.0.0.1/43161] INFO  http.BaseHttpServer (BaseHttpServer.java:newHttpServer2BuilderForOzone(224)) - Starting Web-server for hddsDatanode at: http://0.0.0.0:0
2023-04-21 06:17:19,697 [Listener at 127.0.0.1/43161] INFO  http.BaseHttpServer (BaseHttpServer.java:<init>(111)) - Hadoop Security Enabled: false Ozone Security Enabled: false Ozone HTTP Security Enabled: false 
2023-04-21 06:17:19,698 [Listener at 127.0.0.1/43161] WARN  server.AuthenticationFilter (AuthenticationFilter.java:constructSecretProvider(240)) - Unable to initialize FileSignerSecretProvider, falling back to use random secrets. Reason: Could not read signature secret file: /home/runner/hadoop-http-auth-signature-secret
2023-04-21 06:17:19,698 [om1@group-C5BA1605619E-StateMachineUpdater] INFO  ratis.OzoneManagerStateMachine (OzoneManagerStateMachine.java:notifyConfigurationChanged(200)) - Received Configuration change notification from Ratis. New Peer list:
[id: "om1"
address: "localhost:9872"
startupRole: FOLLOWER
]
2023-04-21 06:17:19,700 [Listener at 127.0.0.1/43161] INFO  http.HttpRequestLog (HttpRequestLog.java:getRequestLog(86)) - Http request log for http.requests.hddsDatanode is not defined
2023-04-21 06:17:19,704 [Listener at 127.0.0.1/43161] INFO  http.HttpServer2 (HttpServer2.java:addGlobalFilter(1031)) - Added global filter 'safety' (class=org.apache.hadoop.hdds.server.http.HttpServer2$QuotingInputFilter)
2023-04-21 06:17:19,705 [Listener at 127.0.0.1/43161] INFO  http.HttpServer2 (HttpServer2.java:addFilter(1007)) - Added filter static_user_filter (class=org.apache.hadoop.http.lib.StaticUserWebFilter$StaticUserFilter) to context hddsDatanode
2023-04-21 06:17:19,705 [Listener at 127.0.0.1/43161] INFO  http.HttpServer2 (HttpServer2.java:addFilter(1015)) - Added filter static_user_filter (class=org.apache.hadoop.http.lib.StaticUserWebFilter$StaticUserFilter) to context logs
2023-04-21 06:17:19,705 [Listener at 127.0.0.1/43161] INFO  http.HttpServer2 (HttpServer2.java:addFilter(1015)) - Added filter static_user_filter (class=org.apache.hadoop.http.lib.StaticUserWebFilter$StaticUserFilter) to context static
2023-04-21 06:17:19,706 [Listener at 127.0.0.1/43161] INFO  http.BaseHttpServer (BaseHttpServer.java:<init>(190)) - HTTP server of hddsDatanode uses base directory /home/runner/work/ozone/ozone/hadoop-ozone/integration-test/target/test-dir/MiniOzoneClusterImpl-e26617af-e5aa-412c-8148-e33214803cb3/datanode-2/meta/webserver
2023-04-21 06:17:19,706 [Listener at 127.0.0.1/43161] INFO  http.HttpServer2 (HttpServer2.java:bindListener(1250)) - Jetty bound to port 46629
2023-04-21 06:17:19,706 [Listener at 127.0.0.1/43161] INFO  server.Server (Server.java:doStart(375)) - jetty-9.4.49.v20220914; built: 2022-09-14T01:07:36.601Z; git: 4231a3b2e4cb8548a412a789936d640a97b1aa0a; jvm 1.8.0_362-b09
2023-04-21 06:17:19,708 [Listener at 127.0.0.1/43161] INFO  server.session (DefaultSessionIdManager.java:doStart(334)) - DefaultSessionIdManager workerName=node0
2023-04-21 06:17:19,708 [Listener at 127.0.0.1/43161] INFO  server.session (DefaultSessionIdManager.java:doStart(339)) - No SessionScavenger set, using defaults
2023-04-21 06:17:19,708 [Listener at 127.0.0.1/43161] INFO  server.session (HouseKeeper.java:startScavenging(132)) - node0 Scavenging every 660000ms
2023-04-21 06:17:19,709 [Listener at 127.0.0.1/43161] INFO  handler.ContextHandler (ContextHandler.java:doStart(921)) - Started o.e.j.s.ServletContextHandler@2b8ec5de{logs,/logs,file:///home/runner/work/ozone/ozone/hadoop-ozone/integration-test/target/log,AVAILABLE}
2023-04-21 06:17:19,709 [Listener at 127.0.0.1/43161] INFO  handler.ContextHandler (ContextHandler.java:doStart(921)) - Started o.e.j.s.ServletContextHandler@70819eaf{static,/static,jar:file:/home/runner/.m2/repository/org/apache/ozone/hdds-container-service/1.4.0-SNAPSHOT/hdds-container-service-1.4.0-SNAPSHOT.jar!/webapps/static,AVAILABLE}
2023-04-21 06:17:19,911 [Listener at 127.0.0.1/43161] INFO  handler.ContextHandler (ContextHandler.java:doStart(921)) - Started o.e.j.w.WebAppContext@28801eeb{hddsDatanode,/,file:///home/runner/work/ozone/ozone/hadoop-ozone/integration-test/target/test-dir/MiniOzoneClusterImpl-e26617af-e5aa-412c-8148-e33214803cb3/datanode-2/meta/webserver/jetty-0_0_0_0-46629-hdds-container-service-1_4_0-SNAPSHOT_jar-_-any-2487095316005351032/webapp/,AVAILABLE}{jar:file:/home/runner/.m2/repository/org/apache/ozone/hdds-container-service/1.4.0-SNAPSHOT/hdds-container-service-1.4.0-SNAPSHOT.jar!/webapps/hddsDatanode}
2023-04-21 06:17:19,913 [Listener at 127.0.0.1/43161] INFO  server.AbstractConnector (AbstractConnector.java:doStart(333)) - Started ServerConnector@73d3e813{HTTP/1.1, (http/1.1)}{0.0.0.0:46629}
2023-04-21 06:17:19,914 [Listener at 127.0.0.1/43161] INFO  server.Server (Server.java:doStart(415)) - Started @122604ms
2023-04-21 06:17:19,914 [Listener at 127.0.0.1/43161] WARN  impl.MetricsSystemImpl (MetricsSystemImpl.java:register(279)) - Sink prometheus already exists!
2023-04-21 06:17:19,914 [Listener at 127.0.0.1/43161] INFO  http.BaseHttpServer (BaseHttpServer.java:updateConnectorAddress(344)) - HTTP server of hddsDatanode listening at http://0.0.0.0:46629
2023-04-21 06:17:19,915 [Listener at 127.0.0.1/43161] INFO  ozone.MiniOzoneClusterImpl (MiniOzoneClusterImpl.java:lambda$waitForClusterToBeReady$0(223)) - Waiting for nodes to be ready. Got 0 of 3 DN Heartbeats.
2023-04-21 06:17:19,915 [Listener at 127.0.0.1/43161] INFO  ozone.MiniOzoneClusterImpl (MiniOzoneClusterImpl.java:lambda$waitForClusterToBeReady$0(226)) - Waiting for cluster to exit safe mode
2023-04-21 06:17:19,915 [Listener at 127.0.0.1/43161] INFO  ozone.MiniOzoneClusterImpl (MiniOzoneClusterImpl.java:lambda$waitForClusterToBeReady$0(228)) - SCM became leader
2023-04-21 06:17:19,915 [Datanode State Machine Daemon Thread] INFO  statemachine.DatanodeStateMachine (DatanodeStateMachine.java:lambda$startDaemon$0(517)) - Ozone container server started.
2023-04-21 06:17:19,923 [org.apache.hadoop.util.JvmPauseMonitor$Monitor@5662d17c] INFO  util.JvmPauseMonitor (JvmPauseMonitor.java:run(188)) - Starting JVM pause monitor
2023-04-21 06:17:19,930 [Datanode State Machine Task Thread - 0] INFO  datanode.InitDatanodeState (InitDatanodeState.java:persistContainerDatanodeDetails(138)) - DatanodeDetails is persisted to /home/runner/work/ozone/ozone/hadoop-ozone/integration-test/target/test-dir/MiniOzoneClusterImpl-e26617af-e5aa-412c-8148-e33214803cb3/datanode-2/meta/datanode.id
2023-04-21 06:17:20,915 [Listener at 127.0.0.1/43161] INFO  ozone.MiniOzoneClusterImpl (MiniOzoneClusterImpl.java:lambda$waitForClusterToBeReady$0(223)) - Waiting for nodes to be ready. Got 0 of 3 DN Heartbeats.
2023-04-21 06:17:20,915 [Listener at 127.0.0.1/43161] INFO  ozone.MiniOzoneClusterImpl (MiniOzoneClusterImpl.java:lambda$waitForClusterToBeReady$0(226)) - Waiting for cluster to exit safe mode
2023-04-21 06:17:20,916 [Listener at 127.0.0.1/43161] INFO  ozone.MiniOzoneClusterImpl (MiniOzoneClusterImpl.java:lambda$waitForClusterToBeReady$0(228)) - SCM became leader
2023-04-21 06:17:20,998 [EndpointStateMachine task thread for /0.0.0.0:39627 - 0 ] INFO  utils.DatanodeStoreCache (DatanodeStoreCache.java:addDB(58)) - Added db /home/runner/work/ozone/ozone/hadoop-ozone/integration-test/target/test-dir/MiniOzoneClusterImpl-e26617af-e5aa-412c-8148-e33214803cb3/datanode-0/data-0/containers/hdds/e26617af-e5aa-412c-8148-e33214803cb3/DS-9fc7668e-dc6e-404c-be4c-17bd0bb6f932/container.db to cache
2023-04-21 06:17:20,999 [EndpointStateMachine task thread for /0.0.0.0:39627 - 0 ] INFO  volume.HddsVolume (HddsVolume.java:createDbStore(350)) - SchemaV3 db is created and loaded at /home/runner/work/ozone/ozone/hadoop-ozone/integration-test/target/test-dir/MiniOzoneClusterImpl-e26617af-e5aa-412c-8148-e33214803cb3/datanode-0/data-0/containers/hdds/e26617af-e5aa-412c-8148-e33214803cb3/DS-9fc7668e-dc6e-404c-be4c-17bd0bb6f932/container.db for volume DS-9fc7668e-dc6e-404c-be4c-17bd0bb6f932
2023-04-21 06:17:21,000 [EndpointStateMachine task thread for /0.0.0.0:39627 - 0 ] INFO  ozoneimpl.OzoneContainer (OzoneContainer.java:start(397)) - Attempting to start container services.
2023-04-21 06:17:21,000 [EndpointStateMachine task thread for /0.0.0.0:39627 - 0 ] INFO  ozoneimpl.OzoneContainer (OzoneContainer.java:startContainerScrub(314)) - Scheduled background container scanners and the on-demand container scanner have been disabled.
2023-04-21 06:17:21,005 [EndpointStateMachine task thread for /0.0.0.0:39627 - 0 ] INFO  replication.ReplicationServer (ReplicationServer.java:start(109)) - ReplicationServer is started using port 37277
2023-04-21 06:17:21,005 [EndpointStateMachine task thread for /0.0.0.0:39627 - 0 ] INFO  ratis.XceiverServerRatis (XceiverServerRatis.java:start(517)) - Starting XceiverServerRatis b10b19f2-b437-4018-b293-79a1594e0d1d
2023-04-21 06:17:21,006 [EndpointStateMachine task thread for /0.0.0.0:39627 - 0 ] INFO  server.RaftServer (RaftServerProxy.java:startImpl(393)) - b10b19f2-b437-4018-b293-79a1594e0d1d: start RPC server
2023-04-21 06:17:21,008 [EndpointStateMachine task thread for /0.0.0.0:39627 - 0 ] INFO  server.GrpcService (GrpcService.java:startImpl(262)) - b10b19f2-b437-4018-b293-79a1594e0d1d: GrpcService started, listening on 45779
2023-04-21 06:17:21,010 [EndpointStateMachine task thread for /0.0.0.0:39627 - 0 ] INFO  ratis.XceiverServerRatis (XceiverServerRatis.java:getRealPort(543)) - XceiverServerRatis b10b19f2-b437-4018-b293-79a1594e0d1d is started using port 45779 for RATIS
2023-04-21 06:17:21,010 [JvmPauseMonitor13] INFO  util.JvmPauseMonitor (JvmPauseMonitor.java:run(105)) - JvmPauseMonitor-b10b19f2-b437-4018-b293-79a1594e0d1d: Started
2023-04-21 06:17:21,010 [EndpointStateMachine task thread for /0.0.0.0:39627 - 0 ] INFO  ratis.XceiverServerRatis (XceiverServerRatis.java:getRealPort(543)) - XceiverServerRatis b10b19f2-b437-4018-b293-79a1594e0d1d is started using port 45779 for RATIS_ADMIN
2023-04-21 06:17:21,011 [EndpointStateMachine task thread for /0.0.0.0:39627 - 0 ] INFO  ratis.XceiverServerRatis (XceiverServerRatis.java:getRealPort(543)) - XceiverServerRatis b10b19f2-b437-4018-b293-79a1594e0d1d is started using port 45779 for RATIS_SERVER
2023-04-21 06:17:21,011 [EndpointStateMachine task thread for /0.0.0.0:39627 - 0 ] INFO  ratis.XceiverServerRatis (XceiverServerRatis.java:getRealPort(543)) - XceiverServerRatis b10b19f2-b437-4018-b293-79a1594e0d1d is started using port 45683 for RATIS_DATASTREAM
2023-04-21 06:17:21,014 [EndpointStateMachine task thread for /0.0.0.0:39627 - 0 ] INFO  server.XceiverServerGrpc (XceiverServerGrpc.java:start(180)) - XceiverServerGrpc b10b19f2-b437-4018-b293-79a1594e0d1d is started using port 45447
2023-04-21 06:17:21,015 [BlockDeletingService#0] INFO  interfaces.ContainerDeletionChoosingPolicyTemplate (ContainerDeletionChoosingPolicyTemplate.java:chooseContainerForBlockDeletion(83)) - Chosen 0/5000 blocks from 0 candidate containers.
2023-04-21 06:17:21,412 [EndpointStateMachine task thread for /0.0.0.0:39627 - 0 ] INFO  utils.DatanodeStoreCache (DatanodeStoreCache.java:addDB(58)) - Added db /home/runner/work/ozone/ozone/hadoop-ozone/integration-test/target/test-dir/MiniOzoneClusterImpl-e26617af-e5aa-412c-8148-e33214803cb3/datanode-1/data-0/containers/hdds/e26617af-e5aa-412c-8148-e33214803cb3/DS-b2db9361-3954-4eb1-997a-76447de4aa35/container.db to cache
2023-04-21 06:17:21,412 [EndpointStateMachine task thread for /0.0.0.0:39627 - 0 ] INFO  volume.HddsVolume (HddsVolume.java:createDbStore(350)) - SchemaV3 db is created and loaded at /home/runner/work/ozone/ozone/hadoop-ozone/integration-test/target/test-dir/MiniOzoneClusterImpl-e26617af-e5aa-412c-8148-e33214803cb3/datanode-1/data-0/containers/hdds/e26617af-e5aa-412c-8148-e33214803cb3/DS-b2db9361-3954-4eb1-997a-76447de4aa35/container.db for volume DS-b2db9361-3954-4eb1-997a-76447de4aa35
2023-04-21 06:17:21,413 [EndpointStateMachine task thread for /0.0.0.0:39627 - 0 ] INFO  ozoneimpl.OzoneContainer (OzoneContainer.java:start(397)) - Attempting to start container services.
2023-04-21 06:17:21,413 [EndpointStateMachine task thread for /0.0.0.0:39627 - 0 ] INFO  ozoneimpl.OzoneContainer (OzoneContainer.java:startContainerScrub(314)) - Scheduled background container scanners and the on-demand container scanner have been disabled.
2023-04-21 06:17:21,416 [EndpointStateMachine task thread for /0.0.0.0:39627 - 0 ] INFO  replication.ReplicationServer (ReplicationServer.java:start(109)) - ReplicationServer is started using port 37693
2023-04-21 06:17:21,416 [EndpointStateMachine task thread for /0.0.0.0:39627 - 0 ] INFO  ratis.XceiverServerRatis (XceiverServerRatis.java:start(517)) - Starting XceiverServerRatis 142967e0-cde1-4161-8781-84ec4035a462
2023-04-21 06:17:21,422 [EndpointStateMachine task thread for /0.0.0.0:39627 - 0 ] INFO  server.RaftServer (RaftServerProxy.java:startImpl(393)) - 142967e0-cde1-4161-8781-84ec4035a462: start RPC server
2023-04-21 06:17:21,424 [EndpointStateMachine task thread for /0.0.0.0:39627 - 0 ] INFO  server.GrpcService (GrpcService.java:startImpl(262)) - 142967e0-cde1-4161-8781-84ec4035a462: GrpcService started, listening on 46373
2023-04-21 06:17:21,425 [EndpointStateMachine task thread for /0.0.0.0:39627 - 0 ] INFO  ratis.XceiverServerRatis (XceiverServerRatis.java:getRealPort(543)) - XceiverServerRatis 142967e0-cde1-4161-8781-84ec4035a462 is started using port 46373 for RATIS
2023-04-21 06:17:21,426 [EndpointStateMachine task thread for /0.0.0.0:39627 - 0 ] INFO  ratis.XceiverServerRatis (XceiverServerRatis.java:getRealPort(543)) - XceiverServerRatis 142967e0-cde1-4161-8781-84ec4035a462 is started using port 46373 for RATIS_ADMIN
2023-04-21 06:17:21,426 [EndpointStateMachine task thread for /0.0.0.0:39627 - 0 ] INFO  ratis.XceiverServerRatis (XceiverServerRatis.java:getRealPort(543)) - XceiverServerRatis 142967e0-cde1-4161-8781-84ec4035a462 is started using port 46373 for RATIS_SERVER
2023-04-21 06:17:21,426 [EndpointStateMachine task thread for /0.0.0.0:39627 - 0 ] INFO  ratis.XceiverServerRatis (XceiverServerRatis.java:getRealPort(543)) - XceiverServerRatis 142967e0-cde1-4161-8781-84ec4035a462 is started using port 40011 for RATIS_DATASTREAM
2023-04-21 06:17:21,426 [JvmPauseMonitor14] INFO  util.JvmPauseMonitor (JvmPauseMonitor.java:run(105)) - JvmPauseMonitor-142967e0-cde1-4161-8781-84ec4035a462: Started
2023-04-21 06:17:21,437 [EndpointStateMachine task thread for /0.0.0.0:39627 - 0 ] INFO  server.XceiverServerGrpc (XceiverServerGrpc.java:start(180)) - XceiverServerGrpc 142967e0-cde1-4161-8781-84ec4035a462 is started using port 37247
2023-04-21 06:17:21,437 [BlockDeletingService#0] INFO  interfaces.ContainerDeletionChoosingPolicyTemplate (ContainerDeletionChoosingPolicyTemplate.java:chooseContainerForBlockDeletion(83)) - Chosen 0/5000 blocks from 0 candidate containers.
2023-04-21 06:17:21,916 [Listener at 127.0.0.1/43161] INFO  ozone.MiniOzoneClusterImpl (MiniOzoneClusterImpl.java:lambda$waitForClusterToBeReady$0(223)) - Waiting for nodes to be ready. Got 0 of 3 DN Heartbeats.
2023-04-21 06:17:21,916 [Listener at 127.0.0.1/43161] INFO  ozone.MiniOzoneClusterImpl (MiniOzoneClusterImpl.java:lambda$waitForClusterToBeReady$0(226)) - Waiting for cluster to exit safe mode
2023-04-21 06:17:21,916 [Listener at 127.0.0.1/43161] INFO  ozone.MiniOzoneClusterImpl (MiniOzoneClusterImpl.java:lambda$waitForClusterToBeReady$0(228)) - SCM became leader
2023-04-21 06:17:21,963 [EndpointStateMachine task thread for /0.0.0.0:39627 - 0 ] INFO  utils.DatanodeStoreCache (DatanodeStoreCache.java:addDB(58)) - Added db /home/runner/work/ozone/ozone/hadoop-ozone/integration-test/target/test-dir/MiniOzoneClusterImpl-e26617af-e5aa-412c-8148-e33214803cb3/datanode-2/data-0/containers/hdds/e26617af-e5aa-412c-8148-e33214803cb3/DS-7491ea6d-7cb0-4587-868a-b80bc62b2113/container.db to cache
2023-04-21 06:17:21,963 [EndpointStateMachine task thread for /0.0.0.0:39627 - 0 ] INFO  volume.HddsVolume (HddsVolume.java:createDbStore(350)) - SchemaV3 db is created and loaded at /home/runner/work/ozone/ozone/hadoop-ozone/integration-test/target/test-dir/MiniOzoneClusterImpl-e26617af-e5aa-412c-8148-e33214803cb3/datanode-2/data-0/containers/hdds/e26617af-e5aa-412c-8148-e33214803cb3/DS-7491ea6d-7cb0-4587-868a-b80bc62b2113/container.db for volume DS-7491ea6d-7cb0-4587-868a-b80bc62b2113
2023-04-21 06:17:21,963 [EndpointStateMachine task thread for /0.0.0.0:39627 - 0 ] INFO  ozoneimpl.OzoneContainer (OzoneContainer.java:start(397)) - Attempting to start container services.
2023-04-21 06:17:21,964 [EndpointStateMachine task thread for /0.0.0.0:39627 - 0 ] INFO  ozoneimpl.OzoneContainer (OzoneContainer.java:startContainerScrub(314)) - Scheduled background container scanners and the on-demand container scanner have been disabled.
2023-04-21 06:17:21,967 [EndpointStateMachine task thread for /0.0.0.0:39627 - 0 ] INFO  replication.ReplicationServer (ReplicationServer.java:start(109)) - ReplicationServer is started using port 42643
2023-04-21 06:17:21,967 [EndpointStateMachine task thread for /0.0.0.0:39627 - 0 ] INFO  ratis.XceiverServerRatis (XceiverServerRatis.java:start(517)) - Starting XceiverServerRatis 2457f6ab-98f5-4e31-8316-f4a85dbaacb6
2023-04-21 06:17:21,975 [EndpointStateMachine task thread for /0.0.0.0:39627 - 0 ] INFO  server.RaftServer (RaftServerProxy.java:startImpl(393)) - 2457f6ab-98f5-4e31-8316-f4a85dbaacb6: start RPC server
2023-04-21 06:17:21,979 [EndpointStateMachine task thread for /0.0.0.0:39627 - 0 ] INFO  server.GrpcService (GrpcService.java:startImpl(262)) - 2457f6ab-98f5-4e31-8316-f4a85dbaacb6: GrpcService started, listening on 38163
2023-04-21 06:17:21,980 [EndpointStateMachine task thread for /0.0.0.0:39627 - 0 ] INFO  ratis.XceiverServerRatis (XceiverServerRatis.java:getRealPort(543)) - XceiverServerRatis 2457f6ab-98f5-4e31-8316-f4a85dbaacb6 is started using port 38163 for RATIS
2023-04-21 06:17:21,980 [JvmPauseMonitor15] INFO  util.JvmPauseMonitor (JvmPauseMonitor.java:run(105)) - JvmPauseMonitor-2457f6ab-98f5-4e31-8316-f4a85dbaacb6: Started
2023-04-21 06:17:21,980 [EndpointStateMachine task thread for /0.0.0.0:39627 - 0 ] INFO  ratis.XceiverServerRatis (XceiverServerRatis.java:getRealPort(543)) - XceiverServerRatis 2457f6ab-98f5-4e31-8316-f4a85dbaacb6 is started using port 38163 for RATIS_ADMIN
2023-04-21 06:17:21,980 [EndpointStateMachine task thread for /0.0.0.0:39627 - 0 ] INFO  ratis.XceiverServerRatis (XceiverServerRatis.java:getRealPort(543)) - XceiverServerRatis 2457f6ab-98f5-4e31-8316-f4a85dbaacb6 is started using port 38163 for RATIS_SERVER
2023-04-21 06:17:21,980 [EndpointStateMachine task thread for /0.0.0.0:39627 - 0 ] INFO  ratis.XceiverServerRatis (XceiverServerRatis.java:getRealPort(543)) - XceiverServerRatis 2457f6ab-98f5-4e31-8316-f4a85dbaacb6 is started using port 41409 for RATIS_DATASTREAM
2023-04-21 06:17:21,986 [EndpointStateMachine task thread for /0.0.0.0:39627 - 0 ] INFO  server.XceiverServerGrpc (XceiverServerGrpc.java:start(180)) - XceiverServerGrpc 2457f6ab-98f5-4e31-8316-f4a85dbaacb6 is started using port 41677
2023-04-21 06:17:21,990 [BlockDeletingService#0] INFO  interfaces.ContainerDeletionChoosingPolicyTemplate (ContainerDeletionChoosingPolicyTemplate.java:chooseContainerForBlockDeletion(83)) - Chosen 0/5000 blocks from 0 candidate containers.
2023-04-21 06:17:22,916 [Listener at 127.0.0.1/43161] INFO  ozone.MiniOzoneClusterImpl (MiniOzoneClusterImpl.java:lambda$waitForClusterToBeReady$0(223)) - Waiting for nodes to be ready. Got 0 of 3 DN Heartbeats.
2023-04-21 06:17:22,916 [Listener at 127.0.0.1/43161] INFO  ozone.MiniOzoneClusterImpl (MiniOzoneClusterImpl.java:lambda$waitForClusterToBeReady$0(226)) - Waiting for cluster to exit safe mode
2023-04-21 06:17:22,916 [Listener at 127.0.0.1/43161] INFO  ozone.MiniOzoneClusterImpl (MiniOzoneClusterImpl.java:lambda$waitForClusterToBeReady$0(228)) - SCM became leader
2023-04-21 06:17:22,957 [IPC Server handler 2 on default port 39627] INFO  net.NetworkTopologyImpl (NetworkTopologyImpl.java:add(112)) - Added a new node: /default-rack/b10b19f2-b437-4018-b293-79a1594e0d1d
2023-04-21 06:17:22,957 [IPC Server handler 2 on default port 39627] INFO  node.SCMNodeManager (SCMNodeManager.java:register(404)) - Registered Data node : b10b19f2-b437-4018-b293-79a1594e0d1d{ip: 10.1.0.35, host: fv-az205-422, ports: [HTTP=43993, REPLICATION=37277, RATIS=45779, RATIS_ADMIN=45779, RATIS_SERVER=45779, RATIS_DATASTREAM=45683, STANDALONE=45447], networkLocation: /default-rack, certSerialId: null, persistedOpState: null, persistedOpStateExpiryEpochSec: 0}
2023-04-21 06:17:22,959 [EventQueue-NodeRegistrationContainerReportForContainerSafeModeRule] INFO  safemode.SCMSafeModeManager (SCMSafeModeManager.java:validateSafeModeExitRules(200)) - ContainerSafeModeRule rule is successfully validated
2023-04-21 06:17:22,959 [EventQueue-NodeRegistrationContainerReportForDataNodeSafeModeRule] INFO  safemode.SCMSafeModeManager (DataNodeSafeModeRule.java:process(71)) - SCM in safe mode. 1 DataNodes registered, 3 required.
2023-04-21 06:17:22,964 [EventQueue-PipelineReportForOneReplicaPipelineSafeModeRule] INFO  safemode.SCMSafeModeManager (SCMSafeModeManager.java:validateSafeModeExitRules(200)) - AtleastOneDatanodeReportedRule rule is successfully validated
2023-04-21 06:17:22,966 [EventQueue-NewNodeForNewNodeHandler] INFO  pipeline.BackgroundPipelineCreator (BackgroundPipelineCreator.java:notifyEventTriggered(276)) - trigger a one-shot run on RatisPipelineUtilsThread.
2023-04-21 06:17:22,966 [RatisPipelineUtilsThread - 0] INFO  pipeline.RatisPipelineProvider (RatisPipelineProvider.java:lambda$create$0(206)) - Sending CreatePipelineCommand for pipeline:PipelineID=43450c5d-7459-400e-a8a5-3b4d5cf0a56b to datanode:b10b19f2-b437-4018-b293-79a1594e0d1d
2023-04-21 06:17:22,968 [RatisPipelineUtilsThread - 0] INFO  pipeline.PipelineStateManagerImpl (PipelineStateManagerImpl.java:addPipeline(103)) - Created pipeline Pipeline[ Id: 43450c5d-7459-400e-a8a5-3b4d5cf0a56b, Nodes: b10b19f2-b437-4018-b293-79a1594e0d1d(fv-az205-422/10.1.0.35), ReplicationConfig: RATIS/ONE, State:ALLOCATED, leaderId:, CreationTimestamp2023-04-21T06:17:22.966Z[Etc/UTC]].
2023-04-21 06:17:23,373 [IPC Server handler 0 on default port 39627] INFO  net.NetworkTopologyImpl (NetworkTopologyImpl.java:add(112)) - Added a new node: /default-rack/142967e0-cde1-4161-8781-84ec4035a462
2023-04-21 06:17:23,374 [IPC Server handler 0 on default port 39627] INFO  node.SCMNodeManager (SCMNodeManager.java:register(404)) - Registered Data node : 142967e0-cde1-4161-8781-84ec4035a462{ip: 10.1.0.35, host: fv-az205-422, ports: [HTTP=37869, REPLICATION=37693, RATIS=46373, RATIS_ADMIN=46373, RATIS_SERVER=46373, RATIS_DATASTREAM=40011, STANDALONE=37247], networkLocation: /default-rack, certSerialId: null, persistedOpState: null, persistedOpStateExpiryEpochSec: 0}
2023-04-21 06:17:23,375 [EventQueue-NewNodeForNewNodeHandler] INFO  pipeline.BackgroundPipelineCreator (BackgroundPipelineCreator.java:notifyEventTriggered(276)) - trigger a one-shot run on RatisPipelineUtilsThread.
2023-04-21 06:17:23,376 [RatisPipelineUtilsThread - 0] INFO  pipeline.RatisPipelineProvider (RatisPipelineProvider.java:lambda$create$0(206)) - Sending CreatePipelineCommand for pipeline:PipelineID=4cdb3821-9f3a-4f23-94a7-d78ddd9a710a to datanode:142967e0-cde1-4161-8781-84ec4035a462
2023-04-21 06:17:23,376 [RatisPipelineUtilsThread - 0] INFO  pipeline.PipelineStateManagerImpl (PipelineStateManagerImpl.java:addPipeline(103)) - Created pipeline Pipeline[ Id: 4cdb3821-9f3a-4f23-94a7-d78ddd9a710a, Nodes: 142967e0-cde1-4161-8781-84ec4035a462(fv-az205-422/10.1.0.35), ReplicationConfig: RATIS/ONE, State:ALLOCATED, leaderId:, CreationTimestamp2023-04-21T06:17:23.375Z[Etc/UTC]].
2023-04-21 06:17:23,378 [EventQueue-NodeRegistrationContainerReportForDataNodeSafeModeRule] INFO  safemode.SCMSafeModeManager (DataNodeSafeModeRule.java:process(71)) - SCM in safe mode. 2 DataNodes registered, 3 required.
2023-04-21 06:17:23,917 [Listener at 127.0.0.1/43161] INFO  ozone.MiniOzoneClusterImpl (MiniOzoneClusterImpl.java:lambda$waitForClusterToBeReady$0(223)) - Waiting for nodes to be ready. Got 2 of 3 DN Heartbeats.
2023-04-21 06:17:23,917 [Listener at 127.0.0.1/43161] INFO  ozone.MiniOzoneClusterImpl (MiniOzoneClusterImpl.java:lambda$waitForClusterToBeReady$0(226)) - Waiting for cluster to exit safe mode
2023-04-21 06:17:23,917 [Listener at 127.0.0.1/43161] INFO  ozone.MiniOzoneClusterImpl (MiniOzoneClusterImpl.java:lambda$waitForClusterToBeReady$0(228)) - SCM became leader
2023-04-21 06:17:23,923 [IPC Server handler 1 on default port 39627] INFO  net.NetworkTopologyImpl (NetworkTopologyImpl.java:add(112)) - Added a new node: /default-rack/2457f6ab-98f5-4e31-8316-f4a85dbaacb6
2023-04-21 06:17:23,924 [IPC Server handler 1 on default port 39627] INFO  node.SCMNodeManager (SCMNodeManager.java:register(404)) - Registered Data node : 2457f6ab-98f5-4e31-8316-f4a85dbaacb6{ip: 10.1.0.35, host: fv-az205-422, ports: [HTTP=46629, REPLICATION=42643, RATIS=38163, RATIS_ADMIN=38163, RATIS_SERVER=38163, RATIS_DATASTREAM=41409, STANDALONE=41677], networkLocation: /default-rack, certSerialId: null, persistedOpState: null, persistedOpStateExpiryEpochSec: 0}
2023-04-21 06:17:23,924 [EventQueue-NewNodeForNewNodeHandler] INFO  pipeline.BackgroundPipelineCreator (BackgroundPipelineCreator.java:notifyEventTriggered(276)) - trigger a one-shot run on RatisPipelineUtilsThread.
2023-04-21 06:17:23,924 [EventQueue-NodeRegistrationContainerReportForDataNodeSafeModeRule] INFO  safemode.SCMSafeModeManager (DataNodeSafeModeRule.java:process(71)) - SCM in safe mode. 3 DataNodes registered, 3 required.
2023-04-21 06:17:23,924 [EventQueue-NodeRegistrationContainerReportForDataNodeSafeModeRule] INFO  safemode.SCMSafeModeManager (SCMSafeModeManager.java:validateSafeModeExitRules(200)) - DataNodeSafeModeRule rule is successfully validated
2023-04-21 06:17:23,924 [EventQueue-NodeRegistrationContainerReportForDataNodeSafeModeRule] INFO  safemode.SCMSafeModeManager (SCMSafeModeManager.java:completePreCheck(229)) - All SCM safe mode pre check rules have passed
2023-04-21 06:17:23,924 [EventQueue-NodeRegistrationContainerReportForDataNodeSafeModeRule] INFO  ha.SCMContext (SCMContext.java:updateSafeModeStatus(228)) - Update SafeModeStatus from SafeModeStatus{safeModeStatus=true, preCheckPassed=false} to SafeModeStatus{safeModeStatus=true, preCheckPassed=true}.
2023-04-21 06:17:23,924 [EventQueue-NodeRegistrationContainerReportForDataNodeSafeModeRule] INFO  pipeline.BackgroundPipelineCreator (BackgroundPipelineCreator.java:notifyEventTriggered(276)) - trigger a one-shot run on RatisPipelineUtilsThread.
2023-04-21 06:17:23,924 [RatisPipelineUtilsThread - 0] INFO  pipeline.RatisPipelineProvider (RatisPipelineProvider.java:lambda$create$0(206)) - Sending CreatePipelineCommand for pipeline:PipelineID=05e9ffef-35b9-4c39-a5cb-2d532cfe1273 to datanode:2457f6ab-98f5-4e31-8316-f4a85dbaacb6
2023-04-21 06:17:23,925 [RatisPipelineUtilsThread - 0] INFO  pipeline.PipelineStateManagerImpl (PipelineStateManagerImpl.java:addPipeline(103)) - Created pipeline Pipeline[ Id: 05e9ffef-35b9-4c39-a5cb-2d532cfe1273, Nodes: 2457f6ab-98f5-4e31-8316-f4a85dbaacb6(fv-az205-422/10.1.0.35), ReplicationConfig: RATIS/ONE, State:ALLOCATED, leaderId:, CreationTimestamp2023-04-21T06:17:23.924Z[Etc/UTC]].
2023-04-21 06:17:23,925 [RatisPipelineUtilsThread - 0] INFO  pipeline.RatisPipelineProvider (RatisPipelineProvider.java:lambda$create$0(206)) - Sending CreatePipelineCommand for pipeline:PipelineID=6a123b5e-a3ff-4d88-9f22-fe82739b280f to datanode:b10b19f2-b437-4018-b293-79a1594e0d1d
2023-04-21 06:17:23,925 [RatisPipelineUtilsThread - 0] INFO  pipeline.RatisPipelineProvider (RatisPipelineProvider.java:lambda$create$0(206)) - Sending CreatePipelineCommand for pipeline:PipelineID=6a123b5e-a3ff-4d88-9f22-fe82739b280f to datanode:142967e0-cde1-4161-8781-84ec4035a462
2023-04-21 06:17:23,926 [RatisPipelineUtilsThread - 0] INFO  pipeline.RatisPipelineProvider (RatisPipelineProvider.java:lambda$create$0(206)) - Sending CreatePipelineCommand for pipeline:PipelineID=6a123b5e-a3ff-4d88-9f22-fe82739b280f to datanode:2457f6ab-98f5-4e31-8316-f4a85dbaacb6
2023-04-21 06:17:23,926 [RatisPipelineUtilsThread - 0] INFO  pipeline.PipelineStateManagerImpl (PipelineStateManagerImpl.java:addPipeline(103)) - Created pipeline Pipeline[ Id: 6a123b5e-a3ff-4d88-9f22-fe82739b280f, Nodes: b10b19f2-b437-4018-b293-79a1594e0d1d(fv-az205-422/10.1.0.35)142967e0-cde1-4161-8781-84ec4035a462(fv-az205-422/10.1.0.35)2457f6ab-98f5-4e31-8316-f4a85dbaacb6(fv-az205-422/10.1.0.35), ReplicationConfig: RATIS/THREE, State:ALLOCATED, leaderId:, CreationTimestamp2023-04-21T06:17:23.925Z[Etc/UTC]].
2023-04-21 06:17:23,927 [RatisPipelineUtilsThread - 0] INFO  pipeline.RatisPipelineProvider (RatisPipelineProvider.java:lambda$create$0(206)) - Sending CreatePipelineCommand for pipeline:PipelineID=a844d6f6-b9d9-4ad9-9c35-b9d258aaaaec to datanode:142967e0-cde1-4161-8781-84ec4035a462
2023-04-21 06:17:23,927 [RatisPipelineUtilsThread - 0] INFO  pipeline.RatisPipelineProvider (RatisPipelineProvider.java:lambda$create$0(206)) - Sending CreatePipelineCommand for pipeline:PipelineID=a844d6f6-b9d9-4ad9-9c35-b9d258aaaaec to datanode:b10b19f2-b437-4018-b293-79a1594e0d1d
2023-04-21 06:17:23,927 [RatisPipelineUtilsThread - 0] INFO  pipeline.RatisPipelineProvider (RatisPipelineProvider.java:lambda$create$0(206)) - Sending CreatePipelineCommand for pipeline:PipelineID=a844d6f6-b9d9-4ad9-9c35-b9d258aaaaec to datanode:2457f6ab-98f5-4e31-8316-f4a85dbaacb6
2023-04-21 06:17:23,928 [RatisPipelineUtilsThread - 0] INFO  pipeline.PipelineStateManagerImpl (PipelineStateManagerImpl.java:addPipeline(103)) - Created pipeline Pipeline[ Id: a844d6f6-b9d9-4ad9-9c35-b9d258aaaaec, Nodes: 142967e0-cde1-4161-8781-84ec4035a462(fv-az205-422/10.1.0.35)b10b19f2-b437-4018-b293-79a1594e0d1d(fv-az205-422/10.1.0.35)2457f6ab-98f5-4e31-8316-f4a85dbaacb6(fv-az205-422/10.1.0.35), ReplicationConfig: RATIS/THREE, State:ALLOCATED, leaderId:, CreationTimestamp2023-04-21T06:17:23.927Z[Etc/UTC]].
2023-04-21 06:17:23,928 [RatisPipelineUtilsThread - 0] INFO  pipeline.PipelineManagerImpl (PipelineManagerImpl.java:recordMetricsForPipeline(826)) - Pipeline: PipelineID=a844d6f6-b9d9-4ad9-9c35-b9d258aaaaec contains same datanodes as previous pipelines: PipelineID=6a123b5e-a3ff-4d88-9f22-fe82739b280f nodeIds: 142967e0-cde1-4161-8781-84ec4035a462, b10b19f2-b437-4018-b293-79a1594e0d1d, 2457f6ab-98f5-4e31-8316-f4a85dbaacb6
2023-04-21 06:17:23,934 [RatisPipelineUtilsThread - 0] WARN  pipeline.PipelinePlacementPolicy (PipelinePlacementPolicy.java:filterViableNodes(160)) - Pipeline creation failed due to no sufficient healthy datanodes. Required 3. Found 0. Excluded 3.
2023-04-21 06:17:23,936 [RatisPipelineUtilsThread - 0] WARN  pipeline.PipelinePlacementPolicy (PipelinePlacementPolicy.java:filterViableNodes(160)) - Pipeline creation failed due to no sufficient healthy datanodes. Required 3. Found 0. Excluded 3.
2023-04-21 06:17:24,917 [Listener at 127.0.0.1/43161] INFO  ozone.MiniOzoneClusterImpl (MiniOzoneClusterImpl.java:lambda$waitForClusterToBeReady$0(223)) - Nodes are ready. Got 3 of 3 DN Heartbeats.
2023-04-21 06:17:24,917 [Listener at 127.0.0.1/43161] INFO  ozone.MiniOzoneClusterImpl (MiniOzoneClusterImpl.java:lambda$waitForClusterToBeReady$0(226)) - Waiting for cluster to exit safe mode
2023-04-21 06:17:24,917 [Listener at 127.0.0.1/43161] INFO  ozone.MiniOzoneClusterImpl (MiniOzoneClusterImpl.java:lambda$waitForClusterToBeReady$0(228)) - SCM became leader
2023-04-21 06:17:25,918 [Listener at 127.0.0.1/43161] INFO  ozone.MiniOzoneClusterImpl (MiniOzoneClusterImpl.java:lambda$waitForClusterToBeReady$0(223)) - Nodes are ready. Got 3 of 3 DN Heartbeats.
2023-04-21 06:17:25,918 [Listener at 127.0.0.1/43161] INFO  ozone.MiniOzoneClusterImpl (MiniOzoneClusterImpl.java:lambda$waitForClusterToBeReady$0(226)) - Waiting for cluster to exit safe mode
2023-04-21 06:17:25,918 [Listener at 127.0.0.1/43161] INFO  ozone.MiniOzoneClusterImpl (MiniOzoneClusterImpl.java:lambda$waitForClusterToBeReady$0(228)) - SCM became leader
2023-04-21 06:17:25,954 [Command processor thread] INFO  server.RaftServer (RaftServerProxy.java:addNew(96)) - b10b19f2-b437-4018-b293-79a1594e0d1d: addNew group-3B4D5CF0A56B:[b10b19f2-b437-4018-b293-79a1594e0d1d|rpc:10.1.0.35:45779|dataStream:10.1.0.35:45683|priority:1|startupRole:FOLLOWER] returns group-3B4D5CF0A56B:java.util.concurrent.CompletableFuture@78e2a826[Not completed]
2023-04-21 06:17:25,956 [pool-630-thread-1] INFO  server.RaftServer$Division (RaftServerImpl.java:<init>(195)) - b10b19f2-b437-4018-b293-79a1594e0d1d: new RaftServerImpl for group-3B4D5CF0A56B:[b10b19f2-b437-4018-b293-79a1594e0d1d|rpc:10.1.0.35:45779|dataStream:10.1.0.35:45683|priority:1|startupRole:FOLLOWER] with ContainerStateMachine:uninitialized
2023-04-21 06:17:25,956 [pool-630-thread-1] INFO  server.RaftServerConfigKeys (ConfUtils.java:logGet(46)) - raft.server.rpc.timeout.min = 5s (custom)
2023-04-21 06:17:25,956 [pool-630-thread-1] INFO  server.RaftServerConfigKeys (ConfUtils.java:logGet(46)) - raft.server.rpc.timeout.max = 5200ms (custom)
2023-04-21 06:17:25,956 [pool-630-thread-1] INFO  server.RaftServerConfigKeys (ConfUtils.java:logGet(46)) - raft.server.rpc.sleep.time = 25ms (default)
2023-04-21 06:17:25,956 [pool-630-thread-1] INFO  server.RaftServerConfigKeys (ConfUtils.java:logGet(46)) - raft.server.rpc.slowness.timeout = 300s (custom)
2023-04-21 06:17:25,956 [pool-630-thread-1] INFO  server.RaftServerConfigKeys (ConfUtils.java:logGet(46)) - raft.server.leaderelection.leader.step-down.wait-time = 10s (default)
2023-04-21 06:17:25,956 [pool-630-thread-1] INFO  server.RaftServerConfigKeys (ConfUtils.java:logGet(46)) - raft.server.sleep.deviation.threshold = 300ms (default)
2023-04-21 06:17:25,956 [pool-630-thread-1] INFO  server.RaftServer$Division (ServerState.java:<init>(118)) - b10b19f2-b437-4018-b293-79a1594e0d1d@group-3B4D5CF0A56B: ConfigurationManager, init=-1: peers:[b10b19f2-b437-4018-b293-79a1594e0d1d|rpc:10.1.0.35:45779|dataStream:10.1.0.35:45683|priority:1|startupRole:FOLLOWER]|listeners:[], old=null, confs=<EMPTY_MAP>
2023-04-21 06:17:25,957 [pool-630-thread-1] INFO  server.RaftServerConfigKeys (ConfUtils.java:logGet(46)) - raft.server.storage.dir = [/home/runner/work/ozone/ozone/hadoop-ozone/integration-test/target/test-dir/MiniOzoneClusterImpl-e26617af-e5aa-412c-8148-e33214803cb3/datanode-0/data/ratis] (custom)
2023-04-21 06:17:25,957 [pool-630-thread-1] INFO  server.RaftServerConfigKeys (ConfUtils.java:logGet(46)) - raft.server.log.corruption.policy = EXCEPTION (default)
2023-04-21 06:17:25,957 [pool-630-thread-1] INFO  server.RaftServerConfigKeys (ConfUtils.java:logGet(46)) - raft.server.storage.free-space.min = 0MB (=0) (default)
2023-04-21 06:17:25,957 [pool-630-thread-1] INFO  server.RaftServerConfigKeys (ConfUtils.java:logGet(46)) - raft.server.notification.no-leader.timeout = 300s (custom)
2023-04-21 06:17:25,957 [pool-630-thread-1] INFO  server.RaftServerConfigKeys (ConfUtils.java:logGet(46)) - raft.server.retrycache.expirytime = 600000ms (custom)
2023-04-21 06:17:25,957 [pool-630-thread-1] INFO  server.RaftServerConfigKeys (ConfUtils.java:logGet(46)) - raft.server.retrycache.statistics.expirytime = 100μs (default)
2023-04-21 06:17:25,958 [pool-630-thread-1] INFO  server.RaftServerConfigKeys (ConfUtils.java:logGet(46)) - raft.server.log.appender.install.snapshot.enabled = false (custom)
2023-04-21 06:17:25,958 [pool-630-thread-1] INFO  server.RaftServerConfigKeys (ConfUtils.java:logGet(46)) - raft.server.threadpool.server.cached = true (default)
2023-04-21 06:17:25,958 [pool-630-thread-1] INFO  server.RaftServerConfigKeys (ConfUtils.java:logGet(46)) - raft.server.threadpool.server.size = 0 (default)
2023-04-21 06:17:25,958 [pool-630-thread-1] INFO  server.RaftServerConfigKeys (ConfUtils.java:logGet(46)) - raft.server.threadpool.client.cached = true (default)
2023-04-21 06:17:25,958 [pool-630-thread-1] INFO  server.RaftServerConfigKeys (ConfUtils.java:logGet(46)) - raft.server.threadpool.client.size = 0 (default)
2023-04-21 06:17:25,958 [pool-630-thread-1] INFO  storage.RaftStorageDirectory (RaftStorageDirectoryImpl.java:analyzeStorage(137)) - The storage directory /home/runner/work/ozone/ozone/hadoop-ozone/integration-test/target/test-dir/MiniOzoneClusterImpl-e26617af-e5aa-412c-8148-e33214803cb3/datanode-0/data/ratis/43450c5d-7459-400e-a8a5-3b4d5cf0a56b does not exist. Creating ...
2023-04-21 06:17:25,960 [pool-630-thread-1] INFO  storage.RaftStorageDirectory (RaftStorageDirectoryImpl.java:tryLock(231)) - Lock on /home/runner/work/ozone/ozone/hadoop-ozone/integration-test/target/test-dir/MiniOzoneClusterImpl-e26617af-e5aa-412c-8148-e33214803cb3/datanode-0/data/ratis/43450c5d-7459-400e-a8a5-3b4d5cf0a56b/in_use.lock acquired by nodename 2764@fv-az205-422
2023-04-21 06:17:25,961 [pool-630-thread-1] INFO  storage.RaftStorage (RaftStorageImpl.java:format(96)) - Storage directory /home/runner/work/ozone/ozone/hadoop-ozone/integration-test/target/test-dir/MiniOzoneClusterImpl-e26617af-e5aa-412c-8148-e33214803cb3/datanode-0/data/ratis/43450c5d-7459-400e-a8a5-3b4d5cf0a56b has been successfully formatted.
2023-04-21 06:17:25,963 [pool-630-thread-1] INFO  ratis.ContainerStateMachine (ContainerStateMachine.java:loadSnapshot(262)) - group-3B4D5CF0A56B: The snapshot info is null. Setting the last applied indexto:(t:0, i:~)
2023-04-21 06:17:25,963 [pool-630-thread-1] INFO  server.RaftServerConfigKeys (ConfUtils.java:logGet(46)) - raft.server.log.use.memory = false (default)
2023-04-21 06:17:25,963 [pool-630-thread-1] INFO  server.RaftServerConfigKeys (ConfUtils.java:logGet(46)) - raft.server.log.purge.gap = 1000000 (custom)
2023-04-21 06:17:25,963 [pool-630-thread-1] INFO  server.RaftServerConfigKeys (ConfUtils.java:logGet(46)) - raft.server.log.appender.buffer.byte-limit = 33554432 (custom)
2023-04-21 06:17:25,964 [pool-630-thread-1] INFO  server.RaftServerConfigKeys (ConfUtils.java:logGet(46)) - raft.server.log.statemachine.data.read.timeout = 1000ms (default)
2023-04-21 06:17:25,964 [pool-630-thread-1] INFO  server.RaftServerConfigKeys (ConfUtils.java:logGet(46)) - raft.server.log.purge.preservation.log.num = 0 (default)
2023-04-21 06:17:25,964 [pool-630-thread-1] INFO  server.RaftServerConfigKeys (ConfUtils.java:logGet(46)) - raft.server.log.segment.size.max = 1048576 (custom)
2023-04-21 06:17:25,965 [EventQueue-PipelineReportForPipelineReportHandler] INFO  pipeline.PipelineManagerImpl (PipelineManagerImpl.java:openPipeline(367)) - Pipeline Pipeline[ Id: 43450c5d-7459-400e-a8a5-3b4d5cf0a56b, Nodes: b10b19f2-b437-4018-b293-79a1594e0d1d(fv-az205-422/10.1.0.35), ReplicationConfig: RATIS/ONE, State:ALLOCATED, leaderId:b10b19f2-b437-4018-b293-79a1594e0d1d, CreationTimestamp2023-04-21T06:17:22.966Z[Etc/UTC]] moved to OPEN state
2023-04-21 06:17:25,970 [EventQueue-OpenPipelineForHealthyPipelineSafeModeRule] INFO  safemode.SCMSafeModeManager (HealthyPipelineSafeModeRule.java:process(137)) - SCM in safe mode. Healthy pipelines reported count is 0, required healthy pipeline reported count is 1
2023-04-21 06:17:25,971 [pool-630-thread-1] INFO  server.RaftServerConfigKeys (ConfUtils.java:logGet(46)) - raft.server.log.segment.cache.num.max = 2 (custom)
2023-04-21 06:17:25,971 [pool-630-thread-1] INFO  server.RaftServerConfigKeys (ConfUtils.java:logGet(46)) - raft.server.log.segment.cache.size.max = 200MB (=209715200) (default)
2023-04-21 06:17:25,971 [pool-630-thread-1] INFO  segmented.SegmentedRaftLogWorker (SegmentedRaftLogWorker.java:<init>(189)) - new b10b19f2-b437-4018-b293-79a1594e0d1d@group-3B4D5CF0A56B-SegmentedRaftLogWorker for RaftStorageImpl:Storage Directory /home/runner/work/ozone/ozone/hadoop-ozone/integration-test/target/test-dir/MiniOzoneClusterImpl-e26617af-e5aa-412c-8148-e33214803cb3/datanode-0/data/ratis/43450c5d-7459-400e-a8a5-3b4d5cf0a56b
2023-04-21 06:17:25,971 [pool-630-thread-1] INFO  server.RaftServerConfigKeys (ConfUtils.java:logGet(46)) - raft.server.log.queue.byte-limit = 4294967296 (custom)
2023-04-21 06:17:25,971 [pool-630-thread-1] INFO  server.RaftServerConfigKeys (ConfUtils.java:logGet(46)) - raft.server.log.queue.element-limit = 1024 (custom)
2023-04-21 06:17:25,971 [pool-630-thread-1] INFO  server.RaftServerConfigKeys (ConfUtils.java:logGet(46)) - raft.server.log.segment.size.max = 1048576 (custom)
2023-04-21 06:17:25,971 [pool-630-thread-1] INFO  server.RaftServerConfigKeys (ConfUtils.java:logGet(46)) - raft.server.log.preallocated.size = 16384 (custom)
2023-04-21 06:17:25,971 [pool-630-thread-1] INFO  server.RaftServerConfigKeys (ConfUtils.java:logGet(46)) - raft.server.log.force.sync.num = 128 (default)
2023-04-21 06:17:25,971 [pool-630-thread-1] INFO  server.RaftServerConfigKeys (ConfUtils.java:logGet(46)) - raft.server.log.statemachine.data.sync = true (default)
2023-04-21 06:17:25,971 [pool-630-thread-1] INFO  server.RaftServerConfigKeys (ConfUtils.java:logGet(46)) - raft.server.log.statemachine.data.sync.timeout = 10s (default)
2023-04-21 06:17:25,971 [pool-630-thread-1] INFO  server.RaftServerConfigKeys (ConfUtils.java:logGet(46)) - raft.server.log.statemachine.data.sync.timeout.retry = -1 (default)
2023-04-21 06:17:25,972 [pool-630-thread-1] INFO  server.RaftServerConfigKeys (ConfUtils.java:logGet(46)) - raft.server.log.write.buffer.size = 1048576 (custom)
2023-04-21 06:17:25,973 [pool-630-thread-1] INFO  server.RaftServerConfigKeys (ConfUtils.java:logGet(46)) - raft.server.log.appender.buffer.byte-limit = 33554432 (custom)
2023-04-21 06:17:25,979 [pool-630-thread-1] INFO  server.RaftServerConfigKeys (ConfUtils.java:logGet(46)) - raft.server.log.unsafe-flush.enabled = false (default)
2023-04-21 06:17:25,980 [pool-630-thread-1] INFO  server.RaftServerConfigKeys (ConfUtils.java:logGet(46)) - raft.server.log.async-flush.enabled = false (default)
2023-04-21 06:17:25,980 [pool-630-thread-1] INFO  server.RaftServerConfigKeys (ConfUtils.java:logGet(46)) - raft.server.log.statemachine.data.caching.enabled = true (custom)
2023-04-21 06:17:25,980 [pool-630-thread-1] INFO  segmented.SegmentedRaftLogWorker (SegmentedRaftLogWorker.java:lambda$new$0(135)) - b10b19f2-b437-4018-b293-79a1594e0d1d@group-3B4D5CF0A56B-SegmentedRaftLogWorker: flushIndex: setUnconditionally 0 -> -1
2023-04-21 06:17:25,980 [pool-630-thread-1] INFO  segmented.SegmentedRaftLogWorker (SegmentedRaftLogWorker.java:lambda$new$0(135)) - b10b19f2-b437-4018-b293-79a1594e0d1d@group-3B4D5CF0A56B-SegmentedRaftLogWorker: safeCacheEvictIndex: setUnconditionally 0 -> -1
2023-04-21 06:17:25,980 [pool-630-thread-1] INFO  server.RaftServer$Division (RaftServerImpl.java:start(334)) - b10b19f2-b437-4018-b293-79a1594e0d1d@group-3B4D5CF0A56B: start as a follower, conf=-1: peers:[b10b19f2-b437-4018-b293-79a1594e0d1d|rpc:10.1.0.35:45779|dataStream:10.1.0.35:45683|priority:1|startupRole:FOLLOWER]|listeners:[], old=null
2023-04-21 06:17:25,980 [pool-630-thread-1] INFO  server.RaftServer$Division (RaftServerImpl.java:setRole(321)) - b10b19f2-b437-4018-b293-79a1594e0d1d@group-3B4D5CF0A56B: changes role from      null to FOLLOWER at term 0 for startAsFollower
2023-04-21 06:17:25,980 [pool-630-thread-1] INFO  impl.RoleInfo (RoleInfo.java:updateAndGet(139)) - b10b19f2-b437-4018-b293-79a1594e0d1d: start b10b19f2-b437-4018-b293-79a1594e0d1d@group-3B4D5CF0A56B-FollowerState
2023-04-21 06:17:25,981 [pool-630-thread-1] INFO  util.JmxRegister (JmxRegister.java:tryRegister(44)) - Successfully registered JMX Bean with object name Ratis:service=RaftServer,group=group-3B4D5CF0A56B,id=b10b19f2-b437-4018-b293-79a1594e0d1d
2023-04-21 06:17:25,981 [pool-630-thread-1] INFO  server.RaftServerConfigKeys (ConfUtils.java:logGet(46)) - raft.server.snapshot.auto.trigger.enabled = true (custom)
2023-04-21 06:17:25,981 [pool-630-thread-1] INFO  server.RaftServerConfigKeys (ConfUtils.java:logGet(46)) - raft.server.snapshot.auto.trigger.threshold = 10000 (custom)
2023-04-21 06:17:25,981 [pool-630-thread-1] INFO  server.RaftServerConfigKeys (ConfUtils.java:logGet(46)) - raft.server.snapshot.retention.file.num = 5 (custom)
2023-04-21 06:17:25,981 [pool-630-thread-1] INFO  server.RaftServerConfigKeys (ConfUtils.java:logGet(46)) - raft.server.log.purge.upto.snapshot.index = false (default)
2023-04-21 06:17:25,982 [b10b19f2-b437-4018-b293-79a1594e0d1d@group-3B4D5CF0A56B-FollowerState] INFO  server.RaftServerConfigKeys (ConfUtils.java:logFallback(53)) - raft.server.rpc.first-election.timeout.min = 5s (fallback to raft.server.rpc.timeout.min)
2023-04-21 06:17:25,982 [b10b19f2-b437-4018-b293-79a1594e0d1d@group-3B4D5CF0A56B-FollowerState] INFO  server.RaftServerConfigKeys (ConfUtils.java:logFallback(53)) - raft.server.rpc.first-election.timeout.max = 5200ms (fallback to raft.server.rpc.timeout.max)
2023-04-21 06:17:25,983 [Command processor thread] INFO  ratis.XceiverServerRatis (XceiverServerRatis.java:addGroup(806)) - Created group PipelineID=43450c5d-7459-400e-a8a5-3b4d5cf0a56b
2023-04-21 06:17:25,983 [Command processor thread] INFO  commandhandler.CreatePipelineCommandHandler (CreatePipelineCommandHandler.java:handle(113)) - Created Pipeline RATIS ONE PipelineID=43450c5d-7459-400e-a8a5-3b4d5cf0a56b.
2023-04-21 06:17:25,984 [Command processor thread] INFO  server.RaftServer (RaftServerProxy.java:addNew(96)) - b10b19f2-b437-4018-b293-79a1594e0d1d: addNew group-FE82739B280F:[b10b19f2-b437-4018-b293-79a1594e0d1d|rpc:10.1.0.35:45779|dataStream:10.1.0.35:45683|priority:0|startupRole:FOLLOWER, 142967e0-cde1-4161-8781-84ec4035a462|rpc:10.1.0.35:46373|dataStream:10.1.0.35:40011|priority:1|startupRole:FOLLOWER, 2457f6ab-98f5-4e31-8316-f4a85dbaacb6|rpc:10.1.0.35:38163|dataStream:10.1.0.35:41409|priority:0|startupRole:FOLLOWER] returns group-FE82739B280F:java.util.concurrent.CompletableFuture@7cdd23e2[Not completed]
2023-04-21 06:17:25,985 [pool-630-thread-1] INFO  server.RaftServer$Division (RaftServerImpl.java:<init>(195)) - b10b19f2-b437-4018-b293-79a1594e0d1d: new RaftServerImpl for group-FE82739B280F:[b10b19f2-b437-4018-b293-79a1594e0d1d|rpc:10.1.0.35:45779|dataStream:10.1.0.35:45683|priority:0|startupRole:FOLLOWER, 142967e0-cde1-4161-8781-84ec4035a462|rpc:10.1.0.35:46373|dataStream:10.1.0.35:40011|priority:1|startupRole:FOLLOWER, 2457f6ab-98f5-4e31-8316-f4a85dbaacb6|rpc:10.1.0.35:38163|dataStream:10.1.0.35:41409|priority:0|startupRole:FOLLOWER] with ContainerStateMachine:uninitialized
2023-04-21 06:17:25,985 [pool-630-thread-1] INFO  server.RaftServerConfigKeys (ConfUtils.java:logGet(46)) - raft.server.rpc.timeout.min = 5s (custom)
2023-04-21 06:17:25,985 [pool-630-thread-1] INFO  server.RaftServerConfigKeys (ConfUtils.java:logGet(46)) - raft.server.rpc.timeout.max = 5200ms (custom)
2023-04-21 06:17:25,985 [pool-630-thread-1] INFO  server.RaftServerConfigKeys (ConfUtils.java:logGet(46)) - raft.server.rpc.sleep.time = 25ms (default)
2023-04-21 06:17:25,985 [pool-630-thread-1] INFO  server.RaftServerConfigKeys (ConfUtils.java:logGet(46)) - raft.server.rpc.slowness.timeout = 300s (custom)
2023-04-21 06:17:25,985 [pool-630-thread-1] INFO  server.RaftServerConfigKeys (ConfUtils.java:logGet(46)) - raft.server.leaderelection.leader.step-down.wait-time = 10s (default)
2023-04-21 06:17:25,985 [pool-630-thread-1] INFO  server.RaftServerConfigKeys (ConfUtils.java:logGet(46)) - raft.server.sleep.deviation.threshold = 300ms (default)
2023-04-21 06:17:25,986 [pool-630-thread-1] INFO  server.RaftServer$Division (ServerState.java:<init>(118)) - b10b19f2-b437-4018-b293-79a1594e0d1d@group-FE82739B280F: ConfigurationManager, init=-1: peers:[b10b19f2-b437-4018-b293-79a1594e0d1d|rpc:10.1.0.35:45779|dataStream:10.1.0.35:45683|priority:0|startupRole:FOLLOWER, 142967e0-cde1-4161-8781-84ec4035a462|rpc:10.1.0.35:46373|dataStream:10.1.0.35:40011|priority:1|startupRole:FOLLOWER, 2457f6ab-98f5-4e31-8316-f4a85dbaacb6|rpc:10.1.0.35:38163|dataStream:10.1.0.35:41409|priority:0|startupRole:FOLLOWER]|listeners:[], old=null, confs=<EMPTY_MAP>
2023-04-21 06:17:25,986 [pool-630-thread-1] INFO  server.RaftServerConfigKeys (ConfUtils.java:logGet(46)) - raft.server.storage.dir = [/home/runner/work/ozone/ozone/hadoop-ozone/integration-test/target/test-dir/MiniOzoneClusterImpl-e26617af-e5aa-412c-8148-e33214803cb3/datanode-0/data/ratis] (custom)
2023-04-21 06:17:25,986 [pool-630-thread-1] INFO  server.RaftServerConfigKeys (ConfUtils.java:logGet(46)) - raft.server.log.corruption.policy = EXCEPTION (default)
2023-04-21 06:17:25,986 [pool-630-thread-1] INFO  server.RaftServerConfigKeys (ConfUtils.java:logGet(46)) - raft.server.storage.free-space.min = 0MB (=0) (default)
2023-04-21 06:17:25,988 [pool-630-thread-1] INFO  server.RaftServerConfigKeys (ConfUtils.java:logGet(46)) - raft.server.notification.no-leader.timeout = 300s (custom)
2023-04-21 06:17:25,988 [pool-630-thread-1] INFO  server.RaftServerConfigKeys (ConfUtils.java:logGet(46)) - raft.server.retrycache.expirytime = 600000ms (custom)
2023-04-21 06:17:25,988 [pool-630-thread-1] INFO  server.RaftServerConfigKeys (ConfUtils.java:logGet(46)) - raft.server.retrycache.statistics.expirytime = 100μs (default)
2023-04-21 06:17:25,989 [pool-630-thread-1] INFO  server.RaftServerConfigKeys (ConfUtils.java:logGet(46)) - raft.server.log.appender.install.snapshot.enabled = false (custom)
2023-04-21 06:17:25,989 [pool-630-thread-1] INFO  server.RaftServerConfigKeys (ConfUtils.java:logGet(46)) - raft.server.threadpool.server.cached = true (default)
2023-04-21 06:17:25,989 [pool-630-thread-1] INFO  server.RaftServerConfigKeys (ConfUtils.java:logGet(46)) - raft.server.threadpool.server.size = 0 (default)
2023-04-21 06:17:25,989 [pool-630-thread-1] INFO  server.RaftServerConfigKeys (ConfUtils.java:logGet(46)) - raft.server.threadpool.client.cached = true (default)
2023-04-21 06:17:25,990 [pool-630-thread-1] INFO  server.RaftServerConfigKeys (ConfUtils.java:logGet(46)) - raft.server.threadpool.client.size = 0 (default)
2023-04-21 06:17:25,990 [pool-630-thread-1] INFO  storage.RaftStorageDirectory (RaftStorageDirectoryImpl.java:analyzeStorage(137)) - The storage directory /home/runner/work/ozone/ozone/hadoop-ozone/integration-test/target/test-dir/MiniOzoneClusterImpl-e26617af-e5aa-412c-8148-e33214803cb3/datanode-0/data/ratis/6a123b5e-a3ff-4d88-9f22-fe82739b280f does not exist. Creating ...
2023-04-21 06:17:25,992 [pool-630-thread-1] INFO  storage.RaftStorageDirectory (RaftStorageDirectoryImpl.java:tryLock(231)) - Lock on /home/runner/work/ozone/ozone/hadoop-ozone/integration-test/target/test-dir/MiniOzoneClusterImpl-e26617af-e5aa-412c-8148-e33214803cb3/datanode-0/data/ratis/6a123b5e-a3ff-4d88-9f22-fe82739b280f/in_use.lock acquired by nodename 2764@fv-az205-422
2023-04-21 06:17:25,994 [pool-630-thread-1] INFO  storage.RaftStorage (RaftStorageImpl.java:format(96)) - Storage directory /home/runner/work/ozone/ozone/hadoop-ozone/integration-test/target/test-dir/MiniOzoneClusterImpl-e26617af-e5aa-412c-8148-e33214803cb3/datanode-0/data/ratis/6a123b5e-a3ff-4d88-9f22-fe82739b280f has been successfully formatted.
2023-04-21 06:17:25,994 [pool-630-thread-1] INFO  ratis.ContainerStateMachine (ContainerStateMachine.java:loadSnapshot(262)) - group-FE82739B280F: The snapshot info is null. Setting the last applied indexto:(t:0, i:~)
2023-04-21 06:17:25,994 [pool-630-thread-1] INFO  server.RaftServerConfigKeys (ConfUtils.java:logGet(46)) - raft.server.log.use.memory = false (default)
2023-04-21 06:17:25,994 [pool-630-thread-1] INFO  server.RaftServerConfigKeys (ConfUtils.java:logGet(46)) - raft.server.log.purge.gap = 1000000 (custom)
2023-04-21 06:17:25,995 [pool-630-thread-1] INFO  server.RaftServerConfigKeys (ConfUtils.java:logGet(46)) - raft.server.log.appender.buffer.byte-limit = 33554432 (custom)
2023-04-21 06:17:25,995 [pool-630-thread-1] INFO  server.RaftServerConfigKeys (ConfUtils.java:logGet(46)) - raft.server.log.statemachine.data.read.timeout = 1000ms (default)
2023-04-21 06:17:25,995 [pool-630-thread-1] INFO  server.RaftServerConfigKeys (ConfUtils.java:logGet(46)) - raft.server.log.purge.preservation.log.num = 0 (default)
2023-04-21 06:17:25,995 [pool-630-thread-1] INFO  server.RaftServerConfigKeys (ConfUtils.java:logGet(46)) - raft.server.log.segment.size.max = 1048576 (custom)
2023-04-21 06:17:25,996 [EventQueue-OpenPipelineForHealthyPipelineSafeModeRule] INFO  safemode.SCMSafeModeManager (HealthyPipelineSafeModeRule.java:process(137)) - SCM in safe mode. Healthy pipelines reported count is 0, required healthy pipeline reported count is 1
2023-04-21 06:17:25,996 [pool-630-thread-1] INFO  server.RaftServerConfigKeys (ConfUtils.java:logGet(46)) - raft.server.log.segment.cache.num.max = 2 (custom)
2023-04-21 06:17:25,996 [pool-630-thread-1] INFO  server.RaftServerConfigKeys (ConfUtils.java:logGet(46)) - raft.server.log.segment.cache.size.max = 200MB (=209715200) (default)
2023-04-21 06:17:25,996 [pool-630-thread-1] INFO  segmented.SegmentedRaftLogWorker (SegmentedRaftLogWorker.java:<init>(189)) - new b10b19f2-b437-4018-b293-79a1594e0d1d@group-FE82739B280F-SegmentedRaftLogWorker for RaftStorageImpl:Storage Directory /home/runner/work/ozone/ozone/hadoop-ozone/integration-test/target/test-dir/MiniOzoneClusterImpl-e26617af-e5aa-412c-8148-e33214803cb3/datanode-0/data/ratis/6a123b5e-a3ff-4d88-9f22-fe82739b280f
2023-04-21 06:17:25,996 [pool-630-thread-1] INFO  server.RaftServerConfigKeys (ConfUtils.java:logGet(46)) - raft.server.log.queue.byte-limit = 4294967296 (custom)
2023-04-21 06:17:25,996 [pool-630-thread-1] INFO  server.RaftServerConfigKeys (ConfUtils.java:logGet(46)) - raft.server.log.queue.element-limit = 1024 (custom)
2023-04-21 06:17:25,996 [pool-630-thread-1] INFO  server.RaftServerConfigKeys (ConfUtils.java:logGet(46)) - raft.server.log.segment.size.max = 1048576 (custom)
2023-04-21 06:17:25,997 [pool-630-thread-1] INFO  server.RaftServerConfigKeys (ConfUtils.java:logGet(46)) - raft.server.log.preallocated.size = 16384 (custom)
2023-04-21 06:17:25,997 [pool-630-thread-1] INFO  server.RaftServerConfigKeys (ConfUtils.java:logGet(46)) - raft.server.log.force.sync.num = 128 (default)
2023-04-21 06:17:25,997 [pool-630-thread-1] INFO  server.RaftServerConfigKeys (ConfUtils.java:logGet(46)) - raft.server.log.statemachine.data.sync = true (default)
2023-04-21 06:17:25,997 [pool-630-thread-1] INFO  server.RaftServerConfigKeys (ConfUtils.java:logGet(46)) - raft.server.log.statemachine.data.sync.timeout = 10s (default)
2023-04-21 06:17:25,997 [pool-630-thread-1] INFO  server.RaftServerConfigKeys (ConfUtils.java:logGet(46)) - raft.server.log.statemachine.data.sync.timeout.retry = -1 (default)
2023-04-21 06:17:25,997 [pool-630-thread-1] INFO  server.RaftServerConfigKeys (ConfUtils.java:logGet(46)) - raft.server.log.write.buffer.size = 1048576 (custom)
2023-04-21 06:17:25,998 [pool-630-thread-1] INFO  server.RaftServerConfigKeys (ConfUtils.java:logGet(46)) - raft.server.log.appender.buffer.byte-limit = 33554432 (custom)
2023-04-21 06:17:26,007 [pool-630-thread-1] INFO  server.RaftServerConfigKeys (ConfUtils.java:logGet(46)) - raft.server.log.unsafe-flush.enabled = false (default)
2023-04-21 06:17:26,007 [pool-630-thread-1] INFO  server.RaftServerConfigKeys (ConfUtils.java:logGet(46)) - raft.server.log.async-flush.enabled = false (default)
2023-04-21 06:17:26,007 [pool-630-thread-1] INFO  server.RaftServerConfigKeys (ConfUtils.java:logGet(46)) - raft.server.log.statemachine.data.caching.enabled = true (custom)
2023-04-21 06:17:26,007 [pool-630-thread-1] INFO  segmented.SegmentedRaftLogWorker (SegmentedRaftLogWorker.java:lambda$new$0(135)) - b10b19f2-b437-4018-b293-79a1594e0d1d@group-FE82739B280F-SegmentedRaftLogWorker: flushIndex: setUnconditionally 0 -> -1
2023-04-21 06:17:26,007 [pool-630-thread-1] INFO  segmented.SegmentedRaftLogWorker (SegmentedRaftLogWorker.java:lambda$new$0(135)) - b10b19f2-b437-4018-b293-79a1594e0d1d@group-FE82739B280F-SegmentedRaftLogWorker: safeCacheEvictIndex: setUnconditionally 0 -> -1
2023-04-21 06:17:26,010 [pool-630-thread-1] INFO  server.RaftServer$Division (RaftServerImpl.java:start(334)) - b10b19f2-b437-4018-b293-79a1594e0d1d@group-FE82739B280F: start as a follower, conf=-1: peers:[b10b19f2-b437-4018-b293-79a1594e0d1d|rpc:10.1.0.35:45779|dataStream:10.1.0.35:45683|priority:0|startupRole:FOLLOWER, 142967e0-cde1-4161-8781-84ec4035a462|rpc:10.1.0.35:46373|dataStream:10.1.0.35:40011|priority:1|startupRole:FOLLOWER, 2457f6ab-98f5-4e31-8316-f4a85dbaacb6|rpc:10.1.0.35:38163|dataStream:10.1.0.35:41409|priority:0|startupRole:FOLLOWER]|listeners:[], old=null
2023-04-21 06:17:26,010 [pool-630-thread-1] INFO  server.RaftServer$Division (RaftServerImpl.java:setRole(321)) - b10b19f2-b437-4018-b293-79a1594e0d1d@group-FE82739B280F: changes role from      null to FOLLOWER at term 0 for startAsFollower
2023-04-21 06:17:26,010 [pool-630-thread-1] INFO  impl.RoleInfo (RoleInfo.java:updateAndGet(139)) - b10b19f2-b437-4018-b293-79a1594e0d1d: start b10b19f2-b437-4018-b293-79a1594e0d1d@group-FE82739B280F-FollowerState
2023-04-21 06:17:26,011 [pool-630-thread-1] INFO  util.JmxRegister (JmxRegister.java:tryRegister(44)) - Successfully registered JMX Bean with object name Ratis:service=RaftServer,group=group-FE82739B280F,id=b10b19f2-b437-4018-b293-79a1594e0d1d
2023-04-21 06:17:26,011 [pool-630-thread-1] INFO  server.RaftServerConfigKeys (ConfUtils.java:logGet(46)) - raft.server.snapshot.auto.trigger.enabled = true (custom)
2023-04-21 06:17:26,011 [pool-630-thread-1] INFO  server.RaftServerConfigKeys (ConfUtils.java:logGet(46)) - raft.server.snapshot.auto.trigger.threshold = 10000 (custom)
2023-04-21 06:17:26,011 [pool-630-thread-1] INFO  server.RaftServerConfigKeys (ConfUtils.java:logGet(46)) - raft.server.snapshot.retention.file.num = 5 (custom)
2023-04-21 06:17:26,011 [pool-630-thread-1] INFO  server.RaftServerConfigKeys (ConfUtils.java:logGet(46)) - raft.server.log.purge.upto.snapshot.index = false (default)
2023-04-21 06:17:26,013 [b10b19f2-b437-4018-b293-79a1594e0d1d@group-FE82739B280F-FollowerState] INFO  server.RaftServerConfigKeys (ConfUtils.java:logFallback(53)) - raft.server.rpc.first-election.timeout.min = 5s (fallback to raft.server.rpc.timeout.min)
2023-04-21 06:17:26,013 [b10b19f2-b437-4018-b293-79a1594e0d1d@group-FE82739B280F-FollowerState] INFO  server.RaftServerConfigKeys (ConfUtils.java:logFallback(53)) - raft.server.rpc.first-election.timeout.max = 5200ms (fallback to raft.server.rpc.timeout.max)
2023-04-21 06:17:26,013 [Command processor thread] INFO  ratis.XceiverServerRatis (XceiverServerRatis.java:addGroup(806)) - Created group PipelineID=6a123b5e-a3ff-4d88-9f22-fe82739b280f
2023-04-21 06:17:26,038 [grpc-default-executor-0] INFO  server.RaftServer (RaftServerProxy.java:addNew(96)) - 142967e0-cde1-4161-8781-84ec4035a462: addNew group-FE82739B280F:[b10b19f2-b437-4018-b293-79a1594e0d1d|rpc:10.1.0.35:45779|dataStream:10.1.0.35:45683|priority:0|startupRole:FOLLOWER, 142967e0-cde1-4161-8781-84ec4035a462|rpc:10.1.0.35:46373|dataStream:10.1.0.35:40011|priority:1|startupRole:FOLLOWER, 2457f6ab-98f5-4e31-8316-f4a85dbaacb6|rpc:10.1.0.35:38163|dataStream:10.1.0.35:41409|priority:0|startupRole:FOLLOWER] returns group-FE82739B280F:java.util.concurrent.CompletableFuture@2a47fb8d[Not completed]
2023-04-21 06:17:26,045 [pool-652-thread-1] INFO  server.RaftServer$Division (RaftServerImpl.java:<init>(195)) - 142967e0-cde1-4161-8781-84ec4035a462: new RaftServerImpl for group-FE82739B280F:[b10b19f2-b437-4018-b293-79a1594e0d1d|rpc:10.1.0.35:45779|dataStream:10.1.0.35:45683|priority:0|startupRole:FOLLOWER, 142967e0-cde1-4161-8781-84ec4035a462|rpc:10.1.0.35:46373|dataStream:10.1.0.35:40011|priority:1|startupRole:FOLLOWER, 2457f6ab-98f5-4e31-8316-f4a85dbaacb6|rpc:10.1.0.35:38163|dataStream:10.1.0.35:41409|priority:0|startupRole:FOLLOWER] with ContainerStateMachine:uninitialized
2023-04-21 06:17:26,045 [pool-652-thread-1] INFO  server.RaftServerConfigKeys (ConfUtils.java:logGet(46)) - raft.server.rpc.timeout.min = 5s (custom)
2023-04-21 06:17:26,045 [pool-652-thread-1] INFO  server.RaftServerConfigKeys (ConfUtils.java:logGet(46)) - raft.server.rpc.timeout.max = 5200ms (custom)
2023-04-21 06:17:26,045 [pool-652-thread-1] INFO  server.RaftServerConfigKeys (ConfUtils.java:logGet(46)) - raft.server.rpc.sleep.time = 25ms (default)
2023-04-21 06:17:26,045 [pool-652-thread-1] INFO  server.RaftServerConfigKeys (ConfUtils.java:logGet(46)) - raft.server.rpc.slowness.timeout = 300s (custom)
2023-04-21 06:17:26,045 [pool-652-thread-1] INFO  server.RaftServerConfigKeys (ConfUtils.java:logGet(46)) - raft.server.leaderelection.leader.step-down.wait-time = 10s (default)
2023-04-21 06:17:26,046 [pool-652-thread-1] INFO  server.RaftServerConfigKeys (ConfUtils.java:logGet(46)) - raft.server.sleep.deviation.threshold = 300ms (default)
2023-04-21 06:17:26,046 [pool-652-thread-1] INFO  server.RaftServer$Division (ServerState.java:<init>(118)) - 142967e0-cde1-4161-8781-84ec4035a462@group-FE82739B280F: ConfigurationManager, init=-1: peers:[b10b19f2-b437-4018-b293-79a1594e0d1d|rpc:10.1.0.35:45779|dataStream:10.1.0.35:45683|priority:0|startupRole:FOLLOWER, 142967e0-cde1-4161-8781-84ec4035a462|rpc:10.1.0.35:46373|dataStream:10.1.0.35:40011|priority:1|startupRole:FOLLOWER, 2457f6ab-98f5-4e31-8316-f4a85dbaacb6|rpc:10.1.0.35:38163|dataStream:10.1.0.35:41409|priority:0|startupRole:FOLLOWER]|listeners:[], old=null, confs=<EMPTY_MAP>
2023-04-21 06:17:26,046 [pool-652-thread-1] INFO  server.RaftServerConfigKeys (ConfUtils.java:logGet(46)) - raft.server.storage.dir = [/home/runner/work/ozone/ozone/hadoop-ozone/integration-test/target/test-dir/MiniOzoneClusterImpl-e26617af-e5aa-412c-8148-e33214803cb3/datanode-1/data/ratis] (custom)
2023-04-21 06:17:26,046 [pool-652-thread-1] INFO  server.RaftServerConfigKeys (ConfUtils.java:logGet(46)) - raft.server.log.corruption.policy = EXCEPTION (default)
2023-04-21 06:17:26,046 [pool-652-thread-1] INFO  server.RaftServerConfigKeys (ConfUtils.java:logGet(46)) - raft.server.storage.free-space.min = 0MB (=0) (default)
2023-04-21 06:17:26,046 [pool-652-thread-1] INFO  server.RaftServerConfigKeys (ConfUtils.java:logGet(46)) - raft.server.notification.no-leader.timeout = 300s (custom)
2023-04-21 06:17:26,046 [pool-652-thread-1] INFO  server.RaftServerConfigKeys (ConfUtils.java:logGet(46)) - raft.server.retrycache.expirytime = 600000ms (custom)
2023-04-21 06:17:26,046 [pool-652-thread-1] INFO  server.RaftServerConfigKeys (ConfUtils.java:logGet(46)) - raft.server.retrycache.statistics.expirytime = 100μs (default)
2023-04-21 06:17:26,048 [pool-652-thread-1] INFO  server.RaftServerConfigKeys (ConfUtils.java:logGet(46)) - raft.server.log.appender.install.snapshot.enabled = false (custom)
2023-04-21 06:17:26,048 [pool-652-thread-1] INFO  server.RaftServerConfigKeys (ConfUtils.java:logGet(46)) - raft.server.threadpool.server.cached = true (default)
2023-04-21 06:17:26,048 [pool-652-thread-1] INFO  server.RaftServerConfigKeys (ConfUtils.java:logGet(46)) - raft.server.threadpool.server.size = 0 (default)
2023-04-21 06:17:26,048 [pool-652-thread-1] INFO  server.RaftServerConfigKeys (ConfUtils.java:logGet(46)) - raft.server.threadpool.client.cached = true (default)
2023-04-21 06:17:26,048 [pool-652-thread-1] INFO  server.RaftServerConfigKeys (ConfUtils.java:logGet(46)) - raft.server.threadpool.client.size = 0 (default)
2023-04-21 06:17:26,048 [pool-652-thread-1] INFO  storage.RaftStorageDirectory (RaftStorageDirectoryImpl.java:analyzeStorage(137)) - The storage directory /home/runner/work/ozone/ozone/hadoop-ozone/integration-test/target/test-dir/MiniOzoneClusterImpl-e26617af-e5aa-412c-8148-e33214803cb3/datanode-1/data/ratis/6a123b5e-a3ff-4d88-9f22-fe82739b280f does not exist. Creating ...
2023-04-21 06:17:26,051 [pool-652-thread-1] INFO  storage.RaftStorageDirectory (RaftStorageDirectoryImpl.java:tryLock(231)) - Lock on /home/runner/work/ozone/ozone/hadoop-ozone/integration-test/target/test-dir/MiniOzoneClusterImpl-e26617af-e5aa-412c-8148-e33214803cb3/datanode-1/data/ratis/6a123b5e-a3ff-4d88-9f22-fe82739b280f/in_use.lock acquired by nodename 2764@fv-az205-422
2023-04-21 06:17:26,052 [pool-652-thread-1] INFO  storage.RaftStorage (RaftStorageImpl.java:format(96)) - Storage directory /home/runner/work/ozone/ozone/hadoop-ozone/integration-test/target/test-dir/MiniOzoneClusterImpl-e26617af-e5aa-412c-8148-e33214803cb3/datanode-1/data/ratis/6a123b5e-a3ff-4d88-9f22-fe82739b280f has been successfully formatted.
2023-04-21 06:17:26,054 [pool-652-thread-1] INFO  ratis.ContainerStateMachine (ContainerStateMachine.java:loadSnapshot(262)) - group-FE82739B280F: The snapshot info is null. Setting the last applied indexto:(t:0, i:~)
2023-04-21 06:17:26,054 [pool-652-thread-1] INFO  server.RaftServerConfigKeys (ConfUtils.java:logGet(46)) - raft.server.log.use.memory = false (default)
2023-04-21 06:17:26,054 [pool-652-thread-1] INFO  server.RaftServerConfigKeys (ConfUtils.java:logGet(46)) - raft.server.log.purge.gap = 1000000 (custom)
2023-04-21 06:17:26,054 [pool-652-thread-1] INFO  server.RaftServerConfigKeys (ConfUtils.java:logGet(46)) - raft.server.log.appender.buffer.byte-limit = 33554432 (custom)
2023-04-21 06:17:26,055 [pool-652-thread-1] INFO  server.RaftServerConfigKeys (ConfUtils.java:logGet(46)) - raft.server.log.statemachine.data.read.timeout = 1000ms (default)
2023-04-21 06:17:26,055 [pool-652-thread-1] INFO  server.RaftServerConfigKeys (ConfUtils.java:logGet(46)) - raft.server.log.purge.preservation.log.num = 0 (default)
2023-04-21 06:17:26,055 [pool-652-thread-1] INFO  server.RaftServerConfigKeys (ConfUtils.java:logGet(46)) - raft.server.log.segment.size.max = 1048576 (custom)
2023-04-21 06:17:26,055 [pool-652-thread-1] INFO  server.RaftServerConfigKeys (ConfUtils.java:logGet(46)) - raft.server.log.segment.cache.num.max = 2 (custom)
2023-04-21 06:17:26,055 [pool-652-thread-1] INFO  server.RaftServerConfigKeys (ConfUtils.java:logGet(46)) - raft.server.log.segment.cache.size.max = 200MB (=209715200) (default)
2023-04-21 06:17:26,055 [pool-652-thread-1] INFO  segmented.SegmentedRaftLogWorker (SegmentedRaftLogWorker.java:<init>(189)) - new 142967e0-cde1-4161-8781-84ec4035a462@group-FE82739B280F-SegmentedRaftLogWorker for RaftStorageImpl:Storage Directory /home/runner/work/ozone/ozone/hadoop-ozone/integration-test/target/test-dir/MiniOzoneClusterImpl-e26617af-e5aa-412c-8148-e33214803cb3/datanode-1/data/ratis/6a123b5e-a3ff-4d88-9f22-fe82739b280f
2023-04-21 06:17:26,056 [pool-652-thread-1] INFO  server.RaftServerConfigKeys (ConfUtils.java:logGet(46)) - raft.server.log.queue.byte-limit = 4294967296 (custom)
2023-04-21 06:17:26,056 [pool-652-thread-1] INFO  server.RaftServerConfigKeys (ConfUtils.java:logGet(46)) - raft.server.log.queue.element-limit = 1024 (custom)
2023-04-21 06:17:26,056 [pool-652-thread-1] INFO  server.RaftServerConfigKeys (ConfUtils.java:logGet(46)) - raft.server.log.segment.size.max = 1048576 (custom)
2023-04-21 06:17:26,056 [pool-652-thread-1] INFO  server.RaftServerConfigKeys (ConfUtils.java:logGet(46)) - raft.server.log.preallocated.size = 16384 (custom)
2023-04-21 06:17:26,056 [pool-652-thread-1] INFO  server.RaftServerConfigKeys (ConfUtils.java:logGet(46)) - raft.server.log.force.sync.num = 128 (default)
2023-04-21 06:17:26,056 [pool-652-thread-1] INFO  server.RaftServerConfigKeys (ConfUtils.java:logGet(46)) - raft.server.log.statemachine.data.sync = true (default)
2023-04-21 06:17:26,056 [pool-652-thread-1] INFO  server.RaftServerConfigKeys (ConfUtils.java:logGet(46)) - raft.server.log.statemachine.data.sync.timeout = 10s (default)
2023-04-21 06:17:26,056 [pool-652-thread-1] INFO  server.RaftServerConfigKeys (ConfUtils.java:logGet(46)) - raft.server.log.statemachine.data.sync.timeout.retry = -1 (default)
2023-04-21 06:17:26,056 [pool-652-thread-1] INFO  server.RaftServerConfigKeys (ConfUtils.java:logGet(46)) - raft.server.log.write.buffer.size = 1048576 (custom)
2023-04-21 06:17:26,057 [pool-652-thread-1] INFO  server.RaftServerConfigKeys (ConfUtils.java:logGet(46)) - raft.server.log.appender.buffer.byte-limit = 33554432 (custom)
2023-04-21 06:17:26,067 [pool-652-thread-1] INFO  server.RaftServerConfigKeys (ConfUtils.java:logGet(46)) - raft.server.log.unsafe-flush.enabled = false (default)
2023-04-21 06:17:26,067 [pool-652-thread-1] INFO  server.RaftServerConfigKeys (ConfUtils.java:logGet(46)) - raft.server.log.async-flush.enabled = false (default)
2023-04-21 06:17:26,067 [pool-652-thread-1] INFO  server.RaftServerConfigKeys (ConfUtils.java:logGet(46)) - raft.server.log.statemachine.data.caching.enabled = true (custom)
2023-04-21 06:17:26,067 [pool-652-thread-1] INFO  segmented.SegmentedRaftLogWorker (SegmentedRaftLogWorker.java:lambda$new$0(135)) - 142967e0-cde1-4161-8781-84ec4035a462@group-FE82739B280F-SegmentedRaftLogWorker: flushIndex: setUnconditionally 0 -> -1
2023-04-21 06:17:26,067 [pool-652-thread-1] INFO  segmented.SegmentedRaftLogWorker (SegmentedRaftLogWorker.java:lambda$new$0(135)) - 142967e0-cde1-4161-8781-84ec4035a462@group-FE82739B280F-SegmentedRaftLogWorker: safeCacheEvictIndex: setUnconditionally 0 -> -1
2023-04-21 06:17:26,070 [pool-652-thread-1] INFO  server.RaftServer$Division (RaftServerImpl.java:start(334)) - 142967e0-cde1-4161-8781-84ec4035a462@group-FE82739B280F: start as a follower, conf=-1: peers:[b10b19f2-b437-4018-b293-79a1594e0d1d|rpc:10.1.0.35:45779|dataStream:10.1.0.35:45683|priority:0|startupRole:FOLLOWER, 142967e0-cde1-4161-8781-84ec4035a462|rpc:10.1.0.35:46373|dataStream:10.1.0.35:40011|priority:1|startupRole:FOLLOWER, 2457f6ab-98f5-4e31-8316-f4a85dbaacb6|rpc:10.1.0.35:38163|dataStream:10.1.0.35:41409|priority:0|startupRole:FOLLOWER]|listeners:[], old=null
2023-04-21 06:17:26,070 [pool-652-thread-1] INFO  server.RaftServer$Division (RaftServerImpl.java:setRole(321)) - 142967e0-cde1-4161-8781-84ec4035a462@group-FE82739B280F: changes role from      null to FOLLOWER at term 0 for startAsFollower
2023-04-21 06:17:26,070 [pool-652-thread-1] INFO  impl.RoleInfo (RoleInfo.java:updateAndGet(139)) - 142967e0-cde1-4161-8781-84ec4035a462: start 142967e0-cde1-4161-8781-84ec4035a462@group-FE82739B280F-FollowerState
2023-04-21 06:17:26,074 [pool-652-thread-1] INFO  util.JmxRegister (JmxRegister.java:tryRegister(44)) - Successfully registered JMX Bean with object name Ratis:service=RaftServer,group=group-FE82739B280F,id=142967e0-cde1-4161-8781-84ec4035a462
2023-04-21 06:17:26,074 [pool-652-thread-1] INFO  server.RaftServerConfigKeys (ConfUtils.java:logGet(46)) - raft.server.snapshot.auto.trigger.enabled = true (custom)
2023-04-21 06:17:26,074 [pool-652-thread-1] INFO  server.RaftServerConfigKeys (ConfUtils.java:logGet(46)) - raft.server.snapshot.auto.trigger.threshold = 10000 (custom)
2023-04-21 06:17:26,074 [pool-652-thread-1] INFO  server.RaftServerConfigKeys (ConfUtils.java:logGet(46)) - raft.server.snapshot.retention.file.num = 5 (custom)
2023-04-21 06:17:26,074 [pool-652-thread-1] INFO  server.RaftServerConfigKeys (ConfUtils.java:logGet(46)) - raft.server.log.purge.upto.snapshot.index = false (default)
2023-04-21 06:17:26,074 [142967e0-cde1-4161-8781-84ec4035a462@group-FE82739B280F-FollowerState] INFO  server.RaftServerConfigKeys (ConfUtils.java:logFallback(53)) - raft.server.rpc.first-election.timeout.min = 5s (fallback to raft.server.rpc.timeout.min)
2023-04-21 06:17:26,074 [142967e0-cde1-4161-8781-84ec4035a462@group-FE82739B280F-FollowerState] INFO  server.RaftServerConfigKeys (ConfUtils.java:logFallback(53)) - raft.server.rpc.first-election.timeout.max = 5200ms (fallback to raft.server.rpc.timeout.max)
2023-04-21 06:17:26,113 [grpc-default-executor-0] INFO  server.RaftServer (RaftServerProxy.java:addNew(96)) - 2457f6ab-98f5-4e31-8316-f4a85dbaacb6: addNew group-FE82739B280F:[b10b19f2-b437-4018-b293-79a1594e0d1d|rpc:10.1.0.35:45779|dataStream:10.1.0.35:45683|priority:0|startupRole:FOLLOWER, 142967e0-cde1-4161-8781-84ec4035a462|rpc:10.1.0.35:46373|dataStream:10.1.0.35:40011|priority:1|startupRole:FOLLOWER, 2457f6ab-98f5-4e31-8316-f4a85dbaacb6|rpc:10.1.0.35:38163|dataStream:10.1.0.35:41409|priority:0|startupRole:FOLLOWER] returns group-FE82739B280F:java.util.concurrent.CompletableFuture@67faaab2[Not completed]
2023-04-21 06:17:26,115 [pool-674-thread-1] INFO  server.RaftServer$Division (RaftServerImpl.java:<init>(195)) - 2457f6ab-98f5-4e31-8316-f4a85dbaacb6: new RaftServerImpl for group-FE82739B280F:[b10b19f2-b437-4018-b293-79a1594e0d1d|rpc:10.1.0.35:45779|dataStream:10.1.0.35:45683|priority:0|startupRole:FOLLOWER, 142967e0-cde1-4161-8781-84ec4035a462|rpc:10.1.0.35:46373|dataStream:10.1.0.35:40011|priority:1|startupRole:FOLLOWER, 2457f6ab-98f5-4e31-8316-f4a85dbaacb6|rpc:10.1.0.35:38163|dataStream:10.1.0.35:41409|priority:0|startupRole:FOLLOWER] with ContainerStateMachine:uninitialized
2023-04-21 06:17:26,115 [pool-674-thread-1] INFO  server.RaftServerConfigKeys (ConfUtils.java:logGet(46)) - raft.server.rpc.timeout.min = 5s (custom)
2023-04-21 06:17:26,115 [pool-674-thread-1] INFO  server.RaftServerConfigKeys (ConfUtils.java:logGet(46)) - raft.server.rpc.timeout.max = 5200ms (custom)
2023-04-21 06:17:26,115 [pool-674-thread-1] INFO  server.RaftServerConfigKeys (ConfUtils.java:logGet(46)) - raft.server.rpc.sleep.time = 25ms (default)
2023-04-21 06:17:26,115 [pool-674-thread-1] INFO  server.RaftServerConfigKeys (ConfUtils.java:logGet(46)) - raft.server.rpc.slowness.timeout = 300s (custom)
2023-04-21 06:17:26,115 [pool-674-thread-1] INFO  server.RaftServerConfigKeys (ConfUtils.java:logGet(46)) - raft.server.leaderelection.leader.step-down.wait-time = 10s (default)
2023-04-21 06:17:26,115 [pool-674-thread-1] INFO  server.RaftServerConfigKeys (ConfUtils.java:logGet(46)) - raft.server.sleep.deviation.threshold = 300ms (default)
2023-04-21 06:17:26,116 [pool-674-thread-1] INFO  server.RaftServer$Division (ServerState.java:<init>(118)) - 2457f6ab-98f5-4e31-8316-f4a85dbaacb6@group-FE82739B280F: ConfigurationManager, init=-1: peers:[b10b19f2-b437-4018-b293-79a1594e0d1d|rpc:10.1.0.35:45779|dataStream:10.1.0.35:45683|priority:0|startupRole:FOLLOWER, 142967e0-cde1-4161-8781-84ec4035a462|rpc:10.1.0.35:46373|dataStream:10.1.0.35:40011|priority:1|startupRole:FOLLOWER, 2457f6ab-98f5-4e31-8316-f4a85dbaacb6|rpc:10.1.0.35:38163|dataStream:10.1.0.35:41409|priority:0|startupRole:FOLLOWER]|listeners:[], old=null, confs=<EMPTY_MAP>
2023-04-21 06:17:26,116 [pool-674-thread-1] INFO  server.RaftServerConfigKeys (ConfUtils.java:logGet(46)) - raft.server.storage.dir = [/home/runner/work/ozone/ozone/hadoop-ozone/integration-test/target/test-dir/MiniOzoneClusterImpl-e26617af-e5aa-412c-8148-e33214803cb3/datanode-2/data/ratis] (custom)
2023-04-21 06:17:26,116 [pool-674-thread-1] INFO  server.RaftServerConfigKeys (ConfUtils.java:logGet(46)) - raft.server.log.corruption.policy = EXCEPTION (default)
2023-04-21 06:17:26,116 [pool-674-thread-1] INFO  server.RaftServerConfigKeys (ConfUtils.java:logGet(46)) - raft.server.storage.free-space.min = 0MB (=0) (default)
2023-04-21 06:17:26,116 [pool-674-thread-1] INFO  server.RaftServerConfigKeys (ConfUtils.java:logGet(46)) - raft.server.notification.no-leader.timeout = 300s (custom)
2023-04-21 06:17:26,116 [pool-674-thread-1] INFO  server.RaftServerConfigKeys (ConfUtils.java:logGet(46)) - raft.server.retrycache.expirytime = 600000ms (custom)
2023-04-21 06:17:26,116 [pool-674-thread-1] INFO  server.RaftServerConfigKeys (ConfUtils.java:logGet(46)) - raft.server.retrycache.statistics.expirytime = 100μs (default)
2023-04-21 06:17:26,117 [pool-674-thread-1] INFO  server.RaftServerConfigKeys (ConfUtils.java:logGet(46)) - raft.server.log.appender.install.snapshot.enabled = false (custom)
2023-04-21 06:17:26,117 [pool-674-thread-1] INFO  server.RaftServerConfigKeys (ConfUtils.java:logGet(46)) - raft.server.threadpool.server.cached = true (default)
2023-04-21 06:17:26,117 [pool-674-thread-1] INFO  server.RaftServerConfigKeys (ConfUtils.java:logGet(46)) - raft.server.threadpool.server.size = 0 (default)
2023-04-21 06:17:26,118 [pool-674-thread-1] INFO  server.RaftServerConfigKeys (ConfUtils.java:logGet(46)) - raft.server.threadpool.client.cached = true (default)
2023-04-21 06:17:26,118 [pool-674-thread-1] INFO  server.RaftServerConfigKeys (ConfUtils.java:logGet(46)) - raft.server.threadpool.client.size = 0 (default)
2023-04-21 06:17:26,120 [pool-674-thread-1] INFO  storage.RaftStorageDirectory (RaftStorageDirectoryImpl.java:analyzeStorage(137)) - The storage directory /home/runner/work/ozone/ozone/hadoop-ozone/integration-test/target/test-dir/MiniOzoneClusterImpl-e26617af-e5aa-412c-8148-e33214803cb3/datanode-2/data/ratis/6a123b5e-a3ff-4d88-9f22-fe82739b280f does not exist. Creating ...
2023-04-21 06:17:26,121 [pool-674-thread-1] INFO  storage.RaftStorageDirectory (RaftStorageDirectoryImpl.java:tryLock(231)) - Lock on /home/runner/work/ozone/ozone/hadoop-ozone/integration-test/target/test-dir/MiniOzoneClusterImpl-e26617af-e5aa-412c-8148-e33214803cb3/datanode-2/data/ratis/6a123b5e-a3ff-4d88-9f22-fe82739b280f/in_use.lock acquired by nodename 2764@fv-az205-422
2023-04-21 06:17:26,124 [pool-674-thread-1] INFO  storage.RaftStorage (RaftStorageImpl.java:format(96)) - Storage directory /home/runner/work/ozone/ozone/hadoop-ozone/integration-test/target/test-dir/MiniOzoneClusterImpl-e26617af-e5aa-412c-8148-e33214803cb3/datanode-2/data/ratis/6a123b5e-a3ff-4d88-9f22-fe82739b280f has been successfully formatted.
2023-04-21 06:17:26,125 [pool-674-thread-1] INFO  ratis.ContainerStateMachine (ContainerStateMachine.java:loadSnapshot(262)) - group-FE82739B280F: The snapshot info is null. Setting the last applied indexto:(t:0, i:~)
2023-04-21 06:17:26,125 [pool-674-thread-1] INFO  server.RaftServerConfigKeys (ConfUtils.java:logGet(46)) - raft.server.log.use.memory = false (default)
2023-04-21 06:17:26,125 [pool-674-thread-1] INFO  server.RaftServerConfigKeys (ConfUtils.java:logGet(46)) - raft.server.log.purge.gap = 1000000 (custom)
2023-04-21 06:17:26,125 [pool-674-thread-1] INFO  server.RaftServerConfigKeys (ConfUtils.java:logGet(46)) - raft.server.log.appender.buffer.byte-limit = 33554432 (custom)
2023-04-21 06:17:26,125 [pool-674-thread-1] INFO  server.RaftServerConfigKeys (ConfUtils.java:logGet(46)) - raft.server.log.statemachine.data.read.timeout = 1000ms (default)
2023-04-21 06:17:26,125 [pool-674-thread-1] INFO  server.RaftServerConfigKeys (ConfUtils.java:logGet(46)) - raft.server.log.purge.preservation.log.num = 0 (default)
2023-04-21 06:17:26,126 [pool-674-thread-1] INFO  server.RaftServerConfigKeys (ConfUtils.java:logGet(46)) - raft.server.log.segment.size.max = 1048576 (custom)
2023-04-21 06:17:26,126 [pool-674-thread-1] INFO  server.RaftServerConfigKeys (ConfUtils.java:logGet(46)) - raft.server.log.segment.cache.num.max = 2 (custom)
2023-04-21 06:17:26,126 [pool-674-thread-1] INFO  server.RaftServerConfigKeys (ConfUtils.java:logGet(46)) - raft.server.log.segment.cache.size.max = 200MB (=209715200) (default)
2023-04-21 06:17:26,126 [pool-674-thread-1] INFO  segmented.SegmentedRaftLogWorker (SegmentedRaftLogWorker.java:<init>(189)) - new 2457f6ab-98f5-4e31-8316-f4a85dbaacb6@group-FE82739B280F-SegmentedRaftLogWorker for RaftStorageImpl:Storage Directory /home/runner/work/ozone/ozone/hadoop-ozone/integration-test/target/test-dir/MiniOzoneClusterImpl-e26617af-e5aa-412c-8148-e33214803cb3/datanode-2/data/ratis/6a123b5e-a3ff-4d88-9f22-fe82739b280f
2023-04-21 06:17:26,126 [pool-674-thread-1] INFO  server.RaftServerConfigKeys (ConfUtils.java:logGet(46)) - raft.server.log.queue.byte-limit = 4294967296 (custom)
2023-04-21 06:17:26,126 [pool-674-thread-1] INFO  server.RaftServerConfigKeys (ConfUtils.java:logGet(46)) - raft.server.log.queue.element-limit = 1024 (custom)
2023-04-21 06:17:26,126 [pool-674-thread-1] INFO  server.RaftServerConfigKeys (ConfUtils.java:logGet(46)) - raft.server.log.segment.size.max = 1048576 (custom)
2023-04-21 06:17:26,126 [pool-674-thread-1] INFO  server.RaftServerConfigKeys (ConfUtils.java:logGet(46)) - raft.server.log.preallocated.size = 16384 (custom)
2023-04-21 06:17:26,126 [pool-674-thread-1] INFO  server.RaftServerConfigKeys (ConfUtils.java:logGet(46)) - raft.server.log.force.sync.num = 128 (default)
2023-04-21 06:17:26,126 [pool-674-thread-1] INFO  server.RaftServerConfigKeys (ConfUtils.java:logGet(46)) - raft.server.log.statemachine.data.sync = true (default)
2023-04-21 06:17:26,126 [pool-674-thread-1] INFO  server.RaftServerConfigKeys (ConfUtils.java:logGet(46)) - raft.server.log.statemachine.data.sync.timeout = 10s (default)
2023-04-21 06:17:26,127 [pool-674-thread-1] INFO  server.RaftServerConfigKeys (ConfUtils.java:logGet(46)) - raft.server.log.statemachine.data.sync.timeout.retry = -1 (default)
2023-04-21 06:17:26,127 [pool-674-thread-1] INFO  server.RaftServerConfigKeys (ConfUtils.java:logGet(46)) - raft.server.log.write.buffer.size = 1048576 (custom)
2023-04-21 06:17:26,128 [pool-674-thread-1] INFO  server.RaftServerConfigKeys (ConfUtils.java:logGet(46)) - raft.server.log.appender.buffer.byte-limit = 33554432 (custom)
2023-04-21 06:17:26,135 [pool-674-thread-1] INFO  server.RaftServerConfigKeys (ConfUtils.java:logGet(46)) - raft.server.log.unsafe-flush.enabled = false (default)
2023-04-21 06:17:26,135 [pool-674-thread-1] INFO  server.RaftServerConfigKeys (ConfUtils.java:logGet(46)) - raft.server.log.async-flush.enabled = false (default)
2023-04-21 06:17:26,136 [pool-674-thread-1] INFO  server.RaftServerConfigKeys (ConfUtils.java:logGet(46)) - raft.server.log.statemachine.data.caching.enabled = true (custom)
2023-04-21 06:17:26,136 [pool-674-thread-1] INFO  segmented.SegmentedRaftLogWorker (SegmentedRaftLogWorker.java:lambda$new$0(135)) - 2457f6ab-98f5-4e31-8316-f4a85dbaacb6@group-FE82739B280F-SegmentedRaftLogWorker: flushIndex: setUnconditionally 0 -> -1
2023-04-21 06:17:26,136 [pool-674-thread-1] INFO  segmented.SegmentedRaftLogWorker (SegmentedRaftLogWorker.java:lambda$new$0(135)) - 2457f6ab-98f5-4e31-8316-f4a85dbaacb6@group-FE82739B280F-SegmentedRaftLogWorker: safeCacheEvictIndex: setUnconditionally 0 -> -1
2023-04-21 06:17:26,137 [pool-674-thread-1] INFO  server.RaftServer$Division (RaftServerImpl.java:start(334)) - 2457f6ab-98f5-4e31-8316-f4a85dbaacb6@group-FE82739B280F: start as a follower, conf=-1: peers:[b10b19f2-b437-4018-b293-79a1594e0d1d|rpc:10.1.0.35:45779|dataStream:10.1.0.35:45683|priority:0|startupRole:FOLLOWER, 142967e0-cde1-4161-8781-84ec4035a462|rpc:10.1.0.35:46373|dataStream:10.1.0.35:40011|priority:1|startupRole:FOLLOWER, 2457f6ab-98f5-4e31-8316-f4a85dbaacb6|rpc:10.1.0.35:38163|dataStream:10.1.0.35:41409|priority:0|startupRole:FOLLOWER]|listeners:[], old=null
2023-04-21 06:17:26,137 [pool-674-thread-1] INFO  server.RaftServer$Division (RaftServerImpl.java:setRole(321)) - 2457f6ab-98f5-4e31-8316-f4a85dbaacb6@group-FE82739B280F: changes role from      null to FOLLOWER at term 0 for startAsFollower
2023-04-21 06:17:26,137 [pool-674-thread-1] INFO  impl.RoleInfo (RoleInfo.java:updateAndGet(139)) - 2457f6ab-98f5-4e31-8316-f4a85dbaacb6: start 2457f6ab-98f5-4e31-8316-f4a85dbaacb6@group-FE82739B280F-FollowerState
2023-04-21 06:17:26,137 [pool-674-thread-1] INFO  util.JmxRegister (JmxRegister.java:tryRegister(44)) - Successfully registered JMX Bean with object name Ratis:service=RaftServer,group=group-FE82739B280F,id=2457f6ab-98f5-4e31-8316-f4a85dbaacb6
2023-04-21 06:17:26,137 [pool-674-thread-1] INFO  server.RaftServerConfigKeys (ConfUtils.java:logGet(46)) - raft.server.snapshot.auto.trigger.enabled = true (custom)
2023-04-21 06:17:26,137 [pool-674-thread-1] INFO  server.RaftServerConfigKeys (ConfUtils.java:logGet(46)) - raft.server.snapshot.auto.trigger.threshold = 10000 (custom)
2023-04-21 06:17:26,137 [pool-674-thread-1] INFO  server.RaftServerConfigKeys (ConfUtils.java:logGet(46)) - raft.server.snapshot.retention.file.num = 5 (custom)
2023-04-21 06:17:26,137 [pool-674-thread-1] INFO  server.RaftServerConfigKeys (ConfUtils.java:logGet(46)) - raft.server.log.purge.upto.snapshot.index = false (default)
2023-04-21 06:17:26,142 [2457f6ab-98f5-4e31-8316-f4a85dbaacb6@group-FE82739B280F-FollowerState] INFO  server.RaftServerConfigKeys (ConfUtils.java:logFallback(53)) - raft.server.rpc.first-election.timeout.min = 5s (fallback to raft.server.rpc.timeout.min)
2023-04-21 06:17:26,142 [2457f6ab-98f5-4e31-8316-f4a85dbaacb6@group-FE82739B280F-FollowerState] INFO  server.RaftServerConfigKeys (ConfUtils.java:logFallback(53)) - raft.server.rpc.first-election.timeout.max = 5200ms (fallback to raft.server.rpc.timeout.max)
2023-04-21 06:17:26,147 [Command processor thread] INFO  commandhandler.CreatePipelineCommandHandler (CreatePipelineCommandHandler.java:handle(113)) - Created Pipeline RATIS THREE PipelineID=6a123b5e-a3ff-4d88-9f22-fe82739b280f.
2023-04-21 06:17:26,147 [Command processor thread] INFO  server.RaftServer (RaftServerProxy.java:addNew(96)) - b10b19f2-b437-4018-b293-79a1594e0d1d: addNew group-B9D258AAAAEC:[b10b19f2-b437-4018-b293-79a1594e0d1d|rpc:10.1.0.35:45779|dataStream:10.1.0.35:45683|priority:1|startupRole:FOLLOWER, 142967e0-cde1-4161-8781-84ec4035a462|rpc:10.1.0.35:46373|dataStream:10.1.0.35:40011|priority:0|startupRole:FOLLOWER, 2457f6ab-98f5-4e31-8316-f4a85dbaacb6|rpc:10.1.0.35:38163|dataStream:10.1.0.35:41409|priority:0|startupRole:FOLLOWER] returns group-B9D258AAAAEC:java.util.concurrent.CompletableFuture@5853aa6f[Not completed]
2023-04-21 06:17:26,148 [pool-630-thread-1] INFO  server.RaftServer$Division (RaftServerImpl.java:<init>(195)) - b10b19f2-b437-4018-b293-79a1594e0d1d: new RaftServerImpl for group-B9D258AAAAEC:[b10b19f2-b437-4018-b293-79a1594e0d1d|rpc:10.1.0.35:45779|dataStream:10.1.0.35:45683|priority:1|startupRole:FOLLOWER, 142967e0-cde1-4161-8781-84ec4035a462|rpc:10.1.0.35:46373|dataStream:10.1.0.35:40011|priority:0|startupRole:FOLLOWER, 2457f6ab-98f5-4e31-8316-f4a85dbaacb6|rpc:10.1.0.35:38163|dataStream:10.1.0.35:41409|priority:0|startupRole:FOLLOWER] with ContainerStateMachine:uninitialized
2023-04-21 06:17:26,148 [pool-630-thread-1] INFO  server.RaftServerConfigKeys (ConfUtils.java:logGet(46)) - raft.server.rpc.timeout.min = 5s (custom)
2023-04-21 06:17:26,148 [pool-630-thread-1] INFO  server.RaftServerConfigKeys (ConfUtils.java:logGet(46)) - raft.server.rpc.timeout.max = 5200ms (custom)
2023-04-21 06:17:26,148 [pool-630-thread-1] INFO  server.RaftServerConfigKeys (ConfUtils.java:logGet(46)) - raft.server.rpc.sleep.time = 25ms (default)
2023-04-21 06:17:26,148 [pool-630-thread-1] INFO  server.RaftServerConfigKeys (ConfUtils.java:logGet(46)) - raft.server.rpc.slowness.timeout = 300s (custom)
2023-04-21 06:17:26,148 [pool-630-thread-1] INFO  server.RaftServerConfigKeys (ConfUtils.java:logGet(46)) - raft.server.leaderelection.leader.step-down.wait-time = 10s (default)
2023-04-21 06:17:26,148 [pool-630-thread-1] INFO  server.RaftServerConfigKeys (ConfUtils.java:logGet(46)) - raft.server.sleep.deviation.threshold = 300ms (default)
2023-04-21 06:17:26,149 [pool-630-thread-1] INFO  server.RaftServer$Division (ServerState.java:<init>(118)) - b10b19f2-b437-4018-b293-79a1594e0d1d@group-B9D258AAAAEC: ConfigurationManager, init=-1: peers:[b10b19f2-b437-4018-b293-79a1594e0d1d|rpc:10.1.0.35:45779|dataStream:10.1.0.35:45683|priority:1|startupRole:FOLLOWER, 142967e0-cde1-4161-8781-84ec4035a462|rpc:10.1.0.35:46373|dataStream:10.1.0.35:40011|priority:0|startupRole:FOLLOWER, 2457f6ab-98f5-4e31-8316-f4a85dbaacb6|rpc:10.1.0.35:38163|dataStream:10.1.0.35:41409|priority:0|startupRole:FOLLOWER]|listeners:[], old=null, confs=<EMPTY_MAP>
2023-04-21 06:17:26,149 [pool-630-thread-1] INFO  server.RaftServerConfigKeys (ConfUtils.java:logGet(46)) - raft.server.storage.dir = [/home/runner/work/ozone/ozone/hadoop-ozone/integration-test/target/test-dir/MiniOzoneClusterImpl-e26617af-e5aa-412c-8148-e33214803cb3/datanode-0/data/ratis] (custom)
2023-04-21 06:17:26,149 [pool-630-thread-1] INFO  server.RaftServerConfigKeys (ConfUtils.java:logGet(46)) - raft.server.log.corruption.policy = EXCEPTION (default)
2023-04-21 06:17:26,149 [pool-630-thread-1] INFO  server.RaftServerConfigKeys (ConfUtils.java:logGet(46)) - raft.server.storage.free-space.min = 0MB (=0) (default)
2023-04-21 06:17:26,149 [pool-630-thread-1] INFO  server.RaftServerConfigKeys (ConfUtils.java:logGet(46)) - raft.server.notification.no-leader.timeout = 300s (custom)
2023-04-21 06:17:26,149 [pool-630-thread-1] INFO  server.RaftServerConfigKeys (ConfUtils.java:logGet(46)) - raft.server.retrycache.expirytime = 600000ms (custom)
2023-04-21 06:17:26,149 [pool-630-thread-1] INFO  server.RaftServerConfigKeys (ConfUtils.java:logGet(46)) - raft.server.retrycache.statistics.expirytime = 100μs (default)
2023-04-21 06:17:26,150 [pool-630-thread-1] INFO  server.RaftServerConfigKeys (ConfUtils.java:logGet(46)) - raft.server.log.appender.install.snapshot.enabled = false (custom)
2023-04-21 06:17:26,150 [pool-630-thread-1] INFO  server.RaftServerConfigKeys (ConfUtils.java:logGet(46)) - raft.server.threadpool.server.cached = true (default)
2023-04-21 06:17:26,150 [pool-630-thread-1] INFO  server.RaftServerConfigKeys (ConfUtils.java:logGet(46)) - raft.server.threadpool.server.size = 0 (default)
2023-04-21 06:17:26,150 [pool-630-thread-1] INFO  server.RaftServerConfigKeys (ConfUtils.java:logGet(46)) - raft.server.threadpool.client.cached = true (default)
2023-04-21 06:17:26,150 [pool-630-thread-1] INFO  server.RaftServerConfigKeys (ConfUtils.java:logGet(46)) - raft.server.threadpool.client.size = 0 (default)
2023-04-21 06:17:26,150 [pool-630-thread-1] INFO  storage.RaftStorageDirectory (RaftStorageDirectoryImpl.java:analyzeStorage(137)) - The storage directory /home/runner/work/ozone/ozone/hadoop-ozone/integration-test/target/test-dir/MiniOzoneClusterImpl-e26617af-e5aa-412c-8148-e33214803cb3/datanode-0/data/ratis/a844d6f6-b9d9-4ad9-9c35-b9d258aaaaec does not exist. Creating ...
2023-04-21 06:17:26,154 [pool-630-thread-1] INFO  storage.RaftStorageDirectory (RaftStorageDirectoryImpl.java:tryLock(231)) - Lock on /home/runner/work/ozone/ozone/hadoop-ozone/integration-test/target/test-dir/MiniOzoneClusterImpl-e26617af-e5aa-412c-8148-e33214803cb3/datanode-0/data/ratis/a844d6f6-b9d9-4ad9-9c35-b9d258aaaaec/in_use.lock acquired by nodename 2764@fv-az205-422
2023-04-21 06:17:26,155 [pool-630-thread-1] INFO  storage.RaftStorage (RaftStorageImpl.java:format(96)) - Storage directory /home/runner/work/ozone/ozone/hadoop-ozone/integration-test/target/test-dir/MiniOzoneClusterImpl-e26617af-e5aa-412c-8148-e33214803cb3/datanode-0/data/ratis/a844d6f6-b9d9-4ad9-9c35-b9d258aaaaec has been successfully formatted.
2023-04-21 06:17:26,157 [EventQueue-OpenPipelineForHealthyPipelineSafeModeRule] INFO  safemode.SCMSafeModeManager (HealthyPipelineSafeModeRule.java:process(137)) - SCM in safe mode. Healthy pipelines reported count is 0, required healthy pipeline reported count is 1
2023-04-21 06:17:26,158 [pool-630-thread-1] INFO  ratis.ContainerStateMachine (ContainerStateMachine.java:loadSnapshot(262)) - group-B9D258AAAAEC: The snapshot info is null. Setting the last applied indexto:(t:0, i:~)
2023-04-21 06:17:26,158 [pool-630-thread-1] INFO  server.RaftServerConfigKeys (ConfUtils.java:logGet(46)) - raft.server.log.use.memory = false (default)
2023-04-21 06:17:26,158 [pool-630-thread-1] INFO  server.RaftServerConfigKeys (ConfUtils.java:logGet(46)) - raft.server.log.purge.gap = 1000000 (custom)
2023-04-21 06:17:26,158 [pool-630-thread-1] INFO  server.RaftServerConfigKeys (ConfUtils.java:logGet(46)) - raft.server.log.appender.buffer.byte-limit = 33554432 (custom)
2023-04-21 06:17:26,158 [pool-630-thread-1] INFO  server.RaftServerConfigKeys (ConfUtils.java:logGet(46)) - raft.server.log.statemachine.data.read.timeout = 1000ms (default)
2023-04-21 06:17:26,158 [pool-630-thread-1] INFO  server.RaftServerConfigKeys (ConfUtils.java:logGet(46)) - raft.server.log.purge.preservation.log.num = 0 (default)
2023-04-21 06:17:26,158 [pool-630-thread-1] INFO  server.RaftServerConfigKeys (ConfUtils.java:logGet(46)) - raft.server.log.segment.size.max = 1048576 (custom)
2023-04-21 06:17:26,158 [pool-630-thread-1] INFO  server.RaftServerConfigKeys (ConfUtils.java:logGet(46)) - raft.server.log.segment.cache.num.max = 2 (custom)
2023-04-21 06:17:26,158 [pool-630-thread-1] INFO  server.RaftServerConfigKeys (ConfUtils.java:logGet(46)) - raft.server.log.segment.cache.size.max = 200MB (=209715200) (default)
2023-04-21 06:17:26,158 [pool-630-thread-1] INFO  segmented.SegmentedRaftLogWorker (SegmentedRaftLogWorker.java:<init>(189)) - new b10b19f2-b437-4018-b293-79a1594e0d1d@group-B9D258AAAAEC-SegmentedRaftLogWorker for RaftStorageImpl:Storage Directory /home/runner/work/ozone/ozone/hadoop-ozone/integration-test/target/test-dir/MiniOzoneClusterImpl-e26617af-e5aa-412c-8148-e33214803cb3/datanode-0/data/ratis/a844d6f6-b9d9-4ad9-9c35-b9d258aaaaec
2023-04-21 06:17:26,158 [pool-630-thread-1] INFO  server.RaftServerConfigKeys (ConfUtils.java:logGet(46)) - raft.server.log.queue.byte-limit = 4294967296 (custom)
2023-04-21 06:17:26,158 [pool-630-thread-1] INFO  server.RaftServerConfigKeys (ConfUtils.java:logGet(46)) - raft.server.log.queue.element-limit = 1024 (custom)
2023-04-21 06:17:26,158 [pool-630-thread-1] INFO  server.RaftServerConfigKeys (ConfUtils.java:logGet(46)) - raft.server.log.segment.size.max = 1048576 (custom)
2023-04-21 06:17:26,158 [pool-630-thread-1] INFO  server.RaftServerConfigKeys (ConfUtils.java:logGet(46)) - raft.server.log.preallocated.size = 16384 (custom)
2023-04-21 06:17:26,160 [pool-630-thread-1] INFO  server.RaftServerConfigKeys (ConfUtils.java:logGet(46)) - raft.server.log.force.sync.num = 128 (default)
2023-04-21 06:17:26,160 [pool-630-thread-1] INFO  server.RaftServerConfigKeys (ConfUtils.java:logGet(46)) - raft.server.log.statemachine.data.sync = true (default)
2023-04-21 06:17:26,160 [pool-630-thread-1] INFO  server.RaftServerConfigKeys (ConfUtils.java:logGet(46)) - raft.server.log.statemachine.data.sync.timeout = 10s (default)
2023-04-21 06:17:26,160 [pool-630-thread-1] INFO  server.RaftServerConfigKeys (ConfUtils.java:logGet(46)) - raft.server.log.statemachine.data.sync.timeout.retry = -1 (default)
2023-04-21 06:17:26,160 [pool-630-thread-1] INFO  server.RaftServerConfigKeys (ConfUtils.java:logGet(46)) - raft.server.log.write.buffer.size = 1048576 (custom)
2023-04-21 06:17:26,162 [pool-630-thread-1] INFO  server.RaftServerConfigKeys (ConfUtils.java:logGet(46)) - raft.server.log.appender.buffer.byte-limit = 33554432 (custom)
2023-04-21 06:17:26,168 [pool-630-thread-1] INFO  server.RaftServerConfigKeys (ConfUtils.java:logGet(46)) - raft.server.log.unsafe-flush.enabled = false (default)
2023-04-21 06:17:26,169 [pool-630-thread-1] INFO  server.RaftServerConfigKeys (ConfUtils.java:logGet(46)) - raft.server.log.async-flush.enabled = false (default)
2023-04-21 06:17:26,169 [pool-630-thread-1] INFO  server.RaftServerConfigKeys (ConfUtils.java:logGet(46)) - raft.server.log.statemachine.data.caching.enabled = true (custom)
2023-04-21 06:17:26,169 [pool-630-thread-1] INFO  segmented.SegmentedRaftLogWorker (SegmentedRaftLogWorker.java:lambda$new$0(135)) - b10b19f2-b437-4018-b293-79a1594e0d1d@group-B9D258AAAAEC-SegmentedRaftLogWorker: flushIndex: setUnconditionally 0 -> -1
2023-04-21 06:17:26,169 [pool-630-thread-1] INFO  segmented.SegmentedRaftLogWorker (SegmentedRaftLogWorker.java:lambda$new$0(135)) - b10b19f2-b437-4018-b293-79a1594e0d1d@group-B9D258AAAAEC-SegmentedRaftLogWorker: safeCacheEvictIndex: setUnconditionally 0 -> -1
2023-04-21 06:17:26,169 [pool-630-thread-1] INFO  server.RaftServer$Division (RaftServerImpl.java:start(334)) - b10b19f2-b437-4018-b293-79a1594e0d1d@group-B9D258AAAAEC: start as a follower, conf=-1: peers:[b10b19f2-b437-4018-b293-79a1594e0d1d|rpc:10.1.0.35:45779|dataStream:10.1.0.35:45683|priority:1|startupRole:FOLLOWER, 142967e0-cde1-4161-8781-84ec4035a462|rpc:10.1.0.35:46373|dataStream:10.1.0.35:40011|priority:0|startupRole:FOLLOWER, 2457f6ab-98f5-4e31-8316-f4a85dbaacb6|rpc:10.1.0.35:38163|dataStream:10.1.0.35:41409|priority:0|startupRole:FOLLOWER]|listeners:[], old=null
2023-04-21 06:17:26,169 [pool-630-thread-1] INFO  server.RaftServer$Division (RaftServerImpl.java:setRole(321)) - b10b19f2-b437-4018-b293-79a1594e0d1d@group-B9D258AAAAEC: changes role from      null to FOLLOWER at term 0 for startAsFollower
2023-04-21 06:17:26,169 [pool-630-thread-1] INFO  impl.RoleInfo (RoleInfo.java:updateAndGet(139)) - b10b19f2-b437-4018-b293-79a1594e0d1d: start b10b19f2-b437-4018-b293-79a1594e0d1d@group-B9D258AAAAEC-FollowerState
2023-04-21 06:17:26,170 [pool-630-thread-1] INFO  util.JmxRegister (JmxRegister.java:tryRegister(44)) - Successfully registered JMX Bean with object name Ratis:service=RaftServer,group=group-B9D258AAAAEC,id=b10b19f2-b437-4018-b293-79a1594e0d1d
2023-04-21 06:17:26,170 [pool-630-thread-1] INFO  server.RaftServerConfigKeys (ConfUtils.java:logGet(46)) - raft.server.snapshot.auto.trigger.enabled = true (custom)
2023-04-21 06:17:26,170 [pool-630-thread-1] INFO  server.RaftServerConfigKeys (ConfUtils.java:logGet(46)) - raft.server.snapshot.auto.trigger.threshold = 10000 (custom)
2023-04-21 06:17:26,170 [pool-630-thread-1] INFO  server.RaftServerConfigKeys (ConfUtils.java:logGet(46)) - raft.server.snapshot.retention.file.num = 5 (custom)
2023-04-21 06:17:26,170 [pool-630-thread-1] INFO  server.RaftServerConfigKeys (ConfUtils.java:logGet(46)) - raft.server.log.purge.upto.snapshot.index = false (default)
2023-04-21 06:17:26,171 [b10b19f2-b437-4018-b293-79a1594e0d1d@group-B9D258AAAAEC-FollowerState] INFO  server.RaftServerConfigKeys (ConfUtils.java:logFallback(53)) - raft.server.rpc.first-election.timeout.min = 5s (fallback to raft.server.rpc.timeout.min)
2023-04-21 06:17:26,171 [b10b19f2-b437-4018-b293-79a1594e0d1d@group-B9D258AAAAEC-FollowerState] INFO  server.RaftServerConfigKeys (ConfUtils.java:logFallback(53)) - raft.server.rpc.first-election.timeout.max = 5200ms (fallback to raft.server.rpc.timeout.max)
2023-04-21 06:17:26,171 [Command processor thread] INFO  ratis.XceiverServerRatis (XceiverServerRatis.java:addGroup(806)) - Created group PipelineID=a844d6f6-b9d9-4ad9-9c35-b9d258aaaaec
2023-04-21 06:17:26,187 [grpc-default-executor-0] INFO  server.RaftServer (RaftServerProxy.java:addNew(96)) - 142967e0-cde1-4161-8781-84ec4035a462: addNew group-B9D258AAAAEC:[b10b19f2-b437-4018-b293-79a1594e0d1d|rpc:10.1.0.35:45779|dataStream:10.1.0.35:45683|priority:1|startupRole:FOLLOWER, 142967e0-cde1-4161-8781-84ec4035a462|rpc:10.1.0.35:46373|dataStream:10.1.0.35:40011|priority:0|startupRole:FOLLOWER, 2457f6ab-98f5-4e31-8316-f4a85dbaacb6|rpc:10.1.0.35:38163|dataStream:10.1.0.35:41409|priority:0|startupRole:FOLLOWER] returns group-B9D258AAAAEC:java.util.concurrent.CompletableFuture@441c79b[Not completed]
2023-04-21 06:17:26,188 [pool-652-thread-1] INFO  server.RaftServer$Division (RaftServerImpl.java:<init>(195)) - 142967e0-cde1-4161-8781-84ec4035a462: new RaftServerImpl for group-B9D258AAAAEC:[b10b19f2-b437-4018-b293-79a1594e0d1d|rpc:10.1.0.35:45779|dataStream:10.1.0.35:45683|priority:1|startupRole:FOLLOWER, 142967e0-cde1-4161-8781-84ec4035a462|rpc:10.1.0.35:46373|dataStream:10.1.0.35:40011|priority:0|startupRole:FOLLOWER, 2457f6ab-98f5-4e31-8316-f4a85dbaacb6|rpc:10.1.0.35:38163|dataStream:10.1.0.35:41409|priority:0|startupRole:FOLLOWER] with ContainerStateMachine:uninitialized
2023-04-21 06:17:26,188 [pool-652-thread-1] INFO  server.RaftServerConfigKeys (ConfUtils.java:logGet(46)) - raft.server.rpc.timeout.min = 5s (custom)
2023-04-21 06:17:26,189 [pool-652-thread-1] INFO  server.RaftServerConfigKeys (ConfUtils.java:logGet(46)) - raft.server.rpc.timeout.max = 5200ms (custom)
2023-04-21 06:17:26,189 [pool-652-thread-1] INFO  server.RaftServerConfigKeys (ConfUtils.java:logGet(46)) - raft.server.rpc.sleep.time = 25ms (default)
2023-04-21 06:17:26,189 [pool-652-thread-1] INFO  server.RaftServerConfigKeys (ConfUtils.java:logGet(46)) - raft.server.rpc.slowness.timeout = 300s (custom)
2023-04-21 06:17:26,189 [pool-652-thread-1] INFO  server.RaftServerConfigKeys (ConfUtils.java:logGet(46)) - raft.server.leaderelection.leader.step-down.wait-time = 10s (default)
2023-04-21 06:17:26,189 [pool-652-thread-1] INFO  server.RaftServerConfigKeys (ConfUtils.java:logGet(46)) - raft.server.sleep.deviation.threshold = 300ms (default)
2023-04-21 06:17:26,189 [pool-652-thread-1] INFO  server.RaftServer$Division (ServerState.java:<init>(118)) - 142967e0-cde1-4161-8781-84ec4035a462@group-B9D258AAAAEC: ConfigurationManager, init=-1: peers:[b10b19f2-b437-4018-b293-79a1594e0d1d|rpc:10.1.0.35:45779|dataStream:10.1.0.35:45683|priority:1|startupRole:FOLLOWER, 142967e0-cde1-4161-8781-84ec4035a462|rpc:10.1.0.35:46373|dataStream:10.1.0.35:40011|priority:0|startupRole:FOLLOWER, 2457f6ab-98f5-4e31-8316-f4a85dbaacb6|rpc:10.1.0.35:38163|dataStream:10.1.0.35:41409|priority:0|startupRole:FOLLOWER]|listeners:[], old=null, confs=<EMPTY_MAP>
2023-04-21 06:17:26,189 [pool-652-thread-1] INFO  server.RaftServerConfigKeys (ConfUtils.java:logGet(46)) - raft.server.storage.dir = [/home/runner/work/ozone/ozone/hadoop-ozone/integration-test/target/test-dir/MiniOzoneClusterImpl-e26617af-e5aa-412c-8148-e33214803cb3/datanode-1/data/ratis] (custom)
2023-04-21 06:17:26,189 [pool-652-thread-1] INFO  server.RaftServerConfigKeys (ConfUtils.java:logGet(46)) - raft.server.log.corruption.policy = EXCEPTION (default)
2023-04-21 06:17:26,189 [pool-652-thread-1] INFO  server.RaftServerConfigKeys (ConfUtils.java:logGet(46)) - raft.server.storage.free-space.min = 0MB (=0) (default)
2023-04-21 06:17:26,189 [pool-652-thread-1] INFO  server.RaftServerConfigKeys (ConfUtils.java:logGet(46)) - raft.server.notification.no-leader.timeout = 300s (custom)
2023-04-21 06:17:26,189 [pool-652-thread-1] INFO  server.RaftServerConfigKeys (ConfUtils.java:logGet(46)) - raft.server.retrycache.expirytime = 600000ms (custom)
2023-04-21 06:17:26,189 [pool-652-thread-1] INFO  server.RaftServerConfigKeys (ConfUtils.java:logGet(46)) - raft.server.retrycache.statistics.expirytime = 100μs (default)
2023-04-21 06:17:26,190 [pool-652-thread-1] INFO  server.RaftServerConfigKeys (ConfUtils.java:logGet(46)) - raft.server.log.appender.install.snapshot.enabled = false (custom)
2023-04-21 06:17:26,190 [pool-652-thread-1] INFO  server.RaftServerConfigKeys (ConfUtils.java:logGet(46)) - raft.server.threadpool.server.cached = true (default)
2023-04-21 06:17:26,190 [pool-652-thread-1] INFO  server.RaftServerConfigKeys (ConfUtils.java:logGet(46)) - raft.server.threadpool.server.size = 0 (default)
2023-04-21 06:17:26,190 [pool-652-thread-1] INFO  server.RaftServerConfigKeys (ConfUtils.java:logGet(46)) - raft.server.threadpool.client.cached = true (default)
2023-04-21 06:17:26,190 [pool-652-thread-1] INFO  server.RaftServerConfigKeys (ConfUtils.java:logGet(46)) - raft.server.threadpool.client.size = 0 (default)
2023-04-21 06:17:26,190 [pool-652-thread-1] INFO  storage.RaftStorageDirectory (RaftStorageDirectoryImpl.java:analyzeStorage(137)) - The storage directory /home/runner/work/ozone/ozone/hadoop-ozone/integration-test/target/test-dir/MiniOzoneClusterImpl-e26617af-e5aa-412c-8148-e33214803cb3/datanode-1/data/ratis/a844d6f6-b9d9-4ad9-9c35-b9d258aaaaec does not exist. Creating ...
2023-04-21 06:17:26,192 [pool-652-thread-1] INFO  storage.RaftStorageDirectory (RaftStorageDirectoryImpl.java:tryLock(231)) - Lock on /home/runner/work/ozone/ozone/hadoop-ozone/integration-test/target/test-dir/MiniOzoneClusterImpl-e26617af-e5aa-412c-8148-e33214803cb3/datanode-1/data/ratis/a844d6f6-b9d9-4ad9-9c35-b9d258aaaaec/in_use.lock acquired by nodename 2764@fv-az205-422
2023-04-21 06:17:26,193 [pool-652-thread-1] INFO  storage.RaftStorage (RaftStorageImpl.java:format(96)) - Storage directory /home/runner/work/ozone/ozone/hadoop-ozone/integration-test/target/test-dir/MiniOzoneClusterImpl-e26617af-e5aa-412c-8148-e33214803cb3/datanode-1/data/ratis/a844d6f6-b9d9-4ad9-9c35-b9d258aaaaec has been successfully formatted.
2023-04-21 06:17:26,194 [pool-652-thread-1] INFO  ratis.ContainerStateMachine (ContainerStateMachine.java:loadSnapshot(262)) - group-B9D258AAAAEC: The snapshot info is null. Setting the last applied indexto:(t:0, i:~)
2023-04-21 06:17:26,194 [pool-652-thread-1] INFO  server.RaftServerConfigKeys (ConfUtils.java:logGet(46)) - raft.server.log.use.memory = false (default)
2023-04-21 06:17:26,195 [pool-652-thread-1] INFO  server.RaftServerConfigKeys (ConfUtils.java:logGet(46)) - raft.server.log.purge.gap = 1000000 (custom)
2023-04-21 06:17:26,195 [pool-652-thread-1] INFO  server.RaftServerConfigKeys (ConfUtils.java:logGet(46)) - raft.server.log.appender.buffer.byte-limit = 33554432 (custom)
2023-04-21 06:17:26,195 [pool-652-thread-1] INFO  server.RaftServerConfigKeys (ConfUtils.java:logGet(46)) - raft.server.log.statemachine.data.read.timeout = 1000ms (default)
2023-04-21 06:17:26,195 [pool-652-thread-1] INFO  server.RaftServerConfigKeys (ConfUtils.java:logGet(46)) - raft.server.log.purge.preservation.log.num = 0 (default)
2023-04-21 06:17:26,195 [pool-652-thread-1] INFO  server.RaftServerConfigKeys (ConfUtils.java:logGet(46)) - raft.server.log.segment.size.max = 1048576 (custom)
2023-04-21 06:17:26,195 [pool-652-thread-1] INFO  server.RaftServerConfigKeys (ConfUtils.java:logGet(46)) - raft.server.log.segment.cache.num.max = 2 (custom)
2023-04-21 06:17:26,195 [pool-652-thread-1] INFO  server.RaftServerConfigKeys (ConfUtils.java:logGet(46)) - raft.server.log.segment.cache.size.max = 200MB (=209715200) (default)
2023-04-21 06:17:26,195 [pool-652-thread-1] INFO  segmented.SegmentedRaftLogWorker (SegmentedRaftLogWorker.java:<init>(189)) - new 142967e0-cde1-4161-8781-84ec4035a462@group-B9D258AAAAEC-SegmentedRaftLogWorker for RaftStorageImpl:Storage Directory /home/runner/work/ozone/ozone/hadoop-ozone/integration-test/target/test-dir/MiniOzoneClusterImpl-e26617af-e5aa-412c-8148-e33214803cb3/datanode-1/data/ratis/a844d6f6-b9d9-4ad9-9c35-b9d258aaaaec
2023-04-21 06:17:26,196 [pool-652-thread-1] INFO  server.RaftServerConfigKeys (ConfUtils.java:logGet(46)) - raft.server.log.queue.byte-limit = 4294967296 (custom)
2023-04-21 06:17:26,196 [pool-652-thread-1] INFO  server.RaftServerConfigKeys (ConfUtils.java:logGet(46)) - raft.server.log.queue.element-limit = 1024 (custom)
2023-04-21 06:17:26,196 [pool-652-thread-1] INFO  server.RaftServerConfigKeys (ConfUtils.java:logGet(46)) - raft.server.log.segment.size.max = 1048576 (custom)
2023-04-21 06:17:26,196 [pool-652-thread-1] INFO  server.RaftServerConfigKeys (ConfUtils.java:logGet(46)) - raft.server.log.preallocated.size = 16384 (custom)
2023-04-21 06:17:26,196 [pool-652-thread-1] INFO  server.RaftServerConfigKeys (ConfUtils.java:logGet(46)) - raft.server.log.force.sync.num = 128 (default)
2023-04-21 06:17:26,196 [pool-652-thread-1] INFO  server.RaftServerConfigKeys (ConfUtils.java:logGet(46)) - raft.server.log.statemachine.data.sync = true (default)
2023-04-21 06:17:26,196 [pool-652-thread-1] INFO  server.RaftServerConfigKeys (ConfUtils.java:logGet(46)) - raft.server.log.statemachine.data.sync.timeout = 10s (default)
2023-04-21 06:17:26,196 [pool-652-thread-1] INFO  server.RaftServerConfigKeys (ConfUtils.java:logGet(46)) - raft.server.log.statemachine.data.sync.timeout.retry = -1 (default)
2023-04-21 06:17:26,196 [pool-652-thread-1] INFO  server.RaftServerConfigKeys (ConfUtils.java:logGet(46)) - raft.server.log.write.buffer.size = 1048576 (custom)
2023-04-21 06:17:26,196 [pool-652-thread-1] INFO  server.RaftServerConfigKeys (ConfUtils.java:logGet(46)) - raft.server.log.appender.buffer.byte-limit = 33554432 (custom)
2023-04-21 06:17:26,206 [pool-652-thread-1] INFO  server.RaftServerConfigKeys (ConfUtils.java:logGet(46)) - raft.server.log.unsafe-flush.enabled = false (default)
2023-04-21 06:17:26,206 [pool-652-thread-1] INFO  server.RaftServerConfigKeys (ConfUtils.java:logGet(46)) - raft.server.log.async-flush.enabled = false (default)
2023-04-21 06:17:26,206 [pool-652-thread-1] INFO  server.RaftServerConfigKeys (ConfUtils.java:logGet(46)) - raft.server.log.statemachine.data.caching.enabled = true (custom)
2023-04-21 06:17:26,206 [pool-652-thread-1] INFO  segmented.SegmentedRaftLogWorker (SegmentedRaftLogWorker.java:lambda$new$0(135)) - 142967e0-cde1-4161-8781-84ec4035a462@group-B9D258AAAAEC-SegmentedRaftLogWorker: flushIndex: setUnconditionally 0 -> -1
2023-04-21 06:17:26,206 [pool-652-thread-1] INFO  segmented.SegmentedRaftLogWorker (SegmentedRaftLogWorker.java:lambda$new$0(135)) - 142967e0-cde1-4161-8781-84ec4035a462@group-B9D258AAAAEC-SegmentedRaftLogWorker: safeCacheEvictIndex: setUnconditionally 0 -> -1
2023-04-21 06:17:26,207 [pool-652-thread-1] INFO  server.RaftServer$Division (RaftServerImpl.java:start(334)) - 142967e0-cde1-4161-8781-84ec4035a462@group-B9D258AAAAEC: start as a follower, conf=-1: peers:[b10b19f2-b437-4018-b293-79a1594e0d1d|rpc:10.1.0.35:45779|dataStream:10.1.0.35:45683|priority:1|startupRole:FOLLOWER, 142967e0-cde1-4161-8781-84ec4035a462|rpc:10.1.0.35:46373|dataStream:10.1.0.35:40011|priority:0|startupRole:FOLLOWER, 2457f6ab-98f5-4e31-8316-f4a85dbaacb6|rpc:10.1.0.35:38163|dataStream:10.1.0.35:41409|priority:0|startupRole:FOLLOWER]|listeners:[], old=null
2023-04-21 06:17:26,208 [pool-652-thread-1] INFO  server.RaftServer$Division (RaftServerImpl.java:setRole(321)) - 142967e0-cde1-4161-8781-84ec4035a462@group-B9D258AAAAEC: changes role from      null to FOLLOWER at term 0 for startAsFollower
2023-04-21 06:17:26,208 [pool-652-thread-1] INFO  impl.RoleInfo (RoleInfo.java:updateAndGet(139)) - 142967e0-cde1-4161-8781-84ec4035a462: start 142967e0-cde1-4161-8781-84ec4035a462@group-B9D258AAAAEC-FollowerState
2023-04-21 06:17:26,208 [pool-652-thread-1] INFO  util.JmxRegister (JmxRegister.java:tryRegister(44)) - Successfully registered JMX Bean with object name Ratis:service=RaftServer,group=group-B9D258AAAAEC,id=142967e0-cde1-4161-8781-84ec4035a462
2023-04-21 06:17:26,209 [pool-652-thread-1] INFO  server.RaftServerConfigKeys (ConfUtils.java:logGet(46)) - raft.server.snapshot.auto.trigger.enabled = true (custom)
2023-04-21 06:17:26,209 [pool-652-thread-1] INFO  server.RaftServerConfigKeys (ConfUtils.java:logGet(46)) - raft.server.snapshot.auto.trigger.threshold = 10000 (custom)
2023-04-21 06:17:26,209 [pool-652-thread-1] INFO  server.RaftServerConfigKeys (ConfUtils.java:logGet(46)) - raft.server.snapshot.retention.file.num = 5 (custom)
2023-04-21 06:17:26,209 [pool-652-thread-1] INFO  server.RaftServerConfigKeys (ConfUtils.java:logGet(46)) - raft.server.log.purge.upto.snapshot.index = false (default)
2023-04-21 06:17:26,209 [142967e0-cde1-4161-8781-84ec4035a462@group-B9D258AAAAEC-FollowerState] INFO  server.RaftServerConfigKeys (ConfUtils.java:logFallback(53)) - raft.server.rpc.first-election.timeout.min = 5s (fallback to raft.server.rpc.timeout.min)
2023-04-21 06:17:26,209 [142967e0-cde1-4161-8781-84ec4035a462@group-B9D258AAAAEC-FollowerState] INFO  server.RaftServerConfigKeys (ConfUtils.java:logFallback(53)) - raft.server.rpc.first-election.timeout.max = 5200ms (fallback to raft.server.rpc.timeout.max)
2023-04-21 06:17:26,231 [grpc-default-executor-0] INFO  server.RaftServer (RaftServerProxy.java:addNew(96)) - 2457f6ab-98f5-4e31-8316-f4a85dbaacb6: addNew group-B9D258AAAAEC:[b10b19f2-b437-4018-b293-79a1594e0d1d|rpc:10.1.0.35:45779|dataStream:10.1.0.35:45683|priority:1|startupRole:FOLLOWER, 142967e0-cde1-4161-8781-84ec4035a462|rpc:10.1.0.35:46373|dataStream:10.1.0.35:40011|priority:0|startupRole:FOLLOWER, 2457f6ab-98f5-4e31-8316-f4a85dbaacb6|rpc:10.1.0.35:38163|dataStream:10.1.0.35:41409|priority:0|startupRole:FOLLOWER] returns group-B9D258AAAAEC:java.util.concurrent.CompletableFuture@60c1ef38[Not completed]
2023-04-21 06:17:26,232 [pool-674-thread-1] INFO  server.RaftServer$Division (RaftServerImpl.java:<init>(195)) - 2457f6ab-98f5-4e31-8316-f4a85dbaacb6: new RaftServerImpl for group-B9D258AAAAEC:[b10b19f2-b437-4018-b293-79a1594e0d1d|rpc:10.1.0.35:45779|dataStream:10.1.0.35:45683|priority:1|startupRole:FOLLOWER, 142967e0-cde1-4161-8781-84ec4035a462|rpc:10.1.0.35:46373|dataStream:10.1.0.35:40011|priority:0|startupRole:FOLLOWER, 2457f6ab-98f5-4e31-8316-f4a85dbaacb6|rpc:10.1.0.35:38163|dataStream:10.1.0.35:41409|priority:0|startupRole:FOLLOWER] with ContainerStateMachine:uninitialized
2023-04-21 06:17:26,232 [pool-674-thread-1] INFO  server.RaftServerConfigKeys (ConfUtils.java:logGet(46)) - raft.server.rpc.timeout.min = 5s (custom)
2023-04-21 06:17:26,232 [pool-674-thread-1] INFO  server.RaftServerConfigKeys (ConfUtils.java:logGet(46)) - raft.server.rpc.timeout.max = 5200ms (custom)
2023-04-21 06:17:26,233 [pool-674-thread-1] INFO  server.RaftServerConfigKeys (ConfUtils.java:logGet(46)) - raft.server.rpc.sleep.time = 25ms (default)
2023-04-21 06:17:26,233 [pool-674-thread-1] INFO  server.RaftServerConfigKeys (ConfUtils.java:logGet(46)) - raft.server.rpc.slowness.timeout = 300s (custom)
2023-04-21 06:17:26,233 [pool-674-thread-1] INFO  server.RaftServerConfigKeys (ConfUtils.java:logGet(46)) - raft.server.leaderelection.leader.step-down.wait-time = 10s (default)
2023-04-21 06:17:26,233 [pool-674-thread-1] INFO  server.RaftServerConfigKeys (ConfUtils.java:logGet(46)) - raft.server.sleep.deviation.threshold = 300ms (default)
2023-04-21 06:17:26,233 [pool-674-thread-1] INFO  server.RaftServer$Division (ServerState.java:<init>(118)) - 2457f6ab-98f5-4e31-8316-f4a85dbaacb6@group-B9D258AAAAEC: ConfigurationManager, init=-1: peers:[b10b19f2-b437-4018-b293-79a1594e0d1d|rpc:10.1.0.35:45779|dataStream:10.1.0.35:45683|priority:1|startupRole:FOLLOWER, 142967e0-cde1-4161-8781-84ec4035a462|rpc:10.1.0.35:46373|dataStream:10.1.0.35:40011|priority:0|startupRole:FOLLOWER, 2457f6ab-98f5-4e31-8316-f4a85dbaacb6|rpc:10.1.0.35:38163|dataStream:10.1.0.35:41409|priority:0|startupRole:FOLLOWER]|listeners:[], old=null, confs=<EMPTY_MAP>
2023-04-21 06:17:26,233 [pool-674-thread-1] INFO  server.RaftServerConfigKeys (ConfUtils.java:logGet(46)) - raft.server.storage.dir = [/home/runner/work/ozone/ozone/hadoop-ozone/integration-test/target/test-dir/MiniOzoneClusterImpl-e26617af-e5aa-412c-8148-e33214803cb3/datanode-2/data/ratis] (custom)
2023-04-21 06:17:26,233 [pool-674-thread-1] INFO  server.RaftServerConfigKeys (ConfUtils.java:logGet(46)) - raft.server.log.corruption.policy = EXCEPTION (default)
2023-04-21 06:17:26,233 [pool-674-thread-1] INFO  server.RaftServerConfigKeys (ConfUtils.java:logGet(46)) - raft.server.storage.free-space.min = 0MB (=0) (default)
2023-04-21 06:17:26,233 [pool-674-thread-1] INFO  server.RaftServerConfigKeys (ConfUtils.java:logGet(46)) - raft.server.notification.no-leader.timeout = 300s (custom)
2023-04-21 06:17:26,233 [pool-674-thread-1] INFO  server.RaftServerConfigKeys (ConfUtils.java:logGet(46)) - raft.server.retrycache.expirytime = 600000ms (custom)
2023-04-21 06:17:26,233 [pool-674-thread-1] INFO  server.RaftServerConfigKeys (ConfUtils.java:logGet(46)) - raft.server.retrycache.statistics.expirytime = 100μs (default)
2023-04-21 06:17:26,236 [pool-674-thread-1] INFO  server.RaftServerConfigKeys (ConfUtils.java:logGet(46)) - raft.server.log.appender.install.snapshot.enabled = false (custom)
2023-04-21 06:17:26,236 [pool-674-thread-1] INFO  server.RaftServerConfigKeys (ConfUtils.java:logGet(46)) - raft.server.threadpool.server.cached = true (default)
2023-04-21 06:17:26,236 [pool-674-thread-1] INFO  server.RaftServerConfigKeys (ConfUtils.java:logGet(46)) - raft.server.threadpool.server.size = 0 (default)
2023-04-21 06:17:26,236 [pool-674-thread-1] INFO  server.RaftServerConfigKeys (ConfUtils.java:logGet(46)) - raft.server.threadpool.client.cached = true (default)
2023-04-21 06:17:26,236 [pool-674-thread-1] INFO  server.RaftServerConfigKeys (ConfUtils.java:logGet(46)) - raft.server.threadpool.client.size = 0 (default)
2023-04-21 06:17:26,236 [pool-674-thread-1] INFO  storage.RaftStorageDirectory (RaftStorageDirectoryImpl.java:analyzeStorage(137)) - The storage directory /home/runner/work/ozone/ozone/hadoop-ozone/integration-test/target/test-dir/MiniOzoneClusterImpl-e26617af-e5aa-412c-8148-e33214803cb3/datanode-2/data/ratis/a844d6f6-b9d9-4ad9-9c35-b9d258aaaaec does not exist. Creating ...
2023-04-21 06:17:26,238 [pool-674-thread-1] INFO  storage.RaftStorageDirectory (RaftStorageDirectoryImpl.java:tryLock(231)) - Lock on /home/runner/work/ozone/ozone/hadoop-ozone/integration-test/target/test-dir/MiniOzoneClusterImpl-e26617af-e5aa-412c-8148-e33214803cb3/datanode-2/data/ratis/a844d6f6-b9d9-4ad9-9c35-b9d258aaaaec/in_use.lock acquired by nodename 2764@fv-az205-422
2023-04-21 06:17:26,239 [pool-674-thread-1] INFO  storage.RaftStorage (RaftStorageImpl.java:format(96)) - Storage directory /home/runner/work/ozone/ozone/hadoop-ozone/integration-test/target/test-dir/MiniOzoneClusterImpl-e26617af-e5aa-412c-8148-e33214803cb3/datanode-2/data/ratis/a844d6f6-b9d9-4ad9-9c35-b9d258aaaaec has been successfully formatted.
2023-04-21 06:17:26,241 [pool-674-thread-1] INFO  ratis.ContainerStateMachine (ContainerStateMachine.java:loadSnapshot(262)) - group-B9D258AAAAEC: The snapshot info is null. Setting the last applied indexto:(t:0, i:~)
2023-04-21 06:17:26,242 [pool-674-thread-1] INFO  server.RaftServerConfigKeys (ConfUtils.java:logGet(46)) - raft.server.log.use.memory = false (default)
2023-04-21 06:17:26,242 [pool-674-thread-1] INFO  server.RaftServerConfigKeys (ConfUtils.java:logGet(46)) - raft.server.log.purge.gap = 1000000 (custom)
2023-04-21 06:17:26,242 [pool-674-thread-1] INFO  server.RaftServerConfigKeys (ConfUtils.java:logGet(46)) - raft.server.log.appender.buffer.byte-limit = 33554432 (custom)
2023-04-21 06:17:26,242 [pool-674-thread-1] INFO  server.RaftServerConfigKeys (ConfUtils.java:logGet(46)) - raft.server.log.statemachine.data.read.timeout = 1000ms (default)
2023-04-21 06:17:26,242 [pool-674-thread-1] INFO  server.RaftServerConfigKeys (ConfUtils.java:logGet(46)) - raft.server.log.purge.preservation.log.num = 0 (default)
2023-04-21 06:17:26,242 [pool-674-thread-1] INFO  server.RaftServerConfigKeys (ConfUtils.java:logGet(46)) - raft.server.log.segment.size.max = 1048576 (custom)
2023-04-21 06:17:26,242 [pool-674-thread-1] INFO  server.RaftServerConfigKeys (ConfUtils.java:logGet(46)) - raft.server.log.segment.cache.num.max = 2 (custom)
2023-04-21 06:17:26,242 [pool-674-thread-1] INFO  server.RaftServerConfigKeys (ConfUtils.java:logGet(46)) - raft.server.log.segment.cache.size.max = 200MB (=209715200) (default)
2023-04-21 06:17:26,242 [pool-674-thread-1] INFO  segmented.SegmentedRaftLogWorker (SegmentedRaftLogWorker.java:<init>(189)) - new 2457f6ab-98f5-4e31-8316-f4a85dbaacb6@group-B9D258AAAAEC-SegmentedRaftLogWorker for RaftStorageImpl:Storage Directory /home/runner/work/ozone/ozone/hadoop-ozone/integration-test/target/test-dir/MiniOzoneClusterImpl-e26617af-e5aa-412c-8148-e33214803cb3/datanode-2/data/ratis/a844d6f6-b9d9-4ad9-9c35-b9d258aaaaec
2023-04-21 06:17:26,242 [pool-674-thread-1] INFO  server.RaftServerConfigKeys (ConfUtils.java:logGet(46)) - raft.server.log.queue.byte-limit = 4294967296 (custom)
2023-04-21 06:17:26,243 [pool-674-thread-1] INFO  server.RaftServerConfigKeys (ConfUtils.java:logGet(46)) - raft.server.log.queue.element-limit = 1024 (custom)
2023-04-21 06:17:26,243 [pool-674-thread-1] INFO  server.RaftServerConfigKeys (ConfUtils.java:logGet(46)) - raft.server.log.segment.size.max = 1048576 (custom)
2023-04-21 06:17:26,243 [pool-674-thread-1] INFO  server.RaftServerConfigKeys (ConfUtils.java:logGet(46)) - raft.server.log.preallocated.size = 16384 (custom)
2023-04-21 06:17:26,243 [pool-674-thread-1] INFO  server.RaftServerConfigKeys (ConfUtils.java:logGet(46)) - raft.server.log.force.sync.num = 128 (default)
2023-04-21 06:17:26,243 [pool-674-thread-1] INFO  server.RaftServerConfigKeys (ConfUtils.java:logGet(46)) - raft.server.log.statemachine.data.sync = true (default)
2023-04-21 06:17:26,243 [pool-674-thread-1] INFO  server.RaftServerConfigKeys (ConfUtils.java:logGet(46)) - raft.server.log.statemachine.data.sync.timeout = 10s (default)
2023-04-21 06:17:26,243 [pool-674-thread-1] INFO  server.RaftServerConfigKeys (ConfUtils.java:logGet(46)) - raft.server.log.statemachine.data.sync.timeout.retry = -1 (default)
2023-04-21 06:17:26,243 [pool-674-thread-1] INFO  server.RaftServerConfigKeys (ConfUtils.java:logGet(46)) - raft.server.log.write.buffer.size = 1048576 (custom)
2023-04-21 06:17:26,244 [pool-674-thread-1] INFO  server.RaftServerConfigKeys (ConfUtils.java:logGet(46)) - raft.server.log.appender.buffer.byte-limit = 33554432 (custom)
2023-04-21 06:17:26,252 [pool-674-thread-1] INFO  server.RaftServerConfigKeys (ConfUtils.java:logGet(46)) - raft.server.log.unsafe-flush.enabled = false (default)
2023-04-21 06:17:26,252 [pool-674-thread-1] INFO  server.RaftServerConfigKeys (ConfUtils.java:logGet(46)) - raft.server.log.async-flush.enabled = false (default)
2023-04-21 06:17:26,252 [pool-674-thread-1] INFO  server.RaftServerConfigKeys (ConfUtils.java:logGet(46)) - raft.server.log.statemachine.data.caching.enabled = true (custom)
2023-04-21 06:17:26,253 [pool-674-thread-1] INFO  segmented.SegmentedRaftLogWorker (SegmentedRaftLogWorker.java:lambda$new$0(135)) - 2457f6ab-98f5-4e31-8316-f4a85dbaacb6@group-B9D258AAAAEC-SegmentedRaftLogWorker: flushIndex: setUnconditionally 0 -> -1
2023-04-21 06:17:26,253 [pool-674-thread-1] INFO  segmented.SegmentedRaftLogWorker (SegmentedRaftLogWorker.java:lambda$new$0(135)) - 2457f6ab-98f5-4e31-8316-f4a85dbaacb6@group-B9D258AAAAEC-SegmentedRaftLogWorker: safeCacheEvictIndex: setUnconditionally 0 -> -1
2023-04-21 06:17:26,258 [pool-674-thread-1] INFO  server.RaftServer$Division (RaftServerImpl.java:start(334)) - 2457f6ab-98f5-4e31-8316-f4a85dbaacb6@group-B9D258AAAAEC: start as a follower, conf=-1: peers:[b10b19f2-b437-4018-b293-79a1594e0d1d|rpc:10.1.0.35:45779|dataStream:10.1.0.35:45683|priority:1|startupRole:FOLLOWER, 142967e0-cde1-4161-8781-84ec4035a462|rpc:10.1.0.35:46373|dataStream:10.1.0.35:40011|priority:0|startupRole:FOLLOWER, 2457f6ab-98f5-4e31-8316-f4a85dbaacb6|rpc:10.1.0.35:38163|dataStream:10.1.0.35:41409|priority:0|startupRole:FOLLOWER]|listeners:[], old=null
2023-04-21 06:17:26,258 [pool-674-thread-1] INFO  server.RaftServer$Division (RaftServerImpl.java:setRole(321)) - 2457f6ab-98f5-4e31-8316-f4a85dbaacb6@group-B9D258AAAAEC: changes role from      null to FOLLOWER at term 0 for startAsFollower
2023-04-21 06:17:26,258 [pool-674-thread-1] INFO  impl.RoleInfo (RoleInfo.java:updateAndGet(139)) - 2457f6ab-98f5-4e31-8316-f4a85dbaacb6: start 2457f6ab-98f5-4e31-8316-f4a85dbaacb6@group-B9D258AAAAEC-FollowerState
2023-04-21 06:17:26,263 [pool-674-thread-1] INFO  util.JmxRegister (JmxRegister.java:tryRegister(44)) - Successfully registered JMX Bean with object name Ratis:service=RaftServer,group=group-B9D258AAAAEC,id=2457f6ab-98f5-4e31-8316-f4a85dbaacb6
2023-04-21 06:17:26,263 [pool-674-thread-1] INFO  server.RaftServerConfigKeys (ConfUtils.java:logGet(46)) - raft.server.snapshot.auto.trigger.enabled = true (custom)
2023-04-21 06:17:26,263 [pool-674-thread-1] INFO  server.RaftServerConfigKeys (ConfUtils.java:logGet(46)) - raft.server.snapshot.auto.trigger.threshold = 10000 (custom)
2023-04-21 06:17:26,263 [pool-674-thread-1] INFO  server.RaftServerConfigKeys (ConfUtils.java:logGet(46)) - raft.server.snapshot.retention.file.num = 5 (custom)
2023-04-21 06:17:26,263 [pool-674-thread-1] INFO  server.RaftServerConfigKeys (ConfUtils.java:logGet(46)) - raft.server.log.purge.upto.snapshot.index = false (default)
2023-04-21 06:17:26,264 [2457f6ab-98f5-4e31-8316-f4a85dbaacb6@group-B9D258AAAAEC-FollowerState] INFO  server.RaftServerConfigKeys (ConfUtils.java:logFallback(53)) - raft.server.rpc.first-election.timeout.min = 5s (fallback to raft.server.rpc.timeout.min)
2023-04-21 06:17:26,264 [2457f6ab-98f5-4e31-8316-f4a85dbaacb6@group-B9D258AAAAEC-FollowerState] INFO  server.RaftServerConfigKeys (ConfUtils.java:logFallback(53)) - raft.server.rpc.first-election.timeout.max = 5200ms (fallback to raft.server.rpc.timeout.max)
2023-04-21 06:17:26,275 [Command processor thread] INFO  commandhandler.CreatePipelineCommandHandler (CreatePipelineCommandHandler.java:handle(113)) - Created Pipeline RATIS THREE PipelineID=a844d6f6-b9d9-4ad9-9c35-b9d258aaaaec.
2023-04-21 06:17:26,372 [Command processor thread] INFO  server.RaftServer (RaftServerProxy.java:addNew(96)) - 142967e0-cde1-4161-8781-84ec4035a462: addNew group-D78DDD9A710A:[142967e0-cde1-4161-8781-84ec4035a462|rpc:10.1.0.35:46373|dataStream:10.1.0.35:40011|priority:1|startupRole:FOLLOWER] returns group-D78DDD9A710A:java.util.concurrent.CompletableFuture@67db1fa1[Not completed]
2023-04-21 06:17:26,374 [pool-652-thread-1] INFO  server.RaftServer$Division (RaftServerImpl.java:<init>(195)) - 142967e0-cde1-4161-8781-84ec4035a462: new RaftServerImpl for group-D78DDD9A710A:[142967e0-cde1-4161-8781-84ec4035a462|rpc:10.1.0.35:46373|dataStream:10.1.0.35:40011|priority:1|startupRole:FOLLOWER] with ContainerStateMachine:uninitialized
2023-04-21 06:17:26,374 [pool-652-thread-1] INFO  server.RaftServerConfigKeys (ConfUtils.java:logGet(46)) - raft.server.rpc.timeout.min = 5s (custom)
2023-04-21 06:17:26,374 [pool-652-thread-1] INFO  server.RaftServerConfigKeys (ConfUtils.java:logGet(46)) - raft.server.rpc.timeout.max = 5200ms (custom)
2023-04-21 06:17:26,374 [pool-652-thread-1] INFO  server.RaftServerConfigKeys (ConfUtils.java:logGet(46)) - raft.server.rpc.sleep.time = 25ms (default)
2023-04-21 06:17:26,374 [pool-652-thread-1] INFO  server.RaftServerConfigKeys (ConfUtils.java:logGet(46)) - raft.server.rpc.slowness.timeout = 300s (custom)
2023-04-21 06:17:26,374 [pool-652-thread-1] INFO  server.RaftServerConfigKeys (ConfUtils.java:logGet(46)) - raft.server.leaderelection.leader.step-down.wait-time = 10s (default)
2023-04-21 06:17:26,374 [pool-652-thread-1] INFO  server.RaftServerConfigKeys (ConfUtils.java:logGet(46)) - raft.server.sleep.deviation.threshold = 300ms (default)
2023-04-21 06:17:26,374 [pool-652-thread-1] INFO  server.RaftServer$Division (ServerState.java:<init>(118)) - 142967e0-cde1-4161-8781-84ec4035a462@group-D78DDD9A710A: ConfigurationManager, init=-1: peers:[142967e0-cde1-4161-8781-84ec4035a462|rpc:10.1.0.35:46373|dataStream:10.1.0.35:40011|priority:1|startupRole:FOLLOWER]|listeners:[], old=null, confs=<EMPTY_MAP>
2023-04-21 06:17:26,374 [pool-652-thread-1] INFO  server.RaftServerConfigKeys (ConfUtils.java:logGet(46)) - raft.server.storage.dir = [/home/runner/work/ozone/ozone/hadoop-ozone/integration-test/target/test-dir/MiniOzoneClusterImpl-e26617af-e5aa-412c-8148-e33214803cb3/datanode-1/data/ratis] (custom)
2023-04-21 06:17:26,374 [pool-652-thread-1] INFO  server.RaftServerConfigKeys (ConfUtils.java:logGet(46)) - raft.server.log.corruption.policy = EXCEPTION (default)
2023-04-21 06:17:26,374 [pool-652-thread-1] INFO  server.RaftServerConfigKeys (ConfUtils.java:logGet(46)) - raft.server.storage.free-space.min = 0MB (=0) (default)
2023-04-21 06:17:26,374 [pool-652-thread-1] INFO  server.RaftServerConfigKeys (ConfUtils.java:logGet(46)) - raft.server.notification.no-leader.timeout = 300s (custom)
2023-04-21 06:17:26,375 [pool-652-thread-1] INFO  server.RaftServerConfigKeys (ConfUtils.java:logGet(46)) - raft.server.retrycache.expirytime = 600000ms (custom)
2023-04-21 06:17:26,375 [pool-652-thread-1] INFO  server.RaftServerConfigKeys (ConfUtils.java:logGet(46)) - raft.server.retrycache.statistics.expirytime = 100μs (default)
2023-04-21 06:17:26,375 [pool-652-thread-1] INFO  server.RaftServerConfigKeys (ConfUtils.java:logGet(46)) - raft.server.log.appender.install.snapshot.enabled = false (custom)
2023-04-21 06:17:26,375 [pool-652-thread-1] INFO  server.RaftServerConfigKeys (ConfUtils.java:logGet(46)) - raft.server.threadpool.server.cached = true (default)
2023-04-21 06:17:26,375 [pool-652-thread-1] INFO  server.RaftServerConfigKeys (ConfUtils.java:logGet(46)) - raft.server.threadpool.server.size = 0 (default)
2023-04-21 06:17:26,376 [pool-652-thread-1] INFO  server.RaftServerConfigKeys (ConfUtils.java:logGet(46)) - raft.server.threadpool.client.cached = true (default)
2023-04-21 06:17:26,376 [pool-652-thread-1] INFO  server.RaftServerConfigKeys (ConfUtils.java:logGet(46)) - raft.server.threadpool.client.size = 0 (default)
2023-04-21 06:17:26,376 [pool-652-thread-1] INFO  storage.RaftStorageDirectory (RaftStorageDirectoryImpl.java:analyzeStorage(137)) - The storage directory /home/runner/work/ozone/ozone/hadoop-ozone/integration-test/target/test-dir/MiniOzoneClusterImpl-e26617af-e5aa-412c-8148-e33214803cb3/datanode-1/data/ratis/4cdb3821-9f3a-4f23-94a7-d78ddd9a710a does not exist. Creating ...
2023-04-21 06:17:26,377 [pool-652-thread-1] INFO  storage.RaftStorageDirectory (RaftStorageDirectoryImpl.java:tryLock(231)) - Lock on /home/runner/work/ozone/ozone/hadoop-ozone/integration-test/target/test-dir/MiniOzoneClusterImpl-e26617af-e5aa-412c-8148-e33214803cb3/datanode-1/data/ratis/4cdb3821-9f3a-4f23-94a7-d78ddd9a710a/in_use.lock acquired by nodename 2764@fv-az205-422
2023-04-21 06:17:26,379 [pool-652-thread-1] INFO  storage.RaftStorage (RaftStorageImpl.java:format(96)) - Storage directory /home/runner/work/ozone/ozone/hadoop-ozone/integration-test/target/test-dir/MiniOzoneClusterImpl-e26617af-e5aa-412c-8148-e33214803cb3/datanode-1/data/ratis/4cdb3821-9f3a-4f23-94a7-d78ddd9a710a has been successfully formatted.
2023-04-21 06:17:26,380 [pool-652-thread-1] INFO  ratis.ContainerStateMachine (ContainerStateMachine.java:loadSnapshot(262)) - group-D78DDD9A710A: The snapshot info is null. Setting the last applied indexto:(t:0, i:~)
2023-04-21 06:17:26,380 [pool-652-thread-1] INFO  server.RaftServerConfigKeys (ConfUtils.java:logGet(46)) - raft.server.log.use.memory = false (default)
2023-04-21 06:17:26,380 [pool-652-thread-1] INFO  server.RaftServerConfigKeys (ConfUtils.java:logGet(46)) - raft.server.log.purge.gap = 1000000 (custom)
2023-04-21 06:17:26,380 [pool-652-thread-1] INFO  server.RaftServerConfigKeys (ConfUtils.java:logGet(46)) - raft.server.log.appender.buffer.byte-limit = 33554432 (custom)
2023-04-21 06:17:26,380 [pool-652-thread-1] INFO  server.RaftServerConfigKeys (ConfUtils.java:logGet(46)) - raft.server.log.statemachine.data.read.timeout = 1000ms (default)
2023-04-21 06:17:26,381 [EventQueue-PipelineReportForPipelineReportHandler] INFO  pipeline.PipelineManagerImpl (PipelineManagerImpl.java:openPipeline(367)) - Pipeline Pipeline[ Id: 4cdb3821-9f3a-4f23-94a7-d78ddd9a710a, Nodes: 142967e0-cde1-4161-8781-84ec4035a462(fv-az205-422/10.1.0.35), ReplicationConfig: RATIS/ONE, State:ALLOCATED, leaderId:142967e0-cde1-4161-8781-84ec4035a462, CreationTimestamp2023-04-21T06:17:23.375Z[Etc/UTC]] moved to OPEN state
2023-04-21 06:17:26,382 [EventQueue-OpenPipelineForHealthyPipelineSafeModeRule] INFO  safemode.SCMSafeModeManager (HealthyPipelineSafeModeRule.java:process(137)) - SCM in safe mode. Healthy pipelines reported count is 0, required healthy pipeline reported count is 1
2023-04-21 06:17:26,382 [pool-652-thread-1] INFO  server.RaftServerConfigKeys (ConfUtils.java:logGet(46)) - raft.server.log.purge.preservation.log.num = 0 (default)
2023-04-21 06:17:26,382 [pool-652-thread-1] INFO  server.RaftServerConfigKeys (ConfUtils.java:logGet(46)) - raft.server.log.segment.size.max = 1048576 (custom)
2023-04-21 06:17:26,383 [pool-652-thread-1] INFO  server.RaftServerConfigKeys (ConfUtils.java:logGet(46)) - raft.server.log.segment.cache.num.max = 2 (custom)
2023-04-21 06:17:26,383 [pool-652-thread-1] INFO  server.RaftServerConfigKeys (ConfUtils.java:logGet(46)) - raft.server.log.segment.cache.size.max = 200MB (=209715200) (default)
2023-04-21 06:17:26,383 [pool-652-thread-1] INFO  segmented.SegmentedRaftLogWorker (SegmentedRaftLogWorker.java:<init>(189)) - new 142967e0-cde1-4161-8781-84ec4035a462@group-D78DDD9A710A-SegmentedRaftLogWorker for RaftStorageImpl:Storage Directory /home/runner/work/ozone/ozone/hadoop-ozone/integration-test/target/test-dir/MiniOzoneClusterImpl-e26617af-e5aa-412c-8148-e33214803cb3/datanode-1/data/ratis/4cdb3821-9f3a-4f23-94a7-d78ddd9a710a
2023-04-21 06:17:26,383 [pool-652-thread-1] INFO  server.RaftServerConfigKeys (ConfUtils.java:logGet(46)) - raft.server.log.queue.byte-limit = 4294967296 (custom)
2023-04-21 06:17:26,383 [pool-652-thread-1] INFO  server.RaftServerConfigKeys (ConfUtils.java:logGet(46)) - raft.server.log.queue.element-limit = 1024 (custom)
2023-04-21 06:17:26,383 [pool-652-thread-1] INFO  server.RaftServerConfigKeys (ConfUtils.java:logGet(46)) - raft.server.log.segment.size.max = 1048576 (custom)
2023-04-21 06:17:26,383 [pool-652-thread-1] INFO  server.RaftServerConfigKeys (ConfUtils.java:logGet(46)) - raft.server.log.preallocated.size = 16384 (custom)
2023-04-21 06:17:26,383 [pool-652-thread-1] INFO  server.RaftServerConfigKeys (ConfUtils.java:logGet(46)) - raft.server.log.force.sync.num = 128 (default)
2023-04-21 06:17:26,383 [pool-652-thread-1] INFO  server.RaftServerConfigKeys (ConfUtils.java:logGet(46)) - raft.server.log.statemachine.data.sync = true (default)
2023-04-21 06:17:26,383 [pool-652-thread-1] INFO  server.RaftServerConfigKeys (ConfUtils.java:logGet(46)) - raft.server.log.statemachine.data.sync.timeout = 10s (default)
2023-04-21 06:17:26,383 [pool-652-thread-1] INFO  server.RaftServerConfigKeys (ConfUtils.java:logGet(46)) - raft.server.log.statemachine.data.sync.timeout.retry = -1 (default)
2023-04-21 06:17:26,384 [pool-652-thread-1] INFO  server.RaftServerConfigKeys (ConfUtils.java:logGet(46)) - raft.server.log.write.buffer.size = 1048576 (custom)
2023-04-21 06:17:26,384 [pool-652-thread-1] INFO  server.RaftServerConfigKeys (ConfUtils.java:logGet(46)) - raft.server.log.appender.buffer.byte-limit = 33554432 (custom)
2023-04-21 06:17:26,390 [pool-652-thread-1] INFO  server.RaftServerConfigKeys (ConfUtils.java:logGet(46)) - raft.server.log.unsafe-flush.enabled = false (default)
2023-04-21 06:17:26,390 [pool-652-thread-1] INFO  server.RaftServerConfigKeys (ConfUtils.java:logGet(46)) - raft.server.log.async-flush.enabled = false (default)
2023-04-21 06:17:26,390 [pool-652-thread-1] INFO  server.RaftServerConfigKeys (ConfUtils.java:logGet(46)) - raft.server.log.statemachine.data.caching.enabled = true (custom)
2023-04-21 06:17:26,391 [pool-652-thread-1] INFO  segmented.SegmentedRaftLogWorker (SegmentedRaftLogWorker.java:lambda$new$0(135)) - 142967e0-cde1-4161-8781-84ec4035a462@group-D78DDD9A710A-SegmentedRaftLogWorker: flushIndex: setUnconditionally 0 -> -1
2023-04-21 06:17:26,391 [pool-652-thread-1] INFO  segmented.SegmentedRaftLogWorker (SegmentedRaftLogWorker.java:lambda$new$0(135)) - 142967e0-cde1-4161-8781-84ec4035a462@group-D78DDD9A710A-SegmentedRaftLogWorker: safeCacheEvictIndex: setUnconditionally 0 -> -1
2023-04-21 06:17:26,398 [pool-652-thread-1] INFO  server.RaftServer$Division (RaftServerImpl.java:start(334)) - 142967e0-cde1-4161-8781-84ec4035a462@group-D78DDD9A710A: start as a follower, conf=-1: peers:[142967e0-cde1-4161-8781-84ec4035a462|rpc:10.1.0.35:46373|dataStream:10.1.0.35:40011|priority:1|startupRole:FOLLOWER]|listeners:[], old=null
2023-04-21 06:17:26,398 [pool-652-thread-1] INFO  server.RaftServer$Division (RaftServerImpl.java:setRole(321)) - 142967e0-cde1-4161-8781-84ec4035a462@group-D78DDD9A710A: changes role from      null to FOLLOWER at term 0 for startAsFollower
2023-04-21 06:17:26,398 [pool-652-thread-1] INFO  impl.RoleInfo (RoleInfo.java:updateAndGet(139)) - 142967e0-cde1-4161-8781-84ec4035a462: start 142967e0-cde1-4161-8781-84ec4035a462@group-D78DDD9A710A-FollowerState
2023-04-21 06:17:26,398 [pool-652-thread-1] INFO  util.JmxRegister (JmxRegister.java:tryRegister(44)) - Successfully registered JMX Bean with object name Ratis:service=RaftServer,group=group-D78DDD9A710A,id=142967e0-cde1-4161-8781-84ec4035a462
2023-04-21 06:17:26,398 [pool-652-thread-1] INFO  server.RaftServerConfigKeys (ConfUtils.java:logGet(46)) - raft.server.snapshot.auto.trigger.enabled = true (custom)
2023-04-21 06:17:26,398 [pool-652-thread-1] INFO  server.RaftServerConfigKeys (ConfUtils.java:logGet(46)) - raft.server.snapshot.auto.trigger.threshold = 10000 (custom)
2023-04-21 06:17:26,398 [pool-652-thread-1] INFO  server.RaftServerConfigKeys (ConfUtils.java:logGet(46)) - raft.server.snapshot.retention.file.num = 5 (custom)
2023-04-21 06:17:26,398 [pool-652-thread-1] INFO  server.RaftServerConfigKeys (ConfUtils.java:logGet(46)) - raft.server.log.purge.upto.snapshot.index = false (default)
2023-04-21 06:17:26,399 [142967e0-cde1-4161-8781-84ec4035a462@group-D78DDD9A710A-FollowerState] INFO  server.RaftServerConfigKeys (ConfUtils.java:logFallback(53)) - raft.server.rpc.first-election.timeout.min = 5s (fallback to raft.server.rpc.timeout.min)
2023-04-21 06:17:26,399 [142967e0-cde1-4161-8781-84ec4035a462@group-D78DDD9A710A-FollowerState] INFO  server.RaftServerConfigKeys (ConfUtils.java:logFallback(53)) - raft.server.rpc.first-election.timeout.max = 5200ms (fallback to raft.server.rpc.timeout.max)
2023-04-21 06:17:26,402 [Command processor thread] INFO  ratis.XceiverServerRatis (XceiverServerRatis.java:addGroup(806)) - Created group PipelineID=4cdb3821-9f3a-4f23-94a7-d78ddd9a710a
2023-04-21 06:17:26,402 [Command processor thread] INFO  commandhandler.CreatePipelineCommandHandler (CreatePipelineCommandHandler.java:handle(113)) - Created Pipeline RATIS ONE PipelineID=4cdb3821-9f3a-4f23-94a7-d78ddd9a710a.
2023-04-21 06:17:26,918 [Listener at 127.0.0.1/43161] INFO  ozone.MiniOzoneClusterImpl (MiniOzoneClusterImpl.java:lambda$waitForClusterToBeReady$0(223)) - Nodes are ready. Got 3 of 3 DN Heartbeats.
2023-04-21 06:17:26,918 [Listener at 127.0.0.1/43161] INFO  ozone.MiniOzoneClusterImpl (MiniOzoneClusterImpl.java:lambda$waitForClusterToBeReady$0(226)) - Waiting for cluster to exit safe mode
2023-04-21 06:17:26,918 [Listener at 127.0.0.1/43161] INFO  ozone.MiniOzoneClusterImpl (MiniOzoneClusterImpl.java:lambda$waitForClusterToBeReady$0(228)) - SCM became leader
2023-04-21 06:17:26,923 [Command processor thread] INFO  server.RaftServer (RaftServerProxy.java:addNew(96)) - 2457f6ab-98f5-4e31-8316-f4a85dbaacb6: addNew group-2D532CFE1273:[2457f6ab-98f5-4e31-8316-f4a85dbaacb6|rpc:10.1.0.35:38163|dataStream:10.1.0.35:41409|priority:1|startupRole:FOLLOWER] returns group-2D532CFE1273:java.util.concurrent.CompletableFuture@17bfc870[Not completed]
2023-04-21 06:17:26,923 [pool-674-thread-1] INFO  server.RaftServer$Division (RaftServerImpl.java:<init>(195)) - 2457f6ab-98f5-4e31-8316-f4a85dbaacb6: new RaftServerImpl for group-2D532CFE1273:[2457f6ab-98f5-4e31-8316-f4a85dbaacb6|rpc:10.1.0.35:38163|dataStream:10.1.0.35:41409|priority:1|startupRole:FOLLOWER] with ContainerStateMachine:uninitialized
2023-04-21 06:17:26,924 [pool-674-thread-1] INFO  server.RaftServerConfigKeys (ConfUtils.java:logGet(46)) - raft.server.rpc.timeout.min = 5s (custom)
2023-04-21 06:17:26,924 [pool-674-thread-1] INFO  server.RaftServerConfigKeys (ConfUtils.java:logGet(46)) - raft.server.rpc.timeout.max = 5200ms (custom)
2023-04-21 06:17:26,924 [pool-674-thread-1] INFO  server.RaftServerConfigKeys (ConfUtils.java:logGet(46)) - raft.server.rpc.sleep.time = 25ms (default)
2023-04-21 06:17:26,924 [pool-674-thread-1] INFO  server.RaftServerConfigKeys (ConfUtils.java:logGet(46)) - raft.server.rpc.slowness.timeout = 300s (custom)
2023-04-21 06:17:26,924 [pool-674-thread-1] INFO  server.RaftServerConfigKeys (ConfUtils.java:logGet(46)) - raft.server.leaderelection.leader.step-down.wait-time = 10s (default)
2023-04-21 06:17:26,924 [pool-674-thread-1] INFO  server.RaftServerConfigKeys (ConfUtils.java:logGet(46)) - raft.server.sleep.deviation.threshold = 300ms (default)
2023-04-21 06:17:26,924 [pool-674-thread-1] INFO  server.RaftServer$Division (ServerState.java:<init>(118)) - 2457f6ab-98f5-4e31-8316-f4a85dbaacb6@group-2D532CFE1273: ConfigurationManager, init=-1: peers:[2457f6ab-98f5-4e31-8316-f4a85dbaacb6|rpc:10.1.0.35:38163|dataStream:10.1.0.35:41409|priority:1|startupRole:FOLLOWER]|listeners:[], old=null, confs=<EMPTY_MAP>
2023-04-21 06:17:26,924 [pool-674-thread-1] INFO  server.RaftServerConfigKeys (ConfUtils.java:logGet(46)) - raft.server.storage.dir = [/home/runner/work/ozone/ozone/hadoop-ozone/integration-test/target/test-dir/MiniOzoneClusterImpl-e26617af-e5aa-412c-8148-e33214803cb3/datanode-2/data/ratis] (custom)
2023-04-21 06:17:26,924 [pool-674-thread-1] INFO  server.RaftServerConfigKeys (ConfUtils.java:logGet(46)) - raft.server.log.corruption.policy = EXCEPTION (default)
2023-04-21 06:17:26,924 [pool-674-thread-1] INFO  server.RaftServerConfigKeys (ConfUtils.java:logGet(46)) - raft.server.storage.free-space.min = 0MB (=0) (default)
2023-04-21 06:17:26,924 [pool-674-thread-1] INFO  server.RaftServerConfigKeys (ConfUtils.java:logGet(46)) - raft.server.notification.no-leader.timeout = 300s (custom)
2023-04-21 06:17:26,924 [pool-674-thread-1] INFO  server.RaftServerConfigKeys (ConfUtils.java:logGet(46)) - raft.server.retrycache.expirytime = 600000ms (custom)
2023-04-21 06:17:26,924 [pool-674-thread-1] INFO  server.RaftServerConfigKeys (ConfUtils.java:logGet(46)) - raft.server.retrycache.statistics.expirytime = 100μs (default)
2023-04-21 06:17:26,925 [pool-674-thread-1] INFO  server.RaftServerConfigKeys (ConfUtils.java:logGet(46)) - raft.server.log.appender.install.snapshot.enabled = false (custom)
2023-04-21 06:17:26,925 [pool-674-thread-1] INFO  server.RaftServerConfigKeys (ConfUtils.java:logGet(46)) - raft.server.threadpool.server.cached = true (default)
2023-04-21 06:17:26,925 [pool-674-thread-1] INFO  server.RaftServerConfigKeys (ConfUtils.java:logGet(46)) - raft.server.threadpool.server.size = 0 (default)
2023-04-21 06:17:26,925 [pool-674-thread-1] INFO  server.RaftServerConfigKeys (ConfUtils.java:logGet(46)) - raft.server.threadpool.client.cached = true (default)
2023-04-21 06:17:26,925 [pool-674-thread-1] INFO  server.RaftServerConfigKeys (ConfUtils.java:logGet(46)) - raft.server.threadpool.client.size = 0 (default)
2023-04-21 06:17:26,925 [pool-674-thread-1] INFO  storage.RaftStorageDirectory (RaftStorageDirectoryImpl.java:analyzeStorage(137)) - The storage directory /home/runner/work/ozone/ozone/hadoop-ozone/integration-test/target/test-dir/MiniOzoneClusterImpl-e26617af-e5aa-412c-8148-e33214803cb3/datanode-2/data/ratis/05e9ffef-35b9-4c39-a5cb-2d532cfe1273 does not exist. Creating ...
2023-04-21 06:17:26,927 [pool-674-thread-1] INFO  storage.RaftStorageDirectory (RaftStorageDirectoryImpl.java:tryLock(231)) - Lock on /home/runner/work/ozone/ozone/hadoop-ozone/integration-test/target/test-dir/MiniOzoneClusterImpl-e26617af-e5aa-412c-8148-e33214803cb3/datanode-2/data/ratis/05e9ffef-35b9-4c39-a5cb-2d532cfe1273/in_use.lock acquired by nodename 2764@fv-az205-422
2023-04-21 06:17:26,928 [pool-674-thread-1] INFO  storage.RaftStorage (RaftStorageImpl.java:format(96)) - Storage directory /home/runner/work/ozone/ozone/hadoop-ozone/integration-test/target/test-dir/MiniOzoneClusterImpl-e26617af-e5aa-412c-8148-e33214803cb3/datanode-2/data/ratis/05e9ffef-35b9-4c39-a5cb-2d532cfe1273 has been successfully formatted.
2023-04-21 06:17:26,928 [pool-674-thread-1] INFO  ratis.ContainerStateMachine (ContainerStateMachine.java:loadSnapshot(262)) - group-2D532CFE1273: The snapshot info is null. Setting the last applied indexto:(t:0, i:~)
2023-04-21 06:17:26,929 [pool-674-thread-1] INFO  server.RaftServerConfigKeys (ConfUtils.java:logGet(46)) - raft.server.log.use.memory = false (default)
2023-04-21 06:17:26,929 [pool-674-thread-1] INFO  server.RaftServerConfigKeys (ConfUtils.java:logGet(46)) - raft.server.log.purge.gap = 1000000 (custom)
2023-04-21 06:17:26,929 [pool-674-thread-1] INFO  server.RaftServerConfigKeys (ConfUtils.java:logGet(46)) - raft.server.log.appender.buffer.byte-limit = 33554432 (custom)
2023-04-21 06:17:26,929 [pool-674-thread-1] INFO  server.RaftServerConfigKeys (ConfUtils.java:logGet(46)) - raft.server.log.statemachine.data.read.timeout = 1000ms (default)
2023-04-21 06:17:26,929 [pool-674-thread-1] INFO  server.RaftServerConfigKeys (ConfUtils.java:logGet(46)) - raft.server.log.purge.preservation.log.num = 0 (default)
2023-04-21 06:17:26,929 [pool-674-thread-1] INFO  server.RaftServerConfigKeys (ConfUtils.java:logGet(46)) - raft.server.log.segment.size.max = 1048576 (custom)
2023-04-21 06:17:26,930 [EventQueue-PipelineReportForPipelineReportHandler] INFO  pipeline.PipelineManagerImpl (PipelineManagerImpl.java:openPipeline(367)) - Pipeline Pipeline[ Id: 05e9ffef-35b9-4c39-a5cb-2d532cfe1273, Nodes: 2457f6ab-98f5-4e31-8316-f4a85dbaacb6(fv-az205-422/10.1.0.35), ReplicationConfig: RATIS/ONE, State:ALLOCATED, leaderId:2457f6ab-98f5-4e31-8316-f4a85dbaacb6, CreationTimestamp2023-04-21T06:17:23.924Z[Etc/UTC]] moved to OPEN state
2023-04-21 06:17:26,930 [pool-674-thread-1] INFO  server.RaftServerConfigKeys (ConfUtils.java:logGet(46)) - raft.server.log.segment.cache.num.max = 2 (custom)
2023-04-21 06:17:26,930 [pool-674-thread-1] INFO  server.RaftServerConfigKeys (ConfUtils.java:logGet(46)) - raft.server.log.segment.cache.size.max = 200MB (=209715200) (default)
2023-04-21 06:17:26,930 [pool-674-thread-1] INFO  segmented.SegmentedRaftLogWorker (SegmentedRaftLogWorker.java:<init>(189)) - new 2457f6ab-98f5-4e31-8316-f4a85dbaacb6@group-2D532CFE1273-SegmentedRaftLogWorker for RaftStorageImpl:Storage Directory /home/runner/work/ozone/ozone/hadoop-ozone/integration-test/target/test-dir/MiniOzoneClusterImpl-e26617af-e5aa-412c-8148-e33214803cb3/datanode-2/data/ratis/05e9ffef-35b9-4c39-a5cb-2d532cfe1273
2023-04-21 06:17:26,930 [pool-674-thread-1] INFO  server.RaftServerConfigKeys (ConfUtils.java:logGet(46)) - raft.server.log.queue.byte-limit = 4294967296 (custom)
2023-04-21 06:17:26,930 [pool-674-thread-1] INFO  server.RaftServerConfigKeys (ConfUtils.java:logGet(46)) - raft.server.log.queue.element-limit = 1024 (custom)
2023-04-21 06:17:26,930 [pool-674-thread-1] INFO  server.RaftServerConfigKeys (ConfUtils.java:logGet(46)) - raft.server.log.segment.size.max = 1048576 (custom)
2023-04-21 06:17:26,930 [pool-674-thread-1] INFO  server.RaftServerConfigKeys (ConfUtils.java:logGet(46)) - raft.server.log.preallocated.size = 16384 (custom)
2023-04-21 06:17:26,930 [pool-674-thread-1] INFO  server.RaftServerConfigKeys (ConfUtils.java:logGet(46)) - raft.server.log.force.sync.num = 128 (default)
2023-04-21 06:17:26,930 [pool-674-thread-1] INFO  server.RaftServerConfigKeys (ConfUtils.java:logGet(46)) - raft.server.log.statemachine.data.sync = true (default)
2023-04-21 06:17:26,930 [EventQueue-OpenPipelineForHealthyPipelineSafeModeRule] INFO  safemode.SCMSafeModeManager (HealthyPipelineSafeModeRule.java:process(137)) - SCM in safe mode. Healthy pipelines reported count is 0, required healthy pipeline reported count is 1
2023-04-21 06:17:26,931 [pool-674-thread-1] INFO  server.RaftServerConfigKeys (ConfUtils.java:logGet(46)) - raft.server.log.statemachine.data.sync.timeout = 10s (default)
2023-04-21 06:17:26,931 [pool-674-thread-1] INFO  server.RaftServerConfigKeys (ConfUtils.java:logGet(46)) - raft.server.log.statemachine.data.sync.timeout.retry = -1 (default)
2023-04-21 06:17:26,931 [pool-674-thread-1] INFO  server.RaftServerConfigKeys (ConfUtils.java:logGet(46)) - raft.server.log.write.buffer.size = 1048576 (custom)
2023-04-21 06:17:26,932 [pool-674-thread-1] INFO  server.RaftServerConfigKeys (ConfUtils.java:logGet(46)) - raft.server.log.appender.buffer.byte-limit = 33554432 (custom)
2023-04-21 06:17:26,937 [pool-674-thread-1] INFO  server.RaftServerConfigKeys (ConfUtils.java:logGet(46)) - raft.server.log.unsafe-flush.enabled = false (default)
2023-04-21 06:17:26,937 [pool-674-thread-1] INFO  server.RaftServerConfigKeys (ConfUtils.java:logGet(46)) - raft.server.log.async-flush.enabled = false (default)
2023-04-21 06:17:26,937 [pool-674-thread-1] INFO  server.RaftServerConfigKeys (ConfUtils.java:logGet(46)) - raft.server.log.statemachine.data.caching.enabled = true (custom)
2023-04-21 06:17:26,937 [pool-674-thread-1] INFO  segmented.SegmentedRaftLogWorker (SegmentedRaftLogWorker.java:lambda$new$0(135)) - 2457f6ab-98f5-4e31-8316-f4a85dbaacb6@group-2D532CFE1273-SegmentedRaftLogWorker: flushIndex: setUnconditionally 0 -> -1
2023-04-21 06:17:26,937 [pool-674-thread-1] INFO  segmented.SegmentedRaftLogWorker (SegmentedRaftLogWorker.java:lambda$new$0(135)) - 2457f6ab-98f5-4e31-8316-f4a85dbaacb6@group-2D532CFE1273-SegmentedRaftLogWorker: safeCacheEvictIndex: setUnconditionally 0 -> -1
2023-04-21 06:17:26,937 [pool-674-thread-1] INFO  server.RaftServer$Division (RaftServerImpl.java:start(334)) - 2457f6ab-98f5-4e31-8316-f4a85dbaacb6@group-2D532CFE1273: start as a follower, conf=-1: peers:[2457f6ab-98f5-4e31-8316-f4a85dbaacb6|rpc:10.1.0.35:38163|dataStream:10.1.0.35:41409|priority:1|startupRole:FOLLOWER]|listeners:[], old=null
2023-04-21 06:17:26,937 [pool-674-thread-1] INFO  server.RaftServer$Division (RaftServerImpl.java:setRole(321)) - 2457f6ab-98f5-4e31-8316-f4a85dbaacb6@group-2D532CFE1273: changes role from      null to FOLLOWER at term 0 for startAsFollower
2023-04-21 06:17:26,937 [pool-674-thread-1] INFO  impl.RoleInfo (RoleInfo.java:updateAndGet(139)) - 2457f6ab-98f5-4e31-8316-f4a85dbaacb6: start 2457f6ab-98f5-4e31-8316-f4a85dbaacb6@group-2D532CFE1273-FollowerState
2023-04-21 06:17:26,938 [pool-674-thread-1] INFO  util.JmxRegister (JmxRegister.java:tryRegister(44)) - Successfully registered JMX Bean with object name Ratis:service=RaftServer,group=group-2D532CFE1273,id=2457f6ab-98f5-4e31-8316-f4a85dbaacb6
2023-04-21 06:17:26,938 [pool-674-thread-1] INFO  server.RaftServerConfigKeys (ConfUtils.java:logGet(46)) - raft.server.snapshot.auto.trigger.enabled = true (custom)
2023-04-21 06:17:26,938 [pool-674-thread-1] INFO  server.RaftServerConfigKeys (ConfUtils.java:logGet(46)) - raft.server.snapshot.auto.trigger.threshold = 10000 (custom)
2023-04-21 06:17:26,938 [pool-674-thread-1] INFO  server.RaftServerConfigKeys (ConfUtils.java:logGet(46)) - raft.server.snapshot.retention.file.num = 5 (custom)
2023-04-21 06:17:26,938 [pool-674-thread-1] INFO  server.RaftServerConfigKeys (ConfUtils.java:logGet(46)) - raft.server.log.purge.upto.snapshot.index = false (default)
2023-04-21 06:17:26,938 [2457f6ab-98f5-4e31-8316-f4a85dbaacb6@group-2D532CFE1273-FollowerState] INFO  server.RaftServerConfigKeys (ConfUtils.java:logFallback(53)) - raft.server.rpc.first-election.timeout.min = 5s (fallback to raft.server.rpc.timeout.min)
2023-04-21 06:17:26,938 [2457f6ab-98f5-4e31-8316-f4a85dbaacb6@group-2D532CFE1273-FollowerState] INFO  server.RaftServerConfigKeys (ConfUtils.java:logFallback(53)) - raft.server.rpc.first-election.timeout.max = 5200ms (fallback to raft.server.rpc.timeout.max)
2023-04-21 06:17:26,942 [Command processor thread] INFO  ratis.XceiverServerRatis (XceiverServerRatis.java:addGroup(806)) - Created group PipelineID=05e9ffef-35b9-4c39-a5cb-2d532cfe1273
2023-04-21 06:17:26,942 [Command processor thread] INFO  commandhandler.CreatePipelineCommandHandler (CreatePipelineCommandHandler.java:handle(113)) - Created Pipeline RATIS ONE PipelineID=05e9ffef-35b9-4c39-a5cb-2d532cfe1273.
2023-04-21 06:17:27,919 [Listener at 127.0.0.1/43161] INFO  ozone.MiniOzoneClusterImpl (MiniOzoneClusterImpl.java:lambda$waitForClusterToBeReady$0(223)) - Nodes are ready. Got 3 of 3 DN Heartbeats.
2023-04-21 06:17:27,919 [Listener at 127.0.0.1/43161] INFO  ozone.MiniOzoneClusterImpl (MiniOzoneClusterImpl.java:lambda$waitForClusterToBeReady$0(226)) - Waiting for cluster to exit safe mode
2023-04-21 06:17:27,919 [Listener at 127.0.0.1/43161] INFO  ozone.MiniOzoneClusterImpl (MiniOzoneClusterImpl.java:lambda$waitForClusterToBeReady$0(228)) - SCM became leader
2023-04-21 06:17:28,919 [Listener at 127.0.0.1/43161] INFO  ozone.MiniOzoneClusterImpl (MiniOzoneClusterImpl.java:lambda$waitForClusterToBeReady$0(223)) - Nodes are ready. Got 3 of 3 DN Heartbeats.
2023-04-21 06:17:28,919 [Listener at 127.0.0.1/43161] INFO  ozone.MiniOzoneClusterImpl (MiniOzoneClusterImpl.java:lambda$waitForClusterToBeReady$0(226)) - Waiting for cluster to exit safe mode
2023-04-21 06:17:28,919 [Listener at 127.0.0.1/43161] INFO  ozone.MiniOzoneClusterImpl (MiniOzoneClusterImpl.java:lambda$waitForClusterToBeReady$0(228)) - SCM became leader
2023-04-21 06:17:29,919 [Listener at 127.0.0.1/43161] INFO  ozone.MiniOzoneClusterImpl (MiniOzoneClusterImpl.java:lambda$waitForClusterToBeReady$0(223)) - Nodes are ready. Got 3 of 3 DN Heartbeats.
2023-04-21 06:17:29,920 [Listener at 127.0.0.1/43161] INFO  ozone.MiniOzoneClusterImpl (MiniOzoneClusterImpl.java:lambda$waitForClusterToBeReady$0(226)) - Waiting for cluster to exit safe mode
2023-04-21 06:17:29,920 [Listener at 127.0.0.1/43161] INFO  ozone.MiniOzoneClusterImpl (MiniOzoneClusterImpl.java:lambda$waitForClusterToBeReady$0(228)) - SCM became leader
2023-04-21 06:17:30,920 [Listener at 127.0.0.1/43161] INFO  ozone.MiniOzoneClusterImpl (MiniOzoneClusterImpl.java:lambda$waitForClusterToBeReady$0(223)) - Nodes are ready. Got 3 of 3 DN Heartbeats.
2023-04-21 06:17:30,920 [Listener at 127.0.0.1/43161] INFO  ozone.MiniOzoneClusterImpl (MiniOzoneClusterImpl.java:lambda$waitForClusterToBeReady$0(226)) - Waiting for cluster to exit safe mode
2023-04-21 06:17:30,920 [Listener at 127.0.0.1/43161] INFO  ozone.MiniOzoneClusterImpl (MiniOzoneClusterImpl.java:lambda$waitForClusterToBeReady$0(228)) - SCM became leader
2023-04-21 06:17:31,069 [b10b19f2-b437-4018-b293-79a1594e0d1d@group-3B4D5CF0A56B-FollowerState] INFO  impl.FollowerState (FollowerState.java:run(143)) - b10b19f2-b437-4018-b293-79a1594e0d1d@group-3B4D5CF0A56B-FollowerState: change to CANDIDATE, lastRpcElapsedTime:5088526871ns, electionTimeout:5087ms
2023-04-21 06:17:31,069 [b10b19f2-b437-4018-b293-79a1594e0d1d@group-3B4D5CF0A56B-FollowerState] INFO  impl.RoleInfo (RoleInfo.java:shutdownFollowerState(110)) - b10b19f2-b437-4018-b293-79a1594e0d1d: shutdown b10b19f2-b437-4018-b293-79a1594e0d1d@group-3B4D5CF0A56B-FollowerState
2023-04-21 06:17:31,069 [b10b19f2-b437-4018-b293-79a1594e0d1d@group-3B4D5CF0A56B-FollowerState] INFO  server.RaftServer$Division (RaftServerImpl.java:setRole(321)) - b10b19f2-b437-4018-b293-79a1594e0d1d@group-3B4D5CF0A56B: changes role from  FOLLOWER to CANDIDATE at term 0 for changeToCandidate
2023-04-21 06:17:31,070 [b10b19f2-b437-4018-b293-79a1594e0d1d@group-3B4D5CF0A56B-FollowerState] INFO  server.RaftServerConfigKeys (ConfUtils.java:logGet(46)) - raft.server.leaderelection.pre-vote = true (default)
2023-04-21 06:17:31,070 [b10b19f2-b437-4018-b293-79a1594e0d1d@group-3B4D5CF0A56B-FollowerState] INFO  impl.RoleInfo (RoleInfo.java:updateAndGet(139)) - b10b19f2-b437-4018-b293-79a1594e0d1d: start b10b19f2-b437-4018-b293-79a1594e0d1d@group-3B4D5CF0A56B-LeaderElection20
2023-04-21 06:17:31,072 [b10b19f2-b437-4018-b293-79a1594e0d1d@group-3B4D5CF0A56B-LeaderElection20] INFO  impl.LeaderElection (LeaderElection.java:askForVotes(312)) - b10b19f2-b437-4018-b293-79a1594e0d1d@group-3B4D5CF0A56B-LeaderElection20 PRE_VOTE round 0: submit vote requests at term 0 for -1: peers:[b10b19f2-b437-4018-b293-79a1594e0d1d|rpc:10.1.0.35:45779|dataStream:10.1.0.35:45683|priority:1|startupRole:FOLLOWER]|listeners:[], old=null
2023-04-21 06:17:31,072 [b10b19f2-b437-4018-b293-79a1594e0d1d@group-3B4D5CF0A56B-LeaderElection20] INFO  impl.LeaderElection (LeaderElection.java:askForVotes(314)) - b10b19f2-b437-4018-b293-79a1594e0d1d@group-3B4D5CF0A56B-LeaderElection20 PRE_VOTE round 0: result PASSED (term=0)
2023-04-21 06:17:31,074 [b10b19f2-b437-4018-b293-79a1594e0d1d@group-3B4D5CF0A56B-LeaderElection20] INFO  impl.LeaderElection (LeaderElection.java:askForVotes(312)) - b10b19f2-b437-4018-b293-79a1594e0d1d@group-3B4D5CF0A56B-LeaderElection20 ELECTION round 0: submit vote requests at term 1 for -1: peers:[b10b19f2-b437-4018-b293-79a1594e0d1d|rpc:10.1.0.35:45779|dataStream:10.1.0.35:45683|priority:1|startupRole:FOLLOWER]|listeners:[], old=null
2023-04-21 06:17:31,074 [b10b19f2-b437-4018-b293-79a1594e0d1d@group-3B4D5CF0A56B-LeaderElection20] INFO  impl.LeaderElection (LeaderElection.java:askForVotes(314)) - b10b19f2-b437-4018-b293-79a1594e0d1d@group-3B4D5CF0A56B-LeaderElection20 ELECTION round 0: result PASSED (term=1)
2023-04-21 06:17:31,074 [b10b19f2-b437-4018-b293-79a1594e0d1d@group-3B4D5CF0A56B-LeaderElection20] INFO  impl.RoleInfo (RoleInfo.java:shutdownLeaderElection(130)) - b10b19f2-b437-4018-b293-79a1594e0d1d: shutdown b10b19f2-b437-4018-b293-79a1594e0d1d@group-3B4D5CF0A56B-LeaderElection20
2023-04-21 06:17:31,074 [b10b19f2-b437-4018-b293-79a1594e0d1d@group-3B4D5CF0A56B-LeaderElection20] INFO  server.RaftServer$Division (RaftServerImpl.java:setRole(321)) - b10b19f2-b437-4018-b293-79a1594e0d1d@group-3B4D5CF0A56B: changes role from CANDIDATE to LEADER at term 1 for changeToLeader
2023-04-21 06:17:31,074 [b10b19f2-b437-4018-b293-79a1594e0d1d@group-3B4D5CF0A56B-LeaderElection20] INFO  ratis.XceiverServerRatis (XceiverServerRatis.java:handleLeaderChangedNotification(904)) - Leader change notification received for group: group-3B4D5CF0A56B with new leaderId: b10b19f2-b437-4018-b293-79a1594e0d1d
2023-04-21 06:17:31,074 [b10b19f2-b437-4018-b293-79a1594e0d1d@group-3B4D5CF0A56B-LeaderElection20] INFO  server.RaftServer$Division (ServerState.java:setLeader(313)) - b10b19f2-b437-4018-b293-79a1594e0d1d@group-3B4D5CF0A56B: change Leader from null to b10b19f2-b437-4018-b293-79a1594e0d1d at term 1 for becomeLeader, leader elected after 5117ms
2023-04-21 06:17:31,075 [b10b19f2-b437-4018-b293-79a1594e0d1d@group-3B4D5CF0A56B-LeaderElection20] INFO  server.RaftServerConfigKeys (ConfUtils.java:logGet(46)) - raft.server.staging.catchup.gap = 1000 (default)
2023-04-21 06:17:31,075 [b10b19f2-b437-4018-b293-79a1594e0d1d@group-3B4D5CF0A56B-LeaderElection20] INFO  server.RaftServerConfigKeys (ConfUtils.java:logGet(46)) - raft.server.write.element-limit = 1024 (custom)
2023-04-21 06:17:31,075 [b10b19f2-b437-4018-b293-79a1594e0d1d@group-3B4D5CF0A56B-LeaderElection20] INFO  server.RaftServerConfigKeys (ConfUtils.java:logGet(46)) - raft.server.write.byte-limit = 1024 M (=1073741824) (custom)
2023-04-21 06:17:31,075 [b10b19f2-b437-4018-b293-79a1594e0d1d@group-3B4D5CF0A56B-LeaderElection20] INFO  server.RaftServerConfigKeys (ConfUtils.java:logGet(46)) - raft.server.watch.timeout = 180s (custom)
2023-04-21 06:17:31,075 [b10b19f2-b437-4018-b293-79a1594e0d1d@group-3B4D5CF0A56B-LeaderElection20] INFO  server.RaftServerConfigKeys (ConfUtils.java:logGet(46)) - raft.server.watch.timeout.denomination = 1s (default)
2023-04-21 06:17:31,075 [b10b19f2-b437-4018-b293-79a1594e0d1d@group-3B4D5CF0A56B-LeaderElection20] INFO  server.RaftServerConfigKeys (ConfUtils.java:logGet(46)) - raft.server.watch.element-limit = 65536 (default)
2023-04-21 06:17:31,075 [b10b19f2-b437-4018-b293-79a1594e0d1d@group-3B4D5CF0A56B-LeaderElection20] INFO  server.RaftServerConfigKeys (ConfUtils.java:logGet(46)) - raft.server.write.element-limit = 1024 (custom)
2023-04-21 06:17:31,075 [b10b19f2-b437-4018-b293-79a1594e0d1d@group-3B4D5CF0A56B-LeaderElection20] INFO  server.RaftServerConfigKeys (ConfUtils.java:logGet(46)) - raft.server.write.follower.gap.ratio.max = -1.0 (default)
2023-04-21 06:17:31,076 [b10b19f2-b437-4018-b293-79a1594e0d1d@group-3B4D5CF0A56B-LeaderElection20] INFO  impl.RoleInfo (RoleInfo.java:updateAndGet(139)) - b10b19f2-b437-4018-b293-79a1594e0d1d: start b10b19f2-b437-4018-b293-79a1594e0d1d@group-3B4D5CF0A56B-LeaderStateImpl
2023-04-21 06:17:31,076 [b10b19f2-b437-4018-b293-79a1594e0d1d@group-3B4D5CF0A56B-LeaderElection20] INFO  segmented.SegmentedRaftLogWorker (SegmentedRaftLogWorker.java:startLogSegment(452)) - b10b19f2-b437-4018-b293-79a1594e0d1d@group-3B4D5CF0A56B-SegmentedRaftLogWorker: Starting segment from index:0
2023-04-21 06:17:31,077 [EventQueue-OpenPipelineForHealthyPipelineSafeModeRule] INFO  safemode.SCMSafeModeManager (HealthyPipelineSafeModeRule.java:process(137)) - SCM in safe mode. Healthy pipelines reported count is 0, required healthy pipeline reported count is 1
2023-04-21 06:17:31,078 [b10b19f2-b437-4018-b293-79a1594e0d1d@group-3B4D5CF0A56B-LeaderElection20] INFO  server.RaftServer$Division (ServerState.java:setRaftConf(430)) - b10b19f2-b437-4018-b293-79a1594e0d1d@group-3B4D5CF0A56B: set configuration 0: peers:[b10b19f2-b437-4018-b293-79a1594e0d1d|rpc:10.1.0.35:45779|dataStream:10.1.0.35:45683|priority:1|startupRole:FOLLOWER]|listeners:[], old=null
2023-04-21 06:17:31,079 [142967e0-cde1-4161-8781-84ec4035a462@group-FE82739B280F-FollowerState] INFO  impl.FollowerState (FollowerState.java:run(143)) - 142967e0-cde1-4161-8781-84ec4035a462@group-FE82739B280F-FollowerState: change to CANDIDATE, lastRpcElapsedTime:5009217581ns, electionTimeout:5002ms
2023-04-21 06:17:31,079 [142967e0-cde1-4161-8781-84ec4035a462@group-FE82739B280F-FollowerState] INFO  impl.RoleInfo (RoleInfo.java:shutdownFollowerState(110)) - 142967e0-cde1-4161-8781-84ec4035a462: shutdown 142967e0-cde1-4161-8781-84ec4035a462@group-FE82739B280F-FollowerState
2023-04-21 06:17:31,079 [142967e0-cde1-4161-8781-84ec4035a462@group-FE82739B280F-FollowerState] INFO  server.RaftServer$Division (RaftServerImpl.java:setRole(321)) - 142967e0-cde1-4161-8781-84ec4035a462@group-FE82739B280F: changes role from  FOLLOWER to CANDIDATE at term 0 for changeToCandidate
2023-04-21 06:17:31,079 [142967e0-cde1-4161-8781-84ec4035a462@group-FE82739B280F-FollowerState] INFO  server.RaftServerConfigKeys (ConfUtils.java:logGet(46)) - raft.server.leaderelection.pre-vote = true (default)
2023-04-21 06:17:31,079 [142967e0-cde1-4161-8781-84ec4035a462@group-FE82739B280F-FollowerState] INFO  impl.RoleInfo (RoleInfo.java:updateAndGet(139)) - 142967e0-cde1-4161-8781-84ec4035a462: start 142967e0-cde1-4161-8781-84ec4035a462@group-FE82739B280F-LeaderElection21
2023-04-21 06:17:31,082 [b10b19f2-b437-4018-b293-79a1594e0d1d@group-3B4D5CF0A56B-SegmentedRaftLogWorker] INFO  segmented.SegmentedRaftLogWorker (SegmentedRaftLogWorker.java:execute(656)) - b10b19f2-b437-4018-b293-79a1594e0d1d@group-3B4D5CF0A56B-SegmentedRaftLogWorker: created new log segment /home/runner/work/ozone/ozone/hadoop-ozone/integration-test/target/test-dir/MiniOzoneClusterImpl-e26617af-e5aa-412c-8148-e33214803cb3/datanode-0/data/ratis/43450c5d-7459-400e-a8a5-3b4d5cf0a56b/current/log_inprogress_0
2023-04-21 06:17:31,084 [142967e0-cde1-4161-8781-84ec4035a462@group-FE82739B280F-LeaderElection21] INFO  impl.LeaderElection (LeaderElection.java:askForVotes(312)) - 142967e0-cde1-4161-8781-84ec4035a462@group-FE82739B280F-LeaderElection21 PRE_VOTE round 0: submit vote requests at term 0 for -1: peers:[b10b19f2-b437-4018-b293-79a1594e0d1d|rpc:10.1.0.35:45779|dataStream:10.1.0.35:45683|priority:0|startupRole:FOLLOWER, 142967e0-cde1-4161-8781-84ec4035a462|rpc:10.1.0.35:46373|dataStream:10.1.0.35:40011|priority:1|startupRole:FOLLOWER, 2457f6ab-98f5-4e31-8316-f4a85dbaacb6|rpc:10.1.0.35:38163|dataStream:10.1.0.35:41409|priority:0|startupRole:FOLLOWER]|listeners:[], old=null
2023-04-21 06:17:31,089 [142967e0-cde1-4161-8781-84ec4035a462@group-FE82739B280F-LeaderElection21-1] INFO  server.GrpcServerProtocolClient (GrpcServerProtocolClient.java:<init>(63)) - Build channel for b10b19f2-b437-4018-b293-79a1594e0d1d
2023-04-21 06:17:31,096 [142967e0-cde1-4161-8781-84ec4035a462@group-FE82739B280F-LeaderElection21] INFO  server.RaftServerConfigKeys (ConfUtils.java:logFallback(53)) - raft.server.rpc.first-election.timeout.min = 5s (fallback to raft.server.rpc.timeout.min)
2023-04-21 06:17:31,096 [142967e0-cde1-4161-8781-84ec4035a462@group-FE82739B280F-LeaderElection21] INFO  server.RaftServerConfigKeys (ConfUtils.java:logFallback(53)) - raft.server.rpc.first-election.timeout.max = 5200ms (fallback to raft.server.rpc.timeout.max)
2023-04-21 06:17:31,096 [142967e0-cde1-4161-8781-84ec4035a462@group-FE82739B280F-LeaderElection21-2] INFO  server.GrpcServerProtocolClient (GrpcServerProtocolClient.java:<init>(63)) - Build channel for 2457f6ab-98f5-4e31-8316-f4a85dbaacb6
2023-04-21 06:17:31,107 [grpc-default-executor-0] INFO  server.RaftServer$Division (RaftServerImpl.java:requestVote(1218)) - 2457f6ab-98f5-4e31-8316-f4a85dbaacb6@group-FE82739B280F: receive requestVote(PRE_VOTE, 142967e0-cde1-4161-8781-84ec4035a462, group-FE82739B280F, 0, (t:0, i:0))
2023-04-21 06:17:31,108 [grpc-default-executor-0] INFO  impl.VoteContext (VoteContext.java:log(49)) - 2457f6ab-98f5-4e31-8316-f4a85dbaacb6@group-FE82739B280F-FOLLOWER: accept PRE_VOTE from 142967e0-cde1-4161-8781-84ec4035a462: our priority 0 <= candidate's priority 1
2023-04-21 06:17:31,108 [grpc-default-executor-0] INFO  server.RaftServer$Division (RaftServerImpl.java:requestVote(1251)) - 2457f6ab-98f5-4e31-8316-f4a85dbaacb6@group-FE82739B280F replies to PRE_VOTE vote request: 142967e0-cde1-4161-8781-84ec4035a462<-2457f6ab-98f5-4e31-8316-f4a85dbaacb6#0:OK-t0. Peer's state: 2457f6ab-98f5-4e31-8316-f4a85dbaacb6@group-FE82739B280F:t0, leader=null, voted=, raftlog=Memoized:2457f6ab-98f5-4e31-8316-f4a85dbaacb6@group-FE82739B280F-SegmentedRaftLog:OPENED:c-1, conf=-1: peers:[b10b19f2-b437-4018-b293-79a1594e0d1d|rpc:10.1.0.35:45779|dataStream:10.1.0.35:45683|priority:0|startupRole:FOLLOWER, 142967e0-cde1-4161-8781-84ec4035a462|rpc:10.1.0.35:46373|dataStream:10.1.0.35:40011|priority:1|startupRole:FOLLOWER, 2457f6ab-98f5-4e31-8316-f4a85dbaacb6|rpc:10.1.0.35:38163|dataStream:10.1.0.35:41409|priority:0|startupRole:FOLLOWER]|listeners:[], old=null
2023-04-21 06:17:31,115 [142967e0-cde1-4161-8781-84ec4035a462@group-FE82739B280F-LeaderElection21] INFO  impl.LeaderElection (LeaderElection.java:logAndReturn(90)) - 142967e0-cde1-4161-8781-84ec4035a462@group-FE82739B280F-LeaderElection21: PRE_VOTE PASSED received 1 response(s) and 0 exception(s):
2023-04-21 06:17:31,115 [142967e0-cde1-4161-8781-84ec4035a462@group-FE82739B280F-LeaderElection21] INFO  impl.LeaderElection (LeaderElection.java:logAndReturn(94)) -   Response 0: 142967e0-cde1-4161-8781-84ec4035a462<-2457f6ab-98f5-4e31-8316-f4a85dbaacb6#0:OK-t0
2023-04-21 06:17:31,115 [142967e0-cde1-4161-8781-84ec4035a462@group-FE82739B280F-LeaderElection21] INFO  impl.LeaderElection (LeaderElection.java:askForVotes(314)) - 142967e0-cde1-4161-8781-84ec4035a462@group-FE82739B280F-LeaderElection21 PRE_VOTE round 0: result PASSED
2023-04-21 06:17:31,117 [grpc-default-executor-1] INFO  server.RaftServer$Division (RaftServerImpl.java:requestVote(1218)) - b10b19f2-b437-4018-b293-79a1594e0d1d@group-FE82739B280F: receive requestVote(PRE_VOTE, 142967e0-cde1-4161-8781-84ec4035a462, group-FE82739B280F, 0, (t:0, i:0))
2023-04-21 06:17:31,117 [grpc-default-executor-1] INFO  impl.VoteContext (VoteContext.java:log(49)) - b10b19f2-b437-4018-b293-79a1594e0d1d@group-FE82739B280F-FOLLOWER: accept PRE_VOTE from 142967e0-cde1-4161-8781-84ec4035a462: our priority 0 <= candidate's priority 1
2023-04-21 06:17:31,117 [grpc-default-executor-1] INFO  server.RaftServer$Division (RaftServerImpl.java:requestVote(1251)) - b10b19f2-b437-4018-b293-79a1594e0d1d@group-FE82739B280F replies to PRE_VOTE vote request: 142967e0-cde1-4161-8781-84ec4035a462<-b10b19f2-b437-4018-b293-79a1594e0d1d#0:OK-t0. Peer's state: b10b19f2-b437-4018-b293-79a1594e0d1d@group-FE82739B280F:t0, leader=null, voted=, raftlog=Memoized:b10b19f2-b437-4018-b293-79a1594e0d1d@group-FE82739B280F-SegmentedRaftLog:OPENED:c-1, conf=-1: peers:[b10b19f2-b437-4018-b293-79a1594e0d1d|rpc:10.1.0.35:45779|dataStream:10.1.0.35:45683|priority:0|startupRole:FOLLOWER, 142967e0-cde1-4161-8781-84ec4035a462|rpc:10.1.0.35:46373|dataStream:10.1.0.35:40011|priority:1|startupRole:FOLLOWER, 2457f6ab-98f5-4e31-8316-f4a85dbaacb6|rpc:10.1.0.35:38163|dataStream:10.1.0.35:41409|priority:0|startupRole:FOLLOWER]|listeners:[], old=null
2023-04-21 06:17:31,117 [142967e0-cde1-4161-8781-84ec4035a462@group-FE82739B280F-LeaderElection21] INFO  impl.LeaderElection (LeaderElection.java:askForVotes(312)) - 142967e0-cde1-4161-8781-84ec4035a462@group-FE82739B280F-LeaderElection21 ELECTION round 0: submit vote requests at term 1 for -1: peers:[b10b19f2-b437-4018-b293-79a1594e0d1d|rpc:10.1.0.35:45779|dataStream:10.1.0.35:45683|priority:0|startupRole:FOLLOWER, 142967e0-cde1-4161-8781-84ec4035a462|rpc:10.1.0.35:46373|dataStream:10.1.0.35:40011|priority:1|startupRole:FOLLOWER, 2457f6ab-98f5-4e31-8316-f4a85dbaacb6|rpc:10.1.0.35:38163|dataStream:10.1.0.35:41409|priority:0|startupRole:FOLLOWER]|listeners:[], old=null
2023-04-21 06:17:31,125 [142967e0-cde1-4161-8781-84ec4035a462@group-FE82739B280F-LeaderElection21] INFO  server.RaftServerConfigKeys (ConfUtils.java:logFallback(53)) - raft.server.rpc.first-election.timeout.min = 5s (fallback to raft.server.rpc.timeout.min)
2023-04-21 06:17:31,125 [142967e0-cde1-4161-8781-84ec4035a462@group-FE82739B280F-LeaderElection21] INFO  server.RaftServerConfigKeys (ConfUtils.java:logFallback(53)) - raft.server.rpc.first-election.timeout.max = 5200ms (fallback to raft.server.rpc.timeout.max)
2023-04-21 06:17:31,130 [grpc-default-executor-1] INFO  server.RaftServer$Division (RaftServerImpl.java:requestVote(1218)) - b10b19f2-b437-4018-b293-79a1594e0d1d@group-FE82739B280F: receive requestVote(ELECTION, 142967e0-cde1-4161-8781-84ec4035a462, group-FE82739B280F, 1, (t:0, i:0))
2023-04-21 06:17:31,131 [grpc-default-executor-1] INFO  impl.VoteContext (VoteContext.java:log(49)) - b10b19f2-b437-4018-b293-79a1594e0d1d@group-FE82739B280F-FOLLOWER: accept ELECTION from 142967e0-cde1-4161-8781-84ec4035a462: our priority 0 <= candidate's priority 1
2023-04-21 06:17:31,131 [grpc-default-executor-1] INFO  server.RaftServer$Division (RaftServerImpl.java:setRole(321)) - b10b19f2-b437-4018-b293-79a1594e0d1d@group-FE82739B280F: changes role from  FOLLOWER to FOLLOWER at term 1 for candidate:142967e0-cde1-4161-8781-84ec4035a462
2023-04-21 06:17:31,131 [grpc-default-executor-1] INFO  impl.RoleInfo (RoleInfo.java:shutdownFollowerState(110)) - b10b19f2-b437-4018-b293-79a1594e0d1d: shutdown b10b19f2-b437-4018-b293-79a1594e0d1d@group-FE82739B280F-FollowerState
2023-04-21 06:17:31,131 [grpc-default-executor-1] INFO  impl.RoleInfo (RoleInfo.java:updateAndGet(139)) - b10b19f2-b437-4018-b293-79a1594e0d1d: start b10b19f2-b437-4018-b293-79a1594e0d1d@group-FE82739B280F-FollowerState
2023-04-21 06:17:31,131 [b10b19f2-b437-4018-b293-79a1594e0d1d@group-FE82739B280F-FollowerState] INFO  impl.FollowerState (FollowerState.java:run(152)) - b10b19f2-b437-4018-b293-79a1594e0d1d@group-FE82739B280F-FollowerState was interrupted
2023-04-21 06:17:31,136 [grpc-default-executor-0] INFO  server.RaftServer$Division (RaftServerImpl.java:requestVote(1218)) - 2457f6ab-98f5-4e31-8316-f4a85dbaacb6@group-FE82739B280F: receive requestVote(ELECTION, 142967e0-cde1-4161-8781-84ec4035a462, group-FE82739B280F, 1, (t:0, i:0))
2023-04-21 06:17:31,136 [grpc-default-executor-0] INFO  impl.VoteContext (VoteContext.java:log(49)) - 2457f6ab-98f5-4e31-8316-f4a85dbaacb6@group-FE82739B280F-FOLLOWER: accept ELECTION from 142967e0-cde1-4161-8781-84ec4035a462: our priority 0 <= candidate's priority 1
2023-04-21 06:17:31,136 [grpc-default-executor-0] INFO  server.RaftServer$Division (RaftServerImpl.java:setRole(321)) - 2457f6ab-98f5-4e31-8316-f4a85dbaacb6@group-FE82739B280F: changes role from  FOLLOWER to FOLLOWER at term 1 for candidate:142967e0-cde1-4161-8781-84ec4035a462
2023-04-21 06:17:31,136 [grpc-default-executor-0] INFO  impl.RoleInfo (RoleInfo.java:shutdownFollowerState(110)) - 2457f6ab-98f5-4e31-8316-f4a85dbaacb6: shutdown 2457f6ab-98f5-4e31-8316-f4a85dbaacb6@group-FE82739B280F-FollowerState
2023-04-21 06:17:31,136 [grpc-default-executor-0] INFO  impl.RoleInfo (RoleInfo.java:updateAndGet(139)) - 2457f6ab-98f5-4e31-8316-f4a85dbaacb6: start 2457f6ab-98f5-4e31-8316-f4a85dbaacb6@group-FE82739B280F-FollowerState
2023-04-21 06:17:31,136 [2457f6ab-98f5-4e31-8316-f4a85dbaacb6@group-FE82739B280F-FollowerState] INFO  impl.FollowerState (FollowerState.java:run(152)) - 2457f6ab-98f5-4e31-8316-f4a85dbaacb6@group-FE82739B280F-FollowerState was interrupted
2023-04-21 06:17:31,147 [b10b19f2-b437-4018-b293-79a1594e0d1d@group-FE82739B280F-FollowerState] INFO  server.RaftServerConfigKeys (ConfUtils.java:logFallback(53)) - raft.server.rpc.first-election.timeout.min = 5s (fallback to raft.server.rpc.timeout.min)
2023-04-21 06:17:31,147 [b10b19f2-b437-4018-b293-79a1594e0d1d@group-FE82739B280F-FollowerState] INFO  server.RaftServerConfigKeys (ConfUtils.java:logFallback(53)) - raft.server.rpc.first-election.timeout.max = 5200ms (fallback to raft.server.rpc.timeout.max)
2023-04-21 06:17:31,148 [grpc-default-executor-1] INFO  server.RaftServer$Division (RaftServerImpl.java:requestVote(1251)) - b10b19f2-b437-4018-b293-79a1594e0d1d@group-FE82739B280F replies to ELECTION vote request: 142967e0-cde1-4161-8781-84ec4035a462<-b10b19f2-b437-4018-b293-79a1594e0d1d#0:OK-t1. Peer's state: b10b19f2-b437-4018-b293-79a1594e0d1d@group-FE82739B280F:t1, leader=null, voted=142967e0-cde1-4161-8781-84ec4035a462, raftlog=Memoized:b10b19f2-b437-4018-b293-79a1594e0d1d@group-FE82739B280F-SegmentedRaftLog:OPENED:c-1, conf=-1: peers:[b10b19f2-b437-4018-b293-79a1594e0d1d|rpc:10.1.0.35:45779|dataStream:10.1.0.35:45683|priority:0|startupRole:FOLLOWER, 142967e0-cde1-4161-8781-84ec4035a462|rpc:10.1.0.35:46373|dataStream:10.1.0.35:40011|priority:1|startupRole:FOLLOWER, 2457f6ab-98f5-4e31-8316-f4a85dbaacb6|rpc:10.1.0.35:38163|dataStream:10.1.0.35:41409|priority:0|startupRole:FOLLOWER]|listeners:[], old=null
2023-04-21 06:17:31,148 [2457f6ab-98f5-4e31-8316-f4a85dbaacb6@group-FE82739B280F-FollowerState] INFO  server.RaftServerConfigKeys (ConfUtils.java:logFallback(53)) - raft.server.rpc.first-election.timeout.min = 5s (fallback to raft.server.rpc.timeout.min)
2023-04-21 06:17:31,148 [2457f6ab-98f5-4e31-8316-f4a85dbaacb6@group-FE82739B280F-FollowerState] INFO  server.RaftServerConfigKeys (ConfUtils.java:logFallback(53)) - raft.server.rpc.first-election.timeout.max = 5200ms (fallback to raft.server.rpc.timeout.max)
2023-04-21 06:17:31,150 [142967e0-cde1-4161-8781-84ec4035a462@group-FE82739B280F-LeaderElection21] INFO  impl.LeaderElection (LeaderElection.java:logAndReturn(90)) - 142967e0-cde1-4161-8781-84ec4035a462@group-FE82739B280F-LeaderElection21: ELECTION PASSED received 1 response(s) and 0 exception(s):
2023-04-21 06:17:31,150 [142967e0-cde1-4161-8781-84ec4035a462@group-FE82739B280F-LeaderElection21] INFO  impl.LeaderElection (LeaderElection.java:logAndReturn(94)) -   Response 0: 142967e0-cde1-4161-8781-84ec4035a462<-b10b19f2-b437-4018-b293-79a1594e0d1d#0:OK-t1
2023-04-21 06:17:31,150 [142967e0-cde1-4161-8781-84ec4035a462@group-FE82739B280F-LeaderElection21] INFO  impl.LeaderElection (LeaderElection.java:askForVotes(314)) - 142967e0-cde1-4161-8781-84ec4035a462@group-FE82739B280F-LeaderElection21 ELECTION round 0: result PASSED
2023-04-21 06:17:31,150 [142967e0-cde1-4161-8781-84ec4035a462@group-FE82739B280F-LeaderElection21] INFO  impl.RoleInfo (RoleInfo.java:shutdownLeaderElection(130)) - 142967e0-cde1-4161-8781-84ec4035a462: shutdown 142967e0-cde1-4161-8781-84ec4035a462@group-FE82739B280F-LeaderElection21
2023-04-21 06:17:31,150 [142967e0-cde1-4161-8781-84ec4035a462@group-FE82739B280F-LeaderElection21] INFO  server.RaftServer$Division (RaftServerImpl.java:setRole(321)) - 142967e0-cde1-4161-8781-84ec4035a462@group-FE82739B280F: changes role from CANDIDATE to LEADER at term 1 for changeToLeader
2023-04-21 06:17:31,150 [142967e0-cde1-4161-8781-84ec4035a462@group-FE82739B280F-LeaderElection21] INFO  ratis.XceiverServerRatis (XceiverServerRatis.java:handleLeaderChangedNotification(904)) - Leader change notification received for group: group-FE82739B280F with new leaderId: 142967e0-cde1-4161-8781-84ec4035a462
2023-04-21 06:17:31,150 [142967e0-cde1-4161-8781-84ec4035a462@group-FE82739B280F-LeaderElection21] INFO  server.RaftServer$Division (ServerState.java:setLeader(313)) - 142967e0-cde1-4161-8781-84ec4035a462@group-FE82739B280F: change Leader from null to 142967e0-cde1-4161-8781-84ec4035a462 at term 1 for becomeLeader, leader elected after 5103ms
2023-04-21 06:17:31,150 [142967e0-cde1-4161-8781-84ec4035a462@group-FE82739B280F-LeaderElection21] INFO  server.RaftServerConfigKeys (ConfUtils.java:logGet(46)) - raft.server.staging.catchup.gap = 1000 (default)
2023-04-21 06:17:31,150 [142967e0-cde1-4161-8781-84ec4035a462@group-FE82739B280F-LeaderElection21] INFO  server.RaftServerConfigKeys (ConfUtils.java:logGet(46)) - raft.server.write.element-limit = 1024 (custom)
2023-04-21 06:17:31,150 [142967e0-cde1-4161-8781-84ec4035a462@group-FE82739B280F-LeaderElection21] INFO  server.RaftServerConfigKeys (ConfUtils.java:logGet(46)) - raft.server.write.byte-limit = 1024 M (=1073741824) (custom)
2023-04-21 06:17:31,151 [142967e0-cde1-4161-8781-84ec4035a462@group-FE82739B280F-LeaderElection21] INFO  server.RaftServerConfigKeys (ConfUtils.java:logGet(46)) - raft.server.watch.timeout = 180s (custom)
2023-04-21 06:17:31,151 [142967e0-cde1-4161-8781-84ec4035a462@group-FE82739B280F-LeaderElection21] INFO  server.RaftServerConfigKeys (ConfUtils.java:logGet(46)) - raft.server.watch.timeout.denomination = 1s (default)
2023-04-21 06:17:31,151 [142967e0-cde1-4161-8781-84ec4035a462@group-FE82739B280F-LeaderElection21] INFO  server.RaftServerConfigKeys (ConfUtils.java:logGet(46)) - raft.server.watch.element-limit = 65536 (default)
2023-04-21 06:17:31,151 [142967e0-cde1-4161-8781-84ec4035a462@group-FE82739B280F-LeaderElection21] INFO  server.RaftServerConfigKeys (ConfUtils.java:logGet(46)) - raft.server.write.element-limit = 1024 (custom)
2023-04-21 06:17:31,151 [142967e0-cde1-4161-8781-84ec4035a462@group-FE82739B280F-LeaderElection21] INFO  server.RaftServerConfigKeys (ConfUtils.java:logGet(46)) - raft.server.write.follower.gap.ratio.max = -1.0 (default)
2023-04-21 06:17:31,151 [142967e0-cde1-4161-8781-84ec4035a462@group-FE82739B280F-LeaderElection21] INFO  server.RaftServerConfigKeys (ConfUtils.java:logGet(46)) - raft.server.log.appender.snapshot.chunk.size.max = 16MB (=16777216) (default)
2023-04-21 06:17:31,151 [142967e0-cde1-4161-8781-84ec4035a462@group-FE82739B280F-LeaderElection21] INFO  server.RaftServerConfigKeys (ConfUtils.java:logGet(46)) - raft.server.log.appender.buffer.byte-limit = 33554432 (custom)
2023-04-21 06:17:31,151 [142967e0-cde1-4161-8781-84ec4035a462@group-FE82739B280F-LeaderElection21] INFO  server.RaftServerConfigKeys (ConfUtils.java:logGet(46)) - raft.server.log.appender.buffer.element-limit = 1 (custom)
2023-04-21 06:17:31,151 [142967e0-cde1-4161-8781-84ec4035a462@group-FE82739B280F-LeaderElection21] INFO  grpc.GrpcConfigKeys (ConfUtils.java:logGet(46)) - raft.grpc.server.leader.outstanding.appends.max = 128 (default)
2023-04-21 06:17:31,151 [142967e0-cde1-4161-8781-84ec4035a462@group-FE82739B280F-LeaderElection21] INFO  server.RaftServerConfigKeys (ConfUtils.java:logGet(46)) - raft.server.rpc.request.timeout = 60s (custom)
2023-04-21 06:17:31,151 [142967e0-cde1-4161-8781-84ec4035a462@group-FE82739B280F-LeaderElection21] INFO  server.RaftServerConfigKeys (ConfUtils.java:logGet(46)) - raft.server.log.appender.install.snapshot.enabled = false (custom)
2023-04-21 06:17:31,151 [142967e0-cde1-4161-8781-84ec4035a462@group-FE82739B280F-LeaderElection21] INFO  grpc.GrpcConfigKeys (ConfUtils.java:logGet(46)) - raft.grpc.server.heartbeat.channel = true (default)
2023-04-21 06:17:31,152 [142967e0-cde1-4161-8781-84ec4035a462@group-FE82739B280F-LeaderElection21] INFO  server.RaftServerConfigKeys (ConfUtils.java:logGet(46)) - raft.server.log.appender.wait-time.min = 10ms (default)
2023-04-21 06:17:31,152 [142967e0-cde1-4161-8781-84ec4035a462@group-FE82739B280F-LeaderElection21] INFO  server.RaftServerConfigKeys (ConfUtils.java:logGet(46)) - raft.server.log.appender.snapshot.chunk.size.max = 16MB (=16777216) (default)
2023-04-21 06:17:31,152 [142967e0-cde1-4161-8781-84ec4035a462@group-FE82739B280F-LeaderElection21] INFO  server.RaftServerConfigKeys (ConfUtils.java:logGet(46)) - raft.server.log.appender.buffer.byte-limit = 33554432 (custom)
2023-04-21 06:17:31,152 [142967e0-cde1-4161-8781-84ec4035a462@group-FE82739B280F-LeaderElection21] INFO  server.RaftServerConfigKeys (ConfUtils.java:logGet(46)) - raft.server.log.appender.buffer.element-limit = 1 (custom)
2023-04-21 06:17:31,152 [142967e0-cde1-4161-8781-84ec4035a462@group-FE82739B280F-LeaderElection21] INFO  grpc.GrpcConfigKeys (ConfUtils.java:logGet(46)) - raft.grpc.server.leader.outstanding.appends.max = 128 (default)
2023-04-21 06:17:31,152 [142967e0-cde1-4161-8781-84ec4035a462@group-FE82739B280F-LeaderElection21] INFO  server.RaftServerConfigKeys (ConfUtils.java:logGet(46)) - raft.server.rpc.request.timeout = 60s (custom)
2023-04-21 06:17:31,152 [142967e0-cde1-4161-8781-84ec4035a462@group-FE82739B280F-LeaderElection21] INFO  server.RaftServerConfigKeys (ConfUtils.java:logGet(46)) - raft.server.log.appender.install.snapshot.enabled = false (custom)
2023-04-21 06:17:31,152 [142967e0-cde1-4161-8781-84ec4035a462@group-FE82739B280F-LeaderElection21] INFO  grpc.GrpcConfigKeys (ConfUtils.java:logGet(46)) - raft.grpc.server.heartbeat.channel = true (default)
2023-04-21 06:17:31,152 [142967e0-cde1-4161-8781-84ec4035a462@group-FE82739B280F-LeaderElection21] INFO  server.RaftServerConfigKeys (ConfUtils.java:logGet(46)) - raft.server.log.appender.wait-time.min = 10ms (default)
2023-04-21 06:17:31,152 [142967e0-cde1-4161-8781-84ec4035a462@group-FE82739B280F-LeaderElection21] INFO  impl.RoleInfo (RoleInfo.java:updateAndGet(139)) - 142967e0-cde1-4161-8781-84ec4035a462: start 142967e0-cde1-4161-8781-84ec4035a462@group-FE82739B280F-LeaderStateImpl
2023-04-21 06:17:31,153 [142967e0-cde1-4161-8781-84ec4035a462@group-FE82739B280F-LeaderElection21] INFO  segmented.SegmentedRaftLogWorker (SegmentedRaftLogWorker.java:startLogSegment(452)) - 142967e0-cde1-4161-8781-84ec4035a462@group-FE82739B280F-SegmentedRaftLogWorker: Starting segment from index:0
2023-04-21 06:17:31,154 [grpc-default-executor-0] INFO  server.RaftServer$Division (RaftServerImpl.java:requestVote(1251)) - 2457f6ab-98f5-4e31-8316-f4a85dbaacb6@group-FE82739B280F replies to ELECTION vote request: 142967e0-cde1-4161-8781-84ec4035a462<-2457f6ab-98f5-4e31-8316-f4a85dbaacb6#0:OK-t1. Peer's state: 2457f6ab-98f5-4e31-8316-f4a85dbaacb6@group-FE82739B280F:t1, leader=null, voted=142967e0-cde1-4161-8781-84ec4035a462, raftlog=Memoized:2457f6ab-98f5-4e31-8316-f4a85dbaacb6@group-FE82739B280F-SegmentedRaftLog:OPENED:c-1, conf=-1: peers:[b10b19f2-b437-4018-b293-79a1594e0d1d|rpc:10.1.0.35:45779|dataStream:10.1.0.35:45683|priority:0|startupRole:FOLLOWER, 142967e0-cde1-4161-8781-84ec4035a462|rpc:10.1.0.35:46373|dataStream:10.1.0.35:40011|priority:1|startupRole:FOLLOWER, 2457f6ab-98f5-4e31-8316-f4a85dbaacb6|rpc:10.1.0.35:38163|dataStream:10.1.0.35:41409|priority:0|startupRole:FOLLOWER]|listeners:[], old=null
2023-04-21 06:17:31,154 [EventQueue-PipelineReportForPipelineReportHandler] INFO  pipeline.PipelineManagerImpl (PipelineManagerImpl.java:openPipeline(367)) - Pipeline Pipeline[ Id: 6a123b5e-a3ff-4d88-9f22-fe82739b280f, Nodes: b10b19f2-b437-4018-b293-79a1594e0d1d(fv-az205-422/10.1.0.35)142967e0-cde1-4161-8781-84ec4035a462(fv-az205-422/10.1.0.35)2457f6ab-98f5-4e31-8316-f4a85dbaacb6(fv-az205-422/10.1.0.35), ReplicationConfig: RATIS/THREE, State:ALLOCATED, leaderId:142967e0-cde1-4161-8781-84ec4035a462, CreationTimestamp2023-04-21T06:17:23.925Z[Etc/UTC]] moved to OPEN state
2023-04-21 06:17:31,155 [EventQueue-OpenPipelineForHealthyPipelineSafeModeRule] INFO  safemode.SCMSafeModeManager (HealthyPipelineSafeModeRule.java:process(137)) - SCM in safe mode. Healthy pipelines reported count is 0, required healthy pipeline reported count is 1
2023-04-21 06:17:31,155 [EventQueue-OpenPipelineForHealthyPipelineSafeModeRule] INFO  safemode.SCMSafeModeManager (HealthyPipelineSafeModeRule.java:process(137)) - SCM in safe mode. Healthy pipelines reported count is 1, required healthy pipeline reported count is 1
2023-04-21 06:17:31,155 [EventQueue-OpenPipelineForHealthyPipelineSafeModeRule] INFO  safemode.SCMSafeModeManager (SCMSafeModeManager.java:validateSafeModeExitRules(200)) - HealthyPipelineSafeModeRule rule is successfully validated
2023-04-21 06:17:31,155 [EventQueue-OpenPipelineForHealthyPipelineSafeModeRule] INFO  safemode.SCMSafeModeManager (SCMSafeModeManager.java:validateSafeModeExitRules(215)) - ScmSafeModeManager, all rules are successfully validated
2023-04-21 06:17:31,155 [EventQueue-OpenPipelineForHealthyPipelineSafeModeRule] INFO  safemode.SCMSafeModeManager (SCMSafeModeManager.java:exitSafeMode(244)) - SCM exiting safe mode.
2023-04-21 06:17:31,155 [EventQueue-OpenPipelineForHealthyPipelineSafeModeRule] INFO  ha.SCMContext (SCMContext.java:updateSafeModeStatus(228)) - Update SafeModeStatus from SafeModeStatus{safeModeStatus=true, preCheckPassed=true} to SafeModeStatus{safeModeStatus=false, preCheckPassed=true}.
2023-04-21 06:17:31,155 [EventQueue-OpenPipelineForHealthyPipelineSafeModeRule] INFO  pipeline.BackgroundPipelineCreator (BackgroundPipelineCreator.java:notifyStatusChanged(254)) - Service BackgroundPipelineCreator transitions to RUNNING.
2023-04-21 06:17:31,155 [EventQueue-OpenPipelineForHealthyPipelineSafeModeRule] INFO  BackgroundPipelineScrubber (BackgroundSCMService.java:notifyStatusChanged(82)) - Service BackgroundPipelineScrubber transitions to RUNNING.
2023-04-21 06:17:31,155 [EventQueue-OpenPipelineForHealthyPipelineSafeModeRule] INFO  ExpiredContainerReplicaOpScrubber (BackgroundSCMService.java:notifyStatusChanged(82)) - Service ExpiredContainerReplicaOpScrubber transitions to RUNNING.
2023-04-21 06:17:31,155 [EventQueue-OpenPipelineForHealthyPipelineSafeModeRule] INFO  replication.ReplicationManager (ReplicationManager.java:notifyStatusChanged(1371)) - Service ReplicationManager transitions to RUNNING.
2023-04-21 06:17:31,156 [EventQueue-OpenPipelineForHealthyPipelineSafeModeRule] WARN  balancer.ContainerBalancer (ContainerBalancer.java:shouldRun(132)) - Could not find persisted configuration for ContainerBalancer when checking if ContainerBalancer should run. ContainerBalancer should not run now.
2023-04-21 06:17:31,159 [142967e0-cde1-4161-8781-84ec4035a462@group-FE82739B280F-SegmentedRaftLogWorker] INFO  segmented.SegmentedRaftLogWorker (SegmentedRaftLogWorker.java:execute(656)) - 142967e0-cde1-4161-8781-84ec4035a462@group-FE82739B280F-SegmentedRaftLogWorker: created new log segment /home/runner/work/ozone/ozone/hadoop-ozone/integration-test/target/test-dir/MiniOzoneClusterImpl-e26617af-e5aa-412c-8148-e33214803cb3/datanode-1/data/ratis/6a123b5e-a3ff-4d88-9f22-fe82739b280f/current/log_inprogress_0
2023-04-21 06:17:31,163 [142967e0-cde1-4161-8781-84ec4035a462@group-FE82739B280F-LeaderElection21] INFO  server.RaftServer$Division (ServerState.java:setRaftConf(430)) - 142967e0-cde1-4161-8781-84ec4035a462@group-FE82739B280F: set configuration 0: peers:[b10b19f2-b437-4018-b293-79a1594e0d1d|rpc:10.1.0.35:45779|dataStream:10.1.0.35:45683|priority:0|startupRole:FOLLOWER, 142967e0-cde1-4161-8781-84ec4035a462|rpc:10.1.0.35:46373|dataStream:10.1.0.35:40011|priority:1|startupRole:FOLLOWER, 2457f6ab-98f5-4e31-8316-f4a85dbaacb6|rpc:10.1.0.35:38163|dataStream:10.1.0.35:41409|priority:0|startupRole:FOLLOWER]|listeners:[], old=null
2023-04-21 06:17:31,182 [2457f6ab-98f5-4e31-8316-f4a85dbaacb6-server-thread1] INFO  ratis.XceiverServerRatis (XceiverServerRatis.java:handleLeaderChangedNotification(904)) - Leader change notification received for group: group-FE82739B280F with new leaderId: 142967e0-cde1-4161-8781-84ec4035a462
2023-04-21 06:17:31,182 [2457f6ab-98f5-4e31-8316-f4a85dbaacb6-server-thread1] INFO  server.RaftServer$Division (ServerState.java:setLeader(313)) - 2457f6ab-98f5-4e31-8316-f4a85dbaacb6@group-FE82739B280F: change Leader from null to 142967e0-cde1-4161-8781-84ec4035a462 at term 1 for appendEntries, leader elected after 5065ms
2023-04-21 06:17:31,188 [2457f6ab-98f5-4e31-8316-f4a85dbaacb6-server-thread2] INFO  server.RaftServer$Division (ServerState.java:setRaftConf(430)) - 2457f6ab-98f5-4e31-8316-f4a85dbaacb6@group-FE82739B280F: set configuration 0: peers:[b10b19f2-b437-4018-b293-79a1594e0d1d|rpc:10.1.0.35:45779|dataStream:10.1.0.35:45683|priority:0|startupRole:FOLLOWER, 142967e0-cde1-4161-8781-84ec4035a462|rpc:10.1.0.35:46373|dataStream:10.1.0.35:40011|priority:1|startupRole:FOLLOWER, 2457f6ab-98f5-4e31-8316-f4a85dbaacb6|rpc:10.1.0.35:38163|dataStream:10.1.0.35:41409|priority:0|startupRole:FOLLOWER]|listeners:[], old=null
2023-04-21 06:17:31,188 [2457f6ab-98f5-4e31-8316-f4a85dbaacb6-server-thread2] INFO  segmented.SegmentedRaftLogWorker (SegmentedRaftLogWorker.java:startLogSegment(452)) - 2457f6ab-98f5-4e31-8316-f4a85dbaacb6@group-FE82739B280F-SegmentedRaftLogWorker: Starting segment from index:0
2023-04-21 06:17:31,191 [2457f6ab-98f5-4e31-8316-f4a85dbaacb6@group-FE82739B280F-SegmentedRaftLogWorker] INFO  segmented.SegmentedRaftLogWorker (SegmentedRaftLogWorker.java:execute(656)) - 2457f6ab-98f5-4e31-8316-f4a85dbaacb6@group-FE82739B280F-SegmentedRaftLogWorker: created new log segment /home/runner/work/ozone/ozone/hadoop-ozone/integration-test/target/test-dir/MiniOzoneClusterImpl-e26617af-e5aa-412c-8148-e33214803cb3/datanode-2/data/ratis/6a123b5e-a3ff-4d88-9f22-fe82739b280f/current/log_inprogress_0
2023-04-21 06:17:31,200 [b10b19f2-b437-4018-b293-79a1594e0d1d-server-thread1] INFO  ratis.XceiverServerRatis (XceiverServerRatis.java:handleLeaderChangedNotification(904)) - Leader change notification received for group: group-FE82739B280F with new leaderId: 142967e0-cde1-4161-8781-84ec4035a462
2023-04-21 06:17:31,201 [b10b19f2-b437-4018-b293-79a1594e0d1d-server-thread1] INFO  server.RaftServer$Division (ServerState.java:setLeader(313)) - b10b19f2-b437-4018-b293-79a1594e0d1d@group-FE82739B280F: change Leader from null to 142967e0-cde1-4161-8781-84ec4035a462 at term 1 for appendEntries, leader elected after 5212ms
2023-04-21 06:17:31,206 [b10b19f2-b437-4018-b293-79a1594e0d1d-server-thread2] INFO  server.RaftServer$Division (ServerState.java:setRaftConf(430)) - b10b19f2-b437-4018-b293-79a1594e0d1d@group-FE82739B280F: set configuration 0: peers:[b10b19f2-b437-4018-b293-79a1594e0d1d|rpc:10.1.0.35:45779|dataStream:10.1.0.35:45683|priority:0|startupRole:FOLLOWER, 142967e0-cde1-4161-8781-84ec4035a462|rpc:10.1.0.35:46373|dataStream:10.1.0.35:40011|priority:1|startupRole:FOLLOWER, 2457f6ab-98f5-4e31-8316-f4a85dbaacb6|rpc:10.1.0.35:38163|dataStream:10.1.0.35:41409|priority:0|startupRole:FOLLOWER]|listeners:[], old=null
2023-04-21 06:17:31,206 [b10b19f2-b437-4018-b293-79a1594e0d1d-server-thread2] INFO  segmented.SegmentedRaftLogWorker (SegmentedRaftLogWorker.java:startLogSegment(452)) - b10b19f2-b437-4018-b293-79a1594e0d1d@group-FE82739B280F-SegmentedRaftLogWorker: Starting segment from index:0
2023-04-21 06:17:31,207 [b10b19f2-b437-4018-b293-79a1594e0d1d@group-B9D258AAAAEC-FollowerState] INFO  impl.FollowerState (FollowerState.java:run(143)) - b10b19f2-b437-4018-b293-79a1594e0d1d@group-B9D258AAAAEC-FollowerState: change to CANDIDATE, lastRpcElapsedTime:5037865234ns, electionTimeout:5036ms
2023-04-21 06:17:31,207 [b10b19f2-b437-4018-b293-79a1594e0d1d@group-B9D258AAAAEC-FollowerState] INFO  impl.RoleInfo (RoleInfo.java:shutdownFollowerState(110)) - b10b19f2-b437-4018-b293-79a1594e0d1d: shutdown b10b19f2-b437-4018-b293-79a1594e0d1d@group-B9D258AAAAEC-FollowerState
2023-04-21 06:17:31,207 [b10b19f2-b437-4018-b293-79a1594e0d1d@group-B9D258AAAAEC-FollowerState] INFO  server.RaftServer$Division (RaftServerImpl.java:setRole(321)) - b10b19f2-b437-4018-b293-79a1594e0d1d@group-B9D258AAAAEC: changes role from  FOLLOWER to CANDIDATE at term 0 for changeToCandidate
2023-04-21 06:17:31,207 [b10b19f2-b437-4018-b293-79a1594e0d1d@group-B9D258AAAAEC-FollowerState] INFO  server.RaftServerConfigKeys (ConfUtils.java:logGet(46)) - raft.server.leaderelection.pre-vote = true (default)
2023-04-21 06:17:31,208 [b10b19f2-b437-4018-b293-79a1594e0d1d@group-B9D258AAAAEC-FollowerState] INFO  impl.RoleInfo (RoleInfo.java:updateAndGet(139)) - b10b19f2-b437-4018-b293-79a1594e0d1d: start b10b19f2-b437-4018-b293-79a1594e0d1d@group-B9D258AAAAEC-LeaderElection22
2023-04-21 06:17:31,208 [b10b19f2-b437-4018-b293-79a1594e0d1d@group-FE82739B280F-SegmentedRaftLogWorker] INFO  segmented.SegmentedRaftLogWorker (SegmentedRaftLogWorker.java:execute(656)) - b10b19f2-b437-4018-b293-79a1594e0d1d@group-FE82739B280F-SegmentedRaftLogWorker: created new log segment /home/runner/work/ozone/ozone/hadoop-ozone/integration-test/target/test-dir/MiniOzoneClusterImpl-e26617af-e5aa-412c-8148-e33214803cb3/datanode-0/data/ratis/6a123b5e-a3ff-4d88-9f22-fe82739b280f/current/log_inprogress_0
2023-04-21 06:17:31,214 [b10b19f2-b437-4018-b293-79a1594e0d1d@group-B9D258AAAAEC-LeaderElection22] INFO  impl.LeaderElection (LeaderElection.java:askForVotes(312)) - b10b19f2-b437-4018-b293-79a1594e0d1d@group-B9D258AAAAEC-LeaderElection22 PRE_VOTE round 0: submit vote requests at term 0 for -1: peers:[b10b19f2-b437-4018-b293-79a1594e0d1d|rpc:10.1.0.35:45779|dataStream:10.1.0.35:45683|priority:1|startupRole:FOLLOWER, 142967e0-cde1-4161-8781-84ec4035a462|rpc:10.1.0.35:46373|dataStream:10.1.0.35:40011|priority:0|startupRole:FOLLOWER, 2457f6ab-98f5-4e31-8316-f4a85dbaacb6|rpc:10.1.0.35:38163|dataStream:10.1.0.35:41409|priority:0|startupRole:FOLLOWER]|listeners:[], old=null
2023-04-21 06:17:31,215 [b10b19f2-b437-4018-b293-79a1594e0d1d@group-B9D258AAAAEC-LeaderElection22-1] INFO  server.GrpcServerProtocolClient (GrpcServerProtocolClient.java:<init>(63)) - Build channel for 142967e0-cde1-4161-8781-84ec4035a462
2023-04-21 06:17:31,220 [b10b19f2-b437-4018-b293-79a1594e0d1d@group-B9D258AAAAEC-LeaderElection22] INFO  server.RaftServerConfigKeys (ConfUtils.java:logFallback(53)) - raft.server.rpc.first-election.timeout.min = 5s (fallback to raft.server.rpc.timeout.min)
2023-04-21 06:17:31,220 [b10b19f2-b437-4018-b293-79a1594e0d1d@group-B9D258AAAAEC-LeaderElection22] INFO  server.RaftServerConfigKeys (ConfUtils.java:logFallback(53)) - raft.server.rpc.first-election.timeout.max = 5200ms (fallback to raft.server.rpc.timeout.max)
2023-04-21 06:17:31,228 [grpc-default-executor-0] INFO  server.RaftServer$Division (RaftServerImpl.java:requestVote(1218)) - 142967e0-cde1-4161-8781-84ec4035a462@group-B9D258AAAAEC: receive requestVote(PRE_VOTE, b10b19f2-b437-4018-b293-79a1594e0d1d, group-B9D258AAAAEC, 0, (t:0, i:0))
2023-04-21 06:17:31,228 [grpc-default-executor-0] INFO  impl.VoteContext (VoteContext.java:log(49)) - 142967e0-cde1-4161-8781-84ec4035a462@group-B9D258AAAAEC-FOLLOWER: accept PRE_VOTE from b10b19f2-b437-4018-b293-79a1594e0d1d: our priority 0 <= candidate's priority 1
2023-04-21 06:17:31,229 [grpc-default-executor-0] INFO  server.RaftServer$Division (RaftServerImpl.java:requestVote(1251)) - 142967e0-cde1-4161-8781-84ec4035a462@group-B9D258AAAAEC replies to PRE_VOTE vote request: b10b19f2-b437-4018-b293-79a1594e0d1d<-142967e0-cde1-4161-8781-84ec4035a462#0:OK-t0. Peer's state: 142967e0-cde1-4161-8781-84ec4035a462@group-B9D258AAAAEC:t0, leader=null, voted=, raftlog=Memoized:142967e0-cde1-4161-8781-84ec4035a462@group-B9D258AAAAEC-SegmentedRaftLog:OPENED:c-1, conf=-1: peers:[b10b19f2-b437-4018-b293-79a1594e0d1d|rpc:10.1.0.35:45779|dataStream:10.1.0.35:45683|priority:1|startupRole:FOLLOWER, 142967e0-cde1-4161-8781-84ec4035a462|rpc:10.1.0.35:46373|dataStream:10.1.0.35:40011|priority:0|startupRole:FOLLOWER, 2457f6ab-98f5-4e31-8316-f4a85dbaacb6|rpc:10.1.0.35:38163|dataStream:10.1.0.35:41409|priority:0|startupRole:FOLLOWER]|listeners:[], old=null
2023-04-21 06:17:31,230 [b10b19f2-b437-4018-b293-79a1594e0d1d@group-B9D258AAAAEC-LeaderElection22] INFO  impl.LeaderElection (LeaderElection.java:logAndReturn(90)) - b10b19f2-b437-4018-b293-79a1594e0d1d@group-B9D258AAAAEC-LeaderElection22: PRE_VOTE PASSED received 1 response(s) and 0 exception(s):
2023-04-21 06:17:31,230 [b10b19f2-b437-4018-b293-79a1594e0d1d@group-B9D258AAAAEC-LeaderElection22] INFO  impl.LeaderElection (LeaderElection.java:logAndReturn(94)) -   Response 0: b10b19f2-b437-4018-b293-79a1594e0d1d<-142967e0-cde1-4161-8781-84ec4035a462#0:OK-t0
2023-04-21 06:17:31,230 [b10b19f2-b437-4018-b293-79a1594e0d1d@group-B9D258AAAAEC-LeaderElection22] INFO  impl.LeaderElection (LeaderElection.java:askForVotes(314)) - b10b19f2-b437-4018-b293-79a1594e0d1d@group-B9D258AAAAEC-LeaderElection22 PRE_VOTE round 0: result PASSED
2023-04-21 06:17:31,231 [b10b19f2-b437-4018-b293-79a1594e0d1d@group-B9D258AAAAEC-LeaderElection22-2] INFO  server.GrpcServerProtocolClient (GrpcServerProtocolClient.java:<init>(63)) - Build channel for 2457f6ab-98f5-4e31-8316-f4a85dbaacb6
2023-04-21 06:17:31,232 [b10b19f2-b437-4018-b293-79a1594e0d1d@group-B9D258AAAAEC-LeaderElection22] INFO  impl.LeaderElection (LeaderElection.java:askForVotes(312)) - b10b19f2-b437-4018-b293-79a1594e0d1d@group-B9D258AAAAEC-LeaderElection22 ELECTION round 0: submit vote requests at term 1 for -1: peers:[b10b19f2-b437-4018-b293-79a1594e0d1d|rpc:10.1.0.35:45779|dataStream:10.1.0.35:45683|priority:1|startupRole:FOLLOWER, 142967e0-cde1-4161-8781-84ec4035a462|rpc:10.1.0.35:46373|dataStream:10.1.0.35:40011|priority:0|startupRole:FOLLOWER, 2457f6ab-98f5-4e31-8316-f4a85dbaacb6|rpc:10.1.0.35:38163|dataStream:10.1.0.35:41409|priority:0|startupRole:FOLLOWER]|listeners:[], old=null
2023-04-21 06:17:31,233 [b10b19f2-b437-4018-b293-79a1594e0d1d@group-B9D258AAAAEC-LeaderElection22] INFO  server.RaftServerConfigKeys (ConfUtils.java:logFallback(53)) - raft.server.rpc.first-election.timeout.min = 5s (fallback to raft.server.rpc.timeout.min)
2023-04-21 06:17:31,233 [b10b19f2-b437-4018-b293-79a1594e0d1d@group-B9D258AAAAEC-LeaderElection22] INFO  server.RaftServerConfigKeys (ConfUtils.java:logFallback(53)) - raft.server.rpc.first-election.timeout.max = 5200ms (fallback to raft.server.rpc.timeout.max)
2023-04-21 06:17:31,242 [grpc-default-executor-0] INFO  server.RaftServer$Division (RaftServerImpl.java:requestVote(1218)) - 142967e0-cde1-4161-8781-84ec4035a462@group-B9D258AAAAEC: receive requestVote(ELECTION, b10b19f2-b437-4018-b293-79a1594e0d1d, group-B9D258AAAAEC, 1, (t:0, i:0))
2023-04-21 06:17:31,242 [grpc-default-executor-0] INFO  impl.VoteContext (VoteContext.java:log(49)) - 142967e0-cde1-4161-8781-84ec4035a462@group-B9D258AAAAEC-FOLLOWER: accept ELECTION from b10b19f2-b437-4018-b293-79a1594e0d1d: our priority 0 <= candidate's priority 1
2023-04-21 06:17:31,243 [grpc-default-executor-0] INFO  server.RaftServer$Division (RaftServerImpl.java:setRole(321)) - 142967e0-cde1-4161-8781-84ec4035a462@group-B9D258AAAAEC: changes role from  FOLLOWER to FOLLOWER at term 1 for candidate:b10b19f2-b437-4018-b293-79a1594e0d1d
2023-04-21 06:17:31,243 [grpc-default-executor-0] INFO  impl.RoleInfo (RoleInfo.java:shutdownFollowerState(110)) - 142967e0-cde1-4161-8781-84ec4035a462: shutdown 142967e0-cde1-4161-8781-84ec4035a462@group-B9D258AAAAEC-FollowerState
2023-04-21 06:17:31,243 [grpc-default-executor-0] INFO  impl.RoleInfo (RoleInfo.java:updateAndGet(139)) - 142967e0-cde1-4161-8781-84ec4035a462: start 142967e0-cde1-4161-8781-84ec4035a462@group-B9D258AAAAEC-FollowerState
2023-04-21 06:17:31,243 [142967e0-cde1-4161-8781-84ec4035a462@group-B9D258AAAAEC-FollowerState] INFO  impl.FollowerState (FollowerState.java:run(152)) - 142967e0-cde1-4161-8781-84ec4035a462@group-B9D258AAAAEC-FollowerState was interrupted
2023-04-21 06:17:31,248 [142967e0-cde1-4161-8781-84ec4035a462@group-B9D258AAAAEC-FollowerState] INFO  server.RaftServerConfigKeys (ConfUtils.java:logFallback(53)) - raft.server.rpc.first-election.timeout.min = 5s (fallback to raft.server.rpc.timeout.min)
2023-04-21 06:17:31,248 [142967e0-cde1-4161-8781-84ec4035a462@group-B9D258AAAAEC-FollowerState] INFO  server.RaftServerConfigKeys (ConfUtils.java:logFallback(53)) - raft.server.rpc.first-election.timeout.max = 5200ms (fallback to raft.server.rpc.timeout.max)
2023-04-21 06:17:31,249 [grpc-default-executor-0] INFO  server.RaftServer$Division (RaftServerImpl.java:requestVote(1251)) - 142967e0-cde1-4161-8781-84ec4035a462@group-B9D258AAAAEC replies to ELECTION vote request: b10b19f2-b437-4018-b293-79a1594e0d1d<-142967e0-cde1-4161-8781-84ec4035a462#0:OK-t1. Peer's state: 142967e0-cde1-4161-8781-84ec4035a462@group-B9D258AAAAEC:t1, leader=null, voted=b10b19f2-b437-4018-b293-79a1594e0d1d, raftlog=Memoized:142967e0-cde1-4161-8781-84ec4035a462@group-B9D258AAAAEC-SegmentedRaftLog:OPENED:c-1, conf=-1: peers:[b10b19f2-b437-4018-b293-79a1594e0d1d|rpc:10.1.0.35:45779|dataStream:10.1.0.35:45683|priority:1|startupRole:FOLLOWER, 142967e0-cde1-4161-8781-84ec4035a462|rpc:10.1.0.35:46373|dataStream:10.1.0.35:40011|priority:0|startupRole:FOLLOWER, 2457f6ab-98f5-4e31-8316-f4a85dbaacb6|rpc:10.1.0.35:38163|dataStream:10.1.0.35:41409|priority:0|startupRole:FOLLOWER]|listeners:[], old=null
2023-04-21 06:17:31,250 [grpc-default-executor-1] INFO  server.RaftServer$Division (RaftServerImpl.java:requestVote(1218)) - 2457f6ab-98f5-4e31-8316-f4a85dbaacb6@group-B9D258AAAAEC: receive requestVote(PRE_VOTE, b10b19f2-b437-4018-b293-79a1594e0d1d, group-B9D258AAAAEC, 0, (t:0, i:0))
2023-04-21 06:17:31,250 [grpc-default-executor-1] INFO  impl.VoteContext (VoteContext.java:log(49)) - 2457f6ab-98f5-4e31-8316-f4a85dbaacb6@group-B9D258AAAAEC-FOLLOWER: accept PRE_VOTE from b10b19f2-b437-4018-b293-79a1594e0d1d: our priority 0 <= candidate's priority 1
2023-04-21 06:17:31,251 [grpc-default-executor-1] INFO  server.RaftServer$Division (RaftServerImpl.java:requestVote(1251)) - 2457f6ab-98f5-4e31-8316-f4a85dbaacb6@group-B9D258AAAAEC replies to PRE_VOTE vote request: b10b19f2-b437-4018-b293-79a1594e0d1d<-2457f6ab-98f5-4e31-8316-f4a85dbaacb6#0:OK-t0. Peer's state: 2457f6ab-98f5-4e31-8316-f4a85dbaacb6@group-B9D258AAAAEC:t0, leader=null, voted=, raftlog=Memoized:2457f6ab-98f5-4e31-8316-f4a85dbaacb6@group-B9D258AAAAEC-SegmentedRaftLog:OPENED:c-1, conf=-1: peers:[b10b19f2-b437-4018-b293-79a1594e0d1d|rpc:10.1.0.35:45779|dataStream:10.1.0.35:45683|priority:1|startupRole:FOLLOWER, 142967e0-cde1-4161-8781-84ec4035a462|rpc:10.1.0.35:46373|dataStream:10.1.0.35:40011|priority:0|startupRole:FOLLOWER, 2457f6ab-98f5-4e31-8316-f4a85dbaacb6|rpc:10.1.0.35:38163|dataStream:10.1.0.35:41409|priority:0|startupRole:FOLLOWER]|listeners:[], old=null
2023-04-21 06:17:31,251 [grpc-default-executor-3] INFO  server.RaftServer$Division (RaftServerImpl.java:requestVote(1218)) - 2457f6ab-98f5-4e31-8316-f4a85dbaacb6@group-B9D258AAAAEC: receive requestVote(ELECTION, b10b19f2-b437-4018-b293-79a1594e0d1d, group-B9D258AAAAEC, 1, (t:0, i:0))
2023-04-21 06:17:31,252 [grpc-default-executor-3] INFO  impl.VoteContext (VoteContext.java:log(49)) - 2457f6ab-98f5-4e31-8316-f4a85dbaacb6@group-B9D258AAAAEC-FOLLOWER: accept ELECTION from b10b19f2-b437-4018-b293-79a1594e0d1d: our priority 0 <= candidate's priority 1
2023-04-21 06:17:31,252 [grpc-default-executor-3] INFO  server.RaftServer$Division (RaftServerImpl.java:setRole(321)) - 2457f6ab-98f5-4e31-8316-f4a85dbaacb6@group-B9D258AAAAEC: changes role from  FOLLOWER to FOLLOWER at term 1 for candidate:b10b19f2-b437-4018-b293-79a1594e0d1d
2023-04-21 06:17:31,252 [grpc-default-executor-3] INFO  impl.RoleInfo (RoleInfo.java:shutdownFollowerState(110)) - 2457f6ab-98f5-4e31-8316-f4a85dbaacb6: shutdown 2457f6ab-98f5-4e31-8316-f4a85dbaacb6@group-B9D258AAAAEC-FollowerState
2023-04-21 06:17:31,252 [grpc-default-executor-3] INFO  impl.RoleInfo (RoleInfo.java:updateAndGet(139)) - 2457f6ab-98f5-4e31-8316-f4a85dbaacb6: start 2457f6ab-98f5-4e31-8316-f4a85dbaacb6@group-B9D258AAAAEC-FollowerState
2023-04-21 06:17:31,252 [2457f6ab-98f5-4e31-8316-f4a85dbaacb6@group-B9D258AAAAEC-FollowerState] INFO  impl.FollowerState (FollowerState.java:run(152)) - 2457f6ab-98f5-4e31-8316-f4a85dbaacb6@group-B9D258AAAAEC-FollowerState was interrupted
2023-04-21 06:17:31,253 [b10b19f2-b437-4018-b293-79a1594e0d1d@group-B9D258AAAAEC-LeaderElection22] INFO  impl.LeaderElection (LeaderElection.java:logAndReturn(90)) - b10b19f2-b437-4018-b293-79a1594e0d1d@group-B9D258AAAAEC-LeaderElection22: ELECTION PASSED received 1 response(s) and 0 exception(s):
2023-04-21 06:17:31,253 [b10b19f2-b437-4018-b293-79a1594e0d1d@group-B9D258AAAAEC-LeaderElection22] INFO  impl.LeaderElection (LeaderElection.java:logAndReturn(94)) -   Response 0: b10b19f2-b437-4018-b293-79a1594e0d1d<-142967e0-cde1-4161-8781-84ec4035a462#0:OK-t1
2023-04-21 06:17:31,254 [b10b19f2-b437-4018-b293-79a1594e0d1d@group-B9D258AAAAEC-LeaderElection22] INFO  impl.LeaderElection (LeaderElection.java:askForVotes(314)) - b10b19f2-b437-4018-b293-79a1594e0d1d@group-B9D258AAAAEC-LeaderElection22 ELECTION round 0: result PASSED
2023-04-21 06:17:31,254 [b10b19f2-b437-4018-b293-79a1594e0d1d@group-B9D258AAAAEC-LeaderElection22] INFO  impl.RoleInfo (RoleInfo.java:shutdownLeaderElection(130)) - b10b19f2-b437-4018-b293-79a1594e0d1d: shutdown b10b19f2-b437-4018-b293-79a1594e0d1d@group-B9D258AAAAEC-LeaderElection22
2023-04-21 06:17:31,254 [b10b19f2-b437-4018-b293-79a1594e0d1d@group-B9D258AAAAEC-LeaderElection22] INFO  server.RaftServer$Division (RaftServerImpl.java:setRole(321)) - b10b19f2-b437-4018-b293-79a1594e0d1d@group-B9D258AAAAEC: changes role from CANDIDATE to LEADER at term 1 for changeToLeader
2023-04-21 06:17:31,254 [b10b19f2-b437-4018-b293-79a1594e0d1d@group-B9D258AAAAEC-LeaderElection22] INFO  ratis.XceiverServerRatis (XceiverServerRatis.java:handleLeaderChangedNotification(904)) - Leader change notification received for group: group-B9D258AAAAEC with new leaderId: b10b19f2-b437-4018-b293-79a1594e0d1d
2023-04-21 06:17:31,254 [b10b19f2-b437-4018-b293-79a1594e0d1d@group-B9D258AAAAEC-LeaderElection22] INFO  server.RaftServer$Division (ServerState.java:setLeader(313)) - b10b19f2-b437-4018-b293-79a1594e0d1d@group-B9D258AAAAEC: change Leader from null to b10b19f2-b437-4018-b293-79a1594e0d1d at term 1 for becomeLeader, leader elected after 5104ms
2023-04-21 06:17:31,254 [b10b19f2-b437-4018-b293-79a1594e0d1d@group-B9D258AAAAEC-LeaderElection22] INFO  server.RaftServerConfigKeys (ConfUtils.java:logGet(46)) - raft.server.staging.catchup.gap = 1000 (default)
2023-04-21 06:17:31,254 [b10b19f2-b437-4018-b293-79a1594e0d1d@group-B9D258AAAAEC-LeaderElection22] INFO  server.RaftServerConfigKeys (ConfUtils.java:logGet(46)) - raft.server.write.element-limit = 1024 (custom)
2023-04-21 06:17:31,254 [b10b19f2-b437-4018-b293-79a1594e0d1d@group-B9D258AAAAEC-LeaderElection22] INFO  server.RaftServerConfigKeys (ConfUtils.java:logGet(46)) - raft.server.write.byte-limit = 1024 M (=1073741824) (custom)
2023-04-21 06:17:31,254 [b10b19f2-b437-4018-b293-79a1594e0d1d@group-B9D258AAAAEC-LeaderElection22] INFO  server.RaftServerConfigKeys (ConfUtils.java:logGet(46)) - raft.server.watch.timeout = 180s (custom)
2023-04-21 06:17:31,254 [b10b19f2-b437-4018-b293-79a1594e0d1d@group-B9D258AAAAEC-LeaderElection22] INFO  server.RaftServerConfigKeys (ConfUtils.java:logGet(46)) - raft.server.watch.timeout.denomination = 1s (default)
2023-04-21 06:17:31,255 [b10b19f2-b437-4018-b293-79a1594e0d1d@group-B9D258AAAAEC-LeaderElection22] INFO  server.RaftServerConfigKeys (ConfUtils.java:logGet(46)) - raft.server.watch.element-limit = 65536 (default)
2023-04-21 06:17:31,255 [b10b19f2-b437-4018-b293-79a1594e0d1d@group-B9D258AAAAEC-LeaderElection22] INFO  server.RaftServerConfigKeys (ConfUtils.java:logGet(46)) - raft.server.write.element-limit = 1024 (custom)
2023-04-21 06:17:31,255 [b10b19f2-b437-4018-b293-79a1594e0d1d@group-B9D258AAAAEC-LeaderElection22] INFO  server.RaftServerConfigKeys (ConfUtils.java:logGet(46)) - raft.server.write.follower.gap.ratio.max = -1.0 (default)
2023-04-21 06:17:31,255 [b10b19f2-b437-4018-b293-79a1594e0d1d@group-B9D258AAAAEC-LeaderElection22] INFO  server.RaftServerConfigKeys (ConfUtils.java:logGet(46)) - raft.server.log.appender.snapshot.chunk.size.max = 16MB (=16777216) (default)
2023-04-21 06:17:31,255 [b10b19f2-b437-4018-b293-79a1594e0d1d@group-B9D258AAAAEC-LeaderElection22] INFO  server.RaftServerConfigKeys (ConfUtils.java:logGet(46)) - raft.server.log.appender.buffer.byte-limit = 33554432 (custom)
2023-04-21 06:17:31,255 [b10b19f2-b437-4018-b293-79a1594e0d1d@group-B9D258AAAAEC-LeaderElection22] INFO  server.RaftServerConfigKeys (ConfUtils.java:logGet(46)) - raft.server.log.appender.buffer.element-limit = 1 (custom)
2023-04-21 06:17:31,255 [b10b19f2-b437-4018-b293-79a1594e0d1d@group-B9D258AAAAEC-LeaderElection22] INFO  grpc.GrpcConfigKeys (ConfUtils.java:logGet(46)) - raft.grpc.server.leader.outstanding.appends.max = 128 (default)
2023-04-21 06:17:31,259 [b10b19f2-b437-4018-b293-79a1594e0d1d@group-B9D258AAAAEC-LeaderElection22] INFO  server.RaftServerConfigKeys (ConfUtils.java:logGet(46)) - raft.server.rpc.request.timeout = 60s (custom)
2023-04-21 06:17:31,259 [b10b19f2-b437-4018-b293-79a1594e0d1d@group-B9D258AAAAEC-LeaderElection22] INFO  server.RaftServerConfigKeys (ConfUtils.java:logGet(46)) - raft.server.log.appender.install.snapshot.enabled = false (custom)
2023-04-21 06:17:31,259 [b10b19f2-b437-4018-b293-79a1594e0d1d@group-B9D258AAAAEC-LeaderElection22] INFO  grpc.GrpcConfigKeys (ConfUtils.java:logGet(46)) - raft.grpc.server.heartbeat.channel = true (default)
2023-04-21 06:17:31,259 [b10b19f2-b437-4018-b293-79a1594e0d1d@group-B9D258AAAAEC-LeaderElection22] INFO  server.RaftServerConfigKeys (ConfUtils.java:logGet(46)) - raft.server.log.appender.wait-time.min = 10ms (default)
2023-04-21 06:17:31,260 [b10b19f2-b437-4018-b293-79a1594e0d1d@group-B9D258AAAAEC-LeaderElection22] INFO  server.RaftServerConfigKeys (ConfUtils.java:logGet(46)) - raft.server.log.appender.snapshot.chunk.size.max = 16MB (=16777216) (default)
2023-04-21 06:17:31,260 [b10b19f2-b437-4018-b293-79a1594e0d1d@group-B9D258AAAAEC-LeaderElection22] INFO  server.RaftServerConfigKeys (ConfUtils.java:logGet(46)) - raft.server.log.appender.buffer.byte-limit = 33554432 (custom)
2023-04-21 06:17:31,260 [b10b19f2-b437-4018-b293-79a1594e0d1d@group-B9D258AAAAEC-LeaderElection22] INFO  server.RaftServerConfigKeys (ConfUtils.java:logGet(46)) - raft.server.log.appender.buffer.element-limit = 1 (custom)
2023-04-21 06:17:31,260 [b10b19f2-b437-4018-b293-79a1594e0d1d@group-B9D258AAAAEC-LeaderElection22] INFO  grpc.GrpcConfigKeys (ConfUtils.java:logGet(46)) - raft.grpc.server.leader.outstanding.appends.max = 128 (default)
2023-04-21 06:17:31,260 [b10b19f2-b437-4018-b293-79a1594e0d1d@group-B9D258AAAAEC-LeaderElection22] INFO  server.RaftServerConfigKeys (ConfUtils.java:logGet(46)) - raft.server.rpc.request.timeout = 60s (custom)
2023-04-21 06:17:31,260 [b10b19f2-b437-4018-b293-79a1594e0d1d@group-B9D258AAAAEC-LeaderElection22] INFO  server.RaftServerConfigKeys (ConfUtils.java:logGet(46)) - raft.server.log.appender.install.snapshot.enabled = false (custom)
2023-04-21 06:17:31,260 [b10b19f2-b437-4018-b293-79a1594e0d1d@group-B9D258AAAAEC-LeaderElection22] INFO  grpc.GrpcConfigKeys (ConfUtils.java:logGet(46)) - raft.grpc.server.heartbeat.channel = true (default)
2023-04-21 06:17:31,260 [b10b19f2-b437-4018-b293-79a1594e0d1d@group-B9D258AAAAEC-LeaderElection22] INFO  server.RaftServerConfigKeys (ConfUtils.java:logGet(46)) - raft.server.log.appender.wait-time.min = 10ms (default)
2023-04-21 06:17:31,260 [b10b19f2-b437-4018-b293-79a1594e0d1d@group-B9D258AAAAEC-LeaderElection22] INFO  impl.RoleInfo (RoleInfo.java:updateAndGet(139)) - b10b19f2-b437-4018-b293-79a1594e0d1d: start b10b19f2-b437-4018-b293-79a1594e0d1d@group-B9D258AAAAEC-LeaderStateImpl
2023-04-21 06:17:31,260 [b10b19f2-b437-4018-b293-79a1594e0d1d@group-B9D258AAAAEC-LeaderElection22] INFO  segmented.SegmentedRaftLogWorker (SegmentedRaftLogWorker.java:startLogSegment(452)) - b10b19f2-b437-4018-b293-79a1594e0d1d@group-B9D258AAAAEC-SegmentedRaftLogWorker: Starting segment from index:0
2023-04-21 06:17:31,261 [2457f6ab-98f5-4e31-8316-f4a85dbaacb6@group-B9D258AAAAEC-FollowerState] INFO  server.RaftServerConfigKeys (ConfUtils.java:logFallback(53)) - raft.server.rpc.first-election.timeout.min = 5s (fallback to raft.server.rpc.timeout.min)
2023-04-21 06:17:31,261 [2457f6ab-98f5-4e31-8316-f4a85dbaacb6@group-B9D258AAAAEC-FollowerState] INFO  server.RaftServerConfigKeys (ConfUtils.java:logFallback(53)) - raft.server.rpc.first-election.timeout.max = 5200ms (fallback to raft.server.rpc.timeout.max)
2023-04-21 06:17:31,262 [grpc-default-executor-3] INFO  server.RaftServer$Division (RaftServerImpl.java:requestVote(1251)) - 2457f6ab-98f5-4e31-8316-f4a85dbaacb6@group-B9D258AAAAEC replies to ELECTION vote request: b10b19f2-b437-4018-b293-79a1594e0d1d<-2457f6ab-98f5-4e31-8316-f4a85dbaacb6#0:OK-t1. Peer's state: 2457f6ab-98f5-4e31-8316-f4a85dbaacb6@group-B9D258AAAAEC:t1, leader=null, voted=b10b19f2-b437-4018-b293-79a1594e0d1d, raftlog=Memoized:2457f6ab-98f5-4e31-8316-f4a85dbaacb6@group-B9D258AAAAEC-SegmentedRaftLog:OPENED:c-1, conf=-1: peers:[b10b19f2-b437-4018-b293-79a1594e0d1d|rpc:10.1.0.35:45779|dataStream:10.1.0.35:45683|priority:1|startupRole:FOLLOWER, 142967e0-cde1-4161-8781-84ec4035a462|rpc:10.1.0.35:46373|dataStream:10.1.0.35:40011|priority:0|startupRole:FOLLOWER, 2457f6ab-98f5-4e31-8316-f4a85dbaacb6|rpc:10.1.0.35:38163|dataStream:10.1.0.35:41409|priority:0|startupRole:FOLLOWER]|listeners:[], old=null
2023-04-21 06:17:31,262 [b10b19f2-b437-4018-b293-79a1594e0d1d@group-B9D258AAAAEC-SegmentedRaftLogWorker] INFO  segmented.SegmentedRaftLogWorker (SegmentedRaftLogWorker.java:execute(656)) - b10b19f2-b437-4018-b293-79a1594e0d1d@group-B9D258AAAAEC-SegmentedRaftLogWorker: created new log segment /home/runner/work/ozone/ozone/hadoop-ozone/integration-test/target/test-dir/MiniOzoneClusterImpl-e26617af-e5aa-412c-8148-e33214803cb3/datanode-0/data/ratis/a844d6f6-b9d9-4ad9-9c35-b9d258aaaaec/current/log_inprogress_0
2023-04-21 06:17:31,268 [EventQueue-PipelineReportForPipelineReportHandler] INFO  pipeline.PipelineManagerImpl (PipelineManagerImpl.java:openPipeline(367)) - Pipeline Pipeline[ Id: a844d6f6-b9d9-4ad9-9c35-b9d258aaaaec, Nodes: 142967e0-cde1-4161-8781-84ec4035a462(fv-az205-422/10.1.0.35)b10b19f2-b437-4018-b293-79a1594e0d1d(fv-az205-422/10.1.0.35)2457f6ab-98f5-4e31-8316-f4a85dbaacb6(fv-az205-422/10.1.0.35), ReplicationConfig: RATIS/THREE, State:ALLOCATED, leaderId:b10b19f2-b437-4018-b293-79a1594e0d1d, CreationTimestamp2023-04-21T06:17:23.927Z[Etc/UTC]] moved to OPEN state
2023-04-21 06:17:31,271 [b10b19f2-b437-4018-b293-79a1594e0d1d@group-B9D258AAAAEC-LeaderElection22] INFO  server.RaftServer$Division (ServerState.java:setRaftConf(430)) - b10b19f2-b437-4018-b293-79a1594e0d1d@group-B9D258AAAAEC: set configuration 0: peers:[b10b19f2-b437-4018-b293-79a1594e0d1d|rpc:10.1.0.35:45779|dataStream:10.1.0.35:45683|priority:1|startupRole:FOLLOWER, 142967e0-cde1-4161-8781-84ec4035a462|rpc:10.1.0.35:46373|dataStream:10.1.0.35:40011|priority:0|startupRole:FOLLOWER, 2457f6ab-98f5-4e31-8316-f4a85dbaacb6|rpc:10.1.0.35:38163|dataStream:10.1.0.35:41409|priority:0|startupRole:FOLLOWER]|listeners:[], old=null
2023-04-21 06:17:31,291 [142967e0-cde1-4161-8781-84ec4035a462-server-thread1] INFO  ratis.XceiverServerRatis (XceiverServerRatis.java:handleLeaderChangedNotification(904)) - Leader change notification received for group: group-B9D258AAAAEC with new leaderId: b10b19f2-b437-4018-b293-79a1594e0d1d
2023-04-21 06:17:31,291 [142967e0-cde1-4161-8781-84ec4035a462-server-thread1] INFO  server.RaftServer$Division (ServerState.java:setLeader(313)) - 142967e0-cde1-4161-8781-84ec4035a462@group-B9D258AAAAEC: change Leader from null to b10b19f2-b437-4018-b293-79a1594e0d1d at term 1 for appendEntries, leader elected after 5101ms
2023-04-21 06:17:31,293 [2457f6ab-98f5-4e31-8316-f4a85dbaacb6-server-thread2] INFO  ratis.XceiverServerRatis (XceiverServerRatis.java:handleLeaderChangedNotification(904)) - Leader change notification received for group: group-B9D258AAAAEC with new leaderId: b10b19f2-b437-4018-b293-79a1594e0d1d
2023-04-21 06:17:31,293 [2457f6ab-98f5-4e31-8316-f4a85dbaacb6-server-thread2] INFO  server.RaftServer$Division (ServerState.java:setLeader(313)) - 2457f6ab-98f5-4e31-8316-f4a85dbaacb6@group-B9D258AAAAEC: change Leader from null to b10b19f2-b437-4018-b293-79a1594e0d1d at term 1 for appendEntries, leader elected after 5059ms
2023-04-21 06:17:31,297 [142967e0-cde1-4161-8781-84ec4035a462-server-thread2] INFO  server.RaftServer$Division (ServerState.java:setRaftConf(430)) - 142967e0-cde1-4161-8781-84ec4035a462@group-B9D258AAAAEC: set configuration 0: peers:[b10b19f2-b437-4018-b293-79a1594e0d1d|rpc:10.1.0.35:45779|dataStream:10.1.0.35:45683|priority:1|startupRole:FOLLOWER, 142967e0-cde1-4161-8781-84ec4035a462|rpc:10.1.0.35:46373|dataStream:10.1.0.35:40011|priority:0|startupRole:FOLLOWER, 2457f6ab-98f5-4e31-8316-f4a85dbaacb6|rpc:10.1.0.35:38163|dataStream:10.1.0.35:41409|priority:0|startupRole:FOLLOWER]|listeners:[], old=null
2023-04-21 06:17:31,297 [142967e0-cde1-4161-8781-84ec4035a462-server-thread2] INFO  segmented.SegmentedRaftLogWorker (SegmentedRaftLogWorker.java:startLogSegment(452)) - 142967e0-cde1-4161-8781-84ec4035a462@group-B9D258AAAAEC-SegmentedRaftLogWorker: Starting segment from index:0
2023-04-21 06:17:31,298 [2457f6ab-98f5-4e31-8316-f4a85dbaacb6-server-thread2] INFO  server.RaftServer$Division (ServerState.java:setRaftConf(430)) - 2457f6ab-98f5-4e31-8316-f4a85dbaacb6@group-B9D258AAAAEC: set configuration 0: peers:[b10b19f2-b437-4018-b293-79a1594e0d1d|rpc:10.1.0.35:45779|dataStream:10.1.0.35:45683|priority:1|startupRole:FOLLOWER, 142967e0-cde1-4161-8781-84ec4035a462|rpc:10.1.0.35:46373|dataStream:10.1.0.35:40011|priority:0|startupRole:FOLLOWER, 2457f6ab-98f5-4e31-8316-f4a85dbaacb6|rpc:10.1.0.35:38163|dataStream:10.1.0.35:41409|priority:0|startupRole:FOLLOWER]|listeners:[], old=null
2023-04-21 06:17:31,298 [2457f6ab-98f5-4e31-8316-f4a85dbaacb6-server-thread2] INFO  segmented.SegmentedRaftLogWorker (SegmentedRaftLogWorker.java:startLogSegment(452)) - 2457f6ab-98f5-4e31-8316-f4a85dbaacb6@group-B9D258AAAAEC-SegmentedRaftLogWorker: Starting segment from index:0
2023-04-21 06:17:31,299 [142967e0-cde1-4161-8781-84ec4035a462@group-B9D258AAAAEC-SegmentedRaftLogWorker] INFO  segmented.SegmentedRaftLogWorker (SegmentedRaftLogWorker.java:execute(656)) - 142967e0-cde1-4161-8781-84ec4035a462@group-B9D258AAAAEC-SegmentedRaftLogWorker: created new log segment /home/runner/work/ozone/ozone/hadoop-ozone/integration-test/target/test-dir/MiniOzoneClusterImpl-e26617af-e5aa-412c-8148-e33214803cb3/datanode-1/data/ratis/a844d6f6-b9d9-4ad9-9c35-b9d258aaaaec/current/log_inprogress_0
2023-04-21 06:17:31,299 [2457f6ab-98f5-4e31-8316-f4a85dbaacb6@group-B9D258AAAAEC-SegmentedRaftLogWorker] INFO  segmented.SegmentedRaftLogWorker (SegmentedRaftLogWorker.java:execute(656)) - 2457f6ab-98f5-4e31-8316-f4a85dbaacb6@group-B9D258AAAAEC-SegmentedRaftLogWorker: created new log segment /home/runner/work/ozone/ozone/hadoop-ozone/integration-test/target/test-dir/MiniOzoneClusterImpl-e26617af-e5aa-412c-8148-e33214803cb3/datanode-2/data/ratis/a844d6f6-b9d9-4ad9-9c35-b9d258aaaaec/current/log_inprogress_0
2023-04-21 06:17:31,460 [142967e0-cde1-4161-8781-84ec4035a462@group-D78DDD9A710A-FollowerState] INFO  impl.FollowerState (FollowerState.java:run(143)) - 142967e0-cde1-4161-8781-84ec4035a462@group-D78DDD9A710A-FollowerState: change to CANDIDATE, lastRpcElapsedTime:5062232012ns, electionTimeout:5061ms
2023-04-21 06:17:31,460 [142967e0-cde1-4161-8781-84ec4035a462@group-D78DDD9A710A-FollowerState] INFO  impl.RoleInfo (RoleInfo.java:shutdownFollowerState(110)) - 142967e0-cde1-4161-8781-84ec4035a462: shutdown 142967e0-cde1-4161-8781-84ec4035a462@group-D78DDD9A710A-FollowerState
2023-04-21 06:17:31,461 [142967e0-cde1-4161-8781-84ec4035a462@group-D78DDD9A710A-FollowerState] INFO  server.RaftServer$Division (RaftServerImpl.java:setRole(321)) - 142967e0-cde1-4161-8781-84ec4035a462@group-D78DDD9A710A: changes role from  FOLLOWER to CANDIDATE at term 0 for changeToCandidate
2023-04-21 06:17:31,461 [142967e0-cde1-4161-8781-84ec4035a462@group-D78DDD9A710A-FollowerState] INFO  server.RaftServerConfigKeys (ConfUtils.java:logGet(46)) - raft.server.leaderelection.pre-vote = true (default)
2023-04-21 06:17:31,461 [142967e0-cde1-4161-8781-84ec4035a462@group-D78DDD9A710A-FollowerState] INFO  impl.RoleInfo (RoleInfo.java:updateAndGet(139)) - 142967e0-cde1-4161-8781-84ec4035a462: start 142967e0-cde1-4161-8781-84ec4035a462@group-D78DDD9A710A-LeaderElection23
2023-04-21 06:17:31,463 [142967e0-cde1-4161-8781-84ec4035a462@group-D78DDD9A710A-LeaderElection23] INFO  impl.LeaderElection (LeaderElection.java:askForVotes(312)) - 142967e0-cde1-4161-8781-84ec4035a462@group-D78DDD9A710A-LeaderElection23 PRE_VOTE round 0: submit vote requests at term 0 for -1: peers:[142967e0-cde1-4161-8781-84ec4035a462|rpc:10.1.0.35:46373|dataStream:10.1.0.35:40011|priority:1|startupRole:FOLLOWER]|listeners:[], old=null
2023-04-21 06:17:31,463 [142967e0-cde1-4161-8781-84ec4035a462@group-D78DDD9A710A-LeaderElection23] INFO  impl.LeaderElection (LeaderElection.java:askForVotes(314)) - 142967e0-cde1-4161-8781-84ec4035a462@group-D78DDD9A710A-LeaderElection23 PRE_VOTE round 0: result PASSED (term=0)
2023-04-21 06:17:31,465 [142967e0-cde1-4161-8781-84ec4035a462@group-D78DDD9A710A-LeaderElection23] INFO  impl.LeaderElection (LeaderElection.java:askForVotes(312)) - 142967e0-cde1-4161-8781-84ec4035a462@group-D78DDD9A710A-LeaderElection23 ELECTION round 0: submit vote requests at term 1 for -1: peers:[142967e0-cde1-4161-8781-84ec4035a462|rpc:10.1.0.35:46373|dataStream:10.1.0.35:40011|priority:1|startupRole:FOLLOWER]|listeners:[], old=null
2023-04-21 06:17:31,465 [142967e0-cde1-4161-8781-84ec4035a462@group-D78DDD9A710A-LeaderElection23] INFO  impl.LeaderElection (LeaderElection.java:askForVotes(314)) - 142967e0-cde1-4161-8781-84ec4035a462@group-D78DDD9A710A-LeaderElection23 ELECTION round 0: result PASSED (term=1)
2023-04-21 06:17:31,465 [142967e0-cde1-4161-8781-84ec4035a462@group-D78DDD9A710A-LeaderElection23] INFO  impl.RoleInfo (RoleInfo.java:shutdownLeaderElection(130)) - 142967e0-cde1-4161-8781-84ec4035a462: shutdown 142967e0-cde1-4161-8781-84ec4035a462@group-D78DDD9A710A-LeaderElection23
2023-04-21 06:17:31,465 [142967e0-cde1-4161-8781-84ec4035a462@group-D78DDD9A710A-LeaderElection23] INFO  server.RaftServer$Division (RaftServerImpl.java:setRole(321)) - 142967e0-cde1-4161-8781-84ec4035a462@group-D78DDD9A710A: changes role from CANDIDATE to LEADER at term 1 for changeToLeader
2023-04-21 06:17:31,465 [142967e0-cde1-4161-8781-84ec4035a462@group-D78DDD9A710A-LeaderElection23] INFO  ratis.XceiverServerRatis (XceiverServerRatis.java:handleLeaderChangedNotification(904)) - Leader change notification received for group: group-D78DDD9A710A with new leaderId: 142967e0-cde1-4161-8781-84ec4035a462
2023-04-21 06:17:31,465 [142967e0-cde1-4161-8781-84ec4035a462@group-D78DDD9A710A-LeaderElection23] INFO  server.RaftServer$Division (ServerState.java:setLeader(313)) - 142967e0-cde1-4161-8781-84ec4035a462@group-D78DDD9A710A: change Leader from null to 142967e0-cde1-4161-8781-84ec4035a462 at term 1 for becomeLeader, leader elected after 5090ms
2023-04-21 06:17:31,465 [142967e0-cde1-4161-8781-84ec4035a462@group-D78DDD9A710A-LeaderElection23] INFO  server.RaftServerConfigKeys (ConfUtils.java:logGet(46)) - raft.server.staging.catchup.gap = 1000 (default)
2023-04-21 06:17:31,466 [142967e0-cde1-4161-8781-84ec4035a462@group-D78DDD9A710A-LeaderElection23] INFO  server.RaftServerConfigKeys (ConfUtils.java:logGet(46)) - raft.server.write.element-limit = 1024 (custom)
2023-04-21 06:17:31,466 [142967e0-cde1-4161-8781-84ec4035a462@group-D78DDD9A710A-LeaderElection23] INFO  server.RaftServerConfigKeys (ConfUtils.java:logGet(46)) - raft.server.write.byte-limit = 1024 M (=1073741824) (custom)
2023-04-21 06:17:31,466 [142967e0-cde1-4161-8781-84ec4035a462@group-D78DDD9A710A-LeaderElection23] INFO  server.RaftServerConfigKeys (ConfUtils.java:logGet(46)) - raft.server.watch.timeout = 180s (custom)
2023-04-21 06:17:31,466 [142967e0-cde1-4161-8781-84ec4035a462@group-D78DDD9A710A-LeaderElection23] INFO  server.RaftServerConfigKeys (ConfUtils.java:logGet(46)) - raft.server.watch.timeout.denomination = 1s (default)
2023-04-21 06:17:31,466 [142967e0-cde1-4161-8781-84ec4035a462@group-D78DDD9A710A-LeaderElection23] INFO  server.RaftServerConfigKeys (ConfUtils.java:logGet(46)) - raft.server.watch.element-limit = 65536 (default)
2023-04-21 06:17:31,466 [142967e0-cde1-4161-8781-84ec4035a462@group-D78DDD9A710A-LeaderElection23] INFO  server.RaftServerConfigKeys (ConfUtils.java:logGet(46)) - raft.server.write.element-limit = 1024 (custom)
2023-04-21 06:17:31,466 [142967e0-cde1-4161-8781-84ec4035a462@group-D78DDD9A710A-LeaderElection23] INFO  server.RaftServerConfigKeys (ConfUtils.java:logGet(46)) - raft.server.write.follower.gap.ratio.max = -1.0 (default)
2023-04-21 06:17:31,466 [142967e0-cde1-4161-8781-84ec4035a462@group-D78DDD9A710A-LeaderElection23] INFO  impl.RoleInfo (RoleInfo.java:updateAndGet(139)) - 142967e0-cde1-4161-8781-84ec4035a462: start 142967e0-cde1-4161-8781-84ec4035a462@group-D78DDD9A710A-LeaderStateImpl
2023-04-21 06:17:31,466 [142967e0-cde1-4161-8781-84ec4035a462@group-D78DDD9A710A-LeaderElection23] INFO  segmented.SegmentedRaftLogWorker (SegmentedRaftLogWorker.java:startLogSegment(452)) - 142967e0-cde1-4161-8781-84ec4035a462@group-D78DDD9A710A-SegmentedRaftLogWorker: Starting segment from index:0
2023-04-21 06:17:31,468 [142967e0-cde1-4161-8781-84ec4035a462@group-D78DDD9A710A-LeaderElection23] INFO  server.RaftServer$Division (ServerState.java:setRaftConf(430)) - 142967e0-cde1-4161-8781-84ec4035a462@group-D78DDD9A710A: set configuration 0: peers:[142967e0-cde1-4161-8781-84ec4035a462|rpc:10.1.0.35:46373|dataStream:10.1.0.35:40011|priority:1|startupRole:FOLLOWER]|listeners:[], old=null
2023-04-21 06:17:31,469 [142967e0-cde1-4161-8781-84ec4035a462@group-D78DDD9A710A-SegmentedRaftLogWorker] INFO  segmented.SegmentedRaftLogWorker (SegmentedRaftLogWorker.java:execute(656)) - 142967e0-cde1-4161-8781-84ec4035a462@group-D78DDD9A710A-SegmentedRaftLogWorker: created new log segment /home/runner/work/ozone/ozone/hadoop-ozone/integration-test/target/test-dir/MiniOzoneClusterImpl-e26617af-e5aa-412c-8148-e33214803cb3/datanode-1/data/ratis/4cdb3821-9f3a-4f23-94a7-d78ddd9a710a/current/log_inprogress_0
2023-04-21 06:17:31,920 [Listener at 127.0.0.1/43161] INFO  ozone.MiniOzoneClusterImpl (MiniOzoneClusterImpl.java:lambda$waitForClusterToBeReady$0(223)) - Nodes are ready. Got 3 of 3 DN Heartbeats.
2023-04-21 06:17:31,921 [Listener at 127.0.0.1/43161] INFO  ozone.MiniOzoneClusterImpl (MiniOzoneClusterImpl.java:lambda$waitForClusterToBeReady$0(226)) - Cluster exits safe mode
2023-04-21 06:17:31,921 [Listener at 127.0.0.1/43161] INFO  ozone.MiniOzoneClusterImpl (MiniOzoneClusterImpl.java:lambda$waitForClusterToBeReady$0(228)) - SCM became leader
2023-04-21 06:17:31,997 [2457f6ab-98f5-4e31-8316-f4a85dbaacb6@group-2D532CFE1273-FollowerState] INFO  impl.FollowerState (FollowerState.java:run(143)) - 2457f6ab-98f5-4e31-8316-f4a85dbaacb6@group-2D532CFE1273-FollowerState: change to CANDIDATE, lastRpcElapsedTime:5060015484ns, electionTimeout:5059ms
2023-04-21 06:17:31,998 [2457f6ab-98f5-4e31-8316-f4a85dbaacb6@group-2D532CFE1273-FollowerState] INFO  impl.RoleInfo (RoleInfo.java:shutdownFollowerState(110)) - 2457f6ab-98f5-4e31-8316-f4a85dbaacb6: shutdown 2457f6ab-98f5-4e31-8316-f4a85dbaacb6@group-2D532CFE1273-FollowerState
2023-04-21 06:17:31,998 [2457f6ab-98f5-4e31-8316-f4a85dbaacb6@group-2D532CFE1273-FollowerState] INFO  server.RaftServer$Division (RaftServerImpl.java:setRole(321)) - 2457f6ab-98f5-4e31-8316-f4a85dbaacb6@group-2D532CFE1273: changes role from  FOLLOWER to CANDIDATE at term 0 for changeToCandidate
2023-04-21 06:17:31,998 [2457f6ab-98f5-4e31-8316-f4a85dbaacb6@group-2D532CFE1273-FollowerState] INFO  server.RaftServerConfigKeys (ConfUtils.java:logGet(46)) - raft.server.leaderelection.pre-vote = true (default)
2023-04-21 06:17:31,998 [2457f6ab-98f5-4e31-8316-f4a85dbaacb6@group-2D532CFE1273-FollowerState] INFO  impl.RoleInfo (RoleInfo.java:updateAndGet(139)) - 2457f6ab-98f5-4e31-8316-f4a85dbaacb6: start 2457f6ab-98f5-4e31-8316-f4a85dbaacb6@group-2D532CFE1273-LeaderElection24
2023-04-21 06:17:32,012 [2457f6ab-98f5-4e31-8316-f4a85dbaacb6@group-2D532CFE1273-LeaderElection24] INFO  impl.LeaderElection (LeaderElection.java:askForVotes(312)) - 2457f6ab-98f5-4e31-8316-f4a85dbaacb6@group-2D532CFE1273-LeaderElection24 PRE_VOTE round 0: submit vote requests at term 0 for -1: peers:[2457f6ab-98f5-4e31-8316-f4a85dbaacb6|rpc:10.1.0.35:38163|dataStream:10.1.0.35:41409|priority:1|startupRole:FOLLOWER]|listeners:[], old=null
2023-04-21 06:17:32,012 [2457f6ab-98f5-4e31-8316-f4a85dbaacb6@group-2D532CFE1273-LeaderElection24] INFO  impl.LeaderElection (LeaderElection.java:askForVotes(314)) - 2457f6ab-98f5-4e31-8316-f4a85dbaacb6@group-2D532CFE1273-LeaderElection24 PRE_VOTE round 0: result PASSED (term=0)
2023-04-21 06:17:32,014 [2457f6ab-98f5-4e31-8316-f4a85dbaacb6@group-2D532CFE1273-LeaderElection24] INFO  impl.LeaderElection (LeaderElection.java:askForVotes(312)) - 2457f6ab-98f5-4e31-8316-f4a85dbaacb6@group-2D532CFE1273-LeaderElection24 ELECTION round 0: submit vote requests at term 1 for -1: peers:[2457f6ab-98f5-4e31-8316-f4a85dbaacb6|rpc:10.1.0.35:38163|dataStream:10.1.0.35:41409|priority:1|startupRole:FOLLOWER]|listeners:[], old=null
2023-04-21 06:17:32,014 [2457f6ab-98f5-4e31-8316-f4a85dbaacb6@group-2D532CFE1273-LeaderElection24] INFO  impl.LeaderElection (LeaderElection.java:askForVotes(314)) - 2457f6ab-98f5-4e31-8316-f4a85dbaacb6@group-2D532CFE1273-LeaderElection24 ELECTION round 0: result PASSED (term=1)
2023-04-21 06:17:32,014 [2457f6ab-98f5-4e31-8316-f4a85dbaacb6@group-2D532CFE1273-LeaderElection24] INFO  impl.RoleInfo (RoleInfo.java:shutdownLeaderElection(130)) - 2457f6ab-98f5-4e31-8316-f4a85dbaacb6: shutdown 2457f6ab-98f5-4e31-8316-f4a85dbaacb6@group-2D532CFE1273-LeaderElection24
2023-04-21 06:17:32,014 [2457f6ab-98f5-4e31-8316-f4a85dbaacb6@group-2D532CFE1273-LeaderElection24] INFO  server.RaftServer$Division (RaftServerImpl.java:setRole(321)) - 2457f6ab-98f5-4e31-8316-f4a85dbaacb6@group-2D532CFE1273: changes role from CANDIDATE to LEADER at term 1 for changeToLeader
2023-04-21 06:17:32,014 [2457f6ab-98f5-4e31-8316-f4a85dbaacb6@group-2D532CFE1273-LeaderElection24] INFO  ratis.XceiverServerRatis (XceiverServerRatis.java:handleLeaderChangedNotification(904)) - Leader change notification received for group: group-2D532CFE1273 with new leaderId: 2457f6ab-98f5-4e31-8316-f4a85dbaacb6
2023-04-21 06:17:32,014 [2457f6ab-98f5-4e31-8316-f4a85dbaacb6@group-2D532CFE1273-LeaderElection24] INFO  server.RaftServer$Division (ServerState.java:setLeader(313)) - 2457f6ab-98f5-4e31-8316-f4a85dbaacb6@group-2D532CFE1273: change Leader from null to 2457f6ab-98f5-4e31-8316-f4a85dbaacb6 at term 1 for becomeLeader, leader elected after 5089ms
2023-04-21 06:17:32,014 [2457f6ab-98f5-4e31-8316-f4a85dbaacb6@group-2D532CFE1273-LeaderElection24] INFO  server.RaftServerConfigKeys (ConfUtils.java:logGet(46)) - raft.server.staging.catchup.gap = 1000 (default)
2023-04-21 06:17:32,015 [2457f6ab-98f5-4e31-8316-f4a85dbaacb6@group-2D532CFE1273-LeaderElection24] INFO  server.RaftServerConfigKeys (ConfUtils.java:logGet(46)) - raft.server.write.element-limit = 1024 (custom)
2023-04-21 06:17:32,015 [2457f6ab-98f5-4e31-8316-f4a85dbaacb6@group-2D532CFE1273-LeaderElection24] INFO  server.RaftServerConfigKeys (ConfUtils.java:logGet(46)) - raft.server.write.byte-limit = 1024 M (=1073741824) (custom)
2023-04-21 06:17:32,015 [2457f6ab-98f5-4e31-8316-f4a85dbaacb6@group-2D532CFE1273-LeaderElection24] INFO  server.RaftServerConfigKeys (ConfUtils.java:logGet(46)) - raft.server.watch.timeout = 180s (custom)
2023-04-21 06:17:32,015 [2457f6ab-98f5-4e31-8316-f4a85dbaacb6@group-2D532CFE1273-LeaderElection24] INFO  server.RaftServerConfigKeys (ConfUtils.java:logGet(46)) - raft.server.watch.timeout.denomination = 1s (default)
2023-04-21 06:17:32,015 [2457f6ab-98f5-4e31-8316-f4a85dbaacb6@group-2D532CFE1273-LeaderElection24] INFO  server.RaftServerConfigKeys (ConfUtils.java:logGet(46)) - raft.server.watch.element-limit = 65536 (default)
2023-04-21 06:17:32,015 [2457f6ab-98f5-4e31-8316-f4a85dbaacb6@group-2D532CFE1273-LeaderElection24] INFO  server.RaftServerConfigKeys (ConfUtils.java:logGet(46)) - raft.server.write.element-limit = 1024 (custom)
2023-04-21 06:17:32,015 [2457f6ab-98f5-4e31-8316-f4a85dbaacb6@group-2D532CFE1273-LeaderElection24] INFO  server.RaftServerConfigKeys (ConfUtils.java:logGet(46)) - raft.server.write.follower.gap.ratio.max = -1.0 (default)
2023-04-21 06:17:32,015 [2457f6ab-98f5-4e31-8316-f4a85dbaacb6@group-2D532CFE1273-LeaderElection24] INFO  impl.RoleInfo (RoleInfo.java:updateAndGet(139)) - 2457f6ab-98f5-4e31-8316-f4a85dbaacb6: start 2457f6ab-98f5-4e31-8316-f4a85dbaacb6@group-2D532CFE1273-LeaderStateImpl
2023-04-21 06:17:32,015 [2457f6ab-98f5-4e31-8316-f4a85dbaacb6@group-2D532CFE1273-LeaderElection24] INFO  segmented.SegmentedRaftLogWorker (SegmentedRaftLogWorker.java:startLogSegment(452)) - 2457f6ab-98f5-4e31-8316-f4a85dbaacb6@group-2D532CFE1273-SegmentedRaftLogWorker: Starting segment from index:0
2023-04-21 06:17:32,016 [2457f6ab-98f5-4e31-8316-f4a85dbaacb6@group-2D532CFE1273-SegmentedRaftLogWorker] INFO  segmented.SegmentedRaftLogWorker (SegmentedRaftLogWorker.java:execute(656)) - 2457f6ab-98f5-4e31-8316-f4a85dbaacb6@group-2D532CFE1273-SegmentedRaftLogWorker: created new log segment /home/runner/work/ozone/ozone/hadoop-ozone/integration-test/target/test-dir/MiniOzoneClusterImpl-e26617af-e5aa-412c-8148-e33214803cb3/datanode-2/data/ratis/05e9ffef-35b9-4c39-a5cb-2d532cfe1273/current/log_inprogress_0
2023-04-21 06:17:32,041 [2457f6ab-98f5-4e31-8316-f4a85dbaacb6@group-2D532CFE1273-LeaderElection24] INFO  server.RaftServer$Division (ServerState.java:setRaftConf(430)) - 2457f6ab-98f5-4e31-8316-f4a85dbaacb6@group-2D532CFE1273: set configuration 0: peers:[2457f6ab-98f5-4e31-8316-f4a85dbaacb6|rpc:10.1.0.35:38163|dataStream:10.1.0.35:41409|priority:1|startupRole:FOLLOWER]|listeners:[], old=null
06:17:32.454 [Listener at 127.0.0.1/43161] ERROR SCMAudit - user=null | ip=null | op=DELETE_CONTAINER {remoteUser=unknownUser, containerID=1682057852438} | ret=FAILURE
org.apache.hadoop.security.AccessControlException: Access denied for user unknownUser. SCM superuser privilege is required.
	at org.apache.hadoop.hdds.scm.server.StorageContainerManager.checkAdminAccess(StorageContainerManager.java:1861) ~[hdds-server-scm-1.4.0-SNAPSHOT.jar:?]
	at org.apache.hadoop.hdds.scm.server.SCMClientProtocolServer.deleteContainer(SCMClientProtocolServer.java:585) [hdds-server-scm-1.4.0-SNAPSHOT.jar:?]
	at sun.reflect.NativeMethodAccessorImpl.invoke0(Native Method) ~[?:1.8.0_362]
	at sun.reflect.NativeMethodAccessorImpl.invoke(NativeMethodAccessorImpl.java:62) ~[?:1.8.0_362]
	at sun.reflect.DelegatingMethodAccessorImpl.invoke(DelegatingMethodAccessorImpl.java:43) ~[?:1.8.0_362]
	at java.lang.reflect.Method.invoke(Method.java:498) ~[?:1.8.0_362]
	at org.mockito.internal.creation.bytebuddy.MockMethodAdvice.tryInvoke(MockMethodAdvice.java:212) [mockito-core-2.28.2.jar:?]
	at org.mockito.internal.creation.bytebuddy.MockMethodAdvice.access$400(MockMethodAdvice.java:34) [mockito-core-2.28.2.jar:?]
	at org.mockito.internal.creation.bytebuddy.MockMethodAdvice$RealMethodCall.invoke(MockMethodAdvice.java:164) [mockito-core-2.28.2.jar:?]
	at org.mockito.internal.invocation.InterceptedInvocation.callRealMethod(InterceptedInvocation.java:152) [mockito-core-2.28.2.jar:?]
	at org.mockito.internal.stubbing.answers.CallsRealMethods.answer(CallsRealMethods.java:43) [mockito-core-2.28.2.jar:?]
	at org.mockito.Answers.answer(Answers.java:100) [mockito-core-2.28.2.jar:?]
	at org.mockito.internal.handler.MockHandlerImpl.handle(MockHandlerImpl.java:103) [mockito-core-2.28.2.jar:?]
	at org.mockito.internal.handler.NullResultGuardian.handle(NullResultGuardian.java:29) [mockito-core-2.28.2.jar:?]
	at org.mockito.internal.handler.InvocationNotifierHandler.handle(InvocationNotifierHandler.java:35) [mockito-core-2.28.2.jar:?]
	at org.mockito.internal.creation.bytebuddy.MockMethodInterceptor.doIntercept(MockMethodInterceptor.java:61) [mockito-core-2.28.2.jar:?]
	at org.mockito.internal.creation.bytebuddy.MockMethodAdvice.handle(MockMethodAdvice.java:105) [mockito-core-2.28.2.jar:?]
	at org.apache.hadoop.hdds.scm.server.SCMClientProtocolServer.deleteContainer(SCMClientProtocolServer.java:580) [hdds-server-scm-1.4.0-SNAPSHOT.jar:?]
	at org.apache.hadoop.ozone.TestStorageContainerManager.testRpcPermissionWithConf(TestStorageContainerManager.java:205) [test-classes/:?]
	at org.apache.hadoop.ozone.TestStorageContainerManager.testRpcPermission(TestStorageContainerManager.java:179) [test-classes/:?]
	at sun.reflect.NativeMethodAccessorImpl.invoke0(Native Method) ~[?:1.8.0_362]
	at sun.reflect.NativeMethodAccessorImpl.invoke(NativeMethodAccessorImpl.java:62) ~[?:1.8.0_362]
	at sun.reflect.DelegatingMethodAccessorImpl.invoke(DelegatingMethodAccessorImpl.java:43) ~[?:1.8.0_362]
	at java.lang.reflect.Method.invoke(Method.java:498) ~[?:1.8.0_362]
	at org.junit.runners.model.FrameworkMethod$1.runReflectiveCall(FrameworkMethod.java:59) [junit-4.13.1.jar:4.13.1]
	at org.junit.internal.runners.model.ReflectiveCallable.run(ReflectiveCallable.java:12) [junit-4.13.1.jar:4.13.1]
	at org.junit.runners.model.FrameworkMethod.invokeExplosively(FrameworkMethod.java:56) [junit-4.13.1.jar:4.13.1]
	at org.junit.internal.runners.statements.InvokeMethod.evaluate(InvokeMethod.java:17) [junit-4.13.1.jar:4.13.1]
	at org.junit.internal.runners.statements.RunAfters.evaluate(RunAfters.java:27) [junit-4.13.1.jar:4.13.1]
	at org.junit.rules.ExpectedException$ExpectedExceptionStatement.evaluate(ExpectedException.java:258) [junit-4.13.1.jar:4.13.1]
	at org.junit.internal.runners.statements.FailOnTimeout$CallableStatement.call(FailOnTimeout.java:288) [junit-4.13.1.jar:4.13.1]
	at org.junit.internal.runners.statements.FailOnTimeout$CallableStatement.call(FailOnTimeout.java:282) [junit-4.13.1.jar:4.13.1]
	at java.util.concurrent.FutureTask.run(FutureTask.java:266) [?:1.8.0_362]
	at java.lang.Thread.run(Thread.java:750) [?:1.8.0_362]
2023-04-21 06:17:32,479 [Listener at 127.0.0.1/43161] INFO  ozone.MiniOzoneClusterImpl (MiniOzoneClusterImpl.java:shutdown(456)) - Shutting down the Mini Ozone Cluster
2023-04-21 06:17:32,479 [Listener at 127.0.0.1/43161] INFO  ozone.MiniOzoneClusterImpl (MiniOzoneClusterImpl.java:stop(474)) - Stopping the Mini Ozone Cluster
2023-04-21 06:17:32,479 [Listener at 127.0.0.1/43161] INFO  ozone.MiniOzoneClusterImpl (MiniOzoneClusterImpl.java:stopOM(560)) - Stopping the OzoneManager
2023-04-21 06:17:32,479 [Listener at 127.0.0.1/43161] INFO  om.OzoneManager (OzoneManager.java:stop(2154)) - om1[localhost:0]: Stopping Ozone Manager
2023-04-21 06:17:32,481 [Listener at 127.0.0.1/43161] INFO  ipc.Server (Server.java:stop(3501)) - Stopping server on 43161
2023-04-21 06:17:32,484 [IPC Server listener on 0] INFO  ipc.Server (Server.java:run(1430)) - Stopping IPC Server listener on 0
2023-04-21 06:17:32,484 [IPC Server Responder] INFO  ipc.Server (Server.java:run(1563)) - Stopping IPC Server Responder
2023-04-21 06:17:32,487 [Listener at 127.0.0.1/43161] INFO  server.RaftServer (RaftServerProxy.java:lambda$close$6(409)) - om1: close
2023-04-21 06:17:32,487 [Listener at 127.0.0.1/43161] INFO  server.GrpcService (GrpcService.java:closeImpl(271)) - om1: shutdown server GrpcServerProtocolService now
2023-04-21 06:17:32,487 [om1-impl-thread1] INFO  server.RaftServer$Division (RaftServerImpl.java:lambda$close$4(458)) - om1@group-C5BA1605619E: shutdown
2023-04-21 06:17:32,488 [om1-impl-thread1] INFO  util.JmxRegister (JmxRegister.java:unregister(73)) - Successfully un-registered JMX Bean with object name Ratis:service=RaftServer,group=group-C5BA1605619E,id=om1
2023-04-21 06:17:32,488 [om1-impl-thread1] INFO  impl.RoleInfo (RoleInfo.java:shutdownLeaderState(93)) - om1: shutdown om1@group-C5BA1605619E-LeaderStateImpl
2023-04-21 06:17:32,488 [om1-impl-thread1] INFO  impl.PendingRequests (PendingRequests.java:sendNotLeaderResponses(282)) - om1@group-C5BA1605619E-PendingRequests: sendNotLeaderResponses
2023-04-21 06:17:32,488 [om1-impl-thread1] INFO  impl.StateMachineUpdater (StateMachineUpdater.java:stopAndJoin(153)) - om1@group-C5BA1605619E-StateMachineUpdater: set stopIndex = 0
2023-04-21 06:17:32,489 [om1@group-C5BA1605619E-StateMachineUpdater] INFO  ratis.OzoneManagerStateMachine (OzoneManagerStateMachine.java:takeSnapshot(453)) - Current Snapshot Index (t:1, i:0)
2023-04-21 06:17:32,498 [Listener at 127.0.0.1/43161] INFO  server.GrpcService (GrpcService.java:closeImpl(280)) - om1: shutdown server GrpcServerProtocolService successfully
2023-04-21 06:17:32,504 [om1@group-C5BA1605619E-StateMachineUpdater] INFO  impl.StateMachineUpdater (StateMachineUpdater.java:takeSnapshot(287)) - om1@group-C5BA1605619E-StateMachineUpdater: Took a snapshot at index 0
2023-04-21 06:17:32,504 [om1@group-C5BA1605619E-StateMachineUpdater] INFO  impl.StateMachineUpdater (StateMachineUpdater.java:lambda$new$0(92)) - om1@group-C5BA1605619E-StateMachineUpdater: snapshotIndex: updateIncreasingly -1 -> 0
2023-04-21 06:17:32,504 [om1@group-C5BA1605619E-StateMachineUpdater] INFO  ratis.OzoneManagerStateMachine (OzoneManagerStateMachine.java:close(507)) - StateMachine has shutdown. Shutdown OzoneManager if not already shutdown.
2023-04-21 06:17:32,504 [om1@group-C5BA1605619E-StateMachineUpdater] INFO  ratis.OzoneManagerDoubleBuffer (OzoneManagerDoubleBuffer.java:stopDaemon(540)) - Stopping OMDoubleBuffer flush thread
2023-04-21 06:17:32,504 [OMDoubleBufferFlushThread] INFO  ratis.OzoneManagerDoubleBuffer (OzoneManagerDoubleBuffer.java:canFlush(625)) - OMDoubleBuffer flush thread OMDoubleBufferFlushThread is interrupted and will exit.
2023-04-21 06:17:32,506 [om1-impl-thread1] INFO  server.RaftServer$Division (ServerState.java:close(466)) - om1@group-C5BA1605619E: closes. applyIndex: 0
2023-04-21 06:17:32,506 [om1@group-C5BA1605619E-SegmentedRaftLogWorker] INFO  segmented.SegmentedRaftLogWorker (SegmentedRaftLogWorker.java:run(347)) - om1@group-C5BA1605619E-SegmentedRaftLogWorker was interrupted, exiting. There are 0 tasks remaining in the queue.
2023-04-21 06:17:32,507 [om1-impl-thread1] INFO  segmented.SegmentedRaftLogWorker (SegmentedRaftLogWorker.java:close(257)) - om1@group-C5BA1605619E-SegmentedRaftLogWorker close()
2023-04-21 06:17:32,508 [JvmPauseMonitor12] INFO  util.JvmPauseMonitor (JvmPauseMonitor.java:run(111)) - JvmPauseMonitor-om1: Stopped
2023-04-21 06:17:32,508 [Listener at 127.0.0.1/43161] INFO  ratis.OzoneManagerStateMachine (OzoneManagerStateMachine.java:close(507)) - StateMachine has shutdown. Shutdown OzoneManager if not already shutdown.
2023-04-21 06:17:32,509 [Listener at 127.0.0.1/43161] INFO  ratis.OzoneManagerDoubleBuffer (OzoneManagerDoubleBuffer.java:stopDaemon(549)) - OMDoubleBuffer flush thread is not running.
2023-04-21 06:17:32,509 [Listener at 127.0.0.1/43161] INFO  utils.BackgroundService (BackgroundService.java:shutdown(141)) - Shutting down service KeyDeletingService
2023-04-21 06:17:32,510 [Listener at 127.0.0.1/43161] INFO  utils.BackgroundService (BackgroundService.java:shutdown(141)) - Shutting down service KeyDeletingService
2023-04-21 06:17:32,510 [Listener at 127.0.0.1/43161] INFO  utils.BackgroundService (BackgroundService.java:shutdown(141)) - Shutting down service OpenKeyCleanupService
2023-04-21 06:17:32,511 [Listener at 127.0.0.1/43161] INFO  utils.BackgroundService (BackgroundService.java:shutdown(141)) - Shutting down service SstFilteringService
2023-04-21 06:17:32,511 [Listener at 127.0.0.1/43161] INFO  utils.BackgroundService (BackgroundService.java:shutdown(141)) - Shutting down service SnapshotDeletingService
2023-04-21 06:17:32,512 [Listener at 127.0.0.1/43161] INFO  handler.ContextHandler (ContextHandler.java:doStop(1159)) - Stopped o.e.j.w.WebAppContext@6912da0f{ozoneManager,/,null,STOPPED}{file:/home/runner/work/ozone/ozone/hadoop-ozone/integration-test/target/test-classes/webapps/ozoneManager}
2023-04-21 06:17:32,513 [Listener at 127.0.0.1/43161] INFO  server.AbstractConnector (AbstractConnector.java:doStop(383)) - Stopped ServerConnector@1278068e{HTTP/1.1, (http/1.1)}{0.0.0.0:0}
2023-04-21 06:17:32,513 [Listener at 127.0.0.1/43161] INFO  server.session (HouseKeeper.java:stopScavenging(149)) - node0 Stopped scavenging
2023-04-21 06:17:32,515 [Listener at 127.0.0.1/43161] INFO  handler.ContextHandler (ContextHandler.java:doStop(1159)) - Stopped o.e.j.s.ServletContextHandler@104b67c6{static,/static,file:///home/runner/work/ozone/ozone/hadoop-ozone/integration-test/target/test-classes/webapps/static,STOPPED}
2023-04-21 06:17:32,515 [Listener at 127.0.0.1/43161] INFO  handler.ContextHandler (ContextHandler.java:doStop(1159)) - Stopped o.e.j.s.ServletContextHandler@293eeffd{logs,/logs,file:///home/runner/work/ozone/ozone/hadoop-ozone/integration-test/target/log,STOPPED}
2023-04-21 06:17:32,519 [Listener at 127.0.0.1/43161] INFO  utils.BackgroundService (BackgroundService.java:shutdown(141)) - Shutting down service SnapshotDiffCleanupService
2023-04-21 06:17:32,521 [Listener at 127.0.0.1/43161] INFO  ozone.MiniOzoneClusterImpl (MiniOzoneClusterImpl.java:stopDatanodes(537)) - Stopping the HddsDatanodes
2023-04-21 06:17:32,529 [Listener at 127.0.0.1/43161] INFO  ozoneimpl.OzoneContainer (OzoneContainer.java:stop(419)) - Attempting to stop container services.
2023-04-21 06:17:32,535 [Listener at 127.0.0.1/43161] INFO  server.RaftServer (RaftServerProxy.java:lambda$close$6(409)) - 142967e0-cde1-4161-8781-84ec4035a462: close
2023-04-21 06:17:32,535 [142967e0-cde1-4161-8781-84ec4035a462-impl-thread1] INFO  server.RaftServer$Division (RaftServerImpl.java:lambda$close$4(458)) - 142967e0-cde1-4161-8781-84ec4035a462@group-B9D258AAAAEC: shutdown
2023-04-21 06:17:32,535 [142967e0-cde1-4161-8781-84ec4035a462-impl-thread1] INFO  util.JmxRegister (JmxRegister.java:unregister(73)) - Successfully un-registered JMX Bean with object name Ratis:service=RaftServer,group=group-B9D258AAAAEC,id=142967e0-cde1-4161-8781-84ec4035a462
2023-04-21 06:17:32,535 [142967e0-cde1-4161-8781-84ec4035a462-impl-thread1] INFO  impl.RoleInfo (RoleInfo.java:shutdownFollowerState(110)) - 142967e0-cde1-4161-8781-84ec4035a462: shutdown 142967e0-cde1-4161-8781-84ec4035a462@group-B9D258AAAAEC-FollowerState
2023-04-21 06:17:32,535 [142967e0-cde1-4161-8781-84ec4035a462-impl-thread1] INFO  impl.StateMachineUpdater (StateMachineUpdater.java:stopAndJoin(153)) - 142967e0-cde1-4161-8781-84ec4035a462@group-B9D258AAAAEC-StateMachineUpdater: set stopIndex = 0
2023-04-21 06:17:32,535 [142967e0-cde1-4161-8781-84ec4035a462@group-B9D258AAAAEC-FollowerState] INFO  impl.FollowerState (FollowerState.java:run(152)) - 142967e0-cde1-4161-8781-84ec4035a462@group-B9D258AAAAEC-FollowerState was interrupted
2023-04-21 06:17:32,535 [142967e0-cde1-4161-8781-84ec4035a462@group-B9D258AAAAEC-StateMachineUpdater] INFO  ratis.ContainerStateMachine (ContainerStateMachine.java:takeSnapshot(330)) - group-B9D258AAAAEC: Taking a snapshot at:(t:1, i:0) file /home/runner/work/ozone/ozone/hadoop-ozone/integration-test/target/test-dir/MiniOzoneClusterImpl-e26617af-e5aa-412c-8148-e33214803cb3/datanode-1/data/ratis/a844d6f6-b9d9-4ad9-9c35-b9d258aaaaec/sm/snapshot.1_0
2023-04-21 06:17:32,537 [142967e0-cde1-4161-8781-84ec4035a462-impl-thread2] INFO  server.RaftServer$Division (RaftServerImpl.java:lambda$close$4(458)) - 142967e0-cde1-4161-8781-84ec4035a462@group-D78DDD9A710A: shutdown
2023-04-21 06:17:32,537 [142967e0-cde1-4161-8781-84ec4035a462-impl-thread2] INFO  util.JmxRegister (JmxRegister.java:unregister(73)) - Successfully un-registered JMX Bean with object name Ratis:service=RaftServer,group=group-D78DDD9A710A,id=142967e0-cde1-4161-8781-84ec4035a462
2023-04-21 06:17:32,537 [142967e0-cde1-4161-8781-84ec4035a462-impl-thread2] INFO  impl.RoleInfo (RoleInfo.java:shutdownLeaderState(93)) - 142967e0-cde1-4161-8781-84ec4035a462: shutdown 142967e0-cde1-4161-8781-84ec4035a462@group-D78DDD9A710A-LeaderStateImpl
2023-04-21 06:17:32,537 [142967e0-cde1-4161-8781-84ec4035a462@group-B9D258AAAAEC-StateMachineUpdater] INFO  ratis.ContainerStateMachine (ContainerStateMachine.java:takeSnapshot(341)) - group-B9D258AAAAEC: Finished taking a snapshot at:(t:1, i:0) file:/home/runner/work/ozone/ozone/hadoop-ozone/integration-test/target/test-dir/MiniOzoneClusterImpl-e26617af-e5aa-412c-8148-e33214803cb3/datanode-1/data/ratis/a844d6f6-b9d9-4ad9-9c35-b9d258aaaaec/sm/snapshot.1_0 took: 1 ms
2023-04-21 06:17:32,538 [142967e0-cde1-4161-8781-84ec4035a462@group-B9D258AAAAEC-StateMachineUpdater] INFO  impl.StateMachineUpdater (StateMachineUpdater.java:takeSnapshot(287)) - 142967e0-cde1-4161-8781-84ec4035a462@group-B9D258AAAAEC-StateMachineUpdater: Took a snapshot at index 0
2023-04-21 06:17:32,538 [142967e0-cde1-4161-8781-84ec4035a462@group-B9D258AAAAEC-StateMachineUpdater] INFO  impl.StateMachineUpdater (StateMachineUpdater.java:lambda$new$0(92)) - 142967e0-cde1-4161-8781-84ec4035a462@group-B9D258AAAAEC-StateMachineUpdater: snapshotIndex: updateIncreasingly -1 -> 0
2023-04-21 06:17:32,539 [142967e0-cde1-4161-8781-84ec4035a462-impl-thread1] INFO  server.RaftServer$Division (ServerState.java:close(466)) - 142967e0-cde1-4161-8781-84ec4035a462@group-B9D258AAAAEC: closes. applyIndex: 0
2023-04-21 06:17:32,539 [142967e0-cde1-4161-8781-84ec4035a462-impl-thread2] INFO  impl.PendingRequests (PendingRequests.java:sendNotLeaderResponses(282)) - 142967e0-cde1-4161-8781-84ec4035a462@group-D78DDD9A710A-PendingRequests: sendNotLeaderResponses
2023-04-21 06:17:32,540 [142967e0-cde1-4161-8781-84ec4035a462@group-D78DDD9A710A-StateMachineUpdater] INFO  ratis.ContainerStateMachine (ContainerStateMachine.java:takeSnapshot(330)) - group-D78DDD9A710A: Taking a snapshot at:(t:1, i:0) file /home/runner/work/ozone/ozone/hadoop-ozone/integration-test/target/test-dir/MiniOzoneClusterImpl-e26617af-e5aa-412c-8148-e33214803cb3/datanode-1/data/ratis/4cdb3821-9f3a-4f23-94a7-d78ddd9a710a/sm/snapshot.1_0
2023-04-21 06:17:32,540 [142967e0-cde1-4161-8781-84ec4035a462-impl-thread2] INFO  impl.StateMachineUpdater (StateMachineUpdater.java:stopAndJoin(153)) - 142967e0-cde1-4161-8781-84ec4035a462@group-D78DDD9A710A-StateMachineUpdater: set stopIndex = 0
2023-04-21 06:17:32,541 [142967e0-cde1-4161-8781-84ec4035a462@group-D78DDD9A710A-StateMachineUpdater] INFO  ratis.ContainerStateMachine (ContainerStateMachine.java:takeSnapshot(341)) - group-D78DDD9A710A: Finished taking a snapshot at:(t:1, i:0) file:/home/runner/work/ozone/ozone/hadoop-ozone/integration-test/target/test-dir/MiniOzoneClusterImpl-e26617af-e5aa-412c-8148-e33214803cb3/datanode-1/data/ratis/4cdb3821-9f3a-4f23-94a7-d78ddd9a710a/sm/snapshot.1_0 took: 1 ms
2023-04-21 06:17:32,541 [142967e0-cde1-4161-8781-84ec4035a462@group-D78DDD9A710A-StateMachineUpdater] INFO  impl.StateMachineUpdater (StateMachineUpdater.java:takeSnapshot(287)) - 142967e0-cde1-4161-8781-84ec4035a462@group-D78DDD9A710A-StateMachineUpdater: Took a snapshot at index 0
2023-04-21 06:17:32,541 [142967e0-cde1-4161-8781-84ec4035a462@group-D78DDD9A710A-StateMachineUpdater] INFO  impl.StateMachineUpdater (StateMachineUpdater.java:lambda$new$0(92)) - 142967e0-cde1-4161-8781-84ec4035a462@group-D78DDD9A710A-StateMachineUpdater: snapshotIndex: updateIncreasingly -1 -> 0
2023-04-21 06:17:32,541 [142967e0-cde1-4161-8781-84ec4035a462-impl-thread2] INFO  server.RaftServer$Division (ServerState.java:close(466)) - 142967e0-cde1-4161-8781-84ec4035a462@group-D78DDD9A710A: closes. applyIndex: 0
2023-04-21 06:17:32,542 [Listener at 127.0.0.1/43161] INFO  server.GrpcService (GrpcService.java:closeImpl(271)) - 142967e0-cde1-4161-8781-84ec4035a462: shutdown server GrpcServerProtocolService now
2023-04-21 06:17:32,543 [ForkJoinPool.commonPool-worker-1] INFO  ozoneimpl.OzoneContainer (OzoneContainer.java:stop(419)) - Attempting to stop container services.
2023-04-21 06:17:32,543 [142967e0-cde1-4161-8781-84ec4035a462-impl-thread3] INFO  server.RaftServer$Division (RaftServerImpl.java:lambda$close$4(458)) - 142967e0-cde1-4161-8781-84ec4035a462@group-FE82739B280F: shutdown
2023-04-21 06:17:32,543 [142967e0-cde1-4161-8781-84ec4035a462-impl-thread3] INFO  util.JmxRegister (JmxRegister.java:unregister(73)) - Successfully un-registered JMX Bean with object name Ratis:service=RaftServer,group=group-FE82739B280F,id=142967e0-cde1-4161-8781-84ec4035a462
2023-04-21 06:17:32,544 [142967e0-cde1-4161-8781-84ec4035a462-impl-thread3] INFO  impl.RoleInfo (RoleInfo.java:shutdownLeaderState(93)) - 142967e0-cde1-4161-8781-84ec4035a462: shutdown 142967e0-cde1-4161-8781-84ec4035a462@group-FE82739B280F-LeaderStateImpl
2023-04-21 06:17:32,545 [142967e0-cde1-4161-8781-84ec4035a462@group-FE82739B280F->b10b19f2-b437-4018-b293-79a1594e0d1d-GrpcLogAppender-LogAppenderDaemon] WARN  server.GrpcLogAppender (GrpcLogAppender.java:mayWait(200)) - 142967e0-cde1-4161-8781-84ec4035a462@group-FE82739B280F->b10b19f2-b437-4018-b293-79a1594e0d1d-GrpcLogAppender: Wait interrupted by java.lang.InterruptedException
2023-04-21 06:17:32,545 [142967e0-cde1-4161-8781-84ec4035a462@group-FE82739B280F->2457f6ab-98f5-4e31-8316-f4a85dbaacb6-GrpcLogAppender-LogAppenderDaemon] WARN  server.GrpcLogAppender (GrpcLogAppender.java:mayWait(200)) - 142967e0-cde1-4161-8781-84ec4035a462@group-FE82739B280F->2457f6ab-98f5-4e31-8316-f4a85dbaacb6-GrpcLogAppender: Wait interrupted by java.lang.InterruptedException
2023-04-21 06:17:32,546 [142967e0-cde1-4161-8781-84ec4035a462-impl-thread3] INFO  impl.PendingRequests (PendingRequests.java:sendNotLeaderResponses(282)) - 142967e0-cde1-4161-8781-84ec4035a462@group-FE82739B280F-PendingRequests: sendNotLeaderResponses
2023-04-21 06:17:32,546 [grpc-default-executor-2] WARN  server.GrpcServerProtocolService (LogUtils.java:warn(122)) - 142967e0-cde1-4161-8781-84ec4035a462: installSnapshot onError, lastRequest: b10b19f2-b437-4018-b293-79a1594e0d1d->142967e0-cde1-4161-8781-84ec4035a462#1-t1,previous=(t:0, i:0),leaderCommit=0,initializing? true,entries: size=1, first=(t:1, i:0), CONFIGURATIONENTRY(current:id: "b10b19f2-b437-4018-b293-79a1594e0d1d"
address: "10.1.0.35:45779"
priority: 1
dataStreamAddress: "10.1.0.35:45683"
clientAddress: "10.1.0.35:45779"
adminAddress: "10.1.0.35:45779"
startupRole: FOLLOWER
,id: "142967e0-cde1-4161-8781-84ec4035a462"
address: "10.1.0.35:46373"
dataStreamAddress: "10.1.0.35:40011"
clientAddress: "10.1.0.35:46373"
adminAddress: "10.1.0.35:46373"
startupRole: FOLLOWER
,id: "2457f6ab-98f5-4e31-8316-f4a85dbaacb6"
address: "10.1.0.35:38163"
dataStreamAddress: "10.1.0.35:41409"
clientAddress: "10.1.0.35:38163"
adminAddress: "10.1.0.35:38163"
startupRole: FOLLOWER
, old:): org.apache.ratis.thirdparty.io.grpc.StatusRuntimeException: CANCELLED: client cancelled
2023-04-21 06:17:32,546 [142967e0-cde1-4161-8781-84ec4035a462@group-FE82739B280F-StateMachineUpdater] INFO  ratis.ContainerStateMachine (ContainerStateMachine.java:takeSnapshot(330)) - group-FE82739B280F: Taking a snapshot at:(t:1, i:0) file /home/runner/work/ozone/ozone/hadoop-ozone/integration-test/target/test-dir/MiniOzoneClusterImpl-e26617af-e5aa-412c-8148-e33214803cb3/datanode-1/data/ratis/6a123b5e-a3ff-4d88-9f22-fe82739b280f/sm/snapshot.1_0
2023-04-21 06:17:32,546 [142967e0-cde1-4161-8781-84ec4035a462-impl-thread3] INFO  impl.StateMachineUpdater (StateMachineUpdater.java:stopAndJoin(153)) - 142967e0-cde1-4161-8781-84ec4035a462@group-FE82739B280F-StateMachineUpdater: set stopIndex = 0
2023-04-21 06:17:32,547 [142967e0-cde1-4161-8781-84ec4035a462@group-FE82739B280F-StateMachineUpdater] INFO  ratis.ContainerStateMachine (ContainerStateMachine.java:takeSnapshot(341)) - group-FE82739B280F: Finished taking a snapshot at:(t:1, i:0) file:/home/runner/work/ozone/ozone/hadoop-ozone/integration-test/target/test-dir/MiniOzoneClusterImpl-e26617af-e5aa-412c-8148-e33214803cb3/datanode-1/data/ratis/6a123b5e-a3ff-4d88-9f22-fe82739b280f/sm/snapshot.1_0 took: 1 ms
2023-04-21 06:17:32,547 [grpc-default-executor-3] WARN  server.GrpcServerProtocolService (LogUtils.java:warn(122)) - 142967e0-cde1-4161-8781-84ec4035a462: installSnapshot onError, lastRequest: null: org.apache.ratis.thirdparty.io.grpc.StatusRuntimeException: CANCELLED: client cancelled
2023-04-21 06:17:32,547 [142967e0-cde1-4161-8781-84ec4035a462@group-FE82739B280F-StateMachineUpdater] INFO  impl.StateMachineUpdater (StateMachineUpdater.java:takeSnapshot(287)) - 142967e0-cde1-4161-8781-84ec4035a462@group-FE82739B280F-StateMachineUpdater: Took a snapshot at index 0
2023-04-21 06:17:32,547 [142967e0-cde1-4161-8781-84ec4035a462@group-FE82739B280F-StateMachineUpdater] INFO  impl.StateMachineUpdater (StateMachineUpdater.java:lambda$new$0(92)) - 142967e0-cde1-4161-8781-84ec4035a462@group-FE82739B280F-StateMachineUpdater: snapshotIndex: updateIncreasingly -1 -> 0
2023-04-21 06:17:32,548 [142967e0-cde1-4161-8781-84ec4035a462-impl-thread3] INFO  server.RaftServer$Division (ServerState.java:close(466)) - 142967e0-cde1-4161-8781-84ec4035a462@group-FE82739B280F: closes. applyIndex: 0
2023-04-21 06:17:32,548 [142967e0-cde1-4161-8781-84ec4035a462@group-FE82739B280F-SegmentedRaftLogWorker] INFO  segmented.SegmentedRaftLogWorker (SegmentedRaftLogWorker.java:run(347)) - 142967e0-cde1-4161-8781-84ec4035a462@group-FE82739B280F-SegmentedRaftLogWorker was interrupted, exiting. There are 0 tasks remaining in the queue.
2023-04-21 06:17:32,549 [grpc-default-executor-3] INFO  server.GrpcServerProtocolService (GrpcServerProtocolService.java:onCompleted(143)) - 2457f6ab-98f5-4e31-8316-f4a85dbaacb6: Completed APPEND_ENTRIES, lastRequest: 142967e0-cde1-4161-8781-84ec4035a462->2457f6ab-98f5-4e31-8316-f4a85dbaacb6#1-t1,previous=(t:0, i:0),leaderCommit=0,initializing? true,entries: size=1, first=(t:1, i:0), CONFIGURATIONENTRY(current:id: "b10b19f2-b437-4018-b293-79a1594e0d1d"
address: "10.1.0.35:45779"
dataStreamAddress: "10.1.0.35:45683"
clientAddress: "10.1.0.35:45779"
adminAddress: "10.1.0.35:45779"
startupRole: FOLLOWER
,id: "142967e0-cde1-4161-8781-84ec4035a462"
address: "10.1.0.35:46373"
priority: 1
dataStreamAddress: "10.1.0.35:40011"
clientAddress: "10.1.0.35:46373"
adminAddress: "10.1.0.35:46373"
startupRole: FOLLOWER
,id: "2457f6ab-98f5-4e31-8316-f4a85dbaacb6"
address: "10.1.0.35:38163"
dataStreamAddress: "10.1.0.35:41409"
clientAddress: "10.1.0.35:38163"
adminAddress: "10.1.0.35:38163"
startupRole: FOLLOWER
, old:)
2023-04-21 06:17:32,551 [grpc-default-executor-1] INFO  server.GrpcServerProtocolService (GrpcServerProtocolService.java:onCompleted(143)) - 2457f6ab-98f5-4e31-8316-f4a85dbaacb6: Completed APPEND_ENTRIES, lastRequest: null
2023-04-21 06:17:32,557 [grpc-default-executor-1] INFO  server.GrpcServerProtocolService (GrpcServerProtocolService.java:onCompleted(143)) - b10b19f2-b437-4018-b293-79a1594e0d1d: Completed APPEND_ENTRIES, lastRequest: null
2023-04-21 06:17:32,558 [grpc-default-executor-4] INFO  server.GrpcServerProtocolService (GrpcServerProtocolService.java:onCompleted(143)) - b10b19f2-b437-4018-b293-79a1594e0d1d: Completed APPEND_ENTRIES, lastRequest: 142967e0-cde1-4161-8781-84ec4035a462->b10b19f2-b437-4018-b293-79a1594e0d1d#1-t1,previous=(t:0, i:0),leaderCommit=0,initializing? true,entries: size=1, first=(t:1, i:0), CONFIGURATIONENTRY(current:id: "b10b19f2-b437-4018-b293-79a1594e0d1d"
address: "10.1.0.35:45779"
dataStreamAddress: "10.1.0.35:45683"
clientAddress: "10.1.0.35:45779"
adminAddress: "10.1.0.35:45779"
startupRole: FOLLOWER
,id: "142967e0-cde1-4161-8781-84ec4035a462"
address: "10.1.0.35:46373"
priority: 1
dataStreamAddress: "10.1.0.35:40011"
clientAddress: "10.1.0.35:46373"
adminAddress: "10.1.0.35:46373"
startupRole: FOLLOWER
,id: "2457f6ab-98f5-4e31-8316-f4a85dbaacb6"
address: "10.1.0.35:38163"
dataStreamAddress: "10.1.0.35:41409"
clientAddress: "10.1.0.35:38163"
adminAddress: "10.1.0.35:38163"
startupRole: FOLLOWER
, old:)
2023-04-21 06:17:32,560 [grpc-default-executor-1] INFO  server.GrpcLogAppender (GrpcLogAppender.java:onCompleted(415)) - 142967e0-cde1-4161-8781-84ec4035a462@group-FE82739B280F->2457f6ab-98f5-4e31-8316-f4a85dbaacb6-AppendLogResponseHandler: follower responses appendEntries COMPLETED
2023-04-21 06:17:32,560 [grpc-default-executor-1] INFO  leader.FollowerInfo (FollowerInfoImpl.java:lambda$new$0(48)) - 142967e0-cde1-4161-8781-84ec4035a462@group-FE82739B280F->2457f6ab-98f5-4e31-8316-f4a85dbaacb6: nextIndex: updateUnconditionally 1 -> 0
2023-04-21 06:17:32,560 [grpc-default-executor-1] INFO  server.GrpcLogAppender (GrpcLogAppender.java:onCompleted(415)) - 142967e0-cde1-4161-8781-84ec4035a462@group-FE82739B280F->b10b19f2-b437-4018-b293-79a1594e0d1d-AppendLogResponseHandler: follower responses appendEntries COMPLETED
2023-04-21 06:17:32,561 [grpc-default-executor-1] INFO  leader.FollowerInfo (FollowerInfoImpl.java:lambda$new$0(48)) - 142967e0-cde1-4161-8781-84ec4035a462@group-FE82739B280F->b10b19f2-b437-4018-b293-79a1594e0d1d: nextIndex: updateUnconditionally 1 -> 0
2023-04-21 06:17:32,562 [grpc-default-executor-5] WARN  server.GrpcLogAppender (LogUtils.java:warn(122)) - b10b19f2-b437-4018-b293-79a1594e0d1d@group-B9D258AAAAEC->142967e0-cde1-4161-8781-84ec4035a462-AppendLogResponseHandler: Failed appendEntries: org.apache.ratis.thirdparty.io.grpc.StatusRuntimeException: CANCELLED: RST_STREAM closed stream. HTTP/2 error code: CANCEL
2023-04-21 06:17:32,562 [grpc-default-executor-5] WARN  server.GrpcLogAppender (GrpcLogAppender.java:resetClient(131)) - b10b19f2-b437-4018-b293-79a1594e0d1d@group-B9D258AAAAEC->142967e0-cde1-4161-8781-84ec4035a462-GrpcLogAppender: Leader has not got in touch with Follower b10b19f2-b437-4018-b293-79a1594e0d1d@group-B9D258AAAAEC->142967e0-cde1-4161-8781-84ec4035a462(c0,m0,n1, attendVote=true, lastRpcSendTime=1267, lastRpcResponseTime=1260) yet, just keep nextIndex unchanged and retry.
2023-04-21 06:17:32,563 [grpc-default-executor-1] INFO  server.GrpcLogAppender (GrpcLogAppender.java:onCompleted(415)) - 142967e0-cde1-4161-8781-84ec4035a462@group-FE82739B280F->2457f6ab-98f5-4e31-8316-f4a85dbaacb6-AppendLogResponseHandler: follower responses appendEntries COMPLETED
2023-04-21 06:17:32,563 [grpc-default-executor-1] INFO  leader.FollowerInfo (FollowerInfoImpl.java:lambda$new$0(48)) - 142967e0-cde1-4161-8781-84ec4035a462@group-FE82739B280F->2457f6ab-98f5-4e31-8316-f4a85dbaacb6: nextIndex: updateUnconditionally 0 -> 0
2023-04-21 06:17:32,565 [142967e0-cde1-4161-8781-84ec4035a462@group-D78DDD9A710A-SegmentedRaftLogWorker] INFO  segmented.SegmentedRaftLogWorker (SegmentedRaftLogWorker.java:run(347)) - 142967e0-cde1-4161-8781-84ec4035a462@group-D78DDD9A710A-SegmentedRaftLogWorker was interrupted, exiting. There are 0 tasks remaining in the queue.
2023-04-21 06:17:32,565 [142967e0-cde1-4161-8781-84ec4035a462@group-B9D258AAAAEC-SegmentedRaftLogWorker] INFO  segmented.SegmentedRaftLogWorker (SegmentedRaftLogWorker.java:run(347)) - 142967e0-cde1-4161-8781-84ec4035a462@group-B9D258AAAAEC-SegmentedRaftLogWorker was interrupted, exiting. There are 0 tasks remaining in the queue.
2023-04-21 06:17:32,567 [Listener at 127.0.0.1/43161] INFO  server.GrpcServerProtocolClient (GrpcServerProtocolClient.java:close(101)) - b10b19f2-b437-4018-b293-79a1594e0d1d Close channels
2023-04-21 06:17:32,568 [ForkJoinPool.commonPool-worker-1] INFO  server.RaftServer (RaftServerProxy.java:lambda$close$6(409)) - b10b19f2-b437-4018-b293-79a1594e0d1d: close
2023-04-21 06:17:32,568 [142967e0-cde1-4161-8781-84ec4035a462-impl-thread3] INFO  segmented.SegmentedRaftLogWorker (SegmentedRaftLogWorker.java:close(257)) - 142967e0-cde1-4161-8781-84ec4035a462@group-FE82739B280F-SegmentedRaftLogWorker close()
2023-04-21 06:17:32,568 [b10b19f2-b437-4018-b293-79a1594e0d1d-impl-thread1] INFO  server.RaftServer$Division (RaftServerImpl.java:lambda$close$4(458)) - b10b19f2-b437-4018-b293-79a1594e0d1d@group-B9D258AAAAEC: shutdown
2023-04-21 06:17:32,568 [b10b19f2-b437-4018-b293-79a1594e0d1d-impl-thread1] INFO  util.JmxRegister (JmxRegister.java:unregister(73)) - Successfully un-registered JMX Bean with object name Ratis:service=RaftServer,group=group-B9D258AAAAEC,id=b10b19f2-b437-4018-b293-79a1594e0d1d
2023-04-21 06:17:32,568 [b10b19f2-b437-4018-b293-79a1594e0d1d-impl-thread1] INFO  impl.RoleInfo (RoleInfo.java:shutdownLeaderState(93)) - b10b19f2-b437-4018-b293-79a1594e0d1d: shutdown b10b19f2-b437-4018-b293-79a1594e0d1d@group-B9D258AAAAEC-LeaderStateImpl
2023-04-21 06:17:32,568 [grpc-default-executor-4] INFO  server.GrpcLogAppender (GrpcLogAppender.java:onError(404)) - b10b19f2-b437-4018-b293-79a1594e0d1d@group-B9D258AAAAEC->142967e0-cde1-4161-8781-84ec4035a462-GrpcLogAppender is already stopped
2023-04-21 06:17:32,569 [142967e0-cde1-4161-8781-84ec4035a462-impl-thread2] INFO  segmented.SegmentedRaftLogWorker (SegmentedRaftLogWorker.java:close(257)) - 142967e0-cde1-4161-8781-84ec4035a462@group-D78DDD9A710A-SegmentedRaftLogWorker close()
2023-04-21 06:17:32,569 [142967e0-cde1-4161-8781-84ec4035a462-impl-thread1] INFO  segmented.SegmentedRaftLogWorker (SegmentedRaftLogWorker.java:close(257)) - 142967e0-cde1-4161-8781-84ec4035a462@group-B9D258AAAAEC-SegmentedRaftLogWorker close()
2023-04-21 06:17:32,572 [b10b19f2-b437-4018-b293-79a1594e0d1d-impl-thread2] INFO  server.RaftServer$Division (RaftServerImpl.java:lambda$close$4(458)) - b10b19f2-b437-4018-b293-79a1594e0d1d@group-3B4D5CF0A56B: shutdown
2023-04-21 06:17:32,572 [b10b19f2-b437-4018-b293-79a1594e0d1d-impl-thread2] INFO  util.JmxRegister (JmxRegister.java:unregister(73)) - Successfully un-registered JMX Bean with object name Ratis:service=RaftServer,group=group-3B4D5CF0A56B,id=b10b19f2-b437-4018-b293-79a1594e0d1d
2023-04-21 06:17:32,572 [b10b19f2-b437-4018-b293-79a1594e0d1d-impl-thread2] INFO  impl.RoleInfo (RoleInfo.java:shutdownLeaderState(93)) - b10b19f2-b437-4018-b293-79a1594e0d1d: shutdown b10b19f2-b437-4018-b293-79a1594e0d1d@group-3B4D5CF0A56B-LeaderStateImpl
2023-04-21 06:17:32,573 [b10b19f2-b437-4018-b293-79a1594e0d1d-impl-thread2] INFO  impl.PendingRequests (PendingRequests.java:sendNotLeaderResponses(282)) - b10b19f2-b437-4018-b293-79a1594e0d1d@group-3B4D5CF0A56B-PendingRequests: sendNotLeaderResponses
2023-04-21 06:17:32,573 [b10b19f2-b437-4018-b293-79a1594e0d1d@group-3B4D5CF0A56B-StateMachineUpdater] INFO  ratis.ContainerStateMachine (ContainerStateMachine.java:takeSnapshot(330)) - group-3B4D5CF0A56B: Taking a snapshot at:(t:1, i:0) file /home/runner/work/ozone/ozone/hadoop-ozone/integration-test/target/test-dir/MiniOzoneClusterImpl-e26617af-e5aa-412c-8148-e33214803cb3/datanode-0/data/ratis/43450c5d-7459-400e-a8a5-3b4d5cf0a56b/sm/snapshot.1_0
2023-04-21 06:17:32,573 [b10b19f2-b437-4018-b293-79a1594e0d1d-impl-thread2] INFO  impl.StateMachineUpdater (StateMachineUpdater.java:stopAndJoin(153)) - b10b19f2-b437-4018-b293-79a1594e0d1d@group-3B4D5CF0A56B-StateMachineUpdater: set stopIndex = 0
2023-04-21 06:17:32,573 [ForkJoinPool.commonPool-worker-1] INFO  server.GrpcService (GrpcService.java:closeImpl(271)) - b10b19f2-b437-4018-b293-79a1594e0d1d: shutdown server GrpcServerProtocolService now
2023-04-21 06:17:32,577 [b10b19f2-b437-4018-b293-79a1594e0d1d-impl-thread1] INFO  impl.PendingRequests (PendingRequests.java:sendNotLeaderResponses(282)) - b10b19f2-b437-4018-b293-79a1594e0d1d@group-B9D258AAAAEC-PendingRequests: sendNotLeaderResponses
2023-04-21 06:17:32,578 [b10b19f2-b437-4018-b293-79a1594e0d1d-impl-thread1] INFO  impl.StateMachineUpdater (StateMachineUpdater.java:stopAndJoin(153)) - b10b19f2-b437-4018-b293-79a1594e0d1d@group-B9D258AAAAEC-StateMachineUpdater: set stopIndex = 0
2023-04-21 06:17:32,578 [b10b19f2-b437-4018-b293-79a1594e0d1d@group-B9D258AAAAEC->2457f6ab-98f5-4e31-8316-f4a85dbaacb6-GrpcLogAppender-LogAppenderDaemon] WARN  server.GrpcLogAppender (GrpcLogAppender.java:mayWait(200)) - b10b19f2-b437-4018-b293-79a1594e0d1d@group-B9D258AAAAEC->2457f6ab-98f5-4e31-8316-f4a85dbaacb6-GrpcLogAppender: Wait interrupted by java.lang.InterruptedException
2023-04-21 06:17:32,578 [b10b19f2-b437-4018-b293-79a1594e0d1d@group-B9D258AAAAEC-StateMachineUpdater] INFO  ratis.ContainerStateMachine (ContainerStateMachine.java:takeSnapshot(330)) - group-B9D258AAAAEC: Taking a snapshot at:(t:1, i:0) file /home/runner/work/ozone/ozone/hadoop-ozone/integration-test/target/test-dir/MiniOzoneClusterImpl-e26617af-e5aa-412c-8148-e33214803cb3/datanode-0/data/ratis/a844d6f6-b9d9-4ad9-9c35-b9d258aaaaec/sm/snapshot.1_0
2023-04-21 06:17:32,581 [grpc-default-executor-4] INFO  server.GrpcServerProtocolService (GrpcServerProtocolService.java:onCompleted(143)) - 2457f6ab-98f5-4e31-8316-f4a85dbaacb6: Completed APPEND_ENTRIES, lastRequest: null
2023-04-21 06:17:32,581 [b10b19f2-b437-4018-b293-79a1594e0d1d@group-3B4D5CF0A56B-StateMachineUpdater] INFO  ratis.ContainerStateMachine (ContainerStateMachine.java:takeSnapshot(341)) - group-3B4D5CF0A56B: Finished taking a snapshot at:(t:1, i:0) file:/home/runner/work/ozone/ozone/hadoop-ozone/integration-test/target/test-dir/MiniOzoneClusterImpl-e26617af-e5aa-412c-8148-e33214803cb3/datanode-0/data/ratis/43450c5d-7459-400e-a8a5-3b4d5cf0a56b/sm/snapshot.1_0 took: 8 ms
2023-04-21 06:17:32,581 [b10b19f2-b437-4018-b293-79a1594e0d1d@group-3B4D5CF0A56B-StateMachineUpdater] INFO  impl.StateMachineUpdater (StateMachineUpdater.java:takeSnapshot(287)) - b10b19f2-b437-4018-b293-79a1594e0d1d@group-3B4D5CF0A56B-StateMachineUpdater: Took a snapshot at index 0
2023-04-21 06:17:32,581 [b10b19f2-b437-4018-b293-79a1594e0d1d@group-3B4D5CF0A56B-StateMachineUpdater] INFO  impl.StateMachineUpdater (StateMachineUpdater.java:lambda$new$0(92)) - b10b19f2-b437-4018-b293-79a1594e0d1d@group-3B4D5CF0A56B-StateMachineUpdater: snapshotIndex: updateIncreasingly -1 -> 0
2023-04-21 06:17:32,581 [grpc-default-executor-6] INFO  server.GrpcServerProtocolService (GrpcServerProtocolService.java:onCompleted(143)) - 2457f6ab-98f5-4e31-8316-f4a85dbaacb6: Completed APPEND_ENTRIES, lastRequest: b10b19f2-b437-4018-b293-79a1594e0d1d->2457f6ab-98f5-4e31-8316-f4a85dbaacb6#1-t1,previous=(t:0, i:0),leaderCommit=0,initializing? true,entries: size=1, first=(t:1, i:0), CONFIGURATIONENTRY(current:id: "b10b19f2-b437-4018-b293-79a1594e0d1d"
address: "10.1.0.35:45779"
priority: 1
dataStreamAddress: "10.1.0.35:45683"
clientAddress: "10.1.0.35:45779"
adminAddress: "10.1.0.35:45779"
startupRole: FOLLOWER
,id: "142967e0-cde1-4161-8781-84ec4035a462"
address: "10.1.0.35:46373"
dataStreamAddress: "10.1.0.35:40011"
clientAddress: "10.1.0.35:46373"
adminAddress: "10.1.0.35:46373"
startupRole: FOLLOWER
,id: "2457f6ab-98f5-4e31-8316-f4a85dbaacb6"
address: "10.1.0.35:38163"
dataStreamAddress: "10.1.0.35:41409"
clientAddress: "10.1.0.35:38163"
adminAddress: "10.1.0.35:38163"
startupRole: FOLLOWER
, old:)
2023-04-21 06:17:32,582 [b10b19f2-b437-4018-b293-79a1594e0d1d-impl-thread2] INFO  server.RaftServer$Division (ServerState.java:close(466)) - b10b19f2-b437-4018-b293-79a1594e0d1d@group-3B4D5CF0A56B: closes. applyIndex: 0
2023-04-21 06:17:32,582 [b10b19f2-b437-4018-b293-79a1594e0d1d-impl-thread3] INFO  server.RaftServer$Division (RaftServerImpl.java:lambda$close$4(458)) - b10b19f2-b437-4018-b293-79a1594e0d1d@group-FE82739B280F: shutdown
2023-04-21 06:17:32,582 [b10b19f2-b437-4018-b293-79a1594e0d1d-impl-thread3] INFO  util.JmxRegister (JmxRegister.java:unregister(73)) - Successfully un-registered JMX Bean with object name Ratis:service=RaftServer,group=group-FE82739B280F,id=b10b19f2-b437-4018-b293-79a1594e0d1d
2023-04-21 06:17:32,582 [b10b19f2-b437-4018-b293-79a1594e0d1d-impl-thread3] INFO  impl.RoleInfo (RoleInfo.java:shutdownFollowerState(110)) - b10b19f2-b437-4018-b293-79a1594e0d1d: shutdown b10b19f2-b437-4018-b293-79a1594e0d1d@group-FE82739B280F-FollowerState
2023-04-21 06:17:32,582 [b10b19f2-b437-4018-b293-79a1594e0d1d@group-FE82739B280F-FollowerState] INFO  impl.FollowerState (FollowerState.java:run(152)) - b10b19f2-b437-4018-b293-79a1594e0d1d@group-FE82739B280F-FollowerState was interrupted
2023-04-21 06:17:32,582 [b10b19f2-b437-4018-b293-79a1594e0d1d-impl-thread3] INFO  impl.StateMachineUpdater (StateMachineUpdater.java:stopAndJoin(153)) - b10b19f2-b437-4018-b293-79a1594e0d1d@group-FE82739B280F-StateMachineUpdater: set stopIndex = 0
2023-04-21 06:17:32,582 [b10b19f2-b437-4018-b293-79a1594e0d1d@group-3B4D5CF0A56B-SegmentedRaftLogWorker] INFO  segmented.SegmentedRaftLogWorker (SegmentedRaftLogWorker.java:run(347)) - b10b19f2-b437-4018-b293-79a1594e0d1d@group-3B4D5CF0A56B-SegmentedRaftLogWorker was interrupted, exiting. There are 0 tasks remaining in the queue.
2023-04-21 06:17:32,582 [b10b19f2-b437-4018-b293-79a1594e0d1d@group-FE82739B280F-StateMachineUpdater] INFO  ratis.ContainerStateMachine (ContainerStateMachine.java:takeSnapshot(330)) - group-FE82739B280F: Taking a snapshot at:(t:1, i:0) file /home/runner/work/ozone/ozone/hadoop-ozone/integration-test/target/test-dir/MiniOzoneClusterImpl-e26617af-e5aa-412c-8148-e33214803cb3/datanode-0/data/ratis/6a123b5e-a3ff-4d88-9f22-fe82739b280f/sm/snapshot.1_0
2023-04-21 06:17:32,583 [b10b19f2-b437-4018-b293-79a1594e0d1d@group-B9D258AAAAEC-StateMachineUpdater] INFO  ratis.ContainerStateMachine (ContainerStateMachine.java:takeSnapshot(341)) - group-B9D258AAAAEC: Finished taking a snapshot at:(t:1, i:0) file:/home/runner/work/ozone/ozone/hadoop-ozone/integration-test/target/test-dir/MiniOzoneClusterImpl-e26617af-e5aa-412c-8148-e33214803cb3/datanode-0/data/ratis/a844d6f6-b9d9-4ad9-9c35-b9d258aaaaec/sm/snapshot.1_0 took: 5 ms
2023-04-21 06:17:32,583 [b10b19f2-b437-4018-b293-79a1594e0d1d@group-B9D258AAAAEC-StateMachineUpdater] INFO  impl.StateMachineUpdater (StateMachineUpdater.java:takeSnapshot(287)) - b10b19f2-b437-4018-b293-79a1594e0d1d@group-B9D258AAAAEC-StateMachineUpdater: Took a snapshot at index 0
2023-04-21 06:17:32,583 [b10b19f2-b437-4018-b293-79a1594e0d1d@group-B9D258AAAAEC-StateMachineUpdater] INFO  impl.StateMachineUpdater (StateMachineUpdater.java:lambda$new$0(92)) - b10b19f2-b437-4018-b293-79a1594e0d1d@group-B9D258AAAAEC-StateMachineUpdater: snapshotIndex: updateIncreasingly -1 -> 0
2023-04-21 06:17:32,583 [b10b19f2-b437-4018-b293-79a1594e0d1d@group-FE82739B280F-StateMachineUpdater] INFO  ratis.ContainerStateMachine (ContainerStateMachine.java:takeSnapshot(341)) - group-FE82739B280F: Finished taking a snapshot at:(t:1, i:0) file:/home/runner/work/ozone/ozone/hadoop-ozone/integration-test/target/test-dir/MiniOzoneClusterImpl-e26617af-e5aa-412c-8148-e33214803cb3/datanode-0/data/ratis/6a123b5e-a3ff-4d88-9f22-fe82739b280f/sm/snapshot.1_0 took: 0 ms
2023-04-21 06:17:32,583 [b10b19f2-b437-4018-b293-79a1594e0d1d@group-FE82739B280F-StateMachineUpdater] INFO  impl.StateMachineUpdater (StateMachineUpdater.java:takeSnapshot(287)) - b10b19f2-b437-4018-b293-79a1594e0d1d@group-FE82739B280F-StateMachineUpdater: Took a snapshot at index 0
2023-04-21 06:17:32,583 [b10b19f2-b437-4018-b293-79a1594e0d1d@group-FE82739B280F-StateMachineUpdater] INFO  impl.StateMachineUpdater (StateMachineUpdater.java:lambda$new$0(92)) - b10b19f2-b437-4018-b293-79a1594e0d1d@group-FE82739B280F-StateMachineUpdater: snapshotIndex: updateIncreasingly -1 -> 0
2023-04-21 06:17:32,584 [b10b19f2-b437-4018-b293-79a1594e0d1d-impl-thread3] INFO  server.RaftServer$Division (ServerState.java:close(466)) - b10b19f2-b437-4018-b293-79a1594e0d1d@group-FE82739B280F: closes. applyIndex: 0
2023-04-21 06:17:32,584 [grpc-default-executor-4] INFO  server.GrpcLogAppender (GrpcLogAppender.java:onCompleted(415)) - b10b19f2-b437-4018-b293-79a1594e0d1d@group-B9D258AAAAEC->2457f6ab-98f5-4e31-8316-f4a85dbaacb6-AppendLogResponseHandler: follower responses appendEntries COMPLETED
2023-04-21 06:17:32,584 [grpc-default-executor-4] INFO  leader.FollowerInfo (FollowerInfoImpl.java:lambda$new$0(48)) - b10b19f2-b437-4018-b293-79a1594e0d1d@group-B9D258AAAAEC->2457f6ab-98f5-4e31-8316-f4a85dbaacb6: nextIndex: updateUnconditionally 1 -> 0
2023-04-21 06:17:32,584 [b10b19f2-b437-4018-b293-79a1594e0d1d@group-FE82739B280F-SegmentedRaftLogWorker] INFO  segmented.SegmentedRaftLogWorker (SegmentedRaftLogWorker.java:run(347)) - b10b19f2-b437-4018-b293-79a1594e0d1d@group-FE82739B280F-SegmentedRaftLogWorker was interrupted, exiting. There are 0 tasks remaining in the queue.
2023-04-21 06:17:32,584 [b10b19f2-b437-4018-b293-79a1594e0d1d-impl-thread1] INFO  server.RaftServer$Division (ServerState.java:close(466)) - b10b19f2-b437-4018-b293-79a1594e0d1d@group-B9D258AAAAEC: closes. applyIndex: 0
2023-04-21 06:17:32,584 [b10b19f2-b437-4018-b293-79a1594e0d1d@group-B9D258AAAAEC-SegmentedRaftLogWorker] INFO  segmented.SegmentedRaftLogWorker (SegmentedRaftLogWorker.java:run(347)) - b10b19f2-b437-4018-b293-79a1594e0d1d@group-B9D258AAAAEC-SegmentedRaftLogWorker was interrupted, exiting. There are 0 tasks remaining in the queue.
2023-04-21 06:17:32,588 [b10b19f2-b437-4018-b293-79a1594e0d1d-impl-thread3] INFO  segmented.SegmentedRaftLogWorker (SegmentedRaftLogWorker.java:close(257)) - b10b19f2-b437-4018-b293-79a1594e0d1d@group-FE82739B280F-SegmentedRaftLogWorker close()
2023-04-21 06:17:32,588 [grpc-default-executor-5] INFO  server.GrpcLogAppender (GrpcLogAppender.java:onCompleted(415)) - b10b19f2-b437-4018-b293-79a1594e0d1d@group-B9D258AAAAEC->2457f6ab-98f5-4e31-8316-f4a85dbaacb6-AppendLogResponseHandler: follower responses appendEntries COMPLETED
2023-04-21 06:17:32,587 [b10b19f2-b437-4018-b293-79a1594e0d1d-impl-thread2] INFO  segmented.SegmentedRaftLogWorker (SegmentedRaftLogWorker.java:close(257)) - b10b19f2-b437-4018-b293-79a1594e0d1d@group-3B4D5CF0A56B-SegmentedRaftLogWorker close()
2023-04-21 06:17:32,590 [grpc-default-executor-5] INFO  leader.FollowerInfo (FollowerInfoImpl.java:lambda$new$0(48)) - b10b19f2-b437-4018-b293-79a1594e0d1d@group-B9D258AAAAEC->2457f6ab-98f5-4e31-8316-f4a85dbaacb6: nextIndex: updateUnconditionally 0 -> 0
2023-04-21 06:17:32,586 [ForkJoinPool.commonPool-worker-1] INFO  server.GrpcServerProtocolClient (GrpcServerProtocolClient.java:close(101)) - 142967e0-cde1-4161-8781-84ec4035a462 Close channels
2023-04-21 06:17:32,586 [Listener at 127.0.0.1/43161] INFO  server.GrpcServerProtocolClient (GrpcServerProtocolClient.java:close(101)) - 2457f6ab-98f5-4e31-8316-f4a85dbaacb6 Close channels
2023-04-21 06:17:32,584 [grpc-default-executor-7] INFO  server.GrpcLogAppender (GrpcLogAppender.java:onCompleted(415)) - 142967e0-cde1-4161-8781-84ec4035a462@group-FE82739B280F->b10b19f2-b437-4018-b293-79a1594e0d1d-AppendLogResponseHandler: follower responses appendEntries COMPLETED
2023-04-21 06:17:32,591 [grpc-default-executor-7] WARN  server.GrpcLogAppender (GrpcLogAppender.java:resetClient(137)) - 142967e0-cde1-4161-8781-84ec4035a462@group-FE82739B280F->b10b19f2-b437-4018-b293-79a1594e0d1d-GrpcLogAppender: Failed to getClient for b10b19f2-b437-4018-b293-79a1594e0d1d
org.apache.ratis.protocol.exceptions.AlreadyClosedException: 142967e0-cde1-4161-8781-84ec4035a462 is already CLOSED
	at org.apache.ratis.util.PeerProxyMap$PeerAndProxy.getProxy(PeerProxyMap.java:61)
	at org.apache.ratis.util.PeerProxyMap.getProxy(PeerProxyMap.java:115)
	at org.apache.ratis.grpc.server.GrpcLogAppender.getClient(GrpcLogAppender.java:116)
	at org.apache.ratis.grpc.server.GrpcLogAppender.resetClient(GrpcLogAppender.java:121)
	at org.apache.ratis.grpc.server.GrpcLogAppender.access$500(GrpcLogAppender.java:58)
	at org.apache.ratis.grpc.server.GrpcLogAppender$AppendLogResponseHandler.onCompleted(GrpcLogAppender.java:416)
	at org.apache.ratis.thirdparty.io.grpc.stub.ClientCalls$StreamObserverToCallListenerAdapter.onClose(ClientCalls.java:485)
	at org.apache.ratis.thirdparty.io.grpc.internal.ClientCallImpl.closeObserver(ClientCallImpl.java:562)
	at org.apache.ratis.thirdparty.io.grpc.internal.ClientCallImpl.access$300(ClientCallImpl.java:70)
	at org.apache.ratis.thirdparty.io.grpc.internal.ClientCallImpl$ClientStreamListenerImpl$1StreamClosed.runInternal(ClientCallImpl.java:743)
	at org.apache.ratis.thirdparty.io.grpc.internal.ClientCallImpl$ClientStreamListenerImpl$1StreamClosed.runInContext(ClientCallImpl.java:722)
	at org.apache.ratis.thirdparty.io.grpc.internal.ContextRunnable.run(ContextRunnable.java:37)
	at org.apache.ratis.thirdparty.io.grpc.internal.SerializingExecutor.run(SerializingExecutor.java:133)
	at java.util.concurrent.ThreadPoolExecutor.runWorker(ThreadPoolExecutor.java:1149)
	at java.util.concurrent.ThreadPoolExecutor$Worker.run(ThreadPoolExecutor.java:624)
	at java.lang.Thread.run(Thread.java:750)
2023-04-21 06:17:32,593 [b10b19f2-b437-4018-b293-79a1594e0d1d-impl-thread1] INFO  segmented.SegmentedRaftLogWorker (SegmentedRaftLogWorker.java:close(257)) - b10b19f2-b437-4018-b293-79a1594e0d1d@group-B9D258AAAAEC-SegmentedRaftLogWorker close()
2023-04-21 06:17:32,594 [ForkJoinPool.commonPool-worker-1] INFO  server.GrpcServerProtocolClient (GrpcServerProtocolClient.java:close(101)) - 2457f6ab-98f5-4e31-8316-f4a85dbaacb6 Close channels
2023-04-21 06:17:32,596 [Listener at 127.0.0.1/43161] INFO  server.GrpcService (GrpcService.java:closeImpl(280)) - 142967e0-cde1-4161-8781-84ec4035a462: shutdown server GrpcServerProtocolService successfully
2023-04-21 06:17:32,596 [142967e0-cde1-4161-8781-84ec4035a462-NettyServerStreamRpc-bossGroup--thread1] INFO  logging.LoggingHandler (AbstractInternalLogger.java:log(148)) - [id: 0x0c97a2fa, L:/0:0:0:0:0:0:0:0:40011] CLOSE
2023-04-21 06:17:32,596 [142967e0-cde1-4161-8781-84ec4035a462-NettyServerStreamRpc-bossGroup--thread1] INFO  logging.LoggingHandler (AbstractInternalLogger.java:log(148)) - [id: 0x0c97a2fa, L:/0:0:0:0:0:0:0:0:40011] INACTIVE
2023-04-21 06:17:32,596 [142967e0-cde1-4161-8781-84ec4035a462-NettyServerStreamRpc-bossGroup--thread1] INFO  logging.LoggingHandler (AbstractInternalLogger.java:log(148)) - [id: 0x0c97a2fa, L:/0:0:0:0:0:0:0:0:40011] UNREGISTERED
2023-04-21 06:17:32,600 [ForkJoinPool.commonPool-worker-1] INFO  server.GrpcService (GrpcService.java:closeImpl(280)) - b10b19f2-b437-4018-b293-79a1594e0d1d: shutdown server GrpcServerProtocolService successfully
2023-04-21 06:17:32,600 [b10b19f2-b437-4018-b293-79a1594e0d1d-NettyServerStreamRpc-bossGroup--thread1] INFO  logging.LoggingHandler (AbstractInternalLogger.java:log(148)) - [id: 0xbaefac96, L:/0:0:0:0:0:0:0:0:45683] CLOSE
2023-04-21 06:17:32,600 [b10b19f2-b437-4018-b293-79a1594e0d1d-NettyServerStreamRpc-bossGroup--thread1] INFO  logging.LoggingHandler (AbstractInternalLogger.java:log(148)) - [id: 0xbaefac96, L:/0:0:0:0:0:0:0:0:45683] INACTIVE
2023-04-21 06:17:32,600 [b10b19f2-b437-4018-b293-79a1594e0d1d-NettyServerStreamRpc-bossGroup--thread1] INFO  logging.LoggingHandler (AbstractInternalLogger.java:log(148)) - [id: 0xbaefac96, L:/0:0:0:0:0:0:0:0:45683] UNREGISTERED
2023-04-21 06:17:32,619 [JvmPauseMonitor13] INFO  util.JvmPauseMonitor (JvmPauseMonitor.java:run(111)) - JvmPauseMonitor-b10b19f2-b437-4018-b293-79a1594e0d1d: Stopped
2023-04-21 06:17:32,621 [JvmPauseMonitor14] INFO  util.JvmPauseMonitor (JvmPauseMonitor.java:run(111)) - JvmPauseMonitor-142967e0-cde1-4161-8781-84ec4035a462: Stopped
2023-04-21 06:17:34,633 [ForkJoinPool.commonPool-worker-1] INFO  volume.HddsVolume (HddsVolume.java:closeDbStore(437)) - SchemaV3 db is stopped at /home/runner/work/ozone/ozone/hadoop-ozone/integration-test/target/test-dir/MiniOzoneClusterImpl-e26617af-e5aa-412c-8148-e33214803cb3/datanode-0/data-0/containers/hdds/e26617af-e5aa-412c-8148-e33214803cb3/DS-9fc7668e-dc6e-404c-be4c-17bd0bb6f932/container.db for volume DS-9fc7668e-dc6e-404c-be4c-17bd0bb6f932
2023-04-21 06:17:34,633 [Listener at 127.0.0.1/43161] INFO  volume.HddsVolume (HddsVolume.java:closeDbStore(437)) - SchemaV3 db is stopped at /home/runner/work/ozone/ozone/hadoop-ozone/integration-test/target/test-dir/MiniOzoneClusterImpl-e26617af-e5aa-412c-8148-e33214803cb3/datanode-1/data-0/containers/hdds/e26617af-e5aa-412c-8148-e33214803cb3/DS-b2db9361-3954-4eb1-997a-76447de4aa35/container.db for volume DS-b2db9361-3954-4eb1-997a-76447de4aa35
2023-04-21 06:17:34,638 [Listener at 127.0.0.1/43161] INFO  utils.BackgroundService (BackgroundService.java:shutdown(141)) - Shutting down service BlockDeletingService
2023-04-21 06:17:34,638 [Listener at 127.0.0.1/43161] INFO  utils.BackgroundService (BackgroundService.java:shutdown(141)) - Shutting down service StaleRecoveringContainerScrubbingService
2023-04-21 06:17:34,639 [ForkJoinPool.commonPool-worker-1] INFO  utils.BackgroundService (BackgroundService.java:shutdown(141)) - Shutting down service BlockDeletingService
2023-04-21 06:17:34,640 [ForkJoinPool.commonPool-worker-1] INFO  utils.BackgroundService (BackgroundService.java:shutdown(141)) - Shutting down service StaleRecoveringContainerScrubbingService
2023-04-21 06:17:34,640 [Listener at 127.0.0.1/43161] INFO  statemachine.DatanodeStateMachine (DatanodeStateMachine.java:stopDaemon(601)) - Ozone container server stopped.
2023-04-21 06:17:34,652 [Listener at 127.0.0.1/43161] INFO  handler.ContextHandler (ContextHandler.java:doStop(1159)) - Stopped o.e.j.w.WebAppContext@733d39c6{hddsDatanode,/,null,STOPPED}{jar:file:/home/runner/.m2/repository/org/apache/ozone/hdds-container-service/1.4.0-SNAPSHOT/hdds-container-service-1.4.0-SNAPSHOT.jar!/webapps/hddsDatanode}
2023-04-21 06:17:34,658 [Listener at 127.0.0.1/43161] INFO  server.AbstractConnector (AbstractConnector.java:doStop(383)) - Stopped ServerConnector@34df4c45{HTTP/1.1, (http/1.1)}{0.0.0.0:0}
2023-04-21 06:17:34,658 [Listener at 127.0.0.1/43161] INFO  server.session (HouseKeeper.java:stopScavenging(149)) - node0 Stopped scavenging
2023-04-21 06:17:34,660 [ForkJoinPool.commonPool-worker-1] INFO  statemachine.DatanodeStateMachine (DatanodeStateMachine.java:stopDaemon(601)) - Ozone container server stopped.
2023-04-21 06:17:34,660 [Listener at 127.0.0.1/43161] INFO  handler.ContextHandler (ContextHandler.java:doStop(1159)) - Stopped o.e.j.s.ServletContextHandler@6bd6ce25{static,/static,jar:file:/home/runner/.m2/repository/org/apache/ozone/hdds-container-service/1.4.0-SNAPSHOT/hdds-container-service-1.4.0-SNAPSHOT.jar!/webapps/static,STOPPED}
2023-04-21 06:17:34,660 [Listener at 127.0.0.1/43161] INFO  handler.ContextHandler (ContextHandler.java:doStop(1159)) - Stopped o.e.j.s.ServletContextHandler@65d95e26{logs,/logs,file:///home/runner/work/ozone/ozone/hadoop-ozone/integration-test/target/log,STOPPED}
2023-04-21 06:17:34,677 [ForkJoinPool.commonPool-worker-1] INFO  handler.ContextHandler (ContextHandler.java:doStop(1159)) - Stopped o.e.j.w.WebAppContext@473d2406{hddsDatanode,/,null,STOPPED}{jar:file:/home/runner/.m2/repository/org/apache/ozone/hdds-container-service/1.4.0-SNAPSHOT/hdds-container-service-1.4.0-SNAPSHOT.jar!/webapps/hddsDatanode}
2023-04-21 06:17:34,677 [ForkJoinPool.commonPool-worker-1] INFO  server.AbstractConnector (AbstractConnector.java:doStop(383)) - Stopped ServerConnector@4d2e0aba{HTTP/1.1, (http/1.1)}{0.0.0.0:0}
2023-04-21 06:17:34,678 [ForkJoinPool.commonPool-worker-1] INFO  server.session (HouseKeeper.java:stopScavenging(149)) - node0 Stopped scavenging
2023-04-21 06:17:34,679 [ForkJoinPool.commonPool-worker-1] INFO  handler.ContextHandler (ContextHandler.java:doStop(1159)) - Stopped o.e.j.s.ServletContextHandler@3b175e4e{static,/static,jar:file:/home/runner/.m2/repository/org/apache/ozone/hdds-container-service/1.4.0-SNAPSHOT/hdds-container-service-1.4.0-SNAPSHOT.jar!/webapps/static,STOPPED}
2023-04-21 06:17:34,680 [ForkJoinPool.commonPool-worker-1] INFO  handler.ContextHandler (ContextHandler.java:doStop(1159)) - Stopped o.e.j.s.ServletContextHandler@2d5ac967{logs,/logs,file:///home/runner/work/ozone/ozone/hadoop-ozone/integration-test/target/log,STOPPED}
2023-04-21 06:17:34,681 [Listener at 127.0.0.1/43161] INFO  ozoneimpl.OzoneContainer (OzoneContainer.java:stop(419)) - Attempting to stop container services.
2023-04-21 06:17:34,682 [Listener at 127.0.0.1/43161] INFO  server.RaftServer (RaftServerProxy.java:lambda$close$6(409)) - 2457f6ab-98f5-4e31-8316-f4a85dbaacb6: close
2023-04-21 06:17:34,682 [2457f6ab-98f5-4e31-8316-f4a85dbaacb6-impl-thread1] INFO  server.RaftServer$Division (RaftServerImpl.java:lambda$close$4(458)) - 2457f6ab-98f5-4e31-8316-f4a85dbaacb6@group-B9D258AAAAEC: shutdown
2023-04-21 06:17:34,682 [2457f6ab-98f5-4e31-8316-f4a85dbaacb6-impl-thread1] INFO  util.JmxRegister (JmxRegister.java:unregister(73)) - Successfully un-registered JMX Bean with object name Ratis:service=RaftServer,group=group-B9D258AAAAEC,id=2457f6ab-98f5-4e31-8316-f4a85dbaacb6
2023-04-21 06:17:34,682 [2457f6ab-98f5-4e31-8316-f4a85dbaacb6-impl-thread1] INFO  impl.RoleInfo (RoleInfo.java:shutdownFollowerState(110)) - 2457f6ab-98f5-4e31-8316-f4a85dbaacb6: shutdown 2457f6ab-98f5-4e31-8316-f4a85dbaacb6@group-B9D258AAAAEC-FollowerState
2023-04-21 06:17:34,687 [2457f6ab-98f5-4e31-8316-f4a85dbaacb6-impl-thread2] INFO  server.RaftServer$Division (RaftServerImpl.java:lambda$close$4(458)) - 2457f6ab-98f5-4e31-8316-f4a85dbaacb6@group-2D532CFE1273: shutdown
2023-04-21 06:17:34,687 [2457f6ab-98f5-4e31-8316-f4a85dbaacb6-impl-thread2] INFO  util.JmxRegister (JmxRegister.java:unregister(73)) - Successfully un-registered JMX Bean with object name Ratis:service=RaftServer,group=group-2D532CFE1273,id=2457f6ab-98f5-4e31-8316-f4a85dbaacb6
2023-04-21 06:17:34,687 [2457f6ab-98f5-4e31-8316-f4a85dbaacb6-impl-thread2] INFO  impl.RoleInfo (RoleInfo.java:shutdownLeaderState(93)) - 2457f6ab-98f5-4e31-8316-f4a85dbaacb6: shutdown 2457f6ab-98f5-4e31-8316-f4a85dbaacb6@group-2D532CFE1273-LeaderStateImpl
2023-04-21 06:17:34,687 [2457f6ab-98f5-4e31-8316-f4a85dbaacb6-impl-thread2] INFO  impl.PendingRequests (PendingRequests.java:sendNotLeaderResponses(282)) - 2457f6ab-98f5-4e31-8316-f4a85dbaacb6@group-2D532CFE1273-PendingRequests: sendNotLeaderResponses
2023-04-21 06:17:34,687 [2457f6ab-98f5-4e31-8316-f4a85dbaacb6@group-2D532CFE1273-StateMachineUpdater] INFO  ratis.ContainerStateMachine (ContainerStateMachine.java:takeSnapshot(330)) - group-2D532CFE1273: Taking a snapshot at:(t:1, i:0) file /home/runner/work/ozone/ozone/hadoop-ozone/integration-test/target/test-dir/MiniOzoneClusterImpl-e26617af-e5aa-412c-8148-e33214803cb3/datanode-2/data/ratis/05e9ffef-35b9-4c39-a5cb-2d532cfe1273/sm/snapshot.1_0
2023-04-21 06:17:34,688 [2457f6ab-98f5-4e31-8316-f4a85dbaacb6-impl-thread2] INFO  impl.StateMachineUpdater (StateMachineUpdater.java:stopAndJoin(153)) - 2457f6ab-98f5-4e31-8316-f4a85dbaacb6@group-2D532CFE1273-StateMachineUpdater: set stopIndex = 0
2023-04-21 06:17:34,689 [2457f6ab-98f5-4e31-8316-f4a85dbaacb6@group-2D532CFE1273-StateMachineUpdater] INFO  ratis.ContainerStateMachine (ContainerStateMachine.java:takeSnapshot(341)) - group-2D532CFE1273: Finished taking a snapshot at:(t:1, i:0) file:/home/runner/work/ozone/ozone/hadoop-ozone/integration-test/target/test-dir/MiniOzoneClusterImpl-e26617af-e5aa-412c-8148-e33214803cb3/datanode-2/data/ratis/05e9ffef-35b9-4c39-a5cb-2d532cfe1273/sm/snapshot.1_0 took: 2 ms
2023-04-21 06:17:34,689 [2457f6ab-98f5-4e31-8316-f4a85dbaacb6@group-2D532CFE1273-StateMachineUpdater] INFO  impl.StateMachineUpdater (StateMachineUpdater.java:takeSnapshot(287)) - 2457f6ab-98f5-4e31-8316-f4a85dbaacb6@group-2D532CFE1273-StateMachineUpdater: Took a snapshot at index 0
2023-04-21 06:17:34,689 [2457f6ab-98f5-4e31-8316-f4a85dbaacb6@group-2D532CFE1273-StateMachineUpdater] INFO  impl.StateMachineUpdater (StateMachineUpdater.java:lambda$new$0(92)) - 2457f6ab-98f5-4e31-8316-f4a85dbaacb6@group-2D532CFE1273-StateMachineUpdater: snapshotIndex: updateIncreasingly -1 -> 0
2023-04-21 06:17:34,689 [2457f6ab-98f5-4e31-8316-f4a85dbaacb6-impl-thread2] INFO  server.RaftServer$Division (ServerState.java:close(466)) - 2457f6ab-98f5-4e31-8316-f4a85dbaacb6@group-2D532CFE1273: closes. applyIndex: 0
2023-04-21 06:17:34,690 [2457f6ab-98f5-4e31-8316-f4a85dbaacb6-impl-thread1] INFO  impl.StateMachineUpdater (StateMachineUpdater.java:stopAndJoin(153)) - 2457f6ab-98f5-4e31-8316-f4a85dbaacb6@group-B9D258AAAAEC-StateMachineUpdater: set stopIndex = 0
2023-04-21 06:17:34,690 [2457f6ab-98f5-4e31-8316-f4a85dbaacb6@group-B9D258AAAAEC-FollowerState] INFO  impl.FollowerState (FollowerState.java:run(152)) - 2457f6ab-98f5-4e31-8316-f4a85dbaacb6@group-B9D258AAAAEC-FollowerState was interrupted
2023-04-21 06:17:34,690 [2457f6ab-98f5-4e31-8316-f4a85dbaacb6@group-2D532CFE1273-SegmentedRaftLogWorker] INFO  segmented.SegmentedRaftLogWorker (SegmentedRaftLogWorker.java:run(347)) - 2457f6ab-98f5-4e31-8316-f4a85dbaacb6@group-2D532CFE1273-SegmentedRaftLogWorker was interrupted, exiting. There are 0 tasks remaining in the queue.
2023-04-21 06:17:34,690 [Listener at 127.0.0.1/43161] INFO  server.GrpcService (GrpcService.java:closeImpl(271)) - 2457f6ab-98f5-4e31-8316-f4a85dbaacb6: shutdown server GrpcServerProtocolService now
2023-04-21 06:17:34,693 [2457f6ab-98f5-4e31-8316-f4a85dbaacb6-impl-thread2] INFO  segmented.SegmentedRaftLogWorker (SegmentedRaftLogWorker.java:close(257)) - 2457f6ab-98f5-4e31-8316-f4a85dbaacb6@group-2D532CFE1273-SegmentedRaftLogWorker close()
2023-04-21 06:17:34,693 [2457f6ab-98f5-4e31-8316-f4a85dbaacb6-impl-thread3] INFO  server.RaftServer$Division (RaftServerImpl.java:lambda$close$4(458)) - 2457f6ab-98f5-4e31-8316-f4a85dbaacb6@group-FE82739B280F: shutdown
2023-04-21 06:17:34,698 [2457f6ab-98f5-4e31-8316-f4a85dbaacb6-impl-thread3] INFO  util.JmxRegister (JmxRegister.java:unregister(73)) - Successfully un-registered JMX Bean with object name Ratis:service=RaftServer,group=group-FE82739B280F,id=2457f6ab-98f5-4e31-8316-f4a85dbaacb6
2023-04-21 06:17:34,698 [2457f6ab-98f5-4e31-8316-f4a85dbaacb6-impl-thread3] INFO  impl.RoleInfo (RoleInfo.java:shutdownFollowerState(110)) - 2457f6ab-98f5-4e31-8316-f4a85dbaacb6: shutdown 2457f6ab-98f5-4e31-8316-f4a85dbaacb6@group-FE82739B280F-FollowerState
2023-04-21 06:17:34,698 [2457f6ab-98f5-4e31-8316-f4a85dbaacb6@group-FE82739B280F-StateMachineUpdater] INFO  ratis.ContainerStateMachine (ContainerStateMachine.java:takeSnapshot(330)) - group-FE82739B280F: Taking a snapshot at:(t:1, i:0) file /home/runner/work/ozone/ozone/hadoop-ozone/integration-test/target/test-dir/MiniOzoneClusterImpl-e26617af-e5aa-412c-8148-e33214803cb3/datanode-2/data/ratis/6a123b5e-a3ff-4d88-9f22-fe82739b280f/sm/snapshot.1_0
2023-04-21 06:17:34,698 [2457f6ab-98f5-4e31-8316-f4a85dbaacb6@group-FE82739B280F-FollowerState] INFO  impl.FollowerState (FollowerState.java:run(152)) - 2457f6ab-98f5-4e31-8316-f4a85dbaacb6@group-FE82739B280F-FollowerState was interrupted
2023-04-21 06:17:34,692 [2457f6ab-98f5-4e31-8316-f4a85dbaacb6@group-B9D258AAAAEC-StateMachineUpdater] INFO  ratis.ContainerStateMachine (ContainerStateMachine.java:takeSnapshot(330)) - group-B9D258AAAAEC: Taking a snapshot at:(t:1, i:0) file /home/runner/work/ozone/ozone/hadoop-ozone/integration-test/target/test-dir/MiniOzoneClusterImpl-e26617af-e5aa-412c-8148-e33214803cb3/datanode-2/data/ratis/a844d6f6-b9d9-4ad9-9c35-b9d258aaaaec/sm/snapshot.1_0
2023-04-21 06:17:34,698 [2457f6ab-98f5-4e31-8316-f4a85dbaacb6-impl-thread3] INFO  impl.StateMachineUpdater (StateMachineUpdater.java:stopAndJoin(153)) - 2457f6ab-98f5-4e31-8316-f4a85dbaacb6@group-FE82739B280F-StateMachineUpdater: set stopIndex = 0
2023-04-21 06:17:34,699 [2457f6ab-98f5-4e31-8316-f4a85dbaacb6@group-FE82739B280F-StateMachineUpdater] INFO  ratis.ContainerStateMachine (ContainerStateMachine.java:takeSnapshot(341)) - group-FE82739B280F: Finished taking a snapshot at:(t:1, i:0) file:/home/runner/work/ozone/ozone/hadoop-ozone/integration-test/target/test-dir/MiniOzoneClusterImpl-e26617af-e5aa-412c-8148-e33214803cb3/datanode-2/data/ratis/6a123b5e-a3ff-4d88-9f22-fe82739b280f/sm/snapshot.1_0 took: 1 ms
2023-04-21 06:17:34,699 [2457f6ab-98f5-4e31-8316-f4a85dbaacb6@group-FE82739B280F-StateMachineUpdater] INFO  impl.StateMachineUpdater (StateMachineUpdater.java:takeSnapshot(287)) - 2457f6ab-98f5-4e31-8316-f4a85dbaacb6@group-FE82739B280F-StateMachineUpdater: Took a snapshot at index 0
2023-04-21 06:17:34,699 [2457f6ab-98f5-4e31-8316-f4a85dbaacb6@group-FE82739B280F-StateMachineUpdater] INFO  impl.StateMachineUpdater (StateMachineUpdater.java:lambda$new$0(92)) - 2457f6ab-98f5-4e31-8316-f4a85dbaacb6@group-FE82739B280F-StateMachineUpdater: snapshotIndex: updateIncreasingly -1 -> 0
2023-04-21 06:17:34,700 [2457f6ab-98f5-4e31-8316-f4a85dbaacb6@group-B9D258AAAAEC-StateMachineUpdater] INFO  ratis.ContainerStateMachine (ContainerStateMachine.java:takeSnapshot(341)) - group-B9D258AAAAEC: Finished taking a snapshot at:(t:1, i:0) file:/home/runner/work/ozone/ozone/hadoop-ozone/integration-test/target/test-dir/MiniOzoneClusterImpl-e26617af-e5aa-412c-8148-e33214803cb3/datanode-2/data/ratis/a844d6f6-b9d9-4ad9-9c35-b9d258aaaaec/sm/snapshot.1_0 took: 7 ms
2023-04-21 06:17:34,700 [2457f6ab-98f5-4e31-8316-f4a85dbaacb6-impl-thread3] INFO  server.RaftServer$Division (ServerState.java:close(466)) - 2457f6ab-98f5-4e31-8316-f4a85dbaacb6@group-FE82739B280F: closes. applyIndex: 0
2023-04-21 06:17:34,700 [2457f6ab-98f5-4e31-8316-f4a85dbaacb6@group-B9D258AAAAEC-StateMachineUpdater] INFO  impl.StateMachineUpdater (StateMachineUpdater.java:takeSnapshot(287)) - 2457f6ab-98f5-4e31-8316-f4a85dbaacb6@group-B9D258AAAAEC-StateMachineUpdater: Took a snapshot at index 0
2023-04-21 06:17:34,700 [2457f6ab-98f5-4e31-8316-f4a85dbaacb6@group-B9D258AAAAEC-StateMachineUpdater] INFO  impl.StateMachineUpdater (StateMachineUpdater.java:lambda$new$0(92)) - 2457f6ab-98f5-4e31-8316-f4a85dbaacb6@group-B9D258AAAAEC-StateMachineUpdater: snapshotIndex: updateIncreasingly -1 -> 0
2023-04-21 06:17:34,700 [2457f6ab-98f5-4e31-8316-f4a85dbaacb6-impl-thread1] INFO  server.RaftServer$Division (ServerState.java:close(466)) - 2457f6ab-98f5-4e31-8316-f4a85dbaacb6@group-B9D258AAAAEC: closes. applyIndex: 0
2023-04-21 06:17:34,702 [2457f6ab-98f5-4e31-8316-f4a85dbaacb6@group-B9D258AAAAEC-SegmentedRaftLogWorker] INFO  segmented.SegmentedRaftLogWorker (SegmentedRaftLogWorker.java:run(347)) - 2457f6ab-98f5-4e31-8316-f4a85dbaacb6@group-B9D258AAAAEC-SegmentedRaftLogWorker was interrupted, exiting. There are 0 tasks remaining in the queue.
2023-04-21 06:17:34,702 [Listener at 127.0.0.1/43161] INFO  server.GrpcService (GrpcService.java:closeImpl(280)) - 2457f6ab-98f5-4e31-8316-f4a85dbaacb6: shutdown server GrpcServerProtocolService successfully
2023-04-21 06:17:34,702 [2457f6ab-98f5-4e31-8316-f4a85dbaacb6-NettyServerStreamRpc-bossGroup--thread1] INFO  logging.LoggingHandler (AbstractInternalLogger.java:log(148)) - [id: 0xc6be1a18, L:/0:0:0:0:0:0:0:0:41409] CLOSE
2023-04-21 06:17:34,702 [2457f6ab-98f5-4e31-8316-f4a85dbaacb6-NettyServerStreamRpc-bossGroup--thread1] INFO  logging.LoggingHandler (AbstractInternalLogger.java:log(148)) - [id: 0xc6be1a18, L:/0:0:0:0:0:0:0:0:41409] INACTIVE
2023-04-21 06:17:34,702 [2457f6ab-98f5-4e31-8316-f4a85dbaacb6-NettyServerStreamRpc-bossGroup--thread1] INFO  logging.LoggingHandler (AbstractInternalLogger.java:log(148)) - [id: 0xc6be1a18, L:/0:0:0:0:0:0:0:0:41409] UNREGISTERED
2023-04-21 06:17:34,702 [2457f6ab-98f5-4e31-8316-f4a85dbaacb6@group-FE82739B280F-SegmentedRaftLogWorker] INFO  segmented.SegmentedRaftLogWorker (SegmentedRaftLogWorker.java:run(347)) - 2457f6ab-98f5-4e31-8316-f4a85dbaacb6@group-FE82739B280F-SegmentedRaftLogWorker was interrupted, exiting. There are 0 tasks remaining in the queue.
2023-04-21 06:17:34,705 [2457f6ab-98f5-4e31-8316-f4a85dbaacb6-impl-thread1] INFO  segmented.SegmentedRaftLogWorker (SegmentedRaftLogWorker.java:close(257)) - 2457f6ab-98f5-4e31-8316-f4a85dbaacb6@group-B9D258AAAAEC-SegmentedRaftLogWorker close()
2023-04-21 06:17:34,706 [2457f6ab-98f5-4e31-8316-f4a85dbaacb6-impl-thread3] INFO  segmented.SegmentedRaftLogWorker (SegmentedRaftLogWorker.java:close(257)) - 2457f6ab-98f5-4e31-8316-f4a85dbaacb6@group-FE82739B280F-SegmentedRaftLogWorker close()
2023-04-21 06:17:34,707 [JvmPauseMonitor15] INFO  util.JvmPauseMonitor (JvmPauseMonitor.java:run(111)) - JvmPauseMonitor-2457f6ab-98f5-4e31-8316-f4a85dbaacb6: Stopped
2023-04-21 06:17:36,710 [Listener at 127.0.0.1/43161] INFO  volume.HddsVolume (HddsVolume.java:closeDbStore(437)) - SchemaV3 db is stopped at /home/runner/work/ozone/ozone/hadoop-ozone/integration-test/target/test-dir/MiniOzoneClusterImpl-e26617af-e5aa-412c-8148-e33214803cb3/datanode-2/data-0/containers/hdds/e26617af-e5aa-412c-8148-e33214803cb3/DS-7491ea6d-7cb0-4587-868a-b80bc62b2113/container.db for volume DS-7491ea6d-7cb0-4587-868a-b80bc62b2113
2023-04-21 06:17:36,711 [Listener at 127.0.0.1/43161] INFO  utils.BackgroundService (BackgroundService.java:shutdown(141)) - Shutting down service BlockDeletingService
2023-04-21 06:17:36,711 [Listener at 127.0.0.1/43161] INFO  utils.BackgroundService (BackgroundService.java:shutdown(141)) - Shutting down service StaleRecoveringContainerScrubbingService
2023-04-21 06:17:36,717 [Listener at 127.0.0.1/43161] INFO  statemachine.DatanodeStateMachine (DatanodeStateMachine.java:stopDaemon(601)) - Ozone container server stopped.
2023-04-21 06:17:36,728 [Listener at 127.0.0.1/43161] INFO  handler.ContextHandler (ContextHandler.java:doStop(1159)) - Stopped o.e.j.w.WebAppContext@28801eeb{hddsDatanode,/,null,STOPPED}{jar:file:/home/runner/.m2/repository/org/apache/ozone/hdds-container-service/1.4.0-SNAPSHOT/hdds-container-service-1.4.0-SNAPSHOT.jar!/webapps/hddsDatanode}
2023-04-21 06:17:36,729 [Listener at 127.0.0.1/43161] INFO  server.AbstractConnector (AbstractConnector.java:doStop(383)) - Stopped ServerConnector@73d3e813{HTTP/1.1, (http/1.1)}{0.0.0.0:0}
2023-04-21 06:17:36,729 [Listener at 127.0.0.1/43161] INFO  server.session (HouseKeeper.java:stopScavenging(149)) - node0 Stopped scavenging
2023-04-21 06:17:36,729 [Listener at 127.0.0.1/43161] INFO  handler.ContextHandler (ContextHandler.java:doStop(1159)) - Stopped o.e.j.s.ServletContextHandler@70819eaf{static,/static,jar:file:/home/runner/.m2/repository/org/apache/ozone/hdds-container-service/1.4.0-SNAPSHOT/hdds-container-service-1.4.0-SNAPSHOT.jar!/webapps/static,STOPPED}
2023-04-21 06:17:36,729 [Listener at 127.0.0.1/43161] INFO  handler.ContextHandler (ContextHandler.java:doStop(1159)) - Stopped o.e.j.s.ServletContextHandler@2b8ec5de{logs,/logs,file:///home/runner/work/ozone/ozone/hadoop-ozone/integration-test/target/log,STOPPED}
2023-04-21 06:17:36,730 [Listener at 127.0.0.1/43161] INFO  ozone.MiniOzoneClusterImpl (MiniOzoneClusterImpl.java:stopSCM(552)) - Stopping the StorageContainerManager
2023-04-21 06:17:36,730 [Listener at 127.0.0.1/43161] INFO  server.StorageContainerManager (StorageContainerManager.java:stop(1577)) - Container Balancer is not running.
2023-04-21 06:17:36,730 [Listener at 127.0.0.1/43161] INFO  server.StorageContainerManager (StorageContainerManager.java:stopReplicationManager(1708)) - Stopping Replication Manager Service.
2023-04-21 06:17:36,731 [Listener at 127.0.0.1/43161] INFO  replication.ReplicationManager (ReplicationManager.java:stop(321)) - Stopping Replication Monitor Thread.
2023-04-21 06:17:36,731 [Under Replicated Processor] WARN  replication.UnhealthyReplicationProcessor (UnhealthyReplicationProcessor.java:run(146)) - Under Replicated Processor interrupted. Exiting...
2023-04-21 06:17:36,731 [Listener at 127.0.0.1/43161] INFO  server.StorageContainerManager (StorageContainerManager.java:stop(1586)) - Stopping the Datanode Admin Monitor.
2023-04-21 06:17:36,731 [ReplicationMonitor] INFO  replication.ReplicationManager (ReplicationManager.java:run(975)) - Replication Monitor Thread is stopped
2023-04-21 06:17:36,731 [Listener at 127.0.0.1/43161] INFO  server.StorageContainerManager (StorageContainerManager.java:stop(1593)) - Stopping datanode service RPC server
2023-04-21 06:17:36,731 [Over Replicated Processor] WARN  replication.UnhealthyReplicationProcessor (UnhealthyReplicationProcessor.java:run(146)) - Over Replicated Processor interrupted. Exiting...
2023-04-21 06:17:36,731 [Listener at 127.0.0.1/43161] INFO  server.SCMDatanodeProtocolServer (SCMDatanodeProtocolServer.java:stop(424)) - Stopping the RPC server for DataNodes
2023-04-21 06:17:36,731 [Listener at 127.0.0.1/43161] INFO  ipc.Server (Server.java:stop(3501)) - Stopping server on 39627
2023-04-21 06:17:36,734 [IPC Server listener on 0] INFO  ipc.Server (Server.java:run(1430)) - Stopping IPC Server listener on 0
2023-04-21 06:17:36,738 [IPC Server Responder] INFO  ipc.Server (Server.java:run(1563)) - Stopping IPC Server Responder
2023-04-21 06:17:36,791 [SCM Heartbeat Processing Thread - 0] WARN  node.NodeStateManager (NodeStateManager.java:scheduleNextHealthCheck(870)) - Current Thread is interrupted, shutting down HB processing thread for Node Manager.
2023-04-21 06:17:36,793 [Listener at 127.0.0.1/43161] INFO  server.StorageContainerManager (StorageContainerManager.java:stop(1601)) - Stopping block service RPC server
2023-04-21 06:17:36,793 [Listener at 127.0.0.1/43161] INFO  server.SCMBlockProtocolServer (SCMBlockProtocolServer.java:stop(161)) - Stopping the RPC server for Block Protocol
2023-04-21 06:17:36,793 [Listener at 127.0.0.1/43161] INFO  ipc.Server (Server.java:stop(3501)) - Stopping server on 35807
2023-04-21 06:17:36,793 [IPC Server listener on 0] INFO  ipc.Server (Server.java:run(1430)) - Stopping IPC Server listener on 0
2023-04-21 06:17:36,797 [IPC Server Responder] INFO  ipc.Server (Server.java:run(1563)) - Stopping IPC Server Responder
2023-04-21 06:17:36,797 [Listener at 127.0.0.1/43161] INFO  server.StorageContainerManager (StorageContainerManager.java:stop(1608)) - Stopping the StorageContainerLocationProtocol RPC server
2023-04-21 06:17:36,797 [Listener at 127.0.0.1/43161] INFO  server.SCMClientProtocolServer (SCMClientProtocolServer.java:stop(206)) - Stopping the RPC server for Client Protocol
2023-04-21 06:17:36,798 [Listener at 127.0.0.1/43161] INFO  ipc.Server (Server.java:stop(3501)) - Stopping server on 41339
2023-04-21 06:17:36,799 [IPC Server listener on 0] INFO  ipc.Server (Server.java:run(1430)) - Stopping IPC Server listener on 0
2023-04-21 06:17:36,800 [IPC Server Responder] INFO  ipc.Server (Server.java:run(1563)) - Stopping IPC Server Responder
2023-04-21 06:17:36,800 [Listener at 127.0.0.1/43161] INFO  server.StorageContainerManager (StorageContainerManager.java:stop(1615)) - Stopping Storage Container Manager HTTP server.
2023-04-21 06:17:36,802 [Listener at 127.0.0.1/43161] INFO  handler.ContextHandler (ContextHandler.java:doStop(1159)) - Stopped o.e.j.w.WebAppContext@23933422{scm,/,null,STOPPED}{file:/home/runner/work/ozone/ozone/hadoop-ozone/integration-test/target/test-classes/webapps/scm}
2023-04-21 06:17:36,802 [Listener at 127.0.0.1/43161] INFO  server.AbstractConnector (AbstractConnector.java:doStop(383)) - Stopped ServerConnector@4bc6217f{HTTP/1.1, (http/1.1)}{0.0.0.0:0}
2023-04-21 06:17:36,802 [Listener at 127.0.0.1/43161] INFO  server.session (HouseKeeper.java:stopScavenging(149)) - node0 Stopped scavenging
2023-04-21 06:17:36,802 [Listener at 127.0.0.1/43161] INFO  handler.ContextHandler (ContextHandler.java:doStop(1159)) - Stopped o.e.j.s.ServletContextHandler@2976d4ac{static,/static,file:///home/runner/work/ozone/ozone/hadoop-ozone/integration-test/target/test-classes/webapps/static,STOPPED}
2023-04-21 06:17:36,802 [Listener at 127.0.0.1/43161] INFO  handler.ContextHandler (ContextHandler.java:doStop(1159)) - Stopped o.e.j.s.ServletContextHandler@9e44a5b{logs,/logs,file:///home/runner/work/ozone/ozone/hadoop-ozone/integration-test/target/log,STOPPED}
2023-04-21 06:17:36,803 [Listener at 127.0.0.1/43161] INFO  server.StorageContainerManager (StorageContainerManager.java:stop(1623)) - Stopping SCM LayoutVersionManager Service.
2023-04-21 06:17:36,803 [Listener at 127.0.0.1/43161] INFO  server.StorageContainerManager (StorageContainerManager.java:stop(1631)) - Stopping Block Manager Service.
2023-04-21 06:17:36,803 [Listener at 127.0.0.1/43161] INFO  utils.BackgroundService (BackgroundService.java:shutdown(141)) - Shutting down service SCMBlockDeletingService
2023-04-21 06:17:36,804 [Listener at 127.0.0.1/43161] INFO  utils.BackgroundService (BackgroundService.java:shutdown(141)) - Shutting down service SCMBlockDeletingService
2023-04-21 06:17:36,804 [Listener at 127.0.0.1/43161] INFO  server.StorageContainerManager (StorageContainerManager.java:stop(1653)) - Stopping SCM Event Queue.
2023-04-21 06:17:36,804 [Listener at 127.0.0.1/43161] INFO  server.StorageContainerManager (StorageContainerManager.java:stop(1664)) - Stopping SCM HA services.
2023-04-21 06:17:36,805 [Listener at 127.0.0.1/43161] INFO  pipeline.BackgroundPipelineCreator (BackgroundPipelineCreator.java:stop(149)) - Stopping RatisPipelineUtilsThread.
2023-04-21 06:17:36,805 [RatisPipelineUtilsThread - 0] WARN  pipeline.BackgroundPipelineCreator (BackgroundPipelineCreator.java:run(180)) - RatisPipelineUtilsThread is interrupted.
2023-04-21 06:17:36,805 [Listener at 127.0.0.1/43161] INFO  BackgroundPipelineScrubber (BackgroundSCMService.java:stop(131)) - Stopping BackgroundPipelineScrubber Service.
2023-04-21 06:17:36,805 [BackgroundPipelineScrubberThread] WARN  BackgroundPipelineScrubber (BackgroundSCMService.java:run(115)) - BackgroundPipelineScrubber is interrupted, exit
2023-04-21 06:17:36,808 [Listener at 127.0.0.1/43161] INFO  impl.MetricsSystemImpl (MetricsSystemImpl.java:stop(210)) - Stopping HddsDatanode metrics system...
2023-04-21 06:17:36,813 [prometheus] INFO  impl.MetricsSinkAdapter (MetricsSinkAdapter.java:publishMetricsFromQueue(141)) - prometheus thread interrupted.
2023-04-21 06:17:36,813 [Listener at 127.0.0.1/43161] INFO  impl.MetricsSystemImpl (MetricsSystemImpl.java:stop(216)) - HddsDatanode metrics system stopped.
2023-04-21 06:17:36,814 [Listener at 127.0.0.1/43161] WARN  pipeline.BackgroundPipelineCreator (BackgroundPipelineCreator.java:stop(145)) - RatisPipelineUtilsThread is not running, just ignore.
2023-04-21 06:17:36,814 [Listener at 127.0.0.1/43161] INFO  BackgroundPipelineScrubber (BackgroundSCMService.java:stop(126)) - BackgroundPipelineScrubber Service is not running, skip stop.
2023-04-21 06:17:36,814 [Listener at 127.0.0.1/43161] INFO  ExpiredContainerReplicaOpScrubber (BackgroundSCMService.java:stop(131)) - Stopping ExpiredContainerReplicaOpScrubber Service.
2023-04-21 06:17:36,814 [ExpiredContainerReplicaOpScrubberThread] WARN  ExpiredContainerReplicaOpScrubber (BackgroundSCMService.java:run(115)) - ExpiredContainerReplicaOpScrubber is interrupted, exit
2023-04-21 06:17:36,814 [Listener at 127.0.0.1/43161] INFO  utils.BackgroundService (BackgroundService.java:shutdown(141)) - Shutting down service SCMBlockDeletingService
2023-04-21 06:17:36,814 [Listener at 127.0.0.1/43161] INFO  replication.ReplicationManager (ReplicationManager.java:stop(331)) - Replication Monitor Thread is not running.
2023-04-21 06:17:36,814 [Listener at 127.0.0.1/43161] WARN  balancer.ContainerBalancer (ContainerBalancer.java:stop(324)) - Cannot stop Container Balancer because it's not running or stopping
2023-04-21 06:17:36,814 [Listener at 127.0.0.1/43161] INFO  server.StorageContainerManager (StorageContainerManager.java:stop(1699)) - Stopping SCM MetadataStore.
2023-04-21 06:17:36,868 [Listener at 127.0.0.1/43161] WARN  server.ServerUtils (ServerUtils.java:getScmDbDir(148)) - ozone.scm.db.dirs is not configured. We recommend adding this setting. Falling back to ozone.metadata.dirs instead.
2023-04-21 06:17:36,874 [Listener at 127.0.0.1/43161] WARN  server.ServerUtils (ServerUtils.java:getScmDbDir(148)) - ozone.scm.db.dirs is not configured. We recommend adding this setting. Falling back to ozone.metadata.dirs instead.
2023-04-21 06:17:36,874 [Listener at 127.0.0.1/43161] INFO  ha.SCMHANodeDetails (SCMHANodeDetails.java:loadSCMHAConfig(209)) - ServiceID for StorageContainerManager is null
2023-04-21 06:17:36,874 [Listener at 127.0.0.1/43161] INFO  ha.SCMHANodeDetails (SCMHANodeDetails.java:loadSCMHAConfig(214)) - ozone.scm.default.service.id is not defined, falling back to ozone.scm.service.ids to find serviceID for StorageContainerManager if it is HA enabled cluster
2023-04-21 06:17:36,876 [Listener at 127.0.0.1/43161] WARN  utils.HAUtils (HAUtils.java:getMetaDir(342)) - ozone.scm.db.dirs is not configured. We recommend adding this setting. Falling back to ozone.metadata.dirs instead.
2023-04-21 06:17:36,876 [Listener at 127.0.0.1/43161] WARN  db.DBStoreBuilder (DBStoreBuilder.java:applyDBDefinition(182)) - ozone.scm.db.dirs is not configured. We recommend adding this setting. Falling back to ozone.metadata.dirs instead.
2023-04-21 06:17:36,993 [Listener at 127.0.0.1/43161] INFO  net.NodeSchemaLoader (NodeSchemaLoader.java:loadSchemaFromFile(129)) - Loading schema from [jar:file:/home/runner/.m2/repository/org/apache/ozone/hdds-common/1.4.0-SNAPSHOT/hdds-common-1.4.0-SNAPSHOT.jar!/network-topology-default.xml]
2023-04-21 06:17:36,993 [Listener at 127.0.0.1/43161] INFO  net.NodeSchemaLoader (NodeSchemaLoader.java:loadSchema(176)) - Loading network topology layer schema file
2023-04-21 06:17:36,996 [Listener at 127.0.0.1/43161] INFO  upgrade.AbstractLayoutVersionManager (AbstractLayoutVersionManager.java:init(83)) - Initializing Layout version manager with metadata layout = WEBUI_PORTS_IN_DATANODEDETAILS (version = 6), software layout = WEBUI_PORTS_IN_DATANODEDETAILS (version = 6)
2023-04-21 06:17:37,043 [Listener at 127.0.0.1/43161] INFO  reflections.Reflections (Reflections.java:scan(232)) - Reflections took 46 ms to scan 7 urls, producing 156 keys and 369 values 
2023-04-21 06:17:37,045 [Listener at 127.0.0.1/43161] INFO  ha.SequenceIdGenerator (SequenceIdGenerator.java:upgradeToSequenceId(349)) - upgrade localId to 111677748019200000
2023-04-21 06:17:37,045 [Listener at 127.0.0.1/43161] INFO  ha.SequenceIdGenerator (SequenceIdGenerator.java:upgradeToSequenceId(359)) - upgrade delTxnId to 0
2023-04-21 06:17:37,045 [Listener at 127.0.0.1/43161] INFO  ha.SequenceIdGenerator (SequenceIdGenerator.java:upgradeToSequenceId(376)) - upgrade containerId to 0
2023-04-21 06:17:37,045 [Listener at 127.0.0.1/43161] INFO  ha.SequenceIdGenerator (SequenceIdGenerator.java:<init>(220)) - Init the HA SequenceIdGenerator.
2023-04-21 06:17:37,045 [Listener at 127.0.0.1/43161] WARN  server.ServerUtils (ServerUtils.java:sanitizeUserArgs(73)) - ozone.scm.stale.node.interval value = 300000 is larger than max = 100000 based on the key value of ozone.scm.heartbeat.thread.interval, reset to the max value 100000.
2023-04-21 06:17:37,045 [Listener at 127.0.0.1/43161] WARN  server.ServerUtils (ServerUtils.java:sanitizeUserArgs(73)) - ozone.scm.stale.node.interval value = 300000 is larger than max = 100000 based on the key value of ozone.scm.heartbeat.thread.interval, reset to the max value 100000.
2023-04-21 06:17:37,046 [Listener at 127.0.0.1/43161] INFO  node.SCMNodeManager (SCMNodeManager.java:<init>(156)) - Entering startup safe mode.
2023-04-21 06:17:37,046 [Listener at 127.0.0.1/43161] INFO  algorithms.ContainerPlacementPolicyFactory (ContainerPlacementPolicyFactory.java:getPolicyInternal(86)) - Create container placement policy of type org.apache.hadoop.hdds.scm.container.placement.algorithms.SCMContainerPlacementRackAware
2023-04-21 06:17:37,046 [Listener at 127.0.0.1/43161] INFO  algorithms.ContainerPlacementPolicyFactory (ContainerPlacementPolicyFactory.java:getPolicyInternal(86)) - Create container placement policy of type org.apache.hadoop.hdds.scm.container.placement.algorithms.SCMContainerPlacementRackScatter
2023-04-21 06:17:37,046 [Listener at 127.0.0.1/43161] INFO  pipeline.PipelineStateManagerImpl (PipelineStateManagerImpl.java:initialize(78)) - No pipeline exists in current db
2023-04-21 06:17:37,046 [Listener at 127.0.0.1/43161] INFO  algorithms.LeaderChoosePolicyFactory (LeaderChoosePolicyFactory.java:getPolicy(57)) - Create leader choose policy of type org.apache.hadoop.hdds.scm.pipeline.leader.choose.algorithms.MinLeaderCountChoosePolicy
2023-04-21 06:17:37,047 [Listener at 127.0.0.1/43161] INFO  algorithms.ContainerPlacementPolicyFactory (ContainerPlacementPolicyFactory.java:getPolicyInternal(86)) - Create container placement policy of type org.apache.hadoop.hdds.scm.container.placement.algorithms.SCMContainerPlacementRackScatter
2023-04-21 06:17:37,047 [Listener at 127.0.0.1/43161] INFO  ha.SCMServiceManager (SCMServiceManager.java:register(42)) - Registering service BackgroundPipelineCreator.
2023-04-21 06:17:37,047 [Listener at 127.0.0.1/43161] INFO  pipeline.BackgroundPipelineCreator (BackgroundPipelineCreator.java:start(124)) - Starting RatisPipelineUtilsThread.
2023-04-21 06:17:37,049 [Listener at 127.0.0.1/43161] INFO  BackgroundPipelineScrubber (BackgroundSCMService.java:start(68)) - Starting BackgroundPipelineScrubber Service.
2023-04-21 06:17:37,049 [Listener at 127.0.0.1/43161] INFO  ha.SCMServiceManager (SCMServiceManager.java:register(42)) - Registering service BackgroundPipelineScrubber.
2023-04-21 06:17:37,050 [Listener at 127.0.0.1/43161] INFO  ExpiredContainerReplicaOpScrubber (BackgroundSCMService.java:start(68)) - Starting ExpiredContainerReplicaOpScrubber Service.
2023-04-21 06:17:37,050 [Listener at 127.0.0.1/43161] INFO  ha.SCMServiceManager (SCMServiceManager.java:register(42)) - Registering service ExpiredContainerReplicaOpScrubber.
2023-04-21 06:17:37,051 [Listener at 127.0.0.1/43161] INFO  algorithms.PipelineChoosePolicyFactory (PipelineChoosePolicyFactory.java:createPipelineChoosePolicyFromClass(73)) - Create pipeline choose policy of type org.apache.hadoop.hdds.scm.pipeline.choose.algorithms.RandomPipelineChoosePolicy
2023-04-21 06:17:37,051 [Listener at 127.0.0.1/43161] INFO  ha.SCMServiceManager (SCMServiceManager.java:register(42)) - Registering service SCMBlockDeletingService.
2023-04-21 06:17:37,052 [Listener at 127.0.0.1/43161] INFO  replication.ReplicationManager (ReplicationManager.java:start(288)) - Starting Replication Monitor Thread.
2023-04-21 06:17:37,053 [Listener at 127.0.0.1/43161] INFO  ha.SCMServiceManager (SCMServiceManager.java:register(42)) - Registering service ReplicationManager.
2023-04-21 06:17:37,054 [Listener at 127.0.0.1/43161] INFO  safemode.ContainerSafeModeRule (ContainerSafeModeRule.java:<init>(89)) - containers with one replica threshold count 0
2023-04-21 06:17:37,054 [Listener at 127.0.0.1/43161] INFO  safemode.HealthyPipelineSafeModeRule (HealthyPipelineSafeModeRule.java:initializeRule(169)) - Total pipeline count is 0, healthy pipeline threshold count is 1
2023-04-21 06:17:37,054 [Listener at 127.0.0.1/43161] INFO  safemode.OneReplicaPipelineSafeModeRule (OneReplicaPipelineSafeModeRule.java:initializeRule(180)) - Total pipeline count is 0, pipeline's with at least one datanode reported threshold count is 0
2023-04-21 06:17:37,055 [Listener at 127.0.0.1/43161] INFO  server.StorageContainerManager (StorageContainerManager.java:<init>(402)) - SCM start with adminUsers: [adminUser1, adminUser2, runner]
2023-04-21 06:17:37,055 [Listener at 127.0.0.1/43161] INFO  ipc.CallQueueManager (CallQueueManager.java:<init>(90)) - Using callQueue: class java.util.concurrent.LinkedBlockingQueue, queueCapacity: 2000, scheduler: class org.apache.hadoop.ipc.DefaultRpcScheduler, ipcBackoff: false.
2023-04-21 06:17:37,057 [Socket Reader #1 for port 0] INFO  ipc.Server (Server.java:run(1319)) - Starting Socket Reader #1 for port 0
2023-04-21 06:17:37,058 [Listener at 0.0.0.0/44365] INFO  ipc.CallQueueManager (CallQueueManager.java:<init>(90)) - Using callQueue: class java.util.concurrent.LinkedBlockingQueue, queueCapacity: 2000, scheduler: class org.apache.hadoop.ipc.DefaultRpcScheduler, ipcBackoff: false.
2023-04-21 06:17:37,059 [Socket Reader #1 for port 0] INFO  ipc.Server (Server.java:run(1319)) - Starting Socket Reader #1 for port 0
2023-04-21 06:17:37,060 [Listener at 0.0.0.0/43959] INFO  ipc.CallQueueManager (CallQueueManager.java:<init>(90)) - Using callQueue: class java.util.concurrent.LinkedBlockingQueue, queueCapacity: 2000, scheduler: class org.apache.hadoop.ipc.DefaultRpcScheduler, ipcBackoff: false.
2023-04-21 06:17:37,060 [Socket Reader #1 for port 0] INFO  ipc.Server (Server.java:run(1319)) - Starting Socket Reader #1 for port 0
2023-04-21 06:17:37,063 [Listener at 0.0.0.0/36509] INFO  ha.SCMServiceManager (SCMServiceManager.java:register(42)) - Registering service ContainerBalancer.
2023-04-21 06:17:37,064 [Listener at 0.0.0.0/36509] INFO  server.StorageContainerManager (StorageContainerManager.java:<init>(419)) - 
Container Balancer status:
Key                            Value
Running                        false
Container Balancer Configuration values:
Key                                                Value
Threshold                                          10
Max Datanodes to Involve per Iteration(percent)    20
Max Size to Move per Iteration                     500GB
Max Size Entering Target per Iteration             26GB
Max Size Leaving Source per Iteration              26GB

2023-04-21 06:17:37,064 [Listener at 0.0.0.0/36509] INFO  ha.SCMContext (SCMContext.java:updateSafeModeStatus(228)) - Update SafeModeStatus from SafeModeStatus{safeModeStatus=true, preCheckPassed=false} to SafeModeStatus{safeModeStatus=true, preCheckPassed=false}.
2023-04-21 06:17:37,064 [Listener at 0.0.0.0/36509] INFO  server.StorageContainerManager (StorageContainerManager.java:start(1476)) - StorageContainerLocationProtocol RPC server is listening at /0.0.0.0:36509
2023-04-21 06:17:37,067 [ReplicationMonitor] INFO  replication.ReplicationManager (ReplicationManager.java:processAll(363)) - Replication Manager is not ready to run until 3000ms after safemode exit
2023-04-21 06:17:37,067 [Listener at 0.0.0.0/36509] WARN  impl.MetricsConfig (MetricsConfig.java:loadFirst(136)) - Cannot locate configuration: tried hadoop-metrics2-storagecontainermanager.properties,hadoop-metrics2.properties
2023-04-21 06:17:37,068 [Listener at 0.0.0.0/36509] INFO  impl.MetricsSystemImpl (MetricsSystemImpl.java:startTimer(378)) - Scheduled Metric snapshot period at 10 second(s).
2023-04-21 06:17:37,068 [Listener at 0.0.0.0/36509] INFO  impl.MetricsSystemImpl (MetricsSystemImpl.java:start(191)) - StorageContainerManager metrics system started
2023-04-21 06:17:37,073 [Listener at 0.0.0.0/36509] INFO  impl.MetricsSinkAdapter (MetricsSinkAdapter.java:start(204)) - Sink prometheus started
2023-04-21 06:17:37,073 [Listener at 0.0.0.0/36509] INFO  impl.MetricsSystemImpl (MetricsSystemImpl.java:registerSink(305)) - Registered sink prometheus
2023-04-21 06:17:37,097 [Listener at 0.0.0.0/36509] INFO  server.SCMClientProtocolServer (SCMClientProtocolServer.java:start(197)) - RPC server for Client  is listening at /0.0.0.0:36509
2023-04-21 06:17:37,097 [IPC Server Responder] INFO  ipc.Server (Server.java:run(1558)) - IPC Server Responder: starting
2023-04-21 06:17:37,100 [IPC Server listener on 0] INFO  ipc.Server (Server.java:run(1398)) - IPC Server listener on 0: starting
2023-04-21 06:17:37,105 [Listener at 0.0.0.0/36509] INFO  server.StorageContainerManager (StorageContainerManager.java:start(1490)) - ScmBlockLocationProtocol RPC server is listening at /0.0.0.0:43959
2023-04-21 06:17:37,106 [Listener at 0.0.0.0/36509] INFO  server.SCMBlockProtocolServer (SCMBlockProtocolServer.java:start(152)) - RPC server for Block Protocol is listening at /0.0.0.0:43959
2023-04-21 06:17:37,106 [IPC Server Responder] INFO  ipc.Server (Server.java:run(1558)) - IPC Server Responder: starting
2023-04-21 06:17:37,106 [IPC Server listener on 0] INFO  ipc.Server (Server.java:run(1398)) - IPC Server listener on 0: starting
2023-04-21 06:17:37,114 [Listener at 0.0.0.0/36509] INFO  server.SCMDatanodeProtocolServer (SCMDatanodeProtocolServer.java:start(193)) - ScmDatanodeProtocol RPC server for DataNodes is listening at /0.0.0.0:44365
2023-04-21 06:17:37,114 [IPC Server Responder] INFO  ipc.Server (Server.java:run(1558)) - IPC Server Responder: starting
2023-04-21 06:17:37,115 [IPC Server listener on 0] INFO  ipc.Server (Server.java:run(1398)) - IPC Server listener on 0: starting
2023-04-21 06:17:37,127 [org.apache.hadoop.util.JvmPauseMonitor$Monitor@2a32a36b] INFO  util.JvmPauseMonitor (JvmPauseMonitor.java:run(188)) - Starting JVM pause monitor
2023-04-21 06:17:37,133 [Listener at 0.0.0.0/36509] INFO  http.BaseHttpServer (BaseHttpServer.java:newHttpServer2BuilderForOzone(224)) - Starting Web-server for scm at: http://0.0.0.0:0
2023-04-21 06:17:37,133 [Listener at 0.0.0.0/36509] INFO  http.BaseHttpServer (BaseHttpServer.java:<init>(111)) - Hadoop Security Enabled: false Ozone Security Enabled: false Ozone HTTP Security Enabled: false 
2023-04-21 06:17:37,135 [Listener at 0.0.0.0/36509] WARN  server.AuthenticationFilter (AuthenticationFilter.java:constructSecretProvider(240)) - Unable to initialize FileSignerSecretProvider, falling back to use random secrets. Reason: Could not read signature secret file: /home/runner/hadoop-http-auth-signature-secret
2023-04-21 06:17:37,136 [Listener at 0.0.0.0/36509] INFO  http.HttpRequestLog (HttpRequestLog.java:getRequestLog(86)) - Http request log for http.requests.scm is not defined
2023-04-21 06:17:37,138 [Listener at 0.0.0.0/36509] INFO  http.HttpServer2 (HttpServer2.java:addGlobalFilter(1031)) - Added global filter 'safety' (class=org.apache.hadoop.hdds.server.http.HttpServer2$QuotingInputFilter)
2023-04-21 06:17:37,138 [Listener at 0.0.0.0/36509] INFO  http.HttpServer2 (HttpServer2.java:addFilter(1007)) - Added filter static_user_filter (class=org.apache.hadoop.http.lib.StaticUserWebFilter$StaticUserFilter) to context scm
2023-04-21 06:17:37,138 [Listener at 0.0.0.0/36509] INFO  http.HttpServer2 (HttpServer2.java:addFilter(1015)) - Added filter static_user_filter (class=org.apache.hadoop.http.lib.StaticUserWebFilter$StaticUserFilter) to context static
2023-04-21 06:17:37,138 [Listener at 0.0.0.0/36509] INFO  http.HttpServer2 (HttpServer2.java:addFilter(1015)) - Added filter static_user_filter (class=org.apache.hadoop.http.lib.StaticUserWebFilter$StaticUserFilter) to context logs
2023-04-21 06:17:37,139 [Listener at 0.0.0.0/36509] INFO  http.BaseHttpServer (BaseHttpServer.java:<init>(190)) - HTTP server of scm uses base directory /home/runner/work/ozone/ozone/hadoop-ozone/integration-test/target/test-dir/MiniOzoneClusterImpl-83d87173-15eb-40d9-9fb5-e31a77cfd1f5/ozone-meta/webserver
2023-04-21 06:17:37,139 [Listener at 0.0.0.0/36509] INFO  http.HttpServer2 (HttpServer2.java:bindListener(1250)) - Jetty bound to port 43481
2023-04-21 06:17:37,139 [Listener at 0.0.0.0/36509] INFO  server.Server (Server.java:doStart(375)) - jetty-9.4.49.v20220914; built: 2022-09-14T01:07:36.601Z; git: 4231a3b2e4cb8548a412a789936d640a97b1aa0a; jvm 1.8.0_362-b09
2023-04-21 06:17:37,141 [Listener at 0.0.0.0/36509] INFO  server.session (DefaultSessionIdManager.java:doStart(334)) - DefaultSessionIdManager workerName=node0
2023-04-21 06:17:37,141 [Listener at 0.0.0.0/36509] INFO  server.session (DefaultSessionIdManager.java:doStart(339)) - No SessionScavenger set, using defaults
2023-04-21 06:17:37,141 [Listener at 0.0.0.0/36509] INFO  server.session (HouseKeeper.java:startScavenging(132)) - node0 Scavenging every 600000ms
2023-04-21 06:17:37,142 [Listener at 0.0.0.0/36509] INFO  handler.ContextHandler (ContextHandler.java:doStart(921)) - Started o.e.j.s.ServletContextHandler@3acb2d04{logs,/logs,file:///home/runner/work/ozone/ozone/hadoop-ozone/integration-test/target/log,AVAILABLE}
2023-04-21 06:17:37,143 [Listener at 0.0.0.0/36509] INFO  handler.ContextHandler (ContextHandler.java:doStart(921)) - Started o.e.j.s.ServletContextHandler@458df97c{static,/static,file:///home/runner/work/ozone/ozone/hadoop-ozone/integration-test/target/test-classes/webapps/static,AVAILABLE}
2023-04-21 06:17:37,145 [Listener at 0.0.0.0/36509] INFO  handler.ContextHandler (ContextHandler.java:doStart(921)) - Started o.e.j.w.WebAppContext@7fa1cc57{scm,/,file:///home/runner/work/ozone/ozone/hadoop-ozone/integration-test/target/test-classes/webapps/scm/,AVAILABLE}{file:/home/runner/work/ozone/ozone/hadoop-ozone/integration-test/target/test-classes/webapps/scm}
2023-04-21 06:17:37,146 [Listener at 0.0.0.0/36509] INFO  server.AbstractConnector (AbstractConnector.java:doStart(333)) - Started ServerConnector@43d7a2da{HTTP/1.1, (http/1.1)}{0.0.0.0:43481}
2023-04-21 06:17:37,146 [Listener at 0.0.0.0/36509] INFO  server.Server (Server.java:doStart(415)) - Started @139837ms
2023-04-21 06:17:37,147 [Listener at 0.0.0.0/36509] WARN  impl.MetricsSystemImpl (MetricsSystemImpl.java:register(279)) - Sink prometheus already exists!
2023-04-21 06:17:37,147 [Listener at 0.0.0.0/36509] INFO  http.BaseHttpServer (BaseHttpServer.java:updateConnectorAddress(344)) - HTTP server of scm listening at http://0.0.0.0:43481
2023-04-21 06:17:37,147 [Listener at 0.0.0.0/36509] WARN  server.ServerUtils (ServerUtils.java:getDBPath(225)) - ozone.om.db.dirs is not configured. We recommend adding this setting. Falling back to ozone.metadata.dirs instead.
2023-04-21 06:17:37,150 [Listener at 0.0.0.0/36509] INFO  ha.OMHANodeDetails (OMHANodeDetails.java:loadOMHAConfig(115)) - ozone.om.internal.service.id is not defined, falling back to ozone.om.service.ids to find serviceID for OzoneManager if it is HA enabled cluster
2023-04-21 06:17:37,150 [Listener at 0.0.0.0/36509] INFO  ha.OMHANodeDetails (OMHANodeDetails.java:loadOMHAConfig(226)) - Configuration does not have ozone.om.address set. Falling back to the default OM address /127.0.0.1:0
2023-04-21 06:17:37,150 [Listener at 0.0.0.0/36509] INFO  ha.OMHANodeDetails (OMHANodeDetails.java:getOMNodeDetailsForNonHA(254)) - OM Service ID is not set. Setting it to the default ID: omServiceIdDefault
2023-04-21 06:17:37,150 [Listener at 0.0.0.0/36509] INFO  ha.OMHANodeDetails (OMHANodeDetails.java:getOMNodeDetailsForNonHA(261)) - OM Node ID is not set. Setting it to the default ID: om1
2023-04-21 06:17:37,150 [Listener at 0.0.0.0/36509] WARN  server.ServerUtils (ServerUtils.java:getDBPath(225)) - ozone.om.db.dirs is not configured. We recommend adding this setting. Falling back to ozone.metadata.dirs instead.
2023-04-21 06:17:37,151 [Listener at 0.0.0.0/36509] INFO  upgrade.AbstractLayoutVersionManager (AbstractLayoutVersionManager.java:init(83)) - Initializing Layout version manager with metadata layout = HSYNC (version = 4), software layout = HSYNC (version = 4)
2023-04-21 06:17:37,235 [Listener at 0.0.0.0/36509] INFO  reflections.Reflections (Reflections.java:scan(232)) - Reflections took 83 ms to scan 2 urls, producing 171 keys and 477 values [using 2 cores]
2023-04-21 06:17:37,236 [Listener at 0.0.0.0/36509] INFO  upgrade.OMLayoutVersionManager (OMLayoutVersionManager.java:lambda$0(115)) - Skipping Upgrade Action MockOmUpgradeAction since it has been finalized.
2023-04-21 06:17:37,236 [Listener at 0.0.0.0/36509] WARN  server.ServerUtils (ServerUtils.java:getDBPath(225)) - ozone.om.db.dirs is not configured. We recommend adding this setting. Falling back to ozone.metadata.dirs instead.
2023-04-21 06:17:37,236 [Listener at 0.0.0.0/36509] INFO  proxy.SCMBlockLocationFailoverProxyProvider (SCMBlockLocationFailoverProxyProvider.java:<init>(114)) - Created block location fail-over proxy with 1 nodes: [nodeId=scmNodeId,nodeAddress=/0.0.0.0:43959]
2023-04-21 06:17:37,239 [Listener at 0.0.0.0/36509] INFO  proxy.SCMBlockLocationFailoverProxyProvider (SCMBlockLocationFailoverProxyProvider.java:<init>(114)) - Created block location fail-over proxy with 1 nodes: [nodeId=scmNodeId,nodeAddress=/0.0.0.0:43959]
2023-04-21 06:17:37,250 [Listener at 0.0.0.0/36509] INFO  om.OzoneManager (OzoneManager.java:<init>(627)) - OM start with adminUsers: [adminUser1, adminUser2, runner]
2023-04-21 06:17:37,251 [Listener at 0.0.0.0/36509] WARN  server.ServerUtils (ServerUtils.java:getDBPath(225)) - ozone.om.db.dirs is not configured. We recommend adding this setting. Falling back to ozone.metadata.dirs instead.
2023-04-21 06:17:37,252 [Listener at 0.0.0.0/36509] INFO  codec.OmKeyInfoCodec (OmKeyInfoCodec.java:<init>(49)) - OmKeyInfoCodec ignorePipeline = true
2023-04-21 06:17:37,252 [Listener at 0.0.0.0/36509] INFO  codec.RepeatedOmKeyInfoCodec (RepeatedOmKeyInfoCodec.java:<init>(41)) - RepeatedOmKeyInfoCodec ignorePipeline = true
2023-04-21 06:17:37,458 [Listener at 0.0.0.0/36509] INFO  om.OzoneManager (OzoneManager.java:instantiateServices(757)) - S3 Multi-Tenancy is disabled
2023-04-21 06:17:37,459 [Listener at 0.0.0.0/36509] WARN  server.ServerUtils (ServerUtils.java:getDBPath(225)) - ozone.om.snapshot.diff.db.dir is not configured. We recommend adding this setting. Falling back to ozone.metadata.dirs instead.
2023-04-21 06:17:37,490 [Listener at 0.0.0.0/36509] INFO  om.OzoneManager (OzoneManager.java:addS3GVolumeToDB(4257)) - Created Volume s3v With Owner runner required for S3Gateway operations.
2023-04-21 06:17:37,490 [Listener at 0.0.0.0/36509] WARN  server.ServerUtils (ServerUtils.java:getDefaultRatisDirectory(237)) - Storage directory for Ratis is not configured. It is a good idea to map this to an SSD disk. Falling back to ozone.metadata.dirs
2023-04-21 06:17:37,491 [Listener at 0.0.0.0/36509] WARN  utils.OzoneManagerRatisUtils (OzoneManagerRatisUtils.java:getOMRatisSnapshotDirectory(459)) - ozone.om.ratis.snapshot.dir is not configured. Falling back to ozone.metadata.dirs config
2023-04-21 06:17:37,491 [Listener at 0.0.0.0/36509] WARN  server.ServerUtils (ServerUtils.java:getDefaultRatisDirectory(237)) - Storage directory for Ratis is not configured. It is a good idea to map this to an SSD disk. Falling back to ozone.metadata.dirs
2023-04-21 06:17:37,492 [Listener at 0.0.0.0/36509] INFO  ratis.OzoneManagerRatisServer (OzoneManagerRatisServer.java:<init>(163)) - Instantiating OM Ratis server with groupID: omServiceIdDefault and peers: localhost:9872
2023-04-21 06:17:37,493 [Listener at 0.0.0.0/36509] INFO  ratis.OzoneManagerStateMachine (OzoneManagerStateMachine.java:loadSnapshotInfoFromDB(644)) - LastAppliedIndex is set from TransactionInfo from OM DB as (t:0, i:~)
2023-04-21 06:17:37,493 [Listener at 0.0.0.0/36509] INFO  server.RaftServer (ConfUtils.java:logGet(46)) - raft.rpc.type = GRPC (default)
2023-04-21 06:17:37,493 [Listener at 0.0.0.0/36509] INFO  grpc.GrpcConfigKeys (ConfUtils.java:logFallback(53)) - raft.grpc.admin.host = null (fallback to raft.grpc.server.host)
2023-04-21 06:17:37,494 [Listener at 0.0.0.0/36509] INFO  grpc.GrpcConfigKeys (ConfUtils.java:logFallback(53)) - raft.grpc.admin.port = 9872 (fallback to raft.grpc.server.port)
2023-04-21 06:17:37,494 [Listener at 0.0.0.0/36509] INFO  grpc.GrpcConfigKeys (ConfUtils.java:logFallback(53)) - raft.grpc.client.host = null (fallback to raft.grpc.server.host)
2023-04-21 06:17:37,494 [Listener at 0.0.0.0/36509] INFO  grpc.GrpcConfigKeys (ConfUtils.java:logFallback(53)) - raft.grpc.client.port = 9872 (fallback to raft.grpc.server.port)
2023-04-21 06:17:37,494 [Listener at 0.0.0.0/36509] INFO  grpc.GrpcConfigKeys (ConfUtils.java:logGet(46)) - raft.grpc.server.host = null (default)
2023-04-21 06:17:37,494 [Listener at 0.0.0.0/36509] INFO  grpc.GrpcConfigKeys (ConfUtils.java:logGet(46)) - raft.grpc.server.port = 9872 (custom)
2023-04-21 06:17:37,494 [Listener at 0.0.0.0/36509] INFO  server.GrpcService (ConfUtils.java:logGet(46)) - raft.grpc.message.size.max = 33554432 (custom)
2023-04-21 06:17:37,494 [Listener at 0.0.0.0/36509] INFO  server.RaftServerConfigKeys (ConfUtils.java:logGet(46)) - raft.server.log.appender.buffer.byte-limit = 33554432 (custom)
2023-04-21 06:17:37,494 [Listener at 0.0.0.0/36509] INFO  server.GrpcService (ConfUtils.java:logGet(46)) - raft.grpc.flow.control.window = 1MB (=1048576) (default)
2023-04-21 06:17:37,494 [Listener at 0.0.0.0/36509] INFO  server.RaftServerConfigKeys (ConfUtils.java:logGet(46)) - raft.server.rpc.request.timeout = 3000ms (default)
2023-04-21 06:17:37,494 [Listener at 0.0.0.0/36509] INFO  grpc.GrpcConfigKeys (ConfUtils.java:logGet(46)) - raft.grpc.server.heartbeat.channel = true (default)
2023-04-21 06:17:37,494 [Listener at 0.0.0.0/36509] INFO  grpc.GrpcConfigKeys (ConfUtils.java:logGet(46)) - raft.grpc.server.async.request.thread.pool.cached = true (default)
2023-04-21 06:17:37,495 [Listener at 0.0.0.0/36509] INFO  grpc.GrpcConfigKeys (ConfUtils.java:logGet(46)) - raft.grpc.server.async.request.thread.pool.size = 32 (default)
2023-04-21 06:17:37,496 [Listener at 0.0.0.0/36509] INFO  impl.DataStreamServerImpl (ConfUtils.java:logGet(46)) - raft.datastream.type = DISABLED (default)
2023-04-21 06:17:37,496 [Listener at 0.0.0.0/36509] INFO  server.RaftServerConfigKeys (ConfUtils.java:logGet(46)) - raft.server.threadpool.proxy.cached = true (default)
2023-04-21 06:17:37,496 [Listener at 0.0.0.0/36509] INFO  server.RaftServerConfigKeys (ConfUtils.java:logGet(46)) - raft.server.threadpool.proxy.size = 0 (default)
2023-04-21 06:17:37,496 [Listener at 0.0.0.0/36509] INFO  server.RaftServerConfigKeys (ConfUtils.java:logGet(46)) - raft.server.rpc.slowness.timeout = 120s (custom)
2023-04-21 06:17:37,496 [Listener at 0.0.0.0/36509] INFO  server.RaftServerConfigKeys (ConfUtils.java:logGet(46)) - raft.server.leaderelection.leader.step-down.wait-time = 10s (default)
2023-04-21 06:17:37,496 [Listener at 0.0.0.0/36509] INFO  server.RaftServerConfigKeys (ConfUtils.java:logGet(46)) - raft.server.storage.dir = [/home/runner/work/ozone/ozone/hadoop-ozone/integration-test/target/test-dir/MiniOzoneClusterImpl-83d87173-15eb-40d9-9fb5-e31a77cfd1f5/ozone-meta/ratis] (custom)
2023-04-21 06:17:37,498 [Listener at 0.0.0.0/36509] INFO  server.RaftServer (RaftServerProxy.java:addNew(96)) - om1: addNew group-C5BA1605619E:[om1|rpc:localhost:9872|priority:0|startupRole:FOLLOWER] returns group-C5BA1605619E:java.util.concurrent.CompletableFuture@13508e85[Not completed]
2023-04-21 06:17:37,498 [Listener at 0.0.0.0/36509] INFO  om.OzoneManager (OzoneManager.java:initializeRatisServer(2095)) - OzoneManager Ratis server initialized at port 9872
2023-04-21 06:17:37,498 [Listener at 0.0.0.0/36509] INFO  om.OzoneManager (OzoneManager.java:getRpcServer(1142)) - Creating RPC Server
2023-04-21 06:17:37,499 [pool-765-thread-1] INFO  server.RaftServer$Division (RaftServerImpl.java:<init>(195)) - om1: new RaftServerImpl for group-C5BA1605619E:[om1|rpc:localhost:9872|priority:0|startupRole:FOLLOWER] with OzoneManagerStateMachine:uninitialized
2023-04-21 06:17:37,499 [pool-765-thread-1] INFO  server.RaftServerConfigKeys (ConfUtils.java:logGet(46)) - raft.server.rpc.timeout.min = 1s (custom)
2023-04-21 06:17:37,500 [pool-765-thread-1] INFO  server.RaftServerConfigKeys (ConfUtils.java:logGet(46)) - raft.server.rpc.timeout.max = 1200ms (custom)
2023-04-21 06:17:37,500 [pool-765-thread-1] INFO  server.RaftServerConfigKeys (ConfUtils.java:logGet(46)) - raft.server.rpc.sleep.time = 25ms (default)
2023-04-21 06:17:37,500 [pool-765-thread-1] INFO  server.RaftServerConfigKeys (ConfUtils.java:logGet(46)) - raft.server.rpc.slowness.timeout = 120s (custom)
2023-04-21 06:17:37,500 [pool-765-thread-1] INFO  server.RaftServerConfigKeys (ConfUtils.java:logGet(46)) - raft.server.leaderelection.leader.step-down.wait-time = 10s (default)
2023-04-21 06:17:37,500 [pool-765-thread-1] INFO  server.RaftServerConfigKeys (ConfUtils.java:logGet(46)) - raft.server.sleep.deviation.threshold = 300ms (default)
2023-04-21 06:17:37,500 [pool-765-thread-1] INFO  server.RaftServer$Division (ServerState.java:<init>(118)) - om1@group-C5BA1605619E: ConfigurationManager, init=-1: peers:[om1|rpc:localhost:9872|priority:0|startupRole:FOLLOWER]|listeners:[], old=null, confs=<EMPTY_MAP>
2023-04-21 06:17:37,500 [pool-765-thread-1] INFO  server.RaftServerConfigKeys (ConfUtils.java:logGet(46)) - raft.server.storage.dir = [/home/runner/work/ozone/ozone/hadoop-ozone/integration-test/target/test-dir/MiniOzoneClusterImpl-83d87173-15eb-40d9-9fb5-e31a77cfd1f5/ozone-meta/ratis] (custom)
2023-04-21 06:17:37,500 [pool-765-thread-1] INFO  server.RaftServerConfigKeys (ConfUtils.java:logGet(46)) - raft.server.log.corruption.policy = EXCEPTION (default)
2023-04-21 06:17:37,500 [pool-765-thread-1] INFO  server.RaftServerConfigKeys (ConfUtils.java:logGet(46)) - raft.server.storage.free-space.min = 0MB (=0) (default)
2023-04-21 06:17:37,500 [pool-765-thread-1] INFO  server.RaftServerConfigKeys (ConfUtils.java:logGet(46)) - raft.server.notification.no-leader.timeout = 120s (custom)
2023-04-21 06:17:37,500 [pool-765-thread-1] INFO  server.RaftServerConfigKeys (ConfUtils.java:logGet(46)) - raft.server.retrycache.expirytime = 300s (custom)
2023-04-21 06:17:37,500 [pool-765-thread-1] INFO  server.RaftServerConfigKeys (ConfUtils.java:logGet(46)) - raft.server.retrycache.statistics.expirytime = 100μs (default)
2023-04-21 06:17:37,501 [pool-765-thread-1] INFO  server.RaftServerConfigKeys (ConfUtils.java:logGet(46)) - raft.server.log.appender.install.snapshot.enabled = false (custom)
2023-04-21 06:17:37,501 [pool-765-thread-1] INFO  server.RaftServerConfigKeys (ConfUtils.java:logGet(46)) - raft.server.threadpool.server.cached = true (default)
2023-04-21 06:17:37,501 [pool-765-thread-1] INFO  server.RaftServerConfigKeys (ConfUtils.java:logGet(46)) - raft.server.threadpool.server.size = 0 (default)
2023-04-21 06:17:37,501 [pool-765-thread-1] INFO  server.RaftServerConfigKeys (ConfUtils.java:logGet(46)) - raft.server.threadpool.client.cached = true (default)
2023-04-21 06:17:37,501 [pool-765-thread-1] INFO  server.RaftServerConfigKeys (ConfUtils.java:logGet(46)) - raft.server.threadpool.client.size = 0 (default)
2023-04-21 06:17:38,019 [Listener at 0.0.0.0/36509] INFO  reflections.Reflections (Reflections.java:scan(232)) - Reflections took 520 ms to scan 19 urls, producing 68 keys and 5070 values [using 2 cores]
2023-04-21 06:17:38,020 [Listener at 0.0.0.0/36509] INFO  ipc.CallQueueManager (CallQueueManager.java:<init>(90)) - Using callQueue: class java.util.concurrent.LinkedBlockingQueue, queueCapacity: 2000, scheduler: class org.apache.hadoop.ipc.DefaultRpcScheduler, ipcBackoff: false.
2023-04-21 06:17:38,021 [Socket Reader #1 for port 0] INFO  ipc.Server (Server.java:run(1319)) - Starting Socket Reader #1 for port 0
2023-04-21 06:17:38,042 [Listener at 127.0.0.1/44977] INFO  impl.MetricsSystemImpl (MetricsSystemImpl.java:init(158)) - OzoneManager metrics system started (again)
2023-04-21 06:17:38,051 [Listener at 127.0.0.1/44977] INFO  om.OzoneManager (OzoneManager.java:start(1563)) - OzoneManager RPC server is listening at localhost/127.0.0.1:44977
2023-04-21 06:17:38,052 [Listener at 127.0.0.1/44977] INFO  ratis.OzoneManagerRatisServer (OzoneManagerRatisServer.java:start(558)) - Starting OzoneManagerRatisServer om1 at port 9872
2023-04-21 06:17:38,052 [om1-impl-thread1] INFO  storage.RaftStorageDirectory (RaftStorageDirectoryImpl.java:analyzeStorage(137)) - The storage directory /home/runner/work/ozone/ozone/hadoop-ozone/integration-test/target/test-dir/MiniOzoneClusterImpl-83d87173-15eb-40d9-9fb5-e31a77cfd1f5/ozone-meta/ratis/bf265839-605b-3f16-9796-c5ba1605619e does not exist. Creating ...
2023-04-21 06:17:38,053 [om1-impl-thread1] INFO  storage.RaftStorageDirectory (RaftStorageDirectoryImpl.java:tryLock(231)) - Lock on /home/runner/work/ozone/ozone/hadoop-ozone/integration-test/target/test-dir/MiniOzoneClusterImpl-83d87173-15eb-40d9-9fb5-e31a77cfd1f5/ozone-meta/ratis/bf265839-605b-3f16-9796-c5ba1605619e/in_use.lock acquired by nodename 2764@fv-az205-422
2023-04-21 06:17:38,054 [om1-impl-thread1] INFO  storage.RaftStorage (RaftStorageImpl.java:format(96)) - Storage directory /home/runner/work/ozone/ozone/hadoop-ozone/integration-test/target/test-dir/MiniOzoneClusterImpl-83d87173-15eb-40d9-9fb5-e31a77cfd1f5/ozone-meta/ratis/bf265839-605b-3f16-9796-c5ba1605619e has been successfully formatted.
2023-04-21 06:17:38,055 [om1-impl-thread1] INFO  server.RaftServerConfigKeys (ConfUtils.java:logGet(46)) - raft.server.log.use.memory = false (default)
2023-04-21 06:17:38,055 [om1-impl-thread1] INFO  server.RaftServerConfigKeys (ConfUtils.java:logGet(46)) - raft.server.log.purge.gap = 1000000 (custom)
2023-04-21 06:17:38,055 [om1-impl-thread1] INFO  server.RaftServerConfigKeys (ConfUtils.java:logGet(46)) - raft.server.log.appender.buffer.byte-limit = 33554432 (custom)
2023-04-21 06:17:38,055 [om1-impl-thread1] INFO  server.RaftServerConfigKeys (ConfUtils.java:logGet(46)) - raft.server.log.statemachine.data.read.timeout = 1000ms (default)
2023-04-21 06:17:38,055 [om1-impl-thread1] INFO  server.RaftServerConfigKeys (ConfUtils.java:logGet(46)) - raft.server.log.purge.preservation.log.num = 0 (default)
2023-04-21 06:17:38,055 [om1-impl-thread1] INFO  server.RaftServerConfigKeys (ConfUtils.java:logGet(46)) - raft.server.log.segment.size.max = 4194304 (custom)
2023-04-21 06:17:38,055 [om1-impl-thread1] INFO  server.RaftServerConfigKeys (ConfUtils.java:logGet(46)) - raft.server.log.segment.cache.num.max = 2 (custom)
2023-04-21 06:17:38,055 [om1-impl-thread1] INFO  server.RaftServerConfigKeys (ConfUtils.java:logGet(46)) - raft.server.log.segment.cache.size.max = 200MB (=209715200) (default)
2023-04-21 06:17:38,055 [om1-impl-thread1] INFO  segmented.SegmentedRaftLogWorker (SegmentedRaftLogWorker.java:<init>(189)) - new om1@group-C5BA1605619E-SegmentedRaftLogWorker for RaftStorageImpl:Storage Directory /home/runner/work/ozone/ozone/hadoop-ozone/integration-test/target/test-dir/MiniOzoneClusterImpl-83d87173-15eb-40d9-9fb5-e31a77cfd1f5/ozone-meta/ratis/bf265839-605b-3f16-9796-c5ba1605619e
2023-04-21 06:17:38,055 [om1-impl-thread1] INFO  server.RaftServerConfigKeys (ConfUtils.java:logGet(46)) - raft.server.log.queue.byte-limit = 64MB (=67108864) (default)
2023-04-21 06:17:38,055 [om1-impl-thread1] INFO  server.RaftServerConfigKeys (ConfUtils.java:logGet(46)) - raft.server.log.queue.element-limit = 4096 (default)
2023-04-21 06:17:38,055 [om1-impl-thread1] INFO  server.RaftServerConfigKeys (ConfUtils.java:logGet(46)) - raft.server.log.segment.size.max = 4194304 (custom)
2023-04-21 06:17:38,056 [om1-impl-thread1] INFO  server.RaftServerConfigKeys (ConfUtils.java:logGet(46)) - raft.server.log.preallocated.size = 4194304 (custom)
2023-04-21 06:17:38,056 [om1-impl-thread1] INFO  server.RaftServerConfigKeys (ConfUtils.java:logGet(46)) - raft.server.log.force.sync.num = 128 (default)
2023-04-21 06:17:38,056 [om1-impl-thread1] INFO  server.RaftServerConfigKeys (ConfUtils.java:logGet(46)) - raft.server.log.statemachine.data.sync = true (default)
2023-04-21 06:17:38,056 [om1-impl-thread1] INFO  server.RaftServerConfigKeys (ConfUtils.java:logGet(46)) - raft.server.log.statemachine.data.sync.timeout = 10s (default)
2023-04-21 06:17:38,056 [om1-impl-thread1] INFO  server.RaftServerConfigKeys (ConfUtils.java:logGet(46)) - raft.server.log.statemachine.data.sync.timeout.retry = -1 (default)
2023-04-21 06:17:38,056 [om1-impl-thread1] INFO  server.RaftServerConfigKeys (ConfUtils.java:logGet(46)) - raft.server.log.write.buffer.size = 64KB (=65536) (default)
2023-04-21 06:17:38,056 [om1-impl-thread1] INFO  server.RaftServerConfigKeys (ConfUtils.java:logGet(46)) - raft.server.log.appender.buffer.byte-limit = 33554432 (custom)
2023-04-21 06:17:38,061 [om1-impl-thread1] INFO  server.RaftServerConfigKeys (ConfUtils.java:logGet(46)) - raft.server.log.unsafe-flush.enabled = false (default)
2023-04-21 06:17:38,061 [om1-impl-thread1] INFO  server.RaftServerConfigKeys (ConfUtils.java:logGet(46)) - raft.server.log.async-flush.enabled = false (default)
2023-04-21 06:17:38,061 [om1-impl-thread1] INFO  server.RaftServerConfigKeys (ConfUtils.java:logGet(46)) - raft.server.log.statemachine.data.caching.enabled = false (default)
2023-04-21 06:17:38,061 [om1-impl-thread1] INFO  segmented.SegmentedRaftLogWorker (SegmentedRaftLogWorker.java:lambda$new$0(135)) - om1@group-C5BA1605619E-SegmentedRaftLogWorker: flushIndex: setUnconditionally 0 -> -1
2023-04-21 06:17:38,061 [om1-impl-thread1] INFO  segmented.SegmentedRaftLogWorker (SegmentedRaftLogWorker.java:lambda$new$0(135)) - om1@group-C5BA1605619E-SegmentedRaftLogWorker: safeCacheEvictIndex: setUnconditionally 0 -> -1
2023-04-21 06:17:38,061 [om1-impl-thread1] INFO  server.RaftServer$Division (RaftServerImpl.java:start(334)) - om1@group-C5BA1605619E: start as a follower, conf=-1: peers:[om1|rpc:localhost:9872|priority:0|startupRole:FOLLOWER]|listeners:[], old=null
2023-04-21 06:17:38,061 [om1-impl-thread1] INFO  server.RaftServer$Division (RaftServerImpl.java:setRole(321)) - om1@group-C5BA1605619E: changes role from      null to FOLLOWER at term 0 for startAsFollower
2023-04-21 06:17:38,061 [om1-impl-thread1] INFO  impl.RoleInfo (RoleInfo.java:updateAndGet(139)) - om1: start om1@group-C5BA1605619E-FollowerState
2023-04-21 06:17:38,066 [om1-impl-thread1] INFO  util.JmxRegister (JmxRegister.java:tryRegister(44)) - Successfully registered JMX Bean with object name Ratis:service=RaftServer,group=group-C5BA1605619E,id=om1
2023-04-21 06:17:38,066 [om1-impl-thread1] INFO  server.RaftServerConfigKeys (ConfUtils.java:logGet(46)) - raft.server.snapshot.auto.trigger.enabled = true (custom)
2023-04-21 06:17:38,066 [om1-impl-thread1] INFO  server.RaftServerConfigKeys (ConfUtils.java:logGet(46)) - raft.server.snapshot.auto.trigger.threshold = 400000 (default)
2023-04-21 06:17:38,066 [om1-impl-thread1] INFO  server.RaftServerConfigKeys (ConfUtils.java:logGet(46)) - raft.server.snapshot.retention.file.num = -1 (default)
2023-04-21 06:17:38,066 [om1-impl-thread1] INFO  server.RaftServerConfigKeys (ConfUtils.java:logGet(46)) - raft.server.log.purge.upto.snapshot.index = true (custom)
2023-04-21 06:17:38,066 [om1@group-C5BA1605619E-FollowerState] INFO  server.RaftServerConfigKeys (ConfUtils.java:logFallback(53)) - raft.server.rpc.first-election.timeout.min = 1s (fallback to raft.server.rpc.timeout.min)
2023-04-21 06:17:38,066 [om1@group-C5BA1605619E-FollowerState] INFO  server.RaftServerConfigKeys (ConfUtils.java:logFallback(53)) - raft.server.rpc.first-election.timeout.max = 1200ms (fallback to raft.server.rpc.timeout.max)
2023-04-21 06:17:38,066 [Listener at 127.0.0.1/44977] INFO  server.RaftServer (RaftServerProxy.java:startImpl(393)) - om1: start RPC server
2023-04-21 06:17:38,072 [Listener at 127.0.0.1/44977] INFO  server.GrpcService (GrpcService.java:startImpl(262)) - om1: GrpcService started, listening on 9872
2023-04-21 06:17:38,073 [Listener at 127.0.0.1/44977] INFO  om.OzoneManager (OzoneManager.java:start(1579)) - Version File has different layout version (4) than OM DB (null). That is expected if this OM has never been finalized to a newer layout version.
2023-04-21 06:17:38,073 [JvmPauseMonitor16] INFO  util.JvmPauseMonitor (JvmPauseMonitor.java:run(105)) - JvmPauseMonitor-om1: Started
2023-04-21 06:17:38,078 [Listener at 127.0.0.1/44977] INFO  http.BaseHttpServer (BaseHttpServer.java:newHttpServer2BuilderForOzone(224)) - Starting Web-server for ozoneManager at: http://0.0.0.0:0
2023-04-21 06:17:38,078 [Listener at 127.0.0.1/44977] INFO  http.BaseHttpServer (BaseHttpServer.java:<init>(111)) - Hadoop Security Enabled: false Ozone Security Enabled: false Ozone HTTP Security Enabled: false 
2023-04-21 06:17:38,079 [Listener at 127.0.0.1/44977] WARN  server.AuthenticationFilter (AuthenticationFilter.java:constructSecretProvider(240)) - Unable to initialize FileSignerSecretProvider, falling back to use random secrets. Reason: Could not read signature secret file: /home/runner/hadoop-http-auth-signature-secret
2023-04-21 06:17:38,081 [Listener at 127.0.0.1/44977] INFO  http.HttpRequestLog (HttpRequestLog.java:getRequestLog(86)) - Http request log for http.requests.ozoneManager is not defined
2023-04-21 06:17:38,083 [Listener at 127.0.0.1/44977] INFO  http.HttpServer2 (HttpServer2.java:addGlobalFilter(1031)) - Added global filter 'safety' (class=org.apache.hadoop.hdds.server.http.HttpServer2$QuotingInputFilter)
2023-04-21 06:17:38,084 [Listener at 127.0.0.1/44977] INFO  http.HttpServer2 (HttpServer2.java:addFilter(1007)) - Added filter static_user_filter (class=org.apache.hadoop.http.lib.StaticUserWebFilter$StaticUserFilter) to context ozoneManager
2023-04-21 06:17:38,084 [Listener at 127.0.0.1/44977] INFO  http.HttpServer2 (HttpServer2.java:addFilter(1015)) - Added filter static_user_filter (class=org.apache.hadoop.http.lib.StaticUserWebFilter$StaticUserFilter) to context logs
2023-04-21 06:17:38,084 [Listener at 127.0.0.1/44977] INFO  http.HttpServer2 (HttpServer2.java:addFilter(1015)) - Added filter static_user_filter (class=org.apache.hadoop.http.lib.StaticUserWebFilter$StaticUserFilter) to context static
2023-04-21 06:17:38,084 [Listener at 127.0.0.1/44977] INFO  http.BaseHttpServer (BaseHttpServer.java:<init>(190)) - HTTP server of ozoneManager uses base directory /home/runner/work/ozone/ozone/hadoop-ozone/integration-test/target/test-dir/MiniOzoneClusterImpl-83d87173-15eb-40d9-9fb5-e31a77cfd1f5/ozone-meta/webserver
2023-04-21 06:17:38,084 [Listener at 127.0.0.1/44977] INFO  http.HttpServer2 (HttpServer2.java:bindListener(1250)) - Jetty bound to port 33739
2023-04-21 06:17:38,085 [Listener at 127.0.0.1/44977] INFO  server.Server (Server.java:doStart(375)) - jetty-9.4.49.v20220914; built: 2022-09-14T01:07:36.601Z; git: 4231a3b2e4cb8548a412a789936d640a97b1aa0a; jvm 1.8.0_362-b09
2023-04-21 06:17:38,086 [Listener at 127.0.0.1/44977] INFO  server.session (DefaultSessionIdManager.java:doStart(334)) - DefaultSessionIdManager workerName=node0
2023-04-21 06:17:38,086 [Listener at 127.0.0.1/44977] INFO  server.session (DefaultSessionIdManager.java:doStart(339)) - No SessionScavenger set, using defaults
2023-04-21 06:17:38,086 [Listener at 127.0.0.1/44977] INFO  server.session (HouseKeeper.java:startScavenging(132)) - node0 Scavenging every 660000ms
2023-04-21 06:17:38,087 [Listener at 127.0.0.1/44977] INFO  handler.ContextHandler (ContextHandler.java:doStart(921)) - Started o.e.j.s.ServletContextHandler@4a6820fa{logs,/logs,file:///home/runner/work/ozone/ozone/hadoop-ozone/integration-test/target/log,AVAILABLE}
2023-04-21 06:17:38,087 [Listener at 127.0.0.1/44977] INFO  handler.ContextHandler (ContextHandler.java:doStart(921)) - Started o.e.j.s.ServletContextHandler@49915e08{static,/static,file:///home/runner/work/ozone/ozone/hadoop-ozone/integration-test/target/test-classes/webapps/static,AVAILABLE}
2023-04-21 06:17:38,090 [Listener at 127.0.0.1/44977] INFO  handler.ContextHandler (ContextHandler.java:doStart(921)) - Started o.e.j.w.WebAppContext@64ef4670{ozoneManager,/,file:///home/runner/work/ozone/ozone/hadoop-ozone/integration-test/target/test-classes/webapps/ozoneManager/,AVAILABLE}{file:/home/runner/work/ozone/ozone/hadoop-ozone/integration-test/target/test-classes/webapps/ozoneManager}
2023-04-21 06:17:38,091 [Listener at 127.0.0.1/44977] INFO  server.AbstractConnector (AbstractConnector.java:doStart(333)) - Started ServerConnector@7a5d1cb8{HTTP/1.1, (http/1.1)}{0.0.0.0:33739}
2023-04-21 06:17:38,091 [Listener at 127.0.0.1/44977] INFO  server.Server (Server.java:doStart(415)) - Started @140781ms
2023-04-21 06:17:38,091 [Listener at 127.0.0.1/44977] WARN  impl.MetricsSystemImpl (MetricsSystemImpl.java:register(279)) - Sink prometheus already exists!
2023-04-21 06:17:38,091 [Listener at 127.0.0.1/44977] INFO  http.BaseHttpServer (BaseHttpServer.java:updateConnectorAddress(344)) - HTTP server of ozoneManager listening at http://0.0.0.0:33739
2023-04-21 06:17:38,092 [IPC Server Responder] INFO  ipc.Server (Server.java:run(1558)) - IPC Server Responder: starting
2023-04-21 06:17:38,092 [IPC Server listener on 0] INFO  ipc.Server (Server.java:run(1398)) - IPC Server listener on 0: starting
2023-04-21 06:17:38,093 [Listener at 127.0.0.1/44977] INFO  om.OzoneManager (OzoneManager.java:startTrashEmptier(2039)) - Trash Interval set to 0. Files deleted won't move to trash
2023-04-21 06:17:38,105 [org.apache.hadoop.util.JvmPauseMonitor$Monitor@7d72978] INFO  util.JvmPauseMonitor (JvmPauseMonitor.java:run(188)) - Starting JVM pause monitor
2023-04-21 06:17:38,106 [Listener at 127.0.0.1/44977] WARN  impl.MetricRegistriesImpl (MetricRegistriesImpl.java:addReporterRegistration(111)) - New reporters are added after registries were created. Some metrics will be missing from the reporter. Please add reporter before adding any new registry.
2023-04-21 06:17:38,107 [Listener at 127.0.0.1/44977] WARN  impl.MetricRegistriesImpl (MetricRegistriesImpl.java:addReporterRegistration(111)) - New reporters are added after registries were created. Some metrics will be missing from the reporter. Please add reporter before adding any new registry.
2023-04-21 06:17:38,107 [Listener at 127.0.0.1/44977] INFO  impl.MetricsSystemImpl (MetricsSystemImpl.java:init(158)) - HddsDatanode metrics system started (again)
2023-04-21 06:17:38,118 [Listener at 127.0.0.1/44977] INFO  ozone.HddsDatanodeService (HddsDatanodeService.java:start(252)) - HddsDatanodeService host:fv-az205-422 ip:10.1.0.35
2023-04-21 06:17:38,141 [Listener at 127.0.0.1/44977] INFO  upgrade.AbstractLayoutVersionManager (AbstractLayoutVersionManager.java:init(83)) - Initializing Layout version manager with metadata layout = WEBUI_PORTS_IN_DATANODEDETAILS (version = 6), software layout = WEBUI_PORTS_IN_DATANODEDETAILS (version = 6)
2023-04-21 06:17:38,189 [Listener at 127.0.0.1/44977] INFO  reflections.Reflections (Reflections.java:scan(232)) - Reflections took 46 ms to scan 7 urls, producing 156 keys and 369 values 
2023-04-21 06:17:38,190 [Listener at 127.0.0.1/44977] INFO  statemachine.DatanodeStateMachine (DatanodeStateMachine.java:getEndPointTaskThreadPoolSize(260)) - Datanode State Machine Task Thread Pool size 2
2023-04-21 06:17:38,194 [Listener at 127.0.0.1/44977] INFO  volume.HddsVolume (HddsVolume.java:<init>(130)) - Creating HddsVolume: /home/runner/work/ozone/ozone/hadoop-ozone/integration-test/target/test-dir/MiniOzoneClusterImpl-83d87173-15eb-40d9-9fb5-e31a77cfd1f5/datanode-0/data-0/containers/hdds of storage type : DISK capacity : 9223372036854775807
2023-04-21 06:17:38,195 [Listener at 127.0.0.1/44977] INFO  volume.MutableVolumeSet (MutableVolumeSet.java:initializeVolumeSet(175)) - Added Volume : /home/runner/work/ozone/ozone/hadoop-ozone/integration-test/target/test-dir/MiniOzoneClusterImpl-83d87173-15eb-40d9-9fb5-e31a77cfd1f5/datanode-0/data-0/containers/hdds to VolumeSet
2023-04-21 06:17:38,195 [Listener at 127.0.0.1/44977] INFO  volume.ThrottledAsyncChecker (ThrottledAsyncChecker.java:schedule(141)) - Scheduling a check for /home/runner/work/ozone/ozone/hadoop-ozone/integration-test/target/test-dir/MiniOzoneClusterImpl-83d87173-15eb-40d9-9fb5-e31a77cfd1f5/datanode-0/data-0/containers/hdds
2023-04-21 06:17:38,200 [Listener at 127.0.0.1/44977] INFO  volume.StorageVolumeChecker (StorageVolumeChecker.java:checkAllVolumes(202)) - Scheduled health check for volume /home/runner/work/ozone/ozone/hadoop-ozone/integration-test/target/test-dir/MiniOzoneClusterImpl-83d87173-15eb-40d9-9fb5-e31a77cfd1f5/datanode-0/data-0/containers/hdds
2023-04-21 06:17:38,211 [Listener at 127.0.0.1/44977] INFO  volume.MutableVolumeSet (MutableVolumeSet.java:initializeVolumeSet(175)) - Added Volume : /home/runner/work/ozone/ozone/hadoop-ozone/integration-test/target/test-dir/MiniOzoneClusterImpl-83d87173-15eb-40d9-9fb5-e31a77cfd1f5/datanode-0/data/ratis to VolumeSet
2023-04-21 06:17:38,211 [Listener at 127.0.0.1/44977] INFO  volume.ThrottledAsyncChecker (ThrottledAsyncChecker.java:schedule(141)) - Scheduling a check for /home/runner/work/ozone/ozone/hadoop-ozone/integration-test/target/test-dir/MiniOzoneClusterImpl-83d87173-15eb-40d9-9fb5-e31a77cfd1f5/datanode-0/data/ratis
2023-04-21 06:17:38,212 [Listener at 127.0.0.1/44977] INFO  volume.StorageVolumeChecker (StorageVolumeChecker.java:checkAllVolumes(202)) - Scheduled health check for volume /home/runner/work/ozone/ozone/hadoop-ozone/integration-test/target/test-dir/MiniOzoneClusterImpl-83d87173-15eb-40d9-9fb5-e31a77cfd1f5/datanode-0/data/ratis
2023-04-21 06:17:38,225 [Thread-1781] INFO  ozoneimpl.ContainerReader (ContainerReader.java:readVolume(175)) - Finish verifying containers on volume /home/runner/work/ozone/ozone/hadoop-ozone/integration-test/target/test-dir/MiniOzoneClusterImpl-83d87173-15eb-40d9-9fb5-e31a77cfd1f5/datanode-0/data-0/containers/hdds
2023-04-21 06:17:38,227 [Listener at 127.0.0.1/44977] INFO  ozoneimpl.OzoneContainer (OzoneContainer.java:buildContainerSet(303)) - Build ContainerSet costs 0s
2023-04-21 06:17:38,229 [Listener at 127.0.0.1/44977] INFO  server.RaftServer (ConfUtils.java:logGet(46)) - raft.rpc.type = GRPC (default)
2023-04-21 06:17:38,229 [Listener at 127.0.0.1/44977] INFO  grpc.GrpcConfigKeys (ConfUtils.java:logFallback(53)) - raft.grpc.admin.host = null (fallback to raft.grpc.server.host)
2023-04-21 06:17:38,229 [Listener at 127.0.0.1/44977] INFO  grpc.GrpcConfigKeys (ConfUtils.java:logGet(46)) - raft.grpc.admin.port = 0 (custom)
2023-04-21 06:17:38,229 [Listener at 127.0.0.1/44977] INFO  grpc.GrpcConfigKeys (ConfUtils.java:logFallback(53)) - raft.grpc.client.host = null (fallback to raft.grpc.server.host)
2023-04-21 06:17:38,230 [Listener at 127.0.0.1/44977] INFO  grpc.GrpcConfigKeys (ConfUtils.java:logGet(46)) - raft.grpc.client.port = 0 (custom)
2023-04-21 06:17:38,230 [Listener at 127.0.0.1/44977] INFO  grpc.GrpcConfigKeys (ConfUtils.java:logGet(46)) - raft.grpc.server.host = null (default)
2023-04-21 06:17:38,231 [Listener at 127.0.0.1/44977] INFO  grpc.GrpcConfigKeys (ConfUtils.java:logGet(46)) - raft.grpc.server.port = 0 (default)
2023-04-21 06:17:38,231 [Listener at 127.0.0.1/44977] INFO  server.GrpcService (ConfUtils.java:logGet(46)) - raft.grpc.message.size.max = 32MB (=33554432) (custom)
2023-04-21 06:17:38,231 [Listener at 127.0.0.1/44977] INFO  server.RaftServerConfigKeys (ConfUtils.java:logGet(46)) - raft.server.log.appender.buffer.byte-limit = 33554432 (custom)
2023-04-21 06:17:38,231 [Listener at 127.0.0.1/44977] INFO  server.GrpcService (ConfUtils.java:logGet(46)) - raft.grpc.flow.control.window = 5MB (=5242880) (custom)
2023-04-21 06:17:38,231 [Listener at 127.0.0.1/44977] INFO  server.RaftServerConfigKeys (ConfUtils.java:logGet(46)) - raft.server.rpc.request.timeout = 60s (custom)
2023-04-21 06:17:38,231 [Listener at 127.0.0.1/44977] INFO  grpc.GrpcConfigKeys (ConfUtils.java:logGet(46)) - raft.grpc.server.heartbeat.channel = true (default)
2023-04-21 06:17:38,231 [Listener at 127.0.0.1/44977] INFO  grpc.GrpcConfigKeys (ConfUtils.java:logGet(46)) - raft.grpc.server.async.request.thread.pool.cached = true (default)
2023-04-21 06:17:38,231 [Listener at 127.0.0.1/44977] INFO  grpc.GrpcConfigKeys (ConfUtils.java:logGet(46)) - raft.grpc.server.async.request.thread.pool.size = 32 (default)
2023-04-21 06:17:38,233 [Listener at 127.0.0.1/44977] INFO  impl.DataStreamServerImpl (ConfUtils.java:logGet(46)) - raft.datastream.type = NETTY (custom)
2023-04-21 06:17:38,233 [Listener at 127.0.0.1/44977] INFO  server.RaftServerConfigKeys (ConfUtils.java:logGet(46)) - raft.server.data-stream.async.request.thread.pool.cached = false (default)
2023-04-21 06:17:38,233 [Listener at 127.0.0.1/44977] INFO  server.RaftServerConfigKeys (ConfUtils.java:logGet(46)) - raft.server.data-stream.async.request.thread.pool.size = 20 (custom)
2023-04-21 06:17:38,234 [Listener at 127.0.0.1/44977] INFO  server.RaftServerConfigKeys (ConfUtils.java:logGet(46)) - raft.server.data-stream.async.write.thread.pool.size = 16 (default)
2023-04-21 06:17:38,234 [Listener at 127.0.0.1/44977] INFO  server.RaftServerConfigKeys (ConfUtils.java:logGet(46)) - raft.server.data-stream.client.pool.size = 10 (default)
2023-04-21 06:17:38,234 [Listener at 127.0.0.1/44977] INFO  netty.NettyConfigKeys$DataStream (ConfUtils.java:logGet(46)) - raft.netty.dataStream.server.use-epoll = false (default)
2023-04-21 06:17:38,234 [Listener at 127.0.0.1/44977] INFO  netty.NettyConfigKeys$DataStream (ConfUtils.java:logGet(46)) - raft.netty.dataStream.server.boss-group.size = 0 (default)
2023-04-21 06:17:38,234 [Listener at 127.0.0.1/44977] INFO  netty.NettyConfigKeys$DataStream (ConfUtils.java:logGet(46)) - raft.netty.dataStream.server.worker-group.size = 0 (default)
2023-04-21 06:17:38,235 [Listener at 127.0.0.1/44977] INFO  netty.NettyConfigKeys$DataStream (ConfUtils.java:logGet(46)) - raft.netty.dataStream.server.tls.conf = null (default)
2023-04-21 06:17:38,235 [Listener at 127.0.0.1/44977] INFO  netty.NettyConfigKeys$DataStream (ConfUtils.java:logGet(46)) - raft.netty.dataStream.host = null (default)
2023-04-21 06:17:38,235 [Listener at 127.0.0.1/44977] INFO  netty.NettyConfigKeys$DataStream (ConfUtils.java:logGet(46)) - raft.netty.dataStream.port = 0 (default)
2023-04-21 06:17:38,235 [Listener at 127.0.0.1/44977] INFO  server.RaftServerConfigKeys (ConfUtils.java:logGet(46)) - raft.server.threadpool.proxy.cached = true (default)
2023-04-21 06:17:38,235 [Listener at 127.0.0.1/44977] INFO  server.RaftServerConfigKeys (ConfUtils.java:logGet(46)) - raft.server.threadpool.proxy.size = 0 (default)
2023-04-21 06:17:38,235 [Listener at 127.0.0.1/44977] INFO  server.RaftServerConfigKeys (ConfUtils.java:logGet(46)) - raft.server.rpc.slowness.timeout = 300s (custom)
2023-04-21 06:17:38,235 [Listener at 127.0.0.1/44977] INFO  server.RaftServerConfigKeys (ConfUtils.java:logGet(46)) - raft.server.leaderelection.leader.step-down.wait-time = 10s (default)
2023-04-21 06:17:38,236 [Listener at 127.0.0.1/44977] INFO  server.RaftServerConfigKeys (ConfUtils.java:logGet(46)) - raft.server.storage.dir = [/home/runner/work/ozone/ozone/hadoop-ozone/integration-test/target/test-dir/MiniOzoneClusterImpl-83d87173-15eb-40d9-9fb5-e31a77cfd1f5/datanode-0/data/ratis] (custom)
2023-04-21 06:17:38,236 [af01062f-3048-4ed4-9f14-cd7341189c22-NettyServerStreamRpc-bossGroup--thread1] INFO  logging.LoggingHandler (AbstractInternalLogger.java:log(148)) - [id: 0x5e8c0a23] REGISTERED
2023-04-21 06:17:38,237 [af01062f-3048-4ed4-9f14-cd7341189c22-NettyServerStreamRpc-bossGroup--thread1] INFO  logging.LoggingHandler (AbstractInternalLogger.java:log(148)) - [id: 0x5e8c0a23] BIND: 0.0.0.0/0.0.0.0:0
2023-04-21 06:17:38,237 [af01062f-3048-4ed4-9f14-cd7341189c22-NettyServerStreamRpc-bossGroup--thread1] INFO  logging.LoggingHandler (AbstractInternalLogger.java:log(148)) - [id: 0x5e8c0a23, L:/0:0:0:0:0:0:0:0:45409] ACTIVE
2023-04-21 06:17:38,239 [Listener at 127.0.0.1/44977] INFO  server.XceiverServerGrpc (XceiverServerGrpc.java:<init>(132)) - GrpcServer channel type EpollServerSocketChannel
2023-04-21 06:17:38,243 [Listener at 127.0.0.1/44977] INFO  http.BaseHttpServer (BaseHttpServer.java:newHttpServer2BuilderForOzone(224)) - Starting Web-server for hddsDatanode at: http://0.0.0.0:0
2023-04-21 06:17:38,243 [Listener at 127.0.0.1/44977] INFO  http.BaseHttpServer (BaseHttpServer.java:<init>(111)) - Hadoop Security Enabled: false Ozone Security Enabled: false Ozone HTTP Security Enabled: false 
2023-04-21 06:17:38,245 [Listener at 127.0.0.1/44977] WARN  server.AuthenticationFilter (AuthenticationFilter.java:constructSecretProvider(240)) - Unable to initialize FileSignerSecretProvider, falling back to use random secrets. Reason: Could not read signature secret file: /home/runner/hadoop-http-auth-signature-secret
2023-04-21 06:17:38,245 [Listener at 127.0.0.1/44977] INFO  http.HttpRequestLog (HttpRequestLog.java:getRequestLog(86)) - Http request log for http.requests.hddsDatanode is not defined
2023-04-21 06:17:38,246 [Listener at 127.0.0.1/44977] INFO  http.HttpServer2 (HttpServer2.java:addGlobalFilter(1031)) - Added global filter 'safety' (class=org.apache.hadoop.hdds.server.http.HttpServer2$QuotingInputFilter)
2023-04-21 06:17:38,247 [Listener at 127.0.0.1/44977] INFO  http.HttpServer2 (HttpServer2.java:addFilter(1007)) - Added filter static_user_filter (class=org.apache.hadoop.http.lib.StaticUserWebFilter$StaticUserFilter) to context hddsDatanode
2023-04-21 06:17:38,247 [Listener at 127.0.0.1/44977] INFO  http.HttpServer2 (HttpServer2.java:addFilter(1015)) - Added filter static_user_filter (class=org.apache.hadoop.http.lib.StaticUserWebFilter$StaticUserFilter) to context logs
2023-04-21 06:17:38,247 [Listener at 127.0.0.1/44977] INFO  http.HttpServer2 (HttpServer2.java:addFilter(1015)) - Added filter static_user_filter (class=org.apache.hadoop.http.lib.StaticUserWebFilter$StaticUserFilter) to context static
2023-04-21 06:17:38,247 [Listener at 127.0.0.1/44977] INFO  http.BaseHttpServer (BaseHttpServer.java:<init>(190)) - HTTP server of hddsDatanode uses base directory /home/runner/work/ozone/ozone/hadoop-ozone/integration-test/target/test-dir/MiniOzoneClusterImpl-83d87173-15eb-40d9-9fb5-e31a77cfd1f5/datanode-0/meta/webserver
2023-04-21 06:17:38,248 [Listener at 127.0.0.1/44977] INFO  http.HttpServer2 (HttpServer2.java:bindListener(1250)) - Jetty bound to port 35107
2023-04-21 06:17:38,248 [Listener at 127.0.0.1/44977] INFO  server.Server (Server.java:doStart(375)) - jetty-9.4.49.v20220914; built: 2022-09-14T01:07:36.601Z; git: 4231a3b2e4cb8548a412a789936d640a97b1aa0a; jvm 1.8.0_362-b09
2023-04-21 06:17:38,253 [Listener at 127.0.0.1/44977] INFO  server.session (DefaultSessionIdManager.java:doStart(334)) - DefaultSessionIdManager workerName=node0
2023-04-21 06:17:38,253 [Listener at 127.0.0.1/44977] INFO  server.session (DefaultSessionIdManager.java:doStart(339)) - No SessionScavenger set, using defaults
2023-04-21 06:17:38,253 [Listener at 127.0.0.1/44977] INFO  server.session (HouseKeeper.java:startScavenging(132)) - node0 Scavenging every 600000ms
2023-04-21 06:17:38,254 [Listener at 127.0.0.1/44977] INFO  handler.ContextHandler (ContextHandler.java:doStart(921)) - Started o.e.j.s.ServletContextHandler@1f495b08{logs,/logs,file:///home/runner/work/ozone/ozone/hadoop-ozone/integration-test/target/log,AVAILABLE}
2023-04-21 06:17:38,255 [Listener at 127.0.0.1/44977] INFO  handler.ContextHandler (ContextHandler.java:doStart(921)) - Started o.e.j.s.ServletContextHandler@656271c4{static,/static,jar:file:/home/runner/.m2/repository/org/apache/ozone/hdds-container-service/1.4.0-SNAPSHOT/hdds-container-service-1.4.0-SNAPSHOT.jar!/webapps/static,AVAILABLE}
2023-04-21 06:17:38,456 [Listener at 127.0.0.1/44977] INFO  handler.ContextHandler (ContextHandler.java:doStart(921)) - Started o.e.j.w.WebAppContext@443ee41{hddsDatanode,/,file:///home/runner/work/ozone/ozone/hadoop-ozone/integration-test/target/test-dir/MiniOzoneClusterImpl-83d87173-15eb-40d9-9fb5-e31a77cfd1f5/datanode-0/meta/webserver/jetty-0_0_0_0-35107-hdds-container-service-1_4_0-SNAPSHOT_jar-_-any-570192769217957103/webapp/,AVAILABLE}{jar:file:/home/runner/.m2/repository/org/apache/ozone/hdds-container-service/1.4.0-SNAPSHOT/hdds-container-service-1.4.0-SNAPSHOT.jar!/webapps/hddsDatanode}
2023-04-21 06:17:38,458 [Listener at 127.0.0.1/44977] INFO  server.AbstractConnector (AbstractConnector.java:doStart(333)) - Started ServerConnector@7e041dfa{HTTP/1.1, (http/1.1)}{0.0.0.0:35107}
2023-04-21 06:17:38,458 [Listener at 127.0.0.1/44977] INFO  server.Server (Server.java:doStart(415)) - Started @141148ms
2023-04-21 06:17:38,458 [Listener at 127.0.0.1/44977] WARN  impl.MetricsSystemImpl (MetricsSystemImpl.java:register(279)) - Sink prometheus already exists!
2023-04-21 06:17:38,458 [Listener at 127.0.0.1/44977] INFO  http.BaseHttpServer (BaseHttpServer.java:updateConnectorAddress(344)) - HTTP server of hddsDatanode listening at http://0.0.0.0:35107
2023-04-21 06:17:38,461 [Listener at 127.0.0.1/44977] WARN  impl.MetricRegistriesImpl (MetricRegistriesImpl.java:addReporterRegistration(111)) - New reporters are added after registries were created. Some metrics will be missing from the reporter. Please add reporter before adding any new registry.
2023-04-21 06:17:38,461 [Listener at 127.0.0.1/44977] WARN  impl.MetricRegistriesImpl (MetricRegistriesImpl.java:addReporterRegistration(111)) - New reporters are added after registries were created. Some metrics will be missing from the reporter. Please add reporter before adding any new registry.
2023-04-21 06:17:38,461 [Listener at 127.0.0.1/44977] INFO  impl.MetricsSystemImpl (MetricsSystemImpl.java:init(158)) - HddsDatanode metrics system started (again)
2023-04-21 06:17:38,465 [Datanode State Machine Daemon Thread] INFO  statemachine.DatanodeStateMachine (DatanodeStateMachine.java:lambda$startDaemon$0(517)) - Ozone container server started.
2023-04-21 06:17:38,473 [Listener at 127.0.0.1/44977] INFO  ozone.HddsDatanodeService (HddsDatanodeService.java:start(252)) - HddsDatanodeService host:fv-az205-422 ip:10.1.0.35
2023-04-21 06:17:38,482 [org.apache.hadoop.util.JvmPauseMonitor$Monitor@3102fa8f] INFO  util.JvmPauseMonitor (JvmPauseMonitor.java:run(188)) - Starting JVM pause monitor
2023-04-21 06:17:38,489 [Datanode State Machine Task Thread - 0] INFO  datanode.InitDatanodeState (InitDatanodeState.java:persistContainerDatanodeDetails(138)) - DatanodeDetails is persisted to /home/runner/work/ozone/ozone/hadoop-ozone/integration-test/target/test-dir/MiniOzoneClusterImpl-83d87173-15eb-40d9-9fb5-e31a77cfd1f5/datanode-0/meta/datanode.id
2023-04-21 06:17:38,505 [Listener at 127.0.0.1/44977] INFO  upgrade.AbstractLayoutVersionManager (AbstractLayoutVersionManager.java:init(83)) - Initializing Layout version manager with metadata layout = WEBUI_PORTS_IN_DATANODEDETAILS (version = 6), software layout = WEBUI_PORTS_IN_DATANODEDETAILS (version = 6)
2023-04-21 06:17:38,554 [Listener at 127.0.0.1/44977] INFO  reflections.Reflections (Reflections.java:scan(232)) - Reflections took 47 ms to scan 7 urls, producing 156 keys and 369 values 
2023-04-21 06:17:38,555 [Listener at 127.0.0.1/44977] INFO  statemachine.DatanodeStateMachine (DatanodeStateMachine.java:getEndPointTaskThreadPoolSize(260)) - Datanode State Machine Task Thread Pool size 2
2023-04-21 06:17:38,558 [Listener at 127.0.0.1/44977] INFO  volume.HddsVolume (HddsVolume.java:<init>(130)) - Creating HddsVolume: /home/runner/work/ozone/ozone/hadoop-ozone/integration-test/target/test-dir/MiniOzoneClusterImpl-83d87173-15eb-40d9-9fb5-e31a77cfd1f5/datanode-1/data-0/containers/hdds of storage type : DISK capacity : 9223372036854775807
2023-04-21 06:17:38,558 [Listener at 127.0.0.1/44977] INFO  volume.MutableVolumeSet (MutableVolumeSet.java:initializeVolumeSet(175)) - Added Volume : /home/runner/work/ozone/ozone/hadoop-ozone/integration-test/target/test-dir/MiniOzoneClusterImpl-83d87173-15eb-40d9-9fb5-e31a77cfd1f5/datanode-1/data-0/containers/hdds to VolumeSet
2023-04-21 06:17:38,559 [Listener at 127.0.0.1/44977] INFO  volume.ThrottledAsyncChecker (ThrottledAsyncChecker.java:schedule(141)) - Scheduling a check for /home/runner/work/ozone/ozone/hadoop-ozone/integration-test/target/test-dir/MiniOzoneClusterImpl-83d87173-15eb-40d9-9fb5-e31a77cfd1f5/datanode-1/data-0/containers/hdds
2023-04-21 06:17:38,564 [Listener at 127.0.0.1/44977] INFO  volume.StorageVolumeChecker (StorageVolumeChecker.java:checkAllVolumes(202)) - Scheduled health check for volume /home/runner/work/ozone/ozone/hadoop-ozone/integration-test/target/test-dir/MiniOzoneClusterImpl-83d87173-15eb-40d9-9fb5-e31a77cfd1f5/datanode-1/data-0/containers/hdds
2023-04-21 06:17:38,578 [Listener at 127.0.0.1/44977] INFO  volume.MutableVolumeSet (MutableVolumeSet.java:initializeVolumeSet(175)) - Added Volume : /home/runner/work/ozone/ozone/hadoop-ozone/integration-test/target/test-dir/MiniOzoneClusterImpl-83d87173-15eb-40d9-9fb5-e31a77cfd1f5/datanode-1/data/ratis to VolumeSet
2023-04-21 06:17:38,578 [Listener at 127.0.0.1/44977] INFO  volume.ThrottledAsyncChecker (ThrottledAsyncChecker.java:schedule(141)) - Scheduling a check for /home/runner/work/ozone/ozone/hadoop-ozone/integration-test/target/test-dir/MiniOzoneClusterImpl-83d87173-15eb-40d9-9fb5-e31a77cfd1f5/datanode-1/data/ratis
2023-04-21 06:17:38,578 [Listener at 127.0.0.1/44977] INFO  volume.StorageVolumeChecker (StorageVolumeChecker.java:checkAllVolumes(202)) - Scheduled health check for volume /home/runner/work/ozone/ozone/hadoop-ozone/integration-test/target/test-dir/MiniOzoneClusterImpl-83d87173-15eb-40d9-9fb5-e31a77cfd1f5/datanode-1/data/ratis
2023-04-21 06:17:38,590 [Thread-1795] INFO  ozoneimpl.ContainerReader (ContainerReader.java:readVolume(175)) - Finish verifying containers on volume /home/runner/work/ozone/ozone/hadoop-ozone/integration-test/target/test-dir/MiniOzoneClusterImpl-83d87173-15eb-40d9-9fb5-e31a77cfd1f5/datanode-1/data-0/containers/hdds
2023-04-21 06:17:38,590 [Listener at 127.0.0.1/44977] INFO  ozoneimpl.OzoneContainer (OzoneContainer.java:buildContainerSet(303)) - Build ContainerSet costs 0s
2023-04-21 06:17:38,592 [Listener at 127.0.0.1/44977] INFO  server.RaftServer (ConfUtils.java:logGet(46)) - raft.rpc.type = GRPC (default)
2023-04-21 06:17:38,592 [Listener at 127.0.0.1/44977] INFO  grpc.GrpcConfigKeys (ConfUtils.java:logFallback(53)) - raft.grpc.admin.host = null (fallback to raft.grpc.server.host)
2023-04-21 06:17:38,592 [Listener at 127.0.0.1/44977] INFO  grpc.GrpcConfigKeys (ConfUtils.java:logGet(46)) - raft.grpc.admin.port = 0 (custom)
2023-04-21 06:17:38,592 [Listener at 127.0.0.1/44977] INFO  grpc.GrpcConfigKeys (ConfUtils.java:logFallback(53)) - raft.grpc.client.host = null (fallback to raft.grpc.server.host)
2023-04-21 06:17:38,592 [Listener at 127.0.0.1/44977] INFO  grpc.GrpcConfigKeys (ConfUtils.java:logGet(46)) - raft.grpc.client.port = 0 (custom)
2023-04-21 06:17:38,593 [Listener at 127.0.0.1/44977] INFO  grpc.GrpcConfigKeys (ConfUtils.java:logGet(46)) - raft.grpc.server.host = null (default)
2023-04-21 06:17:38,593 [Listener at 127.0.0.1/44977] INFO  grpc.GrpcConfigKeys (ConfUtils.java:logGet(46)) - raft.grpc.server.port = 0 (default)
2023-04-21 06:17:38,593 [Listener at 127.0.0.1/44977] INFO  server.GrpcService (ConfUtils.java:logGet(46)) - raft.grpc.message.size.max = 32MB (=33554432) (custom)
2023-04-21 06:17:38,593 [Listener at 127.0.0.1/44977] INFO  server.RaftServerConfigKeys (ConfUtils.java:logGet(46)) - raft.server.log.appender.buffer.byte-limit = 33554432 (custom)
2023-04-21 06:17:38,593 [Listener at 127.0.0.1/44977] INFO  server.GrpcService (ConfUtils.java:logGet(46)) - raft.grpc.flow.control.window = 5MB (=5242880) (custom)
2023-04-21 06:17:38,593 [Listener at 127.0.0.1/44977] INFO  server.RaftServerConfigKeys (ConfUtils.java:logGet(46)) - raft.server.rpc.request.timeout = 60s (custom)
2023-04-21 06:17:38,593 [Listener at 127.0.0.1/44977] INFO  grpc.GrpcConfigKeys (ConfUtils.java:logGet(46)) - raft.grpc.server.heartbeat.channel = true (default)
2023-04-21 06:17:38,593 [Listener at 127.0.0.1/44977] INFO  grpc.GrpcConfigKeys (ConfUtils.java:logGet(46)) - raft.grpc.server.async.request.thread.pool.cached = true (default)
2023-04-21 06:17:38,593 [Listener at 127.0.0.1/44977] INFO  grpc.GrpcConfigKeys (ConfUtils.java:logGet(46)) - raft.grpc.server.async.request.thread.pool.size = 32 (default)
2023-04-21 06:17:38,595 [Listener at 127.0.0.1/44977] INFO  impl.DataStreamServerImpl (ConfUtils.java:logGet(46)) - raft.datastream.type = NETTY (custom)
2023-04-21 06:17:38,595 [Listener at 127.0.0.1/44977] INFO  server.RaftServerConfigKeys (ConfUtils.java:logGet(46)) - raft.server.data-stream.async.request.thread.pool.cached = false (default)
2023-04-21 06:17:38,595 [Listener at 127.0.0.1/44977] INFO  server.RaftServerConfigKeys (ConfUtils.java:logGet(46)) - raft.server.data-stream.async.request.thread.pool.size = 20 (custom)
2023-04-21 06:17:38,596 [Listener at 127.0.0.1/44977] INFO  server.RaftServerConfigKeys (ConfUtils.java:logGet(46)) - raft.server.data-stream.async.write.thread.pool.size = 16 (default)
2023-04-21 06:17:38,596 [Listener at 127.0.0.1/44977] INFO  server.RaftServerConfigKeys (ConfUtils.java:logGet(46)) - raft.server.data-stream.client.pool.size = 10 (default)
2023-04-21 06:17:38,596 [Listener at 127.0.0.1/44977] INFO  netty.NettyConfigKeys$DataStream (ConfUtils.java:logGet(46)) - raft.netty.dataStream.server.use-epoll = false (default)
2023-04-21 06:17:38,596 [Listener at 127.0.0.1/44977] INFO  netty.NettyConfigKeys$DataStream (ConfUtils.java:logGet(46)) - raft.netty.dataStream.server.boss-group.size = 0 (default)
2023-04-21 06:17:38,596 [Listener at 127.0.0.1/44977] INFO  netty.NettyConfigKeys$DataStream (ConfUtils.java:logGet(46)) - raft.netty.dataStream.server.worker-group.size = 0 (default)
2023-04-21 06:17:38,597 [Listener at 127.0.0.1/44977] INFO  netty.NettyConfigKeys$DataStream (ConfUtils.java:logGet(46)) - raft.netty.dataStream.server.tls.conf = null (default)
2023-04-21 06:17:38,597 [Listener at 127.0.0.1/44977] INFO  netty.NettyConfigKeys$DataStream (ConfUtils.java:logGet(46)) - raft.netty.dataStream.host = null (default)
2023-04-21 06:17:38,597 [Listener at 127.0.0.1/44977] INFO  netty.NettyConfigKeys$DataStream (ConfUtils.java:logGet(46)) - raft.netty.dataStream.port = 0 (default)
2023-04-21 06:17:38,598 [Listener at 127.0.0.1/44977] INFO  server.RaftServerConfigKeys (ConfUtils.java:logGet(46)) - raft.server.threadpool.proxy.cached = true (default)
2023-04-21 06:17:38,598 [Listener at 127.0.0.1/44977] INFO  server.RaftServerConfigKeys (ConfUtils.java:logGet(46)) - raft.server.threadpool.proxy.size = 0 (default)
2023-04-21 06:17:38,598 [Listener at 127.0.0.1/44977] INFO  server.RaftServerConfigKeys (ConfUtils.java:logGet(46)) - raft.server.rpc.slowness.timeout = 300s (custom)
2023-04-21 06:17:38,598 [Listener at 127.0.0.1/44977] INFO  server.RaftServerConfigKeys (ConfUtils.java:logGet(46)) - raft.server.leaderelection.leader.step-down.wait-time = 10s (default)
2023-04-21 06:17:38,598 [Listener at 127.0.0.1/44977] INFO  server.RaftServerConfigKeys (ConfUtils.java:logGet(46)) - raft.server.storage.dir = [/home/runner/work/ozone/ozone/hadoop-ozone/integration-test/target/test-dir/MiniOzoneClusterImpl-83d87173-15eb-40d9-9fb5-e31a77cfd1f5/datanode-1/data/ratis] (custom)
2023-04-21 06:17:38,598 [75ab3abc-5937-4b12-9491-8e152555f8b6-NettyServerStreamRpc-bossGroup--thread1] INFO  logging.LoggingHandler (AbstractInternalLogger.java:log(148)) - [id: 0xa86310ae] REGISTERED
2023-04-21 06:17:38,599 [75ab3abc-5937-4b12-9491-8e152555f8b6-NettyServerStreamRpc-bossGroup--thread1] INFO  logging.LoggingHandler (AbstractInternalLogger.java:log(148)) - [id: 0xa86310ae] BIND: 0.0.0.0/0.0.0.0:0
2023-04-21 06:17:38,599 [75ab3abc-5937-4b12-9491-8e152555f8b6-NettyServerStreamRpc-bossGroup--thread1] INFO  logging.LoggingHandler (AbstractInternalLogger.java:log(148)) - [id: 0xa86310ae, L:/0:0:0:0:0:0:0:0:33031] ACTIVE
2023-04-21 06:17:38,600 [Listener at 127.0.0.1/44977] INFO  server.XceiverServerGrpc (XceiverServerGrpc.java:<init>(132)) - GrpcServer channel type EpollServerSocketChannel
2023-04-21 06:17:38,604 [Listener at 127.0.0.1/44977] INFO  http.BaseHttpServer (BaseHttpServer.java:newHttpServer2BuilderForOzone(224)) - Starting Web-server for hddsDatanode at: http://0.0.0.0:0
2023-04-21 06:17:38,604 [Listener at 127.0.0.1/44977] INFO  http.BaseHttpServer (BaseHttpServer.java:<init>(111)) - Hadoop Security Enabled: false Ozone Security Enabled: false Ozone HTTP Security Enabled: false 
2023-04-21 06:17:38,605 [Listener at 127.0.0.1/44977] WARN  server.AuthenticationFilter (AuthenticationFilter.java:constructSecretProvider(240)) - Unable to initialize FileSignerSecretProvider, falling back to use random secrets. Reason: Could not read signature secret file: /home/runner/hadoop-http-auth-signature-secret
2023-04-21 06:17:38,606 [Listener at 127.0.0.1/44977] INFO  http.HttpRequestLog (HttpRequestLog.java:getRequestLog(86)) - Http request log for http.requests.hddsDatanode is not defined
2023-04-21 06:17:38,607 [Listener at 127.0.0.1/44977] INFO  http.HttpServer2 (HttpServer2.java:addGlobalFilter(1031)) - Added global filter 'safety' (class=org.apache.hadoop.hdds.server.http.HttpServer2$QuotingInputFilter)
2023-04-21 06:17:38,609 [Listener at 127.0.0.1/44977] INFO  http.HttpServer2 (HttpServer2.java:addFilter(1007)) - Added filter static_user_filter (class=org.apache.hadoop.http.lib.StaticUserWebFilter$StaticUserFilter) to context hddsDatanode
2023-04-21 06:17:38,609 [Listener at 127.0.0.1/44977] INFO  http.HttpServer2 (HttpServer2.java:addFilter(1015)) - Added filter static_user_filter (class=org.apache.hadoop.http.lib.StaticUserWebFilter$StaticUserFilter) to context static
2023-04-21 06:17:38,609 [Listener at 127.0.0.1/44977] INFO  http.HttpServer2 (HttpServer2.java:addFilter(1015)) - Added filter static_user_filter (class=org.apache.hadoop.http.lib.StaticUserWebFilter$StaticUserFilter) to context logs
2023-04-21 06:17:38,610 [Listener at 127.0.0.1/44977] INFO  http.BaseHttpServer (BaseHttpServer.java:<init>(190)) - HTTP server of hddsDatanode uses base directory /home/runner/work/ozone/ozone/hadoop-ozone/integration-test/target/test-dir/MiniOzoneClusterImpl-83d87173-15eb-40d9-9fb5-e31a77cfd1f5/datanode-1/meta/webserver
2023-04-21 06:17:38,610 [Listener at 127.0.0.1/44977] INFO  http.HttpServer2 (HttpServer2.java:bindListener(1250)) - Jetty bound to port 39293
2023-04-21 06:17:38,610 [Listener at 127.0.0.1/44977] INFO  server.Server (Server.java:doStart(375)) - jetty-9.4.49.v20220914; built: 2022-09-14T01:07:36.601Z; git: 4231a3b2e4cb8548a412a789936d640a97b1aa0a; jvm 1.8.0_362-b09
2023-04-21 06:17:38,614 [Listener at 127.0.0.1/44977] INFO  server.session (DefaultSessionIdManager.java:doStart(334)) - DefaultSessionIdManager workerName=node0
2023-04-21 06:17:38,614 [Listener at 127.0.0.1/44977] INFO  server.session (DefaultSessionIdManager.java:doStart(339)) - No SessionScavenger set, using defaults
2023-04-21 06:17:38,615 [Listener at 127.0.0.1/44977] INFO  server.session (HouseKeeper.java:startScavenging(132)) - node0 Scavenging every 600000ms
2023-04-21 06:17:38,615 [Listener at 127.0.0.1/44977] INFO  handler.ContextHandler (ContextHandler.java:doStart(921)) - Started o.e.j.s.ServletContextHandler@4af8cf86{logs,/logs,file:///home/runner/work/ozone/ozone/hadoop-ozone/integration-test/target/log,AVAILABLE}
2023-04-21 06:17:38,616 [Listener at 127.0.0.1/44977] INFO  handler.ContextHandler (ContextHandler.java:doStart(921)) - Started o.e.j.s.ServletContextHandler@4c94e0c5{static,/static,jar:file:/home/runner/.m2/repository/org/apache/ozone/hdds-container-service/1.4.0-SNAPSHOT/hdds-container-service-1.4.0-SNAPSHOT.jar!/webapps/static,AVAILABLE}
2023-04-21 06:17:38,807 [Listener at 127.0.0.1/44977] INFO  handler.ContextHandler (ContextHandler.java:doStart(921)) - Started o.e.j.w.WebAppContext@996b361{hddsDatanode,/,file:///home/runner/work/ozone/ozone/hadoop-ozone/integration-test/target/test-dir/MiniOzoneClusterImpl-83d87173-15eb-40d9-9fb5-e31a77cfd1f5/datanode-1/meta/webserver/jetty-0_0_0_0-39293-hdds-container-service-1_4_0-SNAPSHOT_jar-_-any-2912498906354436391/webapp/,AVAILABLE}{jar:file:/home/runner/.m2/repository/org/apache/ozone/hdds-container-service/1.4.0-SNAPSHOT/hdds-container-service-1.4.0-SNAPSHOT.jar!/webapps/hddsDatanode}
2023-04-21 06:17:38,811 [Listener at 127.0.0.1/44977] INFO  server.AbstractConnector (AbstractConnector.java:doStart(333)) - Started ServerConnector@552731fe{HTTP/1.1, (http/1.1)}{0.0.0.0:39293}
2023-04-21 06:17:38,811 [Listener at 127.0.0.1/44977] INFO  server.Server (Server.java:doStart(415)) - Started @141501ms
2023-04-21 06:17:38,811 [Listener at 127.0.0.1/44977] WARN  impl.MetricsSystemImpl (MetricsSystemImpl.java:register(279)) - Sink prometheus already exists!
2023-04-21 06:17:38,811 [Listener at 127.0.0.1/44977] INFO  http.BaseHttpServer (BaseHttpServer.java:updateConnectorAddress(344)) - HTTP server of hddsDatanode listening at http://0.0.0.0:39293
2023-04-21 06:17:38,820 [Listener at 127.0.0.1/44977] WARN  impl.MetricRegistriesImpl (MetricRegistriesImpl.java:addReporterRegistration(111)) - New reporters are added after registries were created. Some metrics will be missing from the reporter. Please add reporter before adding any new registry.
2023-04-21 06:17:38,820 [Listener at 127.0.0.1/44977] WARN  impl.MetricRegistriesImpl (MetricRegistriesImpl.java:addReporterRegistration(111)) - New reporters are added after registries were created. Some metrics will be missing from the reporter. Please add reporter before adding any new registry.
2023-04-21 06:17:38,820 [Listener at 127.0.0.1/44977] INFO  impl.MetricsSystemImpl (MetricsSystemImpl.java:init(158)) - HddsDatanode metrics system started (again)
2023-04-21 06:17:38,820 [Datanode State Machine Daemon Thread] INFO  statemachine.DatanodeStateMachine (DatanodeStateMachine.java:lambda$startDaemon$0(517)) - Ozone container server started.
2023-04-21 06:17:38,833 [Listener at 127.0.0.1/44977] INFO  ozone.HddsDatanodeService (HddsDatanodeService.java:start(252)) - HddsDatanodeService host:fv-az205-422 ip:10.1.0.35
2023-04-21 06:17:38,833 [org.apache.hadoop.util.JvmPauseMonitor$Monitor@10a56f55] INFO  util.JvmPauseMonitor (JvmPauseMonitor.java:run(188)) - Starting JVM pause monitor
2023-04-21 06:17:38,842 [Datanode State Machine Task Thread - 0] INFO  datanode.InitDatanodeState (InitDatanodeState.java:persistContainerDatanodeDetails(138)) - DatanodeDetails is persisted to /home/runner/work/ozone/ozone/hadoop-ozone/integration-test/target/test-dir/MiniOzoneClusterImpl-83d87173-15eb-40d9-9fb5-e31a77cfd1f5/datanode-1/meta/datanode.id
2023-04-21 06:17:38,858 [Listener at 127.0.0.1/44977] INFO  upgrade.AbstractLayoutVersionManager (AbstractLayoutVersionManager.java:init(83)) - Initializing Layout version manager with metadata layout = WEBUI_PORTS_IN_DATANODEDETAILS (version = 6), software layout = WEBUI_PORTS_IN_DATANODEDETAILS (version = 6)
2023-04-21 06:17:38,906 [Listener at 127.0.0.1/44977] INFO  reflections.Reflections (Reflections.java:scan(232)) - Reflections took 47 ms to scan 7 urls, producing 156 keys and 369 values 
2023-04-21 06:17:38,907 [Listener at 127.0.0.1/44977] INFO  statemachine.DatanodeStateMachine (DatanodeStateMachine.java:getEndPointTaskThreadPoolSize(260)) - Datanode State Machine Task Thread Pool size 2
2023-04-21 06:17:38,910 [Listener at 127.0.0.1/44977] INFO  volume.HddsVolume (HddsVolume.java:<init>(130)) - Creating HddsVolume: /home/runner/work/ozone/ozone/hadoop-ozone/integration-test/target/test-dir/MiniOzoneClusterImpl-83d87173-15eb-40d9-9fb5-e31a77cfd1f5/datanode-2/data-0/containers/hdds of storage type : DISK capacity : 9223372036854775807
2023-04-21 06:17:38,910 [Listener at 127.0.0.1/44977] INFO  volume.MutableVolumeSet (MutableVolumeSet.java:initializeVolumeSet(175)) - Added Volume : /home/runner/work/ozone/ozone/hadoop-ozone/integration-test/target/test-dir/MiniOzoneClusterImpl-83d87173-15eb-40d9-9fb5-e31a77cfd1f5/datanode-2/data-0/containers/hdds to VolumeSet
2023-04-21 06:17:38,910 [Listener at 127.0.0.1/44977] INFO  volume.ThrottledAsyncChecker (ThrottledAsyncChecker.java:schedule(141)) - Scheduling a check for /home/runner/work/ozone/ozone/hadoop-ozone/integration-test/target/test-dir/MiniOzoneClusterImpl-83d87173-15eb-40d9-9fb5-e31a77cfd1f5/datanode-2/data-0/containers/hdds
2023-04-21 06:17:38,916 [Listener at 127.0.0.1/44977] INFO  volume.StorageVolumeChecker (StorageVolumeChecker.java:checkAllVolumes(202)) - Scheduled health check for volume /home/runner/work/ozone/ozone/hadoop-ozone/integration-test/target/test-dir/MiniOzoneClusterImpl-83d87173-15eb-40d9-9fb5-e31a77cfd1f5/datanode-2/data-0/containers/hdds
2023-04-21 06:17:38,927 [Listener at 127.0.0.1/44977] INFO  volume.MutableVolumeSet (MutableVolumeSet.java:initializeVolumeSet(175)) - Added Volume : /home/runner/work/ozone/ozone/hadoop-ozone/integration-test/target/test-dir/MiniOzoneClusterImpl-83d87173-15eb-40d9-9fb5-e31a77cfd1f5/datanode-2/data/ratis to VolumeSet
2023-04-21 06:17:38,927 [Listener at 127.0.0.1/44977] INFO  volume.ThrottledAsyncChecker (ThrottledAsyncChecker.java:schedule(141)) - Scheduling a check for /home/runner/work/ozone/ozone/hadoop-ozone/integration-test/target/test-dir/MiniOzoneClusterImpl-83d87173-15eb-40d9-9fb5-e31a77cfd1f5/datanode-2/data/ratis
2023-04-21 06:17:38,927 [Listener at 127.0.0.1/44977] INFO  volume.StorageVolumeChecker (StorageVolumeChecker.java:checkAllVolumes(202)) - Scheduled health check for volume /home/runner/work/ozone/ozone/hadoop-ozone/integration-test/target/test-dir/MiniOzoneClusterImpl-83d87173-15eb-40d9-9fb5-e31a77cfd1f5/datanode-2/data/ratis
2023-04-21 06:17:38,938 [Thread-1809] INFO  ozoneimpl.ContainerReader (ContainerReader.java:readVolume(175)) - Finish verifying containers on volume /home/runner/work/ozone/ozone/hadoop-ozone/integration-test/target/test-dir/MiniOzoneClusterImpl-83d87173-15eb-40d9-9fb5-e31a77cfd1f5/datanode-2/data-0/containers/hdds
2023-04-21 06:17:38,938 [Listener at 127.0.0.1/44977] INFO  ozoneimpl.OzoneContainer (OzoneContainer.java:buildContainerSet(303)) - Build ContainerSet costs 0s
2023-04-21 06:17:38,940 [Listener at 127.0.0.1/44977] INFO  server.RaftServer (ConfUtils.java:logGet(46)) - raft.rpc.type = GRPC (default)
2023-04-21 06:17:38,940 [Listener at 127.0.0.1/44977] INFO  grpc.GrpcConfigKeys (ConfUtils.java:logFallback(53)) - raft.grpc.admin.host = null (fallback to raft.grpc.server.host)
2023-04-21 06:17:38,940 [Listener at 127.0.0.1/44977] INFO  grpc.GrpcConfigKeys (ConfUtils.java:logGet(46)) - raft.grpc.admin.port = 0 (custom)
2023-04-21 06:17:38,940 [Listener at 127.0.0.1/44977] INFO  grpc.GrpcConfigKeys (ConfUtils.java:logFallback(53)) - raft.grpc.client.host = null (fallback to raft.grpc.server.host)
2023-04-21 06:17:38,940 [Listener at 127.0.0.1/44977] INFO  grpc.GrpcConfigKeys (ConfUtils.java:logGet(46)) - raft.grpc.client.port = 0 (custom)
2023-04-21 06:17:38,940 [Listener at 127.0.0.1/44977] INFO  grpc.GrpcConfigKeys (ConfUtils.java:logGet(46)) - raft.grpc.server.host = null (default)
2023-04-21 06:17:38,940 [Listener at 127.0.0.1/44977] INFO  grpc.GrpcConfigKeys (ConfUtils.java:logGet(46)) - raft.grpc.server.port = 0 (default)
2023-04-21 06:17:38,940 [Listener at 127.0.0.1/44977] INFO  server.GrpcService (ConfUtils.java:logGet(46)) - raft.grpc.message.size.max = 32MB (=33554432) (custom)
2023-04-21 06:17:38,940 [Listener at 127.0.0.1/44977] INFO  server.RaftServerConfigKeys (ConfUtils.java:logGet(46)) - raft.server.log.appender.buffer.byte-limit = 33554432 (custom)
2023-04-21 06:17:38,940 [Listener at 127.0.0.1/44977] INFO  server.GrpcService (ConfUtils.java:logGet(46)) - raft.grpc.flow.control.window = 5MB (=5242880) (custom)
2023-04-21 06:17:38,941 [Listener at 127.0.0.1/44977] INFO  server.RaftServerConfigKeys (ConfUtils.java:logGet(46)) - raft.server.rpc.request.timeout = 60s (custom)
2023-04-21 06:17:38,941 [Listener at 127.0.0.1/44977] INFO  grpc.GrpcConfigKeys (ConfUtils.java:logGet(46)) - raft.grpc.server.heartbeat.channel = true (default)
2023-04-21 06:17:38,941 [Listener at 127.0.0.1/44977] INFO  grpc.GrpcConfigKeys (ConfUtils.java:logGet(46)) - raft.grpc.server.async.request.thread.pool.cached = true (default)
2023-04-21 06:17:38,941 [Listener at 127.0.0.1/44977] INFO  grpc.GrpcConfigKeys (ConfUtils.java:logGet(46)) - raft.grpc.server.async.request.thread.pool.size = 32 (default)
2023-04-21 06:17:38,942 [Listener at 127.0.0.1/44977] INFO  impl.DataStreamServerImpl (ConfUtils.java:logGet(46)) - raft.datastream.type = NETTY (custom)
2023-04-21 06:17:38,942 [Listener at 127.0.0.1/44977] INFO  server.RaftServerConfigKeys (ConfUtils.java:logGet(46)) - raft.server.data-stream.async.request.thread.pool.cached = false (default)
2023-04-21 06:17:38,942 [Listener at 127.0.0.1/44977] INFO  server.RaftServerConfigKeys (ConfUtils.java:logGet(46)) - raft.server.data-stream.async.request.thread.pool.size = 20 (custom)
2023-04-21 06:17:38,942 [Listener at 127.0.0.1/44977] INFO  server.RaftServerConfigKeys (ConfUtils.java:logGet(46)) - raft.server.data-stream.async.write.thread.pool.size = 16 (default)
2023-04-21 06:17:38,942 [Listener at 127.0.0.1/44977] INFO  server.RaftServerConfigKeys (ConfUtils.java:logGet(46)) - raft.server.data-stream.client.pool.size = 10 (default)
2023-04-21 06:17:38,943 [Listener at 127.0.0.1/44977] INFO  netty.NettyConfigKeys$DataStream (ConfUtils.java:logGet(46)) - raft.netty.dataStream.server.use-epoll = false (default)
2023-04-21 06:17:38,943 [Listener at 127.0.0.1/44977] INFO  netty.NettyConfigKeys$DataStream (ConfUtils.java:logGet(46)) - raft.netty.dataStream.server.boss-group.size = 0 (default)
2023-04-21 06:17:38,943 [Listener at 127.0.0.1/44977] INFO  netty.NettyConfigKeys$DataStream (ConfUtils.java:logGet(46)) - raft.netty.dataStream.server.worker-group.size = 0 (default)
2023-04-21 06:17:38,943 [Listener at 127.0.0.1/44977] INFO  netty.NettyConfigKeys$DataStream (ConfUtils.java:logGet(46)) - raft.netty.dataStream.server.tls.conf = null (default)
2023-04-21 06:17:38,943 [Listener at 127.0.0.1/44977] INFO  netty.NettyConfigKeys$DataStream (ConfUtils.java:logGet(46)) - raft.netty.dataStream.host = null (default)
2023-04-21 06:17:38,943 [Listener at 127.0.0.1/44977] INFO  netty.NettyConfigKeys$DataStream (ConfUtils.java:logGet(46)) - raft.netty.dataStream.port = 0 (default)
2023-04-21 06:17:38,944 [Listener at 127.0.0.1/44977] INFO  server.RaftServerConfigKeys (ConfUtils.java:logGet(46)) - raft.server.threadpool.proxy.cached = true (default)
2023-04-21 06:17:38,944 [Listener at 127.0.0.1/44977] INFO  server.RaftServerConfigKeys (ConfUtils.java:logGet(46)) - raft.server.threadpool.proxy.size = 0 (default)
2023-04-21 06:17:38,944 [Listener at 127.0.0.1/44977] INFO  server.RaftServerConfigKeys (ConfUtils.java:logGet(46)) - raft.server.rpc.slowness.timeout = 300s (custom)
2023-04-21 06:17:38,944 [Listener at 127.0.0.1/44977] INFO  server.RaftServerConfigKeys (ConfUtils.java:logGet(46)) - raft.server.leaderelection.leader.step-down.wait-time = 10s (default)
2023-04-21 06:17:38,944 [Listener at 127.0.0.1/44977] INFO  server.RaftServerConfigKeys (ConfUtils.java:logGet(46)) - raft.server.storage.dir = [/home/runner/work/ozone/ozone/hadoop-ozone/integration-test/target/test-dir/MiniOzoneClusterImpl-83d87173-15eb-40d9-9fb5-e31a77cfd1f5/datanode-2/data/ratis] (custom)
2023-04-21 06:17:38,945 [b517b6f9-ca83-4992-bad0-b7f510a386a5-NettyServerStreamRpc-bossGroup--thread1] INFO  logging.LoggingHandler (AbstractInternalLogger.java:log(148)) - [id: 0xb8d6ea2a] REGISTERED
2023-04-21 06:17:38,945 [b517b6f9-ca83-4992-bad0-b7f510a386a5-NettyServerStreamRpc-bossGroup--thread1] INFO  logging.LoggingHandler (AbstractInternalLogger.java:log(148)) - [id: 0xb8d6ea2a] BIND: 0.0.0.0/0.0.0.0:0
2023-04-21 06:17:38,945 [b517b6f9-ca83-4992-bad0-b7f510a386a5-NettyServerStreamRpc-bossGroup--thread1] INFO  logging.LoggingHandler (AbstractInternalLogger.java:log(148)) - [id: 0xb8d6ea2a, L:/0:0:0:0:0:0:0:0:39461] ACTIVE
2023-04-21 06:17:38,946 [Listener at 127.0.0.1/44977] INFO  server.XceiverServerGrpc (XceiverServerGrpc.java:<init>(132)) - GrpcServer channel type EpollServerSocketChannel
2023-04-21 06:17:38,949 [Listener at 127.0.0.1/44977] INFO  http.BaseHttpServer (BaseHttpServer.java:newHttpServer2BuilderForOzone(224)) - Starting Web-server for hddsDatanode at: http://0.0.0.0:0
2023-04-21 06:17:38,949 [Listener at 127.0.0.1/44977] INFO  http.BaseHttpServer (BaseHttpServer.java:<init>(111)) - Hadoop Security Enabled: false Ozone Security Enabled: false Ozone HTTP Security Enabled: false 
2023-04-21 06:17:38,950 [Listener at 127.0.0.1/44977] WARN  server.AuthenticationFilter (AuthenticationFilter.java:constructSecretProvider(240)) - Unable to initialize FileSignerSecretProvider, falling back to use random secrets. Reason: Could not read signature secret file: /home/runner/hadoop-http-auth-signature-secret
2023-04-21 06:17:38,950 [Listener at 127.0.0.1/44977] INFO  http.HttpRequestLog (HttpRequestLog.java:getRequestLog(86)) - Http request log for http.requests.hddsDatanode is not defined
2023-04-21 06:17:38,951 [Listener at 127.0.0.1/44977] INFO  http.HttpServer2 (HttpServer2.java:addGlobalFilter(1031)) - Added global filter 'safety' (class=org.apache.hadoop.hdds.server.http.HttpServer2$QuotingInputFilter)
2023-04-21 06:17:38,951 [Listener at 127.0.0.1/44977] INFO  http.HttpServer2 (HttpServer2.java:addFilter(1007)) - Added filter static_user_filter (class=org.apache.hadoop.http.lib.StaticUserWebFilter$StaticUserFilter) to context hddsDatanode
2023-04-21 06:17:38,952 [Listener at 127.0.0.1/44977] INFO  http.HttpServer2 (HttpServer2.java:addFilter(1015)) - Added filter static_user_filter (class=org.apache.hadoop.http.lib.StaticUserWebFilter$StaticUserFilter) to context logs
2023-04-21 06:17:38,952 [Listener at 127.0.0.1/44977] INFO  http.HttpServer2 (HttpServer2.java:addFilter(1015)) - Added filter static_user_filter (class=org.apache.hadoop.http.lib.StaticUserWebFilter$StaticUserFilter) to context static
2023-04-21 06:17:38,952 [Listener at 127.0.0.1/44977] INFO  http.BaseHttpServer (BaseHttpServer.java:<init>(190)) - HTTP server of hddsDatanode uses base directory /home/runner/work/ozone/ozone/hadoop-ozone/integration-test/target/test-dir/MiniOzoneClusterImpl-83d87173-15eb-40d9-9fb5-e31a77cfd1f5/datanode-2/meta/webserver
2023-04-21 06:17:38,952 [Listener at 127.0.0.1/44977] INFO  http.HttpServer2 (HttpServer2.java:bindListener(1250)) - Jetty bound to port 42501
2023-04-21 06:17:38,952 [Listener at 127.0.0.1/44977] INFO  server.Server (Server.java:doStart(375)) - jetty-9.4.49.v20220914; built: 2022-09-14T01:07:36.601Z; git: 4231a3b2e4cb8548a412a789936d640a97b1aa0a; jvm 1.8.0_362-b09
2023-04-21 06:17:38,959 [Listener at 127.0.0.1/44977] INFO  server.session (DefaultSessionIdManager.java:doStart(334)) - DefaultSessionIdManager workerName=node0
2023-04-21 06:17:38,959 [Listener at 127.0.0.1/44977] INFO  server.session (DefaultSessionIdManager.java:doStart(339)) - No SessionScavenger set, using defaults
2023-04-21 06:17:38,959 [Listener at 127.0.0.1/44977] INFO  server.session (HouseKeeper.java:startScavenging(132)) - node0 Scavenging every 600000ms
2023-04-21 06:17:38,960 [Listener at 127.0.0.1/44977] INFO  handler.ContextHandler (ContextHandler.java:doStart(921)) - Started o.e.j.s.ServletContextHandler@5c3dd8b4{logs,/logs,file:///home/runner/work/ozone/ozone/hadoop-ozone/integration-test/target/log,AVAILABLE}
2023-04-21 06:17:38,960 [Listener at 127.0.0.1/44977] INFO  handler.ContextHandler (ContextHandler.java:doStart(921)) - Started o.e.j.s.ServletContextHandler@4cf0173e{static,/static,jar:file:/home/runner/.m2/repository/org/apache/ozone/hdds-container-service/1.4.0-SNAPSHOT/hdds-container-service-1.4.0-SNAPSHOT.jar!/webapps/static,AVAILABLE}
2023-04-21 06:17:39,154 [Listener at 127.0.0.1/44977] INFO  handler.ContextHandler (ContextHandler.java:doStart(921)) - Started o.e.j.w.WebAppContext@6a2c12cb{hddsDatanode,/,file:///home/runner/work/ozone/ozone/hadoop-ozone/integration-test/target/test-dir/MiniOzoneClusterImpl-83d87173-15eb-40d9-9fb5-e31a77cfd1f5/datanode-2/meta/webserver/jetty-0_0_0_0-42501-hdds-container-service-1_4_0-SNAPSHOT_jar-_-any-1836350771158134429/webapp/,AVAILABLE}{jar:file:/home/runner/.m2/repository/org/apache/ozone/hdds-container-service/1.4.0-SNAPSHOT/hdds-container-service-1.4.0-SNAPSHOT.jar!/webapps/hddsDatanode}
2023-04-21 06:17:39,156 [Listener at 127.0.0.1/44977] INFO  server.AbstractConnector (AbstractConnector.java:doStart(333)) - Started ServerConnector@78b58fe5{HTTP/1.1, (http/1.1)}{0.0.0.0:42501}
2023-04-21 06:17:39,156 [Listener at 127.0.0.1/44977] INFO  server.Server (Server.java:doStart(415)) - Started @141846ms
2023-04-21 06:17:39,156 [Listener at 127.0.0.1/44977] WARN  impl.MetricsSystemImpl (MetricsSystemImpl.java:register(279)) - Sink prometheus already exists!
2023-04-21 06:17:39,156 [Listener at 127.0.0.1/44977] INFO  http.BaseHttpServer (BaseHttpServer.java:updateConnectorAddress(344)) - HTTP server of hddsDatanode listening at http://0.0.0.0:42501
2023-04-21 06:17:39,158 [Listener at 127.0.0.1/44977] INFO  ozone.MiniOzoneClusterImpl (MiniOzoneClusterImpl.java:lambda$waitForClusterToBeReady$0(223)) - Waiting for nodes to be ready. Got 0 of 3 DN Heartbeats.
2023-04-21 06:17:39,158 [Listener at 127.0.0.1/44977] INFO  ozone.MiniOzoneClusterImpl (MiniOzoneClusterImpl.java:lambda$waitForClusterToBeReady$0(226)) - Waiting for cluster to exit safe mode
2023-04-21 06:17:39,158 [Listener at 127.0.0.1/44977] INFO  ozone.MiniOzoneClusterImpl (MiniOzoneClusterImpl.java:lambda$waitForClusterToBeReady$0(228)) - SCM became leader
2023-04-21 06:17:39,158 [Datanode State Machine Daemon Thread] INFO  statemachine.DatanodeStateMachine (DatanodeStateMachine.java:lambda$startDaemon$0(517)) - Ozone container server started.
2023-04-21 06:17:39,159 [om1@group-C5BA1605619E-FollowerState] INFO  impl.FollowerState (FollowerState.java:run(143)) - om1@group-C5BA1605619E-FollowerState: change to CANDIDATE, lastRpcElapsedTime:1097943669ns, electionTimeout:1093ms
2023-04-21 06:17:39,160 [om1@group-C5BA1605619E-FollowerState] INFO  impl.RoleInfo (RoleInfo.java:shutdownFollowerState(110)) - om1: shutdown om1@group-C5BA1605619E-FollowerState
2023-04-21 06:17:39,160 [om1@group-C5BA1605619E-FollowerState] INFO  server.RaftServer$Division (RaftServerImpl.java:setRole(321)) - om1@group-C5BA1605619E: changes role from  FOLLOWER to CANDIDATE at term 0 for changeToCandidate
2023-04-21 06:17:39,160 [om1@group-C5BA1605619E-FollowerState] INFO  server.RaftServerConfigKeys (ConfUtils.java:logGet(46)) - raft.server.leaderelection.pre-vote = true (default)
2023-04-21 06:17:39,160 [om1@group-C5BA1605619E-FollowerState] INFO  impl.RoleInfo (RoleInfo.java:updateAndGet(139)) - om1: start om1@group-C5BA1605619E-LeaderElection25
2023-04-21 06:17:39,162 [org.apache.hadoop.util.JvmPauseMonitor$Monitor@201b8f04] INFO  util.JvmPauseMonitor (JvmPauseMonitor.java:run(188)) - Starting JVM pause monitor
2023-04-21 06:17:39,166 [om1@group-C5BA1605619E-LeaderElection25] INFO  impl.LeaderElection (LeaderElection.java:askForVotes(312)) - om1@group-C5BA1605619E-LeaderElection25 PRE_VOTE round 0: submit vote requests at term 0 for -1: peers:[om1|rpc:localhost:9872|priority:0|startupRole:FOLLOWER]|listeners:[], old=null
2023-04-21 06:17:39,166 [om1@group-C5BA1605619E-LeaderElection25] INFO  impl.LeaderElection (LeaderElection.java:askForVotes(314)) - om1@group-C5BA1605619E-LeaderElection25 PRE_VOTE round 0: result PASSED (term=0)
2023-04-21 06:17:39,168 [Datanode State Machine Task Thread - 0] INFO  datanode.InitDatanodeState (InitDatanodeState.java:persistContainerDatanodeDetails(138)) - DatanodeDetails is persisted to /home/runner/work/ozone/ozone/hadoop-ozone/integration-test/target/test-dir/MiniOzoneClusterImpl-83d87173-15eb-40d9-9fb5-e31a77cfd1f5/datanode-2/meta/datanode.id
2023-04-21 06:17:39,168 [om1@group-C5BA1605619E-LeaderElection25] INFO  impl.LeaderElection (LeaderElection.java:askForVotes(312)) - om1@group-C5BA1605619E-LeaderElection25 ELECTION round 0: submit vote requests at term 1 for -1: peers:[om1|rpc:localhost:9872|priority:0|startupRole:FOLLOWER]|listeners:[], old=null
2023-04-21 06:17:39,170 [om1@group-C5BA1605619E-LeaderElection25] INFO  impl.LeaderElection (LeaderElection.java:askForVotes(314)) - om1@group-C5BA1605619E-LeaderElection25 ELECTION round 0: result PASSED (term=1)
2023-04-21 06:17:39,170 [om1@group-C5BA1605619E-LeaderElection25] INFO  impl.RoleInfo (RoleInfo.java:shutdownLeaderElection(130)) - om1: shutdown om1@group-C5BA1605619E-LeaderElection25
2023-04-21 06:17:39,170 [om1@group-C5BA1605619E-LeaderElection25] INFO  server.RaftServer$Division (RaftServerImpl.java:setRole(321)) - om1@group-C5BA1605619E: changes role from CANDIDATE to LEADER at term 1 for changeToLeader
2023-04-21 06:17:39,171 [om1@group-C5BA1605619E-LeaderElection25] INFO  server.RaftServer$Division (ServerState.java:setLeader(313)) - om1@group-C5BA1605619E: change Leader from null to om1 at term 1 for becomeLeader, leader elected after 1670ms
2023-04-21 06:17:39,171 [om1@group-C5BA1605619E-LeaderElection25] INFO  server.RaftServerConfigKeys (ConfUtils.java:logGet(46)) - raft.server.staging.catchup.gap = 1000 (default)
2023-04-21 06:17:39,171 [om1@group-C5BA1605619E-LeaderElection25] INFO  server.RaftServerConfigKeys (ConfUtils.java:logGet(46)) - raft.server.write.element-limit = 4096 (default)
2023-04-21 06:17:39,171 [om1@group-C5BA1605619E-LeaderElection25] INFO  server.RaftServerConfigKeys (ConfUtils.java:logGet(46)) - raft.server.write.byte-limit = 64MB (=67108864) (default)
2023-04-21 06:17:39,171 [om1@group-C5BA1605619E-LeaderElection25] INFO  server.RaftServerConfigKeys (ConfUtils.java:logGet(46)) - raft.server.watch.timeout = 10s (default)
2023-04-21 06:17:39,172 [om1@group-C5BA1605619E-LeaderElection25] INFO  server.RaftServerConfigKeys (ConfUtils.java:logGet(46)) - raft.server.watch.timeout.denomination = 1s (default)
2023-04-21 06:17:39,172 [om1@group-C5BA1605619E-LeaderElection25] INFO  server.RaftServerConfigKeys (ConfUtils.java:logGet(46)) - raft.server.watch.element-limit = 65536 (default)
2023-04-21 06:17:39,172 [om1@group-C5BA1605619E-LeaderElection25] INFO  server.RaftServerConfigKeys (ConfUtils.java:logGet(46)) - raft.server.write.element-limit = 4096 (default)
2023-04-21 06:17:39,172 [om1@group-C5BA1605619E-LeaderElection25] INFO  server.RaftServerConfigKeys (ConfUtils.java:logGet(46)) - raft.server.write.follower.gap.ratio.max = -1.0 (default)
2023-04-21 06:17:39,172 [om1@group-C5BA1605619E-LeaderElection25] INFO  impl.RoleInfo (RoleInfo.java:updateAndGet(139)) - om1: start om1@group-C5BA1605619E-LeaderStateImpl
2023-04-21 06:17:39,172 [om1@group-C5BA1605619E-LeaderElection25] INFO  segmented.SegmentedRaftLogWorker (SegmentedRaftLogWorker.java:startLogSegment(452)) - om1@group-C5BA1605619E-SegmentedRaftLogWorker: Starting segment from index:0
2023-04-21 06:17:39,177 [om1@group-C5BA1605619E-LeaderElection25] INFO  server.RaftServer$Division (ServerState.java:setRaftConf(430)) - om1@group-C5BA1605619E: set configuration 0: peers:[om1|rpc:localhost:9872|admin:|client:|dataStream:|priority:0|startupRole:FOLLOWER]|listeners:[], old=null
2023-04-21 06:17:39,183 [om1@group-C5BA1605619E-SegmentedRaftLogWorker] INFO  segmented.SegmentedRaftLogWorker (SegmentedRaftLogWorker.java:execute(656)) - om1@group-C5BA1605619E-SegmentedRaftLogWorker: created new log segment /home/runner/work/ozone/ozone/hadoop-ozone/integration-test/target/test-dir/MiniOzoneClusterImpl-83d87173-15eb-40d9-9fb5-e31a77cfd1f5/ozone-meta/ratis/bf265839-605b-3f16-9796-c5ba1605619e/current/log_inprogress_0
2023-04-21 06:17:39,185 [om1@group-C5BA1605619E-StateMachineUpdater] INFO  ratis.OzoneManagerStateMachine (OzoneManagerStateMachine.java:notifyConfigurationChanged(200)) - Received Configuration change notification from Ratis. New Peer list:
[id: "om1"
address: "localhost:9872"
startupRole: FOLLOWER
]
2023-04-21 06:17:40,158 [Listener at 127.0.0.1/44977] INFO  ozone.MiniOzoneClusterImpl (MiniOzoneClusterImpl.java:lambda$waitForClusterToBeReady$0(223)) - Waiting for nodes to be ready. Got 0 of 3 DN Heartbeats.
2023-04-21 06:17:40,158 [Listener at 127.0.0.1/44977] INFO  ozone.MiniOzoneClusterImpl (MiniOzoneClusterImpl.java:lambda$waitForClusterToBeReady$0(226)) - Waiting for cluster to exit safe mode
2023-04-21 06:17:40,158 [Listener at 127.0.0.1/44977] INFO  ozone.MiniOzoneClusterImpl (MiniOzoneClusterImpl.java:lambda$waitForClusterToBeReady$0(228)) - SCM became leader
2023-04-21 06:17:40,529 [EndpointStateMachine task thread for /0.0.0.0:44365 - 0 ] INFO  utils.DatanodeStoreCache (DatanodeStoreCache.java:addDB(58)) - Added db /home/runner/work/ozone/ozone/hadoop-ozone/integration-test/target/test-dir/MiniOzoneClusterImpl-83d87173-15eb-40d9-9fb5-e31a77cfd1f5/datanode-0/data-0/containers/hdds/83d87173-15eb-40d9-9fb5-e31a77cfd1f5/DS-e375651a-f28b-41a4-8b21-f5080403677a/container.db to cache
2023-04-21 06:17:40,529 [EndpointStateMachine task thread for /0.0.0.0:44365 - 0 ] INFO  volume.HddsVolume (HddsVolume.java:createDbStore(350)) - SchemaV3 db is created and loaded at /home/runner/work/ozone/ozone/hadoop-ozone/integration-test/target/test-dir/MiniOzoneClusterImpl-83d87173-15eb-40d9-9fb5-e31a77cfd1f5/datanode-0/data-0/containers/hdds/83d87173-15eb-40d9-9fb5-e31a77cfd1f5/DS-e375651a-f28b-41a4-8b21-f5080403677a/container.db for volume DS-e375651a-f28b-41a4-8b21-f5080403677a
2023-04-21 06:17:40,530 [EndpointStateMachine task thread for /0.0.0.0:44365 - 0 ] INFO  ozoneimpl.OzoneContainer (OzoneContainer.java:start(397)) - Attempting to start container services.
2023-04-21 06:17:40,530 [EndpointStateMachine task thread for /0.0.0.0:44365 - 0 ] INFO  ozoneimpl.OzoneContainer (OzoneContainer.java:startContainerScrub(314)) - Scheduled background container scanners and the on-demand container scanner have been disabled.
2023-04-21 06:17:40,532 [EndpointStateMachine task thread for /0.0.0.0:44365 - 0 ] INFO  replication.ReplicationServer (ReplicationServer.java:start(109)) - ReplicationServer is started using port 38107
2023-04-21 06:17:40,532 [EndpointStateMachine task thread for /0.0.0.0:44365 - 0 ] INFO  ratis.XceiverServerRatis (XceiverServerRatis.java:start(517)) - Starting XceiverServerRatis af01062f-3048-4ed4-9f14-cd7341189c22
2023-04-21 06:17:40,532 [EndpointStateMachine task thread for /0.0.0.0:44365 - 0 ] INFO  server.RaftServer (RaftServerProxy.java:startImpl(393)) - af01062f-3048-4ed4-9f14-cd7341189c22: start RPC server
2023-04-21 06:17:40,534 [EndpointStateMachine task thread for /0.0.0.0:44365 - 0 ] INFO  server.GrpcService (GrpcService.java:startImpl(262)) - af01062f-3048-4ed4-9f14-cd7341189c22: GrpcService started, listening on 40473
2023-04-21 06:17:40,534 [EndpointStateMachine task thread for /0.0.0.0:44365 - 0 ] INFO  ratis.XceiverServerRatis (XceiverServerRatis.java:getRealPort(543)) - XceiverServerRatis af01062f-3048-4ed4-9f14-cd7341189c22 is started using port 40473 for RATIS
2023-04-21 06:17:40,534 [EndpointStateMachine task thread for /0.0.0.0:44365 - 0 ] INFO  ratis.XceiverServerRatis (XceiverServerRatis.java:getRealPort(543)) - XceiverServerRatis af01062f-3048-4ed4-9f14-cd7341189c22 is started using port 40473 for RATIS_ADMIN
2023-04-21 06:17:40,534 [EndpointStateMachine task thread for /0.0.0.0:44365 - 0 ] INFO  ratis.XceiverServerRatis (XceiverServerRatis.java:getRealPort(543)) - XceiverServerRatis af01062f-3048-4ed4-9f14-cd7341189c22 is started using port 40473 for RATIS_SERVER
2023-04-21 06:17:40,534 [EndpointStateMachine task thread for /0.0.0.0:44365 - 0 ] INFO  ratis.XceiverServerRatis (XceiverServerRatis.java:getRealPort(543)) - XceiverServerRatis af01062f-3048-4ed4-9f14-cd7341189c22 is started using port 45409 for RATIS_DATASTREAM
2023-04-21 06:17:40,535 [JvmPauseMonitor17] INFO  util.JvmPauseMonitor (JvmPauseMonitor.java:run(105)) - JvmPauseMonitor-af01062f-3048-4ed4-9f14-cd7341189c22: Started
2023-04-21 06:17:40,538 [EndpointStateMachine task thread for /0.0.0.0:44365 - 0 ] INFO  server.XceiverServerGrpc (XceiverServerGrpc.java:start(180)) - XceiverServerGrpc af01062f-3048-4ed4-9f14-cd7341189c22 is started using port 32855
2023-04-21 06:17:40,538 [BlockDeletingService#0] INFO  interfaces.ContainerDeletionChoosingPolicyTemplate (ContainerDeletionChoosingPolicyTemplate.java:chooseContainerForBlockDeletion(83)) - Chosen 0/5000 blocks from 0 candidate containers.
2023-04-21 06:17:40,871 [EndpointStateMachine task thread for /0.0.0.0:44365 - 0 ] INFO  utils.DatanodeStoreCache (DatanodeStoreCache.java:addDB(58)) - Added db /home/runner/work/ozone/ozone/hadoop-ozone/integration-test/target/test-dir/MiniOzoneClusterImpl-83d87173-15eb-40d9-9fb5-e31a77cfd1f5/datanode-1/data-0/containers/hdds/83d87173-15eb-40d9-9fb5-e31a77cfd1f5/DS-f108bb0e-ae14-4326-a00c-8503291eb285/container.db to cache
2023-04-21 06:17:40,871 [EndpointStateMachine task thread for /0.0.0.0:44365 - 0 ] INFO  volume.HddsVolume (HddsVolume.java:createDbStore(350)) - SchemaV3 db is created and loaded at /home/runner/work/ozone/ozone/hadoop-ozone/integration-test/target/test-dir/MiniOzoneClusterImpl-83d87173-15eb-40d9-9fb5-e31a77cfd1f5/datanode-1/data-0/containers/hdds/83d87173-15eb-40d9-9fb5-e31a77cfd1f5/DS-f108bb0e-ae14-4326-a00c-8503291eb285/container.db for volume DS-f108bb0e-ae14-4326-a00c-8503291eb285
2023-04-21 06:17:40,871 [EndpointStateMachine task thread for /0.0.0.0:44365 - 0 ] INFO  ozoneimpl.OzoneContainer (OzoneContainer.java:start(397)) - Attempting to start container services.
2023-04-21 06:17:40,871 [EndpointStateMachine task thread for /0.0.0.0:44365 - 0 ] INFO  ozoneimpl.OzoneContainer (OzoneContainer.java:startContainerScrub(314)) - Scheduled background container scanners and the on-demand container scanner have been disabled.
2023-04-21 06:17:40,873 [EndpointStateMachine task thread for /0.0.0.0:44365 - 0 ] INFO  replication.ReplicationServer (ReplicationServer.java:start(109)) - ReplicationServer is started using port 33137
2023-04-21 06:17:40,873 [EndpointStateMachine task thread for /0.0.0.0:44365 - 0 ] INFO  ratis.XceiverServerRatis (XceiverServerRatis.java:start(517)) - Starting XceiverServerRatis 75ab3abc-5937-4b12-9491-8e152555f8b6
2023-04-21 06:17:40,874 [EndpointStateMachine task thread for /0.0.0.0:44365 - 0 ] INFO  server.RaftServer (RaftServerProxy.java:startImpl(393)) - 75ab3abc-5937-4b12-9491-8e152555f8b6: start RPC server
2023-04-21 06:17:40,875 [EndpointStateMachine task thread for /0.0.0.0:44365 - 0 ] INFO  server.GrpcService (GrpcService.java:startImpl(262)) - 75ab3abc-5937-4b12-9491-8e152555f8b6: GrpcService started, listening on 33467
2023-04-21 06:17:40,875 [EndpointStateMachine task thread for /0.0.0.0:44365 - 0 ] INFO  ratis.XceiverServerRatis (XceiverServerRatis.java:getRealPort(543)) - XceiverServerRatis 75ab3abc-5937-4b12-9491-8e152555f8b6 is started using port 33467 for RATIS
2023-04-21 06:17:40,875 [JvmPauseMonitor18] INFO  util.JvmPauseMonitor (JvmPauseMonitor.java:run(105)) - JvmPauseMonitor-75ab3abc-5937-4b12-9491-8e152555f8b6: Started
2023-04-21 06:17:40,875 [EndpointStateMachine task thread for /0.0.0.0:44365 - 0 ] INFO  ratis.XceiverServerRatis (XceiverServerRatis.java:getRealPort(543)) - XceiverServerRatis 75ab3abc-5937-4b12-9491-8e152555f8b6 is started using port 33467 for RATIS_ADMIN
2023-04-21 06:17:40,877 [EndpointStateMachine task thread for /0.0.0.0:44365 - 0 ] INFO  ratis.XceiverServerRatis (XceiverServerRatis.java:getRealPort(543)) - XceiverServerRatis 75ab3abc-5937-4b12-9491-8e152555f8b6 is started using port 33467 for RATIS_SERVER
2023-04-21 06:17:40,877 [EndpointStateMachine task thread for /0.0.0.0:44365 - 0 ] INFO  ratis.XceiverServerRatis (XceiverServerRatis.java:getRealPort(543)) - XceiverServerRatis 75ab3abc-5937-4b12-9491-8e152555f8b6 is started using port 33031 for RATIS_DATASTREAM
2023-04-21 06:17:40,883 [EndpointStateMachine task thread for /0.0.0.0:44365 - 0 ] INFO  server.XceiverServerGrpc (XceiverServerGrpc.java:start(180)) - XceiverServerGrpc 75ab3abc-5937-4b12-9491-8e152555f8b6 is started using port 36837
2023-04-21 06:17:40,886 [BlockDeletingService#0] INFO  interfaces.ContainerDeletionChoosingPolicyTemplate (ContainerDeletionChoosingPolicyTemplate.java:chooseContainerForBlockDeletion(83)) - Chosen 0/5000 blocks from 0 candidate containers.
2023-04-21 06:17:41,158 [Listener at 127.0.0.1/44977] INFO  ozone.MiniOzoneClusterImpl (MiniOzoneClusterImpl.java:lambda$waitForClusterToBeReady$0(223)) - Waiting for nodes to be ready. Got 0 of 3 DN Heartbeats.
2023-04-21 06:17:41,159 [Listener at 127.0.0.1/44977] INFO  ozone.MiniOzoneClusterImpl (MiniOzoneClusterImpl.java:lambda$waitForClusterToBeReady$0(226)) - Waiting for cluster to exit safe mode
2023-04-21 06:17:41,159 [Listener at 127.0.0.1/44977] INFO  ozone.MiniOzoneClusterImpl (MiniOzoneClusterImpl.java:lambda$waitForClusterToBeReady$0(228)) - SCM became leader
2023-04-21 06:17:41,196 [EndpointStateMachine task thread for /0.0.0.0:44365 - 0 ] INFO  utils.DatanodeStoreCache (DatanodeStoreCache.java:addDB(58)) - Added db /home/runner/work/ozone/ozone/hadoop-ozone/integration-test/target/test-dir/MiniOzoneClusterImpl-83d87173-15eb-40d9-9fb5-e31a77cfd1f5/datanode-2/data-0/containers/hdds/83d87173-15eb-40d9-9fb5-e31a77cfd1f5/DS-ae5b4cef-2cce-432d-988e-39fb00a4c5dd/container.db to cache
2023-04-21 06:17:41,196 [EndpointStateMachine task thread for /0.0.0.0:44365 - 0 ] INFO  volume.HddsVolume (HddsVolume.java:createDbStore(350)) - SchemaV3 db is created and loaded at /home/runner/work/ozone/ozone/hadoop-ozone/integration-test/target/test-dir/MiniOzoneClusterImpl-83d87173-15eb-40d9-9fb5-e31a77cfd1f5/datanode-2/data-0/containers/hdds/83d87173-15eb-40d9-9fb5-e31a77cfd1f5/DS-ae5b4cef-2cce-432d-988e-39fb00a4c5dd/container.db for volume DS-ae5b4cef-2cce-432d-988e-39fb00a4c5dd
2023-04-21 06:17:41,196 [EndpointStateMachine task thread for /0.0.0.0:44365 - 0 ] INFO  ozoneimpl.OzoneContainer (OzoneContainer.java:start(397)) - Attempting to start container services.
2023-04-21 06:17:41,197 [EndpointStateMachine task thread for /0.0.0.0:44365 - 0 ] INFO  ozoneimpl.OzoneContainer (OzoneContainer.java:startContainerScrub(314)) - Scheduled background container scanners and the on-demand container scanner have been disabled.
2023-04-21 06:17:41,199 [EndpointStateMachine task thread for /0.0.0.0:44365 - 0 ] INFO  replication.ReplicationServer (ReplicationServer.java:start(109)) - ReplicationServer is started using port 46827
2023-04-21 06:17:41,199 [EndpointStateMachine task thread for /0.0.0.0:44365 - 0 ] INFO  ratis.XceiverServerRatis (XceiverServerRatis.java:start(517)) - Starting XceiverServerRatis b517b6f9-ca83-4992-bad0-b7f510a386a5
2023-04-21 06:17:41,199 [EndpointStateMachine task thread for /0.0.0.0:44365 - 0 ] INFO  server.RaftServer (RaftServerProxy.java:startImpl(393)) - b517b6f9-ca83-4992-bad0-b7f510a386a5: start RPC server
2023-04-21 06:17:41,201 [EndpointStateMachine task thread for /0.0.0.0:44365 - 0 ] INFO  server.GrpcService (GrpcService.java:startImpl(262)) - b517b6f9-ca83-4992-bad0-b7f510a386a5: GrpcService started, listening on 38971
2023-04-21 06:17:41,202 [EndpointStateMachine task thread for /0.0.0.0:44365 - 0 ] INFO  ratis.XceiverServerRatis (XceiverServerRatis.java:getRealPort(543)) - XceiverServerRatis b517b6f9-ca83-4992-bad0-b7f510a386a5 is started using port 38971 for RATIS
2023-04-21 06:17:41,202 [EndpointStateMachine task thread for /0.0.0.0:44365 - 0 ] INFO  ratis.XceiverServerRatis (XceiverServerRatis.java:getRealPort(543)) - XceiverServerRatis b517b6f9-ca83-4992-bad0-b7f510a386a5 is started using port 38971 for RATIS_ADMIN
2023-04-21 06:17:41,202 [JvmPauseMonitor19] INFO  util.JvmPauseMonitor (JvmPauseMonitor.java:run(105)) - JvmPauseMonitor-b517b6f9-ca83-4992-bad0-b7f510a386a5: Started
2023-04-21 06:17:41,202 [EndpointStateMachine task thread for /0.0.0.0:44365 - 0 ] INFO  ratis.XceiverServerRatis (XceiverServerRatis.java:getRealPort(543)) - XceiverServerRatis b517b6f9-ca83-4992-bad0-b7f510a386a5 is started using port 38971 for RATIS_SERVER
2023-04-21 06:17:41,202 [EndpointStateMachine task thread for /0.0.0.0:44365 - 0 ] INFO  ratis.XceiverServerRatis (XceiverServerRatis.java:getRealPort(543)) - XceiverServerRatis b517b6f9-ca83-4992-bad0-b7f510a386a5 is started using port 39461 for RATIS_DATASTREAM
2023-04-21 06:17:41,211 [EndpointStateMachine task thread for /0.0.0.0:44365 - 0 ] INFO  server.XceiverServerGrpc (XceiverServerGrpc.java:start(180)) - XceiverServerGrpc b517b6f9-ca83-4992-bad0-b7f510a386a5 is started using port 41397
2023-04-21 06:17:41,211 [BlockDeletingService#0] INFO  interfaces.ContainerDeletionChoosingPolicyTemplate (ContainerDeletionChoosingPolicyTemplate.java:chooseContainerForBlockDeletion(83)) - Chosen 0/5000 blocks from 0 candidate containers.
2023-04-21 06:17:42,159 [Listener at 127.0.0.1/44977] INFO  ozone.MiniOzoneClusterImpl (MiniOzoneClusterImpl.java:lambda$waitForClusterToBeReady$0(223)) - Waiting for nodes to be ready. Got 0 of 3 DN Heartbeats.
2023-04-21 06:17:42,159 [Listener at 127.0.0.1/44977] INFO  ozone.MiniOzoneClusterImpl (MiniOzoneClusterImpl.java:lambda$waitForClusterToBeReady$0(226)) - Waiting for cluster to exit safe mode
2023-04-21 06:17:42,159 [Listener at 127.0.0.1/44977] INFO  ozone.MiniOzoneClusterImpl (MiniOzoneClusterImpl.java:lambda$waitForClusterToBeReady$0(228)) - SCM became leader
2023-04-21 06:17:42,484 [IPC Server handler 1 on default port 44365] INFO  net.NetworkTopologyImpl (NetworkTopologyImpl.java:add(112)) - Added a new node: /default-rack/af01062f-3048-4ed4-9f14-cd7341189c22
2023-04-21 06:17:42,484 [IPC Server handler 1 on default port 44365] INFO  node.SCMNodeManager (SCMNodeManager.java:register(404)) - Registered Data node : af01062f-3048-4ed4-9f14-cd7341189c22{ip: 10.1.0.35, host: fv-az205-422, ports: [HTTP=35107, REPLICATION=38107, RATIS=40473, RATIS_ADMIN=40473, RATIS_SERVER=40473, RATIS_DATASTREAM=45409, STANDALONE=32855], networkLocation: /default-rack, certSerialId: null, persistedOpState: null, persistedOpStateExpiryEpochSec: 0}
2023-04-21 06:17:42,487 [EventQueue-NodeRegistrationContainerReportForDataNodeSafeModeRule] INFO  safemode.SCMSafeModeManager (DataNodeSafeModeRule.java:process(71)) - SCM in safe mode. 1 DataNodes registered, 3 required.
2023-04-21 06:17:42,488 [EventQueue-NodeRegistrationContainerReportForContainerSafeModeRule] INFO  safemode.SCMSafeModeManager (SCMSafeModeManager.java:validateSafeModeExitRules(200)) - ContainerSafeModeRule rule is successfully validated
2023-04-21 06:17:42,490 [EventQueue-NewNodeForNewNodeHandler] INFO  pipeline.BackgroundPipelineCreator (BackgroundPipelineCreator.java:notifyEventTriggered(276)) - trigger a one-shot run on RatisPipelineUtilsThread.
2023-04-21 06:17:42,490 [EventQueue-PipelineReportForOneReplicaPipelineSafeModeRule] INFO  safemode.SCMSafeModeManager (SCMSafeModeManager.java:validateSafeModeExitRules(200)) - AtleastOneDatanodeReportedRule rule is successfully validated
2023-04-21 06:17:42,490 [RatisPipelineUtilsThread - 0] INFO  pipeline.RatisPipelineProvider (RatisPipelineProvider.java:lambda$create$0(206)) - Sending CreatePipelineCommand for pipeline:PipelineID=eb3b9faf-aff0-4205-8c99-e0a000324546 to datanode:af01062f-3048-4ed4-9f14-cd7341189c22
2023-04-21 06:17:42,491 [RatisPipelineUtilsThread - 0] INFO  pipeline.PipelineStateManagerImpl (PipelineStateManagerImpl.java:addPipeline(103)) - Created pipeline Pipeline[ Id: eb3b9faf-aff0-4205-8c99-e0a000324546, Nodes: af01062f-3048-4ed4-9f14-cd7341189c22(fv-az205-422/10.1.0.35), ReplicationConfig: RATIS/ONE, State:ALLOCATED, leaderId:, CreationTimestamp2023-04-21T06:17:42.490Z[Etc/UTC]].
2023-04-21 06:17:42,835 [IPC Server handler 2 on default port 44365] INFO  net.NetworkTopologyImpl (NetworkTopologyImpl.java:add(112)) - Added a new node: /default-rack/75ab3abc-5937-4b12-9491-8e152555f8b6
2023-04-21 06:17:42,835 [IPC Server handler 2 on default port 44365] INFO  node.SCMNodeManager (SCMNodeManager.java:register(404)) - Registered Data node : 75ab3abc-5937-4b12-9491-8e152555f8b6{ip: 10.1.0.35, host: fv-az205-422, ports: [HTTP=39293, REPLICATION=33137, RATIS=33467, RATIS_ADMIN=33467, RATIS_SERVER=33467, RATIS_DATASTREAM=33031, STANDALONE=36837], networkLocation: /default-rack, certSerialId: null, persistedOpState: null, persistedOpStateExpiryEpochSec: 0}
2023-04-21 06:17:42,836 [EventQueue-NodeRegistrationContainerReportForDataNodeSafeModeRule] INFO  safemode.SCMSafeModeManager (DataNodeSafeModeRule.java:process(71)) - SCM in safe mode. 2 DataNodes registered, 3 required.
2023-04-21 06:17:42,836 [EventQueue-NewNodeForNewNodeHandler] INFO  pipeline.BackgroundPipelineCreator (BackgroundPipelineCreator.java:notifyEventTriggered(276)) - trigger a one-shot run on RatisPipelineUtilsThread.
2023-04-21 06:17:42,837 [RatisPipelineUtilsThread - 0] INFO  pipeline.RatisPipelineProvider (RatisPipelineProvider.java:lambda$create$0(206)) - Sending CreatePipelineCommand for pipeline:PipelineID=9788f688-7ead-4aef-a34b-78161f8d5e6f to datanode:75ab3abc-5937-4b12-9491-8e152555f8b6
2023-04-21 06:17:42,838 [RatisPipelineUtilsThread - 0] INFO  pipeline.PipelineStateManagerImpl (PipelineStateManagerImpl.java:addPipeline(103)) - Created pipeline Pipeline[ Id: 9788f688-7ead-4aef-a34b-78161f8d5e6f, Nodes: 75ab3abc-5937-4b12-9491-8e152555f8b6(fv-az205-422/10.1.0.35), ReplicationConfig: RATIS/ONE, State:ALLOCATED, leaderId:, CreationTimestamp2023-04-21T06:17:42.837Z[Etc/UTC]].
2023-04-21 06:17:43,159 [Listener at 127.0.0.1/44977] INFO  ozone.MiniOzoneClusterImpl (MiniOzoneClusterImpl.java:lambda$waitForClusterToBeReady$0(223)) - Waiting for nodes to be ready. Got 2 of 3 DN Heartbeats.
2023-04-21 06:17:43,160 [Listener at 127.0.0.1/44977] INFO  ozone.MiniOzoneClusterImpl (MiniOzoneClusterImpl.java:lambda$waitForClusterToBeReady$0(226)) - Waiting for cluster to exit safe mode
2023-04-21 06:17:43,160 [Listener at 127.0.0.1/44977] INFO  ozone.MiniOzoneClusterImpl (MiniOzoneClusterImpl.java:lambda$waitForClusterToBeReady$0(228)) - SCM became leader
2023-04-21 06:17:43,164 [IPC Server handler 0 on default port 44365] INFO  net.NetworkTopologyImpl (NetworkTopologyImpl.java:add(112)) - Added a new node: /default-rack/b517b6f9-ca83-4992-bad0-b7f510a386a5
2023-04-21 06:17:43,164 [IPC Server handler 0 on default port 44365] INFO  node.SCMNodeManager (SCMNodeManager.java:register(404)) - Registered Data node : b517b6f9-ca83-4992-bad0-b7f510a386a5{ip: 10.1.0.35, host: fv-az205-422, ports: [HTTP=42501, REPLICATION=46827, RATIS=38971, RATIS_ADMIN=38971, RATIS_SERVER=38971, RATIS_DATASTREAM=39461, STANDALONE=41397], networkLocation: /default-rack, certSerialId: null, persistedOpState: null, persistedOpStateExpiryEpochSec: 0}
2023-04-21 06:17:43,165 [EventQueue-NodeRegistrationContainerReportForDataNodeSafeModeRule] INFO  safemode.SCMSafeModeManager (DataNodeSafeModeRule.java:process(71)) - SCM in safe mode. 3 DataNodes registered, 3 required.
2023-04-21 06:17:43,165 [EventQueue-NodeRegistrationContainerReportForDataNodeSafeModeRule] INFO  safemode.SCMSafeModeManager (SCMSafeModeManager.java:validateSafeModeExitRules(200)) - DataNodeSafeModeRule rule is successfully validated
2023-04-21 06:17:43,165 [EventQueue-NodeRegistrationContainerReportForDataNodeSafeModeRule] INFO  safemode.SCMSafeModeManager (SCMSafeModeManager.java:completePreCheck(229)) - All SCM safe mode pre check rules have passed
2023-04-21 06:17:43,165 [EventQueue-NodeRegistrationContainerReportForDataNodeSafeModeRule] INFO  ha.SCMContext (SCMContext.java:updateSafeModeStatus(228)) - Update SafeModeStatus from SafeModeStatus{safeModeStatus=true, preCheckPassed=false} to SafeModeStatus{safeModeStatus=true, preCheckPassed=true}.
2023-04-21 06:17:43,165 [EventQueue-NodeRegistrationContainerReportForDataNodeSafeModeRule] INFO  pipeline.BackgroundPipelineCreator (BackgroundPipelineCreator.java:notifyEventTriggered(276)) - trigger a one-shot run on RatisPipelineUtilsThread.
2023-04-21 06:17:43,165 [EventQueue-NewNodeForNewNodeHandler] INFO  pipeline.BackgroundPipelineCreator (BackgroundPipelineCreator.java:notifyEventTriggered(276)) - trigger a one-shot run on RatisPipelineUtilsThread.
2023-04-21 06:17:43,165 [RatisPipelineUtilsThread - 0] INFO  pipeline.RatisPipelineProvider (RatisPipelineProvider.java:lambda$create$0(206)) - Sending CreatePipelineCommand for pipeline:PipelineID=cd382569-9bf7-487f-9c4a-2ac7a4b66396 to datanode:b517b6f9-ca83-4992-bad0-b7f510a386a5
2023-04-21 06:17:43,166 [RatisPipelineUtilsThread - 0] INFO  pipeline.PipelineStateManagerImpl (PipelineStateManagerImpl.java:addPipeline(103)) - Created pipeline Pipeline[ Id: cd382569-9bf7-487f-9c4a-2ac7a4b66396, Nodes: b517b6f9-ca83-4992-bad0-b7f510a386a5(fv-az205-422/10.1.0.35), ReplicationConfig: RATIS/ONE, State:ALLOCATED, leaderId:, CreationTimestamp2023-04-21T06:17:43.165Z[Etc/UTC]].
2023-04-21 06:17:43,166 [RatisPipelineUtilsThread - 0] INFO  pipeline.RatisPipelineProvider (RatisPipelineProvider.java:lambda$create$0(206)) - Sending CreatePipelineCommand for pipeline:PipelineID=9f182ab3-7013-44cd-8978-46b086b7e41a to datanode:af01062f-3048-4ed4-9f14-cd7341189c22
2023-04-21 06:17:43,166 [RatisPipelineUtilsThread - 0] INFO  pipeline.RatisPipelineProvider (RatisPipelineProvider.java:lambda$create$0(206)) - Sending CreatePipelineCommand for pipeline:PipelineID=9f182ab3-7013-44cd-8978-46b086b7e41a to datanode:b517b6f9-ca83-4992-bad0-b7f510a386a5
2023-04-21 06:17:43,166 [RatisPipelineUtilsThread - 0] INFO  pipeline.RatisPipelineProvider (RatisPipelineProvider.java:lambda$create$0(206)) - Sending CreatePipelineCommand for pipeline:PipelineID=9f182ab3-7013-44cd-8978-46b086b7e41a to datanode:75ab3abc-5937-4b12-9491-8e152555f8b6
2023-04-21 06:17:43,167 [RatisPipelineUtilsThread - 0] INFO  pipeline.PipelineStateManagerImpl (PipelineStateManagerImpl.java:addPipeline(103)) - Created pipeline Pipeline[ Id: 9f182ab3-7013-44cd-8978-46b086b7e41a, Nodes: af01062f-3048-4ed4-9f14-cd7341189c22(fv-az205-422/10.1.0.35)b517b6f9-ca83-4992-bad0-b7f510a386a5(fv-az205-422/10.1.0.35)75ab3abc-5937-4b12-9491-8e152555f8b6(fv-az205-422/10.1.0.35), ReplicationConfig: RATIS/THREE, State:ALLOCATED, leaderId:, CreationTimestamp2023-04-21T06:17:43.166Z[Etc/UTC]].
2023-04-21 06:17:43,167 [RatisPipelineUtilsThread - 0] INFO  pipeline.RatisPipelineProvider (RatisPipelineProvider.java:lambda$create$0(206)) - Sending CreatePipelineCommand for pipeline:PipelineID=2a9470b5-06aa-48d6-a6c2-f997dc6b75a8 to datanode:75ab3abc-5937-4b12-9491-8e152555f8b6
2023-04-21 06:17:43,167 [RatisPipelineUtilsThread - 0] INFO  pipeline.RatisPipelineProvider (RatisPipelineProvider.java:lambda$create$0(206)) - Sending CreatePipelineCommand for pipeline:PipelineID=2a9470b5-06aa-48d6-a6c2-f997dc6b75a8 to datanode:af01062f-3048-4ed4-9f14-cd7341189c22
2023-04-21 06:17:43,167 [RatisPipelineUtilsThread - 0] INFO  pipeline.RatisPipelineProvider (RatisPipelineProvider.java:lambda$create$0(206)) - Sending CreatePipelineCommand for pipeline:PipelineID=2a9470b5-06aa-48d6-a6c2-f997dc6b75a8 to datanode:b517b6f9-ca83-4992-bad0-b7f510a386a5
2023-04-21 06:17:43,168 [RatisPipelineUtilsThread - 0] INFO  pipeline.PipelineStateManagerImpl (PipelineStateManagerImpl.java:addPipeline(103)) - Created pipeline Pipeline[ Id: 2a9470b5-06aa-48d6-a6c2-f997dc6b75a8, Nodes: 75ab3abc-5937-4b12-9491-8e152555f8b6(fv-az205-422/10.1.0.35)af01062f-3048-4ed4-9f14-cd7341189c22(fv-az205-422/10.1.0.35)b517b6f9-ca83-4992-bad0-b7f510a386a5(fv-az205-422/10.1.0.35), ReplicationConfig: RATIS/THREE, State:ALLOCATED, leaderId:, CreationTimestamp2023-04-21T06:17:43.167Z[Etc/UTC]].
2023-04-21 06:17:43,168 [RatisPipelineUtilsThread - 0] INFO  pipeline.PipelineManagerImpl (PipelineManagerImpl.java:recordMetricsForPipeline(826)) - Pipeline: PipelineID=2a9470b5-06aa-48d6-a6c2-f997dc6b75a8 contains same datanodes as previous pipelines: PipelineID=9f182ab3-7013-44cd-8978-46b086b7e41a nodeIds: 75ab3abc-5937-4b12-9491-8e152555f8b6, af01062f-3048-4ed4-9f14-cd7341189c22, b517b6f9-ca83-4992-bad0-b7f510a386a5
2023-04-21 06:17:43,168 [RatisPipelineUtilsThread - 0] WARN  pipeline.PipelinePlacementPolicy (PipelinePlacementPolicy.java:filterViableNodes(160)) - Pipeline creation failed due to no sufficient healthy datanodes. Required 3. Found 0. Excluded 3.
2023-04-21 06:17:44,160 [Listener at 127.0.0.1/44977] INFO  ozone.MiniOzoneClusterImpl (MiniOzoneClusterImpl.java:lambda$waitForClusterToBeReady$0(223)) - Nodes are ready. Got 3 of 3 DN Heartbeats.
2023-04-21 06:17:44,160 [Listener at 127.0.0.1/44977] INFO  ozone.MiniOzoneClusterImpl (MiniOzoneClusterImpl.java:lambda$waitForClusterToBeReady$0(226)) - Waiting for cluster to exit safe mode
2023-04-21 06:17:44,160 [Listener at 127.0.0.1/44977] INFO  ozone.MiniOzoneClusterImpl (MiniOzoneClusterImpl.java:lambda$waitForClusterToBeReady$0(228)) - SCM became leader
2023-04-21 06:17:45,160 [Listener at 127.0.0.1/44977] INFO  ozone.MiniOzoneClusterImpl (MiniOzoneClusterImpl.java:lambda$waitForClusterToBeReady$0(223)) - Nodes are ready. Got 3 of 3 DN Heartbeats.
2023-04-21 06:17:45,160 [Listener at 127.0.0.1/44977] INFO  ozone.MiniOzoneClusterImpl (MiniOzoneClusterImpl.java:lambda$waitForClusterToBeReady$0(226)) - Waiting for cluster to exit safe mode
2023-04-21 06:17:45,160 [Listener at 127.0.0.1/44977] INFO  ozone.MiniOzoneClusterImpl (MiniOzoneClusterImpl.java:lambda$waitForClusterToBeReady$0(228)) - SCM became leader
2023-04-21 06:17:45,484 [Command processor thread] INFO  server.RaftServer (RaftServerProxy.java:addNew(96)) - af01062f-3048-4ed4-9f14-cd7341189c22: addNew group-E0A000324546:[af01062f-3048-4ed4-9f14-cd7341189c22|rpc:10.1.0.35:40473|dataStream:10.1.0.35:45409|priority:1|startupRole:FOLLOWER] returns group-E0A000324546:java.util.concurrent.CompletableFuture@48b38808[Not completed]
2023-04-21 06:17:45,485 [pool-781-thread-1] INFO  server.RaftServer$Division (RaftServerImpl.java:<init>(195)) - af01062f-3048-4ed4-9f14-cd7341189c22: new RaftServerImpl for group-E0A000324546:[af01062f-3048-4ed4-9f14-cd7341189c22|rpc:10.1.0.35:40473|dataStream:10.1.0.35:45409|priority:1|startupRole:FOLLOWER] with ContainerStateMachine:uninitialized
2023-04-21 06:17:45,485 [pool-781-thread-1] INFO  server.RaftServerConfigKeys (ConfUtils.java:logGet(46)) - raft.server.rpc.timeout.min = 5s (custom)
2023-04-21 06:17:45,485 [pool-781-thread-1] INFO  server.RaftServerConfigKeys (ConfUtils.java:logGet(46)) - raft.server.rpc.timeout.max = 5200ms (custom)
2023-04-21 06:17:45,485 [pool-781-thread-1] INFO  server.RaftServerConfigKeys (ConfUtils.java:logGet(46)) - raft.server.rpc.sleep.time = 25ms (default)
2023-04-21 06:17:45,485 [pool-781-thread-1] INFO  server.RaftServerConfigKeys (ConfUtils.java:logGet(46)) - raft.server.rpc.slowness.timeout = 300s (custom)
2023-04-21 06:17:45,485 [pool-781-thread-1] INFO  server.RaftServerConfigKeys (ConfUtils.java:logGet(46)) - raft.server.leaderelection.leader.step-down.wait-time = 10s (default)
2023-04-21 06:17:45,485 [pool-781-thread-1] INFO  server.RaftServerConfigKeys (ConfUtils.java:logGet(46)) - raft.server.sleep.deviation.threshold = 300ms (default)
2023-04-21 06:17:45,485 [pool-781-thread-1] INFO  server.RaftServer$Division (ServerState.java:<init>(118)) - af01062f-3048-4ed4-9f14-cd7341189c22@group-E0A000324546: ConfigurationManager, init=-1: peers:[af01062f-3048-4ed4-9f14-cd7341189c22|rpc:10.1.0.35:40473|dataStream:10.1.0.35:45409|priority:1|startupRole:FOLLOWER]|listeners:[], old=null, confs=<EMPTY_MAP>
2023-04-21 06:17:45,486 [pool-781-thread-1] INFO  server.RaftServerConfigKeys (ConfUtils.java:logGet(46)) - raft.server.storage.dir = [/home/runner/work/ozone/ozone/hadoop-ozone/integration-test/target/test-dir/MiniOzoneClusterImpl-83d87173-15eb-40d9-9fb5-e31a77cfd1f5/datanode-0/data/ratis] (custom)
2023-04-21 06:17:45,486 [pool-781-thread-1] INFO  server.RaftServerConfigKeys (ConfUtils.java:logGet(46)) - raft.server.log.corruption.policy = EXCEPTION (default)
2023-04-21 06:17:45,486 [pool-781-thread-1] INFO  server.RaftServerConfigKeys (ConfUtils.java:logGet(46)) - raft.server.storage.free-space.min = 0MB (=0) (default)
2023-04-21 06:17:45,486 [pool-781-thread-1] INFO  server.RaftServerConfigKeys (ConfUtils.java:logGet(46)) - raft.server.notification.no-leader.timeout = 300s (custom)
2023-04-21 06:17:45,486 [pool-781-thread-1] INFO  server.RaftServerConfigKeys (ConfUtils.java:logGet(46)) - raft.server.retrycache.expirytime = 600000ms (custom)
2023-04-21 06:17:45,486 [pool-781-thread-1] INFO  server.RaftServerConfigKeys (ConfUtils.java:logGet(46)) - raft.server.retrycache.statistics.expirytime = 100μs (default)
2023-04-21 06:17:45,487 [pool-781-thread-1] INFO  server.RaftServerConfigKeys (ConfUtils.java:logGet(46)) - raft.server.log.appender.install.snapshot.enabled = false (custom)
2023-04-21 06:17:45,487 [pool-781-thread-1] INFO  server.RaftServerConfigKeys (ConfUtils.java:logGet(46)) - raft.server.threadpool.server.cached = true (default)
2023-04-21 06:17:45,487 [pool-781-thread-1] INFO  server.RaftServerConfigKeys (ConfUtils.java:logGet(46)) - raft.server.threadpool.server.size = 0 (default)
2023-04-21 06:17:45,487 [pool-781-thread-1] INFO  server.RaftServerConfigKeys (ConfUtils.java:logGet(46)) - raft.server.threadpool.client.cached = true (default)
2023-04-21 06:17:45,487 [pool-781-thread-1] INFO  server.RaftServerConfigKeys (ConfUtils.java:logGet(46)) - raft.server.threadpool.client.size = 0 (default)
2023-04-21 06:17:45,487 [pool-781-thread-1] INFO  storage.RaftStorageDirectory (RaftStorageDirectoryImpl.java:analyzeStorage(137)) - The storage directory /home/runner/work/ozone/ozone/hadoop-ozone/integration-test/target/test-dir/MiniOzoneClusterImpl-83d87173-15eb-40d9-9fb5-e31a77cfd1f5/datanode-0/data/ratis/eb3b9faf-aff0-4205-8c99-e0a000324546 does not exist. Creating ...
2023-04-21 06:17:45,488 [pool-781-thread-1] INFO  storage.RaftStorageDirectory (RaftStorageDirectoryImpl.java:tryLock(231)) - Lock on /home/runner/work/ozone/ozone/hadoop-ozone/integration-test/target/test-dir/MiniOzoneClusterImpl-83d87173-15eb-40d9-9fb5-e31a77cfd1f5/datanode-0/data/ratis/eb3b9faf-aff0-4205-8c99-e0a000324546/in_use.lock acquired by nodename 2764@fv-az205-422
2023-04-21 06:17:45,489 [pool-781-thread-1] INFO  storage.RaftStorage (RaftStorageImpl.java:format(96)) - Storage directory /home/runner/work/ozone/ozone/hadoop-ozone/integration-test/target/test-dir/MiniOzoneClusterImpl-83d87173-15eb-40d9-9fb5-e31a77cfd1f5/datanode-0/data/ratis/eb3b9faf-aff0-4205-8c99-e0a000324546 has been successfully formatted.
2023-04-21 06:17:45,491 [pool-781-thread-1] INFO  ratis.ContainerStateMachine (ContainerStateMachine.java:loadSnapshot(262)) - group-E0A000324546: The snapshot info is null. Setting the last applied indexto:(t:0, i:~)
2023-04-21 06:17:45,491 [pool-781-thread-1] INFO  server.RaftServerConfigKeys (ConfUtils.java:logGet(46)) - raft.server.log.use.memory = false (default)
2023-04-21 06:17:45,491 [pool-781-thread-1] INFO  server.RaftServerConfigKeys (ConfUtils.java:logGet(46)) - raft.server.log.purge.gap = 1000000 (custom)
2023-04-21 06:17:45,491 [pool-781-thread-1] INFO  server.RaftServerConfigKeys (ConfUtils.java:logGet(46)) - raft.server.log.appender.buffer.byte-limit = 33554432 (custom)
2023-04-21 06:17:45,491 [pool-781-thread-1] INFO  server.RaftServerConfigKeys (ConfUtils.java:logGet(46)) - raft.server.log.statemachine.data.read.timeout = 1000ms (default)
2023-04-21 06:17:45,491 [pool-781-thread-1] INFO  server.RaftServerConfigKeys (ConfUtils.java:logGet(46)) - raft.server.log.purge.preservation.log.num = 0 (default)
2023-04-21 06:17:45,491 [pool-781-thread-1] INFO  server.RaftServerConfigKeys (ConfUtils.java:logGet(46)) - raft.server.log.segment.size.max = 1048576 (custom)
2023-04-21 06:17:45,491 [pool-781-thread-1] INFO  server.RaftServerConfigKeys (ConfUtils.java:logGet(46)) - raft.server.log.segment.cache.num.max = 2 (custom)
2023-04-21 06:17:45,491 [pool-781-thread-1] INFO  server.RaftServerConfigKeys (ConfUtils.java:logGet(46)) - raft.server.log.segment.cache.size.max = 200MB (=209715200) (default)
2023-04-21 06:17:45,492 [EventQueue-PipelineReportForPipelineReportHandler] INFO  pipeline.PipelineManagerImpl (PipelineManagerImpl.java:openPipeline(367)) - Pipeline Pipeline[ Id: eb3b9faf-aff0-4205-8c99-e0a000324546, Nodes: af01062f-3048-4ed4-9f14-cd7341189c22(fv-az205-422/10.1.0.35), ReplicationConfig: RATIS/ONE, State:ALLOCATED, leaderId:af01062f-3048-4ed4-9f14-cd7341189c22, CreationTimestamp2023-04-21T06:17:42.490Z[Etc/UTC]] moved to OPEN state
2023-04-21 06:17:45,493 [pool-781-thread-1] INFO  segmented.SegmentedRaftLogWorker (SegmentedRaftLogWorker.java:<init>(189)) - new af01062f-3048-4ed4-9f14-cd7341189c22@group-E0A000324546-SegmentedRaftLogWorker for RaftStorageImpl:Storage Directory /home/runner/work/ozone/ozone/hadoop-ozone/integration-test/target/test-dir/MiniOzoneClusterImpl-83d87173-15eb-40d9-9fb5-e31a77cfd1f5/datanode-0/data/ratis/eb3b9faf-aff0-4205-8c99-e0a000324546
2023-04-21 06:17:45,494 [pool-781-thread-1] INFO  server.RaftServerConfigKeys (ConfUtils.java:logGet(46)) - raft.server.log.queue.byte-limit = 4294967296 (custom)
2023-04-21 06:17:45,494 [pool-781-thread-1] INFO  server.RaftServerConfigKeys (ConfUtils.java:logGet(46)) - raft.server.log.queue.element-limit = 1024 (custom)
2023-04-21 06:17:45,494 [pool-781-thread-1] INFO  server.RaftServerConfigKeys (ConfUtils.java:logGet(46)) - raft.server.log.segment.size.max = 1048576 (custom)
2023-04-21 06:17:45,494 [pool-781-thread-1] INFO  server.RaftServerConfigKeys (ConfUtils.java:logGet(46)) - raft.server.log.preallocated.size = 16384 (custom)
2023-04-21 06:17:45,494 [pool-781-thread-1] INFO  server.RaftServerConfigKeys (ConfUtils.java:logGet(46)) - raft.server.log.force.sync.num = 128 (default)
2023-04-21 06:17:45,494 [pool-781-thread-1] INFO  server.RaftServerConfigKeys (ConfUtils.java:logGet(46)) - raft.server.log.statemachine.data.sync = true (default)
2023-04-21 06:17:45,494 [pool-781-thread-1] INFO  server.RaftServerConfigKeys (ConfUtils.java:logGet(46)) - raft.server.log.statemachine.data.sync.timeout = 10s (default)
2023-04-21 06:17:45,494 [pool-781-thread-1] INFO  server.RaftServerConfigKeys (ConfUtils.java:logGet(46)) - raft.server.log.statemachine.data.sync.timeout.retry = -1 (default)
2023-04-21 06:17:45,494 [pool-781-thread-1] INFO  server.RaftServerConfigKeys (ConfUtils.java:logGet(46)) - raft.server.log.write.buffer.size = 1048576 (custom)
2023-04-21 06:17:45,495 [pool-781-thread-1] INFO  server.RaftServerConfigKeys (ConfUtils.java:logGet(46)) - raft.server.log.appender.buffer.byte-limit = 33554432 (custom)
2023-04-21 06:17:45,501 [EventQueue-OpenPipelineForHealthyPipelineSafeModeRule] INFO  safemode.SCMSafeModeManager (HealthyPipelineSafeModeRule.java:process(137)) - SCM in safe mode. Healthy pipelines reported count is 0, required healthy pipeline reported count is 1
2023-04-21 06:17:45,501 [pool-781-thread-1] INFO  server.RaftServerConfigKeys (ConfUtils.java:logGet(46)) - raft.server.log.unsafe-flush.enabled = false (default)
2023-04-21 06:17:45,501 [pool-781-thread-1] INFO  server.RaftServerConfigKeys (ConfUtils.java:logGet(46)) - raft.server.log.async-flush.enabled = false (default)
2023-04-21 06:17:45,501 [pool-781-thread-1] INFO  server.RaftServerConfigKeys (ConfUtils.java:logGet(46)) - raft.server.log.statemachine.data.caching.enabled = true (custom)
2023-04-21 06:17:45,501 [pool-781-thread-1] INFO  segmented.SegmentedRaftLogWorker (SegmentedRaftLogWorker.java:lambda$new$0(135)) - af01062f-3048-4ed4-9f14-cd7341189c22@group-E0A000324546-SegmentedRaftLogWorker: flushIndex: setUnconditionally 0 -> -1
2023-04-21 06:17:45,501 [pool-781-thread-1] INFO  segmented.SegmentedRaftLogWorker (SegmentedRaftLogWorker.java:lambda$new$0(135)) - af01062f-3048-4ed4-9f14-cd7341189c22@group-E0A000324546-SegmentedRaftLogWorker: safeCacheEvictIndex: setUnconditionally 0 -> -1
2023-04-21 06:17:45,502 [pool-781-thread-1] INFO  server.RaftServer$Division (RaftServerImpl.java:start(334)) - af01062f-3048-4ed4-9f14-cd7341189c22@group-E0A000324546: start as a follower, conf=-1: peers:[af01062f-3048-4ed4-9f14-cd7341189c22|rpc:10.1.0.35:40473|dataStream:10.1.0.35:45409|priority:1|startupRole:FOLLOWER]|listeners:[], old=null
2023-04-21 06:17:45,502 [pool-781-thread-1] INFO  server.RaftServer$Division (RaftServerImpl.java:setRole(321)) - af01062f-3048-4ed4-9f14-cd7341189c22@group-E0A000324546: changes role from      null to FOLLOWER at term 0 for startAsFollower
2023-04-21 06:17:45,502 [pool-781-thread-1] INFO  impl.RoleInfo (RoleInfo.java:updateAndGet(139)) - af01062f-3048-4ed4-9f14-cd7341189c22: start af01062f-3048-4ed4-9f14-cd7341189c22@group-E0A000324546-FollowerState
2023-04-21 06:17:45,502 [pool-781-thread-1] INFO  util.JmxRegister (JmxRegister.java:tryRegister(44)) - Successfully registered JMX Bean with object name Ratis:service=RaftServer,group=group-E0A000324546,id=af01062f-3048-4ed4-9f14-cd7341189c22
2023-04-21 06:17:45,502 [af01062f-3048-4ed4-9f14-cd7341189c22@group-E0A000324546-FollowerState] INFO  server.RaftServerConfigKeys (ConfUtils.java:logFallback(53)) - raft.server.rpc.first-election.timeout.min = 5s (fallback to raft.server.rpc.timeout.min)
2023-04-21 06:17:45,502 [pool-781-thread-1] INFO  server.RaftServerConfigKeys (ConfUtils.java:logGet(46)) - raft.server.snapshot.auto.trigger.enabled = true (custom)
2023-04-21 06:17:45,502 [pool-781-thread-1] INFO  server.RaftServerConfigKeys (ConfUtils.java:logGet(46)) - raft.server.snapshot.auto.trigger.threshold = 10000 (custom)
2023-04-21 06:17:45,502 [pool-781-thread-1] INFO  server.RaftServerConfigKeys (ConfUtils.java:logGet(46)) - raft.server.snapshot.retention.file.num = 5 (custom)
2023-04-21 06:17:45,502 [pool-781-thread-1] INFO  server.RaftServerConfigKeys (ConfUtils.java:logGet(46)) - raft.server.log.purge.upto.snapshot.index = false (default)
2023-04-21 06:17:45,503 [Command processor thread] INFO  ratis.XceiverServerRatis (XceiverServerRatis.java:addGroup(806)) - Created group PipelineID=eb3b9faf-aff0-4205-8c99-e0a000324546
2023-04-21 06:17:45,503 [Command processor thread] INFO  commandhandler.CreatePipelineCommandHandler (CreatePipelineCommandHandler.java:handle(113)) - Created Pipeline RATIS ONE PipelineID=eb3b9faf-aff0-4205-8c99-e0a000324546.
2023-04-21 06:17:45,503 [Command processor thread] INFO  server.RaftServer (RaftServerProxy.java:addNew(96)) - af01062f-3048-4ed4-9f14-cd7341189c22: addNew group-46B086B7E41A:[b517b6f9-ca83-4992-bad0-b7f510a386a5|rpc:10.1.0.35:38971|dataStream:10.1.0.35:39461|priority:0|startupRole:FOLLOWER, af01062f-3048-4ed4-9f14-cd7341189c22|rpc:10.1.0.35:40473|dataStream:10.1.0.35:45409|priority:0|startupRole:FOLLOWER, 75ab3abc-5937-4b12-9491-8e152555f8b6|rpc:10.1.0.35:33467|dataStream:10.1.0.35:33031|priority:1|startupRole:FOLLOWER] returns group-46B086B7E41A:java.util.concurrent.CompletableFuture@4c8c15c6[Not completed]
2023-04-21 06:17:45,504 [pool-781-thread-1] INFO  server.RaftServer$Division (RaftServerImpl.java:<init>(195)) - af01062f-3048-4ed4-9f14-cd7341189c22: new RaftServerImpl for group-46B086B7E41A:[b517b6f9-ca83-4992-bad0-b7f510a386a5|rpc:10.1.0.35:38971|dataStream:10.1.0.35:39461|priority:0|startupRole:FOLLOWER, af01062f-3048-4ed4-9f14-cd7341189c22|rpc:10.1.0.35:40473|dataStream:10.1.0.35:45409|priority:0|startupRole:FOLLOWER, 75ab3abc-5937-4b12-9491-8e152555f8b6|rpc:10.1.0.35:33467|dataStream:10.1.0.35:33031|priority:1|startupRole:FOLLOWER] with ContainerStateMachine:uninitialized
2023-04-21 06:17:45,504 [pool-781-thread-1] INFO  server.RaftServerConfigKeys (ConfUtils.java:logGet(46)) - raft.server.rpc.timeout.min = 5s (custom)
2023-04-21 06:17:45,504 [pool-781-thread-1] INFO  server.RaftServerConfigKeys (ConfUtils.java:logGet(46)) - raft.server.rpc.timeout.max = 5200ms (custom)
2023-04-21 06:17:45,504 [pool-781-thread-1] INFO  server.RaftServerConfigKeys (ConfUtils.java:logGet(46)) - raft.server.rpc.sleep.time = 25ms (default)
2023-04-21 06:17:45,504 [pool-781-thread-1] INFO  server.RaftServerConfigKeys (ConfUtils.java:logGet(46)) - raft.server.rpc.slowness.timeout = 300s (custom)
2023-04-21 06:17:45,504 [pool-781-thread-1] INFO  server.RaftServerConfigKeys (ConfUtils.java:logGet(46)) - raft.server.leaderelection.leader.step-down.wait-time = 10s (default)
2023-04-21 06:17:45,504 [pool-781-thread-1] INFO  server.RaftServerConfigKeys (ConfUtils.java:logGet(46)) - raft.server.sleep.deviation.threshold = 300ms (default)
2023-04-21 06:17:45,504 [pool-781-thread-1] INFO  server.RaftServer$Division (ServerState.java:<init>(118)) - af01062f-3048-4ed4-9f14-cd7341189c22@group-46B086B7E41A: ConfigurationManager, init=-1: peers:[b517b6f9-ca83-4992-bad0-b7f510a386a5|rpc:10.1.0.35:38971|dataStream:10.1.0.35:39461|priority:0|startupRole:FOLLOWER, af01062f-3048-4ed4-9f14-cd7341189c22|rpc:10.1.0.35:40473|dataStream:10.1.0.35:45409|priority:0|startupRole:FOLLOWER, 75ab3abc-5937-4b12-9491-8e152555f8b6|rpc:10.1.0.35:33467|dataStream:10.1.0.35:33031|priority:1|startupRole:FOLLOWER]|listeners:[], old=null, confs=<EMPTY_MAP>
2023-04-21 06:17:45,504 [pool-781-thread-1] INFO  server.RaftServerConfigKeys (ConfUtils.java:logGet(46)) - raft.server.storage.dir = [/home/runner/work/ozone/ozone/hadoop-ozone/integration-test/target/test-dir/MiniOzoneClusterImpl-83d87173-15eb-40d9-9fb5-e31a77cfd1f5/datanode-0/data/ratis] (custom)
2023-04-21 06:17:45,504 [pool-781-thread-1] INFO  server.RaftServerConfigKeys (ConfUtils.java:logGet(46)) - raft.server.log.corruption.policy = EXCEPTION (default)
2023-04-21 06:17:45,504 [pool-781-thread-1] INFO  server.RaftServerConfigKeys (ConfUtils.java:logGet(46)) - raft.server.storage.free-space.min = 0MB (=0) (default)
2023-04-21 06:17:45,504 [pool-781-thread-1] INFO  server.RaftServerConfigKeys (ConfUtils.java:logGet(46)) - raft.server.notification.no-leader.timeout = 300s (custom)
2023-04-21 06:17:45,505 [pool-781-thread-1] INFO  server.RaftServerConfigKeys (ConfUtils.java:logGet(46)) - raft.server.retrycache.expirytime = 600000ms (custom)
2023-04-21 06:17:45,505 [pool-781-thread-1] INFO  server.RaftServerConfigKeys (ConfUtils.java:logGet(46)) - raft.server.retrycache.statistics.expirytime = 100μs (default)
2023-04-21 06:17:45,505 [pool-781-thread-1] INFO  server.RaftServerConfigKeys (ConfUtils.java:logGet(46)) - raft.server.log.appender.install.snapshot.enabled = false (custom)
2023-04-21 06:17:45,505 [pool-781-thread-1] INFO  server.RaftServerConfigKeys (ConfUtils.java:logGet(46)) - raft.server.threadpool.server.cached = true (default)
2023-04-21 06:17:45,505 [pool-781-thread-1] INFO  server.RaftServerConfigKeys (ConfUtils.java:logGet(46)) - raft.server.threadpool.server.size = 0 (default)
2023-04-21 06:17:45,505 [pool-781-thread-1] INFO  server.RaftServerConfigKeys (ConfUtils.java:logGet(46)) - raft.server.threadpool.client.cached = true (default)
2023-04-21 06:17:45,505 [pool-781-thread-1] INFO  server.RaftServerConfigKeys (ConfUtils.java:logGet(46)) - raft.server.threadpool.client.size = 0 (default)
2023-04-21 06:17:45,506 [pool-781-thread-1] INFO  storage.RaftStorageDirectory (RaftStorageDirectoryImpl.java:analyzeStorage(137)) - The storage directory /home/runner/work/ozone/ozone/hadoop-ozone/integration-test/target/test-dir/MiniOzoneClusterImpl-83d87173-15eb-40d9-9fb5-e31a77cfd1f5/datanode-0/data/ratis/9f182ab3-7013-44cd-8978-46b086b7e41a does not exist. Creating ...
2023-04-21 06:17:45,507 [pool-781-thread-1] INFO  storage.RaftStorageDirectory (RaftStorageDirectoryImpl.java:tryLock(231)) - Lock on /home/runner/work/ozone/ozone/hadoop-ozone/integration-test/target/test-dir/MiniOzoneClusterImpl-83d87173-15eb-40d9-9fb5-e31a77cfd1f5/datanode-0/data/ratis/9f182ab3-7013-44cd-8978-46b086b7e41a/in_use.lock acquired by nodename 2764@fv-az205-422
2023-04-21 06:17:45,508 [pool-781-thread-1] INFO  storage.RaftStorage (RaftStorageImpl.java:format(96)) - Storage directory /home/runner/work/ozone/ozone/hadoop-ozone/integration-test/target/test-dir/MiniOzoneClusterImpl-83d87173-15eb-40d9-9fb5-e31a77cfd1f5/datanode-0/data/ratis/9f182ab3-7013-44cd-8978-46b086b7e41a has been successfully formatted.
2023-04-21 06:17:45,508 [pool-781-thread-1] INFO  ratis.ContainerStateMachine (ContainerStateMachine.java:loadSnapshot(262)) - group-46B086B7E41A: The snapshot info is null. Setting the last applied indexto:(t:0, i:~)
2023-04-21 06:17:45,508 [pool-781-thread-1] INFO  server.RaftServerConfigKeys (ConfUtils.java:logGet(46)) - raft.server.log.use.memory = false (default)
2023-04-21 06:17:45,508 [pool-781-thread-1] INFO  server.RaftServerConfigKeys (ConfUtils.java:logGet(46)) - raft.server.log.purge.gap = 1000000 (custom)
2023-04-21 06:17:45,508 [pool-781-thread-1] INFO  server.RaftServerConfigKeys (ConfUtils.java:logGet(46)) - raft.server.log.appender.buffer.byte-limit = 33554432 (custom)
2023-04-21 06:17:45,509 [pool-781-thread-1] INFO  server.RaftServerConfigKeys (ConfUtils.java:logGet(46)) - raft.server.log.statemachine.data.read.timeout = 1000ms (default)
2023-04-21 06:17:45,509 [pool-781-thread-1] INFO  server.RaftServerConfigKeys (ConfUtils.java:logGet(46)) - raft.server.log.purge.preservation.log.num = 0 (default)
2023-04-21 06:17:45,509 [pool-781-thread-1] INFO  server.RaftServerConfigKeys (ConfUtils.java:logGet(46)) - raft.server.log.segment.size.max = 1048576 (custom)
2023-04-21 06:17:45,509 [pool-781-thread-1] INFO  server.RaftServerConfigKeys (ConfUtils.java:logGet(46)) - raft.server.log.segment.cache.num.max = 2 (custom)
2023-04-21 06:17:45,509 [pool-781-thread-1] INFO  server.RaftServerConfigKeys (ConfUtils.java:logGet(46)) - raft.server.log.segment.cache.size.max = 200MB (=209715200) (default)
2023-04-21 06:17:45,509 [pool-781-thread-1] INFO  segmented.SegmentedRaftLogWorker (SegmentedRaftLogWorker.java:<init>(189)) - new af01062f-3048-4ed4-9f14-cd7341189c22@group-46B086B7E41A-SegmentedRaftLogWorker for RaftStorageImpl:Storage Directory /home/runner/work/ozone/ozone/hadoop-ozone/integration-test/target/test-dir/MiniOzoneClusterImpl-83d87173-15eb-40d9-9fb5-e31a77cfd1f5/datanode-0/data/ratis/9f182ab3-7013-44cd-8978-46b086b7e41a
2023-04-21 06:17:45,509 [pool-781-thread-1] INFO  server.RaftServerConfigKeys (ConfUtils.java:logGet(46)) - raft.server.log.queue.byte-limit = 4294967296 (custom)
2023-04-21 06:17:45,509 [pool-781-thread-1] INFO  server.RaftServerConfigKeys (ConfUtils.java:logGet(46)) - raft.server.log.queue.element-limit = 1024 (custom)
2023-04-21 06:17:45,509 [pool-781-thread-1] INFO  server.RaftServerConfigKeys (ConfUtils.java:logGet(46)) - raft.server.log.segment.size.max = 1048576 (custom)
2023-04-21 06:17:45,509 [pool-781-thread-1] INFO  server.RaftServerConfigKeys (ConfUtils.java:logGet(46)) - raft.server.log.preallocated.size = 16384 (custom)
2023-04-21 06:17:45,509 [pool-781-thread-1] INFO  server.RaftServerConfigKeys (ConfUtils.java:logGet(46)) - raft.server.log.force.sync.num = 128 (default)
2023-04-21 06:17:45,509 [pool-781-thread-1] INFO  server.RaftServerConfigKeys (ConfUtils.java:logGet(46)) - raft.server.log.statemachine.data.sync = true (default)
2023-04-21 06:17:45,509 [pool-781-thread-1] INFO  server.RaftServerConfigKeys (ConfUtils.java:logGet(46)) - raft.server.log.statemachine.data.sync.timeout = 10s (default)
2023-04-21 06:17:45,509 [pool-781-thread-1] INFO  server.RaftServerConfigKeys (ConfUtils.java:logGet(46)) - raft.server.log.statemachine.data.sync.timeout.retry = -1 (default)
2023-04-21 06:17:45,510 [pool-781-thread-1] INFO  server.RaftServerConfigKeys (ConfUtils.java:logGet(46)) - raft.server.log.write.buffer.size = 1048576 (custom)
2023-04-21 06:17:45,510 [pool-781-thread-1] INFO  server.RaftServerConfigKeys (ConfUtils.java:logGet(46)) - raft.server.log.appender.buffer.byte-limit = 33554432 (custom)
2023-04-21 06:17:45,511 [EventQueue-OpenPipelineForHealthyPipelineSafeModeRule] INFO  safemode.SCMSafeModeManager (HealthyPipelineSafeModeRule.java:process(137)) - SCM in safe mode. Healthy pipelines reported count is 0, required healthy pipeline reported count is 1
2023-04-21 06:17:45,516 [pool-781-thread-1] INFO  server.RaftServerConfigKeys (ConfUtils.java:logGet(46)) - raft.server.log.unsafe-flush.enabled = false (default)
2023-04-21 06:17:45,516 [pool-781-thread-1] INFO  server.RaftServerConfigKeys (ConfUtils.java:logGet(46)) - raft.server.log.async-flush.enabled = false (default)
2023-04-21 06:17:45,516 [pool-781-thread-1] INFO  server.RaftServerConfigKeys (ConfUtils.java:logGet(46)) - raft.server.log.statemachine.data.caching.enabled = true (custom)
2023-04-21 06:17:45,516 [pool-781-thread-1] INFO  segmented.SegmentedRaftLogWorker (SegmentedRaftLogWorker.java:lambda$new$0(135)) - af01062f-3048-4ed4-9f14-cd7341189c22@group-46B086B7E41A-SegmentedRaftLogWorker: flushIndex: setUnconditionally 0 -> -1
2023-04-21 06:17:45,516 [pool-781-thread-1] INFO  segmented.SegmentedRaftLogWorker (SegmentedRaftLogWorker.java:lambda$new$0(135)) - af01062f-3048-4ed4-9f14-cd7341189c22@group-46B086B7E41A-SegmentedRaftLogWorker: safeCacheEvictIndex: setUnconditionally 0 -> -1
2023-04-21 06:17:45,516 [pool-781-thread-1] INFO  server.RaftServer$Division (RaftServerImpl.java:start(334)) - af01062f-3048-4ed4-9f14-cd7341189c22@group-46B086B7E41A: start as a follower, conf=-1: peers:[b517b6f9-ca83-4992-bad0-b7f510a386a5|rpc:10.1.0.35:38971|dataStream:10.1.0.35:39461|priority:0|startupRole:FOLLOWER, af01062f-3048-4ed4-9f14-cd7341189c22|rpc:10.1.0.35:40473|dataStream:10.1.0.35:45409|priority:0|startupRole:FOLLOWER, 75ab3abc-5937-4b12-9491-8e152555f8b6|rpc:10.1.0.35:33467|dataStream:10.1.0.35:33031|priority:1|startupRole:FOLLOWER]|listeners:[], old=null
2023-04-21 06:17:45,517 [pool-781-thread-1] INFO  server.RaftServer$Division (RaftServerImpl.java:setRole(321)) - af01062f-3048-4ed4-9f14-cd7341189c22@group-46B086B7E41A: changes role from      null to FOLLOWER at term 0 for startAsFollower
2023-04-21 06:17:45,517 [pool-781-thread-1] INFO  impl.RoleInfo (RoleInfo.java:updateAndGet(139)) - af01062f-3048-4ed4-9f14-cd7341189c22: start af01062f-3048-4ed4-9f14-cd7341189c22@group-46B086B7E41A-FollowerState
2023-04-21 06:17:45,517 [pool-781-thread-1] INFO  util.JmxRegister (JmxRegister.java:tryRegister(44)) - Successfully registered JMX Bean with object name Ratis:service=RaftServer,group=group-46B086B7E41A,id=af01062f-3048-4ed4-9f14-cd7341189c22
2023-04-21 06:17:45,517 [pool-781-thread-1] INFO  server.RaftServerConfigKeys (ConfUtils.java:logGet(46)) - raft.server.snapshot.auto.trigger.enabled = true (custom)
2023-04-21 06:17:45,517 [pool-781-thread-1] INFO  server.RaftServerConfigKeys (ConfUtils.java:logGet(46)) - raft.server.snapshot.auto.trigger.threshold = 10000 (custom)
2023-04-21 06:17:45,517 [pool-781-thread-1] INFO  server.RaftServerConfigKeys (ConfUtils.java:logGet(46)) - raft.server.snapshot.retention.file.num = 5 (custom)
2023-04-21 06:17:45,517 [pool-781-thread-1] INFO  server.RaftServerConfigKeys (ConfUtils.java:logGet(46)) - raft.server.log.purge.upto.snapshot.index = false (default)
2023-04-21 06:17:45,518 [af01062f-3048-4ed4-9f14-cd7341189c22@group-46B086B7E41A-FollowerState] INFO  server.RaftServerConfigKeys (ConfUtils.java:logFallback(53)) - raft.server.rpc.first-election.timeout.min = 5s (fallback to raft.server.rpc.timeout.min)
2023-04-21 06:17:45,518 [af01062f-3048-4ed4-9f14-cd7341189c22@group-46B086B7E41A-FollowerState] INFO  server.RaftServerConfigKeys (ConfUtils.java:logFallback(53)) - raft.server.rpc.first-election.timeout.max = 5200ms (fallback to raft.server.rpc.timeout.max)
2023-04-21 06:17:45,502 [af01062f-3048-4ed4-9f14-cd7341189c22@group-E0A000324546-FollowerState] INFO  server.RaftServerConfigKeys (ConfUtils.java:logFallback(53)) - raft.server.rpc.first-election.timeout.max = 5200ms (fallback to raft.server.rpc.timeout.max)
2023-04-21 06:17:45,521 [Command processor thread] INFO  ratis.XceiverServerRatis (XceiverServerRatis.java:addGroup(806)) - Created group PipelineID=9f182ab3-7013-44cd-8978-46b086b7e41a
2023-04-21 06:17:45,546 [grpc-default-executor-0] INFO  server.RaftServer (RaftServerProxy.java:addNew(96)) - b517b6f9-ca83-4992-bad0-b7f510a386a5: addNew group-46B086B7E41A:[b517b6f9-ca83-4992-bad0-b7f510a386a5|rpc:10.1.0.35:38971|dataStream:10.1.0.35:39461|priority:0|startupRole:FOLLOWER, af01062f-3048-4ed4-9f14-cd7341189c22|rpc:10.1.0.35:40473|dataStream:10.1.0.35:45409|priority:0|startupRole:FOLLOWER, 75ab3abc-5937-4b12-9491-8e152555f8b6|rpc:10.1.0.35:33467|dataStream:10.1.0.35:33031|priority:1|startupRole:FOLLOWER] returns group-46B086B7E41A:java.util.concurrent.CompletableFuture@49575c76[Not completed]
2023-04-21 06:17:45,548 [pool-825-thread-1] INFO  server.RaftServer$Division (RaftServerImpl.java:<init>(195)) - b517b6f9-ca83-4992-bad0-b7f510a386a5: new RaftServerImpl for group-46B086B7E41A:[b517b6f9-ca83-4992-bad0-b7f510a386a5|rpc:10.1.0.35:38971|dataStream:10.1.0.35:39461|priority:0|startupRole:FOLLOWER, af01062f-3048-4ed4-9f14-cd7341189c22|rpc:10.1.0.35:40473|dataStream:10.1.0.35:45409|priority:0|startupRole:FOLLOWER, 75ab3abc-5937-4b12-9491-8e152555f8b6|rpc:10.1.0.35:33467|dataStream:10.1.0.35:33031|priority:1|startupRole:FOLLOWER] with ContainerStateMachine:uninitialized
2023-04-21 06:17:45,548 [pool-825-thread-1] INFO  server.RaftServerConfigKeys (ConfUtils.java:logGet(46)) - raft.server.rpc.timeout.min = 5s (custom)
2023-04-21 06:17:45,548 [pool-825-thread-1] INFO  server.RaftServerConfigKeys (ConfUtils.java:logGet(46)) - raft.server.rpc.timeout.max = 5200ms (custom)
2023-04-21 06:17:45,548 [pool-825-thread-1] INFO  server.RaftServerConfigKeys (ConfUtils.java:logGet(46)) - raft.server.rpc.sleep.time = 25ms (default)
2023-04-21 06:17:45,548 [pool-825-thread-1] INFO  server.RaftServerConfigKeys (ConfUtils.java:logGet(46)) - raft.server.rpc.slowness.timeout = 300s (custom)
2023-04-21 06:17:45,548 [pool-825-thread-1] INFO  server.RaftServerConfigKeys (ConfUtils.java:logGet(46)) - raft.server.leaderelection.leader.step-down.wait-time = 10s (default)
2023-04-21 06:17:45,548 [pool-825-thread-1] INFO  server.RaftServerConfigKeys (ConfUtils.java:logGet(46)) - raft.server.sleep.deviation.threshold = 300ms (default)
2023-04-21 06:17:45,548 [pool-825-thread-1] INFO  server.RaftServer$Division (ServerState.java:<init>(118)) - b517b6f9-ca83-4992-bad0-b7f510a386a5@group-46B086B7E41A: ConfigurationManager, init=-1: peers:[b517b6f9-ca83-4992-bad0-b7f510a386a5|rpc:10.1.0.35:38971|dataStream:10.1.0.35:39461|priority:0|startupRole:FOLLOWER, af01062f-3048-4ed4-9f14-cd7341189c22|rpc:10.1.0.35:40473|dataStream:10.1.0.35:45409|priority:0|startupRole:FOLLOWER, 75ab3abc-5937-4b12-9491-8e152555f8b6|rpc:10.1.0.35:33467|dataStream:10.1.0.35:33031|priority:1|startupRole:FOLLOWER]|listeners:[], old=null, confs=<EMPTY_MAP>
2023-04-21 06:17:45,549 [pool-825-thread-1] INFO  server.RaftServerConfigKeys (ConfUtils.java:logGet(46)) - raft.server.storage.dir = [/home/runner/work/ozone/ozone/hadoop-ozone/integration-test/target/test-dir/MiniOzoneClusterImpl-83d87173-15eb-40d9-9fb5-e31a77cfd1f5/datanode-2/data/ratis] (custom)
2023-04-21 06:17:45,549 [pool-825-thread-1] INFO  server.RaftServerConfigKeys (ConfUtils.java:logGet(46)) - raft.server.log.corruption.policy = EXCEPTION (default)
2023-04-21 06:17:45,549 [pool-825-thread-1] INFO  server.RaftServerConfigKeys (ConfUtils.java:logGet(46)) - raft.server.storage.free-space.min = 0MB (=0) (default)
2023-04-21 06:17:45,549 [pool-825-thread-1] INFO  server.RaftServerConfigKeys (ConfUtils.java:logGet(46)) - raft.server.notification.no-leader.timeout = 300s (custom)
2023-04-21 06:17:45,549 [pool-825-thread-1] INFO  server.RaftServerConfigKeys (ConfUtils.java:logGet(46)) - raft.server.retrycache.expirytime = 600000ms (custom)
2023-04-21 06:17:45,550 [pool-825-thread-1] INFO  server.RaftServerConfigKeys (ConfUtils.java:logGet(46)) - raft.server.retrycache.statistics.expirytime = 100μs (default)
2023-04-21 06:17:45,551 [pool-825-thread-1] INFO  server.RaftServerConfigKeys (ConfUtils.java:logGet(46)) - raft.server.log.appender.install.snapshot.enabled = false (custom)
2023-04-21 06:17:45,551 [pool-825-thread-1] INFO  server.RaftServerConfigKeys (ConfUtils.java:logGet(46)) - raft.server.threadpool.server.cached = true (default)
2023-04-21 06:17:45,551 [pool-825-thread-1] INFO  server.RaftServerConfigKeys (ConfUtils.java:logGet(46)) - raft.server.threadpool.server.size = 0 (default)
2023-04-21 06:17:45,551 [pool-825-thread-1] INFO  server.RaftServerConfigKeys (ConfUtils.java:logGet(46)) - raft.server.threadpool.client.cached = true (default)
2023-04-21 06:17:45,551 [pool-825-thread-1] INFO  server.RaftServerConfigKeys (ConfUtils.java:logGet(46)) - raft.server.threadpool.client.size = 0 (default)
2023-04-21 06:17:45,552 [pool-825-thread-1] INFO  storage.RaftStorageDirectory (RaftStorageDirectoryImpl.java:analyzeStorage(137)) - The storage directory /home/runner/work/ozone/ozone/hadoop-ozone/integration-test/target/test-dir/MiniOzoneClusterImpl-83d87173-15eb-40d9-9fb5-e31a77cfd1f5/datanode-2/data/ratis/9f182ab3-7013-44cd-8978-46b086b7e41a does not exist. Creating ...
2023-04-21 06:17:45,553 [pool-825-thread-1] INFO  storage.RaftStorageDirectory (RaftStorageDirectoryImpl.java:tryLock(231)) - Lock on /home/runner/work/ozone/ozone/hadoop-ozone/integration-test/target/test-dir/MiniOzoneClusterImpl-83d87173-15eb-40d9-9fb5-e31a77cfd1f5/datanode-2/data/ratis/9f182ab3-7013-44cd-8978-46b086b7e41a/in_use.lock acquired by nodename 2764@fv-az205-422
2023-04-21 06:17:45,555 [pool-825-thread-1] INFO  storage.RaftStorage (RaftStorageImpl.java:format(96)) - Storage directory /home/runner/work/ozone/ozone/hadoop-ozone/integration-test/target/test-dir/MiniOzoneClusterImpl-83d87173-15eb-40d9-9fb5-e31a77cfd1f5/datanode-2/data/ratis/9f182ab3-7013-44cd-8978-46b086b7e41a has been successfully formatted.
2023-04-21 06:17:45,557 [pool-825-thread-1] INFO  ratis.ContainerStateMachine (ContainerStateMachine.java:loadSnapshot(262)) - group-46B086B7E41A: The snapshot info is null. Setting the last applied indexto:(t:0, i:~)
2023-04-21 06:17:45,557 [pool-825-thread-1] INFO  server.RaftServerConfigKeys (ConfUtils.java:logGet(46)) - raft.server.log.use.memory = false (default)
2023-04-21 06:17:45,558 [pool-825-thread-1] INFO  server.RaftServerConfigKeys (ConfUtils.java:logGet(46)) - raft.server.log.purge.gap = 1000000 (custom)
2023-04-21 06:17:45,558 [pool-825-thread-1] INFO  server.RaftServerConfigKeys (ConfUtils.java:logGet(46)) - raft.server.log.appender.buffer.byte-limit = 33554432 (custom)
2023-04-21 06:17:45,558 [pool-825-thread-1] INFO  server.RaftServerConfigKeys (ConfUtils.java:logGet(46)) - raft.server.log.statemachine.data.read.timeout = 1000ms (default)
2023-04-21 06:17:45,558 [pool-825-thread-1] INFO  server.RaftServerConfigKeys (ConfUtils.java:logGet(46)) - raft.server.log.purge.preservation.log.num = 0 (default)
2023-04-21 06:17:45,558 [pool-825-thread-1] INFO  server.RaftServerConfigKeys (ConfUtils.java:logGet(46)) - raft.server.log.segment.size.max = 1048576 (custom)
2023-04-21 06:17:45,558 [pool-825-thread-1] INFO  server.RaftServerConfigKeys (ConfUtils.java:logGet(46)) - raft.server.log.segment.cache.num.max = 2 (custom)
2023-04-21 06:17:45,559 [pool-825-thread-1] INFO  server.RaftServerConfigKeys (ConfUtils.java:logGet(46)) - raft.server.log.segment.cache.size.max = 200MB (=209715200) (default)
2023-04-21 06:17:45,559 [pool-825-thread-1] INFO  segmented.SegmentedRaftLogWorker (SegmentedRaftLogWorker.java:<init>(189)) - new b517b6f9-ca83-4992-bad0-b7f510a386a5@group-46B086B7E41A-SegmentedRaftLogWorker for RaftStorageImpl:Storage Directory /home/runner/work/ozone/ozone/hadoop-ozone/integration-test/target/test-dir/MiniOzoneClusterImpl-83d87173-15eb-40d9-9fb5-e31a77cfd1f5/datanode-2/data/ratis/9f182ab3-7013-44cd-8978-46b086b7e41a
2023-04-21 06:17:45,559 [pool-825-thread-1] INFO  server.RaftServerConfigKeys (ConfUtils.java:logGet(46)) - raft.server.log.queue.byte-limit = 4294967296 (custom)
2023-04-21 06:17:45,559 [pool-825-thread-1] INFO  server.RaftServerConfigKeys (ConfUtils.java:logGet(46)) - raft.server.log.queue.element-limit = 1024 (custom)
2023-04-21 06:17:45,559 [pool-825-thread-1] INFO  server.RaftServerConfigKeys (ConfUtils.java:logGet(46)) - raft.server.log.segment.size.max = 1048576 (custom)
2023-04-21 06:17:45,559 [pool-825-thread-1] INFO  server.RaftServerConfigKeys (ConfUtils.java:logGet(46)) - raft.server.log.preallocated.size = 16384 (custom)
2023-04-21 06:17:45,559 [pool-825-thread-1] INFO  server.RaftServerConfigKeys (ConfUtils.java:logGet(46)) - raft.server.log.force.sync.num = 128 (default)
2023-04-21 06:17:45,559 [pool-825-thread-1] INFO  server.RaftServerConfigKeys (ConfUtils.java:logGet(46)) - raft.server.log.statemachine.data.sync = true (default)
2023-04-21 06:17:45,559 [pool-825-thread-1] INFO  server.RaftServerConfigKeys (ConfUtils.java:logGet(46)) - raft.server.log.statemachine.data.sync.timeout = 10s (default)
2023-04-21 06:17:45,559 [pool-825-thread-1] INFO  server.RaftServerConfigKeys (ConfUtils.java:logGet(46)) - raft.server.log.statemachine.data.sync.timeout.retry = -1 (default)
2023-04-21 06:17:45,559 [pool-825-thread-1] INFO  server.RaftServerConfigKeys (ConfUtils.java:logGet(46)) - raft.server.log.write.buffer.size = 1048576 (custom)
2023-04-21 06:17:45,562 [pool-825-thread-1] INFO  server.RaftServerConfigKeys (ConfUtils.java:logGet(46)) - raft.server.log.appender.buffer.byte-limit = 33554432 (custom)
2023-04-21 06:17:45,567 [pool-825-thread-1] INFO  server.RaftServerConfigKeys (ConfUtils.java:logGet(46)) - raft.server.log.unsafe-flush.enabled = false (default)
2023-04-21 06:17:45,567 [pool-825-thread-1] INFO  server.RaftServerConfigKeys (ConfUtils.java:logGet(46)) - raft.server.log.async-flush.enabled = false (default)
2023-04-21 06:17:45,567 [pool-825-thread-1] INFO  server.RaftServerConfigKeys (ConfUtils.java:logGet(46)) - raft.server.log.statemachine.data.caching.enabled = true (custom)
2023-04-21 06:17:45,568 [pool-825-thread-1] INFO  segmented.SegmentedRaftLogWorker (SegmentedRaftLogWorker.java:lambda$new$0(135)) - b517b6f9-ca83-4992-bad0-b7f510a386a5@group-46B086B7E41A-SegmentedRaftLogWorker: flushIndex: setUnconditionally 0 -> -1
2023-04-21 06:17:45,568 [pool-825-thread-1] INFO  segmented.SegmentedRaftLogWorker (SegmentedRaftLogWorker.java:lambda$new$0(135)) - b517b6f9-ca83-4992-bad0-b7f510a386a5@group-46B086B7E41A-SegmentedRaftLogWorker: safeCacheEvictIndex: setUnconditionally 0 -> -1
2023-04-21 06:17:45,570 [pool-825-thread-1] INFO  server.RaftServer$Division (RaftServerImpl.java:start(334)) - b517b6f9-ca83-4992-bad0-b7f510a386a5@group-46B086B7E41A: start as a follower, conf=-1: peers:[b517b6f9-ca83-4992-bad0-b7f510a386a5|rpc:10.1.0.35:38971|dataStream:10.1.0.35:39461|priority:0|startupRole:FOLLOWER, af01062f-3048-4ed4-9f14-cd7341189c22|rpc:10.1.0.35:40473|dataStream:10.1.0.35:45409|priority:0|startupRole:FOLLOWER, 75ab3abc-5937-4b12-9491-8e152555f8b6|rpc:10.1.0.35:33467|dataStream:10.1.0.35:33031|priority:1|startupRole:FOLLOWER]|listeners:[], old=null
2023-04-21 06:17:45,570 [pool-825-thread-1] INFO  server.RaftServer$Division (RaftServerImpl.java:setRole(321)) - b517b6f9-ca83-4992-bad0-b7f510a386a5@group-46B086B7E41A: changes role from      null to FOLLOWER at term 0 for startAsFollower
2023-04-21 06:17:45,570 [pool-825-thread-1] INFO  impl.RoleInfo (RoleInfo.java:updateAndGet(139)) - b517b6f9-ca83-4992-bad0-b7f510a386a5: start b517b6f9-ca83-4992-bad0-b7f510a386a5@group-46B086B7E41A-FollowerState
2023-04-21 06:17:45,572 [pool-825-thread-1] INFO  util.JmxRegister (JmxRegister.java:tryRegister(44)) - Successfully registered JMX Bean with object name Ratis:service=RaftServer,group=group-46B086B7E41A,id=b517b6f9-ca83-4992-bad0-b7f510a386a5
2023-04-21 06:17:45,572 [pool-825-thread-1] INFO  server.RaftServerConfigKeys (ConfUtils.java:logGet(46)) - raft.server.snapshot.auto.trigger.enabled = true (custom)
2023-04-21 06:17:45,572 [pool-825-thread-1] INFO  server.RaftServerConfigKeys (ConfUtils.java:logGet(46)) - raft.server.snapshot.auto.trigger.threshold = 10000 (custom)
2023-04-21 06:17:45,572 [pool-825-thread-1] INFO  server.RaftServerConfigKeys (ConfUtils.java:logGet(46)) - raft.server.snapshot.retention.file.num = 5 (custom)
2023-04-21 06:17:45,572 [pool-825-thread-1] INFO  server.RaftServerConfigKeys (ConfUtils.java:logGet(46)) - raft.server.log.purge.upto.snapshot.index = false (default)
2023-04-21 06:17:45,573 [b517b6f9-ca83-4992-bad0-b7f510a386a5@group-46B086B7E41A-FollowerState] INFO  server.RaftServerConfigKeys (ConfUtils.java:logFallback(53)) - raft.server.rpc.first-election.timeout.min = 5s (fallback to raft.server.rpc.timeout.min)
2023-04-21 06:17:45,573 [b517b6f9-ca83-4992-bad0-b7f510a386a5@group-46B086B7E41A-FollowerState] INFO  server.RaftServerConfigKeys (ConfUtils.java:logFallback(53)) - raft.server.rpc.first-election.timeout.max = 5200ms (fallback to raft.server.rpc.timeout.max)
2023-04-21 06:17:45,591 [grpc-default-executor-0] INFO  server.RaftServer (RaftServerProxy.java:addNew(96)) - 75ab3abc-5937-4b12-9491-8e152555f8b6: addNew group-46B086B7E41A:[b517b6f9-ca83-4992-bad0-b7f510a386a5|rpc:10.1.0.35:38971|dataStream:10.1.0.35:39461|priority:0|startupRole:FOLLOWER, af01062f-3048-4ed4-9f14-cd7341189c22|rpc:10.1.0.35:40473|dataStream:10.1.0.35:45409|priority:0|startupRole:FOLLOWER, 75ab3abc-5937-4b12-9491-8e152555f8b6|rpc:10.1.0.35:33467|dataStream:10.1.0.35:33031|priority:1|startupRole:FOLLOWER] returns group-46B086B7E41A:java.util.concurrent.CompletableFuture@666b898c[Not completed]
2023-04-21 06:17:45,593 [pool-803-thread-1] INFO  server.RaftServer$Division (RaftServerImpl.java:<init>(195)) - 75ab3abc-5937-4b12-9491-8e152555f8b6: new RaftServerImpl for group-46B086B7E41A:[b517b6f9-ca83-4992-bad0-b7f510a386a5|rpc:10.1.0.35:38971|dataStream:10.1.0.35:39461|priority:0|startupRole:FOLLOWER, af01062f-3048-4ed4-9f14-cd7341189c22|rpc:10.1.0.35:40473|dataStream:10.1.0.35:45409|priority:0|startupRole:FOLLOWER, 75ab3abc-5937-4b12-9491-8e152555f8b6|rpc:10.1.0.35:33467|dataStream:10.1.0.35:33031|priority:1|startupRole:FOLLOWER] with ContainerStateMachine:uninitialized
2023-04-21 06:17:45,594 [pool-803-thread-1] INFO  server.RaftServerConfigKeys (ConfUtils.java:logGet(46)) - raft.server.rpc.timeout.min = 5s (custom)
2023-04-21 06:17:45,594 [pool-803-thread-1] INFO  server.RaftServerConfigKeys (ConfUtils.java:logGet(46)) - raft.server.rpc.timeout.max = 5200ms (custom)
2023-04-21 06:17:45,594 [pool-803-thread-1] INFO  server.RaftServerConfigKeys (ConfUtils.java:logGet(46)) - raft.server.rpc.sleep.time = 25ms (default)
2023-04-21 06:17:45,594 [pool-803-thread-1] INFO  server.RaftServerConfigKeys (ConfUtils.java:logGet(46)) - raft.server.rpc.slowness.timeout = 300s (custom)
2023-04-21 06:17:45,594 [pool-803-thread-1] INFO  server.RaftServerConfigKeys (ConfUtils.java:logGet(46)) - raft.server.leaderelection.leader.step-down.wait-time = 10s (default)
2023-04-21 06:17:45,594 [pool-803-thread-1] INFO  server.RaftServerConfigKeys (ConfUtils.java:logGet(46)) - raft.server.sleep.deviation.threshold = 300ms (default)
2023-04-21 06:17:45,594 [pool-803-thread-1] INFO  server.RaftServer$Division (ServerState.java:<init>(118)) - 75ab3abc-5937-4b12-9491-8e152555f8b6@group-46B086B7E41A: ConfigurationManager, init=-1: peers:[b517b6f9-ca83-4992-bad0-b7f510a386a5|rpc:10.1.0.35:38971|dataStream:10.1.0.35:39461|priority:0|startupRole:FOLLOWER, af01062f-3048-4ed4-9f14-cd7341189c22|rpc:10.1.0.35:40473|dataStream:10.1.0.35:45409|priority:0|startupRole:FOLLOWER, 75ab3abc-5937-4b12-9491-8e152555f8b6|rpc:10.1.0.35:33467|dataStream:10.1.0.35:33031|priority:1|startupRole:FOLLOWER]|listeners:[], old=null, confs=<EMPTY_MAP>
2023-04-21 06:17:45,594 [pool-803-thread-1] INFO  server.RaftServerConfigKeys (ConfUtils.java:logGet(46)) - raft.server.storage.dir = [/home/runner/work/ozone/ozone/hadoop-ozone/integration-test/target/test-dir/MiniOzoneClusterImpl-83d87173-15eb-40d9-9fb5-e31a77cfd1f5/datanode-1/data/ratis] (custom)
2023-04-21 06:17:45,594 [pool-803-thread-1] INFO  server.RaftServerConfigKeys (ConfUtils.java:logGet(46)) - raft.server.log.corruption.policy = EXCEPTION (default)
2023-04-21 06:17:45,594 [pool-803-thread-1] INFO  server.RaftServerConfigKeys (ConfUtils.java:logGet(46)) - raft.server.storage.free-space.min = 0MB (=0) (default)
2023-04-21 06:17:45,595 [pool-803-thread-1] INFO  server.RaftServerConfigKeys (ConfUtils.java:logGet(46)) - raft.server.notification.no-leader.timeout = 300s (custom)
2023-04-21 06:17:45,595 [pool-803-thread-1] INFO  server.RaftServerConfigKeys (ConfUtils.java:logGet(46)) - raft.server.retrycache.expirytime = 600000ms (custom)
2023-04-21 06:17:45,595 [pool-803-thread-1] INFO  server.RaftServerConfigKeys (ConfUtils.java:logGet(46)) - raft.server.retrycache.statistics.expirytime = 100μs (default)
2023-04-21 06:17:45,595 [pool-803-thread-1] INFO  server.RaftServerConfigKeys (ConfUtils.java:logGet(46)) - raft.server.log.appender.install.snapshot.enabled = false (custom)
2023-04-21 06:17:45,595 [pool-803-thread-1] INFO  server.RaftServerConfigKeys (ConfUtils.java:logGet(46)) - raft.server.threadpool.server.cached = true (default)
2023-04-21 06:17:45,595 [pool-803-thread-1] INFO  server.RaftServerConfigKeys (ConfUtils.java:logGet(46)) - raft.server.threadpool.server.size = 0 (default)
2023-04-21 06:17:45,595 [pool-803-thread-1] INFO  server.RaftServerConfigKeys (ConfUtils.java:logGet(46)) - raft.server.threadpool.client.cached = true (default)
2023-04-21 06:17:45,595 [pool-803-thread-1] INFO  server.RaftServerConfigKeys (ConfUtils.java:logGet(46)) - raft.server.threadpool.client.size = 0 (default)
2023-04-21 06:17:45,596 [pool-803-thread-1] INFO  storage.RaftStorageDirectory (RaftStorageDirectoryImpl.java:analyzeStorage(137)) - The storage directory /home/runner/work/ozone/ozone/hadoop-ozone/integration-test/target/test-dir/MiniOzoneClusterImpl-83d87173-15eb-40d9-9fb5-e31a77cfd1f5/datanode-1/data/ratis/9f182ab3-7013-44cd-8978-46b086b7e41a does not exist. Creating ...
2023-04-21 06:17:45,597 [pool-803-thread-1] INFO  storage.RaftStorageDirectory (RaftStorageDirectoryImpl.java:tryLock(231)) - Lock on /home/runner/work/ozone/ozone/hadoop-ozone/integration-test/target/test-dir/MiniOzoneClusterImpl-83d87173-15eb-40d9-9fb5-e31a77cfd1f5/datanode-1/data/ratis/9f182ab3-7013-44cd-8978-46b086b7e41a/in_use.lock acquired by nodename 2764@fv-az205-422
2023-04-21 06:17:45,598 [pool-803-thread-1] INFO  storage.RaftStorage (RaftStorageImpl.java:format(96)) - Storage directory /home/runner/work/ozone/ozone/hadoop-ozone/integration-test/target/test-dir/MiniOzoneClusterImpl-83d87173-15eb-40d9-9fb5-e31a77cfd1f5/datanode-1/data/ratis/9f182ab3-7013-44cd-8978-46b086b7e41a has been successfully formatted.
2023-04-21 06:17:45,600 [pool-803-thread-1] INFO  ratis.ContainerStateMachine (ContainerStateMachine.java:loadSnapshot(262)) - group-46B086B7E41A: The snapshot info is null. Setting the last applied indexto:(t:0, i:~)
2023-04-21 06:17:45,600 [pool-803-thread-1] INFO  server.RaftServerConfigKeys (ConfUtils.java:logGet(46)) - raft.server.log.use.memory = false (default)
2023-04-21 06:17:45,600 [pool-803-thread-1] INFO  server.RaftServerConfigKeys (ConfUtils.java:logGet(46)) - raft.server.log.purge.gap = 1000000 (custom)
2023-04-21 06:17:45,600 [pool-803-thread-1] INFO  server.RaftServerConfigKeys (ConfUtils.java:logGet(46)) - raft.server.log.appender.buffer.byte-limit = 33554432 (custom)
2023-04-21 06:17:45,600 [pool-803-thread-1] INFO  server.RaftServerConfigKeys (ConfUtils.java:logGet(46)) - raft.server.log.statemachine.data.read.timeout = 1000ms (default)
2023-04-21 06:17:45,600 [pool-803-thread-1] INFO  server.RaftServerConfigKeys (ConfUtils.java:logGet(46)) - raft.server.log.purge.preservation.log.num = 0 (default)
2023-04-21 06:17:45,600 [pool-803-thread-1] INFO  server.RaftServerConfigKeys (ConfUtils.java:logGet(46)) - raft.server.log.segment.size.max = 1048576 (custom)
2023-04-21 06:17:45,601 [pool-803-thread-1] INFO  server.RaftServerConfigKeys (ConfUtils.java:logGet(46)) - raft.server.log.segment.cache.num.max = 2 (custom)
2023-04-21 06:17:45,602 [pool-803-thread-1] INFO  server.RaftServerConfigKeys (ConfUtils.java:logGet(46)) - raft.server.log.segment.cache.size.max = 200MB (=209715200) (default)
2023-04-21 06:17:45,602 [pool-803-thread-1] INFO  segmented.SegmentedRaftLogWorker (SegmentedRaftLogWorker.java:<init>(189)) - new 75ab3abc-5937-4b12-9491-8e152555f8b6@group-46B086B7E41A-SegmentedRaftLogWorker for RaftStorageImpl:Storage Directory /home/runner/work/ozone/ozone/hadoop-ozone/integration-test/target/test-dir/MiniOzoneClusterImpl-83d87173-15eb-40d9-9fb5-e31a77cfd1f5/datanode-1/data/ratis/9f182ab3-7013-44cd-8978-46b086b7e41a
2023-04-21 06:17:45,602 [pool-803-thread-1] INFO  server.RaftServerConfigKeys (ConfUtils.java:logGet(46)) - raft.server.log.queue.byte-limit = 4294967296 (custom)
2023-04-21 06:17:45,602 [pool-803-thread-1] INFO  server.RaftServerConfigKeys (ConfUtils.java:logGet(46)) - raft.server.log.queue.element-limit = 1024 (custom)
2023-04-21 06:17:45,602 [pool-803-thread-1] INFO  server.RaftServerConfigKeys (ConfUtils.java:logGet(46)) - raft.server.log.segment.size.max = 1048576 (custom)
2023-04-21 06:17:45,602 [pool-803-thread-1] INFO  server.RaftServerConfigKeys (ConfUtils.java:logGet(46)) - raft.server.log.preallocated.size = 16384 (custom)
2023-04-21 06:17:45,602 [pool-803-thread-1] INFO  server.RaftServerConfigKeys (ConfUtils.java:logGet(46)) - raft.server.log.force.sync.num = 128 (default)
2023-04-21 06:17:45,602 [pool-803-thread-1] INFO  server.RaftServerConfigKeys (ConfUtils.java:logGet(46)) - raft.server.log.statemachine.data.sync = true (default)
2023-04-21 06:17:45,602 [pool-803-thread-1] INFO  server.RaftServerConfigKeys (ConfUtils.java:logGet(46)) - raft.server.log.statemachine.data.sync.timeout = 10s (default)
2023-04-21 06:17:45,602 [pool-803-thread-1] INFO  server.RaftServerConfigKeys (ConfUtils.java:logGet(46)) - raft.server.log.statemachine.data.sync.timeout.retry = -1 (default)
2023-04-21 06:17:45,603 [pool-803-thread-1] INFO  server.RaftServerConfigKeys (ConfUtils.java:logGet(46)) - raft.server.log.write.buffer.size = 1048576 (custom)
2023-04-21 06:17:45,603 [pool-803-thread-1] INFO  server.RaftServerConfigKeys (ConfUtils.java:logGet(46)) - raft.server.log.appender.buffer.byte-limit = 33554432 (custom)
2023-04-21 06:17:45,608 [pool-803-thread-1] INFO  server.RaftServerConfigKeys (ConfUtils.java:logGet(46)) - raft.server.log.unsafe-flush.enabled = false (default)
2023-04-21 06:17:45,608 [pool-803-thread-1] INFO  server.RaftServerConfigKeys (ConfUtils.java:logGet(46)) - raft.server.log.async-flush.enabled = false (default)
2023-04-21 06:17:45,608 [pool-803-thread-1] INFO  server.RaftServerConfigKeys (ConfUtils.java:logGet(46)) - raft.server.log.statemachine.data.caching.enabled = true (custom)
2023-04-21 06:17:45,608 [pool-803-thread-1] INFO  segmented.SegmentedRaftLogWorker (SegmentedRaftLogWorker.java:lambda$new$0(135)) - 75ab3abc-5937-4b12-9491-8e152555f8b6@group-46B086B7E41A-SegmentedRaftLogWorker: flushIndex: setUnconditionally 0 -> -1
2023-04-21 06:17:45,608 [pool-803-thread-1] INFO  segmented.SegmentedRaftLogWorker (SegmentedRaftLogWorker.java:lambda$new$0(135)) - 75ab3abc-5937-4b12-9491-8e152555f8b6@group-46B086B7E41A-SegmentedRaftLogWorker: safeCacheEvictIndex: setUnconditionally 0 -> -1
2023-04-21 06:17:45,609 [pool-803-thread-1] INFO  server.RaftServer$Division (RaftServerImpl.java:start(334)) - 75ab3abc-5937-4b12-9491-8e152555f8b6@group-46B086B7E41A: start as a follower, conf=-1: peers:[b517b6f9-ca83-4992-bad0-b7f510a386a5|rpc:10.1.0.35:38971|dataStream:10.1.0.35:39461|priority:0|startupRole:FOLLOWER, af01062f-3048-4ed4-9f14-cd7341189c22|rpc:10.1.0.35:40473|dataStream:10.1.0.35:45409|priority:0|startupRole:FOLLOWER, 75ab3abc-5937-4b12-9491-8e152555f8b6|rpc:10.1.0.35:33467|dataStream:10.1.0.35:33031|priority:1|startupRole:FOLLOWER]|listeners:[], old=null
2023-04-21 06:17:45,609 [pool-803-thread-1] INFO  server.RaftServer$Division (RaftServerImpl.java:setRole(321)) - 75ab3abc-5937-4b12-9491-8e152555f8b6@group-46B086B7E41A: changes role from      null to FOLLOWER at term 0 for startAsFollower
2023-04-21 06:17:45,609 [pool-803-thread-1] INFO  impl.RoleInfo (RoleInfo.java:updateAndGet(139)) - 75ab3abc-5937-4b12-9491-8e152555f8b6: start 75ab3abc-5937-4b12-9491-8e152555f8b6@group-46B086B7E41A-FollowerState
2023-04-21 06:17:45,610 [pool-803-thread-1] INFO  util.JmxRegister (JmxRegister.java:tryRegister(44)) - Successfully registered JMX Bean with object name Ratis:service=RaftServer,group=group-46B086B7E41A,id=75ab3abc-5937-4b12-9491-8e152555f8b6
2023-04-21 06:17:45,610 [pool-803-thread-1] INFO  server.RaftServerConfigKeys (ConfUtils.java:logGet(46)) - raft.server.snapshot.auto.trigger.enabled = true (custom)
2023-04-21 06:17:45,610 [pool-803-thread-1] INFO  server.RaftServerConfigKeys (ConfUtils.java:logGet(46)) - raft.server.snapshot.auto.trigger.threshold = 10000 (custom)
2023-04-21 06:17:45,610 [pool-803-thread-1] INFO  server.RaftServerConfigKeys (ConfUtils.java:logGet(46)) - raft.server.snapshot.retention.file.num = 5 (custom)
2023-04-21 06:17:45,610 [pool-803-thread-1] INFO  server.RaftServerConfigKeys (ConfUtils.java:logGet(46)) - raft.server.log.purge.upto.snapshot.index = false (default)
2023-04-21 06:17:45,610 [75ab3abc-5937-4b12-9491-8e152555f8b6@group-46B086B7E41A-FollowerState] INFO  server.RaftServerConfigKeys (ConfUtils.java:logFallback(53)) - raft.server.rpc.first-election.timeout.min = 5s (fallback to raft.server.rpc.timeout.min)
2023-04-21 06:17:45,610 [75ab3abc-5937-4b12-9491-8e152555f8b6@group-46B086B7E41A-FollowerState] INFO  server.RaftServerConfigKeys (ConfUtils.java:logFallback(53)) - raft.server.rpc.first-election.timeout.max = 5200ms (fallback to raft.server.rpc.timeout.max)
2023-04-21 06:17:45,620 [Command processor thread] INFO  commandhandler.CreatePipelineCommandHandler (CreatePipelineCommandHandler.java:handle(113)) - Created Pipeline RATIS THREE PipelineID=9f182ab3-7013-44cd-8978-46b086b7e41a.
2023-04-21 06:17:45,621 [Command processor thread] INFO  server.RaftServer (RaftServerProxy.java:addNew(96)) - af01062f-3048-4ed4-9f14-cd7341189c22: addNew group-F997DC6B75A8:[b517b6f9-ca83-4992-bad0-b7f510a386a5|rpc:10.1.0.35:38971|dataStream:10.1.0.35:39461|priority:1|startupRole:FOLLOWER, af01062f-3048-4ed4-9f14-cd7341189c22|rpc:10.1.0.35:40473|dataStream:10.1.0.35:45409|priority:0|startupRole:FOLLOWER, 75ab3abc-5937-4b12-9491-8e152555f8b6|rpc:10.1.0.35:33467|dataStream:10.1.0.35:33031|priority:0|startupRole:FOLLOWER] returns group-F997DC6B75A8:java.util.concurrent.CompletableFuture@3fdada0f[Not completed]
2023-04-21 06:17:45,624 [pool-781-thread-1] INFO  server.RaftServer$Division (RaftServerImpl.java:<init>(195)) - af01062f-3048-4ed4-9f14-cd7341189c22: new RaftServerImpl for group-F997DC6B75A8:[b517b6f9-ca83-4992-bad0-b7f510a386a5|rpc:10.1.0.35:38971|dataStream:10.1.0.35:39461|priority:1|startupRole:FOLLOWER, af01062f-3048-4ed4-9f14-cd7341189c22|rpc:10.1.0.35:40473|dataStream:10.1.0.35:45409|priority:0|startupRole:FOLLOWER, 75ab3abc-5937-4b12-9491-8e152555f8b6|rpc:10.1.0.35:33467|dataStream:10.1.0.35:33031|priority:0|startupRole:FOLLOWER] with ContainerStateMachine:uninitialized
2023-04-21 06:17:45,624 [pool-781-thread-1] INFO  server.RaftServerConfigKeys (ConfUtils.java:logGet(46)) - raft.server.rpc.timeout.min = 5s (custom)
2023-04-21 06:17:45,624 [pool-781-thread-1] INFO  server.RaftServerConfigKeys (ConfUtils.java:logGet(46)) - raft.server.rpc.timeout.max = 5200ms (custom)
2023-04-21 06:17:45,624 [pool-781-thread-1] INFO  server.RaftServerConfigKeys (ConfUtils.java:logGet(46)) - raft.server.rpc.sleep.time = 25ms (default)
2023-04-21 06:17:45,624 [pool-781-thread-1] INFO  server.RaftServerConfigKeys (ConfUtils.java:logGet(46)) - raft.server.rpc.slowness.timeout = 300s (custom)
2023-04-21 06:17:45,624 [pool-781-thread-1] INFO  server.RaftServerConfigKeys (ConfUtils.java:logGet(46)) - raft.server.leaderelection.leader.step-down.wait-time = 10s (default)
2023-04-21 06:17:45,625 [pool-781-thread-1] INFO  server.RaftServerConfigKeys (ConfUtils.java:logGet(46)) - raft.server.sleep.deviation.threshold = 300ms (default)
2023-04-21 06:17:45,625 [pool-781-thread-1] INFO  server.RaftServer$Division (ServerState.java:<init>(118)) - af01062f-3048-4ed4-9f14-cd7341189c22@group-F997DC6B75A8: ConfigurationManager, init=-1: peers:[b517b6f9-ca83-4992-bad0-b7f510a386a5|rpc:10.1.0.35:38971|dataStream:10.1.0.35:39461|priority:1|startupRole:FOLLOWER, af01062f-3048-4ed4-9f14-cd7341189c22|rpc:10.1.0.35:40473|dataStream:10.1.0.35:45409|priority:0|startupRole:FOLLOWER, 75ab3abc-5937-4b12-9491-8e152555f8b6|rpc:10.1.0.35:33467|dataStream:10.1.0.35:33031|priority:0|startupRole:FOLLOWER]|listeners:[], old=null, confs=<EMPTY_MAP>
2023-04-21 06:17:45,625 [pool-781-thread-1] INFO  server.RaftServerConfigKeys (ConfUtils.java:logGet(46)) - raft.server.storage.dir = [/home/runner/work/ozone/ozone/hadoop-ozone/integration-test/target/test-dir/MiniOzoneClusterImpl-83d87173-15eb-40d9-9fb5-e31a77cfd1f5/datanode-0/data/ratis] (custom)
2023-04-21 06:17:45,625 [pool-781-thread-1] INFO  server.RaftServerConfigKeys (ConfUtils.java:logGet(46)) - raft.server.log.corruption.policy = EXCEPTION (default)
2023-04-21 06:17:45,625 [pool-781-thread-1] INFO  server.RaftServerConfigKeys (ConfUtils.java:logGet(46)) - raft.server.storage.free-space.min = 0MB (=0) (default)
2023-04-21 06:17:45,625 [pool-781-thread-1] INFO  server.RaftServerConfigKeys (ConfUtils.java:logGet(46)) - raft.server.notification.no-leader.timeout = 300s (custom)
2023-04-21 06:17:45,625 [pool-781-thread-1] INFO  server.RaftServerConfigKeys (ConfUtils.java:logGet(46)) - raft.server.retrycache.expirytime = 600000ms (custom)
2023-04-21 06:17:45,625 [pool-781-thread-1] INFO  server.RaftServerConfigKeys (ConfUtils.java:logGet(46)) - raft.server.retrycache.statistics.expirytime = 100μs (default)
2023-04-21 06:17:45,626 [pool-781-thread-1] INFO  server.RaftServerConfigKeys (ConfUtils.java:logGet(46)) - raft.server.log.appender.install.snapshot.enabled = false (custom)
2023-04-21 06:17:45,626 [pool-781-thread-1] INFO  server.RaftServerConfigKeys (ConfUtils.java:logGet(46)) - raft.server.threadpool.server.cached = true (default)
2023-04-21 06:17:45,626 [pool-781-thread-1] INFO  server.RaftServerConfigKeys (ConfUtils.java:logGet(46)) - raft.server.threadpool.server.size = 0 (default)
2023-04-21 06:17:45,626 [pool-781-thread-1] INFO  server.RaftServerConfigKeys (ConfUtils.java:logGet(46)) - raft.server.threadpool.client.cached = true (default)
2023-04-21 06:17:45,626 [pool-781-thread-1] INFO  server.RaftServerConfigKeys (ConfUtils.java:logGet(46)) - raft.server.threadpool.client.size = 0 (default)
2023-04-21 06:17:45,626 [pool-781-thread-1] INFO  storage.RaftStorageDirectory (RaftStorageDirectoryImpl.java:analyzeStorage(137)) - The storage directory /home/runner/work/ozone/ozone/hadoop-ozone/integration-test/target/test-dir/MiniOzoneClusterImpl-83d87173-15eb-40d9-9fb5-e31a77cfd1f5/datanode-0/data/ratis/2a9470b5-06aa-48d6-a6c2-f997dc6b75a8 does not exist. Creating ...
2023-04-21 06:17:45,627 [pool-781-thread-1] INFO  storage.RaftStorageDirectory (RaftStorageDirectoryImpl.java:tryLock(231)) - Lock on /home/runner/work/ozone/ozone/hadoop-ozone/integration-test/target/test-dir/MiniOzoneClusterImpl-83d87173-15eb-40d9-9fb5-e31a77cfd1f5/datanode-0/data/ratis/2a9470b5-06aa-48d6-a6c2-f997dc6b75a8/in_use.lock acquired by nodename 2764@fv-az205-422
2023-04-21 06:17:45,629 [pool-781-thread-1] INFO  storage.RaftStorage (RaftStorageImpl.java:format(96)) - Storage directory /home/runner/work/ozone/ozone/hadoop-ozone/integration-test/target/test-dir/MiniOzoneClusterImpl-83d87173-15eb-40d9-9fb5-e31a77cfd1f5/datanode-0/data/ratis/2a9470b5-06aa-48d6-a6c2-f997dc6b75a8 has been successfully formatted.
2023-04-21 06:17:45,629 [pool-781-thread-1] INFO  ratis.ContainerStateMachine (ContainerStateMachine.java:loadSnapshot(262)) - group-F997DC6B75A8: The snapshot info is null. Setting the last applied indexto:(t:0, i:~)
2023-04-21 06:17:45,629 [pool-781-thread-1] INFO  server.RaftServerConfigKeys (ConfUtils.java:logGet(46)) - raft.server.log.use.memory = false (default)
2023-04-21 06:17:45,629 [pool-781-thread-1] INFO  server.RaftServerConfigKeys (ConfUtils.java:logGet(46)) - raft.server.log.purge.gap = 1000000 (custom)
2023-04-21 06:17:45,629 [pool-781-thread-1] INFO  server.RaftServerConfigKeys (ConfUtils.java:logGet(46)) - raft.server.log.appender.buffer.byte-limit = 33554432 (custom)
2023-04-21 06:17:45,629 [pool-781-thread-1] INFO  server.RaftServerConfigKeys (ConfUtils.java:logGet(46)) - raft.server.log.statemachine.data.read.timeout = 1000ms (default)
2023-04-21 06:17:45,630 [pool-781-thread-1] INFO  server.RaftServerConfigKeys (ConfUtils.java:logGet(46)) - raft.server.log.purge.preservation.log.num = 0 (default)
2023-04-21 06:17:45,630 [EventQueue-OpenPipelineForHealthyPipelineSafeModeRule] INFO  safemode.SCMSafeModeManager (HealthyPipelineSafeModeRule.java:process(137)) - SCM in safe mode. Healthy pipelines reported count is 0, required healthy pipeline reported count is 1
2023-04-21 06:17:45,631 [pool-781-thread-1] INFO  server.RaftServerConfigKeys (ConfUtils.java:logGet(46)) - raft.server.log.segment.size.max = 1048576 (custom)
2023-04-21 06:17:45,631 [pool-781-thread-1] INFO  server.RaftServerConfigKeys (ConfUtils.java:logGet(46)) - raft.server.log.segment.cache.num.max = 2 (custom)
2023-04-21 06:17:45,631 [pool-781-thread-1] INFO  server.RaftServerConfigKeys (ConfUtils.java:logGet(46)) - raft.server.log.segment.cache.size.max = 200MB (=209715200) (default)
2023-04-21 06:17:45,631 [pool-781-thread-1] INFO  segmented.SegmentedRaftLogWorker (SegmentedRaftLogWorker.java:<init>(189)) - new af01062f-3048-4ed4-9f14-cd7341189c22@group-F997DC6B75A8-SegmentedRaftLogWorker for RaftStorageImpl:Storage Directory /home/runner/work/ozone/ozone/hadoop-ozone/integration-test/target/test-dir/MiniOzoneClusterImpl-83d87173-15eb-40d9-9fb5-e31a77cfd1f5/datanode-0/data/ratis/2a9470b5-06aa-48d6-a6c2-f997dc6b75a8
2023-04-21 06:17:45,631 [pool-781-thread-1] INFO  server.RaftServerConfigKeys (ConfUtils.java:logGet(46)) - raft.server.log.queue.byte-limit = 4294967296 (custom)
2023-04-21 06:17:45,631 [pool-781-thread-1] INFO  server.RaftServerConfigKeys (ConfUtils.java:logGet(46)) - raft.server.log.queue.element-limit = 1024 (custom)
2023-04-21 06:17:45,631 [pool-781-thread-1] INFO  server.RaftServerConfigKeys (ConfUtils.java:logGet(46)) - raft.server.log.segment.size.max = 1048576 (custom)
2023-04-21 06:17:45,631 [pool-781-thread-1] INFO  server.RaftServerConfigKeys (ConfUtils.java:logGet(46)) - raft.server.log.preallocated.size = 16384 (custom)
2023-04-21 06:17:45,631 [pool-781-thread-1] INFO  server.RaftServerConfigKeys (ConfUtils.java:logGet(46)) - raft.server.log.force.sync.num = 128 (default)
2023-04-21 06:17:45,631 [pool-781-thread-1] INFO  server.RaftServerConfigKeys (ConfUtils.java:logGet(46)) - raft.server.log.statemachine.data.sync = true (default)
2023-04-21 06:17:45,631 [pool-781-thread-1] INFO  server.RaftServerConfigKeys (ConfUtils.java:logGet(46)) - raft.server.log.statemachine.data.sync.timeout = 10s (default)
2023-04-21 06:17:45,631 [pool-781-thread-1] INFO  server.RaftServerConfigKeys (ConfUtils.java:logGet(46)) - raft.server.log.statemachine.data.sync.timeout.retry = -1 (default)
2023-04-21 06:17:45,632 [pool-781-thread-1] INFO  server.RaftServerConfigKeys (ConfUtils.java:logGet(46)) - raft.server.log.write.buffer.size = 1048576 (custom)
2023-04-21 06:17:45,632 [pool-781-thread-1] INFO  server.RaftServerConfigKeys (ConfUtils.java:logGet(46)) - raft.server.log.appender.buffer.byte-limit = 33554432 (custom)
2023-04-21 06:17:45,637 [pool-781-thread-1] INFO  server.RaftServerConfigKeys (ConfUtils.java:logGet(46)) - raft.server.log.unsafe-flush.enabled = false (default)
2023-04-21 06:17:45,637 [pool-781-thread-1] INFO  server.RaftServerConfigKeys (ConfUtils.java:logGet(46)) - raft.server.log.async-flush.enabled = false (default)
2023-04-21 06:17:45,637 [pool-781-thread-1] INFO  server.RaftServerConfigKeys (ConfUtils.java:logGet(46)) - raft.server.log.statemachine.data.caching.enabled = true (custom)
2023-04-21 06:17:45,637 [pool-781-thread-1] INFO  segmented.SegmentedRaftLogWorker (SegmentedRaftLogWorker.java:lambda$new$0(135)) - af01062f-3048-4ed4-9f14-cd7341189c22@group-F997DC6B75A8-SegmentedRaftLogWorker: flushIndex: setUnconditionally 0 -> -1
2023-04-21 06:17:45,637 [pool-781-thread-1] INFO  segmented.SegmentedRaftLogWorker (SegmentedRaftLogWorker.java:lambda$new$0(135)) - af01062f-3048-4ed4-9f14-cd7341189c22@group-F997DC6B75A8-SegmentedRaftLogWorker: safeCacheEvictIndex: setUnconditionally 0 -> -1
2023-04-21 06:17:45,641 [pool-781-thread-1] INFO  server.RaftServer$Division (RaftServerImpl.java:start(334)) - af01062f-3048-4ed4-9f14-cd7341189c22@group-F997DC6B75A8: start as a follower, conf=-1: peers:[b517b6f9-ca83-4992-bad0-b7f510a386a5|rpc:10.1.0.35:38971|dataStream:10.1.0.35:39461|priority:1|startupRole:FOLLOWER, af01062f-3048-4ed4-9f14-cd7341189c22|rpc:10.1.0.35:40473|dataStream:10.1.0.35:45409|priority:0|startupRole:FOLLOWER, 75ab3abc-5937-4b12-9491-8e152555f8b6|rpc:10.1.0.35:33467|dataStream:10.1.0.35:33031|priority:0|startupRole:FOLLOWER]|listeners:[], old=null
2023-04-21 06:17:45,641 [pool-781-thread-1] INFO  server.RaftServer$Division (RaftServerImpl.java:setRole(321)) - af01062f-3048-4ed4-9f14-cd7341189c22@group-F997DC6B75A8: changes role from      null to FOLLOWER at term 0 for startAsFollower
2023-04-21 06:17:45,641 [pool-781-thread-1] INFO  impl.RoleInfo (RoleInfo.java:updateAndGet(139)) - af01062f-3048-4ed4-9f14-cd7341189c22: start af01062f-3048-4ed4-9f14-cd7341189c22@group-F997DC6B75A8-FollowerState
2023-04-21 06:17:45,642 [pool-781-thread-1] INFO  util.JmxRegister (JmxRegister.java:tryRegister(44)) - Successfully registered JMX Bean with object name Ratis:service=RaftServer,group=group-F997DC6B75A8,id=af01062f-3048-4ed4-9f14-cd7341189c22
2023-04-21 06:17:45,642 [pool-781-thread-1] INFO  server.RaftServerConfigKeys (ConfUtils.java:logGet(46)) - raft.server.snapshot.auto.trigger.enabled = true (custom)
2023-04-21 06:17:45,642 [pool-781-thread-1] INFO  server.RaftServerConfigKeys (ConfUtils.java:logGet(46)) - raft.server.snapshot.auto.trigger.threshold = 10000 (custom)
2023-04-21 06:17:45,642 [pool-781-thread-1] INFO  server.RaftServerConfigKeys (ConfUtils.java:logGet(46)) - raft.server.snapshot.retention.file.num = 5 (custom)
2023-04-21 06:17:45,642 [pool-781-thread-1] INFO  server.RaftServerConfigKeys (ConfUtils.java:logGet(46)) - raft.server.log.purge.upto.snapshot.index = false (default)
2023-04-21 06:17:45,643 [af01062f-3048-4ed4-9f14-cd7341189c22@group-F997DC6B75A8-FollowerState] INFO  server.RaftServerConfigKeys (ConfUtils.java:logFallback(53)) - raft.server.rpc.first-election.timeout.min = 5s (fallback to raft.server.rpc.timeout.min)
2023-04-21 06:17:45,643 [af01062f-3048-4ed4-9f14-cd7341189c22@group-F997DC6B75A8-FollowerState] INFO  server.RaftServerConfigKeys (ConfUtils.java:logFallback(53)) - raft.server.rpc.first-election.timeout.max = 5200ms (fallback to raft.server.rpc.timeout.max)
2023-04-21 06:17:45,643 [Command processor thread] INFO  ratis.XceiverServerRatis (XceiverServerRatis.java:addGroup(806)) - Created group PipelineID=2a9470b5-06aa-48d6-a6c2-f997dc6b75a8
2023-04-21 06:17:45,656 [grpc-default-executor-0] INFO  server.RaftServer (RaftServerProxy.java:addNew(96)) - 75ab3abc-5937-4b12-9491-8e152555f8b6: addNew group-F997DC6B75A8:[b517b6f9-ca83-4992-bad0-b7f510a386a5|rpc:10.1.0.35:38971|dataStream:10.1.0.35:39461|priority:1|startupRole:FOLLOWER, af01062f-3048-4ed4-9f14-cd7341189c22|rpc:10.1.0.35:40473|dataStream:10.1.0.35:45409|priority:0|startupRole:FOLLOWER, 75ab3abc-5937-4b12-9491-8e152555f8b6|rpc:10.1.0.35:33467|dataStream:10.1.0.35:33031|priority:0|startupRole:FOLLOWER] returns group-F997DC6B75A8:java.util.concurrent.CompletableFuture@60783178[Not completed]
2023-04-21 06:17:45,657 [pool-803-thread-1] INFO  server.RaftServer$Division (RaftServerImpl.java:<init>(195)) - 75ab3abc-5937-4b12-9491-8e152555f8b6: new RaftServerImpl for group-F997DC6B75A8:[b517b6f9-ca83-4992-bad0-b7f510a386a5|rpc:10.1.0.35:38971|dataStream:10.1.0.35:39461|priority:1|startupRole:FOLLOWER, af01062f-3048-4ed4-9f14-cd7341189c22|rpc:10.1.0.35:40473|dataStream:10.1.0.35:45409|priority:0|startupRole:FOLLOWER, 75ab3abc-5937-4b12-9491-8e152555f8b6|rpc:10.1.0.35:33467|dataStream:10.1.0.35:33031|priority:0|startupRole:FOLLOWER] with ContainerStateMachine:uninitialized
2023-04-21 06:17:45,657 [pool-803-thread-1] INFO  server.RaftServerConfigKeys (ConfUtils.java:logGet(46)) - raft.server.rpc.timeout.min = 5s (custom)
2023-04-21 06:17:45,657 [pool-803-thread-1] INFO  server.RaftServerConfigKeys (ConfUtils.java:logGet(46)) - raft.server.rpc.timeout.max = 5200ms (custom)
2023-04-21 06:17:45,657 [pool-803-thread-1] INFO  server.RaftServerConfigKeys (ConfUtils.java:logGet(46)) - raft.server.rpc.sleep.time = 25ms (default)
2023-04-21 06:17:45,657 [pool-803-thread-1] INFO  server.RaftServerConfigKeys (ConfUtils.java:logGet(46)) - raft.server.rpc.slowness.timeout = 300s (custom)
2023-04-21 06:17:45,657 [pool-803-thread-1] INFO  server.RaftServerConfigKeys (ConfUtils.java:logGet(46)) - raft.server.leaderelection.leader.step-down.wait-time = 10s (default)
2023-04-21 06:17:45,657 [pool-803-thread-1] INFO  server.RaftServerConfigKeys (ConfUtils.java:logGet(46)) - raft.server.sleep.deviation.threshold = 300ms (default)
2023-04-21 06:17:45,657 [pool-803-thread-1] INFO  server.RaftServer$Division (ServerState.java:<init>(118)) - 75ab3abc-5937-4b12-9491-8e152555f8b6@group-F997DC6B75A8: ConfigurationManager, init=-1: peers:[b517b6f9-ca83-4992-bad0-b7f510a386a5|rpc:10.1.0.35:38971|dataStream:10.1.0.35:39461|priority:1|startupRole:FOLLOWER, af01062f-3048-4ed4-9f14-cd7341189c22|rpc:10.1.0.35:40473|dataStream:10.1.0.35:45409|priority:0|startupRole:FOLLOWER, 75ab3abc-5937-4b12-9491-8e152555f8b6|rpc:10.1.0.35:33467|dataStream:10.1.0.35:33031|priority:0|startupRole:FOLLOWER]|listeners:[], old=null, confs=<EMPTY_MAP>
2023-04-21 06:17:45,658 [pool-803-thread-1] INFO  server.RaftServerConfigKeys (ConfUtils.java:logGet(46)) - raft.server.storage.dir = [/home/runner/work/ozone/ozone/hadoop-ozone/integration-test/target/test-dir/MiniOzoneClusterImpl-83d87173-15eb-40d9-9fb5-e31a77cfd1f5/datanode-1/data/ratis] (custom)
2023-04-21 06:17:45,658 [pool-803-thread-1] INFO  server.RaftServerConfigKeys (ConfUtils.java:logGet(46)) - raft.server.log.corruption.policy = EXCEPTION (default)
2023-04-21 06:17:45,658 [pool-803-thread-1] INFO  server.RaftServerConfigKeys (ConfUtils.java:logGet(46)) - raft.server.storage.free-space.min = 0MB (=0) (default)
2023-04-21 06:17:45,658 [pool-803-thread-1] INFO  server.RaftServerConfigKeys (ConfUtils.java:logGet(46)) - raft.server.notification.no-leader.timeout = 300s (custom)
2023-04-21 06:17:45,658 [pool-803-thread-1] INFO  server.RaftServerConfigKeys (ConfUtils.java:logGet(46)) - raft.server.retrycache.expirytime = 600000ms (custom)
2023-04-21 06:17:45,658 [pool-803-thread-1] INFO  server.RaftServerConfigKeys (ConfUtils.java:logGet(46)) - raft.server.retrycache.statistics.expirytime = 100μs (default)
2023-04-21 06:17:45,658 [pool-803-thread-1] INFO  server.RaftServerConfigKeys (ConfUtils.java:logGet(46)) - raft.server.log.appender.install.snapshot.enabled = false (custom)
2023-04-21 06:17:45,658 [pool-803-thread-1] INFO  server.RaftServerConfigKeys (ConfUtils.java:logGet(46)) - raft.server.threadpool.server.cached = true (default)
2023-04-21 06:17:45,659 [pool-803-thread-1] INFO  server.RaftServerConfigKeys (ConfUtils.java:logGet(46)) - raft.server.threadpool.server.size = 0 (default)
2023-04-21 06:17:45,659 [pool-803-thread-1] INFO  server.RaftServerConfigKeys (ConfUtils.java:logGet(46)) - raft.server.threadpool.client.cached = true (default)
2023-04-21 06:17:45,659 [pool-803-thread-1] INFO  server.RaftServerConfigKeys (ConfUtils.java:logGet(46)) - raft.server.threadpool.client.size = 0 (default)
2023-04-21 06:17:45,659 [pool-803-thread-1] INFO  storage.RaftStorageDirectory (RaftStorageDirectoryImpl.java:analyzeStorage(137)) - The storage directory /home/runner/work/ozone/ozone/hadoop-ozone/integration-test/target/test-dir/MiniOzoneClusterImpl-83d87173-15eb-40d9-9fb5-e31a77cfd1f5/datanode-1/data/ratis/2a9470b5-06aa-48d6-a6c2-f997dc6b75a8 does not exist. Creating ...
2023-04-21 06:17:45,660 [pool-803-thread-1] INFO  storage.RaftStorageDirectory (RaftStorageDirectoryImpl.java:tryLock(231)) - Lock on /home/runner/work/ozone/ozone/hadoop-ozone/integration-test/target/test-dir/MiniOzoneClusterImpl-83d87173-15eb-40d9-9fb5-e31a77cfd1f5/datanode-1/data/ratis/2a9470b5-06aa-48d6-a6c2-f997dc6b75a8/in_use.lock acquired by nodename 2764@fv-az205-422
2023-04-21 06:17:45,661 [pool-803-thread-1] INFO  storage.RaftStorage (RaftStorageImpl.java:format(96)) - Storage directory /home/runner/work/ozone/ozone/hadoop-ozone/integration-test/target/test-dir/MiniOzoneClusterImpl-83d87173-15eb-40d9-9fb5-e31a77cfd1f5/datanode-1/data/ratis/2a9470b5-06aa-48d6-a6c2-f997dc6b75a8 has been successfully formatted.
2023-04-21 06:17:45,662 [pool-803-thread-1] INFO  ratis.ContainerStateMachine (ContainerStateMachine.java:loadSnapshot(262)) - group-F997DC6B75A8: The snapshot info is null. Setting the last applied indexto:(t:0, i:~)
2023-04-21 06:17:45,662 [pool-803-thread-1] INFO  server.RaftServerConfigKeys (ConfUtils.java:logGet(46)) - raft.server.log.use.memory = false (default)
2023-04-21 06:17:45,662 [pool-803-thread-1] INFO  server.RaftServerConfigKeys (ConfUtils.java:logGet(46)) - raft.server.log.purge.gap = 1000000 (custom)
2023-04-21 06:17:45,663 [pool-803-thread-1] INFO  server.RaftServerConfigKeys (ConfUtils.java:logGet(46)) - raft.server.log.appender.buffer.byte-limit = 33554432 (custom)
2023-04-21 06:17:45,663 [pool-803-thread-1] INFO  server.RaftServerConfigKeys (ConfUtils.java:logGet(46)) - raft.server.log.statemachine.data.read.timeout = 1000ms (default)
2023-04-21 06:17:45,663 [pool-803-thread-1] INFO  server.RaftServerConfigKeys (ConfUtils.java:logGet(46)) - raft.server.log.purge.preservation.log.num = 0 (default)
2023-04-21 06:17:45,663 [pool-803-thread-1] INFO  server.RaftServerConfigKeys (ConfUtils.java:logGet(46)) - raft.server.log.segment.size.max = 1048576 (custom)
2023-04-21 06:17:45,664 [pool-803-thread-1] INFO  server.RaftServerConfigKeys (ConfUtils.java:logGet(46)) - raft.server.log.segment.cache.num.max = 2 (custom)
2023-04-21 06:17:45,664 [pool-803-thread-1] INFO  server.RaftServerConfigKeys (ConfUtils.java:logGet(46)) - raft.server.log.segment.cache.size.max = 200MB (=209715200) (default)
2023-04-21 06:17:45,664 [pool-803-thread-1] INFO  segmented.SegmentedRaftLogWorker (SegmentedRaftLogWorker.java:<init>(189)) - new 75ab3abc-5937-4b12-9491-8e152555f8b6@group-F997DC6B75A8-SegmentedRaftLogWorker for RaftStorageImpl:Storage Directory /home/runner/work/ozone/ozone/hadoop-ozone/integration-test/target/test-dir/MiniOzoneClusterImpl-83d87173-15eb-40d9-9fb5-e31a77cfd1f5/datanode-1/data/ratis/2a9470b5-06aa-48d6-a6c2-f997dc6b75a8
2023-04-21 06:17:45,664 [pool-803-thread-1] INFO  server.RaftServerConfigKeys (ConfUtils.java:logGet(46)) - raft.server.log.queue.byte-limit = 4294967296 (custom)
2023-04-21 06:17:45,664 [pool-803-thread-1] INFO  server.RaftServerConfigKeys (ConfUtils.java:logGet(46)) - raft.server.log.queue.element-limit = 1024 (custom)
2023-04-21 06:17:45,664 [pool-803-thread-1] INFO  server.RaftServerConfigKeys (ConfUtils.java:logGet(46)) - raft.server.log.segment.size.max = 1048576 (custom)
2023-04-21 06:17:45,664 [pool-803-thread-1] INFO  server.RaftServerConfigKeys (ConfUtils.java:logGet(46)) - raft.server.log.preallocated.size = 16384 (custom)
2023-04-21 06:17:45,664 [pool-803-thread-1] INFO  server.RaftServerConfigKeys (ConfUtils.java:logGet(46)) - raft.server.log.force.sync.num = 128 (default)
2023-04-21 06:17:45,664 [pool-803-thread-1] INFO  server.RaftServerConfigKeys (ConfUtils.java:logGet(46)) - raft.server.log.statemachine.data.sync = true (default)
2023-04-21 06:17:45,664 [pool-803-thread-1] INFO  server.RaftServerConfigKeys (ConfUtils.java:logGet(46)) - raft.server.log.statemachine.data.sync.timeout = 10s (default)
2023-04-21 06:17:45,664 [pool-803-thread-1] INFO  server.RaftServerConfigKeys (ConfUtils.java:logGet(46)) - raft.server.log.statemachine.data.sync.timeout.retry = -1 (default)
2023-04-21 06:17:45,664 [pool-803-thread-1] INFO  server.RaftServerConfigKeys (ConfUtils.java:logGet(46)) - raft.server.log.write.buffer.size = 1048576 (custom)
2023-04-21 06:17:45,665 [pool-803-thread-1] INFO  server.RaftServerConfigKeys (ConfUtils.java:logGet(46)) - raft.server.log.appender.buffer.byte-limit = 33554432 (custom)
2023-04-21 06:17:45,674 [pool-803-thread-1] INFO  server.RaftServerConfigKeys (ConfUtils.java:logGet(46)) - raft.server.log.unsafe-flush.enabled = false (default)
2023-04-21 06:17:45,674 [pool-803-thread-1] INFO  server.RaftServerConfigKeys (ConfUtils.java:logGet(46)) - raft.server.log.async-flush.enabled = false (default)
2023-04-21 06:17:45,674 [pool-803-thread-1] INFO  server.RaftServerConfigKeys (ConfUtils.java:logGet(46)) - raft.server.log.statemachine.data.caching.enabled = true (custom)
2023-04-21 06:17:45,674 [pool-803-thread-1] INFO  segmented.SegmentedRaftLogWorker (SegmentedRaftLogWorker.java:lambda$new$0(135)) - 75ab3abc-5937-4b12-9491-8e152555f8b6@group-F997DC6B75A8-SegmentedRaftLogWorker: flushIndex: setUnconditionally 0 -> -1
2023-04-21 06:17:45,674 [pool-803-thread-1] INFO  segmented.SegmentedRaftLogWorker (SegmentedRaftLogWorker.java:lambda$new$0(135)) - 75ab3abc-5937-4b12-9491-8e152555f8b6@group-F997DC6B75A8-SegmentedRaftLogWorker: safeCacheEvictIndex: setUnconditionally 0 -> -1
2023-04-21 06:17:45,674 [pool-803-thread-1] INFO  server.RaftServer$Division (RaftServerImpl.java:start(334)) - 75ab3abc-5937-4b12-9491-8e152555f8b6@group-F997DC6B75A8: start as a follower, conf=-1: peers:[b517b6f9-ca83-4992-bad0-b7f510a386a5|rpc:10.1.0.35:38971|dataStream:10.1.0.35:39461|priority:1|startupRole:FOLLOWER, af01062f-3048-4ed4-9f14-cd7341189c22|rpc:10.1.0.35:40473|dataStream:10.1.0.35:45409|priority:0|startupRole:FOLLOWER, 75ab3abc-5937-4b12-9491-8e152555f8b6|rpc:10.1.0.35:33467|dataStream:10.1.0.35:33031|priority:0|startupRole:FOLLOWER]|listeners:[], old=null
2023-04-21 06:17:45,674 [pool-803-thread-1] INFO  server.RaftServer$Division (RaftServerImpl.java:setRole(321)) - 75ab3abc-5937-4b12-9491-8e152555f8b6@group-F997DC6B75A8: changes role from      null to FOLLOWER at term 0 for startAsFollower
2023-04-21 06:17:45,674 [pool-803-thread-1] INFO  impl.RoleInfo (RoleInfo.java:updateAndGet(139)) - 75ab3abc-5937-4b12-9491-8e152555f8b6: start 75ab3abc-5937-4b12-9491-8e152555f8b6@group-F997DC6B75A8-FollowerState
2023-04-21 06:17:45,678 [pool-803-thread-1] INFO  util.JmxRegister (JmxRegister.java:tryRegister(44)) - Successfully registered JMX Bean with object name Ratis:service=RaftServer,group=group-F997DC6B75A8,id=75ab3abc-5937-4b12-9491-8e152555f8b6
2023-04-21 06:17:45,678 [pool-803-thread-1] INFO  server.RaftServerConfigKeys (ConfUtils.java:logGet(46)) - raft.server.snapshot.auto.trigger.enabled = true (custom)
2023-04-21 06:17:45,678 [pool-803-thread-1] INFO  server.RaftServerConfigKeys (ConfUtils.java:logGet(46)) - raft.server.snapshot.auto.trigger.threshold = 10000 (custom)
2023-04-21 06:17:45,678 [pool-803-thread-1] INFO  server.RaftServerConfigKeys (ConfUtils.java:logGet(46)) - raft.server.snapshot.retention.file.num = 5 (custom)
2023-04-21 06:17:45,678 [pool-803-thread-1] INFO  server.RaftServerConfigKeys (ConfUtils.java:logGet(46)) - raft.server.log.purge.upto.snapshot.index = false (default)
2023-04-21 06:17:45,678 [75ab3abc-5937-4b12-9491-8e152555f8b6@group-F997DC6B75A8-FollowerState] INFO  server.RaftServerConfigKeys (ConfUtils.java:logFallback(53)) - raft.server.rpc.first-election.timeout.min = 5s (fallback to raft.server.rpc.timeout.min)
2023-04-21 06:17:45,678 [75ab3abc-5937-4b12-9491-8e152555f8b6@group-F997DC6B75A8-FollowerState] INFO  server.RaftServerConfigKeys (ConfUtils.java:logFallback(53)) - raft.server.rpc.first-election.timeout.max = 5200ms (fallback to raft.server.rpc.timeout.max)
2023-04-21 06:17:45,691 [grpc-default-executor-0] INFO  server.RaftServer (RaftServerProxy.java:addNew(96)) - b517b6f9-ca83-4992-bad0-b7f510a386a5: addNew group-F997DC6B75A8:[b517b6f9-ca83-4992-bad0-b7f510a386a5|rpc:10.1.0.35:38971|dataStream:10.1.0.35:39461|priority:1|startupRole:FOLLOWER, af01062f-3048-4ed4-9f14-cd7341189c22|rpc:10.1.0.35:40473|dataStream:10.1.0.35:45409|priority:0|startupRole:FOLLOWER, 75ab3abc-5937-4b12-9491-8e152555f8b6|rpc:10.1.0.35:33467|dataStream:10.1.0.35:33031|priority:0|startupRole:FOLLOWER] returns group-F997DC6B75A8:java.util.concurrent.CompletableFuture@42fa312c[Not completed]
2023-04-21 06:17:45,692 [pool-825-thread-1] INFO  server.RaftServer$Division (RaftServerImpl.java:<init>(195)) - b517b6f9-ca83-4992-bad0-b7f510a386a5: new RaftServerImpl for group-F997DC6B75A8:[b517b6f9-ca83-4992-bad0-b7f510a386a5|rpc:10.1.0.35:38971|dataStream:10.1.0.35:39461|priority:1|startupRole:FOLLOWER, af01062f-3048-4ed4-9f14-cd7341189c22|rpc:10.1.0.35:40473|dataStream:10.1.0.35:45409|priority:0|startupRole:FOLLOWER, 75ab3abc-5937-4b12-9491-8e152555f8b6|rpc:10.1.0.35:33467|dataStream:10.1.0.35:33031|priority:0|startupRole:FOLLOWER] with ContainerStateMachine:uninitialized
2023-04-21 06:17:45,692 [pool-825-thread-1] INFO  server.RaftServerConfigKeys (ConfUtils.java:logGet(46)) - raft.server.rpc.timeout.min = 5s (custom)
2023-04-21 06:17:45,692 [pool-825-thread-1] INFO  server.RaftServerConfigKeys (ConfUtils.java:logGet(46)) - raft.server.rpc.timeout.max = 5200ms (custom)
2023-04-21 06:17:45,692 [pool-825-thread-1] INFO  server.RaftServerConfigKeys (ConfUtils.java:logGet(46)) - raft.server.rpc.sleep.time = 25ms (default)
2023-04-21 06:17:45,692 [pool-825-thread-1] INFO  server.RaftServerConfigKeys (ConfUtils.java:logGet(46)) - raft.server.rpc.slowness.timeout = 300s (custom)
2023-04-21 06:17:45,692 [pool-825-thread-1] INFO  server.RaftServerConfigKeys (ConfUtils.java:logGet(46)) - raft.server.leaderelection.leader.step-down.wait-time = 10s (default)
2023-04-21 06:17:45,692 [pool-825-thread-1] INFO  server.RaftServerConfigKeys (ConfUtils.java:logGet(46)) - raft.server.sleep.deviation.threshold = 300ms (default)
2023-04-21 06:17:45,692 [pool-825-thread-1] INFO  server.RaftServer$Division (ServerState.java:<init>(118)) - b517b6f9-ca83-4992-bad0-b7f510a386a5@group-F997DC6B75A8: ConfigurationManager, init=-1: peers:[b517b6f9-ca83-4992-bad0-b7f510a386a5|rpc:10.1.0.35:38971|dataStream:10.1.0.35:39461|priority:1|startupRole:FOLLOWER, af01062f-3048-4ed4-9f14-cd7341189c22|rpc:10.1.0.35:40473|dataStream:10.1.0.35:45409|priority:0|startupRole:FOLLOWER, 75ab3abc-5937-4b12-9491-8e152555f8b6|rpc:10.1.0.35:33467|dataStream:10.1.0.35:33031|priority:0|startupRole:FOLLOWER]|listeners:[], old=null, confs=<EMPTY_MAP>
2023-04-21 06:17:45,692 [pool-825-thread-1] INFO  server.RaftServerConfigKeys (ConfUtils.java:logGet(46)) - raft.server.storage.dir = [/home/runner/work/ozone/ozone/hadoop-ozone/integration-test/target/test-dir/MiniOzoneClusterImpl-83d87173-15eb-40d9-9fb5-e31a77cfd1f5/datanode-2/data/ratis] (custom)
2023-04-21 06:17:45,693 [pool-825-thread-1] INFO  server.RaftServerConfigKeys (ConfUtils.java:logGet(46)) - raft.server.log.corruption.policy = EXCEPTION (default)
2023-04-21 06:17:45,693 [pool-825-thread-1] INFO  server.RaftServerConfigKeys (ConfUtils.java:logGet(46)) - raft.server.storage.free-space.min = 0MB (=0) (default)
2023-04-21 06:17:45,693 [pool-825-thread-1] INFO  server.RaftServerConfigKeys (ConfUtils.java:logGet(46)) - raft.server.notification.no-leader.timeout = 300s (custom)
2023-04-21 06:17:45,693 [pool-825-thread-1] INFO  server.RaftServerConfigKeys (ConfUtils.java:logGet(46)) - raft.server.retrycache.expirytime = 600000ms (custom)
2023-04-21 06:17:45,693 [pool-825-thread-1] INFO  server.RaftServerConfigKeys (ConfUtils.java:logGet(46)) - raft.server.retrycache.statistics.expirytime = 100μs (default)
2023-04-21 06:17:45,693 [pool-825-thread-1] INFO  server.RaftServerConfigKeys (ConfUtils.java:logGet(46)) - raft.server.log.appender.install.snapshot.enabled = false (custom)
2023-04-21 06:17:45,693 [pool-825-thread-1] INFO  server.RaftServerConfigKeys (ConfUtils.java:logGet(46)) - raft.server.threadpool.server.cached = true (default)
2023-04-21 06:17:45,693 [pool-825-thread-1] INFO  server.RaftServerConfigKeys (ConfUtils.java:logGet(46)) - raft.server.threadpool.server.size = 0 (default)
2023-04-21 06:17:45,693 [pool-825-thread-1] INFO  server.RaftServerConfigKeys (ConfUtils.java:logGet(46)) - raft.server.threadpool.client.cached = true (default)
2023-04-21 06:17:45,693 [pool-825-thread-1] INFO  server.RaftServerConfigKeys (ConfUtils.java:logGet(46)) - raft.server.threadpool.client.size = 0 (default)
2023-04-21 06:17:45,694 [pool-825-thread-1] INFO  storage.RaftStorageDirectory (RaftStorageDirectoryImpl.java:analyzeStorage(137)) - The storage directory /home/runner/work/ozone/ozone/hadoop-ozone/integration-test/target/test-dir/MiniOzoneClusterImpl-83d87173-15eb-40d9-9fb5-e31a77cfd1f5/datanode-2/data/ratis/2a9470b5-06aa-48d6-a6c2-f997dc6b75a8 does not exist. Creating ...
2023-04-21 06:17:45,695 [pool-825-thread-1] INFO  storage.RaftStorageDirectory (RaftStorageDirectoryImpl.java:tryLock(231)) - Lock on /home/runner/work/ozone/ozone/hadoop-ozone/integration-test/target/test-dir/MiniOzoneClusterImpl-83d87173-15eb-40d9-9fb5-e31a77cfd1f5/datanode-2/data/ratis/2a9470b5-06aa-48d6-a6c2-f997dc6b75a8/in_use.lock acquired by nodename 2764@fv-az205-422
2023-04-21 06:17:45,696 [pool-825-thread-1] INFO  storage.RaftStorage (RaftStorageImpl.java:format(96)) - Storage directory /home/runner/work/ozone/ozone/hadoop-ozone/integration-test/target/test-dir/MiniOzoneClusterImpl-83d87173-15eb-40d9-9fb5-e31a77cfd1f5/datanode-2/data/ratis/2a9470b5-06aa-48d6-a6c2-f997dc6b75a8 has been successfully formatted.
2023-04-21 06:17:45,697 [pool-825-thread-1] INFO  ratis.ContainerStateMachine (ContainerStateMachine.java:loadSnapshot(262)) - group-F997DC6B75A8: The snapshot info is null. Setting the last applied indexto:(t:0, i:~)
2023-04-21 06:17:45,698 [pool-825-thread-1] INFO  server.RaftServerConfigKeys (ConfUtils.java:logGet(46)) - raft.server.log.use.memory = false (default)
2023-04-21 06:17:45,698 [pool-825-thread-1] INFO  server.RaftServerConfigKeys (ConfUtils.java:logGet(46)) - raft.server.log.purge.gap = 1000000 (custom)
2023-04-21 06:17:45,698 [pool-825-thread-1] INFO  server.RaftServerConfigKeys (ConfUtils.java:logGet(46)) - raft.server.log.appender.buffer.byte-limit = 33554432 (custom)
2023-04-21 06:17:45,698 [pool-825-thread-1] INFO  server.RaftServerConfigKeys (ConfUtils.java:logGet(46)) - raft.server.log.statemachine.data.read.timeout = 1000ms (default)
2023-04-21 06:17:45,698 [pool-825-thread-1] INFO  server.RaftServerConfigKeys (ConfUtils.java:logGet(46)) - raft.server.log.purge.preservation.log.num = 0 (default)
2023-04-21 06:17:45,699 [pool-825-thread-1] INFO  server.RaftServerConfigKeys (ConfUtils.java:logGet(46)) - raft.server.log.segment.size.max = 1048576 (custom)
2023-04-21 06:17:45,699 [pool-825-thread-1] INFO  server.RaftServerConfigKeys (ConfUtils.java:logGet(46)) - raft.server.log.segment.cache.num.max = 2 (custom)
2023-04-21 06:17:45,699 [pool-825-thread-1] INFO  server.RaftServerConfigKeys (ConfUtils.java:logGet(46)) - raft.server.log.segment.cache.size.max = 200MB (=209715200) (default)
2023-04-21 06:17:45,699 [pool-825-thread-1] INFO  segmented.SegmentedRaftLogWorker (SegmentedRaftLogWorker.java:<init>(189)) - new b517b6f9-ca83-4992-bad0-b7f510a386a5@group-F997DC6B75A8-SegmentedRaftLogWorker for RaftStorageImpl:Storage Directory /home/runner/work/ozone/ozone/hadoop-ozone/integration-test/target/test-dir/MiniOzoneClusterImpl-83d87173-15eb-40d9-9fb5-e31a77cfd1f5/datanode-2/data/ratis/2a9470b5-06aa-48d6-a6c2-f997dc6b75a8
2023-04-21 06:17:45,699 [pool-825-thread-1] INFO  server.RaftServerConfigKeys (ConfUtils.java:logGet(46)) - raft.server.log.queue.byte-limit = 4294967296 (custom)
2023-04-21 06:17:45,699 [pool-825-thread-1] INFO  server.RaftServerConfigKeys (ConfUtils.java:logGet(46)) - raft.server.log.queue.element-limit = 1024 (custom)
2023-04-21 06:17:45,699 [pool-825-thread-1] INFO  server.RaftServerConfigKeys (ConfUtils.java:logGet(46)) - raft.server.log.segment.size.max = 1048576 (custom)
2023-04-21 06:17:45,699 [pool-825-thread-1] INFO  server.RaftServerConfigKeys (ConfUtils.java:logGet(46)) - raft.server.log.preallocated.size = 16384 (custom)
2023-04-21 06:17:45,699 [pool-825-thread-1] INFO  server.RaftServerConfigKeys (ConfUtils.java:logGet(46)) - raft.server.log.force.sync.num = 128 (default)
2023-04-21 06:17:45,699 [pool-825-thread-1] INFO  server.RaftServerConfigKeys (ConfUtils.java:logGet(46)) - raft.server.log.statemachine.data.sync = true (default)
2023-04-21 06:17:45,699 [pool-825-thread-1] INFO  server.RaftServerConfigKeys (ConfUtils.java:logGet(46)) - raft.server.log.statemachine.data.sync.timeout = 10s (default)
2023-04-21 06:17:45,699 [pool-825-thread-1] INFO  server.RaftServerConfigKeys (ConfUtils.java:logGet(46)) - raft.server.log.statemachine.data.sync.timeout.retry = -1 (default)
2023-04-21 06:17:45,700 [pool-825-thread-1] INFO  server.RaftServerConfigKeys (ConfUtils.java:logGet(46)) - raft.server.log.write.buffer.size = 1048576 (custom)
2023-04-21 06:17:45,700 [pool-825-thread-1] INFO  server.RaftServerConfigKeys (ConfUtils.java:logGet(46)) - raft.server.log.appender.buffer.byte-limit = 33554432 (custom)
2023-04-21 06:17:45,705 [pool-825-thread-1] INFO  server.RaftServerConfigKeys (ConfUtils.java:logGet(46)) - raft.server.log.unsafe-flush.enabled = false (default)
2023-04-21 06:17:45,705 [pool-825-thread-1] INFO  server.RaftServerConfigKeys (ConfUtils.java:logGet(46)) - raft.server.log.async-flush.enabled = false (default)
2023-04-21 06:17:45,705 [pool-825-thread-1] INFO  server.RaftServerConfigKeys (ConfUtils.java:logGet(46)) - raft.server.log.statemachine.data.caching.enabled = true (custom)
2023-04-21 06:17:45,705 [pool-825-thread-1] INFO  segmented.SegmentedRaftLogWorker (SegmentedRaftLogWorker.java:lambda$new$0(135)) - b517b6f9-ca83-4992-bad0-b7f510a386a5@group-F997DC6B75A8-SegmentedRaftLogWorker: flushIndex: setUnconditionally 0 -> -1
2023-04-21 06:17:45,705 [pool-825-thread-1] INFO  segmented.SegmentedRaftLogWorker (SegmentedRaftLogWorker.java:lambda$new$0(135)) - b517b6f9-ca83-4992-bad0-b7f510a386a5@group-F997DC6B75A8-SegmentedRaftLogWorker: safeCacheEvictIndex: setUnconditionally 0 -> -1
2023-04-21 06:17:45,706 [pool-825-thread-1] INFO  server.RaftServer$Division (RaftServerImpl.java:start(334)) - b517b6f9-ca83-4992-bad0-b7f510a386a5@group-F997DC6B75A8: start as a follower, conf=-1: peers:[b517b6f9-ca83-4992-bad0-b7f510a386a5|rpc:10.1.0.35:38971|dataStream:10.1.0.35:39461|priority:1|startupRole:FOLLOWER, af01062f-3048-4ed4-9f14-cd7341189c22|rpc:10.1.0.35:40473|dataStream:10.1.0.35:45409|priority:0|startupRole:FOLLOWER, 75ab3abc-5937-4b12-9491-8e152555f8b6|rpc:10.1.0.35:33467|dataStream:10.1.0.35:33031|priority:0|startupRole:FOLLOWER]|listeners:[], old=null
2023-04-21 06:17:45,706 [pool-825-thread-1] INFO  server.RaftServer$Division (RaftServerImpl.java:setRole(321)) - b517b6f9-ca83-4992-bad0-b7f510a386a5@group-F997DC6B75A8: changes role from      null to FOLLOWER at term 0 for startAsFollower
2023-04-21 06:17:45,706 [pool-825-thread-1] INFO  impl.RoleInfo (RoleInfo.java:updateAndGet(139)) - b517b6f9-ca83-4992-bad0-b7f510a386a5: start b517b6f9-ca83-4992-bad0-b7f510a386a5@group-F997DC6B75A8-FollowerState
2023-04-21 06:17:45,706 [pool-825-thread-1] INFO  util.JmxRegister (JmxRegister.java:tryRegister(44)) - Successfully registered JMX Bean with object name Ratis:service=RaftServer,group=group-F997DC6B75A8,id=b517b6f9-ca83-4992-bad0-b7f510a386a5
2023-04-21 06:17:45,706 [pool-825-thread-1] INFO  server.RaftServerConfigKeys (ConfUtils.java:logGet(46)) - raft.server.snapshot.auto.trigger.enabled = true (custom)
2023-04-21 06:17:45,706 [pool-825-thread-1] INFO  server.RaftServerConfigKeys (ConfUtils.java:logGet(46)) - raft.server.snapshot.auto.trigger.threshold = 10000 (custom)
2023-04-21 06:17:45,706 [pool-825-thread-1] INFO  server.RaftServerConfigKeys (ConfUtils.java:logGet(46)) - raft.server.snapshot.retention.file.num = 5 (custom)
2023-04-21 06:17:45,706 [pool-825-thread-1] INFO  server.RaftServerConfigKeys (ConfUtils.java:logGet(46)) - raft.server.log.purge.upto.snapshot.index = false (default)
2023-04-21 06:17:45,707 [b517b6f9-ca83-4992-bad0-b7f510a386a5@group-F997DC6B75A8-FollowerState] INFO  server.RaftServerConfigKeys (ConfUtils.java:logFallback(53)) - raft.server.rpc.first-election.timeout.min = 5s (fallback to raft.server.rpc.timeout.min)
2023-04-21 06:17:45,707 [b517b6f9-ca83-4992-bad0-b7f510a386a5@group-F997DC6B75A8-FollowerState] INFO  server.RaftServerConfigKeys (ConfUtils.java:logFallback(53)) - raft.server.rpc.first-election.timeout.max = 5200ms (fallback to raft.server.rpc.timeout.max)
2023-04-21 06:17:45,713 [Command processor thread] INFO  commandhandler.CreatePipelineCommandHandler (CreatePipelineCommandHandler.java:handle(113)) - Created Pipeline RATIS THREE PipelineID=2a9470b5-06aa-48d6-a6c2-f997dc6b75a8.
2023-04-21 06:17:45,834 [Command processor thread] INFO  server.RaftServer (RaftServerProxy.java:addNew(96)) - 75ab3abc-5937-4b12-9491-8e152555f8b6: addNew group-78161F8D5E6F:[75ab3abc-5937-4b12-9491-8e152555f8b6|rpc:10.1.0.35:33467|dataStream:10.1.0.35:33031|priority:1|startupRole:FOLLOWER] returns group-78161F8D5E6F:java.util.concurrent.CompletableFuture@75a0756a[Not completed]
2023-04-21 06:17:45,835 [pool-803-thread-1] INFO  server.RaftServer$Division (RaftServerImpl.java:<init>(195)) - 75ab3abc-5937-4b12-9491-8e152555f8b6: new RaftServerImpl for group-78161F8D5E6F:[75ab3abc-5937-4b12-9491-8e152555f8b6|rpc:10.1.0.35:33467|dataStream:10.1.0.35:33031|priority:1|startupRole:FOLLOWER] with ContainerStateMachine:uninitialized
2023-04-21 06:17:45,835 [pool-803-thread-1] INFO  server.RaftServerConfigKeys (ConfUtils.java:logGet(46)) - raft.server.rpc.timeout.min = 5s (custom)
2023-04-21 06:17:45,835 [pool-803-thread-1] INFO  server.RaftServerConfigKeys (ConfUtils.java:logGet(46)) - raft.server.rpc.timeout.max = 5200ms (custom)
2023-04-21 06:17:45,835 [pool-803-thread-1] INFO  server.RaftServerConfigKeys (ConfUtils.java:logGet(46)) - raft.server.rpc.sleep.time = 25ms (default)
2023-04-21 06:17:45,835 [pool-803-thread-1] INFO  server.RaftServerConfigKeys (ConfUtils.java:logGet(46)) - raft.server.rpc.slowness.timeout = 300s (custom)
2023-04-21 06:17:45,835 [pool-803-thread-1] INFO  server.RaftServerConfigKeys (ConfUtils.java:logGet(46)) - raft.server.leaderelection.leader.step-down.wait-time = 10s (default)
2023-04-21 06:17:45,835 [pool-803-thread-1] INFO  server.RaftServerConfigKeys (ConfUtils.java:logGet(46)) - raft.server.sleep.deviation.threshold = 300ms (default)
2023-04-21 06:17:45,835 [pool-803-thread-1] INFO  server.RaftServer$Division (ServerState.java:<init>(118)) - 75ab3abc-5937-4b12-9491-8e152555f8b6@group-78161F8D5E6F: ConfigurationManager, init=-1: peers:[75ab3abc-5937-4b12-9491-8e152555f8b6|rpc:10.1.0.35:33467|dataStream:10.1.0.35:33031|priority:1|startupRole:FOLLOWER]|listeners:[], old=null, confs=<EMPTY_MAP>
2023-04-21 06:17:45,835 [pool-803-thread-1] INFO  server.RaftServerConfigKeys (ConfUtils.java:logGet(46)) - raft.server.storage.dir = [/home/runner/work/ozone/ozone/hadoop-ozone/integration-test/target/test-dir/MiniOzoneClusterImpl-83d87173-15eb-40d9-9fb5-e31a77cfd1f5/datanode-1/data/ratis] (custom)
2023-04-21 06:17:45,836 [pool-803-thread-1] INFO  server.RaftServerConfigKeys (ConfUtils.java:logGet(46)) - raft.server.log.corruption.policy = EXCEPTION (default)
2023-04-21 06:17:45,836 [pool-803-thread-1] INFO  server.RaftServerConfigKeys (ConfUtils.java:logGet(46)) - raft.server.storage.free-space.min = 0MB (=0) (default)
2023-04-21 06:17:45,836 [pool-803-thread-1] INFO  server.RaftServerConfigKeys (ConfUtils.java:logGet(46)) - raft.server.notification.no-leader.timeout = 300s (custom)
2023-04-21 06:17:45,836 [pool-803-thread-1] INFO  server.RaftServerConfigKeys (ConfUtils.java:logGet(46)) - raft.server.retrycache.expirytime = 600000ms (custom)
2023-04-21 06:17:45,836 [pool-803-thread-1] INFO  server.RaftServerConfigKeys (ConfUtils.java:logGet(46)) - raft.server.retrycache.statistics.expirytime = 100μs (default)
2023-04-21 06:17:45,836 [pool-803-thread-1] INFO  server.RaftServerConfigKeys (ConfUtils.java:logGet(46)) - raft.server.log.appender.install.snapshot.enabled = false (custom)
2023-04-21 06:17:45,837 [pool-803-thread-1] INFO  server.RaftServerConfigKeys (ConfUtils.java:logGet(46)) - raft.server.threadpool.server.cached = true (default)
2023-04-21 06:17:45,837 [pool-803-thread-1] INFO  server.RaftServerConfigKeys (ConfUtils.java:logGet(46)) - raft.server.threadpool.server.size = 0 (default)
2023-04-21 06:17:45,837 [pool-803-thread-1] INFO  server.RaftServerConfigKeys (ConfUtils.java:logGet(46)) - raft.server.threadpool.client.cached = true (default)
2023-04-21 06:17:45,837 [pool-803-thread-1] INFO  server.RaftServerConfigKeys (ConfUtils.java:logGet(46)) - raft.server.threadpool.client.size = 0 (default)
2023-04-21 06:17:45,837 [pool-803-thread-1] INFO  storage.RaftStorageDirectory (RaftStorageDirectoryImpl.java:analyzeStorage(137)) - The storage directory /home/runner/work/ozone/ozone/hadoop-ozone/integration-test/target/test-dir/MiniOzoneClusterImpl-83d87173-15eb-40d9-9fb5-e31a77cfd1f5/datanode-1/data/ratis/9788f688-7ead-4aef-a34b-78161f8d5e6f does not exist. Creating ...
2023-04-21 06:17:45,841 [pool-803-thread-1] INFO  storage.RaftStorageDirectory (RaftStorageDirectoryImpl.java:tryLock(231)) - Lock on /home/runner/work/ozone/ozone/hadoop-ozone/integration-test/target/test-dir/MiniOzoneClusterImpl-83d87173-15eb-40d9-9fb5-e31a77cfd1f5/datanode-1/data/ratis/9788f688-7ead-4aef-a34b-78161f8d5e6f/in_use.lock acquired by nodename 2764@fv-az205-422
2023-04-21 06:17:45,842 [pool-803-thread-1] INFO  storage.RaftStorage (RaftStorageImpl.java:format(96)) - Storage directory /home/runner/work/ozone/ozone/hadoop-ozone/integration-test/target/test-dir/MiniOzoneClusterImpl-83d87173-15eb-40d9-9fb5-e31a77cfd1f5/datanode-1/data/ratis/9788f688-7ead-4aef-a34b-78161f8d5e6f has been successfully formatted.
2023-04-21 06:17:45,845 [pool-803-thread-1] INFO  ratis.ContainerStateMachine (ContainerStateMachine.java:loadSnapshot(262)) - group-78161F8D5E6F: The snapshot info is null. Setting the last applied indexto:(t:0, i:~)
2023-04-21 06:17:45,845 [pool-803-thread-1] INFO  server.RaftServerConfigKeys (ConfUtils.java:logGet(46)) - raft.server.log.use.memory = false (default)
2023-04-21 06:17:45,845 [pool-803-thread-1] INFO  server.RaftServerConfigKeys (ConfUtils.java:logGet(46)) - raft.server.log.purge.gap = 1000000 (custom)
2023-04-21 06:17:45,845 [pool-803-thread-1] INFO  server.RaftServerConfigKeys (ConfUtils.java:logGet(46)) - raft.server.log.appender.buffer.byte-limit = 33554432 (custom)
2023-04-21 06:17:45,845 [pool-803-thread-1] INFO  server.RaftServerConfigKeys (ConfUtils.java:logGet(46)) - raft.server.log.statemachine.data.read.timeout = 1000ms (default)
2023-04-21 06:17:45,845 [pool-803-thread-1] INFO  server.RaftServerConfigKeys (ConfUtils.java:logGet(46)) - raft.server.log.purge.preservation.log.num = 0 (default)
2023-04-21 06:17:45,845 [EventQueue-PipelineReportForPipelineReportHandler] INFO  pipeline.PipelineManagerImpl (PipelineManagerImpl.java:openPipeline(367)) - Pipeline Pipeline[ Id: 9788f688-7ead-4aef-a34b-78161f8d5e6f, Nodes: 75ab3abc-5937-4b12-9491-8e152555f8b6(fv-az205-422/10.1.0.35), ReplicationConfig: RATIS/ONE, State:ALLOCATED, leaderId:75ab3abc-5937-4b12-9491-8e152555f8b6, CreationTimestamp2023-04-21T06:17:42.837Z[Etc/UTC]] moved to OPEN state
2023-04-21 06:17:45,846 [EventQueue-OpenPipelineForHealthyPipelineSafeModeRule] INFO  safemode.SCMSafeModeManager (HealthyPipelineSafeModeRule.java:process(137)) - SCM in safe mode. Healthy pipelines reported count is 0, required healthy pipeline reported count is 1
2023-04-21 06:17:45,846 [pool-803-thread-1] INFO  server.RaftServerConfigKeys (ConfUtils.java:logGet(46)) - raft.server.log.segment.size.max = 1048576 (custom)
2023-04-21 06:17:45,846 [pool-803-thread-1] INFO  server.RaftServerConfigKeys (ConfUtils.java:logGet(46)) - raft.server.log.segment.cache.num.max = 2 (custom)
2023-04-21 06:17:45,847 [pool-803-thread-1] INFO  server.RaftServerConfigKeys (ConfUtils.java:logGet(46)) - raft.server.log.segment.cache.size.max = 200MB (=209715200) (default)
2023-04-21 06:17:45,847 [pool-803-thread-1] INFO  segmented.SegmentedRaftLogWorker (SegmentedRaftLogWorker.java:<init>(189)) - new 75ab3abc-5937-4b12-9491-8e152555f8b6@group-78161F8D5E6F-SegmentedRaftLogWorker for RaftStorageImpl:Storage Directory /home/runner/work/ozone/ozone/hadoop-ozone/integration-test/target/test-dir/MiniOzoneClusterImpl-83d87173-15eb-40d9-9fb5-e31a77cfd1f5/datanode-1/data/ratis/9788f688-7ead-4aef-a34b-78161f8d5e6f
2023-04-21 06:17:45,847 [pool-803-thread-1] INFO  server.RaftServerConfigKeys (ConfUtils.java:logGet(46)) - raft.server.log.queue.byte-limit = 4294967296 (custom)
2023-04-21 06:17:45,847 [pool-803-thread-1] INFO  server.RaftServerConfigKeys (ConfUtils.java:logGet(46)) - raft.server.log.queue.element-limit = 1024 (custom)
2023-04-21 06:17:45,847 [pool-803-thread-1] INFO  server.RaftServerConfigKeys (ConfUtils.java:logGet(46)) - raft.server.log.segment.size.max = 1048576 (custom)
2023-04-21 06:17:45,847 [pool-803-thread-1] INFO  server.RaftServerConfigKeys (ConfUtils.java:logGet(46)) - raft.server.log.preallocated.size = 16384 (custom)
2023-04-21 06:17:45,847 [pool-803-thread-1] INFO  server.RaftServerConfigKeys (ConfUtils.java:logGet(46)) - raft.server.log.force.sync.num = 128 (default)
2023-04-21 06:17:45,847 [pool-803-thread-1] INFO  server.RaftServerConfigKeys (ConfUtils.java:logGet(46)) - raft.server.log.statemachine.data.sync = true (default)
2023-04-21 06:17:45,847 [pool-803-thread-1] INFO  server.RaftServerConfigKeys (ConfUtils.java:logGet(46)) - raft.server.log.statemachine.data.sync.timeout = 10s (default)
2023-04-21 06:17:45,847 [pool-803-thread-1] INFO  server.RaftServerConfigKeys (ConfUtils.java:logGet(46)) - raft.server.log.statemachine.data.sync.timeout.retry = -1 (default)
2023-04-21 06:17:45,847 [pool-803-thread-1] INFO  server.RaftServerConfigKeys (ConfUtils.java:logGet(46)) - raft.server.log.write.buffer.size = 1048576 (custom)
2023-04-21 06:17:45,848 [pool-803-thread-1] INFO  server.RaftServerConfigKeys (ConfUtils.java:logGet(46)) - raft.server.log.appender.buffer.byte-limit = 33554432 (custom)
2023-04-21 06:17:45,853 [pool-803-thread-1] INFO  server.RaftServerConfigKeys (ConfUtils.java:logGet(46)) - raft.server.log.unsafe-flush.enabled = false (default)
2023-04-21 06:17:45,853 [pool-803-thread-1] INFO  server.RaftServerConfigKeys (ConfUtils.java:logGet(46)) - raft.server.log.async-flush.enabled = false (default)
2023-04-21 06:17:45,853 [pool-803-thread-1] INFO  server.RaftServerConfigKeys (ConfUtils.java:logGet(46)) - raft.server.log.statemachine.data.caching.enabled = true (custom)
2023-04-21 06:17:45,853 [pool-803-thread-1] INFO  segmented.SegmentedRaftLogWorker (SegmentedRaftLogWorker.java:lambda$new$0(135)) - 75ab3abc-5937-4b12-9491-8e152555f8b6@group-78161F8D5E6F-SegmentedRaftLogWorker: flushIndex: setUnconditionally 0 -> -1
2023-04-21 06:17:45,853 [pool-803-thread-1] INFO  segmented.SegmentedRaftLogWorker (SegmentedRaftLogWorker.java:lambda$new$0(135)) - 75ab3abc-5937-4b12-9491-8e152555f8b6@group-78161F8D5E6F-SegmentedRaftLogWorker: safeCacheEvictIndex: setUnconditionally 0 -> -1
2023-04-21 06:17:45,853 [pool-803-thread-1] INFO  server.RaftServer$Division (RaftServerImpl.java:start(334)) - 75ab3abc-5937-4b12-9491-8e152555f8b6@group-78161F8D5E6F: start as a follower, conf=-1: peers:[75ab3abc-5937-4b12-9491-8e152555f8b6|rpc:10.1.0.35:33467|dataStream:10.1.0.35:33031|priority:1|startupRole:FOLLOWER]|listeners:[], old=null
2023-04-21 06:17:45,853 [pool-803-thread-1] INFO  server.RaftServer$Division (RaftServerImpl.java:setRole(321)) - 75ab3abc-5937-4b12-9491-8e152555f8b6@group-78161F8D5E6F: changes role from      null to FOLLOWER at term 0 for startAsFollower
2023-04-21 06:17:45,853 [pool-803-thread-1] INFO  impl.RoleInfo (RoleInfo.java:updateAndGet(139)) - 75ab3abc-5937-4b12-9491-8e152555f8b6: start 75ab3abc-5937-4b12-9491-8e152555f8b6@group-78161F8D5E6F-FollowerState
2023-04-21 06:17:45,853 [pool-803-thread-1] INFO  util.JmxRegister (JmxRegister.java:tryRegister(44)) - Successfully registered JMX Bean with object name Ratis:service=RaftServer,group=group-78161F8D5E6F,id=75ab3abc-5937-4b12-9491-8e152555f8b6
2023-04-21 06:17:45,853 [75ab3abc-5937-4b12-9491-8e152555f8b6@group-78161F8D5E6F-FollowerState] INFO  server.RaftServerConfigKeys (ConfUtils.java:logFallback(53)) - raft.server.rpc.first-election.timeout.min = 5s (fallback to raft.server.rpc.timeout.min)
2023-04-21 06:17:45,854 [pool-803-thread-1] INFO  server.RaftServerConfigKeys (ConfUtils.java:logGet(46)) - raft.server.snapshot.auto.trigger.enabled = true (custom)
2023-04-21 06:17:45,854 [75ab3abc-5937-4b12-9491-8e152555f8b6@group-78161F8D5E6F-FollowerState] INFO  server.RaftServerConfigKeys (ConfUtils.java:logFallback(53)) - raft.server.rpc.first-election.timeout.max = 5200ms (fallback to raft.server.rpc.timeout.max)
2023-04-21 06:17:45,854 [pool-803-thread-1] INFO  server.RaftServerConfigKeys (ConfUtils.java:logGet(46)) - raft.server.snapshot.auto.trigger.threshold = 10000 (custom)
2023-04-21 06:17:45,854 [pool-803-thread-1] INFO  server.RaftServerConfigKeys (ConfUtils.java:logGet(46)) - raft.server.snapshot.retention.file.num = 5 (custom)
2023-04-21 06:17:45,854 [pool-803-thread-1] INFO  server.RaftServerConfigKeys (ConfUtils.java:logGet(46)) - raft.server.log.purge.upto.snapshot.index = false (default)
2023-04-21 06:17:45,854 [Command processor thread] INFO  ratis.XceiverServerRatis (XceiverServerRatis.java:addGroup(806)) - Created group PipelineID=9788f688-7ead-4aef-a34b-78161f8d5e6f
2023-04-21 06:17:45,854 [Command processor thread] INFO  commandhandler.CreatePipelineCommandHandler (CreatePipelineCommandHandler.java:handle(113)) - Created Pipeline RATIS ONE PipelineID=9788f688-7ead-4aef-a34b-78161f8d5e6f.
2023-04-21 06:17:46,161 [Listener at 127.0.0.1/44977] INFO  ozone.MiniOzoneClusterImpl (MiniOzoneClusterImpl.java:lambda$waitForClusterToBeReady$0(223)) - Nodes are ready. Got 3 of 3 DN Heartbeats.
2023-04-21 06:17:46,161 [Listener at 127.0.0.1/44977] INFO  ozone.MiniOzoneClusterImpl (MiniOzoneClusterImpl.java:lambda$waitForClusterToBeReady$0(226)) - Waiting for cluster to exit safe mode
2023-04-21 06:17:46,161 [Listener at 127.0.0.1/44977] INFO  ozone.MiniOzoneClusterImpl (MiniOzoneClusterImpl.java:lambda$waitForClusterToBeReady$0(228)) - SCM became leader
2023-04-21 06:17:46,163 [Command processor thread] INFO  server.RaftServer (RaftServerProxy.java:addNew(96)) - b517b6f9-ca83-4992-bad0-b7f510a386a5: addNew group-2AC7A4B66396:[b517b6f9-ca83-4992-bad0-b7f510a386a5|rpc:10.1.0.35:38971|dataStream:10.1.0.35:39461|priority:1|startupRole:FOLLOWER] returns group-2AC7A4B66396:java.util.concurrent.CompletableFuture@3ba51b7[Not completed]
2023-04-21 06:17:46,164 [pool-825-thread-1] INFO  server.RaftServer$Division (RaftServerImpl.java:<init>(195)) - b517b6f9-ca83-4992-bad0-b7f510a386a5: new RaftServerImpl for group-2AC7A4B66396:[b517b6f9-ca83-4992-bad0-b7f510a386a5|rpc:10.1.0.35:38971|dataStream:10.1.0.35:39461|priority:1|startupRole:FOLLOWER] with ContainerStateMachine:uninitialized
2023-04-21 06:17:46,164 [pool-825-thread-1] INFO  server.RaftServerConfigKeys (ConfUtils.java:logGet(46)) - raft.server.rpc.timeout.min = 5s (custom)
2023-04-21 06:17:46,164 [pool-825-thread-1] INFO  server.RaftServerConfigKeys (ConfUtils.java:logGet(46)) - raft.server.rpc.timeout.max = 5200ms (custom)
2023-04-21 06:17:46,164 [pool-825-thread-1] INFO  server.RaftServerConfigKeys (ConfUtils.java:logGet(46)) - raft.server.rpc.sleep.time = 25ms (default)
2023-04-21 06:17:46,164 [pool-825-thread-1] INFO  server.RaftServerConfigKeys (ConfUtils.java:logGet(46)) - raft.server.rpc.slowness.timeout = 300s (custom)
2023-04-21 06:17:46,164 [pool-825-thread-1] INFO  server.RaftServerConfigKeys (ConfUtils.java:logGet(46)) - raft.server.leaderelection.leader.step-down.wait-time = 10s (default)
2023-04-21 06:17:46,164 [pool-825-thread-1] INFO  server.RaftServerConfigKeys (ConfUtils.java:logGet(46)) - raft.server.sleep.deviation.threshold = 300ms (default)
2023-04-21 06:17:46,164 [pool-825-thread-1] INFO  server.RaftServer$Division (ServerState.java:<init>(118)) - b517b6f9-ca83-4992-bad0-b7f510a386a5@group-2AC7A4B66396: ConfigurationManager, init=-1: peers:[b517b6f9-ca83-4992-bad0-b7f510a386a5|rpc:10.1.0.35:38971|dataStream:10.1.0.35:39461|priority:1|startupRole:FOLLOWER]|listeners:[], old=null, confs=<EMPTY_MAP>
2023-04-21 06:17:46,164 [pool-825-thread-1] INFO  server.RaftServerConfigKeys (ConfUtils.java:logGet(46)) - raft.server.storage.dir = [/home/runner/work/ozone/ozone/hadoop-ozone/integration-test/target/test-dir/MiniOzoneClusterImpl-83d87173-15eb-40d9-9fb5-e31a77cfd1f5/datanode-2/data/ratis] (custom)
2023-04-21 06:17:46,164 [pool-825-thread-1] INFO  server.RaftServerConfigKeys (ConfUtils.java:logGet(46)) - raft.server.log.corruption.policy = EXCEPTION (default)
2023-04-21 06:17:46,164 [pool-825-thread-1] INFO  server.RaftServerConfigKeys (ConfUtils.java:logGet(46)) - raft.server.storage.free-space.min = 0MB (=0) (default)
2023-04-21 06:17:46,164 [pool-825-thread-1] INFO  server.RaftServerConfigKeys (ConfUtils.java:logGet(46)) - raft.server.notification.no-leader.timeout = 300s (custom)
2023-04-21 06:17:46,165 [pool-825-thread-1] INFO  server.RaftServerConfigKeys (ConfUtils.java:logGet(46)) - raft.server.retrycache.expirytime = 600000ms (custom)
2023-04-21 06:17:46,165 [pool-825-thread-1] INFO  server.RaftServerConfigKeys (ConfUtils.java:logGet(46)) - raft.server.retrycache.statistics.expirytime = 100μs (default)
2023-04-21 06:17:46,165 [pool-825-thread-1] INFO  server.RaftServerConfigKeys (ConfUtils.java:logGet(46)) - raft.server.log.appender.install.snapshot.enabled = false (custom)
2023-04-21 06:17:46,165 [pool-825-thread-1] INFO  server.RaftServerConfigKeys (ConfUtils.java:logGet(46)) - raft.server.threadpool.server.cached = true (default)
2023-04-21 06:17:46,165 [pool-825-thread-1] INFO  server.RaftServerConfigKeys (ConfUtils.java:logGet(46)) - raft.server.threadpool.server.size = 0 (default)
2023-04-21 06:17:46,165 [pool-825-thread-1] INFO  server.RaftServerConfigKeys (ConfUtils.java:logGet(46)) - raft.server.threadpool.client.cached = true (default)
2023-04-21 06:17:46,165 [pool-825-thread-1] INFO  server.RaftServerConfigKeys (ConfUtils.java:logGet(46)) - raft.server.threadpool.client.size = 0 (default)
2023-04-21 06:17:46,166 [pool-825-thread-1] INFO  storage.RaftStorageDirectory (RaftStorageDirectoryImpl.java:analyzeStorage(137)) - The storage directory /home/runner/work/ozone/ozone/hadoop-ozone/integration-test/target/test-dir/MiniOzoneClusterImpl-83d87173-15eb-40d9-9fb5-e31a77cfd1f5/datanode-2/data/ratis/cd382569-9bf7-487f-9c4a-2ac7a4b66396 does not exist. Creating ...
2023-04-21 06:17:46,166 [pool-825-thread-1] INFO  storage.RaftStorageDirectory (RaftStorageDirectoryImpl.java:tryLock(231)) - Lock on /home/runner/work/ozone/ozone/hadoop-ozone/integration-test/target/test-dir/MiniOzoneClusterImpl-83d87173-15eb-40d9-9fb5-e31a77cfd1f5/datanode-2/data/ratis/cd382569-9bf7-487f-9c4a-2ac7a4b66396/in_use.lock acquired by nodename 2764@fv-az205-422
2023-04-21 06:17:46,168 [pool-825-thread-1] INFO  storage.RaftStorage (RaftStorageImpl.java:format(96)) - Storage directory /home/runner/work/ozone/ozone/hadoop-ozone/integration-test/target/test-dir/MiniOzoneClusterImpl-83d87173-15eb-40d9-9fb5-e31a77cfd1f5/datanode-2/data/ratis/cd382569-9bf7-487f-9c4a-2ac7a4b66396 has been successfully formatted.
2023-04-21 06:17:46,169 [pool-825-thread-1] INFO  ratis.ContainerStateMachine (ContainerStateMachine.java:loadSnapshot(262)) - group-2AC7A4B66396: The snapshot info is null. Setting the last applied indexto:(t:0, i:~)
2023-04-21 06:17:46,169 [pool-825-thread-1] INFO  server.RaftServerConfigKeys (ConfUtils.java:logGet(46)) - raft.server.log.use.memory = false (default)
2023-04-21 06:17:46,169 [pool-825-thread-1] INFO  server.RaftServerConfigKeys (ConfUtils.java:logGet(46)) - raft.server.log.purge.gap = 1000000 (custom)
2023-04-21 06:17:46,169 [pool-825-thread-1] INFO  server.RaftServerConfigKeys (ConfUtils.java:logGet(46)) - raft.server.log.appender.buffer.byte-limit = 33554432 (custom)
2023-04-21 06:17:46,169 [pool-825-thread-1] INFO  server.RaftServerConfigKeys (ConfUtils.java:logGet(46)) - raft.server.log.statemachine.data.read.timeout = 1000ms (default)
2023-04-21 06:17:46,169 [pool-825-thread-1] INFO  server.RaftServerConfigKeys (ConfUtils.java:logGet(46)) - raft.server.log.purge.preservation.log.num = 0 (default)
2023-04-21 06:17:46,169 [pool-825-thread-1] INFO  server.RaftServerConfigKeys (ConfUtils.java:logGet(46)) - raft.server.log.segment.size.max = 1048576 (custom)
2023-04-21 06:17:46,169 [EventQueue-PipelineReportForPipelineReportHandler] INFO  pipeline.PipelineManagerImpl (PipelineManagerImpl.java:openPipeline(367)) - Pipeline Pipeline[ Id: cd382569-9bf7-487f-9c4a-2ac7a4b66396, Nodes: b517b6f9-ca83-4992-bad0-b7f510a386a5(fv-az205-422/10.1.0.35), ReplicationConfig: RATIS/ONE, State:ALLOCATED, leaderId:b517b6f9-ca83-4992-bad0-b7f510a386a5, CreationTimestamp2023-04-21T06:17:43.165Z[Etc/UTC]] moved to OPEN state
2023-04-21 06:17:46,170 [EventQueue-OpenPipelineForHealthyPipelineSafeModeRule] INFO  safemode.SCMSafeModeManager (HealthyPipelineSafeModeRule.java:process(137)) - SCM in safe mode. Healthy pipelines reported count is 0, required healthy pipeline reported count is 1
2023-04-21 06:17:46,170 [pool-825-thread-1] INFO  server.RaftServerConfigKeys (ConfUtils.java:logGet(46)) - raft.server.log.segment.cache.num.max = 2 (custom)
2023-04-21 06:17:46,170 [pool-825-thread-1] INFO  server.RaftServerConfigKeys (ConfUtils.java:logGet(46)) - raft.server.log.segment.cache.size.max = 200MB (=209715200) (default)
2023-04-21 06:17:46,170 [pool-825-thread-1] INFO  segmented.SegmentedRaftLogWorker (SegmentedRaftLogWorker.java:<init>(189)) - new b517b6f9-ca83-4992-bad0-b7f510a386a5@group-2AC7A4B66396-SegmentedRaftLogWorker for RaftStorageImpl:Storage Directory /home/runner/work/ozone/ozone/hadoop-ozone/integration-test/target/test-dir/MiniOzoneClusterImpl-83d87173-15eb-40d9-9fb5-e31a77cfd1f5/datanode-2/data/ratis/cd382569-9bf7-487f-9c4a-2ac7a4b66396
2023-04-21 06:17:46,170 [pool-825-thread-1] INFO  server.RaftServerConfigKeys (ConfUtils.java:logGet(46)) - raft.server.log.queue.byte-limit = 4294967296 (custom)
2023-04-21 06:17:46,170 [pool-825-thread-1] INFO  server.RaftServerConfigKeys (ConfUtils.java:logGet(46)) - raft.server.log.queue.element-limit = 1024 (custom)
2023-04-21 06:17:46,170 [pool-825-thread-1] INFO  server.RaftServerConfigKeys (ConfUtils.java:logGet(46)) - raft.server.log.segment.size.max = 1048576 (custom)
2023-04-21 06:17:46,170 [pool-825-thread-1] INFO  server.RaftServerConfigKeys (ConfUtils.java:logGet(46)) - raft.server.log.preallocated.size = 16384 (custom)
2023-04-21 06:17:46,170 [pool-825-thread-1] INFO  server.RaftServerConfigKeys (ConfUtils.java:logGet(46)) - raft.server.log.force.sync.num = 128 (default)
2023-04-21 06:17:46,170 [pool-825-thread-1] INFO  server.RaftServerConfigKeys (ConfUtils.java:logGet(46)) - raft.server.log.statemachine.data.sync = true (default)
2023-04-21 06:17:46,171 [pool-825-thread-1] INFO  server.RaftServerConfigKeys (ConfUtils.java:logGet(46)) - raft.server.log.statemachine.data.sync.timeout = 10s (default)
2023-04-21 06:17:46,171 [pool-825-thread-1] INFO  server.RaftServerConfigKeys (ConfUtils.java:logGet(46)) - raft.server.log.statemachine.data.sync.timeout.retry = -1 (default)
2023-04-21 06:17:46,171 [pool-825-thread-1] INFO  server.RaftServerConfigKeys (ConfUtils.java:logGet(46)) - raft.server.log.write.buffer.size = 1048576 (custom)
2023-04-21 06:17:46,172 [pool-825-thread-1] INFO  server.RaftServerConfigKeys (ConfUtils.java:logGet(46)) - raft.server.log.appender.buffer.byte-limit = 33554432 (custom)
2023-04-21 06:17:46,177 [pool-825-thread-1] INFO  server.RaftServerConfigKeys (ConfUtils.java:logGet(46)) - raft.server.log.unsafe-flush.enabled = false (default)
2023-04-21 06:17:46,177 [pool-825-thread-1] INFO  server.RaftServerConfigKeys (ConfUtils.java:logGet(46)) - raft.server.log.async-flush.enabled = false (default)
2023-04-21 06:17:46,177 [pool-825-thread-1] INFO  server.RaftServerConfigKeys (ConfUtils.java:logGet(46)) - raft.server.log.statemachine.data.caching.enabled = true (custom)
2023-04-21 06:17:46,177 [pool-825-thread-1] INFO  segmented.SegmentedRaftLogWorker (SegmentedRaftLogWorker.java:lambda$new$0(135)) - b517b6f9-ca83-4992-bad0-b7f510a386a5@group-2AC7A4B66396-SegmentedRaftLogWorker: flushIndex: setUnconditionally 0 -> -1
2023-04-21 06:17:46,177 [pool-825-thread-1] INFO  segmented.SegmentedRaftLogWorker (SegmentedRaftLogWorker.java:lambda$new$0(135)) - b517b6f9-ca83-4992-bad0-b7f510a386a5@group-2AC7A4B66396-SegmentedRaftLogWorker: safeCacheEvictIndex: setUnconditionally 0 -> -1
2023-04-21 06:17:46,177 [pool-825-thread-1] INFO  server.RaftServer$Division (RaftServerImpl.java:start(334)) - b517b6f9-ca83-4992-bad0-b7f510a386a5@group-2AC7A4B66396: start as a follower, conf=-1: peers:[b517b6f9-ca83-4992-bad0-b7f510a386a5|rpc:10.1.0.35:38971|dataStream:10.1.0.35:39461|priority:1|startupRole:FOLLOWER]|listeners:[], old=null
2023-04-21 06:17:46,177 [pool-825-thread-1] INFO  server.RaftServer$Division (RaftServerImpl.java:setRole(321)) - b517b6f9-ca83-4992-bad0-b7f510a386a5@group-2AC7A4B66396: changes role from      null to FOLLOWER at term 0 for startAsFollower
2023-04-21 06:17:46,177 [pool-825-thread-1] INFO  impl.RoleInfo (RoleInfo.java:updateAndGet(139)) - b517b6f9-ca83-4992-bad0-b7f510a386a5: start b517b6f9-ca83-4992-bad0-b7f510a386a5@group-2AC7A4B66396-FollowerState
2023-04-21 06:17:46,186 [pool-825-thread-1] INFO  util.JmxRegister (JmxRegister.java:tryRegister(44)) - Successfully registered JMX Bean with object name Ratis:service=RaftServer,group=group-2AC7A4B66396,id=b517b6f9-ca83-4992-bad0-b7f510a386a5
2023-04-21 06:17:46,186 [pool-825-thread-1] INFO  server.RaftServerConfigKeys (ConfUtils.java:logGet(46)) - raft.server.snapshot.auto.trigger.enabled = true (custom)
2023-04-21 06:17:46,186 [pool-825-thread-1] INFO  server.RaftServerConfigKeys (ConfUtils.java:logGet(46)) - raft.server.snapshot.auto.trigger.threshold = 10000 (custom)
2023-04-21 06:17:46,186 [pool-825-thread-1] INFO  server.RaftServerConfigKeys (ConfUtils.java:logGet(46)) - raft.server.snapshot.retention.file.num = 5 (custom)
2023-04-21 06:17:46,186 [pool-825-thread-1] INFO  server.RaftServerConfigKeys (ConfUtils.java:logGet(46)) - raft.server.log.purge.upto.snapshot.index = false (default)
2023-04-21 06:17:46,187 [b517b6f9-ca83-4992-bad0-b7f510a386a5@group-2AC7A4B66396-FollowerState] INFO  server.RaftServerConfigKeys (ConfUtils.java:logFallback(53)) - raft.server.rpc.first-election.timeout.min = 5s (fallback to raft.server.rpc.timeout.min)
2023-04-21 06:17:46,187 [b517b6f9-ca83-4992-bad0-b7f510a386a5@group-2AC7A4B66396-FollowerState] INFO  server.RaftServerConfigKeys (ConfUtils.java:logFallback(53)) - raft.server.rpc.first-election.timeout.max = 5200ms (fallback to raft.server.rpc.timeout.max)
2023-04-21 06:17:46,187 [Command processor thread] INFO  ratis.XceiverServerRatis (XceiverServerRatis.java:addGroup(806)) - Created group PipelineID=cd382569-9bf7-487f-9c4a-2ac7a4b66396
2023-04-21 06:17:46,187 [Command processor thread] INFO  commandhandler.CreatePipelineCommandHandler (CreatePipelineCommandHandler.java:handle(113)) - Created Pipeline RATIS ONE PipelineID=cd382569-9bf7-487f-9c4a-2ac7a4b66396.
2023-04-21 06:17:47,161 [Listener at 127.0.0.1/44977] INFO  ozone.MiniOzoneClusterImpl (MiniOzoneClusterImpl.java:lambda$waitForClusterToBeReady$0(223)) - Nodes are ready. Got 3 of 3 DN Heartbeats.
2023-04-21 06:17:47,161 [Listener at 127.0.0.1/44977] INFO  ozone.MiniOzoneClusterImpl (MiniOzoneClusterImpl.java:lambda$waitForClusterToBeReady$0(226)) - Waiting for cluster to exit safe mode
2023-04-21 06:17:47,161 [Listener at 127.0.0.1/44977] INFO  ozone.MiniOzoneClusterImpl (MiniOzoneClusterImpl.java:lambda$waitForClusterToBeReady$0(228)) - SCM became leader
2023-04-21 06:17:48,162 [Listener at 127.0.0.1/44977] INFO  ozone.MiniOzoneClusterImpl (MiniOzoneClusterImpl.java:lambda$waitForClusterToBeReady$0(223)) - Nodes are ready. Got 3 of 3 DN Heartbeats.
2023-04-21 06:17:48,162 [Listener at 127.0.0.1/44977] INFO  ozone.MiniOzoneClusterImpl (MiniOzoneClusterImpl.java:lambda$waitForClusterToBeReady$0(226)) - Waiting for cluster to exit safe mode
2023-04-21 06:17:48,162 [Listener at 127.0.0.1/44977] INFO  ozone.MiniOzoneClusterImpl (MiniOzoneClusterImpl.java:lambda$waitForClusterToBeReady$0(228)) - SCM became leader
2023-04-21 06:17:49,162 [Listener at 127.0.0.1/44977] INFO  ozone.MiniOzoneClusterImpl (MiniOzoneClusterImpl.java:lambda$waitForClusterToBeReady$0(223)) - Nodes are ready. Got 3 of 3 DN Heartbeats.
2023-04-21 06:17:49,162 [Listener at 127.0.0.1/44977] INFO  ozone.MiniOzoneClusterImpl (MiniOzoneClusterImpl.java:lambda$waitForClusterToBeReady$0(226)) - Waiting for cluster to exit safe mode
2023-04-21 06:17:49,162 [Listener at 127.0.0.1/44977] INFO  ozone.MiniOzoneClusterImpl (MiniOzoneClusterImpl.java:lambda$waitForClusterToBeReady$0(228)) - SCM became leader
2023-04-21 06:17:50,162 [Listener at 127.0.0.1/44977] INFO  ozone.MiniOzoneClusterImpl (MiniOzoneClusterImpl.java:lambda$waitForClusterToBeReady$0(223)) - Nodes are ready. Got 3 of 3 DN Heartbeats.
2023-04-21 06:17:50,163 [Listener at 127.0.0.1/44977] INFO  ozone.MiniOzoneClusterImpl (MiniOzoneClusterImpl.java:lambda$waitForClusterToBeReady$0(226)) - Waiting for cluster to exit safe mode
2023-04-21 06:17:50,163 [Listener at 127.0.0.1/44977] INFO  ozone.MiniOzoneClusterImpl (MiniOzoneClusterImpl.java:lambda$waitForClusterToBeReady$0(228)) - SCM became leader
2023-04-21 06:17:50,609 [af01062f-3048-4ed4-9f14-cd7341189c22@group-46B086B7E41A-FollowerState] INFO  impl.FollowerState (FollowerState.java:run(143)) - af01062f-3048-4ed4-9f14-cd7341189c22@group-46B086B7E41A-FollowerState: change to CANDIDATE, lastRpcElapsedTime:5092265799ns, electionTimeout:5091ms
2023-04-21 06:17:50,609 [af01062f-3048-4ed4-9f14-cd7341189c22@group-46B086B7E41A-FollowerState] INFO  impl.RoleInfo (RoleInfo.java:shutdownFollowerState(110)) - af01062f-3048-4ed4-9f14-cd7341189c22: shutdown af01062f-3048-4ed4-9f14-cd7341189c22@group-46B086B7E41A-FollowerState
2023-04-21 06:17:50,609 [af01062f-3048-4ed4-9f14-cd7341189c22@group-46B086B7E41A-FollowerState] INFO  server.RaftServer$Division (RaftServerImpl.java:setRole(321)) - af01062f-3048-4ed4-9f14-cd7341189c22@group-46B086B7E41A: changes role from  FOLLOWER to CANDIDATE at term 0 for changeToCandidate
2023-04-21 06:17:50,609 [af01062f-3048-4ed4-9f14-cd7341189c22@group-46B086B7E41A-FollowerState] INFO  server.RaftServerConfigKeys (ConfUtils.java:logGet(46)) - raft.server.leaderelection.pre-vote = true (default)
2023-04-21 06:17:50,609 [af01062f-3048-4ed4-9f14-cd7341189c22@group-46B086B7E41A-FollowerState] INFO  impl.RoleInfo (RoleInfo.java:updateAndGet(139)) - af01062f-3048-4ed4-9f14-cd7341189c22: start af01062f-3048-4ed4-9f14-cd7341189c22@group-46B086B7E41A-LeaderElection26
2023-04-21 06:17:50,611 [af01062f-3048-4ed4-9f14-cd7341189c22@group-46B086B7E41A-LeaderElection26] INFO  impl.LeaderElection (LeaderElection.java:askForVotes(312)) - af01062f-3048-4ed4-9f14-cd7341189c22@group-46B086B7E41A-LeaderElection26 PRE_VOTE round 0: submit vote requests at term 0 for -1: peers:[b517b6f9-ca83-4992-bad0-b7f510a386a5|rpc:10.1.0.35:38971|dataStream:10.1.0.35:39461|priority:0|startupRole:FOLLOWER, af01062f-3048-4ed4-9f14-cd7341189c22|rpc:10.1.0.35:40473|dataStream:10.1.0.35:45409|priority:0|startupRole:FOLLOWER, 75ab3abc-5937-4b12-9491-8e152555f8b6|rpc:10.1.0.35:33467|dataStream:10.1.0.35:33031|priority:1|startupRole:FOLLOWER]|listeners:[], old=null
2023-04-21 06:17:50,612 [af01062f-3048-4ed4-9f14-cd7341189c22@group-46B086B7E41A-LeaderElection26-1] INFO  server.GrpcServerProtocolClient (GrpcServerProtocolClient.java:<init>(63)) - Build channel for b517b6f9-ca83-4992-bad0-b7f510a386a5
2023-04-21 06:17:50,616 [af01062f-3048-4ed4-9f14-cd7341189c22@group-46B086B7E41A-LeaderElection26] INFO  server.RaftServerConfigKeys (ConfUtils.java:logFallback(53)) - raft.server.rpc.first-election.timeout.min = 5s (fallback to raft.server.rpc.timeout.min)
2023-04-21 06:17:50,616 [af01062f-3048-4ed4-9f14-cd7341189c22@group-46B086B7E41A-LeaderElection26] INFO  server.RaftServerConfigKeys (ConfUtils.java:logFallback(53)) - raft.server.rpc.first-election.timeout.max = 5200ms (fallback to raft.server.rpc.timeout.max)
2023-04-21 06:17:50,616 [af01062f-3048-4ed4-9f14-cd7341189c22@group-46B086B7E41A-LeaderElection26-2] INFO  server.GrpcServerProtocolClient (GrpcServerProtocolClient.java:<init>(63)) - Build channel for 75ab3abc-5937-4b12-9491-8e152555f8b6
2023-04-21 06:17:50,622 [grpc-default-executor-0] INFO  server.RaftServer$Division (RaftServerImpl.java:requestVote(1218)) - b517b6f9-ca83-4992-bad0-b7f510a386a5@group-46B086B7E41A: receive requestVote(PRE_VOTE, af01062f-3048-4ed4-9f14-cd7341189c22, group-46B086B7E41A, 0, (t:0, i:0))
2023-04-21 06:17:50,622 [grpc-default-executor-0] INFO  impl.VoteContext (VoteContext.java:log(49)) - b517b6f9-ca83-4992-bad0-b7f510a386a5@group-46B086B7E41A-FOLLOWER: accept PRE_VOTE from af01062f-3048-4ed4-9f14-cd7341189c22: our priority 0 <= candidate's priority 0
2023-04-21 06:17:50,622 [grpc-default-executor-0] INFO  server.RaftServer$Division (RaftServerImpl.java:requestVote(1251)) - b517b6f9-ca83-4992-bad0-b7f510a386a5@group-46B086B7E41A replies to PRE_VOTE vote request: af01062f-3048-4ed4-9f14-cd7341189c22<-b517b6f9-ca83-4992-bad0-b7f510a386a5#0:OK-t0. Peer's state: b517b6f9-ca83-4992-bad0-b7f510a386a5@group-46B086B7E41A:t0, leader=null, voted=, raftlog=Memoized:b517b6f9-ca83-4992-bad0-b7f510a386a5@group-46B086B7E41A-SegmentedRaftLog:OPENED:c-1, conf=-1: peers:[b517b6f9-ca83-4992-bad0-b7f510a386a5|rpc:10.1.0.35:38971|dataStream:10.1.0.35:39461|priority:0|startupRole:FOLLOWER, af01062f-3048-4ed4-9f14-cd7341189c22|rpc:10.1.0.35:40473|dataStream:10.1.0.35:45409|priority:0|startupRole:FOLLOWER, 75ab3abc-5937-4b12-9491-8e152555f8b6|rpc:10.1.0.35:33467|dataStream:10.1.0.35:33031|priority:1|startupRole:FOLLOWER]|listeners:[], old=null
2023-04-21 06:17:50,635 [grpc-default-executor-0] INFO  server.RaftServer$Division (RaftServerImpl.java:requestVote(1218)) - 75ab3abc-5937-4b12-9491-8e152555f8b6@group-46B086B7E41A: receive requestVote(PRE_VOTE, af01062f-3048-4ed4-9f14-cd7341189c22, group-46B086B7E41A, 0, (t:0, i:0))
2023-04-21 06:17:50,635 [grpc-default-executor-0] INFO  impl.VoteContext (VoteContext.java:log(49)) - 75ab3abc-5937-4b12-9491-8e152555f8b6@group-46B086B7E41A-FOLLOWER: reject PRE_VOTE from af01062f-3048-4ed4-9f14-cd7341189c22: our priority 1 > candidate's priority 0
2023-04-21 06:17:50,635 [grpc-default-executor-0] INFO  server.RaftServer$Division (RaftServerImpl.java:requestVote(1251)) - 75ab3abc-5937-4b12-9491-8e152555f8b6@group-46B086B7E41A replies to PRE_VOTE vote request: af01062f-3048-4ed4-9f14-cd7341189c22<-75ab3abc-5937-4b12-9491-8e152555f8b6#0:FAIL-t0. Peer's state: 75ab3abc-5937-4b12-9491-8e152555f8b6@group-46B086B7E41A:t0, leader=null, voted=, raftlog=Memoized:75ab3abc-5937-4b12-9491-8e152555f8b6@group-46B086B7E41A-SegmentedRaftLog:OPENED:c-1, conf=-1: peers:[b517b6f9-ca83-4992-bad0-b7f510a386a5|rpc:10.1.0.35:38971|dataStream:10.1.0.35:39461|priority:0|startupRole:FOLLOWER, af01062f-3048-4ed4-9f14-cd7341189c22|rpc:10.1.0.35:40473|dataStream:10.1.0.35:45409|priority:0|startupRole:FOLLOWER, 75ab3abc-5937-4b12-9491-8e152555f8b6|rpc:10.1.0.35:33467|dataStream:10.1.0.35:33031|priority:1|startupRole:FOLLOWER]|listeners:[], old=null
2023-04-21 06:17:50,636 [af01062f-3048-4ed4-9f14-cd7341189c22@group-46B086B7E41A-LeaderElection26] INFO  impl.LeaderElection (LeaderElection.java:logAndReturn(90)) - af01062f-3048-4ed4-9f14-cd7341189c22@group-46B086B7E41A-LeaderElection26: PRE_VOTE REJECTED received 2 response(s) and 0 exception(s):
2023-04-21 06:17:50,636 [af01062f-3048-4ed4-9f14-cd7341189c22@group-46B086B7E41A-LeaderElection26] INFO  impl.LeaderElection (LeaderElection.java:logAndReturn(94)) -   Response 0: af01062f-3048-4ed4-9f14-cd7341189c22<-b517b6f9-ca83-4992-bad0-b7f510a386a5#0:OK-t0
2023-04-21 06:17:50,636 [af01062f-3048-4ed4-9f14-cd7341189c22@group-46B086B7E41A-LeaderElection26] INFO  impl.LeaderElection (LeaderElection.java:logAndReturn(94)) -   Response 1: af01062f-3048-4ed4-9f14-cd7341189c22<-75ab3abc-5937-4b12-9491-8e152555f8b6#0:FAIL-t0
2023-04-21 06:17:50,636 [af01062f-3048-4ed4-9f14-cd7341189c22@group-46B086B7E41A-LeaderElection26] INFO  impl.LeaderElection (LeaderElection.java:askForVotes(314)) - af01062f-3048-4ed4-9f14-cd7341189c22@group-46B086B7E41A-LeaderElection26 PRE_VOTE round 0: result REJECTED
2023-04-21 06:17:50,636 [af01062f-3048-4ed4-9f14-cd7341189c22@group-46B086B7E41A-LeaderElection26] INFO  server.RaftServer$Division (RaftServerImpl.java:setRole(321)) - af01062f-3048-4ed4-9f14-cd7341189c22@group-46B086B7E41A: changes role from CANDIDATE to FOLLOWER at term 0 for REJECTED
2023-04-21 06:17:50,636 [af01062f-3048-4ed4-9f14-cd7341189c22@group-46B086B7E41A-LeaderElection26] INFO  impl.RoleInfo (RoleInfo.java:shutdownLeaderElection(130)) - af01062f-3048-4ed4-9f14-cd7341189c22: shutdown af01062f-3048-4ed4-9f14-cd7341189c22@group-46B086B7E41A-LeaderElection26
2023-04-21 06:17:50,636 [af01062f-3048-4ed4-9f14-cd7341189c22@group-46B086B7E41A-LeaderElection26] INFO  impl.RoleInfo (RoleInfo.java:updateAndGet(139)) - af01062f-3048-4ed4-9f14-cd7341189c22: start af01062f-3048-4ed4-9f14-cd7341189c22@group-46B086B7E41A-FollowerState
2023-04-21 06:17:50,639 [af01062f-3048-4ed4-9f14-cd7341189c22@group-46B086B7E41A-FollowerState] INFO  server.RaftServerConfigKeys (ConfUtils.java:logFallback(53)) - raft.server.rpc.first-election.timeout.min = 5s (fallback to raft.server.rpc.timeout.min)
2023-04-21 06:17:50,640 [af01062f-3048-4ed4-9f14-cd7341189c22@group-46B086B7E41A-FollowerState] INFO  server.RaftServerConfigKeys (ConfUtils.java:logFallback(53)) - raft.server.rpc.first-election.timeout.max = 5200ms (fallback to raft.server.rpc.timeout.max)
2023-04-21 06:17:50,672 [af01062f-3048-4ed4-9f14-cd7341189c22@group-E0A000324546-FollowerState] INFO  impl.FollowerState (FollowerState.java:run(143)) - af01062f-3048-4ed4-9f14-cd7341189c22@group-E0A000324546-FollowerState: change to CANDIDATE, lastRpcElapsedTime:5170379062ns, electionTimeout:5154ms
2023-04-21 06:17:50,672 [af01062f-3048-4ed4-9f14-cd7341189c22@group-E0A000324546-FollowerState] INFO  impl.RoleInfo (RoleInfo.java:shutdownFollowerState(110)) - af01062f-3048-4ed4-9f14-cd7341189c22: shutdown af01062f-3048-4ed4-9f14-cd7341189c22@group-E0A000324546-FollowerState
2023-04-21 06:17:50,672 [af01062f-3048-4ed4-9f14-cd7341189c22@group-E0A000324546-FollowerState] INFO  server.RaftServer$Division (RaftServerImpl.java:setRole(321)) - af01062f-3048-4ed4-9f14-cd7341189c22@group-E0A000324546: changes role from  FOLLOWER to CANDIDATE at term 0 for changeToCandidate
2023-04-21 06:17:50,672 [af01062f-3048-4ed4-9f14-cd7341189c22@group-E0A000324546-FollowerState] INFO  server.RaftServerConfigKeys (ConfUtils.java:logGet(46)) - raft.server.leaderelection.pre-vote = true (default)
2023-04-21 06:17:50,672 [af01062f-3048-4ed4-9f14-cd7341189c22@group-E0A000324546-FollowerState] INFO  impl.RoleInfo (RoleInfo.java:updateAndGet(139)) - af01062f-3048-4ed4-9f14-cd7341189c22: start af01062f-3048-4ed4-9f14-cd7341189c22@group-E0A000324546-LeaderElection27
2023-04-21 06:17:50,674 [af01062f-3048-4ed4-9f14-cd7341189c22@group-E0A000324546-LeaderElection27] INFO  impl.LeaderElection (LeaderElection.java:askForVotes(312)) - af01062f-3048-4ed4-9f14-cd7341189c22@group-E0A000324546-LeaderElection27 PRE_VOTE round 0: submit vote requests at term 0 for -1: peers:[af01062f-3048-4ed4-9f14-cd7341189c22|rpc:10.1.0.35:40473|dataStream:10.1.0.35:45409|priority:1|startupRole:FOLLOWER]|listeners:[], old=null
2023-04-21 06:17:50,674 [af01062f-3048-4ed4-9f14-cd7341189c22@group-E0A000324546-LeaderElection27] INFO  impl.LeaderElection (LeaderElection.java:askForVotes(314)) - af01062f-3048-4ed4-9f14-cd7341189c22@group-E0A000324546-LeaderElection27 PRE_VOTE round 0: result PASSED (term=0)
2023-04-21 06:17:50,676 [af01062f-3048-4ed4-9f14-cd7341189c22@group-E0A000324546-LeaderElection27] INFO  impl.LeaderElection (LeaderElection.java:askForVotes(312)) - af01062f-3048-4ed4-9f14-cd7341189c22@group-E0A000324546-LeaderElection27 ELECTION round 0: submit vote requests at term 1 for -1: peers:[af01062f-3048-4ed4-9f14-cd7341189c22|rpc:10.1.0.35:40473|dataStream:10.1.0.35:45409|priority:1|startupRole:FOLLOWER]|listeners:[], old=null
2023-04-21 06:17:50,676 [af01062f-3048-4ed4-9f14-cd7341189c22@group-E0A000324546-LeaderElection27] INFO  impl.LeaderElection (LeaderElection.java:askForVotes(314)) - af01062f-3048-4ed4-9f14-cd7341189c22@group-E0A000324546-LeaderElection27 ELECTION round 0: result PASSED (term=1)
2023-04-21 06:17:50,676 [af01062f-3048-4ed4-9f14-cd7341189c22@group-E0A000324546-LeaderElection27] INFO  impl.RoleInfo (RoleInfo.java:shutdownLeaderElection(130)) - af01062f-3048-4ed4-9f14-cd7341189c22: shutdown af01062f-3048-4ed4-9f14-cd7341189c22@group-E0A000324546-LeaderElection27
2023-04-21 06:17:50,676 [af01062f-3048-4ed4-9f14-cd7341189c22@group-E0A000324546-LeaderElection27] INFO  server.RaftServer$Division (RaftServerImpl.java:setRole(321)) - af01062f-3048-4ed4-9f14-cd7341189c22@group-E0A000324546: changes role from CANDIDATE to LEADER at term 1 for changeToLeader
2023-04-21 06:17:50,676 [af01062f-3048-4ed4-9f14-cd7341189c22@group-E0A000324546-LeaderElection27] INFO  ratis.XceiverServerRatis (XceiverServerRatis.java:handleLeaderChangedNotification(904)) - Leader change notification received for group: group-E0A000324546 with new leaderId: af01062f-3048-4ed4-9f14-cd7341189c22
2023-04-21 06:17:50,677 [af01062f-3048-4ed4-9f14-cd7341189c22@group-E0A000324546-LeaderElection27] INFO  server.RaftServer$Division (ServerState.java:setLeader(313)) - af01062f-3048-4ed4-9f14-cd7341189c22@group-E0A000324546: change Leader from null to af01062f-3048-4ed4-9f14-cd7341189c22 at term 1 for becomeLeader, leader elected after 5190ms
2023-04-21 06:17:50,678 [EventQueue-OpenPipelineForHealthyPipelineSafeModeRule] INFO  safemode.SCMSafeModeManager (HealthyPipelineSafeModeRule.java:process(137)) - SCM in safe mode. Healthy pipelines reported count is 0, required healthy pipeline reported count is 1
2023-04-21 06:17:50,678 [af01062f-3048-4ed4-9f14-cd7341189c22@group-E0A000324546-LeaderElection27] INFO  server.RaftServerConfigKeys (ConfUtils.java:logGet(46)) - raft.server.staging.catchup.gap = 1000 (default)
2023-04-21 06:17:50,678 [af01062f-3048-4ed4-9f14-cd7341189c22@group-E0A000324546-LeaderElection27] INFO  server.RaftServerConfigKeys (ConfUtils.java:logGet(46)) - raft.server.write.element-limit = 1024 (custom)
2023-04-21 06:17:50,678 [af01062f-3048-4ed4-9f14-cd7341189c22@group-E0A000324546-LeaderElection27] INFO  server.RaftServerConfigKeys (ConfUtils.java:logGet(46)) - raft.server.write.byte-limit = 1024 M (=1073741824) (custom)
2023-04-21 06:17:50,679 [af01062f-3048-4ed4-9f14-cd7341189c22@group-E0A000324546-LeaderElection27] INFO  server.RaftServerConfigKeys (ConfUtils.java:logGet(46)) - raft.server.watch.timeout = 180s (custom)
2023-04-21 06:17:50,679 [af01062f-3048-4ed4-9f14-cd7341189c22@group-E0A000324546-LeaderElection27] INFO  server.RaftServerConfigKeys (ConfUtils.java:logGet(46)) - raft.server.watch.timeout.denomination = 1s (default)
2023-04-21 06:17:50,679 [af01062f-3048-4ed4-9f14-cd7341189c22@group-E0A000324546-LeaderElection27] INFO  server.RaftServerConfigKeys (ConfUtils.java:logGet(46)) - raft.server.watch.element-limit = 65536 (default)
2023-04-21 06:17:50,679 [af01062f-3048-4ed4-9f14-cd7341189c22@group-E0A000324546-LeaderElection27] INFO  server.RaftServerConfigKeys (ConfUtils.java:logGet(46)) - raft.server.write.element-limit = 1024 (custom)
2023-04-21 06:17:50,679 [af01062f-3048-4ed4-9f14-cd7341189c22@group-E0A000324546-LeaderElection27] INFO  server.RaftServerConfigKeys (ConfUtils.java:logGet(46)) - raft.server.write.follower.gap.ratio.max = -1.0 (default)
2023-04-21 06:17:50,681 [af01062f-3048-4ed4-9f14-cd7341189c22@group-E0A000324546-LeaderElection27] INFO  impl.RoleInfo (RoleInfo.java:updateAndGet(139)) - af01062f-3048-4ed4-9f14-cd7341189c22: start af01062f-3048-4ed4-9f14-cd7341189c22@group-E0A000324546-LeaderStateImpl
2023-04-21 06:17:50,681 [af01062f-3048-4ed4-9f14-cd7341189c22@group-E0A000324546-LeaderElection27] INFO  segmented.SegmentedRaftLogWorker (SegmentedRaftLogWorker.java:startLogSegment(452)) - af01062f-3048-4ed4-9f14-cd7341189c22@group-E0A000324546-SegmentedRaftLogWorker: Starting segment from index:0
2023-04-21 06:17:50,686 [af01062f-3048-4ed4-9f14-cd7341189c22@group-E0A000324546-LeaderElection27] INFO  server.RaftServer$Division (ServerState.java:setRaftConf(430)) - af01062f-3048-4ed4-9f14-cd7341189c22@group-E0A000324546: set configuration 0: peers:[af01062f-3048-4ed4-9f14-cd7341189c22|rpc:10.1.0.35:40473|dataStream:10.1.0.35:45409|priority:1|startupRole:FOLLOWER]|listeners:[], old=null
2023-04-21 06:17:50,686 [af01062f-3048-4ed4-9f14-cd7341189c22@group-E0A000324546-SegmentedRaftLogWorker] INFO  segmented.SegmentedRaftLogWorker (SegmentedRaftLogWorker.java:execute(656)) - af01062f-3048-4ed4-9f14-cd7341189c22@group-E0A000324546-SegmentedRaftLogWorker: created new log segment /home/runner/work/ozone/ozone/hadoop-ozone/integration-test/target/test-dir/MiniOzoneClusterImpl-83d87173-15eb-40d9-9fb5-e31a77cfd1f5/datanode-0/data/ratis/eb3b9faf-aff0-4205-8c99-e0a000324546/current/log_inprogress_0
2023-04-21 06:17:50,723 [b517b6f9-ca83-4992-bad0-b7f510a386a5@group-F997DC6B75A8-FollowerState] INFO  impl.FollowerState (FollowerState.java:run(143)) - b517b6f9-ca83-4992-bad0-b7f510a386a5@group-F997DC6B75A8-FollowerState: change to CANDIDATE, lastRpcElapsedTime:5017203146ns, electionTimeout:5016ms
2023-04-21 06:17:50,723 [b517b6f9-ca83-4992-bad0-b7f510a386a5@group-F997DC6B75A8-FollowerState] INFO  impl.RoleInfo (RoleInfo.java:shutdownFollowerState(110)) - b517b6f9-ca83-4992-bad0-b7f510a386a5: shutdown b517b6f9-ca83-4992-bad0-b7f510a386a5@group-F997DC6B75A8-FollowerState
2023-04-21 06:17:50,723 [b517b6f9-ca83-4992-bad0-b7f510a386a5@group-F997DC6B75A8-FollowerState] INFO  server.RaftServer$Division (RaftServerImpl.java:setRole(321)) - b517b6f9-ca83-4992-bad0-b7f510a386a5@group-F997DC6B75A8: changes role from  FOLLOWER to CANDIDATE at term 0 for changeToCandidate
2023-04-21 06:17:50,723 [b517b6f9-ca83-4992-bad0-b7f510a386a5@group-F997DC6B75A8-FollowerState] INFO  server.RaftServerConfigKeys (ConfUtils.java:logGet(46)) - raft.server.leaderelection.pre-vote = true (default)
2023-04-21 06:17:50,723 [b517b6f9-ca83-4992-bad0-b7f510a386a5@group-F997DC6B75A8-FollowerState] INFO  impl.RoleInfo (RoleInfo.java:updateAndGet(139)) - b517b6f9-ca83-4992-bad0-b7f510a386a5: start b517b6f9-ca83-4992-bad0-b7f510a386a5@group-F997DC6B75A8-LeaderElection28
2023-04-21 06:17:50,727 [b517b6f9-ca83-4992-bad0-b7f510a386a5@group-F997DC6B75A8-LeaderElection28] INFO  impl.LeaderElection (LeaderElection.java:askForVotes(312)) - b517b6f9-ca83-4992-bad0-b7f510a386a5@group-F997DC6B75A8-LeaderElection28 PRE_VOTE round 0: submit vote requests at term 0 for -1: peers:[b517b6f9-ca83-4992-bad0-b7f510a386a5|rpc:10.1.0.35:38971|dataStream:10.1.0.35:39461|priority:1|startupRole:FOLLOWER, af01062f-3048-4ed4-9f14-cd7341189c22|rpc:10.1.0.35:40473|dataStream:10.1.0.35:45409|priority:0|startupRole:FOLLOWER, 75ab3abc-5937-4b12-9491-8e152555f8b6|rpc:10.1.0.35:33467|dataStream:10.1.0.35:33031|priority:0|startupRole:FOLLOWER]|listeners:[], old=null
2023-04-21 06:17:50,730 [75ab3abc-5937-4b12-9491-8e152555f8b6@group-46B086B7E41A-FollowerState] INFO  impl.FollowerState (FollowerState.java:run(143)) - 75ab3abc-5937-4b12-9491-8e152555f8b6@group-46B086B7E41A-FollowerState: change to CANDIDATE, lastRpcElapsedTime:5121077781ns, electionTimeout:5118ms
2023-04-21 06:17:50,730 [75ab3abc-5937-4b12-9491-8e152555f8b6@group-46B086B7E41A-FollowerState] INFO  impl.RoleInfo (RoleInfo.java:shutdownFollowerState(110)) - 75ab3abc-5937-4b12-9491-8e152555f8b6: shutdown 75ab3abc-5937-4b12-9491-8e152555f8b6@group-46B086B7E41A-FollowerState
2023-04-21 06:17:50,730 [75ab3abc-5937-4b12-9491-8e152555f8b6@group-46B086B7E41A-FollowerState] INFO  server.RaftServer$Division (RaftServerImpl.java:setRole(321)) - 75ab3abc-5937-4b12-9491-8e152555f8b6@group-46B086B7E41A: changes role from  FOLLOWER to CANDIDATE at term 0 for changeToCandidate
2023-04-21 06:17:50,730 [75ab3abc-5937-4b12-9491-8e152555f8b6@group-46B086B7E41A-FollowerState] INFO  server.RaftServerConfigKeys (ConfUtils.java:logGet(46)) - raft.server.leaderelection.pre-vote = true (default)
2023-04-21 06:17:50,730 [75ab3abc-5937-4b12-9491-8e152555f8b6@group-46B086B7E41A-FollowerState] INFO  impl.RoleInfo (RoleInfo.java:updateAndGet(139)) - 75ab3abc-5937-4b12-9491-8e152555f8b6: start 75ab3abc-5937-4b12-9491-8e152555f8b6@group-46B086B7E41A-LeaderElection29
2023-04-21 06:17:50,730 [b517b6f9-ca83-4992-bad0-b7f510a386a5@group-F997DC6B75A8-LeaderElection28] INFO  server.RaftServerConfigKeys (ConfUtils.java:logFallback(53)) - raft.server.rpc.first-election.timeout.min = 5s (fallback to raft.server.rpc.timeout.min)
2023-04-21 06:17:50,730 [b517b6f9-ca83-4992-bad0-b7f510a386a5@group-F997DC6B75A8-LeaderElection28] INFO  server.RaftServerConfigKeys (ConfUtils.java:logFallback(53)) - raft.server.rpc.first-election.timeout.max = 5200ms (fallback to raft.server.rpc.timeout.max)
2023-04-21 06:17:50,730 [b517b6f9-ca83-4992-bad0-b7f510a386a5@group-F997DC6B75A8-LeaderElection28-2] INFO  server.GrpcServerProtocolClient (GrpcServerProtocolClient.java:<init>(63)) - Build channel for 75ab3abc-5937-4b12-9491-8e152555f8b6
2023-04-21 06:17:50,731 [b517b6f9-ca83-4992-bad0-b7f510a386a5@group-F997DC6B75A8-LeaderElection28-1] INFO  server.GrpcServerProtocolClient (GrpcServerProtocolClient.java:<init>(63)) - Build channel for af01062f-3048-4ed4-9f14-cd7341189c22
2023-04-21 06:17:50,733 [b517b6f9-ca83-4992-bad0-b7f510a386a5@group-46B086B7E41A-FollowerState] INFO  server.RaftServerConfigKeys (ConfUtils.java:logFallback(53)) - raft.server.rpc.first-election.timeout.min = 5s (fallback to raft.server.rpc.timeout.min)
2023-04-21 06:17:50,733 [b517b6f9-ca83-4992-bad0-b7f510a386a5@group-46B086B7E41A-FollowerState] INFO  server.RaftServerConfigKeys (ConfUtils.java:logFallback(53)) - raft.server.rpc.first-election.timeout.max = 5200ms (fallback to raft.server.rpc.timeout.max)
2023-04-21 06:17:50,735 [75ab3abc-5937-4b12-9491-8e152555f8b6@group-46B086B7E41A-LeaderElection29] INFO  impl.LeaderElection (LeaderElection.java:askForVotes(312)) - 75ab3abc-5937-4b12-9491-8e152555f8b6@group-46B086B7E41A-LeaderElection29 PRE_VOTE round 0: submit vote requests at term 0 for -1: peers:[b517b6f9-ca83-4992-bad0-b7f510a386a5|rpc:10.1.0.35:38971|dataStream:10.1.0.35:39461|priority:0|startupRole:FOLLOWER, af01062f-3048-4ed4-9f14-cd7341189c22|rpc:10.1.0.35:40473|dataStream:10.1.0.35:45409|priority:0|startupRole:FOLLOWER, 75ab3abc-5937-4b12-9491-8e152555f8b6|rpc:10.1.0.35:33467|dataStream:10.1.0.35:33031|priority:1|startupRole:FOLLOWER]|listeners:[], old=null
2023-04-21 06:17:50,737 [75ab3abc-5937-4b12-9491-8e152555f8b6@group-46B086B7E41A-LeaderElection29-1] INFO  server.GrpcServerProtocolClient (GrpcServerProtocolClient.java:<init>(63)) - Build channel for b517b6f9-ca83-4992-bad0-b7f510a386a5
2023-04-21 06:17:50,743 [75ab3abc-5937-4b12-9491-8e152555f8b6@group-46B086B7E41A-LeaderElection29] INFO  server.RaftServerConfigKeys (ConfUtils.java:logFallback(53)) - raft.server.rpc.first-election.timeout.min = 5s (fallback to raft.server.rpc.timeout.min)
2023-04-21 06:17:50,743 [75ab3abc-5937-4b12-9491-8e152555f8b6@group-46B086B7E41A-LeaderElection29] INFO  server.RaftServerConfigKeys (ConfUtils.java:logFallback(53)) - raft.server.rpc.first-election.timeout.max = 5200ms (fallback to raft.server.rpc.timeout.max)
2023-04-21 06:17:50,743 [75ab3abc-5937-4b12-9491-8e152555f8b6@group-46B086B7E41A-LeaderElection29-2] INFO  server.GrpcServerProtocolClient (GrpcServerProtocolClient.java:<init>(63)) - Build channel for af01062f-3048-4ed4-9f14-cd7341189c22
2023-04-21 06:17:50,750 [grpc-default-executor-0] INFO  server.RaftServer$Division (RaftServerImpl.java:requestVote(1218)) - 75ab3abc-5937-4b12-9491-8e152555f8b6@group-F997DC6B75A8: receive requestVote(PRE_VOTE, b517b6f9-ca83-4992-bad0-b7f510a386a5, group-F997DC6B75A8, 0, (t:0, i:0))
2023-04-21 06:17:50,750 [grpc-default-executor-0] INFO  impl.VoteContext (VoteContext.java:log(49)) - 75ab3abc-5937-4b12-9491-8e152555f8b6@group-F997DC6B75A8-FOLLOWER: accept PRE_VOTE from b517b6f9-ca83-4992-bad0-b7f510a386a5: our priority 0 <= candidate's priority 1
2023-04-21 06:17:50,750 [grpc-default-executor-0] INFO  server.RaftServer$Division (RaftServerImpl.java:requestVote(1251)) - 75ab3abc-5937-4b12-9491-8e152555f8b6@group-F997DC6B75A8 replies to PRE_VOTE vote request: b517b6f9-ca83-4992-bad0-b7f510a386a5<-75ab3abc-5937-4b12-9491-8e152555f8b6#0:OK-t0. Peer's state: 75ab3abc-5937-4b12-9491-8e152555f8b6@group-F997DC6B75A8:t0, leader=null, voted=, raftlog=Memoized:75ab3abc-5937-4b12-9491-8e152555f8b6@group-F997DC6B75A8-SegmentedRaftLog:OPENED:c-1, conf=-1: peers:[b517b6f9-ca83-4992-bad0-b7f510a386a5|rpc:10.1.0.35:38971|dataStream:10.1.0.35:39461|priority:1|startupRole:FOLLOWER, af01062f-3048-4ed4-9f14-cd7341189c22|rpc:10.1.0.35:40473|dataStream:10.1.0.35:45409|priority:0|startupRole:FOLLOWER, 75ab3abc-5937-4b12-9491-8e152555f8b6|rpc:10.1.0.35:33467|dataStream:10.1.0.35:33031|priority:0|startupRole:FOLLOWER]|listeners:[], old=null
2023-04-21 06:17:50,758 [grpc-default-executor-1] INFO  server.RaftServer$Division (RaftServerImpl.java:requestVote(1218)) - b517b6f9-ca83-4992-bad0-b7f510a386a5@group-46B086B7E41A: receive requestVote(PRE_VOTE, 75ab3abc-5937-4b12-9491-8e152555f8b6, group-46B086B7E41A, 0, (t:0, i:0))
2023-04-21 06:17:50,759 [grpc-default-executor-1] INFO  impl.VoteContext (VoteContext.java:log(49)) - b517b6f9-ca83-4992-bad0-b7f510a386a5@group-46B086B7E41A-FOLLOWER: accept PRE_VOTE from 75ab3abc-5937-4b12-9491-8e152555f8b6: our priority 0 <= candidate's priority 1
2023-04-21 06:17:50,760 [grpc-default-executor-0] INFO  server.RaftServer$Division (RaftServerImpl.java:requestVote(1218)) - af01062f-3048-4ed4-9f14-cd7341189c22@group-46B086B7E41A: receive requestVote(PRE_VOTE, 75ab3abc-5937-4b12-9491-8e152555f8b6, group-46B086B7E41A, 0, (t:0, i:0))
2023-04-21 06:17:50,760 [grpc-default-executor-0] INFO  impl.VoteContext (VoteContext.java:log(49)) - af01062f-3048-4ed4-9f14-cd7341189c22@group-46B086B7E41A-FOLLOWER: accept PRE_VOTE from 75ab3abc-5937-4b12-9491-8e152555f8b6: our priority 0 <= candidate's priority 1
2023-04-21 06:17:50,760 [grpc-default-executor-0] INFO  server.RaftServer$Division (RaftServerImpl.java:requestVote(1251)) - af01062f-3048-4ed4-9f14-cd7341189c22@group-46B086B7E41A replies to PRE_VOTE vote request: 75ab3abc-5937-4b12-9491-8e152555f8b6<-af01062f-3048-4ed4-9f14-cd7341189c22#0:OK-t0. Peer's state: af01062f-3048-4ed4-9f14-cd7341189c22@group-46B086B7E41A:t0, leader=null, voted=, raftlog=Memoized:af01062f-3048-4ed4-9f14-cd7341189c22@group-46B086B7E41A-SegmentedRaftLog:OPENED:c-1, conf=-1: peers:[b517b6f9-ca83-4992-bad0-b7f510a386a5|rpc:10.1.0.35:38971|dataStream:10.1.0.35:39461|priority:0|startupRole:FOLLOWER, af01062f-3048-4ed4-9f14-cd7341189c22|rpc:10.1.0.35:40473|dataStream:10.1.0.35:45409|priority:0|startupRole:FOLLOWER, 75ab3abc-5937-4b12-9491-8e152555f8b6|rpc:10.1.0.35:33467|dataStream:10.1.0.35:33031|priority:1|startupRole:FOLLOWER]|listeners:[], old=null
2023-04-21 06:17:50,760 [b517b6f9-ca83-4992-bad0-b7f510a386a5@group-F997DC6B75A8-LeaderElection28] INFO  impl.LeaderElection (LeaderElection.java:logAndReturn(90)) - b517b6f9-ca83-4992-bad0-b7f510a386a5@group-F997DC6B75A8-LeaderElection28: PRE_VOTE PASSED received 1 response(s) and 0 exception(s):
2023-04-21 06:17:50,760 [b517b6f9-ca83-4992-bad0-b7f510a386a5@group-F997DC6B75A8-LeaderElection28] INFO  impl.LeaderElection (LeaderElection.java:logAndReturn(94)) -   Response 0: b517b6f9-ca83-4992-bad0-b7f510a386a5<-75ab3abc-5937-4b12-9491-8e152555f8b6#0:OK-t0
2023-04-21 06:17:50,760 [b517b6f9-ca83-4992-bad0-b7f510a386a5@group-F997DC6B75A8-LeaderElection28] INFO  impl.LeaderElection (LeaderElection.java:askForVotes(314)) - b517b6f9-ca83-4992-bad0-b7f510a386a5@group-F997DC6B75A8-LeaderElection28 PRE_VOTE round 0: result PASSED
2023-04-21 06:17:50,759 [grpc-default-executor-2] INFO  server.RaftServer$Division (RaftServerImpl.java:requestVote(1218)) - af01062f-3048-4ed4-9f14-cd7341189c22@group-F997DC6B75A8: receive requestVote(PRE_VOTE, b517b6f9-ca83-4992-bad0-b7f510a386a5, group-F997DC6B75A8, 0, (t:0, i:0))
2023-04-21 06:17:50,761 [grpc-default-executor-2] INFO  impl.VoteContext (VoteContext.java:log(49)) - af01062f-3048-4ed4-9f14-cd7341189c22@group-F997DC6B75A8-FOLLOWER: accept PRE_VOTE from b517b6f9-ca83-4992-bad0-b7f510a386a5: our priority 0 <= candidate's priority 1
2023-04-21 06:17:50,761 [grpc-default-executor-2] INFO  server.RaftServer$Division (RaftServerImpl.java:requestVote(1251)) - af01062f-3048-4ed4-9f14-cd7341189c22@group-F997DC6B75A8 replies to PRE_VOTE vote request: b517b6f9-ca83-4992-bad0-b7f510a386a5<-af01062f-3048-4ed4-9f14-cd7341189c22#0:OK-t0. Peer's state: af01062f-3048-4ed4-9f14-cd7341189c22@group-F997DC6B75A8:t0, leader=null, voted=, raftlog=Memoized:af01062f-3048-4ed4-9f14-cd7341189c22@group-F997DC6B75A8-SegmentedRaftLog:OPENED:c-1, conf=-1: peers:[b517b6f9-ca83-4992-bad0-b7f510a386a5|rpc:10.1.0.35:38971|dataStream:10.1.0.35:39461|priority:1|startupRole:FOLLOWER, af01062f-3048-4ed4-9f14-cd7341189c22|rpc:10.1.0.35:40473|dataStream:10.1.0.35:45409|priority:0|startupRole:FOLLOWER, 75ab3abc-5937-4b12-9491-8e152555f8b6|rpc:10.1.0.35:33467|dataStream:10.1.0.35:33031|priority:0|startupRole:FOLLOWER]|listeners:[], old=null
2023-04-21 06:17:50,762 [grpc-default-executor-1] INFO  server.RaftServer$Division (RaftServerImpl.java:requestVote(1251)) - b517b6f9-ca83-4992-bad0-b7f510a386a5@group-46B086B7E41A replies to PRE_VOTE vote request: 75ab3abc-5937-4b12-9491-8e152555f8b6<-b517b6f9-ca83-4992-bad0-b7f510a386a5#0:OK-t0. Peer's state: b517b6f9-ca83-4992-bad0-b7f510a386a5@group-46B086B7E41A:t0, leader=null, voted=, raftlog=Memoized:b517b6f9-ca83-4992-bad0-b7f510a386a5@group-46B086B7E41A-SegmentedRaftLog:OPENED:c-1, conf=-1: peers:[b517b6f9-ca83-4992-bad0-b7f510a386a5|rpc:10.1.0.35:38971|dataStream:10.1.0.35:39461|priority:0|startupRole:FOLLOWER, af01062f-3048-4ed4-9f14-cd7341189c22|rpc:10.1.0.35:40473|dataStream:10.1.0.35:45409|priority:0|startupRole:FOLLOWER, 75ab3abc-5937-4b12-9491-8e152555f8b6|rpc:10.1.0.35:33467|dataStream:10.1.0.35:33031|priority:1|startupRole:FOLLOWER]|listeners:[], old=null
2023-04-21 06:17:50,762 [b517b6f9-ca83-4992-bad0-b7f510a386a5@group-F997DC6B75A8-LeaderElection28] INFO  impl.LeaderElection (LeaderElection.java:askForVotes(312)) - b517b6f9-ca83-4992-bad0-b7f510a386a5@group-F997DC6B75A8-LeaderElection28 ELECTION round 0: submit vote requests at term 1 for -1: peers:[b517b6f9-ca83-4992-bad0-b7f510a386a5|rpc:10.1.0.35:38971|dataStream:10.1.0.35:39461|priority:1|startupRole:FOLLOWER, af01062f-3048-4ed4-9f14-cd7341189c22|rpc:10.1.0.35:40473|dataStream:10.1.0.35:45409|priority:0|startupRole:FOLLOWER, 75ab3abc-5937-4b12-9491-8e152555f8b6|rpc:10.1.0.35:33467|dataStream:10.1.0.35:33031|priority:0|startupRole:FOLLOWER]|listeners:[], old=null
2023-04-21 06:17:50,766 [75ab3abc-5937-4b12-9491-8e152555f8b6@group-46B086B7E41A-LeaderElection29] INFO  impl.LeaderElection (LeaderElection.java:logAndReturn(90)) - 75ab3abc-5937-4b12-9491-8e152555f8b6@group-46B086B7E41A-LeaderElection29: PRE_VOTE PASSED received 1 response(s) and 0 exception(s):
2023-04-21 06:17:50,766 [75ab3abc-5937-4b12-9491-8e152555f8b6@group-46B086B7E41A-LeaderElection29] INFO  impl.LeaderElection (LeaderElection.java:logAndReturn(94)) -   Response 0: 75ab3abc-5937-4b12-9491-8e152555f8b6<-af01062f-3048-4ed4-9f14-cd7341189c22#0:OK-t0
2023-04-21 06:17:50,766 [75ab3abc-5937-4b12-9491-8e152555f8b6@group-46B086B7E41A-LeaderElection29] INFO  impl.LeaderElection (LeaderElection.java:askForVotes(314)) - 75ab3abc-5937-4b12-9491-8e152555f8b6@group-46B086B7E41A-LeaderElection29 PRE_VOTE round 0: result PASSED
2023-04-21 06:17:50,768 [75ab3abc-5937-4b12-9491-8e152555f8b6@group-46B086B7E41A-LeaderElection29] INFO  impl.LeaderElection (LeaderElection.java:askForVotes(312)) - 75ab3abc-5937-4b12-9491-8e152555f8b6@group-46B086B7E41A-LeaderElection29 ELECTION round 0: submit vote requests at term 1 for -1: peers:[b517b6f9-ca83-4992-bad0-b7f510a386a5|rpc:10.1.0.35:38971|dataStream:10.1.0.35:39461|priority:0|startupRole:FOLLOWER, af01062f-3048-4ed4-9f14-cd7341189c22|rpc:10.1.0.35:40473|dataStream:10.1.0.35:45409|priority:0|startupRole:FOLLOWER, 75ab3abc-5937-4b12-9491-8e152555f8b6|rpc:10.1.0.35:33467|dataStream:10.1.0.35:33031|priority:1|startupRole:FOLLOWER]|listeners:[], old=null
2023-04-21 06:17:50,771 [b517b6f9-ca83-4992-bad0-b7f510a386a5@group-F997DC6B75A8-LeaderElection28] INFO  server.RaftServerConfigKeys (ConfUtils.java:logFallback(53)) - raft.server.rpc.first-election.timeout.min = 5s (fallback to raft.server.rpc.timeout.min)
2023-04-21 06:17:50,771 [b517b6f9-ca83-4992-bad0-b7f510a386a5@group-F997DC6B75A8-LeaderElection28] INFO  server.RaftServerConfigKeys (ConfUtils.java:logFallback(53)) - raft.server.rpc.first-election.timeout.max = 5200ms (fallback to raft.server.rpc.timeout.max)
2023-04-21 06:17:50,771 [75ab3abc-5937-4b12-9491-8e152555f8b6@group-46B086B7E41A-LeaderElection29] INFO  server.RaftServerConfigKeys (ConfUtils.java:logFallback(53)) - raft.server.rpc.first-election.timeout.min = 5s (fallback to raft.server.rpc.timeout.min)
2023-04-21 06:17:50,771 [75ab3abc-5937-4b12-9491-8e152555f8b6@group-46B086B7E41A-LeaderElection29] INFO  server.RaftServerConfigKeys (ConfUtils.java:logFallback(53)) - raft.server.rpc.first-election.timeout.max = 5200ms (fallback to raft.server.rpc.timeout.max)
2023-04-21 06:17:50,778 [af01062f-3048-4ed4-9f14-cd7341189c22@group-F997DC6B75A8-FollowerState] INFO  server.RaftServerConfigKeys (ConfUtils.java:logFallback(53)) - raft.server.rpc.first-election.timeout.min = 5s (fallback to raft.server.rpc.timeout.min)
2023-04-21 06:17:50,778 [af01062f-3048-4ed4-9f14-cd7341189c22@group-F997DC6B75A8-FollowerState] INFO  server.RaftServerConfigKeys (ConfUtils.java:logFallback(53)) - raft.server.rpc.first-election.timeout.max = 5200ms (fallback to raft.server.rpc.timeout.max)
2023-04-21 06:17:50,781 [grpc-default-executor-2] INFO  server.RaftServer$Division (RaftServerImpl.java:requestVote(1218)) - af01062f-3048-4ed4-9f14-cd7341189c22@group-F997DC6B75A8: receive requestVote(ELECTION, b517b6f9-ca83-4992-bad0-b7f510a386a5, group-F997DC6B75A8, 1, (t:0, i:0))
2023-04-21 06:17:50,781 [grpc-default-executor-2] INFO  impl.VoteContext (VoteContext.java:log(49)) - af01062f-3048-4ed4-9f14-cd7341189c22@group-F997DC6B75A8-FOLLOWER: accept ELECTION from b517b6f9-ca83-4992-bad0-b7f510a386a5: our priority 0 <= candidate's priority 1
2023-04-21 06:17:50,781 [grpc-default-executor-2] INFO  server.RaftServer$Division (RaftServerImpl.java:setRole(321)) - af01062f-3048-4ed4-9f14-cd7341189c22@group-F997DC6B75A8: changes role from  FOLLOWER to FOLLOWER at term 1 for candidate:b517b6f9-ca83-4992-bad0-b7f510a386a5
2023-04-21 06:17:50,781 [grpc-default-executor-2] INFO  impl.RoleInfo (RoleInfo.java:shutdownFollowerState(110)) - af01062f-3048-4ed4-9f14-cd7341189c22: shutdown af01062f-3048-4ed4-9f14-cd7341189c22@group-F997DC6B75A8-FollowerState
2023-04-21 06:17:50,781 [grpc-default-executor-2] INFO  impl.RoleInfo (RoleInfo.java:updateAndGet(139)) - af01062f-3048-4ed4-9f14-cd7341189c22: start af01062f-3048-4ed4-9f14-cd7341189c22@group-F997DC6B75A8-FollowerState
2023-04-21 06:17:50,781 [af01062f-3048-4ed4-9f14-cd7341189c22@group-F997DC6B75A8-FollowerState] INFO  impl.FollowerState (FollowerState.java:run(152)) - af01062f-3048-4ed4-9f14-cd7341189c22@group-F997DC6B75A8-FollowerState was interrupted
2023-04-21 06:17:50,782 [grpc-default-executor-1] INFO  server.RaftServer$Division (RaftServerImpl.java:requestVote(1218)) - 75ab3abc-5937-4b12-9491-8e152555f8b6@group-F997DC6B75A8: receive requestVote(ELECTION, b517b6f9-ca83-4992-bad0-b7f510a386a5, group-F997DC6B75A8, 1, (t:0, i:0))
2023-04-21 06:17:50,782 [af01062f-3048-4ed4-9f14-cd7341189c22@group-F997DC6B75A8-FollowerState] INFO  server.RaftServerConfigKeys (ConfUtils.java:logFallback(53)) - raft.server.rpc.first-election.timeout.min = 5s (fallback to raft.server.rpc.timeout.min)
2023-04-21 06:17:50,782 [af01062f-3048-4ed4-9f14-cd7341189c22@group-F997DC6B75A8-FollowerState] INFO  server.RaftServerConfigKeys (ConfUtils.java:logFallback(53)) - raft.server.rpc.first-election.timeout.max = 5200ms (fallback to raft.server.rpc.timeout.max)
2023-04-21 06:17:50,784 [grpc-default-executor-1] INFO  impl.VoteContext (VoteContext.java:log(49)) - 75ab3abc-5937-4b12-9491-8e152555f8b6@group-F997DC6B75A8-FOLLOWER: accept ELECTION from b517b6f9-ca83-4992-bad0-b7f510a386a5: our priority 0 <= candidate's priority 1
2023-04-21 06:17:50,784 [grpc-default-executor-1] INFO  server.RaftServer$Division (RaftServerImpl.java:setRole(321)) - 75ab3abc-5937-4b12-9491-8e152555f8b6@group-F997DC6B75A8: changes role from  FOLLOWER to FOLLOWER at term 1 for candidate:b517b6f9-ca83-4992-bad0-b7f510a386a5
2023-04-21 06:17:50,784 [grpc-default-executor-1] INFO  impl.RoleInfo (RoleInfo.java:shutdownFollowerState(110)) - 75ab3abc-5937-4b12-9491-8e152555f8b6: shutdown 75ab3abc-5937-4b12-9491-8e152555f8b6@group-F997DC6B75A8-FollowerState
2023-04-21 06:17:50,785 [grpc-default-executor-1] INFO  impl.RoleInfo (RoleInfo.java:updateAndGet(139)) - 75ab3abc-5937-4b12-9491-8e152555f8b6: start 75ab3abc-5937-4b12-9491-8e152555f8b6@group-F997DC6B75A8-FollowerState
2023-04-21 06:17:50,785 [75ab3abc-5937-4b12-9491-8e152555f8b6@group-F997DC6B75A8-FollowerState] INFO  impl.FollowerState (FollowerState.java:run(152)) - 75ab3abc-5937-4b12-9491-8e152555f8b6@group-F997DC6B75A8-FollowerState was interrupted
2023-04-21 06:17:50,784 [grpc-default-executor-0] INFO  server.RaftServer$Division (RaftServerImpl.java:requestVote(1218)) - b517b6f9-ca83-4992-bad0-b7f510a386a5@group-46B086B7E41A: receive requestVote(ELECTION, 75ab3abc-5937-4b12-9491-8e152555f8b6, group-46B086B7E41A, 1, (t:0, i:0))
2023-04-21 06:17:50,785 [grpc-default-executor-0] INFO  impl.VoteContext (VoteContext.java:log(49)) - b517b6f9-ca83-4992-bad0-b7f510a386a5@group-46B086B7E41A-FOLLOWER: accept ELECTION from 75ab3abc-5937-4b12-9491-8e152555f8b6: our priority 0 <= candidate's priority 1
2023-04-21 06:17:50,785 [grpc-default-executor-0] INFO  server.RaftServer$Division (RaftServerImpl.java:setRole(321)) - b517b6f9-ca83-4992-bad0-b7f510a386a5@group-46B086B7E41A: changes role from  FOLLOWER to FOLLOWER at term 1 for candidate:75ab3abc-5937-4b12-9491-8e152555f8b6
2023-04-21 06:17:50,785 [grpc-default-executor-0] INFO  impl.RoleInfo (RoleInfo.java:shutdownFollowerState(110)) - b517b6f9-ca83-4992-bad0-b7f510a386a5: shutdown b517b6f9-ca83-4992-bad0-b7f510a386a5@group-46B086B7E41A-FollowerState
2023-04-21 06:17:50,785 [75ab3abc-5937-4b12-9491-8e152555f8b6@group-F997DC6B75A8-FollowerState] INFO  server.RaftServerConfigKeys (ConfUtils.java:logFallback(53)) - raft.server.rpc.first-election.timeout.min = 5s (fallback to raft.server.rpc.timeout.min)
2023-04-21 06:17:50,785 [75ab3abc-5937-4b12-9491-8e152555f8b6@group-F997DC6B75A8-FollowerState] INFO  server.RaftServerConfigKeys (ConfUtils.java:logFallback(53)) - raft.server.rpc.first-election.timeout.max = 5200ms (fallback to raft.server.rpc.timeout.max)
2023-04-21 06:17:50,785 [grpc-default-executor-2] INFO  server.RaftServer$Division (RaftServerImpl.java:requestVote(1251)) - af01062f-3048-4ed4-9f14-cd7341189c22@group-F997DC6B75A8 replies to ELECTION vote request: b517b6f9-ca83-4992-bad0-b7f510a386a5<-af01062f-3048-4ed4-9f14-cd7341189c22#0:OK-t1. Peer's state: af01062f-3048-4ed4-9f14-cd7341189c22@group-F997DC6B75A8:t1, leader=null, voted=b517b6f9-ca83-4992-bad0-b7f510a386a5, raftlog=Memoized:af01062f-3048-4ed4-9f14-cd7341189c22@group-F997DC6B75A8-SegmentedRaftLog:OPENED:c-1, conf=-1: peers:[b517b6f9-ca83-4992-bad0-b7f510a386a5|rpc:10.1.0.35:38971|dataStream:10.1.0.35:39461|priority:1|startupRole:FOLLOWER, af01062f-3048-4ed4-9f14-cd7341189c22|rpc:10.1.0.35:40473|dataStream:10.1.0.35:45409|priority:0|startupRole:FOLLOWER, 75ab3abc-5937-4b12-9491-8e152555f8b6|rpc:10.1.0.35:33467|dataStream:10.1.0.35:33031|priority:0|startupRole:FOLLOWER]|listeners:[], old=null
2023-04-21 06:17:50,787 [grpc-default-executor-2] INFO  server.RaftServer$Division (RaftServerImpl.java:requestVote(1218)) - af01062f-3048-4ed4-9f14-cd7341189c22@group-46B086B7E41A: receive requestVote(ELECTION, 75ab3abc-5937-4b12-9491-8e152555f8b6, group-46B086B7E41A, 1, (t:0, i:0))
2023-04-21 06:17:50,787 [grpc-default-executor-2] INFO  impl.VoteContext (VoteContext.java:log(49)) - af01062f-3048-4ed4-9f14-cd7341189c22@group-46B086B7E41A-FOLLOWER: accept ELECTION from 75ab3abc-5937-4b12-9491-8e152555f8b6: our priority 0 <= candidate's priority 1
2023-04-21 06:17:50,788 [grpc-default-executor-2] INFO  server.RaftServer$Division (RaftServerImpl.java:setRole(321)) - af01062f-3048-4ed4-9f14-cd7341189c22@group-46B086B7E41A: changes role from  FOLLOWER to FOLLOWER at term 1 for candidate:75ab3abc-5937-4b12-9491-8e152555f8b6
2023-04-21 06:17:50,788 [grpc-default-executor-2] INFO  impl.RoleInfo (RoleInfo.java:shutdownFollowerState(110)) - af01062f-3048-4ed4-9f14-cd7341189c22: shutdown af01062f-3048-4ed4-9f14-cd7341189c22@group-46B086B7E41A-FollowerState
2023-04-21 06:17:50,788 [grpc-default-executor-2] INFO  impl.RoleInfo (RoleInfo.java:updateAndGet(139)) - af01062f-3048-4ed4-9f14-cd7341189c22: start af01062f-3048-4ed4-9f14-cd7341189c22@group-46B086B7E41A-FollowerState
2023-04-21 06:17:50,788 [af01062f-3048-4ed4-9f14-cd7341189c22@group-46B086B7E41A-FollowerState] INFO  impl.FollowerState (FollowerState.java:run(152)) - af01062f-3048-4ed4-9f14-cd7341189c22@group-46B086B7E41A-FollowerState was interrupted
2023-04-21 06:17:50,791 [grpc-default-executor-0] INFO  impl.RoleInfo (RoleInfo.java:updateAndGet(139)) - b517b6f9-ca83-4992-bad0-b7f510a386a5: start b517b6f9-ca83-4992-bad0-b7f510a386a5@group-46B086B7E41A-FollowerState
2023-04-21 06:17:50,791 [b517b6f9-ca83-4992-bad0-b7f510a386a5@group-46B086B7E41A-FollowerState] INFO  impl.FollowerState (FollowerState.java:run(152)) - b517b6f9-ca83-4992-bad0-b7f510a386a5@group-46B086B7E41A-FollowerState was interrupted
2023-04-21 06:17:50,791 [b517b6f9-ca83-4992-bad0-b7f510a386a5@group-F997DC6B75A8-LeaderElection28] INFO  impl.LeaderElection (LeaderElection.java:logAndReturn(90)) - b517b6f9-ca83-4992-bad0-b7f510a386a5@group-F997DC6B75A8-LeaderElection28: ELECTION PASSED received 1 response(s) and 0 exception(s):
2023-04-21 06:17:50,791 [af01062f-3048-4ed4-9f14-cd7341189c22@group-46B086B7E41A-FollowerState] INFO  server.RaftServerConfigKeys (ConfUtils.java:logFallback(53)) - raft.server.rpc.first-election.timeout.min = 5s (fallback to raft.server.rpc.timeout.min)
2023-04-21 06:17:50,791 [b517b6f9-ca83-4992-bad0-b7f510a386a5@group-F997DC6B75A8-LeaderElection28] INFO  impl.LeaderElection (LeaderElection.java:logAndReturn(94)) -   Response 0: b517b6f9-ca83-4992-bad0-b7f510a386a5<-af01062f-3048-4ed4-9f14-cd7341189c22#0:OK-t1
2023-04-21 06:17:50,791 [af01062f-3048-4ed4-9f14-cd7341189c22@group-46B086B7E41A-FollowerState] INFO  server.RaftServerConfigKeys (ConfUtils.java:logFallback(53)) - raft.server.rpc.first-election.timeout.max = 5200ms (fallback to raft.server.rpc.timeout.max)
2023-04-21 06:17:50,791 [b517b6f9-ca83-4992-bad0-b7f510a386a5@group-F997DC6B75A8-LeaderElection28] INFO  impl.LeaderElection (LeaderElection.java:askForVotes(314)) - b517b6f9-ca83-4992-bad0-b7f510a386a5@group-F997DC6B75A8-LeaderElection28 ELECTION round 0: result PASSED
2023-04-21 06:17:50,791 [b517b6f9-ca83-4992-bad0-b7f510a386a5@group-F997DC6B75A8-LeaderElection28] INFO  impl.RoleInfo (RoleInfo.java:shutdownLeaderElection(130)) - b517b6f9-ca83-4992-bad0-b7f510a386a5: shutdown b517b6f9-ca83-4992-bad0-b7f510a386a5@group-F997DC6B75A8-LeaderElection28
2023-04-21 06:17:50,791 [b517b6f9-ca83-4992-bad0-b7f510a386a5@group-F997DC6B75A8-LeaderElection28] INFO  server.RaftServer$Division (RaftServerImpl.java:setRole(321)) - b517b6f9-ca83-4992-bad0-b7f510a386a5@group-F997DC6B75A8: changes role from CANDIDATE to LEADER at term 1 for changeToLeader
2023-04-21 06:17:50,791 [b517b6f9-ca83-4992-bad0-b7f510a386a5@group-F997DC6B75A8-LeaderElection28] INFO  ratis.XceiverServerRatis (XceiverServerRatis.java:handleLeaderChangedNotification(904)) - Leader change notification received for group: group-F997DC6B75A8 with new leaderId: b517b6f9-ca83-4992-bad0-b7f510a386a5
2023-04-21 06:17:50,792 [b517b6f9-ca83-4992-bad0-b7f510a386a5@group-F997DC6B75A8-LeaderElection28] INFO  server.RaftServer$Division (ServerState.java:setLeader(313)) - b517b6f9-ca83-4992-bad0-b7f510a386a5@group-F997DC6B75A8: change Leader from null to b517b6f9-ca83-4992-bad0-b7f510a386a5 at term 1 for becomeLeader, leader elected after 5098ms
2023-04-21 06:17:50,792 [grpc-default-executor-1] INFO  server.RaftServer$Division (RaftServerImpl.java:requestVote(1251)) - 75ab3abc-5937-4b12-9491-8e152555f8b6@group-F997DC6B75A8 replies to ELECTION vote request: b517b6f9-ca83-4992-bad0-b7f510a386a5<-75ab3abc-5937-4b12-9491-8e152555f8b6#0:OK-t1. Peer's state: 75ab3abc-5937-4b12-9491-8e152555f8b6@group-F997DC6B75A8:t1, leader=null, voted=b517b6f9-ca83-4992-bad0-b7f510a386a5, raftlog=Memoized:75ab3abc-5937-4b12-9491-8e152555f8b6@group-F997DC6B75A8-SegmentedRaftLog:OPENED:c-1, conf=-1: peers:[b517b6f9-ca83-4992-bad0-b7f510a386a5|rpc:10.1.0.35:38971|dataStream:10.1.0.35:39461|priority:1|startupRole:FOLLOWER, af01062f-3048-4ed4-9f14-cd7341189c22|rpc:10.1.0.35:40473|dataStream:10.1.0.35:45409|priority:0|startupRole:FOLLOWER, 75ab3abc-5937-4b12-9491-8e152555f8b6|rpc:10.1.0.35:33467|dataStream:10.1.0.35:33031|priority:0|startupRole:FOLLOWER]|listeners:[], old=null
2023-04-21 06:17:50,794 [EventQueue-PipelineReportForPipelineReportHandler] INFO  pipeline.PipelineManagerImpl (PipelineManagerImpl.java:openPipeline(367)) - Pipeline Pipeline[ Id: 2a9470b5-06aa-48d6-a6c2-f997dc6b75a8, Nodes: 75ab3abc-5937-4b12-9491-8e152555f8b6(fv-az205-422/10.1.0.35)af01062f-3048-4ed4-9f14-cd7341189c22(fv-az205-422/10.1.0.35)b517b6f9-ca83-4992-bad0-b7f510a386a5(fv-az205-422/10.1.0.35), ReplicationConfig: RATIS/THREE, State:ALLOCATED, leaderId:b517b6f9-ca83-4992-bad0-b7f510a386a5, CreationTimestamp2023-04-21T06:17:43.167Z[Etc/UTC]] moved to OPEN state
2023-04-21 06:17:50,794 [EventQueue-OpenPipelineForHealthyPipelineSafeModeRule] INFO  safemode.SCMSafeModeManager (HealthyPipelineSafeModeRule.java:process(137)) - SCM in safe mode. Healthy pipelines reported count is 0, required healthy pipeline reported count is 1
2023-04-21 06:17:50,794 [EventQueue-OpenPipelineForHealthyPipelineSafeModeRule] INFO  safemode.SCMSafeModeManager (HealthyPipelineSafeModeRule.java:process(137)) - SCM in safe mode. Healthy pipelines reported count is 1, required healthy pipeline reported count is 1
2023-04-21 06:17:50,794 [EventQueue-OpenPipelineForHealthyPipelineSafeModeRule] INFO  safemode.SCMSafeModeManager (SCMSafeModeManager.java:validateSafeModeExitRules(200)) - HealthyPipelineSafeModeRule rule is successfully validated
2023-04-21 06:17:50,794 [EventQueue-OpenPipelineForHealthyPipelineSafeModeRule] INFO  safemode.SCMSafeModeManager (SCMSafeModeManager.java:validateSafeModeExitRules(215)) - ScmSafeModeManager, all rules are successfully validated
2023-04-21 06:17:50,794 [EventQueue-OpenPipelineForHealthyPipelineSafeModeRule] INFO  safemode.SCMSafeModeManager (SCMSafeModeManager.java:exitSafeMode(244)) - SCM exiting safe mode.
2023-04-21 06:17:50,794 [EventQueue-OpenPipelineForHealthyPipelineSafeModeRule] INFO  ha.SCMContext (SCMContext.java:updateSafeModeStatus(228)) - Update SafeModeStatus from SafeModeStatus{safeModeStatus=true, preCheckPassed=true} to SafeModeStatus{safeModeStatus=false, preCheckPassed=true}.
2023-04-21 06:17:50,794 [EventQueue-OpenPipelineForHealthyPipelineSafeModeRule] INFO  pipeline.BackgroundPipelineCreator (BackgroundPipelineCreator.java:notifyStatusChanged(254)) - Service BackgroundPipelineCreator transitions to RUNNING.
2023-04-21 06:17:50,794 [EventQueue-OpenPipelineForHealthyPipelineSafeModeRule] INFO  BackgroundPipelineScrubber (BackgroundSCMService.java:notifyStatusChanged(82)) - Service BackgroundPipelineScrubber transitions to RUNNING.
2023-04-21 06:17:50,794 [EventQueue-OpenPipelineForHealthyPipelineSafeModeRule] INFO  ExpiredContainerReplicaOpScrubber (BackgroundSCMService.java:notifyStatusChanged(82)) - Service ExpiredContainerReplicaOpScrubber transitions to RUNNING.
2023-04-21 06:17:50,794 [EventQueue-OpenPipelineForHealthyPipelineSafeModeRule] INFO  replication.ReplicationManager (ReplicationManager.java:notifyStatusChanged(1371)) - Service ReplicationManager transitions to RUNNING.
2023-04-21 06:17:50,794 [EventQueue-OpenPipelineForHealthyPipelineSafeModeRule] WARN  balancer.ContainerBalancer (ContainerBalancer.java:shouldRun(132)) - Could not find persisted configuration for ContainerBalancer when checking if ContainerBalancer should run. ContainerBalancer should not run now.
2023-04-21 06:17:50,796 [b517b6f9-ca83-4992-bad0-b7f510a386a5@group-F997DC6B75A8-LeaderElection28] INFO  server.RaftServerConfigKeys (ConfUtils.java:logGet(46)) - raft.server.staging.catchup.gap = 1000 (default)
2023-04-21 06:17:50,796 [b517b6f9-ca83-4992-bad0-b7f510a386a5@group-F997DC6B75A8-LeaderElection28] INFO  server.RaftServerConfigKeys (ConfUtils.java:logGet(46)) - raft.server.write.element-limit = 1024 (custom)
2023-04-21 06:17:50,796 [b517b6f9-ca83-4992-bad0-b7f510a386a5@group-F997DC6B75A8-LeaderElection28] INFO  server.RaftServerConfigKeys (ConfUtils.java:logGet(46)) - raft.server.write.byte-limit = 1024 M (=1073741824) (custom)
2023-04-21 06:17:50,796 [b517b6f9-ca83-4992-bad0-b7f510a386a5@group-F997DC6B75A8-LeaderElection28] INFO  server.RaftServerConfigKeys (ConfUtils.java:logGet(46)) - raft.server.watch.timeout = 180s (custom)
2023-04-21 06:17:50,796 [b517b6f9-ca83-4992-bad0-b7f510a386a5@group-F997DC6B75A8-LeaderElection28] INFO  server.RaftServerConfigKeys (ConfUtils.java:logGet(46)) - raft.server.watch.timeout.denomination = 1s (default)
2023-04-21 06:17:50,796 [b517b6f9-ca83-4992-bad0-b7f510a386a5@group-F997DC6B75A8-LeaderElection28] INFO  server.RaftServerConfigKeys (ConfUtils.java:logGet(46)) - raft.server.watch.element-limit = 65536 (default)
2023-04-21 06:17:50,796 [b517b6f9-ca83-4992-bad0-b7f510a386a5@group-F997DC6B75A8-LeaderElection28] INFO  server.RaftServerConfigKeys (ConfUtils.java:logGet(46)) - raft.server.write.element-limit = 1024 (custom)
2023-04-21 06:17:50,796 [b517b6f9-ca83-4992-bad0-b7f510a386a5@group-F997DC6B75A8-LeaderElection28] INFO  server.RaftServerConfigKeys (ConfUtils.java:logGet(46)) - raft.server.write.follower.gap.ratio.max = -1.0 (default)
2023-04-21 06:17:50,797 [b517b6f9-ca83-4992-bad0-b7f510a386a5@group-F997DC6B75A8-LeaderElection28] INFO  server.RaftServerConfigKeys (ConfUtils.java:logGet(46)) - raft.server.log.appender.snapshot.chunk.size.max = 16MB (=16777216) (default)
2023-04-21 06:17:50,797 [b517b6f9-ca83-4992-bad0-b7f510a386a5@group-F997DC6B75A8-LeaderElection28] INFO  server.RaftServerConfigKeys (ConfUtils.java:logGet(46)) - raft.server.log.appender.buffer.byte-limit = 33554432 (custom)
2023-04-21 06:17:50,797 [b517b6f9-ca83-4992-bad0-b7f510a386a5@group-F997DC6B75A8-LeaderElection28] INFO  server.RaftServerConfigKeys (ConfUtils.java:logGet(46)) - raft.server.log.appender.buffer.element-limit = 1 (custom)
2023-04-21 06:17:50,797 [b517b6f9-ca83-4992-bad0-b7f510a386a5@group-F997DC6B75A8-LeaderElection28] INFO  grpc.GrpcConfigKeys (ConfUtils.java:logGet(46)) - raft.grpc.server.leader.outstanding.appends.max = 128 (default)
2023-04-21 06:17:50,797 [b517b6f9-ca83-4992-bad0-b7f510a386a5@group-F997DC6B75A8-LeaderElection28] INFO  server.RaftServerConfigKeys (ConfUtils.java:logGet(46)) - raft.server.rpc.request.timeout = 60s (custom)
2023-04-21 06:17:50,797 [b517b6f9-ca83-4992-bad0-b7f510a386a5@group-F997DC6B75A8-LeaderElection28] INFO  server.RaftServerConfigKeys (ConfUtils.java:logGet(46)) - raft.server.log.appender.install.snapshot.enabled = false (custom)
2023-04-21 06:17:50,797 [b517b6f9-ca83-4992-bad0-b7f510a386a5@group-F997DC6B75A8-LeaderElection28] INFO  grpc.GrpcConfigKeys (ConfUtils.java:logGet(46)) - raft.grpc.server.heartbeat.channel = true (default)
2023-04-21 06:17:50,797 [b517b6f9-ca83-4992-bad0-b7f510a386a5@group-F997DC6B75A8-LeaderElection28] INFO  server.RaftServerConfigKeys (ConfUtils.java:logGet(46)) - raft.server.log.appender.wait-time.min = 10ms (default)
2023-04-21 06:17:50,798 [b517b6f9-ca83-4992-bad0-b7f510a386a5@group-F997DC6B75A8-LeaderElection28] INFO  server.RaftServerConfigKeys (ConfUtils.java:logGet(46)) - raft.server.log.appender.snapshot.chunk.size.max = 16MB (=16777216) (default)
2023-04-21 06:17:50,798 [b517b6f9-ca83-4992-bad0-b7f510a386a5@group-F997DC6B75A8-LeaderElection28] INFO  server.RaftServerConfigKeys (ConfUtils.java:logGet(46)) - raft.server.log.appender.buffer.byte-limit = 33554432 (custom)
2023-04-21 06:17:50,798 [b517b6f9-ca83-4992-bad0-b7f510a386a5@group-F997DC6B75A8-LeaderElection28] INFO  server.RaftServerConfigKeys (ConfUtils.java:logGet(46)) - raft.server.log.appender.buffer.element-limit = 1 (custom)
2023-04-21 06:17:50,798 [b517b6f9-ca83-4992-bad0-b7f510a386a5@group-F997DC6B75A8-LeaderElection28] INFO  grpc.GrpcConfigKeys (ConfUtils.java:logGet(46)) - raft.grpc.server.leader.outstanding.appends.max = 128 (default)
2023-04-21 06:17:50,798 [b517b6f9-ca83-4992-bad0-b7f510a386a5@group-F997DC6B75A8-LeaderElection28] INFO  server.RaftServerConfigKeys (ConfUtils.java:logGet(46)) - raft.server.rpc.request.timeout = 60s (custom)
2023-04-21 06:17:50,798 [b517b6f9-ca83-4992-bad0-b7f510a386a5@group-F997DC6B75A8-LeaderElection28] INFO  server.RaftServerConfigKeys (ConfUtils.java:logGet(46)) - raft.server.log.appender.install.snapshot.enabled = false (custom)
2023-04-21 06:17:50,798 [b517b6f9-ca83-4992-bad0-b7f510a386a5@group-F997DC6B75A8-LeaderElection28] INFO  grpc.GrpcConfigKeys (ConfUtils.java:logGet(46)) - raft.grpc.server.heartbeat.channel = true (default)
2023-04-21 06:17:50,798 [b517b6f9-ca83-4992-bad0-b7f510a386a5@group-F997DC6B75A8-LeaderElection28] INFO  server.RaftServerConfigKeys (ConfUtils.java:logGet(46)) - raft.server.log.appender.wait-time.min = 10ms (default)
2023-04-21 06:17:50,798 [b517b6f9-ca83-4992-bad0-b7f510a386a5@group-F997DC6B75A8-LeaderElection28] INFO  impl.RoleInfo (RoleInfo.java:updateAndGet(139)) - b517b6f9-ca83-4992-bad0-b7f510a386a5: start b517b6f9-ca83-4992-bad0-b7f510a386a5@group-F997DC6B75A8-LeaderStateImpl
2023-04-21 06:17:50,798 [b517b6f9-ca83-4992-bad0-b7f510a386a5@group-F997DC6B75A8-LeaderElection28] INFO  segmented.SegmentedRaftLogWorker (SegmentedRaftLogWorker.java:startLogSegment(452)) - b517b6f9-ca83-4992-bad0-b7f510a386a5@group-F997DC6B75A8-SegmentedRaftLogWorker: Starting segment from index:0
2023-04-21 06:17:50,799 [b517b6f9-ca83-4992-bad0-b7f510a386a5@group-46B086B7E41A-FollowerState] INFO  server.RaftServerConfigKeys (ConfUtils.java:logFallback(53)) - raft.server.rpc.first-election.timeout.min = 5s (fallback to raft.server.rpc.timeout.min)
2023-04-21 06:17:50,799 [b517b6f9-ca83-4992-bad0-b7f510a386a5@group-46B086B7E41A-FollowerState] INFO  server.RaftServerConfigKeys (ConfUtils.java:logFallback(53)) - raft.server.rpc.first-election.timeout.max = 5200ms (fallback to raft.server.rpc.timeout.max)
2023-04-21 06:17:50,800 [grpc-default-executor-2] INFO  server.RaftServer$Division (RaftServerImpl.java:requestVote(1251)) - af01062f-3048-4ed4-9f14-cd7341189c22@group-46B086B7E41A replies to ELECTION vote request: 75ab3abc-5937-4b12-9491-8e152555f8b6<-af01062f-3048-4ed4-9f14-cd7341189c22#0:OK-t1. Peer's state: af01062f-3048-4ed4-9f14-cd7341189c22@group-46B086B7E41A:t1, leader=null, voted=75ab3abc-5937-4b12-9491-8e152555f8b6, raftlog=Memoized:af01062f-3048-4ed4-9f14-cd7341189c22@group-46B086B7E41A-SegmentedRaftLog:OPENED:c-1, conf=-1: peers:[b517b6f9-ca83-4992-bad0-b7f510a386a5|rpc:10.1.0.35:38971|dataStream:10.1.0.35:39461|priority:0|startupRole:FOLLOWER, af01062f-3048-4ed4-9f14-cd7341189c22|rpc:10.1.0.35:40473|dataStream:10.1.0.35:45409|priority:0|startupRole:FOLLOWER, 75ab3abc-5937-4b12-9491-8e152555f8b6|rpc:10.1.0.35:33467|dataStream:10.1.0.35:33031|priority:1|startupRole:FOLLOWER]|listeners:[], old=null
2023-04-21 06:17:50,800 [grpc-default-executor-0] INFO  server.RaftServer$Division (RaftServerImpl.java:requestVote(1251)) - b517b6f9-ca83-4992-bad0-b7f510a386a5@group-46B086B7E41A replies to ELECTION vote request: 75ab3abc-5937-4b12-9491-8e152555f8b6<-b517b6f9-ca83-4992-bad0-b7f510a386a5#0:OK-t1. Peer's state: b517b6f9-ca83-4992-bad0-b7f510a386a5@group-46B086B7E41A:t1, leader=null, voted=75ab3abc-5937-4b12-9491-8e152555f8b6, raftlog=Memoized:b517b6f9-ca83-4992-bad0-b7f510a386a5@group-46B086B7E41A-SegmentedRaftLog:OPENED:c-1, conf=-1: peers:[b517b6f9-ca83-4992-bad0-b7f510a386a5|rpc:10.1.0.35:38971|dataStream:10.1.0.35:39461|priority:0|startupRole:FOLLOWER, af01062f-3048-4ed4-9f14-cd7341189c22|rpc:10.1.0.35:40473|dataStream:10.1.0.35:45409|priority:0|startupRole:FOLLOWER, 75ab3abc-5937-4b12-9491-8e152555f8b6|rpc:10.1.0.35:33467|dataStream:10.1.0.35:33031|priority:1|startupRole:FOLLOWER]|listeners:[], old=null
2023-04-21 06:17:50,806 [b517b6f9-ca83-4992-bad0-b7f510a386a5@group-F997DC6B75A8-LeaderElection28] INFO  server.RaftServer$Division (ServerState.java:setRaftConf(430)) - b517b6f9-ca83-4992-bad0-b7f510a386a5@group-F997DC6B75A8: set configuration 0: peers:[b517b6f9-ca83-4992-bad0-b7f510a386a5|rpc:10.1.0.35:38971|dataStream:10.1.0.35:39461|priority:1|startupRole:FOLLOWER, af01062f-3048-4ed4-9f14-cd7341189c22|rpc:10.1.0.35:40473|dataStream:10.1.0.35:45409|priority:0|startupRole:FOLLOWER, 75ab3abc-5937-4b12-9491-8e152555f8b6|rpc:10.1.0.35:33467|dataStream:10.1.0.35:33031|priority:0|startupRole:FOLLOWER]|listeners:[], old=null
2023-04-21 06:17:50,808 [75ab3abc-5937-4b12-9491-8e152555f8b6@group-46B086B7E41A-LeaderElection29] INFO  impl.LeaderElection (LeaderElection.java:logAndReturn(90)) - 75ab3abc-5937-4b12-9491-8e152555f8b6@group-46B086B7E41A-LeaderElection29: ELECTION PASSED received 1 response(s) and 0 exception(s):
2023-04-21 06:17:50,808 [75ab3abc-5937-4b12-9491-8e152555f8b6@group-46B086B7E41A-LeaderElection29] INFO  impl.LeaderElection (LeaderElection.java:logAndReturn(94)) -   Response 0: 75ab3abc-5937-4b12-9491-8e152555f8b6<-af01062f-3048-4ed4-9f14-cd7341189c22#0:OK-t1
2023-04-21 06:17:50,808 [75ab3abc-5937-4b12-9491-8e152555f8b6@group-46B086B7E41A-LeaderElection29] INFO  impl.LeaderElection (LeaderElection.java:askForVotes(314)) - 75ab3abc-5937-4b12-9491-8e152555f8b6@group-46B086B7E41A-LeaderElection29 ELECTION round 0: result PASSED
2023-04-21 06:17:50,808 [75ab3abc-5937-4b12-9491-8e152555f8b6@group-46B086B7E41A-LeaderElection29] INFO  impl.RoleInfo (RoleInfo.java:shutdownLeaderElection(130)) - 75ab3abc-5937-4b12-9491-8e152555f8b6: shutdown 75ab3abc-5937-4b12-9491-8e152555f8b6@group-46B086B7E41A-LeaderElection29
2023-04-21 06:17:50,808 [75ab3abc-5937-4b12-9491-8e152555f8b6@group-46B086B7E41A-LeaderElection29] INFO  server.RaftServer$Division (RaftServerImpl.java:setRole(321)) - 75ab3abc-5937-4b12-9491-8e152555f8b6@group-46B086B7E41A: changes role from CANDIDATE to LEADER at term 1 for changeToLeader
2023-04-21 06:17:50,808 [75ab3abc-5937-4b12-9491-8e152555f8b6@group-46B086B7E41A-LeaderElection29] INFO  ratis.XceiverServerRatis (XceiverServerRatis.java:handleLeaderChangedNotification(904)) - Leader change notification received for group: group-46B086B7E41A with new leaderId: 75ab3abc-5937-4b12-9491-8e152555f8b6
2023-04-21 06:17:50,808 [75ab3abc-5937-4b12-9491-8e152555f8b6@group-46B086B7E41A-LeaderElection29] INFO  server.RaftServer$Division (ServerState.java:setLeader(313)) - 75ab3abc-5937-4b12-9491-8e152555f8b6@group-46B086B7E41A: change Leader from null to 75ab3abc-5937-4b12-9491-8e152555f8b6 at term 1 for becomeLeader, leader elected after 5213ms
2023-04-21 06:17:50,808 [75ab3abc-5937-4b12-9491-8e152555f8b6@group-46B086B7E41A-LeaderElection29] INFO  server.RaftServerConfigKeys (ConfUtils.java:logGet(46)) - raft.server.staging.catchup.gap = 1000 (default)
2023-04-21 06:17:50,809 [75ab3abc-5937-4b12-9491-8e152555f8b6@group-46B086B7E41A-LeaderElection29] INFO  server.RaftServerConfigKeys (ConfUtils.java:logGet(46)) - raft.server.write.element-limit = 1024 (custom)
2023-04-21 06:17:50,809 [75ab3abc-5937-4b12-9491-8e152555f8b6@group-46B086B7E41A-LeaderElection29] INFO  server.RaftServerConfigKeys (ConfUtils.java:logGet(46)) - raft.server.write.byte-limit = 1024 M (=1073741824) (custom)
2023-04-21 06:17:50,809 [75ab3abc-5937-4b12-9491-8e152555f8b6@group-46B086B7E41A-LeaderElection29] INFO  server.RaftServerConfigKeys (ConfUtils.java:logGet(46)) - raft.server.watch.timeout = 180s (custom)
2023-04-21 06:17:50,809 [75ab3abc-5937-4b12-9491-8e152555f8b6@group-46B086B7E41A-LeaderElection29] INFO  server.RaftServerConfigKeys (ConfUtils.java:logGet(46)) - raft.server.watch.timeout.denomination = 1s (default)
2023-04-21 06:17:50,809 [75ab3abc-5937-4b12-9491-8e152555f8b6@group-46B086B7E41A-LeaderElection29] INFO  server.RaftServerConfigKeys (ConfUtils.java:logGet(46)) - raft.server.watch.element-limit = 65536 (default)
2023-04-21 06:17:50,809 [75ab3abc-5937-4b12-9491-8e152555f8b6@group-46B086B7E41A-LeaderElection29] INFO  server.RaftServerConfigKeys (ConfUtils.java:logGet(46)) - raft.server.write.element-limit = 1024 (custom)
2023-04-21 06:17:50,809 [75ab3abc-5937-4b12-9491-8e152555f8b6@group-46B086B7E41A-LeaderElection29] INFO  server.RaftServerConfigKeys (ConfUtils.java:logGet(46)) - raft.server.write.follower.gap.ratio.max = -1.0 (default)
2023-04-21 06:17:50,809 [75ab3abc-5937-4b12-9491-8e152555f8b6@group-46B086B7E41A-LeaderElection29] INFO  server.RaftServerConfigKeys (ConfUtils.java:logGet(46)) - raft.server.log.appender.snapshot.chunk.size.max = 16MB (=16777216) (default)
2023-04-21 06:17:50,809 [75ab3abc-5937-4b12-9491-8e152555f8b6@group-46B086B7E41A-LeaderElection29] INFO  server.RaftServerConfigKeys (ConfUtils.java:logGet(46)) - raft.server.log.appender.buffer.byte-limit = 33554432 (custom)
2023-04-21 06:17:50,809 [75ab3abc-5937-4b12-9491-8e152555f8b6@group-46B086B7E41A-LeaderElection29] INFO  server.RaftServerConfigKeys (ConfUtils.java:logGet(46)) - raft.server.log.appender.buffer.element-limit = 1 (custom)
2023-04-21 06:17:50,809 [75ab3abc-5937-4b12-9491-8e152555f8b6@group-46B086B7E41A-LeaderElection29] INFO  grpc.GrpcConfigKeys (ConfUtils.java:logGet(46)) - raft.grpc.server.leader.outstanding.appends.max = 128 (default)
2023-04-21 06:17:50,812 [75ab3abc-5937-4b12-9491-8e152555f8b6@group-46B086B7E41A-LeaderElection29] INFO  server.RaftServerConfigKeys (ConfUtils.java:logGet(46)) - raft.server.rpc.request.timeout = 60s (custom)
2023-04-21 06:17:50,812 [75ab3abc-5937-4b12-9491-8e152555f8b6@group-46B086B7E41A-LeaderElection29] INFO  server.RaftServerConfigKeys (ConfUtils.java:logGet(46)) - raft.server.log.appender.install.snapshot.enabled = false (custom)
2023-04-21 06:17:50,812 [75ab3abc-5937-4b12-9491-8e152555f8b6@group-46B086B7E41A-LeaderElection29] INFO  grpc.GrpcConfigKeys (ConfUtils.java:logGet(46)) - raft.grpc.server.heartbeat.channel = true (default)
2023-04-21 06:17:50,812 [75ab3abc-5937-4b12-9491-8e152555f8b6@group-46B086B7E41A-LeaderElection29] INFO  server.RaftServerConfigKeys (ConfUtils.java:logGet(46)) - raft.server.log.appender.wait-time.min = 10ms (default)
2023-04-21 06:17:50,812 [75ab3abc-5937-4b12-9491-8e152555f8b6@group-46B086B7E41A-LeaderElection29] INFO  server.RaftServerConfigKeys (ConfUtils.java:logGet(46)) - raft.server.log.appender.snapshot.chunk.size.max = 16MB (=16777216) (default)
2023-04-21 06:17:50,812 [75ab3abc-5937-4b12-9491-8e152555f8b6@group-46B086B7E41A-LeaderElection29] INFO  server.RaftServerConfigKeys (ConfUtils.java:logGet(46)) - raft.server.log.appender.buffer.byte-limit = 33554432 (custom)
2023-04-21 06:17:50,813 [75ab3abc-5937-4b12-9491-8e152555f8b6@group-46B086B7E41A-LeaderElection29] INFO  server.RaftServerConfigKeys (ConfUtils.java:logGet(46)) - raft.server.log.appender.buffer.element-limit = 1 (custom)
2023-04-21 06:17:50,813 [75ab3abc-5937-4b12-9491-8e152555f8b6@group-46B086B7E41A-LeaderElection29] INFO  grpc.GrpcConfigKeys (ConfUtils.java:logGet(46)) - raft.grpc.server.leader.outstanding.appends.max = 128 (default)
2023-04-21 06:17:50,813 [75ab3abc-5937-4b12-9491-8e152555f8b6@group-46B086B7E41A-LeaderElection29] INFO  server.RaftServerConfigKeys (ConfUtils.java:logGet(46)) - raft.server.rpc.request.timeout = 60s (custom)
2023-04-21 06:17:50,813 [75ab3abc-5937-4b12-9491-8e152555f8b6@group-46B086B7E41A-LeaderElection29] INFO  server.RaftServerConfigKeys (ConfUtils.java:logGet(46)) - raft.server.log.appender.install.snapshot.enabled = false (custom)
2023-04-21 06:17:50,811 [b517b6f9-ca83-4992-bad0-b7f510a386a5@group-F997DC6B75A8-SegmentedRaftLogWorker] INFO  segmented.SegmentedRaftLogWorker (SegmentedRaftLogWorker.java:execute(656)) - b517b6f9-ca83-4992-bad0-b7f510a386a5@group-F997DC6B75A8-SegmentedRaftLogWorker: created new log segment /home/runner/work/ozone/ozone/hadoop-ozone/integration-test/target/test-dir/MiniOzoneClusterImpl-83d87173-15eb-40d9-9fb5-e31a77cfd1f5/datanode-2/data/ratis/2a9470b5-06aa-48d6-a6c2-f997dc6b75a8/current/log_inprogress_0
2023-04-21 06:17:50,813 [EventQueue-PipelineReportForPipelineReportHandler] INFO  pipeline.PipelineManagerImpl (PipelineManagerImpl.java:openPipeline(367)) - Pipeline Pipeline[ Id: 9f182ab3-7013-44cd-8978-46b086b7e41a, Nodes: af01062f-3048-4ed4-9f14-cd7341189c22(fv-az205-422/10.1.0.35)b517b6f9-ca83-4992-bad0-b7f510a386a5(fv-az205-422/10.1.0.35)75ab3abc-5937-4b12-9491-8e152555f8b6(fv-az205-422/10.1.0.35), ReplicationConfig: RATIS/THREE, State:ALLOCATED, leaderId:75ab3abc-5937-4b12-9491-8e152555f8b6, CreationTimestamp2023-04-21T06:17:43.166Z[Etc/UTC]] moved to OPEN state
2023-04-21 06:17:50,814 [75ab3abc-5937-4b12-9491-8e152555f8b6@group-46B086B7E41A-LeaderElection29] INFO  grpc.GrpcConfigKeys (ConfUtils.java:logGet(46)) - raft.grpc.server.heartbeat.channel = true (default)
2023-04-21 06:17:50,814 [75ab3abc-5937-4b12-9491-8e152555f8b6@group-46B086B7E41A-LeaderElection29] INFO  server.RaftServerConfigKeys (ConfUtils.java:logGet(46)) - raft.server.log.appender.wait-time.min = 10ms (default)
2023-04-21 06:17:50,815 [75ab3abc-5937-4b12-9491-8e152555f8b6@group-46B086B7E41A-LeaderElection29] INFO  impl.RoleInfo (RoleInfo.java:updateAndGet(139)) - 75ab3abc-5937-4b12-9491-8e152555f8b6: start 75ab3abc-5937-4b12-9491-8e152555f8b6@group-46B086B7E41A-LeaderStateImpl
2023-04-21 06:17:50,815 [75ab3abc-5937-4b12-9491-8e152555f8b6@group-46B086B7E41A-LeaderElection29] INFO  segmented.SegmentedRaftLogWorker (SegmentedRaftLogWorker.java:startLogSegment(452)) - 75ab3abc-5937-4b12-9491-8e152555f8b6@group-46B086B7E41A-SegmentedRaftLogWorker: Starting segment from index:0
2023-04-21 06:17:50,824 [af01062f-3048-4ed4-9f14-cd7341189c22-server-thread1] INFO  ratis.XceiverServerRatis (XceiverServerRatis.java:handleLeaderChangedNotification(904)) - Leader change notification received for group: group-F997DC6B75A8 with new leaderId: b517b6f9-ca83-4992-bad0-b7f510a386a5
2023-04-21 06:17:50,825 [af01062f-3048-4ed4-9f14-cd7341189c22-server-thread1] INFO  server.RaftServer$Division (ServerState.java:setLeader(313)) - af01062f-3048-4ed4-9f14-cd7341189c22@group-F997DC6B75A8: change Leader from null to b517b6f9-ca83-4992-bad0-b7f510a386a5 at term 1 for appendEntries, leader elected after 5199ms
2023-04-21 06:17:50,825 [75ab3abc-5937-4b12-9491-8e152555f8b6@group-46B086B7E41A-SegmentedRaftLogWorker] INFO  segmented.SegmentedRaftLogWorker (SegmentedRaftLogWorker.java:execute(656)) - 75ab3abc-5937-4b12-9491-8e152555f8b6@group-46B086B7E41A-SegmentedRaftLogWorker: created new log segment /home/runner/work/ozone/ozone/hadoop-ozone/integration-test/target/test-dir/MiniOzoneClusterImpl-83d87173-15eb-40d9-9fb5-e31a77cfd1f5/datanode-1/data/ratis/9f182ab3-7013-44cd-8978-46b086b7e41a/current/log_inprogress_0
2023-04-21 06:17:50,827 [75ab3abc-5937-4b12-9491-8e152555f8b6@group-46B086B7E41A-LeaderElection29] INFO  server.RaftServer$Division (ServerState.java:setRaftConf(430)) - 75ab3abc-5937-4b12-9491-8e152555f8b6@group-46B086B7E41A: set configuration 0: peers:[b517b6f9-ca83-4992-bad0-b7f510a386a5|rpc:10.1.0.35:38971|dataStream:10.1.0.35:39461|priority:0|startupRole:FOLLOWER, af01062f-3048-4ed4-9f14-cd7341189c22|rpc:10.1.0.35:40473|dataStream:10.1.0.35:45409|priority:0|startupRole:FOLLOWER, 75ab3abc-5937-4b12-9491-8e152555f8b6|rpc:10.1.0.35:33467|dataStream:10.1.0.35:33031|priority:1|startupRole:FOLLOWER]|listeners:[], old=null
2023-04-21 06:17:50,842 [af01062f-3048-4ed4-9f14-cd7341189c22-server-thread2] INFO  server.RaftServer$Division (ServerState.java:setRaftConf(430)) - af01062f-3048-4ed4-9f14-cd7341189c22@group-F997DC6B75A8: set configuration 0: peers:[b517b6f9-ca83-4992-bad0-b7f510a386a5|rpc:10.1.0.35:38971|dataStream:10.1.0.35:39461|priority:1|startupRole:FOLLOWER, af01062f-3048-4ed4-9f14-cd7341189c22|rpc:10.1.0.35:40473|dataStream:10.1.0.35:45409|priority:0|startupRole:FOLLOWER, 75ab3abc-5937-4b12-9491-8e152555f8b6|rpc:10.1.0.35:33467|dataStream:10.1.0.35:33031|priority:0|startupRole:FOLLOWER]|listeners:[], old=null
2023-04-21 06:17:50,842 [af01062f-3048-4ed4-9f14-cd7341189c22-server-thread2] INFO  segmented.SegmentedRaftLogWorker (SegmentedRaftLogWorker.java:startLogSegment(452)) - af01062f-3048-4ed4-9f14-cd7341189c22@group-F997DC6B75A8-SegmentedRaftLogWorker: Starting segment from index:0
2023-04-21 06:17:50,842 [b517b6f9-ca83-4992-bad0-b7f510a386a5-server-thread1] INFO  ratis.XceiverServerRatis (XceiverServerRatis.java:handleLeaderChangedNotification(904)) - Leader change notification received for group: group-46B086B7E41A with new leaderId: 75ab3abc-5937-4b12-9491-8e152555f8b6
2023-04-21 06:17:50,842 [b517b6f9-ca83-4992-bad0-b7f510a386a5-server-thread1] INFO  server.RaftServer$Division (ServerState.java:setLeader(313)) - b517b6f9-ca83-4992-bad0-b7f510a386a5@group-46B086B7E41A: change Leader from null to 75ab3abc-5937-4b12-9491-8e152555f8b6 at term 1 for appendEntries, leader elected after 5293ms
2023-04-21 06:17:50,843 [b517b6f9-ca83-4992-bad0-b7f510a386a5-server-thread1] INFO  server.RaftServer$Division (ServerState.java:setRaftConf(430)) - b517b6f9-ca83-4992-bad0-b7f510a386a5@group-46B086B7E41A: set configuration 0: peers:[b517b6f9-ca83-4992-bad0-b7f510a386a5|rpc:10.1.0.35:38971|dataStream:10.1.0.35:39461|priority:0|startupRole:FOLLOWER, af01062f-3048-4ed4-9f14-cd7341189c22|rpc:10.1.0.35:40473|dataStream:10.1.0.35:45409|priority:0|startupRole:FOLLOWER, 75ab3abc-5937-4b12-9491-8e152555f8b6|rpc:10.1.0.35:33467|dataStream:10.1.0.35:33031|priority:1|startupRole:FOLLOWER]|listeners:[], old=null
2023-04-21 06:17:50,843 [b517b6f9-ca83-4992-bad0-b7f510a386a5-server-thread1] INFO  segmented.SegmentedRaftLogWorker (SegmentedRaftLogWorker.java:startLogSegment(452)) - b517b6f9-ca83-4992-bad0-b7f510a386a5@group-46B086B7E41A-SegmentedRaftLogWorker: Starting segment from index:0
2023-04-21 06:17:50,843 [af01062f-3048-4ed4-9f14-cd7341189c22@group-F997DC6B75A8-SegmentedRaftLogWorker] INFO  segmented.SegmentedRaftLogWorker (SegmentedRaftLogWorker.java:execute(656)) - af01062f-3048-4ed4-9f14-cd7341189c22@group-F997DC6B75A8-SegmentedRaftLogWorker: created new log segment /home/runner/work/ozone/ozone/hadoop-ozone/integration-test/target/test-dir/MiniOzoneClusterImpl-83d87173-15eb-40d9-9fb5-e31a77cfd1f5/datanode-0/data/ratis/2a9470b5-06aa-48d6-a6c2-f997dc6b75a8/current/log_inprogress_0
2023-04-21 06:17:50,844 [af01062f-3048-4ed4-9f14-cd7341189c22-server-thread1] INFO  ratis.XceiverServerRatis (XceiverServerRatis.java:handleLeaderChangedNotification(904)) - Leader change notification received for group: group-46B086B7E41A with new leaderId: 75ab3abc-5937-4b12-9491-8e152555f8b6
2023-04-21 06:17:50,844 [af01062f-3048-4ed4-9f14-cd7341189c22-server-thread1] INFO  server.RaftServer$Division (ServerState.java:setLeader(313)) - af01062f-3048-4ed4-9f14-cd7341189c22@group-46B086B7E41A: change Leader from null to 75ab3abc-5937-4b12-9491-8e152555f8b6 at term 1 for appendEntries, leader elected after 5339ms
2023-04-21 06:17:50,845 [b517b6f9-ca83-4992-bad0-b7f510a386a5@group-46B086B7E41A-SegmentedRaftLogWorker] INFO  segmented.SegmentedRaftLogWorker (SegmentedRaftLogWorker.java:execute(656)) - b517b6f9-ca83-4992-bad0-b7f510a386a5@group-46B086B7E41A-SegmentedRaftLogWorker: created new log segment /home/runner/work/ozone/ozone/hadoop-ozone/integration-test/target/test-dir/MiniOzoneClusterImpl-83d87173-15eb-40d9-9fb5-e31a77cfd1f5/datanode-2/data/ratis/9f182ab3-7013-44cd-8978-46b086b7e41a/current/log_inprogress_0
2023-04-21 06:17:50,846 [af01062f-3048-4ed4-9f14-cd7341189c22-server-thread1] INFO  server.RaftServer$Division (ServerState.java:setRaftConf(430)) - af01062f-3048-4ed4-9f14-cd7341189c22@group-46B086B7E41A: set configuration 0: peers:[b517b6f9-ca83-4992-bad0-b7f510a386a5|rpc:10.1.0.35:38971|dataStream:10.1.0.35:39461|priority:0|startupRole:FOLLOWER, af01062f-3048-4ed4-9f14-cd7341189c22|rpc:10.1.0.35:40473|dataStream:10.1.0.35:45409|priority:0|startupRole:FOLLOWER, 75ab3abc-5937-4b12-9491-8e152555f8b6|rpc:10.1.0.35:33467|dataStream:10.1.0.35:33031|priority:1|startupRole:FOLLOWER]|listeners:[], old=null
2023-04-21 06:17:50,847 [af01062f-3048-4ed4-9f14-cd7341189c22-server-thread1] INFO  segmented.SegmentedRaftLogWorker (SegmentedRaftLogWorker.java:startLogSegment(452)) - af01062f-3048-4ed4-9f14-cd7341189c22@group-46B086B7E41A-SegmentedRaftLogWorker: Starting segment from index:0
2023-04-21 06:17:50,859 [75ab3abc-5937-4b12-9491-8e152555f8b6-server-thread1] INFO  ratis.XceiverServerRatis (XceiverServerRatis.java:handleLeaderChangedNotification(904)) - Leader change notification received for group: group-F997DC6B75A8 with new leaderId: b517b6f9-ca83-4992-bad0-b7f510a386a5
2023-04-21 06:17:50,859 [75ab3abc-5937-4b12-9491-8e152555f8b6-server-thread1] INFO  server.RaftServer$Division (ServerState.java:setLeader(313)) - 75ab3abc-5937-4b12-9491-8e152555f8b6@group-F997DC6B75A8: change Leader from null to b517b6f9-ca83-4992-bad0-b7f510a386a5 at term 1 for appendEntries, leader elected after 5201ms
2023-04-21 06:17:50,869 [75ab3abc-5937-4b12-9491-8e152555f8b6-server-thread1] INFO  server.RaftServer$Division (ServerState.java:setRaftConf(430)) - 75ab3abc-5937-4b12-9491-8e152555f8b6@group-F997DC6B75A8: set configuration 0: peers:[b517b6f9-ca83-4992-bad0-b7f510a386a5|rpc:10.1.0.35:38971|dataStream:10.1.0.35:39461|priority:1|startupRole:FOLLOWER, af01062f-3048-4ed4-9f14-cd7341189c22|rpc:10.1.0.35:40473|dataStream:10.1.0.35:45409|priority:0|startupRole:FOLLOWER, 75ab3abc-5937-4b12-9491-8e152555f8b6|rpc:10.1.0.35:33467|dataStream:10.1.0.35:33031|priority:0|startupRole:FOLLOWER]|listeners:[], old=null
2023-04-21 06:17:50,869 [75ab3abc-5937-4b12-9491-8e152555f8b6-server-thread1] INFO  segmented.SegmentedRaftLogWorker (SegmentedRaftLogWorker.java:startLogSegment(452)) - 75ab3abc-5937-4b12-9491-8e152555f8b6@group-F997DC6B75A8-SegmentedRaftLogWorker: Starting segment from index:0
2023-04-21 06:17:50,871 [af01062f-3048-4ed4-9f14-cd7341189c22@group-46B086B7E41A-SegmentedRaftLogWorker] INFO  segmented.SegmentedRaftLogWorker (SegmentedRaftLogWorker.java:execute(656)) - af01062f-3048-4ed4-9f14-cd7341189c22@group-46B086B7E41A-SegmentedRaftLogWorker: created new log segment /home/runner/work/ozone/ozone/hadoop-ozone/integration-test/target/test-dir/MiniOzoneClusterImpl-83d87173-15eb-40d9-9fb5-e31a77cfd1f5/datanode-0/data/ratis/9f182ab3-7013-44cd-8978-46b086b7e41a/current/log_inprogress_0
2023-04-21 06:17:50,877 [75ab3abc-5937-4b12-9491-8e152555f8b6@group-F997DC6B75A8-SegmentedRaftLogWorker] INFO  segmented.SegmentedRaftLogWorker (SegmentedRaftLogWorker.java:execute(656)) - 75ab3abc-5937-4b12-9491-8e152555f8b6@group-F997DC6B75A8-SegmentedRaftLogWorker: created new log segment /home/runner/work/ozone/ozone/hadoop-ozone/integration-test/target/test-dir/MiniOzoneClusterImpl-83d87173-15eb-40d9-9fb5-e31a77cfd1f5/datanode-1/data/ratis/2a9470b5-06aa-48d6-a6c2-f997dc6b75a8/current/log_inprogress_0
2023-04-21 06:17:50,947 [75ab3abc-5937-4b12-9491-8e152555f8b6@group-78161F8D5E6F-FollowerState] INFO  impl.FollowerState (FollowerState.java:run(143)) - 75ab3abc-5937-4b12-9491-8e152555f8b6@group-78161F8D5E6F-FollowerState: change to CANDIDATE, lastRpcElapsedTime:5093686821ns, electionTimeout:5093ms
2023-04-21 06:17:50,947 [75ab3abc-5937-4b12-9491-8e152555f8b6@group-78161F8D5E6F-FollowerState] INFO  impl.RoleInfo (RoleInfo.java:shutdownFollowerState(110)) - 75ab3abc-5937-4b12-9491-8e152555f8b6: shutdown 75ab3abc-5937-4b12-9491-8e152555f8b6@group-78161F8D5E6F-FollowerState
2023-04-21 06:17:50,947 [75ab3abc-5937-4b12-9491-8e152555f8b6@group-78161F8D5E6F-FollowerState] INFO  server.RaftServer$Division (RaftServerImpl.java:setRole(321)) - 75ab3abc-5937-4b12-9491-8e152555f8b6@group-78161F8D5E6F: changes role from  FOLLOWER to CANDIDATE at term 0 for changeToCandidate
2023-04-21 06:17:50,947 [75ab3abc-5937-4b12-9491-8e152555f8b6@group-78161F8D5E6F-FollowerState] INFO  server.RaftServerConfigKeys (ConfUtils.java:logGet(46)) - raft.server.leaderelection.pre-vote = true (default)
2023-04-21 06:17:50,947 [75ab3abc-5937-4b12-9491-8e152555f8b6@group-78161F8D5E6F-FollowerState] INFO  impl.RoleInfo (RoleInfo.java:updateAndGet(139)) - 75ab3abc-5937-4b12-9491-8e152555f8b6: start 75ab3abc-5937-4b12-9491-8e152555f8b6@group-78161F8D5E6F-LeaderElection30
2023-04-21 06:17:50,949 [75ab3abc-5937-4b12-9491-8e152555f8b6@group-78161F8D5E6F-LeaderElection30] INFO  impl.LeaderElection (LeaderElection.java:askForVotes(312)) - 75ab3abc-5937-4b12-9491-8e152555f8b6@group-78161F8D5E6F-LeaderElection30 PRE_VOTE round 0: submit vote requests at term 0 for -1: peers:[75ab3abc-5937-4b12-9491-8e152555f8b6|rpc:10.1.0.35:33467|dataStream:10.1.0.35:33031|priority:1|startupRole:FOLLOWER]|listeners:[], old=null
2023-04-21 06:17:50,949 [75ab3abc-5937-4b12-9491-8e152555f8b6@group-78161F8D5E6F-LeaderElection30] INFO  impl.LeaderElection (LeaderElection.java:askForVotes(314)) - 75ab3abc-5937-4b12-9491-8e152555f8b6@group-78161F8D5E6F-LeaderElection30 PRE_VOTE round 0: result PASSED (term=0)
2023-04-21 06:17:50,951 [75ab3abc-5937-4b12-9491-8e152555f8b6@group-78161F8D5E6F-LeaderElection30] INFO  impl.LeaderElection (LeaderElection.java:askForVotes(312)) - 75ab3abc-5937-4b12-9491-8e152555f8b6@group-78161F8D5E6F-LeaderElection30 ELECTION round 0: submit vote requests at term 1 for -1: peers:[75ab3abc-5937-4b12-9491-8e152555f8b6|rpc:10.1.0.35:33467|dataStream:10.1.0.35:33031|priority:1|startupRole:FOLLOWER]|listeners:[], old=null
2023-04-21 06:17:50,952 [75ab3abc-5937-4b12-9491-8e152555f8b6@group-78161F8D5E6F-LeaderElection30] INFO  impl.LeaderElection (LeaderElection.java:askForVotes(314)) - 75ab3abc-5937-4b12-9491-8e152555f8b6@group-78161F8D5E6F-LeaderElection30 ELECTION round 0: result PASSED (term=1)
2023-04-21 06:17:50,952 [75ab3abc-5937-4b12-9491-8e152555f8b6@group-78161F8D5E6F-LeaderElection30] INFO  impl.RoleInfo (RoleInfo.java:shutdownLeaderElection(130)) - 75ab3abc-5937-4b12-9491-8e152555f8b6: shutdown 75ab3abc-5937-4b12-9491-8e152555f8b6@group-78161F8D5E6F-LeaderElection30
2023-04-21 06:17:50,952 [75ab3abc-5937-4b12-9491-8e152555f8b6@group-78161F8D5E6F-LeaderElection30] INFO  server.RaftServer$Division (RaftServerImpl.java:setRole(321)) - 75ab3abc-5937-4b12-9491-8e152555f8b6@group-78161F8D5E6F: changes role from CANDIDATE to LEADER at term 1 for changeToLeader
2023-04-21 06:17:50,952 [75ab3abc-5937-4b12-9491-8e152555f8b6@group-78161F8D5E6F-LeaderElection30] INFO  ratis.XceiverServerRatis (XceiverServerRatis.java:handleLeaderChangedNotification(904)) - Leader change notification received for group: group-78161F8D5E6F with new leaderId: 75ab3abc-5937-4b12-9491-8e152555f8b6
2023-04-21 06:17:50,952 [75ab3abc-5937-4b12-9491-8e152555f8b6@group-78161F8D5E6F-LeaderElection30] INFO  server.RaftServer$Division (ServerState.java:setLeader(313)) - 75ab3abc-5937-4b12-9491-8e152555f8b6@group-78161F8D5E6F: change Leader from null to 75ab3abc-5937-4b12-9491-8e152555f8b6 at term 1 for becomeLeader, leader elected after 5115ms
2023-04-21 06:17:50,952 [75ab3abc-5937-4b12-9491-8e152555f8b6@group-78161F8D5E6F-LeaderElection30] INFO  server.RaftServerConfigKeys (ConfUtils.java:logGet(46)) - raft.server.staging.catchup.gap = 1000 (default)
2023-04-21 06:17:50,952 [75ab3abc-5937-4b12-9491-8e152555f8b6@group-78161F8D5E6F-LeaderElection30] INFO  server.RaftServerConfigKeys (ConfUtils.java:logGet(46)) - raft.server.write.element-limit = 1024 (custom)
2023-04-21 06:17:50,952 [75ab3abc-5937-4b12-9491-8e152555f8b6@group-78161F8D5E6F-LeaderElection30] INFO  server.RaftServerConfigKeys (ConfUtils.java:logGet(46)) - raft.server.write.byte-limit = 1024 M (=1073741824) (custom)
2023-04-21 06:17:50,953 [75ab3abc-5937-4b12-9491-8e152555f8b6@group-78161F8D5E6F-LeaderElection30] INFO  server.RaftServerConfigKeys (ConfUtils.java:logGet(46)) - raft.server.watch.timeout = 180s (custom)
2023-04-21 06:17:50,953 [75ab3abc-5937-4b12-9491-8e152555f8b6@group-78161F8D5E6F-LeaderElection30] INFO  server.RaftServerConfigKeys (ConfUtils.java:logGet(46)) - raft.server.watch.timeout.denomination = 1s (default)
2023-04-21 06:17:50,953 [75ab3abc-5937-4b12-9491-8e152555f8b6@group-78161F8D5E6F-LeaderElection30] INFO  server.RaftServerConfigKeys (ConfUtils.java:logGet(46)) - raft.server.watch.element-limit = 65536 (default)
2023-04-21 06:17:50,953 [75ab3abc-5937-4b12-9491-8e152555f8b6@group-78161F8D5E6F-LeaderElection30] INFO  server.RaftServerConfigKeys (ConfUtils.java:logGet(46)) - raft.server.write.element-limit = 1024 (custom)
2023-04-21 06:17:50,953 [75ab3abc-5937-4b12-9491-8e152555f8b6@group-78161F8D5E6F-LeaderElection30] INFO  server.RaftServerConfigKeys (ConfUtils.java:logGet(46)) - raft.server.write.follower.gap.ratio.max = -1.0 (default)
2023-04-21 06:17:50,953 [75ab3abc-5937-4b12-9491-8e152555f8b6@group-78161F8D5E6F-LeaderElection30] INFO  impl.RoleInfo (RoleInfo.java:updateAndGet(139)) - 75ab3abc-5937-4b12-9491-8e152555f8b6: start 75ab3abc-5937-4b12-9491-8e152555f8b6@group-78161F8D5E6F-LeaderStateImpl
2023-04-21 06:17:50,954 [75ab3abc-5937-4b12-9491-8e152555f8b6@group-78161F8D5E6F-LeaderElection30] INFO  segmented.SegmentedRaftLogWorker (SegmentedRaftLogWorker.java:startLogSegment(452)) - 75ab3abc-5937-4b12-9491-8e152555f8b6@group-78161F8D5E6F-SegmentedRaftLogWorker: Starting segment from index:0
2023-04-21 06:17:50,955 [75ab3abc-5937-4b12-9491-8e152555f8b6@group-78161F8D5E6F-SegmentedRaftLogWorker] INFO  segmented.SegmentedRaftLogWorker (SegmentedRaftLogWorker.java:execute(656)) - 75ab3abc-5937-4b12-9491-8e152555f8b6@group-78161F8D5E6F-SegmentedRaftLogWorker: created new log segment /home/runner/work/ozone/ozone/hadoop-ozone/integration-test/target/test-dir/MiniOzoneClusterImpl-83d87173-15eb-40d9-9fb5-e31a77cfd1f5/datanode-1/data/ratis/9788f688-7ead-4aef-a34b-78161f8d5e6f/current/log_inprogress_0
2023-04-21 06:17:50,961 [75ab3abc-5937-4b12-9491-8e152555f8b6@group-78161F8D5E6F-LeaderElection30] INFO  server.RaftServer$Division (ServerState.java:setRaftConf(430)) - 75ab3abc-5937-4b12-9491-8e152555f8b6@group-78161F8D5E6F: set configuration 0: peers:[75ab3abc-5937-4b12-9491-8e152555f8b6|rpc:10.1.0.35:33467|dataStream:10.1.0.35:33031|priority:1|startupRole:FOLLOWER]|listeners:[], old=null
2023-04-21 06:17:51,163 [Listener at 127.0.0.1/44977] INFO  ozone.MiniOzoneClusterImpl (MiniOzoneClusterImpl.java:lambda$waitForClusterToBeReady$0(223)) - Nodes are ready. Got 3 of 3 DN Heartbeats.
2023-04-21 06:17:51,163 [Listener at 127.0.0.1/44977] INFO  ozone.MiniOzoneClusterImpl (MiniOzoneClusterImpl.java:lambda$waitForClusterToBeReady$0(226)) - Cluster exits safe mode
2023-04-21 06:17:51,163 [Listener at 127.0.0.1/44977] INFO  ozone.MiniOzoneClusterImpl (MiniOzoneClusterImpl.java:lambda$waitForClusterToBeReady$0(228)) - SCM became leader
06:17:51.164 [Listener at 127.0.0.1/44977] ERROR SCMAudit - user=null | ip=null | op=DELETE_CONTAINER {remoteUser=unknownUser, containerID=1682057871164} | ret=FAILURE
org.apache.hadoop.security.AccessControlException: Access denied for user unknownUser. SCM superuser privilege is required.
	at org.apache.hadoop.hdds.scm.server.StorageContainerManager.checkAdminAccess(StorageContainerManager.java:1861) ~[hdds-server-scm-1.4.0-SNAPSHOT.jar:?]
	at org.apache.hadoop.hdds.scm.server.SCMClientProtocolServer.deleteContainer(SCMClientProtocolServer.java:585) [hdds-server-scm-1.4.0-SNAPSHOT.jar:?]
	at sun.reflect.NativeMethodAccessorImpl.invoke0(Native Method) ~[?:1.8.0_362]
	at sun.reflect.NativeMethodAccessorImpl.invoke(NativeMethodAccessorImpl.java:62) ~[?:1.8.0_362]
	at sun.reflect.DelegatingMethodAccessorImpl.invoke(DelegatingMethodAccessorImpl.java:43) ~[?:1.8.0_362]
	at java.lang.reflect.Method.invoke(Method.java:498) ~[?:1.8.0_362]
	at org.mockito.internal.creation.bytebuddy.MockMethodAdvice.tryInvoke(MockMethodAdvice.java:212) [mockito-core-2.28.2.jar:?]
	at org.mockito.internal.creation.bytebuddy.MockMethodAdvice.access$400(MockMethodAdvice.java:34) [mockito-core-2.28.2.jar:?]
	at org.mockito.internal.creation.bytebuddy.MockMethodAdvice$RealMethodCall.invoke(MockMethodAdvice.java:164) [mockito-core-2.28.2.jar:?]
	at org.mockito.internal.invocation.InterceptedInvocation.callRealMethod(InterceptedInvocation.java:152) [mockito-core-2.28.2.jar:?]
	at org.mockito.internal.stubbing.answers.CallsRealMethods.answer(CallsRealMethods.java:43) [mockito-core-2.28.2.jar:?]
	at org.mockito.Answers.answer(Answers.java:100) [mockito-core-2.28.2.jar:?]
	at org.mockito.internal.handler.MockHandlerImpl.handle(MockHandlerImpl.java:103) [mockito-core-2.28.2.jar:?]
	at org.mockito.internal.handler.NullResultGuardian.handle(NullResultGuardian.java:29) [mockito-core-2.28.2.jar:?]
	at org.mockito.internal.handler.InvocationNotifierHandler.handle(InvocationNotifierHandler.java:35) [mockito-core-2.28.2.jar:?]
	at org.mockito.internal.creation.bytebuddy.MockMethodInterceptor.doIntercept(MockMethodInterceptor.java:61) [mockito-core-2.28.2.jar:?]
	at org.mockito.internal.creation.bytebuddy.MockMethodAdvice.handle(MockMethodAdvice.java:105) [mockito-core-2.28.2.jar:?]
	at org.apache.hadoop.hdds.scm.server.SCMClientProtocolServer.deleteContainer(SCMClientProtocolServer.java:580) [hdds-server-scm-1.4.0-SNAPSHOT.jar:?]
	at org.apache.hadoop.ozone.TestStorageContainerManager.testRpcPermissionWithConf(TestStorageContainerManager.java:205) [test-classes/:?]
	at org.apache.hadoop.ozone.TestStorageContainerManager.testRpcPermission(TestStorageContainerManager.java:186) [test-classes/:?]
	at sun.reflect.NativeMethodAccessorImpl.invoke0(Native Method) ~[?:1.8.0_362]
	at sun.reflect.NativeMethodAccessorImpl.invoke(NativeMethodAccessorImpl.java:62) ~[?:1.8.0_362]
	at sun.reflect.DelegatingMethodAccessorImpl.invoke(DelegatingMethodAccessorImpl.java:43) ~[?:1.8.0_362]
	at java.lang.reflect.Method.invoke(Method.java:498) ~[?:1.8.0_362]
	at org.junit.runners.model.FrameworkMethod$1.runReflectiveCall(FrameworkMethod.java:59) [junit-4.13.1.jar:4.13.1]
	at org.junit.internal.runners.model.ReflectiveCallable.run(ReflectiveCallable.java:12) [junit-4.13.1.jar:4.13.1]
	at org.junit.runners.model.FrameworkMethod.invokeExplosively(FrameworkMethod.java:56) [junit-4.13.1.jar:4.13.1]
	at org.junit.internal.runners.statements.InvokeMethod.evaluate(InvokeMethod.java:17) [junit-4.13.1.jar:4.13.1]
	at org.junit.internal.runners.statements.RunAfters.evaluate(RunAfters.java:27) [junit-4.13.1.jar:4.13.1]
	at org.junit.rules.ExpectedException$ExpectedExceptionStatement.evaluate(ExpectedException.java:258) [junit-4.13.1.jar:4.13.1]
	at org.junit.internal.runners.statements.FailOnTimeout$CallableStatement.call(FailOnTimeout.java:288) [junit-4.13.1.jar:4.13.1]
	at org.junit.internal.runners.statements.FailOnTimeout$CallableStatement.call(FailOnTimeout.java:282) [junit-4.13.1.jar:4.13.1]
	at java.util.concurrent.FutureTask.run(FutureTask.java:266) [?:1.8.0_362]
	at java.lang.Thread.run(Thread.java:750) [?:1.8.0_362]
2023-04-21 06:17:51,166 [Listener at 127.0.0.1/44977] INFO  ozone.MiniOzoneClusterImpl (MiniOzoneClusterImpl.java:shutdown(456)) - Shutting down the Mini Ozone Cluster
2023-04-21 06:17:51,166 [Listener at 127.0.0.1/44977] INFO  ozone.MiniOzoneClusterImpl (MiniOzoneClusterImpl.java:stop(474)) - Stopping the Mini Ozone Cluster
2023-04-21 06:17:51,166 [Listener at 127.0.0.1/44977] INFO  ozone.MiniOzoneClusterImpl (MiniOzoneClusterImpl.java:stopOM(560)) - Stopping the OzoneManager
2023-04-21 06:17:51,166 [Listener at 127.0.0.1/44977] INFO  om.OzoneManager (OzoneManager.java:stop(2154)) - om1[localhost:0]: Stopping Ozone Manager
2023-04-21 06:17:51,166 [Listener at 127.0.0.1/44977] INFO  ipc.Server (Server.java:stop(3501)) - Stopping server on 44977
2023-04-21 06:17:51,168 [IPC Server listener on 0] INFO  ipc.Server (Server.java:run(1430)) - Stopping IPC Server listener on 0
2023-04-21 06:17:51,170 [IPC Server Responder] INFO  ipc.Server (Server.java:run(1563)) - Stopping IPC Server Responder
2023-04-21 06:17:51,170 [Listener at 127.0.0.1/44977] INFO  server.RaftServer (RaftServerProxy.java:lambda$close$6(409)) - om1: close
2023-04-21 06:17:51,170 [Listener at 127.0.0.1/44977] INFO  server.GrpcService (GrpcService.java:closeImpl(271)) - om1: shutdown server GrpcServerProtocolService now
2023-04-21 06:17:51,170 [om1-impl-thread1] INFO  server.RaftServer$Division (RaftServerImpl.java:lambda$close$4(458)) - om1@group-C5BA1605619E: shutdown
2023-04-21 06:17:51,170 [om1-impl-thread1] INFO  util.JmxRegister (JmxRegister.java:unregister(73)) - Successfully un-registered JMX Bean with object name Ratis:service=RaftServer,group=group-C5BA1605619E,id=om1
2023-04-21 06:17:51,170 [om1-impl-thread1] INFO  impl.RoleInfo (RoleInfo.java:shutdownLeaderState(93)) - om1: shutdown om1@group-C5BA1605619E-LeaderStateImpl
2023-04-21 06:17:51,170 [om1-impl-thread1] INFO  impl.PendingRequests (PendingRequests.java:sendNotLeaderResponses(282)) - om1@group-C5BA1605619E-PendingRequests: sendNotLeaderResponses
2023-04-21 06:17:51,171 [om1-impl-thread1] INFO  impl.StateMachineUpdater (StateMachineUpdater.java:stopAndJoin(153)) - om1@group-C5BA1605619E-StateMachineUpdater: set stopIndex = 0
2023-04-21 06:17:51,171 [Listener at 127.0.0.1/44977] INFO  server.GrpcService (GrpcService.java:closeImpl(280)) - om1: shutdown server GrpcServerProtocolService successfully
2023-04-21 06:17:51,171 [om1@group-C5BA1605619E-StateMachineUpdater] INFO  ratis.OzoneManagerStateMachine (OzoneManagerStateMachine.java:takeSnapshot(453)) - Current Snapshot Index (t:1, i:0)
2023-04-21 06:17:51,183 [om1@group-C5BA1605619E-StateMachineUpdater] INFO  impl.StateMachineUpdater (StateMachineUpdater.java:takeSnapshot(287)) - om1@group-C5BA1605619E-StateMachineUpdater: Took a snapshot at index 0
2023-04-21 06:17:51,183 [om1@group-C5BA1605619E-StateMachineUpdater] INFO  impl.StateMachineUpdater (StateMachineUpdater.java:lambda$new$0(92)) - om1@group-C5BA1605619E-StateMachineUpdater: snapshotIndex: updateIncreasingly -1 -> 0
2023-04-21 06:17:51,183 [om1@group-C5BA1605619E-StateMachineUpdater] INFO  ratis.OzoneManagerStateMachine (OzoneManagerStateMachine.java:close(507)) - StateMachine has shutdown. Shutdown OzoneManager if not already shutdown.
2023-04-21 06:17:51,183 [om1@group-C5BA1605619E-StateMachineUpdater] INFO  ratis.OzoneManagerDoubleBuffer (OzoneManagerDoubleBuffer.java:stopDaemon(540)) - Stopping OMDoubleBuffer flush thread
2023-04-21 06:17:51,183 [OMDoubleBufferFlushThread] INFO  ratis.OzoneManagerDoubleBuffer (OzoneManagerDoubleBuffer.java:canFlush(625)) - OMDoubleBuffer flush thread OMDoubleBufferFlushThread is interrupted and will exit.
2023-04-21 06:17:51,184 [om1-impl-thread1] INFO  server.RaftServer$Division (ServerState.java:close(466)) - om1@group-C5BA1605619E: closes. applyIndex: 0
2023-04-21 06:17:51,184 [om1@group-C5BA1605619E-SegmentedRaftLogWorker] INFO  segmented.SegmentedRaftLogWorker (SegmentedRaftLogWorker.java:run(347)) - om1@group-C5BA1605619E-SegmentedRaftLogWorker was interrupted, exiting. There are 0 tasks remaining in the queue.
2023-04-21 06:17:51,185 [om1-impl-thread1] INFO  segmented.SegmentedRaftLogWorker (SegmentedRaftLogWorker.java:close(257)) - om1@group-C5BA1605619E-SegmentedRaftLogWorker close()
2023-04-21 06:17:51,186 [JvmPauseMonitor16] INFO  util.JvmPauseMonitor (JvmPauseMonitor.java:run(111)) - JvmPauseMonitor-om1: Stopped
2023-04-21 06:17:51,186 [Listener at 127.0.0.1/44977] INFO  ratis.OzoneManagerStateMachine (OzoneManagerStateMachine.java:close(507)) - StateMachine has shutdown. Shutdown OzoneManager if not already shutdown.
2023-04-21 06:17:51,186 [Listener at 127.0.0.1/44977] INFO  ratis.OzoneManagerDoubleBuffer (OzoneManagerDoubleBuffer.java:stopDaemon(549)) - OMDoubleBuffer flush thread is not running.
2023-04-21 06:17:51,187 [Listener at 127.0.0.1/44977] INFO  utils.BackgroundService (BackgroundService.java:shutdown(141)) - Shutting down service KeyDeletingService
2023-04-21 06:17:51,187 [Listener at 127.0.0.1/44977] INFO  utils.BackgroundService (BackgroundService.java:shutdown(141)) - Shutting down service KeyDeletingService
2023-04-21 06:17:51,187 [Listener at 127.0.0.1/44977] INFO  utils.BackgroundService (BackgroundService.java:shutdown(141)) - Shutting down service OpenKeyCleanupService
2023-04-21 06:17:51,187 [Listener at 127.0.0.1/44977] INFO  utils.BackgroundService (BackgroundService.java:shutdown(141)) - Shutting down service SstFilteringService
2023-04-21 06:17:51,187 [Listener at 127.0.0.1/44977] INFO  utils.BackgroundService (BackgroundService.java:shutdown(141)) - Shutting down service SnapshotDeletingService
2023-04-21 06:17:51,187 [Listener at 127.0.0.1/44977] INFO  handler.ContextHandler (ContextHandler.java:doStop(1159)) - Stopped o.e.j.w.WebAppContext@64ef4670{ozoneManager,/,null,STOPPED}{file:/home/runner/work/ozone/ozone/hadoop-ozone/integration-test/target/test-classes/webapps/ozoneManager}
2023-04-21 06:17:51,188 [Listener at 127.0.0.1/44977] INFO  server.AbstractConnector (AbstractConnector.java:doStop(383)) - Stopped ServerConnector@7a5d1cb8{HTTP/1.1, (http/1.1)}{0.0.0.0:0}
2023-04-21 06:17:51,188 [Listener at 127.0.0.1/44977] INFO  server.session (HouseKeeper.java:stopScavenging(149)) - node0 Stopped scavenging
2023-04-21 06:17:51,188 [Listener at 127.0.0.1/44977] INFO  handler.ContextHandler (ContextHandler.java:doStop(1159)) - Stopped o.e.j.s.ServletContextHandler@49915e08{static,/static,file:///home/runner/work/ozone/ozone/hadoop-ozone/integration-test/target/test-classes/webapps/static,STOPPED}
2023-04-21 06:17:51,188 [Listener at 127.0.0.1/44977] INFO  handler.ContextHandler (ContextHandler.java:doStop(1159)) - Stopped o.e.j.s.ServletContextHandler@4a6820fa{logs,/logs,file:///home/runner/work/ozone/ozone/hadoop-ozone/integration-test/target/log,STOPPED}
2023-04-21 06:17:51,190 [Listener at 127.0.0.1/44977] INFO  utils.BackgroundService (BackgroundService.java:shutdown(141)) - Shutting down service SnapshotDiffCleanupService
2023-04-21 06:17:51,193 [Listener at 127.0.0.1/44977] INFO  ozone.MiniOzoneClusterImpl (MiniOzoneClusterImpl.java:stopDatanodes(537)) - Stopping the HddsDatanodes
2023-04-21 06:17:51,195 [Listener at 127.0.0.1/44977] INFO  ozoneimpl.OzoneContainer (OzoneContainer.java:stop(419)) - Attempting to stop container services.
2023-04-21 06:17:51,197 [ForkJoinPool.commonPool-worker-0] INFO  ozoneimpl.OzoneContainer (OzoneContainer.java:stop(419)) - Attempting to stop container services.
2023-04-21 06:17:51,197 [Listener at 127.0.0.1/44977] INFO  server.RaftServer (RaftServerProxy.java:lambda$close$6(409)) - 75ab3abc-5937-4b12-9491-8e152555f8b6: close
2023-04-21 06:17:51,198 [75ab3abc-5937-4b12-9491-8e152555f8b6-impl-thread1] INFO  server.RaftServer$Division (RaftServerImpl.java:lambda$close$4(458)) - 75ab3abc-5937-4b12-9491-8e152555f8b6@group-46B086B7E41A: shutdown
2023-04-21 06:17:51,198 [75ab3abc-5937-4b12-9491-8e152555f8b6-impl-thread1] INFO  util.JmxRegister (JmxRegister.java:unregister(73)) - Successfully un-registered JMX Bean with object name Ratis:service=RaftServer,group=group-46B086B7E41A,id=75ab3abc-5937-4b12-9491-8e152555f8b6
2023-04-21 06:17:51,198 [75ab3abc-5937-4b12-9491-8e152555f8b6-impl-thread1] INFO  impl.RoleInfo (RoleInfo.java:shutdownLeaderState(93)) - 75ab3abc-5937-4b12-9491-8e152555f8b6: shutdown 75ab3abc-5937-4b12-9491-8e152555f8b6@group-46B086B7E41A-LeaderStateImpl
2023-04-21 06:17:51,198 [75ab3abc-5937-4b12-9491-8e152555f8b6-impl-thread2] INFO  server.RaftServer$Division (RaftServerImpl.java:lambda$close$4(458)) - 75ab3abc-5937-4b12-9491-8e152555f8b6@group-F997DC6B75A8: shutdown
2023-04-21 06:17:51,198 [ForkJoinPool.commonPool-worker-0] INFO  server.RaftServer (RaftServerProxy.java:lambda$close$6(409)) - af01062f-3048-4ed4-9f14-cd7341189c22: close
2023-04-21 06:17:51,198 [Listener at 127.0.0.1/44977] INFO  server.GrpcService (GrpcService.java:closeImpl(271)) - 75ab3abc-5937-4b12-9491-8e152555f8b6: shutdown server GrpcServerProtocolService now
2023-04-21 06:17:51,198 [75ab3abc-5937-4b12-9491-8e152555f8b6@group-46B086B7E41A->b517b6f9-ca83-4992-bad0-b7f510a386a5-GrpcLogAppender-LogAppenderDaemon] WARN  server.GrpcLogAppender (GrpcLogAppender.java:mayWait(200)) - 75ab3abc-5937-4b12-9491-8e152555f8b6@group-46B086B7E41A->b517b6f9-ca83-4992-bad0-b7f510a386a5-GrpcLogAppender: Wait interrupted by java.lang.InterruptedException
2023-04-21 06:17:51,198 [75ab3abc-5937-4b12-9491-8e152555f8b6@group-46B086B7E41A->af01062f-3048-4ed4-9f14-cd7341189c22-GrpcLogAppender-LogAppenderDaemon] WARN  server.GrpcLogAppender (GrpcLogAppender.java:mayWait(200)) - 75ab3abc-5937-4b12-9491-8e152555f8b6@group-46B086B7E41A->af01062f-3048-4ed4-9f14-cd7341189c22-GrpcLogAppender: Wait interrupted by java.lang.InterruptedException
2023-04-21 06:17:51,199 [grpc-default-executor-5] INFO  server.GrpcServerProtocolService (GrpcServerProtocolService.java:onCompleted(143)) - af01062f-3048-4ed4-9f14-cd7341189c22: Completed APPEND_ENTRIES, lastRequest: 75ab3abc-5937-4b12-9491-8e152555f8b6->af01062f-3048-4ed4-9f14-cd7341189c22#1-t1,previous=(t:0, i:0),leaderCommit=0,initializing? true,entries: size=1, first=(t:1, i:0), CONFIGURATIONENTRY(current:id: "b517b6f9-ca83-4992-bad0-b7f510a386a5"
address: "10.1.0.35:38971"
dataStreamAddress: "10.1.0.35:39461"
clientAddress: "10.1.0.35:38971"
adminAddress: "10.1.0.35:38971"
startupRole: FOLLOWER
,id: "af01062f-3048-4ed4-9f14-cd7341189c22"
address: "10.1.0.35:40473"
dataStreamAddress: "10.1.0.35:45409"
clientAddress: "10.1.0.35:40473"
adminAddress: "10.1.0.35:40473"
startupRole: FOLLOWER
,id: "75ab3abc-5937-4b12-9491-8e152555f8b6"
address: "10.1.0.35:33467"
priority: 1
dataStreamAddress: "10.1.0.35:33031"
clientAddress: "10.1.0.35:33467"
adminAddress: "10.1.0.35:33467"
startupRole: FOLLOWER
, old:)
2023-04-21 06:17:51,199 [grpc-default-executor-2] INFO  server.GrpcServerProtocolService (GrpcServerProtocolService.java:onCompleted(143)) - af01062f-3048-4ed4-9f14-cd7341189c22: Completed APPEND_ENTRIES, lastRequest: null
2023-04-21 06:17:51,200 [af01062f-3048-4ed4-9f14-cd7341189c22-impl-thread2] INFO  server.RaftServer$Division (RaftServerImpl.java:lambda$close$4(458)) - af01062f-3048-4ed4-9f14-cd7341189c22@group-F997DC6B75A8: shutdown
2023-04-21 06:17:51,200 [af01062f-3048-4ed4-9f14-cd7341189c22-impl-thread2] INFO  util.JmxRegister (JmxRegister.java:unregister(73)) - Successfully un-registered JMX Bean with object name Ratis:service=RaftServer,group=group-F997DC6B75A8,id=af01062f-3048-4ed4-9f14-cd7341189c22
2023-04-21 06:17:51,200 [af01062f-3048-4ed4-9f14-cd7341189c22-impl-thread2] INFO  impl.RoleInfo (RoleInfo.java:shutdownFollowerState(110)) - af01062f-3048-4ed4-9f14-cd7341189c22: shutdown af01062f-3048-4ed4-9f14-cd7341189c22@group-F997DC6B75A8-FollowerState
2023-04-21 06:17:51,200 [ForkJoinPool.commonPool-worker-0] INFO  server.GrpcService (GrpcService.java:closeImpl(271)) - af01062f-3048-4ed4-9f14-cd7341189c22: shutdown server GrpcServerProtocolService now
2023-04-21 06:17:51,198 [75ab3abc-5937-4b12-9491-8e152555f8b6-impl-thread2] INFO  util.JmxRegister (JmxRegister.java:unregister(73)) - Successfully un-registered JMX Bean with object name Ratis:service=RaftServer,group=group-F997DC6B75A8,id=75ab3abc-5937-4b12-9491-8e152555f8b6
2023-04-21 06:17:51,207 [75ab3abc-5937-4b12-9491-8e152555f8b6-impl-thread2] INFO  impl.RoleInfo (RoleInfo.java:shutdownFollowerState(110)) - 75ab3abc-5937-4b12-9491-8e152555f8b6: shutdown 75ab3abc-5937-4b12-9491-8e152555f8b6@group-F997DC6B75A8-FollowerState
2023-04-21 06:17:51,207 [75ab3abc-5937-4b12-9491-8e152555f8b6@group-F997DC6B75A8-FollowerState] INFO  impl.FollowerState (FollowerState.java:run(152)) - 75ab3abc-5937-4b12-9491-8e152555f8b6@group-F997DC6B75A8-FollowerState was interrupted
2023-04-21 06:17:51,207 [grpc-default-executor-1] INFO  server.GrpcLogAppender (GrpcLogAppender.java:onCompleted(415)) - 75ab3abc-5937-4b12-9491-8e152555f8b6@group-46B086B7E41A->af01062f-3048-4ed4-9f14-cd7341189c22-AppendLogResponseHandler: follower responses appendEntries COMPLETED
2023-04-21 06:17:51,207 [grpc-default-executor-1] INFO  leader.FollowerInfo (FollowerInfoImpl.java:lambda$new$0(48)) - 75ab3abc-5937-4b12-9491-8e152555f8b6@group-46B086B7E41A->af01062f-3048-4ed4-9f14-cd7341189c22: nextIndex: updateUnconditionally 1 -> 0
2023-04-21 06:17:51,208 [grpc-default-executor-0] INFO  server.GrpcLogAppender (GrpcLogAppender.java:onCompleted(415)) - 75ab3abc-5937-4b12-9491-8e152555f8b6@group-46B086B7E41A->af01062f-3048-4ed4-9f14-cd7341189c22-AppendLogResponseHandler: follower responses appendEntries COMPLETED
2023-04-21 06:17:51,208 [grpc-default-executor-0] INFO  leader.FollowerInfo (FollowerInfoImpl.java:lambda$new$0(48)) - 75ab3abc-5937-4b12-9491-8e152555f8b6@group-46B086B7E41A->af01062f-3048-4ed4-9f14-cd7341189c22: nextIndex: updateUnconditionally 0 -> 0
2023-04-21 06:17:51,209 [grpc-default-executor-0] WARN  server.GrpcLogAppender (LogUtils.java:warn(122)) - b517b6f9-ca83-4992-bad0-b7f510a386a5@group-F997DC6B75A8->75ab3abc-5937-4b12-9491-8e152555f8b6-AppendLogResponseHandler: Failed appendEntries: org.apache.ratis.thirdparty.io.grpc.StatusRuntimeException: CANCELLED: RST_STREAM closed stream. HTTP/2 error code: CANCEL
2023-04-21 06:17:51,209 [grpc-default-executor-0] WARN  server.GrpcLogAppender (GrpcLogAppender.java:resetClient(131)) - b517b6f9-ca83-4992-bad0-b7f510a386a5@group-F997DC6B75A8->75ab3abc-5937-4b12-9491-8e152555f8b6-GrpcLogAppender: Leader has not got in touch with Follower b517b6f9-ca83-4992-bad0-b7f510a386a5@group-F997DC6B75A8->75ab3abc-5937-4b12-9491-8e152555f8b6(c0,m0,n1, attendVote=true, lastRpcSendTime=349, lastRpcResponseTime=326) yet, just keep nextIndex unchanged and retry.
2023-04-21 06:17:51,210 [grpc-default-executor-2] WARN  server.GrpcServerProtocolService (LogUtils.java:warn(122)) - 75ab3abc-5937-4b12-9491-8e152555f8b6: installSnapshot onError, lastRequest: b517b6f9-ca83-4992-bad0-b7f510a386a5->75ab3abc-5937-4b12-9491-8e152555f8b6#1-t1,previous=(t:0, i:0),leaderCommit=0,initializing? true,entries: size=1, first=(t:1, i:0), CONFIGURATIONENTRY(current:id: "b517b6f9-ca83-4992-bad0-b7f510a386a5"
address: "10.1.0.35:38971"
priority: 1
dataStreamAddress: "10.1.0.35:39461"
clientAddress: "10.1.0.35:38971"
adminAddress: "10.1.0.35:38971"
startupRole: FOLLOWER
,id: "af01062f-3048-4ed4-9f14-cd7341189c22"
address: "10.1.0.35:40473"
dataStreamAddress: "10.1.0.35:45409"
clientAddress: "10.1.0.35:40473"
adminAddress: "10.1.0.35:40473"
startupRole: FOLLOWER
,id: "75ab3abc-5937-4b12-9491-8e152555f8b6"
address: "10.1.0.35:33467"
dataStreamAddress: "10.1.0.35:33031"
clientAddress: "10.1.0.35:33467"
adminAddress: "10.1.0.35:33467"
startupRole: FOLLOWER
, old:): org.apache.ratis.thirdparty.io.grpc.StatusRuntimeException: CANCELLED: client cancelled
2023-04-21 06:17:51,211 [grpc-default-executor-0] WARN  server.GrpcServerProtocolService (LogUtils.java:warn(122)) - af01062f-3048-4ed4-9f14-cd7341189c22: installSnapshot onError, lastRequest: null: org.apache.ratis.thirdparty.io.grpc.StatusRuntimeException: CANCELLED: client cancelled
2023-04-21 06:17:51,211 [grpc-default-executor-2] WARN  server.GrpcLogAppender (LogUtils.java:warn(122)) - b517b6f9-ca83-4992-bad0-b7f510a386a5@group-F997DC6B75A8->af01062f-3048-4ed4-9f14-cd7341189c22-AppendLogResponseHandler: Failed appendEntries: org.apache.ratis.thirdparty.io.grpc.StatusRuntimeException: CANCELLED: RST_STREAM closed stream. HTTP/2 error code: CANCEL
2023-04-21 06:17:51,211 [grpc-default-executor-2] WARN  server.GrpcLogAppender (GrpcLogAppender.java:resetClient(131)) - b517b6f9-ca83-4992-bad0-b7f510a386a5@group-F997DC6B75A8->af01062f-3048-4ed4-9f14-cd7341189c22-GrpcLogAppender: Leader has not got in touch with Follower b517b6f9-ca83-4992-bad0-b7f510a386a5@group-F997DC6B75A8->af01062f-3048-4ed4-9f14-cd7341189c22(c0,m0,n1, attendVote=true, lastRpcSendTime=395, lastRpcResponseTime=363) yet, just keep nextIndex unchanged and retry.
2023-04-21 06:17:51,212 [grpc-default-executor-7] WARN  server.GrpcServerProtocolService (LogUtils.java:warn(122)) - 75ab3abc-5937-4b12-9491-8e152555f8b6: installSnapshot onError, lastRequest: null: org.apache.ratis.thirdparty.io.grpc.StatusRuntimeException: CANCELLED: client cancelled
2023-04-21 06:17:51,215 [af01062f-3048-4ed4-9f14-cd7341189c22-impl-thread2] INFO  impl.StateMachineUpdater (StateMachineUpdater.java:stopAndJoin(153)) - af01062f-3048-4ed4-9f14-cd7341189c22@group-F997DC6B75A8-StateMachineUpdater: set stopIndex = 0
2023-04-21 06:17:51,215 [grpc-default-executor-2] WARN  server.GrpcServerProtocolService (LogUtils.java:warn(122)) - af01062f-3048-4ed4-9f14-cd7341189c22: installSnapshot onError, lastRequest: b517b6f9-ca83-4992-bad0-b7f510a386a5->af01062f-3048-4ed4-9f14-cd7341189c22#1-t1,previous=(t:0, i:0),leaderCommit=0,initializing? true,entries: size=1, first=(t:1, i:0), CONFIGURATIONENTRY(current:id: "b517b6f9-ca83-4992-bad0-b7f510a386a5"
address: "10.1.0.35:38971"
priority: 1
dataStreamAddress: "10.1.0.35:39461"
clientAddress: "10.1.0.35:38971"
adminAddress: "10.1.0.35:38971"
startupRole: FOLLOWER
,id: "af01062f-3048-4ed4-9f14-cd7341189c22"
address: "10.1.0.35:40473"
dataStreamAddress: "10.1.0.35:45409"
clientAddress: "10.1.0.35:40473"
adminAddress: "10.1.0.35:40473"
startupRole: FOLLOWER
,id: "75ab3abc-5937-4b12-9491-8e152555f8b6"
address: "10.1.0.35:33467"
dataStreamAddress: "10.1.0.35:33031"
clientAddress: "10.1.0.35:33467"
adminAddress: "10.1.0.35:33467"
startupRole: FOLLOWER
, old:): org.apache.ratis.thirdparty.io.grpc.StatusRuntimeException: CANCELLED: client cancelled
2023-04-21 06:17:51,215 [af01062f-3048-4ed4-9f14-cd7341189c22@group-F997DC6B75A8-FollowerState] INFO  impl.FollowerState (FollowerState.java:run(152)) - af01062f-3048-4ed4-9f14-cd7341189c22@group-F997DC6B75A8-FollowerState was interrupted
2023-04-21 06:17:51,207 [af01062f-3048-4ed4-9f14-cd7341189c22-impl-thread3] INFO  server.RaftServer$Division (RaftServerImpl.java:lambda$close$4(458)) - af01062f-3048-4ed4-9f14-cd7341189c22@group-E0A000324546: shutdown
2023-04-21 06:17:51,225 [grpc-default-executor-7] WARN  server.GrpcLogAppender (LogUtils.java:warn(122)) - b517b6f9-ca83-4992-bad0-b7f510a386a5@group-F997DC6B75A8->af01062f-3048-4ed4-9f14-cd7341189c22-AppendLogResponseHandler: Failed appendEntries: org.apache.ratis.thirdparty.io.grpc.StatusRuntimeException: CANCELLED: RST_STREAM closed stream. HTTP/2 error code: CANCEL
2023-04-21 06:17:51,224 [75ab3abc-5937-4b12-9491-8e152555f8b6@group-F997DC6B75A8-StateMachineUpdater] INFO  ratis.ContainerStateMachine (ContainerStateMachine.java:takeSnapshot(330)) - group-F997DC6B75A8: Taking a snapshot at:(t:1, i:0) file /home/runner/work/ozone/ozone/hadoop-ozone/integration-test/target/test-dir/MiniOzoneClusterImpl-83d87173-15eb-40d9-9fb5-e31a77cfd1f5/datanode-1/data/ratis/2a9470b5-06aa-48d6-a6c2-f997dc6b75a8/sm/snapshot.1_0
2023-04-21 06:17:51,222 [75ab3abc-5937-4b12-9491-8e152555f8b6-impl-thread3] INFO  server.RaftServer$Division (RaftServerImpl.java:lambda$close$4(458)) - 75ab3abc-5937-4b12-9491-8e152555f8b6@group-78161F8D5E6F: shutdown
2023-04-21 06:17:51,236 [75ab3abc-5937-4b12-9491-8e152555f8b6-impl-thread3] INFO  util.JmxRegister (JmxRegister.java:unregister(73)) - Successfully un-registered JMX Bean with object name Ratis:service=RaftServer,group=group-78161F8D5E6F,id=75ab3abc-5937-4b12-9491-8e152555f8b6
2023-04-21 06:17:51,236 [75ab3abc-5937-4b12-9491-8e152555f8b6-impl-thread3] INFO  impl.RoleInfo (RoleInfo.java:shutdownLeaderState(93)) - 75ab3abc-5937-4b12-9491-8e152555f8b6: shutdown 75ab3abc-5937-4b12-9491-8e152555f8b6@group-78161F8D5E6F-LeaderStateImpl
2023-04-21 06:17:51,236 [75ab3abc-5937-4b12-9491-8e152555f8b6-impl-thread3] INFO  impl.PendingRequests (PendingRequests.java:sendNotLeaderResponses(282)) - 75ab3abc-5937-4b12-9491-8e152555f8b6@group-78161F8D5E6F-PendingRequests: sendNotLeaderResponses
2023-04-21 06:17:51,217 [ForkJoinPool.commonPool-worker-0] INFO  server.GrpcServerProtocolClient (GrpcServerProtocolClient.java:close(101)) - b517b6f9-ca83-4992-bad0-b7f510a386a5 Close channels
2023-04-21 06:17:51,217 [grpc-default-executor-1] WARN  server.GrpcLogAppender (LogUtils.java:warn(122)) - b517b6f9-ca83-4992-bad0-b7f510a386a5@group-F997DC6B75A8->75ab3abc-5937-4b12-9491-8e152555f8b6-AppendLogResponseHandler: Failed appendEntries: org.apache.ratis.thirdparty.io.grpc.StatusRuntimeException: CANCELLED: RST_STREAM closed stream. HTTP/2 error code: CANCEL
2023-04-21 06:17:51,237 [75ab3abc-5937-4b12-9491-8e152555f8b6@group-F997DC6B75A8-StateMachineUpdater] INFO  ratis.ContainerStateMachine (ContainerStateMachine.java:takeSnapshot(341)) - group-F997DC6B75A8: Finished taking a snapshot at:(t:1, i:0) file:/home/runner/work/ozone/ozone/hadoop-ozone/integration-test/target/test-dir/MiniOzoneClusterImpl-83d87173-15eb-40d9-9fb5-e31a77cfd1f5/datanode-1/data/ratis/2a9470b5-06aa-48d6-a6c2-f997dc6b75a8/sm/snapshot.1_0 took: 13 ms
2023-04-21 06:17:51,217 [Listener at 127.0.0.1/44977] INFO  server.GrpcServerProtocolClient (GrpcServerProtocolClient.java:close(101)) - b517b6f9-ca83-4992-bad0-b7f510a386a5 Close channels
2023-04-21 06:17:51,237 [75ab3abc-5937-4b12-9491-8e152555f8b6@group-F997DC6B75A8-StateMachineUpdater] INFO  impl.StateMachineUpdater (StateMachineUpdater.java:takeSnapshot(287)) - 75ab3abc-5937-4b12-9491-8e152555f8b6@group-F997DC6B75A8-StateMachineUpdater: Took a snapshot at index 0
2023-04-21 06:17:51,237 [75ab3abc-5937-4b12-9491-8e152555f8b6@group-F997DC6B75A8-StateMachineUpdater] INFO  impl.StateMachineUpdater (StateMachineUpdater.java:lambda$new$0(92)) - 75ab3abc-5937-4b12-9491-8e152555f8b6@group-F997DC6B75A8-StateMachineUpdater: snapshotIndex: updateIncreasingly -1 -> 0
2023-04-21 06:17:51,237 [75ab3abc-5937-4b12-9491-8e152555f8b6-impl-thread3] INFO  impl.StateMachineUpdater (StateMachineUpdater.java:stopAndJoin(153)) - 75ab3abc-5937-4b12-9491-8e152555f8b6@group-78161F8D5E6F-StateMachineUpdater: set stopIndex = 0
2023-04-21 06:17:51,237 [75ab3abc-5937-4b12-9491-8e152555f8b6@group-78161F8D5E6F-StateMachineUpdater] INFO  ratis.ContainerStateMachine (ContainerStateMachine.java:takeSnapshot(330)) - group-78161F8D5E6F: Taking a snapshot at:(t:1, i:0) file /home/runner/work/ozone/ozone/hadoop-ozone/integration-test/target/test-dir/MiniOzoneClusterImpl-83d87173-15eb-40d9-9fb5-e31a77cfd1f5/datanode-1/data/ratis/9788f688-7ead-4aef-a34b-78161f8d5e6f/sm/snapshot.1_0
2023-04-21 06:17:51,215 [75ab3abc-5937-4b12-9491-8e152555f8b6-impl-thread2] INFO  impl.StateMachineUpdater (StateMachineUpdater.java:stopAndJoin(153)) - 75ab3abc-5937-4b12-9491-8e152555f8b6@group-F997DC6B75A8-StateMachineUpdater: set stopIndex = 0
2023-04-21 06:17:51,238 [75ab3abc-5937-4b12-9491-8e152555f8b6-impl-thread2] INFO  server.RaftServer$Division (ServerState.java:close(466)) - 75ab3abc-5937-4b12-9491-8e152555f8b6@group-F997DC6B75A8: closes. applyIndex: 0
2023-04-21 06:17:51,215 [af01062f-3048-4ed4-9f14-cd7341189c22@group-F997DC6B75A8-StateMachineUpdater] INFO  ratis.ContainerStateMachine (ContainerStateMachine.java:takeSnapshot(330)) - group-F997DC6B75A8: Taking a snapshot at:(t:1, i:0) file /home/runner/work/ozone/ozone/hadoop-ozone/integration-test/target/test-dir/MiniOzoneClusterImpl-83d87173-15eb-40d9-9fb5-e31a77cfd1f5/datanode-0/data/ratis/2a9470b5-06aa-48d6-a6c2-f997dc6b75a8/sm/snapshot.1_0
2023-04-21 06:17:51,207 [grpc-default-executor-3] INFO  server.GrpcServerProtocolService (GrpcServerProtocolService.java:onCompleted(143)) - b517b6f9-ca83-4992-bad0-b7f510a386a5: Completed APPEND_ENTRIES, lastRequest: 75ab3abc-5937-4b12-9491-8e152555f8b6->b517b6f9-ca83-4992-bad0-b7f510a386a5#1-t1,previous=(t:0, i:0),leaderCommit=0,initializing? true,entries: size=1, first=(t:1, i:0), CONFIGURATIONENTRY(current:id: "b517b6f9-ca83-4992-bad0-b7f510a386a5"
address: "10.1.0.35:38971"
dataStreamAddress: "10.1.0.35:39461"
clientAddress: "10.1.0.35:38971"
adminAddress: "10.1.0.35:38971"
startupRole: FOLLOWER
,id: "af01062f-3048-4ed4-9f14-cd7341189c22"
address: "10.1.0.35:40473"
dataStreamAddress: "10.1.0.35:45409"
clientAddress: "10.1.0.35:40473"
adminAddress: "10.1.0.35:40473"
startupRole: FOLLOWER
,id: "75ab3abc-5937-4b12-9491-8e152555f8b6"
address: "10.1.0.35:33467"
priority: 1
dataStreamAddress: "10.1.0.35:33031"
clientAddress: "10.1.0.35:33467"
adminAddress: "10.1.0.35:33467"
startupRole: FOLLOWER
, old:)
2023-04-21 06:17:51,200 [grpc-default-executor-6] INFO  server.GrpcServerProtocolService (GrpcServerProtocolService.java:onCompleted(143)) - b517b6f9-ca83-4992-bad0-b7f510a386a5: Completed APPEND_ENTRIES, lastRequest: null
2023-04-21 06:17:51,198 [af01062f-3048-4ed4-9f14-cd7341189c22-impl-thread1] INFO  server.RaftServer$Division (RaftServerImpl.java:lambda$close$4(458)) - af01062f-3048-4ed4-9f14-cd7341189c22@group-46B086B7E41A: shutdown
2023-04-21 06:17:51,243 [75ab3abc-5937-4b12-9491-8e152555f8b6@group-78161F8D5E6F-StateMachineUpdater] INFO  ratis.ContainerStateMachine (ContainerStateMachine.java:takeSnapshot(341)) - group-78161F8D5E6F: Finished taking a snapshot at:(t:1, i:0) file:/home/runner/work/ozone/ozone/hadoop-ozone/integration-test/target/test-dir/MiniOzoneClusterImpl-83d87173-15eb-40d9-9fb5-e31a77cfd1f5/datanode-1/data/ratis/9788f688-7ead-4aef-a34b-78161f8d5e6f/sm/snapshot.1_0 took: 5 ms
2023-04-21 06:17:51,243 [75ab3abc-5937-4b12-9491-8e152555f8b6@group-78161F8D5E6F-StateMachineUpdater] INFO  impl.StateMachineUpdater (StateMachineUpdater.java:takeSnapshot(287)) - 75ab3abc-5937-4b12-9491-8e152555f8b6@group-78161F8D5E6F-StateMachineUpdater: Took a snapshot at index 0
2023-04-21 06:17:51,243 [75ab3abc-5937-4b12-9491-8e152555f8b6@group-78161F8D5E6F-StateMachineUpdater] INFO  impl.StateMachineUpdater (StateMachineUpdater.java:lambda$new$0(92)) - 75ab3abc-5937-4b12-9491-8e152555f8b6@group-78161F8D5E6F-StateMachineUpdater: snapshotIndex: updateIncreasingly -1 -> 0
2023-04-21 06:17:51,198 [75ab3abc-5937-4b12-9491-8e152555f8b6-impl-thread1] INFO  impl.PendingRequests (PendingRequests.java:sendNotLeaderResponses(282)) - 75ab3abc-5937-4b12-9491-8e152555f8b6@group-46B086B7E41A-PendingRequests: sendNotLeaderResponses
2023-04-21 06:17:51,243 [af01062f-3048-4ed4-9f14-cd7341189c22-impl-thread1] INFO  util.JmxRegister (JmxRegister.java:unregister(73)) - Successfully un-registered JMX Bean with object name Ratis:service=RaftServer,group=group-46B086B7E41A,id=af01062f-3048-4ed4-9f14-cd7341189c22
2023-04-21 06:17:51,243 [af01062f-3048-4ed4-9f14-cd7341189c22-impl-thread1] INFO  impl.RoleInfo (RoleInfo.java:shutdownFollowerState(110)) - af01062f-3048-4ed4-9f14-cd7341189c22: shutdown af01062f-3048-4ed4-9f14-cd7341189c22@group-46B086B7E41A-FollowerState
2023-04-21 06:17:51,243 [af01062f-3048-4ed4-9f14-cd7341189c22-impl-thread1] INFO  impl.StateMachineUpdater (StateMachineUpdater.java:stopAndJoin(153)) - af01062f-3048-4ed4-9f14-cd7341189c22@group-46B086B7E41A-StateMachineUpdater: set stopIndex = 0
2023-04-21 06:17:51,244 [af01062f-3048-4ed4-9f14-cd7341189c22@group-46B086B7E41A-FollowerState] INFO  impl.FollowerState (FollowerState.java:run(152)) - af01062f-3048-4ed4-9f14-cd7341189c22@group-46B086B7E41A-FollowerState was interrupted
2023-04-21 06:17:51,244 [af01062f-3048-4ed4-9f14-cd7341189c22@group-46B086B7E41A-StateMachineUpdater] INFO  ratis.ContainerStateMachine (ContainerStateMachine.java:takeSnapshot(330)) - group-46B086B7E41A: Taking a snapshot at:(t:1, i:0) file /home/runner/work/ozone/ozone/hadoop-ozone/integration-test/target/test-dir/MiniOzoneClusterImpl-83d87173-15eb-40d9-9fb5-e31a77cfd1f5/datanode-0/data/ratis/9f182ab3-7013-44cd-8978-46b086b7e41a/sm/snapshot.1_0
2023-04-21 06:17:51,244 [75ab3abc-5937-4b12-9491-8e152555f8b6-impl-thread1] INFO  impl.StateMachineUpdater (StateMachineUpdater.java:stopAndJoin(153)) - 75ab3abc-5937-4b12-9491-8e152555f8b6@group-46B086B7E41A-StateMachineUpdater: set stopIndex = 0
2023-04-21 06:17:51,244 [75ab3abc-5937-4b12-9491-8e152555f8b6@group-46B086B7E41A-StateMachineUpdater] INFO  ratis.ContainerStateMachine (ContainerStateMachine.java:takeSnapshot(330)) - group-46B086B7E41A: Taking a snapshot at:(t:1, i:0) file /home/runner/work/ozone/ozone/hadoop-ozone/integration-test/target/test-dir/MiniOzoneClusterImpl-83d87173-15eb-40d9-9fb5-e31a77cfd1f5/datanode-1/data/ratis/9f182ab3-7013-44cd-8978-46b086b7e41a/sm/snapshot.1_0
2023-04-21 06:17:51,244 [grpc-default-executor-3] INFO  server.GrpcLogAppender (GrpcLogAppender.java:onCompleted(415)) - 75ab3abc-5937-4b12-9491-8e152555f8b6@group-46B086B7E41A->b517b6f9-ca83-4992-bad0-b7f510a386a5-AppendLogResponseHandler: follower responses appendEntries COMPLETED
2023-04-21 06:17:51,244 [grpc-default-executor-3] WARN  server.GrpcLogAppender (GrpcLogAppender.java:resetClient(137)) - 75ab3abc-5937-4b12-9491-8e152555f8b6@group-46B086B7E41A->b517b6f9-ca83-4992-bad0-b7f510a386a5-GrpcLogAppender: Failed to getClient for b517b6f9-ca83-4992-bad0-b7f510a386a5
org.apache.ratis.protocol.exceptions.AlreadyClosedException: 75ab3abc-5937-4b12-9491-8e152555f8b6 is already CLOSED
	at org.apache.ratis.util.PeerProxyMap$PeerAndProxy.getProxy(PeerProxyMap.java:61)
	at org.apache.ratis.util.PeerProxyMap.getProxy(PeerProxyMap.java:115)
	at org.apache.ratis.grpc.server.GrpcLogAppender.getClient(GrpcLogAppender.java:116)
	at org.apache.ratis.grpc.server.GrpcLogAppender.resetClient(GrpcLogAppender.java:121)
	at org.apache.ratis.grpc.server.GrpcLogAppender.access$500(GrpcLogAppender.java:58)
	at org.apache.ratis.grpc.server.GrpcLogAppender$AppendLogResponseHandler.onCompleted(GrpcLogAppender.java:416)
	at org.apache.ratis.thirdparty.io.grpc.stub.ClientCalls$StreamObserverToCallListenerAdapter.onClose(ClientCalls.java:485)
	at org.apache.ratis.thirdparty.io.grpc.internal.ClientCallImpl.closeObserver(ClientCallImpl.java:562)
	at org.apache.ratis.thirdparty.io.grpc.internal.ClientCallImpl.access$300(ClientCallImpl.java:70)
	at org.apache.ratis.thirdparty.io.grpc.internal.ClientCallImpl$ClientStreamListenerImpl$1StreamClosed.runInternal(ClientCallImpl.java:743)
	at org.apache.ratis.thirdparty.io.grpc.internal.ClientCallImpl$ClientStreamListenerImpl$1StreamClosed.runInContext(ClientCallImpl.java:722)
	at org.apache.ratis.thirdparty.io.grpc.internal.ContextRunnable.run(ContextRunnable.java:37)
	at org.apache.ratis.thirdparty.io.grpc.internal.SerializingExecutor.run(SerializingExecutor.java:133)
	at java.util.concurrent.ThreadPoolExecutor.runWorker(ThreadPoolExecutor.java:1149)
	at java.util.concurrent.ThreadPoolExecutor$Worker.run(ThreadPoolExecutor.java:624)
	at java.lang.Thread.run(Thread.java:750)
2023-04-21 06:17:51,245 [grpc-default-executor-6] INFO  server.GrpcLogAppender (GrpcLogAppender.java:onCompleted(415)) - 75ab3abc-5937-4b12-9491-8e152555f8b6@group-46B086B7E41A->b517b6f9-ca83-4992-bad0-b7f510a386a5-AppendLogResponseHandler: follower responses appendEntries COMPLETED
2023-04-21 06:17:51,245 [grpc-default-executor-6] WARN  server.GrpcLogAppender (GrpcLogAppender.java:resetClient(137)) - 75ab3abc-5937-4b12-9491-8e152555f8b6@group-46B086B7E41A->b517b6f9-ca83-4992-bad0-b7f510a386a5-GrpcLogAppender: Failed to getClient for b517b6f9-ca83-4992-bad0-b7f510a386a5
org.apache.ratis.protocol.exceptions.AlreadyClosedException: 75ab3abc-5937-4b12-9491-8e152555f8b6 is already CLOSED
	at org.apache.ratis.util.PeerProxyMap$PeerAndProxy.getProxy(PeerProxyMap.java:61)
	at org.apache.ratis.util.PeerProxyMap.getProxy(PeerProxyMap.java:115)
	at org.apache.ratis.grpc.server.GrpcLogAppender.getClient(GrpcLogAppender.java:116)
	at org.apache.ratis.grpc.server.GrpcLogAppender.resetClient(GrpcLogAppender.java:121)
	at org.apache.ratis.grpc.server.GrpcLogAppender.access$500(GrpcLogAppender.java:58)
	at org.apache.ratis.grpc.server.GrpcLogAppender$AppendLogResponseHandler.onCompleted(GrpcLogAppender.java:416)
	at org.apache.ratis.thirdparty.io.grpc.stub.ClientCalls$StreamObserverToCallListenerAdapter.onClose(ClientCalls.java:485)
	at org.apache.ratis.thirdparty.io.grpc.internal.ClientCallImpl.closeObserver(ClientCallImpl.java:562)
	at org.apache.ratis.thirdparty.io.grpc.internal.ClientCallImpl.access$300(ClientCallImpl.java:70)
	at org.apache.ratis.thirdparty.io.grpc.internal.ClientCallImpl$ClientStreamListenerImpl$1StreamClosed.runInternal(ClientCallImpl.java:743)
	at org.apache.ratis.thirdparty.io.grpc.internal.ClientCallImpl$ClientStreamListenerImpl$1StreamClosed.runInContext(ClientCallImpl.java:722)
	at org.apache.ratis.thirdparty.io.grpc.internal.ContextRunnable.run(ContextRunnable.java:37)
	at org.apache.ratis.thirdparty.io.grpc.internal.SerializingExecutor.run(SerializingExecutor.java:133)
	at java.util.concurrent.ThreadPoolExecutor.runWorker(ThreadPoolExecutor.java:1149)
	at java.util.concurrent.ThreadPoolExecutor$Worker.run(ThreadPoolExecutor.java:624)
	at java.lang.Thread.run(Thread.java:750)
2023-04-21 06:17:51,245 [af01062f-3048-4ed4-9f14-cd7341189c22@group-46B086B7E41A-StateMachineUpdater] INFO  ratis.ContainerStateMachine (ContainerStateMachine.java:takeSnapshot(341)) - group-46B086B7E41A: Finished taking a snapshot at:(t:1, i:0) file:/home/runner/work/ozone/ozone/hadoop-ozone/integration-test/target/test-dir/MiniOzoneClusterImpl-83d87173-15eb-40d9-9fb5-e31a77cfd1f5/datanode-0/data/ratis/9f182ab3-7013-44cd-8978-46b086b7e41a/sm/snapshot.1_0 took: 1 ms
2023-04-21 06:17:51,245 [af01062f-3048-4ed4-9f14-cd7341189c22@group-46B086B7E41A-StateMachineUpdater] INFO  impl.StateMachineUpdater (StateMachineUpdater.java:takeSnapshot(287)) - af01062f-3048-4ed4-9f14-cd7341189c22@group-46B086B7E41A-StateMachineUpdater: Took a snapshot at index 0
2023-04-21 06:17:51,245 [af01062f-3048-4ed4-9f14-cd7341189c22@group-46B086B7E41A-StateMachineUpdater] INFO  impl.StateMachineUpdater (StateMachineUpdater.java:lambda$new$0(92)) - af01062f-3048-4ed4-9f14-cd7341189c22@group-46B086B7E41A-StateMachineUpdater: snapshotIndex: updateIncreasingly -1 -> 0
2023-04-21 06:17:51,245 [af01062f-3048-4ed4-9f14-cd7341189c22-impl-thread1] INFO  server.RaftServer$Division (ServerState.java:close(466)) - af01062f-3048-4ed4-9f14-cd7341189c22@group-46B086B7E41A: closes. applyIndex: 0
2023-04-21 06:17:51,246 [75ab3abc-5937-4b12-9491-8e152555f8b6@group-46B086B7E41A-StateMachineUpdater] INFO  ratis.ContainerStateMachine (ContainerStateMachine.java:takeSnapshot(341)) - group-46B086B7E41A: Finished taking a snapshot at:(t:1, i:0) file:/home/runner/work/ozone/ozone/hadoop-ozone/integration-test/target/test-dir/MiniOzoneClusterImpl-83d87173-15eb-40d9-9fb5-e31a77cfd1f5/datanode-1/data/ratis/9f182ab3-7013-44cd-8978-46b086b7e41a/sm/snapshot.1_0 took: 2 ms
2023-04-21 06:17:51,242 [ForkJoinPool.commonPool-worker-0] INFO  server.GrpcServerProtocolClient (GrpcServerProtocolClient.java:close(101)) - 75ab3abc-5937-4b12-9491-8e152555f8b6 Close channels
2023-04-21 06:17:51,246 [ForkJoinPool.commonPool-worker-0] INFO  server.GrpcService (GrpcService.java:closeImpl(280)) - af01062f-3048-4ed4-9f14-cd7341189c22: shutdown server GrpcServerProtocolService successfully
2023-04-21 06:17:51,246 [af01062f-3048-4ed4-9f14-cd7341189c22-NettyServerStreamRpc-bossGroup--thread1] INFO  logging.LoggingHandler (AbstractInternalLogger.java:log(148)) - [id: 0x5e8c0a23, L:/0:0:0:0:0:0:0:0:45409] CLOSE
2023-04-21 06:17:51,246 [af01062f-3048-4ed4-9f14-cd7341189c22-NettyServerStreamRpc-bossGroup--thread1] INFO  logging.LoggingHandler (AbstractInternalLogger.java:log(148)) - [id: 0x5e8c0a23, L:/0:0:0:0:0:0:0:0:45409] INACTIVE
2023-04-21 06:17:51,246 [af01062f-3048-4ed4-9f14-cd7341189c22-NettyServerStreamRpc-bossGroup--thread1] INFO  logging.LoggingHandler (AbstractInternalLogger.java:log(148)) - [id: 0x5e8c0a23, L:/0:0:0:0:0:0:0:0:45409] UNREGISTERED
2023-04-21 06:17:51,242 [75ab3abc-5937-4b12-9491-8e152555f8b6@group-F997DC6B75A8-SegmentedRaftLogWorker] INFO  segmented.SegmentedRaftLogWorker (SegmentedRaftLogWorker.java:run(347)) - 75ab3abc-5937-4b12-9491-8e152555f8b6@group-F997DC6B75A8-SegmentedRaftLogWorker was interrupted, exiting. There are 0 tasks remaining in the queue.
2023-04-21 06:17:51,237 [grpc-default-executor-1] WARN  server.GrpcLogAppender (GrpcLogAppender.java:resetClient(131)) - b517b6f9-ca83-4992-bad0-b7f510a386a5@group-F997DC6B75A8->75ab3abc-5937-4b12-9491-8e152555f8b6-GrpcLogAppender: Leader has not got in touch with Follower b517b6f9-ca83-4992-bad0-b7f510a386a5@group-F997DC6B75A8->75ab3abc-5937-4b12-9491-8e152555f8b6(c0,m0,n1, attendVote=true, lastRpcSendTime=376, lastRpcResponseTime=354) yet, just keep nextIndex unchanged and retry.
2023-04-21 06:17:51,236 [af01062f-3048-4ed4-9f14-cd7341189c22-impl-thread3] INFO  util.JmxRegister (JmxRegister.java:unregister(73)) - Successfully un-registered JMX Bean with object name Ratis:service=RaftServer,group=group-E0A000324546,id=af01062f-3048-4ed4-9f14-cd7341189c22
2023-04-21 06:17:51,236 [grpc-default-executor-7] WARN  server.GrpcLogAppender (GrpcLogAppender.java:resetClient(131)) - b517b6f9-ca83-4992-bad0-b7f510a386a5@group-F997DC6B75A8->af01062f-3048-4ed4-9f14-cd7341189c22-GrpcLogAppender: Leader has not got in touch with Follower b517b6f9-ca83-4992-bad0-b7f510a386a5@group-F997DC6B75A8->af01062f-3048-4ed4-9f14-cd7341189c22(c0,m0,n1, attendVote=true, lastRpcSendTime=419, lastRpcResponseTime=387) yet, just keep nextIndex unchanged and retry.
2023-04-21 06:17:51,246 [75ab3abc-5937-4b12-9491-8e152555f8b6@group-46B086B7E41A-StateMachineUpdater] INFO  impl.StateMachineUpdater (StateMachineUpdater.java:takeSnapshot(287)) - 75ab3abc-5937-4b12-9491-8e152555f8b6@group-46B086B7E41A-StateMachineUpdater: Took a snapshot at index 0
2023-04-21 06:17:51,247 [75ab3abc-5937-4b12-9491-8e152555f8b6@group-46B086B7E41A-StateMachineUpdater] INFO  impl.StateMachineUpdater (StateMachineUpdater.java:lambda$new$0(92)) - 75ab3abc-5937-4b12-9491-8e152555f8b6@group-46B086B7E41A-StateMachineUpdater: snapshotIndex: updateIncreasingly -1 -> 0
2023-04-21 06:17:51,247 [af01062f-3048-4ed4-9f14-cd7341189c22-impl-thread3] INFO  impl.RoleInfo (RoleInfo.java:shutdownLeaderState(93)) - af01062f-3048-4ed4-9f14-cd7341189c22: shutdown af01062f-3048-4ed4-9f14-cd7341189c22@group-E0A000324546-LeaderStateImpl
2023-04-21 06:17:51,247 [75ab3abc-5937-4b12-9491-8e152555f8b6-impl-thread1] INFO  server.RaftServer$Division (ServerState.java:close(466)) - 75ab3abc-5937-4b12-9491-8e152555f8b6@group-46B086B7E41A: closes. applyIndex: 0
2023-04-21 06:17:51,246 [75ab3abc-5937-4b12-9491-8e152555f8b6-impl-thread3] INFO  server.RaftServer$Division (ServerState.java:close(466)) - 75ab3abc-5937-4b12-9491-8e152555f8b6@group-78161F8D5E6F: closes. applyIndex: 0
2023-04-21 06:17:51,246 [af01062f-3048-4ed4-9f14-cd7341189c22@group-46B086B7E41A-SegmentedRaftLogWorker] INFO  segmented.SegmentedRaftLogWorker (SegmentedRaftLogWorker.java:run(347)) - af01062f-3048-4ed4-9f14-cd7341189c22@group-46B086B7E41A-SegmentedRaftLogWorker was interrupted, exiting. There are 0 tasks remaining in the queue.
2023-04-21 06:17:51,244 [af01062f-3048-4ed4-9f14-cd7341189c22@group-F997DC6B75A8-StateMachineUpdater] INFO  ratis.ContainerStateMachine (ContainerStateMachine.java:takeSnapshot(341)) - group-F997DC6B75A8: Finished taking a snapshot at:(t:1, i:0) file:/home/runner/work/ozone/ozone/hadoop-ozone/integration-test/target/test-dir/MiniOzoneClusterImpl-83d87173-15eb-40d9-9fb5-e31a77cfd1f5/datanode-0/data/ratis/2a9470b5-06aa-48d6-a6c2-f997dc6b75a8/sm/snapshot.1_0 took: 29 ms
2023-04-21 06:17:51,247 [af01062f-3048-4ed4-9f14-cd7341189c22@group-F997DC6B75A8-StateMachineUpdater] INFO  impl.StateMachineUpdater (StateMachineUpdater.java:takeSnapshot(287)) - af01062f-3048-4ed4-9f14-cd7341189c22@group-F997DC6B75A8-StateMachineUpdater: Took a snapshot at index 0
2023-04-21 06:17:51,247 [af01062f-3048-4ed4-9f14-cd7341189c22@group-F997DC6B75A8-StateMachineUpdater] INFO  impl.StateMachineUpdater (StateMachineUpdater.java:lambda$new$0(92)) - af01062f-3048-4ed4-9f14-cd7341189c22@group-F997DC6B75A8-StateMachineUpdater: snapshotIndex: updateIncreasingly -1 -> 0
2023-04-21 06:17:51,247 [af01062f-3048-4ed4-9f14-cd7341189c22-impl-thread2] INFO  server.RaftServer$Division (ServerState.java:close(466)) - af01062f-3048-4ed4-9f14-cd7341189c22@group-F997DC6B75A8: closes. applyIndex: 0
2023-04-21 06:17:51,247 [af01062f-3048-4ed4-9f14-cd7341189c22-impl-thread3] INFO  impl.PendingRequests (PendingRequests.java:sendNotLeaderResponses(282)) - af01062f-3048-4ed4-9f14-cd7341189c22@group-E0A000324546-PendingRequests: sendNotLeaderResponses
2023-04-21 06:17:51,248 [af01062f-3048-4ed4-9f14-cd7341189c22-impl-thread3] INFO  impl.StateMachineUpdater (StateMachineUpdater.java:stopAndJoin(153)) - af01062f-3048-4ed4-9f14-cd7341189c22@group-E0A000324546-StateMachineUpdater: set stopIndex = 0
2023-04-21 06:17:51,248 [af01062f-3048-4ed4-9f14-cd7341189c22@group-E0A000324546-StateMachineUpdater] INFO  ratis.ContainerStateMachine (ContainerStateMachine.java:takeSnapshot(330)) - group-E0A000324546: Taking a snapshot at:(t:1, i:0) file /home/runner/work/ozone/ozone/hadoop-ozone/integration-test/target/test-dir/MiniOzoneClusterImpl-83d87173-15eb-40d9-9fb5-e31a77cfd1f5/datanode-0/data/ratis/eb3b9faf-aff0-4205-8c99-e0a000324546/sm/snapshot.1_0
2023-04-21 06:17:51,249 [af01062f-3048-4ed4-9f14-cd7341189c22@group-E0A000324546-StateMachineUpdater] INFO  ratis.ContainerStateMachine (ContainerStateMachine.java:takeSnapshot(341)) - group-E0A000324546: Finished taking a snapshot at:(t:1, i:0) file:/home/runner/work/ozone/ozone/hadoop-ozone/integration-test/target/test-dir/MiniOzoneClusterImpl-83d87173-15eb-40d9-9fb5-e31a77cfd1f5/datanode-0/data/ratis/eb3b9faf-aff0-4205-8c99-e0a000324546/sm/snapshot.1_0 took: 1 ms
2023-04-21 06:17:51,249 [af01062f-3048-4ed4-9f14-cd7341189c22@group-E0A000324546-StateMachineUpdater] INFO  impl.StateMachineUpdater (StateMachineUpdater.java:takeSnapshot(287)) - af01062f-3048-4ed4-9f14-cd7341189c22@group-E0A000324546-StateMachineUpdater: Took a snapshot at index 0
2023-04-21 06:17:51,249 [af01062f-3048-4ed4-9f14-cd7341189c22@group-E0A000324546-StateMachineUpdater] INFO  impl.StateMachineUpdater (StateMachineUpdater.java:lambda$new$0(92)) - af01062f-3048-4ed4-9f14-cd7341189c22@group-E0A000324546-StateMachineUpdater: snapshotIndex: updateIncreasingly -1 -> 0
2023-04-21 06:17:51,275 [af01062f-3048-4ed4-9f14-cd7341189c22@group-F997DC6B75A8-SegmentedRaftLogWorker] INFO  segmented.SegmentedRaftLogWorker (SegmentedRaftLogWorker.java:run(347)) - af01062f-3048-4ed4-9f14-cd7341189c22@group-F997DC6B75A8-SegmentedRaftLogWorker was interrupted, exiting. There are 0 tasks remaining in the queue.
2023-04-21 06:17:51,275 [75ab3abc-5937-4b12-9491-8e152555f8b6@group-78161F8D5E6F-SegmentedRaftLogWorker] INFO  segmented.SegmentedRaftLogWorker (SegmentedRaftLogWorker.java:run(347)) - 75ab3abc-5937-4b12-9491-8e152555f8b6@group-78161F8D5E6F-SegmentedRaftLogWorker was interrupted, exiting. There are 0 tasks remaining in the queue.
2023-04-21 06:17:51,275 [75ab3abc-5937-4b12-9491-8e152555f8b6@group-46B086B7E41A-SegmentedRaftLogWorker] INFO  segmented.SegmentedRaftLogWorker (SegmentedRaftLogWorker.java:run(347)) - 75ab3abc-5937-4b12-9491-8e152555f8b6@group-46B086B7E41A-SegmentedRaftLogWorker was interrupted, exiting. There are 0 tasks remaining in the queue.
2023-04-21 06:17:51,275 [Listener at 127.0.0.1/44977] INFO  server.GrpcServerProtocolClient (GrpcServerProtocolClient.java:close(101)) - af01062f-3048-4ed4-9f14-cd7341189c22 Close channels
2023-04-21 06:17:51,275 [75ab3abc-5937-4b12-9491-8e152555f8b6-impl-thread2] INFO  segmented.SegmentedRaftLogWorker (SegmentedRaftLogWorker.java:close(257)) - 75ab3abc-5937-4b12-9491-8e152555f8b6@group-F997DC6B75A8-SegmentedRaftLogWorker close()
2023-04-21 06:17:51,275 [Listener at 127.0.0.1/44977] INFO  server.GrpcService (GrpcService.java:closeImpl(280)) - 75ab3abc-5937-4b12-9491-8e152555f8b6: shutdown server GrpcServerProtocolService successfully
2023-04-21 06:17:51,276 [af01062f-3048-4ed4-9f14-cd7341189c22-impl-thread1] INFO  segmented.SegmentedRaftLogWorker (SegmentedRaftLogWorker.java:close(257)) - af01062f-3048-4ed4-9f14-cd7341189c22@group-46B086B7E41A-SegmentedRaftLogWorker close()
2023-04-21 06:17:51,276 [75ab3abc-5937-4b12-9491-8e152555f8b6-NettyServerStreamRpc-bossGroup--thread1] INFO  logging.LoggingHandler (AbstractInternalLogger.java:log(148)) - [id: 0xa86310ae, L:/0:0:0:0:0:0:0:0:33031] CLOSE
2023-04-21 06:17:51,294 [af01062f-3048-4ed4-9f14-cd7341189c22-impl-thread3] INFO  server.RaftServer$Division (ServerState.java:close(466)) - af01062f-3048-4ed4-9f14-cd7341189c22@group-E0A000324546: closes. applyIndex: 0
2023-04-21 06:17:51,294 [af01062f-3048-4ed4-9f14-cd7341189c22-impl-thread2] INFO  segmented.SegmentedRaftLogWorker (SegmentedRaftLogWorker.java:close(257)) - af01062f-3048-4ed4-9f14-cd7341189c22@group-F997DC6B75A8-SegmentedRaftLogWorker close()
2023-04-21 06:17:51,294 [af01062f-3048-4ed4-9f14-cd7341189c22@group-E0A000324546-SegmentedRaftLogWorker] INFO  segmented.SegmentedRaftLogWorker (SegmentedRaftLogWorker.java:run(347)) - af01062f-3048-4ed4-9f14-cd7341189c22@group-E0A000324546-SegmentedRaftLogWorker was interrupted, exiting. There are 0 tasks remaining in the queue.
2023-04-21 06:17:51,294 [75ab3abc-5937-4b12-9491-8e152555f8b6-NettyServerStreamRpc-bossGroup--thread1] INFO  logging.LoggingHandler (AbstractInternalLogger.java:log(148)) - [id: 0xa86310ae, L:/0:0:0:0:0:0:0:0:33031] INACTIVE
2023-04-21 06:17:51,294 [75ab3abc-5937-4b12-9491-8e152555f8b6-NettyServerStreamRpc-bossGroup--thread1] INFO  logging.LoggingHandler (AbstractInternalLogger.java:log(148)) - [id: 0xa86310ae, L:/0:0:0:0:0:0:0:0:33031] UNREGISTERED
2023-04-21 06:17:51,294 [75ab3abc-5937-4b12-9491-8e152555f8b6-impl-thread1] INFO  segmented.SegmentedRaftLogWorker (SegmentedRaftLogWorker.java:close(257)) - 75ab3abc-5937-4b12-9491-8e152555f8b6@group-46B086B7E41A-SegmentedRaftLogWorker close()
2023-04-21 06:17:51,295 [75ab3abc-5937-4b12-9491-8e152555f8b6-impl-thread3] INFO  segmented.SegmentedRaftLogWorker (SegmentedRaftLogWorker.java:close(257)) - 75ab3abc-5937-4b12-9491-8e152555f8b6@group-78161F8D5E6F-SegmentedRaftLogWorker close()
2023-04-21 06:17:51,318 [af01062f-3048-4ed4-9f14-cd7341189c22-impl-thread3] INFO  segmented.SegmentedRaftLogWorker (SegmentedRaftLogWorker.java:close(257)) - af01062f-3048-4ed4-9f14-cd7341189c22@group-E0A000324546-SegmentedRaftLogWorker close()
2023-04-21 06:17:51,341 [JvmPauseMonitor17] INFO  util.JvmPauseMonitor (JvmPauseMonitor.java:run(111)) - JvmPauseMonitor-af01062f-3048-4ed4-9f14-cd7341189c22: Stopped
2023-04-21 06:17:51,342 [JvmPauseMonitor18] INFO  util.JvmPauseMonitor (JvmPauseMonitor.java:run(111)) - JvmPauseMonitor-75ab3abc-5937-4b12-9491-8e152555f8b6: Stopped
2023-04-21 06:17:51,369 [b517b6f9-ca83-4992-bad0-b7f510a386a5@group-2AC7A4B66396-FollowerState] INFO  impl.FollowerState (FollowerState.java:run(143)) - b517b6f9-ca83-4992-bad0-b7f510a386a5@group-2AC7A4B66396-FollowerState: change to CANDIDATE, lastRpcElapsedTime:5191832101ns, electionTimeout:5182ms
2023-04-21 06:17:51,369 [b517b6f9-ca83-4992-bad0-b7f510a386a5@group-2AC7A4B66396-FollowerState] INFO  impl.RoleInfo (RoleInfo.java:shutdownFollowerState(110)) - b517b6f9-ca83-4992-bad0-b7f510a386a5: shutdown b517b6f9-ca83-4992-bad0-b7f510a386a5@group-2AC7A4B66396-FollowerState
2023-04-21 06:17:51,369 [b517b6f9-ca83-4992-bad0-b7f510a386a5@group-2AC7A4B66396-FollowerState] INFO  server.RaftServer$Division (RaftServerImpl.java:setRole(321)) - b517b6f9-ca83-4992-bad0-b7f510a386a5@group-2AC7A4B66396: changes role from  FOLLOWER to CANDIDATE at term 0 for changeToCandidate
2023-04-21 06:17:51,369 [b517b6f9-ca83-4992-bad0-b7f510a386a5@group-2AC7A4B66396-FollowerState] INFO  server.RaftServerConfigKeys (ConfUtils.java:logGet(46)) - raft.server.leaderelection.pre-vote = true (default)
2023-04-21 06:17:51,370 [b517b6f9-ca83-4992-bad0-b7f510a386a5@group-2AC7A4B66396-FollowerState] INFO  impl.RoleInfo (RoleInfo.java:updateAndGet(139)) - b517b6f9-ca83-4992-bad0-b7f510a386a5: start b517b6f9-ca83-4992-bad0-b7f510a386a5@group-2AC7A4B66396-LeaderElection31
2023-04-21 06:17:51,385 [b517b6f9-ca83-4992-bad0-b7f510a386a5@group-2AC7A4B66396-LeaderElection31] INFO  impl.LeaderElection (LeaderElection.java:askForVotes(312)) - b517b6f9-ca83-4992-bad0-b7f510a386a5@group-2AC7A4B66396-LeaderElection31 PRE_VOTE round 0: submit vote requests at term 0 for -1: peers:[b517b6f9-ca83-4992-bad0-b7f510a386a5|rpc:10.1.0.35:38971|dataStream:10.1.0.35:39461|priority:1|startupRole:FOLLOWER]|listeners:[], old=null
2023-04-21 06:17:51,386 [b517b6f9-ca83-4992-bad0-b7f510a386a5@group-2AC7A4B66396-LeaderElection31] INFO  impl.LeaderElection (LeaderElection.java:askForVotes(314)) - b517b6f9-ca83-4992-bad0-b7f510a386a5@group-2AC7A4B66396-LeaderElection31 PRE_VOTE round 0: result PASSED (term=0)
2023-04-21 06:17:51,388 [b517b6f9-ca83-4992-bad0-b7f510a386a5@group-2AC7A4B66396-LeaderElection31] INFO  impl.LeaderElection (LeaderElection.java:askForVotes(312)) - b517b6f9-ca83-4992-bad0-b7f510a386a5@group-2AC7A4B66396-LeaderElection31 ELECTION round 0: submit vote requests at term 1 for -1: peers:[b517b6f9-ca83-4992-bad0-b7f510a386a5|rpc:10.1.0.35:38971|dataStream:10.1.0.35:39461|priority:1|startupRole:FOLLOWER]|listeners:[], old=null
2023-04-21 06:17:51,388 [b517b6f9-ca83-4992-bad0-b7f510a386a5@group-2AC7A4B66396-LeaderElection31] INFO  impl.LeaderElection (LeaderElection.java:askForVotes(314)) - b517b6f9-ca83-4992-bad0-b7f510a386a5@group-2AC7A4B66396-LeaderElection31 ELECTION round 0: result PASSED (term=1)
2023-04-21 06:17:51,388 [b517b6f9-ca83-4992-bad0-b7f510a386a5@group-2AC7A4B66396-LeaderElection31] INFO  impl.RoleInfo (RoleInfo.java:shutdownLeaderElection(130)) - b517b6f9-ca83-4992-bad0-b7f510a386a5: shutdown b517b6f9-ca83-4992-bad0-b7f510a386a5@group-2AC7A4B66396-LeaderElection31
2023-04-21 06:17:51,388 [b517b6f9-ca83-4992-bad0-b7f510a386a5@group-2AC7A4B66396-LeaderElection31] INFO  server.RaftServer$Division (RaftServerImpl.java:setRole(321)) - b517b6f9-ca83-4992-bad0-b7f510a386a5@group-2AC7A4B66396: changes role from CANDIDATE to LEADER at term 1 for changeToLeader
2023-04-21 06:17:51,388 [b517b6f9-ca83-4992-bad0-b7f510a386a5@group-2AC7A4B66396-LeaderElection31] INFO  ratis.XceiverServerRatis (XceiverServerRatis.java:handleLeaderChangedNotification(904)) - Leader change notification received for group: group-2AC7A4B66396 with new leaderId: b517b6f9-ca83-4992-bad0-b7f510a386a5
2023-04-21 06:17:51,388 [b517b6f9-ca83-4992-bad0-b7f510a386a5@group-2AC7A4B66396-LeaderElection31] INFO  server.RaftServer$Division (ServerState.java:setLeader(313)) - b517b6f9-ca83-4992-bad0-b7f510a386a5@group-2AC7A4B66396: change Leader from null to b517b6f9-ca83-4992-bad0-b7f510a386a5 at term 1 for becomeLeader, leader elected after 5223ms
2023-04-21 06:17:51,388 [b517b6f9-ca83-4992-bad0-b7f510a386a5@group-2AC7A4B66396-LeaderElection31] INFO  server.RaftServerConfigKeys (ConfUtils.java:logGet(46)) - raft.server.staging.catchup.gap = 1000 (default)
2023-04-21 06:17:51,388 [b517b6f9-ca83-4992-bad0-b7f510a386a5@group-2AC7A4B66396-LeaderElection31] INFO  server.RaftServerConfigKeys (ConfUtils.java:logGet(46)) - raft.server.write.element-limit = 1024 (custom)
2023-04-21 06:17:51,388 [b517b6f9-ca83-4992-bad0-b7f510a386a5@group-2AC7A4B66396-LeaderElection31] INFO  server.RaftServerConfigKeys (ConfUtils.java:logGet(46)) - raft.server.write.byte-limit = 1024 M (=1073741824) (custom)
2023-04-21 06:17:51,388 [b517b6f9-ca83-4992-bad0-b7f510a386a5@group-2AC7A4B66396-LeaderElection31] INFO  server.RaftServerConfigKeys (ConfUtils.java:logGet(46)) - raft.server.watch.timeout = 180s (custom)
2023-04-21 06:17:51,388 [b517b6f9-ca83-4992-bad0-b7f510a386a5@group-2AC7A4B66396-LeaderElection31] INFO  server.RaftServerConfigKeys (ConfUtils.java:logGet(46)) - raft.server.watch.timeout.denomination = 1s (default)
2023-04-21 06:17:51,389 [b517b6f9-ca83-4992-bad0-b7f510a386a5@group-2AC7A4B66396-LeaderElection31] INFO  server.RaftServerConfigKeys (ConfUtils.java:logGet(46)) - raft.server.watch.element-limit = 65536 (default)
2023-04-21 06:17:51,389 [b517b6f9-ca83-4992-bad0-b7f510a386a5@group-2AC7A4B66396-LeaderElection31] INFO  server.RaftServerConfigKeys (ConfUtils.java:logGet(46)) - raft.server.write.element-limit = 1024 (custom)
2023-04-21 06:17:51,389 [b517b6f9-ca83-4992-bad0-b7f510a386a5@group-2AC7A4B66396-LeaderElection31] INFO  server.RaftServerConfigKeys (ConfUtils.java:logGet(46)) - raft.server.write.follower.gap.ratio.max = -1.0 (default)
2023-04-21 06:17:51,389 [b517b6f9-ca83-4992-bad0-b7f510a386a5@group-2AC7A4B66396-LeaderElection31] INFO  impl.RoleInfo (RoleInfo.java:updateAndGet(139)) - b517b6f9-ca83-4992-bad0-b7f510a386a5: start b517b6f9-ca83-4992-bad0-b7f510a386a5@group-2AC7A4B66396-LeaderStateImpl
2023-04-21 06:17:51,389 [b517b6f9-ca83-4992-bad0-b7f510a386a5@group-2AC7A4B66396-LeaderElection31] INFO  segmented.SegmentedRaftLogWorker (SegmentedRaftLogWorker.java:startLogSegment(452)) - b517b6f9-ca83-4992-bad0-b7f510a386a5@group-2AC7A4B66396-SegmentedRaftLogWorker: Starting segment from index:0
2023-04-21 06:17:51,391 [b517b6f9-ca83-4992-bad0-b7f510a386a5@group-2AC7A4B66396-SegmentedRaftLogWorker] INFO  segmented.SegmentedRaftLogWorker (SegmentedRaftLogWorker.java:execute(656)) - b517b6f9-ca83-4992-bad0-b7f510a386a5@group-2AC7A4B66396-SegmentedRaftLogWorker: created new log segment /home/runner/work/ozone/ozone/hadoop-ozone/integration-test/target/test-dir/MiniOzoneClusterImpl-83d87173-15eb-40d9-9fb5-e31a77cfd1f5/datanode-2/data/ratis/cd382569-9bf7-487f-9c4a-2ac7a4b66396/current/log_inprogress_0
2023-04-21 06:17:51,407 [b517b6f9-ca83-4992-bad0-b7f510a386a5@group-2AC7A4B66396-LeaderElection31] INFO  server.RaftServer$Division (ServerState.java:setRaftConf(430)) - b517b6f9-ca83-4992-bad0-b7f510a386a5@group-2AC7A4B66396: set configuration 0: peers:[b517b6f9-ca83-4992-bad0-b7f510a386a5|rpc:10.1.0.35:38971|dataStream:10.1.0.35:39461|priority:1|startupRole:FOLLOWER]|listeners:[], old=null
2023-04-21 06:17:53,352 [grpc-default-executor-6] WARN  server.GrpcLogAppender (LogUtils.java:warn(122)) - b517b6f9-ca83-4992-bad0-b7f510a386a5@group-F997DC6B75A8->af01062f-3048-4ed4-9f14-cd7341189c22-AppendLogResponseHandler: Failed appendEntries: org.apache.ratis.thirdparty.io.grpc.StatusRuntimeException: UNAVAILABLE: io exception
2023-04-21 06:17:53,353 [grpc-default-executor-6] WARN  server.GrpcLogAppender (GrpcLogAppender.java:resetClient(131)) - b517b6f9-ca83-4992-bad0-b7f510a386a5@group-F997DC6B75A8->af01062f-3048-4ed4-9f14-cd7341189c22-GrpcLogAppender: Leader has not got in touch with Follower b517b6f9-ca83-4992-bad0-b7f510a386a5@group-F997DC6B75A8->af01062f-3048-4ed4-9f14-cd7341189c22(c0,m0,n1, attendVote=true, lastRpcSendTime=2, lastRpcResponseTime=2504) yet, just keep nextIndex unchanged and retry.
2023-04-21 06:17:53,354 [grpc-default-executor-6] WARN  server.GrpcLogAppender (LogUtils.java:warn(122)) - b517b6f9-ca83-4992-bad0-b7f510a386a5@group-F997DC6B75A8->af01062f-3048-4ed4-9f14-cd7341189c22-AppendLogResponseHandler: Failed appendEntries: org.apache.ratis.thirdparty.io.grpc.StatusRuntimeException: UNAVAILABLE: io exception
2023-04-21 06:17:53,354 [grpc-default-executor-6] WARN  server.GrpcLogAppender (GrpcLogAppender.java:resetClient(131)) - b517b6f9-ca83-4992-bad0-b7f510a386a5@group-F997DC6B75A8->af01062f-3048-4ed4-9f14-cd7341189c22-GrpcLogAppender: Leader has not got in touch with Follower b517b6f9-ca83-4992-bad0-b7f510a386a5@group-F997DC6B75A8->af01062f-3048-4ed4-9f14-cd7341189c22(c0,m0,n1, attendVote=true, lastRpcSendTime=3, lastRpcResponseTime=2506) yet, just keep nextIndex unchanged and retry.
2023-04-21 06:17:53,385 [grpc-default-executor-6] WARN  server.GrpcLogAppender (LogUtils.java:warn(122)) - b517b6f9-ca83-4992-bad0-b7f510a386a5@group-F997DC6B75A8->75ab3abc-5937-4b12-9491-8e152555f8b6-AppendLogResponseHandler: Failed appendEntries: org.apache.ratis.thirdparty.io.grpc.StatusRuntimeException: UNAVAILABLE: io exception
2023-04-21 06:17:53,387 [grpc-default-executor-1] WARN  server.GrpcLogAppender (LogUtils.java:warn(122)) - b517b6f9-ca83-4992-bad0-b7f510a386a5@group-F997DC6B75A8->75ab3abc-5937-4b12-9491-8e152555f8b6-AppendLogResponseHandler: Failed appendEntries: org.apache.ratis.thirdparty.io.grpc.StatusRuntimeException: UNAVAILABLE: io exception
2023-04-21 06:17:53,388 [grpc-default-executor-6] WARN  server.GrpcLogAppender (GrpcLogAppender.java:resetClient(131)) - b517b6f9-ca83-4992-bad0-b7f510a386a5@group-F997DC6B75A8->75ab3abc-5937-4b12-9491-8e152555f8b6-GrpcLogAppender: Leader has not got in touch with Follower b517b6f9-ca83-4992-bad0-b7f510a386a5@group-F997DC6B75A8->75ab3abc-5937-4b12-9491-8e152555f8b6(c0,m0,n1, attendVote=true, lastRpcSendTime=2527, lastRpcResponseTime=2505) yet, just keep nextIndex unchanged and retry.
2023-04-21 06:17:53,389 [grpc-default-executor-1] WARN  server.GrpcLogAppender (GrpcLogAppender.java:resetClient(131)) - b517b6f9-ca83-4992-bad0-b7f510a386a5@group-F997DC6B75A8->75ab3abc-5937-4b12-9491-8e152555f8b6-GrpcLogAppender: Leader has not got in touch with Follower b517b6f9-ca83-4992-bad0-b7f510a386a5@group-F997DC6B75A8->75ab3abc-5937-4b12-9491-8e152555f8b6(c0,m0,n1, attendVote=true, lastRpcSendTime=2529, lastRpcResponseTime=2506) yet, just keep nextIndex unchanged and retry.
2023-04-21 06:17:53,398 [grpc-default-executor-1] WARN  server.GrpcLogAppender (LogUtils.java:warn(122)) - b517b6f9-ca83-4992-bad0-b7f510a386a5@group-F997DC6B75A8->75ab3abc-5937-4b12-9491-8e152555f8b6-AppendLogResponseHandler: Failed appendEntries: org.apache.ratis.thirdparty.io.grpc.StatusRuntimeException: UNAVAILABLE: io exception
2023-04-21 06:17:53,398 [grpc-default-executor-6] WARN  server.GrpcLogAppender (LogUtils.java:warn(122)) - b517b6f9-ca83-4992-bad0-b7f510a386a5@group-F997DC6B75A8->75ab3abc-5937-4b12-9491-8e152555f8b6-AppendLogResponseHandler: Failed appendEntries: org.apache.ratis.thirdparty.io.grpc.StatusRuntimeException: UNAVAILABLE: io exception
2023-04-21 06:17:53,398 [grpc-default-executor-1] WARN  server.GrpcLogAppender (GrpcLogAppender.java:resetClient(131)) - b517b6f9-ca83-4992-bad0-b7f510a386a5@group-F997DC6B75A8->75ab3abc-5937-4b12-9491-8e152555f8b6-GrpcLogAppender: Leader has not got in touch with Follower b517b6f9-ca83-4992-bad0-b7f510a386a5@group-F997DC6B75A8->75ab3abc-5937-4b12-9491-8e152555f8b6(c0,m0,n1, attendVote=true, lastRpcSendTime=2538, lastRpcResponseTime=2515) yet, just keep nextIndex unchanged and retry.
2023-04-21 06:17:53,399 [grpc-default-executor-6] WARN  server.GrpcLogAppender (GrpcLogAppender.java:resetClient(131)) - b517b6f9-ca83-4992-bad0-b7f510a386a5@group-F997DC6B75A8->75ab3abc-5937-4b12-9491-8e152555f8b6-GrpcLogAppender: Leader has not got in touch with Follower b517b6f9-ca83-4992-bad0-b7f510a386a5@group-F997DC6B75A8->75ab3abc-5937-4b12-9491-8e152555f8b6(c0,m0,n1, attendVote=true, lastRpcSendTime=2539, lastRpcResponseTime=2516) yet, just keep nextIndex unchanged and retry.
2023-04-21 06:17:53,406 [Listener at 127.0.0.1/44977] INFO  volume.HddsVolume (HddsVolume.java:closeDbStore(437)) - SchemaV3 db is stopped at /home/runner/work/ozone/ozone/hadoop-ozone/integration-test/target/test-dir/MiniOzoneClusterImpl-83d87173-15eb-40d9-9fb5-e31a77cfd1f5/datanode-1/data-0/containers/hdds/83d87173-15eb-40d9-9fb5-e31a77cfd1f5/DS-f108bb0e-ae14-4326-a00c-8503291eb285/container.db for volume DS-f108bb0e-ae14-4326-a00c-8503291eb285
2023-04-21 06:17:53,406 [Listener at 127.0.0.1/44977] INFO  utils.BackgroundService (BackgroundService.java:shutdown(141)) - Shutting down service BlockDeletingService
2023-04-21 06:17:53,410 [Listener at 127.0.0.1/44977] INFO  utils.BackgroundService (BackgroundService.java:shutdown(141)) - Shutting down service StaleRecoveringContainerScrubbingService
2023-04-21 06:17:53,410 [ForkJoinPool.commonPool-worker-0] INFO  volume.HddsVolume (HddsVolume.java:closeDbStore(437)) - SchemaV3 db is stopped at /home/runner/work/ozone/ozone/hadoop-ozone/integration-test/target/test-dir/MiniOzoneClusterImpl-83d87173-15eb-40d9-9fb5-e31a77cfd1f5/datanode-0/data-0/containers/hdds/83d87173-15eb-40d9-9fb5-e31a77cfd1f5/DS-e375651a-f28b-41a4-8b21-f5080403677a/container.db for volume DS-e375651a-f28b-41a4-8b21-f5080403677a
2023-04-21 06:17:53,411 [ForkJoinPool.commonPool-worker-0] INFO  utils.BackgroundService (BackgroundService.java:shutdown(141)) - Shutting down service BlockDeletingService
2023-04-21 06:17:53,411 [ForkJoinPool.commonPool-worker-0] INFO  utils.BackgroundService (BackgroundService.java:shutdown(141)) - Shutting down service StaleRecoveringContainerScrubbingService
2023-04-21 06:17:53,413 [Listener at 127.0.0.1/44977] INFO  statemachine.DatanodeStateMachine (DatanodeStateMachine.java:stopDaemon(601)) - Ozone container server stopped.
2023-04-21 06:17:53,418 [ForkJoinPool.commonPool-worker-0] INFO  statemachine.DatanodeStateMachine (DatanodeStateMachine.java:stopDaemon(601)) - Ozone container server stopped.
2023-04-21 06:17:53,428 [ForkJoinPool.commonPool-worker-0] INFO  handler.ContextHandler (ContextHandler.java:doStop(1159)) - Stopped o.e.j.w.WebAppContext@443ee41{hddsDatanode,/,null,STOPPED}{jar:file:/home/runner/.m2/repository/org/apache/ozone/hdds-container-service/1.4.0-SNAPSHOT/hdds-container-service-1.4.0-SNAPSHOT.jar!/webapps/hddsDatanode}
2023-04-21 06:17:53,429 [ForkJoinPool.commonPool-worker-0] INFO  server.AbstractConnector (AbstractConnector.java:doStop(383)) - Stopped ServerConnector@7e041dfa{HTTP/1.1, (http/1.1)}{0.0.0.0:0}
2023-04-21 06:17:53,429 [ForkJoinPool.commonPool-worker-0] INFO  server.session (HouseKeeper.java:stopScavenging(149)) - node0 Stopped scavenging
2023-04-21 06:17:53,434 [ForkJoinPool.commonPool-worker-0] INFO  handler.ContextHandler (ContextHandler.java:doStop(1159)) - Stopped o.e.j.s.ServletContextHandler@656271c4{static,/static,jar:file:/home/runner/.m2/repository/org/apache/ozone/hdds-container-service/1.4.0-SNAPSHOT/hdds-container-service-1.4.0-SNAPSHOT.jar!/webapps/static,STOPPED}
2023-04-21 06:17:53,434 [ForkJoinPool.commonPool-worker-0] INFO  handler.ContextHandler (ContextHandler.java:doStop(1159)) - Stopped o.e.j.s.ServletContextHandler@1f495b08{logs,/logs,file:///home/runner/work/ozone/ozone/hadoop-ozone/integration-test/target/log,STOPPED}
2023-04-21 06:17:53,437 [ForkJoinPool.commonPool-worker-0] INFO  ozoneimpl.OzoneContainer (OzoneContainer.java:stop(419)) - Attempting to stop container services.
2023-04-21 06:17:53,438 [ForkJoinPool.commonPool-worker-0] INFO  server.RaftServer (RaftServerProxy.java:lambda$close$6(409)) - b517b6f9-ca83-4992-bad0-b7f510a386a5: close
2023-04-21 06:17:53,438 [b517b6f9-ca83-4992-bad0-b7f510a386a5-impl-thread1] INFO  server.RaftServer$Division (RaftServerImpl.java:lambda$close$4(458)) - b517b6f9-ca83-4992-bad0-b7f510a386a5@group-46B086B7E41A: shutdown
2023-04-21 06:17:53,438 [b517b6f9-ca83-4992-bad0-b7f510a386a5-impl-thread1] INFO  util.JmxRegister (JmxRegister.java:unregister(73)) - Successfully un-registered JMX Bean with object name Ratis:service=RaftServer,group=group-46B086B7E41A,id=b517b6f9-ca83-4992-bad0-b7f510a386a5
2023-04-21 06:17:53,438 [b517b6f9-ca83-4992-bad0-b7f510a386a5-impl-thread1] INFO  impl.RoleInfo (RoleInfo.java:shutdownFollowerState(110)) - b517b6f9-ca83-4992-bad0-b7f510a386a5: shutdown b517b6f9-ca83-4992-bad0-b7f510a386a5@group-46B086B7E41A-FollowerState
2023-04-21 06:17:53,438 [b517b6f9-ca83-4992-bad0-b7f510a386a5-impl-thread2] INFO  server.RaftServer$Division (RaftServerImpl.java:lambda$close$4(458)) - b517b6f9-ca83-4992-bad0-b7f510a386a5@group-2AC7A4B66396: shutdown
2023-04-21 06:17:53,439 [b517b6f9-ca83-4992-bad0-b7f510a386a5-impl-thread2] INFO  util.JmxRegister (JmxRegister.java:unregister(73)) - Successfully un-registered JMX Bean with object name Ratis:service=RaftServer,group=group-2AC7A4B66396,id=b517b6f9-ca83-4992-bad0-b7f510a386a5
2023-04-21 06:17:53,439 [b517b6f9-ca83-4992-bad0-b7f510a386a5-impl-thread2] INFO  impl.RoleInfo (RoleInfo.java:shutdownLeaderState(93)) - b517b6f9-ca83-4992-bad0-b7f510a386a5: shutdown b517b6f9-ca83-4992-bad0-b7f510a386a5@group-2AC7A4B66396-LeaderStateImpl
2023-04-21 06:17:53,439 [b517b6f9-ca83-4992-bad0-b7f510a386a5-impl-thread2] INFO  impl.PendingRequests (PendingRequests.java:sendNotLeaderResponses(282)) - b517b6f9-ca83-4992-bad0-b7f510a386a5@group-2AC7A4B66396-PendingRequests: sendNotLeaderResponses
2023-04-21 06:17:53,439 [b517b6f9-ca83-4992-bad0-b7f510a386a5@group-2AC7A4B66396-StateMachineUpdater] INFO  ratis.ContainerStateMachine (ContainerStateMachine.java:takeSnapshot(330)) - group-2AC7A4B66396: Taking a snapshot at:(t:1, i:0) file /home/runner/work/ozone/ozone/hadoop-ozone/integration-test/target/test-dir/MiniOzoneClusterImpl-83d87173-15eb-40d9-9fb5-e31a77cfd1f5/datanode-2/data/ratis/cd382569-9bf7-487f-9c4a-2ac7a4b66396/sm/snapshot.1_0
2023-04-21 06:17:53,439 [b517b6f9-ca83-4992-bad0-b7f510a386a5-impl-thread2] INFO  impl.StateMachineUpdater (StateMachineUpdater.java:stopAndJoin(153)) - b517b6f9-ca83-4992-bad0-b7f510a386a5@group-2AC7A4B66396-StateMachineUpdater: set stopIndex = 0
2023-04-21 06:17:53,439 [ForkJoinPool.commonPool-worker-0] INFO  server.GrpcService (GrpcService.java:closeImpl(271)) - b517b6f9-ca83-4992-bad0-b7f510a386a5: shutdown server GrpcServerProtocolService now
2023-04-21 06:17:53,440 [b517b6f9-ca83-4992-bad0-b7f510a386a5-impl-thread3] INFO  server.RaftServer$Division (RaftServerImpl.java:lambda$close$4(458)) - b517b6f9-ca83-4992-bad0-b7f510a386a5@group-F997DC6B75A8: shutdown
2023-04-21 06:17:53,440 [b517b6f9-ca83-4992-bad0-b7f510a386a5-impl-thread3] INFO  util.JmxRegister (JmxRegister.java:unregister(73)) - Successfully un-registered JMX Bean with object name Ratis:service=RaftServer,group=group-F997DC6B75A8,id=b517b6f9-ca83-4992-bad0-b7f510a386a5
2023-04-21 06:17:53,440 [b517b6f9-ca83-4992-bad0-b7f510a386a5-impl-thread3] INFO  impl.RoleInfo (RoleInfo.java:shutdownLeaderState(93)) - b517b6f9-ca83-4992-bad0-b7f510a386a5: shutdown b517b6f9-ca83-4992-bad0-b7f510a386a5@group-F997DC6B75A8-LeaderStateImpl
2023-04-21 06:17:53,440 [b517b6f9-ca83-4992-bad0-b7f510a386a5@group-2AC7A4B66396-StateMachineUpdater] INFO  ratis.ContainerStateMachine (ContainerStateMachine.java:takeSnapshot(341)) - group-2AC7A4B66396: Finished taking a snapshot at:(t:1, i:0) file:/home/runner/work/ozone/ozone/hadoop-ozone/integration-test/target/test-dir/MiniOzoneClusterImpl-83d87173-15eb-40d9-9fb5-e31a77cfd1f5/datanode-2/data/ratis/cd382569-9bf7-487f-9c4a-2ac7a4b66396/sm/snapshot.1_0 took: 2 ms
2023-04-21 06:17:53,441 [b517b6f9-ca83-4992-bad0-b7f510a386a5@group-2AC7A4B66396-StateMachineUpdater] INFO  impl.StateMachineUpdater (StateMachineUpdater.java:takeSnapshot(287)) - b517b6f9-ca83-4992-bad0-b7f510a386a5@group-2AC7A4B66396-StateMachineUpdater: Took a snapshot at index 0
2023-04-21 06:17:53,441 [b517b6f9-ca83-4992-bad0-b7f510a386a5@group-2AC7A4B66396-StateMachineUpdater] INFO  impl.StateMachineUpdater (StateMachineUpdater.java:lambda$new$0(92)) - b517b6f9-ca83-4992-bad0-b7f510a386a5@group-2AC7A4B66396-StateMachineUpdater: snapshotIndex: updateIncreasingly -1 -> 0
2023-04-21 06:17:53,441 [b517b6f9-ca83-4992-bad0-b7f510a386a5-impl-thread2] INFO  server.RaftServer$Division (ServerState.java:close(466)) - b517b6f9-ca83-4992-bad0-b7f510a386a5@group-2AC7A4B66396: closes. applyIndex: 0
2023-04-21 06:17:53,441 [b517b6f9-ca83-4992-bad0-b7f510a386a5@group-2AC7A4B66396-SegmentedRaftLogWorker] INFO  segmented.SegmentedRaftLogWorker (SegmentedRaftLogWorker.java:run(347)) - b517b6f9-ca83-4992-bad0-b7f510a386a5@group-2AC7A4B66396-SegmentedRaftLogWorker was interrupted, exiting. There are 0 tasks remaining in the queue.
2023-04-21 06:17:53,445 [ForkJoinPool.commonPool-worker-0] INFO  server.GrpcServerProtocolClient (GrpcServerProtocolClient.java:close(101)) - af01062f-3048-4ed4-9f14-cd7341189c22 Close channels
2023-04-21 06:17:53,445 [b517b6f9-ca83-4992-bad0-b7f510a386a5-impl-thread1] INFO  impl.StateMachineUpdater (StateMachineUpdater.java:stopAndJoin(153)) - b517b6f9-ca83-4992-bad0-b7f510a386a5@group-46B086B7E41A-StateMachineUpdater: set stopIndex = 0
2023-04-21 06:17:53,445 [b517b6f9-ca83-4992-bad0-b7f510a386a5@group-46B086B7E41A-FollowerState] INFO  impl.FollowerState (FollowerState.java:run(152)) - b517b6f9-ca83-4992-bad0-b7f510a386a5@group-46B086B7E41A-FollowerState was interrupted
2023-04-21 06:17:53,446 [b517b6f9-ca83-4992-bad0-b7f510a386a5-impl-thread2] INFO  segmented.SegmentedRaftLogWorker (SegmentedRaftLogWorker.java:close(257)) - b517b6f9-ca83-4992-bad0-b7f510a386a5@group-2AC7A4B66396-SegmentedRaftLogWorker close()
2023-04-21 06:17:53,446 [b517b6f9-ca83-4992-bad0-b7f510a386a5@group-46B086B7E41A-StateMachineUpdater] INFO  ratis.ContainerStateMachine (ContainerStateMachine.java:takeSnapshot(330)) - group-46B086B7E41A: Taking a snapshot at:(t:1, i:0) file /home/runner/work/ozone/ozone/hadoop-ozone/integration-test/target/test-dir/MiniOzoneClusterImpl-83d87173-15eb-40d9-9fb5-e31a77cfd1f5/datanode-2/data/ratis/9f182ab3-7013-44cd-8978-46b086b7e41a/sm/snapshot.1_0
2023-04-21 06:17:53,446 [ForkJoinPool.commonPool-worker-0] INFO  server.GrpcServerProtocolClient (GrpcServerProtocolClient.java:close(101)) - 75ab3abc-5937-4b12-9491-8e152555f8b6 Close channels
2023-04-21 06:17:53,447 [ForkJoinPool.commonPool-worker-0] INFO  server.GrpcService (GrpcService.java:closeImpl(280)) - b517b6f9-ca83-4992-bad0-b7f510a386a5: shutdown server GrpcServerProtocolService successfully
2023-04-21 06:17:53,447 [b517b6f9-ca83-4992-bad0-b7f510a386a5@group-46B086B7E41A-StateMachineUpdater] INFO  ratis.ContainerStateMachine (ContainerStateMachine.java:takeSnapshot(341)) - group-46B086B7E41A: Finished taking a snapshot at:(t:1, i:0) file:/home/runner/work/ozone/ozone/hadoop-ozone/integration-test/target/test-dir/MiniOzoneClusterImpl-83d87173-15eb-40d9-9fb5-e31a77cfd1f5/datanode-2/data/ratis/9f182ab3-7013-44cd-8978-46b086b7e41a/sm/snapshot.1_0 took: 1 ms
2023-04-21 06:17:53,447 [b517b6f9-ca83-4992-bad0-b7f510a386a5-NettyServerStreamRpc-bossGroup--thread1] INFO  logging.LoggingHandler (AbstractInternalLogger.java:log(148)) - [id: 0xb8d6ea2a, L:/0:0:0:0:0:0:0:0:39461] CLOSE
2023-04-21 06:17:53,447 [b517b6f9-ca83-4992-bad0-b7f510a386a5@group-46B086B7E41A-StateMachineUpdater] INFO  impl.StateMachineUpdater (StateMachineUpdater.java:takeSnapshot(287)) - b517b6f9-ca83-4992-bad0-b7f510a386a5@group-46B086B7E41A-StateMachineUpdater: Took a snapshot at index 0
2023-04-21 06:17:53,447 [b517b6f9-ca83-4992-bad0-b7f510a386a5@group-46B086B7E41A-StateMachineUpdater] INFO  impl.StateMachineUpdater (StateMachineUpdater.java:lambda$new$0(92)) - b517b6f9-ca83-4992-bad0-b7f510a386a5@group-46B086B7E41A-StateMachineUpdater: snapshotIndex: updateIncreasingly -1 -> 0
2023-04-21 06:17:53,447 [b517b6f9-ca83-4992-bad0-b7f510a386a5-NettyServerStreamRpc-bossGroup--thread1] INFO  logging.LoggingHandler (AbstractInternalLogger.java:log(148)) - [id: 0xb8d6ea2a, L:/0:0:0:0:0:0:0:0:39461] INACTIVE
2023-04-21 06:17:53,447 [b517b6f9-ca83-4992-bad0-b7f510a386a5-NettyServerStreamRpc-bossGroup--thread1] INFO  logging.LoggingHandler (AbstractInternalLogger.java:log(148)) - [id: 0xb8d6ea2a, L:/0:0:0:0:0:0:0:0:39461] UNREGISTERED
2023-04-21 06:17:53,447 [b517b6f9-ca83-4992-bad0-b7f510a386a5-impl-thread1] INFO  server.RaftServer$Division (ServerState.java:close(466)) - b517b6f9-ca83-4992-bad0-b7f510a386a5@group-46B086B7E41A: closes. applyIndex: 0
2023-04-21 06:17:53,447 [b517b6f9-ca83-4992-bad0-b7f510a386a5@group-46B086B7E41A-SegmentedRaftLogWorker] INFO  segmented.SegmentedRaftLogWorker (SegmentedRaftLogWorker.java:run(347)) - b517b6f9-ca83-4992-bad0-b7f510a386a5@group-46B086B7E41A-SegmentedRaftLogWorker was interrupted, exiting. There are 0 tasks remaining in the queue.
2023-04-21 06:17:53,450 [b517b6f9-ca83-4992-bad0-b7f510a386a5-impl-thread3] INFO  impl.PendingRequests (PendingRequests.java:sendNotLeaderResponses(282)) - b517b6f9-ca83-4992-bad0-b7f510a386a5@group-F997DC6B75A8-PendingRequests: sendNotLeaderResponses
2023-04-21 06:17:53,450 [b517b6f9-ca83-4992-bad0-b7f510a386a5-impl-thread3] INFO  impl.StateMachineUpdater (StateMachineUpdater.java:stopAndJoin(153)) - b517b6f9-ca83-4992-bad0-b7f510a386a5@group-F997DC6B75A8-StateMachineUpdater: set stopIndex = 0
2023-04-21 06:17:53,451 [b517b6f9-ca83-4992-bad0-b7f510a386a5@group-F997DC6B75A8-StateMachineUpdater] INFO  ratis.ContainerStateMachine (ContainerStateMachine.java:takeSnapshot(330)) - group-F997DC6B75A8: Taking a snapshot at:(t:1, i:0) file /home/runner/work/ozone/ozone/hadoop-ozone/integration-test/target/test-dir/MiniOzoneClusterImpl-83d87173-15eb-40d9-9fb5-e31a77cfd1f5/datanode-2/data/ratis/2a9470b5-06aa-48d6-a6c2-f997dc6b75a8/sm/snapshot.1_0
2023-04-21 06:17:53,454 [Listener at 127.0.0.1/44977] INFO  handler.ContextHandler (ContextHandler.java:doStop(1159)) - Stopped o.e.j.w.WebAppContext@996b361{hddsDatanode,/,null,STOPPED}{jar:file:/home/runner/.m2/repository/org/apache/ozone/hdds-container-service/1.4.0-SNAPSHOT/hdds-container-service-1.4.0-SNAPSHOT.jar!/webapps/hddsDatanode}
2023-04-21 06:17:53,455 [Listener at 127.0.0.1/44977] INFO  server.AbstractConnector (AbstractConnector.java:doStop(383)) - Stopped ServerConnector@552731fe{HTTP/1.1, (http/1.1)}{0.0.0.0:0}
2023-04-21 06:17:53,455 [Listener at 127.0.0.1/44977] INFO  server.session (HouseKeeper.java:stopScavenging(149)) - node0 Stopped scavenging
2023-04-21 06:17:53,455 [b517b6f9-ca83-4992-bad0-b7f510a386a5@group-F997DC6B75A8-StateMachineUpdater] INFO  ratis.ContainerStateMachine (ContainerStateMachine.java:takeSnapshot(341)) - group-F997DC6B75A8: Finished taking a snapshot at:(t:1, i:0) file:/home/runner/work/ozone/ozone/hadoop-ozone/integration-test/target/test-dir/MiniOzoneClusterImpl-83d87173-15eb-40d9-9fb5-e31a77cfd1f5/datanode-2/data/ratis/2a9470b5-06aa-48d6-a6c2-f997dc6b75a8/sm/snapshot.1_0 took: 4 ms
2023-04-21 06:17:53,456 [b517b6f9-ca83-4992-bad0-b7f510a386a5@group-F997DC6B75A8-StateMachineUpdater] INFO  impl.StateMachineUpdater (StateMachineUpdater.java:takeSnapshot(287)) - b517b6f9-ca83-4992-bad0-b7f510a386a5@group-F997DC6B75A8-StateMachineUpdater: Took a snapshot at index 0
2023-04-21 06:17:53,456 [b517b6f9-ca83-4992-bad0-b7f510a386a5@group-F997DC6B75A8-StateMachineUpdater] INFO  impl.StateMachineUpdater (StateMachineUpdater.java:lambda$new$0(92)) - b517b6f9-ca83-4992-bad0-b7f510a386a5@group-F997DC6B75A8-StateMachineUpdater: snapshotIndex: updateIncreasingly -1 -> 0
2023-04-21 06:17:53,457 [b517b6f9-ca83-4992-bad0-b7f510a386a5-impl-thread1] INFO  segmented.SegmentedRaftLogWorker (SegmentedRaftLogWorker.java:close(257)) - b517b6f9-ca83-4992-bad0-b7f510a386a5@group-46B086B7E41A-SegmentedRaftLogWorker close()
2023-04-21 06:17:53,458 [Listener at 127.0.0.1/44977] INFO  handler.ContextHandler (ContextHandler.java:doStop(1159)) - Stopped o.e.j.s.ServletContextHandler@4c94e0c5{static,/static,jar:file:/home/runner/.m2/repository/org/apache/ozone/hdds-container-service/1.4.0-SNAPSHOT/hdds-container-service-1.4.0-SNAPSHOT.jar!/webapps/static,STOPPED}
2023-04-21 06:17:53,458 [Listener at 127.0.0.1/44977] INFO  handler.ContextHandler (ContextHandler.java:doStop(1159)) - Stopped o.e.j.s.ServletContextHandler@4af8cf86{logs,/logs,file:///home/runner/work/ozone/ozone/hadoop-ozone/integration-test/target/log,STOPPED}
2023-04-21 06:17:53,459 [b517b6f9-ca83-4992-bad0-b7f510a386a5-impl-thread3] INFO  server.RaftServer$Division (ServerState.java:close(466)) - b517b6f9-ca83-4992-bad0-b7f510a386a5@group-F997DC6B75A8: closes. applyIndex: 0
2023-04-21 06:17:53,459 [b517b6f9-ca83-4992-bad0-b7f510a386a5@group-F997DC6B75A8-SegmentedRaftLogWorker] INFO  segmented.SegmentedRaftLogWorker (SegmentedRaftLogWorker.java:run(347)) - b517b6f9-ca83-4992-bad0-b7f510a386a5@group-F997DC6B75A8-SegmentedRaftLogWorker was interrupted, exiting. There are 0 tasks remaining in the queue.
2023-04-21 06:17:53,460 [b517b6f9-ca83-4992-bad0-b7f510a386a5-impl-thread3] INFO  segmented.SegmentedRaftLogWorker (SegmentedRaftLogWorker.java:close(257)) - b517b6f9-ca83-4992-bad0-b7f510a386a5@group-F997DC6B75A8-SegmentedRaftLogWorker close()
2023-04-21 06:17:53,461 [JvmPauseMonitor19] INFO  util.JvmPauseMonitor (JvmPauseMonitor.java:run(111)) - JvmPauseMonitor-b517b6f9-ca83-4992-bad0-b7f510a386a5: Stopped
2023-04-21 06:17:55,465 [ForkJoinPool.commonPool-worker-0] INFO  volume.HddsVolume (HddsVolume.java:closeDbStore(437)) - SchemaV3 db is stopped at /home/runner/work/ozone/ozone/hadoop-ozone/integration-test/target/test-dir/MiniOzoneClusterImpl-83d87173-15eb-40d9-9fb5-e31a77cfd1f5/datanode-2/data-0/containers/hdds/83d87173-15eb-40d9-9fb5-e31a77cfd1f5/DS-ae5b4cef-2cce-432d-988e-39fb00a4c5dd/container.db for volume DS-ae5b4cef-2cce-432d-988e-39fb00a4c5dd
2023-04-21 06:17:55,466 [ForkJoinPool.commonPool-worker-0] INFO  utils.BackgroundService (BackgroundService.java:shutdown(141)) - Shutting down service BlockDeletingService
2023-04-21 06:17:55,466 [ForkJoinPool.commonPool-worker-0] INFO  utils.BackgroundService (BackgroundService.java:shutdown(141)) - Shutting down service StaleRecoveringContainerScrubbingService
2023-04-21 06:17:55,468 [ForkJoinPool.commonPool-worker-0] INFO  statemachine.DatanodeStateMachine (DatanodeStateMachine.java:stopDaemon(601)) - Ozone container server stopped.
2023-04-21 06:17:55,477 [ForkJoinPool.commonPool-worker-0] INFO  handler.ContextHandler (ContextHandler.java:doStop(1159)) - Stopped o.e.j.w.WebAppContext@6a2c12cb{hddsDatanode,/,null,STOPPED}{jar:file:/home/runner/.m2/repository/org/apache/ozone/hdds-container-service/1.4.0-SNAPSHOT/hdds-container-service-1.4.0-SNAPSHOT.jar!/webapps/hddsDatanode}
2023-04-21 06:17:55,478 [ForkJoinPool.commonPool-worker-0] INFO  server.AbstractConnector (AbstractConnector.java:doStop(383)) - Stopped ServerConnector@78b58fe5{HTTP/1.1, (http/1.1)}{0.0.0.0:0}
2023-04-21 06:17:55,478 [ForkJoinPool.commonPool-worker-0] INFO  server.session (HouseKeeper.java:stopScavenging(149)) - node0 Stopped scavenging
2023-04-21 06:17:55,481 [ForkJoinPool.commonPool-worker-0] INFO  handler.ContextHandler (ContextHandler.java:doStop(1159)) - Stopped o.e.j.s.ServletContextHandler@4cf0173e{static,/static,jar:file:/home/runner/.m2/repository/org/apache/ozone/hdds-container-service/1.4.0-SNAPSHOT/hdds-container-service-1.4.0-SNAPSHOT.jar!/webapps/static,STOPPED}
2023-04-21 06:17:55,481 [ForkJoinPool.commonPool-worker-0] INFO  handler.ContextHandler (ContextHandler.java:doStop(1159)) - Stopped o.e.j.s.ServletContextHandler@5c3dd8b4{logs,/logs,file:///home/runner/work/ozone/ozone/hadoop-ozone/integration-test/target/log,STOPPED}
2023-04-21 06:17:55,483 [Listener at 127.0.0.1/44977] INFO  ozone.MiniOzoneClusterImpl (MiniOzoneClusterImpl.java:stopSCM(552)) - Stopping the StorageContainerManager
2023-04-21 06:17:55,483 [Listener at 127.0.0.1/44977] INFO  server.StorageContainerManager (StorageContainerManager.java:stop(1577)) - Container Balancer is not running.
2023-04-21 06:17:55,484 [Listener at 127.0.0.1/44977] INFO  server.StorageContainerManager (StorageContainerManager.java:stopReplicationManager(1708)) - Stopping Replication Manager Service.
2023-04-21 06:17:55,484 [Listener at 127.0.0.1/44977] INFO  replication.ReplicationManager (ReplicationManager.java:stop(321)) - Stopping Replication Monitor Thread.
2023-04-21 06:17:55,484 [Listener at 127.0.0.1/44977] INFO  server.StorageContainerManager (StorageContainerManager.java:stop(1586)) - Stopping the Datanode Admin Monitor.
2023-04-21 06:17:55,484 [Under Replicated Processor] WARN  replication.UnhealthyReplicationProcessor (UnhealthyReplicationProcessor.java:run(146)) - Under Replicated Processor interrupted. Exiting...
2023-04-21 06:17:55,484 [Over Replicated Processor] WARN  replication.UnhealthyReplicationProcessor (UnhealthyReplicationProcessor.java:run(146)) - Over Replicated Processor interrupted. Exiting...
2023-04-21 06:17:55,484 [ReplicationMonitor] INFO  replication.ReplicationManager (ReplicationManager.java:run(975)) - Replication Monitor Thread is stopped
2023-04-21 06:17:55,484 [Listener at 127.0.0.1/44977] INFO  server.StorageContainerManager (StorageContainerManager.java:stop(1593)) - Stopping datanode service RPC server
2023-04-21 06:17:55,484 [Listener at 127.0.0.1/44977] INFO  server.SCMDatanodeProtocolServer (SCMDatanodeProtocolServer.java:stop(424)) - Stopping the RPC server for DataNodes
2023-04-21 06:17:55,484 [Listener at 127.0.0.1/44977] INFO  ipc.Server (Server.java:stop(3501)) - Stopping server on 44365
2023-04-21 06:17:55,488 [IPC Server Responder] INFO  ipc.Server (Server.java:run(1563)) - Stopping IPC Server Responder
2023-04-21 06:17:55,488 [IPC Server listener on 0] INFO  ipc.Server (Server.java:run(1430)) - Stopping IPC Server listener on 0
2023-04-21 06:17:55,503 [SCM Heartbeat Processing Thread - 0] WARN  node.NodeStateManager (NodeStateManager.java:scheduleNextHealthCheck(870)) - Current Thread is interrupted, shutting down HB processing thread for Node Manager.
2023-04-21 06:17:55,504 [Listener at 127.0.0.1/44977] INFO  server.StorageContainerManager (StorageContainerManager.java:stop(1601)) - Stopping block service RPC server
2023-04-21 06:17:55,504 [Listener at 127.0.0.1/44977] INFO  server.SCMBlockProtocolServer (SCMBlockProtocolServer.java:stop(161)) - Stopping the RPC server for Block Protocol
2023-04-21 06:17:55,504 [Listener at 127.0.0.1/44977] INFO  ipc.Server (Server.java:stop(3501)) - Stopping server on 43959
2023-04-21 06:17:55,505 [IPC Server Responder] INFO  ipc.Server (Server.java:run(1563)) - Stopping IPC Server Responder
2023-04-21 06:17:55,505 [IPC Server listener on 0] INFO  ipc.Server (Server.java:run(1430)) - Stopping IPC Server listener on 0
2023-04-21 06:17:55,506 [Listener at 127.0.0.1/44977] INFO  server.StorageContainerManager (StorageContainerManager.java:stop(1608)) - Stopping the StorageContainerLocationProtocol RPC server
2023-04-21 06:17:55,506 [Listener at 127.0.0.1/44977] INFO  server.SCMClientProtocolServer (SCMClientProtocolServer.java:stop(206)) - Stopping the RPC server for Client Protocol
2023-04-21 06:17:55,506 [Listener at 127.0.0.1/44977] INFO  ipc.Server (Server.java:stop(3501)) - Stopping server on 36509
2023-04-21 06:17:55,508 [IPC Server listener on 0] INFO  ipc.Server (Server.java:run(1430)) - Stopping IPC Server listener on 0
2023-04-21 06:17:55,508 [IPC Server Responder] INFO  ipc.Server (Server.java:run(1563)) - Stopping IPC Server Responder
2023-04-21 06:17:55,508 [Listener at 127.0.0.1/44977] INFO  server.StorageContainerManager (StorageContainerManager.java:stop(1615)) - Stopping Storage Container Manager HTTP server.
2023-04-21 06:17:55,509 [Listener at 127.0.0.1/44977] INFO  handler.ContextHandler (ContextHandler.java:doStop(1159)) - Stopped o.e.j.w.WebAppContext@7fa1cc57{scm,/,null,STOPPED}{file:/home/runner/work/ozone/ozone/hadoop-ozone/integration-test/target/test-classes/webapps/scm}
2023-04-21 06:17:55,510 [Listener at 127.0.0.1/44977] INFO  server.AbstractConnector (AbstractConnector.java:doStop(383)) - Stopped ServerConnector@43d7a2da{HTTP/1.1, (http/1.1)}{0.0.0.0:0}
2023-04-21 06:17:55,510 [Listener at 127.0.0.1/44977] INFO  server.session (HouseKeeper.java:stopScavenging(149)) - node0 Stopped scavenging
2023-04-21 06:17:55,510 [Listener at 127.0.0.1/44977] INFO  handler.ContextHandler (ContextHandler.java:doStop(1159)) - Stopped o.e.j.s.ServletContextHandler@458df97c{static,/static,file:///home/runner/work/ozone/ozone/hadoop-ozone/integration-test/target/test-classes/webapps/static,STOPPED}
2023-04-21 06:17:55,510 [Listener at 127.0.0.1/44977] INFO  handler.ContextHandler (ContextHandler.java:doStop(1159)) - Stopped o.e.j.s.ServletContextHandler@3acb2d04{logs,/logs,file:///home/runner/work/ozone/ozone/hadoop-ozone/integration-test/target/log,STOPPED}
2023-04-21 06:17:55,511 [Listener at 127.0.0.1/44977] INFO  server.StorageContainerManager (StorageContainerManager.java:stop(1623)) - Stopping SCM LayoutVersionManager Service.
2023-04-21 06:17:55,511 [Listener at 127.0.0.1/44977] INFO  server.StorageContainerManager (StorageContainerManager.java:stop(1631)) - Stopping Block Manager Service.
2023-04-21 06:17:55,511 [Listener at 127.0.0.1/44977] INFO  utils.BackgroundService (BackgroundService.java:shutdown(141)) - Shutting down service SCMBlockDeletingService
2023-04-21 06:17:55,511 [Listener at 127.0.0.1/44977] INFO  utils.BackgroundService (BackgroundService.java:shutdown(141)) - Shutting down service SCMBlockDeletingService
2023-04-21 06:17:55,511 [Listener at 127.0.0.1/44977] INFO  server.StorageContainerManager (StorageContainerManager.java:stop(1653)) - Stopping SCM Event Queue.
2023-04-21 06:17:55,513 [Listener at 127.0.0.1/44977] INFO  server.StorageContainerManager (StorageContainerManager.java:stop(1664)) - Stopping SCM HA services.
2023-04-21 06:17:55,513 [Listener at 127.0.0.1/44977] INFO  pipeline.BackgroundPipelineCreator (BackgroundPipelineCreator.java:stop(149)) - Stopping RatisPipelineUtilsThread.
2023-04-21 06:17:55,513 [RatisPipelineUtilsThread - 0] WARN  pipeline.BackgroundPipelineCreator (BackgroundPipelineCreator.java:run(180)) - RatisPipelineUtilsThread is interrupted.
2023-04-21 06:17:55,513 [Listener at 127.0.0.1/44977] INFO  BackgroundPipelineScrubber (BackgroundSCMService.java:stop(131)) - Stopping BackgroundPipelineScrubber Service.
2023-04-21 06:17:55,513 [BackgroundPipelineScrubberThread] WARN  BackgroundPipelineScrubber (BackgroundSCMService.java:run(115)) - BackgroundPipelineScrubber is interrupted, exit
2023-04-21 06:17:55,514 [Listener at 127.0.0.1/44977] INFO  impl.MetricsSystemImpl (MetricsSystemImpl.java:stop(210)) - Stopping HddsDatanode metrics system...
2023-04-21 06:17:55,514 [prometheus] INFO  impl.MetricsSinkAdapter (MetricsSinkAdapter.java:publishMetricsFromQueue(141)) - prometheus thread interrupted.
2023-04-21 06:17:55,515 [Listener at 127.0.0.1/44977] INFO  impl.MetricsSystemImpl (MetricsSystemImpl.java:stop(216)) - HddsDatanode metrics system stopped.
2023-04-21 06:17:55,515 [Listener at 127.0.0.1/44977] WARN  pipeline.BackgroundPipelineCreator (BackgroundPipelineCreator.java:stop(145)) - RatisPipelineUtilsThread is not running, just ignore.
2023-04-21 06:17:55,515 [Listener at 127.0.0.1/44977] INFO  BackgroundPipelineScrubber (BackgroundSCMService.java:stop(126)) - BackgroundPipelineScrubber Service is not running, skip stop.
2023-04-21 06:17:55,515 [Listener at 127.0.0.1/44977] INFO  ExpiredContainerReplicaOpScrubber (BackgroundSCMService.java:stop(131)) - Stopping ExpiredContainerReplicaOpScrubber Service.
2023-04-21 06:17:55,515 [ExpiredContainerReplicaOpScrubberThread] WARN  ExpiredContainerReplicaOpScrubber (BackgroundSCMService.java:run(115)) - ExpiredContainerReplicaOpScrubber is interrupted, exit
2023-04-21 06:17:55,515 [Listener at 127.0.0.1/44977] INFO  utils.BackgroundService (BackgroundService.java:shutdown(141)) - Shutting down service SCMBlockDeletingService
2023-04-21 06:17:55,516 [Listener at 127.0.0.1/44977] INFO  replication.ReplicationManager (ReplicationManager.java:stop(331)) - Replication Monitor Thread is not running.
2023-04-21 06:17:55,516 [Listener at 127.0.0.1/44977] WARN  balancer.ContainerBalancer (ContainerBalancer.java:stop(324)) - Cannot stop Container Balancer because it's not running or stopping
2023-04-21 06:17:55,516 [Listener at 127.0.0.1/44977] INFO  server.StorageContainerManager (StorageContainerManager.java:stop(1699)) - Stopping SCM MetadataStore.
2023-04-21 06:17:55,536 [Listener at 127.0.0.1/44977] WARN  server.ServerUtils (ServerUtils.java:getScmDbDir(148)) - ozone.scm.db.dirs is not configured. We recommend adding this setting. Falling back to ozone.metadata.dirs instead.
2023-04-21 06:17:55,538 [Listener at 127.0.0.1/44977] WARN  server.ServerUtils (ServerUtils.java:getScmDbDir(148)) - ozone.scm.db.dirs is not configured. We recommend adding this setting. Falling back to ozone.metadata.dirs instead.
2023-04-21 06:17:55,539 [Listener at 127.0.0.1/44977] INFO  ha.SCMHANodeDetails (SCMHANodeDetails.java:loadSCMHAConfig(209)) - ServiceID for StorageContainerManager is null
2023-04-21 06:17:55,539 [Listener at 127.0.0.1/44977] INFO  ha.SCMHANodeDetails (SCMHANodeDetails.java:loadSCMHAConfig(214)) - ozone.scm.default.service.id is not defined, falling back to ozone.scm.service.ids to find serviceID for StorageContainerManager if it is HA enabled cluster
2023-04-21 06:17:55,539 [Listener at 127.0.0.1/44977] WARN  utils.HAUtils (HAUtils.java:getMetaDir(342)) - ozone.scm.db.dirs is not configured. We recommend adding this setting. Falling back to ozone.metadata.dirs instead.
2023-04-21 06:17:55,539 [Listener at 127.0.0.1/44977] WARN  db.DBStoreBuilder (DBStoreBuilder.java:applyDBDefinition(182)) - ozone.scm.db.dirs is not configured. We recommend adding this setting. Falling back to ozone.metadata.dirs instead.
2023-04-21 06:17:55,724 [Listener at 127.0.0.1/44977] INFO  net.NodeSchemaLoader (NodeSchemaLoader.java:loadSchemaFromFile(129)) - Loading schema from [jar:file:/home/runner/.m2/repository/org/apache/ozone/hdds-common/1.4.0-SNAPSHOT/hdds-common-1.4.0-SNAPSHOT.jar!/network-topology-default.xml]
2023-04-21 06:17:55,724 [Listener at 127.0.0.1/44977] INFO  net.NodeSchemaLoader (NodeSchemaLoader.java:loadSchema(176)) - Loading network topology layer schema file
2023-04-21 06:17:55,727 [Listener at 127.0.0.1/44977] INFO  upgrade.AbstractLayoutVersionManager (AbstractLayoutVersionManager.java:init(83)) - Initializing Layout version manager with metadata layout = WEBUI_PORTS_IN_DATANODEDETAILS (version = 6), software layout = WEBUI_PORTS_IN_DATANODEDETAILS (version = 6)
2023-04-21 06:17:55,773 [Listener at 127.0.0.1/44977] INFO  reflections.Reflections (Reflections.java:scan(232)) - Reflections took 44 ms to scan 7 urls, producing 156 keys and 369 values 
2023-04-21 06:17:55,774 [Listener at 127.0.0.1/44977] INFO  ha.SequenceIdGenerator (SequenceIdGenerator.java:upgradeToSequenceId(349)) - upgrade localId to 111677748019200000
2023-04-21 06:17:55,774 [Listener at 127.0.0.1/44977] INFO  ha.SequenceIdGenerator (SequenceIdGenerator.java:upgradeToSequenceId(359)) - upgrade delTxnId to 0
2023-04-21 06:17:55,774 [Listener at 127.0.0.1/44977] INFO  ha.SequenceIdGenerator (SequenceIdGenerator.java:upgradeToSequenceId(376)) - upgrade containerId to 0
2023-04-21 06:17:55,775 [Listener at 127.0.0.1/44977] INFO  ha.SequenceIdGenerator (SequenceIdGenerator.java:<init>(220)) - Init the HA SequenceIdGenerator.
2023-04-21 06:17:55,775 [Listener at 127.0.0.1/44977] WARN  server.ServerUtils (ServerUtils.java:sanitizeUserArgs(73)) - ozone.scm.stale.node.interval value = 300000 is larger than max = 100000 based on the key value of ozone.scm.heartbeat.thread.interval, reset to the max value 100000.
2023-04-21 06:17:55,775 [Listener at 127.0.0.1/44977] WARN  server.ServerUtils (ServerUtils.java:sanitizeUserArgs(73)) - ozone.scm.stale.node.interval value = 300000 is larger than max = 100000 based on the key value of ozone.scm.heartbeat.thread.interval, reset to the max value 100000.
2023-04-21 06:17:55,777 [Listener at 127.0.0.1/44977] INFO  node.SCMNodeManager (SCMNodeManager.java:<init>(156)) - Entering startup safe mode.
2023-04-21 06:17:55,778 [Listener at 127.0.0.1/44977] INFO  algorithms.ContainerPlacementPolicyFactory (ContainerPlacementPolicyFactory.java:getPolicyInternal(86)) - Create container placement policy of type org.apache.hadoop.hdds.scm.container.placement.algorithms.SCMContainerPlacementRackAware
2023-04-21 06:17:55,778 [Listener at 127.0.0.1/44977] INFO  algorithms.ContainerPlacementPolicyFactory (ContainerPlacementPolicyFactory.java:getPolicyInternal(86)) - Create container placement policy of type org.apache.hadoop.hdds.scm.container.placement.algorithms.SCMContainerPlacementRackScatter
2023-04-21 06:17:55,778 [Listener at 127.0.0.1/44977] INFO  pipeline.PipelineStateManagerImpl (PipelineStateManagerImpl.java:initialize(78)) - No pipeline exists in current db
2023-04-21 06:17:55,779 [Listener at 127.0.0.1/44977] INFO  algorithms.LeaderChoosePolicyFactory (LeaderChoosePolicyFactory.java:getPolicy(57)) - Create leader choose policy of type org.apache.hadoop.hdds.scm.pipeline.leader.choose.algorithms.MinLeaderCountChoosePolicy
2023-04-21 06:17:55,779 [Listener at 127.0.0.1/44977] INFO  algorithms.ContainerPlacementPolicyFactory (ContainerPlacementPolicyFactory.java:getPolicyInternal(86)) - Create container placement policy of type org.apache.hadoop.hdds.scm.container.placement.algorithms.SCMContainerPlacementRackScatter
2023-04-21 06:17:55,779 [Listener at 127.0.0.1/44977] INFO  ha.SCMServiceManager (SCMServiceManager.java:register(42)) - Registering service BackgroundPipelineCreator.
2023-04-21 06:17:55,779 [Listener at 127.0.0.1/44977] INFO  pipeline.BackgroundPipelineCreator (BackgroundPipelineCreator.java:start(124)) - Starting RatisPipelineUtilsThread.
2023-04-21 06:17:55,779 [Listener at 127.0.0.1/44977] INFO  BackgroundPipelineScrubber (BackgroundSCMService.java:start(68)) - Starting BackgroundPipelineScrubber Service.
2023-04-21 06:17:55,779 [Listener at 127.0.0.1/44977] INFO  ha.SCMServiceManager (SCMServiceManager.java:register(42)) - Registering service BackgroundPipelineScrubber.
2023-04-21 06:17:55,779 [Listener at 127.0.0.1/44977] INFO  ExpiredContainerReplicaOpScrubber (BackgroundSCMService.java:start(68)) - Starting ExpiredContainerReplicaOpScrubber Service.
2023-04-21 06:17:55,780 [Listener at 127.0.0.1/44977] INFO  ha.SCMServiceManager (SCMServiceManager.java:register(42)) - Registering service ExpiredContainerReplicaOpScrubber.
2023-04-21 06:17:55,781 [Listener at 127.0.0.1/44977] INFO  algorithms.PipelineChoosePolicyFactory (PipelineChoosePolicyFactory.java:createPipelineChoosePolicyFromClass(73)) - Create pipeline choose policy of type org.apache.hadoop.hdds.scm.pipeline.choose.algorithms.RandomPipelineChoosePolicy
2023-04-21 06:17:55,781 [Listener at 127.0.0.1/44977] INFO  ha.SCMServiceManager (SCMServiceManager.java:register(42)) - Registering service SCMBlockDeletingService.
2023-04-21 06:17:55,782 [Listener at 127.0.0.1/44977] INFO  replication.ReplicationManager (ReplicationManager.java:start(288)) - Starting Replication Monitor Thread.
2023-04-21 06:17:55,784 [Listener at 127.0.0.1/44977] INFO  ha.SCMServiceManager (SCMServiceManager.java:register(42)) - Registering service ReplicationManager.
2023-04-21 06:17:55,784 [Listener at 127.0.0.1/44977] INFO  safemode.ContainerSafeModeRule (ContainerSafeModeRule.java:<init>(89)) - containers with one replica threshold count 0
2023-04-21 06:17:55,784 [Listener at 127.0.0.1/44977] INFO  safemode.HealthyPipelineSafeModeRule (HealthyPipelineSafeModeRule.java:initializeRule(169)) - Total pipeline count is 0, healthy pipeline threshold count is 1
2023-04-21 06:17:55,785 [Listener at 127.0.0.1/44977] INFO  safemode.OneReplicaPipelineSafeModeRule (OneReplicaPipelineSafeModeRule.java:initializeRule(180)) - Total pipeline count is 0, pipeline's with at least one datanode reported threshold count is 0
2023-04-21 06:17:55,785 [ReplicationMonitor] INFO  replication.ReplicationManager (ReplicationManager.java:processAll(363)) - Replication Manager is not ready to run until 3000ms after safemode exit
2023-04-21 06:17:55,785 [Listener at 127.0.0.1/44977] INFO  server.StorageContainerManager (StorageContainerManager.java:<init>(402)) - SCM start with adminUsers: [adminUser1, adminUser2, runner]
2023-04-21 06:17:55,785 [Listener at 127.0.0.1/44977] INFO  ipc.CallQueueManager (CallQueueManager.java:<init>(90)) - Using callQueue: class java.util.concurrent.LinkedBlockingQueue, queueCapacity: 2000, scheduler: class org.apache.hadoop.ipc.DefaultRpcScheduler, ipcBackoff: false.
2023-04-21 06:17:55,786 [Socket Reader #1 for port 0] INFO  ipc.Server (Server.java:run(1319)) - Starting Socket Reader #1 for port 0
2023-04-21 06:17:55,787 [Listener at 0.0.0.0/40181] INFO  ipc.CallQueueManager (CallQueueManager.java:<init>(90)) - Using callQueue: class java.util.concurrent.LinkedBlockingQueue, queueCapacity: 2000, scheduler: class org.apache.hadoop.ipc.DefaultRpcScheduler, ipcBackoff: false.
2023-04-21 06:17:55,788 [Socket Reader #1 for port 0] INFO  ipc.Server (Server.java:run(1319)) - Starting Socket Reader #1 for port 0
2023-04-21 06:17:55,789 [Listener at 0.0.0.0/43307] INFO  ipc.CallQueueManager (CallQueueManager.java:<init>(90)) - Using callQueue: class java.util.concurrent.LinkedBlockingQueue, queueCapacity: 2000, scheduler: class org.apache.hadoop.ipc.DefaultRpcScheduler, ipcBackoff: false.
2023-04-21 06:17:55,789 [Socket Reader #1 for port 0] INFO  ipc.Server (Server.java:run(1319)) - Starting Socket Reader #1 for port 0
2023-04-21 06:17:55,793 [Listener at 0.0.0.0/37971] INFO  ha.SCMServiceManager (SCMServiceManager.java:register(42)) - Registering service ContainerBalancer.
2023-04-21 06:17:55,793 [Listener at 0.0.0.0/37971] INFO  server.StorageContainerManager (StorageContainerManager.java:<init>(419)) - 
Container Balancer status:
Key                            Value
Running                        false
Container Balancer Configuration values:
Key                                                Value
Threshold                                          10
Max Datanodes to Involve per Iteration(percent)    20
Max Size to Move per Iteration                     500GB
Max Size Entering Target per Iteration             26GB
Max Size Leaving Source per Iteration              26GB

2023-04-21 06:17:55,793 [Listener at 0.0.0.0/37971] INFO  ha.SCMContext (SCMContext.java:updateSafeModeStatus(228)) - Update SafeModeStatus from SafeModeStatus{safeModeStatus=true, preCheckPassed=false} to SafeModeStatus{safeModeStatus=true, preCheckPassed=false}.
2023-04-21 06:17:55,793 [Listener at 0.0.0.0/37971] INFO  server.StorageContainerManager (StorageContainerManager.java:start(1476)) - StorageContainerLocationProtocol RPC server is listening at /0.0.0.0:37971
2023-04-21 06:17:55,795 [Listener at 0.0.0.0/37971] WARN  impl.MetricsConfig (MetricsConfig.java:loadFirst(136)) - Cannot locate configuration: tried hadoop-metrics2-storagecontainermanager.properties,hadoop-metrics2.properties
2023-04-21 06:17:55,804 [Listener at 0.0.0.0/37971] INFO  impl.MetricsSystemImpl (MetricsSystemImpl.java:startTimer(378)) - Scheduled Metric snapshot period at 10 second(s).
2023-04-21 06:17:55,804 [Listener at 0.0.0.0/37971] INFO  impl.MetricsSystemImpl (MetricsSystemImpl.java:start(191)) - StorageContainerManager metrics system started
2023-04-21 06:17:55,807 [Listener at 0.0.0.0/37971] INFO  impl.MetricsSinkAdapter (MetricsSinkAdapter.java:start(204)) - Sink prometheus started
2023-04-21 06:17:55,807 [Listener at 0.0.0.0/37971] INFO  impl.MetricsSystemImpl (MetricsSystemImpl.java:registerSink(305)) - Registered sink prometheus
2023-04-21 06:17:55,824 [Listener at 0.0.0.0/37971] INFO  server.SCMClientProtocolServer (SCMClientProtocolServer.java:start(197)) - RPC server for Client  is listening at /0.0.0.0:37971
2023-04-21 06:17:55,824 [IPC Server Responder] INFO  ipc.Server (Server.java:run(1558)) - IPC Server Responder: starting
2023-04-21 06:17:55,824 [IPC Server listener on 0] INFO  ipc.Server (Server.java:run(1398)) - IPC Server listener on 0: starting
2023-04-21 06:17:55,826 [Listener at 0.0.0.0/37971] INFO  server.StorageContainerManager (StorageContainerManager.java:start(1490)) - ScmBlockLocationProtocol RPC server is listening at /0.0.0.0:43307
2023-04-21 06:17:55,826 [Listener at 0.0.0.0/37971] INFO  server.SCMBlockProtocolServer (SCMBlockProtocolServer.java:start(152)) - RPC server for Block Protocol is listening at /0.0.0.0:43307
2023-04-21 06:17:55,827 [IPC Server Responder] INFO  ipc.Server (Server.java:run(1558)) - IPC Server Responder: starting
2023-04-21 06:17:55,827 [IPC Server listener on 0] INFO  ipc.Server (Server.java:run(1398)) - IPC Server listener on 0: starting
2023-04-21 06:17:55,828 [Listener at 0.0.0.0/37971] INFO  server.SCMDatanodeProtocolServer (SCMDatanodeProtocolServer.java:start(193)) - ScmDatanodeProtocol RPC server for DataNodes is listening at /0.0.0.0:40181
2023-04-21 06:17:55,828 [IPC Server Responder] INFO  ipc.Server (Server.java:run(1558)) - IPC Server Responder: starting
2023-04-21 06:17:55,829 [IPC Server listener on 0] INFO  ipc.Server (Server.java:run(1398)) - IPC Server listener on 0: starting
2023-04-21 06:17:55,840 [Listener at 0.0.0.0/37971] INFO  http.BaseHttpServer (BaseHttpServer.java:newHttpServer2BuilderForOzone(224)) - Starting Web-server for scm at: http://0.0.0.0:0
2023-04-21 06:17:55,840 [Listener at 0.0.0.0/37971] INFO  http.BaseHttpServer (BaseHttpServer.java:<init>(111)) - Hadoop Security Enabled: false Ozone Security Enabled: false Ozone HTTP Security Enabled: false 
2023-04-21 06:17:55,841 [Listener at 0.0.0.0/37971] WARN  server.AuthenticationFilter (AuthenticationFilter.java:constructSecretProvider(240)) - Unable to initialize FileSignerSecretProvider, falling back to use random secrets. Reason: Could not read signature secret file: /home/runner/hadoop-http-auth-signature-secret
2023-04-21 06:17:55,842 [org.apache.hadoop.util.JvmPauseMonitor$Monitor@254e80ab] INFO  util.JvmPauseMonitor (JvmPauseMonitor.java:run(188)) - Starting JVM pause monitor
2023-04-21 06:17:55,843 [Listener at 0.0.0.0/37971] INFO  http.HttpRequestLog (HttpRequestLog.java:getRequestLog(86)) - Http request log for http.requests.scm is not defined
2023-04-21 06:17:55,844 [Listener at 0.0.0.0/37971] INFO  http.HttpServer2 (HttpServer2.java:addGlobalFilter(1031)) - Added global filter 'safety' (class=org.apache.hadoop.hdds.server.http.HttpServer2$QuotingInputFilter)
2023-04-21 06:17:55,844 [Listener at 0.0.0.0/37971] INFO  http.HttpServer2 (HttpServer2.java:addFilter(1007)) - Added filter static_user_filter (class=org.apache.hadoop.http.lib.StaticUserWebFilter$StaticUserFilter) to context scm
2023-04-21 06:17:55,844 [Listener at 0.0.0.0/37971] INFO  http.HttpServer2 (HttpServer2.java:addFilter(1015)) - Added filter static_user_filter (class=org.apache.hadoop.http.lib.StaticUserWebFilter$StaticUserFilter) to context logs
2023-04-21 06:17:55,844 [Listener at 0.0.0.0/37971] INFO  http.HttpServer2 (HttpServer2.java:addFilter(1015)) - Added filter static_user_filter (class=org.apache.hadoop.http.lib.StaticUserWebFilter$StaticUserFilter) to context static
2023-04-21 06:17:55,845 [Listener at 0.0.0.0/37971] INFO  http.BaseHttpServer (BaseHttpServer.java:<init>(190)) - HTTP server of scm uses base directory /home/runner/work/ozone/ozone/hadoop-ozone/integration-test/target/test-dir/MiniOzoneClusterImpl-095cf78d-69a9-402e-99bd-cb43c7978d28/ozone-meta/webserver
2023-04-21 06:17:55,845 [Listener at 0.0.0.0/37971] INFO  http.HttpServer2 (HttpServer2.java:bindListener(1250)) - Jetty bound to port 35885
2023-04-21 06:17:55,845 [Listener at 0.0.0.0/37971] INFO  server.Server (Server.java:doStart(375)) - jetty-9.4.49.v20220914; built: 2022-09-14T01:07:36.601Z; git: 4231a3b2e4cb8548a412a789936d640a97b1aa0a; jvm 1.8.0_362-b09
2023-04-21 06:17:55,846 [Listener at 0.0.0.0/37971] INFO  server.session (DefaultSessionIdManager.java:doStart(334)) - DefaultSessionIdManager workerName=node0
2023-04-21 06:17:55,846 [Listener at 0.0.0.0/37971] INFO  server.session (DefaultSessionIdManager.java:doStart(339)) - No SessionScavenger set, using defaults
2023-04-21 06:17:55,847 [Listener at 0.0.0.0/37971] INFO  server.session (HouseKeeper.java:startScavenging(132)) - node0 Scavenging every 660000ms
2023-04-21 06:17:55,847 [Listener at 0.0.0.0/37971] INFO  handler.ContextHandler (ContextHandler.java:doStart(921)) - Started o.e.j.s.ServletContextHandler@7f063c52{logs,/logs,file:///home/runner/work/ozone/ozone/hadoop-ozone/integration-test/target/log,AVAILABLE}
2023-04-21 06:17:55,848 [Listener at 0.0.0.0/37971] INFO  handler.ContextHandler (ContextHandler.java:doStart(921)) - Started o.e.j.s.ServletContextHandler@4bf66aca{static,/static,file:///home/runner/work/ozone/ozone/hadoop-ozone/integration-test/target/test-classes/webapps/static,AVAILABLE}
2023-04-21 06:17:55,849 [Listener at 0.0.0.0/37971] INFO  handler.ContextHandler (ContextHandler.java:doStart(921)) - Started o.e.j.w.WebAppContext@3def744b{scm,/,file:///home/runner/work/ozone/ozone/hadoop-ozone/integration-test/target/test-classes/webapps/scm/,AVAILABLE}{file:/home/runner/work/ozone/ozone/hadoop-ozone/integration-test/target/test-classes/webapps/scm}
2023-04-21 06:17:55,854 [Listener at 0.0.0.0/37971] INFO  server.AbstractConnector (AbstractConnector.java:doStart(333)) - Started ServerConnector@c50c409{HTTP/1.1, (http/1.1)}{0.0.0.0:35885}
2023-04-21 06:17:55,854 [Listener at 0.0.0.0/37971] INFO  server.Server (Server.java:doStart(415)) - Started @158544ms
2023-04-21 06:17:55,854 [Listener at 0.0.0.0/37971] WARN  impl.MetricsSystemImpl (MetricsSystemImpl.java:register(279)) - Sink prometheus already exists!
2023-04-21 06:17:55,854 [Listener at 0.0.0.0/37971] INFO  http.BaseHttpServer (BaseHttpServer.java:updateConnectorAddress(344)) - HTTP server of scm listening at http://0.0.0.0:35885
2023-04-21 06:17:55,854 [Listener at 0.0.0.0/37971] WARN  server.ServerUtils (ServerUtils.java:getDBPath(225)) - ozone.om.db.dirs is not configured. We recommend adding this setting. Falling back to ozone.metadata.dirs instead.
2023-04-21 06:17:55,856 [Listener at 0.0.0.0/37971] INFO  ha.OMHANodeDetails (OMHANodeDetails.java:loadOMHAConfig(115)) - ozone.om.internal.service.id is not defined, falling back to ozone.om.service.ids to find serviceID for OzoneManager if it is HA enabled cluster
2023-04-21 06:17:55,856 [Listener at 0.0.0.0/37971] INFO  ha.OMHANodeDetails (OMHANodeDetails.java:loadOMHAConfig(226)) - Configuration does not have ozone.om.address set. Falling back to the default OM address /127.0.0.1:0
2023-04-21 06:17:55,856 [Listener at 0.0.0.0/37971] INFO  ha.OMHANodeDetails (OMHANodeDetails.java:getOMNodeDetailsForNonHA(254)) - OM Service ID is not set. Setting it to the default ID: omServiceIdDefault
2023-04-21 06:17:55,857 [Listener at 0.0.0.0/37971] INFO  ha.OMHANodeDetails (OMHANodeDetails.java:getOMNodeDetailsForNonHA(261)) - OM Node ID is not set. Setting it to the default ID: om1
2023-04-21 06:17:55,857 [Listener at 0.0.0.0/37971] WARN  server.ServerUtils (ServerUtils.java:getDBPath(225)) - ozone.om.db.dirs is not configured. We recommend adding this setting. Falling back to ozone.metadata.dirs instead.
2023-04-21 06:17:55,858 [Listener at 0.0.0.0/37971] INFO  upgrade.AbstractLayoutVersionManager (AbstractLayoutVersionManager.java:init(83)) - Initializing Layout version manager with metadata layout = HSYNC (version = 4), software layout = HSYNC (version = 4)
2023-04-21 06:17:55,948 [Listener at 0.0.0.0/37971] INFO  reflections.Reflections (Reflections.java:scan(232)) - Reflections took 90 ms to scan 2 urls, producing 171 keys and 477 values [using 2 cores]
2023-04-21 06:17:55,948 [Listener at 0.0.0.0/37971] INFO  upgrade.OMLayoutVersionManager (OMLayoutVersionManager.java:lambda$0(115)) - Skipping Upgrade Action MockOmUpgradeAction since it has been finalized.
2023-04-21 06:17:55,948 [Listener at 0.0.0.0/37971] WARN  server.ServerUtils (ServerUtils.java:getDBPath(225)) - ozone.om.db.dirs is not configured. We recommend adding this setting. Falling back to ozone.metadata.dirs instead.
2023-04-21 06:17:55,949 [Listener at 0.0.0.0/37971] INFO  proxy.SCMBlockLocationFailoverProxyProvider (SCMBlockLocationFailoverProxyProvider.java:<init>(114)) - Created block location fail-over proxy with 1 nodes: [nodeId=scmNodeId,nodeAddress=/0.0.0.0:43307]
2023-04-21 06:17:55,950 [Listener at 0.0.0.0/37971] INFO  proxy.SCMBlockLocationFailoverProxyProvider (SCMBlockLocationFailoverProxyProvider.java:<init>(114)) - Created block location fail-over proxy with 1 nodes: [nodeId=scmNodeId,nodeAddress=/0.0.0.0:43307]
2023-04-21 06:17:55,956 [Listener at 0.0.0.0/37971] INFO  om.OzoneManager (OzoneManager.java:<init>(627)) - OM start with adminUsers: [adminUser1, adminUser2, runner]
2023-04-21 06:17:55,957 [Listener at 0.0.0.0/37971] WARN  server.ServerUtils (ServerUtils.java:getDBPath(225)) - ozone.om.db.dirs is not configured. We recommend adding this setting. Falling back to ozone.metadata.dirs instead.
2023-04-21 06:17:55,957 [Listener at 0.0.0.0/37971] INFO  codec.OmKeyInfoCodec (OmKeyInfoCodec.java:<init>(49)) - OmKeyInfoCodec ignorePipeline = true
2023-04-21 06:17:55,957 [Listener at 0.0.0.0/37971] INFO  codec.RepeatedOmKeyInfoCodec (RepeatedOmKeyInfoCodec.java:<init>(41)) - RepeatedOmKeyInfoCodec ignorePipeline = true
2023-04-21 06:17:56,138 [Listener at 0.0.0.0/37971] INFO  om.OzoneManager (OzoneManager.java:instantiateServices(757)) - S3 Multi-Tenancy is disabled
2023-04-21 06:17:56,138 [Listener at 0.0.0.0/37971] WARN  server.ServerUtils (ServerUtils.java:getDBPath(225)) - ozone.om.snapshot.diff.db.dir is not configured. We recommend adding this setting. Falling back to ozone.metadata.dirs instead.
2023-04-21 06:17:56,162 [Listener at 0.0.0.0/37971] INFO  om.OzoneManager (OzoneManager.java:addS3GVolumeToDB(4257)) - Created Volume s3v With Owner runner required for S3Gateway operations.
2023-04-21 06:17:56,163 [Listener at 0.0.0.0/37971] WARN  server.ServerUtils (ServerUtils.java:getDefaultRatisDirectory(237)) - Storage directory for Ratis is not configured. It is a good idea to map this to an SSD disk. Falling back to ozone.metadata.dirs
2023-04-21 06:17:56,163 [Listener at 0.0.0.0/37971] WARN  utils.OzoneManagerRatisUtils (OzoneManagerRatisUtils.java:getOMRatisSnapshotDirectory(459)) - ozone.om.ratis.snapshot.dir is not configured. Falling back to ozone.metadata.dirs config
2023-04-21 06:17:56,163 [Listener at 0.0.0.0/37971] WARN  server.ServerUtils (ServerUtils.java:getDefaultRatisDirectory(237)) - Storage directory for Ratis is not configured. It is a good idea to map this to an SSD disk. Falling back to ozone.metadata.dirs
2023-04-21 06:17:56,164 [Listener at 0.0.0.0/37971] INFO  ratis.OzoneManagerRatisServer (OzoneManagerRatisServer.java:<init>(163)) - Instantiating OM Ratis server with groupID: omServiceIdDefault and peers: localhost:9872
2023-04-21 06:17:56,164 [Listener at 0.0.0.0/37971] INFO  ratis.OzoneManagerStateMachine (OzoneManagerStateMachine.java:loadSnapshotInfoFromDB(644)) - LastAppliedIndex is set from TransactionInfo from OM DB as (t:0, i:~)
2023-04-21 06:17:56,170 [Listener at 0.0.0.0/37971] INFO  server.RaftServer (ConfUtils.java:logGet(46)) - raft.rpc.type = GRPC (default)
2023-04-21 06:17:56,170 [Listener at 0.0.0.0/37971] INFO  grpc.GrpcConfigKeys (ConfUtils.java:logFallback(53)) - raft.grpc.admin.host = null (fallback to raft.grpc.server.host)
2023-04-21 06:17:56,170 [Listener at 0.0.0.0/37971] INFO  grpc.GrpcConfigKeys (ConfUtils.java:logFallback(53)) - raft.grpc.admin.port = 9872 (fallback to raft.grpc.server.port)
2023-04-21 06:17:56,170 [Listener at 0.0.0.0/37971] INFO  grpc.GrpcConfigKeys (ConfUtils.java:logFallback(53)) - raft.grpc.client.host = null (fallback to raft.grpc.server.host)
2023-04-21 06:17:56,170 [Listener at 0.0.0.0/37971] INFO  grpc.GrpcConfigKeys (ConfUtils.java:logFallback(53)) - raft.grpc.client.port = 9872 (fallback to raft.grpc.server.port)
2023-04-21 06:17:56,170 [Listener at 0.0.0.0/37971] INFO  grpc.GrpcConfigKeys (ConfUtils.java:logGet(46)) - raft.grpc.server.host = null (default)
2023-04-21 06:17:56,170 [Listener at 0.0.0.0/37971] INFO  grpc.GrpcConfigKeys (ConfUtils.java:logGet(46)) - raft.grpc.server.port = 9872 (custom)
2023-04-21 06:17:56,170 [Listener at 0.0.0.0/37971] INFO  server.GrpcService (ConfUtils.java:logGet(46)) - raft.grpc.message.size.max = 33554432 (custom)
2023-04-21 06:17:56,170 [Listener at 0.0.0.0/37971] INFO  server.RaftServerConfigKeys (ConfUtils.java:logGet(46)) - raft.server.log.appender.buffer.byte-limit = 33554432 (custom)
2023-04-21 06:17:56,170 [Listener at 0.0.0.0/37971] INFO  server.GrpcService (ConfUtils.java:logGet(46)) - raft.grpc.flow.control.window = 1MB (=1048576) (default)
2023-04-21 06:17:56,170 [Listener at 0.0.0.0/37971] INFO  server.RaftServerConfigKeys (ConfUtils.java:logGet(46)) - raft.server.rpc.request.timeout = 3000ms (default)
2023-04-21 06:17:56,171 [Listener at 0.0.0.0/37971] INFO  grpc.GrpcConfigKeys (ConfUtils.java:logGet(46)) - raft.grpc.server.heartbeat.channel = true (default)
2023-04-21 06:17:56,171 [Listener at 0.0.0.0/37971] INFO  grpc.GrpcConfigKeys (ConfUtils.java:logGet(46)) - raft.grpc.server.async.request.thread.pool.cached = true (default)
2023-04-21 06:17:56,171 [Listener at 0.0.0.0/37971] INFO  grpc.GrpcConfigKeys (ConfUtils.java:logGet(46)) - raft.grpc.server.async.request.thread.pool.size = 32 (default)
2023-04-21 06:17:56,172 [Listener at 0.0.0.0/37971] INFO  impl.DataStreamServerImpl (ConfUtils.java:logGet(46)) - raft.datastream.type = DISABLED (default)
2023-04-21 06:17:56,172 [Listener at 0.0.0.0/37971] INFO  server.RaftServerConfigKeys (ConfUtils.java:logGet(46)) - raft.server.threadpool.proxy.cached = true (default)
2023-04-21 06:17:56,172 [Listener at 0.0.0.0/37971] INFO  server.RaftServerConfigKeys (ConfUtils.java:logGet(46)) - raft.server.threadpool.proxy.size = 0 (default)
2023-04-21 06:17:56,172 [Listener at 0.0.0.0/37971] INFO  server.RaftServerConfigKeys (ConfUtils.java:logGet(46)) - raft.server.rpc.slowness.timeout = 120s (custom)
2023-04-21 06:17:56,172 [Listener at 0.0.0.0/37971] INFO  server.RaftServerConfigKeys (ConfUtils.java:logGet(46)) - raft.server.leaderelection.leader.step-down.wait-time = 10s (default)
2023-04-21 06:17:56,173 [Listener at 0.0.0.0/37971] INFO  server.RaftServerConfigKeys (ConfUtils.java:logGet(46)) - raft.server.storage.dir = [/home/runner/work/ozone/ozone/hadoop-ozone/integration-test/target/test-dir/MiniOzoneClusterImpl-095cf78d-69a9-402e-99bd-cb43c7978d28/ozone-meta/ratis] (custom)
2023-04-21 06:17:56,173 [Listener at 0.0.0.0/37971] INFO  server.RaftServer (RaftServerProxy.java:addNew(96)) - om1: addNew group-C5BA1605619E:[om1|rpc:localhost:9872|priority:0|startupRole:FOLLOWER] returns group-C5BA1605619E:java.util.concurrent.CompletableFuture@135d915b[Not completed]
2023-04-21 06:17:56,174 [Listener at 0.0.0.0/37971] INFO  om.OzoneManager (OzoneManager.java:initializeRatisServer(2095)) - OzoneManager Ratis server initialized at port 9872
2023-04-21 06:17:56,174 [Listener at 0.0.0.0/37971] INFO  om.OzoneManager (OzoneManager.java:getRpcServer(1142)) - Creating RPC Server
2023-04-21 06:17:56,175 [pool-916-thread-1] INFO  server.RaftServer$Division (RaftServerImpl.java:<init>(195)) - om1: new RaftServerImpl for group-C5BA1605619E:[om1|rpc:localhost:9872|priority:0|startupRole:FOLLOWER] with OzoneManagerStateMachine:uninitialized
2023-04-21 06:17:56,175 [pool-916-thread-1] INFO  server.RaftServerConfigKeys (ConfUtils.java:logGet(46)) - raft.server.rpc.timeout.min = 1s (custom)
2023-04-21 06:17:56,175 [pool-916-thread-1] INFO  server.RaftServerConfigKeys (ConfUtils.java:logGet(46)) - raft.server.rpc.timeout.max = 1200ms (custom)
2023-04-21 06:17:56,175 [pool-916-thread-1] INFO  server.RaftServerConfigKeys (ConfUtils.java:logGet(46)) - raft.server.rpc.sleep.time = 25ms (default)
2023-04-21 06:17:56,175 [pool-916-thread-1] INFO  server.RaftServerConfigKeys (ConfUtils.java:logGet(46)) - raft.server.rpc.slowness.timeout = 120s (custom)
2023-04-21 06:17:56,175 [pool-916-thread-1] INFO  server.RaftServerConfigKeys (ConfUtils.java:logGet(46)) - raft.server.leaderelection.leader.step-down.wait-time = 10s (default)
2023-04-21 06:17:56,175 [pool-916-thread-1] INFO  server.RaftServerConfigKeys (ConfUtils.java:logGet(46)) - raft.server.sleep.deviation.threshold = 300ms (default)
2023-04-21 06:17:56,175 [pool-916-thread-1] INFO  server.RaftServer$Division (ServerState.java:<init>(118)) - om1@group-C5BA1605619E: ConfigurationManager, init=-1: peers:[om1|rpc:localhost:9872|priority:0|startupRole:FOLLOWER]|listeners:[], old=null, confs=<EMPTY_MAP>
2023-04-21 06:17:56,175 [pool-916-thread-1] INFO  server.RaftServerConfigKeys (ConfUtils.java:logGet(46)) - raft.server.storage.dir = [/home/runner/work/ozone/ozone/hadoop-ozone/integration-test/target/test-dir/MiniOzoneClusterImpl-095cf78d-69a9-402e-99bd-cb43c7978d28/ozone-meta/ratis] (custom)
2023-04-21 06:17:56,175 [pool-916-thread-1] INFO  server.RaftServerConfigKeys (ConfUtils.java:logGet(46)) - raft.server.log.corruption.policy = EXCEPTION (default)
2023-04-21 06:17:56,175 [pool-916-thread-1] INFO  server.RaftServerConfigKeys (ConfUtils.java:logGet(46)) - raft.server.storage.free-space.min = 0MB (=0) (default)
2023-04-21 06:17:56,176 [pool-916-thread-1] INFO  server.RaftServerConfigKeys (ConfUtils.java:logGet(46)) - raft.server.notification.no-leader.timeout = 120s (custom)
2023-04-21 06:17:56,176 [pool-916-thread-1] INFO  server.RaftServerConfigKeys (ConfUtils.java:logGet(46)) - raft.server.retrycache.expirytime = 300s (custom)
2023-04-21 06:17:56,176 [pool-916-thread-1] INFO  server.RaftServerConfigKeys (ConfUtils.java:logGet(46)) - raft.server.retrycache.statistics.expirytime = 100μs (default)
2023-04-21 06:17:56,176 [pool-916-thread-1] INFO  server.RaftServerConfigKeys (ConfUtils.java:logGet(46)) - raft.server.log.appender.install.snapshot.enabled = false (custom)
2023-04-21 06:17:56,176 [pool-916-thread-1] INFO  server.RaftServerConfigKeys (ConfUtils.java:logGet(46)) - raft.server.threadpool.server.cached = true (default)
2023-04-21 06:17:56,176 [pool-916-thread-1] INFO  server.RaftServerConfigKeys (ConfUtils.java:logGet(46)) - raft.server.threadpool.server.size = 0 (default)
2023-04-21 06:17:56,176 [pool-916-thread-1] INFO  server.RaftServerConfigKeys (ConfUtils.java:logGet(46)) - raft.server.threadpool.client.cached = true (default)
2023-04-21 06:17:56,176 [pool-916-thread-1] INFO  server.RaftServerConfigKeys (ConfUtils.java:logGet(46)) - raft.server.threadpool.client.size = 0 (default)
2023-04-21 06:17:56,533 [Listener at 0.0.0.0/37971] INFO  reflections.Reflections (Reflections.java:scan(232)) - Reflections took 359 ms to scan 19 urls, producing 68 keys and 5070 values [using 2 cores]
2023-04-21 06:17:56,534 [Listener at 0.0.0.0/37971] INFO  ipc.CallQueueManager (CallQueueManager.java:<init>(90)) - Using callQueue: class java.util.concurrent.LinkedBlockingQueue, queueCapacity: 2000, scheduler: class org.apache.hadoop.ipc.DefaultRpcScheduler, ipcBackoff: false.
2023-04-21 06:17:56,537 [Socket Reader #1 for port 0] INFO  ipc.Server (Server.java:run(1319)) - Starting Socket Reader #1 for port 0
2023-04-21 06:17:56,556 [Listener at 127.0.0.1/33363] INFO  impl.MetricsSystemImpl (MetricsSystemImpl.java:init(158)) - OzoneManager metrics system started (again)
2023-04-21 06:17:56,566 [Listener at 127.0.0.1/33363] INFO  om.OzoneManager (OzoneManager.java:start(1563)) - OzoneManager RPC server is listening at localhost/127.0.0.1:33363
2023-04-21 06:17:56,567 [Listener at 127.0.0.1/33363] INFO  ratis.OzoneManagerRatisServer (OzoneManagerRatisServer.java:start(558)) - Starting OzoneManagerRatisServer om1 at port 9872
2023-04-21 06:17:56,567 [om1-impl-thread1] INFO  storage.RaftStorageDirectory (RaftStorageDirectoryImpl.java:analyzeStorage(137)) - The storage directory /home/runner/work/ozone/ozone/hadoop-ozone/integration-test/target/test-dir/MiniOzoneClusterImpl-095cf78d-69a9-402e-99bd-cb43c7978d28/ozone-meta/ratis/bf265839-605b-3f16-9796-c5ba1605619e does not exist. Creating ...
2023-04-21 06:17:56,568 [om1-impl-thread1] INFO  storage.RaftStorageDirectory (RaftStorageDirectoryImpl.java:tryLock(231)) - Lock on /home/runner/work/ozone/ozone/hadoop-ozone/integration-test/target/test-dir/MiniOzoneClusterImpl-095cf78d-69a9-402e-99bd-cb43c7978d28/ozone-meta/ratis/bf265839-605b-3f16-9796-c5ba1605619e/in_use.lock acquired by nodename 2764@fv-az205-422
2023-04-21 06:17:56,569 [om1-impl-thread1] INFO  storage.RaftStorage (RaftStorageImpl.java:format(96)) - Storage directory /home/runner/work/ozone/ozone/hadoop-ozone/integration-test/target/test-dir/MiniOzoneClusterImpl-095cf78d-69a9-402e-99bd-cb43c7978d28/ozone-meta/ratis/bf265839-605b-3f16-9796-c5ba1605619e has been successfully formatted.
2023-04-21 06:17:56,570 [om1-impl-thread1] INFO  server.RaftServerConfigKeys (ConfUtils.java:logGet(46)) - raft.server.log.use.memory = false (default)
2023-04-21 06:17:56,570 [om1-impl-thread1] INFO  server.RaftServerConfigKeys (ConfUtils.java:logGet(46)) - raft.server.log.purge.gap = 1000000 (custom)
2023-04-21 06:17:56,570 [om1-impl-thread1] INFO  server.RaftServerConfigKeys (ConfUtils.java:logGet(46)) - raft.server.log.appender.buffer.byte-limit = 33554432 (custom)
2023-04-21 06:17:56,570 [om1-impl-thread1] INFO  server.RaftServerConfigKeys (ConfUtils.java:logGet(46)) - raft.server.log.statemachine.data.read.timeout = 1000ms (default)
2023-04-21 06:17:56,570 [om1-impl-thread1] INFO  server.RaftServerConfigKeys (ConfUtils.java:logGet(46)) - raft.server.log.purge.preservation.log.num = 0 (default)
2023-04-21 06:17:56,570 [om1-impl-thread1] INFO  server.RaftServerConfigKeys (ConfUtils.java:logGet(46)) - raft.server.log.segment.size.max = 4194304 (custom)
2023-04-21 06:17:56,570 [om1-impl-thread1] INFO  server.RaftServerConfigKeys (ConfUtils.java:logGet(46)) - raft.server.log.segment.cache.num.max = 2 (custom)
2023-04-21 06:17:56,570 [om1-impl-thread1] INFO  server.RaftServerConfigKeys (ConfUtils.java:logGet(46)) - raft.server.log.segment.cache.size.max = 200MB (=209715200) (default)
2023-04-21 06:17:56,570 [om1-impl-thread1] INFO  segmented.SegmentedRaftLogWorker (SegmentedRaftLogWorker.java:<init>(189)) - new om1@group-C5BA1605619E-SegmentedRaftLogWorker for RaftStorageImpl:Storage Directory /home/runner/work/ozone/ozone/hadoop-ozone/integration-test/target/test-dir/MiniOzoneClusterImpl-095cf78d-69a9-402e-99bd-cb43c7978d28/ozone-meta/ratis/bf265839-605b-3f16-9796-c5ba1605619e
2023-04-21 06:17:56,570 [om1-impl-thread1] INFO  server.RaftServerConfigKeys (ConfUtils.java:logGet(46)) - raft.server.log.queue.byte-limit = 64MB (=67108864) (default)
2023-04-21 06:17:56,570 [om1-impl-thread1] INFO  server.RaftServerConfigKeys (ConfUtils.java:logGet(46)) - raft.server.log.queue.element-limit = 4096 (default)
2023-04-21 06:17:56,570 [om1-impl-thread1] INFO  server.RaftServerConfigKeys (ConfUtils.java:logGet(46)) - raft.server.log.segment.size.max = 4194304 (custom)
2023-04-21 06:17:56,571 [om1-impl-thread1] INFO  server.RaftServerConfigKeys (ConfUtils.java:logGet(46)) - raft.server.log.preallocated.size = 4194304 (custom)
2023-04-21 06:17:56,571 [om1-impl-thread1] INFO  server.RaftServerConfigKeys (ConfUtils.java:logGet(46)) - raft.server.log.force.sync.num = 128 (default)
2023-04-21 06:17:56,571 [om1-impl-thread1] INFO  server.RaftServerConfigKeys (ConfUtils.java:logGet(46)) - raft.server.log.statemachine.data.sync = true (default)
2023-04-21 06:17:56,571 [om1-impl-thread1] INFO  server.RaftServerConfigKeys (ConfUtils.java:logGet(46)) - raft.server.log.statemachine.data.sync.timeout = 10s (default)
2023-04-21 06:17:56,571 [om1-impl-thread1] INFO  server.RaftServerConfigKeys (ConfUtils.java:logGet(46)) - raft.server.log.statemachine.data.sync.timeout.retry = -1 (default)
2023-04-21 06:17:56,571 [om1-impl-thread1] INFO  server.RaftServerConfigKeys (ConfUtils.java:logGet(46)) - raft.server.log.write.buffer.size = 64KB (=65536) (default)
2023-04-21 06:17:56,571 [om1-impl-thread1] INFO  server.RaftServerConfigKeys (ConfUtils.java:logGet(46)) - raft.server.log.appender.buffer.byte-limit = 33554432 (custom)
2023-04-21 06:17:56,576 [om1-impl-thread1] INFO  server.RaftServerConfigKeys (ConfUtils.java:logGet(46)) - raft.server.log.unsafe-flush.enabled = false (default)
2023-04-21 06:17:56,576 [om1-impl-thread1] INFO  server.RaftServerConfigKeys (ConfUtils.java:logGet(46)) - raft.server.log.async-flush.enabled = false (default)
2023-04-21 06:17:56,576 [om1-impl-thread1] INFO  server.RaftServerConfigKeys (ConfUtils.java:logGet(46)) - raft.server.log.statemachine.data.caching.enabled = false (default)
2023-04-21 06:17:56,576 [om1-impl-thread1] INFO  segmented.SegmentedRaftLogWorker (SegmentedRaftLogWorker.java:lambda$new$0(135)) - om1@group-C5BA1605619E-SegmentedRaftLogWorker: flushIndex: setUnconditionally 0 -> -1
2023-04-21 06:17:56,576 [om1-impl-thread1] INFO  segmented.SegmentedRaftLogWorker (SegmentedRaftLogWorker.java:lambda$new$0(135)) - om1@group-C5BA1605619E-SegmentedRaftLogWorker: safeCacheEvictIndex: setUnconditionally 0 -> -1
2023-04-21 06:17:56,576 [om1-impl-thread1] INFO  server.RaftServer$Division (RaftServerImpl.java:start(334)) - om1@group-C5BA1605619E: start as a follower, conf=-1: peers:[om1|rpc:localhost:9872|priority:0|startupRole:FOLLOWER]|listeners:[], old=null
2023-04-21 06:17:56,577 [om1-impl-thread1] INFO  server.RaftServer$Division (RaftServerImpl.java:setRole(321)) - om1@group-C5BA1605619E: changes role from      null to FOLLOWER at term 0 for startAsFollower
2023-04-21 06:17:56,577 [om1-impl-thread1] INFO  impl.RoleInfo (RoleInfo.java:updateAndGet(139)) - om1: start om1@group-C5BA1605619E-FollowerState
2023-04-21 06:17:56,577 [om1-impl-thread1] INFO  util.JmxRegister (JmxRegister.java:tryRegister(44)) - Successfully registered JMX Bean with object name Ratis:service=RaftServer,group=group-C5BA1605619E,id=om1
2023-04-21 06:17:56,577 [om1-impl-thread1] INFO  server.RaftServerConfigKeys (ConfUtils.java:logGet(46)) - raft.server.snapshot.auto.trigger.enabled = true (custom)
2023-04-21 06:17:56,577 [om1-impl-thread1] INFO  server.RaftServerConfigKeys (ConfUtils.java:logGet(46)) - raft.server.snapshot.auto.trigger.threshold = 400000 (default)
2023-04-21 06:17:56,577 [om1-impl-thread1] INFO  server.RaftServerConfigKeys (ConfUtils.java:logGet(46)) - raft.server.snapshot.retention.file.num = -1 (default)
2023-04-21 06:17:56,577 [om1-impl-thread1] INFO  server.RaftServerConfigKeys (ConfUtils.java:logGet(46)) - raft.server.log.purge.upto.snapshot.index = true (custom)
2023-04-21 06:17:56,578 [om1@group-C5BA1605619E-FollowerState] INFO  server.RaftServerConfigKeys (ConfUtils.java:logFallback(53)) - raft.server.rpc.first-election.timeout.min = 1s (fallback to raft.server.rpc.timeout.min)
2023-04-21 06:17:56,578 [om1@group-C5BA1605619E-FollowerState] INFO  server.RaftServerConfigKeys (ConfUtils.java:logFallback(53)) - raft.server.rpc.first-election.timeout.max = 1200ms (fallback to raft.server.rpc.timeout.max)
2023-04-21 06:17:56,578 [Listener at 127.0.0.1/33363] INFO  server.RaftServer (RaftServerProxy.java:startImpl(393)) - om1: start RPC server
2023-04-21 06:17:56,581 [Listener at 127.0.0.1/33363] INFO  server.GrpcService (GrpcService.java:startImpl(262)) - om1: GrpcService started, listening on 9872
2023-04-21 06:17:56,584 [Listener at 127.0.0.1/33363] INFO  om.OzoneManager (OzoneManager.java:start(1579)) - Version File has different layout version (4) than OM DB (null). That is expected if this OM has never been finalized to a newer layout version.
2023-04-21 06:17:56,585 [JvmPauseMonitor20] INFO  util.JvmPauseMonitor (JvmPauseMonitor.java:run(105)) - JvmPauseMonitor-om1: Started
2023-04-21 06:17:56,587 [Listener at 127.0.0.1/33363] INFO  http.BaseHttpServer (BaseHttpServer.java:newHttpServer2BuilderForOzone(224)) - Starting Web-server for ozoneManager at: http://0.0.0.0:0
2023-04-21 06:17:56,587 [Listener at 127.0.0.1/33363] INFO  http.BaseHttpServer (BaseHttpServer.java:<init>(111)) - Hadoop Security Enabled: false Ozone Security Enabled: false Ozone HTTP Security Enabled: false 
2023-04-21 06:17:56,588 [Listener at 127.0.0.1/33363] WARN  server.AuthenticationFilter (AuthenticationFilter.java:constructSecretProvider(240)) - Unable to initialize FileSignerSecretProvider, falling back to use random secrets. Reason: Could not read signature secret file: /home/runner/hadoop-http-auth-signature-secret
2023-04-21 06:17:56,589 [Listener at 127.0.0.1/33363] INFO  http.HttpRequestLog (HttpRequestLog.java:getRequestLog(86)) - Http request log for http.requests.ozoneManager is not defined
2023-04-21 06:17:56,590 [Listener at 127.0.0.1/33363] INFO  http.HttpServer2 (HttpServer2.java:addGlobalFilter(1031)) - Added global filter 'safety' (class=org.apache.hadoop.hdds.server.http.HttpServer2$QuotingInputFilter)
2023-04-21 06:17:56,590 [Listener at 127.0.0.1/33363] INFO  http.HttpServer2 (HttpServer2.java:addFilter(1007)) - Added filter static_user_filter (class=org.apache.hadoop.http.lib.StaticUserWebFilter$StaticUserFilter) to context ozoneManager
2023-04-21 06:17:56,590 [Listener at 127.0.0.1/33363] INFO  http.HttpServer2 (HttpServer2.java:addFilter(1015)) - Added filter static_user_filter (class=org.apache.hadoop.http.lib.StaticUserWebFilter$StaticUserFilter) to context logs
2023-04-21 06:17:56,590 [Listener at 127.0.0.1/33363] INFO  http.HttpServer2 (HttpServer2.java:addFilter(1015)) - Added filter static_user_filter (class=org.apache.hadoop.http.lib.StaticUserWebFilter$StaticUserFilter) to context static
2023-04-21 06:17:56,591 [Listener at 127.0.0.1/33363] INFO  http.BaseHttpServer (BaseHttpServer.java:<init>(190)) - HTTP server of ozoneManager uses base directory /home/runner/work/ozone/ozone/hadoop-ozone/integration-test/target/test-dir/MiniOzoneClusterImpl-095cf78d-69a9-402e-99bd-cb43c7978d28/ozone-meta/webserver
2023-04-21 06:17:56,591 [Listener at 127.0.0.1/33363] INFO  http.HttpServer2 (HttpServer2.java:bindListener(1250)) - Jetty bound to port 36937
2023-04-21 06:17:56,591 [Listener at 127.0.0.1/33363] INFO  server.Server (Server.java:doStart(375)) - jetty-9.4.49.v20220914; built: 2022-09-14T01:07:36.601Z; git: 4231a3b2e4cb8548a412a789936d640a97b1aa0a; jvm 1.8.0_362-b09
2023-04-21 06:17:56,592 [Listener at 127.0.0.1/33363] INFO  server.session (DefaultSessionIdManager.java:doStart(334)) - DefaultSessionIdManager workerName=node0
2023-04-21 06:17:56,592 [Listener at 127.0.0.1/33363] INFO  server.session (DefaultSessionIdManager.java:doStart(339)) - No SessionScavenger set, using defaults
2023-04-21 06:17:56,592 [Listener at 127.0.0.1/33363] INFO  server.session (HouseKeeper.java:startScavenging(132)) - node0 Scavenging every 660000ms
2023-04-21 06:17:56,594 [Listener at 127.0.0.1/33363] INFO  handler.ContextHandler (ContextHandler.java:doStart(921)) - Started o.e.j.s.ServletContextHandler@2c7861a8{logs,/logs,file:///home/runner/work/ozone/ozone/hadoop-ozone/integration-test/target/log,AVAILABLE}
2023-04-21 06:17:56,594 [Listener at 127.0.0.1/33363] INFO  handler.ContextHandler (ContextHandler.java:doStart(921)) - Started o.e.j.s.ServletContextHandler@77d0b601{static,/static,file:///home/runner/work/ozone/ozone/hadoop-ozone/integration-test/target/test-classes/webapps/static,AVAILABLE}
2023-04-21 06:17:56,596 [Listener at 127.0.0.1/33363] INFO  handler.ContextHandler (ContextHandler.java:doStart(921)) - Started o.e.j.w.WebAppContext@545164fb{ozoneManager,/,file:///home/runner/work/ozone/ozone/hadoop-ozone/integration-test/target/test-classes/webapps/ozoneManager/,AVAILABLE}{file:/home/runner/work/ozone/ozone/hadoop-ozone/integration-test/target/test-classes/webapps/ozoneManager}
2023-04-21 06:17:56,599 [Listener at 127.0.0.1/33363] INFO  server.AbstractConnector (AbstractConnector.java:doStart(333)) - Started ServerConnector@3d356f11{HTTP/1.1, (http/1.1)}{0.0.0.0:36937}
2023-04-21 06:17:56,599 [Listener at 127.0.0.1/33363] INFO  server.Server (Server.java:doStart(415)) - Started @159289ms
2023-04-21 06:17:56,599 [Listener at 127.0.0.1/33363] WARN  impl.MetricsSystemImpl (MetricsSystemImpl.java:register(279)) - Sink prometheus already exists!
2023-04-21 06:17:56,600 [Listener at 127.0.0.1/33363] INFO  http.BaseHttpServer (BaseHttpServer.java:updateConnectorAddress(344)) - HTTP server of ozoneManager listening at http://0.0.0.0:36937
2023-04-21 06:17:56,600 [IPC Server Responder] INFO  ipc.Server (Server.java:run(1558)) - IPC Server Responder: starting
2023-04-21 06:17:56,607 [Listener at 127.0.0.1/33363] INFO  om.OzoneManager (OzoneManager.java:startTrashEmptier(2039)) - Trash Interval set to 0. Files deleted won't move to trash
2023-04-21 06:17:56,609 [IPC Server listener on 0] INFO  ipc.Server (Server.java:run(1398)) - IPC Server listener on 0: starting
2023-04-21 06:17:56,614 [org.apache.hadoop.util.JvmPauseMonitor$Monitor@4a857552] INFO  util.JvmPauseMonitor (JvmPauseMonitor.java:run(188)) - Starting JVM pause monitor
2023-04-21 06:17:56,622 [Listener at 127.0.0.1/33363] WARN  impl.MetricRegistriesImpl (MetricRegistriesImpl.java:addReporterRegistration(111)) - New reporters are added after registries were created. Some metrics will be missing from the reporter. Please add reporter before adding any new registry.
2023-04-21 06:17:56,622 [Listener at 127.0.0.1/33363] WARN  impl.MetricRegistriesImpl (MetricRegistriesImpl.java:addReporterRegistration(111)) - New reporters are added after registries were created. Some metrics will be missing from the reporter. Please add reporter before adding any new registry.
2023-04-21 06:17:56,622 [Listener at 127.0.0.1/33363] INFO  impl.MetricsSystemImpl (MetricsSystemImpl.java:init(158)) - HddsDatanode metrics system started (again)
2023-04-21 06:17:56,633 [Listener at 127.0.0.1/33363] INFO  ozone.HddsDatanodeService (HddsDatanodeService.java:start(252)) - HddsDatanodeService host:fv-az205-422 ip:10.1.0.35
2023-04-21 06:17:56,654 [Listener at 127.0.0.1/33363] INFO  upgrade.AbstractLayoutVersionManager (AbstractLayoutVersionManager.java:init(83)) - Initializing Layout version manager with metadata layout = WEBUI_PORTS_IN_DATANODEDETAILS (version = 6), software layout = WEBUI_PORTS_IN_DATANODEDETAILS (version = 6)
2023-04-21 06:17:56,703 [Listener at 127.0.0.1/33363] INFO  reflections.Reflections (Reflections.java:scan(232)) - Reflections took 48 ms to scan 7 urls, producing 156 keys and 369 values 
2023-04-21 06:17:56,705 [Listener at 127.0.0.1/33363] INFO  statemachine.DatanodeStateMachine (DatanodeStateMachine.java:getEndPointTaskThreadPoolSize(260)) - Datanode State Machine Task Thread Pool size 2
2023-04-21 06:17:56,710 [Listener at 127.0.0.1/33363] INFO  volume.HddsVolume (HddsVolume.java:<init>(130)) - Creating HddsVolume: /home/runner/work/ozone/ozone/hadoop-ozone/integration-test/target/test-dir/MiniOzoneClusterImpl-095cf78d-69a9-402e-99bd-cb43c7978d28/datanode-0/data-0/containers/hdds of storage type : DISK capacity : 9223372036854775807
2023-04-21 06:17:56,710 [Listener at 127.0.0.1/33363] INFO  volume.MutableVolumeSet (MutableVolumeSet.java:initializeVolumeSet(175)) - Added Volume : /home/runner/work/ozone/ozone/hadoop-ozone/integration-test/target/test-dir/MiniOzoneClusterImpl-095cf78d-69a9-402e-99bd-cb43c7978d28/datanode-0/data-0/containers/hdds to VolumeSet
2023-04-21 06:17:56,710 [Listener at 127.0.0.1/33363] INFO  volume.ThrottledAsyncChecker (ThrottledAsyncChecker.java:schedule(141)) - Scheduling a check for /home/runner/work/ozone/ozone/hadoop-ozone/integration-test/target/test-dir/MiniOzoneClusterImpl-095cf78d-69a9-402e-99bd-cb43c7978d28/datanode-0/data-0/containers/hdds
2023-04-21 06:17:56,711 [Listener at 127.0.0.1/33363] INFO  volume.StorageVolumeChecker (StorageVolumeChecker.java:checkAllVolumes(202)) - Scheduled health check for volume /home/runner/work/ozone/ozone/hadoop-ozone/integration-test/target/test-dir/MiniOzoneClusterImpl-095cf78d-69a9-402e-99bd-cb43c7978d28/datanode-0/data-0/containers/hdds
2023-04-21 06:17:56,723 [Listener at 127.0.0.1/33363] INFO  volume.MutableVolumeSet (MutableVolumeSet.java:initializeVolumeSet(175)) - Added Volume : /home/runner/work/ozone/ozone/hadoop-ozone/integration-test/target/test-dir/MiniOzoneClusterImpl-095cf78d-69a9-402e-99bd-cb43c7978d28/datanode-0/data/ratis to VolumeSet
2023-04-21 06:17:56,723 [Listener at 127.0.0.1/33363] INFO  volume.ThrottledAsyncChecker (ThrottledAsyncChecker.java:schedule(141)) - Scheduling a check for /home/runner/work/ozone/ozone/hadoop-ozone/integration-test/target/test-dir/MiniOzoneClusterImpl-095cf78d-69a9-402e-99bd-cb43c7978d28/datanode-0/data/ratis
2023-04-21 06:17:56,723 [Listener at 127.0.0.1/33363] INFO  volume.StorageVolumeChecker (StorageVolumeChecker.java:checkAllVolumes(202)) - Scheduled health check for volume /home/runner/work/ozone/ozone/hadoop-ozone/integration-test/target/test-dir/MiniOzoneClusterImpl-095cf78d-69a9-402e-99bd-cb43c7978d28/datanode-0/data/ratis
2023-04-21 06:17:56,736 [Thread-2107] INFO  ozoneimpl.ContainerReader (ContainerReader.java:readVolume(175)) - Finish verifying containers on volume /home/runner/work/ozone/ozone/hadoop-ozone/integration-test/target/test-dir/MiniOzoneClusterImpl-095cf78d-69a9-402e-99bd-cb43c7978d28/datanode-0/data-0/containers/hdds
2023-04-21 06:17:56,736 [Listener at 127.0.0.1/33363] INFO  ozoneimpl.OzoneContainer (OzoneContainer.java:buildContainerSet(303)) - Build ContainerSet costs 0s
2023-04-21 06:17:56,737 [Listener at 127.0.0.1/33363] INFO  server.RaftServer (ConfUtils.java:logGet(46)) - raft.rpc.type = GRPC (default)
2023-04-21 06:17:56,737 [Listener at 127.0.0.1/33363] INFO  grpc.GrpcConfigKeys (ConfUtils.java:logFallback(53)) - raft.grpc.admin.host = null (fallback to raft.grpc.server.host)
2023-04-21 06:17:56,737 [Listener at 127.0.0.1/33363] INFO  grpc.GrpcConfigKeys (ConfUtils.java:logGet(46)) - raft.grpc.admin.port = 0 (custom)
2023-04-21 06:17:56,738 [Listener at 127.0.0.1/33363] INFO  grpc.GrpcConfigKeys (ConfUtils.java:logFallback(53)) - raft.grpc.client.host = null (fallback to raft.grpc.server.host)
2023-04-21 06:17:56,738 [Listener at 127.0.0.1/33363] INFO  grpc.GrpcConfigKeys (ConfUtils.java:logGet(46)) - raft.grpc.client.port = 0 (custom)
2023-04-21 06:17:56,738 [Listener at 127.0.0.1/33363] INFO  grpc.GrpcConfigKeys (ConfUtils.java:logGet(46)) - raft.grpc.server.host = null (default)
2023-04-21 06:17:56,738 [Listener at 127.0.0.1/33363] INFO  grpc.GrpcConfigKeys (ConfUtils.java:logGet(46)) - raft.grpc.server.port = 0 (default)
2023-04-21 06:17:56,738 [Listener at 127.0.0.1/33363] INFO  server.GrpcService (ConfUtils.java:logGet(46)) - raft.grpc.message.size.max = 32MB (=33554432) (custom)
2023-04-21 06:17:56,738 [Listener at 127.0.0.1/33363] INFO  server.RaftServerConfigKeys (ConfUtils.java:logGet(46)) - raft.server.log.appender.buffer.byte-limit = 33554432 (custom)
2023-04-21 06:17:56,738 [Listener at 127.0.0.1/33363] INFO  server.GrpcService (ConfUtils.java:logGet(46)) - raft.grpc.flow.control.window = 5MB (=5242880) (custom)
2023-04-21 06:17:56,738 [Listener at 127.0.0.1/33363] INFO  server.RaftServerConfigKeys (ConfUtils.java:logGet(46)) - raft.server.rpc.request.timeout = 60s (custom)
2023-04-21 06:17:56,738 [Listener at 127.0.0.1/33363] INFO  grpc.GrpcConfigKeys (ConfUtils.java:logGet(46)) - raft.grpc.server.heartbeat.channel = true (default)
2023-04-21 06:17:56,738 [Listener at 127.0.0.1/33363] INFO  grpc.GrpcConfigKeys (ConfUtils.java:logGet(46)) - raft.grpc.server.async.request.thread.pool.cached = true (default)
2023-04-21 06:17:56,738 [Listener at 127.0.0.1/33363] INFO  grpc.GrpcConfigKeys (ConfUtils.java:logGet(46)) - raft.grpc.server.async.request.thread.pool.size = 32 (default)
2023-04-21 06:17:56,739 [Listener at 127.0.0.1/33363] INFO  impl.DataStreamServerImpl (ConfUtils.java:logGet(46)) - raft.datastream.type = NETTY (custom)
2023-04-21 06:17:56,739 [Listener at 127.0.0.1/33363] INFO  server.RaftServerConfigKeys (ConfUtils.java:logGet(46)) - raft.server.data-stream.async.request.thread.pool.cached = false (default)
2023-04-21 06:17:56,740 [Listener at 127.0.0.1/33363] INFO  server.RaftServerConfigKeys (ConfUtils.java:logGet(46)) - raft.server.data-stream.async.request.thread.pool.size = 20 (custom)
2023-04-21 06:17:56,740 [Listener at 127.0.0.1/33363] INFO  server.RaftServerConfigKeys (ConfUtils.java:logGet(46)) - raft.server.data-stream.async.write.thread.pool.size = 16 (default)
2023-04-21 06:17:56,740 [Listener at 127.0.0.1/33363] INFO  server.RaftServerConfigKeys (ConfUtils.java:logGet(46)) - raft.server.data-stream.client.pool.size = 10 (default)
2023-04-21 06:17:56,740 [Listener at 127.0.0.1/33363] INFO  netty.NettyConfigKeys$DataStream (ConfUtils.java:logGet(46)) - raft.netty.dataStream.server.use-epoll = false (default)
2023-04-21 06:17:56,740 [Listener at 127.0.0.1/33363] INFO  netty.NettyConfigKeys$DataStream (ConfUtils.java:logGet(46)) - raft.netty.dataStream.server.boss-group.size = 0 (default)
2023-04-21 06:17:56,740 [Listener at 127.0.0.1/33363] INFO  netty.NettyConfigKeys$DataStream (ConfUtils.java:logGet(46)) - raft.netty.dataStream.server.worker-group.size = 0 (default)
2023-04-21 06:17:56,740 [Listener at 127.0.0.1/33363] INFO  netty.NettyConfigKeys$DataStream (ConfUtils.java:logGet(46)) - raft.netty.dataStream.server.tls.conf = null (default)
2023-04-21 06:17:56,740 [Listener at 127.0.0.1/33363] INFO  netty.NettyConfigKeys$DataStream (ConfUtils.java:logGet(46)) - raft.netty.dataStream.host = null (default)
2023-04-21 06:17:56,741 [Listener at 127.0.0.1/33363] INFO  netty.NettyConfigKeys$DataStream (ConfUtils.java:logGet(46)) - raft.netty.dataStream.port = 0 (default)
2023-04-21 06:17:56,741 [Listener at 127.0.0.1/33363] INFO  server.RaftServerConfigKeys (ConfUtils.java:logGet(46)) - raft.server.threadpool.proxy.cached = true (default)
2023-04-21 06:17:56,741 [Listener at 127.0.0.1/33363] INFO  server.RaftServerConfigKeys (ConfUtils.java:logGet(46)) - raft.server.threadpool.proxy.size = 0 (default)
2023-04-21 06:17:56,741 [Listener at 127.0.0.1/33363] INFO  server.RaftServerConfigKeys (ConfUtils.java:logGet(46)) - raft.server.rpc.slowness.timeout = 300s (custom)
2023-04-21 06:17:56,741 [Listener at 127.0.0.1/33363] INFO  server.RaftServerConfigKeys (ConfUtils.java:logGet(46)) - raft.server.leaderelection.leader.step-down.wait-time = 10s (default)
2023-04-21 06:17:56,741 [Listener at 127.0.0.1/33363] INFO  server.RaftServerConfigKeys (ConfUtils.java:logGet(46)) - raft.server.storage.dir = [/home/runner/work/ozone/ozone/hadoop-ozone/integration-test/target/test-dir/MiniOzoneClusterImpl-095cf78d-69a9-402e-99bd-cb43c7978d28/datanode-0/data/ratis] (custom)
2023-04-21 06:17:56,742 [b5ed12de-f90d-40ef-a4f6-6f0ba0776d3f-NettyServerStreamRpc-bossGroup--thread1] INFO  logging.LoggingHandler (AbstractInternalLogger.java:log(148)) - [id: 0xeffaad54] REGISTERED
2023-04-21 06:17:56,742 [b5ed12de-f90d-40ef-a4f6-6f0ba0776d3f-NettyServerStreamRpc-bossGroup--thread1] INFO  logging.LoggingHandler (AbstractInternalLogger.java:log(148)) - [id: 0xeffaad54] BIND: 0.0.0.0/0.0.0.0:0
2023-04-21 06:17:56,742 [b5ed12de-f90d-40ef-a4f6-6f0ba0776d3f-NettyServerStreamRpc-bossGroup--thread1] INFO  logging.LoggingHandler (AbstractInternalLogger.java:log(148)) - [id: 0xeffaad54, L:/0:0:0:0:0:0:0:0:44447] ACTIVE
2023-04-21 06:17:56,743 [Listener at 127.0.0.1/33363] INFO  server.XceiverServerGrpc (XceiverServerGrpc.java:<init>(132)) - GrpcServer channel type EpollServerSocketChannel
2023-04-21 06:17:56,746 [Listener at 127.0.0.1/33363] INFO  http.BaseHttpServer (BaseHttpServer.java:newHttpServer2BuilderForOzone(224)) - Starting Web-server for hddsDatanode at: http://0.0.0.0:0
2023-04-21 06:17:56,746 [Listener at 127.0.0.1/33363] INFO  http.BaseHttpServer (BaseHttpServer.java:<init>(111)) - Hadoop Security Enabled: false Ozone Security Enabled: false Ozone HTTP Security Enabled: false 
2023-04-21 06:17:56,747 [Listener at 127.0.0.1/33363] WARN  server.AuthenticationFilter (AuthenticationFilter.java:constructSecretProvider(240)) - Unable to initialize FileSignerSecretProvider, falling back to use random secrets. Reason: Could not read signature secret file: /home/runner/hadoop-http-auth-signature-secret
2023-04-21 06:17:56,747 [Listener at 127.0.0.1/33363] INFO  http.HttpRequestLog (HttpRequestLog.java:getRequestLog(86)) - Http request log for http.requests.hddsDatanode is not defined
2023-04-21 06:17:56,748 [Listener at 127.0.0.1/33363] INFO  http.HttpServer2 (HttpServer2.java:addGlobalFilter(1031)) - Added global filter 'safety' (class=org.apache.hadoop.hdds.server.http.HttpServer2$QuotingInputFilter)
2023-04-21 06:17:56,749 [Listener at 127.0.0.1/33363] INFO  http.HttpServer2 (HttpServer2.java:addFilter(1007)) - Added filter static_user_filter (class=org.apache.hadoop.http.lib.StaticUserWebFilter$StaticUserFilter) to context hddsDatanode
2023-04-21 06:17:56,749 [Listener at 127.0.0.1/33363] INFO  http.HttpServer2 (HttpServer2.java:addFilter(1015)) - Added filter static_user_filter (class=org.apache.hadoop.http.lib.StaticUserWebFilter$StaticUserFilter) to context logs
2023-04-21 06:17:56,749 [Listener at 127.0.0.1/33363] INFO  http.HttpServer2 (HttpServer2.java:addFilter(1015)) - Added filter static_user_filter (class=org.apache.hadoop.http.lib.StaticUserWebFilter$StaticUserFilter) to context static
2023-04-21 06:17:56,750 [Listener at 127.0.0.1/33363] INFO  http.BaseHttpServer (BaseHttpServer.java:<init>(190)) - HTTP server of hddsDatanode uses base directory /home/runner/work/ozone/ozone/hadoop-ozone/integration-test/target/test-dir/MiniOzoneClusterImpl-095cf78d-69a9-402e-99bd-cb43c7978d28/datanode-0/meta/webserver
2023-04-21 06:17:56,750 [Listener at 127.0.0.1/33363] INFO  http.HttpServer2 (HttpServer2.java:bindListener(1250)) - Jetty bound to port 36597
2023-04-21 06:17:56,750 [Listener at 127.0.0.1/33363] INFO  server.Server (Server.java:doStart(375)) - jetty-9.4.49.v20220914; built: 2022-09-14T01:07:36.601Z; git: 4231a3b2e4cb8548a412a789936d640a97b1aa0a; jvm 1.8.0_362-b09
2023-04-21 06:17:56,754 [Listener at 127.0.0.1/33363] INFO  server.session (DefaultSessionIdManager.java:doStart(334)) - DefaultSessionIdManager workerName=node0
2023-04-21 06:17:56,754 [Listener at 127.0.0.1/33363] INFO  server.session (DefaultSessionIdManager.java:doStart(339)) - No SessionScavenger set, using defaults
2023-04-21 06:17:56,754 [Listener at 127.0.0.1/33363] INFO  server.session (HouseKeeper.java:startScavenging(132)) - node0 Scavenging every 660000ms
2023-04-21 06:17:56,755 [Listener at 127.0.0.1/33363] INFO  handler.ContextHandler (ContextHandler.java:doStart(921)) - Started o.e.j.s.ServletContextHandler@101e318e{logs,/logs,file:///home/runner/work/ozone/ozone/hadoop-ozone/integration-test/target/log,AVAILABLE}
2023-04-21 06:17:56,755 [Listener at 127.0.0.1/33363] INFO  handler.ContextHandler (ContextHandler.java:doStart(921)) - Started o.e.j.s.ServletContextHandler@2c0767ac{static,/static,jar:file:/home/runner/.m2/repository/org/apache/ozone/hdds-container-service/1.4.0-SNAPSHOT/hdds-container-service-1.4.0-SNAPSHOT.jar!/webapps/static,AVAILABLE}
2023-04-21 06:17:56,961 [Listener at 127.0.0.1/33363] INFO  handler.ContextHandler (ContextHandler.java:doStart(921)) - Started o.e.j.w.WebAppContext@6a75b3ad{hddsDatanode,/,file:///home/runner/work/ozone/ozone/hadoop-ozone/integration-test/target/test-dir/MiniOzoneClusterImpl-095cf78d-69a9-402e-99bd-cb43c7978d28/datanode-0/meta/webserver/jetty-0_0_0_0-36597-hdds-container-service-1_4_0-SNAPSHOT_jar-_-any-5767323298296168767/webapp/,AVAILABLE}{jar:file:/home/runner/.m2/repository/org/apache/ozone/hdds-container-service/1.4.0-SNAPSHOT/hdds-container-service-1.4.0-SNAPSHOT.jar!/webapps/hddsDatanode}
2023-04-21 06:17:56,962 [Listener at 127.0.0.1/33363] INFO  server.AbstractConnector (AbstractConnector.java:doStart(333)) - Started ServerConnector@47f11ec0{HTTP/1.1, (http/1.1)}{0.0.0.0:36597}
2023-04-21 06:17:56,962 [Listener at 127.0.0.1/33363] INFO  server.Server (Server.java:doStart(415)) - Started @159653ms
2023-04-21 06:17:56,962 [Listener at 127.0.0.1/33363] WARN  impl.MetricsSystemImpl (MetricsSystemImpl.java:register(279)) - Sink prometheus already exists!
2023-04-21 06:17:56,963 [Listener at 127.0.0.1/33363] INFO  http.BaseHttpServer (BaseHttpServer.java:updateConnectorAddress(344)) - HTTP server of hddsDatanode listening at http://0.0.0.0:36597
2023-04-21 06:17:56,963 [Listener at 127.0.0.1/33363] WARN  impl.MetricRegistriesImpl (MetricRegistriesImpl.java:addReporterRegistration(111)) - New reporters are added after registries were created. Some metrics will be missing from the reporter. Please add reporter before adding any new registry.
2023-04-21 06:17:56,964 [Listener at 127.0.0.1/33363] WARN  impl.MetricRegistriesImpl (MetricRegistriesImpl.java:addReporterRegistration(111)) - New reporters are added after registries were created. Some metrics will be missing from the reporter. Please add reporter before adding any new registry.
2023-04-21 06:17:56,964 [Listener at 127.0.0.1/33363] INFO  impl.MetricsSystemImpl (MetricsSystemImpl.java:init(158)) - HddsDatanode metrics system started (again)
2023-04-21 06:17:56,970 [Datanode State Machine Daemon Thread] INFO  statemachine.DatanodeStateMachine (DatanodeStateMachine.java:lambda$startDaemon$0(517)) - Ozone container server started.
2023-04-21 06:17:56,976 [org.apache.hadoop.util.JvmPauseMonitor$Monitor@117481ed] INFO  util.JvmPauseMonitor (JvmPauseMonitor.java:run(188)) - Starting JVM pause monitor
2023-04-21 06:17:56,982 [Listener at 127.0.0.1/33363] INFO  ozone.HddsDatanodeService (HddsDatanodeService.java:start(252)) - HddsDatanodeService host:fv-az205-422 ip:10.1.0.35
2023-04-21 06:17:56,984 [Datanode State Machine Task Thread - 0] INFO  datanode.InitDatanodeState (InitDatanodeState.java:persistContainerDatanodeDetails(138)) - DatanodeDetails is persisted to /home/runner/work/ozone/ozone/hadoop-ozone/integration-test/target/test-dir/MiniOzoneClusterImpl-095cf78d-69a9-402e-99bd-cb43c7978d28/datanode-0/meta/datanode.id
2023-04-21 06:17:57,004 [Listener at 127.0.0.1/33363] INFO  upgrade.AbstractLayoutVersionManager (AbstractLayoutVersionManager.java:init(83)) - Initializing Layout version manager with metadata layout = WEBUI_PORTS_IN_DATANODEDETAILS (version = 6), software layout = WEBUI_PORTS_IN_DATANODEDETAILS (version = 6)
2023-04-21 06:17:57,049 [Listener at 127.0.0.1/33363] INFO  reflections.Reflections (Reflections.java:scan(232)) - Reflections took 44 ms to scan 7 urls, producing 156 keys and 369 values 
2023-04-21 06:17:57,051 [Listener at 127.0.0.1/33363] INFO  statemachine.DatanodeStateMachine (DatanodeStateMachine.java:getEndPointTaskThreadPoolSize(260)) - Datanode State Machine Task Thread Pool size 2
2023-04-21 06:17:57,054 [Listener at 127.0.0.1/33363] INFO  volume.HddsVolume (HddsVolume.java:<init>(130)) - Creating HddsVolume: /home/runner/work/ozone/ozone/hadoop-ozone/integration-test/target/test-dir/MiniOzoneClusterImpl-095cf78d-69a9-402e-99bd-cb43c7978d28/datanode-1/data-0/containers/hdds of storage type : DISK capacity : 9223372036854775807
2023-04-21 06:17:57,054 [Listener at 127.0.0.1/33363] INFO  volume.MutableVolumeSet (MutableVolumeSet.java:initializeVolumeSet(175)) - Added Volume : /home/runner/work/ozone/ozone/hadoop-ozone/integration-test/target/test-dir/MiniOzoneClusterImpl-095cf78d-69a9-402e-99bd-cb43c7978d28/datanode-1/data-0/containers/hdds to VolumeSet
2023-04-21 06:17:57,055 [Listener at 127.0.0.1/33363] INFO  volume.ThrottledAsyncChecker (ThrottledAsyncChecker.java:schedule(141)) - Scheduling a check for /home/runner/work/ozone/ozone/hadoop-ozone/integration-test/target/test-dir/MiniOzoneClusterImpl-095cf78d-69a9-402e-99bd-cb43c7978d28/datanode-1/data-0/containers/hdds
2023-04-21 06:17:57,056 [Listener at 127.0.0.1/33363] INFO  volume.StorageVolumeChecker (StorageVolumeChecker.java:checkAllVolumes(202)) - Scheduled health check for volume /home/runner/work/ozone/ozone/hadoop-ozone/integration-test/target/test-dir/MiniOzoneClusterImpl-095cf78d-69a9-402e-99bd-cb43c7978d28/datanode-1/data-0/containers/hdds
2023-04-21 06:17:57,071 [Listener at 127.0.0.1/33363] INFO  volume.MutableVolumeSet (MutableVolumeSet.java:initializeVolumeSet(175)) - Added Volume : /home/runner/work/ozone/ozone/hadoop-ozone/integration-test/target/test-dir/MiniOzoneClusterImpl-095cf78d-69a9-402e-99bd-cb43c7978d28/datanode-1/data/ratis to VolumeSet
2023-04-21 06:17:57,071 [Listener at 127.0.0.1/33363] INFO  volume.ThrottledAsyncChecker (ThrottledAsyncChecker.java:schedule(141)) - Scheduling a check for /home/runner/work/ozone/ozone/hadoop-ozone/integration-test/target/test-dir/MiniOzoneClusterImpl-095cf78d-69a9-402e-99bd-cb43c7978d28/datanode-1/data/ratis
2023-04-21 06:17:57,071 [Listener at 127.0.0.1/33363] INFO  volume.StorageVolumeChecker (StorageVolumeChecker.java:checkAllVolumes(202)) - Scheduled health check for volume /home/runner/work/ozone/ozone/hadoop-ozone/integration-test/target/test-dir/MiniOzoneClusterImpl-095cf78d-69a9-402e-99bd-cb43c7978d28/datanode-1/data/ratis
2023-04-21 06:17:57,085 [Thread-2121] INFO  ozoneimpl.ContainerReader (ContainerReader.java:readVolume(175)) - Finish verifying containers on volume /home/runner/work/ozone/ozone/hadoop-ozone/integration-test/target/test-dir/MiniOzoneClusterImpl-095cf78d-69a9-402e-99bd-cb43c7978d28/datanode-1/data-0/containers/hdds
2023-04-21 06:17:57,085 [Listener at 127.0.0.1/33363] INFO  ozoneimpl.OzoneContainer (OzoneContainer.java:buildContainerSet(303)) - Build ContainerSet costs 0s
2023-04-21 06:17:57,088 [Listener at 127.0.0.1/33363] INFO  server.RaftServer (ConfUtils.java:logGet(46)) - raft.rpc.type = GRPC (default)
2023-04-21 06:17:57,088 [Listener at 127.0.0.1/33363] INFO  grpc.GrpcConfigKeys (ConfUtils.java:logFallback(53)) - raft.grpc.admin.host = null (fallback to raft.grpc.server.host)
2023-04-21 06:17:57,088 [Listener at 127.0.0.1/33363] INFO  grpc.GrpcConfigKeys (ConfUtils.java:logGet(46)) - raft.grpc.admin.port = 0 (custom)
2023-04-21 06:17:57,088 [Listener at 127.0.0.1/33363] INFO  grpc.GrpcConfigKeys (ConfUtils.java:logFallback(53)) - raft.grpc.client.host = null (fallback to raft.grpc.server.host)
2023-04-21 06:17:57,088 [Listener at 127.0.0.1/33363] INFO  grpc.GrpcConfigKeys (ConfUtils.java:logGet(46)) - raft.grpc.client.port = 0 (custom)
2023-04-21 06:17:57,088 [Listener at 127.0.0.1/33363] INFO  grpc.GrpcConfigKeys (ConfUtils.java:logGet(46)) - raft.grpc.server.host = null (default)
2023-04-21 06:17:57,088 [Listener at 127.0.0.1/33363] INFO  grpc.GrpcConfigKeys (ConfUtils.java:logGet(46)) - raft.grpc.server.port = 0 (default)
2023-04-21 06:17:57,088 [Listener at 127.0.0.1/33363] INFO  server.GrpcService (ConfUtils.java:logGet(46)) - raft.grpc.message.size.max = 32MB (=33554432) (custom)
2023-04-21 06:17:57,088 [Listener at 127.0.0.1/33363] INFO  server.RaftServerConfigKeys (ConfUtils.java:logGet(46)) - raft.server.log.appender.buffer.byte-limit = 33554432 (custom)
2023-04-21 06:17:57,088 [Listener at 127.0.0.1/33363] INFO  server.GrpcService (ConfUtils.java:logGet(46)) - raft.grpc.flow.control.window = 5MB (=5242880) (custom)
2023-04-21 06:17:57,088 [Listener at 127.0.0.1/33363] INFO  server.RaftServerConfigKeys (ConfUtils.java:logGet(46)) - raft.server.rpc.request.timeout = 60s (custom)
2023-04-21 06:17:57,089 [Listener at 127.0.0.1/33363] INFO  grpc.GrpcConfigKeys (ConfUtils.java:logGet(46)) - raft.grpc.server.heartbeat.channel = true (default)
2023-04-21 06:17:57,089 [Listener at 127.0.0.1/33363] INFO  grpc.GrpcConfigKeys (ConfUtils.java:logGet(46)) - raft.grpc.server.async.request.thread.pool.cached = true (default)
2023-04-21 06:17:57,089 [Listener at 127.0.0.1/33363] INFO  grpc.GrpcConfigKeys (ConfUtils.java:logGet(46)) - raft.grpc.server.async.request.thread.pool.size = 32 (default)
2023-04-21 06:17:57,090 [Listener at 127.0.0.1/33363] INFO  impl.DataStreamServerImpl (ConfUtils.java:logGet(46)) - raft.datastream.type = NETTY (custom)
2023-04-21 06:17:57,090 [Listener at 127.0.0.1/33363] INFO  server.RaftServerConfigKeys (ConfUtils.java:logGet(46)) - raft.server.data-stream.async.request.thread.pool.cached = false (default)
2023-04-21 06:17:57,090 [Listener at 127.0.0.1/33363] INFO  server.RaftServerConfigKeys (ConfUtils.java:logGet(46)) - raft.server.data-stream.async.request.thread.pool.size = 20 (custom)
2023-04-21 06:17:57,091 [Listener at 127.0.0.1/33363] INFO  server.RaftServerConfigKeys (ConfUtils.java:logGet(46)) - raft.server.data-stream.async.write.thread.pool.size = 16 (default)
2023-04-21 06:17:57,091 [Listener at 127.0.0.1/33363] INFO  server.RaftServerConfigKeys (ConfUtils.java:logGet(46)) - raft.server.data-stream.client.pool.size = 10 (default)
2023-04-21 06:17:57,091 [Listener at 127.0.0.1/33363] INFO  netty.NettyConfigKeys$DataStream (ConfUtils.java:logGet(46)) - raft.netty.dataStream.server.use-epoll = false (default)
2023-04-21 06:17:57,091 [Listener at 127.0.0.1/33363] INFO  netty.NettyConfigKeys$DataStream (ConfUtils.java:logGet(46)) - raft.netty.dataStream.server.boss-group.size = 0 (default)
2023-04-21 06:17:57,091 [Listener at 127.0.0.1/33363] INFO  netty.NettyConfigKeys$DataStream (ConfUtils.java:logGet(46)) - raft.netty.dataStream.server.worker-group.size = 0 (default)
2023-04-21 06:17:57,092 [Listener at 127.0.0.1/33363] INFO  netty.NettyConfigKeys$DataStream (ConfUtils.java:logGet(46)) - raft.netty.dataStream.server.tls.conf = null (default)
2023-04-21 06:17:57,092 [Listener at 127.0.0.1/33363] INFO  netty.NettyConfigKeys$DataStream (ConfUtils.java:logGet(46)) - raft.netty.dataStream.host = null (default)
2023-04-21 06:17:57,092 [Listener at 127.0.0.1/33363] INFO  netty.NettyConfigKeys$DataStream (ConfUtils.java:logGet(46)) - raft.netty.dataStream.port = 0 (default)
2023-04-21 06:17:57,092 [Listener at 127.0.0.1/33363] INFO  server.RaftServerConfigKeys (ConfUtils.java:logGet(46)) - raft.server.threadpool.proxy.cached = true (default)
2023-04-21 06:17:57,093 [Listener at 127.0.0.1/33363] INFO  server.RaftServerConfigKeys (ConfUtils.java:logGet(46)) - raft.server.threadpool.proxy.size = 0 (default)
2023-04-21 06:17:57,093 [Listener at 127.0.0.1/33363] INFO  server.RaftServerConfigKeys (ConfUtils.java:logGet(46)) - raft.server.rpc.slowness.timeout = 300s (custom)
2023-04-21 06:17:57,093 [fe0baf38-ef32-47f5-977d-6484d2e153f1-NettyServerStreamRpc-bossGroup--thread1] INFO  logging.LoggingHandler (AbstractInternalLogger.java:log(148)) - [id: 0x9416dace] REGISTERED
2023-04-21 06:17:57,093 [Listener at 127.0.0.1/33363] INFO  server.RaftServerConfigKeys (ConfUtils.java:logGet(46)) - raft.server.leaderelection.leader.step-down.wait-time = 10s (default)
2023-04-21 06:17:57,093 [fe0baf38-ef32-47f5-977d-6484d2e153f1-NettyServerStreamRpc-bossGroup--thread1] INFO  logging.LoggingHandler (AbstractInternalLogger.java:log(148)) - [id: 0x9416dace] BIND: 0.0.0.0/0.0.0.0:0
2023-04-21 06:17:57,093 [Listener at 127.0.0.1/33363] INFO  server.RaftServerConfigKeys (ConfUtils.java:logGet(46)) - raft.server.storage.dir = [/home/runner/work/ozone/ozone/hadoop-ozone/integration-test/target/test-dir/MiniOzoneClusterImpl-095cf78d-69a9-402e-99bd-cb43c7978d28/datanode-1/data/ratis] (custom)
2023-04-21 06:17:57,093 [fe0baf38-ef32-47f5-977d-6484d2e153f1-NettyServerStreamRpc-bossGroup--thread1] INFO  logging.LoggingHandler (AbstractInternalLogger.java:log(148)) - [id: 0x9416dace, L:/0:0:0:0:0:0:0:0:35889] ACTIVE
2023-04-21 06:17:57,097 [Listener at 127.0.0.1/33363] INFO  server.XceiverServerGrpc (XceiverServerGrpc.java:<init>(132)) - GrpcServer channel type EpollServerSocketChannel
2023-04-21 06:17:57,104 [Listener at 127.0.0.1/33363] INFO  http.BaseHttpServer (BaseHttpServer.java:newHttpServer2BuilderForOzone(224)) - Starting Web-server for hddsDatanode at: http://0.0.0.0:0
2023-04-21 06:17:57,104 [Listener at 127.0.0.1/33363] INFO  http.BaseHttpServer (BaseHttpServer.java:<init>(111)) - Hadoop Security Enabled: false Ozone Security Enabled: false Ozone HTTP Security Enabled: false 
2023-04-21 06:17:57,106 [Listener at 127.0.0.1/33363] WARN  server.AuthenticationFilter (AuthenticationFilter.java:constructSecretProvider(240)) - Unable to initialize FileSignerSecretProvider, falling back to use random secrets. Reason: Could not read signature secret file: /home/runner/hadoop-http-auth-signature-secret
2023-04-21 06:17:57,109 [Listener at 127.0.0.1/33363] INFO  http.HttpRequestLog (HttpRequestLog.java:getRequestLog(86)) - Http request log for http.requests.hddsDatanode is not defined
2023-04-21 06:17:57,111 [Listener at 127.0.0.1/33363] INFO  http.HttpServer2 (HttpServer2.java:addGlobalFilter(1031)) - Added global filter 'safety' (class=org.apache.hadoop.hdds.server.http.HttpServer2$QuotingInputFilter)
2023-04-21 06:17:57,112 [Listener at 127.0.0.1/33363] INFO  http.HttpServer2 (HttpServer2.java:addFilter(1007)) - Added filter static_user_filter (class=org.apache.hadoop.http.lib.StaticUserWebFilter$StaticUserFilter) to context hddsDatanode
2023-04-21 06:17:57,112 [Listener at 127.0.0.1/33363] INFO  http.HttpServer2 (HttpServer2.java:addFilter(1015)) - Added filter static_user_filter (class=org.apache.hadoop.http.lib.StaticUserWebFilter$StaticUserFilter) to context static
2023-04-21 06:17:57,112 [Listener at 127.0.0.1/33363] INFO  http.HttpServer2 (HttpServer2.java:addFilter(1015)) - Added filter static_user_filter (class=org.apache.hadoop.http.lib.StaticUserWebFilter$StaticUserFilter) to context logs
2023-04-21 06:17:57,112 [Listener at 127.0.0.1/33363] INFO  http.BaseHttpServer (BaseHttpServer.java:<init>(190)) - HTTP server of hddsDatanode uses base directory /home/runner/work/ozone/ozone/hadoop-ozone/integration-test/target/test-dir/MiniOzoneClusterImpl-095cf78d-69a9-402e-99bd-cb43c7978d28/datanode-1/meta/webserver
2023-04-21 06:17:57,112 [Listener at 127.0.0.1/33363] INFO  http.HttpServer2 (HttpServer2.java:bindListener(1250)) - Jetty bound to port 46823
2023-04-21 06:17:57,113 [Listener at 127.0.0.1/33363] INFO  server.Server (Server.java:doStart(375)) - jetty-9.4.49.v20220914; built: 2022-09-14T01:07:36.601Z; git: 4231a3b2e4cb8548a412a789936d640a97b1aa0a; jvm 1.8.0_362-b09
2023-04-21 06:17:57,114 [Listener at 127.0.0.1/33363] INFO  server.session (DefaultSessionIdManager.java:doStart(334)) - DefaultSessionIdManager workerName=node0
2023-04-21 06:17:57,114 [Listener at 127.0.0.1/33363] INFO  server.session (DefaultSessionIdManager.java:doStart(339)) - No SessionScavenger set, using defaults
2023-04-21 06:17:57,114 [Listener at 127.0.0.1/33363] INFO  server.session (HouseKeeper.java:startScavenging(132)) - node0 Scavenging every 660000ms
2023-04-21 06:17:57,115 [Listener at 127.0.0.1/33363] INFO  handler.ContextHandler (ContextHandler.java:doStart(921)) - Started o.e.j.s.ServletContextHandler@5f1a43d1{logs,/logs,file:///home/runner/work/ozone/ozone/hadoop-ozone/integration-test/target/log,AVAILABLE}
2023-04-21 06:17:57,115 [Listener at 127.0.0.1/33363] INFO  handler.ContextHandler (ContextHandler.java:doStart(921)) - Started o.e.j.s.ServletContextHandler@6867ef1f{static,/static,jar:file:/home/runner/.m2/repository/org/apache/ozone/hdds-container-service/1.4.0-SNAPSHOT/hdds-container-service-1.4.0-SNAPSHOT.jar!/webapps/static,AVAILABLE}
2023-04-21 06:17:57,326 [Listener at 127.0.0.1/33363] INFO  handler.ContextHandler (ContextHandler.java:doStart(921)) - Started o.e.j.w.WebAppContext@4adb80b9{hddsDatanode,/,file:///home/runner/work/ozone/ozone/hadoop-ozone/integration-test/target/test-dir/MiniOzoneClusterImpl-095cf78d-69a9-402e-99bd-cb43c7978d28/datanode-1/meta/webserver/jetty-0_0_0_0-46823-hdds-container-service-1_4_0-SNAPSHOT_jar-_-any-3754458703722790801/webapp/,AVAILABLE}{jar:file:/home/runner/.m2/repository/org/apache/ozone/hdds-container-service/1.4.0-SNAPSHOT/hdds-container-service-1.4.0-SNAPSHOT.jar!/webapps/hddsDatanode}
2023-04-21 06:17:57,328 [Listener at 127.0.0.1/33363] INFO  server.AbstractConnector (AbstractConnector.java:doStart(333)) - Started ServerConnector@3e03a4a2{HTTP/1.1, (http/1.1)}{0.0.0.0:46823}
2023-04-21 06:17:57,328 [Listener at 127.0.0.1/33363] INFO  server.Server (Server.java:doStart(415)) - Started @160018ms
2023-04-21 06:17:57,328 [Listener at 127.0.0.1/33363] WARN  impl.MetricsSystemImpl (MetricsSystemImpl.java:register(279)) - Sink prometheus already exists!
2023-04-21 06:17:57,329 [Listener at 127.0.0.1/33363] INFO  http.BaseHttpServer (BaseHttpServer.java:updateConnectorAddress(344)) - HTTP server of hddsDatanode listening at http://0.0.0.0:46823
2023-04-21 06:17:57,329 [Datanode State Machine Daemon Thread] INFO  statemachine.DatanodeStateMachine (DatanodeStateMachine.java:lambda$startDaemon$0(517)) - Ozone container server started.
2023-04-21 06:17:57,329 [Listener at 127.0.0.1/33363] WARN  impl.MetricRegistriesImpl (MetricRegistriesImpl.java:addReporterRegistration(111)) - New reporters are added after registries were created. Some metrics will be missing from the reporter. Please add reporter before adding any new registry.
2023-04-21 06:17:57,330 [Listener at 127.0.0.1/33363] WARN  impl.MetricRegistriesImpl (MetricRegistriesImpl.java:addReporterRegistration(111)) - New reporters are added after registries were created. Some metrics will be missing from the reporter. Please add reporter before adding any new registry.
2023-04-21 06:17:57,330 [Listener at 127.0.0.1/33363] INFO  impl.MetricsSystemImpl (MetricsSystemImpl.java:init(158)) - HddsDatanode metrics system started (again)
2023-04-21 06:17:57,342 [Listener at 127.0.0.1/33363] INFO  ozone.HddsDatanodeService (HddsDatanodeService.java:start(252)) - HddsDatanodeService host:fv-az205-422 ip:10.1.0.35
2023-04-21 06:17:57,343 [org.apache.hadoop.util.JvmPauseMonitor$Monitor@4e34af93] INFO  util.JvmPauseMonitor (JvmPauseMonitor.java:run(188)) - Starting JVM pause monitor
2023-04-21 06:17:57,344 [Datanode State Machine Task Thread - 0] INFO  datanode.InitDatanodeState (InitDatanodeState.java:persistContainerDatanodeDetails(138)) - DatanodeDetails is persisted to /home/runner/work/ozone/ozone/hadoop-ozone/integration-test/target/test-dir/MiniOzoneClusterImpl-095cf78d-69a9-402e-99bd-cb43c7978d28/datanode-1/meta/datanode.id
2023-04-21 06:17:57,363 [Listener at 127.0.0.1/33363] INFO  upgrade.AbstractLayoutVersionManager (AbstractLayoutVersionManager.java:init(83)) - Initializing Layout version manager with metadata layout = WEBUI_PORTS_IN_DATANODEDETAILS (version = 6), software layout = WEBUI_PORTS_IN_DATANODEDETAILS (version = 6)
2023-04-21 06:17:57,414 [Listener at 127.0.0.1/33363] INFO  reflections.Reflections (Reflections.java:scan(232)) - Reflections took 47 ms to scan 7 urls, producing 156 keys and 369 values 
2023-04-21 06:17:57,419 [Listener at 127.0.0.1/33363] INFO  statemachine.DatanodeStateMachine (DatanodeStateMachine.java:getEndPointTaskThreadPoolSize(260)) - Datanode State Machine Task Thread Pool size 2
2023-04-21 06:17:57,425 [Listener at 127.0.0.1/33363] INFO  volume.HddsVolume (HddsVolume.java:<init>(130)) - Creating HddsVolume: /home/runner/work/ozone/ozone/hadoop-ozone/integration-test/target/test-dir/MiniOzoneClusterImpl-095cf78d-69a9-402e-99bd-cb43c7978d28/datanode-2/data-0/containers/hdds of storage type : DISK capacity : 9223372036854775807
2023-04-21 06:17:57,425 [Listener at 127.0.0.1/33363] INFO  volume.MutableVolumeSet (MutableVolumeSet.java:initializeVolumeSet(175)) - Added Volume : /home/runner/work/ozone/ozone/hadoop-ozone/integration-test/target/test-dir/MiniOzoneClusterImpl-095cf78d-69a9-402e-99bd-cb43c7978d28/datanode-2/data-0/containers/hdds to VolumeSet
2023-04-21 06:17:57,425 [Listener at 127.0.0.1/33363] INFO  volume.ThrottledAsyncChecker (ThrottledAsyncChecker.java:schedule(141)) - Scheduling a check for /home/runner/work/ozone/ozone/hadoop-ozone/integration-test/target/test-dir/MiniOzoneClusterImpl-095cf78d-69a9-402e-99bd-cb43c7978d28/datanode-2/data-0/containers/hdds
2023-04-21 06:17:57,428 [Listener at 127.0.0.1/33363] INFO  volume.StorageVolumeChecker (StorageVolumeChecker.java:checkAllVolumes(202)) - Scheduled health check for volume /home/runner/work/ozone/ozone/hadoop-ozone/integration-test/target/test-dir/MiniOzoneClusterImpl-095cf78d-69a9-402e-99bd-cb43c7978d28/datanode-2/data-0/containers/hdds
2023-04-21 06:17:57,440 [Listener at 127.0.0.1/33363] INFO  volume.MutableVolumeSet (MutableVolumeSet.java:initializeVolumeSet(175)) - Added Volume : /home/runner/work/ozone/ozone/hadoop-ozone/integration-test/target/test-dir/MiniOzoneClusterImpl-095cf78d-69a9-402e-99bd-cb43c7978d28/datanode-2/data/ratis to VolumeSet
2023-04-21 06:17:57,440 [Listener at 127.0.0.1/33363] INFO  volume.ThrottledAsyncChecker (ThrottledAsyncChecker.java:schedule(141)) - Scheduling a check for /home/runner/work/ozone/ozone/hadoop-ozone/integration-test/target/test-dir/MiniOzoneClusterImpl-095cf78d-69a9-402e-99bd-cb43c7978d28/datanode-2/data/ratis
2023-04-21 06:17:57,440 [Listener at 127.0.0.1/33363] INFO  volume.StorageVolumeChecker (StorageVolumeChecker.java:checkAllVolumes(202)) - Scheduled health check for volume /home/runner/work/ozone/ozone/hadoop-ozone/integration-test/target/test-dir/MiniOzoneClusterImpl-095cf78d-69a9-402e-99bd-cb43c7978d28/datanode-2/data/ratis
2023-04-21 06:17:57,451 [Thread-2135] INFO  ozoneimpl.ContainerReader (ContainerReader.java:readVolume(175)) - Finish verifying containers on volume /home/runner/work/ozone/ozone/hadoop-ozone/integration-test/target/test-dir/MiniOzoneClusterImpl-095cf78d-69a9-402e-99bd-cb43c7978d28/datanode-2/data-0/containers/hdds
2023-04-21 06:17:57,451 [Listener at 127.0.0.1/33363] INFO  ozoneimpl.OzoneContainer (OzoneContainer.java:buildContainerSet(303)) - Build ContainerSet costs 0s
2023-04-21 06:17:57,452 [Listener at 127.0.0.1/33363] INFO  server.RaftServer (ConfUtils.java:logGet(46)) - raft.rpc.type = GRPC (default)
2023-04-21 06:17:57,452 [Listener at 127.0.0.1/33363] INFO  grpc.GrpcConfigKeys (ConfUtils.java:logFallback(53)) - raft.grpc.admin.host = null (fallback to raft.grpc.server.host)
2023-04-21 06:17:57,452 [Listener at 127.0.0.1/33363] INFO  grpc.GrpcConfigKeys (ConfUtils.java:logGet(46)) - raft.grpc.admin.port = 0 (custom)
2023-04-21 06:17:57,452 [Listener at 127.0.0.1/33363] INFO  grpc.GrpcConfigKeys (ConfUtils.java:logFallback(53)) - raft.grpc.client.host = null (fallback to raft.grpc.server.host)
2023-04-21 06:17:57,453 [Listener at 127.0.0.1/33363] INFO  grpc.GrpcConfigKeys (ConfUtils.java:logGet(46)) - raft.grpc.client.port = 0 (custom)
2023-04-21 06:17:57,453 [Listener at 127.0.0.1/33363] INFO  grpc.GrpcConfigKeys (ConfUtils.java:logGet(46)) - raft.grpc.server.host = null (default)
2023-04-21 06:17:57,453 [Listener at 127.0.0.1/33363] INFO  grpc.GrpcConfigKeys (ConfUtils.java:logGet(46)) - raft.grpc.server.port = 0 (default)
2023-04-21 06:17:57,453 [Listener at 127.0.0.1/33363] INFO  server.GrpcService (ConfUtils.java:logGet(46)) - raft.grpc.message.size.max = 32MB (=33554432) (custom)
2023-04-21 06:17:57,453 [Listener at 127.0.0.1/33363] INFO  server.RaftServerConfigKeys (ConfUtils.java:logGet(46)) - raft.server.log.appender.buffer.byte-limit = 33554432 (custom)
2023-04-21 06:17:57,453 [Listener at 127.0.0.1/33363] INFO  server.GrpcService (ConfUtils.java:logGet(46)) - raft.grpc.flow.control.window = 5MB (=5242880) (custom)
2023-04-21 06:17:57,453 [Listener at 127.0.0.1/33363] INFO  server.RaftServerConfigKeys (ConfUtils.java:logGet(46)) - raft.server.rpc.request.timeout = 60s (custom)
2023-04-21 06:17:57,453 [Listener at 127.0.0.1/33363] INFO  grpc.GrpcConfigKeys (ConfUtils.java:logGet(46)) - raft.grpc.server.heartbeat.channel = true (default)
2023-04-21 06:17:57,453 [Listener at 127.0.0.1/33363] INFO  grpc.GrpcConfigKeys (ConfUtils.java:logGet(46)) - raft.grpc.server.async.request.thread.pool.cached = true (default)
2023-04-21 06:17:57,453 [Listener at 127.0.0.1/33363] INFO  grpc.GrpcConfigKeys (ConfUtils.java:logGet(46)) - raft.grpc.server.async.request.thread.pool.size = 32 (default)
2023-04-21 06:17:57,456 [Listener at 127.0.0.1/33363] INFO  impl.DataStreamServerImpl (ConfUtils.java:logGet(46)) - raft.datastream.type = NETTY (custom)
2023-04-21 06:17:57,456 [Listener at 127.0.0.1/33363] INFO  server.RaftServerConfigKeys (ConfUtils.java:logGet(46)) - raft.server.data-stream.async.request.thread.pool.cached = false (default)
2023-04-21 06:17:57,457 [Listener at 127.0.0.1/33363] INFO  server.RaftServerConfigKeys (ConfUtils.java:logGet(46)) - raft.server.data-stream.async.request.thread.pool.size = 20 (custom)
2023-04-21 06:17:57,457 [Listener at 127.0.0.1/33363] INFO  server.RaftServerConfigKeys (ConfUtils.java:logGet(46)) - raft.server.data-stream.async.write.thread.pool.size = 16 (default)
2023-04-21 06:17:57,457 [Listener at 127.0.0.1/33363] INFO  server.RaftServerConfigKeys (ConfUtils.java:logGet(46)) - raft.server.data-stream.client.pool.size = 10 (default)
2023-04-21 06:17:57,457 [Listener at 127.0.0.1/33363] INFO  netty.NettyConfigKeys$DataStream (ConfUtils.java:logGet(46)) - raft.netty.dataStream.server.use-epoll = false (default)
2023-04-21 06:17:57,457 [Listener at 127.0.0.1/33363] INFO  netty.NettyConfigKeys$DataStream (ConfUtils.java:logGet(46)) - raft.netty.dataStream.server.boss-group.size = 0 (default)
2023-04-21 06:17:57,457 [Listener at 127.0.0.1/33363] INFO  netty.NettyConfigKeys$DataStream (ConfUtils.java:logGet(46)) - raft.netty.dataStream.server.worker-group.size = 0 (default)
2023-04-21 06:17:57,457 [Listener at 127.0.0.1/33363] INFO  netty.NettyConfigKeys$DataStream (ConfUtils.java:logGet(46)) - raft.netty.dataStream.server.tls.conf = null (default)
2023-04-21 06:17:57,457 [Listener at 127.0.0.1/33363] INFO  netty.NettyConfigKeys$DataStream (ConfUtils.java:logGet(46)) - raft.netty.dataStream.host = null (default)
2023-04-21 06:17:57,458 [Listener at 127.0.0.1/33363] INFO  netty.NettyConfigKeys$DataStream (ConfUtils.java:logGet(46)) - raft.netty.dataStream.port = 0 (default)
2023-04-21 06:17:57,458 [Listener at 127.0.0.1/33363] INFO  server.RaftServerConfigKeys (ConfUtils.java:logGet(46)) - raft.server.threadpool.proxy.cached = true (default)
2023-04-21 06:17:57,458 [Listener at 127.0.0.1/33363] INFO  server.RaftServerConfigKeys (ConfUtils.java:logGet(46)) - raft.server.threadpool.proxy.size = 0 (default)
2023-04-21 06:17:57,458 [Listener at 127.0.0.1/33363] INFO  server.RaftServerConfigKeys (ConfUtils.java:logGet(46)) - raft.server.rpc.slowness.timeout = 300s (custom)
2023-04-21 06:17:57,458 [Listener at 127.0.0.1/33363] INFO  server.RaftServerConfigKeys (ConfUtils.java:logGet(46)) - raft.server.leaderelection.leader.step-down.wait-time = 10s (default)
2023-04-21 06:17:57,458 [Listener at 127.0.0.1/33363] INFO  server.RaftServerConfigKeys (ConfUtils.java:logGet(46)) - raft.server.storage.dir = [/home/runner/work/ozone/ozone/hadoop-ozone/integration-test/target/test-dir/MiniOzoneClusterImpl-095cf78d-69a9-402e-99bd-cb43c7978d28/datanode-2/data/ratis] (custom)
2023-04-21 06:17:57,460 [b6e9b414-768d-4e3e-88d3-472f8ec22e92-NettyServerStreamRpc-bossGroup--thread1] INFO  logging.LoggingHandler (AbstractInternalLogger.java:log(148)) - [id: 0xf8eb3ea9] REGISTERED
2023-04-21 06:17:57,460 [b6e9b414-768d-4e3e-88d3-472f8ec22e92-NettyServerStreamRpc-bossGroup--thread1] INFO  logging.LoggingHandler (AbstractInternalLogger.java:log(148)) - [id: 0xf8eb3ea9] BIND: 0.0.0.0/0.0.0.0:0
2023-04-21 06:17:57,460 [b6e9b414-768d-4e3e-88d3-472f8ec22e92-NettyServerStreamRpc-bossGroup--thread1] INFO  logging.LoggingHandler (AbstractInternalLogger.java:log(148)) - [id: 0xf8eb3ea9, L:/0:0:0:0:0:0:0:0:45909] ACTIVE
2023-04-21 06:17:57,462 [Listener at 127.0.0.1/33363] INFO  server.XceiverServerGrpc (XceiverServerGrpc.java:<init>(132)) - GrpcServer channel type EpollServerSocketChannel
2023-04-21 06:17:57,465 [Listener at 127.0.0.1/33363] INFO  http.BaseHttpServer (BaseHttpServer.java:newHttpServer2BuilderForOzone(224)) - Starting Web-server for hddsDatanode at: http://0.0.0.0:0
2023-04-21 06:17:57,465 [Listener at 127.0.0.1/33363] INFO  http.BaseHttpServer (BaseHttpServer.java:<init>(111)) - Hadoop Security Enabled: false Ozone Security Enabled: false Ozone HTTP Security Enabled: false 
2023-04-21 06:17:57,466 [Listener at 127.0.0.1/33363] WARN  server.AuthenticationFilter (AuthenticationFilter.java:constructSecretProvider(240)) - Unable to initialize FileSignerSecretProvider, falling back to use random secrets. Reason: Could not read signature secret file: /home/runner/hadoop-http-auth-signature-secret
2023-04-21 06:17:57,467 [Listener at 127.0.0.1/33363] INFO  http.HttpRequestLog (HttpRequestLog.java:getRequestLog(86)) - Http request log for http.requests.hddsDatanode is not defined
2023-04-21 06:17:57,468 [Listener at 127.0.0.1/33363] INFO  http.HttpServer2 (HttpServer2.java:addGlobalFilter(1031)) - Added global filter 'safety' (class=org.apache.hadoop.hdds.server.http.HttpServer2$QuotingInputFilter)
2023-04-21 06:17:57,468 [Listener at 127.0.0.1/33363] INFO  http.HttpServer2 (HttpServer2.java:addFilter(1007)) - Added filter static_user_filter (class=org.apache.hadoop.http.lib.StaticUserWebFilter$StaticUserFilter) to context hddsDatanode
2023-04-21 06:17:57,468 [Listener at 127.0.0.1/33363] INFO  http.HttpServer2 (HttpServer2.java:addFilter(1015)) - Added filter static_user_filter (class=org.apache.hadoop.http.lib.StaticUserWebFilter$StaticUserFilter) to context static
2023-04-21 06:17:57,468 [Listener at 127.0.0.1/33363] INFO  http.HttpServer2 (HttpServer2.java:addFilter(1015)) - Added filter static_user_filter (class=org.apache.hadoop.http.lib.StaticUserWebFilter$StaticUserFilter) to context logs
2023-04-21 06:17:57,468 [Listener at 127.0.0.1/33363] INFO  http.BaseHttpServer (BaseHttpServer.java:<init>(190)) - HTTP server of hddsDatanode uses base directory /home/runner/work/ozone/ozone/hadoop-ozone/integration-test/target/test-dir/MiniOzoneClusterImpl-095cf78d-69a9-402e-99bd-cb43c7978d28/datanode-2/meta/webserver
2023-04-21 06:17:57,469 [Listener at 127.0.0.1/33363] INFO  http.HttpServer2 (HttpServer2.java:bindListener(1250)) - Jetty bound to port 43527
2023-04-21 06:17:57,469 [Listener at 127.0.0.1/33363] INFO  server.Server (Server.java:doStart(375)) - jetty-9.4.49.v20220914; built: 2022-09-14T01:07:36.601Z; git: 4231a3b2e4cb8548a412a789936d640a97b1aa0a; jvm 1.8.0_362-b09
2023-04-21 06:17:57,475 [Listener at 127.0.0.1/33363] INFO  server.session (DefaultSessionIdManager.java:doStart(334)) - DefaultSessionIdManager workerName=node0
2023-04-21 06:17:57,475 [Listener at 127.0.0.1/33363] INFO  server.session (DefaultSessionIdManager.java:doStart(339)) - No SessionScavenger set, using defaults
2023-04-21 06:17:57,475 [Listener at 127.0.0.1/33363] INFO  server.session (HouseKeeper.java:startScavenging(132)) - node0 Scavenging every 600000ms
2023-04-21 06:17:57,479 [Listener at 127.0.0.1/33363] INFO  handler.ContextHandler (ContextHandler.java:doStart(921)) - Started o.e.j.s.ServletContextHandler@57df2fcb{logs,/logs,file:///home/runner/work/ozone/ozone/hadoop-ozone/integration-test/target/log,AVAILABLE}
2023-04-21 06:17:57,479 [Listener at 127.0.0.1/33363] INFO  handler.ContextHandler (ContextHandler.java:doStart(921)) - Started o.e.j.s.ServletContextHandler@5e527cc0{static,/static,jar:file:/home/runner/.m2/repository/org/apache/ozone/hdds-container-service/1.4.0-SNAPSHOT/hdds-container-service-1.4.0-SNAPSHOT.jar!/webapps/static,AVAILABLE}
2023-04-21 06:17:57,668 [om1@group-C5BA1605619E-FollowerState] INFO  impl.FollowerState (FollowerState.java:run(143)) - om1@group-C5BA1605619E-FollowerState: change to CANDIDATE, lastRpcElapsedTime:1091208356ns, electionTimeout:1090ms
2023-04-21 06:17:57,668 [om1@group-C5BA1605619E-FollowerState] INFO  impl.RoleInfo (RoleInfo.java:shutdownFollowerState(110)) - om1: shutdown om1@group-C5BA1605619E-FollowerState
2023-04-21 06:17:57,668 [om1@group-C5BA1605619E-FollowerState] INFO  server.RaftServer$Division (RaftServerImpl.java:setRole(321)) - om1@group-C5BA1605619E: changes role from  FOLLOWER to CANDIDATE at term 0 for changeToCandidate
2023-04-21 06:17:57,668 [om1@group-C5BA1605619E-FollowerState] INFO  server.RaftServerConfigKeys (ConfUtils.java:logGet(46)) - raft.server.leaderelection.pre-vote = true (default)
2023-04-21 06:17:57,668 [om1@group-C5BA1605619E-FollowerState] INFO  impl.RoleInfo (RoleInfo.java:updateAndGet(139)) - om1: start om1@group-C5BA1605619E-LeaderElection32
2023-04-21 06:17:57,678 [om1@group-C5BA1605619E-LeaderElection32] INFO  impl.LeaderElection (LeaderElection.java:askForVotes(312)) - om1@group-C5BA1605619E-LeaderElection32 PRE_VOTE round 0: submit vote requests at term 0 for -1: peers:[om1|rpc:localhost:9872|priority:0|startupRole:FOLLOWER]|listeners:[], old=null
2023-04-21 06:17:57,678 [om1@group-C5BA1605619E-LeaderElection32] INFO  impl.LeaderElection (LeaderElection.java:askForVotes(314)) - om1@group-C5BA1605619E-LeaderElection32 PRE_VOTE round 0: result PASSED (term=0)
2023-04-21 06:17:57,680 [Listener at 127.0.0.1/33363] INFO  handler.ContextHandler (ContextHandler.java:doStart(921)) - Started o.e.j.w.WebAppContext@67778a51{hddsDatanode,/,file:///home/runner/work/ozone/ozone/hadoop-ozone/integration-test/target/test-dir/MiniOzoneClusterImpl-095cf78d-69a9-402e-99bd-cb43c7978d28/datanode-2/meta/webserver/jetty-0_0_0_0-43527-hdds-container-service-1_4_0-SNAPSHOT_jar-_-any-75280647716817108/webapp/,AVAILABLE}{jar:file:/home/runner/.m2/repository/org/apache/ozone/hdds-container-service/1.4.0-SNAPSHOT/hdds-container-service-1.4.0-SNAPSHOT.jar!/webapps/hddsDatanode}
2023-04-21 06:17:57,682 [Listener at 127.0.0.1/33363] INFO  server.AbstractConnector (AbstractConnector.java:doStart(333)) - Started ServerConnector@306f037f{HTTP/1.1, (http/1.1)}{0.0.0.0:43527}
2023-04-21 06:17:57,682 [Listener at 127.0.0.1/33363] INFO  server.Server (Server.java:doStart(415)) - Started @160372ms
2023-04-21 06:17:57,682 [Listener at 127.0.0.1/33363] WARN  impl.MetricsSystemImpl (MetricsSystemImpl.java:register(279)) - Sink prometheus already exists!
2023-04-21 06:17:57,682 [Listener at 127.0.0.1/33363] INFO  http.BaseHttpServer (BaseHttpServer.java:updateConnectorAddress(344)) - HTTP server of hddsDatanode listening at http://0.0.0.0:43527
2023-04-21 06:17:57,683 [Listener at 127.0.0.1/33363] INFO  ozone.MiniOzoneClusterImpl (MiniOzoneClusterImpl.java:lambda$waitForClusterToBeReady$0(223)) - Waiting for nodes to be ready. Got 0 of 3 DN Heartbeats.
2023-04-21 06:17:57,683 [Listener at 127.0.0.1/33363] INFO  ozone.MiniOzoneClusterImpl (MiniOzoneClusterImpl.java:lambda$waitForClusterToBeReady$0(226)) - Waiting for cluster to exit safe mode
2023-04-21 06:17:57,683 [Listener at 127.0.0.1/33363] INFO  ozone.MiniOzoneClusterImpl (MiniOzoneClusterImpl.java:lambda$waitForClusterToBeReady$0(228)) - SCM became leader
2023-04-21 06:17:57,683 [Datanode State Machine Daemon Thread] INFO  statemachine.DatanodeStateMachine (DatanodeStateMachine.java:lambda$startDaemon$0(517)) - Ozone container server started.
2023-04-21 06:17:57,685 [om1@group-C5BA1605619E-LeaderElection32] INFO  impl.LeaderElection (LeaderElection.java:askForVotes(312)) - om1@group-C5BA1605619E-LeaderElection32 ELECTION round 0: submit vote requests at term 1 for -1: peers:[om1|rpc:localhost:9872|priority:0|startupRole:FOLLOWER]|listeners:[], old=null
2023-04-21 06:17:57,685 [om1@group-C5BA1605619E-LeaderElection32] INFO  impl.LeaderElection (LeaderElection.java:askForVotes(314)) - om1@group-C5BA1605619E-LeaderElection32 ELECTION round 0: result PASSED (term=1)
2023-04-21 06:17:57,685 [om1@group-C5BA1605619E-LeaderElection32] INFO  impl.RoleInfo (RoleInfo.java:shutdownLeaderElection(130)) - om1: shutdown om1@group-C5BA1605619E-LeaderElection32
2023-04-21 06:17:57,685 [om1@group-C5BA1605619E-LeaderElection32] INFO  server.RaftServer$Division (RaftServerImpl.java:setRole(321)) - om1@group-C5BA1605619E: changes role from CANDIDATE to LEADER at term 1 for changeToLeader
2023-04-21 06:17:57,686 [om1@group-C5BA1605619E-LeaderElection32] INFO  server.RaftServer$Division (ServerState.java:setLeader(313)) - om1@group-C5BA1605619E: change Leader from null to om1 at term 1 for becomeLeader, leader elected after 1509ms
2023-04-21 06:17:57,686 [om1@group-C5BA1605619E-LeaderElection32] INFO  server.RaftServerConfigKeys (ConfUtils.java:logGet(46)) - raft.server.staging.catchup.gap = 1000 (default)
2023-04-21 06:17:57,688 [om1@group-C5BA1605619E-LeaderElection32] INFO  server.RaftServerConfigKeys (ConfUtils.java:logGet(46)) - raft.server.write.element-limit = 4096 (default)
2023-04-21 06:17:57,688 [om1@group-C5BA1605619E-LeaderElection32] INFO  server.RaftServerConfigKeys (ConfUtils.java:logGet(46)) - raft.server.write.byte-limit = 64MB (=67108864) (default)
2023-04-21 06:17:57,688 [om1@group-C5BA1605619E-LeaderElection32] INFO  server.RaftServerConfigKeys (ConfUtils.java:logGet(46)) - raft.server.watch.timeout = 10s (default)
2023-04-21 06:17:57,688 [om1@group-C5BA1605619E-LeaderElection32] INFO  server.RaftServerConfigKeys (ConfUtils.java:logGet(46)) - raft.server.watch.timeout.denomination = 1s (default)
2023-04-21 06:17:57,688 [om1@group-C5BA1605619E-LeaderElection32] INFO  server.RaftServerConfigKeys (ConfUtils.java:logGet(46)) - raft.server.watch.element-limit = 65536 (default)
2023-04-21 06:17:57,688 [om1@group-C5BA1605619E-LeaderElection32] INFO  server.RaftServerConfigKeys (ConfUtils.java:logGet(46)) - raft.server.write.element-limit = 4096 (default)
2023-04-21 06:17:57,688 [om1@group-C5BA1605619E-LeaderElection32] INFO  server.RaftServerConfigKeys (ConfUtils.java:logGet(46)) - raft.server.write.follower.gap.ratio.max = -1.0 (default)
2023-04-21 06:17:57,688 [om1@group-C5BA1605619E-LeaderElection32] INFO  impl.RoleInfo (RoleInfo.java:updateAndGet(139)) - om1: start om1@group-C5BA1605619E-LeaderStateImpl
2023-04-21 06:17:57,688 [om1@group-C5BA1605619E-LeaderElection32] INFO  segmented.SegmentedRaftLogWorker (SegmentedRaftLogWorker.java:startLogSegment(452)) - om1@group-C5BA1605619E-SegmentedRaftLogWorker: Starting segment from index:0
2023-04-21 06:17:57,691 [org.apache.hadoop.util.JvmPauseMonitor$Monitor@33959aee] INFO  util.JvmPauseMonitor (JvmPauseMonitor.java:run(188)) - Starting JVM pause monitor
2023-04-21 06:17:57,698 [om1@group-C5BA1605619E-LeaderElection32] INFO  server.RaftServer$Division (ServerState.java:setRaftConf(430)) - om1@group-C5BA1605619E: set configuration 0: peers:[om1|rpc:localhost:9872|admin:|client:|dataStream:|priority:0|startupRole:FOLLOWER]|listeners:[], old=null
2023-04-21 06:17:57,701 [Datanode State Machine Task Thread - 0] INFO  datanode.InitDatanodeState (InitDatanodeState.java:persistContainerDatanodeDetails(138)) - DatanodeDetails is persisted to /home/runner/work/ozone/ozone/hadoop-ozone/integration-test/target/test-dir/MiniOzoneClusterImpl-095cf78d-69a9-402e-99bd-cb43c7978d28/datanode-2/meta/datanode.id
2023-04-21 06:17:57,706 [om1@group-C5BA1605619E-SegmentedRaftLogWorker] INFO  segmented.SegmentedRaftLogWorker (SegmentedRaftLogWorker.java:execute(656)) - om1@group-C5BA1605619E-SegmentedRaftLogWorker: created new log segment /home/runner/work/ozone/ozone/hadoop-ozone/integration-test/target/test-dir/MiniOzoneClusterImpl-095cf78d-69a9-402e-99bd-cb43c7978d28/ozone-meta/ratis/bf265839-605b-3f16-9796-c5ba1605619e/current/log_inprogress_0
2023-04-21 06:17:57,707 [om1@group-C5BA1605619E-StateMachineUpdater] INFO  ratis.OzoneManagerStateMachine (OzoneManagerStateMachine.java:notifyConfigurationChanged(200)) - Received Configuration change notification from Ratis. New Peer list:
[id: "om1"
address: "localhost:9872"
startupRole: FOLLOWER
]
2023-04-21 06:17:58,683 [Listener at 127.0.0.1/33363] INFO  ozone.MiniOzoneClusterImpl (MiniOzoneClusterImpl.java:lambda$waitForClusterToBeReady$0(223)) - Waiting for nodes to be ready. Got 0 of 3 DN Heartbeats.
2023-04-21 06:17:58,683 [Listener at 127.0.0.1/33363] INFO  ozone.MiniOzoneClusterImpl (MiniOzoneClusterImpl.java:lambda$waitForClusterToBeReady$0(226)) - Waiting for cluster to exit safe mode
2023-04-21 06:17:58,683 [Listener at 127.0.0.1/33363] INFO  ozone.MiniOzoneClusterImpl (MiniOzoneClusterImpl.java:lambda$waitForClusterToBeReady$0(228)) - SCM became leader
2023-04-21 06:17:59,020 [EndpointStateMachine task thread for /0.0.0.0:40181 - 0 ] INFO  utils.DatanodeStoreCache (DatanodeStoreCache.java:addDB(58)) - Added db /home/runner/work/ozone/ozone/hadoop-ozone/integration-test/target/test-dir/MiniOzoneClusterImpl-095cf78d-69a9-402e-99bd-cb43c7978d28/datanode-0/data-0/containers/hdds/095cf78d-69a9-402e-99bd-cb43c7978d28/DS-94634b37-4532-46cf-891b-23bb4533c990/container.db to cache
2023-04-21 06:17:59,021 [EndpointStateMachine task thread for /0.0.0.0:40181 - 0 ] INFO  volume.HddsVolume (HddsVolume.java:createDbStore(350)) - SchemaV3 db is created and loaded at /home/runner/work/ozone/ozone/hadoop-ozone/integration-test/target/test-dir/MiniOzoneClusterImpl-095cf78d-69a9-402e-99bd-cb43c7978d28/datanode-0/data-0/containers/hdds/095cf78d-69a9-402e-99bd-cb43c7978d28/DS-94634b37-4532-46cf-891b-23bb4533c990/container.db for volume DS-94634b37-4532-46cf-891b-23bb4533c990
2023-04-21 06:17:59,021 [EndpointStateMachine task thread for /0.0.0.0:40181 - 0 ] INFO  ozoneimpl.OzoneContainer (OzoneContainer.java:start(397)) - Attempting to start container services.
2023-04-21 06:17:59,021 [EndpointStateMachine task thread for /0.0.0.0:40181 - 0 ] INFO  ozoneimpl.OzoneContainer (OzoneContainer.java:startContainerScrub(314)) - Scheduled background container scanners and the on-demand container scanner have been disabled.
2023-04-21 06:17:59,025 [EndpointStateMachine task thread for /0.0.0.0:40181 - 0 ] INFO  replication.ReplicationServer (ReplicationServer.java:start(109)) - ReplicationServer is started using port 39777
2023-04-21 06:17:59,026 [EndpointStateMachine task thread for /0.0.0.0:40181 - 0 ] INFO  ratis.XceiverServerRatis (XceiverServerRatis.java:start(517)) - Starting XceiverServerRatis b5ed12de-f90d-40ef-a4f6-6f0ba0776d3f
2023-04-21 06:17:59,026 [EndpointStateMachine task thread for /0.0.0.0:40181 - 0 ] INFO  server.RaftServer (RaftServerProxy.java:startImpl(393)) - b5ed12de-f90d-40ef-a4f6-6f0ba0776d3f: start RPC server
2023-04-21 06:17:59,028 [EndpointStateMachine task thread for /0.0.0.0:40181 - 0 ] INFO  server.GrpcService (GrpcService.java:startImpl(262)) - b5ed12de-f90d-40ef-a4f6-6f0ba0776d3f: GrpcService started, listening on 37973
2023-04-21 06:17:59,028 [EndpointStateMachine task thread for /0.0.0.0:40181 - 0 ] INFO  ratis.XceiverServerRatis (XceiverServerRatis.java:getRealPort(543)) - XceiverServerRatis b5ed12de-f90d-40ef-a4f6-6f0ba0776d3f is started using port 37973 for RATIS
2023-04-21 06:17:59,028 [EndpointStateMachine task thread for /0.0.0.0:40181 - 0 ] INFO  ratis.XceiverServerRatis (XceiverServerRatis.java:getRealPort(543)) - XceiverServerRatis b5ed12de-f90d-40ef-a4f6-6f0ba0776d3f is started using port 37973 for RATIS_ADMIN
2023-04-21 06:17:59,028 [JvmPauseMonitor21] INFO  util.JvmPauseMonitor (JvmPauseMonitor.java:run(105)) - JvmPauseMonitor-b5ed12de-f90d-40ef-a4f6-6f0ba0776d3f: Started
2023-04-21 06:17:59,028 [EndpointStateMachine task thread for /0.0.0.0:40181 - 0 ] INFO  ratis.XceiverServerRatis (XceiverServerRatis.java:getRealPort(543)) - XceiverServerRatis b5ed12de-f90d-40ef-a4f6-6f0ba0776d3f is started using port 37973 for RATIS_SERVER
2023-04-21 06:17:59,028 [EndpointStateMachine task thread for /0.0.0.0:40181 - 0 ] INFO  ratis.XceiverServerRatis (XceiverServerRatis.java:getRealPort(543)) - XceiverServerRatis b5ed12de-f90d-40ef-a4f6-6f0ba0776d3f is started using port 44447 for RATIS_DATASTREAM
2023-04-21 06:17:59,034 [EndpointStateMachine task thread for /0.0.0.0:40181 - 0 ] INFO  server.XceiverServerGrpc (XceiverServerGrpc.java:start(180)) - XceiverServerGrpc b5ed12de-f90d-40ef-a4f6-6f0ba0776d3f is started using port 37543
2023-04-21 06:17:59,038 [BlockDeletingService#0] INFO  interfaces.ContainerDeletionChoosingPolicyTemplate (ContainerDeletionChoosingPolicyTemplate.java:chooseContainerForBlockDeletion(83)) - Chosen 0/5000 blocks from 0 candidate containers.
2023-04-21 06:17:59,371 [EndpointStateMachine task thread for /0.0.0.0:40181 - 0 ] INFO  utils.DatanodeStoreCache (DatanodeStoreCache.java:addDB(58)) - Added db /home/runner/work/ozone/ozone/hadoop-ozone/integration-test/target/test-dir/MiniOzoneClusterImpl-095cf78d-69a9-402e-99bd-cb43c7978d28/datanode-1/data-0/containers/hdds/095cf78d-69a9-402e-99bd-cb43c7978d28/DS-4b614b74-c532-46e7-a7cf-6166cd1cc2b2/container.db to cache
2023-04-21 06:17:59,371 [EndpointStateMachine task thread for /0.0.0.0:40181 - 0 ] INFO  volume.HddsVolume (HddsVolume.java:createDbStore(350)) - SchemaV3 db is created and loaded at /home/runner/work/ozone/ozone/hadoop-ozone/integration-test/target/test-dir/MiniOzoneClusterImpl-095cf78d-69a9-402e-99bd-cb43c7978d28/datanode-1/data-0/containers/hdds/095cf78d-69a9-402e-99bd-cb43c7978d28/DS-4b614b74-c532-46e7-a7cf-6166cd1cc2b2/container.db for volume DS-4b614b74-c532-46e7-a7cf-6166cd1cc2b2
2023-04-21 06:17:59,372 [EndpointStateMachine task thread for /0.0.0.0:40181 - 0 ] INFO  ozoneimpl.OzoneContainer (OzoneContainer.java:start(397)) - Attempting to start container services.
2023-04-21 06:17:59,372 [EndpointStateMachine task thread for /0.0.0.0:40181 - 0 ] INFO  ozoneimpl.OzoneContainer (OzoneContainer.java:startContainerScrub(314)) - Scheduled background container scanners and the on-demand container scanner have been disabled.
2023-04-21 06:17:59,374 [EndpointStateMachine task thread for /0.0.0.0:40181 - 0 ] INFO  replication.ReplicationServer (ReplicationServer.java:start(109)) - ReplicationServer is started using port 39153
2023-04-21 06:17:59,374 [EndpointStateMachine task thread for /0.0.0.0:40181 - 0 ] INFO  ratis.XceiverServerRatis (XceiverServerRatis.java:start(517)) - Starting XceiverServerRatis fe0baf38-ef32-47f5-977d-6484d2e153f1
2023-04-21 06:17:59,374 [EndpointStateMachine task thread for /0.0.0.0:40181 - 0 ] INFO  server.RaftServer (RaftServerProxy.java:startImpl(393)) - fe0baf38-ef32-47f5-977d-6484d2e153f1: start RPC server
2023-04-21 06:17:59,376 [EndpointStateMachine task thread for /0.0.0.0:40181 - 0 ] INFO  server.GrpcService (GrpcService.java:startImpl(262)) - fe0baf38-ef32-47f5-977d-6484d2e153f1: GrpcService started, listening on 37765
2023-04-21 06:17:59,376 [EndpointStateMachine task thread for /0.0.0.0:40181 - 0 ] INFO  ratis.XceiverServerRatis (XceiverServerRatis.java:getRealPort(543)) - XceiverServerRatis fe0baf38-ef32-47f5-977d-6484d2e153f1 is started using port 37765 for RATIS
2023-04-21 06:17:59,376 [EndpointStateMachine task thread for /0.0.0.0:40181 - 0 ] INFO  ratis.XceiverServerRatis (XceiverServerRatis.java:getRealPort(543)) - XceiverServerRatis fe0baf38-ef32-47f5-977d-6484d2e153f1 is started using port 37765 for RATIS_ADMIN
2023-04-21 06:17:59,376 [JvmPauseMonitor22] INFO  util.JvmPauseMonitor (JvmPauseMonitor.java:run(105)) - JvmPauseMonitor-fe0baf38-ef32-47f5-977d-6484d2e153f1: Started
2023-04-21 06:17:59,376 [EndpointStateMachine task thread for /0.0.0.0:40181 - 0 ] INFO  ratis.XceiverServerRatis (XceiverServerRatis.java:getRealPort(543)) - XceiverServerRatis fe0baf38-ef32-47f5-977d-6484d2e153f1 is started using port 37765 for RATIS_SERVER
2023-04-21 06:17:59,378 [EndpointStateMachine task thread for /0.0.0.0:40181 - 0 ] INFO  ratis.XceiverServerRatis (XceiverServerRatis.java:getRealPort(543)) - XceiverServerRatis fe0baf38-ef32-47f5-977d-6484d2e153f1 is started using port 35889 for RATIS_DATASTREAM
2023-04-21 06:17:59,389 [EndpointStateMachine task thread for /0.0.0.0:40181 - 0 ] INFO  server.XceiverServerGrpc (XceiverServerGrpc.java:start(180)) - XceiverServerGrpc fe0baf38-ef32-47f5-977d-6484d2e153f1 is started using port 43013
2023-04-21 06:17:59,393 [BlockDeletingService#0] INFO  interfaces.ContainerDeletionChoosingPolicyTemplate (ContainerDeletionChoosingPolicyTemplate.java:chooseContainerForBlockDeletion(83)) - Chosen 0/5000 blocks from 0 candidate containers.
2023-04-21 06:17:59,684 [Listener at 127.0.0.1/33363] INFO  ozone.MiniOzoneClusterImpl (MiniOzoneClusterImpl.java:lambda$waitForClusterToBeReady$0(223)) - Waiting for nodes to be ready. Got 0 of 3 DN Heartbeats.
2023-04-21 06:17:59,684 [Listener at 127.0.0.1/33363] INFO  ozone.MiniOzoneClusterImpl (MiniOzoneClusterImpl.java:lambda$waitForClusterToBeReady$0(226)) - Waiting for cluster to exit safe mode
2023-04-21 06:17:59,684 [Listener at 127.0.0.1/33363] INFO  ozone.MiniOzoneClusterImpl (MiniOzoneClusterImpl.java:lambda$waitForClusterToBeReady$0(228)) - SCM became leader
2023-04-21 06:17:59,721 [EndpointStateMachine task thread for /0.0.0.0:40181 - 0 ] INFO  utils.DatanodeStoreCache (DatanodeStoreCache.java:addDB(58)) - Added db /home/runner/work/ozone/ozone/hadoop-ozone/integration-test/target/test-dir/MiniOzoneClusterImpl-095cf78d-69a9-402e-99bd-cb43c7978d28/datanode-2/data-0/containers/hdds/095cf78d-69a9-402e-99bd-cb43c7978d28/DS-5cfa2cf6-19ee-401c-aff4-6cbf4374c95e/container.db to cache
2023-04-21 06:17:59,721 [EndpointStateMachine task thread for /0.0.0.0:40181 - 0 ] INFO  volume.HddsVolume (HddsVolume.java:createDbStore(350)) - SchemaV3 db is created and loaded at /home/runner/work/ozone/ozone/hadoop-ozone/integration-test/target/test-dir/MiniOzoneClusterImpl-095cf78d-69a9-402e-99bd-cb43c7978d28/datanode-2/data-0/containers/hdds/095cf78d-69a9-402e-99bd-cb43c7978d28/DS-5cfa2cf6-19ee-401c-aff4-6cbf4374c95e/container.db for volume DS-5cfa2cf6-19ee-401c-aff4-6cbf4374c95e
2023-04-21 06:17:59,721 [EndpointStateMachine task thread for /0.0.0.0:40181 - 0 ] INFO  ozoneimpl.OzoneContainer (OzoneContainer.java:start(397)) - Attempting to start container services.
2023-04-21 06:17:59,721 [EndpointStateMachine task thread for /0.0.0.0:40181 - 0 ] INFO  ozoneimpl.OzoneContainer (OzoneContainer.java:startContainerScrub(314)) - Scheduled background container scanners and the on-demand container scanner have been disabled.
2023-04-21 06:17:59,722 [EndpointStateMachine task thread for /0.0.0.0:40181 - 0 ] INFO  replication.ReplicationServer (ReplicationServer.java:start(109)) - ReplicationServer is started using port 32973
2023-04-21 06:17:59,723 [EndpointStateMachine task thread for /0.0.0.0:40181 - 0 ] INFO  ratis.XceiverServerRatis (XceiverServerRatis.java:start(517)) - Starting XceiverServerRatis b6e9b414-768d-4e3e-88d3-472f8ec22e92
2023-04-21 06:17:59,723 [EndpointStateMachine task thread for /0.0.0.0:40181 - 0 ] INFO  server.RaftServer (RaftServerProxy.java:startImpl(393)) - b6e9b414-768d-4e3e-88d3-472f8ec22e92: start RPC server
2023-04-21 06:17:59,729 [EndpointStateMachine task thread for /0.0.0.0:40181 - 0 ] INFO  server.GrpcService (GrpcService.java:startImpl(262)) - b6e9b414-768d-4e3e-88d3-472f8ec22e92: GrpcService started, listening on 42709
2023-04-21 06:17:59,729 [EndpointStateMachine task thread for /0.0.0.0:40181 - 0 ] INFO  ratis.XceiverServerRatis (XceiverServerRatis.java:getRealPort(543)) - XceiverServerRatis b6e9b414-768d-4e3e-88d3-472f8ec22e92 is started using port 42709 for RATIS
2023-04-21 06:17:59,730 [EndpointStateMachine task thread for /0.0.0.0:40181 - 0 ] INFO  ratis.XceiverServerRatis (XceiverServerRatis.java:getRealPort(543)) - XceiverServerRatis b6e9b414-768d-4e3e-88d3-472f8ec22e92 is started using port 42709 for RATIS_ADMIN
2023-04-21 06:17:59,730 [EndpointStateMachine task thread for /0.0.0.0:40181 - 0 ] INFO  ratis.XceiverServerRatis (XceiverServerRatis.java:getRealPort(543)) - XceiverServerRatis b6e9b414-768d-4e3e-88d3-472f8ec22e92 is started using port 42709 for RATIS_SERVER
2023-04-21 06:17:59,730 [EndpointStateMachine task thread for /0.0.0.0:40181 - 0 ] INFO  ratis.XceiverServerRatis (XceiverServerRatis.java:getRealPort(543)) - XceiverServerRatis b6e9b414-768d-4e3e-88d3-472f8ec22e92 is started using port 45909 for RATIS_DATASTREAM
2023-04-21 06:17:59,730 [JvmPauseMonitor23] INFO  util.JvmPauseMonitor (JvmPauseMonitor.java:run(105)) - JvmPauseMonitor-b6e9b414-768d-4e3e-88d3-472f8ec22e92: Started
2023-04-21 06:17:59,732 [EndpointStateMachine task thread for /0.0.0.0:40181 - 0 ] INFO  server.XceiverServerGrpc (XceiverServerGrpc.java:start(180)) - XceiverServerGrpc b6e9b414-768d-4e3e-88d3-472f8ec22e92 is started using port 43255
2023-04-21 06:17:59,732 [BlockDeletingService#0] INFO  interfaces.ContainerDeletionChoosingPolicyTemplate (ContainerDeletionChoosingPolicyTemplate.java:chooseContainerForBlockDeletion(83)) - Chosen 0/5000 blocks from 0 candidate containers.
2023-04-21 06:18:00,684 [Listener at 127.0.0.1/33363] INFO  ozone.MiniOzoneClusterImpl (MiniOzoneClusterImpl.java:lambda$waitForClusterToBeReady$0(223)) - Waiting for nodes to be ready. Got 0 of 3 DN Heartbeats.
2023-04-21 06:18:00,684 [Listener at 127.0.0.1/33363] INFO  ozone.MiniOzoneClusterImpl (MiniOzoneClusterImpl.java:lambda$waitForClusterToBeReady$0(226)) - Waiting for cluster to exit safe mode
2023-04-21 06:18:00,684 [Listener at 127.0.0.1/33363] INFO  ozone.MiniOzoneClusterImpl (MiniOzoneClusterImpl.java:lambda$waitForClusterToBeReady$0(228)) - SCM became leader
2023-04-21 06:18:00,978 [IPC Server handler 0 on default port 40181] INFO  net.NetworkTopologyImpl (NetworkTopologyImpl.java:add(112)) - Added a new node: /default-rack/b5ed12de-f90d-40ef-a4f6-6f0ba0776d3f
2023-04-21 06:18:00,978 [IPC Server handler 0 on default port 40181] INFO  node.SCMNodeManager (SCMNodeManager.java:register(404)) - Registered Data node : b5ed12de-f90d-40ef-a4f6-6f0ba0776d3f{ip: 10.1.0.35, host: fv-az205-422, ports: [HTTP=36597, REPLICATION=39777, RATIS=37973, RATIS_ADMIN=37973, RATIS_SERVER=37973, RATIS_DATASTREAM=44447, STANDALONE=37543], networkLocation: /default-rack, certSerialId: null, persistedOpState: null, persistedOpStateExpiryEpochSec: 0}
2023-04-21 06:18:00,980 [EventQueue-NodeRegistrationContainerReportForContainerSafeModeRule] INFO  safemode.SCMSafeModeManager (SCMSafeModeManager.java:validateSafeModeExitRules(200)) - ContainerSafeModeRule rule is successfully validated
2023-04-21 06:18:00,980 [EventQueue-NodeRegistrationContainerReportForDataNodeSafeModeRule] INFO  safemode.SCMSafeModeManager (DataNodeSafeModeRule.java:process(71)) - SCM in safe mode. 1 DataNodes registered, 3 required.
2023-04-21 06:18:00,981 [EventQueue-PipelineReportForOneReplicaPipelineSafeModeRule] INFO  safemode.SCMSafeModeManager (SCMSafeModeManager.java:validateSafeModeExitRules(200)) - AtleastOneDatanodeReportedRule rule is successfully validated
2023-04-21 06:18:00,984 [EventQueue-NewNodeForNewNodeHandler] INFO  pipeline.BackgroundPipelineCreator (BackgroundPipelineCreator.java:notifyEventTriggered(276)) - trigger a one-shot run on RatisPipelineUtilsThread.
2023-04-21 06:18:00,985 [RatisPipelineUtilsThread - 0] INFO  pipeline.RatisPipelineProvider (RatisPipelineProvider.java:lambda$create$0(206)) - Sending CreatePipelineCommand for pipeline:PipelineID=610a4297-f680-466b-ab75-569e397a159f to datanode:b5ed12de-f90d-40ef-a4f6-6f0ba0776d3f
2023-04-21 06:18:00,987 [RatisPipelineUtilsThread - 0] INFO  pipeline.PipelineStateManagerImpl (PipelineStateManagerImpl.java:addPipeline(103)) - Created pipeline Pipeline[ Id: 610a4297-f680-466b-ab75-569e397a159f, Nodes: b5ed12de-f90d-40ef-a4f6-6f0ba0776d3f(fv-az205-422/10.1.0.35), ReplicationConfig: RATIS/ONE, State:ALLOCATED, leaderId:, CreationTimestamp2023-04-21T06:18:00.985Z[Etc/UTC]].
2023-04-21 06:18:01,343 [IPC Server handler 1 on default port 40181] INFO  net.NetworkTopologyImpl (NetworkTopologyImpl.java:add(112)) - Added a new node: /default-rack/fe0baf38-ef32-47f5-977d-6484d2e153f1
2023-04-21 06:18:01,344 [IPC Server handler 1 on default port 40181] INFO  node.SCMNodeManager (SCMNodeManager.java:register(404)) - Registered Data node : fe0baf38-ef32-47f5-977d-6484d2e153f1{ip: 10.1.0.35, host: fv-az205-422, ports: [HTTP=46823, REPLICATION=39153, RATIS=37765, RATIS_ADMIN=37765, RATIS_SERVER=37765, RATIS_DATASTREAM=35889, STANDALONE=43013], networkLocation: /default-rack, certSerialId: null, persistedOpState: null, persistedOpStateExpiryEpochSec: 0}
2023-04-21 06:18:01,345 [EventQueue-NodeRegistrationContainerReportForDataNodeSafeModeRule] INFO  safemode.SCMSafeModeManager (DataNodeSafeModeRule.java:process(71)) - SCM in safe mode. 2 DataNodes registered, 3 required.
2023-04-21 06:18:01,345 [EventQueue-NewNodeForNewNodeHandler] INFO  pipeline.BackgroundPipelineCreator (BackgroundPipelineCreator.java:notifyEventTriggered(276)) - trigger a one-shot run on RatisPipelineUtilsThread.
2023-04-21 06:18:01,346 [RatisPipelineUtilsThread - 0] INFO  pipeline.RatisPipelineProvider (RatisPipelineProvider.java:lambda$create$0(206)) - Sending CreatePipelineCommand for pipeline:PipelineID=7efd173b-4212-4c57-a909-eab1ec84fdec to datanode:fe0baf38-ef32-47f5-977d-6484d2e153f1
2023-04-21 06:18:01,346 [RatisPipelineUtilsThread - 0] INFO  pipeline.PipelineStateManagerImpl (PipelineStateManagerImpl.java:addPipeline(103)) - Created pipeline Pipeline[ Id: 7efd173b-4212-4c57-a909-eab1ec84fdec, Nodes: fe0baf38-ef32-47f5-977d-6484d2e153f1(fv-az205-422/10.1.0.35), ReplicationConfig: RATIS/ONE, State:ALLOCATED, leaderId:, CreationTimestamp2023-04-21T06:18:01.346Z[Etc/UTC]].
2023-04-21 06:18:01,684 [Listener at 127.0.0.1/33363] INFO  ozone.MiniOzoneClusterImpl (MiniOzoneClusterImpl.java:lambda$waitForClusterToBeReady$0(223)) - Waiting for nodes to be ready. Got 2 of 3 DN Heartbeats.
2023-04-21 06:18:01,685 [Listener at 127.0.0.1/33363] INFO  ozone.MiniOzoneClusterImpl (MiniOzoneClusterImpl.java:lambda$waitForClusterToBeReady$0(226)) - Waiting for cluster to exit safe mode
2023-04-21 06:18:01,685 [Listener at 127.0.0.1/33363] INFO  ozone.MiniOzoneClusterImpl (MiniOzoneClusterImpl.java:lambda$waitForClusterToBeReady$0(228)) - SCM became leader
2023-04-21 06:18:01,692 [IPC Server handler 2 on default port 40181] INFO  net.NetworkTopologyImpl (NetworkTopologyImpl.java:add(112)) - Added a new node: /default-rack/b6e9b414-768d-4e3e-88d3-472f8ec22e92
2023-04-21 06:18:01,693 [IPC Server handler 2 on default port 40181] INFO  node.SCMNodeManager (SCMNodeManager.java:register(404)) - Registered Data node : b6e9b414-768d-4e3e-88d3-472f8ec22e92{ip: 10.1.0.35, host: fv-az205-422, ports: [HTTP=43527, REPLICATION=32973, RATIS=42709, RATIS_ADMIN=42709, RATIS_SERVER=42709, RATIS_DATASTREAM=45909, STANDALONE=43255], networkLocation: /default-rack, certSerialId: null, persistedOpState: null, persistedOpStateExpiryEpochSec: 0}
2023-04-21 06:18:01,693 [EventQueue-NewNodeForNewNodeHandler] INFO  pipeline.BackgroundPipelineCreator (BackgroundPipelineCreator.java:notifyEventTriggered(276)) - trigger a one-shot run on RatisPipelineUtilsThread.
2023-04-21 06:18:01,693 [EventQueue-NodeRegistrationContainerReportForDataNodeSafeModeRule] INFO  safemode.SCMSafeModeManager (DataNodeSafeModeRule.java:process(71)) - SCM in safe mode. 3 DataNodes registered, 3 required.
2023-04-21 06:18:01,694 [EventQueue-NodeRegistrationContainerReportForDataNodeSafeModeRule] INFO  safemode.SCMSafeModeManager (SCMSafeModeManager.java:validateSafeModeExitRules(200)) - DataNodeSafeModeRule rule is successfully validated
2023-04-21 06:18:01,694 [EventQueue-NodeRegistrationContainerReportForDataNodeSafeModeRule] INFO  safemode.SCMSafeModeManager (SCMSafeModeManager.java:completePreCheck(229)) - All SCM safe mode pre check rules have passed
2023-04-21 06:18:01,694 [EventQueue-NodeRegistrationContainerReportForDataNodeSafeModeRule] INFO  ha.SCMContext (SCMContext.java:updateSafeModeStatus(228)) - Update SafeModeStatus from SafeModeStatus{safeModeStatus=true, preCheckPassed=false} to SafeModeStatus{safeModeStatus=true, preCheckPassed=true}.
2023-04-21 06:18:01,694 [EventQueue-NodeRegistrationContainerReportForDataNodeSafeModeRule] INFO  pipeline.BackgroundPipelineCreator (BackgroundPipelineCreator.java:notifyEventTriggered(276)) - trigger a one-shot run on RatisPipelineUtilsThread.
2023-04-21 06:18:01,694 [RatisPipelineUtilsThread - 0] INFO  pipeline.RatisPipelineProvider (RatisPipelineProvider.java:lambda$create$0(206)) - Sending CreatePipelineCommand for pipeline:PipelineID=ceb3e8f7-0d77-4132-af72-1403213f9234 to datanode:b6e9b414-768d-4e3e-88d3-472f8ec22e92
2023-04-21 06:18:01,696 [RatisPipelineUtilsThread - 0] INFO  pipeline.PipelineStateManagerImpl (PipelineStateManagerImpl.java:addPipeline(103)) - Created pipeline Pipeline[ Id: ceb3e8f7-0d77-4132-af72-1403213f9234, Nodes: b6e9b414-768d-4e3e-88d3-472f8ec22e92(fv-az205-422/10.1.0.35), ReplicationConfig: RATIS/ONE, State:ALLOCATED, leaderId:, CreationTimestamp2023-04-21T06:18:01.694Z[Etc/UTC]].
2023-04-21 06:18:01,696 [RatisPipelineUtilsThread - 0] INFO  pipeline.RatisPipelineProvider (RatisPipelineProvider.java:lambda$create$0(206)) - Sending CreatePipelineCommand for pipeline:PipelineID=b6d2b0c0-3e46-4d29-848e-45cfd87f60c3 to datanode:fe0baf38-ef32-47f5-977d-6484d2e153f1
2023-04-21 06:18:01,696 [RatisPipelineUtilsThread - 0] INFO  pipeline.RatisPipelineProvider (RatisPipelineProvider.java:lambda$create$0(206)) - Sending CreatePipelineCommand for pipeline:PipelineID=b6d2b0c0-3e46-4d29-848e-45cfd87f60c3 to datanode:b5ed12de-f90d-40ef-a4f6-6f0ba0776d3f
2023-04-21 06:18:01,696 [RatisPipelineUtilsThread - 0] INFO  pipeline.RatisPipelineProvider (RatisPipelineProvider.java:lambda$create$0(206)) - Sending CreatePipelineCommand for pipeline:PipelineID=b6d2b0c0-3e46-4d29-848e-45cfd87f60c3 to datanode:b6e9b414-768d-4e3e-88d3-472f8ec22e92
2023-04-21 06:18:01,697 [RatisPipelineUtilsThread - 0] INFO  pipeline.PipelineStateManagerImpl (PipelineStateManagerImpl.java:addPipeline(103)) - Created pipeline Pipeline[ Id: b6d2b0c0-3e46-4d29-848e-45cfd87f60c3, Nodes: fe0baf38-ef32-47f5-977d-6484d2e153f1(fv-az205-422/10.1.0.35)b5ed12de-f90d-40ef-a4f6-6f0ba0776d3f(fv-az205-422/10.1.0.35)b6e9b414-768d-4e3e-88d3-472f8ec22e92(fv-az205-422/10.1.0.35), ReplicationConfig: RATIS/THREE, State:ALLOCATED, leaderId:, CreationTimestamp2023-04-21T06:18:01.696Z[Etc/UTC]].
2023-04-21 06:18:01,697 [RatisPipelineUtilsThread - 0] INFO  pipeline.RatisPipelineProvider (RatisPipelineProvider.java:lambda$create$0(206)) - Sending CreatePipelineCommand for pipeline:PipelineID=079c5fba-b4cc-4007-98bd-b7260385cadc to datanode:b5ed12de-f90d-40ef-a4f6-6f0ba0776d3f
2023-04-21 06:18:01,700 [RatisPipelineUtilsThread - 0] INFO  pipeline.RatisPipelineProvider (RatisPipelineProvider.java:lambda$create$0(206)) - Sending CreatePipelineCommand for pipeline:PipelineID=079c5fba-b4cc-4007-98bd-b7260385cadc to datanode:b6e9b414-768d-4e3e-88d3-472f8ec22e92
2023-04-21 06:18:01,700 [RatisPipelineUtilsThread - 0] INFO  pipeline.RatisPipelineProvider (RatisPipelineProvider.java:lambda$create$0(206)) - Sending CreatePipelineCommand for pipeline:PipelineID=079c5fba-b4cc-4007-98bd-b7260385cadc to datanode:fe0baf38-ef32-47f5-977d-6484d2e153f1
2023-04-21 06:18:01,700 [RatisPipelineUtilsThread - 0] INFO  pipeline.PipelineStateManagerImpl (PipelineStateManagerImpl.java:addPipeline(103)) - Created pipeline Pipeline[ Id: 079c5fba-b4cc-4007-98bd-b7260385cadc, Nodes: b5ed12de-f90d-40ef-a4f6-6f0ba0776d3f(fv-az205-422/10.1.0.35)b6e9b414-768d-4e3e-88d3-472f8ec22e92(fv-az205-422/10.1.0.35)fe0baf38-ef32-47f5-977d-6484d2e153f1(fv-az205-422/10.1.0.35), ReplicationConfig: RATIS/THREE, State:ALLOCATED, leaderId:, CreationTimestamp2023-04-21T06:18:01.697Z[Etc/UTC]].
2023-04-21 06:18:01,701 [RatisPipelineUtilsThread - 0] INFO  pipeline.PipelineManagerImpl (PipelineManagerImpl.java:recordMetricsForPipeline(826)) - Pipeline: PipelineID=079c5fba-b4cc-4007-98bd-b7260385cadc contains same datanodes as previous pipelines: PipelineID=b6d2b0c0-3e46-4d29-848e-45cfd87f60c3 nodeIds: b5ed12de-f90d-40ef-a4f6-6f0ba0776d3f, b6e9b414-768d-4e3e-88d3-472f8ec22e92, fe0baf38-ef32-47f5-977d-6484d2e153f1
2023-04-21 06:18:01,701 [RatisPipelineUtilsThread - 0] WARN  pipeline.PipelinePlacementPolicy (PipelinePlacementPolicy.java:filterViableNodes(160)) - Pipeline creation failed due to no sufficient healthy datanodes. Required 3. Found 0. Excluded 3.
2023-04-21 06:18:02,685 [Listener at 127.0.0.1/33363] INFO  ozone.MiniOzoneClusterImpl (MiniOzoneClusterImpl.java:lambda$waitForClusterToBeReady$0(223)) - Nodes are ready. Got 3 of 3 DN Heartbeats.
2023-04-21 06:18:02,685 [Listener at 127.0.0.1/33363] INFO  ozone.MiniOzoneClusterImpl (MiniOzoneClusterImpl.java:lambda$waitForClusterToBeReady$0(226)) - Waiting for cluster to exit safe mode
2023-04-21 06:18:02,685 [Listener at 127.0.0.1/33363] INFO  ozone.MiniOzoneClusterImpl (MiniOzoneClusterImpl.java:lambda$waitForClusterToBeReady$0(228)) - SCM became leader
2023-04-21 06:18:03,685 [Listener at 127.0.0.1/33363] INFO  ozone.MiniOzoneClusterImpl (MiniOzoneClusterImpl.java:lambda$waitForClusterToBeReady$0(223)) - Nodes are ready. Got 3 of 3 DN Heartbeats.
2023-04-21 06:18:03,686 [Listener at 127.0.0.1/33363] INFO  ozone.MiniOzoneClusterImpl (MiniOzoneClusterImpl.java:lambda$waitForClusterToBeReady$0(226)) - Waiting for cluster to exit safe mode
2023-04-21 06:18:03,686 [Listener at 127.0.0.1/33363] INFO  ozone.MiniOzoneClusterImpl (MiniOzoneClusterImpl.java:lambda$waitForClusterToBeReady$0(228)) - SCM became leader
2023-04-21 06:18:03,977 [Command processor thread] INFO  server.RaftServer (RaftServerProxy.java:addNew(96)) - b5ed12de-f90d-40ef-a4f6-6f0ba0776d3f: addNew group-569E397A159F:[b5ed12de-f90d-40ef-a4f6-6f0ba0776d3f|rpc:10.1.0.35:37973|dataStream:10.1.0.35:44447|priority:1|startupRole:FOLLOWER] returns group-569E397A159F:java.util.concurrent.CompletableFuture@1f1ebede[Not completed]
2023-04-21 06:18:03,979 [pool-932-thread-1] INFO  server.RaftServer$Division (RaftServerImpl.java:<init>(195)) - b5ed12de-f90d-40ef-a4f6-6f0ba0776d3f: new RaftServerImpl for group-569E397A159F:[b5ed12de-f90d-40ef-a4f6-6f0ba0776d3f|rpc:10.1.0.35:37973|dataStream:10.1.0.35:44447|priority:1|startupRole:FOLLOWER] with ContainerStateMachine:uninitialized
2023-04-21 06:18:03,979 [pool-932-thread-1] INFO  server.RaftServerConfigKeys (ConfUtils.java:logGet(46)) - raft.server.rpc.timeout.min = 5s (custom)
2023-04-21 06:18:03,979 [pool-932-thread-1] INFO  server.RaftServerConfigKeys (ConfUtils.java:logGet(46)) - raft.server.rpc.timeout.max = 5200ms (custom)
2023-04-21 06:18:03,979 [pool-932-thread-1] INFO  server.RaftServerConfigKeys (ConfUtils.java:logGet(46)) - raft.server.rpc.sleep.time = 25ms (default)
2023-04-21 06:18:03,979 [pool-932-thread-1] INFO  server.RaftServerConfigKeys (ConfUtils.java:logGet(46)) - raft.server.rpc.slowness.timeout = 300s (custom)
2023-04-21 06:18:03,979 [pool-932-thread-1] INFO  server.RaftServerConfigKeys (ConfUtils.java:logGet(46)) - raft.server.leaderelection.leader.step-down.wait-time = 10s (default)
2023-04-21 06:18:03,979 [pool-932-thread-1] INFO  server.RaftServerConfigKeys (ConfUtils.java:logGet(46)) - raft.server.sleep.deviation.threshold = 300ms (default)
2023-04-21 06:18:03,979 [pool-932-thread-1] INFO  server.RaftServer$Division (ServerState.java:<init>(118)) - b5ed12de-f90d-40ef-a4f6-6f0ba0776d3f@group-569E397A159F: ConfigurationManager, init=-1: peers:[b5ed12de-f90d-40ef-a4f6-6f0ba0776d3f|rpc:10.1.0.35:37973|dataStream:10.1.0.35:44447|priority:1|startupRole:FOLLOWER]|listeners:[], old=null, confs=<EMPTY_MAP>
2023-04-21 06:18:03,979 [pool-932-thread-1] INFO  server.RaftServerConfigKeys (ConfUtils.java:logGet(46)) - raft.server.storage.dir = [/home/runner/work/ozone/ozone/hadoop-ozone/integration-test/target/test-dir/MiniOzoneClusterImpl-095cf78d-69a9-402e-99bd-cb43c7978d28/datanode-0/data/ratis] (custom)
2023-04-21 06:18:03,979 [pool-932-thread-1] INFO  server.RaftServerConfigKeys (ConfUtils.java:logGet(46)) - raft.server.log.corruption.policy = EXCEPTION (default)
2023-04-21 06:18:03,979 [pool-932-thread-1] INFO  server.RaftServerConfigKeys (ConfUtils.java:logGet(46)) - raft.server.storage.free-space.min = 0MB (=0) (default)
2023-04-21 06:18:03,979 [pool-932-thread-1] INFO  server.RaftServerConfigKeys (ConfUtils.java:logGet(46)) - raft.server.notification.no-leader.timeout = 300s (custom)
2023-04-21 06:18:03,980 [pool-932-thread-1] INFO  server.RaftServerConfigKeys (ConfUtils.java:logGet(46)) - raft.server.retrycache.expirytime = 600000ms (custom)
2023-04-21 06:18:03,980 [pool-932-thread-1] INFO  server.RaftServerConfigKeys (ConfUtils.java:logGet(46)) - raft.server.retrycache.statistics.expirytime = 100μs (default)
2023-04-21 06:18:03,980 [pool-932-thread-1] INFO  server.RaftServerConfigKeys (ConfUtils.java:logGet(46)) - raft.server.log.appender.install.snapshot.enabled = false (custom)
2023-04-21 06:18:03,980 [pool-932-thread-1] INFO  server.RaftServerConfigKeys (ConfUtils.java:logGet(46)) - raft.server.threadpool.server.cached = true (default)
2023-04-21 06:18:03,980 [pool-932-thread-1] INFO  server.RaftServerConfigKeys (ConfUtils.java:logGet(46)) - raft.server.threadpool.server.size = 0 (default)
2023-04-21 06:18:03,980 [pool-932-thread-1] INFO  server.RaftServerConfigKeys (ConfUtils.java:logGet(46)) - raft.server.threadpool.client.cached = true (default)
2023-04-21 06:18:03,980 [pool-932-thread-1] INFO  server.RaftServerConfigKeys (ConfUtils.java:logGet(46)) - raft.server.threadpool.client.size = 0 (default)
2023-04-21 06:18:03,981 [pool-932-thread-1] INFO  storage.RaftStorageDirectory (RaftStorageDirectoryImpl.java:analyzeStorage(137)) - The storage directory /home/runner/work/ozone/ozone/hadoop-ozone/integration-test/target/test-dir/MiniOzoneClusterImpl-095cf78d-69a9-402e-99bd-cb43c7978d28/datanode-0/data/ratis/610a4297-f680-466b-ab75-569e397a159f does not exist. Creating ...
2023-04-21 06:18:03,982 [pool-932-thread-1] INFO  storage.RaftStorageDirectory (RaftStorageDirectoryImpl.java:tryLock(231)) - Lock on /home/runner/work/ozone/ozone/hadoop-ozone/integration-test/target/test-dir/MiniOzoneClusterImpl-095cf78d-69a9-402e-99bd-cb43c7978d28/datanode-0/data/ratis/610a4297-f680-466b-ab75-569e397a159f/in_use.lock acquired by nodename 2764@fv-az205-422
2023-04-21 06:18:03,983 [pool-932-thread-1] INFO  storage.RaftStorage (RaftStorageImpl.java:format(96)) - Storage directory /home/runner/work/ozone/ozone/hadoop-ozone/integration-test/target/test-dir/MiniOzoneClusterImpl-095cf78d-69a9-402e-99bd-cb43c7978d28/datanode-0/data/ratis/610a4297-f680-466b-ab75-569e397a159f has been successfully formatted.
2023-04-21 06:18:03,984 [pool-932-thread-1] INFO  ratis.ContainerStateMachine (ContainerStateMachine.java:loadSnapshot(262)) - group-569E397A159F: The snapshot info is null. Setting the last applied indexto:(t:0, i:~)
2023-04-21 06:18:03,984 [pool-932-thread-1] INFO  server.RaftServerConfigKeys (ConfUtils.java:logGet(46)) - raft.server.log.use.memory = false (default)
2023-04-21 06:18:03,984 [pool-932-thread-1] INFO  server.RaftServerConfigKeys (ConfUtils.java:logGet(46)) - raft.server.log.purge.gap = 1000000 (custom)
2023-04-21 06:18:03,984 [pool-932-thread-1] INFO  server.RaftServerConfigKeys (ConfUtils.java:logGet(46)) - raft.server.log.appender.buffer.byte-limit = 33554432 (custom)
2023-04-21 06:18:03,984 [pool-932-thread-1] INFO  server.RaftServerConfigKeys (ConfUtils.java:logGet(46)) - raft.server.log.statemachine.data.read.timeout = 1000ms (default)
2023-04-21 06:18:03,984 [pool-932-thread-1] INFO  server.RaftServerConfigKeys (ConfUtils.java:logGet(46)) - raft.server.log.purge.preservation.log.num = 0 (default)
2023-04-21 06:18:03,985 [pool-932-thread-1] INFO  server.RaftServerConfigKeys (ConfUtils.java:logGet(46)) - raft.server.log.segment.size.max = 1048576 (custom)
2023-04-21 06:18:03,985 [EventQueue-PipelineReportForPipelineReportHandler] INFO  pipeline.PipelineManagerImpl (PipelineManagerImpl.java:openPipeline(367)) - Pipeline Pipeline[ Id: 610a4297-f680-466b-ab75-569e397a159f, Nodes: b5ed12de-f90d-40ef-a4f6-6f0ba0776d3f(fv-az205-422/10.1.0.35), ReplicationConfig: RATIS/ONE, State:ALLOCATED, leaderId:b5ed12de-f90d-40ef-a4f6-6f0ba0776d3f, CreationTimestamp2023-04-21T06:18:00.985Z[Etc/UTC]] moved to OPEN state
2023-04-21 06:18:03,987 [pool-932-thread-1] INFO  server.RaftServerConfigKeys (ConfUtils.java:logGet(46)) - raft.server.log.segment.cache.num.max = 2 (custom)
2023-04-21 06:18:03,987 [pool-932-thread-1] INFO  server.RaftServerConfigKeys (ConfUtils.java:logGet(46)) - raft.server.log.segment.cache.size.max = 200MB (=209715200) (default)
2023-04-21 06:18:03,987 [pool-932-thread-1] INFO  segmented.SegmentedRaftLogWorker (SegmentedRaftLogWorker.java:<init>(189)) - new b5ed12de-f90d-40ef-a4f6-6f0ba0776d3f@group-569E397A159F-SegmentedRaftLogWorker for RaftStorageImpl:Storage Directory /home/runner/work/ozone/ozone/hadoop-ozone/integration-test/target/test-dir/MiniOzoneClusterImpl-095cf78d-69a9-402e-99bd-cb43c7978d28/datanode-0/data/ratis/610a4297-f680-466b-ab75-569e397a159f
2023-04-21 06:18:03,987 [pool-932-thread-1] INFO  server.RaftServerConfigKeys (ConfUtils.java:logGet(46)) - raft.server.log.queue.byte-limit = 4294967296 (custom)
2023-04-21 06:18:03,987 [pool-932-thread-1] INFO  server.RaftServerConfigKeys (ConfUtils.java:logGet(46)) - raft.server.log.queue.element-limit = 1024 (custom)
2023-04-21 06:18:03,987 [pool-932-thread-1] INFO  server.RaftServerConfigKeys (ConfUtils.java:logGet(46)) - raft.server.log.segment.size.max = 1048576 (custom)
2023-04-21 06:18:03,987 [pool-932-thread-1] INFO  server.RaftServerConfigKeys (ConfUtils.java:logGet(46)) - raft.server.log.preallocated.size = 16384 (custom)
2023-04-21 06:18:03,987 [pool-932-thread-1] INFO  server.RaftServerConfigKeys (ConfUtils.java:logGet(46)) - raft.server.log.force.sync.num = 128 (default)
2023-04-21 06:18:03,987 [pool-932-thread-1] INFO  server.RaftServerConfigKeys (ConfUtils.java:logGet(46)) - raft.server.log.statemachine.data.sync = true (default)
2023-04-21 06:18:03,987 [pool-932-thread-1] INFO  server.RaftServerConfigKeys (ConfUtils.java:logGet(46)) - raft.server.log.statemachine.data.sync.timeout = 10s (default)
2023-04-21 06:18:03,987 [pool-932-thread-1] INFO  server.RaftServerConfigKeys (ConfUtils.java:logGet(46)) - raft.server.log.statemachine.data.sync.timeout.retry = -1 (default)
2023-04-21 06:18:03,988 [pool-932-thread-1] INFO  server.RaftServerConfigKeys (ConfUtils.java:logGet(46)) - raft.server.log.write.buffer.size = 1048576 (custom)
2023-04-21 06:18:03,988 [pool-932-thread-1] INFO  server.RaftServerConfigKeys (ConfUtils.java:logGet(46)) - raft.server.log.appender.buffer.byte-limit = 33554432 (custom)
2023-04-21 06:18:03,993 [pool-932-thread-1] INFO  server.RaftServerConfigKeys (ConfUtils.java:logGet(46)) - raft.server.log.unsafe-flush.enabled = false (default)
2023-04-21 06:18:03,993 [pool-932-thread-1] INFO  server.RaftServerConfigKeys (ConfUtils.java:logGet(46)) - raft.server.log.async-flush.enabled = false (default)
2023-04-21 06:18:03,993 [pool-932-thread-1] INFO  server.RaftServerConfigKeys (ConfUtils.java:logGet(46)) - raft.server.log.statemachine.data.caching.enabled = true (custom)
2023-04-21 06:18:03,993 [pool-932-thread-1] INFO  segmented.SegmentedRaftLogWorker (SegmentedRaftLogWorker.java:lambda$new$0(135)) - b5ed12de-f90d-40ef-a4f6-6f0ba0776d3f@group-569E397A159F-SegmentedRaftLogWorker: flushIndex: setUnconditionally 0 -> -1
2023-04-21 06:18:03,993 [pool-932-thread-1] INFO  segmented.SegmentedRaftLogWorker (SegmentedRaftLogWorker.java:lambda$new$0(135)) - b5ed12de-f90d-40ef-a4f6-6f0ba0776d3f@group-569E397A159F-SegmentedRaftLogWorker: safeCacheEvictIndex: setUnconditionally 0 -> -1
2023-04-21 06:18:03,993 [pool-932-thread-1] INFO  server.RaftServer$Division (RaftServerImpl.java:start(334)) - b5ed12de-f90d-40ef-a4f6-6f0ba0776d3f@group-569E397A159F: start as a follower, conf=-1: peers:[b5ed12de-f90d-40ef-a4f6-6f0ba0776d3f|rpc:10.1.0.35:37973|dataStream:10.1.0.35:44447|priority:1|startupRole:FOLLOWER]|listeners:[], old=null
2023-04-21 06:18:03,993 [pool-932-thread-1] INFO  server.RaftServer$Division (RaftServerImpl.java:setRole(321)) - b5ed12de-f90d-40ef-a4f6-6f0ba0776d3f@group-569E397A159F: changes role from      null to FOLLOWER at term 0 for startAsFollower
2023-04-21 06:18:03,993 [pool-932-thread-1] INFO  impl.RoleInfo (RoleInfo.java:updateAndGet(139)) - b5ed12de-f90d-40ef-a4f6-6f0ba0776d3f: start b5ed12de-f90d-40ef-a4f6-6f0ba0776d3f@group-569E397A159F-FollowerState
2023-04-21 06:18:03,994 [pool-932-thread-1] INFO  util.JmxRegister (JmxRegister.java:tryRegister(44)) - Successfully registered JMX Bean with object name Ratis:service=RaftServer,group=group-569E397A159F,id=b5ed12de-f90d-40ef-a4f6-6f0ba0776d3f
2023-04-21 06:18:03,994 [pool-932-thread-1] INFO  server.RaftServerConfigKeys (ConfUtils.java:logGet(46)) - raft.server.snapshot.auto.trigger.enabled = true (custom)
2023-04-21 06:18:03,994 [pool-932-thread-1] INFO  server.RaftServerConfigKeys (ConfUtils.java:logGet(46)) - raft.server.snapshot.auto.trigger.threshold = 10000 (custom)
2023-04-21 06:18:03,994 [pool-932-thread-1] INFO  server.RaftServerConfigKeys (ConfUtils.java:logGet(46)) - raft.server.snapshot.retention.file.num = 5 (custom)
2023-04-21 06:18:03,994 [pool-932-thread-1] INFO  server.RaftServerConfigKeys (ConfUtils.java:logGet(46)) - raft.server.log.purge.upto.snapshot.index = false (default)
2023-04-21 06:18:03,994 [b5ed12de-f90d-40ef-a4f6-6f0ba0776d3f@group-569E397A159F-FollowerState] INFO  server.RaftServerConfigKeys (ConfUtils.java:logFallback(53)) - raft.server.rpc.first-election.timeout.min = 5s (fallback to raft.server.rpc.timeout.min)
2023-04-21 06:18:03,994 [b5ed12de-f90d-40ef-a4f6-6f0ba0776d3f@group-569E397A159F-FollowerState] INFO  server.RaftServerConfigKeys (ConfUtils.java:logFallback(53)) - raft.server.rpc.first-election.timeout.max = 5200ms (fallback to raft.server.rpc.timeout.max)
2023-04-21 06:18:03,995 [Command processor thread] INFO  ratis.XceiverServerRatis (XceiverServerRatis.java:addGroup(806)) - Created group PipelineID=610a4297-f680-466b-ab75-569e397a159f
2023-04-21 06:18:03,995 [Command processor thread] INFO  commandhandler.CreatePipelineCommandHandler (CreatePipelineCommandHandler.java:handle(113)) - Created Pipeline RATIS ONE PipelineID=610a4297-f680-466b-ab75-569e397a159f.
2023-04-21 06:18:03,995 [Command processor thread] INFO  server.RaftServer (RaftServerProxy.java:addNew(96)) - b5ed12de-f90d-40ef-a4f6-6f0ba0776d3f: addNew group-45CFD87F60C3:[b5ed12de-f90d-40ef-a4f6-6f0ba0776d3f|rpc:10.1.0.35:37973|dataStream:10.1.0.35:44447|priority:0|startupRole:FOLLOWER, fe0baf38-ef32-47f5-977d-6484d2e153f1|rpc:10.1.0.35:37765|dataStream:10.1.0.35:35889|priority:0|startupRole:FOLLOWER, b6e9b414-768d-4e3e-88d3-472f8ec22e92|rpc:10.1.0.35:42709|dataStream:10.1.0.35:45909|priority:1|startupRole:FOLLOWER] returns group-45CFD87F60C3:java.util.concurrent.CompletableFuture@1b2129e5[Not completed]
2023-04-21 06:18:03,996 [EventQueue-OpenPipelineForHealthyPipelineSafeModeRule] INFO  safemode.SCMSafeModeManager (HealthyPipelineSafeModeRule.java:process(137)) - SCM in safe mode. Healthy pipelines reported count is 0, required healthy pipeline reported count is 1
2023-04-21 06:18:03,997 [pool-932-thread-1] INFO  server.RaftServer$Division (RaftServerImpl.java:<init>(195)) - b5ed12de-f90d-40ef-a4f6-6f0ba0776d3f: new RaftServerImpl for group-45CFD87F60C3:[b5ed12de-f90d-40ef-a4f6-6f0ba0776d3f|rpc:10.1.0.35:37973|dataStream:10.1.0.35:44447|priority:0|startupRole:FOLLOWER, fe0baf38-ef32-47f5-977d-6484d2e153f1|rpc:10.1.0.35:37765|dataStream:10.1.0.35:35889|priority:0|startupRole:FOLLOWER, b6e9b414-768d-4e3e-88d3-472f8ec22e92|rpc:10.1.0.35:42709|dataStream:10.1.0.35:45909|priority:1|startupRole:FOLLOWER] with ContainerStateMachine:uninitialized
2023-04-21 06:18:03,998 [pool-932-thread-1] INFO  server.RaftServerConfigKeys (ConfUtils.java:logGet(46)) - raft.server.rpc.timeout.min = 5s (custom)
2023-04-21 06:18:03,998 [pool-932-thread-1] INFO  server.RaftServerConfigKeys (ConfUtils.java:logGet(46)) - raft.server.rpc.timeout.max = 5200ms (custom)
2023-04-21 06:18:04,053 [pool-932-thread-1] INFO  server.RaftServerConfigKeys (ConfUtils.java:logGet(46)) - raft.server.rpc.sleep.time = 25ms (default)
2023-04-21 06:18:04,054 [pool-932-thread-1] INFO  server.RaftServerConfigKeys (ConfUtils.java:logGet(46)) - raft.server.rpc.slowness.timeout = 300s (custom)
2023-04-21 06:18:04,054 [pool-932-thread-1] INFO  server.RaftServerConfigKeys (ConfUtils.java:logGet(46)) - raft.server.leaderelection.leader.step-down.wait-time = 10s (default)
2023-04-21 06:18:04,054 [pool-932-thread-1] INFO  server.RaftServerConfigKeys (ConfUtils.java:logGet(46)) - raft.server.sleep.deviation.threshold = 300ms (default)
2023-04-21 06:18:04,054 [pool-932-thread-1] INFO  server.RaftServer$Division (ServerState.java:<init>(118)) - b5ed12de-f90d-40ef-a4f6-6f0ba0776d3f@group-45CFD87F60C3: ConfigurationManager, init=-1: peers:[b5ed12de-f90d-40ef-a4f6-6f0ba0776d3f|rpc:10.1.0.35:37973|dataStream:10.1.0.35:44447|priority:0|startupRole:FOLLOWER, fe0baf38-ef32-47f5-977d-6484d2e153f1|rpc:10.1.0.35:37765|dataStream:10.1.0.35:35889|priority:0|startupRole:FOLLOWER, b6e9b414-768d-4e3e-88d3-472f8ec22e92|rpc:10.1.0.35:42709|dataStream:10.1.0.35:45909|priority:1|startupRole:FOLLOWER]|listeners:[], old=null, confs=<EMPTY_MAP>
2023-04-21 06:18:04,054 [pool-932-thread-1] INFO  server.RaftServerConfigKeys (ConfUtils.java:logGet(46)) - raft.server.storage.dir = [/home/runner/work/ozone/ozone/hadoop-ozone/integration-test/target/test-dir/MiniOzoneClusterImpl-095cf78d-69a9-402e-99bd-cb43c7978d28/datanode-0/data/ratis] (custom)
2023-04-21 06:18:04,054 [pool-932-thread-1] INFO  server.RaftServerConfigKeys (ConfUtils.java:logGet(46)) - raft.server.log.corruption.policy = EXCEPTION (default)
2023-04-21 06:18:04,054 [pool-932-thread-1] INFO  server.RaftServerConfigKeys (ConfUtils.java:logGet(46)) - raft.server.storage.free-space.min = 0MB (=0) (default)
2023-04-21 06:18:04,054 [pool-932-thread-1] INFO  server.RaftServerConfigKeys (ConfUtils.java:logGet(46)) - raft.server.notification.no-leader.timeout = 300s (custom)
2023-04-21 06:18:04,054 [pool-932-thread-1] INFO  server.RaftServerConfigKeys (ConfUtils.java:logGet(46)) - raft.server.retrycache.expirytime = 600000ms (custom)
2023-04-21 06:18:04,054 [pool-932-thread-1] INFO  server.RaftServerConfigKeys (ConfUtils.java:logGet(46)) - raft.server.retrycache.statistics.expirytime = 100μs (default)
2023-04-21 06:18:04,055 [pool-932-thread-1] INFO  server.RaftServerConfigKeys (ConfUtils.java:logGet(46)) - raft.server.log.appender.install.snapshot.enabled = false (custom)
2023-04-21 06:18:04,055 [pool-932-thread-1] INFO  server.RaftServerConfigKeys (ConfUtils.java:logGet(46)) - raft.server.threadpool.server.cached = true (default)
2023-04-21 06:18:04,055 [pool-932-thread-1] INFO  server.RaftServerConfigKeys (ConfUtils.java:logGet(46)) - raft.server.threadpool.server.size = 0 (default)
2023-04-21 06:18:04,055 [pool-932-thread-1] INFO  server.RaftServerConfigKeys (ConfUtils.java:logGet(46)) - raft.server.threadpool.client.cached = true (default)
2023-04-21 06:18:04,055 [pool-932-thread-1] INFO  server.RaftServerConfigKeys (ConfUtils.java:logGet(46)) - raft.server.threadpool.client.size = 0 (default)
2023-04-21 06:18:04,055 [pool-932-thread-1] INFO  storage.RaftStorageDirectory (RaftStorageDirectoryImpl.java:analyzeStorage(137)) - The storage directory /home/runner/work/ozone/ozone/hadoop-ozone/integration-test/target/test-dir/MiniOzoneClusterImpl-095cf78d-69a9-402e-99bd-cb43c7978d28/datanode-0/data/ratis/b6d2b0c0-3e46-4d29-848e-45cfd87f60c3 does not exist. Creating ...
2023-04-21 06:18:04,062 [pool-932-thread-1] INFO  storage.RaftStorageDirectory (RaftStorageDirectoryImpl.java:tryLock(231)) - Lock on /home/runner/work/ozone/ozone/hadoop-ozone/integration-test/target/test-dir/MiniOzoneClusterImpl-095cf78d-69a9-402e-99bd-cb43c7978d28/datanode-0/data/ratis/b6d2b0c0-3e46-4d29-848e-45cfd87f60c3/in_use.lock acquired by nodename 2764@fv-az205-422
2023-04-21 06:18:04,064 [pool-932-thread-1] INFO  storage.RaftStorage (RaftStorageImpl.java:format(96)) - Storage directory /home/runner/work/ozone/ozone/hadoop-ozone/integration-test/target/test-dir/MiniOzoneClusterImpl-095cf78d-69a9-402e-99bd-cb43c7978d28/datanode-0/data/ratis/b6d2b0c0-3e46-4d29-848e-45cfd87f60c3 has been successfully formatted.
2023-04-21 06:18:04,064 [pool-932-thread-1] INFO  ratis.ContainerStateMachine (ContainerStateMachine.java:loadSnapshot(262)) - group-45CFD87F60C3: The snapshot info is null. Setting the last applied indexto:(t:0, i:~)
2023-04-21 06:18:04,064 [pool-932-thread-1] INFO  server.RaftServerConfigKeys (ConfUtils.java:logGet(46)) - raft.server.log.use.memory = false (default)
2023-04-21 06:18:04,064 [pool-932-thread-1] INFO  server.RaftServerConfigKeys (ConfUtils.java:logGet(46)) - raft.server.log.purge.gap = 1000000 (custom)
2023-04-21 06:18:04,064 [pool-932-thread-1] INFO  server.RaftServerConfigKeys (ConfUtils.java:logGet(46)) - raft.server.log.appender.buffer.byte-limit = 33554432 (custom)
2023-04-21 06:18:04,064 [pool-932-thread-1] INFO  server.RaftServerConfigKeys (ConfUtils.java:logGet(46)) - raft.server.log.statemachine.data.read.timeout = 1000ms (default)
2023-04-21 06:18:04,064 [pool-932-thread-1] INFO  server.RaftServerConfigKeys (ConfUtils.java:logGet(46)) - raft.server.log.purge.preservation.log.num = 0 (default)
2023-04-21 06:18:04,064 [pool-932-thread-1] INFO  server.RaftServerConfigKeys (ConfUtils.java:logGet(46)) - raft.server.log.segment.size.max = 1048576 (custom)
2023-04-21 06:18:04,065 [pool-932-thread-1] INFO  server.RaftServerConfigKeys (ConfUtils.java:logGet(46)) - raft.server.log.segment.cache.num.max = 2 (custom)
2023-04-21 06:18:04,065 [pool-932-thread-1] INFO  server.RaftServerConfigKeys (ConfUtils.java:logGet(46)) - raft.server.log.segment.cache.size.max = 200MB (=209715200) (default)
2023-04-21 06:18:04,065 [pool-932-thread-1] INFO  segmented.SegmentedRaftLogWorker (SegmentedRaftLogWorker.java:<init>(189)) - new b5ed12de-f90d-40ef-a4f6-6f0ba0776d3f@group-45CFD87F60C3-SegmentedRaftLogWorker for RaftStorageImpl:Storage Directory /home/runner/work/ozone/ozone/hadoop-ozone/integration-test/target/test-dir/MiniOzoneClusterImpl-095cf78d-69a9-402e-99bd-cb43c7978d28/datanode-0/data/ratis/b6d2b0c0-3e46-4d29-848e-45cfd87f60c3
2023-04-21 06:18:04,065 [pool-932-thread-1] INFO  server.RaftServerConfigKeys (ConfUtils.java:logGet(46)) - raft.server.log.queue.byte-limit = 4294967296 (custom)
2023-04-21 06:18:04,065 [pool-932-thread-1] INFO  server.RaftServerConfigKeys (ConfUtils.java:logGet(46)) - raft.server.log.queue.element-limit = 1024 (custom)
2023-04-21 06:18:04,065 [pool-932-thread-1] INFO  server.RaftServerConfigKeys (ConfUtils.java:logGet(46)) - raft.server.log.segment.size.max = 1048576 (custom)
2023-04-21 06:18:04,065 [pool-932-thread-1] INFO  server.RaftServerConfigKeys (ConfUtils.java:logGet(46)) - raft.server.log.preallocated.size = 16384 (custom)
2023-04-21 06:18:04,065 [pool-932-thread-1] INFO  server.RaftServerConfigKeys (ConfUtils.java:logGet(46)) - raft.server.log.force.sync.num = 128 (default)
2023-04-21 06:18:04,065 [pool-932-thread-1] INFO  server.RaftServerConfigKeys (ConfUtils.java:logGet(46)) - raft.server.log.statemachine.data.sync = true (default)
2023-04-21 06:18:04,065 [pool-932-thread-1] INFO  server.RaftServerConfigKeys (ConfUtils.java:logGet(46)) - raft.server.log.statemachine.data.sync.timeout = 10s (default)
2023-04-21 06:18:04,065 [pool-932-thread-1] INFO  server.RaftServerConfigKeys (ConfUtils.java:logGet(46)) - raft.server.log.statemachine.data.sync.timeout.retry = -1 (default)
2023-04-21 06:18:04,065 [pool-932-thread-1] INFO  server.RaftServerConfigKeys (ConfUtils.java:logGet(46)) - raft.server.log.write.buffer.size = 1048576 (custom)
2023-04-21 06:18:04,070 [EventQueue-OpenPipelineForHealthyPipelineSafeModeRule] INFO  safemode.SCMSafeModeManager (HealthyPipelineSafeModeRule.java:process(137)) - SCM in safe mode. Healthy pipelines reported count is 0, required healthy pipeline reported count is 1
2023-04-21 06:18:04,071 [pool-932-thread-1] INFO  server.RaftServerConfigKeys (ConfUtils.java:logGet(46)) - raft.server.log.appender.buffer.byte-limit = 33554432 (custom)
2023-04-21 06:18:04,075 [pool-932-thread-1] INFO  server.RaftServerConfigKeys (ConfUtils.java:logGet(46)) - raft.server.log.unsafe-flush.enabled = false (default)
2023-04-21 06:18:04,075 [pool-932-thread-1] INFO  server.RaftServerConfigKeys (ConfUtils.java:logGet(46)) - raft.server.log.async-flush.enabled = false (default)
2023-04-21 06:18:04,075 [pool-932-thread-1] INFO  server.RaftServerConfigKeys (ConfUtils.java:logGet(46)) - raft.server.log.statemachine.data.caching.enabled = true (custom)
2023-04-21 06:18:04,076 [pool-932-thread-1] INFO  segmented.SegmentedRaftLogWorker (SegmentedRaftLogWorker.java:lambda$new$0(135)) - b5ed12de-f90d-40ef-a4f6-6f0ba0776d3f@group-45CFD87F60C3-SegmentedRaftLogWorker: flushIndex: setUnconditionally 0 -> -1
2023-04-21 06:18:04,076 [pool-932-thread-1] INFO  segmented.SegmentedRaftLogWorker (SegmentedRaftLogWorker.java:lambda$new$0(135)) - b5ed12de-f90d-40ef-a4f6-6f0ba0776d3f@group-45CFD87F60C3-SegmentedRaftLogWorker: safeCacheEvictIndex: setUnconditionally 0 -> -1
2023-04-21 06:18:04,080 [pool-932-thread-1] INFO  server.RaftServer$Division (RaftServerImpl.java:start(334)) - b5ed12de-f90d-40ef-a4f6-6f0ba0776d3f@group-45CFD87F60C3: start as a follower, conf=-1: peers:[b5ed12de-f90d-40ef-a4f6-6f0ba0776d3f|rpc:10.1.0.35:37973|dataStream:10.1.0.35:44447|priority:0|startupRole:FOLLOWER, fe0baf38-ef32-47f5-977d-6484d2e153f1|rpc:10.1.0.35:37765|dataStream:10.1.0.35:35889|priority:0|startupRole:FOLLOWER, b6e9b414-768d-4e3e-88d3-472f8ec22e92|rpc:10.1.0.35:42709|dataStream:10.1.0.35:45909|priority:1|startupRole:FOLLOWER]|listeners:[], old=null
2023-04-21 06:18:04,080 [pool-932-thread-1] INFO  server.RaftServer$Division (RaftServerImpl.java:setRole(321)) - b5ed12de-f90d-40ef-a4f6-6f0ba0776d3f@group-45CFD87F60C3: changes role from      null to FOLLOWER at term 0 for startAsFollower
2023-04-21 06:18:04,080 [pool-932-thread-1] INFO  impl.RoleInfo (RoleInfo.java:updateAndGet(139)) - b5ed12de-f90d-40ef-a4f6-6f0ba0776d3f: start b5ed12de-f90d-40ef-a4f6-6f0ba0776d3f@group-45CFD87F60C3-FollowerState
2023-04-21 06:18:04,081 [pool-932-thread-1] INFO  util.JmxRegister (JmxRegister.java:tryRegister(44)) - Successfully registered JMX Bean with object name Ratis:service=RaftServer,group=group-45CFD87F60C3,id=b5ed12de-f90d-40ef-a4f6-6f0ba0776d3f
2023-04-21 06:18:04,081 [pool-932-thread-1] INFO  server.RaftServerConfigKeys (ConfUtils.java:logGet(46)) - raft.server.snapshot.auto.trigger.enabled = true (custom)
2023-04-21 06:18:04,081 [pool-932-thread-1] INFO  server.RaftServerConfigKeys (ConfUtils.java:logGet(46)) - raft.server.snapshot.auto.trigger.threshold = 10000 (custom)
2023-04-21 06:18:04,081 [pool-932-thread-1] INFO  server.RaftServerConfigKeys (ConfUtils.java:logGet(46)) - raft.server.snapshot.retention.file.num = 5 (custom)
2023-04-21 06:18:04,081 [pool-932-thread-1] INFO  server.RaftServerConfigKeys (ConfUtils.java:logGet(46)) - raft.server.log.purge.upto.snapshot.index = false (default)
2023-04-21 06:18:04,083 [b5ed12de-f90d-40ef-a4f6-6f0ba0776d3f@group-45CFD87F60C3-FollowerState] INFO  server.RaftServerConfigKeys (ConfUtils.java:logFallback(53)) - raft.server.rpc.first-election.timeout.min = 5s (fallback to raft.server.rpc.timeout.min)
2023-04-21 06:18:04,083 [b5ed12de-f90d-40ef-a4f6-6f0ba0776d3f@group-45CFD87F60C3-FollowerState] INFO  server.RaftServerConfigKeys (ConfUtils.java:logFallback(53)) - raft.server.rpc.first-election.timeout.max = 5200ms (fallback to raft.server.rpc.timeout.max)
2023-04-21 06:18:04,084 [Command processor thread] INFO  ratis.XceiverServerRatis (XceiverServerRatis.java:addGroup(806)) - Created group PipelineID=b6d2b0c0-3e46-4d29-848e-45cfd87f60c3
2023-04-21 06:18:04,109 [grpc-default-executor-0] INFO  server.RaftServer (RaftServerProxy.java:addNew(96)) - fe0baf38-ef32-47f5-977d-6484d2e153f1: addNew group-45CFD87F60C3:[b5ed12de-f90d-40ef-a4f6-6f0ba0776d3f|rpc:10.1.0.35:37973|dataStream:10.1.0.35:44447|priority:0|startupRole:FOLLOWER, fe0baf38-ef32-47f5-977d-6484d2e153f1|rpc:10.1.0.35:37765|dataStream:10.1.0.35:35889|priority:0|startupRole:FOLLOWER, b6e9b414-768d-4e3e-88d3-472f8ec22e92|rpc:10.1.0.35:42709|dataStream:10.1.0.35:45909|priority:1|startupRole:FOLLOWER] returns group-45CFD87F60C3:java.util.concurrent.CompletableFuture@640d7c84[Not completed]
2023-04-21 06:18:04,110 [pool-954-thread-1] INFO  server.RaftServer$Division (RaftServerImpl.java:<init>(195)) - fe0baf38-ef32-47f5-977d-6484d2e153f1: new RaftServerImpl for group-45CFD87F60C3:[b5ed12de-f90d-40ef-a4f6-6f0ba0776d3f|rpc:10.1.0.35:37973|dataStream:10.1.0.35:44447|priority:0|startupRole:FOLLOWER, fe0baf38-ef32-47f5-977d-6484d2e153f1|rpc:10.1.0.35:37765|dataStream:10.1.0.35:35889|priority:0|startupRole:FOLLOWER, b6e9b414-768d-4e3e-88d3-472f8ec22e92|rpc:10.1.0.35:42709|dataStream:10.1.0.35:45909|priority:1|startupRole:FOLLOWER] with ContainerStateMachine:uninitialized
2023-04-21 06:18:04,110 [pool-954-thread-1] INFO  server.RaftServerConfigKeys (ConfUtils.java:logGet(46)) - raft.server.rpc.timeout.min = 5s (custom)
2023-04-21 06:18:04,110 [pool-954-thread-1] INFO  server.RaftServerConfigKeys (ConfUtils.java:logGet(46)) - raft.server.rpc.timeout.max = 5200ms (custom)
2023-04-21 06:18:04,110 [pool-954-thread-1] INFO  server.RaftServerConfigKeys (ConfUtils.java:logGet(46)) - raft.server.rpc.sleep.time = 25ms (default)
2023-04-21 06:18:04,110 [pool-954-thread-1] INFO  server.RaftServerConfigKeys (ConfUtils.java:logGet(46)) - raft.server.rpc.slowness.timeout = 300s (custom)
2023-04-21 06:18:04,110 [pool-954-thread-1] INFO  server.RaftServerConfigKeys (ConfUtils.java:logGet(46)) - raft.server.leaderelection.leader.step-down.wait-time = 10s (default)
2023-04-21 06:18:04,110 [pool-954-thread-1] INFO  server.RaftServerConfigKeys (ConfUtils.java:logGet(46)) - raft.server.sleep.deviation.threshold = 300ms (default)
2023-04-21 06:18:04,111 [pool-954-thread-1] INFO  server.RaftServer$Division (ServerState.java:<init>(118)) - fe0baf38-ef32-47f5-977d-6484d2e153f1@group-45CFD87F60C3: ConfigurationManager, init=-1: peers:[b5ed12de-f90d-40ef-a4f6-6f0ba0776d3f|rpc:10.1.0.35:37973|dataStream:10.1.0.35:44447|priority:0|startupRole:FOLLOWER, fe0baf38-ef32-47f5-977d-6484d2e153f1|rpc:10.1.0.35:37765|dataStream:10.1.0.35:35889|priority:0|startupRole:FOLLOWER, b6e9b414-768d-4e3e-88d3-472f8ec22e92|rpc:10.1.0.35:42709|dataStream:10.1.0.35:45909|priority:1|startupRole:FOLLOWER]|listeners:[], old=null, confs=<EMPTY_MAP>
2023-04-21 06:18:04,111 [pool-954-thread-1] INFO  server.RaftServerConfigKeys (ConfUtils.java:logGet(46)) - raft.server.storage.dir = [/home/runner/work/ozone/ozone/hadoop-ozone/integration-test/target/test-dir/MiniOzoneClusterImpl-095cf78d-69a9-402e-99bd-cb43c7978d28/datanode-1/data/ratis] (custom)
2023-04-21 06:18:04,111 [pool-954-thread-1] INFO  server.RaftServerConfigKeys (ConfUtils.java:logGet(46)) - raft.server.log.corruption.policy = EXCEPTION (default)
2023-04-21 06:18:04,111 [pool-954-thread-1] INFO  server.RaftServerConfigKeys (ConfUtils.java:logGet(46)) - raft.server.storage.free-space.min = 0MB (=0) (default)
2023-04-21 06:18:04,111 [pool-954-thread-1] INFO  server.RaftServerConfigKeys (ConfUtils.java:logGet(46)) - raft.server.notification.no-leader.timeout = 300s (custom)
2023-04-21 06:18:04,111 [pool-954-thread-1] INFO  server.RaftServerConfigKeys (ConfUtils.java:logGet(46)) - raft.server.retrycache.expirytime = 600000ms (custom)
2023-04-21 06:18:04,111 [pool-954-thread-1] INFO  server.RaftServerConfigKeys (ConfUtils.java:logGet(46)) - raft.server.retrycache.statistics.expirytime = 100μs (default)
2023-04-21 06:18:04,111 [pool-954-thread-1] INFO  server.RaftServerConfigKeys (ConfUtils.java:logGet(46)) - raft.server.log.appender.install.snapshot.enabled = false (custom)
2023-04-21 06:18:04,112 [pool-954-thread-1] INFO  server.RaftServerConfigKeys (ConfUtils.java:logGet(46)) - raft.server.threadpool.server.cached = true (default)
2023-04-21 06:18:04,112 [pool-954-thread-1] INFO  server.RaftServerConfigKeys (ConfUtils.java:logGet(46)) - raft.server.threadpool.server.size = 0 (default)
2023-04-21 06:18:04,112 [pool-954-thread-1] INFO  server.RaftServerConfigKeys (ConfUtils.java:logGet(46)) - raft.server.threadpool.client.cached = true (default)
2023-04-21 06:18:04,112 [pool-954-thread-1] INFO  server.RaftServerConfigKeys (ConfUtils.java:logGet(46)) - raft.server.threadpool.client.size = 0 (default)
2023-04-21 06:18:04,112 [pool-954-thread-1] INFO  storage.RaftStorageDirectory (RaftStorageDirectoryImpl.java:analyzeStorage(137)) - The storage directory /home/runner/work/ozone/ozone/hadoop-ozone/integration-test/target/test-dir/MiniOzoneClusterImpl-095cf78d-69a9-402e-99bd-cb43c7978d28/datanode-1/data/ratis/b6d2b0c0-3e46-4d29-848e-45cfd87f60c3 does not exist. Creating ...
2023-04-21 06:18:04,113 [pool-954-thread-1] INFO  storage.RaftStorageDirectory (RaftStorageDirectoryImpl.java:tryLock(231)) - Lock on /home/runner/work/ozone/ozone/hadoop-ozone/integration-test/target/test-dir/MiniOzoneClusterImpl-095cf78d-69a9-402e-99bd-cb43c7978d28/datanode-1/data/ratis/b6d2b0c0-3e46-4d29-848e-45cfd87f60c3/in_use.lock acquired by nodename 2764@fv-az205-422
2023-04-21 06:18:04,115 [pool-954-thread-1] INFO  storage.RaftStorage (RaftStorageImpl.java:format(96)) - Storage directory /home/runner/work/ozone/ozone/hadoop-ozone/integration-test/target/test-dir/MiniOzoneClusterImpl-095cf78d-69a9-402e-99bd-cb43c7978d28/datanode-1/data/ratis/b6d2b0c0-3e46-4d29-848e-45cfd87f60c3 has been successfully formatted.
2023-04-21 06:18:04,116 [pool-954-thread-1] INFO  ratis.ContainerStateMachine (ContainerStateMachine.java:loadSnapshot(262)) - group-45CFD87F60C3: The snapshot info is null. Setting the last applied indexto:(t:0, i:~)
2023-04-21 06:18:04,116 [pool-954-thread-1] INFO  server.RaftServerConfigKeys (ConfUtils.java:logGet(46)) - raft.server.log.use.memory = false (default)
2023-04-21 06:18:04,116 [pool-954-thread-1] INFO  server.RaftServerConfigKeys (ConfUtils.java:logGet(46)) - raft.server.log.purge.gap = 1000000 (custom)
2023-04-21 06:18:04,116 [pool-954-thread-1] INFO  server.RaftServerConfigKeys (ConfUtils.java:logGet(46)) - raft.server.log.appender.buffer.byte-limit = 33554432 (custom)
2023-04-21 06:18:04,116 [pool-954-thread-1] INFO  server.RaftServerConfigKeys (ConfUtils.java:logGet(46)) - raft.server.log.statemachine.data.read.timeout = 1000ms (default)
2023-04-21 06:18:04,116 [pool-954-thread-1] INFO  server.RaftServerConfigKeys (ConfUtils.java:logGet(46)) - raft.server.log.purge.preservation.log.num = 0 (default)
2023-04-21 06:18:04,116 [pool-954-thread-1] INFO  server.RaftServerConfigKeys (ConfUtils.java:logGet(46)) - raft.server.log.segment.size.max = 1048576 (custom)
2023-04-21 06:18:04,117 [pool-954-thread-1] INFO  server.RaftServerConfigKeys (ConfUtils.java:logGet(46)) - raft.server.log.segment.cache.num.max = 2 (custom)
2023-04-21 06:18:04,117 [pool-954-thread-1] INFO  server.RaftServerConfigKeys (ConfUtils.java:logGet(46)) - raft.server.log.segment.cache.size.max = 200MB (=209715200) (default)
2023-04-21 06:18:04,117 [pool-954-thread-1] INFO  segmented.SegmentedRaftLogWorker (SegmentedRaftLogWorker.java:<init>(189)) - new fe0baf38-ef32-47f5-977d-6484d2e153f1@group-45CFD87F60C3-SegmentedRaftLogWorker for RaftStorageImpl:Storage Directory /home/runner/work/ozone/ozone/hadoop-ozone/integration-test/target/test-dir/MiniOzoneClusterImpl-095cf78d-69a9-402e-99bd-cb43c7978d28/datanode-1/data/ratis/b6d2b0c0-3e46-4d29-848e-45cfd87f60c3
2023-04-21 06:18:04,117 [pool-954-thread-1] INFO  server.RaftServerConfigKeys (ConfUtils.java:logGet(46)) - raft.server.log.queue.byte-limit = 4294967296 (custom)
2023-04-21 06:18:04,117 [pool-954-thread-1] INFO  server.RaftServerConfigKeys (ConfUtils.java:logGet(46)) - raft.server.log.queue.element-limit = 1024 (custom)
2023-04-21 06:18:04,117 [pool-954-thread-1] INFO  server.RaftServerConfigKeys (ConfUtils.java:logGet(46)) - raft.server.log.segment.size.max = 1048576 (custom)
2023-04-21 06:18:04,117 [pool-954-thread-1] INFO  server.RaftServerConfigKeys (ConfUtils.java:logGet(46)) - raft.server.log.preallocated.size = 16384 (custom)
2023-04-21 06:18:04,117 [pool-954-thread-1] INFO  server.RaftServerConfigKeys (ConfUtils.java:logGet(46)) - raft.server.log.force.sync.num = 128 (default)
2023-04-21 06:18:04,117 [pool-954-thread-1] INFO  server.RaftServerConfigKeys (ConfUtils.java:logGet(46)) - raft.server.log.statemachine.data.sync = true (default)
2023-04-21 06:18:04,117 [pool-954-thread-1] INFO  server.RaftServerConfigKeys (ConfUtils.java:logGet(46)) - raft.server.log.statemachine.data.sync.timeout = 10s (default)
2023-04-21 06:18:04,117 [pool-954-thread-1] INFO  server.RaftServerConfigKeys (ConfUtils.java:logGet(46)) - raft.server.log.statemachine.data.sync.timeout.retry = -1 (default)
2023-04-21 06:18:04,118 [pool-954-thread-1] INFO  server.RaftServerConfigKeys (ConfUtils.java:logGet(46)) - raft.server.log.write.buffer.size = 1048576 (custom)
2023-04-21 06:18:04,118 [pool-954-thread-1] INFO  server.RaftServerConfigKeys (ConfUtils.java:logGet(46)) - raft.server.log.appender.buffer.byte-limit = 33554432 (custom)
2023-04-21 06:18:04,123 [pool-954-thread-1] INFO  server.RaftServerConfigKeys (ConfUtils.java:logGet(46)) - raft.server.log.unsafe-flush.enabled = false (default)
2023-04-21 06:18:04,123 [pool-954-thread-1] INFO  server.RaftServerConfigKeys (ConfUtils.java:logGet(46)) - raft.server.log.async-flush.enabled = false (default)
2023-04-21 06:18:04,123 [pool-954-thread-1] INFO  server.RaftServerConfigKeys (ConfUtils.java:logGet(46)) - raft.server.log.statemachine.data.caching.enabled = true (custom)
2023-04-21 06:18:04,123 [pool-954-thread-1] INFO  segmented.SegmentedRaftLogWorker (SegmentedRaftLogWorker.java:lambda$new$0(135)) - fe0baf38-ef32-47f5-977d-6484d2e153f1@group-45CFD87F60C3-SegmentedRaftLogWorker: flushIndex: setUnconditionally 0 -> -1
2023-04-21 06:18:04,123 [pool-954-thread-1] INFO  segmented.SegmentedRaftLogWorker (SegmentedRaftLogWorker.java:lambda$new$0(135)) - fe0baf38-ef32-47f5-977d-6484d2e153f1@group-45CFD87F60C3-SegmentedRaftLogWorker: safeCacheEvictIndex: setUnconditionally 0 -> -1
2023-04-21 06:18:04,123 [pool-954-thread-1] INFO  server.RaftServer$Division (RaftServerImpl.java:start(334)) - fe0baf38-ef32-47f5-977d-6484d2e153f1@group-45CFD87F60C3: start as a follower, conf=-1: peers:[b5ed12de-f90d-40ef-a4f6-6f0ba0776d3f|rpc:10.1.0.35:37973|dataStream:10.1.0.35:44447|priority:0|startupRole:FOLLOWER, fe0baf38-ef32-47f5-977d-6484d2e153f1|rpc:10.1.0.35:37765|dataStream:10.1.0.35:35889|priority:0|startupRole:FOLLOWER, b6e9b414-768d-4e3e-88d3-472f8ec22e92|rpc:10.1.0.35:42709|dataStream:10.1.0.35:45909|priority:1|startupRole:FOLLOWER]|listeners:[], old=null
2023-04-21 06:18:04,124 [pool-954-thread-1] INFO  server.RaftServer$Division (RaftServerImpl.java:setRole(321)) - fe0baf38-ef32-47f5-977d-6484d2e153f1@group-45CFD87F60C3: changes role from      null to FOLLOWER at term 0 for startAsFollower
2023-04-21 06:18:04,124 [pool-954-thread-1] INFO  impl.RoleInfo (RoleInfo.java:updateAndGet(139)) - fe0baf38-ef32-47f5-977d-6484d2e153f1: start fe0baf38-ef32-47f5-977d-6484d2e153f1@group-45CFD87F60C3-FollowerState
2023-04-21 06:18:04,124 [fe0baf38-ef32-47f5-977d-6484d2e153f1@group-45CFD87F60C3-FollowerState] INFO  server.RaftServerConfigKeys (ConfUtils.java:logFallback(53)) - raft.server.rpc.first-election.timeout.min = 5s (fallback to raft.server.rpc.timeout.min)
2023-04-21 06:18:04,124 [pool-954-thread-1] INFO  util.JmxRegister (JmxRegister.java:tryRegister(44)) - Successfully registered JMX Bean with object name Ratis:service=RaftServer,group=group-45CFD87F60C3,id=fe0baf38-ef32-47f5-977d-6484d2e153f1
2023-04-21 06:18:04,124 [fe0baf38-ef32-47f5-977d-6484d2e153f1@group-45CFD87F60C3-FollowerState] INFO  server.RaftServerConfigKeys (ConfUtils.java:logFallback(53)) - raft.server.rpc.first-election.timeout.max = 5200ms (fallback to raft.server.rpc.timeout.max)
2023-04-21 06:18:04,124 [pool-954-thread-1] INFO  server.RaftServerConfigKeys (ConfUtils.java:logGet(46)) - raft.server.snapshot.auto.trigger.enabled = true (custom)
2023-04-21 06:18:04,124 [pool-954-thread-1] INFO  server.RaftServerConfigKeys (ConfUtils.java:logGet(46)) - raft.server.snapshot.auto.trigger.threshold = 10000 (custom)
2023-04-21 06:18:04,124 [pool-954-thread-1] INFO  server.RaftServerConfigKeys (ConfUtils.java:logGet(46)) - raft.server.snapshot.retention.file.num = 5 (custom)
2023-04-21 06:18:04,124 [pool-954-thread-1] INFO  server.RaftServerConfigKeys (ConfUtils.java:logGet(46)) - raft.server.log.purge.upto.snapshot.index = false (default)
2023-04-21 06:18:04,142 [grpc-default-executor-0] INFO  server.RaftServer (RaftServerProxy.java:addNew(96)) - b6e9b414-768d-4e3e-88d3-472f8ec22e92: addNew group-45CFD87F60C3:[b5ed12de-f90d-40ef-a4f6-6f0ba0776d3f|rpc:10.1.0.35:37973|dataStream:10.1.0.35:44447|priority:0|startupRole:FOLLOWER, fe0baf38-ef32-47f5-977d-6484d2e153f1|rpc:10.1.0.35:37765|dataStream:10.1.0.35:35889|priority:0|startupRole:FOLLOWER, b6e9b414-768d-4e3e-88d3-472f8ec22e92|rpc:10.1.0.35:42709|dataStream:10.1.0.35:45909|priority:1|startupRole:FOLLOWER] returns group-45CFD87F60C3:java.util.concurrent.CompletableFuture@3594dd55[Not completed]
2023-04-21 06:18:04,144 [pool-976-thread-1] INFO  server.RaftServer$Division (RaftServerImpl.java:<init>(195)) - b6e9b414-768d-4e3e-88d3-472f8ec22e92: new RaftServerImpl for group-45CFD87F60C3:[b5ed12de-f90d-40ef-a4f6-6f0ba0776d3f|rpc:10.1.0.35:37973|dataStream:10.1.0.35:44447|priority:0|startupRole:FOLLOWER, fe0baf38-ef32-47f5-977d-6484d2e153f1|rpc:10.1.0.35:37765|dataStream:10.1.0.35:35889|priority:0|startupRole:FOLLOWER, b6e9b414-768d-4e3e-88d3-472f8ec22e92|rpc:10.1.0.35:42709|dataStream:10.1.0.35:45909|priority:1|startupRole:FOLLOWER] with ContainerStateMachine:uninitialized
2023-04-21 06:18:04,144 [pool-976-thread-1] INFO  server.RaftServerConfigKeys (ConfUtils.java:logGet(46)) - raft.server.rpc.timeout.min = 5s (custom)
2023-04-21 06:18:04,144 [pool-976-thread-1] INFO  server.RaftServerConfigKeys (ConfUtils.java:logGet(46)) - raft.server.rpc.timeout.max = 5200ms (custom)
2023-04-21 06:18:04,144 [pool-976-thread-1] INFO  server.RaftServerConfigKeys (ConfUtils.java:logGet(46)) - raft.server.rpc.sleep.time = 25ms (default)
2023-04-21 06:18:04,144 [pool-976-thread-1] INFO  server.RaftServerConfigKeys (ConfUtils.java:logGet(46)) - raft.server.rpc.slowness.timeout = 300s (custom)
2023-04-21 06:18:04,144 [pool-976-thread-1] INFO  server.RaftServerConfigKeys (ConfUtils.java:logGet(46)) - raft.server.leaderelection.leader.step-down.wait-time = 10s (default)
2023-04-21 06:18:04,144 [pool-976-thread-1] INFO  server.RaftServerConfigKeys (ConfUtils.java:logGet(46)) - raft.server.sleep.deviation.threshold = 300ms (default)
2023-04-21 06:18:04,144 [pool-976-thread-1] INFO  server.RaftServer$Division (ServerState.java:<init>(118)) - b6e9b414-768d-4e3e-88d3-472f8ec22e92@group-45CFD87F60C3: ConfigurationManager, init=-1: peers:[b5ed12de-f90d-40ef-a4f6-6f0ba0776d3f|rpc:10.1.0.35:37973|dataStream:10.1.0.35:44447|priority:0|startupRole:FOLLOWER, fe0baf38-ef32-47f5-977d-6484d2e153f1|rpc:10.1.0.35:37765|dataStream:10.1.0.35:35889|priority:0|startupRole:FOLLOWER, b6e9b414-768d-4e3e-88d3-472f8ec22e92|rpc:10.1.0.35:42709|dataStream:10.1.0.35:45909|priority:1|startupRole:FOLLOWER]|listeners:[], old=null, confs=<EMPTY_MAP>
2023-04-21 06:18:04,144 [pool-976-thread-1] INFO  server.RaftServerConfigKeys (ConfUtils.java:logGet(46)) - raft.server.storage.dir = [/home/runner/work/ozone/ozone/hadoop-ozone/integration-test/target/test-dir/MiniOzoneClusterImpl-095cf78d-69a9-402e-99bd-cb43c7978d28/datanode-2/data/ratis] (custom)
2023-04-21 06:18:04,146 [pool-976-thread-1] INFO  server.RaftServerConfigKeys (ConfUtils.java:logGet(46)) - raft.server.log.corruption.policy = EXCEPTION (default)
2023-04-21 06:18:04,146 [pool-976-thread-1] INFO  server.RaftServerConfigKeys (ConfUtils.java:logGet(46)) - raft.server.storage.free-space.min = 0MB (=0) (default)
2023-04-21 06:18:04,146 [pool-976-thread-1] INFO  server.RaftServerConfigKeys (ConfUtils.java:logGet(46)) - raft.server.notification.no-leader.timeout = 300s (custom)
2023-04-21 06:18:04,146 [pool-976-thread-1] INFO  server.RaftServerConfigKeys (ConfUtils.java:logGet(46)) - raft.server.retrycache.expirytime = 600000ms (custom)
2023-04-21 06:18:04,146 [pool-976-thread-1] INFO  server.RaftServerConfigKeys (ConfUtils.java:logGet(46)) - raft.server.retrycache.statistics.expirytime = 100μs (default)
2023-04-21 06:18:04,146 [pool-976-thread-1] INFO  server.RaftServerConfigKeys (ConfUtils.java:logGet(46)) - raft.server.log.appender.install.snapshot.enabled = false (custom)
2023-04-21 06:18:04,146 [pool-976-thread-1] INFO  server.RaftServerConfigKeys (ConfUtils.java:logGet(46)) - raft.server.threadpool.server.cached = true (default)
2023-04-21 06:18:04,146 [pool-976-thread-1] INFO  server.RaftServerConfigKeys (ConfUtils.java:logGet(46)) - raft.server.threadpool.server.size = 0 (default)
2023-04-21 06:18:04,146 [pool-976-thread-1] INFO  server.RaftServerConfigKeys (ConfUtils.java:logGet(46)) - raft.server.threadpool.client.cached = true (default)
2023-04-21 06:18:04,146 [pool-976-thread-1] INFO  server.RaftServerConfigKeys (ConfUtils.java:logGet(46)) - raft.server.threadpool.client.size = 0 (default)
2023-04-21 06:18:04,151 [pool-976-thread-1] INFO  storage.RaftStorageDirectory (RaftStorageDirectoryImpl.java:analyzeStorage(137)) - The storage directory /home/runner/work/ozone/ozone/hadoop-ozone/integration-test/target/test-dir/MiniOzoneClusterImpl-095cf78d-69a9-402e-99bd-cb43c7978d28/datanode-2/data/ratis/b6d2b0c0-3e46-4d29-848e-45cfd87f60c3 does not exist. Creating ...
2023-04-21 06:18:04,152 [pool-976-thread-1] INFO  storage.RaftStorageDirectory (RaftStorageDirectoryImpl.java:tryLock(231)) - Lock on /home/runner/work/ozone/ozone/hadoop-ozone/integration-test/target/test-dir/MiniOzoneClusterImpl-095cf78d-69a9-402e-99bd-cb43c7978d28/datanode-2/data/ratis/b6d2b0c0-3e46-4d29-848e-45cfd87f60c3/in_use.lock acquired by nodename 2764@fv-az205-422
2023-04-21 06:18:04,153 [pool-976-thread-1] INFO  storage.RaftStorage (RaftStorageImpl.java:format(96)) - Storage directory /home/runner/work/ozone/ozone/hadoop-ozone/integration-test/target/test-dir/MiniOzoneClusterImpl-095cf78d-69a9-402e-99bd-cb43c7978d28/datanode-2/data/ratis/b6d2b0c0-3e46-4d29-848e-45cfd87f60c3 has been successfully formatted.
2023-04-21 06:18:04,154 [pool-976-thread-1] INFO  ratis.ContainerStateMachine (ContainerStateMachine.java:loadSnapshot(262)) - group-45CFD87F60C3: The snapshot info is null. Setting the last applied indexto:(t:0, i:~)
2023-04-21 06:18:04,154 [pool-976-thread-1] INFO  server.RaftServerConfigKeys (ConfUtils.java:logGet(46)) - raft.server.log.use.memory = false (default)
2023-04-21 06:18:04,154 [pool-976-thread-1] INFO  server.RaftServerConfigKeys (ConfUtils.java:logGet(46)) - raft.server.log.purge.gap = 1000000 (custom)
2023-04-21 06:18:04,154 [pool-976-thread-1] INFO  server.RaftServerConfigKeys (ConfUtils.java:logGet(46)) - raft.server.log.appender.buffer.byte-limit = 33554432 (custom)
2023-04-21 06:18:04,154 [pool-976-thread-1] INFO  server.RaftServerConfigKeys (ConfUtils.java:logGet(46)) - raft.server.log.statemachine.data.read.timeout = 1000ms (default)
2023-04-21 06:18:04,154 [pool-976-thread-1] INFO  server.RaftServerConfigKeys (ConfUtils.java:logGet(46)) - raft.server.log.purge.preservation.log.num = 0 (default)
2023-04-21 06:18:04,155 [pool-976-thread-1] INFO  server.RaftServerConfigKeys (ConfUtils.java:logGet(46)) - raft.server.log.segment.size.max = 1048576 (custom)
2023-04-21 06:18:04,155 [pool-976-thread-1] INFO  server.RaftServerConfigKeys (ConfUtils.java:logGet(46)) - raft.server.log.segment.cache.num.max = 2 (custom)
2023-04-21 06:18:04,155 [pool-976-thread-1] INFO  server.RaftServerConfigKeys (ConfUtils.java:logGet(46)) - raft.server.log.segment.cache.size.max = 200MB (=209715200) (default)
2023-04-21 06:18:04,155 [pool-976-thread-1] INFO  segmented.SegmentedRaftLogWorker (SegmentedRaftLogWorker.java:<init>(189)) - new b6e9b414-768d-4e3e-88d3-472f8ec22e92@group-45CFD87F60C3-SegmentedRaftLogWorker for RaftStorageImpl:Storage Directory /home/runner/work/ozone/ozone/hadoop-ozone/integration-test/target/test-dir/MiniOzoneClusterImpl-095cf78d-69a9-402e-99bd-cb43c7978d28/datanode-2/data/ratis/b6d2b0c0-3e46-4d29-848e-45cfd87f60c3
2023-04-21 06:18:04,155 [pool-976-thread-1] INFO  server.RaftServerConfigKeys (ConfUtils.java:logGet(46)) - raft.server.log.queue.byte-limit = 4294967296 (custom)
2023-04-21 06:18:04,155 [pool-976-thread-1] INFO  server.RaftServerConfigKeys (ConfUtils.java:logGet(46)) - raft.server.log.queue.element-limit = 1024 (custom)
2023-04-21 06:18:04,155 [pool-976-thread-1] INFO  server.RaftServerConfigKeys (ConfUtils.java:logGet(46)) - raft.server.log.segment.size.max = 1048576 (custom)
2023-04-21 06:18:04,155 [pool-976-thread-1] INFO  server.RaftServerConfigKeys (ConfUtils.java:logGet(46)) - raft.server.log.preallocated.size = 16384 (custom)
2023-04-21 06:18:04,156 [pool-976-thread-1] INFO  server.RaftServerConfigKeys (ConfUtils.java:logGet(46)) - raft.server.log.force.sync.num = 128 (default)
2023-04-21 06:18:04,156 [pool-976-thread-1] INFO  server.RaftServerConfigKeys (ConfUtils.java:logGet(46)) - raft.server.log.statemachine.data.sync = true (default)
2023-04-21 06:18:04,156 [pool-976-thread-1] INFO  server.RaftServerConfigKeys (ConfUtils.java:logGet(46)) - raft.server.log.statemachine.data.sync.timeout = 10s (default)
2023-04-21 06:18:04,156 [pool-976-thread-1] INFO  server.RaftServerConfigKeys (ConfUtils.java:logGet(46)) - raft.server.log.statemachine.data.sync.timeout.retry = -1 (default)
2023-04-21 06:18:04,157 [pool-976-thread-1] INFO  server.RaftServerConfigKeys (ConfUtils.java:logGet(46)) - raft.server.log.write.buffer.size = 1048576 (custom)
2023-04-21 06:18:04,158 [pool-976-thread-1] INFO  server.RaftServerConfigKeys (ConfUtils.java:logGet(46)) - raft.server.log.appender.buffer.byte-limit = 33554432 (custom)
2023-04-21 06:18:04,166 [pool-976-thread-1] INFO  server.RaftServerConfigKeys (ConfUtils.java:logGet(46)) - raft.server.log.unsafe-flush.enabled = false (default)
2023-04-21 06:18:04,166 [pool-976-thread-1] INFO  server.RaftServerConfigKeys (ConfUtils.java:logGet(46)) - raft.server.log.async-flush.enabled = false (default)
2023-04-21 06:18:04,166 [pool-976-thread-1] INFO  server.RaftServerConfigKeys (ConfUtils.java:logGet(46)) - raft.server.log.statemachine.data.caching.enabled = true (custom)
2023-04-21 06:18:04,166 [pool-976-thread-1] INFO  segmented.SegmentedRaftLogWorker (SegmentedRaftLogWorker.java:lambda$new$0(135)) - b6e9b414-768d-4e3e-88d3-472f8ec22e92@group-45CFD87F60C3-SegmentedRaftLogWorker: flushIndex: setUnconditionally 0 -> -1
2023-04-21 06:18:04,167 [pool-976-thread-1] INFO  segmented.SegmentedRaftLogWorker (SegmentedRaftLogWorker.java:lambda$new$0(135)) - b6e9b414-768d-4e3e-88d3-472f8ec22e92@group-45CFD87F60C3-SegmentedRaftLogWorker: safeCacheEvictIndex: setUnconditionally 0 -> -1
2023-04-21 06:18:04,167 [pool-976-thread-1] INFO  server.RaftServer$Division (RaftServerImpl.java:start(334)) - b6e9b414-768d-4e3e-88d3-472f8ec22e92@group-45CFD87F60C3: start as a follower, conf=-1: peers:[b5ed12de-f90d-40ef-a4f6-6f0ba0776d3f|rpc:10.1.0.35:37973|dataStream:10.1.0.35:44447|priority:0|startupRole:FOLLOWER, fe0baf38-ef32-47f5-977d-6484d2e153f1|rpc:10.1.0.35:37765|dataStream:10.1.0.35:35889|priority:0|startupRole:FOLLOWER, b6e9b414-768d-4e3e-88d3-472f8ec22e92|rpc:10.1.0.35:42709|dataStream:10.1.0.35:45909|priority:1|startupRole:FOLLOWER]|listeners:[], old=null
2023-04-21 06:18:04,169 [pool-976-thread-1] INFO  server.RaftServer$Division (RaftServerImpl.java:setRole(321)) - b6e9b414-768d-4e3e-88d3-472f8ec22e92@group-45CFD87F60C3: changes role from      null to FOLLOWER at term 0 for startAsFollower
2023-04-21 06:18:04,169 [pool-976-thread-1] INFO  impl.RoleInfo (RoleInfo.java:updateAndGet(139)) - b6e9b414-768d-4e3e-88d3-472f8ec22e92: start b6e9b414-768d-4e3e-88d3-472f8ec22e92@group-45CFD87F60C3-FollowerState
2023-04-21 06:18:04,169 [pool-976-thread-1] INFO  util.JmxRegister (JmxRegister.java:tryRegister(44)) - Successfully registered JMX Bean with object name Ratis:service=RaftServer,group=group-45CFD87F60C3,id=b6e9b414-768d-4e3e-88d3-472f8ec22e92
2023-04-21 06:18:04,169 [b6e9b414-768d-4e3e-88d3-472f8ec22e92@group-45CFD87F60C3-FollowerState] INFO  server.RaftServerConfigKeys (ConfUtils.java:logFallback(53)) - raft.server.rpc.first-election.timeout.min = 5s (fallback to raft.server.rpc.timeout.min)
2023-04-21 06:18:04,169 [pool-976-thread-1] INFO  server.RaftServerConfigKeys (ConfUtils.java:logGet(46)) - raft.server.snapshot.auto.trigger.enabled = true (custom)
2023-04-21 06:18:04,169 [b6e9b414-768d-4e3e-88d3-472f8ec22e92@group-45CFD87F60C3-FollowerState] INFO  server.RaftServerConfigKeys (ConfUtils.java:logFallback(53)) - raft.server.rpc.first-election.timeout.max = 5200ms (fallback to raft.server.rpc.timeout.max)
2023-04-21 06:18:04,169 [pool-976-thread-1] INFO  server.RaftServerConfigKeys (ConfUtils.java:logGet(46)) - raft.server.snapshot.auto.trigger.threshold = 10000 (custom)
2023-04-21 06:18:04,169 [pool-976-thread-1] INFO  server.RaftServerConfigKeys (ConfUtils.java:logGet(46)) - raft.server.snapshot.retention.file.num = 5 (custom)
2023-04-21 06:18:04,169 [pool-976-thread-1] INFO  server.RaftServerConfigKeys (ConfUtils.java:logGet(46)) - raft.server.log.purge.upto.snapshot.index = false (default)
2023-04-21 06:18:04,178 [Command processor thread] INFO  commandhandler.CreatePipelineCommandHandler (CreatePipelineCommandHandler.java:handle(113)) - Created Pipeline RATIS THREE PipelineID=b6d2b0c0-3e46-4d29-848e-45cfd87f60c3.
2023-04-21 06:18:04,178 [Command processor thread] INFO  server.RaftServer (RaftServerProxy.java:addNew(96)) - b5ed12de-f90d-40ef-a4f6-6f0ba0776d3f: addNew group-B7260385CADC:[b5ed12de-f90d-40ef-a4f6-6f0ba0776d3f|rpc:10.1.0.35:37973|dataStream:10.1.0.35:44447|priority:1|startupRole:FOLLOWER, fe0baf38-ef32-47f5-977d-6484d2e153f1|rpc:10.1.0.35:37765|dataStream:10.1.0.35:35889|priority:0|startupRole:FOLLOWER, b6e9b414-768d-4e3e-88d3-472f8ec22e92|rpc:10.1.0.35:42709|dataStream:10.1.0.35:45909|priority:0|startupRole:FOLLOWER] returns group-B7260385CADC:java.util.concurrent.CompletableFuture@6c94d3c3[Not completed]
2023-04-21 06:18:04,182 [pool-932-thread-1] INFO  server.RaftServer$Division (RaftServerImpl.java:<init>(195)) - b5ed12de-f90d-40ef-a4f6-6f0ba0776d3f: new RaftServerImpl for group-B7260385CADC:[b5ed12de-f90d-40ef-a4f6-6f0ba0776d3f|rpc:10.1.0.35:37973|dataStream:10.1.0.35:44447|priority:1|startupRole:FOLLOWER, fe0baf38-ef32-47f5-977d-6484d2e153f1|rpc:10.1.0.35:37765|dataStream:10.1.0.35:35889|priority:0|startupRole:FOLLOWER, b6e9b414-768d-4e3e-88d3-472f8ec22e92|rpc:10.1.0.35:42709|dataStream:10.1.0.35:45909|priority:0|startupRole:FOLLOWER] with ContainerStateMachine:uninitialized
2023-04-21 06:18:04,182 [pool-932-thread-1] INFO  server.RaftServerConfigKeys (ConfUtils.java:logGet(46)) - raft.server.rpc.timeout.min = 5s (custom)
2023-04-21 06:18:04,182 [pool-932-thread-1] INFO  server.RaftServerConfigKeys (ConfUtils.java:logGet(46)) - raft.server.rpc.timeout.max = 5200ms (custom)
2023-04-21 06:18:04,182 [pool-932-thread-1] INFO  server.RaftServerConfigKeys (ConfUtils.java:logGet(46)) - raft.server.rpc.sleep.time = 25ms (default)
2023-04-21 06:18:04,182 [pool-932-thread-1] INFO  server.RaftServerConfigKeys (ConfUtils.java:logGet(46)) - raft.server.rpc.slowness.timeout = 300s (custom)
2023-04-21 06:18:04,182 [pool-932-thread-1] INFO  server.RaftServerConfigKeys (ConfUtils.java:logGet(46)) - raft.server.leaderelection.leader.step-down.wait-time = 10s (default)
2023-04-21 06:18:04,182 [pool-932-thread-1] INFO  server.RaftServerConfigKeys (ConfUtils.java:logGet(46)) - raft.server.sleep.deviation.threshold = 300ms (default)
2023-04-21 06:18:04,182 [pool-932-thread-1] INFO  server.RaftServer$Division (ServerState.java:<init>(118)) - b5ed12de-f90d-40ef-a4f6-6f0ba0776d3f@group-B7260385CADC: ConfigurationManager, init=-1: peers:[b5ed12de-f90d-40ef-a4f6-6f0ba0776d3f|rpc:10.1.0.35:37973|dataStream:10.1.0.35:44447|priority:1|startupRole:FOLLOWER, fe0baf38-ef32-47f5-977d-6484d2e153f1|rpc:10.1.0.35:37765|dataStream:10.1.0.35:35889|priority:0|startupRole:FOLLOWER, b6e9b414-768d-4e3e-88d3-472f8ec22e92|rpc:10.1.0.35:42709|dataStream:10.1.0.35:45909|priority:0|startupRole:FOLLOWER]|listeners:[], old=null, confs=<EMPTY_MAP>
2023-04-21 06:18:04,182 [pool-932-thread-1] INFO  server.RaftServerConfigKeys (ConfUtils.java:logGet(46)) - raft.server.storage.dir = [/home/runner/work/ozone/ozone/hadoop-ozone/integration-test/target/test-dir/MiniOzoneClusterImpl-095cf78d-69a9-402e-99bd-cb43c7978d28/datanode-0/data/ratis] (custom)
2023-04-21 06:18:04,182 [pool-932-thread-1] INFO  server.RaftServerConfigKeys (ConfUtils.java:logGet(46)) - raft.server.log.corruption.policy = EXCEPTION (default)
2023-04-21 06:18:04,182 [pool-932-thread-1] INFO  server.RaftServerConfigKeys (ConfUtils.java:logGet(46)) - raft.server.storage.free-space.min = 0MB (=0) (default)
2023-04-21 06:18:04,182 [pool-932-thread-1] INFO  server.RaftServerConfigKeys (ConfUtils.java:logGet(46)) - raft.server.notification.no-leader.timeout = 300s (custom)
2023-04-21 06:18:04,182 [pool-932-thread-1] INFO  server.RaftServerConfigKeys (ConfUtils.java:logGet(46)) - raft.server.retrycache.expirytime = 600000ms (custom)
2023-04-21 06:18:04,183 [pool-932-thread-1] INFO  server.RaftServerConfigKeys (ConfUtils.java:logGet(46)) - raft.server.retrycache.statistics.expirytime = 100μs (default)
2023-04-21 06:18:04,183 [pool-932-thread-1] INFO  server.RaftServerConfigKeys (ConfUtils.java:logGet(46)) - raft.server.log.appender.install.snapshot.enabled = false (custom)
2023-04-21 06:18:04,183 [pool-932-thread-1] INFO  server.RaftServerConfigKeys (ConfUtils.java:logGet(46)) - raft.server.threadpool.server.cached = true (default)
2023-04-21 06:18:04,183 [pool-932-thread-1] INFO  server.RaftServerConfigKeys (ConfUtils.java:logGet(46)) - raft.server.threadpool.server.size = 0 (default)
2023-04-21 06:18:04,183 [pool-932-thread-1] INFO  server.RaftServerConfigKeys (ConfUtils.java:logGet(46)) - raft.server.threadpool.client.cached = true (default)
2023-04-21 06:18:04,183 [pool-932-thread-1] INFO  server.RaftServerConfigKeys (ConfUtils.java:logGet(46)) - raft.server.threadpool.client.size = 0 (default)
2023-04-21 06:18:04,183 [pool-932-thread-1] INFO  storage.RaftStorageDirectory (RaftStorageDirectoryImpl.java:analyzeStorage(137)) - The storage directory /home/runner/work/ozone/ozone/hadoop-ozone/integration-test/target/test-dir/MiniOzoneClusterImpl-095cf78d-69a9-402e-99bd-cb43c7978d28/datanode-0/data/ratis/079c5fba-b4cc-4007-98bd-b7260385cadc does not exist. Creating ...
2023-04-21 06:18:04,184 [pool-932-thread-1] INFO  storage.RaftStorageDirectory (RaftStorageDirectoryImpl.java:tryLock(231)) - Lock on /home/runner/work/ozone/ozone/hadoop-ozone/integration-test/target/test-dir/MiniOzoneClusterImpl-095cf78d-69a9-402e-99bd-cb43c7978d28/datanode-0/data/ratis/079c5fba-b4cc-4007-98bd-b7260385cadc/in_use.lock acquired by nodename 2764@fv-az205-422
2023-04-21 06:18:04,186 [pool-932-thread-1] INFO  storage.RaftStorage (RaftStorageImpl.java:format(96)) - Storage directory /home/runner/work/ozone/ozone/hadoop-ozone/integration-test/target/test-dir/MiniOzoneClusterImpl-095cf78d-69a9-402e-99bd-cb43c7978d28/datanode-0/data/ratis/079c5fba-b4cc-4007-98bd-b7260385cadc has been successfully formatted.
2023-04-21 06:18:04,186 [pool-932-thread-1] INFO  ratis.ContainerStateMachine (ContainerStateMachine.java:loadSnapshot(262)) - group-B7260385CADC: The snapshot info is null. Setting the last applied indexto:(t:0, i:~)
2023-04-21 06:18:04,186 [pool-932-thread-1] INFO  server.RaftServerConfigKeys (ConfUtils.java:logGet(46)) - raft.server.log.use.memory = false (default)
2023-04-21 06:18:04,186 [pool-932-thread-1] INFO  server.RaftServerConfigKeys (ConfUtils.java:logGet(46)) - raft.server.log.purge.gap = 1000000 (custom)
2023-04-21 06:18:04,186 [pool-932-thread-1] INFO  server.RaftServerConfigKeys (ConfUtils.java:logGet(46)) - raft.server.log.appender.buffer.byte-limit = 33554432 (custom)
2023-04-21 06:18:04,186 [pool-932-thread-1] INFO  server.RaftServerConfigKeys (ConfUtils.java:logGet(46)) - raft.server.log.statemachine.data.read.timeout = 1000ms (default)
2023-04-21 06:18:04,186 [pool-932-thread-1] INFO  server.RaftServerConfigKeys (ConfUtils.java:logGet(46)) - raft.server.log.purge.preservation.log.num = 0 (default)
2023-04-21 06:18:04,186 [pool-932-thread-1] INFO  server.RaftServerConfigKeys (ConfUtils.java:logGet(46)) - raft.server.log.segment.size.max = 1048576 (custom)
2023-04-21 06:18:04,187 [pool-932-thread-1] INFO  server.RaftServerConfigKeys (ConfUtils.java:logGet(46)) - raft.server.log.segment.cache.num.max = 2 (custom)
2023-04-21 06:18:04,187 [pool-932-thread-1] INFO  server.RaftServerConfigKeys (ConfUtils.java:logGet(46)) - raft.server.log.segment.cache.size.max = 200MB (=209715200) (default)
2023-04-21 06:18:04,187 [pool-932-thread-1] INFO  segmented.SegmentedRaftLogWorker (SegmentedRaftLogWorker.java:<init>(189)) - new b5ed12de-f90d-40ef-a4f6-6f0ba0776d3f@group-B7260385CADC-SegmentedRaftLogWorker for RaftStorageImpl:Storage Directory /home/runner/work/ozone/ozone/hadoop-ozone/integration-test/target/test-dir/MiniOzoneClusterImpl-095cf78d-69a9-402e-99bd-cb43c7978d28/datanode-0/data/ratis/079c5fba-b4cc-4007-98bd-b7260385cadc
2023-04-21 06:18:04,187 [pool-932-thread-1] INFO  server.RaftServerConfigKeys (ConfUtils.java:logGet(46)) - raft.server.log.queue.byte-limit = 4294967296 (custom)
2023-04-21 06:18:04,187 [pool-932-thread-1] INFO  server.RaftServerConfigKeys (ConfUtils.java:logGet(46)) - raft.server.log.queue.element-limit = 1024 (custom)
2023-04-21 06:18:04,187 [pool-932-thread-1] INFO  server.RaftServerConfigKeys (ConfUtils.java:logGet(46)) - raft.server.log.segment.size.max = 1048576 (custom)
2023-04-21 06:18:04,187 [pool-932-thread-1] INFO  server.RaftServerConfigKeys (ConfUtils.java:logGet(46)) - raft.server.log.preallocated.size = 16384 (custom)
2023-04-21 06:18:04,187 [pool-932-thread-1] INFO  server.RaftServerConfigKeys (ConfUtils.java:logGet(46)) - raft.server.log.force.sync.num = 128 (default)
2023-04-21 06:18:04,187 [pool-932-thread-1] INFO  server.RaftServerConfigKeys (ConfUtils.java:logGet(46)) - raft.server.log.statemachine.data.sync = true (default)
2023-04-21 06:18:04,187 [pool-932-thread-1] INFO  server.RaftServerConfigKeys (ConfUtils.java:logGet(46)) - raft.server.log.statemachine.data.sync.timeout = 10s (default)
2023-04-21 06:18:04,187 [pool-932-thread-1] INFO  server.RaftServerConfigKeys (ConfUtils.java:logGet(46)) - raft.server.log.statemachine.data.sync.timeout.retry = -1 (default)
2023-04-21 06:18:04,187 [EventQueue-OpenPipelineForHealthyPipelineSafeModeRule] INFO  safemode.SCMSafeModeManager (HealthyPipelineSafeModeRule.java:process(137)) - SCM in safe mode. Healthy pipelines reported count is 0, required healthy pipeline reported count is 1
2023-04-21 06:18:04,188 [pool-932-thread-1] INFO  server.RaftServerConfigKeys (ConfUtils.java:logGet(46)) - raft.server.log.write.buffer.size = 1048576 (custom)
2023-04-21 06:18:04,188 [pool-932-thread-1] INFO  server.RaftServerConfigKeys (ConfUtils.java:logGet(46)) - raft.server.log.appender.buffer.byte-limit = 33554432 (custom)
2023-04-21 06:18:04,194 [pool-932-thread-1] INFO  server.RaftServerConfigKeys (ConfUtils.java:logGet(46)) - raft.server.log.unsafe-flush.enabled = false (default)
2023-04-21 06:18:04,194 [pool-932-thread-1] INFO  server.RaftServerConfigKeys (ConfUtils.java:logGet(46)) - raft.server.log.async-flush.enabled = false (default)
2023-04-21 06:18:04,194 [pool-932-thread-1] INFO  server.RaftServerConfigKeys (ConfUtils.java:logGet(46)) - raft.server.log.statemachine.data.caching.enabled = true (custom)
2023-04-21 06:18:04,194 [pool-932-thread-1] INFO  segmented.SegmentedRaftLogWorker (SegmentedRaftLogWorker.java:lambda$new$0(135)) - b5ed12de-f90d-40ef-a4f6-6f0ba0776d3f@group-B7260385CADC-SegmentedRaftLogWorker: flushIndex: setUnconditionally 0 -> -1
2023-04-21 06:18:04,195 [pool-932-thread-1] INFO  segmented.SegmentedRaftLogWorker (SegmentedRaftLogWorker.java:lambda$new$0(135)) - b5ed12de-f90d-40ef-a4f6-6f0ba0776d3f@group-B7260385CADC-SegmentedRaftLogWorker: safeCacheEvictIndex: setUnconditionally 0 -> -1
2023-04-21 06:18:04,195 [pool-932-thread-1] INFO  server.RaftServer$Division (RaftServerImpl.java:start(334)) - b5ed12de-f90d-40ef-a4f6-6f0ba0776d3f@group-B7260385CADC: start as a follower, conf=-1: peers:[b5ed12de-f90d-40ef-a4f6-6f0ba0776d3f|rpc:10.1.0.35:37973|dataStream:10.1.0.35:44447|priority:1|startupRole:FOLLOWER, fe0baf38-ef32-47f5-977d-6484d2e153f1|rpc:10.1.0.35:37765|dataStream:10.1.0.35:35889|priority:0|startupRole:FOLLOWER, b6e9b414-768d-4e3e-88d3-472f8ec22e92|rpc:10.1.0.35:42709|dataStream:10.1.0.35:45909|priority:0|startupRole:FOLLOWER]|listeners:[], old=null
2023-04-21 06:18:04,195 [pool-932-thread-1] INFO  server.RaftServer$Division (RaftServerImpl.java:setRole(321)) - b5ed12de-f90d-40ef-a4f6-6f0ba0776d3f@group-B7260385CADC: changes role from      null to FOLLOWER at term 0 for startAsFollower
2023-04-21 06:18:04,195 [pool-932-thread-1] INFO  impl.RoleInfo (RoleInfo.java:updateAndGet(139)) - b5ed12de-f90d-40ef-a4f6-6f0ba0776d3f: start b5ed12de-f90d-40ef-a4f6-6f0ba0776d3f@group-B7260385CADC-FollowerState
2023-04-21 06:18:04,195 [pool-932-thread-1] INFO  util.JmxRegister (JmxRegister.java:tryRegister(44)) - Successfully registered JMX Bean with object name Ratis:service=RaftServer,group=group-B7260385CADC,id=b5ed12de-f90d-40ef-a4f6-6f0ba0776d3f
2023-04-21 06:18:04,195 [b5ed12de-f90d-40ef-a4f6-6f0ba0776d3f@group-B7260385CADC-FollowerState] INFO  server.RaftServerConfigKeys (ConfUtils.java:logFallback(53)) - raft.server.rpc.first-election.timeout.min = 5s (fallback to raft.server.rpc.timeout.min)
2023-04-21 06:18:04,195 [pool-932-thread-1] INFO  server.RaftServerConfigKeys (ConfUtils.java:logGet(46)) - raft.server.snapshot.auto.trigger.enabled = true (custom)
2023-04-21 06:18:04,195 [b5ed12de-f90d-40ef-a4f6-6f0ba0776d3f@group-B7260385CADC-FollowerState] INFO  server.RaftServerConfigKeys (ConfUtils.java:logFallback(53)) - raft.server.rpc.first-election.timeout.max = 5200ms (fallback to raft.server.rpc.timeout.max)
2023-04-21 06:18:04,195 [pool-932-thread-1] INFO  server.RaftServerConfigKeys (ConfUtils.java:logGet(46)) - raft.server.snapshot.auto.trigger.threshold = 10000 (custom)
2023-04-21 06:18:04,195 [pool-932-thread-1] INFO  server.RaftServerConfigKeys (ConfUtils.java:logGet(46)) - raft.server.snapshot.retention.file.num = 5 (custom)
2023-04-21 06:18:04,195 [pool-932-thread-1] INFO  server.RaftServerConfigKeys (ConfUtils.java:logGet(46)) - raft.server.log.purge.upto.snapshot.index = false (default)
2023-04-21 06:18:04,196 [Command processor thread] INFO  ratis.XceiverServerRatis (XceiverServerRatis.java:addGroup(806)) - Created group PipelineID=079c5fba-b4cc-4007-98bd-b7260385cadc
2023-04-21 06:18:04,205 [grpc-default-executor-0] INFO  server.RaftServer (RaftServerProxy.java:addNew(96)) - b6e9b414-768d-4e3e-88d3-472f8ec22e92: addNew group-B7260385CADC:[b5ed12de-f90d-40ef-a4f6-6f0ba0776d3f|rpc:10.1.0.35:37973|dataStream:10.1.0.35:44447|priority:1|startupRole:FOLLOWER, fe0baf38-ef32-47f5-977d-6484d2e153f1|rpc:10.1.0.35:37765|dataStream:10.1.0.35:35889|priority:0|startupRole:FOLLOWER, b6e9b414-768d-4e3e-88d3-472f8ec22e92|rpc:10.1.0.35:42709|dataStream:10.1.0.35:45909|priority:0|startupRole:FOLLOWER] returns group-B7260385CADC:java.util.concurrent.CompletableFuture@4e0ddda3[Not completed]
2023-04-21 06:18:04,206 [pool-976-thread-1] INFO  server.RaftServer$Division (RaftServerImpl.java:<init>(195)) - b6e9b414-768d-4e3e-88d3-472f8ec22e92: new RaftServerImpl for group-B7260385CADC:[b5ed12de-f90d-40ef-a4f6-6f0ba0776d3f|rpc:10.1.0.35:37973|dataStream:10.1.0.35:44447|priority:1|startupRole:FOLLOWER, fe0baf38-ef32-47f5-977d-6484d2e153f1|rpc:10.1.0.35:37765|dataStream:10.1.0.35:35889|priority:0|startupRole:FOLLOWER, b6e9b414-768d-4e3e-88d3-472f8ec22e92|rpc:10.1.0.35:42709|dataStream:10.1.0.35:45909|priority:0|startupRole:FOLLOWER] with ContainerStateMachine:uninitialized
2023-04-21 06:18:04,206 [pool-976-thread-1] INFO  server.RaftServerConfigKeys (ConfUtils.java:logGet(46)) - raft.server.rpc.timeout.min = 5s (custom)
2023-04-21 06:18:04,206 [pool-976-thread-1] INFO  server.RaftServerConfigKeys (ConfUtils.java:logGet(46)) - raft.server.rpc.timeout.max = 5200ms (custom)
2023-04-21 06:18:04,206 [pool-976-thread-1] INFO  server.RaftServerConfigKeys (ConfUtils.java:logGet(46)) - raft.server.rpc.sleep.time = 25ms (default)
2023-04-21 06:18:04,206 [pool-976-thread-1] INFO  server.RaftServerConfigKeys (ConfUtils.java:logGet(46)) - raft.server.rpc.slowness.timeout = 300s (custom)
2023-04-21 06:18:04,206 [pool-976-thread-1] INFO  server.RaftServerConfigKeys (ConfUtils.java:logGet(46)) - raft.server.leaderelection.leader.step-down.wait-time = 10s (default)
2023-04-21 06:18:04,206 [pool-976-thread-1] INFO  server.RaftServerConfigKeys (ConfUtils.java:logGet(46)) - raft.server.sleep.deviation.threshold = 300ms (default)
2023-04-21 06:18:04,206 [pool-976-thread-1] INFO  server.RaftServer$Division (ServerState.java:<init>(118)) - b6e9b414-768d-4e3e-88d3-472f8ec22e92@group-B7260385CADC: ConfigurationManager, init=-1: peers:[b5ed12de-f90d-40ef-a4f6-6f0ba0776d3f|rpc:10.1.0.35:37973|dataStream:10.1.0.35:44447|priority:1|startupRole:FOLLOWER, fe0baf38-ef32-47f5-977d-6484d2e153f1|rpc:10.1.0.35:37765|dataStream:10.1.0.35:35889|priority:0|startupRole:FOLLOWER, b6e9b414-768d-4e3e-88d3-472f8ec22e92|rpc:10.1.0.35:42709|dataStream:10.1.0.35:45909|priority:0|startupRole:FOLLOWER]|listeners:[], old=null, confs=<EMPTY_MAP>
2023-04-21 06:18:04,206 [pool-976-thread-1] INFO  server.RaftServerConfigKeys (ConfUtils.java:logGet(46)) - raft.server.storage.dir = [/home/runner/work/ozone/ozone/hadoop-ozone/integration-test/target/test-dir/MiniOzoneClusterImpl-095cf78d-69a9-402e-99bd-cb43c7978d28/datanode-2/data/ratis] (custom)
2023-04-21 06:18:04,206 [pool-976-thread-1] INFO  server.RaftServerConfigKeys (ConfUtils.java:logGet(46)) - raft.server.log.corruption.policy = EXCEPTION (default)
2023-04-21 06:18:04,206 [pool-976-thread-1] INFO  server.RaftServerConfigKeys (ConfUtils.java:logGet(46)) - raft.server.storage.free-space.min = 0MB (=0) (default)
2023-04-21 06:18:04,206 [pool-976-thread-1] INFO  server.RaftServerConfigKeys (ConfUtils.java:logGet(46)) - raft.server.notification.no-leader.timeout = 300s (custom)
2023-04-21 06:18:04,206 [pool-976-thread-1] INFO  server.RaftServerConfigKeys (ConfUtils.java:logGet(46)) - raft.server.retrycache.expirytime = 600000ms (custom)
2023-04-21 06:18:04,206 [pool-976-thread-1] INFO  server.RaftServerConfigKeys (ConfUtils.java:logGet(46)) - raft.server.retrycache.statistics.expirytime = 100μs (default)
2023-04-21 06:18:04,207 [pool-976-thread-1] INFO  server.RaftServerConfigKeys (ConfUtils.java:logGet(46)) - raft.server.log.appender.install.snapshot.enabled = false (custom)
2023-04-21 06:18:04,207 [pool-976-thread-1] INFO  server.RaftServerConfigKeys (ConfUtils.java:logGet(46)) - raft.server.threadpool.server.cached = true (default)
2023-04-21 06:18:04,207 [pool-976-thread-1] INFO  server.RaftServerConfigKeys (ConfUtils.java:logGet(46)) - raft.server.threadpool.server.size = 0 (default)
2023-04-21 06:18:04,207 [pool-976-thread-1] INFO  server.RaftServerConfigKeys (ConfUtils.java:logGet(46)) - raft.server.threadpool.client.cached = true (default)
2023-04-21 06:18:04,207 [pool-976-thread-1] INFO  server.RaftServerConfigKeys (ConfUtils.java:logGet(46)) - raft.server.threadpool.client.size = 0 (default)
2023-04-21 06:18:04,207 [pool-976-thread-1] INFO  storage.RaftStorageDirectory (RaftStorageDirectoryImpl.java:analyzeStorage(137)) - The storage directory /home/runner/work/ozone/ozone/hadoop-ozone/integration-test/target/test-dir/MiniOzoneClusterImpl-095cf78d-69a9-402e-99bd-cb43c7978d28/datanode-2/data/ratis/079c5fba-b4cc-4007-98bd-b7260385cadc does not exist. Creating ...
2023-04-21 06:18:04,208 [pool-976-thread-1] INFO  storage.RaftStorageDirectory (RaftStorageDirectoryImpl.java:tryLock(231)) - Lock on /home/runner/work/ozone/ozone/hadoop-ozone/integration-test/target/test-dir/MiniOzoneClusterImpl-095cf78d-69a9-402e-99bd-cb43c7978d28/datanode-2/data/ratis/079c5fba-b4cc-4007-98bd-b7260385cadc/in_use.lock acquired by nodename 2764@fv-az205-422
2023-04-21 06:18:04,209 [pool-976-thread-1] INFO  storage.RaftStorage (RaftStorageImpl.java:format(96)) - Storage directory /home/runner/work/ozone/ozone/hadoop-ozone/integration-test/target/test-dir/MiniOzoneClusterImpl-095cf78d-69a9-402e-99bd-cb43c7978d28/datanode-2/data/ratis/079c5fba-b4cc-4007-98bd-b7260385cadc has been successfully formatted.
2023-04-21 06:18:04,210 [pool-976-thread-1] INFO  ratis.ContainerStateMachine (ContainerStateMachine.java:loadSnapshot(262)) - group-B7260385CADC: The snapshot info is null. Setting the last applied indexto:(t:0, i:~)
2023-04-21 06:18:04,210 [pool-976-thread-1] INFO  server.RaftServerConfigKeys (ConfUtils.java:logGet(46)) - raft.server.log.use.memory = false (default)
2023-04-21 06:18:04,210 [pool-976-thread-1] INFO  server.RaftServerConfigKeys (ConfUtils.java:logGet(46)) - raft.server.log.purge.gap = 1000000 (custom)
2023-04-21 06:18:04,210 [pool-976-thread-1] INFO  server.RaftServerConfigKeys (ConfUtils.java:logGet(46)) - raft.server.log.appender.buffer.byte-limit = 33554432 (custom)
2023-04-21 06:18:04,210 [pool-976-thread-1] INFO  server.RaftServerConfigKeys (ConfUtils.java:logGet(46)) - raft.server.log.statemachine.data.read.timeout = 1000ms (default)
2023-04-21 06:18:04,210 [pool-976-thread-1] INFO  server.RaftServerConfigKeys (ConfUtils.java:logGet(46)) - raft.server.log.purge.preservation.log.num = 0 (default)
2023-04-21 06:18:04,210 [pool-976-thread-1] INFO  server.RaftServerConfigKeys (ConfUtils.java:logGet(46)) - raft.server.log.segment.size.max = 1048576 (custom)
2023-04-21 06:18:04,211 [pool-976-thread-1] INFO  server.RaftServerConfigKeys (ConfUtils.java:logGet(46)) - raft.server.log.segment.cache.num.max = 2 (custom)
2023-04-21 06:18:04,211 [pool-976-thread-1] INFO  server.RaftServerConfigKeys (ConfUtils.java:logGet(46)) - raft.server.log.segment.cache.size.max = 200MB (=209715200) (default)
2023-04-21 06:18:04,211 [pool-976-thread-1] INFO  segmented.SegmentedRaftLogWorker (SegmentedRaftLogWorker.java:<init>(189)) - new b6e9b414-768d-4e3e-88d3-472f8ec22e92@group-B7260385CADC-SegmentedRaftLogWorker for RaftStorageImpl:Storage Directory /home/runner/work/ozone/ozone/hadoop-ozone/integration-test/target/test-dir/MiniOzoneClusterImpl-095cf78d-69a9-402e-99bd-cb43c7978d28/datanode-2/data/ratis/079c5fba-b4cc-4007-98bd-b7260385cadc
2023-04-21 06:18:04,211 [pool-976-thread-1] INFO  server.RaftServerConfigKeys (ConfUtils.java:logGet(46)) - raft.server.log.queue.byte-limit = 4294967296 (custom)
2023-04-21 06:18:04,211 [pool-976-thread-1] INFO  server.RaftServerConfigKeys (ConfUtils.java:logGet(46)) - raft.server.log.queue.element-limit = 1024 (custom)
2023-04-21 06:18:04,211 [pool-976-thread-1] INFO  server.RaftServerConfigKeys (ConfUtils.java:logGet(46)) - raft.server.log.segment.size.max = 1048576 (custom)
2023-04-21 06:18:04,211 [pool-976-thread-1] INFO  server.RaftServerConfigKeys (ConfUtils.java:logGet(46)) - raft.server.log.preallocated.size = 16384 (custom)
2023-04-21 06:18:04,211 [pool-976-thread-1] INFO  server.RaftServerConfigKeys (ConfUtils.java:logGet(46)) - raft.server.log.force.sync.num = 128 (default)
2023-04-21 06:18:04,211 [pool-976-thread-1] INFO  server.RaftServerConfigKeys (ConfUtils.java:logGet(46)) - raft.server.log.statemachine.data.sync = true (default)
2023-04-21 06:18:04,211 [pool-976-thread-1] INFO  server.RaftServerConfigKeys (ConfUtils.java:logGet(46)) - raft.server.log.statemachine.data.sync.timeout = 10s (default)
2023-04-21 06:18:04,211 [pool-976-thread-1] INFO  server.RaftServerConfigKeys (ConfUtils.java:logGet(46)) - raft.server.log.statemachine.data.sync.timeout.retry = -1 (default)
2023-04-21 06:18:04,212 [pool-976-thread-1] INFO  server.RaftServerConfigKeys (ConfUtils.java:logGet(46)) - raft.server.log.write.buffer.size = 1048576 (custom)
2023-04-21 06:18:04,213 [pool-976-thread-1] INFO  server.RaftServerConfigKeys (ConfUtils.java:logGet(46)) - raft.server.log.appender.buffer.byte-limit = 33554432 (custom)
2023-04-21 06:18:04,217 [pool-976-thread-1] INFO  server.RaftServerConfigKeys (ConfUtils.java:logGet(46)) - raft.server.log.unsafe-flush.enabled = false (default)
2023-04-21 06:18:04,217 [pool-976-thread-1] INFO  server.RaftServerConfigKeys (ConfUtils.java:logGet(46)) - raft.server.log.async-flush.enabled = false (default)
2023-04-21 06:18:04,217 [pool-976-thread-1] INFO  server.RaftServerConfigKeys (ConfUtils.java:logGet(46)) - raft.server.log.statemachine.data.caching.enabled = true (custom)
2023-04-21 06:18:04,218 [pool-976-thread-1] INFO  segmented.SegmentedRaftLogWorker (SegmentedRaftLogWorker.java:lambda$new$0(135)) - b6e9b414-768d-4e3e-88d3-472f8ec22e92@group-B7260385CADC-SegmentedRaftLogWorker: flushIndex: setUnconditionally 0 -> -1
2023-04-21 06:18:04,218 [pool-976-thread-1] INFO  segmented.SegmentedRaftLogWorker (SegmentedRaftLogWorker.java:lambda$new$0(135)) - b6e9b414-768d-4e3e-88d3-472f8ec22e92@group-B7260385CADC-SegmentedRaftLogWorker: safeCacheEvictIndex: setUnconditionally 0 -> -1
2023-04-21 06:18:04,218 [pool-976-thread-1] INFO  server.RaftServer$Division (RaftServerImpl.java:start(334)) - b6e9b414-768d-4e3e-88d3-472f8ec22e92@group-B7260385CADC: start as a follower, conf=-1: peers:[b5ed12de-f90d-40ef-a4f6-6f0ba0776d3f|rpc:10.1.0.35:37973|dataStream:10.1.0.35:44447|priority:1|startupRole:FOLLOWER, fe0baf38-ef32-47f5-977d-6484d2e153f1|rpc:10.1.0.35:37765|dataStream:10.1.0.35:35889|priority:0|startupRole:FOLLOWER, b6e9b414-768d-4e3e-88d3-472f8ec22e92|rpc:10.1.0.35:42709|dataStream:10.1.0.35:45909|priority:0|startupRole:FOLLOWER]|listeners:[], old=null
2023-04-21 06:18:04,218 [pool-976-thread-1] INFO  server.RaftServer$Division (RaftServerImpl.java:setRole(321)) - b6e9b414-768d-4e3e-88d3-472f8ec22e92@group-B7260385CADC: changes role from      null to FOLLOWER at term 0 for startAsFollower
2023-04-21 06:18:04,218 [pool-976-thread-1] INFO  impl.RoleInfo (RoleInfo.java:updateAndGet(139)) - b6e9b414-768d-4e3e-88d3-472f8ec22e92: start b6e9b414-768d-4e3e-88d3-472f8ec22e92@group-B7260385CADC-FollowerState
2023-04-21 06:18:04,222 [pool-976-thread-1] INFO  util.JmxRegister (JmxRegister.java:tryRegister(44)) - Successfully registered JMX Bean with object name Ratis:service=RaftServer,group=group-B7260385CADC,id=b6e9b414-768d-4e3e-88d3-472f8ec22e92
2023-04-21 06:18:04,222 [pool-976-thread-1] INFO  server.RaftServerConfigKeys (ConfUtils.java:logGet(46)) - raft.server.snapshot.auto.trigger.enabled = true (custom)
2023-04-21 06:18:04,222 [pool-976-thread-1] INFO  server.RaftServerConfigKeys (ConfUtils.java:logGet(46)) - raft.server.snapshot.auto.trigger.threshold = 10000 (custom)
2023-04-21 06:18:04,222 [pool-976-thread-1] INFO  server.RaftServerConfigKeys (ConfUtils.java:logGet(46)) - raft.server.snapshot.retention.file.num = 5 (custom)
2023-04-21 06:18:04,222 [pool-976-thread-1] INFO  server.RaftServerConfigKeys (ConfUtils.java:logGet(46)) - raft.server.log.purge.upto.snapshot.index = false (default)
2023-04-21 06:18:04,222 [b6e9b414-768d-4e3e-88d3-472f8ec22e92@group-B7260385CADC-FollowerState] INFO  server.RaftServerConfigKeys (ConfUtils.java:logFallback(53)) - raft.server.rpc.first-election.timeout.min = 5s (fallback to raft.server.rpc.timeout.min)
2023-04-21 06:18:04,222 [b6e9b414-768d-4e3e-88d3-472f8ec22e92@group-B7260385CADC-FollowerState] INFO  server.RaftServerConfigKeys (ConfUtils.java:logFallback(53)) - raft.server.rpc.first-election.timeout.max = 5200ms (fallback to raft.server.rpc.timeout.max)
2023-04-21 06:18:04,236 [grpc-default-executor-0] INFO  server.RaftServer (RaftServerProxy.java:addNew(96)) - fe0baf38-ef32-47f5-977d-6484d2e153f1: addNew group-B7260385CADC:[b5ed12de-f90d-40ef-a4f6-6f0ba0776d3f|rpc:10.1.0.35:37973|dataStream:10.1.0.35:44447|priority:1|startupRole:FOLLOWER, fe0baf38-ef32-47f5-977d-6484d2e153f1|rpc:10.1.0.35:37765|dataStream:10.1.0.35:35889|priority:0|startupRole:FOLLOWER, b6e9b414-768d-4e3e-88d3-472f8ec22e92|rpc:10.1.0.35:42709|dataStream:10.1.0.35:45909|priority:0|startupRole:FOLLOWER] returns group-B7260385CADC:java.util.concurrent.CompletableFuture@3a60723f[Not completed]
2023-04-21 06:18:04,237 [pool-954-thread-1] INFO  server.RaftServer$Division (RaftServerImpl.java:<init>(195)) - fe0baf38-ef32-47f5-977d-6484d2e153f1: new RaftServerImpl for group-B7260385CADC:[b5ed12de-f90d-40ef-a4f6-6f0ba0776d3f|rpc:10.1.0.35:37973|dataStream:10.1.0.35:44447|priority:1|startupRole:FOLLOWER, fe0baf38-ef32-47f5-977d-6484d2e153f1|rpc:10.1.0.35:37765|dataStream:10.1.0.35:35889|priority:0|startupRole:FOLLOWER, b6e9b414-768d-4e3e-88d3-472f8ec22e92|rpc:10.1.0.35:42709|dataStream:10.1.0.35:45909|priority:0|startupRole:FOLLOWER] with ContainerStateMachine:uninitialized
2023-04-21 06:18:04,237 [pool-954-thread-1] INFO  server.RaftServerConfigKeys (ConfUtils.java:logGet(46)) - raft.server.rpc.timeout.min = 5s (custom)
2023-04-21 06:18:04,237 [pool-954-thread-1] INFO  server.RaftServerConfigKeys (ConfUtils.java:logGet(46)) - raft.server.rpc.timeout.max = 5200ms (custom)
2023-04-21 06:18:04,237 [pool-954-thread-1] INFO  server.RaftServerConfigKeys (ConfUtils.java:logGet(46)) - raft.server.rpc.sleep.time = 25ms (default)
2023-04-21 06:18:04,237 [pool-954-thread-1] INFO  server.RaftServerConfigKeys (ConfUtils.java:logGet(46)) - raft.server.rpc.slowness.timeout = 300s (custom)
2023-04-21 06:18:04,237 [pool-954-thread-1] INFO  server.RaftServerConfigKeys (ConfUtils.java:logGet(46)) - raft.server.leaderelection.leader.step-down.wait-time = 10s (default)
2023-04-21 06:18:04,237 [pool-954-thread-1] INFO  server.RaftServerConfigKeys (ConfUtils.java:logGet(46)) - raft.server.sleep.deviation.threshold = 300ms (default)
2023-04-21 06:18:04,237 [pool-954-thread-1] INFO  server.RaftServer$Division (ServerState.java:<init>(118)) - fe0baf38-ef32-47f5-977d-6484d2e153f1@group-B7260385CADC: ConfigurationManager, init=-1: peers:[b5ed12de-f90d-40ef-a4f6-6f0ba0776d3f|rpc:10.1.0.35:37973|dataStream:10.1.0.35:44447|priority:1|startupRole:FOLLOWER, fe0baf38-ef32-47f5-977d-6484d2e153f1|rpc:10.1.0.35:37765|dataStream:10.1.0.35:35889|priority:0|startupRole:FOLLOWER, b6e9b414-768d-4e3e-88d3-472f8ec22e92|rpc:10.1.0.35:42709|dataStream:10.1.0.35:45909|priority:0|startupRole:FOLLOWER]|listeners:[], old=null, confs=<EMPTY_MAP>
2023-04-21 06:18:04,237 [pool-954-thread-1] INFO  server.RaftServerConfigKeys (ConfUtils.java:logGet(46)) - raft.server.storage.dir = [/home/runner/work/ozone/ozone/hadoop-ozone/integration-test/target/test-dir/MiniOzoneClusterImpl-095cf78d-69a9-402e-99bd-cb43c7978d28/datanode-1/data/ratis] (custom)
2023-04-21 06:18:04,237 [pool-954-thread-1] INFO  server.RaftServerConfigKeys (ConfUtils.java:logGet(46)) - raft.server.log.corruption.policy = EXCEPTION (default)
2023-04-21 06:18:04,237 [pool-954-thread-1] INFO  server.RaftServerConfigKeys (ConfUtils.java:logGet(46)) - raft.server.storage.free-space.min = 0MB (=0) (default)
2023-04-21 06:18:04,237 [pool-954-thread-1] INFO  server.RaftServerConfigKeys (ConfUtils.java:logGet(46)) - raft.server.notification.no-leader.timeout = 300s (custom)
2023-04-21 06:18:04,237 [pool-954-thread-1] INFO  server.RaftServerConfigKeys (ConfUtils.java:logGet(46)) - raft.server.retrycache.expirytime = 600000ms (custom)
2023-04-21 06:18:04,237 [pool-954-thread-1] INFO  server.RaftServerConfigKeys (ConfUtils.java:logGet(46)) - raft.server.retrycache.statistics.expirytime = 100μs (default)
2023-04-21 06:18:04,238 [pool-954-thread-1] INFO  server.RaftServerConfigKeys (ConfUtils.java:logGet(46)) - raft.server.log.appender.install.snapshot.enabled = false (custom)
2023-04-21 06:18:04,238 [pool-954-thread-1] INFO  server.RaftServerConfigKeys (ConfUtils.java:logGet(46)) - raft.server.threadpool.server.cached = true (default)
2023-04-21 06:18:04,238 [pool-954-thread-1] INFO  server.RaftServerConfigKeys (ConfUtils.java:logGet(46)) - raft.server.threadpool.server.size = 0 (default)
2023-04-21 06:18:04,238 [pool-954-thread-1] INFO  server.RaftServerConfigKeys (ConfUtils.java:logGet(46)) - raft.server.threadpool.client.cached = true (default)
2023-04-21 06:18:04,238 [pool-954-thread-1] INFO  server.RaftServerConfigKeys (ConfUtils.java:logGet(46)) - raft.server.threadpool.client.size = 0 (default)
2023-04-21 06:18:04,238 [pool-954-thread-1] INFO  storage.RaftStorageDirectory (RaftStorageDirectoryImpl.java:analyzeStorage(137)) - The storage directory /home/runner/work/ozone/ozone/hadoop-ozone/integration-test/target/test-dir/MiniOzoneClusterImpl-095cf78d-69a9-402e-99bd-cb43c7978d28/datanode-1/data/ratis/079c5fba-b4cc-4007-98bd-b7260385cadc does not exist. Creating ...
2023-04-21 06:18:04,239 [pool-954-thread-1] INFO  storage.RaftStorageDirectory (RaftStorageDirectoryImpl.java:tryLock(231)) - Lock on /home/runner/work/ozone/ozone/hadoop-ozone/integration-test/target/test-dir/MiniOzoneClusterImpl-095cf78d-69a9-402e-99bd-cb43c7978d28/datanode-1/data/ratis/079c5fba-b4cc-4007-98bd-b7260385cadc/in_use.lock acquired by nodename 2764@fv-az205-422
2023-04-21 06:18:04,240 [pool-954-thread-1] INFO  storage.RaftStorage (RaftStorageImpl.java:format(96)) - Storage directory /home/runner/work/ozone/ozone/hadoop-ozone/integration-test/target/test-dir/MiniOzoneClusterImpl-095cf78d-69a9-402e-99bd-cb43c7978d28/datanode-1/data/ratis/079c5fba-b4cc-4007-98bd-b7260385cadc has been successfully formatted.
2023-04-21 06:18:04,243 [pool-954-thread-1] INFO  ratis.ContainerStateMachine (ContainerStateMachine.java:loadSnapshot(262)) - group-B7260385CADC: The snapshot info is null. Setting the last applied indexto:(t:0, i:~)
2023-04-21 06:18:04,243 [pool-954-thread-1] INFO  server.RaftServerConfigKeys (ConfUtils.java:logGet(46)) - raft.server.log.use.memory = false (default)
2023-04-21 06:18:04,243 [pool-954-thread-1] INFO  server.RaftServerConfigKeys (ConfUtils.java:logGet(46)) - raft.server.log.purge.gap = 1000000 (custom)
2023-04-21 06:18:04,243 [pool-954-thread-1] INFO  server.RaftServerConfigKeys (ConfUtils.java:logGet(46)) - raft.server.log.appender.buffer.byte-limit = 33554432 (custom)
2023-04-21 06:18:04,243 [pool-954-thread-1] INFO  server.RaftServerConfigKeys (ConfUtils.java:logGet(46)) - raft.server.log.statemachine.data.read.timeout = 1000ms (default)
2023-04-21 06:18:04,243 [pool-954-thread-1] INFO  server.RaftServerConfigKeys (ConfUtils.java:logGet(46)) - raft.server.log.purge.preservation.log.num = 0 (default)
2023-04-21 06:18:04,243 [pool-954-thread-1] INFO  server.RaftServerConfigKeys (ConfUtils.java:logGet(46)) - raft.server.log.segment.size.max = 1048576 (custom)
2023-04-21 06:18:04,244 [pool-954-thread-1] INFO  server.RaftServerConfigKeys (ConfUtils.java:logGet(46)) - raft.server.log.segment.cache.num.max = 2 (custom)
2023-04-21 06:18:04,244 [pool-954-thread-1] INFO  server.RaftServerConfigKeys (ConfUtils.java:logGet(46)) - raft.server.log.segment.cache.size.max = 200MB (=209715200) (default)
2023-04-21 06:18:04,244 [pool-954-thread-1] INFO  segmented.SegmentedRaftLogWorker (SegmentedRaftLogWorker.java:<init>(189)) - new fe0baf38-ef32-47f5-977d-6484d2e153f1@group-B7260385CADC-SegmentedRaftLogWorker for RaftStorageImpl:Storage Directory /home/runner/work/ozone/ozone/hadoop-ozone/integration-test/target/test-dir/MiniOzoneClusterImpl-095cf78d-69a9-402e-99bd-cb43c7978d28/datanode-1/data/ratis/079c5fba-b4cc-4007-98bd-b7260385cadc
2023-04-21 06:18:04,244 [pool-954-thread-1] INFO  server.RaftServerConfigKeys (ConfUtils.java:logGet(46)) - raft.server.log.queue.byte-limit = 4294967296 (custom)
2023-04-21 06:18:04,244 [pool-954-thread-1] INFO  server.RaftServerConfigKeys (ConfUtils.java:logGet(46)) - raft.server.log.queue.element-limit = 1024 (custom)
2023-04-21 06:18:04,244 [pool-954-thread-1] INFO  server.RaftServerConfigKeys (ConfUtils.java:logGet(46)) - raft.server.log.segment.size.max = 1048576 (custom)
2023-04-21 06:18:04,244 [pool-954-thread-1] INFO  server.RaftServerConfigKeys (ConfUtils.java:logGet(46)) - raft.server.log.preallocated.size = 16384 (custom)
2023-04-21 06:18:04,244 [pool-954-thread-1] INFO  server.RaftServerConfigKeys (ConfUtils.java:logGet(46)) - raft.server.log.force.sync.num = 128 (default)
2023-04-21 06:18:04,244 [pool-954-thread-1] INFO  server.RaftServerConfigKeys (ConfUtils.java:logGet(46)) - raft.server.log.statemachine.data.sync = true (default)
2023-04-21 06:18:04,244 [pool-954-thread-1] INFO  server.RaftServerConfigKeys (ConfUtils.java:logGet(46)) - raft.server.log.statemachine.data.sync.timeout = 10s (default)
2023-04-21 06:18:04,244 [pool-954-thread-1] INFO  server.RaftServerConfigKeys (ConfUtils.java:logGet(46)) - raft.server.log.statemachine.data.sync.timeout.retry = -1 (default)
2023-04-21 06:18:04,245 [pool-954-thread-1] INFO  server.RaftServerConfigKeys (ConfUtils.java:logGet(46)) - raft.server.log.write.buffer.size = 1048576 (custom)
2023-04-21 06:18:04,245 [pool-954-thread-1] INFO  server.RaftServerConfigKeys (ConfUtils.java:logGet(46)) - raft.server.log.appender.buffer.byte-limit = 33554432 (custom)
2023-04-21 06:18:04,250 [pool-954-thread-1] INFO  server.RaftServerConfigKeys (ConfUtils.java:logGet(46)) - raft.server.log.unsafe-flush.enabled = false (default)
2023-04-21 06:18:04,250 [pool-954-thread-1] INFO  server.RaftServerConfigKeys (ConfUtils.java:logGet(46)) - raft.server.log.async-flush.enabled = false (default)
2023-04-21 06:18:04,250 [pool-954-thread-1] INFO  server.RaftServerConfigKeys (ConfUtils.java:logGet(46)) - raft.server.log.statemachine.data.caching.enabled = true (custom)
2023-04-21 06:18:04,250 [pool-954-thread-1] INFO  segmented.SegmentedRaftLogWorker (SegmentedRaftLogWorker.java:lambda$new$0(135)) - fe0baf38-ef32-47f5-977d-6484d2e153f1@group-B7260385CADC-SegmentedRaftLogWorker: flushIndex: setUnconditionally 0 -> -1
2023-04-21 06:18:04,250 [pool-954-thread-1] INFO  segmented.SegmentedRaftLogWorker (SegmentedRaftLogWorker.java:lambda$new$0(135)) - fe0baf38-ef32-47f5-977d-6484d2e153f1@group-B7260385CADC-SegmentedRaftLogWorker: safeCacheEvictIndex: setUnconditionally 0 -> -1
2023-04-21 06:18:04,250 [pool-954-thread-1] INFO  server.RaftServer$Division (RaftServerImpl.java:start(334)) - fe0baf38-ef32-47f5-977d-6484d2e153f1@group-B7260385CADC: start as a follower, conf=-1: peers:[b5ed12de-f90d-40ef-a4f6-6f0ba0776d3f|rpc:10.1.0.35:37973|dataStream:10.1.0.35:44447|priority:1|startupRole:FOLLOWER, fe0baf38-ef32-47f5-977d-6484d2e153f1|rpc:10.1.0.35:37765|dataStream:10.1.0.35:35889|priority:0|startupRole:FOLLOWER, b6e9b414-768d-4e3e-88d3-472f8ec22e92|rpc:10.1.0.35:42709|dataStream:10.1.0.35:45909|priority:0|startupRole:FOLLOWER]|listeners:[], old=null
2023-04-21 06:18:04,250 [pool-954-thread-1] INFO  server.RaftServer$Division (RaftServerImpl.java:setRole(321)) - fe0baf38-ef32-47f5-977d-6484d2e153f1@group-B7260385CADC: changes role from      null to FOLLOWER at term 0 for startAsFollower
2023-04-21 06:18:04,250 [pool-954-thread-1] INFO  impl.RoleInfo (RoleInfo.java:updateAndGet(139)) - fe0baf38-ef32-47f5-977d-6484d2e153f1: start fe0baf38-ef32-47f5-977d-6484d2e153f1@group-B7260385CADC-FollowerState
2023-04-21 06:18:04,253 [pool-954-thread-1] INFO  util.JmxRegister (JmxRegister.java:tryRegister(44)) - Successfully registered JMX Bean with object name Ratis:service=RaftServer,group=group-B7260385CADC,id=fe0baf38-ef32-47f5-977d-6484d2e153f1
2023-04-21 06:18:04,253 [pool-954-thread-1] INFO  server.RaftServerConfigKeys (ConfUtils.java:logGet(46)) - raft.server.snapshot.auto.trigger.enabled = true (custom)
2023-04-21 06:18:04,253 [pool-954-thread-1] INFO  server.RaftServerConfigKeys (ConfUtils.java:logGet(46)) - raft.server.snapshot.auto.trigger.threshold = 10000 (custom)
2023-04-21 06:18:04,253 [pool-954-thread-1] INFO  server.RaftServerConfigKeys (ConfUtils.java:logGet(46)) - raft.server.snapshot.retention.file.num = 5 (custom)
2023-04-21 06:18:04,254 [pool-954-thread-1] INFO  server.RaftServerConfigKeys (ConfUtils.java:logGet(46)) - raft.server.log.purge.upto.snapshot.index = false (default)
2023-04-21 06:18:04,254 [fe0baf38-ef32-47f5-977d-6484d2e153f1@group-B7260385CADC-FollowerState] INFO  server.RaftServerConfigKeys (ConfUtils.java:logFallback(53)) - raft.server.rpc.first-election.timeout.min = 5s (fallback to raft.server.rpc.timeout.min)
2023-04-21 06:18:04,254 [fe0baf38-ef32-47f5-977d-6484d2e153f1@group-B7260385CADC-FollowerState] INFO  server.RaftServerConfigKeys (ConfUtils.java:logFallback(53)) - raft.server.rpc.first-election.timeout.max = 5200ms (fallback to raft.server.rpc.timeout.max)
2023-04-21 06:18:04,272 [Command processor thread] INFO  commandhandler.CreatePipelineCommandHandler (CreatePipelineCommandHandler.java:handle(113)) - Created Pipeline RATIS THREE PipelineID=079c5fba-b4cc-4007-98bd-b7260385cadc.
2023-04-21 06:18:04,342 [Command processor thread] INFO  server.RaftServer (RaftServerProxy.java:addNew(96)) - fe0baf38-ef32-47f5-977d-6484d2e153f1: addNew group-EAB1EC84FDEC:[fe0baf38-ef32-47f5-977d-6484d2e153f1|rpc:10.1.0.35:37765|dataStream:10.1.0.35:35889|priority:1|startupRole:FOLLOWER] returns group-EAB1EC84FDEC:java.util.concurrent.CompletableFuture@718f3f44[Not completed]
2023-04-21 06:18:04,343 [pool-954-thread-1] INFO  server.RaftServer$Division (RaftServerImpl.java:<init>(195)) - fe0baf38-ef32-47f5-977d-6484d2e153f1: new RaftServerImpl for group-EAB1EC84FDEC:[fe0baf38-ef32-47f5-977d-6484d2e153f1|rpc:10.1.0.35:37765|dataStream:10.1.0.35:35889|priority:1|startupRole:FOLLOWER] with ContainerStateMachine:uninitialized
2023-04-21 06:18:04,343 [pool-954-thread-1] INFO  server.RaftServerConfigKeys (ConfUtils.java:logGet(46)) - raft.server.rpc.timeout.min = 5s (custom)
2023-04-21 06:18:04,343 [pool-954-thread-1] INFO  server.RaftServerConfigKeys (ConfUtils.java:logGet(46)) - raft.server.rpc.timeout.max = 5200ms (custom)
2023-04-21 06:18:04,343 [pool-954-thread-1] INFO  server.RaftServerConfigKeys (ConfUtils.java:logGet(46)) - raft.server.rpc.sleep.time = 25ms (default)
2023-04-21 06:18:04,343 [pool-954-thread-1] INFO  server.RaftServerConfigKeys (ConfUtils.java:logGet(46)) - raft.server.rpc.slowness.timeout = 300s (custom)
2023-04-21 06:18:04,343 [pool-954-thread-1] INFO  server.RaftServerConfigKeys (ConfUtils.java:logGet(46)) - raft.server.leaderelection.leader.step-down.wait-time = 10s (default)
2023-04-21 06:18:04,343 [pool-954-thread-1] INFO  server.RaftServerConfigKeys (ConfUtils.java:logGet(46)) - raft.server.sleep.deviation.threshold = 300ms (default)
2023-04-21 06:18:04,343 [pool-954-thread-1] INFO  server.RaftServer$Division (ServerState.java:<init>(118)) - fe0baf38-ef32-47f5-977d-6484d2e153f1@group-EAB1EC84FDEC: ConfigurationManager, init=-1: peers:[fe0baf38-ef32-47f5-977d-6484d2e153f1|rpc:10.1.0.35:37765|dataStream:10.1.0.35:35889|priority:1|startupRole:FOLLOWER]|listeners:[], old=null, confs=<EMPTY_MAP>
2023-04-21 06:18:04,344 [pool-954-thread-1] INFO  server.RaftServerConfigKeys (ConfUtils.java:logGet(46)) - raft.server.storage.dir = [/home/runner/work/ozone/ozone/hadoop-ozone/integration-test/target/test-dir/MiniOzoneClusterImpl-095cf78d-69a9-402e-99bd-cb43c7978d28/datanode-1/data/ratis] (custom)
2023-04-21 06:18:04,344 [pool-954-thread-1] INFO  server.RaftServerConfigKeys (ConfUtils.java:logGet(46)) - raft.server.log.corruption.policy = EXCEPTION (default)
2023-04-21 06:18:04,344 [pool-954-thread-1] INFO  server.RaftServerConfigKeys (ConfUtils.java:logGet(46)) - raft.server.storage.free-space.min = 0MB (=0) (default)
2023-04-21 06:18:04,344 [pool-954-thread-1] INFO  server.RaftServerConfigKeys (ConfUtils.java:logGet(46)) - raft.server.notification.no-leader.timeout = 300s (custom)
2023-04-21 06:18:04,344 [pool-954-thread-1] INFO  server.RaftServerConfigKeys (ConfUtils.java:logGet(46)) - raft.server.retrycache.expirytime = 600000ms (custom)
2023-04-21 06:18:04,344 [pool-954-thread-1] INFO  server.RaftServerConfigKeys (ConfUtils.java:logGet(46)) - raft.server.retrycache.statistics.expirytime = 100μs (default)
2023-04-21 06:18:04,344 [pool-954-thread-1] INFO  server.RaftServerConfigKeys (ConfUtils.java:logGet(46)) - raft.server.log.appender.install.snapshot.enabled = false (custom)
2023-04-21 06:18:04,344 [pool-954-thread-1] INFO  server.RaftServerConfigKeys (ConfUtils.java:logGet(46)) - raft.server.threadpool.server.cached = true (default)
2023-04-21 06:18:04,345 [pool-954-thread-1] INFO  server.RaftServerConfigKeys (ConfUtils.java:logGet(46)) - raft.server.threadpool.server.size = 0 (default)
2023-04-21 06:18:04,345 [pool-954-thread-1] INFO  server.RaftServerConfigKeys (ConfUtils.java:logGet(46)) - raft.server.threadpool.client.cached = true (default)
2023-04-21 06:18:04,345 [pool-954-thread-1] INFO  server.RaftServerConfigKeys (ConfUtils.java:logGet(46)) - raft.server.threadpool.client.size = 0 (default)
2023-04-21 06:18:04,345 [pool-954-thread-1] INFO  storage.RaftStorageDirectory (RaftStorageDirectoryImpl.java:analyzeStorage(137)) - The storage directory /home/runner/work/ozone/ozone/hadoop-ozone/integration-test/target/test-dir/MiniOzoneClusterImpl-095cf78d-69a9-402e-99bd-cb43c7978d28/datanode-1/data/ratis/7efd173b-4212-4c57-a909-eab1ec84fdec does not exist. Creating ...
2023-04-21 06:18:04,347 [pool-954-thread-1] INFO  storage.RaftStorageDirectory (RaftStorageDirectoryImpl.java:tryLock(231)) - Lock on /home/runner/work/ozone/ozone/hadoop-ozone/integration-test/target/test-dir/MiniOzoneClusterImpl-095cf78d-69a9-402e-99bd-cb43c7978d28/datanode-1/data/ratis/7efd173b-4212-4c57-a909-eab1ec84fdec/in_use.lock acquired by nodename 2764@fv-az205-422
2023-04-21 06:18:04,348 [pool-954-thread-1] INFO  storage.RaftStorage (RaftStorageImpl.java:format(96)) - Storage directory /home/runner/work/ozone/ozone/hadoop-ozone/integration-test/target/test-dir/MiniOzoneClusterImpl-095cf78d-69a9-402e-99bd-cb43c7978d28/datanode-1/data/ratis/7efd173b-4212-4c57-a909-eab1ec84fdec has been successfully formatted.
2023-04-21 06:18:04,350 [pool-954-thread-1] INFO  ratis.ContainerStateMachine (ContainerStateMachine.java:loadSnapshot(262)) - group-EAB1EC84FDEC: The snapshot info is null. Setting the last applied indexto:(t:0, i:~)
2023-04-21 06:18:04,350 [pool-954-thread-1] INFO  server.RaftServerConfigKeys (ConfUtils.java:logGet(46)) - raft.server.log.use.memory = false (default)
2023-04-21 06:18:04,350 [pool-954-thread-1] INFO  server.RaftServerConfigKeys (ConfUtils.java:logGet(46)) - raft.server.log.purge.gap = 1000000 (custom)
2023-04-21 06:18:04,350 [pool-954-thread-1] INFO  server.RaftServerConfigKeys (ConfUtils.java:logGet(46)) - raft.server.log.appender.buffer.byte-limit = 33554432 (custom)
2023-04-21 06:18:04,350 [pool-954-thread-1] INFO  server.RaftServerConfigKeys (ConfUtils.java:logGet(46)) - raft.server.log.statemachine.data.read.timeout = 1000ms (default)
2023-04-21 06:18:04,350 [pool-954-thread-1] INFO  server.RaftServerConfigKeys (ConfUtils.java:logGet(46)) - raft.server.log.purge.preservation.log.num = 0 (default)
2023-04-21 06:18:04,351 [EventQueue-PipelineReportForPipelineReportHandler] INFO  pipeline.PipelineManagerImpl (PipelineManagerImpl.java:openPipeline(367)) - Pipeline Pipeline[ Id: 7efd173b-4212-4c57-a909-eab1ec84fdec, Nodes: fe0baf38-ef32-47f5-977d-6484d2e153f1(fv-az205-422/10.1.0.35), ReplicationConfig: RATIS/ONE, State:ALLOCATED, leaderId:fe0baf38-ef32-47f5-977d-6484d2e153f1, CreationTimestamp2023-04-21T06:18:01.346Z[Etc/UTC]] moved to OPEN state
2023-04-21 06:18:04,353 [pool-954-thread-1] INFO  server.RaftServerConfigKeys (ConfUtils.java:logGet(46)) - raft.server.log.segment.size.max = 1048576 (custom)
2023-04-21 06:18:04,354 [pool-954-thread-1] INFO  server.RaftServerConfigKeys (ConfUtils.java:logGet(46)) - raft.server.log.segment.cache.num.max = 2 (custom)
2023-04-21 06:18:04,354 [EventQueue-OpenPipelineForHealthyPipelineSafeModeRule] INFO  safemode.SCMSafeModeManager (HealthyPipelineSafeModeRule.java:process(137)) - SCM in safe mode. Healthy pipelines reported count is 0, required healthy pipeline reported count is 1
2023-04-21 06:18:04,354 [pool-954-thread-1] INFO  server.RaftServerConfigKeys (ConfUtils.java:logGet(46)) - raft.server.log.segment.cache.size.max = 200MB (=209715200) (default)
2023-04-21 06:18:04,354 [pool-954-thread-1] INFO  segmented.SegmentedRaftLogWorker (SegmentedRaftLogWorker.java:<init>(189)) - new fe0baf38-ef32-47f5-977d-6484d2e153f1@group-EAB1EC84FDEC-SegmentedRaftLogWorker for RaftStorageImpl:Storage Directory /home/runner/work/ozone/ozone/hadoop-ozone/integration-test/target/test-dir/MiniOzoneClusterImpl-095cf78d-69a9-402e-99bd-cb43c7978d28/datanode-1/data/ratis/7efd173b-4212-4c57-a909-eab1ec84fdec
2023-04-21 06:18:04,354 [pool-954-thread-1] INFO  server.RaftServerConfigKeys (ConfUtils.java:logGet(46)) - raft.server.log.queue.byte-limit = 4294967296 (custom)
2023-04-21 06:18:04,354 [pool-954-thread-1] INFO  server.RaftServerConfigKeys (ConfUtils.java:logGet(46)) - raft.server.log.queue.element-limit = 1024 (custom)
2023-04-21 06:18:04,354 [pool-954-thread-1] INFO  server.RaftServerConfigKeys (ConfUtils.java:logGet(46)) - raft.server.log.segment.size.max = 1048576 (custom)
2023-04-21 06:18:04,354 [pool-954-thread-1] INFO  server.RaftServerConfigKeys (ConfUtils.java:logGet(46)) - raft.server.log.preallocated.size = 16384 (custom)
2023-04-21 06:18:04,354 [pool-954-thread-1] INFO  server.RaftServerConfigKeys (ConfUtils.java:logGet(46)) - raft.server.log.force.sync.num = 128 (default)
2023-04-21 06:18:04,354 [pool-954-thread-1] INFO  server.RaftServerConfigKeys (ConfUtils.java:logGet(46)) - raft.server.log.statemachine.data.sync = true (default)
2023-04-21 06:18:04,354 [pool-954-thread-1] INFO  server.RaftServerConfigKeys (ConfUtils.java:logGet(46)) - raft.server.log.statemachine.data.sync.timeout = 10s (default)
2023-04-21 06:18:04,354 [pool-954-thread-1] INFO  server.RaftServerConfigKeys (ConfUtils.java:logGet(46)) - raft.server.log.statemachine.data.sync.timeout.retry = -1 (default)
2023-04-21 06:18:04,354 [pool-954-thread-1] INFO  server.RaftServerConfigKeys (ConfUtils.java:logGet(46)) - raft.server.log.write.buffer.size = 1048576 (custom)
2023-04-21 06:18:04,355 [pool-954-thread-1] INFO  server.RaftServerConfigKeys (ConfUtils.java:logGet(46)) - raft.server.log.appender.buffer.byte-limit = 33554432 (custom)
2023-04-21 06:18:04,365 [pool-954-thread-1] INFO  server.RaftServerConfigKeys (ConfUtils.java:logGet(46)) - raft.server.log.unsafe-flush.enabled = false (default)
2023-04-21 06:18:04,365 [pool-954-thread-1] INFO  server.RaftServerConfigKeys (ConfUtils.java:logGet(46)) - raft.server.log.async-flush.enabled = false (default)
2023-04-21 06:18:04,365 [pool-954-thread-1] INFO  server.RaftServerConfigKeys (ConfUtils.java:logGet(46)) - raft.server.log.statemachine.data.caching.enabled = true (custom)
2023-04-21 06:18:04,366 [pool-954-thread-1] INFO  segmented.SegmentedRaftLogWorker (SegmentedRaftLogWorker.java:lambda$new$0(135)) - fe0baf38-ef32-47f5-977d-6484d2e153f1@group-EAB1EC84FDEC-SegmentedRaftLogWorker: flushIndex: setUnconditionally 0 -> -1
2023-04-21 06:18:04,366 [pool-954-thread-1] INFO  segmented.SegmentedRaftLogWorker (SegmentedRaftLogWorker.java:lambda$new$0(135)) - fe0baf38-ef32-47f5-977d-6484d2e153f1@group-EAB1EC84FDEC-SegmentedRaftLogWorker: safeCacheEvictIndex: setUnconditionally 0 -> -1
2023-04-21 06:18:04,366 [pool-954-thread-1] INFO  server.RaftServer$Division (RaftServerImpl.java:start(334)) - fe0baf38-ef32-47f5-977d-6484d2e153f1@group-EAB1EC84FDEC: start as a follower, conf=-1: peers:[fe0baf38-ef32-47f5-977d-6484d2e153f1|rpc:10.1.0.35:37765|dataStream:10.1.0.35:35889|priority:1|startupRole:FOLLOWER]|listeners:[], old=null
2023-04-21 06:18:04,366 [pool-954-thread-1] INFO  server.RaftServer$Division (RaftServerImpl.java:setRole(321)) - fe0baf38-ef32-47f5-977d-6484d2e153f1@group-EAB1EC84FDEC: changes role from      null to FOLLOWER at term 0 for startAsFollower
2023-04-21 06:18:04,366 [pool-954-thread-1] INFO  impl.RoleInfo (RoleInfo.java:updateAndGet(139)) - fe0baf38-ef32-47f5-977d-6484d2e153f1: start fe0baf38-ef32-47f5-977d-6484d2e153f1@group-EAB1EC84FDEC-FollowerState
2023-04-21 06:18:04,366 [pool-954-thread-1] INFO  util.JmxRegister (JmxRegister.java:tryRegister(44)) - Successfully registered JMX Bean with object name Ratis:service=RaftServer,group=group-EAB1EC84FDEC,id=fe0baf38-ef32-47f5-977d-6484d2e153f1
2023-04-21 06:18:04,366 [pool-954-thread-1] INFO  server.RaftServerConfigKeys (ConfUtils.java:logGet(46)) - raft.server.snapshot.auto.trigger.enabled = true (custom)
2023-04-21 06:18:04,366 [pool-954-thread-1] INFO  server.RaftServerConfigKeys (ConfUtils.java:logGet(46)) - raft.server.snapshot.auto.trigger.threshold = 10000 (custom)
2023-04-21 06:18:04,367 [pool-954-thread-1] INFO  server.RaftServerConfigKeys (ConfUtils.java:logGet(46)) - raft.server.snapshot.retention.file.num = 5 (custom)
2023-04-21 06:18:04,367 [pool-954-thread-1] INFO  server.RaftServerConfigKeys (ConfUtils.java:logGet(46)) - raft.server.log.purge.upto.snapshot.index = false (default)
2023-04-21 06:18:04,367 [fe0baf38-ef32-47f5-977d-6484d2e153f1@group-EAB1EC84FDEC-FollowerState] INFO  server.RaftServerConfigKeys (ConfUtils.java:logFallback(53)) - raft.server.rpc.first-election.timeout.min = 5s (fallback to raft.server.rpc.timeout.min)
2023-04-21 06:18:04,367 [fe0baf38-ef32-47f5-977d-6484d2e153f1@group-EAB1EC84FDEC-FollowerState] INFO  server.RaftServerConfigKeys (ConfUtils.java:logFallback(53)) - raft.server.rpc.first-election.timeout.max = 5200ms (fallback to raft.server.rpc.timeout.max)
2023-04-21 06:18:04,370 [Command processor thread] INFO  ratis.XceiverServerRatis (XceiverServerRatis.java:addGroup(806)) - Created group PipelineID=7efd173b-4212-4c57-a909-eab1ec84fdec
2023-04-21 06:18:04,370 [Command processor thread] INFO  commandhandler.CreatePipelineCommandHandler (CreatePipelineCommandHandler.java:handle(113)) - Created Pipeline RATIS ONE PipelineID=7efd173b-4212-4c57-a909-eab1ec84fdec.
2023-04-21 06:18:04,686 [Listener at 127.0.0.1/33363] INFO  ozone.MiniOzoneClusterImpl (MiniOzoneClusterImpl.java:lambda$waitForClusterToBeReady$0(223)) - Nodes are ready. Got 3 of 3 DN Heartbeats.
2023-04-21 06:18:04,686 [Listener at 127.0.0.1/33363] INFO  ozone.MiniOzoneClusterImpl (MiniOzoneClusterImpl.java:lambda$waitForClusterToBeReady$0(226)) - Waiting for cluster to exit safe mode
2023-04-21 06:18:04,686 [Listener at 127.0.0.1/33363] INFO  ozone.MiniOzoneClusterImpl (MiniOzoneClusterImpl.java:lambda$waitForClusterToBeReady$0(228)) - SCM became leader
2023-04-21 06:18:04,691 [Command processor thread] INFO  server.RaftServer (RaftServerProxy.java:addNew(96)) - b6e9b414-768d-4e3e-88d3-472f8ec22e92: addNew group-1403213F9234:[b6e9b414-768d-4e3e-88d3-472f8ec22e92|rpc:10.1.0.35:42709|dataStream:10.1.0.35:45909|priority:1|startupRole:FOLLOWER] returns group-1403213F9234:java.util.concurrent.CompletableFuture@6e2cdb0b[Not completed]
2023-04-21 06:18:04,692 [pool-976-thread-1] INFO  server.RaftServer$Division (RaftServerImpl.java:<init>(195)) - b6e9b414-768d-4e3e-88d3-472f8ec22e92: new RaftServerImpl for group-1403213F9234:[b6e9b414-768d-4e3e-88d3-472f8ec22e92|rpc:10.1.0.35:42709|dataStream:10.1.0.35:45909|priority:1|startupRole:FOLLOWER] with ContainerStateMachine:uninitialized
2023-04-21 06:18:04,692 [pool-976-thread-1] INFO  server.RaftServerConfigKeys (ConfUtils.java:logGet(46)) - raft.server.rpc.timeout.min = 5s (custom)
2023-04-21 06:18:04,692 [pool-976-thread-1] INFO  server.RaftServerConfigKeys (ConfUtils.java:logGet(46)) - raft.server.rpc.timeout.max = 5200ms (custom)
2023-04-21 06:18:04,692 [pool-976-thread-1] INFO  server.RaftServerConfigKeys (ConfUtils.java:logGet(46)) - raft.server.rpc.sleep.time = 25ms (default)
2023-04-21 06:18:04,692 [pool-976-thread-1] INFO  server.RaftServerConfigKeys (ConfUtils.java:logGet(46)) - raft.server.rpc.slowness.timeout = 300s (custom)
2023-04-21 06:18:04,692 [pool-976-thread-1] INFO  server.RaftServerConfigKeys (ConfUtils.java:logGet(46)) - raft.server.leaderelection.leader.step-down.wait-time = 10s (default)
2023-04-21 06:18:04,692 [pool-976-thread-1] INFO  server.RaftServerConfigKeys (ConfUtils.java:logGet(46)) - raft.server.sleep.deviation.threshold = 300ms (default)
2023-04-21 06:18:04,693 [pool-976-thread-1] INFO  server.RaftServer$Division (ServerState.java:<init>(118)) - b6e9b414-768d-4e3e-88d3-472f8ec22e92@group-1403213F9234: ConfigurationManager, init=-1: peers:[b6e9b414-768d-4e3e-88d3-472f8ec22e92|rpc:10.1.0.35:42709|dataStream:10.1.0.35:45909|priority:1|startupRole:FOLLOWER]|listeners:[], old=null, confs=<EMPTY_MAP>
2023-04-21 06:18:04,693 [pool-976-thread-1] INFO  server.RaftServerConfigKeys (ConfUtils.java:logGet(46)) - raft.server.storage.dir = [/home/runner/work/ozone/ozone/hadoop-ozone/integration-test/target/test-dir/MiniOzoneClusterImpl-095cf78d-69a9-402e-99bd-cb43c7978d28/datanode-2/data/ratis] (custom)
2023-04-21 06:18:04,693 [pool-976-thread-1] INFO  server.RaftServerConfigKeys (ConfUtils.java:logGet(46)) - raft.server.log.corruption.policy = EXCEPTION (default)
2023-04-21 06:18:04,693 [pool-976-thread-1] INFO  server.RaftServerConfigKeys (ConfUtils.java:logGet(46)) - raft.server.storage.free-space.min = 0MB (=0) (default)
2023-04-21 06:18:04,693 [pool-976-thread-1] INFO  server.RaftServerConfigKeys (ConfUtils.java:logGet(46)) - raft.server.notification.no-leader.timeout = 300s (custom)
2023-04-21 06:18:04,693 [pool-976-thread-1] INFO  server.RaftServerConfigKeys (ConfUtils.java:logGet(46)) - raft.server.retrycache.expirytime = 600000ms (custom)
2023-04-21 06:18:04,693 [pool-976-thread-1] INFO  server.RaftServerConfigKeys (ConfUtils.java:logGet(46)) - raft.server.retrycache.statistics.expirytime = 100μs (default)
2023-04-21 06:18:04,696 [pool-976-thread-1] INFO  server.RaftServerConfigKeys (ConfUtils.java:logGet(46)) - raft.server.log.appender.install.snapshot.enabled = false (custom)
2023-04-21 06:18:04,696 [pool-976-thread-1] INFO  server.RaftServerConfigKeys (ConfUtils.java:logGet(46)) - raft.server.threadpool.server.cached = true (default)
2023-04-21 06:18:04,696 [pool-976-thread-1] INFO  server.RaftServerConfigKeys (ConfUtils.java:logGet(46)) - raft.server.threadpool.server.size = 0 (default)
2023-04-21 06:18:04,696 [pool-976-thread-1] INFO  server.RaftServerConfigKeys (ConfUtils.java:logGet(46)) - raft.server.threadpool.client.cached = true (default)
2023-04-21 06:18:04,696 [pool-976-thread-1] INFO  server.RaftServerConfigKeys (ConfUtils.java:logGet(46)) - raft.server.threadpool.client.size = 0 (default)
2023-04-21 06:18:04,696 [pool-976-thread-1] INFO  storage.RaftStorageDirectory (RaftStorageDirectoryImpl.java:analyzeStorage(137)) - The storage directory /home/runner/work/ozone/ozone/hadoop-ozone/integration-test/target/test-dir/MiniOzoneClusterImpl-095cf78d-69a9-402e-99bd-cb43c7978d28/datanode-2/data/ratis/ceb3e8f7-0d77-4132-af72-1403213f9234 does not exist. Creating ...
2023-04-21 06:18:04,697 [pool-976-thread-1] INFO  storage.RaftStorageDirectory (RaftStorageDirectoryImpl.java:tryLock(231)) - Lock on /home/runner/work/ozone/ozone/hadoop-ozone/integration-test/target/test-dir/MiniOzoneClusterImpl-095cf78d-69a9-402e-99bd-cb43c7978d28/datanode-2/data/ratis/ceb3e8f7-0d77-4132-af72-1403213f9234/in_use.lock acquired by nodename 2764@fv-az205-422
2023-04-21 06:18:04,698 [pool-976-thread-1] INFO  storage.RaftStorage (RaftStorageImpl.java:format(96)) - Storage directory /home/runner/work/ozone/ozone/hadoop-ozone/integration-test/target/test-dir/MiniOzoneClusterImpl-095cf78d-69a9-402e-99bd-cb43c7978d28/datanode-2/data/ratis/ceb3e8f7-0d77-4132-af72-1403213f9234 has been successfully formatted.
2023-04-21 06:18:04,699 [pool-976-thread-1] INFO  ratis.ContainerStateMachine (ContainerStateMachine.java:loadSnapshot(262)) - group-1403213F9234: The snapshot info is null. Setting the last applied indexto:(t:0, i:~)
2023-04-21 06:18:04,699 [pool-976-thread-1] INFO  server.RaftServerConfigKeys (ConfUtils.java:logGet(46)) - raft.server.log.use.memory = false (default)
2023-04-21 06:18:04,699 [pool-976-thread-1] INFO  server.RaftServerConfigKeys (ConfUtils.java:logGet(46)) - raft.server.log.purge.gap = 1000000 (custom)
2023-04-21 06:18:04,699 [pool-976-thread-1] INFO  server.RaftServerConfigKeys (ConfUtils.java:logGet(46)) - raft.server.log.appender.buffer.byte-limit = 33554432 (custom)
2023-04-21 06:18:04,699 [pool-976-thread-1] INFO  server.RaftServerConfigKeys (ConfUtils.java:logGet(46)) - raft.server.log.statemachine.data.read.timeout = 1000ms (default)
2023-04-21 06:18:04,699 [pool-976-thread-1] INFO  server.RaftServerConfigKeys (ConfUtils.java:logGet(46)) - raft.server.log.purge.preservation.log.num = 0 (default)
2023-04-21 06:18:04,699 [pool-976-thread-1] INFO  server.RaftServerConfigKeys (ConfUtils.java:logGet(46)) - raft.server.log.segment.size.max = 1048576 (custom)
2023-04-21 06:18:04,700 [EventQueue-PipelineReportForPipelineReportHandler] INFO  pipeline.PipelineManagerImpl (PipelineManagerImpl.java:openPipeline(367)) - Pipeline Pipeline[ Id: ceb3e8f7-0d77-4132-af72-1403213f9234, Nodes: b6e9b414-768d-4e3e-88d3-472f8ec22e92(fv-az205-422/10.1.0.35), ReplicationConfig: RATIS/ONE, State:ALLOCATED, leaderId:b6e9b414-768d-4e3e-88d3-472f8ec22e92, CreationTimestamp2023-04-21T06:18:01.694Z[Etc/UTC]] moved to OPEN state
2023-04-21 06:18:04,701 [EventQueue-OpenPipelineForHealthyPipelineSafeModeRule] INFO  safemode.SCMSafeModeManager (HealthyPipelineSafeModeRule.java:process(137)) - SCM in safe mode. Healthy pipelines reported count is 0, required healthy pipeline reported count is 1
2023-04-21 06:18:04,701 [pool-976-thread-1] INFO  server.RaftServerConfigKeys (ConfUtils.java:logGet(46)) - raft.server.log.segment.cache.num.max = 2 (custom)
2023-04-21 06:18:04,701 [pool-976-thread-1] INFO  server.RaftServerConfigKeys (ConfUtils.java:logGet(46)) - raft.server.log.segment.cache.size.max = 200MB (=209715200) (default)
2023-04-21 06:18:04,701 [pool-976-thread-1] INFO  segmented.SegmentedRaftLogWorker (SegmentedRaftLogWorker.java:<init>(189)) - new b6e9b414-768d-4e3e-88d3-472f8ec22e92@group-1403213F9234-SegmentedRaftLogWorker for RaftStorageImpl:Storage Directory /home/runner/work/ozone/ozone/hadoop-ozone/integration-test/target/test-dir/MiniOzoneClusterImpl-095cf78d-69a9-402e-99bd-cb43c7978d28/datanode-2/data/ratis/ceb3e8f7-0d77-4132-af72-1403213f9234
2023-04-21 06:18:04,701 [pool-976-thread-1] INFO  server.RaftServerConfigKeys (ConfUtils.java:logGet(46)) - raft.server.log.queue.byte-limit = 4294967296 (custom)
2023-04-21 06:18:04,701 [pool-976-thread-1] INFO  server.RaftServerConfigKeys (ConfUtils.java:logGet(46)) - raft.server.log.queue.element-limit = 1024 (custom)
2023-04-21 06:18:04,701 [pool-976-thread-1] INFO  server.RaftServerConfigKeys (ConfUtils.java:logGet(46)) - raft.server.log.segment.size.max = 1048576 (custom)
2023-04-21 06:18:04,701 [pool-976-thread-1] INFO  server.RaftServerConfigKeys (ConfUtils.java:logGet(46)) - raft.server.log.preallocated.size = 16384 (custom)
2023-04-21 06:18:04,702 [pool-976-thread-1] INFO  server.RaftServerConfigKeys (ConfUtils.java:logGet(46)) - raft.server.log.force.sync.num = 128 (default)
2023-04-21 06:18:04,702 [pool-976-thread-1] INFO  server.RaftServerConfigKeys (ConfUtils.java:logGet(46)) - raft.server.log.statemachine.data.sync = true (default)
2023-04-21 06:18:04,702 [pool-976-thread-1] INFO  server.RaftServerConfigKeys (ConfUtils.java:logGet(46)) - raft.server.log.statemachine.data.sync.timeout = 10s (default)
2023-04-21 06:18:04,702 [pool-976-thread-1] INFO  server.RaftServerConfigKeys (ConfUtils.java:logGet(46)) - raft.server.log.statemachine.data.sync.timeout.retry = -1 (default)
2023-04-21 06:18:04,702 [pool-976-thread-1] INFO  server.RaftServerConfigKeys (ConfUtils.java:logGet(46)) - raft.server.log.write.buffer.size = 1048576 (custom)
2023-04-21 06:18:04,703 [pool-976-thread-1] INFO  server.RaftServerConfigKeys (ConfUtils.java:logGet(46)) - raft.server.log.appender.buffer.byte-limit = 33554432 (custom)
2023-04-21 06:18:04,711 [pool-976-thread-1] INFO  server.RaftServerConfigKeys (ConfUtils.java:logGet(46)) - raft.server.log.unsafe-flush.enabled = false (default)
2023-04-21 06:18:04,711 [pool-976-thread-1] INFO  server.RaftServerConfigKeys (ConfUtils.java:logGet(46)) - raft.server.log.async-flush.enabled = false (default)
2023-04-21 06:18:04,711 [pool-976-thread-1] INFO  server.RaftServerConfigKeys (ConfUtils.java:logGet(46)) - raft.server.log.statemachine.data.caching.enabled = true (custom)
2023-04-21 06:18:04,711 [pool-976-thread-1] INFO  segmented.SegmentedRaftLogWorker (SegmentedRaftLogWorker.java:lambda$new$0(135)) - b6e9b414-768d-4e3e-88d3-472f8ec22e92@group-1403213F9234-SegmentedRaftLogWorker: flushIndex: setUnconditionally 0 -> -1
2023-04-21 06:18:04,711 [pool-976-thread-1] INFO  segmented.SegmentedRaftLogWorker (SegmentedRaftLogWorker.java:lambda$new$0(135)) - b6e9b414-768d-4e3e-88d3-472f8ec22e92@group-1403213F9234-SegmentedRaftLogWorker: safeCacheEvictIndex: setUnconditionally 0 -> -1
2023-04-21 06:18:04,714 [pool-976-thread-1] INFO  server.RaftServer$Division (RaftServerImpl.java:start(334)) - b6e9b414-768d-4e3e-88d3-472f8ec22e92@group-1403213F9234: start as a follower, conf=-1: peers:[b6e9b414-768d-4e3e-88d3-472f8ec22e92|rpc:10.1.0.35:42709|dataStream:10.1.0.35:45909|priority:1|startupRole:FOLLOWER]|listeners:[], old=null
2023-04-21 06:18:04,714 [pool-976-thread-1] INFO  server.RaftServer$Division (RaftServerImpl.java:setRole(321)) - b6e9b414-768d-4e3e-88d3-472f8ec22e92@group-1403213F9234: changes role from      null to FOLLOWER at term 0 for startAsFollower
2023-04-21 06:18:04,714 [pool-976-thread-1] INFO  impl.RoleInfo (RoleInfo.java:updateAndGet(139)) - b6e9b414-768d-4e3e-88d3-472f8ec22e92: start b6e9b414-768d-4e3e-88d3-472f8ec22e92@group-1403213F9234-FollowerState
2023-04-21 06:18:04,722 [pool-976-thread-1] INFO  util.JmxRegister (JmxRegister.java:tryRegister(44)) - Successfully registered JMX Bean with object name Ratis:service=RaftServer,group=group-1403213F9234,id=b6e9b414-768d-4e3e-88d3-472f8ec22e92
2023-04-21 06:18:04,722 [pool-976-thread-1] INFO  server.RaftServerConfigKeys (ConfUtils.java:logGet(46)) - raft.server.snapshot.auto.trigger.enabled = true (custom)
2023-04-21 06:18:04,722 [pool-976-thread-1] INFO  server.RaftServerConfigKeys (ConfUtils.java:logGet(46)) - raft.server.snapshot.auto.trigger.threshold = 10000 (custom)
2023-04-21 06:18:04,722 [pool-976-thread-1] INFO  server.RaftServerConfigKeys (ConfUtils.java:logGet(46)) - raft.server.snapshot.retention.file.num = 5 (custom)
2023-04-21 06:18:04,722 [pool-976-thread-1] INFO  server.RaftServerConfigKeys (ConfUtils.java:logGet(46)) - raft.server.log.purge.upto.snapshot.index = false (default)
2023-04-21 06:18:04,722 [Command processor thread] INFO  ratis.XceiverServerRatis (XceiverServerRatis.java:addGroup(806)) - Created group PipelineID=ceb3e8f7-0d77-4132-af72-1403213f9234
2023-04-21 06:18:04,723 [Command processor thread] INFO  commandhandler.CreatePipelineCommandHandler (CreatePipelineCommandHandler.java:handle(113)) - Created Pipeline RATIS ONE PipelineID=ceb3e8f7-0d77-4132-af72-1403213f9234.
2023-04-21 06:18:04,730 [b6e9b414-768d-4e3e-88d3-472f8ec22e92@group-1403213F9234-FollowerState] INFO  server.RaftServerConfigKeys (ConfUtils.java:logFallback(53)) - raft.server.rpc.first-election.timeout.min = 5s (fallback to raft.server.rpc.timeout.min)
2023-04-21 06:18:04,730 [b6e9b414-768d-4e3e-88d3-472f8ec22e92@group-1403213F9234-FollowerState] INFO  server.RaftServerConfigKeys (ConfUtils.java:logFallback(53)) - raft.server.rpc.first-election.timeout.max = 5200ms (fallback to raft.server.rpc.timeout.max)
2023-04-21 06:18:05,686 [Listener at 127.0.0.1/33363] INFO  ozone.MiniOzoneClusterImpl (MiniOzoneClusterImpl.java:lambda$waitForClusterToBeReady$0(223)) - Nodes are ready. Got 3 of 3 DN Heartbeats.
2023-04-21 06:18:05,687 [Listener at 127.0.0.1/33363] INFO  ozone.MiniOzoneClusterImpl (MiniOzoneClusterImpl.java:lambda$waitForClusterToBeReady$0(226)) - Waiting for cluster to exit safe mode
2023-04-21 06:18:05,687 [Listener at 127.0.0.1/33363] INFO  ozone.MiniOzoneClusterImpl (MiniOzoneClusterImpl.java:lambda$waitForClusterToBeReady$0(228)) - SCM became leader
2023-04-21 06:18:06,687 [Listener at 127.0.0.1/33363] INFO  ozone.MiniOzoneClusterImpl (MiniOzoneClusterImpl.java:lambda$waitForClusterToBeReady$0(223)) - Nodes are ready. Got 3 of 3 DN Heartbeats.
2023-04-21 06:18:06,687 [Listener at 127.0.0.1/33363] INFO  ozone.MiniOzoneClusterImpl (MiniOzoneClusterImpl.java:lambda$waitForClusterToBeReady$0(226)) - Waiting for cluster to exit safe mode
2023-04-21 06:18:06,687 [Listener at 127.0.0.1/33363] INFO  ozone.MiniOzoneClusterImpl (MiniOzoneClusterImpl.java:lambda$waitForClusterToBeReady$0(228)) - SCM became leader
2023-04-21 06:18:07,687 [Listener at 127.0.0.1/33363] INFO  ozone.MiniOzoneClusterImpl (MiniOzoneClusterImpl.java:lambda$waitForClusterToBeReady$0(223)) - Nodes are ready. Got 3 of 3 DN Heartbeats.
2023-04-21 06:18:07,688 [Listener at 127.0.0.1/33363] INFO  ozone.MiniOzoneClusterImpl (MiniOzoneClusterImpl.java:lambda$waitForClusterToBeReady$0(226)) - Waiting for cluster to exit safe mode
2023-04-21 06:18:07,688 [Listener at 127.0.0.1/33363] INFO  ozone.MiniOzoneClusterImpl (MiniOzoneClusterImpl.java:lambda$waitForClusterToBeReady$0(228)) - SCM became leader
2023-04-21 06:18:08,688 [Listener at 127.0.0.1/33363] INFO  ozone.MiniOzoneClusterImpl (MiniOzoneClusterImpl.java:lambda$waitForClusterToBeReady$0(223)) - Nodes are ready. Got 3 of 3 DN Heartbeats.
2023-04-21 06:18:08,688 [Listener at 127.0.0.1/33363] INFO  ozone.MiniOzoneClusterImpl (MiniOzoneClusterImpl.java:lambda$waitForClusterToBeReady$0(226)) - Waiting for cluster to exit safe mode
2023-04-21 06:18:08,688 [Listener at 127.0.0.1/33363] INFO  ozone.MiniOzoneClusterImpl (MiniOzoneClusterImpl.java:lambda$waitForClusterToBeReady$0(228)) - SCM became leader
2023-04-21 06:18:09,035 [b5ed12de-f90d-40ef-a4f6-6f0ba0776d3f@group-569E397A159F-FollowerState] INFO  impl.FollowerState (FollowerState.java:run(143)) - b5ed12de-f90d-40ef-a4f6-6f0ba0776d3f@group-569E397A159F-FollowerState: change to CANDIDATE, lastRpcElapsedTime:5041116694ns, electionTimeout:5040ms
2023-04-21 06:18:09,035 [b5ed12de-f90d-40ef-a4f6-6f0ba0776d3f@group-569E397A159F-FollowerState] INFO  impl.RoleInfo (RoleInfo.java:shutdownFollowerState(110)) - b5ed12de-f90d-40ef-a4f6-6f0ba0776d3f: shutdown b5ed12de-f90d-40ef-a4f6-6f0ba0776d3f@group-569E397A159F-FollowerState
2023-04-21 06:18:09,035 [b5ed12de-f90d-40ef-a4f6-6f0ba0776d3f@group-569E397A159F-FollowerState] INFO  server.RaftServer$Division (RaftServerImpl.java:setRole(321)) - b5ed12de-f90d-40ef-a4f6-6f0ba0776d3f@group-569E397A159F: changes role from  FOLLOWER to CANDIDATE at term 0 for changeToCandidate
2023-04-21 06:18:09,035 [b5ed12de-f90d-40ef-a4f6-6f0ba0776d3f@group-569E397A159F-FollowerState] INFO  server.RaftServerConfigKeys (ConfUtils.java:logGet(46)) - raft.server.leaderelection.pre-vote = true (default)
2023-04-21 06:18:09,035 [b5ed12de-f90d-40ef-a4f6-6f0ba0776d3f@group-569E397A159F-FollowerState] INFO  impl.RoleInfo (RoleInfo.java:updateAndGet(139)) - b5ed12de-f90d-40ef-a4f6-6f0ba0776d3f: start b5ed12de-f90d-40ef-a4f6-6f0ba0776d3f@group-569E397A159F-LeaderElection33
2023-04-21 06:18:09,039 [b5ed12de-f90d-40ef-a4f6-6f0ba0776d3f@group-569E397A159F-LeaderElection33] INFO  impl.LeaderElection (LeaderElection.java:askForVotes(312)) - b5ed12de-f90d-40ef-a4f6-6f0ba0776d3f@group-569E397A159F-LeaderElection33 PRE_VOTE round 0: submit vote requests at term 0 for -1: peers:[b5ed12de-f90d-40ef-a4f6-6f0ba0776d3f|rpc:10.1.0.35:37973|dataStream:10.1.0.35:44447|priority:1|startupRole:FOLLOWER]|listeners:[], old=null
2023-04-21 06:18:09,039 [b5ed12de-f90d-40ef-a4f6-6f0ba0776d3f@group-569E397A159F-LeaderElection33] INFO  impl.LeaderElection (LeaderElection.java:askForVotes(314)) - b5ed12de-f90d-40ef-a4f6-6f0ba0776d3f@group-569E397A159F-LeaderElection33 PRE_VOTE round 0: result PASSED (term=0)
2023-04-21 06:18:09,041 [b5ed12de-f90d-40ef-a4f6-6f0ba0776d3f@group-569E397A159F-LeaderElection33] INFO  impl.LeaderElection (LeaderElection.java:askForVotes(312)) - b5ed12de-f90d-40ef-a4f6-6f0ba0776d3f@group-569E397A159F-LeaderElection33 ELECTION round 0: submit vote requests at term 1 for -1: peers:[b5ed12de-f90d-40ef-a4f6-6f0ba0776d3f|rpc:10.1.0.35:37973|dataStream:10.1.0.35:44447|priority:1|startupRole:FOLLOWER]|listeners:[], old=null
2023-04-21 06:18:09,041 [b5ed12de-f90d-40ef-a4f6-6f0ba0776d3f@group-569E397A159F-LeaderElection33] INFO  impl.LeaderElection (LeaderElection.java:askForVotes(314)) - b5ed12de-f90d-40ef-a4f6-6f0ba0776d3f@group-569E397A159F-LeaderElection33 ELECTION round 0: result PASSED (term=1)
2023-04-21 06:18:09,041 [b5ed12de-f90d-40ef-a4f6-6f0ba0776d3f@group-569E397A159F-LeaderElection33] INFO  impl.RoleInfo (RoleInfo.java:shutdownLeaderElection(130)) - b5ed12de-f90d-40ef-a4f6-6f0ba0776d3f: shutdown b5ed12de-f90d-40ef-a4f6-6f0ba0776d3f@group-569E397A159F-LeaderElection33
2023-04-21 06:18:09,042 [b5ed12de-f90d-40ef-a4f6-6f0ba0776d3f@group-569E397A159F-LeaderElection33] INFO  server.RaftServer$Division (RaftServerImpl.java:setRole(321)) - b5ed12de-f90d-40ef-a4f6-6f0ba0776d3f@group-569E397A159F: changes role from CANDIDATE to LEADER at term 1 for changeToLeader
2023-04-21 06:18:09,042 [b5ed12de-f90d-40ef-a4f6-6f0ba0776d3f@group-569E397A159F-LeaderElection33] INFO  ratis.XceiverServerRatis (XceiverServerRatis.java:handleLeaderChangedNotification(904)) - Leader change notification received for group: group-569E397A159F with new leaderId: b5ed12de-f90d-40ef-a4f6-6f0ba0776d3f
2023-04-21 06:18:09,042 [b5ed12de-f90d-40ef-a4f6-6f0ba0776d3f@group-569E397A159F-LeaderElection33] INFO  server.RaftServer$Division (ServerState.java:setLeader(313)) - b5ed12de-f90d-40ef-a4f6-6f0ba0776d3f@group-569E397A159F: change Leader from null to b5ed12de-f90d-40ef-a4f6-6f0ba0776d3f at term 1 for becomeLeader, leader elected after 5062ms
2023-04-21 06:18:09,042 [b5ed12de-f90d-40ef-a4f6-6f0ba0776d3f@group-569E397A159F-LeaderElection33] INFO  server.RaftServerConfigKeys (ConfUtils.java:logGet(46)) - raft.server.staging.catchup.gap = 1000 (default)
2023-04-21 06:18:09,042 [b5ed12de-f90d-40ef-a4f6-6f0ba0776d3f@group-569E397A159F-LeaderElection33] INFO  server.RaftServerConfigKeys (ConfUtils.java:logGet(46)) - raft.server.write.element-limit = 1024 (custom)
2023-04-21 06:18:09,042 [b5ed12de-f90d-40ef-a4f6-6f0ba0776d3f@group-569E397A159F-LeaderElection33] INFO  server.RaftServerConfigKeys (ConfUtils.java:logGet(46)) - raft.server.write.byte-limit = 1024 M (=1073741824) (custom)
2023-04-21 06:18:09,043 [b5ed12de-f90d-40ef-a4f6-6f0ba0776d3f@group-569E397A159F-LeaderElection33] INFO  server.RaftServerConfigKeys (ConfUtils.java:logGet(46)) - raft.server.watch.timeout = 180s (custom)
2023-04-21 06:18:09,043 [b5ed12de-f90d-40ef-a4f6-6f0ba0776d3f@group-569E397A159F-LeaderElection33] INFO  server.RaftServerConfigKeys (ConfUtils.java:logGet(46)) - raft.server.watch.timeout.denomination = 1s (default)
2023-04-21 06:18:09,043 [b5ed12de-f90d-40ef-a4f6-6f0ba0776d3f@group-569E397A159F-LeaderElection33] INFO  server.RaftServerConfigKeys (ConfUtils.java:logGet(46)) - raft.server.watch.element-limit = 65536 (default)
2023-04-21 06:18:09,043 [b5ed12de-f90d-40ef-a4f6-6f0ba0776d3f@group-569E397A159F-LeaderElection33] INFO  server.RaftServerConfigKeys (ConfUtils.java:logGet(46)) - raft.server.write.element-limit = 1024 (custom)
2023-04-21 06:18:09,043 [b5ed12de-f90d-40ef-a4f6-6f0ba0776d3f@group-569E397A159F-LeaderElection33] INFO  server.RaftServerConfigKeys (ConfUtils.java:logGet(46)) - raft.server.write.follower.gap.ratio.max = -1.0 (default)
2023-04-21 06:18:09,043 [b5ed12de-f90d-40ef-a4f6-6f0ba0776d3f@group-569E397A159F-LeaderElection33] INFO  impl.RoleInfo (RoleInfo.java:updateAndGet(139)) - b5ed12de-f90d-40ef-a4f6-6f0ba0776d3f: start b5ed12de-f90d-40ef-a4f6-6f0ba0776d3f@group-569E397A159F-LeaderStateImpl
2023-04-21 06:18:09,044 [b5ed12de-f90d-40ef-a4f6-6f0ba0776d3f@group-569E397A159F-LeaderElection33] INFO  segmented.SegmentedRaftLogWorker (SegmentedRaftLogWorker.java:startLogSegment(452)) - b5ed12de-f90d-40ef-a4f6-6f0ba0776d3f@group-569E397A159F-SegmentedRaftLogWorker: Starting segment from index:0
2023-04-21 06:18:09,046 [b5ed12de-f90d-40ef-a4f6-6f0ba0776d3f@group-569E397A159F-LeaderElection33] INFO  server.RaftServer$Division (ServerState.java:setRaftConf(430)) - b5ed12de-f90d-40ef-a4f6-6f0ba0776d3f@group-569E397A159F: set configuration 0: peers:[b5ed12de-f90d-40ef-a4f6-6f0ba0776d3f|rpc:10.1.0.35:37973|dataStream:10.1.0.35:44447|priority:1|startupRole:FOLLOWER]|listeners:[], old=null
2023-04-21 06:18:09,046 [EventQueue-OpenPipelineForHealthyPipelineSafeModeRule] INFO  safemode.SCMSafeModeManager (HealthyPipelineSafeModeRule.java:process(137)) - SCM in safe mode. Healthy pipelines reported count is 0, required healthy pipeline reported count is 1
2023-04-21 06:18:09,048 [b5ed12de-f90d-40ef-a4f6-6f0ba0776d3f@group-569E397A159F-SegmentedRaftLogWorker] INFO  segmented.SegmentedRaftLogWorker (SegmentedRaftLogWorker.java:execute(656)) - b5ed12de-f90d-40ef-a4f6-6f0ba0776d3f@group-569E397A159F-SegmentedRaftLogWorker: created new log segment /home/runner/work/ozone/ozone/hadoop-ozone/integration-test/target/test-dir/MiniOzoneClusterImpl-095cf78d-69a9-402e-99bd-cb43c7978d28/datanode-0/data/ratis/610a4297-f680-466b-ab75-569e397a159f/current/log_inprogress_0
2023-04-21 06:18:09,204 [b5ed12de-f90d-40ef-a4f6-6f0ba0776d3f@group-45CFD87F60C3-FollowerState] INFO  impl.FollowerState (FollowerState.java:run(143)) - b5ed12de-f90d-40ef-a4f6-6f0ba0776d3f@group-45CFD87F60C3-FollowerState: change to CANDIDATE, lastRpcElapsedTime:5123018142ns, electionTimeout:5120ms
2023-04-21 06:18:09,204 [b5ed12de-f90d-40ef-a4f6-6f0ba0776d3f@group-45CFD87F60C3-FollowerState] INFO  impl.RoleInfo (RoleInfo.java:shutdownFollowerState(110)) - b5ed12de-f90d-40ef-a4f6-6f0ba0776d3f: shutdown b5ed12de-f90d-40ef-a4f6-6f0ba0776d3f@group-45CFD87F60C3-FollowerState
2023-04-21 06:18:09,204 [b5ed12de-f90d-40ef-a4f6-6f0ba0776d3f@group-45CFD87F60C3-FollowerState] INFO  server.RaftServer$Division (RaftServerImpl.java:setRole(321)) - b5ed12de-f90d-40ef-a4f6-6f0ba0776d3f@group-45CFD87F60C3: changes role from  FOLLOWER to CANDIDATE at term 0 for changeToCandidate
2023-04-21 06:18:09,204 [b5ed12de-f90d-40ef-a4f6-6f0ba0776d3f@group-45CFD87F60C3-FollowerState] INFO  server.RaftServerConfigKeys (ConfUtils.java:logGet(46)) - raft.server.leaderelection.pre-vote = true (default)
2023-04-21 06:18:09,204 [b5ed12de-f90d-40ef-a4f6-6f0ba0776d3f@group-45CFD87F60C3-FollowerState] INFO  impl.RoleInfo (RoleInfo.java:updateAndGet(139)) - b5ed12de-f90d-40ef-a4f6-6f0ba0776d3f: start b5ed12de-f90d-40ef-a4f6-6f0ba0776d3f@group-45CFD87F60C3-LeaderElection34
2023-04-21 06:18:09,206 [b5ed12de-f90d-40ef-a4f6-6f0ba0776d3f@group-45CFD87F60C3-LeaderElection34] INFO  impl.LeaderElection (LeaderElection.java:askForVotes(312)) - b5ed12de-f90d-40ef-a4f6-6f0ba0776d3f@group-45CFD87F60C3-LeaderElection34 PRE_VOTE round 0: submit vote requests at term 0 for -1: peers:[b5ed12de-f90d-40ef-a4f6-6f0ba0776d3f|rpc:10.1.0.35:37973|dataStream:10.1.0.35:44447|priority:0|startupRole:FOLLOWER, fe0baf38-ef32-47f5-977d-6484d2e153f1|rpc:10.1.0.35:37765|dataStream:10.1.0.35:35889|priority:0|startupRole:FOLLOWER, b6e9b414-768d-4e3e-88d3-472f8ec22e92|rpc:10.1.0.35:42709|dataStream:10.1.0.35:45909|priority:1|startupRole:FOLLOWER]|listeners:[], old=null
2023-04-21 06:18:09,207 [b5ed12de-f90d-40ef-a4f6-6f0ba0776d3f@group-45CFD87F60C3-LeaderElection34-1] INFO  server.GrpcServerProtocolClient (GrpcServerProtocolClient.java:<init>(63)) - Build channel for fe0baf38-ef32-47f5-977d-6484d2e153f1
2023-04-21 06:18:09,209 [b5ed12de-f90d-40ef-a4f6-6f0ba0776d3f@group-45CFD87F60C3-LeaderElection34] INFO  server.RaftServerConfigKeys (ConfUtils.java:logFallback(53)) - raft.server.rpc.first-election.timeout.min = 5s (fallback to raft.server.rpc.timeout.min)
2023-04-21 06:18:09,210 [b5ed12de-f90d-40ef-a4f6-6f0ba0776d3f@group-45CFD87F60C3-LeaderElection34] INFO  server.RaftServerConfigKeys (ConfUtils.java:logFallback(53)) - raft.server.rpc.first-election.timeout.max = 5200ms (fallback to raft.server.rpc.timeout.max)
2023-04-21 06:18:09,210 [b5ed12de-f90d-40ef-a4f6-6f0ba0776d3f@group-45CFD87F60C3-LeaderElection34-2] INFO  server.GrpcServerProtocolClient (GrpcServerProtocolClient.java:<init>(63)) - Build channel for b6e9b414-768d-4e3e-88d3-472f8ec22e92
2023-04-21 06:18:09,215 [grpc-default-executor-0] INFO  server.RaftServer$Division (RaftServerImpl.java:requestVote(1218)) - fe0baf38-ef32-47f5-977d-6484d2e153f1@group-45CFD87F60C3: receive requestVote(PRE_VOTE, b5ed12de-f90d-40ef-a4f6-6f0ba0776d3f, group-45CFD87F60C3, 0, (t:0, i:0))
2023-04-21 06:18:09,215 [grpc-default-executor-0] INFO  impl.VoteContext (VoteContext.java:log(49)) - fe0baf38-ef32-47f5-977d-6484d2e153f1@group-45CFD87F60C3-FOLLOWER: accept PRE_VOTE from b5ed12de-f90d-40ef-a4f6-6f0ba0776d3f: our priority 0 <= candidate's priority 0
2023-04-21 06:18:09,215 [grpc-default-executor-0] INFO  server.RaftServer$Division (RaftServerImpl.java:requestVote(1251)) - fe0baf38-ef32-47f5-977d-6484d2e153f1@group-45CFD87F60C3 replies to PRE_VOTE vote request: b5ed12de-f90d-40ef-a4f6-6f0ba0776d3f<-fe0baf38-ef32-47f5-977d-6484d2e153f1#0:OK-t0. Peer's state: fe0baf38-ef32-47f5-977d-6484d2e153f1@group-45CFD87F60C3:t0, leader=null, voted=, raftlog=Memoized:fe0baf38-ef32-47f5-977d-6484d2e153f1@group-45CFD87F60C3-SegmentedRaftLog:OPENED:c-1, conf=-1: peers:[b5ed12de-f90d-40ef-a4f6-6f0ba0776d3f|rpc:10.1.0.35:37973|dataStream:10.1.0.35:44447|priority:0|startupRole:FOLLOWER, fe0baf38-ef32-47f5-977d-6484d2e153f1|rpc:10.1.0.35:37765|dataStream:10.1.0.35:35889|priority:0|startupRole:FOLLOWER, b6e9b414-768d-4e3e-88d3-472f8ec22e92|rpc:10.1.0.35:42709|dataStream:10.1.0.35:45909|priority:1|startupRole:FOLLOWER]|listeners:[], old=null
2023-04-21 06:18:09,222 [grpc-default-executor-0] INFO  server.RaftServer$Division (RaftServerImpl.java:requestVote(1218)) - b6e9b414-768d-4e3e-88d3-472f8ec22e92@group-45CFD87F60C3: receive requestVote(PRE_VOTE, b5ed12de-f90d-40ef-a4f6-6f0ba0776d3f, group-45CFD87F60C3, 0, (t:0, i:0))
2023-04-21 06:18:09,222 [grpc-default-executor-0] INFO  impl.VoteContext (VoteContext.java:log(49)) - b6e9b414-768d-4e3e-88d3-472f8ec22e92@group-45CFD87F60C3-FOLLOWER: reject PRE_VOTE from b5ed12de-f90d-40ef-a4f6-6f0ba0776d3f: our priority 1 > candidate's priority 0
2023-04-21 06:18:09,222 [grpc-default-executor-0] INFO  server.RaftServer$Division (RaftServerImpl.java:requestVote(1251)) - b6e9b414-768d-4e3e-88d3-472f8ec22e92@group-45CFD87F60C3 replies to PRE_VOTE vote request: b5ed12de-f90d-40ef-a4f6-6f0ba0776d3f<-b6e9b414-768d-4e3e-88d3-472f8ec22e92#0:FAIL-t0. Peer's state: b6e9b414-768d-4e3e-88d3-472f8ec22e92@group-45CFD87F60C3:t0, leader=null, voted=, raftlog=Memoized:b6e9b414-768d-4e3e-88d3-472f8ec22e92@group-45CFD87F60C3-SegmentedRaftLog:OPENED:c-1, conf=-1: peers:[b5ed12de-f90d-40ef-a4f6-6f0ba0776d3f|rpc:10.1.0.35:37973|dataStream:10.1.0.35:44447|priority:0|startupRole:FOLLOWER, fe0baf38-ef32-47f5-977d-6484d2e153f1|rpc:10.1.0.35:37765|dataStream:10.1.0.35:35889|priority:0|startupRole:FOLLOWER, b6e9b414-768d-4e3e-88d3-472f8ec22e92|rpc:10.1.0.35:42709|dataStream:10.1.0.35:45909|priority:1|startupRole:FOLLOWER]|listeners:[], old=null
2023-04-21 06:18:09,224 [b5ed12de-f90d-40ef-a4f6-6f0ba0776d3f@group-45CFD87F60C3-LeaderElection34] INFO  impl.LeaderElection (LeaderElection.java:logAndReturn(90)) - b5ed12de-f90d-40ef-a4f6-6f0ba0776d3f@group-45CFD87F60C3-LeaderElection34: PRE_VOTE REJECTED received 2 response(s) and 0 exception(s):
2023-04-21 06:18:09,224 [b5ed12de-f90d-40ef-a4f6-6f0ba0776d3f@group-45CFD87F60C3-LeaderElection34] INFO  impl.LeaderElection (LeaderElection.java:logAndReturn(94)) -   Response 0: b5ed12de-f90d-40ef-a4f6-6f0ba0776d3f<-fe0baf38-ef32-47f5-977d-6484d2e153f1#0:OK-t0
2023-04-21 06:18:09,224 [b5ed12de-f90d-40ef-a4f6-6f0ba0776d3f@group-45CFD87F60C3-LeaderElection34] INFO  impl.LeaderElection (LeaderElection.java:logAndReturn(94)) -   Response 1: b5ed12de-f90d-40ef-a4f6-6f0ba0776d3f<-b6e9b414-768d-4e3e-88d3-472f8ec22e92#0:FAIL-t0
2023-04-21 06:18:09,224 [b5ed12de-f90d-40ef-a4f6-6f0ba0776d3f@group-45CFD87F60C3-LeaderElection34] INFO  impl.LeaderElection (LeaderElection.java:askForVotes(314)) - b5ed12de-f90d-40ef-a4f6-6f0ba0776d3f@group-45CFD87F60C3-LeaderElection34 PRE_VOTE round 0: result REJECTED
2023-04-21 06:18:09,224 [b5ed12de-f90d-40ef-a4f6-6f0ba0776d3f@group-45CFD87F60C3-LeaderElection34] INFO  server.RaftServer$Division (RaftServerImpl.java:setRole(321)) - b5ed12de-f90d-40ef-a4f6-6f0ba0776d3f@group-45CFD87F60C3: changes role from CANDIDATE to FOLLOWER at term 0 for REJECTED
2023-04-21 06:18:09,224 [b5ed12de-f90d-40ef-a4f6-6f0ba0776d3f@group-45CFD87F60C3-LeaderElection34] INFO  impl.RoleInfo (RoleInfo.java:shutdownLeaderElection(130)) - b5ed12de-f90d-40ef-a4f6-6f0ba0776d3f: shutdown b5ed12de-f90d-40ef-a4f6-6f0ba0776d3f@group-45CFD87F60C3-LeaderElection34
2023-04-21 06:18:09,225 [b5ed12de-f90d-40ef-a4f6-6f0ba0776d3f@group-45CFD87F60C3-LeaderElection34] INFO  impl.RoleInfo (RoleInfo.java:updateAndGet(139)) - b5ed12de-f90d-40ef-a4f6-6f0ba0776d3f: start b5ed12de-f90d-40ef-a4f6-6f0ba0776d3f@group-45CFD87F60C3-FollowerState
2023-04-21 06:18:09,226 [b5ed12de-f90d-40ef-a4f6-6f0ba0776d3f@group-45CFD87F60C3-FollowerState] INFO  server.RaftServerConfigKeys (ConfUtils.java:logFallback(53)) - raft.server.rpc.first-election.timeout.min = 5s (fallback to raft.server.rpc.timeout.min)
2023-04-21 06:18:09,226 [b5ed12de-f90d-40ef-a4f6-6f0ba0776d3f@group-45CFD87F60C3-FollowerState] INFO  server.RaftServerConfigKeys (ConfUtils.java:logFallback(53)) - raft.server.rpc.first-election.timeout.max = 5200ms (fallback to raft.server.rpc.timeout.max)
2023-04-21 06:18:09,236 [fe0baf38-ef32-47f5-977d-6484d2e153f1@group-45CFD87F60C3-FollowerState] INFO  server.RaftServerConfigKeys (ConfUtils.java:logFallback(53)) - raft.server.rpc.first-election.timeout.min = 5s (fallback to raft.server.rpc.timeout.min)
2023-04-21 06:18:09,236 [fe0baf38-ef32-47f5-977d-6484d2e153f1@group-45CFD87F60C3-FollowerState] INFO  server.RaftServerConfigKeys (ConfUtils.java:logFallback(53)) - raft.server.rpc.first-election.timeout.max = 5200ms (fallback to raft.server.rpc.timeout.max)
2023-04-21 06:18:09,271 [b6e9b414-768d-4e3e-88d3-472f8ec22e92@group-45CFD87F60C3-FollowerState] INFO  impl.FollowerState (FollowerState.java:run(143)) - b6e9b414-768d-4e3e-88d3-472f8ec22e92@group-45CFD87F60C3-FollowerState: change to CANDIDATE, lastRpcElapsedTime:5102465902ns, electionTimeout:5101ms
2023-04-21 06:18:09,271 [b6e9b414-768d-4e3e-88d3-472f8ec22e92@group-45CFD87F60C3-FollowerState] INFO  impl.RoleInfo (RoleInfo.java:shutdownFollowerState(110)) - b6e9b414-768d-4e3e-88d3-472f8ec22e92: shutdown b6e9b414-768d-4e3e-88d3-472f8ec22e92@group-45CFD87F60C3-FollowerState
2023-04-21 06:18:09,271 [b6e9b414-768d-4e3e-88d3-472f8ec22e92@group-45CFD87F60C3-FollowerState] INFO  server.RaftServer$Division (RaftServerImpl.java:setRole(321)) - b6e9b414-768d-4e3e-88d3-472f8ec22e92@group-45CFD87F60C3: changes role from  FOLLOWER to CANDIDATE at term 0 for changeToCandidate
2023-04-21 06:18:09,272 [b6e9b414-768d-4e3e-88d3-472f8ec22e92@group-45CFD87F60C3-FollowerState] INFO  server.RaftServerConfigKeys (ConfUtils.java:logGet(46)) - raft.server.leaderelection.pre-vote = true (default)
2023-04-21 06:18:09,272 [b6e9b414-768d-4e3e-88d3-472f8ec22e92@group-45CFD87F60C3-FollowerState] INFO  impl.RoleInfo (RoleInfo.java:updateAndGet(139)) - b6e9b414-768d-4e3e-88d3-472f8ec22e92: start b6e9b414-768d-4e3e-88d3-472f8ec22e92@group-45CFD87F60C3-LeaderElection35
2023-04-21 06:18:09,274 [b6e9b414-768d-4e3e-88d3-472f8ec22e92@group-45CFD87F60C3-LeaderElection35] INFO  impl.LeaderElection (LeaderElection.java:askForVotes(312)) - b6e9b414-768d-4e3e-88d3-472f8ec22e92@group-45CFD87F60C3-LeaderElection35 PRE_VOTE round 0: submit vote requests at term 0 for -1: peers:[b5ed12de-f90d-40ef-a4f6-6f0ba0776d3f|rpc:10.1.0.35:37973|dataStream:10.1.0.35:44447|priority:0|startupRole:FOLLOWER, fe0baf38-ef32-47f5-977d-6484d2e153f1|rpc:10.1.0.35:37765|dataStream:10.1.0.35:35889|priority:0|startupRole:FOLLOWER, b6e9b414-768d-4e3e-88d3-472f8ec22e92|rpc:10.1.0.35:42709|dataStream:10.1.0.35:45909|priority:1|startupRole:FOLLOWER]|listeners:[], old=null
2023-04-21 06:18:09,274 [b6e9b414-768d-4e3e-88d3-472f8ec22e92@group-45CFD87F60C3-LeaderElection35] INFO  server.RaftServerConfigKeys (ConfUtils.java:logFallback(53)) - raft.server.rpc.first-election.timeout.min = 5s (fallback to raft.server.rpc.timeout.min)
2023-04-21 06:18:09,274 [b6e9b414-768d-4e3e-88d3-472f8ec22e92@group-45CFD87F60C3-LeaderElection35-1] INFO  server.GrpcServerProtocolClient (GrpcServerProtocolClient.java:<init>(63)) - Build channel for b5ed12de-f90d-40ef-a4f6-6f0ba0776d3f
2023-04-21 06:18:09,274 [b6e9b414-768d-4e3e-88d3-472f8ec22e92@group-45CFD87F60C3-LeaderElection35] INFO  server.RaftServerConfigKeys (ConfUtils.java:logFallback(53)) - raft.server.rpc.first-election.timeout.max = 5200ms (fallback to raft.server.rpc.timeout.max)
2023-04-21 06:18:09,274 [b6e9b414-768d-4e3e-88d3-472f8ec22e92@group-45CFD87F60C3-LeaderElection35-2] INFO  server.GrpcServerProtocolClient (GrpcServerProtocolClient.java:<init>(63)) - Build channel for fe0baf38-ef32-47f5-977d-6484d2e153f1
2023-04-21 06:18:09,297 [b5ed12de-f90d-40ef-a4f6-6f0ba0776d3f@group-B7260385CADC-FollowerState] INFO  impl.FollowerState (FollowerState.java:run(143)) - b5ed12de-f90d-40ef-a4f6-6f0ba0776d3f@group-B7260385CADC-FollowerState: change to CANDIDATE, lastRpcElapsedTime:5102202256ns, electionTimeout:5101ms
2023-04-21 06:18:09,297 [b5ed12de-f90d-40ef-a4f6-6f0ba0776d3f@group-B7260385CADC-FollowerState] INFO  impl.RoleInfo (RoleInfo.java:shutdownFollowerState(110)) - b5ed12de-f90d-40ef-a4f6-6f0ba0776d3f: shutdown b5ed12de-f90d-40ef-a4f6-6f0ba0776d3f@group-B7260385CADC-FollowerState
2023-04-21 06:18:09,297 [b5ed12de-f90d-40ef-a4f6-6f0ba0776d3f@group-B7260385CADC-FollowerState] INFO  server.RaftServer$Division (RaftServerImpl.java:setRole(321)) - b5ed12de-f90d-40ef-a4f6-6f0ba0776d3f@group-B7260385CADC: changes role from  FOLLOWER to CANDIDATE at term 0 for changeToCandidate
2023-04-21 06:18:09,297 [b5ed12de-f90d-40ef-a4f6-6f0ba0776d3f@group-B7260385CADC-FollowerState] INFO  server.RaftServerConfigKeys (ConfUtils.java:logGet(46)) - raft.server.leaderelection.pre-vote = true (default)
2023-04-21 06:18:09,297 [b5ed12de-f90d-40ef-a4f6-6f0ba0776d3f@group-B7260385CADC-FollowerState] INFO  impl.RoleInfo (RoleInfo.java:updateAndGet(139)) - b5ed12de-f90d-40ef-a4f6-6f0ba0776d3f: start b5ed12de-f90d-40ef-a4f6-6f0ba0776d3f@group-B7260385CADC-LeaderElection36
2023-04-21 06:18:09,302 [b5ed12de-f90d-40ef-a4f6-6f0ba0776d3f@group-B7260385CADC-LeaderElection36] INFO  impl.LeaderElection (LeaderElection.java:askForVotes(312)) - b5ed12de-f90d-40ef-a4f6-6f0ba0776d3f@group-B7260385CADC-LeaderElection36 PRE_VOTE round 0: submit vote requests at term 0 for -1: peers:[b5ed12de-f90d-40ef-a4f6-6f0ba0776d3f|rpc:10.1.0.35:37973|dataStream:10.1.0.35:44447|priority:1|startupRole:FOLLOWER, fe0baf38-ef32-47f5-977d-6484d2e153f1|rpc:10.1.0.35:37765|dataStream:10.1.0.35:35889|priority:0|startupRole:FOLLOWER, b6e9b414-768d-4e3e-88d3-472f8ec22e92|rpc:10.1.0.35:42709|dataStream:10.1.0.35:45909|priority:0|startupRole:FOLLOWER]|listeners:[], old=null
2023-04-21 06:18:09,304 [b5ed12de-f90d-40ef-a4f6-6f0ba0776d3f@group-B7260385CADC-LeaderElection36] INFO  server.RaftServerConfigKeys (ConfUtils.java:logFallback(53)) - raft.server.rpc.first-election.timeout.min = 5s (fallback to raft.server.rpc.timeout.min)
2023-04-21 06:18:09,304 [b5ed12de-f90d-40ef-a4f6-6f0ba0776d3f@group-B7260385CADC-LeaderElection36] INFO  server.RaftServerConfigKeys (ConfUtils.java:logFallback(53)) - raft.server.rpc.first-election.timeout.max = 5200ms (fallback to raft.server.rpc.timeout.max)
2023-04-21 06:18:09,314 [grpc-default-executor-0] INFO  server.RaftServer$Division (RaftServerImpl.java:requestVote(1218)) - fe0baf38-ef32-47f5-977d-6484d2e153f1@group-B7260385CADC: receive requestVote(PRE_VOTE, b5ed12de-f90d-40ef-a4f6-6f0ba0776d3f, group-B7260385CADC, 0, (t:0, i:0))
2023-04-21 06:18:09,314 [grpc-default-executor-0] INFO  impl.VoteContext (VoteContext.java:log(49)) - fe0baf38-ef32-47f5-977d-6484d2e153f1@group-B7260385CADC-FOLLOWER: accept PRE_VOTE from b5ed12de-f90d-40ef-a4f6-6f0ba0776d3f: our priority 0 <= candidate's priority 1
2023-04-21 06:18:09,314 [grpc-default-executor-0] INFO  server.RaftServer$Division (RaftServerImpl.java:requestVote(1251)) - fe0baf38-ef32-47f5-977d-6484d2e153f1@group-B7260385CADC replies to PRE_VOTE vote request: b5ed12de-f90d-40ef-a4f6-6f0ba0776d3f<-fe0baf38-ef32-47f5-977d-6484d2e153f1#0:OK-t0. Peer's state: fe0baf38-ef32-47f5-977d-6484d2e153f1@group-B7260385CADC:t0, leader=null, voted=, raftlog=Memoized:fe0baf38-ef32-47f5-977d-6484d2e153f1@group-B7260385CADC-SegmentedRaftLog:OPENED:c-1, conf=-1: peers:[b5ed12de-f90d-40ef-a4f6-6f0ba0776d3f|rpc:10.1.0.35:37973|dataStream:10.1.0.35:44447|priority:1|startupRole:FOLLOWER, fe0baf38-ef32-47f5-977d-6484d2e153f1|rpc:10.1.0.35:37765|dataStream:10.1.0.35:35889|priority:0|startupRole:FOLLOWER, b6e9b414-768d-4e3e-88d3-472f8ec22e92|rpc:10.1.0.35:42709|dataStream:10.1.0.35:45909|priority:0|startupRole:FOLLOWER]|listeners:[], old=null
2023-04-21 06:18:09,315 [grpc-default-executor-1] INFO  server.RaftServer$Division (RaftServerImpl.java:requestVote(1218)) - fe0baf38-ef32-47f5-977d-6484d2e153f1@group-45CFD87F60C3: receive requestVote(PRE_VOTE, b6e9b414-768d-4e3e-88d3-472f8ec22e92, group-45CFD87F60C3, 0, (t:0, i:0))
2023-04-21 06:18:09,316 [b5ed12de-f90d-40ef-a4f6-6f0ba0776d3f@group-B7260385CADC-LeaderElection36] INFO  impl.LeaderElection (LeaderElection.java:logAndReturn(90)) - b5ed12de-f90d-40ef-a4f6-6f0ba0776d3f@group-B7260385CADC-LeaderElection36: PRE_VOTE PASSED received 1 response(s) and 0 exception(s):
2023-04-21 06:18:09,317 [b5ed12de-f90d-40ef-a4f6-6f0ba0776d3f@group-B7260385CADC-LeaderElection36] INFO  impl.LeaderElection (LeaderElection.java:logAndReturn(94)) -   Response 0: b5ed12de-f90d-40ef-a4f6-6f0ba0776d3f<-fe0baf38-ef32-47f5-977d-6484d2e153f1#0:OK-t0
2023-04-21 06:18:09,317 [grpc-default-executor-0] INFO  server.RaftServer$Division (RaftServerImpl.java:requestVote(1218)) - b6e9b414-768d-4e3e-88d3-472f8ec22e92@group-B7260385CADC: receive requestVote(PRE_VOTE, b5ed12de-f90d-40ef-a4f6-6f0ba0776d3f, group-B7260385CADC, 0, (t:0, i:0))
2023-04-21 06:18:09,317 [b5ed12de-f90d-40ef-a4f6-6f0ba0776d3f@group-B7260385CADC-LeaderElection36] INFO  impl.LeaderElection (LeaderElection.java:askForVotes(314)) - b5ed12de-f90d-40ef-a4f6-6f0ba0776d3f@group-B7260385CADC-LeaderElection36 PRE_VOTE round 0: result PASSED
2023-04-21 06:18:09,318 [grpc-default-executor-0] INFO  impl.VoteContext (VoteContext.java:log(49)) - b6e9b414-768d-4e3e-88d3-472f8ec22e92@group-B7260385CADC-FOLLOWER: accept PRE_VOTE from b5ed12de-f90d-40ef-a4f6-6f0ba0776d3f: our priority 0 <= candidate's priority 1
2023-04-21 06:18:09,318 [grpc-default-executor-0] INFO  server.RaftServer$Division (RaftServerImpl.java:requestVote(1251)) - b6e9b414-768d-4e3e-88d3-472f8ec22e92@group-B7260385CADC replies to PRE_VOTE vote request: b5ed12de-f90d-40ef-a4f6-6f0ba0776d3f<-b6e9b414-768d-4e3e-88d3-472f8ec22e92#0:OK-t0. Peer's state: b6e9b414-768d-4e3e-88d3-472f8ec22e92@group-B7260385CADC:t0, leader=null, voted=, raftlog=Memoized:b6e9b414-768d-4e3e-88d3-472f8ec22e92@group-B7260385CADC-SegmentedRaftLog:OPENED:c-1, conf=-1: peers:[b5ed12de-f90d-40ef-a4f6-6f0ba0776d3f|rpc:10.1.0.35:37973|dataStream:10.1.0.35:44447|priority:1|startupRole:FOLLOWER, fe0baf38-ef32-47f5-977d-6484d2e153f1|rpc:10.1.0.35:37765|dataStream:10.1.0.35:35889|priority:0|startupRole:FOLLOWER, b6e9b414-768d-4e3e-88d3-472f8ec22e92|rpc:10.1.0.35:42709|dataStream:10.1.0.35:45909|priority:0|startupRole:FOLLOWER]|listeners:[], old=null
2023-04-21 06:18:09,319 [b5ed12de-f90d-40ef-a4f6-6f0ba0776d3f@group-B7260385CADC-LeaderElection36] INFO  impl.LeaderElection (LeaderElection.java:askForVotes(312)) - b5ed12de-f90d-40ef-a4f6-6f0ba0776d3f@group-B7260385CADC-LeaderElection36 ELECTION round 0: submit vote requests at term 1 for -1: peers:[b5ed12de-f90d-40ef-a4f6-6f0ba0776d3f|rpc:10.1.0.35:37973|dataStream:10.1.0.35:44447|priority:1|startupRole:FOLLOWER, fe0baf38-ef32-47f5-977d-6484d2e153f1|rpc:10.1.0.35:37765|dataStream:10.1.0.35:35889|priority:0|startupRole:FOLLOWER, b6e9b414-768d-4e3e-88d3-472f8ec22e92|rpc:10.1.0.35:42709|dataStream:10.1.0.35:45909|priority:0|startupRole:FOLLOWER]|listeners:[], old=null
2023-04-21 06:18:09,317 [grpc-default-executor-1] INFO  impl.VoteContext (VoteContext.java:log(49)) - fe0baf38-ef32-47f5-977d-6484d2e153f1@group-45CFD87F60C3-FOLLOWER: accept PRE_VOTE from b6e9b414-768d-4e3e-88d3-472f8ec22e92: our priority 0 <= candidate's priority 1
2023-04-21 06:18:09,320 [grpc-default-executor-1] INFO  server.RaftServer$Division (RaftServerImpl.java:requestVote(1251)) - fe0baf38-ef32-47f5-977d-6484d2e153f1@group-45CFD87F60C3 replies to PRE_VOTE vote request: b6e9b414-768d-4e3e-88d3-472f8ec22e92<-fe0baf38-ef32-47f5-977d-6484d2e153f1#0:OK-t0. Peer's state: fe0baf38-ef32-47f5-977d-6484d2e153f1@group-45CFD87F60C3:t0, leader=null, voted=, raftlog=Memoized:fe0baf38-ef32-47f5-977d-6484d2e153f1@group-45CFD87F60C3-SegmentedRaftLog:OPENED:c-1, conf=-1: peers:[b5ed12de-f90d-40ef-a4f6-6f0ba0776d3f|rpc:10.1.0.35:37973|dataStream:10.1.0.35:44447|priority:0|startupRole:FOLLOWER, fe0baf38-ef32-47f5-977d-6484d2e153f1|rpc:10.1.0.35:37765|dataStream:10.1.0.35:35889|priority:0|startupRole:FOLLOWER, b6e9b414-768d-4e3e-88d3-472f8ec22e92|rpc:10.1.0.35:42709|dataStream:10.1.0.35:45909|priority:1|startupRole:FOLLOWER]|listeners:[], old=null
2023-04-21 06:18:09,322 [b5ed12de-f90d-40ef-a4f6-6f0ba0776d3f@group-B7260385CADC-LeaderElection36] INFO  server.RaftServerConfigKeys (ConfUtils.java:logFallback(53)) - raft.server.rpc.first-election.timeout.min = 5s (fallback to raft.server.rpc.timeout.min)
2023-04-21 06:18:09,323 [b5ed12de-f90d-40ef-a4f6-6f0ba0776d3f@group-B7260385CADC-LeaderElection36] INFO  server.RaftServerConfigKeys (ConfUtils.java:logFallback(53)) - raft.server.rpc.first-election.timeout.max = 5200ms (fallback to raft.server.rpc.timeout.max)
2023-04-21 06:18:09,325 [grpc-default-executor-0] INFO  server.RaftServer$Division (RaftServerImpl.java:requestVote(1218)) - fe0baf38-ef32-47f5-977d-6484d2e153f1@group-B7260385CADC: receive requestVote(ELECTION, b5ed12de-f90d-40ef-a4f6-6f0ba0776d3f, group-B7260385CADC, 1, (t:0, i:0))
2023-04-21 06:18:09,325 [grpc-default-executor-0] INFO  impl.VoteContext (VoteContext.java:log(49)) - fe0baf38-ef32-47f5-977d-6484d2e153f1@group-B7260385CADC-FOLLOWER: accept ELECTION from b5ed12de-f90d-40ef-a4f6-6f0ba0776d3f: our priority 0 <= candidate's priority 1
2023-04-21 06:18:09,325 [grpc-default-executor-0] INFO  server.RaftServer$Division (RaftServerImpl.java:setRole(321)) - fe0baf38-ef32-47f5-977d-6484d2e153f1@group-B7260385CADC: changes role from  FOLLOWER to FOLLOWER at term 1 for candidate:b5ed12de-f90d-40ef-a4f6-6f0ba0776d3f
2023-04-21 06:18:09,325 [grpc-default-executor-0] INFO  impl.RoleInfo (RoleInfo.java:shutdownFollowerState(110)) - fe0baf38-ef32-47f5-977d-6484d2e153f1: shutdown fe0baf38-ef32-47f5-977d-6484d2e153f1@group-B7260385CADC-FollowerState
2023-04-21 06:18:09,325 [grpc-default-executor-0] INFO  impl.RoleInfo (RoleInfo.java:updateAndGet(139)) - fe0baf38-ef32-47f5-977d-6484d2e153f1: start fe0baf38-ef32-47f5-977d-6484d2e153f1@group-B7260385CADC-FollowerState
2023-04-21 06:18:09,325 [fe0baf38-ef32-47f5-977d-6484d2e153f1@group-B7260385CADC-FollowerState] INFO  impl.FollowerState (FollowerState.java:run(152)) - fe0baf38-ef32-47f5-977d-6484d2e153f1@group-B7260385CADC-FollowerState was interrupted
2023-04-21 06:18:09,330 [grpc-default-executor-0] INFO  server.RaftServer$Division (RaftServerImpl.java:requestVote(1251)) - fe0baf38-ef32-47f5-977d-6484d2e153f1@group-B7260385CADC replies to ELECTION vote request: b5ed12de-f90d-40ef-a4f6-6f0ba0776d3f<-fe0baf38-ef32-47f5-977d-6484d2e153f1#0:OK-t1. Peer's state: fe0baf38-ef32-47f5-977d-6484d2e153f1@group-B7260385CADC:t1, leader=null, voted=b5ed12de-f90d-40ef-a4f6-6f0ba0776d3f, raftlog=Memoized:fe0baf38-ef32-47f5-977d-6484d2e153f1@group-B7260385CADC-SegmentedRaftLog:OPENED:c-1, conf=-1: peers:[b5ed12de-f90d-40ef-a4f6-6f0ba0776d3f|rpc:10.1.0.35:37973|dataStream:10.1.0.35:44447|priority:1|startupRole:FOLLOWER, fe0baf38-ef32-47f5-977d-6484d2e153f1|rpc:10.1.0.35:37765|dataStream:10.1.0.35:35889|priority:0|startupRole:FOLLOWER, b6e9b414-768d-4e3e-88d3-472f8ec22e92|rpc:10.1.0.35:42709|dataStream:10.1.0.35:45909|priority:0|startupRole:FOLLOWER]|listeners:[], old=null
2023-04-21 06:18:09,331 [grpc-default-executor-1] INFO  server.RaftServer$Division (RaftServerImpl.java:requestVote(1218)) - b6e9b414-768d-4e3e-88d3-472f8ec22e92@group-B7260385CADC: receive requestVote(ELECTION, b5ed12de-f90d-40ef-a4f6-6f0ba0776d3f, group-B7260385CADC, 1, (t:0, i:0))
2023-04-21 06:18:09,331 [grpc-default-executor-2] INFO  server.RaftServer$Division (RaftServerImpl.java:requestVote(1218)) - b5ed12de-f90d-40ef-a4f6-6f0ba0776d3f@group-45CFD87F60C3: receive requestVote(PRE_VOTE, b6e9b414-768d-4e3e-88d3-472f8ec22e92, group-45CFD87F60C3, 0, (t:0, i:0))
2023-04-21 06:18:09,331 [grpc-default-executor-2] INFO  impl.VoteContext (VoteContext.java:log(49)) - b5ed12de-f90d-40ef-a4f6-6f0ba0776d3f@group-45CFD87F60C3-FOLLOWER: accept PRE_VOTE from b6e9b414-768d-4e3e-88d3-472f8ec22e92: our priority 0 <= candidate's priority 1
2023-04-21 06:18:09,331 [grpc-default-executor-2] INFO  server.RaftServer$Division (RaftServerImpl.java:requestVote(1251)) - b5ed12de-f90d-40ef-a4f6-6f0ba0776d3f@group-45CFD87F60C3 replies to PRE_VOTE vote request: b6e9b414-768d-4e3e-88d3-472f8ec22e92<-b5ed12de-f90d-40ef-a4f6-6f0ba0776d3f#0:OK-t0. Peer's state: b5ed12de-f90d-40ef-a4f6-6f0ba0776d3f@group-45CFD87F60C3:t0, leader=null, voted=, raftlog=Memoized:b5ed12de-f90d-40ef-a4f6-6f0ba0776d3f@group-45CFD87F60C3-SegmentedRaftLog:OPENED:c-1, conf=-1: peers:[b5ed12de-f90d-40ef-a4f6-6f0ba0776d3f|rpc:10.1.0.35:37973|dataStream:10.1.0.35:44447|priority:0|startupRole:FOLLOWER, fe0baf38-ef32-47f5-977d-6484d2e153f1|rpc:10.1.0.35:37765|dataStream:10.1.0.35:35889|priority:0|startupRole:FOLLOWER, b6e9b414-768d-4e3e-88d3-472f8ec22e92|rpc:10.1.0.35:42709|dataStream:10.1.0.35:45909|priority:1|startupRole:FOLLOWER]|listeners:[], old=null
2023-04-21 06:18:09,332 [grpc-default-executor-1] INFO  impl.VoteContext (VoteContext.java:log(49)) - b6e9b414-768d-4e3e-88d3-472f8ec22e92@group-B7260385CADC-FOLLOWER: accept ELECTION from b5ed12de-f90d-40ef-a4f6-6f0ba0776d3f: our priority 0 <= candidate's priority 1
2023-04-21 06:18:09,332 [grpc-default-executor-1] INFO  server.RaftServer$Division (RaftServerImpl.java:setRole(321)) - b6e9b414-768d-4e3e-88d3-472f8ec22e92@group-B7260385CADC: changes role from  FOLLOWER to FOLLOWER at term 1 for candidate:b5ed12de-f90d-40ef-a4f6-6f0ba0776d3f
2023-04-21 06:18:09,332 [b5ed12de-f90d-40ef-a4f6-6f0ba0776d3f@group-B7260385CADC-LeaderElection36] INFO  impl.LeaderElection (LeaderElection.java:logAndReturn(90)) - b5ed12de-f90d-40ef-a4f6-6f0ba0776d3f@group-B7260385CADC-LeaderElection36: ELECTION PASSED received 1 response(s) and 0 exception(s):
2023-04-21 06:18:09,332 [b5ed12de-f90d-40ef-a4f6-6f0ba0776d3f@group-B7260385CADC-LeaderElection36] INFO  impl.LeaderElection (LeaderElection.java:logAndReturn(94)) -   Response 0: b5ed12de-f90d-40ef-a4f6-6f0ba0776d3f<-fe0baf38-ef32-47f5-977d-6484d2e153f1#0:OK-t1
2023-04-21 06:18:09,332 [b5ed12de-f90d-40ef-a4f6-6f0ba0776d3f@group-B7260385CADC-LeaderElection36] INFO  impl.LeaderElection (LeaderElection.java:askForVotes(314)) - b5ed12de-f90d-40ef-a4f6-6f0ba0776d3f@group-B7260385CADC-LeaderElection36 ELECTION round 0: result PASSED
2023-04-21 06:18:09,332 [b5ed12de-f90d-40ef-a4f6-6f0ba0776d3f@group-B7260385CADC-LeaderElection36] INFO  impl.RoleInfo (RoleInfo.java:shutdownLeaderElection(130)) - b5ed12de-f90d-40ef-a4f6-6f0ba0776d3f: shutdown b5ed12de-f90d-40ef-a4f6-6f0ba0776d3f@group-B7260385CADC-LeaderElection36
2023-04-21 06:18:09,333 [b5ed12de-f90d-40ef-a4f6-6f0ba0776d3f@group-B7260385CADC-LeaderElection36] INFO  server.RaftServer$Division (RaftServerImpl.java:setRole(321)) - b5ed12de-f90d-40ef-a4f6-6f0ba0776d3f@group-B7260385CADC: changes role from CANDIDATE to LEADER at term 1 for changeToLeader
2023-04-21 06:18:09,332 [grpc-default-executor-1] INFO  impl.RoleInfo (RoleInfo.java:shutdownFollowerState(110)) - b6e9b414-768d-4e3e-88d3-472f8ec22e92: shutdown b6e9b414-768d-4e3e-88d3-472f8ec22e92@group-B7260385CADC-FollowerState
2023-04-21 06:18:09,333 [grpc-default-executor-1] INFO  impl.RoleInfo (RoleInfo.java:updateAndGet(139)) - b6e9b414-768d-4e3e-88d3-472f8ec22e92: start b6e9b414-768d-4e3e-88d3-472f8ec22e92@group-B7260385CADC-FollowerState
2023-04-21 06:18:09,333 [b6e9b414-768d-4e3e-88d3-472f8ec22e92@group-B7260385CADC-FollowerState] INFO  impl.FollowerState (FollowerState.java:run(152)) - b6e9b414-768d-4e3e-88d3-472f8ec22e92@group-B7260385CADC-FollowerState was interrupted
2023-04-21 06:18:09,333 [b5ed12de-f90d-40ef-a4f6-6f0ba0776d3f@group-B7260385CADC-LeaderElection36] INFO  ratis.XceiverServerRatis (XceiverServerRatis.java:handleLeaderChangedNotification(904)) - Leader change notification received for group: group-B7260385CADC with new leaderId: b5ed12de-f90d-40ef-a4f6-6f0ba0776d3f
2023-04-21 06:18:09,333 [b5ed12de-f90d-40ef-a4f6-6f0ba0776d3f@group-B7260385CADC-LeaderElection36] INFO  server.RaftServer$Division (ServerState.java:setLeader(313)) - b5ed12de-f90d-40ef-a4f6-6f0ba0776d3f@group-B7260385CADC: change Leader from null to b5ed12de-f90d-40ef-a4f6-6f0ba0776d3f at term 1 for becomeLeader, leader elected after 5150ms
2023-04-21 06:18:09,333 [b5ed12de-f90d-40ef-a4f6-6f0ba0776d3f@group-B7260385CADC-LeaderElection36] INFO  server.RaftServerConfigKeys (ConfUtils.java:logGet(46)) - raft.server.staging.catchup.gap = 1000 (default)
2023-04-21 06:18:09,333 [b5ed12de-f90d-40ef-a4f6-6f0ba0776d3f@group-B7260385CADC-LeaderElection36] INFO  server.RaftServerConfigKeys (ConfUtils.java:logGet(46)) - raft.server.write.element-limit = 1024 (custom)
2023-04-21 06:18:09,333 [b5ed12de-f90d-40ef-a4f6-6f0ba0776d3f@group-B7260385CADC-LeaderElection36] INFO  server.RaftServerConfigKeys (ConfUtils.java:logGet(46)) - raft.server.write.byte-limit = 1024 M (=1073741824) (custom)
2023-04-21 06:18:09,333 [b5ed12de-f90d-40ef-a4f6-6f0ba0776d3f@group-B7260385CADC-LeaderElection36] INFO  server.RaftServerConfigKeys (ConfUtils.java:logGet(46)) - raft.server.watch.timeout = 180s (custom)
2023-04-21 06:18:09,334 [b5ed12de-f90d-40ef-a4f6-6f0ba0776d3f@group-B7260385CADC-LeaderElection36] INFO  server.RaftServerConfigKeys (ConfUtils.java:logGet(46)) - raft.server.watch.timeout.denomination = 1s (default)
2023-04-21 06:18:09,334 [b5ed12de-f90d-40ef-a4f6-6f0ba0776d3f@group-B7260385CADC-LeaderElection36] INFO  server.RaftServerConfigKeys (ConfUtils.java:logGet(46)) - raft.server.watch.element-limit = 65536 (default)
2023-04-21 06:18:09,334 [b5ed12de-f90d-40ef-a4f6-6f0ba0776d3f@group-B7260385CADC-LeaderElection36] INFO  server.RaftServerConfigKeys (ConfUtils.java:logGet(46)) - raft.server.write.element-limit = 1024 (custom)
2023-04-21 06:18:09,334 [b5ed12de-f90d-40ef-a4f6-6f0ba0776d3f@group-B7260385CADC-LeaderElection36] INFO  server.RaftServerConfigKeys (ConfUtils.java:logGet(46)) - raft.server.write.follower.gap.ratio.max = -1.0 (default)
2023-04-21 06:18:09,334 [b5ed12de-f90d-40ef-a4f6-6f0ba0776d3f@group-B7260385CADC-LeaderElection36] INFO  server.RaftServerConfigKeys (ConfUtils.java:logGet(46)) - raft.server.log.appender.snapshot.chunk.size.max = 16MB (=16777216) (default)
2023-04-21 06:18:09,335 [b5ed12de-f90d-40ef-a4f6-6f0ba0776d3f@group-B7260385CADC-LeaderElection36] INFO  server.RaftServerConfigKeys (ConfUtils.java:logGet(46)) - raft.server.log.appender.buffer.byte-limit = 33554432 (custom)
2023-04-21 06:18:09,335 [b5ed12de-f90d-40ef-a4f6-6f0ba0776d3f@group-B7260385CADC-LeaderElection36] INFO  server.RaftServerConfigKeys (ConfUtils.java:logGet(46)) - raft.server.log.appender.buffer.element-limit = 1 (custom)
2023-04-21 06:18:09,335 [b5ed12de-f90d-40ef-a4f6-6f0ba0776d3f@group-B7260385CADC-LeaderElection36] INFO  grpc.GrpcConfigKeys (ConfUtils.java:logGet(46)) - raft.grpc.server.leader.outstanding.appends.max = 128 (default)
2023-04-21 06:18:09,335 [b5ed12de-f90d-40ef-a4f6-6f0ba0776d3f@group-B7260385CADC-LeaderElection36] INFO  server.RaftServerConfigKeys (ConfUtils.java:logGet(46)) - raft.server.rpc.request.timeout = 60s (custom)
2023-04-21 06:18:09,335 [b5ed12de-f90d-40ef-a4f6-6f0ba0776d3f@group-B7260385CADC-LeaderElection36] INFO  server.RaftServerConfigKeys (ConfUtils.java:logGet(46)) - raft.server.log.appender.install.snapshot.enabled = false (custom)
2023-04-21 06:18:09,335 [b5ed12de-f90d-40ef-a4f6-6f0ba0776d3f@group-B7260385CADC-LeaderElection36] INFO  grpc.GrpcConfigKeys (ConfUtils.java:logGet(46)) - raft.grpc.server.heartbeat.channel = true (default)
2023-04-21 06:18:09,335 [b5ed12de-f90d-40ef-a4f6-6f0ba0776d3f@group-B7260385CADC-LeaderElection36] INFO  server.RaftServerConfigKeys (ConfUtils.java:logGet(46)) - raft.server.log.appender.wait-time.min = 10ms (default)
2023-04-21 06:18:09,335 [b5ed12de-f90d-40ef-a4f6-6f0ba0776d3f@group-B7260385CADC-LeaderElection36] INFO  server.RaftServerConfigKeys (ConfUtils.java:logGet(46)) - raft.server.log.appender.snapshot.chunk.size.max = 16MB (=16777216) (default)
2023-04-21 06:18:09,335 [b5ed12de-f90d-40ef-a4f6-6f0ba0776d3f@group-B7260385CADC-LeaderElection36] INFO  server.RaftServerConfigKeys (ConfUtils.java:logGet(46)) - raft.server.log.appender.buffer.byte-limit = 33554432 (custom)
2023-04-21 06:18:09,335 [b5ed12de-f90d-40ef-a4f6-6f0ba0776d3f@group-B7260385CADC-LeaderElection36] INFO  server.RaftServerConfigKeys (ConfUtils.java:logGet(46)) - raft.server.log.appender.buffer.element-limit = 1 (custom)
2023-04-21 06:18:09,335 [b5ed12de-f90d-40ef-a4f6-6f0ba0776d3f@group-B7260385CADC-LeaderElection36] INFO  grpc.GrpcConfigKeys (ConfUtils.java:logGet(46)) - raft.grpc.server.leader.outstanding.appends.max = 128 (default)
2023-04-21 06:18:09,335 [b5ed12de-f90d-40ef-a4f6-6f0ba0776d3f@group-B7260385CADC-LeaderElection36] INFO  server.RaftServerConfigKeys (ConfUtils.java:logGet(46)) - raft.server.rpc.request.timeout = 60s (custom)
2023-04-21 06:18:09,335 [b5ed12de-f90d-40ef-a4f6-6f0ba0776d3f@group-B7260385CADC-LeaderElection36] INFO  server.RaftServerConfigKeys (ConfUtils.java:logGet(46)) - raft.server.log.appender.install.snapshot.enabled = false (custom)
2023-04-21 06:18:09,336 [b5ed12de-f90d-40ef-a4f6-6f0ba0776d3f@group-B7260385CADC-LeaderElection36] INFO  grpc.GrpcConfigKeys (ConfUtils.java:logGet(46)) - raft.grpc.server.heartbeat.channel = true (default)
2023-04-21 06:18:09,336 [b5ed12de-f90d-40ef-a4f6-6f0ba0776d3f@group-B7260385CADC-LeaderElection36] INFO  server.RaftServerConfigKeys (ConfUtils.java:logGet(46)) - raft.server.log.appender.wait-time.min = 10ms (default)
2023-04-21 06:18:09,336 [b5ed12de-f90d-40ef-a4f6-6f0ba0776d3f@group-B7260385CADC-LeaderElection36] INFO  impl.RoleInfo (RoleInfo.java:updateAndGet(139)) - b5ed12de-f90d-40ef-a4f6-6f0ba0776d3f: start b5ed12de-f90d-40ef-a4f6-6f0ba0776d3f@group-B7260385CADC-LeaderStateImpl
2023-04-21 06:18:09,336 [b5ed12de-f90d-40ef-a4f6-6f0ba0776d3f@group-B7260385CADC-LeaderElection36] INFO  segmented.SegmentedRaftLogWorker (SegmentedRaftLogWorker.java:startLogSegment(452)) - b5ed12de-f90d-40ef-a4f6-6f0ba0776d3f@group-B7260385CADC-SegmentedRaftLogWorker: Starting segment from index:0
2023-04-21 06:18:09,334 [b6e9b414-768d-4e3e-88d3-472f8ec22e92@group-45CFD87F60C3-LeaderElection35] INFO  impl.LeaderElection (LeaderElection.java:logAndReturn(90)) - b6e9b414-768d-4e3e-88d3-472f8ec22e92@group-45CFD87F60C3-LeaderElection35: PRE_VOTE PASSED received 1 response(s) and 0 exception(s):
2023-04-21 06:18:09,336 [b6e9b414-768d-4e3e-88d3-472f8ec22e92@group-45CFD87F60C3-LeaderElection35] INFO  impl.LeaderElection (LeaderElection.java:logAndReturn(94)) -   Response 0: b6e9b414-768d-4e3e-88d3-472f8ec22e92<-fe0baf38-ef32-47f5-977d-6484d2e153f1#0:OK-t0
2023-04-21 06:18:09,336 [b6e9b414-768d-4e3e-88d3-472f8ec22e92@group-45CFD87F60C3-LeaderElection35] INFO  impl.LeaderElection (LeaderElection.java:askForVotes(314)) - b6e9b414-768d-4e3e-88d3-472f8ec22e92@group-45CFD87F60C3-LeaderElection35 PRE_VOTE round 0: result PASSED
2023-04-21 06:18:09,337 [grpc-default-executor-1] INFO  server.RaftServer$Division (RaftServerImpl.java:requestVote(1251)) - b6e9b414-768d-4e3e-88d3-472f8ec22e92@group-B7260385CADC replies to ELECTION vote request: b5ed12de-f90d-40ef-a4f6-6f0ba0776d3f<-b6e9b414-768d-4e3e-88d3-472f8ec22e92#0:OK-t1. Peer's state: b6e9b414-768d-4e3e-88d3-472f8ec22e92@group-B7260385CADC:t1, leader=null, voted=b5ed12de-f90d-40ef-a4f6-6f0ba0776d3f, raftlog=Memoized:b6e9b414-768d-4e3e-88d3-472f8ec22e92@group-B7260385CADC-SegmentedRaftLog:OPENED:c-1, conf=-1: peers:[b5ed12de-f90d-40ef-a4f6-6f0ba0776d3f|rpc:10.1.0.35:37973|dataStream:10.1.0.35:44447|priority:1|startupRole:FOLLOWER, fe0baf38-ef32-47f5-977d-6484d2e153f1|rpc:10.1.0.35:37765|dataStream:10.1.0.35:35889|priority:0|startupRole:FOLLOWER, b6e9b414-768d-4e3e-88d3-472f8ec22e92|rpc:10.1.0.35:42709|dataStream:10.1.0.35:45909|priority:0|startupRole:FOLLOWER]|listeners:[], old=null
2023-04-21 06:18:09,338 [EventQueue-OpenPipelineForHealthyPipelineSafeModeRule] INFO  safemode.SCMSafeModeManager (HealthyPipelineSafeModeRule.java:process(137)) - SCM in safe mode. Healthy pipelines reported count is 0, required healthy pipeline reported count is 1
2023-04-21 06:18:09,333 [fe0baf38-ef32-47f5-977d-6484d2e153f1@group-B7260385CADC-FollowerState] INFO  server.RaftServerConfigKeys (ConfUtils.java:logFallback(53)) - raft.server.rpc.first-election.timeout.min = 5s (fallback to raft.server.rpc.timeout.min)
2023-04-21 06:18:09,338 [fe0baf38-ef32-47f5-977d-6484d2e153f1@group-B7260385CADC-FollowerState] INFO  server.RaftServerConfigKeys (ConfUtils.java:logFallback(53)) - raft.server.rpc.first-election.timeout.max = 5200ms (fallback to raft.server.rpc.timeout.max)
2023-04-21 06:18:09,338 [b5ed12de-f90d-40ef-a4f6-6f0ba0776d3f@group-B7260385CADC-SegmentedRaftLogWorker] INFO  segmented.SegmentedRaftLogWorker (SegmentedRaftLogWorker.java:execute(656)) - b5ed12de-f90d-40ef-a4f6-6f0ba0776d3f@group-B7260385CADC-SegmentedRaftLogWorker: created new log segment /home/runner/work/ozone/ozone/hadoop-ozone/integration-test/target/test-dir/MiniOzoneClusterImpl-095cf78d-69a9-402e-99bd-cb43c7978d28/datanode-0/data/ratis/079c5fba-b4cc-4007-98bd-b7260385cadc/current/log_inprogress_0
2023-04-21 06:18:09,339 [b6e9b414-768d-4e3e-88d3-472f8ec22e92@group-45CFD87F60C3-LeaderElection35] INFO  impl.LeaderElection (LeaderElection.java:askForVotes(312)) - b6e9b414-768d-4e3e-88d3-472f8ec22e92@group-45CFD87F60C3-LeaderElection35 ELECTION round 0: submit vote requests at term 1 for -1: peers:[b5ed12de-f90d-40ef-a4f6-6f0ba0776d3f|rpc:10.1.0.35:37973|dataStream:10.1.0.35:44447|priority:0|startupRole:FOLLOWER, fe0baf38-ef32-47f5-977d-6484d2e153f1|rpc:10.1.0.35:37765|dataStream:10.1.0.35:35889|priority:0|startupRole:FOLLOWER, b6e9b414-768d-4e3e-88d3-472f8ec22e92|rpc:10.1.0.35:42709|dataStream:10.1.0.35:45909|priority:1|startupRole:FOLLOWER]|listeners:[], old=null
2023-04-21 06:18:09,342 [b5ed12de-f90d-40ef-a4f6-6f0ba0776d3f@group-B7260385CADC-LeaderElection36] INFO  server.RaftServer$Division (ServerState.java:setRaftConf(430)) - b5ed12de-f90d-40ef-a4f6-6f0ba0776d3f@group-B7260385CADC: set configuration 0: peers:[b5ed12de-f90d-40ef-a4f6-6f0ba0776d3f|rpc:10.1.0.35:37973|dataStream:10.1.0.35:44447|priority:1|startupRole:FOLLOWER, fe0baf38-ef32-47f5-977d-6484d2e153f1|rpc:10.1.0.35:37765|dataStream:10.1.0.35:35889|priority:0|startupRole:FOLLOWER, b6e9b414-768d-4e3e-88d3-472f8ec22e92|rpc:10.1.0.35:42709|dataStream:10.1.0.35:45909|priority:0|startupRole:FOLLOWER]|listeners:[], old=null
2023-04-21 06:18:09,342 [b6e9b414-768d-4e3e-88d3-472f8ec22e92@group-45CFD87F60C3-LeaderElection35] INFO  server.RaftServerConfigKeys (ConfUtils.java:logFallback(53)) - raft.server.rpc.first-election.timeout.min = 5s (fallback to raft.server.rpc.timeout.min)
2023-04-21 06:18:09,343 [b6e9b414-768d-4e3e-88d3-472f8ec22e92@group-45CFD87F60C3-LeaderElection35] INFO  server.RaftServerConfigKeys (ConfUtils.java:logFallback(53)) - raft.server.rpc.first-election.timeout.max = 5200ms (fallback to raft.server.rpc.timeout.max)
2023-04-21 06:18:09,334 [b6e9b414-768d-4e3e-88d3-472f8ec22e92@group-B7260385CADC-FollowerState] INFO  server.RaftServerConfigKeys (ConfUtils.java:logFallback(53)) - raft.server.rpc.first-election.timeout.min = 5s (fallback to raft.server.rpc.timeout.min)
2023-04-21 06:18:09,338 [EventQueue-PipelineReportForPipelineReportHandler] INFO  pipeline.PipelineManagerImpl (PipelineManagerImpl.java:openPipeline(367)) - Pipeline Pipeline[ Id: 079c5fba-b4cc-4007-98bd-b7260385cadc, Nodes: b5ed12de-f90d-40ef-a4f6-6f0ba0776d3f(fv-az205-422/10.1.0.35)b6e9b414-768d-4e3e-88d3-472f8ec22e92(fv-az205-422/10.1.0.35)fe0baf38-ef32-47f5-977d-6484d2e153f1(fv-az205-422/10.1.0.35), ReplicationConfig: RATIS/THREE, State:ALLOCATED, leaderId:b5ed12de-f90d-40ef-a4f6-6f0ba0776d3f, CreationTimestamp2023-04-21T06:18:01.697Z[Etc/UTC]] moved to OPEN state
2023-04-21 06:18:09,346 [EventQueue-OpenPipelineForHealthyPipelineSafeModeRule] INFO  safemode.SCMSafeModeManager (HealthyPipelineSafeModeRule.java:process(137)) - SCM in safe mode. Healthy pipelines reported count is 1, required healthy pipeline reported count is 1
2023-04-21 06:18:09,346 [EventQueue-OpenPipelineForHealthyPipelineSafeModeRule] INFO  safemode.SCMSafeModeManager (SCMSafeModeManager.java:validateSafeModeExitRules(200)) - HealthyPipelineSafeModeRule rule is successfully validated
2023-04-21 06:18:09,346 [EventQueue-OpenPipelineForHealthyPipelineSafeModeRule] INFO  safemode.SCMSafeModeManager (SCMSafeModeManager.java:validateSafeModeExitRules(215)) - ScmSafeModeManager, all rules are successfully validated
2023-04-21 06:18:09,346 [EventQueue-OpenPipelineForHealthyPipelineSafeModeRule] INFO  safemode.SCMSafeModeManager (SCMSafeModeManager.java:exitSafeMode(244)) - SCM exiting safe mode.
2023-04-21 06:18:09,346 [EventQueue-OpenPipelineForHealthyPipelineSafeModeRule] INFO  ha.SCMContext (SCMContext.java:updateSafeModeStatus(228)) - Update SafeModeStatus from SafeModeStatus{safeModeStatus=true, preCheckPassed=true} to SafeModeStatus{safeModeStatus=false, preCheckPassed=true}.
2023-04-21 06:18:09,346 [EventQueue-OpenPipelineForHealthyPipelineSafeModeRule] INFO  pipeline.BackgroundPipelineCreator (BackgroundPipelineCreator.java:notifyStatusChanged(254)) - Service BackgroundPipelineCreator transitions to RUNNING.
2023-04-21 06:18:09,346 [EventQueue-OpenPipelineForHealthyPipelineSafeModeRule] INFO  BackgroundPipelineScrubber (BackgroundSCMService.java:notifyStatusChanged(82)) - Service BackgroundPipelineScrubber transitions to RUNNING.
2023-04-21 06:18:09,346 [EventQueue-OpenPipelineForHealthyPipelineSafeModeRule] INFO  ExpiredContainerReplicaOpScrubber (BackgroundSCMService.java:notifyStatusChanged(82)) - Service ExpiredContainerReplicaOpScrubber transitions to RUNNING.
2023-04-21 06:18:09,346 [EventQueue-OpenPipelineForHealthyPipelineSafeModeRule] INFO  replication.ReplicationManager (ReplicationManager.java:notifyStatusChanged(1371)) - Service ReplicationManager transitions to RUNNING.
2023-04-21 06:18:09,347 [EventQueue-OpenPipelineForHealthyPipelineSafeModeRule] WARN  balancer.ContainerBalancer (ContainerBalancer.java:shouldRun(132)) - Could not find persisted configuration for ContainerBalancer when checking if ContainerBalancer should run. ContainerBalancer should not run now.
2023-04-21 06:18:09,347 [b6e9b414-768d-4e3e-88d3-472f8ec22e92@group-B7260385CADC-FollowerState] INFO  server.RaftServerConfigKeys (ConfUtils.java:logFallback(53)) - raft.server.rpc.first-election.timeout.max = 5200ms (fallback to raft.server.rpc.timeout.max)
2023-04-21 06:18:09,360 [grpc-default-executor-2] INFO  server.RaftServer$Division (RaftServerImpl.java:requestVote(1218)) - fe0baf38-ef32-47f5-977d-6484d2e153f1@group-45CFD87F60C3: receive requestVote(ELECTION, b6e9b414-768d-4e3e-88d3-472f8ec22e92, group-45CFD87F60C3, 1, (t:0, i:0))
2023-04-21 06:18:09,360 [grpc-default-executor-2] INFO  impl.VoteContext (VoteContext.java:log(49)) - fe0baf38-ef32-47f5-977d-6484d2e153f1@group-45CFD87F60C3-FOLLOWER: accept ELECTION from b6e9b414-768d-4e3e-88d3-472f8ec22e92: our priority 0 <= candidate's priority 1
2023-04-21 06:18:09,360 [grpc-default-executor-2] INFO  server.RaftServer$Division (RaftServerImpl.java:setRole(321)) - fe0baf38-ef32-47f5-977d-6484d2e153f1@group-45CFD87F60C3: changes role from  FOLLOWER to FOLLOWER at term 1 for candidate:b6e9b414-768d-4e3e-88d3-472f8ec22e92
2023-04-21 06:18:09,360 [grpc-default-executor-2] INFO  impl.RoleInfo (RoleInfo.java:shutdownFollowerState(110)) - fe0baf38-ef32-47f5-977d-6484d2e153f1: shutdown fe0baf38-ef32-47f5-977d-6484d2e153f1@group-45CFD87F60C3-FollowerState
2023-04-21 06:18:09,360 [grpc-default-executor-2] INFO  impl.RoleInfo (RoleInfo.java:updateAndGet(139)) - fe0baf38-ef32-47f5-977d-6484d2e153f1: start fe0baf38-ef32-47f5-977d-6484d2e153f1@group-45CFD87F60C3-FollowerState
2023-04-21 06:18:09,360 [fe0baf38-ef32-47f5-977d-6484d2e153f1@group-45CFD87F60C3-FollowerState] INFO  impl.FollowerState (FollowerState.java:run(152)) - fe0baf38-ef32-47f5-977d-6484d2e153f1@group-45CFD87F60C3-FollowerState was interrupted
2023-04-21 06:18:09,361 [grpc-default-executor-2] INFO  server.RaftServer$Division (RaftServerImpl.java:requestVote(1251)) - fe0baf38-ef32-47f5-977d-6484d2e153f1@group-45CFD87F60C3 replies to ELECTION vote request: b6e9b414-768d-4e3e-88d3-472f8ec22e92<-fe0baf38-ef32-47f5-977d-6484d2e153f1#0:OK-t1. Peer's state: fe0baf38-ef32-47f5-977d-6484d2e153f1@group-45CFD87F60C3:t1, leader=null, voted=b6e9b414-768d-4e3e-88d3-472f8ec22e92, raftlog=Memoized:fe0baf38-ef32-47f5-977d-6484d2e153f1@group-45CFD87F60C3-SegmentedRaftLog:OPENED:c-1, conf=-1: peers:[b5ed12de-f90d-40ef-a4f6-6f0ba0776d3f|rpc:10.1.0.35:37973|dataStream:10.1.0.35:44447|priority:0|startupRole:FOLLOWER, fe0baf38-ef32-47f5-977d-6484d2e153f1|rpc:10.1.0.35:37765|dataStream:10.1.0.35:35889|priority:0|startupRole:FOLLOWER, b6e9b414-768d-4e3e-88d3-472f8ec22e92|rpc:10.1.0.35:42709|dataStream:10.1.0.35:45909|priority:1|startupRole:FOLLOWER]|listeners:[], old=null
2023-04-21 06:18:09,364 [b6e9b414-768d-4e3e-88d3-472f8ec22e92@group-45CFD87F60C3-LeaderElection35] INFO  impl.LeaderElection (LeaderElection.java:logAndReturn(90)) - b6e9b414-768d-4e3e-88d3-472f8ec22e92@group-45CFD87F60C3-LeaderElection35: ELECTION PASSED received 1 response(s) and 0 exception(s):
2023-04-21 06:18:09,364 [b6e9b414-768d-4e3e-88d3-472f8ec22e92@group-45CFD87F60C3-LeaderElection35] INFO  impl.LeaderElection (LeaderElection.java:logAndReturn(94)) -   Response 0: b6e9b414-768d-4e3e-88d3-472f8ec22e92<-fe0baf38-ef32-47f5-977d-6484d2e153f1#0:OK-t1
2023-04-21 06:18:09,365 [grpc-default-executor-6] INFO  server.RaftServer$Division (RaftServerImpl.java:requestVote(1218)) - b5ed12de-f90d-40ef-a4f6-6f0ba0776d3f@group-45CFD87F60C3: receive requestVote(ELECTION, b6e9b414-768d-4e3e-88d3-472f8ec22e92, group-45CFD87F60C3, 1, (t:0, i:0))
2023-04-21 06:18:09,365 [grpc-default-executor-6] INFO  impl.VoteContext (VoteContext.java:log(49)) - b5ed12de-f90d-40ef-a4f6-6f0ba0776d3f@group-45CFD87F60C3-FOLLOWER: accept ELECTION from b6e9b414-768d-4e3e-88d3-472f8ec22e92: our priority 0 <= candidate's priority 1
2023-04-21 06:18:09,365 [grpc-default-executor-6] INFO  server.RaftServer$Division (RaftServerImpl.java:setRole(321)) - b5ed12de-f90d-40ef-a4f6-6f0ba0776d3f@group-45CFD87F60C3: changes role from  FOLLOWER to FOLLOWER at term 1 for candidate:b6e9b414-768d-4e3e-88d3-472f8ec22e92
2023-04-21 06:18:09,365 [grpc-default-executor-6] INFO  impl.RoleInfo (RoleInfo.java:shutdownFollowerState(110)) - b5ed12de-f90d-40ef-a4f6-6f0ba0776d3f: shutdown b5ed12de-f90d-40ef-a4f6-6f0ba0776d3f@group-45CFD87F60C3-FollowerState
2023-04-21 06:18:09,368 [b6e9b414-768d-4e3e-88d3-472f8ec22e92@group-45CFD87F60C3-LeaderElection35] INFO  impl.LeaderElection (LeaderElection.java:askForVotes(314)) - b6e9b414-768d-4e3e-88d3-472f8ec22e92@group-45CFD87F60C3-LeaderElection35 ELECTION round 0: result PASSED
2023-04-21 06:18:09,368 [b6e9b414-768d-4e3e-88d3-472f8ec22e92@group-45CFD87F60C3-LeaderElection35] INFO  impl.RoleInfo (RoleInfo.java:shutdownLeaderElection(130)) - b6e9b414-768d-4e3e-88d3-472f8ec22e92: shutdown b6e9b414-768d-4e3e-88d3-472f8ec22e92@group-45CFD87F60C3-LeaderElection35
2023-04-21 06:18:09,368 [b6e9b414-768d-4e3e-88d3-472f8ec22e92@group-45CFD87F60C3-LeaderElection35] INFO  server.RaftServer$Division (RaftServerImpl.java:setRole(321)) - b6e9b414-768d-4e3e-88d3-472f8ec22e92@group-45CFD87F60C3: changes role from CANDIDATE to LEADER at term 1 for changeToLeader
2023-04-21 06:18:09,368 [b6e9b414-768d-4e3e-88d3-472f8ec22e92@group-45CFD87F60C3-LeaderElection35] INFO  ratis.XceiverServerRatis (XceiverServerRatis.java:handleLeaderChangedNotification(904)) - Leader change notification received for group: group-45CFD87F60C3 with new leaderId: b6e9b414-768d-4e3e-88d3-472f8ec22e92
2023-04-21 06:18:09,368 [b6e9b414-768d-4e3e-88d3-472f8ec22e92@group-45CFD87F60C3-LeaderElection35] INFO  server.RaftServer$Division (ServerState.java:setLeader(313)) - b6e9b414-768d-4e3e-88d3-472f8ec22e92@group-45CFD87F60C3: change Leader from null to b6e9b414-768d-4e3e-88d3-472f8ec22e92 at term 1 for becomeLeader, leader elected after 5222ms
2023-04-21 06:18:09,368 [b6e9b414-768d-4e3e-88d3-472f8ec22e92@group-45CFD87F60C3-LeaderElection35] INFO  server.RaftServerConfigKeys (ConfUtils.java:logGet(46)) - raft.server.staging.catchup.gap = 1000 (default)
2023-04-21 06:18:09,369 [b6e9b414-768d-4e3e-88d3-472f8ec22e92@group-45CFD87F60C3-LeaderElection35] INFO  server.RaftServerConfigKeys (ConfUtils.java:logGet(46)) - raft.server.write.element-limit = 1024 (custom)
2023-04-21 06:18:09,369 [b6e9b414-768d-4e3e-88d3-472f8ec22e92@group-45CFD87F60C3-LeaderElection35] INFO  server.RaftServerConfigKeys (ConfUtils.java:logGet(46)) - raft.server.write.byte-limit = 1024 M (=1073741824) (custom)
2023-04-21 06:18:09,369 [b6e9b414-768d-4e3e-88d3-472f8ec22e92@group-45CFD87F60C3-LeaderElection35] INFO  server.RaftServerConfigKeys (ConfUtils.java:logGet(46)) - raft.server.watch.timeout = 180s (custom)
2023-04-21 06:18:09,369 [b6e9b414-768d-4e3e-88d3-472f8ec22e92@group-45CFD87F60C3-LeaderElection35] INFO  server.RaftServerConfigKeys (ConfUtils.java:logGet(46)) - raft.server.watch.timeout.denomination = 1s (default)
2023-04-21 06:18:09,369 [b6e9b414-768d-4e3e-88d3-472f8ec22e92@group-45CFD87F60C3-LeaderElection35] INFO  server.RaftServerConfigKeys (ConfUtils.java:logGet(46)) - raft.server.watch.element-limit = 65536 (default)
2023-04-21 06:18:09,369 [b6e9b414-768d-4e3e-88d3-472f8ec22e92@group-45CFD87F60C3-LeaderElection35] INFO  server.RaftServerConfigKeys (ConfUtils.java:logGet(46)) - raft.server.write.element-limit = 1024 (custom)
2023-04-21 06:18:09,369 [b6e9b414-768d-4e3e-88d3-472f8ec22e92@group-45CFD87F60C3-LeaderElection35] INFO  server.RaftServerConfigKeys (ConfUtils.java:logGet(46)) - raft.server.write.follower.gap.ratio.max = -1.0 (default)
2023-04-21 06:18:09,369 [b6e9b414-768d-4e3e-88d3-472f8ec22e92@group-45CFD87F60C3-LeaderElection35] INFO  server.RaftServerConfigKeys (ConfUtils.java:logGet(46)) - raft.server.log.appender.snapshot.chunk.size.max = 16MB (=16777216) (default)
2023-04-21 06:18:09,369 [b6e9b414-768d-4e3e-88d3-472f8ec22e92@group-45CFD87F60C3-LeaderElection35] INFO  server.RaftServerConfigKeys (ConfUtils.java:logGet(46)) - raft.server.log.appender.buffer.byte-limit = 33554432 (custom)
2023-04-21 06:18:09,370 [b6e9b414-768d-4e3e-88d3-472f8ec22e92@group-45CFD87F60C3-LeaderElection35] INFO  server.RaftServerConfigKeys (ConfUtils.java:logGet(46)) - raft.server.log.appender.buffer.element-limit = 1 (custom)
2023-04-21 06:18:09,370 [b6e9b414-768d-4e3e-88d3-472f8ec22e92@group-45CFD87F60C3-LeaderElection35] INFO  grpc.GrpcConfigKeys (ConfUtils.java:logGet(46)) - raft.grpc.server.leader.outstanding.appends.max = 128 (default)
2023-04-21 06:18:09,370 [b6e9b414-768d-4e3e-88d3-472f8ec22e92@group-45CFD87F60C3-LeaderElection35] INFO  server.RaftServerConfigKeys (ConfUtils.java:logGet(46)) - raft.server.rpc.request.timeout = 60s (custom)
2023-04-21 06:18:09,370 [b6e9b414-768d-4e3e-88d3-472f8ec22e92@group-45CFD87F60C3-LeaderElection35] INFO  server.RaftServerConfigKeys (ConfUtils.java:logGet(46)) - raft.server.log.appender.install.snapshot.enabled = false (custom)
2023-04-21 06:18:09,370 [b6e9b414-768d-4e3e-88d3-472f8ec22e92@group-45CFD87F60C3-LeaderElection35] INFO  grpc.GrpcConfigKeys (ConfUtils.java:logGet(46)) - raft.grpc.server.heartbeat.channel = true (default)
2023-04-21 06:18:09,370 [b6e9b414-768d-4e3e-88d3-472f8ec22e92@group-45CFD87F60C3-LeaderElection35] INFO  server.RaftServerConfigKeys (ConfUtils.java:logGet(46)) - raft.server.log.appender.wait-time.min = 10ms (default)
2023-04-21 06:18:09,370 [b6e9b414-768d-4e3e-88d3-472f8ec22e92@group-45CFD87F60C3-LeaderElection35] INFO  server.RaftServerConfigKeys (ConfUtils.java:logGet(46)) - raft.server.log.appender.snapshot.chunk.size.max = 16MB (=16777216) (default)
2023-04-21 06:18:09,370 [b6e9b414-768d-4e3e-88d3-472f8ec22e92@group-45CFD87F60C3-LeaderElection35] INFO  server.RaftServerConfigKeys (ConfUtils.java:logGet(46)) - raft.server.log.appender.buffer.byte-limit = 33554432 (custom)
2023-04-21 06:18:09,370 [b6e9b414-768d-4e3e-88d3-472f8ec22e92@group-45CFD87F60C3-LeaderElection35] INFO  server.RaftServerConfigKeys (ConfUtils.java:logGet(46)) - raft.server.log.appender.buffer.element-limit = 1 (custom)
2023-04-21 06:18:09,370 [b6e9b414-768d-4e3e-88d3-472f8ec22e92@group-45CFD87F60C3-LeaderElection35] INFO  grpc.GrpcConfigKeys (ConfUtils.java:logGet(46)) - raft.grpc.server.leader.outstanding.appends.max = 128 (default)
2023-04-21 06:18:09,370 [b6e9b414-768d-4e3e-88d3-472f8ec22e92@group-45CFD87F60C3-LeaderElection35] INFO  server.RaftServerConfigKeys (ConfUtils.java:logGet(46)) - raft.server.rpc.request.timeout = 60s (custom)
2023-04-21 06:18:09,370 [b6e9b414-768d-4e3e-88d3-472f8ec22e92@group-45CFD87F60C3-LeaderElection35] INFO  server.RaftServerConfigKeys (ConfUtils.java:logGet(46)) - raft.server.log.appender.install.snapshot.enabled = false (custom)
2023-04-21 06:18:09,370 [b6e9b414-768d-4e3e-88d3-472f8ec22e92@group-45CFD87F60C3-LeaderElection35] INFO  grpc.GrpcConfigKeys (ConfUtils.java:logGet(46)) - raft.grpc.server.heartbeat.channel = true (default)
2023-04-21 06:18:09,370 [b6e9b414-768d-4e3e-88d3-472f8ec22e92@group-45CFD87F60C3-LeaderElection35] INFO  server.RaftServerConfigKeys (ConfUtils.java:logGet(46)) - raft.server.log.appender.wait-time.min = 10ms (default)
2023-04-21 06:18:09,371 [b6e9b414-768d-4e3e-88d3-472f8ec22e92@group-45CFD87F60C3-LeaderElection35] INFO  impl.RoleInfo (RoleInfo.java:updateAndGet(139)) - b6e9b414-768d-4e3e-88d3-472f8ec22e92: start b6e9b414-768d-4e3e-88d3-472f8ec22e92@group-45CFD87F60C3-LeaderStateImpl
2023-04-21 06:18:09,371 [b6e9b414-768d-4e3e-88d3-472f8ec22e92@group-45CFD87F60C3-LeaderElection35] INFO  segmented.SegmentedRaftLogWorker (SegmentedRaftLogWorker.java:startLogSegment(452)) - b6e9b414-768d-4e3e-88d3-472f8ec22e92@group-45CFD87F60C3-SegmentedRaftLogWorker: Starting segment from index:0
2023-04-21 06:18:09,374 [fe0baf38-ef32-47f5-977d-6484d2e153f1@group-45CFD87F60C3-FollowerState] INFO  server.RaftServerConfigKeys (ConfUtils.java:logFallback(53)) - raft.server.rpc.first-election.timeout.min = 5s (fallback to raft.server.rpc.timeout.min)
2023-04-21 06:18:09,374 [fe0baf38-ef32-47f5-977d-6484d2e153f1@group-45CFD87F60C3-FollowerState] INFO  server.RaftServerConfigKeys (ConfUtils.java:logFallback(53)) - raft.server.rpc.first-election.timeout.max = 5200ms (fallback to raft.server.rpc.timeout.max)
2023-04-21 06:18:09,374 [fe0baf38-ef32-47f5-977d-6484d2e153f1-server-thread2] INFO  ratis.XceiverServerRatis (XceiverServerRatis.java:handleLeaderChangedNotification(904)) - Leader change notification received for group: group-B7260385CADC with new leaderId: b5ed12de-f90d-40ef-a4f6-6f0ba0776d3f
2023-04-21 06:18:09,374 [fe0baf38-ef32-47f5-977d-6484d2e153f1-server-thread2] INFO  server.RaftServer$Division (ServerState.java:setLeader(313)) - fe0baf38-ef32-47f5-977d-6484d2e153f1@group-B7260385CADC: change Leader from null to b5ed12de-f90d-40ef-a4f6-6f0ba0776d3f at term 1 for appendEntries, leader elected after 5137ms
2023-04-21 06:18:09,377 [b6e9b414-768d-4e3e-88d3-472f8ec22e92@group-45CFD87F60C3-LeaderElection35] INFO  server.RaftServer$Division (ServerState.java:setRaftConf(430)) - b6e9b414-768d-4e3e-88d3-472f8ec22e92@group-45CFD87F60C3: set configuration 0: peers:[b5ed12de-f90d-40ef-a4f6-6f0ba0776d3f|rpc:10.1.0.35:37973|dataStream:10.1.0.35:44447|priority:0|startupRole:FOLLOWER, fe0baf38-ef32-47f5-977d-6484d2e153f1|rpc:10.1.0.35:37765|dataStream:10.1.0.35:35889|priority:0|startupRole:FOLLOWER, b6e9b414-768d-4e3e-88d3-472f8ec22e92|rpc:10.1.0.35:42709|dataStream:10.1.0.35:45909|priority:1|startupRole:FOLLOWER]|listeners:[], old=null
2023-04-21 06:18:09,378 [grpc-default-executor-6] INFO  impl.RoleInfo (RoleInfo.java:updateAndGet(139)) - b5ed12de-f90d-40ef-a4f6-6f0ba0776d3f: start b5ed12de-f90d-40ef-a4f6-6f0ba0776d3f@group-45CFD87F60C3-FollowerState
2023-04-21 06:18:09,378 [b5ed12de-f90d-40ef-a4f6-6f0ba0776d3f@group-45CFD87F60C3-FollowerState] INFO  impl.FollowerState (FollowerState.java:run(152)) - b5ed12de-f90d-40ef-a4f6-6f0ba0776d3f@group-45CFD87F60C3-FollowerState was interrupted
2023-04-21 06:18:09,379 [b5ed12de-f90d-40ef-a4f6-6f0ba0776d3f@group-45CFD87F60C3-FollowerState] INFO  server.RaftServerConfigKeys (ConfUtils.java:logFallback(53)) - raft.server.rpc.first-election.timeout.min = 5s (fallback to raft.server.rpc.timeout.min)
2023-04-21 06:18:09,379 [b5ed12de-f90d-40ef-a4f6-6f0ba0776d3f@group-45CFD87F60C3-FollowerState] INFO  server.RaftServerConfigKeys (ConfUtils.java:logFallback(53)) - raft.server.rpc.first-election.timeout.max = 5200ms (fallback to raft.server.rpc.timeout.max)
2023-04-21 06:18:09,380 [grpc-default-executor-6] INFO  server.RaftServer$Division (RaftServerImpl.java:requestVote(1251)) - b5ed12de-f90d-40ef-a4f6-6f0ba0776d3f@group-45CFD87F60C3 replies to ELECTION vote request: b6e9b414-768d-4e3e-88d3-472f8ec22e92<-b5ed12de-f90d-40ef-a4f6-6f0ba0776d3f#0:OK-t1. Peer's state: b5ed12de-f90d-40ef-a4f6-6f0ba0776d3f@group-45CFD87F60C3:t1, leader=null, voted=b6e9b414-768d-4e3e-88d3-472f8ec22e92, raftlog=Memoized:b5ed12de-f90d-40ef-a4f6-6f0ba0776d3f@group-45CFD87F60C3-SegmentedRaftLog:OPENED:c-1, conf=-1: peers:[b5ed12de-f90d-40ef-a4f6-6f0ba0776d3f|rpc:10.1.0.35:37973|dataStream:10.1.0.35:44447|priority:0|startupRole:FOLLOWER, fe0baf38-ef32-47f5-977d-6484d2e153f1|rpc:10.1.0.35:37765|dataStream:10.1.0.35:35889|priority:0|startupRole:FOLLOWER, b6e9b414-768d-4e3e-88d3-472f8ec22e92|rpc:10.1.0.35:42709|dataStream:10.1.0.35:45909|priority:1|startupRole:FOLLOWER]|listeners:[], old=null
2023-04-21 06:18:09,380 [b6e9b414-768d-4e3e-88d3-472f8ec22e92@group-45CFD87F60C3-SegmentedRaftLogWorker] INFO  segmented.SegmentedRaftLogWorker (SegmentedRaftLogWorker.java:execute(656)) - b6e9b414-768d-4e3e-88d3-472f8ec22e92@group-45CFD87F60C3-SegmentedRaftLogWorker: created new log segment /home/runner/work/ozone/ozone/hadoop-ozone/integration-test/target/test-dir/MiniOzoneClusterImpl-095cf78d-69a9-402e-99bd-cb43c7978d28/datanode-2/data/ratis/b6d2b0c0-3e46-4d29-848e-45cfd87f60c3/current/log_inprogress_0
2023-04-21 06:18:09,381 [fe0baf38-ef32-47f5-977d-6484d2e153f1-server-thread1] INFO  server.RaftServer$Division (ServerState.java:setRaftConf(430)) - fe0baf38-ef32-47f5-977d-6484d2e153f1@group-B7260385CADC: set configuration 0: peers:[b5ed12de-f90d-40ef-a4f6-6f0ba0776d3f|rpc:10.1.0.35:37973|dataStream:10.1.0.35:44447|priority:1|startupRole:FOLLOWER, fe0baf38-ef32-47f5-977d-6484d2e153f1|rpc:10.1.0.35:37765|dataStream:10.1.0.35:35889|priority:0|startupRole:FOLLOWER, b6e9b414-768d-4e3e-88d3-472f8ec22e92|rpc:10.1.0.35:42709|dataStream:10.1.0.35:45909|priority:0|startupRole:FOLLOWER]|listeners:[], old=null
2023-04-21 06:18:09,382 [fe0baf38-ef32-47f5-977d-6484d2e153f1-server-thread1] INFO  segmented.SegmentedRaftLogWorker (SegmentedRaftLogWorker.java:startLogSegment(452)) - fe0baf38-ef32-47f5-977d-6484d2e153f1@group-B7260385CADC-SegmentedRaftLogWorker: Starting segment from index:0
2023-04-21 06:18:09,382 [EventQueue-PipelineReportForPipelineReportHandler] INFO  pipeline.PipelineManagerImpl (PipelineManagerImpl.java:openPipeline(367)) - Pipeline Pipeline[ Id: b6d2b0c0-3e46-4d29-848e-45cfd87f60c3, Nodes: fe0baf38-ef32-47f5-977d-6484d2e153f1(fv-az205-422/10.1.0.35)b5ed12de-f90d-40ef-a4f6-6f0ba0776d3f(fv-az205-422/10.1.0.35)b6e9b414-768d-4e3e-88d3-472f8ec22e92(fv-az205-422/10.1.0.35), ReplicationConfig: RATIS/THREE, State:ALLOCATED, leaderId:b6e9b414-768d-4e3e-88d3-472f8ec22e92, CreationTimestamp2023-04-21T06:18:01.696Z[Etc/UTC]] moved to OPEN state
2023-04-21 06:18:09,384 [fe0baf38-ef32-47f5-977d-6484d2e153f1@group-B7260385CADC-SegmentedRaftLogWorker] INFO  segmented.SegmentedRaftLogWorker (SegmentedRaftLogWorker.java:execute(656)) - fe0baf38-ef32-47f5-977d-6484d2e153f1@group-B7260385CADC-SegmentedRaftLogWorker: created new log segment /home/runner/work/ozone/ozone/hadoop-ozone/integration-test/target/test-dir/MiniOzoneClusterImpl-095cf78d-69a9-402e-99bd-cb43c7978d28/datanode-1/data/ratis/079c5fba-b4cc-4007-98bd-b7260385cadc/current/log_inprogress_0
2023-04-21 06:18:09,390 [b5ed12de-f90d-40ef-a4f6-6f0ba0776d3f-server-thread1] INFO  ratis.XceiverServerRatis (XceiverServerRatis.java:handleLeaderChangedNotification(904)) - Leader change notification received for group: group-45CFD87F60C3 with new leaderId: b6e9b414-768d-4e3e-88d3-472f8ec22e92
2023-04-21 06:18:09,391 [b5ed12de-f90d-40ef-a4f6-6f0ba0776d3f-server-thread1] INFO  server.RaftServer$Division (ServerState.java:setLeader(313)) - b5ed12de-f90d-40ef-a4f6-6f0ba0776d3f@group-45CFD87F60C3: change Leader from null to b6e9b414-768d-4e3e-88d3-472f8ec22e92 at term 1 for appendEntries, leader elected after 5336ms
2023-04-21 06:18:09,395 [b6e9b414-768d-4e3e-88d3-472f8ec22e92-server-thread1] INFO  ratis.XceiverServerRatis (XceiverServerRatis.java:handleLeaderChangedNotification(904)) - Leader change notification received for group: group-B7260385CADC with new leaderId: b5ed12de-f90d-40ef-a4f6-6f0ba0776d3f
2023-04-21 06:18:09,395 [b6e9b414-768d-4e3e-88d3-472f8ec22e92-server-thread1] INFO  server.RaftServer$Division (ServerState.java:setLeader(313)) - b6e9b414-768d-4e3e-88d3-472f8ec22e92@group-B7260385CADC: change Leader from null to b5ed12de-f90d-40ef-a4f6-6f0ba0776d3f at term 1 for appendEntries, leader elected after 5188ms
2023-04-21 06:18:09,396 [b6e9b414-768d-4e3e-88d3-472f8ec22e92-server-thread1] INFO  server.RaftServer$Division (ServerState.java:setRaftConf(430)) - b6e9b414-768d-4e3e-88d3-472f8ec22e92@group-B7260385CADC: set configuration 0: peers:[b5ed12de-f90d-40ef-a4f6-6f0ba0776d3f|rpc:10.1.0.35:37973|dataStream:10.1.0.35:44447|priority:1|startupRole:FOLLOWER, fe0baf38-ef32-47f5-977d-6484d2e153f1|rpc:10.1.0.35:37765|dataStream:10.1.0.35:35889|priority:0|startupRole:FOLLOWER, b6e9b414-768d-4e3e-88d3-472f8ec22e92|rpc:10.1.0.35:42709|dataStream:10.1.0.35:45909|priority:0|startupRole:FOLLOWER]|listeners:[], old=null
2023-04-21 06:18:09,396 [b6e9b414-768d-4e3e-88d3-472f8ec22e92-server-thread1] INFO  segmented.SegmentedRaftLogWorker (SegmentedRaftLogWorker.java:startLogSegment(452)) - b6e9b414-768d-4e3e-88d3-472f8ec22e92@group-B7260385CADC-SegmentedRaftLogWorker: Starting segment from index:0
2023-04-21 06:18:09,397 [b6e9b414-768d-4e3e-88d3-472f8ec22e92@group-B7260385CADC-SegmentedRaftLogWorker] INFO  segmented.SegmentedRaftLogWorker (SegmentedRaftLogWorker.java:execute(656)) - b6e9b414-768d-4e3e-88d3-472f8ec22e92@group-B7260385CADC-SegmentedRaftLogWorker: created new log segment /home/runner/work/ozone/ozone/hadoop-ozone/integration-test/target/test-dir/MiniOzoneClusterImpl-095cf78d-69a9-402e-99bd-cb43c7978d28/datanode-2/data/ratis/079c5fba-b4cc-4007-98bd-b7260385cadc/current/log_inprogress_0
2023-04-21 06:18:09,402 [fe0baf38-ef32-47f5-977d-6484d2e153f1-server-thread2] INFO  ratis.XceiverServerRatis (XceiverServerRatis.java:handleLeaderChangedNotification(904)) - Leader change notification received for group: group-45CFD87F60C3 with new leaderId: b6e9b414-768d-4e3e-88d3-472f8ec22e92
2023-04-21 06:18:09,402 [fe0baf38-ef32-47f5-977d-6484d2e153f1-server-thread2] INFO  server.RaftServer$Division (ServerState.java:setLeader(313)) - fe0baf38-ef32-47f5-977d-6484d2e153f1@group-45CFD87F60C3: change Leader from null to b6e9b414-768d-4e3e-88d3-472f8ec22e92 at term 1 for appendEntries, leader elected after 5290ms
2023-04-21 06:18:09,407 [fe0baf38-ef32-47f5-977d-6484d2e153f1-server-thread2] INFO  server.RaftServer$Division (ServerState.java:setRaftConf(430)) - fe0baf38-ef32-47f5-977d-6484d2e153f1@group-45CFD87F60C3: set configuration 0: peers:[b5ed12de-f90d-40ef-a4f6-6f0ba0776d3f|rpc:10.1.0.35:37973|dataStream:10.1.0.35:44447|priority:0|startupRole:FOLLOWER, fe0baf38-ef32-47f5-977d-6484d2e153f1|rpc:10.1.0.35:37765|dataStream:10.1.0.35:35889|priority:0|startupRole:FOLLOWER, b6e9b414-768d-4e3e-88d3-472f8ec22e92|rpc:10.1.0.35:42709|dataStream:10.1.0.35:45909|priority:1|startupRole:FOLLOWER]|listeners:[], old=null
2023-04-21 06:18:09,407 [fe0baf38-ef32-47f5-977d-6484d2e153f1-server-thread2] INFO  segmented.SegmentedRaftLogWorker (SegmentedRaftLogWorker.java:startLogSegment(452)) - fe0baf38-ef32-47f5-977d-6484d2e153f1@group-45CFD87F60C3-SegmentedRaftLogWorker: Starting segment from index:0
2023-04-21 06:18:09,414 [fe0baf38-ef32-47f5-977d-6484d2e153f1@group-45CFD87F60C3-SegmentedRaftLogWorker] INFO  segmented.SegmentedRaftLogWorker (SegmentedRaftLogWorker.java:execute(656)) - fe0baf38-ef32-47f5-977d-6484d2e153f1@group-45CFD87F60C3-SegmentedRaftLogWorker: created new log segment /home/runner/work/ozone/ozone/hadoop-ozone/integration-test/target/test-dir/MiniOzoneClusterImpl-095cf78d-69a9-402e-99bd-cb43c7978d28/datanode-1/data/ratis/b6d2b0c0-3e46-4d29-848e-45cfd87f60c3/current/log_inprogress_0
2023-04-21 06:18:09,425 [b5ed12de-f90d-40ef-a4f6-6f0ba0776d3f-server-thread2] INFO  server.RaftServer$Division (ServerState.java:setRaftConf(430)) - b5ed12de-f90d-40ef-a4f6-6f0ba0776d3f@group-45CFD87F60C3: set configuration 0: peers:[b5ed12de-f90d-40ef-a4f6-6f0ba0776d3f|rpc:10.1.0.35:37973|dataStream:10.1.0.35:44447|priority:0|startupRole:FOLLOWER, fe0baf38-ef32-47f5-977d-6484d2e153f1|rpc:10.1.0.35:37765|dataStream:10.1.0.35:35889|priority:0|startupRole:FOLLOWER, b6e9b414-768d-4e3e-88d3-472f8ec22e92|rpc:10.1.0.35:42709|dataStream:10.1.0.35:45909|priority:1|startupRole:FOLLOWER]|listeners:[], old=null
2023-04-21 06:18:09,426 [b5ed12de-f90d-40ef-a4f6-6f0ba0776d3f-server-thread2] INFO  segmented.SegmentedRaftLogWorker (SegmentedRaftLogWorker.java:startLogSegment(452)) - b5ed12de-f90d-40ef-a4f6-6f0ba0776d3f@group-45CFD87F60C3-SegmentedRaftLogWorker: Starting segment from index:0
2023-04-21 06:18:09,430 [b5ed12de-f90d-40ef-a4f6-6f0ba0776d3f@group-45CFD87F60C3-SegmentedRaftLogWorker] INFO  segmented.SegmentedRaftLogWorker (SegmentedRaftLogWorker.java:execute(656)) - b5ed12de-f90d-40ef-a4f6-6f0ba0776d3f@group-45CFD87F60C3-SegmentedRaftLogWorker: created new log segment /home/runner/work/ozone/ozone/hadoop-ozone/integration-test/target/test-dir/MiniOzoneClusterImpl-095cf78d-69a9-402e-99bd-cb43c7978d28/datanode-0/data/ratis/b6d2b0c0-3e46-4d29-848e-45cfd87f60c3/current/log_inprogress_0
2023-04-21 06:18:09,523 [fe0baf38-ef32-47f5-977d-6484d2e153f1@group-EAB1EC84FDEC-FollowerState] INFO  impl.FollowerState (FollowerState.java:run(143)) - fe0baf38-ef32-47f5-977d-6484d2e153f1@group-EAB1EC84FDEC-FollowerState: change to CANDIDATE, lastRpcElapsedTime:5157165018ns, electionTimeout:5156ms
2023-04-21 06:18:09,523 [fe0baf38-ef32-47f5-977d-6484d2e153f1@group-EAB1EC84FDEC-FollowerState] INFO  impl.RoleInfo (RoleInfo.java:shutdownFollowerState(110)) - fe0baf38-ef32-47f5-977d-6484d2e153f1: shutdown fe0baf38-ef32-47f5-977d-6484d2e153f1@group-EAB1EC84FDEC-FollowerState
2023-04-21 06:18:09,524 [fe0baf38-ef32-47f5-977d-6484d2e153f1@group-EAB1EC84FDEC-FollowerState] INFO  server.RaftServer$Division (RaftServerImpl.java:setRole(321)) - fe0baf38-ef32-47f5-977d-6484d2e153f1@group-EAB1EC84FDEC: changes role from  FOLLOWER to CANDIDATE at term 0 for changeToCandidate
2023-04-21 06:18:09,524 [fe0baf38-ef32-47f5-977d-6484d2e153f1@group-EAB1EC84FDEC-FollowerState] INFO  server.RaftServerConfigKeys (ConfUtils.java:logGet(46)) - raft.server.leaderelection.pre-vote = true (default)
2023-04-21 06:18:09,524 [fe0baf38-ef32-47f5-977d-6484d2e153f1@group-EAB1EC84FDEC-FollowerState] INFO  impl.RoleInfo (RoleInfo.java:updateAndGet(139)) - fe0baf38-ef32-47f5-977d-6484d2e153f1: start fe0baf38-ef32-47f5-977d-6484d2e153f1@group-EAB1EC84FDEC-LeaderElection37
2023-04-21 06:18:09,533 [fe0baf38-ef32-47f5-977d-6484d2e153f1@group-EAB1EC84FDEC-LeaderElection37] INFO  impl.LeaderElection (LeaderElection.java:askForVotes(312)) - fe0baf38-ef32-47f5-977d-6484d2e153f1@group-EAB1EC84FDEC-LeaderElection37 PRE_VOTE round 0: submit vote requests at term 0 for -1: peers:[fe0baf38-ef32-47f5-977d-6484d2e153f1|rpc:10.1.0.35:37765|dataStream:10.1.0.35:35889|priority:1|startupRole:FOLLOWER]|listeners:[], old=null
2023-04-21 06:18:09,534 [fe0baf38-ef32-47f5-977d-6484d2e153f1@group-EAB1EC84FDEC-LeaderElection37] INFO  impl.LeaderElection (LeaderElection.java:askForVotes(314)) - fe0baf38-ef32-47f5-977d-6484d2e153f1@group-EAB1EC84FDEC-LeaderElection37 PRE_VOTE round 0: result PASSED (term=0)
2023-04-21 06:18:09,535 [fe0baf38-ef32-47f5-977d-6484d2e153f1@group-EAB1EC84FDEC-LeaderElection37] INFO  impl.LeaderElection (LeaderElection.java:askForVotes(312)) - fe0baf38-ef32-47f5-977d-6484d2e153f1@group-EAB1EC84FDEC-LeaderElection37 ELECTION round 0: submit vote requests at term 1 for -1: peers:[fe0baf38-ef32-47f5-977d-6484d2e153f1|rpc:10.1.0.35:37765|dataStream:10.1.0.35:35889|priority:1|startupRole:FOLLOWER]|listeners:[], old=null
2023-04-21 06:18:09,536 [fe0baf38-ef32-47f5-977d-6484d2e153f1@group-EAB1EC84FDEC-LeaderElection37] INFO  impl.LeaderElection (LeaderElection.java:askForVotes(314)) - fe0baf38-ef32-47f5-977d-6484d2e153f1@group-EAB1EC84FDEC-LeaderElection37 ELECTION round 0: result PASSED (term=1)
2023-04-21 06:18:09,536 [fe0baf38-ef32-47f5-977d-6484d2e153f1@group-EAB1EC84FDEC-LeaderElection37] INFO  impl.RoleInfo (RoleInfo.java:shutdownLeaderElection(130)) - fe0baf38-ef32-47f5-977d-6484d2e153f1: shutdown fe0baf38-ef32-47f5-977d-6484d2e153f1@group-EAB1EC84FDEC-LeaderElection37
2023-04-21 06:18:09,536 [fe0baf38-ef32-47f5-977d-6484d2e153f1@group-EAB1EC84FDEC-LeaderElection37] INFO  server.RaftServer$Division (RaftServerImpl.java:setRole(321)) - fe0baf38-ef32-47f5-977d-6484d2e153f1@group-EAB1EC84FDEC: changes role from CANDIDATE to LEADER at term 1 for changeToLeader
2023-04-21 06:18:09,536 [fe0baf38-ef32-47f5-977d-6484d2e153f1@group-EAB1EC84FDEC-LeaderElection37] INFO  ratis.XceiverServerRatis (XceiverServerRatis.java:handleLeaderChangedNotification(904)) - Leader change notification received for group: group-EAB1EC84FDEC with new leaderId: fe0baf38-ef32-47f5-977d-6484d2e153f1
2023-04-21 06:18:09,536 [fe0baf38-ef32-47f5-977d-6484d2e153f1@group-EAB1EC84FDEC-LeaderElection37] INFO  server.RaftServer$Division (ServerState.java:setLeader(313)) - fe0baf38-ef32-47f5-977d-6484d2e153f1@group-EAB1EC84FDEC: change Leader from null to fe0baf38-ef32-47f5-977d-6484d2e153f1 at term 1 for becomeLeader, leader elected after 5191ms
2023-04-21 06:18:09,536 [fe0baf38-ef32-47f5-977d-6484d2e153f1@group-EAB1EC84FDEC-LeaderElection37] INFO  server.RaftServerConfigKeys (ConfUtils.java:logGet(46)) - raft.server.staging.catchup.gap = 1000 (default)
2023-04-21 06:18:09,536 [fe0baf38-ef32-47f5-977d-6484d2e153f1@group-EAB1EC84FDEC-LeaderElection37] INFO  server.RaftServerConfigKeys (ConfUtils.java:logGet(46)) - raft.server.write.element-limit = 1024 (custom)
2023-04-21 06:18:09,536 [fe0baf38-ef32-47f5-977d-6484d2e153f1@group-EAB1EC84FDEC-LeaderElection37] INFO  server.RaftServerConfigKeys (ConfUtils.java:logGet(46)) - raft.server.write.byte-limit = 1024 M (=1073741824) (custom)
2023-04-21 06:18:09,536 [fe0baf38-ef32-47f5-977d-6484d2e153f1@group-EAB1EC84FDEC-LeaderElection37] INFO  server.RaftServerConfigKeys (ConfUtils.java:logGet(46)) - raft.server.watch.timeout = 180s (custom)
2023-04-21 06:18:09,536 [fe0baf38-ef32-47f5-977d-6484d2e153f1@group-EAB1EC84FDEC-LeaderElection37] INFO  server.RaftServerConfigKeys (ConfUtils.java:logGet(46)) - raft.server.watch.timeout.denomination = 1s (default)
2023-04-21 06:18:09,536 [fe0baf38-ef32-47f5-977d-6484d2e153f1@group-EAB1EC84FDEC-LeaderElection37] INFO  server.RaftServerConfigKeys (ConfUtils.java:logGet(46)) - raft.server.watch.element-limit = 65536 (default)
2023-04-21 06:18:09,537 [fe0baf38-ef32-47f5-977d-6484d2e153f1@group-EAB1EC84FDEC-LeaderElection37] INFO  server.RaftServerConfigKeys (ConfUtils.java:logGet(46)) - raft.server.write.element-limit = 1024 (custom)
2023-04-21 06:18:09,537 [fe0baf38-ef32-47f5-977d-6484d2e153f1@group-EAB1EC84FDEC-LeaderElection37] INFO  server.RaftServerConfigKeys (ConfUtils.java:logGet(46)) - raft.server.write.follower.gap.ratio.max = -1.0 (default)
2023-04-21 06:18:09,537 [fe0baf38-ef32-47f5-977d-6484d2e153f1@group-EAB1EC84FDEC-LeaderElection37] INFO  impl.RoleInfo (RoleInfo.java:updateAndGet(139)) - fe0baf38-ef32-47f5-977d-6484d2e153f1: start fe0baf38-ef32-47f5-977d-6484d2e153f1@group-EAB1EC84FDEC-LeaderStateImpl
2023-04-21 06:18:09,537 [fe0baf38-ef32-47f5-977d-6484d2e153f1@group-EAB1EC84FDEC-LeaderElection37] INFO  segmented.SegmentedRaftLogWorker (SegmentedRaftLogWorker.java:startLogSegment(452)) - fe0baf38-ef32-47f5-977d-6484d2e153f1@group-EAB1EC84FDEC-SegmentedRaftLogWorker: Starting segment from index:0
2023-04-21 06:18:09,539 [fe0baf38-ef32-47f5-977d-6484d2e153f1@group-EAB1EC84FDEC-SegmentedRaftLogWorker] INFO  segmented.SegmentedRaftLogWorker (SegmentedRaftLogWorker.java:execute(656)) - fe0baf38-ef32-47f5-977d-6484d2e153f1@group-EAB1EC84FDEC-SegmentedRaftLogWorker: created new log segment /home/runner/work/ozone/ozone/hadoop-ozone/integration-test/target/test-dir/MiniOzoneClusterImpl-095cf78d-69a9-402e-99bd-cb43c7978d28/datanode-1/data/ratis/7efd173b-4212-4c57-a909-eab1ec84fdec/current/log_inprogress_0
2023-04-21 06:18:09,541 [fe0baf38-ef32-47f5-977d-6484d2e153f1@group-EAB1EC84FDEC-LeaderElection37] INFO  server.RaftServer$Division (ServerState.java:setRaftConf(430)) - fe0baf38-ef32-47f5-977d-6484d2e153f1@group-EAB1EC84FDEC: set configuration 0: peers:[fe0baf38-ef32-47f5-977d-6484d2e153f1|rpc:10.1.0.35:37765|dataStream:10.1.0.35:35889|priority:1|startupRole:FOLLOWER]|listeners:[], old=null
2023-04-21 06:18:09,688 [Listener at 127.0.0.1/33363] INFO  ozone.MiniOzoneClusterImpl (MiniOzoneClusterImpl.java:lambda$waitForClusterToBeReady$0(223)) - Nodes are ready. Got 3 of 3 DN Heartbeats.
2023-04-21 06:18:09,688 [Listener at 127.0.0.1/33363] INFO  ozone.MiniOzoneClusterImpl (MiniOzoneClusterImpl.java:lambda$waitForClusterToBeReady$0(226)) - Cluster exits safe mode
2023-04-21 06:18:09,688 [Listener at 127.0.0.1/33363] INFO  ozone.MiniOzoneClusterImpl (MiniOzoneClusterImpl.java:lambda$waitForClusterToBeReady$0(228)) - SCM became leader
06:18:09.690 [Listener at 127.0.0.1/33363] ERROR SCMAudit - user=null | ip=null | op=DELETE_CONTAINER {remoteUser=adminUser2, containerID=1682057889689} | ret=FAILURE
org.apache.hadoop.hdds.scm.container.ContainerNotFoundException: Container with id #1682057889689 not found.
	at org.apache.hadoop.hdds.scm.container.ContainerManagerImpl.throwContainerNotFoundException(ContainerManagerImpl.java:455) ~[hdds-server-scm-1.4.0-SNAPSHOT.jar:?]
	at org.apache.hadoop.hdds.scm.container.ContainerManagerImpl.deleteContainer(ContainerManagerImpl.java:441) ~[hdds-server-scm-1.4.0-SNAPSHOT.jar:?]
	at org.apache.hadoop.hdds.scm.server.SCMClientProtocolServer.deleteContainer(SCMClientProtocolServer.java:586) [hdds-server-scm-1.4.0-SNAPSHOT.jar:?]
	at sun.reflect.NativeMethodAccessorImpl.invoke0(Native Method) ~[?:1.8.0_362]
	at sun.reflect.NativeMethodAccessorImpl.invoke(NativeMethodAccessorImpl.java:62) ~[?:1.8.0_362]
	at sun.reflect.DelegatingMethodAccessorImpl.invoke(DelegatingMethodAccessorImpl.java:43) ~[?:1.8.0_362]
	at java.lang.reflect.Method.invoke(Method.java:498) ~[?:1.8.0_362]
	at org.mockito.internal.creation.bytebuddy.MockMethodAdvice.tryInvoke(MockMethodAdvice.java:212) [mockito-core-2.28.2.jar:?]
	at org.mockito.internal.creation.bytebuddy.MockMethodAdvice.access$400(MockMethodAdvice.java:34) [mockito-core-2.28.2.jar:?]
	at org.mockito.internal.creation.bytebuddy.MockMethodAdvice$RealMethodCall.invoke(MockMethodAdvice.java:164) [mockito-core-2.28.2.jar:?]
	at org.mockito.internal.invocation.InterceptedInvocation.callRealMethod(InterceptedInvocation.java:152) [mockito-core-2.28.2.jar:?]
	at org.mockito.internal.stubbing.answers.CallsRealMethods.answer(CallsRealMethods.java:43) [mockito-core-2.28.2.jar:?]
	at org.mockito.Answers.answer(Answers.java:100) [mockito-core-2.28.2.jar:?]
	at org.mockito.internal.handler.MockHandlerImpl.handle(MockHandlerImpl.java:103) [mockito-core-2.28.2.jar:?]
	at org.mockito.internal.handler.NullResultGuardian.handle(NullResultGuardian.java:29) [mockito-core-2.28.2.jar:?]
	at org.mockito.internal.handler.InvocationNotifierHandler.handle(InvocationNotifierHandler.java:35) [mockito-core-2.28.2.jar:?]
	at org.mockito.internal.creation.bytebuddy.MockMethodInterceptor.doIntercept(MockMethodInterceptor.java:61) [mockito-core-2.28.2.jar:?]
	at org.mockito.internal.creation.bytebuddy.MockMethodAdvice.handle(MockMethodAdvice.java:105) [mockito-core-2.28.2.jar:?]
	at org.apache.hadoop.hdds.scm.server.SCMClientProtocolServer.deleteContainer(SCMClientProtocolServer.java:580) [hdds-server-scm-1.4.0-SNAPSHOT.jar:?]
	at org.apache.hadoop.ozone.TestStorageContainerManager.testRpcPermissionWithConf(TestStorageContainerManager.java:205) [test-classes/:?]
	at org.apache.hadoop.ozone.TestStorageContainerManager.testRpcPermission(TestStorageContainerManager.java:188) [test-classes/:?]
	at sun.reflect.NativeMethodAccessorImpl.invoke0(Native Method) ~[?:1.8.0_362]
	at sun.reflect.NativeMethodAccessorImpl.invoke(NativeMethodAccessorImpl.java:62) ~[?:1.8.0_362]
	at sun.reflect.DelegatingMethodAccessorImpl.invoke(DelegatingMethodAccessorImpl.java:43) ~[?:1.8.0_362]
	at java.lang.reflect.Method.invoke(Method.java:498) ~[?:1.8.0_362]
	at org.junit.runners.model.FrameworkMethod$1.runReflectiveCall(FrameworkMethod.java:59) [junit-4.13.1.jar:4.13.1]
	at org.junit.internal.runners.model.ReflectiveCallable.run(ReflectiveCallable.java:12) [junit-4.13.1.jar:4.13.1]
	at org.junit.runners.model.FrameworkMethod.invokeExplosively(FrameworkMethod.java:56) [junit-4.13.1.jar:4.13.1]
	at org.junit.internal.runners.statements.InvokeMethod.evaluate(InvokeMethod.java:17) [junit-4.13.1.jar:4.13.1]
	at org.junit.internal.runners.statements.RunAfters.evaluate(RunAfters.java:27) [junit-4.13.1.jar:4.13.1]
	at org.junit.rules.ExpectedException$ExpectedExceptionStatement.evaluate(ExpectedException.java:258) [junit-4.13.1.jar:4.13.1]
	at org.junit.internal.runners.statements.FailOnTimeout$CallableStatement.call(FailOnTimeout.java:288) [junit-4.13.1.jar:4.13.1]
	at org.junit.internal.runners.statements.FailOnTimeout$CallableStatement.call(FailOnTimeout.java:282) [junit-4.13.1.jar:4.13.1]
	at java.util.concurrent.FutureTask.run(FutureTask.java:266) [?:1.8.0_362]
	at java.lang.Thread.run(Thread.java:750) [?:1.8.0_362]
2023-04-21 06:18:09,695 [Listener at 127.0.0.1/33363] INFO  pipeline.PipelineStateManagerImpl (PipelineStateManagerImpl.java:addPipeline(103)) - Created pipeline Pipeline[ Id: 195002f7-fec6-4461-b9ff-d2c69d2eef67, Nodes: b6e9b414-768d-4e3e-88d3-472f8ec22e92(fv-az205-422/10.1.0.35), ReplicationConfig: STANDALONE/ONE, State:OPEN, leaderId:, CreationTimestamp2023-04-21T06:18:09.693Z[Etc/UTC]].
2023-04-21 06:18:09,696 [Listener at 127.0.0.1/33363] INFO  ha.SequenceIdGenerator (SequenceIdGenerator.java:getNextId(128)) - Allocate a batch for containerId, change lastId from 0 to 1000.
06:18:09.697 [Listener at 127.0.0.1/33363] ERROR SCMAudit - user=null | ip=null | op=GET_CONTAINER {containerID=1682057889697} | ret=FAILURE
org.apache.hadoop.hdds.scm.container.ContainerNotFoundException: ID #1682057889697
	at org.apache.hadoop.hdds.scm.container.ContainerManagerImpl.lambda$getContainer$0(ContainerManagerImpl.java:140) ~[hdds-server-scm-1.4.0-SNAPSHOT.jar:?]
	at java.util.Optional.orElseThrow(Optional.java:290) ~[?:1.8.0_362]
	at org.apache.hadoop.hdds.scm.container.ContainerManagerImpl.getContainer(ContainerManagerImpl.java:140) ~[hdds-server-scm-1.4.0-SNAPSHOT.jar:?]
	at org.apache.hadoop.hdds.scm.server.SCMClientProtocolServer.getContainer(SCMClientProtocolServer.java:253) [hdds-server-scm-1.4.0-SNAPSHOT.jar:?]
	at sun.reflect.NativeMethodAccessorImpl.invoke0(Native Method) ~[?:1.8.0_362]
	at sun.reflect.NativeMethodAccessorImpl.invoke(NativeMethodAccessorImpl.java:62) ~[?:1.8.0_362]
	at sun.reflect.DelegatingMethodAccessorImpl.invoke(DelegatingMethodAccessorImpl.java:43) ~[?:1.8.0_362]
	at java.lang.reflect.Method.invoke(Method.java:498) ~[?:1.8.0_362]
	at org.mockito.internal.creation.bytebuddy.MockMethodAdvice.tryInvoke(MockMethodAdvice.java:212) [mockito-core-2.28.2.jar:?]
	at org.mockito.internal.creation.bytebuddy.MockMethodAdvice.access$400(MockMethodAdvice.java:34) [mockito-core-2.28.2.jar:?]
	at org.mockito.internal.creation.bytebuddy.MockMethodAdvice$RealMethodCall.invoke(MockMethodAdvice.java:164) [mockito-core-2.28.2.jar:?]
	at org.mockito.internal.invocation.InterceptedInvocation.callRealMethod(InterceptedInvocation.java:152) [mockito-core-2.28.2.jar:?]
	at org.mockito.internal.stubbing.answers.CallsRealMethods.answer(CallsRealMethods.java:43) [mockito-core-2.28.2.jar:?]
	at org.mockito.Answers.answer(Answers.java:100) [mockito-core-2.28.2.jar:?]
	at org.mockito.internal.handler.MockHandlerImpl.handle(MockHandlerImpl.java:103) [mockito-core-2.28.2.jar:?]
	at org.mockito.internal.handler.NullResultGuardian.handle(NullResultGuardian.java:29) [mockito-core-2.28.2.jar:?]
	at org.mockito.internal.handler.InvocationNotifierHandler.handle(InvocationNotifierHandler.java:35) [mockito-core-2.28.2.jar:?]
	at org.mockito.internal.creation.bytebuddy.MockMethodInterceptor.doIntercept(MockMethodInterceptor.java:61) [mockito-core-2.28.2.jar:?]
	at org.mockito.internal.creation.bytebuddy.MockMethodAdvice.handle(MockMethodAdvice.java:105) [mockito-core-2.28.2.jar:?]
	at org.apache.hadoop.hdds.scm.server.SCMClientProtocolServer.getContainer(SCMClientProtocolServer.java:247) [hdds-server-scm-1.4.0-SNAPSHOT.jar:?]
	at org.apache.hadoop.ozone.TestStorageContainerManager.testRpcPermissionWithConf(TestStorageContainerManager.java:245) [test-classes/:?]
	at org.apache.hadoop.ozone.TestStorageContainerManager.testRpcPermission(TestStorageContainerManager.java:188) [test-classes/:?]
	at sun.reflect.NativeMethodAccessorImpl.invoke0(Native Method) ~[?:1.8.0_362]
	at sun.reflect.NativeMethodAccessorImpl.invoke(NativeMethodAccessorImpl.java:62) ~[?:1.8.0_362]
	at sun.reflect.DelegatingMethodAccessorImpl.invoke(DelegatingMethodAccessorImpl.java:43) ~[?:1.8.0_362]
	at java.lang.reflect.Method.invoke(Method.java:498) ~[?:1.8.0_362]
	at org.junit.runners.model.FrameworkMethod$1.runReflectiveCall(FrameworkMethod.java:59) [junit-4.13.1.jar:4.13.1]
	at org.junit.internal.runners.model.ReflectiveCallable.run(ReflectiveCallable.java:12) [junit-4.13.1.jar:4.13.1]
	at org.junit.runners.model.FrameworkMethod.invokeExplosively(FrameworkMethod.java:56) [junit-4.13.1.jar:4.13.1]
	at org.junit.internal.runners.statements.InvokeMethod.evaluate(InvokeMethod.java:17) [junit-4.13.1.jar:4.13.1]
	at org.junit.internal.runners.statements.RunAfters.evaluate(RunAfters.java:27) [junit-4.13.1.jar:4.13.1]
	at org.junit.rules.ExpectedException$ExpectedExceptionStatement.evaluate(ExpectedException.java:258) [junit-4.13.1.jar:4.13.1]
	at org.junit.internal.runners.statements.FailOnTimeout$CallableStatement.call(FailOnTimeout.java:288) [junit-4.13.1.jar:4.13.1]
	at org.junit.internal.runners.statements.FailOnTimeout$CallableStatement.call(FailOnTimeout.java:282) [junit-4.13.1.jar:4.13.1]
	at java.util.concurrent.FutureTask.run(FutureTask.java:266) [?:1.8.0_362]
	at java.lang.Thread.run(Thread.java:750) [?:1.8.0_362]
2023-04-21 06:18:09,698 [Listener at 127.0.0.1/33363] INFO  ozone.MiniOzoneClusterImpl (MiniOzoneClusterImpl.java:shutdown(456)) - Shutting down the Mini Ozone Cluster
2023-04-21 06:18:09,698 [Listener at 127.0.0.1/33363] INFO  ozone.MiniOzoneClusterImpl (MiniOzoneClusterImpl.java:stop(474)) - Stopping the Mini Ozone Cluster
2023-04-21 06:18:09,698 [Listener at 127.0.0.1/33363] INFO  ozone.MiniOzoneClusterImpl (MiniOzoneClusterImpl.java:stopOM(560)) - Stopping the OzoneManager
2023-04-21 06:18:09,698 [Listener at 127.0.0.1/33363] INFO  om.OzoneManager (OzoneManager.java:stop(2154)) - om1[localhost:0]: Stopping Ozone Manager
2023-04-21 06:18:09,699 [Listener at 127.0.0.1/33363] INFO  ipc.Server (Server.java:stop(3501)) - Stopping server on 33363
2023-04-21 06:18:09,702 [IPC Server listener on 0] INFO  ipc.Server (Server.java:run(1430)) - Stopping IPC Server listener on 0
2023-04-21 06:18:09,704 [IPC Server Responder] INFO  ipc.Server (Server.java:run(1563)) - Stopping IPC Server Responder
2023-04-21 06:18:09,704 [Listener at 127.0.0.1/33363] INFO  server.RaftServer (RaftServerProxy.java:lambda$close$6(409)) - om1: close
2023-04-21 06:18:09,705 [Listener at 127.0.0.1/33363] INFO  server.GrpcService (GrpcService.java:closeImpl(271)) - om1: shutdown server GrpcServerProtocolService now
2023-04-21 06:18:09,705 [om1-impl-thread1] INFO  server.RaftServer$Division (RaftServerImpl.java:lambda$close$4(458)) - om1@group-C5BA1605619E: shutdown
2023-04-21 06:18:09,705 [om1-impl-thread1] INFO  util.JmxRegister (JmxRegister.java:unregister(73)) - Successfully un-registered JMX Bean with object name Ratis:service=RaftServer,group=group-C5BA1605619E,id=om1
2023-04-21 06:18:09,705 [om1-impl-thread1] INFO  impl.RoleInfo (RoleInfo.java:shutdownLeaderState(93)) - om1: shutdown om1@group-C5BA1605619E-LeaderStateImpl
2023-04-21 06:18:09,705 [om1-impl-thread1] INFO  impl.PendingRequests (PendingRequests.java:sendNotLeaderResponses(282)) - om1@group-C5BA1605619E-PendingRequests: sendNotLeaderResponses
2023-04-21 06:18:09,705 [om1-impl-thread1] INFO  impl.StateMachineUpdater (StateMachineUpdater.java:stopAndJoin(153)) - om1@group-C5BA1605619E-StateMachineUpdater: set stopIndex = 0
2023-04-21 06:18:09,705 [om1@group-C5BA1605619E-StateMachineUpdater] INFO  ratis.OzoneManagerStateMachine (OzoneManagerStateMachine.java:takeSnapshot(453)) - Current Snapshot Index (t:1, i:0)
2023-04-21 06:18:09,707 [Listener at 127.0.0.1/33363] INFO  server.GrpcService (GrpcService.java:closeImpl(280)) - om1: shutdown server GrpcServerProtocolService successfully
2023-04-21 06:18:09,718 [om1@group-C5BA1605619E-StateMachineUpdater] INFO  impl.StateMachineUpdater (StateMachineUpdater.java:takeSnapshot(287)) - om1@group-C5BA1605619E-StateMachineUpdater: Took a snapshot at index 0
2023-04-21 06:18:09,718 [om1@group-C5BA1605619E-StateMachineUpdater] INFO  impl.StateMachineUpdater (StateMachineUpdater.java:lambda$new$0(92)) - om1@group-C5BA1605619E-StateMachineUpdater: snapshotIndex: updateIncreasingly -1 -> 0
2023-04-21 06:18:09,718 [om1@group-C5BA1605619E-StateMachineUpdater] INFO  ratis.OzoneManagerStateMachine (OzoneManagerStateMachine.java:close(507)) - StateMachine has shutdown. Shutdown OzoneManager if not already shutdown.
2023-04-21 06:18:09,718 [om1@group-C5BA1605619E-StateMachineUpdater] INFO  ratis.OzoneManagerDoubleBuffer (OzoneManagerDoubleBuffer.java:stopDaemon(540)) - Stopping OMDoubleBuffer flush thread
2023-04-21 06:18:09,719 [OMDoubleBufferFlushThread] INFO  ratis.OzoneManagerDoubleBuffer (OzoneManagerDoubleBuffer.java:canFlush(625)) - OMDoubleBuffer flush thread OMDoubleBufferFlushThread is interrupted and will exit.
2023-04-21 06:18:09,719 [om1-impl-thread1] INFO  server.RaftServer$Division (ServerState.java:close(466)) - om1@group-C5BA1605619E: closes. applyIndex: 0
2023-04-21 06:18:09,719 [om1@group-C5BA1605619E-SegmentedRaftLogWorker] INFO  segmented.SegmentedRaftLogWorker (SegmentedRaftLogWorker.java:run(347)) - om1@group-C5BA1605619E-SegmentedRaftLogWorker was interrupted, exiting. There are 0 tasks remaining in the queue.
2023-04-21 06:18:09,720 [om1-impl-thread1] INFO  segmented.SegmentedRaftLogWorker (SegmentedRaftLogWorker.java:close(257)) - om1@group-C5BA1605619E-SegmentedRaftLogWorker close()
2023-04-21 06:18:09,721 [JvmPauseMonitor20] INFO  util.JvmPauseMonitor (JvmPauseMonitor.java:run(111)) - JvmPauseMonitor-om1: Stopped
2023-04-21 06:18:09,721 [Listener at 127.0.0.1/33363] INFO  ratis.OzoneManagerStateMachine (OzoneManagerStateMachine.java:close(507)) - StateMachine has shutdown. Shutdown OzoneManager if not already shutdown.
2023-04-21 06:18:09,721 [Listener at 127.0.0.1/33363] INFO  ratis.OzoneManagerDoubleBuffer (OzoneManagerDoubleBuffer.java:stopDaemon(549)) - OMDoubleBuffer flush thread is not running.
2023-04-21 06:18:09,722 [Listener at 127.0.0.1/33363] INFO  utils.BackgroundService (BackgroundService.java:shutdown(141)) - Shutting down service KeyDeletingService
2023-04-21 06:18:09,722 [Listener at 127.0.0.1/33363] INFO  utils.BackgroundService (BackgroundService.java:shutdown(141)) - Shutting down service KeyDeletingService
2023-04-21 06:18:09,722 [Listener at 127.0.0.1/33363] INFO  utils.BackgroundService (BackgroundService.java:shutdown(141)) - Shutting down service OpenKeyCleanupService
2023-04-21 06:18:09,722 [Listener at 127.0.0.1/33363] INFO  utils.BackgroundService (BackgroundService.java:shutdown(141)) - Shutting down service SstFilteringService
2023-04-21 06:18:09,722 [Listener at 127.0.0.1/33363] INFO  utils.BackgroundService (BackgroundService.java:shutdown(141)) - Shutting down service SnapshotDeletingService
2023-04-21 06:18:09,723 [Listener at 127.0.0.1/33363] INFO  handler.ContextHandler (ContextHandler.java:doStop(1159)) - Stopped o.e.j.w.WebAppContext@545164fb{ozoneManager,/,null,STOPPED}{file:/home/runner/work/ozone/ozone/hadoop-ozone/integration-test/target/test-classes/webapps/ozoneManager}
2023-04-21 06:18:09,723 [Listener at 127.0.0.1/33363] INFO  server.AbstractConnector (AbstractConnector.java:doStop(383)) - Stopped ServerConnector@3d356f11{HTTP/1.1, (http/1.1)}{0.0.0.0:0}
2023-04-21 06:18:09,723 [Listener at 127.0.0.1/33363] INFO  server.session (HouseKeeper.java:stopScavenging(149)) - node0 Stopped scavenging
2023-04-21 06:18:09,724 [Listener at 127.0.0.1/33363] INFO  handler.ContextHandler (ContextHandler.java:doStop(1159)) - Stopped o.e.j.s.ServletContextHandler@77d0b601{static,/static,file:///home/runner/work/ozone/ozone/hadoop-ozone/integration-test/target/test-classes/webapps/static,STOPPED}
2023-04-21 06:18:09,724 [Listener at 127.0.0.1/33363] INFO  handler.ContextHandler (ContextHandler.java:doStop(1159)) - Stopped o.e.j.s.ServletContextHandler@2c7861a8{logs,/logs,file:///home/runner/work/ozone/ozone/hadoop-ozone/integration-test/target/log,STOPPED}
2023-04-21 06:18:09,726 [Listener at 127.0.0.1/33363] INFO  utils.BackgroundService (BackgroundService.java:shutdown(141)) - Shutting down service SnapshotDiffCleanupService
2023-04-21 06:18:09,728 [Listener at 127.0.0.1/33363] INFO  ozone.MiniOzoneClusterImpl (MiniOzoneClusterImpl.java:stopDatanodes(537)) - Stopping the HddsDatanodes
2023-04-21 06:18:09,731 [ForkJoinPool.commonPool-worker-1] INFO  ozoneimpl.OzoneContainer (OzoneContainer.java:stop(419)) - Attempting to stop container services.
2023-04-21 06:18:09,733 [ForkJoinPool.commonPool-worker-1] INFO  server.RaftServer (RaftServerProxy.java:lambda$close$6(409)) - b5ed12de-f90d-40ef-a4f6-6f0ba0776d3f: close
2023-04-21 06:18:09,733 [b5ed12de-f90d-40ef-a4f6-6f0ba0776d3f-impl-thread1] INFO  server.RaftServer$Division (RaftServerImpl.java:lambda$close$4(458)) - b5ed12de-f90d-40ef-a4f6-6f0ba0776d3f@group-45CFD87F60C3: shutdown
2023-04-21 06:18:09,733 [b5ed12de-f90d-40ef-a4f6-6f0ba0776d3f-impl-thread1] INFO  util.JmxRegister (JmxRegister.java:unregister(73)) - Successfully un-registered JMX Bean with object name Ratis:service=RaftServer,group=group-45CFD87F60C3,id=b5ed12de-f90d-40ef-a4f6-6f0ba0776d3f
2023-04-21 06:18:09,733 [b5ed12de-f90d-40ef-a4f6-6f0ba0776d3f-impl-thread1] INFO  impl.RoleInfo (RoleInfo.java:shutdownFollowerState(110)) - b5ed12de-f90d-40ef-a4f6-6f0ba0776d3f: shutdown b5ed12de-f90d-40ef-a4f6-6f0ba0776d3f@group-45CFD87F60C3-FollowerState
2023-04-21 06:18:09,733 [b5ed12de-f90d-40ef-a4f6-6f0ba0776d3f-impl-thread2] INFO  server.RaftServer$Division (RaftServerImpl.java:lambda$close$4(458)) - b5ed12de-f90d-40ef-a4f6-6f0ba0776d3f@group-569E397A159F: shutdown
2023-04-21 06:18:09,733 [b5ed12de-f90d-40ef-a4f6-6f0ba0776d3f-impl-thread2] INFO  util.JmxRegister (JmxRegister.java:unregister(73)) - Successfully un-registered JMX Bean with object name Ratis:service=RaftServer,group=group-569E397A159F,id=b5ed12de-f90d-40ef-a4f6-6f0ba0776d3f
2023-04-21 06:18:09,733 [b5ed12de-f90d-40ef-a4f6-6f0ba0776d3f-impl-thread2] INFO  impl.RoleInfo (RoleInfo.java:shutdownLeaderState(93)) - b5ed12de-f90d-40ef-a4f6-6f0ba0776d3f: shutdown b5ed12de-f90d-40ef-a4f6-6f0ba0776d3f@group-569E397A159F-LeaderStateImpl
2023-04-21 06:18:09,734 [b5ed12de-f90d-40ef-a4f6-6f0ba0776d3f-impl-thread2] INFO  impl.PendingRequests (PendingRequests.java:sendNotLeaderResponses(282)) - b5ed12de-f90d-40ef-a4f6-6f0ba0776d3f@group-569E397A159F-PendingRequests: sendNotLeaderResponses
2023-04-21 06:18:09,734 [b5ed12de-f90d-40ef-a4f6-6f0ba0776d3f@group-569E397A159F-StateMachineUpdater] INFO  ratis.ContainerStateMachine (ContainerStateMachine.java:takeSnapshot(330)) - group-569E397A159F: Taking a snapshot at:(t:1, i:0) file /home/runner/work/ozone/ozone/hadoop-ozone/integration-test/target/test-dir/MiniOzoneClusterImpl-095cf78d-69a9-402e-99bd-cb43c7978d28/datanode-0/data/ratis/610a4297-f680-466b-ab75-569e397a159f/sm/snapshot.1_0
2023-04-21 06:18:09,734 [b5ed12de-f90d-40ef-a4f6-6f0ba0776d3f-impl-thread2] INFO  impl.StateMachineUpdater (StateMachineUpdater.java:stopAndJoin(153)) - b5ed12de-f90d-40ef-a4f6-6f0ba0776d3f@group-569E397A159F-StateMachineUpdater: set stopIndex = 0
2023-04-21 06:18:09,734 [ForkJoinPool.commonPool-worker-1] INFO  server.GrpcService (GrpcService.java:closeImpl(271)) - b5ed12de-f90d-40ef-a4f6-6f0ba0776d3f: shutdown server GrpcServerProtocolService now
2023-04-21 06:18:09,734 [b5ed12de-f90d-40ef-a4f6-6f0ba0776d3f-impl-thread1] INFO  impl.StateMachineUpdater (StateMachineUpdater.java:stopAndJoin(153)) - b5ed12de-f90d-40ef-a4f6-6f0ba0776d3f@group-45CFD87F60C3-StateMachineUpdater: set stopIndex = -1
2023-04-21 06:18:09,735 [b5ed12de-f90d-40ef-a4f6-6f0ba0776d3f@group-45CFD87F60C3-FollowerState] INFO  impl.FollowerState (FollowerState.java:run(152)) - b5ed12de-f90d-40ef-a4f6-6f0ba0776d3f@group-45CFD87F60C3-FollowerState was interrupted
2023-04-21 06:18:09,735 [b5ed12de-f90d-40ef-a4f6-6f0ba0776d3f@group-569E397A159F-StateMachineUpdater] INFO  ratis.ContainerStateMachine (ContainerStateMachine.java:takeSnapshot(341)) - group-569E397A159F: Finished taking a snapshot at:(t:1, i:0) file:/home/runner/work/ozone/ozone/hadoop-ozone/integration-test/target/test-dir/MiniOzoneClusterImpl-095cf78d-69a9-402e-99bd-cb43c7978d28/datanode-0/data/ratis/610a4297-f680-466b-ab75-569e397a159f/sm/snapshot.1_0 took: 1 ms
2023-04-21 06:18:09,736 [b5ed12de-f90d-40ef-a4f6-6f0ba0776d3f@group-569E397A159F-StateMachineUpdater] INFO  impl.StateMachineUpdater (StateMachineUpdater.java:takeSnapshot(287)) - b5ed12de-f90d-40ef-a4f6-6f0ba0776d3f@group-569E397A159F-StateMachineUpdater: Took a snapshot at index 0
2023-04-21 06:18:09,736 [b5ed12de-f90d-40ef-a4f6-6f0ba0776d3f@group-569E397A159F-StateMachineUpdater] INFO  impl.StateMachineUpdater (StateMachineUpdater.java:lambda$new$0(92)) - b5ed12de-f90d-40ef-a4f6-6f0ba0776d3f@group-569E397A159F-StateMachineUpdater: snapshotIndex: updateIncreasingly -1 -> 0
2023-04-21 06:18:09,738 [grpc-default-executor-4] WARN  server.GrpcServerProtocolService (LogUtils.java:warn(122)) - b5ed12de-f90d-40ef-a4f6-6f0ba0776d3f: installSnapshot onError, lastRequest: null: org.apache.ratis.thirdparty.io.grpc.StatusRuntimeException: CANCELLED: client cancelled
2023-04-21 06:18:09,738 [grpc-default-executor-1] WARN  server.GrpcLogAppender (LogUtils.java:warn(122)) - b6e9b414-768d-4e3e-88d3-472f8ec22e92@group-45CFD87F60C3->b5ed12de-f90d-40ef-a4f6-6f0ba0776d3f-AppendLogResponseHandler: Failed appendEntries: org.apache.ratis.thirdparty.io.grpc.StatusRuntimeException: CANCELLED: RST_STREAM closed stream. HTTP/2 error code: CANCEL
2023-04-21 06:18:09,738 [grpc-default-executor-1] WARN  server.GrpcLogAppender (GrpcLogAppender.java:resetClient(131)) - b6e9b414-768d-4e3e-88d3-472f8ec22e92@group-45CFD87F60C3->b5ed12de-f90d-40ef-a4f6-6f0ba0776d3f-GrpcLogAppender: Leader has not got in touch with Follower b6e9b414-768d-4e3e-88d3-472f8ec22e92@group-45CFD87F60C3->b5ed12de-f90d-40ef-a4f6-6f0ba0776d3f(c-1,m0,n1, attendVote=true, lastRpcSendTime=343, lastRpcResponseTime=306) yet, just keep nextIndex unchanged and retry.
2023-04-21 06:18:09,739 [grpc-default-executor-1] WARN  server.GrpcLogAppender (LogUtils.java:warn(122)) - b6e9b414-768d-4e3e-88d3-472f8ec22e92@group-45CFD87F60C3->b5ed12de-f90d-40ef-a4f6-6f0ba0776d3f-AppendLogResponseHandler: Failed appendEntries: org.apache.ratis.thirdparty.io.grpc.StatusRuntimeException: CANCELLED: RST_STREAM closed stream. HTTP/2 error code: CANCEL
2023-04-21 06:18:09,739 [grpc-default-executor-1] WARN  server.GrpcLogAppender (GrpcLogAppender.java:resetClient(131)) - b6e9b414-768d-4e3e-88d3-472f8ec22e92@group-45CFD87F60C3->b5ed12de-f90d-40ef-a4f6-6f0ba0776d3f-GrpcLogAppender: Leader has not got in touch with Follower b6e9b414-768d-4e3e-88d3-472f8ec22e92@group-45CFD87F60C3->b5ed12de-f90d-40ef-a4f6-6f0ba0776d3f(c-1,m0,n1, attendVote=true, lastRpcSendTime=344, lastRpcResponseTime=307) yet, just keep nextIndex unchanged and retry.
2023-04-21 06:18:09,742 [b5ed12de-f90d-40ef-a4f6-6f0ba0776d3f-impl-thread1] INFO  server.RaftServer$Division (ServerState.java:close(466)) - b5ed12de-f90d-40ef-a4f6-6f0ba0776d3f@group-45CFD87F60C3: closes. applyIndex: -1
2023-04-21 06:18:09,742 [b5ed12de-f90d-40ef-a4f6-6f0ba0776d3f-impl-thread3] INFO  server.RaftServer$Division (RaftServerImpl.java:lambda$close$4(458)) - b5ed12de-f90d-40ef-a4f6-6f0ba0776d3f@group-B7260385CADC: shutdown
2023-04-21 06:18:09,742 [b5ed12de-f90d-40ef-a4f6-6f0ba0776d3f-impl-thread3] INFO  util.JmxRegister (JmxRegister.java:unregister(73)) - Successfully un-registered JMX Bean with object name Ratis:service=RaftServer,group=group-B7260385CADC,id=b5ed12de-f90d-40ef-a4f6-6f0ba0776d3f
2023-04-21 06:18:09,742 [b5ed12de-f90d-40ef-a4f6-6f0ba0776d3f-impl-thread3] INFO  impl.RoleInfo (RoleInfo.java:shutdownLeaderState(93)) - b5ed12de-f90d-40ef-a4f6-6f0ba0776d3f: shutdown b5ed12de-f90d-40ef-a4f6-6f0ba0776d3f@group-B7260385CADC-LeaderStateImpl
2023-04-21 06:18:09,742 [b5ed12de-f90d-40ef-a4f6-6f0ba0776d3f-impl-thread3] INFO  impl.PendingRequests (PendingRequests.java:sendNotLeaderResponses(282)) - b5ed12de-f90d-40ef-a4f6-6f0ba0776d3f@group-B7260385CADC-PendingRequests: sendNotLeaderResponses
2023-04-21 06:18:09,742 [b5ed12de-f90d-40ef-a4f6-6f0ba0776d3f@group-B7260385CADC->b6e9b414-768d-4e3e-88d3-472f8ec22e92-GrpcLogAppender-LogAppenderDaemon] WARN  server.GrpcLogAppender (GrpcLogAppender.java:mayWait(200)) - b5ed12de-f90d-40ef-a4f6-6f0ba0776d3f@group-B7260385CADC->b6e9b414-768d-4e3e-88d3-472f8ec22e92-GrpcLogAppender: Wait interrupted by java.lang.InterruptedException
2023-04-21 06:18:09,742 [grpc-default-executor-5] WARN  server.GrpcServerProtocolService (LogUtils.java:warn(122)) - b5ed12de-f90d-40ef-a4f6-6f0ba0776d3f: installSnapshot onError, lastRequest: b6e9b414-768d-4e3e-88d3-472f8ec22e92->b5ed12de-f90d-40ef-a4f6-6f0ba0776d3f#1-t1,previous=(t:0, i:0),leaderCommit=-1,initializing? true,entries: size=1, first=(t:1, i:0), CONFIGURATIONENTRY(current:id: "b5ed12de-f90d-40ef-a4f6-6f0ba0776d3f"
address: "10.1.0.35:37973"
dataStreamAddress: "10.1.0.35:44447"
clientAddress: "10.1.0.35:37973"
adminAddress: "10.1.0.35:37973"
startupRole: FOLLOWER
,id: "fe0baf38-ef32-47f5-977d-6484d2e153f1"
address: "10.1.0.35:37765"
dataStreamAddress: "10.1.0.35:35889"
clientAddress: "10.1.0.35:37765"
adminAddress: "10.1.0.35:37765"
startupRole: FOLLOWER
,id: "b6e9b414-768d-4e3e-88d3-472f8ec22e92"
address: "10.1.0.35:42709"
priority: 1
dataStreamAddress: "10.1.0.35:45909"
clientAddress: "10.1.0.35:42709"
adminAddress: "10.1.0.35:42709"
startupRole: FOLLOWER
, old:): org.apache.ratis.thirdparty.io.grpc.StatusRuntimeException: CANCELLED: client cancelled
2023-04-21 06:18:09,743 [b5ed12de-f90d-40ef-a4f6-6f0ba0776d3f@group-B7260385CADC->fe0baf38-ef32-47f5-977d-6484d2e153f1-GrpcLogAppender-LogAppenderDaemon] WARN  server.GrpcLogAppender (GrpcLogAppender.java:mayWait(200)) - b5ed12de-f90d-40ef-a4f6-6f0ba0776d3f@group-B7260385CADC->fe0baf38-ef32-47f5-977d-6484d2e153f1-GrpcLogAppender: Wait interrupted by java.lang.InterruptedException
2023-04-21 06:18:09,743 [b5ed12de-f90d-40ef-a4f6-6f0ba0776d3f@group-45CFD87F60C3-SegmentedRaftLogWorker] INFO  segmented.SegmentedRaftLogWorker (SegmentedRaftLogWorker.java:run(347)) - b5ed12de-f90d-40ef-a4f6-6f0ba0776d3f@group-45CFD87F60C3-SegmentedRaftLogWorker was interrupted, exiting. There are 0 tasks remaining in the queue.
2023-04-21 06:18:09,743 [b5ed12de-f90d-40ef-a4f6-6f0ba0776d3f@group-B7260385CADC-StateMachineUpdater] INFO  ratis.ContainerStateMachine (ContainerStateMachine.java:takeSnapshot(330)) - group-B7260385CADC: Taking a snapshot at:(t:1, i:0) file /home/runner/work/ozone/ozone/hadoop-ozone/integration-test/target/test-dir/MiniOzoneClusterImpl-095cf78d-69a9-402e-99bd-cb43c7978d28/datanode-0/data/ratis/079c5fba-b4cc-4007-98bd-b7260385cadc/sm/snapshot.1_0
2023-04-21 06:18:09,743 [ForkJoinPool.commonPool-worker-1] INFO  server.GrpcServerProtocolClient (GrpcServerProtocolClient.java:close(101)) - fe0baf38-ef32-47f5-977d-6484d2e153f1 Close channels
2023-04-21 06:18:09,754 [b5ed12de-f90d-40ef-a4f6-6f0ba0776d3f@group-B7260385CADC-StateMachineUpdater] INFO  ratis.ContainerStateMachine (ContainerStateMachine.java:takeSnapshot(341)) - group-B7260385CADC: Finished taking a snapshot at:(t:1, i:0) file:/home/runner/work/ozone/ozone/hadoop-ozone/integration-test/target/test-dir/MiniOzoneClusterImpl-095cf78d-69a9-402e-99bd-cb43c7978d28/datanode-0/data/ratis/079c5fba-b4cc-4007-98bd-b7260385cadc/sm/snapshot.1_0 took: 11 ms
2023-04-21 06:18:09,754 [grpc-default-executor-2] INFO  server.GrpcServerProtocolService (GrpcServerProtocolService.java:onCompleted(143)) - b6e9b414-768d-4e3e-88d3-472f8ec22e92: Completed APPEND_ENTRIES, lastRequest: b5ed12de-f90d-40ef-a4f6-6f0ba0776d3f->b6e9b414-768d-4e3e-88d3-472f8ec22e92#1-t1,previous=(t:0, i:0),leaderCommit=0,initializing? true,entries: size=1, first=(t:1, i:0), CONFIGURATIONENTRY(current:id: "b5ed12de-f90d-40ef-a4f6-6f0ba0776d3f"
address: "10.1.0.35:37973"
priority: 1
dataStreamAddress: "10.1.0.35:44447"
clientAddress: "10.1.0.35:37973"
adminAddress: "10.1.0.35:37973"
startupRole: FOLLOWER
,id: "fe0baf38-ef32-47f5-977d-6484d2e153f1"
address: "10.1.0.35:37765"
dataStreamAddress: "10.1.0.35:35889"
clientAddress: "10.1.0.35:37765"
adminAddress: "10.1.0.35:37765"
startupRole: FOLLOWER
,id: "b6e9b414-768d-4e3e-88d3-472f8ec22e92"
address: "10.1.0.35:42709"
dataStreamAddress: "10.1.0.35:45909"
clientAddress: "10.1.0.35:42709"
adminAddress: "10.1.0.35:42709"
startupRole: FOLLOWER
, old:)
2023-04-21 06:18:09,754 [b5ed12de-f90d-40ef-a4f6-6f0ba0776d3f@group-B7260385CADC-StateMachineUpdater] INFO  impl.StateMachineUpdater (StateMachineUpdater.java:takeSnapshot(287)) - b5ed12de-f90d-40ef-a4f6-6f0ba0776d3f@group-B7260385CADC-StateMachineUpdater: Took a snapshot at index 0
2023-04-21 06:18:09,754 [b5ed12de-f90d-40ef-a4f6-6f0ba0776d3f@group-B7260385CADC-StateMachineUpdater] INFO  impl.StateMachineUpdater (StateMachineUpdater.java:lambda$new$0(92)) - b5ed12de-f90d-40ef-a4f6-6f0ba0776d3f@group-B7260385CADC-StateMachineUpdater: snapshotIndex: updateIncreasingly -1 -> 0
2023-04-21 06:18:09,754 [grpc-default-executor-1] INFO  server.GrpcServerProtocolService (GrpcServerProtocolService.java:onCompleted(143)) - b6e9b414-768d-4e3e-88d3-472f8ec22e92: Completed APPEND_ENTRIES, lastRequest: null
2023-04-21 06:18:09,755 [grpc-default-executor-5] INFO  server.GrpcServerProtocolService (GrpcServerProtocolService.java:onCompleted(143)) - fe0baf38-ef32-47f5-977d-6484d2e153f1: Completed APPEND_ENTRIES, lastRequest: b5ed12de-f90d-40ef-a4f6-6f0ba0776d3f->fe0baf38-ef32-47f5-977d-6484d2e153f1#1-t1,previous=(t:0, i:0),leaderCommit=0,initializing? true,entries: size=1, first=(t:1, i:0), CONFIGURATIONENTRY(current:id: "b5ed12de-f90d-40ef-a4f6-6f0ba0776d3f"
address: "10.1.0.35:37973"
priority: 1
dataStreamAddress: "10.1.0.35:44447"
clientAddress: "10.1.0.35:37973"
adminAddress: "10.1.0.35:37973"
startupRole: FOLLOWER
,id: "fe0baf38-ef32-47f5-977d-6484d2e153f1"
address: "10.1.0.35:37765"
dataStreamAddress: "10.1.0.35:35889"
clientAddress: "10.1.0.35:37765"
adminAddress: "10.1.0.35:37765"
startupRole: FOLLOWER
,id: "b6e9b414-768d-4e3e-88d3-472f8ec22e92"
address: "10.1.0.35:42709"
dataStreamAddress: "10.1.0.35:45909"
clientAddress: "10.1.0.35:42709"
adminAddress: "10.1.0.35:42709"
startupRole: FOLLOWER
, old:)
2023-04-21 06:18:09,755 [b5ed12de-f90d-40ef-a4f6-6f0ba0776d3f-impl-thread3] INFO  impl.StateMachineUpdater (StateMachineUpdater.java:stopAndJoin(153)) - b5ed12de-f90d-40ef-a4f6-6f0ba0776d3f@group-B7260385CADC-StateMachineUpdater: set stopIndex = 0
2023-04-21 06:18:09,755 [b5ed12de-f90d-40ef-a4f6-6f0ba0776d3f-impl-thread3] INFO  server.RaftServer$Division (ServerState.java:close(466)) - b5ed12de-f90d-40ef-a4f6-6f0ba0776d3f@group-B7260385CADC: closes. applyIndex: 0
2023-04-21 06:18:09,755 [b5ed12de-f90d-40ef-a4f6-6f0ba0776d3f@group-B7260385CADC-SegmentedRaftLogWorker] INFO  segmented.SegmentedRaftLogWorker (SegmentedRaftLogWorker.java:run(347)) - b5ed12de-f90d-40ef-a4f6-6f0ba0776d3f@group-B7260385CADC-SegmentedRaftLogWorker was interrupted, exiting. There are 0 tasks remaining in the queue.
2023-04-21 06:18:09,755 [grpc-default-executor-3] INFO  server.GrpcServerProtocolService (GrpcServerProtocolService.java:onCompleted(143)) - fe0baf38-ef32-47f5-977d-6484d2e153f1: Completed APPEND_ENTRIES, lastRequest: null
2023-04-21 06:18:09,756 [grpc-default-executor-0] INFO  server.GrpcLogAppender (GrpcLogAppender.java:onCompleted(415)) - b5ed12de-f90d-40ef-a4f6-6f0ba0776d3f@group-B7260385CADC->b6e9b414-768d-4e3e-88d3-472f8ec22e92-AppendLogResponseHandler: follower responses appendEntries COMPLETED
2023-04-21 06:18:09,756 [grpc-default-executor-0] INFO  leader.FollowerInfo (FollowerInfoImpl.java:lambda$new$0(48)) - b5ed12de-f90d-40ef-a4f6-6f0ba0776d3f@group-B7260385CADC->b6e9b414-768d-4e3e-88d3-472f8ec22e92: nextIndex: updateUnconditionally 1 -> 0
2023-04-21 06:18:09,753 [b5ed12de-f90d-40ef-a4f6-6f0ba0776d3f-impl-thread2] INFO  server.RaftServer$Division (ServerState.java:close(466)) - b5ed12de-f90d-40ef-a4f6-6f0ba0776d3f@group-569E397A159F: closes. applyIndex: 0
2023-04-21 06:18:09,744 [Listener at 127.0.0.1/33363] INFO  ozoneimpl.OzoneContainer (OzoneContainer.java:stop(419)) - Attempting to stop container services.
2023-04-21 06:18:09,760 [b5ed12de-f90d-40ef-a4f6-6f0ba0776d3f@group-569E397A159F-SegmentedRaftLogWorker] INFO  segmented.SegmentedRaftLogWorker (SegmentedRaftLogWorker.java:run(347)) - b5ed12de-f90d-40ef-a4f6-6f0ba0776d3f@group-569E397A159F-SegmentedRaftLogWorker was interrupted, exiting. There are 0 tasks remaining in the queue.
2023-04-21 06:18:09,760 [b5ed12de-f90d-40ef-a4f6-6f0ba0776d3f-impl-thread1] INFO  segmented.SegmentedRaftLogWorker (SegmentedRaftLogWorker.java:close(257)) - b5ed12de-f90d-40ef-a4f6-6f0ba0776d3f@group-45CFD87F60C3-SegmentedRaftLogWorker close()
2023-04-21 06:18:09,761 [Listener at 127.0.0.1/33363] INFO  server.RaftServer (RaftServerProxy.java:lambda$close$6(409)) - fe0baf38-ef32-47f5-977d-6484d2e153f1: close
2023-04-21 06:18:09,761 [fe0baf38-ef32-47f5-977d-6484d2e153f1-impl-thread1] INFO  server.RaftServer$Division (RaftServerImpl.java:lambda$close$4(458)) - fe0baf38-ef32-47f5-977d-6484d2e153f1@group-45CFD87F60C3: shutdown
2023-04-21 06:18:09,761 [fe0baf38-ef32-47f5-977d-6484d2e153f1-impl-thread1] INFO  util.JmxRegister (JmxRegister.java:unregister(73)) - Successfully un-registered JMX Bean with object name Ratis:service=RaftServer,group=group-45CFD87F60C3,id=fe0baf38-ef32-47f5-977d-6484d2e153f1
2023-04-21 06:18:09,761 [fe0baf38-ef32-47f5-977d-6484d2e153f1-impl-thread1] INFO  impl.RoleInfo (RoleInfo.java:shutdownFollowerState(110)) - fe0baf38-ef32-47f5-977d-6484d2e153f1: shutdown fe0baf38-ef32-47f5-977d-6484d2e153f1@group-45CFD87F60C3-FollowerState
2023-04-21 06:18:09,765 [fe0baf38-ef32-47f5-977d-6484d2e153f1-impl-thread2] INFO  server.RaftServer$Division (RaftServerImpl.java:lambda$close$4(458)) - fe0baf38-ef32-47f5-977d-6484d2e153f1@group-EAB1EC84FDEC: shutdown
2023-04-21 06:18:09,765 [fe0baf38-ef32-47f5-977d-6484d2e153f1-impl-thread2] INFO  util.JmxRegister (JmxRegister.java:unregister(73)) - Successfully un-registered JMX Bean with object name Ratis:service=RaftServer,group=group-EAB1EC84FDEC,id=fe0baf38-ef32-47f5-977d-6484d2e153f1
2023-04-21 06:18:09,765 [fe0baf38-ef32-47f5-977d-6484d2e153f1-impl-thread2] INFO  impl.RoleInfo (RoleInfo.java:shutdownLeaderState(93)) - fe0baf38-ef32-47f5-977d-6484d2e153f1: shutdown fe0baf38-ef32-47f5-977d-6484d2e153f1@group-EAB1EC84FDEC-LeaderStateImpl
2023-04-21 06:18:09,766 [fe0baf38-ef32-47f5-977d-6484d2e153f1-impl-thread2] INFO  impl.PendingRequests (PendingRequests.java:sendNotLeaderResponses(282)) - fe0baf38-ef32-47f5-977d-6484d2e153f1@group-EAB1EC84FDEC-PendingRequests: sendNotLeaderResponses
2023-04-21 06:18:09,766 [fe0baf38-ef32-47f5-977d-6484d2e153f1@group-EAB1EC84FDEC-StateMachineUpdater] INFO  ratis.ContainerStateMachine (ContainerStateMachine.java:takeSnapshot(330)) - group-EAB1EC84FDEC: Taking a snapshot at:(t:1, i:0) file /home/runner/work/ozone/ozone/hadoop-ozone/integration-test/target/test-dir/MiniOzoneClusterImpl-095cf78d-69a9-402e-99bd-cb43c7978d28/datanode-1/data/ratis/7efd173b-4212-4c57-a909-eab1ec84fdec/sm/snapshot.1_0
2023-04-21 06:18:09,766 [fe0baf38-ef32-47f5-977d-6484d2e153f1-impl-thread2] INFO  impl.StateMachineUpdater (StateMachineUpdater.java:stopAndJoin(153)) - fe0baf38-ef32-47f5-977d-6484d2e153f1@group-EAB1EC84FDEC-StateMachineUpdater: set stopIndex = 0
2023-04-21 06:18:09,767 [fe0baf38-ef32-47f5-977d-6484d2e153f1@group-EAB1EC84FDEC-StateMachineUpdater] INFO  ratis.ContainerStateMachine (ContainerStateMachine.java:takeSnapshot(341)) - group-EAB1EC84FDEC: Finished taking a snapshot at:(t:1, i:0) file:/home/runner/work/ozone/ozone/hadoop-ozone/integration-test/target/test-dir/MiniOzoneClusterImpl-095cf78d-69a9-402e-99bd-cb43c7978d28/datanode-1/data/ratis/7efd173b-4212-4c57-a909-eab1ec84fdec/sm/snapshot.1_0 took: 1 ms
2023-04-21 06:18:09,767 [fe0baf38-ef32-47f5-977d-6484d2e153f1@group-EAB1EC84FDEC-StateMachineUpdater] INFO  impl.StateMachineUpdater (StateMachineUpdater.java:takeSnapshot(287)) - fe0baf38-ef32-47f5-977d-6484d2e153f1@group-EAB1EC84FDEC-StateMachineUpdater: Took a snapshot at index 0
2023-04-21 06:18:09,767 [fe0baf38-ef32-47f5-977d-6484d2e153f1@group-EAB1EC84FDEC-StateMachineUpdater] INFO  impl.StateMachineUpdater (StateMachineUpdater.java:lambda$new$0(92)) - fe0baf38-ef32-47f5-977d-6484d2e153f1@group-EAB1EC84FDEC-StateMachineUpdater: snapshotIndex: updateIncreasingly -1 -> 0
2023-04-21 06:18:09,767 [fe0baf38-ef32-47f5-977d-6484d2e153f1-impl-thread2] INFO  server.RaftServer$Division (ServerState.java:close(466)) - fe0baf38-ef32-47f5-977d-6484d2e153f1@group-EAB1EC84FDEC: closes. applyIndex: 0
2023-04-21 06:18:09,769 [Listener at 127.0.0.1/33363] INFO  server.GrpcService (GrpcService.java:closeImpl(271)) - fe0baf38-ef32-47f5-977d-6484d2e153f1: shutdown server GrpcServerProtocolService now
2023-04-21 06:18:09,769 [fe0baf38-ef32-47f5-977d-6484d2e153f1-impl-thread3] INFO  server.RaftServer$Division (RaftServerImpl.java:lambda$close$4(458)) - fe0baf38-ef32-47f5-977d-6484d2e153f1@group-B7260385CADC: shutdown
2023-04-21 06:18:09,769 [fe0baf38-ef32-47f5-977d-6484d2e153f1-impl-thread3] INFO  util.JmxRegister (JmxRegister.java:unregister(73)) - Successfully un-registered JMX Bean with object name Ratis:service=RaftServer,group=group-B7260385CADC,id=fe0baf38-ef32-47f5-977d-6484d2e153f1
2023-04-21 06:18:09,769 [fe0baf38-ef32-47f5-977d-6484d2e153f1-impl-thread3] INFO  impl.RoleInfo (RoleInfo.java:shutdownFollowerState(110)) - fe0baf38-ef32-47f5-977d-6484d2e153f1: shutdown fe0baf38-ef32-47f5-977d-6484d2e153f1@group-B7260385CADC-FollowerState
2023-04-21 06:18:09,769 [fe0baf38-ef32-47f5-977d-6484d2e153f1@group-B7260385CADC-StateMachineUpdater] INFO  ratis.ContainerStateMachine (ContainerStateMachine.java:takeSnapshot(330)) - group-B7260385CADC: Taking a snapshot at:(t:1, i:0) file /home/runner/work/ozone/ozone/hadoop-ozone/integration-test/target/test-dir/MiniOzoneClusterImpl-095cf78d-69a9-402e-99bd-cb43c7978d28/datanode-1/data/ratis/079c5fba-b4cc-4007-98bd-b7260385cadc/sm/snapshot.1_0
2023-04-21 06:18:09,770 [fe0baf38-ef32-47f5-977d-6484d2e153f1-impl-thread3] INFO  impl.StateMachineUpdater (StateMachineUpdater.java:stopAndJoin(153)) - fe0baf38-ef32-47f5-977d-6484d2e153f1@group-B7260385CADC-StateMachineUpdater: set stopIndex = 0
2023-04-21 06:18:09,770 [fe0baf38-ef32-47f5-977d-6484d2e153f1@group-B7260385CADC-StateMachineUpdater] INFO  ratis.ContainerStateMachine (ContainerStateMachine.java:takeSnapshot(341)) - group-B7260385CADC: Finished taking a snapshot at:(t:1, i:0) file:/home/runner/work/ozone/ozone/hadoop-ozone/integration-test/target/test-dir/MiniOzoneClusterImpl-095cf78d-69a9-402e-99bd-cb43c7978d28/datanode-1/data/ratis/079c5fba-b4cc-4007-98bd-b7260385cadc/sm/snapshot.1_0 took: 0 ms
2023-04-21 06:18:09,770 [fe0baf38-ef32-47f5-977d-6484d2e153f1@group-B7260385CADC-StateMachineUpdater] INFO  impl.StateMachineUpdater (StateMachineUpdater.java:takeSnapshot(287)) - fe0baf38-ef32-47f5-977d-6484d2e153f1@group-B7260385CADC-StateMachineUpdater: Took a snapshot at index 0
2023-04-21 06:18:09,771 [fe0baf38-ef32-47f5-977d-6484d2e153f1@group-B7260385CADC-StateMachineUpdater] INFO  impl.StateMachineUpdater (StateMachineUpdater.java:lambda$new$0(92)) - fe0baf38-ef32-47f5-977d-6484d2e153f1@group-B7260385CADC-StateMachineUpdater: snapshotIndex: updateIncreasingly -1 -> 0
2023-04-21 06:18:09,771 [fe0baf38-ef32-47f5-977d-6484d2e153f1-impl-thread3] INFO  server.RaftServer$Division (ServerState.java:close(466)) - fe0baf38-ef32-47f5-977d-6484d2e153f1@group-B7260385CADC: closes. applyIndex: 0
2023-04-21 06:18:09,771 [fe0baf38-ef32-47f5-977d-6484d2e153f1@group-B7260385CADC-SegmentedRaftLogWorker] INFO  segmented.SegmentedRaftLogWorker (SegmentedRaftLogWorker.java:run(347)) - fe0baf38-ef32-47f5-977d-6484d2e153f1@group-B7260385CADC-SegmentedRaftLogWorker was interrupted, exiting. There are 0 tasks remaining in the queue.
2023-04-21 06:18:09,770 [grpc-default-executor-7] INFO  server.GrpcLogAppender (GrpcLogAppender.java:onCompleted(415)) - b5ed12de-f90d-40ef-a4f6-6f0ba0776d3f@group-B7260385CADC->fe0baf38-ef32-47f5-977d-6484d2e153f1-AppendLogResponseHandler: follower responses appendEntries COMPLETED
2023-04-21 06:18:09,771 [grpc-default-executor-7] WARN  server.GrpcLogAppender (GrpcLogAppender.java:resetClient(137)) - b5ed12de-f90d-40ef-a4f6-6f0ba0776d3f@group-B7260385CADC->fe0baf38-ef32-47f5-977d-6484d2e153f1-GrpcLogAppender: Failed to getClient for fe0baf38-ef32-47f5-977d-6484d2e153f1
org.apache.ratis.protocol.exceptions.AlreadyClosedException: b5ed12de-f90d-40ef-a4f6-6f0ba0776d3f is already CLOSED
	at org.apache.ratis.util.PeerProxyMap$PeerAndProxy.getProxy(PeerProxyMap.java:61)
	at org.apache.ratis.util.PeerProxyMap.getProxy(PeerProxyMap.java:115)
	at org.apache.ratis.grpc.server.GrpcLogAppender.getClient(GrpcLogAppender.java:116)
	at org.apache.ratis.grpc.server.GrpcLogAppender.resetClient(GrpcLogAppender.java:121)
	at org.apache.ratis.grpc.server.GrpcLogAppender.access$500(GrpcLogAppender.java:58)
	at org.apache.ratis.grpc.server.GrpcLogAppender$AppendLogResponseHandler.onCompleted(GrpcLogAppender.java:416)
	at org.apache.ratis.thirdparty.io.grpc.stub.ClientCalls$StreamObserverToCallListenerAdapter.onClose(ClientCalls.java:485)
	at org.apache.ratis.thirdparty.io.grpc.internal.ClientCallImpl.closeObserver(ClientCallImpl.java:562)
	at org.apache.ratis.thirdparty.io.grpc.internal.ClientCallImpl.access$300(ClientCallImpl.java:70)
	at org.apache.ratis.thirdparty.io.grpc.internal.ClientCallImpl$ClientStreamListenerImpl$1StreamClosed.runInternal(ClientCallImpl.java:743)
	at org.apache.ratis.thirdparty.io.grpc.internal.ClientCallImpl$ClientStreamListenerImpl$1StreamClosed.runInContext(ClientCallImpl.java:722)
	at org.apache.ratis.thirdparty.io.grpc.internal.ContextRunnable.run(ContextRunnable.java:37)
	at org.apache.ratis.thirdparty.io.grpc.internal.SerializingExecutor.run(SerializingExecutor.java:133)
	at java.util.concurrent.ThreadPoolExecutor.runWorker(ThreadPoolExecutor.java:1149)
	at java.util.concurrent.ThreadPoolExecutor$Worker.run(ThreadPoolExecutor.java:624)
	at java.lang.Thread.run(Thread.java:750)
2023-04-21 06:18:09,771 [fe0baf38-ef32-47f5-977d-6484d2e153f1@group-B7260385CADC-FollowerState] INFO  impl.FollowerState (FollowerState.java:run(152)) - fe0baf38-ef32-47f5-977d-6484d2e153f1@group-B7260385CADC-FollowerState was interrupted
2023-04-21 06:18:09,776 [b5ed12de-f90d-40ef-a4f6-6f0ba0776d3f-impl-thread2] INFO  segmented.SegmentedRaftLogWorker (SegmentedRaftLogWorker.java:close(257)) - b5ed12de-f90d-40ef-a4f6-6f0ba0776d3f@group-569E397A159F-SegmentedRaftLogWorker close()
2023-04-21 06:18:09,776 [grpc-default-executor-0] INFO  server.GrpcLogAppender (GrpcLogAppender.java:onCompleted(415)) - b5ed12de-f90d-40ef-a4f6-6f0ba0776d3f@group-B7260385CADC->fe0baf38-ef32-47f5-977d-6484d2e153f1-AppendLogResponseHandler: follower responses appendEntries COMPLETED
2023-04-21 06:18:09,777 [grpc-default-executor-0] WARN  server.GrpcLogAppender (GrpcLogAppender.java:resetClient(137)) - b5ed12de-f90d-40ef-a4f6-6f0ba0776d3f@group-B7260385CADC->fe0baf38-ef32-47f5-977d-6484d2e153f1-GrpcLogAppender: Failed to getClient for fe0baf38-ef32-47f5-977d-6484d2e153f1
org.apache.ratis.protocol.exceptions.AlreadyClosedException: b5ed12de-f90d-40ef-a4f6-6f0ba0776d3f is already CLOSED
	at org.apache.ratis.util.PeerProxyMap$PeerAndProxy.getProxy(PeerProxyMap.java:61)
	at org.apache.ratis.util.PeerProxyMap.getProxy(PeerProxyMap.java:115)
	at org.apache.ratis.grpc.server.GrpcLogAppender.getClient(GrpcLogAppender.java:116)
	at org.apache.ratis.grpc.server.GrpcLogAppender.resetClient(GrpcLogAppender.java:121)
	at org.apache.ratis.grpc.server.GrpcLogAppender.access$500(GrpcLogAppender.java:58)
	at org.apache.ratis.grpc.server.GrpcLogAppender$AppendLogResponseHandler.onCompleted(GrpcLogAppender.java:416)
	at org.apache.ratis.thirdparty.io.grpc.stub.ClientCalls$StreamObserverToCallListenerAdapter.onClose(ClientCalls.java:485)
	at org.apache.ratis.thirdparty.io.grpc.internal.DelayedClientCall$DelayedListener$3.run(DelayedClientCall.java:468)
	at org.apache.ratis.thirdparty.io.grpc.internal.DelayedClientCall$DelayedListener.delayOrExecute(DelayedClientCall.java:432)
	at org.apache.ratis.thirdparty.io.grpc.internal.DelayedClientCall$DelayedListener.onClose(DelayedClientCall.java:465)
	at org.apache.ratis.thirdparty.io.grpc.internal.ClientCallImpl.closeObserver(ClientCallImpl.java:562)
	at org.apache.ratis.thirdparty.io.grpc.internal.ClientCallImpl.access$300(ClientCallImpl.java:70)
	at org.apache.ratis.thirdparty.io.grpc.internal.ClientCallImpl$ClientStreamListenerImpl$1StreamClosed.runInternal(ClientCallImpl.java:743)
	at org.apache.ratis.thirdparty.io.grpc.internal.ClientCallImpl$ClientStreamListenerImpl$1StreamClosed.runInContext(ClientCallImpl.java:722)
	at org.apache.ratis.thirdparty.io.grpc.internal.ContextRunnable.run(ContextRunnable.java:37)
	at org.apache.ratis.thirdparty.io.grpc.internal.SerializingExecutor.run(SerializingExecutor.java:133)
	at java.util.concurrent.ThreadPoolExecutor.runWorker(ThreadPoolExecutor.java:1149)
	at java.util.concurrent.ThreadPoolExecutor$Worker.run(ThreadPoolExecutor.java:624)
	at java.lang.Thread.run(Thread.java:750)
2023-04-21 06:18:09,775 [grpc-default-executor-1] INFO  server.GrpcLogAppender (GrpcLogAppender.java:onCompleted(415)) - b5ed12de-f90d-40ef-a4f6-6f0ba0776d3f@group-B7260385CADC->b6e9b414-768d-4e3e-88d3-472f8ec22e92-AppendLogResponseHandler: follower responses appendEntries COMPLETED
2023-04-21 06:18:09,775 [b5ed12de-f90d-40ef-a4f6-6f0ba0776d3f-impl-thread3] INFO  segmented.SegmentedRaftLogWorker (SegmentedRaftLogWorker.java:close(257)) - b5ed12de-f90d-40ef-a4f6-6f0ba0776d3f@group-B7260385CADC-SegmentedRaftLogWorker close()
2023-04-21 06:18:09,775 [fe0baf38-ef32-47f5-977d-6484d2e153f1@group-45CFD87F60C3-FollowerState] INFO  impl.FollowerState (FollowerState.java:run(152)) - fe0baf38-ef32-47f5-977d-6484d2e153f1@group-45CFD87F60C3-FollowerState was interrupted
2023-04-21 06:18:09,775 [fe0baf38-ef32-47f5-977d-6484d2e153f1-impl-thread1] INFO  impl.StateMachineUpdater (StateMachineUpdater.java:stopAndJoin(153)) - fe0baf38-ef32-47f5-977d-6484d2e153f1@group-45CFD87F60C3-StateMachineUpdater: set stopIndex = -1
2023-04-21 06:18:09,775 [fe0baf38-ef32-47f5-977d-6484d2e153f1@group-EAB1EC84FDEC-SegmentedRaftLogWorker] INFO  segmented.SegmentedRaftLogWorker (SegmentedRaftLogWorker.java:run(347)) - fe0baf38-ef32-47f5-977d-6484d2e153f1@group-EAB1EC84FDEC-SegmentedRaftLogWorker was interrupted, exiting. There are 0 tasks remaining in the queue.
2023-04-21 06:18:09,778 [fe0baf38-ef32-47f5-977d-6484d2e153f1-impl-thread1] INFO  server.RaftServer$Division (ServerState.java:close(466)) - fe0baf38-ef32-47f5-977d-6484d2e153f1@group-45CFD87F60C3: closes. applyIndex: -1
2023-04-21 06:18:09,777 [grpc-default-executor-1] INFO  leader.FollowerInfo (FollowerInfoImpl.java:lambda$new$0(48)) - b5ed12de-f90d-40ef-a4f6-6f0ba0776d3f@group-B7260385CADC->b6e9b414-768d-4e3e-88d3-472f8ec22e92: nextIndex: updateUnconditionally 0 -> 0
2023-04-21 06:18:09,779 [Listener at 127.0.0.1/33363] INFO  server.GrpcService (GrpcService.java:closeImpl(280)) - fe0baf38-ef32-47f5-977d-6484d2e153f1: shutdown server GrpcServerProtocolService successfully
2023-04-21 06:18:09,779 [fe0baf38-ef32-47f5-977d-6484d2e153f1-NettyServerStreamRpc-bossGroup--thread1] INFO  logging.LoggingHandler (AbstractInternalLogger.java:log(148)) - [id: 0x9416dace, L:/0:0:0:0:0:0:0:0:35889] CLOSE
2023-04-21 06:18:09,779 [fe0baf38-ef32-47f5-977d-6484d2e153f1-NettyServerStreamRpc-bossGroup--thread1] INFO  logging.LoggingHandler (AbstractInternalLogger.java:log(148)) - [id: 0x9416dace, L:/0:0:0:0:0:0:0:0:35889] INACTIVE
2023-04-21 06:18:09,779 [fe0baf38-ef32-47f5-977d-6484d2e153f1-NettyServerStreamRpc-bossGroup--thread1] INFO  logging.LoggingHandler (AbstractInternalLogger.java:log(148)) - [id: 0x9416dace, L:/0:0:0:0:0:0:0:0:35889] UNREGISTERED
2023-04-21 06:18:09,779 [grpc-default-executor-7] WARN  server.GrpcLogAppender (LogUtils.java:warn(122)) - b6e9b414-768d-4e3e-88d3-472f8ec22e92@group-45CFD87F60C3->fe0baf38-ef32-47f5-977d-6484d2e153f1-AppendLogResponseHandler: Failed appendEntries: org.apache.ratis.thirdparty.io.grpc.StatusRuntimeException: CANCELLED: RST_STREAM closed stream. HTTP/2 error code: CANCEL
2023-04-21 06:18:09,779 [grpc-default-executor-7] WARN  server.GrpcLogAppender (GrpcLogAppender.java:resetClient(131)) - b6e9b414-768d-4e3e-88d3-472f8ec22e92@group-45CFD87F60C3->fe0baf38-ef32-47f5-977d-6484d2e153f1-GrpcLogAppender: Leader has not got in touch with Follower b6e9b414-768d-4e3e-88d3-472f8ec22e92@group-45CFD87F60C3->fe0baf38-ef32-47f5-977d-6484d2e153f1(c-1,m0,n1, attendVote=true, lastRpcSendTime=384, lastRpcResponseTime=352) yet, just keep nextIndex unchanged and retry.
2023-04-21 06:18:09,780 [grpc-default-executor-0] WARN  server.GrpcServerProtocolService (LogUtils.java:warn(122)) - fe0baf38-ef32-47f5-977d-6484d2e153f1: installSnapshot onError, lastRequest: null: org.apache.ratis.thirdparty.io.grpc.StatusRuntimeException: CANCELLED: client cancelled
2023-04-21 06:18:09,780 [fe0baf38-ef32-47f5-977d-6484d2e153f1@group-45CFD87F60C3-SegmentedRaftLogWorker] INFO  segmented.SegmentedRaftLogWorker (SegmentedRaftLogWorker.java:run(347)) - fe0baf38-ef32-47f5-977d-6484d2e153f1@group-45CFD87F60C3-SegmentedRaftLogWorker was interrupted, exiting. There are 0 tasks remaining in the queue.
2023-04-21 06:18:09,781 [grpc-default-executor-8] WARN  server.GrpcServerProtocolService (LogUtils.java:warn(122)) - fe0baf38-ef32-47f5-977d-6484d2e153f1: installSnapshot onError, lastRequest: b6e9b414-768d-4e3e-88d3-472f8ec22e92->fe0baf38-ef32-47f5-977d-6484d2e153f1#1-t1,previous=(t:0, i:0),leaderCommit=-1,initializing? true,entries: size=1, first=(t:1, i:0), CONFIGURATIONENTRY(current:id: "b5ed12de-f90d-40ef-a4f6-6f0ba0776d3f"
address: "10.1.0.35:37973"
dataStreamAddress: "10.1.0.35:44447"
clientAddress: "10.1.0.35:37973"
adminAddress: "10.1.0.35:37973"
startupRole: FOLLOWER
,id: "fe0baf38-ef32-47f5-977d-6484d2e153f1"
address: "10.1.0.35:37765"
dataStreamAddress: "10.1.0.35:35889"
clientAddress: "10.1.0.35:37765"
adminAddress: "10.1.0.35:37765"
startupRole: FOLLOWER
,id: "b6e9b414-768d-4e3e-88d3-472f8ec22e92"
address: "10.1.0.35:42709"
priority: 1
dataStreamAddress: "10.1.0.35:45909"
clientAddress: "10.1.0.35:42709"
adminAddress: "10.1.0.35:42709"
startupRole: FOLLOWER
, old:): org.apache.ratis.thirdparty.io.grpc.StatusRuntimeException: CANCELLED: client cancelled
2023-04-21 06:18:09,809 [fe0baf38-ef32-47f5-977d-6484d2e153f1-impl-thread3] INFO  segmented.SegmentedRaftLogWorker (SegmentedRaftLogWorker.java:close(257)) - fe0baf38-ef32-47f5-977d-6484d2e153f1@group-B7260385CADC-SegmentedRaftLogWorker close()
2023-04-21 06:18:09,814 [fe0baf38-ef32-47f5-977d-6484d2e153f1-impl-thread2] INFO  segmented.SegmentedRaftLogWorker (SegmentedRaftLogWorker.java:close(257)) - fe0baf38-ef32-47f5-977d-6484d2e153f1@group-EAB1EC84FDEC-SegmentedRaftLogWorker close()
2023-04-21 06:18:09,815 [grpc-default-executor-3] WARN  server.GrpcLogAppender (LogUtils.java:warn(122)) - b6e9b414-768d-4e3e-88d3-472f8ec22e92@group-45CFD87F60C3->fe0baf38-ef32-47f5-977d-6484d2e153f1-AppendLogResponseHandler: Failed appendEntries: org.apache.ratis.thirdparty.io.grpc.StatusRuntimeException: CANCELLED: RST_STREAM closed stream. HTTP/2 error code: CANCEL
2023-04-21 06:18:09,815 [fe0baf38-ef32-47f5-977d-6484d2e153f1-impl-thread1] INFO  segmented.SegmentedRaftLogWorker (SegmentedRaftLogWorker.java:close(257)) - fe0baf38-ef32-47f5-977d-6484d2e153f1@group-45CFD87F60C3-SegmentedRaftLogWorker close()
2023-04-21 06:18:09,816 [grpc-default-executor-3] WARN  server.GrpcLogAppender (GrpcLogAppender.java:resetClient(131)) - b6e9b414-768d-4e3e-88d3-472f8ec22e92@group-45CFD87F60C3->fe0baf38-ef32-47f5-977d-6484d2e153f1-GrpcLogAppender: Leader has not got in touch with Follower b6e9b414-768d-4e3e-88d3-472f8ec22e92@group-45CFD87F60C3->fe0baf38-ef32-47f5-977d-6484d2e153f1(c-1,m0,n1, attendVote=true, lastRpcSendTime=420, lastRpcResponseTime=389) yet, just keep nextIndex unchanged and retry.
2023-04-21 06:18:09,820 [ForkJoinPool.commonPool-worker-1] INFO  server.GrpcServerProtocolClient (GrpcServerProtocolClient.java:close(101)) - b6e9b414-768d-4e3e-88d3-472f8ec22e92 Close channels
2023-04-21 06:18:09,824 [JvmPauseMonitor22] INFO  util.JvmPauseMonitor (JvmPauseMonitor.java:run(111)) - JvmPauseMonitor-fe0baf38-ef32-47f5-977d-6484d2e153f1: Stopped
2023-04-21 06:18:09,828 [ForkJoinPool.commonPool-worker-1] INFO  server.GrpcService (GrpcService.java:closeImpl(280)) - b5ed12de-f90d-40ef-a4f6-6f0ba0776d3f: shutdown server GrpcServerProtocolService successfully
2023-04-21 06:18:09,828 [b5ed12de-f90d-40ef-a4f6-6f0ba0776d3f-NettyServerStreamRpc-bossGroup--thread1] INFO  logging.LoggingHandler (AbstractInternalLogger.java:log(148)) - [id: 0xeffaad54, L:/0:0:0:0:0:0:0:0:44447] CLOSE
2023-04-21 06:18:09,828 [b5ed12de-f90d-40ef-a4f6-6f0ba0776d3f-NettyServerStreamRpc-bossGroup--thread1] INFO  logging.LoggingHandler (AbstractInternalLogger.java:log(148)) - [id: 0xeffaad54, L:/0:0:0:0:0:0:0:0:44447] INACTIVE
2023-04-21 06:18:09,828 [b5ed12de-f90d-40ef-a4f6-6f0ba0776d3f-NettyServerStreamRpc-bossGroup--thread1] INFO  logging.LoggingHandler (AbstractInternalLogger.java:log(148)) - [id: 0xeffaad54, L:/0:0:0:0:0:0:0:0:44447] UNREGISTERED
2023-04-21 06:18:09,837 [JvmPauseMonitor21] INFO  util.JvmPauseMonitor (JvmPauseMonitor.java:run(111)) - JvmPauseMonitor-b5ed12de-f90d-40ef-a4f6-6f0ba0776d3f: Stopped
2023-04-21 06:18:09,884 [b6e9b414-768d-4e3e-88d3-472f8ec22e92@group-1403213F9234-FollowerState] INFO  impl.FollowerState (FollowerState.java:run(143)) - b6e9b414-768d-4e3e-88d3-472f8ec22e92@group-1403213F9234-FollowerState: change to CANDIDATE, lastRpcElapsedTime:5170047480ns, electionTimeout:5154ms
2023-04-21 06:18:09,884 [b6e9b414-768d-4e3e-88d3-472f8ec22e92@group-1403213F9234-FollowerState] INFO  impl.RoleInfo (RoleInfo.java:shutdownFollowerState(110)) - b6e9b414-768d-4e3e-88d3-472f8ec22e92: shutdown b6e9b414-768d-4e3e-88d3-472f8ec22e92@group-1403213F9234-FollowerState
2023-04-21 06:18:09,884 [b6e9b414-768d-4e3e-88d3-472f8ec22e92@group-1403213F9234-FollowerState] INFO  server.RaftServer$Division (RaftServerImpl.java:setRole(321)) - b6e9b414-768d-4e3e-88d3-472f8ec22e92@group-1403213F9234: changes role from  FOLLOWER to CANDIDATE at term 0 for changeToCandidate
2023-04-21 06:18:09,884 [b6e9b414-768d-4e3e-88d3-472f8ec22e92@group-1403213F9234-FollowerState] INFO  server.RaftServerConfigKeys (ConfUtils.java:logGet(46)) - raft.server.leaderelection.pre-vote = true (default)
2023-04-21 06:18:09,884 [b6e9b414-768d-4e3e-88d3-472f8ec22e92@group-1403213F9234-FollowerState] INFO  impl.RoleInfo (RoleInfo.java:updateAndGet(139)) - b6e9b414-768d-4e3e-88d3-472f8ec22e92: start b6e9b414-768d-4e3e-88d3-472f8ec22e92@group-1403213F9234-LeaderElection38
2023-04-21 06:18:09,899 [b6e9b414-768d-4e3e-88d3-472f8ec22e92@group-1403213F9234-LeaderElection38] INFO  impl.LeaderElection (LeaderElection.java:askForVotes(312)) - b6e9b414-768d-4e3e-88d3-472f8ec22e92@group-1403213F9234-LeaderElection38 PRE_VOTE round 0: submit vote requests at term 0 for -1: peers:[b6e9b414-768d-4e3e-88d3-472f8ec22e92|rpc:10.1.0.35:42709|dataStream:10.1.0.35:45909|priority:1|startupRole:FOLLOWER]|listeners:[], old=null
2023-04-21 06:18:09,899 [b6e9b414-768d-4e3e-88d3-472f8ec22e92@group-1403213F9234-LeaderElection38] INFO  impl.LeaderElection (LeaderElection.java:askForVotes(314)) - b6e9b414-768d-4e3e-88d3-472f8ec22e92@group-1403213F9234-LeaderElection38 PRE_VOTE round 0: result PASSED (term=0)
2023-04-21 06:18:09,901 [b6e9b414-768d-4e3e-88d3-472f8ec22e92@group-1403213F9234-LeaderElection38] INFO  impl.LeaderElection (LeaderElection.java:askForVotes(312)) - b6e9b414-768d-4e3e-88d3-472f8ec22e92@group-1403213F9234-LeaderElection38 ELECTION round 0: submit vote requests at term 1 for -1: peers:[b6e9b414-768d-4e3e-88d3-472f8ec22e92|rpc:10.1.0.35:42709|dataStream:10.1.0.35:45909|priority:1|startupRole:FOLLOWER]|listeners:[], old=null
2023-04-21 06:18:09,901 [b6e9b414-768d-4e3e-88d3-472f8ec22e92@group-1403213F9234-LeaderElection38] INFO  impl.LeaderElection (LeaderElection.java:askForVotes(314)) - b6e9b414-768d-4e3e-88d3-472f8ec22e92@group-1403213F9234-LeaderElection38 ELECTION round 0: result PASSED (term=1)
2023-04-21 06:18:09,901 [b6e9b414-768d-4e3e-88d3-472f8ec22e92@group-1403213F9234-LeaderElection38] INFO  impl.RoleInfo (RoleInfo.java:shutdownLeaderElection(130)) - b6e9b414-768d-4e3e-88d3-472f8ec22e92: shutdown b6e9b414-768d-4e3e-88d3-472f8ec22e92@group-1403213F9234-LeaderElection38
2023-04-21 06:18:09,901 [b6e9b414-768d-4e3e-88d3-472f8ec22e92@group-1403213F9234-LeaderElection38] INFO  server.RaftServer$Division (RaftServerImpl.java:setRole(321)) - b6e9b414-768d-4e3e-88d3-472f8ec22e92@group-1403213F9234: changes role from CANDIDATE to LEADER at term 1 for changeToLeader
2023-04-21 06:18:09,901 [b6e9b414-768d-4e3e-88d3-472f8ec22e92@group-1403213F9234-LeaderElection38] INFO  ratis.XceiverServerRatis (XceiverServerRatis.java:handleLeaderChangedNotification(904)) - Leader change notification received for group: group-1403213F9234 with new leaderId: b6e9b414-768d-4e3e-88d3-472f8ec22e92
2023-04-21 06:18:09,902 [b6e9b414-768d-4e3e-88d3-472f8ec22e92@group-1403213F9234-LeaderElection38] INFO  server.RaftServer$Division (ServerState.java:setLeader(313)) - b6e9b414-768d-4e3e-88d3-472f8ec22e92@group-1403213F9234: change Leader from null to b6e9b414-768d-4e3e-88d3-472f8ec22e92 at term 1 for becomeLeader, leader elected after 5208ms
2023-04-21 06:18:09,902 [b6e9b414-768d-4e3e-88d3-472f8ec22e92@group-1403213F9234-LeaderElection38] INFO  server.RaftServerConfigKeys (ConfUtils.java:logGet(46)) - raft.server.staging.catchup.gap = 1000 (default)
2023-04-21 06:18:09,902 [b6e9b414-768d-4e3e-88d3-472f8ec22e92@group-1403213F9234-LeaderElection38] INFO  server.RaftServerConfigKeys (ConfUtils.java:logGet(46)) - raft.server.write.element-limit = 1024 (custom)
2023-04-21 06:18:09,902 [b6e9b414-768d-4e3e-88d3-472f8ec22e92@group-1403213F9234-LeaderElection38] INFO  server.RaftServerConfigKeys (ConfUtils.java:logGet(46)) - raft.server.write.byte-limit = 1024 M (=1073741824) (custom)
2023-04-21 06:18:09,903 [b6e9b414-768d-4e3e-88d3-472f8ec22e92@group-1403213F9234-LeaderElection38] INFO  server.RaftServerConfigKeys (ConfUtils.java:logGet(46)) - raft.server.watch.timeout = 180s (custom)
2023-04-21 06:18:09,903 [b6e9b414-768d-4e3e-88d3-472f8ec22e92@group-1403213F9234-LeaderElection38] INFO  server.RaftServerConfigKeys (ConfUtils.java:logGet(46)) - raft.server.watch.timeout.denomination = 1s (default)
2023-04-21 06:18:09,903 [b6e9b414-768d-4e3e-88d3-472f8ec22e92@group-1403213F9234-LeaderElection38] INFO  server.RaftServerConfigKeys (ConfUtils.java:logGet(46)) - raft.server.watch.element-limit = 65536 (default)
2023-04-21 06:18:09,903 [b6e9b414-768d-4e3e-88d3-472f8ec22e92@group-1403213F9234-LeaderElection38] INFO  server.RaftServerConfigKeys (ConfUtils.java:logGet(46)) - raft.server.write.element-limit = 1024 (custom)
2023-04-21 06:18:09,903 [b6e9b414-768d-4e3e-88d3-472f8ec22e92@group-1403213F9234-LeaderElection38] INFO  server.RaftServerConfigKeys (ConfUtils.java:logGet(46)) - raft.server.write.follower.gap.ratio.max = -1.0 (default)
2023-04-21 06:18:09,903 [b6e9b414-768d-4e3e-88d3-472f8ec22e92@group-1403213F9234-LeaderElection38] INFO  impl.RoleInfo (RoleInfo.java:updateAndGet(139)) - b6e9b414-768d-4e3e-88d3-472f8ec22e92: start b6e9b414-768d-4e3e-88d3-472f8ec22e92@group-1403213F9234-LeaderStateImpl
2023-04-21 06:18:09,903 [b6e9b414-768d-4e3e-88d3-472f8ec22e92@group-1403213F9234-LeaderElection38] INFO  segmented.SegmentedRaftLogWorker (SegmentedRaftLogWorker.java:startLogSegment(452)) - b6e9b414-768d-4e3e-88d3-472f8ec22e92@group-1403213F9234-SegmentedRaftLogWorker: Starting segment from index:0
2023-04-21 06:18:09,904 [b6e9b414-768d-4e3e-88d3-472f8ec22e92@group-1403213F9234-SegmentedRaftLogWorker] INFO  segmented.SegmentedRaftLogWorker (SegmentedRaftLogWorker.java:execute(656)) - b6e9b414-768d-4e3e-88d3-472f8ec22e92@group-1403213F9234-SegmentedRaftLogWorker: created new log segment /home/runner/work/ozone/ozone/hadoop-ozone/integration-test/target/test-dir/MiniOzoneClusterImpl-095cf78d-69a9-402e-99bd-cb43c7978d28/datanode-2/data/ratis/ceb3e8f7-0d77-4132-af72-1403213f9234/current/log_inprogress_0
2023-04-21 06:18:09,914 [b6e9b414-768d-4e3e-88d3-472f8ec22e92@group-1403213F9234-LeaderElection38] INFO  server.RaftServer$Division (ServerState.java:setRaftConf(430)) - b6e9b414-768d-4e3e-88d3-472f8ec22e92@group-1403213F9234: set configuration 0: peers:[b6e9b414-768d-4e3e-88d3-472f8ec22e92|rpc:10.1.0.35:42709|dataStream:10.1.0.35:45909|priority:1|startupRole:FOLLOWER]|listeners:[], old=null
2023-04-21 06:18:11,862 [Listener at 127.0.0.1/33363] INFO  volume.HddsVolume (HddsVolume.java:closeDbStore(437)) - SchemaV3 db is stopped at /home/runner/work/ozone/ozone/hadoop-ozone/integration-test/target/test-dir/MiniOzoneClusterImpl-095cf78d-69a9-402e-99bd-cb43c7978d28/datanode-1/data-0/containers/hdds/095cf78d-69a9-402e-99bd-cb43c7978d28/DS-4b614b74-c532-46e7-a7cf-6166cd1cc2b2/container.db for volume DS-4b614b74-c532-46e7-a7cf-6166cd1cc2b2
2023-04-21 06:18:11,862 [Listener at 127.0.0.1/33363] INFO  utils.BackgroundService (BackgroundService.java:shutdown(141)) - Shutting down service BlockDeletingService
2023-04-21 06:18:11,863 [Listener at 127.0.0.1/33363] INFO  utils.BackgroundService (BackgroundService.java:shutdown(141)) - Shutting down service StaleRecoveringContainerScrubbingService
2023-04-21 06:18:11,865 [ForkJoinPool.commonPool-worker-1] INFO  volume.HddsVolume (HddsVolume.java:closeDbStore(437)) - SchemaV3 db is stopped at /home/runner/work/ozone/ozone/hadoop-ozone/integration-test/target/test-dir/MiniOzoneClusterImpl-095cf78d-69a9-402e-99bd-cb43c7978d28/datanode-0/data-0/containers/hdds/095cf78d-69a9-402e-99bd-cb43c7978d28/DS-94634b37-4532-46cf-891b-23bb4533c990/container.db for volume DS-94634b37-4532-46cf-891b-23bb4533c990
2023-04-21 06:18:11,865 [ForkJoinPool.commonPool-worker-1] INFO  utils.BackgroundService (BackgroundService.java:shutdown(141)) - Shutting down service BlockDeletingService
2023-04-21 06:18:11,865 [ForkJoinPool.commonPool-worker-1] INFO  utils.BackgroundService (BackgroundService.java:shutdown(141)) - Shutting down service StaleRecoveringContainerScrubbingService
2023-04-21 06:18:11,867 [Listener at 127.0.0.1/33363] INFO  statemachine.DatanodeStateMachine (DatanodeStateMachine.java:stopDaemon(601)) - Ozone container server stopped.
2023-04-21 06:18:11,875 [ForkJoinPool.commonPool-worker-1] INFO  statemachine.DatanodeStateMachine (DatanodeStateMachine.java:stopDaemon(601)) - Ozone container server stopped.
2023-04-21 06:18:11,884 [Listener at 127.0.0.1/33363] INFO  handler.ContextHandler (ContextHandler.java:doStop(1159)) - Stopped o.e.j.w.WebAppContext@4adb80b9{hddsDatanode,/,null,STOPPED}{jar:file:/home/runner/.m2/repository/org/apache/ozone/hdds-container-service/1.4.0-SNAPSHOT/hdds-container-service-1.4.0-SNAPSHOT.jar!/webapps/hddsDatanode}
2023-04-21 06:18:11,888 [Listener at 127.0.0.1/33363] INFO  server.AbstractConnector (AbstractConnector.java:doStop(383)) - Stopped ServerConnector@3e03a4a2{HTTP/1.1, (http/1.1)}{0.0.0.0:0}
2023-04-21 06:18:11,888 [Listener at 127.0.0.1/33363] INFO  server.session (HouseKeeper.java:stopScavenging(149)) - node0 Stopped scavenging
2023-04-21 06:18:11,888 [Listener at 127.0.0.1/33363] INFO  handler.ContextHandler (ContextHandler.java:doStop(1159)) - Stopped o.e.j.s.ServletContextHandler@6867ef1f{static,/static,jar:file:/home/runner/.m2/repository/org/apache/ozone/hdds-container-service/1.4.0-SNAPSHOT/hdds-container-service-1.4.0-SNAPSHOT.jar!/webapps/static,STOPPED}
2023-04-21 06:18:11,888 [Listener at 127.0.0.1/33363] INFO  handler.ContextHandler (ContextHandler.java:doStop(1159)) - Stopped o.e.j.s.ServletContextHandler@5f1a43d1{logs,/logs,file:///home/runner/work/ozone/ozone/hadoop-ozone/integration-test/target/log,STOPPED}
2023-04-21 06:18:11,898 [ForkJoinPool.commonPool-worker-1] INFO  handler.ContextHandler (ContextHandler.java:doStop(1159)) - Stopped o.e.j.w.WebAppContext@6a75b3ad{hddsDatanode,/,null,STOPPED}{jar:file:/home/runner/.m2/repository/org/apache/ozone/hdds-container-service/1.4.0-SNAPSHOT/hdds-container-service-1.4.0-SNAPSHOT.jar!/webapps/hddsDatanode}
2023-04-21 06:18:11,898 [ForkJoinPool.commonPool-worker-1] INFO  server.AbstractConnector (AbstractConnector.java:doStop(383)) - Stopped ServerConnector@47f11ec0{HTTP/1.1, (http/1.1)}{0.0.0.0:0}
2023-04-21 06:18:11,899 [ForkJoinPool.commonPool-worker-1] INFO  server.session (HouseKeeper.java:stopScavenging(149)) - node0 Stopped scavenging
2023-04-21 06:18:11,899 [ForkJoinPool.commonPool-worker-1] INFO  handler.ContextHandler (ContextHandler.java:doStop(1159)) - Stopped o.e.j.s.ServletContextHandler@2c0767ac{static,/static,jar:file:/home/runner/.m2/repository/org/apache/ozone/hdds-container-service/1.4.0-SNAPSHOT/hdds-container-service-1.4.0-SNAPSHOT.jar!/webapps/static,STOPPED}
2023-04-21 06:18:11,902 [ForkJoinPool.commonPool-worker-1] INFO  handler.ContextHandler (ContextHandler.java:doStop(1159)) - Stopped o.e.j.s.ServletContextHandler@101e318e{logs,/logs,file:///home/runner/work/ozone/ozone/hadoop-ozone/integration-test/target/log,STOPPED}
2023-04-21 06:18:11,902 [Listener at 127.0.0.1/33363] INFO  ozoneimpl.OzoneContainer (OzoneContainer.java:stop(419)) - Attempting to stop container services.
2023-04-21 06:18:11,903 [Listener at 127.0.0.1/33363] INFO  server.RaftServer (RaftServerProxy.java:lambda$close$6(409)) - b6e9b414-768d-4e3e-88d3-472f8ec22e92: close
2023-04-21 06:18:11,903 [b6e9b414-768d-4e3e-88d3-472f8ec22e92-impl-thread1] INFO  server.RaftServer$Division (RaftServerImpl.java:lambda$close$4(458)) - b6e9b414-768d-4e3e-88d3-472f8ec22e92@group-45CFD87F60C3: shutdown
2023-04-21 06:18:11,903 [b6e9b414-768d-4e3e-88d3-472f8ec22e92-impl-thread1] INFO  util.JmxRegister (JmxRegister.java:unregister(73)) - Successfully un-registered JMX Bean with object name Ratis:service=RaftServer,group=group-45CFD87F60C3,id=b6e9b414-768d-4e3e-88d3-472f8ec22e92
2023-04-21 06:18:11,903 [b6e9b414-768d-4e3e-88d3-472f8ec22e92-impl-thread1] INFO  impl.RoleInfo (RoleInfo.java:shutdownLeaderState(93)) - b6e9b414-768d-4e3e-88d3-472f8ec22e92: shutdown b6e9b414-768d-4e3e-88d3-472f8ec22e92@group-45CFD87F60C3-LeaderStateImpl
2023-04-21 06:18:11,903 [b6e9b414-768d-4e3e-88d3-472f8ec22e92-impl-thread1] INFO  impl.PendingRequests (PendingRequests.java:sendNotLeaderResponses(282)) - b6e9b414-768d-4e3e-88d3-472f8ec22e92@group-45CFD87F60C3-PendingRequests: sendNotLeaderResponses
2023-04-21 06:18:11,903 [b6e9b414-768d-4e3e-88d3-472f8ec22e92-impl-thread2] INFO  server.RaftServer$Division (RaftServerImpl.java:lambda$close$4(458)) - b6e9b414-768d-4e3e-88d3-472f8ec22e92@group-1403213F9234: shutdown
2023-04-21 06:18:11,903 [b6e9b414-768d-4e3e-88d3-472f8ec22e92-impl-thread2] INFO  util.JmxRegister (JmxRegister.java:unregister(73)) - Successfully un-registered JMX Bean with object name Ratis:service=RaftServer,group=group-1403213F9234,id=b6e9b414-768d-4e3e-88d3-472f8ec22e92
2023-04-21 06:18:11,903 [b6e9b414-768d-4e3e-88d3-472f8ec22e92-impl-thread2] INFO  impl.RoleInfo (RoleInfo.java:shutdownLeaderState(93)) - b6e9b414-768d-4e3e-88d3-472f8ec22e92: shutdown b6e9b414-768d-4e3e-88d3-472f8ec22e92@group-1403213F9234-LeaderStateImpl
2023-04-21 06:18:11,904 [b6e9b414-768d-4e3e-88d3-472f8ec22e92-impl-thread1] INFO  impl.StateMachineUpdater (StateMachineUpdater.java:stopAndJoin(153)) - b6e9b414-768d-4e3e-88d3-472f8ec22e92@group-45CFD87F60C3-StateMachineUpdater: set stopIndex = 0
2023-04-21 06:18:11,904 [b6e9b414-768d-4e3e-88d3-472f8ec22e92-impl-thread2] INFO  impl.PendingRequests (PendingRequests.java:sendNotLeaderResponses(282)) - b6e9b414-768d-4e3e-88d3-472f8ec22e92@group-1403213F9234-PendingRequests: sendNotLeaderResponses
2023-04-21 06:18:11,904 [b6e9b414-768d-4e3e-88d3-472f8ec22e92@group-45CFD87F60C3-StateMachineUpdater] INFO  ratis.ContainerStateMachine (ContainerStateMachine.java:takeSnapshot(330)) - group-45CFD87F60C3: Taking a snapshot at:(t:1, i:0) file /home/runner/work/ozone/ozone/hadoop-ozone/integration-test/target/test-dir/MiniOzoneClusterImpl-095cf78d-69a9-402e-99bd-cb43c7978d28/datanode-2/data/ratis/b6d2b0c0-3e46-4d29-848e-45cfd87f60c3/sm/snapshot.1_0
2023-04-21 06:18:11,904 [b6e9b414-768d-4e3e-88d3-472f8ec22e92-impl-thread2] INFO  impl.StateMachineUpdater (StateMachineUpdater.java:stopAndJoin(153)) - b6e9b414-768d-4e3e-88d3-472f8ec22e92@group-1403213F9234-StateMachineUpdater: set stopIndex = 0
2023-04-21 06:18:11,904 [b6e9b414-768d-4e3e-88d3-472f8ec22e92@group-1403213F9234-StateMachineUpdater] INFO  ratis.ContainerStateMachine (ContainerStateMachine.java:takeSnapshot(330)) - group-1403213F9234: Taking a snapshot at:(t:1, i:0) file /home/runner/work/ozone/ozone/hadoop-ozone/integration-test/target/test-dir/MiniOzoneClusterImpl-095cf78d-69a9-402e-99bd-cb43c7978d28/datanode-2/data/ratis/ceb3e8f7-0d77-4132-af72-1403213f9234/sm/snapshot.1_0
2023-04-21 06:18:11,905 [b6e9b414-768d-4e3e-88d3-472f8ec22e92@group-45CFD87F60C3-StateMachineUpdater] INFO  ratis.ContainerStateMachine (ContainerStateMachine.java:takeSnapshot(341)) - group-45CFD87F60C3: Finished taking a snapshot at:(t:1, i:0) file:/home/runner/work/ozone/ozone/hadoop-ozone/integration-test/target/test-dir/MiniOzoneClusterImpl-095cf78d-69a9-402e-99bd-cb43c7978d28/datanode-2/data/ratis/b6d2b0c0-3e46-4d29-848e-45cfd87f60c3/sm/snapshot.1_0 took: 1 ms
2023-04-21 06:18:11,905 [b6e9b414-768d-4e3e-88d3-472f8ec22e92@group-1403213F9234-StateMachineUpdater] INFO  ratis.ContainerStateMachine (ContainerStateMachine.java:takeSnapshot(341)) - group-1403213F9234: Finished taking a snapshot at:(t:1, i:0) file:/home/runner/work/ozone/ozone/hadoop-ozone/integration-test/target/test-dir/MiniOzoneClusterImpl-095cf78d-69a9-402e-99bd-cb43c7978d28/datanode-2/data/ratis/ceb3e8f7-0d77-4132-af72-1403213f9234/sm/snapshot.1_0 took: 1 ms
2023-04-21 06:18:11,905 [b6e9b414-768d-4e3e-88d3-472f8ec22e92@group-1403213F9234-StateMachineUpdater] INFO  impl.StateMachineUpdater (StateMachineUpdater.java:takeSnapshot(287)) - b6e9b414-768d-4e3e-88d3-472f8ec22e92@group-1403213F9234-StateMachineUpdater: Took a snapshot at index 0
2023-04-21 06:18:11,905 [b6e9b414-768d-4e3e-88d3-472f8ec22e92@group-45CFD87F60C3-StateMachineUpdater] INFO  impl.StateMachineUpdater (StateMachineUpdater.java:takeSnapshot(287)) - b6e9b414-768d-4e3e-88d3-472f8ec22e92@group-45CFD87F60C3-StateMachineUpdater: Took a snapshot at index 0
2023-04-21 06:18:11,905 [b6e9b414-768d-4e3e-88d3-472f8ec22e92@group-45CFD87F60C3-StateMachineUpdater] INFO  impl.StateMachineUpdater (StateMachineUpdater.java:lambda$new$0(92)) - b6e9b414-768d-4e3e-88d3-472f8ec22e92@group-45CFD87F60C3-StateMachineUpdater: snapshotIndex: updateIncreasingly -1 -> 0
2023-04-21 06:18:11,906 [b6e9b414-768d-4e3e-88d3-472f8ec22e92-impl-thread1] INFO  server.RaftServer$Division (ServerState.java:close(466)) - b6e9b414-768d-4e3e-88d3-472f8ec22e92@group-45CFD87F60C3: closes. applyIndex: 0
2023-04-21 06:18:11,906 [b6e9b414-768d-4e3e-88d3-472f8ec22e92@group-1403213F9234-StateMachineUpdater] INFO  impl.StateMachineUpdater (StateMachineUpdater.java:lambda$new$0(92)) - b6e9b414-768d-4e3e-88d3-472f8ec22e92@group-1403213F9234-StateMachineUpdater: snapshotIndex: updateIncreasingly -1 -> 0
2023-04-21 06:18:11,907 [b6e9b414-768d-4e3e-88d3-472f8ec22e92@group-45CFD87F60C3-SegmentedRaftLogWorker] INFO  segmented.SegmentedRaftLogWorker (SegmentedRaftLogWorker.java:run(347)) - b6e9b414-768d-4e3e-88d3-472f8ec22e92@group-45CFD87F60C3-SegmentedRaftLogWorker was interrupted, exiting. There are 0 tasks remaining in the queue.
2023-04-21 06:18:11,907 [b6e9b414-768d-4e3e-88d3-472f8ec22e92@group-45CFD87F60C3->b5ed12de-f90d-40ef-a4f6-6f0ba0776d3f-GrpcLogAppender-LogAppenderDaemon] ERROR leader.LogAppenderDaemon (LogAppenderDaemon.java:run(87)) - b6e9b414-768d-4e3e-88d3-472f8ec22e92@group-45CFD87F60C3->b5ed12de-f90d-40ef-a4f6-6f0ba0776d3f-GrpcLogAppender-LogAppenderDaemon failed
java.lang.IllegalArgumentException: b6e9b414-768d-4e3e-88d3-472f8ec22e92@group-45CFD87F60C3-SegmentedRaftLog is expected to be opened but it is CLOSED
	at org.apache.ratis.util.OpenCloseState.assertOpen(OpenCloseState.java:63)
	at org.apache.ratis.server.raftlog.RaftLogBase.checkLogState(RaftLogBase.java:111)
	at org.apache.ratis.server.raftlog.segmented.SegmentedRaftLog.getTermIndex(SegmentedRaftLog.java:323)
	at org.apache.ratis.server.leader.LogAppenderBase.getPrevious(LogAppenderBase.java:148)
	at org.apache.ratis.server.leader.LogAppenderBase.newAppendEntriesRequest(LogAppenderBase.java:168)
	at org.apache.ratis.grpc.server.GrpcLogAppender.appendLog(GrpcLogAppender.java:271)
	at org.apache.ratis.grpc.server.GrpcLogAppender.run(GrpcLogAppender.java:168)
	at org.apache.ratis.server.leader.LogAppenderDaemon.run(LogAppenderDaemon.java:78)
	at java.lang.Thread.run(Thread.java:750)
Caused by: org.apache.ratis.util.OpenCloseState$CloseTrace: Close b6e9b414-768d-4e3e-88d3-472f8ec22e92@group-45CFD87F60C3-SegmentedRaftLog
	at org.apache.ratis.util.OpenCloseState.lambda$close$1(OpenCloseState.java:109)
	at java.util.concurrent.atomic.AtomicReference.getAndUpdate(AtomicReference.java:160)
	at org.apache.ratis.util.OpenCloseState.close(OpenCloseState.java:109)
	at org.apache.ratis.server.raftlog.RaftLogBase.close(RaftLogBase.java:365)
	at org.apache.ratis.server.raftlog.segmented.SegmentedRaftLog.close(SegmentedRaftLog.java:506)
	at org.apache.ratis.server.impl.ServerState.close(ServerState.java:468)
	at org.apache.ratis.server.impl.RaftServerImpl.lambda$close$4(RaftServerImpl.java:480)
	at org.apache.ratis.util.LifeCycle.lambda$checkStateAndClose$4(LifeCycle.java:299)
	at org.apache.ratis.util.LifeCycle.checkStateAndClose(LifeCycle.java:319)
	at org.apache.ratis.util.LifeCycle.checkStateAndClose(LifeCycle.java:297)
	at org.apache.ratis.server.impl.RaftServerImpl.close(RaftServerImpl.java:457)
	at org.apache.ratis.server.impl.RaftServerProxy$ImplMap.close(RaftServerProxy.java:132)
	at org.apache.ratis.server.impl.RaftServerProxy$ImplMap.lambda$close$0(RaftServerProxy.java:119)
	at org.apache.ratis.util.ConcurrentUtils.accept(ConcurrentUtils.java:173)
	at org.apache.ratis.util.ConcurrentUtils.lambda$null$3(ConcurrentUtils.java:165)
	at java.util.concurrent.ThreadPoolExecutor.runWorker(ThreadPoolExecutor.java:1149)
	at java.util.concurrent.ThreadPoolExecutor$Worker.run(ThreadPoolExecutor.java:624)
	... 1 more
2023-04-21 06:18:11,910 [b6e9b414-768d-4e3e-88d3-472f8ec22e92-impl-thread1] INFO  segmented.SegmentedRaftLogWorker (SegmentedRaftLogWorker.java:close(257)) - b6e9b414-768d-4e3e-88d3-472f8ec22e92@group-45CFD87F60C3-SegmentedRaftLogWorker close()
2023-04-21 06:18:11,907 [b6e9b414-768d-4e3e-88d3-472f8ec22e92-impl-thread3] INFO  server.RaftServer$Division (RaftServerImpl.java:lambda$close$4(458)) - b6e9b414-768d-4e3e-88d3-472f8ec22e92@group-B7260385CADC: shutdown
2023-04-21 06:18:11,911 [b6e9b414-768d-4e3e-88d3-472f8ec22e92-impl-thread2] INFO  server.RaftServer$Division (ServerState.java:close(466)) - b6e9b414-768d-4e3e-88d3-472f8ec22e92@group-1403213F9234: closes. applyIndex: 0
2023-04-21 06:18:11,907 [Listener at 127.0.0.1/33363] INFO  server.GrpcService (GrpcService.java:closeImpl(271)) - b6e9b414-768d-4e3e-88d3-472f8ec22e92: shutdown server GrpcServerProtocolService now
2023-04-21 06:18:11,912 [b6e9b414-768d-4e3e-88d3-472f8ec22e92-impl-thread3] INFO  util.JmxRegister (JmxRegister.java:unregister(73)) - Successfully un-registered JMX Bean with object name Ratis:service=RaftServer,group=group-B7260385CADC,id=b6e9b414-768d-4e3e-88d3-472f8ec22e92
2023-04-21 06:18:11,912 [b6e9b414-768d-4e3e-88d3-472f8ec22e92-impl-thread3] INFO  impl.RoleInfo (RoleInfo.java:shutdownFollowerState(110)) - b6e9b414-768d-4e3e-88d3-472f8ec22e92: shutdown b6e9b414-768d-4e3e-88d3-472f8ec22e92@group-B7260385CADC-FollowerState
2023-04-21 06:18:11,912 [b6e9b414-768d-4e3e-88d3-472f8ec22e92@group-1403213F9234-SegmentedRaftLogWorker] INFO  segmented.SegmentedRaftLogWorker (SegmentedRaftLogWorker.java:run(347)) - b6e9b414-768d-4e3e-88d3-472f8ec22e92@group-1403213F9234-SegmentedRaftLogWorker was interrupted, exiting. There are 0 tasks remaining in the queue.
2023-04-21 06:18:11,912 [b6e9b414-768d-4e3e-88d3-472f8ec22e92@group-B7260385CADC-FollowerState] INFO  impl.FollowerState (FollowerState.java:run(152)) - b6e9b414-768d-4e3e-88d3-472f8ec22e92@group-B7260385CADC-FollowerState was interrupted
2023-04-21 06:18:11,912 [Listener at 127.0.0.1/33363] INFO  server.GrpcServerProtocolClient (GrpcServerProtocolClient.java:close(101)) - b5ed12de-f90d-40ef-a4f6-6f0ba0776d3f Close channels
2023-04-21 06:18:11,914 [Listener at 127.0.0.1/33363] INFO  server.GrpcServerProtocolClient (GrpcServerProtocolClient.java:close(101)) - fe0baf38-ef32-47f5-977d-6484d2e153f1 Close channels
2023-04-21 06:18:11,915 [Listener at 127.0.0.1/33363] INFO  server.GrpcService (GrpcService.java:closeImpl(280)) - b6e9b414-768d-4e3e-88d3-472f8ec22e92: shutdown server GrpcServerProtocolService successfully
2023-04-21 06:18:11,915 [b6e9b414-768d-4e3e-88d3-472f8ec22e92-NettyServerStreamRpc-bossGroup--thread1] INFO  logging.LoggingHandler (AbstractInternalLogger.java:log(148)) - [id: 0xf8eb3ea9, L:/0:0:0:0:0:0:0:0:45909] CLOSE
2023-04-21 06:18:11,915 [b6e9b414-768d-4e3e-88d3-472f8ec22e92-NettyServerStreamRpc-bossGroup--thread1] INFO  logging.LoggingHandler (AbstractInternalLogger.java:log(148)) - [id: 0xf8eb3ea9, L:/0:0:0:0:0:0:0:0:45909] INACTIVE
2023-04-21 06:18:11,915 [b6e9b414-768d-4e3e-88d3-472f8ec22e92-NettyServerStreamRpc-bossGroup--thread1] INFO  logging.LoggingHandler (AbstractInternalLogger.java:log(148)) - [id: 0xf8eb3ea9, L:/0:0:0:0:0:0:0:0:45909] UNREGISTERED
2023-04-21 06:18:11,917 [b6e9b414-768d-4e3e-88d3-472f8ec22e92-impl-thread2] INFO  segmented.SegmentedRaftLogWorker (SegmentedRaftLogWorker.java:close(257)) - b6e9b414-768d-4e3e-88d3-472f8ec22e92@group-1403213F9234-SegmentedRaftLogWorker close()
2023-04-21 06:18:11,920 [b6e9b414-768d-4e3e-88d3-472f8ec22e92-impl-thread3] INFO  impl.StateMachineUpdater (StateMachineUpdater.java:stopAndJoin(153)) - b6e9b414-768d-4e3e-88d3-472f8ec22e92@group-B7260385CADC-StateMachineUpdater: set stopIndex = 0
2023-04-21 06:18:11,921 [b6e9b414-768d-4e3e-88d3-472f8ec22e92@group-B7260385CADC-StateMachineUpdater] INFO  ratis.ContainerStateMachine (ContainerStateMachine.java:takeSnapshot(330)) - group-B7260385CADC: Taking a snapshot at:(t:1, i:0) file /home/runner/work/ozone/ozone/hadoop-ozone/integration-test/target/test-dir/MiniOzoneClusterImpl-095cf78d-69a9-402e-99bd-cb43c7978d28/datanode-2/data/ratis/079c5fba-b4cc-4007-98bd-b7260385cadc/sm/snapshot.1_0
2023-04-21 06:18:11,922 [b6e9b414-768d-4e3e-88d3-472f8ec22e92@group-B7260385CADC-StateMachineUpdater] INFO  ratis.ContainerStateMachine (ContainerStateMachine.java:takeSnapshot(341)) - group-B7260385CADC: Finished taking a snapshot at:(t:1, i:0) file:/home/runner/work/ozone/ozone/hadoop-ozone/integration-test/target/test-dir/MiniOzoneClusterImpl-095cf78d-69a9-402e-99bd-cb43c7978d28/datanode-2/data/ratis/079c5fba-b4cc-4007-98bd-b7260385cadc/sm/snapshot.1_0 took: 1 ms
2023-04-21 06:18:11,922 [b6e9b414-768d-4e3e-88d3-472f8ec22e92@group-B7260385CADC-StateMachineUpdater] INFO  impl.StateMachineUpdater (StateMachineUpdater.java:takeSnapshot(287)) - b6e9b414-768d-4e3e-88d3-472f8ec22e92@group-B7260385CADC-StateMachineUpdater: Took a snapshot at index 0
2023-04-21 06:18:11,922 [b6e9b414-768d-4e3e-88d3-472f8ec22e92@group-B7260385CADC-StateMachineUpdater] INFO  impl.StateMachineUpdater (StateMachineUpdater.java:lambda$new$0(92)) - b6e9b414-768d-4e3e-88d3-472f8ec22e92@group-B7260385CADC-StateMachineUpdater: snapshotIndex: updateIncreasingly -1 -> 0
2023-04-21 06:18:11,922 [b6e9b414-768d-4e3e-88d3-472f8ec22e92-impl-thread3] INFO  server.RaftServer$Division (ServerState.java:close(466)) - b6e9b414-768d-4e3e-88d3-472f8ec22e92@group-B7260385CADC: closes. applyIndex: 0
2023-04-21 06:18:11,922 [b6e9b414-768d-4e3e-88d3-472f8ec22e92@group-B7260385CADC-SegmentedRaftLogWorker] INFO  segmented.SegmentedRaftLogWorker (SegmentedRaftLogWorker.java:run(347)) - b6e9b414-768d-4e3e-88d3-472f8ec22e92@group-B7260385CADC-SegmentedRaftLogWorker was interrupted, exiting. There are 0 tasks remaining in the queue.
2023-04-21 06:18:11,923 [b6e9b414-768d-4e3e-88d3-472f8ec22e92-impl-thread3] INFO  segmented.SegmentedRaftLogWorker (SegmentedRaftLogWorker.java:close(257)) - b6e9b414-768d-4e3e-88d3-472f8ec22e92@group-B7260385CADC-SegmentedRaftLogWorker close()
2023-04-21 06:18:11,924 [JvmPauseMonitor23] INFO  util.JvmPauseMonitor (JvmPauseMonitor.java:run(111)) - JvmPauseMonitor-b6e9b414-768d-4e3e-88d3-472f8ec22e92: Stopped
2023-04-21 06:18:13,928 [Listener at 127.0.0.1/33363] INFO  volume.HddsVolume (HddsVolume.java:closeDbStore(437)) - SchemaV3 db is stopped at /home/runner/work/ozone/ozone/hadoop-ozone/integration-test/target/test-dir/MiniOzoneClusterImpl-095cf78d-69a9-402e-99bd-cb43c7978d28/datanode-2/data-0/containers/hdds/095cf78d-69a9-402e-99bd-cb43c7978d28/DS-5cfa2cf6-19ee-401c-aff4-6cbf4374c95e/container.db for volume DS-5cfa2cf6-19ee-401c-aff4-6cbf4374c95e
2023-04-21 06:18:13,928 [Listener at 127.0.0.1/33363] INFO  utils.BackgroundService (BackgroundService.java:shutdown(141)) - Shutting down service BlockDeletingService
2023-04-21 06:18:13,928 [Listener at 127.0.0.1/33363] INFO  utils.BackgroundService (BackgroundService.java:shutdown(141)) - Shutting down service StaleRecoveringContainerScrubbingService
2023-04-21 06:18:13,930 [Listener at 127.0.0.1/33363] INFO  statemachine.DatanodeStateMachine (DatanodeStateMachine.java:stopDaemon(601)) - Ozone container server stopped.
2023-04-21 06:18:13,938 [Listener at 127.0.0.1/33363] INFO  handler.ContextHandler (ContextHandler.java:doStop(1159)) - Stopped o.e.j.w.WebAppContext@67778a51{hddsDatanode,/,null,STOPPED}{jar:file:/home/runner/.m2/repository/org/apache/ozone/hdds-container-service/1.4.0-SNAPSHOT/hdds-container-service-1.4.0-SNAPSHOT.jar!/webapps/hddsDatanode}
2023-04-21 06:18:13,938 [Listener at 127.0.0.1/33363] INFO  server.AbstractConnector (AbstractConnector.java:doStop(383)) - Stopped ServerConnector@306f037f{HTTP/1.1, (http/1.1)}{0.0.0.0:0}
2023-04-21 06:18:13,939 [Listener at 127.0.0.1/33363] INFO  server.session (HouseKeeper.java:stopScavenging(149)) - node0 Stopped scavenging
2023-04-21 06:18:13,939 [Listener at 127.0.0.1/33363] INFO  handler.ContextHandler (ContextHandler.java:doStop(1159)) - Stopped o.e.j.s.ServletContextHandler@5e527cc0{static,/static,jar:file:/home/runner/.m2/repository/org/apache/ozone/hdds-container-service/1.4.0-SNAPSHOT/hdds-container-service-1.4.0-SNAPSHOT.jar!/webapps/static,STOPPED}
2023-04-21 06:18:13,939 [Listener at 127.0.0.1/33363] INFO  handler.ContextHandler (ContextHandler.java:doStop(1159)) - Stopped o.e.j.s.ServletContextHandler@57df2fcb{logs,/logs,file:///home/runner/work/ozone/ozone/hadoop-ozone/integration-test/target/log,STOPPED}
2023-04-21 06:18:13,942 [Listener at 127.0.0.1/33363] INFO  ozone.MiniOzoneClusterImpl (MiniOzoneClusterImpl.java:stopSCM(552)) - Stopping the StorageContainerManager
2023-04-21 06:18:13,942 [Listener at 127.0.0.1/33363] INFO  server.StorageContainerManager (StorageContainerManager.java:stop(1577)) - Container Balancer is not running.
2023-04-21 06:18:13,942 [Listener at 127.0.0.1/33363] INFO  server.StorageContainerManager (StorageContainerManager.java:stopReplicationManager(1708)) - Stopping Replication Manager Service.
2023-04-21 06:18:13,942 [Listener at 127.0.0.1/33363] INFO  replication.ReplicationManager (ReplicationManager.java:stop(321)) - Stopping Replication Monitor Thread.
2023-04-21 06:18:13,942 [Listener at 127.0.0.1/33363] INFO  server.StorageContainerManager (StorageContainerManager.java:stop(1586)) - Stopping the Datanode Admin Monitor.
2023-04-21 06:18:13,942 [Listener at 127.0.0.1/33363] INFO  server.StorageContainerManager (StorageContainerManager.java:stop(1593)) - Stopping datanode service RPC server
2023-04-21 06:18:13,942 [Listener at 127.0.0.1/33363] INFO  server.SCMDatanodeProtocolServer (SCMDatanodeProtocolServer.java:stop(424)) - Stopping the RPC server for DataNodes
2023-04-21 06:18:13,942 [ReplicationMonitor] INFO  replication.ReplicationManager (ReplicationManager.java:run(975)) - Replication Monitor Thread is stopped
2023-04-21 06:18:13,942 [Under Replicated Processor] WARN  replication.UnhealthyReplicationProcessor (UnhealthyReplicationProcessor.java:run(146)) - Under Replicated Processor interrupted. Exiting...
2023-04-21 06:18:13,942 [Listener at 127.0.0.1/33363] INFO  ipc.Server (Server.java:stop(3501)) - Stopping server on 40181
2023-04-21 06:18:13,942 [Over Replicated Processor] WARN  replication.UnhealthyReplicationProcessor (UnhealthyReplicationProcessor.java:run(146)) - Over Replicated Processor interrupted. Exiting...
2023-04-21 06:18:13,945 [IPC Server listener on 0] INFO  ipc.Server (Server.java:run(1430)) - Stopping IPC Server listener on 0
2023-04-21 06:18:13,950 [IPC Server Responder] INFO  ipc.Server (Server.java:run(1563)) - Stopping IPC Server Responder
2023-04-21 06:18:14,001 [SCM Heartbeat Processing Thread - 0] WARN  node.NodeStateManager (NodeStateManager.java:scheduleNextHealthCheck(870)) - Current Thread is interrupted, shutting down HB processing thread for Node Manager.
2023-04-21 06:18:14,001 [Listener at 127.0.0.1/33363] INFO  server.StorageContainerManager (StorageContainerManager.java:stop(1601)) - Stopping block service RPC server
2023-04-21 06:18:14,001 [Listener at 127.0.0.1/33363] INFO  server.SCMBlockProtocolServer (SCMBlockProtocolServer.java:stop(161)) - Stopping the RPC server for Block Protocol
2023-04-21 06:18:14,001 [Listener at 127.0.0.1/33363] INFO  ipc.Server (Server.java:stop(3501)) - Stopping server on 43307
2023-04-21 06:18:14,003 [IPC Server listener on 0] INFO  ipc.Server (Server.java:run(1430)) - Stopping IPC Server listener on 0
2023-04-21 06:18:14,006 [IPC Server Responder] INFO  ipc.Server (Server.java:run(1563)) - Stopping IPC Server Responder
2023-04-21 06:18:14,007 [Listener at 127.0.0.1/33363] INFO  server.StorageContainerManager (StorageContainerManager.java:stop(1608)) - Stopping the StorageContainerLocationProtocol RPC server
2023-04-21 06:18:14,007 [Listener at 127.0.0.1/33363] INFO  server.SCMClientProtocolServer (SCMClientProtocolServer.java:stop(206)) - Stopping the RPC server for Client Protocol
2023-04-21 06:18:14,007 [Listener at 127.0.0.1/33363] INFO  ipc.Server (Server.java:stop(3501)) - Stopping server on 37971
2023-04-21 06:18:14,008 [IPC Server listener on 0] INFO  ipc.Server (Server.java:run(1430)) - Stopping IPC Server listener on 0
2023-04-21 06:18:14,011 [IPC Server Responder] INFO  ipc.Server (Server.java:run(1563)) - Stopping IPC Server Responder
2023-04-21 06:18:14,011 [Listener at 127.0.0.1/33363] INFO  server.StorageContainerManager (StorageContainerManager.java:stop(1615)) - Stopping Storage Container Manager HTTP server.
2023-04-21 06:18:14,012 [Listener at 127.0.0.1/33363] INFO  handler.ContextHandler (ContextHandler.java:doStop(1159)) - Stopped o.e.j.w.WebAppContext@3def744b{scm,/,null,STOPPED}{file:/home/runner/work/ozone/ozone/hadoop-ozone/integration-test/target/test-classes/webapps/scm}
2023-04-21 06:18:14,014 [Listener at 127.0.0.1/33363] INFO  server.AbstractConnector (AbstractConnector.java:doStop(383)) - Stopped ServerConnector@c50c409{HTTP/1.1, (http/1.1)}{0.0.0.0:0}
2023-04-21 06:18:14,014 [Listener at 127.0.0.1/33363] INFO  server.session (HouseKeeper.java:stopScavenging(149)) - node0 Stopped scavenging
2023-04-21 06:18:14,014 [Listener at 127.0.0.1/33363] INFO  handler.ContextHandler (ContextHandler.java:doStop(1159)) - Stopped o.e.j.s.ServletContextHandler@4bf66aca{static,/static,file:///home/runner/work/ozone/ozone/hadoop-ozone/integration-test/target/test-classes/webapps/static,STOPPED}
2023-04-21 06:18:14,015 [Listener at 127.0.0.1/33363] INFO  handler.ContextHandler (ContextHandler.java:doStop(1159)) - Stopped o.e.j.s.ServletContextHandler@7f063c52{logs,/logs,file:///home/runner/work/ozone/ozone/hadoop-ozone/integration-test/target/log,STOPPED}
2023-04-21 06:18:14,015 [Listener at 127.0.0.1/33363] INFO  server.StorageContainerManager (StorageContainerManager.java:stop(1623)) - Stopping SCM LayoutVersionManager Service.
2023-04-21 06:18:14,016 [Listener at 127.0.0.1/33363] INFO  server.StorageContainerManager (StorageContainerManager.java:stop(1631)) - Stopping Block Manager Service.
2023-04-21 06:18:14,016 [Listener at 127.0.0.1/33363] INFO  utils.BackgroundService (BackgroundService.java:shutdown(141)) - Shutting down service SCMBlockDeletingService
2023-04-21 06:18:14,016 [Listener at 127.0.0.1/33363] INFO  utils.BackgroundService (BackgroundService.java:shutdown(141)) - Shutting down service SCMBlockDeletingService
2023-04-21 06:18:14,017 [Listener at 127.0.0.1/33363] INFO  server.StorageContainerManager (StorageContainerManager.java:stop(1653)) - Stopping SCM Event Queue.
2023-04-21 06:18:14,019 [Listener at 127.0.0.1/33363] INFO  server.StorageContainerManager (StorageContainerManager.java:stop(1664)) - Stopping SCM HA services.
2023-04-21 06:18:14,019 [Listener at 127.0.0.1/33363] INFO  pipeline.BackgroundPipelineCreator (BackgroundPipelineCreator.java:stop(149)) - Stopping RatisPipelineUtilsThread.
2023-04-21 06:18:14,020 [RatisPipelineUtilsThread - 0] WARN  pipeline.BackgroundPipelineCreator (BackgroundPipelineCreator.java:run(180)) - RatisPipelineUtilsThread is interrupted.
2023-04-21 06:18:14,020 [BackgroundPipelineScrubberThread] WARN  BackgroundPipelineScrubber (BackgroundSCMService.java:run(115)) - BackgroundPipelineScrubber is interrupted, exit
2023-04-21 06:18:14,020 [Listener at 127.0.0.1/33363] INFO  BackgroundPipelineScrubber (BackgroundSCMService.java:stop(131)) - Stopping BackgroundPipelineScrubber Service.
2023-04-21 06:18:14,020 [Listener at 127.0.0.1/33363] INFO  impl.MetricsSystemImpl (MetricsSystemImpl.java:stop(210)) - Stopping HddsDatanode metrics system...
2023-04-21 06:18:14,023 [prometheus] INFO  impl.MetricsSinkAdapter (MetricsSinkAdapter.java:publishMetricsFromQueue(141)) - prometheus thread interrupted.
2023-04-21 06:18:14,023 [Listener at 127.0.0.1/33363] INFO  impl.MetricsSystemImpl (MetricsSystemImpl.java:stop(216)) - HddsDatanode metrics system stopped.
2023-04-21 06:18:14,023 [Listener at 127.0.0.1/33363] WARN  pipeline.BackgroundPipelineCreator (BackgroundPipelineCreator.java:stop(145)) - RatisPipelineUtilsThread is not running, just ignore.
2023-04-21 06:18:14,023 [Listener at 127.0.0.1/33363] INFO  BackgroundPipelineScrubber (BackgroundSCMService.java:stop(126)) - BackgroundPipelineScrubber Service is not running, skip stop.
2023-04-21 06:18:14,023 [ExpiredContainerReplicaOpScrubberThread] WARN  ExpiredContainerReplicaOpScrubber (BackgroundSCMService.java:run(115)) - ExpiredContainerReplicaOpScrubber is interrupted, exit
2023-04-21 06:18:14,023 [Listener at 127.0.0.1/33363] INFO  ExpiredContainerReplicaOpScrubber (BackgroundSCMService.java:stop(131)) - Stopping ExpiredContainerReplicaOpScrubber Service.
2023-04-21 06:18:14,023 [Listener at 127.0.0.1/33363] INFO  utils.BackgroundService (BackgroundService.java:shutdown(141)) - Shutting down service SCMBlockDeletingService
2023-04-21 06:18:14,023 [Listener at 127.0.0.1/33363] INFO  replication.ReplicationManager (ReplicationManager.java:stop(331)) - Replication Monitor Thread is not running.
2023-04-21 06:18:14,023 [Listener at 127.0.0.1/33363] WARN  balancer.ContainerBalancer (ContainerBalancer.java:stop(324)) - Cannot stop Container Balancer because it's not running or stopping
2023-04-21 06:18:14,024 [Listener at 127.0.0.1/33363] INFO  server.StorageContainerManager (StorageContainerManager.java:stop(1699)) - Stopping SCM MetadataStore.
]]></system-out>
  </testcase>
  <testcase name="testSCMInitializationFailure" classname="org.apache.hadoop.ozone.TestStorageContainerManager" time="0.041">
    <system-out><![CDATA[2023-04-21 06:18:14,083 [Time-limited test] WARN  server.ServerUtils (ServerUtils.java:getScmDbDir(148)) - ozone.scm.db.dirs is not configured. We recommend adding this setting. Falling back to ozone.metadata.dirs instead.
2023-04-21 06:18:14,084 [Time-limited test] INFO  ha.SCMHANodeDetails (SCMHANodeDetails.java:loadSCMHAConfig(209)) - ServiceID for StorageContainerManager is null
2023-04-21 06:18:14,085 [Time-limited test] INFO  ha.SCMHANodeDetails (SCMHANodeDetails.java:loadSCMHAConfig(214)) - ozone.scm.default.service.id is not defined, falling back to ozone.scm.service.ids to find serviceID for StorageContainerManager if it is HA enabled cluster
2023-04-21 06:18:14,085 [Time-limited test] ERROR server.StorageContainerManager (StorageContainerManager.java:<init>(361)) - Please make sure you have run 'ozone scm --init' command to generate all the required metadata to /home/runner/work/ozone/ozone/hadoop-ozone/integration-test/target/test-dir/4ef99854-ffc4-4cb2-908b-3e602b2903c8/scm-meta/scm or make sure you have run 'ozone scm --bootstrap' cmd to add the SCM to existing SCM HA group.
]]></system-out>
  </testcase>
  <testcase name="testSCMInitialization" classname="org.apache.hadoop.ozone.TestStorageContainerManager" time="6.117">
    <system-out><![CDATA[2023-04-21 06:18:14,104 [Time-limited test] WARN  server.ServerUtils (ServerUtils.java:getScmDbDir(148)) - ozone.scm.db.dirs is not configured. We recommend adding this setting. Falling back to ozone.metadata.dirs instead.
2023-04-21 06:18:14,104 [Time-limited test] INFO  ha.SCMHANodeDetails (SCMHANodeDetails.java:loadSCMHAConfig(209)) - ServiceID for StorageContainerManager is null
2023-04-21 06:18:14,104 [Time-limited test] INFO  ha.SCMHANodeDetails (SCMHANodeDetails.java:loadSCMHAConfig(214)) - ozone.scm.default.service.id is not defined, falling back to ozone.scm.service.ids to find serviceID for StorageContainerManager if it is HA enabled cluster
2023-04-21 06:18:14,119 [Time-limited test] INFO  server.RaftServer (ConfUtils.java:logGet(46)) - raft.rpc.type = GRPC (default)
2023-04-21 06:18:14,119 [Time-limited test] INFO  grpc.GrpcConfigKeys (ConfUtils.java:logFallback(53)) - raft.grpc.admin.host = null (fallback to raft.grpc.server.host)
2023-04-21 06:18:14,119 [Time-limited test] INFO  grpc.GrpcConfigKeys (ConfUtils.java:logFallback(53)) - raft.grpc.admin.port = 9894 (fallback to raft.grpc.server.port)
2023-04-21 06:18:14,119 [Time-limited test] INFO  grpc.GrpcConfigKeys (ConfUtils.java:logFallback(53)) - raft.grpc.client.host = null (fallback to raft.grpc.server.host)
2023-04-21 06:18:14,119 [Time-limited test] INFO  grpc.GrpcConfigKeys (ConfUtils.java:logFallback(53)) - raft.grpc.client.port = 9894 (fallback to raft.grpc.server.port)
2023-04-21 06:18:14,119 [Time-limited test] INFO  grpc.GrpcConfigKeys (ConfUtils.java:logGet(46)) - raft.grpc.server.host = null (default)
2023-04-21 06:18:14,119 [Time-limited test] INFO  grpc.GrpcConfigKeys (ConfUtils.java:logGet(46)) - raft.grpc.server.port = 9894 (custom)
2023-04-21 06:18:14,119 [Time-limited test] INFO  server.GrpcService (ConfUtils.java:logGet(46)) - raft.grpc.message.size.max = 32m (=33554432) (custom)
2023-04-21 06:18:14,119 [Time-limited test] INFO  server.RaftServerConfigKeys (ConfUtils.java:logGet(46)) - raft.server.log.appender.buffer.byte-limit = 33554432 (custom)
2023-04-21 06:18:14,119 [Time-limited test] INFO  server.GrpcService (ConfUtils.java:logGet(46)) - raft.grpc.flow.control.window = 1MB (=1048576) (default)
2023-04-21 06:18:14,119 [Time-limited test] INFO  server.RaftServerConfigKeys (ConfUtils.java:logGet(46)) - raft.server.rpc.request.timeout = 30000ms (custom)
2023-04-21 06:18:14,119 [Time-limited test] INFO  grpc.GrpcConfigKeys (ConfUtils.java:logGet(46)) - raft.grpc.server.heartbeat.channel = true (default)
2023-04-21 06:18:14,119 [Time-limited test] INFO  grpc.GrpcConfigKeys (ConfUtils.java:logGet(46)) - raft.grpc.server.async.request.thread.pool.cached = true (default)
2023-04-21 06:18:14,120 [Time-limited test] INFO  grpc.GrpcConfigKeys (ConfUtils.java:logGet(46)) - raft.grpc.server.async.request.thread.pool.size = 32 (default)
2023-04-21 06:18:14,122 [Time-limited test] INFO  impl.DataStreamServerImpl (ConfUtils.java:logGet(46)) - raft.datastream.type = DISABLED (default)
2023-04-21 06:18:14,122 [Time-limited test] INFO  server.RaftServerConfigKeys (ConfUtils.java:logGet(46)) - raft.server.threadpool.proxy.cached = true (default)
2023-04-21 06:18:14,122 [Time-limited test] INFO  server.RaftServerConfigKeys (ConfUtils.java:logGet(46)) - raft.server.threadpool.proxy.size = 0 (default)
2023-04-21 06:18:14,122 [Time-limited test] INFO  server.RaftServerConfigKeys (ConfUtils.java:logGet(46)) - raft.server.rpc.slowness.timeout = 120000ms (custom)
2023-04-21 06:18:14,122 [Time-limited test] INFO  server.RaftServerConfigKeys (ConfUtils.java:logGet(46)) - raft.server.leaderelection.leader.step-down.wait-time = 10s (default)
2023-04-21 06:18:14,122 [Time-limited test] INFO  server.RaftServerConfigKeys (ConfUtils.java:logGet(46)) - raft.server.storage.dir = [/home/runner/work/ozone/ozone/hadoop-ozone/integration-test/target/test-dir/60418428-b49f-466b-aeb8-d748f4af8c61/scm-meta/scm-ha] (custom)
2023-04-21 06:18:14,122 [Time-limited test] INFO  server.RaftServer (RaftServerProxy.java:addNew(96)) - c66ca7e9-d82e-4859-a2df-53ca2ce0fdc5: addNew group-288DDEC6C9B6:[c66ca7e9-d82e-4859-a2df-53ca2ce0fdc5|rpc:fv-az205-422:9894|priority:0|startupRole:FOLLOWER] returns group-288DDEC6C9B6:java.util.concurrent.CompletableFuture@7c4cadce[Not completed]
2023-04-21 06:18:14,137 [pool-1009-thread-1] INFO  server.RaftServer$Division (RaftServerImpl.java:<init>(195)) - c66ca7e9-d82e-4859-a2df-53ca2ce0fdc5: new RaftServerImpl for group-288DDEC6C9B6:[c66ca7e9-d82e-4859-a2df-53ca2ce0fdc5|rpc:fv-az205-422:9894|priority:0|startupRole:FOLLOWER] with SCMStateMachine:uninitialized
2023-04-21 06:18:14,137 [pool-1009-thread-1] INFO  server.RaftServerConfigKeys (ConfUtils.java:logGet(46)) - raft.server.rpc.timeout.min = 5000ms (custom)
2023-04-21 06:18:14,137 [pool-1009-thread-1] INFO  server.RaftServerConfigKeys (ConfUtils.java:logGet(46)) - raft.server.rpc.timeout.max = 5200ms (custom)
2023-04-21 06:18:14,137 [pool-1009-thread-1] INFO  server.RaftServerConfigKeys (ConfUtils.java:logGet(46)) - raft.server.rpc.sleep.time = 25ms (default)
2023-04-21 06:18:14,137 [pool-1009-thread-1] INFO  server.RaftServerConfigKeys (ConfUtils.java:logGet(46)) - raft.server.rpc.slowness.timeout = 120000ms (custom)
2023-04-21 06:18:14,137 [pool-1009-thread-1] INFO  server.RaftServerConfigKeys (ConfUtils.java:logGet(46)) - raft.server.leaderelection.leader.step-down.wait-time = 10s (default)
2023-04-21 06:18:14,137 [pool-1009-thread-1] INFO  server.RaftServerConfigKeys (ConfUtils.java:logGet(46)) - raft.server.sleep.deviation.threshold = 300ms (default)
2023-04-21 06:18:14,137 [pool-1009-thread-1] INFO  server.RaftServer$Division (ServerState.java:<init>(118)) - c66ca7e9-d82e-4859-a2df-53ca2ce0fdc5@group-288DDEC6C9B6: ConfigurationManager, init=-1: peers:[c66ca7e9-d82e-4859-a2df-53ca2ce0fdc5|rpc:fv-az205-422:9894|priority:0|startupRole:FOLLOWER]|listeners:[], old=null, confs=<EMPTY_MAP>
2023-04-21 06:18:14,137 [pool-1009-thread-1] INFO  server.RaftServerConfigKeys (ConfUtils.java:logGet(46)) - raft.server.storage.dir = [/home/runner/work/ozone/ozone/hadoop-ozone/integration-test/target/test-dir/60418428-b49f-466b-aeb8-d748f4af8c61/scm-meta/scm-ha] (custom)
2023-04-21 06:18:14,137 [pool-1009-thread-1] INFO  server.RaftServerConfigKeys (ConfUtils.java:logGet(46)) - raft.server.log.corruption.policy = EXCEPTION (default)
2023-04-21 06:18:14,137 [pool-1009-thread-1] INFO  server.RaftServerConfigKeys (ConfUtils.java:logGet(46)) - raft.server.storage.free-space.min = 0MB (=0) (default)
2023-04-21 06:18:14,137 [pool-1009-thread-1] INFO  server.RaftServerConfigKeys (ConfUtils.java:logGet(46)) - raft.server.notification.no-leader.timeout = 60s (default)
2023-04-21 06:18:14,137 [pool-1009-thread-1] INFO  server.RaftServerConfigKeys (ConfUtils.java:logGet(46)) - raft.server.retrycache.expirytime = 60000ms (default)
2023-04-21 06:18:14,138 [pool-1009-thread-1] INFO  server.RaftServerConfigKeys (ConfUtils.java:logGet(46)) - raft.server.retrycache.statistics.expirytime = 100μs (default)
2023-04-21 06:18:14,138 [pool-1009-thread-1] INFO  server.RaftServerConfigKeys (ConfUtils.java:logGet(46)) - raft.server.log.appender.install.snapshot.enabled = false (custom)
2023-04-21 06:18:14,138 [pool-1009-thread-1] INFO  server.RaftServerConfigKeys (ConfUtils.java:logGet(46)) - raft.server.threadpool.server.cached = true (default)
2023-04-21 06:18:14,138 [pool-1009-thread-1] INFO  server.RaftServerConfigKeys (ConfUtils.java:logGet(46)) - raft.server.threadpool.server.size = 0 (default)
2023-04-21 06:18:14,138 [pool-1009-thread-1] INFO  server.RaftServerConfigKeys (ConfUtils.java:logGet(46)) - raft.server.threadpool.client.cached = true (default)
2023-04-21 06:18:14,138 [pool-1009-thread-1] INFO  server.RaftServerConfigKeys (ConfUtils.java:logGet(46)) - raft.server.threadpool.client.size = 0 (default)
2023-04-21 06:18:14,138 [c66ca7e9-d82e-4859-a2df-53ca2ce0fdc5-impl-thread1] INFO  storage.RaftStorageDirectory (RaftStorageDirectoryImpl.java:analyzeStorage(137)) - The storage directory /home/runner/work/ozone/ozone/hadoop-ozone/integration-test/target/test-dir/60418428-b49f-466b-aeb8-d748f4af8c61/scm-meta/scm-ha/ffd82712-4d6a-4f33-bd2f-288ddec6c9b6 does not exist. Creating ...
2023-04-21 06:18:14,139 [c66ca7e9-d82e-4859-a2df-53ca2ce0fdc5-impl-thread1] INFO  storage.RaftStorageDirectory (RaftStorageDirectoryImpl.java:tryLock(231)) - Lock on /home/runner/work/ozone/ozone/hadoop-ozone/integration-test/target/test-dir/60418428-b49f-466b-aeb8-d748f4af8c61/scm-meta/scm-ha/ffd82712-4d6a-4f33-bd2f-288ddec6c9b6/in_use.lock acquired by nodename 2764@fv-az205-422
2023-04-21 06:18:14,141 [c66ca7e9-d82e-4859-a2df-53ca2ce0fdc5-impl-thread1] INFO  storage.RaftStorage (RaftStorageImpl.java:format(96)) - Storage directory /home/runner/work/ozone/ozone/hadoop-ozone/integration-test/target/test-dir/60418428-b49f-466b-aeb8-d748f4af8c61/scm-meta/scm-ha/ffd82712-4d6a-4f33-bd2f-288ddec6c9b6 has been successfully formatted.
2023-04-21 06:18:14,141 [c66ca7e9-d82e-4859-a2df-53ca2ce0fdc5-impl-thread1] INFO  server.RaftServerConfigKeys (ConfUtils.java:logGet(46)) - raft.server.log.use.memory = false (default)
2023-04-21 06:18:14,142 [c66ca7e9-d82e-4859-a2df-53ca2ce0fdc5-impl-thread1] INFO  server.RaftServerConfigKeys (ConfUtils.java:logGet(46)) - raft.server.log.purge.gap = 1000000 (custom)
2023-04-21 06:18:14,142 [c66ca7e9-d82e-4859-a2df-53ca2ce0fdc5-impl-thread1] INFO  server.RaftServerConfigKeys (ConfUtils.java:logGet(46)) - raft.server.log.appender.buffer.byte-limit = 33554432 (custom)
2023-04-21 06:18:14,142 [c66ca7e9-d82e-4859-a2df-53ca2ce0fdc5-impl-thread1] INFO  server.RaftServerConfigKeys (ConfUtils.java:logGet(46)) - raft.server.log.statemachine.data.read.timeout = 1000ms (default)
2023-04-21 06:18:14,142 [c66ca7e9-d82e-4859-a2df-53ca2ce0fdc5-impl-thread1] INFO  server.RaftServerConfigKeys (ConfUtils.java:logGet(46)) - raft.server.log.purge.preservation.log.num = 0 (default)
2023-04-21 06:18:14,142 [c66ca7e9-d82e-4859-a2df-53ca2ce0fdc5-impl-thread1] INFO  server.RaftServerConfigKeys (ConfUtils.java:logGet(46)) - raft.server.log.segment.size.max = 4194304 (custom)
2023-04-21 06:18:14,142 [c66ca7e9-d82e-4859-a2df-53ca2ce0fdc5-impl-thread1] INFO  server.RaftServerConfigKeys (ConfUtils.java:logGet(46)) - raft.server.log.segment.cache.num.max = 2 (custom)
2023-04-21 06:18:14,142 [c66ca7e9-d82e-4859-a2df-53ca2ce0fdc5-impl-thread1] INFO  server.RaftServerConfigKeys (ConfUtils.java:logGet(46)) - raft.server.log.segment.cache.size.max = 200MB (=209715200) (default)
2023-04-21 06:18:14,142 [c66ca7e9-d82e-4859-a2df-53ca2ce0fdc5-impl-thread1] INFO  segmented.SegmentedRaftLogWorker (SegmentedRaftLogWorker.java:<init>(189)) - new c66ca7e9-d82e-4859-a2df-53ca2ce0fdc5@group-288DDEC6C9B6-SegmentedRaftLogWorker for RaftStorageImpl:Storage Directory /home/runner/work/ozone/ozone/hadoop-ozone/integration-test/target/test-dir/60418428-b49f-466b-aeb8-d748f4af8c61/scm-meta/scm-ha/ffd82712-4d6a-4f33-bd2f-288ddec6c9b6
2023-04-21 06:18:14,142 [c66ca7e9-d82e-4859-a2df-53ca2ce0fdc5-impl-thread1] INFO  server.RaftServerConfigKeys (ConfUtils.java:logGet(46)) - raft.server.log.queue.byte-limit = 64MB (=67108864) (default)
2023-04-21 06:18:14,142 [c66ca7e9-d82e-4859-a2df-53ca2ce0fdc5-impl-thread1] INFO  server.RaftServerConfigKeys (ConfUtils.java:logGet(46)) - raft.server.log.queue.element-limit = 4096 (default)
2023-04-21 06:18:14,142 [c66ca7e9-d82e-4859-a2df-53ca2ce0fdc5-impl-thread1] INFO  server.RaftServerConfigKeys (ConfUtils.java:logGet(46)) - raft.server.log.segment.size.max = 4194304 (custom)
2023-04-21 06:18:14,142 [c66ca7e9-d82e-4859-a2df-53ca2ce0fdc5-impl-thread1] INFO  server.RaftServerConfigKeys (ConfUtils.java:logGet(46)) - raft.server.log.preallocated.size = 4194304 (custom)
2023-04-21 06:18:14,142 [c66ca7e9-d82e-4859-a2df-53ca2ce0fdc5-impl-thread1] INFO  server.RaftServerConfigKeys (ConfUtils.java:logGet(46)) - raft.server.log.force.sync.num = 128 (default)
2023-04-21 06:18:14,142 [c66ca7e9-d82e-4859-a2df-53ca2ce0fdc5-impl-thread1] INFO  server.RaftServerConfigKeys (ConfUtils.java:logGet(46)) - raft.server.log.statemachine.data.sync = true (default)
2023-04-21 06:18:14,142 [c66ca7e9-d82e-4859-a2df-53ca2ce0fdc5-impl-thread1] INFO  server.RaftServerConfigKeys (ConfUtils.java:logGet(46)) - raft.server.log.statemachine.data.sync.timeout = 10s (default)
2023-04-21 06:18:14,142 [c66ca7e9-d82e-4859-a2df-53ca2ce0fdc5-impl-thread1] INFO  server.RaftServerConfigKeys (ConfUtils.java:logGet(46)) - raft.server.log.statemachine.data.sync.timeout.retry = -1 (default)
2023-04-21 06:18:14,142 [c66ca7e9-d82e-4859-a2df-53ca2ce0fdc5-impl-thread1] INFO  server.RaftServerConfigKeys (ConfUtils.java:logGet(46)) - raft.server.log.write.buffer.size = 64KB (=65536) (default)
2023-04-21 06:18:14,142 [c66ca7e9-d82e-4859-a2df-53ca2ce0fdc5-impl-thread1] INFO  server.RaftServerConfigKeys (ConfUtils.java:logGet(46)) - raft.server.log.appender.buffer.byte-limit = 33554432 (custom)
2023-04-21 06:18:14,149 [c66ca7e9-d82e-4859-a2df-53ca2ce0fdc5-impl-thread1] INFO  server.RaftServerConfigKeys (ConfUtils.java:logGet(46)) - raft.server.log.unsafe-flush.enabled = false (default)
2023-04-21 06:18:14,149 [c66ca7e9-d82e-4859-a2df-53ca2ce0fdc5-impl-thread1] INFO  server.RaftServerConfigKeys (ConfUtils.java:logGet(46)) - raft.server.log.async-flush.enabled = false (default)
2023-04-21 06:18:14,149 [c66ca7e9-d82e-4859-a2df-53ca2ce0fdc5-impl-thread1] INFO  server.RaftServerConfigKeys (ConfUtils.java:logGet(46)) - raft.server.log.statemachine.data.caching.enabled = false (default)
2023-04-21 06:18:14,149 [c66ca7e9-d82e-4859-a2df-53ca2ce0fdc5-impl-thread1] INFO  segmented.SegmentedRaftLogWorker (SegmentedRaftLogWorker.java:lambda$new$0(135)) - c66ca7e9-d82e-4859-a2df-53ca2ce0fdc5@group-288DDEC6C9B6-SegmentedRaftLogWorker: flushIndex: setUnconditionally 0 -> -1
2023-04-21 06:18:14,149 [c66ca7e9-d82e-4859-a2df-53ca2ce0fdc5-impl-thread1] INFO  segmented.SegmentedRaftLogWorker (SegmentedRaftLogWorker.java:lambda$new$0(135)) - c66ca7e9-d82e-4859-a2df-53ca2ce0fdc5@group-288DDEC6C9B6-SegmentedRaftLogWorker: safeCacheEvictIndex: setUnconditionally 0 -> -1
2023-04-21 06:18:14,149 [c66ca7e9-d82e-4859-a2df-53ca2ce0fdc5-impl-thread1] INFO  server.RaftServer$Division (RaftServerImpl.java:start(334)) - c66ca7e9-d82e-4859-a2df-53ca2ce0fdc5@group-288DDEC6C9B6: start as a follower, conf=-1: peers:[c66ca7e9-d82e-4859-a2df-53ca2ce0fdc5|rpc:fv-az205-422:9894|priority:0|startupRole:FOLLOWER]|listeners:[], old=null
2023-04-21 06:18:14,149 [c66ca7e9-d82e-4859-a2df-53ca2ce0fdc5-impl-thread1] INFO  server.RaftServer$Division (RaftServerImpl.java:setRole(321)) - c66ca7e9-d82e-4859-a2df-53ca2ce0fdc5@group-288DDEC6C9B6: changes role from      null to FOLLOWER at term 0 for startAsFollower
2023-04-21 06:18:14,149 [c66ca7e9-d82e-4859-a2df-53ca2ce0fdc5-impl-thread1] INFO  impl.RoleInfo (RoleInfo.java:updateAndGet(139)) - c66ca7e9-d82e-4859-a2df-53ca2ce0fdc5: start c66ca7e9-d82e-4859-a2df-53ca2ce0fdc5@group-288DDEC6C9B6-FollowerState
2023-04-21 06:18:14,150 [c66ca7e9-d82e-4859-a2df-53ca2ce0fdc5-impl-thread1] INFO  util.JmxRegister (JmxRegister.java:tryRegister(44)) - Successfully registered JMX Bean with object name Ratis:service=RaftServer,group=group-288DDEC6C9B6,id=c66ca7e9-d82e-4859-a2df-53ca2ce0fdc5
2023-04-21 06:18:14,150 [c66ca7e9-d82e-4859-a2df-53ca2ce0fdc5-impl-thread1] INFO  server.RaftServerConfigKeys (ConfUtils.java:logGet(46)) - raft.server.snapshot.auto.trigger.enabled = true (custom)
2023-04-21 06:18:14,150 [c66ca7e9-d82e-4859-a2df-53ca2ce0fdc5-impl-thread1] INFO  server.RaftServerConfigKeys (ConfUtils.java:logGet(46)) - raft.server.snapshot.auto.trigger.threshold = 1000 (custom)
2023-04-21 06:18:14,150 [c66ca7e9-d82e-4859-a2df-53ca2ce0fdc5-impl-thread1] INFO  server.RaftServerConfigKeys (ConfUtils.java:logGet(46)) - raft.server.snapshot.retention.file.num = -1 (default)
2023-04-21 06:18:14,150 [c66ca7e9-d82e-4859-a2df-53ca2ce0fdc5-impl-thread1] INFO  server.RaftServerConfigKeys (ConfUtils.java:logGet(46)) - raft.server.log.purge.upto.snapshot.index = false (default)
2023-04-21 06:18:14,150 [c66ca7e9-d82e-4859-a2df-53ca2ce0fdc5@group-288DDEC6C9B6-FollowerState] INFO  server.RaftServerConfigKeys (ConfUtils.java:logFallback(53)) - raft.server.rpc.first-election.timeout.min = 5000ms (fallback to raft.server.rpc.timeout.min)
2023-04-21 06:18:14,150 [c66ca7e9-d82e-4859-a2df-53ca2ce0fdc5@group-288DDEC6C9B6-FollowerState] INFO  server.RaftServerConfigKeys (ConfUtils.java:logFallback(53)) - raft.server.rpc.first-election.timeout.max = 5200ms (fallback to raft.server.rpc.timeout.max)
2023-04-21 06:18:14,150 [Time-limited test] INFO  server.RaftServer (RaftServerProxy.java:startImpl(393)) - c66ca7e9-d82e-4859-a2df-53ca2ce0fdc5: start RPC server
2023-04-21 06:18:14,152 [Time-limited test] INFO  server.GrpcService (GrpcService.java:startImpl(262)) - c66ca7e9-d82e-4859-a2df-53ca2ce0fdc5: GrpcService started, listening on 9894
2023-04-21 06:18:14,153 [JvmPauseMonitor24] INFO  util.JvmPauseMonitor (JvmPauseMonitor.java:run(105)) - JvmPauseMonitor-c66ca7e9-d82e-4859-a2df-53ca2ce0fdc5: Started
2023-04-21 06:18:19,176 [c66ca7e9-d82e-4859-a2df-53ca2ce0fdc5@group-288DDEC6C9B6-FollowerState] INFO  impl.FollowerState (FollowerState.java:run(143)) - c66ca7e9-d82e-4859-a2df-53ca2ce0fdc5@group-288DDEC6C9B6-FollowerState: change to CANDIDATE, lastRpcElapsedTime:5026029795ns, electionTimeout:5025ms
2023-04-21 06:18:19,176 [c66ca7e9-d82e-4859-a2df-53ca2ce0fdc5@group-288DDEC6C9B6-FollowerState] INFO  impl.RoleInfo (RoleInfo.java:shutdownFollowerState(110)) - c66ca7e9-d82e-4859-a2df-53ca2ce0fdc5: shutdown c66ca7e9-d82e-4859-a2df-53ca2ce0fdc5@group-288DDEC6C9B6-FollowerState
2023-04-21 06:18:19,176 [c66ca7e9-d82e-4859-a2df-53ca2ce0fdc5@group-288DDEC6C9B6-FollowerState] INFO  server.RaftServer$Division (RaftServerImpl.java:setRole(321)) - c66ca7e9-d82e-4859-a2df-53ca2ce0fdc5@group-288DDEC6C9B6: changes role from  FOLLOWER to CANDIDATE at term 0 for changeToCandidate
2023-04-21 06:18:19,176 [c66ca7e9-d82e-4859-a2df-53ca2ce0fdc5@group-288DDEC6C9B6-FollowerState] INFO  server.RaftServerConfigKeys (ConfUtils.java:logGet(46)) - raft.server.leaderelection.pre-vote = true (default)
2023-04-21 06:18:19,176 [c66ca7e9-d82e-4859-a2df-53ca2ce0fdc5@group-288DDEC6C9B6-FollowerState] INFO  impl.RoleInfo (RoleInfo.java:updateAndGet(139)) - c66ca7e9-d82e-4859-a2df-53ca2ce0fdc5: start c66ca7e9-d82e-4859-a2df-53ca2ce0fdc5@group-288DDEC6C9B6-LeaderElection39
2023-04-21 06:18:19,177 [c66ca7e9-d82e-4859-a2df-53ca2ce0fdc5@group-288DDEC6C9B6-LeaderElection39] INFO  impl.LeaderElection (LeaderElection.java:askForVotes(312)) - c66ca7e9-d82e-4859-a2df-53ca2ce0fdc5@group-288DDEC6C9B6-LeaderElection39 PRE_VOTE round 0: submit vote requests at term 0 for -1: peers:[c66ca7e9-d82e-4859-a2df-53ca2ce0fdc5|rpc:fv-az205-422:9894|priority:0|startupRole:FOLLOWER]|listeners:[], old=null
2023-04-21 06:18:19,177 [c66ca7e9-d82e-4859-a2df-53ca2ce0fdc5@group-288DDEC6C9B6-LeaderElection39] INFO  impl.LeaderElection (LeaderElection.java:askForVotes(314)) - c66ca7e9-d82e-4859-a2df-53ca2ce0fdc5@group-288DDEC6C9B6-LeaderElection39 PRE_VOTE round 0: result PASSED (term=0)
2023-04-21 06:18:19,179 [c66ca7e9-d82e-4859-a2df-53ca2ce0fdc5@group-288DDEC6C9B6-LeaderElection39] INFO  impl.LeaderElection (LeaderElection.java:askForVotes(312)) - c66ca7e9-d82e-4859-a2df-53ca2ce0fdc5@group-288DDEC6C9B6-LeaderElection39 ELECTION round 0: submit vote requests at term 1 for -1: peers:[c66ca7e9-d82e-4859-a2df-53ca2ce0fdc5|rpc:fv-az205-422:9894|priority:0|startupRole:FOLLOWER]|listeners:[], old=null
2023-04-21 06:18:19,179 [c66ca7e9-d82e-4859-a2df-53ca2ce0fdc5@group-288DDEC6C9B6-LeaderElection39] INFO  impl.LeaderElection (LeaderElection.java:askForVotes(314)) - c66ca7e9-d82e-4859-a2df-53ca2ce0fdc5@group-288DDEC6C9B6-LeaderElection39 ELECTION round 0: result PASSED (term=1)
2023-04-21 06:18:19,179 [c66ca7e9-d82e-4859-a2df-53ca2ce0fdc5@group-288DDEC6C9B6-LeaderElection39] INFO  impl.RoleInfo (RoleInfo.java:shutdownLeaderElection(130)) - c66ca7e9-d82e-4859-a2df-53ca2ce0fdc5: shutdown c66ca7e9-d82e-4859-a2df-53ca2ce0fdc5@group-288DDEC6C9B6-LeaderElection39
2023-04-21 06:18:19,179 [c66ca7e9-d82e-4859-a2df-53ca2ce0fdc5@group-288DDEC6C9B6-LeaderElection39] INFO  server.RaftServer$Division (RaftServerImpl.java:setRole(321)) - c66ca7e9-d82e-4859-a2df-53ca2ce0fdc5@group-288DDEC6C9B6: changes role from CANDIDATE to LEADER at term 1 for changeToLeader
2023-04-21 06:18:19,179 [c66ca7e9-d82e-4859-a2df-53ca2ce0fdc5@group-288DDEC6C9B6-LeaderElection39] INFO  server.RaftServer$Division (ServerState.java:setLeader(313)) - c66ca7e9-d82e-4859-a2df-53ca2ce0fdc5@group-288DDEC6C9B6: change Leader from null to c66ca7e9-d82e-4859-a2df-53ca2ce0fdc5 at term 1 for becomeLeader, leader elected after 5041ms
2023-04-21 06:18:19,179 [c66ca7e9-d82e-4859-a2df-53ca2ce0fdc5@group-288DDEC6C9B6-LeaderElection39] INFO  server.RaftServerConfigKeys (ConfUtils.java:logGet(46)) - raft.server.staging.catchup.gap = 1000 (default)
2023-04-21 06:18:19,179 [c66ca7e9-d82e-4859-a2df-53ca2ce0fdc5@group-288DDEC6C9B6-LeaderElection39] INFO  server.RaftServerConfigKeys (ConfUtils.java:logGet(46)) - raft.server.write.element-limit = 4096 (default)
2023-04-21 06:18:19,179 [c66ca7e9-d82e-4859-a2df-53ca2ce0fdc5@group-288DDEC6C9B6-LeaderElection39] INFO  server.RaftServerConfigKeys (ConfUtils.java:logGet(46)) - raft.server.write.byte-limit = 64MB (=67108864) (default)
2023-04-21 06:18:19,179 [c66ca7e9-d82e-4859-a2df-53ca2ce0fdc5@group-288DDEC6C9B6-LeaderElection39] INFO  server.RaftServerConfigKeys (ConfUtils.java:logGet(46)) - raft.server.watch.timeout = 10s (default)
2023-04-21 06:18:19,179 [c66ca7e9-d82e-4859-a2df-53ca2ce0fdc5@group-288DDEC6C9B6-LeaderElection39] INFO  server.RaftServerConfigKeys (ConfUtils.java:logGet(46)) - raft.server.watch.timeout.denomination = 1s (default)
2023-04-21 06:18:19,179 [c66ca7e9-d82e-4859-a2df-53ca2ce0fdc5@group-288DDEC6C9B6-LeaderElection39] INFO  server.RaftServerConfigKeys (ConfUtils.java:logGet(46)) - raft.server.watch.element-limit = 65536 (default)
2023-04-21 06:18:19,179 [c66ca7e9-d82e-4859-a2df-53ca2ce0fdc5@group-288DDEC6C9B6-LeaderElection39] INFO  server.RaftServerConfigKeys (ConfUtils.java:logGet(46)) - raft.server.write.element-limit = 4096 (default)
2023-04-21 06:18:19,179 [c66ca7e9-d82e-4859-a2df-53ca2ce0fdc5@group-288DDEC6C9B6-LeaderElection39] INFO  server.RaftServerConfigKeys (ConfUtils.java:logGet(46)) - raft.server.write.follower.gap.ratio.max = -1.0 (default)
2023-04-21 06:18:19,179 [c66ca7e9-d82e-4859-a2df-53ca2ce0fdc5@group-288DDEC6C9B6-LeaderElection39] INFO  impl.RoleInfo (RoleInfo.java:updateAndGet(139)) - c66ca7e9-d82e-4859-a2df-53ca2ce0fdc5: start c66ca7e9-d82e-4859-a2df-53ca2ce0fdc5@group-288DDEC6C9B6-LeaderStateImpl
2023-04-21 06:18:19,180 [c66ca7e9-d82e-4859-a2df-53ca2ce0fdc5@group-288DDEC6C9B6-LeaderElection39] INFO  segmented.SegmentedRaftLogWorker (SegmentedRaftLogWorker.java:startLogSegment(452)) - c66ca7e9-d82e-4859-a2df-53ca2ce0fdc5@group-288DDEC6C9B6-SegmentedRaftLogWorker: Starting segment from index:0
2023-04-21 06:18:19,182 [c66ca7e9-d82e-4859-a2df-53ca2ce0fdc5@group-288DDEC6C9B6-LeaderElection39] INFO  server.RaftServer$Division (ServerState.java:setRaftConf(430)) - c66ca7e9-d82e-4859-a2df-53ca2ce0fdc5@group-288DDEC6C9B6: set configuration 0: peers:[c66ca7e9-d82e-4859-a2df-53ca2ce0fdc5|rpc:fv-az205-422:9894|admin:|client:|dataStream:|priority:0|startupRole:FOLLOWER]|listeners:[], old=null
2023-04-21 06:18:19,191 [c66ca7e9-d82e-4859-a2df-53ca2ce0fdc5@group-288DDEC6C9B6-SegmentedRaftLogWorker] INFO  segmented.SegmentedRaftLogWorker (SegmentedRaftLogWorker.java:execute(656)) - c66ca7e9-d82e-4859-a2df-53ca2ce0fdc5@group-288DDEC6C9B6-SegmentedRaftLogWorker: created new log segment /home/runner/work/ozone/ozone/hadoop-ozone/integration-test/target/test-dir/60418428-b49f-466b-aeb8-d748f4af8c61/scm-meta/scm-ha/ffd82712-4d6a-4f33-bd2f-288ddec6c9b6/current/log_inprogress_0
2023-04-21 06:18:20,153 [Time-limited test] INFO  server.RaftServer (RaftServerProxy.java:lambda$close$6(409)) - c66ca7e9-d82e-4859-a2df-53ca2ce0fdc5: close
2023-04-21 06:18:20,154 [Time-limited test] INFO  server.GrpcService (GrpcService.java:closeImpl(271)) - c66ca7e9-d82e-4859-a2df-53ca2ce0fdc5: shutdown server GrpcServerProtocolService now
2023-04-21 06:18:20,154 [c66ca7e9-d82e-4859-a2df-53ca2ce0fdc5-impl-thread1] INFO  server.RaftServer$Division (RaftServerImpl.java:lambda$close$4(458)) - c66ca7e9-d82e-4859-a2df-53ca2ce0fdc5@group-288DDEC6C9B6: shutdown
2023-04-21 06:18:20,154 [c66ca7e9-d82e-4859-a2df-53ca2ce0fdc5-impl-thread1] INFO  util.JmxRegister (JmxRegister.java:unregister(73)) - Successfully un-registered JMX Bean with object name Ratis:service=RaftServer,group=group-288DDEC6C9B6,id=c66ca7e9-d82e-4859-a2df-53ca2ce0fdc5
2023-04-21 06:18:20,154 [c66ca7e9-d82e-4859-a2df-53ca2ce0fdc5-impl-thread1] INFO  impl.RoleInfo (RoleInfo.java:shutdownLeaderState(93)) - c66ca7e9-d82e-4859-a2df-53ca2ce0fdc5: shutdown c66ca7e9-d82e-4859-a2df-53ca2ce0fdc5@group-288DDEC6C9B6-LeaderStateImpl
2023-04-21 06:18:20,154 [c66ca7e9-d82e-4859-a2df-53ca2ce0fdc5-impl-thread1] INFO  impl.PendingRequests (PendingRequests.java:sendNotLeaderResponses(282)) - c66ca7e9-d82e-4859-a2df-53ca2ce0fdc5@group-288DDEC6C9B6-PendingRequests: sendNotLeaderResponses
2023-04-21 06:18:20,154 [c66ca7e9-d82e-4859-a2df-53ca2ce0fdc5-impl-thread1] INFO  impl.StateMachineUpdater (StateMachineUpdater.java:stopAndJoin(153)) - c66ca7e9-d82e-4859-a2df-53ca2ce0fdc5@group-288DDEC6C9B6-StateMachineUpdater: set stopIndex = 0
2023-04-21 06:18:20,154 [Time-limited test] INFO  server.GrpcService (GrpcService.java:closeImpl(280)) - c66ca7e9-d82e-4859-a2df-53ca2ce0fdc5: shutdown server GrpcServerProtocolService successfully
2023-04-21 06:18:20,154 [c66ca7e9-d82e-4859-a2df-53ca2ce0fdc5@group-288DDEC6C9B6-StateMachineUpdater] INFO  impl.StateMachineUpdater (StateMachineUpdater.java:takeSnapshot(287)) - c66ca7e9-d82e-4859-a2df-53ca2ce0fdc5@group-288DDEC6C9B6-StateMachineUpdater: Took a snapshot at index 0
2023-04-21 06:18:20,154 [c66ca7e9-d82e-4859-a2df-53ca2ce0fdc5@group-288DDEC6C9B6-StateMachineUpdater] INFO  impl.StateMachineUpdater (StateMachineUpdater.java:lambda$new$0(92)) - c66ca7e9-d82e-4859-a2df-53ca2ce0fdc5@group-288DDEC6C9B6-StateMachineUpdater: snapshotIndex: updateIncreasingly -1 -> 0
2023-04-21 06:18:20,155 [c66ca7e9-d82e-4859-a2df-53ca2ce0fdc5-impl-thread1] INFO  server.RaftServer$Division (ServerState.java:close(466)) - c66ca7e9-d82e-4859-a2df-53ca2ce0fdc5@group-288DDEC6C9B6: closes. applyIndex: 0
2023-04-21 06:18:20,155 [c66ca7e9-d82e-4859-a2df-53ca2ce0fdc5@group-288DDEC6C9B6-SegmentedRaftLogWorker] INFO  segmented.SegmentedRaftLogWorker (SegmentedRaftLogWorker.java:run(347)) - c66ca7e9-d82e-4859-a2df-53ca2ce0fdc5@group-288DDEC6C9B6-SegmentedRaftLogWorker was interrupted, exiting. There are 0 tasks remaining in the queue.
2023-04-21 06:18:20,156 [c66ca7e9-d82e-4859-a2df-53ca2ce0fdc5-impl-thread1] INFO  segmented.SegmentedRaftLogWorker (SegmentedRaftLogWorker.java:close(257)) - c66ca7e9-d82e-4859-a2df-53ca2ce0fdc5@group-288DDEC6C9B6-SegmentedRaftLogWorker close()
2023-04-21 06:18:20,156 [JvmPauseMonitor24] INFO  util.JvmPauseMonitor (JvmPauseMonitor.java:run(111)) - JvmPauseMonitor-c66ca7e9-d82e-4859-a2df-53ca2ce0fdc5: Stopped
2023-04-21 06:18:20,156 [Time-limited test] WARN  server.ServerUtils (ServerUtils.java:getScmDbDir(148)) - ozone.scm.db.dirs is not configured. We recommend adding this setting. Falling back to ozone.metadata.dirs instead.
2023-04-21 06:18:20,158 [Time-limited test] INFO  server.StorageContainerManager (StorageContainerManager.java:scmInit(1283)) - SCM initialization succeeded. Current cluster id for sd=/home/runner/work/ozone/ozone/hadoop-ozone/integration-test/target/test-dir/60418428-b49f-466b-aeb8-d748f4af8c61/scm-meta/scm; cid=ffd82712-4d6a-4f33-bd2f-288ddec6c9b6; layoutVersion=6; scmId=c66ca7e9-d82e-4859-a2df-53ca2ce0fdc5
2023-04-21 06:18:20,158 [Time-limited test] WARN  server.ServerUtils (ServerUtils.java:getScmDbDir(148)) - ozone.scm.db.dirs is not configured. We recommend adding this setting. Falling back to ozone.metadata.dirs instead.
2023-04-21 06:18:20,158 [Time-limited test] WARN  server.ServerUtils (ServerUtils.java:getScmDbDir(148)) - ozone.scm.db.dirs is not configured. We recommend adding this setting. Falling back to ozone.metadata.dirs instead.
2023-04-21 06:18:20,158 [Time-limited test] INFO  ha.SCMHANodeDetails (SCMHANodeDetails.java:loadSCMHAConfig(209)) - ServiceID for StorageContainerManager is null
2023-04-21 06:18:20,158 [Time-limited test] INFO  ha.SCMHANodeDetails (SCMHANodeDetails.java:loadSCMHAConfig(214)) - ozone.scm.default.service.id is not defined, falling back to ozone.scm.service.ids to find serviceID for StorageContainerManager if it is HA enabled cluster
2023-04-21 06:18:20,159 [Time-limited test] INFO  upgrade.AbstractLayoutVersionManager (AbstractLayoutVersionManager.java:init(83)) - Initializing Layout version manager with metadata layout = WEBUI_PORTS_IN_DATANODEDETAILS (version = 6), software layout = WEBUI_PORTS_IN_DATANODEDETAILS (version = 6)
2023-04-21 06:18:20,204 [Time-limited test] INFO  reflections.Reflections (Reflections.java:scan(232)) - Reflections took 44 ms to scan 7 urls, producing 156 keys and 369 values 
2023-04-21 06:18:20,205 [Time-limited test] INFO  server.StorageContainerManager (StorageContainerManager.java:scmInit(1315)) - SCM already initialized. Reusing existing cluster id for sd=/home/runner/work/ozone/ozone/hadoop-ozone/integration-test/target/test-dir/60418428-b49f-466b-aeb8-d748f4af8c61/scm-meta/scm;cid=ffd82712-4d6a-4f33-bd2f-288ddec6c9b6; layoutVersion=6; HAEnabled=true
]]></system-out>
  </testcase>
  <testcase name="testContainerReportQueueTakingMoreTime" classname="org.apache.hadoop.ozone.TestStorageContainerManager" time="3.011">
    <failure type="java.lang.AssertionError"><![CDATA[java.lang.AssertionError
	at org.junit.Assert.fail(Assert.java:87)
	at org.junit.Assert.assertTrue(Assert.java:42)
	at org.junit.Assert.assertTrue(Assert.java:53)
	at org.apache.hadoop.ozone.TestStorageContainerManager.testContainerReportQueueTakingMoreTime(TestStorageContainerManager.java:938)
	at sun.reflect.NativeMethodAccessorImpl.invoke0(Native Method)
	at sun.reflect.NativeMethodAccessorImpl.invoke(NativeMethodAccessorImpl.java:62)
	at sun.reflect.DelegatingMethodAccessorImpl.invoke(DelegatingMethodAccessorImpl.java:43)
	at java.lang.reflect.Method.invoke(Method.java:498)
	at org.junit.runners.model.FrameworkMethod$1.runReflectiveCall(FrameworkMethod.java:59)
	at org.junit.internal.runners.model.ReflectiveCallable.run(ReflectiveCallable.java:12)
	at org.junit.runners.model.FrameworkMethod.invokeExplosively(FrameworkMethod.java:56)
	at org.junit.internal.runners.statements.InvokeMethod.evaluate(InvokeMethod.java:17)
	at org.junit.internal.runners.statements.RunAfters.evaluate(RunAfters.java:27)
	at org.junit.rules.ExpectedException$ExpectedExceptionStatement.evaluate(ExpectedException.java:258)
	at org.junit.internal.runners.statements.FailOnTimeout$CallableStatement.call(FailOnTimeout.java:288)
	at org.junit.internal.runners.statements.FailOnTimeout$CallableStatement.call(FailOnTimeout.java:282)
	at java.util.concurrent.FutureTask.run(FutureTask.java:266)
	at java.lang.Thread.run(Thread.java:750)
]]></failure>
    <system-out><![CDATA[2023-04-21 06:18:21,215 [FixedThreadPoolWithAffinityExecutor-0-0] WARN  events.FixedThreadPoolWithAffinityExecutor (FixedThreadPoolWithAffinityExecutor.java:run(283)) - Event taken long execution time 1004 millisec, 731d293c-8ff0-45ea-bda1-c0c6e7ba9c07(null/null), {type: FCR, size: 0}
2023-04-21 06:18:22,216 [FixedThreadPoolWithAffinityExecutor-0-0] WARN  events.FixedThreadPoolWithAffinityExecutor (FixedThreadPoolWithAffinityExecutor.java:run(283)) - Event taken long execution time 2001 millisec, 78826243-1a26-47d7-8a94-f395c3808e25(null/null), {type: FCR, size: 0}
]]></system-out>
  </testcase>
  <testcase name="testScmProcessDatanodeHeartbeat" classname="org.apache.hadoop.ozone.TestStorageContainerManager" time="30.292">
    <system-out><![CDATA[2023-04-21 06:18:23,238 [Time-limited test] WARN  server.ServerUtils (ServerUtils.java:getScmDbDir(148)) - ozone.scm.db.dirs is not configured. We recommend adding this setting. Falling back to ozone.metadata.dirs instead.
2023-04-21 06:18:23,240 [Time-limited test] WARN  server.ServerUtils (ServerUtils.java:getScmDbDir(148)) - ozone.scm.db.dirs is not configured. We recommend adding this setting. Falling back to ozone.metadata.dirs instead.
2023-04-21 06:18:23,240 [Time-limited test] INFO  ha.SCMHANodeDetails (SCMHANodeDetails.java:loadSCMHAConfig(209)) - ServiceID for StorageContainerManager is null
2023-04-21 06:18:23,240 [Time-limited test] WARN  ha.SCMHANodeDetails (SCMHANodeDetails.java:validateSCMHAConfig(182)) - Invalid config ozone.scm.ratis.enable. The config was not specified, but the default value true conflicts with the expected config value false. Falling back to the expected value. Current State of SCM: SCM is running in Non-HA without Ratis Ratis SCM -> Non Ratis SCM or Non HA SCM -> HA SCM is not supported
2023-04-21 06:18:23,240 [Time-limited test] INFO  ha.SCMHANodeDetails (SCMHANodeDetails.java:loadSCMHAConfig(214)) - ozone.scm.default.service.id is not defined, falling back to ozone.scm.service.ids to find serviceID for StorageContainerManager if it is HA enabled cluster
2023-04-21 06:18:23,241 [Time-limited test] WARN  utils.HAUtils (HAUtils.java:getMetaDir(342)) - ozone.scm.db.dirs is not configured. We recommend adding this setting. Falling back to ozone.metadata.dirs instead.
2023-04-21 06:18:23,241 [Time-limited test] WARN  db.DBStoreBuilder (DBStoreBuilder.java:applyDBDefinition(182)) - ozone.scm.db.dirs is not configured. We recommend adding this setting. Falling back to ozone.metadata.dirs instead.
2023-04-21 06:18:23,344 [Time-limited test] INFO  net.NodeSchemaLoader (NodeSchemaLoader.java:loadSchemaFromFile(129)) - Loading schema from [jar:file:/home/runner/.m2/repository/org/apache/ozone/hdds-common/1.4.0-SNAPSHOT/hdds-common-1.4.0-SNAPSHOT.jar!/network-topology-default.xml]
2023-04-21 06:18:23,344 [Time-limited test] INFO  net.NodeSchemaLoader (NodeSchemaLoader.java:loadSchema(176)) - Loading network topology layer schema file
2023-04-21 06:18:23,347 [Time-limited test] INFO  upgrade.AbstractLayoutVersionManager (AbstractLayoutVersionManager.java:init(83)) - Initializing Layout version manager with metadata layout = WEBUI_PORTS_IN_DATANODEDETAILS (version = 6), software layout = WEBUI_PORTS_IN_DATANODEDETAILS (version = 6)
2023-04-21 06:18:23,391 [Time-limited test] INFO  reflections.Reflections (Reflections.java:scan(232)) - Reflections took 44 ms to scan 7 urls, producing 156 keys and 369 values 
2023-04-21 06:18:23,393 [Time-limited test] INFO  ha.SequenceIdGenerator (SequenceIdGenerator.java:upgradeToSequenceId(349)) - upgrade localId to 111677748019200000
2023-04-21 06:18:23,393 [Time-limited test] INFO  ha.SequenceIdGenerator (SequenceIdGenerator.java:upgradeToSequenceId(359)) - upgrade delTxnId to 0
2023-04-21 06:18:23,393 [Time-limited test] INFO  ha.SequenceIdGenerator (SequenceIdGenerator.java:upgradeToSequenceId(376)) - upgrade containerId to 0
2023-04-21 06:18:23,393 [Time-limited test] INFO  ha.SequenceIdGenerator (SequenceIdGenerator.java:<init>(220)) - Init the HA SequenceIdGenerator.
2023-04-21 06:18:23,394 [Time-limited test] WARN  server.ServerUtils (ServerUtils.java:sanitizeUserArgs(73)) - ozone.scm.stale.node.interval value = 300000 is larger than max = 100000 based on the key value of ozone.scm.heartbeat.thread.interval, reset to the max value 100000.
2023-04-21 06:18:23,394 [Time-limited test] WARN  server.ServerUtils (ServerUtils.java:sanitizeUserArgs(73)) - ozone.scm.stale.node.interval value = 300000 is larger than max = 100000 based on the key value of ozone.scm.heartbeat.thread.interval, reset to the max value 100000.
2023-04-21 06:18:23,397 [Time-limited test] INFO  node.SCMNodeManager (SCMNodeManager.java:<init>(156)) - Entering startup safe mode.
2023-04-21 06:18:23,398 [Time-limited test] INFO  Configuration.deprecation (Configuration.java:logDeprecation(1442)) - hadoop.configured.node.mapping is deprecated. Instead, use net.topology.configured.node.mapping
2023-04-21 06:18:23,398 [Time-limited test] INFO  algorithms.ContainerPlacementPolicyFactory (ContainerPlacementPolicyFactory.java:getPolicyInternal(86)) - Create container placement policy of type org.apache.hadoop.hdds.scm.container.placement.algorithms.SCMContainerPlacementRackAware
2023-04-21 06:18:23,398 [Time-limited test] INFO  algorithms.ContainerPlacementPolicyFactory (ContainerPlacementPolicyFactory.java:getPolicyInternal(86)) - Create container placement policy of type org.apache.hadoop.hdds.scm.container.placement.algorithms.SCMContainerPlacementRackScatter
2023-04-21 06:18:23,398 [Time-limited test] INFO  pipeline.PipelineStateManagerImpl (PipelineStateManagerImpl.java:initialize(78)) - No pipeline exists in current db
2023-04-21 06:18:23,398 [Time-limited test] INFO  algorithms.LeaderChoosePolicyFactory (LeaderChoosePolicyFactory.java:getPolicy(57)) - Create leader choose policy of type org.apache.hadoop.hdds.scm.pipeline.leader.choose.algorithms.MinLeaderCountChoosePolicy
2023-04-21 06:18:23,399 [Time-limited test] INFO  algorithms.ContainerPlacementPolicyFactory (ContainerPlacementPolicyFactory.java:getPolicyInternal(86)) - Create container placement policy of type org.apache.hadoop.hdds.scm.container.placement.algorithms.SCMContainerPlacementRackScatter
2023-04-21 06:18:23,399 [Time-limited test] INFO  ha.SCMServiceManager (SCMServiceManager.java:register(42)) - Registering service BackgroundPipelineCreator.
2023-04-21 06:18:23,399 [Time-limited test] INFO  pipeline.BackgroundPipelineCreator (BackgroundPipelineCreator.java:start(124)) - Starting RatisPipelineUtilsThread.
2023-04-21 06:18:23,399 [Time-limited test] INFO  BackgroundPipelineScrubber (BackgroundSCMService.java:start(68)) - Starting BackgroundPipelineScrubber Service.
2023-04-21 06:18:23,399 [Time-limited test] INFO  ha.SCMServiceManager (SCMServiceManager.java:register(42)) - Registering service BackgroundPipelineScrubber.
2023-04-21 06:18:23,399 [Time-limited test] INFO  ExpiredContainerReplicaOpScrubber (BackgroundSCMService.java:start(68)) - Starting ExpiredContainerReplicaOpScrubber Service.
2023-04-21 06:18:23,399 [Time-limited test] INFO  ha.SCMServiceManager (SCMServiceManager.java:register(42)) - Registering service ExpiredContainerReplicaOpScrubber.
2023-04-21 06:18:23,400 [Time-limited test] INFO  algorithms.PipelineChoosePolicyFactory (PipelineChoosePolicyFactory.java:createPipelineChoosePolicyFromClass(73)) - Create pipeline choose policy of type org.apache.hadoop.hdds.scm.pipeline.choose.algorithms.RandomPipelineChoosePolicy
2023-04-21 06:18:23,401 [Time-limited test] INFO  ha.SCMServiceManager (SCMServiceManager.java:register(42)) - Registering service SCMBlockDeletingService.
2023-04-21 06:18:23,401 [Time-limited test] INFO  replication.ReplicationManager (ReplicationManager.java:start(288)) - Starting Replication Monitor Thread.
2023-04-21 06:18:23,401 [Time-limited test] INFO  ha.SCMServiceManager (SCMServiceManager.java:register(42)) - Registering service ReplicationManager.
2023-04-21 06:18:23,402 [Time-limited test] INFO  safemode.ContainerSafeModeRule (ContainerSafeModeRule.java:<init>(89)) - containers with one replica threshold count 0
2023-04-21 06:18:23,402 [Time-limited test] INFO  safemode.HealthyPipelineSafeModeRule (HealthyPipelineSafeModeRule.java:initializeRule(169)) - Total pipeline count is 0, healthy pipeline threshold count is 1
2023-04-21 06:18:23,402 [Time-limited test] INFO  safemode.OneReplicaPipelineSafeModeRule (OneReplicaPipelineSafeModeRule.java:initializeRule(180)) - Total pipeline count is 0, pipeline's with at least one datanode reported threshold count is 0
2023-04-21 06:18:23,402 [Time-limited test] INFO  server.StorageContainerManager (StorageContainerManager.java:<init>(402)) - SCM start with adminUsers: [runner]
2023-04-21 06:18:23,402 [Time-limited test] INFO  ipc.CallQueueManager (CallQueueManager.java:<init>(90)) - Using callQueue: class java.util.concurrent.LinkedBlockingQueue, queueCapacity: 2000, scheduler: class org.apache.hadoop.ipc.DefaultRpcScheduler, ipcBackoff: false.
2023-04-21 06:18:23,403 [Socket Reader #1 for port 0] INFO  ipc.Server (Server.java:run(1319)) - Starting Socket Reader #1 for port 0
2023-04-21 06:18:23,404 [Listener at 0.0.0.0/44857] INFO  ipc.CallQueueManager (CallQueueManager.java:<init>(90)) - Using callQueue: class java.util.concurrent.LinkedBlockingQueue, queueCapacity: 2000, scheduler: class org.apache.hadoop.ipc.DefaultRpcScheduler, ipcBackoff: false.
2023-04-21 06:18:23,404 [Socket Reader #1 for port 0] INFO  ipc.Server (Server.java:run(1319)) - Starting Socket Reader #1 for port 0
2023-04-21 06:18:23,405 [Listener at 0.0.0.0/33177] INFO  ipc.CallQueueManager (CallQueueManager.java:<init>(90)) - Using callQueue: class java.util.concurrent.LinkedBlockingQueue, queueCapacity: 2000, scheduler: class org.apache.hadoop.ipc.DefaultRpcScheduler, ipcBackoff: false.
2023-04-21 06:18:23,405 [Socket Reader #1 for port 0] INFO  ipc.Server (Server.java:run(1319)) - Starting Socket Reader #1 for port 0
2023-04-21 06:18:23,410 [ReplicationMonitor] INFO  replication.ReplicationManager (ReplicationManager.java:processAll(363)) - Replication Manager is not ready to run until 3000ms after safemode exit
2023-04-21 06:18:23,411 [Listener at 0.0.0.0/43551] INFO  ha.SCMServiceManager (SCMServiceManager.java:register(42)) - Registering service ContainerBalancer.
2023-04-21 06:18:23,411 [Listener at 0.0.0.0/43551] INFO  server.StorageContainerManager (StorageContainerManager.java:<init>(419)) - 
Container Balancer status:
Key                            Value
Running                        false
Container Balancer Configuration values:
Key                                                Value
Threshold                                          10
Max Datanodes to Involve per Iteration(percent)    20
Max Size to Move per Iteration                     500GB
Max Size Entering Target per Iteration             26GB
Max Size Leaving Source per Iteration              26GB

2023-04-21 06:18:23,411 [Listener at 0.0.0.0/43551] INFO  ha.SCMContext (SCMContext.java:updateSafeModeStatus(228)) - Update SafeModeStatus from SafeModeStatus{safeModeStatus=true, preCheckPassed=false} to SafeModeStatus{safeModeStatus=true, preCheckPassed=false}.
2023-04-21 06:18:23,413 [Listener at 0.0.0.0/43551] INFO  server.StorageContainerManager (StorageContainerManager.java:start(1476)) - StorageContainerLocationProtocol RPC server is listening at /0.0.0.0:43551
2023-04-21 06:18:23,415 [Listener at 0.0.0.0/43551] WARN  impl.MetricsConfig (MetricsConfig.java:loadFirst(136)) - Cannot locate configuration: tried hadoop-metrics2-storagecontainermanager.properties,hadoop-metrics2.properties
2023-04-21 06:18:23,415 [Listener at 0.0.0.0/43551] INFO  impl.MetricsSystemImpl (MetricsSystemImpl.java:startTimer(378)) - Scheduled Metric snapshot period at 10 second(s).
2023-04-21 06:18:23,415 [Listener at 0.0.0.0/43551] INFO  impl.MetricsSystemImpl (MetricsSystemImpl.java:start(191)) - StorageContainerManager metrics system started
2023-04-21 06:18:23,418 [Listener at 0.0.0.0/43551] INFO  impl.MetricsSinkAdapter (MetricsSinkAdapter.java:start(204)) - Sink prometheus started
2023-04-21 06:18:23,418 [Listener at 0.0.0.0/43551] INFO  impl.MetricsSystemImpl (MetricsSystemImpl.java:registerSink(305)) - Registered sink prometheus
2023-04-21 06:18:23,439 [Listener at 0.0.0.0/43551] INFO  server.SCMClientProtocolServer (SCMClientProtocolServer.java:start(197)) - RPC server for Client  is listening at /0.0.0.0:43551
2023-04-21 06:18:23,439 [IPC Server Responder] INFO  ipc.Server (Server.java:run(1558)) - IPC Server Responder: starting
2023-04-21 06:18:23,444 [IPC Server listener on 0] INFO  ipc.Server (Server.java:run(1398)) - IPC Server listener on 0: starting
2023-04-21 06:18:23,446 [Listener at 0.0.0.0/43551] INFO  server.StorageContainerManager (StorageContainerManager.java:start(1490)) - ScmBlockLocationProtocol RPC server is listening at /0.0.0.0:33177
2023-04-21 06:18:23,446 [Listener at 0.0.0.0/43551] INFO  server.SCMBlockProtocolServer (SCMBlockProtocolServer.java:start(152)) - RPC server for Block Protocol is listening at /0.0.0.0:33177
2023-04-21 06:18:23,446 [IPC Server Responder] INFO  ipc.Server (Server.java:run(1558)) - IPC Server Responder: starting
2023-04-21 06:18:23,446 [IPC Server listener on 0] INFO  ipc.Server (Server.java:run(1398)) - IPC Server listener on 0: starting
2023-04-21 06:18:23,450 [Listener at 0.0.0.0/43551] INFO  server.SCMDatanodeProtocolServer (SCMDatanodeProtocolServer.java:start(193)) - ScmDatanodeProtocol RPC server for DataNodes is listening at /0.0.0.0:44857
2023-04-21 06:18:23,450 [IPC Server Responder] INFO  ipc.Server (Server.java:run(1558)) - IPC Server Responder: starting
2023-04-21 06:18:23,454 [Listener at 0.0.0.0/43551] INFO  http.BaseHttpServer (BaseHttpServer.java:newHttpServer2BuilderForOzone(224)) - Starting Web-server for scm at: http://0.0.0.0:0
2023-04-21 06:18:23,454 [Listener at 0.0.0.0/43551] INFO  http.BaseHttpServer (BaseHttpServer.java:<init>(111)) - Hadoop Security Enabled: false Ozone Security Enabled: false Ozone HTTP Security Enabled: false 
2023-04-21 06:18:23,455 [org.apache.hadoop.util.JvmPauseMonitor$Monitor@730f14c1] INFO  util.JvmPauseMonitor (JvmPauseMonitor.java:run(188)) - Starting JVM pause monitor
2023-04-21 06:18:23,455 [Listener at 0.0.0.0/43551] WARN  server.AuthenticationFilter (AuthenticationFilter.java:constructSecretProvider(240)) - Unable to initialize FileSignerSecretProvider, falling back to use random secrets. Reason: Could not read signature secret file: /home/runner/hadoop-http-auth-signature-secret
2023-04-21 06:18:23,456 [Listener at 0.0.0.0/43551] INFO  http.HttpRequestLog (HttpRequestLog.java:getRequestLog(86)) - Http request log for http.requests.scm is not defined
2023-04-21 06:18:23,457 [Listener at 0.0.0.0/43551] INFO  http.HttpServer2 (HttpServer2.java:addGlobalFilter(1031)) - Added global filter 'safety' (class=org.apache.hadoop.hdds.server.http.HttpServer2$QuotingInputFilter)
2023-04-21 06:18:23,457 [Listener at 0.0.0.0/43551] INFO  http.HttpServer2 (HttpServer2.java:addFilter(1007)) - Added filter static_user_filter (class=org.apache.hadoop.http.lib.StaticUserWebFilter$StaticUserFilter) to context scm
2023-04-21 06:18:23,457 [Listener at 0.0.0.0/43551] INFO  http.HttpServer2 (HttpServer2.java:addFilter(1015)) - Added filter static_user_filter (class=org.apache.hadoop.http.lib.StaticUserWebFilter$StaticUserFilter) to context static
2023-04-21 06:18:23,457 [Listener at 0.0.0.0/43551] INFO  http.HttpServer2 (HttpServer2.java:addFilter(1015)) - Added filter static_user_filter (class=org.apache.hadoop.http.lib.StaticUserWebFilter$StaticUserFilter) to context logs
2023-04-21 06:18:23,458 [IPC Server listener on 0] INFO  ipc.Server (Server.java:run(1398)) - IPC Server listener on 0: starting
2023-04-21 06:18:23,458 [Listener at 0.0.0.0/43551] INFO  http.BaseHttpServer (BaseHttpServer.java:<init>(190)) - HTTP server of scm uses base directory /home/runner/work/ozone/ozone/hadoop-ozone/integration-test/target/test-dir/MiniOzoneClusterImpl-5df7d698-6c9a-4a75-b3ca-6c6997f7fa13/ozone-meta/webserver
2023-04-21 06:18:23,458 [Listener at 0.0.0.0/43551] INFO  http.HttpServer2 (HttpServer2.java:bindListener(1250)) - Jetty bound to port 46733
2023-04-21 06:18:23,458 [Listener at 0.0.0.0/43551] INFO  server.Server (Server.java:doStart(375)) - jetty-9.4.49.v20220914; built: 2022-09-14T01:07:36.601Z; git: 4231a3b2e4cb8548a412a789936d640a97b1aa0a; jvm 1.8.0_362-b09
2023-04-21 06:18:23,467 [Listener at 0.0.0.0/43551] INFO  server.session (DefaultSessionIdManager.java:doStart(334)) - DefaultSessionIdManager workerName=node0
2023-04-21 06:18:23,468 [Listener at 0.0.0.0/43551] INFO  server.session (DefaultSessionIdManager.java:doStart(339)) - No SessionScavenger set, using defaults
2023-04-21 06:18:23,468 [Listener at 0.0.0.0/43551] INFO  server.session (HouseKeeper.java:startScavenging(132)) - node0 Scavenging every 660000ms
2023-04-21 06:18:23,469 [Listener at 0.0.0.0/43551] INFO  handler.ContextHandler (ContextHandler.java:doStart(921)) - Started o.e.j.s.ServletContextHandler@744a1d4c{logs,/logs,file:///home/runner/work/ozone/ozone/hadoop-ozone/integration-test/target/log,AVAILABLE}
2023-04-21 06:18:23,469 [Listener at 0.0.0.0/43551] INFO  handler.ContextHandler (ContextHandler.java:doStart(921)) - Started o.e.j.s.ServletContextHandler@3b1edaff{static,/static,file:///home/runner/work/ozone/ozone/hadoop-ozone/integration-test/target/test-classes/webapps/static,AVAILABLE}
2023-04-21 06:18:23,472 [Listener at 0.0.0.0/43551] INFO  handler.ContextHandler (ContextHandler.java:doStart(921)) - Started o.e.j.w.WebAppContext@6a83173f{scm,/,file:///home/runner/work/ozone/ozone/hadoop-ozone/integration-test/target/test-classes/webapps/scm/,AVAILABLE}{file:/home/runner/work/ozone/ozone/hadoop-ozone/integration-test/target/test-classes/webapps/scm}
2023-04-21 06:18:23,473 [Listener at 0.0.0.0/43551] INFO  server.AbstractConnector (AbstractConnector.java:doStart(333)) - Started ServerConnector@78fde17f{HTTP/1.1, (http/1.1)}{0.0.0.0:46733}
2023-04-21 06:18:23,473 [Listener at 0.0.0.0/43551] INFO  server.Server (Server.java:doStart(415)) - Started @186163ms
2023-04-21 06:18:23,473 [Listener at 0.0.0.0/43551] WARN  impl.MetricsSystemImpl (MetricsSystemImpl.java:register(279)) - Sink prometheus already exists!
2023-04-21 06:18:23,473 [Listener at 0.0.0.0/43551] INFO  http.BaseHttpServer (BaseHttpServer.java:updateConnectorAddress(344)) - HTTP server of scm listening at http://0.0.0.0:46733
2023-04-21 06:18:23,474 [Listener at 0.0.0.0/43551] WARN  server.ServerUtils (ServerUtils.java:getDBPath(225)) - ozone.om.db.dirs is not configured. We recommend adding this setting. Falling back to ozone.metadata.dirs instead.
2023-04-21 06:18:23,475 [Listener at 0.0.0.0/43551] INFO  ha.OMHANodeDetails (OMHANodeDetails.java:loadOMHAConfig(115)) - ozone.om.internal.service.id is not defined, falling back to ozone.om.service.ids to find serviceID for OzoneManager if it is HA enabled cluster
2023-04-21 06:18:23,475 [Listener at 0.0.0.0/43551] INFO  ha.OMHANodeDetails (OMHANodeDetails.java:loadOMHAConfig(226)) - Configuration does not have ozone.om.address set. Falling back to the default OM address /127.0.0.1:0
2023-04-21 06:18:23,475 [Listener at 0.0.0.0/43551] INFO  ha.OMHANodeDetails (OMHANodeDetails.java:getOMNodeDetailsForNonHA(254)) - OM Service ID is not set. Setting it to the default ID: omServiceIdDefault
2023-04-21 06:18:23,475 [Listener at 0.0.0.0/43551] INFO  ha.OMHANodeDetails (OMHANodeDetails.java:getOMNodeDetailsForNonHA(261)) - OM Node ID is not set. Setting it to the default ID: om1
2023-04-21 06:18:23,476 [Listener at 0.0.0.0/43551] WARN  server.ServerUtils (ServerUtils.java:getDBPath(225)) - ozone.om.db.dirs is not configured. We recommend adding this setting. Falling back to ozone.metadata.dirs instead.
2023-04-21 06:18:23,477 [Listener at 0.0.0.0/43551] INFO  upgrade.AbstractLayoutVersionManager (AbstractLayoutVersionManager.java:init(83)) - Initializing Layout version manager with metadata layout = HSYNC (version = 4), software layout = HSYNC (version = 4)
2023-04-21 06:18:23,557 [Listener at 0.0.0.0/43551] INFO  reflections.Reflections (Reflections.java:scan(232)) - Reflections took 80 ms to scan 2 urls, producing 171 keys and 477 values [using 2 cores]
2023-04-21 06:18:23,557 [Listener at 0.0.0.0/43551] INFO  upgrade.OMLayoutVersionManager (OMLayoutVersionManager.java:lambda$0(115)) - Skipping Upgrade Action MockOmUpgradeAction since it has been finalized.
2023-04-21 06:18:23,557 [Listener at 0.0.0.0/43551] WARN  server.ServerUtils (ServerUtils.java:getDBPath(225)) - ozone.om.db.dirs is not configured. We recommend adding this setting. Falling back to ozone.metadata.dirs instead.
2023-04-21 06:18:23,558 [Listener at 0.0.0.0/43551] INFO  proxy.SCMBlockLocationFailoverProxyProvider (SCMBlockLocationFailoverProxyProvider.java:<init>(114)) - Created block location fail-over proxy with 1 nodes: [nodeId=scmNodeId,nodeAddress=/0.0.0.0:33177]
2023-04-21 06:18:23,559 [Listener at 0.0.0.0/43551] INFO  proxy.SCMBlockLocationFailoverProxyProvider (SCMBlockLocationFailoverProxyProvider.java:<init>(114)) - Created block location fail-over proxy with 1 nodes: [nodeId=scmNodeId,nodeAddress=/0.0.0.0:33177]
2023-04-21 06:18:23,565 [Listener at 0.0.0.0/43551] INFO  om.OzoneManager (OzoneManager.java:<init>(627)) - OM start with adminUsers: [runner]
2023-04-21 06:18:23,565 [Listener at 0.0.0.0/43551] WARN  server.ServerUtils (ServerUtils.java:getDBPath(225)) - ozone.om.db.dirs is not configured. We recommend adding this setting. Falling back to ozone.metadata.dirs instead.
2023-04-21 06:18:23,566 [Listener at 0.0.0.0/43551] INFO  codec.OmKeyInfoCodec (OmKeyInfoCodec.java:<init>(49)) - OmKeyInfoCodec ignorePipeline = true
2023-04-21 06:18:23,566 [Listener at 0.0.0.0/43551] INFO  codec.RepeatedOmKeyInfoCodec (RepeatedOmKeyInfoCodec.java:<init>(41)) - RepeatedOmKeyInfoCodec ignorePipeline = true
2023-04-21 06:18:23,752 [Listener at 0.0.0.0/43551] INFO  om.OzoneManager (OzoneManager.java:instantiateServices(757)) - S3 Multi-Tenancy is disabled
2023-04-21 06:18:23,752 [Listener at 0.0.0.0/43551] WARN  server.ServerUtils (ServerUtils.java:getDBPath(225)) - ozone.om.snapshot.diff.db.dir is not configured. We recommend adding this setting. Falling back to ozone.metadata.dirs instead.
2023-04-21 06:18:23,788 [Listener at 0.0.0.0/43551] INFO  om.OzoneManager (OzoneManager.java:addS3GVolumeToDB(4257)) - Created Volume s3v With Owner runner required for S3Gateway operations.
2023-04-21 06:18:23,788 [Listener at 0.0.0.0/43551] WARN  server.ServerUtils (ServerUtils.java:getDefaultRatisDirectory(237)) - Storage directory for Ratis is not configured. It is a good idea to map this to an SSD disk. Falling back to ozone.metadata.dirs
2023-04-21 06:18:23,788 [Listener at 0.0.0.0/43551] WARN  utils.OzoneManagerRatisUtils (OzoneManagerRatisUtils.java:getOMRatisSnapshotDirectory(459)) - ozone.om.ratis.snapshot.dir is not configured. Falling back to ozone.metadata.dirs config
2023-04-21 06:18:23,788 [Listener at 0.0.0.0/43551] WARN  server.ServerUtils (ServerUtils.java:getDefaultRatisDirectory(237)) - Storage directory for Ratis is not configured. It is a good idea to map this to an SSD disk. Falling back to ozone.metadata.dirs
2023-04-21 06:18:23,789 [Listener at 0.0.0.0/43551] INFO  ratis.OzoneManagerRatisServer (OzoneManagerRatisServer.java:<init>(163)) - Instantiating OM Ratis server with groupID: omServiceIdDefault and peers: localhost:9872
2023-04-21 06:18:23,789 [Listener at 0.0.0.0/43551] INFO  ratis.OzoneManagerStateMachine (OzoneManagerStateMachine.java:loadSnapshotInfoFromDB(644)) - LastAppliedIndex is set from TransactionInfo from OM DB as (t:0, i:~)
2023-04-21 06:18:23,789 [Listener at 0.0.0.0/43551] INFO  server.RaftServer (ConfUtils.java:logGet(46)) - raft.rpc.type = GRPC (default)
2023-04-21 06:18:23,790 [Listener at 0.0.0.0/43551] INFO  grpc.GrpcConfigKeys (ConfUtils.java:logFallback(53)) - raft.grpc.admin.host = null (fallback to raft.grpc.server.host)
2023-04-21 06:18:23,790 [Listener at 0.0.0.0/43551] INFO  grpc.GrpcConfigKeys (ConfUtils.java:logFallback(53)) - raft.grpc.admin.port = 9872 (fallback to raft.grpc.server.port)
2023-04-21 06:18:23,790 [Listener at 0.0.0.0/43551] INFO  grpc.GrpcConfigKeys (ConfUtils.java:logFallback(53)) - raft.grpc.client.host = null (fallback to raft.grpc.server.host)
2023-04-21 06:18:23,790 [Listener at 0.0.0.0/43551] INFO  grpc.GrpcConfigKeys (ConfUtils.java:logFallback(53)) - raft.grpc.client.port = 9872 (fallback to raft.grpc.server.port)
2023-04-21 06:18:23,790 [Listener at 0.0.0.0/43551] INFO  grpc.GrpcConfigKeys (ConfUtils.java:logGet(46)) - raft.grpc.server.host = null (default)
2023-04-21 06:18:23,790 [Listener at 0.0.0.0/43551] INFO  grpc.GrpcConfigKeys (ConfUtils.java:logGet(46)) - raft.grpc.server.port = 9872 (custom)
2023-04-21 06:18:23,790 [Listener at 0.0.0.0/43551] INFO  server.GrpcService (ConfUtils.java:logGet(46)) - raft.grpc.message.size.max = 33554432 (custom)
2023-04-21 06:18:23,790 [Listener at 0.0.0.0/43551] INFO  server.RaftServerConfigKeys (ConfUtils.java:logGet(46)) - raft.server.log.appender.buffer.byte-limit = 33554432 (custom)
2023-04-21 06:18:23,790 [Listener at 0.0.0.0/43551] INFO  server.GrpcService (ConfUtils.java:logGet(46)) - raft.grpc.flow.control.window = 1MB (=1048576) (default)
2023-04-21 06:18:23,790 [Listener at 0.0.0.0/43551] INFO  server.RaftServerConfigKeys (ConfUtils.java:logGet(46)) - raft.server.rpc.request.timeout = 3000ms (default)
2023-04-21 06:18:23,790 [Listener at 0.0.0.0/43551] INFO  grpc.GrpcConfigKeys (ConfUtils.java:logGet(46)) - raft.grpc.server.heartbeat.channel = true (default)
2023-04-21 06:18:23,790 [Listener at 0.0.0.0/43551] INFO  grpc.GrpcConfigKeys (ConfUtils.java:logGet(46)) - raft.grpc.server.async.request.thread.pool.cached = true (default)
2023-04-21 06:18:23,790 [Listener at 0.0.0.0/43551] INFO  grpc.GrpcConfigKeys (ConfUtils.java:logGet(46)) - raft.grpc.server.async.request.thread.pool.size = 32 (default)
2023-04-21 06:18:23,792 [Listener at 0.0.0.0/43551] INFO  impl.DataStreamServerImpl (ConfUtils.java:logGet(46)) - raft.datastream.type = DISABLED (default)
2023-04-21 06:18:23,792 [Listener at 0.0.0.0/43551] INFO  server.RaftServerConfigKeys (ConfUtils.java:logGet(46)) - raft.server.threadpool.proxy.cached = true (default)
2023-04-21 06:18:23,792 [Listener at 0.0.0.0/43551] INFO  server.RaftServerConfigKeys (ConfUtils.java:logGet(46)) - raft.server.threadpool.proxy.size = 0 (default)
2023-04-21 06:18:23,792 [Listener at 0.0.0.0/43551] INFO  server.RaftServerConfigKeys (ConfUtils.java:logGet(46)) - raft.server.rpc.slowness.timeout = 120s (custom)
2023-04-21 06:18:23,792 [Listener at 0.0.0.0/43551] INFO  server.RaftServerConfigKeys (ConfUtils.java:logGet(46)) - raft.server.leaderelection.leader.step-down.wait-time = 10s (default)
2023-04-21 06:18:23,792 [Listener at 0.0.0.0/43551] INFO  server.RaftServerConfigKeys (ConfUtils.java:logGet(46)) - raft.server.storage.dir = [/home/runner/work/ozone/ozone/hadoop-ozone/integration-test/target/test-dir/MiniOzoneClusterImpl-5df7d698-6c9a-4a75-b3ca-6c6997f7fa13/ozone-meta/ratis] (custom)
2023-04-21 06:18:23,793 [Listener at 0.0.0.0/43551] INFO  server.RaftServer (RaftServerProxy.java:addNew(96)) - om1: addNew group-C5BA1605619E:[om1|rpc:localhost:9872|priority:0|startupRole:FOLLOWER] returns group-C5BA1605619E:java.util.concurrent.CompletableFuture@509e6362[Not completed]
2023-04-21 06:18:23,793 [Listener at 0.0.0.0/43551] INFO  om.OzoneManager (OzoneManager.java:initializeRatisServer(2095)) - OzoneManager Ratis server initialized at port 9872
2023-04-21 06:18:23,793 [Listener at 0.0.0.0/43551] INFO  om.OzoneManager (OzoneManager.java:getRpcServer(1142)) - Creating RPC Server
2023-04-21 06:18:23,794 [pool-1071-thread-1] INFO  server.RaftServer$Division (RaftServerImpl.java:<init>(195)) - om1: new RaftServerImpl for group-C5BA1605619E:[om1|rpc:localhost:9872|priority:0|startupRole:FOLLOWER] with OzoneManagerStateMachine:uninitialized
2023-04-21 06:18:23,794 [pool-1071-thread-1] INFO  server.RaftServerConfigKeys (ConfUtils.java:logGet(46)) - raft.server.rpc.timeout.min = 1s (custom)
2023-04-21 06:18:23,794 [pool-1071-thread-1] INFO  server.RaftServerConfigKeys (ConfUtils.java:logGet(46)) - raft.server.rpc.timeout.max = 1200ms (custom)
2023-04-21 06:18:23,794 [pool-1071-thread-1] INFO  server.RaftServerConfigKeys (ConfUtils.java:logGet(46)) - raft.server.rpc.sleep.time = 25ms (default)
2023-04-21 06:18:23,794 [pool-1071-thread-1] INFO  server.RaftServerConfigKeys (ConfUtils.java:logGet(46)) - raft.server.rpc.slowness.timeout = 120s (custom)
2023-04-21 06:18:23,794 [pool-1071-thread-1] INFO  server.RaftServerConfigKeys (ConfUtils.java:logGet(46)) - raft.server.leaderelection.leader.step-down.wait-time = 10s (default)
2023-04-21 06:18:23,794 [pool-1071-thread-1] INFO  server.RaftServerConfigKeys (ConfUtils.java:logGet(46)) - raft.server.sleep.deviation.threshold = 300ms (default)
2023-04-21 06:18:23,794 [pool-1071-thread-1] INFO  server.RaftServer$Division (ServerState.java:<init>(118)) - om1@group-C5BA1605619E: ConfigurationManager, init=-1: peers:[om1|rpc:localhost:9872|priority:0|startupRole:FOLLOWER]|listeners:[], old=null, confs=<EMPTY_MAP>
2023-04-21 06:18:23,794 [pool-1071-thread-1] INFO  server.RaftServerConfigKeys (ConfUtils.java:logGet(46)) - raft.server.storage.dir = [/home/runner/work/ozone/ozone/hadoop-ozone/integration-test/target/test-dir/MiniOzoneClusterImpl-5df7d698-6c9a-4a75-b3ca-6c6997f7fa13/ozone-meta/ratis] (custom)
2023-04-21 06:18:23,794 [pool-1071-thread-1] INFO  server.RaftServerConfigKeys (ConfUtils.java:logGet(46)) - raft.server.log.corruption.policy = EXCEPTION (default)
2023-04-21 06:18:23,794 [pool-1071-thread-1] INFO  server.RaftServerConfigKeys (ConfUtils.java:logGet(46)) - raft.server.storage.free-space.min = 0MB (=0) (default)
2023-04-21 06:18:23,794 [pool-1071-thread-1] INFO  server.RaftServerConfigKeys (ConfUtils.java:logGet(46)) - raft.server.notification.no-leader.timeout = 120s (custom)
2023-04-21 06:18:23,794 [pool-1071-thread-1] INFO  server.RaftServerConfigKeys (ConfUtils.java:logGet(46)) - raft.server.retrycache.expirytime = 300s (custom)
2023-04-21 06:18:23,794 [pool-1071-thread-1] INFO  server.RaftServerConfigKeys (ConfUtils.java:logGet(46)) - raft.server.retrycache.statistics.expirytime = 100μs (default)
2023-04-21 06:18:23,795 [pool-1071-thread-1] INFO  server.RaftServerConfigKeys (ConfUtils.java:logGet(46)) - raft.server.log.appender.install.snapshot.enabled = false (custom)
2023-04-21 06:18:23,795 [pool-1071-thread-1] INFO  server.RaftServerConfigKeys (ConfUtils.java:logGet(46)) - raft.server.threadpool.server.cached = true (default)
2023-04-21 06:18:23,795 [pool-1071-thread-1] INFO  server.RaftServerConfigKeys (ConfUtils.java:logGet(46)) - raft.server.threadpool.server.size = 0 (default)
2023-04-21 06:18:23,795 [pool-1071-thread-1] INFO  server.RaftServerConfigKeys (ConfUtils.java:logGet(46)) - raft.server.threadpool.client.cached = true (default)
2023-04-21 06:18:23,795 [pool-1071-thread-1] INFO  server.RaftServerConfigKeys (ConfUtils.java:logGet(46)) - raft.server.threadpool.client.size = 0 (default)
2023-04-21 06:18:24,161 [Listener at 0.0.0.0/43551] INFO  reflections.Reflections (Reflections.java:scan(232)) - Reflections took 368 ms to scan 19 urls, producing 68 keys and 5070 values [using 2 cores]
2023-04-21 06:18:24,163 [Listener at 0.0.0.0/43551] INFO  ipc.CallQueueManager (CallQueueManager.java:<init>(90)) - Using callQueue: class java.util.concurrent.LinkedBlockingQueue, queueCapacity: 2000, scheduler: class org.apache.hadoop.ipc.DefaultRpcScheduler, ipcBackoff: false.
2023-04-21 06:18:24,172 [Socket Reader #1 for port 0] INFO  ipc.Server (Server.java:run(1319)) - Starting Socket Reader #1 for port 0
2023-04-21 06:18:24,182 [Listener at 127.0.0.1/41999] INFO  impl.MetricsSystemImpl (MetricsSystemImpl.java:init(158)) - OzoneManager metrics system started (again)
2023-04-21 06:18:24,192 [Listener at 127.0.0.1/41999] INFO  om.OzoneManager (OzoneManager.java:start(1563)) - OzoneManager RPC server is listening at localhost/127.0.0.1:41999
2023-04-21 06:18:24,192 [Listener at 127.0.0.1/41999] INFO  ratis.OzoneManagerRatisServer (OzoneManagerRatisServer.java:start(558)) - Starting OzoneManagerRatisServer om1 at port 9872
2023-04-21 06:18:24,192 [om1-impl-thread1] INFO  storage.RaftStorageDirectory (RaftStorageDirectoryImpl.java:analyzeStorage(137)) - The storage directory /home/runner/work/ozone/ozone/hadoop-ozone/integration-test/target/test-dir/MiniOzoneClusterImpl-5df7d698-6c9a-4a75-b3ca-6c6997f7fa13/ozone-meta/ratis/bf265839-605b-3f16-9796-c5ba1605619e does not exist. Creating ...
2023-04-21 06:18:24,194 [om1-impl-thread1] INFO  storage.RaftStorageDirectory (RaftStorageDirectoryImpl.java:tryLock(231)) - Lock on /home/runner/work/ozone/ozone/hadoop-ozone/integration-test/target/test-dir/MiniOzoneClusterImpl-5df7d698-6c9a-4a75-b3ca-6c6997f7fa13/ozone-meta/ratis/bf265839-605b-3f16-9796-c5ba1605619e/in_use.lock acquired by nodename 2764@fv-az205-422
2023-04-21 06:18:24,196 [om1-impl-thread1] INFO  storage.RaftStorage (RaftStorageImpl.java:format(96)) - Storage directory /home/runner/work/ozone/ozone/hadoop-ozone/integration-test/target/test-dir/MiniOzoneClusterImpl-5df7d698-6c9a-4a75-b3ca-6c6997f7fa13/ozone-meta/ratis/bf265839-605b-3f16-9796-c5ba1605619e has been successfully formatted.
2023-04-21 06:18:24,196 [om1-impl-thread1] INFO  server.RaftServerConfigKeys (ConfUtils.java:logGet(46)) - raft.server.log.use.memory = false (default)
2023-04-21 06:18:24,196 [om1-impl-thread1] INFO  server.RaftServerConfigKeys (ConfUtils.java:logGet(46)) - raft.server.log.purge.gap = 1000000 (custom)
2023-04-21 06:18:24,196 [om1-impl-thread1] INFO  server.RaftServerConfigKeys (ConfUtils.java:logGet(46)) - raft.server.log.appender.buffer.byte-limit = 33554432 (custom)
2023-04-21 06:18:24,196 [om1-impl-thread1] INFO  server.RaftServerConfigKeys (ConfUtils.java:logGet(46)) - raft.server.log.statemachine.data.read.timeout = 1000ms (default)
2023-04-21 06:18:24,196 [om1-impl-thread1] INFO  server.RaftServerConfigKeys (ConfUtils.java:logGet(46)) - raft.server.log.purge.preservation.log.num = 0 (default)
2023-04-21 06:18:24,196 [om1-impl-thread1] INFO  server.RaftServerConfigKeys (ConfUtils.java:logGet(46)) - raft.server.log.segment.size.max = 4194304 (custom)
2023-04-21 06:18:24,196 [om1-impl-thread1] INFO  server.RaftServerConfigKeys (ConfUtils.java:logGet(46)) - raft.server.log.segment.cache.num.max = 2 (custom)
2023-04-21 06:18:24,197 [om1-impl-thread1] INFO  server.RaftServerConfigKeys (ConfUtils.java:logGet(46)) - raft.server.log.segment.cache.size.max = 200MB (=209715200) (default)
2023-04-21 06:18:24,197 [om1-impl-thread1] INFO  segmented.SegmentedRaftLogWorker (SegmentedRaftLogWorker.java:<init>(189)) - new om1@group-C5BA1605619E-SegmentedRaftLogWorker for RaftStorageImpl:Storage Directory /home/runner/work/ozone/ozone/hadoop-ozone/integration-test/target/test-dir/MiniOzoneClusterImpl-5df7d698-6c9a-4a75-b3ca-6c6997f7fa13/ozone-meta/ratis/bf265839-605b-3f16-9796-c5ba1605619e
2023-04-21 06:18:24,197 [om1-impl-thread1] INFO  server.RaftServerConfigKeys (ConfUtils.java:logGet(46)) - raft.server.log.queue.byte-limit = 64MB (=67108864) (default)
2023-04-21 06:18:24,197 [om1-impl-thread1] INFO  server.RaftServerConfigKeys (ConfUtils.java:logGet(46)) - raft.server.log.queue.element-limit = 4096 (default)
2023-04-21 06:18:24,197 [om1-impl-thread1] INFO  server.RaftServerConfigKeys (ConfUtils.java:logGet(46)) - raft.server.log.segment.size.max = 4194304 (custom)
2023-04-21 06:18:24,197 [om1-impl-thread1] INFO  server.RaftServerConfigKeys (ConfUtils.java:logGet(46)) - raft.server.log.preallocated.size = 4194304 (custom)
2023-04-21 06:18:24,197 [om1-impl-thread1] INFO  server.RaftServerConfigKeys (ConfUtils.java:logGet(46)) - raft.server.log.force.sync.num = 128 (default)
2023-04-21 06:18:24,197 [om1-impl-thread1] INFO  server.RaftServerConfigKeys (ConfUtils.java:logGet(46)) - raft.server.log.statemachine.data.sync = true (default)
2023-04-21 06:18:24,197 [om1-impl-thread1] INFO  server.RaftServerConfigKeys (ConfUtils.java:logGet(46)) - raft.server.log.statemachine.data.sync.timeout = 10s (default)
2023-04-21 06:18:24,197 [om1-impl-thread1] INFO  server.RaftServerConfigKeys (ConfUtils.java:logGet(46)) - raft.server.log.statemachine.data.sync.timeout.retry = -1 (default)
2023-04-21 06:18:24,197 [om1-impl-thread1] INFO  server.RaftServerConfigKeys (ConfUtils.java:logGet(46)) - raft.server.log.write.buffer.size = 64KB (=65536) (default)
2023-04-21 06:18:24,197 [om1-impl-thread1] INFO  server.RaftServerConfigKeys (ConfUtils.java:logGet(46)) - raft.server.log.appender.buffer.byte-limit = 33554432 (custom)
2023-04-21 06:18:24,202 [om1-impl-thread1] INFO  server.RaftServerConfigKeys (ConfUtils.java:logGet(46)) - raft.server.log.unsafe-flush.enabled = false (default)
2023-04-21 06:18:24,202 [om1-impl-thread1] INFO  server.RaftServerConfigKeys (ConfUtils.java:logGet(46)) - raft.server.log.async-flush.enabled = false (default)
2023-04-21 06:18:24,202 [om1-impl-thread1] INFO  server.RaftServerConfigKeys (ConfUtils.java:logGet(46)) - raft.server.log.statemachine.data.caching.enabled = false (default)
2023-04-21 06:18:24,202 [om1-impl-thread1] INFO  segmented.SegmentedRaftLogWorker (SegmentedRaftLogWorker.java:lambda$new$0(135)) - om1@group-C5BA1605619E-SegmentedRaftLogWorker: flushIndex: setUnconditionally 0 -> -1
2023-04-21 06:18:24,202 [om1-impl-thread1] INFO  segmented.SegmentedRaftLogWorker (SegmentedRaftLogWorker.java:lambda$new$0(135)) - om1@group-C5BA1605619E-SegmentedRaftLogWorker: safeCacheEvictIndex: setUnconditionally 0 -> -1
2023-04-21 06:18:24,203 [om1-impl-thread1] INFO  server.RaftServer$Division (RaftServerImpl.java:start(334)) - om1@group-C5BA1605619E: start as a follower, conf=-1: peers:[om1|rpc:localhost:9872|priority:0|startupRole:FOLLOWER]|listeners:[], old=null
2023-04-21 06:18:24,203 [om1-impl-thread1] INFO  server.RaftServer$Division (RaftServerImpl.java:setRole(321)) - om1@group-C5BA1605619E: changes role from      null to FOLLOWER at term 0 for startAsFollower
2023-04-21 06:18:24,203 [om1-impl-thread1] INFO  impl.RoleInfo (RoleInfo.java:updateAndGet(139)) - om1: start om1@group-C5BA1605619E-FollowerState
2023-04-21 06:18:24,203 [om1@group-C5BA1605619E-FollowerState] INFO  server.RaftServerConfigKeys (ConfUtils.java:logFallback(53)) - raft.server.rpc.first-election.timeout.min = 1s (fallback to raft.server.rpc.timeout.min)
2023-04-21 06:18:24,203 [om1-impl-thread1] INFO  util.JmxRegister (JmxRegister.java:tryRegister(44)) - Successfully registered JMX Bean with object name Ratis:service=RaftServer,group=group-C5BA1605619E,id=om1
2023-04-21 06:18:24,203 [om1@group-C5BA1605619E-FollowerState] INFO  server.RaftServerConfigKeys (ConfUtils.java:logFallback(53)) - raft.server.rpc.first-election.timeout.max = 1200ms (fallback to raft.server.rpc.timeout.max)
2023-04-21 06:18:24,203 [om1-impl-thread1] INFO  server.RaftServerConfigKeys (ConfUtils.java:logGet(46)) - raft.server.snapshot.auto.trigger.enabled = true (custom)
2023-04-21 06:18:24,203 [om1-impl-thread1] INFO  server.RaftServerConfigKeys (ConfUtils.java:logGet(46)) - raft.server.snapshot.auto.trigger.threshold = 400000 (default)
2023-04-21 06:18:24,203 [om1-impl-thread1] INFO  server.RaftServerConfigKeys (ConfUtils.java:logGet(46)) - raft.server.snapshot.retention.file.num = -1 (default)
2023-04-21 06:18:24,203 [om1-impl-thread1] INFO  server.RaftServerConfigKeys (ConfUtils.java:logGet(46)) - raft.server.log.purge.upto.snapshot.index = true (custom)
2023-04-21 06:18:24,204 [Listener at 127.0.0.1/41999] INFO  server.RaftServer (RaftServerProxy.java:startImpl(393)) - om1: start RPC server
2023-04-21 06:18:24,205 [Listener at 127.0.0.1/41999] INFO  server.GrpcService (GrpcService.java:startImpl(262)) - om1: GrpcService started, listening on 9872
2023-04-21 06:18:24,206 [Listener at 127.0.0.1/41999] INFO  om.OzoneManager (OzoneManager.java:start(1579)) - Version File has different layout version (4) than OM DB (null). That is expected if this OM has never been finalized to a newer layout version.
2023-04-21 06:18:24,206 [JvmPauseMonitor25] INFO  util.JvmPauseMonitor (JvmPauseMonitor.java:run(105)) - JvmPauseMonitor-om1: Started
2023-04-21 06:18:24,208 [Listener at 127.0.0.1/41999] INFO  http.BaseHttpServer (BaseHttpServer.java:newHttpServer2BuilderForOzone(224)) - Starting Web-server for ozoneManager at: http://0.0.0.0:0
2023-04-21 06:18:24,208 [Listener at 127.0.0.1/41999] INFO  http.BaseHttpServer (BaseHttpServer.java:<init>(111)) - Hadoop Security Enabled: false Ozone Security Enabled: false Ozone HTTP Security Enabled: false 
2023-04-21 06:18:24,209 [Listener at 127.0.0.1/41999] WARN  server.AuthenticationFilter (AuthenticationFilter.java:constructSecretProvider(240)) - Unable to initialize FileSignerSecretProvider, falling back to use random secrets. Reason: Could not read signature secret file: /home/runner/hadoop-http-auth-signature-secret
2023-04-21 06:18:24,210 [Listener at 127.0.0.1/41999] INFO  http.HttpRequestLog (HttpRequestLog.java:getRequestLog(86)) - Http request log for http.requests.ozoneManager is not defined
2023-04-21 06:18:24,216 [Listener at 127.0.0.1/41999] INFO  http.HttpServer2 (HttpServer2.java:addGlobalFilter(1031)) - Added global filter 'safety' (class=org.apache.hadoop.hdds.server.http.HttpServer2$QuotingInputFilter)
2023-04-21 06:18:24,217 [Listener at 127.0.0.1/41999] INFO  http.HttpServer2 (HttpServer2.java:addFilter(1007)) - Added filter static_user_filter (class=org.apache.hadoop.http.lib.StaticUserWebFilter$StaticUserFilter) to context ozoneManager
2023-04-21 06:18:24,217 [Listener at 127.0.0.1/41999] INFO  http.HttpServer2 (HttpServer2.java:addFilter(1015)) - Added filter static_user_filter (class=org.apache.hadoop.http.lib.StaticUserWebFilter$StaticUserFilter) to context logs
2023-04-21 06:18:24,217 [Listener at 127.0.0.1/41999] INFO  http.HttpServer2 (HttpServer2.java:addFilter(1015)) - Added filter static_user_filter (class=org.apache.hadoop.http.lib.StaticUserWebFilter$StaticUserFilter) to context static
2023-04-21 06:18:24,218 [Listener at 127.0.0.1/41999] INFO  http.BaseHttpServer (BaseHttpServer.java:<init>(190)) - HTTP server of ozoneManager uses base directory /home/runner/work/ozone/ozone/hadoop-ozone/integration-test/target/test-dir/MiniOzoneClusterImpl-5df7d698-6c9a-4a75-b3ca-6c6997f7fa13/ozone-meta/webserver
2023-04-21 06:18:24,218 [Listener at 127.0.0.1/41999] INFO  http.HttpServer2 (HttpServer2.java:bindListener(1250)) - Jetty bound to port 41239
2023-04-21 06:18:24,218 [Listener at 127.0.0.1/41999] INFO  server.Server (Server.java:doStart(375)) - jetty-9.4.49.v20220914; built: 2022-09-14T01:07:36.601Z; git: 4231a3b2e4cb8548a412a789936d640a97b1aa0a; jvm 1.8.0_362-b09
2023-04-21 06:18:24,221 [Listener at 127.0.0.1/41999] INFO  server.session (DefaultSessionIdManager.java:doStart(334)) - DefaultSessionIdManager workerName=node0
2023-04-21 06:18:24,221 [Listener at 127.0.0.1/41999] INFO  server.session (DefaultSessionIdManager.java:doStart(339)) - No SessionScavenger set, using defaults
2023-04-21 06:18:24,221 [Listener at 127.0.0.1/41999] INFO  server.session (HouseKeeper.java:startScavenging(132)) - node0 Scavenging every 600000ms
2023-04-21 06:18:24,221 [Listener at 127.0.0.1/41999] INFO  handler.ContextHandler (ContextHandler.java:doStart(921)) - Started o.e.j.s.ServletContextHandler@463eb46d{logs,/logs,file:///home/runner/work/ozone/ozone/hadoop-ozone/integration-test/target/log,AVAILABLE}
2023-04-21 06:18:24,222 [Listener at 127.0.0.1/41999] INFO  handler.ContextHandler (ContextHandler.java:doStart(921)) - Started o.e.j.s.ServletContextHandler@b2d6256{static,/static,file:///home/runner/work/ozone/ozone/hadoop-ozone/integration-test/target/test-classes/webapps/static,AVAILABLE}
2023-04-21 06:18:24,224 [Listener at 127.0.0.1/41999] INFO  handler.ContextHandler (ContextHandler.java:doStart(921)) - Started o.e.j.w.WebAppContext@3024afd7{ozoneManager,/,file:///home/runner/work/ozone/ozone/hadoop-ozone/integration-test/target/test-classes/webapps/ozoneManager/,AVAILABLE}{file:/home/runner/work/ozone/ozone/hadoop-ozone/integration-test/target/test-classes/webapps/ozoneManager}
2023-04-21 06:18:24,225 [Listener at 127.0.0.1/41999] INFO  server.AbstractConnector (AbstractConnector.java:doStart(333)) - Started ServerConnector@2f6860d7{HTTP/1.1, (http/1.1)}{0.0.0.0:41239}
2023-04-21 06:18:24,225 [Listener at 127.0.0.1/41999] INFO  server.Server (Server.java:doStart(415)) - Started @186915ms
2023-04-21 06:18:24,225 [Listener at 127.0.0.1/41999] WARN  impl.MetricsSystemImpl (MetricsSystemImpl.java:register(279)) - Sink prometheus already exists!
2023-04-21 06:18:24,226 [Listener at 127.0.0.1/41999] INFO  http.BaseHttpServer (BaseHttpServer.java:updateConnectorAddress(344)) - HTTP server of ozoneManager listening at http://0.0.0.0:41239
2023-04-21 06:18:24,226 [IPC Server Responder] INFO  ipc.Server (Server.java:run(1558)) - IPC Server Responder: starting
2023-04-21 06:18:24,230 [IPC Server listener on 0] INFO  ipc.Server (Server.java:run(1398)) - IPC Server listener on 0: starting
2023-04-21 06:18:24,234 [Listener at 127.0.0.1/41999] INFO  om.OzoneManager (OzoneManager.java:startTrashEmptier(2039)) - Trash Interval set to 0. Files deleted won't move to trash
2023-04-21 06:18:24,240 [Listener at 127.0.0.1/41999] WARN  impl.MetricRegistriesImpl (MetricRegistriesImpl.java:addReporterRegistration(111)) - New reporters are added after registries were created. Some metrics will be missing from the reporter. Please add reporter before adding any new registry.
2023-04-21 06:18:24,240 [Listener at 127.0.0.1/41999] WARN  impl.MetricRegistriesImpl (MetricRegistriesImpl.java:addReporterRegistration(111)) - New reporters are added after registries were created. Some metrics will be missing from the reporter. Please add reporter before adding any new registry.
2023-04-21 06:18:24,240 [Listener at 127.0.0.1/41999] INFO  impl.MetricsSystemImpl (MetricsSystemImpl.java:init(158)) - HddsDatanode metrics system started (again)
2023-04-21 06:18:24,241 [org.apache.hadoop.util.JvmPauseMonitor$Monitor@66aeb337] INFO  util.JvmPauseMonitor (JvmPauseMonitor.java:run(188)) - Starting JVM pause monitor
2023-04-21 06:18:24,250 [Listener at 127.0.0.1/41999] INFO  ozone.HddsDatanodeService (HddsDatanodeService.java:start(252)) - HddsDatanodeService host:fv-az205-422 ip:10.1.0.35
2023-04-21 06:18:24,274 [Listener at 127.0.0.1/41999] INFO  upgrade.AbstractLayoutVersionManager (AbstractLayoutVersionManager.java:init(83)) - Initializing Layout version manager with metadata layout = WEBUI_PORTS_IN_DATANODEDETAILS (version = 6), software layout = WEBUI_PORTS_IN_DATANODEDETAILS (version = 6)
2023-04-21 06:18:24,320 [Listener at 127.0.0.1/41999] INFO  reflections.Reflections (Reflections.java:scan(232)) - Reflections took 44 ms to scan 7 urls, producing 156 keys and 369 values 
2023-04-21 06:18:24,321 [Listener at 127.0.0.1/41999] INFO  statemachine.DatanodeStateMachine (DatanodeStateMachine.java:getEndPointTaskThreadPoolSize(260)) - Datanode State Machine Task Thread Pool size 2
2023-04-21 06:18:24,323 [Listener at 127.0.0.1/41999] INFO  volume.HddsVolume (HddsVolume.java:<init>(130)) - Creating HddsVolume: /home/runner/work/ozone/ozone/hadoop-ozone/integration-test/target/test-dir/MiniOzoneClusterImpl-5df7d698-6c9a-4a75-b3ca-6c6997f7fa13/datanode-0/data-0/containers/hdds of storage type : DISK capacity : 9223372036854775807
2023-04-21 06:18:24,323 [Listener at 127.0.0.1/41999] INFO  volume.MutableVolumeSet (MutableVolumeSet.java:initializeVolumeSet(175)) - Added Volume : /home/runner/work/ozone/ozone/hadoop-ozone/integration-test/target/test-dir/MiniOzoneClusterImpl-5df7d698-6c9a-4a75-b3ca-6c6997f7fa13/datanode-0/data-0/containers/hdds to VolumeSet
2023-04-21 06:18:24,323 [Listener at 127.0.0.1/41999] INFO  volume.ThrottledAsyncChecker (ThrottledAsyncChecker.java:schedule(141)) - Scheduling a check for /home/runner/work/ozone/ozone/hadoop-ozone/integration-test/target/test-dir/MiniOzoneClusterImpl-5df7d698-6c9a-4a75-b3ca-6c6997f7fa13/datanode-0/data-0/containers/hdds
2023-04-21 06:18:24,323 [Listener at 127.0.0.1/41999] INFO  volume.StorageVolumeChecker (StorageVolumeChecker.java:checkAllVolumes(202)) - Scheduled health check for volume /home/runner/work/ozone/ozone/hadoop-ozone/integration-test/target/test-dir/MiniOzoneClusterImpl-5df7d698-6c9a-4a75-b3ca-6c6997f7fa13/datanode-0/data-0/containers/hdds
2023-04-21 06:18:24,333 [Listener at 127.0.0.1/41999] INFO  volume.MutableVolumeSet (MutableVolumeSet.java:initializeVolumeSet(175)) - Added Volume : /home/runner/work/ozone/ozone/hadoop-ozone/integration-test/target/test-dir/MiniOzoneClusterImpl-5df7d698-6c9a-4a75-b3ca-6c6997f7fa13/datanode-0/data/ratis to VolumeSet
2023-04-21 06:18:24,334 [Listener at 127.0.0.1/41999] INFO  volume.ThrottledAsyncChecker (ThrottledAsyncChecker.java:schedule(141)) - Scheduling a check for /home/runner/work/ozone/ozone/hadoop-ozone/integration-test/target/test-dir/MiniOzoneClusterImpl-5df7d698-6c9a-4a75-b3ca-6c6997f7fa13/datanode-0/data/ratis
2023-04-21 06:18:24,334 [Listener at 127.0.0.1/41999] INFO  volume.StorageVolumeChecker (StorageVolumeChecker.java:checkAllVolumes(202)) - Scheduled health check for volume /home/runner/work/ozone/ozone/hadoop-ozone/integration-test/target/test-dir/MiniOzoneClusterImpl-5df7d698-6c9a-4a75-b3ca-6c6997f7fa13/datanode-0/data/ratis
2023-04-21 06:18:24,343 [Thread-2441] INFO  ozoneimpl.ContainerReader (ContainerReader.java:readVolume(175)) - Finish verifying containers on volume /home/runner/work/ozone/ozone/hadoop-ozone/integration-test/target/test-dir/MiniOzoneClusterImpl-5df7d698-6c9a-4a75-b3ca-6c6997f7fa13/datanode-0/data-0/containers/hdds
2023-04-21 06:18:24,343 [Listener at 127.0.0.1/41999] INFO  ozoneimpl.OzoneContainer (OzoneContainer.java:buildContainerSet(303)) - Build ContainerSet costs 0s
2023-04-21 06:18:24,345 [Listener at 127.0.0.1/41999] INFO  server.RaftServer (ConfUtils.java:logGet(46)) - raft.rpc.type = GRPC (default)
2023-04-21 06:18:24,345 [Listener at 127.0.0.1/41999] INFO  grpc.GrpcConfigKeys (ConfUtils.java:logFallback(53)) - raft.grpc.admin.host = null (fallback to raft.grpc.server.host)
2023-04-21 06:18:24,345 [Listener at 127.0.0.1/41999] INFO  grpc.GrpcConfigKeys (ConfUtils.java:logGet(46)) - raft.grpc.admin.port = 0 (custom)
2023-04-21 06:18:24,345 [Listener at 127.0.0.1/41999] INFO  grpc.GrpcConfigKeys (ConfUtils.java:logFallback(53)) - raft.grpc.client.host = null (fallback to raft.grpc.server.host)
2023-04-21 06:18:24,345 [Listener at 127.0.0.1/41999] INFO  grpc.GrpcConfigKeys (ConfUtils.java:logGet(46)) - raft.grpc.client.port = 0 (custom)
2023-04-21 06:18:24,345 [Listener at 127.0.0.1/41999] INFO  grpc.GrpcConfigKeys (ConfUtils.java:logGet(46)) - raft.grpc.server.host = null (default)
2023-04-21 06:18:24,345 [Listener at 127.0.0.1/41999] INFO  grpc.GrpcConfigKeys (ConfUtils.java:logGet(46)) - raft.grpc.server.port = 0 (default)
2023-04-21 06:18:24,346 [Listener at 127.0.0.1/41999] INFO  server.GrpcService (ConfUtils.java:logGet(46)) - raft.grpc.message.size.max = 32MB (=33554432) (custom)
2023-04-21 06:18:24,346 [Listener at 127.0.0.1/41999] INFO  server.RaftServerConfigKeys (ConfUtils.java:logGet(46)) - raft.server.log.appender.buffer.byte-limit = 33554432 (custom)
2023-04-21 06:18:24,346 [Listener at 127.0.0.1/41999] INFO  server.GrpcService (ConfUtils.java:logGet(46)) - raft.grpc.flow.control.window = 5MB (=5242880) (custom)
2023-04-21 06:18:24,346 [Listener at 127.0.0.1/41999] INFO  server.RaftServerConfigKeys (ConfUtils.java:logGet(46)) - raft.server.rpc.request.timeout = 60s (custom)
2023-04-21 06:18:24,346 [Listener at 127.0.0.1/41999] INFO  grpc.GrpcConfigKeys (ConfUtils.java:logGet(46)) - raft.grpc.server.heartbeat.channel = true (default)
2023-04-21 06:18:24,346 [Listener at 127.0.0.1/41999] INFO  grpc.GrpcConfigKeys (ConfUtils.java:logGet(46)) - raft.grpc.server.async.request.thread.pool.cached = true (default)
2023-04-21 06:18:24,346 [Listener at 127.0.0.1/41999] INFO  grpc.GrpcConfigKeys (ConfUtils.java:logGet(46)) - raft.grpc.server.async.request.thread.pool.size = 32 (default)
2023-04-21 06:18:24,347 [Listener at 127.0.0.1/41999] INFO  impl.DataStreamServerImpl (ConfUtils.java:logGet(46)) - raft.datastream.type = NETTY (custom)
2023-04-21 06:18:24,347 [Listener at 127.0.0.1/41999] INFO  server.RaftServerConfigKeys (ConfUtils.java:logGet(46)) - raft.server.data-stream.async.request.thread.pool.cached = false (default)
2023-04-21 06:18:24,347 [Listener at 127.0.0.1/41999] INFO  server.RaftServerConfigKeys (ConfUtils.java:logGet(46)) - raft.server.data-stream.async.request.thread.pool.size = 20 (custom)
2023-04-21 06:18:24,347 [Listener at 127.0.0.1/41999] INFO  server.RaftServerConfigKeys (ConfUtils.java:logGet(46)) - raft.server.data-stream.async.write.thread.pool.size = 16 (default)
2023-04-21 06:18:24,347 [Listener at 127.0.0.1/41999] INFO  server.RaftServerConfigKeys (ConfUtils.java:logGet(46)) - raft.server.data-stream.client.pool.size = 10 (default)
2023-04-21 06:18:24,347 [Listener at 127.0.0.1/41999] INFO  netty.NettyConfigKeys$DataStream (ConfUtils.java:logGet(46)) - raft.netty.dataStream.server.use-epoll = false (default)
2023-04-21 06:18:24,347 [Listener at 127.0.0.1/41999] INFO  netty.NettyConfigKeys$DataStream (ConfUtils.java:logGet(46)) - raft.netty.dataStream.server.boss-group.size = 0 (default)
2023-04-21 06:18:24,348 [Listener at 127.0.0.1/41999] INFO  netty.NettyConfigKeys$DataStream (ConfUtils.java:logGet(46)) - raft.netty.dataStream.server.worker-group.size = 0 (default)
2023-04-21 06:18:24,348 [Listener at 127.0.0.1/41999] INFO  netty.NettyConfigKeys$DataStream (ConfUtils.java:logGet(46)) - raft.netty.dataStream.server.tls.conf = null (default)
2023-04-21 06:18:24,348 [Listener at 127.0.0.1/41999] INFO  netty.NettyConfigKeys$DataStream (ConfUtils.java:logGet(46)) - raft.netty.dataStream.host = null (default)
2023-04-21 06:18:24,348 [Listener at 127.0.0.1/41999] INFO  netty.NettyConfigKeys$DataStream (ConfUtils.java:logGet(46)) - raft.netty.dataStream.port = 0 (default)
2023-04-21 06:18:24,348 [Listener at 127.0.0.1/41999] INFO  server.RaftServerConfigKeys (ConfUtils.java:logGet(46)) - raft.server.threadpool.proxy.cached = true (default)
2023-04-21 06:18:24,348 [Listener at 127.0.0.1/41999] INFO  server.RaftServerConfigKeys (ConfUtils.java:logGet(46)) - raft.server.threadpool.proxy.size = 0 (default)
2023-04-21 06:18:24,348 [Listener at 127.0.0.1/41999] INFO  server.RaftServerConfigKeys (ConfUtils.java:logGet(46)) - raft.server.rpc.slowness.timeout = 300s (custom)
2023-04-21 06:18:24,348 [Listener at 127.0.0.1/41999] INFO  server.RaftServerConfigKeys (ConfUtils.java:logGet(46)) - raft.server.leaderelection.leader.step-down.wait-time = 10s (default)
2023-04-21 06:18:24,349 [Listener at 127.0.0.1/41999] INFO  server.RaftServerConfigKeys (ConfUtils.java:logGet(46)) - raft.server.storage.dir = [/home/runner/work/ozone/ozone/hadoop-ozone/integration-test/target/test-dir/MiniOzoneClusterImpl-5df7d698-6c9a-4a75-b3ca-6c6997f7fa13/datanode-0/data/ratis] (custom)
2023-04-21 06:18:24,349 [e741532c-559f-497b-a202-f4f9d9b61a12-NettyServerStreamRpc-bossGroup--thread1] INFO  logging.LoggingHandler (AbstractInternalLogger.java:log(148)) - [id: 0x2d380ba4] REGISTERED
2023-04-21 06:18:24,349 [e741532c-559f-497b-a202-f4f9d9b61a12-NettyServerStreamRpc-bossGroup--thread1] INFO  logging.LoggingHandler (AbstractInternalLogger.java:log(148)) - [id: 0x2d380ba4] BIND: 0.0.0.0/0.0.0.0:0
2023-04-21 06:18:24,349 [e741532c-559f-497b-a202-f4f9d9b61a12-NettyServerStreamRpc-bossGroup--thread1] INFO  logging.LoggingHandler (AbstractInternalLogger.java:log(148)) - [id: 0x2d380ba4, L:/0:0:0:0:0:0:0:0:40381] ACTIVE
2023-04-21 06:18:24,350 [Listener at 127.0.0.1/41999] INFO  server.XceiverServerGrpc (XceiverServerGrpc.java:<init>(132)) - GrpcServer channel type EpollServerSocketChannel
2023-04-21 06:18:24,353 [Listener at 127.0.0.1/41999] INFO  http.BaseHttpServer (BaseHttpServer.java:newHttpServer2BuilderForOzone(224)) - Starting Web-server for hddsDatanode at: http://0.0.0.0:0
2023-04-21 06:18:24,353 [Listener at 127.0.0.1/41999] INFO  http.BaseHttpServer (BaseHttpServer.java:<init>(111)) - Hadoop Security Enabled: false Ozone Security Enabled: false Ozone HTTP Security Enabled: false 
2023-04-21 06:18:24,354 [Listener at 127.0.0.1/41999] WARN  server.AuthenticationFilter (AuthenticationFilter.java:constructSecretProvider(240)) - Unable to initialize FileSignerSecretProvider, falling back to use random secrets. Reason: Could not read signature secret file: /home/runner/hadoop-http-auth-signature-secret
2023-04-21 06:18:24,354 [Listener at 127.0.0.1/41999] INFO  http.HttpRequestLog (HttpRequestLog.java:getRequestLog(86)) - Http request log for http.requests.hddsDatanode is not defined
2023-04-21 06:18:24,355 [Listener at 127.0.0.1/41999] INFO  http.HttpServer2 (HttpServer2.java:addGlobalFilter(1031)) - Added global filter 'safety' (class=org.apache.hadoop.hdds.server.http.HttpServer2$QuotingInputFilter)
2023-04-21 06:18:24,355 [Listener at 127.0.0.1/41999] INFO  http.HttpServer2 (HttpServer2.java:addFilter(1007)) - Added filter static_user_filter (class=org.apache.hadoop.http.lib.StaticUserWebFilter$StaticUserFilter) to context hddsDatanode
2023-04-21 06:18:24,355 [Listener at 127.0.0.1/41999] INFO  http.HttpServer2 (HttpServer2.java:addFilter(1015)) - Added filter static_user_filter (class=org.apache.hadoop.http.lib.StaticUserWebFilter$StaticUserFilter) to context static
2023-04-21 06:18:24,355 [Listener at 127.0.0.1/41999] INFO  http.HttpServer2 (HttpServer2.java:addFilter(1015)) - Added filter static_user_filter (class=org.apache.hadoop.http.lib.StaticUserWebFilter$StaticUserFilter) to context logs
2023-04-21 06:18:24,356 [Listener at 127.0.0.1/41999] INFO  http.BaseHttpServer (BaseHttpServer.java:<init>(190)) - HTTP server of hddsDatanode uses base directory /home/runner/work/ozone/ozone/hadoop-ozone/integration-test/target/test-dir/MiniOzoneClusterImpl-5df7d698-6c9a-4a75-b3ca-6c6997f7fa13/datanode-0/meta/webserver
2023-04-21 06:18:24,356 [Listener at 127.0.0.1/41999] INFO  http.HttpServer2 (HttpServer2.java:bindListener(1250)) - Jetty bound to port 39389
2023-04-21 06:18:24,356 [Listener at 127.0.0.1/41999] INFO  server.Server (Server.java:doStart(375)) - jetty-9.4.49.v20220914; built: 2022-09-14T01:07:36.601Z; git: 4231a3b2e4cb8548a412a789936d640a97b1aa0a; jvm 1.8.0_362-b09
2023-04-21 06:18:24,362 [Listener at 127.0.0.1/41999] INFO  server.session (DefaultSessionIdManager.java:doStart(334)) - DefaultSessionIdManager workerName=node0
2023-04-21 06:18:24,362 [Listener at 127.0.0.1/41999] INFO  server.session (DefaultSessionIdManager.java:doStart(339)) - No SessionScavenger set, using defaults
2023-04-21 06:18:24,362 [Listener at 127.0.0.1/41999] INFO  server.session (HouseKeeper.java:startScavenging(132)) - node0 Scavenging every 660000ms
2023-04-21 06:18:24,363 [Listener at 127.0.0.1/41999] INFO  handler.ContextHandler (ContextHandler.java:doStart(921)) - Started o.e.j.s.ServletContextHandler@54fee132{logs,/logs,file:///home/runner/work/ozone/ozone/hadoop-ozone/integration-test/target/log,AVAILABLE}
2023-04-21 06:18:24,363 [Listener at 127.0.0.1/41999] INFO  handler.ContextHandler (ContextHandler.java:doStart(921)) - Started o.e.j.s.ServletContextHandler@18bd99bb{static,/static,jar:file:/home/runner/.m2/repository/org/apache/ozone/hdds-container-service/1.4.0-SNAPSHOT/hdds-container-service-1.4.0-SNAPSHOT.jar!/webapps/static,AVAILABLE}
2023-04-21 06:18:24,553 [Listener at 127.0.0.1/41999] INFO  handler.ContextHandler (ContextHandler.java:doStart(921)) - Started o.e.j.w.WebAppContext@122b9448{hddsDatanode,/,file:///home/runner/work/ozone/ozone/hadoop-ozone/integration-test/target/test-dir/MiniOzoneClusterImpl-5df7d698-6c9a-4a75-b3ca-6c6997f7fa13/datanode-0/meta/webserver/jetty-0_0_0_0-39389-hdds-container-service-1_4_0-SNAPSHOT_jar-_-any-2307911592443827241/webapp/,AVAILABLE}{jar:file:/home/runner/.m2/repository/org/apache/ozone/hdds-container-service/1.4.0-SNAPSHOT/hdds-container-service-1.4.0-SNAPSHOT.jar!/webapps/hddsDatanode}
2023-04-21 06:18:24,555 [Listener at 127.0.0.1/41999] INFO  server.AbstractConnector (AbstractConnector.java:doStart(333)) - Started ServerConnector@7f21c210{HTTP/1.1, (http/1.1)}{0.0.0.0:39389}
2023-04-21 06:18:24,555 [Listener at 127.0.0.1/41999] INFO  server.Server (Server.java:doStart(415)) - Started @187245ms
2023-04-21 06:18:24,555 [Listener at 127.0.0.1/41999] WARN  impl.MetricsSystemImpl (MetricsSystemImpl.java:register(279)) - Sink prometheus already exists!
2023-04-21 06:18:24,555 [Listener at 127.0.0.1/41999] INFO  http.BaseHttpServer (BaseHttpServer.java:updateConnectorAddress(344)) - HTTP server of hddsDatanode listening at http://0.0.0.0:39389
2023-04-21 06:18:24,556 [Datanode State Machine Daemon Thread] INFO  statemachine.DatanodeStateMachine (DatanodeStateMachine.java:lambda$startDaemon$0(517)) - Ozone container server started.
2023-04-21 06:18:24,556 [Listener at 127.0.0.1/41999] WARN  impl.MetricRegistriesImpl (MetricRegistriesImpl.java:addReporterRegistration(111)) - New reporters are added after registries were created. Some metrics will be missing from the reporter. Please add reporter before adding any new registry.
2023-04-21 06:18:24,557 [Listener at 127.0.0.1/41999] WARN  impl.MetricRegistriesImpl (MetricRegistriesImpl.java:addReporterRegistration(111)) - New reporters are added after registries were created. Some metrics will be missing from the reporter. Please add reporter before adding any new registry.
2023-04-21 06:18:24,557 [Listener at 127.0.0.1/41999] INFO  impl.MetricsSystemImpl (MetricsSystemImpl.java:init(158)) - HddsDatanode metrics system started (again)
2023-04-21 06:18:24,567 [Listener at 127.0.0.1/41999] INFO  ozone.HddsDatanodeService (HddsDatanodeService.java:start(252)) - HddsDatanodeService host:fv-az205-422 ip:10.1.0.35
2023-04-21 06:18:24,567 [org.apache.hadoop.util.JvmPauseMonitor$Monitor@75acccf7] INFO  util.JvmPauseMonitor (JvmPauseMonitor.java:run(188)) - Starting JVM pause monitor
2023-04-21 06:18:24,580 [Datanode State Machine Task Thread - 0] INFO  datanode.InitDatanodeState (InitDatanodeState.java:persistContainerDatanodeDetails(138)) - DatanodeDetails is persisted to /home/runner/work/ozone/ozone/hadoop-ozone/integration-test/target/test-dir/MiniOzoneClusterImpl-5df7d698-6c9a-4a75-b3ca-6c6997f7fa13/datanode-0/meta/datanode.id
2023-04-21 06:18:24,595 [Listener at 127.0.0.1/41999] INFO  upgrade.AbstractLayoutVersionManager (AbstractLayoutVersionManager.java:init(83)) - Initializing Layout version manager with metadata layout = WEBUI_PORTS_IN_DATANODEDETAILS (version = 6), software layout = WEBUI_PORTS_IN_DATANODEDETAILS (version = 6)
2023-04-21 06:18:24,639 [Listener at 127.0.0.1/41999] INFO  reflections.Reflections (Reflections.java:scan(232)) - Reflections took 43 ms to scan 7 urls, producing 156 keys and 369 values 
2023-04-21 06:18:24,641 [Listener at 127.0.0.1/41999] INFO  statemachine.DatanodeStateMachine (DatanodeStateMachine.java:getEndPointTaskThreadPoolSize(260)) - Datanode State Machine Task Thread Pool size 2
2023-04-21 06:18:24,642 [Listener at 127.0.0.1/41999] INFO  volume.HddsVolume (HddsVolume.java:<init>(130)) - Creating HddsVolume: /home/runner/work/ozone/ozone/hadoop-ozone/integration-test/target/test-dir/MiniOzoneClusterImpl-5df7d698-6c9a-4a75-b3ca-6c6997f7fa13/datanode-1/data-0/containers/hdds of storage type : DISK capacity : 9223372036854775807
2023-04-21 06:18:24,642 [Listener at 127.0.0.1/41999] INFO  volume.MutableVolumeSet (MutableVolumeSet.java:initializeVolumeSet(175)) - Added Volume : /home/runner/work/ozone/ozone/hadoop-ozone/integration-test/target/test-dir/MiniOzoneClusterImpl-5df7d698-6c9a-4a75-b3ca-6c6997f7fa13/datanode-1/data-0/containers/hdds to VolumeSet
2023-04-21 06:18:24,642 [Listener at 127.0.0.1/41999] INFO  volume.ThrottledAsyncChecker (ThrottledAsyncChecker.java:schedule(141)) - Scheduling a check for /home/runner/work/ozone/ozone/hadoop-ozone/integration-test/target/test-dir/MiniOzoneClusterImpl-5df7d698-6c9a-4a75-b3ca-6c6997f7fa13/datanode-1/data-0/containers/hdds
2023-04-21 06:18:24,644 [Listener at 127.0.0.1/41999] INFO  volume.StorageVolumeChecker (StorageVolumeChecker.java:checkAllVolumes(202)) - Scheduled health check for volume /home/runner/work/ozone/ozone/hadoop-ozone/integration-test/target/test-dir/MiniOzoneClusterImpl-5df7d698-6c9a-4a75-b3ca-6c6997f7fa13/datanode-1/data-0/containers/hdds
2023-04-21 06:18:24,654 [Listener at 127.0.0.1/41999] INFO  volume.MutableVolumeSet (MutableVolumeSet.java:initializeVolumeSet(175)) - Added Volume : /home/runner/work/ozone/ozone/hadoop-ozone/integration-test/target/test-dir/MiniOzoneClusterImpl-5df7d698-6c9a-4a75-b3ca-6c6997f7fa13/datanode-1/data/ratis to VolumeSet
2023-04-21 06:18:24,654 [Listener at 127.0.0.1/41999] INFO  volume.ThrottledAsyncChecker (ThrottledAsyncChecker.java:schedule(141)) - Scheduling a check for /home/runner/work/ozone/ozone/hadoop-ozone/integration-test/target/test-dir/MiniOzoneClusterImpl-5df7d698-6c9a-4a75-b3ca-6c6997f7fa13/datanode-1/data/ratis
2023-04-21 06:18:24,654 [Listener at 127.0.0.1/41999] INFO  volume.StorageVolumeChecker (StorageVolumeChecker.java:checkAllVolumes(202)) - Scheduled health check for volume /home/runner/work/ozone/ozone/hadoop-ozone/integration-test/target/test-dir/MiniOzoneClusterImpl-5df7d698-6c9a-4a75-b3ca-6c6997f7fa13/datanode-1/data/ratis
2023-04-21 06:18:24,664 [Thread-2455] INFO  ozoneimpl.ContainerReader (ContainerReader.java:readVolume(175)) - Finish verifying containers on volume /home/runner/work/ozone/ozone/hadoop-ozone/integration-test/target/test-dir/MiniOzoneClusterImpl-5df7d698-6c9a-4a75-b3ca-6c6997f7fa13/datanode-1/data-0/containers/hdds
2023-04-21 06:18:24,665 [Listener at 127.0.0.1/41999] INFO  ozoneimpl.OzoneContainer (OzoneContainer.java:buildContainerSet(303)) - Build ContainerSet costs 0s
2023-04-21 06:18:24,666 [Listener at 127.0.0.1/41999] INFO  server.RaftServer (ConfUtils.java:logGet(46)) - raft.rpc.type = GRPC (default)
2023-04-21 06:18:24,666 [Listener at 127.0.0.1/41999] INFO  grpc.GrpcConfigKeys (ConfUtils.java:logFallback(53)) - raft.grpc.admin.host = null (fallback to raft.grpc.server.host)
2023-04-21 06:18:24,667 [Listener at 127.0.0.1/41999] INFO  grpc.GrpcConfigKeys (ConfUtils.java:logGet(46)) - raft.grpc.admin.port = 0 (custom)
2023-04-21 06:18:24,667 [Listener at 127.0.0.1/41999] INFO  grpc.GrpcConfigKeys (ConfUtils.java:logFallback(53)) - raft.grpc.client.host = null (fallback to raft.grpc.server.host)
2023-04-21 06:18:24,667 [Listener at 127.0.0.1/41999] INFO  grpc.GrpcConfigKeys (ConfUtils.java:logGet(46)) - raft.grpc.client.port = 0 (custom)
2023-04-21 06:18:24,667 [Listener at 127.0.0.1/41999] INFO  grpc.GrpcConfigKeys (ConfUtils.java:logGet(46)) - raft.grpc.server.host = null (default)
2023-04-21 06:18:24,667 [Listener at 127.0.0.1/41999] INFO  grpc.GrpcConfigKeys (ConfUtils.java:logGet(46)) - raft.grpc.server.port = 0 (default)
2023-04-21 06:18:24,667 [Listener at 127.0.0.1/41999] INFO  server.GrpcService (ConfUtils.java:logGet(46)) - raft.grpc.message.size.max = 32MB (=33554432) (custom)
2023-04-21 06:18:24,667 [Listener at 127.0.0.1/41999] INFO  server.RaftServerConfigKeys (ConfUtils.java:logGet(46)) - raft.server.log.appender.buffer.byte-limit = 33554432 (custom)
2023-04-21 06:18:24,667 [Listener at 127.0.0.1/41999] INFO  server.GrpcService (ConfUtils.java:logGet(46)) - raft.grpc.flow.control.window = 5MB (=5242880) (custom)
2023-04-21 06:18:24,667 [Listener at 127.0.0.1/41999] INFO  server.RaftServerConfigKeys (ConfUtils.java:logGet(46)) - raft.server.rpc.request.timeout = 60s (custom)
2023-04-21 06:18:24,667 [Listener at 127.0.0.1/41999] INFO  grpc.GrpcConfigKeys (ConfUtils.java:logGet(46)) - raft.grpc.server.heartbeat.channel = true (default)
2023-04-21 06:18:24,667 [Listener at 127.0.0.1/41999] INFO  grpc.GrpcConfigKeys (ConfUtils.java:logGet(46)) - raft.grpc.server.async.request.thread.pool.cached = true (default)
2023-04-21 06:18:24,667 [Listener at 127.0.0.1/41999] INFO  grpc.GrpcConfigKeys (ConfUtils.java:logGet(46)) - raft.grpc.server.async.request.thread.pool.size = 32 (default)
2023-04-21 06:18:24,668 [Listener at 127.0.0.1/41999] INFO  impl.DataStreamServerImpl (ConfUtils.java:logGet(46)) - raft.datastream.type = NETTY (custom)
2023-04-21 06:18:24,668 [Listener at 127.0.0.1/41999] INFO  server.RaftServerConfigKeys (ConfUtils.java:logGet(46)) - raft.server.data-stream.async.request.thread.pool.cached = false (default)
2023-04-21 06:18:24,668 [Listener at 127.0.0.1/41999] INFO  server.RaftServerConfigKeys (ConfUtils.java:logGet(46)) - raft.server.data-stream.async.request.thread.pool.size = 20 (custom)
2023-04-21 06:18:24,668 [Listener at 127.0.0.1/41999] INFO  server.RaftServerConfigKeys (ConfUtils.java:logGet(46)) - raft.server.data-stream.async.write.thread.pool.size = 16 (default)
2023-04-21 06:18:24,668 [Listener at 127.0.0.1/41999] INFO  server.RaftServerConfigKeys (ConfUtils.java:logGet(46)) - raft.server.data-stream.client.pool.size = 10 (default)
2023-04-21 06:18:24,668 [Listener at 127.0.0.1/41999] INFO  netty.NettyConfigKeys$DataStream (ConfUtils.java:logGet(46)) - raft.netty.dataStream.server.use-epoll = false (default)
2023-04-21 06:18:24,669 [Listener at 127.0.0.1/41999] INFO  netty.NettyConfigKeys$DataStream (ConfUtils.java:logGet(46)) - raft.netty.dataStream.server.boss-group.size = 0 (default)
2023-04-21 06:18:24,669 [Listener at 127.0.0.1/41999] INFO  netty.NettyConfigKeys$DataStream (ConfUtils.java:logGet(46)) - raft.netty.dataStream.server.worker-group.size = 0 (default)
2023-04-21 06:18:24,669 [Listener at 127.0.0.1/41999] INFO  netty.NettyConfigKeys$DataStream (ConfUtils.java:logGet(46)) - raft.netty.dataStream.server.tls.conf = null (default)
2023-04-21 06:18:24,669 [Listener at 127.0.0.1/41999] INFO  netty.NettyConfigKeys$DataStream (ConfUtils.java:logGet(46)) - raft.netty.dataStream.host = null (default)
2023-04-21 06:18:24,669 [Listener at 127.0.0.1/41999] INFO  netty.NettyConfigKeys$DataStream (ConfUtils.java:logGet(46)) - raft.netty.dataStream.port = 0 (default)
2023-04-21 06:18:24,669 [Listener at 127.0.0.1/41999] INFO  server.RaftServerConfigKeys (ConfUtils.java:logGet(46)) - raft.server.threadpool.proxy.cached = true (default)
2023-04-21 06:18:24,670 [Listener at 127.0.0.1/41999] INFO  server.RaftServerConfigKeys (ConfUtils.java:logGet(46)) - raft.server.threadpool.proxy.size = 0 (default)
2023-04-21 06:18:24,670 [Listener at 127.0.0.1/41999] INFO  server.RaftServerConfigKeys (ConfUtils.java:logGet(46)) - raft.server.rpc.slowness.timeout = 300s (custom)
2023-04-21 06:18:24,670 [Listener at 127.0.0.1/41999] INFO  server.RaftServerConfigKeys (ConfUtils.java:logGet(46)) - raft.server.leaderelection.leader.step-down.wait-time = 10s (default)
2023-04-21 06:18:24,670 [89310092-6a08-4a04-ad3d-d7c31a3b6af8-NettyServerStreamRpc-bossGroup--thread1] INFO  logging.LoggingHandler (AbstractInternalLogger.java:log(148)) - [id: 0x55617255] REGISTERED
2023-04-21 06:18:24,670 [Listener at 127.0.0.1/41999] INFO  server.RaftServerConfigKeys (ConfUtils.java:logGet(46)) - raft.server.storage.dir = [/home/runner/work/ozone/ozone/hadoop-ozone/integration-test/target/test-dir/MiniOzoneClusterImpl-5df7d698-6c9a-4a75-b3ca-6c6997f7fa13/datanode-1/data/ratis] (custom)
2023-04-21 06:18:24,670 [89310092-6a08-4a04-ad3d-d7c31a3b6af8-NettyServerStreamRpc-bossGroup--thread1] INFO  logging.LoggingHandler (AbstractInternalLogger.java:log(148)) - [id: 0x55617255] BIND: 0.0.0.0/0.0.0.0:0
2023-04-21 06:18:24,670 [89310092-6a08-4a04-ad3d-d7c31a3b6af8-NettyServerStreamRpc-bossGroup--thread1] INFO  logging.LoggingHandler (AbstractInternalLogger.java:log(148)) - [id: 0x55617255, L:/0:0:0:0:0:0:0:0:39791] ACTIVE
2023-04-21 06:18:24,671 [Listener at 127.0.0.1/41999] INFO  server.XceiverServerGrpc (XceiverServerGrpc.java:<init>(132)) - GrpcServer channel type EpollServerSocketChannel
2023-04-21 06:18:24,674 [Listener at 127.0.0.1/41999] INFO  http.BaseHttpServer (BaseHttpServer.java:newHttpServer2BuilderForOzone(224)) - Starting Web-server for hddsDatanode at: http://0.0.0.0:0
2023-04-21 06:18:24,674 [Listener at 127.0.0.1/41999] INFO  http.BaseHttpServer (BaseHttpServer.java:<init>(111)) - Hadoop Security Enabled: false Ozone Security Enabled: false Ozone HTTP Security Enabled: false 
2023-04-21 06:18:24,675 [Listener at 127.0.0.1/41999] WARN  server.AuthenticationFilter (AuthenticationFilter.java:constructSecretProvider(240)) - Unable to initialize FileSignerSecretProvider, falling back to use random secrets. Reason: Could not read signature secret file: /home/runner/hadoop-http-auth-signature-secret
2023-04-21 06:18:24,676 [Listener at 127.0.0.1/41999] INFO  http.HttpRequestLog (HttpRequestLog.java:getRequestLog(86)) - Http request log for http.requests.hddsDatanode is not defined
2023-04-21 06:18:24,677 [Listener at 127.0.0.1/41999] INFO  http.HttpServer2 (HttpServer2.java:addGlobalFilter(1031)) - Added global filter 'safety' (class=org.apache.hadoop.hdds.server.http.HttpServer2$QuotingInputFilter)
2023-04-21 06:18:24,677 [Listener at 127.0.0.1/41999] INFO  http.HttpServer2 (HttpServer2.java:addFilter(1007)) - Added filter static_user_filter (class=org.apache.hadoop.http.lib.StaticUserWebFilter$StaticUserFilter) to context hddsDatanode
2023-04-21 06:18:24,677 [Listener at 127.0.0.1/41999] INFO  http.HttpServer2 (HttpServer2.java:addFilter(1015)) - Added filter static_user_filter (class=org.apache.hadoop.http.lib.StaticUserWebFilter$StaticUserFilter) to context logs
2023-04-21 06:18:24,677 [Listener at 127.0.0.1/41999] INFO  http.HttpServer2 (HttpServer2.java:addFilter(1015)) - Added filter static_user_filter (class=org.apache.hadoop.http.lib.StaticUserWebFilter$StaticUserFilter) to context static
2023-04-21 06:18:24,679 [Listener at 127.0.0.1/41999] INFO  http.BaseHttpServer (BaseHttpServer.java:<init>(190)) - HTTP server of hddsDatanode uses base directory /home/runner/work/ozone/ozone/hadoop-ozone/integration-test/target/test-dir/MiniOzoneClusterImpl-5df7d698-6c9a-4a75-b3ca-6c6997f7fa13/datanode-1/meta/webserver
2023-04-21 06:18:24,679 [Listener at 127.0.0.1/41999] INFO  http.HttpServer2 (HttpServer2.java:bindListener(1250)) - Jetty bound to port 35111
2023-04-21 06:18:24,679 [Listener at 127.0.0.1/41999] INFO  server.Server (Server.java:doStart(375)) - jetty-9.4.49.v20220914; built: 2022-09-14T01:07:36.601Z; git: 4231a3b2e4cb8548a412a789936d640a97b1aa0a; jvm 1.8.0_362-b09
2023-04-21 06:18:24,685 [Listener at 127.0.0.1/41999] INFO  server.session (DefaultSessionIdManager.java:doStart(334)) - DefaultSessionIdManager workerName=node0
2023-04-21 06:18:24,685 [Listener at 127.0.0.1/41999] INFO  server.session (DefaultSessionIdManager.java:doStart(339)) - No SessionScavenger set, using defaults
2023-04-21 06:18:24,685 [Listener at 127.0.0.1/41999] INFO  server.session (HouseKeeper.java:startScavenging(132)) - node0 Scavenging every 600000ms
2023-04-21 06:18:24,685 [Listener at 127.0.0.1/41999] INFO  handler.ContextHandler (ContextHandler.java:doStart(921)) - Started o.e.j.s.ServletContextHandler@6f39453c{logs,/logs,file:///home/runner/work/ozone/ozone/hadoop-ozone/integration-test/target/log,AVAILABLE}
2023-04-21 06:18:24,686 [Listener at 127.0.0.1/41999] INFO  handler.ContextHandler (ContextHandler.java:doStart(921)) - Started o.e.j.s.ServletContextHandler@d16ba69{static,/static,jar:file:/home/runner/.m2/repository/org/apache/ozone/hdds-container-service/1.4.0-SNAPSHOT/hdds-container-service-1.4.0-SNAPSHOT.jar!/webapps/static,AVAILABLE}
2023-04-21 06:18:24,875 [Listener at 127.0.0.1/41999] INFO  handler.ContextHandler (ContextHandler.java:doStart(921)) - Started o.e.j.w.WebAppContext@78ee39e6{hddsDatanode,/,file:///home/runner/work/ozone/ozone/hadoop-ozone/integration-test/target/test-dir/MiniOzoneClusterImpl-5df7d698-6c9a-4a75-b3ca-6c6997f7fa13/datanode-1/meta/webserver/jetty-0_0_0_0-35111-hdds-container-service-1_4_0-SNAPSHOT_jar-_-any-2592653794138953863/webapp/,AVAILABLE}{jar:file:/home/runner/.m2/repository/org/apache/ozone/hdds-container-service/1.4.0-SNAPSHOT/hdds-container-service-1.4.0-SNAPSHOT.jar!/webapps/hddsDatanode}
2023-04-21 06:18:24,876 [Listener at 127.0.0.1/41999] INFO  server.AbstractConnector (AbstractConnector.java:doStart(333)) - Started ServerConnector@18f974e8{HTTP/1.1, (http/1.1)}{0.0.0.0:35111}
2023-04-21 06:18:24,876 [Listener at 127.0.0.1/41999] INFO  server.Server (Server.java:doStart(415)) - Started @187566ms
2023-04-21 06:18:24,876 [Listener at 127.0.0.1/41999] WARN  impl.MetricsSystemImpl (MetricsSystemImpl.java:register(279)) - Sink prometheus already exists!
2023-04-21 06:18:24,877 [Listener at 127.0.0.1/41999] INFO  http.BaseHttpServer (BaseHttpServer.java:updateConnectorAddress(344)) - HTTP server of hddsDatanode listening at http://0.0.0.0:35111
2023-04-21 06:18:24,877 [Listener at 127.0.0.1/41999] WARN  impl.MetricRegistriesImpl (MetricRegistriesImpl.java:addReporterRegistration(111)) - New reporters are added after registries were created. Some metrics will be missing from the reporter. Please add reporter before adding any new registry.
2023-04-21 06:18:24,877 [Listener at 127.0.0.1/41999] WARN  impl.MetricRegistriesImpl (MetricRegistriesImpl.java:addReporterRegistration(111)) - New reporters are added after registries were created. Some metrics will be missing from the reporter. Please add reporter before adding any new registry.
2023-04-21 06:18:24,877 [Listener at 127.0.0.1/41999] INFO  impl.MetricsSystemImpl (MetricsSystemImpl.java:init(158)) - HddsDatanode metrics system started (again)
2023-04-21 06:18:24,878 [Datanode State Machine Daemon Thread] INFO  statemachine.DatanodeStateMachine (DatanodeStateMachine.java:lambda$startDaemon$0(517)) - Ozone container server started.
2023-04-21 06:18:24,893 [Listener at 127.0.0.1/41999] INFO  ozone.HddsDatanodeService (HddsDatanodeService.java:start(252)) - HddsDatanodeService host:fv-az205-422 ip:10.1.0.35
2023-04-21 06:18:24,894 [org.apache.hadoop.util.JvmPauseMonitor$Monitor@581cf514] INFO  util.JvmPauseMonitor (JvmPauseMonitor.java:run(188)) - Starting JVM pause monitor
2023-04-21 06:18:24,905 [Datanode State Machine Task Thread - 0] INFO  datanode.InitDatanodeState (InitDatanodeState.java:persistContainerDatanodeDetails(138)) - DatanodeDetails is persisted to /home/runner/work/ozone/ozone/hadoop-ozone/integration-test/target/test-dir/MiniOzoneClusterImpl-5df7d698-6c9a-4a75-b3ca-6c6997f7fa13/datanode-1/meta/datanode.id
2023-04-21 06:18:24,918 [Listener at 127.0.0.1/41999] INFO  upgrade.AbstractLayoutVersionManager (AbstractLayoutVersionManager.java:init(83)) - Initializing Layout version manager with metadata layout = WEBUI_PORTS_IN_DATANODEDETAILS (version = 6), software layout = WEBUI_PORTS_IN_DATANODEDETAILS (version = 6)
2023-04-21 06:18:24,963 [Listener at 127.0.0.1/41999] INFO  reflections.Reflections (Reflections.java:scan(232)) - Reflections took 44 ms to scan 7 urls, producing 156 keys and 369 values 
2023-04-21 06:18:24,965 [Listener at 127.0.0.1/41999] INFO  statemachine.DatanodeStateMachine (DatanodeStateMachine.java:getEndPointTaskThreadPoolSize(260)) - Datanode State Machine Task Thread Pool size 2
2023-04-21 06:18:24,966 [Listener at 127.0.0.1/41999] INFO  volume.HddsVolume (HddsVolume.java:<init>(130)) - Creating HddsVolume: /home/runner/work/ozone/ozone/hadoop-ozone/integration-test/target/test-dir/MiniOzoneClusterImpl-5df7d698-6c9a-4a75-b3ca-6c6997f7fa13/datanode-2/data-0/containers/hdds of storage type : DISK capacity : 9223372036854775807
2023-04-21 06:18:24,966 [Listener at 127.0.0.1/41999] INFO  volume.MutableVolumeSet (MutableVolumeSet.java:initializeVolumeSet(175)) - Added Volume : /home/runner/work/ozone/ozone/hadoop-ozone/integration-test/target/test-dir/MiniOzoneClusterImpl-5df7d698-6c9a-4a75-b3ca-6c6997f7fa13/datanode-2/data-0/containers/hdds to VolumeSet
2023-04-21 06:18:24,966 [Listener at 127.0.0.1/41999] INFO  volume.ThrottledAsyncChecker (ThrottledAsyncChecker.java:schedule(141)) - Scheduling a check for /home/runner/work/ozone/ozone/hadoop-ozone/integration-test/target/test-dir/MiniOzoneClusterImpl-5df7d698-6c9a-4a75-b3ca-6c6997f7fa13/datanode-2/data-0/containers/hdds
2023-04-21 06:18:24,968 [Listener at 127.0.0.1/41999] INFO  volume.StorageVolumeChecker (StorageVolumeChecker.java:checkAllVolumes(202)) - Scheduled health check for volume /home/runner/work/ozone/ozone/hadoop-ozone/integration-test/target/test-dir/MiniOzoneClusterImpl-5df7d698-6c9a-4a75-b3ca-6c6997f7fa13/datanode-2/data-0/containers/hdds
2023-04-21 06:18:24,978 [Listener at 127.0.0.1/41999] INFO  volume.MutableVolumeSet (MutableVolumeSet.java:initializeVolumeSet(175)) - Added Volume : /home/runner/work/ozone/ozone/hadoop-ozone/integration-test/target/test-dir/MiniOzoneClusterImpl-5df7d698-6c9a-4a75-b3ca-6c6997f7fa13/datanode-2/data/ratis to VolumeSet
2023-04-21 06:18:24,978 [Listener at 127.0.0.1/41999] INFO  volume.ThrottledAsyncChecker (ThrottledAsyncChecker.java:schedule(141)) - Scheduling a check for /home/runner/work/ozone/ozone/hadoop-ozone/integration-test/target/test-dir/MiniOzoneClusterImpl-5df7d698-6c9a-4a75-b3ca-6c6997f7fa13/datanode-2/data/ratis
2023-04-21 06:18:24,978 [Listener at 127.0.0.1/41999] INFO  volume.StorageVolumeChecker (StorageVolumeChecker.java:checkAllVolumes(202)) - Scheduled health check for volume /home/runner/work/ozone/ozone/hadoop-ozone/integration-test/target/test-dir/MiniOzoneClusterImpl-5df7d698-6c9a-4a75-b3ca-6c6997f7fa13/datanode-2/data/ratis
2023-04-21 06:18:24,988 [Thread-2469] INFO  ozoneimpl.ContainerReader (ContainerReader.java:readVolume(175)) - Finish verifying containers on volume /home/runner/work/ozone/ozone/hadoop-ozone/integration-test/target/test-dir/MiniOzoneClusterImpl-5df7d698-6c9a-4a75-b3ca-6c6997f7fa13/datanode-2/data-0/containers/hdds
2023-04-21 06:18:24,989 [Listener at 127.0.0.1/41999] INFO  ozoneimpl.OzoneContainer (OzoneContainer.java:buildContainerSet(303)) - Build ContainerSet costs 0s
2023-04-21 06:18:24,990 [Listener at 127.0.0.1/41999] INFO  server.RaftServer (ConfUtils.java:logGet(46)) - raft.rpc.type = GRPC (default)
2023-04-21 06:18:24,992 [Listener at 127.0.0.1/41999] INFO  grpc.GrpcConfigKeys (ConfUtils.java:logFallback(53)) - raft.grpc.admin.host = null (fallback to raft.grpc.server.host)
2023-04-21 06:18:24,992 [Listener at 127.0.0.1/41999] INFO  grpc.GrpcConfigKeys (ConfUtils.java:logGet(46)) - raft.grpc.admin.port = 0 (custom)
2023-04-21 06:18:24,992 [Listener at 127.0.0.1/41999] INFO  grpc.GrpcConfigKeys (ConfUtils.java:logFallback(53)) - raft.grpc.client.host = null (fallback to raft.grpc.server.host)
2023-04-21 06:18:24,993 [Listener at 127.0.0.1/41999] INFO  grpc.GrpcConfigKeys (ConfUtils.java:logGet(46)) - raft.grpc.client.port = 0 (custom)
2023-04-21 06:18:24,993 [Listener at 127.0.0.1/41999] INFO  grpc.GrpcConfigKeys (ConfUtils.java:logGet(46)) - raft.grpc.server.host = null (default)
2023-04-21 06:18:24,993 [Listener at 127.0.0.1/41999] INFO  grpc.GrpcConfigKeys (ConfUtils.java:logGet(46)) - raft.grpc.server.port = 0 (default)
2023-04-21 06:18:24,993 [Listener at 127.0.0.1/41999] INFO  server.GrpcService (ConfUtils.java:logGet(46)) - raft.grpc.message.size.max = 32MB (=33554432) (custom)
2023-04-21 06:18:24,993 [Listener at 127.0.0.1/41999] INFO  server.RaftServerConfigKeys (ConfUtils.java:logGet(46)) - raft.server.log.appender.buffer.byte-limit = 33554432 (custom)
2023-04-21 06:18:24,993 [Listener at 127.0.0.1/41999] INFO  server.GrpcService (ConfUtils.java:logGet(46)) - raft.grpc.flow.control.window = 5MB (=5242880) (custom)
2023-04-21 06:18:24,993 [Listener at 127.0.0.1/41999] INFO  server.RaftServerConfigKeys (ConfUtils.java:logGet(46)) - raft.server.rpc.request.timeout = 60s (custom)
2023-04-21 06:18:24,993 [Listener at 127.0.0.1/41999] INFO  grpc.GrpcConfigKeys (ConfUtils.java:logGet(46)) - raft.grpc.server.heartbeat.channel = true (default)
2023-04-21 06:18:24,993 [Listener at 127.0.0.1/41999] INFO  grpc.GrpcConfigKeys (ConfUtils.java:logGet(46)) - raft.grpc.server.async.request.thread.pool.cached = true (default)
2023-04-21 06:18:24,993 [Listener at 127.0.0.1/41999] INFO  grpc.GrpcConfigKeys (ConfUtils.java:logGet(46)) - raft.grpc.server.async.request.thread.pool.size = 32 (default)
2023-04-21 06:18:24,994 [Listener at 127.0.0.1/41999] INFO  impl.DataStreamServerImpl (ConfUtils.java:logGet(46)) - raft.datastream.type = NETTY (custom)
2023-04-21 06:18:24,994 [Listener at 127.0.0.1/41999] INFO  server.RaftServerConfigKeys (ConfUtils.java:logGet(46)) - raft.server.data-stream.async.request.thread.pool.cached = false (default)
2023-04-21 06:18:24,994 [Listener at 127.0.0.1/41999] INFO  server.RaftServerConfigKeys (ConfUtils.java:logGet(46)) - raft.server.data-stream.async.request.thread.pool.size = 20 (custom)
2023-04-21 06:18:24,995 [Listener at 127.0.0.1/41999] INFO  server.RaftServerConfigKeys (ConfUtils.java:logGet(46)) - raft.server.data-stream.async.write.thread.pool.size = 16 (default)
2023-04-21 06:18:24,995 [Listener at 127.0.0.1/41999] INFO  server.RaftServerConfigKeys (ConfUtils.java:logGet(46)) - raft.server.data-stream.client.pool.size = 10 (default)
2023-04-21 06:18:24,996 [Listener at 127.0.0.1/41999] INFO  netty.NettyConfigKeys$DataStream (ConfUtils.java:logGet(46)) - raft.netty.dataStream.server.use-epoll = false (default)
2023-04-21 06:18:24,996 [Listener at 127.0.0.1/41999] INFO  netty.NettyConfigKeys$DataStream (ConfUtils.java:logGet(46)) - raft.netty.dataStream.server.boss-group.size = 0 (default)
2023-04-21 06:18:24,996 [Listener at 127.0.0.1/41999] INFO  netty.NettyConfigKeys$DataStream (ConfUtils.java:logGet(46)) - raft.netty.dataStream.server.worker-group.size = 0 (default)
2023-04-21 06:18:24,996 [Listener at 127.0.0.1/41999] INFO  netty.NettyConfigKeys$DataStream (ConfUtils.java:logGet(46)) - raft.netty.dataStream.server.tls.conf = null (default)
2023-04-21 06:18:24,996 [Listener at 127.0.0.1/41999] INFO  netty.NettyConfigKeys$DataStream (ConfUtils.java:logGet(46)) - raft.netty.dataStream.host = null (default)
2023-04-21 06:18:24,996 [Listener at 127.0.0.1/41999] INFO  netty.NettyConfigKeys$DataStream (ConfUtils.java:logGet(46)) - raft.netty.dataStream.port = 0 (default)
2023-04-21 06:18:24,997 [Listener at 127.0.0.1/41999] INFO  server.RaftServerConfigKeys (ConfUtils.java:logGet(46)) - raft.server.threadpool.proxy.cached = true (default)
2023-04-21 06:18:24,997 [Listener at 127.0.0.1/41999] INFO  server.RaftServerConfigKeys (ConfUtils.java:logGet(46)) - raft.server.threadpool.proxy.size = 0 (default)
2023-04-21 06:18:24,997 [Listener at 127.0.0.1/41999] INFO  server.RaftServerConfigKeys (ConfUtils.java:logGet(46)) - raft.server.rpc.slowness.timeout = 300s (custom)
2023-04-21 06:18:24,997 [Listener at 127.0.0.1/41999] INFO  server.RaftServerConfigKeys (ConfUtils.java:logGet(46)) - raft.server.leaderelection.leader.step-down.wait-time = 10s (default)
2023-04-21 06:18:24,997 [Listener at 127.0.0.1/41999] INFO  server.RaftServerConfigKeys (ConfUtils.java:logGet(46)) - raft.server.storage.dir = [/home/runner/work/ozone/ozone/hadoop-ozone/integration-test/target/test-dir/MiniOzoneClusterImpl-5df7d698-6c9a-4a75-b3ca-6c6997f7fa13/datanode-2/data/ratis] (custom)
2023-04-21 06:18:25,001 [acf62409-eb7d-4a8d-bf49-c09672ff1fd3-NettyServerStreamRpc-bossGroup--thread1] INFO  logging.LoggingHandler (AbstractInternalLogger.java:log(148)) - [id: 0x7d0e939f] REGISTERED
2023-04-21 06:18:25,001 [acf62409-eb7d-4a8d-bf49-c09672ff1fd3-NettyServerStreamRpc-bossGroup--thread1] INFO  logging.LoggingHandler (AbstractInternalLogger.java:log(148)) - [id: 0x7d0e939f] BIND: 0.0.0.0/0.0.0.0:0
2023-04-21 06:18:25,001 [acf62409-eb7d-4a8d-bf49-c09672ff1fd3-NettyServerStreamRpc-bossGroup--thread1] INFO  logging.LoggingHandler (AbstractInternalLogger.java:log(148)) - [id: 0x7d0e939f, L:/0:0:0:0:0:0:0:0:32899] ACTIVE
2023-04-21 06:18:25,003 [Listener at 127.0.0.1/41999] INFO  server.XceiverServerGrpc (XceiverServerGrpc.java:<init>(132)) - GrpcServer channel type EpollServerSocketChannel
2023-04-21 06:18:25,006 [Listener at 127.0.0.1/41999] INFO  http.BaseHttpServer (BaseHttpServer.java:newHttpServer2BuilderForOzone(224)) - Starting Web-server for hddsDatanode at: http://0.0.0.0:0
2023-04-21 06:18:25,006 [Listener at 127.0.0.1/41999] INFO  http.BaseHttpServer (BaseHttpServer.java:<init>(111)) - Hadoop Security Enabled: false Ozone Security Enabled: false Ozone HTTP Security Enabled: false 
2023-04-21 06:18:25,007 [Listener at 127.0.0.1/41999] WARN  server.AuthenticationFilter (AuthenticationFilter.java:constructSecretProvider(240)) - Unable to initialize FileSignerSecretProvider, falling back to use random secrets. Reason: Could not read signature secret file: /home/runner/hadoop-http-auth-signature-secret
2023-04-21 06:18:25,007 [Listener at 127.0.0.1/41999] INFO  http.HttpRequestLog (HttpRequestLog.java:getRequestLog(86)) - Http request log for http.requests.hddsDatanode is not defined
2023-04-21 06:18:25,008 [Listener at 127.0.0.1/41999] INFO  http.HttpServer2 (HttpServer2.java:addGlobalFilter(1031)) - Added global filter 'safety' (class=org.apache.hadoop.hdds.server.http.HttpServer2$QuotingInputFilter)
2023-04-21 06:18:25,008 [Listener at 127.0.0.1/41999] INFO  http.HttpServer2 (HttpServer2.java:addFilter(1007)) - Added filter static_user_filter (class=org.apache.hadoop.http.lib.StaticUserWebFilter$StaticUserFilter) to context hddsDatanode
2023-04-21 06:18:25,009 [Listener at 127.0.0.1/41999] INFO  http.HttpServer2 (HttpServer2.java:addFilter(1015)) - Added filter static_user_filter (class=org.apache.hadoop.http.lib.StaticUserWebFilter$StaticUserFilter) to context static
2023-04-21 06:18:25,009 [Listener at 127.0.0.1/41999] INFO  http.HttpServer2 (HttpServer2.java:addFilter(1015)) - Added filter static_user_filter (class=org.apache.hadoop.http.lib.StaticUserWebFilter$StaticUserFilter) to context logs
2023-04-21 06:18:25,009 [Listener at 127.0.0.1/41999] INFO  http.BaseHttpServer (BaseHttpServer.java:<init>(190)) - HTTP server of hddsDatanode uses base directory /home/runner/work/ozone/ozone/hadoop-ozone/integration-test/target/test-dir/MiniOzoneClusterImpl-5df7d698-6c9a-4a75-b3ca-6c6997f7fa13/datanode-2/meta/webserver
2023-04-21 06:18:25,009 [Listener at 127.0.0.1/41999] INFO  http.HttpServer2 (HttpServer2.java:bindListener(1250)) - Jetty bound to port 45199
2023-04-21 06:18:25,009 [Listener at 127.0.0.1/41999] INFO  server.Server (Server.java:doStart(375)) - jetty-9.4.49.v20220914; built: 2022-09-14T01:07:36.601Z; git: 4231a3b2e4cb8548a412a789936d640a97b1aa0a; jvm 1.8.0_362-b09
2023-04-21 06:18:25,014 [Listener at 127.0.0.1/41999] INFO  server.session (DefaultSessionIdManager.java:doStart(334)) - DefaultSessionIdManager workerName=node0
2023-04-21 06:18:25,014 [Listener at 127.0.0.1/41999] INFO  server.session (DefaultSessionIdManager.java:doStart(339)) - No SessionScavenger set, using defaults
2023-04-21 06:18:25,014 [Listener at 127.0.0.1/41999] INFO  server.session (HouseKeeper.java:startScavenging(132)) - node0 Scavenging every 660000ms
2023-04-21 06:18:25,015 [Listener at 127.0.0.1/41999] INFO  handler.ContextHandler (ContextHandler.java:doStart(921)) - Started o.e.j.s.ServletContextHandler@3705b9a3{logs,/logs,file:///home/runner/work/ozone/ozone/hadoop-ozone/integration-test/target/log,AVAILABLE}
2023-04-21 06:18:25,015 [Listener at 127.0.0.1/41999] INFO  handler.ContextHandler (ContextHandler.java:doStart(921)) - Started o.e.j.s.ServletContextHandler@6a437a27{static,/static,jar:file:/home/runner/.m2/repository/org/apache/ozone/hdds-container-service/1.4.0-SNAPSHOT/hdds-container-service-1.4.0-SNAPSHOT.jar!/webapps/static,AVAILABLE}
2023-04-21 06:18:25,206 [Listener at 127.0.0.1/41999] INFO  handler.ContextHandler (ContextHandler.java:doStart(921)) - Started o.e.j.w.WebAppContext@845b296{hddsDatanode,/,file:///home/runner/work/ozone/ozone/hadoop-ozone/integration-test/target/test-dir/MiniOzoneClusterImpl-5df7d698-6c9a-4a75-b3ca-6c6997f7fa13/datanode-2/meta/webserver/jetty-0_0_0_0-45199-hdds-container-service-1_4_0-SNAPSHOT_jar-_-any-1776735146596586099/webapp/,AVAILABLE}{jar:file:/home/runner/.m2/repository/org/apache/ozone/hdds-container-service/1.4.0-SNAPSHOT/hdds-container-service-1.4.0-SNAPSHOT.jar!/webapps/hddsDatanode}
2023-04-21 06:18:25,207 [Listener at 127.0.0.1/41999] INFO  server.AbstractConnector (AbstractConnector.java:doStart(333)) - Started ServerConnector@314a0c0a{HTTP/1.1, (http/1.1)}{0.0.0.0:45199}
2023-04-21 06:18:25,207 [Listener at 127.0.0.1/41999] INFO  server.Server (Server.java:doStart(415)) - Started @187897ms
2023-04-21 06:18:25,207 [Listener at 127.0.0.1/41999] WARN  impl.MetricsSystemImpl (MetricsSystemImpl.java:register(279)) - Sink prometheus already exists!
2023-04-21 06:18:25,208 [Listener at 127.0.0.1/41999] INFO  http.BaseHttpServer (BaseHttpServer.java:updateConnectorAddress(344)) - HTTP server of hddsDatanode listening at http://0.0.0.0:45199
2023-04-21 06:18:25,208 [Datanode State Machine Daemon Thread] INFO  statemachine.DatanodeStateMachine (DatanodeStateMachine.java:lambda$startDaemon$0(517)) - Ozone container server started.
2023-04-21 06:18:25,208 [Listener at 127.0.0.1/41999] INFO  ozone.MiniOzoneClusterImpl (MiniOzoneClusterImpl.java:lambda$waitForClusterToBeReady$0(223)) - Waiting for nodes to be ready. Got 0 of 3 DN Heartbeats.
2023-04-21 06:18:25,209 [Listener at 127.0.0.1/41999] INFO  ozone.MiniOzoneClusterImpl (MiniOzoneClusterImpl.java:lambda$waitForClusterToBeReady$0(226)) - Waiting for cluster to exit safe mode
2023-04-21 06:18:25,209 [Listener at 127.0.0.1/41999] INFO  ozone.MiniOzoneClusterImpl (MiniOzoneClusterImpl.java:lambda$waitForClusterToBeReady$0(228)) - SCM became leader
2023-04-21 06:18:25,210 [org.apache.hadoop.util.JvmPauseMonitor$Monitor@72083da8] INFO  util.JvmPauseMonitor (JvmPauseMonitor.java:run(188)) - Starting JVM pause monitor
2023-04-21 06:18:25,213 [Datanode State Machine Task Thread - 0] INFO  datanode.InitDatanodeState (InitDatanodeState.java:persistContainerDatanodeDetails(138)) - DatanodeDetails is persisted to /home/runner/work/ozone/ozone/hadoop-ozone/integration-test/target/test-dir/MiniOzoneClusterImpl-5df7d698-6c9a-4a75-b3ca-6c6997f7fa13/datanode-2/meta/datanode.id
2023-04-21 06:18:25,362 [om1@group-C5BA1605619E-FollowerState] INFO  impl.FollowerState (FollowerState.java:run(143)) - om1@group-C5BA1605619E-FollowerState: change to CANDIDATE, lastRpcElapsedTime:1159561568ns, electionTimeout:1159ms
2023-04-21 06:18:25,362 [om1@group-C5BA1605619E-FollowerState] INFO  impl.RoleInfo (RoleInfo.java:shutdownFollowerState(110)) - om1: shutdown om1@group-C5BA1605619E-FollowerState
2023-04-21 06:18:25,362 [om1@group-C5BA1605619E-FollowerState] INFO  server.RaftServer$Division (RaftServerImpl.java:setRole(321)) - om1@group-C5BA1605619E: changes role from  FOLLOWER to CANDIDATE at term 0 for changeToCandidate
2023-04-21 06:18:25,363 [om1@group-C5BA1605619E-FollowerState] INFO  server.RaftServerConfigKeys (ConfUtils.java:logGet(46)) - raft.server.leaderelection.pre-vote = true (default)
2023-04-21 06:18:25,363 [om1@group-C5BA1605619E-FollowerState] INFO  impl.RoleInfo (RoleInfo.java:updateAndGet(139)) - om1: start om1@group-C5BA1605619E-LeaderElection40
2023-04-21 06:18:25,365 [om1@group-C5BA1605619E-LeaderElection40] INFO  impl.LeaderElection (LeaderElection.java:askForVotes(312)) - om1@group-C5BA1605619E-LeaderElection40 PRE_VOTE round 0: submit vote requests at term 0 for -1: peers:[om1|rpc:localhost:9872|priority:0|startupRole:FOLLOWER]|listeners:[], old=null
2023-04-21 06:18:25,365 [om1@group-C5BA1605619E-LeaderElection40] INFO  impl.LeaderElection (LeaderElection.java:askForVotes(314)) - om1@group-C5BA1605619E-LeaderElection40 PRE_VOTE round 0: result PASSED (term=0)
2023-04-21 06:18:25,367 [om1@group-C5BA1605619E-LeaderElection40] INFO  impl.LeaderElection (LeaderElection.java:askForVotes(312)) - om1@group-C5BA1605619E-LeaderElection40 ELECTION round 0: submit vote requests at term 1 for -1: peers:[om1|rpc:localhost:9872|priority:0|startupRole:FOLLOWER]|listeners:[], old=null
2023-04-21 06:18:25,367 [om1@group-C5BA1605619E-LeaderElection40] INFO  impl.LeaderElection (LeaderElection.java:askForVotes(314)) - om1@group-C5BA1605619E-LeaderElection40 ELECTION round 0: result PASSED (term=1)
2023-04-21 06:18:25,367 [om1@group-C5BA1605619E-LeaderElection40] INFO  impl.RoleInfo (RoleInfo.java:shutdownLeaderElection(130)) - om1: shutdown om1@group-C5BA1605619E-LeaderElection40
2023-04-21 06:18:25,367 [om1@group-C5BA1605619E-LeaderElection40] INFO  server.RaftServer$Division (RaftServerImpl.java:setRole(321)) - om1@group-C5BA1605619E: changes role from CANDIDATE to LEADER at term 1 for changeToLeader
2023-04-21 06:18:25,367 [om1@group-C5BA1605619E-LeaderElection40] INFO  server.RaftServer$Division (ServerState.java:setLeader(313)) - om1@group-C5BA1605619E: change Leader from null to om1 at term 1 for becomeLeader, leader elected after 1572ms
2023-04-21 06:18:25,367 [om1@group-C5BA1605619E-LeaderElection40] INFO  server.RaftServerConfigKeys (ConfUtils.java:logGet(46)) - raft.server.staging.catchup.gap = 1000 (default)
2023-04-21 06:18:25,367 [om1@group-C5BA1605619E-LeaderElection40] INFO  server.RaftServerConfigKeys (ConfUtils.java:logGet(46)) - raft.server.write.element-limit = 4096 (default)
2023-04-21 06:18:25,367 [om1@group-C5BA1605619E-LeaderElection40] INFO  server.RaftServerConfigKeys (ConfUtils.java:logGet(46)) - raft.server.write.byte-limit = 64MB (=67108864) (default)
2023-04-21 06:18:25,368 [om1@group-C5BA1605619E-LeaderElection40] INFO  server.RaftServerConfigKeys (ConfUtils.java:logGet(46)) - raft.server.watch.timeout = 10s (default)
2023-04-21 06:18:25,368 [om1@group-C5BA1605619E-LeaderElection40] INFO  server.RaftServerConfigKeys (ConfUtils.java:logGet(46)) - raft.server.watch.timeout.denomination = 1s (default)
2023-04-21 06:18:25,368 [om1@group-C5BA1605619E-LeaderElection40] INFO  server.RaftServerConfigKeys (ConfUtils.java:logGet(46)) - raft.server.watch.element-limit = 65536 (default)
2023-04-21 06:18:25,368 [om1@group-C5BA1605619E-LeaderElection40] INFO  server.RaftServerConfigKeys (ConfUtils.java:logGet(46)) - raft.server.write.element-limit = 4096 (default)
2023-04-21 06:18:25,368 [om1@group-C5BA1605619E-LeaderElection40] INFO  server.RaftServerConfigKeys (ConfUtils.java:logGet(46)) - raft.server.write.follower.gap.ratio.max = -1.0 (default)
2023-04-21 06:18:25,368 [om1@group-C5BA1605619E-LeaderElection40] INFO  impl.RoleInfo (RoleInfo.java:updateAndGet(139)) - om1: start om1@group-C5BA1605619E-LeaderStateImpl
2023-04-21 06:18:25,368 [om1@group-C5BA1605619E-LeaderElection40] INFO  segmented.SegmentedRaftLogWorker (SegmentedRaftLogWorker.java:startLogSegment(452)) - om1@group-C5BA1605619E-SegmentedRaftLogWorker: Starting segment from index:0
2023-04-21 06:18:25,371 [om1@group-C5BA1605619E-LeaderElection40] INFO  server.RaftServer$Division (ServerState.java:setRaftConf(430)) - om1@group-C5BA1605619E: set configuration 0: peers:[om1|rpc:localhost:9872|admin:|client:|dataStream:|priority:0|startupRole:FOLLOWER]|listeners:[], old=null
2023-04-21 06:18:25,379 [om1@group-C5BA1605619E-SegmentedRaftLogWorker] INFO  segmented.SegmentedRaftLogWorker (SegmentedRaftLogWorker.java:execute(656)) - om1@group-C5BA1605619E-SegmentedRaftLogWorker: created new log segment /home/runner/work/ozone/ozone/hadoop-ozone/integration-test/target/test-dir/MiniOzoneClusterImpl-5df7d698-6c9a-4a75-b3ca-6c6997f7fa13/ozone-meta/ratis/bf265839-605b-3f16-9796-c5ba1605619e/current/log_inprogress_0
2023-04-21 06:18:25,380 [om1@group-C5BA1605619E-StateMachineUpdater] INFO  ratis.OzoneManagerStateMachine (OzoneManagerStateMachine.java:notifyConfigurationChanged(200)) - Received Configuration change notification from Ratis. New Peer list:
[id: "om1"
address: "localhost:9872"
startupRole: FOLLOWER
]
2023-04-21 06:18:26,209 [Listener at 127.0.0.1/41999] INFO  ozone.MiniOzoneClusterImpl (MiniOzoneClusterImpl.java:lambda$waitForClusterToBeReady$0(223)) - Waiting for nodes to be ready. Got 0 of 3 DN Heartbeats.
2023-04-21 06:18:26,210 [Listener at 127.0.0.1/41999] INFO  ozone.MiniOzoneClusterImpl (MiniOzoneClusterImpl.java:lambda$waitForClusterToBeReady$0(226)) - Waiting for cluster to exit safe mode
2023-04-21 06:18:26,210 [Listener at 127.0.0.1/41999] INFO  ozone.MiniOzoneClusterImpl (MiniOzoneClusterImpl.java:lambda$waitForClusterToBeReady$0(228)) - SCM became leader
2023-04-21 06:18:26,602 [EndpointStateMachine task thread for /0.0.0.0:44857 - 0 ] INFO  utils.DatanodeStoreCache (DatanodeStoreCache.java:addDB(58)) - Added db /home/runner/work/ozone/ozone/hadoop-ozone/integration-test/target/test-dir/MiniOzoneClusterImpl-5df7d698-6c9a-4a75-b3ca-6c6997f7fa13/datanode-0/data-0/containers/hdds/5df7d698-6c9a-4a75-b3ca-6c6997f7fa13/DS-252261b1-c055-4af2-9c03-126b9fb0fb5d/container.db to cache
2023-04-21 06:18:26,603 [EndpointStateMachine task thread for /0.0.0.0:44857 - 0 ] INFO  volume.HddsVolume (HddsVolume.java:createDbStore(350)) - SchemaV3 db is created and loaded at /home/runner/work/ozone/ozone/hadoop-ozone/integration-test/target/test-dir/MiniOzoneClusterImpl-5df7d698-6c9a-4a75-b3ca-6c6997f7fa13/datanode-0/data-0/containers/hdds/5df7d698-6c9a-4a75-b3ca-6c6997f7fa13/DS-252261b1-c055-4af2-9c03-126b9fb0fb5d/container.db for volume DS-252261b1-c055-4af2-9c03-126b9fb0fb5d
2023-04-21 06:18:26,603 [EndpointStateMachine task thread for /0.0.0.0:44857 - 0 ] INFO  ozoneimpl.OzoneContainer (OzoneContainer.java:start(397)) - Attempting to start container services.
2023-04-21 06:18:26,603 [EndpointStateMachine task thread for /0.0.0.0:44857 - 0 ] INFO  ozoneimpl.OzoneContainer (OzoneContainer.java:startContainerScrub(314)) - Scheduled background container scanners and the on-demand container scanner have been disabled.
2023-04-21 06:18:26,604 [EndpointStateMachine task thread for /0.0.0.0:44857 - 0 ] INFO  replication.ReplicationServer (ReplicationServer.java:start(109)) - ReplicationServer is started using port 33059
2023-04-21 06:18:26,604 [EndpointStateMachine task thread for /0.0.0.0:44857 - 0 ] INFO  ratis.XceiverServerRatis (XceiverServerRatis.java:start(517)) - Starting XceiverServerRatis e741532c-559f-497b-a202-f4f9d9b61a12
2023-04-21 06:18:26,605 [EndpointStateMachine task thread for /0.0.0.0:44857 - 0 ] INFO  server.RaftServer (RaftServerProxy.java:startImpl(393)) - e741532c-559f-497b-a202-f4f9d9b61a12: start RPC server
2023-04-21 06:18:26,606 [EndpointStateMachine task thread for /0.0.0.0:44857 - 0 ] INFO  server.GrpcService (GrpcService.java:startImpl(262)) - e741532c-559f-497b-a202-f4f9d9b61a12: GrpcService started, listening on 43445
2023-04-21 06:18:26,606 [EndpointStateMachine task thread for /0.0.0.0:44857 - 0 ] INFO  ratis.XceiverServerRatis (XceiverServerRatis.java:getRealPort(543)) - XceiverServerRatis e741532c-559f-497b-a202-f4f9d9b61a12 is started using port 43445 for RATIS
2023-04-21 06:18:26,606 [EndpointStateMachine task thread for /0.0.0.0:44857 - 0 ] INFO  ratis.XceiverServerRatis (XceiverServerRatis.java:getRealPort(543)) - XceiverServerRatis e741532c-559f-497b-a202-f4f9d9b61a12 is started using port 43445 for RATIS_ADMIN
2023-04-21 06:18:26,606 [JvmPauseMonitor26] INFO  util.JvmPauseMonitor (JvmPauseMonitor.java:run(105)) - JvmPauseMonitor-e741532c-559f-497b-a202-f4f9d9b61a12: Started
2023-04-21 06:18:26,606 [EndpointStateMachine task thread for /0.0.0.0:44857 - 0 ] INFO  ratis.XceiverServerRatis (XceiverServerRatis.java:getRealPort(543)) - XceiverServerRatis e741532c-559f-497b-a202-f4f9d9b61a12 is started using port 43445 for RATIS_SERVER
2023-04-21 06:18:26,606 [EndpointStateMachine task thread for /0.0.0.0:44857 - 0 ] INFO  ratis.XceiverServerRatis (XceiverServerRatis.java:getRealPort(543)) - XceiverServerRatis e741532c-559f-497b-a202-f4f9d9b61a12 is started using port 40381 for RATIS_DATASTREAM
2023-04-21 06:18:26,607 [EndpointStateMachine task thread for /0.0.0.0:44857 - 0 ] INFO  server.XceiverServerGrpc (XceiverServerGrpc.java:start(180)) - XceiverServerGrpc e741532c-559f-497b-a202-f4f9d9b61a12 is started using port 38093
2023-04-21 06:18:26,607 [BlockDeletingService#0] INFO  interfaces.ContainerDeletionChoosingPolicyTemplate (ContainerDeletionChoosingPolicyTemplate.java:chooseContainerForBlockDeletion(83)) - Chosen 0/5000 blocks from 0 candidate containers.
2023-04-21 06:18:26,931 [EndpointStateMachine task thread for /0.0.0.0:44857 - 0 ] INFO  utils.DatanodeStoreCache (DatanodeStoreCache.java:addDB(58)) - Added db /home/runner/work/ozone/ozone/hadoop-ozone/integration-test/target/test-dir/MiniOzoneClusterImpl-5df7d698-6c9a-4a75-b3ca-6c6997f7fa13/datanode-1/data-0/containers/hdds/5df7d698-6c9a-4a75-b3ca-6c6997f7fa13/DS-6c0a783d-0369-4458-9ab3-a0669509de8f/container.db to cache
2023-04-21 06:18:26,931 [EndpointStateMachine task thread for /0.0.0.0:44857 - 0 ] INFO  volume.HddsVolume (HddsVolume.java:createDbStore(350)) - SchemaV3 db is created and loaded at /home/runner/work/ozone/ozone/hadoop-ozone/integration-test/target/test-dir/MiniOzoneClusterImpl-5df7d698-6c9a-4a75-b3ca-6c6997f7fa13/datanode-1/data-0/containers/hdds/5df7d698-6c9a-4a75-b3ca-6c6997f7fa13/DS-6c0a783d-0369-4458-9ab3-a0669509de8f/container.db for volume DS-6c0a783d-0369-4458-9ab3-a0669509de8f
2023-04-21 06:18:26,932 [EndpointStateMachine task thread for /0.0.0.0:44857 - 0 ] INFO  ozoneimpl.OzoneContainer (OzoneContainer.java:start(397)) - Attempting to start container services.
2023-04-21 06:18:26,932 [EndpointStateMachine task thread for /0.0.0.0:44857 - 0 ] INFO  ozoneimpl.OzoneContainer (OzoneContainer.java:startContainerScrub(314)) - Scheduled background container scanners and the on-demand container scanner have been disabled.
2023-04-21 06:18:26,933 [EndpointStateMachine task thread for /0.0.0.0:44857 - 0 ] INFO  replication.ReplicationServer (ReplicationServer.java:start(109)) - ReplicationServer is started using port 36161
2023-04-21 06:18:26,933 [EndpointStateMachine task thread for /0.0.0.0:44857 - 0 ] INFO  ratis.XceiverServerRatis (XceiverServerRatis.java:start(517)) - Starting XceiverServerRatis 89310092-6a08-4a04-ad3d-d7c31a3b6af8
2023-04-21 06:18:26,936 [EndpointStateMachine task thread for /0.0.0.0:44857 - 0 ] INFO  server.RaftServer (RaftServerProxy.java:startImpl(393)) - 89310092-6a08-4a04-ad3d-d7c31a3b6af8: start RPC server
2023-04-21 06:18:26,938 [EndpointStateMachine task thread for /0.0.0.0:44857 - 0 ] INFO  server.GrpcService (GrpcService.java:startImpl(262)) - 89310092-6a08-4a04-ad3d-d7c31a3b6af8: GrpcService started, listening on 39263
2023-04-21 06:18:26,938 [EndpointStateMachine task thread for /0.0.0.0:44857 - 0 ] INFO  ratis.XceiverServerRatis (XceiverServerRatis.java:getRealPort(543)) - XceiverServerRatis 89310092-6a08-4a04-ad3d-d7c31a3b6af8 is started using port 39263 for RATIS
2023-04-21 06:18:26,938 [JvmPauseMonitor27] INFO  util.JvmPauseMonitor (JvmPauseMonitor.java:run(105)) - JvmPauseMonitor-89310092-6a08-4a04-ad3d-d7c31a3b6af8: Started
2023-04-21 06:18:26,938 [EndpointStateMachine task thread for /0.0.0.0:44857 - 0 ] INFO  ratis.XceiverServerRatis (XceiverServerRatis.java:getRealPort(543)) - XceiverServerRatis 89310092-6a08-4a04-ad3d-d7c31a3b6af8 is started using port 39263 for RATIS_ADMIN
2023-04-21 06:18:26,938 [EndpointStateMachine task thread for /0.0.0.0:44857 - 0 ] INFO  ratis.XceiverServerRatis (XceiverServerRatis.java:getRealPort(543)) - XceiverServerRatis 89310092-6a08-4a04-ad3d-d7c31a3b6af8 is started using port 39263 for RATIS_SERVER
2023-04-21 06:18:26,938 [EndpointStateMachine task thread for /0.0.0.0:44857 - 0 ] INFO  ratis.XceiverServerRatis (XceiverServerRatis.java:getRealPort(543)) - XceiverServerRatis 89310092-6a08-4a04-ad3d-d7c31a3b6af8 is started using port 39791 for RATIS_DATASTREAM
2023-04-21 06:18:26,943 [EndpointStateMachine task thread for /0.0.0.0:44857 - 0 ] INFO  server.XceiverServerGrpc (XceiverServerGrpc.java:start(180)) - XceiverServerGrpc 89310092-6a08-4a04-ad3d-d7c31a3b6af8 is started using port 33123
2023-04-21 06:18:26,946 [BlockDeletingService#0] INFO  interfaces.ContainerDeletionChoosingPolicyTemplate (ContainerDeletionChoosingPolicyTemplate.java:chooseContainerForBlockDeletion(83)) - Chosen 0/5000 blocks from 0 candidate containers.
2023-04-21 06:18:27,210 [Listener at 127.0.0.1/41999] INFO  ozone.MiniOzoneClusterImpl (MiniOzoneClusterImpl.java:lambda$waitForClusterToBeReady$0(223)) - Waiting for nodes to be ready. Got 0 of 3 DN Heartbeats.
2023-04-21 06:18:27,210 [Listener at 127.0.0.1/41999] INFO  ozone.MiniOzoneClusterImpl (MiniOzoneClusterImpl.java:lambda$waitForClusterToBeReady$0(226)) - Waiting for cluster to exit safe mode
2023-04-21 06:18:27,210 [Listener at 127.0.0.1/41999] INFO  ozone.MiniOzoneClusterImpl (MiniOzoneClusterImpl.java:lambda$waitForClusterToBeReady$0(228)) - SCM became leader
2023-04-21 06:18:27,248 [EndpointStateMachine task thread for /0.0.0.0:44857 - 0 ] INFO  utils.DatanodeStoreCache (DatanodeStoreCache.java:addDB(58)) - Added db /home/runner/work/ozone/ozone/hadoop-ozone/integration-test/target/test-dir/MiniOzoneClusterImpl-5df7d698-6c9a-4a75-b3ca-6c6997f7fa13/datanode-2/data-0/containers/hdds/5df7d698-6c9a-4a75-b3ca-6c6997f7fa13/DS-340e5fa3-68b4-4ca8-94c2-953346ef6504/container.db to cache
2023-04-21 06:18:27,248 [EndpointStateMachine task thread for /0.0.0.0:44857 - 0 ] INFO  volume.HddsVolume (HddsVolume.java:createDbStore(350)) - SchemaV3 db is created and loaded at /home/runner/work/ozone/ozone/hadoop-ozone/integration-test/target/test-dir/MiniOzoneClusterImpl-5df7d698-6c9a-4a75-b3ca-6c6997f7fa13/datanode-2/data-0/containers/hdds/5df7d698-6c9a-4a75-b3ca-6c6997f7fa13/DS-340e5fa3-68b4-4ca8-94c2-953346ef6504/container.db for volume DS-340e5fa3-68b4-4ca8-94c2-953346ef6504
2023-04-21 06:18:27,248 [EndpointStateMachine task thread for /0.0.0.0:44857 - 0 ] INFO  ozoneimpl.OzoneContainer (OzoneContainer.java:start(397)) - Attempting to start container services.
2023-04-21 06:18:27,248 [EndpointStateMachine task thread for /0.0.0.0:44857 - 0 ] INFO  ozoneimpl.OzoneContainer (OzoneContainer.java:startContainerScrub(314)) - Scheduled background container scanners and the on-demand container scanner have been disabled.
2023-04-21 06:18:27,251 [EndpointStateMachine task thread for /0.0.0.0:44857 - 0 ] INFO  replication.ReplicationServer (ReplicationServer.java:start(109)) - ReplicationServer is started using port 33067
2023-04-21 06:18:27,251 [EndpointStateMachine task thread for /0.0.0.0:44857 - 0 ] INFO  ratis.XceiverServerRatis (XceiverServerRatis.java:start(517)) - Starting XceiverServerRatis acf62409-eb7d-4a8d-bf49-c09672ff1fd3
2023-04-21 06:18:27,252 [EndpointStateMachine task thread for /0.0.0.0:44857 - 0 ] INFO  server.RaftServer (RaftServerProxy.java:startImpl(393)) - acf62409-eb7d-4a8d-bf49-c09672ff1fd3: start RPC server
2023-04-21 06:18:27,253 [EndpointStateMachine task thread for /0.0.0.0:44857 - 0 ] INFO  server.GrpcService (GrpcService.java:startImpl(262)) - acf62409-eb7d-4a8d-bf49-c09672ff1fd3: GrpcService started, listening on 37499
2023-04-21 06:18:27,253 [EndpointStateMachine task thread for /0.0.0.0:44857 - 0 ] INFO  ratis.XceiverServerRatis (XceiverServerRatis.java:getRealPort(543)) - XceiverServerRatis acf62409-eb7d-4a8d-bf49-c09672ff1fd3 is started using port 37499 for RATIS
2023-04-21 06:18:27,253 [EndpointStateMachine task thread for /0.0.0.0:44857 - 0 ] INFO  ratis.XceiverServerRatis (XceiverServerRatis.java:getRealPort(543)) - XceiverServerRatis acf62409-eb7d-4a8d-bf49-c09672ff1fd3 is started using port 37499 for RATIS_ADMIN
2023-04-21 06:18:27,253 [JvmPauseMonitor28] INFO  util.JvmPauseMonitor (JvmPauseMonitor.java:run(105)) - JvmPauseMonitor-acf62409-eb7d-4a8d-bf49-c09672ff1fd3: Started
2023-04-21 06:18:27,253 [EndpointStateMachine task thread for /0.0.0.0:44857 - 0 ] INFO  ratis.XceiverServerRatis (XceiverServerRatis.java:getRealPort(543)) - XceiverServerRatis acf62409-eb7d-4a8d-bf49-c09672ff1fd3 is started using port 37499 for RATIS_SERVER
2023-04-21 06:18:27,253 [EndpointStateMachine task thread for /0.0.0.0:44857 - 0 ] INFO  ratis.XceiverServerRatis (XceiverServerRatis.java:getRealPort(543)) - XceiverServerRatis acf62409-eb7d-4a8d-bf49-c09672ff1fd3 is started using port 32899 for RATIS_DATASTREAM
2023-04-21 06:18:27,256 [EndpointStateMachine task thread for /0.0.0.0:44857 - 0 ] INFO  server.XceiverServerGrpc (XceiverServerGrpc.java:start(180)) - XceiverServerGrpc acf62409-eb7d-4a8d-bf49-c09672ff1fd3 is started using port 44559
2023-04-21 06:18:27,257 [BlockDeletingService#0] INFO  interfaces.ContainerDeletionChoosingPolicyTemplate (ContainerDeletionChoosingPolicyTemplate.java:chooseContainerForBlockDeletion(83)) - Chosen 0/5000 blocks from 0 candidate containers.
2023-04-21 06:18:28,210 [Listener at 127.0.0.1/41999] INFO  ozone.MiniOzoneClusterImpl (MiniOzoneClusterImpl.java:lambda$waitForClusterToBeReady$0(223)) - Waiting for nodes to be ready. Got 0 of 3 DN Heartbeats.
2023-04-21 06:18:28,210 [Listener at 127.0.0.1/41999] INFO  ozone.MiniOzoneClusterImpl (MiniOzoneClusterImpl.java:lambda$waitForClusterToBeReady$0(226)) - Waiting for cluster to exit safe mode
2023-04-21 06:18:28,210 [Listener at 127.0.0.1/41999] INFO  ozone.MiniOzoneClusterImpl (MiniOzoneClusterImpl.java:lambda$waitForClusterToBeReady$0(228)) - SCM became leader
2023-04-21 06:18:28,569 [IPC Server handler 0 on default port 44857] INFO  net.NetworkTopologyImpl (NetworkTopologyImpl.java:add(112)) - Added a new node: /rack1/e741532c-559f-497b-a202-f4f9d9b61a12
2023-04-21 06:18:28,569 [IPC Server handler 0 on default port 44857] INFO  node.SCMNodeManager (SCMNodeManager.java:register(404)) - Registered Data node : e741532c-559f-497b-a202-f4f9d9b61a12{ip: 10.1.0.35, host: fv-az205-422, ports: [HTTP=39389, REPLICATION=33059, RATIS=43445, RATIS_ADMIN=43445, RATIS_SERVER=43445, RATIS_DATASTREAM=40381, STANDALONE=38093], networkLocation: /rack1, certSerialId: null, persistedOpState: null, persistedOpStateExpiryEpochSec: 0}
2023-04-21 06:18:28,571 [EventQueue-NodeRegistrationContainerReportForDataNodeSafeModeRule] INFO  safemode.SCMSafeModeManager (DataNodeSafeModeRule.java:process(71)) - SCM in safe mode. 1 DataNodes registered, 3 required.
2023-04-21 06:18:28,571 [EventQueue-PipelineReportForOneReplicaPipelineSafeModeRule] INFO  safemode.SCMSafeModeManager (SCMSafeModeManager.java:validateSafeModeExitRules(200)) - AtleastOneDatanodeReportedRule rule is successfully validated
2023-04-21 06:18:28,574 [EventQueue-NewNodeForNewNodeHandler] INFO  pipeline.BackgroundPipelineCreator (BackgroundPipelineCreator.java:notifyEventTriggered(276)) - trigger a one-shot run on RatisPipelineUtilsThread.
2023-04-21 06:18:28,574 [EventQueue-NodeRegistrationContainerReportForContainerSafeModeRule] INFO  safemode.SCMSafeModeManager (SCMSafeModeManager.java:validateSafeModeExitRules(200)) - ContainerSafeModeRule rule is successfully validated
2023-04-21 06:18:28,574 [RatisPipelineUtilsThread - 0] INFO  pipeline.RatisPipelineProvider (RatisPipelineProvider.java:lambda$create$0(206)) - Sending CreatePipelineCommand for pipeline:PipelineID=ffd63b28-4dba-4ec3-80ce-d3a440d4da68 to datanode:e741532c-559f-497b-a202-f4f9d9b61a12
2023-04-21 06:18:28,575 [RatisPipelineUtilsThread - 0] INFO  pipeline.PipelineStateManagerImpl (PipelineStateManagerImpl.java:addPipeline(103)) - Created pipeline Pipeline[ Id: ffd63b28-4dba-4ec3-80ce-d3a440d4da68, Nodes: e741532c-559f-497b-a202-f4f9d9b61a12(fv-az205-422/10.1.0.35), ReplicationConfig: RATIS/ONE, State:ALLOCATED, leaderId:, CreationTimestamp2023-04-21T06:18:28.574Z[Etc/UTC]].
2023-04-21 06:18:28,896 [IPC Server handler 1 on default port 44857] INFO  net.NetworkTopologyImpl (NetworkTopologyImpl.java:add(112)) - Added a new node: /rack1/89310092-6a08-4a04-ad3d-d7c31a3b6af8
2023-04-21 06:18:28,896 [IPC Server handler 1 on default port 44857] INFO  node.SCMNodeManager (SCMNodeManager.java:register(404)) - Registered Data node : 89310092-6a08-4a04-ad3d-d7c31a3b6af8{ip: 10.1.0.35, host: fv-az205-422, ports: [HTTP=35111, REPLICATION=36161, RATIS=39263, RATIS_ADMIN=39263, RATIS_SERVER=39263, RATIS_DATASTREAM=39791, STANDALONE=33123], networkLocation: /rack1, certSerialId: null, persistedOpState: null, persistedOpStateExpiryEpochSec: 0}
2023-04-21 06:18:28,897 [EventQueue-NewNodeForNewNodeHandler] INFO  pipeline.BackgroundPipelineCreator (BackgroundPipelineCreator.java:notifyEventTriggered(276)) - trigger a one-shot run on RatisPipelineUtilsThread.
2023-04-21 06:18:28,898 [EventQueue-NodeRegistrationContainerReportForDataNodeSafeModeRule] INFO  safemode.SCMSafeModeManager (DataNodeSafeModeRule.java:process(71)) - SCM in safe mode. 2 DataNodes registered, 3 required.
2023-04-21 06:18:28,898 [RatisPipelineUtilsThread - 0] INFO  pipeline.RatisPipelineProvider (RatisPipelineProvider.java:lambda$create$0(206)) - Sending CreatePipelineCommand for pipeline:PipelineID=443fde9c-a019-4cb4-97af-d015c65811e2 to datanode:89310092-6a08-4a04-ad3d-d7c31a3b6af8
2023-04-21 06:18:28,899 [RatisPipelineUtilsThread - 0] INFO  pipeline.PipelineStateManagerImpl (PipelineStateManagerImpl.java:addPipeline(103)) - Created pipeline Pipeline[ Id: 443fde9c-a019-4cb4-97af-d015c65811e2, Nodes: 89310092-6a08-4a04-ad3d-d7c31a3b6af8(fv-az205-422/10.1.0.35), ReplicationConfig: RATIS/ONE, State:ALLOCATED, leaderId:, CreationTimestamp2023-04-21T06:18:28.898Z[Etc/UTC]].
2023-04-21 06:18:29,211 [Listener at 127.0.0.1/41999] INFO  ozone.MiniOzoneClusterImpl (MiniOzoneClusterImpl.java:lambda$waitForClusterToBeReady$0(223)) - Waiting for nodes to be ready. Got 2 of 3 DN Heartbeats.
2023-04-21 06:18:29,211 [Listener at 127.0.0.1/41999] INFO  ozone.MiniOzoneClusterImpl (MiniOzoneClusterImpl.java:lambda$waitForClusterToBeReady$0(226)) - Waiting for cluster to exit safe mode
2023-04-21 06:18:29,211 [Listener at 127.0.0.1/41999] INFO  ozone.MiniOzoneClusterImpl (MiniOzoneClusterImpl.java:lambda$waitForClusterToBeReady$0(228)) - SCM became leader
2023-04-21 06:18:29,212 [IPC Server handler 2 on default port 44857] INFO  net.NetworkTopologyImpl (NetworkTopologyImpl.java:add(112)) - Added a new node: /rack1/acf62409-eb7d-4a8d-bf49-c09672ff1fd3
2023-04-21 06:18:29,212 [IPC Server handler 2 on default port 44857] INFO  node.SCMNodeManager (SCMNodeManager.java:register(404)) - Registered Data node : acf62409-eb7d-4a8d-bf49-c09672ff1fd3{ip: 10.1.0.35, host: fv-az205-422, ports: [HTTP=45199, REPLICATION=33067, RATIS=37499, RATIS_ADMIN=37499, RATIS_SERVER=37499, RATIS_DATASTREAM=32899, STANDALONE=44559], networkLocation: /rack1, certSerialId: null, persistedOpState: null, persistedOpStateExpiryEpochSec: 0}
2023-04-21 06:18:29,212 [EventQueue-NewNodeForNewNodeHandler] INFO  pipeline.BackgroundPipelineCreator (BackgroundPipelineCreator.java:notifyEventTriggered(276)) - trigger a one-shot run on RatisPipelineUtilsThread.
2023-04-21 06:18:29,213 [EventQueue-NodeRegistrationContainerReportForDataNodeSafeModeRule] INFO  safemode.SCMSafeModeManager (DataNodeSafeModeRule.java:process(71)) - SCM in safe mode. 3 DataNodes registered, 3 required.
2023-04-21 06:18:29,213 [EventQueue-NodeRegistrationContainerReportForDataNodeSafeModeRule] INFO  safemode.SCMSafeModeManager (SCMSafeModeManager.java:validateSafeModeExitRules(200)) - DataNodeSafeModeRule rule is successfully validated
2023-04-21 06:18:29,213 [EventQueue-NodeRegistrationContainerReportForDataNodeSafeModeRule] INFO  safemode.SCMSafeModeManager (SCMSafeModeManager.java:completePreCheck(229)) - All SCM safe mode pre check rules have passed
2023-04-21 06:18:29,213 [EventQueue-NodeRegistrationContainerReportForDataNodeSafeModeRule] INFO  ha.SCMContext (SCMContext.java:updateSafeModeStatus(228)) - Update SafeModeStatus from SafeModeStatus{safeModeStatus=true, preCheckPassed=false} to SafeModeStatus{safeModeStatus=true, preCheckPassed=true}.
2023-04-21 06:18:29,213 [EventQueue-NodeRegistrationContainerReportForDataNodeSafeModeRule] INFO  pipeline.BackgroundPipelineCreator (BackgroundPipelineCreator.java:notifyEventTriggered(276)) - trigger a one-shot run on RatisPipelineUtilsThread.
2023-04-21 06:18:29,214 [RatisPipelineUtilsThread - 0] INFO  pipeline.RatisPipelineProvider (RatisPipelineProvider.java:lambda$create$0(206)) - Sending CreatePipelineCommand for pipeline:PipelineID=d5782de6-d1ae-4c0a-9e6b-aae080eaeaf1 to datanode:acf62409-eb7d-4a8d-bf49-c09672ff1fd3
2023-04-21 06:18:29,215 [RatisPipelineUtilsThread - 0] INFO  pipeline.PipelineStateManagerImpl (PipelineStateManagerImpl.java:addPipeline(103)) - Created pipeline Pipeline[ Id: d5782de6-d1ae-4c0a-9e6b-aae080eaeaf1, Nodes: acf62409-eb7d-4a8d-bf49-c09672ff1fd3(fv-az205-422/10.1.0.35), ReplicationConfig: RATIS/ONE, State:ALLOCATED, leaderId:, CreationTimestamp2023-04-21T06:18:29.214Z[Etc/UTC]].
2023-04-21 06:18:29,215 [RatisPipelineUtilsThread - 0] INFO  pipeline.RatisPipelineProvider (RatisPipelineProvider.java:lambda$create$0(206)) - Sending CreatePipelineCommand for pipeline:PipelineID=908356c2-a06b-487d-989e-f7f59576ad21 to datanode:acf62409-eb7d-4a8d-bf49-c09672ff1fd3
2023-04-21 06:18:29,215 [RatisPipelineUtilsThread - 0] INFO  pipeline.RatisPipelineProvider (RatisPipelineProvider.java:lambda$create$0(206)) - Sending CreatePipelineCommand for pipeline:PipelineID=908356c2-a06b-487d-989e-f7f59576ad21 to datanode:89310092-6a08-4a04-ad3d-d7c31a3b6af8
2023-04-21 06:18:29,215 [RatisPipelineUtilsThread - 0] INFO  pipeline.RatisPipelineProvider (RatisPipelineProvider.java:lambda$create$0(206)) - Sending CreatePipelineCommand for pipeline:PipelineID=908356c2-a06b-487d-989e-f7f59576ad21 to datanode:e741532c-559f-497b-a202-f4f9d9b61a12
2023-04-21 06:18:29,215 [RatisPipelineUtilsThread - 0] INFO  pipeline.PipelineStateManagerImpl (PipelineStateManagerImpl.java:addPipeline(103)) - Created pipeline Pipeline[ Id: 908356c2-a06b-487d-989e-f7f59576ad21, Nodes: acf62409-eb7d-4a8d-bf49-c09672ff1fd3(fv-az205-422/10.1.0.35)89310092-6a08-4a04-ad3d-d7c31a3b6af8(fv-az205-422/10.1.0.35)e741532c-559f-497b-a202-f4f9d9b61a12(fv-az205-422/10.1.0.35), ReplicationConfig: RATIS/THREE, State:ALLOCATED, leaderId:, CreationTimestamp2023-04-21T06:18:29.215Z[Etc/UTC]].
2023-04-21 06:18:29,217 [RatisPipelineUtilsThread - 0] INFO  pipeline.RatisPipelineProvider (RatisPipelineProvider.java:lambda$create$0(206)) - Sending CreatePipelineCommand for pipeline:PipelineID=48fd6bb0-5678-43ae-95cc-8a928ead5328 to datanode:89310092-6a08-4a04-ad3d-d7c31a3b6af8
2023-04-21 06:18:29,217 [RatisPipelineUtilsThread - 0] INFO  pipeline.RatisPipelineProvider (RatisPipelineProvider.java:lambda$create$0(206)) - Sending CreatePipelineCommand for pipeline:PipelineID=48fd6bb0-5678-43ae-95cc-8a928ead5328 to datanode:e741532c-559f-497b-a202-f4f9d9b61a12
2023-04-21 06:18:29,217 [RatisPipelineUtilsThread - 0] INFO  pipeline.RatisPipelineProvider (RatisPipelineProvider.java:lambda$create$0(206)) - Sending CreatePipelineCommand for pipeline:PipelineID=48fd6bb0-5678-43ae-95cc-8a928ead5328 to datanode:acf62409-eb7d-4a8d-bf49-c09672ff1fd3
2023-04-21 06:18:29,217 [RatisPipelineUtilsThread - 0] INFO  pipeline.PipelineStateManagerImpl (PipelineStateManagerImpl.java:addPipeline(103)) - Created pipeline Pipeline[ Id: 48fd6bb0-5678-43ae-95cc-8a928ead5328, Nodes: 89310092-6a08-4a04-ad3d-d7c31a3b6af8(fv-az205-422/10.1.0.35)e741532c-559f-497b-a202-f4f9d9b61a12(fv-az205-422/10.1.0.35)acf62409-eb7d-4a8d-bf49-c09672ff1fd3(fv-az205-422/10.1.0.35), ReplicationConfig: RATIS/THREE, State:ALLOCATED, leaderId:, CreationTimestamp2023-04-21T06:18:29.217Z[Etc/UTC]].
2023-04-21 06:18:29,217 [RatisPipelineUtilsThread - 0] INFO  pipeline.PipelineManagerImpl (PipelineManagerImpl.java:recordMetricsForPipeline(826)) - Pipeline: PipelineID=48fd6bb0-5678-43ae-95cc-8a928ead5328 contains same datanodes as previous pipelines: PipelineID=908356c2-a06b-487d-989e-f7f59576ad21 nodeIds: 89310092-6a08-4a04-ad3d-d7c31a3b6af8, e741532c-559f-497b-a202-f4f9d9b61a12, acf62409-eb7d-4a8d-bf49-c09672ff1fd3
2023-04-21 06:18:29,218 [RatisPipelineUtilsThread - 0] WARN  pipeline.PipelinePlacementPolicy (PipelinePlacementPolicy.java:filterViableNodes(160)) - Pipeline creation failed due to no sufficient healthy datanodes. Required 3. Found 0. Excluded 3.
2023-04-21 06:18:30,211 [Listener at 127.0.0.1/41999] INFO  ozone.MiniOzoneClusterImpl (MiniOzoneClusterImpl.java:lambda$waitForClusterToBeReady$0(223)) - Nodes are ready. Got 3 of 3 DN Heartbeats.
2023-04-21 06:18:30,211 [Listener at 127.0.0.1/41999] INFO  ozone.MiniOzoneClusterImpl (MiniOzoneClusterImpl.java:lambda$waitForClusterToBeReady$0(226)) - Waiting for cluster to exit safe mode
2023-04-21 06:18:30,211 [Listener at 127.0.0.1/41999] INFO  ozone.MiniOzoneClusterImpl (MiniOzoneClusterImpl.java:lambda$waitForClusterToBeReady$0(228)) - SCM became leader
2023-04-21 06:18:31,212 [Listener at 127.0.0.1/41999] INFO  ozone.MiniOzoneClusterImpl (MiniOzoneClusterImpl.java:lambda$waitForClusterToBeReady$0(223)) - Nodes are ready. Got 3 of 3 DN Heartbeats.
2023-04-21 06:18:31,212 [Listener at 127.0.0.1/41999] INFO  ozone.MiniOzoneClusterImpl (MiniOzoneClusterImpl.java:lambda$waitForClusterToBeReady$0(226)) - Waiting for cluster to exit safe mode
2023-04-21 06:18:31,212 [Listener at 127.0.0.1/41999] INFO  ozone.MiniOzoneClusterImpl (MiniOzoneClusterImpl.java:lambda$waitForClusterToBeReady$0(228)) - SCM became leader
2023-04-21 06:18:31,568 [Command processor thread] INFO  server.RaftServer (RaftServerProxy.java:addNew(96)) - e741532c-559f-497b-a202-f4f9d9b61a12: addNew group-D3A440D4DA68:[e741532c-559f-497b-a202-f4f9d9b61a12|rpc:10.1.0.35:43445|dataStream:10.1.0.35:40381|priority:1|startupRole:FOLLOWER] returns group-D3A440D4DA68:java.util.concurrent.CompletableFuture@3b535679[Not completed]
2023-04-21 06:18:31,570 [pool-1087-thread-1] INFO  server.RaftServer$Division (RaftServerImpl.java:<init>(195)) - e741532c-559f-497b-a202-f4f9d9b61a12: new RaftServerImpl for group-D3A440D4DA68:[e741532c-559f-497b-a202-f4f9d9b61a12|rpc:10.1.0.35:43445|dataStream:10.1.0.35:40381|priority:1|startupRole:FOLLOWER] with ContainerStateMachine:uninitialized
2023-04-21 06:18:31,570 [pool-1087-thread-1] INFO  server.RaftServerConfigKeys (ConfUtils.java:logGet(46)) - raft.server.rpc.timeout.min = 5s (custom)
2023-04-21 06:18:31,570 [pool-1087-thread-1] INFO  server.RaftServerConfigKeys (ConfUtils.java:logGet(46)) - raft.server.rpc.timeout.max = 5200ms (custom)
2023-04-21 06:18:31,570 [pool-1087-thread-1] INFO  server.RaftServerConfigKeys (ConfUtils.java:logGet(46)) - raft.server.rpc.sleep.time = 25ms (default)
2023-04-21 06:18:31,570 [pool-1087-thread-1] INFO  server.RaftServerConfigKeys (ConfUtils.java:logGet(46)) - raft.server.rpc.slowness.timeout = 300s (custom)
2023-04-21 06:18:31,570 [pool-1087-thread-1] INFO  server.RaftServerConfigKeys (ConfUtils.java:logGet(46)) - raft.server.leaderelection.leader.step-down.wait-time = 10s (default)
2023-04-21 06:18:31,570 [pool-1087-thread-1] INFO  server.RaftServerConfigKeys (ConfUtils.java:logGet(46)) - raft.server.sleep.deviation.threshold = 300ms (default)
2023-04-21 06:18:31,570 [pool-1087-thread-1] INFO  server.RaftServer$Division (ServerState.java:<init>(118)) - e741532c-559f-497b-a202-f4f9d9b61a12@group-D3A440D4DA68: ConfigurationManager, init=-1: peers:[e741532c-559f-497b-a202-f4f9d9b61a12|rpc:10.1.0.35:43445|dataStream:10.1.0.35:40381|priority:1|startupRole:FOLLOWER]|listeners:[], old=null, confs=<EMPTY_MAP>
2023-04-21 06:18:31,570 [pool-1087-thread-1] INFO  server.RaftServerConfigKeys (ConfUtils.java:logGet(46)) - raft.server.storage.dir = [/home/runner/work/ozone/ozone/hadoop-ozone/integration-test/target/test-dir/MiniOzoneClusterImpl-5df7d698-6c9a-4a75-b3ca-6c6997f7fa13/datanode-0/data/ratis] (custom)
2023-04-21 06:18:31,570 [pool-1087-thread-1] INFO  server.RaftServerConfigKeys (ConfUtils.java:logGet(46)) - raft.server.log.corruption.policy = EXCEPTION (default)
2023-04-21 06:18:31,571 [pool-1087-thread-1] INFO  server.RaftServerConfigKeys (ConfUtils.java:logGet(46)) - raft.server.storage.free-space.min = 0MB (=0) (default)
2023-04-21 06:18:31,571 [pool-1087-thread-1] INFO  server.RaftServerConfigKeys (ConfUtils.java:logGet(46)) - raft.server.notification.no-leader.timeout = 300s (custom)
2023-04-21 06:18:31,571 [pool-1087-thread-1] INFO  server.RaftServerConfigKeys (ConfUtils.java:logGet(46)) - raft.server.retrycache.expirytime = 600000ms (custom)
2023-04-21 06:18:31,571 [pool-1087-thread-1] INFO  server.RaftServerConfigKeys (ConfUtils.java:logGet(46)) - raft.server.retrycache.statistics.expirytime = 100μs (default)
2023-04-21 06:18:31,571 [pool-1087-thread-1] INFO  server.RaftServerConfigKeys (ConfUtils.java:logGet(46)) - raft.server.log.appender.install.snapshot.enabled = false (custom)
2023-04-21 06:18:31,572 [pool-1087-thread-1] INFO  server.RaftServerConfigKeys (ConfUtils.java:logGet(46)) - raft.server.threadpool.server.cached = true (default)
2023-04-21 06:18:31,572 [pool-1087-thread-1] INFO  server.RaftServerConfigKeys (ConfUtils.java:logGet(46)) - raft.server.threadpool.server.size = 0 (default)
2023-04-21 06:18:31,572 [pool-1087-thread-1] INFO  server.RaftServerConfigKeys (ConfUtils.java:logGet(46)) - raft.server.threadpool.client.cached = true (default)
2023-04-21 06:18:31,572 [pool-1087-thread-1] INFO  server.RaftServerConfigKeys (ConfUtils.java:logGet(46)) - raft.server.threadpool.client.size = 0 (default)
2023-04-21 06:18:31,572 [pool-1087-thread-1] INFO  storage.RaftStorageDirectory (RaftStorageDirectoryImpl.java:analyzeStorage(137)) - The storage directory /home/runner/work/ozone/ozone/hadoop-ozone/integration-test/target/test-dir/MiniOzoneClusterImpl-5df7d698-6c9a-4a75-b3ca-6c6997f7fa13/datanode-0/data/ratis/ffd63b28-4dba-4ec3-80ce-d3a440d4da68 does not exist. Creating ...
2023-04-21 06:18:31,573 [pool-1087-thread-1] INFO  storage.RaftStorageDirectory (RaftStorageDirectoryImpl.java:tryLock(231)) - Lock on /home/runner/work/ozone/ozone/hadoop-ozone/integration-test/target/test-dir/MiniOzoneClusterImpl-5df7d698-6c9a-4a75-b3ca-6c6997f7fa13/datanode-0/data/ratis/ffd63b28-4dba-4ec3-80ce-d3a440d4da68/in_use.lock acquired by nodename 2764@fv-az205-422
2023-04-21 06:18:31,575 [pool-1087-thread-1] INFO  storage.RaftStorage (RaftStorageImpl.java:format(96)) - Storage directory /home/runner/work/ozone/ozone/hadoop-ozone/integration-test/target/test-dir/MiniOzoneClusterImpl-5df7d698-6c9a-4a75-b3ca-6c6997f7fa13/datanode-0/data/ratis/ffd63b28-4dba-4ec3-80ce-d3a440d4da68 has been successfully formatted.
2023-04-21 06:18:31,576 [pool-1087-thread-1] INFO  ratis.ContainerStateMachine (ContainerStateMachine.java:loadSnapshot(262)) - group-D3A440D4DA68: The snapshot info is null. Setting the last applied indexto:(t:0, i:~)
2023-04-21 06:18:31,576 [pool-1087-thread-1] INFO  server.RaftServerConfigKeys (ConfUtils.java:logGet(46)) - raft.server.log.use.memory = false (default)
2023-04-21 06:18:31,576 [pool-1087-thread-1] INFO  server.RaftServerConfigKeys (ConfUtils.java:logGet(46)) - raft.server.log.purge.gap = 1000000 (custom)
2023-04-21 06:18:31,576 [pool-1087-thread-1] INFO  server.RaftServerConfigKeys (ConfUtils.java:logGet(46)) - raft.server.log.appender.buffer.byte-limit = 33554432 (custom)
2023-04-21 06:18:31,576 [pool-1087-thread-1] INFO  server.RaftServerConfigKeys (ConfUtils.java:logGet(46)) - raft.server.log.statemachine.data.read.timeout = 1000ms (default)
2023-04-21 06:18:31,576 [pool-1087-thread-1] INFO  server.RaftServerConfigKeys (ConfUtils.java:logGet(46)) - raft.server.log.purge.preservation.log.num = 0 (default)
2023-04-21 06:18:31,576 [pool-1087-thread-1] INFO  server.RaftServerConfigKeys (ConfUtils.java:logGet(46)) - raft.server.log.segment.size.max = 1048576 (custom)
2023-04-21 06:18:31,576 [pool-1087-thread-1] INFO  server.RaftServerConfigKeys (ConfUtils.java:logGet(46)) - raft.server.log.segment.cache.num.max = 2 (custom)
2023-04-21 06:18:31,576 [pool-1087-thread-1] INFO  server.RaftServerConfigKeys (ConfUtils.java:logGet(46)) - raft.server.log.segment.cache.size.max = 200MB (=209715200) (default)
2023-04-21 06:18:31,576 [pool-1087-thread-1] INFO  segmented.SegmentedRaftLogWorker (SegmentedRaftLogWorker.java:<init>(189)) - new e741532c-559f-497b-a202-f4f9d9b61a12@group-D3A440D4DA68-SegmentedRaftLogWorker for RaftStorageImpl:Storage Directory /home/runner/work/ozone/ozone/hadoop-ozone/integration-test/target/test-dir/MiniOzoneClusterImpl-5df7d698-6c9a-4a75-b3ca-6c6997f7fa13/datanode-0/data/ratis/ffd63b28-4dba-4ec3-80ce-d3a440d4da68
2023-04-21 06:18:31,577 [pool-1087-thread-1] INFO  server.RaftServerConfigKeys (ConfUtils.java:logGet(46)) - raft.server.log.queue.byte-limit = 4294967296 (custom)
2023-04-21 06:18:31,577 [pool-1087-thread-1] INFO  server.RaftServerConfigKeys (ConfUtils.java:logGet(46)) - raft.server.log.queue.element-limit = 1024 (custom)
2023-04-21 06:18:31,577 [pool-1087-thread-1] INFO  server.RaftServerConfigKeys (ConfUtils.java:logGet(46)) - raft.server.log.segment.size.max = 1048576 (custom)
2023-04-21 06:18:31,577 [pool-1087-thread-1] INFO  server.RaftServerConfigKeys (ConfUtils.java:logGet(46)) - raft.server.log.preallocated.size = 16384 (custom)
2023-04-21 06:18:31,577 [pool-1087-thread-1] INFO  server.RaftServerConfigKeys (ConfUtils.java:logGet(46)) - raft.server.log.force.sync.num = 128 (default)
2023-04-21 06:18:31,577 [pool-1087-thread-1] INFO  server.RaftServerConfigKeys (ConfUtils.java:logGet(46)) - raft.server.log.statemachine.data.sync = true (default)
2023-04-21 06:18:31,577 [pool-1087-thread-1] INFO  server.RaftServerConfigKeys (ConfUtils.java:logGet(46)) - raft.server.log.statemachine.data.sync.timeout = 10s (default)
2023-04-21 06:18:31,577 [pool-1087-thread-1] INFO  server.RaftServerConfigKeys (ConfUtils.java:logGet(46)) - raft.server.log.statemachine.data.sync.timeout.retry = -1 (default)
2023-04-21 06:18:31,577 [pool-1087-thread-1] INFO  server.RaftServerConfigKeys (ConfUtils.java:logGet(46)) - raft.server.log.write.buffer.size = 1048576 (custom)
2023-04-21 06:18:31,578 [EventQueue-PipelineReportForPipelineReportHandler] INFO  pipeline.PipelineManagerImpl (PipelineManagerImpl.java:openPipeline(367)) - Pipeline Pipeline[ Id: ffd63b28-4dba-4ec3-80ce-d3a440d4da68, Nodes: e741532c-559f-497b-a202-f4f9d9b61a12(fv-az205-422/10.1.0.35), ReplicationConfig: RATIS/ONE, State:ALLOCATED, leaderId:e741532c-559f-497b-a202-f4f9d9b61a12, CreationTimestamp2023-04-21T06:18:28.574Z[Etc/UTC]] moved to OPEN state
2023-04-21 06:18:31,578 [pool-1087-thread-1] INFO  server.RaftServerConfigKeys (ConfUtils.java:logGet(46)) - raft.server.log.appender.buffer.byte-limit = 33554432 (custom)
2023-04-21 06:18:31,587 [pool-1087-thread-1] INFO  server.RaftServerConfigKeys (ConfUtils.java:logGet(46)) - raft.server.log.unsafe-flush.enabled = false (default)
2023-04-21 06:18:31,587 [pool-1087-thread-1] INFO  server.RaftServerConfigKeys (ConfUtils.java:logGet(46)) - raft.server.log.async-flush.enabled = false (default)
2023-04-21 06:18:31,587 [pool-1087-thread-1] INFO  server.RaftServerConfigKeys (ConfUtils.java:logGet(46)) - raft.server.log.statemachine.data.caching.enabled = true (custom)
2023-04-21 06:18:31,587 [pool-1087-thread-1] INFO  segmented.SegmentedRaftLogWorker (SegmentedRaftLogWorker.java:lambda$new$0(135)) - e741532c-559f-497b-a202-f4f9d9b61a12@group-D3A440D4DA68-SegmentedRaftLogWorker: flushIndex: setUnconditionally 0 -> -1
2023-04-21 06:18:31,587 [pool-1087-thread-1] INFO  segmented.SegmentedRaftLogWorker (SegmentedRaftLogWorker.java:lambda$new$0(135)) - e741532c-559f-497b-a202-f4f9d9b61a12@group-D3A440D4DA68-SegmentedRaftLogWorker: safeCacheEvictIndex: setUnconditionally 0 -> -1
2023-04-21 06:18:31,587 [EventQueue-OpenPipelineForHealthyPipelineSafeModeRule] INFO  safemode.SCMSafeModeManager (HealthyPipelineSafeModeRule.java:process(137)) - SCM in safe mode. Healthy pipelines reported count is 0, required healthy pipeline reported count is 1
2023-04-21 06:18:31,587 [pool-1087-thread-1] INFO  server.RaftServer$Division (RaftServerImpl.java:start(334)) - e741532c-559f-497b-a202-f4f9d9b61a12@group-D3A440D4DA68: start as a follower, conf=-1: peers:[e741532c-559f-497b-a202-f4f9d9b61a12|rpc:10.1.0.35:43445|dataStream:10.1.0.35:40381|priority:1|startupRole:FOLLOWER]|listeners:[], old=null
2023-04-21 06:18:31,588 [pool-1087-thread-1] INFO  server.RaftServer$Division (RaftServerImpl.java:setRole(321)) - e741532c-559f-497b-a202-f4f9d9b61a12@group-D3A440D4DA68: changes role from      null to FOLLOWER at term 0 for startAsFollower
2023-04-21 06:18:31,588 [pool-1087-thread-1] INFO  impl.RoleInfo (RoleInfo.java:updateAndGet(139)) - e741532c-559f-497b-a202-f4f9d9b61a12: start e741532c-559f-497b-a202-f4f9d9b61a12@group-D3A440D4DA68-FollowerState
2023-04-21 06:18:31,588 [pool-1087-thread-1] INFO  util.JmxRegister (JmxRegister.java:tryRegister(44)) - Successfully registered JMX Bean with object name Ratis:service=RaftServer,group=group-D3A440D4DA68,id=e741532c-559f-497b-a202-f4f9d9b61a12
2023-04-21 06:18:31,588 [pool-1087-thread-1] INFO  server.RaftServerConfigKeys (ConfUtils.java:logGet(46)) - raft.server.snapshot.auto.trigger.enabled = true (custom)
2023-04-21 06:18:31,588 [pool-1087-thread-1] INFO  server.RaftServerConfigKeys (ConfUtils.java:logGet(46)) - raft.server.snapshot.auto.trigger.threshold = 10000 (custom)
2023-04-21 06:18:31,588 [pool-1087-thread-1] INFO  server.RaftServerConfigKeys (ConfUtils.java:logGet(46)) - raft.server.snapshot.retention.file.num = 5 (custom)
2023-04-21 06:18:31,588 [pool-1087-thread-1] INFO  server.RaftServerConfigKeys (ConfUtils.java:logGet(46)) - raft.server.log.purge.upto.snapshot.index = false (default)
2023-04-21 06:18:31,589 [e741532c-559f-497b-a202-f4f9d9b61a12@group-D3A440D4DA68-FollowerState] INFO  server.RaftServerConfigKeys (ConfUtils.java:logFallback(53)) - raft.server.rpc.first-election.timeout.min = 5s (fallback to raft.server.rpc.timeout.min)
2023-04-21 06:18:31,589 [e741532c-559f-497b-a202-f4f9d9b61a12@group-D3A440D4DA68-FollowerState] INFO  server.RaftServerConfigKeys (ConfUtils.java:logFallback(53)) - raft.server.rpc.first-election.timeout.max = 5200ms (fallback to raft.server.rpc.timeout.max)
2023-04-21 06:18:31,590 [Command processor thread] INFO  ratis.XceiverServerRatis (XceiverServerRatis.java:addGroup(806)) - Created group PipelineID=ffd63b28-4dba-4ec3-80ce-d3a440d4da68
2023-04-21 06:18:31,590 [Command processor thread] INFO  commandhandler.CreatePipelineCommandHandler (CreatePipelineCommandHandler.java:handle(113)) - Created Pipeline RATIS ONE PipelineID=ffd63b28-4dba-4ec3-80ce-d3a440d4da68.
2023-04-21 06:18:31,590 [Command processor thread] INFO  server.RaftServer (RaftServerProxy.java:addNew(96)) - e741532c-559f-497b-a202-f4f9d9b61a12: addNew group-F7F59576AD21:[e741532c-559f-497b-a202-f4f9d9b61a12|rpc:10.1.0.35:43445|dataStream:10.1.0.35:40381|priority:0|startupRole:FOLLOWER, 89310092-6a08-4a04-ad3d-d7c31a3b6af8|rpc:10.1.0.35:39263|dataStream:10.1.0.35:39791|priority:1|startupRole:FOLLOWER, acf62409-eb7d-4a8d-bf49-c09672ff1fd3|rpc:10.1.0.35:37499|dataStream:10.1.0.35:32899|priority:0|startupRole:FOLLOWER] returns group-F7F59576AD21:java.util.concurrent.CompletableFuture@3f6cc5cb[Not completed]
2023-04-21 06:18:31,591 [pool-1087-thread-1] INFO  server.RaftServer$Division (RaftServerImpl.java:<init>(195)) - e741532c-559f-497b-a202-f4f9d9b61a12: new RaftServerImpl for group-F7F59576AD21:[e741532c-559f-497b-a202-f4f9d9b61a12|rpc:10.1.0.35:43445|dataStream:10.1.0.35:40381|priority:0|startupRole:FOLLOWER, 89310092-6a08-4a04-ad3d-d7c31a3b6af8|rpc:10.1.0.35:39263|dataStream:10.1.0.35:39791|priority:1|startupRole:FOLLOWER, acf62409-eb7d-4a8d-bf49-c09672ff1fd3|rpc:10.1.0.35:37499|dataStream:10.1.0.35:32899|priority:0|startupRole:FOLLOWER] with ContainerStateMachine:uninitialized
2023-04-21 06:18:31,591 [pool-1087-thread-1] INFO  server.RaftServerConfigKeys (ConfUtils.java:logGet(46)) - raft.server.rpc.timeout.min = 5s (custom)
2023-04-21 06:18:31,591 [pool-1087-thread-1] INFO  server.RaftServerConfigKeys (ConfUtils.java:logGet(46)) - raft.server.rpc.timeout.max = 5200ms (custom)
2023-04-21 06:18:31,591 [pool-1087-thread-1] INFO  server.RaftServerConfigKeys (ConfUtils.java:logGet(46)) - raft.server.rpc.sleep.time = 25ms (default)
2023-04-21 06:18:31,591 [pool-1087-thread-1] INFO  server.RaftServerConfigKeys (ConfUtils.java:logGet(46)) - raft.server.rpc.slowness.timeout = 300s (custom)
2023-04-21 06:18:31,591 [pool-1087-thread-1] INFO  server.RaftServerConfigKeys (ConfUtils.java:logGet(46)) - raft.server.leaderelection.leader.step-down.wait-time = 10s (default)
2023-04-21 06:18:31,591 [pool-1087-thread-1] INFO  server.RaftServerConfigKeys (ConfUtils.java:logGet(46)) - raft.server.sleep.deviation.threshold = 300ms (default)
2023-04-21 06:18:31,591 [pool-1087-thread-1] INFO  server.RaftServer$Division (ServerState.java:<init>(118)) - e741532c-559f-497b-a202-f4f9d9b61a12@group-F7F59576AD21: ConfigurationManager, init=-1: peers:[e741532c-559f-497b-a202-f4f9d9b61a12|rpc:10.1.0.35:43445|dataStream:10.1.0.35:40381|priority:0|startupRole:FOLLOWER, 89310092-6a08-4a04-ad3d-d7c31a3b6af8|rpc:10.1.0.35:39263|dataStream:10.1.0.35:39791|priority:1|startupRole:FOLLOWER, acf62409-eb7d-4a8d-bf49-c09672ff1fd3|rpc:10.1.0.35:37499|dataStream:10.1.0.35:32899|priority:0|startupRole:FOLLOWER]|listeners:[], old=null, confs=<EMPTY_MAP>
2023-04-21 06:18:31,591 [pool-1087-thread-1] INFO  server.RaftServerConfigKeys (ConfUtils.java:logGet(46)) - raft.server.storage.dir = [/home/runner/work/ozone/ozone/hadoop-ozone/integration-test/target/test-dir/MiniOzoneClusterImpl-5df7d698-6c9a-4a75-b3ca-6c6997f7fa13/datanode-0/data/ratis] (custom)
2023-04-21 06:18:31,591 [pool-1087-thread-1] INFO  server.RaftServerConfigKeys (ConfUtils.java:logGet(46)) - raft.server.log.corruption.policy = EXCEPTION (default)
2023-04-21 06:18:31,591 [pool-1087-thread-1] INFO  server.RaftServerConfigKeys (ConfUtils.java:logGet(46)) - raft.server.storage.free-space.min = 0MB (=0) (default)
2023-04-21 06:18:31,591 [pool-1087-thread-1] INFO  server.RaftServerConfigKeys (ConfUtils.java:logGet(46)) - raft.server.notification.no-leader.timeout = 300s (custom)
2023-04-21 06:18:31,591 [pool-1087-thread-1] INFO  server.RaftServerConfigKeys (ConfUtils.java:logGet(46)) - raft.server.retrycache.expirytime = 600000ms (custom)
2023-04-21 06:18:31,591 [pool-1087-thread-1] INFO  server.RaftServerConfigKeys (ConfUtils.java:logGet(46)) - raft.server.retrycache.statistics.expirytime = 100μs (default)
2023-04-21 06:18:31,592 [pool-1087-thread-1] INFO  server.RaftServerConfigKeys (ConfUtils.java:logGet(46)) - raft.server.log.appender.install.snapshot.enabled = false (custom)
2023-04-21 06:18:31,592 [pool-1087-thread-1] INFO  server.RaftServerConfigKeys (ConfUtils.java:logGet(46)) - raft.server.threadpool.server.cached = true (default)
2023-04-21 06:18:31,592 [pool-1087-thread-1] INFO  server.RaftServerConfigKeys (ConfUtils.java:logGet(46)) - raft.server.threadpool.server.size = 0 (default)
2023-04-21 06:18:31,592 [pool-1087-thread-1] INFO  server.RaftServerConfigKeys (ConfUtils.java:logGet(46)) - raft.server.threadpool.client.cached = true (default)
2023-04-21 06:18:31,592 [pool-1087-thread-1] INFO  server.RaftServerConfigKeys (ConfUtils.java:logGet(46)) - raft.server.threadpool.client.size = 0 (default)
2023-04-21 06:18:31,592 [pool-1087-thread-1] INFO  storage.RaftStorageDirectory (RaftStorageDirectoryImpl.java:analyzeStorage(137)) - The storage directory /home/runner/work/ozone/ozone/hadoop-ozone/integration-test/target/test-dir/MiniOzoneClusterImpl-5df7d698-6c9a-4a75-b3ca-6c6997f7fa13/datanode-0/data/ratis/908356c2-a06b-487d-989e-f7f59576ad21 does not exist. Creating ...
2023-04-21 06:18:31,593 [pool-1087-thread-1] INFO  storage.RaftStorageDirectory (RaftStorageDirectoryImpl.java:tryLock(231)) - Lock on /home/runner/work/ozone/ozone/hadoop-ozone/integration-test/target/test-dir/MiniOzoneClusterImpl-5df7d698-6c9a-4a75-b3ca-6c6997f7fa13/datanode-0/data/ratis/908356c2-a06b-487d-989e-f7f59576ad21/in_use.lock acquired by nodename 2764@fv-az205-422
2023-04-21 06:18:31,595 [pool-1087-thread-1] INFO  storage.RaftStorage (RaftStorageImpl.java:format(96)) - Storage directory /home/runner/work/ozone/ozone/hadoop-ozone/integration-test/target/test-dir/MiniOzoneClusterImpl-5df7d698-6c9a-4a75-b3ca-6c6997f7fa13/datanode-0/data/ratis/908356c2-a06b-487d-989e-f7f59576ad21 has been successfully formatted.
2023-04-21 06:18:31,595 [pool-1087-thread-1] INFO  ratis.ContainerStateMachine (ContainerStateMachine.java:loadSnapshot(262)) - group-F7F59576AD21: The snapshot info is null. Setting the last applied indexto:(t:0, i:~)
2023-04-21 06:18:31,595 [pool-1087-thread-1] INFO  server.RaftServerConfigKeys (ConfUtils.java:logGet(46)) - raft.server.log.use.memory = false (default)
2023-04-21 06:18:31,595 [pool-1087-thread-1] INFO  server.RaftServerConfigKeys (ConfUtils.java:logGet(46)) - raft.server.log.purge.gap = 1000000 (custom)
2023-04-21 06:18:31,595 [pool-1087-thread-1] INFO  server.RaftServerConfigKeys (ConfUtils.java:logGet(46)) - raft.server.log.appender.buffer.byte-limit = 33554432 (custom)
2023-04-21 06:18:31,595 [pool-1087-thread-1] INFO  server.RaftServerConfigKeys (ConfUtils.java:logGet(46)) - raft.server.log.statemachine.data.read.timeout = 1000ms (default)
2023-04-21 06:18:31,595 [pool-1087-thread-1] INFO  server.RaftServerConfigKeys (ConfUtils.java:logGet(46)) - raft.server.log.purge.preservation.log.num = 0 (default)
2023-04-21 06:18:31,595 [pool-1087-thread-1] INFO  server.RaftServerConfigKeys (ConfUtils.java:logGet(46)) - raft.server.log.segment.size.max = 1048576 (custom)
2023-04-21 06:18:31,595 [pool-1087-thread-1] INFO  server.RaftServerConfigKeys (ConfUtils.java:logGet(46)) - raft.server.log.segment.cache.num.max = 2 (custom)
2023-04-21 06:18:31,596 [pool-1087-thread-1] INFO  server.RaftServerConfigKeys (ConfUtils.java:logGet(46)) - raft.server.log.segment.cache.size.max = 200MB (=209715200) (default)
2023-04-21 06:18:31,596 [pool-1087-thread-1] INFO  segmented.SegmentedRaftLogWorker (SegmentedRaftLogWorker.java:<init>(189)) - new e741532c-559f-497b-a202-f4f9d9b61a12@group-F7F59576AD21-SegmentedRaftLogWorker for RaftStorageImpl:Storage Directory /home/runner/work/ozone/ozone/hadoop-ozone/integration-test/target/test-dir/MiniOzoneClusterImpl-5df7d698-6c9a-4a75-b3ca-6c6997f7fa13/datanode-0/data/ratis/908356c2-a06b-487d-989e-f7f59576ad21
2023-04-21 06:18:31,596 [pool-1087-thread-1] INFO  server.RaftServerConfigKeys (ConfUtils.java:logGet(46)) - raft.server.log.queue.byte-limit = 4294967296 (custom)
2023-04-21 06:18:31,596 [pool-1087-thread-1] INFO  server.RaftServerConfigKeys (ConfUtils.java:logGet(46)) - raft.server.log.queue.element-limit = 1024 (custom)
2023-04-21 06:18:31,596 [EventQueue-OpenPipelineForHealthyPipelineSafeModeRule] INFO  safemode.SCMSafeModeManager (HealthyPipelineSafeModeRule.java:process(137)) - SCM in safe mode. Healthy pipelines reported count is 0, required healthy pipeline reported count is 1
2023-04-21 06:18:31,596 [pool-1087-thread-1] INFO  server.RaftServerConfigKeys (ConfUtils.java:logGet(46)) - raft.server.log.segment.size.max = 1048576 (custom)
2023-04-21 06:18:31,597 [pool-1087-thread-1] INFO  server.RaftServerConfigKeys (ConfUtils.java:logGet(46)) - raft.server.log.preallocated.size = 16384 (custom)
2023-04-21 06:18:31,597 [pool-1087-thread-1] INFO  server.RaftServerConfigKeys (ConfUtils.java:logGet(46)) - raft.server.log.force.sync.num = 128 (default)
2023-04-21 06:18:31,597 [pool-1087-thread-1] INFO  server.RaftServerConfigKeys (ConfUtils.java:logGet(46)) - raft.server.log.statemachine.data.sync = true (default)
2023-04-21 06:18:31,597 [pool-1087-thread-1] INFO  server.RaftServerConfigKeys (ConfUtils.java:logGet(46)) - raft.server.log.statemachine.data.sync.timeout = 10s (default)
2023-04-21 06:18:31,597 [pool-1087-thread-1] INFO  server.RaftServerConfigKeys (ConfUtils.java:logGet(46)) - raft.server.log.statemachine.data.sync.timeout.retry = -1 (default)
2023-04-21 06:18:31,597 [pool-1087-thread-1] INFO  server.RaftServerConfigKeys (ConfUtils.java:logGet(46)) - raft.server.log.write.buffer.size = 1048576 (custom)
2023-04-21 06:18:31,598 [pool-1087-thread-1] INFO  server.RaftServerConfigKeys (ConfUtils.java:logGet(46)) - raft.server.log.appender.buffer.byte-limit = 33554432 (custom)
2023-04-21 06:18:31,602 [pool-1087-thread-1] INFO  server.RaftServerConfigKeys (ConfUtils.java:logGet(46)) - raft.server.log.unsafe-flush.enabled = false (default)
2023-04-21 06:18:31,603 [pool-1087-thread-1] INFO  server.RaftServerConfigKeys (ConfUtils.java:logGet(46)) - raft.server.log.async-flush.enabled = false (default)
2023-04-21 06:18:31,603 [pool-1087-thread-1] INFO  server.RaftServerConfigKeys (ConfUtils.java:logGet(46)) - raft.server.log.statemachine.data.caching.enabled = true (custom)
2023-04-21 06:18:31,603 [pool-1087-thread-1] INFO  segmented.SegmentedRaftLogWorker (SegmentedRaftLogWorker.java:lambda$new$0(135)) - e741532c-559f-497b-a202-f4f9d9b61a12@group-F7F59576AD21-SegmentedRaftLogWorker: flushIndex: setUnconditionally 0 -> -1
2023-04-21 06:18:31,603 [pool-1087-thread-1] INFO  segmented.SegmentedRaftLogWorker (SegmentedRaftLogWorker.java:lambda$new$0(135)) - e741532c-559f-497b-a202-f4f9d9b61a12@group-F7F59576AD21-SegmentedRaftLogWorker: safeCacheEvictIndex: setUnconditionally 0 -> -1
2023-04-21 06:18:31,603 [pool-1087-thread-1] INFO  server.RaftServer$Division (RaftServerImpl.java:start(334)) - e741532c-559f-497b-a202-f4f9d9b61a12@group-F7F59576AD21: start as a follower, conf=-1: peers:[e741532c-559f-497b-a202-f4f9d9b61a12|rpc:10.1.0.35:43445|dataStream:10.1.0.35:40381|priority:0|startupRole:FOLLOWER, 89310092-6a08-4a04-ad3d-d7c31a3b6af8|rpc:10.1.0.35:39263|dataStream:10.1.0.35:39791|priority:1|startupRole:FOLLOWER, acf62409-eb7d-4a8d-bf49-c09672ff1fd3|rpc:10.1.0.35:37499|dataStream:10.1.0.35:32899|priority:0|startupRole:FOLLOWER]|listeners:[], old=null
2023-04-21 06:18:31,603 [pool-1087-thread-1] INFO  server.RaftServer$Division (RaftServerImpl.java:setRole(321)) - e741532c-559f-497b-a202-f4f9d9b61a12@group-F7F59576AD21: changes role from      null to FOLLOWER at term 0 for startAsFollower
2023-04-21 06:18:31,603 [pool-1087-thread-1] INFO  impl.RoleInfo (RoleInfo.java:updateAndGet(139)) - e741532c-559f-497b-a202-f4f9d9b61a12: start e741532c-559f-497b-a202-f4f9d9b61a12@group-F7F59576AD21-FollowerState
2023-04-21 06:18:31,603 [pool-1087-thread-1] INFO  util.JmxRegister (JmxRegister.java:tryRegister(44)) - Successfully registered JMX Bean with object name Ratis:service=RaftServer,group=group-F7F59576AD21,id=e741532c-559f-497b-a202-f4f9d9b61a12
2023-04-21 06:18:31,603 [e741532c-559f-497b-a202-f4f9d9b61a12@group-F7F59576AD21-FollowerState] INFO  server.RaftServerConfigKeys (ConfUtils.java:logFallback(53)) - raft.server.rpc.first-election.timeout.min = 5s (fallback to raft.server.rpc.timeout.min)
2023-04-21 06:18:31,603 [pool-1087-thread-1] INFO  server.RaftServerConfigKeys (ConfUtils.java:logGet(46)) - raft.server.snapshot.auto.trigger.enabled = true (custom)
2023-04-21 06:18:31,603 [e741532c-559f-497b-a202-f4f9d9b61a12@group-F7F59576AD21-FollowerState] INFO  server.RaftServerConfigKeys (ConfUtils.java:logFallback(53)) - raft.server.rpc.first-election.timeout.max = 5200ms (fallback to raft.server.rpc.timeout.max)
2023-04-21 06:18:31,604 [pool-1087-thread-1] INFO  server.RaftServerConfigKeys (ConfUtils.java:logGet(46)) - raft.server.snapshot.auto.trigger.threshold = 10000 (custom)
2023-04-21 06:18:31,604 [pool-1087-thread-1] INFO  server.RaftServerConfigKeys (ConfUtils.java:logGet(46)) - raft.server.snapshot.retention.file.num = 5 (custom)
2023-04-21 06:18:31,604 [pool-1087-thread-1] INFO  server.RaftServerConfigKeys (ConfUtils.java:logGet(46)) - raft.server.log.purge.upto.snapshot.index = false (default)
2023-04-21 06:18:31,604 [Command processor thread] INFO  ratis.XceiverServerRatis (XceiverServerRatis.java:addGroup(806)) - Created group PipelineID=908356c2-a06b-487d-989e-f7f59576ad21
2023-04-21 06:18:31,623 [grpc-default-executor-0] INFO  server.RaftServer (RaftServerProxy.java:addNew(96)) - acf62409-eb7d-4a8d-bf49-c09672ff1fd3: addNew group-F7F59576AD21:[e741532c-559f-497b-a202-f4f9d9b61a12|rpc:10.1.0.35:43445|dataStream:10.1.0.35:40381|priority:0|startupRole:FOLLOWER, 89310092-6a08-4a04-ad3d-d7c31a3b6af8|rpc:10.1.0.35:39263|dataStream:10.1.0.35:39791|priority:1|startupRole:FOLLOWER, acf62409-eb7d-4a8d-bf49-c09672ff1fd3|rpc:10.1.0.35:37499|dataStream:10.1.0.35:32899|priority:0|startupRole:FOLLOWER] returns group-F7F59576AD21:java.util.concurrent.CompletableFuture@10a24d55[Not completed]
2023-04-21 06:18:31,623 [pool-1131-thread-1] INFO  server.RaftServer$Division (RaftServerImpl.java:<init>(195)) - acf62409-eb7d-4a8d-bf49-c09672ff1fd3: new RaftServerImpl for group-F7F59576AD21:[e741532c-559f-497b-a202-f4f9d9b61a12|rpc:10.1.0.35:43445|dataStream:10.1.0.35:40381|priority:0|startupRole:FOLLOWER, 89310092-6a08-4a04-ad3d-d7c31a3b6af8|rpc:10.1.0.35:39263|dataStream:10.1.0.35:39791|priority:1|startupRole:FOLLOWER, acf62409-eb7d-4a8d-bf49-c09672ff1fd3|rpc:10.1.0.35:37499|dataStream:10.1.0.35:32899|priority:0|startupRole:FOLLOWER] with ContainerStateMachine:uninitialized
2023-04-21 06:18:31,624 [pool-1131-thread-1] INFO  server.RaftServerConfigKeys (ConfUtils.java:logGet(46)) - raft.server.rpc.timeout.min = 5s (custom)
2023-04-21 06:18:31,624 [pool-1131-thread-1] INFO  server.RaftServerConfigKeys (ConfUtils.java:logGet(46)) - raft.server.rpc.timeout.max = 5200ms (custom)
2023-04-21 06:18:31,624 [pool-1131-thread-1] INFO  server.RaftServerConfigKeys (ConfUtils.java:logGet(46)) - raft.server.rpc.sleep.time = 25ms (default)
2023-04-21 06:18:31,624 [pool-1131-thread-1] INFO  server.RaftServerConfigKeys (ConfUtils.java:logGet(46)) - raft.server.rpc.slowness.timeout = 300s (custom)
2023-04-21 06:18:31,624 [pool-1131-thread-1] INFO  server.RaftServerConfigKeys (ConfUtils.java:logGet(46)) - raft.server.leaderelection.leader.step-down.wait-time = 10s (default)
2023-04-21 06:18:31,624 [pool-1131-thread-1] INFO  server.RaftServerConfigKeys (ConfUtils.java:logGet(46)) - raft.server.sleep.deviation.threshold = 300ms (default)
2023-04-21 06:18:31,624 [pool-1131-thread-1] INFO  server.RaftServer$Division (ServerState.java:<init>(118)) - acf62409-eb7d-4a8d-bf49-c09672ff1fd3@group-F7F59576AD21: ConfigurationManager, init=-1: peers:[e741532c-559f-497b-a202-f4f9d9b61a12|rpc:10.1.0.35:43445|dataStream:10.1.0.35:40381|priority:0|startupRole:FOLLOWER, 89310092-6a08-4a04-ad3d-d7c31a3b6af8|rpc:10.1.0.35:39263|dataStream:10.1.0.35:39791|priority:1|startupRole:FOLLOWER, acf62409-eb7d-4a8d-bf49-c09672ff1fd3|rpc:10.1.0.35:37499|dataStream:10.1.0.35:32899|priority:0|startupRole:FOLLOWER]|listeners:[], old=null, confs=<EMPTY_MAP>
2023-04-21 06:18:31,624 [pool-1131-thread-1] INFO  server.RaftServerConfigKeys (ConfUtils.java:logGet(46)) - raft.server.storage.dir = [/home/runner/work/ozone/ozone/hadoop-ozone/integration-test/target/test-dir/MiniOzoneClusterImpl-5df7d698-6c9a-4a75-b3ca-6c6997f7fa13/datanode-2/data/ratis] (custom)
2023-04-21 06:18:31,624 [pool-1131-thread-1] INFO  server.RaftServerConfigKeys (ConfUtils.java:logGet(46)) - raft.server.log.corruption.policy = EXCEPTION (default)
2023-04-21 06:18:31,624 [pool-1131-thread-1] INFO  server.RaftServerConfigKeys (ConfUtils.java:logGet(46)) - raft.server.storage.free-space.min = 0MB (=0) (default)
2023-04-21 06:18:31,624 [pool-1131-thread-1] INFO  server.RaftServerConfigKeys (ConfUtils.java:logGet(46)) - raft.server.notification.no-leader.timeout = 300s (custom)
2023-04-21 06:18:31,624 [pool-1131-thread-1] INFO  server.RaftServerConfigKeys (ConfUtils.java:logGet(46)) - raft.server.retrycache.expirytime = 600000ms (custom)
2023-04-21 06:18:31,624 [pool-1131-thread-1] INFO  server.RaftServerConfigKeys (ConfUtils.java:logGet(46)) - raft.server.retrycache.statistics.expirytime = 100μs (default)
2023-04-21 06:18:31,625 [pool-1131-thread-1] INFO  server.RaftServerConfigKeys (ConfUtils.java:logGet(46)) - raft.server.log.appender.install.snapshot.enabled = false (custom)
2023-04-21 06:18:31,625 [pool-1131-thread-1] INFO  server.RaftServerConfigKeys (ConfUtils.java:logGet(46)) - raft.server.threadpool.server.cached = true (default)
2023-04-21 06:18:31,625 [pool-1131-thread-1] INFO  server.RaftServerConfigKeys (ConfUtils.java:logGet(46)) - raft.server.threadpool.server.size = 0 (default)
2023-04-21 06:18:31,625 [pool-1131-thread-1] INFO  server.RaftServerConfigKeys (ConfUtils.java:logGet(46)) - raft.server.threadpool.client.cached = true (default)
2023-04-21 06:18:31,625 [pool-1131-thread-1] INFO  server.RaftServerConfigKeys (ConfUtils.java:logGet(46)) - raft.server.threadpool.client.size = 0 (default)
2023-04-21 06:18:31,625 [pool-1131-thread-1] INFO  storage.RaftStorageDirectory (RaftStorageDirectoryImpl.java:analyzeStorage(137)) - The storage directory /home/runner/work/ozone/ozone/hadoop-ozone/integration-test/target/test-dir/MiniOzoneClusterImpl-5df7d698-6c9a-4a75-b3ca-6c6997f7fa13/datanode-2/data/ratis/908356c2-a06b-487d-989e-f7f59576ad21 does not exist. Creating ...
2023-04-21 06:18:31,627 [pool-1131-thread-1] INFO  storage.RaftStorageDirectory (RaftStorageDirectoryImpl.java:tryLock(231)) - Lock on /home/runner/work/ozone/ozone/hadoop-ozone/integration-test/target/test-dir/MiniOzoneClusterImpl-5df7d698-6c9a-4a75-b3ca-6c6997f7fa13/datanode-2/data/ratis/908356c2-a06b-487d-989e-f7f59576ad21/in_use.lock acquired by nodename 2764@fv-az205-422
2023-04-21 06:18:31,628 [pool-1131-thread-1] INFO  storage.RaftStorage (RaftStorageImpl.java:format(96)) - Storage directory /home/runner/work/ozone/ozone/hadoop-ozone/integration-test/target/test-dir/MiniOzoneClusterImpl-5df7d698-6c9a-4a75-b3ca-6c6997f7fa13/datanode-2/data/ratis/908356c2-a06b-487d-989e-f7f59576ad21 has been successfully formatted.
2023-04-21 06:18:31,631 [pool-1131-thread-1] INFO  ratis.ContainerStateMachine (ContainerStateMachine.java:loadSnapshot(262)) - group-F7F59576AD21: The snapshot info is null. Setting the last applied indexto:(t:0, i:~)
2023-04-21 06:18:31,631 [pool-1131-thread-1] INFO  server.RaftServerConfigKeys (ConfUtils.java:logGet(46)) - raft.server.log.use.memory = false (default)
2023-04-21 06:18:31,631 [pool-1131-thread-1] INFO  server.RaftServerConfigKeys (ConfUtils.java:logGet(46)) - raft.server.log.purge.gap = 1000000 (custom)
2023-04-21 06:18:31,633 [pool-1131-thread-1] INFO  server.RaftServerConfigKeys (ConfUtils.java:logGet(46)) - raft.server.log.appender.buffer.byte-limit = 33554432 (custom)
2023-04-21 06:18:31,634 [pool-1131-thread-1] INFO  server.RaftServerConfigKeys (ConfUtils.java:logGet(46)) - raft.server.log.statemachine.data.read.timeout = 1000ms (default)
2023-04-21 06:18:31,634 [pool-1131-thread-1] INFO  server.RaftServerConfigKeys (ConfUtils.java:logGet(46)) - raft.server.log.purge.preservation.log.num = 0 (default)
2023-04-21 06:18:31,634 [pool-1131-thread-1] INFO  server.RaftServerConfigKeys (ConfUtils.java:logGet(46)) - raft.server.log.segment.size.max = 1048576 (custom)
2023-04-21 06:18:31,634 [pool-1131-thread-1] INFO  server.RaftServerConfigKeys (ConfUtils.java:logGet(46)) - raft.server.log.segment.cache.num.max = 2 (custom)
2023-04-21 06:18:31,634 [pool-1131-thread-1] INFO  server.RaftServerConfigKeys (ConfUtils.java:logGet(46)) - raft.server.log.segment.cache.size.max = 200MB (=209715200) (default)
2023-04-21 06:18:31,634 [pool-1131-thread-1] INFO  segmented.SegmentedRaftLogWorker (SegmentedRaftLogWorker.java:<init>(189)) - new acf62409-eb7d-4a8d-bf49-c09672ff1fd3@group-F7F59576AD21-SegmentedRaftLogWorker for RaftStorageImpl:Storage Directory /home/runner/work/ozone/ozone/hadoop-ozone/integration-test/target/test-dir/MiniOzoneClusterImpl-5df7d698-6c9a-4a75-b3ca-6c6997f7fa13/datanode-2/data/ratis/908356c2-a06b-487d-989e-f7f59576ad21
2023-04-21 06:18:31,634 [pool-1131-thread-1] INFO  server.RaftServerConfigKeys (ConfUtils.java:logGet(46)) - raft.server.log.queue.byte-limit = 4294967296 (custom)
2023-04-21 06:18:31,634 [pool-1131-thread-1] INFO  server.RaftServerConfigKeys (ConfUtils.java:logGet(46)) - raft.server.log.queue.element-limit = 1024 (custom)
2023-04-21 06:18:31,634 [pool-1131-thread-1] INFO  server.RaftServerConfigKeys (ConfUtils.java:logGet(46)) - raft.server.log.segment.size.max = 1048576 (custom)
2023-04-21 06:18:31,634 [pool-1131-thread-1] INFO  server.RaftServerConfigKeys (ConfUtils.java:logGet(46)) - raft.server.log.preallocated.size = 16384 (custom)
2023-04-21 06:18:31,634 [pool-1131-thread-1] INFO  server.RaftServerConfigKeys (ConfUtils.java:logGet(46)) - raft.server.log.force.sync.num = 128 (default)
2023-04-21 06:18:31,634 [pool-1131-thread-1] INFO  server.RaftServerConfigKeys (ConfUtils.java:logGet(46)) - raft.server.log.statemachine.data.sync = true (default)
2023-04-21 06:18:31,634 [pool-1131-thread-1] INFO  server.RaftServerConfigKeys (ConfUtils.java:logGet(46)) - raft.server.log.statemachine.data.sync.timeout = 10s (default)
2023-04-21 06:18:31,634 [pool-1131-thread-1] INFO  server.RaftServerConfigKeys (ConfUtils.java:logGet(46)) - raft.server.log.statemachine.data.sync.timeout.retry = -1 (default)
2023-04-21 06:18:31,635 [pool-1131-thread-1] INFO  server.RaftServerConfigKeys (ConfUtils.java:logGet(46)) - raft.server.log.write.buffer.size = 1048576 (custom)
2023-04-21 06:18:31,635 [pool-1131-thread-1] INFO  server.RaftServerConfigKeys (ConfUtils.java:logGet(46)) - raft.server.log.appender.buffer.byte-limit = 33554432 (custom)
2023-04-21 06:18:31,640 [pool-1131-thread-1] INFO  server.RaftServerConfigKeys (ConfUtils.java:logGet(46)) - raft.server.log.unsafe-flush.enabled = false (default)
2023-04-21 06:18:31,640 [pool-1131-thread-1] INFO  server.RaftServerConfigKeys (ConfUtils.java:logGet(46)) - raft.server.log.async-flush.enabled = false (default)
2023-04-21 06:18:31,640 [pool-1131-thread-1] INFO  server.RaftServerConfigKeys (ConfUtils.java:logGet(46)) - raft.server.log.statemachine.data.caching.enabled = true (custom)
2023-04-21 06:18:31,640 [pool-1131-thread-1] INFO  segmented.SegmentedRaftLogWorker (SegmentedRaftLogWorker.java:lambda$new$0(135)) - acf62409-eb7d-4a8d-bf49-c09672ff1fd3@group-F7F59576AD21-SegmentedRaftLogWorker: flushIndex: setUnconditionally 0 -> -1
2023-04-21 06:18:31,640 [pool-1131-thread-1] INFO  segmented.SegmentedRaftLogWorker (SegmentedRaftLogWorker.java:lambda$new$0(135)) - acf62409-eb7d-4a8d-bf49-c09672ff1fd3@group-F7F59576AD21-SegmentedRaftLogWorker: safeCacheEvictIndex: setUnconditionally 0 -> -1
2023-04-21 06:18:31,642 [pool-1131-thread-1] INFO  server.RaftServer$Division (RaftServerImpl.java:start(334)) - acf62409-eb7d-4a8d-bf49-c09672ff1fd3@group-F7F59576AD21: start as a follower, conf=-1: peers:[e741532c-559f-497b-a202-f4f9d9b61a12|rpc:10.1.0.35:43445|dataStream:10.1.0.35:40381|priority:0|startupRole:FOLLOWER, 89310092-6a08-4a04-ad3d-d7c31a3b6af8|rpc:10.1.0.35:39263|dataStream:10.1.0.35:39791|priority:1|startupRole:FOLLOWER, acf62409-eb7d-4a8d-bf49-c09672ff1fd3|rpc:10.1.0.35:37499|dataStream:10.1.0.35:32899|priority:0|startupRole:FOLLOWER]|listeners:[], old=null
2023-04-21 06:18:31,642 [pool-1131-thread-1] INFO  server.RaftServer$Division (RaftServerImpl.java:setRole(321)) - acf62409-eb7d-4a8d-bf49-c09672ff1fd3@group-F7F59576AD21: changes role from      null to FOLLOWER at term 0 for startAsFollower
2023-04-21 06:18:31,642 [pool-1131-thread-1] INFO  impl.RoleInfo (RoleInfo.java:updateAndGet(139)) - acf62409-eb7d-4a8d-bf49-c09672ff1fd3: start acf62409-eb7d-4a8d-bf49-c09672ff1fd3@group-F7F59576AD21-FollowerState
2023-04-21 06:18:31,644 [pool-1131-thread-1] INFO  util.JmxRegister (JmxRegister.java:tryRegister(44)) - Successfully registered JMX Bean with object name Ratis:service=RaftServer,group=group-F7F59576AD21,id=acf62409-eb7d-4a8d-bf49-c09672ff1fd3
2023-04-21 06:18:31,644 [pool-1131-thread-1] INFO  server.RaftServerConfigKeys (ConfUtils.java:logGet(46)) - raft.server.snapshot.auto.trigger.enabled = true (custom)
2023-04-21 06:18:31,644 [pool-1131-thread-1] INFO  server.RaftServerConfigKeys (ConfUtils.java:logGet(46)) - raft.server.snapshot.auto.trigger.threshold = 10000 (custom)
2023-04-21 06:18:31,644 [pool-1131-thread-1] INFO  server.RaftServerConfigKeys (ConfUtils.java:logGet(46)) - raft.server.snapshot.retention.file.num = 5 (custom)
2023-04-21 06:18:31,644 [pool-1131-thread-1] INFO  server.RaftServerConfigKeys (ConfUtils.java:logGet(46)) - raft.server.log.purge.upto.snapshot.index = false (default)
2023-04-21 06:18:31,645 [acf62409-eb7d-4a8d-bf49-c09672ff1fd3@group-F7F59576AD21-FollowerState] INFO  server.RaftServerConfigKeys (ConfUtils.java:logFallback(53)) - raft.server.rpc.first-election.timeout.min = 5s (fallback to raft.server.rpc.timeout.min)
2023-04-21 06:18:31,645 [acf62409-eb7d-4a8d-bf49-c09672ff1fd3@group-F7F59576AD21-FollowerState] INFO  server.RaftServerConfigKeys (ConfUtils.java:logFallback(53)) - raft.server.rpc.first-election.timeout.max = 5200ms (fallback to raft.server.rpc.timeout.max)
2023-04-21 06:18:31,660 [grpc-default-executor-0] INFO  server.RaftServer (RaftServerProxy.java:addNew(96)) - 89310092-6a08-4a04-ad3d-d7c31a3b6af8: addNew group-F7F59576AD21:[e741532c-559f-497b-a202-f4f9d9b61a12|rpc:10.1.0.35:43445|dataStream:10.1.0.35:40381|priority:0|startupRole:FOLLOWER, 89310092-6a08-4a04-ad3d-d7c31a3b6af8|rpc:10.1.0.35:39263|dataStream:10.1.0.35:39791|priority:1|startupRole:FOLLOWER, acf62409-eb7d-4a8d-bf49-c09672ff1fd3|rpc:10.1.0.35:37499|dataStream:10.1.0.35:32899|priority:0|startupRole:FOLLOWER] returns group-F7F59576AD21:java.util.concurrent.CompletableFuture@3a1923e3[Not completed]
2023-04-21 06:18:31,661 [pool-1109-thread-1] INFO  server.RaftServer$Division (RaftServerImpl.java:<init>(195)) - 89310092-6a08-4a04-ad3d-d7c31a3b6af8: new RaftServerImpl for group-F7F59576AD21:[e741532c-559f-497b-a202-f4f9d9b61a12|rpc:10.1.0.35:43445|dataStream:10.1.0.35:40381|priority:0|startupRole:FOLLOWER, 89310092-6a08-4a04-ad3d-d7c31a3b6af8|rpc:10.1.0.35:39263|dataStream:10.1.0.35:39791|priority:1|startupRole:FOLLOWER, acf62409-eb7d-4a8d-bf49-c09672ff1fd3|rpc:10.1.0.35:37499|dataStream:10.1.0.35:32899|priority:0|startupRole:FOLLOWER] with ContainerStateMachine:uninitialized
2023-04-21 06:18:31,661 [pool-1109-thread-1] INFO  server.RaftServerConfigKeys (ConfUtils.java:logGet(46)) - raft.server.rpc.timeout.min = 5s (custom)
2023-04-21 06:18:31,661 [pool-1109-thread-1] INFO  server.RaftServerConfigKeys (ConfUtils.java:logGet(46)) - raft.server.rpc.timeout.max = 5200ms (custom)
2023-04-21 06:18:31,661 [pool-1109-thread-1] INFO  server.RaftServerConfigKeys (ConfUtils.java:logGet(46)) - raft.server.rpc.sleep.time = 25ms (default)
2023-04-21 06:18:31,661 [pool-1109-thread-1] INFO  server.RaftServerConfigKeys (ConfUtils.java:logGet(46)) - raft.server.rpc.slowness.timeout = 300s (custom)
2023-04-21 06:18:31,661 [pool-1109-thread-1] INFO  server.RaftServerConfigKeys (ConfUtils.java:logGet(46)) - raft.server.leaderelection.leader.step-down.wait-time = 10s (default)
2023-04-21 06:18:31,661 [pool-1109-thread-1] INFO  server.RaftServerConfigKeys (ConfUtils.java:logGet(46)) - raft.server.sleep.deviation.threshold = 300ms (default)
2023-04-21 06:18:31,662 [pool-1109-thread-1] INFO  server.RaftServer$Division (ServerState.java:<init>(118)) - 89310092-6a08-4a04-ad3d-d7c31a3b6af8@group-F7F59576AD21: ConfigurationManager, init=-1: peers:[e741532c-559f-497b-a202-f4f9d9b61a12|rpc:10.1.0.35:43445|dataStream:10.1.0.35:40381|priority:0|startupRole:FOLLOWER, 89310092-6a08-4a04-ad3d-d7c31a3b6af8|rpc:10.1.0.35:39263|dataStream:10.1.0.35:39791|priority:1|startupRole:FOLLOWER, acf62409-eb7d-4a8d-bf49-c09672ff1fd3|rpc:10.1.0.35:37499|dataStream:10.1.0.35:32899|priority:0|startupRole:FOLLOWER]|listeners:[], old=null, confs=<EMPTY_MAP>
2023-04-21 06:18:31,662 [pool-1109-thread-1] INFO  server.RaftServerConfigKeys (ConfUtils.java:logGet(46)) - raft.server.storage.dir = [/home/runner/work/ozone/ozone/hadoop-ozone/integration-test/target/test-dir/MiniOzoneClusterImpl-5df7d698-6c9a-4a75-b3ca-6c6997f7fa13/datanode-1/data/ratis] (custom)
2023-04-21 06:18:31,662 [pool-1109-thread-1] INFO  server.RaftServerConfigKeys (ConfUtils.java:logGet(46)) - raft.server.log.corruption.policy = EXCEPTION (default)
2023-04-21 06:18:31,662 [pool-1109-thread-1] INFO  server.RaftServerConfigKeys (ConfUtils.java:logGet(46)) - raft.server.storage.free-space.min = 0MB (=0) (default)
2023-04-21 06:18:31,662 [pool-1109-thread-1] INFO  server.RaftServerConfigKeys (ConfUtils.java:logGet(46)) - raft.server.notification.no-leader.timeout = 300s (custom)
2023-04-21 06:18:31,662 [pool-1109-thread-1] INFO  server.RaftServerConfigKeys (ConfUtils.java:logGet(46)) - raft.server.retrycache.expirytime = 600000ms (custom)
2023-04-21 06:18:31,662 [pool-1109-thread-1] INFO  server.RaftServerConfigKeys (ConfUtils.java:logGet(46)) - raft.server.retrycache.statistics.expirytime = 100μs (default)
2023-04-21 06:18:31,662 [pool-1109-thread-1] INFO  server.RaftServerConfigKeys (ConfUtils.java:logGet(46)) - raft.server.log.appender.install.snapshot.enabled = false (custom)
2023-04-21 06:18:31,662 [pool-1109-thread-1] INFO  server.RaftServerConfigKeys (ConfUtils.java:logGet(46)) - raft.server.threadpool.server.cached = true (default)
2023-04-21 06:18:31,663 [pool-1109-thread-1] INFO  server.RaftServerConfigKeys (ConfUtils.java:logGet(46)) - raft.server.threadpool.server.size = 0 (default)
2023-04-21 06:18:31,663 [pool-1109-thread-1] INFO  server.RaftServerConfigKeys (ConfUtils.java:logGet(46)) - raft.server.threadpool.client.cached = true (default)
2023-04-21 06:18:31,663 [pool-1109-thread-1] INFO  server.RaftServerConfigKeys (ConfUtils.java:logGet(46)) - raft.server.threadpool.client.size = 0 (default)
2023-04-21 06:18:31,663 [pool-1109-thread-1] INFO  storage.RaftStorageDirectory (RaftStorageDirectoryImpl.java:analyzeStorage(137)) - The storage directory /home/runner/work/ozone/ozone/hadoop-ozone/integration-test/target/test-dir/MiniOzoneClusterImpl-5df7d698-6c9a-4a75-b3ca-6c6997f7fa13/datanode-1/data/ratis/908356c2-a06b-487d-989e-f7f59576ad21 does not exist. Creating ...
2023-04-21 06:18:31,664 [pool-1109-thread-1] INFO  storage.RaftStorageDirectory (RaftStorageDirectoryImpl.java:tryLock(231)) - Lock on /home/runner/work/ozone/ozone/hadoop-ozone/integration-test/target/test-dir/MiniOzoneClusterImpl-5df7d698-6c9a-4a75-b3ca-6c6997f7fa13/datanode-1/data/ratis/908356c2-a06b-487d-989e-f7f59576ad21/in_use.lock acquired by nodename 2764@fv-az205-422
2023-04-21 06:18:31,665 [pool-1109-thread-1] INFO  storage.RaftStorage (RaftStorageImpl.java:format(96)) - Storage directory /home/runner/work/ozone/ozone/hadoop-ozone/integration-test/target/test-dir/MiniOzoneClusterImpl-5df7d698-6c9a-4a75-b3ca-6c6997f7fa13/datanode-1/data/ratis/908356c2-a06b-487d-989e-f7f59576ad21 has been successfully formatted.
2023-04-21 06:18:31,666 [pool-1109-thread-1] INFO  ratis.ContainerStateMachine (ContainerStateMachine.java:loadSnapshot(262)) - group-F7F59576AD21: The snapshot info is null. Setting the last applied indexto:(t:0, i:~)
2023-04-21 06:18:31,666 [pool-1109-thread-1] INFO  server.RaftServerConfigKeys (ConfUtils.java:logGet(46)) - raft.server.log.use.memory = false (default)
2023-04-21 06:18:31,666 [pool-1109-thread-1] INFO  server.RaftServerConfigKeys (ConfUtils.java:logGet(46)) - raft.server.log.purge.gap = 1000000 (custom)
2023-04-21 06:18:31,667 [pool-1109-thread-1] INFO  server.RaftServerConfigKeys (ConfUtils.java:logGet(46)) - raft.server.log.appender.buffer.byte-limit = 33554432 (custom)
2023-04-21 06:18:31,667 [pool-1109-thread-1] INFO  server.RaftServerConfigKeys (ConfUtils.java:logGet(46)) - raft.server.log.statemachine.data.read.timeout = 1000ms (default)
2023-04-21 06:18:31,667 [pool-1109-thread-1] INFO  server.RaftServerConfigKeys (ConfUtils.java:logGet(46)) - raft.server.log.purge.preservation.log.num = 0 (default)
2023-04-21 06:18:31,667 [pool-1109-thread-1] INFO  server.RaftServerConfigKeys (ConfUtils.java:logGet(46)) - raft.server.log.segment.size.max = 1048576 (custom)
2023-04-21 06:18:31,667 [pool-1109-thread-1] INFO  server.RaftServerConfigKeys (ConfUtils.java:logGet(46)) - raft.server.log.segment.cache.num.max = 2 (custom)
2023-04-21 06:18:31,667 [pool-1109-thread-1] INFO  server.RaftServerConfigKeys (ConfUtils.java:logGet(46)) - raft.server.log.segment.cache.size.max = 200MB (=209715200) (default)
2023-04-21 06:18:31,667 [pool-1109-thread-1] INFO  segmented.SegmentedRaftLogWorker (SegmentedRaftLogWorker.java:<init>(189)) - new 89310092-6a08-4a04-ad3d-d7c31a3b6af8@group-F7F59576AD21-SegmentedRaftLogWorker for RaftStorageImpl:Storage Directory /home/runner/work/ozone/ozone/hadoop-ozone/integration-test/target/test-dir/MiniOzoneClusterImpl-5df7d698-6c9a-4a75-b3ca-6c6997f7fa13/datanode-1/data/ratis/908356c2-a06b-487d-989e-f7f59576ad21
2023-04-21 06:18:31,667 [pool-1109-thread-1] INFO  server.RaftServerConfigKeys (ConfUtils.java:logGet(46)) - raft.server.log.queue.byte-limit = 4294967296 (custom)
2023-04-21 06:18:31,667 [pool-1109-thread-1] INFO  server.RaftServerConfigKeys (ConfUtils.java:logGet(46)) - raft.server.log.queue.element-limit = 1024 (custom)
2023-04-21 06:18:31,667 [pool-1109-thread-1] INFO  server.RaftServerConfigKeys (ConfUtils.java:logGet(46)) - raft.server.log.segment.size.max = 1048576 (custom)
2023-04-21 06:18:31,668 [pool-1109-thread-1] INFO  server.RaftServerConfigKeys (ConfUtils.java:logGet(46)) - raft.server.log.preallocated.size = 16384 (custom)
2023-04-21 06:18:31,668 [pool-1109-thread-1] INFO  server.RaftServerConfigKeys (ConfUtils.java:logGet(46)) - raft.server.log.force.sync.num = 128 (default)
2023-04-21 06:18:31,668 [pool-1109-thread-1] INFO  server.RaftServerConfigKeys (ConfUtils.java:logGet(46)) - raft.server.log.statemachine.data.sync = true (default)
2023-04-21 06:18:31,668 [pool-1109-thread-1] INFO  server.RaftServerConfigKeys (ConfUtils.java:logGet(46)) - raft.server.log.statemachine.data.sync.timeout = 10s (default)
2023-04-21 06:18:31,668 [pool-1109-thread-1] INFO  server.RaftServerConfigKeys (ConfUtils.java:logGet(46)) - raft.server.log.statemachine.data.sync.timeout.retry = -1 (default)
2023-04-21 06:18:31,668 [pool-1109-thread-1] INFO  server.RaftServerConfigKeys (ConfUtils.java:logGet(46)) - raft.server.log.write.buffer.size = 1048576 (custom)
2023-04-21 06:18:31,668 [pool-1109-thread-1] INFO  server.RaftServerConfigKeys (ConfUtils.java:logGet(46)) - raft.server.log.appender.buffer.byte-limit = 33554432 (custom)
2023-04-21 06:18:31,673 [pool-1109-thread-1] INFO  server.RaftServerConfigKeys (ConfUtils.java:logGet(46)) - raft.server.log.unsafe-flush.enabled = false (default)
2023-04-21 06:18:31,673 [pool-1109-thread-1] INFO  server.RaftServerConfigKeys (ConfUtils.java:logGet(46)) - raft.server.log.async-flush.enabled = false (default)
2023-04-21 06:18:31,673 [pool-1109-thread-1] INFO  server.RaftServerConfigKeys (ConfUtils.java:logGet(46)) - raft.server.log.statemachine.data.caching.enabled = true (custom)
2023-04-21 06:18:31,673 [pool-1109-thread-1] INFO  segmented.SegmentedRaftLogWorker (SegmentedRaftLogWorker.java:lambda$new$0(135)) - 89310092-6a08-4a04-ad3d-d7c31a3b6af8@group-F7F59576AD21-SegmentedRaftLogWorker: flushIndex: setUnconditionally 0 -> -1
2023-04-21 06:18:31,674 [pool-1109-thread-1] INFO  segmented.SegmentedRaftLogWorker (SegmentedRaftLogWorker.java:lambda$new$0(135)) - 89310092-6a08-4a04-ad3d-d7c31a3b6af8@group-F7F59576AD21-SegmentedRaftLogWorker: safeCacheEvictIndex: setUnconditionally 0 -> -1
2023-04-21 06:18:31,674 [pool-1109-thread-1] INFO  server.RaftServer$Division (RaftServerImpl.java:start(334)) - 89310092-6a08-4a04-ad3d-d7c31a3b6af8@group-F7F59576AD21: start as a follower, conf=-1: peers:[e741532c-559f-497b-a202-f4f9d9b61a12|rpc:10.1.0.35:43445|dataStream:10.1.0.35:40381|priority:0|startupRole:FOLLOWER, 89310092-6a08-4a04-ad3d-d7c31a3b6af8|rpc:10.1.0.35:39263|dataStream:10.1.0.35:39791|priority:1|startupRole:FOLLOWER, acf62409-eb7d-4a8d-bf49-c09672ff1fd3|rpc:10.1.0.35:37499|dataStream:10.1.0.35:32899|priority:0|startupRole:FOLLOWER]|listeners:[], old=null
2023-04-21 06:18:31,674 [pool-1109-thread-1] INFO  server.RaftServer$Division (RaftServerImpl.java:setRole(321)) - 89310092-6a08-4a04-ad3d-d7c31a3b6af8@group-F7F59576AD21: changes role from      null to FOLLOWER at term 0 for startAsFollower
2023-04-21 06:18:31,674 [pool-1109-thread-1] INFO  impl.RoleInfo (RoleInfo.java:updateAndGet(139)) - 89310092-6a08-4a04-ad3d-d7c31a3b6af8: start 89310092-6a08-4a04-ad3d-d7c31a3b6af8@group-F7F59576AD21-FollowerState
2023-04-21 06:18:31,678 [pool-1109-thread-1] INFO  util.JmxRegister (JmxRegister.java:tryRegister(44)) - Successfully registered JMX Bean with object name Ratis:service=RaftServer,group=group-F7F59576AD21,id=89310092-6a08-4a04-ad3d-d7c31a3b6af8
2023-04-21 06:18:31,678 [pool-1109-thread-1] INFO  server.RaftServerConfigKeys (ConfUtils.java:logGet(46)) - raft.server.snapshot.auto.trigger.enabled = true (custom)
2023-04-21 06:18:31,678 [pool-1109-thread-1] INFO  server.RaftServerConfigKeys (ConfUtils.java:logGet(46)) - raft.server.snapshot.auto.trigger.threshold = 10000 (custom)
2023-04-21 06:18:31,678 [pool-1109-thread-1] INFO  server.RaftServerConfigKeys (ConfUtils.java:logGet(46)) - raft.server.snapshot.retention.file.num = 5 (custom)
2023-04-21 06:18:31,678 [pool-1109-thread-1] INFO  server.RaftServerConfigKeys (ConfUtils.java:logGet(46)) - raft.server.log.purge.upto.snapshot.index = false (default)
2023-04-21 06:18:31,678 [89310092-6a08-4a04-ad3d-d7c31a3b6af8@group-F7F59576AD21-FollowerState] INFO  server.RaftServerConfigKeys (ConfUtils.java:logFallback(53)) - raft.server.rpc.first-election.timeout.min = 5s (fallback to raft.server.rpc.timeout.min)
2023-04-21 06:18:31,678 [89310092-6a08-4a04-ad3d-d7c31a3b6af8@group-F7F59576AD21-FollowerState] INFO  server.RaftServerConfigKeys (ConfUtils.java:logFallback(53)) - raft.server.rpc.first-election.timeout.max = 5200ms (fallback to raft.server.rpc.timeout.max)
2023-04-21 06:18:31,689 [Command processor thread] INFO  commandhandler.CreatePipelineCommandHandler (CreatePipelineCommandHandler.java:handle(113)) - Created Pipeline RATIS THREE PipelineID=908356c2-a06b-487d-989e-f7f59576ad21.
2023-04-21 06:18:31,689 [Command processor thread] INFO  server.RaftServer (RaftServerProxy.java:addNew(96)) - e741532c-559f-497b-a202-f4f9d9b61a12: addNew group-8A928EAD5328:[e741532c-559f-497b-a202-f4f9d9b61a12|rpc:10.1.0.35:43445|dataStream:10.1.0.35:40381|priority:1|startupRole:FOLLOWER, 89310092-6a08-4a04-ad3d-d7c31a3b6af8|rpc:10.1.0.35:39263|dataStream:10.1.0.35:39791|priority:0|startupRole:FOLLOWER, acf62409-eb7d-4a8d-bf49-c09672ff1fd3|rpc:10.1.0.35:37499|dataStream:10.1.0.35:32899|priority:0|startupRole:FOLLOWER] returns group-8A928EAD5328:java.util.concurrent.CompletableFuture@3211ade6[Not completed]
2023-04-21 06:18:31,690 [pool-1087-thread-1] INFO  server.RaftServer$Division (RaftServerImpl.java:<init>(195)) - e741532c-559f-497b-a202-f4f9d9b61a12: new RaftServerImpl for group-8A928EAD5328:[e741532c-559f-497b-a202-f4f9d9b61a12|rpc:10.1.0.35:43445|dataStream:10.1.0.35:40381|priority:1|startupRole:FOLLOWER, 89310092-6a08-4a04-ad3d-d7c31a3b6af8|rpc:10.1.0.35:39263|dataStream:10.1.0.35:39791|priority:0|startupRole:FOLLOWER, acf62409-eb7d-4a8d-bf49-c09672ff1fd3|rpc:10.1.0.35:37499|dataStream:10.1.0.35:32899|priority:0|startupRole:FOLLOWER] with ContainerStateMachine:uninitialized
2023-04-21 06:18:31,690 [pool-1087-thread-1] INFO  server.RaftServerConfigKeys (ConfUtils.java:logGet(46)) - raft.server.rpc.timeout.min = 5s (custom)
2023-04-21 06:18:31,691 [pool-1087-thread-1] INFO  server.RaftServerConfigKeys (ConfUtils.java:logGet(46)) - raft.server.rpc.timeout.max = 5200ms (custom)
2023-04-21 06:18:31,691 [pool-1087-thread-1] INFO  server.RaftServerConfigKeys (ConfUtils.java:logGet(46)) - raft.server.rpc.sleep.time = 25ms (default)
2023-04-21 06:18:31,691 [pool-1087-thread-1] INFO  server.RaftServerConfigKeys (ConfUtils.java:logGet(46)) - raft.server.rpc.slowness.timeout = 300s (custom)
2023-04-21 06:18:31,691 [pool-1087-thread-1] INFO  server.RaftServerConfigKeys (ConfUtils.java:logGet(46)) - raft.server.leaderelection.leader.step-down.wait-time = 10s (default)
2023-04-21 06:18:31,691 [pool-1087-thread-1] INFO  server.RaftServerConfigKeys (ConfUtils.java:logGet(46)) - raft.server.sleep.deviation.threshold = 300ms (default)
2023-04-21 06:18:31,691 [pool-1087-thread-1] INFO  server.RaftServer$Division (ServerState.java:<init>(118)) - e741532c-559f-497b-a202-f4f9d9b61a12@group-8A928EAD5328: ConfigurationManager, init=-1: peers:[e741532c-559f-497b-a202-f4f9d9b61a12|rpc:10.1.0.35:43445|dataStream:10.1.0.35:40381|priority:1|startupRole:FOLLOWER, 89310092-6a08-4a04-ad3d-d7c31a3b6af8|rpc:10.1.0.35:39263|dataStream:10.1.0.35:39791|priority:0|startupRole:FOLLOWER, acf62409-eb7d-4a8d-bf49-c09672ff1fd3|rpc:10.1.0.35:37499|dataStream:10.1.0.35:32899|priority:0|startupRole:FOLLOWER]|listeners:[], old=null, confs=<EMPTY_MAP>
2023-04-21 06:18:31,691 [pool-1087-thread-1] INFO  server.RaftServerConfigKeys (ConfUtils.java:logGet(46)) - raft.server.storage.dir = [/home/runner/work/ozone/ozone/hadoop-ozone/integration-test/target/test-dir/MiniOzoneClusterImpl-5df7d698-6c9a-4a75-b3ca-6c6997f7fa13/datanode-0/data/ratis] (custom)
2023-04-21 06:18:31,691 [pool-1087-thread-1] INFO  server.RaftServerConfigKeys (ConfUtils.java:logGet(46)) - raft.server.log.corruption.policy = EXCEPTION (default)
2023-04-21 06:18:31,691 [pool-1087-thread-1] INFO  server.RaftServerConfigKeys (ConfUtils.java:logGet(46)) - raft.server.storage.free-space.min = 0MB (=0) (default)
2023-04-21 06:18:31,691 [pool-1087-thread-1] INFO  server.RaftServerConfigKeys (ConfUtils.java:logGet(46)) - raft.server.notification.no-leader.timeout = 300s (custom)
2023-04-21 06:18:31,691 [pool-1087-thread-1] INFO  server.RaftServerConfigKeys (ConfUtils.java:logGet(46)) - raft.server.retrycache.expirytime = 600000ms (custom)
2023-04-21 06:18:31,691 [pool-1087-thread-1] INFO  server.RaftServerConfigKeys (ConfUtils.java:logGet(46)) - raft.server.retrycache.statistics.expirytime = 100μs (default)
2023-04-21 06:18:31,692 [pool-1087-thread-1] INFO  server.RaftServerConfigKeys (ConfUtils.java:logGet(46)) - raft.server.log.appender.install.snapshot.enabled = false (custom)
2023-04-21 06:18:31,692 [pool-1087-thread-1] INFO  server.RaftServerConfigKeys (ConfUtils.java:logGet(46)) - raft.server.threadpool.server.cached = true (default)
2023-04-21 06:18:31,692 [pool-1087-thread-1] INFO  server.RaftServerConfigKeys (ConfUtils.java:logGet(46)) - raft.server.threadpool.server.size = 0 (default)
2023-04-21 06:18:31,692 [pool-1087-thread-1] INFO  server.RaftServerConfigKeys (ConfUtils.java:logGet(46)) - raft.server.threadpool.client.cached = true (default)
2023-04-21 06:18:31,692 [pool-1087-thread-1] INFO  server.RaftServerConfigKeys (ConfUtils.java:logGet(46)) - raft.server.threadpool.client.size = 0 (default)
2023-04-21 06:18:31,692 [pool-1087-thread-1] INFO  storage.RaftStorageDirectory (RaftStorageDirectoryImpl.java:analyzeStorage(137)) - The storage directory /home/runner/work/ozone/ozone/hadoop-ozone/integration-test/target/test-dir/MiniOzoneClusterImpl-5df7d698-6c9a-4a75-b3ca-6c6997f7fa13/datanode-0/data/ratis/48fd6bb0-5678-43ae-95cc-8a928ead5328 does not exist. Creating ...
2023-04-21 06:18:31,694 [pool-1087-thread-1] INFO  storage.RaftStorageDirectory (RaftStorageDirectoryImpl.java:tryLock(231)) - Lock on /home/runner/work/ozone/ozone/hadoop-ozone/integration-test/target/test-dir/MiniOzoneClusterImpl-5df7d698-6c9a-4a75-b3ca-6c6997f7fa13/datanode-0/data/ratis/48fd6bb0-5678-43ae-95cc-8a928ead5328/in_use.lock acquired by nodename 2764@fv-az205-422
2023-04-21 06:18:31,695 [pool-1087-thread-1] INFO  storage.RaftStorage (RaftStorageImpl.java:format(96)) - Storage directory /home/runner/work/ozone/ozone/hadoop-ozone/integration-test/target/test-dir/MiniOzoneClusterImpl-5df7d698-6c9a-4a75-b3ca-6c6997f7fa13/datanode-0/data/ratis/48fd6bb0-5678-43ae-95cc-8a928ead5328 has been successfully formatted.
2023-04-21 06:18:31,696 [pool-1087-thread-1] INFO  ratis.ContainerStateMachine (ContainerStateMachine.java:loadSnapshot(262)) - group-8A928EAD5328: The snapshot info is null. Setting the last applied indexto:(t:0, i:~)
2023-04-21 06:18:31,696 [pool-1087-thread-1] INFO  server.RaftServerConfigKeys (ConfUtils.java:logGet(46)) - raft.server.log.use.memory = false (default)
2023-04-21 06:18:31,696 [pool-1087-thread-1] INFO  server.RaftServerConfigKeys (ConfUtils.java:logGet(46)) - raft.server.log.purge.gap = 1000000 (custom)
2023-04-21 06:18:31,696 [pool-1087-thread-1] INFO  server.RaftServerConfigKeys (ConfUtils.java:logGet(46)) - raft.server.log.appender.buffer.byte-limit = 33554432 (custom)
2023-04-21 06:18:31,696 [pool-1087-thread-1] INFO  server.RaftServerConfigKeys (ConfUtils.java:logGet(46)) - raft.server.log.statemachine.data.read.timeout = 1000ms (default)
2023-04-21 06:18:31,696 [pool-1087-thread-1] INFO  server.RaftServerConfigKeys (ConfUtils.java:logGet(46)) - raft.server.log.purge.preservation.log.num = 0 (default)
2023-04-21 06:18:31,696 [pool-1087-thread-1] INFO  server.RaftServerConfigKeys (ConfUtils.java:logGet(46)) - raft.server.log.segment.size.max = 1048576 (custom)
2023-04-21 06:18:31,696 [pool-1087-thread-1] INFO  server.RaftServerConfigKeys (ConfUtils.java:logGet(46)) - raft.server.log.segment.cache.num.max = 2 (custom)
2023-04-21 06:18:31,696 [pool-1087-thread-1] INFO  server.RaftServerConfigKeys (ConfUtils.java:logGet(46)) - raft.server.log.segment.cache.size.max = 200MB (=209715200) (default)
2023-04-21 06:18:31,696 [pool-1087-thread-1] INFO  segmented.SegmentedRaftLogWorker (SegmentedRaftLogWorker.java:<init>(189)) - new e741532c-559f-497b-a202-f4f9d9b61a12@group-8A928EAD5328-SegmentedRaftLogWorker for RaftStorageImpl:Storage Directory /home/runner/work/ozone/ozone/hadoop-ozone/integration-test/target/test-dir/MiniOzoneClusterImpl-5df7d698-6c9a-4a75-b3ca-6c6997f7fa13/datanode-0/data/ratis/48fd6bb0-5678-43ae-95cc-8a928ead5328
2023-04-21 06:18:31,696 [pool-1087-thread-1] INFO  server.RaftServerConfigKeys (ConfUtils.java:logGet(46)) - raft.server.log.queue.byte-limit = 4294967296 (custom)
2023-04-21 06:18:31,696 [pool-1087-thread-1] INFO  server.RaftServerConfigKeys (ConfUtils.java:logGet(46)) - raft.server.log.queue.element-limit = 1024 (custom)
2023-04-21 06:18:31,696 [pool-1087-thread-1] INFO  server.RaftServerConfigKeys (ConfUtils.java:logGet(46)) - raft.server.log.segment.size.max = 1048576 (custom)
2023-04-21 06:18:31,696 [pool-1087-thread-1] INFO  server.RaftServerConfigKeys (ConfUtils.java:logGet(46)) - raft.server.log.preallocated.size = 16384 (custom)
2023-04-21 06:18:31,696 [pool-1087-thread-1] INFO  server.RaftServerConfigKeys (ConfUtils.java:logGet(46)) - raft.server.log.force.sync.num = 128 (default)
2023-04-21 06:18:31,696 [pool-1087-thread-1] INFO  server.RaftServerConfigKeys (ConfUtils.java:logGet(46)) - raft.server.log.statemachine.data.sync = true (default)
2023-04-21 06:18:31,697 [pool-1087-thread-1] INFO  server.RaftServerConfigKeys (ConfUtils.java:logGet(46)) - raft.server.log.statemachine.data.sync.timeout = 10s (default)
2023-04-21 06:18:31,697 [pool-1087-thread-1] INFO  server.RaftServerConfigKeys (ConfUtils.java:logGet(46)) - raft.server.log.statemachine.data.sync.timeout.retry = -1 (default)
2023-04-21 06:18:31,697 [EventQueue-OpenPipelineForHealthyPipelineSafeModeRule] INFO  safemode.SCMSafeModeManager (HealthyPipelineSafeModeRule.java:process(137)) - SCM in safe mode. Healthy pipelines reported count is 0, required healthy pipeline reported count is 1
2023-04-21 06:18:31,697 [pool-1087-thread-1] INFO  server.RaftServerConfigKeys (ConfUtils.java:logGet(46)) - raft.server.log.write.buffer.size = 1048576 (custom)
2023-04-21 06:18:31,698 [pool-1087-thread-1] INFO  server.RaftServerConfigKeys (ConfUtils.java:logGet(46)) - raft.server.log.appender.buffer.byte-limit = 33554432 (custom)
2023-04-21 06:18:31,703 [pool-1087-thread-1] INFO  server.RaftServerConfigKeys (ConfUtils.java:logGet(46)) - raft.server.log.unsafe-flush.enabled = false (default)
2023-04-21 06:18:31,703 [pool-1087-thread-1] INFO  server.RaftServerConfigKeys (ConfUtils.java:logGet(46)) - raft.server.log.async-flush.enabled = false (default)
2023-04-21 06:18:31,703 [pool-1087-thread-1] INFO  server.RaftServerConfigKeys (ConfUtils.java:logGet(46)) - raft.server.log.statemachine.data.caching.enabled = true (custom)
2023-04-21 06:18:31,704 [pool-1087-thread-1] INFO  segmented.SegmentedRaftLogWorker (SegmentedRaftLogWorker.java:lambda$new$0(135)) - e741532c-559f-497b-a202-f4f9d9b61a12@group-8A928EAD5328-SegmentedRaftLogWorker: flushIndex: setUnconditionally 0 -> -1
2023-04-21 06:18:31,704 [pool-1087-thread-1] INFO  segmented.SegmentedRaftLogWorker (SegmentedRaftLogWorker.java:lambda$new$0(135)) - e741532c-559f-497b-a202-f4f9d9b61a12@group-8A928EAD5328-SegmentedRaftLogWorker: safeCacheEvictIndex: setUnconditionally 0 -> -1
2023-04-21 06:18:31,704 [pool-1087-thread-1] INFO  server.RaftServer$Division (RaftServerImpl.java:start(334)) - e741532c-559f-497b-a202-f4f9d9b61a12@group-8A928EAD5328: start as a follower, conf=-1: peers:[e741532c-559f-497b-a202-f4f9d9b61a12|rpc:10.1.0.35:43445|dataStream:10.1.0.35:40381|priority:1|startupRole:FOLLOWER, 89310092-6a08-4a04-ad3d-d7c31a3b6af8|rpc:10.1.0.35:39263|dataStream:10.1.0.35:39791|priority:0|startupRole:FOLLOWER, acf62409-eb7d-4a8d-bf49-c09672ff1fd3|rpc:10.1.0.35:37499|dataStream:10.1.0.35:32899|priority:0|startupRole:FOLLOWER]|listeners:[], old=null
2023-04-21 06:18:31,704 [pool-1087-thread-1] INFO  server.RaftServer$Division (RaftServerImpl.java:setRole(321)) - e741532c-559f-497b-a202-f4f9d9b61a12@group-8A928EAD5328: changes role from      null to FOLLOWER at term 0 for startAsFollower
2023-04-21 06:18:31,704 [pool-1087-thread-1] INFO  impl.RoleInfo (RoleInfo.java:updateAndGet(139)) - e741532c-559f-497b-a202-f4f9d9b61a12: start e741532c-559f-497b-a202-f4f9d9b61a12@group-8A928EAD5328-FollowerState
2023-04-21 06:18:31,706 [pool-1087-thread-1] INFO  util.JmxRegister (JmxRegister.java:tryRegister(44)) - Successfully registered JMX Bean with object name Ratis:service=RaftServer,group=group-8A928EAD5328,id=e741532c-559f-497b-a202-f4f9d9b61a12
2023-04-21 06:18:31,706 [pool-1087-thread-1] INFO  server.RaftServerConfigKeys (ConfUtils.java:logGet(46)) - raft.server.snapshot.auto.trigger.enabled = true (custom)
2023-04-21 06:18:31,706 [pool-1087-thread-1] INFO  server.RaftServerConfigKeys (ConfUtils.java:logGet(46)) - raft.server.snapshot.auto.trigger.threshold = 10000 (custom)
2023-04-21 06:18:31,706 [pool-1087-thread-1] INFO  server.RaftServerConfigKeys (ConfUtils.java:logGet(46)) - raft.server.snapshot.retention.file.num = 5 (custom)
2023-04-21 06:18:31,706 [pool-1087-thread-1] INFO  server.RaftServerConfigKeys (ConfUtils.java:logGet(46)) - raft.server.log.purge.upto.snapshot.index = false (default)
2023-04-21 06:18:31,706 [e741532c-559f-497b-a202-f4f9d9b61a12@group-8A928EAD5328-FollowerState] INFO  server.RaftServerConfigKeys (ConfUtils.java:logFallback(53)) - raft.server.rpc.first-election.timeout.min = 5s (fallback to raft.server.rpc.timeout.min)
2023-04-21 06:18:31,706 [e741532c-559f-497b-a202-f4f9d9b61a12@group-8A928EAD5328-FollowerState] INFO  server.RaftServerConfigKeys (ConfUtils.java:logFallback(53)) - raft.server.rpc.first-election.timeout.max = 5200ms (fallback to raft.server.rpc.timeout.max)
2023-04-21 06:18:31,710 [Command processor thread] INFO  ratis.XceiverServerRatis (XceiverServerRatis.java:addGroup(806)) - Created group PipelineID=48fd6bb0-5678-43ae-95cc-8a928ead5328
2023-04-21 06:18:31,716 [grpc-default-executor-0] INFO  server.RaftServer (RaftServerProxy.java:addNew(96)) - 89310092-6a08-4a04-ad3d-d7c31a3b6af8: addNew group-8A928EAD5328:[e741532c-559f-497b-a202-f4f9d9b61a12|rpc:10.1.0.35:43445|dataStream:10.1.0.35:40381|priority:1|startupRole:FOLLOWER, 89310092-6a08-4a04-ad3d-d7c31a3b6af8|rpc:10.1.0.35:39263|dataStream:10.1.0.35:39791|priority:0|startupRole:FOLLOWER, acf62409-eb7d-4a8d-bf49-c09672ff1fd3|rpc:10.1.0.35:37499|dataStream:10.1.0.35:32899|priority:0|startupRole:FOLLOWER] returns group-8A928EAD5328:java.util.concurrent.CompletableFuture@23dcb306[Not completed]
2023-04-21 06:18:31,716 [pool-1109-thread-1] INFO  server.RaftServer$Division (RaftServerImpl.java:<init>(195)) - 89310092-6a08-4a04-ad3d-d7c31a3b6af8: new RaftServerImpl for group-8A928EAD5328:[e741532c-559f-497b-a202-f4f9d9b61a12|rpc:10.1.0.35:43445|dataStream:10.1.0.35:40381|priority:1|startupRole:FOLLOWER, 89310092-6a08-4a04-ad3d-d7c31a3b6af8|rpc:10.1.0.35:39263|dataStream:10.1.0.35:39791|priority:0|startupRole:FOLLOWER, acf62409-eb7d-4a8d-bf49-c09672ff1fd3|rpc:10.1.0.35:37499|dataStream:10.1.0.35:32899|priority:0|startupRole:FOLLOWER] with ContainerStateMachine:uninitialized
2023-04-21 06:18:31,717 [pool-1109-thread-1] INFO  server.RaftServerConfigKeys (ConfUtils.java:logGet(46)) - raft.server.rpc.timeout.min = 5s (custom)
2023-04-21 06:18:31,717 [pool-1109-thread-1] INFO  server.RaftServerConfigKeys (ConfUtils.java:logGet(46)) - raft.server.rpc.timeout.max = 5200ms (custom)
2023-04-21 06:18:31,717 [pool-1109-thread-1] INFO  server.RaftServerConfigKeys (ConfUtils.java:logGet(46)) - raft.server.rpc.sleep.time = 25ms (default)
2023-04-21 06:18:31,717 [pool-1109-thread-1] INFO  server.RaftServerConfigKeys (ConfUtils.java:logGet(46)) - raft.server.rpc.slowness.timeout = 300s (custom)
2023-04-21 06:18:31,717 [pool-1109-thread-1] INFO  server.RaftServerConfigKeys (ConfUtils.java:logGet(46)) - raft.server.leaderelection.leader.step-down.wait-time = 10s (default)
2023-04-21 06:18:31,717 [pool-1109-thread-1] INFO  server.RaftServerConfigKeys (ConfUtils.java:logGet(46)) - raft.server.sleep.deviation.threshold = 300ms (default)
2023-04-21 06:18:31,717 [pool-1109-thread-1] INFO  server.RaftServer$Division (ServerState.java:<init>(118)) - 89310092-6a08-4a04-ad3d-d7c31a3b6af8@group-8A928EAD5328: ConfigurationManager, init=-1: peers:[e741532c-559f-497b-a202-f4f9d9b61a12|rpc:10.1.0.35:43445|dataStream:10.1.0.35:40381|priority:1|startupRole:FOLLOWER, 89310092-6a08-4a04-ad3d-d7c31a3b6af8|rpc:10.1.0.35:39263|dataStream:10.1.0.35:39791|priority:0|startupRole:FOLLOWER, acf62409-eb7d-4a8d-bf49-c09672ff1fd3|rpc:10.1.0.35:37499|dataStream:10.1.0.35:32899|priority:0|startupRole:FOLLOWER]|listeners:[], old=null, confs=<EMPTY_MAP>
2023-04-21 06:18:31,717 [pool-1109-thread-1] INFO  server.RaftServerConfigKeys (ConfUtils.java:logGet(46)) - raft.server.storage.dir = [/home/runner/work/ozone/ozone/hadoop-ozone/integration-test/target/test-dir/MiniOzoneClusterImpl-5df7d698-6c9a-4a75-b3ca-6c6997f7fa13/datanode-1/data/ratis] (custom)
2023-04-21 06:18:31,717 [pool-1109-thread-1] INFO  server.RaftServerConfigKeys (ConfUtils.java:logGet(46)) - raft.server.log.corruption.policy = EXCEPTION (default)
2023-04-21 06:18:31,717 [pool-1109-thread-1] INFO  server.RaftServerConfigKeys (ConfUtils.java:logGet(46)) - raft.server.storage.free-space.min = 0MB (=0) (default)
2023-04-21 06:18:31,717 [pool-1109-thread-1] INFO  server.RaftServerConfigKeys (ConfUtils.java:logGet(46)) - raft.server.notification.no-leader.timeout = 300s (custom)
2023-04-21 06:18:31,717 [pool-1109-thread-1] INFO  server.RaftServerConfigKeys (ConfUtils.java:logGet(46)) - raft.server.retrycache.expirytime = 600000ms (custom)
2023-04-21 06:18:31,717 [pool-1109-thread-1] INFO  server.RaftServerConfigKeys (ConfUtils.java:logGet(46)) - raft.server.retrycache.statistics.expirytime = 100μs (default)
2023-04-21 06:18:31,718 [pool-1109-thread-1] INFO  server.RaftServerConfigKeys (ConfUtils.java:logGet(46)) - raft.server.log.appender.install.snapshot.enabled = false (custom)
2023-04-21 06:18:31,718 [pool-1109-thread-1] INFO  server.RaftServerConfigKeys (ConfUtils.java:logGet(46)) - raft.server.threadpool.server.cached = true (default)
2023-04-21 06:18:31,718 [pool-1109-thread-1] INFO  server.RaftServerConfigKeys (ConfUtils.java:logGet(46)) - raft.server.threadpool.server.size = 0 (default)
2023-04-21 06:18:31,718 [pool-1109-thread-1] INFO  server.RaftServerConfigKeys (ConfUtils.java:logGet(46)) - raft.server.threadpool.client.cached = true (default)
2023-04-21 06:18:31,718 [pool-1109-thread-1] INFO  server.RaftServerConfigKeys (ConfUtils.java:logGet(46)) - raft.server.threadpool.client.size = 0 (default)
2023-04-21 06:18:31,718 [pool-1109-thread-1] INFO  storage.RaftStorageDirectory (RaftStorageDirectoryImpl.java:analyzeStorage(137)) - The storage directory /home/runner/work/ozone/ozone/hadoop-ozone/integration-test/target/test-dir/MiniOzoneClusterImpl-5df7d698-6c9a-4a75-b3ca-6c6997f7fa13/datanode-1/data/ratis/48fd6bb0-5678-43ae-95cc-8a928ead5328 does not exist. Creating ...
2023-04-21 06:18:31,720 [pool-1109-thread-1] INFO  storage.RaftStorageDirectory (RaftStorageDirectoryImpl.java:tryLock(231)) - Lock on /home/runner/work/ozone/ozone/hadoop-ozone/integration-test/target/test-dir/MiniOzoneClusterImpl-5df7d698-6c9a-4a75-b3ca-6c6997f7fa13/datanode-1/data/ratis/48fd6bb0-5678-43ae-95cc-8a928ead5328/in_use.lock acquired by nodename 2764@fv-az205-422
2023-04-21 06:18:31,721 [pool-1109-thread-1] INFO  storage.RaftStorage (RaftStorageImpl.java:format(96)) - Storage directory /home/runner/work/ozone/ozone/hadoop-ozone/integration-test/target/test-dir/MiniOzoneClusterImpl-5df7d698-6c9a-4a75-b3ca-6c6997f7fa13/datanode-1/data/ratis/48fd6bb0-5678-43ae-95cc-8a928ead5328 has been successfully formatted.
2023-04-21 06:18:31,721 [pool-1109-thread-1] INFO  ratis.ContainerStateMachine (ContainerStateMachine.java:loadSnapshot(262)) - group-8A928EAD5328: The snapshot info is null. Setting the last applied indexto:(t:0, i:~)
2023-04-21 06:18:31,721 [pool-1109-thread-1] INFO  server.RaftServerConfigKeys (ConfUtils.java:logGet(46)) - raft.server.log.use.memory = false (default)
2023-04-21 06:18:31,721 [pool-1109-thread-1] INFO  server.RaftServerConfigKeys (ConfUtils.java:logGet(46)) - raft.server.log.purge.gap = 1000000 (custom)
2023-04-21 06:18:31,721 [pool-1109-thread-1] INFO  server.RaftServerConfigKeys (ConfUtils.java:logGet(46)) - raft.server.log.appender.buffer.byte-limit = 33554432 (custom)
2023-04-21 06:18:31,722 [pool-1109-thread-1] INFO  server.RaftServerConfigKeys (ConfUtils.java:logGet(46)) - raft.server.log.statemachine.data.read.timeout = 1000ms (default)
2023-04-21 06:18:31,722 [pool-1109-thread-1] INFO  server.RaftServerConfigKeys (ConfUtils.java:logGet(46)) - raft.server.log.purge.preservation.log.num = 0 (default)
2023-04-21 06:18:31,722 [pool-1109-thread-1] INFO  server.RaftServerConfigKeys (ConfUtils.java:logGet(46)) - raft.server.log.segment.size.max = 1048576 (custom)
2023-04-21 06:18:31,723 [pool-1109-thread-1] INFO  server.RaftServerConfigKeys (ConfUtils.java:logGet(46)) - raft.server.log.segment.cache.num.max = 2 (custom)
2023-04-21 06:18:31,723 [pool-1109-thread-1] INFO  server.RaftServerConfigKeys (ConfUtils.java:logGet(46)) - raft.server.log.segment.cache.size.max = 200MB (=209715200) (default)
2023-04-21 06:18:31,723 [pool-1109-thread-1] INFO  segmented.SegmentedRaftLogWorker (SegmentedRaftLogWorker.java:<init>(189)) - new 89310092-6a08-4a04-ad3d-d7c31a3b6af8@group-8A928EAD5328-SegmentedRaftLogWorker for RaftStorageImpl:Storage Directory /home/runner/work/ozone/ozone/hadoop-ozone/integration-test/target/test-dir/MiniOzoneClusterImpl-5df7d698-6c9a-4a75-b3ca-6c6997f7fa13/datanode-1/data/ratis/48fd6bb0-5678-43ae-95cc-8a928ead5328
2023-04-21 06:18:31,723 [pool-1109-thread-1] INFO  server.RaftServerConfigKeys (ConfUtils.java:logGet(46)) - raft.server.log.queue.byte-limit = 4294967296 (custom)
2023-04-21 06:18:31,723 [pool-1109-thread-1] INFO  server.RaftServerConfigKeys (ConfUtils.java:logGet(46)) - raft.server.log.queue.element-limit = 1024 (custom)
2023-04-21 06:18:31,723 [pool-1109-thread-1] INFO  server.RaftServerConfigKeys (ConfUtils.java:logGet(46)) - raft.server.log.segment.size.max = 1048576 (custom)
2023-04-21 06:18:31,723 [pool-1109-thread-1] INFO  server.RaftServerConfigKeys (ConfUtils.java:logGet(46)) - raft.server.log.preallocated.size = 16384 (custom)
2023-04-21 06:18:31,723 [pool-1109-thread-1] INFO  server.RaftServerConfigKeys (ConfUtils.java:logGet(46)) - raft.server.log.force.sync.num = 128 (default)
2023-04-21 06:18:31,723 [pool-1109-thread-1] INFO  server.RaftServerConfigKeys (ConfUtils.java:logGet(46)) - raft.server.log.statemachine.data.sync = true (default)
2023-04-21 06:18:31,723 [pool-1109-thread-1] INFO  server.RaftServerConfigKeys (ConfUtils.java:logGet(46)) - raft.server.log.statemachine.data.sync.timeout = 10s (default)
2023-04-21 06:18:31,723 [pool-1109-thread-1] INFO  server.RaftServerConfigKeys (ConfUtils.java:logGet(46)) - raft.server.log.statemachine.data.sync.timeout.retry = -1 (default)
2023-04-21 06:18:31,723 [pool-1109-thread-1] INFO  server.RaftServerConfigKeys (ConfUtils.java:logGet(46)) - raft.server.log.write.buffer.size = 1048576 (custom)
2023-04-21 06:18:31,724 [pool-1109-thread-1] INFO  server.RaftServerConfigKeys (ConfUtils.java:logGet(46)) - raft.server.log.appender.buffer.byte-limit = 33554432 (custom)
2023-04-21 06:18:31,729 [pool-1109-thread-1] INFO  server.RaftServerConfigKeys (ConfUtils.java:logGet(46)) - raft.server.log.unsafe-flush.enabled = false (default)
2023-04-21 06:18:31,729 [pool-1109-thread-1] INFO  server.RaftServerConfigKeys (ConfUtils.java:logGet(46)) - raft.server.log.async-flush.enabled = false (default)
2023-04-21 06:18:31,729 [pool-1109-thread-1] INFO  server.RaftServerConfigKeys (ConfUtils.java:logGet(46)) - raft.server.log.statemachine.data.caching.enabled = true (custom)
2023-04-21 06:18:31,729 [pool-1109-thread-1] INFO  segmented.SegmentedRaftLogWorker (SegmentedRaftLogWorker.java:lambda$new$0(135)) - 89310092-6a08-4a04-ad3d-d7c31a3b6af8@group-8A928EAD5328-SegmentedRaftLogWorker: flushIndex: setUnconditionally 0 -> -1
2023-04-21 06:18:31,729 [pool-1109-thread-1] INFO  segmented.SegmentedRaftLogWorker (SegmentedRaftLogWorker.java:lambda$new$0(135)) - 89310092-6a08-4a04-ad3d-d7c31a3b6af8@group-8A928EAD5328-SegmentedRaftLogWorker: safeCacheEvictIndex: setUnconditionally 0 -> -1
2023-04-21 06:18:31,729 [pool-1109-thread-1] INFO  server.RaftServer$Division (RaftServerImpl.java:start(334)) - 89310092-6a08-4a04-ad3d-d7c31a3b6af8@group-8A928EAD5328: start as a follower, conf=-1: peers:[e741532c-559f-497b-a202-f4f9d9b61a12|rpc:10.1.0.35:43445|dataStream:10.1.0.35:40381|priority:1|startupRole:FOLLOWER, 89310092-6a08-4a04-ad3d-d7c31a3b6af8|rpc:10.1.0.35:39263|dataStream:10.1.0.35:39791|priority:0|startupRole:FOLLOWER, acf62409-eb7d-4a8d-bf49-c09672ff1fd3|rpc:10.1.0.35:37499|dataStream:10.1.0.35:32899|priority:0|startupRole:FOLLOWER]|listeners:[], old=null
2023-04-21 06:18:31,729 [pool-1109-thread-1] INFO  server.RaftServer$Division (RaftServerImpl.java:setRole(321)) - 89310092-6a08-4a04-ad3d-d7c31a3b6af8@group-8A928EAD5328: changes role from      null to FOLLOWER at term 0 for startAsFollower
2023-04-21 06:18:31,729 [pool-1109-thread-1] INFO  impl.RoleInfo (RoleInfo.java:updateAndGet(139)) - 89310092-6a08-4a04-ad3d-d7c31a3b6af8: start 89310092-6a08-4a04-ad3d-d7c31a3b6af8@group-8A928EAD5328-FollowerState
2023-04-21 06:18:31,730 [pool-1109-thread-1] INFO  util.JmxRegister (JmxRegister.java:tryRegister(44)) - Successfully registered JMX Bean with object name Ratis:service=RaftServer,group=group-8A928EAD5328,id=89310092-6a08-4a04-ad3d-d7c31a3b6af8
2023-04-21 06:18:31,730 [pool-1109-thread-1] INFO  server.RaftServerConfigKeys (ConfUtils.java:logGet(46)) - raft.server.snapshot.auto.trigger.enabled = true (custom)
2023-04-21 06:18:31,730 [pool-1109-thread-1] INFO  server.RaftServerConfigKeys (ConfUtils.java:logGet(46)) - raft.server.snapshot.auto.trigger.threshold = 10000 (custom)
2023-04-21 06:18:31,730 [pool-1109-thread-1] INFO  server.RaftServerConfigKeys (ConfUtils.java:logGet(46)) - raft.server.snapshot.retention.file.num = 5 (custom)
2023-04-21 06:18:31,730 [pool-1109-thread-1] INFO  server.RaftServerConfigKeys (ConfUtils.java:logGet(46)) - raft.server.log.purge.upto.snapshot.index = false (default)
2023-04-21 06:18:31,730 [89310092-6a08-4a04-ad3d-d7c31a3b6af8@group-8A928EAD5328-FollowerState] INFO  server.RaftServerConfigKeys (ConfUtils.java:logFallback(53)) - raft.server.rpc.first-election.timeout.min = 5s (fallback to raft.server.rpc.timeout.min)
2023-04-21 06:18:31,730 [89310092-6a08-4a04-ad3d-d7c31a3b6af8@group-8A928EAD5328-FollowerState] INFO  server.RaftServerConfigKeys (ConfUtils.java:logFallback(53)) - raft.server.rpc.first-election.timeout.max = 5200ms (fallback to raft.server.rpc.timeout.max)
2023-04-21 06:18:31,743 [grpc-default-executor-0] INFO  server.RaftServer (RaftServerProxy.java:addNew(96)) - acf62409-eb7d-4a8d-bf49-c09672ff1fd3: addNew group-8A928EAD5328:[e741532c-559f-497b-a202-f4f9d9b61a12|rpc:10.1.0.35:43445|dataStream:10.1.0.35:40381|priority:1|startupRole:FOLLOWER, 89310092-6a08-4a04-ad3d-d7c31a3b6af8|rpc:10.1.0.35:39263|dataStream:10.1.0.35:39791|priority:0|startupRole:FOLLOWER, acf62409-eb7d-4a8d-bf49-c09672ff1fd3|rpc:10.1.0.35:37499|dataStream:10.1.0.35:32899|priority:0|startupRole:FOLLOWER] returns group-8A928EAD5328:java.util.concurrent.CompletableFuture@50a98aa5[Not completed]
2023-04-21 06:18:31,744 [pool-1131-thread-1] INFO  server.RaftServer$Division (RaftServerImpl.java:<init>(195)) - acf62409-eb7d-4a8d-bf49-c09672ff1fd3: new RaftServerImpl for group-8A928EAD5328:[e741532c-559f-497b-a202-f4f9d9b61a12|rpc:10.1.0.35:43445|dataStream:10.1.0.35:40381|priority:1|startupRole:FOLLOWER, 89310092-6a08-4a04-ad3d-d7c31a3b6af8|rpc:10.1.0.35:39263|dataStream:10.1.0.35:39791|priority:0|startupRole:FOLLOWER, acf62409-eb7d-4a8d-bf49-c09672ff1fd3|rpc:10.1.0.35:37499|dataStream:10.1.0.35:32899|priority:0|startupRole:FOLLOWER] with ContainerStateMachine:uninitialized
2023-04-21 06:18:31,744 [pool-1131-thread-1] INFO  server.RaftServerConfigKeys (ConfUtils.java:logGet(46)) - raft.server.rpc.timeout.min = 5s (custom)
2023-04-21 06:18:31,744 [pool-1131-thread-1] INFO  server.RaftServerConfigKeys (ConfUtils.java:logGet(46)) - raft.server.rpc.timeout.max = 5200ms (custom)
2023-04-21 06:18:31,744 [pool-1131-thread-1] INFO  server.RaftServerConfigKeys (ConfUtils.java:logGet(46)) - raft.server.rpc.sleep.time = 25ms (default)
2023-04-21 06:18:31,744 [pool-1131-thread-1] INFO  server.RaftServerConfigKeys (ConfUtils.java:logGet(46)) - raft.server.rpc.slowness.timeout = 300s (custom)
2023-04-21 06:18:31,744 [pool-1131-thread-1] INFO  server.RaftServerConfigKeys (ConfUtils.java:logGet(46)) - raft.server.leaderelection.leader.step-down.wait-time = 10s (default)
2023-04-21 06:18:31,744 [pool-1131-thread-1] INFO  server.RaftServerConfigKeys (ConfUtils.java:logGet(46)) - raft.server.sleep.deviation.threshold = 300ms (default)
2023-04-21 06:18:31,744 [pool-1131-thread-1] INFO  server.RaftServer$Division (ServerState.java:<init>(118)) - acf62409-eb7d-4a8d-bf49-c09672ff1fd3@group-8A928EAD5328: ConfigurationManager, init=-1: peers:[e741532c-559f-497b-a202-f4f9d9b61a12|rpc:10.1.0.35:43445|dataStream:10.1.0.35:40381|priority:1|startupRole:FOLLOWER, 89310092-6a08-4a04-ad3d-d7c31a3b6af8|rpc:10.1.0.35:39263|dataStream:10.1.0.35:39791|priority:0|startupRole:FOLLOWER, acf62409-eb7d-4a8d-bf49-c09672ff1fd3|rpc:10.1.0.35:37499|dataStream:10.1.0.35:32899|priority:0|startupRole:FOLLOWER]|listeners:[], old=null, confs=<EMPTY_MAP>
2023-04-21 06:18:31,744 [pool-1131-thread-1] INFO  server.RaftServerConfigKeys (ConfUtils.java:logGet(46)) - raft.server.storage.dir = [/home/runner/work/ozone/ozone/hadoop-ozone/integration-test/target/test-dir/MiniOzoneClusterImpl-5df7d698-6c9a-4a75-b3ca-6c6997f7fa13/datanode-2/data/ratis] (custom)
2023-04-21 06:18:31,745 [pool-1131-thread-1] INFO  server.RaftServerConfigKeys (ConfUtils.java:logGet(46)) - raft.server.log.corruption.policy = EXCEPTION (default)
2023-04-21 06:18:31,745 [pool-1131-thread-1] INFO  server.RaftServerConfigKeys (ConfUtils.java:logGet(46)) - raft.server.storage.free-space.min = 0MB (=0) (default)
2023-04-21 06:18:31,745 [pool-1131-thread-1] INFO  server.RaftServerConfigKeys (ConfUtils.java:logGet(46)) - raft.server.notification.no-leader.timeout = 300s (custom)
2023-04-21 06:18:31,745 [pool-1131-thread-1] INFO  server.RaftServerConfigKeys (ConfUtils.java:logGet(46)) - raft.server.retrycache.expirytime = 600000ms (custom)
2023-04-21 06:18:31,745 [pool-1131-thread-1] INFO  server.RaftServerConfigKeys (ConfUtils.java:logGet(46)) - raft.server.retrycache.statistics.expirytime = 100μs (default)
2023-04-21 06:18:31,745 [pool-1131-thread-1] INFO  server.RaftServerConfigKeys (ConfUtils.java:logGet(46)) - raft.server.log.appender.install.snapshot.enabled = false (custom)
2023-04-21 06:18:31,745 [pool-1131-thread-1] INFO  server.RaftServerConfigKeys (ConfUtils.java:logGet(46)) - raft.server.threadpool.server.cached = true (default)
2023-04-21 06:18:31,745 [pool-1131-thread-1] INFO  server.RaftServerConfigKeys (ConfUtils.java:logGet(46)) - raft.server.threadpool.server.size = 0 (default)
2023-04-21 06:18:31,745 [pool-1131-thread-1] INFO  server.RaftServerConfigKeys (ConfUtils.java:logGet(46)) - raft.server.threadpool.client.cached = true (default)
2023-04-21 06:18:31,745 [pool-1131-thread-1] INFO  server.RaftServerConfigKeys (ConfUtils.java:logGet(46)) - raft.server.threadpool.client.size = 0 (default)
2023-04-21 06:18:31,750 [pool-1131-thread-1] INFO  storage.RaftStorageDirectory (RaftStorageDirectoryImpl.java:analyzeStorage(137)) - The storage directory /home/runner/work/ozone/ozone/hadoop-ozone/integration-test/target/test-dir/MiniOzoneClusterImpl-5df7d698-6c9a-4a75-b3ca-6c6997f7fa13/datanode-2/data/ratis/48fd6bb0-5678-43ae-95cc-8a928ead5328 does not exist. Creating ...
2023-04-21 06:18:31,751 [pool-1131-thread-1] INFO  storage.RaftStorageDirectory (RaftStorageDirectoryImpl.java:tryLock(231)) - Lock on /home/runner/work/ozone/ozone/hadoop-ozone/integration-test/target/test-dir/MiniOzoneClusterImpl-5df7d698-6c9a-4a75-b3ca-6c6997f7fa13/datanode-2/data/ratis/48fd6bb0-5678-43ae-95cc-8a928ead5328/in_use.lock acquired by nodename 2764@fv-az205-422
2023-04-21 06:18:31,753 [pool-1131-thread-1] INFO  storage.RaftStorage (RaftStorageImpl.java:format(96)) - Storage directory /home/runner/work/ozone/ozone/hadoop-ozone/integration-test/target/test-dir/MiniOzoneClusterImpl-5df7d698-6c9a-4a75-b3ca-6c6997f7fa13/datanode-2/data/ratis/48fd6bb0-5678-43ae-95cc-8a928ead5328 has been successfully formatted.
2023-04-21 06:18:31,754 [pool-1131-thread-1] INFO  ratis.ContainerStateMachine (ContainerStateMachine.java:loadSnapshot(262)) - group-8A928EAD5328: The snapshot info is null. Setting the last applied indexto:(t:0, i:~)
2023-04-21 06:18:31,754 [pool-1131-thread-1] INFO  server.RaftServerConfigKeys (ConfUtils.java:logGet(46)) - raft.server.log.use.memory = false (default)
2023-04-21 06:18:31,754 [pool-1131-thread-1] INFO  server.RaftServerConfigKeys (ConfUtils.java:logGet(46)) - raft.server.log.purge.gap = 1000000 (custom)
2023-04-21 06:18:31,754 [pool-1131-thread-1] INFO  server.RaftServerConfigKeys (ConfUtils.java:logGet(46)) - raft.server.log.appender.buffer.byte-limit = 33554432 (custom)
2023-04-21 06:18:31,754 [pool-1131-thread-1] INFO  server.RaftServerConfigKeys (ConfUtils.java:logGet(46)) - raft.server.log.statemachine.data.read.timeout = 1000ms (default)
2023-04-21 06:18:31,754 [pool-1131-thread-1] INFO  server.RaftServerConfigKeys (ConfUtils.java:logGet(46)) - raft.server.log.purge.preservation.log.num = 0 (default)
2023-04-21 06:18:31,755 [pool-1131-thread-1] INFO  server.RaftServerConfigKeys (ConfUtils.java:logGet(46)) - raft.server.log.segment.size.max = 1048576 (custom)
2023-04-21 06:18:31,755 [pool-1131-thread-1] INFO  server.RaftServerConfigKeys (ConfUtils.java:logGet(46)) - raft.server.log.segment.cache.num.max = 2 (custom)
2023-04-21 06:18:31,755 [pool-1131-thread-1] INFO  server.RaftServerConfigKeys (ConfUtils.java:logGet(46)) - raft.server.log.segment.cache.size.max = 200MB (=209715200) (default)
2023-04-21 06:18:31,755 [pool-1131-thread-1] INFO  segmented.SegmentedRaftLogWorker (SegmentedRaftLogWorker.java:<init>(189)) - new acf62409-eb7d-4a8d-bf49-c09672ff1fd3@group-8A928EAD5328-SegmentedRaftLogWorker for RaftStorageImpl:Storage Directory /home/runner/work/ozone/ozone/hadoop-ozone/integration-test/target/test-dir/MiniOzoneClusterImpl-5df7d698-6c9a-4a75-b3ca-6c6997f7fa13/datanode-2/data/ratis/48fd6bb0-5678-43ae-95cc-8a928ead5328
2023-04-21 06:18:31,755 [pool-1131-thread-1] INFO  server.RaftServerConfigKeys (ConfUtils.java:logGet(46)) - raft.server.log.queue.byte-limit = 4294967296 (custom)
2023-04-21 06:18:31,755 [pool-1131-thread-1] INFO  server.RaftServerConfigKeys (ConfUtils.java:logGet(46)) - raft.server.log.queue.element-limit = 1024 (custom)
2023-04-21 06:18:31,755 [pool-1131-thread-1] INFO  server.RaftServerConfigKeys (ConfUtils.java:logGet(46)) - raft.server.log.segment.size.max = 1048576 (custom)
2023-04-21 06:18:31,755 [pool-1131-thread-1] INFO  server.RaftServerConfigKeys (ConfUtils.java:logGet(46)) - raft.server.log.preallocated.size = 16384 (custom)
2023-04-21 06:18:31,755 [pool-1131-thread-1] INFO  server.RaftServerConfigKeys (ConfUtils.java:logGet(46)) - raft.server.log.force.sync.num = 128 (default)
2023-04-21 06:18:31,755 [pool-1131-thread-1] INFO  server.RaftServerConfigKeys (ConfUtils.java:logGet(46)) - raft.server.log.statemachine.data.sync = true (default)
2023-04-21 06:18:31,756 [pool-1131-thread-1] INFO  server.RaftServerConfigKeys (ConfUtils.java:logGet(46)) - raft.server.log.statemachine.data.sync.timeout = 10s (default)
2023-04-21 06:18:31,756 [pool-1131-thread-1] INFO  server.RaftServerConfigKeys (ConfUtils.java:logGet(46)) - raft.server.log.statemachine.data.sync.timeout.retry = -1 (default)
2023-04-21 06:18:31,756 [pool-1131-thread-1] INFO  server.RaftServerConfigKeys (ConfUtils.java:logGet(46)) - raft.server.log.write.buffer.size = 1048576 (custom)
2023-04-21 06:18:31,759 [pool-1131-thread-1] INFO  server.RaftServerConfigKeys (ConfUtils.java:logGet(46)) - raft.server.log.appender.buffer.byte-limit = 33554432 (custom)
2023-04-21 06:18:31,770 [pool-1131-thread-1] INFO  server.RaftServerConfigKeys (ConfUtils.java:logGet(46)) - raft.server.log.unsafe-flush.enabled = false (default)
2023-04-21 06:18:31,770 [pool-1131-thread-1] INFO  server.RaftServerConfigKeys (ConfUtils.java:logGet(46)) - raft.server.log.async-flush.enabled = false (default)
2023-04-21 06:18:31,770 [pool-1131-thread-1] INFO  server.RaftServerConfigKeys (ConfUtils.java:logGet(46)) - raft.server.log.statemachine.data.caching.enabled = true (custom)
2023-04-21 06:18:31,770 [pool-1131-thread-1] INFO  segmented.SegmentedRaftLogWorker (SegmentedRaftLogWorker.java:lambda$new$0(135)) - acf62409-eb7d-4a8d-bf49-c09672ff1fd3@group-8A928EAD5328-SegmentedRaftLogWorker: flushIndex: setUnconditionally 0 -> -1
2023-04-21 06:18:31,770 [pool-1131-thread-1] INFO  segmented.SegmentedRaftLogWorker (SegmentedRaftLogWorker.java:lambda$new$0(135)) - acf62409-eb7d-4a8d-bf49-c09672ff1fd3@group-8A928EAD5328-SegmentedRaftLogWorker: safeCacheEvictIndex: setUnconditionally 0 -> -1
2023-04-21 06:18:31,770 [pool-1131-thread-1] INFO  server.RaftServer$Division (RaftServerImpl.java:start(334)) - acf62409-eb7d-4a8d-bf49-c09672ff1fd3@group-8A928EAD5328: start as a follower, conf=-1: peers:[e741532c-559f-497b-a202-f4f9d9b61a12|rpc:10.1.0.35:43445|dataStream:10.1.0.35:40381|priority:1|startupRole:FOLLOWER, 89310092-6a08-4a04-ad3d-d7c31a3b6af8|rpc:10.1.0.35:39263|dataStream:10.1.0.35:39791|priority:0|startupRole:FOLLOWER, acf62409-eb7d-4a8d-bf49-c09672ff1fd3|rpc:10.1.0.35:37499|dataStream:10.1.0.35:32899|priority:0|startupRole:FOLLOWER]|listeners:[], old=null
2023-04-21 06:18:31,770 [pool-1131-thread-1] INFO  server.RaftServer$Division (RaftServerImpl.java:setRole(321)) - acf62409-eb7d-4a8d-bf49-c09672ff1fd3@group-8A928EAD5328: changes role from      null to FOLLOWER at term 0 for startAsFollower
2023-04-21 06:18:31,770 [pool-1131-thread-1] INFO  impl.RoleInfo (RoleInfo.java:updateAndGet(139)) - acf62409-eb7d-4a8d-bf49-c09672ff1fd3: start acf62409-eb7d-4a8d-bf49-c09672ff1fd3@group-8A928EAD5328-FollowerState
2023-04-21 06:18:31,771 [pool-1131-thread-1] INFO  util.JmxRegister (JmxRegister.java:tryRegister(44)) - Successfully registered JMX Bean with object name Ratis:service=RaftServer,group=group-8A928EAD5328,id=acf62409-eb7d-4a8d-bf49-c09672ff1fd3
2023-04-21 06:18:31,771 [pool-1131-thread-1] INFO  server.RaftServerConfigKeys (ConfUtils.java:logGet(46)) - raft.server.snapshot.auto.trigger.enabled = true (custom)
2023-04-21 06:18:31,771 [pool-1131-thread-1] INFO  server.RaftServerConfigKeys (ConfUtils.java:logGet(46)) - raft.server.snapshot.auto.trigger.threshold = 10000 (custom)
2023-04-21 06:18:31,771 [pool-1131-thread-1] INFO  server.RaftServerConfigKeys (ConfUtils.java:logGet(46)) - raft.server.snapshot.retention.file.num = 5 (custom)
2023-04-21 06:18:31,771 [pool-1131-thread-1] INFO  server.RaftServerConfigKeys (ConfUtils.java:logGet(46)) - raft.server.log.purge.upto.snapshot.index = false (default)
2023-04-21 06:18:31,773 [acf62409-eb7d-4a8d-bf49-c09672ff1fd3@group-8A928EAD5328-FollowerState] INFO  server.RaftServerConfigKeys (ConfUtils.java:logFallback(53)) - raft.server.rpc.first-election.timeout.min = 5s (fallback to raft.server.rpc.timeout.min)
2023-04-21 06:18:31,773 [acf62409-eb7d-4a8d-bf49-c09672ff1fd3@group-8A928EAD5328-FollowerState] INFO  server.RaftServerConfigKeys (ConfUtils.java:logFallback(53)) - raft.server.rpc.first-election.timeout.max = 5200ms (fallback to raft.server.rpc.timeout.max)
2023-04-21 06:18:31,777 [Command processor thread] INFO  commandhandler.CreatePipelineCommandHandler (CreatePipelineCommandHandler.java:handle(113)) - Created Pipeline RATIS THREE PipelineID=48fd6bb0-5678-43ae-95cc-8a928ead5328.
2023-04-21 06:18:31,894 [Command processor thread] INFO  server.RaftServer (RaftServerProxy.java:addNew(96)) - 89310092-6a08-4a04-ad3d-d7c31a3b6af8: addNew group-D015C65811E2:[89310092-6a08-4a04-ad3d-d7c31a3b6af8|rpc:10.1.0.35:39263|dataStream:10.1.0.35:39791|priority:1|startupRole:FOLLOWER] returns group-D015C65811E2:java.util.concurrent.CompletableFuture@408030cf[Not completed]
2023-04-21 06:18:31,896 [pool-1109-thread-1] INFO  server.RaftServer$Division (RaftServerImpl.java:<init>(195)) - 89310092-6a08-4a04-ad3d-d7c31a3b6af8: new RaftServerImpl for group-D015C65811E2:[89310092-6a08-4a04-ad3d-d7c31a3b6af8|rpc:10.1.0.35:39263|dataStream:10.1.0.35:39791|priority:1|startupRole:FOLLOWER] with ContainerStateMachine:uninitialized
2023-04-21 06:18:31,896 [pool-1109-thread-1] INFO  server.RaftServerConfigKeys (ConfUtils.java:logGet(46)) - raft.server.rpc.timeout.min = 5s (custom)
2023-04-21 06:18:31,896 [pool-1109-thread-1] INFO  server.RaftServerConfigKeys (ConfUtils.java:logGet(46)) - raft.server.rpc.timeout.max = 5200ms (custom)
2023-04-21 06:18:31,896 [pool-1109-thread-1] INFO  server.RaftServerConfigKeys (ConfUtils.java:logGet(46)) - raft.server.rpc.sleep.time = 25ms (default)
2023-04-21 06:18:31,896 [pool-1109-thread-1] INFO  server.RaftServerConfigKeys (ConfUtils.java:logGet(46)) - raft.server.rpc.slowness.timeout = 300s (custom)
2023-04-21 06:18:31,896 [pool-1109-thread-1] INFO  server.RaftServerConfigKeys (ConfUtils.java:logGet(46)) - raft.server.leaderelection.leader.step-down.wait-time = 10s (default)
2023-04-21 06:18:31,896 [pool-1109-thread-1] INFO  server.RaftServerConfigKeys (ConfUtils.java:logGet(46)) - raft.server.sleep.deviation.threshold = 300ms (default)
2023-04-21 06:18:31,896 [pool-1109-thread-1] INFO  server.RaftServer$Division (ServerState.java:<init>(118)) - 89310092-6a08-4a04-ad3d-d7c31a3b6af8@group-D015C65811E2: ConfigurationManager, init=-1: peers:[89310092-6a08-4a04-ad3d-d7c31a3b6af8|rpc:10.1.0.35:39263|dataStream:10.1.0.35:39791|priority:1|startupRole:FOLLOWER]|listeners:[], old=null, confs=<EMPTY_MAP>
2023-04-21 06:18:31,896 [pool-1109-thread-1] INFO  server.RaftServerConfigKeys (ConfUtils.java:logGet(46)) - raft.server.storage.dir = [/home/runner/work/ozone/ozone/hadoop-ozone/integration-test/target/test-dir/MiniOzoneClusterImpl-5df7d698-6c9a-4a75-b3ca-6c6997f7fa13/datanode-1/data/ratis] (custom)
2023-04-21 06:18:31,896 [pool-1109-thread-1] INFO  server.RaftServerConfigKeys (ConfUtils.java:logGet(46)) - raft.server.log.corruption.policy = EXCEPTION (default)
2023-04-21 06:18:31,896 [pool-1109-thread-1] INFO  server.RaftServerConfigKeys (ConfUtils.java:logGet(46)) - raft.server.storage.free-space.min = 0MB (=0) (default)
2023-04-21 06:18:31,896 [pool-1109-thread-1] INFO  server.RaftServerConfigKeys (ConfUtils.java:logGet(46)) - raft.server.notification.no-leader.timeout = 300s (custom)
2023-04-21 06:18:31,896 [pool-1109-thread-1] INFO  server.RaftServerConfigKeys (ConfUtils.java:logGet(46)) - raft.server.retrycache.expirytime = 600000ms (custom)
2023-04-21 06:18:31,897 [pool-1109-thread-1] INFO  server.RaftServerConfigKeys (ConfUtils.java:logGet(46)) - raft.server.retrycache.statistics.expirytime = 100μs (default)
2023-04-21 06:18:31,897 [pool-1109-thread-1] INFO  server.RaftServerConfigKeys (ConfUtils.java:logGet(46)) - raft.server.log.appender.install.snapshot.enabled = false (custom)
2023-04-21 06:18:31,897 [pool-1109-thread-1] INFO  server.RaftServerConfigKeys (ConfUtils.java:logGet(46)) - raft.server.threadpool.server.cached = true (default)
2023-04-21 06:18:31,897 [pool-1109-thread-1] INFO  server.RaftServerConfigKeys (ConfUtils.java:logGet(46)) - raft.server.threadpool.server.size = 0 (default)
2023-04-21 06:18:31,897 [pool-1109-thread-1] INFO  server.RaftServerConfigKeys (ConfUtils.java:logGet(46)) - raft.server.threadpool.client.cached = true (default)
2023-04-21 06:18:31,897 [pool-1109-thread-1] INFO  server.RaftServerConfigKeys (ConfUtils.java:logGet(46)) - raft.server.threadpool.client.size = 0 (default)
2023-04-21 06:18:31,897 [pool-1109-thread-1] INFO  storage.RaftStorageDirectory (RaftStorageDirectoryImpl.java:analyzeStorage(137)) - The storage directory /home/runner/work/ozone/ozone/hadoop-ozone/integration-test/target/test-dir/MiniOzoneClusterImpl-5df7d698-6c9a-4a75-b3ca-6c6997f7fa13/datanode-1/data/ratis/443fde9c-a019-4cb4-97af-d015c65811e2 does not exist. Creating ...
2023-04-21 06:18:31,899 [pool-1109-thread-1] INFO  storage.RaftStorageDirectory (RaftStorageDirectoryImpl.java:tryLock(231)) - Lock on /home/runner/work/ozone/ozone/hadoop-ozone/integration-test/target/test-dir/MiniOzoneClusterImpl-5df7d698-6c9a-4a75-b3ca-6c6997f7fa13/datanode-1/data/ratis/443fde9c-a019-4cb4-97af-d015c65811e2/in_use.lock acquired by nodename 2764@fv-az205-422
2023-04-21 06:18:31,901 [pool-1109-thread-1] INFO  storage.RaftStorage (RaftStorageImpl.java:format(96)) - Storage directory /home/runner/work/ozone/ozone/hadoop-ozone/integration-test/target/test-dir/MiniOzoneClusterImpl-5df7d698-6c9a-4a75-b3ca-6c6997f7fa13/datanode-1/data/ratis/443fde9c-a019-4cb4-97af-d015c65811e2 has been successfully formatted.
2023-04-21 06:18:31,901 [pool-1109-thread-1] INFO  ratis.ContainerStateMachine (ContainerStateMachine.java:loadSnapshot(262)) - group-D015C65811E2: The snapshot info is null. Setting the last applied indexto:(t:0, i:~)
2023-04-21 06:18:31,901 [pool-1109-thread-1] INFO  server.RaftServerConfigKeys (ConfUtils.java:logGet(46)) - raft.server.log.use.memory = false (default)
2023-04-21 06:18:31,901 [pool-1109-thread-1] INFO  server.RaftServerConfigKeys (ConfUtils.java:logGet(46)) - raft.server.log.purge.gap = 1000000 (custom)
2023-04-21 06:18:31,901 [pool-1109-thread-1] INFO  server.RaftServerConfigKeys (ConfUtils.java:logGet(46)) - raft.server.log.appender.buffer.byte-limit = 33554432 (custom)
2023-04-21 06:18:31,901 [pool-1109-thread-1] INFO  server.RaftServerConfigKeys (ConfUtils.java:logGet(46)) - raft.server.log.statemachine.data.read.timeout = 1000ms (default)
2023-04-21 06:18:31,901 [pool-1109-thread-1] INFO  server.RaftServerConfigKeys (ConfUtils.java:logGet(46)) - raft.server.log.purge.preservation.log.num = 0 (default)
2023-04-21 06:18:31,902 [EventQueue-PipelineReportForPipelineReportHandler] INFO  pipeline.PipelineManagerImpl (PipelineManagerImpl.java:openPipeline(367)) - Pipeline Pipeline[ Id: 443fde9c-a019-4cb4-97af-d015c65811e2, Nodes: 89310092-6a08-4a04-ad3d-d7c31a3b6af8(fv-az205-422/10.1.0.35), ReplicationConfig: RATIS/ONE, State:ALLOCATED, leaderId:89310092-6a08-4a04-ad3d-d7c31a3b6af8, CreationTimestamp2023-04-21T06:18:28.898Z[Etc/UTC]] moved to OPEN state
2023-04-21 06:18:31,902 [pool-1109-thread-1] INFO  server.RaftServerConfigKeys (ConfUtils.java:logGet(46)) - raft.server.log.segment.size.max = 1048576 (custom)
2023-04-21 06:18:31,902 [EventQueue-OpenPipelineForHealthyPipelineSafeModeRule] INFO  safemode.SCMSafeModeManager (HealthyPipelineSafeModeRule.java:process(137)) - SCM in safe mode. Healthy pipelines reported count is 0, required healthy pipeline reported count is 1
2023-04-21 06:18:31,903 [pool-1109-thread-1] INFO  server.RaftServerConfigKeys (ConfUtils.java:logGet(46)) - raft.server.log.segment.cache.num.max = 2 (custom)
2023-04-21 06:18:31,903 [pool-1109-thread-1] INFO  server.RaftServerConfigKeys (ConfUtils.java:logGet(46)) - raft.server.log.segment.cache.size.max = 200MB (=209715200) (default)
2023-04-21 06:18:31,903 [pool-1109-thread-1] INFO  segmented.SegmentedRaftLogWorker (SegmentedRaftLogWorker.java:<init>(189)) - new 89310092-6a08-4a04-ad3d-d7c31a3b6af8@group-D015C65811E2-SegmentedRaftLogWorker for RaftStorageImpl:Storage Directory /home/runner/work/ozone/ozone/hadoop-ozone/integration-test/target/test-dir/MiniOzoneClusterImpl-5df7d698-6c9a-4a75-b3ca-6c6997f7fa13/datanode-1/data/ratis/443fde9c-a019-4cb4-97af-d015c65811e2
2023-04-21 06:18:31,903 [pool-1109-thread-1] INFO  server.RaftServerConfigKeys (ConfUtils.java:logGet(46)) - raft.server.log.queue.byte-limit = 4294967296 (custom)
2023-04-21 06:18:31,903 [pool-1109-thread-1] INFO  server.RaftServerConfigKeys (ConfUtils.java:logGet(46)) - raft.server.log.queue.element-limit = 1024 (custom)
2023-04-21 06:18:31,903 [pool-1109-thread-1] INFO  server.RaftServerConfigKeys (ConfUtils.java:logGet(46)) - raft.server.log.segment.size.max = 1048576 (custom)
2023-04-21 06:18:31,903 [pool-1109-thread-1] INFO  server.RaftServerConfigKeys (ConfUtils.java:logGet(46)) - raft.server.log.preallocated.size = 16384 (custom)
2023-04-21 06:18:31,903 [pool-1109-thread-1] INFO  server.RaftServerConfigKeys (ConfUtils.java:logGet(46)) - raft.server.log.force.sync.num = 128 (default)
2023-04-21 06:18:31,903 [pool-1109-thread-1] INFO  server.RaftServerConfigKeys (ConfUtils.java:logGet(46)) - raft.server.log.statemachine.data.sync = true (default)
2023-04-21 06:18:31,903 [pool-1109-thread-1] INFO  server.RaftServerConfigKeys (ConfUtils.java:logGet(46)) - raft.server.log.statemachine.data.sync.timeout = 10s (default)
2023-04-21 06:18:31,903 [pool-1109-thread-1] INFO  server.RaftServerConfigKeys (ConfUtils.java:logGet(46)) - raft.server.log.statemachine.data.sync.timeout.retry = -1 (default)
2023-04-21 06:18:31,904 [pool-1109-thread-1] INFO  server.RaftServerConfigKeys (ConfUtils.java:logGet(46)) - raft.server.log.write.buffer.size = 1048576 (custom)
2023-04-21 06:18:31,904 [pool-1109-thread-1] INFO  server.RaftServerConfigKeys (ConfUtils.java:logGet(46)) - raft.server.log.appender.buffer.byte-limit = 33554432 (custom)
2023-04-21 06:18:31,909 [pool-1109-thread-1] INFO  server.RaftServerConfigKeys (ConfUtils.java:logGet(46)) - raft.server.log.unsafe-flush.enabled = false (default)
2023-04-21 06:18:31,909 [pool-1109-thread-1] INFO  server.RaftServerConfigKeys (ConfUtils.java:logGet(46)) - raft.server.log.async-flush.enabled = false (default)
2023-04-21 06:18:31,909 [pool-1109-thread-1] INFO  server.RaftServerConfigKeys (ConfUtils.java:logGet(46)) - raft.server.log.statemachine.data.caching.enabled = true (custom)
2023-04-21 06:18:31,909 [pool-1109-thread-1] INFO  segmented.SegmentedRaftLogWorker (SegmentedRaftLogWorker.java:lambda$new$0(135)) - 89310092-6a08-4a04-ad3d-d7c31a3b6af8@group-D015C65811E2-SegmentedRaftLogWorker: flushIndex: setUnconditionally 0 -> -1
2023-04-21 06:18:31,909 [pool-1109-thread-1] INFO  segmented.SegmentedRaftLogWorker (SegmentedRaftLogWorker.java:lambda$new$0(135)) - 89310092-6a08-4a04-ad3d-d7c31a3b6af8@group-D015C65811E2-SegmentedRaftLogWorker: safeCacheEvictIndex: setUnconditionally 0 -> -1
2023-04-21 06:18:31,910 [pool-1109-thread-1] INFO  server.RaftServer$Division (RaftServerImpl.java:start(334)) - 89310092-6a08-4a04-ad3d-d7c31a3b6af8@group-D015C65811E2: start as a follower, conf=-1: peers:[89310092-6a08-4a04-ad3d-d7c31a3b6af8|rpc:10.1.0.35:39263|dataStream:10.1.0.35:39791|priority:1|startupRole:FOLLOWER]|listeners:[], old=null
2023-04-21 06:18:31,910 [pool-1109-thread-1] INFO  server.RaftServer$Division (RaftServerImpl.java:setRole(321)) - 89310092-6a08-4a04-ad3d-d7c31a3b6af8@group-D015C65811E2: changes role from      null to FOLLOWER at term 0 for startAsFollower
2023-04-21 06:18:31,910 [pool-1109-thread-1] INFO  impl.RoleInfo (RoleInfo.java:updateAndGet(139)) - 89310092-6a08-4a04-ad3d-d7c31a3b6af8: start 89310092-6a08-4a04-ad3d-d7c31a3b6af8@group-D015C65811E2-FollowerState
2023-04-21 06:18:31,910 [89310092-6a08-4a04-ad3d-d7c31a3b6af8@group-D015C65811E2-FollowerState] INFO  server.RaftServerConfigKeys (ConfUtils.java:logFallback(53)) - raft.server.rpc.first-election.timeout.min = 5s (fallback to raft.server.rpc.timeout.min)
2023-04-21 06:18:31,910 [pool-1109-thread-1] INFO  util.JmxRegister (JmxRegister.java:tryRegister(44)) - Successfully registered JMX Bean with object name Ratis:service=RaftServer,group=group-D015C65811E2,id=89310092-6a08-4a04-ad3d-d7c31a3b6af8
2023-04-21 06:18:31,910 [89310092-6a08-4a04-ad3d-d7c31a3b6af8@group-D015C65811E2-FollowerState] INFO  server.RaftServerConfigKeys (ConfUtils.java:logFallback(53)) - raft.server.rpc.first-election.timeout.max = 5200ms (fallback to raft.server.rpc.timeout.max)
2023-04-21 06:18:31,910 [pool-1109-thread-1] INFO  server.RaftServerConfigKeys (ConfUtils.java:logGet(46)) - raft.server.snapshot.auto.trigger.enabled = true (custom)
2023-04-21 06:18:31,910 [pool-1109-thread-1] INFO  server.RaftServerConfigKeys (ConfUtils.java:logGet(46)) - raft.server.snapshot.auto.trigger.threshold = 10000 (custom)
2023-04-21 06:18:31,910 [pool-1109-thread-1] INFO  server.RaftServerConfigKeys (ConfUtils.java:logGet(46)) - raft.server.snapshot.retention.file.num = 5 (custom)
2023-04-21 06:18:31,910 [pool-1109-thread-1] INFO  server.RaftServerConfigKeys (ConfUtils.java:logGet(46)) - raft.server.log.purge.upto.snapshot.index = false (default)
2023-04-21 06:18:31,911 [Command processor thread] INFO  ratis.XceiverServerRatis (XceiverServerRatis.java:addGroup(806)) - Created group PipelineID=443fde9c-a019-4cb4-97af-d015c65811e2
2023-04-21 06:18:31,911 [Command processor thread] INFO  commandhandler.CreatePipelineCommandHandler (CreatePipelineCommandHandler.java:handle(113)) - Created Pipeline RATIS ONE PipelineID=443fde9c-a019-4cb4-97af-d015c65811e2.
2023-04-21 06:18:32,210 [Command processor thread] INFO  server.RaftServer (RaftServerProxy.java:addNew(96)) - acf62409-eb7d-4a8d-bf49-c09672ff1fd3: addNew group-AAE080EAEAF1:[acf62409-eb7d-4a8d-bf49-c09672ff1fd3|rpc:10.1.0.35:37499|dataStream:10.1.0.35:32899|priority:1|startupRole:FOLLOWER] returns group-AAE080EAEAF1:java.util.concurrent.CompletableFuture@24654f28[Not completed]
2023-04-21 06:18:32,211 [pool-1131-thread-1] INFO  server.RaftServer$Division (RaftServerImpl.java:<init>(195)) - acf62409-eb7d-4a8d-bf49-c09672ff1fd3: new RaftServerImpl for group-AAE080EAEAF1:[acf62409-eb7d-4a8d-bf49-c09672ff1fd3|rpc:10.1.0.35:37499|dataStream:10.1.0.35:32899|priority:1|startupRole:FOLLOWER] with ContainerStateMachine:uninitialized
2023-04-21 06:18:32,211 [pool-1131-thread-1] INFO  server.RaftServerConfigKeys (ConfUtils.java:logGet(46)) - raft.server.rpc.timeout.min = 5s (custom)
2023-04-21 06:18:32,211 [pool-1131-thread-1] INFO  server.RaftServerConfigKeys (ConfUtils.java:logGet(46)) - raft.server.rpc.timeout.max = 5200ms (custom)
2023-04-21 06:18:32,211 [pool-1131-thread-1] INFO  server.RaftServerConfigKeys (ConfUtils.java:logGet(46)) - raft.server.rpc.sleep.time = 25ms (default)
2023-04-21 06:18:32,211 [pool-1131-thread-1] INFO  server.RaftServerConfigKeys (ConfUtils.java:logGet(46)) - raft.server.rpc.slowness.timeout = 300s (custom)
2023-04-21 06:18:32,211 [pool-1131-thread-1] INFO  server.RaftServerConfigKeys (ConfUtils.java:logGet(46)) - raft.server.leaderelection.leader.step-down.wait-time = 10s (default)
2023-04-21 06:18:32,211 [pool-1131-thread-1] INFO  server.RaftServerConfigKeys (ConfUtils.java:logGet(46)) - raft.server.sleep.deviation.threshold = 300ms (default)
2023-04-21 06:18:32,212 [pool-1131-thread-1] INFO  server.RaftServer$Division (ServerState.java:<init>(118)) - acf62409-eb7d-4a8d-bf49-c09672ff1fd3@group-AAE080EAEAF1: ConfigurationManager, init=-1: peers:[acf62409-eb7d-4a8d-bf49-c09672ff1fd3|rpc:10.1.0.35:37499|dataStream:10.1.0.35:32899|priority:1|startupRole:FOLLOWER]|listeners:[], old=null, confs=<EMPTY_MAP>
2023-04-21 06:18:32,212 [pool-1131-thread-1] INFO  server.RaftServerConfigKeys (ConfUtils.java:logGet(46)) - raft.server.storage.dir = [/home/runner/work/ozone/ozone/hadoop-ozone/integration-test/target/test-dir/MiniOzoneClusterImpl-5df7d698-6c9a-4a75-b3ca-6c6997f7fa13/datanode-2/data/ratis] (custom)
2023-04-21 06:18:32,212 [pool-1131-thread-1] INFO  server.RaftServerConfigKeys (ConfUtils.java:logGet(46)) - raft.server.log.corruption.policy = EXCEPTION (default)
2023-04-21 06:18:32,212 [pool-1131-thread-1] INFO  server.RaftServerConfigKeys (ConfUtils.java:logGet(46)) - raft.server.storage.free-space.min = 0MB (=0) (default)
2023-04-21 06:18:32,212 [pool-1131-thread-1] INFO  server.RaftServerConfigKeys (ConfUtils.java:logGet(46)) - raft.server.notification.no-leader.timeout = 300s (custom)
2023-04-21 06:18:32,212 [pool-1131-thread-1] INFO  server.RaftServerConfigKeys (ConfUtils.java:logGet(46)) - raft.server.retrycache.expirytime = 600000ms (custom)
2023-04-21 06:18:32,212 [pool-1131-thread-1] INFO  server.RaftServerConfigKeys (ConfUtils.java:logGet(46)) - raft.server.retrycache.statistics.expirytime = 100μs (default)
2023-04-21 06:18:32,212 [Listener at 127.0.0.1/41999] INFO  ozone.MiniOzoneClusterImpl (MiniOzoneClusterImpl.java:lambda$waitForClusterToBeReady$0(223)) - Nodes are ready. Got 3 of 3 DN Heartbeats.
2023-04-21 06:18:32,212 [Listener at 127.0.0.1/41999] INFO  ozone.MiniOzoneClusterImpl (MiniOzoneClusterImpl.java:lambda$waitForClusterToBeReady$0(226)) - Waiting for cluster to exit safe mode
2023-04-21 06:18:32,212 [Listener at 127.0.0.1/41999] INFO  ozone.MiniOzoneClusterImpl (MiniOzoneClusterImpl.java:lambda$waitForClusterToBeReady$0(228)) - SCM became leader
2023-04-21 06:18:32,212 [pool-1131-thread-1] INFO  server.RaftServerConfigKeys (ConfUtils.java:logGet(46)) - raft.server.log.appender.install.snapshot.enabled = false (custom)
2023-04-21 06:18:32,212 [pool-1131-thread-1] INFO  server.RaftServerConfigKeys (ConfUtils.java:logGet(46)) - raft.server.threadpool.server.cached = true (default)
2023-04-21 06:18:32,213 [pool-1131-thread-1] INFO  server.RaftServerConfigKeys (ConfUtils.java:logGet(46)) - raft.server.threadpool.server.size = 0 (default)
2023-04-21 06:18:32,213 [pool-1131-thread-1] INFO  server.RaftServerConfigKeys (ConfUtils.java:logGet(46)) - raft.server.threadpool.client.cached = true (default)
2023-04-21 06:18:32,213 [pool-1131-thread-1] INFO  server.RaftServerConfigKeys (ConfUtils.java:logGet(46)) - raft.server.threadpool.client.size = 0 (default)
2023-04-21 06:18:32,213 [pool-1131-thread-1] INFO  storage.RaftStorageDirectory (RaftStorageDirectoryImpl.java:analyzeStorage(137)) - The storage directory /home/runner/work/ozone/ozone/hadoop-ozone/integration-test/target/test-dir/MiniOzoneClusterImpl-5df7d698-6c9a-4a75-b3ca-6c6997f7fa13/datanode-2/data/ratis/d5782de6-d1ae-4c0a-9e6b-aae080eaeaf1 does not exist. Creating ...
2023-04-21 06:18:32,214 [pool-1131-thread-1] INFO  storage.RaftStorageDirectory (RaftStorageDirectoryImpl.java:tryLock(231)) - Lock on /home/runner/work/ozone/ozone/hadoop-ozone/integration-test/target/test-dir/MiniOzoneClusterImpl-5df7d698-6c9a-4a75-b3ca-6c6997f7fa13/datanode-2/data/ratis/d5782de6-d1ae-4c0a-9e6b-aae080eaeaf1/in_use.lock acquired by nodename 2764@fv-az205-422
2023-04-21 06:18:32,216 [pool-1131-thread-1] INFO  storage.RaftStorage (RaftStorageImpl.java:format(96)) - Storage directory /home/runner/work/ozone/ozone/hadoop-ozone/integration-test/target/test-dir/MiniOzoneClusterImpl-5df7d698-6c9a-4a75-b3ca-6c6997f7fa13/datanode-2/data/ratis/d5782de6-d1ae-4c0a-9e6b-aae080eaeaf1 has been successfully formatted.
2023-04-21 06:18:32,216 [pool-1131-thread-1] INFO  ratis.ContainerStateMachine (ContainerStateMachine.java:loadSnapshot(262)) - group-AAE080EAEAF1: The snapshot info is null. Setting the last applied indexto:(t:0, i:~)
2023-04-21 06:18:32,216 [pool-1131-thread-1] INFO  server.RaftServerConfigKeys (ConfUtils.java:logGet(46)) - raft.server.log.use.memory = false (default)
2023-04-21 06:18:32,216 [pool-1131-thread-1] INFO  server.RaftServerConfigKeys (ConfUtils.java:logGet(46)) - raft.server.log.purge.gap = 1000000 (custom)
2023-04-21 06:18:32,217 [pool-1131-thread-1] INFO  server.RaftServerConfigKeys (ConfUtils.java:logGet(46)) - raft.server.log.appender.buffer.byte-limit = 33554432 (custom)
2023-04-21 06:18:32,217 [pool-1131-thread-1] INFO  server.RaftServerConfigKeys (ConfUtils.java:logGet(46)) - raft.server.log.statemachine.data.read.timeout = 1000ms (default)
2023-04-21 06:18:32,217 [pool-1131-thread-1] INFO  server.RaftServerConfigKeys (ConfUtils.java:logGet(46)) - raft.server.log.purge.preservation.log.num = 0 (default)
2023-04-21 06:18:32,217 [pool-1131-thread-1] INFO  server.RaftServerConfigKeys (ConfUtils.java:logGet(46)) - raft.server.log.segment.size.max = 1048576 (custom)
2023-04-21 06:18:32,217 [pool-1131-thread-1] INFO  server.RaftServerConfigKeys (ConfUtils.java:logGet(46)) - raft.server.log.segment.cache.num.max = 2 (custom)
2023-04-21 06:18:32,217 [pool-1131-thread-1] INFO  server.RaftServerConfigKeys (ConfUtils.java:logGet(46)) - raft.server.log.segment.cache.size.max = 200MB (=209715200) (default)
2023-04-21 06:18:32,217 [pool-1131-thread-1] INFO  segmented.SegmentedRaftLogWorker (SegmentedRaftLogWorker.java:<init>(189)) - new acf62409-eb7d-4a8d-bf49-c09672ff1fd3@group-AAE080EAEAF1-SegmentedRaftLogWorker for RaftStorageImpl:Storage Directory /home/runner/work/ozone/ozone/hadoop-ozone/integration-test/target/test-dir/MiniOzoneClusterImpl-5df7d698-6c9a-4a75-b3ca-6c6997f7fa13/datanode-2/data/ratis/d5782de6-d1ae-4c0a-9e6b-aae080eaeaf1
2023-04-21 06:18:32,217 [pool-1131-thread-1] INFO  server.RaftServerConfigKeys (ConfUtils.java:logGet(46)) - raft.server.log.queue.byte-limit = 4294967296 (custom)
2023-04-21 06:18:32,217 [pool-1131-thread-1] INFO  server.RaftServerConfigKeys (ConfUtils.java:logGet(46)) - raft.server.log.queue.element-limit = 1024 (custom)
2023-04-21 06:18:32,217 [pool-1131-thread-1] INFO  server.RaftServerConfigKeys (ConfUtils.java:logGet(46)) - raft.server.log.segment.size.max = 1048576 (custom)
2023-04-21 06:18:32,217 [pool-1131-thread-1] INFO  server.RaftServerConfigKeys (ConfUtils.java:logGet(46)) - raft.server.log.preallocated.size = 16384 (custom)
2023-04-21 06:18:32,217 [pool-1131-thread-1] INFO  server.RaftServerConfigKeys (ConfUtils.java:logGet(46)) - raft.server.log.force.sync.num = 128 (default)
2023-04-21 06:18:32,218 [EventQueue-PipelineReportForPipelineReportHandler] INFO  pipeline.PipelineManagerImpl (PipelineManagerImpl.java:openPipeline(367)) - Pipeline Pipeline[ Id: d5782de6-d1ae-4c0a-9e6b-aae080eaeaf1, Nodes: acf62409-eb7d-4a8d-bf49-c09672ff1fd3(fv-az205-422/10.1.0.35), ReplicationConfig: RATIS/ONE, State:ALLOCATED, leaderId:acf62409-eb7d-4a8d-bf49-c09672ff1fd3, CreationTimestamp2023-04-21T06:18:29.214Z[Etc/UTC]] moved to OPEN state
2023-04-21 06:18:32,218 [pool-1131-thread-1] INFO  server.RaftServerConfigKeys (ConfUtils.java:logGet(46)) - raft.server.log.statemachine.data.sync = true (default)
2023-04-21 06:18:32,218 [pool-1131-thread-1] INFO  server.RaftServerConfigKeys (ConfUtils.java:logGet(46)) - raft.server.log.statemachine.data.sync.timeout = 10s (default)
2023-04-21 06:18:32,218 [pool-1131-thread-1] INFO  server.RaftServerConfigKeys (ConfUtils.java:logGet(46)) - raft.server.log.statemachine.data.sync.timeout.retry = -1 (default)
2023-04-21 06:18:32,218 [pool-1131-thread-1] INFO  server.RaftServerConfigKeys (ConfUtils.java:logGet(46)) - raft.server.log.write.buffer.size = 1048576 (custom)
2023-04-21 06:18:32,219 [EventQueue-OpenPipelineForHealthyPipelineSafeModeRule] INFO  safemode.SCMSafeModeManager (HealthyPipelineSafeModeRule.java:process(137)) - SCM in safe mode. Healthy pipelines reported count is 0, required healthy pipeline reported count is 1
2023-04-21 06:18:32,219 [pool-1131-thread-1] INFO  server.RaftServerConfigKeys (ConfUtils.java:logGet(46)) - raft.server.log.appender.buffer.byte-limit = 33554432 (custom)
2023-04-21 06:18:32,224 [pool-1131-thread-1] INFO  server.RaftServerConfigKeys (ConfUtils.java:logGet(46)) - raft.server.log.unsafe-flush.enabled = false (default)
2023-04-21 06:18:32,224 [pool-1131-thread-1] INFO  server.RaftServerConfigKeys (ConfUtils.java:logGet(46)) - raft.server.log.async-flush.enabled = false (default)
2023-04-21 06:18:32,224 [pool-1131-thread-1] INFO  server.RaftServerConfigKeys (ConfUtils.java:logGet(46)) - raft.server.log.statemachine.data.caching.enabled = true (custom)
2023-04-21 06:18:32,224 [pool-1131-thread-1] INFO  segmented.SegmentedRaftLogWorker (SegmentedRaftLogWorker.java:lambda$new$0(135)) - acf62409-eb7d-4a8d-bf49-c09672ff1fd3@group-AAE080EAEAF1-SegmentedRaftLogWorker: flushIndex: setUnconditionally 0 -> -1
2023-04-21 06:18:32,224 [pool-1131-thread-1] INFO  segmented.SegmentedRaftLogWorker (SegmentedRaftLogWorker.java:lambda$new$0(135)) - acf62409-eb7d-4a8d-bf49-c09672ff1fd3@group-AAE080EAEAF1-SegmentedRaftLogWorker: safeCacheEvictIndex: setUnconditionally 0 -> -1
2023-04-21 06:18:32,224 [pool-1131-thread-1] INFO  server.RaftServer$Division (RaftServerImpl.java:start(334)) - acf62409-eb7d-4a8d-bf49-c09672ff1fd3@group-AAE080EAEAF1: start as a follower, conf=-1: peers:[acf62409-eb7d-4a8d-bf49-c09672ff1fd3|rpc:10.1.0.35:37499|dataStream:10.1.0.35:32899|priority:1|startupRole:FOLLOWER]|listeners:[], old=null
2023-04-21 06:18:32,224 [pool-1131-thread-1] INFO  server.RaftServer$Division (RaftServerImpl.java:setRole(321)) - acf62409-eb7d-4a8d-bf49-c09672ff1fd3@group-AAE080EAEAF1: changes role from      null to FOLLOWER at term 0 for startAsFollower
2023-04-21 06:18:32,224 [pool-1131-thread-1] INFO  impl.RoleInfo (RoleInfo.java:updateAndGet(139)) - acf62409-eb7d-4a8d-bf49-c09672ff1fd3: start acf62409-eb7d-4a8d-bf49-c09672ff1fd3@group-AAE080EAEAF1-FollowerState
2023-04-21 06:18:32,224 [pool-1131-thread-1] INFO  util.JmxRegister (JmxRegister.java:tryRegister(44)) - Successfully registered JMX Bean with object name Ratis:service=RaftServer,group=group-AAE080EAEAF1,id=acf62409-eb7d-4a8d-bf49-c09672ff1fd3
2023-04-21 06:18:32,224 [acf62409-eb7d-4a8d-bf49-c09672ff1fd3@group-AAE080EAEAF1-FollowerState] INFO  server.RaftServerConfigKeys (ConfUtils.java:logFallback(53)) - raft.server.rpc.first-election.timeout.min = 5s (fallback to raft.server.rpc.timeout.min)
2023-04-21 06:18:32,225 [pool-1131-thread-1] INFO  server.RaftServerConfigKeys (ConfUtils.java:logGet(46)) - raft.server.snapshot.auto.trigger.enabled = true (custom)
2023-04-21 06:18:32,225 [acf62409-eb7d-4a8d-bf49-c09672ff1fd3@group-AAE080EAEAF1-FollowerState] INFO  server.RaftServerConfigKeys (ConfUtils.java:logFallback(53)) - raft.server.rpc.first-election.timeout.max = 5200ms (fallback to raft.server.rpc.timeout.max)
2023-04-21 06:18:32,225 [pool-1131-thread-1] INFO  server.RaftServerConfigKeys (ConfUtils.java:logGet(46)) - raft.server.snapshot.auto.trigger.threshold = 10000 (custom)
2023-04-21 06:18:32,225 [pool-1131-thread-1] INFO  server.RaftServerConfigKeys (ConfUtils.java:logGet(46)) - raft.server.snapshot.retention.file.num = 5 (custom)
2023-04-21 06:18:32,225 [pool-1131-thread-1] INFO  server.RaftServerConfigKeys (ConfUtils.java:logGet(46)) - raft.server.log.purge.upto.snapshot.index = false (default)
2023-04-21 06:18:32,225 [Command processor thread] INFO  ratis.XceiverServerRatis (XceiverServerRatis.java:addGroup(806)) - Created group PipelineID=d5782de6-d1ae-4c0a-9e6b-aae080eaeaf1
2023-04-21 06:18:32,225 [Command processor thread] INFO  commandhandler.CreatePipelineCommandHandler (CreatePipelineCommandHandler.java:handle(113)) - Created Pipeline RATIS ONE PipelineID=d5782de6-d1ae-4c0a-9e6b-aae080eaeaf1.
2023-04-21 06:18:33,212 [Listener at 127.0.0.1/41999] INFO  ozone.MiniOzoneClusterImpl (MiniOzoneClusterImpl.java:lambda$waitForClusterToBeReady$0(223)) - Nodes are ready. Got 3 of 3 DN Heartbeats.
2023-04-21 06:18:33,212 [Listener at 127.0.0.1/41999] INFO  ozone.MiniOzoneClusterImpl (MiniOzoneClusterImpl.java:lambda$waitForClusterToBeReady$0(226)) - Waiting for cluster to exit safe mode
2023-04-21 06:18:33,212 [Listener at 127.0.0.1/41999] INFO  ozone.MiniOzoneClusterImpl (MiniOzoneClusterImpl.java:lambda$waitForClusterToBeReady$0(228)) - SCM became leader
2023-04-21 06:18:33,849 [JvmPauseMonitor25] WARN  util.JvmPauseMonitor (JvmPauseMonitor.java:detectPause(126)) - JvmPauseMonitor-om1: Detected pause in JVM or host machine (eg GC): pause of approximately 141317555ns.
GC pool 'PS MarkSweep' had collection(s): count=1 time=291ms
GC pool 'PS Scavenge' had collection(s): count=1 time=110ms
2023-04-21 06:18:33,849 [JvmPauseMonitor26] WARN  util.JvmPauseMonitor (JvmPauseMonitor.java:detectPause(126)) - JvmPauseMonitor-e741532c-559f-497b-a202-f4f9d9b61a12: Detected pause in JVM or host machine (eg GC): pause of approximately 241697060ns.
GC pool 'PS MarkSweep' had collection(s): count=1 time=291ms
GC pool 'PS Scavenge' had collection(s): count=1 time=110ms
2023-04-21 06:18:34,213 [Listener at 127.0.0.1/41999] INFO  ozone.MiniOzoneClusterImpl (MiniOzoneClusterImpl.java:lambda$waitForClusterToBeReady$0(223)) - Nodes are ready. Got 3 of 3 DN Heartbeats.
2023-04-21 06:18:34,213 [Listener at 127.0.0.1/41999] INFO  ozone.MiniOzoneClusterImpl (MiniOzoneClusterImpl.java:lambda$waitForClusterToBeReady$0(226)) - Waiting for cluster to exit safe mode
2023-04-21 06:18:34,213 [Listener at 127.0.0.1/41999] INFO  ozone.MiniOzoneClusterImpl (MiniOzoneClusterImpl.java:lambda$waitForClusterToBeReady$0(228)) - SCM became leader
2023-04-21 06:18:35,213 [Listener at 127.0.0.1/41999] INFO  ozone.MiniOzoneClusterImpl (MiniOzoneClusterImpl.java:lambda$waitForClusterToBeReady$0(223)) - Nodes are ready. Got 3 of 3 DN Heartbeats.
2023-04-21 06:18:35,213 [Listener at 127.0.0.1/41999] INFO  ozone.MiniOzoneClusterImpl (MiniOzoneClusterImpl.java:lambda$waitForClusterToBeReady$0(226)) - Waiting for cluster to exit safe mode
2023-04-21 06:18:35,213 [Listener at 127.0.0.1/41999] INFO  ozone.MiniOzoneClusterImpl (MiniOzoneClusterImpl.java:lambda$waitForClusterToBeReady$0(228)) - SCM became leader
2023-04-21 06:18:36,214 [Listener at 127.0.0.1/41999] INFO  ozone.MiniOzoneClusterImpl (MiniOzoneClusterImpl.java:lambda$waitForClusterToBeReady$0(223)) - Nodes are ready. Got 3 of 3 DN Heartbeats.
2023-04-21 06:18:36,214 [Listener at 127.0.0.1/41999] INFO  ozone.MiniOzoneClusterImpl (MiniOzoneClusterImpl.java:lambda$waitForClusterToBeReady$0(226)) - Waiting for cluster to exit safe mode
2023-04-21 06:18:36,214 [Listener at 127.0.0.1/41999] INFO  ozone.MiniOzoneClusterImpl (MiniOzoneClusterImpl.java:lambda$waitForClusterToBeReady$0(228)) - SCM became leader
2023-04-21 06:18:36,747 [89310092-6a08-4a04-ad3d-d7c31a3b6af8@group-8A928EAD5328-FollowerState] INFO  impl.FollowerState (FollowerState.java:run(143)) - 89310092-6a08-4a04-ad3d-d7c31a3b6af8@group-8A928EAD5328-FollowerState: change to CANDIDATE, lastRpcElapsedTime:5018161384ns, electionTimeout:5017ms
2023-04-21 06:18:36,748 [89310092-6a08-4a04-ad3d-d7c31a3b6af8@group-8A928EAD5328-FollowerState] INFO  impl.RoleInfo (RoleInfo.java:shutdownFollowerState(110)) - 89310092-6a08-4a04-ad3d-d7c31a3b6af8: shutdown 89310092-6a08-4a04-ad3d-d7c31a3b6af8@group-8A928EAD5328-FollowerState
2023-04-21 06:18:36,748 [89310092-6a08-4a04-ad3d-d7c31a3b6af8@group-8A928EAD5328-FollowerState] INFO  server.RaftServer$Division (RaftServerImpl.java:setRole(321)) - 89310092-6a08-4a04-ad3d-d7c31a3b6af8@group-8A928EAD5328: changes role from  FOLLOWER to CANDIDATE at term 0 for changeToCandidate
2023-04-21 06:18:36,748 [89310092-6a08-4a04-ad3d-d7c31a3b6af8@group-8A928EAD5328-FollowerState] INFO  server.RaftServerConfigKeys (ConfUtils.java:logGet(46)) - raft.server.leaderelection.pre-vote = true (default)
2023-04-21 06:18:36,748 [89310092-6a08-4a04-ad3d-d7c31a3b6af8@group-8A928EAD5328-FollowerState] INFO  impl.RoleInfo (RoleInfo.java:updateAndGet(139)) - 89310092-6a08-4a04-ad3d-d7c31a3b6af8: start 89310092-6a08-4a04-ad3d-d7c31a3b6af8@group-8A928EAD5328-LeaderElection41
2023-04-21 06:18:36,751 [89310092-6a08-4a04-ad3d-d7c31a3b6af8@group-8A928EAD5328-LeaderElection41] INFO  impl.LeaderElection (LeaderElection.java:askForVotes(312)) - 89310092-6a08-4a04-ad3d-d7c31a3b6af8@group-8A928EAD5328-LeaderElection41 PRE_VOTE round 0: submit vote requests at term 0 for -1: peers:[e741532c-559f-497b-a202-f4f9d9b61a12|rpc:10.1.0.35:43445|dataStream:10.1.0.35:40381|priority:1|startupRole:FOLLOWER, 89310092-6a08-4a04-ad3d-d7c31a3b6af8|rpc:10.1.0.35:39263|dataStream:10.1.0.35:39791|priority:0|startupRole:FOLLOWER, acf62409-eb7d-4a8d-bf49-c09672ff1fd3|rpc:10.1.0.35:37499|dataStream:10.1.0.35:32899|priority:0|startupRole:FOLLOWER]|listeners:[], old=null
2023-04-21 06:18:36,751 [89310092-6a08-4a04-ad3d-d7c31a3b6af8@group-8A928EAD5328-LeaderElection41-1] INFO  server.GrpcServerProtocolClient (GrpcServerProtocolClient.java:<init>(63)) - Build channel for e741532c-559f-497b-a202-f4f9d9b61a12
2023-04-21 06:18:36,754 [89310092-6a08-4a04-ad3d-d7c31a3b6af8@group-8A928EAD5328-LeaderElection41] INFO  server.RaftServerConfigKeys (ConfUtils.java:logFallback(53)) - raft.server.rpc.first-election.timeout.min = 5s (fallback to raft.server.rpc.timeout.min)
2023-04-21 06:18:36,754 [89310092-6a08-4a04-ad3d-d7c31a3b6af8@group-8A928EAD5328-LeaderElection41-2] INFO  server.GrpcServerProtocolClient (GrpcServerProtocolClient.java:<init>(63)) - Build channel for acf62409-eb7d-4a8d-bf49-c09672ff1fd3
2023-04-21 06:18:36,754 [89310092-6a08-4a04-ad3d-d7c31a3b6af8@group-8A928EAD5328-LeaderElection41] INFO  server.RaftServerConfigKeys (ConfUtils.java:logFallback(53)) - raft.server.rpc.first-election.timeout.max = 5200ms (fallback to raft.server.rpc.timeout.max)
2023-04-21 06:18:36,759 [grpc-default-executor-0] INFO  server.RaftServer$Division (RaftServerImpl.java:requestVote(1218)) - e741532c-559f-497b-a202-f4f9d9b61a12@group-8A928EAD5328: receive requestVote(PRE_VOTE, 89310092-6a08-4a04-ad3d-d7c31a3b6af8, group-8A928EAD5328, 0, (t:0, i:0))
2023-04-21 06:18:36,759 [grpc-default-executor-0] INFO  impl.VoteContext (VoteContext.java:log(49)) - e741532c-559f-497b-a202-f4f9d9b61a12@group-8A928EAD5328-FOLLOWER: reject PRE_VOTE from 89310092-6a08-4a04-ad3d-d7c31a3b6af8: our priority 1 > candidate's priority 0
2023-04-21 06:18:36,759 [grpc-default-executor-0] INFO  server.RaftServer$Division (RaftServerImpl.java:requestVote(1251)) - e741532c-559f-497b-a202-f4f9d9b61a12@group-8A928EAD5328 replies to PRE_VOTE vote request: 89310092-6a08-4a04-ad3d-d7c31a3b6af8<-e741532c-559f-497b-a202-f4f9d9b61a12#0:FAIL-t0. Peer's state: e741532c-559f-497b-a202-f4f9d9b61a12@group-8A928EAD5328:t0, leader=null, voted=, raftlog=Memoized:e741532c-559f-497b-a202-f4f9d9b61a12@group-8A928EAD5328-SegmentedRaftLog:OPENED:c-1, conf=-1: peers:[e741532c-559f-497b-a202-f4f9d9b61a12|rpc:10.1.0.35:43445|dataStream:10.1.0.35:40381|priority:1|startupRole:FOLLOWER, 89310092-6a08-4a04-ad3d-d7c31a3b6af8|rpc:10.1.0.35:39263|dataStream:10.1.0.35:39791|priority:0|startupRole:FOLLOWER, acf62409-eb7d-4a8d-bf49-c09672ff1fd3|rpc:10.1.0.35:37499|dataStream:10.1.0.35:32899|priority:0|startupRole:FOLLOWER]|listeners:[], old=null
2023-04-21 06:18:36,763 [grpc-default-executor-0] INFO  server.RaftServer$Division (RaftServerImpl.java:requestVote(1218)) - acf62409-eb7d-4a8d-bf49-c09672ff1fd3@group-8A928EAD5328: receive requestVote(PRE_VOTE, 89310092-6a08-4a04-ad3d-d7c31a3b6af8, group-8A928EAD5328, 0, (t:0, i:0))
2023-04-21 06:18:36,763 [grpc-default-executor-0] INFO  impl.VoteContext (VoteContext.java:log(49)) - acf62409-eb7d-4a8d-bf49-c09672ff1fd3@group-8A928EAD5328-FOLLOWER: accept PRE_VOTE from 89310092-6a08-4a04-ad3d-d7c31a3b6af8: our priority 0 <= candidate's priority 0
2023-04-21 06:18:36,763 [grpc-default-executor-0] INFO  server.RaftServer$Division (RaftServerImpl.java:requestVote(1251)) - acf62409-eb7d-4a8d-bf49-c09672ff1fd3@group-8A928EAD5328 replies to PRE_VOTE vote request: 89310092-6a08-4a04-ad3d-d7c31a3b6af8<-acf62409-eb7d-4a8d-bf49-c09672ff1fd3#0:OK-t0. Peer's state: acf62409-eb7d-4a8d-bf49-c09672ff1fd3@group-8A928EAD5328:t0, leader=null, voted=, raftlog=Memoized:acf62409-eb7d-4a8d-bf49-c09672ff1fd3@group-8A928EAD5328-SegmentedRaftLog:OPENED:c-1, conf=-1: peers:[e741532c-559f-497b-a202-f4f9d9b61a12|rpc:10.1.0.35:43445|dataStream:10.1.0.35:40381|priority:1|startupRole:FOLLOWER, 89310092-6a08-4a04-ad3d-d7c31a3b6af8|rpc:10.1.0.35:39263|dataStream:10.1.0.35:39791|priority:0|startupRole:FOLLOWER, acf62409-eb7d-4a8d-bf49-c09672ff1fd3|rpc:10.1.0.35:37499|dataStream:10.1.0.35:32899|priority:0|startupRole:FOLLOWER]|listeners:[], old=null
2023-04-21 06:18:36,769 [89310092-6a08-4a04-ad3d-d7c31a3b6af8@group-8A928EAD5328-LeaderElection41] INFO  impl.LeaderElection (LeaderElection.java:logAndReturn(90)) - 89310092-6a08-4a04-ad3d-d7c31a3b6af8@group-8A928EAD5328-LeaderElection41: PRE_VOTE REJECTED received 2 response(s) and 0 exception(s):
2023-04-21 06:18:36,769 [89310092-6a08-4a04-ad3d-d7c31a3b6af8@group-8A928EAD5328-LeaderElection41] INFO  impl.LeaderElection (LeaderElection.java:logAndReturn(94)) -   Response 0: 89310092-6a08-4a04-ad3d-d7c31a3b6af8<-e741532c-559f-497b-a202-f4f9d9b61a12#0:FAIL-t0
2023-04-21 06:18:36,769 [89310092-6a08-4a04-ad3d-d7c31a3b6af8@group-8A928EAD5328-LeaderElection41] INFO  impl.LeaderElection (LeaderElection.java:logAndReturn(94)) -   Response 1: 89310092-6a08-4a04-ad3d-d7c31a3b6af8<-acf62409-eb7d-4a8d-bf49-c09672ff1fd3#0:OK-t0
2023-04-21 06:18:36,769 [89310092-6a08-4a04-ad3d-d7c31a3b6af8@group-8A928EAD5328-LeaderElection41] INFO  impl.LeaderElection (LeaderElection.java:askForVotes(314)) - 89310092-6a08-4a04-ad3d-d7c31a3b6af8@group-8A928EAD5328-LeaderElection41 PRE_VOTE round 0: result REJECTED
2023-04-21 06:18:36,769 [89310092-6a08-4a04-ad3d-d7c31a3b6af8@group-8A928EAD5328-LeaderElection41] INFO  server.RaftServer$Division (RaftServerImpl.java:setRole(321)) - 89310092-6a08-4a04-ad3d-d7c31a3b6af8@group-8A928EAD5328: changes role from CANDIDATE to FOLLOWER at term 0 for REJECTED
2023-04-21 06:18:36,769 [89310092-6a08-4a04-ad3d-d7c31a3b6af8@group-8A928EAD5328-LeaderElection41] INFO  impl.RoleInfo (RoleInfo.java:shutdownLeaderElection(130)) - 89310092-6a08-4a04-ad3d-d7c31a3b6af8: shutdown 89310092-6a08-4a04-ad3d-d7c31a3b6af8@group-8A928EAD5328-LeaderElection41
2023-04-21 06:18:36,769 [89310092-6a08-4a04-ad3d-d7c31a3b6af8@group-8A928EAD5328-LeaderElection41] INFO  impl.RoleInfo (RoleInfo.java:updateAndGet(139)) - 89310092-6a08-4a04-ad3d-d7c31a3b6af8: start 89310092-6a08-4a04-ad3d-d7c31a3b6af8@group-8A928EAD5328-FollowerState
2023-04-21 06:18:36,774 [e741532c-559f-497b-a202-f4f9d9b61a12@group-F7F59576AD21-FollowerState] INFO  impl.FollowerState (FollowerState.java:run(143)) - e741532c-559f-497b-a202-f4f9d9b61a12@group-F7F59576AD21-FollowerState: change to CANDIDATE, lastRpcElapsedTime:5170512387ns, electionTimeout:5170ms
2023-04-21 06:18:36,774 [e741532c-559f-497b-a202-f4f9d9b61a12@group-F7F59576AD21-FollowerState] INFO  impl.RoleInfo (RoleInfo.java:shutdownFollowerState(110)) - e741532c-559f-497b-a202-f4f9d9b61a12: shutdown e741532c-559f-497b-a202-f4f9d9b61a12@group-F7F59576AD21-FollowerState
2023-04-21 06:18:36,774 [e741532c-559f-497b-a202-f4f9d9b61a12@group-F7F59576AD21-FollowerState] INFO  server.RaftServer$Division (RaftServerImpl.java:setRole(321)) - e741532c-559f-497b-a202-f4f9d9b61a12@group-F7F59576AD21: changes role from  FOLLOWER to CANDIDATE at term 0 for changeToCandidate
2023-04-21 06:18:36,775 [e741532c-559f-497b-a202-f4f9d9b61a12@group-F7F59576AD21-FollowerState] INFO  server.RaftServerConfigKeys (ConfUtils.java:logGet(46)) - raft.server.leaderelection.pre-vote = true (default)
2023-04-21 06:18:36,775 [e741532c-559f-497b-a202-f4f9d9b61a12@group-F7F59576AD21-FollowerState] INFO  impl.RoleInfo (RoleInfo.java:updateAndGet(139)) - e741532c-559f-497b-a202-f4f9d9b61a12: start e741532c-559f-497b-a202-f4f9d9b61a12@group-F7F59576AD21-LeaderElection42
2023-04-21 06:18:36,776 [89310092-6a08-4a04-ad3d-d7c31a3b6af8@group-8A928EAD5328-FollowerState] INFO  server.RaftServerConfigKeys (ConfUtils.java:logFallback(53)) - raft.server.rpc.first-election.timeout.min = 5s (fallback to raft.server.rpc.timeout.min)
2023-04-21 06:18:36,776 [89310092-6a08-4a04-ad3d-d7c31a3b6af8@group-8A928EAD5328-FollowerState] INFO  server.RaftServerConfigKeys (ConfUtils.java:logFallback(53)) - raft.server.rpc.first-election.timeout.max = 5200ms (fallback to raft.server.rpc.timeout.max)
2023-04-21 06:18:36,777 [e741532c-559f-497b-a202-f4f9d9b61a12@group-F7F59576AD21-LeaderElection42] INFO  impl.LeaderElection (LeaderElection.java:askForVotes(312)) - e741532c-559f-497b-a202-f4f9d9b61a12@group-F7F59576AD21-LeaderElection42 PRE_VOTE round 0: submit vote requests at term 0 for -1: peers:[e741532c-559f-497b-a202-f4f9d9b61a12|rpc:10.1.0.35:43445|dataStream:10.1.0.35:40381|priority:0|startupRole:FOLLOWER, 89310092-6a08-4a04-ad3d-d7c31a3b6af8|rpc:10.1.0.35:39263|dataStream:10.1.0.35:39791|priority:1|startupRole:FOLLOWER, acf62409-eb7d-4a8d-bf49-c09672ff1fd3|rpc:10.1.0.35:37499|dataStream:10.1.0.35:32899|priority:0|startupRole:FOLLOWER]|listeners:[], old=null
2023-04-21 06:18:36,777 [e741532c-559f-497b-a202-f4f9d9b61a12@group-F7F59576AD21-LeaderElection42] INFO  server.RaftServerConfigKeys (ConfUtils.java:logFallback(53)) - raft.server.rpc.first-election.timeout.min = 5s (fallback to raft.server.rpc.timeout.min)
2023-04-21 06:18:36,778 [e741532c-559f-497b-a202-f4f9d9b61a12@group-F7F59576AD21-LeaderElection42] INFO  server.RaftServerConfigKeys (ConfUtils.java:logFallback(53)) - raft.server.rpc.first-election.timeout.max = 5200ms (fallback to raft.server.rpc.timeout.max)
2023-04-21 06:18:36,778 [e741532c-559f-497b-a202-f4f9d9b61a12@group-F7F59576AD21-LeaderElection42-1] INFO  server.GrpcServerProtocolClient (GrpcServerProtocolClient.java:<init>(63)) - Build channel for 89310092-6a08-4a04-ad3d-d7c31a3b6af8
2023-04-21 06:18:36,778 [e741532c-559f-497b-a202-f4f9d9b61a12@group-F7F59576AD21-LeaderElection42-2] INFO  server.GrpcServerProtocolClient (GrpcServerProtocolClient.java:<init>(63)) - Build channel for acf62409-eb7d-4a8d-bf49-c09672ff1fd3
2023-04-21 06:18:36,787 [grpc-default-executor-0] INFO  server.RaftServer$Division (RaftServerImpl.java:requestVote(1218)) - acf62409-eb7d-4a8d-bf49-c09672ff1fd3@group-F7F59576AD21: receive requestVote(PRE_VOTE, e741532c-559f-497b-a202-f4f9d9b61a12, group-F7F59576AD21, 0, (t:0, i:0))
2023-04-21 06:18:36,787 [grpc-default-executor-0] INFO  impl.VoteContext (VoteContext.java:log(49)) - acf62409-eb7d-4a8d-bf49-c09672ff1fd3@group-F7F59576AD21-FOLLOWER: accept PRE_VOTE from e741532c-559f-497b-a202-f4f9d9b61a12: our priority 0 <= candidate's priority 0
2023-04-21 06:18:36,787 [grpc-default-executor-0] INFO  server.RaftServer$Division (RaftServerImpl.java:requestVote(1251)) - acf62409-eb7d-4a8d-bf49-c09672ff1fd3@group-F7F59576AD21 replies to PRE_VOTE vote request: e741532c-559f-497b-a202-f4f9d9b61a12<-acf62409-eb7d-4a8d-bf49-c09672ff1fd3#0:OK-t0. Peer's state: acf62409-eb7d-4a8d-bf49-c09672ff1fd3@group-F7F59576AD21:t0, leader=null, voted=, raftlog=Memoized:acf62409-eb7d-4a8d-bf49-c09672ff1fd3@group-F7F59576AD21-SegmentedRaftLog:OPENED:c-1, conf=-1: peers:[e741532c-559f-497b-a202-f4f9d9b61a12|rpc:10.1.0.35:43445|dataStream:10.1.0.35:40381|priority:0|startupRole:FOLLOWER, 89310092-6a08-4a04-ad3d-d7c31a3b6af8|rpc:10.1.0.35:39263|dataStream:10.1.0.35:39791|priority:1|startupRole:FOLLOWER, acf62409-eb7d-4a8d-bf49-c09672ff1fd3|rpc:10.1.0.35:37499|dataStream:10.1.0.35:32899|priority:0|startupRole:FOLLOWER]|listeners:[], old=null
2023-04-21 06:18:36,789 [e741532c-559f-497b-a202-f4f9d9b61a12@group-D3A440D4DA68-FollowerState] INFO  impl.FollowerState (FollowerState.java:run(143)) - e741532c-559f-497b-a202-f4f9d9b61a12@group-D3A440D4DA68-FollowerState: change to CANDIDATE, lastRpcElapsedTime:5201089632ns, electionTimeout:5200ms
2023-04-21 06:18:36,789 [e741532c-559f-497b-a202-f4f9d9b61a12@group-D3A440D4DA68-FollowerState] INFO  impl.RoleInfo (RoleInfo.java:shutdownFollowerState(110)) - e741532c-559f-497b-a202-f4f9d9b61a12: shutdown e741532c-559f-497b-a202-f4f9d9b61a12@group-D3A440D4DA68-FollowerState
2023-04-21 06:18:36,789 [e741532c-559f-497b-a202-f4f9d9b61a12@group-D3A440D4DA68-FollowerState] INFO  server.RaftServer$Division (RaftServerImpl.java:setRole(321)) - e741532c-559f-497b-a202-f4f9d9b61a12@group-D3A440D4DA68: changes role from  FOLLOWER to CANDIDATE at term 0 for changeToCandidate
2023-04-21 06:18:36,789 [e741532c-559f-497b-a202-f4f9d9b61a12@group-D3A440D4DA68-FollowerState] INFO  server.RaftServerConfigKeys (ConfUtils.java:logGet(46)) - raft.server.leaderelection.pre-vote = true (default)
2023-04-21 06:18:36,789 [e741532c-559f-497b-a202-f4f9d9b61a12@group-D3A440D4DA68-FollowerState] INFO  impl.RoleInfo (RoleInfo.java:updateAndGet(139)) - e741532c-559f-497b-a202-f4f9d9b61a12: start e741532c-559f-497b-a202-f4f9d9b61a12@group-D3A440D4DA68-LeaderElection43
2023-04-21 06:18:36,794 [e741532c-559f-497b-a202-f4f9d9b61a12@group-D3A440D4DA68-LeaderElection43] INFO  impl.LeaderElection (LeaderElection.java:askForVotes(312)) - e741532c-559f-497b-a202-f4f9d9b61a12@group-D3A440D4DA68-LeaderElection43 PRE_VOTE round 0: submit vote requests at term 0 for -1: peers:[e741532c-559f-497b-a202-f4f9d9b61a12|rpc:10.1.0.35:43445|dataStream:10.1.0.35:40381|priority:1|startupRole:FOLLOWER]|listeners:[], old=null
2023-04-21 06:18:36,795 [e741532c-559f-497b-a202-f4f9d9b61a12@group-D3A440D4DA68-LeaderElection43] INFO  impl.LeaderElection (LeaderElection.java:askForVotes(314)) - e741532c-559f-497b-a202-f4f9d9b61a12@group-D3A440D4DA68-LeaderElection43 PRE_VOTE round 0: result PASSED (term=0)
2023-04-21 06:18:36,797 [grpc-default-executor-0] INFO  server.RaftServer$Division (RaftServerImpl.java:requestVote(1218)) - 89310092-6a08-4a04-ad3d-d7c31a3b6af8@group-F7F59576AD21: receive requestVote(PRE_VOTE, e741532c-559f-497b-a202-f4f9d9b61a12, group-F7F59576AD21, 0, (t:0, i:0))
2023-04-21 06:18:36,797 [grpc-default-executor-0] INFO  impl.VoteContext (VoteContext.java:log(49)) - 89310092-6a08-4a04-ad3d-d7c31a3b6af8@group-F7F59576AD21-FOLLOWER: reject PRE_VOTE from e741532c-559f-497b-a202-f4f9d9b61a12: our priority 1 > candidate's priority 0
2023-04-21 06:18:36,797 [grpc-default-executor-0] INFO  server.RaftServer$Division (RaftServerImpl.java:requestVote(1251)) - 89310092-6a08-4a04-ad3d-d7c31a3b6af8@group-F7F59576AD21 replies to PRE_VOTE vote request: e741532c-559f-497b-a202-f4f9d9b61a12<-89310092-6a08-4a04-ad3d-d7c31a3b6af8#0:FAIL-t0. Peer's state: 89310092-6a08-4a04-ad3d-d7c31a3b6af8@group-F7F59576AD21:t0, leader=null, voted=, raftlog=Memoized:89310092-6a08-4a04-ad3d-d7c31a3b6af8@group-F7F59576AD21-SegmentedRaftLog:OPENED:c-1, conf=-1: peers:[e741532c-559f-497b-a202-f4f9d9b61a12|rpc:10.1.0.35:43445|dataStream:10.1.0.35:40381|priority:0|startupRole:FOLLOWER, 89310092-6a08-4a04-ad3d-d7c31a3b6af8|rpc:10.1.0.35:39263|dataStream:10.1.0.35:39791|priority:1|startupRole:FOLLOWER, acf62409-eb7d-4a8d-bf49-c09672ff1fd3|rpc:10.1.0.35:37499|dataStream:10.1.0.35:32899|priority:0|startupRole:FOLLOWER]|listeners:[], old=null
2023-04-21 06:18:36,798 [e741532c-559f-497b-a202-f4f9d9b61a12@group-D3A440D4DA68-LeaderElection43] INFO  impl.LeaderElection (LeaderElection.java:askForVotes(312)) - e741532c-559f-497b-a202-f4f9d9b61a12@group-D3A440D4DA68-LeaderElection43 ELECTION round 0: submit vote requests at term 1 for -1: peers:[e741532c-559f-497b-a202-f4f9d9b61a12|rpc:10.1.0.35:43445|dataStream:10.1.0.35:40381|priority:1|startupRole:FOLLOWER]|listeners:[], old=null
2023-04-21 06:18:36,798 [e741532c-559f-497b-a202-f4f9d9b61a12@group-D3A440D4DA68-LeaderElection43] INFO  impl.LeaderElection (LeaderElection.java:askForVotes(314)) - e741532c-559f-497b-a202-f4f9d9b61a12@group-D3A440D4DA68-LeaderElection43 ELECTION round 0: result PASSED (term=1)
2023-04-21 06:18:36,798 [e741532c-559f-497b-a202-f4f9d9b61a12@group-D3A440D4DA68-LeaderElection43] INFO  impl.RoleInfo (RoleInfo.java:shutdownLeaderElection(130)) - e741532c-559f-497b-a202-f4f9d9b61a12: shutdown e741532c-559f-497b-a202-f4f9d9b61a12@group-D3A440D4DA68-LeaderElection43
2023-04-21 06:18:36,798 [e741532c-559f-497b-a202-f4f9d9b61a12@group-D3A440D4DA68-LeaderElection43] INFO  server.RaftServer$Division (RaftServerImpl.java:setRole(321)) - e741532c-559f-497b-a202-f4f9d9b61a12@group-D3A440D4DA68: changes role from CANDIDATE to LEADER at term 1 for changeToLeader
2023-04-21 06:18:36,798 [e741532c-559f-497b-a202-f4f9d9b61a12@group-D3A440D4DA68-LeaderElection43] INFO  ratis.XceiverServerRatis (XceiverServerRatis.java:handleLeaderChangedNotification(904)) - Leader change notification received for group: group-D3A440D4DA68 with new leaderId: e741532c-559f-497b-a202-f4f9d9b61a12
2023-04-21 06:18:36,798 [e741532c-559f-497b-a202-f4f9d9b61a12@group-F7F59576AD21-LeaderElection42] INFO  impl.LeaderElection (LeaderElection.java:logAndReturn(90)) - e741532c-559f-497b-a202-f4f9d9b61a12@group-F7F59576AD21-LeaderElection42: PRE_VOTE REJECTED received 2 response(s) and 0 exception(s):
2023-04-21 06:18:36,798 [e741532c-559f-497b-a202-f4f9d9b61a12@group-F7F59576AD21-LeaderElection42] INFO  impl.LeaderElection (LeaderElection.java:logAndReturn(94)) -   Response 0: e741532c-559f-497b-a202-f4f9d9b61a12<-89310092-6a08-4a04-ad3d-d7c31a3b6af8#0:FAIL-t0
2023-04-21 06:18:36,799 [e741532c-559f-497b-a202-f4f9d9b61a12@group-F7F59576AD21-LeaderElection42] INFO  impl.LeaderElection (LeaderElection.java:logAndReturn(94)) -   Response 1: e741532c-559f-497b-a202-f4f9d9b61a12<-acf62409-eb7d-4a8d-bf49-c09672ff1fd3#0:OK-t0
2023-04-21 06:18:36,799 [e741532c-559f-497b-a202-f4f9d9b61a12@group-F7F59576AD21-LeaderElection42] INFO  impl.LeaderElection (LeaderElection.java:askForVotes(314)) - e741532c-559f-497b-a202-f4f9d9b61a12@group-F7F59576AD21-LeaderElection42 PRE_VOTE round 0: result REJECTED
2023-04-21 06:18:36,799 [e741532c-559f-497b-a202-f4f9d9b61a12@group-F7F59576AD21-LeaderElection42] INFO  server.RaftServer$Division (RaftServerImpl.java:setRole(321)) - e741532c-559f-497b-a202-f4f9d9b61a12@group-F7F59576AD21: changes role from CANDIDATE to FOLLOWER at term 0 for REJECTED
2023-04-21 06:18:36,799 [e741532c-559f-497b-a202-f4f9d9b61a12@group-F7F59576AD21-LeaderElection42] INFO  impl.RoleInfo (RoleInfo.java:shutdownLeaderElection(130)) - e741532c-559f-497b-a202-f4f9d9b61a12: shutdown e741532c-559f-497b-a202-f4f9d9b61a12@group-F7F59576AD21-LeaderElection42
2023-04-21 06:18:36,799 [e741532c-559f-497b-a202-f4f9d9b61a12@group-F7F59576AD21-LeaderElection42] INFO  impl.RoleInfo (RoleInfo.java:updateAndGet(139)) - e741532c-559f-497b-a202-f4f9d9b61a12: start e741532c-559f-497b-a202-f4f9d9b61a12@group-F7F59576AD21-FollowerState
2023-04-21 06:18:36,799 [e741532c-559f-497b-a202-f4f9d9b61a12@group-D3A440D4DA68-LeaderElection43] INFO  server.RaftServer$Division (ServerState.java:setLeader(313)) - e741532c-559f-497b-a202-f4f9d9b61a12@group-D3A440D4DA68: change Leader from null to e741532c-559f-497b-a202-f4f9d9b61a12 at term 1 for becomeLeader, leader elected after 5227ms
2023-04-21 06:18:36,799 [e741532c-559f-497b-a202-f4f9d9b61a12@group-D3A440D4DA68-LeaderElection43] INFO  server.RaftServerConfigKeys (ConfUtils.java:logGet(46)) - raft.server.staging.catchup.gap = 1000 (default)
2023-04-21 06:18:36,800 [EventQueue-OpenPipelineForHealthyPipelineSafeModeRule] INFO  safemode.SCMSafeModeManager (HealthyPipelineSafeModeRule.java:process(137)) - SCM in safe mode. Healthy pipelines reported count is 0, required healthy pipeline reported count is 1
2023-04-21 06:18:36,801 [e741532c-559f-497b-a202-f4f9d9b61a12@group-F7F59576AD21-FollowerState] INFO  server.RaftServerConfigKeys (ConfUtils.java:logFallback(53)) - raft.server.rpc.first-election.timeout.min = 5s (fallback to raft.server.rpc.timeout.min)
2023-04-21 06:18:36,801 [e741532c-559f-497b-a202-f4f9d9b61a12@group-F7F59576AD21-FollowerState] INFO  server.RaftServerConfigKeys (ConfUtils.java:logFallback(53)) - raft.server.rpc.first-election.timeout.max = 5200ms (fallback to raft.server.rpc.timeout.max)
2023-04-21 06:18:36,801 [e741532c-559f-497b-a202-f4f9d9b61a12@group-D3A440D4DA68-LeaderElection43] INFO  server.RaftServerConfigKeys (ConfUtils.java:logGet(46)) - raft.server.write.element-limit = 1024 (custom)
2023-04-21 06:18:36,801 [e741532c-559f-497b-a202-f4f9d9b61a12@group-D3A440D4DA68-LeaderElection43] INFO  server.RaftServerConfigKeys (ConfUtils.java:logGet(46)) - raft.server.write.byte-limit = 1024 M (=1073741824) (custom)
2023-04-21 06:18:36,801 [e741532c-559f-497b-a202-f4f9d9b61a12@group-D3A440D4DA68-LeaderElection43] INFO  server.RaftServerConfigKeys (ConfUtils.java:logGet(46)) - raft.server.watch.timeout = 180s (custom)
2023-04-21 06:18:36,801 [e741532c-559f-497b-a202-f4f9d9b61a12@group-D3A440D4DA68-LeaderElection43] INFO  server.RaftServerConfigKeys (ConfUtils.java:logGet(46)) - raft.server.watch.timeout.denomination = 1s (default)
2023-04-21 06:18:36,801 [e741532c-559f-497b-a202-f4f9d9b61a12@group-D3A440D4DA68-LeaderElection43] INFO  server.RaftServerConfigKeys (ConfUtils.java:logGet(46)) - raft.server.watch.element-limit = 65536 (default)
2023-04-21 06:18:36,801 [e741532c-559f-497b-a202-f4f9d9b61a12@group-D3A440D4DA68-LeaderElection43] INFO  server.RaftServerConfigKeys (ConfUtils.java:logGet(46)) - raft.server.write.element-limit = 1024 (custom)
2023-04-21 06:18:36,802 [e741532c-559f-497b-a202-f4f9d9b61a12@group-D3A440D4DA68-LeaderElection43] INFO  server.RaftServerConfigKeys (ConfUtils.java:logGet(46)) - raft.server.write.follower.gap.ratio.max = -1.0 (default)
2023-04-21 06:18:36,802 [e741532c-559f-497b-a202-f4f9d9b61a12@group-D3A440D4DA68-LeaderElection43] INFO  impl.RoleInfo (RoleInfo.java:updateAndGet(139)) - e741532c-559f-497b-a202-f4f9d9b61a12: start e741532c-559f-497b-a202-f4f9d9b61a12@group-D3A440D4DA68-LeaderStateImpl
2023-04-21 06:18:36,802 [e741532c-559f-497b-a202-f4f9d9b61a12@group-D3A440D4DA68-LeaderElection43] INFO  segmented.SegmentedRaftLogWorker (SegmentedRaftLogWorker.java:startLogSegment(452)) - e741532c-559f-497b-a202-f4f9d9b61a12@group-D3A440D4DA68-SegmentedRaftLogWorker: Starting segment from index:0
2023-04-21 06:18:36,803 [89310092-6a08-4a04-ad3d-d7c31a3b6af8@group-F7F59576AD21-FollowerState] INFO  impl.FollowerState (FollowerState.java:run(143)) - 89310092-6a08-4a04-ad3d-d7c31a3b6af8@group-F7F59576AD21-FollowerState: change to CANDIDATE, lastRpcElapsedTime:5129138127ns, electionTimeout:5124ms
2023-04-21 06:18:36,803 [89310092-6a08-4a04-ad3d-d7c31a3b6af8@group-F7F59576AD21-FollowerState] INFO  impl.RoleInfo (RoleInfo.java:shutdownFollowerState(110)) - 89310092-6a08-4a04-ad3d-d7c31a3b6af8: shutdown 89310092-6a08-4a04-ad3d-d7c31a3b6af8@group-F7F59576AD21-FollowerState
2023-04-21 06:18:36,803 [89310092-6a08-4a04-ad3d-d7c31a3b6af8@group-F7F59576AD21-FollowerState] INFO  server.RaftServer$Division (RaftServerImpl.java:setRole(321)) - 89310092-6a08-4a04-ad3d-d7c31a3b6af8@group-F7F59576AD21: changes role from  FOLLOWER to CANDIDATE at term 0 for changeToCandidate
2023-04-21 06:18:36,803 [89310092-6a08-4a04-ad3d-d7c31a3b6af8@group-F7F59576AD21-FollowerState] INFO  server.RaftServerConfigKeys (ConfUtils.java:logGet(46)) - raft.server.leaderelection.pre-vote = true (default)
2023-04-21 06:18:36,803 [89310092-6a08-4a04-ad3d-d7c31a3b6af8@group-F7F59576AD21-FollowerState] INFO  impl.RoleInfo (RoleInfo.java:updateAndGet(139)) - 89310092-6a08-4a04-ad3d-d7c31a3b6af8: start 89310092-6a08-4a04-ad3d-d7c31a3b6af8@group-F7F59576AD21-LeaderElection44
2023-04-21 06:18:36,810 [e741532c-559f-497b-a202-f4f9d9b61a12@group-D3A440D4DA68-SegmentedRaftLogWorker] INFO  segmented.SegmentedRaftLogWorker (SegmentedRaftLogWorker.java:execute(656)) - e741532c-559f-497b-a202-f4f9d9b61a12@group-D3A440D4DA68-SegmentedRaftLogWorker: created new log segment /home/runner/work/ozone/ozone/hadoop-ozone/integration-test/target/test-dir/MiniOzoneClusterImpl-5df7d698-6c9a-4a75-b3ca-6c6997f7fa13/datanode-0/data/ratis/ffd63b28-4dba-4ec3-80ce-d3a440d4da68/current/log_inprogress_0
2023-04-21 06:18:36,810 [89310092-6a08-4a04-ad3d-d7c31a3b6af8@group-F7F59576AD21-LeaderElection44] INFO  impl.LeaderElection (LeaderElection.java:askForVotes(312)) - 89310092-6a08-4a04-ad3d-d7c31a3b6af8@group-F7F59576AD21-LeaderElection44 PRE_VOTE round 0: submit vote requests at term 0 for -1: peers:[e741532c-559f-497b-a202-f4f9d9b61a12|rpc:10.1.0.35:43445|dataStream:10.1.0.35:40381|priority:0|startupRole:FOLLOWER, 89310092-6a08-4a04-ad3d-d7c31a3b6af8|rpc:10.1.0.35:39263|dataStream:10.1.0.35:39791|priority:1|startupRole:FOLLOWER, acf62409-eb7d-4a8d-bf49-c09672ff1fd3|rpc:10.1.0.35:37499|dataStream:10.1.0.35:32899|priority:0|startupRole:FOLLOWER]|listeners:[], old=null
2023-04-21 06:18:36,810 [89310092-6a08-4a04-ad3d-d7c31a3b6af8@group-F7F59576AD21-LeaderElection44] INFO  server.RaftServerConfigKeys (ConfUtils.java:logFallback(53)) - raft.server.rpc.first-election.timeout.min = 5s (fallback to raft.server.rpc.timeout.min)
2023-04-21 06:18:36,811 [89310092-6a08-4a04-ad3d-d7c31a3b6af8@group-F7F59576AD21-LeaderElection44] INFO  server.RaftServerConfigKeys (ConfUtils.java:logFallback(53)) - raft.server.rpc.first-election.timeout.max = 5200ms (fallback to raft.server.rpc.timeout.max)
2023-04-21 06:18:36,815 [e741532c-559f-497b-a202-f4f9d9b61a12@group-D3A440D4DA68-LeaderElection43] INFO  server.RaftServer$Division (ServerState.java:setRaftConf(430)) - e741532c-559f-497b-a202-f4f9d9b61a12@group-D3A440D4DA68: set configuration 0: peers:[e741532c-559f-497b-a202-f4f9d9b61a12|rpc:10.1.0.35:43445|dataStream:10.1.0.35:40381|priority:1|startupRole:FOLLOWER]|listeners:[], old=null
2023-04-21 06:18:36,816 [grpc-default-executor-0] INFO  server.RaftServer$Division (RaftServerImpl.java:requestVote(1218)) - acf62409-eb7d-4a8d-bf49-c09672ff1fd3@group-F7F59576AD21: receive requestVote(PRE_VOTE, 89310092-6a08-4a04-ad3d-d7c31a3b6af8, group-F7F59576AD21, 0, (t:0, i:0))
2023-04-21 06:18:36,816 [grpc-default-executor-0] INFO  impl.VoteContext (VoteContext.java:log(49)) - acf62409-eb7d-4a8d-bf49-c09672ff1fd3@group-F7F59576AD21-FOLLOWER: accept PRE_VOTE from 89310092-6a08-4a04-ad3d-d7c31a3b6af8: our priority 0 <= candidate's priority 1
2023-04-21 06:18:36,816 [grpc-default-executor-0] INFO  server.RaftServer$Division (RaftServerImpl.java:requestVote(1251)) - acf62409-eb7d-4a8d-bf49-c09672ff1fd3@group-F7F59576AD21 replies to PRE_VOTE vote request: 89310092-6a08-4a04-ad3d-d7c31a3b6af8<-acf62409-eb7d-4a8d-bf49-c09672ff1fd3#0:OK-t0. Peer's state: acf62409-eb7d-4a8d-bf49-c09672ff1fd3@group-F7F59576AD21:t0, leader=null, voted=, raftlog=Memoized:acf62409-eb7d-4a8d-bf49-c09672ff1fd3@group-F7F59576AD21-SegmentedRaftLog:OPENED:c-1, conf=-1: peers:[e741532c-559f-497b-a202-f4f9d9b61a12|rpc:10.1.0.35:43445|dataStream:10.1.0.35:40381|priority:0|startupRole:FOLLOWER, 89310092-6a08-4a04-ad3d-d7c31a3b6af8|rpc:10.1.0.35:39263|dataStream:10.1.0.35:39791|priority:1|startupRole:FOLLOWER, acf62409-eb7d-4a8d-bf49-c09672ff1fd3|rpc:10.1.0.35:37499|dataStream:10.1.0.35:32899|priority:0|startupRole:FOLLOWER]|listeners:[], old=null
2023-04-21 06:18:36,816 [grpc-default-executor-1] INFO  server.RaftServer$Division (RaftServerImpl.java:requestVote(1218)) - e741532c-559f-497b-a202-f4f9d9b61a12@group-F7F59576AD21: receive requestVote(PRE_VOTE, 89310092-6a08-4a04-ad3d-d7c31a3b6af8, group-F7F59576AD21, 0, (t:0, i:0))
2023-04-21 06:18:36,816 [grpc-default-executor-1] INFO  impl.VoteContext (VoteContext.java:log(49)) - e741532c-559f-497b-a202-f4f9d9b61a12@group-F7F59576AD21-FOLLOWER: accept PRE_VOTE from 89310092-6a08-4a04-ad3d-d7c31a3b6af8: our priority 0 <= candidate's priority 1
2023-04-21 06:18:36,816 [grpc-default-executor-1] INFO  server.RaftServer$Division (RaftServerImpl.java:requestVote(1251)) - e741532c-559f-497b-a202-f4f9d9b61a12@group-F7F59576AD21 replies to PRE_VOTE vote request: 89310092-6a08-4a04-ad3d-d7c31a3b6af8<-e741532c-559f-497b-a202-f4f9d9b61a12#0:OK-t0. Peer's state: e741532c-559f-497b-a202-f4f9d9b61a12@group-F7F59576AD21:t0, leader=null, voted=, raftlog=Memoized:e741532c-559f-497b-a202-f4f9d9b61a12@group-F7F59576AD21-SegmentedRaftLog:OPENED:c-1, conf=-1: peers:[e741532c-559f-497b-a202-f4f9d9b61a12|rpc:10.1.0.35:43445|dataStream:10.1.0.35:40381|priority:0|startupRole:FOLLOWER, 89310092-6a08-4a04-ad3d-d7c31a3b6af8|rpc:10.1.0.35:39263|dataStream:10.1.0.35:39791|priority:1|startupRole:FOLLOWER, acf62409-eb7d-4a8d-bf49-c09672ff1fd3|rpc:10.1.0.35:37499|dataStream:10.1.0.35:32899|priority:0|startupRole:FOLLOWER]|listeners:[], old=null
2023-04-21 06:18:36,817 [89310092-6a08-4a04-ad3d-d7c31a3b6af8@group-F7F59576AD21-LeaderElection44] INFO  impl.LeaderElection (LeaderElection.java:logAndReturn(90)) - 89310092-6a08-4a04-ad3d-d7c31a3b6af8@group-F7F59576AD21-LeaderElection44: PRE_VOTE PASSED received 1 response(s) and 0 exception(s):
2023-04-21 06:18:36,817 [89310092-6a08-4a04-ad3d-d7c31a3b6af8@group-F7F59576AD21-LeaderElection44] INFO  impl.LeaderElection (LeaderElection.java:logAndReturn(94)) -   Response 0: 89310092-6a08-4a04-ad3d-d7c31a3b6af8<-e741532c-559f-497b-a202-f4f9d9b61a12#0:OK-t0
2023-04-21 06:18:36,817 [89310092-6a08-4a04-ad3d-d7c31a3b6af8@group-F7F59576AD21-LeaderElection44] INFO  impl.LeaderElection (LeaderElection.java:askForVotes(314)) - 89310092-6a08-4a04-ad3d-d7c31a3b6af8@group-F7F59576AD21-LeaderElection44 PRE_VOTE round 0: result PASSED
2023-04-21 06:18:36,819 [89310092-6a08-4a04-ad3d-d7c31a3b6af8@group-F7F59576AD21-LeaderElection44] INFO  impl.LeaderElection (LeaderElection.java:askForVotes(312)) - 89310092-6a08-4a04-ad3d-d7c31a3b6af8@group-F7F59576AD21-LeaderElection44 ELECTION round 0: submit vote requests at term 1 for -1: peers:[e741532c-559f-497b-a202-f4f9d9b61a12|rpc:10.1.0.35:43445|dataStream:10.1.0.35:40381|priority:0|startupRole:FOLLOWER, 89310092-6a08-4a04-ad3d-d7c31a3b6af8|rpc:10.1.0.35:39263|dataStream:10.1.0.35:39791|priority:1|startupRole:FOLLOWER, acf62409-eb7d-4a8d-bf49-c09672ff1fd3|rpc:10.1.0.35:37499|dataStream:10.1.0.35:32899|priority:0|startupRole:FOLLOWER]|listeners:[], old=null
2023-04-21 06:18:36,820 [grpc-default-executor-0] INFO  server.RaftServer$Division (RaftServerImpl.java:requestVote(1218)) - e741532c-559f-497b-a202-f4f9d9b61a12@group-F7F59576AD21: receive requestVote(ELECTION, 89310092-6a08-4a04-ad3d-d7c31a3b6af8, group-F7F59576AD21, 1, (t:0, i:0))
2023-04-21 06:18:36,820 [grpc-default-executor-0] INFO  impl.VoteContext (VoteContext.java:log(49)) - e741532c-559f-497b-a202-f4f9d9b61a12@group-F7F59576AD21-FOLLOWER: accept ELECTION from 89310092-6a08-4a04-ad3d-d7c31a3b6af8: our priority 0 <= candidate's priority 1
2023-04-21 06:18:36,820 [grpc-default-executor-0] INFO  server.RaftServer$Division (RaftServerImpl.java:setRole(321)) - e741532c-559f-497b-a202-f4f9d9b61a12@group-F7F59576AD21: changes role from  FOLLOWER to FOLLOWER at term 1 for candidate:89310092-6a08-4a04-ad3d-d7c31a3b6af8
2023-04-21 06:18:36,820 [grpc-default-executor-0] INFO  impl.RoleInfo (RoleInfo.java:shutdownFollowerState(110)) - e741532c-559f-497b-a202-f4f9d9b61a12: shutdown e741532c-559f-497b-a202-f4f9d9b61a12@group-F7F59576AD21-FollowerState
2023-04-21 06:18:36,822 [89310092-6a08-4a04-ad3d-d7c31a3b6af8@group-F7F59576AD21-LeaderElection44] INFO  server.RaftServerConfigKeys (ConfUtils.java:logFallback(53)) - raft.server.rpc.first-election.timeout.min = 5s (fallback to raft.server.rpc.timeout.min)
2023-04-21 06:18:36,822 [e741532c-559f-497b-a202-f4f9d9b61a12@group-F7F59576AD21-FollowerState] INFO  impl.FollowerState (FollowerState.java:run(152)) - e741532c-559f-497b-a202-f4f9d9b61a12@group-F7F59576AD21-FollowerState was interrupted
2023-04-21 06:18:36,822 [89310092-6a08-4a04-ad3d-d7c31a3b6af8@group-F7F59576AD21-LeaderElection44] INFO  server.RaftServerConfigKeys (ConfUtils.java:logFallback(53)) - raft.server.rpc.first-election.timeout.max = 5200ms (fallback to raft.server.rpc.timeout.max)
2023-04-21 06:18:36,822 [grpc-default-executor-0] INFO  impl.RoleInfo (RoleInfo.java:updateAndGet(139)) - e741532c-559f-497b-a202-f4f9d9b61a12: start e741532c-559f-497b-a202-f4f9d9b61a12@group-F7F59576AD21-FollowerState
2023-04-21 06:18:36,826 [e741532c-559f-497b-a202-f4f9d9b61a12@group-F7F59576AD21-FollowerState] INFO  server.RaftServerConfigKeys (ConfUtils.java:logFallback(53)) - raft.server.rpc.first-election.timeout.min = 5s (fallback to raft.server.rpc.timeout.min)
2023-04-21 06:18:36,826 [e741532c-559f-497b-a202-f4f9d9b61a12@group-F7F59576AD21-FollowerState] INFO  server.RaftServerConfigKeys (ConfUtils.java:logFallback(53)) - raft.server.rpc.first-election.timeout.max = 5200ms (fallback to raft.server.rpc.timeout.max)
2023-04-21 06:18:36,827 [grpc-default-executor-1] INFO  server.RaftServer$Division (RaftServerImpl.java:requestVote(1218)) - acf62409-eb7d-4a8d-bf49-c09672ff1fd3@group-F7F59576AD21: receive requestVote(ELECTION, 89310092-6a08-4a04-ad3d-d7c31a3b6af8, group-F7F59576AD21, 1, (t:0, i:0))
2023-04-21 06:18:36,827 [grpc-default-executor-1] INFO  impl.VoteContext (VoteContext.java:log(49)) - acf62409-eb7d-4a8d-bf49-c09672ff1fd3@group-F7F59576AD21-FOLLOWER: accept ELECTION from 89310092-6a08-4a04-ad3d-d7c31a3b6af8: our priority 0 <= candidate's priority 1
2023-04-21 06:18:36,827 [grpc-default-executor-1] INFO  server.RaftServer$Division (RaftServerImpl.java:setRole(321)) - acf62409-eb7d-4a8d-bf49-c09672ff1fd3@group-F7F59576AD21: changes role from  FOLLOWER to FOLLOWER at term 1 for candidate:89310092-6a08-4a04-ad3d-d7c31a3b6af8
2023-04-21 06:18:36,827 [grpc-default-executor-0] INFO  server.RaftServer$Division (RaftServerImpl.java:requestVote(1251)) - e741532c-559f-497b-a202-f4f9d9b61a12@group-F7F59576AD21 replies to ELECTION vote request: 89310092-6a08-4a04-ad3d-d7c31a3b6af8<-e741532c-559f-497b-a202-f4f9d9b61a12#0:OK-t1. Peer's state: e741532c-559f-497b-a202-f4f9d9b61a12@group-F7F59576AD21:t1, leader=null, voted=89310092-6a08-4a04-ad3d-d7c31a3b6af8, raftlog=Memoized:e741532c-559f-497b-a202-f4f9d9b61a12@group-F7F59576AD21-SegmentedRaftLog:OPENED:c-1, conf=-1: peers:[e741532c-559f-497b-a202-f4f9d9b61a12|rpc:10.1.0.35:43445|dataStream:10.1.0.35:40381|priority:0|startupRole:FOLLOWER, 89310092-6a08-4a04-ad3d-d7c31a3b6af8|rpc:10.1.0.35:39263|dataStream:10.1.0.35:39791|priority:1|startupRole:FOLLOWER, acf62409-eb7d-4a8d-bf49-c09672ff1fd3|rpc:10.1.0.35:37499|dataStream:10.1.0.35:32899|priority:0|startupRole:FOLLOWER]|listeners:[], old=null
2023-04-21 06:18:36,827 [grpc-default-executor-1] INFO  impl.RoleInfo (RoleInfo.java:shutdownFollowerState(110)) - acf62409-eb7d-4a8d-bf49-c09672ff1fd3: shutdown acf62409-eb7d-4a8d-bf49-c09672ff1fd3@group-F7F59576AD21-FollowerState
2023-04-21 06:18:36,828 [grpc-default-executor-1] INFO  impl.RoleInfo (RoleInfo.java:updateAndGet(139)) - acf62409-eb7d-4a8d-bf49-c09672ff1fd3: start acf62409-eb7d-4a8d-bf49-c09672ff1fd3@group-F7F59576AD21-FollowerState
2023-04-21 06:18:36,828 [acf62409-eb7d-4a8d-bf49-c09672ff1fd3@group-F7F59576AD21-FollowerState] INFO  impl.FollowerState (FollowerState.java:run(152)) - acf62409-eb7d-4a8d-bf49-c09672ff1fd3@group-F7F59576AD21-FollowerState was interrupted
2023-04-21 06:18:36,829 [acf62409-eb7d-4a8d-bf49-c09672ff1fd3@group-F7F59576AD21-FollowerState] INFO  server.RaftServerConfigKeys (ConfUtils.java:logFallback(53)) - raft.server.rpc.first-election.timeout.min = 5s (fallback to raft.server.rpc.timeout.min)
2023-04-21 06:18:36,829 [acf62409-eb7d-4a8d-bf49-c09672ff1fd3@group-F7F59576AD21-FollowerState] INFO  server.RaftServerConfigKeys (ConfUtils.java:logFallback(53)) - raft.server.rpc.first-election.timeout.max = 5200ms (fallback to raft.server.rpc.timeout.max)
2023-04-21 06:18:36,830 [89310092-6a08-4a04-ad3d-d7c31a3b6af8@group-F7F59576AD21-LeaderElection44] INFO  impl.LeaderElection (LeaderElection.java:logAndReturn(90)) - 89310092-6a08-4a04-ad3d-d7c31a3b6af8@group-F7F59576AD21-LeaderElection44: ELECTION PASSED received 1 response(s) and 0 exception(s):
2023-04-21 06:18:36,830 [89310092-6a08-4a04-ad3d-d7c31a3b6af8@group-F7F59576AD21-LeaderElection44] INFO  impl.LeaderElection (LeaderElection.java:logAndReturn(94)) -   Response 0: 89310092-6a08-4a04-ad3d-d7c31a3b6af8<-e741532c-559f-497b-a202-f4f9d9b61a12#0:OK-t1
2023-04-21 06:18:36,830 [89310092-6a08-4a04-ad3d-d7c31a3b6af8@group-F7F59576AD21-LeaderElection44] INFO  impl.LeaderElection (LeaderElection.java:askForVotes(314)) - 89310092-6a08-4a04-ad3d-d7c31a3b6af8@group-F7F59576AD21-LeaderElection44 ELECTION round 0: result PASSED
2023-04-21 06:18:36,830 [89310092-6a08-4a04-ad3d-d7c31a3b6af8@group-F7F59576AD21-LeaderElection44] INFO  impl.RoleInfo (RoleInfo.java:shutdownLeaderElection(130)) - 89310092-6a08-4a04-ad3d-d7c31a3b6af8: shutdown 89310092-6a08-4a04-ad3d-d7c31a3b6af8@group-F7F59576AD21-LeaderElection44
2023-04-21 06:18:36,830 [89310092-6a08-4a04-ad3d-d7c31a3b6af8@group-F7F59576AD21-LeaderElection44] INFO  server.RaftServer$Division (RaftServerImpl.java:setRole(321)) - 89310092-6a08-4a04-ad3d-d7c31a3b6af8@group-F7F59576AD21: changes role from CANDIDATE to LEADER at term 1 for changeToLeader
2023-04-21 06:18:36,830 [89310092-6a08-4a04-ad3d-d7c31a3b6af8@group-F7F59576AD21-LeaderElection44] INFO  ratis.XceiverServerRatis (XceiverServerRatis.java:handleLeaderChangedNotification(904)) - Leader change notification received for group: group-F7F59576AD21 with new leaderId: 89310092-6a08-4a04-ad3d-d7c31a3b6af8
2023-04-21 06:18:36,830 [89310092-6a08-4a04-ad3d-d7c31a3b6af8@group-F7F59576AD21-LeaderElection44] INFO  server.RaftServer$Division (ServerState.java:setLeader(313)) - 89310092-6a08-4a04-ad3d-d7c31a3b6af8@group-F7F59576AD21: change Leader from null to 89310092-6a08-4a04-ad3d-d7c31a3b6af8 at term 1 for becomeLeader, leader elected after 5168ms
2023-04-21 06:18:36,830 [89310092-6a08-4a04-ad3d-d7c31a3b6af8@group-F7F59576AD21-LeaderElection44] INFO  server.RaftServerConfigKeys (ConfUtils.java:logGet(46)) - raft.server.staging.catchup.gap = 1000 (default)
2023-04-21 06:18:36,830 [89310092-6a08-4a04-ad3d-d7c31a3b6af8@group-F7F59576AD21-LeaderElection44] INFO  server.RaftServerConfigKeys (ConfUtils.java:logGet(46)) - raft.server.write.element-limit = 1024 (custom)
2023-04-21 06:18:36,830 [89310092-6a08-4a04-ad3d-d7c31a3b6af8@group-F7F59576AD21-LeaderElection44] INFO  server.RaftServerConfigKeys (ConfUtils.java:logGet(46)) - raft.server.write.byte-limit = 1024 M (=1073741824) (custom)
2023-04-21 06:18:36,831 [89310092-6a08-4a04-ad3d-d7c31a3b6af8@group-F7F59576AD21-LeaderElection44] INFO  server.RaftServerConfigKeys (ConfUtils.java:logGet(46)) - raft.server.watch.timeout = 180s (custom)
2023-04-21 06:18:36,831 [89310092-6a08-4a04-ad3d-d7c31a3b6af8@group-F7F59576AD21-LeaderElection44] INFO  server.RaftServerConfigKeys (ConfUtils.java:logGet(46)) - raft.server.watch.timeout.denomination = 1s (default)
2023-04-21 06:18:36,831 [89310092-6a08-4a04-ad3d-d7c31a3b6af8@group-F7F59576AD21-LeaderElection44] INFO  server.RaftServerConfigKeys (ConfUtils.java:logGet(46)) - raft.server.watch.element-limit = 65536 (default)
2023-04-21 06:18:36,831 [89310092-6a08-4a04-ad3d-d7c31a3b6af8@group-F7F59576AD21-LeaderElection44] INFO  server.RaftServerConfigKeys (ConfUtils.java:logGet(46)) - raft.server.write.element-limit = 1024 (custom)
2023-04-21 06:18:36,831 [89310092-6a08-4a04-ad3d-d7c31a3b6af8@group-F7F59576AD21-LeaderElection44] INFO  server.RaftServerConfigKeys (ConfUtils.java:logGet(46)) - raft.server.write.follower.gap.ratio.max = -1.0 (default)
2023-04-21 06:18:36,831 [89310092-6a08-4a04-ad3d-d7c31a3b6af8@group-F7F59576AD21-LeaderElection44] INFO  server.RaftServerConfigKeys (ConfUtils.java:logGet(46)) - raft.server.log.appender.snapshot.chunk.size.max = 16MB (=16777216) (default)
2023-04-21 06:18:36,831 [89310092-6a08-4a04-ad3d-d7c31a3b6af8@group-F7F59576AD21-LeaderElection44] INFO  server.RaftServerConfigKeys (ConfUtils.java:logGet(46)) - raft.server.log.appender.buffer.byte-limit = 33554432 (custom)
2023-04-21 06:18:36,831 [89310092-6a08-4a04-ad3d-d7c31a3b6af8@group-F7F59576AD21-LeaderElection44] INFO  server.RaftServerConfigKeys (ConfUtils.java:logGet(46)) - raft.server.log.appender.buffer.element-limit = 1 (custom)
2023-04-21 06:18:36,831 [89310092-6a08-4a04-ad3d-d7c31a3b6af8@group-F7F59576AD21-LeaderElection44] INFO  grpc.GrpcConfigKeys (ConfUtils.java:logGet(46)) - raft.grpc.server.leader.outstanding.appends.max = 128 (default)
2023-04-21 06:18:36,831 [89310092-6a08-4a04-ad3d-d7c31a3b6af8@group-F7F59576AD21-LeaderElection44] INFO  server.RaftServerConfigKeys (ConfUtils.java:logGet(46)) - raft.server.rpc.request.timeout = 60s (custom)
2023-04-21 06:18:36,831 [89310092-6a08-4a04-ad3d-d7c31a3b6af8@group-F7F59576AD21-LeaderElection44] INFO  server.RaftServerConfigKeys (ConfUtils.java:logGet(46)) - raft.server.log.appender.install.snapshot.enabled = false (custom)
2023-04-21 06:18:36,831 [89310092-6a08-4a04-ad3d-d7c31a3b6af8@group-F7F59576AD21-LeaderElection44] INFO  grpc.GrpcConfigKeys (ConfUtils.java:logGet(46)) - raft.grpc.server.heartbeat.channel = true (default)
2023-04-21 06:18:36,831 [89310092-6a08-4a04-ad3d-d7c31a3b6af8@group-F7F59576AD21-LeaderElection44] INFO  server.RaftServerConfigKeys (ConfUtils.java:logGet(46)) - raft.server.log.appender.wait-time.min = 10ms (default)
2023-04-21 06:18:36,832 [89310092-6a08-4a04-ad3d-d7c31a3b6af8@group-F7F59576AD21-LeaderElection44] INFO  server.RaftServerConfigKeys (ConfUtils.java:logGet(46)) - raft.server.log.appender.snapshot.chunk.size.max = 16MB (=16777216) (default)
2023-04-21 06:18:36,834 [89310092-6a08-4a04-ad3d-d7c31a3b6af8@group-F7F59576AD21-LeaderElection44] INFO  server.RaftServerConfigKeys (ConfUtils.java:logGet(46)) - raft.server.log.appender.buffer.byte-limit = 33554432 (custom)
2023-04-21 06:18:36,834 [89310092-6a08-4a04-ad3d-d7c31a3b6af8@group-F7F59576AD21-LeaderElection44] INFO  server.RaftServerConfigKeys (ConfUtils.java:logGet(46)) - raft.server.log.appender.buffer.element-limit = 1 (custom)
2023-04-21 06:18:36,834 [89310092-6a08-4a04-ad3d-d7c31a3b6af8@group-F7F59576AD21-LeaderElection44] INFO  grpc.GrpcConfigKeys (ConfUtils.java:logGet(46)) - raft.grpc.server.leader.outstanding.appends.max = 128 (default)
2023-04-21 06:18:36,835 [89310092-6a08-4a04-ad3d-d7c31a3b6af8@group-F7F59576AD21-LeaderElection44] INFO  server.RaftServerConfigKeys (ConfUtils.java:logGet(46)) - raft.server.rpc.request.timeout = 60s (custom)
2023-04-21 06:18:36,835 [89310092-6a08-4a04-ad3d-d7c31a3b6af8@group-F7F59576AD21-LeaderElection44] INFO  server.RaftServerConfigKeys (ConfUtils.java:logGet(46)) - raft.server.log.appender.install.snapshot.enabled = false (custom)
2023-04-21 06:18:36,835 [89310092-6a08-4a04-ad3d-d7c31a3b6af8@group-F7F59576AD21-LeaderElection44] INFO  grpc.GrpcConfigKeys (ConfUtils.java:logGet(46)) - raft.grpc.server.heartbeat.channel = true (default)
2023-04-21 06:18:36,835 [89310092-6a08-4a04-ad3d-d7c31a3b6af8@group-F7F59576AD21-LeaderElection44] INFO  server.RaftServerConfigKeys (ConfUtils.java:logGet(46)) - raft.server.log.appender.wait-time.min = 10ms (default)
2023-04-21 06:18:36,835 [89310092-6a08-4a04-ad3d-d7c31a3b6af8@group-F7F59576AD21-LeaderElection44] INFO  impl.RoleInfo (RoleInfo.java:updateAndGet(139)) - 89310092-6a08-4a04-ad3d-d7c31a3b6af8: start 89310092-6a08-4a04-ad3d-d7c31a3b6af8@group-F7F59576AD21-LeaderStateImpl
2023-04-21 06:18:36,835 [89310092-6a08-4a04-ad3d-d7c31a3b6af8@group-F7F59576AD21-LeaderElection44] INFO  segmented.SegmentedRaftLogWorker (SegmentedRaftLogWorker.java:startLogSegment(452)) - 89310092-6a08-4a04-ad3d-d7c31a3b6af8@group-F7F59576AD21-SegmentedRaftLogWorker: Starting segment from index:0
2023-04-21 06:18:36,835 [EventQueue-PipelineReportForPipelineReportHandler] INFO  pipeline.PipelineManagerImpl (PipelineManagerImpl.java:openPipeline(367)) - Pipeline Pipeline[ Id: 908356c2-a06b-487d-989e-f7f59576ad21, Nodes: acf62409-eb7d-4a8d-bf49-c09672ff1fd3(fv-az205-422/10.1.0.35)89310092-6a08-4a04-ad3d-d7c31a3b6af8(fv-az205-422/10.1.0.35)e741532c-559f-497b-a202-f4f9d9b61a12(fv-az205-422/10.1.0.35), ReplicationConfig: RATIS/THREE, State:ALLOCATED, leaderId:89310092-6a08-4a04-ad3d-d7c31a3b6af8, CreationTimestamp2023-04-21T06:18:29.215Z[Etc/UTC]] moved to OPEN state
2023-04-21 06:18:36,836 [EventQueue-OpenPipelineForHealthyPipelineSafeModeRule] INFO  safemode.SCMSafeModeManager (HealthyPipelineSafeModeRule.java:process(137)) - SCM in safe mode. Healthy pipelines reported count is 1, required healthy pipeline reported count is 1
2023-04-21 06:18:36,836 [EventQueue-OpenPipelineForHealthyPipelineSafeModeRule] INFO  safemode.SCMSafeModeManager (SCMSafeModeManager.java:validateSafeModeExitRules(200)) - HealthyPipelineSafeModeRule rule is successfully validated
2023-04-21 06:18:36,836 [EventQueue-OpenPipelineForHealthyPipelineSafeModeRule] INFO  safemode.SCMSafeModeManager (SCMSafeModeManager.java:validateSafeModeExitRules(215)) - ScmSafeModeManager, all rules are successfully validated
2023-04-21 06:18:36,836 [EventQueue-OpenPipelineForHealthyPipelineSafeModeRule] INFO  safemode.SCMSafeModeManager (SCMSafeModeManager.java:exitSafeMode(244)) - SCM exiting safe mode.
2023-04-21 06:18:36,836 [EventQueue-OpenPipelineForHealthyPipelineSafeModeRule] INFO  ha.SCMContext (SCMContext.java:updateSafeModeStatus(228)) - Update SafeModeStatus from SafeModeStatus{safeModeStatus=true, preCheckPassed=true} to SafeModeStatus{safeModeStatus=false, preCheckPassed=true}.
2023-04-21 06:18:36,836 [EventQueue-OpenPipelineForHealthyPipelineSafeModeRule] INFO  pipeline.BackgroundPipelineCreator (BackgroundPipelineCreator.java:notifyStatusChanged(254)) - Service BackgroundPipelineCreator transitions to RUNNING.
2023-04-21 06:18:36,836 [EventQueue-OpenPipelineForHealthyPipelineSafeModeRule] INFO  BackgroundPipelineScrubber (BackgroundSCMService.java:notifyStatusChanged(82)) - Service BackgroundPipelineScrubber transitions to RUNNING.
2023-04-21 06:18:36,836 [EventQueue-OpenPipelineForHealthyPipelineSafeModeRule] INFO  ExpiredContainerReplicaOpScrubber (BackgroundSCMService.java:notifyStatusChanged(82)) - Service ExpiredContainerReplicaOpScrubber transitions to RUNNING.
2023-04-21 06:18:36,836 [EventQueue-OpenPipelineForHealthyPipelineSafeModeRule] INFO  replication.ReplicationManager (ReplicationManager.java:notifyStatusChanged(1371)) - Service ReplicationManager transitions to RUNNING.
2023-04-21 06:18:36,837 [EventQueue-OpenPipelineForHealthyPipelineSafeModeRule] WARN  balancer.ContainerBalancer (ContainerBalancer.java:shouldRun(132)) - Could not find persisted configuration for ContainerBalancer when checking if ContainerBalancer should run. ContainerBalancer should not run now.
2023-04-21 06:18:36,835 [grpc-default-executor-1] INFO  server.RaftServer$Division (RaftServerImpl.java:requestVote(1251)) - acf62409-eb7d-4a8d-bf49-c09672ff1fd3@group-F7F59576AD21 replies to ELECTION vote request: 89310092-6a08-4a04-ad3d-d7c31a3b6af8<-acf62409-eb7d-4a8d-bf49-c09672ff1fd3#0:OK-t1. Peer's state: acf62409-eb7d-4a8d-bf49-c09672ff1fd3@group-F7F59576AD21:t1, leader=null, voted=89310092-6a08-4a04-ad3d-d7c31a3b6af8, raftlog=Memoized:acf62409-eb7d-4a8d-bf49-c09672ff1fd3@group-F7F59576AD21-SegmentedRaftLog:OPENED:c-1, conf=-1: peers:[e741532c-559f-497b-a202-f4f9d9b61a12|rpc:10.1.0.35:43445|dataStream:10.1.0.35:40381|priority:0|startupRole:FOLLOWER, 89310092-6a08-4a04-ad3d-d7c31a3b6af8|rpc:10.1.0.35:39263|dataStream:10.1.0.35:39791|priority:1|startupRole:FOLLOWER, acf62409-eb7d-4a8d-bf49-c09672ff1fd3|rpc:10.1.0.35:37499|dataStream:10.1.0.35:32899|priority:0|startupRole:FOLLOWER]|listeners:[], old=null
2023-04-21 06:18:36,837 [89310092-6a08-4a04-ad3d-d7c31a3b6af8@group-F7F59576AD21-SegmentedRaftLogWorker] INFO  segmented.SegmentedRaftLogWorker (SegmentedRaftLogWorker.java:execute(656)) - 89310092-6a08-4a04-ad3d-d7c31a3b6af8@group-F7F59576AD21-SegmentedRaftLogWorker: created new log segment /home/runner/work/ozone/ozone/hadoop-ozone/integration-test/target/test-dir/MiniOzoneClusterImpl-5df7d698-6c9a-4a75-b3ca-6c6997f7fa13/datanode-1/data/ratis/908356c2-a06b-487d-989e-f7f59576ad21/current/log_inprogress_0
2023-04-21 06:18:36,850 [89310092-6a08-4a04-ad3d-d7c31a3b6af8@group-F7F59576AD21-LeaderElection44] INFO  server.RaftServer$Division (ServerState.java:setRaftConf(430)) - 89310092-6a08-4a04-ad3d-d7c31a3b6af8@group-F7F59576AD21: set configuration 0: peers:[e741532c-559f-497b-a202-f4f9d9b61a12|rpc:10.1.0.35:43445|dataStream:10.1.0.35:40381|priority:0|startupRole:FOLLOWER, 89310092-6a08-4a04-ad3d-d7c31a3b6af8|rpc:10.1.0.35:39263|dataStream:10.1.0.35:39791|priority:1|startupRole:FOLLOWER, acf62409-eb7d-4a8d-bf49-c09672ff1fd3|rpc:10.1.0.35:37499|dataStream:10.1.0.35:32899|priority:0|startupRole:FOLLOWER]|listeners:[], old=null
2023-04-21 06:18:36,870 [e741532c-559f-497b-a202-f4f9d9b61a12@group-8A928EAD5328-FollowerState] INFO  impl.FollowerState (FollowerState.java:run(143)) - e741532c-559f-497b-a202-f4f9d9b61a12@group-8A928EAD5328-FollowerState: change to CANDIDATE, lastRpcElapsedTime:5166103121ns, electionTimeout:5156ms
2023-04-21 06:18:36,870 [e741532c-559f-497b-a202-f4f9d9b61a12@group-8A928EAD5328-FollowerState] INFO  impl.RoleInfo (RoleInfo.java:shutdownFollowerState(110)) - e741532c-559f-497b-a202-f4f9d9b61a12: shutdown e741532c-559f-497b-a202-f4f9d9b61a12@group-8A928EAD5328-FollowerState
2023-04-21 06:18:36,870 [e741532c-559f-497b-a202-f4f9d9b61a12@group-8A928EAD5328-FollowerState] INFO  server.RaftServer$Division (RaftServerImpl.java:setRole(321)) - e741532c-559f-497b-a202-f4f9d9b61a12@group-8A928EAD5328: changes role from  FOLLOWER to CANDIDATE at term 0 for changeToCandidate
2023-04-21 06:18:36,870 [e741532c-559f-497b-a202-f4f9d9b61a12@group-8A928EAD5328-FollowerState] INFO  server.RaftServerConfigKeys (ConfUtils.java:logGet(46)) - raft.server.leaderelection.pre-vote = true (default)
2023-04-21 06:18:36,870 [e741532c-559f-497b-a202-f4f9d9b61a12@group-8A928EAD5328-FollowerState] INFO  impl.RoleInfo (RoleInfo.java:updateAndGet(139)) - e741532c-559f-497b-a202-f4f9d9b61a12: start e741532c-559f-497b-a202-f4f9d9b61a12@group-8A928EAD5328-LeaderElection45
2023-04-21 06:18:36,874 [e741532c-559f-497b-a202-f4f9d9b61a12-server-thread1] INFO  ratis.XceiverServerRatis (XceiverServerRatis.java:handleLeaderChangedNotification(904)) - Leader change notification received for group: group-F7F59576AD21 with new leaderId: 89310092-6a08-4a04-ad3d-d7c31a3b6af8
2023-04-21 06:18:36,874 [e741532c-559f-497b-a202-f4f9d9b61a12-server-thread1] INFO  server.RaftServer$Division (ServerState.java:setLeader(313)) - e741532c-559f-497b-a202-f4f9d9b61a12@group-F7F59576AD21: change Leader from null to 89310092-6a08-4a04-ad3d-d7c31a3b6af8 at term 1 for appendEntries, leader elected after 5282ms
2023-04-21 06:18:36,877 [e741532c-559f-497b-a202-f4f9d9b61a12@group-8A928EAD5328-LeaderElection45] INFO  impl.LeaderElection (LeaderElection.java:askForVotes(312)) - e741532c-559f-497b-a202-f4f9d9b61a12@group-8A928EAD5328-LeaderElection45 PRE_VOTE round 0: submit vote requests at term 0 for -1: peers:[e741532c-559f-497b-a202-f4f9d9b61a12|rpc:10.1.0.35:43445|dataStream:10.1.0.35:40381|priority:1|startupRole:FOLLOWER, 89310092-6a08-4a04-ad3d-d7c31a3b6af8|rpc:10.1.0.35:39263|dataStream:10.1.0.35:39791|priority:0|startupRole:FOLLOWER, acf62409-eb7d-4a8d-bf49-c09672ff1fd3|rpc:10.1.0.35:37499|dataStream:10.1.0.35:32899|priority:0|startupRole:FOLLOWER]|listeners:[], old=null
2023-04-21 06:18:36,877 [acf62409-eb7d-4a8d-bf49-c09672ff1fd3-server-thread1] INFO  ratis.XceiverServerRatis (XceiverServerRatis.java:handleLeaderChangedNotification(904)) - Leader change notification received for group: group-F7F59576AD21 with new leaderId: 89310092-6a08-4a04-ad3d-d7c31a3b6af8
2023-04-21 06:18:36,877 [acf62409-eb7d-4a8d-bf49-c09672ff1fd3-server-thread1] INFO  server.RaftServer$Division (ServerState.java:setLeader(313)) - acf62409-eb7d-4a8d-bf49-c09672ff1fd3@group-F7F59576AD21: change Leader from null to 89310092-6a08-4a04-ad3d-d7c31a3b6af8 at term 1 for appendEntries, leader elected after 5253ms
2023-04-21 06:18:36,883 [grpc-default-executor-3] INFO  server.RaftServer$Division (RaftServerImpl.java:requestVote(1218)) - 89310092-6a08-4a04-ad3d-d7c31a3b6af8@group-8A928EAD5328: receive requestVote(PRE_VOTE, e741532c-559f-497b-a202-f4f9d9b61a12, group-8A928EAD5328, 0, (t:0, i:0))
2023-04-21 06:18:36,883 [grpc-default-executor-3] INFO  impl.VoteContext (VoteContext.java:log(49)) - 89310092-6a08-4a04-ad3d-d7c31a3b6af8@group-8A928EAD5328-FOLLOWER: accept PRE_VOTE from e741532c-559f-497b-a202-f4f9d9b61a12: our priority 0 <= candidate's priority 1
2023-04-21 06:18:36,883 [grpc-default-executor-3] INFO  server.RaftServer$Division (RaftServerImpl.java:requestVote(1251)) - 89310092-6a08-4a04-ad3d-d7c31a3b6af8@group-8A928EAD5328 replies to PRE_VOTE vote request: e741532c-559f-497b-a202-f4f9d9b61a12<-89310092-6a08-4a04-ad3d-d7c31a3b6af8#0:OK-t0. Peer's state: 89310092-6a08-4a04-ad3d-d7c31a3b6af8@group-8A928EAD5328:t0, leader=null, voted=, raftlog=Memoized:89310092-6a08-4a04-ad3d-d7c31a3b6af8@group-8A928EAD5328-SegmentedRaftLog:OPENED:c-1, conf=-1: peers:[e741532c-559f-497b-a202-f4f9d9b61a12|rpc:10.1.0.35:43445|dataStream:10.1.0.35:40381|priority:1|startupRole:FOLLOWER, 89310092-6a08-4a04-ad3d-d7c31a3b6af8|rpc:10.1.0.35:39263|dataStream:10.1.0.35:39791|priority:0|startupRole:FOLLOWER, acf62409-eb7d-4a8d-bf49-c09672ff1fd3|rpc:10.1.0.35:37499|dataStream:10.1.0.35:32899|priority:0|startupRole:FOLLOWER]|listeners:[], old=null
2023-04-21 06:18:36,885 [e741532c-559f-497b-a202-f4f9d9b61a12@group-8A928EAD5328-LeaderElection45] INFO  server.RaftServerConfigKeys (ConfUtils.java:logFallback(53)) - raft.server.rpc.first-election.timeout.min = 5s (fallback to raft.server.rpc.timeout.min)
2023-04-21 06:18:36,886 [e741532c-559f-497b-a202-f4f9d9b61a12@group-8A928EAD5328-LeaderElection45] INFO  server.RaftServerConfigKeys (ConfUtils.java:logFallback(53)) - raft.server.rpc.first-election.timeout.max = 5200ms (fallback to raft.server.rpc.timeout.max)
2023-04-21 06:18:36,886 [e741532c-559f-497b-a202-f4f9d9b61a12@group-8A928EAD5328-LeaderElection45] INFO  impl.LeaderElection (LeaderElection.java:logAndReturn(90)) - e741532c-559f-497b-a202-f4f9d9b61a12@group-8A928EAD5328-LeaderElection45: PRE_VOTE PASSED received 1 response(s) and 0 exception(s):
2023-04-21 06:18:36,886 [e741532c-559f-497b-a202-f4f9d9b61a12@group-8A928EAD5328-LeaderElection45] INFO  impl.LeaderElection (LeaderElection.java:logAndReturn(94)) -   Response 0: e741532c-559f-497b-a202-f4f9d9b61a12<-89310092-6a08-4a04-ad3d-d7c31a3b6af8#0:OK-t0
2023-04-21 06:18:36,886 [e741532c-559f-497b-a202-f4f9d9b61a12@group-8A928EAD5328-LeaderElection45] INFO  impl.LeaderElection (LeaderElection.java:askForVotes(314)) - e741532c-559f-497b-a202-f4f9d9b61a12@group-8A928EAD5328-LeaderElection45 PRE_VOTE round 0: result PASSED
2023-04-21 06:18:36,896 [e741532c-559f-497b-a202-f4f9d9b61a12@group-8A928EAD5328-LeaderElection45] INFO  impl.LeaderElection (LeaderElection.java:askForVotes(312)) - e741532c-559f-497b-a202-f4f9d9b61a12@group-8A928EAD5328-LeaderElection45 ELECTION round 0: submit vote requests at term 1 for -1: peers:[e741532c-559f-497b-a202-f4f9d9b61a12|rpc:10.1.0.35:43445|dataStream:10.1.0.35:40381|priority:1|startupRole:FOLLOWER, 89310092-6a08-4a04-ad3d-d7c31a3b6af8|rpc:10.1.0.35:39263|dataStream:10.1.0.35:39791|priority:0|startupRole:FOLLOWER, acf62409-eb7d-4a8d-bf49-c09672ff1fd3|rpc:10.1.0.35:37499|dataStream:10.1.0.35:32899|priority:0|startupRole:FOLLOWER]|listeners:[], old=null
2023-04-21 06:18:36,897 [grpc-default-executor-3] INFO  server.RaftServer$Division (RaftServerImpl.java:requestVote(1218)) - acf62409-eb7d-4a8d-bf49-c09672ff1fd3@group-8A928EAD5328: receive requestVote(PRE_VOTE, e741532c-559f-497b-a202-f4f9d9b61a12, group-8A928EAD5328, 0, (t:0, i:0))
2023-04-21 06:18:36,897 [e741532c-559f-497b-a202-f4f9d9b61a12-server-thread2] INFO  server.RaftServer$Division (ServerState.java:setRaftConf(430)) - e741532c-559f-497b-a202-f4f9d9b61a12@group-F7F59576AD21: set configuration 0: peers:[e741532c-559f-497b-a202-f4f9d9b61a12|rpc:10.1.0.35:43445|dataStream:10.1.0.35:40381|priority:0|startupRole:FOLLOWER, 89310092-6a08-4a04-ad3d-d7c31a3b6af8|rpc:10.1.0.35:39263|dataStream:10.1.0.35:39791|priority:1|startupRole:FOLLOWER, acf62409-eb7d-4a8d-bf49-c09672ff1fd3|rpc:10.1.0.35:37499|dataStream:10.1.0.35:32899|priority:0|startupRole:FOLLOWER]|listeners:[], old=null
2023-04-21 06:18:36,898 [acf62409-eb7d-4a8d-bf49-c09672ff1fd3-server-thread1] INFO  server.RaftServer$Division (ServerState.java:setRaftConf(430)) - acf62409-eb7d-4a8d-bf49-c09672ff1fd3@group-F7F59576AD21: set configuration 0: peers:[e741532c-559f-497b-a202-f4f9d9b61a12|rpc:10.1.0.35:43445|dataStream:10.1.0.35:40381|priority:0|startupRole:FOLLOWER, 89310092-6a08-4a04-ad3d-d7c31a3b6af8|rpc:10.1.0.35:39263|dataStream:10.1.0.35:39791|priority:1|startupRole:FOLLOWER, acf62409-eb7d-4a8d-bf49-c09672ff1fd3|rpc:10.1.0.35:37499|dataStream:10.1.0.35:32899|priority:0|startupRole:FOLLOWER]|listeners:[], old=null
2023-04-21 06:18:36,898 [e741532c-559f-497b-a202-f4f9d9b61a12-server-thread2] INFO  segmented.SegmentedRaftLogWorker (SegmentedRaftLogWorker.java:startLogSegment(452)) - e741532c-559f-497b-a202-f4f9d9b61a12@group-F7F59576AD21-SegmentedRaftLogWorker: Starting segment from index:0
2023-04-21 06:18:36,898 [acf62409-eb7d-4a8d-bf49-c09672ff1fd3-server-thread1] INFO  segmented.SegmentedRaftLogWorker (SegmentedRaftLogWorker.java:startLogSegment(452)) - acf62409-eb7d-4a8d-bf49-c09672ff1fd3@group-F7F59576AD21-SegmentedRaftLogWorker: Starting segment from index:0
2023-04-21 06:18:36,903 [grpc-default-executor-2] INFO  server.RaftServer$Division (RaftServerImpl.java:requestVote(1218)) - 89310092-6a08-4a04-ad3d-d7c31a3b6af8@group-8A928EAD5328: receive requestVote(ELECTION, e741532c-559f-497b-a202-f4f9d9b61a12, group-8A928EAD5328, 1, (t:0, i:0))
2023-04-21 06:18:36,903 [grpc-default-executor-2] INFO  impl.VoteContext (VoteContext.java:log(49)) - 89310092-6a08-4a04-ad3d-d7c31a3b6af8@group-8A928EAD5328-FOLLOWER: accept ELECTION from e741532c-559f-497b-a202-f4f9d9b61a12: our priority 0 <= candidate's priority 1
2023-04-21 06:18:36,903 [grpc-default-executor-2] INFO  server.RaftServer$Division (RaftServerImpl.java:setRole(321)) - 89310092-6a08-4a04-ad3d-d7c31a3b6af8@group-8A928EAD5328: changes role from  FOLLOWER to FOLLOWER at term 1 for candidate:e741532c-559f-497b-a202-f4f9d9b61a12
2023-04-21 06:18:36,903 [grpc-default-executor-2] INFO  impl.RoleInfo (RoleInfo.java:shutdownFollowerState(110)) - 89310092-6a08-4a04-ad3d-d7c31a3b6af8: shutdown 89310092-6a08-4a04-ad3d-d7c31a3b6af8@group-8A928EAD5328-FollowerState
2023-04-21 06:18:36,904 [e741532c-559f-497b-a202-f4f9d9b61a12@group-8A928EAD5328-LeaderElection45] INFO  server.RaftServerConfigKeys (ConfUtils.java:logFallback(53)) - raft.server.rpc.first-election.timeout.min = 5s (fallback to raft.server.rpc.timeout.min)
2023-04-21 06:18:36,904 [e741532c-559f-497b-a202-f4f9d9b61a12@group-8A928EAD5328-LeaderElection45] INFO  server.RaftServerConfigKeys (ConfUtils.java:logFallback(53)) - raft.server.rpc.first-election.timeout.max = 5200ms (fallback to raft.server.rpc.timeout.max)
2023-04-21 06:18:36,905 [grpc-default-executor-2] INFO  impl.RoleInfo (RoleInfo.java:updateAndGet(139)) - 89310092-6a08-4a04-ad3d-d7c31a3b6af8: start 89310092-6a08-4a04-ad3d-d7c31a3b6af8@group-8A928EAD5328-FollowerState
2023-04-21 06:18:36,905 [89310092-6a08-4a04-ad3d-d7c31a3b6af8@group-8A928EAD5328-FollowerState] INFO  impl.FollowerState (FollowerState.java:run(152)) - 89310092-6a08-4a04-ad3d-d7c31a3b6af8@group-8A928EAD5328-FollowerState was interrupted
2023-04-21 06:18:36,909 [grpc-default-executor-3] INFO  impl.VoteContext (VoteContext.java:log(49)) - acf62409-eb7d-4a8d-bf49-c09672ff1fd3@group-8A928EAD5328-FOLLOWER: accept PRE_VOTE from e741532c-559f-497b-a202-f4f9d9b61a12: our priority 0 <= candidate's priority 1
2023-04-21 06:18:36,909 [grpc-default-executor-3] INFO  server.RaftServer$Division (RaftServerImpl.java:requestVote(1251)) - acf62409-eb7d-4a8d-bf49-c09672ff1fd3@group-8A928EAD5328 replies to PRE_VOTE vote request: e741532c-559f-497b-a202-f4f9d9b61a12<-acf62409-eb7d-4a8d-bf49-c09672ff1fd3#0:OK-t0. Peer's state: acf62409-eb7d-4a8d-bf49-c09672ff1fd3@group-8A928EAD5328:t0, leader=null, voted=, raftlog=Memoized:acf62409-eb7d-4a8d-bf49-c09672ff1fd3@group-8A928EAD5328-SegmentedRaftLog:OPENED:c-1, conf=-1: peers:[e741532c-559f-497b-a202-f4f9d9b61a12|rpc:10.1.0.35:43445|dataStream:10.1.0.35:40381|priority:1|startupRole:FOLLOWER, 89310092-6a08-4a04-ad3d-d7c31a3b6af8|rpc:10.1.0.35:39263|dataStream:10.1.0.35:39791|priority:0|startupRole:FOLLOWER, acf62409-eb7d-4a8d-bf49-c09672ff1fd3|rpc:10.1.0.35:37499|dataStream:10.1.0.35:32899|priority:0|startupRole:FOLLOWER]|listeners:[], old=null
2023-04-21 06:18:36,909 [acf62409-eb7d-4a8d-bf49-c09672ff1fd3@group-8A928EAD5328-FollowerState] INFO  server.RaftServerConfigKeys (ConfUtils.java:logFallback(53)) - raft.server.rpc.first-election.timeout.min = 5s (fallback to raft.server.rpc.timeout.min)
2023-04-21 06:18:36,909 [acf62409-eb7d-4a8d-bf49-c09672ff1fd3@group-8A928EAD5328-FollowerState] INFO  server.RaftServerConfigKeys (ConfUtils.java:logFallback(53)) - raft.server.rpc.first-election.timeout.max = 5200ms (fallback to raft.server.rpc.timeout.max)
2023-04-21 06:18:36,915 [89310092-6a08-4a04-ad3d-d7c31a3b6af8@group-8A928EAD5328-FollowerState] INFO  server.RaftServerConfigKeys (ConfUtils.java:logFallback(53)) - raft.server.rpc.first-election.timeout.min = 5s (fallback to raft.server.rpc.timeout.min)
2023-04-21 06:18:36,915 [89310092-6a08-4a04-ad3d-d7c31a3b6af8@group-8A928EAD5328-FollowerState] INFO  server.RaftServerConfigKeys (ConfUtils.java:logFallback(53)) - raft.server.rpc.first-election.timeout.max = 5200ms (fallback to raft.server.rpc.timeout.max)
2023-04-21 06:18:36,916 [acf62409-eb7d-4a8d-bf49-c09672ff1fd3@group-F7F59576AD21-SegmentedRaftLogWorker] INFO  segmented.SegmentedRaftLogWorker (SegmentedRaftLogWorker.java:execute(656)) - acf62409-eb7d-4a8d-bf49-c09672ff1fd3@group-F7F59576AD21-SegmentedRaftLogWorker: created new log segment /home/runner/work/ozone/ozone/hadoop-ozone/integration-test/target/test-dir/MiniOzoneClusterImpl-5df7d698-6c9a-4a75-b3ca-6c6997f7fa13/datanode-2/data/ratis/908356c2-a06b-487d-989e-f7f59576ad21/current/log_inprogress_0
2023-04-21 06:18:36,917 [e741532c-559f-497b-a202-f4f9d9b61a12@group-F7F59576AD21-SegmentedRaftLogWorker] INFO  segmented.SegmentedRaftLogWorker (SegmentedRaftLogWorker.java:execute(656)) - e741532c-559f-497b-a202-f4f9d9b61a12@group-F7F59576AD21-SegmentedRaftLogWorker: created new log segment /home/runner/work/ozone/ozone/hadoop-ozone/integration-test/target/test-dir/MiniOzoneClusterImpl-5df7d698-6c9a-4a75-b3ca-6c6997f7fa13/datanode-0/data/ratis/908356c2-a06b-487d-989e-f7f59576ad21/current/log_inprogress_0
2023-04-21 06:18:36,917 [grpc-default-executor-2] INFO  server.RaftServer$Division (RaftServerImpl.java:requestVote(1251)) - 89310092-6a08-4a04-ad3d-d7c31a3b6af8@group-8A928EAD5328 replies to ELECTION vote request: e741532c-559f-497b-a202-f4f9d9b61a12<-89310092-6a08-4a04-ad3d-d7c31a3b6af8#0:OK-t1. Peer's state: 89310092-6a08-4a04-ad3d-d7c31a3b6af8@group-8A928EAD5328:t1, leader=null, voted=e741532c-559f-497b-a202-f4f9d9b61a12, raftlog=Memoized:89310092-6a08-4a04-ad3d-d7c31a3b6af8@group-8A928EAD5328-SegmentedRaftLog:OPENED:c-1, conf=-1: peers:[e741532c-559f-497b-a202-f4f9d9b61a12|rpc:10.1.0.35:43445|dataStream:10.1.0.35:40381|priority:1|startupRole:FOLLOWER, 89310092-6a08-4a04-ad3d-d7c31a3b6af8|rpc:10.1.0.35:39263|dataStream:10.1.0.35:39791|priority:0|startupRole:FOLLOWER, acf62409-eb7d-4a8d-bf49-c09672ff1fd3|rpc:10.1.0.35:37499|dataStream:10.1.0.35:32899|priority:0|startupRole:FOLLOWER]|listeners:[], old=null
2023-04-21 06:18:36,919 [e741532c-559f-497b-a202-f4f9d9b61a12@group-8A928EAD5328-LeaderElection45] INFO  impl.LeaderElection (LeaderElection.java:logAndReturn(90)) - e741532c-559f-497b-a202-f4f9d9b61a12@group-8A928EAD5328-LeaderElection45: ELECTION PASSED received 1 response(s) and 0 exception(s):
2023-04-21 06:18:36,919 [e741532c-559f-497b-a202-f4f9d9b61a12@group-8A928EAD5328-LeaderElection45] INFO  impl.LeaderElection (LeaderElection.java:logAndReturn(94)) -   Response 0: e741532c-559f-497b-a202-f4f9d9b61a12<-89310092-6a08-4a04-ad3d-d7c31a3b6af8#0:OK-t1
2023-04-21 06:18:36,919 [e741532c-559f-497b-a202-f4f9d9b61a12@group-8A928EAD5328-LeaderElection45] INFO  impl.LeaderElection (LeaderElection.java:askForVotes(314)) - e741532c-559f-497b-a202-f4f9d9b61a12@group-8A928EAD5328-LeaderElection45 ELECTION round 0: result PASSED
2023-04-21 06:18:36,919 [e741532c-559f-497b-a202-f4f9d9b61a12@group-8A928EAD5328-LeaderElection45] INFO  impl.RoleInfo (RoleInfo.java:shutdownLeaderElection(130)) - e741532c-559f-497b-a202-f4f9d9b61a12: shutdown e741532c-559f-497b-a202-f4f9d9b61a12@group-8A928EAD5328-LeaderElection45
2023-04-21 06:18:36,919 [e741532c-559f-497b-a202-f4f9d9b61a12@group-8A928EAD5328-LeaderElection45] INFO  server.RaftServer$Division (RaftServerImpl.java:setRole(321)) - e741532c-559f-497b-a202-f4f9d9b61a12@group-8A928EAD5328: changes role from CANDIDATE to LEADER at term 1 for changeToLeader
2023-04-21 06:18:36,919 [e741532c-559f-497b-a202-f4f9d9b61a12@group-8A928EAD5328-LeaderElection45] INFO  ratis.XceiverServerRatis (XceiverServerRatis.java:handleLeaderChangedNotification(904)) - Leader change notification received for group: group-8A928EAD5328 with new leaderId: e741532c-559f-497b-a202-f4f9d9b61a12
2023-04-21 06:18:36,919 [e741532c-559f-497b-a202-f4f9d9b61a12@group-8A928EAD5328-LeaderElection45] INFO  server.RaftServer$Division (ServerState.java:setLeader(313)) - e741532c-559f-497b-a202-f4f9d9b61a12@group-8A928EAD5328: change Leader from null to e741532c-559f-497b-a202-f4f9d9b61a12 at term 1 for becomeLeader, leader elected after 5227ms
2023-04-21 06:18:36,919 [e741532c-559f-497b-a202-f4f9d9b61a12@group-8A928EAD5328-LeaderElection45] INFO  server.RaftServerConfigKeys (ConfUtils.java:logGet(46)) - raft.server.staging.catchup.gap = 1000 (default)
2023-04-21 06:18:36,919 [e741532c-559f-497b-a202-f4f9d9b61a12@group-8A928EAD5328-LeaderElection45] INFO  server.RaftServerConfigKeys (ConfUtils.java:logGet(46)) - raft.server.write.element-limit = 1024 (custom)
2023-04-21 06:18:36,919 [e741532c-559f-497b-a202-f4f9d9b61a12@group-8A928EAD5328-LeaderElection45] INFO  server.RaftServerConfigKeys (ConfUtils.java:logGet(46)) - raft.server.write.byte-limit = 1024 M (=1073741824) (custom)
2023-04-21 06:18:36,919 [e741532c-559f-497b-a202-f4f9d9b61a12@group-8A928EAD5328-LeaderElection45] INFO  server.RaftServerConfigKeys (ConfUtils.java:logGet(46)) - raft.server.watch.timeout = 180s (custom)
2023-04-21 06:18:36,919 [e741532c-559f-497b-a202-f4f9d9b61a12@group-8A928EAD5328-LeaderElection45] INFO  server.RaftServerConfigKeys (ConfUtils.java:logGet(46)) - raft.server.watch.timeout.denomination = 1s (default)
2023-04-21 06:18:36,919 [e741532c-559f-497b-a202-f4f9d9b61a12@group-8A928EAD5328-LeaderElection45] INFO  server.RaftServerConfigKeys (ConfUtils.java:logGet(46)) - raft.server.watch.element-limit = 65536 (default)
2023-04-21 06:18:36,919 [e741532c-559f-497b-a202-f4f9d9b61a12@group-8A928EAD5328-LeaderElection45] INFO  server.RaftServerConfigKeys (ConfUtils.java:logGet(46)) - raft.server.write.element-limit = 1024 (custom)
2023-04-21 06:18:36,919 [e741532c-559f-497b-a202-f4f9d9b61a12@group-8A928EAD5328-LeaderElection45] INFO  server.RaftServerConfigKeys (ConfUtils.java:logGet(46)) - raft.server.write.follower.gap.ratio.max = -1.0 (default)
2023-04-21 06:18:36,920 [e741532c-559f-497b-a202-f4f9d9b61a12@group-8A928EAD5328-LeaderElection45] INFO  server.RaftServerConfigKeys (ConfUtils.java:logGet(46)) - raft.server.log.appender.snapshot.chunk.size.max = 16MB (=16777216) (default)
2023-04-21 06:18:36,920 [e741532c-559f-497b-a202-f4f9d9b61a12@group-8A928EAD5328-LeaderElection45] INFO  server.RaftServerConfigKeys (ConfUtils.java:logGet(46)) - raft.server.log.appender.buffer.byte-limit = 33554432 (custom)
2023-04-21 06:18:36,920 [e741532c-559f-497b-a202-f4f9d9b61a12@group-8A928EAD5328-LeaderElection45] INFO  server.RaftServerConfigKeys (ConfUtils.java:logGet(46)) - raft.server.log.appender.buffer.element-limit = 1 (custom)
2023-04-21 06:18:36,920 [e741532c-559f-497b-a202-f4f9d9b61a12@group-8A928EAD5328-LeaderElection45] INFO  grpc.GrpcConfigKeys (ConfUtils.java:logGet(46)) - raft.grpc.server.leader.outstanding.appends.max = 128 (default)
2023-04-21 06:18:36,920 [e741532c-559f-497b-a202-f4f9d9b61a12@group-8A928EAD5328-LeaderElection45] INFO  server.RaftServerConfigKeys (ConfUtils.java:logGet(46)) - raft.server.rpc.request.timeout = 60s (custom)
2023-04-21 06:18:36,920 [e741532c-559f-497b-a202-f4f9d9b61a12@group-8A928EAD5328-LeaderElection45] INFO  server.RaftServerConfigKeys (ConfUtils.java:logGet(46)) - raft.server.log.appender.install.snapshot.enabled = false (custom)
2023-04-21 06:18:36,920 [e741532c-559f-497b-a202-f4f9d9b61a12@group-8A928EAD5328-LeaderElection45] INFO  grpc.GrpcConfigKeys (ConfUtils.java:logGet(46)) - raft.grpc.server.heartbeat.channel = true (default)
2023-04-21 06:18:36,920 [e741532c-559f-497b-a202-f4f9d9b61a12@group-8A928EAD5328-LeaderElection45] INFO  server.RaftServerConfigKeys (ConfUtils.java:logGet(46)) - raft.server.log.appender.wait-time.min = 10ms (default)
2023-04-21 06:18:36,920 [e741532c-559f-497b-a202-f4f9d9b61a12@group-8A928EAD5328-LeaderElection45] INFO  server.RaftServerConfigKeys (ConfUtils.java:logGet(46)) - raft.server.log.appender.snapshot.chunk.size.max = 16MB (=16777216) (default)
2023-04-21 06:18:36,920 [e741532c-559f-497b-a202-f4f9d9b61a12@group-8A928EAD5328-LeaderElection45] INFO  server.RaftServerConfigKeys (ConfUtils.java:logGet(46)) - raft.server.log.appender.buffer.byte-limit = 33554432 (custom)
2023-04-21 06:18:36,921 [e741532c-559f-497b-a202-f4f9d9b61a12@group-8A928EAD5328-LeaderElection45] INFO  server.RaftServerConfigKeys (ConfUtils.java:logGet(46)) - raft.server.log.appender.buffer.element-limit = 1 (custom)
2023-04-21 06:18:36,921 [e741532c-559f-497b-a202-f4f9d9b61a12@group-8A928EAD5328-LeaderElection45] INFO  grpc.GrpcConfigKeys (ConfUtils.java:logGet(46)) - raft.grpc.server.leader.outstanding.appends.max = 128 (default)
2023-04-21 06:18:36,921 [e741532c-559f-497b-a202-f4f9d9b61a12@group-8A928EAD5328-LeaderElection45] INFO  server.RaftServerConfigKeys (ConfUtils.java:logGet(46)) - raft.server.rpc.request.timeout = 60s (custom)
2023-04-21 06:18:36,921 [e741532c-559f-497b-a202-f4f9d9b61a12@group-8A928EAD5328-LeaderElection45] INFO  server.RaftServerConfigKeys (ConfUtils.java:logGet(46)) - raft.server.log.appender.install.snapshot.enabled = false (custom)
2023-04-21 06:18:36,921 [e741532c-559f-497b-a202-f4f9d9b61a12@group-8A928EAD5328-LeaderElection45] INFO  grpc.GrpcConfigKeys (ConfUtils.java:logGet(46)) - raft.grpc.server.heartbeat.channel = true (default)
2023-04-21 06:18:36,921 [e741532c-559f-497b-a202-f4f9d9b61a12@group-8A928EAD5328-LeaderElection45] INFO  server.RaftServerConfigKeys (ConfUtils.java:logGet(46)) - raft.server.log.appender.wait-time.min = 10ms (default)
2023-04-21 06:18:36,921 [e741532c-559f-497b-a202-f4f9d9b61a12@group-8A928EAD5328-LeaderElection45] INFO  impl.RoleInfo (RoleInfo.java:updateAndGet(139)) - e741532c-559f-497b-a202-f4f9d9b61a12: start e741532c-559f-497b-a202-f4f9d9b61a12@group-8A928EAD5328-LeaderStateImpl
2023-04-21 06:18:36,921 [e741532c-559f-497b-a202-f4f9d9b61a12@group-8A928EAD5328-LeaderElection45] INFO  segmented.SegmentedRaftLogWorker (SegmentedRaftLogWorker.java:startLogSegment(452)) - e741532c-559f-497b-a202-f4f9d9b61a12@group-8A928EAD5328-SegmentedRaftLogWorker: Starting segment from index:0
2023-04-21 06:18:36,923 [EventQueue-PipelineReportForPipelineReportHandler] INFO  pipeline.PipelineManagerImpl (PipelineManagerImpl.java:openPipeline(367)) - Pipeline Pipeline[ Id: 48fd6bb0-5678-43ae-95cc-8a928ead5328, Nodes: 89310092-6a08-4a04-ad3d-d7c31a3b6af8(fv-az205-422/10.1.0.35)e741532c-559f-497b-a202-f4f9d9b61a12(fv-az205-422/10.1.0.35)acf62409-eb7d-4a8d-bf49-c09672ff1fd3(fv-az205-422/10.1.0.35), ReplicationConfig: RATIS/THREE, State:ALLOCATED, leaderId:e741532c-559f-497b-a202-f4f9d9b61a12, CreationTimestamp2023-04-21T06:18:29.217Z[Etc/UTC]] moved to OPEN state
2023-04-21 06:18:36,923 [e741532c-559f-497b-a202-f4f9d9b61a12@group-8A928EAD5328-SegmentedRaftLogWorker] INFO  segmented.SegmentedRaftLogWorker (SegmentedRaftLogWorker.java:execute(656)) - e741532c-559f-497b-a202-f4f9d9b61a12@group-8A928EAD5328-SegmentedRaftLogWorker: created new log segment /home/runner/work/ozone/ozone/hadoop-ozone/integration-test/target/test-dir/MiniOzoneClusterImpl-5df7d698-6c9a-4a75-b3ca-6c6997f7fa13/datanode-0/data/ratis/48fd6bb0-5678-43ae-95cc-8a928ead5328/current/log_inprogress_0
2023-04-21 06:18:36,927 [grpc-default-executor-5] INFO  server.RaftServer$Division (RaftServerImpl.java:requestVote(1218)) - acf62409-eb7d-4a8d-bf49-c09672ff1fd3@group-8A928EAD5328: receive requestVote(ELECTION, e741532c-559f-497b-a202-f4f9d9b61a12, group-8A928EAD5328, 1, (t:0, i:0))
2023-04-21 06:18:36,927 [grpc-default-executor-5] INFO  impl.VoteContext (VoteContext.java:log(49)) - acf62409-eb7d-4a8d-bf49-c09672ff1fd3@group-8A928EAD5328-FOLLOWER: accept ELECTION from e741532c-559f-497b-a202-f4f9d9b61a12: our priority 0 <= candidate's priority 1
2023-04-21 06:18:36,927 [grpc-default-executor-5] INFO  server.RaftServer$Division (RaftServerImpl.java:setRole(321)) - acf62409-eb7d-4a8d-bf49-c09672ff1fd3@group-8A928EAD5328: changes role from  FOLLOWER to FOLLOWER at term 1 for candidate:e741532c-559f-497b-a202-f4f9d9b61a12
2023-04-21 06:18:36,927 [grpc-default-executor-5] INFO  impl.RoleInfo (RoleInfo.java:shutdownFollowerState(110)) - acf62409-eb7d-4a8d-bf49-c09672ff1fd3: shutdown acf62409-eb7d-4a8d-bf49-c09672ff1fd3@group-8A928EAD5328-FollowerState
2023-04-21 06:18:36,934 [acf62409-eb7d-4a8d-bf49-c09672ff1fd3@group-8A928EAD5328-FollowerState] INFO  impl.FollowerState (FollowerState.java:run(152)) - acf62409-eb7d-4a8d-bf49-c09672ff1fd3@group-8A928EAD5328-FollowerState was interrupted
2023-04-21 06:18:36,938 [grpc-default-executor-5] INFO  impl.RoleInfo (RoleInfo.java:updateAndGet(139)) - acf62409-eb7d-4a8d-bf49-c09672ff1fd3: start acf62409-eb7d-4a8d-bf49-c09672ff1fd3@group-8A928EAD5328-FollowerState
2023-04-21 06:18:36,938 [e741532c-559f-497b-a202-f4f9d9b61a12@group-8A928EAD5328-LeaderElection45] INFO  server.RaftServer$Division (ServerState.java:setRaftConf(430)) - e741532c-559f-497b-a202-f4f9d9b61a12@group-8A928EAD5328: set configuration 0: peers:[e741532c-559f-497b-a202-f4f9d9b61a12|rpc:10.1.0.35:43445|dataStream:10.1.0.35:40381|priority:1|startupRole:FOLLOWER, 89310092-6a08-4a04-ad3d-d7c31a3b6af8|rpc:10.1.0.35:39263|dataStream:10.1.0.35:39791|priority:0|startupRole:FOLLOWER, acf62409-eb7d-4a8d-bf49-c09672ff1fd3|rpc:10.1.0.35:37499|dataStream:10.1.0.35:32899|priority:0|startupRole:FOLLOWER]|listeners:[], old=null
2023-04-21 06:18:36,948 [acf62409-eb7d-4a8d-bf49-c09672ff1fd3@group-8A928EAD5328-FollowerState] INFO  server.RaftServerConfigKeys (ConfUtils.java:logFallback(53)) - raft.server.rpc.first-election.timeout.min = 5s (fallback to raft.server.rpc.timeout.min)
2023-04-21 06:18:36,948 [acf62409-eb7d-4a8d-bf49-c09672ff1fd3@group-8A928EAD5328-FollowerState] INFO  server.RaftServerConfigKeys (ConfUtils.java:logFallback(53)) - raft.server.rpc.first-election.timeout.max = 5200ms (fallback to raft.server.rpc.timeout.max)
2023-04-21 06:18:36,951 [grpc-default-executor-5] INFO  server.RaftServer$Division (RaftServerImpl.java:requestVote(1251)) - acf62409-eb7d-4a8d-bf49-c09672ff1fd3@group-8A928EAD5328 replies to ELECTION vote request: e741532c-559f-497b-a202-f4f9d9b61a12<-acf62409-eb7d-4a8d-bf49-c09672ff1fd3#0:OK-t1. Peer's state: acf62409-eb7d-4a8d-bf49-c09672ff1fd3@group-8A928EAD5328:t1, leader=null, voted=e741532c-559f-497b-a202-f4f9d9b61a12, raftlog=Memoized:acf62409-eb7d-4a8d-bf49-c09672ff1fd3@group-8A928EAD5328-SegmentedRaftLog:OPENED:c-1, conf=-1: peers:[e741532c-559f-497b-a202-f4f9d9b61a12|rpc:10.1.0.35:43445|dataStream:10.1.0.35:40381|priority:1|startupRole:FOLLOWER, 89310092-6a08-4a04-ad3d-d7c31a3b6af8|rpc:10.1.0.35:39263|dataStream:10.1.0.35:39791|priority:0|startupRole:FOLLOWER, acf62409-eb7d-4a8d-bf49-c09672ff1fd3|rpc:10.1.0.35:37499|dataStream:10.1.0.35:32899|priority:0|startupRole:FOLLOWER]|listeners:[], old=null
2023-04-21 06:18:36,958 [89310092-6a08-4a04-ad3d-d7c31a3b6af8-server-thread2] INFO  ratis.XceiverServerRatis (XceiverServerRatis.java:handleLeaderChangedNotification(904)) - Leader change notification received for group: group-8A928EAD5328 with new leaderId: e741532c-559f-497b-a202-f4f9d9b61a12
2023-04-21 06:18:36,958 [89310092-6a08-4a04-ad3d-d7c31a3b6af8-server-thread2] INFO  server.RaftServer$Division (ServerState.java:setLeader(313)) - 89310092-6a08-4a04-ad3d-d7c31a3b6af8@group-8A928EAD5328: change Leader from null to e741532c-559f-497b-a202-f4f9d9b61a12 at term 1 for appendEntries, leader elected after 5240ms
2023-04-21 06:18:36,963 [89310092-6a08-4a04-ad3d-d7c31a3b6af8-server-thread2] INFO  server.RaftServer$Division (ServerState.java:setRaftConf(430)) - 89310092-6a08-4a04-ad3d-d7c31a3b6af8@group-8A928EAD5328: set configuration 0: peers:[e741532c-559f-497b-a202-f4f9d9b61a12|rpc:10.1.0.35:43445|dataStream:10.1.0.35:40381|priority:1|startupRole:FOLLOWER, 89310092-6a08-4a04-ad3d-d7c31a3b6af8|rpc:10.1.0.35:39263|dataStream:10.1.0.35:39791|priority:0|startupRole:FOLLOWER, acf62409-eb7d-4a8d-bf49-c09672ff1fd3|rpc:10.1.0.35:37499|dataStream:10.1.0.35:32899|priority:0|startupRole:FOLLOWER]|listeners:[], old=null
2023-04-21 06:18:36,963 [89310092-6a08-4a04-ad3d-d7c31a3b6af8-server-thread2] INFO  segmented.SegmentedRaftLogWorker (SegmentedRaftLogWorker.java:startLogSegment(452)) - 89310092-6a08-4a04-ad3d-d7c31a3b6af8@group-8A928EAD5328-SegmentedRaftLogWorker: Starting segment from index:0
2023-04-21 06:18:36,964 [acf62409-eb7d-4a8d-bf49-c09672ff1fd3-server-thread2] INFO  ratis.XceiverServerRatis (XceiverServerRatis.java:handleLeaderChangedNotification(904)) - Leader change notification received for group: group-8A928EAD5328 with new leaderId: e741532c-559f-497b-a202-f4f9d9b61a12
2023-04-21 06:18:36,964 [acf62409-eb7d-4a8d-bf49-c09672ff1fd3-server-thread2] INFO  server.RaftServer$Division (ServerState.java:setLeader(313)) - acf62409-eb7d-4a8d-bf49-c09672ff1fd3@group-8A928EAD5328: change Leader from null to e741532c-559f-497b-a202-f4f9d9b61a12 at term 1 for appendEntries, leader elected after 5219ms
2023-04-21 06:18:36,967 [acf62409-eb7d-4a8d-bf49-c09672ff1fd3-server-thread2] INFO  server.RaftServer$Division (ServerState.java:setRaftConf(430)) - acf62409-eb7d-4a8d-bf49-c09672ff1fd3@group-8A928EAD5328: set configuration 0: peers:[e741532c-559f-497b-a202-f4f9d9b61a12|rpc:10.1.0.35:43445|dataStream:10.1.0.35:40381|priority:1|startupRole:FOLLOWER, 89310092-6a08-4a04-ad3d-d7c31a3b6af8|rpc:10.1.0.35:39263|dataStream:10.1.0.35:39791|priority:0|startupRole:FOLLOWER, acf62409-eb7d-4a8d-bf49-c09672ff1fd3|rpc:10.1.0.35:37499|dataStream:10.1.0.35:32899|priority:0|startupRole:FOLLOWER]|listeners:[], old=null
2023-04-21 06:18:36,967 [acf62409-eb7d-4a8d-bf49-c09672ff1fd3-server-thread2] INFO  segmented.SegmentedRaftLogWorker (SegmentedRaftLogWorker.java:startLogSegment(452)) - acf62409-eb7d-4a8d-bf49-c09672ff1fd3@group-8A928EAD5328-SegmentedRaftLogWorker: Starting segment from index:0
2023-04-21 06:18:36,970 [89310092-6a08-4a04-ad3d-d7c31a3b6af8@group-8A928EAD5328-SegmentedRaftLogWorker] INFO  segmented.SegmentedRaftLogWorker (SegmentedRaftLogWorker.java:execute(656)) - 89310092-6a08-4a04-ad3d-d7c31a3b6af8@group-8A928EAD5328-SegmentedRaftLogWorker: created new log segment /home/runner/work/ozone/ozone/hadoop-ozone/integration-test/target/test-dir/MiniOzoneClusterImpl-5df7d698-6c9a-4a75-b3ca-6c6997f7fa13/datanode-1/data/ratis/48fd6bb0-5678-43ae-95cc-8a928ead5328/current/log_inprogress_0
2023-04-21 06:18:36,971 [acf62409-eb7d-4a8d-bf49-c09672ff1fd3@group-8A928EAD5328-SegmentedRaftLogWorker] INFO  segmented.SegmentedRaftLogWorker (SegmentedRaftLogWorker.java:execute(656)) - acf62409-eb7d-4a8d-bf49-c09672ff1fd3@group-8A928EAD5328-SegmentedRaftLogWorker: created new log segment /home/runner/work/ozone/ozone/hadoop-ozone/integration-test/target/test-dir/MiniOzoneClusterImpl-5df7d698-6c9a-4a75-b3ca-6c6997f7fa13/datanode-2/data/ratis/48fd6bb0-5678-43ae-95cc-8a928ead5328/current/log_inprogress_0
2023-04-21 06:18:37,035 [89310092-6a08-4a04-ad3d-d7c31a3b6af8@group-D015C65811E2-FollowerState] INFO  impl.FollowerState (FollowerState.java:run(143)) - 89310092-6a08-4a04-ad3d-d7c31a3b6af8@group-D015C65811E2-FollowerState: change to CANDIDATE, lastRpcElapsedTime:5125575515ns, electionTimeout:5125ms
2023-04-21 06:18:37,035 [89310092-6a08-4a04-ad3d-d7c31a3b6af8@group-D015C65811E2-FollowerState] INFO  impl.RoleInfo (RoleInfo.java:shutdownFollowerState(110)) - 89310092-6a08-4a04-ad3d-d7c31a3b6af8: shutdown 89310092-6a08-4a04-ad3d-d7c31a3b6af8@group-D015C65811E2-FollowerState
2023-04-21 06:18:37,036 [89310092-6a08-4a04-ad3d-d7c31a3b6af8@group-D015C65811E2-FollowerState] INFO  server.RaftServer$Division (RaftServerImpl.java:setRole(321)) - 89310092-6a08-4a04-ad3d-d7c31a3b6af8@group-D015C65811E2: changes role from  FOLLOWER to CANDIDATE at term 0 for changeToCandidate
2023-04-21 06:18:37,036 [89310092-6a08-4a04-ad3d-d7c31a3b6af8@group-D015C65811E2-FollowerState] INFO  server.RaftServerConfigKeys (ConfUtils.java:logGet(46)) - raft.server.leaderelection.pre-vote = true (default)
2023-04-21 06:18:37,036 [89310092-6a08-4a04-ad3d-d7c31a3b6af8@group-D015C65811E2-FollowerState] INFO  impl.RoleInfo (RoleInfo.java:updateAndGet(139)) - 89310092-6a08-4a04-ad3d-d7c31a3b6af8: start 89310092-6a08-4a04-ad3d-d7c31a3b6af8@group-D015C65811E2-LeaderElection46
2023-04-21 06:18:37,044 [89310092-6a08-4a04-ad3d-d7c31a3b6af8@group-D015C65811E2-LeaderElection46] INFO  impl.LeaderElection (LeaderElection.java:askForVotes(312)) - 89310092-6a08-4a04-ad3d-d7c31a3b6af8@group-D015C65811E2-LeaderElection46 PRE_VOTE round 0: submit vote requests at term 0 for -1: peers:[89310092-6a08-4a04-ad3d-d7c31a3b6af8|rpc:10.1.0.35:39263|dataStream:10.1.0.35:39791|priority:1|startupRole:FOLLOWER]|listeners:[], old=null
2023-04-21 06:18:37,044 [89310092-6a08-4a04-ad3d-d7c31a3b6af8@group-D015C65811E2-LeaderElection46] INFO  impl.LeaderElection (LeaderElection.java:askForVotes(314)) - 89310092-6a08-4a04-ad3d-d7c31a3b6af8@group-D015C65811E2-LeaderElection46 PRE_VOTE round 0: result PASSED (term=0)
2023-04-21 06:18:37,047 [89310092-6a08-4a04-ad3d-d7c31a3b6af8@group-D015C65811E2-LeaderElection46] INFO  impl.LeaderElection (LeaderElection.java:askForVotes(312)) - 89310092-6a08-4a04-ad3d-d7c31a3b6af8@group-D015C65811E2-LeaderElection46 ELECTION round 0: submit vote requests at term 1 for -1: peers:[89310092-6a08-4a04-ad3d-d7c31a3b6af8|rpc:10.1.0.35:39263|dataStream:10.1.0.35:39791|priority:1|startupRole:FOLLOWER]|listeners:[], old=null
2023-04-21 06:18:37,047 [89310092-6a08-4a04-ad3d-d7c31a3b6af8@group-D015C65811E2-LeaderElection46] INFO  impl.LeaderElection (LeaderElection.java:askForVotes(314)) - 89310092-6a08-4a04-ad3d-d7c31a3b6af8@group-D015C65811E2-LeaderElection46 ELECTION round 0: result PASSED (term=1)
2023-04-21 06:18:37,047 [89310092-6a08-4a04-ad3d-d7c31a3b6af8@group-D015C65811E2-LeaderElection46] INFO  impl.RoleInfo (RoleInfo.java:shutdownLeaderElection(130)) - 89310092-6a08-4a04-ad3d-d7c31a3b6af8: shutdown 89310092-6a08-4a04-ad3d-d7c31a3b6af8@group-D015C65811E2-LeaderElection46
2023-04-21 06:18:37,047 [89310092-6a08-4a04-ad3d-d7c31a3b6af8@group-D015C65811E2-LeaderElection46] INFO  server.RaftServer$Division (RaftServerImpl.java:setRole(321)) - 89310092-6a08-4a04-ad3d-d7c31a3b6af8@group-D015C65811E2: changes role from CANDIDATE to LEADER at term 1 for changeToLeader
2023-04-21 06:18:37,047 [89310092-6a08-4a04-ad3d-d7c31a3b6af8@group-D015C65811E2-LeaderElection46] INFO  ratis.XceiverServerRatis (XceiverServerRatis.java:handleLeaderChangedNotification(904)) - Leader change notification received for group: group-D015C65811E2 with new leaderId: 89310092-6a08-4a04-ad3d-d7c31a3b6af8
2023-04-21 06:18:37,047 [89310092-6a08-4a04-ad3d-d7c31a3b6af8@group-D015C65811E2-LeaderElection46] INFO  server.RaftServer$Division (ServerState.java:setLeader(313)) - 89310092-6a08-4a04-ad3d-d7c31a3b6af8@group-D015C65811E2: change Leader from null to 89310092-6a08-4a04-ad3d-d7c31a3b6af8 at term 1 for becomeLeader, leader elected after 5150ms
2023-04-21 06:18:37,047 [89310092-6a08-4a04-ad3d-d7c31a3b6af8@group-D015C65811E2-LeaderElection46] INFO  server.RaftServerConfigKeys (ConfUtils.java:logGet(46)) - raft.server.staging.catchup.gap = 1000 (default)
2023-04-21 06:18:37,049 [89310092-6a08-4a04-ad3d-d7c31a3b6af8@group-D015C65811E2-LeaderElection46] INFO  server.RaftServerConfigKeys (ConfUtils.java:logGet(46)) - raft.server.write.element-limit = 1024 (custom)
2023-04-21 06:18:37,049 [89310092-6a08-4a04-ad3d-d7c31a3b6af8@group-D015C65811E2-LeaderElection46] INFO  server.RaftServerConfigKeys (ConfUtils.java:logGet(46)) - raft.server.write.byte-limit = 1024 M (=1073741824) (custom)
2023-04-21 06:18:37,049 [89310092-6a08-4a04-ad3d-d7c31a3b6af8@group-D015C65811E2-LeaderElection46] INFO  server.RaftServerConfigKeys (ConfUtils.java:logGet(46)) - raft.server.watch.timeout = 180s (custom)
2023-04-21 06:18:37,049 [89310092-6a08-4a04-ad3d-d7c31a3b6af8@group-D015C65811E2-LeaderElection46] INFO  server.RaftServerConfigKeys (ConfUtils.java:logGet(46)) - raft.server.watch.timeout.denomination = 1s (default)
2023-04-21 06:18:37,049 [89310092-6a08-4a04-ad3d-d7c31a3b6af8@group-D015C65811E2-LeaderElection46] INFO  server.RaftServerConfigKeys (ConfUtils.java:logGet(46)) - raft.server.watch.element-limit = 65536 (default)
2023-04-21 06:18:37,049 [89310092-6a08-4a04-ad3d-d7c31a3b6af8@group-D015C65811E2-LeaderElection46] INFO  server.RaftServerConfigKeys (ConfUtils.java:logGet(46)) - raft.server.write.element-limit = 1024 (custom)
2023-04-21 06:18:37,049 [89310092-6a08-4a04-ad3d-d7c31a3b6af8@group-D015C65811E2-LeaderElection46] INFO  server.RaftServerConfigKeys (ConfUtils.java:logGet(46)) - raft.server.write.follower.gap.ratio.max = -1.0 (default)
2023-04-21 06:18:37,049 [89310092-6a08-4a04-ad3d-d7c31a3b6af8@group-D015C65811E2-LeaderElection46] INFO  impl.RoleInfo (RoleInfo.java:updateAndGet(139)) - 89310092-6a08-4a04-ad3d-d7c31a3b6af8: start 89310092-6a08-4a04-ad3d-d7c31a3b6af8@group-D015C65811E2-LeaderStateImpl
2023-04-21 06:18:37,051 [89310092-6a08-4a04-ad3d-d7c31a3b6af8@group-D015C65811E2-LeaderElection46] INFO  segmented.SegmentedRaftLogWorker (SegmentedRaftLogWorker.java:startLogSegment(452)) - 89310092-6a08-4a04-ad3d-d7c31a3b6af8@group-D015C65811E2-SegmentedRaftLogWorker: Starting segment from index:0
2023-04-21 06:18:37,052 [89310092-6a08-4a04-ad3d-d7c31a3b6af8@group-D015C65811E2-SegmentedRaftLogWorker] INFO  segmented.SegmentedRaftLogWorker (SegmentedRaftLogWorker.java:execute(656)) - 89310092-6a08-4a04-ad3d-d7c31a3b6af8@group-D015C65811E2-SegmentedRaftLogWorker: created new log segment /home/runner/work/ozone/ozone/hadoop-ozone/integration-test/target/test-dir/MiniOzoneClusterImpl-5df7d698-6c9a-4a75-b3ca-6c6997f7fa13/datanode-1/data/ratis/443fde9c-a019-4cb4-97af-d015c65811e2/current/log_inprogress_0
2023-04-21 06:18:37,065 [89310092-6a08-4a04-ad3d-d7c31a3b6af8@group-D015C65811E2-LeaderElection46] INFO  server.RaftServer$Division (ServerState.java:setRaftConf(430)) - 89310092-6a08-4a04-ad3d-d7c31a3b6af8@group-D015C65811E2: set configuration 0: peers:[89310092-6a08-4a04-ad3d-d7c31a3b6af8|rpc:10.1.0.35:39263|dataStream:10.1.0.35:39791|priority:1|startupRole:FOLLOWER]|listeners:[], old=null
2023-04-21 06:18:37,214 [Listener at 127.0.0.1/41999] INFO  ozone.MiniOzoneClusterImpl (MiniOzoneClusterImpl.java:lambda$waitForClusterToBeReady$0(223)) - Nodes are ready. Got 3 of 3 DN Heartbeats.
2023-04-21 06:18:37,214 [Listener at 127.0.0.1/41999] INFO  ozone.MiniOzoneClusterImpl (MiniOzoneClusterImpl.java:lambda$waitForClusterToBeReady$0(226)) - Cluster exits safe mode
2023-04-21 06:18:37,214 [Listener at 127.0.0.1/41999] INFO  ozone.MiniOzoneClusterImpl (MiniOzoneClusterImpl.java:lambda$waitForClusterToBeReady$0(228)) - SCM became leader
2023-04-21 06:18:37,235 [acf62409-eb7d-4a8d-bf49-c09672ff1fd3@group-AAE080EAEAF1-FollowerState] INFO  impl.FollowerState (FollowerState.java:run(143)) - acf62409-eb7d-4a8d-bf49-c09672ff1fd3@group-AAE080EAEAF1-FollowerState: change to CANDIDATE, lastRpcElapsedTime:5010568856ns, electionTimeout:5010ms
2023-04-21 06:18:37,235 [acf62409-eb7d-4a8d-bf49-c09672ff1fd3@group-AAE080EAEAF1-FollowerState] INFO  impl.RoleInfo (RoleInfo.java:shutdownFollowerState(110)) - acf62409-eb7d-4a8d-bf49-c09672ff1fd3: shutdown acf62409-eb7d-4a8d-bf49-c09672ff1fd3@group-AAE080EAEAF1-FollowerState
2023-04-21 06:18:37,235 [acf62409-eb7d-4a8d-bf49-c09672ff1fd3@group-AAE080EAEAF1-FollowerState] INFO  server.RaftServer$Division (RaftServerImpl.java:setRole(321)) - acf62409-eb7d-4a8d-bf49-c09672ff1fd3@group-AAE080EAEAF1: changes role from  FOLLOWER to CANDIDATE at term 0 for changeToCandidate
2023-04-21 06:18:37,235 [acf62409-eb7d-4a8d-bf49-c09672ff1fd3@group-AAE080EAEAF1-FollowerState] INFO  server.RaftServerConfigKeys (ConfUtils.java:logGet(46)) - raft.server.leaderelection.pre-vote = true (default)
2023-04-21 06:18:37,235 [acf62409-eb7d-4a8d-bf49-c09672ff1fd3@group-AAE080EAEAF1-FollowerState] INFO  impl.RoleInfo (RoleInfo.java:updateAndGet(139)) - acf62409-eb7d-4a8d-bf49-c09672ff1fd3: start acf62409-eb7d-4a8d-bf49-c09672ff1fd3@group-AAE080EAEAF1-LeaderElection47
2023-04-21 06:18:37,237 [acf62409-eb7d-4a8d-bf49-c09672ff1fd3@group-AAE080EAEAF1-LeaderElection47] INFO  impl.LeaderElection (LeaderElection.java:askForVotes(312)) - acf62409-eb7d-4a8d-bf49-c09672ff1fd3@group-AAE080EAEAF1-LeaderElection47 PRE_VOTE round 0: submit vote requests at term 0 for -1: peers:[acf62409-eb7d-4a8d-bf49-c09672ff1fd3|rpc:10.1.0.35:37499|dataStream:10.1.0.35:32899|priority:1|startupRole:FOLLOWER]|listeners:[], old=null
2023-04-21 06:18:37,237 [acf62409-eb7d-4a8d-bf49-c09672ff1fd3@group-AAE080EAEAF1-LeaderElection47] INFO  impl.LeaderElection (LeaderElection.java:askForVotes(314)) - acf62409-eb7d-4a8d-bf49-c09672ff1fd3@group-AAE080EAEAF1-LeaderElection47 PRE_VOTE round 0: result PASSED (term=0)
2023-04-21 06:18:37,240 [acf62409-eb7d-4a8d-bf49-c09672ff1fd3@group-AAE080EAEAF1-LeaderElection47] INFO  impl.LeaderElection (LeaderElection.java:askForVotes(312)) - acf62409-eb7d-4a8d-bf49-c09672ff1fd3@group-AAE080EAEAF1-LeaderElection47 ELECTION round 0: submit vote requests at term 1 for -1: peers:[acf62409-eb7d-4a8d-bf49-c09672ff1fd3|rpc:10.1.0.35:37499|dataStream:10.1.0.35:32899|priority:1|startupRole:FOLLOWER]|listeners:[], old=null
2023-04-21 06:18:37,240 [acf62409-eb7d-4a8d-bf49-c09672ff1fd3@group-AAE080EAEAF1-LeaderElection47] INFO  impl.LeaderElection (LeaderElection.java:askForVotes(314)) - acf62409-eb7d-4a8d-bf49-c09672ff1fd3@group-AAE080EAEAF1-LeaderElection47 ELECTION round 0: result PASSED (term=1)
2023-04-21 06:18:37,240 [acf62409-eb7d-4a8d-bf49-c09672ff1fd3@group-AAE080EAEAF1-LeaderElection47] INFO  impl.RoleInfo (RoleInfo.java:shutdownLeaderElection(130)) - acf62409-eb7d-4a8d-bf49-c09672ff1fd3: shutdown acf62409-eb7d-4a8d-bf49-c09672ff1fd3@group-AAE080EAEAF1-LeaderElection47
2023-04-21 06:18:37,240 [acf62409-eb7d-4a8d-bf49-c09672ff1fd3@group-AAE080EAEAF1-LeaderElection47] INFO  server.RaftServer$Division (RaftServerImpl.java:setRole(321)) - acf62409-eb7d-4a8d-bf49-c09672ff1fd3@group-AAE080EAEAF1: changes role from CANDIDATE to LEADER at term 1 for changeToLeader
2023-04-21 06:18:37,240 [acf62409-eb7d-4a8d-bf49-c09672ff1fd3@group-AAE080EAEAF1-LeaderElection47] INFO  ratis.XceiverServerRatis (XceiverServerRatis.java:handleLeaderChangedNotification(904)) - Leader change notification received for group: group-AAE080EAEAF1 with new leaderId: acf62409-eb7d-4a8d-bf49-c09672ff1fd3
2023-04-21 06:18:37,240 [acf62409-eb7d-4a8d-bf49-c09672ff1fd3@group-AAE080EAEAF1-LeaderElection47] INFO  server.RaftServer$Division (ServerState.java:setLeader(313)) - acf62409-eb7d-4a8d-bf49-c09672ff1fd3@group-AAE080EAEAF1: change Leader from null to acf62409-eb7d-4a8d-bf49-c09672ff1fd3 at term 1 for becomeLeader, leader elected after 5028ms
2023-04-21 06:18:37,241 [acf62409-eb7d-4a8d-bf49-c09672ff1fd3@group-AAE080EAEAF1-LeaderElection47] INFO  server.RaftServerConfigKeys (ConfUtils.java:logGet(46)) - raft.server.staging.catchup.gap = 1000 (default)
2023-04-21 06:18:37,241 [acf62409-eb7d-4a8d-bf49-c09672ff1fd3@group-AAE080EAEAF1-LeaderElection47] INFO  server.RaftServerConfigKeys (ConfUtils.java:logGet(46)) - raft.server.write.element-limit = 1024 (custom)
2023-04-21 06:18:37,241 [acf62409-eb7d-4a8d-bf49-c09672ff1fd3@group-AAE080EAEAF1-LeaderElection47] INFO  server.RaftServerConfigKeys (ConfUtils.java:logGet(46)) - raft.server.write.byte-limit = 1024 M (=1073741824) (custom)
2023-04-21 06:18:37,241 [acf62409-eb7d-4a8d-bf49-c09672ff1fd3@group-AAE080EAEAF1-LeaderElection47] INFO  server.RaftServerConfigKeys (ConfUtils.java:logGet(46)) - raft.server.watch.timeout = 180s (custom)
2023-04-21 06:18:37,242 [acf62409-eb7d-4a8d-bf49-c09672ff1fd3@group-AAE080EAEAF1-LeaderElection47] INFO  server.RaftServerConfigKeys (ConfUtils.java:logGet(46)) - raft.server.watch.timeout.denomination = 1s (default)
2023-04-21 06:18:37,242 [acf62409-eb7d-4a8d-bf49-c09672ff1fd3@group-AAE080EAEAF1-LeaderElection47] INFO  server.RaftServerConfigKeys (ConfUtils.java:logGet(46)) - raft.server.watch.element-limit = 65536 (default)
2023-04-21 06:18:37,242 [acf62409-eb7d-4a8d-bf49-c09672ff1fd3@group-AAE080EAEAF1-LeaderElection47] INFO  server.RaftServerConfigKeys (ConfUtils.java:logGet(46)) - raft.server.write.element-limit = 1024 (custom)
2023-04-21 06:18:37,242 [acf62409-eb7d-4a8d-bf49-c09672ff1fd3@group-AAE080EAEAF1-LeaderElection47] INFO  server.RaftServerConfigKeys (ConfUtils.java:logGet(46)) - raft.server.write.follower.gap.ratio.max = -1.0 (default)
2023-04-21 06:18:37,242 [acf62409-eb7d-4a8d-bf49-c09672ff1fd3@group-AAE080EAEAF1-LeaderElection47] INFO  impl.RoleInfo (RoleInfo.java:updateAndGet(139)) - acf62409-eb7d-4a8d-bf49-c09672ff1fd3: start acf62409-eb7d-4a8d-bf49-c09672ff1fd3@group-AAE080EAEAF1-LeaderStateImpl
2023-04-21 06:18:37,242 [acf62409-eb7d-4a8d-bf49-c09672ff1fd3@group-AAE080EAEAF1-LeaderElection47] INFO  segmented.SegmentedRaftLogWorker (SegmentedRaftLogWorker.java:startLogSegment(452)) - acf62409-eb7d-4a8d-bf49-c09672ff1fd3@group-AAE080EAEAF1-SegmentedRaftLogWorker: Starting segment from index:0
2023-04-21 06:18:37,244 [acf62409-eb7d-4a8d-bf49-c09672ff1fd3@group-AAE080EAEAF1-SegmentedRaftLogWorker] INFO  segmented.SegmentedRaftLogWorker (SegmentedRaftLogWorker.java:execute(656)) - acf62409-eb7d-4a8d-bf49-c09672ff1fd3@group-AAE080EAEAF1-SegmentedRaftLogWorker: created new log segment /home/runner/work/ozone/ozone/hadoop-ozone/integration-test/target/test-dir/MiniOzoneClusterImpl-5df7d698-6c9a-4a75-b3ca-6c6997f7fa13/datanode-2/data/ratis/d5782de6-d1ae-4c0a-9e6b-aae080eaeaf1/current/log_inprogress_0
2023-04-21 06:18:37,246 [acf62409-eb7d-4a8d-bf49-c09672ff1fd3@group-AAE080EAEAF1-LeaderElection47] INFO  server.RaftServer$Division (ServerState.java:setRaftConf(430)) - acf62409-eb7d-4a8d-bf49-c09672ff1fd3@group-AAE080EAEAF1: set configuration 0: peers:[acf62409-eb7d-4a8d-bf49-c09672ff1fd3|rpc:10.1.0.35:37499|dataStream:10.1.0.35:32899|priority:1|startupRole:FOLLOWER]|listeners:[], old=null
2023-04-21 06:18:49,215 [Listener at 127.0.0.1/41999] INFO  ozone.MiniOzoneClusterImpl (MiniOzoneClusterImpl.java:shutdown(456)) - Shutting down the Mini Ozone Cluster
2023-04-21 06:18:49,215 [Listener at 127.0.0.1/41999] INFO  ozone.MiniOzoneClusterImpl (MiniOzoneClusterImpl.java:stop(474)) - Stopping the Mini Ozone Cluster
2023-04-21 06:18:49,215 [Listener at 127.0.0.1/41999] INFO  ozone.MiniOzoneClusterImpl (MiniOzoneClusterImpl.java:stopOM(560)) - Stopping the OzoneManager
2023-04-21 06:18:49,215 [Listener at 127.0.0.1/41999] INFO  om.OzoneManager (OzoneManager.java:stop(2154)) - om1[localhost:0]: Stopping Ozone Manager
2023-04-21 06:18:49,216 [Listener at 127.0.0.1/41999] INFO  ipc.Server (Server.java:stop(3501)) - Stopping server on 41999
2023-04-21 06:18:49,219 [IPC Server Responder] INFO  ipc.Server (Server.java:run(1563)) - Stopping IPC Server Responder
2023-04-21 06:18:49,219 [IPC Server listener on 0] INFO  ipc.Server (Server.java:run(1430)) - Stopping IPC Server listener on 0
2023-04-21 06:18:49,220 [Listener at 127.0.0.1/41999] INFO  server.RaftServer (RaftServerProxy.java:lambda$close$6(409)) - om1: close
2023-04-21 06:18:49,220 [Listener at 127.0.0.1/41999] INFO  server.GrpcService (GrpcService.java:closeImpl(271)) - om1: shutdown server GrpcServerProtocolService now
2023-04-21 06:18:49,220 [om1-impl-thread1] INFO  server.RaftServer$Division (RaftServerImpl.java:lambda$close$4(458)) - om1@group-C5BA1605619E: shutdown
2023-04-21 06:18:49,220 [om1-impl-thread1] INFO  util.JmxRegister (JmxRegister.java:unregister(73)) - Successfully un-registered JMX Bean with object name Ratis:service=RaftServer,group=group-C5BA1605619E,id=om1
2023-04-21 06:18:49,220 [om1-impl-thread1] INFO  impl.RoleInfo (RoleInfo.java:shutdownLeaderState(93)) - om1: shutdown om1@group-C5BA1605619E-LeaderStateImpl
2023-04-21 06:18:49,220 [om1-impl-thread1] INFO  impl.PendingRequests (PendingRequests.java:sendNotLeaderResponses(282)) - om1@group-C5BA1605619E-PendingRequests: sendNotLeaderResponses
2023-04-21 06:18:49,221 [om1-impl-thread1] INFO  impl.StateMachineUpdater (StateMachineUpdater.java:stopAndJoin(153)) - om1@group-C5BA1605619E-StateMachineUpdater: set stopIndex = 0
2023-04-21 06:18:49,221 [om1@group-C5BA1605619E-StateMachineUpdater] INFO  ratis.OzoneManagerStateMachine (OzoneManagerStateMachine.java:takeSnapshot(453)) - Current Snapshot Index (t:1, i:0)
2023-04-21 06:18:49,222 [Listener at 127.0.0.1/41999] INFO  server.GrpcService (GrpcService.java:closeImpl(280)) - om1: shutdown server GrpcServerProtocolService successfully
2023-04-21 06:18:49,233 [om1@group-C5BA1605619E-StateMachineUpdater] INFO  impl.StateMachineUpdater (StateMachineUpdater.java:takeSnapshot(287)) - om1@group-C5BA1605619E-StateMachineUpdater: Took a snapshot at index 0
2023-04-21 06:18:49,233 [om1@group-C5BA1605619E-StateMachineUpdater] INFO  impl.StateMachineUpdater (StateMachineUpdater.java:lambda$new$0(92)) - om1@group-C5BA1605619E-StateMachineUpdater: snapshotIndex: updateIncreasingly -1 -> 0
2023-04-21 06:18:49,233 [om1@group-C5BA1605619E-StateMachineUpdater] INFO  ratis.OzoneManagerStateMachine (OzoneManagerStateMachine.java:close(507)) - StateMachine has shutdown. Shutdown OzoneManager if not already shutdown.
2023-04-21 06:18:49,233 [om1@group-C5BA1605619E-StateMachineUpdater] INFO  ratis.OzoneManagerDoubleBuffer (OzoneManagerDoubleBuffer.java:stopDaemon(540)) - Stopping OMDoubleBuffer flush thread
2023-04-21 06:18:49,233 [OMDoubleBufferFlushThread] INFO  ratis.OzoneManagerDoubleBuffer (OzoneManagerDoubleBuffer.java:canFlush(625)) - OMDoubleBuffer flush thread OMDoubleBufferFlushThread is interrupted and will exit.
2023-04-21 06:18:49,234 [om1-impl-thread1] INFO  server.RaftServer$Division (ServerState.java:close(466)) - om1@group-C5BA1605619E: closes. applyIndex: 0
2023-04-21 06:18:49,234 [om1@group-C5BA1605619E-SegmentedRaftLogWorker] INFO  segmented.SegmentedRaftLogWorker (SegmentedRaftLogWorker.java:run(347)) - om1@group-C5BA1605619E-SegmentedRaftLogWorker was interrupted, exiting. There are 0 tasks remaining in the queue.
2023-04-21 06:18:49,236 [om1-impl-thread1] INFO  segmented.SegmentedRaftLogWorker (SegmentedRaftLogWorker.java:close(257)) - om1@group-C5BA1605619E-SegmentedRaftLogWorker close()
2023-04-21 06:18:49,236 [JvmPauseMonitor25] INFO  util.JvmPauseMonitor (JvmPauseMonitor.java:run(111)) - JvmPauseMonitor-om1: Stopped
2023-04-21 06:18:49,236 [Listener at 127.0.0.1/41999] INFO  ratis.OzoneManagerStateMachine (OzoneManagerStateMachine.java:close(507)) - StateMachine has shutdown. Shutdown OzoneManager if not already shutdown.
2023-04-21 06:18:49,236 [Listener at 127.0.0.1/41999] INFO  ratis.OzoneManagerDoubleBuffer (OzoneManagerDoubleBuffer.java:stopDaemon(549)) - OMDoubleBuffer flush thread is not running.
2023-04-21 06:18:49,236 [Listener at 127.0.0.1/41999] INFO  utils.BackgroundService (BackgroundService.java:shutdown(141)) - Shutting down service KeyDeletingService
2023-04-21 06:18:49,236 [Listener at 127.0.0.1/41999] INFO  utils.BackgroundService (BackgroundService.java:shutdown(141)) - Shutting down service KeyDeletingService
2023-04-21 06:18:49,236 [Listener at 127.0.0.1/41999] INFO  utils.BackgroundService (BackgroundService.java:shutdown(141)) - Shutting down service OpenKeyCleanupService
2023-04-21 06:18:49,236 [Listener at 127.0.0.1/41999] INFO  utils.BackgroundService (BackgroundService.java:shutdown(141)) - Shutting down service SstFilteringService
2023-04-21 06:18:49,236 [Listener at 127.0.0.1/41999] INFO  utils.BackgroundService (BackgroundService.java:shutdown(141)) - Shutting down service SnapshotDeletingService
2023-04-21 06:18:49,237 [Listener at 127.0.0.1/41999] INFO  handler.ContextHandler (ContextHandler.java:doStop(1159)) - Stopped o.e.j.w.WebAppContext@3024afd7{ozoneManager,/,null,STOPPED}{file:/home/runner/work/ozone/ozone/hadoop-ozone/integration-test/target/test-classes/webapps/ozoneManager}
2023-04-21 06:18:49,237 [Listener at 127.0.0.1/41999] INFO  server.AbstractConnector (AbstractConnector.java:doStop(383)) - Stopped ServerConnector@2f6860d7{HTTP/1.1, (http/1.1)}{0.0.0.0:0}
2023-04-21 06:18:49,237 [Listener at 127.0.0.1/41999] INFO  server.session (HouseKeeper.java:stopScavenging(149)) - node0 Stopped scavenging
2023-04-21 06:18:49,238 [Listener at 127.0.0.1/41999] INFO  handler.ContextHandler (ContextHandler.java:doStop(1159)) - Stopped o.e.j.s.ServletContextHandler@b2d6256{static,/static,file:///home/runner/work/ozone/ozone/hadoop-ozone/integration-test/target/test-classes/webapps/static,STOPPED}
2023-04-21 06:18:49,238 [Listener at 127.0.0.1/41999] INFO  handler.ContextHandler (ContextHandler.java:doStop(1159)) - Stopped o.e.j.s.ServletContextHandler@463eb46d{logs,/logs,file:///home/runner/work/ozone/ozone/hadoop-ozone/integration-test/target/log,STOPPED}
2023-04-21 06:18:49,240 [Listener at 127.0.0.1/41999] INFO  utils.BackgroundService (BackgroundService.java:shutdown(141)) - Shutting down service SnapshotDiffCleanupService
2023-04-21 06:18:49,240 [Listener at 127.0.0.1/41999] INFO  ozone.MiniOzoneClusterImpl (MiniOzoneClusterImpl.java:stopDatanodes(537)) - Stopping the HddsDatanodes
2023-04-21 06:18:49,242 [ForkJoinPool.commonPool-worker-0] INFO  ozoneimpl.OzoneContainer (OzoneContainer.java:stop(419)) - Attempting to stop container services.
2023-04-21 06:18:49,244 [Listener at 127.0.0.1/41999] INFO  ozoneimpl.OzoneContainer (OzoneContainer.java:stop(419)) - Attempting to stop container services.
2023-04-21 06:18:49,245 [ForkJoinPool.commonPool-worker-0] INFO  server.RaftServer (RaftServerProxy.java:lambda$close$6(409)) - e741532c-559f-497b-a202-f4f9d9b61a12: close
2023-04-21 06:18:49,245 [e741532c-559f-497b-a202-f4f9d9b61a12-impl-thread1] INFO  server.RaftServer$Division (RaftServerImpl.java:lambda$close$4(458)) - e741532c-559f-497b-a202-f4f9d9b61a12@group-8A928EAD5328: shutdown
2023-04-21 06:18:49,245 [e741532c-559f-497b-a202-f4f9d9b61a12-impl-thread1] INFO  util.JmxRegister (JmxRegister.java:unregister(73)) - Successfully un-registered JMX Bean with object name Ratis:service=RaftServer,group=group-8A928EAD5328,id=e741532c-559f-497b-a202-f4f9d9b61a12
2023-04-21 06:18:49,245 [e741532c-559f-497b-a202-f4f9d9b61a12-impl-thread1] INFO  impl.RoleInfo (RoleInfo.java:shutdownLeaderState(93)) - e741532c-559f-497b-a202-f4f9d9b61a12: shutdown e741532c-559f-497b-a202-f4f9d9b61a12@group-8A928EAD5328-LeaderStateImpl
2023-04-21 06:18:49,245 [e741532c-559f-497b-a202-f4f9d9b61a12-impl-thread2] INFO  server.RaftServer$Division (RaftServerImpl.java:lambda$close$4(458)) - e741532c-559f-497b-a202-f4f9d9b61a12@group-D3A440D4DA68: shutdown
2023-04-21 06:18:49,246 [e741532c-559f-497b-a202-f4f9d9b61a12-impl-thread2] INFO  util.JmxRegister (JmxRegister.java:unregister(73)) - Successfully un-registered JMX Bean with object name Ratis:service=RaftServer,group=group-D3A440D4DA68,id=e741532c-559f-497b-a202-f4f9d9b61a12
2023-04-21 06:18:49,246 [e741532c-559f-497b-a202-f4f9d9b61a12-impl-thread2] INFO  impl.RoleInfo (RoleInfo.java:shutdownLeaderState(93)) - e741532c-559f-497b-a202-f4f9d9b61a12: shutdown e741532c-559f-497b-a202-f4f9d9b61a12@group-D3A440D4DA68-LeaderStateImpl
2023-04-21 06:18:49,246 [e741532c-559f-497b-a202-f4f9d9b61a12-impl-thread2] INFO  impl.PendingRequests (PendingRequests.java:sendNotLeaderResponses(282)) - e741532c-559f-497b-a202-f4f9d9b61a12@group-D3A440D4DA68-PendingRequests: sendNotLeaderResponses
2023-04-21 06:18:49,246 [e741532c-559f-497b-a202-f4f9d9b61a12@group-D3A440D4DA68-StateMachineUpdater] INFO  ratis.ContainerStateMachine (ContainerStateMachine.java:takeSnapshot(330)) - group-D3A440D4DA68: Taking a snapshot at:(t:1, i:0) file /home/runner/work/ozone/ozone/hadoop-ozone/integration-test/target/test-dir/MiniOzoneClusterImpl-5df7d698-6c9a-4a75-b3ca-6c6997f7fa13/datanode-0/data/ratis/ffd63b28-4dba-4ec3-80ce-d3a440d4da68/sm/snapshot.1_0
2023-04-21 06:18:49,246 [e741532c-559f-497b-a202-f4f9d9b61a12-impl-thread2] INFO  impl.StateMachineUpdater (StateMachineUpdater.java:stopAndJoin(153)) - e741532c-559f-497b-a202-f4f9d9b61a12@group-D3A440D4DA68-StateMachineUpdater: set stopIndex = 0
2023-04-21 06:18:49,246 [ForkJoinPool.commonPool-worker-0] INFO  server.GrpcService (GrpcService.java:closeImpl(271)) - e741532c-559f-497b-a202-f4f9d9b61a12: shutdown server GrpcServerProtocolService now
2023-04-21 06:18:49,247 [e741532c-559f-497b-a202-f4f9d9b61a12-impl-thread3] INFO  server.RaftServer$Division (RaftServerImpl.java:lambda$close$4(458)) - e741532c-559f-497b-a202-f4f9d9b61a12@group-F7F59576AD21: shutdown
2023-04-21 06:18:49,247 [e741532c-559f-497b-a202-f4f9d9b61a12-impl-thread3] INFO  util.JmxRegister (JmxRegister.java:unregister(73)) - Successfully un-registered JMX Bean with object name Ratis:service=RaftServer,group=group-F7F59576AD21,id=e741532c-559f-497b-a202-f4f9d9b61a12
2023-04-21 06:18:49,247 [e741532c-559f-497b-a202-f4f9d9b61a12-impl-thread3] INFO  impl.RoleInfo (RoleInfo.java:shutdownFollowerState(110)) - e741532c-559f-497b-a202-f4f9d9b61a12: shutdown e741532c-559f-497b-a202-f4f9d9b61a12@group-F7F59576AD21-FollowerState
2023-04-21 06:18:49,247 [e741532c-559f-497b-a202-f4f9d9b61a12@group-F7F59576AD21-FollowerState] INFO  impl.FollowerState (FollowerState.java:run(152)) - e741532c-559f-497b-a202-f4f9d9b61a12@group-F7F59576AD21-FollowerState was interrupted
2023-04-21 06:18:49,247 [e741532c-559f-497b-a202-f4f9d9b61a12@group-F7F59576AD21-StateMachineUpdater] INFO  ratis.ContainerStateMachine (ContainerStateMachine.java:takeSnapshot(330)) - group-F7F59576AD21: Taking a snapshot at:(t:1, i:0) file /home/runner/work/ozone/ozone/hadoop-ozone/integration-test/target/test-dir/MiniOzoneClusterImpl-5df7d698-6c9a-4a75-b3ca-6c6997f7fa13/datanode-0/data/ratis/908356c2-a06b-487d-989e-f7f59576ad21/sm/snapshot.1_0
2023-04-21 06:18:49,247 [e741532c-559f-497b-a202-f4f9d9b61a12-impl-thread3] INFO  impl.StateMachineUpdater (StateMachineUpdater.java:stopAndJoin(153)) - e741532c-559f-497b-a202-f4f9d9b61a12@group-F7F59576AD21-StateMachineUpdater: set stopIndex = 0
2023-04-21 06:18:49,247 [Listener at 127.0.0.1/41999] INFO  server.RaftServer (RaftServerProxy.java:lambda$close$6(409)) - 89310092-6a08-4a04-ad3d-d7c31a3b6af8: close
2023-04-21 06:18:49,247 [89310092-6a08-4a04-ad3d-d7c31a3b6af8-impl-thread1] INFO  server.RaftServer$Division (RaftServerImpl.java:lambda$close$4(458)) - 89310092-6a08-4a04-ad3d-d7c31a3b6af8@group-8A928EAD5328: shutdown
2023-04-21 06:18:49,247 [89310092-6a08-4a04-ad3d-d7c31a3b6af8-impl-thread1] INFO  util.JmxRegister (JmxRegister.java:unregister(73)) - Successfully un-registered JMX Bean with object name Ratis:service=RaftServer,group=group-8A928EAD5328,id=89310092-6a08-4a04-ad3d-d7c31a3b6af8
2023-04-21 06:18:49,247 [89310092-6a08-4a04-ad3d-d7c31a3b6af8-impl-thread1] INFO  impl.RoleInfo (RoleInfo.java:shutdownFollowerState(110)) - 89310092-6a08-4a04-ad3d-d7c31a3b6af8: shutdown 89310092-6a08-4a04-ad3d-d7c31a3b6af8@group-8A928EAD5328-FollowerState
2023-04-21 06:18:49,247 [e741532c-559f-497b-a202-f4f9d9b61a12@group-D3A440D4DA68-StateMachineUpdater] INFO  ratis.ContainerStateMachine (ContainerStateMachine.java:takeSnapshot(341)) - group-D3A440D4DA68: Finished taking a snapshot at:(t:1, i:0) file:/home/runner/work/ozone/ozone/hadoop-ozone/integration-test/target/test-dir/MiniOzoneClusterImpl-5df7d698-6c9a-4a75-b3ca-6c6997f7fa13/datanode-0/data/ratis/ffd63b28-4dba-4ec3-80ce-d3a440d4da68/sm/snapshot.1_0 took: 2 ms
2023-04-21 06:18:49,248 [e741532c-559f-497b-a202-f4f9d9b61a12@group-F7F59576AD21-StateMachineUpdater] INFO  ratis.ContainerStateMachine (ContainerStateMachine.java:takeSnapshot(341)) - group-F7F59576AD21: Finished taking a snapshot at:(t:1, i:0) file:/home/runner/work/ozone/ozone/hadoop-ozone/integration-test/target/test-dir/MiniOzoneClusterImpl-5df7d698-6c9a-4a75-b3ca-6c6997f7fa13/datanode-0/data/ratis/908356c2-a06b-487d-989e-f7f59576ad21/sm/snapshot.1_0 took: 1 ms
2023-04-21 06:18:49,248 [e741532c-559f-497b-a202-f4f9d9b61a12@group-F7F59576AD21-StateMachineUpdater] INFO  impl.StateMachineUpdater (StateMachineUpdater.java:takeSnapshot(287)) - e741532c-559f-497b-a202-f4f9d9b61a12@group-F7F59576AD21-StateMachineUpdater: Took a snapshot at index 0
2023-04-21 06:18:49,248 [e741532c-559f-497b-a202-f4f9d9b61a12@group-F7F59576AD21-StateMachineUpdater] INFO  impl.StateMachineUpdater (StateMachineUpdater.java:lambda$new$0(92)) - e741532c-559f-497b-a202-f4f9d9b61a12@group-F7F59576AD21-StateMachineUpdater: snapshotIndex: updateIncreasingly -1 -> 0
2023-04-21 06:18:49,248 [e741532c-559f-497b-a202-f4f9d9b61a12@group-D3A440D4DA68-StateMachineUpdater] INFO  impl.StateMachineUpdater (StateMachineUpdater.java:takeSnapshot(287)) - e741532c-559f-497b-a202-f4f9d9b61a12@group-D3A440D4DA68-StateMachineUpdater: Took a snapshot at index 0
2023-04-21 06:18:49,248 [e741532c-559f-497b-a202-f4f9d9b61a12@group-D3A440D4DA68-StateMachineUpdater] INFO  impl.StateMachineUpdater (StateMachineUpdater.java:lambda$new$0(92)) - e741532c-559f-497b-a202-f4f9d9b61a12@group-D3A440D4DA68-StateMachineUpdater: snapshotIndex: updateIncreasingly -1 -> 0
2023-04-21 06:18:49,248 [e741532c-559f-497b-a202-f4f9d9b61a12-impl-thread3] INFO  server.RaftServer$Division (ServerState.java:close(466)) - e741532c-559f-497b-a202-f4f9d9b61a12@group-F7F59576AD21: closes. applyIndex: 0
2023-04-21 06:18:49,248 [e741532c-559f-497b-a202-f4f9d9b61a12-impl-thread2] INFO  server.RaftServer$Division (ServerState.java:close(466)) - e741532c-559f-497b-a202-f4f9d9b61a12@group-D3A440D4DA68: closes. applyIndex: 0
2023-04-21 06:18:49,251 [e741532c-559f-497b-a202-f4f9d9b61a12@group-8A928EAD5328->acf62409-eb7d-4a8d-bf49-c09672ff1fd3-GrpcLogAppender-LogAppenderDaemon] WARN  server.GrpcLogAppender (GrpcLogAppender.java:mayWait(200)) - e741532c-559f-497b-a202-f4f9d9b61a12@group-8A928EAD5328->acf62409-eb7d-4a8d-bf49-c09672ff1fd3-GrpcLogAppender: Wait interrupted by java.lang.InterruptedException
2023-04-21 06:18:49,251 [e741532c-559f-497b-a202-f4f9d9b61a12@group-8A928EAD5328->89310092-6a08-4a04-ad3d-d7c31a3b6af8-GrpcLogAppender-LogAppenderDaemon] WARN  server.GrpcLogAppender (GrpcLogAppender.java:mayWait(200)) - e741532c-559f-497b-a202-f4f9d9b61a12@group-8A928EAD5328->89310092-6a08-4a04-ad3d-d7c31a3b6af8-GrpcLogAppender: Wait interrupted by java.lang.InterruptedException
2023-04-21 06:18:49,251 [e741532c-559f-497b-a202-f4f9d9b61a12@group-F7F59576AD21-SegmentedRaftLogWorker] INFO  segmented.SegmentedRaftLogWorker (SegmentedRaftLogWorker.java:run(347)) - e741532c-559f-497b-a202-f4f9d9b61a12@group-F7F59576AD21-SegmentedRaftLogWorker was interrupted, exiting. There are 0 tasks remaining in the queue.
2023-04-21 06:18:49,251 [e741532c-559f-497b-a202-f4f9d9b61a12@group-D3A440D4DA68-SegmentedRaftLogWorker] INFO  segmented.SegmentedRaftLogWorker (SegmentedRaftLogWorker.java:run(347)) - e741532c-559f-497b-a202-f4f9d9b61a12@group-D3A440D4DA68-SegmentedRaftLogWorker was interrupted, exiting. There are 0 tasks remaining in the queue.
2023-04-21 06:18:49,251 [89310092-6a08-4a04-ad3d-d7c31a3b6af8-impl-thread1] INFO  impl.StateMachineUpdater (StateMachineUpdater.java:stopAndJoin(153)) - 89310092-6a08-4a04-ad3d-d7c31a3b6af8@group-8A928EAD5328-StateMachineUpdater: set stopIndex = 0
2023-04-21 06:18:49,252 [89310092-6a08-4a04-ad3d-d7c31a3b6af8@group-8A928EAD5328-FollowerState] INFO  impl.FollowerState (FollowerState.java:run(152)) - 89310092-6a08-4a04-ad3d-d7c31a3b6af8@group-8A928EAD5328-FollowerState was interrupted
2023-04-21 06:18:49,252 [89310092-6a08-4a04-ad3d-d7c31a3b6af8@group-8A928EAD5328-StateMachineUpdater] INFO  ratis.ContainerStateMachine (ContainerStateMachine.java:takeSnapshot(330)) - group-8A928EAD5328: Taking a snapshot at:(t:1, i:0) file /home/runner/work/ozone/ozone/hadoop-ozone/integration-test/target/test-dir/MiniOzoneClusterImpl-5df7d698-6c9a-4a75-b3ca-6c6997f7fa13/datanode-1/data/ratis/48fd6bb0-5678-43ae-95cc-8a928ead5328/sm/snapshot.1_0
2023-04-21 06:18:49,252 [grpc-default-executor-5] INFO  server.GrpcServerProtocolService (GrpcServerProtocolService.java:onCompleted(143)) - 89310092-6a08-4a04-ad3d-d7c31a3b6af8: Completed APPEND_ENTRIES, lastRequest: null
2023-04-21 06:18:49,252 [grpc-default-executor-4] INFO  server.GrpcServerProtocolService (GrpcServerProtocolService.java:onCompleted(143)) - acf62409-eb7d-4a8d-bf49-c09672ff1fd3: Completed APPEND_ENTRIES, lastRequest: e741532c-559f-497b-a202-f4f9d9b61a12->acf62409-eb7d-4a8d-bf49-c09672ff1fd3#1-t1,previous=(t:0, i:0),leaderCommit=0,initializing? true,entries: size=1, first=(t:1, i:0), CONFIGURATIONENTRY(current:id: "e741532c-559f-497b-a202-f4f9d9b61a12"
address: "10.1.0.35:43445"
priority: 1
dataStreamAddress: "10.1.0.35:40381"
clientAddress: "10.1.0.35:43445"
adminAddress: "10.1.0.35:43445"
startupRole: FOLLOWER
,id: "89310092-6a08-4a04-ad3d-d7c31a3b6af8"
address: "10.1.0.35:39263"
dataStreamAddress: "10.1.0.35:39791"
clientAddress: "10.1.0.35:39263"
adminAddress: "10.1.0.35:39263"
startupRole: FOLLOWER
,id: "acf62409-eb7d-4a8d-bf49-c09672ff1fd3"
address: "10.1.0.35:37499"
dataStreamAddress: "10.1.0.35:32899"
clientAddress: "10.1.0.35:37499"
adminAddress: "10.1.0.35:37499"
startupRole: FOLLOWER
, old:)
2023-04-21 06:18:49,252 [89310092-6a08-4a04-ad3d-d7c31a3b6af8@group-8A928EAD5328-StateMachineUpdater] INFO  ratis.ContainerStateMachine (ContainerStateMachine.java:takeSnapshot(341)) - group-8A928EAD5328: Finished taking a snapshot at:(t:1, i:0) file:/home/runner/work/ozone/ozone/hadoop-ozone/integration-test/target/test-dir/MiniOzoneClusterImpl-5df7d698-6c9a-4a75-b3ca-6c6997f7fa13/datanode-1/data/ratis/48fd6bb0-5678-43ae-95cc-8a928ead5328/sm/snapshot.1_0 took: 1 ms
2023-04-21 06:18:49,252 [grpc-default-executor-0] INFO  server.GrpcServerProtocolService (GrpcServerProtocolService.java:onCompleted(143)) - 89310092-6a08-4a04-ad3d-d7c31a3b6af8: Completed APPEND_ENTRIES, lastRequest: e741532c-559f-497b-a202-f4f9d9b61a12->89310092-6a08-4a04-ad3d-d7c31a3b6af8#1-t1,previous=(t:0, i:0),leaderCommit=0,initializing? true,entries: size=1, first=(t:1, i:0), CONFIGURATIONENTRY(current:id: "e741532c-559f-497b-a202-f4f9d9b61a12"
address: "10.1.0.35:43445"
priority: 1
dataStreamAddress: "10.1.0.35:40381"
clientAddress: "10.1.0.35:43445"
adminAddress: "10.1.0.35:43445"
startupRole: FOLLOWER
,id: "89310092-6a08-4a04-ad3d-d7c31a3b6af8"
address: "10.1.0.35:39263"
dataStreamAddress: "10.1.0.35:39791"
clientAddress: "10.1.0.35:39263"
adminAddress: "10.1.0.35:39263"
startupRole: FOLLOWER
,id: "acf62409-eb7d-4a8d-bf49-c09672ff1fd3"
address: "10.1.0.35:37499"
dataStreamAddress: "10.1.0.35:32899"
clientAddress: "10.1.0.35:37499"
adminAddress: "10.1.0.35:37499"
startupRole: FOLLOWER
, old:)
2023-04-21 06:18:49,253 [89310092-6a08-4a04-ad3d-d7c31a3b6af8@group-8A928EAD5328-StateMachineUpdater] INFO  impl.StateMachineUpdater (StateMachineUpdater.java:takeSnapshot(287)) - 89310092-6a08-4a04-ad3d-d7c31a3b6af8@group-8A928EAD5328-StateMachineUpdater: Took a snapshot at index 0
2023-04-21 06:18:49,253 [89310092-6a08-4a04-ad3d-d7c31a3b6af8@group-8A928EAD5328-StateMachineUpdater] INFO  impl.StateMachineUpdater (StateMachineUpdater.java:lambda$new$0(92)) - 89310092-6a08-4a04-ad3d-d7c31a3b6af8@group-8A928EAD5328-StateMachineUpdater: snapshotIndex: updateIncreasingly -1 -> 0
2023-04-21 06:18:49,253 [89310092-6a08-4a04-ad3d-d7c31a3b6af8-impl-thread1] INFO  server.RaftServer$Division (ServerState.java:close(466)) - 89310092-6a08-4a04-ad3d-d7c31a3b6af8@group-8A928EAD5328: closes. applyIndex: 0
2023-04-21 06:18:49,253 [89310092-6a08-4a04-ad3d-d7c31a3b6af8@group-8A928EAD5328-SegmentedRaftLogWorker] INFO  segmented.SegmentedRaftLogWorker (SegmentedRaftLogWorker.java:run(347)) - 89310092-6a08-4a04-ad3d-d7c31a3b6af8@group-8A928EAD5328-SegmentedRaftLogWorker was interrupted, exiting. There are 0 tasks remaining in the queue.
2023-04-21 06:18:49,251 [e741532c-559f-497b-a202-f4f9d9b61a12-impl-thread1] INFO  impl.PendingRequests (PendingRequests.java:sendNotLeaderResponses(282)) - e741532c-559f-497b-a202-f4f9d9b61a12@group-8A928EAD5328-PendingRequests: sendNotLeaderResponses
2023-04-21 06:18:49,264 [e741532c-559f-497b-a202-f4f9d9b61a12-impl-thread1] INFO  impl.StateMachineUpdater (StateMachineUpdater.java:stopAndJoin(153)) - e741532c-559f-497b-a202-f4f9d9b61a12@group-8A928EAD5328-StateMachineUpdater: set stopIndex = 0
2023-04-21 06:18:49,264 [e741532c-559f-497b-a202-f4f9d9b61a12@group-8A928EAD5328-StateMachineUpdater] INFO  ratis.ContainerStateMachine (ContainerStateMachine.java:takeSnapshot(330)) - group-8A928EAD5328: Taking a snapshot at:(t:1, i:0) file /home/runner/work/ozone/ozone/hadoop-ozone/integration-test/target/test-dir/MiniOzoneClusterImpl-5df7d698-6c9a-4a75-b3ca-6c6997f7fa13/datanode-0/data/ratis/48fd6bb0-5678-43ae-95cc-8a928ead5328/sm/snapshot.1_0
2023-04-21 06:18:49,263 [grpc-default-executor-5] WARN  server.GrpcLogAppender (LogUtils.java:warn(122)) - 89310092-6a08-4a04-ad3d-d7c31a3b6af8@group-F7F59576AD21->e741532c-559f-497b-a202-f4f9d9b61a12-AppendLogResponseHandler: Failed appendEntries: org.apache.ratis.thirdparty.io.grpc.StatusRuntimeException: CANCELLED: RST_STREAM closed stream. HTTP/2 error code: CANCEL
2023-04-21 06:18:49,264 [grpc-default-executor-5] WARN  server.GrpcLogAppender (GrpcLogAppender.java:resetClient(131)) - 89310092-6a08-4a04-ad3d-d7c31a3b6af8@group-F7F59576AD21->e741532c-559f-497b-a202-f4f9d9b61a12-GrpcLogAppender: Leader has not got in touch with Follower 89310092-6a08-4a04-ad3d-d7c31a3b6af8@group-F7F59576AD21->e741532c-559f-497b-a202-f4f9d9b61a12(c0,m0,n1, attendVote=true, lastRpcSendTime=2332, lastRpcResponseTime=2329) yet, just keep nextIndex unchanged and retry.
2023-04-21 06:18:49,263 [grpc-default-executor-4] INFO  server.GrpcLogAppender (GrpcLogAppender.java:onCompleted(415)) - e741532c-559f-497b-a202-f4f9d9b61a12@group-8A928EAD5328->89310092-6a08-4a04-ad3d-d7c31a3b6af8-AppendLogResponseHandler: follower responses appendEntries COMPLETED
2023-04-21 06:18:49,264 [grpc-default-executor-4] WARN  server.GrpcLogAppender (GrpcLogAppender.java:resetClient(137)) - e741532c-559f-497b-a202-f4f9d9b61a12@group-8A928EAD5328->89310092-6a08-4a04-ad3d-d7c31a3b6af8-GrpcLogAppender: Failed to getClient for 89310092-6a08-4a04-ad3d-d7c31a3b6af8
org.apache.ratis.protocol.exceptions.AlreadyClosedException: e741532c-559f-497b-a202-f4f9d9b61a12 is already CLOSED
	at org.apache.ratis.util.PeerProxyMap$PeerAndProxy.getProxy(PeerProxyMap.java:61)
	at org.apache.ratis.util.PeerProxyMap.getProxy(PeerProxyMap.java:115)
	at org.apache.ratis.grpc.server.GrpcLogAppender.getClient(GrpcLogAppender.java:116)
	at org.apache.ratis.grpc.server.GrpcLogAppender.resetClient(GrpcLogAppender.java:121)
	at org.apache.ratis.grpc.server.GrpcLogAppender.access$500(GrpcLogAppender.java:58)
	at org.apache.ratis.grpc.server.GrpcLogAppender$AppendLogResponseHandler.onCompleted(GrpcLogAppender.java:416)
	at org.apache.ratis.thirdparty.io.grpc.stub.ClientCalls$StreamObserverToCallListenerAdapter.onClose(ClientCalls.java:485)
	at org.apache.ratis.thirdparty.io.grpc.internal.ClientCallImpl.closeObserver(ClientCallImpl.java:562)
	at org.apache.ratis.thirdparty.io.grpc.internal.ClientCallImpl.access$300(ClientCallImpl.java:70)
	at org.apache.ratis.thirdparty.io.grpc.internal.ClientCallImpl$ClientStreamListenerImpl$1StreamClosed.runInternal(ClientCallImpl.java:743)
	at org.apache.ratis.thirdparty.io.grpc.internal.ClientCallImpl$ClientStreamListenerImpl$1StreamClosed.runInContext(ClientCallImpl.java:722)
	at org.apache.ratis.thirdparty.io.grpc.internal.ContextRunnable.run(ContextRunnable.java:37)
	at org.apache.ratis.thirdparty.io.grpc.internal.SerializingExecutor.run(SerializingExecutor.java:133)
	at java.util.concurrent.ThreadPoolExecutor.runWorker(ThreadPoolExecutor.java:1149)
	at java.util.concurrent.ThreadPoolExecutor$Worker.run(ThreadPoolExecutor.java:624)
	at java.lang.Thread.run(Thread.java:750)
2023-04-21 06:18:49,263 [grpc-default-executor-0] INFO  server.GrpcServerProtocolService (GrpcServerProtocolService.java:onCompleted(143)) - acf62409-eb7d-4a8d-bf49-c09672ff1fd3: Completed APPEND_ENTRIES, lastRequest: null
2023-04-21 06:18:49,262 [grpc-default-executor-1] WARN  server.GrpcServerProtocolService (LogUtils.java:warn(122)) - e741532c-559f-497b-a202-f4f9d9b61a12: installSnapshot onError, lastRequest: 89310092-6a08-4a04-ad3d-d7c31a3b6af8->e741532c-559f-497b-a202-f4f9d9b61a12#1-t1,previous=(t:0, i:0),leaderCommit=0,initializing? true,entries: size=1, first=(t:1, i:0), CONFIGURATIONENTRY(current:id: "e741532c-559f-497b-a202-f4f9d9b61a12"
address: "10.1.0.35:43445"
dataStreamAddress: "10.1.0.35:40381"
clientAddress: "10.1.0.35:43445"
adminAddress: "10.1.0.35:43445"
startupRole: FOLLOWER
,id: "89310092-6a08-4a04-ad3d-d7c31a3b6af8"
address: "10.1.0.35:39263"
priority: 1
dataStreamAddress: "10.1.0.35:39791"
clientAddress: "10.1.0.35:39263"
adminAddress: "10.1.0.35:39263"
startupRole: FOLLOWER
,id: "acf62409-eb7d-4a8d-bf49-c09672ff1fd3"
address: "10.1.0.35:37499"
dataStreamAddress: "10.1.0.35:32899"
clientAddress: "10.1.0.35:37499"
adminAddress: "10.1.0.35:37499"
startupRole: FOLLOWER
, old:): org.apache.ratis.thirdparty.io.grpc.StatusRuntimeException: CANCELLED: client cancelled
2023-04-21 06:18:49,265 [grpc-default-executor-6] WARN  server.GrpcServerProtocolService (LogUtils.java:warn(122)) - e741532c-559f-497b-a202-f4f9d9b61a12: installSnapshot onError, lastRequest: null: org.apache.ratis.thirdparty.io.grpc.StatusRuntimeException: CANCELLED: client cancelled
2023-04-21 06:18:49,262 [grpc-default-executor-3] INFO  server.GrpcLogAppender (GrpcLogAppender.java:onCompleted(415)) - e741532c-559f-497b-a202-f4f9d9b61a12@group-8A928EAD5328->89310092-6a08-4a04-ad3d-d7c31a3b6af8-AppendLogResponseHandler: follower responses appendEntries COMPLETED
2023-04-21 06:18:49,265 [grpc-default-executor-3] WARN  server.GrpcLogAppender (GrpcLogAppender.java:resetClient(137)) - e741532c-559f-497b-a202-f4f9d9b61a12@group-8A928EAD5328->89310092-6a08-4a04-ad3d-d7c31a3b6af8-GrpcLogAppender: Failed to getClient for 89310092-6a08-4a04-ad3d-d7c31a3b6af8
org.apache.ratis.protocol.exceptions.AlreadyClosedException: e741532c-559f-497b-a202-f4f9d9b61a12 is already CLOSED
	at org.apache.ratis.util.PeerProxyMap$PeerAndProxy.getProxy(PeerProxyMap.java:61)
	at org.apache.ratis.util.PeerProxyMap.getProxy(PeerProxyMap.java:115)
	at org.apache.ratis.grpc.server.GrpcLogAppender.getClient(GrpcLogAppender.java:116)
	at org.apache.ratis.grpc.server.GrpcLogAppender.resetClient(GrpcLogAppender.java:121)
	at org.apache.ratis.grpc.server.GrpcLogAppender.access$500(GrpcLogAppender.java:58)
	at org.apache.ratis.grpc.server.GrpcLogAppender$AppendLogResponseHandler.onCompleted(GrpcLogAppender.java:416)
	at org.apache.ratis.thirdparty.io.grpc.stub.ClientCalls$StreamObserverToCallListenerAdapter.onClose(ClientCalls.java:485)
	at org.apache.ratis.thirdparty.io.grpc.internal.ClientCallImpl.closeObserver(ClientCallImpl.java:562)
	at org.apache.ratis.thirdparty.io.grpc.internal.ClientCallImpl.access$300(ClientCallImpl.java:70)
	at org.apache.ratis.thirdparty.io.grpc.internal.ClientCallImpl$ClientStreamListenerImpl$1StreamClosed.runInternal(ClientCallImpl.java:743)
	at org.apache.ratis.thirdparty.io.grpc.internal.ClientCallImpl$ClientStreamListenerImpl$1StreamClosed.runInContext(ClientCallImpl.java:722)
	at org.apache.ratis.thirdparty.io.grpc.internal.ContextRunnable.run(ContextRunnable.java:37)
	at org.apache.ratis.thirdparty.io.grpc.internal.SerializingExecutor.run(SerializingExecutor.java:133)
	at java.util.concurrent.ThreadPoolExecutor.runWorker(ThreadPoolExecutor.java:1149)
	at java.util.concurrent.ThreadPoolExecutor$Worker.run(ThreadPoolExecutor.java:624)
	at java.lang.Thread.run(Thread.java:750)
2023-04-21 06:18:49,262 [grpc-default-executor-2] INFO  server.GrpcLogAppender (GrpcLogAppender.java:onCompleted(415)) - e741532c-559f-497b-a202-f4f9d9b61a12@group-8A928EAD5328->acf62409-eb7d-4a8d-bf49-c09672ff1fd3-AppendLogResponseHandler: follower responses appendEntries COMPLETED
2023-04-21 06:18:49,265 [grpc-default-executor-2] INFO  leader.FollowerInfo (FollowerInfoImpl.java:lambda$new$0(48)) - e741532c-559f-497b-a202-f4f9d9b61a12@group-8A928EAD5328->acf62409-eb7d-4a8d-bf49-c09672ff1fd3: nextIndex: updateUnconditionally 1 -> 0
2023-04-21 06:18:49,261 [e741532c-559f-497b-a202-f4f9d9b61a12-impl-thread3] INFO  segmented.SegmentedRaftLogWorker (SegmentedRaftLogWorker.java:close(257)) - e741532c-559f-497b-a202-f4f9d9b61a12@group-F7F59576AD21-SegmentedRaftLogWorker close()
2023-04-21 06:18:49,261 [89310092-6a08-4a04-ad3d-d7c31a3b6af8-impl-thread1] INFO  segmented.SegmentedRaftLogWorker (SegmentedRaftLogWorker.java:close(257)) - 89310092-6a08-4a04-ad3d-d7c31a3b6af8@group-8A928EAD5328-SegmentedRaftLogWorker close()
2023-04-21 06:18:49,259 [89310092-6a08-4a04-ad3d-d7c31a3b6af8-impl-thread2] INFO  server.RaftServer$Division (RaftServerImpl.java:lambda$close$4(458)) - 89310092-6a08-4a04-ad3d-d7c31a3b6af8@group-F7F59576AD21: shutdown
2023-04-21 06:18:49,268 [89310092-6a08-4a04-ad3d-d7c31a3b6af8-impl-thread2] INFO  util.JmxRegister (JmxRegister.java:unregister(73)) - Successfully un-registered JMX Bean with object name Ratis:service=RaftServer,group=group-F7F59576AD21,id=89310092-6a08-4a04-ad3d-d7c31a3b6af8
2023-04-21 06:18:49,268 [89310092-6a08-4a04-ad3d-d7c31a3b6af8-impl-thread2] INFO  impl.RoleInfo (RoleInfo.java:shutdownLeaderState(93)) - 89310092-6a08-4a04-ad3d-d7c31a3b6af8: shutdown 89310092-6a08-4a04-ad3d-d7c31a3b6af8@group-F7F59576AD21-LeaderStateImpl
2023-04-21 06:18:49,268 [89310092-6a08-4a04-ad3d-d7c31a3b6af8-impl-thread2] INFO  impl.PendingRequests (PendingRequests.java:sendNotLeaderResponses(282)) - 89310092-6a08-4a04-ad3d-d7c31a3b6af8@group-F7F59576AD21-PendingRequests: sendNotLeaderResponses
2023-04-21 06:18:49,268 [89310092-6a08-4a04-ad3d-d7c31a3b6af8-impl-thread2] INFO  impl.StateMachineUpdater (StateMachineUpdater.java:stopAndJoin(153)) - 89310092-6a08-4a04-ad3d-d7c31a3b6af8@group-F7F59576AD21-StateMachineUpdater: set stopIndex = 0
2023-04-21 06:18:49,268 [89310092-6a08-4a04-ad3d-d7c31a3b6af8@group-F7F59576AD21->acf62409-eb7d-4a8d-bf49-c09672ff1fd3-GrpcLogAppender-LogAppenderDaemon] WARN  server.GrpcLogAppender (GrpcLogAppender.java:mayWait(200)) - 89310092-6a08-4a04-ad3d-d7c31a3b6af8@group-F7F59576AD21->acf62409-eb7d-4a8d-bf49-c09672ff1fd3-GrpcLogAppender: Wait interrupted by java.lang.InterruptedException
2023-04-21 06:18:49,268 [89310092-6a08-4a04-ad3d-d7c31a3b6af8@group-F7F59576AD21-StateMachineUpdater] INFO  ratis.ContainerStateMachine (ContainerStateMachine.java:takeSnapshot(330)) - group-F7F59576AD21: Taking a snapshot at:(t:1, i:0) file /home/runner/work/ozone/ozone/hadoop-ozone/integration-test/target/test-dir/MiniOzoneClusterImpl-5df7d698-6c9a-4a75-b3ca-6c6997f7fa13/datanode-1/data/ratis/908356c2-a06b-487d-989e-f7f59576ad21/sm/snapshot.1_0
2023-04-21 06:18:49,269 [89310092-6a08-4a04-ad3d-d7c31a3b6af8@group-F7F59576AD21->e741532c-559f-497b-a202-f4f9d9b61a12-GrpcLogAppender-LogAppenderDaemon] WARN  server.GrpcLogAppender (GrpcLogAppender.java:mayWait(200)) - 89310092-6a08-4a04-ad3d-d7c31a3b6af8@group-F7F59576AD21->e741532c-559f-497b-a202-f4f9d9b61a12-GrpcLogAppender: Wait interrupted by java.lang.InterruptedException
2023-04-21 06:18:49,258 [e741532c-559f-497b-a202-f4f9d9b61a12-impl-thread2] INFO  segmented.SegmentedRaftLogWorker (SegmentedRaftLogWorker.java:close(257)) - e741532c-559f-497b-a202-f4f9d9b61a12@group-D3A440D4DA68-SegmentedRaftLogWorker close()
2023-04-21 06:18:49,258 [ForkJoinPool.commonPool-worker-0] INFO  server.GrpcServerProtocolClient (GrpcServerProtocolClient.java:close(101)) - 89310092-6a08-4a04-ad3d-d7c31a3b6af8 Close channels
2023-04-21 06:18:49,270 [89310092-6a08-4a04-ad3d-d7c31a3b6af8@group-F7F59576AD21-StateMachineUpdater] INFO  ratis.ContainerStateMachine (ContainerStateMachine.java:takeSnapshot(341)) - group-F7F59576AD21: Finished taking a snapshot at:(t:1, i:0) file:/home/runner/work/ozone/ozone/hadoop-ozone/integration-test/target/test-dir/MiniOzoneClusterImpl-5df7d698-6c9a-4a75-b3ca-6c6997f7fa13/datanode-1/data/ratis/908356c2-a06b-487d-989e-f7f59576ad21/sm/snapshot.1_0 took: 1 ms
2023-04-21 06:18:49,270 [89310092-6a08-4a04-ad3d-d7c31a3b6af8@group-F7F59576AD21-StateMachineUpdater] INFO  impl.StateMachineUpdater (StateMachineUpdater.java:takeSnapshot(287)) - 89310092-6a08-4a04-ad3d-d7c31a3b6af8@group-F7F59576AD21-StateMachineUpdater: Took a snapshot at index 0
2023-04-21 06:18:49,270 [89310092-6a08-4a04-ad3d-d7c31a3b6af8@group-F7F59576AD21-StateMachineUpdater] INFO  impl.StateMachineUpdater (StateMachineUpdater.java:lambda$new$0(92)) - 89310092-6a08-4a04-ad3d-d7c31a3b6af8@group-F7F59576AD21-StateMachineUpdater: snapshotIndex: updateIncreasingly -1 -> 0
2023-04-21 06:18:49,271 [89310092-6a08-4a04-ad3d-d7c31a3b6af8-impl-thread2] INFO  server.RaftServer$Division (ServerState.java:close(466)) - 89310092-6a08-4a04-ad3d-d7c31a3b6af8@group-F7F59576AD21: closes. applyIndex: 0
2023-04-21 06:18:49,271 [89310092-6a08-4a04-ad3d-d7c31a3b6af8@group-F7F59576AD21-SegmentedRaftLogWorker] INFO  segmented.SegmentedRaftLogWorker (SegmentedRaftLogWorker.java:run(347)) - 89310092-6a08-4a04-ad3d-d7c31a3b6af8@group-F7F59576AD21-SegmentedRaftLogWorker was interrupted, exiting. There are 0 tasks remaining in the queue.
2023-04-21 06:18:49,267 [89310092-6a08-4a04-ad3d-d7c31a3b6af8-impl-thread3] INFO  server.RaftServer$Division (RaftServerImpl.java:lambda$close$4(458)) - 89310092-6a08-4a04-ad3d-d7c31a3b6af8@group-D015C65811E2: shutdown
2023-04-21 06:18:49,267 [Listener at 127.0.0.1/41999] INFO  server.GrpcService (GrpcService.java:closeImpl(271)) - 89310092-6a08-4a04-ad3d-d7c31a3b6af8: shutdown server GrpcServerProtocolService now
2023-04-21 06:18:49,265 [grpc-default-executor-6] INFO  server.GrpcLogAppender (GrpcLogAppender.java:onCompleted(415)) - e741532c-559f-497b-a202-f4f9d9b61a12@group-8A928EAD5328->acf62409-eb7d-4a8d-bf49-c09672ff1fd3-AppendLogResponseHandler: follower responses appendEntries COMPLETED
2023-04-21 06:18:49,265 [e741532c-559f-497b-a202-f4f9d9b61a12@group-8A928EAD5328-StateMachineUpdater] INFO  ratis.ContainerStateMachine (ContainerStateMachine.java:takeSnapshot(341)) - group-8A928EAD5328: Finished taking a snapshot at:(t:1, i:0) file:/home/runner/work/ozone/ozone/hadoop-ozone/integration-test/target/test-dir/MiniOzoneClusterImpl-5df7d698-6c9a-4a75-b3ca-6c6997f7fa13/datanode-0/data/ratis/48fd6bb0-5678-43ae-95cc-8a928ead5328/sm/snapshot.1_0 took: 1 ms
2023-04-21 06:18:49,271 [e741532c-559f-497b-a202-f4f9d9b61a12@group-8A928EAD5328-StateMachineUpdater] INFO  impl.StateMachineUpdater (StateMachineUpdater.java:takeSnapshot(287)) - e741532c-559f-497b-a202-f4f9d9b61a12@group-8A928EAD5328-StateMachineUpdater: Took a snapshot at index 0
2023-04-21 06:18:49,272 [e741532c-559f-497b-a202-f4f9d9b61a12@group-8A928EAD5328-StateMachineUpdater] INFO  impl.StateMachineUpdater (StateMachineUpdater.java:lambda$new$0(92)) - e741532c-559f-497b-a202-f4f9d9b61a12@group-8A928EAD5328-StateMachineUpdater: snapshotIndex: updateIncreasingly -1 -> 0
2023-04-21 06:18:49,272 [e741532c-559f-497b-a202-f4f9d9b61a12-impl-thread1] INFO  server.RaftServer$Division (ServerState.java:close(466)) - e741532c-559f-497b-a202-f4f9d9b61a12@group-8A928EAD5328: closes. applyIndex: 0
2023-04-21 06:18:49,272 [e741532c-559f-497b-a202-f4f9d9b61a12@group-8A928EAD5328-SegmentedRaftLogWorker] INFO  segmented.SegmentedRaftLogWorker (SegmentedRaftLogWorker.java:run(347)) - e741532c-559f-497b-a202-f4f9d9b61a12@group-8A928EAD5328-SegmentedRaftLogWorker was interrupted, exiting. There are 0 tasks remaining in the queue.
2023-04-21 06:18:49,271 [89310092-6a08-4a04-ad3d-d7c31a3b6af8-impl-thread3] INFO  util.JmxRegister (JmxRegister.java:unregister(73)) - Successfully un-registered JMX Bean with object name Ratis:service=RaftServer,group=group-D015C65811E2,id=89310092-6a08-4a04-ad3d-d7c31a3b6af8
2023-04-21 06:18:49,272 [89310092-6a08-4a04-ad3d-d7c31a3b6af8-impl-thread3] INFO  impl.RoleInfo (RoleInfo.java:shutdownLeaderState(93)) - 89310092-6a08-4a04-ad3d-d7c31a3b6af8: shutdown 89310092-6a08-4a04-ad3d-d7c31a3b6af8@group-D015C65811E2-LeaderStateImpl
2023-04-21 06:18:49,272 [grpc-default-executor-6] INFO  leader.FollowerInfo (FollowerInfoImpl.java:lambda$new$0(48)) - e741532c-559f-497b-a202-f4f9d9b61a12@group-8A928EAD5328->acf62409-eb7d-4a8d-bf49-c09672ff1fd3: nextIndex: updateUnconditionally 0 -> 0
2023-04-21 06:18:49,272 [89310092-6a08-4a04-ad3d-d7c31a3b6af8-impl-thread3] INFO  impl.PendingRequests (PendingRequests.java:sendNotLeaderResponses(282)) - 89310092-6a08-4a04-ad3d-d7c31a3b6af8@group-D015C65811E2-PendingRequests: sendNotLeaderResponses
2023-04-21 06:18:49,273 [89310092-6a08-4a04-ad3d-d7c31a3b6af8@group-D015C65811E2-StateMachineUpdater] INFO  ratis.ContainerStateMachine (ContainerStateMachine.java:takeSnapshot(330)) - group-D015C65811E2: Taking a snapshot at:(t:1, i:0) file /home/runner/work/ozone/ozone/hadoop-ozone/integration-test/target/test-dir/MiniOzoneClusterImpl-5df7d698-6c9a-4a75-b3ca-6c6997f7fa13/datanode-1/data/ratis/443fde9c-a019-4cb4-97af-d015c65811e2/sm/snapshot.1_0
2023-04-21 06:18:49,273 [89310092-6a08-4a04-ad3d-d7c31a3b6af8-impl-thread3] INFO  impl.StateMachineUpdater (StateMachineUpdater.java:stopAndJoin(153)) - 89310092-6a08-4a04-ad3d-d7c31a3b6af8@group-D015C65811E2-StateMachineUpdater: set stopIndex = 0
2023-04-21 06:18:49,273 [89310092-6a08-4a04-ad3d-d7c31a3b6af8@group-D015C65811E2-StateMachineUpdater] INFO  ratis.ContainerStateMachine (ContainerStateMachine.java:takeSnapshot(341)) - group-D015C65811E2: Finished taking a snapshot at:(t:1, i:0) file:/home/runner/work/ozone/ozone/hadoop-ozone/integration-test/target/test-dir/MiniOzoneClusterImpl-5df7d698-6c9a-4a75-b3ca-6c6997f7fa13/datanode-1/data/ratis/443fde9c-a019-4cb4-97af-d015c65811e2/sm/snapshot.1_0 took: 0 ms
2023-04-21 06:18:49,273 [89310092-6a08-4a04-ad3d-d7c31a3b6af8@group-D015C65811E2-StateMachineUpdater] INFO  impl.StateMachineUpdater (StateMachineUpdater.java:takeSnapshot(287)) - 89310092-6a08-4a04-ad3d-d7c31a3b6af8@group-D015C65811E2-StateMachineUpdater: Took a snapshot at index 0
2023-04-21 06:18:49,273 [89310092-6a08-4a04-ad3d-d7c31a3b6af8@group-D015C65811E2-StateMachineUpdater] INFO  impl.StateMachineUpdater (StateMachineUpdater.java:lambda$new$0(92)) - 89310092-6a08-4a04-ad3d-d7c31a3b6af8@group-D015C65811E2-StateMachineUpdater: snapshotIndex: updateIncreasingly -1 -> 0
2023-04-21 06:18:49,273 [grpc-default-executor-7] INFO  server.GrpcLogAppender (GrpcLogAppender.java:onError(404)) - 89310092-6a08-4a04-ad3d-d7c31a3b6af8@group-F7F59576AD21->e741532c-559f-497b-a202-f4f9d9b61a12-GrpcLogAppender is already stopped
2023-04-21 06:18:49,275 [89310092-6a08-4a04-ad3d-d7c31a3b6af8-impl-thread2] INFO  segmented.SegmentedRaftLogWorker (SegmentedRaftLogWorker.java:close(257)) - 89310092-6a08-4a04-ad3d-d7c31a3b6af8@group-F7F59576AD21-SegmentedRaftLogWorker close()
2023-04-21 06:18:49,275 [e741532c-559f-497b-a202-f4f9d9b61a12-impl-thread1] INFO  segmented.SegmentedRaftLogWorker (SegmentedRaftLogWorker.java:close(257)) - e741532c-559f-497b-a202-f4f9d9b61a12@group-8A928EAD5328-SegmentedRaftLogWorker close()
2023-04-21 06:18:49,275 [Listener at 127.0.0.1/41999] INFO  server.GrpcServerProtocolClient (GrpcServerProtocolClient.java:close(101)) - e741532c-559f-497b-a202-f4f9d9b61a12 Close channels
2023-04-21 06:18:49,274 [89310092-6a08-4a04-ad3d-d7c31a3b6af8-impl-thread3] INFO  server.RaftServer$Division (ServerState.java:close(466)) - 89310092-6a08-4a04-ad3d-d7c31a3b6af8@group-D015C65811E2: closes. applyIndex: 0
2023-04-21 06:18:49,276 [89310092-6a08-4a04-ad3d-d7c31a3b6af8@group-D015C65811E2-SegmentedRaftLogWorker] INFO  segmented.SegmentedRaftLogWorker (SegmentedRaftLogWorker.java:run(347)) - 89310092-6a08-4a04-ad3d-d7c31a3b6af8@group-D015C65811E2-SegmentedRaftLogWorker was interrupted, exiting. There are 0 tasks remaining in the queue.
2023-04-21 06:18:49,277 [ForkJoinPool.commonPool-worker-0] INFO  server.GrpcServerProtocolClient (GrpcServerProtocolClient.java:close(101)) - acf62409-eb7d-4a8d-bf49-c09672ff1fd3 Close channels
2023-04-21 06:18:49,277 [grpc-default-executor-6] INFO  server.GrpcServerProtocolService (GrpcServerProtocolService.java:onCompleted(143)) - acf62409-eb7d-4a8d-bf49-c09672ff1fd3: Completed APPEND_ENTRIES, lastRequest: null
2023-04-21 06:18:49,279 [grpc-default-executor-7] INFO  server.GrpcServerProtocolService (GrpcServerProtocolService.java:onCompleted(143)) - acf62409-eb7d-4a8d-bf49-c09672ff1fd3: Completed APPEND_ENTRIES, lastRequest: 89310092-6a08-4a04-ad3d-d7c31a3b6af8->acf62409-eb7d-4a8d-bf49-c09672ff1fd3#1-t1,previous=(t:0, i:0),leaderCommit=0,initializing? true,entries: size=1, first=(t:1, i:0), CONFIGURATIONENTRY(current:id: "e741532c-559f-497b-a202-f4f9d9b61a12"
address: "10.1.0.35:43445"
dataStreamAddress: "10.1.0.35:40381"
clientAddress: "10.1.0.35:43445"
adminAddress: "10.1.0.35:43445"
startupRole: FOLLOWER
,id: "89310092-6a08-4a04-ad3d-d7c31a3b6af8"
address: "10.1.0.35:39263"
priority: 1
dataStreamAddress: "10.1.0.35:39791"
clientAddress: "10.1.0.35:39263"
adminAddress: "10.1.0.35:39263"
startupRole: FOLLOWER
,id: "acf62409-eb7d-4a8d-bf49-c09672ff1fd3"
address: "10.1.0.35:37499"
dataStreamAddress: "10.1.0.35:32899"
clientAddress: "10.1.0.35:37499"
adminAddress: "10.1.0.35:37499"
startupRole: FOLLOWER
, old:)
2023-04-21 06:18:49,286 [89310092-6a08-4a04-ad3d-d7c31a3b6af8-impl-thread3] INFO  segmented.SegmentedRaftLogWorker (SegmentedRaftLogWorker.java:close(257)) - 89310092-6a08-4a04-ad3d-d7c31a3b6af8@group-D015C65811E2-SegmentedRaftLogWorker close()
2023-04-21 06:18:49,286 [grpc-default-executor-7] INFO  server.GrpcLogAppender (GrpcLogAppender.java:onCompleted(415)) - 89310092-6a08-4a04-ad3d-d7c31a3b6af8@group-F7F59576AD21->acf62409-eb7d-4a8d-bf49-c09672ff1fd3-AppendLogResponseHandler: follower responses appendEntries COMPLETED
2023-04-21 06:18:49,286 [grpc-default-executor-7] WARN  server.GrpcLogAppender (GrpcLogAppender.java:resetClient(137)) - 89310092-6a08-4a04-ad3d-d7c31a3b6af8@group-F7F59576AD21->acf62409-eb7d-4a8d-bf49-c09672ff1fd3-GrpcLogAppender: Failed to getClient for acf62409-eb7d-4a8d-bf49-c09672ff1fd3
org.apache.ratis.protocol.exceptions.AlreadyClosedException: 89310092-6a08-4a04-ad3d-d7c31a3b6af8 is already CLOSED
	at org.apache.ratis.util.PeerProxyMap$PeerAndProxy.getProxy(PeerProxyMap.java:61)
	at org.apache.ratis.util.PeerProxyMap.getProxy(PeerProxyMap.java:115)
	at org.apache.ratis.grpc.server.GrpcLogAppender.getClient(GrpcLogAppender.java:116)
	at org.apache.ratis.grpc.server.GrpcLogAppender.resetClient(GrpcLogAppender.java:121)
	at org.apache.ratis.grpc.server.GrpcLogAppender.access$500(GrpcLogAppender.java:58)
	at org.apache.ratis.grpc.server.GrpcLogAppender$AppendLogResponseHandler.onCompleted(GrpcLogAppender.java:416)
	at org.apache.ratis.thirdparty.io.grpc.stub.ClientCalls$StreamObserverToCallListenerAdapter.onClose(ClientCalls.java:485)
	at org.apache.ratis.thirdparty.io.grpc.internal.ClientCallImpl.closeObserver(ClientCallImpl.java:562)
	at org.apache.ratis.thirdparty.io.grpc.internal.ClientCallImpl.access$300(ClientCallImpl.java:70)
	at org.apache.ratis.thirdparty.io.grpc.internal.ClientCallImpl$ClientStreamListenerImpl$1StreamClosed.runInternal(ClientCallImpl.java:743)
	at org.apache.ratis.thirdparty.io.grpc.internal.ClientCallImpl$ClientStreamListenerImpl$1StreamClosed.runInContext(ClientCallImpl.java:722)
	at org.apache.ratis.thirdparty.io.grpc.internal.ContextRunnable.run(ContextRunnable.java:37)
	at org.apache.ratis.thirdparty.io.grpc.internal.SerializingExecutor.run(SerializingExecutor.java:133)
	at java.util.concurrent.ThreadPoolExecutor.runWorker(ThreadPoolExecutor.java:1149)
	at java.util.concurrent.ThreadPoolExecutor$Worker.run(ThreadPoolExecutor.java:624)
	at java.lang.Thread.run(Thread.java:750)
2023-04-21 06:18:49,285 [ForkJoinPool.commonPool-worker-0] INFO  server.GrpcService (GrpcService.java:closeImpl(280)) - e741532c-559f-497b-a202-f4f9d9b61a12: shutdown server GrpcServerProtocolService successfully
2023-04-21 06:18:49,285 [grpc-default-executor-2] INFO  server.GrpcLogAppender (GrpcLogAppender.java:onCompleted(415)) - 89310092-6a08-4a04-ad3d-d7c31a3b6af8@group-F7F59576AD21->acf62409-eb7d-4a8d-bf49-c09672ff1fd3-AppendLogResponseHandler: follower responses appendEntries COMPLETED
2023-04-21 06:18:49,287 [grpc-default-executor-2] WARN  server.GrpcLogAppender (GrpcLogAppender.java:resetClient(137)) - 89310092-6a08-4a04-ad3d-d7c31a3b6af8@group-F7F59576AD21->acf62409-eb7d-4a8d-bf49-c09672ff1fd3-GrpcLogAppender: Failed to getClient for acf62409-eb7d-4a8d-bf49-c09672ff1fd3
org.apache.ratis.protocol.exceptions.AlreadyClosedException: 89310092-6a08-4a04-ad3d-d7c31a3b6af8 is already CLOSED
	at org.apache.ratis.util.PeerProxyMap$PeerAndProxy.getProxy(PeerProxyMap.java:61)
	at org.apache.ratis.util.PeerProxyMap.getProxy(PeerProxyMap.java:115)
	at org.apache.ratis.grpc.server.GrpcLogAppender.getClient(GrpcLogAppender.java:116)
	at org.apache.ratis.grpc.server.GrpcLogAppender.resetClient(GrpcLogAppender.java:121)
	at org.apache.ratis.grpc.server.GrpcLogAppender.access$500(GrpcLogAppender.java:58)
	at org.apache.ratis.grpc.server.GrpcLogAppender$AppendLogResponseHandler.onCompleted(GrpcLogAppender.java:416)
	at org.apache.ratis.thirdparty.io.grpc.stub.ClientCalls$StreamObserverToCallListenerAdapter.onClose(ClientCalls.java:485)
	at org.apache.ratis.thirdparty.io.grpc.internal.DelayedClientCall$DelayedListener$3.run(DelayedClientCall.java:468)
	at org.apache.ratis.thirdparty.io.grpc.internal.DelayedClientCall$DelayedListener.delayOrExecute(DelayedClientCall.java:432)
	at org.apache.ratis.thirdparty.io.grpc.internal.DelayedClientCall$DelayedListener.onClose(DelayedClientCall.java:465)
	at org.apache.ratis.thirdparty.io.grpc.internal.ClientCallImpl.closeObserver(ClientCallImpl.java:562)
	at org.apache.ratis.thirdparty.io.grpc.internal.ClientCallImpl.access$300(ClientCallImpl.java:70)
	at org.apache.ratis.thirdparty.io.grpc.internal.ClientCallImpl$ClientStreamListenerImpl$1StreamClosed.runInternal(ClientCallImpl.java:743)
	at org.apache.ratis.thirdparty.io.grpc.internal.ClientCallImpl$ClientStreamListenerImpl$1StreamClosed.runInContext(ClientCallImpl.java:722)
	at org.apache.ratis.thirdparty.io.grpc.internal.ContextRunnable.run(ContextRunnable.java:37)
	at org.apache.ratis.thirdparty.io.grpc.internal.SerializingExecutor.run(SerializingExecutor.java:133)
	at java.util.concurrent.ThreadPoolExecutor.runWorker(ThreadPoolExecutor.java:1149)
	at java.util.concurrent.ThreadPoolExecutor$Worker.run(ThreadPoolExecutor.java:624)
	at java.lang.Thread.run(Thread.java:750)
2023-04-21 06:18:49,280 [Listener at 127.0.0.1/41999] INFO  server.GrpcServerProtocolClient (GrpcServerProtocolClient.java:close(101)) - acf62409-eb7d-4a8d-bf49-c09672ff1fd3 Close channels
2023-04-21 06:18:49,287 [e741532c-559f-497b-a202-f4f9d9b61a12-NettyServerStreamRpc-bossGroup--thread1] INFO  logging.LoggingHandler (AbstractInternalLogger.java:log(148)) - [id: 0x2d380ba4, L:/0:0:0:0:0:0:0:0:40381] CLOSE
2023-04-21 06:18:49,288 [e741532c-559f-497b-a202-f4f9d9b61a12-NettyServerStreamRpc-bossGroup--thread1] INFO  logging.LoggingHandler (AbstractInternalLogger.java:log(148)) - [id: 0x2d380ba4, L:/0:0:0:0:0:0:0:0:40381] INACTIVE
2023-04-21 06:18:49,288 [e741532c-559f-497b-a202-f4f9d9b61a12-NettyServerStreamRpc-bossGroup--thread1] INFO  logging.LoggingHandler (AbstractInternalLogger.java:log(148)) - [id: 0x2d380ba4, L:/0:0:0:0:0:0:0:0:40381] UNREGISTERED
2023-04-21 06:18:49,303 [JvmPauseMonitor26] INFO  util.JvmPauseMonitor (JvmPauseMonitor.java:run(111)) - JvmPauseMonitor-e741532c-559f-497b-a202-f4f9d9b61a12: Stopped
2023-04-21 06:18:49,305 [Listener at 127.0.0.1/41999] INFO  server.GrpcService (GrpcService.java:closeImpl(280)) - 89310092-6a08-4a04-ad3d-d7c31a3b6af8: shutdown server GrpcServerProtocolService successfully
2023-04-21 06:18:49,305 [89310092-6a08-4a04-ad3d-d7c31a3b6af8-NettyServerStreamRpc-bossGroup--thread1] INFO  logging.LoggingHandler (AbstractInternalLogger.java:log(148)) - [id: 0x55617255, L:/0:0:0:0:0:0:0:0:39791] CLOSE
2023-04-21 06:18:49,305 [89310092-6a08-4a04-ad3d-d7c31a3b6af8-NettyServerStreamRpc-bossGroup--thread1] INFO  logging.LoggingHandler (AbstractInternalLogger.java:log(148)) - [id: 0x55617255, L:/0:0:0:0:0:0:0:0:39791] INACTIVE
2023-04-21 06:18:49,305 [89310092-6a08-4a04-ad3d-d7c31a3b6af8-NettyServerStreamRpc-bossGroup--thread1] INFO  logging.LoggingHandler (AbstractInternalLogger.java:log(148)) - [id: 0x55617255, L:/0:0:0:0:0:0:0:0:39791] UNREGISTERED
2023-04-21 06:18:49,312 [JvmPauseMonitor27] INFO  util.JvmPauseMonitor (JvmPauseMonitor.java:run(111)) - JvmPauseMonitor-89310092-6a08-4a04-ad3d-d7c31a3b6af8: Stopped
2023-04-21 06:18:51,309 [ForkJoinPool.commonPool-worker-0] INFO  volume.HddsVolume (HddsVolume.java:closeDbStore(437)) - SchemaV3 db is stopped at /home/runner/work/ozone/ozone/hadoop-ozone/integration-test/target/test-dir/MiniOzoneClusterImpl-5df7d698-6c9a-4a75-b3ca-6c6997f7fa13/datanode-0/data-0/containers/hdds/5df7d698-6c9a-4a75-b3ca-6c6997f7fa13/DS-252261b1-c055-4af2-9c03-126b9fb0fb5d/container.db for volume DS-252261b1-c055-4af2-9c03-126b9fb0fb5d
2023-04-21 06:18:51,310 [ForkJoinPool.commonPool-worker-0] INFO  utils.BackgroundService (BackgroundService.java:shutdown(141)) - Shutting down service BlockDeletingService
2023-04-21 06:18:51,310 [ForkJoinPool.commonPool-worker-0] INFO  utils.BackgroundService (BackgroundService.java:shutdown(141)) - Shutting down service StaleRecoveringContainerScrubbingService
2023-04-21 06:18:51,312 [ForkJoinPool.commonPool-worker-0] INFO  statemachine.DatanodeStateMachine (DatanodeStateMachine.java:stopDaemon(601)) - Ozone container server stopped.
2023-04-21 06:18:51,315 [Listener at 127.0.0.1/41999] INFO  volume.HddsVolume (HddsVolume.java:closeDbStore(437)) - SchemaV3 db is stopped at /home/runner/work/ozone/ozone/hadoop-ozone/integration-test/target/test-dir/MiniOzoneClusterImpl-5df7d698-6c9a-4a75-b3ca-6c6997f7fa13/datanode-1/data-0/containers/hdds/5df7d698-6c9a-4a75-b3ca-6c6997f7fa13/DS-6c0a783d-0369-4458-9ab3-a0669509de8f/container.db for volume DS-6c0a783d-0369-4458-9ab3-a0669509de8f
2023-04-21 06:18:51,315 [Listener at 127.0.0.1/41999] INFO  utils.BackgroundService (BackgroundService.java:shutdown(141)) - Shutting down service BlockDeletingService
2023-04-21 06:18:51,315 [Listener at 127.0.0.1/41999] INFO  utils.BackgroundService (BackgroundService.java:shutdown(141)) - Shutting down service StaleRecoveringContainerScrubbingService
2023-04-21 06:18:51,316 [Listener at 127.0.0.1/41999] INFO  statemachine.DatanodeStateMachine (DatanodeStateMachine.java:stopDaemon(601)) - Ozone container server stopped.
2023-04-21 06:18:51,324 [ForkJoinPool.commonPool-worker-0] INFO  handler.ContextHandler (ContextHandler.java:doStop(1159)) - Stopped o.e.j.w.WebAppContext@122b9448{hddsDatanode,/,null,STOPPED}{jar:file:/home/runner/.m2/repository/org/apache/ozone/hdds-container-service/1.4.0-SNAPSHOT/hdds-container-service-1.4.0-SNAPSHOT.jar!/webapps/hddsDatanode}
2023-04-21 06:18:51,325 [ForkJoinPool.commonPool-worker-0] INFO  server.AbstractConnector (AbstractConnector.java:doStop(383)) - Stopped ServerConnector@7f21c210{HTTP/1.1, (http/1.1)}{0.0.0.0:0}
2023-04-21 06:18:51,325 [ForkJoinPool.commonPool-worker-0] INFO  server.session (HouseKeeper.java:stopScavenging(149)) - node0 Stopped scavenging
2023-04-21 06:18:51,326 [ForkJoinPool.commonPool-worker-0] INFO  handler.ContextHandler (ContextHandler.java:doStop(1159)) - Stopped o.e.j.s.ServletContextHandler@18bd99bb{static,/static,jar:file:/home/runner/.m2/repository/org/apache/ozone/hdds-container-service/1.4.0-SNAPSHOT/hdds-container-service-1.4.0-SNAPSHOT.jar!/webapps/static,STOPPED}
2023-04-21 06:18:51,326 [ForkJoinPool.commonPool-worker-0] INFO  handler.ContextHandler (ContextHandler.java:doStop(1159)) - Stopped o.e.j.s.ServletContextHandler@54fee132{logs,/logs,file:///home/runner/work/ozone/ozone/hadoop-ozone/integration-test/target/log,STOPPED}
2023-04-21 06:18:51,327 [Listener at 127.0.0.1/41999] INFO  handler.ContextHandler (ContextHandler.java:doStop(1159)) - Stopped o.e.j.w.WebAppContext@78ee39e6{hddsDatanode,/,null,STOPPED}{jar:file:/home/runner/.m2/repository/org/apache/ozone/hdds-container-service/1.4.0-SNAPSHOT/hdds-container-service-1.4.0-SNAPSHOT.jar!/webapps/hddsDatanode}
2023-04-21 06:18:51,327 [Listener at 127.0.0.1/41999] INFO  server.AbstractConnector (AbstractConnector.java:doStop(383)) - Stopped ServerConnector@18f974e8{HTTP/1.1, (http/1.1)}{0.0.0.0:0}
2023-04-21 06:18:51,327 [Listener at 127.0.0.1/41999] INFO  server.session (HouseKeeper.java:stopScavenging(149)) - node0 Stopped scavenging
2023-04-21 06:18:51,327 [Listener at 127.0.0.1/41999] INFO  handler.ContextHandler (ContextHandler.java:doStop(1159)) - Stopped o.e.j.s.ServletContextHandler@d16ba69{static,/static,jar:file:/home/runner/.m2/repository/org/apache/ozone/hdds-container-service/1.4.0-SNAPSHOT/hdds-container-service-1.4.0-SNAPSHOT.jar!/webapps/static,STOPPED}
2023-04-21 06:18:51,327 [Listener at 127.0.0.1/41999] INFO  handler.ContextHandler (ContextHandler.java:doStop(1159)) - Stopped o.e.j.s.ServletContextHandler@6f39453c{logs,/logs,file:///home/runner/work/ozone/ozone/hadoop-ozone/integration-test/target/log,STOPPED}
2023-04-21 06:18:51,329 [ForkJoinPool.commonPool-worker-0] INFO  ozoneimpl.OzoneContainer (OzoneContainer.java:stop(419)) - Attempting to stop container services.
2023-04-21 06:18:51,330 [ForkJoinPool.commonPool-worker-0] INFO  server.RaftServer (RaftServerProxy.java:lambda$close$6(409)) - acf62409-eb7d-4a8d-bf49-c09672ff1fd3: close
2023-04-21 06:18:51,330 [acf62409-eb7d-4a8d-bf49-c09672ff1fd3-impl-thread1] INFO  server.RaftServer$Division (RaftServerImpl.java:lambda$close$4(458)) - acf62409-eb7d-4a8d-bf49-c09672ff1fd3@group-8A928EAD5328: shutdown
2023-04-21 06:18:51,330 [acf62409-eb7d-4a8d-bf49-c09672ff1fd3-impl-thread1] INFO  util.JmxRegister (JmxRegister.java:unregister(73)) - Successfully un-registered JMX Bean with object name Ratis:service=RaftServer,group=group-8A928EAD5328,id=acf62409-eb7d-4a8d-bf49-c09672ff1fd3
2023-04-21 06:18:51,330 [acf62409-eb7d-4a8d-bf49-c09672ff1fd3-impl-thread1] INFO  impl.RoleInfo (RoleInfo.java:shutdownFollowerState(110)) - acf62409-eb7d-4a8d-bf49-c09672ff1fd3: shutdown acf62409-eb7d-4a8d-bf49-c09672ff1fd3@group-8A928EAD5328-FollowerState
2023-04-21 06:18:51,330 [acf62409-eb7d-4a8d-bf49-c09672ff1fd3-impl-thread2] INFO  server.RaftServer$Division (RaftServerImpl.java:lambda$close$4(458)) - acf62409-eb7d-4a8d-bf49-c09672ff1fd3@group-AAE080EAEAF1: shutdown
2023-04-21 06:18:51,330 [acf62409-eb7d-4a8d-bf49-c09672ff1fd3-impl-thread2] INFO  util.JmxRegister (JmxRegister.java:unregister(73)) - Successfully un-registered JMX Bean with object name Ratis:service=RaftServer,group=group-AAE080EAEAF1,id=acf62409-eb7d-4a8d-bf49-c09672ff1fd3
2023-04-21 06:18:51,331 [acf62409-eb7d-4a8d-bf49-c09672ff1fd3-impl-thread2] INFO  impl.RoleInfo (RoleInfo.java:shutdownLeaderState(93)) - acf62409-eb7d-4a8d-bf49-c09672ff1fd3: shutdown acf62409-eb7d-4a8d-bf49-c09672ff1fd3@group-AAE080EAEAF1-LeaderStateImpl
2023-04-21 06:18:51,331 [acf62409-eb7d-4a8d-bf49-c09672ff1fd3-impl-thread2] INFO  impl.PendingRequests (PendingRequests.java:sendNotLeaderResponses(282)) - acf62409-eb7d-4a8d-bf49-c09672ff1fd3@group-AAE080EAEAF1-PendingRequests: sendNotLeaderResponses
2023-04-21 06:18:51,331 [acf62409-eb7d-4a8d-bf49-c09672ff1fd3-impl-thread2] INFO  impl.StateMachineUpdater (StateMachineUpdater.java:stopAndJoin(153)) - acf62409-eb7d-4a8d-bf49-c09672ff1fd3@group-AAE080EAEAF1-StateMachineUpdater: set stopIndex = 0
2023-04-21 06:18:51,331 [ForkJoinPool.commonPool-worker-0] INFO  server.GrpcService (GrpcService.java:closeImpl(271)) - acf62409-eb7d-4a8d-bf49-c09672ff1fd3: shutdown server GrpcServerProtocolService now
2023-04-21 06:18:51,331 [acf62409-eb7d-4a8d-bf49-c09672ff1fd3-impl-thread1] INFO  impl.StateMachineUpdater (StateMachineUpdater.java:stopAndJoin(153)) - acf62409-eb7d-4a8d-bf49-c09672ff1fd3@group-8A928EAD5328-StateMachineUpdater: set stopIndex = 0
2023-04-21 06:18:51,331 [acf62409-eb7d-4a8d-bf49-c09672ff1fd3@group-8A928EAD5328-FollowerState] INFO  impl.FollowerState (FollowerState.java:run(152)) - acf62409-eb7d-4a8d-bf49-c09672ff1fd3@group-8A928EAD5328-FollowerState was interrupted
2023-04-21 06:18:51,331 [acf62409-eb7d-4a8d-bf49-c09672ff1fd3@group-AAE080EAEAF1-StateMachineUpdater] INFO  ratis.ContainerStateMachine (ContainerStateMachine.java:takeSnapshot(330)) - group-AAE080EAEAF1: Taking a snapshot at:(t:1, i:0) file /home/runner/work/ozone/ozone/hadoop-ozone/integration-test/target/test-dir/MiniOzoneClusterImpl-5df7d698-6c9a-4a75-b3ca-6c6997f7fa13/datanode-2/data/ratis/d5782de6-d1ae-4c0a-9e6b-aae080eaeaf1/sm/snapshot.1_0
2023-04-21 06:18:51,331 [acf62409-eb7d-4a8d-bf49-c09672ff1fd3@group-8A928EAD5328-StateMachineUpdater] INFO  ratis.ContainerStateMachine (ContainerStateMachine.java:takeSnapshot(330)) - group-8A928EAD5328: Taking a snapshot at:(t:1, i:0) file /home/runner/work/ozone/ozone/hadoop-ozone/integration-test/target/test-dir/MiniOzoneClusterImpl-5df7d698-6c9a-4a75-b3ca-6c6997f7fa13/datanode-2/data/ratis/48fd6bb0-5678-43ae-95cc-8a928ead5328/sm/snapshot.1_0
2023-04-21 06:18:51,331 [acf62409-eb7d-4a8d-bf49-c09672ff1fd3-impl-thread3] INFO  server.RaftServer$Division (RaftServerImpl.java:lambda$close$4(458)) - acf62409-eb7d-4a8d-bf49-c09672ff1fd3@group-F7F59576AD21: shutdown
2023-04-21 06:18:51,331 [acf62409-eb7d-4a8d-bf49-c09672ff1fd3-impl-thread3] INFO  util.JmxRegister (JmxRegister.java:unregister(73)) - Successfully un-registered JMX Bean with object name Ratis:service=RaftServer,group=group-F7F59576AD21,id=acf62409-eb7d-4a8d-bf49-c09672ff1fd3
2023-04-21 06:18:51,331 [acf62409-eb7d-4a8d-bf49-c09672ff1fd3-impl-thread3] INFO  impl.RoleInfo (RoleInfo.java:shutdownFollowerState(110)) - acf62409-eb7d-4a8d-bf49-c09672ff1fd3: shutdown acf62409-eb7d-4a8d-bf49-c09672ff1fd3@group-F7F59576AD21-FollowerState
2023-04-21 06:18:51,332 [acf62409-eb7d-4a8d-bf49-c09672ff1fd3@group-F7F59576AD21-FollowerState] INFO  impl.FollowerState (FollowerState.java:run(152)) - acf62409-eb7d-4a8d-bf49-c09672ff1fd3@group-F7F59576AD21-FollowerState was interrupted
2023-04-21 06:18:51,332 [acf62409-eb7d-4a8d-bf49-c09672ff1fd3@group-8A928EAD5328-StateMachineUpdater] INFO  ratis.ContainerStateMachine (ContainerStateMachine.java:takeSnapshot(341)) - group-8A928EAD5328: Finished taking a snapshot at:(t:1, i:0) file:/home/runner/work/ozone/ozone/hadoop-ozone/integration-test/target/test-dir/MiniOzoneClusterImpl-5df7d698-6c9a-4a75-b3ca-6c6997f7fa13/datanode-2/data/ratis/48fd6bb0-5678-43ae-95cc-8a928ead5328/sm/snapshot.1_0 took: 2 ms
2023-04-21 06:18:51,332 [acf62409-eb7d-4a8d-bf49-c09672ff1fd3@group-AAE080EAEAF1-StateMachineUpdater] INFO  ratis.ContainerStateMachine (ContainerStateMachine.java:takeSnapshot(341)) - group-AAE080EAEAF1: Finished taking a snapshot at:(t:1, i:0) file:/home/runner/work/ozone/ozone/hadoop-ozone/integration-test/target/test-dir/MiniOzoneClusterImpl-5df7d698-6c9a-4a75-b3ca-6c6997f7fa13/datanode-2/data/ratis/d5782de6-d1ae-4c0a-9e6b-aae080eaeaf1/sm/snapshot.1_0 took: 2 ms
2023-04-21 06:18:51,333 [acf62409-eb7d-4a8d-bf49-c09672ff1fd3@group-8A928EAD5328-StateMachineUpdater] INFO  impl.StateMachineUpdater (StateMachineUpdater.java:takeSnapshot(287)) - acf62409-eb7d-4a8d-bf49-c09672ff1fd3@group-8A928EAD5328-StateMachineUpdater: Took a snapshot at index 0
2023-04-21 06:18:51,333 [acf62409-eb7d-4a8d-bf49-c09672ff1fd3@group-AAE080EAEAF1-StateMachineUpdater] INFO  impl.StateMachineUpdater (StateMachineUpdater.java:takeSnapshot(287)) - acf62409-eb7d-4a8d-bf49-c09672ff1fd3@group-AAE080EAEAF1-StateMachineUpdater: Took a snapshot at index 0
2023-04-21 06:18:51,333 [acf62409-eb7d-4a8d-bf49-c09672ff1fd3@group-AAE080EAEAF1-StateMachineUpdater] INFO  impl.StateMachineUpdater (StateMachineUpdater.java:lambda$new$0(92)) - acf62409-eb7d-4a8d-bf49-c09672ff1fd3@group-AAE080EAEAF1-StateMachineUpdater: snapshotIndex: updateIncreasingly -1 -> 0
2023-04-21 06:18:51,338 [acf62409-eb7d-4a8d-bf49-c09672ff1fd3@group-F7F59576AD21-StateMachineUpdater] INFO  ratis.ContainerStateMachine (ContainerStateMachine.java:takeSnapshot(330)) - group-F7F59576AD21: Taking a snapshot at:(t:1, i:0) file /home/runner/work/ozone/ozone/hadoop-ozone/integration-test/target/test-dir/MiniOzoneClusterImpl-5df7d698-6c9a-4a75-b3ca-6c6997f7fa13/datanode-2/data/ratis/908356c2-a06b-487d-989e-f7f59576ad21/sm/snapshot.1_0
2023-04-21 06:18:51,333 [acf62409-eb7d-4a8d-bf49-c09672ff1fd3@group-8A928EAD5328-StateMachineUpdater] INFO  impl.StateMachineUpdater (StateMachineUpdater.java:lambda$new$0(92)) - acf62409-eb7d-4a8d-bf49-c09672ff1fd3@group-8A928EAD5328-StateMachineUpdater: snapshotIndex: updateIncreasingly -1 -> 0
2023-04-21 06:18:51,338 [acf62409-eb7d-4a8d-bf49-c09672ff1fd3-impl-thread2] INFO  server.RaftServer$Division (ServerState.java:close(466)) - acf62409-eb7d-4a8d-bf49-c09672ff1fd3@group-AAE080EAEAF1: closes. applyIndex: 0
2023-04-21 06:18:51,333 [acf62409-eb7d-4a8d-bf49-c09672ff1fd3-impl-thread3] INFO  impl.StateMachineUpdater (StateMachineUpdater.java:stopAndJoin(153)) - acf62409-eb7d-4a8d-bf49-c09672ff1fd3@group-F7F59576AD21-StateMachineUpdater: set stopIndex = 0
2023-04-21 06:18:51,338 [acf62409-eb7d-4a8d-bf49-c09672ff1fd3-impl-thread1] INFO  server.RaftServer$Division (ServerState.java:close(466)) - acf62409-eb7d-4a8d-bf49-c09672ff1fd3@group-8A928EAD5328: closes. applyIndex: 0
2023-04-21 06:18:51,339 [acf62409-eb7d-4a8d-bf49-c09672ff1fd3@group-8A928EAD5328-SegmentedRaftLogWorker] INFO  segmented.SegmentedRaftLogWorker (SegmentedRaftLogWorker.java:run(347)) - acf62409-eb7d-4a8d-bf49-c09672ff1fd3@group-8A928EAD5328-SegmentedRaftLogWorker was interrupted, exiting. There are 0 tasks remaining in the queue.
2023-04-21 06:18:51,338 [acf62409-eb7d-4a8d-bf49-c09672ff1fd3@group-AAE080EAEAF1-SegmentedRaftLogWorker] INFO  segmented.SegmentedRaftLogWorker (SegmentedRaftLogWorker.java:run(347)) - acf62409-eb7d-4a8d-bf49-c09672ff1fd3@group-AAE080EAEAF1-SegmentedRaftLogWorker was interrupted, exiting. There are 0 tasks remaining in the queue.
2023-04-21 06:18:51,339 [ForkJoinPool.commonPool-worker-0] INFO  server.GrpcService (GrpcService.java:closeImpl(280)) - acf62409-eb7d-4a8d-bf49-c09672ff1fd3: shutdown server GrpcServerProtocolService successfully
2023-04-21 06:18:51,339 [acf62409-eb7d-4a8d-bf49-c09672ff1fd3@group-F7F59576AD21-StateMachineUpdater] INFO  ratis.ContainerStateMachine (ContainerStateMachine.java:takeSnapshot(341)) - group-F7F59576AD21: Finished taking a snapshot at:(t:1, i:0) file:/home/runner/work/ozone/ozone/hadoop-ozone/integration-test/target/test-dir/MiniOzoneClusterImpl-5df7d698-6c9a-4a75-b3ca-6c6997f7fa13/datanode-2/data/ratis/908356c2-a06b-487d-989e-f7f59576ad21/sm/snapshot.1_0 took: 1 ms
2023-04-21 06:18:51,339 [acf62409-eb7d-4a8d-bf49-c09672ff1fd3-NettyServerStreamRpc-bossGroup--thread1] INFO  logging.LoggingHandler (AbstractInternalLogger.java:log(148)) - [id: 0x7d0e939f, L:/0:0:0:0:0:0:0:0:32899] CLOSE
2023-04-21 06:18:51,339 [acf62409-eb7d-4a8d-bf49-c09672ff1fd3@group-F7F59576AD21-StateMachineUpdater] INFO  impl.StateMachineUpdater (StateMachineUpdater.java:takeSnapshot(287)) - acf62409-eb7d-4a8d-bf49-c09672ff1fd3@group-F7F59576AD21-StateMachineUpdater: Took a snapshot at index 0
2023-04-21 06:18:51,339 [acf62409-eb7d-4a8d-bf49-c09672ff1fd3@group-F7F59576AD21-StateMachineUpdater] INFO  impl.StateMachineUpdater (StateMachineUpdater.java:lambda$new$0(92)) - acf62409-eb7d-4a8d-bf49-c09672ff1fd3@group-F7F59576AD21-StateMachineUpdater: snapshotIndex: updateIncreasingly -1 -> 0
2023-04-21 06:18:51,339 [acf62409-eb7d-4a8d-bf49-c09672ff1fd3-NettyServerStreamRpc-bossGroup--thread1] INFO  logging.LoggingHandler (AbstractInternalLogger.java:log(148)) - [id: 0x7d0e939f, L:/0:0:0:0:0:0:0:0:32899] INACTIVE
2023-04-21 06:18:51,339 [acf62409-eb7d-4a8d-bf49-c09672ff1fd3-NettyServerStreamRpc-bossGroup--thread1] INFO  logging.LoggingHandler (AbstractInternalLogger.java:log(148)) - [id: 0x7d0e939f, L:/0:0:0:0:0:0:0:0:32899] UNREGISTERED
2023-04-21 06:18:51,339 [acf62409-eb7d-4a8d-bf49-c09672ff1fd3-impl-thread3] INFO  server.RaftServer$Division (ServerState.java:close(466)) - acf62409-eb7d-4a8d-bf49-c09672ff1fd3@group-F7F59576AD21: closes. applyIndex: 0
2023-04-21 06:18:51,339 [acf62409-eb7d-4a8d-bf49-c09672ff1fd3@group-F7F59576AD21-SegmentedRaftLogWorker] INFO  segmented.SegmentedRaftLogWorker (SegmentedRaftLogWorker.java:run(347)) - acf62409-eb7d-4a8d-bf49-c09672ff1fd3@group-F7F59576AD21-SegmentedRaftLogWorker was interrupted, exiting. There are 0 tasks remaining in the queue.
2023-04-21 06:18:51,340 [acf62409-eb7d-4a8d-bf49-c09672ff1fd3-impl-thread1] INFO  segmented.SegmentedRaftLogWorker (SegmentedRaftLogWorker.java:close(257)) - acf62409-eb7d-4a8d-bf49-c09672ff1fd3@group-8A928EAD5328-SegmentedRaftLogWorker close()
2023-04-21 06:18:51,340 [acf62409-eb7d-4a8d-bf49-c09672ff1fd3-impl-thread2] INFO  segmented.SegmentedRaftLogWorker (SegmentedRaftLogWorker.java:close(257)) - acf62409-eb7d-4a8d-bf49-c09672ff1fd3@group-AAE080EAEAF1-SegmentedRaftLogWorker close()
2023-04-21 06:18:51,340 [acf62409-eb7d-4a8d-bf49-c09672ff1fd3-impl-thread3] INFO  segmented.SegmentedRaftLogWorker (SegmentedRaftLogWorker.java:close(257)) - acf62409-eb7d-4a8d-bf49-c09672ff1fd3@group-F7F59576AD21-SegmentedRaftLogWorker close()
2023-04-21 06:18:51,345 [JvmPauseMonitor28] INFO  util.JvmPauseMonitor (JvmPauseMonitor.java:run(111)) - JvmPauseMonitor-acf62409-eb7d-4a8d-bf49-c09672ff1fd3: Stopped
2023-04-21 06:18:53,349 [ForkJoinPool.commonPool-worker-0] INFO  volume.HddsVolume (HddsVolume.java:closeDbStore(437)) - SchemaV3 db is stopped at /home/runner/work/ozone/ozone/hadoop-ozone/integration-test/target/test-dir/MiniOzoneClusterImpl-5df7d698-6c9a-4a75-b3ca-6c6997f7fa13/datanode-2/data-0/containers/hdds/5df7d698-6c9a-4a75-b3ca-6c6997f7fa13/DS-340e5fa3-68b4-4ca8-94c2-953346ef6504/container.db for volume DS-340e5fa3-68b4-4ca8-94c2-953346ef6504
2023-04-21 06:18:53,349 [ForkJoinPool.commonPool-worker-0] INFO  utils.BackgroundService (BackgroundService.java:shutdown(141)) - Shutting down service BlockDeletingService
2023-04-21 06:18:53,350 [ForkJoinPool.commonPool-worker-0] INFO  utils.BackgroundService (BackgroundService.java:shutdown(141)) - Shutting down service StaleRecoveringContainerScrubbingService
2023-04-21 06:18:53,352 [ForkJoinPool.commonPool-worker-0] INFO  statemachine.DatanodeStateMachine (DatanodeStateMachine.java:stopDaemon(601)) - Ozone container server stopped.
2023-04-21 06:18:53,366 [ForkJoinPool.commonPool-worker-0] INFO  handler.ContextHandler (ContextHandler.java:doStop(1159)) - Stopped o.e.j.w.WebAppContext@845b296{hddsDatanode,/,null,STOPPED}{jar:file:/home/runner/.m2/repository/org/apache/ozone/hdds-container-service/1.4.0-SNAPSHOT/hdds-container-service-1.4.0-SNAPSHOT.jar!/webapps/hddsDatanode}
2023-04-21 06:18:53,367 [ForkJoinPool.commonPool-worker-0] INFO  server.AbstractConnector (AbstractConnector.java:doStop(383)) - Stopped ServerConnector@314a0c0a{HTTP/1.1, (http/1.1)}{0.0.0.0:0}
2023-04-21 06:18:53,367 [ForkJoinPool.commonPool-worker-0] INFO  server.session (HouseKeeper.java:stopScavenging(149)) - node0 Stopped scavenging
2023-04-21 06:18:53,367 [ForkJoinPool.commonPool-worker-0] INFO  handler.ContextHandler (ContextHandler.java:doStop(1159)) - Stopped o.e.j.s.ServletContextHandler@6a437a27{static,/static,jar:file:/home/runner/.m2/repository/org/apache/ozone/hdds-container-service/1.4.0-SNAPSHOT/hdds-container-service-1.4.0-SNAPSHOT.jar!/webapps/static,STOPPED}
2023-04-21 06:18:53,367 [ForkJoinPool.commonPool-worker-0] INFO  handler.ContextHandler (ContextHandler.java:doStop(1159)) - Stopped o.e.j.s.ServletContextHandler@3705b9a3{logs,/logs,file:///home/runner/work/ozone/ozone/hadoop-ozone/integration-test/target/log,STOPPED}
2023-04-21 06:18:53,368 [Listener at 127.0.0.1/41999] INFO  ozone.MiniOzoneClusterImpl (MiniOzoneClusterImpl.java:stopSCM(552)) - Stopping the StorageContainerManager
2023-04-21 06:18:53,369 [Listener at 127.0.0.1/41999] INFO  server.StorageContainerManager (StorageContainerManager.java:stop(1577)) - Container Balancer is not running.
2023-04-21 06:18:53,369 [Listener at 127.0.0.1/41999] INFO  server.StorageContainerManager (StorageContainerManager.java:stopReplicationManager(1708)) - Stopping Replication Manager Service.
2023-04-21 06:18:53,369 [Listener at 127.0.0.1/41999] INFO  replication.ReplicationManager (ReplicationManager.java:stop(321)) - Stopping Replication Monitor Thread.
2023-04-21 06:18:53,369 [Listener at 127.0.0.1/41999] INFO  server.StorageContainerManager (StorageContainerManager.java:stop(1586)) - Stopping the Datanode Admin Monitor.
2023-04-21 06:18:53,369 [Listener at 127.0.0.1/41999] INFO  server.StorageContainerManager (StorageContainerManager.java:stop(1593)) - Stopping datanode service RPC server
2023-04-21 06:18:53,369 [Under Replicated Processor] WARN  replication.UnhealthyReplicationProcessor (UnhealthyReplicationProcessor.java:run(146)) - Under Replicated Processor interrupted. Exiting...
2023-04-21 06:18:53,369 [Over Replicated Processor] WARN  replication.UnhealthyReplicationProcessor (UnhealthyReplicationProcessor.java:run(146)) - Over Replicated Processor interrupted. Exiting...
2023-04-21 06:18:53,369 [ReplicationMonitor] INFO  replication.ReplicationManager (ReplicationManager.java:run(975)) - Replication Monitor Thread is stopped
2023-04-21 06:18:53,369 [Listener at 127.0.0.1/41999] INFO  server.SCMDatanodeProtocolServer (SCMDatanodeProtocolServer.java:stop(424)) - Stopping the RPC server for DataNodes
2023-04-21 06:18:53,369 [Listener at 127.0.0.1/41999] INFO  ipc.Server (Server.java:stop(3501)) - Stopping server on 44857
2023-04-21 06:18:53,372 [IPC Server listener on 0] INFO  ipc.Server (Server.java:run(1430)) - Stopping IPC Server listener on 0
2023-04-21 06:18:53,372 [IPC Server Responder] INFO  ipc.Server (Server.java:run(1563)) - Stopping IPC Server Responder
2023-04-21 06:18:53,469 [SCM Heartbeat Processing Thread - 0] WARN  node.NodeStateManager (NodeStateManager.java:scheduleNextHealthCheck(870)) - Current Thread is interrupted, shutting down HB processing thread for Node Manager.
2023-04-21 06:18:53,469 [Listener at 127.0.0.1/41999] INFO  server.StorageContainerManager (StorageContainerManager.java:stop(1601)) - Stopping block service RPC server
2023-04-21 06:18:53,469 [Listener at 127.0.0.1/41999] INFO  server.SCMBlockProtocolServer (SCMBlockProtocolServer.java:stop(161)) - Stopping the RPC server for Block Protocol
2023-04-21 06:18:53,469 [Listener at 127.0.0.1/41999] INFO  ipc.Server (Server.java:stop(3501)) - Stopping server on 33177
2023-04-21 06:18:53,475 [IPC Server Responder] INFO  ipc.Server (Server.java:run(1563)) - Stopping IPC Server Responder
2023-04-21 06:18:53,475 [IPC Server listener on 0] INFO  ipc.Server (Server.java:run(1430)) - Stopping IPC Server listener on 0
2023-04-21 06:18:53,476 [Listener at 127.0.0.1/41999] INFO  server.StorageContainerManager (StorageContainerManager.java:stop(1608)) - Stopping the StorageContainerLocationProtocol RPC server
2023-04-21 06:18:53,476 [Listener at 127.0.0.1/41999] INFO  server.SCMClientProtocolServer (SCMClientProtocolServer.java:stop(206)) - Stopping the RPC server for Client Protocol
2023-04-21 06:18:53,476 [Listener at 127.0.0.1/41999] INFO  ipc.Server (Server.java:stop(3501)) - Stopping server on 43551
2023-04-21 06:18:53,477 [IPC Server listener on 0] INFO  ipc.Server (Server.java:run(1430)) - Stopping IPC Server listener on 0
2023-04-21 06:18:53,477 [IPC Server Responder] INFO  ipc.Server (Server.java:run(1563)) - Stopping IPC Server Responder
2023-04-21 06:18:53,478 [Listener at 127.0.0.1/41999] INFO  server.StorageContainerManager (StorageContainerManager.java:stop(1615)) - Stopping Storage Container Manager HTTP server.
2023-04-21 06:18:53,478 [Listener at 127.0.0.1/41999] INFO  handler.ContextHandler (ContextHandler.java:doStop(1159)) - Stopped o.e.j.w.WebAppContext@6a83173f{scm,/,null,STOPPED}{file:/home/runner/work/ozone/ozone/hadoop-ozone/integration-test/target/test-classes/webapps/scm}
2023-04-21 06:18:53,479 [Listener at 127.0.0.1/41999] INFO  server.AbstractConnector (AbstractConnector.java:doStop(383)) - Stopped ServerConnector@78fde17f{HTTP/1.1, (http/1.1)}{0.0.0.0:0}
2023-04-21 06:18:53,479 [Listener at 127.0.0.1/41999] INFO  server.session (HouseKeeper.java:stopScavenging(149)) - node0 Stopped scavenging
2023-04-21 06:18:53,479 [Listener at 127.0.0.1/41999] INFO  handler.ContextHandler (ContextHandler.java:doStop(1159)) - Stopped o.e.j.s.ServletContextHandler@3b1edaff{static,/static,file:///home/runner/work/ozone/ozone/hadoop-ozone/integration-test/target/test-classes/webapps/static,STOPPED}
2023-04-21 06:18:53,481 [Listener at 127.0.0.1/41999] INFO  handler.ContextHandler (ContextHandler.java:doStop(1159)) - Stopped o.e.j.s.ServletContextHandler@744a1d4c{logs,/logs,file:///home/runner/work/ozone/ozone/hadoop-ozone/integration-test/target/log,STOPPED}
2023-04-21 06:18:53,483 [Listener at 127.0.0.1/41999] INFO  server.StorageContainerManager (StorageContainerManager.java:stop(1623)) - Stopping SCM LayoutVersionManager Service.
2023-04-21 06:18:53,483 [Listener at 127.0.0.1/41999] INFO  server.StorageContainerManager (StorageContainerManager.java:stop(1631)) - Stopping Block Manager Service.
2023-04-21 06:18:53,483 [Listener at 127.0.0.1/41999] INFO  utils.BackgroundService (BackgroundService.java:shutdown(141)) - Shutting down service SCMBlockDeletingService
2023-04-21 06:18:53,483 [Listener at 127.0.0.1/41999] INFO  utils.BackgroundService (BackgroundService.java:shutdown(141)) - Shutting down service SCMBlockDeletingService
2023-04-21 06:18:53,483 [Listener at 127.0.0.1/41999] INFO  server.StorageContainerManager (StorageContainerManager.java:stop(1653)) - Stopping SCM Event Queue.
2023-04-21 06:18:53,485 [Listener at 127.0.0.1/41999] INFO  server.StorageContainerManager (StorageContainerManager.java:stop(1664)) - Stopping SCM HA services.
2023-04-21 06:18:53,486 [Listener at 127.0.0.1/41999] INFO  pipeline.BackgroundPipelineCreator (BackgroundPipelineCreator.java:stop(149)) - Stopping RatisPipelineUtilsThread.
2023-04-21 06:18:53,486 [RatisPipelineUtilsThread - 0] WARN  pipeline.BackgroundPipelineCreator (BackgroundPipelineCreator.java:run(180)) - RatisPipelineUtilsThread is interrupted.
2023-04-21 06:18:53,486 [Listener at 127.0.0.1/41999] INFO  BackgroundPipelineScrubber (BackgroundSCMService.java:stop(131)) - Stopping BackgroundPipelineScrubber Service.
2023-04-21 06:18:53,486 [BackgroundPipelineScrubberThread] WARN  BackgroundPipelineScrubber (BackgroundSCMService.java:run(115)) - BackgroundPipelineScrubber is interrupted, exit
2023-04-21 06:18:53,486 [Listener at 127.0.0.1/41999] INFO  impl.MetricsSystemImpl (MetricsSystemImpl.java:stop(210)) - Stopping HddsDatanode metrics system...
2023-04-21 06:18:53,497 [Listener at 127.0.0.1/41999] INFO  impl.MetricsSystemImpl (MetricsSystemImpl.java:stop(216)) - HddsDatanode metrics system stopped.
2023-04-21 06:18:53,497 [Listener at 127.0.0.1/41999] WARN  pipeline.BackgroundPipelineCreator (BackgroundPipelineCreator.java:stop(145)) - RatisPipelineUtilsThread is not running, just ignore.
2023-04-21 06:18:53,497 [Listener at 127.0.0.1/41999] INFO  BackgroundPipelineScrubber (BackgroundSCMService.java:stop(126)) - BackgroundPipelineScrubber Service is not running, skip stop.
2023-04-21 06:18:53,497 [Listener at 127.0.0.1/41999] INFO  ExpiredContainerReplicaOpScrubber (BackgroundSCMService.java:stop(131)) - Stopping ExpiredContainerReplicaOpScrubber Service.
2023-04-21 06:18:53,497 [Listener at 127.0.0.1/41999] INFO  utils.BackgroundService (BackgroundService.java:shutdown(141)) - Shutting down service SCMBlockDeletingService
2023-04-21 06:18:53,497 [ExpiredContainerReplicaOpScrubberThread] WARN  ExpiredContainerReplicaOpScrubber (BackgroundSCMService.java:run(115)) - ExpiredContainerReplicaOpScrubber is interrupted, exit
2023-04-21 06:18:53,497 [Listener at 127.0.0.1/41999] INFO  replication.ReplicationManager (ReplicationManager.java:stop(331)) - Replication Monitor Thread is not running.
2023-04-21 06:18:53,497 [Listener at 127.0.0.1/41999] WARN  balancer.ContainerBalancer (ContainerBalancer.java:stop(324)) - Cannot stop Container Balancer because it's not running or stopping
2023-04-21 06:18:53,497 [Listener at 127.0.0.1/41999] INFO  server.StorageContainerManager (StorageContainerManager.java:stop(1699)) - Stopping SCM MetadataStore.
]]></system-out>
  </testcase>
  <testcase name="testIncrementalContainerReportQueue" classname="org.apache.hadoop.ozone.TestStorageContainerManager" time="3.082"/>
  <testcase name="testSCMInitializationWithHAEnabled" classname="org.apache.hadoop.ozone.TestStorageContainerManager" time="6.056">
    <system-out><![CDATA[2023-04-21 06:18:56,613 [Time-limited test] WARN  server.ServerUtils (ServerUtils.java:getScmDbDir(148)) - ozone.scm.db.dirs is not configured. We recommend adding this setting. Falling back to ozone.metadata.dirs instead.
2023-04-21 06:18:56,614 [Time-limited test] INFO  ha.SCMHANodeDetails (SCMHANodeDetails.java:loadSCMHAConfig(209)) - ServiceID for StorageContainerManager is null
2023-04-21 06:18:56,614 [Time-limited test] INFO  ha.SCMHANodeDetails (SCMHANodeDetails.java:loadSCMHAConfig(214)) - ozone.scm.default.service.id is not defined, falling back to ozone.scm.service.ids to find serviceID for StorageContainerManager if it is HA enabled cluster
2023-04-21 06:18:56,617 [Time-limited test] INFO  server.RaftServer (ConfUtils.java:logGet(46)) - raft.rpc.type = GRPC (default)
2023-04-21 06:18:56,617 [Time-limited test] INFO  grpc.GrpcConfigKeys (ConfUtils.java:logFallback(53)) - raft.grpc.admin.host = null (fallback to raft.grpc.server.host)
2023-04-21 06:18:56,618 [Time-limited test] INFO  grpc.GrpcConfigKeys (ConfUtils.java:logFallback(53)) - raft.grpc.admin.port = 9894 (fallback to raft.grpc.server.port)
2023-04-21 06:18:56,618 [Time-limited test] INFO  grpc.GrpcConfigKeys (ConfUtils.java:logFallback(53)) - raft.grpc.client.host = null (fallback to raft.grpc.server.host)
2023-04-21 06:18:56,618 [Time-limited test] INFO  grpc.GrpcConfigKeys (ConfUtils.java:logFallback(53)) - raft.grpc.client.port = 9894 (fallback to raft.grpc.server.port)
2023-04-21 06:18:56,618 [Time-limited test] INFO  grpc.GrpcConfigKeys (ConfUtils.java:logGet(46)) - raft.grpc.server.host = null (default)
2023-04-21 06:18:56,618 [Time-limited test] INFO  grpc.GrpcConfigKeys (ConfUtils.java:logGet(46)) - raft.grpc.server.port = 9894 (custom)
2023-04-21 06:18:56,618 [Time-limited test] INFO  server.GrpcService (ConfUtils.java:logGet(46)) - raft.grpc.message.size.max = 32m (=33554432) (custom)
2023-04-21 06:18:56,618 [Time-limited test] INFO  server.RaftServerConfigKeys (ConfUtils.java:logGet(46)) - raft.server.log.appender.buffer.byte-limit = 33554432 (custom)
2023-04-21 06:18:56,618 [Time-limited test] INFO  server.GrpcService (ConfUtils.java:logGet(46)) - raft.grpc.flow.control.window = 1MB (=1048576) (default)
2023-04-21 06:18:56,618 [Time-limited test] INFO  server.RaftServerConfigKeys (ConfUtils.java:logGet(46)) - raft.server.rpc.request.timeout = 30000ms (custom)
2023-04-21 06:18:56,618 [Time-limited test] INFO  grpc.GrpcConfigKeys (ConfUtils.java:logGet(46)) - raft.grpc.server.heartbeat.channel = true (default)
2023-04-21 06:18:56,618 [Time-limited test] INFO  grpc.GrpcConfigKeys (ConfUtils.java:logGet(46)) - raft.grpc.server.async.request.thread.pool.cached = true (default)
2023-04-21 06:18:56,618 [Time-limited test] INFO  grpc.GrpcConfigKeys (ConfUtils.java:logGet(46)) - raft.grpc.server.async.request.thread.pool.size = 32 (default)
2023-04-21 06:18:56,620 [Time-limited test] INFO  impl.DataStreamServerImpl (ConfUtils.java:logGet(46)) - raft.datastream.type = DISABLED (default)
2023-04-21 06:18:56,620 [Time-limited test] INFO  server.RaftServerConfigKeys (ConfUtils.java:logGet(46)) - raft.server.threadpool.proxy.cached = true (default)
2023-04-21 06:18:56,620 [Time-limited test] INFO  server.RaftServerConfigKeys (ConfUtils.java:logGet(46)) - raft.server.threadpool.proxy.size = 0 (default)
2023-04-21 06:18:56,620 [Time-limited test] INFO  server.RaftServerConfigKeys (ConfUtils.java:logGet(46)) - raft.server.rpc.slowness.timeout = 120000ms (custom)
2023-04-21 06:18:56,620 [Time-limited test] INFO  server.RaftServerConfigKeys (ConfUtils.java:logGet(46)) - raft.server.leaderelection.leader.step-down.wait-time = 10s (default)
2023-04-21 06:18:56,620 [Time-limited test] INFO  server.RaftServerConfigKeys (ConfUtils.java:logGet(46)) - raft.server.storage.dir = [/home/runner/work/ozone/ozone/hadoop-ozone/integration-test/target/test-dir/ff66b52e-cb7c-4c39-be15-20419769e28d/scm-meta/scm-ha] (custom)
2023-04-21 06:18:56,621 [Time-limited test] INFO  server.RaftServer (RaftServerProxy.java:addNew(96)) - b3d1cbd9-f58d-4efa-ab2e-c6ad8b8254fb: addNew group-0B70EC864889:[b3d1cbd9-f58d-4efa-ab2e-c6ad8b8254fb|rpc:fv-az205-422:9894|priority:0|startupRole:FOLLOWER] returns group-0B70EC864889:java.util.concurrent.CompletableFuture@3db8f2ca[Not completed]
2023-04-21 06:18:56,621 [pool-1165-thread-1] INFO  server.RaftServer$Division (RaftServerImpl.java:<init>(195)) - b3d1cbd9-f58d-4efa-ab2e-c6ad8b8254fb: new RaftServerImpl for group-0B70EC864889:[b3d1cbd9-f58d-4efa-ab2e-c6ad8b8254fb|rpc:fv-az205-422:9894|priority:0|startupRole:FOLLOWER] with SCMStateMachine:uninitialized
2023-04-21 06:18:56,622 [pool-1165-thread-1] INFO  server.RaftServerConfigKeys (ConfUtils.java:logGet(46)) - raft.server.rpc.timeout.min = 5000ms (custom)
2023-04-21 06:18:56,622 [pool-1165-thread-1] INFO  server.RaftServerConfigKeys (ConfUtils.java:logGet(46)) - raft.server.rpc.timeout.max = 5200ms (custom)
2023-04-21 06:18:56,622 [pool-1165-thread-1] INFO  server.RaftServerConfigKeys (ConfUtils.java:logGet(46)) - raft.server.rpc.sleep.time = 25ms (default)
2023-04-21 06:18:56,622 [pool-1165-thread-1] INFO  server.RaftServerConfigKeys (ConfUtils.java:logGet(46)) - raft.server.rpc.slowness.timeout = 120000ms (custom)
2023-04-21 06:18:56,622 [pool-1165-thread-1] INFO  server.RaftServerConfigKeys (ConfUtils.java:logGet(46)) - raft.server.leaderelection.leader.step-down.wait-time = 10s (default)
2023-04-21 06:18:56,622 [pool-1165-thread-1] INFO  server.RaftServerConfigKeys (ConfUtils.java:logGet(46)) - raft.server.sleep.deviation.threshold = 300ms (default)
2023-04-21 06:18:56,622 [pool-1165-thread-1] INFO  server.RaftServer$Division (ServerState.java:<init>(118)) - b3d1cbd9-f58d-4efa-ab2e-c6ad8b8254fb@group-0B70EC864889: ConfigurationManager, init=-1: peers:[b3d1cbd9-f58d-4efa-ab2e-c6ad8b8254fb|rpc:fv-az205-422:9894|priority:0|startupRole:FOLLOWER]|listeners:[], old=null, confs=<EMPTY_MAP>
2023-04-21 06:18:56,622 [pool-1165-thread-1] INFO  server.RaftServerConfigKeys (ConfUtils.java:logGet(46)) - raft.server.storage.dir = [/home/runner/work/ozone/ozone/hadoop-ozone/integration-test/target/test-dir/ff66b52e-cb7c-4c39-be15-20419769e28d/scm-meta/scm-ha] (custom)
2023-04-21 06:18:56,622 [pool-1165-thread-1] INFO  server.RaftServerConfigKeys (ConfUtils.java:logGet(46)) - raft.server.log.corruption.policy = EXCEPTION (default)
2023-04-21 06:18:56,622 [pool-1165-thread-1] INFO  server.RaftServerConfigKeys (ConfUtils.java:logGet(46)) - raft.server.storage.free-space.min = 0MB (=0) (default)
2023-04-21 06:18:56,622 [pool-1165-thread-1] INFO  server.RaftServerConfigKeys (ConfUtils.java:logGet(46)) - raft.server.notification.no-leader.timeout = 60s (default)
2023-04-21 06:18:56,622 [pool-1165-thread-1] INFO  server.RaftServerConfigKeys (ConfUtils.java:logGet(46)) - raft.server.retrycache.expirytime = 60000ms (default)
2023-04-21 06:18:56,622 [pool-1165-thread-1] INFO  server.RaftServerConfigKeys (ConfUtils.java:logGet(46)) - raft.server.retrycache.statistics.expirytime = 100μs (default)
2023-04-21 06:18:56,623 [pool-1165-thread-1] INFO  server.RaftServerConfigKeys (ConfUtils.java:logGet(46)) - raft.server.log.appender.install.snapshot.enabled = false (custom)
2023-04-21 06:18:56,623 [pool-1165-thread-1] INFO  server.RaftServerConfigKeys (ConfUtils.java:logGet(46)) - raft.server.threadpool.server.cached = true (default)
2023-04-21 06:18:56,623 [pool-1165-thread-1] INFO  server.RaftServerConfigKeys (ConfUtils.java:logGet(46)) - raft.server.threadpool.server.size = 0 (default)
2023-04-21 06:18:56,623 [pool-1165-thread-1] INFO  server.RaftServerConfigKeys (ConfUtils.java:logGet(46)) - raft.server.threadpool.client.cached = true (default)
2023-04-21 06:18:56,623 [pool-1165-thread-1] INFO  server.RaftServerConfigKeys (ConfUtils.java:logGet(46)) - raft.server.threadpool.client.size = 0 (default)
2023-04-21 06:18:56,623 [b3d1cbd9-f58d-4efa-ab2e-c6ad8b8254fb-impl-thread1] INFO  storage.RaftStorageDirectory (RaftStorageDirectoryImpl.java:analyzeStorage(137)) - The storage directory /home/runner/work/ozone/ozone/hadoop-ozone/integration-test/target/test-dir/ff66b52e-cb7c-4c39-be15-20419769e28d/scm-meta/scm-ha/3e365f09-7824-43df-9298-0b70ec864889 does not exist. Creating ...
2023-04-21 06:18:56,628 [b3d1cbd9-f58d-4efa-ab2e-c6ad8b8254fb-impl-thread1] INFO  storage.RaftStorageDirectory (RaftStorageDirectoryImpl.java:tryLock(231)) - Lock on /home/runner/work/ozone/ozone/hadoop-ozone/integration-test/target/test-dir/ff66b52e-cb7c-4c39-be15-20419769e28d/scm-meta/scm-ha/3e365f09-7824-43df-9298-0b70ec864889/in_use.lock acquired by nodename 2764@fv-az205-422
2023-04-21 06:18:56,631 [b3d1cbd9-f58d-4efa-ab2e-c6ad8b8254fb-impl-thread1] INFO  storage.RaftStorage (RaftStorageImpl.java:format(96)) - Storage directory /home/runner/work/ozone/ozone/hadoop-ozone/integration-test/target/test-dir/ff66b52e-cb7c-4c39-be15-20419769e28d/scm-meta/scm-ha/3e365f09-7824-43df-9298-0b70ec864889 has been successfully formatted.
2023-04-21 06:18:56,631 [b3d1cbd9-f58d-4efa-ab2e-c6ad8b8254fb-impl-thread1] INFO  server.RaftServerConfigKeys (ConfUtils.java:logGet(46)) - raft.server.log.use.memory = false (default)
2023-04-21 06:18:56,632 [b3d1cbd9-f58d-4efa-ab2e-c6ad8b8254fb-impl-thread1] INFO  server.RaftServerConfigKeys (ConfUtils.java:logGet(46)) - raft.server.log.purge.gap = 1000000 (custom)
2023-04-21 06:18:56,632 [b3d1cbd9-f58d-4efa-ab2e-c6ad8b8254fb-impl-thread1] INFO  server.RaftServerConfigKeys (ConfUtils.java:logGet(46)) - raft.server.log.appender.buffer.byte-limit = 33554432 (custom)
2023-04-21 06:18:56,632 [b3d1cbd9-f58d-4efa-ab2e-c6ad8b8254fb-impl-thread1] INFO  server.RaftServerConfigKeys (ConfUtils.java:logGet(46)) - raft.server.log.statemachine.data.read.timeout = 1000ms (default)
2023-04-21 06:18:56,632 [b3d1cbd9-f58d-4efa-ab2e-c6ad8b8254fb-impl-thread1] INFO  server.RaftServerConfigKeys (ConfUtils.java:logGet(46)) - raft.server.log.purge.preservation.log.num = 0 (default)
2023-04-21 06:18:56,632 [b3d1cbd9-f58d-4efa-ab2e-c6ad8b8254fb-impl-thread1] INFO  server.RaftServerConfigKeys (ConfUtils.java:logGet(46)) - raft.server.log.segment.size.max = 4194304 (custom)
2023-04-21 06:18:56,632 [b3d1cbd9-f58d-4efa-ab2e-c6ad8b8254fb-impl-thread1] INFO  server.RaftServerConfigKeys (ConfUtils.java:logGet(46)) - raft.server.log.segment.cache.num.max = 2 (custom)
2023-04-21 06:18:56,632 [b3d1cbd9-f58d-4efa-ab2e-c6ad8b8254fb-impl-thread1] INFO  server.RaftServerConfigKeys (ConfUtils.java:logGet(46)) - raft.server.log.segment.cache.size.max = 200MB (=209715200) (default)
2023-04-21 06:18:56,632 [b3d1cbd9-f58d-4efa-ab2e-c6ad8b8254fb-impl-thread1] INFO  segmented.SegmentedRaftLogWorker (SegmentedRaftLogWorker.java:<init>(189)) - new b3d1cbd9-f58d-4efa-ab2e-c6ad8b8254fb@group-0B70EC864889-SegmentedRaftLogWorker for RaftStorageImpl:Storage Directory /home/runner/work/ozone/ozone/hadoop-ozone/integration-test/target/test-dir/ff66b52e-cb7c-4c39-be15-20419769e28d/scm-meta/scm-ha/3e365f09-7824-43df-9298-0b70ec864889
2023-04-21 06:18:56,632 [b3d1cbd9-f58d-4efa-ab2e-c6ad8b8254fb-impl-thread1] INFO  server.RaftServerConfigKeys (ConfUtils.java:logGet(46)) - raft.server.log.queue.byte-limit = 64MB (=67108864) (default)
2023-04-21 06:18:56,632 [b3d1cbd9-f58d-4efa-ab2e-c6ad8b8254fb-impl-thread1] INFO  server.RaftServerConfigKeys (ConfUtils.java:logGet(46)) - raft.server.log.queue.element-limit = 4096 (default)
2023-04-21 06:18:56,632 [b3d1cbd9-f58d-4efa-ab2e-c6ad8b8254fb-impl-thread1] INFO  server.RaftServerConfigKeys (ConfUtils.java:logGet(46)) - raft.server.log.segment.size.max = 4194304 (custom)
2023-04-21 06:18:56,632 [b3d1cbd9-f58d-4efa-ab2e-c6ad8b8254fb-impl-thread1] INFO  server.RaftServerConfigKeys (ConfUtils.java:logGet(46)) - raft.server.log.preallocated.size = 4194304 (custom)
2023-04-21 06:18:56,632 [b3d1cbd9-f58d-4efa-ab2e-c6ad8b8254fb-impl-thread1] INFO  server.RaftServerConfigKeys (ConfUtils.java:logGet(46)) - raft.server.log.force.sync.num = 128 (default)
2023-04-21 06:18:56,632 [b3d1cbd9-f58d-4efa-ab2e-c6ad8b8254fb-impl-thread1] INFO  server.RaftServerConfigKeys (ConfUtils.java:logGet(46)) - raft.server.log.statemachine.data.sync = true (default)
2023-04-21 06:18:56,632 [b3d1cbd9-f58d-4efa-ab2e-c6ad8b8254fb-impl-thread1] INFO  server.RaftServerConfigKeys (ConfUtils.java:logGet(46)) - raft.server.log.statemachine.data.sync.timeout = 10s (default)
2023-04-21 06:18:56,632 [b3d1cbd9-f58d-4efa-ab2e-c6ad8b8254fb-impl-thread1] INFO  server.RaftServerConfigKeys (ConfUtils.java:logGet(46)) - raft.server.log.statemachine.data.sync.timeout.retry = -1 (default)
2023-04-21 06:18:56,632 [b3d1cbd9-f58d-4efa-ab2e-c6ad8b8254fb-impl-thread1] INFO  server.RaftServerConfigKeys (ConfUtils.java:logGet(46)) - raft.server.log.write.buffer.size = 64KB (=65536) (default)
2023-04-21 06:18:56,633 [b3d1cbd9-f58d-4efa-ab2e-c6ad8b8254fb-impl-thread1] INFO  server.RaftServerConfigKeys (ConfUtils.java:logGet(46)) - raft.server.log.appender.buffer.byte-limit = 33554432 (custom)
2023-04-21 06:18:56,637 [b3d1cbd9-f58d-4efa-ab2e-c6ad8b8254fb-impl-thread1] INFO  server.RaftServerConfigKeys (ConfUtils.java:logGet(46)) - raft.server.log.unsafe-flush.enabled = false (default)
2023-04-21 06:18:56,637 [b3d1cbd9-f58d-4efa-ab2e-c6ad8b8254fb-impl-thread1] INFO  server.RaftServerConfigKeys (ConfUtils.java:logGet(46)) - raft.server.log.async-flush.enabled = false (default)
2023-04-21 06:18:56,637 [b3d1cbd9-f58d-4efa-ab2e-c6ad8b8254fb-impl-thread1] INFO  server.RaftServerConfigKeys (ConfUtils.java:logGet(46)) - raft.server.log.statemachine.data.caching.enabled = false (default)
2023-04-21 06:18:56,638 [b3d1cbd9-f58d-4efa-ab2e-c6ad8b8254fb-impl-thread1] INFO  segmented.SegmentedRaftLogWorker (SegmentedRaftLogWorker.java:lambda$new$0(135)) - b3d1cbd9-f58d-4efa-ab2e-c6ad8b8254fb@group-0B70EC864889-SegmentedRaftLogWorker: flushIndex: setUnconditionally 0 -> -1
2023-04-21 06:18:56,638 [b3d1cbd9-f58d-4efa-ab2e-c6ad8b8254fb-impl-thread1] INFO  segmented.SegmentedRaftLogWorker (SegmentedRaftLogWorker.java:lambda$new$0(135)) - b3d1cbd9-f58d-4efa-ab2e-c6ad8b8254fb@group-0B70EC864889-SegmentedRaftLogWorker: safeCacheEvictIndex: setUnconditionally 0 -> -1
2023-04-21 06:18:56,638 [b3d1cbd9-f58d-4efa-ab2e-c6ad8b8254fb-impl-thread1] INFO  server.RaftServer$Division (RaftServerImpl.java:start(334)) - b3d1cbd9-f58d-4efa-ab2e-c6ad8b8254fb@group-0B70EC864889: start as a follower, conf=-1: peers:[b3d1cbd9-f58d-4efa-ab2e-c6ad8b8254fb|rpc:fv-az205-422:9894|priority:0|startupRole:FOLLOWER]|listeners:[], old=null
2023-04-21 06:18:56,638 [b3d1cbd9-f58d-4efa-ab2e-c6ad8b8254fb-impl-thread1] INFO  server.RaftServer$Division (RaftServerImpl.java:setRole(321)) - b3d1cbd9-f58d-4efa-ab2e-c6ad8b8254fb@group-0B70EC864889: changes role from      null to FOLLOWER at term 0 for startAsFollower
2023-04-21 06:18:56,638 [b3d1cbd9-f58d-4efa-ab2e-c6ad8b8254fb-impl-thread1] INFO  impl.RoleInfo (RoleInfo.java:updateAndGet(139)) - b3d1cbd9-f58d-4efa-ab2e-c6ad8b8254fb: start b3d1cbd9-f58d-4efa-ab2e-c6ad8b8254fb@group-0B70EC864889-FollowerState
2023-04-21 06:18:56,638 [b3d1cbd9-f58d-4efa-ab2e-c6ad8b8254fb@group-0B70EC864889-FollowerState] INFO  server.RaftServerConfigKeys (ConfUtils.java:logFallback(53)) - raft.server.rpc.first-election.timeout.min = 5000ms (fallback to raft.server.rpc.timeout.min)
2023-04-21 06:18:56,638 [b3d1cbd9-f58d-4efa-ab2e-c6ad8b8254fb@group-0B70EC864889-FollowerState] INFO  server.RaftServerConfigKeys (ConfUtils.java:logFallback(53)) - raft.server.rpc.first-election.timeout.max = 5200ms (fallback to raft.server.rpc.timeout.max)
2023-04-21 06:18:56,638 [b3d1cbd9-f58d-4efa-ab2e-c6ad8b8254fb-impl-thread1] INFO  util.JmxRegister (JmxRegister.java:tryRegister(44)) - Successfully registered JMX Bean with object name Ratis:service=RaftServer,group=group-0B70EC864889,id=b3d1cbd9-f58d-4efa-ab2e-c6ad8b8254fb
2023-04-21 06:18:56,638 [b3d1cbd9-f58d-4efa-ab2e-c6ad8b8254fb-impl-thread1] INFO  server.RaftServerConfigKeys (ConfUtils.java:logGet(46)) - raft.server.snapshot.auto.trigger.enabled = true (custom)
2023-04-21 06:18:56,639 [b3d1cbd9-f58d-4efa-ab2e-c6ad8b8254fb-impl-thread1] INFO  server.RaftServerConfigKeys (ConfUtils.java:logGet(46)) - raft.server.snapshot.auto.trigger.threshold = 1000 (custom)
2023-04-21 06:18:56,639 [b3d1cbd9-f58d-4efa-ab2e-c6ad8b8254fb-impl-thread1] INFO  server.RaftServerConfigKeys (ConfUtils.java:logGet(46)) - raft.server.snapshot.retention.file.num = -1 (default)
2023-04-21 06:18:56,639 [b3d1cbd9-f58d-4efa-ab2e-c6ad8b8254fb-impl-thread1] INFO  server.RaftServerConfigKeys (ConfUtils.java:logGet(46)) - raft.server.log.purge.upto.snapshot.index = false (default)
2023-04-21 06:18:56,639 [Time-limited test] INFO  server.RaftServer (RaftServerProxy.java:startImpl(393)) - b3d1cbd9-f58d-4efa-ab2e-c6ad8b8254fb: start RPC server
2023-04-21 06:18:56,641 [Time-limited test] INFO  server.GrpcService (GrpcService.java:startImpl(262)) - b3d1cbd9-f58d-4efa-ab2e-c6ad8b8254fb: GrpcService started, listening on 9894
2023-04-21 06:18:56,641 [JvmPauseMonitor29] INFO  util.JvmPauseMonitor (JvmPauseMonitor.java:run(105)) - JvmPauseMonitor-b3d1cbd9-f58d-4efa-ab2e-c6ad8b8254fb: Started
2023-04-21 06:19:01,667 [b3d1cbd9-f58d-4efa-ab2e-c6ad8b8254fb@group-0B70EC864889-FollowerState] INFO  impl.FollowerState (FollowerState.java:run(143)) - b3d1cbd9-f58d-4efa-ab2e-c6ad8b8254fb@group-0B70EC864889-FollowerState: change to CANDIDATE, lastRpcElapsedTime:5028553686ns, electionTimeout:5028ms
2023-04-21 06:19:01,667 [b3d1cbd9-f58d-4efa-ab2e-c6ad8b8254fb@group-0B70EC864889-FollowerState] INFO  impl.RoleInfo (RoleInfo.java:shutdownFollowerState(110)) - b3d1cbd9-f58d-4efa-ab2e-c6ad8b8254fb: shutdown b3d1cbd9-f58d-4efa-ab2e-c6ad8b8254fb@group-0B70EC864889-FollowerState
2023-04-21 06:19:01,667 [b3d1cbd9-f58d-4efa-ab2e-c6ad8b8254fb@group-0B70EC864889-FollowerState] INFO  server.RaftServer$Division (RaftServerImpl.java:setRole(321)) - b3d1cbd9-f58d-4efa-ab2e-c6ad8b8254fb@group-0B70EC864889: changes role from  FOLLOWER to CANDIDATE at term 0 for changeToCandidate
2023-04-21 06:19:01,667 [b3d1cbd9-f58d-4efa-ab2e-c6ad8b8254fb@group-0B70EC864889-FollowerState] INFO  server.RaftServerConfigKeys (ConfUtils.java:logGet(46)) - raft.server.leaderelection.pre-vote = true (default)
2023-04-21 06:19:01,667 [b3d1cbd9-f58d-4efa-ab2e-c6ad8b8254fb@group-0B70EC864889-FollowerState] INFO  impl.RoleInfo (RoleInfo.java:updateAndGet(139)) - b3d1cbd9-f58d-4efa-ab2e-c6ad8b8254fb: start b3d1cbd9-f58d-4efa-ab2e-c6ad8b8254fb@group-0B70EC864889-LeaderElection48
2023-04-21 06:19:01,668 [b3d1cbd9-f58d-4efa-ab2e-c6ad8b8254fb@group-0B70EC864889-LeaderElection48] INFO  impl.LeaderElection (LeaderElection.java:askForVotes(312)) - b3d1cbd9-f58d-4efa-ab2e-c6ad8b8254fb@group-0B70EC864889-LeaderElection48 PRE_VOTE round 0: submit vote requests at term 0 for -1: peers:[b3d1cbd9-f58d-4efa-ab2e-c6ad8b8254fb|rpc:fv-az205-422:9894|priority:0|startupRole:FOLLOWER]|listeners:[], old=null
2023-04-21 06:19:01,668 [b3d1cbd9-f58d-4efa-ab2e-c6ad8b8254fb@group-0B70EC864889-LeaderElection48] INFO  impl.LeaderElection (LeaderElection.java:askForVotes(314)) - b3d1cbd9-f58d-4efa-ab2e-c6ad8b8254fb@group-0B70EC864889-LeaderElection48 PRE_VOTE round 0: result PASSED (term=0)
2023-04-21 06:19:01,670 [b3d1cbd9-f58d-4efa-ab2e-c6ad8b8254fb@group-0B70EC864889-LeaderElection48] INFO  impl.LeaderElection (LeaderElection.java:askForVotes(312)) - b3d1cbd9-f58d-4efa-ab2e-c6ad8b8254fb@group-0B70EC864889-LeaderElection48 ELECTION round 0: submit vote requests at term 1 for -1: peers:[b3d1cbd9-f58d-4efa-ab2e-c6ad8b8254fb|rpc:fv-az205-422:9894|priority:0|startupRole:FOLLOWER]|listeners:[], old=null
2023-04-21 06:19:01,670 [b3d1cbd9-f58d-4efa-ab2e-c6ad8b8254fb@group-0B70EC864889-LeaderElection48] INFO  impl.LeaderElection (LeaderElection.java:askForVotes(314)) - b3d1cbd9-f58d-4efa-ab2e-c6ad8b8254fb@group-0B70EC864889-LeaderElection48 ELECTION round 0: result PASSED (term=1)
2023-04-21 06:19:01,670 [b3d1cbd9-f58d-4efa-ab2e-c6ad8b8254fb@group-0B70EC864889-LeaderElection48] INFO  impl.RoleInfo (RoleInfo.java:shutdownLeaderElection(130)) - b3d1cbd9-f58d-4efa-ab2e-c6ad8b8254fb: shutdown b3d1cbd9-f58d-4efa-ab2e-c6ad8b8254fb@group-0B70EC864889-LeaderElection48
2023-04-21 06:19:01,671 [b3d1cbd9-f58d-4efa-ab2e-c6ad8b8254fb@group-0B70EC864889-LeaderElection48] INFO  server.RaftServer$Division (RaftServerImpl.java:setRole(321)) - b3d1cbd9-f58d-4efa-ab2e-c6ad8b8254fb@group-0B70EC864889: changes role from CANDIDATE to LEADER at term 1 for changeToLeader
2023-04-21 06:19:01,671 [b3d1cbd9-f58d-4efa-ab2e-c6ad8b8254fb@group-0B70EC864889-LeaderElection48] INFO  server.RaftServer$Division (ServerState.java:setLeader(313)) - b3d1cbd9-f58d-4efa-ab2e-c6ad8b8254fb@group-0B70EC864889: change Leader from null to b3d1cbd9-f58d-4efa-ab2e-c6ad8b8254fb at term 1 for becomeLeader, leader elected after 5048ms
2023-04-21 06:19:01,671 [b3d1cbd9-f58d-4efa-ab2e-c6ad8b8254fb@group-0B70EC864889-LeaderElection48] INFO  server.RaftServerConfigKeys (ConfUtils.java:logGet(46)) - raft.server.staging.catchup.gap = 1000 (default)
2023-04-21 06:19:01,671 [b3d1cbd9-f58d-4efa-ab2e-c6ad8b8254fb@group-0B70EC864889-LeaderElection48] INFO  server.RaftServerConfigKeys (ConfUtils.java:logGet(46)) - raft.server.write.element-limit = 4096 (default)
2023-04-21 06:19:01,671 [b3d1cbd9-f58d-4efa-ab2e-c6ad8b8254fb@group-0B70EC864889-LeaderElection48] INFO  server.RaftServerConfigKeys (ConfUtils.java:logGet(46)) - raft.server.write.byte-limit = 64MB (=67108864) (default)
2023-04-21 06:19:01,671 [b3d1cbd9-f58d-4efa-ab2e-c6ad8b8254fb@group-0B70EC864889-LeaderElection48] INFO  server.RaftServerConfigKeys (ConfUtils.java:logGet(46)) - raft.server.watch.timeout = 10s (default)
2023-04-21 06:19:01,671 [b3d1cbd9-f58d-4efa-ab2e-c6ad8b8254fb@group-0B70EC864889-LeaderElection48] INFO  server.RaftServerConfigKeys (ConfUtils.java:logGet(46)) - raft.server.watch.timeout.denomination = 1s (default)
2023-04-21 06:19:01,671 [b3d1cbd9-f58d-4efa-ab2e-c6ad8b8254fb@group-0B70EC864889-LeaderElection48] INFO  server.RaftServerConfigKeys (ConfUtils.java:logGet(46)) - raft.server.watch.element-limit = 65536 (default)
2023-04-21 06:19:01,671 [b3d1cbd9-f58d-4efa-ab2e-c6ad8b8254fb@group-0B70EC864889-LeaderElection48] INFO  server.RaftServerConfigKeys (ConfUtils.java:logGet(46)) - raft.server.write.element-limit = 4096 (default)
2023-04-21 06:19:01,671 [b3d1cbd9-f58d-4efa-ab2e-c6ad8b8254fb@group-0B70EC864889-LeaderElection48] INFO  server.RaftServerConfigKeys (ConfUtils.java:logGet(46)) - raft.server.write.follower.gap.ratio.max = -1.0 (default)
2023-04-21 06:19:01,671 [b3d1cbd9-f58d-4efa-ab2e-c6ad8b8254fb@group-0B70EC864889-LeaderElection48] INFO  impl.RoleInfo (RoleInfo.java:updateAndGet(139)) - b3d1cbd9-f58d-4efa-ab2e-c6ad8b8254fb: start b3d1cbd9-f58d-4efa-ab2e-c6ad8b8254fb@group-0B70EC864889-LeaderStateImpl
2023-04-21 06:19:01,672 [b3d1cbd9-f58d-4efa-ab2e-c6ad8b8254fb@group-0B70EC864889-LeaderElection48] INFO  segmented.SegmentedRaftLogWorker (SegmentedRaftLogWorker.java:startLogSegment(452)) - b3d1cbd9-f58d-4efa-ab2e-c6ad8b8254fb@group-0B70EC864889-SegmentedRaftLogWorker: Starting segment from index:0
2023-04-21 06:19:01,677 [b3d1cbd9-f58d-4efa-ab2e-c6ad8b8254fb@group-0B70EC864889-LeaderElection48] INFO  server.RaftServer$Division (ServerState.java:setRaftConf(430)) - b3d1cbd9-f58d-4efa-ab2e-c6ad8b8254fb@group-0B70EC864889: set configuration 0: peers:[b3d1cbd9-f58d-4efa-ab2e-c6ad8b8254fb|rpc:fv-az205-422:9894|admin:|client:|dataStream:|priority:0|startupRole:FOLLOWER]|listeners:[], old=null
2023-04-21 06:19:01,685 [b3d1cbd9-f58d-4efa-ab2e-c6ad8b8254fb@group-0B70EC864889-SegmentedRaftLogWorker] INFO  segmented.SegmentedRaftLogWorker (SegmentedRaftLogWorker.java:execute(656)) - b3d1cbd9-f58d-4efa-ab2e-c6ad8b8254fb@group-0B70EC864889-SegmentedRaftLogWorker: created new log segment /home/runner/work/ozone/ozone/hadoop-ozone/integration-test/target/test-dir/ff66b52e-cb7c-4c39-be15-20419769e28d/scm-meta/scm-ha/3e365f09-7824-43df-9298-0b70ec864889/current/log_inprogress_0
2023-04-21 06:19:02,642 [Time-limited test] INFO  server.RaftServer (RaftServerProxy.java:lambda$close$6(409)) - b3d1cbd9-f58d-4efa-ab2e-c6ad8b8254fb: close
2023-04-21 06:19:02,642 [Time-limited test] INFO  server.GrpcService (GrpcService.java:closeImpl(271)) - b3d1cbd9-f58d-4efa-ab2e-c6ad8b8254fb: shutdown server GrpcServerProtocolService now
2023-04-21 06:19:02,642 [b3d1cbd9-f58d-4efa-ab2e-c6ad8b8254fb-impl-thread1] INFO  server.RaftServer$Division (RaftServerImpl.java:lambda$close$4(458)) - b3d1cbd9-f58d-4efa-ab2e-c6ad8b8254fb@group-0B70EC864889: shutdown
2023-04-21 06:19:02,643 [b3d1cbd9-f58d-4efa-ab2e-c6ad8b8254fb-impl-thread1] INFO  util.JmxRegister (JmxRegister.java:unregister(73)) - Successfully un-registered JMX Bean with object name Ratis:service=RaftServer,group=group-0B70EC864889,id=b3d1cbd9-f58d-4efa-ab2e-c6ad8b8254fb
2023-04-21 06:19:02,643 [b3d1cbd9-f58d-4efa-ab2e-c6ad8b8254fb-impl-thread1] INFO  impl.RoleInfo (RoleInfo.java:shutdownLeaderState(93)) - b3d1cbd9-f58d-4efa-ab2e-c6ad8b8254fb: shutdown b3d1cbd9-f58d-4efa-ab2e-c6ad8b8254fb@group-0B70EC864889-LeaderStateImpl
2023-04-21 06:19:02,643 [b3d1cbd9-f58d-4efa-ab2e-c6ad8b8254fb-impl-thread1] INFO  impl.PendingRequests (PendingRequests.java:sendNotLeaderResponses(282)) - b3d1cbd9-f58d-4efa-ab2e-c6ad8b8254fb@group-0B70EC864889-PendingRequests: sendNotLeaderResponses
2023-04-21 06:19:02,643 [b3d1cbd9-f58d-4efa-ab2e-c6ad8b8254fb-impl-thread1] INFO  impl.StateMachineUpdater (StateMachineUpdater.java:stopAndJoin(153)) - b3d1cbd9-f58d-4efa-ab2e-c6ad8b8254fb@group-0B70EC864889-StateMachineUpdater: set stopIndex = 0
2023-04-21 06:19:02,643 [Time-limited test] INFO  server.GrpcService (GrpcService.java:closeImpl(280)) - b3d1cbd9-f58d-4efa-ab2e-c6ad8b8254fb: shutdown server GrpcServerProtocolService successfully
2023-04-21 06:19:02,644 [b3d1cbd9-f58d-4efa-ab2e-c6ad8b8254fb@group-0B70EC864889-StateMachineUpdater] INFO  impl.StateMachineUpdater (StateMachineUpdater.java:takeSnapshot(287)) - b3d1cbd9-f58d-4efa-ab2e-c6ad8b8254fb@group-0B70EC864889-StateMachineUpdater: Took a snapshot at index 0
2023-04-21 06:19:02,644 [b3d1cbd9-f58d-4efa-ab2e-c6ad8b8254fb@group-0B70EC864889-StateMachineUpdater] INFO  impl.StateMachineUpdater (StateMachineUpdater.java:lambda$new$0(92)) - b3d1cbd9-f58d-4efa-ab2e-c6ad8b8254fb@group-0B70EC864889-StateMachineUpdater: snapshotIndex: updateIncreasingly -1 -> 0
2023-04-21 06:19:02,644 [b3d1cbd9-f58d-4efa-ab2e-c6ad8b8254fb-impl-thread1] INFO  server.RaftServer$Division (ServerState.java:close(466)) - b3d1cbd9-f58d-4efa-ab2e-c6ad8b8254fb@group-0B70EC864889: closes. applyIndex: 0
2023-04-21 06:19:02,644 [b3d1cbd9-f58d-4efa-ab2e-c6ad8b8254fb@group-0B70EC864889-SegmentedRaftLogWorker] INFO  segmented.SegmentedRaftLogWorker (SegmentedRaftLogWorker.java:run(347)) - b3d1cbd9-f58d-4efa-ab2e-c6ad8b8254fb@group-0B70EC864889-SegmentedRaftLogWorker was interrupted, exiting. There are 0 tasks remaining in the queue.
2023-04-21 06:19:02,645 [b3d1cbd9-f58d-4efa-ab2e-c6ad8b8254fb-impl-thread1] INFO  segmented.SegmentedRaftLogWorker (SegmentedRaftLogWorker.java:close(257)) - b3d1cbd9-f58d-4efa-ab2e-c6ad8b8254fb@group-0B70EC864889-SegmentedRaftLogWorker close()
2023-04-21 06:19:02,646 [JvmPauseMonitor29] INFO  util.JvmPauseMonitor (JvmPauseMonitor.java:run(111)) - JvmPauseMonitor-b3d1cbd9-f58d-4efa-ab2e-c6ad8b8254fb: Stopped
2023-04-21 06:19:02,646 [Time-limited test] WARN  server.ServerUtils (ServerUtils.java:getScmDbDir(148)) - ozone.scm.db.dirs is not configured. We recommend adding this setting. Falling back to ozone.metadata.dirs instead.
2023-04-21 06:19:02,647 [Time-limited test] INFO  server.StorageContainerManager (StorageContainerManager.java:scmInit(1283)) - SCM initialization succeeded. Current cluster id for sd=/home/runner/work/ozone/ozone/hadoop-ozone/integration-test/target/test-dir/ff66b52e-cb7c-4c39-be15-20419769e28d/scm-meta/scm; cid=3e365f09-7824-43df-9298-0b70ec864889; layoutVersion=6; scmId=b3d1cbd9-f58d-4efa-ab2e-c6ad8b8254fb
2023-04-21 06:19:02,647 [Time-limited test] WARN  server.ServerUtils (ServerUtils.java:getScmDbDir(148)) - ozone.scm.db.dirs is not configured. We recommend adding this setting. Falling back to ozone.metadata.dirs instead.
2023-04-21 06:19:02,648 [Time-limited test] INFO  server.RaftServerConfigKeys (ConfUtils.java:logGet(46)) - raft.server.storage.dir = [/home/runner/work/ozone/ozone/hadoop-ozone/integration-test/target/test-dir/ff66b52e-cb7c-4c39-be15-20419769e28d/scm-meta/scm-ha] (custom)
2023-04-21 06:19:02,650 [Time-limited test] INFO  ozone.TestStorageContainerManager (TestStorageContainerManager.java:lambda$null$5(597)) - group-0B70EC864889: found a subdirectory /home/runner/work/ozone/ozone/hadoop-ozone/integration-test/target/test-dir/ff66b52e-cb7c-4c39-be15-20419769e28d/scm-meta/scm-ha/3e365f09-7824-43df-9298-0b70ec864889
2023-04-21 06:19:02,650 [Time-limited test] INFO  ozone.TestStorageContainerManager (TestStorageContainerManager.java:lambda$null$5(607)) - group-0B70EC864889 : The directory /home/runner/work/ozone/ozone/hadoop-ozone/integration-test/target/test-dir/ff66b52e-cb7c-4c39-be15-20419769e28d/scm-meta/scm-ha/3e365f09-7824-43df-9298-0b70ec864889 found a group directory for cluster 3e365f09-7824-43df-9298-0b70ec864889
]]></system-out>
  </testcase>
  <testcase name="testScmInfo" classname="org.apache.hadoop.ozone.TestStorageContainerManager" time="0.205">
    <system-out><![CDATA[2023-04-21 06:19:02,671 [Time-limited test] WARN  server.ServerUtils (ServerUtils.java:getScmDbDir(148)) - ozone.scm.db.dirs is not configured. We recommend adding this setting. Falling back to ozone.metadata.dirs instead.
2023-04-21 06:19:02,673 [Time-limited test] WARN  server.ServerUtils (ServerUtils.java:getScmDbDir(148)) - ozone.scm.db.dirs is not configured. We recommend adding this setting. Falling back to ozone.metadata.dirs instead.
2023-04-21 06:19:02,673 [Time-limited test] INFO  ha.SCMHANodeDetails (SCMHANodeDetails.java:loadSCMHAConfig(209)) - ServiceID for StorageContainerManager is null
2023-04-21 06:19:02,673 [Time-limited test] WARN  ha.SCMHANodeDetails (SCMHANodeDetails.java:validateSCMHAConfig(182)) - Invalid config ozone.scm.ratis.enable. The config was not specified, but the default value true conflicts with the expected config value false. Falling back to the expected value. Current State of SCM: SCM is running in Non-HA without Ratis Ratis SCM -> Non Ratis SCM or Non HA SCM -> HA SCM is not supported
2023-04-21 06:19:02,674 [Time-limited test] INFO  ha.SCMHANodeDetails (SCMHANodeDetails.java:loadSCMHAConfig(214)) - ozone.scm.default.service.id is not defined, falling back to ozone.scm.service.ids to find serviceID for StorageContainerManager if it is HA enabled cluster
2023-04-21 06:19:02,674 [Time-limited test] WARN  utils.HAUtils (HAUtils.java:getMetaDir(342)) - ozone.scm.db.dirs is not configured. We recommend adding this setting. Falling back to ozone.metadata.dirs instead.
2023-04-21 06:19:02,675 [Time-limited test] WARN  db.DBStoreBuilder (DBStoreBuilder.java:applyDBDefinition(182)) - ozone.scm.db.dirs is not configured. We recommend adding this setting. Falling back to ozone.metadata.dirs instead.
2023-04-21 06:19:02,785 [Time-limited test] INFO  net.NodeSchemaLoader (NodeSchemaLoader.java:loadSchemaFromFile(129)) - Loading schema from [jar:file:/home/runner/.m2/repository/org/apache/ozone/hdds-common/1.4.0-SNAPSHOT/hdds-common-1.4.0-SNAPSHOT.jar!/network-topology-default.xml]
2023-04-21 06:19:02,785 [Time-limited test] INFO  net.NodeSchemaLoader (NodeSchemaLoader.java:loadSchema(176)) - Loading network topology layer schema file
2023-04-21 06:19:02,787 [Time-limited test] INFO  upgrade.AbstractLayoutVersionManager (AbstractLayoutVersionManager.java:init(83)) - Initializing Layout version manager with metadata layout = WEBUI_PORTS_IN_DATANODEDETAILS (version = 6), software layout = WEBUI_PORTS_IN_DATANODEDETAILS (version = 6)
2023-04-21 06:19:02,833 [Time-limited test] INFO  reflections.Reflections (Reflections.java:scan(232)) - Reflections took 45 ms to scan 7 urls, producing 156 keys and 369 values 
2023-04-21 06:19:02,835 [Time-limited test] INFO  ha.SequenceIdGenerator (SequenceIdGenerator.java:upgradeToSequenceId(349)) - upgrade localId to 111677748019200000
2023-04-21 06:19:02,836 [Time-limited test] INFO  ha.SequenceIdGenerator (SequenceIdGenerator.java:upgradeToSequenceId(359)) - upgrade delTxnId to 0
2023-04-21 06:19:02,836 [Time-limited test] INFO  ha.SequenceIdGenerator (SequenceIdGenerator.java:upgradeToSequenceId(376)) - upgrade containerId to 0
2023-04-21 06:19:02,836 [Time-limited test] INFO  ha.SequenceIdGenerator (SequenceIdGenerator.java:<init>(220)) - Init the HA SequenceIdGenerator.
2023-04-21 06:19:02,837 [Time-limited test] INFO  node.SCMNodeManager (SCMNodeManager.java:<init>(156)) - Entering startup safe mode.
2023-04-21 06:19:02,837 [Time-limited test] INFO  algorithms.ContainerPlacementPolicyFactory (ContainerPlacementPolicyFactory.java:getPolicyInternal(86)) - Create container placement policy of type org.apache.hadoop.hdds.scm.container.placement.algorithms.SCMContainerPlacementRackAware
2023-04-21 06:19:02,837 [Time-limited test] INFO  algorithms.ContainerPlacementPolicyFactory (ContainerPlacementPolicyFactory.java:getPolicyInternal(86)) - Create container placement policy of type org.apache.hadoop.hdds.scm.container.placement.algorithms.SCMContainerPlacementRackScatter
2023-04-21 06:19:02,837 [Time-limited test] INFO  pipeline.PipelineStateManagerImpl (PipelineStateManagerImpl.java:initialize(78)) - No pipeline exists in current db
2023-04-21 06:19:02,837 [Time-limited test] INFO  algorithms.LeaderChoosePolicyFactory (LeaderChoosePolicyFactory.java:getPolicy(57)) - Create leader choose policy of type org.apache.hadoop.hdds.scm.pipeline.leader.choose.algorithms.MinLeaderCountChoosePolicy
2023-04-21 06:19:02,837 [Time-limited test] INFO  algorithms.ContainerPlacementPolicyFactory (ContainerPlacementPolicyFactory.java:getPolicyInternal(86)) - Create container placement policy of type org.apache.hadoop.hdds.scm.container.placement.algorithms.SCMContainerPlacementRackScatter
2023-04-21 06:19:02,838 [Time-limited test] INFO  ha.SCMServiceManager (SCMServiceManager.java:register(42)) - Registering service BackgroundPipelineCreator.
2023-04-21 06:19:02,838 [Time-limited test] INFO  pipeline.BackgroundPipelineCreator (BackgroundPipelineCreator.java:start(124)) - Starting RatisPipelineUtilsThread.
2023-04-21 06:19:02,840 [Time-limited test] INFO  BackgroundPipelineScrubber (BackgroundSCMService.java:start(68)) - Starting BackgroundPipelineScrubber Service.
2023-04-21 06:19:02,840 [Time-limited test] INFO  ha.SCMServiceManager (SCMServiceManager.java:register(42)) - Registering service BackgroundPipelineScrubber.
2023-04-21 06:19:02,840 [Time-limited test] INFO  ExpiredContainerReplicaOpScrubber (BackgroundSCMService.java:start(68)) - Starting ExpiredContainerReplicaOpScrubber Service.
2023-04-21 06:19:02,841 [Time-limited test] INFO  ha.SCMServiceManager (SCMServiceManager.java:register(42)) - Registering service ExpiredContainerReplicaOpScrubber.
2023-04-21 06:19:02,842 [Time-limited test] INFO  algorithms.PipelineChoosePolicyFactory (PipelineChoosePolicyFactory.java:createPipelineChoosePolicyFromClass(73)) - Create pipeline choose policy of type org.apache.hadoop.hdds.scm.pipeline.choose.algorithms.RandomPipelineChoosePolicy
2023-04-21 06:19:02,842 [Time-limited test] INFO  ha.SCMServiceManager (SCMServiceManager.java:register(42)) - Registering service SCMBlockDeletingService.
2023-04-21 06:19:02,842 [Time-limited test] INFO  replication.ReplicationManager (ReplicationManager.java:start(288)) - Starting Replication Monitor Thread.
2023-04-21 06:19:02,846 [Time-limited test] INFO  ha.SCMServiceManager (SCMServiceManager.java:register(42)) - Registering service ReplicationManager.
2023-04-21 06:19:02,846 [Time-limited test] INFO  safemode.ContainerSafeModeRule (ContainerSafeModeRule.java:<init>(89)) - containers with one replica threshold count 0
2023-04-21 06:19:02,847 [Time-limited test] INFO  safemode.HealthyPipelineSafeModeRule (HealthyPipelineSafeModeRule.java:initializeRule(169)) - Total pipeline count is 0, healthy pipeline threshold count is 0
2023-04-21 06:19:02,847 [Time-limited test] INFO  safemode.OneReplicaPipelineSafeModeRule (OneReplicaPipelineSafeModeRule.java:initializeRule(180)) - Total pipeline count is 0, pipeline's with at least one datanode reported threshold count is 0
2023-04-21 06:19:02,847 [Time-limited test] INFO  server.StorageContainerManager (StorageContainerManager.java:<init>(402)) - SCM start with adminUsers: [runner]
2023-04-21 06:19:02,848 [Time-limited test] INFO  ipc.CallQueueManager (CallQueueManager.java:<init>(90)) - Using callQueue: class java.util.concurrent.LinkedBlockingQueue, queueCapacity: 10000, scheduler: class org.apache.hadoop.ipc.DefaultRpcScheduler, ipcBackoff: false.
2023-04-21 06:19:02,848 [Socket Reader #1 for port 9861] INFO  ipc.Server (Server.java:run(1319)) - Starting Socket Reader #1 for port 9861
2023-04-21 06:19:02,850 [ReplicationMonitor] INFO  replication.ReplicationManager (ReplicationManager.java:processAll(363)) - Replication Manager is not ready to run until 300000ms after safemode exit
2023-04-21 06:19:02,850 [Listener at 0.0.0.0/9861] INFO  ipc.CallQueueManager (CallQueueManager.java:<init>(90)) - Using callQueue: class java.util.concurrent.LinkedBlockingQueue, queueCapacity: 10000, scheduler: class org.apache.hadoop.ipc.DefaultRpcScheduler, ipcBackoff: false.
2023-04-21 06:19:02,851 [Socket Reader #1 for port 9863] INFO  ipc.Server (Server.java:run(1319)) - Starting Socket Reader #1 for port 9863
2023-04-21 06:19:02,851 [Listener at 0.0.0.0/9863] INFO  ipc.CallQueueManager (CallQueueManager.java:<init>(90)) - Using callQueue: class java.util.concurrent.LinkedBlockingQueue, queueCapacity: 10000, scheduler: class org.apache.hadoop.ipc.DefaultRpcScheduler, ipcBackoff: false.
2023-04-21 06:19:02,852 [Socket Reader #1 for port 9860] INFO  ipc.Server (Server.java:run(1319)) - Starting Socket Reader #1 for port 9860
2023-04-21 06:19:02,857 [Listener at 0.0.0.0/9860] INFO  ha.SCMServiceManager (SCMServiceManager.java:register(42)) - Registering service ContainerBalancer.
2023-04-21 06:19:02,857 [Listener at 0.0.0.0/9860] INFO  server.StorageContainerManager (StorageContainerManager.java:<init>(419)) - 
Container Balancer status:
Key                            Value
Running                        false
Container Balancer Configuration values:
Key                                                Value
Threshold                                          10
Max Datanodes to Involve per Iteration(percent)    20
Max Size to Move per Iteration                     500GB
Max Size Entering Target per Iteration             26GB
Max Size Leaving Source per Iteration              26GB

2023-04-21 06:19:02,857 [Listener at 0.0.0.0/9860] INFO  ha.SCMContext (SCMContext.java:updateSafeModeStatus(228)) - Update SafeModeStatus from SafeModeStatus{safeModeStatus=true, preCheckPassed=false} to SafeModeStatus{safeModeStatus=true, preCheckPassed=false}.
]]></system-out>
  </testcase>
</testsuite>