<?xml version="1.0" encoding="UTF-8"?>
<testsuite xmlns:xsi="http://www.w3.org/2001/XMLSchema-instance" xsi:noNamespaceSchemaLocation="https://maven.apache.org/surefire/maven-surefire-plugin/xsd/surefire-test-report-3.0.xsd" version="3.0" name="org.apache.hadoop.ozone.om.snapshot.TestSnapshotDirectoryCleaningService" time="43.644" tests="1" errors="0" skipped="0" failures="1">
  <properties>
    <property name="java.specification.version" value="17"/>
    <property name="sun.jnu.encoding" value="UTF-8"/>
    <property name="java.class.path" value="/home/runner/work/ozone/ozone/hadoop-ozone/integration-test/target/test-classes:/home/runner/work/ozone/ozone/hadoop-ozone/integration-test/target/classes:/home/runner/work/ozone/ozone/hadoop-ozone/common/target/classes:/home/runner/.m2/repository/io/grpc/grpc-netty/1.58.0/grpc-netty-1.58.0.jar:/home/runner/.m2/repository/io/grpc/grpc-core/1.58.0/grpc-core-1.58.0.jar:/home/runner/.m2/repository/com/google/android/annotations/4.1.1.4/annotations-4.1.1.4.jar:/home/runner/.m2/repository/org/codehaus/mojo/animal-sniffer-annotations/1.23/animal-sniffer-annotations-1.23.jar:/home/runner/.m2/repository/io/grpc/grpc-context/1.58.0/grpc-context-1.58.0.jar:/home/runner/.m2/repository/io/grpc/grpc-util/1.58.0/grpc-util-1.58.0.jar:/home/runner/.m2/repository/com/google/errorprone/error_prone_annotations/2.2.0/error_prone_annotations-2.2.0.jar:/home/runner/.m2/repository/io/perfmark/perfmark-api/0.26.0/perfmark-api-0.26.0.jar:/home/runner/.m2/repository/io/netty/netty-codec-http2/4.1.109.Final/netty-codec-http2-4.1.109.Final.jar:/home/runner/.m2/repository/io/netty/netty-common/4.1.109.Final/netty-common-4.1.109.Final.jar:/home/runner/.m2/repository/io/netty/netty-buffer/4.1.109.Final/netty-buffer-4.1.109.Final.jar:/home/runner/.m2/repository/io/netty/netty-codec-http/4.1.109.Final/netty-codec-http-4.1.109.Final.jar:/home/runner/.m2/repository/io/netty/netty-handler-proxy/4.1.109.Final/netty-handler-proxy-4.1.109.Final.jar:/home/runner/.m2/repository/io/netty/netty-codec-socks/4.1.109.Final/netty-codec-socks-4.1.109.Final.jar:/home/runner/.m2/repository/io/netty/netty-tcnative-boringssl-static/2.0.65.Final/netty-tcnative-boringssl-static-2.0.65.Final.jar:/home/runner/.m2/repository/io/netty/netty-tcnative-classes/2.0.65.Final/netty-tcnative-classes-2.0.65.Final.jar:/home/runner/.m2/repository/io/netty/netty-tcnative-boringssl-static/2.0.65.Final/netty-tcnative-boringssl-static-2.0.65.Final-linux-x86_64.jar:/home/runner/.m2/repository/io/netty/netty-tcnative-boringssl-static/2.0.65.Final/netty-tcnative-boringssl-static-2.0.65.Final-linux-aarch_64.jar:/home/runner/.m2/repository/io/netty/netty-tcnative-boringssl-static/2.0.65.Final/netty-tcnative-boringssl-static-2.0.65.Final-osx-x86_64.jar:/home/runner/.m2/repository/io/netty/netty-tcnative-boringssl-static/2.0.65.Final/netty-tcnative-boringssl-static-2.0.65.Final-osx-aarch_64.jar:/home/runner/.m2/repository/io/netty/netty-tcnative-boringssl-static/2.0.65.Final/netty-tcnative-boringssl-static-2.0.65.Final-windows-x86_64.jar:/home/runner/.m2/repository/org/apache/commons/commons-compress/1.26.0/commons-compress-1.26.0.jar:/home/runner/work/ozone/ozone/hadoop-hdds/common/target/classes:/home/runner/work/ozone/ozone/hadoop-hdds/client/target/classes:/home/runner/work/ozone/ozone/hadoop-ozone/interface-client/target/classes:/home/runner/.m2/repository/org/apache/hadoop/hadoop-hdfs-client/3.3.6/hadoop-hdfs-client-3.3.6.jar:/home/runner/.m2/repository/com/squareup/okhttp3/okhttp/4.12.0/okhttp-4.12.0.jar:/home/runner/.m2/repository/com/squareup/okio/okio/3.6.0/okio-3.6.0.jar:/home/runner/.m2/repository/com/squareup/okio/okio-jvm/3.6.0/okio-jvm-3.6.0.jar:/home/runner/.m2/repository/org/jetbrains/kotlin/kotlin-stdlib-jdk8/1.9.24/kotlin-stdlib-jdk8-1.9.24.jar:/home/runner/.m2/repository/org/jetbrains/kotlin/kotlin-stdlib-jdk7/1.9.24/kotlin-stdlib-jdk7-1.9.24.jar:/home/runner/.m2/repository/org/jetbrains/kotlin/kotlin-stdlib-common/1.9.24/kotlin-stdlib-common-1.9.24.jar:/home/runner/work/ozone/ozone/hadoop-hdds/test-utils/target/classes:/home/runner/.m2/repository/org/assertj/assertj-core/3.26.0/assertj-core-3.26.0.jar:/home/runner/.m2/repository/net/bytebuddy/byte-buddy/1.14.16/byte-buddy-1.14.16.jar:/home/runner/.m2/repository/com/google/guava/guava/32.1.3-jre/guava-32.1.3-jre.jar:/home/runner/.m2/repository/com/google/guava/failureaccess/1.0.1/failureaccess-1.0.1.jar:/home/runner/.m2/repository/com/google/guava/listenablefuture/9999.0-empty-to-avoid-conflict-with-guava/listenablefuture-9999.0-empty-to-avoid-conflict-with-guava.jar:/home/runner/.m2/repository/org/checkerframework/checker-qual/3.37.0/checker-qual-3.37.0.jar:/home/runner/.m2/repository/com/google/j2objc/j2objc-annotations/2.8/j2objc-annotations-2.8.jar:/home/runner/.m2/repository/commons-io/commons-io/2.16.1/commons-io-2.16.1.jar:/home/runner/.m2/repository/commons-logging/commons-logging/1.2/commons-logging-1.2.jar:/home/runner/.m2/repository/org/junit/jupiter/junit-jupiter-api/5.10.2/junit-jupiter-api-5.10.2.jar:/home/runner/.m2/repository/org/opentest4j/opentest4j/1.3.0/opentest4j-1.3.0.jar:/home/runner/.m2/repository/org/junit/platform/junit-platform-commons/1.10.2/junit-platform-commons-1.10.2.jar:/home/runner/.m2/repository/ch/qos/reload4j/reload4j/1.2.25/reload4j-1.2.25.jar:/home/runner/.m2/repository/jakarta/annotation/jakarta.annotation-api/2.1.1/jakarta.annotation-api-2.1.1.jar:/home/runner/.m2/repository/org/slf4j/slf4j-api/2.0.13/slf4j-api-2.0.13.jar:/home/runner/.m2/repository/org/apache/logging/log4j/log4j-api/2.17.1/log4j-api-2.17.1.jar:/home/runner/work/ozone/ozone/hadoop-hdds/server-scm/target/classes:/home/runner/.m2/repository/com/google/protobuf/protobuf-java/2.5.0/protobuf-java-2.5.0.jar:/home/runner/work/ozone/ozone/hadoop-hdds/container-service/target/classes:/home/runner/work/ozone/ozone/hadoop-hdds/hadoop-dependency-server/target/classes:/home/runner/.m2/repository/com/nimbusds/nimbus-jose-jwt/9.37.2/nimbus-jose-jwt-9.37.2.jar:/home/runner/.m2/repository/com/github/stephenc/jcip/jcip-annotations/1.0-1/jcip-annotations-1.0-1.jar:/home/runner/.m2/repository/org/apache/hadoop/hadoop-hdfs/3.3.6/hadoop-hdfs-3.3.6.jar:/home/runner/.m2/repository/commons-daemon/commons-daemon/1.3.4/commons-daemon-1.3.4.jar:/home/runner/.m2/repository/org/apache/kerby/kerb-core/1.0.1/kerb-core-1.0.1.jar:/home/runner/.m2/repository/org/apache/kerby/kerby-pkix/1.0.1/kerby-pkix-1.0.1.jar:/home/runner/.m2/repository/org/apache/kerby/kerby-asn1/1.0.1/kerby-asn1-1.0.1.jar:/home/runner/.m2/repository/org/apache/kerby/kerby-util/1.0.1/kerby-util-1.0.1.jar:/home/runner/.m2/repository/org/apache/kerby/kerb-util/1.0.1/kerb-util-1.0.1.jar:/home/runner/.m2/repository/org/apache/kerby/kerby-config/1.0.1/kerby-config-1.0.1.jar:/home/runner/.m2/repository/org/apache/kerby/kerb-crypto/1.0.1/kerb-crypto-1.0.1.jar:/home/runner/.m2/repository/org/xerial/snappy/snappy-java/1.1.10.5/snappy-java-1.1.10.5.jar:/home/runner/work/ozone/ozone/hadoop-hdds/framework/target/classes:/home/runner/.m2/repository/org/bouncycastle/bcprov-jdk18on/1.78.1/bcprov-jdk18on-1.78.1.jar:/home/runner/.m2/repository/io/dropwizard/metrics/metrics-core/3.2.6/metrics-core-3.2.6.jar:/home/runner/.m2/repository/org/apache/commons/commons-text/1.11.0/commons-text-1.11.0.jar:/home/runner/work/ozone/ozone/hadoop-hdds/framework/target/test-classes:/home/runner/work/ozone/ozone/hadoop-hdds/interface-server/target/classes:/home/runner/work/ozone/ozone/hadoop-hdds/interface-admin/target/classes:/home/runner/work/ozone/ozone/hadoop-hdds/managed-rocksdb/target/classes:/home/runner/.m2/repository/org/rocksdb/rocksdbjni/7.7.3/rocksdbjni-7.7.3.jar:/home/runner/.m2/repository/org/slf4j/slf4j-reload4j/2.0.13/slf4j-reload4j-2.0.13.jar:/home/runner/.m2/repository/org/apache/commons/commons-configuration2/2.10.1/commons-configuration2-2.10.1.jar:/home/runner/.m2/repository/commons-fileupload/commons-fileupload/1.5/commons-fileupload-1.5.jar:/home/runner/.m2/repository/org/apache/logging/log4j/log4j-core/2.17.1/log4j-core-2.17.1.jar:/home/runner/.m2/repository/com/lmax/disruptor/3.4.4/disruptor-3.4.4.jar:/home/runner/.m2/repository/org/eclipse/jetty/jetty-util/9.4.54.v20240208/jetty-util-9.4.54.v20240208.jar:/home/runner/.m2/repository/org/eclipse/jetty/jetty-server/9.4.54.v20240208/jetty-server-9.4.54.v20240208.jar:/home/runner/.m2/repository/org/eclipse/jetty/jetty-http/9.4.54.v20240208/jetty-http-9.4.54.v20240208.jar:/home/runner/.m2/repository/org/eclipse/jetty/jetty-io/9.4.54.v20240208/jetty-io-9.4.54.v20240208.jar:/home/runner/.m2/repository/org/eclipse/jetty/jetty-servlet/9.4.54.v20240208/jetty-servlet-9.4.54.v20240208.jar:/home/runner/.m2/repository/org/eclipse/jetty/jetty-security/9.4.54.v20240208/jetty-security-9.4.54.v20240208.jar:/home/runner/.m2/repository/org/eclipse/jetty/jetty-util-ajax/9.4.54.v20240208/jetty-util-ajax-9.4.54.v20240208.jar:/home/runner/.m2/repository/org/eclipse/jetty/jetty-webapp/9.4.54.v20240208/jetty-webapp-9.4.54.v20240208.jar:/home/runner/.m2/repository/org/eclipse/jetty/jetty-xml/9.4.54.v20240208/jetty-xml-9.4.54.v20240208.jar:/home/runner/.m2/repository/org/apache/ratis/ratis-server/3.0.1/ratis-server-3.0.1.jar:/home/runner/.m2/repository/org/apache/ratis/ratis-thirdparty-misc/1.0.5/ratis-thirdparty-misc-1.0.5.jar:/home/runner/.m2/repository/org/apache/ratis/ratis-proto/3.0.1/ratis-proto-3.0.1.jar:/home/runner/.m2/repository/org/apache/ratis/ratis-common/3.0.1/ratis-common-3.0.1.jar:/home/runner/.m2/repository/org/apache/ratis/ratis-client/3.0.1/ratis-client-3.0.1.jar:/home/runner/.m2/repository/org/apache/ratis/ratis-metrics-api/3.0.1/ratis-metrics-api-3.0.1.jar:/home/runner/.m2/repository/org/apache/ratis/ratis-metrics-dropwizard3/3.0.1/ratis-metrics-dropwizard3-3.0.1.jar:/home/runner/.m2/repository/io/prometheus/simpleclient_dropwizard/0.16.0/simpleclient_dropwizard-0.16.0.jar:/home/runner/.m2/repository/io/prometheus/simpleclient/0.16.0/simpleclient-0.16.0.jar:/home/runner/.m2/repository/io/prometheus/simpleclient_common/0.16.0/simpleclient_common-0.16.0.jar:/home/runner/.m2/repository/com/fasterxml/jackson/datatype/jackson-datatype-jsr310/2.16.2/jackson-datatype-jsr310-2.16.2.jar:/home/runner/.m2/repository/com/fasterxml/jackson/core/jackson-core/2.16.2/jackson-core-2.16.2.jar:/home/runner/work/ozone/ozone/hadoop-hdds/rocksdb-checkpoint-differ/target/classes:/home/runner/.m2/repository/org/jgrapht/jgrapht-core/1.4.0/jgrapht-core-1.4.0.jar:/home/runner/.m2/repository/org/jheaps/jheaps/0.11/jheaps-0.11.jar:/home/runner/.m2/repository/org/jgrapht/jgrapht-ext/1.4.0/jgrapht-ext-1.4.0.jar:/home/runner/.m2/repository/com/github/vlsi/mxgraph/jgraphx/3.9.8.1/jgraphx-3.9.8.1.jar:/home/runner/work/ozone/ozone/hadoop-ozone/ozone-manager/target/classes:/home/runner/.m2/repository/org/aspectj/aspectjrt/1.9.7/aspectjrt-1.9.7.jar:/home/runner/.m2/repository/org/aspectj/aspectjweaver/1.9.7/aspectjweaver-1.9.7.jar:/home/runner/work/ozone/ozone/hadoop-hdds/interface-client/target/classes:/home/runner/.m2/repository/org/apache/hadoop/thirdparty/hadoop-shaded-protobuf_3_7/1.1.1/hadoop-shaded-protobuf_3_7-1.1.1.jar:/home/runner/work/ozone/ozone/hadoop-ozone/interface-storage/target/classes:/home/runner/.m2/repository/org/reflections/reflections/0.10.2/reflections-0.10.2.jar:/home/runner/.m2/repository/com/sun/jersey/jersey-client/1.19.4/jersey-client-1.19.4.jar:/home/runner/.m2/repository/org/codehaus/jackson/jackson-core-asl/1.9.13/jackson-core-asl-1.9.13.jar:/home/runner/.m2/repository/org/codehaus/jackson/jackson-mapper-asl/1.9.13/jackson-mapper-asl-1.9.13.jar:/home/runner/.m2/repository/org/codehaus/jackson/jackson-jaxrs/1.9.13/jackson-jaxrs-1.9.13.jar:/home/runner/.m2/repository/org/apache/ranger/ranger-intg/2.3.0/ranger-intg-2.3.0.jar:/home/runner/.m2/repository/org/apache/ranger/ranger-plugins-common/2.3.0/ranger-plugins-common-2.3.0.jar:/home/runner/.m2/repository/commons-lang/commons-lang/2.6/commons-lang-2.6.jar:/home/runner/.m2/repository/org/apache/ranger/ranger-plugins-cred/2.3.0/ranger-plugins-cred-2.3.0.jar:/home/runner/.m2/repository/org/apache/ranger/ranger-plugins-audit/2.3.0/ranger-plugins-audit-2.3.0.jar:/home/runner/.m2/repository/org/eclipse/jetty/jetty-client/9.4.54.v20240208/jetty-client-9.4.54.v20240208.jar:/home/runner/.m2/repository/org/apache/httpcomponents/httpmime/4.5.6/httpmime-4.5.6.jar:/home/runner/.m2/repository/org/apache/httpcomponents/httpcore-nio/4.4.16/httpcore-nio-4.4.16.jar:/home/runner/.m2/repository/org/apache/httpcomponents/httpasyncclient/4.1.3/httpasyncclient-4.1.3.jar:/home/runner/.m2/repository/com/carrotsearch/hppc/0.8.0/hppc-0.8.0.jar:/home/runner/.m2/repository/org/apache/orc/orc-core/1.5.8/orc-core-1.5.8.jar:/home/runner/.m2/repository/net/java/dev/jna/jna/5.2.0/jna-5.2.0.jar:/home/runner/.m2/repository/net/java/dev/jna/jna-platform/5.2.0/jna-platform-5.2.0.jar:/home/runner/.m2/repository/com/kstruct/gethostname4j/0.0.2/gethostname4j-0.0.2.jar:/home/runner/.m2/repository/org/apache/ranger/ranger-plugin-classloader/2.3.0/ranger-plugin-classloader-2.3.0.jar:/home/runner/work/ozone/ozone/hadoop-hdds/rocks-native/target/classes:/home/runner/.m2/repository/org/apache/hadoop/hadoop-minikdc/3.3.6/hadoop-minikdc-3.3.6.jar:/home/runner/.m2/repository/org/apache/kerby/kerb-simplekdc/1.0.1/kerb-simplekdc-1.0.1.jar:/home/runner/.m2/repository/org/apache/kerby/kerb-client/1.0.1/kerb-client-1.0.1.jar:/home/runner/.m2/repository/org/apache/kerby/kerb-common/1.0.1/kerb-common-1.0.1.jar:/home/runner/.m2/repository/org/apache/kerby/token-provider/1.0.1/token-provider-1.0.1.jar:/home/runner/.m2/repository/org/apache/kerby/kerb-admin/1.0.1/kerb-admin-1.0.1.jar:/home/runner/.m2/repository/org/apache/kerby/kerb-server/1.0.1/kerb-server-1.0.1.jar:/home/runner/.m2/repository/org/apache/kerby/kerb-identity/1.0.1/kerb-identity-1.0.1.jar:/home/runner/.m2/repository/org/apache/kerby/kerby-xdr/1.0.1/kerby-xdr-1.0.1.jar:/home/runner/.m2/repository/junit/junit/4.13.2/junit-4.13.2.jar:/home/runner/.m2/repository/org/hamcrest/hamcrest-core/1.3/hamcrest-core-1.3.jar:/home/runner/work/ozone/ozone/hadoop-ozone/s3gateway/target/classes:/home/runner/.m2/repository/org/javassist/javassist/3.30.2-GA/javassist-3.30.2-GA.jar:/home/runner/.m2/repository/org/jboss/weld/servlet/weld-servlet-shaded/3.1.9.Final/weld-servlet-shaded-3.1.9.Final.jar:/home/runner/.m2/repository/org/glassfish/jersey/containers/jersey-container-servlet-core/2.43/jersey-container-servlet-core-2.43.jar:/home/runner/.m2/repository/org/glassfish/hk2/external/jakarta.inject/2.6.1/jakarta.inject-2.6.1.jar:/home/runner/.m2/repository/org/glassfish/jersey/core/jersey-common/2.43/jersey-common-2.43.jar:/home/runner/.m2/repository/jakarta/ws/rs/jakarta.ws.rs-api/2.1.6/jakarta.ws.rs-api-2.1.6.jar:/home/runner/.m2/repository/org/glassfish/jersey/ext/cdi/jersey-cdi1x/2.43/jersey-cdi1x-2.43.jar:/home/runner/.m2/repository/org/glassfish/jersey/inject/jersey-hk2/2.43/jersey-hk2-2.43.jar:/home/runner/.m2/repository/org/glassfish/hk2/hk2-locator/2.6.1/hk2-locator-2.6.1.jar:/home/runner/.m2/repository/org/glassfish/jersey/media/jersey-media-jaxb/2.43/jersey-media-jaxb-2.43.jar:/home/runner/.m2/repository/org/glassfish/hk2/osgi-resource-locator/1.0.3/osgi-resource-locator-1.0.3.jar:/home/runner/.m2/repository/org/glassfish/hk2/hk2-api/2.6.1/hk2-api-2.6.1.jar:/home/runner/.m2/repository/org/glassfish/hk2/hk2-utils/2.6.1/hk2-utils-2.6.1.jar:/home/runner/.m2/repository/org/glassfish/hk2/external/aopalliance-repackaged/2.6.1/aopalliance-repackaged-2.6.1.jar:/home/runner/.m2/repository/com/fasterxml/jackson/dataformat/jackson-dataformat-xml/2.16.2/jackson-dataformat-xml-2.16.2.jar:/home/runner/.m2/repository/org/codehaus/woodstox/stax2-api/4.2.2/stax2-api-4.2.2.jar:/home/runner/.m2/repository/com/fasterxml/woodstox/woodstox-core/5.4.0/woodstox-core-5.4.0.jar:/home/runner/.m2/repository/com/fasterxml/jackson/module/jackson-module-jaxb-annotations/2.16.2/jackson-module-jaxb-annotations-2.16.2.jar:/home/runner/.m2/repository/javax/enterprise/cdi-api/2.0/cdi-api-2.0.jar:/home/runner/.m2/repository/javax/el/javax.el-api/3.0.0/javax.el-api-3.0.0.jar:/home/runner/.m2/repository/javax/interceptor/javax.interceptor-api/1.2/javax.interceptor-api-1.2.jar:/home/runner/.m2/repository/javax/inject/javax.inject/1/javax.inject-1.jar:/home/runner/.m2/repository/jakarta/xml/bind/jakarta.xml.bind-api/2.3.3/jakarta.xml.bind-api-2.3.3.jar:/home/runner/.m2/repository/org/glassfish/jaxb/jaxb-runtime/2.3.9/jaxb-runtime-2.3.9.jar:/home/runner/.m2/repository/org/glassfish/jaxb/txw2/2.3.9/txw2-2.3.9.jar:/home/runner/.m2/repository/com/sun/istack/istack-commons-runtime/3.0.12/istack-commons-runtime-3.0.12.jar:/home/runner/.m2/repository/com/sun/activation/jakarta.activation/1.2.2/jakarta.activation-1.2.2.jar:/home/runner/.m2/repository/jakarta/activation/jakarta.activation-api/1.2.2/jakarta.activation-api-1.2.2.jar:/home/runner/.m2/repository/io/grpc/grpc-protobuf/1.58.0/grpc-protobuf-1.58.0.jar:/home/runner/.m2/repository/com/google/api/grpc/proto-google-common-protos/2.22.0/proto-google-common-protos-2.22.0.jar:/home/runner/.m2/repository/io/grpc/grpc-protobuf-lite/1.58.0/grpc-protobuf-lite-1.58.0.jar:/home/runner/.m2/repository/io/grpc/grpc-stub/1.58.0/grpc-stub-1.58.0.jar:/home/runner/.m2/repository/io/netty/netty-transport/4.1.109.Final/netty-transport-4.1.109.Final.jar:/home/runner/.m2/repository/io/netty/netty-resolver/4.1.109.Final/netty-resolver-4.1.109.Final.jar:/home/runner/work/ozone/ozone/hadoop-ozone/csi/target/classes:/home/runner/.m2/repository/com/google/protobuf/protobuf-java-util/3.19.6/protobuf-java-util-3.19.6.jar:/home/runner/.m2/repository/com/google/code/gson/gson/2.10.1/gson-2.10.1.jar:/home/runner/work/ozone/ozone/hadoop-hdds/config/target/classes:/home/runner/.m2/repository/io/netty/netty-transport-native-epoll/4.1.109.Final/netty-transport-native-epoll-4.1.109.Final-linux-x86_64.jar:/home/runner/.m2/repository/io/netty/netty-transport-classes-epoll/4.1.109.Final/netty-transport-classes-epoll-4.1.109.Final.jar:/home/runner/.m2/repository/io/netty/netty-transport-native-unix-common/4.1.109.Final/netty-transport-native-unix-common-4.1.109.Final.jar:/home/runner/work/ozone/ozone/hadoop-ozone/recon/target/classes:/home/runner/work/ozone/ozone/hadoop-ozone/recon-codegen/target/classes:/home/runner/.m2/repository/com/google/inject/guice/6.0.0/guice-6.0.0.jar:/home/runner/.m2/repository/jakarta/inject/jakarta.inject-api/2.0.1/jakarta.inject-api-2.0.1.jar:/home/runner/.m2/repository/aopalliance/aopalliance/1.0/aopalliance-1.0.jar:/home/runner/.m2/repository/com/google/inject/extensions/guice-assistedinject/6.0.0/guice-assistedinject-6.0.0.jar:/home/runner/.m2/repository/com/google/inject/extensions/guice-servlet/6.0.0/guice-servlet-6.0.0.jar:/home/runner/.m2/repository/org/glassfish/jersey/containers/jersey-container-servlet/2.43/jersey-container-servlet-2.43.jar:/home/runner/.m2/repository/org/glassfish/hk2/guice-bridge/2.6.1/guice-bridge-2.6.1.jar:/home/runner/.m2/repository/org/glassfish/jersey/core/jersey-server/2.43/jersey-server-2.43.jar:/home/runner/.m2/repository/org/glassfish/jersey/core/jersey-client/2.43/jersey-client-2.43.jar:/home/runner/.m2/repository/jakarta/validation/jakarta.validation-api/2.0.2/jakarta.validation-api-2.0.2.jar:/home/runner/.m2/repository/org/glassfish/jersey/media/jersey-media-json-jackson/2.43/jersey-media-json-jackson-2.43.jar:/home/runner/.m2/repository/org/glassfish/jersey/ext/jersey-entity-filtering/2.43/jersey-entity-filtering-2.43.jar:/home/runner/.m2/repository/org/jooq/jooq/3.11.10/jooq-3.11.10.jar:/home/runner/.m2/repository/org/jooq/jooq-meta/3.11.10/jooq-meta-3.11.10.jar:/home/runner/.m2/repository/org/jooq/jooq-codegen/3.11.10/jooq-codegen-3.11.10.jar:/home/runner/.m2/repository/com/jolbox/bonecp/0.8.0.RELEASE/bonecp-0.8.0.RELEASE.jar:/home/runner/.m2/repository/org/apache/derby/derby/10.14.2.0/derby-10.14.2.0.jar:/home/runner/.m2/repository/org/xerial/sqlite-jdbc/3.44.1.0/sqlite-jdbc-3.44.1.0.jar:/home/runner/.m2/repository/org/springframework/spring-jdbc/5.3.34/spring-jdbc-5.3.34.jar:/home/runner/.m2/repository/org/springframework/spring-beans/5.3.34/spring-beans-5.3.34.jar:/home/runner/.m2/repository/org/springframework/spring-core/5.3.34/spring-core-5.3.34.jar:/home/runner/.m2/repository/org/springframework/spring-tx/5.3.34/spring-tx-5.3.34.jar:/home/runner/work/ozone/ozone/hadoop-ozone/client/target/classes:/home/runner/work/ozone/ozone/hadoop-hdds/erasurecode/target/classes:/home/runner/work/ozone/ozone/hadoop-ozone/ozonefs/target/classes:/home/runner/work/ozone/ozone/hadoop-ozone/ozonefs-common/target/classes:/home/runner/work/ozone/ozone/hadoop-ozone/tools/target/classes:/home/runner/.m2/repository/com/amazonaws/aws-java-sdk-core/1.12.661/aws-java-sdk-core-1.12.661.jar:/home/runner/.m2/repository/org/apache/httpcomponents/httpclient/4.5.14/httpclient-4.5.14.jar:/home/runner/.m2/repository/org/apache/httpcomponents/httpcore/4.4.16/httpcore-4.4.16.jar:/home/runner/.m2/repository/com/fasterxml/jackson/dataformat/jackson-dataformat-cbor/2.16.2/jackson-dataformat-cbor-2.16.2.jar:/home/runner/.m2/repository/joda-time/joda-time/2.12.7/joda-time-2.12.7.jar:/home/runner/.m2/repository/com/amazonaws/aws-java-sdk-s3/1.12.661/aws-java-sdk-s3-1.12.661.jar:/home/runner/.m2/repository/com/amazonaws/aws-java-sdk-kms/1.12.661/aws-java-sdk-kms-1.12.661.jar:/home/runner/.m2/repository/com/amazonaws/jmespath-java/1.12.661/jmespath-java-1.12.661.jar:/home/runner/.m2/repository/org/kohsuke/metainf-services/metainf-services/1.11/metainf-services-1.11.jar:/home/runner/work/ozone/ozone/hadoop-hdds/tools/target/classes:/home/runner/.m2/repository/org/apache/ratis/ratis-tools/3.0.1/ratis-tools-3.0.1.jar:/home/runner/.m2/repository/commons-cli/commons-cli/1.8.0/commons-cli-1.8.0.jar:/home/runner/.m2/repository/org/apache/commons/commons-lang3/3.14.0/commons-lang3-3.14.0.jar:/home/runner/work/ozone/ozone/hadoop-ozone/ozone-manager/target/test-classes:/home/runner/work/ozone/ozone/hadoop-hdds/common/target/test-classes:/home/runner/work/ozone/ozone/hadoop-hdds/hadoop-dependency-client/target/classes:/home/runner/.m2/repository/info/picocli/picocli/4.7.6/picocli-4.7.6.jar:/home/runner/.m2/repository/com/fasterxml/jackson/core/jackson-annotations/2.16.2/jackson-annotations-2.16.2.jar:/home/runner/work/ozone/ozone/hadoop-hdds/annotations/target/classes:/home/runner/.m2/repository/javax/annotation/javax.annotation-api/1.3.2/javax.annotation-api-1.3.2.jar:/home/runner/.m2/repository/org/apache/ratis/ratis-server-api/3.0.1/ratis-server-api-3.0.1.jar:/home/runner/.m2/repository/org/apache/ratis/ratis-netty/3.0.1/ratis-netty-3.0.1.jar:/home/runner/.m2/repository/org/apache/ratis/ratis-grpc/3.0.1/ratis-grpc-3.0.1.jar:/home/runner/.m2/repository/org/bouncycastle/bcpkix-jdk18on/1.78.1/bcpkix-jdk18on-1.78.1.jar:/home/runner/.m2/repository/org/bouncycastle/bcutil-jdk18on/1.78.1/bcutil-jdk18on-1.78.1.jar:/home/runner/.m2/repository/commons-validator/commons-validator/1.6/commons-validator-1.6.jar:/home/runner/.m2/repository/commons-beanutils/commons-beanutils/1.9.4/commons-beanutils-1.9.4.jar:/home/runner/.m2/repository/commons-digester/commons-digester/1.8.1/commons-digester-1.8.1.jar:/home/runner/.m2/repository/commons-collections/commons-collections/3.2.2/commons-collections-3.2.2.jar:/home/runner/.m2/repository/io/jaegertracing/jaeger-client/1.8.1/jaeger-client-1.8.1.jar:/home/runner/.m2/repository/io/jaegertracing/jaeger-thrift/1.8.1/jaeger-thrift-1.8.1.jar:/home/runner/.m2/repository/org/apache/thrift/libthrift/0.15.0/libthrift-0.15.0.jar:/home/runner/.m2/repository/io/jaegertracing/jaeger-core/1.8.1/jaeger-core-1.8.1.jar:/home/runner/.m2/repository/io/jaegertracing/jaeger-tracerresolver/1.8.1/jaeger-tracerresolver-1.8.1.jar:/home/runner/.m2/repository/io/opentracing/contrib/opentracing-tracerresolver/0.1.8/opentracing-tracerresolver-0.1.8.jar:/home/runner/.m2/repository/org/jetbrains/kotlin/kotlin-stdlib/1.9.24/kotlin-stdlib-1.9.24.jar:/home/runner/.m2/repository/org/jetbrains/annotations/13.0/annotations-13.0.jar:/home/runner/.m2/repository/io/opentracing/opentracing-util/0.33.0/opentracing-util-0.33.0.jar:/home/runner/.m2/repository/io/opentracing/opentracing-api/0.33.0/opentracing-api-0.33.0.jar:/home/runner/.m2/repository/io/opentracing/opentracing-noop/0.33.0/opentracing-noop-0.33.0.jar:/home/runner/.m2/repository/org/yaml/snakeyaml/2.0/snakeyaml-2.0.jar:/home/runner/.m2/repository/io/grpc/grpc-api/1.58.0/grpc-api-1.58.0.jar:/home/runner/.m2/repository/org/junit/platform/junit-platform-launcher/1.10.2/junit-platform-launcher-1.10.2.jar:/home/runner/.m2/repository/org/junit/platform/junit-platform-engine/1.10.2/junit-platform-engine-1.10.2.jar:/home/runner/.m2/repository/org/apiguardian/apiguardian-api/1.1.2/apiguardian-api-1.1.2.jar:/home/runner/.m2/repository/org/apache/hadoop/hadoop-kms/3.3.6/hadoop-kms-3.3.6.jar:/home/runner/.m2/repository/org/apache/hadoop/hadoop-auth/3.3.6/hadoop-auth-3.3.6.jar:/home/runner/.m2/repository/org/apache/zookeeper/zookeeper/3.8.4/zookeeper-3.8.4.jar:/home/runner/.m2/repository/org/apache/zookeeper/zookeeper-jute/3.8.4/zookeeper-jute-3.8.4.jar:/home/runner/.m2/repository/org/apache/yetus/audience-annotations/0.12.0/audience-annotations-0.12.0.jar:/home/runner/.m2/repository/org/apache/curator/curator-framework/4.2.0/curator-framework-4.2.0.jar:/home/runner/.m2/repository/org/apache/hadoop/thirdparty/hadoop-shaded-guava/1.2.0/hadoop-shaded-guava-1.2.0.jar:/home/runner/.m2/repository/com/sun/jersey/jersey-core/1.19.4/jersey-core-1.19.4.jar:/home/runner/.m2/repository/javax/ws/rs/jsr311-api/1.1.1/jsr311-api-1.1.1.jar:/home/runner/.m2/repository/com/sun/jersey/jersey-server/1.19.4/jersey-server-1.19.4.jar:/home/runner/.m2/repository/javax/servlet/javax.servlet-api/3.1.0/javax.servlet-api-3.1.0.jar:/home/runner/.m2/repository/org/apache/hadoop/hadoop-common/3.3.6/hadoop-common-3.3.6.jar:/home/runner/.m2/repository/org/apache/commons/commons-math3/3.6.1/commons-math3-3.6.1.jar:/home/runner/.m2/repository/commons-net/commons-net/3.10.0/commons-net-3.10.0.jar:/home/runner/.m2/repository/com/sun/jersey/jersey-servlet/1.19.4/jersey-servlet-1.19.4.jar:/home/runner/.m2/repository/com/github/pjfanning/jersey-json/1.20/jersey-json-1.20.jar:/home/runner/.m2/repository/org/codehaus/jettison/jettison/1.1/jettison-1.1.jar:/home/runner/.m2/repository/com/sun/xml/bind/jaxb-impl/2.2.3-1/jaxb-impl-2.2.3-1.jar:/home/runner/.m2/repository/com/google/re2j/re2j/1.7/re2j-1.7.jar:/home/runner/.m2/repository/com/jcraft/jsch/0.1.55/jsch-0.1.55.jar:/home/runner/.m2/repository/org/apache/curator/curator-client/4.2.0/curator-client-4.2.0.jar:/home/runner/.m2/repository/org/apache/curator/curator-recipes/5.2.0/curator-recipes-5.2.0.jar:/home/runner/.m2/repository/com/google/code/findbugs/jsr305/3.0.2/jsr305-3.0.2.jar:/home/runner/.m2/repository/dnsjava/dnsjava/2.1.9/dnsjava-2.1.9.jar:/home/runner/.m2/repository/com/fasterxml/jackson/core/jackson-databind/2.16.2/jackson-databind-2.16.2.jar:/home/runner/.m2/repository/org/apache/hadoop/hadoop-kms/3.3.6/hadoop-kms-3.3.6-tests.jar:/home/runner/work/ozone/ozone/hadoop-hdds/server-scm/target/test-classes:/home/runner/work/ozone/ozone/hadoop-hdds/container-service/target/test-classes:/home/runner/.m2/repository/com/github/luben/zstd-jni/1.5.6-3/zstd-jni-1.5.6-3.jar:/home/runner/.m2/repository/commons-codec/commons-codec/1.17.0/commons-codec-1.17.0.jar:/home/runner/.m2/repository/io/netty/netty-codec/4.1.109.Final/netty-codec-4.1.109.Final.jar:/home/runner/.m2/repository/io/netty/netty-handler/4.1.109.Final/netty-handler-4.1.109.Final.jar:/home/runner/work/ozone/ozone/hadoop-hdds/hadoop-dependency-test/target/classes:/home/runner/.m2/repository/org/apache/hadoop/hadoop-common/3.3.6/hadoop-common-3.3.6-tests.jar:/home/runner/.m2/repository/org/apache/hadoop/hadoop-hdfs/3.3.6/hadoop-hdfs-3.3.6-tests.jar:/home/runner/.m2/repository/org/junit/jupiter/junit-jupiter-engine/5.10.2/junit-jupiter-engine-5.10.2.jar:/home/runner/.m2/repository/org/junit/jupiter/junit-jupiter-params/5.10.2/junit-jupiter-params-5.10.2.jar:/home/runner/.m2/repository/org/mockito/mockito-core/4.11.0/mockito-core-4.11.0.jar:/home/runner/.m2/repository/net/bytebuddy/byte-buddy-agent/1.12.19/byte-buddy-agent-1.12.19.jar:/home/runner/.m2/repository/org/objenesis/objenesis/3.3/objenesis-3.3.jar:/home/runner/.m2/repository/org/mockito/mockito-inline/4.11.0/mockito-inline-4.11.0.jar:/home/runner/.m2/repository/org/mockito/mockito-junit-jupiter/4.11.0/mockito-junit-jupiter-4.11.0.jar:/home/runner/.m2/repository/org/apache/hadoop/hadoop-distcp/3.3.6/hadoop-distcp-3.3.6.jar:/home/runner/.m2/repository/org/apache/hadoop/hadoop-mapreduce-client-jobclient/3.3.6/hadoop-mapreduce-client-jobclient-3.3.6.jar:/home/runner/.m2/repository/org/apache/hadoop/hadoop-mapreduce-client-common/3.3.6/hadoop-mapreduce-client-common-3.3.6.jar:/home/runner/.m2/repository/org/apache/hadoop/hadoop-yarn-common/3.3.6/hadoop-yarn-common-3.3.6.jar:/home/runner/.m2/repository/org/apache/hadoop/hadoop-yarn-api/3.3.6/hadoop-yarn-api-3.3.6.jar:/home/runner/.m2/repository/javax/xml/bind/jaxb-api/2.2.11/jaxb-api-2.2.11.jar:/home/runner/.m2/repository/com/sun/jersey/contribs/jersey-guice/1.19.4/jersey-guice-1.19.4.jar:/home/runner/.m2/repository/com/fasterxml/jackson/jaxrs/jackson-jaxrs-json-provider/2.16.2/jackson-jaxrs-json-provider-2.16.2.jar:/home/runner/.m2/repository/com/fasterxml/jackson/jaxrs/jackson-jaxrs-base/2.16.2/jackson-jaxrs-base-2.16.2.jar:/home/runner/.m2/repository/org/apache/hadoop/hadoop-yarn-client/3.3.6/hadoop-yarn-client-3.3.6.jar:/home/runner/.m2/repository/org/eclipse/jetty/websocket/websocket-client/9.4.51.v20230217/websocket-client-9.4.51.v20230217.jar:/home/runner/.m2/repository/org/eclipse/jetty/websocket/websocket-common/9.4.51.v20230217/websocket-common-9.4.51.v20230217.jar:/home/runner/.m2/repository/org/eclipse/jetty/websocket/websocket-api/9.4.51.v20230217/websocket-api-9.4.51.v20230217.jar:/home/runner/.m2/repository/org/jline/jline/3.9.0/jline-3.9.0.jar:/home/runner/.m2/repository/org/apache/hadoop/hadoop-mapreduce-client-core/3.3.6/hadoop-mapreduce-client-core-3.3.6.jar:/home/runner/.m2/repository/org/apache/avro/avro/1.7.7/avro-1.7.7.jar:/home/runner/.m2/repository/com/thoughtworks/paranamer/paranamer/2.3/paranamer-2.3.jar:/home/runner/.m2/repository/org/apache/hadoop/hadoop-annotations/3.3.6/hadoop-annotations-3.3.6.jar:/home/runner/.m2/repository/io/netty/netty/3.10.6.Final/netty-3.10.6.Final.jar:/home/runner/.m2/repository/org/apache/hadoop/hadoop-distcp/3.3.6/hadoop-distcp-3.3.6-tests.jar:/home/runner/.m2/repository/org/hamcrest/hamcrest/2.2/hamcrest-2.2.jar:/home/runner/.m2/repository/org/slf4j/jul-to-slf4j/2.0.13/jul-to-slf4j-2.0.13.jar:/home/runner/work/ozone/ozone/hadoop-ozone/integration-test/target/gradle-enterprise/test-listeners.jar:"/>
    <property name="java.vm.vendor" value="Eclipse Adoptium"/>
    <property name="sun.arch.data.model" value="64"/>
    <property name="test.build.dir" value="/home/runner/work/ozone/ozone/hadoop-ozone/integration-test/target/test-dir"/>
    <property name="test.cache.data" value=""/>
    <property name="java.vendor.url" value="https://adoptium.net/"/>
    <property name="user.timezone" value="Etc/UTC"/>
    <property name="maven-surefire-plugin.argLineAccessArgs" value=" --add-opens java.management/com.sun.jmx.mbeanserver=ALL-UNNAMED --add-exports java.management/com.sun.jmx.mbeanserver=ALL-UNNAMED --add-opens java.base/java.nio=ALL-UNNAMED --add-opens java.base/java.lang=ALL-UNNAMED --add-opens java.base/java.lang.reflect=ALL-UNNAMED"/>
    <property name="os.name" value="Linux"/>
    <property name="java.vm.specification.version" value="17"/>
    <property name="test.build.data" value="/home/runner/work/ozone/ozone/hadoop-ozone/integration-test/target/test-dir"/>
    <property name="sun.java.launcher" value="SUN_STANDARD"/>
    <property name="sun.boot.library.path" value="/usr/lib/jvm/temurin-17-jdk-amd64/lib"/>
    <property name="sun.java.command" value="/home/runner/work/ozone/ozone/hadoop-ozone/integration-test/target/surefire/surefirebooter4750678079663812718.jar /home/runner/work/ozone/ozone/hadoop-ozone/integration-test/target/surefire 2024-06-12T02-46-34_116-jvmRun1 surefire11031534807751469595tmp surefire_222475943367281030410tmp"/>
    <property name="jdk.debug" value="release"/>
    <property name="native.lib.tmp.dir" value="/tmp"/>
    <property name="surefire.test.class.path" value="/home/runner/work/ozone/ozone/hadoop-ozone/integration-test/target/test-classes:/home/runner/work/ozone/ozone/hadoop-ozone/integration-test/target/classes:/home/runner/work/ozone/ozone/hadoop-ozone/common/target/classes:/home/runner/.m2/repository/io/grpc/grpc-netty/1.58.0/grpc-netty-1.58.0.jar:/home/runner/.m2/repository/io/grpc/grpc-core/1.58.0/grpc-core-1.58.0.jar:/home/runner/.m2/repository/com/google/android/annotations/4.1.1.4/annotations-4.1.1.4.jar:/home/runner/.m2/repository/org/codehaus/mojo/animal-sniffer-annotations/1.23/animal-sniffer-annotations-1.23.jar:/home/runner/.m2/repository/io/grpc/grpc-context/1.58.0/grpc-context-1.58.0.jar:/home/runner/.m2/repository/io/grpc/grpc-util/1.58.0/grpc-util-1.58.0.jar:/home/runner/.m2/repository/com/google/errorprone/error_prone_annotations/2.2.0/error_prone_annotations-2.2.0.jar:/home/runner/.m2/repository/io/perfmark/perfmark-api/0.26.0/perfmark-api-0.26.0.jar:/home/runner/.m2/repository/io/netty/netty-codec-http2/4.1.109.Final/netty-codec-http2-4.1.109.Final.jar:/home/runner/.m2/repository/io/netty/netty-common/4.1.109.Final/netty-common-4.1.109.Final.jar:/home/runner/.m2/repository/io/netty/netty-buffer/4.1.109.Final/netty-buffer-4.1.109.Final.jar:/home/runner/.m2/repository/io/netty/netty-codec-http/4.1.109.Final/netty-codec-http-4.1.109.Final.jar:/home/runner/.m2/repository/io/netty/netty-handler-proxy/4.1.109.Final/netty-handler-proxy-4.1.109.Final.jar:/home/runner/.m2/repository/io/netty/netty-codec-socks/4.1.109.Final/netty-codec-socks-4.1.109.Final.jar:/home/runner/.m2/repository/io/netty/netty-tcnative-boringssl-static/2.0.65.Final/netty-tcnative-boringssl-static-2.0.65.Final.jar:/home/runner/.m2/repository/io/netty/netty-tcnative-classes/2.0.65.Final/netty-tcnative-classes-2.0.65.Final.jar:/home/runner/.m2/repository/io/netty/netty-tcnative-boringssl-static/2.0.65.Final/netty-tcnative-boringssl-static-2.0.65.Final-linux-x86_64.jar:/home/runner/.m2/repository/io/netty/netty-tcnative-boringssl-static/2.0.65.Final/netty-tcnative-boringssl-static-2.0.65.Final-linux-aarch_64.jar:/home/runner/.m2/repository/io/netty/netty-tcnative-boringssl-static/2.0.65.Final/netty-tcnative-boringssl-static-2.0.65.Final-osx-x86_64.jar:/home/runner/.m2/repository/io/netty/netty-tcnative-boringssl-static/2.0.65.Final/netty-tcnative-boringssl-static-2.0.65.Final-osx-aarch_64.jar:/home/runner/.m2/repository/io/netty/netty-tcnative-boringssl-static/2.0.65.Final/netty-tcnative-boringssl-static-2.0.65.Final-windows-x86_64.jar:/home/runner/.m2/repository/org/apache/commons/commons-compress/1.26.0/commons-compress-1.26.0.jar:/home/runner/work/ozone/ozone/hadoop-hdds/common/target/classes:/home/runner/work/ozone/ozone/hadoop-hdds/client/target/classes:/home/runner/work/ozone/ozone/hadoop-ozone/interface-client/target/classes:/home/runner/.m2/repository/org/apache/hadoop/hadoop-hdfs-client/3.3.6/hadoop-hdfs-client-3.3.6.jar:/home/runner/.m2/repository/com/squareup/okhttp3/okhttp/4.12.0/okhttp-4.12.0.jar:/home/runner/.m2/repository/com/squareup/okio/okio/3.6.0/okio-3.6.0.jar:/home/runner/.m2/repository/com/squareup/okio/okio-jvm/3.6.0/okio-jvm-3.6.0.jar:/home/runner/.m2/repository/org/jetbrains/kotlin/kotlin-stdlib-jdk8/1.9.24/kotlin-stdlib-jdk8-1.9.24.jar:/home/runner/.m2/repository/org/jetbrains/kotlin/kotlin-stdlib-jdk7/1.9.24/kotlin-stdlib-jdk7-1.9.24.jar:/home/runner/.m2/repository/org/jetbrains/kotlin/kotlin-stdlib-common/1.9.24/kotlin-stdlib-common-1.9.24.jar:/home/runner/work/ozone/ozone/hadoop-hdds/test-utils/target/classes:/home/runner/.m2/repository/org/assertj/assertj-core/3.26.0/assertj-core-3.26.0.jar:/home/runner/.m2/repository/net/bytebuddy/byte-buddy/1.14.16/byte-buddy-1.14.16.jar:/home/runner/.m2/repository/com/google/guava/guava/32.1.3-jre/guava-32.1.3-jre.jar:/home/runner/.m2/repository/com/google/guava/failureaccess/1.0.1/failureaccess-1.0.1.jar:/home/runner/.m2/repository/com/google/guava/listenablefuture/9999.0-empty-to-avoid-conflict-with-guava/listenablefuture-9999.0-empty-to-avoid-conflict-with-guava.jar:/home/runner/.m2/repository/org/checkerframework/checker-qual/3.37.0/checker-qual-3.37.0.jar:/home/runner/.m2/repository/com/google/j2objc/j2objc-annotations/2.8/j2objc-annotations-2.8.jar:/home/runner/.m2/repository/commons-io/commons-io/2.16.1/commons-io-2.16.1.jar:/home/runner/.m2/repository/commons-logging/commons-logging/1.2/commons-logging-1.2.jar:/home/runner/.m2/repository/org/junit/jupiter/junit-jupiter-api/5.10.2/junit-jupiter-api-5.10.2.jar:/home/runner/.m2/repository/org/opentest4j/opentest4j/1.3.0/opentest4j-1.3.0.jar:/home/runner/.m2/repository/org/junit/platform/junit-platform-commons/1.10.2/junit-platform-commons-1.10.2.jar:/home/runner/.m2/repository/ch/qos/reload4j/reload4j/1.2.25/reload4j-1.2.25.jar:/home/runner/.m2/repository/jakarta/annotation/jakarta.annotation-api/2.1.1/jakarta.annotation-api-2.1.1.jar:/home/runner/.m2/repository/org/slf4j/slf4j-api/2.0.13/slf4j-api-2.0.13.jar:/home/runner/.m2/repository/org/apache/logging/log4j/log4j-api/2.17.1/log4j-api-2.17.1.jar:/home/runner/work/ozone/ozone/hadoop-hdds/server-scm/target/classes:/home/runner/.m2/repository/com/google/protobuf/protobuf-java/2.5.0/protobuf-java-2.5.0.jar:/home/runner/work/ozone/ozone/hadoop-hdds/container-service/target/classes:/home/runner/work/ozone/ozone/hadoop-hdds/hadoop-dependency-server/target/classes:/home/runner/.m2/repository/com/nimbusds/nimbus-jose-jwt/9.37.2/nimbus-jose-jwt-9.37.2.jar:/home/runner/.m2/repository/com/github/stephenc/jcip/jcip-annotations/1.0-1/jcip-annotations-1.0-1.jar:/home/runner/.m2/repository/org/apache/hadoop/hadoop-hdfs/3.3.6/hadoop-hdfs-3.3.6.jar:/home/runner/.m2/repository/commons-daemon/commons-daemon/1.3.4/commons-daemon-1.3.4.jar:/home/runner/.m2/repository/org/apache/kerby/kerb-core/1.0.1/kerb-core-1.0.1.jar:/home/runner/.m2/repository/org/apache/kerby/kerby-pkix/1.0.1/kerby-pkix-1.0.1.jar:/home/runner/.m2/repository/org/apache/kerby/kerby-asn1/1.0.1/kerby-asn1-1.0.1.jar:/home/runner/.m2/repository/org/apache/kerby/kerby-util/1.0.1/kerby-util-1.0.1.jar:/home/runner/.m2/repository/org/apache/kerby/kerb-util/1.0.1/kerb-util-1.0.1.jar:/home/runner/.m2/repository/org/apache/kerby/kerby-config/1.0.1/kerby-config-1.0.1.jar:/home/runner/.m2/repository/org/apache/kerby/kerb-crypto/1.0.1/kerb-crypto-1.0.1.jar:/home/runner/.m2/repository/org/xerial/snappy/snappy-java/1.1.10.5/snappy-java-1.1.10.5.jar:/home/runner/work/ozone/ozone/hadoop-hdds/framework/target/classes:/home/runner/.m2/repository/org/bouncycastle/bcprov-jdk18on/1.78.1/bcprov-jdk18on-1.78.1.jar:/home/runner/.m2/repository/io/dropwizard/metrics/metrics-core/3.2.6/metrics-core-3.2.6.jar:/home/runner/.m2/repository/org/apache/commons/commons-text/1.11.0/commons-text-1.11.0.jar:/home/runner/work/ozone/ozone/hadoop-hdds/framework/target/test-classes:/home/runner/work/ozone/ozone/hadoop-hdds/interface-server/target/classes:/home/runner/work/ozone/ozone/hadoop-hdds/interface-admin/target/classes:/home/runner/work/ozone/ozone/hadoop-hdds/managed-rocksdb/target/classes:/home/runner/.m2/repository/org/rocksdb/rocksdbjni/7.7.3/rocksdbjni-7.7.3.jar:/home/runner/.m2/repository/org/slf4j/slf4j-reload4j/2.0.13/slf4j-reload4j-2.0.13.jar:/home/runner/.m2/repository/org/apache/commons/commons-configuration2/2.10.1/commons-configuration2-2.10.1.jar:/home/runner/.m2/repository/commons-fileupload/commons-fileupload/1.5/commons-fileupload-1.5.jar:/home/runner/.m2/repository/org/apache/logging/log4j/log4j-core/2.17.1/log4j-core-2.17.1.jar:/home/runner/.m2/repository/com/lmax/disruptor/3.4.4/disruptor-3.4.4.jar:/home/runner/.m2/repository/org/eclipse/jetty/jetty-util/9.4.54.v20240208/jetty-util-9.4.54.v20240208.jar:/home/runner/.m2/repository/org/eclipse/jetty/jetty-server/9.4.54.v20240208/jetty-server-9.4.54.v20240208.jar:/home/runner/.m2/repository/org/eclipse/jetty/jetty-http/9.4.54.v20240208/jetty-http-9.4.54.v20240208.jar:/home/runner/.m2/repository/org/eclipse/jetty/jetty-io/9.4.54.v20240208/jetty-io-9.4.54.v20240208.jar:/home/runner/.m2/repository/org/eclipse/jetty/jetty-servlet/9.4.54.v20240208/jetty-servlet-9.4.54.v20240208.jar:/home/runner/.m2/repository/org/eclipse/jetty/jetty-security/9.4.54.v20240208/jetty-security-9.4.54.v20240208.jar:/home/runner/.m2/repository/org/eclipse/jetty/jetty-util-ajax/9.4.54.v20240208/jetty-util-ajax-9.4.54.v20240208.jar:/home/runner/.m2/repository/org/eclipse/jetty/jetty-webapp/9.4.54.v20240208/jetty-webapp-9.4.54.v20240208.jar:/home/runner/.m2/repository/org/eclipse/jetty/jetty-xml/9.4.54.v20240208/jetty-xml-9.4.54.v20240208.jar:/home/runner/.m2/repository/org/apache/ratis/ratis-server/3.0.1/ratis-server-3.0.1.jar:/home/runner/.m2/repository/org/apache/ratis/ratis-thirdparty-misc/1.0.5/ratis-thirdparty-misc-1.0.5.jar:/home/runner/.m2/repository/org/apache/ratis/ratis-proto/3.0.1/ratis-proto-3.0.1.jar:/home/runner/.m2/repository/org/apache/ratis/ratis-common/3.0.1/ratis-common-3.0.1.jar:/home/runner/.m2/repository/org/apache/ratis/ratis-client/3.0.1/ratis-client-3.0.1.jar:/home/runner/.m2/repository/org/apache/ratis/ratis-metrics-api/3.0.1/ratis-metrics-api-3.0.1.jar:/home/runner/.m2/repository/org/apache/ratis/ratis-metrics-dropwizard3/3.0.1/ratis-metrics-dropwizard3-3.0.1.jar:/home/runner/.m2/repository/io/prometheus/simpleclient_dropwizard/0.16.0/simpleclient_dropwizard-0.16.0.jar:/home/runner/.m2/repository/io/prometheus/simpleclient/0.16.0/simpleclient-0.16.0.jar:/home/runner/.m2/repository/io/prometheus/simpleclient_common/0.16.0/simpleclient_common-0.16.0.jar:/home/runner/.m2/repository/com/fasterxml/jackson/datatype/jackson-datatype-jsr310/2.16.2/jackson-datatype-jsr310-2.16.2.jar:/home/runner/.m2/repository/com/fasterxml/jackson/core/jackson-core/2.16.2/jackson-core-2.16.2.jar:/home/runner/work/ozone/ozone/hadoop-hdds/rocksdb-checkpoint-differ/target/classes:/home/runner/.m2/repository/org/jgrapht/jgrapht-core/1.4.0/jgrapht-core-1.4.0.jar:/home/runner/.m2/repository/org/jheaps/jheaps/0.11/jheaps-0.11.jar:/home/runner/.m2/repository/org/jgrapht/jgrapht-ext/1.4.0/jgrapht-ext-1.4.0.jar:/home/runner/.m2/repository/com/github/vlsi/mxgraph/jgraphx/3.9.8.1/jgraphx-3.9.8.1.jar:/home/runner/work/ozone/ozone/hadoop-ozone/ozone-manager/target/classes:/home/runner/.m2/repository/org/aspectj/aspectjrt/1.9.7/aspectjrt-1.9.7.jar:/home/runner/.m2/repository/org/aspectj/aspectjweaver/1.9.7/aspectjweaver-1.9.7.jar:/home/runner/work/ozone/ozone/hadoop-hdds/interface-client/target/classes:/home/runner/.m2/repository/org/apache/hadoop/thirdparty/hadoop-shaded-protobuf_3_7/1.1.1/hadoop-shaded-protobuf_3_7-1.1.1.jar:/home/runner/work/ozone/ozone/hadoop-ozone/interface-storage/target/classes:/home/runner/.m2/repository/org/reflections/reflections/0.10.2/reflections-0.10.2.jar:/home/runner/.m2/repository/com/sun/jersey/jersey-client/1.19.4/jersey-client-1.19.4.jar:/home/runner/.m2/repository/org/codehaus/jackson/jackson-core-asl/1.9.13/jackson-core-asl-1.9.13.jar:/home/runner/.m2/repository/org/codehaus/jackson/jackson-mapper-asl/1.9.13/jackson-mapper-asl-1.9.13.jar:/home/runner/.m2/repository/org/codehaus/jackson/jackson-jaxrs/1.9.13/jackson-jaxrs-1.9.13.jar:/home/runner/.m2/repository/org/apache/ranger/ranger-intg/2.3.0/ranger-intg-2.3.0.jar:/home/runner/.m2/repository/org/apache/ranger/ranger-plugins-common/2.3.0/ranger-plugins-common-2.3.0.jar:/home/runner/.m2/repository/commons-lang/commons-lang/2.6/commons-lang-2.6.jar:/home/runner/.m2/repository/org/apache/ranger/ranger-plugins-cred/2.3.0/ranger-plugins-cred-2.3.0.jar:/home/runner/.m2/repository/org/apache/ranger/ranger-plugins-audit/2.3.0/ranger-plugins-audit-2.3.0.jar:/home/runner/.m2/repository/org/eclipse/jetty/jetty-client/9.4.54.v20240208/jetty-client-9.4.54.v20240208.jar:/home/runner/.m2/repository/org/apache/httpcomponents/httpmime/4.5.6/httpmime-4.5.6.jar:/home/runner/.m2/repository/org/apache/httpcomponents/httpcore-nio/4.4.16/httpcore-nio-4.4.16.jar:/home/runner/.m2/repository/org/apache/httpcomponents/httpasyncclient/4.1.3/httpasyncclient-4.1.3.jar:/home/runner/.m2/repository/com/carrotsearch/hppc/0.8.0/hppc-0.8.0.jar:/home/runner/.m2/repository/org/apache/orc/orc-core/1.5.8/orc-core-1.5.8.jar:/home/runner/.m2/repository/net/java/dev/jna/jna/5.2.0/jna-5.2.0.jar:/home/runner/.m2/repository/net/java/dev/jna/jna-platform/5.2.0/jna-platform-5.2.0.jar:/home/runner/.m2/repository/com/kstruct/gethostname4j/0.0.2/gethostname4j-0.0.2.jar:/home/runner/.m2/repository/org/apache/ranger/ranger-plugin-classloader/2.3.0/ranger-plugin-classloader-2.3.0.jar:/home/runner/work/ozone/ozone/hadoop-hdds/rocks-native/target/classes:/home/runner/.m2/repository/org/apache/hadoop/hadoop-minikdc/3.3.6/hadoop-minikdc-3.3.6.jar:/home/runner/.m2/repository/org/apache/kerby/kerb-simplekdc/1.0.1/kerb-simplekdc-1.0.1.jar:/home/runner/.m2/repository/org/apache/kerby/kerb-client/1.0.1/kerb-client-1.0.1.jar:/home/runner/.m2/repository/org/apache/kerby/kerb-common/1.0.1/kerb-common-1.0.1.jar:/home/runner/.m2/repository/org/apache/kerby/token-provider/1.0.1/token-provider-1.0.1.jar:/home/runner/.m2/repository/org/apache/kerby/kerb-admin/1.0.1/kerb-admin-1.0.1.jar:/home/runner/.m2/repository/org/apache/kerby/kerb-server/1.0.1/kerb-server-1.0.1.jar:/home/runner/.m2/repository/org/apache/kerby/kerb-identity/1.0.1/kerb-identity-1.0.1.jar:/home/runner/.m2/repository/org/apache/kerby/kerby-xdr/1.0.1/kerby-xdr-1.0.1.jar:/home/runner/.m2/repository/junit/junit/4.13.2/junit-4.13.2.jar:/home/runner/.m2/repository/org/hamcrest/hamcrest-core/1.3/hamcrest-core-1.3.jar:/home/runner/work/ozone/ozone/hadoop-ozone/s3gateway/target/classes:/home/runner/.m2/repository/org/javassist/javassist/3.30.2-GA/javassist-3.30.2-GA.jar:/home/runner/.m2/repository/org/jboss/weld/servlet/weld-servlet-shaded/3.1.9.Final/weld-servlet-shaded-3.1.9.Final.jar:/home/runner/.m2/repository/org/glassfish/jersey/containers/jersey-container-servlet-core/2.43/jersey-container-servlet-core-2.43.jar:/home/runner/.m2/repository/org/glassfish/hk2/external/jakarta.inject/2.6.1/jakarta.inject-2.6.1.jar:/home/runner/.m2/repository/org/glassfish/jersey/core/jersey-common/2.43/jersey-common-2.43.jar:/home/runner/.m2/repository/jakarta/ws/rs/jakarta.ws.rs-api/2.1.6/jakarta.ws.rs-api-2.1.6.jar:/home/runner/.m2/repository/org/glassfish/jersey/ext/cdi/jersey-cdi1x/2.43/jersey-cdi1x-2.43.jar:/home/runner/.m2/repository/org/glassfish/jersey/inject/jersey-hk2/2.43/jersey-hk2-2.43.jar:/home/runner/.m2/repository/org/glassfish/hk2/hk2-locator/2.6.1/hk2-locator-2.6.1.jar:/home/runner/.m2/repository/org/glassfish/jersey/media/jersey-media-jaxb/2.43/jersey-media-jaxb-2.43.jar:/home/runner/.m2/repository/org/glassfish/hk2/osgi-resource-locator/1.0.3/osgi-resource-locator-1.0.3.jar:/home/runner/.m2/repository/org/glassfish/hk2/hk2-api/2.6.1/hk2-api-2.6.1.jar:/home/runner/.m2/repository/org/glassfish/hk2/hk2-utils/2.6.1/hk2-utils-2.6.1.jar:/home/runner/.m2/repository/org/glassfish/hk2/external/aopalliance-repackaged/2.6.1/aopalliance-repackaged-2.6.1.jar:/home/runner/.m2/repository/com/fasterxml/jackson/dataformat/jackson-dataformat-xml/2.16.2/jackson-dataformat-xml-2.16.2.jar:/home/runner/.m2/repository/org/codehaus/woodstox/stax2-api/4.2.2/stax2-api-4.2.2.jar:/home/runner/.m2/repository/com/fasterxml/woodstox/woodstox-core/5.4.0/woodstox-core-5.4.0.jar:/home/runner/.m2/repository/com/fasterxml/jackson/module/jackson-module-jaxb-annotations/2.16.2/jackson-module-jaxb-annotations-2.16.2.jar:/home/runner/.m2/repository/javax/enterprise/cdi-api/2.0/cdi-api-2.0.jar:/home/runner/.m2/repository/javax/el/javax.el-api/3.0.0/javax.el-api-3.0.0.jar:/home/runner/.m2/repository/javax/interceptor/javax.interceptor-api/1.2/javax.interceptor-api-1.2.jar:/home/runner/.m2/repository/javax/inject/javax.inject/1/javax.inject-1.jar:/home/runner/.m2/repository/jakarta/xml/bind/jakarta.xml.bind-api/2.3.3/jakarta.xml.bind-api-2.3.3.jar:/home/runner/.m2/repository/org/glassfish/jaxb/jaxb-runtime/2.3.9/jaxb-runtime-2.3.9.jar:/home/runner/.m2/repository/org/glassfish/jaxb/txw2/2.3.9/txw2-2.3.9.jar:/home/runner/.m2/repository/com/sun/istack/istack-commons-runtime/3.0.12/istack-commons-runtime-3.0.12.jar:/home/runner/.m2/repository/com/sun/activation/jakarta.activation/1.2.2/jakarta.activation-1.2.2.jar:/home/runner/.m2/repository/jakarta/activation/jakarta.activation-api/1.2.2/jakarta.activation-api-1.2.2.jar:/home/runner/.m2/repository/io/grpc/grpc-protobuf/1.58.0/grpc-protobuf-1.58.0.jar:/home/runner/.m2/repository/com/google/api/grpc/proto-google-common-protos/2.22.0/proto-google-common-protos-2.22.0.jar:/home/runner/.m2/repository/io/grpc/grpc-protobuf-lite/1.58.0/grpc-protobuf-lite-1.58.0.jar:/home/runner/.m2/repository/io/grpc/grpc-stub/1.58.0/grpc-stub-1.58.0.jar:/home/runner/.m2/repository/io/netty/netty-transport/4.1.109.Final/netty-transport-4.1.109.Final.jar:/home/runner/.m2/repository/io/netty/netty-resolver/4.1.109.Final/netty-resolver-4.1.109.Final.jar:/home/runner/work/ozone/ozone/hadoop-ozone/csi/target/classes:/home/runner/.m2/repository/com/google/protobuf/protobuf-java-util/3.19.6/protobuf-java-util-3.19.6.jar:/home/runner/.m2/repository/com/google/code/gson/gson/2.10.1/gson-2.10.1.jar:/home/runner/work/ozone/ozone/hadoop-hdds/config/target/classes:/home/runner/.m2/repository/io/netty/netty-transport-native-epoll/4.1.109.Final/netty-transport-native-epoll-4.1.109.Final-linux-x86_64.jar:/home/runner/.m2/repository/io/netty/netty-transport-classes-epoll/4.1.109.Final/netty-transport-classes-epoll-4.1.109.Final.jar:/home/runner/.m2/repository/io/netty/netty-transport-native-unix-common/4.1.109.Final/netty-transport-native-unix-common-4.1.109.Final.jar:/home/runner/work/ozone/ozone/hadoop-ozone/recon/target/classes:/home/runner/work/ozone/ozone/hadoop-ozone/recon-codegen/target/classes:/home/runner/.m2/repository/com/google/inject/guice/6.0.0/guice-6.0.0.jar:/home/runner/.m2/repository/jakarta/inject/jakarta.inject-api/2.0.1/jakarta.inject-api-2.0.1.jar:/home/runner/.m2/repository/aopalliance/aopalliance/1.0/aopalliance-1.0.jar:/home/runner/.m2/repository/com/google/inject/extensions/guice-assistedinject/6.0.0/guice-assistedinject-6.0.0.jar:/home/runner/.m2/repository/com/google/inject/extensions/guice-servlet/6.0.0/guice-servlet-6.0.0.jar:/home/runner/.m2/repository/org/glassfish/jersey/containers/jersey-container-servlet/2.43/jersey-container-servlet-2.43.jar:/home/runner/.m2/repository/org/glassfish/hk2/guice-bridge/2.6.1/guice-bridge-2.6.1.jar:/home/runner/.m2/repository/org/glassfish/jersey/core/jersey-server/2.43/jersey-server-2.43.jar:/home/runner/.m2/repository/org/glassfish/jersey/core/jersey-client/2.43/jersey-client-2.43.jar:/home/runner/.m2/repository/jakarta/validation/jakarta.validation-api/2.0.2/jakarta.validation-api-2.0.2.jar:/home/runner/.m2/repository/org/glassfish/jersey/media/jersey-media-json-jackson/2.43/jersey-media-json-jackson-2.43.jar:/home/runner/.m2/repository/org/glassfish/jersey/ext/jersey-entity-filtering/2.43/jersey-entity-filtering-2.43.jar:/home/runner/.m2/repository/org/jooq/jooq/3.11.10/jooq-3.11.10.jar:/home/runner/.m2/repository/org/jooq/jooq-meta/3.11.10/jooq-meta-3.11.10.jar:/home/runner/.m2/repository/org/jooq/jooq-codegen/3.11.10/jooq-codegen-3.11.10.jar:/home/runner/.m2/repository/com/jolbox/bonecp/0.8.0.RELEASE/bonecp-0.8.0.RELEASE.jar:/home/runner/.m2/repository/org/apache/derby/derby/10.14.2.0/derby-10.14.2.0.jar:/home/runner/.m2/repository/org/xerial/sqlite-jdbc/3.44.1.0/sqlite-jdbc-3.44.1.0.jar:/home/runner/.m2/repository/org/springframework/spring-jdbc/5.3.34/spring-jdbc-5.3.34.jar:/home/runner/.m2/repository/org/springframework/spring-beans/5.3.34/spring-beans-5.3.34.jar:/home/runner/.m2/repository/org/springframework/spring-core/5.3.34/spring-core-5.3.34.jar:/home/runner/.m2/repository/org/springframework/spring-tx/5.3.34/spring-tx-5.3.34.jar:/home/runner/work/ozone/ozone/hadoop-ozone/client/target/classes:/home/runner/work/ozone/ozone/hadoop-hdds/erasurecode/target/classes:/home/runner/work/ozone/ozone/hadoop-ozone/ozonefs/target/classes:/home/runner/work/ozone/ozone/hadoop-ozone/ozonefs-common/target/classes:/home/runner/work/ozone/ozone/hadoop-ozone/tools/target/classes:/home/runner/.m2/repository/com/amazonaws/aws-java-sdk-core/1.12.661/aws-java-sdk-core-1.12.661.jar:/home/runner/.m2/repository/org/apache/httpcomponents/httpclient/4.5.14/httpclient-4.5.14.jar:/home/runner/.m2/repository/org/apache/httpcomponents/httpcore/4.4.16/httpcore-4.4.16.jar:/home/runner/.m2/repository/com/fasterxml/jackson/dataformat/jackson-dataformat-cbor/2.16.2/jackson-dataformat-cbor-2.16.2.jar:/home/runner/.m2/repository/joda-time/joda-time/2.12.7/joda-time-2.12.7.jar:/home/runner/.m2/repository/com/amazonaws/aws-java-sdk-s3/1.12.661/aws-java-sdk-s3-1.12.661.jar:/home/runner/.m2/repository/com/amazonaws/aws-java-sdk-kms/1.12.661/aws-java-sdk-kms-1.12.661.jar:/home/runner/.m2/repository/com/amazonaws/jmespath-java/1.12.661/jmespath-java-1.12.661.jar:/home/runner/.m2/repository/org/kohsuke/metainf-services/metainf-services/1.11/metainf-services-1.11.jar:/home/runner/work/ozone/ozone/hadoop-hdds/tools/target/classes:/home/runner/.m2/repository/org/apache/ratis/ratis-tools/3.0.1/ratis-tools-3.0.1.jar:/home/runner/.m2/repository/commons-cli/commons-cli/1.8.0/commons-cli-1.8.0.jar:/home/runner/.m2/repository/org/apache/commons/commons-lang3/3.14.0/commons-lang3-3.14.0.jar:/home/runner/work/ozone/ozone/hadoop-ozone/ozone-manager/target/test-classes:/home/runner/work/ozone/ozone/hadoop-hdds/common/target/test-classes:/home/runner/work/ozone/ozone/hadoop-hdds/hadoop-dependency-client/target/classes:/home/runner/.m2/repository/info/picocli/picocli/4.7.6/picocli-4.7.6.jar:/home/runner/.m2/repository/com/fasterxml/jackson/core/jackson-annotations/2.16.2/jackson-annotations-2.16.2.jar:/home/runner/work/ozone/ozone/hadoop-hdds/annotations/target/classes:/home/runner/.m2/repository/javax/annotation/javax.annotation-api/1.3.2/javax.annotation-api-1.3.2.jar:/home/runner/.m2/repository/org/apache/ratis/ratis-server-api/3.0.1/ratis-server-api-3.0.1.jar:/home/runner/.m2/repository/org/apache/ratis/ratis-netty/3.0.1/ratis-netty-3.0.1.jar:/home/runner/.m2/repository/org/apache/ratis/ratis-grpc/3.0.1/ratis-grpc-3.0.1.jar:/home/runner/.m2/repository/org/bouncycastle/bcpkix-jdk18on/1.78.1/bcpkix-jdk18on-1.78.1.jar:/home/runner/.m2/repository/org/bouncycastle/bcutil-jdk18on/1.78.1/bcutil-jdk18on-1.78.1.jar:/home/runner/.m2/repository/commons-validator/commons-validator/1.6/commons-validator-1.6.jar:/home/runner/.m2/repository/commons-beanutils/commons-beanutils/1.9.4/commons-beanutils-1.9.4.jar:/home/runner/.m2/repository/commons-digester/commons-digester/1.8.1/commons-digester-1.8.1.jar:/home/runner/.m2/repository/commons-collections/commons-collections/3.2.2/commons-collections-3.2.2.jar:/home/runner/.m2/repository/io/jaegertracing/jaeger-client/1.8.1/jaeger-client-1.8.1.jar:/home/runner/.m2/repository/io/jaegertracing/jaeger-thrift/1.8.1/jaeger-thrift-1.8.1.jar:/home/runner/.m2/repository/org/apache/thrift/libthrift/0.15.0/libthrift-0.15.0.jar:/home/runner/.m2/repository/io/jaegertracing/jaeger-core/1.8.1/jaeger-core-1.8.1.jar:/home/runner/.m2/repository/io/jaegertracing/jaeger-tracerresolver/1.8.1/jaeger-tracerresolver-1.8.1.jar:/home/runner/.m2/repository/io/opentracing/contrib/opentracing-tracerresolver/0.1.8/opentracing-tracerresolver-0.1.8.jar:/home/runner/.m2/repository/org/jetbrains/kotlin/kotlin-stdlib/1.9.24/kotlin-stdlib-1.9.24.jar:/home/runner/.m2/repository/org/jetbrains/annotations/13.0/annotations-13.0.jar:/home/runner/.m2/repository/io/opentracing/opentracing-util/0.33.0/opentracing-util-0.33.0.jar:/home/runner/.m2/repository/io/opentracing/opentracing-api/0.33.0/opentracing-api-0.33.0.jar:/home/runner/.m2/repository/io/opentracing/opentracing-noop/0.33.0/opentracing-noop-0.33.0.jar:/home/runner/.m2/repository/org/yaml/snakeyaml/2.0/snakeyaml-2.0.jar:/home/runner/.m2/repository/io/grpc/grpc-api/1.58.0/grpc-api-1.58.0.jar:/home/runner/.m2/repository/org/junit/platform/junit-platform-launcher/1.10.2/junit-platform-launcher-1.10.2.jar:/home/runner/.m2/repository/org/junit/platform/junit-platform-engine/1.10.2/junit-platform-engine-1.10.2.jar:/home/runner/.m2/repository/org/apiguardian/apiguardian-api/1.1.2/apiguardian-api-1.1.2.jar:/home/runner/.m2/repository/org/apache/hadoop/hadoop-kms/3.3.6/hadoop-kms-3.3.6.jar:/home/runner/.m2/repository/org/apache/hadoop/hadoop-auth/3.3.6/hadoop-auth-3.3.6.jar:/home/runner/.m2/repository/org/apache/zookeeper/zookeeper/3.8.4/zookeeper-3.8.4.jar:/home/runner/.m2/repository/org/apache/zookeeper/zookeeper-jute/3.8.4/zookeeper-jute-3.8.4.jar:/home/runner/.m2/repository/org/apache/yetus/audience-annotations/0.12.0/audience-annotations-0.12.0.jar:/home/runner/.m2/repository/org/apache/curator/curator-framework/4.2.0/curator-framework-4.2.0.jar:/home/runner/.m2/repository/org/apache/hadoop/thirdparty/hadoop-shaded-guava/1.2.0/hadoop-shaded-guava-1.2.0.jar:/home/runner/.m2/repository/com/sun/jersey/jersey-core/1.19.4/jersey-core-1.19.4.jar:/home/runner/.m2/repository/javax/ws/rs/jsr311-api/1.1.1/jsr311-api-1.1.1.jar:/home/runner/.m2/repository/com/sun/jersey/jersey-server/1.19.4/jersey-server-1.19.4.jar:/home/runner/.m2/repository/javax/servlet/javax.servlet-api/3.1.0/javax.servlet-api-3.1.0.jar:/home/runner/.m2/repository/org/apache/hadoop/hadoop-common/3.3.6/hadoop-common-3.3.6.jar:/home/runner/.m2/repository/org/apache/commons/commons-math3/3.6.1/commons-math3-3.6.1.jar:/home/runner/.m2/repository/commons-net/commons-net/3.10.0/commons-net-3.10.0.jar:/home/runner/.m2/repository/com/sun/jersey/jersey-servlet/1.19.4/jersey-servlet-1.19.4.jar:/home/runner/.m2/repository/com/github/pjfanning/jersey-json/1.20/jersey-json-1.20.jar:/home/runner/.m2/repository/org/codehaus/jettison/jettison/1.1/jettison-1.1.jar:/home/runner/.m2/repository/com/sun/xml/bind/jaxb-impl/2.2.3-1/jaxb-impl-2.2.3-1.jar:/home/runner/.m2/repository/com/google/re2j/re2j/1.7/re2j-1.7.jar:/home/runner/.m2/repository/com/jcraft/jsch/0.1.55/jsch-0.1.55.jar:/home/runner/.m2/repository/org/apache/curator/curator-client/4.2.0/curator-client-4.2.0.jar:/home/runner/.m2/repository/org/apache/curator/curator-recipes/5.2.0/curator-recipes-5.2.0.jar:/home/runner/.m2/repository/com/google/code/findbugs/jsr305/3.0.2/jsr305-3.0.2.jar:/home/runner/.m2/repository/dnsjava/dnsjava/2.1.9/dnsjava-2.1.9.jar:/home/runner/.m2/repository/com/fasterxml/jackson/core/jackson-databind/2.16.2/jackson-databind-2.16.2.jar:/home/runner/.m2/repository/org/apache/hadoop/hadoop-kms/3.3.6/hadoop-kms-3.3.6-tests.jar:/home/runner/work/ozone/ozone/hadoop-hdds/server-scm/target/test-classes:/home/runner/work/ozone/ozone/hadoop-hdds/container-service/target/test-classes:/home/runner/.m2/repository/com/github/luben/zstd-jni/1.5.6-3/zstd-jni-1.5.6-3.jar:/home/runner/.m2/repository/commons-codec/commons-codec/1.17.0/commons-codec-1.17.0.jar:/home/runner/.m2/repository/io/netty/netty-codec/4.1.109.Final/netty-codec-4.1.109.Final.jar:/home/runner/.m2/repository/io/netty/netty-handler/4.1.109.Final/netty-handler-4.1.109.Final.jar:/home/runner/work/ozone/ozone/hadoop-hdds/hadoop-dependency-test/target/classes:/home/runner/.m2/repository/org/apache/hadoop/hadoop-common/3.3.6/hadoop-common-3.3.6-tests.jar:/home/runner/.m2/repository/org/apache/hadoop/hadoop-hdfs/3.3.6/hadoop-hdfs-3.3.6-tests.jar:/home/runner/.m2/repository/org/junit/jupiter/junit-jupiter-engine/5.10.2/junit-jupiter-engine-5.10.2.jar:/home/runner/.m2/repository/org/junit/jupiter/junit-jupiter-params/5.10.2/junit-jupiter-params-5.10.2.jar:/home/runner/.m2/repository/org/mockito/mockito-core/4.11.0/mockito-core-4.11.0.jar:/home/runner/.m2/repository/net/bytebuddy/byte-buddy-agent/1.12.19/byte-buddy-agent-1.12.19.jar:/home/runner/.m2/repository/org/objenesis/objenesis/3.3/objenesis-3.3.jar:/home/runner/.m2/repository/org/mockito/mockito-inline/4.11.0/mockito-inline-4.11.0.jar:/home/runner/.m2/repository/org/mockito/mockito-junit-jupiter/4.11.0/mockito-junit-jupiter-4.11.0.jar:/home/runner/.m2/repository/org/apache/hadoop/hadoop-distcp/3.3.6/hadoop-distcp-3.3.6.jar:/home/runner/.m2/repository/org/apache/hadoop/hadoop-mapreduce-client-jobclient/3.3.6/hadoop-mapreduce-client-jobclient-3.3.6.jar:/home/runner/.m2/repository/org/apache/hadoop/hadoop-mapreduce-client-common/3.3.6/hadoop-mapreduce-client-common-3.3.6.jar:/home/runner/.m2/repository/org/apache/hadoop/hadoop-yarn-common/3.3.6/hadoop-yarn-common-3.3.6.jar:/home/runner/.m2/repository/org/apache/hadoop/hadoop-yarn-api/3.3.6/hadoop-yarn-api-3.3.6.jar:/home/runner/.m2/repository/javax/xml/bind/jaxb-api/2.2.11/jaxb-api-2.2.11.jar:/home/runner/.m2/repository/com/sun/jersey/contribs/jersey-guice/1.19.4/jersey-guice-1.19.4.jar:/home/runner/.m2/repository/com/fasterxml/jackson/jaxrs/jackson-jaxrs-json-provider/2.16.2/jackson-jaxrs-json-provider-2.16.2.jar:/home/runner/.m2/repository/com/fasterxml/jackson/jaxrs/jackson-jaxrs-base/2.16.2/jackson-jaxrs-base-2.16.2.jar:/home/runner/.m2/repository/org/apache/hadoop/hadoop-yarn-client/3.3.6/hadoop-yarn-client-3.3.6.jar:/home/runner/.m2/repository/org/eclipse/jetty/websocket/websocket-client/9.4.51.v20230217/websocket-client-9.4.51.v20230217.jar:/home/runner/.m2/repository/org/eclipse/jetty/websocket/websocket-common/9.4.51.v20230217/websocket-common-9.4.51.v20230217.jar:/home/runner/.m2/repository/org/eclipse/jetty/websocket/websocket-api/9.4.51.v20230217/websocket-api-9.4.51.v20230217.jar:/home/runner/.m2/repository/org/jline/jline/3.9.0/jline-3.9.0.jar:/home/runner/.m2/repository/org/apache/hadoop/hadoop-mapreduce-client-core/3.3.6/hadoop-mapreduce-client-core-3.3.6.jar:/home/runner/.m2/repository/org/apache/avro/avro/1.7.7/avro-1.7.7.jar:/home/runner/.m2/repository/com/thoughtworks/paranamer/paranamer/2.3/paranamer-2.3.jar:/home/runner/.m2/repository/org/apache/hadoop/hadoop-annotations/3.3.6/hadoop-annotations-3.3.6.jar:/home/runner/.m2/repository/io/netty/netty/3.10.6.Final/netty-3.10.6.Final.jar:/home/runner/.m2/repository/org/apache/hadoop/hadoop-distcp/3.3.6/hadoop-distcp-3.3.6-tests.jar:/home/runner/.m2/repository/org/hamcrest/hamcrest/2.2/hamcrest-2.2.jar:/home/runner/.m2/repository/org/slf4j/jul-to-slf4j/2.0.13/jul-to-slf4j-2.0.13.jar:/home/runner/work/ozone/ozone/hadoop-ozone/integration-test/target/gradle-enterprise/test-listeners.jar:"/>
    <property name="sun.cpu.endian" value="little"/>
    <property name="user.home" value="/home/runner"/>
    <property name="user.language" value="en"/>
    <property name="java.specification.vendor" value="Oracle Corporation"/>
    <property name="java.version.date" value="2024-04-16"/>
    <property name="java.home" value="/usr/lib/jvm/temurin-17-jdk-amd64"/>
    <property name="java.security.krb5.conf" value="/home/runner/work/ozone/ozone/hadoop-ozone/integration-test/target/test-classes/krb5.conf"/>
    <property name="file.separator" value="/"/>
    <property name="basedir" value="/home/runner/work/ozone/ozone/hadoop-ozone/integration-test"/>
    <property name="java.vm.compressedOopsMode" value="Zero based"/>
    <property name="line.separator" value="&#10;"/>
    <property name="java.vm.specification.vendor" value="Oracle Corporation"/>
    <property name="java.specification.name" value="Java Platform API Specification"/>
    <property name="skip.installnpx" value="true"/>
    <property name="surefire.real.class.path" value="/home/runner/work/ozone/ozone/hadoop-ozone/integration-test/target/surefire/surefirebooter4750678079663812718.jar"/>
    <property name="hadoop.log.dir" value="/home/runner/work/ozone/ozone/hadoop-ozone/integration-test/target/log"/>
    <property name="sun.management.compiler" value="HotSpot 64-Bit Tiered Compilers"/>
    <property name="java.runtime.version" value="17.0.11+9"/>
    <property name="skip.npx" value="true"/>
    <property name="user.name" value="runner"/>
    <property name="java.net.preferIPv4Stack" value="true"/>
    <property name="path.separator" value=":"/>
    <property name="java.security.egd" value="file:///dev/urandom"/>
    <property name="os.version" value="5.15.0-1064-azure"/>
    <property name="java.runtime.name" value="OpenJDK Runtime Environment"/>
    <property name="com.gradle.maven.scan.extension.test.listener.junitplatform.NestedExecutionSafeDelegatingTestExecutionListener" value="2fd1433e"/>
    <property name="file.encoding" value="UTF-8"/>
    <property name="java.vm.name" value="OpenJDK 64-Bit Server VM"/>
    <property name="java.vendor.version" value="Temurin-17.0.11+9"/>
    <property name="test.build.webapps" value=""/>
    <property name="develocity.listener.surefire.forkId" value="1"/>
    <property name="localRepository" value="/home/runner/.m2/repository"/>
    <property name="java.vendor.url.bug" value="https://github.com/adoptium/adoptium-support/issues"/>
    <property name="jetty.git.hash" value="cef3fbd6d736a21e7d541a5db490381d95a2047d"/>
    <property name="java.io.tmpdir" value="/tmp"/>
    <property name="require.test.libhadoop" value=""/>
    <property name="java.version" value="17.0.11"/>
    <property name="user.dir" value="/home/runner/work/ozone/ozone/hadoop-ozone/integration-test"/>
    <property name="os.arch" value="amd64"/>
    <property name="java.vm.specification.name" value="Java Virtual Machine Specification"/>
    <property name="test.build.classes" value="/home/runner/work/ozone/ozone/hadoop-ozone/integration-test/target/test-classes"/>
    <property name="org.apache.ratis.thirdparty.io.netty.allocator.useCacheForAllThreads" value="false"/>
    <property name="native.encoding" value="UTF-8"/>
    <property name="hadoop.tmp.dir" value="/home/runner/work/ozone/ozone/hadoop-ozone/integration-test/target/tmp"/>
    <property name="java.library.path" value="/usr/java/packages/lib:/usr/lib64:/lib64:/lib:/usr/lib"/>
    <property name="java.vm.info" value="mixed mode, sharing"/>
    <property name="java.vendor" value="Eclipse Adoptium"/>
    <property name="java.vm.version" value="17.0.11+9"/>
    <property name="sun.io.unicode.encoding" value="UnicodeLittle"/>
    <property name="develocity.listener.port" value="43859"/>
    <property name="java.class.version" value="61.0"/>
  </properties>
  <testcase name="testExclusiveSizeWithDirectoryDeepClean" classname="org.apache.hadoop.ozone.om.snapshot.TestSnapshotDirectoryCleaningService" time="9.26">
    <failure type="org.opentest4j.AssertionFailedError"><![CDATA[org.opentest4j.AssertionFailedError: expected: <3> but was: <0>
	at org.junit.jupiter.api.AssertionFailureBuilder.build(AssertionFailureBuilder.java:151)
	at org.junit.jupiter.api.AssertionFailureBuilder.buildAndThrow(AssertionFailureBuilder.java:132)
	at org.junit.jupiter.api.AssertEquals.failNotEqual(AssertEquals.java:197)
	at org.junit.jupiter.api.AssertEquals.assertEquals(AssertEquals.java:182)
	at org.junit.jupiter.api.AssertEquals.assertEquals(AssertEquals.java:177)
	at org.junit.jupiter.api.Assertions.assertEquals(Assertions.java:646)
	at org.apache.hadoop.ozone.om.snapshot.TestSnapshotDirectoryCleaningService.testExclusiveSizeWithDirectoryDeepClean(TestSnapshotDirectoryCleaningService.java:242)
	at java.base/java.lang.reflect.Method.invoke(Method.java:568)
	at java.base/java.util.ArrayList.forEach(ArrayList.java:1511)
	at java.base/java.util.ArrayList.forEach(ArrayList.java:1511)
]]></failure>
    <system-out><![CDATA[2024-06-12 03:12:33,117 [main] WARN  server.ServerUtils (ServerUtils.java:getScmDbDir(143)) - ozone.scm.db.dirs is not configured. We recommend adding this setting. Falling back to ozone.metadata.dirs instead.
2024-06-12 03:12:33,317 [main] INFO  reflections.Reflections (Reflections.java:scan(219)) - Reflections took 162 ms to scan 7 urls, producing 158 keys and 370 values
2024-06-12 03:12:33,483 [main] WARN  server.ServerUtils (ServerUtils.java:getScmDbDir(143)) - ozone.scm.db.dirs is not configured. We recommend adding this setting. Falling back to ozone.metadata.dirs instead.
2024-06-12 03:12:33,488 [main] INFO  ha.SCMHANodeDetails (SCMHANodeDetails.java:loadSCMHAConfig(207)) - ServiceID for StorageContainerManager is null
2024-06-12 03:12:33,498 [main] WARN  ha.SCMHANodeDetails (SCMHANodeDetails.java:validateSCMHAConfig(180)) - Default/Configured value of config ozone.scm.ratis.enable conflicts with the expected value. Default/Configured: true. Expected: false. Falling back to the expected value. Current State of SCM: SCM is running without Ratis. Ratis SCM -> Non Ratis SCM is not supported.
2024-06-12 03:12:33,498 [main] INFO  ha.SCMHANodeDetails (SCMHANodeDetails.java:loadSCMHAConfig(212)) - ozone.scm.default.service.id is not defined, falling back to ozone.scm.service.ids to find serviceID for StorageContainerManager if it is HA enabled cluster
2024-06-12 03:12:34,062 [main] WARN  utils.HAUtils (HAUtils.java:getMetaDir(339)) - ozone.scm.db.dirs is not configured. We recommend adding this setting. Falling back to ozone.metadata.dirs instead.
2024-06-12 03:12:34,191 [main] WARN  db.DBStoreBuilder (DBStoreBuilder.java:applyDBDefinition(171)) - ozone.scm.db.dirs is not configured. We recommend adding this setting. Falling back to ozone.metadata.dirs instead.
2024-06-12 03:12:34,202 [main] INFO  utils.LeakDetector (LeakDetector.java:start(73)) - Starting leak detector thread ManagedRocksObject0.
2024-06-12 03:12:34,433 [main] INFO  net.NodeSchemaLoader (NodeSchemaLoader.java:loadSchemaFromFile(129)) - Loading schema from [file:/home/runner/work/ozone/ozone/hadoop-hdds/common/target/classes/network-topology-default.xml]
2024-06-12 03:12:34,436 [main] INFO  net.NodeSchemaLoader (NodeSchemaLoader.java:loadSchema(176)) - Loading network topology layer schema file
2024-06-12 03:12:34,484 [main] INFO  metrics.MetricRegistries (MetricRegistriesLoader.java:load(64)) - Loaded MetricRegistries class org.apache.ratis.metrics.dropwizard3.Dm3MetricRegistriesImpl
2024-06-12 03:12:34,497 [main] INFO  upgrade.AbstractLayoutVersionManager (AbstractLayoutVersionManager.java:init(83)) - Initializing Layout version manager with metadata layout = HADOOP_PRC_PORTS_IN_DATANODEDETAILS (version = 7), software layout = HADOOP_PRC_PORTS_IN_DATANODEDETAILS (version = 7)
2024-06-12 03:12:34,665 [main] INFO  ha.SequenceIdGenerator (SequenceIdGenerator.java:upgradeToSequenceId(369)) - upgrade localId to 113750153625600000
2024-06-12 03:12:34,666 [main] INFO  ha.SequenceIdGenerator (SequenceIdGenerator.java:upgradeToSequenceId(379)) - upgrade delTxnId to 0
2024-06-12 03:12:34,674 [main] INFO  ha.SequenceIdGenerator (SequenceIdGenerator.java:upgradeToSequenceId(396)) - upgrade containerId to 0
2024-06-12 03:12:34,678 [main] INFO  ha.SequenceIdGenerator (SequenceIdGenerator.java:upgradeToCertificateSequenceId(433)) - upgrade CertificateId to 2
2024-06-12 03:12:34,680 [main] INFO  ha.SequenceIdGenerator (SequenceIdGenerator.java:<init>(240)) - Init the HA SequenceIdGenerator.
2024-06-12 03:12:34,729 [main] WARN  server.ServerUtils (ServerUtils.java:sanitizeUserArgs(79)) - ozone.scm.stale.node.interval value = 300000 is larger than max = 100000 based on the key value of ozone.scm.heartbeat.thread.interval, reset to the max value 100000.
2024-06-12 03:12:34,730 [main] WARN  server.ServerUtils (ServerUtils.java:sanitizeUserArgs(79)) - ozone.scm.stale.node.interval value = 300000 is larger than max = 100000 based on the key value of ozone.scm.heartbeat.thread.interval, reset to the max value 100000.
2024-06-12 03:12:34,748 [main] INFO  node.SCMNodeManager (SCMNodeManager.java:<init>(177)) - Entering startup safe mode.
2024-06-12 03:12:34,765 [main] INFO  algorithms.ContainerPlacementPolicyFactory (ContainerPlacementPolicyFactory.java:getPolicyInternal(86)) - Create container placement policy of type org.apache.hadoop.hdds.scm.container.placement.algorithms.SCMContainerPlacementRackAware
2024-06-12 03:12:34,768 [main] INFO  algorithms.ContainerPlacementPolicyFactory (ContainerPlacementPolicyFactory.java:getPolicyInternal(86)) - Create container placement policy of type org.apache.hadoop.hdds.scm.container.placement.algorithms.SCMContainerPlacementRackScatter
2024-06-12 03:12:34,776 [main] INFO  pipeline.PipelineStateManagerImpl (PipelineStateManagerImpl.java:initialize(78)) - No pipeline exists in current db
2024-06-12 03:12:34,789 [main] INFO  algorithms.LeaderChoosePolicyFactory (LeaderChoosePolicyFactory.java:getPolicy(57)) - Create leader choose policy of type org.apache.hadoop.hdds.scm.pipeline.leader.choose.algorithms.MinLeaderCountChoosePolicy
2024-06-12 03:12:34,790 [main] INFO  algorithms.ContainerPlacementPolicyFactory (ContainerPlacementPolicyFactory.java:getPolicyInternal(86)) - Create container placement policy of type org.apache.hadoop.hdds.scm.container.placement.algorithms.SCMContainerPlacementRackScatter
2024-06-12 03:12:34,796 [main] INFO  ha.SCMServiceManager (SCMServiceManager.java:register(42)) - Registering service BackgroundPipelineCreator.
2024-06-12 03:12:34,797 [main] INFO  pipeline.BackgroundPipelineCreator (BackgroundPipelineCreator.java:start(127)) - Starting RatisPipelineUtilsThread.
2024-06-12 03:12:34,800 [main] INFO  BackgroundPipelineScrubber (BackgroundSCMService.java:start(65)) - Starting BackgroundPipelineScrubber Service.
2024-06-12 03:12:34,803 [main] INFO  ha.SCMServiceManager (SCMServiceManager.java:register(42)) - Registering service BackgroundPipelineScrubber.
2024-06-12 03:12:34,808 [main] INFO  ExpiredContainerReplicaOpScrubber (BackgroundSCMService.java:start(65)) - Starting ExpiredContainerReplicaOpScrubber Service.
2024-06-12 03:12:34,809 [main] INFO  ha.SCMServiceManager (SCMServiceManager.java:register(42)) - Registering service ExpiredContainerReplicaOpScrubber.
2024-06-12 03:12:34,831 [main] INFO  algorithms.PipelineChoosePolicyFactory (PipelineChoosePolicyFactory.java:createPipelineChoosePolicyFromClass(80)) - Create pipeline choose policy of type org.apache.hadoop.hdds.scm.pipeline.choose.algorithms.RandomPipelineChoosePolicy
2024-06-12 03:12:34,831 [main] INFO  algorithms.PipelineChoosePolicyFactory (PipelineChoosePolicyFactory.java:createPipelineChoosePolicyFromClass(80)) - Create pipeline choose policy of type org.apache.hadoop.hdds.scm.pipeline.choose.algorithms.RandomPipelineChoosePolicy
2024-06-12 03:12:34,856 [main] INFO  ha.SCMServiceManager (SCMServiceManager.java:register(42)) - Registering service SCMBlockDeletingService.
2024-06-12 03:12:34,924 [main] INFO  replication.ReplicationManager (ReplicationManager.java:start(296)) - Starting Replication Monitor Thread.
2024-06-12 03:12:34,926 [ReplicationMonitor] INFO  replication.ReplicationManager (ReplicationManager.java:processAll(373)) - Replication Manager is not ready to run until 3000ms after safemode exit
2024-06-12 03:12:34,926 [main] INFO  ha.SCMServiceManager (SCMServiceManager.java:register(42)) - Registering service ReplicationManager.
2024-06-12 03:12:34,935 [main] INFO  safemode.ContainerSafeModeRule (ContainerSafeModeRule.java:<init>(91)) - containers with one replica threshold count 0
2024-06-12 03:12:34,939 [main] INFO  safemode.HealthyPipelineSafeModeRule (HealthyPipelineSafeModeRule.java:initializeRule(176)) - Total pipeline count is 0, healthy pipeline threshold count is 1
2024-06-12 03:12:34,941 [main] INFO  safemode.OneReplicaPipelineSafeModeRule (OneReplicaPipelineSafeModeRule.java:initializeRule(193)) - Total pipeline count is 0, pipeline's with at least one datanode reported threshold count is 0
2024-06-12 03:12:34,992 [main] INFO  server.StorageContainerManager (StorageContainerManager.java:<init>(437)) - SCM start with adminUsers: [runner]
2024-06-12 03:12:35,204 [main] INFO  audit.AuditLogger (AuditLogger.java:refreshDebugCmdSet(135)) - Refresh DebugCmdSet for SCMAudit to [].
2024-06-12 03:12:35,231 [main] INFO  ipc.CallQueueManager (CallQueueManager.java:<init>(90)) - Using callQueue: class java.util.concurrent.LinkedBlockingQueue, queueCapacity: 10000, scheduler: class org.apache.hadoop.ipc.DefaultRpcScheduler, ipcBackoff: false.
2024-06-12 03:12:35,262 [main] INFO  ipc.Server (Server.java:<init>(1287)) - Listener at 0.0.0.0:15002
2024-06-12 03:12:35,264 [Socket Reader #1 for port 15002] INFO  ipc.Server (Server.java:run(1323)) - Starting Socket Reader #1 for port 15002
2024-06-12 03:12:35,311 [main] INFO  audit.AuditLogger (AuditLogger.java:refreshDebugCmdSet(135)) - Refresh DebugCmdSet for SCMAudit to [].
2024-06-12 03:12:35,317 [main] INFO  ipc.CallQueueManager (CallQueueManager.java:<init>(90)) - Using callQueue: class java.util.concurrent.LinkedBlockingQueue, queueCapacity: 10000, scheduler: class org.apache.hadoop.ipc.DefaultRpcScheduler, ipcBackoff: false.
2024-06-12 03:12:35,317 [main] INFO  ipc.Server (Server.java:<init>(1287)) - Listener at 0.0.0.0:15001
2024-06-12 03:12:35,319 [Socket Reader #1 for port 15001] INFO  ipc.Server (Server.java:run(1323)) - Starting Socket Reader #1 for port 15001
2024-06-12 03:12:35,352 [main] INFO  audit.AuditLogger (AuditLogger.java:refreshDebugCmdSet(135)) - Refresh DebugCmdSet for SCMAudit to [].
2024-06-12 03:12:35,364 [main] INFO  ipc.CallQueueManager (CallQueueManager.java:<init>(90)) - Using callQueue: class java.util.concurrent.LinkedBlockingQueue, queueCapacity: 10000, scheduler: class org.apache.hadoop.ipc.DefaultRpcScheduler, ipcBackoff: false.
2024-06-12 03:12:35,365 [main] INFO  ipc.Server (Server.java:<init>(1287)) - Listener at 0.0.0.0:15000
2024-06-12 03:12:35,366 [Socket Reader #1 for port 15000] INFO  ipc.Server (Server.java:run(1323)) - Starting Socket Reader #1 for port 15000
2024-06-12 03:12:35,412 [main] INFO  ha.SCMServiceManager (SCMServiceManager.java:register(42)) - Registering service ContainerBalancer.
2024-06-12 03:12:35,413 [main] INFO  ha.SCMContext (SCMContext.java:updateSafeModeStatus(225)) - Update SafeModeStatus from SafeModeStatus{safeModeStatus=true, preCheckPassed=false} to SafeModeStatus{safeModeStatus=true, preCheckPassed=false}.
2024-06-12 03:12:35,417 [main] INFO  server.StorageContainerManager (StorageContainerManager.java:start(1523)) - StorageContainerLocationProtocol RPC server is listening at /0.0.0.0:15000
2024-06-12 03:12:35,484 [main] WARN  impl.MetricsConfig (MetricsConfig.java:loadFirst(136)) - Cannot locate configuration: tried hadoop-metrics2-storagecontainermanager.properties,hadoop-metrics2.properties
2024-06-12 03:12:35,494 [main] INFO  impl.MetricsSystemImpl (MetricsSystemImpl.java:startTimer(378)) - Scheduled Metric snapshot period at 10 second(s).
2024-06-12 03:12:35,495 [main] INFO  impl.MetricsSystemImpl (MetricsSystemImpl.java:start(191)) - StorageContainerManager metrics system started
2024-06-12 03:12:35,673 [main] INFO  server.SCMClientProtocolServer (SCMClientProtocolServer.java:start(204)) - RPC server for Client  is listening at /0.0.0.0:15000
2024-06-12 03:12:35,674 [IPC Server Responder] INFO  ipc.Server (Server.java:run(1562)) - IPC Server Responder: starting
2024-06-12 03:12:35,675 [IPC Server listener on 15000] INFO  ipc.Server (Server.java:run(1402)) - IPC Server listener on 15000: starting
2024-06-12 03:12:35,699 [main] INFO  server.StorageContainerManager (StorageContainerManager.java:start(1536)) - ScmBlockLocationProtocol RPC server is listening at /0.0.0.0:15001
2024-06-12 03:12:35,699 [main] INFO  server.SCMBlockProtocolServer (SCMBlockProtocolServer.java:start(162)) - RPC server for Block Protocol is listening at /0.0.0.0:15001
2024-06-12 03:12:35,705 [IPC Server Responder] INFO  ipc.Server (Server.java:run(1562)) - IPC Server Responder: starting
2024-06-12 03:12:35,706 [IPC Server listener on 15001] INFO  ipc.Server (Server.java:run(1402)) - IPC Server listener on 15001: starting
2024-06-12 03:12:35,723 [main] INFO  server.SCMDatanodeProtocolServer (SCMDatanodeProtocolServer.java:start(194)) - ScmDatanodeProtocol RPC server for DataNodes is listening at /0.0.0.0:15002
2024-06-12 03:12:35,727 [IPC Server Responder] INFO  ipc.Server (Server.java:run(1562)) - IPC Server Responder: starting
2024-06-12 03:12:35,728 [IPC Server listener on 15002] INFO  ipc.Server (Server.java:run(1402)) - IPC Server listener on 15002: starting
2024-06-12 03:12:35,742 [JvmPauseMonitor0] INFO  util.JvmPauseMonitor (JvmPauseMonitor.java:run(146)) - JvmPauseMonitor-7d2233f8-72a7-4abb-98e3-6f666c707c15: Started
2024-06-12 03:12:35,753 [main] INFO  http.BaseHttpServer (BaseHttpServer.java:newHttpServer2BuilderForOzone(223)) - Starting Web-server for scm at: http://0.0.0.0:15003
2024-06-12 03:12:35,753 [main] INFO  http.BaseHttpServer (BaseHttpServer.java:<init>(110)) - Hadoop Security Enabled: false Ozone Security Enabled: false Ozone HTTP Security Enabled: false 
2024-06-12 03:12:35,775 [main] INFO  util.log (Log.java:initialized(170)) - Logging initialized @3869ms to org.eclipse.jetty.util.log.Slf4jLog
2024-06-12 03:12:35,848 [main] WARN  server.AuthenticationFilter (AuthenticationFilter.java:constructSecretProvider(240)) - Unable to initialize FileSignerSecretProvider, falling back to use random secrets. Reason: Could not read signature secret file: /home/runner/hadoop-http-auth-signature-secret
2024-06-12 03:12:35,860 [main] INFO  http.HttpRequestLog (HttpRequestLog.java:getRequestLog(86)) - Http request log for http.requests.scm is not defined
2024-06-12 03:12:35,865 [main] INFO  http.HttpServer2 (HttpServer2.java:addGlobalFilter(1036)) - Added global filter 'safety' (class=org.apache.hadoop.hdds.server.http.HttpServer2$QuotingInputFilter)
2024-06-12 03:12:35,868 [main] INFO  http.HttpServer2 (HttpServer2.java:addFilter(1012)) - Added filter static_user_filter (class=org.apache.hadoop.http.lib.StaticUserWebFilter$StaticUserFilter) to context scm
2024-06-12 03:12:35,868 [main] INFO  http.HttpServer2 (HttpServer2.java:addFilter(1020)) - Added filter static_user_filter (class=org.apache.hadoop.http.lib.StaticUserWebFilter$StaticUserFilter) to context logs
2024-06-12 03:12:35,869 [main] INFO  http.HttpServer2 (HttpServer2.java:addFilter(1020)) - Added filter static_user_filter (class=org.apache.hadoop.http.lib.StaticUserWebFilter$StaticUserFilter) to context static
2024-06-12 03:12:35,897 [main] INFO  http.BaseHttpServer (BaseHttpServer.java:<init>(189)) - HTTP server of scm uses base directory /home/runner/work/ozone/ozone/hadoop-ozone/integration-test/target/test-dir/MiniOzoneClusterImpl-2da4ef03-bf4e-4b68-9b16-b615eb45abb7/ozone-meta/webserver
2024-06-12 03:12:35,898 [main] INFO  http.HttpServer2 (HttpServer2.java:bindListener(1236)) - Jetty bound to port 15003
2024-06-12 03:12:35,899 [main] INFO  server.Server (Server.java:doStart(375)) - jetty-9.4.54.v20240208; built: 2024-02-08T19:42:39.027Z; git: cef3fbd6d736a21e7d541a5db490381d95a2047d; jvm 17.0.11+9
2024-06-12 03:12:35,926 [main] INFO  server.session (DefaultSessionIdManager.java:doStart(334)) - DefaultSessionIdManager workerName=node0
2024-06-12 03:12:35,927 [main] INFO  server.session (DefaultSessionIdManager.java:doStart(339)) - No SessionScavenger set, using defaults
2024-06-12 03:12:35,930 [main] INFO  server.session (HouseKeeper.java:startScavenging(132)) - node0 Scavenging every 600000ms
2024-06-12 03:12:35,940 [main] INFO  handler.ContextHandler (ContextHandler.java:doStart(921)) - Started o.e.j.s.ServletContextHandler@2157889c{logs,/logs,file:///home/runner/work/ozone/ozone/hadoop-ozone/integration-test/target/log,AVAILABLE}
2024-06-12 03:12:35,942 [main] INFO  handler.ContextHandler (ContextHandler.java:doStart(921)) - Started o.e.j.s.ServletContextHandler@29394966{static,/static,file:///home/runner/work/ozone/ozone/hadoop-ozone/integration-test/target/test-classes/webapps/static,AVAILABLE}
2024-06-12 03:12:35,982 [main] INFO  handler.ContextHandler (ContextHandler.java:doStart(921)) - Started o.e.j.w.WebAppContext@b548f51{scm,/,file:///home/runner/work/ozone/ozone/hadoop-ozone/integration-test/target/test-classes/webapps/scm/,AVAILABLE}{file:/home/runner/work/ozone/ozone/hadoop-ozone/integration-test/target/test-classes/webapps/scm}
2024-06-12 03:12:35,987 [main] INFO  server.AbstractConnector (AbstractConnector.java:doStart(333)) - Started ServerConnector@4ba402b5{HTTP/1.1, (http/1.1)}{0.0.0.0:15003}
2024-06-12 03:12:35,988 [main] INFO  server.Server (Server.java:doStart(415)) - Started @4083ms
2024-06-12 03:12:35,990 [main] INFO  impl.MetricsSinkAdapter (MetricsSinkAdapter.java:start(204)) - Sink prometheus started
2024-06-12 03:12:35,990 [main] INFO  impl.MetricsSystemImpl (MetricsSystemImpl.java:registerSink(305)) - Registered sink prometheus
2024-06-12 03:12:35,992 [main] INFO  http.BaseHttpServer (BaseHttpServer.java:updateConnectorAddress(354)) - HTTP server of scm listening at http://0.0.0.0:15003
2024-06-12 03:12:35,994 [main] WARN  server.ServerUtils (ServerUtils.java:getDBPath(299)) - ozone.om.db.dirs is not configured. We recommend adding this setting. Falling back to ozone.metadata.dirs instead.
2024-06-12 03:12:36,040 [main] INFO  audit.AuditLogger (AuditLogger.java:refreshDebugCmdSet(135)) - Refresh DebugCmdSet for OMAudit to [].
2024-06-12 03:12:36,089 [main] INFO  ha.OMHANodeDetails (OMHANodeDetails.java:loadOMHAConfig(115)) - ozone.om.internal.service.id is not defined, falling back to ozone.om.service.ids to find serviceID for OzoneManager if it is HA enabled cluster
2024-06-12 03:12:36,093 [main] INFO  ha.OMHANodeDetails (OMHANodeDetails.java:loadOMHAConfig(226)) - Configuration does not have ozone.om.address set. Falling back to the default OM address /127.0.0.1:15004
2024-06-12 03:12:36,094 [main] INFO  ha.OMHANodeDetails (OMHANodeDetails.java:getOMNodeDetailsForNonHA(254)) - OM Service ID is not set. Setting it to the default ID: omServiceIdDefault
2024-06-12 03:12:36,094 [main] INFO  ha.OMHANodeDetails (OMHANodeDetails.java:getOMNodeDetailsForNonHA(261)) - OM Node ID is not set. Setting it to the default ID: om1
2024-06-12 03:12:36,099 [main] WARN  server.ServerUtils (ServerUtils.java:getDBPath(299)) - ozone.om.db.dirs is not configured. We recommend adding this setting. Falling back to ozone.metadata.dirs instead.
2024-06-12 03:12:36,104 [main] INFO  upgrade.AbstractLayoutVersionManager (AbstractLayoutVersionManager.java:init(83)) - Initializing Layout version manager with metadata layout = QUOTA (version = 6), software layout = QUOTA (version = 6)
2024-06-12 03:12:36,190 [main] INFO  reflections.Reflections (Reflections.java:scan(219)) - Reflections took 84 ms to scan 2 urls, producing 188 keys and 545 values
2024-06-12 03:12:36,194 [main] INFO  upgrade.OMLayoutVersionManager (OMLayoutVersionManager.java:lambda$0(113)) - Skipping Upgrade Action QuotaRepairUpgradeAction since it has been finalized.
2024-06-12 03:12:36,195 [main] INFO  upgrade.OMLayoutVersionManager (OMLayoutVersionManager.java:lambda$0(113)) - Skipping Upgrade Action MockOmUpgradeAction since it has been finalized.
2024-06-12 03:12:36,196 [main] WARN  server.ServerUtils (ServerUtils.java:getDBPath(299)) - ozone.om.db.dirs is not configured. We recommend adding this setting. Falling back to ozone.metadata.dirs instead.
2024-06-12 03:12:36,301 [main] INFO  proxy.SCMBlockLocationFailoverProxyProvider (SCMBlockLocationFailoverProxyProvider.java:<init>(115)) - Created block location fail-over proxy with 1 nodes: [nodeId=scmNodeId,nodeAddress=/0.0.0.0:15001]
2024-06-12 03:12:36,325 [main] INFO  proxy.SCMBlockLocationFailoverProxyProvider (SCMBlockLocationFailoverProxyProvider.java:<init>(115)) - Created block location fail-over proxy with 1 nodes: [nodeId=scmNodeId,nodeAddress=/0.0.0.0:15001]
2024-06-12 03:12:36,483 [main] INFO  om.OzoneManager (OzoneManager.java:<init>(678)) - OM start with adminUsers: [runner]
2024-06-12 03:12:36,495 [main] WARN  server.ServerUtils (ServerUtils.java:getDBPath(299)) - ozone.om.db.dirs is not configured. We recommend adding this setting. Falling back to ozone.metadata.dirs instead.
2024-06-12 03:12:36,517 [main] INFO  helpers.OmKeyInfo (OmKeyInfo.java:getCodec(72)) - OmKeyInfo.getCodec ignorePipeline = true
2024-06-12 03:12:36,779 [main] INFO  om.OzoneManager (OzoneManager.java:instantiateServices(812)) - S3 Multi-Tenancy is disabled
2024-06-12 03:12:36,804 [main] INFO  om.OmSnapshotManager (OmSnapshotManager.java:<init>(179)) - Ozone filesystem snapshot feature is enabled.
2024-06-12 03:12:36,810 [main] WARN  server.ServerUtils (ServerUtils.java:getDBPath(299)) - ozone.om.snapshot.diff.db.dir is not configured. We recommend adding this setting. Falling back to ozone.metadata.dirs instead.
2024-06-12 03:12:36,861 [main] INFO  utils.NativeLibraryLoader (NativeLibraryLoader.java:loadLibrary(111)) - Loading Library: ozone_rocksdb_tools
2024-06-12 03:12:36,862 [main] ERROR snapshot.SnapshotDiffManager (SnapshotDiffManager.java:initNativeLibraryForEfficientDiff(287)) - Native Library for raw sst file reading loading failed.
org.apache.hadoop.hdds.utils.NativeLibraryNotLoadedException: Unable to load library ozone_rocksdb_tools from both java.library.path & resource file libozone_rocksdb_tools.so from jar.
	at org.apache.hadoop.hdds.utils.db.managed.ManagedRawSSTFileReader.loadLibrary(ManagedRawSSTFileReader.java:40)
	at org.apache.hadoop.ozone.om.snapshot.SnapshotDiffManager.initNativeLibraryForEfficientDiff(SnapshotDiffManager.java:285)
	at org.apache.hadoop.ozone.om.snapshot.SnapshotDiffManager.<init>(SnapshotDiffManager.java:259)
	at org.apache.hadoop.ozone.om.OmSnapshotManager.<init>(OmSnapshotManager.java:286)
	at org.apache.hadoop.ozone.om.OzoneManager.instantiateServices(OzoneManager.java:864)
	at org.apache.hadoop.ozone.om.OzoneManager.<init>(OzoneManager.java:688)
	at org.apache.hadoop.ozone.om.OzoneManager.createOm(OzoneManager.java:775)
	at org.apache.hadoop.ozone.MiniOzoneClusterImpl$Builder.createOM(MiniOzoneClusterImpl.java:689)
	at org.apache.hadoop.ozone.MiniOzoneClusterImpl$Builder.createAndStartSingleOM(MiniOzoneClusterImpl.java:673)
	at org.apache.hadoop.ozone.MiniOzoneClusterImpl$Builder.build(MiniOzoneClusterImpl.java:535)
	at org.apache.hadoop.ozone.om.snapshot.TestSnapshotDirectoryCleaningService.init(TestSnapshotDirectoryCleaningService.java:86)
	at java.base/jdk.internal.reflect.NativeMethodAccessorImpl.invoke0(Native Method)
	at java.base/jdk.internal.reflect.NativeMethodAccessorImpl.invoke(NativeMethodAccessorImpl.java:77)
	at java.base/jdk.internal.reflect.DelegatingMethodAccessorImpl.invoke(DelegatingMethodAccessorImpl.java:43)
	at java.base/java.lang.reflect.Method.invoke(Method.java:568)
	at org.junit.platform.commons.util.ReflectionUtils.invokeMethod(ReflectionUtils.java:728)
	at org.junit.jupiter.engine.execution.MethodInvocation.proceed(MethodInvocation.java:60)
	at org.junit.jupiter.engine.execution.InvocationInterceptorChain$ValidatingInvocation.proceed(InvocationInterceptorChain.java:131)
	at org.junit.jupiter.engine.extension.TimeoutExtension.intercept(TimeoutExtension.java:156)
	at org.junit.jupiter.engine.extension.TimeoutExtension.interceptLifecycleMethod(TimeoutExtension.java:128)
	at org.junit.jupiter.engine.extension.TimeoutExtension.interceptBeforeAllMethod(TimeoutExtension.java:70)
	at org.junit.jupiter.engine.execution.InterceptingExecutableInvoker$ReflectiveInterceptorCall.lambda$ofVoidMethod$0(InterceptingExecutableInvoker.java:103)
	at org.junit.jupiter.engine.execution.InterceptingExecutableInvoker.lambda$invoke$0(InterceptingExecutableInvoker.java:93)
	at org.junit.jupiter.engine.execution.InvocationInterceptorChain$InterceptedInvocation.proceed(InvocationInterceptorChain.java:106)
	at org.junit.jupiter.engine.execution.InvocationInterceptorChain.proceed(InvocationInterceptorChain.java:64)
	at org.junit.jupiter.engine.execution.InvocationInterceptorChain.chainAndInvoke(InvocationInterceptorChain.java:45)
	at org.junit.jupiter.engine.execution.InvocationInterceptorChain.invoke(InvocationInterceptorChain.java:37)
	at org.junit.jupiter.engine.execution.InterceptingExecutableInvoker.invoke(InterceptingExecutableInvoker.java:92)
	at org.junit.jupiter.engine.execution.InterceptingExecutableInvoker.invoke(InterceptingExecutableInvoker.java:86)
	at org.junit.jupiter.engine.descriptor.ClassBasedTestDescriptor.lambda$invokeBeforeAllMethods$13(ClassBasedTestDescriptor.java:412)
	at org.junit.platform.engine.support.hierarchical.ThrowableCollector.execute(ThrowableCollector.java:73)
	at org.junit.jupiter.engine.descriptor.ClassBasedTestDescriptor.invokeBeforeAllMethods(ClassBasedTestDescriptor.java:410)
	at org.junit.jupiter.engine.descriptor.ClassBasedTestDescriptor.before(ClassBasedTestDescriptor.java:216)
	at org.junit.jupiter.engine.descriptor.ClassBasedTestDescriptor.before(ClassBasedTestDescriptor.java:85)
	at org.junit.platform.engine.support.hierarchical.NodeTestTask.lambda$executeRecursively$6(NodeTestTask.java:148)
	at org.junit.platform.engine.support.hierarchical.ThrowableCollector.execute(ThrowableCollector.java:73)
	at org.junit.platform.engine.support.hierarchical.NodeTestTask.lambda$executeRecursively$8(NodeTestTask.java:141)
	at org.junit.platform.engine.support.hierarchical.Node.around(Node.java:137)
	at org.junit.platform.engine.support.hierarchical.NodeTestTask.lambda$executeRecursively$9(NodeTestTask.java:139)
	at org.junit.platform.engine.support.hierarchical.ThrowableCollector.execute(ThrowableCollector.java:73)
	at org.junit.platform.engine.support.hierarchical.NodeTestTask.executeRecursively(NodeTestTask.java:138)
	at org.junit.platform.engine.support.hierarchical.NodeTestTask.execute(NodeTestTask.java:95)
	at java.base/java.util.ArrayList.forEach(ArrayList.java:1511)
	at org.junit.platform.engine.support.hierarchical.SameThreadHierarchicalTestExecutorService.invokeAll(SameThreadHierarchicalTestExecutorService.java:41)
	at org.junit.platform.engine.support.hierarchical.NodeTestTask.lambda$executeRecursively$6(NodeTestTask.java:155)
	at org.junit.platform.engine.support.hierarchical.ThrowableCollector.execute(ThrowableCollector.java:73)
	at org.junit.platform.engine.support.hierarchical.NodeTestTask.lambda$executeRecursively$8(NodeTestTask.java:141)
	at org.junit.platform.engine.support.hierarchical.Node.around(Node.java:137)
	at org.junit.platform.engine.support.hierarchical.NodeTestTask.lambda$executeRecursively$9(NodeTestTask.java:139)
	at org.junit.platform.engine.support.hierarchical.ThrowableCollector.execute(ThrowableCollector.java:73)
	at org.junit.platform.engine.support.hierarchical.NodeTestTask.executeRecursively(NodeTestTask.java:138)
	at org.junit.platform.engine.support.hierarchical.NodeTestTask.execute(NodeTestTask.java:95)
	at org.junit.platform.engine.support.hierarchical.SameThreadHierarchicalTestExecutorService.submit(SameThreadHierarchicalTestExecutorService.java:35)
	at org.junit.platform.engine.support.hierarchical.HierarchicalTestExecutor.execute(HierarchicalTestExecutor.java:57)
	at org.junit.platform.engine.support.hierarchical.HierarchicalTestEngine.execute(HierarchicalTestEngine.java:54)
	at org.junit.platform.launcher.core.EngineExecutionOrchestrator.execute(EngineExecutionOrchestrator.java:198)
	at org.junit.platform.launcher.core.EngineExecutionOrchestrator.execute(EngineExecutionOrchestrator.java:169)
	at org.junit.platform.launcher.core.EngineExecutionOrchestrator.execute(EngineExecutionOrchestrator.java:93)
	at org.junit.platform.launcher.core.EngineExecutionOrchestrator.lambda$execute$0(EngineExecutionOrchestrator.java:58)
	at org.junit.platform.launcher.core.EngineExecutionOrchestrator.withInterceptedStreams(EngineExecutionOrchestrator.java:141)
	at org.junit.platform.launcher.core.EngineExecutionOrchestrator.execute(EngineExecutionOrchestrator.java:57)
	at org.junit.platform.launcher.core.DefaultLauncher.execute(DefaultLauncher.java:103)
	at org.junit.platform.launcher.core.DefaultLauncher.execute(DefaultLauncher.java:85)
	at org.junit.platform.launcher.core.DelegatingLauncher.execute(DelegatingLauncher.java:47)
	at org.junit.platform.launcher.core.SessionPerRequestLauncher.execute(SessionPerRequestLauncher.java:63)
	at org.apache.maven.surefire.junitplatform.JUnitPlatformProvider.invokeAllTests(JUnitPlatformProvider.java:154)
	at org.apache.maven.surefire.junitplatform.JUnitPlatformProvider.invoke(JUnitPlatformProvider.java:123)
	at org.apache.maven.surefire.booter.ForkedBooter.runSuitesInProcess(ForkedBooter.java:377)
	at org.apache.maven.surefire.booter.ForkedBooter.execute(ForkedBooter.java:138)
	at org.apache.maven.surefire.booter.ForkedBooter.run(ForkedBooter.java:465)
	at org.apache.maven.surefire.booter.ForkedBooter.main(ForkedBooter.java:451)
2024-06-12 03:12:36,917 [main] INFO  om.OzoneManager (OzoneManager.java:addS3GVolumeToDB(4463)) - Created Volume s3v With Owner runner required for S3Gateway operations.
2024-06-12 03:12:36,969 [main] WARN  server.ServerUtils (ServerUtils.java:getDefaultRatisDirectory(311)) - Storage directory for Ratis is not configured. It is a good idea to map this to an SSD disk. Falling back to ozone.metadata.dirs
2024-06-12 03:12:36,970 [main] WARN  utils.OzoneManagerRatisUtils (OzoneManagerRatisUtils.java:getOMRatisSnapshotDirectory(476)) - ozone.om.ratis.snapshot.dir is not configured. Falling back to ozone.metadata.dirs config
2024-06-12 03:12:36,986 [main] WARN  server.ServerUtils (ServerUtils.java:getDefaultRatisDirectory(311)) - Storage directory for Ratis is not configured. It is a good idea to map this to an SSD disk. Falling back to ozone.metadata.dirs
2024-06-12 03:12:37,008 [main] INFO  ratis.OzoneManagerRatisServer (OzoneManagerRatisServer.java:<init>(168)) - Instantiating OM Ratis server with groupID: omServiceIdDefault and peers: localhost:15007
2024-06-12 03:12:37,019 [main] INFO  ratis.OzoneManagerStateMachine (OzoneManagerStateMachine.java:loadSnapshotInfoFromDB(589)) - TransactionInfo not found in OM DB.
2024-06-12 03:12:37,073 [main] INFO  server.RaftServer (ConfUtils.java:logGet(46)) - raft.rpc.type = GRPC (default)
2024-06-12 03:12:37,081 [main] INFO  grpc.GrpcConfigKeys (ConfUtils.java:logFallback(53)) - raft.grpc.admin.host = null (fallback to raft.grpc.server.host)
2024-06-12 03:12:37,082 [main] INFO  grpc.GrpcConfigKeys (ConfUtils.java:logFallback(53)) - raft.grpc.admin.port = 15007 (fallback to raft.grpc.server.port)
2024-06-12 03:12:37,083 [main] INFO  grpc.GrpcConfigKeys (ConfUtils.java:logFallback(53)) - raft.grpc.client.host = null (fallback to raft.grpc.server.host)
2024-06-12 03:12:37,083 [main] INFO  grpc.GrpcConfigKeys (ConfUtils.java:logFallback(53)) - raft.grpc.client.port = 15007 (fallback to raft.grpc.server.port)
2024-06-12 03:12:37,084 [main] INFO  grpc.GrpcConfigKeys (ConfUtils.java:logGet(46)) - raft.grpc.server.host = null (default)
2024-06-12 03:12:37,084 [main] INFO  grpc.GrpcConfigKeys (ConfUtils.java:logGet(46)) - raft.grpc.server.port = 15007 (custom)
2024-06-12 03:12:37,085 [main] INFO  server.GrpcService (ConfUtils.java:logGet(46)) - raft.grpc.message.size.max = 4194304 (custom)
2024-06-12 03:12:37,086 [main] INFO  server.RaftServerConfigKeys (ConfUtils.java:logGet(46)) - raft.server.log.appender.buffer.byte-limit = 4194304 (custom)
2024-06-12 03:12:37,087 [main] INFO  server.GrpcService (ConfUtils.java:logGet(46)) - raft.grpc.flow.control.window = 1MB (=1048576) (default)
2024-06-12 03:12:37,088 [main] INFO  server.RaftServerConfigKeys (ConfUtils.java:logGet(46)) - raft.server.rpc.request.timeout = 3000ms (default)
2024-06-12 03:12:37,096 [main] INFO  grpc.GrpcConfigKeys (ConfUtils.java:logGet(46)) - raft.grpc.server.heartbeat.channel = true (default)
2024-06-12 03:12:37,100 [main] INFO  grpc.GrpcConfigKeys (ConfUtils.java:logGet(46)) - raft.grpc.server.async.request.thread.pool.cached = true (default)
2024-06-12 03:12:37,100 [main] INFO  grpc.GrpcConfigKeys (ConfUtils.java:logGet(46)) - raft.grpc.server.async.request.thread.pool.size = 32 (default)
2024-06-12 03:12:37,260 [main] INFO  impl.DataStreamServerImpl (ConfUtils.java:logGet(46)) - raft.datastream.type = DISABLED (default)
2024-06-12 03:12:37,263 [main] INFO  server.RaftServerConfigKeys (ConfUtils.java:logGet(46)) - raft.server.sleep.deviation.threshold = 300ms (default)
2024-06-12 03:12:37,263 [main] INFO  server.RaftServerConfigKeys (ConfUtils.java:logGet(46)) - raft.server.close.threshold = 60s (default)
2024-06-12 03:12:37,264 [main] INFO  server.RaftServerConfigKeys (ConfUtils.java:logGet(46)) - raft.server.leaderelection.leader.step-down.wait-time = 10s (default)
2024-06-12 03:12:37,265 [main] INFO  server.RaftServerConfigKeys (ConfUtils.java:logGet(46)) - raft.server.storage.dir = [/home/runner/work/ozone/ozone/hadoop-ozone/integration-test/target/test-dir/MiniOzoneClusterImpl-2da4ef03-bf4e-4b68-9b16-b615eb45abb7/ozone-meta/ratis] (custom)
2024-06-12 03:12:37,267 [main] INFO  server.RaftServerConfigKeys (ConfUtils.java:logGet(46)) - raft.server.threadpool.proxy.cached = true (default)
2024-06-12 03:12:37,267 [main] INFO  server.RaftServerConfigKeys (ConfUtils.java:logGet(46)) - raft.server.threadpool.proxy.size = 0 (default)
2024-06-12 03:12:37,274 [main] INFO  server.RaftServer (RaftServerProxy.java:addNew(100)) - om1: addNew group-C5BA1605619E:[om1|localhost:15007] returns group-C5BA1605619E:java.util.concurrent.CompletableFuture@6bbb3ec8[Not completed]
2024-06-12 03:12:37,275 [main] INFO  om.OzoneManager (OzoneManager.java:initializeRatisServer(2168)) - OzoneManager Ratis server initialized at port 15007
2024-06-12 03:12:37,278 [main] INFO  om.OzoneManager (OzoneManager.java:getRpcServer(1228)) - Creating RPC Server
2024-06-12 03:12:37,282 [om1-groupManagement] INFO  server.RaftServer$Division (RaftServerImpl.java:<init>(256)) - om1: new RaftServerImpl for group-C5BA1605619E:[om1|localhost:15007] with OzoneManagerStateMachine:uninitialized
2024-06-12 03:12:37,284 [om1-groupManagement] INFO  server.RaftServerConfigKeys (ConfUtils.java:logGet(46)) - raft.server.rpc.timeout.min = 1s (custom)
2024-06-12 03:12:37,284 [om1-groupManagement] INFO  server.RaftServerConfigKeys (ConfUtils.java:logGet(46)) - raft.server.rpc.timeout.max = 1200ms (custom)
2024-06-12 03:12:37,284 [om1-groupManagement] INFO  server.RaftServerConfigKeys (ConfUtils.java:logGet(46)) - raft.server.rpc.sleep.time = 25ms (default)
2024-06-12 03:12:37,284 [om1-groupManagement] INFO  server.RaftServerConfigKeys (ConfUtils.java:logGet(46)) - raft.server.rpc.slowness.timeout = 120s (custom)
2024-06-12 03:12:37,285 [om1-groupManagement] INFO  server.RaftServerConfigKeys (ConfUtils.java:logGet(46)) - raft.server.leaderelection.leader.step-down.wait-time = 10s (default)
2024-06-12 03:12:37,285 [om1-groupManagement] INFO  server.RaftServerConfigKeys (ConfUtils.java:logGet(46)) - raft.server.leaderelection.member.majority-add = false (default)
2024-06-12 03:12:37,285 [om1-groupManagement] INFO  server.RaftServerConfigKeys (ConfUtils.java:logGet(46)) - raft.server.sleep.deviation.threshold = 300ms (default)
2024-06-12 03:12:37,293 [om1-groupManagement] INFO  server.RaftServer$Division (ServerState.java:<init>(113)) - om1@group-C5BA1605619E: ConfigurationManager, init=-1: peers:[om1|localhost:15007]|listeners:[], old=null, confs=<EMPTY_MAP>
2024-06-12 03:12:37,300 [om1-groupManagement] INFO  server.RaftServerConfigKeys (ConfUtils.java:logGet(46)) - raft.server.notification.no-leader.timeout = 120s (custom)
2024-06-12 03:12:37,303 [om1-groupManagement] INFO  server.RaftServerConfigKeys (ConfUtils.java:logGet(46)) - raft.server.read.timeout = 10s (default)
2024-06-12 03:12:37,307 [om1-groupManagement] INFO  server.RaftServerConfigKeys (ConfUtils.java:logGet(46)) - raft.server.retrycache.expirytime = 300s (custom)
2024-06-12 03:12:37,308 [om1-groupManagement] INFO  server.RaftServerConfigKeys (ConfUtils.java:logGet(46)) - raft.server.retrycache.statistics.expirytime = 100ms (default)
2024-06-12 03:12:37,312 [om1-groupManagement] INFO  server.RaftServerConfigKeys (ConfUtils.java:logGet(46)) - raft.server.read.option = DEFAULT (default)
2024-06-12 03:12:37,313 [om1-groupManagement] INFO  server.RaftServerConfigKeys (ConfUtils.java:logGet(46)) - raft.server.read.read-after-write-consistent.write-index-cache.expiry-time = 60s (default)
2024-06-12 03:12:37,346 [om1-groupManagement] INFO  server.RaftServerConfigKeys (ConfUtils.java:logGet(46)) - raft.server.rpc.request.timeout = 3000ms (default)
2024-06-12 03:12:37,349 [om1-groupManagement] INFO  server.RaftServerConfigKeys (ConfUtils.java:logGet(46)) - raft.server.log.appender.install.snapshot.enabled = false (custom)
2024-06-12 03:12:37,349 [om1-groupManagement] INFO  server.RaftServerConfigKeys (ConfUtils.java:logGet(46)) - raft.server.threadpool.server.cached = true (default)
2024-06-12 03:12:37,350 [om1-groupManagement] INFO  server.RaftServerConfigKeys (ConfUtils.java:logGet(46)) - raft.server.threadpool.server.size = 0 (default)
2024-06-12 03:12:37,350 [om1-groupManagement] INFO  server.RaftServerConfigKeys (ConfUtils.java:logGet(46)) - raft.server.threadpool.client.cached = true (default)
2024-06-12 03:12:37,350 [om1-groupManagement] INFO  server.RaftServerConfigKeys (ConfUtils.java:logGet(46)) - raft.server.threadpool.client.size = 0 (default)
2024-06-12 03:12:37,972 [main] INFO  reflections.Reflections (Reflections.java:scan(219)) - Reflections took 649 ms to scan 20 urls, producing 59 keys and 6577 values
2024-06-12 03:12:38,125 [main] INFO  ipc.CallQueueManager (CallQueueManager.java:<init>(90)) - Using callQueue: class java.util.concurrent.LinkedBlockingQueue, queueCapacity: 2000, scheduler: class org.apache.hadoop.ipc.DefaultRpcScheduler, ipcBackoff: false.
2024-06-12 03:12:38,126 [main] INFO  ipc.Server (Server.java:<init>(1287)) - Listener at 127.0.0.1:15004
2024-06-12 03:12:38,126 [Socket Reader #1 for port 15004] INFO  ipc.Server (Server.java:run(1323)) - Starting Socket Reader #1 for port 15004
2024-06-12 03:12:38,158 [main] INFO  impl.MetricsSystemImpl (MetricsSystemImpl.java:init(158)) - OzoneManager metrics system started (again)
2024-06-12 03:12:38,168 [main] INFO  om.OzoneManager (OzoneManager.java:start(1650)) - OzoneManager RPC server is listening at localhost/127.0.0.1:15004
2024-06-12 03:12:38,168 [main] INFO  ratis.OzoneManagerRatisServer (OzoneManagerRatisServer.java:start(594)) - Starting OzoneManagerRatisServer om1 at port 15007
2024-06-12 03:12:38,171 [om1-impl-thread1] INFO  server.RaftServerConfigKeys (ConfUtils.java:logGet(46)) - raft.server.storage.free-space.min = 0MB (=0) (default)
2024-06-12 03:12:38,172 [om1-impl-thread1] INFO  server.RaftServerConfigKeys (ConfUtils.java:logGet(46)) - raft.server.log.corruption.policy = EXCEPTION (default)
2024-06-12 03:12:38,172 [om1-impl-thread1] INFO  server.RaftServerConfigKeys (ConfUtils.java:logGet(46)) - raft.server.storage.dir = [/home/runner/work/ozone/ozone/hadoop-ozone/integration-test/target/test-dir/MiniOzoneClusterImpl-2da4ef03-bf4e-4b68-9b16-b615eb45abb7/ozone-meta/ratis] (custom)
2024-06-12 03:12:38,177 [om1-impl-thread1] INFO  storage.RaftStorageDirectory (RaftStorageDirectoryImpl.java:analyzeStorage(138)) - The storage directory /home/runner/work/ozone/ozone/hadoop-ozone/integration-test/target/test-dir/MiniOzoneClusterImpl-2da4ef03-bf4e-4b68-9b16-b615eb45abb7/ozone-meta/ratis/bf265839-605b-3f16-9796-c5ba1605619e does not exist. Creating ...
2024-06-12 03:12:38,181 [om1-impl-thread1] INFO  storage.RaftStorageDirectory (RaftStorageDirectoryImpl.java:tryLock(228)) - Lock on /home/runner/work/ozone/ozone/hadoop-ozone/integration-test/target/test-dir/MiniOzoneClusterImpl-2da4ef03-bf4e-4b68-9b16-b615eb45abb7/ozone-meta/ratis/bf265839-605b-3f16-9796-c5ba1605619e/in_use.lock acquired by nodename 94480@fv-az771-543
2024-06-12 03:12:38,186 [om1-impl-thread1] INFO  storage.RaftStorage (RaftStorageImpl.java:format(99)) - Storage directory /home/runner/work/ozone/ozone/hadoop-ozone/integration-test/target/test-dir/MiniOzoneClusterImpl-2da4ef03-bf4e-4b68-9b16-b615eb45abb7/ozone-meta/ratis/bf265839-605b-3f16-9796-c5ba1605619e has been successfully formatted.
2024-06-12 03:12:38,186 [om1-impl-thread1] WARN  util.FileUtils (LogUtils.java:supplyAndLog(63)) - Failed to Files.newInputStream /home/runner/work/ozone/ozone/hadoop-ozone/integration-test/target/test-dir/MiniOzoneClusterImpl-2da4ef03-bf4e-4b68-9b16-b615eb45abb7/ozone-meta/ratis/bf265839-605b-3f16-9796-c5ba1605619e/current/raft-meta.conf with options []: java.nio.file.NoSuchFileException: /home/runner/work/ozone/ozone/hadoop-ozone/integration-test/target/test-dir/MiniOzoneClusterImpl-2da4ef03-bf4e-4b68-9b16-b615eb45abb7/ozone-meta/ratis/bf265839-605b-3f16-9796-c5ba1605619e/current/raft-meta.conf
2024-06-12 03:12:38,189 [om1-impl-thread1] INFO  server.RaftServerConfigKeys (ConfUtils.java:logGet(46)) - raft.server.log.use.memory = false (default)
2024-06-12 03:12:38,195 [om1-impl-thread1] INFO  server.RaftServerConfigKeys (ConfUtils.java:logGet(46)) - raft.server.log.purge.gap = 1000000 (custom)
2024-06-12 03:12:38,195 [om1-impl-thread1] INFO  server.RaftServerConfigKeys (ConfUtils.java:logGet(46)) - raft.server.log.appender.buffer.byte-limit = 4194304 (custom)
2024-06-12 03:12:38,196 [om1-impl-thread1] INFO  server.RaftServerConfigKeys (ConfUtils.java:logGet(46)) - raft.server.log.statemachine.data.read.timeout = 1000ms (default)
2024-06-12 03:12:38,197 [om1-impl-thread1] INFO  server.RaftServerConfigKeys (ConfUtils.java:logGet(46)) - raft.server.log.purge.preservation.log.num = 0 (default)
2024-06-12 03:12:38,200 [om1-impl-thread1] INFO  server.RaftServerConfigKeys (ConfUtils.java:logGet(46)) - raft.server.log.segment.size.max = 4194304 (custom)
2024-06-12 03:12:38,204 [om1-impl-thread1] INFO  server.RaftServerConfigKeys (ConfUtils.java:logGet(46)) - raft.server.log.segment.cache.num.max = 2 (custom)
2024-06-12 03:12:38,205 [om1-impl-thread1] INFO  server.RaftServerConfigKeys (ConfUtils.java:logGet(46)) - raft.server.log.segment.cache.size.max = 200MB (=209715200) (default)
2024-06-12 03:12:38,205 [om1-impl-thread1] INFO  server.RaftServerConfigKeys (ConfUtils.java:logGet(46)) - raft.server.log.appender.buffer.byte-limit = 4194304 (custom)
2024-06-12 03:12:38,206 [om1-impl-thread1] INFO  util.AwaitToRun (AwaitToRun.java:start(81)) - Thread[om1@group-C5BA1605619E-cacheEviction-AwaitToRun,5,main] started
2024-06-12 03:12:38,209 [om1-impl-thread1] INFO  segmented.SegmentedRaftLogWorker (SegmentedRaftLogWorker.java:<init>(182)) - new om1@group-C5BA1605619E-SegmentedRaftLogWorker for RaftStorageImpl:Storage Directory /home/runner/work/ozone/ozone/hadoop-ozone/integration-test/target/test-dir/MiniOzoneClusterImpl-2da4ef03-bf4e-4b68-9b16-b615eb45abb7/ozone-meta/ratis/bf265839-605b-3f16-9796-c5ba1605619e
2024-06-12 03:12:38,210 [om1-impl-thread1] INFO  server.RaftServerConfigKeys (ConfUtils.java:logGet(46)) - raft.server.log.queue.byte-limit = 64MB (=67108864) (default)
2024-06-12 03:12:38,210 [om1-impl-thread1] INFO  server.RaftServerConfigKeys (ConfUtils.java:logGet(46)) - raft.server.log.queue.element-limit = 4096 (default)
2024-06-12 03:12:38,211 [om1-impl-thread1] INFO  server.RaftServerConfigKeys (ConfUtils.java:logGet(46)) - raft.server.log.segment.size.max = 4194304 (custom)
2024-06-12 03:12:38,212 [om1-impl-thread1] INFO  server.RaftServerConfigKeys (ConfUtils.java:logGet(46)) - raft.server.log.preallocated.size = 4194304 (custom)
2024-06-12 03:12:38,212 [om1-impl-thread1] INFO  server.RaftServerConfigKeys (ConfUtils.java:logGet(46)) - raft.server.log.force.sync.num = 128 (default)
2024-06-12 03:12:38,213 [om1-impl-thread1] INFO  server.RaftServerConfigKeys (ConfUtils.java:logGet(46)) - raft.server.log.statemachine.data.sync = true (default)
2024-06-12 03:12:38,213 [om1-impl-thread1] INFO  server.RaftServerConfigKeys (ConfUtils.java:logGet(46)) - raft.server.log.statemachine.data.sync.timeout = 10s (default)
2024-06-12 03:12:38,213 [om1-impl-thread1] INFO  server.RaftServerConfigKeys (ConfUtils.java:logGet(46)) - raft.server.log.statemachine.data.sync.timeout.retry = -1 (default)
2024-06-12 03:12:38,215 [om1-impl-thread1] INFO  server.RaftServerConfigKeys (ConfUtils.java:logGet(46)) - raft.server.log.write.buffer.size = 4194312 (custom)
2024-06-12 03:12:38,216 [om1-impl-thread1] INFO  server.RaftServerConfigKeys (ConfUtils.java:logGet(46)) - raft.server.log.appender.buffer.byte-limit = 4194304 (custom)
2024-06-12 03:12:38,216 [om1-impl-thread1] INFO  server.RaftServerConfigKeys (ConfUtils.java:logGet(46)) - raft.server.log.unsafe-flush.enabled = false (default)
2024-06-12 03:12:38,217 [om1-impl-thread1] INFO  server.RaftServerConfigKeys (ConfUtils.java:logGet(46)) - raft.server.log.async-flush.enabled = false (default)
2024-06-12 03:12:38,217 [om1-impl-thread1] INFO  server.RaftServerConfigKeys (ConfUtils.java:logGet(46)) - raft.server.log.statemachine.data.caching.enabled = false (default)
2024-06-12 03:12:38,221 [om1-impl-thread1] INFO  segmented.SegmentedRaftLogWorker (SegmentedRaftLogWorker.java:lambda$new$0(134)) - om1@group-C5BA1605619E-SegmentedRaftLogWorker: flushIndex: setUnconditionally 0 -> -1
2024-06-12 03:12:38,221 [om1-impl-thread1] INFO  segmented.SegmentedRaftLogWorker (SegmentedRaftLogWorker.java:lambda$new$0(134)) - om1@group-C5BA1605619E-SegmentedRaftLogWorker: safeCacheEvictIndex: setUnconditionally 0 -> -1
2024-06-12 03:12:38,222 [om1-impl-thread1] INFO  server.RaftServer$Division (RaftServerImpl.java:start(396)) - om1@group-C5BA1605619E: start as a follower, conf=-1: peers:[om1|localhost:15007]|listeners:[], old=null
2024-06-12 03:12:38,222 [om1-impl-thread1] INFO  server.RaftServer$Division (RaftServerImpl.java:setRole(383)) - om1@group-C5BA1605619E: changes role from      null to FOLLOWER at term 0 for startAsFollower
2024-06-12 03:12:38,223 [om1-impl-thread1] INFO  impl.RoleInfo (RoleInfo.java:updateAndGet(139)) - om1: start om1@group-C5BA1605619E-FollowerState
2024-06-12 03:12:38,223 [om1@group-C5BA1605619E-FollowerState] INFO  server.RaftServerConfigKeys (ConfUtils.java:logFallback(53)) - raft.server.rpc.first-election.timeout.min = 1s (fallback to raft.server.rpc.timeout.min)
2024-06-12 03:12:38,224 [om1@group-C5BA1605619E-FollowerState] INFO  server.RaftServerConfigKeys (ConfUtils.java:logFallback(53)) - raft.server.rpc.first-election.timeout.max = 1200ms (fallback to raft.server.rpc.timeout.max)
2024-06-12 03:12:38,224 [om1-impl-thread1] INFO  util.JmxRegister (JmxRegister.java:tryRegister(44)) - Successfully registered JMX Bean with object name Ratis:service=RaftServer,group=group-C5BA1605619E,id=om1
2024-06-12 03:12:38,226 [om1-impl-thread1] INFO  server.RaftServerConfigKeys (ConfUtils.java:logGet(46)) - raft.server.snapshot.trigger-when-stop.enabled = true (default)
2024-06-12 03:12:38,226 [om1-impl-thread1] INFO  server.RaftServerConfigKeys (ConfUtils.java:logGet(46)) - raft.server.snapshot.auto.trigger.enabled = true (custom)
2024-06-12 03:12:38,227 [om1-impl-thread1] INFO  server.RaftServerConfigKeys (ConfUtils.java:logGet(46)) - raft.server.snapshot.auto.trigger.threshold = 400000 (default)
2024-06-12 03:12:38,227 [om1-impl-thread1] INFO  server.RaftServerConfigKeys (ConfUtils.java:logGet(46)) - raft.server.snapshot.retention.file.num = -1 (default)
2024-06-12 03:12:38,227 [om1-impl-thread1] INFO  server.RaftServerConfigKeys (ConfUtils.java:logGet(46)) - raft.server.log.purge.upto.snapshot.index = true (custom)
2024-06-12 03:12:38,231 [main] INFO  server.RaftServer (RaftServerProxy.java:startImpl(406)) - om1: start RPC server
2024-06-12 03:12:38,260 [main] INFO  server.GrpcService (GrpcService.java:startImpl(302)) - om1: GrpcService started, listening on 15007
2024-06-12 03:12:38,262 [JvmPauseMonitor1] INFO  util.JvmPauseMonitor (JvmPauseMonitor.java:run(146)) - JvmPauseMonitor-om1: Started
2024-06-12 03:12:38,262 [main] INFO  om.OzoneManager (OzoneManager.java:start(1666)) - Version File has different layout version (6) than OM DB (null). That is expected if this OM has never been finalized to a newer layout version.
2024-06-12 03:12:38,283 [main] INFO  client.ScmTopologyClient (ScmTopologyClient.java:start(72)) - Initial network topology fetched from SCM: /.
2024-06-12 03:12:38,284 [main] INFO  net.NodeSchemaLoader (NodeSchemaLoader.java:loadSchemaFromFile(129)) - Loading schema from [file:/home/runner/work/ozone/ozone/hadoop-hdds/common/target/classes/network-topology-default.xml]
2024-06-12 03:12:38,284 [main] INFO  net.NodeSchemaLoader (NodeSchemaLoader.java:loadSchema(176)) - Loading network topology layer schema file
2024-06-12 03:12:38,301 [main] INFO  http.BaseHttpServer (BaseHttpServer.java:newHttpServer2BuilderForOzone(223)) - Starting Web-server for ozoneManager at: http://0.0.0.0:15005
2024-06-12 03:12:38,301 [main] INFO  http.BaseHttpServer (BaseHttpServer.java:<init>(110)) - Hadoop Security Enabled: false Ozone Security Enabled: false Ozone HTTP Security Enabled: false 
2024-06-12 03:12:38,303 [main] WARN  server.AuthenticationFilter (AuthenticationFilter.java:constructSecretProvider(240)) - Unable to initialize FileSignerSecretProvider, falling back to use random secrets. Reason: Could not read signature secret file: /home/runner/hadoop-http-auth-signature-secret
2024-06-12 03:12:38,306 [main] INFO  http.HttpRequestLog (HttpRequestLog.java:getRequestLog(86)) - Http request log for http.requests.ozoneManager is not defined
2024-06-12 03:12:38,308 [main] INFO  http.HttpServer2 (HttpServer2.java:addGlobalFilter(1036)) - Added global filter 'safety' (class=org.apache.hadoop.hdds.server.http.HttpServer2$QuotingInputFilter)
2024-06-12 03:12:38,309 [main] INFO  http.HttpServer2 (HttpServer2.java:addFilter(1012)) - Added filter static_user_filter (class=org.apache.hadoop.http.lib.StaticUserWebFilter$StaticUserFilter) to context ozoneManager
2024-06-12 03:12:38,309 [main] INFO  http.HttpServer2 (HttpServer2.java:addFilter(1020)) - Added filter static_user_filter (class=org.apache.hadoop.http.lib.StaticUserWebFilter$StaticUserFilter) to context static
2024-06-12 03:12:38,310 [main] INFO  http.HttpServer2 (HttpServer2.java:addFilter(1020)) - Added filter static_user_filter (class=org.apache.hadoop.http.lib.StaticUserWebFilter$StaticUserFilter) to context logs
2024-06-12 03:12:38,311 [main] INFO  http.BaseHttpServer (BaseHttpServer.java:<init>(189)) - HTTP server of ozoneManager uses base directory /home/runner/work/ozone/ozone/hadoop-ozone/integration-test/target/test-dir/MiniOzoneClusterImpl-2da4ef03-bf4e-4b68-9b16-b615eb45abb7/ozone-meta/webserver
2024-06-12 03:12:38,313 [main] INFO  http.HttpServer2 (HttpServer2.java:bindListener(1236)) - Jetty bound to port 15005
2024-06-12 03:12:38,313 [main] INFO  server.Server (Server.java:doStart(375)) - jetty-9.4.54.v20240208; built: 2024-02-08T19:42:39.027Z; git: cef3fbd6d736a21e7d541a5db490381d95a2047d; jvm 17.0.11+9
2024-06-12 03:12:38,315 [main] INFO  server.session (DefaultSessionIdManager.java:doStart(334)) - DefaultSessionIdManager workerName=node0
2024-06-12 03:12:38,315 [main] INFO  server.session (DefaultSessionIdManager.java:doStart(339)) - No SessionScavenger set, using defaults
2024-06-12 03:12:38,315 [main] INFO  server.session (HouseKeeper.java:startScavenging(132)) - node0 Scavenging every 600000ms
2024-06-12 03:12:38,316 [main] INFO  handler.ContextHandler (ContextHandler.java:doStart(921)) - Started o.e.j.s.ServletContextHandler@47e2a158{logs,/logs,file:///home/runner/work/ozone/ozone/hadoop-ozone/integration-test/target/log,AVAILABLE}
2024-06-12 03:12:38,317 [main] INFO  handler.ContextHandler (ContextHandler.java:doStart(921)) - Started o.e.j.s.ServletContextHandler@1fb66050{static,/static,file:///home/runner/work/ozone/ozone/hadoop-ozone/integration-test/target/test-classes/webapps/static,AVAILABLE}
2024-06-12 03:12:38,326 [main] INFO  handler.ContextHandler (ContextHandler.java:doStart(921)) - Started o.e.j.w.WebAppContext@2dad6fc9{ozoneManager,/,file:///home/runner/work/ozone/ozone/hadoop-ozone/integration-test/target/test-classes/webapps/ozoneManager/,AVAILABLE}{file:/home/runner/work/ozone/ozone/hadoop-ozone/integration-test/target/test-classes/webapps/ozoneManager}
2024-06-12 03:12:38,327 [main] INFO  server.AbstractConnector (AbstractConnector.java:doStart(333)) - Started ServerConnector@65dce54c{HTTP/1.1, (http/1.1)}{0.0.0.0:15005}
2024-06-12 03:12:38,327 [main] INFO  server.Server (Server.java:doStart(415)) - Started @6422ms
2024-06-12 03:12:38,327 [main] WARN  impl.MetricsSystemImpl (MetricsSystemImpl.java:register(279)) - Sink prometheus already exists!
2024-06-12 03:12:38,328 [main] INFO  http.BaseHttpServer (BaseHttpServer.java:updateConnectorAddress(354)) - HTTP server of ozoneManager listening at http://0.0.0.0:15005
2024-06-12 03:12:38,331 [IPC Server Responder] INFO  ipc.Server (Server.java:run(1562)) - IPC Server Responder: starting
2024-06-12 03:12:38,335 [IPC Server listener on 15004] INFO  ipc.Server (Server.java:run(1402)) - IPC Server listener on 15004: starting
2024-06-12 03:12:38,348 [main] INFO  om.OzoneManager (OzoneManager.java:startTrashEmptier(2121)) - Trash Interval set to 0. Files deleted won't move to trash
2024-06-12 03:12:38,357 [main] INFO  db.CodecBuffer (CodecBuffer.java:set(63)) - Successfully set constructor to org.apache.hadoop.hdds.utils.db.CodecBuffer$$Lambda$1152/0x00007f7f287369f0@f0a6b04
2024-06-12 03:12:38,458 [main] WARN  dropwizard3.Dm3MetricRegistriesImpl (Dm3MetricRegistriesImpl.java:addReporterRegistration(113)) - New reporters are added after registries were created. Some metrics will be missing from the reporter. Please add reporter before adding any new registry.
2024-06-12 03:12:38,458 [main] WARN  dropwizard3.Dm3MetricRegistriesImpl (Dm3MetricRegistriesImpl.java:addReporterRegistration(113)) - New reporters are added after registries were created. Some metrics will be missing from the reporter. Please add reporter before adding any new registry.
2024-06-12 03:12:38,459 [main] INFO  impl.MetricsSystemImpl (MetricsSystemImpl.java:init(158)) - HddsDatanode metrics system started (again)
2024-06-12 03:12:38,476 [main] INFO  ozone.HddsDatanodeService (HddsDatanodeService.java:start(237)) - HddsDatanodeService host:fv-az771-543.rk3yhgbdfeeu5pdqztzaatlnyd.ex.internal.cloudapp.net ip:10.1.0.11
2024-06-12 03:12:38,482 [main] INFO  upgrade.AbstractLayoutVersionManager (AbstractLayoutVersionManager.java:init(83)) - Initializing Layout version manager with metadata layout = HADOOP_PRC_PORTS_IN_DATANODEDETAILS (version = 7), software layout = HADOOP_PRC_PORTS_IN_DATANODEDETAILS (version = 7)
2024-06-12 03:12:38,484 [main] INFO  statemachine.DatanodeStateMachine (DatanodeStateMachine.java:getEndPointTaskThreadPoolSize(293)) - Datanode State Machine Task Thread Pool size 2
2024-06-12 03:12:38,529 [main] INFO  volume.HddsVolume (HddsVolume.java:<init>(126)) - Creating HddsVolume: /home/runner/work/ozone/ozone/hadoop-ozone/integration-test/target/test-dir/MiniOzoneClusterImpl-2da4ef03-bf4e-4b68-9b16-b615eb45abb7/ozone-meta/datanode-1/data-0/hdds of storage type : DISK capacity : 9222449699674390527
2024-06-12 03:12:38,531 [main] INFO  volume.MutableVolumeSet (MutableVolumeSet.java:initializeVolumeSet(173)) - Added Volume : /home/runner/work/ozone/ozone/hadoop-ozone/integration-test/target/test-dir/MiniOzoneClusterImpl-2da4ef03-bf4e-4b68-9b16-b615eb45abb7/ozone-meta/datanode-1/data-0/hdds to VolumeSet
2024-06-12 03:12:38,534 [main] INFO  volume.MutableVolumeSet (MutableVolumeSet.java:initializeVolumeSet(173)) - Added Volume : /home/runner/work/ozone/ozone/hadoop-ozone/integration-test/target/test-dir/MiniOzoneClusterImpl-2da4ef03-bf4e-4b68-9b16-b615eb45abb7/ozone-meta/datanode-1/ratis to VolumeSet
2024-06-12 03:12:38,537 [main] INFO  ozoneimpl.OzoneContainer (HddsVolumeUtil.java:loadAllHddsVolumeDbStore(103)) - Load 1 volumes DbStore cost: 0ms
2024-06-12 03:12:38,577 [main] INFO  audit.AuditLogger (AuditLogger.java:refreshDebugCmdSet(135)) - Refresh DebugCmdSet for DNAudit to [].
2024-06-12 03:12:38,597 [main] INFO  server.RaftServer (ConfUtils.java:logGet(46)) - raft.rpc.type = GRPC (default)
2024-06-12 03:12:38,597 [main] INFO  grpc.GrpcConfigKeys (ConfUtils.java:logFallback(53)) - raft.grpc.admin.host = null (fallback to raft.grpc.server.host)
2024-06-12 03:12:38,597 [main] INFO  grpc.GrpcConfigKeys (ConfUtils.java:logGet(46)) - raft.grpc.admin.port = 15013 (custom)
2024-06-12 03:12:38,597 [main] INFO  grpc.GrpcConfigKeys (ConfUtils.java:logFallback(53)) - raft.grpc.client.host = null (fallback to raft.grpc.server.host)
2024-06-12 03:12:38,597 [main] INFO  grpc.GrpcConfigKeys (ConfUtils.java:logGet(46)) - raft.grpc.client.port = 15012 (custom)
2024-06-12 03:12:38,597 [main] INFO  grpc.GrpcConfigKeys (ConfUtils.java:logGet(46)) - raft.grpc.server.host = null (default)
2024-06-12 03:12:38,598 [main] INFO  grpc.GrpcConfigKeys (ConfUtils.java:logGet(46)) - raft.grpc.server.port = 15014 (custom)
2024-06-12 03:12:38,598 [main] INFO  server.GrpcService (ConfUtils.java:logGet(46)) - raft.grpc.message.size.max = 32MB (=33554432) (custom)
2024-06-12 03:12:38,598 [main] INFO  server.RaftServerConfigKeys (ConfUtils.java:logGet(46)) - raft.server.log.appender.buffer.byte-limit = 8388608 (custom)
2024-06-12 03:12:38,598 [main] INFO  server.GrpcService (ConfUtils.java:logGet(46)) - raft.grpc.flow.control.window = 5MB (=5242880) (custom)
2024-06-12 03:12:38,598 [main] INFO  server.RaftServerConfigKeys (ConfUtils.java:logGet(46)) - raft.server.rpc.request.timeout = 60s (custom)
2024-06-12 03:12:38,599 [main] INFO  grpc.GrpcConfigKeys (ConfUtils.java:logGet(46)) - raft.grpc.server.heartbeat.channel = true (default)
2024-06-12 03:12:38,599 [main] INFO  grpc.GrpcConfigKeys (ConfUtils.java:logGet(46)) - raft.grpc.server.async.request.thread.pool.cached = true (default)
2024-06-12 03:12:38,599 [main] INFO  grpc.GrpcConfigKeys (ConfUtils.java:logGet(46)) - raft.grpc.server.async.request.thread.pool.size = 32 (default)
2024-06-12 03:12:38,601 [main] INFO  impl.DataStreamServerImpl (ConfUtils.java:logGet(46)) - raft.datastream.type = NETTY (custom)
2024-06-12 03:12:38,613 [main] INFO  server.RaftServerConfigKeys (ConfUtils.java:logGet(46)) - raft.server.data-stream.async.request.thread.pool.cached = false (default)
2024-06-12 03:12:38,613 [main] INFO  server.RaftServerConfigKeys (ConfUtils.java:logGet(46)) - raft.server.data-stream.async.request.thread.pool.size = 20 (custom)
2024-06-12 03:12:38,613 [main] INFO  server.RaftServerConfigKeys (ConfUtils.java:logGet(46)) - raft.server.data-stream.async.write.thread.pool.size = 16 (default)
2024-06-12 03:12:38,614 [main] INFO  netty.NettyConfigKeys$DataStream (ConfUtils.java:logGet(46)) - raft.netty.dataStream.server.channel.inactive.grace-period = 10min (default)
2024-06-12 03:12:38,615 [main] INFO  server.RaftServerConfigKeys (ConfUtils.java:logGet(46)) - raft.server.data-stream.client.pool.size = 10 (default)
2024-06-12 03:12:38,617 [main] INFO  netty.NettyConfigKeys$DataStream (ConfUtils.java:logGet(46)) - raft.netty.dataStream.server.use-epoll = true (default)
2024-06-12 03:12:38,624 [main] INFO  netty.NettyConfigKeys$DataStream (ConfUtils.java:logGet(46)) - raft.netty.dataStream.server.boss-group.size = 0 (default)
2024-06-12 03:12:38,625 [main] INFO  netty.NettyUtils (NettyUtils.java:newEventLoopGroup(69)) - Create EpollEventLoopGroup for 4ff6fc3e-a64b-47a9-abec-2b416c3c87bd-NettyServerStreamRpc-bossGroup; Thread size is 0.
2024-06-12 03:12:38,626 [main] INFO  netty.NettyConfigKeys$DataStream (ConfUtils.java:logGet(46)) - raft.netty.dataStream.server.worker-group.size = 0 (default)
2024-06-12 03:12:38,627 [main] INFO  netty.NettyUtils (NettyUtils.java:newEventLoopGroup(69)) - Create EpollEventLoopGroup for 4ff6fc3e-a64b-47a9-abec-2b416c3c87bd-NettyServerStreamRpc-workerGroup; Thread size is 0.
2024-06-12 03:12:38,627 [main] INFO  netty.NettyConfigKeys$DataStream (ConfUtils.java:logGet(46)) - raft.netty.dataStream.server.tls.conf = null (default)
2024-06-12 03:12:38,628 [main] INFO  netty.NettyConfigKeys$DataStream (ConfUtils.java:logGet(46)) - raft.netty.dataStream.host = null (default)
2024-06-12 03:12:38,629 [main] INFO  netty.NettyConfigKeys$DataStream (ConfUtils.java:logGet(46)) - raft.netty.dataStream.port = 15015 (custom)
2024-06-12 03:12:38,632 [main] INFO  server.RaftServerConfigKeys (ConfUtils.java:logGet(46)) - raft.server.sleep.deviation.threshold = 300ms (default)
2024-06-12 03:12:38,632 [main] INFO  server.RaftServerConfigKeys (ConfUtils.java:logGet(46)) - raft.server.close.threshold = 60s (default)
2024-06-12 03:12:38,633 [main] INFO  server.RaftServerConfigKeys (ConfUtils.java:logGet(46)) - raft.server.leaderelection.leader.step-down.wait-time = 10s (default)
2024-06-12 03:12:38,635 [main] INFO  server.RaftServerConfigKeys (ConfUtils.java:logGet(46)) - raft.server.storage.dir = [/home/runner/work/ozone/ozone/hadoop-ozone/integration-test/target/test-dir/MiniOzoneClusterImpl-2da4ef03-bf4e-4b68-9b16-b615eb45abb7/ozone-meta/datanode-1/ratis] (custom)
2024-06-12 03:12:38,635 [main] INFO  server.RaftServerConfigKeys (ConfUtils.java:logGet(46)) - raft.server.threadpool.proxy.cached = true (default)
2024-06-12 03:12:38,635 [main] INFO  server.RaftServerConfigKeys (ConfUtils.java:logGet(46)) - raft.server.threadpool.proxy.size = 0 (default)
2024-06-12 03:12:38,638 [4ff6fc3e-a64b-47a9-abec-2b416c3c87bd-NettyServerStreamRpc-bossGroup--thread1] INFO  logging.LoggingHandler (AbstractInternalLogger.java:log(148)) - [id: 0xc3486180] REGISTERED
2024-06-12 03:12:38,638 [4ff6fc3e-a64b-47a9-abec-2b416c3c87bd-NettyServerStreamRpc-bossGroup--thread1] INFO  logging.LoggingHandler (AbstractInternalLogger.java:log(148)) - [id: 0xc3486180] BIND: 0.0.0.0/0.0.0.0:15015
2024-06-12 03:12:38,638 [4ff6fc3e-a64b-47a9-abec-2b416c3c87bd-NettyServerStreamRpc-bossGroup--thread1] INFO  logging.LoggingHandler (AbstractInternalLogger.java:log(148)) - [id: 0xc3486180, L:/0.0.0.0:15015] ACTIVE
2024-06-12 03:12:38,639 [4ff6fc3e-a64b-47a9-abec-2b416c3c87bd-impl-thread1] INFO  server.RaftServer (RaftServerProxy.java:initGroupDir(264)) - 4ff6fc3e-a64b-47a9-abec-2b416c3c87bd: found a subdirectory /home/runner/work/ozone/ozone/hadoop-ozone/integration-test/target/test-dir/MiniOzoneClusterImpl-2da4ef03-bf4e-4b68-9b16-b615eb45abb7/ozone-meta/datanode-1/ratis/tmp
2024-06-12 03:12:38,639 [4ff6fc3e-a64b-47a9-abec-2b416c3c87bd-impl-thread1] INFO  server.RaftServer (RaftServerProxy.java:initGroupDir(269)) - 4ff6fc3e-a64b-47a9-abec-2b416c3c87bd: The directory /home/runner/work/ozone/ozone/hadoop-ozone/integration-test/target/test-dir/MiniOzoneClusterImpl-2da4ef03-bf4e-4b68-9b16-b615eb45abb7/ozone-meta/datanode-1/ratis/tmp is not a group directory; ignoring it. 
2024-06-12 03:12:38,641 [main] INFO  replication.ReplicationServer (ReplicationServer.java:<init>(86)) - Initializing replication server with thread count = 10 queue length = 4096
2024-06-12 03:12:38,661 [main] INFO  server.XceiverServerGrpc (XceiverServerGrpc.java:<init>(141)) - GrpcServer channel type EpollServerSocketChannel
2024-06-12 03:12:38,694 [main] INFO  replication.ReplicationSupervisor (ReplicationSupervisor.java:build(157)) - Initializing replication supervisor with thread count = 10
2024-06-12 03:12:38,695 [main] INFO  replication.ReplicationSupervisor (ReplicationSupervisor.java:nodeStateUpdated(312)) - Node state updated to IN_SERVICE, scaling executor pool size to 10
2024-06-12 03:12:38,749 [main] INFO  http.BaseHttpServer (BaseHttpServer.java:newHttpServer2BuilderForOzone(223)) - Starting Web-server for hddsDatanode at: http://0.0.0.0:15009
2024-06-12 03:12:38,750 [main] INFO  http.BaseHttpServer (BaseHttpServer.java:<init>(110)) - Hadoop Security Enabled: false Ozone Security Enabled: false Ozone HTTP Security Enabled: false 
2024-06-12 03:12:38,752 [main] WARN  server.AuthenticationFilter (AuthenticationFilter.java:constructSecretProvider(240)) - Unable to initialize FileSignerSecretProvider, falling back to use random secrets. Reason: Could not read signature secret file: /home/runner/hadoop-http-auth-signature-secret
2024-06-12 03:12:38,754 [main] INFO  http.HttpRequestLog (HttpRequestLog.java:getRequestLog(86)) - Http request log for http.requests.hddsDatanode is not defined
2024-06-12 03:12:38,757 [main] INFO  http.HttpServer2 (HttpServer2.java:addGlobalFilter(1036)) - Added global filter 'safety' (class=org.apache.hadoop.hdds.server.http.HttpServer2$QuotingInputFilter)
2024-06-12 03:12:38,758 [main] INFO  http.HttpServer2 (HttpServer2.java:addFilter(1012)) - Added filter static_user_filter (class=org.apache.hadoop.http.lib.StaticUserWebFilter$StaticUserFilter) to context hddsDatanode
2024-06-12 03:12:38,758 [main] INFO  http.HttpServer2 (HttpServer2.java:addFilter(1020)) - Added filter static_user_filter (class=org.apache.hadoop.http.lib.StaticUserWebFilter$StaticUserFilter) to context static
2024-06-12 03:12:38,758 [main] INFO  http.HttpServer2 (HttpServer2.java:addFilter(1020)) - Added filter static_user_filter (class=org.apache.hadoop.http.lib.StaticUserWebFilter$StaticUserFilter) to context logs
2024-06-12 03:12:38,759 [main] INFO  http.BaseHttpServer (BaseHttpServer.java:<init>(189)) - HTTP server of hddsDatanode uses base directory /home/runner/work/ozone/ozone/hadoop-ozone/integration-test/target/test-dir/MiniOzoneClusterImpl-2da4ef03-bf4e-4b68-9b16-b615eb45abb7/ozone-meta/datanode-1/meta/webserver
2024-06-12 03:12:38,760 [main] INFO  http.HttpServer2 (HttpServer2.java:bindListener(1236)) - Jetty bound to port 15009
2024-06-12 03:12:38,760 [main] INFO  server.Server (Server.java:doStart(375)) - jetty-9.4.54.v20240208; built: 2024-02-08T19:42:39.027Z; git: cef3fbd6d736a21e7d541a5db490381d95a2047d; jvm 17.0.11+9
2024-06-12 03:12:38,766 [main] INFO  server.session (DefaultSessionIdManager.java:doStart(334)) - DefaultSessionIdManager workerName=node0
2024-06-12 03:12:38,766 [main] INFO  server.session (DefaultSessionIdManager.java:doStart(339)) - No SessionScavenger set, using defaults
2024-06-12 03:12:38,766 [main] INFO  server.session (HouseKeeper.java:startScavenging(132)) - node0 Scavenging every 660000ms
2024-06-12 03:12:38,767 [main] INFO  handler.ContextHandler (ContextHandler.java:doStart(921)) - Started o.e.j.s.ServletContextHandler@5c10216f{logs,/logs,file:///home/runner/work/ozone/ozone/hadoop-ozone/integration-test/target/log,AVAILABLE}
2024-06-12 03:12:38,767 [main] INFO  handler.ContextHandler (ContextHandler.java:doStart(921)) - Started o.e.j.s.ServletContextHandler@53534c15{static,/static,file:///home/runner/work/ozone/ozone/hadoop-hdds/container-service/target/classes/webapps/static,AVAILABLE}
2024-06-12 03:12:38,772 [main] INFO  handler.ContextHandler (ContextHandler.java:doStart(921)) - Started o.e.j.w.WebAppContext@4c082a7d{hddsDatanode,/,file:///home/runner/work/ozone/ozone/hadoop-hdds/container-service/target/classes/webapps/hddsDatanode/,AVAILABLE}{file:/home/runner/work/ozone/ozone/hadoop-hdds/container-service/target/classes/webapps/hddsDatanode}
2024-06-12 03:12:38,773 [main] INFO  server.AbstractConnector (AbstractConnector.java:doStart(333)) - Started ServerConnector@69b9ea1d{HTTP/1.1, (http/1.1)}{0.0.0.0:15009}
2024-06-12 03:12:38,773 [main] INFO  server.Server (Server.java:doStart(415)) - Started @6868ms
2024-06-12 03:12:38,773 [main] WARN  impl.MetricsSystemImpl (MetricsSystemImpl.java:register(279)) - Sink prometheus already exists!
2024-06-12 03:12:38,774 [main] INFO  http.BaseHttpServer (BaseHttpServer.java:updateConnectorAddress(354)) - HTTP server of hddsDatanode listening at http://0.0.0.0:15009
2024-06-12 03:12:38,777 [main] INFO  ipc.CallQueueManager (CallQueueManager.java:<init>(90)) - Using callQueue: class java.util.concurrent.LinkedBlockingQueue, queueCapacity: 100, scheduler: class org.apache.hadoop.ipc.DefaultRpcScheduler, ipcBackoff: false.
2024-06-12 03:12:38,777 [main] INFO  ipc.Server (Server.java:<init>(1287)) - Listener at 0.0.0.0:15010
2024-06-12 03:12:38,777 [Socket Reader #1 for port 15010] INFO  ipc.Server (Server.java:run(1323)) - Starting Socket Reader #1 for port 15010
2024-06-12 03:12:38,781 [main] INFO  ozone.HddsDatanodeService (HddsDatanodeService.java:start(321)) - Datanode start with admins: [runner]
2024-06-12 03:12:38,781 [main] INFO  ozone.HddsDatanodeClientProtocolServer (HddsDatanodeClientProtocolServer.java:start(77)) - RPC server for Client /0.0.0.0:15010
2024-06-12 03:12:38,781 [IPC Server Responder] INFO  ipc.Server (Server.java:run(1562)) - IPC Server Responder: starting
2024-06-12 03:12:38,785 [IPC Server listener on 15010] INFO  ipc.Server (Server.java:run(1402)) - IPC Server listener on 15010: starting
2024-06-12 03:12:38,786 [4ff6fc3e-a64b-47a9-abec-2b416c3c87bd-DatanodeStateMachineDaemonThread] INFO  statemachine.DatanodeStateMachine (DatanodeStateMachine.java:lambda$startDaemon$1(545)) - Ozone container server started.
2024-06-12 03:12:38,786 [main] WARN  dropwizard3.Dm3MetricRegistriesImpl (Dm3MetricRegistriesImpl.java:addReporterRegistration(113)) - New reporters are added after registries were created. Some metrics will be missing from the reporter. Please add reporter before adding any new registry.
2024-06-12 03:12:38,786 [main] WARN  dropwizard3.Dm3MetricRegistriesImpl (Dm3MetricRegistriesImpl.java:addReporterRegistration(113)) - New reporters are added after registries were created. Some metrics will be missing from the reporter. Please add reporter before adding any new registry.
2024-06-12 03:12:38,786 [main] INFO  impl.MetricsSystemImpl (MetricsSystemImpl.java:init(158)) - HddsDatanode metrics system started (again)
2024-06-12 03:12:38,801 [main] INFO  ozone.HddsDatanodeService (HddsDatanodeService.java:start(237)) - HddsDatanodeService host:fv-az771-543.rk3yhgbdfeeu5pdqztzaatlnyd.ex.internal.cloudapp.net ip:10.1.0.11
2024-06-12 03:12:38,809 [main] INFO  upgrade.AbstractLayoutVersionManager (AbstractLayoutVersionManager.java:init(83)) - Initializing Layout version manager with metadata layout = HADOOP_PRC_PORTS_IN_DATANODEDETAILS (version = 7), software layout = HADOOP_PRC_PORTS_IN_DATANODEDETAILS (version = 7)
2024-06-12 03:12:38,812 [main] INFO  statemachine.DatanodeStateMachine (DatanodeStateMachine.java:getEndPointTaskThreadPoolSize(293)) - Datanode State Machine Task Thread Pool size 2
2024-06-12 03:12:38,816 [main] INFO  volume.HddsVolume (HddsVolume.java:<init>(126)) - Creating HddsVolume: /home/runner/work/ozone/ozone/hadoop-ozone/integration-test/target/test-dir/MiniOzoneClusterImpl-2da4ef03-bf4e-4b68-9b16-b615eb45abb7/ozone-meta/datanode-2/data-0/hdds of storage type : DISK capacity : 9222449699674390527
2024-06-12 03:12:38,817 [main] INFO  volume.MutableVolumeSet (MutableVolumeSet.java:initializeVolumeSet(173)) - Added Volume : /home/runner/work/ozone/ozone/hadoop-ozone/integration-test/target/test-dir/MiniOzoneClusterImpl-2da4ef03-bf4e-4b68-9b16-b615eb45abb7/ozone-meta/datanode-2/data-0/hdds to VolumeSet
2024-06-12 03:12:38,818 [main] INFO  volume.MutableVolumeSet (MutableVolumeSet.java:initializeVolumeSet(173)) - Added Volume : /home/runner/work/ozone/ozone/hadoop-ozone/integration-test/target/test-dir/MiniOzoneClusterImpl-2da4ef03-bf4e-4b68-9b16-b615eb45abb7/ozone-meta/datanode-2/ratis to VolumeSet
2024-06-12 03:12:38,819 [main] INFO  ozoneimpl.OzoneContainer (HddsVolumeUtil.java:loadAllHddsVolumeDbStore(103)) - Load 1 volumes DbStore cost: 0ms
2024-06-12 03:12:38,824 [main] INFO  server.RaftServer (ConfUtils.java:logGet(46)) - raft.rpc.type = GRPC (default)
2024-06-12 03:12:38,824 [main] INFO  grpc.GrpcConfigKeys (ConfUtils.java:logFallback(53)) - raft.grpc.admin.host = null (fallback to raft.grpc.server.host)
2024-06-12 03:12:38,824 [main] INFO  grpc.GrpcConfigKeys (ConfUtils.java:logGet(46)) - raft.grpc.admin.port = 15022 (custom)
2024-06-12 03:12:38,825 [main] INFO  grpc.GrpcConfigKeys (ConfUtils.java:logFallback(53)) - raft.grpc.client.host = null (fallback to raft.grpc.server.host)
2024-06-12 03:12:38,825 [main] INFO  grpc.GrpcConfigKeys (ConfUtils.java:logGet(46)) - raft.grpc.client.port = 15021 (custom)
2024-06-12 03:12:38,825 [main] INFO  grpc.GrpcConfigKeys (ConfUtils.java:logGet(46)) - raft.grpc.server.host = null (default)
2024-06-12 03:12:38,825 [main] INFO  grpc.GrpcConfigKeys (ConfUtils.java:logGet(46)) - raft.grpc.server.port = 15023 (custom)
2024-06-12 03:12:38,826 [main] INFO  server.GrpcService (ConfUtils.java:logGet(46)) - raft.grpc.message.size.max = 32MB (=33554432) (custom)
2024-06-12 03:12:38,826 [main] INFO  server.RaftServerConfigKeys (ConfUtils.java:logGet(46)) - raft.server.log.appender.buffer.byte-limit = 8388608 (custom)
2024-06-12 03:12:38,826 [main] INFO  server.GrpcService (ConfUtils.java:logGet(46)) - raft.grpc.flow.control.window = 5MB (=5242880) (custom)
2024-06-12 03:12:38,826 [main] INFO  server.RaftServerConfigKeys (ConfUtils.java:logGet(46)) - raft.server.rpc.request.timeout = 60s (custom)
2024-06-12 03:12:38,827 [main] INFO  grpc.GrpcConfigKeys (ConfUtils.java:logGet(46)) - raft.grpc.server.heartbeat.channel = true (default)
2024-06-12 03:12:38,827 [main] INFO  grpc.GrpcConfigKeys (ConfUtils.java:logGet(46)) - raft.grpc.server.async.request.thread.pool.cached = true (default)
2024-06-12 03:12:38,827 [main] INFO  grpc.GrpcConfigKeys (ConfUtils.java:logGet(46)) - raft.grpc.server.async.request.thread.pool.size = 32 (default)
2024-06-12 03:12:38,830 [main] INFO  impl.DataStreamServerImpl (ConfUtils.java:logGet(46)) - raft.datastream.type = NETTY (custom)
2024-06-12 03:12:38,831 [main] INFO  server.RaftServerConfigKeys (ConfUtils.java:logGet(46)) - raft.server.data-stream.async.request.thread.pool.cached = false (default)
2024-06-12 03:12:38,831 [main] INFO  server.RaftServerConfigKeys (ConfUtils.java:logGet(46)) - raft.server.data-stream.async.request.thread.pool.size = 20 (custom)
2024-06-12 03:12:38,832 [main] INFO  server.RaftServerConfigKeys (ConfUtils.java:logGet(46)) - raft.server.data-stream.async.write.thread.pool.size = 16 (default)
2024-06-12 03:12:38,832 [main] INFO  netty.NettyConfigKeys$DataStream (ConfUtils.java:logGet(46)) - raft.netty.dataStream.server.channel.inactive.grace-period = 10min (default)
2024-06-12 03:12:38,832 [main] INFO  server.RaftServerConfigKeys (ConfUtils.java:logGet(46)) - raft.server.data-stream.client.pool.size = 10 (default)
2024-06-12 03:12:38,832 [main] INFO  netty.NettyConfigKeys$DataStream (ConfUtils.java:logGet(46)) - raft.netty.dataStream.server.use-epoll = true (default)
2024-06-12 03:12:38,832 [main] INFO  netty.NettyConfigKeys$DataStream (ConfUtils.java:logGet(46)) - raft.netty.dataStream.server.boss-group.size = 0 (default)
2024-06-12 03:12:38,833 [main] INFO  netty.NettyUtils (NettyUtils.java:newEventLoopGroup(69)) - Create EpollEventLoopGroup for 15a53066-cbd8-4f19-b9a5-7cdb9ae22392-NettyServerStreamRpc-bossGroup; Thread size is 0.
2024-06-12 03:12:38,834 [main] INFO  netty.NettyConfigKeys$DataStream (ConfUtils.java:logGet(46)) - raft.netty.dataStream.server.worker-group.size = 0 (default)
2024-06-12 03:12:38,834 [main] INFO  netty.NettyUtils (NettyUtils.java:newEventLoopGroup(69)) - Create EpollEventLoopGroup for 15a53066-cbd8-4f19-b9a5-7cdb9ae22392-NettyServerStreamRpc-workerGroup; Thread size is 0.
2024-06-12 03:12:38,861 [main] INFO  netty.NettyConfigKeys$DataStream (ConfUtils.java:logGet(46)) - raft.netty.dataStream.server.tls.conf = null (default)
2024-06-12 03:12:38,863 [main] INFO  netty.NettyConfigKeys$DataStream (ConfUtils.java:logGet(46)) - raft.netty.dataStream.host = null (default)
2024-06-12 03:12:38,863 [main] INFO  netty.NettyConfigKeys$DataStream (ConfUtils.java:logGet(46)) - raft.netty.dataStream.port = 15024 (custom)
2024-06-12 03:12:38,866 [main] INFO  server.RaftServerConfigKeys (ConfUtils.java:logGet(46)) - raft.server.sleep.deviation.threshold = 300ms (default)
2024-06-12 03:12:38,866 [main] INFO  server.RaftServerConfigKeys (ConfUtils.java:logGet(46)) - raft.server.close.threshold = 60s (default)
2024-06-12 03:12:38,867 [main] INFO  server.RaftServerConfigKeys (ConfUtils.java:logGet(46)) - raft.server.leaderelection.leader.step-down.wait-time = 10s (default)
2024-06-12 03:12:38,868 [main] INFO  server.RaftServerConfigKeys (ConfUtils.java:logGet(46)) - raft.server.storage.dir = [/home/runner/work/ozone/ozone/hadoop-ozone/integration-test/target/test-dir/MiniOzoneClusterImpl-2da4ef03-bf4e-4b68-9b16-b615eb45abb7/ozone-meta/datanode-2/ratis] (custom)
2024-06-12 03:12:38,870 [main] INFO  server.RaftServerConfigKeys (ConfUtils.java:logGet(46)) - raft.server.threadpool.proxy.cached = true (default)
2024-06-12 03:12:38,871 [main] INFO  server.RaftServerConfigKeys (ConfUtils.java:logGet(46)) - raft.server.threadpool.proxy.size = 0 (default)
2024-06-12 03:12:38,872 [15a53066-cbd8-4f19-b9a5-7cdb9ae22392-NettyServerStreamRpc-bossGroup--thread1] INFO  logging.LoggingHandler (AbstractInternalLogger.java:log(148)) - [id: 0x6be1b752] REGISTERED
2024-06-12 03:12:38,872 [15a53066-cbd8-4f19-b9a5-7cdb9ae22392-NettyServerStreamRpc-bossGroup--thread1] INFO  logging.LoggingHandler (AbstractInternalLogger.java:log(148)) - [id: 0x6be1b752] BIND: 0.0.0.0/0.0.0.0:15024
2024-06-12 03:12:38,872 [15a53066-cbd8-4f19-b9a5-7cdb9ae22392-NettyServerStreamRpc-bossGroup--thread1] INFO  logging.LoggingHandler (AbstractInternalLogger.java:log(148)) - [id: 0x6be1b752, L:/0.0.0.0:15024] ACTIVE
2024-06-12 03:12:38,873 [15a53066-cbd8-4f19-b9a5-7cdb9ae22392-impl-thread1] INFO  server.RaftServer (RaftServerProxy.java:initGroupDir(264)) - 15a53066-cbd8-4f19-b9a5-7cdb9ae22392: found a subdirectory /home/runner/work/ozone/ozone/hadoop-ozone/integration-test/target/test-dir/MiniOzoneClusterImpl-2da4ef03-bf4e-4b68-9b16-b615eb45abb7/ozone-meta/datanode-2/ratis/tmp
2024-06-12 03:12:38,875 [15a53066-cbd8-4f19-b9a5-7cdb9ae22392-impl-thread1] INFO  server.RaftServer (RaftServerProxy.java:initGroupDir(269)) - 15a53066-cbd8-4f19-b9a5-7cdb9ae22392: The directory /home/runner/work/ozone/ozone/hadoop-ozone/integration-test/target/test-dir/MiniOzoneClusterImpl-2da4ef03-bf4e-4b68-9b16-b615eb45abb7/ozone-meta/datanode-2/ratis/tmp is not a group directory; ignoring it. 
2024-06-12 03:12:38,875 [main] INFO  replication.ReplicationServer (ReplicationServer.java:<init>(86)) - Initializing replication server with thread count = 10 queue length = 4096
2024-06-12 03:12:38,877 [main] INFO  server.XceiverServerGrpc (XceiverServerGrpc.java:<init>(141)) - GrpcServer channel type EpollServerSocketChannel
2024-06-12 03:12:38,880 [main] INFO  replication.ReplicationSupervisor (ReplicationSupervisor.java:build(157)) - Initializing replication supervisor with thread count = 10
2024-06-12 03:12:38,881 [main] INFO  replication.ReplicationSupervisor (ReplicationSupervisor.java:nodeStateUpdated(312)) - Node state updated to IN_SERVICE, scaling executor pool size to 10
2024-06-12 03:12:38,889 [4ff6fc3e-a64b-47a9-abec-2b416c3c87bd-DatanodeStateMachineTaskThread-0] INFO  datanode.InitDatanodeState (InitDatanodeState.java:persistContainerDatanodeDetails(139)) - DatanodeDetails is persisted to /home/runner/work/ozone/ozone/hadoop-ozone/integration-test/target/test-dir/MiniOzoneClusterImpl-2da4ef03-bf4e-4b68-9b16-b615eb45abb7/ozone-meta/datanode-1/meta/datanode.id
2024-06-12 03:12:38,890 [main] INFO  http.BaseHttpServer (BaseHttpServer.java:newHttpServer2BuilderForOzone(223)) - Starting Web-server for hddsDatanode at: http://0.0.0.0:15018
2024-06-12 03:12:38,890 [main] INFO  http.BaseHttpServer (BaseHttpServer.java:<init>(110)) - Hadoop Security Enabled: false Ozone Security Enabled: false Ozone HTTP Security Enabled: false 
2024-06-12 03:12:38,891 [main] WARN  server.AuthenticationFilter (AuthenticationFilter.java:constructSecretProvider(240)) - Unable to initialize FileSignerSecretProvider, falling back to use random secrets. Reason: Could not read signature secret file: /home/runner/hadoop-http-auth-signature-secret
2024-06-12 03:12:38,892 [main] INFO  http.HttpRequestLog (HttpRequestLog.java:getRequestLog(86)) - Http request log for http.requests.hddsDatanode is not defined
2024-06-12 03:12:38,893 [main] INFO  http.HttpServer2 (HttpServer2.java:addGlobalFilter(1036)) - Added global filter 'safety' (class=org.apache.hadoop.hdds.server.http.HttpServer2$QuotingInputFilter)
2024-06-12 03:12:38,894 [main] INFO  http.HttpServer2 (HttpServer2.java:addFilter(1012)) - Added filter static_user_filter (class=org.apache.hadoop.http.lib.StaticUserWebFilter$StaticUserFilter) to context hddsDatanode
2024-06-12 03:12:38,894 [main] INFO  http.HttpServer2 (HttpServer2.java:addFilter(1020)) - Added filter static_user_filter (class=org.apache.hadoop.http.lib.StaticUserWebFilter$StaticUserFilter) to context logs
2024-06-12 03:12:38,894 [main] INFO  http.HttpServer2 (HttpServer2.java:addFilter(1020)) - Added filter static_user_filter (class=org.apache.hadoop.http.lib.StaticUserWebFilter$StaticUserFilter) to context static
2024-06-12 03:12:38,896 [main] INFO  http.BaseHttpServer (BaseHttpServer.java:<init>(189)) - HTTP server of hddsDatanode uses base directory /home/runner/work/ozone/ozone/hadoop-ozone/integration-test/target/test-dir/MiniOzoneClusterImpl-2da4ef03-bf4e-4b68-9b16-b615eb45abb7/ozone-meta/datanode-2/meta/webserver
2024-06-12 03:12:38,897 [main] INFO  http.HttpServer2 (HttpServer2.java:bindListener(1236)) - Jetty bound to port 15018
2024-06-12 03:12:38,897 [main] INFO  server.Server (Server.java:doStart(375)) - jetty-9.4.54.v20240208; built: 2024-02-08T19:42:39.027Z; git: cef3fbd6d736a21e7d541a5db490381d95a2047d; jvm 17.0.11+9
2024-06-12 03:12:38,898 [main] INFO  server.session (DefaultSessionIdManager.java:doStart(334)) - DefaultSessionIdManager workerName=node0
2024-06-12 03:12:38,899 [main] INFO  server.session (DefaultSessionIdManager.java:doStart(339)) - No SessionScavenger set, using defaults
2024-06-12 03:12:38,899 [main] INFO  server.session (HouseKeeper.java:startScavenging(132)) - node0 Scavenging every 600000ms
2024-06-12 03:12:38,902 [main] INFO  handler.ContextHandler (ContextHandler.java:doStart(921)) - Started o.e.j.s.ServletContextHandler@43874120{logs,/logs,file:///home/runner/work/ozone/ozone/hadoop-ozone/integration-test/target/log,AVAILABLE}
2024-06-12 03:12:38,902 [main] INFO  handler.ContextHandler (ContextHandler.java:doStart(921)) - Started o.e.j.s.ServletContextHandler@7bdfd631{static,/static,file:///home/runner/work/ozone/ozone/hadoop-hdds/container-service/target/classes/webapps/static,AVAILABLE}
2024-06-12 03:12:38,906 [main] INFO  handler.ContextHandler (ContextHandler.java:doStart(921)) - Started o.e.j.w.WebAppContext@137fb1a1{hddsDatanode,/,file:///home/runner/work/ozone/ozone/hadoop-hdds/container-service/target/classes/webapps/hddsDatanode/,AVAILABLE}{file:/home/runner/work/ozone/ozone/hadoop-hdds/container-service/target/classes/webapps/hddsDatanode}
2024-06-12 03:12:38,907 [main] INFO  server.AbstractConnector (AbstractConnector.java:doStart(333)) - Started ServerConnector@63cde372{HTTP/1.1, (http/1.1)}{0.0.0.0:15018}
2024-06-12 03:12:38,907 [main] INFO  server.Server (Server.java:doStart(415)) - Started @7002ms
2024-06-12 03:12:38,907 [main] WARN  impl.MetricsSystemImpl (MetricsSystemImpl.java:register(279)) - Sink prometheus already exists!
2024-06-12 03:12:38,908 [main] INFO  http.BaseHttpServer (BaseHttpServer.java:updateConnectorAddress(354)) - HTTP server of hddsDatanode listening at http://0.0.0.0:15018
2024-06-12 03:12:38,908 [main] INFO  ipc.CallQueueManager (CallQueueManager.java:<init>(90)) - Using callQueue: class java.util.concurrent.LinkedBlockingQueue, queueCapacity: 100, scheduler: class org.apache.hadoop.ipc.DefaultRpcScheduler, ipcBackoff: false.
2024-06-12 03:12:38,908 [main] INFO  ipc.Server (Server.java:<init>(1287)) - Listener at 0.0.0.0:15019
2024-06-12 03:12:38,909 [Socket Reader #1 for port 15019] INFO  ipc.Server (Server.java:run(1323)) - Starting Socket Reader #1 for port 15019
2024-06-12 03:12:38,911 [main] INFO  ozone.HddsDatanodeService (HddsDatanodeService.java:start(321)) - Datanode start with admins: [runner]
2024-06-12 03:12:38,911 [main] INFO  ozone.HddsDatanodeClientProtocolServer (HddsDatanodeClientProtocolServer.java:start(77)) - RPC server for Client /0.0.0.0:15019
2024-06-12 03:12:38,912 [IPC Server Responder] INFO  ipc.Server (Server.java:run(1562)) - IPC Server Responder: starting
2024-06-12 03:12:38,915 [IPC Server listener on 15019] INFO  ipc.Server (Server.java:run(1402)) - IPC Server listener on 15019: starting
2024-06-12 03:12:38,917 [main] WARN  dropwizard3.Dm3MetricRegistriesImpl (Dm3MetricRegistriesImpl.java:addReporterRegistration(113)) - New reporters are added after registries were created. Some metrics will be missing from the reporter. Please add reporter before adding any new registry.
2024-06-12 03:12:38,917 [main] WARN  dropwizard3.Dm3MetricRegistriesImpl (Dm3MetricRegistriesImpl.java:addReporterRegistration(113)) - New reporters are added after registries were created. Some metrics will be missing from the reporter. Please add reporter before adding any new registry.
2024-06-12 03:12:38,918 [main] INFO  impl.MetricsSystemImpl (MetricsSystemImpl.java:init(158)) - HddsDatanode metrics system started (again)
2024-06-12 03:12:38,922 [15a53066-cbd8-4f19-b9a5-7cdb9ae22392-DatanodeStateMachineDaemonThread] INFO  statemachine.DatanodeStateMachine (DatanodeStateMachine.java:lambda$startDaemon$1(545)) - Ozone container server started.
2024-06-12 03:12:38,930 [main] INFO  ozone.HddsDatanodeService (HddsDatanodeService.java:start(237)) - HddsDatanodeService host:fv-az771-543.rk3yhgbdfeeu5pdqztzaatlnyd.ex.internal.cloudapp.net ip:10.1.0.11
2024-06-12 03:12:38,932 [15a53066-cbd8-4f19-b9a5-7cdb9ae22392-DatanodeStateMachineTaskThread-0] INFO  datanode.InitDatanodeState (InitDatanodeState.java:persistContainerDatanodeDetails(139)) - DatanodeDetails is persisted to /home/runner/work/ozone/ozone/hadoop-ozone/integration-test/target/test-dir/MiniOzoneClusterImpl-2da4ef03-bf4e-4b68-9b16-b615eb45abb7/ozone-meta/datanode-2/meta/datanode.id
2024-06-12 03:12:38,933 [main] INFO  upgrade.AbstractLayoutVersionManager (AbstractLayoutVersionManager.java:init(83)) - Initializing Layout version manager with metadata layout = HADOOP_PRC_PORTS_IN_DATANODEDETAILS (version = 7), software layout = HADOOP_PRC_PORTS_IN_DATANODEDETAILS (version = 7)
2024-06-12 03:12:38,934 [main] INFO  statemachine.DatanodeStateMachine (DatanodeStateMachine.java:getEndPointTaskThreadPoolSize(293)) - Datanode State Machine Task Thread Pool size 2
2024-06-12 03:12:38,937 [main] INFO  volume.HddsVolume (HddsVolume.java:<init>(126)) - Creating HddsVolume: /home/runner/work/ozone/ozone/hadoop-ozone/integration-test/target/test-dir/MiniOzoneClusterImpl-2da4ef03-bf4e-4b68-9b16-b615eb45abb7/ozone-meta/datanode-3/data-0/hdds of storage type : DISK capacity : 9222449699674390527
2024-06-12 03:12:38,938 [main] INFO  volume.MutableVolumeSet (MutableVolumeSet.java:initializeVolumeSet(173)) - Added Volume : /home/runner/work/ozone/ozone/hadoop-ozone/integration-test/target/test-dir/MiniOzoneClusterImpl-2da4ef03-bf4e-4b68-9b16-b615eb45abb7/ozone-meta/datanode-3/data-0/hdds to VolumeSet
2024-06-12 03:12:38,939 [main] INFO  volume.MutableVolumeSet (MutableVolumeSet.java:initializeVolumeSet(173)) - Added Volume : /home/runner/work/ozone/ozone/hadoop-ozone/integration-test/target/test-dir/MiniOzoneClusterImpl-2da4ef03-bf4e-4b68-9b16-b615eb45abb7/ozone-meta/datanode-3/ratis to VolumeSet
2024-06-12 03:12:38,940 [main] INFO  ozoneimpl.OzoneContainer (HddsVolumeUtil.java:loadAllHddsVolumeDbStore(103)) - Load 1 volumes DbStore cost: 0ms
2024-06-12 03:12:38,945 [main] INFO  server.RaftServer (ConfUtils.java:logGet(46)) - raft.rpc.type = GRPC (default)
2024-06-12 03:12:38,945 [main] INFO  grpc.GrpcConfigKeys (ConfUtils.java:logFallback(53)) - raft.grpc.admin.host = null (fallback to raft.grpc.server.host)
2024-06-12 03:12:38,945 [main] INFO  grpc.GrpcConfigKeys (ConfUtils.java:logGet(46)) - raft.grpc.admin.port = 15031 (custom)
2024-06-12 03:12:38,946 [main] INFO  grpc.GrpcConfigKeys (ConfUtils.java:logFallback(53)) - raft.grpc.client.host = null (fallback to raft.grpc.server.host)
2024-06-12 03:12:38,946 [main] INFO  grpc.GrpcConfigKeys (ConfUtils.java:logGet(46)) - raft.grpc.client.port = 15030 (custom)
2024-06-12 03:12:38,946 [main] INFO  grpc.GrpcConfigKeys (ConfUtils.java:logGet(46)) - raft.grpc.server.host = null (default)
2024-06-12 03:12:38,946 [main] INFO  grpc.GrpcConfigKeys (ConfUtils.java:logGet(46)) - raft.grpc.server.port = 15032 (custom)
2024-06-12 03:12:38,946 [main] INFO  server.GrpcService (ConfUtils.java:logGet(46)) - raft.grpc.message.size.max = 32MB (=33554432) (custom)
2024-06-12 03:12:38,946 [main] INFO  server.RaftServerConfigKeys (ConfUtils.java:logGet(46)) - raft.server.log.appender.buffer.byte-limit = 8388608 (custom)
2024-06-12 03:12:38,946 [main] INFO  server.GrpcService (ConfUtils.java:logGet(46)) - raft.grpc.flow.control.window = 5MB (=5242880) (custom)
2024-06-12 03:12:38,946 [main] INFO  server.RaftServerConfigKeys (ConfUtils.java:logGet(46)) - raft.server.rpc.request.timeout = 60s (custom)
2024-06-12 03:12:38,946 [main] INFO  grpc.GrpcConfigKeys (ConfUtils.java:logGet(46)) - raft.grpc.server.heartbeat.channel = true (default)
2024-06-12 03:12:38,946 [main] INFO  grpc.GrpcConfigKeys (ConfUtils.java:logGet(46)) - raft.grpc.server.async.request.thread.pool.cached = true (default)
2024-06-12 03:12:38,947 [main] INFO  grpc.GrpcConfigKeys (ConfUtils.java:logGet(46)) - raft.grpc.server.async.request.thread.pool.size = 32 (default)
2024-06-12 03:12:38,949 [main] INFO  impl.DataStreamServerImpl (ConfUtils.java:logGet(46)) - raft.datastream.type = NETTY (custom)
2024-06-12 03:12:38,949 [main] INFO  server.RaftServerConfigKeys (ConfUtils.java:logGet(46)) - raft.server.data-stream.async.request.thread.pool.cached = false (default)
2024-06-12 03:12:38,950 [main] INFO  server.RaftServerConfigKeys (ConfUtils.java:logGet(46)) - raft.server.data-stream.async.request.thread.pool.size = 20 (custom)
2024-06-12 03:12:38,950 [main] INFO  server.RaftServerConfigKeys (ConfUtils.java:logGet(46)) - raft.server.data-stream.async.write.thread.pool.size = 16 (default)
2024-06-12 03:12:38,950 [main] INFO  netty.NettyConfigKeys$DataStream (ConfUtils.java:logGet(46)) - raft.netty.dataStream.server.channel.inactive.grace-period = 10min (default)
2024-06-12 03:12:38,950 [main] INFO  server.RaftServerConfigKeys (ConfUtils.java:logGet(46)) - raft.server.data-stream.client.pool.size = 10 (default)
2024-06-12 03:12:38,950 [main] INFO  netty.NettyConfigKeys$DataStream (ConfUtils.java:logGet(46)) - raft.netty.dataStream.server.use-epoll = true (default)
2024-06-12 03:12:38,950 [main] INFO  netty.NettyConfigKeys$DataStream (ConfUtils.java:logGet(46)) - raft.netty.dataStream.server.boss-group.size = 0 (default)
2024-06-12 03:12:38,951 [main] INFO  netty.NettyUtils (NettyUtils.java:newEventLoopGroup(69)) - Create EpollEventLoopGroup for 0045c317-f62f-4f57-91f4-beda1a434bec-NettyServerStreamRpc-bossGroup; Thread size is 0.
2024-06-12 03:12:38,951 [main] INFO  netty.NettyConfigKeys$DataStream (ConfUtils.java:logGet(46)) - raft.netty.dataStream.server.worker-group.size = 0 (default)
2024-06-12 03:12:38,952 [main] INFO  netty.NettyUtils (NettyUtils.java:newEventLoopGroup(69)) - Create EpollEventLoopGroup for 0045c317-f62f-4f57-91f4-beda1a434bec-NettyServerStreamRpc-workerGroup; Thread size is 0.
2024-06-12 03:12:38,952 [main] INFO  netty.NettyConfigKeys$DataStream (ConfUtils.java:logGet(46)) - raft.netty.dataStream.server.tls.conf = null (default)
2024-06-12 03:12:38,952 [main] INFO  netty.NettyConfigKeys$DataStream (ConfUtils.java:logGet(46)) - raft.netty.dataStream.host = null (default)
2024-06-12 03:12:38,953 [main] INFO  netty.NettyConfigKeys$DataStream (ConfUtils.java:logGet(46)) - raft.netty.dataStream.port = 15033 (custom)
2024-06-12 03:12:38,953 [main] INFO  server.RaftServerConfigKeys (ConfUtils.java:logGet(46)) - raft.server.sleep.deviation.threshold = 300ms (default)
2024-06-12 03:12:38,953 [main] INFO  server.RaftServerConfigKeys (ConfUtils.java:logGet(46)) - raft.server.close.threshold = 60s (default)
2024-06-12 03:12:38,953 [main] INFO  server.RaftServerConfigKeys (ConfUtils.java:logGet(46)) - raft.server.leaderelection.leader.step-down.wait-time = 10s (default)
2024-06-12 03:12:38,954 [main] INFO  server.RaftServerConfigKeys (ConfUtils.java:logGet(46)) - raft.server.storage.dir = [/home/runner/work/ozone/ozone/hadoop-ozone/integration-test/target/test-dir/MiniOzoneClusterImpl-2da4ef03-bf4e-4b68-9b16-b615eb45abb7/ozone-meta/datanode-3/ratis] (custom)
2024-06-12 03:12:38,954 [main] INFO  server.RaftServerConfigKeys (ConfUtils.java:logGet(46)) - raft.server.threadpool.proxy.cached = true (default)
2024-06-12 03:12:38,954 [main] INFO  server.RaftServerConfigKeys (ConfUtils.java:logGet(46)) - raft.server.threadpool.proxy.size = 0 (default)
2024-06-12 03:12:38,955 [0045c317-f62f-4f57-91f4-beda1a434bec-NettyServerStreamRpc-bossGroup--thread1] INFO  logging.LoggingHandler (AbstractInternalLogger.java:log(148)) - [id: 0x671f4626] REGISTERED
2024-06-12 03:12:38,955 [0045c317-f62f-4f57-91f4-beda1a434bec-NettyServerStreamRpc-bossGroup--thread1] INFO  logging.LoggingHandler (AbstractInternalLogger.java:log(148)) - [id: 0x671f4626] BIND: 0.0.0.0/0.0.0.0:15033
2024-06-12 03:12:38,955 [0045c317-f62f-4f57-91f4-beda1a434bec-NettyServerStreamRpc-bossGroup--thread1] INFO  logging.LoggingHandler (AbstractInternalLogger.java:log(148)) - [id: 0x671f4626, L:/0.0.0.0:15033] ACTIVE
2024-06-12 03:12:38,956 [0045c317-f62f-4f57-91f4-beda1a434bec-impl-thread1] INFO  server.RaftServer (RaftServerProxy.java:initGroupDir(264)) - 0045c317-f62f-4f57-91f4-beda1a434bec: found a subdirectory /home/runner/work/ozone/ozone/hadoop-ozone/integration-test/target/test-dir/MiniOzoneClusterImpl-2da4ef03-bf4e-4b68-9b16-b615eb45abb7/ozone-meta/datanode-3/ratis/tmp
2024-06-12 03:12:38,956 [0045c317-f62f-4f57-91f4-beda1a434bec-impl-thread1] INFO  server.RaftServer (RaftServerProxy.java:initGroupDir(269)) - 0045c317-f62f-4f57-91f4-beda1a434bec: The directory /home/runner/work/ozone/ozone/hadoop-ozone/integration-test/target/test-dir/MiniOzoneClusterImpl-2da4ef03-bf4e-4b68-9b16-b615eb45abb7/ozone-meta/datanode-3/ratis/tmp is not a group directory; ignoring it. 
2024-06-12 03:12:38,957 [main] INFO  replication.ReplicationServer (ReplicationServer.java:<init>(86)) - Initializing replication server with thread count = 10 queue length = 4096
2024-06-12 03:12:38,958 [main] INFO  server.XceiverServerGrpc (XceiverServerGrpc.java:<init>(141)) - GrpcServer channel type EpollServerSocketChannel
2024-06-12 03:12:38,962 [main] INFO  replication.ReplicationSupervisor (ReplicationSupervisor.java:build(157)) - Initializing replication supervisor with thread count = 10
2024-06-12 03:12:38,962 [main] INFO  replication.ReplicationSupervisor (ReplicationSupervisor.java:nodeStateUpdated(312)) - Node state updated to IN_SERVICE, scaling executor pool size to 10
2024-06-12 03:12:38,966 [main] INFO  http.BaseHttpServer (BaseHttpServer.java:newHttpServer2BuilderForOzone(223)) - Starting Web-server for hddsDatanode at: http://0.0.0.0:15027
2024-06-12 03:12:38,966 [main] INFO  http.BaseHttpServer (BaseHttpServer.java:<init>(110)) - Hadoop Security Enabled: false Ozone Security Enabled: false Ozone HTTP Security Enabled: false 
2024-06-12 03:12:38,968 [main] WARN  server.AuthenticationFilter (AuthenticationFilter.java:constructSecretProvider(240)) - Unable to initialize FileSignerSecretProvider, falling back to use random secrets. Reason: Could not read signature secret file: /home/runner/hadoop-http-auth-signature-secret
2024-06-12 03:12:38,971 [main] INFO  http.HttpRequestLog (HttpRequestLog.java:getRequestLog(86)) - Http request log for http.requests.hddsDatanode is not defined
2024-06-12 03:12:38,972 [main] INFO  http.HttpServer2 (HttpServer2.java:addGlobalFilter(1036)) - Added global filter 'safety' (class=org.apache.hadoop.hdds.server.http.HttpServer2$QuotingInputFilter)
2024-06-12 03:12:38,973 [main] INFO  http.HttpServer2 (HttpServer2.java:addFilter(1012)) - Added filter static_user_filter (class=org.apache.hadoop.http.lib.StaticUserWebFilter$StaticUserFilter) to context hddsDatanode
2024-06-12 03:12:38,973 [main] INFO  http.HttpServer2 (HttpServer2.java:addFilter(1020)) - Added filter static_user_filter (class=org.apache.hadoop.http.lib.StaticUserWebFilter$StaticUserFilter) to context static
2024-06-12 03:12:38,973 [main] INFO  http.HttpServer2 (HttpServer2.java:addFilter(1020)) - Added filter static_user_filter (class=org.apache.hadoop.http.lib.StaticUserWebFilter$StaticUserFilter) to context logs
2024-06-12 03:12:38,974 [main] INFO  http.BaseHttpServer (BaseHttpServer.java:<init>(189)) - HTTP server of hddsDatanode uses base directory /home/runner/work/ozone/ozone/hadoop-ozone/integration-test/target/test-dir/MiniOzoneClusterImpl-2da4ef03-bf4e-4b68-9b16-b615eb45abb7/ozone-meta/datanode-3/meta/webserver
2024-06-12 03:12:38,974 [main] INFO  http.HttpServer2 (HttpServer2.java:bindListener(1236)) - Jetty bound to port 15027
2024-06-12 03:12:38,974 [main] INFO  server.Server (Server.java:doStart(375)) - jetty-9.4.54.v20240208; built: 2024-02-08T19:42:39.027Z; git: cef3fbd6d736a21e7d541a5db490381d95a2047d; jvm 17.0.11+9
2024-06-12 03:12:38,979 [main] INFO  server.session (DefaultSessionIdManager.java:doStart(334)) - DefaultSessionIdManager workerName=node0
2024-06-12 03:12:38,979 [main] INFO  server.session (DefaultSessionIdManager.java:doStart(339)) - No SessionScavenger set, using defaults
2024-06-12 03:12:38,979 [main] INFO  server.session (HouseKeeper.java:startScavenging(132)) - node0 Scavenging every 600000ms
2024-06-12 03:12:38,983 [main] INFO  handler.ContextHandler (ContextHandler.java:doStart(921)) - Started o.e.j.s.ServletContextHandler@19e7aa5b{logs,/logs,file:///home/runner/work/ozone/ozone/hadoop-ozone/integration-test/target/log,AVAILABLE}
2024-06-12 03:12:38,983 [main] INFO  handler.ContextHandler (ContextHandler.java:doStart(921)) - Started o.e.j.s.ServletContextHandler@63cb06df{static,/static,file:///home/runner/work/ozone/ozone/hadoop-hdds/container-service/target/classes/webapps/static,AVAILABLE}
2024-06-12 03:12:38,988 [main] INFO  handler.ContextHandler (ContextHandler.java:doStart(921)) - Started o.e.j.w.WebAppContext@3c81a51a{hddsDatanode,/,file:///home/runner/work/ozone/ozone/hadoop-hdds/container-service/target/classes/webapps/hddsDatanode/,AVAILABLE}{file:/home/runner/work/ozone/ozone/hadoop-hdds/container-service/target/classes/webapps/hddsDatanode}
2024-06-12 03:12:38,988 [main] INFO  server.AbstractConnector (AbstractConnector.java:doStart(333)) - Started ServerConnector@19ba5771{HTTP/1.1, (http/1.1)}{0.0.0.0:15027}
2024-06-12 03:12:38,988 [main] INFO  server.Server (Server.java:doStart(415)) - Started @7083ms
2024-06-12 03:12:38,988 [main] WARN  impl.MetricsSystemImpl (MetricsSystemImpl.java:register(279)) - Sink prometheus already exists!
2024-06-12 03:12:38,989 [main] INFO  http.BaseHttpServer (BaseHttpServer.java:updateConnectorAddress(354)) - HTTP server of hddsDatanode listening at http://0.0.0.0:15027
2024-06-12 03:12:38,989 [main] INFO  ipc.CallQueueManager (CallQueueManager.java:<init>(90)) - Using callQueue: class java.util.concurrent.LinkedBlockingQueue, queueCapacity: 100, scheduler: class org.apache.hadoop.ipc.DefaultRpcScheduler, ipcBackoff: false.
2024-06-12 03:12:38,989 [main] INFO  ipc.Server (Server.java:<init>(1287)) - Listener at 0.0.0.0:15028
2024-06-12 03:12:38,990 [Socket Reader #1 for port 15028] INFO  ipc.Server (Server.java:run(1323)) - Starting Socket Reader #1 for port 15028
2024-06-12 03:12:38,999 [main] INFO  ozone.HddsDatanodeService (HddsDatanodeService.java:start(321)) - Datanode start with admins: [runner]
2024-06-12 03:12:38,999 [main] INFO  ozone.HddsDatanodeClientProtocolServer (HddsDatanodeClientProtocolServer.java:start(77)) - RPC server for Client /0.0.0.0:15028
2024-06-12 03:12:39,000 [IPC Server Responder] INFO  ipc.Server (Server.java:run(1562)) - IPC Server Responder: starting
2024-06-12 03:12:39,001 [IPC Server listener on 15028] INFO  ipc.Server (Server.java:run(1402)) - IPC Server listener on 15028: starting
2024-06-12 03:12:39,003 [main] INFO  ozone.MiniOzoneClusterImpl (MiniOzoneClusterImpl.java:lambda$waitForClusterToBeReady$0(194)) - Waiting for nodes to be ready. Got 0 of 3 DN Heartbeats.
2024-06-12 03:12:39,003 [main] INFO  ozone.MiniOzoneClusterImpl (MiniOzoneClusterImpl.java:lambda$waitForClusterToBeReady$0(197)) - Waiting for cluster to exit safe mode
2024-06-12 03:12:39,003 [main] INFO  ozone.MiniOzoneClusterImpl (MiniOzoneClusterImpl.java:lambda$waitForClusterToBeReady$0(199)) - SCM became leader
2024-06-12 03:12:39,004 [0045c317-f62f-4f57-91f4-beda1a434bec-DatanodeStateMachineDaemonThread] INFO  statemachine.DatanodeStateMachine (DatanodeStateMachine.java:lambda$startDaemon$1(545)) - Ozone container server started.
2024-06-12 03:12:39,008 [0045c317-f62f-4f57-91f4-beda1a434bec-DatanodeStateMachineTaskThread-0] INFO  datanode.InitDatanodeState (InitDatanodeState.java:persistContainerDatanodeDetails(139)) - DatanodeDetails is persisted to /home/runner/work/ozone/ozone/hadoop-ozone/integration-test/target/test-dir/MiniOzoneClusterImpl-2da4ef03-bf4e-4b68-9b16-b615eb45abb7/ozone-meta/datanode-3/meta/datanode.id
2024-06-12 03:12:39,400 [om1@group-C5BA1605619E-FollowerState] INFO  impl.FollowerState (FollowerState.java:run(143)) - om1@group-C5BA1605619E-FollowerState: change to CANDIDATE, lastRpcElapsedTime:1176920402ns, electionTimeout:1169ms
2024-06-12 03:12:39,400 [om1@group-C5BA1605619E-FollowerState] INFO  impl.RoleInfo (RoleInfo.java:shutdownFollowerState(110)) - om1: shutdown om1@group-C5BA1605619E-FollowerState
2024-06-12 03:12:39,400 [om1@group-C5BA1605619E-FollowerState] INFO  server.RaftServer$Division (RaftServerImpl.java:setRole(383)) - om1@group-C5BA1605619E: changes role from  FOLLOWER to CANDIDATE at term 0 for changeToCandidate
2024-06-12 03:12:39,402 [om1@group-C5BA1605619E-FollowerState] INFO  server.RaftServerConfigKeys (ConfUtils.java:logGet(46)) - raft.server.leaderelection.pre-vote = true (default)
2024-06-12 03:12:39,402 [om1@group-C5BA1605619E-FollowerState] INFO  impl.RoleInfo (RoleInfo.java:updateAndGet(139)) - om1: start om1@group-C5BA1605619E-LeaderElection1
2024-06-12 03:12:39,404 [om1@group-C5BA1605619E-LeaderElection1] INFO  impl.LeaderElection (LeaderElection.java:askForVotes(321)) - om1@group-C5BA1605619E-LeaderElection1 PRE_VOTE round 0: submit vote requests at term 0 for -1: peers:[om1|localhost:15007]|listeners:[], old=null
2024-06-12 03:12:39,405 [om1@group-C5BA1605619E-LeaderElection1] INFO  impl.LeaderElection (LeaderElection.java:askForVotes(323)) - om1@group-C5BA1605619E-LeaderElection1 PRE_VOTE round 0: result PASSED (term=0)
2024-06-12 03:12:39,408 [om1@group-C5BA1605619E-LeaderElection1] INFO  impl.LeaderElection (LeaderElection.java:askForVotes(321)) - om1@group-C5BA1605619E-LeaderElection1 ELECTION round 0: submit vote requests at term 1 for -1: peers:[om1|localhost:15007]|listeners:[], old=null
2024-06-12 03:12:39,408 [om1@group-C5BA1605619E-LeaderElection1] INFO  impl.LeaderElection (LeaderElection.java:askForVotes(323)) - om1@group-C5BA1605619E-LeaderElection1 ELECTION round 0: result PASSED (term=1)
2024-06-12 03:12:39,408 [om1@group-C5BA1605619E-LeaderElection1] INFO  impl.RoleInfo (RoleInfo.java:shutdownLeaderElection(130)) - om1: shutdown om1@group-C5BA1605619E-LeaderElection1
2024-06-12 03:12:39,408 [om1@group-C5BA1605619E-LeaderElection1] INFO  server.RaftServer$Division (RaftServerImpl.java:setRole(383)) - om1@group-C5BA1605619E: changes role from CANDIDATE to LEADER at term 1 for changeToLeader
2024-06-12 03:12:39,413 [om1@group-C5BA1605619E-LeaderElection1] INFO  server.RaftServerConfigKeys (ConfUtils.java:logGet(46)) - raft.server.staging.catchup.gap = 1000 (default)
2024-06-12 03:12:39,415 [om1@group-C5BA1605619E-LeaderElection1] INFO  server.RaftServerConfigKeys (ConfUtils.java:logGet(46)) - raft.server.write.element-limit = 4096 (default)
2024-06-12 03:12:39,416 [om1@group-C5BA1605619E-LeaderElection1] INFO  server.RaftServerConfigKeys (ConfUtils.java:logGet(46)) - raft.server.write.byte-limit = 64MB (=67108864) (default)
2024-06-12 03:12:39,420 [om1@group-C5BA1605619E-LeaderElection1] INFO  server.RaftServerConfigKeys (ConfUtils.java:logGet(46)) - raft.server.watch.timeout = 10s (default)
2024-06-12 03:12:39,420 [om1@group-C5BA1605619E-LeaderElection1] INFO  server.RaftServerConfigKeys (ConfUtils.java:logGet(46)) - raft.server.watch.timeout.denomination = 1s (default)
2024-06-12 03:12:39,420 [om1@group-C5BA1605619E-LeaderElection1] INFO  server.RaftServerConfigKeys (ConfUtils.java:logGet(46)) - raft.server.watch.element-limit = 65536 (default)
2024-06-12 03:12:39,423 [om1@group-C5BA1605619E-LeaderElection1] INFO  server.RaftServerConfigKeys (ConfUtils.java:logGet(46)) - raft.server.read.leader.lease.enabled = false (default)
2024-06-12 03:12:39,426 [om1@group-C5BA1605619E-LeaderElection1] INFO  server.RaftServerConfigKeys (ConfUtils.java:logGet(46)) - raft.server.read.leader.lease.timeout.ratio = 0.9 (default)
2024-06-12 03:12:39,426 [om1@group-C5BA1605619E-LeaderElection1] INFO  server.RaftServerConfigKeys (ConfUtils.java:logGet(46)) - raft.server.rpc.timeout.min = 1s (custom)
2024-06-12 03:12:39,426 [om1@group-C5BA1605619E-LeaderElection1] INFO  server.RaftServerConfigKeys (ConfUtils.java:logGet(46)) - raft.server.write.element-limit = 4096 (default)
2024-06-12 03:12:39,427 [om1@group-C5BA1605619E-LeaderElection1] INFO  server.RaftServerConfigKeys (ConfUtils.java:logGet(46)) - raft.server.write.follower.gap.ratio.max = -1.0 (default)
2024-06-12 03:12:39,429 [om1@group-C5BA1605619E-LeaderElection1] INFO  impl.RoleInfo (RoleInfo.java:updateAndGet(139)) - om1: start om1@group-C5BA1605619E-LeaderStateImpl
2024-06-12 03:12:39,429 [om1@group-C5BA1605619E-LeaderElection1] INFO  server.RaftServer$Division (RaftServerImpl.java:setFirstElection(574)) - om1@group-C5BA1605619E: set firstElectionSinceStartup to false for becomeLeader
2024-06-12 03:12:39,431 [om1@group-C5BA1605619E-LeaderElection1] INFO  server.RaftServer$Division (ServerState.java:setLeader(269)) - om1@group-C5BA1605619E: change Leader from null to om1 at term 1 for becomeLeader, leader elected after 2130ms
2024-06-12 03:12:39,445 [om1@group-C5BA1605619E-LeaderElection1] INFO  segmented.SegmentedRaftLogWorker (SegmentedRaftLogWorker.java:startLogSegment(430)) - om1@group-C5BA1605619E-SegmentedRaftLogWorker: Starting segment from index:0
2024-06-12 03:12:39,461 [om1@group-C5BA1605619E-SegmentedRaftLogWorker] INFO  segmented.BufferedWriteChannel (BufferedWriteChannel.java:open(62)) - open log_inprogress_0 at position 0
2024-06-12 03:12:39,465 [om1@group-C5BA1605619E-LeaderElection1] INFO  server.RaftServer$Division (ServerState.java:setRaftConf(386)) - om1@group-C5BA1605619E: set configuration 0: peers:[om1|localhost:15007]|listeners:[], old=null
2024-06-12 03:12:39,473 [om1@group-C5BA1605619E-SegmentedRaftLogWorker] INFO  segmented.SegmentedRaftLogWorker (SegmentedRaftLogWorker.java:execute(634)) - om1@group-C5BA1605619E-SegmentedRaftLogWorker: created new log segment /home/runner/work/ozone/ozone/hadoop-ozone/integration-test/target/test-dir/MiniOzoneClusterImpl-2da4ef03-bf4e-4b68-9b16-b615eb45abb7/ozone-meta/ratis/bf265839-605b-3f16-9796-c5ba1605619e/current/log_inprogress_0
2024-06-12 03:12:39,534 [om1@group-C5BA1605619E-StateMachineUpdater] INFO  ratis.OzoneManagerStateMachine (OzoneManagerStateMachine.java:notifyConfigurationChanged(212)) - Received Configuration change notification from Ratis. New Peer list:
[id: "om1"
address: "localhost:15007"
startupRole: FOLLOWER
]
2024-06-12 03:12:39,535 [om1@group-C5BA1605619E-StateMachineUpdater] INFO  server.RaftServer$Division (LeaderStateImpl.java:isApplied(320)) - leader is ready since appliedIndex == 0 >= startIndex == 0
2024-06-12 03:12:40,003 [main] INFO  ozone.MiniOzoneClusterImpl (MiniOzoneClusterImpl.java:lambda$waitForClusterToBeReady$0(194)) - Waiting for nodes to be ready. Got 0 of 3 DN Heartbeats.
2024-06-12 03:12:40,004 [main] INFO  ozone.MiniOzoneClusterImpl (MiniOzoneClusterImpl.java:lambda$waitForClusterToBeReady$0(197)) - Waiting for cluster to exit safe mode
2024-06-12 03:12:40,004 [main] INFO  ozone.MiniOzoneClusterImpl (MiniOzoneClusterImpl.java:lambda$waitForClusterToBeReady$0(199)) - SCM became leader
2024-06-12 03:12:40,870 [4ff6fc3e-a64b-47a9-abec-2b416c3c87bd-EndpointStateMachineTaskThread-/0.0.0.0:15002-0 ] INFO  utils.DatanodeStoreCache (DatanodeStoreCache.java:addDB(72)) - Added db /home/runner/work/ozone/ozone/hadoop-ozone/integration-test/target/test-dir/MiniOzoneClusterImpl-2da4ef03-bf4e-4b68-9b16-b615eb45abb7/ozone-meta/datanode-1/data-0/hdds/2da4ef03-bf4e-4b68-9b16-b615eb45abb7/DS-b6e84f41-2f76-4507-8b59-0d5c0cf1d44f/container.db to cache
2024-06-12 03:12:40,871 [4ff6fc3e-a64b-47a9-abec-2b416c3c87bd-EndpointStateMachineTaskThread-/0.0.0.0:15002-0 ] INFO  volume.HddsVolume (HddsVolume.java:createDbStore(437)) - SchemaV3 db is created and loaded at /home/runner/work/ozone/ozone/hadoop-ozone/integration-test/target/test-dir/MiniOzoneClusterImpl-2da4ef03-bf4e-4b68-9b16-b615eb45abb7/ozone-meta/datanode-1/data-0/hdds/2da4ef03-bf4e-4b68-9b16-b615eb45abb7/DS-b6e84f41-2f76-4507-8b59-0d5c0cf1d44f/container.db for volume DS-b6e84f41-2f76-4507-8b59-0d5c0cf1d44f
2024-06-12 03:12:40,876 [4ff6fc3e-a64b-47a9-abec-2b416c3c87bd-ContainerReader-0] INFO  ozoneimpl.ContainerReader (ContainerReader.java:readVolume(148)) - Start to verify containers on volume /home/runner/work/ozone/ozone/hadoop-ozone/integration-test/target/test-dir/MiniOzoneClusterImpl-2da4ef03-bf4e-4b68-9b16-b615eb45abb7/ozone-meta/datanode-1/data-0/hdds
2024-06-12 03:12:40,877 [4ff6fc3e-a64b-47a9-abec-2b416c3c87bd-ContainerReader-0] INFO  ozoneimpl.ContainerReader (ContainerReader.java:readVolume(178)) - Finish verifying containers on volume /home/runner/work/ozone/ozone/hadoop-ozone/integration-test/target/test-dir/MiniOzoneClusterImpl-2da4ef03-bf4e-4b68-9b16-b615eb45abb7/ozone-meta/datanode-1/data-0/hdds
2024-06-12 03:12:40,877 [4ff6fc3e-a64b-47a9-abec-2b416c3c87bd-EndpointStateMachineTaskThread-/0.0.0.0:15002-0 ] INFO  ozoneimpl.OzoneContainer (OzoneContainer.java:buildContainerSet(328)) - Build ContainerSet costs 0s
2024-06-12 03:12:40,877 [4ff6fc3e-a64b-47a9-abec-2b416c3c87bd-EndpointStateMachineTaskThread-/0.0.0.0:15002-0 ] INFO  volume.ThrottledAsyncChecker (ThrottledAsyncChecker.java:schedule(141)) - Scheduling a check for /home/runner/work/ozone/ozone/hadoop-ozone/integration-test/target/test-dir/MiniOzoneClusterImpl-2da4ef03-bf4e-4b68-9b16-b615eb45abb7/ozone-meta/datanode-1/data-0/hdds
2024-06-12 03:12:40,882 [4ff6fc3e-a64b-47a9-abec-2b416c3c87bd-EndpointStateMachineTaskThread-/0.0.0.0:15002-0 ] INFO  volume.StorageVolumeChecker (StorageVolumeChecker.java:checkAllVolumes(218)) - Scheduled health check for volume /home/runner/work/ozone/ozone/hadoop-ozone/integration-test/target/test-dir/MiniOzoneClusterImpl-2da4ef03-bf4e-4b68-9b16-b615eb45abb7/ozone-meta/datanode-1/data-0/hdds
2024-06-12 03:12:40,890 [4ff6fc3e-a64b-47a9-abec-2b416c3c87bd-EndpointStateMachineTaskThread-/0.0.0.0:15002-0 ] INFO  volume.ThrottledAsyncChecker (ThrottledAsyncChecker.java:schedule(141)) - Scheduling a check for /home/runner/work/ozone/ozone/hadoop-ozone/integration-test/target/test-dir/MiniOzoneClusterImpl-2da4ef03-bf4e-4b68-9b16-b615eb45abb7/ozone-meta/datanode-1/ratis
2024-06-12 03:12:40,890 [4ff6fc3e-a64b-47a9-abec-2b416c3c87bd-EndpointStateMachineTaskThread-/0.0.0.0:15002-0 ] INFO  volume.StorageVolumeChecker (StorageVolumeChecker.java:checkAllVolumes(218)) - Scheduled health check for volume /home/runner/work/ozone/ozone/hadoop-ozone/integration-test/target/test-dir/MiniOzoneClusterImpl-2da4ef03-bf4e-4b68-9b16-b615eb45abb7/ozone-meta/datanode-1/ratis
2024-06-12 03:12:40,891 [4ff6fc3e-a64b-47a9-abec-2b416c3c87bd-EndpointStateMachineTaskThread-/0.0.0.0:15002-0 ] INFO  ozoneimpl.OzoneContainer (OzoneContainer.java:start(459)) - Attempting to start container services.
2024-06-12 03:12:40,896 [ContainerMetadataScanner] INFO  ozoneimpl.AbstractBackgroundContainerScanner (AbstractBackgroundContainerScanner.java:runIteration(87)) - Completed an iteration in 0 minutes. Number of iterations (since the data-node restart) : 1, Number of containers scanned in this iteration : 0, Number of unhealthy containers found in this iteration : 0
2024-06-12 03:12:40,898 [4ff6fc3e-a64b-47a9-abec-2b416c3c87bd-EndpointStateMachineTaskThread-/0.0.0.0:15002-0 ] INFO  replication.ReplicationServer (ReplicationServer.java:start(142)) - ReplicationServer is started using port 15016
2024-06-12 03:12:40,899 [4ff6fc3e-a64b-47a9-abec-2b416c3c87bd-EndpointStateMachineTaskThread-/0.0.0.0:15002-0 ] INFO  ratis.XceiverServerRatis (XceiverServerRatis.java:start(566)) - Starting XceiverServerRatis 4ff6fc3e-a64b-47a9-abec-2b416c3c87bd
2024-06-12 03:12:40,899 [ContainerDataScanner(/home/runner/work/ozone/ozone/hadoop-ozone/integration-test/target/test-dir/MiniOzoneClusterImpl-2da4ef03-bf4e-4b68-9b16-b615eb45abb7/ozone-meta/datanode-1/data-0/hdds)] INFO  ozoneimpl.AbstractBackgroundContainerScanner (AbstractBackgroundContainerScanner.java:runIteration(87)) - Completed an iteration in 0 minutes. Number of iterations (since the data-node restart) : 1, Number of containers scanned in this iteration : 0, Number of unhealthy containers found in this iteration : 0
2024-06-12 03:12:40,901 [4ff6fc3e-a64b-47a9-abec-2b416c3c87bd-EndpointStateMachineTaskThread-/0.0.0.0:15002-0 ] INFO  server.RaftServer (RaftServerProxy.java:startImpl(406)) - 4ff6fc3e-a64b-47a9-abec-2b416c3c87bd: start RPC server
2024-06-12 03:12:40,901 [4ff6fc3e-a64b-47a9-abec-2b416c3c87bd-EndpointStateMachineTaskThread-/0.0.0.0:15002-0 ] INFO  server.GrpcService (GrpcService.java:startImpl(302)) - 4ff6fc3e-a64b-47a9-abec-2b416c3c87bd: GrpcService started, listening on 15012
2024-06-12 03:12:40,901 [4ff6fc3e-a64b-47a9-abec-2b416c3c87bd-EndpointStateMachineTaskThread-/0.0.0.0:15002-0 ] INFO  server.GrpcService (GrpcService.java:startImpl(302)) - 4ff6fc3e-a64b-47a9-abec-2b416c3c87bd: GrpcService started, listening on 15014
2024-06-12 03:12:40,902 [4ff6fc3e-a64b-47a9-abec-2b416c3c87bd-EndpointStateMachineTaskThread-/0.0.0.0:15002-0 ] INFO  server.GrpcService (GrpcService.java:startImpl(302)) - 4ff6fc3e-a64b-47a9-abec-2b416c3c87bd: GrpcService started, listening on 15013
2024-06-12 03:12:40,902 [4ff6fc3e-a64b-47a9-abec-2b416c3c87bd-EndpointStateMachineTaskThread-/0.0.0.0:15002-0 ] INFO  ratis.XceiverServerRatis (XceiverServerRatis.java:getRealPort(592)) - XceiverServerRatis 4ff6fc3e-a64b-47a9-abec-2b416c3c87bd is started using port 15012 for RATIS
2024-06-12 03:12:40,902 [4ff6fc3e-a64b-47a9-abec-2b416c3c87bd-EndpointStateMachineTaskThread-/0.0.0.0:15002-0 ] INFO  ratis.XceiverServerRatis (XceiverServerRatis.java:getRealPort(592)) - XceiverServerRatis 4ff6fc3e-a64b-47a9-abec-2b416c3c87bd is started using port 15013 for RATIS_ADMIN
2024-06-12 03:12:40,902 [4ff6fc3e-a64b-47a9-abec-2b416c3c87bd-EndpointStateMachineTaskThread-/0.0.0.0:15002-0 ] INFO  ratis.XceiverServerRatis (XceiverServerRatis.java:getRealPort(592)) - XceiverServerRatis 4ff6fc3e-a64b-47a9-abec-2b416c3c87bd is started using port 15014 for RATIS_SERVER
2024-06-12 03:12:40,902 [4ff6fc3e-a64b-47a9-abec-2b416c3c87bd-EndpointStateMachineTaskThread-/0.0.0.0:15002-0 ] INFO  ratis.XceiverServerRatis (XceiverServerRatis.java:getRealPort(592)) - XceiverServerRatis 4ff6fc3e-a64b-47a9-abec-2b416c3c87bd is started using port 15015 for RATIS_DATASTREAM
2024-06-12 03:12:40,902 [JvmPauseMonitor2] INFO  util.JvmPauseMonitor (JvmPauseMonitor.java:run(146)) - JvmPauseMonitor-4ff6fc3e-a64b-47a9-abec-2b416c3c87bd: Started
2024-06-12 03:12:40,920 [4ff6fc3e-a64b-47a9-abec-2b416c3c87bd-BlockDeletingService#0] INFO  interfaces.ContainerDeletionChoosingPolicyTemplate (ContainerDeletionChoosingPolicyTemplate.java:chooseContainerForBlockDeletion(85)) - Chosen 0/5000 blocks from 0 candidate containers.
2024-06-12 03:12:40,950 [15a53066-cbd8-4f19-b9a5-7cdb9ae22392-EndpointStateMachineTaskThread-/0.0.0.0:15002-0 ] INFO  utils.DatanodeStoreCache (DatanodeStoreCache.java:addDB(72)) - Added db /home/runner/work/ozone/ozone/hadoop-ozone/integration-test/target/test-dir/MiniOzoneClusterImpl-2da4ef03-bf4e-4b68-9b16-b615eb45abb7/ozone-meta/datanode-2/data-0/hdds/2da4ef03-bf4e-4b68-9b16-b615eb45abb7/DS-3bc8fbf2-a347-4bc2-a735-abfbd0f58585/container.db to cache
2024-06-12 03:12:40,950 [15a53066-cbd8-4f19-b9a5-7cdb9ae22392-EndpointStateMachineTaskThread-/0.0.0.0:15002-0 ] INFO  volume.HddsVolume (HddsVolume.java:createDbStore(437)) - SchemaV3 db is created and loaded at /home/runner/work/ozone/ozone/hadoop-ozone/integration-test/target/test-dir/MiniOzoneClusterImpl-2da4ef03-bf4e-4b68-9b16-b615eb45abb7/ozone-meta/datanode-2/data-0/hdds/2da4ef03-bf4e-4b68-9b16-b615eb45abb7/DS-3bc8fbf2-a347-4bc2-a735-abfbd0f58585/container.db for volume DS-3bc8fbf2-a347-4bc2-a735-abfbd0f58585
2024-06-12 03:12:40,952 [15a53066-cbd8-4f19-b9a5-7cdb9ae22392-ContainerReader-0] INFO  ozoneimpl.ContainerReader (ContainerReader.java:readVolume(148)) - Start to verify containers on volume /home/runner/work/ozone/ozone/hadoop-ozone/integration-test/target/test-dir/MiniOzoneClusterImpl-2da4ef03-bf4e-4b68-9b16-b615eb45abb7/ozone-meta/datanode-2/data-0/hdds
2024-06-12 03:12:40,952 [15a53066-cbd8-4f19-b9a5-7cdb9ae22392-ContainerReader-0] INFO  ozoneimpl.ContainerReader (ContainerReader.java:readVolume(178)) - Finish verifying containers on volume /home/runner/work/ozone/ozone/hadoop-ozone/integration-test/target/test-dir/MiniOzoneClusterImpl-2da4ef03-bf4e-4b68-9b16-b615eb45abb7/ozone-meta/datanode-2/data-0/hdds
2024-06-12 03:12:40,953 [15a53066-cbd8-4f19-b9a5-7cdb9ae22392-EndpointStateMachineTaskThread-/0.0.0.0:15002-0 ] INFO  ozoneimpl.OzoneContainer (OzoneContainer.java:buildContainerSet(328)) - Build ContainerSet costs 0s
2024-06-12 03:12:40,953 [15a53066-cbd8-4f19-b9a5-7cdb9ae22392-EndpointStateMachineTaskThread-/0.0.0.0:15002-0 ] INFO  volume.ThrottledAsyncChecker (ThrottledAsyncChecker.java:schedule(141)) - Scheduling a check for /home/runner/work/ozone/ozone/hadoop-ozone/integration-test/target/test-dir/MiniOzoneClusterImpl-2da4ef03-bf4e-4b68-9b16-b615eb45abb7/ozone-meta/datanode-2/data-0/hdds
2024-06-12 03:12:40,953 [15a53066-cbd8-4f19-b9a5-7cdb9ae22392-EndpointStateMachineTaskThread-/0.0.0.0:15002-0 ] INFO  volume.StorageVolumeChecker (StorageVolumeChecker.java:checkAllVolumes(218)) - Scheduled health check for volume /home/runner/work/ozone/ozone/hadoop-ozone/integration-test/target/test-dir/MiniOzoneClusterImpl-2da4ef03-bf4e-4b68-9b16-b615eb45abb7/ozone-meta/datanode-2/data-0/hdds
2024-06-12 03:12:40,955 [15a53066-cbd8-4f19-b9a5-7cdb9ae22392-EndpointStateMachineTaskThread-/0.0.0.0:15002-0 ] INFO  volume.ThrottledAsyncChecker (ThrottledAsyncChecker.java:schedule(141)) - Scheduling a check for /home/runner/work/ozone/ozone/hadoop-ozone/integration-test/target/test-dir/MiniOzoneClusterImpl-2da4ef03-bf4e-4b68-9b16-b615eb45abb7/ozone-meta/datanode-2/ratis
2024-06-12 03:12:40,955 [15a53066-cbd8-4f19-b9a5-7cdb9ae22392-EndpointStateMachineTaskThread-/0.0.0.0:15002-0 ] INFO  volume.StorageVolumeChecker (StorageVolumeChecker.java:checkAllVolumes(218)) - Scheduled health check for volume /home/runner/work/ozone/ozone/hadoop-ozone/integration-test/target/test-dir/MiniOzoneClusterImpl-2da4ef03-bf4e-4b68-9b16-b615eb45abb7/ozone-meta/datanode-2/ratis
2024-06-12 03:12:40,956 [15a53066-cbd8-4f19-b9a5-7cdb9ae22392-EndpointStateMachineTaskThread-/0.0.0.0:15002-0 ] INFO  ozoneimpl.OzoneContainer (OzoneContainer.java:start(459)) - Attempting to start container services.
2024-06-12 03:12:40,957 [15a53066-cbd8-4f19-b9a5-7cdb9ae22392-EndpointStateMachineTaskThread-/0.0.0.0:15002-0 ] WARN  ozoneimpl.OnDemandContainerDataScanner (OnDemandContainerDataScanner.java:init(75)) - Trying to initialize on demand scanner a second time on a datanode.
2024-06-12 03:12:40,957 [ContainerMetadataScanner] INFO  ozoneimpl.AbstractBackgroundContainerScanner (AbstractBackgroundContainerScanner.java:runIteration(87)) - Completed an iteration in 0 minutes. Number of iterations (since the data-node restart) : 1, Number of containers scanned in this iteration : 0, Number of unhealthy containers found in this iteration : 0
2024-06-12 03:12:40,958 [ContainerDataScanner(/home/runner/work/ozone/ozone/hadoop-ozone/integration-test/target/test-dir/MiniOzoneClusterImpl-2da4ef03-bf4e-4b68-9b16-b615eb45abb7/ozone-meta/datanode-2/data-0/hdds)] INFO  ozoneimpl.AbstractBackgroundContainerScanner (AbstractBackgroundContainerScanner.java:runIteration(87)) - Completed an iteration in 0 minutes. Number of iterations (since the data-node restart) : 1, Number of containers scanned in this iteration : 0, Number of unhealthy containers found in this iteration : 0
2024-06-12 03:12:40,958 [15a53066-cbd8-4f19-b9a5-7cdb9ae22392-EndpointStateMachineTaskThread-/0.0.0.0:15002-0 ] INFO  replication.ReplicationServer (ReplicationServer.java:start(142)) - ReplicationServer is started using port 15025
2024-06-12 03:12:40,958 [15a53066-cbd8-4f19-b9a5-7cdb9ae22392-EndpointStateMachineTaskThread-/0.0.0.0:15002-0 ] INFO  ratis.XceiverServerRatis (XceiverServerRatis.java:start(566)) - Starting XceiverServerRatis 15a53066-cbd8-4f19-b9a5-7cdb9ae22392
2024-06-12 03:12:40,959 [15a53066-cbd8-4f19-b9a5-7cdb9ae22392-EndpointStateMachineTaskThread-/0.0.0.0:15002-0 ] INFO  server.RaftServer (RaftServerProxy.java:startImpl(406)) - 15a53066-cbd8-4f19-b9a5-7cdb9ae22392: start RPC server
2024-06-12 03:12:40,960 [15a53066-cbd8-4f19-b9a5-7cdb9ae22392-EndpointStateMachineTaskThread-/0.0.0.0:15002-0 ] INFO  server.GrpcService (GrpcService.java:startImpl(302)) - 15a53066-cbd8-4f19-b9a5-7cdb9ae22392: GrpcService started, listening on 15021
2024-06-12 03:12:40,960 [15a53066-cbd8-4f19-b9a5-7cdb9ae22392-EndpointStateMachineTaskThread-/0.0.0.0:15002-0 ] INFO  server.GrpcService (GrpcService.java:startImpl(302)) - 15a53066-cbd8-4f19-b9a5-7cdb9ae22392: GrpcService started, listening on 15023
2024-06-12 03:12:40,960 [15a53066-cbd8-4f19-b9a5-7cdb9ae22392-EndpointStateMachineTaskThread-/0.0.0.0:15002-0 ] INFO  server.GrpcService (GrpcService.java:startImpl(302)) - 15a53066-cbd8-4f19-b9a5-7cdb9ae22392: GrpcService started, listening on 15022
2024-06-12 03:12:40,961 [15a53066-cbd8-4f19-b9a5-7cdb9ae22392-EndpointStateMachineTaskThread-/0.0.0.0:15002-0 ] INFO  ratis.XceiverServerRatis (XceiverServerRatis.java:getRealPort(592)) - XceiverServerRatis 15a53066-cbd8-4f19-b9a5-7cdb9ae22392 is started using port 15021 for RATIS
2024-06-12 03:12:40,961 [15a53066-cbd8-4f19-b9a5-7cdb9ae22392-EndpointStateMachineTaskThread-/0.0.0.0:15002-0 ] INFO  ratis.XceiverServerRatis (XceiverServerRatis.java:getRealPort(592)) - XceiverServerRatis 15a53066-cbd8-4f19-b9a5-7cdb9ae22392 is started using port 15022 for RATIS_ADMIN
2024-06-12 03:12:40,961 [15a53066-cbd8-4f19-b9a5-7cdb9ae22392-EndpointStateMachineTaskThread-/0.0.0.0:15002-0 ] INFO  ratis.XceiverServerRatis (XceiverServerRatis.java:getRealPort(592)) - XceiverServerRatis 15a53066-cbd8-4f19-b9a5-7cdb9ae22392 is started using port 15023 for RATIS_SERVER
2024-06-12 03:12:40,961 [15a53066-cbd8-4f19-b9a5-7cdb9ae22392-EndpointStateMachineTaskThread-/0.0.0.0:15002-0 ] INFO  ratis.XceiverServerRatis (XceiverServerRatis.java:getRealPort(592)) - XceiverServerRatis 15a53066-cbd8-4f19-b9a5-7cdb9ae22392 is started using port 15024 for RATIS_DATASTREAM
2024-06-12 03:12:40,961 [JvmPauseMonitor3] INFO  util.JvmPauseMonitor (JvmPauseMonitor.java:run(146)) - JvmPauseMonitor-15a53066-cbd8-4f19-b9a5-7cdb9ae22392: Started
2024-06-12 03:12:40,963 [15a53066-cbd8-4f19-b9a5-7cdb9ae22392-BlockDeletingService#0] INFO  interfaces.ContainerDeletionChoosingPolicyTemplate (ContainerDeletionChoosingPolicyTemplate.java:chooseContainerForBlockDeletion(85)) - Chosen 0/5000 blocks from 0 candidate containers.
2024-06-12 03:12:41,004 [main] INFO  ozone.MiniOzoneClusterImpl (MiniOzoneClusterImpl.java:lambda$waitForClusterToBeReady$0(194)) - Waiting for nodes to be ready. Got 0 of 3 DN Heartbeats.
2024-06-12 03:12:41,004 [main] INFO  ozone.MiniOzoneClusterImpl (MiniOzoneClusterImpl.java:lambda$waitForClusterToBeReady$0(197)) - Waiting for cluster to exit safe mode
2024-06-12 03:12:41,004 [main] INFO  ozone.MiniOzoneClusterImpl (MiniOzoneClusterImpl.java:lambda$waitForClusterToBeReady$0(199)) - SCM became leader
2024-06-12 03:12:41,028 [0045c317-f62f-4f57-91f4-beda1a434bec-EndpointStateMachineTaskThread-/0.0.0.0:15002-0 ] INFO  utils.DatanodeStoreCache (DatanodeStoreCache.java:addDB(72)) - Added db /home/runner/work/ozone/ozone/hadoop-ozone/integration-test/target/test-dir/MiniOzoneClusterImpl-2da4ef03-bf4e-4b68-9b16-b615eb45abb7/ozone-meta/datanode-3/data-0/hdds/2da4ef03-bf4e-4b68-9b16-b615eb45abb7/DS-0676e0df-5eec-4b10-9f26-5361f662ffdf/container.db to cache
2024-06-12 03:12:41,028 [0045c317-f62f-4f57-91f4-beda1a434bec-EndpointStateMachineTaskThread-/0.0.0.0:15002-0 ] INFO  volume.HddsVolume (HddsVolume.java:createDbStore(437)) - SchemaV3 db is created and loaded at /home/runner/work/ozone/ozone/hadoop-ozone/integration-test/target/test-dir/MiniOzoneClusterImpl-2da4ef03-bf4e-4b68-9b16-b615eb45abb7/ozone-meta/datanode-3/data-0/hdds/2da4ef03-bf4e-4b68-9b16-b615eb45abb7/DS-0676e0df-5eec-4b10-9f26-5361f662ffdf/container.db for volume DS-0676e0df-5eec-4b10-9f26-5361f662ffdf
2024-06-12 03:12:41,030 [0045c317-f62f-4f57-91f4-beda1a434bec-ContainerReader-0] INFO  ozoneimpl.ContainerReader (ContainerReader.java:readVolume(148)) - Start to verify containers on volume /home/runner/work/ozone/ozone/hadoop-ozone/integration-test/target/test-dir/MiniOzoneClusterImpl-2da4ef03-bf4e-4b68-9b16-b615eb45abb7/ozone-meta/datanode-3/data-0/hdds
2024-06-12 03:12:41,030 [0045c317-f62f-4f57-91f4-beda1a434bec-ContainerReader-0] INFO  ozoneimpl.ContainerReader (ContainerReader.java:readVolume(178)) - Finish verifying containers on volume /home/runner/work/ozone/ozone/hadoop-ozone/integration-test/target/test-dir/MiniOzoneClusterImpl-2da4ef03-bf4e-4b68-9b16-b615eb45abb7/ozone-meta/datanode-3/data-0/hdds
2024-06-12 03:12:41,031 [0045c317-f62f-4f57-91f4-beda1a434bec-EndpointStateMachineTaskThread-/0.0.0.0:15002-0 ] INFO  ozoneimpl.OzoneContainer (OzoneContainer.java:buildContainerSet(328)) - Build ContainerSet costs 0s
2024-06-12 03:12:41,031 [0045c317-f62f-4f57-91f4-beda1a434bec-EndpointStateMachineTaskThread-/0.0.0.0:15002-0 ] INFO  volume.ThrottledAsyncChecker (ThrottledAsyncChecker.java:schedule(141)) - Scheduling a check for /home/runner/work/ozone/ozone/hadoop-ozone/integration-test/target/test-dir/MiniOzoneClusterImpl-2da4ef03-bf4e-4b68-9b16-b615eb45abb7/ozone-meta/datanode-3/data-0/hdds
2024-06-12 03:12:41,031 [0045c317-f62f-4f57-91f4-beda1a434bec-EndpointStateMachineTaskThread-/0.0.0.0:15002-0 ] INFO  volume.StorageVolumeChecker (StorageVolumeChecker.java:checkAllVolumes(218)) - Scheduled health check for volume /home/runner/work/ozone/ozone/hadoop-ozone/integration-test/target/test-dir/MiniOzoneClusterImpl-2da4ef03-bf4e-4b68-9b16-b615eb45abb7/ozone-meta/datanode-3/data-0/hdds
2024-06-12 03:12:41,033 [0045c317-f62f-4f57-91f4-beda1a434bec-EndpointStateMachineTaskThread-/0.0.0.0:15002-0 ] INFO  volume.ThrottledAsyncChecker (ThrottledAsyncChecker.java:schedule(141)) - Scheduling a check for /home/runner/work/ozone/ozone/hadoop-ozone/integration-test/target/test-dir/MiniOzoneClusterImpl-2da4ef03-bf4e-4b68-9b16-b615eb45abb7/ozone-meta/datanode-3/ratis
2024-06-12 03:12:41,033 [0045c317-f62f-4f57-91f4-beda1a434bec-EndpointStateMachineTaskThread-/0.0.0.0:15002-0 ] INFO  volume.StorageVolumeChecker (StorageVolumeChecker.java:checkAllVolumes(218)) - Scheduled health check for volume /home/runner/work/ozone/ozone/hadoop-ozone/integration-test/target/test-dir/MiniOzoneClusterImpl-2da4ef03-bf4e-4b68-9b16-b615eb45abb7/ozone-meta/datanode-3/ratis
2024-06-12 03:12:41,039 [0045c317-f62f-4f57-91f4-beda1a434bec-EndpointStateMachineTaskThread-/0.0.0.0:15002-0 ] INFO  ozoneimpl.OzoneContainer (OzoneContainer.java:start(459)) - Attempting to start container services.
2024-06-12 03:12:41,039 [0045c317-f62f-4f57-91f4-beda1a434bec-EndpointStateMachineTaskThread-/0.0.0.0:15002-0 ] WARN  ozoneimpl.OnDemandContainerDataScanner (OnDemandContainerDataScanner.java:init(75)) - Trying to initialize on demand scanner a second time on a datanode.
2024-06-12 03:12:41,041 [ContainerMetadataScanner] INFO  ozoneimpl.AbstractBackgroundContainerScanner (AbstractBackgroundContainerScanner.java:runIteration(87)) - Completed an iteration in 0 minutes. Number of iterations (since the data-node restart) : 1, Number of containers scanned in this iteration : 0, Number of unhealthy containers found in this iteration : 0
2024-06-12 03:12:41,042 [ContainerDataScanner(/home/runner/work/ozone/ozone/hadoop-ozone/integration-test/target/test-dir/MiniOzoneClusterImpl-2da4ef03-bf4e-4b68-9b16-b615eb45abb7/ozone-meta/datanode-3/data-0/hdds)] INFO  ozoneimpl.AbstractBackgroundContainerScanner (AbstractBackgroundContainerScanner.java:runIteration(87)) - Completed an iteration in 0 minutes. Number of iterations (since the data-node restart) : 1, Number of containers scanned in this iteration : 0, Number of unhealthy containers found in this iteration : 0
2024-06-12 03:12:41,042 [0045c317-f62f-4f57-91f4-beda1a434bec-EndpointStateMachineTaskThread-/0.0.0.0:15002-0 ] INFO  replication.ReplicationServer (ReplicationServer.java:start(142)) - ReplicationServer is started using port 15034
2024-06-12 03:12:41,042 [0045c317-f62f-4f57-91f4-beda1a434bec-EndpointStateMachineTaskThread-/0.0.0.0:15002-0 ] INFO  ratis.XceiverServerRatis (XceiverServerRatis.java:start(566)) - Starting XceiverServerRatis 0045c317-f62f-4f57-91f4-beda1a434bec
2024-06-12 03:12:41,043 [0045c317-f62f-4f57-91f4-beda1a434bec-EndpointStateMachineTaskThread-/0.0.0.0:15002-0 ] INFO  server.RaftServer (RaftServerProxy.java:startImpl(406)) - 0045c317-f62f-4f57-91f4-beda1a434bec: start RPC server
2024-06-12 03:12:41,044 [0045c317-f62f-4f57-91f4-beda1a434bec-EndpointStateMachineTaskThread-/0.0.0.0:15002-0 ] INFO  server.GrpcService (GrpcService.java:startImpl(302)) - 0045c317-f62f-4f57-91f4-beda1a434bec: GrpcService started, listening on 15030
2024-06-12 03:12:41,047 [0045c317-f62f-4f57-91f4-beda1a434bec-EndpointStateMachineTaskThread-/0.0.0.0:15002-0 ] INFO  server.GrpcService (GrpcService.java:startImpl(302)) - 0045c317-f62f-4f57-91f4-beda1a434bec: GrpcService started, listening on 15032
2024-06-12 03:12:41,047 [0045c317-f62f-4f57-91f4-beda1a434bec-EndpointStateMachineTaskThread-/0.0.0.0:15002-0 ] INFO  server.GrpcService (GrpcService.java:startImpl(302)) - 0045c317-f62f-4f57-91f4-beda1a434bec: GrpcService started, listening on 15031
2024-06-12 03:12:41,048 [0045c317-f62f-4f57-91f4-beda1a434bec-EndpointStateMachineTaskThread-/0.0.0.0:15002-0 ] INFO  ratis.XceiverServerRatis (XceiverServerRatis.java:getRealPort(592)) - XceiverServerRatis 0045c317-f62f-4f57-91f4-beda1a434bec is started using port 15030 for RATIS
2024-06-12 03:12:41,048 [JvmPauseMonitor4] INFO  util.JvmPauseMonitor (JvmPauseMonitor.java:run(146)) - JvmPauseMonitor-0045c317-f62f-4f57-91f4-beda1a434bec: Started
2024-06-12 03:12:41,048 [0045c317-f62f-4f57-91f4-beda1a434bec-EndpointStateMachineTaskThread-/0.0.0.0:15002-0 ] INFO  ratis.XceiverServerRatis (XceiverServerRatis.java:getRealPort(592)) - XceiverServerRatis 0045c317-f62f-4f57-91f4-beda1a434bec is started using port 15031 for RATIS_ADMIN
2024-06-12 03:12:41,048 [0045c317-f62f-4f57-91f4-beda1a434bec-EndpointStateMachineTaskThread-/0.0.0.0:15002-0 ] INFO  ratis.XceiverServerRatis (XceiverServerRatis.java:getRealPort(592)) - XceiverServerRatis 0045c317-f62f-4f57-91f4-beda1a434bec is started using port 15032 for RATIS_SERVER
2024-06-12 03:12:41,048 [0045c317-f62f-4f57-91f4-beda1a434bec-EndpointStateMachineTaskThread-/0.0.0.0:15002-0 ] INFO  ratis.XceiverServerRatis (XceiverServerRatis.java:getRealPort(592)) - XceiverServerRatis 0045c317-f62f-4f57-91f4-beda1a434bec is started using port 15033 for RATIS_DATASTREAM
2024-06-12 03:12:41,049 [0045c317-f62f-4f57-91f4-beda1a434bec-BlockDeletingService#0] INFO  interfaces.ContainerDeletionChoosingPolicyTemplate (ContainerDeletionChoosingPolicyTemplate.java:chooseContainerForBlockDeletion(85)) - Chosen 0/5000 blocks from 0 candidate containers.
2024-06-12 03:12:42,004 [main] INFO  ozone.MiniOzoneClusterImpl (MiniOzoneClusterImpl.java:lambda$waitForClusterToBeReady$0(194)) - Waiting for nodes to be ready. Got 0 of 3 DN Heartbeats.
2024-06-12 03:12:42,005 [main] INFO  ozone.MiniOzoneClusterImpl (MiniOzoneClusterImpl.java:lambda$waitForClusterToBeReady$0(197)) - Waiting for cluster to exit safe mode
2024-06-12 03:12:42,005 [main] INFO  ozone.MiniOzoneClusterImpl (MiniOzoneClusterImpl.java:lambda$waitForClusterToBeReady$0(199)) - SCM became leader
2024-06-12 03:12:42,812 [IPC Server handler 1 on default port 15002] INFO  net.NetworkTopologyImpl (NetworkTopologyImpl.java:add(134)) - Added a new node: /default-rack/4ff6fc3e-a64b-47a9-abec-2b416c3c87bd
2024-06-12 03:12:42,815 [IPC Server handler 1 on default port 15002] INFO  node.SCMNodeManager (SCMNodeManager.java:register(421)) - Registered datanode: 4ff6fc3e-a64b-47a9-abec-2b416c3c87bd{ip: 127.0.0.1, host: localhost, ports: [HTTP=15009, CLIENT_RPC=15010, REPLICATION=15016, RATIS=15012, RATIS_ADMIN=15013, RATIS_SERVER=15014, RATIS_DATASTREAM=15015, STANDALONE=15011], networkLocation: /default-rack, certSerialId: null, persistedOpState: null, persistedOpStateExpiryEpochSec: 0}
2024-06-12 03:12:42,816 [EventQueue-NewNodeForNewNodeHandler] INFO  pipeline.BackgroundPipelineCreator (BackgroundPipelineCreator.java:notifyEventTriggered(280)) - trigger a one-shot run on RatisPipelineUtilsThread.
2024-06-12 03:12:42,821 [RatisPipelineUtilsThread-0] INFO  pipeline.RatisPipelineProvider (RatisPipelineProvider.java:lambda$create$0(205)) - Sending CreatePipelineCommand for pipeline:PipelineID=9aa45a94-95fa-4bbe-98b2-c64c133de0b5 to datanode:4ff6fc3e-a64b-47a9-abec-2b416c3c87bd
2024-06-12 03:12:42,823 [EventQueue-NodeRegistrationContainerReportForContainerSafeModeRule] INFO  safemode.SCMSafeModeManager (SCMSafeModeManager.java:validateSafeModeExitRules(203)) - ContainerSafeModeRule rule is successfully validated
2024-06-12 03:12:42,823 [EventQueue-NodeRegistrationContainerReportForDataNodeSafeModeRule] INFO  safemode.SCMSafeModeManager (DataNodeSafeModeRule.java:process(71)) - SCM in safe mode. 1 DataNodes registered, 3 required.
2024-06-12 03:12:42,823 [EventQueue-PipelineReportForOneReplicaPipelineSafeModeRule] INFO  safemode.SCMSafeModeManager (SCMSafeModeManager.java:validateSafeModeExitRules(203)) - AtleastOneDatanodeReportedRule rule is successfully validated
2024-06-12 03:12:42,830 [RatisPipelineUtilsThread-0] INFO  pipeline.BackgroundPipelineCreator (BackgroundPipelineCreator.java:createPipelines(236)) - Created new pipeline Pipeline[ Id: 9aa45a94-95fa-4bbe-98b2-c64c133de0b5, Nodes: 4ff6fc3e-a64b-47a9-abec-2b416c3c87bd(localhost/127.0.0.1), ReplicationConfig: RATIS/ONE, State:ALLOCATED, leaderId:, CreationTimestamp2024-06-12T03:12:42.821092230Z[Etc/UTC]]
2024-06-12 03:12:42,926 [IPC Server handler 0 on default port 15002] INFO  net.NetworkTopologyImpl (NetworkTopologyImpl.java:add(134)) - Added a new node: /default-rack/15a53066-cbd8-4f19-b9a5-7cdb9ae22392
2024-06-12 03:12:42,926 [IPC Server handler 0 on default port 15002] INFO  node.SCMNodeManager (SCMNodeManager.java:register(421)) - Registered datanode: 15a53066-cbd8-4f19-b9a5-7cdb9ae22392{ip: 127.0.0.1, host: localhost, ports: [HTTP=15018, CLIENT_RPC=15019, REPLICATION=15025, RATIS=15021, RATIS_ADMIN=15022, RATIS_SERVER=15023, RATIS_DATASTREAM=15024, STANDALONE=15020], networkLocation: /default-rack, certSerialId: null, persistedOpState: null, persistedOpStateExpiryEpochSec: 0}
2024-06-12 03:12:42,927 [EventQueue-NewNodeForNewNodeHandler] INFO  pipeline.BackgroundPipelineCreator (BackgroundPipelineCreator.java:notifyEventTriggered(280)) - trigger a one-shot run on RatisPipelineUtilsThread.
2024-06-12 03:12:42,927 [EventQueue-NodeRegistrationContainerReportForDataNodeSafeModeRule] INFO  safemode.SCMSafeModeManager (DataNodeSafeModeRule.java:process(71)) - SCM in safe mode. 2 DataNodes registered, 3 required.
2024-06-12 03:12:42,928 [RatisPipelineUtilsThread-0] INFO  pipeline.RatisPipelineProvider (RatisPipelineProvider.java:lambda$create$0(205)) - Sending CreatePipelineCommand for pipeline:PipelineID=03f9aa72-5d13-4e64-bc8a-a93987f554ec to datanode:15a53066-cbd8-4f19-b9a5-7cdb9ae22392
2024-06-12 03:12:42,929 [RatisPipelineUtilsThread-0] INFO  pipeline.BackgroundPipelineCreator (BackgroundPipelineCreator.java:createPipelines(236)) - Created new pipeline Pipeline[ Id: 03f9aa72-5d13-4e64-bc8a-a93987f554ec, Nodes: 15a53066-cbd8-4f19-b9a5-7cdb9ae22392(localhost/127.0.0.1), ReplicationConfig: RATIS/ONE, State:ALLOCATED, leaderId:, CreationTimestamp2024-06-12T03:12:42.928044926Z[Etc/UTC]]
2024-06-12 03:12:43,005 [main] INFO  ozone.MiniOzoneClusterImpl (MiniOzoneClusterImpl.java:lambda$waitForClusterToBeReady$0(194)) - Waiting for nodes to be ready. Got 2 of 3 DN Heartbeats.
2024-06-12 03:12:43,005 [main] INFO  ozone.MiniOzoneClusterImpl (MiniOzoneClusterImpl.java:lambda$waitForClusterToBeReady$0(197)) - Waiting for cluster to exit safe mode
2024-06-12 03:12:43,005 [main] INFO  ozone.MiniOzoneClusterImpl (MiniOzoneClusterImpl.java:lambda$waitForClusterToBeReady$0(199)) - SCM became leader
2024-06-12 03:12:43,006 [IPC Server handler 2 on default port 15002] INFO  net.NetworkTopologyImpl (NetworkTopologyImpl.java:add(134)) - Added a new node: /default-rack/0045c317-f62f-4f57-91f4-beda1a434bec
2024-06-12 03:12:43,007 [IPC Server handler 2 on default port 15002] INFO  node.SCMNodeManager (SCMNodeManager.java:register(421)) - Registered datanode: 0045c317-f62f-4f57-91f4-beda1a434bec{ip: 127.0.0.1, host: localhost, ports: [HTTP=15027, CLIENT_RPC=15028, REPLICATION=15034, RATIS=15030, RATIS_ADMIN=15031, RATIS_SERVER=15032, RATIS_DATASTREAM=15033, STANDALONE=15029], networkLocation: /default-rack, certSerialId: null, persistedOpState: null, persistedOpStateExpiryEpochSec: 0}
2024-06-12 03:12:43,007 [EventQueue-NewNodeForNewNodeHandler] INFO  pipeline.BackgroundPipelineCreator (BackgroundPipelineCreator.java:notifyEventTriggered(280)) - trigger a one-shot run on RatisPipelineUtilsThread.
2024-06-12 03:12:43,007 [EventQueue-NodeRegistrationContainerReportForDataNodeSafeModeRule] INFO  safemode.SCMSafeModeManager (DataNodeSafeModeRule.java:process(71)) - SCM in safe mode. 3 DataNodes registered, 3 required.
2024-06-12 03:12:43,007 [EventQueue-NodeRegistrationContainerReportForDataNodeSafeModeRule] INFO  safemode.SCMSafeModeManager (SCMSafeModeManager.java:validateSafeModeExitRules(203)) - DataNodeSafeModeRule rule is successfully validated
2024-06-12 03:12:43,008 [EventQueue-NodeRegistrationContainerReportForDataNodeSafeModeRule] INFO  safemode.SCMSafeModeManager (SCMSafeModeManager.java:completePreCheck(232)) - All SCM safe mode pre check rules have passed
2024-06-12 03:12:43,008 [EventQueue-NodeRegistrationContainerReportForDataNodeSafeModeRule] INFO  ha.SCMContext (SCMContext.java:updateSafeModeStatus(225)) - Update SafeModeStatus from SafeModeStatus{safeModeStatus=true, preCheckPassed=false} to SafeModeStatus{safeModeStatus=true, preCheckPassed=true}.
2024-06-12 03:12:43,008 [EventQueue-NodeRegistrationContainerReportForDataNodeSafeModeRule] INFO  pipeline.BackgroundPipelineCreator (BackgroundPipelineCreator.java:notifyEventTriggered(280)) - trigger a one-shot run on RatisPipelineUtilsThread.
2024-06-12 03:12:43,008 [RatisPipelineUtilsThread-0] INFO  pipeline.RatisPipelineProvider (RatisPipelineProvider.java:lambda$create$0(205)) - Sending CreatePipelineCommand for pipeline:PipelineID=3de655d4-33fa-4130-a90c-48ef6a643e2d to datanode:0045c317-f62f-4f57-91f4-beda1a434bec
2024-06-12 03:12:43,010 [RatisPipelineUtilsThread-0] INFO  pipeline.BackgroundPipelineCreator (BackgroundPipelineCreator.java:createPipelines(236)) - Created new pipeline Pipeline[ Id: 3de655d4-33fa-4130-a90c-48ef6a643e2d, Nodes: 0045c317-f62f-4f57-91f4-beda1a434bec(localhost/127.0.0.1), ReplicationConfig: RATIS/ONE, State:ALLOCATED, leaderId:, CreationTimestamp2024-06-12T03:12:43.008822721Z[Etc/UTC]]
2024-06-12 03:12:43,013 [RatisPipelineUtilsThread-0] INFO  pipeline.RatisPipelineProvider (RatisPipelineProvider.java:lambda$create$0(205)) - Sending CreatePipelineCommand for pipeline:PipelineID=bcf6663f-c7b0-4e0e-ab8f-bd8ed6f243e6 to datanode:15a53066-cbd8-4f19-b9a5-7cdb9ae22392
2024-06-12 03:12:43,014 [RatisPipelineUtilsThread-0] INFO  pipeline.RatisPipelineProvider (RatisPipelineProvider.java:lambda$create$0(205)) - Sending CreatePipelineCommand for pipeline:PipelineID=bcf6663f-c7b0-4e0e-ab8f-bd8ed6f243e6 to datanode:4ff6fc3e-a64b-47a9-abec-2b416c3c87bd
2024-06-12 03:12:43,014 [RatisPipelineUtilsThread-0] INFO  pipeline.RatisPipelineProvider (RatisPipelineProvider.java:lambda$create$0(205)) - Sending CreatePipelineCommand for pipeline:PipelineID=bcf6663f-c7b0-4e0e-ab8f-bd8ed6f243e6 to datanode:0045c317-f62f-4f57-91f4-beda1a434bec
2024-06-12 03:12:43,015 [RatisPipelineUtilsThread-0] INFO  pipeline.BackgroundPipelineCreator (BackgroundPipelineCreator.java:createPipelines(236)) - Created new pipeline Pipeline[ Id: bcf6663f-c7b0-4e0e-ab8f-bd8ed6f243e6, Nodes: 15a53066-cbd8-4f19-b9a5-7cdb9ae22392(localhost/127.0.0.1)4ff6fc3e-a64b-47a9-abec-2b416c3c87bd(localhost/127.0.0.1)0045c317-f62f-4f57-91f4-beda1a434bec(localhost/127.0.0.1), ReplicationConfig: RATIS/THREE, State:ALLOCATED, leaderId:, CreationTimestamp2024-06-12T03:12:43.013947550Z[Etc/UTC]]
2024-06-12 03:12:43,017 [RatisPipelineUtilsThread-0] INFO  pipeline.RatisPipelineProvider (RatisPipelineProvider.java:lambda$create$0(205)) - Sending CreatePipelineCommand for pipeline:PipelineID=3b8265a4-f975-4030-927c-ea9261661438 to datanode:0045c317-f62f-4f57-91f4-beda1a434bec
2024-06-12 03:12:43,017 [RatisPipelineUtilsThread-0] INFO  pipeline.RatisPipelineProvider (RatisPipelineProvider.java:lambda$create$0(205)) - Sending CreatePipelineCommand for pipeline:PipelineID=3b8265a4-f975-4030-927c-ea9261661438 to datanode:4ff6fc3e-a64b-47a9-abec-2b416c3c87bd
2024-06-12 03:12:43,017 [RatisPipelineUtilsThread-0] INFO  pipeline.RatisPipelineProvider (RatisPipelineProvider.java:lambda$create$0(205)) - Sending CreatePipelineCommand for pipeline:PipelineID=3b8265a4-f975-4030-927c-ea9261661438 to datanode:15a53066-cbd8-4f19-b9a5-7cdb9ae22392
2024-06-12 03:12:43,018 [RatisPipelineUtilsThread-0] INFO  pipeline.PipelineManagerImpl (PipelineManagerImpl.java:recordMetricsForPipeline(916)) - Pipeline: PipelineID=3b8265a4-f975-4030-927c-ea9261661438 contains same datanodes as previous pipelines: PipelineID=bcf6663f-c7b0-4e0e-ab8f-bd8ed6f243e6 nodeIds: 0045c317-f62f-4f57-91f4-beda1a434bec, 4ff6fc3e-a64b-47a9-abec-2b416c3c87bd, 15a53066-cbd8-4f19-b9a5-7cdb9ae22392
2024-06-12 03:12:43,019 [RatisPipelineUtilsThread-0] INFO  pipeline.BackgroundPipelineCreator (BackgroundPipelineCreator.java:createPipelines(236)) - Created new pipeline Pipeline[ Id: 3b8265a4-f975-4030-927c-ea9261661438, Nodes: 0045c317-f62f-4f57-91f4-beda1a434bec(localhost/127.0.0.1)4ff6fc3e-a64b-47a9-abec-2b416c3c87bd(localhost/127.0.0.1)15a53066-cbd8-4f19-b9a5-7cdb9ae22392(localhost/127.0.0.1), ReplicationConfig: RATIS/THREE, State:ALLOCATED, leaderId:, CreationTimestamp2024-06-12T03:12:43.017093710Z[Etc/UTC]]
2024-06-12 03:12:44,006 [main] INFO  ozone.MiniOzoneClusterImpl (MiniOzoneClusterImpl.java:lambda$waitForClusterToBeReady$0(194)) - Nodes are ready. Got 3 of 3 DN Heartbeats.
2024-06-12 03:12:44,006 [main] INFO  ozone.MiniOzoneClusterImpl (MiniOzoneClusterImpl.java:lambda$waitForClusterToBeReady$0(197)) - Waiting for cluster to exit safe mode
2024-06-12 03:12:44,006 [main] INFO  ozone.MiniOzoneClusterImpl (MiniOzoneClusterImpl.java:lambda$waitForClusterToBeReady$0(199)) - SCM became leader
2024-06-12 03:12:45,006 [main] INFO  ozone.MiniOzoneClusterImpl (MiniOzoneClusterImpl.java:lambda$waitForClusterToBeReady$0(194)) - Nodes are ready. Got 3 of 3 DN Heartbeats.
2024-06-12 03:12:45,006 [main] INFO  ozone.MiniOzoneClusterImpl (MiniOzoneClusterImpl.java:lambda$waitForClusterToBeReady$0(197)) - Waiting for cluster to exit safe mode
2024-06-12 03:12:45,006 [main] INFO  ozone.MiniOzoneClusterImpl (MiniOzoneClusterImpl.java:lambda$waitForClusterToBeReady$0(199)) - SCM became leader
2024-06-12 03:12:45,815 [4ff6fc3e-a64b-47a9-abec-2b416c3c87bd-PipelineCommandHandlerThread-0] INFO  server.RaftServer (RaftServerProxy.java:addNew(100)) - 4ff6fc3e-a64b-47a9-abec-2b416c3c87bd: addNew group-C64C133DE0B5:[4ff6fc3e-a64b-47a9-abec-2b416c3c87bd|127.0.0.1:15014] returns group-C64C133DE0B5:java.util.concurrent.CompletableFuture@549ad1dc[Not completed]
2024-06-12 03:12:45,820 [4ff6fc3e-a64b-47a9-abec-2b416c3c87bd-groupManagement] INFO  server.RaftServer$Division (RaftServerImpl.java:<init>(256)) - 4ff6fc3e-a64b-47a9-abec-2b416c3c87bd: new RaftServerImpl for group-C64C133DE0B5:[4ff6fc3e-a64b-47a9-abec-2b416c3c87bd|127.0.0.1:15014] with ContainerStateMachine:uninitialized
2024-06-12 03:12:45,820 [4ff6fc3e-a64b-47a9-abec-2b416c3c87bd-groupManagement] INFO  server.RaftServerConfigKeys (ConfUtils.java:logGet(46)) - raft.server.rpc.timeout.min = 5s (custom)
2024-06-12 03:12:45,820 [4ff6fc3e-a64b-47a9-abec-2b416c3c87bd-groupManagement] INFO  server.RaftServerConfigKeys (ConfUtils.java:logGet(46)) - raft.server.rpc.timeout.max = 5200ms (custom)
2024-06-12 03:12:45,820 [4ff6fc3e-a64b-47a9-abec-2b416c3c87bd-groupManagement] INFO  server.RaftServerConfigKeys (ConfUtils.java:logGet(46)) - raft.server.rpc.sleep.time = 25ms (default)
2024-06-12 03:12:45,820 [4ff6fc3e-a64b-47a9-abec-2b416c3c87bd-groupManagement] INFO  server.RaftServerConfigKeys (ConfUtils.java:logGet(46)) - raft.server.rpc.slowness.timeout = 300s (custom)
2024-06-12 03:12:45,820 [4ff6fc3e-a64b-47a9-abec-2b416c3c87bd-groupManagement] INFO  server.RaftServerConfigKeys (ConfUtils.java:logGet(46)) - raft.server.leaderelection.leader.step-down.wait-time = 10s (default)
2024-06-12 03:12:45,820 [4ff6fc3e-a64b-47a9-abec-2b416c3c87bd-groupManagement] INFO  server.RaftServerConfigKeys (ConfUtils.java:logGet(46)) - raft.server.leaderelection.member.majority-add = false (default)
2024-06-12 03:12:45,820 [4ff6fc3e-a64b-47a9-abec-2b416c3c87bd-groupManagement] INFO  server.RaftServerConfigKeys (ConfUtils.java:logGet(46)) - raft.server.sleep.deviation.threshold = 300ms (default)
2024-06-12 03:12:45,821 [4ff6fc3e-a64b-47a9-abec-2b416c3c87bd-groupManagement] INFO  server.RaftServer$Division (ServerState.java:<init>(113)) - 4ff6fc3e-a64b-47a9-abec-2b416c3c87bd@group-C64C133DE0B5: ConfigurationManager, init=-1: peers:[4ff6fc3e-a64b-47a9-abec-2b416c3c87bd|127.0.0.1:15014]|listeners:[], old=null, confs=<EMPTY_MAP>
2024-06-12 03:12:45,821 [4ff6fc3e-a64b-47a9-abec-2b416c3c87bd-groupManagement] INFO  server.RaftServerConfigKeys (ConfUtils.java:logGet(46)) - raft.server.notification.no-leader.timeout = 300s (custom)
2024-06-12 03:12:45,821 [4ff6fc3e-a64b-47a9-abec-2b416c3c87bd-groupManagement] INFO  server.RaftServerConfigKeys (ConfUtils.java:logGet(46)) - raft.server.read.timeout = 10s (default)
2024-06-12 03:12:45,821 [4ff6fc3e-a64b-47a9-abec-2b416c3c87bd-groupManagement] INFO  server.RaftServerConfigKeys (ConfUtils.java:logGet(46)) - raft.server.retrycache.expirytime = 600000ms (custom)
2024-06-12 03:12:45,821 [4ff6fc3e-a64b-47a9-abec-2b416c3c87bd-groupManagement] INFO  server.RaftServerConfigKeys (ConfUtils.java:logGet(46)) - raft.server.retrycache.statistics.expirytime = 100ms (default)
2024-06-12 03:12:45,821 [4ff6fc3e-a64b-47a9-abec-2b416c3c87bd-groupManagement] INFO  server.RaftServerConfigKeys (ConfUtils.java:logGet(46)) - raft.server.read.option = DEFAULT (default)
2024-06-12 03:12:45,821 [4ff6fc3e-a64b-47a9-abec-2b416c3c87bd-groupManagement] INFO  server.RaftServerConfigKeys (ConfUtils.java:logGet(46)) - raft.server.read.read-after-write-consistent.write-index-cache.expiry-time = 60s (default)
2024-06-12 03:12:45,827 [4ff6fc3e-a64b-47a9-abec-2b416c3c87bd-groupManagement] INFO  server.RaftServerConfigKeys (ConfUtils.java:logGet(46)) - raft.server.rpc.request.timeout = 60s (custom)
2024-06-12 03:12:45,827 [4ff6fc3e-a64b-47a9-abec-2b416c3c87bd-groupManagement] INFO  server.RaftServerConfigKeys (ConfUtils.java:logGet(46)) - raft.server.log.appender.install.snapshot.enabled = false (custom)
2024-06-12 03:12:45,827 [4ff6fc3e-a64b-47a9-abec-2b416c3c87bd-groupManagement] INFO  server.RaftServerConfigKeys (ConfUtils.java:logGet(46)) - raft.server.threadpool.server.cached = true (default)
2024-06-12 03:12:45,827 [4ff6fc3e-a64b-47a9-abec-2b416c3c87bd-groupManagement] INFO  server.RaftServerConfigKeys (ConfUtils.java:logGet(46)) - raft.server.threadpool.server.size = 0 (default)
2024-06-12 03:12:45,827 [4ff6fc3e-a64b-47a9-abec-2b416c3c87bd-groupManagement] INFO  server.RaftServerConfigKeys (ConfUtils.java:logGet(46)) - raft.server.threadpool.client.cached = true (default)
2024-06-12 03:12:45,827 [4ff6fc3e-a64b-47a9-abec-2b416c3c87bd-groupManagement] INFO  server.RaftServerConfigKeys (ConfUtils.java:logGet(46)) - raft.server.threadpool.client.size = 0 (default)
2024-06-12 03:12:45,827 [4ff6fc3e-a64b-47a9-abec-2b416c3c87bd-groupManagement] INFO  server.RaftServerConfigKeys (ConfUtils.java:logGet(46)) - raft.server.storage.free-space.min = 0MB (=0) (default)
2024-06-12 03:12:45,827 [4ff6fc3e-a64b-47a9-abec-2b416c3c87bd-groupManagement] INFO  server.RaftServerConfigKeys (ConfUtils.java:logGet(46)) - raft.server.log.corruption.policy = EXCEPTION (default)
2024-06-12 03:12:45,828 [4ff6fc3e-a64b-47a9-abec-2b416c3c87bd-groupManagement] INFO  server.RaftServerConfigKeys (ConfUtils.java:logGet(46)) - raft.server.storage.dir = [/home/runner/work/ozone/ozone/hadoop-ozone/integration-test/target/test-dir/MiniOzoneClusterImpl-2da4ef03-bf4e-4b68-9b16-b615eb45abb7/ozone-meta/datanode-1/ratis] (custom)
2024-06-12 03:12:45,828 [4ff6fc3e-a64b-47a9-abec-2b416c3c87bd-groupManagement] INFO  storage.RaftStorageDirectory (RaftStorageDirectoryImpl.java:analyzeStorage(138)) - The storage directory /home/runner/work/ozone/ozone/hadoop-ozone/integration-test/target/test-dir/MiniOzoneClusterImpl-2da4ef03-bf4e-4b68-9b16-b615eb45abb7/ozone-meta/datanode-1/ratis/9aa45a94-95fa-4bbe-98b2-c64c133de0b5 does not exist. Creating ...
2024-06-12 03:12:45,829 [4ff6fc3e-a64b-47a9-abec-2b416c3c87bd-groupManagement] INFO  storage.RaftStorageDirectory (RaftStorageDirectoryImpl.java:tryLock(228)) - Lock on /home/runner/work/ozone/ozone/hadoop-ozone/integration-test/target/test-dir/MiniOzoneClusterImpl-2da4ef03-bf4e-4b68-9b16-b615eb45abb7/ozone-meta/datanode-1/ratis/9aa45a94-95fa-4bbe-98b2-c64c133de0b5/in_use.lock acquired by nodename 94480@fv-az771-543
2024-06-12 03:12:45,831 [4ff6fc3e-a64b-47a9-abec-2b416c3c87bd-groupManagement] INFO  storage.RaftStorage (RaftStorageImpl.java:format(99)) - Storage directory /home/runner/work/ozone/ozone/hadoop-ozone/integration-test/target/test-dir/MiniOzoneClusterImpl-2da4ef03-bf4e-4b68-9b16-b615eb45abb7/ozone-meta/datanode-1/ratis/9aa45a94-95fa-4bbe-98b2-c64c133de0b5 has been successfully formatted.
2024-06-12 03:12:45,831 [4ff6fc3e-a64b-47a9-abec-2b416c3c87bd-groupManagement] WARN  util.FileUtils (LogUtils.java:supplyAndLog(63)) - Failed to Files.newInputStream /home/runner/work/ozone/ozone/hadoop-ozone/integration-test/target/test-dir/MiniOzoneClusterImpl-2da4ef03-bf4e-4b68-9b16-b615eb45abb7/ozone-meta/datanode-1/ratis/9aa45a94-95fa-4bbe-98b2-c64c133de0b5/current/raft-meta.conf with options []: java.nio.file.NoSuchFileException: /home/runner/work/ozone/ozone/hadoop-ozone/integration-test/target/test-dir/MiniOzoneClusterImpl-2da4ef03-bf4e-4b68-9b16-b615eb45abb7/ozone-meta/datanode-1/ratis/9aa45a94-95fa-4bbe-98b2-c64c133de0b5/current/raft-meta.conf
2024-06-12 03:12:45,834 [4ff6fc3e-a64b-47a9-abec-2b416c3c87bd-groupManagement] INFO  ratis.ContainerStateMachine (ContainerStateMachine.java:loadSnapshot(287)) - group-C64C133DE0B5: The snapshot info is null. Setting the last applied index to:(t:0, i:~)
2024-06-12 03:12:45,834 [4ff6fc3e-a64b-47a9-abec-2b416c3c87bd-groupManagement] INFO  server.RaftServerConfigKeys (ConfUtils.java:logGet(46)) - raft.server.log.use.memory = false (default)
2024-06-12 03:12:45,834 [4ff6fc3e-a64b-47a9-abec-2b416c3c87bd-groupManagement] INFO  server.RaftServerConfigKeys (ConfUtils.java:logGet(46)) - raft.server.log.purge.gap = 1000000 (custom)
2024-06-12 03:12:45,834 [4ff6fc3e-a64b-47a9-abec-2b416c3c87bd-groupManagement] INFO  server.RaftServerConfigKeys (ConfUtils.java:logGet(46)) - raft.server.log.appender.buffer.byte-limit = 8388608 (custom)
2024-06-12 03:12:45,834 [4ff6fc3e-a64b-47a9-abec-2b416c3c87bd-groupManagement] INFO  server.RaftServerConfigKeys (ConfUtils.java:logGet(46)) - raft.server.log.statemachine.data.read.timeout = 1000ms (default)
2024-06-12 03:12:45,835 [4ff6fc3e-a64b-47a9-abec-2b416c3c87bd-groupManagement] INFO  server.RaftServerConfigKeys (ConfUtils.java:logGet(46)) - raft.server.log.purge.preservation.log.num = 0 (default)
2024-06-12 03:12:45,838 [4ff6fc3e-a64b-47a9-abec-2b416c3c87bd-groupManagement] INFO  server.RaftServerConfigKeys (ConfUtils.java:logGet(46)) - raft.server.log.segment.size.max = 67108864 (custom)
2024-06-12 03:12:45,838 [4ff6fc3e-a64b-47a9-abec-2b416c3c87bd-groupManagement] INFO  server.RaftServerConfigKeys (ConfUtils.java:logGet(46)) - raft.server.log.segment.cache.num.max = 2 (custom)
2024-06-12 03:12:45,838 [4ff6fc3e-a64b-47a9-abec-2b416c3c87bd-groupManagement] INFO  server.RaftServerConfigKeys (ConfUtils.java:logGet(46)) - raft.server.log.segment.cache.size.max = 200MB (=209715200) (default)
2024-06-12 03:12:45,839 [4ff6fc3e-a64b-47a9-abec-2b416c3c87bd-groupManagement] INFO  server.RaftServerConfigKeys (ConfUtils.java:logGet(46)) - raft.server.log.appender.buffer.byte-limit = 8388608 (custom)
2024-06-12 03:12:45,839 [4ff6fc3e-a64b-47a9-abec-2b416c3c87bd-groupManagement] INFO  util.AwaitToRun (AwaitToRun.java:start(81)) - Thread[4ff6fc3e-a64b-47a9-abec-2b416c3c87bd@group-C64C133DE0B5-cacheEviction-AwaitToRun,5,main] started
2024-06-12 03:12:45,839 [4ff6fc3e-a64b-47a9-abec-2b416c3c87bd-groupManagement] INFO  segmented.SegmentedRaftLogWorker (SegmentedRaftLogWorker.java:<init>(182)) - new 4ff6fc3e-a64b-47a9-abec-2b416c3c87bd@group-C64C133DE0B5-SegmentedRaftLogWorker for RaftStorageImpl:Storage Directory /home/runner/work/ozone/ozone/hadoop-ozone/integration-test/target/test-dir/MiniOzoneClusterImpl-2da4ef03-bf4e-4b68-9b16-b615eb45abb7/ozone-meta/datanode-1/ratis/9aa45a94-95fa-4bbe-98b2-c64c133de0b5
2024-06-12 03:12:45,839 [4ff6fc3e-a64b-47a9-abec-2b416c3c87bd-groupManagement] INFO  server.RaftServerConfigKeys (ConfUtils.java:logGet(46)) - raft.server.log.queue.byte-limit = 4294967296 (custom)
2024-06-12 03:12:45,839 [4ff6fc3e-a64b-47a9-abec-2b416c3c87bd-groupManagement] INFO  server.RaftServerConfigKeys (ConfUtils.java:logGet(46)) - raft.server.log.queue.element-limit = 1024 (custom)
2024-06-12 03:12:45,839 [4ff6fc3e-a64b-47a9-abec-2b416c3c87bd-groupManagement] INFO  server.RaftServerConfigKeys (ConfUtils.java:logGet(46)) - raft.server.log.segment.size.max = 67108864 (custom)
2024-06-12 03:12:45,839 [4ff6fc3e-a64b-47a9-abec-2b416c3c87bd-groupManagement] INFO  server.RaftServerConfigKeys (ConfUtils.java:logGet(46)) - raft.server.log.preallocated.size = 4194304 (custom)
2024-06-12 03:12:45,839 [4ff6fc3e-a64b-47a9-abec-2b416c3c87bd-groupManagement] INFO  server.RaftServerConfigKeys (ConfUtils.java:logGet(46)) - raft.server.log.force.sync.num = 128 (default)
2024-06-12 03:12:45,839 [4ff6fc3e-a64b-47a9-abec-2b416c3c87bd-groupManagement] INFO  server.RaftServerConfigKeys (ConfUtils.java:logGet(46)) - raft.server.log.statemachine.data.sync = true (default)
2024-06-12 03:12:45,839 [4ff6fc3e-a64b-47a9-abec-2b416c3c87bd-groupManagement] INFO  server.RaftServerConfigKeys (ConfUtils.java:logGet(46)) - raft.server.log.statemachine.data.sync.timeout = 10s (default)
2024-06-12 03:12:45,840 [4ff6fc3e-a64b-47a9-abec-2b416c3c87bd-groupManagement] INFO  server.RaftServerConfigKeys (ConfUtils.java:logGet(46)) - raft.server.log.statemachine.data.sync.timeout.retry = 30 (custom)
2024-06-12 03:12:45,840 [4ff6fc3e-a64b-47a9-abec-2b416c3c87bd-groupManagement] INFO  server.RaftServerConfigKeys (ConfUtils.java:logGet(46)) - raft.server.log.write.buffer.size = 8388616 (custom)
2024-06-12 03:12:45,842 [4ff6fc3e-a64b-47a9-abec-2b416c3c87bd-groupManagement] INFO  server.RaftServerConfigKeys (ConfUtils.java:logGet(46)) - raft.server.log.appender.buffer.byte-limit = 8388608 (custom)
2024-06-12 03:12:45,843 [4ff6fc3e-a64b-47a9-abec-2b416c3c87bd-groupManagement] INFO  server.RaftServerConfigKeys (ConfUtils.java:logGet(46)) - raft.server.log.unsafe-flush.enabled = false (default)
2024-06-12 03:12:45,843 [4ff6fc3e-a64b-47a9-abec-2b416c3c87bd-groupManagement] INFO  server.RaftServerConfigKeys (ConfUtils.java:logGet(46)) - raft.server.log.async-flush.enabled = false (default)
2024-06-12 03:12:45,843 [4ff6fc3e-a64b-47a9-abec-2b416c3c87bd-groupManagement] INFO  server.RaftServerConfigKeys (ConfUtils.java:logGet(46)) - raft.server.log.statemachine.data.caching.enabled = true (custom)
2024-06-12 03:12:45,843 [4ff6fc3e-a64b-47a9-abec-2b416c3c87bd-groupManagement] INFO  segmented.SegmentedRaftLogWorker (SegmentedRaftLogWorker.java:lambda$new$0(134)) - 4ff6fc3e-a64b-47a9-abec-2b416c3c87bd@group-C64C133DE0B5-SegmentedRaftLogWorker: flushIndex: setUnconditionally 0 -> -1
2024-06-12 03:12:45,843 [4ff6fc3e-a64b-47a9-abec-2b416c3c87bd-groupManagement] INFO  segmented.SegmentedRaftLogWorker (SegmentedRaftLogWorker.java:lambda$new$0(134)) - 4ff6fc3e-a64b-47a9-abec-2b416c3c87bd@group-C64C133DE0B5-SegmentedRaftLogWorker: safeCacheEvictIndex: setUnconditionally 0 -> -1
2024-06-12 03:12:45,843 [4ff6fc3e-a64b-47a9-abec-2b416c3c87bd-groupManagement] INFO  server.RaftServer$Division (RaftServerImpl.java:start(396)) - 4ff6fc3e-a64b-47a9-abec-2b416c3c87bd@group-C64C133DE0B5: start as a follower, conf=-1: peers:[4ff6fc3e-a64b-47a9-abec-2b416c3c87bd|127.0.0.1:15014]|listeners:[], old=null
2024-06-12 03:12:45,844 [4ff6fc3e-a64b-47a9-abec-2b416c3c87bd-groupManagement] INFO  server.RaftServer$Division (RaftServerImpl.java:setRole(383)) - 4ff6fc3e-a64b-47a9-abec-2b416c3c87bd@group-C64C133DE0B5: changes role from      null to FOLLOWER at term 0 for startAsFollower
2024-06-12 03:12:45,844 [4ff6fc3e-a64b-47a9-abec-2b416c3c87bd-groupManagement] INFO  impl.RoleInfo (RoleInfo.java:updateAndGet(139)) - 4ff6fc3e-a64b-47a9-abec-2b416c3c87bd: start 4ff6fc3e-a64b-47a9-abec-2b416c3c87bd@group-C64C133DE0B5-FollowerState
2024-06-12 03:12:45,845 [4ff6fc3e-a64b-47a9-abec-2b416c3c87bd@group-C64C133DE0B5-FollowerState] INFO  server.RaftServerConfigKeys (ConfUtils.java:logFallback(53)) - raft.server.rpc.first-election.timeout.min = 5s (fallback to raft.server.rpc.timeout.min)
2024-06-12 03:12:45,846 [4ff6fc3e-a64b-47a9-abec-2b416c3c87bd@group-C64C133DE0B5-FollowerState] INFO  server.RaftServerConfigKeys (ConfUtils.java:logFallback(53)) - raft.server.rpc.first-election.timeout.max = 5200ms (fallback to raft.server.rpc.timeout.max)
2024-06-12 03:12:45,845 [4ff6fc3e-a64b-47a9-abec-2b416c3c87bd-groupManagement] INFO  util.JmxRegister (JmxRegister.java:tryRegister(44)) - Successfully registered JMX Bean with object name Ratis:service=RaftServer,group=group-C64C133DE0B5,id=4ff6fc3e-a64b-47a9-abec-2b416c3c87bd
2024-06-12 03:12:45,846 [4ff6fc3e-a64b-47a9-abec-2b416c3c87bd-groupManagement] INFO  server.RaftServerConfigKeys (ConfUtils.java:logGet(46)) - raft.server.snapshot.trigger-when-stop.enabled = true (default)
2024-06-12 03:12:45,846 [4ff6fc3e-a64b-47a9-abec-2b416c3c87bd-groupManagement] INFO  server.RaftServerConfigKeys (ConfUtils.java:logGet(46)) - raft.server.snapshot.auto.trigger.enabled = true (custom)
2024-06-12 03:12:45,846 [4ff6fc3e-a64b-47a9-abec-2b416c3c87bd-groupManagement] INFO  server.RaftServerConfigKeys (ConfUtils.java:logGet(46)) - raft.server.snapshot.auto.trigger.threshold = 10000 (custom)
2024-06-12 03:12:45,846 [4ff6fc3e-a64b-47a9-abec-2b416c3c87bd-groupManagement] INFO  server.RaftServerConfigKeys (ConfUtils.java:logGet(46)) - raft.server.snapshot.retention.file.num = 5 (custom)
2024-06-12 03:12:45,846 [4ff6fc3e-a64b-47a9-abec-2b416c3c87bd-groupManagement] INFO  server.RaftServerConfigKeys (ConfUtils.java:logGet(46)) - raft.server.log.purge.upto.snapshot.index = false (default)
2024-06-12 03:12:45,847 [EventQueue-PipelineReportForPipelineReportHandler] INFO  pipeline.PipelineReportHandler (PipelineReportHandler.java:processPipelineReport(136)) - Opened pipeline PipelineID=9aa45a94-95fa-4bbe-98b2-c64c133de0b5
2024-06-12 03:12:45,848 [EventQueue-OpenPipelineForHealthyPipelineSafeModeRule] INFO  safemode.SCMSafeModeManager (HealthyPipelineSafeModeRule.java:process(140)) - SCM in safe mode. Healthy pipelines reported count is 0, required healthy pipeline reported count is 1
2024-06-12 03:12:45,852 [4ff6fc3e-a64b-47a9-abec-2b416c3c87bd-PipelineCommandHandlerThread-0] INFO  ratis.XceiverServerRatis (XceiverServerRatis.java:addGroup(864)) - Created group PipelineID=9aa45a94-95fa-4bbe-98b2-c64c133de0b5
2024-06-12 03:12:45,852 [4ff6fc3e-a64b-47a9-abec-2b416c3c87bd-PipelineCommandHandlerThread-0] INFO  commandhandler.CreatePipelineCommandHandler (CreatePipelineCommandHandler.java:lambda$handle$2(124)) - Created Pipeline RATIS ONE PipelineID=9aa45a94-95fa-4bbe-98b2-c64c133de0b5.
2024-06-12 03:12:45,853 [4ff6fc3e-a64b-47a9-abec-2b416c3c87bd-PipelineCommandHandlerThread-0] INFO  server.RaftServer (RaftServerProxy.java:addNew(100)) - 4ff6fc3e-a64b-47a9-abec-2b416c3c87bd: addNew group-BD8ED6F243E6:[4ff6fc3e-a64b-47a9-abec-2b416c3c87bd|127.0.0.1:15014, 15a53066-cbd8-4f19-b9a5-7cdb9ae22392|127.0.0.1:15023, 0045c317-f62f-4f57-91f4-beda1a434bec|127.0.0.1:15032] returns group-BD8ED6F243E6:java.util.concurrent.CompletableFuture@7b21446[Not completed]
2024-06-12 03:12:45,854 [4ff6fc3e-a64b-47a9-abec-2b416c3c87bd-groupManagement] INFO  server.RaftServer$Division (RaftServerImpl.java:<init>(256)) - 4ff6fc3e-a64b-47a9-abec-2b416c3c87bd: new RaftServerImpl for group-BD8ED6F243E6:[4ff6fc3e-a64b-47a9-abec-2b416c3c87bd|127.0.0.1:15014, 15a53066-cbd8-4f19-b9a5-7cdb9ae22392|127.0.0.1:15023, 0045c317-f62f-4f57-91f4-beda1a434bec|127.0.0.1:15032] with ContainerStateMachine:uninitialized
2024-06-12 03:12:45,854 [4ff6fc3e-a64b-47a9-abec-2b416c3c87bd-groupManagement] INFO  server.RaftServerConfigKeys (ConfUtils.java:logGet(46)) - raft.server.rpc.timeout.min = 5s (custom)
2024-06-12 03:12:45,854 [4ff6fc3e-a64b-47a9-abec-2b416c3c87bd-groupManagement] INFO  server.RaftServerConfigKeys (ConfUtils.java:logGet(46)) - raft.server.rpc.timeout.max = 5200ms (custom)
2024-06-12 03:12:45,854 [4ff6fc3e-a64b-47a9-abec-2b416c3c87bd-groupManagement] INFO  server.RaftServerConfigKeys (ConfUtils.java:logGet(46)) - raft.server.rpc.sleep.time = 25ms (default)
2024-06-12 03:12:45,854 [4ff6fc3e-a64b-47a9-abec-2b416c3c87bd-groupManagement] INFO  server.RaftServerConfigKeys (ConfUtils.java:logGet(46)) - raft.server.rpc.slowness.timeout = 300s (custom)
2024-06-12 03:12:45,854 [4ff6fc3e-a64b-47a9-abec-2b416c3c87bd-groupManagement] INFO  server.RaftServerConfigKeys (ConfUtils.java:logGet(46)) - raft.server.leaderelection.leader.step-down.wait-time = 10s (default)
2024-06-12 03:12:45,855 [4ff6fc3e-a64b-47a9-abec-2b416c3c87bd-groupManagement] INFO  server.RaftServerConfigKeys (ConfUtils.java:logGet(46)) - raft.server.leaderelection.member.majority-add = false (default)
2024-06-12 03:12:45,855 [4ff6fc3e-a64b-47a9-abec-2b416c3c87bd-groupManagement] INFO  server.RaftServerConfigKeys (ConfUtils.java:logGet(46)) - raft.server.sleep.deviation.threshold = 300ms (default)
2024-06-12 03:12:45,855 [4ff6fc3e-a64b-47a9-abec-2b416c3c87bd-groupManagement] INFO  server.RaftServer$Division (ServerState.java:<init>(113)) - 4ff6fc3e-a64b-47a9-abec-2b416c3c87bd@group-BD8ED6F243E6: ConfigurationManager, init=-1: peers:[4ff6fc3e-a64b-47a9-abec-2b416c3c87bd|127.0.0.1:15014, 15a53066-cbd8-4f19-b9a5-7cdb9ae22392|127.0.0.1:15023, 0045c317-f62f-4f57-91f4-beda1a434bec|127.0.0.1:15032]|listeners:[], old=null, confs=<EMPTY_MAP>
2024-06-12 03:12:45,855 [4ff6fc3e-a64b-47a9-abec-2b416c3c87bd-groupManagement] INFO  server.RaftServerConfigKeys (ConfUtils.java:logGet(46)) - raft.server.notification.no-leader.timeout = 300s (custom)
2024-06-12 03:12:45,855 [4ff6fc3e-a64b-47a9-abec-2b416c3c87bd-groupManagement] INFO  server.RaftServerConfigKeys (ConfUtils.java:logGet(46)) - raft.server.read.timeout = 10s (default)
2024-06-12 03:12:45,855 [4ff6fc3e-a64b-47a9-abec-2b416c3c87bd-groupManagement] INFO  server.RaftServerConfigKeys (ConfUtils.java:logGet(46)) - raft.server.retrycache.expirytime = 600000ms (custom)
2024-06-12 03:12:45,855 [4ff6fc3e-a64b-47a9-abec-2b416c3c87bd-groupManagement] INFO  server.RaftServerConfigKeys (ConfUtils.java:logGet(46)) - raft.server.retrycache.statistics.expirytime = 100ms (default)
2024-06-12 03:12:45,855 [4ff6fc3e-a64b-47a9-abec-2b416c3c87bd-groupManagement] INFO  server.RaftServerConfigKeys (ConfUtils.java:logGet(46)) - raft.server.read.option = DEFAULT (default)
2024-06-12 03:12:45,855 [4ff6fc3e-a64b-47a9-abec-2b416c3c87bd-groupManagement] INFO  server.RaftServerConfigKeys (ConfUtils.java:logGet(46)) - raft.server.read.read-after-write-consistent.write-index-cache.expiry-time = 60s (default)
2024-06-12 03:12:45,860 [4ff6fc3e-a64b-47a9-abec-2b416c3c87bd-groupManagement] INFO  server.RaftServerConfigKeys (ConfUtils.java:logGet(46)) - raft.server.rpc.request.timeout = 60s (custom)
2024-06-12 03:12:45,860 [4ff6fc3e-a64b-47a9-abec-2b416c3c87bd-groupManagement] INFO  server.RaftServerConfigKeys (ConfUtils.java:logGet(46)) - raft.server.log.appender.install.snapshot.enabled = false (custom)
2024-06-12 03:12:45,860 [4ff6fc3e-a64b-47a9-abec-2b416c3c87bd-groupManagement] INFO  server.RaftServerConfigKeys (ConfUtils.java:logGet(46)) - raft.server.threadpool.server.cached = true (default)
2024-06-12 03:12:45,860 [4ff6fc3e-a64b-47a9-abec-2b416c3c87bd-groupManagement] INFO  server.RaftServerConfigKeys (ConfUtils.java:logGet(46)) - raft.server.threadpool.server.size = 0 (default)
2024-06-12 03:12:45,860 [4ff6fc3e-a64b-47a9-abec-2b416c3c87bd-groupManagement] INFO  server.RaftServerConfigKeys (ConfUtils.java:logGet(46)) - raft.server.threadpool.client.cached = true (default)
2024-06-12 03:12:45,860 [4ff6fc3e-a64b-47a9-abec-2b416c3c87bd-groupManagement] INFO  server.RaftServerConfigKeys (ConfUtils.java:logGet(46)) - raft.server.threadpool.client.size = 0 (default)
2024-06-12 03:12:45,860 [4ff6fc3e-a64b-47a9-abec-2b416c3c87bd-groupManagement] INFO  server.RaftServerConfigKeys (ConfUtils.java:logGet(46)) - raft.server.storage.free-space.min = 0MB (=0) (default)
2024-06-12 03:12:45,860 [4ff6fc3e-a64b-47a9-abec-2b416c3c87bd-groupManagement] INFO  server.RaftServerConfigKeys (ConfUtils.java:logGet(46)) - raft.server.log.corruption.policy = EXCEPTION (default)
2024-06-12 03:12:45,860 [4ff6fc3e-a64b-47a9-abec-2b416c3c87bd-groupManagement] INFO  server.RaftServerConfigKeys (ConfUtils.java:logGet(46)) - raft.server.storage.dir = [/home/runner/work/ozone/ozone/hadoop-ozone/integration-test/target/test-dir/MiniOzoneClusterImpl-2da4ef03-bf4e-4b68-9b16-b615eb45abb7/ozone-meta/datanode-1/ratis] (custom)
2024-06-12 03:12:45,861 [4ff6fc3e-a64b-47a9-abec-2b416c3c87bd-groupManagement] INFO  storage.RaftStorageDirectory (RaftStorageDirectoryImpl.java:analyzeStorage(138)) - The storage directory /home/runner/work/ozone/ozone/hadoop-ozone/integration-test/target/test-dir/MiniOzoneClusterImpl-2da4ef03-bf4e-4b68-9b16-b615eb45abb7/ozone-meta/datanode-1/ratis/bcf6663f-c7b0-4e0e-ab8f-bd8ed6f243e6 does not exist. Creating ...
2024-06-12 03:12:45,863 [4ff6fc3e-a64b-47a9-abec-2b416c3c87bd-groupManagement] INFO  storage.RaftStorageDirectory (RaftStorageDirectoryImpl.java:tryLock(228)) - Lock on /home/runner/work/ozone/ozone/hadoop-ozone/integration-test/target/test-dir/MiniOzoneClusterImpl-2da4ef03-bf4e-4b68-9b16-b615eb45abb7/ozone-meta/datanode-1/ratis/bcf6663f-c7b0-4e0e-ab8f-bd8ed6f243e6/in_use.lock acquired by nodename 94480@fv-az771-543
2024-06-12 03:12:45,866 [4ff6fc3e-a64b-47a9-abec-2b416c3c87bd-groupManagement] INFO  storage.RaftStorage (RaftStorageImpl.java:format(99)) - Storage directory /home/runner/work/ozone/ozone/hadoop-ozone/integration-test/target/test-dir/MiniOzoneClusterImpl-2da4ef03-bf4e-4b68-9b16-b615eb45abb7/ozone-meta/datanode-1/ratis/bcf6663f-c7b0-4e0e-ab8f-bd8ed6f243e6 has been successfully formatted.
2024-06-12 03:12:45,866 [4ff6fc3e-a64b-47a9-abec-2b416c3c87bd-groupManagement] WARN  util.FileUtils (LogUtils.java:supplyAndLog(63)) - Failed to Files.newInputStream /home/runner/work/ozone/ozone/hadoop-ozone/integration-test/target/test-dir/MiniOzoneClusterImpl-2da4ef03-bf4e-4b68-9b16-b615eb45abb7/ozone-meta/datanode-1/ratis/bcf6663f-c7b0-4e0e-ab8f-bd8ed6f243e6/current/raft-meta.conf with options []: java.nio.file.NoSuchFileException: /home/runner/work/ozone/ozone/hadoop-ozone/integration-test/target/test-dir/MiniOzoneClusterImpl-2da4ef03-bf4e-4b68-9b16-b615eb45abb7/ozone-meta/datanode-1/ratis/bcf6663f-c7b0-4e0e-ab8f-bd8ed6f243e6/current/raft-meta.conf
2024-06-12 03:12:45,867 [4ff6fc3e-a64b-47a9-abec-2b416c3c87bd-groupManagement] INFO  ratis.ContainerStateMachine (ContainerStateMachine.java:loadSnapshot(287)) - group-BD8ED6F243E6: The snapshot info is null. Setting the last applied index to:(t:0, i:~)
2024-06-12 03:12:45,867 [4ff6fc3e-a64b-47a9-abec-2b416c3c87bd-groupManagement] INFO  server.RaftServerConfigKeys (ConfUtils.java:logGet(46)) - raft.server.log.use.memory = false (default)
2024-06-12 03:12:45,867 [4ff6fc3e-a64b-47a9-abec-2b416c3c87bd-groupManagement] INFO  server.RaftServerConfigKeys (ConfUtils.java:logGet(46)) - raft.server.log.purge.gap = 1000000 (custom)
2024-06-12 03:12:45,867 [4ff6fc3e-a64b-47a9-abec-2b416c3c87bd-groupManagement] INFO  server.RaftServerConfigKeys (ConfUtils.java:logGet(46)) - raft.server.log.appender.buffer.byte-limit = 8388608 (custom)
2024-06-12 03:12:45,867 [4ff6fc3e-a64b-47a9-abec-2b416c3c87bd-groupManagement] INFO  server.RaftServerConfigKeys (ConfUtils.java:logGet(46)) - raft.server.log.statemachine.data.read.timeout = 1000ms (default)
2024-06-12 03:12:45,867 [4ff6fc3e-a64b-47a9-abec-2b416c3c87bd-groupManagement] INFO  server.RaftServerConfigKeys (ConfUtils.java:logGet(46)) - raft.server.log.purge.preservation.log.num = 0 (default)
2024-06-12 03:12:45,870 [4ff6fc3e-a64b-47a9-abec-2b416c3c87bd-groupManagement] INFO  server.RaftServerConfigKeys (ConfUtils.java:logGet(46)) - raft.server.log.segment.size.max = 67108864 (custom)
2024-06-12 03:12:45,870 [EventQueue-OpenPipelineForHealthyPipelineSafeModeRule] INFO  safemode.SCMSafeModeManager (HealthyPipelineSafeModeRule.java:process(140)) - SCM in safe mode. Healthy pipelines reported count is 0, required healthy pipeline reported count is 1
2024-06-12 03:12:45,870 [4ff6fc3e-a64b-47a9-abec-2b416c3c87bd-groupManagement] INFO  server.RaftServerConfigKeys (ConfUtils.java:logGet(46)) - raft.server.log.segment.cache.num.max = 2 (custom)
2024-06-12 03:12:45,871 [4ff6fc3e-a64b-47a9-abec-2b416c3c87bd-groupManagement] INFO  server.RaftServerConfigKeys (ConfUtils.java:logGet(46)) - raft.server.log.segment.cache.size.max = 200MB (=209715200) (default)
2024-06-12 03:12:45,871 [4ff6fc3e-a64b-47a9-abec-2b416c3c87bd-groupManagement] INFO  server.RaftServerConfigKeys (ConfUtils.java:logGet(46)) - raft.server.log.appender.buffer.byte-limit = 8388608 (custom)
2024-06-12 03:12:45,879 [4ff6fc3e-a64b-47a9-abec-2b416c3c87bd-groupManagement] INFO  util.AwaitToRun (AwaitToRun.java:start(81)) - Thread[4ff6fc3e-a64b-47a9-abec-2b416c3c87bd@group-BD8ED6F243E6-cacheEviction-AwaitToRun,5,main] started
2024-06-12 03:12:45,879 [4ff6fc3e-a64b-47a9-abec-2b416c3c87bd-groupManagement] INFO  segmented.SegmentedRaftLogWorker (SegmentedRaftLogWorker.java:<init>(182)) - new 4ff6fc3e-a64b-47a9-abec-2b416c3c87bd@group-BD8ED6F243E6-SegmentedRaftLogWorker for RaftStorageImpl:Storage Directory /home/runner/work/ozone/ozone/hadoop-ozone/integration-test/target/test-dir/MiniOzoneClusterImpl-2da4ef03-bf4e-4b68-9b16-b615eb45abb7/ozone-meta/datanode-1/ratis/bcf6663f-c7b0-4e0e-ab8f-bd8ed6f243e6
2024-06-12 03:12:45,879 [4ff6fc3e-a64b-47a9-abec-2b416c3c87bd-groupManagement] INFO  server.RaftServerConfigKeys (ConfUtils.java:logGet(46)) - raft.server.log.queue.byte-limit = 4294967296 (custom)
2024-06-12 03:12:45,879 [4ff6fc3e-a64b-47a9-abec-2b416c3c87bd-groupManagement] INFO  server.RaftServerConfigKeys (ConfUtils.java:logGet(46)) - raft.server.log.queue.element-limit = 1024 (custom)
2024-06-12 03:12:45,879 [4ff6fc3e-a64b-47a9-abec-2b416c3c87bd-groupManagement] INFO  server.RaftServerConfigKeys (ConfUtils.java:logGet(46)) - raft.server.log.segment.size.max = 67108864 (custom)
2024-06-12 03:12:45,879 [4ff6fc3e-a64b-47a9-abec-2b416c3c87bd-groupManagement] INFO  server.RaftServerConfigKeys (ConfUtils.java:logGet(46)) - raft.server.log.preallocated.size = 4194304 (custom)
2024-06-12 03:12:45,879 [4ff6fc3e-a64b-47a9-abec-2b416c3c87bd-groupManagement] INFO  server.RaftServerConfigKeys (ConfUtils.java:logGet(46)) - raft.server.log.force.sync.num = 128 (default)
2024-06-12 03:12:45,879 [4ff6fc3e-a64b-47a9-abec-2b416c3c87bd-groupManagement] INFO  server.RaftServerConfigKeys (ConfUtils.java:logGet(46)) - raft.server.log.statemachine.data.sync = true (default)
2024-06-12 03:12:45,879 [4ff6fc3e-a64b-47a9-abec-2b416c3c87bd-groupManagement] INFO  server.RaftServerConfigKeys (ConfUtils.java:logGet(46)) - raft.server.log.statemachine.data.sync.timeout = 10s (default)
2024-06-12 03:12:45,879 [4ff6fc3e-a64b-47a9-abec-2b416c3c87bd-groupManagement] INFO  server.RaftServerConfigKeys (ConfUtils.java:logGet(46)) - raft.server.log.statemachine.data.sync.timeout.retry = 30 (custom)
2024-06-12 03:12:45,880 [4ff6fc3e-a64b-47a9-abec-2b416c3c87bd-groupManagement] INFO  server.RaftServerConfigKeys (ConfUtils.java:logGet(46)) - raft.server.log.write.buffer.size = 8388616 (custom)
2024-06-12 03:12:45,882 [4ff6fc3e-a64b-47a9-abec-2b416c3c87bd-groupManagement] INFO  server.RaftServerConfigKeys (ConfUtils.java:logGet(46)) - raft.server.log.appender.buffer.byte-limit = 8388608 (custom)
2024-06-12 03:12:45,882 [4ff6fc3e-a64b-47a9-abec-2b416c3c87bd-groupManagement] INFO  server.RaftServerConfigKeys (ConfUtils.java:logGet(46)) - raft.server.log.unsafe-flush.enabled = false (default)
2024-06-12 03:12:45,882 [4ff6fc3e-a64b-47a9-abec-2b416c3c87bd-groupManagement] INFO  server.RaftServerConfigKeys (ConfUtils.java:logGet(46)) - raft.server.log.async-flush.enabled = false (default)
2024-06-12 03:12:45,882 [4ff6fc3e-a64b-47a9-abec-2b416c3c87bd-groupManagement] INFO  server.RaftServerConfigKeys (ConfUtils.java:logGet(46)) - raft.server.log.statemachine.data.caching.enabled = true (custom)
2024-06-12 03:12:45,882 [4ff6fc3e-a64b-47a9-abec-2b416c3c87bd-groupManagement] INFO  segmented.SegmentedRaftLogWorker (SegmentedRaftLogWorker.java:lambda$new$0(134)) - 4ff6fc3e-a64b-47a9-abec-2b416c3c87bd@group-BD8ED6F243E6-SegmentedRaftLogWorker: flushIndex: setUnconditionally 0 -> -1
2024-06-12 03:12:45,882 [4ff6fc3e-a64b-47a9-abec-2b416c3c87bd-groupManagement] INFO  segmented.SegmentedRaftLogWorker (SegmentedRaftLogWorker.java:lambda$new$0(134)) - 4ff6fc3e-a64b-47a9-abec-2b416c3c87bd@group-BD8ED6F243E6-SegmentedRaftLogWorker: safeCacheEvictIndex: setUnconditionally 0 -> -1
2024-06-12 03:12:45,883 [4ff6fc3e-a64b-47a9-abec-2b416c3c87bd-groupManagement] INFO  server.RaftServer$Division (RaftServerImpl.java:start(396)) - 4ff6fc3e-a64b-47a9-abec-2b416c3c87bd@group-BD8ED6F243E6: start as a follower, conf=-1: peers:[4ff6fc3e-a64b-47a9-abec-2b416c3c87bd|127.0.0.1:15014, 15a53066-cbd8-4f19-b9a5-7cdb9ae22392|127.0.0.1:15023, 0045c317-f62f-4f57-91f4-beda1a434bec|127.0.0.1:15032]|listeners:[], old=null
2024-06-12 03:12:45,883 [4ff6fc3e-a64b-47a9-abec-2b416c3c87bd-groupManagement] INFO  server.RaftServer$Division (RaftServerImpl.java:setRole(383)) - 4ff6fc3e-a64b-47a9-abec-2b416c3c87bd@group-BD8ED6F243E6: changes role from      null to FOLLOWER at term 0 for startAsFollower
2024-06-12 03:12:45,883 [4ff6fc3e-a64b-47a9-abec-2b416c3c87bd-groupManagement] INFO  impl.RoleInfo (RoleInfo.java:updateAndGet(139)) - 4ff6fc3e-a64b-47a9-abec-2b416c3c87bd: start 4ff6fc3e-a64b-47a9-abec-2b416c3c87bd@group-BD8ED6F243E6-FollowerState
2024-06-12 03:12:45,883 [4ff6fc3e-a64b-47a9-abec-2b416c3c87bd@group-BD8ED6F243E6-FollowerState] INFO  server.RaftServerConfigKeys (ConfUtils.java:logFallback(53)) - raft.server.rpc.first-election.timeout.min = 5s (fallback to raft.server.rpc.timeout.min)
2024-06-12 03:12:45,883 [4ff6fc3e-a64b-47a9-abec-2b416c3c87bd@group-BD8ED6F243E6-FollowerState] INFO  server.RaftServerConfigKeys (ConfUtils.java:logFallback(53)) - raft.server.rpc.first-election.timeout.max = 5200ms (fallback to raft.server.rpc.timeout.max)
2024-06-12 03:12:45,883 [4ff6fc3e-a64b-47a9-abec-2b416c3c87bd-groupManagement] INFO  util.JmxRegister (JmxRegister.java:tryRegister(44)) - Successfully registered JMX Bean with object name Ratis:service=RaftServer,group=group-BD8ED6F243E6,id=4ff6fc3e-a64b-47a9-abec-2b416c3c87bd
2024-06-12 03:12:45,884 [4ff6fc3e-a64b-47a9-abec-2b416c3c87bd-groupManagement] INFO  server.RaftServerConfigKeys (ConfUtils.java:logGet(46)) - raft.server.snapshot.trigger-when-stop.enabled = true (default)
2024-06-12 03:12:45,884 [4ff6fc3e-a64b-47a9-abec-2b416c3c87bd-groupManagement] INFO  server.RaftServerConfigKeys (ConfUtils.java:logGet(46)) - raft.server.snapshot.auto.trigger.enabled = true (custom)
2024-06-12 03:12:45,884 [4ff6fc3e-a64b-47a9-abec-2b416c3c87bd-groupManagement] INFO  server.RaftServerConfigKeys (ConfUtils.java:logGet(46)) - raft.server.snapshot.auto.trigger.threshold = 10000 (custom)
2024-06-12 03:12:45,884 [4ff6fc3e-a64b-47a9-abec-2b416c3c87bd-groupManagement] INFO  server.RaftServerConfigKeys (ConfUtils.java:logGet(46)) - raft.server.snapshot.retention.file.num = 5 (custom)
2024-06-12 03:12:45,884 [4ff6fc3e-a64b-47a9-abec-2b416c3c87bd-groupManagement] INFO  server.RaftServerConfigKeys (ConfUtils.java:logGet(46)) - raft.server.log.purge.upto.snapshot.index = false (default)
2024-06-12 03:12:45,887 [4ff6fc3e-a64b-47a9-abec-2b416c3c87bd-PipelineCommandHandlerThread-0] INFO  ratis.XceiverServerRatis (XceiverServerRatis.java:addGroup(864)) - Created group PipelineID=bcf6663f-c7b0-4e0e-ab8f-bd8ed6f243e6
2024-06-12 03:12:45,927 [15a53066-cbd8-4f19-b9a5-7cdb9ae22392-PipelineCommandHandlerThread-0] INFO  server.RaftServer (RaftServerProxy.java:addNew(100)) - 15a53066-cbd8-4f19-b9a5-7cdb9ae22392: addNew group-A93987F554EC:[15a53066-cbd8-4f19-b9a5-7cdb9ae22392|127.0.0.1:15023] returns group-A93987F554EC:java.util.concurrent.CompletableFuture@18283b30[Not completed]
2024-06-12 03:12:45,934 [15a53066-cbd8-4f19-b9a5-7cdb9ae22392-groupManagement] INFO  server.RaftServer$Division (RaftServerImpl.java:<init>(256)) - 15a53066-cbd8-4f19-b9a5-7cdb9ae22392: new RaftServerImpl for group-A93987F554EC:[15a53066-cbd8-4f19-b9a5-7cdb9ae22392|127.0.0.1:15023] with ContainerStateMachine:uninitialized
2024-06-12 03:12:45,935 [15a53066-cbd8-4f19-b9a5-7cdb9ae22392-groupManagement] INFO  server.RaftServerConfigKeys (ConfUtils.java:logGet(46)) - raft.server.rpc.timeout.min = 5s (custom)
2024-06-12 03:12:45,935 [15a53066-cbd8-4f19-b9a5-7cdb9ae22392-groupManagement] INFO  server.RaftServerConfigKeys (ConfUtils.java:logGet(46)) - raft.server.rpc.timeout.max = 5200ms (custom)
2024-06-12 03:12:45,935 [15a53066-cbd8-4f19-b9a5-7cdb9ae22392-groupManagement] INFO  server.RaftServerConfigKeys (ConfUtils.java:logGet(46)) - raft.server.rpc.sleep.time = 25ms (default)
2024-06-12 03:12:45,935 [15a53066-cbd8-4f19-b9a5-7cdb9ae22392-groupManagement] INFO  server.RaftServerConfigKeys (ConfUtils.java:logGet(46)) - raft.server.rpc.slowness.timeout = 300s (custom)
2024-06-12 03:12:45,935 [15a53066-cbd8-4f19-b9a5-7cdb9ae22392-groupManagement] INFO  server.RaftServerConfigKeys (ConfUtils.java:logGet(46)) - raft.server.leaderelection.leader.step-down.wait-time = 10s (default)
2024-06-12 03:12:45,935 [15a53066-cbd8-4f19-b9a5-7cdb9ae22392-groupManagement] INFO  server.RaftServerConfigKeys (ConfUtils.java:logGet(46)) - raft.server.leaderelection.member.majority-add = false (default)
2024-06-12 03:12:45,935 [15a53066-cbd8-4f19-b9a5-7cdb9ae22392-groupManagement] INFO  server.RaftServerConfigKeys (ConfUtils.java:logGet(46)) - raft.server.sleep.deviation.threshold = 300ms (default)
2024-06-12 03:12:45,936 [15a53066-cbd8-4f19-b9a5-7cdb9ae22392-groupManagement] INFO  server.RaftServer$Division (ServerState.java:<init>(113)) - 15a53066-cbd8-4f19-b9a5-7cdb9ae22392@group-A93987F554EC: ConfigurationManager, init=-1: peers:[15a53066-cbd8-4f19-b9a5-7cdb9ae22392|127.0.0.1:15023]|listeners:[], old=null, confs=<EMPTY_MAP>
2024-06-12 03:12:45,936 [15a53066-cbd8-4f19-b9a5-7cdb9ae22392-groupManagement] INFO  server.RaftServerConfigKeys (ConfUtils.java:logGet(46)) - raft.server.notification.no-leader.timeout = 300s (custom)
2024-06-12 03:12:45,936 [15a53066-cbd8-4f19-b9a5-7cdb9ae22392-groupManagement] INFO  server.RaftServerConfigKeys (ConfUtils.java:logGet(46)) - raft.server.read.timeout = 10s (default)
2024-06-12 03:12:45,936 [15a53066-cbd8-4f19-b9a5-7cdb9ae22392-groupManagement] INFO  server.RaftServerConfigKeys (ConfUtils.java:logGet(46)) - raft.server.retrycache.expirytime = 600000ms (custom)
2024-06-12 03:12:45,936 [15a53066-cbd8-4f19-b9a5-7cdb9ae22392-groupManagement] INFO  server.RaftServerConfigKeys (ConfUtils.java:logGet(46)) - raft.server.retrycache.statistics.expirytime = 100ms (default)
2024-06-12 03:12:45,936 [15a53066-cbd8-4f19-b9a5-7cdb9ae22392-groupManagement] INFO  server.RaftServerConfigKeys (ConfUtils.java:logGet(46)) - raft.server.read.option = DEFAULT (default)
2024-06-12 03:12:45,936 [15a53066-cbd8-4f19-b9a5-7cdb9ae22392-groupManagement] INFO  server.RaftServerConfigKeys (ConfUtils.java:logGet(46)) - raft.server.read.read-after-write-consistent.write-index-cache.expiry-time = 60s (default)
2024-06-12 03:12:45,950 [15a53066-cbd8-4f19-b9a5-7cdb9ae22392-groupManagement] INFO  server.RaftServerConfigKeys (ConfUtils.java:logGet(46)) - raft.server.rpc.request.timeout = 60s (custom)
2024-06-12 03:12:45,951 [15a53066-cbd8-4f19-b9a5-7cdb9ae22392-groupManagement] INFO  server.RaftServerConfigKeys (ConfUtils.java:logGet(46)) - raft.server.log.appender.install.snapshot.enabled = false (custom)
2024-06-12 03:12:45,951 [15a53066-cbd8-4f19-b9a5-7cdb9ae22392-groupManagement] INFO  server.RaftServerConfigKeys (ConfUtils.java:logGet(46)) - raft.server.threadpool.server.cached = true (default)
2024-06-12 03:12:45,951 [15a53066-cbd8-4f19-b9a5-7cdb9ae22392-groupManagement] INFO  server.RaftServerConfigKeys (ConfUtils.java:logGet(46)) - raft.server.threadpool.server.size = 0 (default)
2024-06-12 03:12:45,951 [15a53066-cbd8-4f19-b9a5-7cdb9ae22392-groupManagement] INFO  server.RaftServerConfigKeys (ConfUtils.java:logGet(46)) - raft.server.threadpool.client.cached = true (default)
2024-06-12 03:12:45,951 [15a53066-cbd8-4f19-b9a5-7cdb9ae22392-groupManagement] INFO  server.RaftServerConfigKeys (ConfUtils.java:logGet(46)) - raft.server.threadpool.client.size = 0 (default)
2024-06-12 03:12:45,951 [15a53066-cbd8-4f19-b9a5-7cdb9ae22392-groupManagement] INFO  server.RaftServerConfigKeys (ConfUtils.java:logGet(46)) - raft.server.storage.free-space.min = 0MB (=0) (default)
2024-06-12 03:12:45,952 [15a53066-cbd8-4f19-b9a5-7cdb9ae22392-groupManagement] INFO  server.RaftServerConfigKeys (ConfUtils.java:logGet(46)) - raft.server.log.corruption.policy = EXCEPTION (default)
2024-06-12 03:12:45,952 [15a53066-cbd8-4f19-b9a5-7cdb9ae22392-groupManagement] INFO  server.RaftServerConfigKeys (ConfUtils.java:logGet(46)) - raft.server.storage.dir = [/home/runner/work/ozone/ozone/hadoop-ozone/integration-test/target/test-dir/MiniOzoneClusterImpl-2da4ef03-bf4e-4b68-9b16-b615eb45abb7/ozone-meta/datanode-2/ratis] (custom)
2024-06-12 03:12:45,952 [15a53066-cbd8-4f19-b9a5-7cdb9ae22392-groupManagement] INFO  storage.RaftStorageDirectory (RaftStorageDirectoryImpl.java:analyzeStorage(138)) - The storage directory /home/runner/work/ozone/ozone/hadoop-ozone/integration-test/target/test-dir/MiniOzoneClusterImpl-2da4ef03-bf4e-4b68-9b16-b615eb45abb7/ozone-meta/datanode-2/ratis/03f9aa72-5d13-4e64-bc8a-a93987f554ec does not exist. Creating ...
2024-06-12 03:12:45,953 [15a53066-cbd8-4f19-b9a5-7cdb9ae22392-groupManagement] INFO  storage.RaftStorageDirectory (RaftStorageDirectoryImpl.java:tryLock(228)) - Lock on /home/runner/work/ozone/ozone/hadoop-ozone/integration-test/target/test-dir/MiniOzoneClusterImpl-2da4ef03-bf4e-4b68-9b16-b615eb45abb7/ozone-meta/datanode-2/ratis/03f9aa72-5d13-4e64-bc8a-a93987f554ec/in_use.lock acquired by nodename 94480@fv-az771-543
2024-06-12 03:12:45,955 [15a53066-cbd8-4f19-b9a5-7cdb9ae22392-groupManagement] INFO  storage.RaftStorage (RaftStorageImpl.java:format(99)) - Storage directory /home/runner/work/ozone/ozone/hadoop-ozone/integration-test/target/test-dir/MiniOzoneClusterImpl-2da4ef03-bf4e-4b68-9b16-b615eb45abb7/ozone-meta/datanode-2/ratis/03f9aa72-5d13-4e64-bc8a-a93987f554ec has been successfully formatted.
2024-06-12 03:12:45,955 [15a53066-cbd8-4f19-b9a5-7cdb9ae22392-groupManagement] WARN  util.FileUtils (LogUtils.java:supplyAndLog(63)) - Failed to Files.newInputStream /home/runner/work/ozone/ozone/hadoop-ozone/integration-test/target/test-dir/MiniOzoneClusterImpl-2da4ef03-bf4e-4b68-9b16-b615eb45abb7/ozone-meta/datanode-2/ratis/03f9aa72-5d13-4e64-bc8a-a93987f554ec/current/raft-meta.conf with options []: java.nio.file.NoSuchFileException: /home/runner/work/ozone/ozone/hadoop-ozone/integration-test/target/test-dir/MiniOzoneClusterImpl-2da4ef03-bf4e-4b68-9b16-b615eb45abb7/ozone-meta/datanode-2/ratis/03f9aa72-5d13-4e64-bc8a-a93987f554ec/current/raft-meta.conf
2024-06-12 03:12:45,957 [15a53066-cbd8-4f19-b9a5-7cdb9ae22392-groupManagement] INFO  ratis.ContainerStateMachine (ContainerStateMachine.java:loadSnapshot(287)) - group-A93987F554EC: The snapshot info is null. Setting the last applied index to:(t:0, i:~)
2024-06-12 03:12:45,957 [15a53066-cbd8-4f19-b9a5-7cdb9ae22392-groupManagement] INFO  server.RaftServerConfigKeys (ConfUtils.java:logGet(46)) - raft.server.log.use.memory = false (default)
2024-06-12 03:12:45,959 [EventQueue-PipelineReportForPipelineReportHandler] INFO  pipeline.PipelineReportHandler (PipelineReportHandler.java:processPipelineReport(136)) - Opened pipeline PipelineID=03f9aa72-5d13-4e64-bc8a-a93987f554ec
2024-06-12 03:12:45,959 [EventQueue-OpenPipelineForHealthyPipelineSafeModeRule] INFO  safemode.SCMSafeModeManager (HealthyPipelineSafeModeRule.java:process(140)) - SCM in safe mode. Healthy pipelines reported count is 0, required healthy pipeline reported count is 1
2024-06-12 03:12:45,959 [15a53066-cbd8-4f19-b9a5-7cdb9ae22392-groupManagement] INFO  server.RaftServerConfigKeys (ConfUtils.java:logGet(46)) - raft.server.log.purge.gap = 1000000 (custom)
2024-06-12 03:12:45,959 [15a53066-cbd8-4f19-b9a5-7cdb9ae22392-groupManagement] INFO  server.RaftServerConfigKeys (ConfUtils.java:logGet(46)) - raft.server.log.appender.buffer.byte-limit = 8388608 (custom)
2024-06-12 03:12:45,959 [15a53066-cbd8-4f19-b9a5-7cdb9ae22392-groupManagement] INFO  server.RaftServerConfigKeys (ConfUtils.java:logGet(46)) - raft.server.log.statemachine.data.read.timeout = 1000ms (default)
2024-06-12 03:12:45,960 [15a53066-cbd8-4f19-b9a5-7cdb9ae22392-groupManagement] INFO  server.RaftServerConfigKeys (ConfUtils.java:logGet(46)) - raft.server.log.purge.preservation.log.num = 0 (default)
2024-06-12 03:12:45,964 [15a53066-cbd8-4f19-b9a5-7cdb9ae22392-groupManagement] INFO  server.RaftServerConfigKeys (ConfUtils.java:logGet(46)) - raft.server.log.segment.size.max = 67108864 (custom)
2024-06-12 03:12:45,964 [15a53066-cbd8-4f19-b9a5-7cdb9ae22392-groupManagement] INFO  server.RaftServerConfigKeys (ConfUtils.java:logGet(46)) - raft.server.log.segment.cache.num.max = 2 (custom)
2024-06-12 03:12:45,964 [15a53066-cbd8-4f19-b9a5-7cdb9ae22392-groupManagement] INFO  server.RaftServerConfigKeys (ConfUtils.java:logGet(46)) - raft.server.log.segment.cache.size.max = 200MB (=209715200) (default)
2024-06-12 03:12:45,964 [15a53066-cbd8-4f19-b9a5-7cdb9ae22392-groupManagement] INFO  server.RaftServerConfigKeys (ConfUtils.java:logGet(46)) - raft.server.log.appender.buffer.byte-limit = 8388608 (custom)
2024-06-12 03:12:45,965 [15a53066-cbd8-4f19-b9a5-7cdb9ae22392-groupManagement] INFO  util.AwaitToRun (AwaitToRun.java:start(81)) - Thread[15a53066-cbd8-4f19-b9a5-7cdb9ae22392@group-A93987F554EC-cacheEviction-AwaitToRun,5,main] started
2024-06-12 03:12:45,965 [15a53066-cbd8-4f19-b9a5-7cdb9ae22392-groupManagement] INFO  segmented.SegmentedRaftLogWorker (SegmentedRaftLogWorker.java:<init>(182)) - new 15a53066-cbd8-4f19-b9a5-7cdb9ae22392@group-A93987F554EC-SegmentedRaftLogWorker for RaftStorageImpl:Storage Directory /home/runner/work/ozone/ozone/hadoop-ozone/integration-test/target/test-dir/MiniOzoneClusterImpl-2da4ef03-bf4e-4b68-9b16-b615eb45abb7/ozone-meta/datanode-2/ratis/03f9aa72-5d13-4e64-bc8a-a93987f554ec
2024-06-12 03:12:45,965 [15a53066-cbd8-4f19-b9a5-7cdb9ae22392-groupManagement] INFO  server.RaftServerConfigKeys (ConfUtils.java:logGet(46)) - raft.server.log.queue.byte-limit = 4294967296 (custom)
2024-06-12 03:12:45,965 [15a53066-cbd8-4f19-b9a5-7cdb9ae22392-groupManagement] INFO  server.RaftServerConfigKeys (ConfUtils.java:logGet(46)) - raft.server.log.queue.element-limit = 1024 (custom)
2024-06-12 03:12:45,965 [15a53066-cbd8-4f19-b9a5-7cdb9ae22392-groupManagement] INFO  server.RaftServerConfigKeys (ConfUtils.java:logGet(46)) - raft.server.log.segment.size.max = 67108864 (custom)
2024-06-12 03:12:45,965 [15a53066-cbd8-4f19-b9a5-7cdb9ae22392-groupManagement] INFO  server.RaftServerConfigKeys (ConfUtils.java:logGet(46)) - raft.server.log.preallocated.size = 4194304 (custom)
2024-06-12 03:12:45,965 [15a53066-cbd8-4f19-b9a5-7cdb9ae22392-groupManagement] INFO  server.RaftServerConfigKeys (ConfUtils.java:logGet(46)) - raft.server.log.force.sync.num = 128 (default)
2024-06-12 03:12:45,965 [15a53066-cbd8-4f19-b9a5-7cdb9ae22392-groupManagement] INFO  server.RaftServerConfigKeys (ConfUtils.java:logGet(46)) - raft.server.log.statemachine.data.sync = true (default)
2024-06-12 03:12:45,965 [15a53066-cbd8-4f19-b9a5-7cdb9ae22392-groupManagement] INFO  server.RaftServerConfigKeys (ConfUtils.java:logGet(46)) - raft.server.log.statemachine.data.sync.timeout = 10s (default)
2024-06-12 03:12:45,965 [15a53066-cbd8-4f19-b9a5-7cdb9ae22392-groupManagement] INFO  server.RaftServerConfigKeys (ConfUtils.java:logGet(46)) - raft.server.log.statemachine.data.sync.timeout.retry = 30 (custom)
2024-06-12 03:12:45,966 [15a53066-cbd8-4f19-b9a5-7cdb9ae22392-groupManagement] INFO  server.RaftServerConfigKeys (ConfUtils.java:logGet(46)) - raft.server.log.write.buffer.size = 8388616 (custom)
2024-06-12 03:12:45,968 [15a53066-cbd8-4f19-b9a5-7cdb9ae22392-groupManagement] INFO  server.RaftServerConfigKeys (ConfUtils.java:logGet(46)) - raft.server.log.appender.buffer.byte-limit = 8388608 (custom)
2024-06-12 03:12:45,968 [15a53066-cbd8-4f19-b9a5-7cdb9ae22392-groupManagement] INFO  server.RaftServerConfigKeys (ConfUtils.java:logGet(46)) - raft.server.log.unsafe-flush.enabled = false (default)
2024-06-12 03:12:45,968 [15a53066-cbd8-4f19-b9a5-7cdb9ae22392-groupManagement] INFO  server.RaftServerConfigKeys (ConfUtils.java:logGet(46)) - raft.server.log.async-flush.enabled = false (default)
2024-06-12 03:12:45,968 [15a53066-cbd8-4f19-b9a5-7cdb9ae22392-groupManagement] INFO  server.RaftServerConfigKeys (ConfUtils.java:logGet(46)) - raft.server.log.statemachine.data.caching.enabled = true (custom)
2024-06-12 03:12:45,968 [15a53066-cbd8-4f19-b9a5-7cdb9ae22392-groupManagement] INFO  segmented.SegmentedRaftLogWorker (SegmentedRaftLogWorker.java:lambda$new$0(134)) - 15a53066-cbd8-4f19-b9a5-7cdb9ae22392@group-A93987F554EC-SegmentedRaftLogWorker: flushIndex: setUnconditionally 0 -> -1
2024-06-12 03:12:45,969 [15a53066-cbd8-4f19-b9a5-7cdb9ae22392-groupManagement] INFO  segmented.SegmentedRaftLogWorker (SegmentedRaftLogWorker.java:lambda$new$0(134)) - 15a53066-cbd8-4f19-b9a5-7cdb9ae22392@group-A93987F554EC-SegmentedRaftLogWorker: safeCacheEvictIndex: setUnconditionally 0 -> -1
2024-06-12 03:12:45,973 [15a53066-cbd8-4f19-b9a5-7cdb9ae22392-groupManagement] INFO  server.RaftServer$Division (RaftServerImpl.java:start(396)) - 15a53066-cbd8-4f19-b9a5-7cdb9ae22392@group-A93987F554EC: start as a follower, conf=-1: peers:[15a53066-cbd8-4f19-b9a5-7cdb9ae22392|127.0.0.1:15023]|listeners:[], old=null
2024-06-12 03:12:45,973 [15a53066-cbd8-4f19-b9a5-7cdb9ae22392-groupManagement] INFO  server.RaftServer$Division (RaftServerImpl.java:setRole(383)) - 15a53066-cbd8-4f19-b9a5-7cdb9ae22392@group-A93987F554EC: changes role from      null to FOLLOWER at term 0 for startAsFollower
2024-06-12 03:12:45,973 [15a53066-cbd8-4f19-b9a5-7cdb9ae22392-groupManagement] INFO  impl.RoleInfo (RoleInfo.java:updateAndGet(139)) - 15a53066-cbd8-4f19-b9a5-7cdb9ae22392: start 15a53066-cbd8-4f19-b9a5-7cdb9ae22392@group-A93987F554EC-FollowerState
2024-06-12 03:12:45,974 [15a53066-cbd8-4f19-b9a5-7cdb9ae22392-groupManagement] INFO  util.JmxRegister (JmxRegister.java:tryRegister(44)) - Successfully registered JMX Bean with object name Ratis:service=RaftServer,group=group-A93987F554EC,id=15a53066-cbd8-4f19-b9a5-7cdb9ae22392
2024-06-12 03:12:45,974 [15a53066-cbd8-4f19-b9a5-7cdb9ae22392-groupManagement] INFO  server.RaftServerConfigKeys (ConfUtils.java:logGet(46)) - raft.server.snapshot.trigger-when-stop.enabled = true (default)
2024-06-12 03:12:45,974 [15a53066-cbd8-4f19-b9a5-7cdb9ae22392-groupManagement] INFO  server.RaftServerConfigKeys (ConfUtils.java:logGet(46)) - raft.server.snapshot.auto.trigger.enabled = true (custom)
2024-06-12 03:12:45,974 [15a53066-cbd8-4f19-b9a5-7cdb9ae22392-groupManagement] INFO  server.RaftServerConfigKeys (ConfUtils.java:logGet(46)) - raft.server.snapshot.auto.trigger.threshold = 10000 (custom)
2024-06-12 03:12:45,974 [15a53066-cbd8-4f19-b9a5-7cdb9ae22392-groupManagement] INFO  server.RaftServerConfigKeys (ConfUtils.java:logGet(46)) - raft.server.snapshot.retention.file.num = 5 (custom)
2024-06-12 03:12:45,974 [15a53066-cbd8-4f19-b9a5-7cdb9ae22392-groupManagement] INFO  server.RaftServerConfigKeys (ConfUtils.java:logGet(46)) - raft.server.log.purge.upto.snapshot.index = false (default)
2024-06-12 03:12:45,976 [15a53066-cbd8-4f19-b9a5-7cdb9ae22392@group-A93987F554EC-FollowerState] INFO  server.RaftServerConfigKeys (ConfUtils.java:logFallback(53)) - raft.server.rpc.first-election.timeout.min = 5s (fallback to raft.server.rpc.timeout.min)
2024-06-12 03:12:45,976 [15a53066-cbd8-4f19-b9a5-7cdb9ae22392@group-A93987F554EC-FollowerState] INFO  server.RaftServerConfigKeys (ConfUtils.java:logFallback(53)) - raft.server.rpc.first-election.timeout.max = 5200ms (fallback to raft.server.rpc.timeout.max)
2024-06-12 03:12:45,976 [15a53066-cbd8-4f19-b9a5-7cdb9ae22392-PipelineCommandHandlerThread-0] INFO  ratis.XceiverServerRatis (XceiverServerRatis.java:addGroup(864)) - Created group PipelineID=03f9aa72-5d13-4e64-bc8a-a93987f554ec
2024-06-12 03:12:45,976 [15a53066-cbd8-4f19-b9a5-7cdb9ae22392-PipelineCommandHandlerThread-0] INFO  commandhandler.CreatePipelineCommandHandler (CreatePipelineCommandHandler.java:lambda$handle$2(124)) - Created Pipeline RATIS ONE PipelineID=03f9aa72-5d13-4e64-bc8a-a93987f554ec.
2024-06-12 03:12:45,977 [15a53066-cbd8-4f19-b9a5-7cdb9ae22392-PipelineCommandHandlerThread-0] INFO  server.RaftServer (RaftServerProxy.java:addNew(100)) - 15a53066-cbd8-4f19-b9a5-7cdb9ae22392: addNew group-BD8ED6F243E6:[4ff6fc3e-a64b-47a9-abec-2b416c3c87bd|127.0.0.1:15014, 15a53066-cbd8-4f19-b9a5-7cdb9ae22392|127.0.0.1:15023, 0045c317-f62f-4f57-91f4-beda1a434bec|127.0.0.1:15032] returns group-BD8ED6F243E6:java.util.concurrent.CompletableFuture@1c17bced[Not completed]
2024-06-12 03:12:45,978 [15a53066-cbd8-4f19-b9a5-7cdb9ae22392-groupManagement] INFO  server.RaftServer$Division (RaftServerImpl.java:<init>(256)) - 15a53066-cbd8-4f19-b9a5-7cdb9ae22392: new RaftServerImpl for group-BD8ED6F243E6:[4ff6fc3e-a64b-47a9-abec-2b416c3c87bd|127.0.0.1:15014, 15a53066-cbd8-4f19-b9a5-7cdb9ae22392|127.0.0.1:15023, 0045c317-f62f-4f57-91f4-beda1a434bec|127.0.0.1:15032] with ContainerStateMachine:uninitialized
2024-06-12 03:12:45,978 [15a53066-cbd8-4f19-b9a5-7cdb9ae22392-groupManagement] INFO  server.RaftServerConfigKeys (ConfUtils.java:logGet(46)) - raft.server.rpc.timeout.min = 5s (custom)
2024-06-12 03:12:45,978 [15a53066-cbd8-4f19-b9a5-7cdb9ae22392-groupManagement] INFO  server.RaftServerConfigKeys (ConfUtils.java:logGet(46)) - raft.server.rpc.timeout.max = 5200ms (custom)
2024-06-12 03:12:45,978 [15a53066-cbd8-4f19-b9a5-7cdb9ae22392-groupManagement] INFO  server.RaftServerConfigKeys (ConfUtils.java:logGet(46)) - raft.server.rpc.sleep.time = 25ms (default)
2024-06-12 03:12:45,978 [15a53066-cbd8-4f19-b9a5-7cdb9ae22392-groupManagement] INFO  server.RaftServerConfigKeys (ConfUtils.java:logGet(46)) - raft.server.rpc.slowness.timeout = 300s (custom)
2024-06-12 03:12:45,979 [15a53066-cbd8-4f19-b9a5-7cdb9ae22392-groupManagement] INFO  server.RaftServerConfigKeys (ConfUtils.java:logGet(46)) - raft.server.leaderelection.leader.step-down.wait-time = 10s (default)
2024-06-12 03:12:45,979 [15a53066-cbd8-4f19-b9a5-7cdb9ae22392-groupManagement] INFO  server.RaftServerConfigKeys (ConfUtils.java:logGet(46)) - raft.server.leaderelection.member.majority-add = false (default)
2024-06-12 03:12:45,979 [15a53066-cbd8-4f19-b9a5-7cdb9ae22392-groupManagement] INFO  server.RaftServerConfigKeys (ConfUtils.java:logGet(46)) - raft.server.sleep.deviation.threshold = 300ms (default)
2024-06-12 03:12:45,979 [15a53066-cbd8-4f19-b9a5-7cdb9ae22392-groupManagement] INFO  server.RaftServer$Division (ServerState.java:<init>(113)) - 15a53066-cbd8-4f19-b9a5-7cdb9ae22392@group-BD8ED6F243E6: ConfigurationManager, init=-1: peers:[4ff6fc3e-a64b-47a9-abec-2b416c3c87bd|127.0.0.1:15014, 15a53066-cbd8-4f19-b9a5-7cdb9ae22392|127.0.0.1:15023, 0045c317-f62f-4f57-91f4-beda1a434bec|127.0.0.1:15032]|listeners:[], old=null, confs=<EMPTY_MAP>
2024-06-12 03:12:45,979 [15a53066-cbd8-4f19-b9a5-7cdb9ae22392-groupManagement] INFO  server.RaftServerConfigKeys (ConfUtils.java:logGet(46)) - raft.server.notification.no-leader.timeout = 300s (custom)
2024-06-12 03:12:45,979 [15a53066-cbd8-4f19-b9a5-7cdb9ae22392-groupManagement] INFO  server.RaftServerConfigKeys (ConfUtils.java:logGet(46)) - raft.server.read.timeout = 10s (default)
2024-06-12 03:12:45,979 [15a53066-cbd8-4f19-b9a5-7cdb9ae22392-groupManagement] INFO  server.RaftServerConfigKeys (ConfUtils.java:logGet(46)) - raft.server.retrycache.expirytime = 600000ms (custom)
2024-06-12 03:12:45,979 [15a53066-cbd8-4f19-b9a5-7cdb9ae22392-groupManagement] INFO  server.RaftServerConfigKeys (ConfUtils.java:logGet(46)) - raft.server.retrycache.statistics.expirytime = 100ms (default)
2024-06-12 03:12:45,979 [15a53066-cbd8-4f19-b9a5-7cdb9ae22392-groupManagement] INFO  server.RaftServerConfigKeys (ConfUtils.java:logGet(46)) - raft.server.read.option = DEFAULT (default)
2024-06-12 03:12:45,979 [15a53066-cbd8-4f19-b9a5-7cdb9ae22392-groupManagement] INFO  server.RaftServerConfigKeys (ConfUtils.java:logGet(46)) - raft.server.read.read-after-write-consistent.write-index-cache.expiry-time = 60s (default)
2024-06-12 03:12:45,983 [15a53066-cbd8-4f19-b9a5-7cdb9ae22392-groupManagement] INFO  server.RaftServerConfigKeys (ConfUtils.java:logGet(46)) - raft.server.rpc.request.timeout = 60s (custom)
2024-06-12 03:12:45,984 [15a53066-cbd8-4f19-b9a5-7cdb9ae22392-groupManagement] INFO  server.RaftServerConfigKeys (ConfUtils.java:logGet(46)) - raft.server.log.appender.install.snapshot.enabled = false (custom)
2024-06-12 03:12:45,984 [15a53066-cbd8-4f19-b9a5-7cdb9ae22392-groupManagement] INFO  server.RaftServerConfigKeys (ConfUtils.java:logGet(46)) - raft.server.threadpool.server.cached = true (default)
2024-06-12 03:12:45,984 [15a53066-cbd8-4f19-b9a5-7cdb9ae22392-groupManagement] INFO  server.RaftServerConfigKeys (ConfUtils.java:logGet(46)) - raft.server.threadpool.server.size = 0 (default)
2024-06-12 03:12:45,984 [15a53066-cbd8-4f19-b9a5-7cdb9ae22392-groupManagement] INFO  server.RaftServerConfigKeys (ConfUtils.java:logGet(46)) - raft.server.threadpool.client.cached = true (default)
2024-06-12 03:12:45,984 [15a53066-cbd8-4f19-b9a5-7cdb9ae22392-groupManagement] INFO  server.RaftServerConfigKeys (ConfUtils.java:logGet(46)) - raft.server.threadpool.client.size = 0 (default)
2024-06-12 03:12:45,984 [15a53066-cbd8-4f19-b9a5-7cdb9ae22392-groupManagement] INFO  server.RaftServerConfigKeys (ConfUtils.java:logGet(46)) - raft.server.storage.free-space.min = 0MB (=0) (default)
2024-06-12 03:12:45,984 [15a53066-cbd8-4f19-b9a5-7cdb9ae22392-groupManagement] INFO  server.RaftServerConfigKeys (ConfUtils.java:logGet(46)) - raft.server.log.corruption.policy = EXCEPTION (default)
2024-06-12 03:12:45,984 [15a53066-cbd8-4f19-b9a5-7cdb9ae22392-groupManagement] INFO  server.RaftServerConfigKeys (ConfUtils.java:logGet(46)) - raft.server.storage.dir = [/home/runner/work/ozone/ozone/hadoop-ozone/integration-test/target/test-dir/MiniOzoneClusterImpl-2da4ef03-bf4e-4b68-9b16-b615eb45abb7/ozone-meta/datanode-2/ratis] (custom)
2024-06-12 03:12:45,984 [15a53066-cbd8-4f19-b9a5-7cdb9ae22392-groupManagement] INFO  storage.RaftStorageDirectory (RaftStorageDirectoryImpl.java:analyzeStorage(138)) - The storage directory /home/runner/work/ozone/ozone/hadoop-ozone/integration-test/target/test-dir/MiniOzoneClusterImpl-2da4ef03-bf4e-4b68-9b16-b615eb45abb7/ozone-meta/datanode-2/ratis/bcf6663f-c7b0-4e0e-ab8f-bd8ed6f243e6 does not exist. Creating ...
2024-06-12 03:12:45,986 [15a53066-cbd8-4f19-b9a5-7cdb9ae22392-groupManagement] INFO  storage.RaftStorageDirectory (RaftStorageDirectoryImpl.java:tryLock(228)) - Lock on /home/runner/work/ozone/ozone/hadoop-ozone/integration-test/target/test-dir/MiniOzoneClusterImpl-2da4ef03-bf4e-4b68-9b16-b615eb45abb7/ozone-meta/datanode-2/ratis/bcf6663f-c7b0-4e0e-ab8f-bd8ed6f243e6/in_use.lock acquired by nodename 94480@fv-az771-543
2024-06-12 03:12:45,988 [15a53066-cbd8-4f19-b9a5-7cdb9ae22392-groupManagement] INFO  storage.RaftStorage (RaftStorageImpl.java:format(99)) - Storage directory /home/runner/work/ozone/ozone/hadoop-ozone/integration-test/target/test-dir/MiniOzoneClusterImpl-2da4ef03-bf4e-4b68-9b16-b615eb45abb7/ozone-meta/datanode-2/ratis/bcf6663f-c7b0-4e0e-ab8f-bd8ed6f243e6 has been successfully formatted.
2024-06-12 03:12:45,988 [15a53066-cbd8-4f19-b9a5-7cdb9ae22392-groupManagement] WARN  util.FileUtils (LogUtils.java:supplyAndLog(63)) - Failed to Files.newInputStream /home/runner/work/ozone/ozone/hadoop-ozone/integration-test/target/test-dir/MiniOzoneClusterImpl-2da4ef03-bf4e-4b68-9b16-b615eb45abb7/ozone-meta/datanode-2/ratis/bcf6663f-c7b0-4e0e-ab8f-bd8ed6f243e6/current/raft-meta.conf with options []: java.nio.file.NoSuchFileException: /home/runner/work/ozone/ozone/hadoop-ozone/integration-test/target/test-dir/MiniOzoneClusterImpl-2da4ef03-bf4e-4b68-9b16-b615eb45abb7/ozone-meta/datanode-2/ratis/bcf6663f-c7b0-4e0e-ab8f-bd8ed6f243e6/current/raft-meta.conf
2024-06-12 03:12:45,989 [15a53066-cbd8-4f19-b9a5-7cdb9ae22392-groupManagement] INFO  ratis.ContainerStateMachine (ContainerStateMachine.java:loadSnapshot(287)) - group-BD8ED6F243E6: The snapshot info is null. Setting the last applied index to:(t:0, i:~)
2024-06-12 03:12:45,989 [15a53066-cbd8-4f19-b9a5-7cdb9ae22392-groupManagement] INFO  server.RaftServerConfigKeys (ConfUtils.java:logGet(46)) - raft.server.log.use.memory = false (default)
2024-06-12 03:12:45,989 [15a53066-cbd8-4f19-b9a5-7cdb9ae22392-groupManagement] INFO  server.RaftServerConfigKeys (ConfUtils.java:logGet(46)) - raft.server.log.purge.gap = 1000000 (custom)
2024-06-12 03:12:45,989 [15a53066-cbd8-4f19-b9a5-7cdb9ae22392-groupManagement] INFO  server.RaftServerConfigKeys (ConfUtils.java:logGet(46)) - raft.server.log.appender.buffer.byte-limit = 8388608 (custom)
2024-06-12 03:12:45,989 [15a53066-cbd8-4f19-b9a5-7cdb9ae22392-groupManagement] INFO  server.RaftServerConfigKeys (ConfUtils.java:logGet(46)) - raft.server.log.statemachine.data.read.timeout = 1000ms (default)
2024-06-12 03:12:45,989 [15a53066-cbd8-4f19-b9a5-7cdb9ae22392-groupManagement] INFO  server.RaftServerConfigKeys (ConfUtils.java:logGet(46)) - raft.server.log.purge.preservation.log.num = 0 (default)
2024-06-12 03:12:45,990 [EventQueue-OpenPipelineForHealthyPipelineSafeModeRule] INFO  safemode.SCMSafeModeManager (HealthyPipelineSafeModeRule.java:process(140)) - SCM in safe mode. Healthy pipelines reported count is 0, required healthy pipeline reported count is 1
2024-06-12 03:12:45,991 [15a53066-cbd8-4f19-b9a5-7cdb9ae22392-groupManagement] INFO  server.RaftServerConfigKeys (ConfUtils.java:logGet(46)) - raft.server.log.segment.size.max = 67108864 (custom)
2024-06-12 03:12:45,992 [15a53066-cbd8-4f19-b9a5-7cdb9ae22392-groupManagement] INFO  server.RaftServerConfigKeys (ConfUtils.java:logGet(46)) - raft.server.log.segment.cache.num.max = 2 (custom)
2024-06-12 03:12:45,992 [15a53066-cbd8-4f19-b9a5-7cdb9ae22392-groupManagement] INFO  server.RaftServerConfigKeys (ConfUtils.java:logGet(46)) - raft.server.log.segment.cache.size.max = 200MB (=209715200) (default)
2024-06-12 03:12:45,992 [15a53066-cbd8-4f19-b9a5-7cdb9ae22392-groupManagement] INFO  server.RaftServerConfigKeys (ConfUtils.java:logGet(46)) - raft.server.log.appender.buffer.byte-limit = 8388608 (custom)
2024-06-12 03:12:45,992 [15a53066-cbd8-4f19-b9a5-7cdb9ae22392-groupManagement] INFO  util.AwaitToRun (AwaitToRun.java:start(81)) - Thread[15a53066-cbd8-4f19-b9a5-7cdb9ae22392@group-BD8ED6F243E6-cacheEviction-AwaitToRun,5,main] started
2024-06-12 03:12:45,992 [15a53066-cbd8-4f19-b9a5-7cdb9ae22392-groupManagement] INFO  segmented.SegmentedRaftLogWorker (SegmentedRaftLogWorker.java:<init>(182)) - new 15a53066-cbd8-4f19-b9a5-7cdb9ae22392@group-BD8ED6F243E6-SegmentedRaftLogWorker for RaftStorageImpl:Storage Directory /home/runner/work/ozone/ozone/hadoop-ozone/integration-test/target/test-dir/MiniOzoneClusterImpl-2da4ef03-bf4e-4b68-9b16-b615eb45abb7/ozone-meta/datanode-2/ratis/bcf6663f-c7b0-4e0e-ab8f-bd8ed6f243e6
2024-06-12 03:12:45,992 [15a53066-cbd8-4f19-b9a5-7cdb9ae22392-groupManagement] INFO  server.RaftServerConfigKeys (ConfUtils.java:logGet(46)) - raft.server.log.queue.byte-limit = 4294967296 (custom)
2024-06-12 03:12:45,993 [15a53066-cbd8-4f19-b9a5-7cdb9ae22392-groupManagement] INFO  server.RaftServerConfigKeys (ConfUtils.java:logGet(46)) - raft.server.log.queue.element-limit = 1024 (custom)
2024-06-12 03:12:45,993 [15a53066-cbd8-4f19-b9a5-7cdb9ae22392-groupManagement] INFO  server.RaftServerConfigKeys (ConfUtils.java:logGet(46)) - raft.server.log.segment.size.max = 67108864 (custom)
2024-06-12 03:12:45,993 [15a53066-cbd8-4f19-b9a5-7cdb9ae22392-groupManagement] INFO  server.RaftServerConfigKeys (ConfUtils.java:logGet(46)) - raft.server.log.preallocated.size = 4194304 (custom)
2024-06-12 03:12:45,993 [15a53066-cbd8-4f19-b9a5-7cdb9ae22392-groupManagement] INFO  server.RaftServerConfigKeys (ConfUtils.java:logGet(46)) - raft.server.log.force.sync.num = 128 (default)
2024-06-12 03:12:45,993 [15a53066-cbd8-4f19-b9a5-7cdb9ae22392-groupManagement] INFO  server.RaftServerConfigKeys (ConfUtils.java:logGet(46)) - raft.server.log.statemachine.data.sync = true (default)
2024-06-12 03:12:45,993 [15a53066-cbd8-4f19-b9a5-7cdb9ae22392-groupManagement] INFO  server.RaftServerConfigKeys (ConfUtils.java:logGet(46)) - raft.server.log.statemachine.data.sync.timeout = 10s (default)
2024-06-12 03:12:45,993 [15a53066-cbd8-4f19-b9a5-7cdb9ae22392-groupManagement] INFO  server.RaftServerConfigKeys (ConfUtils.java:logGet(46)) - raft.server.log.statemachine.data.sync.timeout.retry = 30 (custom)
2024-06-12 03:12:45,993 [15a53066-cbd8-4f19-b9a5-7cdb9ae22392-groupManagement] INFO  server.RaftServerConfigKeys (ConfUtils.java:logGet(46)) - raft.server.log.write.buffer.size = 8388616 (custom)
2024-06-12 03:12:45,995 [15a53066-cbd8-4f19-b9a5-7cdb9ae22392-groupManagement] INFO  server.RaftServerConfigKeys (ConfUtils.java:logGet(46)) - raft.server.log.appender.buffer.byte-limit = 8388608 (custom)
2024-06-12 03:12:45,996 [15a53066-cbd8-4f19-b9a5-7cdb9ae22392-groupManagement] INFO  server.RaftServerConfigKeys (ConfUtils.java:logGet(46)) - raft.server.log.unsafe-flush.enabled = false (default)
2024-06-12 03:12:45,996 [15a53066-cbd8-4f19-b9a5-7cdb9ae22392-groupManagement] INFO  server.RaftServerConfigKeys (ConfUtils.java:logGet(46)) - raft.server.log.async-flush.enabled = false (default)
2024-06-12 03:12:45,996 [15a53066-cbd8-4f19-b9a5-7cdb9ae22392-groupManagement] INFO  server.RaftServerConfigKeys (ConfUtils.java:logGet(46)) - raft.server.log.statemachine.data.caching.enabled = true (custom)
2024-06-12 03:12:45,996 [15a53066-cbd8-4f19-b9a5-7cdb9ae22392-groupManagement] INFO  segmented.SegmentedRaftLogWorker (SegmentedRaftLogWorker.java:lambda$new$0(134)) - 15a53066-cbd8-4f19-b9a5-7cdb9ae22392@group-BD8ED6F243E6-SegmentedRaftLogWorker: flushIndex: setUnconditionally 0 -> -1
2024-06-12 03:12:45,996 [15a53066-cbd8-4f19-b9a5-7cdb9ae22392-groupManagement] INFO  segmented.SegmentedRaftLogWorker (SegmentedRaftLogWorker.java:lambda$new$0(134)) - 15a53066-cbd8-4f19-b9a5-7cdb9ae22392@group-BD8ED6F243E6-SegmentedRaftLogWorker: safeCacheEvictIndex: setUnconditionally 0 -> -1
2024-06-12 03:12:45,996 [15a53066-cbd8-4f19-b9a5-7cdb9ae22392-groupManagement] INFO  server.RaftServer$Division (RaftServerImpl.java:start(396)) - 15a53066-cbd8-4f19-b9a5-7cdb9ae22392@group-BD8ED6F243E6: start as a follower, conf=-1: peers:[4ff6fc3e-a64b-47a9-abec-2b416c3c87bd|127.0.0.1:15014, 15a53066-cbd8-4f19-b9a5-7cdb9ae22392|127.0.0.1:15023, 0045c317-f62f-4f57-91f4-beda1a434bec|127.0.0.1:15032]|listeners:[], old=null
2024-06-12 03:12:45,996 [15a53066-cbd8-4f19-b9a5-7cdb9ae22392-groupManagement] INFO  server.RaftServer$Division (RaftServerImpl.java:setRole(383)) - 15a53066-cbd8-4f19-b9a5-7cdb9ae22392@group-BD8ED6F243E6: changes role from      null to FOLLOWER at term 0 for startAsFollower
2024-06-12 03:12:45,996 [15a53066-cbd8-4f19-b9a5-7cdb9ae22392-groupManagement] INFO  impl.RoleInfo (RoleInfo.java:updateAndGet(139)) - 15a53066-cbd8-4f19-b9a5-7cdb9ae22392: start 15a53066-cbd8-4f19-b9a5-7cdb9ae22392@group-BD8ED6F243E6-FollowerState
2024-06-12 03:12:45,999 [15a53066-cbd8-4f19-b9a5-7cdb9ae22392-groupManagement] INFO  util.JmxRegister (JmxRegister.java:tryRegister(44)) - Successfully registered JMX Bean with object name Ratis:service=RaftServer,group=group-BD8ED6F243E6,id=15a53066-cbd8-4f19-b9a5-7cdb9ae22392
2024-06-12 03:12:45,999 [15a53066-cbd8-4f19-b9a5-7cdb9ae22392-groupManagement] INFO  server.RaftServerConfigKeys (ConfUtils.java:logGet(46)) - raft.server.snapshot.trigger-when-stop.enabled = true (default)
2024-06-12 03:12:45,999 [15a53066-cbd8-4f19-b9a5-7cdb9ae22392-groupManagement] INFO  server.RaftServerConfigKeys (ConfUtils.java:logGet(46)) - raft.server.snapshot.auto.trigger.enabled = true (custom)
2024-06-12 03:12:45,999 [15a53066-cbd8-4f19-b9a5-7cdb9ae22392-groupManagement] INFO  server.RaftServerConfigKeys (ConfUtils.java:logGet(46)) - raft.server.snapshot.auto.trigger.threshold = 10000 (custom)
2024-06-12 03:12:45,999 [15a53066-cbd8-4f19-b9a5-7cdb9ae22392-groupManagement] INFO  server.RaftServerConfigKeys (ConfUtils.java:logGet(46)) - raft.server.snapshot.retention.file.num = 5 (custom)
2024-06-12 03:12:45,999 [15a53066-cbd8-4f19-b9a5-7cdb9ae22392-groupManagement] INFO  server.RaftServerConfigKeys (ConfUtils.java:logGet(46)) - raft.server.log.purge.upto.snapshot.index = false (default)
2024-06-12 03:12:46,000 [15a53066-cbd8-4f19-b9a5-7cdb9ae22392@group-BD8ED6F243E6-FollowerState] INFO  server.RaftServerConfigKeys (ConfUtils.java:logFallback(53)) - raft.server.rpc.first-election.timeout.min = 5s (fallback to raft.server.rpc.timeout.min)
2024-06-12 03:12:46,000 [15a53066-cbd8-4f19-b9a5-7cdb9ae22392@group-BD8ED6F243E6-FollowerState] INFO  server.RaftServerConfigKeys (ConfUtils.java:logFallback(53)) - raft.server.rpc.first-election.timeout.max = 5200ms (fallback to raft.server.rpc.timeout.max)
2024-06-12 03:12:46,003 [15a53066-cbd8-4f19-b9a5-7cdb9ae22392-PipelineCommandHandlerThread-0] INFO  ratis.XceiverServerRatis (XceiverServerRatis.java:addGroup(864)) - Created group PipelineID=bcf6663f-c7b0-4e0e-ab8f-bd8ed6f243e6
2024-06-12 03:12:46,007 [main] INFO  ozone.MiniOzoneClusterImpl (MiniOzoneClusterImpl.java:lambda$waitForClusterToBeReady$0(194)) - Nodes are ready. Got 3 of 3 DN Heartbeats.
2024-06-12 03:12:46,007 [main] INFO  ozone.MiniOzoneClusterImpl (MiniOzoneClusterImpl.java:lambda$waitForClusterToBeReady$0(197)) - Waiting for cluster to exit safe mode
2024-06-12 03:12:46,007 [main] INFO  ozone.MiniOzoneClusterImpl (MiniOzoneClusterImpl.java:lambda$waitForClusterToBeReady$0(199)) - SCM became leader
2024-06-12 03:12:46,012 [0045c317-f62f-4f57-91f4-beda1a434bec-PipelineCommandHandlerThread-0] INFO  server.RaftServer (RaftServerProxy.java:addNew(100)) - 0045c317-f62f-4f57-91f4-beda1a434bec: addNew group-48EF6A643E2D:[0045c317-f62f-4f57-91f4-beda1a434bec|127.0.0.1:15032] returns group-48EF6A643E2D:java.util.concurrent.CompletableFuture@40c48555[Not completed]
2024-06-12 03:12:46,021 [0045c317-f62f-4f57-91f4-beda1a434bec-groupManagement] INFO  server.RaftServer$Division (RaftServerImpl.java:<init>(256)) - 0045c317-f62f-4f57-91f4-beda1a434bec: new RaftServerImpl for group-48EF6A643E2D:[0045c317-f62f-4f57-91f4-beda1a434bec|127.0.0.1:15032] with ContainerStateMachine:uninitialized
2024-06-12 03:12:46,021 [0045c317-f62f-4f57-91f4-beda1a434bec-groupManagement] INFO  server.RaftServerConfigKeys (ConfUtils.java:logGet(46)) - raft.server.rpc.timeout.min = 5s (custom)
2024-06-12 03:12:46,022 [0045c317-f62f-4f57-91f4-beda1a434bec-groupManagement] INFO  server.RaftServerConfigKeys (ConfUtils.java:logGet(46)) - raft.server.rpc.timeout.max = 5200ms (custom)
2024-06-12 03:12:46,022 [0045c317-f62f-4f57-91f4-beda1a434bec-groupManagement] INFO  server.RaftServerConfigKeys (ConfUtils.java:logGet(46)) - raft.server.rpc.sleep.time = 25ms (default)
2024-06-12 03:12:46,022 [0045c317-f62f-4f57-91f4-beda1a434bec-groupManagement] INFO  server.RaftServerConfigKeys (ConfUtils.java:logGet(46)) - raft.server.rpc.slowness.timeout = 300s (custom)
2024-06-12 03:12:46,023 [0045c317-f62f-4f57-91f4-beda1a434bec-groupManagement] INFO  server.RaftServerConfigKeys (ConfUtils.java:logGet(46)) - raft.server.leaderelection.leader.step-down.wait-time = 10s (default)
2024-06-12 03:12:46,023 [0045c317-f62f-4f57-91f4-beda1a434bec-groupManagement] INFO  server.RaftServerConfigKeys (ConfUtils.java:logGet(46)) - raft.server.leaderelection.member.majority-add = false (default)
2024-06-12 03:12:46,023 [0045c317-f62f-4f57-91f4-beda1a434bec-groupManagement] INFO  server.RaftServerConfigKeys (ConfUtils.java:logGet(46)) - raft.server.sleep.deviation.threshold = 300ms (default)
2024-06-12 03:12:46,024 [0045c317-f62f-4f57-91f4-beda1a434bec-groupManagement] INFO  server.RaftServer$Division (ServerState.java:<init>(113)) - 0045c317-f62f-4f57-91f4-beda1a434bec@group-48EF6A643E2D: ConfigurationManager, init=-1: peers:[0045c317-f62f-4f57-91f4-beda1a434bec|127.0.0.1:15032]|listeners:[], old=null, confs=<EMPTY_MAP>
2024-06-12 03:12:46,024 [0045c317-f62f-4f57-91f4-beda1a434bec-groupManagement] INFO  server.RaftServerConfigKeys (ConfUtils.java:logGet(46)) - raft.server.notification.no-leader.timeout = 300s (custom)
2024-06-12 03:12:46,024 [0045c317-f62f-4f57-91f4-beda1a434bec-groupManagement] INFO  server.RaftServerConfigKeys (ConfUtils.java:logGet(46)) - raft.server.read.timeout = 10s (default)
2024-06-12 03:12:46,025 [0045c317-f62f-4f57-91f4-beda1a434bec-groupManagement] INFO  server.RaftServerConfigKeys (ConfUtils.java:logGet(46)) - raft.server.retrycache.expirytime = 600000ms (custom)
2024-06-12 03:12:46,025 [0045c317-f62f-4f57-91f4-beda1a434bec-groupManagement] INFO  server.RaftServerConfigKeys (ConfUtils.java:logGet(46)) - raft.server.retrycache.statistics.expirytime = 100ms (default)
2024-06-12 03:12:46,025 [0045c317-f62f-4f57-91f4-beda1a434bec-groupManagement] INFO  server.RaftServerConfigKeys (ConfUtils.java:logGet(46)) - raft.server.read.option = DEFAULT (default)
2024-06-12 03:12:46,026 [0045c317-f62f-4f57-91f4-beda1a434bec-groupManagement] INFO  server.RaftServerConfigKeys (ConfUtils.java:logGet(46)) - raft.server.read.read-after-write-consistent.write-index-cache.expiry-time = 60s (default)
2024-06-12 03:12:46,031 [0045c317-f62f-4f57-91f4-beda1a434bec-groupManagement] INFO  server.RaftServerConfigKeys (ConfUtils.java:logGet(46)) - raft.server.rpc.request.timeout = 60s (custom)
2024-06-12 03:12:46,031 [0045c317-f62f-4f57-91f4-beda1a434bec-groupManagement] INFO  server.RaftServerConfigKeys (ConfUtils.java:logGet(46)) - raft.server.log.appender.install.snapshot.enabled = false (custom)
2024-06-12 03:12:46,032 [0045c317-f62f-4f57-91f4-beda1a434bec-groupManagement] INFO  server.RaftServerConfigKeys (ConfUtils.java:logGet(46)) - raft.server.threadpool.server.cached = true (default)
2024-06-12 03:12:46,032 [0045c317-f62f-4f57-91f4-beda1a434bec-groupManagement] INFO  server.RaftServerConfigKeys (ConfUtils.java:logGet(46)) - raft.server.threadpool.server.size = 0 (default)
2024-06-12 03:12:46,032 [0045c317-f62f-4f57-91f4-beda1a434bec-groupManagement] INFO  server.RaftServerConfigKeys (ConfUtils.java:logGet(46)) - raft.server.threadpool.client.cached = true (default)
2024-06-12 03:12:46,033 [0045c317-f62f-4f57-91f4-beda1a434bec-groupManagement] INFO  server.RaftServerConfigKeys (ConfUtils.java:logGet(46)) - raft.server.threadpool.client.size = 0 (default)
2024-06-12 03:12:46,033 [0045c317-f62f-4f57-91f4-beda1a434bec-groupManagement] INFO  server.RaftServerConfigKeys (ConfUtils.java:logGet(46)) - raft.server.storage.free-space.min = 0MB (=0) (default)
2024-06-12 03:12:46,033 [0045c317-f62f-4f57-91f4-beda1a434bec-groupManagement] INFO  server.RaftServerConfigKeys (ConfUtils.java:logGet(46)) - raft.server.log.corruption.policy = EXCEPTION (default)
2024-06-12 03:12:46,034 [0045c317-f62f-4f57-91f4-beda1a434bec-groupManagement] INFO  server.RaftServerConfigKeys (ConfUtils.java:logGet(46)) - raft.server.storage.dir = [/home/runner/work/ozone/ozone/hadoop-ozone/integration-test/target/test-dir/MiniOzoneClusterImpl-2da4ef03-bf4e-4b68-9b16-b615eb45abb7/ozone-meta/datanode-3/ratis] (custom)
2024-06-12 03:12:46,034 [0045c317-f62f-4f57-91f4-beda1a434bec-groupManagement] INFO  storage.RaftStorageDirectory (RaftStorageDirectoryImpl.java:analyzeStorage(138)) - The storage directory /home/runner/work/ozone/ozone/hadoop-ozone/integration-test/target/test-dir/MiniOzoneClusterImpl-2da4ef03-bf4e-4b68-9b16-b615eb45abb7/ozone-meta/datanode-3/ratis/3de655d4-33fa-4130-a90c-48ef6a643e2d does not exist. Creating ...
2024-06-12 03:12:46,036 [0045c317-f62f-4f57-91f4-beda1a434bec-groupManagement] INFO  storage.RaftStorageDirectory (RaftStorageDirectoryImpl.java:tryLock(228)) - Lock on /home/runner/work/ozone/ozone/hadoop-ozone/integration-test/target/test-dir/MiniOzoneClusterImpl-2da4ef03-bf4e-4b68-9b16-b615eb45abb7/ozone-meta/datanode-3/ratis/3de655d4-33fa-4130-a90c-48ef6a643e2d/in_use.lock acquired by nodename 94480@fv-az771-543
2024-06-12 03:12:46,039 [0045c317-f62f-4f57-91f4-beda1a434bec-groupManagement] INFO  storage.RaftStorage (RaftStorageImpl.java:format(99)) - Storage directory /home/runner/work/ozone/ozone/hadoop-ozone/integration-test/target/test-dir/MiniOzoneClusterImpl-2da4ef03-bf4e-4b68-9b16-b615eb45abb7/ozone-meta/datanode-3/ratis/3de655d4-33fa-4130-a90c-48ef6a643e2d has been successfully formatted.
2024-06-12 03:12:46,039 [0045c317-f62f-4f57-91f4-beda1a434bec-groupManagement] WARN  util.FileUtils (LogUtils.java:supplyAndLog(63)) - Failed to Files.newInputStream /home/runner/work/ozone/ozone/hadoop-ozone/integration-test/target/test-dir/MiniOzoneClusterImpl-2da4ef03-bf4e-4b68-9b16-b615eb45abb7/ozone-meta/datanode-3/ratis/3de655d4-33fa-4130-a90c-48ef6a643e2d/current/raft-meta.conf with options []: java.nio.file.NoSuchFileException: /home/runner/work/ozone/ozone/hadoop-ozone/integration-test/target/test-dir/MiniOzoneClusterImpl-2da4ef03-bf4e-4b68-9b16-b615eb45abb7/ozone-meta/datanode-3/ratis/3de655d4-33fa-4130-a90c-48ef6a643e2d/current/raft-meta.conf
2024-06-12 03:12:46,040 [0045c317-f62f-4f57-91f4-beda1a434bec-groupManagement] INFO  ratis.ContainerStateMachine (ContainerStateMachine.java:loadSnapshot(287)) - group-48EF6A643E2D: The snapshot info is null. Setting the last applied index to:(t:0, i:~)
2024-06-12 03:12:46,040 [0045c317-f62f-4f57-91f4-beda1a434bec-groupManagement] INFO  server.RaftServerConfigKeys (ConfUtils.java:logGet(46)) - raft.server.log.use.memory = false (default)
2024-06-12 03:12:46,041 [0045c317-f62f-4f57-91f4-beda1a434bec-groupManagement] INFO  server.RaftServerConfigKeys (ConfUtils.java:logGet(46)) - raft.server.log.purge.gap = 1000000 (custom)
2024-06-12 03:12:46,041 [0045c317-f62f-4f57-91f4-beda1a434bec-groupManagement] INFO  server.RaftServerConfigKeys (ConfUtils.java:logGet(46)) - raft.server.log.appender.buffer.byte-limit = 8388608 (custom)
2024-06-12 03:12:46,041 [0045c317-f62f-4f57-91f4-beda1a434bec-groupManagement] INFO  server.RaftServerConfigKeys (ConfUtils.java:logGet(46)) - raft.server.log.statemachine.data.read.timeout = 1000ms (default)
2024-06-12 03:12:46,041 [0045c317-f62f-4f57-91f4-beda1a434bec-groupManagement] INFO  server.RaftServerConfigKeys (ConfUtils.java:logGet(46)) - raft.server.log.purge.preservation.log.num = 0 (default)
2024-06-12 03:12:46,042 [EventQueue-PipelineReportForPipelineReportHandler] INFO  lib.Interns (Interns.java:removeEldestEntry(50)) - Metrics intern cache overflow at 2011 for MetricsSystem={MetricsSystem=MetricsInfoImpl{name=MetricsSystem, description=MetricsSystem}, MetricsSystem record=MetricsInfoImpl{name=MetricsSystem, description=MetricsSystem record}}
2024-06-12 03:12:46,042 [EventQueue-PipelineReportForPipelineReportHandler] INFO  pipeline.PipelineReportHandler (PipelineReportHandler.java:processPipelineReport(136)) - Opened pipeline PipelineID=3de655d4-33fa-4130-a90c-48ef6a643e2d
2024-06-12 03:12:46,042 [EventQueue-OpenPipelineForHealthyPipelineSafeModeRule] INFO  safemode.SCMSafeModeManager (HealthyPipelineSafeModeRule.java:process(140)) - SCM in safe mode. Healthy pipelines reported count is 0, required healthy pipeline reported count is 1
2024-06-12 03:12:46,044 [0045c317-f62f-4f57-91f4-beda1a434bec-groupManagement] INFO  server.RaftServerConfigKeys (ConfUtils.java:logGet(46)) - raft.server.log.segment.size.max = 67108864 (custom)
2024-06-12 03:12:46,044 [0045c317-f62f-4f57-91f4-beda1a434bec-groupManagement] INFO  server.RaftServerConfigKeys (ConfUtils.java:logGet(46)) - raft.server.log.segment.cache.num.max = 2 (custom)
2024-06-12 03:12:46,045 [0045c317-f62f-4f57-91f4-beda1a434bec-groupManagement] INFO  server.RaftServerConfigKeys (ConfUtils.java:logGet(46)) - raft.server.log.segment.cache.size.max = 200MB (=209715200) (default)
2024-06-12 03:12:46,045 [0045c317-f62f-4f57-91f4-beda1a434bec-groupManagement] INFO  server.RaftServerConfigKeys (ConfUtils.java:logGet(46)) - raft.server.log.appender.buffer.byte-limit = 8388608 (custom)
2024-06-12 03:12:46,045 [0045c317-f62f-4f57-91f4-beda1a434bec-groupManagement] INFO  util.AwaitToRun (AwaitToRun.java:start(81)) - Thread[0045c317-f62f-4f57-91f4-beda1a434bec@group-48EF6A643E2D-cacheEviction-AwaitToRun,5,main] started
2024-06-12 03:12:46,045 [0045c317-f62f-4f57-91f4-beda1a434bec-groupManagement] INFO  segmented.SegmentedRaftLogWorker (SegmentedRaftLogWorker.java:<init>(182)) - new 0045c317-f62f-4f57-91f4-beda1a434bec@group-48EF6A643E2D-SegmentedRaftLogWorker for RaftStorageImpl:Storage Directory /home/runner/work/ozone/ozone/hadoop-ozone/integration-test/target/test-dir/MiniOzoneClusterImpl-2da4ef03-bf4e-4b68-9b16-b615eb45abb7/ozone-meta/datanode-3/ratis/3de655d4-33fa-4130-a90c-48ef6a643e2d
2024-06-12 03:12:46,045 [0045c317-f62f-4f57-91f4-beda1a434bec-groupManagement] INFO  server.RaftServerConfigKeys (ConfUtils.java:logGet(46)) - raft.server.log.queue.byte-limit = 4294967296 (custom)
2024-06-12 03:12:46,046 [0045c317-f62f-4f57-91f4-beda1a434bec-groupManagement] INFO  server.RaftServerConfigKeys (ConfUtils.java:logGet(46)) - raft.server.log.queue.element-limit = 1024 (custom)
2024-06-12 03:12:46,046 [0045c317-f62f-4f57-91f4-beda1a434bec-groupManagement] INFO  server.RaftServerConfigKeys (ConfUtils.java:logGet(46)) - raft.server.log.segment.size.max = 67108864 (custom)
2024-06-12 03:12:46,046 [0045c317-f62f-4f57-91f4-beda1a434bec-groupManagement] INFO  server.RaftServerConfigKeys (ConfUtils.java:logGet(46)) - raft.server.log.preallocated.size = 4194304 (custom)
2024-06-12 03:12:46,046 [0045c317-f62f-4f57-91f4-beda1a434bec-groupManagement] INFO  server.RaftServerConfigKeys (ConfUtils.java:logGet(46)) - raft.server.log.force.sync.num = 128 (default)
2024-06-12 03:12:46,046 [0045c317-f62f-4f57-91f4-beda1a434bec-groupManagement] INFO  server.RaftServerConfigKeys (ConfUtils.java:logGet(46)) - raft.server.log.statemachine.data.sync = true (default)
2024-06-12 03:12:46,046 [0045c317-f62f-4f57-91f4-beda1a434bec-groupManagement] INFO  server.RaftServerConfigKeys (ConfUtils.java:logGet(46)) - raft.server.log.statemachine.data.sync.timeout = 10s (default)
2024-06-12 03:12:46,046 [0045c317-f62f-4f57-91f4-beda1a434bec-groupManagement] INFO  server.RaftServerConfigKeys (ConfUtils.java:logGet(46)) - raft.server.log.statemachine.data.sync.timeout.retry = 30 (custom)
2024-06-12 03:12:46,046 [0045c317-f62f-4f57-91f4-beda1a434bec-groupManagement] INFO  server.RaftServerConfigKeys (ConfUtils.java:logGet(46)) - raft.server.log.write.buffer.size = 8388616 (custom)
2024-06-12 03:12:46,048 [0045c317-f62f-4f57-91f4-beda1a434bec-groupManagement] INFO  server.RaftServerConfigKeys (ConfUtils.java:logGet(46)) - raft.server.log.appender.buffer.byte-limit = 8388608 (custom)
2024-06-12 03:12:46,049 [0045c317-f62f-4f57-91f4-beda1a434bec-groupManagement] INFO  server.RaftServerConfigKeys (ConfUtils.java:logGet(46)) - raft.server.log.unsafe-flush.enabled = false (default)
2024-06-12 03:12:46,049 [0045c317-f62f-4f57-91f4-beda1a434bec-groupManagement] INFO  server.RaftServerConfigKeys (ConfUtils.java:logGet(46)) - raft.server.log.async-flush.enabled = false (default)
2024-06-12 03:12:46,049 [0045c317-f62f-4f57-91f4-beda1a434bec-groupManagement] INFO  server.RaftServerConfigKeys (ConfUtils.java:logGet(46)) - raft.server.log.statemachine.data.caching.enabled = true (custom)
2024-06-12 03:12:46,049 [0045c317-f62f-4f57-91f4-beda1a434bec-groupManagement] INFO  segmented.SegmentedRaftLogWorker (SegmentedRaftLogWorker.java:lambda$new$0(134)) - 0045c317-f62f-4f57-91f4-beda1a434bec@group-48EF6A643E2D-SegmentedRaftLogWorker: flushIndex: setUnconditionally 0 -> -1
2024-06-12 03:12:46,049 [0045c317-f62f-4f57-91f4-beda1a434bec-groupManagement] INFO  segmented.SegmentedRaftLogWorker (SegmentedRaftLogWorker.java:lambda$new$0(134)) - 0045c317-f62f-4f57-91f4-beda1a434bec@group-48EF6A643E2D-SegmentedRaftLogWorker: safeCacheEvictIndex: setUnconditionally 0 -> -1
2024-06-12 03:12:46,051 [0045c317-f62f-4f57-91f4-beda1a434bec-groupManagement] INFO  server.RaftServer$Division (RaftServerImpl.java:start(396)) - 0045c317-f62f-4f57-91f4-beda1a434bec@group-48EF6A643E2D: start as a follower, conf=-1: peers:[0045c317-f62f-4f57-91f4-beda1a434bec|127.0.0.1:15032]|listeners:[], old=null
2024-06-12 03:12:46,051 [0045c317-f62f-4f57-91f4-beda1a434bec-groupManagement] INFO  server.RaftServer$Division (RaftServerImpl.java:setRole(383)) - 0045c317-f62f-4f57-91f4-beda1a434bec@group-48EF6A643E2D: changes role from      null to FOLLOWER at term 0 for startAsFollower
2024-06-12 03:12:46,051 [0045c317-f62f-4f57-91f4-beda1a434bec-groupManagement] INFO  impl.RoleInfo (RoleInfo.java:updateAndGet(139)) - 0045c317-f62f-4f57-91f4-beda1a434bec: start 0045c317-f62f-4f57-91f4-beda1a434bec@group-48EF6A643E2D-FollowerState
2024-06-12 03:12:46,052 [0045c317-f62f-4f57-91f4-beda1a434bec-groupManagement] INFO  util.JmxRegister (JmxRegister.java:tryRegister(44)) - Successfully registered JMX Bean with object name Ratis:service=RaftServer,group=group-48EF6A643E2D,id=0045c317-f62f-4f57-91f4-beda1a434bec
2024-06-12 03:12:46,052 [0045c317-f62f-4f57-91f4-beda1a434bec-groupManagement] INFO  server.RaftServerConfigKeys (ConfUtils.java:logGet(46)) - raft.server.snapshot.trigger-when-stop.enabled = true (default)
2024-06-12 03:12:46,052 [0045c317-f62f-4f57-91f4-beda1a434bec-groupManagement] INFO  server.RaftServerConfigKeys (ConfUtils.java:logGet(46)) - raft.server.snapshot.auto.trigger.enabled = true (custom)
2024-06-12 03:12:46,052 [0045c317-f62f-4f57-91f4-beda1a434bec-groupManagement] INFO  server.RaftServerConfigKeys (ConfUtils.java:logGet(46)) - raft.server.snapshot.auto.trigger.threshold = 10000 (custom)
2024-06-12 03:12:46,052 [0045c317-f62f-4f57-91f4-beda1a434bec-groupManagement] INFO  server.RaftServerConfigKeys (ConfUtils.java:logGet(46)) - raft.server.snapshot.retention.file.num = 5 (custom)
2024-06-12 03:12:46,052 [0045c317-f62f-4f57-91f4-beda1a434bec-groupManagement] INFO  server.RaftServerConfigKeys (ConfUtils.java:logGet(46)) - raft.server.log.purge.upto.snapshot.index = false (default)
2024-06-12 03:12:46,053 [0045c317-f62f-4f57-91f4-beda1a434bec@group-48EF6A643E2D-FollowerState] INFO  server.RaftServerConfigKeys (ConfUtils.java:logFallback(53)) - raft.server.rpc.first-election.timeout.min = 5s (fallback to raft.server.rpc.timeout.min)
2024-06-12 03:12:46,053 [0045c317-f62f-4f57-91f4-beda1a434bec@group-48EF6A643E2D-FollowerState] INFO  server.RaftServerConfigKeys (ConfUtils.java:logFallback(53)) - raft.server.rpc.first-election.timeout.max = 5200ms (fallback to raft.server.rpc.timeout.max)
2024-06-12 03:12:46,054 [0045c317-f62f-4f57-91f4-beda1a434bec-PipelineCommandHandlerThread-0] INFO  ratis.XceiverServerRatis (XceiverServerRatis.java:addGroup(864)) - Created group PipelineID=3de655d4-33fa-4130-a90c-48ef6a643e2d
2024-06-12 03:12:46,054 [0045c317-f62f-4f57-91f4-beda1a434bec-PipelineCommandHandlerThread-0] INFO  commandhandler.CreatePipelineCommandHandler (CreatePipelineCommandHandler.java:lambda$handle$2(124)) - Created Pipeline RATIS ONE PipelineID=3de655d4-33fa-4130-a90c-48ef6a643e2d.
2024-06-12 03:12:46,054 [0045c317-f62f-4f57-91f4-beda1a434bec-PipelineCommandHandlerThread-0] INFO  server.RaftServer (RaftServerProxy.java:addNew(100)) - 0045c317-f62f-4f57-91f4-beda1a434bec: addNew group-BD8ED6F243E6:[4ff6fc3e-a64b-47a9-abec-2b416c3c87bd|127.0.0.1:15014, 15a53066-cbd8-4f19-b9a5-7cdb9ae22392|127.0.0.1:15023, 0045c317-f62f-4f57-91f4-beda1a434bec|127.0.0.1:15032] returns group-BD8ED6F243E6:java.util.concurrent.CompletableFuture@44fb1995[Not completed]
2024-06-12 03:12:46,056 [0045c317-f62f-4f57-91f4-beda1a434bec-groupManagement] INFO  server.RaftServer$Division (RaftServerImpl.java:<init>(256)) - 0045c317-f62f-4f57-91f4-beda1a434bec: new RaftServerImpl for group-BD8ED6F243E6:[4ff6fc3e-a64b-47a9-abec-2b416c3c87bd|127.0.0.1:15014, 15a53066-cbd8-4f19-b9a5-7cdb9ae22392|127.0.0.1:15023, 0045c317-f62f-4f57-91f4-beda1a434bec|127.0.0.1:15032] with ContainerStateMachine:uninitialized
2024-06-12 03:12:46,056 [0045c317-f62f-4f57-91f4-beda1a434bec-groupManagement] INFO  server.RaftServerConfigKeys (ConfUtils.java:logGet(46)) - raft.server.rpc.timeout.min = 5s (custom)
2024-06-12 03:12:46,057 [0045c317-f62f-4f57-91f4-beda1a434bec-groupManagement] INFO  server.RaftServerConfigKeys (ConfUtils.java:logGet(46)) - raft.server.rpc.timeout.max = 5200ms (custom)
2024-06-12 03:12:46,057 [0045c317-f62f-4f57-91f4-beda1a434bec-groupManagement] INFO  server.RaftServerConfigKeys (ConfUtils.java:logGet(46)) - raft.server.rpc.sleep.time = 25ms (default)
2024-06-12 03:12:46,057 [0045c317-f62f-4f57-91f4-beda1a434bec-groupManagement] INFO  server.RaftServerConfigKeys (ConfUtils.java:logGet(46)) - raft.server.rpc.slowness.timeout = 300s (custom)
2024-06-12 03:12:46,057 [0045c317-f62f-4f57-91f4-beda1a434bec-groupManagement] INFO  server.RaftServerConfigKeys (ConfUtils.java:logGet(46)) - raft.server.leaderelection.leader.step-down.wait-time = 10s (default)
2024-06-12 03:12:46,057 [0045c317-f62f-4f57-91f4-beda1a434bec-groupManagement] INFO  server.RaftServerConfigKeys (ConfUtils.java:logGet(46)) - raft.server.leaderelection.member.majority-add = false (default)
2024-06-12 03:12:46,057 [0045c317-f62f-4f57-91f4-beda1a434bec-groupManagement] INFO  server.RaftServerConfigKeys (ConfUtils.java:logGet(46)) - raft.server.sleep.deviation.threshold = 300ms (default)
2024-06-12 03:12:46,057 [0045c317-f62f-4f57-91f4-beda1a434bec-groupManagement] INFO  server.RaftServer$Division (ServerState.java:<init>(113)) - 0045c317-f62f-4f57-91f4-beda1a434bec@group-BD8ED6F243E6: ConfigurationManager, init=-1: peers:[4ff6fc3e-a64b-47a9-abec-2b416c3c87bd|127.0.0.1:15014, 15a53066-cbd8-4f19-b9a5-7cdb9ae22392|127.0.0.1:15023, 0045c317-f62f-4f57-91f4-beda1a434bec|127.0.0.1:15032]|listeners:[], old=null, confs=<EMPTY_MAP>
2024-06-12 03:12:46,057 [0045c317-f62f-4f57-91f4-beda1a434bec-groupManagement] INFO  server.RaftServerConfigKeys (ConfUtils.java:logGet(46)) - raft.server.notification.no-leader.timeout = 300s (custom)
2024-06-12 03:12:46,057 [0045c317-f62f-4f57-91f4-beda1a434bec-groupManagement] INFO  server.RaftServerConfigKeys (ConfUtils.java:logGet(46)) - raft.server.read.timeout = 10s (default)
2024-06-12 03:12:46,057 [0045c317-f62f-4f57-91f4-beda1a434bec-groupManagement] INFO  server.RaftServerConfigKeys (ConfUtils.java:logGet(46)) - raft.server.retrycache.expirytime = 600000ms (custom)
2024-06-12 03:12:46,057 [0045c317-f62f-4f57-91f4-beda1a434bec-groupManagement] INFO  server.RaftServerConfigKeys (ConfUtils.java:logGet(46)) - raft.server.retrycache.statistics.expirytime = 100ms (default)
2024-06-12 03:12:46,057 [0045c317-f62f-4f57-91f4-beda1a434bec-groupManagement] INFO  server.RaftServerConfigKeys (ConfUtils.java:logGet(46)) - raft.server.read.option = DEFAULT (default)
2024-06-12 03:12:46,057 [0045c317-f62f-4f57-91f4-beda1a434bec-groupManagement] INFO  server.RaftServerConfigKeys (ConfUtils.java:logGet(46)) - raft.server.read.read-after-write-consistent.write-index-cache.expiry-time = 60s (default)
2024-06-12 03:12:46,062 [0045c317-f62f-4f57-91f4-beda1a434bec-groupManagement] INFO  server.RaftServerConfigKeys (ConfUtils.java:logGet(46)) - raft.server.rpc.request.timeout = 60s (custom)
2024-06-12 03:12:46,062 [0045c317-f62f-4f57-91f4-beda1a434bec-groupManagement] INFO  server.RaftServerConfigKeys (ConfUtils.java:logGet(46)) - raft.server.log.appender.install.snapshot.enabled = false (custom)
2024-06-12 03:12:46,063 [0045c317-f62f-4f57-91f4-beda1a434bec-groupManagement] INFO  server.RaftServerConfigKeys (ConfUtils.java:logGet(46)) - raft.server.threadpool.server.cached = true (default)
2024-06-12 03:12:46,063 [0045c317-f62f-4f57-91f4-beda1a434bec-groupManagement] INFO  server.RaftServerConfigKeys (ConfUtils.java:logGet(46)) - raft.server.threadpool.server.size = 0 (default)
2024-06-12 03:12:46,063 [0045c317-f62f-4f57-91f4-beda1a434bec-groupManagement] INFO  server.RaftServerConfigKeys (ConfUtils.java:logGet(46)) - raft.server.threadpool.client.cached = true (default)
2024-06-12 03:12:46,064 [0045c317-f62f-4f57-91f4-beda1a434bec-groupManagement] INFO  server.RaftServerConfigKeys (ConfUtils.java:logGet(46)) - raft.server.threadpool.client.size = 0 (default)
2024-06-12 03:12:46,064 [0045c317-f62f-4f57-91f4-beda1a434bec-groupManagement] INFO  server.RaftServerConfigKeys (ConfUtils.java:logGet(46)) - raft.server.storage.free-space.min = 0MB (=0) (default)
2024-06-12 03:12:46,065 [0045c317-f62f-4f57-91f4-beda1a434bec-groupManagement] INFO  server.RaftServerConfigKeys (ConfUtils.java:logGet(46)) - raft.server.log.corruption.policy = EXCEPTION (default)
2024-06-12 03:12:46,065 [0045c317-f62f-4f57-91f4-beda1a434bec-groupManagement] INFO  server.RaftServerConfigKeys (ConfUtils.java:logGet(46)) - raft.server.storage.dir = [/home/runner/work/ozone/ozone/hadoop-ozone/integration-test/target/test-dir/MiniOzoneClusterImpl-2da4ef03-bf4e-4b68-9b16-b615eb45abb7/ozone-meta/datanode-3/ratis] (custom)
2024-06-12 03:12:46,065 [0045c317-f62f-4f57-91f4-beda1a434bec-groupManagement] INFO  storage.RaftStorageDirectory (RaftStorageDirectoryImpl.java:analyzeStorage(138)) - The storage directory /home/runner/work/ozone/ozone/hadoop-ozone/integration-test/target/test-dir/MiniOzoneClusterImpl-2da4ef03-bf4e-4b68-9b16-b615eb45abb7/ozone-meta/datanode-3/ratis/bcf6663f-c7b0-4e0e-ab8f-bd8ed6f243e6 does not exist. Creating ...
2024-06-12 03:12:46,067 [0045c317-f62f-4f57-91f4-beda1a434bec-groupManagement] INFO  storage.RaftStorageDirectory (RaftStorageDirectoryImpl.java:tryLock(228)) - Lock on /home/runner/work/ozone/ozone/hadoop-ozone/integration-test/target/test-dir/MiniOzoneClusterImpl-2da4ef03-bf4e-4b68-9b16-b615eb45abb7/ozone-meta/datanode-3/ratis/bcf6663f-c7b0-4e0e-ab8f-bd8ed6f243e6/in_use.lock acquired by nodename 94480@fv-az771-543
2024-06-12 03:12:46,070 [0045c317-f62f-4f57-91f4-beda1a434bec-groupManagement] INFO  storage.RaftStorage (RaftStorageImpl.java:format(99)) - Storage directory /home/runner/work/ozone/ozone/hadoop-ozone/integration-test/target/test-dir/MiniOzoneClusterImpl-2da4ef03-bf4e-4b68-9b16-b615eb45abb7/ozone-meta/datanode-3/ratis/bcf6663f-c7b0-4e0e-ab8f-bd8ed6f243e6 has been successfully formatted.
2024-06-12 03:12:46,070 [0045c317-f62f-4f57-91f4-beda1a434bec-groupManagement] WARN  util.FileUtils (LogUtils.java:supplyAndLog(63)) - Failed to Files.newInputStream /home/runner/work/ozone/ozone/hadoop-ozone/integration-test/target/test-dir/MiniOzoneClusterImpl-2da4ef03-bf4e-4b68-9b16-b615eb45abb7/ozone-meta/datanode-3/ratis/bcf6663f-c7b0-4e0e-ab8f-bd8ed6f243e6/current/raft-meta.conf with options []: java.nio.file.NoSuchFileException: /home/runner/work/ozone/ozone/hadoop-ozone/integration-test/target/test-dir/MiniOzoneClusterImpl-2da4ef03-bf4e-4b68-9b16-b615eb45abb7/ozone-meta/datanode-3/ratis/bcf6663f-c7b0-4e0e-ab8f-bd8ed6f243e6/current/raft-meta.conf
2024-06-12 03:12:46,072 [0045c317-f62f-4f57-91f4-beda1a434bec-groupManagement] INFO  ratis.ContainerStateMachine (ContainerStateMachine.java:loadSnapshot(287)) - group-BD8ED6F243E6: The snapshot info is null. Setting the last applied index to:(t:0, i:~)
2024-06-12 03:12:46,072 [0045c317-f62f-4f57-91f4-beda1a434bec-groupManagement] INFO  server.RaftServerConfigKeys (ConfUtils.java:logGet(46)) - raft.server.log.use.memory = false (default)
2024-06-12 03:12:46,073 [0045c317-f62f-4f57-91f4-beda1a434bec-groupManagement] INFO  server.RaftServerConfigKeys (ConfUtils.java:logGet(46)) - raft.server.log.purge.gap = 1000000 (custom)
2024-06-12 03:12:46,073 [0045c317-f62f-4f57-91f4-beda1a434bec-groupManagement] INFO  server.RaftServerConfigKeys (ConfUtils.java:logGet(46)) - raft.server.log.appender.buffer.byte-limit = 8388608 (custom)
2024-06-12 03:12:46,073 [0045c317-f62f-4f57-91f4-beda1a434bec-groupManagement] INFO  server.RaftServerConfigKeys (ConfUtils.java:logGet(46)) - raft.server.log.statemachine.data.read.timeout = 1000ms (default)
2024-06-12 03:12:46,074 [0045c317-f62f-4f57-91f4-beda1a434bec-groupManagement] INFO  server.RaftServerConfigKeys (ConfUtils.java:logGet(46)) - raft.server.log.purge.preservation.log.num = 0 (default)
2024-06-12 03:12:46,074 [EventQueue-OpenPipelineForHealthyPipelineSafeModeRule] INFO  safemode.SCMSafeModeManager (HealthyPipelineSafeModeRule.java:process(140)) - SCM in safe mode. Healthy pipelines reported count is 0, required healthy pipeline reported count is 1
2024-06-12 03:12:46,076 [0045c317-f62f-4f57-91f4-beda1a434bec-groupManagement] INFO  server.RaftServerConfigKeys (ConfUtils.java:logGet(46)) - raft.server.log.segment.size.max = 67108864 (custom)
2024-06-12 03:12:46,076 [0045c317-f62f-4f57-91f4-beda1a434bec-groupManagement] INFO  server.RaftServerConfigKeys (ConfUtils.java:logGet(46)) - raft.server.log.segment.cache.num.max = 2 (custom)
2024-06-12 03:12:46,076 [0045c317-f62f-4f57-91f4-beda1a434bec-groupManagement] INFO  server.RaftServerConfigKeys (ConfUtils.java:logGet(46)) - raft.server.log.segment.cache.size.max = 200MB (=209715200) (default)
2024-06-12 03:12:46,076 [0045c317-f62f-4f57-91f4-beda1a434bec-groupManagement] INFO  server.RaftServerConfigKeys (ConfUtils.java:logGet(46)) - raft.server.log.appender.buffer.byte-limit = 8388608 (custom)
2024-06-12 03:12:46,077 [0045c317-f62f-4f57-91f4-beda1a434bec-groupManagement] INFO  util.AwaitToRun (AwaitToRun.java:start(81)) - Thread[0045c317-f62f-4f57-91f4-beda1a434bec@group-BD8ED6F243E6-cacheEviction-AwaitToRun,5,main] started
2024-06-12 03:12:46,077 [0045c317-f62f-4f57-91f4-beda1a434bec-groupManagement] INFO  segmented.SegmentedRaftLogWorker (SegmentedRaftLogWorker.java:<init>(182)) - new 0045c317-f62f-4f57-91f4-beda1a434bec@group-BD8ED6F243E6-SegmentedRaftLogWorker for RaftStorageImpl:Storage Directory /home/runner/work/ozone/ozone/hadoop-ozone/integration-test/target/test-dir/MiniOzoneClusterImpl-2da4ef03-bf4e-4b68-9b16-b615eb45abb7/ozone-meta/datanode-3/ratis/bcf6663f-c7b0-4e0e-ab8f-bd8ed6f243e6
2024-06-12 03:12:46,077 [0045c317-f62f-4f57-91f4-beda1a434bec-groupManagement] INFO  server.RaftServerConfigKeys (ConfUtils.java:logGet(46)) - raft.server.log.queue.byte-limit = 4294967296 (custom)
2024-06-12 03:12:46,077 [0045c317-f62f-4f57-91f4-beda1a434bec-groupManagement] INFO  server.RaftServerConfigKeys (ConfUtils.java:logGet(46)) - raft.server.log.queue.element-limit = 1024 (custom)
2024-06-12 03:12:46,078 [0045c317-f62f-4f57-91f4-beda1a434bec-groupManagement] INFO  server.RaftServerConfigKeys (ConfUtils.java:logGet(46)) - raft.server.log.segment.size.max = 67108864 (custom)
2024-06-12 03:12:46,078 [0045c317-f62f-4f57-91f4-beda1a434bec-groupManagement] INFO  server.RaftServerConfigKeys (ConfUtils.java:logGet(46)) - raft.server.log.preallocated.size = 4194304 (custom)
2024-06-12 03:12:46,078 [0045c317-f62f-4f57-91f4-beda1a434bec-groupManagement] INFO  server.RaftServerConfigKeys (ConfUtils.java:logGet(46)) - raft.server.log.force.sync.num = 128 (default)
2024-06-12 03:12:46,078 [0045c317-f62f-4f57-91f4-beda1a434bec-groupManagement] INFO  server.RaftServerConfigKeys (ConfUtils.java:logGet(46)) - raft.server.log.statemachine.data.sync = true (default)
2024-06-12 03:12:46,078 [0045c317-f62f-4f57-91f4-beda1a434bec-groupManagement] INFO  server.RaftServerConfigKeys (ConfUtils.java:logGet(46)) - raft.server.log.statemachine.data.sync.timeout = 10s (default)
2024-06-12 03:12:46,078 [0045c317-f62f-4f57-91f4-beda1a434bec-groupManagement] INFO  server.RaftServerConfigKeys (ConfUtils.java:logGet(46)) - raft.server.log.statemachine.data.sync.timeout.retry = 30 (custom)
2024-06-12 03:12:46,078 [0045c317-f62f-4f57-91f4-beda1a434bec-groupManagement] INFO  server.RaftServerConfigKeys (ConfUtils.java:logGet(46)) - raft.server.log.write.buffer.size = 8388616 (custom)
2024-06-12 03:12:46,080 [0045c317-f62f-4f57-91f4-beda1a434bec-groupManagement] INFO  server.RaftServerConfigKeys (ConfUtils.java:logGet(46)) - raft.server.log.appender.buffer.byte-limit = 8388608 (custom)
2024-06-12 03:12:46,080 [0045c317-f62f-4f57-91f4-beda1a434bec-groupManagement] INFO  server.RaftServerConfigKeys (ConfUtils.java:logGet(46)) - raft.server.log.unsafe-flush.enabled = false (default)
2024-06-12 03:12:46,080 [0045c317-f62f-4f57-91f4-beda1a434bec-groupManagement] INFO  server.RaftServerConfigKeys (ConfUtils.java:logGet(46)) - raft.server.log.async-flush.enabled = false (default)
2024-06-12 03:12:46,080 [0045c317-f62f-4f57-91f4-beda1a434bec-groupManagement] INFO  server.RaftServerConfigKeys (ConfUtils.java:logGet(46)) - raft.server.log.statemachine.data.caching.enabled = true (custom)
2024-06-12 03:12:46,080 [0045c317-f62f-4f57-91f4-beda1a434bec-groupManagement] INFO  segmented.SegmentedRaftLogWorker (SegmentedRaftLogWorker.java:lambda$new$0(134)) - 0045c317-f62f-4f57-91f4-beda1a434bec@group-BD8ED6F243E6-SegmentedRaftLogWorker: flushIndex: setUnconditionally 0 -> -1
2024-06-12 03:12:46,080 [0045c317-f62f-4f57-91f4-beda1a434bec-groupManagement] INFO  segmented.SegmentedRaftLogWorker (SegmentedRaftLogWorker.java:lambda$new$0(134)) - 0045c317-f62f-4f57-91f4-beda1a434bec@group-BD8ED6F243E6-SegmentedRaftLogWorker: safeCacheEvictIndex: setUnconditionally 0 -> -1
2024-06-12 03:12:46,081 [0045c317-f62f-4f57-91f4-beda1a434bec-groupManagement] INFO  server.RaftServer$Division (RaftServerImpl.java:start(396)) - 0045c317-f62f-4f57-91f4-beda1a434bec@group-BD8ED6F243E6: start as a follower, conf=-1: peers:[4ff6fc3e-a64b-47a9-abec-2b416c3c87bd|127.0.0.1:15014, 15a53066-cbd8-4f19-b9a5-7cdb9ae22392|127.0.0.1:15023, 0045c317-f62f-4f57-91f4-beda1a434bec|127.0.0.1:15032]|listeners:[], old=null
2024-06-12 03:12:46,081 [0045c317-f62f-4f57-91f4-beda1a434bec-groupManagement] INFO  server.RaftServer$Division (RaftServerImpl.java:setRole(383)) - 0045c317-f62f-4f57-91f4-beda1a434bec@group-BD8ED6F243E6: changes role from      null to FOLLOWER at term 0 for startAsFollower
2024-06-12 03:12:46,081 [0045c317-f62f-4f57-91f4-beda1a434bec-groupManagement] INFO  impl.RoleInfo (RoleInfo.java:updateAndGet(139)) - 0045c317-f62f-4f57-91f4-beda1a434bec: start 0045c317-f62f-4f57-91f4-beda1a434bec@group-BD8ED6F243E6-FollowerState
2024-06-12 03:12:46,081 [0045c317-f62f-4f57-91f4-beda1a434bec-groupManagement] INFO  util.JmxRegister (JmxRegister.java:tryRegister(44)) - Successfully registered JMX Bean with object name Ratis:service=RaftServer,group=group-BD8ED6F243E6,id=0045c317-f62f-4f57-91f4-beda1a434bec
2024-06-12 03:12:46,081 [0045c317-f62f-4f57-91f4-beda1a434bec-groupManagement] INFO  server.RaftServerConfigKeys (ConfUtils.java:logGet(46)) - raft.server.snapshot.trigger-when-stop.enabled = true (default)
2024-06-12 03:12:46,082 [0045c317-f62f-4f57-91f4-beda1a434bec-groupManagement] INFO  server.RaftServerConfigKeys (ConfUtils.java:logGet(46)) - raft.server.snapshot.auto.trigger.enabled = true (custom)
2024-06-12 03:12:46,082 [0045c317-f62f-4f57-91f4-beda1a434bec-groupManagement] INFO  server.RaftServerConfigKeys (ConfUtils.java:logGet(46)) - raft.server.snapshot.auto.trigger.threshold = 10000 (custom)
2024-06-12 03:12:46,082 [0045c317-f62f-4f57-91f4-beda1a434bec-groupManagement] INFO  server.RaftServerConfigKeys (ConfUtils.java:logGet(46)) - raft.server.snapshot.retention.file.num = 5 (custom)
2024-06-12 03:12:46,082 [0045c317-f62f-4f57-91f4-beda1a434bec-groupManagement] INFO  server.RaftServerConfigKeys (ConfUtils.java:logGet(46)) - raft.server.log.purge.upto.snapshot.index = false (default)
2024-06-12 03:12:46,082 [0045c317-f62f-4f57-91f4-beda1a434bec@group-BD8ED6F243E6-FollowerState] INFO  server.RaftServerConfigKeys (ConfUtils.java:logFallback(53)) - raft.server.rpc.first-election.timeout.min = 5s (fallback to raft.server.rpc.timeout.min)
2024-06-12 03:12:46,083 [0045c317-f62f-4f57-91f4-beda1a434bec@group-BD8ED6F243E6-FollowerState] INFO  server.RaftServerConfigKeys (ConfUtils.java:logFallback(53)) - raft.server.rpc.first-election.timeout.max = 5200ms (fallback to raft.server.rpc.timeout.max)
2024-06-12 03:12:46,083 [0045c317-f62f-4f57-91f4-beda1a434bec-PipelineCommandHandlerThread-0] INFO  ratis.XceiverServerRatis (XceiverServerRatis.java:addGroup(864)) - Created group PipelineID=bcf6663f-c7b0-4e0e-ab8f-bd8ed6f243e6
2024-06-12 03:12:46,269 [15a53066-cbd8-4f19-b9a5-7cdb9ae22392-PipelineCommandHandlerThread-0] INFO  commandhandler.CreatePipelineCommandHandler (CreatePipelineCommandHandler.java:lambda$handle$2(124)) - Created Pipeline RATIS THREE PipelineID=bcf6663f-c7b0-4e0e-ab8f-bd8ed6f243e6.
2024-06-12 03:12:46,271 [15a53066-cbd8-4f19-b9a5-7cdb9ae22392-groupManagement] INFO  server.RaftServer$Division (RaftServerImpl.java:<init>(256)) - 15a53066-cbd8-4f19-b9a5-7cdb9ae22392: new RaftServerImpl for group-EA9261661438:[4ff6fc3e-a64b-47a9-abec-2b416c3c87bd|127.0.0.1:15014, 15a53066-cbd8-4f19-b9a5-7cdb9ae22392|127.0.0.1:15023, 0045c317-f62f-4f57-91f4-beda1a434bec|127.0.0.1:15032] with ContainerStateMachine:uninitialized
2024-06-12 03:12:46,274 [15a53066-cbd8-4f19-b9a5-7cdb9ae22392-groupManagement] INFO  server.RaftServerConfigKeys (ConfUtils.java:logGet(46)) - raft.server.rpc.timeout.min = 5s (custom)
2024-06-12 03:12:46,274 [15a53066-cbd8-4f19-b9a5-7cdb9ae22392-PipelineCommandHandlerThread-0] INFO  server.RaftServer (RaftServerProxy.java:addNew(100)) - 15a53066-cbd8-4f19-b9a5-7cdb9ae22392: addNew group-EA9261661438:[4ff6fc3e-a64b-47a9-abec-2b416c3c87bd|127.0.0.1:15014, 15a53066-cbd8-4f19-b9a5-7cdb9ae22392|127.0.0.1:15023, 0045c317-f62f-4f57-91f4-beda1a434bec|127.0.0.1:15032] returns group-EA9261661438:java.util.concurrent.CompletableFuture@1d8602c7[Not completed]
2024-06-12 03:12:46,274 [15a53066-cbd8-4f19-b9a5-7cdb9ae22392-groupManagement] INFO  server.RaftServerConfigKeys (ConfUtils.java:logGet(46)) - raft.server.rpc.timeout.max = 5200ms (custom)
2024-06-12 03:12:46,274 [15a53066-cbd8-4f19-b9a5-7cdb9ae22392-groupManagement] INFO  server.RaftServerConfigKeys (ConfUtils.java:logGet(46)) - raft.server.rpc.sleep.time = 25ms (default)
2024-06-12 03:12:46,274 [15a53066-cbd8-4f19-b9a5-7cdb9ae22392-groupManagement] INFO  server.RaftServerConfigKeys (ConfUtils.java:logGet(46)) - raft.server.rpc.slowness.timeout = 300s (custom)
2024-06-12 03:12:46,274 [15a53066-cbd8-4f19-b9a5-7cdb9ae22392-groupManagement] INFO  server.RaftServerConfigKeys (ConfUtils.java:logGet(46)) - raft.server.leaderelection.leader.step-down.wait-time = 10s (default)
2024-06-12 03:12:46,275 [15a53066-cbd8-4f19-b9a5-7cdb9ae22392-groupManagement] INFO  server.RaftServerConfigKeys (ConfUtils.java:logGet(46)) - raft.server.leaderelection.member.majority-add = false (default)
2024-06-12 03:12:46,275 [15a53066-cbd8-4f19-b9a5-7cdb9ae22392-groupManagement] INFO  server.RaftServerConfigKeys (ConfUtils.java:logGet(46)) - raft.server.sleep.deviation.threshold = 300ms (default)
2024-06-12 03:12:46,275 [15a53066-cbd8-4f19-b9a5-7cdb9ae22392-groupManagement] INFO  server.RaftServer$Division (ServerState.java:<init>(113)) - 15a53066-cbd8-4f19-b9a5-7cdb9ae22392@group-EA9261661438: ConfigurationManager, init=-1: peers:[4ff6fc3e-a64b-47a9-abec-2b416c3c87bd|127.0.0.1:15014, 15a53066-cbd8-4f19-b9a5-7cdb9ae22392|127.0.0.1:15023, 0045c317-f62f-4f57-91f4-beda1a434bec|127.0.0.1:15032]|listeners:[], old=null, confs=<EMPTY_MAP>
2024-06-12 03:12:46,275 [15a53066-cbd8-4f19-b9a5-7cdb9ae22392-groupManagement] INFO  server.RaftServerConfigKeys (ConfUtils.java:logGet(46)) - raft.server.notification.no-leader.timeout = 300s (custom)
2024-06-12 03:12:46,275 [15a53066-cbd8-4f19-b9a5-7cdb9ae22392-groupManagement] INFO  server.RaftServerConfigKeys (ConfUtils.java:logGet(46)) - raft.server.read.timeout = 10s (default)
2024-06-12 03:12:46,275 [15a53066-cbd8-4f19-b9a5-7cdb9ae22392-groupManagement] INFO  server.RaftServerConfigKeys (ConfUtils.java:logGet(46)) - raft.server.retrycache.expirytime = 600000ms (custom)
2024-06-12 03:12:46,275 [15a53066-cbd8-4f19-b9a5-7cdb9ae22392-groupManagement] INFO  server.RaftServerConfigKeys (ConfUtils.java:logGet(46)) - raft.server.retrycache.statistics.expirytime = 100ms (default)
2024-06-12 03:12:46,275 [15a53066-cbd8-4f19-b9a5-7cdb9ae22392-groupManagement] INFO  server.RaftServerConfigKeys (ConfUtils.java:logGet(46)) - raft.server.read.option = DEFAULT (default)
2024-06-12 03:12:46,275 [15a53066-cbd8-4f19-b9a5-7cdb9ae22392-groupManagement] INFO  server.RaftServerConfigKeys (ConfUtils.java:logGet(46)) - raft.server.read.read-after-write-consistent.write-index-cache.expiry-time = 60s (default)
2024-06-12 03:12:46,280 [15a53066-cbd8-4f19-b9a5-7cdb9ae22392-groupManagement] INFO  server.RaftServerConfigKeys (ConfUtils.java:logGet(46)) - raft.server.rpc.request.timeout = 60s (custom)
2024-06-12 03:12:46,280 [15a53066-cbd8-4f19-b9a5-7cdb9ae22392-groupManagement] INFO  server.RaftServerConfigKeys (ConfUtils.java:logGet(46)) - raft.server.log.appender.install.snapshot.enabled = false (custom)
2024-06-12 03:12:46,280 [15a53066-cbd8-4f19-b9a5-7cdb9ae22392-groupManagement] INFO  server.RaftServerConfigKeys (ConfUtils.java:logGet(46)) - raft.server.threadpool.server.cached = true (default)
2024-06-12 03:12:46,280 [15a53066-cbd8-4f19-b9a5-7cdb9ae22392-groupManagement] INFO  server.RaftServerConfigKeys (ConfUtils.java:logGet(46)) - raft.server.threadpool.server.size = 0 (default)
2024-06-12 03:12:46,280 [15a53066-cbd8-4f19-b9a5-7cdb9ae22392-groupManagement] INFO  server.RaftServerConfigKeys (ConfUtils.java:logGet(46)) - raft.server.threadpool.client.cached = true (default)
2024-06-12 03:12:46,280 [15a53066-cbd8-4f19-b9a5-7cdb9ae22392-groupManagement] INFO  server.RaftServerConfigKeys (ConfUtils.java:logGet(46)) - raft.server.threadpool.client.size = 0 (default)
2024-06-12 03:12:46,280 [15a53066-cbd8-4f19-b9a5-7cdb9ae22392-groupManagement] INFO  server.RaftServerConfigKeys (ConfUtils.java:logGet(46)) - raft.server.storage.free-space.min = 0MB (=0) (default)
2024-06-12 03:12:46,280 [15a53066-cbd8-4f19-b9a5-7cdb9ae22392-groupManagement] INFO  server.RaftServerConfigKeys (ConfUtils.java:logGet(46)) - raft.server.log.corruption.policy = EXCEPTION (default)
2024-06-12 03:12:46,280 [15a53066-cbd8-4f19-b9a5-7cdb9ae22392-groupManagement] INFO  server.RaftServerConfigKeys (ConfUtils.java:logGet(46)) - raft.server.storage.dir = [/home/runner/work/ozone/ozone/hadoop-ozone/integration-test/target/test-dir/MiniOzoneClusterImpl-2da4ef03-bf4e-4b68-9b16-b615eb45abb7/ozone-meta/datanode-2/ratis] (custom)
2024-06-12 03:12:46,281 [15a53066-cbd8-4f19-b9a5-7cdb9ae22392-groupManagement] INFO  storage.RaftStorageDirectory (RaftStorageDirectoryImpl.java:analyzeStorage(138)) - The storage directory /home/runner/work/ozone/ozone/hadoop-ozone/integration-test/target/test-dir/MiniOzoneClusterImpl-2da4ef03-bf4e-4b68-9b16-b615eb45abb7/ozone-meta/datanode-2/ratis/3b8265a4-f975-4030-927c-ea9261661438 does not exist. Creating ...
2024-06-12 03:12:46,284 [15a53066-cbd8-4f19-b9a5-7cdb9ae22392-groupManagement] INFO  storage.RaftStorageDirectory (RaftStorageDirectoryImpl.java:tryLock(228)) - Lock on /home/runner/work/ozone/ozone/hadoop-ozone/integration-test/target/test-dir/MiniOzoneClusterImpl-2da4ef03-bf4e-4b68-9b16-b615eb45abb7/ozone-meta/datanode-2/ratis/3b8265a4-f975-4030-927c-ea9261661438/in_use.lock acquired by nodename 94480@fv-az771-543
2024-06-12 03:12:46,286 [15a53066-cbd8-4f19-b9a5-7cdb9ae22392-groupManagement] INFO  storage.RaftStorage (RaftStorageImpl.java:format(99)) - Storage directory /home/runner/work/ozone/ozone/hadoop-ozone/integration-test/target/test-dir/MiniOzoneClusterImpl-2da4ef03-bf4e-4b68-9b16-b615eb45abb7/ozone-meta/datanode-2/ratis/3b8265a4-f975-4030-927c-ea9261661438 has been successfully formatted.
2024-06-12 03:12:46,286 [15a53066-cbd8-4f19-b9a5-7cdb9ae22392-groupManagement] WARN  util.FileUtils (LogUtils.java:supplyAndLog(63)) - Failed to Files.newInputStream /home/runner/work/ozone/ozone/hadoop-ozone/integration-test/target/test-dir/MiniOzoneClusterImpl-2da4ef03-bf4e-4b68-9b16-b615eb45abb7/ozone-meta/datanode-2/ratis/3b8265a4-f975-4030-927c-ea9261661438/current/raft-meta.conf with options []: java.nio.file.NoSuchFileException: /home/runner/work/ozone/ozone/hadoop-ozone/integration-test/target/test-dir/MiniOzoneClusterImpl-2da4ef03-bf4e-4b68-9b16-b615eb45abb7/ozone-meta/datanode-2/ratis/3b8265a4-f975-4030-927c-ea9261661438/current/raft-meta.conf
2024-06-12 03:12:46,287 [15a53066-cbd8-4f19-b9a5-7cdb9ae22392-groupManagement] INFO  ratis.ContainerStateMachine (ContainerStateMachine.java:loadSnapshot(287)) - group-EA9261661438: The snapshot info is null. Setting the last applied index to:(t:0, i:~)
2024-06-12 03:12:46,287 [15a53066-cbd8-4f19-b9a5-7cdb9ae22392-groupManagement] INFO  server.RaftServerConfigKeys (ConfUtils.java:logGet(46)) - raft.server.log.use.memory = false (default)
2024-06-12 03:12:46,287 [15a53066-cbd8-4f19-b9a5-7cdb9ae22392-groupManagement] INFO  server.RaftServerConfigKeys (ConfUtils.java:logGet(46)) - raft.server.log.purge.gap = 1000000 (custom)
2024-06-12 03:12:46,287 [15a53066-cbd8-4f19-b9a5-7cdb9ae22392-groupManagement] INFO  server.RaftServerConfigKeys (ConfUtils.java:logGet(46)) - raft.server.log.appender.buffer.byte-limit = 8388608 (custom)
2024-06-12 03:12:46,287 [15a53066-cbd8-4f19-b9a5-7cdb9ae22392-groupManagement] INFO  server.RaftServerConfigKeys (ConfUtils.java:logGet(46)) - raft.server.log.statemachine.data.read.timeout = 1000ms (default)
2024-06-12 03:12:46,287 [15a53066-cbd8-4f19-b9a5-7cdb9ae22392-groupManagement] INFO  server.RaftServerConfigKeys (ConfUtils.java:logGet(46)) - raft.server.log.purge.preservation.log.num = 0 (default)
2024-06-12 03:12:46,289 [EventQueue-OpenPipelineForHealthyPipelineSafeModeRule] INFO  safemode.SCMSafeModeManager (HealthyPipelineSafeModeRule.java:process(140)) - SCM in safe mode. Healthy pipelines reported count is 0, required healthy pipeline reported count is 1
2024-06-12 03:12:46,289 [15a53066-cbd8-4f19-b9a5-7cdb9ae22392-groupManagement] INFO  server.RaftServerConfigKeys (ConfUtils.java:logGet(46)) - raft.server.log.segment.size.max = 67108864 (custom)
2024-06-12 03:12:46,291 [15a53066-cbd8-4f19-b9a5-7cdb9ae22392-groupManagement] INFO  server.RaftServerConfigKeys (ConfUtils.java:logGet(46)) - raft.server.log.segment.cache.num.max = 2 (custom)
2024-06-12 03:12:46,293 [15a53066-cbd8-4f19-b9a5-7cdb9ae22392-groupManagement] INFO  server.RaftServerConfigKeys (ConfUtils.java:logGet(46)) - raft.server.log.segment.cache.size.max = 200MB (=209715200) (default)
2024-06-12 03:12:46,293 [15a53066-cbd8-4f19-b9a5-7cdb9ae22392-groupManagement] INFO  server.RaftServerConfigKeys (ConfUtils.java:logGet(46)) - raft.server.log.appender.buffer.byte-limit = 8388608 (custom)
2024-06-12 03:12:46,303 [0045c317-f62f-4f57-91f4-beda1a434bec-PipelineCommandHandlerThread-0] INFO  commandhandler.CreatePipelineCommandHandler (CreatePipelineCommandHandler.java:lambda$handle$2(124)) - Created Pipeline RATIS THREE PipelineID=bcf6663f-c7b0-4e0e-ab8f-bd8ed6f243e6.
2024-06-12 03:12:46,303 [0045c317-f62f-4f57-91f4-beda1a434bec-PipelineCommandHandlerThread-0] INFO  server.RaftServer (RaftServerProxy.java:addNew(100)) - 0045c317-f62f-4f57-91f4-beda1a434bec: addNew group-EA9261661438:[4ff6fc3e-a64b-47a9-abec-2b416c3c87bd|127.0.0.1:15014, 15a53066-cbd8-4f19-b9a5-7cdb9ae22392|127.0.0.1:15023, 0045c317-f62f-4f57-91f4-beda1a434bec|127.0.0.1:15032] returns group-EA9261661438:java.util.concurrent.CompletableFuture@17aebd0e[Not completed]
2024-06-12 03:12:46,305 [0045c317-f62f-4f57-91f4-beda1a434bec-groupManagement] INFO  server.RaftServer$Division (RaftServerImpl.java:<init>(256)) - 0045c317-f62f-4f57-91f4-beda1a434bec: new RaftServerImpl for group-EA9261661438:[4ff6fc3e-a64b-47a9-abec-2b416c3c87bd|127.0.0.1:15014, 15a53066-cbd8-4f19-b9a5-7cdb9ae22392|127.0.0.1:15023, 0045c317-f62f-4f57-91f4-beda1a434bec|127.0.0.1:15032] with ContainerStateMachine:uninitialized
2024-06-12 03:12:46,305 [0045c317-f62f-4f57-91f4-beda1a434bec-groupManagement] INFO  server.RaftServerConfigKeys (ConfUtils.java:logGet(46)) - raft.server.rpc.timeout.min = 5s (custom)
2024-06-12 03:12:46,305 [0045c317-f62f-4f57-91f4-beda1a434bec-groupManagement] INFO  server.RaftServerConfigKeys (ConfUtils.java:logGet(46)) - raft.server.rpc.timeout.max = 5200ms (custom)
2024-06-12 03:12:46,305 [15a53066-cbd8-4f19-b9a5-7cdb9ae22392-groupManagement] INFO  util.AwaitToRun (AwaitToRun.java:start(81)) - Thread[15a53066-cbd8-4f19-b9a5-7cdb9ae22392@group-EA9261661438-cacheEviction-AwaitToRun,5,main] started
2024-06-12 03:12:46,305 [15a53066-cbd8-4f19-b9a5-7cdb9ae22392-groupManagement] INFO  segmented.SegmentedRaftLogWorker (SegmentedRaftLogWorker.java:<init>(182)) - new 15a53066-cbd8-4f19-b9a5-7cdb9ae22392@group-EA9261661438-SegmentedRaftLogWorker for RaftStorageImpl:Storage Directory /home/runner/work/ozone/ozone/hadoop-ozone/integration-test/target/test-dir/MiniOzoneClusterImpl-2da4ef03-bf4e-4b68-9b16-b615eb45abb7/ozone-meta/datanode-2/ratis/3b8265a4-f975-4030-927c-ea9261661438
2024-06-12 03:12:46,305 [15a53066-cbd8-4f19-b9a5-7cdb9ae22392-groupManagement] INFO  server.RaftServerConfigKeys (ConfUtils.java:logGet(46)) - raft.server.log.queue.byte-limit = 4294967296 (custom)
2024-06-12 03:12:46,305 [0045c317-f62f-4f57-91f4-beda1a434bec-groupManagement] INFO  server.RaftServerConfigKeys (ConfUtils.java:logGet(46)) - raft.server.rpc.sleep.time = 25ms (default)
2024-06-12 03:12:46,305 [0045c317-f62f-4f57-91f4-beda1a434bec-groupManagement] INFO  server.RaftServerConfigKeys (ConfUtils.java:logGet(46)) - raft.server.rpc.slowness.timeout = 300s (custom)
2024-06-12 03:12:46,305 [0045c317-f62f-4f57-91f4-beda1a434bec-groupManagement] INFO  server.RaftServerConfigKeys (ConfUtils.java:logGet(46)) - raft.server.leaderelection.leader.step-down.wait-time = 10s (default)
2024-06-12 03:12:46,305 [0045c317-f62f-4f57-91f4-beda1a434bec-groupManagement] INFO  server.RaftServerConfigKeys (ConfUtils.java:logGet(46)) - raft.server.leaderelection.member.majority-add = false (default)
2024-06-12 03:12:46,305 [0045c317-f62f-4f57-91f4-beda1a434bec-groupManagement] INFO  server.RaftServerConfigKeys (ConfUtils.java:logGet(46)) - raft.server.sleep.deviation.threshold = 300ms (default)
2024-06-12 03:12:46,306 [0045c317-f62f-4f57-91f4-beda1a434bec-groupManagement] INFO  server.RaftServer$Division (ServerState.java:<init>(113)) - 0045c317-f62f-4f57-91f4-beda1a434bec@group-EA9261661438: ConfigurationManager, init=-1: peers:[4ff6fc3e-a64b-47a9-abec-2b416c3c87bd|127.0.0.1:15014, 15a53066-cbd8-4f19-b9a5-7cdb9ae22392|127.0.0.1:15023, 0045c317-f62f-4f57-91f4-beda1a434bec|127.0.0.1:15032]|listeners:[], old=null, confs=<EMPTY_MAP>
2024-06-12 03:12:46,306 [0045c317-f62f-4f57-91f4-beda1a434bec-groupManagement] INFO  server.RaftServerConfigKeys (ConfUtils.java:logGet(46)) - raft.server.notification.no-leader.timeout = 300s (custom)
2024-06-12 03:12:46,306 [0045c317-f62f-4f57-91f4-beda1a434bec-groupManagement] INFO  server.RaftServerConfigKeys (ConfUtils.java:logGet(46)) - raft.server.read.timeout = 10s (default)
2024-06-12 03:12:46,306 [0045c317-f62f-4f57-91f4-beda1a434bec-groupManagement] INFO  server.RaftServerConfigKeys (ConfUtils.java:logGet(46)) - raft.server.retrycache.expirytime = 600000ms (custom)
2024-06-12 03:12:46,306 [0045c317-f62f-4f57-91f4-beda1a434bec-groupManagement] INFO  server.RaftServerConfigKeys (ConfUtils.java:logGet(46)) - raft.server.retrycache.statistics.expirytime = 100ms (default)
2024-06-12 03:12:46,306 [0045c317-f62f-4f57-91f4-beda1a434bec-groupManagement] INFO  server.RaftServerConfigKeys (ConfUtils.java:logGet(46)) - raft.server.read.option = DEFAULT (default)
2024-06-12 03:12:46,306 [0045c317-f62f-4f57-91f4-beda1a434bec-groupManagement] INFO  server.RaftServerConfigKeys (ConfUtils.java:logGet(46)) - raft.server.read.read-after-write-consistent.write-index-cache.expiry-time = 60s (default)
2024-06-12 03:12:46,307 [4ff6fc3e-a64b-47a9-abec-2b416c3c87bd-PipelineCommandHandlerThread-0] INFO  commandhandler.CreatePipelineCommandHandler (CreatePipelineCommandHandler.java:lambda$handle$2(124)) - Created Pipeline RATIS THREE PipelineID=bcf6663f-c7b0-4e0e-ab8f-bd8ed6f243e6.
2024-06-12 03:12:46,305 [15a53066-cbd8-4f19-b9a5-7cdb9ae22392-groupManagement] INFO  server.RaftServerConfigKeys (ConfUtils.java:logGet(46)) - raft.server.log.queue.element-limit = 1024 (custom)
2024-06-12 03:12:46,307 [15a53066-cbd8-4f19-b9a5-7cdb9ae22392-groupManagement] INFO  server.RaftServerConfigKeys (ConfUtils.java:logGet(46)) - raft.server.log.segment.size.max = 67108864 (custom)
2024-06-12 03:12:46,307 [15a53066-cbd8-4f19-b9a5-7cdb9ae22392-groupManagement] INFO  server.RaftServerConfigKeys (ConfUtils.java:logGet(46)) - raft.server.log.preallocated.size = 4194304 (custom)
2024-06-12 03:12:46,307 [15a53066-cbd8-4f19-b9a5-7cdb9ae22392-groupManagement] INFO  server.RaftServerConfigKeys (ConfUtils.java:logGet(46)) - raft.server.log.force.sync.num = 128 (default)
2024-06-12 03:12:46,307 [4ff6fc3e-a64b-47a9-abec-2b416c3c87bd-PipelineCommandHandlerThread-0] INFO  server.RaftServer (RaftServerProxy.java:addNew(100)) - 4ff6fc3e-a64b-47a9-abec-2b416c3c87bd: addNew group-EA9261661438:[4ff6fc3e-a64b-47a9-abec-2b416c3c87bd|127.0.0.1:15014, 15a53066-cbd8-4f19-b9a5-7cdb9ae22392|127.0.0.1:15023, 0045c317-f62f-4f57-91f4-beda1a434bec|127.0.0.1:15032] returns group-EA9261661438:java.util.concurrent.CompletableFuture@60256195[Not completed]
2024-06-12 03:12:46,308 [15a53066-cbd8-4f19-b9a5-7cdb9ae22392-groupManagement] INFO  server.RaftServerConfigKeys (ConfUtils.java:logGet(46)) - raft.server.log.statemachine.data.sync = true (default)
2024-06-12 03:12:46,308 [15a53066-cbd8-4f19-b9a5-7cdb9ae22392-groupManagement] INFO  server.RaftServerConfigKeys (ConfUtils.java:logGet(46)) - raft.server.log.statemachine.data.sync.timeout = 10s (default)
2024-06-12 03:12:46,308 [15a53066-cbd8-4f19-b9a5-7cdb9ae22392-groupManagement] INFO  server.RaftServerConfigKeys (ConfUtils.java:logGet(46)) - raft.server.log.statemachine.data.sync.timeout.retry = 30 (custom)
2024-06-12 03:12:46,309 [4ff6fc3e-a64b-47a9-abec-2b416c3c87bd-groupManagement] INFO  server.RaftServer$Division (RaftServerImpl.java:<init>(256)) - 4ff6fc3e-a64b-47a9-abec-2b416c3c87bd: new RaftServerImpl for group-EA9261661438:[4ff6fc3e-a64b-47a9-abec-2b416c3c87bd|127.0.0.1:15014, 15a53066-cbd8-4f19-b9a5-7cdb9ae22392|127.0.0.1:15023, 0045c317-f62f-4f57-91f4-beda1a434bec|127.0.0.1:15032] with ContainerStateMachine:uninitialized
2024-06-12 03:12:46,309 [4ff6fc3e-a64b-47a9-abec-2b416c3c87bd-groupManagement] INFO  server.RaftServerConfigKeys (ConfUtils.java:logGet(46)) - raft.server.rpc.timeout.min = 5s (custom)
2024-06-12 03:12:46,309 [4ff6fc3e-a64b-47a9-abec-2b416c3c87bd-groupManagement] INFO  server.RaftServerConfigKeys (ConfUtils.java:logGet(46)) - raft.server.rpc.timeout.max = 5200ms (custom)
2024-06-12 03:12:46,309 [4ff6fc3e-a64b-47a9-abec-2b416c3c87bd-groupManagement] INFO  server.RaftServerConfigKeys (ConfUtils.java:logGet(46)) - raft.server.rpc.sleep.time = 25ms (default)
2024-06-12 03:12:46,309 [4ff6fc3e-a64b-47a9-abec-2b416c3c87bd-groupManagement] INFO  server.RaftServerConfigKeys (ConfUtils.java:logGet(46)) - raft.server.rpc.slowness.timeout = 300s (custom)
2024-06-12 03:12:46,309 [4ff6fc3e-a64b-47a9-abec-2b416c3c87bd-groupManagement] INFO  server.RaftServerConfigKeys (ConfUtils.java:logGet(46)) - raft.server.leaderelection.leader.step-down.wait-time = 10s (default)
2024-06-12 03:12:46,309 [4ff6fc3e-a64b-47a9-abec-2b416c3c87bd-groupManagement] INFO  server.RaftServerConfigKeys (ConfUtils.java:logGet(46)) - raft.server.leaderelection.member.majority-add = false (default)
2024-06-12 03:12:46,309 [4ff6fc3e-a64b-47a9-abec-2b416c3c87bd-groupManagement] INFO  server.RaftServerConfigKeys (ConfUtils.java:logGet(46)) - raft.server.sleep.deviation.threshold = 300ms (default)
2024-06-12 03:12:46,309 [4ff6fc3e-a64b-47a9-abec-2b416c3c87bd-groupManagement] INFO  server.RaftServer$Division (ServerState.java:<init>(113)) - 4ff6fc3e-a64b-47a9-abec-2b416c3c87bd@group-EA9261661438: ConfigurationManager, init=-1: peers:[4ff6fc3e-a64b-47a9-abec-2b416c3c87bd|127.0.0.1:15014, 15a53066-cbd8-4f19-b9a5-7cdb9ae22392|127.0.0.1:15023, 0045c317-f62f-4f57-91f4-beda1a434bec|127.0.0.1:15032]|listeners:[], old=null, confs=<EMPTY_MAP>
2024-06-12 03:12:46,309 [4ff6fc3e-a64b-47a9-abec-2b416c3c87bd-groupManagement] INFO  server.RaftServerConfigKeys (ConfUtils.java:logGet(46)) - raft.server.notification.no-leader.timeout = 300s (custom)
2024-06-12 03:12:46,309 [4ff6fc3e-a64b-47a9-abec-2b416c3c87bd-groupManagement] INFO  server.RaftServerConfigKeys (ConfUtils.java:logGet(46)) - raft.server.read.timeout = 10s (default)
2024-06-12 03:12:46,309 [4ff6fc3e-a64b-47a9-abec-2b416c3c87bd-groupManagement] INFO  server.RaftServerConfigKeys (ConfUtils.java:logGet(46)) - raft.server.retrycache.expirytime = 600000ms (custom)
2024-06-12 03:12:46,309 [4ff6fc3e-a64b-47a9-abec-2b416c3c87bd-groupManagement] INFO  server.RaftServerConfigKeys (ConfUtils.java:logGet(46)) - raft.server.retrycache.statistics.expirytime = 100ms (default)
2024-06-12 03:12:46,310 [4ff6fc3e-a64b-47a9-abec-2b416c3c87bd-groupManagement] INFO  server.RaftServerConfigKeys (ConfUtils.java:logGet(46)) - raft.server.read.option = DEFAULT (default)
2024-06-12 03:12:46,310 [4ff6fc3e-a64b-47a9-abec-2b416c3c87bd-groupManagement] INFO  server.RaftServerConfigKeys (ConfUtils.java:logGet(46)) - raft.server.read.read-after-write-consistent.write-index-cache.expiry-time = 60s (default)
2024-06-12 03:12:46,311 [15a53066-cbd8-4f19-b9a5-7cdb9ae22392-groupManagement] INFO  server.RaftServerConfigKeys (ConfUtils.java:logGet(46)) - raft.server.log.write.buffer.size = 8388616 (custom)
2024-06-12 03:12:46,313 [15a53066-cbd8-4f19-b9a5-7cdb9ae22392-groupManagement] INFO  server.RaftServerConfigKeys (ConfUtils.java:logGet(46)) - raft.server.log.appender.buffer.byte-limit = 8388608 (custom)
2024-06-12 03:12:46,313 [15a53066-cbd8-4f19-b9a5-7cdb9ae22392-groupManagement] INFO  server.RaftServerConfigKeys (ConfUtils.java:logGet(46)) - raft.server.log.unsafe-flush.enabled = false (default)
2024-06-12 03:12:46,313 [15a53066-cbd8-4f19-b9a5-7cdb9ae22392-groupManagement] INFO  server.RaftServerConfigKeys (ConfUtils.java:logGet(46)) - raft.server.log.async-flush.enabled = false (default)
2024-06-12 03:12:46,313 [15a53066-cbd8-4f19-b9a5-7cdb9ae22392-groupManagement] INFO  server.RaftServerConfigKeys (ConfUtils.java:logGet(46)) - raft.server.log.statemachine.data.caching.enabled = true (custom)
2024-06-12 03:12:46,313 [15a53066-cbd8-4f19-b9a5-7cdb9ae22392-groupManagement] INFO  segmented.SegmentedRaftLogWorker (SegmentedRaftLogWorker.java:lambda$new$0(134)) - 15a53066-cbd8-4f19-b9a5-7cdb9ae22392@group-EA9261661438-SegmentedRaftLogWorker: flushIndex: setUnconditionally 0 -> -1
2024-06-12 03:12:46,313 [15a53066-cbd8-4f19-b9a5-7cdb9ae22392-groupManagement] INFO  segmented.SegmentedRaftLogWorker (SegmentedRaftLogWorker.java:lambda$new$0(134)) - 15a53066-cbd8-4f19-b9a5-7cdb9ae22392@group-EA9261661438-SegmentedRaftLogWorker: safeCacheEvictIndex: setUnconditionally 0 -> -1
2024-06-12 03:12:46,315 [15a53066-cbd8-4f19-b9a5-7cdb9ae22392-groupManagement] INFO  server.RaftServer$Division (RaftServerImpl.java:start(396)) - 15a53066-cbd8-4f19-b9a5-7cdb9ae22392@group-EA9261661438: start as a follower, conf=-1: peers:[4ff6fc3e-a64b-47a9-abec-2b416c3c87bd|127.0.0.1:15014, 15a53066-cbd8-4f19-b9a5-7cdb9ae22392|127.0.0.1:15023, 0045c317-f62f-4f57-91f4-beda1a434bec|127.0.0.1:15032]|listeners:[], old=null
2024-06-12 03:12:46,315 [15a53066-cbd8-4f19-b9a5-7cdb9ae22392-groupManagement] INFO  server.RaftServer$Division (RaftServerImpl.java:setRole(383)) - 15a53066-cbd8-4f19-b9a5-7cdb9ae22392@group-EA9261661438: changes role from      null to FOLLOWER at term 0 for startAsFollower
2024-06-12 03:12:46,315 [15a53066-cbd8-4f19-b9a5-7cdb9ae22392-groupManagement] INFO  impl.RoleInfo (RoleInfo.java:updateAndGet(139)) - 15a53066-cbd8-4f19-b9a5-7cdb9ae22392: start 15a53066-cbd8-4f19-b9a5-7cdb9ae22392@group-EA9261661438-FollowerState
2024-06-12 03:12:46,316 [15a53066-cbd8-4f19-b9a5-7cdb9ae22392@group-EA9261661438-FollowerState] INFO  server.RaftServerConfigKeys (ConfUtils.java:logFallback(53)) - raft.server.rpc.first-election.timeout.min = 5s (fallback to raft.server.rpc.timeout.min)
2024-06-12 03:12:46,316 [15a53066-cbd8-4f19-b9a5-7cdb9ae22392@group-EA9261661438-FollowerState] INFO  server.RaftServerConfigKeys (ConfUtils.java:logFallback(53)) - raft.server.rpc.first-election.timeout.max = 5200ms (fallback to raft.server.rpc.timeout.max)
2024-06-12 03:12:46,318 [0045c317-f62f-4f57-91f4-beda1a434bec-groupManagement] INFO  server.RaftServerConfigKeys (ConfUtils.java:logGet(46)) - raft.server.rpc.request.timeout = 60s (custom)
2024-06-12 03:12:46,318 [0045c317-f62f-4f57-91f4-beda1a434bec-groupManagement] INFO  server.RaftServerConfigKeys (ConfUtils.java:logGet(46)) - raft.server.log.appender.install.snapshot.enabled = false (custom)
2024-06-12 03:12:46,318 [0045c317-f62f-4f57-91f4-beda1a434bec-groupManagement] INFO  server.RaftServerConfigKeys (ConfUtils.java:logGet(46)) - raft.server.threadpool.server.cached = true (default)
2024-06-12 03:12:46,318 [0045c317-f62f-4f57-91f4-beda1a434bec-groupManagement] INFO  server.RaftServerConfigKeys (ConfUtils.java:logGet(46)) - raft.server.threadpool.server.size = 0 (default)
2024-06-12 03:12:46,318 [0045c317-f62f-4f57-91f4-beda1a434bec-groupManagement] INFO  server.RaftServerConfigKeys (ConfUtils.java:logGet(46)) - raft.server.threadpool.client.cached = true (default)
2024-06-12 03:12:46,318 [0045c317-f62f-4f57-91f4-beda1a434bec-groupManagement] INFO  server.RaftServerConfigKeys (ConfUtils.java:logGet(46)) - raft.server.threadpool.client.size = 0 (default)
2024-06-12 03:12:46,318 [0045c317-f62f-4f57-91f4-beda1a434bec-groupManagement] INFO  server.RaftServerConfigKeys (ConfUtils.java:logGet(46)) - raft.server.storage.free-space.min = 0MB (=0) (default)
2024-06-12 03:12:46,318 [0045c317-f62f-4f57-91f4-beda1a434bec-groupManagement] INFO  server.RaftServerConfigKeys (ConfUtils.java:logGet(46)) - raft.server.log.corruption.policy = EXCEPTION (default)
2024-06-12 03:12:46,318 [0045c317-f62f-4f57-91f4-beda1a434bec-groupManagement] INFO  server.RaftServerConfigKeys (ConfUtils.java:logGet(46)) - raft.server.storage.dir = [/home/runner/work/ozone/ozone/hadoop-ozone/integration-test/target/test-dir/MiniOzoneClusterImpl-2da4ef03-bf4e-4b68-9b16-b615eb45abb7/ozone-meta/datanode-3/ratis] (custom)
2024-06-12 03:12:46,318 [0045c317-f62f-4f57-91f4-beda1a434bec-groupManagement] INFO  storage.RaftStorageDirectory (RaftStorageDirectoryImpl.java:analyzeStorage(138)) - The storage directory /home/runner/work/ozone/ozone/hadoop-ozone/integration-test/target/test-dir/MiniOzoneClusterImpl-2da4ef03-bf4e-4b68-9b16-b615eb45abb7/ozone-meta/datanode-3/ratis/3b8265a4-f975-4030-927c-ea9261661438 does not exist. Creating ...
2024-06-12 03:12:46,320 [4ff6fc3e-a64b-47a9-abec-2b416c3c87bd-groupManagement] INFO  server.RaftServerConfigKeys (ConfUtils.java:logGet(46)) - raft.server.rpc.request.timeout = 60s (custom)
2024-06-12 03:12:46,321 [4ff6fc3e-a64b-47a9-abec-2b416c3c87bd-groupManagement] INFO  server.RaftServerConfigKeys (ConfUtils.java:logGet(46)) - raft.server.log.appender.install.snapshot.enabled = false (custom)
2024-06-12 03:12:46,321 [4ff6fc3e-a64b-47a9-abec-2b416c3c87bd-groupManagement] INFO  server.RaftServerConfigKeys (ConfUtils.java:logGet(46)) - raft.server.threadpool.server.cached = true (default)
2024-06-12 03:12:46,321 [4ff6fc3e-a64b-47a9-abec-2b416c3c87bd-groupManagement] INFO  server.RaftServerConfigKeys (ConfUtils.java:logGet(46)) - raft.server.threadpool.server.size = 0 (default)
2024-06-12 03:12:46,321 [4ff6fc3e-a64b-47a9-abec-2b416c3c87bd-groupManagement] INFO  server.RaftServerConfigKeys (ConfUtils.java:logGet(46)) - raft.server.threadpool.client.cached = true (default)
2024-06-12 03:12:46,321 [4ff6fc3e-a64b-47a9-abec-2b416c3c87bd-groupManagement] INFO  server.RaftServerConfigKeys (ConfUtils.java:logGet(46)) - raft.server.threadpool.client.size = 0 (default)
2024-06-12 03:12:46,321 [4ff6fc3e-a64b-47a9-abec-2b416c3c87bd-groupManagement] INFO  server.RaftServerConfigKeys (ConfUtils.java:logGet(46)) - raft.server.storage.free-space.min = 0MB (=0) (default)
2024-06-12 03:12:46,321 [4ff6fc3e-a64b-47a9-abec-2b416c3c87bd-groupManagement] INFO  server.RaftServerConfigKeys (ConfUtils.java:logGet(46)) - raft.server.log.corruption.policy = EXCEPTION (default)
2024-06-12 03:12:46,322 [4ff6fc3e-a64b-47a9-abec-2b416c3c87bd-groupManagement] INFO  server.RaftServerConfigKeys (ConfUtils.java:logGet(46)) - raft.server.storage.dir = [/home/runner/work/ozone/ozone/hadoop-ozone/integration-test/target/test-dir/MiniOzoneClusterImpl-2da4ef03-bf4e-4b68-9b16-b615eb45abb7/ozone-meta/datanode-1/ratis] (custom)
2024-06-12 03:12:46,322 [4ff6fc3e-a64b-47a9-abec-2b416c3c87bd-groupManagement] INFO  storage.RaftStorageDirectory (RaftStorageDirectoryImpl.java:analyzeStorage(138)) - The storage directory /home/runner/work/ozone/ozone/hadoop-ozone/integration-test/target/test-dir/MiniOzoneClusterImpl-2da4ef03-bf4e-4b68-9b16-b615eb45abb7/ozone-meta/datanode-1/ratis/3b8265a4-f975-4030-927c-ea9261661438 does not exist. Creating ...
2024-06-12 03:12:46,320 [15a53066-cbd8-4f19-b9a5-7cdb9ae22392-groupManagement] INFO  util.JmxRegister (JmxRegister.java:tryRegister(44)) - Successfully registered JMX Bean with object name Ratis:service=RaftServer,group=group-EA9261661438,id=15a53066-cbd8-4f19-b9a5-7cdb9ae22392
2024-06-12 03:12:46,322 [15a53066-cbd8-4f19-b9a5-7cdb9ae22392-groupManagement] INFO  server.RaftServerConfigKeys (ConfUtils.java:logGet(46)) - raft.server.snapshot.trigger-when-stop.enabled = true (default)
2024-06-12 03:12:46,322 [15a53066-cbd8-4f19-b9a5-7cdb9ae22392-groupManagement] INFO  server.RaftServerConfigKeys (ConfUtils.java:logGet(46)) - raft.server.snapshot.auto.trigger.enabled = true (custom)
2024-06-12 03:12:46,322 [15a53066-cbd8-4f19-b9a5-7cdb9ae22392-groupManagement] INFO  server.RaftServerConfigKeys (ConfUtils.java:logGet(46)) - raft.server.snapshot.auto.trigger.threshold = 10000 (custom)
2024-06-12 03:12:46,322 [15a53066-cbd8-4f19-b9a5-7cdb9ae22392-groupManagement] INFO  server.RaftServerConfigKeys (ConfUtils.java:logGet(46)) - raft.server.snapshot.retention.file.num = 5 (custom)
2024-06-12 03:12:46,322 [15a53066-cbd8-4f19-b9a5-7cdb9ae22392-groupManagement] INFO  server.RaftServerConfigKeys (ConfUtils.java:logGet(46)) - raft.server.log.purge.upto.snapshot.index = false (default)
2024-06-12 03:12:46,321 [0045c317-f62f-4f57-91f4-beda1a434bec-groupManagement] INFO  storage.RaftStorageDirectory (RaftStorageDirectoryImpl.java:tryLock(228)) - Lock on /home/runner/work/ozone/ozone/hadoop-ozone/integration-test/target/test-dir/MiniOzoneClusterImpl-2da4ef03-bf4e-4b68-9b16-b615eb45abb7/ozone-meta/datanode-3/ratis/3b8265a4-f975-4030-927c-ea9261661438/in_use.lock acquired by nodename 94480@fv-az771-543
2024-06-12 03:12:46,324 [15a53066-cbd8-4f19-b9a5-7cdb9ae22392-PipelineCommandHandlerThread-0] INFO  ratis.XceiverServerRatis (XceiverServerRatis.java:addGroup(864)) - Created group PipelineID=3b8265a4-f975-4030-927c-ea9261661438
2024-06-12 03:12:46,325 [0045c317-f62f-4f57-91f4-beda1a434bec-groupManagement] INFO  storage.RaftStorage (RaftStorageImpl.java:format(99)) - Storage directory /home/runner/work/ozone/ozone/hadoop-ozone/integration-test/target/test-dir/MiniOzoneClusterImpl-2da4ef03-bf4e-4b68-9b16-b615eb45abb7/ozone-meta/datanode-3/ratis/3b8265a4-f975-4030-927c-ea9261661438 has been successfully formatted.
2024-06-12 03:12:46,325 [0045c317-f62f-4f57-91f4-beda1a434bec-groupManagement] WARN  util.FileUtils (LogUtils.java:supplyAndLog(63)) - Failed to Files.newInputStream /home/runner/work/ozone/ozone/hadoop-ozone/integration-test/target/test-dir/MiniOzoneClusterImpl-2da4ef03-bf4e-4b68-9b16-b615eb45abb7/ozone-meta/datanode-3/ratis/3b8265a4-f975-4030-927c-ea9261661438/current/raft-meta.conf with options []: java.nio.file.NoSuchFileException: /home/runner/work/ozone/ozone/hadoop-ozone/integration-test/target/test-dir/MiniOzoneClusterImpl-2da4ef03-bf4e-4b68-9b16-b615eb45abb7/ozone-meta/datanode-3/ratis/3b8265a4-f975-4030-927c-ea9261661438/current/raft-meta.conf
2024-06-12 03:12:46,326 [0045c317-f62f-4f57-91f4-beda1a434bec-groupManagement] INFO  ratis.ContainerStateMachine (ContainerStateMachine.java:loadSnapshot(287)) - group-EA9261661438: The snapshot info is null. Setting the last applied index to:(t:0, i:~)
2024-06-12 03:12:46,326 [0045c317-f62f-4f57-91f4-beda1a434bec-groupManagement] INFO  server.RaftServerConfigKeys (ConfUtils.java:logGet(46)) - raft.server.log.use.memory = false (default)
2024-06-12 03:12:46,327 [0045c317-f62f-4f57-91f4-beda1a434bec-groupManagement] INFO  server.RaftServerConfigKeys (ConfUtils.java:logGet(46)) - raft.server.log.purge.gap = 1000000 (custom)
2024-06-12 03:12:46,327 [0045c317-f62f-4f57-91f4-beda1a434bec-groupManagement] INFO  server.RaftServerConfigKeys (ConfUtils.java:logGet(46)) - raft.server.log.appender.buffer.byte-limit = 8388608 (custom)
2024-06-12 03:12:46,327 [0045c317-f62f-4f57-91f4-beda1a434bec-groupManagement] INFO  server.RaftServerConfigKeys (ConfUtils.java:logGet(46)) - raft.server.log.statemachine.data.read.timeout = 1000ms (default)
2024-06-12 03:12:46,327 [0045c317-f62f-4f57-91f4-beda1a434bec-groupManagement] INFO  server.RaftServerConfigKeys (ConfUtils.java:logGet(46)) - raft.server.log.purge.preservation.log.num = 0 (default)
2024-06-12 03:12:46,329 [EventQueue-OpenPipelineForHealthyPipelineSafeModeRule] INFO  safemode.SCMSafeModeManager (HealthyPipelineSafeModeRule.java:process(140)) - SCM in safe mode. Healthy pipelines reported count is 0, required healthy pipeline reported count is 1
2024-06-12 03:12:46,330 [4ff6fc3e-a64b-47a9-abec-2b416c3c87bd-groupManagement] INFO  storage.RaftStorageDirectory (RaftStorageDirectoryImpl.java:tryLock(228)) - Lock on /home/runner/work/ozone/ozone/hadoop-ozone/integration-test/target/test-dir/MiniOzoneClusterImpl-2da4ef03-bf4e-4b68-9b16-b615eb45abb7/ozone-meta/datanode-1/ratis/3b8265a4-f975-4030-927c-ea9261661438/in_use.lock acquired by nodename 94480@fv-az771-543
2024-06-12 03:12:46,331 [0045c317-f62f-4f57-91f4-beda1a434bec-groupManagement] INFO  server.RaftServerConfigKeys (ConfUtils.java:logGet(46)) - raft.server.log.segment.size.max = 67108864 (custom)
2024-06-12 03:12:46,332 [0045c317-f62f-4f57-91f4-beda1a434bec-groupManagement] INFO  server.RaftServerConfigKeys (ConfUtils.java:logGet(46)) - raft.server.log.segment.cache.num.max = 2 (custom)
2024-06-12 03:12:46,332 [0045c317-f62f-4f57-91f4-beda1a434bec-groupManagement] INFO  server.RaftServerConfigKeys (ConfUtils.java:logGet(46)) - raft.server.log.segment.cache.size.max = 200MB (=209715200) (default)
2024-06-12 03:12:46,333 [0045c317-f62f-4f57-91f4-beda1a434bec-groupManagement] INFO  server.RaftServerConfigKeys (ConfUtils.java:logGet(46)) - raft.server.log.appender.buffer.byte-limit = 8388608 (custom)
2024-06-12 03:12:46,333 [4ff6fc3e-a64b-47a9-abec-2b416c3c87bd-groupManagement] INFO  storage.RaftStorage (RaftStorageImpl.java:format(99)) - Storage directory /home/runner/work/ozone/ozone/hadoop-ozone/integration-test/target/test-dir/MiniOzoneClusterImpl-2da4ef03-bf4e-4b68-9b16-b615eb45abb7/ozone-meta/datanode-1/ratis/3b8265a4-f975-4030-927c-ea9261661438 has been successfully formatted.
2024-06-12 03:12:46,334 [4ff6fc3e-a64b-47a9-abec-2b416c3c87bd-groupManagement] WARN  util.FileUtils (LogUtils.java:supplyAndLog(63)) - Failed to Files.newInputStream /home/runner/work/ozone/ozone/hadoop-ozone/integration-test/target/test-dir/MiniOzoneClusterImpl-2da4ef03-bf4e-4b68-9b16-b615eb45abb7/ozone-meta/datanode-1/ratis/3b8265a4-f975-4030-927c-ea9261661438/current/raft-meta.conf with options []: java.nio.file.NoSuchFileException: /home/runner/work/ozone/ozone/hadoop-ozone/integration-test/target/test-dir/MiniOzoneClusterImpl-2da4ef03-bf4e-4b68-9b16-b615eb45abb7/ozone-meta/datanode-1/ratis/3b8265a4-f975-4030-927c-ea9261661438/current/raft-meta.conf
2024-06-12 03:12:46,334 [4ff6fc3e-a64b-47a9-abec-2b416c3c87bd-groupManagement] INFO  ratis.ContainerStateMachine (ContainerStateMachine.java:loadSnapshot(287)) - group-EA9261661438: The snapshot info is null. Setting the last applied index to:(t:0, i:~)
2024-06-12 03:12:46,335 [4ff6fc3e-a64b-47a9-abec-2b416c3c87bd-groupManagement] INFO  server.RaftServerConfigKeys (ConfUtils.java:logGet(46)) - raft.server.log.use.memory = false (default)
2024-06-12 03:12:46,335 [4ff6fc3e-a64b-47a9-abec-2b416c3c87bd-groupManagement] INFO  server.RaftServerConfigKeys (ConfUtils.java:logGet(46)) - raft.server.log.purge.gap = 1000000 (custom)
2024-06-12 03:12:46,335 [4ff6fc3e-a64b-47a9-abec-2b416c3c87bd-groupManagement] INFO  server.RaftServerConfigKeys (ConfUtils.java:logGet(46)) - raft.server.log.appender.buffer.byte-limit = 8388608 (custom)
2024-06-12 03:12:46,336 [4ff6fc3e-a64b-47a9-abec-2b416c3c87bd-groupManagement] INFO  server.RaftServerConfigKeys (ConfUtils.java:logGet(46)) - raft.server.log.statemachine.data.read.timeout = 1000ms (default)
2024-06-12 03:12:46,336 [4ff6fc3e-a64b-47a9-abec-2b416c3c87bd-groupManagement] INFO  server.RaftServerConfigKeys (ConfUtils.java:logGet(46)) - raft.server.log.purge.preservation.log.num = 0 (default)
2024-06-12 03:12:46,335 [0045c317-f62f-4f57-91f4-beda1a434bec-groupManagement] INFO  util.AwaitToRun (AwaitToRun.java:start(81)) - Thread[0045c317-f62f-4f57-91f4-beda1a434bec@group-EA9261661438-cacheEviction-AwaitToRun,5,main] started
2024-06-12 03:12:46,336 [EventQueue-OpenPipelineForHealthyPipelineSafeModeRule] INFO  safemode.SCMSafeModeManager (HealthyPipelineSafeModeRule.java:process(140)) - SCM in safe mode. Healthy pipelines reported count is 0, required healthy pipeline reported count is 1
2024-06-12 03:12:46,338 [0045c317-f62f-4f57-91f4-beda1a434bec-groupManagement] INFO  segmented.SegmentedRaftLogWorker (SegmentedRaftLogWorker.java:<init>(182)) - new 0045c317-f62f-4f57-91f4-beda1a434bec@group-EA9261661438-SegmentedRaftLogWorker for RaftStorageImpl:Storage Directory /home/runner/work/ozone/ozone/hadoop-ozone/integration-test/target/test-dir/MiniOzoneClusterImpl-2da4ef03-bf4e-4b68-9b16-b615eb45abb7/ozone-meta/datanode-3/ratis/3b8265a4-f975-4030-927c-ea9261661438
2024-06-12 03:12:46,338 [0045c317-f62f-4f57-91f4-beda1a434bec-groupManagement] INFO  server.RaftServerConfigKeys (ConfUtils.java:logGet(46)) - raft.server.log.queue.byte-limit = 4294967296 (custom)
2024-06-12 03:12:46,339 [0045c317-f62f-4f57-91f4-beda1a434bec-groupManagement] INFO  server.RaftServerConfigKeys (ConfUtils.java:logGet(46)) - raft.server.log.queue.element-limit = 1024 (custom)
2024-06-12 03:12:46,339 [0045c317-f62f-4f57-91f4-beda1a434bec-groupManagement] INFO  server.RaftServerConfigKeys (ConfUtils.java:logGet(46)) - raft.server.log.segment.size.max = 67108864 (custom)
2024-06-12 03:12:46,339 [0045c317-f62f-4f57-91f4-beda1a434bec-groupManagement] INFO  server.RaftServerConfigKeys (ConfUtils.java:logGet(46)) - raft.server.log.preallocated.size = 4194304 (custom)
2024-06-12 03:12:46,340 [0045c317-f62f-4f57-91f4-beda1a434bec-groupManagement] INFO  server.RaftServerConfigKeys (ConfUtils.java:logGet(46)) - raft.server.log.force.sync.num = 128 (default)
2024-06-12 03:12:46,340 [0045c317-f62f-4f57-91f4-beda1a434bec-groupManagement] INFO  server.RaftServerConfigKeys (ConfUtils.java:logGet(46)) - raft.server.log.statemachine.data.sync = true (default)
2024-06-12 03:12:46,340 [0045c317-f62f-4f57-91f4-beda1a434bec-groupManagement] INFO  server.RaftServerConfigKeys (ConfUtils.java:logGet(46)) - raft.server.log.statemachine.data.sync.timeout = 10s (default)
2024-06-12 03:12:46,341 [0045c317-f62f-4f57-91f4-beda1a434bec-groupManagement] INFO  server.RaftServerConfigKeys (ConfUtils.java:logGet(46)) - raft.server.log.statemachine.data.sync.timeout.retry = 30 (custom)
2024-06-12 03:12:46,341 [0045c317-f62f-4f57-91f4-beda1a434bec-groupManagement] INFO  server.RaftServerConfigKeys (ConfUtils.java:logGet(46)) - raft.server.log.write.buffer.size = 8388616 (custom)
2024-06-12 03:12:46,344 [0045c317-f62f-4f57-91f4-beda1a434bec-groupManagement] INFO  server.RaftServerConfigKeys (ConfUtils.java:logGet(46)) - raft.server.log.appender.buffer.byte-limit = 8388608 (custom)
2024-06-12 03:12:46,344 [0045c317-f62f-4f57-91f4-beda1a434bec-groupManagement] INFO  server.RaftServerConfigKeys (ConfUtils.java:logGet(46)) - raft.server.log.unsafe-flush.enabled = false (default)
2024-06-12 03:12:46,344 [0045c317-f62f-4f57-91f4-beda1a434bec-groupManagement] INFO  server.RaftServerConfigKeys (ConfUtils.java:logGet(46)) - raft.server.log.async-flush.enabled = false (default)
2024-06-12 03:12:46,345 [0045c317-f62f-4f57-91f4-beda1a434bec-groupManagement] INFO  server.RaftServerConfigKeys (ConfUtils.java:logGet(46)) - raft.server.log.statemachine.data.caching.enabled = true (custom)
2024-06-12 03:12:46,345 [0045c317-f62f-4f57-91f4-beda1a434bec-groupManagement] INFO  segmented.SegmentedRaftLogWorker (SegmentedRaftLogWorker.java:lambda$new$0(134)) - 0045c317-f62f-4f57-91f4-beda1a434bec@group-EA9261661438-SegmentedRaftLogWorker: flushIndex: setUnconditionally 0 -> -1
2024-06-12 03:12:46,346 [0045c317-f62f-4f57-91f4-beda1a434bec-groupManagement] INFO  segmented.SegmentedRaftLogWorker (SegmentedRaftLogWorker.java:lambda$new$0(134)) - 0045c317-f62f-4f57-91f4-beda1a434bec@group-EA9261661438-SegmentedRaftLogWorker: safeCacheEvictIndex: setUnconditionally 0 -> -1
2024-06-12 03:12:46,340 [4ff6fc3e-a64b-47a9-abec-2b416c3c87bd-groupManagement] INFO  server.RaftServerConfigKeys (ConfUtils.java:logGet(46)) - raft.server.log.segment.size.max = 67108864 (custom)
2024-06-12 03:12:46,346 [4ff6fc3e-a64b-47a9-abec-2b416c3c87bd-groupManagement] INFO  server.RaftServerConfigKeys (ConfUtils.java:logGet(46)) - raft.server.log.segment.cache.num.max = 2 (custom)
2024-06-12 03:12:46,346 [0045c317-f62f-4f57-91f4-beda1a434bec-groupManagement] INFO  server.RaftServer$Division (RaftServerImpl.java:start(396)) - 0045c317-f62f-4f57-91f4-beda1a434bec@group-EA9261661438: start as a follower, conf=-1: peers:[4ff6fc3e-a64b-47a9-abec-2b416c3c87bd|127.0.0.1:15014, 15a53066-cbd8-4f19-b9a5-7cdb9ae22392|127.0.0.1:15023, 0045c317-f62f-4f57-91f4-beda1a434bec|127.0.0.1:15032]|listeners:[], old=null
2024-06-12 03:12:46,346 [0045c317-f62f-4f57-91f4-beda1a434bec-groupManagement] INFO  server.RaftServer$Division (RaftServerImpl.java:setRole(383)) - 0045c317-f62f-4f57-91f4-beda1a434bec@group-EA9261661438: changes role from      null to FOLLOWER at term 0 for startAsFollower
2024-06-12 03:12:46,347 [0045c317-f62f-4f57-91f4-beda1a434bec-groupManagement] INFO  impl.RoleInfo (RoleInfo.java:updateAndGet(139)) - 0045c317-f62f-4f57-91f4-beda1a434bec: start 0045c317-f62f-4f57-91f4-beda1a434bec@group-EA9261661438-FollowerState
2024-06-12 03:12:46,347 [4ff6fc3e-a64b-47a9-abec-2b416c3c87bd-groupManagement] INFO  server.RaftServerConfigKeys (ConfUtils.java:logGet(46)) - raft.server.log.segment.cache.size.max = 200MB (=209715200) (default)
2024-06-12 03:12:46,348 [4ff6fc3e-a64b-47a9-abec-2b416c3c87bd-groupManagement] INFO  server.RaftServerConfigKeys (ConfUtils.java:logGet(46)) - raft.server.log.appender.buffer.byte-limit = 8388608 (custom)
2024-06-12 03:12:46,353 [0045c317-f62f-4f57-91f4-beda1a434bec-groupManagement] INFO  util.JmxRegister (JmxRegister.java:tryRegister(44)) - Successfully registered JMX Bean with object name Ratis:service=RaftServer,group=group-EA9261661438,id=0045c317-f62f-4f57-91f4-beda1a434bec
2024-06-12 03:12:46,354 [0045c317-f62f-4f57-91f4-beda1a434bec-groupManagement] INFO  server.RaftServerConfigKeys (ConfUtils.java:logGet(46)) - raft.server.snapshot.trigger-when-stop.enabled = true (default)
2024-06-12 03:12:46,354 [0045c317-f62f-4f57-91f4-beda1a434bec-groupManagement] INFO  server.RaftServerConfigKeys (ConfUtils.java:logGet(46)) - raft.server.snapshot.auto.trigger.enabled = true (custom)
2024-06-12 03:12:46,354 [0045c317-f62f-4f57-91f4-beda1a434bec-groupManagement] INFO  server.RaftServerConfigKeys (ConfUtils.java:logGet(46)) - raft.server.snapshot.auto.trigger.threshold = 10000 (custom)
2024-06-12 03:12:46,354 [0045c317-f62f-4f57-91f4-beda1a434bec-groupManagement] INFO  server.RaftServerConfigKeys (ConfUtils.java:logGet(46)) - raft.server.snapshot.retention.file.num = 5 (custom)
2024-06-12 03:12:46,354 [0045c317-f62f-4f57-91f4-beda1a434bec-groupManagement] INFO  server.RaftServerConfigKeys (ConfUtils.java:logGet(46)) - raft.server.log.purge.upto.snapshot.index = false (default)
2024-06-12 03:12:46,355 [0045c317-f62f-4f57-91f4-beda1a434bec@group-EA9261661438-FollowerState] INFO  server.RaftServerConfigKeys (ConfUtils.java:logFallback(53)) - raft.server.rpc.first-election.timeout.min = 5s (fallback to raft.server.rpc.timeout.min)
2024-06-12 03:12:46,355 [0045c317-f62f-4f57-91f4-beda1a434bec@group-EA9261661438-FollowerState] INFO  server.RaftServerConfigKeys (ConfUtils.java:logFallback(53)) - raft.server.rpc.first-election.timeout.max = 5200ms (fallback to raft.server.rpc.timeout.max)
2024-06-12 03:12:46,357 [0045c317-f62f-4f57-91f4-beda1a434bec-PipelineCommandHandlerThread-0] INFO  ratis.XceiverServerRatis (XceiverServerRatis.java:addGroup(864)) - Created group PipelineID=3b8265a4-f975-4030-927c-ea9261661438
2024-06-12 03:12:46,358 [4ff6fc3e-a64b-47a9-abec-2b416c3c87bd-groupManagement] INFO  util.AwaitToRun (AwaitToRun.java:start(81)) - Thread[4ff6fc3e-a64b-47a9-abec-2b416c3c87bd@group-EA9261661438-cacheEviction-AwaitToRun,5,main] started
2024-06-12 03:12:46,358 [4ff6fc3e-a64b-47a9-abec-2b416c3c87bd-groupManagement] INFO  segmented.SegmentedRaftLogWorker (SegmentedRaftLogWorker.java:<init>(182)) - new 4ff6fc3e-a64b-47a9-abec-2b416c3c87bd@group-EA9261661438-SegmentedRaftLogWorker for RaftStorageImpl:Storage Directory /home/runner/work/ozone/ozone/hadoop-ozone/integration-test/target/test-dir/MiniOzoneClusterImpl-2da4ef03-bf4e-4b68-9b16-b615eb45abb7/ozone-meta/datanode-1/ratis/3b8265a4-f975-4030-927c-ea9261661438
2024-06-12 03:12:46,358 [4ff6fc3e-a64b-47a9-abec-2b416c3c87bd-groupManagement] INFO  server.RaftServerConfigKeys (ConfUtils.java:logGet(46)) - raft.server.log.queue.byte-limit = 4294967296 (custom)
2024-06-12 03:12:46,358 [4ff6fc3e-a64b-47a9-abec-2b416c3c87bd-groupManagement] INFO  server.RaftServerConfigKeys (ConfUtils.java:logGet(46)) - raft.server.log.queue.element-limit = 1024 (custom)
2024-06-12 03:12:46,358 [4ff6fc3e-a64b-47a9-abec-2b416c3c87bd-groupManagement] INFO  server.RaftServerConfigKeys (ConfUtils.java:logGet(46)) - raft.server.log.segment.size.max = 67108864 (custom)
2024-06-12 03:12:46,358 [4ff6fc3e-a64b-47a9-abec-2b416c3c87bd-groupManagement] INFO  server.RaftServerConfigKeys (ConfUtils.java:logGet(46)) - raft.server.log.preallocated.size = 4194304 (custom)
2024-06-12 03:12:46,358 [4ff6fc3e-a64b-47a9-abec-2b416c3c87bd-groupManagement] INFO  server.RaftServerConfigKeys (ConfUtils.java:logGet(46)) - raft.server.log.force.sync.num = 128 (default)
2024-06-12 03:12:46,358 [4ff6fc3e-a64b-47a9-abec-2b416c3c87bd-groupManagement] INFO  server.RaftServerConfigKeys (ConfUtils.java:logGet(46)) - raft.server.log.statemachine.data.sync = true (default)
2024-06-12 03:12:46,358 [4ff6fc3e-a64b-47a9-abec-2b416c3c87bd-groupManagement] INFO  server.RaftServerConfigKeys (ConfUtils.java:logGet(46)) - raft.server.log.statemachine.data.sync.timeout = 10s (default)
2024-06-12 03:12:46,358 [4ff6fc3e-a64b-47a9-abec-2b416c3c87bd-groupManagement] INFO  server.RaftServerConfigKeys (ConfUtils.java:logGet(46)) - raft.server.log.statemachine.data.sync.timeout.retry = 30 (custom)
2024-06-12 03:12:46,359 [4ff6fc3e-a64b-47a9-abec-2b416c3c87bd-groupManagement] INFO  server.RaftServerConfigKeys (ConfUtils.java:logGet(46)) - raft.server.log.write.buffer.size = 8388616 (custom)
2024-06-12 03:12:46,361 [4ff6fc3e-a64b-47a9-abec-2b416c3c87bd-groupManagement] INFO  server.RaftServerConfigKeys (ConfUtils.java:logGet(46)) - raft.server.log.appender.buffer.byte-limit = 8388608 (custom)
2024-06-12 03:12:46,361 [4ff6fc3e-a64b-47a9-abec-2b416c3c87bd-groupManagement] INFO  server.RaftServerConfigKeys (ConfUtils.java:logGet(46)) - raft.server.log.unsafe-flush.enabled = false (default)
2024-06-12 03:12:46,361 [4ff6fc3e-a64b-47a9-abec-2b416c3c87bd-groupManagement] INFO  server.RaftServerConfigKeys (ConfUtils.java:logGet(46)) - raft.server.log.async-flush.enabled = false (default)
2024-06-12 03:12:46,361 [4ff6fc3e-a64b-47a9-abec-2b416c3c87bd-groupManagement] INFO  server.RaftServerConfigKeys (ConfUtils.java:logGet(46)) - raft.server.log.statemachine.data.caching.enabled = true (custom)
2024-06-12 03:12:46,361 [4ff6fc3e-a64b-47a9-abec-2b416c3c87bd-groupManagement] INFO  segmented.SegmentedRaftLogWorker (SegmentedRaftLogWorker.java:lambda$new$0(134)) - 4ff6fc3e-a64b-47a9-abec-2b416c3c87bd@group-EA9261661438-SegmentedRaftLogWorker: flushIndex: setUnconditionally 0 -> -1
2024-06-12 03:12:46,361 [4ff6fc3e-a64b-47a9-abec-2b416c3c87bd-groupManagement] INFO  segmented.SegmentedRaftLogWorker (SegmentedRaftLogWorker.java:lambda$new$0(134)) - 4ff6fc3e-a64b-47a9-abec-2b416c3c87bd@group-EA9261661438-SegmentedRaftLogWorker: safeCacheEvictIndex: setUnconditionally 0 -> -1
2024-06-12 03:12:46,362 [4ff6fc3e-a64b-47a9-abec-2b416c3c87bd-groupManagement] INFO  server.RaftServer$Division (RaftServerImpl.java:start(396)) - 4ff6fc3e-a64b-47a9-abec-2b416c3c87bd@group-EA9261661438: start as a follower, conf=-1: peers:[4ff6fc3e-a64b-47a9-abec-2b416c3c87bd|127.0.0.1:15014, 15a53066-cbd8-4f19-b9a5-7cdb9ae22392|127.0.0.1:15023, 0045c317-f62f-4f57-91f4-beda1a434bec|127.0.0.1:15032]|listeners:[], old=null
2024-06-12 03:12:46,362 [4ff6fc3e-a64b-47a9-abec-2b416c3c87bd-groupManagement] INFO  server.RaftServer$Division (RaftServerImpl.java:setRole(383)) - 4ff6fc3e-a64b-47a9-abec-2b416c3c87bd@group-EA9261661438: changes role from      null to FOLLOWER at term 0 for startAsFollower
2024-06-12 03:12:46,362 [4ff6fc3e-a64b-47a9-abec-2b416c3c87bd-groupManagement] INFO  impl.RoleInfo (RoleInfo.java:updateAndGet(139)) - 4ff6fc3e-a64b-47a9-abec-2b416c3c87bd: start 4ff6fc3e-a64b-47a9-abec-2b416c3c87bd@group-EA9261661438-FollowerState
2024-06-12 03:12:46,362 [4ff6fc3e-a64b-47a9-abec-2b416c3c87bd-groupManagement] INFO  util.JmxRegister (JmxRegister.java:tryRegister(44)) - Successfully registered JMX Bean with object name Ratis:service=RaftServer,group=group-EA9261661438,id=4ff6fc3e-a64b-47a9-abec-2b416c3c87bd
2024-06-12 03:12:46,362 [4ff6fc3e-a64b-47a9-abec-2b416c3c87bd-groupManagement] INFO  server.RaftServerConfigKeys (ConfUtils.java:logGet(46)) - raft.server.snapshot.trigger-when-stop.enabled = true (default)
2024-06-12 03:12:46,363 [4ff6fc3e-a64b-47a9-abec-2b416c3c87bd-groupManagement] INFO  server.RaftServerConfigKeys (ConfUtils.java:logGet(46)) - raft.server.snapshot.auto.trigger.enabled = true (custom)
2024-06-12 03:12:46,363 [4ff6fc3e-a64b-47a9-abec-2b416c3c87bd-groupManagement] INFO  server.RaftServerConfigKeys (ConfUtils.java:logGet(46)) - raft.server.snapshot.auto.trigger.threshold = 10000 (custom)
2024-06-12 03:12:46,363 [4ff6fc3e-a64b-47a9-abec-2b416c3c87bd-groupManagement] INFO  server.RaftServerConfigKeys (ConfUtils.java:logGet(46)) - raft.server.snapshot.retention.file.num = 5 (custom)
2024-06-12 03:12:46,363 [4ff6fc3e-a64b-47a9-abec-2b416c3c87bd-groupManagement] INFO  server.RaftServerConfigKeys (ConfUtils.java:logGet(46)) - raft.server.log.purge.upto.snapshot.index = false (default)
2024-06-12 03:12:46,363 [4ff6fc3e-a64b-47a9-abec-2b416c3c87bd@group-EA9261661438-FollowerState] INFO  server.RaftServerConfigKeys (ConfUtils.java:logFallback(53)) - raft.server.rpc.first-election.timeout.min = 5s (fallback to raft.server.rpc.timeout.min)
2024-06-12 03:12:46,364 [4ff6fc3e-a64b-47a9-abec-2b416c3c87bd@group-EA9261661438-FollowerState] INFO  server.RaftServerConfigKeys (ConfUtils.java:logFallback(53)) - raft.server.rpc.first-election.timeout.max = 5200ms (fallback to raft.server.rpc.timeout.max)
2024-06-12 03:12:46,364 [4ff6fc3e-a64b-47a9-abec-2b416c3c87bd-PipelineCommandHandlerThread-0] INFO  ratis.XceiverServerRatis (XceiverServerRatis.java:addGroup(864)) - Created group PipelineID=3b8265a4-f975-4030-927c-ea9261661438
2024-06-12 03:12:46,390 [15a53066-cbd8-4f19-b9a5-7cdb9ae22392-PipelineCommandHandlerThread-0] INFO  commandhandler.CreatePipelineCommandHandler (CreatePipelineCommandHandler.java:lambda$handle$2(124)) - Created Pipeline RATIS THREE PipelineID=3b8265a4-f975-4030-927c-ea9261661438.
2024-06-12 03:12:46,410 [4ff6fc3e-a64b-47a9-abec-2b416c3c87bd-PipelineCommandHandlerThread-0] INFO  commandhandler.CreatePipelineCommandHandler (CreatePipelineCommandHandler.java:lambda$handle$2(124)) - Created Pipeline RATIS THREE PipelineID=3b8265a4-f975-4030-927c-ea9261661438.
2024-06-12 03:12:46,421 [0045c317-f62f-4f57-91f4-beda1a434bec-PipelineCommandHandlerThread-0] INFO  commandhandler.CreatePipelineCommandHandler (CreatePipelineCommandHandler.java:lambda$handle$2(124)) - Created Pipeline RATIS THREE PipelineID=3b8265a4-f975-4030-927c-ea9261661438.
2024-06-12 03:12:47,008 [main] INFO  ozone.MiniOzoneClusterImpl (MiniOzoneClusterImpl.java:lambda$waitForClusterToBeReady$0(194)) - Nodes are ready. Got 3 of 3 DN Heartbeats.
2024-06-12 03:12:47,008 [main] INFO  ozone.MiniOzoneClusterImpl (MiniOzoneClusterImpl.java:lambda$waitForClusterToBeReady$0(197)) - Waiting for cluster to exit safe mode
2024-06-12 03:12:47,008 [main] INFO  ozone.MiniOzoneClusterImpl (MiniOzoneClusterImpl.java:lambda$waitForClusterToBeReady$0(199)) - SCM became leader
2024-06-12 03:12:48,008 [main] INFO  ozone.MiniOzoneClusterImpl (MiniOzoneClusterImpl.java:lambda$waitForClusterToBeReady$0(194)) - Nodes are ready. Got 3 of 3 DN Heartbeats.
2024-06-12 03:12:48,008 [main] INFO  ozone.MiniOzoneClusterImpl (MiniOzoneClusterImpl.java:lambda$waitForClusterToBeReady$0(197)) - Waiting for cluster to exit safe mode
2024-06-12 03:12:48,008 [main] INFO  ozone.MiniOzoneClusterImpl (MiniOzoneClusterImpl.java:lambda$waitForClusterToBeReady$0(199)) - SCM became leader
2024-06-12 03:12:49,009 [main] INFO  ozone.MiniOzoneClusterImpl (MiniOzoneClusterImpl.java:lambda$waitForClusterToBeReady$0(194)) - Nodes are ready. Got 3 of 3 DN Heartbeats.
2024-06-12 03:12:49,009 [main] INFO  ozone.MiniOzoneClusterImpl (MiniOzoneClusterImpl.java:lambda$waitForClusterToBeReady$0(197)) - Waiting for cluster to exit safe mode
2024-06-12 03:12:49,009 [main] INFO  ozone.MiniOzoneClusterImpl (MiniOzoneClusterImpl.java:lambda$waitForClusterToBeReady$0(199)) - SCM became leader
2024-06-12 03:12:50,009 [main] INFO  ozone.MiniOzoneClusterImpl (MiniOzoneClusterImpl.java:lambda$waitForClusterToBeReady$0(194)) - Nodes are ready. Got 3 of 3 DN Heartbeats.
2024-06-12 03:12:50,009 [main] INFO  ozone.MiniOzoneClusterImpl (MiniOzoneClusterImpl.java:lambda$waitForClusterToBeReady$0(197)) - Waiting for cluster to exit safe mode
2024-06-12 03:12:50,009 [main] INFO  ozone.MiniOzoneClusterImpl (MiniOzoneClusterImpl.java:lambda$waitForClusterToBeReady$0(199)) - SCM became leader
2024-06-12 03:12:50,923 [4ff6fc3e-a64b-47a9-abec-2b416c3c87bd@group-C64C133DE0B5-FollowerState] INFO  impl.FollowerState (FollowerState.java:run(143)) - 4ff6fc3e-a64b-47a9-abec-2b416c3c87bd@group-C64C133DE0B5-FollowerState: change to CANDIDATE, lastRpcElapsedTime:5078891880ns, electionTimeout:5075ms
2024-06-12 03:12:50,923 [4ff6fc3e-a64b-47a9-abec-2b416c3c87bd@group-C64C133DE0B5-FollowerState] INFO  impl.RoleInfo (RoleInfo.java:shutdownFollowerState(110)) - 4ff6fc3e-a64b-47a9-abec-2b416c3c87bd: shutdown 4ff6fc3e-a64b-47a9-abec-2b416c3c87bd@group-C64C133DE0B5-FollowerState
2024-06-12 03:12:50,923 [4ff6fc3e-a64b-47a9-abec-2b416c3c87bd@group-C64C133DE0B5-FollowerState] INFO  server.RaftServer$Division (RaftServerImpl.java:setRole(383)) - 4ff6fc3e-a64b-47a9-abec-2b416c3c87bd@group-C64C133DE0B5: changes role from  FOLLOWER to CANDIDATE at term 0 for changeToCandidate
2024-06-12 03:12:50,923 [4ff6fc3e-a64b-47a9-abec-2b416c3c87bd@group-C64C133DE0B5-FollowerState] INFO  server.RaftServerConfigKeys (ConfUtils.java:logGet(46)) - raft.server.leaderelection.pre-vote = true (default)
2024-06-12 03:12:50,923 [4ff6fc3e-a64b-47a9-abec-2b416c3c87bd@group-C64C133DE0B5-FollowerState] INFO  impl.RoleInfo (RoleInfo.java:updateAndGet(139)) - 4ff6fc3e-a64b-47a9-abec-2b416c3c87bd: start 4ff6fc3e-a64b-47a9-abec-2b416c3c87bd@group-C64C133DE0B5-LeaderElection2
2024-06-12 03:12:50,923 [4ff6fc3e-a64b-47a9-abec-2b416c3c87bd@group-C64C133DE0B5-LeaderElection2] INFO  impl.LeaderElection (LeaderElection.java:askForVotes(321)) - 4ff6fc3e-a64b-47a9-abec-2b416c3c87bd@group-C64C133DE0B5-LeaderElection2 PRE_VOTE round 0: submit vote requests at term 0 for -1: peers:[4ff6fc3e-a64b-47a9-abec-2b416c3c87bd|127.0.0.1:15014]|listeners:[], old=null
2024-06-12 03:12:50,924 [4ff6fc3e-a64b-47a9-abec-2b416c3c87bd@group-C64C133DE0B5-LeaderElection2] INFO  impl.LeaderElection (LeaderElection.java:askForVotes(323)) - 4ff6fc3e-a64b-47a9-abec-2b416c3c87bd@group-C64C133DE0B5-LeaderElection2 PRE_VOTE round 0: result PASSED (term=0)
2024-06-12 03:12:50,925 [4ff6fc3e-a64b-47a9-abec-2b416c3c87bd@group-C64C133DE0B5-LeaderElection2] INFO  impl.LeaderElection (LeaderElection.java:askForVotes(321)) - 4ff6fc3e-a64b-47a9-abec-2b416c3c87bd@group-C64C133DE0B5-LeaderElection2 ELECTION round 0: submit vote requests at term 1 for -1: peers:[4ff6fc3e-a64b-47a9-abec-2b416c3c87bd|127.0.0.1:15014]|listeners:[], old=null
2024-06-12 03:12:50,925 [4ff6fc3e-a64b-47a9-abec-2b416c3c87bd@group-C64C133DE0B5-LeaderElection2] INFO  impl.LeaderElection (LeaderElection.java:askForVotes(323)) - 4ff6fc3e-a64b-47a9-abec-2b416c3c87bd@group-C64C133DE0B5-LeaderElection2 ELECTION round 0: result PASSED (term=1)
2024-06-12 03:12:50,925 [4ff6fc3e-a64b-47a9-abec-2b416c3c87bd@group-C64C133DE0B5-LeaderElection2] INFO  impl.RoleInfo (RoleInfo.java:shutdownLeaderElection(130)) - 4ff6fc3e-a64b-47a9-abec-2b416c3c87bd: shutdown 4ff6fc3e-a64b-47a9-abec-2b416c3c87bd@group-C64C133DE0B5-LeaderElection2
2024-06-12 03:12:50,925 [4ff6fc3e-a64b-47a9-abec-2b416c3c87bd@group-C64C133DE0B5-LeaderElection2] INFO  server.RaftServer$Division (RaftServerImpl.java:setRole(383)) - 4ff6fc3e-a64b-47a9-abec-2b416c3c87bd@group-C64C133DE0B5: changes role from CANDIDATE to LEADER at term 1 for changeToLeader
2024-06-12 03:12:50,925 [4ff6fc3e-a64b-47a9-abec-2b416c3c87bd@group-C64C133DE0B5-LeaderElection2] INFO  server.RaftServerConfigKeys (ConfUtils.java:logGet(46)) - raft.server.staging.catchup.gap = 1000 (default)
2024-06-12 03:12:50,925 [4ff6fc3e-a64b-47a9-abec-2b416c3c87bd@group-C64C133DE0B5-LeaderElection2] INFO  server.RaftServerConfigKeys (ConfUtils.java:logGet(46)) - raft.server.write.element-limit = 1024 (custom)
2024-06-12 03:12:50,926 [4ff6fc3e-a64b-47a9-abec-2b416c3c87bd@group-C64C133DE0B5-LeaderElection2] INFO  server.RaftServerConfigKeys (ConfUtils.java:logGet(46)) - raft.server.write.byte-limit = 1024 M (=1073741824) (custom)
2024-06-12 03:12:50,926 [4ff6fc3e-a64b-47a9-abec-2b416c3c87bd@group-C64C133DE0B5-LeaderElection2] INFO  server.RaftServerConfigKeys (ConfUtils.java:logGet(46)) - raft.server.watch.timeout = 30s (custom)
2024-06-12 03:12:50,926 [4ff6fc3e-a64b-47a9-abec-2b416c3c87bd@group-C64C133DE0B5-LeaderElection2] INFO  server.RaftServerConfigKeys (ConfUtils.java:logGet(46)) - raft.server.watch.timeout.denomination = 1s (default)
2024-06-12 03:12:50,926 [4ff6fc3e-a64b-47a9-abec-2b416c3c87bd@group-C64C133DE0B5-LeaderElection2] INFO  server.RaftServerConfigKeys (ConfUtils.java:logGet(46)) - raft.server.watch.element-limit = 65536 (default)
2024-06-12 03:12:50,926 [4ff6fc3e-a64b-47a9-abec-2b416c3c87bd@group-C64C133DE0B5-LeaderElection2] INFO  server.RaftServerConfigKeys (ConfUtils.java:logGet(46)) - raft.server.read.leader.lease.enabled = false (default)
2024-06-12 03:12:50,926 [4ff6fc3e-a64b-47a9-abec-2b416c3c87bd@group-C64C133DE0B5-LeaderElection2] INFO  server.RaftServerConfigKeys (ConfUtils.java:logGet(46)) - raft.server.read.leader.lease.timeout.ratio = 0.9 (default)
2024-06-12 03:12:50,926 [4ff6fc3e-a64b-47a9-abec-2b416c3c87bd@group-C64C133DE0B5-LeaderElection2] INFO  server.RaftServerConfigKeys (ConfUtils.java:logGet(46)) - raft.server.rpc.timeout.min = 5s (custom)
2024-06-12 03:12:50,926 [4ff6fc3e-a64b-47a9-abec-2b416c3c87bd@group-C64C133DE0B5-LeaderElection2] INFO  server.RaftServerConfigKeys (ConfUtils.java:logGet(46)) - raft.server.write.element-limit = 1024 (custom)
2024-06-12 03:12:50,926 [4ff6fc3e-a64b-47a9-abec-2b416c3c87bd@group-C64C133DE0B5-LeaderElection2] INFO  server.RaftServerConfigKeys (ConfUtils.java:logGet(46)) - raft.server.write.follower.gap.ratio.max = -1.0 (default)
2024-06-12 03:12:50,926 [4ff6fc3e-a64b-47a9-abec-2b416c3c87bd@group-C64C133DE0B5-LeaderElection2] INFO  impl.RoleInfo (RoleInfo.java:updateAndGet(139)) - 4ff6fc3e-a64b-47a9-abec-2b416c3c87bd: start 4ff6fc3e-a64b-47a9-abec-2b416c3c87bd@group-C64C133DE0B5-LeaderStateImpl
2024-06-12 03:12:50,926 [4ff6fc3e-a64b-47a9-abec-2b416c3c87bd@group-C64C133DE0B5-LeaderElection2] INFO  server.RaftServer$Division (RaftServerImpl.java:setFirstElection(574)) - 4ff6fc3e-a64b-47a9-abec-2b416c3c87bd@group-C64C133DE0B5: set firstElectionSinceStartup to false for becomeLeader
2024-06-12 03:12:50,927 [4ff6fc3e-a64b-47a9-abec-2b416c3c87bd@group-C64C133DE0B5-LeaderElection2] INFO  ratis.XceiverServerRatis (XceiverServerRatis.java:handleLeaderChangedNotification(966)) - Leader change notification received for group: group-C64C133DE0B5 with new leaderId: 4ff6fc3e-a64b-47a9-abec-2b416c3c87bd
2024-06-12 03:12:50,927 [4ff6fc3e-a64b-47a9-abec-2b416c3c87bd@group-C64C133DE0B5-LeaderElection2] INFO  server.RaftServer$Division (ServerState.java:setLeader(269)) - 4ff6fc3e-a64b-47a9-abec-2b416c3c87bd@group-C64C133DE0B5: change Leader from null to 4ff6fc3e-a64b-47a9-abec-2b416c3c87bd at term 1 for becomeLeader, leader elected after 5105ms
2024-06-12 03:12:50,928 [4ff6fc3e-a64b-47a9-abec-2b416c3c87bd@group-C64C133DE0B5-LeaderElection2] INFO  segmented.SegmentedRaftLogWorker (SegmentedRaftLogWorker.java:startLogSegment(430)) - 4ff6fc3e-a64b-47a9-abec-2b416c3c87bd@group-C64C133DE0B5-SegmentedRaftLogWorker: Starting segment from index:0
2024-06-12 03:12:50,928 [4ff6fc3e-a64b-47a9-abec-2b416c3c87bd@group-C64C133DE0B5-SegmentedRaftLogWorker] INFO  segmented.BufferedWriteChannel (BufferedWriteChannel.java:open(62)) - open log_inprogress_0 at position 0
2024-06-12 03:12:50,928 [4ff6fc3e-a64b-47a9-abec-2b416c3c87bd@group-C64C133DE0B5-LeaderElection2] INFO  server.RaftServer$Division (ServerState.java:setRaftConf(386)) - 4ff6fc3e-a64b-47a9-abec-2b416c3c87bd@group-C64C133DE0B5: set configuration 0: peers:[4ff6fc3e-a64b-47a9-abec-2b416c3c87bd|127.0.0.1:15014]|listeners:[], old=null
2024-06-12 03:12:50,929 [EventQueue-OpenPipelineForHealthyPipelineSafeModeRule] INFO  safemode.SCMSafeModeManager (HealthyPipelineSafeModeRule.java:process(140)) - SCM in safe mode. Healthy pipelines reported count is 0, required healthy pipeline reported count is 1
2024-06-12 03:12:50,935 [4ff6fc3e-a64b-47a9-abec-2b416c3c87bd@group-C64C133DE0B5-SegmentedRaftLogWorker] INFO  segmented.SegmentedRaftLogWorker (SegmentedRaftLogWorker.java:execute(634)) - 4ff6fc3e-a64b-47a9-abec-2b416c3c87bd@group-C64C133DE0B5-SegmentedRaftLogWorker: created new log segment /home/runner/work/ozone/ozone/hadoop-ozone/integration-test/target/test-dir/MiniOzoneClusterImpl-2da4ef03-bf4e-4b68-9b16-b615eb45abb7/ozone-meta/datanode-1/ratis/9aa45a94-95fa-4bbe-98b2-c64c133de0b5/current/log_inprogress_0
2024-06-12 03:12:50,938 [4ff6fc3e-a64b-47a9-abec-2b416c3c87bd@group-C64C133DE0B5-StateMachineUpdater] INFO  server.RaftServer$Division (LeaderStateImpl.java:isApplied(320)) - leader is ready since appliedIndex == 0 >= startIndex == 0
2024-06-12 03:12:50,945 [4ff6fc3e-a64b-47a9-abec-2b416c3c87bd@group-BD8ED6F243E6-FollowerState] INFO  impl.FollowerState (FollowerState.java:run(143)) - 4ff6fc3e-a64b-47a9-abec-2b416c3c87bd@group-BD8ED6F243E6-FollowerState: change to CANDIDATE, lastRpcElapsedTime:5062720942ns, electionTimeout:5062ms
2024-06-12 03:12:50,946 [4ff6fc3e-a64b-47a9-abec-2b416c3c87bd@group-BD8ED6F243E6-FollowerState] INFO  impl.RoleInfo (RoleInfo.java:shutdownFollowerState(110)) - 4ff6fc3e-a64b-47a9-abec-2b416c3c87bd: shutdown 4ff6fc3e-a64b-47a9-abec-2b416c3c87bd@group-BD8ED6F243E6-FollowerState
2024-06-12 03:12:50,946 [4ff6fc3e-a64b-47a9-abec-2b416c3c87bd@group-BD8ED6F243E6-FollowerState] INFO  server.RaftServer$Division (RaftServerImpl.java:setRole(383)) - 4ff6fc3e-a64b-47a9-abec-2b416c3c87bd@group-BD8ED6F243E6: changes role from  FOLLOWER to CANDIDATE at term 0 for changeToCandidate
2024-06-12 03:12:50,946 [4ff6fc3e-a64b-47a9-abec-2b416c3c87bd@group-BD8ED6F243E6-FollowerState] INFO  server.RaftServerConfigKeys (ConfUtils.java:logGet(46)) - raft.server.leaderelection.pre-vote = true (default)
2024-06-12 03:12:50,946 [4ff6fc3e-a64b-47a9-abec-2b416c3c87bd@group-BD8ED6F243E6-FollowerState] INFO  impl.RoleInfo (RoleInfo.java:updateAndGet(139)) - 4ff6fc3e-a64b-47a9-abec-2b416c3c87bd: start 4ff6fc3e-a64b-47a9-abec-2b416c3c87bd@group-BD8ED6F243E6-LeaderElection3
2024-06-12 03:12:50,946 [4ff6fc3e-a64b-47a9-abec-2b416c3c87bd@group-BD8ED6F243E6-LeaderElection3] INFO  impl.LeaderElection (LeaderElection.java:askForVotes(321)) - 4ff6fc3e-a64b-47a9-abec-2b416c3c87bd@group-BD8ED6F243E6-LeaderElection3 PRE_VOTE round 0: submit vote requests at term 0 for -1: peers:[4ff6fc3e-a64b-47a9-abec-2b416c3c87bd|127.0.0.1:15014, 15a53066-cbd8-4f19-b9a5-7cdb9ae22392|127.0.0.1:15023, 0045c317-f62f-4f57-91f4-beda1a434bec|127.0.0.1:15032]|listeners:[], old=null
2024-06-12 03:12:50,949 [4ff6fc3e-a64b-47a9-abec-2b416c3c87bd@group-BD8ED6F243E6-LeaderElection3] INFO  server.RaftServerConfigKeys (ConfUtils.java:logFallback(53)) - raft.server.rpc.first-election.timeout.min = 5s (fallback to raft.server.rpc.timeout.min)
2024-06-12 03:12:50,949 [4ff6fc3e-a64b-47a9-abec-2b416c3c87bd@group-BD8ED6F243E6-LeaderElection3] INFO  server.RaftServerConfigKeys (ConfUtils.java:logFallback(53)) - raft.server.rpc.first-election.timeout.max = 5200ms (fallback to raft.server.rpc.timeout.max)
2024-06-12 03:12:50,949 [4ff6fc3e-a64b-47a9-abec-2b416c3c87bd@group-BD8ED6F243E6-LeaderElection3-1] INFO  server.GrpcServerProtocolClient (GrpcServerProtocolClient.java:<init>(65)) - Build channel for 15a53066-cbd8-4f19-b9a5-7cdb9ae22392|127.0.0.1:15023
2024-06-12 03:12:50,949 [4ff6fc3e-a64b-47a9-abec-2b416c3c87bd@group-BD8ED6F243E6-LeaderElection3-2] INFO  server.GrpcServerProtocolClient (GrpcServerProtocolClient.java:<init>(65)) - Build channel for 0045c317-f62f-4f57-91f4-beda1a434bec|127.0.0.1:15032
2024-06-12 03:12:50,956 [grpc-default-executor-2] INFO  server.RaftServer$Division (RaftServerImpl.java:requestVote(1389)) - 15a53066-cbd8-4f19-b9a5-7cdb9ae22392@group-BD8ED6F243E6: receive requestVote(PRE_VOTE, 4ff6fc3e-a64b-47a9-abec-2b416c3c87bd, group-BD8ED6F243E6, 0, (t:0, i:0))
2024-06-12 03:12:50,958 [grpc-default-executor-2] INFO  impl.VoteContext (VoteContext.java:log(49)) - 15a53066-cbd8-4f19-b9a5-7cdb9ae22392@group-BD8ED6F243E6-FOLLOWER: accept PRE_VOTE from 4ff6fc3e-a64b-47a9-abec-2b416c3c87bd: our priority 0 <= candidate's priority 1
2024-06-12 03:12:50,957 [grpc-default-executor-1] INFO  server.RaftServer$Division (RaftServerImpl.java:requestVote(1389)) - 0045c317-f62f-4f57-91f4-beda1a434bec@group-BD8ED6F243E6: receive requestVote(PRE_VOTE, 4ff6fc3e-a64b-47a9-abec-2b416c3c87bd, group-BD8ED6F243E6, 0, (t:0, i:0))
2024-06-12 03:12:50,959 [grpc-default-executor-1] INFO  impl.VoteContext (VoteContext.java:log(49)) - 0045c317-f62f-4f57-91f4-beda1a434bec@group-BD8ED6F243E6-FOLLOWER: accept PRE_VOTE from 4ff6fc3e-a64b-47a9-abec-2b416c3c87bd: our priority 0 <= candidate's priority 1
2024-06-12 03:12:50,961 [grpc-default-executor-1] INFO  server.RaftServer$Division (RaftServerImpl.java:requestVote(1422)) - 0045c317-f62f-4f57-91f4-beda1a434bec@group-BD8ED6F243E6 replies to PRE_VOTE vote request: 4ff6fc3e-a64b-47a9-abec-2b416c3c87bd<-0045c317-f62f-4f57-91f4-beda1a434bec#0:OK-t0. Peer's state: 0045c317-f62f-4f57-91f4-beda1a434bec@group-BD8ED6F243E6:t0, leader=null, voted=, raftlog=Memoized:0045c317-f62f-4f57-91f4-beda1a434bec@group-BD8ED6F243E6-SegmentedRaftLog:OPENED:c-1, conf=-1: peers:[4ff6fc3e-a64b-47a9-abec-2b416c3c87bd|127.0.0.1:15014, 15a53066-cbd8-4f19-b9a5-7cdb9ae22392|127.0.0.1:15023, 0045c317-f62f-4f57-91f4-beda1a434bec|127.0.0.1:15032]|listeners:[], old=null
2024-06-12 03:12:50,962 [grpc-default-executor-2] INFO  server.RaftServer$Division (RaftServerImpl.java:requestVote(1422)) - 15a53066-cbd8-4f19-b9a5-7cdb9ae22392@group-BD8ED6F243E6 replies to PRE_VOTE vote request: 4ff6fc3e-a64b-47a9-abec-2b416c3c87bd<-15a53066-cbd8-4f19-b9a5-7cdb9ae22392#0:OK-t0. Peer's state: 15a53066-cbd8-4f19-b9a5-7cdb9ae22392@group-BD8ED6F243E6:t0, leader=null, voted=, raftlog=Memoized:15a53066-cbd8-4f19-b9a5-7cdb9ae22392@group-BD8ED6F243E6-SegmentedRaftLog:OPENED:c-1, conf=-1: peers:[4ff6fc3e-a64b-47a9-abec-2b416c3c87bd|127.0.0.1:15014, 15a53066-cbd8-4f19-b9a5-7cdb9ae22392|127.0.0.1:15023, 0045c317-f62f-4f57-91f4-beda1a434bec|127.0.0.1:15032]|listeners:[], old=null
2024-06-12 03:12:50,965 [4ff6fc3e-a64b-47a9-abec-2b416c3c87bd@group-BD8ED6F243E6-LeaderElection3] INFO  impl.LeaderElection (LeaderElection.java:logAndReturn(89)) - 4ff6fc3e-a64b-47a9-abec-2b416c3c87bd@group-BD8ED6F243E6-LeaderElection3: PRE_VOTE PASSED received 1 response(s) and 0 exception(s):
2024-06-12 03:12:50,965 [4ff6fc3e-a64b-47a9-abec-2b416c3c87bd@group-BD8ED6F243E6-LeaderElection3] INFO  impl.LeaderElection (LeaderElection.java:logAndReturn(93)) -   Response 0: 4ff6fc3e-a64b-47a9-abec-2b416c3c87bd<-0045c317-f62f-4f57-91f4-beda1a434bec#0:OK-t0
2024-06-12 03:12:50,965 [4ff6fc3e-a64b-47a9-abec-2b416c3c87bd@group-BD8ED6F243E6-LeaderElection3] INFO  impl.LeaderElection (LeaderElection.java:askForVotes(323)) - 4ff6fc3e-a64b-47a9-abec-2b416c3c87bd@group-BD8ED6F243E6-LeaderElection3 PRE_VOTE round 0: result PASSED
2024-06-12 03:12:50,966 [4ff6fc3e-a64b-47a9-abec-2b416c3c87bd@group-BD8ED6F243E6-LeaderElection3] INFO  impl.LeaderElection (LeaderElection.java:askForVotes(321)) - 4ff6fc3e-a64b-47a9-abec-2b416c3c87bd@group-BD8ED6F243E6-LeaderElection3 ELECTION round 0: submit vote requests at term 1 for -1: peers:[4ff6fc3e-a64b-47a9-abec-2b416c3c87bd|127.0.0.1:15014, 15a53066-cbd8-4f19-b9a5-7cdb9ae22392|127.0.0.1:15023, 0045c317-f62f-4f57-91f4-beda1a434bec|127.0.0.1:15032]|listeners:[], old=null
2024-06-12 03:12:50,966 [4ff6fc3e-a64b-47a9-abec-2b416c3c87bd@group-BD8ED6F243E6-LeaderElection3] INFO  server.RaftServerConfigKeys (ConfUtils.java:logFallback(53)) - raft.server.rpc.first-election.timeout.min = 5s (fallback to raft.server.rpc.timeout.min)
2024-06-12 03:12:50,967 [4ff6fc3e-a64b-47a9-abec-2b416c3c87bd@group-BD8ED6F243E6-LeaderElection3] INFO  server.RaftServerConfigKeys (ConfUtils.java:logFallback(53)) - raft.server.rpc.first-election.timeout.max = 5200ms (fallback to raft.server.rpc.timeout.max)
2024-06-12 03:12:50,968 [grpc-default-executor-1] INFO  server.RaftServer$Division (RaftServerImpl.java:requestVote(1389)) - 0045c317-f62f-4f57-91f4-beda1a434bec@group-BD8ED6F243E6: receive requestVote(ELECTION, 4ff6fc3e-a64b-47a9-abec-2b416c3c87bd, group-BD8ED6F243E6, 1, (t:0, i:0))
2024-06-12 03:12:50,968 [grpc-default-executor-2] INFO  server.RaftServer$Division (RaftServerImpl.java:requestVote(1389)) - 15a53066-cbd8-4f19-b9a5-7cdb9ae22392@group-BD8ED6F243E6: receive requestVote(ELECTION, 4ff6fc3e-a64b-47a9-abec-2b416c3c87bd, group-BD8ED6F243E6, 1, (t:0, i:0))
2024-06-12 03:12:50,968 [grpc-default-executor-1] INFO  impl.VoteContext (VoteContext.java:log(49)) - 0045c317-f62f-4f57-91f4-beda1a434bec@group-BD8ED6F243E6-FOLLOWER: accept ELECTION from 4ff6fc3e-a64b-47a9-abec-2b416c3c87bd: our priority 0 <= candidate's priority 1
2024-06-12 03:12:50,968 [grpc-default-executor-2] INFO  impl.VoteContext (VoteContext.java:log(49)) - 15a53066-cbd8-4f19-b9a5-7cdb9ae22392@group-BD8ED6F243E6-FOLLOWER: accept ELECTION from 4ff6fc3e-a64b-47a9-abec-2b416c3c87bd: our priority 0 <= candidate's priority 1
2024-06-12 03:12:50,969 [grpc-default-executor-2] INFO  server.RaftServer$Division (RaftServerImpl.java:setRole(383)) - 15a53066-cbd8-4f19-b9a5-7cdb9ae22392@group-BD8ED6F243E6: changes role from  FOLLOWER to FOLLOWER at term 1 for candidate:4ff6fc3e-a64b-47a9-abec-2b416c3c87bd
2024-06-12 03:12:50,969 [grpc-default-executor-2] INFO  impl.RoleInfo (RoleInfo.java:shutdownFollowerState(110)) - 15a53066-cbd8-4f19-b9a5-7cdb9ae22392: shutdown 15a53066-cbd8-4f19-b9a5-7cdb9ae22392@group-BD8ED6F243E6-FollowerState
2024-06-12 03:12:50,969 [grpc-default-executor-1] INFO  server.RaftServer$Division (RaftServerImpl.java:setRole(383)) - 0045c317-f62f-4f57-91f4-beda1a434bec@group-BD8ED6F243E6: changes role from  FOLLOWER to FOLLOWER at term 1 for candidate:4ff6fc3e-a64b-47a9-abec-2b416c3c87bd
2024-06-12 03:12:50,969 [15a53066-cbd8-4f19-b9a5-7cdb9ae22392@group-BD8ED6F243E6-FollowerState] INFO  impl.FollowerState (FollowerState.java:run(152)) - 15a53066-cbd8-4f19-b9a5-7cdb9ae22392@group-BD8ED6F243E6-FollowerState was interrupted
2024-06-12 03:12:50,969 [grpc-default-executor-2] INFO  impl.RoleInfo (RoleInfo.java:updateAndGet(139)) - 15a53066-cbd8-4f19-b9a5-7cdb9ae22392: start 15a53066-cbd8-4f19-b9a5-7cdb9ae22392@group-BD8ED6F243E6-FollowerState
2024-06-12 03:12:50,969 [grpc-default-executor-1] INFO  impl.RoleInfo (RoleInfo.java:shutdownFollowerState(110)) - 0045c317-f62f-4f57-91f4-beda1a434bec: shutdown 0045c317-f62f-4f57-91f4-beda1a434bec@group-BD8ED6F243E6-FollowerState
2024-06-12 03:12:50,969 [grpc-default-executor-1] INFO  impl.RoleInfo (RoleInfo.java:updateAndGet(139)) - 0045c317-f62f-4f57-91f4-beda1a434bec: start 0045c317-f62f-4f57-91f4-beda1a434bec@group-BD8ED6F243E6-FollowerState
2024-06-12 03:12:50,969 [grpc-default-executor-2] INFO  server.RaftServer$Division (RaftServerImpl.java:setFirstElection(574)) - 15a53066-cbd8-4f19-b9a5-7cdb9ae22392@group-BD8ED6F243E6: set firstElectionSinceStartup to false for candidate:4ff6fc3e-a64b-47a9-abec-2b416c3c87bd
2024-06-12 03:12:50,969 [0045c317-f62f-4f57-91f4-beda1a434bec@group-BD8ED6F243E6-FollowerState] INFO  impl.FollowerState (FollowerState.java:run(152)) - 0045c317-f62f-4f57-91f4-beda1a434bec@group-BD8ED6F243E6-FollowerState was interrupted
2024-06-12 03:12:50,970 [grpc-default-executor-1] INFO  server.RaftServer$Division (RaftServerImpl.java:setFirstElection(574)) - 0045c317-f62f-4f57-91f4-beda1a434bec@group-BD8ED6F243E6: set firstElectionSinceStartup to false for candidate:4ff6fc3e-a64b-47a9-abec-2b416c3c87bd
2024-06-12 03:12:50,971 [grpc-default-executor-2] INFO  server.RaftServer$Division (RaftServerImpl.java:requestVote(1422)) - 15a53066-cbd8-4f19-b9a5-7cdb9ae22392@group-BD8ED6F243E6 replies to ELECTION vote request: 4ff6fc3e-a64b-47a9-abec-2b416c3c87bd<-15a53066-cbd8-4f19-b9a5-7cdb9ae22392#0:OK-t1. Peer's state: 15a53066-cbd8-4f19-b9a5-7cdb9ae22392@group-BD8ED6F243E6:t1, leader=null, voted=4ff6fc3e-a64b-47a9-abec-2b416c3c87bd, raftlog=Memoized:15a53066-cbd8-4f19-b9a5-7cdb9ae22392@group-BD8ED6F243E6-SegmentedRaftLog:OPENED:c-1, conf=-1: peers:[4ff6fc3e-a64b-47a9-abec-2b416c3c87bd|127.0.0.1:15014, 15a53066-cbd8-4f19-b9a5-7cdb9ae22392|127.0.0.1:15023, 0045c317-f62f-4f57-91f4-beda1a434bec|127.0.0.1:15032]|listeners:[], old=null
2024-06-12 03:12:50,971 [grpc-default-executor-1] INFO  server.RaftServer$Division (RaftServerImpl.java:requestVote(1422)) - 0045c317-f62f-4f57-91f4-beda1a434bec@group-BD8ED6F243E6 replies to ELECTION vote request: 4ff6fc3e-a64b-47a9-abec-2b416c3c87bd<-0045c317-f62f-4f57-91f4-beda1a434bec#0:OK-t1. Peer's state: 0045c317-f62f-4f57-91f4-beda1a434bec@group-BD8ED6F243E6:t1, leader=null, voted=4ff6fc3e-a64b-47a9-abec-2b416c3c87bd, raftlog=Memoized:0045c317-f62f-4f57-91f4-beda1a434bec@group-BD8ED6F243E6-SegmentedRaftLog:OPENED:c-1, conf=-1: peers:[4ff6fc3e-a64b-47a9-abec-2b416c3c87bd|127.0.0.1:15014, 15a53066-cbd8-4f19-b9a5-7cdb9ae22392|127.0.0.1:15023, 0045c317-f62f-4f57-91f4-beda1a434bec|127.0.0.1:15032]|listeners:[], old=null
2024-06-12 03:12:50,972 [4ff6fc3e-a64b-47a9-abec-2b416c3c87bd@group-BD8ED6F243E6-LeaderElection3] INFO  impl.LeaderElection (LeaderElection.java:logAndReturn(89)) - 4ff6fc3e-a64b-47a9-abec-2b416c3c87bd@group-BD8ED6F243E6-LeaderElection3: ELECTION PASSED received 1 response(s) and 0 exception(s):
2024-06-12 03:12:50,972 [4ff6fc3e-a64b-47a9-abec-2b416c3c87bd@group-BD8ED6F243E6-LeaderElection3] INFO  impl.LeaderElection (LeaderElection.java:logAndReturn(93)) -   Response 0: 4ff6fc3e-a64b-47a9-abec-2b416c3c87bd<-15a53066-cbd8-4f19-b9a5-7cdb9ae22392#0:OK-t1
2024-06-12 03:12:50,972 [4ff6fc3e-a64b-47a9-abec-2b416c3c87bd@group-BD8ED6F243E6-LeaderElection3] INFO  impl.LeaderElection (LeaderElection.java:askForVotes(323)) - 4ff6fc3e-a64b-47a9-abec-2b416c3c87bd@group-BD8ED6F243E6-LeaderElection3 ELECTION round 0: result PASSED
2024-06-12 03:12:50,972 [4ff6fc3e-a64b-47a9-abec-2b416c3c87bd@group-BD8ED6F243E6-LeaderElection3] INFO  impl.RoleInfo (RoleInfo.java:shutdownLeaderElection(130)) - 4ff6fc3e-a64b-47a9-abec-2b416c3c87bd: shutdown 4ff6fc3e-a64b-47a9-abec-2b416c3c87bd@group-BD8ED6F243E6-LeaderElection3
2024-06-12 03:12:50,973 [4ff6fc3e-a64b-47a9-abec-2b416c3c87bd@group-BD8ED6F243E6-LeaderElection3] INFO  server.RaftServer$Division (RaftServerImpl.java:setRole(383)) - 4ff6fc3e-a64b-47a9-abec-2b416c3c87bd@group-BD8ED6F243E6: changes role from CANDIDATE to LEADER at term 1 for changeToLeader
2024-06-12 03:12:50,973 [4ff6fc3e-a64b-47a9-abec-2b416c3c87bd@group-BD8ED6F243E6-LeaderElection3] INFO  server.RaftServerConfigKeys (ConfUtils.java:logGet(46)) - raft.server.staging.catchup.gap = 1000 (default)
2024-06-12 03:12:50,973 [4ff6fc3e-a64b-47a9-abec-2b416c3c87bd@group-BD8ED6F243E6-LeaderElection3] INFO  server.RaftServerConfigKeys (ConfUtils.java:logGet(46)) - raft.server.write.element-limit = 1024 (custom)
2024-06-12 03:12:50,973 [4ff6fc3e-a64b-47a9-abec-2b416c3c87bd@group-BD8ED6F243E6-LeaderElection3] INFO  server.RaftServerConfigKeys (ConfUtils.java:logGet(46)) - raft.server.write.byte-limit = 1024 M (=1073741824) (custom)
2024-06-12 03:12:50,973 [4ff6fc3e-a64b-47a9-abec-2b416c3c87bd@group-BD8ED6F243E6-LeaderElection3] INFO  server.RaftServerConfigKeys (ConfUtils.java:logGet(46)) - raft.server.watch.timeout = 30s (custom)
2024-06-12 03:12:50,973 [4ff6fc3e-a64b-47a9-abec-2b416c3c87bd@group-BD8ED6F243E6-LeaderElection3] INFO  server.RaftServerConfigKeys (ConfUtils.java:logGet(46)) - raft.server.watch.timeout.denomination = 1s (default)
2024-06-12 03:12:50,973 [4ff6fc3e-a64b-47a9-abec-2b416c3c87bd@group-BD8ED6F243E6-LeaderElection3] INFO  server.RaftServerConfigKeys (ConfUtils.java:logGet(46)) - raft.server.watch.element-limit = 65536 (default)
2024-06-12 03:12:50,973 [4ff6fc3e-a64b-47a9-abec-2b416c3c87bd@group-BD8ED6F243E6-LeaderElection3] INFO  server.RaftServerConfigKeys (ConfUtils.java:logGet(46)) - raft.server.read.leader.lease.enabled = false (default)
2024-06-12 03:12:50,973 [4ff6fc3e-a64b-47a9-abec-2b416c3c87bd@group-BD8ED6F243E6-LeaderElection3] INFO  server.RaftServerConfigKeys (ConfUtils.java:logGet(46)) - raft.server.read.leader.lease.timeout.ratio = 0.9 (default)
2024-06-12 03:12:50,974 [4ff6fc3e-a64b-47a9-abec-2b416c3c87bd@group-BD8ED6F243E6-LeaderElection3] INFO  server.RaftServerConfigKeys (ConfUtils.java:logGet(46)) - raft.server.rpc.timeout.min = 5s (custom)
2024-06-12 03:12:50,974 [4ff6fc3e-a64b-47a9-abec-2b416c3c87bd@group-BD8ED6F243E6-LeaderElection3] INFO  server.RaftServerConfigKeys (ConfUtils.java:logGet(46)) - raft.server.write.element-limit = 1024 (custom)
2024-06-12 03:12:50,974 [4ff6fc3e-a64b-47a9-abec-2b416c3c87bd@group-BD8ED6F243E6-LeaderElection3] INFO  server.RaftServerConfigKeys (ConfUtils.java:logGet(46)) - raft.server.write.follower.gap.ratio.max = -1.0 (default)
2024-06-12 03:12:50,979 [4ff6fc3e-a64b-47a9-abec-2b416c3c87bd@group-BD8ED6F243E6-LeaderElection3] INFO  server.RaftServerConfigKeys (ConfUtils.java:logGet(46)) - raft.server.log.appender.snapshot.chunk.size.max = 16MB (=16777216) (default)
2024-06-12 03:12:50,979 [4ff6fc3e-a64b-47a9-abec-2b416c3c87bd@group-BD8ED6F243E6-LeaderElection3] INFO  server.RaftServerConfigKeys (ConfUtils.java:logGet(46)) - raft.server.log.appender.buffer.byte-limit = 8388608 (custom)
2024-06-12 03:12:50,980 [4ff6fc3e-a64b-47a9-abec-2b416c3c87bd@group-BD8ED6F243E6-LeaderElection3] INFO  server.RaftServerConfigKeys (ConfUtils.java:logGet(46)) - raft.server.log.appender.buffer.element-limit = 1024 (custom)
2024-06-12 03:12:50,981 [4ff6fc3e-a64b-47a9-abec-2b416c3c87bd@group-BD8ED6F243E6-LeaderElection3] INFO  server.RaftServerConfigKeys (ConfUtils.java:logGet(46)) - raft.server.log.appender.wait-time.min = 0μs (custom)
2024-06-12 03:12:50,982 [4ff6fc3e-a64b-47a9-abec-2b416c3c87bd@group-BD8ED6F243E6-LeaderElection3] INFO  grpc.GrpcConfigKeys (ConfUtils.java:logGet(46)) - raft.grpc.server.leader.outstanding.appends.max = 8 (default)
2024-06-12 03:12:50,982 [4ff6fc3e-a64b-47a9-abec-2b416c3c87bd@group-BD8ED6F243E6-LeaderElection3] INFO  server.RaftServerConfigKeys (ConfUtils.java:logGet(46)) - raft.server.rpc.request.timeout = 60s (custom)
2024-06-12 03:12:50,982 [4ff6fc3e-a64b-47a9-abec-2b416c3c87bd@group-BD8ED6F243E6-LeaderElection3] INFO  grpc.GrpcConfigKeys (ConfUtils.java:logGet(46)) - raft.grpc.server.install_snapshot.request.element-limit = 8 (default)
2024-06-12 03:12:50,982 [4ff6fc3e-a64b-47a9-abec-2b416c3c87bd@group-BD8ED6F243E6-LeaderElection3] INFO  grpc.GrpcConfigKeys (ConfUtils.java:logGet(46)) - raft.grpc.server.install_snapshot.request.timeout = 3000ms (default)
2024-06-12 03:12:50,982 [4ff6fc3e-a64b-47a9-abec-2b416c3c87bd@group-BD8ED6F243E6-LeaderElection3] INFO  grpc.GrpcConfigKeys (ConfUtils.java:logGet(46)) - raft.grpc.server.log-message.batch.duration = 5s (default)
2024-06-12 03:12:50,983 [4ff6fc3e-a64b-47a9-abec-2b416c3c87bd@group-BD8ED6F243E6-LeaderElection3] INFO  server.RaftServerConfigKeys (ConfUtils.java:logGet(46)) - raft.server.log.appender.install.snapshot.enabled = false (custom)
2024-06-12 03:12:50,983 [4ff6fc3e-a64b-47a9-abec-2b416c3c87bd@group-BD8ED6F243E6-LeaderElection3] INFO  grpc.GrpcConfigKeys (ConfUtils.java:logGet(46)) - raft.grpc.server.heartbeat.channel = true (default)
2024-06-12 03:12:50,984 [4ff6fc3e-a64b-47a9-abec-2b416c3c87bd@group-BD8ED6F243E6-LeaderElection3] INFO  server.RaftServerConfigKeys (ConfUtils.java:logGet(46)) - raft.server.log.appender.snapshot.chunk.size.max = 16MB (=16777216) (default)
2024-06-12 03:12:50,985 [4ff6fc3e-a64b-47a9-abec-2b416c3c87bd@group-BD8ED6F243E6-LeaderElection3] INFO  server.RaftServerConfigKeys (ConfUtils.java:logGet(46)) - raft.server.log.appender.buffer.byte-limit = 8388608 (custom)
2024-06-12 03:12:50,985 [4ff6fc3e-a64b-47a9-abec-2b416c3c87bd@group-BD8ED6F243E6-LeaderElection3] INFO  server.RaftServerConfigKeys (ConfUtils.java:logGet(46)) - raft.server.log.appender.buffer.element-limit = 1024 (custom)
2024-06-12 03:12:50,985 [4ff6fc3e-a64b-47a9-abec-2b416c3c87bd@group-BD8ED6F243E6-LeaderElection3] INFO  server.RaftServerConfigKeys (ConfUtils.java:logGet(46)) - raft.server.log.appender.wait-time.min = 0μs (custom)
2024-06-12 03:12:50,985 [4ff6fc3e-a64b-47a9-abec-2b416c3c87bd@group-BD8ED6F243E6-LeaderElection3] INFO  grpc.GrpcConfigKeys (ConfUtils.java:logGet(46)) - raft.grpc.server.leader.outstanding.appends.max = 8 (default)
2024-06-12 03:12:50,985 [4ff6fc3e-a64b-47a9-abec-2b416c3c87bd@group-BD8ED6F243E6-LeaderElection3] INFO  server.RaftServerConfigKeys (ConfUtils.java:logGet(46)) - raft.server.rpc.request.timeout = 60s (custom)
2024-06-12 03:12:50,985 [4ff6fc3e-a64b-47a9-abec-2b416c3c87bd@group-BD8ED6F243E6-LeaderElection3] INFO  grpc.GrpcConfigKeys (ConfUtils.java:logGet(46)) - raft.grpc.server.install_snapshot.request.element-limit = 8 (default)
2024-06-12 03:12:50,985 [4ff6fc3e-a64b-47a9-abec-2b416c3c87bd@group-BD8ED6F243E6-LeaderElection3] INFO  grpc.GrpcConfigKeys (ConfUtils.java:logGet(46)) - raft.grpc.server.install_snapshot.request.timeout = 3000ms (default)
2024-06-12 03:12:50,985 [4ff6fc3e-a64b-47a9-abec-2b416c3c87bd@group-BD8ED6F243E6-LeaderElection3] INFO  grpc.GrpcConfigKeys (ConfUtils.java:logGet(46)) - raft.grpc.server.log-message.batch.duration = 5s (default)
2024-06-12 03:12:50,986 [4ff6fc3e-a64b-47a9-abec-2b416c3c87bd@group-BD8ED6F243E6-LeaderElection3] INFO  server.RaftServerConfigKeys (ConfUtils.java:logGet(46)) - raft.server.log.appender.install.snapshot.enabled = false (custom)
2024-06-12 03:12:50,986 [4ff6fc3e-a64b-47a9-abec-2b416c3c87bd@group-BD8ED6F243E6-LeaderElection3] INFO  grpc.GrpcConfigKeys (ConfUtils.java:logGet(46)) - raft.grpc.server.heartbeat.channel = true (default)
2024-06-12 03:12:50,986 [15a53066-cbd8-4f19-b9a5-7cdb9ae22392@group-A93987F554EC-FollowerState] INFO  impl.FollowerState (FollowerState.java:run(143)) - 15a53066-cbd8-4f19-b9a5-7cdb9ae22392@group-A93987F554EC-FollowerState: change to CANDIDATE, lastRpcElapsedTime:5012603145ns, electionTimeout:5010ms
2024-06-12 03:12:50,986 [15a53066-cbd8-4f19-b9a5-7cdb9ae22392@group-A93987F554EC-FollowerState] INFO  impl.RoleInfo (RoleInfo.java:shutdownFollowerState(110)) - 15a53066-cbd8-4f19-b9a5-7cdb9ae22392: shutdown 15a53066-cbd8-4f19-b9a5-7cdb9ae22392@group-A93987F554EC-FollowerState
2024-06-12 03:12:50,986 [15a53066-cbd8-4f19-b9a5-7cdb9ae22392@group-A93987F554EC-FollowerState] INFO  server.RaftServer$Division (RaftServerImpl.java:setRole(383)) - 15a53066-cbd8-4f19-b9a5-7cdb9ae22392@group-A93987F554EC: changes role from  FOLLOWER to CANDIDATE at term 0 for changeToCandidate
2024-06-12 03:12:50,986 [4ff6fc3e-a64b-47a9-abec-2b416c3c87bd@group-BD8ED6F243E6-LeaderElection3] INFO  impl.RoleInfo (RoleInfo.java:updateAndGet(139)) - 4ff6fc3e-a64b-47a9-abec-2b416c3c87bd: start 4ff6fc3e-a64b-47a9-abec-2b416c3c87bd@group-BD8ED6F243E6-LeaderStateImpl
2024-06-12 03:12:50,987 [4ff6fc3e-a64b-47a9-abec-2b416c3c87bd@group-BD8ED6F243E6-LeaderElection3] INFO  server.RaftServer$Division (RaftServerImpl.java:setFirstElection(574)) - 4ff6fc3e-a64b-47a9-abec-2b416c3c87bd@group-BD8ED6F243E6: set firstElectionSinceStartup to false for becomeLeader
2024-06-12 03:12:50,987 [4ff6fc3e-a64b-47a9-abec-2b416c3c87bd@group-BD8ED6F243E6-LeaderElection3] INFO  ratis.XceiverServerRatis (XceiverServerRatis.java:handleLeaderChangedNotification(966)) - Leader change notification received for group: group-BD8ED6F243E6 with new leaderId: 4ff6fc3e-a64b-47a9-abec-2b416c3c87bd
2024-06-12 03:12:50,987 [15a53066-cbd8-4f19-b9a5-7cdb9ae22392@group-A93987F554EC-FollowerState] INFO  server.RaftServerConfigKeys (ConfUtils.java:logGet(46)) - raft.server.leaderelection.pre-vote = true (default)
2024-06-12 03:12:50,999 [15a53066-cbd8-4f19-b9a5-7cdb9ae22392@group-A93987F554EC-FollowerState] INFO  impl.RoleInfo (RoleInfo.java:updateAndGet(139)) - 15a53066-cbd8-4f19-b9a5-7cdb9ae22392: start 15a53066-cbd8-4f19-b9a5-7cdb9ae22392@group-A93987F554EC-LeaderElection4
2024-06-12 03:12:50,999 [15a53066-cbd8-4f19-b9a5-7cdb9ae22392@group-A93987F554EC-LeaderElection4] INFO  impl.LeaderElection (LeaderElection.java:askForVotes(321)) - 15a53066-cbd8-4f19-b9a5-7cdb9ae22392@group-A93987F554EC-LeaderElection4 PRE_VOTE round 0: submit vote requests at term 0 for -1: peers:[15a53066-cbd8-4f19-b9a5-7cdb9ae22392|127.0.0.1:15023]|listeners:[], old=null
2024-06-12 03:12:50,999 [4ff6fc3e-a64b-47a9-abec-2b416c3c87bd@group-BD8ED6F243E6-LeaderElection3] INFO  server.RaftServer$Division (ServerState.java:setLeader(269)) - 4ff6fc3e-a64b-47a9-abec-2b416c3c87bd@group-BD8ED6F243E6: change Leader from null to 4ff6fc3e-a64b-47a9-abec-2b416c3c87bd at term 1 for becomeLeader, leader elected after 5131ms
2024-06-12 03:12:50,989 [EventQueue-OpenPipelineForHealthyPipelineSafeModeRule] INFO  safemode.SCMSafeModeManager (HealthyPipelineSafeModeRule.java:process(140)) - SCM in safe mode. Healthy pipelines reported count is 0, required healthy pipeline reported count is 1
2024-06-12 03:12:50,999 [15a53066-cbd8-4f19-b9a5-7cdb9ae22392@group-A93987F554EC-LeaderElection4] INFO  impl.LeaderElection (LeaderElection.java:askForVotes(323)) - 15a53066-cbd8-4f19-b9a5-7cdb9ae22392@group-A93987F554EC-LeaderElection4 PRE_VOTE round 0: result PASSED (term=0)
2024-06-12 03:12:50,999 [EventQueue-PipelineReportForPipelineReportHandler] INFO  pipeline.PipelineReportHandler (PipelineReportHandler.java:processPipelineReport(136)) - Opened pipeline PipelineID=bcf6663f-c7b0-4e0e-ab8f-bd8ed6f243e6
2024-06-12 03:12:51,000 [EventQueue-OpenPipelineForHealthyPipelineSafeModeRule] INFO  safemode.SCMSafeModeManager (HealthyPipelineSafeModeRule.java:process(140)) - SCM in safe mode. Healthy pipelines reported count is 1, required healthy pipeline reported count is 1
2024-06-12 03:12:51,000 [EventQueue-OpenPipelineForHealthyPipelineSafeModeRule] INFO  safemode.SCMSafeModeManager (SCMSafeModeManager.java:validateSafeModeExitRules(203)) - HealthyPipelineSafeModeRule rule is successfully validated
2024-06-12 03:12:51,000 [EventQueue-OpenPipelineForHealthyPipelineSafeModeRule] INFO  safemode.SCMSafeModeManager (SCMSafeModeManager.java:validateSafeModeExitRules(218)) - ScmSafeModeManager, all rules are successfully validated
2024-06-12 03:12:51,000 [EventQueue-OpenPipelineForHealthyPipelineSafeModeRule] INFO  safemode.SCMSafeModeManager (SCMSafeModeManager.java:exitSafeMode(248)) - SCM exiting safe mode.
2024-06-12 03:12:51,000 [EventQueue-OpenPipelineForHealthyPipelineSafeModeRule] INFO  ha.SCMContext (SCMContext.java:updateSafeModeStatus(225)) - Update SafeModeStatus from SafeModeStatus{safeModeStatus=true, preCheckPassed=true} to SafeModeStatus{safeModeStatus=false, preCheckPassed=true}.
2024-06-12 03:12:51,000 [EventQueue-OpenPipelineForHealthyPipelineSafeModeRule] INFO  pipeline.BackgroundPipelineCreator (BackgroundPipelineCreator.java:notifyStatusChanged(258)) - Service BackgroundPipelineCreator transitions to RUNNING.
2024-06-12 03:12:51,001 [EventQueue-OpenPipelineForHealthyPipelineSafeModeRule] INFO  BackgroundPipelineScrubber (BackgroundSCMService.java:notifyStatusChanged(79)) - Service BackgroundPipelineScrubber transitions to RUNNING.
2024-06-12 03:12:51,001 [EventQueue-OpenPipelineForHealthyPipelineSafeModeRule] INFO  ExpiredContainerReplicaOpScrubber (BackgroundSCMService.java:notifyStatusChanged(79)) - Service ExpiredContainerReplicaOpScrubber transitions to RUNNING.
2024-06-12 03:12:51,001 [EventQueue-OpenPipelineForHealthyPipelineSafeModeRule] INFO  block.SCMBlockDeletingService (SCMBlockDeletingService.java:notifyStatusChanged(247)) - notifyStatusChanged:RUNNING
2024-06-12 03:12:51,001 [EventQueue-OpenPipelineForHealthyPipelineSafeModeRule] INFO  replication.ReplicationManager (ReplicationManager.java:notifyStatusChanged(1406)) - Service ReplicationManager transitions to RUNNING.
2024-06-12 03:12:51,001 [15a53066-cbd8-4f19-b9a5-7cdb9ae22392@group-A93987F554EC-LeaderElection4] INFO  impl.LeaderElection (LeaderElection.java:askForVotes(321)) - 15a53066-cbd8-4f19-b9a5-7cdb9ae22392@group-A93987F554EC-LeaderElection4 ELECTION round 0: submit vote requests at term 1 for -1: peers:[15a53066-cbd8-4f19-b9a5-7cdb9ae22392|127.0.0.1:15023]|listeners:[], old=null
2024-06-12 03:12:51,001 [15a53066-cbd8-4f19-b9a5-7cdb9ae22392@group-A93987F554EC-LeaderElection4] INFO  impl.LeaderElection (LeaderElection.java:askForVotes(323)) - 15a53066-cbd8-4f19-b9a5-7cdb9ae22392@group-A93987F554EC-LeaderElection4 ELECTION round 0: result PASSED (term=1)
2024-06-12 03:12:51,001 [15a53066-cbd8-4f19-b9a5-7cdb9ae22392@group-A93987F554EC-LeaderElection4] INFO  impl.RoleInfo (RoleInfo.java:shutdownLeaderElection(130)) - 15a53066-cbd8-4f19-b9a5-7cdb9ae22392: shutdown 15a53066-cbd8-4f19-b9a5-7cdb9ae22392@group-A93987F554EC-LeaderElection4
2024-06-12 03:12:51,001 [15a53066-cbd8-4f19-b9a5-7cdb9ae22392@group-A93987F554EC-LeaderElection4] INFO  server.RaftServer$Division (RaftServerImpl.java:setRole(383)) - 15a53066-cbd8-4f19-b9a5-7cdb9ae22392@group-A93987F554EC: changes role from CANDIDATE to LEADER at term 1 for changeToLeader
2024-06-12 03:12:51,001 [15a53066-cbd8-4f19-b9a5-7cdb9ae22392@group-A93987F554EC-LeaderElection4] INFO  server.RaftServerConfigKeys (ConfUtils.java:logGet(46)) - raft.server.staging.catchup.gap = 1000 (default)
2024-06-12 03:12:51,002 [15a53066-cbd8-4f19-b9a5-7cdb9ae22392@group-A93987F554EC-LeaderElection4] INFO  server.RaftServerConfigKeys (ConfUtils.java:logGet(46)) - raft.server.write.element-limit = 1024 (custom)
2024-06-12 03:12:51,002 [15a53066-cbd8-4f19-b9a5-7cdb9ae22392@group-A93987F554EC-LeaderElection4] INFO  server.RaftServerConfigKeys (ConfUtils.java:logGet(46)) - raft.server.write.byte-limit = 1024 M (=1073741824) (custom)
2024-06-12 03:12:51,002 [15a53066-cbd8-4f19-b9a5-7cdb9ae22392@group-A93987F554EC-LeaderElection4] INFO  server.RaftServerConfigKeys (ConfUtils.java:logGet(46)) - raft.server.watch.timeout = 30s (custom)
2024-06-12 03:12:51,002 [15a53066-cbd8-4f19-b9a5-7cdb9ae22392@group-A93987F554EC-LeaderElection4] INFO  server.RaftServerConfigKeys (ConfUtils.java:logGet(46)) - raft.server.watch.timeout.denomination = 1s (default)
2024-06-12 03:12:51,002 [15a53066-cbd8-4f19-b9a5-7cdb9ae22392@group-A93987F554EC-LeaderElection4] INFO  server.RaftServerConfigKeys (ConfUtils.java:logGet(46)) - raft.server.watch.element-limit = 65536 (default)
2024-06-12 03:12:51,003 [15a53066-cbd8-4f19-b9a5-7cdb9ae22392@group-A93987F554EC-LeaderElection4] INFO  server.RaftServerConfigKeys (ConfUtils.java:logGet(46)) - raft.server.read.leader.lease.enabled = false (default)
2024-06-12 03:12:51,003 [15a53066-cbd8-4f19-b9a5-7cdb9ae22392@group-A93987F554EC-LeaderElection4] INFO  server.RaftServerConfigKeys (ConfUtils.java:logGet(46)) - raft.server.read.leader.lease.timeout.ratio = 0.9 (default)
2024-06-12 03:12:51,003 [15a53066-cbd8-4f19-b9a5-7cdb9ae22392@group-A93987F554EC-LeaderElection4] INFO  server.RaftServerConfigKeys (ConfUtils.java:logGet(46)) - raft.server.rpc.timeout.min = 5s (custom)
2024-06-12 03:12:51,003 [15a53066-cbd8-4f19-b9a5-7cdb9ae22392@group-A93987F554EC-LeaderElection4] INFO  server.RaftServerConfigKeys (ConfUtils.java:logGet(46)) - raft.server.write.element-limit = 1024 (custom)
2024-06-12 03:12:51,003 [15a53066-cbd8-4f19-b9a5-7cdb9ae22392@group-A93987F554EC-LeaderElection4] INFO  server.RaftServerConfigKeys (ConfUtils.java:logGet(46)) - raft.server.write.follower.gap.ratio.max = -1.0 (default)
2024-06-12 03:12:51,003 [15a53066-cbd8-4f19-b9a5-7cdb9ae22392@group-A93987F554EC-LeaderElection4] INFO  impl.RoleInfo (RoleInfo.java:updateAndGet(139)) - 15a53066-cbd8-4f19-b9a5-7cdb9ae22392: start 15a53066-cbd8-4f19-b9a5-7cdb9ae22392@group-A93987F554EC-LeaderStateImpl
2024-06-12 03:12:51,003 [15a53066-cbd8-4f19-b9a5-7cdb9ae22392@group-A93987F554EC-LeaderElection4] INFO  server.RaftServer$Division (RaftServerImpl.java:setFirstElection(574)) - 15a53066-cbd8-4f19-b9a5-7cdb9ae22392@group-A93987F554EC: set firstElectionSinceStartup to false for becomeLeader
2024-06-12 03:12:51,003 [15a53066-cbd8-4f19-b9a5-7cdb9ae22392@group-A93987F554EC-LeaderElection4] INFO  ratis.XceiverServerRatis (XceiverServerRatis.java:handleLeaderChangedNotification(966)) - Leader change notification received for group: group-A93987F554EC with new leaderId: 15a53066-cbd8-4f19-b9a5-7cdb9ae22392
2024-06-12 03:12:51,003 [15a53066-cbd8-4f19-b9a5-7cdb9ae22392@group-A93987F554EC-LeaderElection4] INFO  server.RaftServer$Division (ServerState.java:setLeader(269)) - 15a53066-cbd8-4f19-b9a5-7cdb9ae22392@group-A93987F554EC: change Leader from null to 15a53066-cbd8-4f19-b9a5-7cdb9ae22392 at term 1 for becomeLeader, leader elected after 5067ms
2024-06-12 03:12:51,004 [15a53066-cbd8-4f19-b9a5-7cdb9ae22392@group-A93987F554EC-LeaderElection4] INFO  segmented.SegmentedRaftLogWorker (SegmentedRaftLogWorker.java:startLogSegment(430)) - 15a53066-cbd8-4f19-b9a5-7cdb9ae22392@group-A93987F554EC-SegmentedRaftLogWorker: Starting segment from index:0
2024-06-12 03:12:51,004 [15a53066-cbd8-4f19-b9a5-7cdb9ae22392@group-A93987F554EC-SegmentedRaftLogWorker] INFO  segmented.BufferedWriteChannel (BufferedWriteChannel.java:open(62)) - open log_inprogress_0 at position 0
2024-06-12 03:12:51,006 [EventQueue-OpenPipelineForHealthyPipelineSafeModeRule] WARN  balancer.ContainerBalancer (ContainerBalancer.java:shouldRun(134)) - Could not find persisted configuration for ContainerBalancer when checking if ContainerBalancer should run. ContainerBalancer should not run now.
2024-06-12 03:12:51,000 [4ff6fc3e-a64b-47a9-abec-2b416c3c87bd@group-BD8ED6F243E6-LeaderElection3] INFO  segmented.SegmentedRaftLogWorker (SegmentedRaftLogWorker.java:startLogSegment(430)) - 4ff6fc3e-a64b-47a9-abec-2b416c3c87bd@group-BD8ED6F243E6-SegmentedRaftLogWorker: Starting segment from index:0
2024-06-12 03:12:51,006 [4ff6fc3e-a64b-47a9-abec-2b416c3c87bd@group-BD8ED6F243E6-SegmentedRaftLogWorker] INFO  segmented.BufferedWriteChannel (BufferedWriteChannel.java:open(62)) - open log_inprogress_0 at position 0
2024-06-12 03:12:51,008 [15a53066-cbd8-4f19-b9a5-7cdb9ae22392@group-A93987F554EC-LeaderElection4] INFO  server.RaftServer$Division (ServerState.java:setRaftConf(386)) - 15a53066-cbd8-4f19-b9a5-7cdb9ae22392@group-A93987F554EC: set configuration 0: peers:[15a53066-cbd8-4f19-b9a5-7cdb9ae22392|127.0.0.1:15023]|listeners:[], old=null
2024-06-12 03:12:51,010 [main] INFO  ozone.MiniOzoneClusterImpl (MiniOzoneClusterImpl.java:lambda$waitForClusterToBeReady$0(194)) - Nodes are ready. Got 3 of 3 DN Heartbeats.
2024-06-12 03:12:51,010 [main] INFO  ozone.MiniOzoneClusterImpl (MiniOzoneClusterImpl.java:lambda$waitForClusterToBeReady$0(197)) - Cluster exits safe mode
2024-06-12 03:12:51,010 [main] INFO  ozone.MiniOzoneClusterImpl (MiniOzoneClusterImpl.java:lambda$waitForClusterToBeReady$0(199)) - SCM became leader
2024-06-12 03:12:51,010 [4ff6fc3e-a64b-47a9-abec-2b416c3c87bd@group-BD8ED6F243E6-LeaderElection3] INFO  server.RaftServer$Division (ServerState.java:setRaftConf(386)) - 4ff6fc3e-a64b-47a9-abec-2b416c3c87bd@group-BD8ED6F243E6: set configuration 0: peers:[4ff6fc3e-a64b-47a9-abec-2b416c3c87bd|127.0.0.1:15014, 15a53066-cbd8-4f19-b9a5-7cdb9ae22392|127.0.0.1:15023, 0045c317-f62f-4f57-91f4-beda1a434bec|127.0.0.1:15032]|listeners:[], old=null
2024-06-12 03:12:51,016 [15a53066-cbd8-4f19-b9a5-7cdb9ae22392@group-A93987F554EC-SegmentedRaftLogWorker] INFO  segmented.SegmentedRaftLogWorker (SegmentedRaftLogWorker.java:execute(634)) - 15a53066-cbd8-4f19-b9a5-7cdb9ae22392@group-A93987F554EC-SegmentedRaftLogWorker: created new log segment /home/runner/work/ozone/ozone/hadoop-ozone/integration-test/target/test-dir/MiniOzoneClusterImpl-2da4ef03-bf4e-4b68-9b16-b615eb45abb7/ozone-meta/datanode-2/ratis/03f9aa72-5d13-4e64-bc8a-a93987f554ec/current/log_inprogress_0
2024-06-12 03:12:51,016 [4ff6fc3e-a64b-47a9-abec-2b416c3c87bd@group-BD8ED6F243E6-SegmentedRaftLogWorker] INFO  segmented.SegmentedRaftLogWorker (SegmentedRaftLogWorker.java:execute(634)) - 4ff6fc3e-a64b-47a9-abec-2b416c3c87bd@group-BD8ED6F243E6-SegmentedRaftLogWorker: created new log segment /home/runner/work/ozone/ozone/hadoop-ozone/integration-test/target/test-dir/MiniOzoneClusterImpl-2da4ef03-bf4e-4b68-9b16-b615eb45abb7/ozone-meta/datanode-1/ratis/bcf6663f-c7b0-4e0e-ab8f-bd8ed6f243e6/current/log_inprogress_0
2024-06-12 03:12:51,026 [15a53066-cbd8-4f19-b9a5-7cdb9ae22392@group-A93987F554EC-StateMachineUpdater] INFO  server.RaftServer$Division (LeaderStateImpl.java:isApplied(320)) - leader is ready since appliedIndex == 0 >= startIndex == 0
2024-06-12 03:12:51,081 [15a53066-cbd8-4f19-b9a5-7cdb9ae22392-server-thread1] INFO  ratis.XceiverServerRatis (XceiverServerRatis.java:handleLeaderChangedNotification(966)) - Leader change notification received for group: group-BD8ED6F243E6 with new leaderId: 4ff6fc3e-a64b-47a9-abec-2b416c3c87bd
2024-06-12 03:12:51,081 [15a53066-cbd8-4f19-b9a5-7cdb9ae22392-server-thread1] INFO  server.RaftServer$Division (ServerState.java:setLeader(269)) - 15a53066-cbd8-4f19-b9a5-7cdb9ae22392@group-BD8ED6F243E6: change Leader from null to 4ff6fc3e-a64b-47a9-abec-2b416c3c87bd at term 1 for appendEntries, leader elected after 5101ms
2024-06-12 03:12:51,091 [15a53066-cbd8-4f19-b9a5-7cdb9ae22392-server-thread2] INFO  server.RaftServer$Division (ServerState.java:setRaftConf(386)) - 15a53066-cbd8-4f19-b9a5-7cdb9ae22392@group-BD8ED6F243E6: set configuration 0: peers:[4ff6fc3e-a64b-47a9-abec-2b416c3c87bd|127.0.0.1:15014, 15a53066-cbd8-4f19-b9a5-7cdb9ae22392|127.0.0.1:15023, 0045c317-f62f-4f57-91f4-beda1a434bec|127.0.0.1:15032]|listeners:[], old=null
2024-06-12 03:12:51,093 [15a53066-cbd8-4f19-b9a5-7cdb9ae22392-server-thread2] INFO  segmented.SegmentedRaftLogWorker (SegmentedRaftLogWorker.java:startLogSegment(430)) - 15a53066-cbd8-4f19-b9a5-7cdb9ae22392@group-BD8ED6F243E6-SegmentedRaftLogWorker: Starting segment from index:0
2024-06-12 03:12:51,093 [15a53066-cbd8-4f19-b9a5-7cdb9ae22392@group-BD8ED6F243E6-SegmentedRaftLogWorker] INFO  segmented.BufferedWriteChannel (BufferedWriteChannel.java:open(62)) - open log_inprogress_0 at position 0
2024-06-12 03:12:51,105 [15a53066-cbd8-4f19-b9a5-7cdb9ae22392@group-BD8ED6F243E6-SegmentedRaftLogWorker] INFO  segmented.SegmentedRaftLogWorker (SegmentedRaftLogWorker.java:execute(634)) - 15a53066-cbd8-4f19-b9a5-7cdb9ae22392@group-BD8ED6F243E6-SegmentedRaftLogWorker: created new log segment /home/runner/work/ozone/ozone/hadoop-ozone/integration-test/target/test-dir/MiniOzoneClusterImpl-2da4ef03-bf4e-4b68-9b16-b615eb45abb7/ozone-meta/datanode-2/ratis/bcf6663f-c7b0-4e0e-ab8f-bd8ed6f243e6/current/log_inprogress_0
2024-06-12 03:12:51,108 [0045c317-f62f-4f57-91f4-beda1a434bec-server-thread1] INFO  ratis.XceiverServerRatis (XceiverServerRatis.java:handleLeaderChangedNotification(966)) - Leader change notification received for group: group-BD8ED6F243E6 with new leaderId: 4ff6fc3e-a64b-47a9-abec-2b416c3c87bd
2024-06-12 03:12:51,108 [0045c317-f62f-4f57-91f4-beda1a434bec-server-thread1] INFO  server.RaftServer$Division (ServerState.java:setLeader(269)) - 0045c317-f62f-4f57-91f4-beda1a434bec@group-BD8ED6F243E6: change Leader from null to 4ff6fc3e-a64b-47a9-abec-2b416c3c87bd at term 1 for appendEntries, leader elected after 5050ms
2024-06-12 03:12:51,109 [0045c317-f62f-4f57-91f4-beda1a434bec-server-thread2] INFO  server.RaftServer$Division (ServerState.java:setRaftConf(386)) - 0045c317-f62f-4f57-91f4-beda1a434bec@group-BD8ED6F243E6: set configuration 0: peers:[4ff6fc3e-a64b-47a9-abec-2b416c3c87bd|127.0.0.1:15014, 15a53066-cbd8-4f19-b9a5-7cdb9ae22392|127.0.0.1:15023, 0045c317-f62f-4f57-91f4-beda1a434bec|127.0.0.1:15032]|listeners:[], old=null
2024-06-12 03:12:51,109 [0045c317-f62f-4f57-91f4-beda1a434bec-server-thread2] INFO  segmented.SegmentedRaftLogWorker (SegmentedRaftLogWorker.java:startLogSegment(430)) - 0045c317-f62f-4f57-91f4-beda1a434bec@group-BD8ED6F243E6-SegmentedRaftLogWorker: Starting segment from index:0
2024-06-12 03:12:51,110 [0045c317-f62f-4f57-91f4-beda1a434bec@group-BD8ED6F243E6-SegmentedRaftLogWorker] INFO  segmented.BufferedWriteChannel (BufferedWriteChannel.java:open(62)) - open log_inprogress_0 at position 0
2024-06-12 03:12:51,121 [4ff6fc3e-a64b-47a9-abec-2b416c3c87bd@group-BD8ED6F243E6-StateMachineUpdater] INFO  server.RaftServer$Division (LeaderStateImpl.java:isApplied(320)) - leader is ready since appliedIndex == 0 >= startIndex == 0
2024-06-12 03:12:51,121 [0045c317-f62f-4f57-91f4-beda1a434bec@group-BD8ED6F243E6-SegmentedRaftLogWorker] INFO  segmented.SegmentedRaftLogWorker (SegmentedRaftLogWorker.java:execute(634)) - 0045c317-f62f-4f57-91f4-beda1a434bec@group-BD8ED6F243E6-SegmentedRaftLogWorker: created new log segment /home/runner/work/ozone/ozone/hadoop-ozone/integration-test/target/test-dir/MiniOzoneClusterImpl-2da4ef03-bf4e-4b68-9b16-b615eb45abb7/ozone-meta/datanode-3/ratis/bcf6663f-c7b0-4e0e-ab8f-bd8ed6f243e6/current/log_inprogress_0
2024-06-12 03:12:51,243 [0045c317-f62f-4f57-91f4-beda1a434bec@group-48EF6A643E2D-FollowerState] INFO  impl.FollowerState (FollowerState.java:run(143)) - 0045c317-f62f-4f57-91f4-beda1a434bec@group-48EF6A643E2D-FollowerState: change to CANDIDATE, lastRpcElapsedTime:5192073394ns, electionTimeout:5190ms
2024-06-12 03:12:51,243 [0045c317-f62f-4f57-91f4-beda1a434bec@group-48EF6A643E2D-FollowerState] INFO  impl.RoleInfo (RoleInfo.java:shutdownFollowerState(110)) - 0045c317-f62f-4f57-91f4-beda1a434bec: shutdown 0045c317-f62f-4f57-91f4-beda1a434bec@group-48EF6A643E2D-FollowerState
2024-06-12 03:12:51,243 [0045c317-f62f-4f57-91f4-beda1a434bec@group-48EF6A643E2D-FollowerState] INFO  server.RaftServer$Division (RaftServerImpl.java:setRole(383)) - 0045c317-f62f-4f57-91f4-beda1a434bec@group-48EF6A643E2D: changes role from  FOLLOWER to CANDIDATE at term 0 for changeToCandidate
2024-06-12 03:12:51,243 [0045c317-f62f-4f57-91f4-beda1a434bec@group-48EF6A643E2D-FollowerState] INFO  server.RaftServerConfigKeys (ConfUtils.java:logGet(46)) - raft.server.leaderelection.pre-vote = true (default)
2024-06-12 03:12:51,243 [0045c317-f62f-4f57-91f4-beda1a434bec@group-48EF6A643E2D-FollowerState] INFO  impl.RoleInfo (RoleInfo.java:updateAndGet(139)) - 0045c317-f62f-4f57-91f4-beda1a434bec: start 0045c317-f62f-4f57-91f4-beda1a434bec@group-48EF6A643E2D-LeaderElection5
2024-06-12 03:12:51,244 [0045c317-f62f-4f57-91f4-beda1a434bec@group-48EF6A643E2D-LeaderElection5] INFO  impl.LeaderElection (LeaderElection.java:askForVotes(321)) - 0045c317-f62f-4f57-91f4-beda1a434bec@group-48EF6A643E2D-LeaderElection5 PRE_VOTE round 0: submit vote requests at term 0 for -1: peers:[0045c317-f62f-4f57-91f4-beda1a434bec|127.0.0.1:15032]|listeners:[], old=null
2024-06-12 03:12:51,244 [0045c317-f62f-4f57-91f4-beda1a434bec@group-48EF6A643E2D-LeaderElection5] INFO  impl.LeaderElection (LeaderElection.java:askForVotes(323)) - 0045c317-f62f-4f57-91f4-beda1a434bec@group-48EF6A643E2D-LeaderElection5 PRE_VOTE round 0: result PASSED (term=0)
2024-06-12 03:12:51,246 [0045c317-f62f-4f57-91f4-beda1a434bec@group-48EF6A643E2D-LeaderElection5] INFO  impl.LeaderElection (LeaderElection.java:askForVotes(321)) - 0045c317-f62f-4f57-91f4-beda1a434bec@group-48EF6A643E2D-LeaderElection5 ELECTION round 0: submit vote requests at term 1 for -1: peers:[0045c317-f62f-4f57-91f4-beda1a434bec|127.0.0.1:15032]|listeners:[], old=null
2024-06-12 03:12:51,246 [0045c317-f62f-4f57-91f4-beda1a434bec@group-48EF6A643E2D-LeaderElection5] INFO  impl.LeaderElection (LeaderElection.java:askForVotes(323)) - 0045c317-f62f-4f57-91f4-beda1a434bec@group-48EF6A643E2D-LeaderElection5 ELECTION round 0: result PASSED (term=1)
2024-06-12 03:12:51,246 [0045c317-f62f-4f57-91f4-beda1a434bec@group-48EF6A643E2D-LeaderElection5] INFO  impl.RoleInfo (RoleInfo.java:shutdownLeaderElection(130)) - 0045c317-f62f-4f57-91f4-beda1a434bec: shutdown 0045c317-f62f-4f57-91f4-beda1a434bec@group-48EF6A643E2D-LeaderElection5
2024-06-12 03:12:51,246 [0045c317-f62f-4f57-91f4-beda1a434bec@group-48EF6A643E2D-LeaderElection5] INFO  server.RaftServer$Division (RaftServerImpl.java:setRole(383)) - 0045c317-f62f-4f57-91f4-beda1a434bec@group-48EF6A643E2D: changes role from CANDIDATE to LEADER at term 1 for changeToLeader
2024-06-12 03:12:51,246 [0045c317-f62f-4f57-91f4-beda1a434bec@group-48EF6A643E2D-LeaderElection5] INFO  server.RaftServerConfigKeys (ConfUtils.java:logGet(46)) - raft.server.staging.catchup.gap = 1000 (default)
2024-06-12 03:12:51,247 [0045c317-f62f-4f57-91f4-beda1a434bec@group-48EF6A643E2D-LeaderElection5] INFO  server.RaftServerConfigKeys (ConfUtils.java:logGet(46)) - raft.server.write.element-limit = 1024 (custom)
2024-06-12 03:12:51,247 [0045c317-f62f-4f57-91f4-beda1a434bec@group-48EF6A643E2D-LeaderElection5] INFO  server.RaftServerConfigKeys (ConfUtils.java:logGet(46)) - raft.server.write.byte-limit = 1024 M (=1073741824) (custom)
2024-06-12 03:12:51,248 [0045c317-f62f-4f57-91f4-beda1a434bec@group-48EF6A643E2D-LeaderElection5] INFO  server.RaftServerConfigKeys (ConfUtils.java:logGet(46)) - raft.server.watch.timeout = 30s (custom)
2024-06-12 03:12:51,248 [0045c317-f62f-4f57-91f4-beda1a434bec@group-48EF6A643E2D-LeaderElection5] INFO  server.RaftServerConfigKeys (ConfUtils.java:logGet(46)) - raft.server.watch.timeout.denomination = 1s (default)
2024-06-12 03:12:51,248 [0045c317-f62f-4f57-91f4-beda1a434bec@group-48EF6A643E2D-LeaderElection5] INFO  server.RaftServerConfigKeys (ConfUtils.java:logGet(46)) - raft.server.watch.element-limit = 65536 (default)
2024-06-12 03:12:51,248 [0045c317-f62f-4f57-91f4-beda1a434bec@group-48EF6A643E2D-LeaderElection5] INFO  server.RaftServerConfigKeys (ConfUtils.java:logGet(46)) - raft.server.read.leader.lease.enabled = false (default)
2024-06-12 03:12:51,248 [0045c317-f62f-4f57-91f4-beda1a434bec@group-48EF6A643E2D-LeaderElection5] INFO  server.RaftServerConfigKeys (ConfUtils.java:logGet(46)) - raft.server.read.leader.lease.timeout.ratio = 0.9 (default)
2024-06-12 03:12:51,249 [0045c317-f62f-4f57-91f4-beda1a434bec@group-48EF6A643E2D-LeaderElection5] INFO  server.RaftServerConfigKeys (ConfUtils.java:logGet(46)) - raft.server.rpc.timeout.min = 5s (custom)
2024-06-12 03:12:51,249 [0045c317-f62f-4f57-91f4-beda1a434bec@group-48EF6A643E2D-LeaderElection5] INFO  server.RaftServerConfigKeys (ConfUtils.java:logGet(46)) - raft.server.write.element-limit = 1024 (custom)
2024-06-12 03:12:51,249 [0045c317-f62f-4f57-91f4-beda1a434bec@group-48EF6A643E2D-LeaderElection5] INFO  server.RaftServerConfigKeys (ConfUtils.java:logGet(46)) - raft.server.write.follower.gap.ratio.max = -1.0 (default)
2024-06-12 03:12:51,249 [0045c317-f62f-4f57-91f4-beda1a434bec@group-48EF6A643E2D-LeaderElection5] INFO  impl.RoleInfo (RoleInfo.java:updateAndGet(139)) - 0045c317-f62f-4f57-91f4-beda1a434bec: start 0045c317-f62f-4f57-91f4-beda1a434bec@group-48EF6A643E2D-LeaderStateImpl
2024-06-12 03:12:51,249 [0045c317-f62f-4f57-91f4-beda1a434bec@group-48EF6A643E2D-LeaderElection5] INFO  server.RaftServer$Division (RaftServerImpl.java:setFirstElection(574)) - 0045c317-f62f-4f57-91f4-beda1a434bec@group-48EF6A643E2D: set firstElectionSinceStartup to false for becomeLeader
2024-06-12 03:12:51,249 [0045c317-f62f-4f57-91f4-beda1a434bec@group-48EF6A643E2D-LeaderElection5] INFO  ratis.XceiverServerRatis (XceiverServerRatis.java:handleLeaderChangedNotification(966)) - Leader change notification received for group: group-48EF6A643E2D with new leaderId: 0045c317-f62f-4f57-91f4-beda1a434bec
2024-06-12 03:12:51,252 [0045c317-f62f-4f57-91f4-beda1a434bec@group-48EF6A643E2D-LeaderElection5] INFO  server.RaftServer$Division (ServerState.java:setLeader(269)) - 0045c317-f62f-4f57-91f4-beda1a434bec@group-48EF6A643E2D: change Leader from null to 0045c317-f62f-4f57-91f4-beda1a434bec at term 1 for becomeLeader, leader elected after 5225ms
2024-06-12 03:12:51,253 [0045c317-f62f-4f57-91f4-beda1a434bec@group-48EF6A643E2D-LeaderElection5] INFO  segmented.SegmentedRaftLogWorker (SegmentedRaftLogWorker.java:startLogSegment(430)) - 0045c317-f62f-4f57-91f4-beda1a434bec@group-48EF6A643E2D-SegmentedRaftLogWorker: Starting segment from index:0
2024-06-12 03:12:51,254 [0045c317-f62f-4f57-91f4-beda1a434bec@group-48EF6A643E2D-SegmentedRaftLogWorker] INFO  segmented.BufferedWriteChannel (BufferedWriteChannel.java:open(62)) - open log_inprogress_0 at position 0
2024-06-12 03:12:51,254 [0045c317-f62f-4f57-91f4-beda1a434bec@group-48EF6A643E2D-LeaderElection5] INFO  server.RaftServer$Division (ServerState.java:setRaftConf(386)) - 0045c317-f62f-4f57-91f4-beda1a434bec@group-48EF6A643E2D: set configuration 0: peers:[0045c317-f62f-4f57-91f4-beda1a434bec|127.0.0.1:15032]|listeners:[], old=null
2024-06-12 03:12:51,263 [0045c317-f62f-4f57-91f4-beda1a434bec@group-48EF6A643E2D-SegmentedRaftLogWorker] INFO  segmented.SegmentedRaftLogWorker (SegmentedRaftLogWorker.java:execute(634)) - 0045c317-f62f-4f57-91f4-beda1a434bec@group-48EF6A643E2D-SegmentedRaftLogWorker: created new log segment /home/runner/work/ozone/ozone/hadoop-ozone/integration-test/target/test-dir/MiniOzoneClusterImpl-2da4ef03-bf4e-4b68-9b16-b615eb45abb7/ozone-meta/datanode-3/ratis/3de655d4-33fa-4130-a90c-48ef6a643e2d/current/log_inprogress_0
2024-06-12 03:12:51,265 [0045c317-f62f-4f57-91f4-beda1a434bec@group-48EF6A643E2D-StateMachineUpdater] INFO  server.RaftServer$Division (LeaderStateImpl.java:isApplied(320)) - leader is ready since appliedIndex == 0 >= startIndex == 0
2024-06-12 03:12:51,423 [main] INFO  rpc.RpcClient (RpcClient.java:createVolume(473)) - Creating Volume: volume34791, with user79854 as owner and space quota set to -1 bytes, counts quota set to -1
2024-06-12 03:12:51,458 [15a53066-cbd8-4f19-b9a5-7cdb9ae22392@group-EA9261661438-FollowerState] INFO  impl.FollowerState (FollowerState.java:run(143)) - 15a53066-cbd8-4f19-b9a5-7cdb9ae22392@group-EA9261661438-FollowerState: change to CANDIDATE, lastRpcElapsedTime:5143397506ns, electionTimeout:5142ms
2024-06-12 03:12:51,458 [15a53066-cbd8-4f19-b9a5-7cdb9ae22392@group-EA9261661438-FollowerState] INFO  impl.RoleInfo (RoleInfo.java:shutdownFollowerState(110)) - 15a53066-cbd8-4f19-b9a5-7cdb9ae22392: shutdown 15a53066-cbd8-4f19-b9a5-7cdb9ae22392@group-EA9261661438-FollowerState
2024-06-12 03:12:51,459 [15a53066-cbd8-4f19-b9a5-7cdb9ae22392@group-EA9261661438-FollowerState] INFO  server.RaftServer$Division (RaftServerImpl.java:setRole(383)) - 15a53066-cbd8-4f19-b9a5-7cdb9ae22392@group-EA9261661438: changes role from  FOLLOWER to CANDIDATE at term 0 for changeToCandidate
2024-06-12 03:12:51,459 [15a53066-cbd8-4f19-b9a5-7cdb9ae22392@group-EA9261661438-FollowerState] INFO  server.RaftServerConfigKeys (ConfUtils.java:logGet(46)) - raft.server.leaderelection.pre-vote = true (default)
2024-06-12 03:12:51,459 [15a53066-cbd8-4f19-b9a5-7cdb9ae22392@group-EA9261661438-FollowerState] INFO  impl.RoleInfo (RoleInfo.java:updateAndGet(139)) - 15a53066-cbd8-4f19-b9a5-7cdb9ae22392: start 15a53066-cbd8-4f19-b9a5-7cdb9ae22392@group-EA9261661438-LeaderElection6
2024-06-12 03:12:51,460 [15a53066-cbd8-4f19-b9a5-7cdb9ae22392@group-EA9261661438-LeaderElection6] INFO  impl.LeaderElection (LeaderElection.java:askForVotes(321)) - 15a53066-cbd8-4f19-b9a5-7cdb9ae22392@group-EA9261661438-LeaderElection6 PRE_VOTE round 0: submit vote requests at term 0 for -1: peers:[4ff6fc3e-a64b-47a9-abec-2b416c3c87bd|127.0.0.1:15014, 15a53066-cbd8-4f19-b9a5-7cdb9ae22392|127.0.0.1:15023, 0045c317-f62f-4f57-91f4-beda1a434bec|127.0.0.1:15032]|listeners:[], old=null
2024-06-12 03:12:51,460 [15a53066-cbd8-4f19-b9a5-7cdb9ae22392@group-EA9261661438-LeaderElection6-1] INFO  server.GrpcServerProtocolClient (GrpcServerProtocolClient.java:<init>(65)) - Build channel for 4ff6fc3e-a64b-47a9-abec-2b416c3c87bd|127.0.0.1:15014
2024-06-12 03:12:51,463 [om1-OMStateMachineApplyTransactionThread - 0] INFO  volume.OMVolumeCreateRequest (OMVolumeCreateRequest.java:validateAndUpdateCache(198)) - created volume:volume34791 for user:user79854
2024-06-12 03:12:51,467 [grpc-default-executor-2] INFO  server.RaftServer$Division (RaftServerImpl.java:requestVote(1389)) - 4ff6fc3e-a64b-47a9-abec-2b416c3c87bd@group-EA9261661438: receive requestVote(PRE_VOTE, 15a53066-cbd8-4f19-b9a5-7cdb9ae22392, group-EA9261661438, 0, (t:0, i:0))
2024-06-12 03:12:51,467 [grpc-default-executor-2] INFO  impl.VoteContext (VoteContext.java:log(49)) - 4ff6fc3e-a64b-47a9-abec-2b416c3c87bd@group-EA9261661438-FOLLOWER: accept PRE_VOTE from 15a53066-cbd8-4f19-b9a5-7cdb9ae22392: our priority 0 <= candidate's priority 0
2024-06-12 03:12:51,467 [grpc-default-executor-2] INFO  server.RaftServer$Division (RaftServerImpl.java:requestVote(1422)) - 4ff6fc3e-a64b-47a9-abec-2b416c3c87bd@group-EA9261661438 replies to PRE_VOTE vote request: 15a53066-cbd8-4f19-b9a5-7cdb9ae22392<-4ff6fc3e-a64b-47a9-abec-2b416c3c87bd#0:OK-t0. Peer's state: 4ff6fc3e-a64b-47a9-abec-2b416c3c87bd@group-EA9261661438:t0, leader=null, voted=, raftlog=Memoized:4ff6fc3e-a64b-47a9-abec-2b416c3c87bd@group-EA9261661438-SegmentedRaftLog:OPENED:c-1, conf=-1: peers:[4ff6fc3e-a64b-47a9-abec-2b416c3c87bd|127.0.0.1:15014, 15a53066-cbd8-4f19-b9a5-7cdb9ae22392|127.0.0.1:15023, 0045c317-f62f-4f57-91f4-beda1a434bec|127.0.0.1:15032]|listeners:[], old=null
2024-06-12 03:12:51,470 [15a53066-cbd8-4f19-b9a5-7cdb9ae22392@group-EA9261661438-LeaderElection6] INFO  server.RaftServerConfigKeys (ConfUtils.java:logFallback(53)) - raft.server.rpc.first-election.timeout.min = 5s (fallback to raft.server.rpc.timeout.min)
2024-06-12 03:12:51,470 [15a53066-cbd8-4f19-b9a5-7cdb9ae22392@group-EA9261661438-LeaderElection6] INFO  server.RaftServerConfigKeys (ConfUtils.java:logFallback(53)) - raft.server.rpc.first-election.timeout.max = 5200ms (fallback to raft.server.rpc.timeout.max)
2024-06-12 03:12:51,472 [om1-OMDoubleBufferFlushThread] INFO  helpers.OmKeyInfo (OmKeyInfo.java:getCodec(72)) - OmKeyInfo.getCodec ignorePipeline = true
2024-06-12 03:12:51,472 [15a53066-cbd8-4f19-b9a5-7cdb9ae22392@group-EA9261661438-LeaderElection6-2] INFO  server.GrpcServerProtocolClient (GrpcServerProtocolClient.java:<init>(65)) - Build channel for 0045c317-f62f-4f57-91f4-beda1a434bec|127.0.0.1:15032
2024-06-12 03:12:51,476 [om1-OMDoubleBufferFlushThread] INFO  helpers.OmKeyInfo (OmKeyInfo.java:getCodec(72)) - OmKeyInfo.getCodec ignorePipeline = true
2024-06-12 03:12:51,479 [main] INFO  rpc.RpcClient (RpcClient.java:createBucket(699)) - Creating Bucket: volume34791/bucket24814, with bucket layout FILE_SYSTEM_OPTIMIZED, runner as owner, Versioning false, Storage Type set to DISK and Encryption set to false, Replication Type set to server-side default replication type, Namespace Quota set to -1, Space Quota set to -1 
2024-06-12 03:12:51,481 [grpc-default-executor-2] INFO  server.RaftServer$Division (RaftServerImpl.java:requestVote(1389)) - 0045c317-f62f-4f57-91f4-beda1a434bec@group-EA9261661438: receive requestVote(PRE_VOTE, 15a53066-cbd8-4f19-b9a5-7cdb9ae22392, group-EA9261661438, 0, (t:0, i:0))
2024-06-12 03:12:51,481 [om1-OMDoubleBufferFlushThread] INFO  helpers.OmKeyInfo (OmKeyInfo.java:getCodec(72)) - OmKeyInfo.getCodec ignorePipeline = true
2024-06-12 03:12:51,481 [grpc-default-executor-2] INFO  impl.VoteContext (VoteContext.java:log(49)) - 0045c317-f62f-4f57-91f4-beda1a434bec@group-EA9261661438-FOLLOWER: reject PRE_VOTE from 15a53066-cbd8-4f19-b9a5-7cdb9ae22392: our priority 1 > candidate's priority 0
2024-06-12 03:12:51,482 [grpc-default-executor-2] INFO  server.RaftServer$Division (RaftServerImpl.java:requestVote(1422)) - 0045c317-f62f-4f57-91f4-beda1a434bec@group-EA9261661438 replies to PRE_VOTE vote request: 15a53066-cbd8-4f19-b9a5-7cdb9ae22392<-0045c317-f62f-4f57-91f4-beda1a434bec#0:FAIL-t0. Peer's state: 0045c317-f62f-4f57-91f4-beda1a434bec@group-EA9261661438:t0, leader=null, voted=, raftlog=Memoized:0045c317-f62f-4f57-91f4-beda1a434bec@group-EA9261661438-SegmentedRaftLog:OPENED:c-1, conf=-1: peers:[4ff6fc3e-a64b-47a9-abec-2b416c3c87bd|127.0.0.1:15014, 15a53066-cbd8-4f19-b9a5-7cdb9ae22392|127.0.0.1:15023, 0045c317-f62f-4f57-91f4-beda1a434bec|127.0.0.1:15032]|listeners:[], old=null
2024-06-12 03:12:51,482 [om1-OMDoubleBufferFlushThread] INFO  helpers.OmKeyInfo (OmKeyInfo.java:getCodec(72)) - OmKeyInfo.getCodec ignorePipeline = true
2024-06-12 03:12:51,482 [om1-OMDoubleBufferFlushThread] INFO  helpers.OmKeyInfo (OmKeyInfo.java:getCodec(72)) - OmKeyInfo.getCodec ignorePipeline = true
2024-06-12 03:12:51,486 [15a53066-cbd8-4f19-b9a5-7cdb9ae22392@group-EA9261661438-LeaderElection6] INFO  impl.LeaderElection (LeaderElection.java:logAndReturn(89)) - 15a53066-cbd8-4f19-b9a5-7cdb9ae22392@group-EA9261661438-LeaderElection6: PRE_VOTE REJECTED received 2 response(s) and 0 exception(s):
2024-06-12 03:12:51,486 [15a53066-cbd8-4f19-b9a5-7cdb9ae22392@group-EA9261661438-LeaderElection6] INFO  impl.LeaderElection (LeaderElection.java:logAndReturn(93)) -   Response 0: 15a53066-cbd8-4f19-b9a5-7cdb9ae22392<-4ff6fc3e-a64b-47a9-abec-2b416c3c87bd#0:OK-t0
2024-06-12 03:12:51,486 [15a53066-cbd8-4f19-b9a5-7cdb9ae22392@group-EA9261661438-LeaderElection6] INFO  impl.LeaderElection (LeaderElection.java:logAndReturn(93)) -   Response 1: 15a53066-cbd8-4f19-b9a5-7cdb9ae22392<-0045c317-f62f-4f57-91f4-beda1a434bec#0:FAIL-t0
2024-06-12 03:12:51,487 [15a53066-cbd8-4f19-b9a5-7cdb9ae22392@group-EA9261661438-LeaderElection6] INFO  impl.LeaderElection (LeaderElection.java:askForVotes(323)) - 15a53066-cbd8-4f19-b9a5-7cdb9ae22392@group-EA9261661438-LeaderElection6 PRE_VOTE round 0: result REJECTED
2024-06-12 03:12:51,487 [15a53066-cbd8-4f19-b9a5-7cdb9ae22392@group-EA9261661438-LeaderElection6] INFO  server.RaftServer$Division (RaftServerImpl.java:setRole(383)) - 15a53066-cbd8-4f19-b9a5-7cdb9ae22392@group-EA9261661438: changes role from CANDIDATE to FOLLOWER at term 0 for REJECTED
2024-06-12 03:12:51,487 [15a53066-cbd8-4f19-b9a5-7cdb9ae22392@group-EA9261661438-LeaderElection6] INFO  impl.RoleInfo (RoleInfo.java:shutdownLeaderElection(130)) - 15a53066-cbd8-4f19-b9a5-7cdb9ae22392: shutdown 15a53066-cbd8-4f19-b9a5-7cdb9ae22392@group-EA9261661438-LeaderElection6
2024-06-12 03:12:51,487 [15a53066-cbd8-4f19-b9a5-7cdb9ae22392@group-EA9261661438-LeaderElection6] INFO  impl.RoleInfo (RoleInfo.java:updateAndGet(139)) - 15a53066-cbd8-4f19-b9a5-7cdb9ae22392: start 15a53066-cbd8-4f19-b9a5-7cdb9ae22392@group-EA9261661438-FollowerState
2024-06-12 03:12:51,487 [15a53066-cbd8-4f19-b9a5-7cdb9ae22392@group-EA9261661438-LeaderElection6] INFO  server.RaftServer$Division (RaftServerImpl.java:setFirstElection(574)) - 15a53066-cbd8-4f19-b9a5-7cdb9ae22392@group-EA9261661438: set firstElectionSinceStartup to false for REJECTED
2024-06-12 03:12:51,494 [om1-OMStateMachineApplyTransactionThread - 0] INFO  bucket.OMBucketCreateRequest (OMBucketCreateRequest.java:validateAndUpdateCache(293)) - created bucket: bucket24814 of layout FILE_SYSTEM_OPTIMIZED in volume: volume34791
2024-06-12 03:12:51,509 [4ff6fc3e-a64b-47a9-abec-2b416c3c87bd@group-EA9261661438-FollowerState] INFO  server.RaftServerConfigKeys (ConfUtils.java:logFallback(53)) - raft.server.rpc.first-election.timeout.min = 5s (fallback to raft.server.rpc.timeout.min)
2024-06-12 03:12:51,509 [4ff6fc3e-a64b-47a9-abec-2b416c3c87bd@group-EA9261661438-FollowerState] INFO  server.RaftServerConfigKeys (ConfUtils.java:logFallback(53)) - raft.server.rpc.first-election.timeout.max = 5200ms (fallback to raft.server.rpc.timeout.max)
2024-06-12 03:12:51,546 [0045c317-f62f-4f57-91f4-beda1a434bec@group-EA9261661438-FollowerState] INFO  impl.FollowerState (FollowerState.java:run(143)) - 0045c317-f62f-4f57-91f4-beda1a434bec@group-EA9261661438-FollowerState: change to CANDIDATE, lastRpcElapsedTime:5199173983ns, electionTimeout:5190ms
2024-06-12 03:12:51,546 [0045c317-f62f-4f57-91f4-beda1a434bec@group-EA9261661438-FollowerState] INFO  impl.RoleInfo (RoleInfo.java:shutdownFollowerState(110)) - 0045c317-f62f-4f57-91f4-beda1a434bec: shutdown 0045c317-f62f-4f57-91f4-beda1a434bec@group-EA9261661438-FollowerState
2024-06-12 03:12:51,546 [0045c317-f62f-4f57-91f4-beda1a434bec@group-EA9261661438-FollowerState] INFO  server.RaftServer$Division (RaftServerImpl.java:setRole(383)) - 0045c317-f62f-4f57-91f4-beda1a434bec@group-EA9261661438: changes role from  FOLLOWER to CANDIDATE at term 0 for changeToCandidate
2024-06-12 03:12:51,546 [0045c317-f62f-4f57-91f4-beda1a434bec@group-EA9261661438-FollowerState] INFO  server.RaftServerConfigKeys (ConfUtils.java:logGet(46)) - raft.server.leaderelection.pre-vote = true (default)
2024-06-12 03:12:51,546 [0045c317-f62f-4f57-91f4-beda1a434bec@group-EA9261661438-FollowerState] INFO  impl.RoleInfo (RoleInfo.java:updateAndGet(139)) - 0045c317-f62f-4f57-91f4-beda1a434bec: start 0045c317-f62f-4f57-91f4-beda1a434bec@group-EA9261661438-LeaderElection7
2024-06-12 03:12:51,547 [0045c317-f62f-4f57-91f4-beda1a434bec@group-EA9261661438-LeaderElection7] INFO  impl.LeaderElection (LeaderElection.java:askForVotes(321)) - 0045c317-f62f-4f57-91f4-beda1a434bec@group-EA9261661438-LeaderElection7 PRE_VOTE round 0: submit vote requests at term 0 for -1: peers:[4ff6fc3e-a64b-47a9-abec-2b416c3c87bd|127.0.0.1:15014, 15a53066-cbd8-4f19-b9a5-7cdb9ae22392|127.0.0.1:15023, 0045c317-f62f-4f57-91f4-beda1a434bec|127.0.0.1:15032]|listeners:[], old=null
2024-06-12 03:12:51,551 [0045c317-f62f-4f57-91f4-beda1a434bec@group-EA9261661438-LeaderElection7-1] INFO  server.GrpcServerProtocolClient (GrpcServerProtocolClient.java:<init>(65)) - Build channel for 4ff6fc3e-a64b-47a9-abec-2b416c3c87bd|127.0.0.1:15014
2024-06-12 03:12:51,557 [grpc-default-executor-2] INFO  server.RaftServer$Division (RaftServerImpl.java:requestVote(1389)) - 4ff6fc3e-a64b-47a9-abec-2b416c3c87bd@group-EA9261661438: receive requestVote(PRE_VOTE, 0045c317-f62f-4f57-91f4-beda1a434bec, group-EA9261661438, 0, (t:0, i:0))
2024-06-12 03:12:51,557 [grpc-default-executor-2] INFO  impl.VoteContext (VoteContext.java:log(49)) - 4ff6fc3e-a64b-47a9-abec-2b416c3c87bd@group-EA9261661438-FOLLOWER: accept PRE_VOTE from 0045c317-f62f-4f57-91f4-beda1a434bec: our priority 0 <= candidate's priority 1
2024-06-12 03:12:51,557 [grpc-default-executor-2] INFO  server.RaftServer$Division (RaftServerImpl.java:requestVote(1422)) - 4ff6fc3e-a64b-47a9-abec-2b416c3c87bd@group-EA9261661438 replies to PRE_VOTE vote request: 0045c317-f62f-4f57-91f4-beda1a434bec<-4ff6fc3e-a64b-47a9-abec-2b416c3c87bd#0:OK-t0. Peer's state: 4ff6fc3e-a64b-47a9-abec-2b416c3c87bd@group-EA9261661438:t0, leader=null, voted=, raftlog=Memoized:4ff6fc3e-a64b-47a9-abec-2b416c3c87bd@group-EA9261661438-SegmentedRaftLog:OPENED:c-1, conf=-1: peers:[4ff6fc3e-a64b-47a9-abec-2b416c3c87bd|127.0.0.1:15014, 15a53066-cbd8-4f19-b9a5-7cdb9ae22392|127.0.0.1:15023, 0045c317-f62f-4f57-91f4-beda1a434bec|127.0.0.1:15032]|listeners:[], old=null
2024-06-12 03:12:51,566 [0045c317-f62f-4f57-91f4-beda1a434bec@group-EA9261661438-LeaderElection7] INFO  server.RaftServerConfigKeys (ConfUtils.java:logFallback(53)) - raft.server.rpc.first-election.timeout.min = 5s (fallback to raft.server.rpc.timeout.min)
2024-06-12 03:12:51,566 [0045c317-f62f-4f57-91f4-beda1a434bec@group-EA9261661438-LeaderElection7] INFO  server.RaftServerConfigKeys (ConfUtils.java:logFallback(53)) - raft.server.rpc.first-election.timeout.max = 5200ms (fallback to raft.server.rpc.timeout.max)
2024-06-12 03:12:51,566 [0045c317-f62f-4f57-91f4-beda1a434bec@group-EA9261661438-LeaderElection7-2] INFO  server.GrpcServerProtocolClient (GrpcServerProtocolClient.java:<init>(65)) - Build channel for 15a53066-cbd8-4f19-b9a5-7cdb9ae22392|127.0.0.1:15023
2024-06-12 03:12:51,566 [0045c317-f62f-4f57-91f4-beda1a434bec@group-EA9261661438-LeaderElection7] INFO  impl.LeaderElection (LeaderElection.java:logAndReturn(89)) - 0045c317-f62f-4f57-91f4-beda1a434bec@group-EA9261661438-LeaderElection7: PRE_VOTE PASSED received 1 response(s) and 0 exception(s):
2024-06-12 03:12:51,567 [0045c317-f62f-4f57-91f4-beda1a434bec@group-EA9261661438-LeaderElection7] INFO  impl.LeaderElection (LeaderElection.java:logAndReturn(93)) -   Response 0: 0045c317-f62f-4f57-91f4-beda1a434bec<-4ff6fc3e-a64b-47a9-abec-2b416c3c87bd#0:OK-t0
2024-06-12 03:12:51,567 [0045c317-f62f-4f57-91f4-beda1a434bec@group-EA9261661438-LeaderElection7] INFO  impl.LeaderElection (LeaderElection.java:askForVotes(323)) - 0045c317-f62f-4f57-91f4-beda1a434bec@group-EA9261661438-LeaderElection7 PRE_VOTE round 0: result PASSED
2024-06-12 03:12:51,570 [0045c317-f62f-4f57-91f4-beda1a434bec@group-EA9261661438-LeaderElection7] INFO  impl.LeaderElection (LeaderElection.java:askForVotes(321)) - 0045c317-f62f-4f57-91f4-beda1a434bec@group-EA9261661438-LeaderElection7 ELECTION round 0: submit vote requests at term 1 for -1: peers:[4ff6fc3e-a64b-47a9-abec-2b416c3c87bd|127.0.0.1:15014, 15a53066-cbd8-4f19-b9a5-7cdb9ae22392|127.0.0.1:15023, 0045c317-f62f-4f57-91f4-beda1a434bec|127.0.0.1:15032]|listeners:[], old=null
2024-06-12 03:12:51,572 [grpc-default-executor-2] INFO  server.RaftServer$Division (RaftServerImpl.java:requestVote(1389)) - 4ff6fc3e-a64b-47a9-abec-2b416c3c87bd@group-EA9261661438: receive requestVote(ELECTION, 0045c317-f62f-4f57-91f4-beda1a434bec, group-EA9261661438, 1, (t:0, i:0))
2024-06-12 03:12:51,572 [grpc-default-executor-2] INFO  impl.VoteContext (VoteContext.java:log(49)) - 4ff6fc3e-a64b-47a9-abec-2b416c3c87bd@group-EA9261661438-FOLLOWER: accept ELECTION from 0045c317-f62f-4f57-91f4-beda1a434bec: our priority 0 <= candidate's priority 1
2024-06-12 03:12:51,572 [grpc-default-executor-2] INFO  server.RaftServer$Division (RaftServerImpl.java:setRole(383)) - 4ff6fc3e-a64b-47a9-abec-2b416c3c87bd@group-EA9261661438: changes role from  FOLLOWER to FOLLOWER at term 1 for candidate:0045c317-f62f-4f57-91f4-beda1a434bec
2024-06-12 03:12:51,572 [grpc-default-executor-2] INFO  impl.RoleInfo (RoleInfo.java:shutdownFollowerState(110)) - 4ff6fc3e-a64b-47a9-abec-2b416c3c87bd: shutdown 4ff6fc3e-a64b-47a9-abec-2b416c3c87bd@group-EA9261661438-FollowerState
2024-06-12 03:12:51,572 [grpc-default-executor-2] INFO  impl.RoleInfo (RoleInfo.java:updateAndGet(139)) - 4ff6fc3e-a64b-47a9-abec-2b416c3c87bd: start 4ff6fc3e-a64b-47a9-abec-2b416c3c87bd@group-EA9261661438-FollowerState
2024-06-12 03:12:51,572 [4ff6fc3e-a64b-47a9-abec-2b416c3c87bd@group-EA9261661438-FollowerState] INFO  impl.FollowerState (FollowerState.java:run(152)) - 4ff6fc3e-a64b-47a9-abec-2b416c3c87bd@group-EA9261661438-FollowerState was interrupted
2024-06-12 03:12:51,575 [0045c317-f62f-4f57-91f4-beda1a434bec@group-EA9261661438-LeaderElection7] INFO  server.RaftServerConfigKeys (ConfUtils.java:logFallback(53)) - raft.server.rpc.first-election.timeout.min = 5s (fallback to raft.server.rpc.timeout.min)
2024-06-12 03:12:51,575 [0045c317-f62f-4f57-91f4-beda1a434bec@group-EA9261661438-LeaderElection7] INFO  server.RaftServerConfigKeys (ConfUtils.java:logFallback(53)) - raft.server.rpc.first-election.timeout.max = 5200ms (fallback to raft.server.rpc.timeout.max)
2024-06-12 03:12:51,576 [grpc-default-executor-2] INFO  server.RaftServer$Division (RaftServerImpl.java:setFirstElection(574)) - 4ff6fc3e-a64b-47a9-abec-2b416c3c87bd@group-EA9261661438: set firstElectionSinceStartup to false for candidate:0045c317-f62f-4f57-91f4-beda1a434bec
2024-06-12 03:12:51,578 [grpc-default-executor-0] INFO  server.RaftServer$Division (RaftServerImpl.java:requestVote(1389)) - 15a53066-cbd8-4f19-b9a5-7cdb9ae22392@group-EA9261661438: receive requestVote(PRE_VOTE, 0045c317-f62f-4f57-91f4-beda1a434bec, group-EA9261661438, 0, (t:0, i:0))
2024-06-12 03:12:51,578 [grpc-default-executor-2] INFO  server.RaftServer$Division (RaftServerImpl.java:requestVote(1422)) - 4ff6fc3e-a64b-47a9-abec-2b416c3c87bd@group-EA9261661438 replies to ELECTION vote request: 0045c317-f62f-4f57-91f4-beda1a434bec<-4ff6fc3e-a64b-47a9-abec-2b416c3c87bd#0:OK-t1. Peer's state: 4ff6fc3e-a64b-47a9-abec-2b416c3c87bd@group-EA9261661438:t1, leader=null, voted=0045c317-f62f-4f57-91f4-beda1a434bec, raftlog=Memoized:4ff6fc3e-a64b-47a9-abec-2b416c3c87bd@group-EA9261661438-SegmentedRaftLog:OPENED:c-1, conf=-1: peers:[4ff6fc3e-a64b-47a9-abec-2b416c3c87bd|127.0.0.1:15014, 15a53066-cbd8-4f19-b9a5-7cdb9ae22392|127.0.0.1:15023, 0045c317-f62f-4f57-91f4-beda1a434bec|127.0.0.1:15032]|listeners:[], old=null
2024-06-12 03:12:51,578 [grpc-default-executor-0] INFO  impl.VoteContext (VoteContext.java:log(49)) - 15a53066-cbd8-4f19-b9a5-7cdb9ae22392@group-EA9261661438-FOLLOWER: accept PRE_VOTE from 0045c317-f62f-4f57-91f4-beda1a434bec: our priority 0 <= candidate's priority 1
2024-06-12 03:12:51,578 [grpc-default-executor-0] INFO  server.RaftServer$Division (RaftServerImpl.java:requestVote(1422)) - 15a53066-cbd8-4f19-b9a5-7cdb9ae22392@group-EA9261661438 replies to PRE_VOTE vote request: 0045c317-f62f-4f57-91f4-beda1a434bec<-15a53066-cbd8-4f19-b9a5-7cdb9ae22392#0:OK-t0. Peer's state: 15a53066-cbd8-4f19-b9a5-7cdb9ae22392@group-EA9261661438:t0, leader=null, voted=, raftlog=Memoized:15a53066-cbd8-4f19-b9a5-7cdb9ae22392@group-EA9261661438-SegmentedRaftLog:OPENED:c-1, conf=-1: peers:[4ff6fc3e-a64b-47a9-abec-2b416c3c87bd|127.0.0.1:15014, 15a53066-cbd8-4f19-b9a5-7cdb9ae22392|127.0.0.1:15023, 0045c317-f62f-4f57-91f4-beda1a434bec|127.0.0.1:15032]|listeners:[], old=null
2024-06-12 03:12:51,579 [grpc-default-executor-3] INFO  server.RaftServer$Division (RaftServerImpl.java:requestVote(1389)) - 15a53066-cbd8-4f19-b9a5-7cdb9ae22392@group-EA9261661438: receive requestVote(ELECTION, 0045c317-f62f-4f57-91f4-beda1a434bec, group-EA9261661438, 1, (t:0, i:0))
2024-06-12 03:12:51,579 [grpc-default-executor-3] INFO  impl.VoteContext (VoteContext.java:log(49)) - 15a53066-cbd8-4f19-b9a5-7cdb9ae22392@group-EA9261661438-FOLLOWER: accept ELECTION from 0045c317-f62f-4f57-91f4-beda1a434bec: our priority 0 <= candidate's priority 1
2024-06-12 03:12:51,579 [grpc-default-executor-3] INFO  server.RaftServer$Division (RaftServerImpl.java:setRole(383)) - 15a53066-cbd8-4f19-b9a5-7cdb9ae22392@group-EA9261661438: changes role from  FOLLOWER to FOLLOWER at term 1 for candidate:0045c317-f62f-4f57-91f4-beda1a434bec
2024-06-12 03:12:51,579 [grpc-default-executor-3] INFO  impl.RoleInfo (RoleInfo.java:shutdownFollowerState(110)) - 15a53066-cbd8-4f19-b9a5-7cdb9ae22392: shutdown 15a53066-cbd8-4f19-b9a5-7cdb9ae22392@group-EA9261661438-FollowerState
2024-06-12 03:12:51,579 [grpc-default-executor-3] INFO  impl.RoleInfo (RoleInfo.java:updateAndGet(139)) - 15a53066-cbd8-4f19-b9a5-7cdb9ae22392: start 15a53066-cbd8-4f19-b9a5-7cdb9ae22392@group-EA9261661438-FollowerState
2024-06-12 03:12:51,581 [15a53066-cbd8-4f19-b9a5-7cdb9ae22392@group-EA9261661438-FollowerState] INFO  impl.FollowerState (FollowerState.java:run(152)) - 15a53066-cbd8-4f19-b9a5-7cdb9ae22392@group-EA9261661438-FollowerState was interrupted
2024-06-12 03:12:51,583 [0045c317-f62f-4f57-91f4-beda1a434bec@group-EA9261661438-LeaderElection7] INFO  impl.LeaderElection (LeaderElection.java:logAndReturn(89)) - 0045c317-f62f-4f57-91f4-beda1a434bec@group-EA9261661438-LeaderElection7: ELECTION PASSED received 1 response(s) and 0 exception(s):
2024-06-12 03:12:51,584 [0045c317-f62f-4f57-91f4-beda1a434bec@group-EA9261661438-LeaderElection7] INFO  impl.LeaderElection (LeaderElection.java:logAndReturn(93)) -   Response 0: 0045c317-f62f-4f57-91f4-beda1a434bec<-4ff6fc3e-a64b-47a9-abec-2b416c3c87bd#0:OK-t1
2024-06-12 03:12:51,584 [0045c317-f62f-4f57-91f4-beda1a434bec@group-EA9261661438-LeaderElection7] INFO  impl.LeaderElection (LeaderElection.java:askForVotes(323)) - 0045c317-f62f-4f57-91f4-beda1a434bec@group-EA9261661438-LeaderElection7 ELECTION round 0: result PASSED
2024-06-12 03:12:51,584 [0045c317-f62f-4f57-91f4-beda1a434bec@group-EA9261661438-LeaderElection7] INFO  impl.RoleInfo (RoleInfo.java:shutdownLeaderElection(130)) - 0045c317-f62f-4f57-91f4-beda1a434bec: shutdown 0045c317-f62f-4f57-91f4-beda1a434bec@group-EA9261661438-LeaderElection7
2024-06-12 03:12:51,584 [0045c317-f62f-4f57-91f4-beda1a434bec@group-EA9261661438-LeaderElection7] INFO  server.RaftServer$Division (RaftServerImpl.java:setRole(383)) - 0045c317-f62f-4f57-91f4-beda1a434bec@group-EA9261661438: changes role from CANDIDATE to LEADER at term 1 for changeToLeader
2024-06-12 03:12:51,584 [0045c317-f62f-4f57-91f4-beda1a434bec@group-EA9261661438-LeaderElection7] INFO  server.RaftServerConfigKeys (ConfUtils.java:logGet(46)) - raft.server.staging.catchup.gap = 1000 (default)
2024-06-12 03:12:51,584 [0045c317-f62f-4f57-91f4-beda1a434bec@group-EA9261661438-LeaderElection7] INFO  server.RaftServerConfigKeys (ConfUtils.java:logGet(46)) - raft.server.write.element-limit = 1024 (custom)
2024-06-12 03:12:51,585 [0045c317-f62f-4f57-91f4-beda1a434bec@group-EA9261661438-LeaderElection7] INFO  server.RaftServerConfigKeys (ConfUtils.java:logGet(46)) - raft.server.write.byte-limit = 1024 M (=1073741824) (custom)
2024-06-12 03:12:51,585 [0045c317-f62f-4f57-91f4-beda1a434bec@group-EA9261661438-LeaderElection7] INFO  server.RaftServerConfigKeys (ConfUtils.java:logGet(46)) - raft.server.watch.timeout = 30s (custom)
2024-06-12 03:12:51,585 [0045c317-f62f-4f57-91f4-beda1a434bec@group-EA9261661438-LeaderElection7] INFO  server.RaftServerConfigKeys (ConfUtils.java:logGet(46)) - raft.server.watch.timeout.denomination = 1s (default)
2024-06-12 03:12:51,585 [0045c317-f62f-4f57-91f4-beda1a434bec@group-EA9261661438-LeaderElection7] INFO  server.RaftServerConfigKeys (ConfUtils.java:logGet(46)) - raft.server.watch.element-limit = 65536 (default)
2024-06-12 03:12:51,585 [0045c317-f62f-4f57-91f4-beda1a434bec@group-EA9261661438-LeaderElection7] INFO  server.RaftServerConfigKeys (ConfUtils.java:logGet(46)) - raft.server.read.leader.lease.enabled = false (default)
2024-06-12 03:12:51,585 [0045c317-f62f-4f57-91f4-beda1a434bec@group-EA9261661438-LeaderElection7] INFO  server.RaftServerConfigKeys (ConfUtils.java:logGet(46)) - raft.server.read.leader.lease.timeout.ratio = 0.9 (default)
2024-06-12 03:12:51,585 [0045c317-f62f-4f57-91f4-beda1a434bec@group-EA9261661438-LeaderElection7] INFO  server.RaftServerConfigKeys (ConfUtils.java:logGet(46)) - raft.server.rpc.timeout.min = 5s (custom)
2024-06-12 03:12:51,585 [0045c317-f62f-4f57-91f4-beda1a434bec@group-EA9261661438-LeaderElection7] INFO  server.RaftServerConfigKeys (ConfUtils.java:logGet(46)) - raft.server.write.element-limit = 1024 (custom)
2024-06-12 03:12:51,585 [0045c317-f62f-4f57-91f4-beda1a434bec@group-EA9261661438-LeaderElection7] INFO  server.RaftServerConfigKeys (ConfUtils.java:logGet(46)) - raft.server.write.follower.gap.ratio.max = -1.0 (default)
2024-06-12 03:12:51,585 [0045c317-f62f-4f57-91f4-beda1a434bec@group-EA9261661438-LeaderElection7] INFO  server.RaftServerConfigKeys (ConfUtils.java:logGet(46)) - raft.server.log.appender.snapshot.chunk.size.max = 16MB (=16777216) (default)
2024-06-12 03:12:51,586 [0045c317-f62f-4f57-91f4-beda1a434bec@group-EA9261661438-LeaderElection7] INFO  server.RaftServerConfigKeys (ConfUtils.java:logGet(46)) - raft.server.log.appender.buffer.byte-limit = 8388608 (custom)
2024-06-12 03:12:51,586 [0045c317-f62f-4f57-91f4-beda1a434bec@group-EA9261661438-LeaderElection7] INFO  server.RaftServerConfigKeys (ConfUtils.java:logGet(46)) - raft.server.log.appender.buffer.element-limit = 1024 (custom)
2024-06-12 03:12:51,586 [0045c317-f62f-4f57-91f4-beda1a434bec@group-EA9261661438-LeaderElection7] INFO  server.RaftServerConfigKeys (ConfUtils.java:logGet(46)) - raft.server.log.appender.wait-time.min = 0μs (custom)
2024-06-12 03:12:51,586 [0045c317-f62f-4f57-91f4-beda1a434bec@group-EA9261661438-LeaderElection7] INFO  grpc.GrpcConfigKeys (ConfUtils.java:logGet(46)) - raft.grpc.server.leader.outstanding.appends.max = 8 (default)
2024-06-12 03:12:51,586 [0045c317-f62f-4f57-91f4-beda1a434bec@group-EA9261661438-LeaderElection7] INFO  server.RaftServerConfigKeys (ConfUtils.java:logGet(46)) - raft.server.rpc.request.timeout = 60s (custom)
2024-06-12 03:12:51,586 [0045c317-f62f-4f57-91f4-beda1a434bec@group-EA9261661438-LeaderElection7] INFO  grpc.GrpcConfigKeys (ConfUtils.java:logGet(46)) - raft.grpc.server.install_snapshot.request.element-limit = 8 (default)
2024-06-12 03:12:51,586 [0045c317-f62f-4f57-91f4-beda1a434bec@group-EA9261661438-LeaderElection7] INFO  grpc.GrpcConfigKeys (ConfUtils.java:logGet(46)) - raft.grpc.server.install_snapshot.request.timeout = 3000ms (default)
2024-06-12 03:12:51,586 [0045c317-f62f-4f57-91f4-beda1a434bec@group-EA9261661438-LeaderElection7] INFO  grpc.GrpcConfigKeys (ConfUtils.java:logGet(46)) - raft.grpc.server.log-message.batch.duration = 5s (default)
2024-06-12 03:12:51,586 [0045c317-f62f-4f57-91f4-beda1a434bec@group-EA9261661438-LeaderElection7] INFO  server.RaftServerConfigKeys (ConfUtils.java:logGet(46)) - raft.server.log.appender.install.snapshot.enabled = false (custom)
2024-06-12 03:12:51,587 [0045c317-f62f-4f57-91f4-beda1a434bec@group-EA9261661438-LeaderElection7] INFO  grpc.GrpcConfigKeys (ConfUtils.java:logGet(46)) - raft.grpc.server.heartbeat.channel = true (default)
2024-06-12 03:12:51,587 [grpc-default-executor-3] INFO  server.RaftServer$Division (RaftServerImpl.java:requestVote(1422)) - 15a53066-cbd8-4f19-b9a5-7cdb9ae22392@group-EA9261661438 replies to ELECTION vote request: 0045c317-f62f-4f57-91f4-beda1a434bec<-15a53066-cbd8-4f19-b9a5-7cdb9ae22392#0:OK-t1. Peer's state: 15a53066-cbd8-4f19-b9a5-7cdb9ae22392@group-EA9261661438:t1, leader=null, voted=0045c317-f62f-4f57-91f4-beda1a434bec, raftlog=Memoized:15a53066-cbd8-4f19-b9a5-7cdb9ae22392@group-EA9261661438-SegmentedRaftLog:OPENED:c-1, conf=-1: peers:[4ff6fc3e-a64b-47a9-abec-2b416c3c87bd|127.0.0.1:15014, 15a53066-cbd8-4f19-b9a5-7cdb9ae22392|127.0.0.1:15023, 0045c317-f62f-4f57-91f4-beda1a434bec|127.0.0.1:15032]|listeners:[], old=null
2024-06-12 03:12:51,588 [0045c317-f62f-4f57-91f4-beda1a434bec@group-EA9261661438-LeaderElection7] INFO  server.RaftServerConfigKeys (ConfUtils.java:logGet(46)) - raft.server.log.appender.snapshot.chunk.size.max = 16MB (=16777216) (default)
2024-06-12 03:12:51,588 [0045c317-f62f-4f57-91f4-beda1a434bec@group-EA9261661438-LeaderElection7] INFO  server.RaftServerConfigKeys (ConfUtils.java:logGet(46)) - raft.server.log.appender.buffer.byte-limit = 8388608 (custom)
2024-06-12 03:12:51,588 [0045c317-f62f-4f57-91f4-beda1a434bec@group-EA9261661438-LeaderElection7] INFO  server.RaftServerConfigKeys (ConfUtils.java:logGet(46)) - raft.server.log.appender.buffer.element-limit = 1024 (custom)
2024-06-12 03:12:51,588 [0045c317-f62f-4f57-91f4-beda1a434bec@group-EA9261661438-LeaderElection7] INFO  server.RaftServerConfigKeys (ConfUtils.java:logGet(46)) - raft.server.log.appender.wait-time.min = 0μs (custom)
2024-06-12 03:12:51,588 [0045c317-f62f-4f57-91f4-beda1a434bec@group-EA9261661438-LeaderElection7] INFO  grpc.GrpcConfigKeys (ConfUtils.java:logGet(46)) - raft.grpc.server.leader.outstanding.appends.max = 8 (default)
2024-06-12 03:12:51,588 [0045c317-f62f-4f57-91f4-beda1a434bec@group-EA9261661438-LeaderElection7] INFO  server.RaftServerConfigKeys (ConfUtils.java:logGet(46)) - raft.server.rpc.request.timeout = 60s (custom)
2024-06-12 03:12:51,588 [0045c317-f62f-4f57-91f4-beda1a434bec@group-EA9261661438-LeaderElection7] INFO  grpc.GrpcConfigKeys (ConfUtils.java:logGet(46)) - raft.grpc.server.install_snapshot.request.element-limit = 8 (default)
2024-06-12 03:12:51,588 [0045c317-f62f-4f57-91f4-beda1a434bec@group-EA9261661438-LeaderElection7] INFO  grpc.GrpcConfigKeys (ConfUtils.java:logGet(46)) - raft.grpc.server.install_snapshot.request.timeout = 3000ms (default)
2024-06-12 03:12:51,589 [0045c317-f62f-4f57-91f4-beda1a434bec@group-EA9261661438-LeaderElection7] INFO  grpc.GrpcConfigKeys (ConfUtils.java:logGet(46)) - raft.grpc.server.log-message.batch.duration = 5s (default)
2024-06-12 03:12:51,589 [0045c317-f62f-4f57-91f4-beda1a434bec@group-EA9261661438-LeaderElection7] INFO  server.RaftServerConfigKeys (ConfUtils.java:logGet(46)) - raft.server.log.appender.install.snapshot.enabled = false (custom)
2024-06-12 03:12:51,589 [0045c317-f62f-4f57-91f4-beda1a434bec@group-EA9261661438-LeaderElection7] INFO  grpc.GrpcConfigKeys (ConfUtils.java:logGet(46)) - raft.grpc.server.heartbeat.channel = true (default)
2024-06-12 03:12:51,589 [0045c317-f62f-4f57-91f4-beda1a434bec@group-EA9261661438-LeaderElection7] INFO  impl.RoleInfo (RoleInfo.java:updateAndGet(139)) - 0045c317-f62f-4f57-91f4-beda1a434bec: start 0045c317-f62f-4f57-91f4-beda1a434bec@group-EA9261661438-LeaderStateImpl
2024-06-12 03:12:51,589 [0045c317-f62f-4f57-91f4-beda1a434bec@group-EA9261661438-LeaderElection7] INFO  server.RaftServer$Division (RaftServerImpl.java:setFirstElection(574)) - 0045c317-f62f-4f57-91f4-beda1a434bec@group-EA9261661438: set firstElectionSinceStartup to false for becomeLeader
2024-06-12 03:12:51,589 [0045c317-f62f-4f57-91f4-beda1a434bec@group-EA9261661438-LeaderElection7] INFO  ratis.XceiverServerRatis (XceiverServerRatis.java:handleLeaderChangedNotification(966)) - Leader change notification received for group: group-EA9261661438 with new leaderId: 0045c317-f62f-4f57-91f4-beda1a434bec
2024-06-12 03:12:51,589 [0045c317-f62f-4f57-91f4-beda1a434bec@group-EA9261661438-LeaderElection7] INFO  server.RaftServer$Division (ServerState.java:setLeader(269)) - 0045c317-f62f-4f57-91f4-beda1a434bec@group-EA9261661438: change Leader from null to 0045c317-f62f-4f57-91f4-beda1a434bec at term 1 for becomeLeader, leader elected after 5283ms
2024-06-12 03:12:51,589 [0045c317-f62f-4f57-91f4-beda1a434bec@group-EA9261661438-LeaderElection7] INFO  segmented.SegmentedRaftLogWorker (SegmentedRaftLogWorker.java:startLogSegment(430)) - 0045c317-f62f-4f57-91f4-beda1a434bec@group-EA9261661438-SegmentedRaftLogWorker: Starting segment from index:0
2024-06-12 03:12:51,590 [0045c317-f62f-4f57-91f4-beda1a434bec@group-EA9261661438-LeaderElection7] INFO  server.RaftServer$Division (ServerState.java:setRaftConf(386)) - 0045c317-f62f-4f57-91f4-beda1a434bec@group-EA9261661438: set configuration 0: peers:[4ff6fc3e-a64b-47a9-abec-2b416c3c87bd|127.0.0.1:15014, 15a53066-cbd8-4f19-b9a5-7cdb9ae22392|127.0.0.1:15023, 0045c317-f62f-4f57-91f4-beda1a434bec|127.0.0.1:15032]|listeners:[], old=null
2024-06-12 03:12:51,590 [0045c317-f62f-4f57-91f4-beda1a434bec@group-EA9261661438-SegmentedRaftLogWorker] INFO  segmented.BufferedWriteChannel (BufferedWriteChannel.java:open(62)) - open log_inprogress_0 at position 0
2024-06-12 03:12:51,598 [0045c317-f62f-4f57-91f4-beda1a434bec@group-EA9261661438-SegmentedRaftLogWorker] INFO  segmented.SegmentedRaftLogWorker (SegmentedRaftLogWorker.java:execute(634)) - 0045c317-f62f-4f57-91f4-beda1a434bec@group-EA9261661438-SegmentedRaftLogWorker: created new log segment /home/runner/work/ozone/ozone/hadoop-ozone/integration-test/target/test-dir/MiniOzoneClusterImpl-2da4ef03-bf4e-4b68-9b16-b615eb45abb7/ozone-meta/datanode-3/ratis/3b8265a4-f975-4030-927c-ea9261661438/current/log_inprogress_0
2024-06-12 03:12:51,609 [4ff6fc3e-a64b-47a9-abec-2b416c3c87bd-server-thread1] INFO  ratis.XceiverServerRatis (XceiverServerRatis.java:handleLeaderChangedNotification(966)) - Leader change notification received for group: group-EA9261661438 with new leaderId: 0045c317-f62f-4f57-91f4-beda1a434bec
2024-06-12 03:12:51,610 [4ff6fc3e-a64b-47a9-abec-2b416c3c87bd-server-thread1] INFO  server.RaftServer$Division (ServerState.java:setLeader(269)) - 4ff6fc3e-a64b-47a9-abec-2b416c3c87bd@group-EA9261661438: change Leader from null to 0045c317-f62f-4f57-91f4-beda1a434bec at term 1 for appendEntries, leader elected after 5299ms
2024-06-12 03:12:51,623 [EventQueue-PipelineReportForPipelineReportHandler] INFO  pipeline.PipelineReportHandler (PipelineReportHandler.java:processPipelineReport(136)) - Opened pipeline PipelineID=3b8265a4-f975-4030-927c-ea9261661438
2024-06-12 03:12:51,636 [15a53066-cbd8-4f19-b9a5-7cdb9ae22392-server-thread1] INFO  ratis.XceiverServerRatis (XceiverServerRatis.java:handleLeaderChangedNotification(966)) - Leader change notification received for group: group-EA9261661438 with new leaderId: 0045c317-f62f-4f57-91f4-beda1a434bec
2024-06-12 03:12:51,636 [15a53066-cbd8-4f19-b9a5-7cdb9ae22392-server-thread1] INFO  server.RaftServer$Division (ServerState.java:setLeader(269)) - 15a53066-cbd8-4f19-b9a5-7cdb9ae22392@group-EA9261661438: change Leader from null to 0045c317-f62f-4f57-91f4-beda1a434bec at term 1 for appendEntries, leader elected after 5361ms
2024-06-12 03:12:51,639 [4ff6fc3e-a64b-47a9-abec-2b416c3c87bd-server-thread3] INFO  server.RaftServer$Division (ServerState.java:setRaftConf(386)) - 4ff6fc3e-a64b-47a9-abec-2b416c3c87bd@group-EA9261661438: set configuration 0: peers:[4ff6fc3e-a64b-47a9-abec-2b416c3c87bd|127.0.0.1:15014, 15a53066-cbd8-4f19-b9a5-7cdb9ae22392|127.0.0.1:15023, 0045c317-f62f-4f57-91f4-beda1a434bec|127.0.0.1:15032]|listeners:[], old=null
2024-06-12 03:12:51,639 [4ff6fc3e-a64b-47a9-abec-2b416c3c87bd-server-thread3] INFO  segmented.SegmentedRaftLogWorker (SegmentedRaftLogWorker.java:startLogSegment(430)) - 4ff6fc3e-a64b-47a9-abec-2b416c3c87bd@group-EA9261661438-SegmentedRaftLogWorker: Starting segment from index:0
2024-06-12 03:12:51,640 [4ff6fc3e-a64b-47a9-abec-2b416c3c87bd@group-EA9261661438-SegmentedRaftLogWorker] INFO  segmented.BufferedWriteChannel (BufferedWriteChannel.java:open(62)) - open log_inprogress_0 at position 0
2024-06-12 03:12:51,648 [4ff6fc3e-a64b-47a9-abec-2b416c3c87bd@group-EA9261661438-SegmentedRaftLogWorker] INFO  segmented.SegmentedRaftLogWorker (SegmentedRaftLogWorker.java:execute(634)) - 4ff6fc3e-a64b-47a9-abec-2b416c3c87bd@group-EA9261661438-SegmentedRaftLogWorker: created new log segment /home/runner/work/ozone/ozone/hadoop-ozone/integration-test/target/test-dir/MiniOzoneClusterImpl-2da4ef03-bf4e-4b68-9b16-b615eb45abb7/ozone-meta/datanode-1/ratis/3b8265a4-f975-4030-927c-ea9261661438/current/log_inprogress_0
2024-06-12 03:12:51,652 [0045c317-f62f-4f57-91f4-beda1a434bec@group-EA9261661438-StateMachineUpdater] INFO  server.RaftServer$Division (LeaderStateImpl.java:isApplied(320)) - leader is ready since appliedIndex == 0 >= startIndex == 0
2024-06-12 03:12:51,665 [15a53066-cbd8-4f19-b9a5-7cdb9ae22392-server-thread3] INFO  server.RaftServer$Division (ServerState.java:setRaftConf(386)) - 15a53066-cbd8-4f19-b9a5-7cdb9ae22392@group-EA9261661438: set configuration 0: peers:[4ff6fc3e-a64b-47a9-abec-2b416c3c87bd|127.0.0.1:15014, 15a53066-cbd8-4f19-b9a5-7cdb9ae22392|127.0.0.1:15023, 0045c317-f62f-4f57-91f4-beda1a434bec|127.0.0.1:15032]|listeners:[], old=null
2024-06-12 03:12:51,665 [15a53066-cbd8-4f19-b9a5-7cdb9ae22392-server-thread3] INFO  segmented.SegmentedRaftLogWorker (SegmentedRaftLogWorker.java:startLogSegment(430)) - 15a53066-cbd8-4f19-b9a5-7cdb9ae22392@group-EA9261661438-SegmentedRaftLogWorker: Starting segment from index:0
2024-06-12 03:12:51,666 [15a53066-cbd8-4f19-b9a5-7cdb9ae22392@group-EA9261661438-SegmentedRaftLogWorker] INFO  segmented.BufferedWriteChannel (BufferedWriteChannel.java:open(62)) - open log_inprogress_0 at position 0
2024-06-12 03:12:51,674 [15a53066-cbd8-4f19-b9a5-7cdb9ae22392@group-EA9261661438-SegmentedRaftLogWorker] INFO  segmented.SegmentedRaftLogWorker (SegmentedRaftLogWorker.java:execute(634)) - 15a53066-cbd8-4f19-b9a5-7cdb9ae22392@group-EA9261661438-SegmentedRaftLogWorker: created new log segment /home/runner/work/ozone/ozone/hadoop-ozone/integration-test/target/test-dir/MiniOzoneClusterImpl-2da4ef03-bf4e-4b68-9b16-b615eb45abb7/ozone-meta/datanode-2/ratis/3b8265a4-f975-4030-927c-ea9261661438/current/log_inprogress_0
2024-06-12 03:12:51,705 [IPC Server handler 1 on default port 15001] INFO  ha.SequenceIdGenerator (SequenceIdGenerator.java:getNextId(144)) - Allocate a batch for containerId, change lastId from 0 to 1000.
2024-06-12 03:12:51,710 [IPC Server handler 1 on default port 15001] WARN  ha.SequenceIdGenerator (SequenceIdGenerator.java:allocateBatch(257)) - Failed to allocate a batch for localId, expected lastId is 0, actual lastId is 113750153625600000.
2024-06-12 03:12:51,711 [IPC Server handler 1 on default port 15001] INFO  ha.SequenceIdGenerator (SequenceIdGenerator.java:getNextId(144)) - Allocate a batch for localId, change lastId from 113750153625600000 to 113750153625601000.
2024-06-12 03:12:51,764 [main] INFO  impl.MetricsSystemImpl (MetricsSystemImpl.java:init(158)) - XceiverClientMetrics metrics system started (again)
2024-06-12 03:12:52,547 [main] INFO  snapshot.TestSnapshotDirectoryCleaningService (TestSnapshotDirectoryCleaningService.java:lambda$assertTableRowCount$3(263)) - fileTable actual row count=14, expectedCount=14
2024-06-12 03:12:52,549 [main] INFO  snapshot.TestSnapshotDirectoryCleaningService (TestSnapshotDirectoryCleaningService.java:lambda$assertTableRowCount$3(263)) - directoryTable actual row count=13, expectedCount=13
2024-06-12 03:12:52,570 [om1-OMStateMachineApplyTransactionThread - 0] WARN  snapshot.OMSnapshotCreateRequest (OMSnapshotCreateRequest.java:estimateBucketDataSize(337)) - DefaultReplicationConfig is not correctly set in OmBucketInfo for volume 'volume34791' bucket 'bucket24814'. Falling back to config default 'RATIS/THREE'
2024-06-12 03:12:52,574 [om1-OMStateMachineApplyTransactionThread - 0] INFO  snapshot.OMSnapshotCreateRequest (OMSnapshotCreateRequest.java:validateAndUpdateCache(218)) - Created snapshot: 'snap1' with snapshotId: '7dbb35f3-ad45-4f2c-b619-aa8807cdb843' under path 'volume34791/bucket24814'
2024-06-12 03:12:52,626 [om1-OMDoubleBufferFlushThread] INFO  db.RDBCheckpointManager (RDBCheckpointManager.java:createCheckpoint(89)) - Created checkpoint in rocksDB at /home/runner/work/ozone/ozone/hadoop-ozone/integration-test/target/test-dir/MiniOzoneClusterImpl-2da4ef03-bf4e-4b68-9b16-b615eb45abb7/ozone-meta/db.snapshots/checkpointState/om.db-7dbb35f3-ad45-4f2c-b619-aa8807cdb843 in 49 milliseconds
2024-06-12 03:12:52,630 [om1-OMDoubleBufferFlushThread] INFO  om.OmSnapshotManager (OmSnapshotManager.java:createOmSnapshotCheckpoint(499)) - Created checkpoint : /home/runner/work/ozone/ozone/hadoop-ozone/integration-test/target/test-dir/MiniOzoneClusterImpl-2da4ef03-bf4e-4b68-9b16-b615eb45abb7/ozone-meta/db.snapshots/checkpointState/om.db-7dbb35f3-ad45-4f2c-b619-aa8807cdb843 for snapshot snap1
2024-06-12 03:12:53,207 [main] INFO  snapshot.TestSnapshotDirectoryCleaningService (TestSnapshotDirectoryCleaningService.java:lambda$assertTableRowCount$3(263)) - deletedDirectoryTable actual row count=0, expectedCount=0
2024-06-12 03:12:53,212 [main] INFO  snapshot.TestSnapshotDirectoryCleaningService (TestSnapshotDirectoryCleaningService.java:lambda$assertTableRowCount$3(263)) - fileTable actual row count=34, expectedCount=34
2024-06-12 03:12:53,213 [main] INFO  snapshot.TestSnapshotDirectoryCleaningService (TestSnapshotDirectoryCleaningService.java:lambda$assertTableRowCount$3(263)) - directoryTable actual row count=13, expectedCount=13
2024-06-12 03:12:53,226 [main] INFO  snapshot.TestSnapshotDirectoryCleaningService (TestSnapshotDirectoryCleaningService.java:lambda$assertTableRowCount$3(263)) - deletedDirectoryTable actual row count=1, expectedCount=1
2024-06-12 03:12:53,249 [om1-OMStateMachineApplyTransactionThread - 0] WARN  snapshot.OMSnapshotCreateRequest (OMSnapshotCreateRequest.java:estimateBucketDataSize(337)) - DefaultReplicationConfig is not correctly set in OmBucketInfo for volume 'volume34791' bucket 'bucket24814'. Falling back to config default 'RATIS/THREE'
2024-06-12 03:12:53,250 [om1-OMStateMachineApplyTransactionThread - 0] INFO  snapshot.OMSnapshotCreateRequest (OMSnapshotCreateRequest.java:validateAndUpdateCache(218)) - Created snapshot: 'snap2' with snapshotId: '13adfc47-1d79-4f4e-8c15-0b0f2096140c' under path 'volume34791/bucket24814'
2024-06-12 03:12:53,286 [om1-OMDoubleBufferFlushThread] INFO  db.RDBCheckpointManager (RDBCheckpointManager.java:createCheckpoint(89)) - Created checkpoint in rocksDB at /home/runner/work/ozone/ozone/hadoop-ozone/integration-test/target/test-dir/MiniOzoneClusterImpl-2da4ef03-bf4e-4b68-9b16-b615eb45abb7/ozone-meta/db.snapshots/checkpointState/om.db-13adfc47-1d79-4f4e-8c15-0b0f2096140c in 34 milliseconds
2024-06-12 03:12:53,287 [om1-OMDoubleBufferFlushThread] WARN  om.OmSnapshotManager (OmSnapshotManager.java:performOperationOnKeys(566)) - Took 434102 ns to find endKey. Caller is deleteKeysFromDelDirTableInSnapshotScope
2024-06-12 03:12:53,287 [om1-OMDoubleBufferFlushThread] INFO  om.OmSnapshotManager (OmSnapshotManager.java:createOmSnapshotCheckpoint(499)) - Created checkpoint : /home/runner/work/ozone/ozone/hadoop-ozone/integration-test/target/test-dir/MiniOzoneClusterImpl-2da4ef03-bf4e-4b68-9b16-b615eb45abb7/ozone-meta/db.snapshots/checkpointState/om.db-13adfc47-1d79-4f4e-8c15-0b0f2096140c for snapshot snap2
2024-06-12 03:12:53,298 [om1-KeyDeletingService#0] INFO  snapshot.SnapshotCache (SnapshotCache.java:lambda$2(156)) - Loading SnapshotId: '13adfc47-1d79-4f4e-8c15-0b0f2096140c'
2024-06-12 03:12:53,299 [om1-KeyDeletingService#0] WARN  server.ServerUtils (ServerUtils.java:getDBPath(299)) - ozone.om.db.dirs is not configured. We recommend adding this setting. Falling back to ozone.metadata.dirs instead.
2024-06-12 03:12:53,299 [om1-KeyDeletingService#0] INFO  helpers.OmKeyInfo (OmKeyInfo.java:getCodec(72)) - OmKeyInfo.getCodec ignorePipeline = true
2024-06-12 03:12:53,301 [om1-SnapshotDirectoryCleaningService#0] INFO  snapshot.SnapshotCache (SnapshotCache.java:lambda$2(156)) - Loading SnapshotId: '7dbb35f3-ad45-4f2c-b619-aa8807cdb843'
2024-06-12 03:12:53,302 [om1-SnapshotDirectoryCleaningService#0] WARN  server.ServerUtils (ServerUtils.java:getDBPath(299)) - ozone.om.db.dirs is not configured. We recommend adding this setting. Falling back to ozone.metadata.dirs instead.
2024-06-12 03:12:53,302 [om1-SnapshotDirectoryCleaningService#0] INFO  helpers.OmKeyInfo (OmKeyInfo.java:getCodec(72)) - OmKeyInfo.getCodec ignorePipeline = true
2024-06-12 03:12:53,326 [main] INFO  snapshot.TestSnapshotDirectoryCleaningService (TestSnapshotDirectoryCleaningService.java:lambda$assertTableRowCount$3(263)) - deletedTable actual row count=10, expectedCount=10
2024-06-12 03:12:53,343 [om1-OMStateMachineApplyTransactionThread - 0] WARN  snapshot.OMSnapshotCreateRequest (OMSnapshotCreateRequest.java:estimateBucketDataSize(337)) - DefaultReplicationConfig is not correctly set in OmBucketInfo for volume 'volume34791' bucket 'bucket24814'. Falling back to config default 'RATIS/THREE'
2024-06-12 03:12:53,343 [om1-OMStateMachineApplyTransactionThread - 0] INFO  snapshot.OMSnapshotCreateRequest (OMSnapshotCreateRequest.java:validateAndUpdateCache(218)) - Created snapshot: 'snap3' with snapshotId: '624b878d-0956-41d2-ad98-1ba31556addd' under path 'volume34791/bucket24814'
2024-06-12 03:12:53,361 [om1-SnapshotDirectoryCleaningService#0] INFO  audit.AuditLogger (AuditLogger.java:refreshDebugCmdSet(135)) - Refresh DebugCmdSet for OMAudit to [].
2024-06-12 03:12:53,369 [om1-OMStateMachineApplyTransactionThread - 0] INFO  snapshot.OMSnapshotSetPropertyRequest (OMSnapshotSetPropertyRequest.java:validateAndUpdateCache(123)) - Successfully executed snapshotSetPropertyRequest: {snapshotKey: "/volume34791/bucket24814/snap1"
deepCleanedDeletedDir: true
}.
2024-06-12 03:12:53,377 [om1-KeyDeletingService#0] INFO  snapshot.SnapshotCache (SnapshotCache.java:lambda$2(156)) - Loading SnapshotId: '624b878d-0956-41d2-ad98-1ba31556addd'
2024-06-12 03:12:53,378 [om1-KeyDeletingService#0] WARN  server.ServerUtils (ServerUtils.java:getDBPath(299)) - ozone.om.db.dirs is not configured. We recommend adding this setting. Falling back to ozone.metadata.dirs instead.
2024-06-12 03:12:53,389 [IPC Server handler 16 on default port 15001] INFO  ha.SequenceIdGenerator (SequenceIdGenerator.java:getNextId(144)) - Allocate a batch for delTxnId, change lastId from 0 to 1000.
2024-06-12 03:12:53,432 [om1-OMStateMachineApplyTransactionThread - 0] INFO  snapshot.OMSnapshotSetPropertyRequest (OMSnapshotSetPropertyRequest.java:validateAndUpdateCache(123)) - Successfully executed snapshotSetPropertyRequest: {snapshotKey: "/volume34791/bucket24814/snap2"
deepCleanedDeletedDir: true
}.
2024-06-12 03:12:53,434 [om1-OMStateMachineApplyTransactionThread - 0] INFO  snapshot.OMSnapshotSetPropertyRequest (OMSnapshotSetPropertyRequest.java:validateAndUpdateCache(123)) - Successfully executed snapshotSetPropertyRequest: {snapshotKey: "/volume34791/bucket24814/snap1"
snapshotSize {
  exclusiveSize: 3
  exclusiveReplicatedSize: 9
}
}.
2024-06-12 03:12:55,803 [om1-OMStateMachineApplyTransactionThread - 0] INFO  snapshot.OMSnapshotSetPropertyRequest (OMSnapshotSetPropertyRequest.java:validateAndUpdateCache(123)) - Successfully executed snapshotSetPropertyRequest: {snapshotKey: "/volume34791/bucket24814/snap1"
deepCleanedDeletedDir: true
}.
2024-06-12 03:12:55,844 [om1-OMStateMachineApplyTransactionThread - 0] INFO  snapshot.OMSnapshotSetPropertyRequest (OMSnapshotSetPropertyRequest.java:validateAndUpdateCache(123)) - Successfully executed snapshotSetPropertyRequest: {snapshotKey: "/volume34791/bucket24814/snap2"
deepCleanedDeletedDir: true
}.
2024-06-12 03:12:55,846 [om1-OMStateMachineApplyTransactionThread - 0] INFO  snapshot.OMSnapshotSetPropertyRequest (OMSnapshotSetPropertyRequest.java:validateAndUpdateCache(123)) - Successfully executed snapshotSetPropertyRequest: {snapshotKey: "/volume34791/bucket24814/snap1"
snapshotSize {
  exclusiveSize: 3
  exclusiveReplicatedSize: 9
}
}.
2024-06-12 03:12:58,303 [om1-OMStateMachineApplyTransactionThread - 0] INFO  snapshot.OMSnapshotSetPropertyRequest (OMSnapshotSetPropertyRequest.java:validateAndUpdateCache(123)) - Successfully executed snapshotSetPropertyRequest: {snapshotKey: "/volume34791/bucket24814/snap1"
deepCleanedDeletedDir: true
}.
2024-06-12 03:12:58,333 [om1-OMStateMachineApplyTransactionThread - 0] INFO  snapshot.OMSnapshotSetPropertyRequest (OMSnapshotSetPropertyRequest.java:validateAndUpdateCache(123)) - Successfully executed snapshotSetPropertyRequest: {snapshotKey: "/volume34791/bucket24814/snap2"
deepCleanedDeletedDir: true
}.
2024-06-12 03:12:58,335 [om1-OMStateMachineApplyTransactionThread - 0] INFO  snapshot.OMSnapshotSetPropertyRequest (OMSnapshotSetPropertyRequest.java:validateAndUpdateCache(123)) - Successfully executed snapshotSetPropertyRequest: {snapshotKey: "/volume34791/bucket24814/snap1"
snapshotSize {
  exclusiveSize: 3
  exclusiveReplicatedSize: 9
}
}.
2024-06-12 03:13:00,803 [om1-OMStateMachineApplyTransactionThread - 0] INFO  snapshot.OMSnapshotSetPropertyRequest (OMSnapshotSetPropertyRequest.java:validateAndUpdateCache(123)) - Successfully executed snapshotSetPropertyRequest: {snapshotKey: "/volume34791/bucket24814/snap1"
deepCleanedDeletedDir: true
}.
2024-06-12 03:13:00,838 [om1-OMStateMachineApplyTransactionThread - 0] INFO  snapshot.OMSnapshotSetPropertyRequest (OMSnapshotSetPropertyRequest.java:validateAndUpdateCache(123)) - Successfully executed snapshotSetPropertyRequest: {snapshotKey: "/volume34791/bucket24814/snap2"
deepCleanedDeletedDir: true
}.
2024-06-12 03:13:00,839 [om1-OMStateMachineApplyTransactionThread - 0] INFO  snapshot.OMSnapshotSetPropertyRequest (OMSnapshotSetPropertyRequest.java:validateAndUpdateCache(123)) - Successfully executed snapshotSetPropertyRequest: {snapshotKey: "/volume34791/bucket24814/snap1"
snapshotSize {
  exclusiveSize: 3
  exclusiveReplicatedSize: 9
}
}.
]]></system-out>
  </testcase>
</testsuite>