<?xml version="1.0" encoding="UTF-8"?>
<testsuite xmlns:xsi="http://www.w3.org/2001/XMLSchema-instance" xsi:noNamespaceSchemaLocation="https://maven.apache.org/surefire/maven-surefire-plugin/xsd/surefire-test-report.xsd" name="org.apache.hadoop.hdds.upgrade.TestHDDSUpgrade" time="477.266" tests="13" errors="0" skipped="4" failures="1">
  <properties>
    <property name="awt.toolkit" value="sun.awt.X11.XToolkit"/>
    <property name="file.encoding.pkg" value="sun.io"/>
    <property name="java.specification.version" value="1.8"/>
    <property name="sun.cpu.isalist" value=""/>
    <property name="sun.jnu.encoding" value="UTF-8"/>
    <property name="java.class.path" value="/home/runner/work/ozone/ozone/hadoop-ozone/integration-test/target/test-classes:/home/runner/work/ozone/ozone/hadoop-ozone/integration-test/target/classes:/home/runner/.m2/repository/org/apache/ozone/ozone-common/1.3.0-SNAPSHOT/ozone-common-1.3.0-SNAPSHOT.jar:/home/runner/.m2/repository/org/apache/commons/commons-compress/1.21/commons-compress-1.21.jar:/home/runner/.m2/repository/org/apache/ozone/hdds-common/1.3.0-SNAPSHOT/hdds-common-1.3.0-SNAPSHOT.jar:/home/runner/.m2/repository/org/apache/ozone/hdds-client/1.3.0-SNAPSHOT/hdds-client-1.3.0-SNAPSHOT.jar:/home/runner/.m2/repository/org/apache/ozone/ozone-interface-client/1.3.0-SNAPSHOT/ozone-interface-client-1.3.0-SNAPSHOT.jar:/home/runner/.m2/repository/org/apache/ozone/hdds-test-utils/1.3.0-SNAPSHOT/hdds-test-utils-1.3.0-SNAPSHOT.jar:/home/runner/.m2/repository/com/google/guava/guava/30.1.1-jre/guava-30.1.1-jre.jar:/home/runner/.m2/repository/com/google/guava/failureaccess/1.0.1/failureaccess-1.0.1.jar:/home/runner/.m2/repository/com/google/guava/listenablefuture/9999.0-empty-to-avoid-conflict-with-guava/listenablefuture-9999.0-empty-to-avoid-conflict-with-guava.jar:/home/runner/.m2/repository/com/google/code/findbugs/jsr305/3.0.0/jsr305-3.0.0.jar:/home/runner/.m2/repository/org/checkerframework/checker-qual/3.8.0/checker-qual-3.8.0.jar:/home/runner/.m2/repository/com/google/errorprone/error_prone_annotations/2.2.0/error_prone_annotations-2.2.0.jar:/home/runner/.m2/repository/com/google/j2objc/j2objc-annotations/1.3/j2objc-annotations-1.3.jar:/home/runner/.m2/repository/commons-io/commons-io/2.11.0/commons-io-2.11.0.jar:/home/runner/.m2/repository/commons-logging/commons-logging/1.2/commons-logging-1.2.jar:/home/runner/.m2/repository/log4j/log4j/1.2.17/log4j-1.2.17.jar:/home/runner/.m2/repository/org/slf4j/slf4j-api/1.7.30/slf4j-api-1.7.30.jar:/home/runner/.m2/repository/org/apache/ozone/hdds-server-scm/1.3.0-SNAPSHOT/hdds-server-scm-1.3.0-SNAPSHOT.jar:/home/runner/.m2/repository/org/apache/ozone/hdds-container-service/1.3.0-SNAPSHOT/hdds-container-service-1.3.0-SNAPSHOT.jar:/home/runner/.m2/repository/org/apache/ozone/hdds-hadoop-dependency-server/1.3.0-SNAPSHOT/hdds-hadoop-dependency-server-1.3.0-SNAPSHOT.jar:/home/runner/.m2/repository/org/apache/hadoop/hadoop-hdfs/3.3.1/hadoop-hdfs-3.3.1.jar:/home/runner/.m2/repository/org/apache/ozone/hdds-server-framework/1.3.0-SNAPSHOT/hdds-server-framework-1.3.0-SNAPSHOT.jar:/home/runner/.m2/repository/org/apache/ozone/hdds-interface-server/1.3.0-SNAPSHOT/hdds-interface-server-1.3.0-SNAPSHOT.jar:/home/runner/.m2/repository/org/eclipse/jetty/jetty-servlet/9.4.43.v20210629/jetty-servlet-9.4.43.v20210629.jar:/home/runner/.m2/repository/org/eclipse/jetty/jetty-security/9.4.43.v20210629/jetty-security-9.4.43.v20210629.jar:/home/runner/.m2/repository/org/rocksdb/rocksdbjni/6.25.3/rocksdbjni-6.25.3.jar:/home/runner/.m2/repository/io/prometheus/simpleclient_dropwizard/0.7.0/simpleclient_dropwizard-0.7.0.jar:/home/runner/.m2/repository/io/prometheus/simpleclient/0.7.0/simpleclient-0.7.0.jar:/home/runner/.m2/repository/io/prometheus/simpleclient_common/0.7.0/simpleclient_common-0.7.0.jar:/home/runner/.m2/repository/com/fasterxml/jackson/datatype/jackson-datatype-jsr310/2.12.1/jackson-datatype-jsr310-2.12.1.jar:/home/runner/.m2/repository/io/dropwizard/metrics/metrics-core/3.2.4/metrics-core-3.2.4.jar:/home/runner/.m2/repository/org/apache/hadoop/hadoop-hdfs-client/3.3.1/hadoop-hdfs-client-3.3.1.jar:/home/runner/.m2/repository/org/bouncycastle/bcprov-jdk15on/1.67/bcprov-jdk15on-1.67.jar:/home/runner/.m2/repository/com/google/protobuf/protobuf-java/2.5.0/protobuf-java-2.5.0.jar:/home/runner/.m2/repository/org/apache/ozone/ozone-manager/1.3.0-SNAPSHOT/ozone-manager-1.3.0-SNAPSHOT.jar:/home/runner/.m2/repository/org/aspectj/aspectjrt/1.9.7/aspectjrt-1.9.7.jar:/home/runner/.m2/repository/org/aspectj/aspectjweaver/1.9.7/aspectjweaver-1.9.7.jar:/home/runner/.m2/repository/org/apache/ozone/hdds-interface-client/1.3.0-SNAPSHOT/hdds-interface-client-1.3.0-SNAPSHOT.jar:/home/runner/.m2/repository/org/apache/hadoop/thirdparty/hadoop-shaded-protobuf_3_7/1.1.1/hadoop-shaded-protobuf_3_7-1.1.1.jar:/home/runner/.m2/repository/org/apache/ozone/ozone-interface-storage/1.3.0-SNAPSHOT/ozone-interface-storage-1.3.0-SNAPSHOT.jar:/home/runner/.m2/repository/org/reflections/reflections/0.9.11/reflections-0.9.11.jar:/home/runner/.m2/repository/org/apache/hadoop/hadoop-minikdc/3.3.1/hadoop-minikdc-3.3.1.jar:/home/runner/.m2/repository/org/apache/kerby/kerb-simplekdc/1.0.1/kerb-simplekdc-1.0.1.jar:/home/runner/.m2/repository/org/apache/kerby/kerb-client/1.0.1/kerb-client-1.0.1.jar:/home/runner/.m2/repository/org/apache/kerby/kerby-config/1.0.1/kerby-config-1.0.1.jar:/home/runner/.m2/repository/org/apache/kerby/kerb-common/1.0.1/kerb-common-1.0.1.jar:/home/runner/.m2/repository/org/apache/kerby/kerb-crypto/1.0.1/kerb-crypto-1.0.1.jar:/home/runner/.m2/repository/org/apache/kerby/kerb-util/1.0.1/kerb-util-1.0.1.jar:/home/runner/.m2/repository/org/apache/kerby/token-provider/1.0.1/token-provider-1.0.1.jar:/home/runner/.m2/repository/org/apache/kerby/kerb-admin/1.0.1/kerb-admin-1.0.1.jar:/home/runner/.m2/repository/org/apache/kerby/kerb-server/1.0.1/kerb-server-1.0.1.jar:/home/runner/.m2/repository/org/apache/kerby/kerb-identity/1.0.1/kerb-identity-1.0.1.jar:/home/runner/.m2/repository/org/apache/kerby/kerby-xdr/1.0.1/kerby-xdr-1.0.1.jar:/home/runner/.m2/repository/org/slf4j/slf4j-log4j12/1.7.30/slf4j-log4j12-1.7.30.jar:/home/runner/.m2/repository/org/apache/ozone/ozone-s3gateway/1.3.0-SNAPSHOT/ozone-s3gateway-1.3.0-SNAPSHOT.jar:/home/runner/.m2/repository/org/javassist/javassist/3.21.0-GA/javassist-3.21.0-GA.jar:/home/runner/.m2/repository/org/jboss/weld/servlet/weld-servlet/2.4.7.Final/weld-servlet-2.4.7.Final.jar:/home/runner/.m2/repository/org/glassfish/jersey/containers/jersey-container-servlet-core/2.33/jersey-container-servlet-core-2.33.jar:/home/runner/.m2/repository/org/glassfish/hk2/external/jakarta.inject/2.6.1/jakarta.inject-2.6.1.jar:/home/runner/.m2/repository/org/glassfish/jersey/core/jersey-common/2.33/jersey-common-2.33.jar:/home/runner/.m2/repository/jakarta/ws/rs/jakarta.ws.rs-api/2.1.6/jakarta.ws.rs-api-2.1.6.jar:/home/runner/.m2/repository/org/glassfish/jersey/ext/cdi/jersey-cdi1x/2.33/jersey-cdi1x-2.33.jar:/home/runner/.m2/repository/org/glassfish/jersey/inject/jersey-hk2/2.33/jersey-hk2-2.33.jar:/home/runner/.m2/repository/org/glassfish/hk2/hk2-locator/2.6.1/hk2-locator-2.6.1.jar:/home/runner/.m2/repository/org/glassfish/jersey/media/jersey-media-jaxb/2.33/jersey-media-jaxb-2.33.jar:/home/runner/.m2/repository/org/glassfish/hk2/osgi-resource-locator/1.0.3/osgi-resource-locator-1.0.3.jar:/home/runner/.m2/repository/org/glassfish/hk2/hk2-api/2.5.0/hk2-api-2.5.0.jar:/home/runner/.m2/repository/org/glassfish/hk2/hk2-utils/2.5.0/hk2-utils-2.5.0.jar:/home/runner/.m2/repository/org/glassfish/hk2/external/aopalliance-repackaged/2.5.0/aopalliance-repackaged-2.5.0.jar:/home/runner/.m2/repository/com/fasterxml/jackson/dataformat/jackson-dataformat-xml/2.12.1/jackson-dataformat-xml-2.12.1.jar:/home/runner/.m2/repository/com/fasterxml/jackson/core/jackson-core/2.12.1/jackson-core-2.12.1.jar:/home/runner/.m2/repository/com/fasterxml/jackson/module/jackson-module-jaxb-annotations/2.12.1/jackson-module-jaxb-annotations-2.12.1.jar:/home/runner/.m2/repository/jakarta/xml/bind/jakarta.xml.bind-api/2.3.2/jakarta.xml.bind-api-2.3.2.jar:/home/runner/.m2/repository/org/codehaus/woodstox/stax2-api/3.1.4/stax2-api-3.1.4.jar:/home/runner/.m2/repository/com/fasterxml/woodstox/woodstox-core/5.0.3/woodstox-core-5.0.3.jar:/home/runner/.m2/repository/javax/enterprise/cdi-api/1.2/cdi-api-1.2.jar:/home/runner/.m2/repository/javax/el/javax.el-api/3.0.0/javax.el-api-3.0.0.jar:/home/runner/.m2/repository/javax/interceptor/javax.interceptor-api/1.2/javax.interceptor-api-1.2.jar:/home/runner/.m2/repository/javax/inject/javax.inject/1/javax.inject-1.jar:/home/runner/.m2/repository/javax/xml/bind/jaxb-api/2.3.0/jaxb-api-2.3.0.jar:/home/runner/.m2/repository/org/glassfish/jaxb/jaxb-runtime/2.3.0.1/jaxb-runtime-2.3.0.1.jar:/home/runner/.m2/repository/org/glassfish/jaxb/jaxb-core/2.3.0.1/jaxb-core-2.3.0.1.jar:/home/runner/.m2/repository/org/glassfish/jaxb/txw2/2.3.0.1/txw2-2.3.0.1.jar:/home/runner/.m2/repository/com/sun/istack/istack-commons-runtime/3.0.5/istack-commons-runtime-3.0.5.jar:/home/runner/.m2/repository/org/jvnet/staxex/stax-ex/1.7.8/stax-ex-1.7.8.jar:/home/runner/.m2/repository/com/sun/xml/fastinfoset/FastInfoset/1.2.13/FastInfoset-1.2.13.jar:/home/runner/.m2/repository/javax/activation/activation/1.1.1/activation-1.1.1.jar:/home/runner/.m2/repository/org/apache/ozone/ozone-csi/1.3.0-SNAPSHOT/ozone-csi-1.3.0-SNAPSHOT.jar:/home/runner/.m2/repository/com/google/protobuf/protobuf-java-util/3.12.0/protobuf-java-util-3.12.0.jar:/home/runner/.m2/repository/com/google/code/gson/gson/2.2.4/gson-2.2.4.jar:/home/runner/.m2/repository/org/apache/ozone/hdds-config/1.3.0-SNAPSHOT/hdds-config-1.3.0-SNAPSHOT.jar:/home/runner/.m2/repository/io/grpc/grpc-netty/1.33.0/grpc-netty-1.33.0.jar:/home/runner/.m2/repository/io/grpc/grpc-core/1.33.0/grpc-core-1.33.0.jar:/home/runner/.m2/repository/com/google/android/annotations/4.1.1.4/annotations-4.1.1.4.jar:/home/runner/.m2/repository/io/netty/netty-codec-http2/4.1.63.Final/netty-codec-http2-4.1.63.Final.jar:/home/runner/.m2/repository/io/netty/netty-codec-http/4.1.63.Final/netty-codec-http-4.1.63.Final.jar:/home/runner/.m2/repository/io/netty/netty-handler-proxy/4.1.63.Final/netty-handler-proxy-4.1.63.Final.jar:/home/runner/.m2/repository/io/netty/netty-codec-socks/4.1.63.Final/netty-codec-socks-4.1.63.Final.jar:/home/runner/.m2/repository/io/perfmark/perfmark-api/0.19.0/perfmark-api-0.19.0.jar:/home/runner/.m2/repository/org/codehaus/mojo/animal-sniffer-annotations/1.18/animal-sniffer-annotations-1.18.jar:/home/runner/.m2/repository/io/netty/netty-transport-native-epoll/4.1.63.Final/netty-transport-native-epoll-4.1.63.Final.jar:/home/runner/.m2/repository/io/netty/netty-common/4.1.63.Final/netty-common-4.1.63.Final.jar:/home/runner/.m2/repository/io/netty/netty-buffer/4.1.63.Final/netty-buffer-4.1.63.Final.jar:/home/runner/.m2/repository/io/netty/netty-transport-native-unix-common/4.1.63.Final/netty-transport-native-unix-common-4.1.63.Final.jar:/home/runner/.m2/repository/io/grpc/grpc-protobuf/1.33.0/grpc-protobuf-1.33.0.jar:/home/runner/.m2/repository/io/grpc/grpc-api/1.33.0/grpc-api-1.33.0.jar:/home/runner/.m2/repository/io/grpc/grpc-context/1.33.0/grpc-context-1.33.0.jar:/home/runner/.m2/repository/com/google/api/grpc/proto-google-common-protos/1.17.0/proto-google-common-protos-1.17.0.jar:/home/runner/.m2/repository/io/grpc/grpc-protobuf-lite/1.33.0/grpc-protobuf-lite-1.33.0.jar:/home/runner/.m2/repository/io/grpc/grpc-stub/1.33.0/grpc-stub-1.33.0.jar:/home/runner/.m2/repository/org/apache/ozone/ozone-recon/1.3.0-SNAPSHOT/ozone-recon-1.3.0-SNAPSHOT.jar:/home/runner/.m2/repository/org/apache/ozone/ozone-reconcodegen/1.3.0-SNAPSHOT/ozone-reconcodegen-1.3.0-SNAPSHOT.jar:/home/runner/.m2/repository/com/google/inject/extensions/guice-multibindings/4.0/guice-multibindings-4.0.jar:/home/runner/.m2/repository/com/google/inject/guice/4.0/guice-4.0.jar:/home/runner/.m2/repository/aopalliance/aopalliance/1.0/aopalliance-1.0.jar:/home/runner/.m2/repository/com/google/inject/extensions/guice-assistedinject/4.0/guice-assistedinject-4.0.jar:/home/runner/.m2/repository/com/google/inject/extensions/guice-servlet/4.0/guice-servlet-4.0.jar:/home/runner/.m2/repository/org/glassfish/jersey/containers/jersey-container-servlet/2.33/jersey-container-servlet-2.33.jar:/home/runner/.m2/repository/org/glassfish/hk2/guice-bridge/2.5.0/guice-bridge-2.5.0.jar:/home/runner/.m2/repository/org/glassfish/jersey/core/jersey-server/2.33/jersey-server-2.33.jar:/home/runner/.m2/repository/org/glassfish/jersey/core/jersey-client/2.33/jersey-client-2.33.jar:/home/runner/.m2/repository/jakarta/annotation/jakarta.annotation-api/1.3.5/jakarta.annotation-api-1.3.5.jar:/home/runner/.m2/repository/jakarta/validation/jakarta.validation-api/2.0.2/jakarta.validation-api-2.0.2.jar:/home/runner/.m2/repository/org/glassfish/jersey/media/jersey-media-json-jackson/2.33/jersey-media-json-jackson-2.33.jar:/home/runner/.m2/repository/org/glassfish/jersey/ext/jersey-entity-filtering/2.33/jersey-entity-filtering-2.33.jar:/home/runner/.m2/repository/org/jooq/jooq/3.11.10/jooq-3.11.10.jar:/home/runner/.m2/repository/org/jooq/jooq-meta/3.11.10/jooq-meta-3.11.10.jar:/home/runner/.m2/repository/org/jooq/jooq-codegen/3.11.10/jooq-codegen-3.11.10.jar:/home/runner/.m2/repository/com/jolbox/bonecp/0.8.0.RELEASE/bonecp-0.8.0.RELEASE.jar:/home/runner/.m2/repository/org/apache/derby/derby/10.14.2.0/derby-10.14.2.0.jar:/home/runner/.m2/repository/org/xerial/sqlite-jdbc/3.25.2/sqlite-jdbc-3.25.2.jar:/home/runner/.m2/repository/org/springframework/spring-jdbc/5.2.18.RELEASE/spring-jdbc-5.2.18.RELEASE.jar:/home/runner/.m2/repository/org/springframework/spring-beans/5.2.18.RELEASE/spring-beans-5.2.18.RELEASE.jar:/home/runner/.m2/repository/org/springframework/spring-core/5.2.18.RELEASE/spring-core-5.2.18.RELEASE.jar:/home/runner/.m2/repository/org/springframework/spring-jcl/5.2.18.RELEASE/spring-jcl-5.2.18.RELEASE.jar:/home/runner/.m2/repository/org/springframework/spring-tx/5.2.18.RELEASE/spring-tx-5.2.18.RELEASE.jar:/home/runner/.m2/repository/org/apache/ozone/ozone-client/1.3.0-SNAPSHOT/ozone-client-1.3.0-SNAPSHOT.jar:/home/runner/.m2/repository/org/apache/ozone/ozone-filesystem/1.3.0-SNAPSHOT/ozone-filesystem-1.3.0-SNAPSHOT.jar:/home/runner/.m2/repository/org/apache/ozone/ozone-filesystem-common/1.3.0-SNAPSHOT/ozone-filesystem-common-1.3.0-SNAPSHOT.jar:/home/runner/.m2/repository/org/apache/ozone/ozone-tools/1.3.0-SNAPSHOT/ozone-tools-1.3.0-SNAPSHOT.jar:/home/runner/.m2/repository/org/apache/ratis/ratis-tools/2.2.0/ratis-tools-2.2.0.jar:/home/runner/.m2/repository/com/amazonaws/aws-java-sdk-core/1.11.1034/aws-java-sdk-core-1.11.1034.jar:/home/runner/.m2/repository/org/apache/httpcomponents/httpclient/4.5.13/httpclient-4.5.13.jar:/home/runner/.m2/repository/org/apache/httpcomponents/httpcore/4.4.13/httpcore-4.4.13.jar:/home/runner/.m2/repository/software/amazon/ion/ion-java/1.0.2/ion-java-1.0.2.jar:/home/runner/.m2/repository/com/fasterxml/jackson/dataformat/jackson-dataformat-cbor/2.12.1/jackson-dataformat-cbor-2.12.1.jar:/home/runner/.m2/repository/joda-time/joda-time/2.8.1/joda-time-2.8.1.jar:/home/runner/.m2/repository/com/amazonaws/aws-java-sdk-s3/1.11.1034/aws-java-sdk-s3-1.11.1034.jar:/home/runner/.m2/repository/com/amazonaws/aws-java-sdk-kms/1.11.1034/aws-java-sdk-kms-1.11.1034.jar:/home/runner/.m2/repository/com/amazonaws/jmespath-java/1.11.1034/jmespath-java-1.11.1034.jar:/home/runner/.m2/repository/org/kohsuke/metainf-services/metainf-services/1.8/metainf-services-1.8.jar:/home/runner/.m2/repository/org/apache/ozone/hdds-tools/1.3.0-SNAPSHOT/hdds-tools-1.3.0-SNAPSHOT.jar:/home/runner/.m2/repository/commons-cli/commons-cli/1.2/commons-cli-1.2.jar:/home/runner/.m2/repository/org/apache/commons/commons-lang3/3.7/commons-lang3-3.7.jar:/home/runner/.m2/repository/org/apache/ozone/ozone-manager/1.3.0-SNAPSHOT/ozone-manager-1.3.0-SNAPSHOT-tests.jar:/home/runner/.m2/repository/org/apache/ozone/hdds-common/1.3.0-SNAPSHOT/hdds-common-1.3.0-SNAPSHOT-tests.jar:/home/runner/.m2/repository/org/apache/ozone/hdds-hadoop-dependency-client/1.3.0-SNAPSHOT/hdds-hadoop-dependency-client-1.3.0-SNAPSHOT.jar:/home/runner/.m2/repository/info/picocli/picocli/4.6.1/picocli-4.6.1.jar:/home/runner/.m2/repository/com/fasterxml/jackson/core/jackson-annotations/2.12.1/jackson-annotations-2.12.1.jar:/home/runner/.m2/repository/javax/annotation/javax.annotation-api/1.2/javax.annotation-api-1.2.jar:/home/runner/.m2/repository/org/apache/ratis/ratis-server/2.2.0/ratis-server-2.2.0.jar:/home/runner/.m2/repository/org/apache/ratis/ratis-client/2.2.0/ratis-client-2.2.0.jar:/home/runner/.m2/repository/org/apache/ratis/ratis-server-api/2.2.0/ratis-server-api-2.2.0.jar:/home/runner/.m2/repository/org/apache/ratis/ratis-metrics/2.2.0/ratis-metrics-2.2.0.jar:/home/runner/.m2/repository/org/apache/ratis/ratis-netty/2.2.0/ratis-netty-2.2.0.jar:/home/runner/.m2/repository/org/apache/ratis/ratis-grpc/2.2.0/ratis-grpc-2.2.0.jar:/home/runner/.m2/repository/org/apache/logging/log4j/log4j-api/2.13.3/log4j-api-2.13.3.jar:/home/runner/.m2/repository/org/apache/logging/log4j/log4j-core/2.13.3/log4j-core-2.13.3.jar:/home/runner/.m2/repository/com/lmax/disruptor/3.4.2/disruptor-3.4.2.jar:/home/runner/.m2/repository/org/apache/commons/commons-pool2/2.6.0/commons-pool2-2.6.0.jar:/home/runner/.m2/repository/org/bouncycastle/bcpkix-jdk15on/1.67/bcpkix-jdk15on-1.67.jar:/home/runner/.m2/repository/commons-validator/commons-validator/1.6/commons-validator-1.6.jar:/home/runner/.m2/repository/commons-beanutils/commons-beanutils/1.9.4/commons-beanutils-1.9.4.jar:/home/runner/.m2/repository/commons-digester/commons-digester/1.8.1/commons-digester-1.8.1.jar:/home/runner/.m2/repository/commons-collections/commons-collections/3.2.2/commons-collections-3.2.2.jar:/home/runner/.m2/repository/io/jaegertracing/jaeger-client/1.6.0/jaeger-client-1.6.0.jar:/home/runner/.m2/repository/io/jaegertracing/jaeger-thrift/1.6.0/jaeger-thrift-1.6.0.jar:/home/runner/.m2/repository/org/apache/thrift/libthrift/0.14.1/libthrift-0.14.1.jar:/home/runner/.m2/repository/com/squareup/okhttp3/okhttp/4.9.0/okhttp-4.9.0.jar:/home/runner/.m2/repository/com/squareup/okio/okio/2.8.0/okio-2.8.0.jar:/home/runner/.m2/repository/io/jaegertracing/jaeger-core/1.6.0/jaeger-core-1.6.0.jar:/home/runner/.m2/repository/io/jaegertracing/jaeger-tracerresolver/1.6.0/jaeger-tracerresolver-1.6.0.jar:/home/runner/.m2/repository/io/opentracing/contrib/opentracing-tracerresolver/0.1.8/opentracing-tracerresolver-0.1.8.jar:/home/runner/.m2/repository/org/jetbrains/kotlin/kotlin-stdlib/1.4.31/kotlin-stdlib-1.4.31.jar:/home/runner/.m2/repository/org/jetbrains/kotlin/kotlin-stdlib-common/1.4.31/kotlin-stdlib-common-1.4.31.jar:/home/runner/.m2/repository/org/jetbrains/annotations/13.0/annotations-13.0.jar:/home/runner/.m2/repository/io/opentracing/opentracing-util/0.33.0/opentracing-util-0.33.0.jar:/home/runner/.m2/repository/io/opentracing/opentracing-api/0.33.0/opentracing-api-0.33.0.jar:/home/runner/.m2/repository/io/opentracing/opentracing-noop/0.33.0/opentracing-noop-0.33.0.jar:/home/runner/.m2/repository/org/yaml/snakeyaml/1.26/snakeyaml-1.26.jar:/home/runner/.m2/repository/org/apache/ozone/hdds-interface-admin/1.3.0-SNAPSHOT/hdds-interface-admin-1.3.0-SNAPSHOT.jar:/home/runner/.m2/repository/junit/junit/4.13.1/junit-4.13.1.jar:/home/runner/.m2/repository/org/hamcrest/hamcrest-core/1.3/hamcrest-core-1.3.jar:/home/runner/.m2/repository/org/junit/jupiter/junit-jupiter-api/5.7.0/junit-jupiter-api-5.7.0.jar:/home/runner/.m2/repository/org/apiguardian/apiguardian-api/1.1.0/apiguardian-api-1.1.0.jar:/home/runner/.m2/repository/org/opentest4j/opentest4j/1.2.0/opentest4j-1.2.0.jar:/home/runner/.m2/repository/org/junit/platform/junit-platform-commons/1.7.0/junit-platform-commons-1.7.0.jar:/home/runner/.m2/repository/org/junit/jupiter/junit-jupiter-engine/5.7.0/junit-jupiter-engine-5.7.0.jar:/home/runner/.m2/repository/org/junit/platform/junit-platform-engine/1.7.0/junit-platform-engine-1.7.0.jar:/home/runner/.m2/repository/org/junit/vintage/junit-vintage-engine/5.7.0/junit-vintage-engine-5.7.0.jar:/home/runner/.m2/repository/org/junit/platform/junit-platform-launcher/1.7.0/junit-platform-launcher-1.7.0.jar:/home/runner/.m2/repository/org/openjdk/jmh/jmh-core/1.19/jmh-core-1.19.jar:/home/runner/.m2/repository/net/sf/jopt-simple/jopt-simple/4.6/jopt-simple-4.6.jar:/home/runner/.m2/repository/org/apache/commons/commons-math3/3.1.1/commons-math3-3.1.1.jar:/home/runner/.m2/repository/org/openjdk/jmh/jmh-generator-annprocess/1.19/jmh-generator-annprocess-1.19.jar:/home/runner/.m2/repository/org/mockito/mockito-core/2.28.2/mockito-core-2.28.2.jar:/home/runner/.m2/repository/net/bytebuddy/byte-buddy/1.9.10/byte-buddy-1.9.10.jar:/home/runner/.m2/repository/net/bytebuddy/byte-buddy-agent/1.9.10/byte-buddy-agent-1.9.10.jar:/home/runner/.m2/repository/org/objenesis/objenesis/1.0/objenesis-1.0.jar:/home/runner/.m2/repository/org/apache/hadoop/hadoop-kms/3.3.1/hadoop-kms-3.3.1.jar:/home/runner/.m2/repository/org/apache/hadoop/hadoop-auth/3.3.1/hadoop-auth-3.3.1.jar:/home/runner/.m2/repository/com/nimbusds/nimbus-jose-jwt/7.9/nimbus-jose-jwt-7.9.jar:/home/runner/.m2/repository/com/github/stephenc/jcip/jcip-annotations/1.0-1/jcip-annotations-1.0-1.jar:/home/runner/.m2/repository/net/minidev/json-smart/2.3.1/json-smart-2.3.1.jar:/home/runner/.m2/repository/net/minidev/accessors-smart/2.3.1/accessors-smart-2.3.1.jar:/home/runner/.m2/repository/org/ow2/asm/asm/5.0.4/asm-5.0.4.jar:/home/runner/.m2/repository/org/apache/zookeeper/zookeeper/3.5.6/zookeeper-3.5.6.jar:/home/runner/.m2/repository/org/apache/zookeeper/zookeeper-jute/3.5.6/zookeeper-jute-3.5.6.jar:/home/runner/.m2/repository/org/apache/yetus/audience-annotations/0.5.0/audience-annotations-0.5.0.jar:/home/runner/.m2/repository/org/apache/curator/curator-framework/4.2.0/curator-framework-4.2.0.jar:/home/runner/.m2/repository/org/apache/hadoop/thirdparty/hadoop-shaded-guava/1.1.1/hadoop-shaded-guava-1.1.1.jar:/home/runner/.m2/repository/com/sun/jersey/jersey-core/1.19/jersey-core-1.19.jar:/home/runner/.m2/repository/javax/ws/rs/jsr311-api/1.1.1/jsr311-api-1.1.1.jar:/home/runner/.m2/repository/com/sun/jersey/jersey-server/1.19/jersey-server-1.19.jar:/home/runner/.m2/repository/javax/servlet/javax.servlet-api/3.1.0/javax.servlet-api-3.1.0.jar:/home/runner/.m2/repository/org/eclipse/jetty/jetty-server/9.4.43.v20210629/jetty-server-9.4.43.v20210629.jar:/home/runner/.m2/repository/org/eclipse/jetty/jetty-http/9.4.43.v20210629/jetty-http-9.4.43.v20210629.jar:/home/runner/.m2/repository/org/eclipse/jetty/jetty-io/9.4.43.v20210629/jetty-io-9.4.43.v20210629.jar:/home/runner/.m2/repository/org/eclipse/jetty/jetty-webapp/9.4.43.v20210629/jetty-webapp-9.4.43.v20210629.jar:/home/runner/.m2/repository/org/eclipse/jetty/jetty-xml/9.4.43.v20210629/jetty-xml-9.4.43.v20210629.jar:/home/runner/.m2/repository/org/apache/hadoop/hadoop-common/3.3.1/hadoop-common-3.3.1.jar:/home/runner/.m2/repository/commons-net/commons-net/3.6/commons-net-3.6.jar:/home/runner/.m2/repository/jakarta/activation/jakarta.activation-api/1.2.1/jakarta.activation-api-1.2.1.jar:/home/runner/.m2/repository/com/sun/jersey/jersey-servlet/1.19/jersey-servlet-1.19.jar:/home/runner/.m2/repository/com/sun/jersey/jersey-json/1.19/jersey-json-1.19.jar:/home/runner/.m2/repository/org/codehaus/jettison/jettison/1.1/jettison-1.1.jar:/home/runner/.m2/repository/com/sun/xml/bind/jaxb-impl/2.2.3-1/jaxb-impl-2.2.3-1.jar:/home/runner/.m2/repository/org/codehaus/jackson/jackson-jaxrs/1.9.2/jackson-jaxrs-1.9.2.jar:/home/runner/.m2/repository/org/codehaus/jackson/jackson-xc/1.9.2/jackson-xc-1.9.2.jar:/home/runner/.m2/repository/org/apache/commons/commons-configuration2/2.1.1/commons-configuration2-2.1.1.jar:/home/runner/.m2/repository/org/apache/commons/commons-text/1.4/commons-text-1.4.jar:/home/runner/.m2/repository/com/google/re2j/re2j/1.1/re2j-1.1.jar:/home/runner/.m2/repository/com/jcraft/jsch/0.1.54/jsch-0.1.54.jar:/home/runner/.m2/repository/org/apache/curator/curator-client/4.2.0/curator-client-4.2.0.jar:/home/runner/.m2/repository/org/apache/curator/curator-recipes/4.2.0/curator-recipes-4.2.0.jar:/home/runner/.m2/repository/org/apache/kerby/kerb-core/1.0.1/kerb-core-1.0.1.jar:/home/runner/.m2/repository/org/apache/kerby/kerby-pkix/1.0.1/kerby-pkix-1.0.1.jar:/home/runner/.m2/repository/org/apache/kerby/kerby-asn1/1.0.1/kerby-asn1-1.0.1.jar:/home/runner/.m2/repository/org/apache/kerby/kerby-util/1.0.1/kerby-util-1.0.1.jar:/home/runner/.m2/repository/dnsjava/dnsjava/2.1.7/dnsjava-2.1.7.jar:/home/runner/.m2/repository/org/xerial/snappy/snappy-java/1.1.8.2/snappy-java-1.1.8.2.jar:/home/runner/.m2/repository/org/slf4j/jul-to-slf4j/1.7.30/jul-to-slf4j-1.7.30.jar:/home/runner/.m2/repository/org/eclipse/jetty/jetty-util/9.4.43.v20210629/jetty-util-9.4.43.v20210629.jar:/home/runner/.m2/repository/com/fasterxml/jackson/core/jackson-databind/2.12.1/jackson-databind-2.12.1.jar:/home/runner/.m2/repository/org/apache/hadoop/hadoop-kms/3.3.1/hadoop-kms-3.3.1-tests.jar:/home/runner/.m2/repository/org/apache/ozone/hdds-server-scm/1.3.0-SNAPSHOT/hdds-server-scm-1.3.0-SNAPSHOT-tests.jar:/home/runner/.m2/repository/org/apache/ozone/hdds-container-service/1.3.0-SNAPSHOT/hdds-container-service-1.3.0-SNAPSHOT-tests.jar:/home/runner/.m2/repository/commons-codec/commons-codec/1.11/commons-codec-1.11.jar:/home/runner/.m2/repository/io/netty/netty-transport/4.1.63.Final/netty-transport-4.1.63.Final.jar:/home/runner/.m2/repository/io/netty/netty-resolver/4.1.63.Final/netty-resolver-4.1.63.Final.jar:/home/runner/.m2/repository/io/netty/netty-codec/4.1.63.Final/netty-codec-4.1.63.Final.jar:/home/runner/.m2/repository/io/netty/netty-handler/4.1.63.Final/netty-handler-4.1.63.Final.jar:/home/runner/.m2/repository/org/apache/ozone/hdds-hadoop-dependency-test/1.3.0-SNAPSHOT/hdds-hadoop-dependency-test-1.3.0-SNAPSHOT.jar:/home/runner/.m2/repository/org/apache/hadoop/hadoop-common/3.3.1/hadoop-common-3.3.1-tests.jar:/home/runner/.m2/repository/org/assertj/assertj-core/3.12.2/assertj-core-3.12.2.jar:/home/runner/.m2/repository/org/apache/hadoop/hadoop-hdfs/3.3.1/hadoop-hdfs-3.3.1-tests.jar:/home/runner/.m2/repository/org/eclipse/jetty/jetty-util-ajax/9.4.43.v20210629/jetty-util-ajax-9.4.43.v20210629.jar:/home/runner/.m2/repository/commons-daemon/commons-daemon/1.0.13/commons-daemon-1.0.13.jar:/home/runner/.m2/repository/io/netty/netty/3.10.6.Final/netty-3.10.6.Final.jar:/home/runner/.m2/repository/io/netty/netty-all/4.1.63.Final/netty-all-4.1.63.Final.jar:/home/runner/.m2/repository/org/apache/htrace/htrace-core4/4.1.0-incubating/htrace-core4-4.1.0-incubating.jar:/home/runner/.m2/repository/org/fusesource/leveldbjni/leveldbjni-all/1.8/leveldbjni-all-1.8.jar:/home/runner/.m2/repository/org/apache/hadoop/hadoop-distcp/3.3.1/hadoop-distcp-3.3.1.jar:/home/runner/.m2/repository/org/apache/hadoop/hadoop-mapreduce-client-jobclient/3.3.1/hadoop-mapreduce-client-jobclient-3.3.1.jar:/home/runner/.m2/repository/org/apache/hadoop/hadoop-mapreduce-client-common/3.3.1/hadoop-mapreduce-client-common-3.3.1.jar:/home/runner/.m2/repository/org/apache/hadoop/hadoop-yarn-common/3.3.1/hadoop-yarn-common-3.3.1.jar:/home/runner/.m2/repository/org/apache/hadoop/hadoop-yarn-api/3.3.1/hadoop-yarn-api-3.3.1.jar:/home/runner/.m2/repository/com/sun/jersey/jersey-client/1.19/jersey-client-1.19.jar:/home/runner/.m2/repository/com/sun/jersey/contribs/jersey-guice/1.19/jersey-guice-1.19.jar:/home/runner/.m2/repository/com/fasterxml/jackson/jaxrs/jackson-jaxrs-json-provider/2.12.1/jackson-jaxrs-json-provider-2.12.1.jar:/home/runner/.m2/repository/com/fasterxml/jackson/jaxrs/jackson-jaxrs-base/2.12.1/jackson-jaxrs-base-2.12.1.jar:/home/runner/.m2/repository/org/apache/hadoop/hadoop-yarn-client/3.3.1/hadoop-yarn-client-3.3.1.jar:/home/runner/.m2/repository/org/eclipse/jetty/websocket/websocket-client/9.4.40.v20210413/websocket-client-9.4.40.v20210413.jar:/home/runner/.m2/repository/org/eclipse/jetty/jetty-client/9.4.40.v20210413/jetty-client-9.4.40.v20210413.jar:/home/runner/.m2/repository/org/eclipse/jetty/websocket/websocket-common/9.4.40.v20210413/websocket-common-9.4.40.v20210413.jar:/home/runner/.m2/repository/org/eclipse/jetty/websocket/websocket-api/9.4.40.v20210413/websocket-api-9.4.40.v20210413.jar:/home/runner/.m2/repository/org/jline/jline/3.9.0/jline-3.9.0.jar:/home/runner/.m2/repository/org/apache/hadoop/hadoop-mapreduce-client-core/3.3.1/hadoop-mapreduce-client-core-3.3.1.jar:/home/runner/.m2/repository/org/apache/avro/avro/1.7.7/avro-1.7.7.jar:/home/runner/.m2/repository/org/codehaus/jackson/jackson-core-asl/1.9.13/jackson-core-asl-1.9.13.jar:/home/runner/.m2/repository/org/codehaus/jackson/jackson-mapper-asl/1.9.13/jackson-mapper-asl-1.9.13.jar:/home/runner/.m2/repository/com/thoughtworks/paranamer/paranamer/2.3/paranamer-2.3.jar:/home/runner/.m2/repository/org/apache/hadoop/hadoop-annotations/3.3.1/hadoop-annotations-3.3.1.jar:/usr/lib/jvm/adoptopenjdk-8-hotspot-amd64/jre/../lib/tools.jar:/home/runner/.m2/repository/org/apache/hadoop/hadoop-distcp/3.3.1/hadoop-distcp-3.3.1-tests.jar:/home/runner/.m2/repository/org/apache/ratis/ratis-common/2.2.0/ratis-common-2.2.0.jar:/home/runner/.m2/repository/org/apache/ratis/ratis-thirdparty-misc/0.7.0/ratis-thirdparty-misc-0.7.0.jar:/home/runner/.m2/repository/org/apache/ratis/ratis-proto/2.2.0/ratis-proto-2.2.0.jar:"/>
    <property name="java.vm.vendor" value="AdoptOpenJDK"/>
    <property name="sun.arch.data.model" value="64"/>
    <property name="test.build.dir" value="/home/runner/work/ozone/ozone/hadoop-ozone/integration-test/target/test-dir"/>
    <property name="test.cache.data" value=""/>
    <property name="java.vendor.url" value="https://adoptopenjdk.net/"/>
    <property name="user.timezone" value=""/>
    <property name="java.vm.specification.version" value="1.8"/>
    <property name="os.name" value="Linux"/>
    <property name="test.build.data" value="/home/runner/work/ozone/ozone/hadoop-ozone/integration-test/target/test-dir"/>
    <property name="sun.java.launcher" value="SUN_STANDARD"/>
    <property name="sun.boot.library.path" value="/usr/lib/jvm/adoptopenjdk-8-hotspot-amd64/jre/lib/amd64"/>
    <property name="sun.java.command" value="/home/runner/work/ozone/ozone/hadoop-ozone/integration-test/target/surefire/surefirebooter5403423853048413301.jar /home/runner/work/ozone/ozone/hadoop-ozone/integration-test/target/surefire 2021-11-30T01-04-03_284-jvmRun1 surefire767933830076133313tmp surefire_332214372429196379243tmp"/>
    <property name="surefire.test.class.path" value="/home/runner/work/ozone/ozone/hadoop-ozone/integration-test/target/test-classes:/home/runner/work/ozone/ozone/hadoop-ozone/integration-test/target/classes:/home/runner/.m2/repository/org/apache/ozone/ozone-common/1.3.0-SNAPSHOT/ozone-common-1.3.0-SNAPSHOT.jar:/home/runner/.m2/repository/org/apache/commons/commons-compress/1.21/commons-compress-1.21.jar:/home/runner/.m2/repository/org/apache/ozone/hdds-common/1.3.0-SNAPSHOT/hdds-common-1.3.0-SNAPSHOT.jar:/home/runner/.m2/repository/org/apache/ozone/hdds-client/1.3.0-SNAPSHOT/hdds-client-1.3.0-SNAPSHOT.jar:/home/runner/.m2/repository/org/apache/ozone/ozone-interface-client/1.3.0-SNAPSHOT/ozone-interface-client-1.3.0-SNAPSHOT.jar:/home/runner/.m2/repository/org/apache/ozone/hdds-test-utils/1.3.0-SNAPSHOT/hdds-test-utils-1.3.0-SNAPSHOT.jar:/home/runner/.m2/repository/com/google/guava/guava/30.1.1-jre/guava-30.1.1-jre.jar:/home/runner/.m2/repository/com/google/guava/failureaccess/1.0.1/failureaccess-1.0.1.jar:/home/runner/.m2/repository/com/google/guava/listenablefuture/9999.0-empty-to-avoid-conflict-with-guava/listenablefuture-9999.0-empty-to-avoid-conflict-with-guava.jar:/home/runner/.m2/repository/com/google/code/findbugs/jsr305/3.0.0/jsr305-3.0.0.jar:/home/runner/.m2/repository/org/checkerframework/checker-qual/3.8.0/checker-qual-3.8.0.jar:/home/runner/.m2/repository/com/google/errorprone/error_prone_annotations/2.2.0/error_prone_annotations-2.2.0.jar:/home/runner/.m2/repository/com/google/j2objc/j2objc-annotations/1.3/j2objc-annotations-1.3.jar:/home/runner/.m2/repository/commons-io/commons-io/2.11.0/commons-io-2.11.0.jar:/home/runner/.m2/repository/commons-logging/commons-logging/1.2/commons-logging-1.2.jar:/home/runner/.m2/repository/log4j/log4j/1.2.17/log4j-1.2.17.jar:/home/runner/.m2/repository/org/slf4j/slf4j-api/1.7.30/slf4j-api-1.7.30.jar:/home/runner/.m2/repository/org/apache/ozone/hdds-server-scm/1.3.0-SNAPSHOT/hdds-server-scm-1.3.0-SNAPSHOT.jar:/home/runner/.m2/repository/org/apache/ozone/hdds-container-service/1.3.0-SNAPSHOT/hdds-container-service-1.3.0-SNAPSHOT.jar:/home/runner/.m2/repository/org/apache/ozone/hdds-hadoop-dependency-server/1.3.0-SNAPSHOT/hdds-hadoop-dependency-server-1.3.0-SNAPSHOT.jar:/home/runner/.m2/repository/org/apache/hadoop/hadoop-hdfs/3.3.1/hadoop-hdfs-3.3.1.jar:/home/runner/.m2/repository/org/apache/ozone/hdds-server-framework/1.3.0-SNAPSHOT/hdds-server-framework-1.3.0-SNAPSHOT.jar:/home/runner/.m2/repository/org/apache/ozone/hdds-interface-server/1.3.0-SNAPSHOT/hdds-interface-server-1.3.0-SNAPSHOT.jar:/home/runner/.m2/repository/org/eclipse/jetty/jetty-servlet/9.4.43.v20210629/jetty-servlet-9.4.43.v20210629.jar:/home/runner/.m2/repository/org/eclipse/jetty/jetty-security/9.4.43.v20210629/jetty-security-9.4.43.v20210629.jar:/home/runner/.m2/repository/org/rocksdb/rocksdbjni/6.25.3/rocksdbjni-6.25.3.jar:/home/runner/.m2/repository/io/prometheus/simpleclient_dropwizard/0.7.0/simpleclient_dropwizard-0.7.0.jar:/home/runner/.m2/repository/io/prometheus/simpleclient/0.7.0/simpleclient-0.7.0.jar:/home/runner/.m2/repository/io/prometheus/simpleclient_common/0.7.0/simpleclient_common-0.7.0.jar:/home/runner/.m2/repository/com/fasterxml/jackson/datatype/jackson-datatype-jsr310/2.12.1/jackson-datatype-jsr310-2.12.1.jar:/home/runner/.m2/repository/io/dropwizard/metrics/metrics-core/3.2.4/metrics-core-3.2.4.jar:/home/runner/.m2/repository/org/apache/hadoop/hadoop-hdfs-client/3.3.1/hadoop-hdfs-client-3.3.1.jar:/home/runner/.m2/repository/org/bouncycastle/bcprov-jdk15on/1.67/bcprov-jdk15on-1.67.jar:/home/runner/.m2/repository/com/google/protobuf/protobuf-java/2.5.0/protobuf-java-2.5.0.jar:/home/runner/.m2/repository/org/apache/ozone/ozone-manager/1.3.0-SNAPSHOT/ozone-manager-1.3.0-SNAPSHOT.jar:/home/runner/.m2/repository/org/aspectj/aspectjrt/1.9.7/aspectjrt-1.9.7.jar:/home/runner/.m2/repository/org/aspectj/aspectjweaver/1.9.7/aspectjweaver-1.9.7.jar:/home/runner/.m2/repository/org/apache/ozone/hdds-interface-client/1.3.0-SNAPSHOT/hdds-interface-client-1.3.0-SNAPSHOT.jar:/home/runner/.m2/repository/org/apache/hadoop/thirdparty/hadoop-shaded-protobuf_3_7/1.1.1/hadoop-shaded-protobuf_3_7-1.1.1.jar:/home/runner/.m2/repository/org/apache/ozone/ozone-interface-storage/1.3.0-SNAPSHOT/ozone-interface-storage-1.3.0-SNAPSHOT.jar:/home/runner/.m2/repository/org/reflections/reflections/0.9.11/reflections-0.9.11.jar:/home/runner/.m2/repository/org/apache/hadoop/hadoop-minikdc/3.3.1/hadoop-minikdc-3.3.1.jar:/home/runner/.m2/repository/org/apache/kerby/kerb-simplekdc/1.0.1/kerb-simplekdc-1.0.1.jar:/home/runner/.m2/repository/org/apache/kerby/kerb-client/1.0.1/kerb-client-1.0.1.jar:/home/runner/.m2/repository/org/apache/kerby/kerby-config/1.0.1/kerby-config-1.0.1.jar:/home/runner/.m2/repository/org/apache/kerby/kerb-common/1.0.1/kerb-common-1.0.1.jar:/home/runner/.m2/repository/org/apache/kerby/kerb-crypto/1.0.1/kerb-crypto-1.0.1.jar:/home/runner/.m2/repository/org/apache/kerby/kerb-util/1.0.1/kerb-util-1.0.1.jar:/home/runner/.m2/repository/org/apache/kerby/token-provider/1.0.1/token-provider-1.0.1.jar:/home/runner/.m2/repository/org/apache/kerby/kerb-admin/1.0.1/kerb-admin-1.0.1.jar:/home/runner/.m2/repository/org/apache/kerby/kerb-server/1.0.1/kerb-server-1.0.1.jar:/home/runner/.m2/repository/org/apache/kerby/kerb-identity/1.0.1/kerb-identity-1.0.1.jar:/home/runner/.m2/repository/org/apache/kerby/kerby-xdr/1.0.1/kerby-xdr-1.0.1.jar:/home/runner/.m2/repository/org/slf4j/slf4j-log4j12/1.7.30/slf4j-log4j12-1.7.30.jar:/home/runner/.m2/repository/org/apache/ozone/ozone-s3gateway/1.3.0-SNAPSHOT/ozone-s3gateway-1.3.0-SNAPSHOT.jar:/home/runner/.m2/repository/org/javassist/javassist/3.21.0-GA/javassist-3.21.0-GA.jar:/home/runner/.m2/repository/org/jboss/weld/servlet/weld-servlet/2.4.7.Final/weld-servlet-2.4.7.Final.jar:/home/runner/.m2/repository/org/glassfish/jersey/containers/jersey-container-servlet-core/2.33/jersey-container-servlet-core-2.33.jar:/home/runner/.m2/repository/org/glassfish/hk2/external/jakarta.inject/2.6.1/jakarta.inject-2.6.1.jar:/home/runner/.m2/repository/org/glassfish/jersey/core/jersey-common/2.33/jersey-common-2.33.jar:/home/runner/.m2/repository/jakarta/ws/rs/jakarta.ws.rs-api/2.1.6/jakarta.ws.rs-api-2.1.6.jar:/home/runner/.m2/repository/org/glassfish/jersey/ext/cdi/jersey-cdi1x/2.33/jersey-cdi1x-2.33.jar:/home/runner/.m2/repository/org/glassfish/jersey/inject/jersey-hk2/2.33/jersey-hk2-2.33.jar:/home/runner/.m2/repository/org/glassfish/hk2/hk2-locator/2.6.1/hk2-locator-2.6.1.jar:/home/runner/.m2/repository/org/glassfish/jersey/media/jersey-media-jaxb/2.33/jersey-media-jaxb-2.33.jar:/home/runner/.m2/repository/org/glassfish/hk2/osgi-resource-locator/1.0.3/osgi-resource-locator-1.0.3.jar:/home/runner/.m2/repository/org/glassfish/hk2/hk2-api/2.5.0/hk2-api-2.5.0.jar:/home/runner/.m2/repository/org/glassfish/hk2/hk2-utils/2.5.0/hk2-utils-2.5.0.jar:/home/runner/.m2/repository/org/glassfish/hk2/external/aopalliance-repackaged/2.5.0/aopalliance-repackaged-2.5.0.jar:/home/runner/.m2/repository/com/fasterxml/jackson/dataformat/jackson-dataformat-xml/2.12.1/jackson-dataformat-xml-2.12.1.jar:/home/runner/.m2/repository/com/fasterxml/jackson/core/jackson-core/2.12.1/jackson-core-2.12.1.jar:/home/runner/.m2/repository/com/fasterxml/jackson/module/jackson-module-jaxb-annotations/2.12.1/jackson-module-jaxb-annotations-2.12.1.jar:/home/runner/.m2/repository/jakarta/xml/bind/jakarta.xml.bind-api/2.3.2/jakarta.xml.bind-api-2.3.2.jar:/home/runner/.m2/repository/org/codehaus/woodstox/stax2-api/3.1.4/stax2-api-3.1.4.jar:/home/runner/.m2/repository/com/fasterxml/woodstox/woodstox-core/5.0.3/woodstox-core-5.0.3.jar:/home/runner/.m2/repository/javax/enterprise/cdi-api/1.2/cdi-api-1.2.jar:/home/runner/.m2/repository/javax/el/javax.el-api/3.0.0/javax.el-api-3.0.0.jar:/home/runner/.m2/repository/javax/interceptor/javax.interceptor-api/1.2/javax.interceptor-api-1.2.jar:/home/runner/.m2/repository/javax/inject/javax.inject/1/javax.inject-1.jar:/home/runner/.m2/repository/javax/xml/bind/jaxb-api/2.3.0/jaxb-api-2.3.0.jar:/home/runner/.m2/repository/org/glassfish/jaxb/jaxb-runtime/2.3.0.1/jaxb-runtime-2.3.0.1.jar:/home/runner/.m2/repository/org/glassfish/jaxb/jaxb-core/2.3.0.1/jaxb-core-2.3.0.1.jar:/home/runner/.m2/repository/org/glassfish/jaxb/txw2/2.3.0.1/txw2-2.3.0.1.jar:/home/runner/.m2/repository/com/sun/istack/istack-commons-runtime/3.0.5/istack-commons-runtime-3.0.5.jar:/home/runner/.m2/repository/org/jvnet/staxex/stax-ex/1.7.8/stax-ex-1.7.8.jar:/home/runner/.m2/repository/com/sun/xml/fastinfoset/FastInfoset/1.2.13/FastInfoset-1.2.13.jar:/home/runner/.m2/repository/javax/activation/activation/1.1.1/activation-1.1.1.jar:/home/runner/.m2/repository/org/apache/ozone/ozone-csi/1.3.0-SNAPSHOT/ozone-csi-1.3.0-SNAPSHOT.jar:/home/runner/.m2/repository/com/google/protobuf/protobuf-java-util/3.12.0/protobuf-java-util-3.12.0.jar:/home/runner/.m2/repository/com/google/code/gson/gson/2.2.4/gson-2.2.4.jar:/home/runner/.m2/repository/org/apache/ozone/hdds-config/1.3.0-SNAPSHOT/hdds-config-1.3.0-SNAPSHOT.jar:/home/runner/.m2/repository/io/grpc/grpc-netty/1.33.0/grpc-netty-1.33.0.jar:/home/runner/.m2/repository/io/grpc/grpc-core/1.33.0/grpc-core-1.33.0.jar:/home/runner/.m2/repository/com/google/android/annotations/4.1.1.4/annotations-4.1.1.4.jar:/home/runner/.m2/repository/io/netty/netty-codec-http2/4.1.63.Final/netty-codec-http2-4.1.63.Final.jar:/home/runner/.m2/repository/io/netty/netty-codec-http/4.1.63.Final/netty-codec-http-4.1.63.Final.jar:/home/runner/.m2/repository/io/netty/netty-handler-proxy/4.1.63.Final/netty-handler-proxy-4.1.63.Final.jar:/home/runner/.m2/repository/io/netty/netty-codec-socks/4.1.63.Final/netty-codec-socks-4.1.63.Final.jar:/home/runner/.m2/repository/io/perfmark/perfmark-api/0.19.0/perfmark-api-0.19.0.jar:/home/runner/.m2/repository/org/codehaus/mojo/animal-sniffer-annotations/1.18/animal-sniffer-annotations-1.18.jar:/home/runner/.m2/repository/io/netty/netty-transport-native-epoll/4.1.63.Final/netty-transport-native-epoll-4.1.63.Final.jar:/home/runner/.m2/repository/io/netty/netty-common/4.1.63.Final/netty-common-4.1.63.Final.jar:/home/runner/.m2/repository/io/netty/netty-buffer/4.1.63.Final/netty-buffer-4.1.63.Final.jar:/home/runner/.m2/repository/io/netty/netty-transport-native-unix-common/4.1.63.Final/netty-transport-native-unix-common-4.1.63.Final.jar:/home/runner/.m2/repository/io/grpc/grpc-protobuf/1.33.0/grpc-protobuf-1.33.0.jar:/home/runner/.m2/repository/io/grpc/grpc-api/1.33.0/grpc-api-1.33.0.jar:/home/runner/.m2/repository/io/grpc/grpc-context/1.33.0/grpc-context-1.33.0.jar:/home/runner/.m2/repository/com/google/api/grpc/proto-google-common-protos/1.17.0/proto-google-common-protos-1.17.0.jar:/home/runner/.m2/repository/io/grpc/grpc-protobuf-lite/1.33.0/grpc-protobuf-lite-1.33.0.jar:/home/runner/.m2/repository/io/grpc/grpc-stub/1.33.0/grpc-stub-1.33.0.jar:/home/runner/.m2/repository/org/apache/ozone/ozone-recon/1.3.0-SNAPSHOT/ozone-recon-1.3.0-SNAPSHOT.jar:/home/runner/.m2/repository/org/apache/ozone/ozone-reconcodegen/1.3.0-SNAPSHOT/ozone-reconcodegen-1.3.0-SNAPSHOT.jar:/home/runner/.m2/repository/com/google/inject/extensions/guice-multibindings/4.0/guice-multibindings-4.0.jar:/home/runner/.m2/repository/com/google/inject/guice/4.0/guice-4.0.jar:/home/runner/.m2/repository/aopalliance/aopalliance/1.0/aopalliance-1.0.jar:/home/runner/.m2/repository/com/google/inject/extensions/guice-assistedinject/4.0/guice-assistedinject-4.0.jar:/home/runner/.m2/repository/com/google/inject/extensions/guice-servlet/4.0/guice-servlet-4.0.jar:/home/runner/.m2/repository/org/glassfish/jersey/containers/jersey-container-servlet/2.33/jersey-container-servlet-2.33.jar:/home/runner/.m2/repository/org/glassfish/hk2/guice-bridge/2.5.0/guice-bridge-2.5.0.jar:/home/runner/.m2/repository/org/glassfish/jersey/core/jersey-server/2.33/jersey-server-2.33.jar:/home/runner/.m2/repository/org/glassfish/jersey/core/jersey-client/2.33/jersey-client-2.33.jar:/home/runner/.m2/repository/jakarta/annotation/jakarta.annotation-api/1.3.5/jakarta.annotation-api-1.3.5.jar:/home/runner/.m2/repository/jakarta/validation/jakarta.validation-api/2.0.2/jakarta.validation-api-2.0.2.jar:/home/runner/.m2/repository/org/glassfish/jersey/media/jersey-media-json-jackson/2.33/jersey-media-json-jackson-2.33.jar:/home/runner/.m2/repository/org/glassfish/jersey/ext/jersey-entity-filtering/2.33/jersey-entity-filtering-2.33.jar:/home/runner/.m2/repository/org/jooq/jooq/3.11.10/jooq-3.11.10.jar:/home/runner/.m2/repository/org/jooq/jooq-meta/3.11.10/jooq-meta-3.11.10.jar:/home/runner/.m2/repository/org/jooq/jooq-codegen/3.11.10/jooq-codegen-3.11.10.jar:/home/runner/.m2/repository/com/jolbox/bonecp/0.8.0.RELEASE/bonecp-0.8.0.RELEASE.jar:/home/runner/.m2/repository/org/apache/derby/derby/10.14.2.0/derby-10.14.2.0.jar:/home/runner/.m2/repository/org/xerial/sqlite-jdbc/3.25.2/sqlite-jdbc-3.25.2.jar:/home/runner/.m2/repository/org/springframework/spring-jdbc/5.2.18.RELEASE/spring-jdbc-5.2.18.RELEASE.jar:/home/runner/.m2/repository/org/springframework/spring-beans/5.2.18.RELEASE/spring-beans-5.2.18.RELEASE.jar:/home/runner/.m2/repository/org/springframework/spring-core/5.2.18.RELEASE/spring-core-5.2.18.RELEASE.jar:/home/runner/.m2/repository/org/springframework/spring-jcl/5.2.18.RELEASE/spring-jcl-5.2.18.RELEASE.jar:/home/runner/.m2/repository/org/springframework/spring-tx/5.2.18.RELEASE/spring-tx-5.2.18.RELEASE.jar:/home/runner/.m2/repository/org/apache/ozone/ozone-client/1.3.0-SNAPSHOT/ozone-client-1.3.0-SNAPSHOT.jar:/home/runner/.m2/repository/org/apache/ozone/ozone-filesystem/1.3.0-SNAPSHOT/ozone-filesystem-1.3.0-SNAPSHOT.jar:/home/runner/.m2/repository/org/apache/ozone/ozone-filesystem-common/1.3.0-SNAPSHOT/ozone-filesystem-common-1.3.0-SNAPSHOT.jar:/home/runner/.m2/repository/org/apache/ozone/ozone-tools/1.3.0-SNAPSHOT/ozone-tools-1.3.0-SNAPSHOT.jar:/home/runner/.m2/repository/org/apache/ratis/ratis-tools/2.2.0/ratis-tools-2.2.0.jar:/home/runner/.m2/repository/com/amazonaws/aws-java-sdk-core/1.11.1034/aws-java-sdk-core-1.11.1034.jar:/home/runner/.m2/repository/org/apache/httpcomponents/httpclient/4.5.13/httpclient-4.5.13.jar:/home/runner/.m2/repository/org/apache/httpcomponents/httpcore/4.4.13/httpcore-4.4.13.jar:/home/runner/.m2/repository/software/amazon/ion/ion-java/1.0.2/ion-java-1.0.2.jar:/home/runner/.m2/repository/com/fasterxml/jackson/dataformat/jackson-dataformat-cbor/2.12.1/jackson-dataformat-cbor-2.12.1.jar:/home/runner/.m2/repository/joda-time/joda-time/2.8.1/joda-time-2.8.1.jar:/home/runner/.m2/repository/com/amazonaws/aws-java-sdk-s3/1.11.1034/aws-java-sdk-s3-1.11.1034.jar:/home/runner/.m2/repository/com/amazonaws/aws-java-sdk-kms/1.11.1034/aws-java-sdk-kms-1.11.1034.jar:/home/runner/.m2/repository/com/amazonaws/jmespath-java/1.11.1034/jmespath-java-1.11.1034.jar:/home/runner/.m2/repository/org/kohsuke/metainf-services/metainf-services/1.8/metainf-services-1.8.jar:/home/runner/.m2/repository/org/apache/ozone/hdds-tools/1.3.0-SNAPSHOT/hdds-tools-1.3.0-SNAPSHOT.jar:/home/runner/.m2/repository/commons-cli/commons-cli/1.2/commons-cli-1.2.jar:/home/runner/.m2/repository/org/apache/commons/commons-lang3/3.7/commons-lang3-3.7.jar:/home/runner/.m2/repository/org/apache/ozone/ozone-manager/1.3.0-SNAPSHOT/ozone-manager-1.3.0-SNAPSHOT-tests.jar:/home/runner/.m2/repository/org/apache/ozone/hdds-common/1.3.0-SNAPSHOT/hdds-common-1.3.0-SNAPSHOT-tests.jar:/home/runner/.m2/repository/org/apache/ozone/hdds-hadoop-dependency-client/1.3.0-SNAPSHOT/hdds-hadoop-dependency-client-1.3.0-SNAPSHOT.jar:/home/runner/.m2/repository/info/picocli/picocli/4.6.1/picocli-4.6.1.jar:/home/runner/.m2/repository/com/fasterxml/jackson/core/jackson-annotations/2.12.1/jackson-annotations-2.12.1.jar:/home/runner/.m2/repository/javax/annotation/javax.annotation-api/1.2/javax.annotation-api-1.2.jar:/home/runner/.m2/repository/org/apache/ratis/ratis-server/2.2.0/ratis-server-2.2.0.jar:/home/runner/.m2/repository/org/apache/ratis/ratis-client/2.2.0/ratis-client-2.2.0.jar:/home/runner/.m2/repository/org/apache/ratis/ratis-server-api/2.2.0/ratis-server-api-2.2.0.jar:/home/runner/.m2/repository/org/apache/ratis/ratis-metrics/2.2.0/ratis-metrics-2.2.0.jar:/home/runner/.m2/repository/org/apache/ratis/ratis-netty/2.2.0/ratis-netty-2.2.0.jar:/home/runner/.m2/repository/org/apache/ratis/ratis-grpc/2.2.0/ratis-grpc-2.2.0.jar:/home/runner/.m2/repository/org/apache/logging/log4j/log4j-api/2.13.3/log4j-api-2.13.3.jar:/home/runner/.m2/repository/org/apache/logging/log4j/log4j-core/2.13.3/log4j-core-2.13.3.jar:/home/runner/.m2/repository/com/lmax/disruptor/3.4.2/disruptor-3.4.2.jar:/home/runner/.m2/repository/org/apache/commons/commons-pool2/2.6.0/commons-pool2-2.6.0.jar:/home/runner/.m2/repository/org/bouncycastle/bcpkix-jdk15on/1.67/bcpkix-jdk15on-1.67.jar:/home/runner/.m2/repository/commons-validator/commons-validator/1.6/commons-validator-1.6.jar:/home/runner/.m2/repository/commons-beanutils/commons-beanutils/1.9.4/commons-beanutils-1.9.4.jar:/home/runner/.m2/repository/commons-digester/commons-digester/1.8.1/commons-digester-1.8.1.jar:/home/runner/.m2/repository/commons-collections/commons-collections/3.2.2/commons-collections-3.2.2.jar:/home/runner/.m2/repository/io/jaegertracing/jaeger-client/1.6.0/jaeger-client-1.6.0.jar:/home/runner/.m2/repository/io/jaegertracing/jaeger-thrift/1.6.0/jaeger-thrift-1.6.0.jar:/home/runner/.m2/repository/org/apache/thrift/libthrift/0.14.1/libthrift-0.14.1.jar:/home/runner/.m2/repository/com/squareup/okhttp3/okhttp/4.9.0/okhttp-4.9.0.jar:/home/runner/.m2/repository/com/squareup/okio/okio/2.8.0/okio-2.8.0.jar:/home/runner/.m2/repository/io/jaegertracing/jaeger-core/1.6.0/jaeger-core-1.6.0.jar:/home/runner/.m2/repository/io/jaegertracing/jaeger-tracerresolver/1.6.0/jaeger-tracerresolver-1.6.0.jar:/home/runner/.m2/repository/io/opentracing/contrib/opentracing-tracerresolver/0.1.8/opentracing-tracerresolver-0.1.8.jar:/home/runner/.m2/repository/org/jetbrains/kotlin/kotlin-stdlib/1.4.31/kotlin-stdlib-1.4.31.jar:/home/runner/.m2/repository/org/jetbrains/kotlin/kotlin-stdlib-common/1.4.31/kotlin-stdlib-common-1.4.31.jar:/home/runner/.m2/repository/org/jetbrains/annotations/13.0/annotations-13.0.jar:/home/runner/.m2/repository/io/opentracing/opentracing-util/0.33.0/opentracing-util-0.33.0.jar:/home/runner/.m2/repository/io/opentracing/opentracing-api/0.33.0/opentracing-api-0.33.0.jar:/home/runner/.m2/repository/io/opentracing/opentracing-noop/0.33.0/opentracing-noop-0.33.0.jar:/home/runner/.m2/repository/org/yaml/snakeyaml/1.26/snakeyaml-1.26.jar:/home/runner/.m2/repository/org/apache/ozone/hdds-interface-admin/1.3.0-SNAPSHOT/hdds-interface-admin-1.3.0-SNAPSHOT.jar:/home/runner/.m2/repository/junit/junit/4.13.1/junit-4.13.1.jar:/home/runner/.m2/repository/org/hamcrest/hamcrest-core/1.3/hamcrest-core-1.3.jar:/home/runner/.m2/repository/org/junit/jupiter/junit-jupiter-api/5.7.0/junit-jupiter-api-5.7.0.jar:/home/runner/.m2/repository/org/apiguardian/apiguardian-api/1.1.0/apiguardian-api-1.1.0.jar:/home/runner/.m2/repository/org/opentest4j/opentest4j/1.2.0/opentest4j-1.2.0.jar:/home/runner/.m2/repository/org/junit/platform/junit-platform-commons/1.7.0/junit-platform-commons-1.7.0.jar:/home/runner/.m2/repository/org/junit/jupiter/junit-jupiter-engine/5.7.0/junit-jupiter-engine-5.7.0.jar:/home/runner/.m2/repository/org/junit/platform/junit-platform-engine/1.7.0/junit-platform-engine-1.7.0.jar:/home/runner/.m2/repository/org/junit/vintage/junit-vintage-engine/5.7.0/junit-vintage-engine-5.7.0.jar:/home/runner/.m2/repository/org/junit/platform/junit-platform-launcher/1.7.0/junit-platform-launcher-1.7.0.jar:/home/runner/.m2/repository/org/openjdk/jmh/jmh-core/1.19/jmh-core-1.19.jar:/home/runner/.m2/repository/net/sf/jopt-simple/jopt-simple/4.6/jopt-simple-4.6.jar:/home/runner/.m2/repository/org/apache/commons/commons-math3/3.1.1/commons-math3-3.1.1.jar:/home/runner/.m2/repository/org/openjdk/jmh/jmh-generator-annprocess/1.19/jmh-generator-annprocess-1.19.jar:/home/runner/.m2/repository/org/mockito/mockito-core/2.28.2/mockito-core-2.28.2.jar:/home/runner/.m2/repository/net/bytebuddy/byte-buddy/1.9.10/byte-buddy-1.9.10.jar:/home/runner/.m2/repository/net/bytebuddy/byte-buddy-agent/1.9.10/byte-buddy-agent-1.9.10.jar:/home/runner/.m2/repository/org/objenesis/objenesis/1.0/objenesis-1.0.jar:/home/runner/.m2/repository/org/apache/hadoop/hadoop-kms/3.3.1/hadoop-kms-3.3.1.jar:/home/runner/.m2/repository/org/apache/hadoop/hadoop-auth/3.3.1/hadoop-auth-3.3.1.jar:/home/runner/.m2/repository/com/nimbusds/nimbus-jose-jwt/7.9/nimbus-jose-jwt-7.9.jar:/home/runner/.m2/repository/com/github/stephenc/jcip/jcip-annotations/1.0-1/jcip-annotations-1.0-1.jar:/home/runner/.m2/repository/net/minidev/json-smart/2.3.1/json-smart-2.3.1.jar:/home/runner/.m2/repository/net/minidev/accessors-smart/2.3.1/accessors-smart-2.3.1.jar:/home/runner/.m2/repository/org/ow2/asm/asm/5.0.4/asm-5.0.4.jar:/home/runner/.m2/repository/org/apache/zookeeper/zookeeper/3.5.6/zookeeper-3.5.6.jar:/home/runner/.m2/repository/org/apache/zookeeper/zookeeper-jute/3.5.6/zookeeper-jute-3.5.6.jar:/home/runner/.m2/repository/org/apache/yetus/audience-annotations/0.5.0/audience-annotations-0.5.0.jar:/home/runner/.m2/repository/org/apache/curator/curator-framework/4.2.0/curator-framework-4.2.0.jar:/home/runner/.m2/repository/org/apache/hadoop/thirdparty/hadoop-shaded-guava/1.1.1/hadoop-shaded-guava-1.1.1.jar:/home/runner/.m2/repository/com/sun/jersey/jersey-core/1.19/jersey-core-1.19.jar:/home/runner/.m2/repository/javax/ws/rs/jsr311-api/1.1.1/jsr311-api-1.1.1.jar:/home/runner/.m2/repository/com/sun/jersey/jersey-server/1.19/jersey-server-1.19.jar:/home/runner/.m2/repository/javax/servlet/javax.servlet-api/3.1.0/javax.servlet-api-3.1.0.jar:/home/runner/.m2/repository/org/eclipse/jetty/jetty-server/9.4.43.v20210629/jetty-server-9.4.43.v20210629.jar:/home/runner/.m2/repository/org/eclipse/jetty/jetty-http/9.4.43.v20210629/jetty-http-9.4.43.v20210629.jar:/home/runner/.m2/repository/org/eclipse/jetty/jetty-io/9.4.43.v20210629/jetty-io-9.4.43.v20210629.jar:/home/runner/.m2/repository/org/eclipse/jetty/jetty-webapp/9.4.43.v20210629/jetty-webapp-9.4.43.v20210629.jar:/home/runner/.m2/repository/org/eclipse/jetty/jetty-xml/9.4.43.v20210629/jetty-xml-9.4.43.v20210629.jar:/home/runner/.m2/repository/org/apache/hadoop/hadoop-common/3.3.1/hadoop-common-3.3.1.jar:/home/runner/.m2/repository/commons-net/commons-net/3.6/commons-net-3.6.jar:/home/runner/.m2/repository/jakarta/activation/jakarta.activation-api/1.2.1/jakarta.activation-api-1.2.1.jar:/home/runner/.m2/repository/com/sun/jersey/jersey-servlet/1.19/jersey-servlet-1.19.jar:/home/runner/.m2/repository/com/sun/jersey/jersey-json/1.19/jersey-json-1.19.jar:/home/runner/.m2/repository/org/codehaus/jettison/jettison/1.1/jettison-1.1.jar:/home/runner/.m2/repository/com/sun/xml/bind/jaxb-impl/2.2.3-1/jaxb-impl-2.2.3-1.jar:/home/runner/.m2/repository/org/codehaus/jackson/jackson-jaxrs/1.9.2/jackson-jaxrs-1.9.2.jar:/home/runner/.m2/repository/org/codehaus/jackson/jackson-xc/1.9.2/jackson-xc-1.9.2.jar:/home/runner/.m2/repository/org/apache/commons/commons-configuration2/2.1.1/commons-configuration2-2.1.1.jar:/home/runner/.m2/repository/org/apache/commons/commons-text/1.4/commons-text-1.4.jar:/home/runner/.m2/repository/com/google/re2j/re2j/1.1/re2j-1.1.jar:/home/runner/.m2/repository/com/jcraft/jsch/0.1.54/jsch-0.1.54.jar:/home/runner/.m2/repository/org/apache/curator/curator-client/4.2.0/curator-client-4.2.0.jar:/home/runner/.m2/repository/org/apache/curator/curator-recipes/4.2.0/curator-recipes-4.2.0.jar:/home/runner/.m2/repository/org/apache/kerby/kerb-core/1.0.1/kerb-core-1.0.1.jar:/home/runner/.m2/repository/org/apache/kerby/kerby-pkix/1.0.1/kerby-pkix-1.0.1.jar:/home/runner/.m2/repository/org/apache/kerby/kerby-asn1/1.0.1/kerby-asn1-1.0.1.jar:/home/runner/.m2/repository/org/apache/kerby/kerby-util/1.0.1/kerby-util-1.0.1.jar:/home/runner/.m2/repository/dnsjava/dnsjava/2.1.7/dnsjava-2.1.7.jar:/home/runner/.m2/repository/org/xerial/snappy/snappy-java/1.1.8.2/snappy-java-1.1.8.2.jar:/home/runner/.m2/repository/org/slf4j/jul-to-slf4j/1.7.30/jul-to-slf4j-1.7.30.jar:/home/runner/.m2/repository/org/eclipse/jetty/jetty-util/9.4.43.v20210629/jetty-util-9.4.43.v20210629.jar:/home/runner/.m2/repository/com/fasterxml/jackson/core/jackson-databind/2.12.1/jackson-databind-2.12.1.jar:/home/runner/.m2/repository/org/apache/hadoop/hadoop-kms/3.3.1/hadoop-kms-3.3.1-tests.jar:/home/runner/.m2/repository/org/apache/ozone/hdds-server-scm/1.3.0-SNAPSHOT/hdds-server-scm-1.3.0-SNAPSHOT-tests.jar:/home/runner/.m2/repository/org/apache/ozone/hdds-container-service/1.3.0-SNAPSHOT/hdds-container-service-1.3.0-SNAPSHOT-tests.jar:/home/runner/.m2/repository/commons-codec/commons-codec/1.11/commons-codec-1.11.jar:/home/runner/.m2/repository/io/netty/netty-transport/4.1.63.Final/netty-transport-4.1.63.Final.jar:/home/runner/.m2/repository/io/netty/netty-resolver/4.1.63.Final/netty-resolver-4.1.63.Final.jar:/home/runner/.m2/repository/io/netty/netty-codec/4.1.63.Final/netty-codec-4.1.63.Final.jar:/home/runner/.m2/repository/io/netty/netty-handler/4.1.63.Final/netty-handler-4.1.63.Final.jar:/home/runner/.m2/repository/org/apache/ozone/hdds-hadoop-dependency-test/1.3.0-SNAPSHOT/hdds-hadoop-dependency-test-1.3.0-SNAPSHOT.jar:/home/runner/.m2/repository/org/apache/hadoop/hadoop-common/3.3.1/hadoop-common-3.3.1-tests.jar:/home/runner/.m2/repository/org/assertj/assertj-core/3.12.2/assertj-core-3.12.2.jar:/home/runner/.m2/repository/org/apache/hadoop/hadoop-hdfs/3.3.1/hadoop-hdfs-3.3.1-tests.jar:/home/runner/.m2/repository/org/eclipse/jetty/jetty-util-ajax/9.4.43.v20210629/jetty-util-ajax-9.4.43.v20210629.jar:/home/runner/.m2/repository/commons-daemon/commons-daemon/1.0.13/commons-daemon-1.0.13.jar:/home/runner/.m2/repository/io/netty/netty/3.10.6.Final/netty-3.10.6.Final.jar:/home/runner/.m2/repository/io/netty/netty-all/4.1.63.Final/netty-all-4.1.63.Final.jar:/home/runner/.m2/repository/org/apache/htrace/htrace-core4/4.1.0-incubating/htrace-core4-4.1.0-incubating.jar:/home/runner/.m2/repository/org/fusesource/leveldbjni/leveldbjni-all/1.8/leveldbjni-all-1.8.jar:/home/runner/.m2/repository/org/apache/hadoop/hadoop-distcp/3.3.1/hadoop-distcp-3.3.1.jar:/home/runner/.m2/repository/org/apache/hadoop/hadoop-mapreduce-client-jobclient/3.3.1/hadoop-mapreduce-client-jobclient-3.3.1.jar:/home/runner/.m2/repository/org/apache/hadoop/hadoop-mapreduce-client-common/3.3.1/hadoop-mapreduce-client-common-3.3.1.jar:/home/runner/.m2/repository/org/apache/hadoop/hadoop-yarn-common/3.3.1/hadoop-yarn-common-3.3.1.jar:/home/runner/.m2/repository/org/apache/hadoop/hadoop-yarn-api/3.3.1/hadoop-yarn-api-3.3.1.jar:/home/runner/.m2/repository/com/sun/jersey/jersey-client/1.19/jersey-client-1.19.jar:/home/runner/.m2/repository/com/sun/jersey/contribs/jersey-guice/1.19/jersey-guice-1.19.jar:/home/runner/.m2/repository/com/fasterxml/jackson/jaxrs/jackson-jaxrs-json-provider/2.12.1/jackson-jaxrs-json-provider-2.12.1.jar:/home/runner/.m2/repository/com/fasterxml/jackson/jaxrs/jackson-jaxrs-base/2.12.1/jackson-jaxrs-base-2.12.1.jar:/home/runner/.m2/repository/org/apache/hadoop/hadoop-yarn-client/3.3.1/hadoop-yarn-client-3.3.1.jar:/home/runner/.m2/repository/org/eclipse/jetty/websocket/websocket-client/9.4.40.v20210413/websocket-client-9.4.40.v20210413.jar:/home/runner/.m2/repository/org/eclipse/jetty/jetty-client/9.4.40.v20210413/jetty-client-9.4.40.v20210413.jar:/home/runner/.m2/repository/org/eclipse/jetty/websocket/websocket-common/9.4.40.v20210413/websocket-common-9.4.40.v20210413.jar:/home/runner/.m2/repository/org/eclipse/jetty/websocket/websocket-api/9.4.40.v20210413/websocket-api-9.4.40.v20210413.jar:/home/runner/.m2/repository/org/jline/jline/3.9.0/jline-3.9.0.jar:/home/runner/.m2/repository/org/apache/hadoop/hadoop-mapreduce-client-core/3.3.1/hadoop-mapreduce-client-core-3.3.1.jar:/home/runner/.m2/repository/org/apache/avro/avro/1.7.7/avro-1.7.7.jar:/home/runner/.m2/repository/org/codehaus/jackson/jackson-core-asl/1.9.13/jackson-core-asl-1.9.13.jar:/home/runner/.m2/repository/org/codehaus/jackson/jackson-mapper-asl/1.9.13/jackson-mapper-asl-1.9.13.jar:/home/runner/.m2/repository/com/thoughtworks/paranamer/paranamer/2.3/paranamer-2.3.jar:/home/runner/.m2/repository/org/apache/hadoop/hadoop-annotations/3.3.1/hadoop-annotations-3.3.1.jar:/usr/lib/jvm/adoptopenjdk-8-hotspot-amd64/jre/../lib/tools.jar:/home/runner/.m2/repository/org/apache/hadoop/hadoop-distcp/3.3.1/hadoop-distcp-3.3.1-tests.jar:/home/runner/.m2/repository/org/apache/ratis/ratis-common/2.2.0/ratis-common-2.2.0.jar:/home/runner/.m2/repository/org/apache/ratis/ratis-thirdparty-misc/0.7.0/ratis-thirdparty-misc-0.7.0.jar:/home/runner/.m2/repository/org/apache/ratis/ratis-proto/2.2.0/ratis-proto-2.2.0.jar:"/>
    <property name="sun.cpu.endian" value="little"/>
    <property name="user.home" value="/home/runner"/>
    <property name="user.language" value="en"/>
    <property name="java.specification.vendor" value="Oracle Corporation"/>
    <property name="java.home" value="/usr/lib/jvm/adoptopenjdk-8-hotspot-amd64/jre"/>
    <property name="java.security.krb5.conf" value="/home/runner/work/ozone/ozone/hadoop-ozone/integration-test/target/test-classes/krb5.conf"/>
    <property name="basedir" value="/home/runner/work/ozone/ozone/hadoop-ozone/integration-test"/>
    <property name="file.separator" value="/"/>
    <property name="line.separator" value="&#10;"/>
    <property name="java.vm.specification.vendor" value="Oracle Corporation"/>
    <property name="java.specification.name" value="Java Platform API Specification"/>
    <property name="java.awt.graphicsenv" value="sun.awt.X11GraphicsEnvironment"/>
    <property name="skip.installnpx" value="true"/>
    <property name="surefire.real.class.path" value="/home/runner/work/ozone/ozone/hadoop-ozone/integration-test/target/surefire/surefirebooter5403423853048413301.jar:/home/runner/.m2/repository/org/jacoco/org.jacoco.agent/0.8.5/org.jacoco.agent-0.8.5-runtime.jar"/>
    <property name="hadoop.log.dir" value="/home/runner/work/ozone/ozone/hadoop-ozone/integration-test/target/log"/>
    <property name="sun.boot.class.path" value="/usr/lib/jvm/adoptopenjdk-8-hotspot-amd64/jre/lib/resources.jar:/usr/lib/jvm/adoptopenjdk-8-hotspot-amd64/jre/lib/rt.jar:/usr/lib/jvm/adoptopenjdk-8-hotspot-amd64/jre/lib/sunrsasign.jar:/usr/lib/jvm/adoptopenjdk-8-hotspot-amd64/jre/lib/jsse.jar:/usr/lib/jvm/adoptopenjdk-8-hotspot-amd64/jre/lib/jce.jar:/usr/lib/jvm/adoptopenjdk-8-hotspot-amd64/jre/lib/charsets.jar:/usr/lib/jvm/adoptopenjdk-8-hotspot-amd64/jre/lib/jfr.jar:/usr/lib/jvm/adoptopenjdk-8-hotspot-amd64/jre/classes"/>
    <property name="sun.management.compiler" value="HotSpot 64-Bit Tiered Compilers"/>
    <property name="skip.npx" value="true"/>
    <property name="java.runtime.version" value="1.8.0_292-b10"/>
    <property name="java.net.preferIPv4Stack" value="true"/>
    <property name="user.name" value="runner"/>
    <property name="path.separator" value=":"/>
    <property name="java.security.egd" value="file:///dev/urandom"/>
    <property name="os.version" value="5.4.0-1063-azure"/>
    <property name="java.endorsed.dirs" value="/usr/lib/jvm/adoptopenjdk-8-hotspot-amd64/jre/lib/endorsed"/>
    <property name="java.runtime.name" value="OpenJDK Runtime Environment"/>
    <property name="file.encoding" value="UTF-8"/>
    <property name="java.vm.name" value="OpenJDK 64-Bit Server VM"/>
    <property name="test.build.webapps" value=""/>
    <property name="localRepository" value="/home/runner/.m2/repository"/>
    <property name="java.vendor.url.bug" value="https://github.com/AdoptOpenJDK/openjdk-support/issues"/>
    <property name="java.io.tmpdir" value="/tmp"/>
    <property name="require.test.libhadoop" value=""/>
    <property name="java.version" value="1.8.0_292"/>
    <property name="user.dir" value="/home/runner/work/ozone/ozone/hadoop-ozone/integration-test"/>
    <property name="os.arch" value="amd64"/>
    <property name="java.vm.specification.name" value="Java Virtual Machine Specification"/>
    <property name="test.build.classes" value="/home/runner/work/ozone/ozone/hadoop-ozone/integration-test/target/test-classes"/>
    <property name="java.awt.printerjob" value="sun.print.PSPrinterJob"/>
    <property name="sun.os.patch.level" value="unknown"/>
    <property name="hadoop.tmp.dir" value="/home/runner/work/ozone/ozone/hadoop-ozone/integration-test/target/tmp"/>
    <property name="java.library.path" value="/usr/java/packages/lib/amd64:/usr/lib64:/lib64:/lib:/usr/lib"/>
    <property name="java.vm.info" value="mixed mode"/>
    <property name="java.vendor" value="AdoptOpenJDK"/>
    <property name="java.vm.version" value="25.292-b10"/>
    <property name="java.ext.dirs" value="/usr/lib/jvm/adoptopenjdk-8-hotspot-amd64/jre/lib/ext:/usr/java/packages/lib/ext"/>
    <property name="sun.io.unicode.encoding" value="UnicodeLittle"/>
    <property name="java.class.version" value="52.0"/>
  </properties>
  <testcase name="testDataNodeAndSCMFailuresTogetherDuringDataNodeUpgrade" classname="org.apache.hadoop.hdds.upgrade.TestHDDSUpgrade" time="0">
    <skipped/>
  </testcase>
  <testcase name="testDataNodeAndSCMFailuresTogetherDuringSCMUpgrade" classname="org.apache.hadoop.hdds.upgrade.TestHDDSUpgrade" time="0">
    <skipped/>
  </testcase>
  <testcase name="testScmFailuresAfterScmPostFinalizeUpgrade" classname="org.apache.hadoop.hdds.upgrade.TestHDDSUpgrade" time="68.562"/>
  <testcase name="testScmFailuresAfterScmPreFinalizeUpgrade" classname="org.apache.hadoop.hdds.upgrade.TestHDDSUpgrade" time="28.295"/>
  <testcase name="testAllDataNodeFailuresAfterScmPreFinalizeUpgrade" classname="org.apache.hadoop.hdds.upgrade.TestHDDSUpgrade" time="48.284"/>
  <testcase name="testAllDataNodeFailuresBeforeScmPreFinalizeUpgrade" classname="org.apache.hadoop.hdds.upgrade.TestHDDSUpgrade" time="59.247"/>
  <testcase name="testScmFailuresAfterScmCompleteFinalization" classname="org.apache.hadoop.hdds.upgrade.TestHDDSUpgrade" time="68.074">
    <failure message="Timeout waiting for Upgrade to complete on SCM." type="java.lang.AssertionError">java.lang.AssertionError: Timeout waiting for Upgrade to complete on SCM.
	at org.junit.Assert.fail(Assert.java:89)
	at org.apache.hadoop.hdds.upgrade.TestHDDSUpgrade.testPostUpgradeConditionsSCM(TestHDDSUpgrade.java:248)
	at org.apache.hadoop.hdds.upgrade.TestHDDSUpgrade.testFinalizationWithFailureInjectionHelper(TestHDDSUpgrade.java:1065)
	at org.apache.hadoop.hdds.upgrade.TestHDDSUpgrade.testScmFailuresAfterScmCompleteFinalization(TestHDDSUpgrade.java:717)
	at sun.reflect.NativeMethodAccessorImpl.invoke0(Native Method)
	at sun.reflect.NativeMethodAccessorImpl.invoke(NativeMethodAccessorImpl.java:62)
	at sun.reflect.DelegatingMethodAccessorImpl.invoke(DelegatingMethodAccessorImpl.java:43)
	at java.lang.reflect.Method.invoke(Method.java:498)
	at org.junit.runners.model.FrameworkMethod$1.runReflectiveCall(FrameworkMethod.java:59)
	at org.junit.internal.runners.model.ReflectiveCallable.run(ReflectiveCallable.java:12)
	at org.junit.runners.model.FrameworkMethod.invokeExplosively(FrameworkMethod.java:56)
	at org.junit.internal.runners.statements.InvokeMethod.evaluate(InvokeMethod.java:17)
	at org.junit.internal.runners.statements.RunBefores.evaluate(RunBefores.java:26)
	at org.junit.internal.runners.statements.RunAfters.evaluate(RunAfters.java:27)
	at org.junit.internal.runners.statements.FailOnTimeout$CallableStatement.call(FailOnTimeout.java:288)
	at org.junit.internal.runners.statements.FailOnTimeout$CallableStatement.call(FailOnTimeout.java:282)
	at java.util.concurrent.FutureTask.run(FutureTask.java:266)
	at java.lang.Thread.run(Thread.java:748)
</failure>
    <system-out><![CDATA[2021-11-30 01:53:52,308 [Time-limited test] INFO  ha.SequenceIdGenerator (SequenceIdGenerator.java:getNextId(127)) - Allocate a batch for containerId, change lastId from 0 to 1000.
2021-11-30 01:53:52,315 [Mini-Cluster-Provider-Reap] INFO  ipc.Server (Server.java:stop(3414)) - Stopping server on 37859
2021-11-30 01:53:52,323 [IPC Server Responder] INFO  ipc.Server (Server.java:run(1512)) - Stopping IPC Server Responder
2021-11-30 01:53:52,323 [IPC Server listener on 0] INFO  ipc.Server (Server.java:run(1376)) - Stopping IPC Server listener on 0
2021-11-30 01:53:52,324 [Mini-Cluster-Provider-Reap] INFO  server.RaftServer (RaftServerProxy.java:lambda$close$6(391)) - om1: close
2021-11-30 01:53:52,324 [Mini-Cluster-Provider-Reap] INFO  server.RaftServer$Division (RaftServerImpl.java:lambda$close$4(412)) - om1@group-C5BA1605619E: shutdown
2021-11-30 01:53:52,324 [Mini-Cluster-Provider-Reap] INFO  util.JmxRegister (JmxRegister.java:unregister(73)) - Successfully un-registered JMX Bean with object name Ratis:service=RaftServer,group=group-C5BA1605619E,id=om1
2021-11-30 01:53:52,324 [Mini-Cluster-Provider-Reap] INFO  impl.RoleInfo (RoleInfo.java:shutdownLeaderState(91)) - om1: shutdown om1@group-C5BA1605619E-LeaderStateImpl
2021-11-30 01:53:52,324 [Mini-Cluster-Provider-Reap] INFO  impl.PendingRequests (PendingRequests.java:sendNotLeaderResponses(282)) - om1@group-C5BA1605619E-PendingRequests: sendNotLeaderResponses
2021-11-30 01:53:52,339 [EventQueue-OpenPipelineForHealthyPipelineSafeModeRule] INFO  safemode.SCMSafeModeManager (HealthyPipelineSafeModeRule.java:process(124)) - SCM in safe mode. Healthy pipelines reported count is 0, required healthy pipeline reported count is 1
2021-11-30 01:53:52,356 [Mini-Cluster-Provider-Reap] INFO  impl.StateMachineUpdater (StateMachineUpdater.java:stopAndJoin(149)) - om1@group-C5BA1605619E-StateMachineUpdater: set stopIndex = 8
2021-11-30 01:53:52,356 [om1@group-C5BA1605619E-StateMachineUpdater] INFO  ratis.OzoneManagerStateMachine (OzoneManagerStateMachine.java:takeSnapshot(417)) - Current Snapshot Index (t:1, i:8)
2021-11-30 01:53:52,356 [om1@group-C5BA1605619E-StateMachineUpdater] INFO  impl.StateMachineUpdater (StateMachineUpdater.java:takeSnapshot(281)) - om1@group-C5BA1605619E-StateMachineUpdater: Took a snapshot at index 8
2021-11-30 01:53:52,356 [om1@group-C5BA1605619E-StateMachineUpdater] INFO  impl.StateMachineUpdater (StateMachineUpdater.java:lambda$new$0(89)) - om1@group-C5BA1605619E-StateMachineUpdater: snapshotIndex: updateIncreasingly -1 -> 8
2021-11-30 01:53:52,356 [om1@group-C5BA1605619E-StateMachineUpdater] INFO  ratis.OzoneManagerStateMachine (OzoneManagerStateMachine.java:close(471)) - StateMachine has shutdown. Shutdown OzoneManager if not already shutdown.
2021-11-30 01:53:52,372 [Mini-Cluster-Provider-Reap] INFO  server.RaftServer$Division (ServerState.java:close(419)) - om1@group-C5BA1605619E: closes. applyIndex: 8
2021-11-30 01:53:52,373 [om1@group-C5BA1605619E-SegmentedRaftLogWorker] INFO  segmented.SegmentedRaftLogWorker (SegmentedRaftLogWorker.java:run(327)) - om1@group-C5BA1605619E-SegmentedRaftLogWorker was interrupted, exiting. There are 0 tasks remaining in the queue.
2021-11-30 01:53:52,374 [Mini-Cluster-Provider-Reap] INFO  segmented.SegmentedRaftLogWorker (SegmentedRaftLogWorker.java:close(237)) - om1@group-C5BA1605619E-SegmentedRaftLogWorker close()
2021-11-30 01:53:52,374 [Mini-Cluster-Provider-Reap] INFO  server.GrpcService (GrpcService.java:closeImpl(262)) - om1: shutdown server with port 33083 now
2021-11-30 01:53:52,375 [Mini-Cluster-Provider-Reap] INFO  server.GrpcService (GrpcService.java:closeImpl(271)) - om1: shutdown server with port 33083 successfully
2021-11-30 01:53:52,410 [org.apache.ratis.util.JvmPauseMonitor$$Lambda$540/495036108@30b8cb] INFO  util.JvmPauseMonitor (JvmPauseMonitor.java:run(109)) - JvmPauseMonitor-om1: Stopped
2021-11-30 01:53:52,411 [Mini-Cluster-Provider-Reap] INFO  ratis.OzoneManagerDoubleBuffer (OzoneManagerDoubleBuffer.java:stop(437)) - Stopping OMDoubleBuffer flush thread
2021-11-30 01:53:52,415 [OMDoubleBufferFlushThread] INFO  ratis.OzoneManagerDoubleBuffer (OzoneManagerDoubleBuffer.java:flushTransactions(356)) - OMDoubleBuffer flush thread OMDoubleBufferFlushThread is interrupted and will exit. OMDoubleBufferFlushThread
2021-11-30 01:53:52,420 [Mini-Cluster-Provider-Reap] INFO  utils.BackgroundService (BackgroundService.java:shutdown(132)) - Shutting down service KeyDeletingService
2021-11-30 01:53:52,420 [Mini-Cluster-Provider-Reap] INFO  utils.BackgroundService (BackgroundService.java:shutdown(132)) - Shutting down service DirectoryDeletingService
2021-11-30 01:53:52,439 [Mini-Cluster-Provider-Reap] INFO  handler.ContextHandler (ContextHandler.java:doStop(1153)) - Stopped o.e.j.w.WebAppContext@26f4e66e{ozoneManager,/,null,STOPPED}{file:/home/runner/work/ozone/ozone/hadoop-ozone/integration-test/target/test-classes/webapps/ozoneManager}
2021-11-30 01:53:52,440 [Mini-Cluster-Provider-Reap] INFO  server.AbstractConnector (AbstractConnector.java:doStop(381)) - Stopped ServerConnector@1adf703b{HTTP/1.1, (http/1.1)}{0.0.0.0:0}
2021-11-30 01:53:52,440 [Mini-Cluster-Provider-Reap] INFO  server.session (HouseKeeper.java:stopScavenging(149)) - node0 Stopped scavenging
2021-11-30 01:53:52,440 [Mini-Cluster-Provider-Reap] INFO  handler.ContextHandler (ContextHandler.java:doStop(1153)) - Stopped o.e.j.s.ServletContextHandler@215017a8{static,/static,file:///home/runner/work/ozone/ozone/hadoop-ozone/integration-test/target/test-classes/webapps/static,STOPPED}
2021-11-30 01:53:52,440 [Mini-Cluster-Provider-Reap] INFO  handler.ContextHandler (ContextHandler.java:doStop(1153)) - Stopped o.e.j.s.ServletContextHandler@43b19f7{logs,/logs,file:///home/runner/work/ozone/ozone/hadoop-ozone/integration-test/target/log,STOPPED}
2021-11-30 01:53:52,523 [Mini-Cluster-Provider-Reap] INFO  ozone.MiniOzoneClusterImpl (MiniOzoneClusterImpl.java:stopDatanodes(527)) - Stopping the HddsDatanodes
2021-11-30 01:53:52,689 [Listener at 127.0.0.1/43807] INFO  ozone.MiniOzoneClusterImpl (MiniOzoneClusterImpl.java:lambda$waitForClusterToBeReady$0(235)) - Nodes are ready. Got 3 of 3 DN Heartbeats.
2021-11-30 01:53:52,689 [Listener at 127.0.0.1/43807] INFO  ozone.MiniOzoneClusterImpl (MiniOzoneClusterImpl.java:lambda$waitForClusterToBeReady$0(238)) - Waiting for cluster to exit safe mode
2021-11-30 01:53:52,689 [Listener at 127.0.0.1/43807] INFO  ozone.MiniOzoneClusterImpl (MiniOzoneClusterImpl.java:lambda$waitForClusterToBeReady$0(240)) - SCM became leader
2021-11-30 01:53:52,909 [Time-limited test] INFO  rpc.RpcClient (RpcClient.java:createVolume(389)) - Creating Volume: testhddsupgrade, with runner as owner and space quota set to -1 bytes, counts quota set to -1
2021-11-30 01:53:52,936 [OM StateMachine ApplyTransaction Thread - 0] INFO  volume.OMVolumeCreateRequest (OMVolumeCreateRequest.java:validateAndUpdateCache(195)) - created volume:testhddsupgrade for user:runner
2021-11-30 01:53:53,038 [Time-limited test] INFO  rpc.RpcClient (RpcClient.java:createBucket(549)) - Creating Bucket: testhddsupgrade/testhddsupgrade, with Versioning false and Storage Type set to DISK and Encryption set to false 
2021-11-30 01:53:53,112 [EventQueue-OpenPipelineForHealthyPipelineSafeModeRule] INFO  safemode.SCMSafeModeManager (HealthyPipelineSafeModeRule.java:process(124)) - SCM in safe mode. Healthy pipelines reported count is 0, required healthy pipeline reported count is 1
2021-11-30 01:53:53,143 [EventQueue-OpenPipelineForHealthyPipelineSafeModeRule] INFO  safemode.SCMSafeModeManager (HealthyPipelineSafeModeRule.java:process(124)) - SCM in safe mode. Healthy pipelines reported count is 0, required healthy pipeline reported count is 1
2021-11-30 01:53:53,167 [IPC Server handler 7 on default port 35983] WARN  ha.SequenceIdGenerator (SequenceIdGenerator.java:allocateBatch(235)) - Failed to allocate a batch for localId, expected lastId is 0, actual lastId is 107544261427200000.
2021-11-30 01:53:53,167 [IPC Server handler 7 on default port 35983] INFO  ha.SequenceIdGenerator (SequenceIdGenerator.java:getNextId(127)) - Allocate a batch for localId, change lastId from 107544261427200000 to 107544261427201000.
2021-11-30 01:53:53,691 [Listener at 127.0.0.1/43807] INFO  ozone.MiniOzoneClusterImpl (MiniOzoneClusterImpl.java:lambda$waitForClusterToBeReady$0(235)) - Nodes are ready. Got 3 of 3 DN Heartbeats.
2021-11-30 01:53:53,691 [Listener at 127.0.0.1/43807] INFO  ozone.MiniOzoneClusterImpl (MiniOzoneClusterImpl.java:lambda$waitForClusterToBeReady$0(238)) - Waiting for cluster to exit safe mode
2021-11-30 01:53:53,691 [Listener at 127.0.0.1/43807] INFO  ozone.MiniOzoneClusterImpl (MiniOzoneClusterImpl.java:lambda$waitForClusterToBeReady$0(240)) - SCM became leader
2021-11-30 01:53:53,774 [Time-limited test] INFO  upgrade.UpgradeFinalizer (BasicUpgradeFinalizer.java:logAndEmit(342)) - Finalization started.
2021-11-30 01:53:53,775 [Time-limited test] INFO  pipeline.BackgroundPipelineCreator (BackgroundPipelineCreator.java:stop(158)) - Stopping RatisPipelineUtilsThread.
2021-11-30 01:53:53,775 [Time-limited test] INFO  pipeline.PipelineManagerImpl (PipelineManagerImpl.java:closePipeline(349)) - Pipeline Pipeline[ Id: 4e177030-b425-4307-8ae3-4c486511c01e, Nodes: 52ddde08-a88d-428a-ba47-2b9cb8cb0234{ip: 10.1.0.55, host: fv-az270-622.tacnzluakwdehk1hpragurqkma.bx.internal.cloudapp.net, ports: [REPLICATION=35131, RATIS=42185, RATIS_ADMIN=42185, RATIS_SERVER=42185, STANDALONE=40929], networkLocation: /default-rack, certSerialId: null, persistedOpState: IN_SERVICE, persistedOpStateExpiryEpochSec: 0}, ReplicationConfig: RATIS/ONE, State:OPEN, leaderId:52ddde08-a88d-428a-ba47-2b9cb8cb0234, CreationTimestamp2021-11-30T01:52:10.914Z[Etc/UTC]] moved to CLOSED state
2021-11-30 01:53:53,775 [Time-limited test] INFO  pipeline.PipelineManagerImpl (PipelineManagerImpl.java:closePipeline(349)) - Pipeline Pipeline[ Id: a06a9af5-3cb4-4f2c-a81c-b3245b137bfd, Nodes: bda8f095-9727-4182-b919-347ea6898078{ip: 10.1.0.55, host: fv-az270-622.tacnzluakwdehk1hpragurqkma.bx.internal.cloudapp.net, ports: [REPLICATION=45377, RATIS=35495, RATIS_ADMIN=35495, RATIS_SERVER=35495, STANDALONE=39265], networkLocation: /default-rack, certSerialId: null, persistedOpState: IN_SERVICE, persistedOpStateExpiryEpochSec: 0}, ReplicationConfig: RATIS/ONE, State:OPEN, leaderId:bda8f095-9727-4182-b919-347ea6898078, CreationTimestamp2021-11-30T01:52:11.331Z[Etc/UTC]] moved to CLOSED state
2021-11-30 01:53:53,776 [Time-limited test] INFO  pipeline.PipelineManagerImpl (PipelineManagerImpl.java:closePipeline(349)) - Pipeline Pipeline[ Id: 7508b931-d4ec-42e1-b42b-1b531bf3daf9, Nodes: 52ddde08-a88d-428a-ba47-2b9cb8cb0234{ip: 10.1.0.55, host: fv-az270-622.tacnzluakwdehk1hpragurqkma.bx.internal.cloudapp.net, ports: [REPLICATION=35131, RATIS=42185, RATIS_ADMIN=42185, RATIS_SERVER=42185, STANDALONE=40929], networkLocation: /default-rack, certSerialId: null, persistedOpState: IN_SERVICE, persistedOpStateExpiryEpochSec: 0}bda8f095-9727-4182-b919-347ea6898078{ip: 10.1.0.55, host: fv-az270-622.tacnzluakwdehk1hpragurqkma.bx.internal.cloudapp.net, ports: [REPLICATION=45377, RATIS=35495, RATIS_ADMIN=35495, RATIS_SERVER=35495, STANDALONE=39265], networkLocation: /default-rack, certSerialId: null, persistedOpState: IN_SERVICE, persistedOpStateExpiryEpochSec: 0}2d09c2b9-013f-46dc-9848-d30e384170ff{ip: 10.1.0.55, host: fv-az270-622.tacnzluakwdehk1hpragurqkma.bx.internal.cloudapp.net, ports: [REPLICATION=40805, RATIS=35033, RATIS_ADMIN=35033, RATIS_SERVER=35033, STANDALONE=45003], networkLocation: /default-rack, certSerialId: null, persistedOpState: IN_SERVICE, persistedOpStateExpiryEpochSec: 0}, ReplicationConfig: RATIS/THREE, State:OPEN, leaderId:52ddde08-a88d-428a-ba47-2b9cb8cb0234, CreationTimestamp2021-11-30T01:52:11.706Z[Etc/UTC]] moved to CLOSED state
2021-11-30 01:53:53,784 [Time-limited test] INFO  pipeline.PipelineManagerImpl (PipelineManagerImpl.java:closePipeline(349)) - Pipeline Pipeline[ Id: 82182487-1fe2-42da-b90f-9dd07fe5acf1, Nodes: 2d09c2b9-013f-46dc-9848-d30e384170ff{ip: 10.1.0.55, host: fv-az270-622.tacnzluakwdehk1hpragurqkma.bx.internal.cloudapp.net, ports: [REPLICATION=40805, RATIS=35033, RATIS_ADMIN=35033, RATIS_SERVER=35033, STANDALONE=45003], networkLocation: /default-rack, certSerialId: null, persistedOpState: IN_SERVICE, persistedOpStateExpiryEpochSec: 0}, ReplicationConfig: RATIS/ONE, State:OPEN, leaderId:2d09c2b9-013f-46dc-9848-d30e384170ff, CreationTimestamp2021-11-30T01:52:11.692Z[Etc/UTC]] moved to CLOSED state
2021-11-30 01:53:53,784 [Time-limited test] INFO  upgrade.UpgradeFinalizer (SCMUpgradeFinalizer.java:waitForAllPipelinesToDestroy(155)) - Waiting for all pipelines to close.
2021-11-30 01:53:53,785 [EventQueue-CloseContainerForCloseContainerEventHandler] INFO  container.CloseContainerEventHandler (CloseContainerEventHandler.java:onMessage(69)) - Close container Event triggered for container : #1
2021-11-30 01:53:53,785 [EventQueue-CloseContainerForCloseContainerEventHandler] INFO  container.CloseContainerEventHandler (CloseContainerEventHandler.java:onMessage(69)) - Close container Event triggered for container : #2
2021-11-30 01:53:53,874 [EventQueue-OpenPipelineForHealthyPipelineSafeModeRule] INFO  safemode.SCMSafeModeManager (HealthyPipelineSafeModeRule.java:process(124)) - SCM in safe mode. Healthy pipelines reported count is 0, required healthy pipeline reported count is 1
2021-11-30 01:53:54,695 [Listener at 127.0.0.1/43807] INFO  ozone.MiniOzoneClusterImpl (MiniOzoneClusterImpl.java:lambda$waitForClusterToBeReady$0(235)) - Nodes are ready. Got 3 of 3 DN Heartbeats.
2021-11-30 01:53:54,695 [Listener at 127.0.0.1/43807] INFO  ozone.MiniOzoneClusterImpl (MiniOzoneClusterImpl.java:lambda$waitForClusterToBeReady$0(238)) - Waiting for cluster to exit safe mode
2021-11-30 01:53:54,695 [Listener at 127.0.0.1/43807] INFO  ozone.MiniOzoneClusterImpl (MiniOzoneClusterImpl.java:lambda$waitForClusterToBeReady$0(240)) - SCM became leader
2021-11-30 01:53:55,079 [pool-617-thread-4] INFO  keyvalue.KeyValueContainer (KeyValueContainer.java:flushAndSyncDB(397)) - Container 1 is synced with bcsId 0.
2021-11-30 01:53:55,086 [pool-617-thread-4] INFO  keyvalue.KeyValueContainer (KeyValueContainer.java:flushAndSyncDB(397)) - Container 1 is synced with bcsId 0.
2021-11-30 01:53:55,091 [pool-617-thread-4] INFO  keyvalue.KeyValueContainer (KeyValueContainer.java:close(334)) - Container 1 is closed with bcsId 0.
2021-11-30 01:53:55,111 [EventQueue-OpenPipelineForHealthyPipelineSafeModeRule] INFO  safemode.SCMSafeModeManager (HealthyPipelineSafeModeRule.java:process(124)) - SCM in safe mode. Healthy pipelines reported count is 0, required healthy pipeline reported count is 1
2021-11-30 01:53:55,143 [EventQueue-OpenPipelineForHealthyPipelineSafeModeRule] INFO  safemode.SCMSafeModeManager (HealthyPipelineSafeModeRule.java:process(124)) - SCM in safe mode. Healthy pipelines reported count is 0, required healthy pipeline reported count is 1
2021-11-30 01:53:55,161 [pool-618-thread-4] INFO  keyvalue.KeyValueContainer (KeyValueContainer.java:flushAndSyncDB(397)) - Container 1 is synced with bcsId 0.
2021-11-30 01:53:55,162 [pool-618-thread-4] INFO  keyvalue.KeyValueContainer (KeyValueContainer.java:flushAndSyncDB(397)) - Container 1 is synced with bcsId 0.
2021-11-30 01:53:55,166 [EventQueue-IncrementalContainerReportForIncrementalContainerReportHandler] INFO  container.IncrementalContainerReportHandler (AbstractContainerReportHandler.java:updateContainerState(223)) - Moving container #1 to CLOSED state, datanode 52ddde08-a88d-428a-ba47-2b9cb8cb0234{ip: 10.1.0.55, host: fv-az270-622.tacnzluakwdehk1hpragurqkma.bx.internal.cloudapp.net, ports: [REPLICATION=35131, RATIS=42185, RATIS_ADMIN=42185, RATIS_SERVER=42185, STANDALONE=40929], networkLocation: /default-rack, certSerialId: null, persistedOpState: IN_SERVICE, persistedOpStateExpiryEpochSec: 0} reported CLOSED replica.
2021-11-30 01:53:55,167 [pool-618-thread-4] INFO  keyvalue.KeyValueContainer (KeyValueContainer.java:close(334)) - Container 1 is closed with bcsId 0.
2021-11-30 01:53:55,187 [pool-617-thread-5] INFO  keyvalue.KeyValueContainer (KeyValueContainer.java:flushAndSyncDB(397)) - Container 2 is synced with bcsId 4.
2021-11-30 01:53:55,187 [pool-617-thread-5] INFO  keyvalue.KeyValueContainer (KeyValueContainer.java:flushAndSyncDB(397)) - Container 2 is synced with bcsId 4.
2021-11-30 01:53:55,194 [pool-617-thread-5] INFO  keyvalue.KeyValueContainer (KeyValueContainer.java:close(334)) - Container 2 is closed with bcsId 4.
2021-11-30 01:53:55,221 [pool-619-thread-4] INFO  keyvalue.KeyValueContainer (KeyValueContainer.java:flushAndSyncDB(397)) - Container 1 is synced with bcsId 0.
2021-11-30 01:53:55,221 [pool-619-thread-4] INFO  keyvalue.KeyValueContainer (KeyValueContainer.java:flushAndSyncDB(397)) - Container 1 is synced with bcsId 0.
2021-11-30 01:53:55,224 [pool-619-thread-4] INFO  keyvalue.KeyValueContainer (KeyValueContainer.java:close(334)) - Container 1 is closed with bcsId 0.
2021-11-30 01:53:55,231 [EventQueue-IncrementalContainerReportForIncrementalContainerReportHandler] INFO  container.IncrementalContainerReportHandler (AbstractContainerReportHandler.java:updateContainerState(223)) - Moving container #2 to CLOSED state, datanode 52ddde08-a88d-428a-ba47-2b9cb8cb0234{ip: 10.1.0.55, host: fv-az270-622.tacnzluakwdehk1hpragurqkma.bx.internal.cloudapp.net, ports: [REPLICATION=35131, RATIS=42185, RATIS_ADMIN=42185, RATIS_SERVER=42185, STANDALONE=40929], networkLocation: /default-rack, certSerialId: null, persistedOpState: IN_SERVICE, persistedOpStateExpiryEpochSec: 0} reported CLOSED replica.
2021-11-30 01:53:55,239 [pool-618-thread-5] INFO  keyvalue.KeyValueContainer (KeyValueContainer.java:flushAndSyncDB(397)) - Container 2 is synced with bcsId 4.
2021-11-30 01:53:55,239 [pool-618-thread-5] INFO  keyvalue.KeyValueContainer (KeyValueContainer.java:flushAndSyncDB(397)) - Container 2 is synced with bcsId 4.
2021-11-30 01:53:55,267 [pool-618-thread-5] INFO  keyvalue.KeyValueContainer (KeyValueContainer.java:close(334)) - Container 2 is closed with bcsId 4.
2021-11-30 01:53:55,320 [dc0f8396-3270-4243-b3c7-3e961bd26921@group-67C1C507F71C-FollowerState] INFO  impl.FollowerState (FollowerState.java:run(134)) - dc0f8396-3270-4243-b3c7-3e961bd26921@group-67C1C507F71C-FollowerState: change to CANDIDATE, lastRpcElapsedTime:5111340450ns, electionTimeout:5086ms
2021-11-30 01:53:55,320 [dc0f8396-3270-4243-b3c7-3e961bd26921@group-67C1C507F71C-FollowerState] INFO  impl.RoleInfo (RoleInfo.java:shutdownFollowerState(108)) - dc0f8396-3270-4243-b3c7-3e961bd26921: shutdown dc0f8396-3270-4243-b3c7-3e961bd26921@group-67C1C507F71C-FollowerState
2021-11-30 01:53:55,320 [dc0f8396-3270-4243-b3c7-3e961bd26921@group-67C1C507F71C-FollowerState] INFO  server.RaftServer$Division (RaftServerImpl.java:setRole(290)) - dc0f8396-3270-4243-b3c7-3e961bd26921@group-67C1C507F71C: changes role from  FOLLOWER to CANDIDATE at term 9 for changeToCandidate
2021-11-30 01:53:55,320 [dc0f8396-3270-4243-b3c7-3e961bd26921@group-67C1C507F71C-FollowerState] INFO  server.RaftServerConfigKeys (ConfUtils.java:logGet(44)) - raft.server.leaderelection.pre-vote = false (custom)
2021-11-30 01:53:55,320 [dc0f8396-3270-4243-b3c7-3e961bd26921@group-67C1C507F71C-FollowerState] INFO  impl.RoleInfo (RoleInfo.java:updateAndGet(130)) - dc0f8396-3270-4243-b3c7-3e961bd26921: start dc0f8396-3270-4243-b3c7-3e961bd26921@group-67C1C507F71C-LeaderElection94
2021-11-30 01:53:55,324 [pool-619-thread-5] INFO  keyvalue.KeyValueContainer (KeyValueContainer.java:flushAndSyncDB(397)) - Container 2 is synced with bcsId 4.
2021-11-30 01:53:55,324 [pool-619-thread-5] INFO  keyvalue.KeyValueContainer (KeyValueContainer.java:flushAndSyncDB(397)) - Container 2 is synced with bcsId 4.
2021-11-30 01:53:55,324 [dc0f8396-3270-4243-b3c7-3e961bd26921@group-67C1C507F71C-LeaderElection94] INFO  impl.LeaderElection (LeaderElection.java:askForVotes(306)) - dc0f8396-3270-4243-b3c7-3e961bd26921@group-67C1C507F71C-LeaderElection94 ELECTION round 0: submit vote requests at term 10 for -1: [e9530b16-177a-4d62-9b2b-5478325f6dee|rpc:10.1.0.55:46549|dataStream:|priority:0, dc0f8396-3270-4243-b3c7-3e961bd26921|rpc:10.1.0.55:38493|dataStream:|priority:1, 774a0520-ea39-4160-89cc-6e289913cadd|rpc:10.1.0.55:40291|dataStream:|priority:0], old=null
2021-11-30 01:53:55,338 [pool-619-thread-5] INFO  keyvalue.KeyValueContainer (KeyValueContainer.java:close(334)) - Container 2 is closed with bcsId 4.
2021-11-30 01:53:55,364 [grpc-default-executor-5] INFO  server.RaftServer$Division (RaftServerImpl.java:requestVote(1046)) - e9530b16-177a-4d62-9b2b-5478325f6dee@group-67C1C507F71C: receive requestVote(ELECTION, dc0f8396-3270-4243-b3c7-3e961bd26921, group-67C1C507F71C, 10, (t:0, i:0))
2021-11-30 01:53:55,364 [grpc-default-executor-5] INFO  impl.VoteContext (VoteContext.java:log(48)) - e9530b16-177a-4d62-9b2b-5478325f6dee@group-67C1C507F71C-FOLLOWER: accept ELECTION from dc0f8396-3270-4243-b3c7-3e961bd26921: our priority 0 <= candidate's priority 1
2021-11-30 01:53:55,364 [grpc-default-executor-5] INFO  server.RaftServer$Division (RaftServerImpl.java:setRole(290)) - e9530b16-177a-4d62-9b2b-5478325f6dee@group-67C1C507F71C: changes role from  FOLLOWER to FOLLOWER at term 10 for candidate:dc0f8396-3270-4243-b3c7-3e961bd26921
2021-11-30 01:53:55,364 [grpc-default-executor-5] INFO  impl.RoleInfo (RoleInfo.java:shutdownFollowerState(108)) - e9530b16-177a-4d62-9b2b-5478325f6dee: shutdown e9530b16-177a-4d62-9b2b-5478325f6dee@group-67C1C507F71C-FollowerState
2021-11-30 01:53:55,364 [e9530b16-177a-4d62-9b2b-5478325f6dee@group-67C1C507F71C-FollowerState] INFO  impl.FollowerState (FollowerState.java:run(127)) - e9530b16-177a-4d62-9b2b-5478325f6dee@group-67C1C507F71C-FollowerState: Stopping now (isRunning? false, isFollower? true)
2021-11-30 01:53:55,368 [grpc-default-executor-5] INFO  impl.RoleInfo (RoleInfo.java:updateAndGet(130)) - e9530b16-177a-4d62-9b2b-5478325f6dee: start e9530b16-177a-4d62-9b2b-5478325f6dee@group-67C1C507F71C-FollowerState
2021-11-30 01:53:55,375 [EventQueue-OpenPipelineForHealthyPipelineSafeModeRule] INFO  safemode.SCMSafeModeManager (HealthyPipelineSafeModeRule.java:process(124)) - SCM in safe mode. Healthy pipelines reported count is 0, required healthy pipeline reported count is 1
2021-11-30 01:53:55,378 [grpc-default-executor-0] INFO  server.RaftServer$Division (RaftServerImpl.java:requestVote(1046)) - 774a0520-ea39-4160-89cc-6e289913cadd@group-67C1C507F71C: receive requestVote(ELECTION, dc0f8396-3270-4243-b3c7-3e961bd26921, group-67C1C507F71C, 10, (t:0, i:0))
2021-11-30 01:53:55,378 [grpc-default-executor-0] INFO  impl.VoteContext (VoteContext.java:log(48)) - 774a0520-ea39-4160-89cc-6e289913cadd@group-67C1C507F71C-FOLLOWER: accept ELECTION from dc0f8396-3270-4243-b3c7-3e961bd26921: our priority 0 <= candidate's priority 1
2021-11-30 01:53:55,378 [grpc-default-executor-0] INFO  server.RaftServer$Division (RaftServerImpl.java:setRole(290)) - 774a0520-ea39-4160-89cc-6e289913cadd@group-67C1C507F71C: changes role from  FOLLOWER to FOLLOWER at term 10 for candidate:dc0f8396-3270-4243-b3c7-3e961bd26921
2021-11-30 01:53:55,378 [grpc-default-executor-0] INFO  impl.RoleInfo (RoleInfo.java:shutdownFollowerState(108)) - 774a0520-ea39-4160-89cc-6e289913cadd: shutdown 774a0520-ea39-4160-89cc-6e289913cadd@group-67C1C507F71C-FollowerState
2021-11-30 01:53:55,383 [grpc-default-executor-0] INFO  impl.RoleInfo (RoleInfo.java:updateAndGet(130)) - 774a0520-ea39-4160-89cc-6e289913cadd: start 774a0520-ea39-4160-89cc-6e289913cadd@group-67C1C507F71C-FollowerState
2021-11-30 01:53:55,384 [774a0520-ea39-4160-89cc-6e289913cadd@group-67C1C507F71C-FollowerState] INFO  impl.FollowerState (FollowerState.java:run(143)) - 774a0520-ea39-4160-89cc-6e289913cadd@group-67C1C507F71C-FollowerState was interrupted: {}
java.lang.InterruptedException: sleep interrupted
	at java.lang.Thread.sleep(Native Method)
	at java.lang.Thread.sleep(Thread.java:340)
	at java.util.concurrent.TimeUnit.sleep(TimeUnit.java:386)
	at org.apache.ratis.util.TimeDuration.sleep(TimeDuration.java:324)
	at org.apache.ratis.util.TimeDuration.sleep(TimeDuration.java:309)
	at org.apache.ratis.server.impl.FollowerState.run(FollowerState.java:118)
2021-11-30 01:53:55,384 [grpc-default-executor-5] INFO  server.RaftServer$Division (RaftServerImpl.java:requestVote(1078)) - e9530b16-177a-4d62-9b2b-5478325f6dee@group-67C1C507F71C replies to ELECTION vote request: dc0f8396-3270-4243-b3c7-3e961bd26921<-e9530b16-177a-4d62-9b2b-5478325f6dee#0:OK-t10. Peer's state: e9530b16-177a-4d62-9b2b-5478325f6dee@group-67C1C507F71C:t10, leader=null, voted=dc0f8396-3270-4243-b3c7-3e961bd26921, raftlog=e9530b16-177a-4d62-9b2b-5478325f6dee@group-67C1C507F71C-SegmentedRaftLog:OPENED:c-1, conf=-1: [e9530b16-177a-4d62-9b2b-5478325f6dee|rpc:10.1.0.55:46549|priority:0, dc0f8396-3270-4243-b3c7-3e961bd26921|rpc:10.1.0.55:38493|priority:1, 774a0520-ea39-4160-89cc-6e289913cadd|rpc:10.1.0.55:40291|priority:0], old=null
2021-11-30 01:53:55,400 [grpc-default-executor-0] INFO  server.RaftServer$Division (RaftServerImpl.java:requestVote(1078)) - 774a0520-ea39-4160-89cc-6e289913cadd@group-67C1C507F71C replies to ELECTION vote request: dc0f8396-3270-4243-b3c7-3e961bd26921<-774a0520-ea39-4160-89cc-6e289913cadd#0:OK-t10. Peer's state: 774a0520-ea39-4160-89cc-6e289913cadd@group-67C1C507F71C:t10, leader=null, voted=dc0f8396-3270-4243-b3c7-3e961bd26921, raftlog=774a0520-ea39-4160-89cc-6e289913cadd@group-67C1C507F71C-SegmentedRaftLog:OPENED:c-1, conf=-1: [e9530b16-177a-4d62-9b2b-5478325f6dee|rpc:10.1.0.55:46549|dataStream:|priority:0, dc0f8396-3270-4243-b3c7-3e961bd26921|rpc:10.1.0.55:38493|dataStream:|priority:1, 774a0520-ea39-4160-89cc-6e289913cadd|rpc:10.1.0.55:40291|dataStream:|priority:0], old=null
2021-11-30 01:53:55,420 [dc0f8396-3270-4243-b3c7-3e961bd26921@group-67C1C507F71C-LeaderElection94] INFO  impl.LeaderElection (LeaderElection.java:logAndReturn(89)) - dc0f8396-3270-4243-b3c7-3e961bd26921@group-67C1C507F71C-LeaderElection94: ELECTION PASSED received 1 response(s) and 0 exception(s):
2021-11-30 01:53:55,420 [dc0f8396-3270-4243-b3c7-3e961bd26921@group-67C1C507F71C-LeaderElection94] INFO  impl.LeaderElection (LeaderElection.java:logAndReturn(93)) -   Response 0: dc0f8396-3270-4243-b3c7-3e961bd26921<-e9530b16-177a-4d62-9b2b-5478325f6dee#0:OK-t10
2021-11-30 01:53:55,420 [dc0f8396-3270-4243-b3c7-3e961bd26921@group-67C1C507F71C-LeaderElection94] INFO  impl.LeaderElection (LeaderElection.java:askForVotes(308)) - dc0f8396-3270-4243-b3c7-3e961bd26921@group-67C1C507F71C-LeaderElection94 ELECTION round 0: result PASSED
2021-11-30 01:53:55,420 [dc0f8396-3270-4243-b3c7-3e961bd26921@group-67C1C507F71C-LeaderElection94] INFO  impl.RoleInfo (RoleInfo.java:shutdownLeaderElection(121)) - dc0f8396-3270-4243-b3c7-3e961bd26921: shutdown dc0f8396-3270-4243-b3c7-3e961bd26921@group-67C1C507F71C-LeaderElection94
2021-11-30 01:53:55,420 [dc0f8396-3270-4243-b3c7-3e961bd26921@group-67C1C507F71C-LeaderElection94] INFO  server.RaftServer$Division (RaftServerImpl.java:setRole(290)) - dc0f8396-3270-4243-b3c7-3e961bd26921@group-67C1C507F71C: changes role from CANDIDATE to LEADER at term 10 for changeToLeader
2021-11-30 01:53:55,420 [dc0f8396-3270-4243-b3c7-3e961bd26921@group-67C1C507F71C-LeaderElection94] INFO  ratis.XceiverServerRatis (XceiverServerRatis.java:handleLeaderChangedNotification(866)) - Leader change notification received for group: group-67C1C507F71C with new leaderId: dc0f8396-3270-4243-b3c7-3e961bd26921
2021-11-30 01:53:55,421 [dc0f8396-3270-4243-b3c7-3e961bd26921@group-67C1C507F71C-LeaderElection94] INFO  server.RaftServer$Division (ServerState.java:setLeader(285)) - dc0f8396-3270-4243-b3c7-3e961bd26921@group-67C1C507F71C: change Leader from null to dc0f8396-3270-4243-b3c7-3e961bd26921 at term 10 for becomeLeader, leader elected after 51933ms
2021-11-30 01:53:55,421 [dc0f8396-3270-4243-b3c7-3e961bd26921@group-67C1C507F71C-LeaderElection94] INFO  server.RaftServerConfigKeys (ConfUtils.java:logGet(44)) - raft.server.staging.catchup.gap = 1000 (default)
2021-11-30 01:53:55,421 [dc0f8396-3270-4243-b3c7-3e961bd26921@group-67C1C507F71C-LeaderElection94] INFO  server.RaftServerConfigKeys (ConfUtils.java:logGet(44)) - raft.server.write.element-limit = 1024 (custom)
2021-11-30 01:53:55,421 [dc0f8396-3270-4243-b3c7-3e961bd26921@group-67C1C507F71C-LeaderElection94] INFO  server.RaftServerConfigKeys (ConfUtils.java:logGet(44)) - raft.server.write.byte-limit = 1024 M (=1073741824) (custom)
2021-11-30 01:53:55,421 [dc0f8396-3270-4243-b3c7-3e961bd26921@group-67C1C507F71C-LeaderElection94] INFO  server.RaftServerConfigKeys (ConfUtils.java:logGet(44)) - raft.server.watch.timeout = 180s (custom)
2021-11-30 01:53:55,421 [dc0f8396-3270-4243-b3c7-3e961bd26921@group-67C1C507F71C-LeaderElection94] INFO  server.RaftServerConfigKeys (ConfUtils.java:logGet(44)) - raft.server.watch.timeout.denomination = 1s (default)
2021-11-30 01:53:55,421 [dc0f8396-3270-4243-b3c7-3e961bd26921@group-67C1C507F71C-LeaderElection94] INFO  server.RaftServerConfigKeys (ConfUtils.java:logGet(44)) - raft.server.watch.element-limit = 65536 (default)
2021-11-30 01:53:55,422 [dc0f8396-3270-4243-b3c7-3e961bd26921@group-67C1C507F71C-LeaderElection94] INFO  server.RaftServerConfigKeys (ConfUtils.java:logGet(44)) - raft.server.write.element-limit = 1024 (custom)
2021-11-30 01:53:55,422 [dc0f8396-3270-4243-b3c7-3e961bd26921@group-67C1C507F71C-LeaderElection94] INFO  server.RaftServerConfigKeys (ConfUtils.java:logGet(44)) - raft.server.write.follower.gap.ratio.max = -1.0 (default)
2021-11-30 01:53:55,422 [dc0f8396-3270-4243-b3c7-3e961bd26921@group-67C1C507F71C-LeaderElection94] INFO  server.RaftServerConfigKeys (ConfUtils.java:logGet(44)) - raft.server.log.appender.snapshot.chunk.size.max = 16MB (=16777216) (default)
2021-11-30 01:53:55,422 [dc0f8396-3270-4243-b3c7-3e961bd26921@group-67C1C507F71C-LeaderElection94] INFO  server.RaftServerConfigKeys (ConfUtils.java:logGet(44)) - raft.server.log.appender.buffer.byte-limit = 33554432 (custom)
2021-11-30 01:53:55,422 [dc0f8396-3270-4243-b3c7-3e961bd26921@group-67C1C507F71C-LeaderElection94] INFO  server.RaftServerConfigKeys (ConfUtils.java:logGet(44)) - raft.server.log.appender.buffer.element-limit = 1 (custom)
2021-11-30 01:53:55,422 [dc0f8396-3270-4243-b3c7-3e961bd26921@group-67C1C507F71C-LeaderElection94] INFO  grpc.GrpcConfigKeys (ConfUtils.java:logGet(44)) - raft.grpc.server.leader.outstanding.appends.max = 128 (default)
2021-11-30 01:53:55,422 [dc0f8396-3270-4243-b3c7-3e961bd26921@group-67C1C507F71C-LeaderElection94] INFO  server.RaftServerConfigKeys (ConfUtils.java:logGet(44)) - raft.server.rpc.request.timeout = 60s (custom)
2021-11-30 01:53:55,422 [dc0f8396-3270-4243-b3c7-3e961bd26921@group-67C1C507F71C-LeaderElection94] INFO  server.RaftServerConfigKeys (ConfUtils.java:logGet(44)) - raft.server.log.appender.install.snapshot.enabled = false (custom)
2021-11-30 01:53:55,424 [dc0f8396-3270-4243-b3c7-3e961bd26921@group-67C1C507F71C-LeaderElection94] INFO  server.RaftServerConfigKeys (ConfUtils.java:logGet(44)) - raft.server.log.appender.snapshot.chunk.size.max = 16MB (=16777216) (default)
2021-11-30 01:53:55,424 [dc0f8396-3270-4243-b3c7-3e961bd26921@group-67C1C507F71C-LeaderElection94] INFO  server.RaftServerConfigKeys (ConfUtils.java:logGet(44)) - raft.server.log.appender.buffer.byte-limit = 33554432 (custom)
2021-11-30 01:53:55,424 [dc0f8396-3270-4243-b3c7-3e961bd26921@group-67C1C507F71C-LeaderElection94] INFO  server.RaftServerConfigKeys (ConfUtils.java:logGet(44)) - raft.server.log.appender.buffer.element-limit = 1 (custom)
2021-11-30 01:53:55,424 [dc0f8396-3270-4243-b3c7-3e961bd26921@group-67C1C507F71C-LeaderElection94] INFO  grpc.GrpcConfigKeys (ConfUtils.java:logGet(44)) - raft.grpc.server.leader.outstanding.appends.max = 128 (default)
2021-11-30 01:53:55,424 [dc0f8396-3270-4243-b3c7-3e961bd26921@group-67C1C507F71C-LeaderElection94] INFO  server.RaftServerConfigKeys (ConfUtils.java:logGet(44)) - raft.server.rpc.request.timeout = 60s (custom)
2021-11-30 01:53:55,425 [dc0f8396-3270-4243-b3c7-3e961bd26921@group-67C1C507F71C-LeaderElection94] INFO  server.RaftServerConfigKeys (ConfUtils.java:logGet(44)) - raft.server.log.appender.install.snapshot.enabled = false (custom)
2021-11-30 01:53:55,426 [dc0f8396-3270-4243-b3c7-3e961bd26921@group-67C1C507F71C-LeaderElection94] INFO  impl.RoleInfo (RoleInfo.java:updateAndGet(130)) - dc0f8396-3270-4243-b3c7-3e961bd26921: start dc0f8396-3270-4243-b3c7-3e961bd26921@group-67C1C507F71C-LeaderStateImpl
2021-11-30 01:53:55,427 [dc0f8396-3270-4243-b3c7-3e961bd26921@group-67C1C507F71C-LeaderElection94] INFO  segmented.SegmentedRaftLogWorker (SegmentedRaftLogWorker.java:startLogSegment(394)) - dc0f8396-3270-4243-b3c7-3e961bd26921@group-67C1C507F71C-SegmentedRaftLogWorker: Starting segment from index:0
2021-11-30 01:53:55,428 [EventQueue-OpenPipelineForHealthyPipelineSafeModeRule] INFO  safemode.SCMSafeModeManager (HealthyPipelineSafeModeRule.java:process(124)) - SCM in safe mode. Healthy pipelines reported count is 0, required healthy pipeline reported count is 1
2021-11-30 01:53:55,428 [EventQueue-PipelineReportForPipelineReportHandler] INFO  pipeline.PipelineManagerImpl (PipelineManagerImpl.java:openPipeline(289)) - Pipeline Pipeline[ Id: e152a80b-b5ff-4bb1-8957-67c1c507f71c, Nodes: dc0f8396-3270-4243-b3c7-3e961bd26921{ip: 10.1.0.55, host: fv-az270-622.tacnzluakwdehk1hpragurqkma.bx.internal.cloudapp.net, ports: [REPLICATION=40909, RATIS=38493, RATIS_ADMIN=38493, RATIS_SERVER=38493, STANDALONE=34817], networkLocation: /default-rack, certSerialId: null, persistedOpState: IN_SERVICE, persistedOpStateExpiryEpochSec: 0}774a0520-ea39-4160-89cc-6e289913cadd{ip: 10.1.0.55, host: fv-az270-622.tacnzluakwdehk1hpragurqkma.bx.internal.cloudapp.net, ports: [REPLICATION=37331, RATIS=40291, RATIS_ADMIN=40291, RATIS_SERVER=40291, STANDALONE=33161], networkLocation: /default-rack, certSerialId: null, persistedOpState: IN_SERVICE, persistedOpStateExpiryEpochSec: 0}e9530b16-177a-4d62-9b2b-5478325f6dee{ip: 10.1.0.55, host: fv-az270-622.tacnzluakwdehk1hpragurqkma.bx.internal.cloudapp.net, ports: [REPLICATION=34461, RATIS=46549, RATIS_ADMIN=46549, RATIS_SERVER=46549, STANDALONE=44843], networkLocation: /default-rack, certSerialId: null, persistedOpState: IN_SERVICE, persistedOpStateExpiryEpochSec: 0}, ReplicationConfig: RATIS/THREE, State:ALLOCATED, leaderId:dc0f8396-3270-4243-b3c7-3e961bd26921, CreationTimestamp2021-11-30T01:53:01.707Z[Etc/UTC]] moved to OPEN state
2021-11-30 01:53:55,429 [EventQueue-OpenPipelineForHealthyPipelineSafeModeRule] INFO  safemode.SCMSafeModeManager (HealthyPipelineSafeModeRule.java:process(124)) - SCM in safe mode. Healthy pipelines reported count is 1, required healthy pipeline reported count is 1
2021-11-30 01:53:55,429 [EventQueue-OpenPipelineForHealthyPipelineSafeModeRule] INFO  safemode.SCMSafeModeManager (SCMSafeModeManager.java:validateSafeModeExitRules(204)) - HealthyPipelineSafeModeRule rule is successfully validated
2021-11-30 01:53:55,429 [EventQueue-OpenPipelineForHealthyPipelineSafeModeRule] INFO  safemode.SCMSafeModeManager (SCMSafeModeManager.java:validateSafeModeExitRules(219)) - ScmSafeModeManager, all rules are successfully validated
2021-11-30 01:53:55,429 [EventQueue-OpenPipelineForHealthyPipelineSafeModeRule] INFO  safemode.SCMSafeModeManager (SCMSafeModeManager.java:exitSafeMode(248)) - SCM exiting safe mode.
2021-11-30 01:53:55,429 [EventQueue-OpenPipelineForHealthyPipelineSafeModeRule] WARN  events.EventQueue (EventQueue.java:fireEvent(194)) - No event handler registered for event TypedEvent{payloadType=SafeModeStatus, name='Safe mode status'}
2021-11-30 01:53:55,429 [EventQueue-OpenPipelineForHealthyPipelineSafeModeRule] INFO  ha.SCMContext (SCMContext.java:updateSafeModeStatus(205)) - Update SafeModeStatus from SafeModeStatus{safeModeStatus=true, preCheckPassed=true} to SafeModeStatus{safeModeStatus=false, preCheckPassed=true}.
2021-11-30 01:53:55,429 [EventQueue-OpenPipelineForHealthyPipelineSafeModeRule] INFO  pipeline.BackgroundPipelineCreator (BackgroundPipelineCreator.java:notifyStatusChanged(264)) - Service BackgroundPipelineCreator transitions to RUNNING.
2021-11-30 01:53:55,429 [EventQueue-OpenPipelineForHealthyPipelineSafeModeRule] INFO  container.ReplicationManager (ReplicationManager.java:notifyStatusChanged(1756)) - Service ReplicationManager transitions to RUNNING.
2021-11-30 01:53:55,429 [dc0f8396-3270-4243-b3c7-3e961bd26921@group-67C1C507F71C-SegmentedRaftLogWorker] INFO  segmented.SegmentedRaftLogWorker (SegmentedRaftLogWorker.java:execute(601)) - dc0f8396-3270-4243-b3c7-3e961bd26921@group-67C1C507F71C-SegmentedRaftLogWorker: created new log segment /home/runner/work/ozone/ozone/hadoop-ozone/integration-test/target/test-dir/MiniOzoneClusterImpl-3bb0000d-902f-48c3-8f66-5c3cf8d7a5e5/datanode-2/data/ratis/e152a80b-b5ff-4bb1-8957-67c1c507f71c/current/log_inprogress_0
2021-11-30 01:53:55,436 [dc0f8396-3270-4243-b3c7-3e961bd26921@group-67C1C507F71C-LeaderElection94] INFO  server.RaftServer$Division (ServerState.java:setRaftConf(387)) - dc0f8396-3270-4243-b3c7-3e961bd26921@group-67C1C507F71C: set configuration 0: [e9530b16-177a-4d62-9b2b-5478325f6dee|rpc:10.1.0.55:46549|dataStream:|priority:0, dc0f8396-3270-4243-b3c7-3e961bd26921|rpc:10.1.0.55:38493|dataStream:|priority:1, 774a0520-ea39-4160-89cc-6e289913cadd|rpc:10.1.0.55:40291|dataStream:|priority:0], old=null
2021-11-30 01:53:55,440 [grpc-default-executor-5] INFO  ratis.XceiverServerRatis (XceiverServerRatis.java:handleLeaderChangedNotification(866)) - Leader change notification received for group: group-67C1C507F71C with new leaderId: dc0f8396-3270-4243-b3c7-3e961bd26921
2021-11-30 01:53:55,440 [grpc-default-executor-5] INFO  server.RaftServer$Division (ServerState.java:setLeader(285)) - 774a0520-ea39-4160-89cc-6e289913cadd@group-67C1C507F71C: change Leader from null to dc0f8396-3270-4243-b3c7-3e961bd26921 at term 10 for appendEntries, leader elected after 51644ms
2021-11-30 01:53:55,446 [grpc-default-executor-5] INFO  server.RaftServer$Division (ServerState.java:setRaftConf(387)) - 774a0520-ea39-4160-89cc-6e289913cadd@group-67C1C507F71C: set configuration 0: [e9530b16-177a-4d62-9b2b-5478325f6dee|rpc:10.1.0.55:46549|dataStream:|priority:0, dc0f8396-3270-4243-b3c7-3e961bd26921|rpc:10.1.0.55:38493|dataStream:|priority:1, 774a0520-ea39-4160-89cc-6e289913cadd|rpc:10.1.0.55:40291|dataStream:|priority:0], old=null
2021-11-30 01:53:55,447 [grpc-default-executor-5] INFO  segmented.SegmentedRaftLogWorker (SegmentedRaftLogWorker.java:startLogSegment(394)) - 774a0520-ea39-4160-89cc-6e289913cadd@group-67C1C507F71C-SegmentedRaftLogWorker: Starting segment from index:0
2021-11-30 01:53:55,459 [774a0520-ea39-4160-89cc-6e289913cadd@group-67C1C507F71C-SegmentedRaftLogWorker] INFO  segmented.SegmentedRaftLogWorker (SegmentedRaftLogWorker.java:execute(601)) - 774a0520-ea39-4160-89cc-6e289913cadd@group-67C1C507F71C-SegmentedRaftLogWorker: created new log segment /home/runner/work/ozone/ozone/hadoop-ozone/integration-test/target/test-dir/MiniOzoneClusterImpl-3bb0000d-902f-48c3-8f66-5c3cf8d7a5e5/datanode-1/data/ratis/e152a80b-b5ff-4bb1-8957-67c1c507f71c/current/log_inprogress_0
2021-11-30 01:53:55,511 [grpc-default-executor-5] INFO  ratis.XceiverServerRatis (XceiverServerRatis.java:handleLeaderChangedNotification(866)) - Leader change notification received for group: group-67C1C507F71C with new leaderId: dc0f8396-3270-4243-b3c7-3e961bd26921
2021-11-30 01:53:55,511 [grpc-default-executor-5] INFO  server.RaftServer$Division (ServerState.java:setLeader(285)) - e9530b16-177a-4d62-9b2b-5478325f6dee@group-67C1C507F71C: change Leader from null to dc0f8396-3270-4243-b3c7-3e961bd26921 at term 10 for appendEntries, leader elected after 52186ms
2021-11-30 01:53:55,529 [grpc-default-executor-5] INFO  server.RaftServer$Division (ServerState.java:setRaftConf(387)) - e9530b16-177a-4d62-9b2b-5478325f6dee@group-67C1C507F71C: set configuration 0: [e9530b16-177a-4d62-9b2b-5478325f6dee|rpc:10.1.0.55:46549|dataStream:|priority:0, dc0f8396-3270-4243-b3c7-3e961bd26921|rpc:10.1.0.55:38493|dataStream:|priority:1, 774a0520-ea39-4160-89cc-6e289913cadd|rpc:10.1.0.55:40291|dataStream:|priority:0], old=null
2021-11-30 01:53:55,530 [grpc-default-executor-5] INFO  segmented.SegmentedRaftLogWorker (SegmentedRaftLogWorker.java:startLogSegment(394)) - e9530b16-177a-4d62-9b2b-5478325f6dee@group-67C1C507F71C-SegmentedRaftLogWorker: Starting segment from index:0
2021-11-30 01:53:55,531 [e9530b16-177a-4d62-9b2b-5478325f6dee@group-67C1C507F71C-SegmentedRaftLogWorker] INFO  segmented.SegmentedRaftLogWorker (SegmentedRaftLogWorker.java:execute(601)) - e9530b16-177a-4d62-9b2b-5478325f6dee@group-67C1C507F71C-SegmentedRaftLogWorker: created new log segment /home/runner/work/ozone/ozone/hadoop-ozone/integration-test/target/test-dir/MiniOzoneClusterImpl-3bb0000d-902f-48c3-8f66-5c3cf8d7a5e5/datanode-0/data/ratis/e152a80b-b5ff-4bb1-8957-67c1c507f71c/current/log_inprogress_0
2021-11-30 01:53:55,695 [Listener at 127.0.0.1/43807] INFO  ozone.MiniOzoneClusterImpl (MiniOzoneClusterImpl.java:lambda$waitForClusterToBeReady$0(235)) - Nodes are ready. Got 3 of 3 DN Heartbeats.
2021-11-30 01:53:55,695 [Listener at 127.0.0.1/43807] INFO  ozone.MiniOzoneClusterImpl (MiniOzoneClusterImpl.java:lambda$waitForClusterToBeReady$0(238)) - Cluster exits safe mode
2021-11-30 01:53:55,695 [Listener at 127.0.0.1/43807] INFO  ozone.MiniOzoneClusterImpl (MiniOzoneClusterImpl.java:lambda$waitForClusterToBeReady$0(240)) - SCM became leader
2021-11-30 01:53:55,697 [Listener at 127.0.0.1/43807] WARN  server.ServerUtils (ServerUtils.java:getScmDbDir(148)) - ozone.scm.db.dirs is not configured. We recommend adding this setting. Falling back to ozone.metadata.dirs instead.
2021-11-30 01:53:55,701 [Listener at 127.0.0.1/43807] INFO  ha.SCMHANodeDetails (SCMHANodeDetails.java:loadSCMHAConfig(157)) - ServiceID for StorageContainerManager is null
2021-11-30 01:53:55,701 [Listener at 127.0.0.1/43807] INFO  ha.SCMHANodeDetails (SCMHANodeDetails.java:loadSCMHAConfig(162)) - ozone.scm.default.service.id is not defined, falling back to ozone.scm.service.ids to find serviceID for StorageContainerManager if it is HA enabled cluster
2021-11-30 01:53:55,702 [Listener at 127.0.0.1/43807] WARN  server.ServerUtils (ServerUtils.java:getScmDbDir(148)) - ozone.scm.db.dirs is not configured. We recommend adding this setting. Falling back to ozone.metadata.dirs instead.
2021-11-30 01:53:55,702 [Listener at 127.0.0.1/43807] INFO  upgrade.AbstractLayoutVersionManager (AbstractLayoutVersionManager.java:init(79)) - Initializing Layout version manager with metadata layout = INITIAL_VERSION (version = 0), software layout = SCM_HA (version = 2)
2021-11-30 01:53:55,875 [Listener at 127.0.0.1/43807] INFO  reflections.Reflections (Reflections.java:scan(232)) - Reflections took 169 ms to scan 7 urls, producing 119 keys and 279 values 
2021-11-30 01:53:55,891 [Listener at 127.0.0.1/43807] INFO  upgrade.HDDSLayoutVersionManager (HDDSLayoutVersionManager.java:lambda$registerUpgradeActions$0(76)) - Registering Upgrade Action : ScmOnFinalizeActionForDatanodeSchemaV2
2021-11-30 01:53:55,894 [Listener at 127.0.0.1/43807] INFO  upgrade.HDDSLayoutVersionManager (HDDSLayoutVersionManager.java:lambda$registerUpgradeActions$0(76)) - Registering Upgrade Action : ScmHAFinalizeUpgradeActionDatanode
2021-11-30 01:53:55,894 [Listener at 127.0.0.1/43807] INFO  upgrade.HDDSLayoutVersionManager (HDDSLayoutVersionManager.java:lambda$registerUpgradeActions$0(76)) - Registering Upgrade Action : ScmHAUnfinalizedStateValidationAction
2021-11-30 01:53:55,903 [Listener at 127.0.0.1/43807] INFO  upgrade.HDDSLayoutVersionManager (HDDSLayoutVersionManager.java:lambda$registerUpgradeActions$0(76)) - Registering Upgrade Action : DatanodeSchemaV2FinalizeAction
2021-11-30 01:53:55,904 [Listener at 127.0.0.1/43807] WARN  utils.HAUtils (HAUtils.java:getMetaDir(342)) - ozone.scm.db.dirs is not configured. We recommend adding this setting. Falling back to ozone.metadata.dirs instead.
2021-11-30 01:53:55,906 [Listener at 127.0.0.1/43807] WARN  db.DBStoreBuilder (DBStoreBuilder.java:applyDBDefinition(145)) - ozone.scm.db.dirs is not configured. We recommend adding this setting. Falling back to ozone.metadata.dirs instead.
2021-11-30 01:53:56,252 [Listener at 127.0.0.1/43807] INFO  net.NodeSchemaLoader (NodeSchemaLoader.java:loadSchemaFromFile(129)) - Loading schema from [jar:file:/home/runner/.m2/repository/org/apache/ozone/hdds-common/1.3.0-SNAPSHOT/hdds-common-1.3.0-SNAPSHOT.jar!/network-topology-default.xml]
2021-11-30 01:53:56,252 [Listener at 127.0.0.1/43807] INFO  net.NodeSchemaLoader (NodeSchemaLoader.java:loadSchema(176)) - Loading network topology layer schema file
2021-11-30 01:53:56,259 [Listener at 127.0.0.1/43807] WARN  impl.MetricRegistriesImpl (MetricRegistriesImpl.java:addReporterRegistration(111)) - New reporters are added after registries were created. Some metrics will be missing from the reporter. Please add reporter before adding any new registry.
2021-11-30 01:53:56,260 [Listener at 127.0.0.1/43807] WARN  impl.MetricRegistriesImpl (MetricRegistriesImpl.java:addReporterRegistration(111)) - New reporters are added after registries were created. Some metrics will be missing from the reporter. Please add reporter before adding any new registry.
2021-11-30 01:53:56,260 [Listener at 127.0.0.1/43807] INFO  ha.SequenceIdGenerator (SequenceIdGenerator.java:upgradeToSequenceId(347)) - upgrade localId to 107544261427200000
2021-11-30 01:53:56,260 [Listener at 127.0.0.1/43807] INFO  ha.SequenceIdGenerator (SequenceIdGenerator.java:upgradeToSequenceId(357)) - upgrade delTxnId to 0
2021-11-30 01:53:56,260 [Listener at 127.0.0.1/43807] INFO  ha.SequenceIdGenerator (SequenceIdGenerator.java:upgradeToSequenceId(371)) - upgrade containerId to 0
2021-11-30 01:53:56,260 [Listener at 127.0.0.1/43807] INFO  ha.SequenceIdGenerator (SequenceIdGenerator.java:<init>(218)) - Init the HA SequenceIdGenerator.
2021-11-30 01:53:56,261 [Listener at 127.0.0.1/43807] INFO  node.SCMNodeManager (SCMNodeManager.java:<init>(144)) - Entering startup safe mode.
2021-11-30 01:53:56,261 [Listener at 127.0.0.1/43807] INFO  algorithms.ContainerPlacementPolicyFactory (ContainerPlacementPolicyFactory.java:getPolicy(60)) - Create container placement policy of type org.apache.hadoop.hdds.scm.container.placement.algorithms.SCMContainerPlacementRandom
2021-11-30 01:53:56,261 [Listener at 127.0.0.1/43807] INFO  pipeline.PipelineStateManagerImpl (PipelineStateManagerImpl.java:initialize(78)) - No pipeline exists in current db
2021-11-30 01:53:56,262 [Listener at 127.0.0.1/43807] INFO  algorithms.LeaderChoosePolicyFactory (LeaderChoosePolicyFactory.java:getPolicy(57)) - Create leader choose policy of type org.apache.hadoop.hdds.scm.pipeline.leader.choose.algorithms.MinLeaderCountChoosePolicy
2021-11-30 01:53:56,262 [Listener at 127.0.0.1/43807] INFO  ha.SCMServiceManager (SCMServiceManager.java:register(43)) - Registering service BackgroundPipelineCreator.
2021-11-30 01:53:56,262 [Listener at 127.0.0.1/43807] INFO  pipeline.BackgroundPipelineCreator (BackgroundPipelineCreator.java:start(130)) - Starting RatisPipelineUtilsThread.
2021-11-30 01:53:56,265 [Listener at 127.0.0.1/43807] INFO  algorithms.PipelineChoosePolicyFactory (PipelineChoosePolicyFactory.java:createPipelineChoosePolicyFromClass(73)) - Create pipeline choose policy of type org.apache.hadoop.hdds.scm.pipeline.choose.algorithms.RandomPipelineChoosePolicy
2021-11-30 01:53:56,265 [Listener at 127.0.0.1/43807] INFO  ha.SCMServiceManager (SCMServiceManager.java:register(43)) - Registering service SCMBlockDeletingService.
2021-11-30 01:53:56,265 [Listener at 127.0.0.1/43807] INFO  ha.SCMServiceManager (SCMServiceManager.java:register(43)) - Registering service ReplicationManager.
2021-11-30 01:53:56,266 [Listener at 127.0.0.1/43807] INFO  container.ReplicationManager (ReplicationManager.java:start(319)) - Starting Replication Monitor Thread.
2021-11-30 01:53:56,288 [Listener at 127.0.0.1/43807] INFO  safemode.ContainerSafeModeRule (ContainerSafeModeRule.java:<init>(89)) - containers with one replica threshold count 0
2021-11-30 01:53:56,288 [Listener at 127.0.0.1/43807] INFO  safemode.HealthyPipelineSafeModeRule (HealthyPipelineSafeModeRule.java:initializeRule(156)) - Total pipeline count is 0, healthy pipeline threshold count is 1
2021-11-30 01:53:56,288 [Listener at 127.0.0.1/43807] INFO  safemode.OneReplicaPipelineSafeModeRule (OneReplicaPipelineSafeModeRule.java:initializeRule(180)) - Total pipeline count is 0, pipeline's with at least one datanode reported threshold count is 0
2021-11-30 01:53:56,289 [Listener at 127.0.0.1/43807] INFO  ipc.CallQueueManager (CallQueueManager.java:<init>(90)) - Using callQueue: class java.util.concurrent.LinkedBlockingQueue, queueCapacity: 2000, scheduler: class org.apache.hadoop.ipc.DefaultRpcScheduler, ipcBackoff: false.
2021-11-30 01:53:56,339 [Socket Reader #1 for port 0] INFO  ipc.Server (Server.java:run(1265)) - Starting Socket Reader #1 for port 0
2021-11-30 01:53:56,347 [Listener at 0.0.0.0/41749] INFO  ipc.CallQueueManager (CallQueueManager.java:<init>(90)) - Using callQueue: class java.util.concurrent.LinkedBlockingQueue, queueCapacity: 2000, scheduler: class org.apache.hadoop.ipc.DefaultRpcScheduler, ipcBackoff: false.
2021-11-30 01:53:56,350 [Socket Reader #1 for port 0] INFO  ipc.Server (Server.java:run(1265)) - Starting Socket Reader #1 for port 0
2021-11-30 01:53:56,364 [ReplicationMonitor] INFO  container.ReplicationManager (ReplicationManager.java:processAll(371)) - Replication Monitor Thread took 0 milliseconds for processing 0 containers.
2021-11-30 01:53:56,384 [Listener at 0.0.0.0/33285] INFO  ipc.CallQueueManager (CallQueueManager.java:<init>(90)) - Using callQueue: class java.util.concurrent.LinkedBlockingQueue, queueCapacity: 2000, scheduler: class org.apache.hadoop.ipc.DefaultRpcScheduler, ipcBackoff: false.
2021-11-30 01:53:56,401 [Socket Reader #1 for port 0] INFO  ipc.Server (Server.java:run(1265)) - Starting Socket Reader #1 for port 0
2021-11-30 01:53:56,476 [Listener at 0.0.0.0/37511] INFO  algorithms.ContainerPlacementPolicyFactory (ContainerPlacementPolicyFactory.java:getPolicy(60)) - Create container placement policy of type org.apache.hadoop.hdds.scm.container.placement.algorithms.SCMContainerPlacementRandom
2021-11-30 01:53:56,478 [Listener at 0.0.0.0/37511] INFO  server.StorageContainerManager (StorageContainerManager.java:<init>(388)) - 
Container Balancer status:
Key                            Value
Running                        false
Container Balancer Configuration values:
Key                                                Value
Threshold                                          0.1
Max Datanodes to Involve per Iteration(ratio)      0.2
Max Size to Move per Iteration                     30GB
Max Size Entering Target per Iteration             1GB
Max Size Leaving Source per Iteration              1GB

2021-11-30 01:53:56,478 [Listener at 0.0.0.0/37511] WARN  events.EventQueue (EventQueue.java:fireEvent(194)) - No event handler registered for event TypedEvent{payloadType=SafeModeStatus, name='Safe mode status'}
2021-11-30 01:53:56,478 [Listener at 0.0.0.0/37511] INFO  ha.SCMContext (SCMContext.java:updateSafeModeStatus(205)) - Update SafeModeStatus from SafeModeStatus{safeModeStatus=true, preCheckPassed=false} to SafeModeStatus{safeModeStatus=true, preCheckPassed=false}.
2021-11-30 01:53:56,479 [Listener at 0.0.0.0/37511] INFO  upgrade.UpgradeFinalizer (BasicUpgradeFinalizer.java:runPrefinalizeStateActions(235)) - Running pre-finalized state validations for unfinalized layout features.
2021-11-30 01:53:56,479 [Listener at 0.0.0.0/37511] INFO  upgrade.UpgradeFinalizer (BasicUpgradeFinalizer.java:runValidationAction(264)) - Executing pre finalize state validation ScmHAUnfinalizedStateValidationAction
2021-11-30 01:53:56,479 [Listener at 0.0.0.0/37511] INFO  upgrade.UpgradeFinalizer (BasicUpgradeFinalizer.java:runPrefinalizeStateActions(248)) - Running first upgrade commands for unfinalized layout features.
2021-11-30 01:53:56,479 [Listener at 0.0.0.0/37511] INFO  server.StorageContainerManager (StorageContainerManager.java:start(1303)) - StorageContainerLocationProtocol RPC server is listening at /0.0.0.0:37511
2021-11-30 01:53:56,479 [Listener at 0.0.0.0/37511] INFO  impl.MetricsSystemImpl (MetricsSystemImpl.java:init(158)) - StorageContainerManager metrics system started (again)
2021-11-30 01:53:56,595 [Listener at 0.0.0.0/37511] INFO  server.SCMClientProtocolServer (SCMClientProtocolServer.java:start(164)) - RPC server for Client  is listening at /0.0.0.0:37511
2021-11-30 01:53:56,607 [IPC Server Responder] INFO  ipc.Server (Server.java:run(1507)) - IPC Server Responder: starting
2021-11-30 01:53:56,622 [IPC Server listener on 0] INFO  ipc.Server (Server.java:run(1344)) - IPC Server listener on 0: starting
2021-11-30 01:53:56,747 [Listener at 0.0.0.0/37511] INFO  server.StorageContainerManager (StorageContainerManager.java:start(1318)) - ScmBlockLocationProtocol RPC server is listening at /0.0.0.0:33285
2021-11-30 01:53:56,748 [Listener at 0.0.0.0/37511] INFO  server.SCMBlockProtocolServer (SCMBlockProtocolServer.java:start(151)) - RPC server for Block Protocol is listening at /0.0.0.0:33285
2021-11-30 01:53:56,748 [IPC Server Responder] INFO  ipc.Server (Server.java:run(1507)) - IPC Server Responder: starting
2021-11-30 01:53:56,748 [IPC Server listener on 0] INFO  ipc.Server (Server.java:run(1344)) - IPC Server listener on 0: starting
2021-11-30 01:53:56,750 [Listener at 0.0.0.0/37511] INFO  server.StorageContainerManager (StorageContainerManager.java:start(1324)) - ScmDatanodeProtocl RPC server is listening at /0.0.0.0:41749
2021-11-30 01:53:56,750 [Listener at 0.0.0.0/37511] INFO  server.SCMDatanodeProtocolServer (SCMDatanodeProtocolServer.java:start(181)) - RPC server for DataNodes is listening at /0.0.0.0:41749
2021-11-30 01:53:56,750 [IPC Server Responder] INFO  ipc.Server (Server.java:run(1507)) - IPC Server Responder: starting
2021-11-30 01:53:56,751 [IPC Server listener on 0] INFO  ipc.Server (Server.java:run(1344)) - IPC Server listener on 0: starting
2021-11-30 01:53:56,841 [org.apache.hadoop.util.JvmPauseMonitor$Monitor@509f55b4] INFO  util.JvmPauseMonitor (JvmPauseMonitor.java:run(188)) - Starting JVM pause monitor
2021-11-30 01:53:56,845 [Listener at 0.0.0.0/37511] INFO  http.BaseHttpServer (BaseHttpServer.java:newHttpServer2BuilderForOzone(209)) - Starting Web-server for scm at: http://0.0.0.0:0
2021-11-30 01:53:56,845 [Listener at 0.0.0.0/37511] INFO  http.BaseHttpServer (BaseHttpServer.java:<init>(107)) - Hadoop Security Enabled: false Ozone Security Enabled: false Ozone HTTP Security Enabled: false 
2021-11-30 01:53:56,846 [Listener at 0.0.0.0/37511] INFO  server.AuthenticationFilter (AuthenticationFilter.java:constructSecretProvider(240)) - Unable to initialize FileSignerSecretProvider, falling back to use random secrets.
2021-11-30 01:53:56,894 [Listener at 0.0.0.0/37511] WARN  http.HttpRequestLog (HttpRequestLog.java:getRequestLog(103)) - Jetty request log can only be enabled using Log4j
2021-11-30 01:53:56,895 [Listener at 0.0.0.0/37511] INFO  http.HttpServer2 (HttpServer2.java:addGlobalFilter(1030)) - Added global filter 'safety' (class=org.apache.hadoop.hdds.server.http.HttpServer2$QuotingInputFilter)
2021-11-30 01:53:56,896 [Listener at 0.0.0.0/37511] INFO  http.HttpServer2 (HttpServer2.java:addFilter(1006)) - Added filter static_user_filter (class=org.apache.hadoop.http.lib.StaticUserWebFilter$StaticUserFilter) to context scm
2021-11-30 01:53:56,896 [Listener at 0.0.0.0/37511] INFO  http.HttpServer2 (HttpServer2.java:addFilter(1014)) - Added filter static_user_filter (class=org.apache.hadoop.http.lib.StaticUserWebFilter$StaticUserFilter) to context logs
2021-11-30 01:53:56,896 [Listener at 0.0.0.0/37511] INFO  http.HttpServer2 (HttpServer2.java:addFilter(1014)) - Added filter static_user_filter (class=org.apache.hadoop.http.lib.StaticUserWebFilter$StaticUserFilter) to context static
2021-11-30 01:53:56,896 [Listener at 0.0.0.0/37511] INFO  http.HttpServer2 (HttpServer2.java:bindListener(1249)) - Jetty bound to port 36153
2021-11-30 01:53:56,896 [Listener at 0.0.0.0/37511] INFO  server.Server (Server.java:doStart(375)) - jetty-9.4.43.v20210629; built: 2021-06-30T11:07:22.254Z; git: 526006ecfa3af7f1a27ef3a288e2bef7ea9dd7e8; jvm 1.8.0_292-b10
2021-11-30 01:53:57,013 [Listener at 0.0.0.0/37511] INFO  server.session (DefaultSessionIdManager.java:doStart(334)) - DefaultSessionIdManager workerName=node0
2021-11-30 01:53:57,013 [Listener at 0.0.0.0/37511] INFO  server.session (DefaultSessionIdManager.java:doStart(339)) - No SessionScavenger set, using defaults
2021-11-30 01:53:57,014 [Listener at 0.0.0.0/37511] INFO  server.session (HouseKeeper.java:startScavenging(132)) - node0 Scavenging every 600000ms
2021-11-30 01:53:57,038 [Listener at 0.0.0.0/37511] INFO  handler.ContextHandler (ContextHandler.java:doStart(915)) - Started o.e.j.s.ServletContextHandler@1f4c737d{logs,/logs,file:///home/runner/work/ozone/ozone/hadoop-ozone/integration-test/target/log,AVAILABLE}
2021-11-30 01:53:57,038 [Listener at 0.0.0.0/37511] INFO  handler.ContextHandler (ContextHandler.java:doStart(915)) - Started o.e.j.s.ServletContextHandler@3f589566{static,/static,file:///home/runner/work/ozone/ozone/hadoop-ozone/integration-test/target/test-classes/webapps/static,AVAILABLE}
2021-11-30 01:53:57,041 [Listener at 0.0.0.0/37511] INFO  handler.ContextHandler (ContextHandler.java:doStart(915)) - Started o.e.j.w.WebAppContext@72589748{scm,/,file:///home/runner/work/ozone/ozone/hadoop-ozone/integration-test/target/test-classes/webapps/scm/,AVAILABLE}{file:/home/runner/work/ozone/ozone/hadoop-ozone/integration-test/target/test-classes/webapps/scm}
2021-11-30 01:53:57,060 [Listener at 0.0.0.0/37511] INFO  server.AbstractConnector (AbstractConnector.java:doStart(331)) - Started ServerConnector@36d2029a{HTTP/1.1, (http/1.1)}{0.0.0.0:36153}
2021-11-30 01:53:57,061 [Listener at 0.0.0.0/37511] INFO  server.Server (Server.java:doStart(415)) - Started @210638ms
2021-11-30 01:53:57,061 [Listener at 0.0.0.0/37511] WARN  impl.MetricsSystemImpl (MetricsSystemImpl.java:register(279)) - Sink prometheus already exists!
2021-11-30 01:53:57,063 [Listener at 0.0.0.0/37511] INFO  http.BaseHttpServer (BaseHttpServer.java:updateConnectorAddress(329)) - HTTP server of scm listening at http://0.0.0.0:36153
2021-11-30 01:53:57,064 [Listener at 0.0.0.0/37511] WARN  server.ServerUtils (ServerUtils.java:getDBPath(225)) - ozone.om.db.dirs is not configured. We recommend adding this setting. Falling back to ozone.metadata.dirs instead.
2021-11-30 01:53:57,068 [Listener at 0.0.0.0/37511] INFO  ha.OMHANodeDetails (OMHANodeDetails.java:loadOMHAConfig(112)) - ozone.om.internal.service.id is not defined, falling back to ozone.om.service.ids to find serviceID for OzoneManager if it is HA enabled cluster
2021-11-30 01:53:57,068 [Listener at 0.0.0.0/37511] INFO  ha.OMHANodeDetails (OMHANodeDetails.java:loadOMHAConfig(217)) - Configuration does not have ozone.om.address set. Falling back to the default OM address /127.0.0.1:0
2021-11-30 01:53:57,068 [Listener at 0.0.0.0/37511] INFO  ha.OMHANodeDetails (OMHANodeDetails.java:getOMNodeDetailsForNonHA(245)) - OM Service ID is not set. Setting it to the default ID: omServiceIdDefault
2021-11-30 01:53:57,068 [Listener at 0.0.0.0/37511] INFO  ha.OMHANodeDetails (OMHANodeDetails.java:getOMNodeDetailsForNonHA(252)) - OM Node ID is not set. Setting it to the default ID: om1
2021-11-30 01:53:57,068 [Listener at 0.0.0.0/37511] WARN  server.ServerUtils (ServerUtils.java:getDBPath(225)) - ozone.om.db.dirs is not configured. We recommend adding this setting. Falling back to ozone.metadata.dirs instead.
2021-11-30 01:53:57,069 [Listener at 0.0.0.0/37511] INFO  upgrade.AbstractLayoutVersionManager (AbstractLayoutVersionManager.java:init(79)) - Initializing Layout version manager with metadata layout = INITIAL_VERSION (version = 0), software layout = INITIAL_VERSION (version = 0)
2021-11-30 01:53:57,193 [Listener at 0.0.0.0/37511] INFO  reflections.Reflections (Reflections.java:scan(232)) - Reflections took 124 ms to scan 2 urls, producing 132 keys and 344 values [using 2 cores]
2021-11-30 01:53:57,194 [Listener at 0.0.0.0/37511] INFO  upgrade.OMLayoutVersionManager (OMLayoutVersionManager.java:lambda$0(115)) - Skipping Upgrade Action MockOmUpgradeAction since it has been finalized.
2021-11-30 01:53:57,194 [Listener at 0.0.0.0/37511] WARN  server.ServerUtils (ServerUtils.java:getDBPath(225)) - ozone.om.db.dirs is not configured. We recommend adding this setting. Falling back to ozone.metadata.dirs instead.
2021-11-30 01:53:57,264 [Listener at 0.0.0.0/37511] WARN  server.ServerUtils (ServerUtils.java:getDBPath(225)) - ozone.om.db.dirs is not configured. We recommend adding this setting. Falling back to ozone.metadata.dirs instead.
2021-11-30 01:53:57,265 [Listener at 0.0.0.0/37511] INFO  codec.OmKeyInfoCodec (OmKeyInfoCodec.java:<init>(50)) - OmKeyInfoCodec ignorePipeline = true
2021-11-30 01:53:57,265 [Listener at 0.0.0.0/37511] INFO  codec.RepeatedOmKeyInfoCodec (RepeatedOmKeyInfoCodec.java:<init>(42)) - RepeatedOmKeyInfoCodec ignorePipeline = true
2021-11-30 01:53:57,592 [ForkJoinPool.commonPool-worker-1] INFO  ozoneimpl.OzoneContainer (OzoneContainer.java:stop(325)) - Attempting to stop container services.
2021-11-30 01:53:57,608 [ForkJoinPool.commonPool-worker-1] INFO  server.RaftServer (RaftServerProxy.java:lambda$close$6(391)) - da235480-3666-4925-bff3-0571021ec8c8: close
2021-11-30 01:53:57,608 [ForkJoinPool.commonPool-worker-1] INFO  server.RaftServer$Division (RaftServerImpl.java:lambda$close$4(412)) - da235480-3666-4925-bff3-0571021ec8c8@group-8913BDB08DAF: shutdown
2021-11-30 01:53:57,608 [ForkJoinPool.commonPool-worker-1] INFO  util.JmxRegister (JmxRegister.java:unregister(73)) - Successfully un-registered JMX Bean with object name Ratis:service=RaftServer,group=group-8913BDB08DAF,id=da235480-3666-4925-bff3-0571021ec8c8
2021-11-30 01:53:57,609 [ForkJoinPool.commonPool-worker-1] INFO  impl.RoleInfo (RoleInfo.java:shutdownLeaderState(91)) - da235480-3666-4925-bff3-0571021ec8c8: shutdown da235480-3666-4925-bff3-0571021ec8c8@group-8913BDB08DAF-LeaderStateImpl
2021-11-30 01:53:57,609 [ForkJoinPool.commonPool-worker-1] INFO  impl.PendingRequests (PendingRequests.java:sendNotLeaderResponses(282)) - da235480-3666-4925-bff3-0571021ec8c8@group-8913BDB08DAF-PendingRequests: sendNotLeaderResponses
2021-11-30 01:53:57,609 [ForkJoinPool.commonPool-worker-1] INFO  impl.StateMachineUpdater (StateMachineUpdater.java:stopAndJoin(149)) - da235480-3666-4925-bff3-0571021ec8c8@group-8913BDB08DAF-StateMachineUpdater: set stopIndex = 0
2021-11-30 01:53:57,610 [da235480-3666-4925-bff3-0571021ec8c8@group-8913BDB08DAF-StateMachineUpdater] INFO  ratis.ContainerStateMachine (ContainerStateMachine.java:takeSnapshot(292)) - group-8913BDB08DAF: Taking a snapshot at:(t:1, i:0) file /home/runner/work/ozone/ozone/hadoop-ozone/integration-test/target/test-dir/MiniOzoneClusterImpl-eb2b9c4f-7566-4bd0-b250-1abf3af87c2a/datanode-0/data/ratis/819cbea9-7e71-4883-b28f-8913bdb08daf/sm/snapshot.1_0
2021-11-30 01:53:57,611 [da235480-3666-4925-bff3-0571021ec8c8@group-8913BDB08DAF-StateMachineUpdater] INFO  ratis.ContainerStateMachine (ContainerStateMachine.java:takeSnapshot(303)) - group-8913BDB08DAF: Finished taking a snapshot at:(t:1, i:0) file:/home/runner/work/ozone/ozone/hadoop-ozone/integration-test/target/test-dir/MiniOzoneClusterImpl-eb2b9c4f-7566-4bd0-b250-1abf3af87c2a/datanode-0/data/ratis/819cbea9-7e71-4883-b28f-8913bdb08daf/sm/snapshot.1_0 took: 1 ms
2021-11-30 01:53:57,611 [da235480-3666-4925-bff3-0571021ec8c8@group-8913BDB08DAF-StateMachineUpdater] INFO  impl.StateMachineUpdater (StateMachineUpdater.java:takeSnapshot(281)) - da235480-3666-4925-bff3-0571021ec8c8@group-8913BDB08DAF-StateMachineUpdater: Took a snapshot at index 0
2021-11-30 01:53:57,611 [da235480-3666-4925-bff3-0571021ec8c8@group-8913BDB08DAF-StateMachineUpdater] INFO  impl.StateMachineUpdater (StateMachineUpdater.java:lambda$new$0(89)) - da235480-3666-4925-bff3-0571021ec8c8@group-8913BDB08DAF-StateMachineUpdater: snapshotIndex: updateIncreasingly -1 -> 0
2021-11-30 01:53:57,615 [ForkJoinPool.commonPool-worker-1] INFO  server.RaftServer$Division (ServerState.java:close(419)) - da235480-3666-4925-bff3-0571021ec8c8@group-8913BDB08DAF: closes. applyIndex: 0
2021-11-30 01:53:57,615 [da235480-3666-4925-bff3-0571021ec8c8@group-8913BDB08DAF-SegmentedRaftLogWorker] INFO  segmented.SegmentedRaftLogWorker (SegmentedRaftLogWorker.java:run(327)) - da235480-3666-4925-bff3-0571021ec8c8@group-8913BDB08DAF-SegmentedRaftLogWorker was interrupted, exiting. There are 0 tasks remaining in the queue.
2021-11-30 01:53:57,616 [Mini-Cluster-Provider-Reap] INFO  ozoneimpl.OzoneContainer (OzoneContainer.java:stop(325)) - Attempting to stop container services.
2021-11-30 01:53:57,617 [Mini-Cluster-Provider-Reap] INFO  server.RaftServer (RaftServerProxy.java:lambda$close$6(391)) - b4162c89-986b-43e5-92d9-30654e537d9a: close
2021-11-30 01:53:57,617 [Mini-Cluster-Provider-Reap] INFO  server.RaftServer$Division (RaftServerImpl.java:lambda$close$4(412)) - b4162c89-986b-43e5-92d9-30654e537d9a@group-F5B36B9E0C99: shutdown
2021-11-30 01:53:57,617 [Mini-Cluster-Provider-Reap] INFO  util.JmxRegister (JmxRegister.java:unregister(73)) - Successfully un-registered JMX Bean with object name Ratis:service=RaftServer,group=group-F5B36B9E0C99,id=b4162c89-986b-43e5-92d9-30654e537d9a
2021-11-30 01:53:57,617 [Mini-Cluster-Provider-Reap] INFO  impl.RoleInfo (RoleInfo.java:shutdownLeaderState(91)) - b4162c89-986b-43e5-92d9-30654e537d9a: shutdown b4162c89-986b-43e5-92d9-30654e537d9a@group-F5B36B9E0C99-LeaderStateImpl
2021-11-30 01:53:57,617 [Mini-Cluster-Provider-Reap] INFO  impl.PendingRequests (PendingRequests.java:sendNotLeaderResponses(282)) - b4162c89-986b-43e5-92d9-30654e537d9a@group-F5B36B9E0C99-PendingRequests: sendNotLeaderResponses
2021-11-30 01:53:57,618 [Mini-Cluster-Provider-Reap] INFO  impl.StateMachineUpdater (StateMachineUpdater.java:stopAndJoin(149)) - b4162c89-986b-43e5-92d9-30654e537d9a@group-F5B36B9E0C99-StateMachineUpdater: set stopIndex = 0
2021-11-30 01:53:57,618 [b4162c89-986b-43e5-92d9-30654e537d9a@group-F5B36B9E0C99-StateMachineUpdater] INFO  ratis.ContainerStateMachine (ContainerStateMachine.java:takeSnapshot(292)) - group-F5B36B9E0C99: Taking a snapshot at:(t:1, i:0) file /home/runner/work/ozone/ozone/hadoop-ozone/integration-test/target/test-dir/MiniOzoneClusterImpl-eb2b9c4f-7566-4bd0-b250-1abf3af87c2a/datanode-1/data/ratis/3c90a06c-684a-400f-854d-f5b36b9e0c99/sm/snapshot.1_0
2021-11-30 01:53:57,619 [b4162c89-986b-43e5-92d9-30654e537d9a@group-F5B36B9E0C99-StateMachineUpdater] INFO  ratis.ContainerStateMachine (ContainerStateMachine.java:takeSnapshot(303)) - group-F5B36B9E0C99: Finished taking a snapshot at:(t:1, i:0) file:/home/runner/work/ozone/ozone/hadoop-ozone/integration-test/target/test-dir/MiniOzoneClusterImpl-eb2b9c4f-7566-4bd0-b250-1abf3af87c2a/datanode-1/data/ratis/3c90a06c-684a-400f-854d-f5b36b9e0c99/sm/snapshot.1_0 took: 1 ms
2021-11-30 01:53:57,619 [b4162c89-986b-43e5-92d9-30654e537d9a@group-F5B36B9E0C99-StateMachineUpdater] INFO  impl.StateMachineUpdater (StateMachineUpdater.java:takeSnapshot(281)) - b4162c89-986b-43e5-92d9-30654e537d9a@group-F5B36B9E0C99-StateMachineUpdater: Took a snapshot at index 0
2021-11-30 01:53:57,620 [b4162c89-986b-43e5-92d9-30654e537d9a@group-F5B36B9E0C99-StateMachineUpdater] INFO  impl.StateMachineUpdater (StateMachineUpdater.java:lambda$new$0(89)) - b4162c89-986b-43e5-92d9-30654e537d9a@group-F5B36B9E0C99-StateMachineUpdater: snapshotIndex: updateIncreasingly -1 -> 0
2021-11-30 01:53:57,620 [Mini-Cluster-Provider-Reap] INFO  server.RaftServer$Division (ServerState.java:close(419)) - b4162c89-986b-43e5-92d9-30654e537d9a@group-F5B36B9E0C99: closes. applyIndex: 0
2021-11-30 01:53:57,620 [b4162c89-986b-43e5-92d9-30654e537d9a@group-F5B36B9E0C99-SegmentedRaftLogWorker] INFO  segmented.SegmentedRaftLogWorker (SegmentedRaftLogWorker.java:run(327)) - b4162c89-986b-43e5-92d9-30654e537d9a@group-F5B36B9E0C99-SegmentedRaftLogWorker was interrupted, exiting. There are 0 tasks remaining in the queue.
2021-11-30 01:53:57,623 [ForkJoinPool.commonPool-worker-1] INFO  segmented.SegmentedRaftLogWorker (SegmentedRaftLogWorker.java:close(237)) - da235480-3666-4925-bff3-0571021ec8c8@group-8913BDB08DAF-SegmentedRaftLogWorker close()
2021-11-30 01:53:57,625 [Mini-Cluster-Provider-Reap] INFO  segmented.SegmentedRaftLogWorker (SegmentedRaftLogWorker.java:close(237)) - b4162c89-986b-43e5-92d9-30654e537d9a@group-F5B36B9E0C99-SegmentedRaftLogWorker close()
2021-11-30 01:53:57,655 [ForkJoinPool.commonPool-worker-1] INFO  server.RaftServer$Division (RaftServerImpl.java:lambda$close$4(412)) - da235480-3666-4925-bff3-0571021ec8c8@group-1AABBADEE04A: shutdown
2021-11-30 01:53:57,656 [ForkJoinPool.commonPool-worker-1] INFO  util.JmxRegister (JmxRegister.java:unregister(73)) - Successfully un-registered JMX Bean with object name Ratis:service=RaftServer,group=group-1AABBADEE04A,id=da235480-3666-4925-bff3-0571021ec8c8
2021-11-30 01:53:57,656 [ForkJoinPool.commonPool-worker-1] INFO  impl.RoleInfo (RoleInfo.java:shutdownFollowerState(108)) - da235480-3666-4925-bff3-0571021ec8c8: shutdown da235480-3666-4925-bff3-0571021ec8c8@group-1AABBADEE04A-FollowerState
2021-11-30 01:53:57,656 [ForkJoinPool.commonPool-worker-1] INFO  impl.StateMachineUpdater (StateMachineUpdater.java:stopAndJoin(149)) - da235480-3666-4925-bff3-0571021ec8c8@group-1AABBADEE04A-StateMachineUpdater: set stopIndex = 0
2021-11-30 01:53:57,656 [Mini-Cluster-Provider-Reap] INFO  server.RaftServer$Division (RaftServerImpl.java:lambda$close$4(412)) - b4162c89-986b-43e5-92d9-30654e537d9a@group-1AABBADEE04A: shutdown
2021-11-30 01:53:57,656 [Mini-Cluster-Provider-Reap] INFO  util.JmxRegister (JmxRegister.java:unregister(73)) - Successfully un-registered JMX Bean with object name Ratis:service=RaftServer,group=group-1AABBADEE04A,id=b4162c89-986b-43e5-92d9-30654e537d9a
2021-11-30 01:53:57,656 [Mini-Cluster-Provider-Reap] INFO  impl.RoleInfo (RoleInfo.java:shutdownFollowerState(108)) - b4162c89-986b-43e5-92d9-30654e537d9a: shutdown b4162c89-986b-43e5-92d9-30654e537d9a@group-1AABBADEE04A-FollowerState
2021-11-30 01:53:57,656 [Mini-Cluster-Provider-Reap] INFO  impl.StateMachineUpdater (StateMachineUpdater.java:stopAndJoin(149)) - b4162c89-986b-43e5-92d9-30654e537d9a@group-1AABBADEE04A-StateMachineUpdater: set stopIndex = 0
2021-11-30 01:53:57,656 [da235480-3666-4925-bff3-0571021ec8c8@group-1AABBADEE04A-FollowerState] INFO  impl.FollowerState (FollowerState.java:run(143)) - da235480-3666-4925-bff3-0571021ec8c8@group-1AABBADEE04A-FollowerState was interrupted: {}
java.lang.InterruptedException: sleep interrupted
	at java.lang.Thread.sleep(Native Method)
	at java.lang.Thread.sleep(Thread.java:340)
	at java.util.concurrent.TimeUnit.sleep(TimeUnit.java:386)
	at org.apache.ratis.util.TimeDuration.sleep(TimeDuration.java:324)
	at org.apache.ratis.util.TimeDuration.sleep(TimeDuration.java:309)
	at org.apache.ratis.server.impl.FollowerState.run(FollowerState.java:118)
2021-11-30 01:53:57,657 [b4162c89-986b-43e5-92d9-30654e537d9a@group-1AABBADEE04A-FollowerState] INFO  impl.FollowerState (FollowerState.java:run(143)) - b4162c89-986b-43e5-92d9-30654e537d9a@group-1AABBADEE04A-FollowerState was interrupted: {}
java.lang.InterruptedException: sleep interrupted
	at java.lang.Thread.sleep(Native Method)
	at java.lang.Thread.sleep(Thread.java:340)
	at java.util.concurrent.TimeUnit.sleep(TimeUnit.java:386)
	at org.apache.ratis.util.TimeDuration.sleep(TimeDuration.java:324)
	at org.apache.ratis.util.TimeDuration.sleep(TimeDuration.java:309)
	at org.apache.ratis.server.impl.FollowerState.run(FollowerState.java:118)
2021-11-30 01:53:57,657 [b4162c89-986b-43e5-92d9-30654e537d9a@group-1AABBADEE04A-StateMachineUpdater] INFO  ratis.ContainerStateMachine (ContainerStateMachine.java:takeSnapshot(292)) - group-1AABBADEE04A: Taking a snapshot at:(t:4, i:0) file /home/runner/work/ozone/ozone/hadoop-ozone/integration-test/target/test-dir/MiniOzoneClusterImpl-eb2b9c4f-7566-4bd0-b250-1abf3af87c2a/datanode-1/data/ratis/a92a1b8c-4a85-4de1-af00-1aabbadee04a/sm/snapshot.4_0
2021-11-30 01:53:57,658 [da235480-3666-4925-bff3-0571021ec8c8@group-1AABBADEE04A-StateMachineUpdater] INFO  ratis.ContainerStateMachine (ContainerStateMachine.java:takeSnapshot(292)) - group-1AABBADEE04A: Taking a snapshot at:(t:4, i:0) file /home/runner/work/ozone/ozone/hadoop-ozone/integration-test/target/test-dir/MiniOzoneClusterImpl-eb2b9c4f-7566-4bd0-b250-1abf3af87c2a/datanode-0/data/ratis/a92a1b8c-4a85-4de1-af00-1aabbadee04a/sm/snapshot.4_0
2021-11-30 01:53:57,658 [b4162c89-986b-43e5-92d9-30654e537d9a@group-1AABBADEE04A-StateMachineUpdater] INFO  ratis.ContainerStateMachine (ContainerStateMachine.java:takeSnapshot(303)) - group-1AABBADEE04A: Finished taking a snapshot at:(t:4, i:0) file:/home/runner/work/ozone/ozone/hadoop-ozone/integration-test/target/test-dir/MiniOzoneClusterImpl-eb2b9c4f-7566-4bd0-b250-1abf3af87c2a/datanode-1/data/ratis/a92a1b8c-4a85-4de1-af00-1aabbadee04a/sm/snapshot.4_0 took: 1 ms
2021-11-30 01:53:57,658 [b4162c89-986b-43e5-92d9-30654e537d9a@group-1AABBADEE04A-StateMachineUpdater] INFO  impl.StateMachineUpdater (StateMachineUpdater.java:takeSnapshot(281)) - b4162c89-986b-43e5-92d9-30654e537d9a@group-1AABBADEE04A-StateMachineUpdater: Took a snapshot at index 0
2021-11-30 01:53:57,658 [b4162c89-986b-43e5-92d9-30654e537d9a@group-1AABBADEE04A-StateMachineUpdater] INFO  impl.StateMachineUpdater (StateMachineUpdater.java:lambda$new$0(89)) - b4162c89-986b-43e5-92d9-30654e537d9a@group-1AABBADEE04A-StateMachineUpdater: snapshotIndex: updateIncreasingly -1 -> 0
2021-11-30 01:53:57,659 [Mini-Cluster-Provider-Reap] INFO  server.RaftServer$Division (ServerState.java:close(419)) - b4162c89-986b-43e5-92d9-30654e537d9a@group-1AABBADEE04A: closes. applyIndex: 0
2021-11-30 01:53:57,659 [b4162c89-986b-43e5-92d9-30654e537d9a@group-1AABBADEE04A-SegmentedRaftLogWorker] INFO  segmented.SegmentedRaftLogWorker (SegmentedRaftLogWorker.java:run(327)) - b4162c89-986b-43e5-92d9-30654e537d9a@group-1AABBADEE04A-SegmentedRaftLogWorker was interrupted, exiting. There are 0 tasks remaining in the queue.
2021-11-30 01:53:57,661 [da235480-3666-4925-bff3-0571021ec8c8@group-1AABBADEE04A-StateMachineUpdater] INFO  ratis.ContainerStateMachine (ContainerStateMachine.java:takeSnapshot(303)) - group-1AABBADEE04A: Finished taking a snapshot at:(t:4, i:0) file:/home/runner/work/ozone/ozone/hadoop-ozone/integration-test/target/test-dir/MiniOzoneClusterImpl-eb2b9c4f-7566-4bd0-b250-1abf3af87c2a/datanode-0/data/ratis/a92a1b8c-4a85-4de1-af00-1aabbadee04a/sm/snapshot.4_0 took: 3 ms
2021-11-30 01:53:57,661 [da235480-3666-4925-bff3-0571021ec8c8@group-1AABBADEE04A-StateMachineUpdater] INFO  impl.StateMachineUpdater (StateMachineUpdater.java:takeSnapshot(281)) - da235480-3666-4925-bff3-0571021ec8c8@group-1AABBADEE04A-StateMachineUpdater: Took a snapshot at index 0
2021-11-30 01:53:57,661 [da235480-3666-4925-bff3-0571021ec8c8@group-1AABBADEE04A-StateMachineUpdater] INFO  impl.StateMachineUpdater (StateMachineUpdater.java:lambda$new$0(89)) - da235480-3666-4925-bff3-0571021ec8c8@group-1AABBADEE04A-StateMachineUpdater: snapshotIndex: updateIncreasingly -1 -> 0
2021-11-30 01:53:57,661 [ForkJoinPool.commonPool-worker-1] INFO  server.RaftServer$Division (ServerState.java:close(419)) - da235480-3666-4925-bff3-0571021ec8c8@group-1AABBADEE04A: closes. applyIndex: 0
2021-11-30 01:53:57,663 [da235480-3666-4925-bff3-0571021ec8c8@group-1AABBADEE04A-SegmentedRaftLogWorker] INFO  segmented.SegmentedRaftLogWorker (SegmentedRaftLogWorker.java:run(327)) - da235480-3666-4925-bff3-0571021ec8c8@group-1AABBADEE04A-SegmentedRaftLogWorker was interrupted, exiting. There are 0 tasks remaining in the queue.
2021-11-30 01:53:57,671 [Mini-Cluster-Provider-Reap] INFO  segmented.SegmentedRaftLogWorker (SegmentedRaftLogWorker.java:close(237)) - b4162c89-986b-43e5-92d9-30654e537d9a@group-1AABBADEE04A-SegmentedRaftLogWorker close()
2021-11-30 01:53:57,671 [ForkJoinPool.commonPool-worker-1] INFO  segmented.SegmentedRaftLogWorker (SegmentedRaftLogWorker.java:close(237)) - da235480-3666-4925-bff3-0571021ec8c8@group-1AABBADEE04A-SegmentedRaftLogWorker close()
2021-11-30 01:53:57,675 [Mini-Cluster-Provider-Reap] INFO  server.GrpcService (GrpcService.java:closeImpl(262)) - b4162c89-986b-43e5-92d9-30654e537d9a: shutdown server with port 45617 now
2021-11-30 01:53:57,675 [ForkJoinPool.commonPool-worker-1] INFO  server.GrpcService (GrpcService.java:closeImpl(262)) - da235480-3666-4925-bff3-0571021ec8c8: shutdown server with port 44789 now
2021-11-30 01:53:57,689 [Listener at 0.0.0.0/37511] INFO  om.OzoneManager (OzoneManager.java:addS3GVolumeToDB(3609)) - Created Volume s3v With Owner runner required for S3Gateway operations.
2021-11-30 01:53:57,689 [Listener at 0.0.0.0/37511] WARN  server.ServerUtils (ServerUtils.java:getDefaultRatisDirectory(237)) - Storage directory for Ratis is not configured. It is a good idea to map this to an SSD disk. Falling back to ozone.metadata.dirs
2021-11-30 01:53:57,689 [Listener at 0.0.0.0/37511] WARN  utils.OzoneManagerRatisUtils (OzoneManagerRatisUtils.java:getOMRatisSnapshotDirectory(431)) - ozone.om.ratis.snapshot.dir is not configured. Falling back to ozone.metadata.dirs config
2021-11-30 01:53:57,689 [Listener at 0.0.0.0/37511] WARN  impl.MetricRegistriesImpl (MetricRegistriesImpl.java:addReporterRegistration(111)) - New reporters are added after registries were created. Some metrics will be missing from the reporter. Please add reporter before adding any new registry.
2021-11-30 01:53:57,689 [Listener at 0.0.0.0/37511] WARN  impl.MetricRegistriesImpl (MetricRegistriesImpl.java:addReporterRegistration(111)) - New reporters are added after registries were created. Some metrics will be missing from the reporter. Please add reporter before adding any new registry.
2021-11-30 01:53:57,689 [Listener at 0.0.0.0/37511] WARN  server.ServerUtils (ServerUtils.java:getDefaultRatisDirectory(237)) - Storage directory for Ratis is not configured. It is a good idea to map this to an SSD disk. Falling back to ozone.metadata.dirs
2021-11-30 01:53:57,690 [Listener at 0.0.0.0/37511] INFO  ratis.OzoneManagerRatisServer (OzoneManagerRatisServer.java:<init>(159)) - Instantiating OM Ratis server with groupID: omServiceIdDefault and peers: localhost:39417
2021-11-30 01:53:57,690 [Listener at 0.0.0.0/37511] INFO  ratis.OzoneManagerStateMachine (OzoneManagerStateMachine.java:loadSnapshotInfoFromDB(605)) - LastAppliedIndex is set from TransactionInfo from OM DB as (t:0, i:~)
2021-11-30 01:53:57,691 [Listener at 0.0.0.0/37511] INFO  server.RaftServer (ConfUtils.java:logGet(44)) - raft.rpc.type = GRPC (default)
2021-11-30 01:53:57,691 [Listener at 0.0.0.0/37511] INFO  grpc.GrpcFactory (GrpcFactory.java:checkPooledByteBufAllocatorUseCacheForAllThreads(48)) - PERFORMANCE WARNING: useCacheForAllThreads is true that may cause Netty to create a lot garbage objects and, as a result, trigger GC.
	It is recommended to disable useCacheForAllThreads by setting -Dorg.apache.ratis.thirdparty.io.netty.allocator.useCacheForAllThreads=false in command line.
2021-11-30 01:53:57,691 [Listener at 0.0.0.0/37511] INFO  grpc.GrpcConfigKeys (ConfUtils.java:logGet(44)) - raft.grpc.admin.port = -1 (default)
2021-11-30 01:53:57,691 [Listener at 0.0.0.0/37511] INFO  grpc.GrpcConfigKeys (ConfUtils.java:logGet(44)) - raft.grpc.server.port = 39417 (custom)
2021-11-30 01:53:57,691 [Listener at 0.0.0.0/37511] INFO  grpc.GrpcConfigKeys (ConfUtils.java:logGet(44)) - raft.grpc.client.port = -1 (default)
2021-11-30 01:53:57,691 [Listener at 0.0.0.0/37511] INFO  grpc.GrpcConfigKeys (ConfUtils.java:logGet(44)) - raft.grpc.server.port = 39417 (custom)
2021-11-30 01:53:57,691 [Listener at 0.0.0.0/37511] INFO  grpc.GrpcConfigKeys (ConfUtils.java:logGet(44)) - raft.grpc.server.port = 39417 (custom)
2021-11-30 01:53:57,691 [Listener at 0.0.0.0/37511] INFO  server.GrpcService (ConfUtils.java:logGet(44)) - raft.grpc.message.size.max = 33554432 (custom)
2021-11-30 01:53:57,691 [Listener at 0.0.0.0/37511] INFO  server.RaftServerConfigKeys (ConfUtils.java:logGet(44)) - raft.server.log.appender.buffer.byte-limit = 33554432 (custom)
2021-11-30 01:53:57,691 [Listener at 0.0.0.0/37511] INFO  server.GrpcService (ConfUtils.java:logGet(44)) - raft.grpc.flow.control.window = 1MB (=1048576) (default)
2021-11-30 01:53:57,691 [Listener at 0.0.0.0/37511] INFO  server.RaftServerConfigKeys (ConfUtils.java:logGet(44)) - raft.server.rpc.request.timeout = 3000ms (default)
2021-11-30 01:53:57,693 [Listener at 0.0.0.0/37511] INFO  impl.DataStreamServerImpl (ConfUtils.java:logGet(44)) - raft.datastream.type = DISABLED (default)
2021-11-30 01:53:57,693 [Listener at 0.0.0.0/37511] INFO  server.RaftServerConfigKeys (ConfUtils.java:logGet(44)) - raft.server.rpc.slowness.timeout = 120s (custom)
2021-11-30 01:53:57,693 [Listener at 0.0.0.0/37511] INFO  server.RaftServerConfigKeys (ConfUtils.java:logGet(44)) - raft.server.leaderelection.leader.step-down.wait-time = 10s (default)
2021-11-30 01:53:57,693 [Listener at 0.0.0.0/37511] INFO  server.RaftServerConfigKeys (ConfUtils.java:logGet(44)) - raft.server.storage.dir = [/home/runner/work/ozone/ozone/hadoop-ozone/integration-test/target/test-dir/MiniOzoneClusterImpl-372abfd9-b76d-47b1-8d83-90153ed5af7e/ozone-meta/ratis] (custom)
2021-11-30 01:53:57,693 [Listener at 0.0.0.0/37511] INFO  server.RaftServer (RaftServerProxy.java:addNew(95)) - om1: addNew group-C5BA1605619E:[om1|rpc:localhost:39417|priority:0] returns group-C5BA1605619E:java.util.concurrent.CompletableFuture@3ed1ed18[Not completed]
2021-11-30 01:53:57,693 [Listener at 0.0.0.0/37511] INFO  om.OzoneManager (OzoneManager.java:initializeRatisServer(1771)) - OzoneManager Ratis server initialized at port 39417
2021-11-30 01:53:57,694 [Listener at 0.0.0.0/37511] INFO  ipc.CallQueueManager (CallQueueManager.java:<init>(90)) - Using callQueue: class java.util.concurrent.LinkedBlockingQueue, queueCapacity: 2000, scheduler: class org.apache.hadoop.ipc.DefaultRpcScheduler, ipcBackoff: false.
2021-11-30 01:53:57,695 [pool-1015-thread-1] INFO  server.RaftServer$Division (RaftServerImpl.java:<init>(184)) - om1: new RaftServerImpl for group-C5BA1605619E:[om1|rpc:localhost:39417|priority:0] with OzoneManagerStateMachine:uninitialized
2021-11-30 01:53:57,695 [Socket Reader #1 for port 0] INFO  ipc.Server (Server.java:run(1265)) - Starting Socket Reader #1 for port 0
2021-11-30 01:53:57,724 [grpc-default-executor-4] WARN  server.GrpcServerProtocolService (LogUtils.java:warn(122)) - b4162c89-986b-43e5-92d9-30654e537d9a: installSnapshot onError, lastRequest: 06b7ff9d-b949-4cc8-b1f8-d148219ce06b->b4162c89-986b-43e5-92d9-30654e537d9a#1-t4,previous=(t:0, i:0),leaderCommit=0,initializing? true,entries: size=1, first=(t:4, i:0), CONFIGURATIONENTRY: org.apache.ratis.thirdparty.io.grpc.StatusRuntimeException: CANCELLED: client cancelled
2021-11-30 01:53:57,724 [grpc-default-executor-3] WARN  server.GrpcServerProtocolService (LogUtils.java:warn(122)) - da235480-3666-4925-bff3-0571021ec8c8: installSnapshot onError, lastRequest: 06b7ff9d-b949-4cc8-b1f8-d148219ce06b->da235480-3666-4925-bff3-0571021ec8c8#1-t4,previous=(t:0, i:0),leaderCommit=0,initializing? true,entries: size=1, first=(t:4, i:0), CONFIGURATIONENTRY: org.apache.ratis.thirdparty.io.grpc.StatusRuntimeException: CANCELLED: client cancelled
2021-11-30 01:53:57,725 [grpc-default-executor-3] WARN  server.GrpcLogAppender (LogUtils.java:warn(122)) - 06b7ff9d-b949-4cc8-b1f8-d148219ce06b@group-1AABBADEE04A->b4162c89-986b-43e5-92d9-30654e537d9a-AppendLogResponseHandler: Failed appendEntries: org.apache.ratis.thirdparty.io.grpc.StatusRuntimeException: CANCELLED: HTTP/2 error code: CANCEL
Received Rst Stream
2021-11-30 01:53:57,725 [grpc-default-executor-3] WARN  server.GrpcLogAppender (GrpcLogAppender.java:resetClient(110)) - 06b7ff9d-b949-4cc8-b1f8-d148219ce06b@group-1AABBADEE04A->b4162c89-986b-43e5-92d9-30654e537d9a-GrpcLogAppender: Leader has not got in touch with Follower 06b7ff9d-b949-4cc8-b1f8-d148219ce06b@group-1AABBADEE04A->b4162c89-986b-43e5-92d9-30654e537d9a(c0,m0,n1, attendVote=true, lastRpcSendTime=1735, lastRpcResponseTime=1734) yet, just keep nextIndex unchanged and retry.
2021-11-30 01:53:57,731 [Listener at 127.0.0.1/34865] INFO  om.OzoneManager (OzoneManager.java:initFSOLayout(3786)) - Configured ozone.om.metadata.layout=SIMPLE and disabled optimized OM FS operations
2021-11-30 01:53:57,733 [Listener at 127.0.0.1/34865] INFO  impl.MetricsSystemImpl (MetricsSystemImpl.java:init(158)) - OzoneManager metrics system started (again)
2021-11-30 01:53:57,744 [pool-1015-thread-1] INFO  server.RaftServerConfigKeys (ConfUtils.java:logGet(44)) - raft.server.rpc.timeout.min = 1s (custom)
2021-11-30 01:53:57,744 [pool-1015-thread-1] INFO  server.RaftServerConfigKeys (ConfUtils.java:logGet(44)) - raft.server.rpc.timeout.max = 1200ms (custom)
2021-11-30 01:53:57,744 [pool-1015-thread-1] INFO  server.RaftServerConfigKeys (ConfUtils.java:logGet(44)) - raft.server.rpc.sleep.time = 25ms (default)
2021-11-30 01:53:57,744 [pool-1015-thread-1] INFO  server.RaftServerConfigKeys (ConfUtils.java:logGet(44)) - raft.server.rpc.slowness.timeout = 120s (custom)
2021-11-30 01:53:57,744 [pool-1015-thread-1] INFO  server.RaftServerConfigKeys (ConfUtils.java:logGet(44)) - raft.server.leaderelection.leader.step-down.wait-time = 10s (default)
2021-11-30 01:53:57,744 [pool-1015-thread-1] INFO  server.RaftServerConfigKeys (ConfUtils.java:logGet(44)) - raft.server.sleep.deviation.threshold = 300ms (default)
2021-11-30 01:53:57,744 [pool-1015-thread-1] INFO  server.RaftServerConfigKeys (ConfUtils.java:logGet(44)) - raft.server.log.appender.install.snapshot.enabled = false (custom)
2021-11-30 01:53:57,745 [pool-1015-thread-1] INFO  server.RaftServer$Division (ServerState.java:<init>(105)) - om1@group-C5BA1605619E: ConfigurationManager, init=-1: [om1|rpc:localhost:39417|priority:0], old=null, confs=<EMPTY_MAP>
2021-11-30 01:53:57,745 [pool-1015-thread-1] INFO  server.RaftServerConfigKeys (ConfUtils.java:logGet(44)) - raft.server.storage.dir = [/home/runner/work/ozone/ozone/hadoop-ozone/integration-test/target/test-dir/MiniOzoneClusterImpl-372abfd9-b76d-47b1-8d83-90153ed5af7e/ozone-meta/ratis] (custom)
2021-11-30 01:53:57,745 [pool-1015-thread-1] INFO  server.RaftServerConfigKeys (ConfUtils.java:logGet(44)) - raft.server.log.corruption.policy = EXCEPTION (default)
2021-11-30 01:53:57,745 [pool-1015-thread-1] INFO  server.RaftServerConfigKeys (ConfUtils.java:logGet(44)) - raft.server.storage.free-space.min = 0MB (=0) (default)
2021-11-30 01:53:57,745 [pool-1015-thread-1] INFO  storage.RaftStorageDirectory (RaftStorageDirectoryImpl.java:analyzeStorage(135)) - The storage directory /home/runner/work/ozone/ozone/hadoop-ozone/integration-test/target/test-dir/MiniOzoneClusterImpl-372abfd9-b76d-47b1-8d83-90153ed5af7e/ozone-meta/ratis/bf265839-605b-3f16-9796-c5ba1605619e does not exist. Creating ...
2021-11-30 01:53:57,748 [grpc-default-executor-3] WARN  server.GrpcLogAppender (LogUtils.java:warn(122)) - 06b7ff9d-b949-4cc8-b1f8-d148219ce06b@group-1AABBADEE04A->da235480-3666-4925-bff3-0571021ec8c8-AppendLogResponseHandler: Failed appendEntries: org.apache.ratis.thirdparty.io.grpc.StatusRuntimeException: CANCELLED: HTTP/2 error code: CANCEL
Received Rst Stream
2021-11-30 01:53:57,749 [grpc-default-executor-3] WARN  server.GrpcLogAppender (GrpcLogAppender.java:resetClient(110)) - 06b7ff9d-b949-4cc8-b1f8-d148219ce06b@group-1AABBADEE04A->da235480-3666-4925-bff3-0571021ec8c8-GrpcLogAppender: Leader has not got in touch with Follower 06b7ff9d-b949-4cc8-b1f8-d148219ce06b@group-1AABBADEE04A->da235480-3666-4925-bff3-0571021ec8c8(c0,m0,n1, attendVote=true, lastRpcSendTime=1672, lastRpcResponseTime=1656) yet, just keep nextIndex unchanged and retry.
2021-11-30 01:53:57,749 [pool-1015-thread-1] INFO  storage.RaftStorageDirectory (RaftStorageDirectoryImpl.java:tryLock(230)) - Lock on /home/runner/work/ozone/ozone/hadoop-ozone/integration-test/target/test-dir/MiniOzoneClusterImpl-372abfd9-b76d-47b1-8d83-90153ed5af7e/ozone-meta/ratis/bf265839-605b-3f16-9796-c5ba1605619e/in_use.lock acquired by nodename 24272@fv-az270-622
2021-11-30 01:53:57,761 [pool-1015-thread-1] INFO  storage.RaftStorage (RaftStorageImpl.java:format(89)) - Storage directory /home/runner/work/ozone/ozone/hadoop-ozone/integration-test/target/test-dir/MiniOzoneClusterImpl-372abfd9-b76d-47b1-8d83-90153ed5af7e/ozone-meta/ratis/bf265839-605b-3f16-9796-c5ba1605619e has been successfully formatted.
2021-11-30 01:53:57,761 [pool-1015-thread-1] INFO  server.RaftServerConfigKeys (ConfUtils.java:logGet(44)) - raft.server.notification.no-leader.timeout = 120s (custom)
2021-11-30 01:53:57,761 [pool-1015-thread-1] INFO  server.RaftServerConfigKeys (ConfUtils.java:logGet(44)) - raft.server.log.use.memory = false (default)
2021-11-30 01:53:57,762 [pool-1015-thread-1] INFO  server.RaftServerConfigKeys (ConfUtils.java:logGet(44)) - raft.server.log.purge.gap = 1000000 (custom)
2021-11-30 01:53:57,762 [pool-1015-thread-1] INFO  server.RaftServerConfigKeys (ConfUtils.java:logGet(44)) - raft.server.log.appender.buffer.byte-limit = 33554432 (custom)
2021-11-30 01:53:57,762 [pool-1015-thread-1] INFO  server.RaftServerConfigKeys (ConfUtils.java:logGet(44)) - raft.server.log.segment.size.max = 4194304 (custom)
2021-11-30 01:53:57,762 [pool-1015-thread-1] INFO  server.RaftServerConfigKeys (ConfUtils.java:logGet(44)) - raft.server.log.segment.cache.num.max = 2 (custom)
2021-11-30 01:53:57,762 [pool-1015-thread-1] INFO  server.RaftServerConfigKeys (ConfUtils.java:logGet(44)) - raft.server.log.segment.cache.size.max = 200MB (=209715200) (default)
2021-11-30 01:53:57,762 [pool-1015-thread-1] INFO  segmented.SegmentedRaftLogWorker (SegmentedRaftLogWorker.java:<init>(182)) - new om1@group-C5BA1605619E-SegmentedRaftLogWorker for RaftStorageImpl:Storage Directory /home/runner/work/ozone/ozone/hadoop-ozone/integration-test/target/test-dir/MiniOzoneClusterImpl-372abfd9-b76d-47b1-8d83-90153ed5af7e/ozone-meta/ratis/bf265839-605b-3f16-9796-c5ba1605619e
2021-11-30 01:53:57,763 [pool-1015-thread-1] INFO  server.RaftServerConfigKeys (ConfUtils.java:logGet(44)) - raft.server.log.queue.byte-limit = 64MB (=67108864) (default)
2021-11-30 01:53:57,763 [pool-1015-thread-1] INFO  server.RaftServerConfigKeys (ConfUtils.java:logGet(44)) - raft.server.log.queue.element-limit = 4096 (default)
2021-11-30 01:53:57,763 [pool-1015-thread-1] INFO  server.RaftServerConfigKeys (ConfUtils.java:logGet(44)) - raft.server.log.segment.size.max = 4194304 (custom)
2021-11-30 01:53:57,763 [pool-1015-thread-1] INFO  server.RaftServerConfigKeys (ConfUtils.java:logGet(44)) - raft.server.log.preallocated.size = 4194304 (custom)
2021-11-30 01:53:57,763 [pool-1015-thread-1] INFO  server.RaftServerConfigKeys (ConfUtils.java:logGet(44)) - raft.server.log.force.sync.num = 128 (default)
2021-11-30 01:53:57,763 [pool-1015-thread-1] INFO  server.RaftServerConfigKeys (ConfUtils.java:logGet(44)) - raft.server.log.statemachine.data.sync = true (default)
2021-11-30 01:53:57,763 [pool-1015-thread-1] INFO  server.RaftServerConfigKeys (ConfUtils.java:logGet(44)) - raft.server.log.statemachine.data.sync.timeout = 10s (default)
2021-11-30 01:53:57,763 [pool-1015-thread-1] INFO  server.RaftServerConfigKeys (ConfUtils.java:logGet(44)) - raft.server.log.statemachine.data.sync.timeout.retry = -1 (default)
2021-11-30 01:53:57,781 [pool-1015-thread-1] INFO  server.RaftServerConfigKeys (ConfUtils.java:logGet(44)) - raft.server.log.write.buffer.size = 64KB (=65536) (default)
2021-11-30 01:53:57,789 [pool-1015-thread-1] INFO  server.RaftServerConfigKeys (ConfUtils.java:logGet(44)) - raft.server.log.statemachine.data.caching.enabled = false (default)
2021-11-30 01:53:57,789 [pool-1015-thread-1] INFO  segmented.SegmentedRaftLogWorker (SegmentedRaftLogWorker.java:lambda$new$0(133)) - om1@group-C5BA1605619E-SegmentedRaftLogWorker: flushIndex: setUnconditionally 0 -> -1
2021-11-30 01:53:57,789 [pool-1015-thread-1] INFO  segmented.SegmentedRaftLogWorker (SegmentedRaftLogWorker.java:lambda$new$0(133)) - om1@group-C5BA1605619E-SegmentedRaftLogWorker: safeCacheEvictIndex: setUnconditionally 0 -> -1
2021-11-30 01:53:57,795 [pool-1015-thread-1] INFO  server.RaftServerConfigKeys (ConfUtils.java:logGet(44)) - raft.server.snapshot.auto.trigger.enabled = true (custom)
2021-11-30 01:53:57,795 [pool-1015-thread-1] INFO  server.RaftServerConfigKeys (ConfUtils.java:logGet(44)) - raft.server.snapshot.auto.trigger.threshold = 400000 (default)
2021-11-30 01:53:57,795 [pool-1015-thread-1] INFO  server.RaftServerConfigKeys (ConfUtils.java:logGet(44)) - raft.server.snapshot.retention.file.num = -1 (default)
2021-11-30 01:53:57,795 [pool-1015-thread-1] INFO  server.RaftServerConfigKeys (ConfUtils.java:logGet(44)) - raft.server.log.purge.upto.snapshot.index = true (custom)
2021-11-30 01:53:57,795 [pool-1015-thread-1] INFO  server.RaftServerConfigKeys (ConfUtils.java:logGet(44)) - raft.server.retrycache.expirytime = 300s (custom)
2021-11-30 01:53:57,795 [pool-1015-thread-1] INFO  server.RaftServerConfigKeys (ConfUtils.java:logGet(44)) - raft.server.retrycache.statistics.expirytime = 100μs (default)
2021-11-30 01:53:57,834 [ForkJoinPool.commonPool-worker-1] INFO  server.GrpcService (GrpcService.java:closeImpl(271)) - da235480-3666-4925-bff3-0571021ec8c8: shutdown server with port 44789 successfully
2021-11-30 01:53:57,834 [org.apache.ratis.util.JvmPauseMonitor$$Lambda$540/495036108@35e6f001] INFO  util.JvmPauseMonitor (JvmPauseMonitor.java:run(109)) - JvmPauseMonitor-da235480-3666-4925-bff3-0571021ec8c8: Stopped
2021-11-30 01:53:57,834 [Mini-Cluster-Provider-Reap] INFO  server.GrpcService (GrpcService.java:closeImpl(271)) - b4162c89-986b-43e5-92d9-30654e537d9a: shutdown server with port 45617 successfully
2021-11-30 01:53:57,835 [org.apache.ratis.util.JvmPauseMonitor$$Lambda$540/495036108@76cd8957] INFO  util.JvmPauseMonitor (JvmPauseMonitor.java:run(109)) - JvmPauseMonitor-b4162c89-986b-43e5-92d9-30654e537d9a: Stopped
2021-11-30 01:53:57,846 [ForkJoinPool.commonPool-worker-1] INFO  utils.BackgroundService (BackgroundService.java:shutdown(132)) - Shutting down service BlockDeletingService
2021-11-30 01:53:57,866 [Listener at 127.0.0.1/34865] INFO  om.OzoneManager (OzoneManager.java:start(1365)) - OzoneManager RPC server is listening at localhost/127.0.0.1:34865
2021-11-30 01:53:57,866 [Listener at 127.0.0.1/34865] INFO  ratis.OzoneManagerRatisServer (OzoneManagerRatisServer.java:start(516)) - Starting OzoneManagerRatisServer om1 at port 39417
2021-11-30 01:53:57,866 [Listener at 127.0.0.1/34865] INFO  server.RaftServer$Division (RaftServerImpl.java:start(301)) - om1@group-C5BA1605619E: start as a follower, conf=-1: [om1|rpc:localhost:39417|priority:0], old=null
2021-11-30 01:53:57,866 [Listener at 127.0.0.1/34865] INFO  server.RaftServer$Division (RaftServerImpl.java:setRole(290)) - om1@group-C5BA1605619E: changes role from      null to FOLLOWER at term 0 for startAsFollower
2021-11-30 01:53:57,866 [Listener at 127.0.0.1/34865] INFO  impl.RoleInfo (RoleInfo.java:updateAndGet(130)) - om1: start om1@group-C5BA1605619E-FollowerState
2021-11-30 01:53:57,870 [Listener at 127.0.0.1/34865] INFO  util.JmxRegister (JmxRegister.java:tryRegister(44)) - Successfully registered JMX Bean with object name Ratis:service=RaftServer,group=group-C5BA1605619E,id=om1
2021-11-30 01:53:57,914 [Listener at 127.0.0.1/34865] INFO  server.RaftServer (RaftServerProxy.java:lambda$start$5(374)) - om1: start RPC server
2021-11-30 01:53:57,920 [Listener at 127.0.0.1/34865] INFO  server.GrpcService (GrpcService.java:startImpl(253)) - om1: GrpcService started, listening on 39417
2021-11-30 01:53:57,927 [Listener at 127.0.0.1/34865] INFO  om.OzoneManager (OzoneManager.java:start(1381)) - Version File has different layout version (0) than OM DB (null). That is expected if this OM has never been finalized to a newer layout version.
2021-11-30 01:53:57,927 [org.apache.ratis.util.JvmPauseMonitor$$Lambda$540/495036108@55e3cf4c] INFO  util.JvmPauseMonitor (JvmPauseMonitor.java:run(103)) - JvmPauseMonitor-om1: Started
2021-11-30 01:53:57,940 [Listener at 127.0.0.1/34865] INFO  http.BaseHttpServer (BaseHttpServer.java:newHttpServer2BuilderForOzone(209)) - Starting Web-server for ozoneManager at: http://0.0.0.0:0
2021-11-30 01:53:57,940 [Listener at 127.0.0.1/34865] INFO  http.BaseHttpServer (BaseHttpServer.java:<init>(107)) - Hadoop Security Enabled: false Ozone Security Enabled: false Ozone HTTP Security Enabled: false 
2021-11-30 01:53:57,976 [Mini-Cluster-Provider-Reap] INFO  utils.BackgroundService (BackgroundService.java:shutdown(132)) - Shutting down service BlockDeletingService
2021-11-30 01:53:57,996 [Listener at 127.0.0.1/34865] INFO  server.AuthenticationFilter (AuthenticationFilter.java:constructSecretProvider(240)) - Unable to initialize FileSignerSecretProvider, falling back to use random secrets.
2021-11-30 01:53:58,005 [Listener at 127.0.0.1/34865] WARN  http.HttpRequestLog (HttpRequestLog.java:getRequestLog(103)) - Jetty request log can only be enabled using Log4j
2021-11-30 01:53:58,005 [Listener at 127.0.0.1/34865] INFO  http.HttpServer2 (HttpServer2.java:addGlobalFilter(1030)) - Added global filter 'safety' (class=org.apache.hadoop.hdds.server.http.HttpServer2$QuotingInputFilter)
2021-11-30 01:53:58,006 [Listener at 127.0.0.1/34865] INFO  http.HttpServer2 (HttpServer2.java:addFilter(1006)) - Added filter static_user_filter (class=org.apache.hadoop.http.lib.StaticUserWebFilter$StaticUserFilter) to context ozoneManager
2021-11-30 01:53:58,006 [Listener at 127.0.0.1/34865] INFO  http.HttpServer2 (HttpServer2.java:addFilter(1014)) - Added filter static_user_filter (class=org.apache.hadoop.http.lib.StaticUserWebFilter$StaticUserFilter) to context logs
2021-11-30 01:53:58,006 [Listener at 127.0.0.1/34865] INFO  http.HttpServer2 (HttpServer2.java:addFilter(1014)) - Added filter static_user_filter (class=org.apache.hadoop.http.lib.StaticUserWebFilter$StaticUserFilter) to context static
2021-11-30 01:53:58,006 [Listener at 127.0.0.1/34865] INFO  http.HttpServer2 (HttpServer2.java:bindListener(1249)) - Jetty bound to port 35687
2021-11-30 01:53:58,015 [Listener at 127.0.0.1/34865] INFO  server.Server (Server.java:doStart(375)) - jetty-9.4.43.v20210629; built: 2021-06-30T11:07:22.254Z; git: 526006ecfa3af7f1a27ef3a288e2bef7ea9dd7e8; jvm 1.8.0_292-b10
2021-11-30 01:53:58,018 [Listener at 127.0.0.1/34865] INFO  server.session (DefaultSessionIdManager.java:doStart(334)) - DefaultSessionIdManager workerName=node0
2021-11-30 01:53:58,018 [Listener at 127.0.0.1/34865] INFO  server.session (DefaultSessionIdManager.java:doStart(339)) - No SessionScavenger set, using defaults
2021-11-30 01:53:58,018 [Listener at 127.0.0.1/34865] INFO  server.session (HouseKeeper.java:startScavenging(132)) - node0 Scavenging every 660000ms
2021-11-30 01:53:58,019 [Listener at 127.0.0.1/34865] INFO  handler.ContextHandler (ContextHandler.java:doStart(915)) - Started o.e.j.s.ServletContextHandler@75e3918{logs,/logs,file:///home/runner/work/ozone/ozone/hadoop-ozone/integration-test/target/log,AVAILABLE}
2021-11-30 01:53:58,019 [Listener at 127.0.0.1/34865] INFO  handler.ContextHandler (ContextHandler.java:doStart(915)) - Started o.e.j.s.ServletContextHandler@2e29b6ce{static,/static,file:///home/runner/work/ozone/ozone/hadoop-ozone/integration-test/target/test-classes/webapps/static,AVAILABLE}
2021-11-30 01:53:58,025 [Listener at 127.0.0.1/34865] INFO  handler.ContextHandler (ContextHandler.java:doStart(915)) - Started o.e.j.w.WebAppContext@36879ab6{ozoneManager,/,file:///home/runner/work/ozone/ozone/hadoop-ozone/integration-test/target/test-classes/webapps/ozoneManager/,AVAILABLE}{file:/home/runner/work/ozone/ozone/hadoop-ozone/integration-test/target/test-classes/webapps/ozoneManager}
2021-11-30 01:53:58,041 [Listener at 127.0.0.1/34865] INFO  server.AbstractConnector (AbstractConnector.java:doStart(331)) - Started ServerConnector@6a059a8a{HTTP/1.1, (http/1.1)}{0.0.0.0:35687}
2021-11-30 01:53:58,041 [Listener at 127.0.0.1/34865] INFO  server.Server (Server.java:doStart(415)) - Started @211617ms
2021-11-30 01:53:58,041 [Listener at 127.0.0.1/34865] WARN  impl.MetricsSystemImpl (MetricsSystemImpl.java:register(279)) - Sink prometheus already exists!
2021-11-30 01:53:58,042 [Listener at 127.0.0.1/34865] INFO  http.BaseHttpServer (BaseHttpServer.java:updateConnectorAddress(329)) - HTTP server of ozoneManager listening at http://0.0.0.0:35687
2021-11-30 01:53:58,042 [IPC Server Responder] INFO  ipc.Server (Server.java:run(1507)) - IPC Server Responder: starting
2021-11-30 01:53:58,042 [IPC Server listener on 0] INFO  ipc.Server (Server.java:run(1344)) - IPC Server listener on 0: starting
2021-11-30 01:53:58,047 [Listener at 127.0.0.1/34865] INFO  om.OzoneManager (OzoneManager.java:startTrashEmptier(1729)) - Trash Interval set to 0. Files deleted will not move to trash
2021-11-30 01:53:58,114 [org.apache.hadoop.util.JvmPauseMonitor$Monitor@5327856e] INFO  util.JvmPauseMonitor (JvmPauseMonitor.java:run(188)) - Starting JVM pause monitor
2021-11-30 01:53:58,124 [Listener at 127.0.0.1/34865] WARN  impl.MetricRegistriesImpl (MetricRegistriesImpl.java:addReporterRegistration(111)) - New reporters are added after registries were created. Some metrics will be missing from the reporter. Please add reporter before adding any new registry.
2021-11-30 01:53:58,124 [Listener at 127.0.0.1/34865] WARN  impl.MetricRegistriesImpl (MetricRegistriesImpl.java:addReporterRegistration(111)) - New reporters are added after registries were created. Some metrics will be missing from the reporter. Please add reporter before adding any new registry.
2021-11-30 01:53:58,125 [Listener at 127.0.0.1/34865] INFO  impl.MetricsSystemImpl (MetricsSystemImpl.java:init(158)) - HddsDatanode metrics system started (again)
2021-11-30 01:53:58,195 [Listener at 127.0.0.1/34865] INFO  ozone.HddsDatanodeService (HddsDatanodeService.java:start(234)) - HddsDatanodeService host:fv-az270-622.tacnzluakwdehk1hpragurqkma.bx.internal.cloudapp.net ip:10.1.0.55
2021-11-30 01:53:58,242 [Listener at 127.0.0.1/34865] INFO  upgrade.AbstractLayoutVersionManager (AbstractLayoutVersionManager.java:init(79)) - Initializing Layout version manager with metadata layout = INITIAL_VERSION (version = 0), software layout = SCM_HA (version = 2)
2021-11-30 01:53:58,492 [Listener at 127.0.0.1/34865] INFO  reflections.Reflections (Reflections.java:scan(232)) - Reflections took 228 ms to scan 7 urls, producing 119 keys and 279 values 
2021-11-30 01:53:58,493 [Listener at 127.0.0.1/34865] INFO  upgrade.HDDSLayoutVersionManager (HDDSLayoutVersionManager.java:lambda$registerUpgradeActions$0(76)) - Registering Upgrade Action : ScmOnFinalizeActionForDatanodeSchemaV2
2021-11-30 01:53:58,493 [Listener at 127.0.0.1/34865] INFO  upgrade.HDDSLayoutVersionManager (HDDSLayoutVersionManager.java:lambda$registerUpgradeActions$0(76)) - Registering Upgrade Action : ScmHAFinalizeUpgradeActionDatanode
2021-11-30 01:53:58,493 [Listener at 127.0.0.1/34865] INFO  upgrade.HDDSLayoutVersionManager (HDDSLayoutVersionManager.java:lambda$registerUpgradeActions$0(76)) - Registering Upgrade Action : ScmHAUnfinalizedStateValidationAction
2021-11-30 01:53:58,493 [Listener at 127.0.0.1/34865] INFO  upgrade.HDDSLayoutVersionManager (HDDSLayoutVersionManager.java:lambda$registerUpgradeActions$0(76)) - Registering Upgrade Action : DatanodeSchemaV2FinalizeAction
2021-11-30 01:53:58,493 [Listener at 127.0.0.1/34865] INFO  statemachine.DatanodeStateMachine (DatanodeStateMachine.java:getEndPointTaskThreadPoolSize(219)) - Datanode State Machine Task Thread Pool size 2
2021-11-30 01:53:58,511 [Listener at 127.0.0.1/34865] INFO  volume.HddsVolume (HddsVolume.java:<init>(120)) - Creating HddsVolume: /home/runner/work/ozone/ozone/hadoop-ozone/integration-test/target/test-dir/MiniOzoneClusterImpl-372abfd9-b76d-47b1-8d83-90153ed5af7e/datanode-0/data-0/containers/hdds of storage type : DISK capacity : 9223372036854775807
2021-11-30 01:53:58,511 [Listener at 127.0.0.1/34865] INFO  volume.MutableVolumeSet (MutableVolumeSet.java:initializeVolumeSet(168)) - Added Volume : /home/runner/work/ozone/ozone/hadoop-ozone/integration-test/target/test-dir/MiniOzoneClusterImpl-372abfd9-b76d-47b1-8d83-90153ed5af7e/datanode-0/data-0/containers/hdds to VolumeSet
2021-11-30 01:53:58,511 [Listener at 127.0.0.1/34865] INFO  volume.ThrottledAsyncChecker (ThrottledAsyncChecker.java:schedule(141)) - Scheduling a check for /home/runner/work/ozone/ozone/hadoop-ozone/integration-test/target/test-dir/MiniOzoneClusterImpl-372abfd9-b76d-47b1-8d83-90153ed5af7e/datanode-0/data-0/containers/hdds
2021-11-30 01:53:58,587 [Listener at 127.0.0.1/34865] INFO  volume.StorageVolumeChecker (StorageVolumeChecker.java:checkAllVolumes(202)) - Scheduled health check for volume /home/runner/work/ozone/ozone/hadoop-ozone/integration-test/target/test-dir/MiniOzoneClusterImpl-372abfd9-b76d-47b1-8d83-90153ed5af7e/datanode-0/data-0/containers/hdds
2021-11-30 01:53:58,601 [grpc-default-executor-5] WARN  server.GrpcLogAppender (LogUtils.java:warn(122)) - 06b7ff9d-b949-4cc8-b1f8-d148219ce06b@group-1AABBADEE04A->da235480-3666-4925-bff3-0571021ec8c8-AppendLogResponseHandler: Failed appendEntries: org.apache.ratis.thirdparty.io.grpc.StatusRuntimeException: UNAVAILABLE: io exception
2021-11-30 01:53:58,602 [grpc-default-executor-5] WARN  server.GrpcLogAppender (GrpcLogAppender.java:resetClient(110)) - 06b7ff9d-b949-4cc8-b1f8-d148219ce06b@group-1AABBADEE04A->da235480-3666-4925-bff3-0571021ec8c8-GrpcLogAppender: Leader has not got in touch with Follower 06b7ff9d-b949-4cc8-b1f8-d148219ce06b@group-1AABBADEE04A->da235480-3666-4925-bff3-0571021ec8c8(c0,m0,n1, attendVote=true, lastRpcSendTime=5, lastRpcResponseTime=2509) yet, just keep nextIndex unchanged and retry.
2021-11-30 01:53:58,602 [grpc-default-executor-3] WARN  server.GrpcLogAppender (LogUtils.java:warn(122)) - 06b7ff9d-b949-4cc8-b1f8-d148219ce06b@group-1AABBADEE04A->b4162c89-986b-43e5-92d9-30654e537d9a-AppendLogResponseHandler: Failed appendEntries: org.apache.ratis.thirdparty.io.grpc.StatusRuntimeException: UNAVAILABLE: io exception
2021-11-30 01:53:58,602 [grpc-default-executor-3] WARN  server.GrpcLogAppender (GrpcLogAppender.java:resetClient(110)) - 06b7ff9d-b949-4cc8-b1f8-d148219ce06b@group-1AABBADEE04A->b4162c89-986b-43e5-92d9-30654e537d9a-GrpcLogAppender: Leader has not got in touch with Follower 06b7ff9d-b949-4cc8-b1f8-d148219ce06b@group-1AABBADEE04A->b4162c89-986b-43e5-92d9-30654e537d9a(c0,m0,n1, attendVote=true, lastRpcSendTime=6, lastRpcResponseTime=2611) yet, just keep nextIndex unchanged and retry.
2021-11-30 01:53:58,678 [Listener at 127.0.0.1/34865] INFO  volume.MutableVolumeSet (MutableVolumeSet.java:initializeVolumeSet(168)) - Added Volume : /home/runner/work/ozone/ozone/hadoop-ozone/integration-test/target/test-dir/MiniOzoneClusterImpl-372abfd9-b76d-47b1-8d83-90153ed5af7e/datanode-0/data/ratis to VolumeSet
2021-11-30 01:53:58,678 [Listener at 127.0.0.1/34865] INFO  volume.ThrottledAsyncChecker (ThrottledAsyncChecker.java:schedule(141)) - Scheduling a check for /home/runner/work/ozone/ozone/hadoop-ozone/integration-test/target/test-dir/MiniOzoneClusterImpl-372abfd9-b76d-47b1-8d83-90153ed5af7e/datanode-0/data/ratis
2021-11-30 01:53:58,697 [Listener at 127.0.0.1/34865] INFO  volume.StorageVolumeChecker (StorageVolumeChecker.java:checkAllVolumes(202)) - Scheduled health check for volume /home/runner/work/ozone/ozone/hadoop-ozone/integration-test/target/test-dir/MiniOzoneClusterImpl-372abfd9-b76d-47b1-8d83-90153ed5af7e/datanode-0/data/ratis
2021-11-30 01:53:58,778 [Thread-2501] INFO  ozoneimpl.ContainerReader (ContainerReader.java:readVolume(172)) - Finish verifying containers on volume /home/runner/work/ozone/ozone/hadoop-ozone/integration-test/target/test-dir/MiniOzoneClusterImpl-372abfd9-b76d-47b1-8d83-90153ed5af7e/datanode-0/data-0/containers/hdds
2021-11-30 01:53:58,778 [Listener at 127.0.0.1/34865] INFO  ozoneimpl.OzoneContainer (OzoneContainer.java:buildContainerSet(236)) - Build ContainerSet costs 0s
2021-11-30 01:53:58,780 [Listener at 127.0.0.1/34865] INFO  server.RaftServer (ConfUtils.java:logGet(44)) - raft.rpc.type = GRPC (default)
2021-11-30 01:53:58,780 [Listener at 127.0.0.1/34865] INFO  grpc.GrpcFactory (GrpcFactory.java:checkPooledByteBufAllocatorUseCacheForAllThreads(48)) - PERFORMANCE WARNING: useCacheForAllThreads is true that may cause Netty to create a lot garbage objects and, as a result, trigger GC.
	It is recommended to disable useCacheForAllThreads by setting -Dorg.apache.ratis.thirdparty.io.netty.allocator.useCacheForAllThreads=false in command line.
2021-11-30 01:53:58,780 [Listener at 127.0.0.1/34865] INFO  grpc.GrpcConfigKeys (ConfUtils.java:logGet(44)) - raft.grpc.admin.port = 0 (custom)
2021-11-30 01:53:58,780 [Listener at 127.0.0.1/34865] INFO  grpc.GrpcConfigKeys (ConfUtils.java:logGet(44)) - raft.grpc.client.port = 0 (custom)
2021-11-30 01:53:58,780 [Listener at 127.0.0.1/34865] INFO  grpc.GrpcConfigKeys (ConfUtils.java:logGet(44)) - raft.grpc.server.port = 0 (default)
2021-11-30 01:53:58,780 [Listener at 127.0.0.1/34865] INFO  server.GrpcService (ConfUtils.java:logGet(44)) - raft.grpc.message.size.max = 32MB (=33554432) (custom)
2021-11-30 01:53:58,780 [Listener at 127.0.0.1/34865] INFO  server.RaftServerConfigKeys (ConfUtils.java:logGet(44)) - raft.server.log.appender.buffer.byte-limit = 33554432 (custom)
2021-11-30 01:53:58,780 [Listener at 127.0.0.1/34865] INFO  server.GrpcService (ConfUtils.java:logGet(44)) - raft.grpc.flow.control.window = 5MB (=5242880) (custom)
2021-11-30 01:53:58,780 [Listener at 127.0.0.1/34865] INFO  server.RaftServerConfigKeys (ConfUtils.java:logGet(44)) - raft.server.rpc.request.timeout = 60s (custom)
2021-11-30 01:53:58,781 [Listener at 127.0.0.1/34865] INFO  impl.DataStreamServerImpl (ConfUtils.java:logGet(44)) - raft.datastream.type = DISABLED (default)
2021-11-30 01:53:58,782 [Listener at 127.0.0.1/34865] INFO  server.RaftServerConfigKeys (ConfUtils.java:logGet(44)) - raft.server.rpc.slowness.timeout = 300s (custom)
2021-11-30 01:53:58,782 [Listener at 127.0.0.1/34865] INFO  server.RaftServerConfigKeys (ConfUtils.java:logGet(44)) - raft.server.leaderelection.leader.step-down.wait-time = 10s (default)
2021-11-30 01:53:58,782 [Listener at 127.0.0.1/34865] INFO  server.RaftServerConfigKeys (ConfUtils.java:logGet(44)) - raft.server.storage.dir = [/home/runner/work/ozone/ozone/hadoop-ozone/integration-test/target/test-dir/MiniOzoneClusterImpl-372abfd9-b76d-47b1-8d83-90153ed5af7e/datanode-0/data/ratis] (custom)
2021-11-30 01:53:58,784 [Time-limited test] INFO  upgrade.UpgradeFinalizer (BasicUpgradeFinalizer.java:logAndEmit(342)) -   Existing pipelines and containers will be closed during Upgrade.
  New pipelines creation will remain frozen until Upgrade is finalized.
2021-11-30 01:53:58,784 [Time-limited test] INFO  upgrade.ScmOnFinalizeActionForDatanodeSchemaV2 (ScmOnFinalizeActionForDatanodeSchemaV2.java:execute(43)) - Executing SCM On Finalize action for layout feature DATANODE_SCHEMA_V2
2021-11-30 01:53:58,787 [Time-limited test] INFO  upgrade.UpgradeFinalizer (BasicUpgradeFinalizer.java:logAndEmit(342)) - No onFinalize work defined for feature: SCM_HA.
2021-11-30 01:53:58,792 [Time-limited test] INFO  ozone.MiniOzoneClusterImpl (MiniOzoneClusterImpl.java:restartStorageContainerManager(361)) - Restarting SCM in cluster class org.apache.hadoop.ozone.MiniOzoneClusterImpl
2021-11-30 01:53:58,792 [Time-limited test] INFO  server.StorageContainerManager (StorageContainerManager.java:stop(1395)) - Stopping Container Balancer service.
2021-11-30 01:53:58,792 [Time-limited test] INFO  balancer.ContainerBalancer (ContainerBalancer.java:stop(734)) - Container Balancer is not running.
2021-11-30 01:53:58,792 [Time-limited test] INFO  server.StorageContainerManager (StorageContainerManager.java:stop(1402)) - Stopping Replication Manager Service.
2021-11-30 01:53:58,792 [Time-limited test] INFO  container.ReplicationManager (ReplicationManager.java:stop(350)) - Stopping Replication Monitor Thread.
2021-11-30 01:53:58,792 [Time-limited test] INFO  server.StorageContainerManager (StorageContainerManager.java:stop(1409)) - Stopping the Datanode Admin Monitor.
2021-11-30 01:53:58,792 [Time-limited test] INFO  server.StorageContainerManager (StorageContainerManager.java:stop(1416)) - Stopping Lease Manager of the command watchers
2021-11-30 01:53:58,792 [Time-limited test] INFO  server.StorageContainerManager (StorageContainerManager.java:stop(1423)) - Stopping datanode service RPC server
2021-11-30 01:53:58,792 [Time-limited test] INFO  server.SCMDatanodeProtocolServer (SCMDatanodeProtocolServer.java:stop(389)) - Stopping the RPC server for DataNodes
2021-11-30 01:53:58,798 [Time-limited test] INFO  ipc.Server (Server.java:stop(3414)) - Stopping server on 36669
2021-11-30 01:53:58,808 [Listener at 127.0.0.1/34865] INFO  http.BaseHttpServer (BaseHttpServer.java:newHttpServer2BuilderForOzone(209)) - Starting Web-server for hddsDatanode at: http://0.0.0.0:0
2021-11-30 01:53:58,808 [Listener at 127.0.0.1/34865] INFO  http.BaseHttpServer (BaseHttpServer.java:<init>(107)) - Hadoop Security Enabled: false Ozone Security Enabled: false Ozone HTTP Security Enabled: false 
2021-11-30 01:53:58,809 [Listener at 127.0.0.1/34865] INFO  server.AuthenticationFilter (AuthenticationFilter.java:constructSecretProvider(240)) - Unable to initialize FileSignerSecretProvider, falling back to use random secrets.
2021-11-30 01:53:58,816 [Listener at 127.0.0.1/34865] WARN  http.HttpRequestLog (HttpRequestLog.java:getRequestLog(103)) - Jetty request log can only be enabled using Log4j
2021-11-30 01:53:58,816 [Listener at 127.0.0.1/34865] INFO  http.HttpServer2 (HttpServer2.java:addGlobalFilter(1030)) - Added global filter 'safety' (class=org.apache.hadoop.hdds.server.http.HttpServer2$QuotingInputFilter)
2021-11-30 01:53:58,817 [Listener at 127.0.0.1/34865] INFO  http.HttpServer2 (HttpServer2.java:addFilter(1006)) - Added filter static_user_filter (class=org.apache.hadoop.http.lib.StaticUserWebFilter$StaticUserFilter) to context hddsDatanode
2021-11-30 01:53:58,817 [Listener at 127.0.0.1/34865] INFO  http.HttpServer2 (HttpServer2.java:addFilter(1014)) - Added filter static_user_filter (class=org.apache.hadoop.http.lib.StaticUserWebFilter$StaticUserFilter) to context logs
2021-11-30 01:53:58,817 [Listener at 127.0.0.1/34865] INFO  http.HttpServer2 (HttpServer2.java:addFilter(1014)) - Added filter static_user_filter (class=org.apache.hadoop.http.lib.StaticUserWebFilter$StaticUserFilter) to context static
2021-11-30 01:53:58,817 [Listener at 127.0.0.1/34865] INFO  http.HttpServer2 (HttpServer2.java:bindListener(1249)) - Jetty bound to port 35307
2021-11-30 01:53:58,817 [Listener at 127.0.0.1/34865] INFO  server.Server (Server.java:doStart(375)) - jetty-9.4.43.v20210629; built: 2021-06-30T11:07:22.254Z; git: 526006ecfa3af7f1a27ef3a288e2bef7ea9dd7e8; jvm 1.8.0_292-b10
2021-11-30 01:53:58,860 [Listener at 127.0.0.1/34865] INFO  server.session (DefaultSessionIdManager.java:doStart(334)) - DefaultSessionIdManager workerName=node0
2021-11-30 01:53:58,861 [Listener at 127.0.0.1/34865] INFO  server.session (DefaultSessionIdManager.java:doStart(339)) - No SessionScavenger set, using defaults
2021-11-30 01:53:58,861 [Listener at 127.0.0.1/34865] INFO  server.session (HouseKeeper.java:startScavenging(132)) - node0 Scavenging every 600000ms
2021-11-30 01:53:58,867 [Listener at 127.0.0.1/34865] INFO  handler.ContextHandler (ContextHandler.java:doStart(915)) - Started o.e.j.s.ServletContextHandler@6c0413b4{logs,/logs,file:///home/runner/work/ozone/ozone/hadoop-ozone/integration-test/target/log,AVAILABLE}
2021-11-30 01:53:58,868 [Listener at 127.0.0.1/34865] INFO  handler.ContextHandler (ContextHandler.java:doStart(915)) - Started o.e.j.s.ServletContextHandler@cd402ce{static,/static,jar:file:/home/runner/.m2/repository/org/apache/ozone/hdds-container-service/1.3.0-SNAPSHOT/hdds-container-service-1.3.0-SNAPSHOT.jar!/webapps/static,AVAILABLE}
2021-11-30 01:53:58,906 [om1@group-C5BA1605619E-FollowerState] INFO  impl.FollowerState (FollowerState.java:run(134)) - om1@group-C5BA1605619E-FollowerState: change to CANDIDATE, lastRpcElapsedTime:1040258240ns, electionTimeout:1007ms
2021-11-30 01:53:58,907 [om1@group-C5BA1605619E-FollowerState] INFO  impl.RoleInfo (RoleInfo.java:shutdownFollowerState(108)) - om1: shutdown om1@group-C5BA1605619E-FollowerState
2021-11-30 01:53:58,907 [om1@group-C5BA1605619E-FollowerState] INFO  server.RaftServer$Division (RaftServerImpl.java:setRole(290)) - om1@group-C5BA1605619E: changes role from  FOLLOWER to CANDIDATE at term 0 for changeToCandidate
2021-11-30 01:53:58,909 [om1@group-C5BA1605619E-FollowerState] INFO  server.RaftServerConfigKeys (ConfUtils.java:logGet(44)) - raft.server.leaderelection.pre-vote = false (custom)
2021-11-30 01:53:58,910 [om1@group-C5BA1605619E-FollowerState] INFO  impl.RoleInfo (RoleInfo.java:updateAndGet(130)) - om1: start om1@group-C5BA1605619E-LeaderElection95
2021-11-30 01:53:58,910 [EventQueue-HealthyReadonlyNodeForHealthyReadOnlyNodeHandler] INFO  node.HealthyReadOnlyNodeHandler (HealthyReadOnlyNodeHandler.java:onMessage(58)) - Datanode 52ddde08-a88d-428a-ba47-2b9cb8cb0234{ip: 10.1.0.55, host: fv-az270-622.tacnzluakwdehk1hpragurqkma.bx.internal.cloudapp.net, ports: [REPLICATION=35131, RATIS=42185, RATIS_ADMIN=42185, RATIS_SERVER=42185, STANDALONE=40929], networkLocation: /default-rack, certSerialId: null, persistedOpState: IN_SERVICE, persistedOpStateExpiryEpochSec: 0} moved to HEALTHY READONLY state.
2021-11-30 01:53:58,910 [EventQueue-HealthyReadonlyNodeForHealthyReadOnlyNodeHandler] INFO  node.HealthyReadOnlyNodeHandler (HealthyReadOnlyNodeHandler.java:onMessage(62)) - Closing pipeline PipelineID=4e177030-b425-4307-8ae3-4c486511c01e which uses HEALTHY READONLY datanode 52ddde08-a88d-428a-ba47-2b9cb8cb0234{ip: 10.1.0.55, host: fv-az270-622.tacnzluakwdehk1hpragurqkma.bx.internal.cloudapp.net, ports: [REPLICATION=35131, RATIS=42185, RATIS_ADMIN=42185, RATIS_SERVER=42185, STANDALONE=40929], networkLocation: /default-rack, certSerialId: null, persistedOpState: IN_SERVICE, persistedOpStateExpiryEpochSec: 0} 
2021-11-30 01:53:58,910 [EventQueue-HealthyReadonlyNodeForHealthyReadOnlyNodeHandler] INFO  pipeline.RatisPipelineProvider (RatisPipelineProvider.java:lambda$close$1(222)) - Send pipeline:PipelineID=4e177030-b425-4307-8ae3-4c486511c01e close command to datanode 52ddde08-a88d-428a-ba47-2b9cb8cb0234
2021-11-30 01:53:58,920 [EventQueue-HealthyReadonlyNodeForHealthyReadOnlyNodeHandler] INFO  pipeline.PipelineStateManagerImpl (PipelineStateManagerImpl.java:removePipeline(223)) - Pipeline Pipeline[ Id: 4e177030-b425-4307-8ae3-4c486511c01e, Nodes: 52ddde08-a88d-428a-ba47-2b9cb8cb0234{ip: 10.1.0.55, host: fv-az270-622.tacnzluakwdehk1hpragurqkma.bx.internal.cloudapp.net, ports: [REPLICATION=35131, RATIS=42185, RATIS_ADMIN=42185, RATIS_SERVER=42185, STANDALONE=40929], networkLocation: /default-rack, certSerialId: null, persistedOpState: IN_SERVICE, persistedOpStateExpiryEpochSec: 0}, ReplicationConfig: RATIS/ONE, State:CLOSED, leaderId:52ddde08-a88d-428a-ba47-2b9cb8cb0234, CreationTimestamp2021-11-30T01:52:10.914Z[Etc/UTC]] removed.
2021-11-30 01:53:58,920 [EventQueue-HealthyReadonlyNodeForHealthyReadOnlyNodeHandler] INFO  node.HealthyReadOnlyNodeHandler (HealthyReadOnlyNodeHandler.java:onMessage(62)) - Closing pipeline PipelineID=7508b931-d4ec-42e1-b42b-1b531bf3daf9 which uses HEALTHY READONLY datanode 52ddde08-a88d-428a-ba47-2b9cb8cb0234{ip: 10.1.0.55, host: fv-az270-622.tacnzluakwdehk1hpragurqkma.bx.internal.cloudapp.net, ports: [REPLICATION=35131, RATIS=42185, RATIS_ADMIN=42185, RATIS_SERVER=42185, STANDALONE=40929], networkLocation: /default-rack, certSerialId: null, persistedOpState: IN_SERVICE, persistedOpStateExpiryEpochSec: 0} 
2021-11-30 01:53:58,920 [EventQueue-HealthyReadonlyNodeForHealthyReadOnlyNodeHandler] INFO  pipeline.RatisPipelineProvider (RatisPipelineProvider.java:lambda$close$1(222)) - Send pipeline:PipelineID=7508b931-d4ec-42e1-b42b-1b531bf3daf9 close command to datanode 52ddde08-a88d-428a-ba47-2b9cb8cb0234
2021-11-30 01:53:58,920 [EventQueue-HealthyReadonlyNodeForHealthyReadOnlyNodeHandler] INFO  pipeline.RatisPipelineProvider (RatisPipelineProvider.java:lambda$close$1(222)) - Send pipeline:PipelineID=7508b931-d4ec-42e1-b42b-1b531bf3daf9 close command to datanode bda8f095-9727-4182-b919-347ea6898078
2021-11-30 01:53:58,920 [EventQueue-HealthyReadonlyNodeForHealthyReadOnlyNodeHandler] INFO  pipeline.RatisPipelineProvider (RatisPipelineProvider.java:lambda$close$1(222)) - Send pipeline:PipelineID=7508b931-d4ec-42e1-b42b-1b531bf3daf9 close command to datanode 2d09c2b9-013f-46dc-9848-d30e384170ff
2021-11-30 01:53:58,920 [EventQueue-HealthyReadonlyNodeForHealthyReadOnlyNodeHandler] INFO  pipeline.PipelineStateManagerImpl (PipelineStateManagerImpl.java:removePipeline(223)) - Pipeline Pipeline[ Id: 7508b931-d4ec-42e1-b42b-1b531bf3daf9, Nodes: 52ddde08-a88d-428a-ba47-2b9cb8cb0234{ip: 10.1.0.55, host: fv-az270-622.tacnzluakwdehk1hpragurqkma.bx.internal.cloudapp.net, ports: [REPLICATION=35131, RATIS=42185, RATIS_ADMIN=42185, RATIS_SERVER=42185, STANDALONE=40929], networkLocation: /default-rack, certSerialId: null, persistedOpState: IN_SERVICE, persistedOpStateExpiryEpochSec: 0}bda8f095-9727-4182-b919-347ea6898078{ip: 10.1.0.55, host: fv-az270-622.tacnzluakwdehk1hpragurqkma.bx.internal.cloudapp.net, ports: [REPLICATION=45377, RATIS=35495, RATIS_ADMIN=35495, RATIS_SERVER=35495, STANDALONE=39265], networkLocation: /default-rack, certSerialId: null, persistedOpState: IN_SERVICE, persistedOpStateExpiryEpochSec: 0}2d09c2b9-013f-46dc-9848-d30e384170ff{ip: 10.1.0.55, host: fv-az270-622.tacnzluakwdehk1hpragurqkma.bx.internal.cloudapp.net, ports: [REPLICATION=40805, RATIS=35033, RATIS_ADMIN=35033, RATIS_SERVER=35033, STANDALONE=45003], networkLocation: /default-rack, certSerialId: null, persistedOpState: IN_SERVICE, persistedOpStateExpiryEpochSec: 0}, ReplicationConfig: RATIS/THREE, State:CLOSED, leaderId:52ddde08-a88d-428a-ba47-2b9cb8cb0234, CreationTimestamp2021-11-30T01:52:11.706Z[Etc/UTC]] removed.
2021-11-30 01:53:58,920 [EventQueue-HealthyReadonlyNodeForHealthyReadOnlyNodeHandler] INFO  node.HealthyReadOnlyNodeHandler (HealthyReadOnlyNodeHandler.java:onMessage(58)) - Datanode 2d09c2b9-013f-46dc-9848-d30e384170ff{ip: 10.1.0.55, host: fv-az270-622.tacnzluakwdehk1hpragurqkma.bx.internal.cloudapp.net, ports: [REPLICATION=40805, RATIS=35033, RATIS_ADMIN=35033, RATIS_SERVER=35033, STANDALONE=45003], networkLocation: /default-rack, certSerialId: null, persistedOpState: IN_SERVICE, persistedOpStateExpiryEpochSec: 0} moved to HEALTHY READONLY state.
2021-11-30 01:53:58,920 [EventQueue-HealthyReadonlyNodeForHealthyReadOnlyNodeHandler] INFO  node.HealthyReadOnlyNodeHandler (HealthyReadOnlyNodeHandler.java:onMessage(62)) - Closing pipeline PipelineID=82182487-1fe2-42da-b90f-9dd07fe5acf1 which uses HEALTHY READONLY datanode 2d09c2b9-013f-46dc-9848-d30e384170ff{ip: 10.1.0.55, host: fv-az270-622.tacnzluakwdehk1hpragurqkma.bx.internal.cloudapp.net, ports: [REPLICATION=40805, RATIS=35033, RATIS_ADMIN=35033, RATIS_SERVER=35033, STANDALONE=45003], networkLocation: /default-rack, certSerialId: null, persistedOpState: IN_SERVICE, persistedOpStateExpiryEpochSec: 0} 
2021-11-30 01:53:58,920 [EventQueue-HealthyReadonlyNodeForHealthyReadOnlyNodeHandler] INFO  pipeline.RatisPipelineProvider (RatisPipelineProvider.java:lambda$close$1(222)) - Send pipeline:PipelineID=82182487-1fe2-42da-b90f-9dd07fe5acf1 close command to datanode 2d09c2b9-013f-46dc-9848-d30e384170ff
2021-11-30 01:53:58,921 [EventQueue-HealthyReadonlyNodeForHealthyReadOnlyNodeHandler] INFO  pipeline.PipelineStateManagerImpl (PipelineStateManagerImpl.java:removePipeline(223)) - Pipeline Pipeline[ Id: 82182487-1fe2-42da-b90f-9dd07fe5acf1, Nodes: 2d09c2b9-013f-46dc-9848-d30e384170ff{ip: 10.1.0.55, host: fv-az270-622.tacnzluakwdehk1hpragurqkma.bx.internal.cloudapp.net, ports: [REPLICATION=40805, RATIS=35033, RATIS_ADMIN=35033, RATIS_SERVER=35033, STANDALONE=45003], networkLocation: /default-rack, certSerialId: null, persistedOpState: IN_SERVICE, persistedOpStateExpiryEpochSec: 0}, ReplicationConfig: RATIS/ONE, State:CLOSED, leaderId:2d09c2b9-013f-46dc-9848-d30e384170ff, CreationTimestamp2021-11-30T01:52:11.692Z[Etc/UTC]] removed.
2021-11-30 01:53:58,921 [EventQueue-HealthyReadonlyNodeForHealthyReadOnlyNodeHandler] INFO  node.HealthyReadOnlyNodeHandler (HealthyReadOnlyNodeHandler.java:onMessage(58)) - Datanode bda8f095-9727-4182-b919-347ea6898078{ip: 10.1.0.55, host: fv-az270-622.tacnzluakwdehk1hpragurqkma.bx.internal.cloudapp.net, ports: [REPLICATION=45377, RATIS=35495, RATIS_ADMIN=35495, RATIS_SERVER=35495, STANDALONE=39265], networkLocation: /default-rack, certSerialId: null, persistedOpState: IN_SERVICE, persistedOpStateExpiryEpochSec: 0} moved to HEALTHY READONLY state.
2021-11-30 01:53:58,921 [EventQueue-HealthyReadonlyNodeForHealthyReadOnlyNodeHandler] INFO  node.HealthyReadOnlyNodeHandler (HealthyReadOnlyNodeHandler.java:onMessage(62)) - Closing pipeline PipelineID=a06a9af5-3cb4-4f2c-a81c-b3245b137bfd which uses HEALTHY READONLY datanode bda8f095-9727-4182-b919-347ea6898078{ip: 10.1.0.55, host: fv-az270-622.tacnzluakwdehk1hpragurqkma.bx.internal.cloudapp.net, ports: [REPLICATION=45377, RATIS=35495, RATIS_ADMIN=35495, RATIS_SERVER=35495, STANDALONE=39265], networkLocation: /default-rack, certSerialId: null, persistedOpState: IN_SERVICE, persistedOpStateExpiryEpochSec: 0} 
2021-11-30 01:53:58,922 [EventQueue-HealthyReadonlyNodeForHealthyReadOnlyNodeHandler] INFO  pipeline.RatisPipelineProvider (RatisPipelineProvider.java:lambda$close$1(222)) - Send pipeline:PipelineID=a06a9af5-3cb4-4f2c-a81c-b3245b137bfd close command to datanode bda8f095-9727-4182-b919-347ea6898078
2021-11-30 01:53:58,922 [IPC Server Responder] INFO  ipc.Server (Server.java:run(1512)) - Stopping IPC Server Responder
2021-11-30 01:53:58,923 [EventQueue-HealthyReadonlyNodeForHealthyReadOnlyNodeHandler] INFO  pipeline.PipelineStateManagerImpl (PipelineStateManagerImpl.java:removePipeline(223)) - Pipeline Pipeline[ Id: a06a9af5-3cb4-4f2c-a81c-b3245b137bfd, Nodes: bda8f095-9727-4182-b919-347ea6898078{ip: 10.1.0.55, host: fv-az270-622.tacnzluakwdehk1hpragurqkma.bx.internal.cloudapp.net, ports: [REPLICATION=45377, RATIS=35495, RATIS_ADMIN=35495, RATIS_SERVER=35495, STANDALONE=39265], networkLocation: /default-rack, certSerialId: null, persistedOpState: IN_SERVICE, persistedOpStateExpiryEpochSec: 0}, ReplicationConfig: RATIS/ONE, State:CLOSED, leaderId:bda8f095-9727-4182-b919-347ea6898078, CreationTimestamp2021-11-30T01:52:11.331Z[Etc/UTC]] removed.
2021-11-30 01:53:58,922 [IPC Server listener on 0] INFO  ipc.Server (Server.java:run(1376)) - Stopping IPC Server listener on 0
2021-11-30 01:53:58,928 [EndpointStateMachine task thread for /0.0.0.0:36669 - 0 ] WARN  statemachine.EndpointStateMachine (EndpointStateMachine.java:logIfNeeded(236)) - Unable to communicate to SCM server at 0.0.0.0:36669 for past 0 seconds.
java.io.EOFException: End of File Exception between local host is: "fv-az270-622/10.1.0.55"; destination host is: "0.0.0.0":36669; : java.io.EOFException; For more details see:  http://wiki.apache.org/hadoop/EOFException
	at sun.reflect.NativeConstructorAccessorImpl.newInstance0(Native Method)
	at sun.reflect.NativeConstructorAccessorImpl.newInstance(NativeConstructorAccessorImpl.java:62)
	at sun.reflect.DelegatingConstructorAccessorImpl.newInstance(DelegatingConstructorAccessorImpl.java:45)
	at java.lang.reflect.Constructor.newInstance(Constructor.java:423)
	at org.apache.hadoop.net.NetUtils.wrapWithMessage(NetUtils.java:913)
	at org.apache.hadoop.net.NetUtils.wrapException(NetUtils.java:862)
	at org.apache.hadoop.ipc.Client.getRpcResponse(Client.java:1577)
	at org.apache.hadoop.ipc.Client.call(Client.java:1519)
	at org.apache.hadoop.ipc.Client.call(Client.java:1416)
	at org.apache.hadoop.ipc.ProtobufRpcEngine$Invoker.invoke(ProtobufRpcEngine.java:236)
	at org.apache.hadoop.ipc.ProtobufRpcEngine$Invoker.invoke(ProtobufRpcEngine.java:123)
	at com.sun.proxy.$Proxy51.submitRequest(Unknown Source)
	at org.apache.hadoop.ozone.protocolPB.StorageContainerDatanodeProtocolClientSideTranslatorPB.submitRequest(StorageContainerDatanodeProtocolClientSideTranslatorPB.java:117)
	at org.apache.hadoop.ozone.protocolPB.StorageContainerDatanodeProtocolClientSideTranslatorPB.sendHeartbeat(StorageContainerDatanodeProtocolClientSideTranslatorPB.java:149)
	at org.apache.hadoop.ozone.container.common.states.endpoint.HeartbeatEndpointTask.call(HeartbeatEndpointTask.java:179)
	at org.apache.hadoop.ozone.container.common.states.endpoint.HeartbeatEndpointTask.call(HeartbeatEndpointTask.java:82)
	at java.util.concurrent.FutureTask.run(FutureTask.java:266)
	at java.util.concurrent.ThreadPoolExecutor.runWorker(ThreadPoolExecutor.java:1149)
	at java.util.concurrent.ThreadPoolExecutor$Worker.run(ThreadPoolExecutor.java:624)
	at java.lang.Thread.run(Thread.java:748)
Caused by: java.io.EOFException
	at java.io.DataInputStream.readInt(DataInputStream.java:392)
	at org.apache.hadoop.ipc.Client$IpcStreams.readResponse(Client.java:1892)
	at org.apache.hadoop.ipc.Client$Connection.receiveRpcResponse(Client.java:1202)
	at org.apache.hadoop.ipc.Client$Connection.run(Client.java:1098)
2021-11-30 01:53:58,928 [EndpointStateMachine task thread for /0.0.0.0:36669 - 0 ] WARN  statemachine.EndpointStateMachine (EndpointStateMachine.java:logIfNeeded(236)) - Unable to communicate to SCM server at 0.0.0.0:36669 for past 0 seconds.
java.io.EOFException: End of File Exception between local host is: "fv-az270-622/10.1.0.55"; destination host is: "0.0.0.0":36669; : java.io.EOFException; For more details see:  http://wiki.apache.org/hadoop/EOFException
	at sun.reflect.NativeConstructorAccessorImpl.newInstance0(Native Method)
	at sun.reflect.NativeConstructorAccessorImpl.newInstance(NativeConstructorAccessorImpl.java:62)
	at sun.reflect.DelegatingConstructorAccessorImpl.newInstance(DelegatingConstructorAccessorImpl.java:45)
	at java.lang.reflect.Constructor.newInstance(Constructor.java:423)
	at org.apache.hadoop.net.NetUtils.wrapWithMessage(NetUtils.java:913)
	at org.apache.hadoop.net.NetUtils.wrapException(NetUtils.java:862)
	at org.apache.hadoop.ipc.Client.getRpcResponse(Client.java:1577)
	at org.apache.hadoop.ipc.Client.call(Client.java:1519)
	at org.apache.hadoop.ipc.Client.call(Client.java:1416)
	at org.apache.hadoop.ipc.ProtobufRpcEngine$Invoker.invoke(ProtobufRpcEngine.java:236)
	at org.apache.hadoop.ipc.ProtobufRpcEngine$Invoker.invoke(ProtobufRpcEngine.java:123)
	at com.sun.proxy.$Proxy51.submitRequest(Unknown Source)
	at org.apache.hadoop.ozone.protocolPB.StorageContainerDatanodeProtocolClientSideTranslatorPB.submitRequest(StorageContainerDatanodeProtocolClientSideTranslatorPB.java:117)
	at org.apache.hadoop.ozone.protocolPB.StorageContainerDatanodeProtocolClientSideTranslatorPB.sendHeartbeat(StorageContainerDatanodeProtocolClientSideTranslatorPB.java:149)
	at org.apache.hadoop.ozone.container.common.states.endpoint.HeartbeatEndpointTask.call(HeartbeatEndpointTask.java:179)
	at org.apache.hadoop.ozone.container.common.states.endpoint.HeartbeatEndpointTask.call(HeartbeatEndpointTask.java:82)
	at java.util.concurrent.FutureTask.run(FutureTask.java:266)
	at java.util.concurrent.ThreadPoolExecutor.runWorker(ThreadPoolExecutor.java:1149)
	at java.util.concurrent.ThreadPoolExecutor$Worker.run(ThreadPoolExecutor.java:624)
	at java.lang.Thread.run(Thread.java:748)
Caused by: java.io.EOFException
	at java.io.DataInputStream.readInt(DataInputStream.java:392)
	at org.apache.hadoop.ipc.Client$IpcStreams.readResponse(Client.java:1892)
	at org.apache.hadoop.ipc.Client$Connection.receiveRpcResponse(Client.java:1202)
	at org.apache.hadoop.ipc.Client$Connection.run(Client.java:1098)
2021-11-30 01:53:58,943 [EndpointStateMachine task thread for /0.0.0.0:36669 - 0 ] WARN  statemachine.EndpointStateMachine (EndpointStateMachine.java:logIfNeeded(236)) - Unable to communicate to SCM server at 0.0.0.0:36669 for past 0 seconds.
java.io.EOFException: End of File Exception between local host is: "fv-az270-622/10.1.0.55"; destination host is: "0.0.0.0":36669; : java.io.EOFException; For more details see:  http://wiki.apache.org/hadoop/EOFException
	at sun.reflect.NativeConstructorAccessorImpl.newInstance0(Native Method)
	at sun.reflect.NativeConstructorAccessorImpl.newInstance(NativeConstructorAccessorImpl.java:62)
	at sun.reflect.DelegatingConstructorAccessorImpl.newInstance(DelegatingConstructorAccessorImpl.java:45)
	at java.lang.reflect.Constructor.newInstance(Constructor.java:423)
	at org.apache.hadoop.net.NetUtils.wrapWithMessage(NetUtils.java:913)
	at org.apache.hadoop.net.NetUtils.wrapException(NetUtils.java:862)
	at org.apache.hadoop.ipc.Client.getRpcResponse(Client.java:1577)
	at org.apache.hadoop.ipc.Client.call(Client.java:1519)
	at org.apache.hadoop.ipc.Client.call(Client.java:1416)
	at org.apache.hadoop.ipc.ProtobufRpcEngine$Invoker.invoke(ProtobufRpcEngine.java:236)
	at org.apache.hadoop.ipc.ProtobufRpcEngine$Invoker.invoke(ProtobufRpcEngine.java:123)
	at com.sun.proxy.$Proxy51.submitRequest(Unknown Source)
	at org.apache.hadoop.ozone.protocolPB.StorageContainerDatanodeProtocolClientSideTranslatorPB.submitRequest(StorageContainerDatanodeProtocolClientSideTranslatorPB.java:117)
	at org.apache.hadoop.ozone.protocolPB.StorageContainerDatanodeProtocolClientSideTranslatorPB.sendHeartbeat(StorageContainerDatanodeProtocolClientSideTranslatorPB.java:149)
	at org.apache.hadoop.ozone.container.common.states.endpoint.HeartbeatEndpointTask.call(HeartbeatEndpointTask.java:179)
	at org.apache.hadoop.ozone.container.common.states.endpoint.HeartbeatEndpointTask.call(HeartbeatEndpointTask.java:82)
	at java.util.concurrent.FutureTask.run(FutureTask.java:266)
	at java.util.concurrent.ThreadPoolExecutor.runWorker(ThreadPoolExecutor.java:1149)
	at java.util.concurrent.ThreadPoolExecutor$Worker.run(ThreadPoolExecutor.java:624)
	at java.lang.Thread.run(Thread.java:748)
Caused by: java.io.EOFException
	at java.io.DataInputStream.readInt(DataInputStream.java:392)
	at org.apache.hadoop.ipc.Client$IpcStreams.readResponse(Client.java:1892)
	at org.apache.hadoop.ipc.Client$Connection.receiveRpcResponse(Client.java:1202)
	at org.apache.hadoop.ipc.Client$Connection.run(Client.java:1098)
2021-11-30 01:53:58,968 [om1@group-C5BA1605619E-LeaderElection95] INFO  impl.LeaderElection (LeaderElection.java:askForVotes(306)) - om1@group-C5BA1605619E-LeaderElection95 ELECTION round 0: submit vote requests at term 1 for -1: [om1|rpc:localhost:39417|priority:0], old=null
2021-11-30 01:53:58,968 [om1@group-C5BA1605619E-LeaderElection95] INFO  impl.LeaderElection (LeaderElection.java:askForVotes(308)) - om1@group-C5BA1605619E-LeaderElection95 ELECTION round 0: result PASSED (term=1)
2021-11-30 01:53:58,968 [om1@group-C5BA1605619E-LeaderElection95] INFO  impl.RoleInfo (RoleInfo.java:shutdownLeaderElection(121)) - om1: shutdown om1@group-C5BA1605619E-LeaderElection95
2021-11-30 01:53:58,968 [om1@group-C5BA1605619E-LeaderElection95] INFO  server.RaftServer$Division (RaftServerImpl.java:setRole(290)) - om1@group-C5BA1605619E: changes role from CANDIDATE to LEADER at term 1 for changeToLeader
2021-11-30 01:53:58,968 [om1@group-C5BA1605619E-LeaderElection95] INFO  server.RaftServer$Division (ServerState.java:setLeader(285)) - om1@group-C5BA1605619E: change Leader from null to om1 at term 1 for becomeLeader, leader elected after 1206ms
2021-11-30 01:53:58,968 [om1@group-C5BA1605619E-LeaderElection95] INFO  server.RaftServerConfigKeys (ConfUtils.java:logGet(44)) - raft.server.staging.catchup.gap = 1000 (default)
2021-11-30 01:53:58,968 [om1@group-C5BA1605619E-LeaderElection95] INFO  server.RaftServerConfigKeys (ConfUtils.java:logGet(44)) - raft.server.write.element-limit = 4096 (default)
2021-11-30 01:53:58,968 [om1@group-C5BA1605619E-LeaderElection95] INFO  server.RaftServerConfigKeys (ConfUtils.java:logGet(44)) - raft.server.write.byte-limit = 64MB (=67108864) (default)
2021-11-30 01:53:58,969 [om1@group-C5BA1605619E-LeaderElection95] INFO  server.RaftServerConfigKeys (ConfUtils.java:logGet(44)) - raft.server.watch.timeout = 10s (default)
2021-11-30 01:53:58,969 [om1@group-C5BA1605619E-LeaderElection95] INFO  server.RaftServerConfigKeys (ConfUtils.java:logGet(44)) - raft.server.watch.timeout.denomination = 1s (default)
2021-11-30 01:53:58,969 [om1@group-C5BA1605619E-LeaderElection95] INFO  server.RaftServerConfigKeys (ConfUtils.java:logGet(44)) - raft.server.watch.element-limit = 65536 (default)
2021-11-30 01:53:58,969 [om1@group-C5BA1605619E-LeaderElection95] INFO  server.RaftServerConfigKeys (ConfUtils.java:logGet(44)) - raft.server.write.element-limit = 4096 (default)
2021-11-30 01:53:58,969 [om1@group-C5BA1605619E-LeaderElection95] INFO  server.RaftServerConfigKeys (ConfUtils.java:logGet(44)) - raft.server.write.follower.gap.ratio.max = -1.0 (default)
2021-11-30 01:53:58,969 [om1@group-C5BA1605619E-LeaderElection95] INFO  impl.RoleInfo (RoleInfo.java:updateAndGet(130)) - om1: start om1@group-C5BA1605619E-LeaderStateImpl
2021-11-30 01:53:58,970 [om1@group-C5BA1605619E-LeaderElection95] INFO  segmented.SegmentedRaftLogWorker (SegmentedRaftLogWorker.java:startLogSegment(394)) - om1@group-C5BA1605619E-SegmentedRaftLogWorker: Starting segment from index:0
2021-11-30 01:53:59,005 [om1@group-C5BA1605619E-LeaderElection95] INFO  server.RaftServer$Division (ServerState.java:setRaftConf(387)) - om1@group-C5BA1605619E: set configuration 0: [om1|rpc:localhost:39417|admin:|client:|dataStream:|priority:0], old=null
2021-11-30 01:53:59,047 [om1@group-C5BA1605619E-SegmentedRaftLogWorker] INFO  segmented.SegmentedRaftLogWorker (SegmentedRaftLogWorker.java:execute(601)) - om1@group-C5BA1605619E-SegmentedRaftLogWorker: created new log segment /home/runner/work/ozone/ozone/hadoop-ozone/integration-test/target/test-dir/MiniOzoneClusterImpl-372abfd9-b76d-47b1-8d83-90153ed5af7e/ozone-meta/ratis/bf265839-605b-3f16-9796-c5ba1605619e/current/log_inprogress_0
2021-11-30 01:53:59,062 [om1@group-C5BA1605619E-StateMachineUpdater] INFO  ratis.OzoneManagerStateMachine (OzoneManagerStateMachine.java:notifyConfigurationChanged(188)) - Received Configuration change notification from Ratis. New Peer list:
[id: "om1"
address: "localhost:39417"
]
2021-11-30 01:53:59,214 [Listener at 127.0.0.1/34865] INFO  handler.ContextHandler (ContextHandler.java:doStart(915)) - Started o.e.j.w.WebAppContext@3a56b75a{hddsDatanode,/,file:///tmp/jetty-0_0_0_0-35307-hdds-container-service-1_3_0-SNAPSHOT_jar-_-any-610061846319206345/webapp/,AVAILABLE}{jar:file:/home/runner/.m2/repository/org/apache/ozone/hdds-container-service/1.3.0-SNAPSHOT/hdds-container-service-1.3.0-SNAPSHOT.jar!/webapps/hddsDatanode}
2021-11-30 01:53:59,250 [Listener at 127.0.0.1/34865] INFO  server.AbstractConnector (AbstractConnector.java:doStart(331)) - Started ServerConnector@4bcf7f39{HTTP/1.1, (http/1.1)}{0.0.0.0:35307}
2021-11-30 01:53:59,250 [Listener at 127.0.0.1/34865] INFO  server.Server (Server.java:doStart(415)) - Started @212827ms
2021-11-30 01:53:59,251 [Listener at 127.0.0.1/34865] WARN  impl.MetricsSystemImpl (MetricsSystemImpl.java:register(279)) - Sink prometheus already exists!
2021-11-30 01:53:59,275 [Listener at 127.0.0.1/34865] INFO  http.BaseHttpServer (BaseHttpServer.java:updateConnectorAddress(329)) - HTTP server of hddsDatanode listening at http://0.0.0.0:35307
2021-11-30 01:53:59,288 [Listener at 127.0.0.1/34865] WARN  impl.MetricRegistriesImpl (MetricRegistriesImpl.java:addReporterRegistration(111)) - New reporters are added after registries were created. Some metrics will be missing from the reporter. Please add reporter before adding any new registry.
2021-11-30 01:53:59,288 [Listener at 127.0.0.1/34865] WARN  impl.MetricRegistriesImpl (MetricRegistriesImpl.java:addReporterRegistration(111)) - New reporters are added after registries were created. Some metrics will be missing from the reporter. Please add reporter before adding any new registry.
2021-11-30 01:53:59,288 [Listener at 127.0.0.1/34865] INFO  impl.MetricsSystemImpl (MetricsSystemImpl.java:init(158)) - HddsDatanode metrics system started (again)
2021-11-30 01:53:59,294 [Datanode State Machine Daemon Thread] INFO  statemachine.DatanodeStateMachine (DatanodeStateMachine.java:lambda$startDaemon$0(467)) - Ozone container server started.
2021-11-30 01:53:59,314 [Datanode State Machine Daemon Thread] INFO  upgrade.UpgradeFinalizer (BasicUpgradeFinalizer.java:runPrefinalizeStateActions(235)) - Running pre-finalized state validations for unfinalized layout features.
2021-11-30 01:53:59,314 [Datanode State Machine Daemon Thread] INFO  upgrade.UpgradeFinalizer (BasicUpgradeFinalizer.java:runPrefinalizeStateActions(248)) - Running first upgrade commands for unfinalized layout features.
2021-11-30 01:53:59,335 [org.apache.hadoop.util.JvmPauseMonitor$Monitor@fb91284] INFO  util.JvmPauseMonitor (JvmPauseMonitor.java:run(188)) - Starting JVM pause monitor
2021-11-30 01:53:59,392 [Datanode State Machine Task Thread - 0] INFO  datanode.InitDatanodeState (InitDatanodeState.java:persistContainerDatanodeDetails(145)) - DatanodeDetails is persisted to /home/runner/work/ozone/ozone/hadoop-ozone/integration-test/target/test-dir/MiniOzoneClusterImpl-372abfd9-b76d-47b1-8d83-90153ed5af7e/datanode-0/meta/datanode.id
2021-11-30 01:53:59,405 [Listener at 127.0.0.1/34865] INFO  ozone.HddsDatanodeService (HddsDatanodeService.java:start(234)) - HddsDatanodeService host:fv-az270-622.tacnzluakwdehk1hpragurqkma.bx.internal.cloudapp.net ip:10.1.0.55
2021-11-30 01:53:59,407 [SCM Heartbeat Processing Thread - 0] WARN  node.NodeStateManager (NodeStateManager.java:scheduleNextHealthCheck(799)) - Current Thread is interrupted, shutting down HB processing thread for Node Manager.
2021-11-30 01:53:59,407 [Time-limited test] INFO  server.StorageContainerManager (StorageContainerManager.java:stop(1431)) - Stopping block service RPC server
2021-11-30 01:53:59,407 [Time-limited test] INFO  server.SCMBlockProtocolServer (SCMBlockProtocolServer.java:stop(160)) - Stopping the RPC server for Block Protocol
2021-11-30 01:53:59,414 [Time-limited test] INFO  ipc.Server (Server.java:stop(3414)) - Stopping server on 35983
2021-11-30 01:53:59,426 [Time-limited test] INFO  server.StorageContainerManager (StorageContainerManager.java:stop(1438)) - Stopping the StorageContainerLocationProtocol RPC server
2021-11-30 01:53:59,426 [Time-limited test] INFO  server.SCMClientProtocolServer (SCMClientProtocolServer.java:stop(173)) - Stopping the RPC server for Client Protocol
2021-11-30 01:53:59,426 [IPC Server Responder] INFO  ipc.Server (Server.java:run(1512)) - Stopping IPC Server Responder
2021-11-30 01:53:59,426 [IPC Server listener on 0] INFO  ipc.Server (Server.java:run(1376)) - Stopping IPC Server listener on 0
2021-11-30 01:53:59,429 [Time-limited test] INFO  ipc.Server (Server.java:stop(3414)) - Stopping server on 40479
2021-11-30 01:53:59,430 [IPC Server listener on 0] INFO  ipc.Server (Server.java:run(1376)) - Stopping IPC Server listener on 0
2021-11-30 01:53:59,433 [Time-limited test] INFO  server.StorageContainerManager (StorageContainerManager.java:stop(1445)) - Stopping Storage Container Manager HTTP server.
2021-11-30 01:53:59,435 [Time-limited test] INFO  handler.ContextHandler (ContextHandler.java:doStop(1153)) - Stopped o.e.j.w.WebAppContext@5b39696d{scm,/,null,STOPPED}{file:/home/runner/work/ozone/ozone/hadoop-ozone/integration-test/target/test-classes/webapps/scm}
2021-11-30 01:53:59,451 [IPC Server Responder] INFO  ipc.Server (Server.java:run(1512)) - Stopping IPC Server Responder
2021-11-30 01:53:59,454 [Time-limited test] INFO  server.AbstractConnector (AbstractConnector.java:doStop(381)) - Stopped ServerConnector@7069049a{HTTP/1.1, (http/1.1)}{0.0.0.0:0}
2021-11-30 01:53:59,454 [Time-limited test] INFO  server.session (HouseKeeper.java:stopScavenging(149)) - node0 Stopped scavenging
2021-11-30 01:53:59,495 [Time-limited test] INFO  handler.ContextHandler (ContextHandler.java:doStop(1153)) - Stopped o.e.j.s.ServletContextHandler@7c703eae{static,/static,file:///home/runner/work/ozone/ozone/hadoop-ozone/integration-test/target/test-classes/webapps/static,STOPPED}
2021-11-30 01:53:59,512 [Listener at 127.0.0.1/34865] INFO  upgrade.AbstractLayoutVersionManager (AbstractLayoutVersionManager.java:init(79)) - Initializing Layout version manager with metadata layout = INITIAL_VERSION (version = 0), software layout = SCM_HA (version = 2)
2021-11-30 01:53:59,537 [Time-limited test] INFO  handler.ContextHandler (ContextHandler.java:doStop(1153)) - Stopped o.e.j.s.ServletContextHandler@6268728f{logs,/logs,file:///home/runner/work/ozone/ozone/hadoop-ozone/integration-test/target/log,STOPPED}
2021-11-30 01:53:59,540 [Time-limited test] INFO  server.StorageContainerManager (StorageContainerManager.java:stop(1456)) - Stopping Block Manager Service.
2021-11-30 01:53:59,540 [Time-limited test] INFO  utils.BackgroundService (BackgroundService.java:shutdown(132)) - Shutting down service SCMBlockDeletingService
2021-11-30 01:53:59,543 [Time-limited test] INFO  utils.BackgroundService (BackgroundService.java:shutdown(132)) - Shutting down service SCMBlockDeletingService
2021-11-30 01:53:59,543 [Time-limited test] INFO  server.StorageContainerManager (StorageContainerManager.java:stop(1483)) - Stopping SCM Event Queue.
2021-11-30 01:53:59,597 [Time-limited test] INFO  server.StorageContainerManager (StorageContainerManager.java:stop(1494)) - Stopping SCM HA services.
2021-11-30 01:53:59,597 [Time-limited test] WARN  pipeline.BackgroundPipelineCreator (BackgroundPipelineCreator.java:stop(154)) - RatisPipelineUtilsThread is not running, just ignore.
2021-11-30 01:53:59,597 [Time-limited test] INFO  server.StorageContainerManager (StorageContainerManager.java:stop(1504)) - Stopping SCM MetadataStore.
2021-11-30 01:53:59,598 [Time-limited test] INFO  impl.MetricsSystemImpl (MetricsSystemImpl.java:stop(210)) - Stopping HddsDatanode metrics system...
2021-11-30 01:53:59,626 [prometheus] INFO  impl.MetricsSinkAdapter (MetricsSinkAdapter.java:publishMetricsFromQueue(141)) - prometheus thread interrupted.
2021-11-30 01:53:59,646 [Time-limited test] INFO  impl.MetricsSystemImpl (MetricsSystemImpl.java:stop(216)) - HddsDatanode metrics system stopped.
2021-11-30 01:53:59,647 [Time-limited test] INFO  ha.SCMHANodeDetails (SCMHANodeDetails.java:loadSCMHAConfig(157)) - ServiceID for StorageContainerManager is null
2021-11-30 01:53:59,647 [Time-limited test] INFO  ha.SCMHANodeDetails (SCMHANodeDetails.java:loadSCMHAConfig(162)) - ozone.scm.default.service.id is not defined, falling back to ozone.scm.service.ids to find serviceID for StorageContainerManager if it is HA enabled cluster
2021-11-30 01:53:59,662 [Time-limited test] WARN  server.ServerUtils (ServerUtils.java:getScmDbDir(148)) - ozone.scm.db.dirs is not configured. We recommend adding this setting. Falling back to ozone.metadata.dirs instead.
2021-11-30 01:53:59,662 [Time-limited test] INFO  upgrade.AbstractLayoutVersionManager (AbstractLayoutVersionManager.java:init(79)) - Initializing Layout version manager with metadata layout = SCM_HA (version = 2), software layout = SCM_HA (version = 2)
2021-11-30 01:53:59,851 [Time-limited test] WARN  upgrade.InjectedUpgradeFinalizationExecutor (InjectedUpgradeFinalizationExecutor.java:execute(90)) - Upgrade Finalization failed with following Exception.
java.lang.IllegalStateException: zip file closed
	at java.util.zip.ZipFile.ensureOpen(ZipFile.java:686)
	at java.util.zip.ZipFile.access$200(ZipFile.java:60)
	at java.util.zip.ZipFile$ZipEntryIterator.hasNext(ZipFile.java:508)
	at java.util.zip.ZipFile$ZipEntryIterator.hasMoreElements(ZipFile.java:503)
	at java.util.jar.JarFile$JarEntryIterator.hasNext(JarFile.java:253)
	at java.util.jar.JarFile$JarEntryIterator.hasMoreElements(JarFile.java:262)
	at org.reflections.vfs.ZipDir$1$1.computeNext(ZipDir.java:30)
	at org.reflections.vfs.ZipDir$1$1.computeNext(ZipDir.java:26)
	at com.google.common.collect.AbstractIterator.tryToComputeNext(AbstractIterator.java:141)
	at com.google.common.collect.AbstractIterator.hasNext(AbstractIterator.java:136)
	at org.reflections.Reflections.scan(Reflections.java:243)
	at org.reflections.Reflections.scan(Reflections.java:202)
	at org.reflections.Reflections.<init>(Reflections.java:123)
	at org.reflections.Reflections.<init>(Reflections.java:168)
	at org.apache.hadoop.hdds.upgrade.HDDSLayoutVersionManager.registerUpgradeActions(HDDSLayoutVersionManager.java:64)
	at org.apache.hadoop.hdds.upgrade.HDDSLayoutVersionManager.<init>(HDDSLayoutVersionManager.java:51)
	at org.apache.hadoop.hdds.scm.server.StorageContainerManager.<init>(StorageContainerManager.java:326)
	at org.apache.hadoop.hdds.scm.server.StorageContainerManager.createSCM(StorageContainerManager.java:491)
	at org.apache.hadoop.hdds.scm.TestUtils.getScmSimple(TestUtils.java:574)
	at org.apache.hadoop.ozone.MiniOzoneClusterImpl.restartStorageContainerManager(MiniOzoneClusterImpl.java:364)
	at org.apache.hadoop.hdds.upgrade.TestHDDSUpgrade.injectSCMFailureDuringSCMUpgrade(TestHDDSUpgrade.java:505)
	at org.apache.hadoop.hdds.upgrade.TestHDDSUpgrade.lambda$testScmFailuresAfterScmCompleteFinalization$6(TestHDDSUpgrade.java:715)
	at org.apache.hadoop.ozone.upgrade.InjectedUpgradeFinalizationExecutor.injectTestFunctionAtThisPoint(InjectedUpgradeFinalizationExecutor.java:123)
	at org.apache.hadoop.ozone.upgrade.InjectedUpgradeFinalizationExecutor.execute(InjectedUpgradeFinalizationExecutor.java:83)
	at org.apache.hadoop.ozone.upgrade.BasicUpgradeFinalizer.finalize(BasicUpgradeFinalizer.java:74)
	at org.apache.hadoop.hdds.scm.server.StorageContainerManager.finalizeUpgrade(StorageContainerManager.java:1839)
	at org.apache.hadoop.hdds.upgrade.TestHDDSUpgrade.testFinalizationWithFailureInjectionHelper(TestHDDSUpgrade.java:1042)
	at org.apache.hadoop.hdds.upgrade.TestHDDSUpgrade.testScmFailuresAfterScmCompleteFinalization(TestHDDSUpgrade.java:717)
	at sun.reflect.NativeMethodAccessorImpl.invoke0(Native Method)
	at sun.reflect.NativeMethodAccessorImpl.invoke(NativeMethodAccessorImpl.java:62)
	at sun.reflect.DelegatingMethodAccessorImpl.invoke(DelegatingMethodAccessorImpl.java:43)
	at java.lang.reflect.Method.invoke(Method.java:498)
	at org.junit.runners.model.FrameworkMethod$1.runReflectiveCall(FrameworkMethod.java:59)
	at org.junit.internal.runners.model.ReflectiveCallable.run(ReflectiveCallable.java:12)
	at org.junit.runners.model.FrameworkMethod.invokeExplosively(FrameworkMethod.java:56)
	at org.junit.internal.runners.statements.InvokeMethod.evaluate(InvokeMethod.java:17)
	at org.junit.internal.runners.statements.RunBefores.evaluate(RunBefores.java:26)
	at org.junit.internal.runners.statements.RunAfters.evaluate(RunAfters.java:27)
	at org.junit.internal.runners.statements.FailOnTimeout$CallableStatement.call(FailOnTimeout.java:288)
	at org.junit.internal.runners.statements.FailOnTimeout$CallableStatement.call(FailOnTimeout.java:282)
	at java.util.concurrent.FutureTask.run(FutureTask.java:266)
	at java.lang.Thread.run(Thread.java:748)
2021-11-30 01:53:59,886 [Listener at 127.0.0.1/34865] INFO  reflections.Reflections (Reflections.java:scan(232)) - Reflections took 373 ms to scan 7 urls, producing 119 keys and 279 values 
2021-11-30 01:53:59,895 [Listener at 127.0.0.1/34865] INFO  upgrade.HDDSLayoutVersionManager (HDDSLayoutVersionManager.java:lambda$registerUpgradeActions$0(76)) - Registering Upgrade Action : ScmOnFinalizeActionForDatanodeSchemaV2
2021-11-30 01:53:59,895 [Listener at 127.0.0.1/34865] INFO  upgrade.HDDSLayoutVersionManager (HDDSLayoutVersionManager.java:lambda$registerUpgradeActions$0(76)) - Registering Upgrade Action : ScmHAFinalizeUpgradeActionDatanode
2021-11-30 01:53:59,895 [Listener at 127.0.0.1/34865] INFO  upgrade.HDDSLayoutVersionManager (HDDSLayoutVersionManager.java:lambda$registerUpgradeActions$0(76)) - Registering Upgrade Action : ScmHAUnfinalizedStateValidationAction
2021-11-30 01:53:59,895 [Listener at 127.0.0.1/34865] INFO  upgrade.HDDSLayoutVersionManager (HDDSLayoutVersionManager.java:lambda$registerUpgradeActions$0(76)) - Registering Upgrade Action : DatanodeSchemaV2FinalizeAction
2021-11-30 01:53:59,895 [Listener at 127.0.0.1/34865] INFO  statemachine.DatanodeStateMachine (DatanodeStateMachine.java:getEndPointTaskThreadPoolSize(219)) - Datanode State Machine Task Thread Pool size 2
2021-11-30 01:53:59,904 [Listener at 127.0.0.1/34865] INFO  volume.HddsVolume (HddsVolume.java:<init>(120)) - Creating HddsVolume: /home/runner/work/ozone/ozone/hadoop-ozone/integration-test/target/test-dir/MiniOzoneClusterImpl-372abfd9-b76d-47b1-8d83-90153ed5af7e/datanode-1/data-0/containers/hdds of storage type : DISK capacity : 9223372036854775807
2021-11-30 01:53:59,904 [Listener at 127.0.0.1/34865] INFO  volume.MutableVolumeSet (MutableVolumeSet.java:initializeVolumeSet(168)) - Added Volume : /home/runner/work/ozone/ozone/hadoop-ozone/integration-test/target/test-dir/MiniOzoneClusterImpl-372abfd9-b76d-47b1-8d83-90153ed5af7e/datanode-1/data-0/containers/hdds to VolumeSet
2021-11-30 01:53:59,904 [Listener at 127.0.0.1/34865] INFO  volume.ThrottledAsyncChecker (ThrottledAsyncChecker.java:schedule(141)) - Scheduling a check for /home/runner/work/ozone/ozone/hadoop-ozone/integration-test/target/test-dir/MiniOzoneClusterImpl-372abfd9-b76d-47b1-8d83-90153ed5af7e/datanode-1/data-0/containers/hdds
2021-11-30 01:53:59,943 [Listener at 127.0.0.1/34865] INFO  volume.StorageVolumeChecker (StorageVolumeChecker.java:checkAllVolumes(202)) - Scheduled health check for volume /home/runner/work/ozone/ozone/hadoop-ozone/integration-test/target/test-dir/MiniOzoneClusterImpl-372abfd9-b76d-47b1-8d83-90153ed5af7e/datanode-1/data-0/containers/hdds
2021-11-30 01:54:00,045 [Listener at 127.0.0.1/34865] INFO  volume.MutableVolumeSet (MutableVolumeSet.java:initializeVolumeSet(168)) - Added Volume : /home/runner/work/ozone/ozone/hadoop-ozone/integration-test/target/test-dir/MiniOzoneClusterImpl-372abfd9-b76d-47b1-8d83-90153ed5af7e/datanode-1/data/ratis to VolumeSet
2021-11-30 01:54:00,045 [Listener at 127.0.0.1/34865] INFO  volume.ThrottledAsyncChecker (ThrottledAsyncChecker.java:schedule(141)) - Scheduling a check for /home/runner/work/ozone/ozone/hadoop-ozone/integration-test/target/test-dir/MiniOzoneClusterImpl-372abfd9-b76d-47b1-8d83-90153ed5af7e/datanode-1/data/ratis
2021-11-30 01:54:00,048 [Listener at 127.0.0.1/34865] INFO  volume.StorageVolumeChecker (StorageVolumeChecker.java:checkAllVolumes(202)) - Scheduled health check for volume /home/runner/work/ozone/ozone/hadoop-ozone/integration-test/target/test-dir/MiniOzoneClusterImpl-372abfd9-b76d-47b1-8d83-90153ed5af7e/datanode-1/data/ratis
2021-11-30 01:54:00,165 [Thread-2519] INFO  ozoneimpl.ContainerReader (ContainerReader.java:readVolume(172)) - Finish verifying containers on volume /home/runner/work/ozone/ozone/hadoop-ozone/integration-test/target/test-dir/MiniOzoneClusterImpl-372abfd9-b76d-47b1-8d83-90153ed5af7e/datanode-1/data-0/containers/hdds
2021-11-30 01:54:00,165 [Listener at 127.0.0.1/34865] INFO  ozoneimpl.OzoneContainer (OzoneContainer.java:buildContainerSet(236)) - Build ContainerSet costs 0s
2021-11-30 01:54:00,171 [Listener at 127.0.0.1/34865] INFO  server.RaftServer (ConfUtils.java:logGet(44)) - raft.rpc.type = GRPC (default)
2021-11-30 01:54:00,175 [Listener at 127.0.0.1/34865] INFO  grpc.GrpcFactory (GrpcFactory.java:checkPooledByteBufAllocatorUseCacheForAllThreads(48)) - PERFORMANCE WARNING: useCacheForAllThreads is true that may cause Netty to create a lot garbage objects and, as a result, trigger GC.
	It is recommended to disable useCacheForAllThreads by setting -Dorg.apache.ratis.thirdparty.io.netty.allocator.useCacheForAllThreads=false in command line.
2021-11-30 01:54:00,175 [Listener at 127.0.0.1/34865] INFO  grpc.GrpcConfigKeys (ConfUtils.java:logGet(44)) - raft.grpc.admin.port = 0 (custom)
2021-11-30 01:54:00,176 [Listener at 127.0.0.1/34865] INFO  grpc.GrpcConfigKeys (ConfUtils.java:logGet(44)) - raft.grpc.client.port = 0 (custom)
2021-11-30 01:54:00,176 [Listener at 127.0.0.1/34865] INFO  grpc.GrpcConfigKeys (ConfUtils.java:logGet(44)) - raft.grpc.server.port = 0 (default)
2021-11-30 01:54:00,176 [Listener at 127.0.0.1/34865] INFO  server.GrpcService (ConfUtils.java:logGet(44)) - raft.grpc.message.size.max = 32MB (=33554432) (custom)
2021-11-30 01:54:00,176 [Listener at 127.0.0.1/34865] INFO  server.RaftServerConfigKeys (ConfUtils.java:logGet(44)) - raft.server.log.appender.buffer.byte-limit = 33554432 (custom)
2021-11-30 01:54:00,176 [Listener at 127.0.0.1/34865] INFO  server.GrpcService (ConfUtils.java:logGet(44)) - raft.grpc.flow.control.window = 5MB (=5242880) (custom)
2021-11-30 01:54:00,176 [Listener at 127.0.0.1/34865] INFO  server.RaftServerConfigKeys (ConfUtils.java:logGet(44)) - raft.server.rpc.request.timeout = 60s (custom)
2021-11-30 01:54:00,177 [Listener at 127.0.0.1/34865] INFO  impl.DataStreamServerImpl (ConfUtils.java:logGet(44)) - raft.datastream.type = DISABLED (default)
2021-11-30 01:54:00,183 [Listener at 127.0.0.1/34865] INFO  server.RaftServerConfigKeys (ConfUtils.java:logGet(44)) - raft.server.rpc.slowness.timeout = 300s (custom)
2021-11-30 01:54:00,184 [Listener at 127.0.0.1/34865] INFO  server.RaftServerConfigKeys (ConfUtils.java:logGet(44)) - raft.server.leaderelection.leader.step-down.wait-time = 10s (default)
2021-11-30 01:54:00,184 [Listener at 127.0.0.1/34865] INFO  server.RaftServerConfigKeys (ConfUtils.java:logGet(44)) - raft.server.storage.dir = [/home/runner/work/ozone/ozone/hadoop-ozone/integration-test/target/test-dir/MiniOzoneClusterImpl-372abfd9-b76d-47b1-8d83-90153ed5af7e/datanode-1/data/ratis] (custom)
2021-11-30 01:54:00,236 [Listener at 127.0.0.1/34865] INFO  http.BaseHttpServer (BaseHttpServer.java:newHttpServer2BuilderForOzone(209)) - Starting Web-server for hddsDatanode at: http://0.0.0.0:0
2021-11-30 01:54:00,236 [Listener at 127.0.0.1/34865] INFO  http.BaseHttpServer (BaseHttpServer.java:<init>(107)) - Hadoop Security Enabled: false Ozone Security Enabled: false Ozone HTTP Security Enabled: false 
2021-11-30 01:54:00,316 [Listener at 127.0.0.1/34865] INFO  server.AuthenticationFilter (AuthenticationFilter.java:constructSecretProvider(240)) - Unable to initialize FileSignerSecretProvider, falling back to use random secrets.
2021-11-30 01:54:00,335 [Listener at 127.0.0.1/34865] WARN  http.HttpRequestLog (HttpRequestLog.java:getRequestLog(103)) - Jetty request log can only be enabled using Log4j
2021-11-30 01:54:00,355 [Listener at 127.0.0.1/34865] INFO  http.HttpServer2 (HttpServer2.java:addGlobalFilter(1030)) - Added global filter 'safety' (class=org.apache.hadoop.hdds.server.http.HttpServer2$QuotingInputFilter)
2021-11-30 01:54:00,355 [Listener at 127.0.0.1/34865] INFO  http.HttpServer2 (HttpServer2.java:addFilter(1006)) - Added filter static_user_filter (class=org.apache.hadoop.http.lib.StaticUserWebFilter$StaticUserFilter) to context hddsDatanode
2021-11-30 01:54:00,356 [Listener at 127.0.0.1/34865] INFO  http.HttpServer2 (HttpServer2.java:addFilter(1014)) - Added filter static_user_filter (class=org.apache.hadoop.http.lib.StaticUserWebFilter$StaticUserFilter) to context static
2021-11-30 01:54:00,356 [Listener at 127.0.0.1/34865] INFO  http.HttpServer2 (HttpServer2.java:addFilter(1014)) - Added filter static_user_filter (class=org.apache.hadoop.http.lib.StaticUserWebFilter$StaticUserFilter) to context logs
2021-11-30 01:54:00,356 [Listener at 127.0.0.1/34865] INFO  http.HttpServer2 (HttpServer2.java:bindListener(1249)) - Jetty bound to port 36877
2021-11-30 01:54:00,356 [Listener at 127.0.0.1/34865] INFO  server.Server (Server.java:doStart(375)) - jetty-9.4.43.v20210629; built: 2021-06-30T11:07:22.254Z; git: 526006ecfa3af7f1a27ef3a288e2bef7ea9dd7e8; jvm 1.8.0_292-b10
2021-11-30 01:54:00,455 [Listener at 127.0.0.1/34865] INFO  server.session (DefaultSessionIdManager.java:doStart(334)) - DefaultSessionIdManager workerName=node0
2021-11-30 01:54:00,456 [Listener at 127.0.0.1/34865] INFO  server.session (DefaultSessionIdManager.java:doStart(339)) - No SessionScavenger set, using defaults
2021-11-30 01:54:00,382 [EndpointStateMachine task thread for /0.0.0.0:36669 - 0 ] INFO  ipc.Client (Client.java:handleConnectionFailure(977)) - Retrying connect to server: 0.0.0.0/0.0.0.0:36669. Already tried 0 time(s); retry policy is RetryUpToMaximumCountWithFixedSleep(maxRetries=15, sleepTime=1000 MILLISECONDS)
2021-11-30 01:54:00,485 [Listener at 127.0.0.1/34865] INFO  server.session (HouseKeeper.java:startScavenging(132)) - node0 Scavenging every 660000ms
2021-11-30 01:54:00,496 [Listener at 127.0.0.1/34865] INFO  handler.ContextHandler (ContextHandler.java:doStart(915)) - Started o.e.j.s.ServletContextHandler@73353f4f{logs,/logs,file:///home/runner/work/ozone/ozone/hadoop-ozone/integration-test/target/log,AVAILABLE}
2021-11-30 01:54:00,496 [Listener at 127.0.0.1/34865] INFO  handler.ContextHandler (ContextHandler.java:doStart(915)) - Started o.e.j.s.ServletContextHandler@4c9c391f{static,/static,jar:file:/home/runner/.m2/repository/org/apache/ozone/hdds-container-service/1.3.0-SNAPSHOT/hdds-container-service-1.3.0-SNAPSHOT.jar!/webapps/static,AVAILABLE}
2021-11-30 01:54:00,819 [Listener at 127.0.0.1/34865] INFO  handler.ContextHandler (ContextHandler.java:doStart(915)) - Started o.e.j.w.WebAppContext@25ef5058{hddsDatanode,/,file:///tmp/jetty-0_0_0_0-36877-hdds-container-service-1_3_0-SNAPSHOT_jar-_-any-9162689091423099742/webapp/,AVAILABLE}{jar:file:/home/runner/.m2/repository/org/apache/ozone/hdds-container-service/1.3.0-SNAPSHOT/hdds-container-service-1.3.0-SNAPSHOT.jar!/webapps/hddsDatanode}
2021-11-30 01:54:00,836 [Listener at 127.0.0.1/34865] INFO  server.AbstractConnector (AbstractConnector.java:doStart(331)) - Started ServerConnector@5b53b6ef{HTTP/1.1, (http/1.1)}{0.0.0.0:36877}
2021-11-30 01:54:00,836 [Listener at 127.0.0.1/34865] INFO  server.Server (Server.java:doStart(415)) - Started @214412ms
2021-11-30 01:54:00,836 [Listener at 127.0.0.1/34865] ERROR ozone.HddsDatanodeService (HddsDatanodeService.java:start(281)) - HttpServer failed to start.
java.lang.NullPointerException: config
	at org.apache.hadoop.thirdparty.com.google.common.base.Preconditions.checkNotNull(Preconditions.java:899)
	at org.apache.hadoop.metrics2.impl.MetricsSystemImpl.registerSink(MetricsSystemImpl.java:298)
	at org.apache.hadoop.metrics2.impl.MetricsSystemImpl.register(MetricsSystemImpl.java:277)
	at org.apache.hadoop.hdds.server.http.BaseHttpServer.start(BaseHttpServer.java:300)
	at org.apache.hadoop.ozone.HddsDatanodeService.start(HddsDatanodeService.java:279)
	at org.apache.hadoop.ozone.MiniOzoneClusterImpl.lambda$startHddsDatanodes$4(MiniOzoneClusterImpl.java:490)
	at java.util.ArrayList.forEach(ArrayList.java:1259)
	at org.apache.hadoop.ozone.MiniOzoneClusterImpl.startHddsDatanodes(MiniOzoneClusterImpl.java:488)
	at org.apache.hadoop.ozone.MiniOzoneClusterImpl$Builder.build(MiniOzoneClusterImpl.java:613)
	at org.apache.hadoop.ozone.MiniOzoneClusterProvider.lambda$createClusters$1(MiniOzoneClusterProvider.java:234)
	at java.lang.Thread.run(Thread.java:748)
2021-11-30 01:54:00,844 [Listener at 127.0.0.1/34865] WARN  impl.MetricRegistriesImpl (MetricRegistriesImpl.java:addReporterRegistration(111)) - New reporters are added after registries were created. Some metrics will be missing from the reporter. Please add reporter before adding any new registry.
2021-11-30 01:54:00,844 [Listener at 127.0.0.1/34865] WARN  impl.MetricRegistriesImpl (MetricRegistriesImpl.java:addReporterRegistration(111)) - New reporters are added after registries were created. Some metrics will be missing from the reporter. Please add reporter before adding any new registry.
2021-11-30 01:54:00,845 [Listener at 127.0.0.1/34865] WARN  impl.MetricsConfig (MetricsConfig.java:loadFirst(136)) - Cannot locate configuration: tried hadoop-metrics2-hddsdatanode.properties,hadoop-metrics2.properties
2021-11-30 01:54:00,846 [Datanode State Machine Daemon Thread] INFO  statemachine.DatanodeStateMachine (DatanodeStateMachine.java:lambda$startDaemon$0(467)) - Ozone container server started.
2021-11-30 01:54:00,848 [Listener at 127.0.0.1/34865] INFO  impl.MetricsSystemImpl (MetricsSystemImpl.java:startTimer(378)) - Scheduled Metric snapshot period at 10 second(s).
2021-11-30 01:54:00,848 [Listener at 127.0.0.1/34865] INFO  impl.MetricsSystemImpl (MetricsSystemImpl.java:start(191)) - HddsDatanode metrics system started
2021-11-30 01:54:00,855 [ForkJoinPool.commonPool-worker-1] INFO  statemachine.DatanodeStateMachine (DatanodeStateMachine.java:stopDaemon(526)) - Ozone container server stopped.
2021-11-30 01:54:00,886 [ForkJoinPool.commonPool-worker-1] INFO  handler.ContextHandler (ContextHandler.java:doStop(1153)) - Stopped o.e.j.w.WebAppContext@7671619a{hddsDatanode,/,null,STOPPED}{jar:file:/home/runner/.m2/repository/org/apache/ozone/hdds-container-service/1.3.0-SNAPSHOT/hdds-container-service-1.3.0-SNAPSHOT.jar!/webapps/hddsDatanode}
2021-11-30 01:54:00,886 [ForkJoinPool.commonPool-worker-1] INFO  server.AbstractConnector (AbstractConnector.java:doStop(381)) - Stopped ServerConnector@109ef83d{HTTP/1.1, (http/1.1)}{0.0.0.0:44667}
2021-11-30 01:54:00,887 [ForkJoinPool.commonPool-worker-1] INFO  server.session (HouseKeeper.java:stopScavenging(149)) - node0 Stopped scavenging
2021-11-30 01:54:00,893 [ForkJoinPool.commonPool-worker-1] INFO  handler.ContextHandler (ContextHandler.java:doStop(1153)) - Stopped o.e.j.s.ServletContextHandler@4d8bba4a{static,/static,jar:file:/home/runner/.m2/repository/org/apache/ozone/hdds-container-service/1.3.0-SNAPSHOT/hdds-container-service-1.3.0-SNAPSHOT.jar!/webapps/static,STOPPED}
2021-11-30 01:54:00,900 [Datanode State Machine Daemon Thread] INFO  upgrade.UpgradeFinalizer (BasicUpgradeFinalizer.java:runPrefinalizeStateActions(235)) - Running pre-finalized state validations for unfinalized layout features.
2021-11-30 01:54:00,900 [Datanode State Machine Daemon Thread] INFO  upgrade.UpgradeFinalizer (BasicUpgradeFinalizer.java:runPrefinalizeStateActions(248)) - Running first upgrade commands for unfinalized layout features.
2021-11-30 01:54:00,913 [org.apache.hadoop.util.JvmPauseMonitor$Monitor@61440bd7] INFO  util.JvmPauseMonitor (JvmPauseMonitor.java:run(188)) - Starting JVM pause monitor
2021-11-30 01:54:00,937 [Datanode State Machine Task Thread - 0] INFO  datanode.InitDatanodeState (InitDatanodeState.java:persistContainerDatanodeDetails(145)) - DatanodeDetails is persisted to /home/runner/work/ozone/ozone/hadoop-ozone/integration-test/target/test-dir/MiniOzoneClusterImpl-372abfd9-b76d-47b1-8d83-90153ed5af7e/datanode-1/meta/datanode.id
2021-11-30 01:54:00,937 [Listener at 127.0.0.1/34865] INFO  impl.MetricsSinkAdapter (MetricsSinkAdapter.java:start(204)) - Sink prometheus started
2021-11-30 01:54:00,984 [Listener at 127.0.0.1/34865] INFO  impl.MetricsSystemImpl (MetricsSystemImpl.java:registerSink(305)) - Registered sink prometheus
2021-11-30 01:54:00,961 [ForkJoinPool.commonPool-worker-1] INFO  handler.ContextHandler (ContextHandler.java:doStop(1153)) - Stopped o.e.j.s.ServletContextHandler@3af597f5{logs,/logs,file:///home/runner/work/ozone/ozone/hadoop-ozone/integration-test/target/log,STOPPED}
2021-11-30 01:54:00,987 [Mini-Cluster-Provider-Reap] INFO  statemachine.DatanodeStateMachine (DatanodeStateMachine.java:stopDaemon(526)) - Ozone container server stopped.
2021-11-30 01:54:00,947 [Datanode State Machine Daemon Thread] ERROR datanode.RunningDatanodeState (RunningDatanodeState.java:computeNextContainerState(199)) - Error in executing end point task.
java.util.concurrent.ExecutionException: java.util.concurrent.TimeoutException
	at java.util.concurrent.FutureTask.report(FutureTask.java:122)
	at java.util.concurrent.FutureTask.get(FutureTask.java:192)
	at org.apache.hadoop.ozone.container.common.states.datanode.RunningDatanodeState.computeNextContainerState(RunningDatanodeState.java:191)
	at org.apache.hadoop.ozone.container.common.states.datanode.RunningDatanodeState.await(RunningDatanodeState.java:231)
	at org.apache.hadoop.ozone.container.common.states.datanode.RunningDatanodeState.await(RunningDatanodeState.java:50)
	at org.apache.hadoop.ozone.container.common.statemachine.StateContext.execute(StateContext.java:633)
	at org.apache.hadoop.ozone.container.common.statemachine.DatanodeStateMachine.start(DatanodeStateMachine.java:280)
	at org.apache.hadoop.ozone.container.common.statemachine.DatanodeStateMachine.lambda$startDaemon$0(DatanodeStateMachine.java:468)
	at java.lang.Thread.run(Thread.java:748)
Caused by: java.util.concurrent.TimeoutException
	at java.util.concurrent.FutureTask.get(FutureTask.java:205)
	at org.apache.hadoop.ozone.container.common.states.datanode.RunningDatanodeState.lambda$execute$0(RunningDatanodeState.java:149)
	at java.util.concurrent.FutureTask.run(FutureTask.java:266)
	at java.util.concurrent.Executors$RunnableAdapter.call(Executors.java:511)
	at java.util.concurrent.FutureTask.run(FutureTask.java:266)
	at java.util.concurrent.ThreadPoolExecutor.runWorker(ThreadPoolExecutor.java:1149)
	at java.util.concurrent.ThreadPoolExecutor$Worker.run(ThreadPoolExecutor.java:624)
	... 1 more
2021-11-30 01:54:00,999 [Mini-Cluster-Provider-Reap] INFO  handler.ContextHandler (ContextHandler.java:doStop(1153)) - Stopped o.e.j.w.WebAppContext@153fc6c3{hddsDatanode,/,null,STOPPED}{jar:file:/home/runner/.m2/repository/org/apache/ozone/hdds-container-service/1.3.0-SNAPSHOT/hdds-container-service-1.3.0-SNAPSHOT.jar!/webapps/hddsDatanode}
2021-11-30 01:54:01,048 [Mini-Cluster-Provider-Reap] INFO  server.AbstractConnector (AbstractConnector.java:doStop(381)) - Stopped ServerConnector@4669b0f9{HTTP/1.1, (http/1.1)}{0.0.0.0:45505}
2021-11-30 01:54:01,048 [Mini-Cluster-Provider-Reap] INFO  server.session (HouseKeeper.java:stopScavenging(149)) - node0 Stopped scavenging
2021-11-30 01:54:01,073 [Mini-Cluster-Provider-Reap] INFO  handler.ContextHandler (ContextHandler.java:doStop(1153)) - Stopped o.e.j.s.ServletContextHandler@4f901da7{static,/static,jar:file:/home/runner/.m2/repository/org/apache/ozone/hdds-container-service/1.3.0-SNAPSHOT/hdds-container-service-1.3.0-SNAPSHOT.jar!/webapps/static,STOPPED}
2021-11-30 01:54:01,075 [Mini-Cluster-Provider-Reap] INFO  handler.ContextHandler (ContextHandler.java:doStop(1153)) - Stopped o.e.j.s.ServletContextHandler@15df369c{logs,/logs,file:///home/runner/work/ozone/ozone/hadoop-ozone/integration-test/target/log,STOPPED}
2021-11-30 01:54:01,100 [grpc-default-executor-3] WARN  server.GrpcLogAppender (LogUtils.java:warn(122)) - 06b7ff9d-b949-4cc8-b1f8-d148219ce06b@group-1AABBADEE04A->b4162c89-986b-43e5-92d9-30654e537d9a-AppendLogResponseHandler: Failed appendEntries: org.apache.ratis.thirdparty.io.grpc.StatusRuntimeException: UNAVAILABLE: io exception
2021-11-30 01:54:01,101 [grpc-default-executor-3] WARN  server.GrpcLogAppender (GrpcLogAppender.java:resetClient(110)) - 06b7ff9d-b949-4cc8-b1f8-d148219ce06b@group-1AABBADEE04A->b4162c89-986b-43e5-92d9-30654e537d9a-GrpcLogAppender: Leader has not got in touch with Follower 06b7ff9d-b949-4cc8-b1f8-d148219ce06b@group-1AABBADEE04A->b4162c89-986b-43e5-92d9-30654e537d9a(c0,m0,n1, attendVote=true, lastRpcSendTime=0, lastRpcResponseTime=5109) yet, just keep nextIndex unchanged and retry.
2021-11-30 01:54:01,129 [grpc-default-executor-3] WARN  server.GrpcLogAppender (LogUtils.java:warn(122)) - 06b7ff9d-b949-4cc8-b1f8-d148219ce06b@group-1AABBADEE04A->da235480-3666-4925-bff3-0571021ec8c8-AppendLogResponseHandler: Failed appendEntries: org.apache.ratis.thirdparty.io.grpc.StatusRuntimeException: UNAVAILABLE: io exception
2021-11-30 01:54:01,130 [grpc-default-executor-3] WARN  server.GrpcLogAppender (GrpcLogAppender.java:resetClient(110)) - 06b7ff9d-b949-4cc8-b1f8-d148219ce06b@group-1AABBADEE04A->da235480-3666-4925-bff3-0571021ec8c8-GrpcLogAppender: Leader has not got in touch with Follower 06b7ff9d-b949-4cc8-b1f8-d148219ce06b@group-1AABBADEE04A->da235480-3666-4925-bff3-0571021ec8c8(c0,m0,n1, attendVote=true, lastRpcSendTime=2533, lastRpcResponseTime=5038) yet, just keep nextIndex unchanged and retry.
2021-11-30 01:54:01,148 [Listener at 127.0.0.1/34865] INFO  ozone.HddsDatanodeService (HddsDatanodeService.java:start(234)) - HddsDatanodeService host:fv-az270-622.tacnzluakwdehk1hpragurqkma.bx.internal.cloudapp.net ip:10.1.0.55
2021-11-30 01:54:01,230 [Listener at 127.0.0.1/34865] INFO  upgrade.AbstractLayoutVersionManager (AbstractLayoutVersionManager.java:init(79)) - Initializing Layout version manager with metadata layout = INITIAL_VERSION (version = 0), software layout = SCM_HA (version = 2)
2021-11-30 01:54:01,479 [EndpointStateMachine task thread for /0.0.0.0:41749 - 0 ] INFO  ozoneimpl.OzoneContainer (OzoneContainer.java:start(304)) - Attempting to start container services.
2021-11-30 01:54:01,479 [EndpointStateMachine task thread for /0.0.0.0:41749 - 0 ] INFO  ozoneimpl.OzoneContainer (OzoneContainer.java:startContainerScrub(249)) - Background container scanner has been disabled.
2021-11-30 01:54:01,486 [EndpointStateMachine task thread for /0.0.0.0:36669 - 0 ] INFO  ipc.Client (Client.java:handleConnectionFailure(977)) - Retrying connect to server: 0.0.0.0/0.0.0.0:36669. Already tried 1 time(s); retry policy is RetryUpToMaximumCountWithFixedSleep(maxRetries=15, sleepTime=1000 MILLISECONDS)
2021-11-30 01:54:01,486 [EndpointStateMachine task thread for /0.0.0.0:41749 - 0 ] INFO  replication.ReplicationServer (ReplicationServer.java:start(107)) - ReplicationServer is started using port 38139
2021-11-30 01:54:01,501 [EndpointStateMachine task thread for /0.0.0.0:41749 - 0 ] INFO  ratis.XceiverServerRatis (XceiverServerRatis.java:start(484)) - Starting XceiverServerRatis 2e9cc417-5ac2-4ec5-9526-3a0456091922
2021-11-30 01:54:01,521 [EndpointStateMachine task thread for /0.0.0.0:41749 - 0 ] INFO  server.RaftServer (RaftServerProxy.java:lambda$start$5(374)) - 2e9cc417-5ac2-4ec5-9526-3a0456091922: start RPC server
2021-11-30 01:54:01,524 [EndpointStateMachine task thread for /0.0.0.0:41749 - 0 ] INFO  server.GrpcService (GrpcService.java:startImpl(253)) - 2e9cc417-5ac2-4ec5-9526-3a0456091922: GrpcService started, listening on 37317
2021-11-30 01:54:01,524 [EndpointStateMachine task thread for /0.0.0.0:41749 - 0 ] INFO  ratis.XceiverServerRatis (XceiverServerRatis.java:getRealPort(505)) - XceiverServerRatis 2e9cc417-5ac2-4ec5-9526-3a0456091922 is started using port 37317 for RATIS
2021-11-30 01:54:01,524 [EndpointStateMachine task thread for /0.0.0.0:41749 - 0 ] INFO  ratis.XceiverServerRatis (XceiverServerRatis.java:getRealPort(505)) - XceiverServerRatis 2e9cc417-5ac2-4ec5-9526-3a0456091922 is started using port 37317 for RATIS_ADMIN
2021-11-30 01:54:01,524 [EndpointStateMachine task thread for /0.0.0.0:41749 - 0 ] INFO  ratis.XceiverServerRatis (XceiverServerRatis.java:getRealPort(505)) - XceiverServerRatis 2e9cc417-5ac2-4ec5-9526-3a0456091922 is started using port 37317 for RATIS_SERVER
2021-11-30 01:54:01,526 [EndpointStateMachine task thread for /0.0.0.0:41749 - 0 ] INFO  server.XceiverServerGrpc (XceiverServerGrpc.java:start(135)) - XceiverServerGrpc 2e9cc417-5ac2-4ec5-9526-3a0456091922 is started using port 36147
2021-11-30 01:54:01,526 [org.apache.ratis.util.JvmPauseMonitor$$Lambda$540/495036108@1ef0cc5c] INFO  util.JvmPauseMonitor (JvmPauseMonitor.java:run(103)) - JvmPauseMonitor-2e9cc417-5ac2-4ec5-9526-3a0456091922: Started
2021-11-30 01:54:01,646 [Listener at 127.0.0.1/34865] INFO  reflections.Reflections (Reflections.java:scan(232)) - Reflections took 408 ms to scan 7 urls, producing 119 keys and 279 values 
2021-11-30 01:54:01,661 [Listener at 127.0.0.1/34865] INFO  upgrade.HDDSLayoutVersionManager (HDDSLayoutVersionManager.java:lambda$registerUpgradeActions$0(76)) - Registering Upgrade Action : ScmOnFinalizeActionForDatanodeSchemaV2
2021-11-30 01:54:01,670 [Listener at 127.0.0.1/34865] INFO  upgrade.HDDSLayoutVersionManager (HDDSLayoutVersionManager.java:lambda$registerUpgradeActions$0(76)) - Registering Upgrade Action : ScmHAFinalizeUpgradeActionDatanode
2021-11-30 01:54:01,670 [Listener at 127.0.0.1/34865] INFO  upgrade.HDDSLayoutVersionManager (HDDSLayoutVersionManager.java:lambda$registerUpgradeActions$0(76)) - Registering Upgrade Action : ScmHAUnfinalizedStateValidationAction
2021-11-30 01:54:01,670 [Listener at 127.0.0.1/34865] INFO  upgrade.HDDSLayoutVersionManager (HDDSLayoutVersionManager.java:lambda$registerUpgradeActions$0(76)) - Registering Upgrade Action : DatanodeSchemaV2FinalizeAction
2021-11-30 01:54:01,670 [Listener at 127.0.0.1/34865] INFO  statemachine.DatanodeStateMachine (DatanodeStateMachine.java:getEndPointTaskThreadPoolSize(219)) - Datanode State Machine Task Thread Pool size 2
2021-11-30 01:54:01,714 [Listener at 127.0.0.1/34865] INFO  volume.HddsVolume (HddsVolume.java:<init>(120)) - Creating HddsVolume: /home/runner/work/ozone/ozone/hadoop-ozone/integration-test/target/test-dir/MiniOzoneClusterImpl-372abfd9-b76d-47b1-8d83-90153ed5af7e/datanode-2/data-0/containers/hdds of storage type : DISK capacity : 9223372036854775807
2021-11-30 01:54:01,714 [Listener at 127.0.0.1/34865] INFO  volume.MutableVolumeSet (MutableVolumeSet.java:initializeVolumeSet(168)) - Added Volume : /home/runner/work/ozone/ozone/hadoop-ozone/integration-test/target/test-dir/MiniOzoneClusterImpl-372abfd9-b76d-47b1-8d83-90153ed5af7e/datanode-2/data-0/containers/hdds to VolumeSet
2021-11-30 01:54:01,714 [Listener at 127.0.0.1/34865] INFO  volume.ThrottledAsyncChecker (ThrottledAsyncChecker.java:schedule(141)) - Scheduling a check for /home/runner/work/ozone/ozone/hadoop-ozone/integration-test/target/test-dir/MiniOzoneClusterImpl-372abfd9-b76d-47b1-8d83-90153ed5af7e/datanode-2/data-0/containers/hdds
2021-11-30 01:54:01,766 [Listener at 127.0.0.1/34865] INFO  volume.StorageVolumeChecker (StorageVolumeChecker.java:checkAllVolumes(202)) - Scheduled health check for volume /home/runner/work/ozone/ozone/hadoop-ozone/integration-test/target/test-dir/MiniOzoneClusterImpl-372abfd9-b76d-47b1-8d83-90153ed5af7e/datanode-2/data-0/containers/hdds
2021-11-30 01:54:01,865 [Listener at 127.0.0.1/34865] INFO  volume.MutableVolumeSet (MutableVolumeSet.java:initializeVolumeSet(168)) - Added Volume : /home/runner/work/ozone/ozone/hadoop-ozone/integration-test/target/test-dir/MiniOzoneClusterImpl-372abfd9-b76d-47b1-8d83-90153ed5af7e/datanode-2/data/ratis to VolumeSet
2021-11-30 01:54:01,871 [Listener at 127.0.0.1/34865] INFO  volume.ThrottledAsyncChecker (ThrottledAsyncChecker.java:schedule(141)) - Scheduling a check for /home/runner/work/ozone/ozone/hadoop-ozone/integration-test/target/test-dir/MiniOzoneClusterImpl-372abfd9-b76d-47b1-8d83-90153ed5af7e/datanode-2/data/ratis
2021-11-30 01:54:01,871 [Listener at 127.0.0.1/34865] INFO  volume.StorageVolumeChecker (StorageVolumeChecker.java:checkAllVolumes(202)) - Scheduled health check for volume /home/runner/work/ozone/ozone/hadoop-ozone/integration-test/target/test-dir/MiniOzoneClusterImpl-372abfd9-b76d-47b1-8d83-90153ed5af7e/datanode-2/data/ratis
2021-11-30 01:54:01,886 [Datanode State Machine Daemon Thread] ERROR datanode.RunningDatanodeState (RunningDatanodeState.java:computeNextContainerState(199)) - Error in executing end point task.
java.util.concurrent.ExecutionException: java.util.concurrent.TimeoutException
	at java.util.concurrent.FutureTask.report(FutureTask.java:122)
	at java.util.concurrent.FutureTask.get(FutureTask.java:192)
	at org.apache.hadoop.ozone.container.common.states.datanode.RunningDatanodeState.computeNextContainerState(RunningDatanodeState.java:191)
	at org.apache.hadoop.ozone.container.common.states.datanode.RunningDatanodeState.await(RunningDatanodeState.java:231)
	at org.apache.hadoop.ozone.container.common.states.datanode.RunningDatanodeState.await(RunningDatanodeState.java:50)
	at org.apache.hadoop.ozone.container.common.statemachine.StateContext.execute(StateContext.java:633)
	at org.apache.hadoop.ozone.container.common.statemachine.DatanodeStateMachine.start(DatanodeStateMachine.java:280)
	at org.apache.hadoop.ozone.container.common.statemachine.DatanodeStateMachine.lambda$startDaemon$0(DatanodeStateMachine.java:468)
	at java.lang.Thread.run(Thread.java:748)
Caused by: java.util.concurrent.TimeoutException
	at java.util.concurrent.FutureTask.get(FutureTask.java:205)
	at org.apache.hadoop.ozone.container.common.states.datanode.RunningDatanodeState.lambda$execute$0(RunningDatanodeState.java:149)
	at java.util.concurrent.FutureTask.run(FutureTask.java:266)
	at java.util.concurrent.Executors$RunnableAdapter.call(Executors.java:511)
	at java.util.concurrent.FutureTask.run(FutureTask.java:266)
	at java.util.concurrent.ThreadPoolExecutor.runWorker(ThreadPoolExecutor.java:1149)
	at java.util.concurrent.ThreadPoolExecutor$Worker.run(ThreadPoolExecutor.java:624)
	... 1 more
2021-11-30 01:54:02,083 [Thread-2541] INFO  ozoneimpl.ContainerReader (ContainerReader.java:readVolume(172)) - Finish verifying containers on volume /home/runner/work/ozone/ozone/hadoop-ozone/integration-test/target/test-dir/MiniOzoneClusterImpl-372abfd9-b76d-47b1-8d83-90153ed5af7e/datanode-2/data-0/containers/hdds
2021-11-30 01:54:02,084 [Listener at 127.0.0.1/34865] INFO  ozoneimpl.OzoneContainer (OzoneContainer.java:buildContainerSet(236)) - Build ContainerSet costs 0s
2021-11-30 01:54:02,085 [Listener at 127.0.0.1/34865] INFO  server.RaftServer (ConfUtils.java:logGet(44)) - raft.rpc.type = GRPC (default)
2021-11-30 01:54:02,086 [Listener at 127.0.0.1/34865] INFO  grpc.GrpcFactory (GrpcFactory.java:checkPooledByteBufAllocatorUseCacheForAllThreads(48)) - PERFORMANCE WARNING: useCacheForAllThreads is true that may cause Netty to create a lot garbage objects and, as a result, trigger GC.
	It is recommended to disable useCacheForAllThreads by setting -Dorg.apache.ratis.thirdparty.io.netty.allocator.useCacheForAllThreads=false in command line.
2021-11-30 01:54:02,086 [Listener at 127.0.0.1/34865] INFO  grpc.GrpcConfigKeys (ConfUtils.java:logGet(44)) - raft.grpc.admin.port = 0 (custom)
2021-11-30 01:54:02,086 [Listener at 127.0.0.1/34865] INFO  grpc.GrpcConfigKeys (ConfUtils.java:logGet(44)) - raft.grpc.client.port = 0 (custom)
2021-11-30 01:54:02,086 [Listener at 127.0.0.1/34865] INFO  grpc.GrpcConfigKeys (ConfUtils.java:logGet(44)) - raft.grpc.server.port = 0 (default)
2021-11-30 01:54:02,086 [Listener at 127.0.0.1/34865] INFO  server.GrpcService (ConfUtils.java:logGet(44)) - raft.grpc.message.size.max = 32MB (=33554432) (custom)
2021-11-30 01:54:02,086 [Listener at 127.0.0.1/34865] INFO  server.RaftServerConfigKeys (ConfUtils.java:logGet(44)) - raft.server.log.appender.buffer.byte-limit = 33554432 (custom)
2021-11-30 01:54:02,086 [Listener at 127.0.0.1/34865] INFO  server.GrpcService (ConfUtils.java:logGet(44)) - raft.grpc.flow.control.window = 5MB (=5242880) (custom)
2021-11-30 01:54:02,086 [Listener at 127.0.0.1/34865] INFO  server.RaftServerConfigKeys (ConfUtils.java:logGet(44)) - raft.server.rpc.request.timeout = 60s (custom)
2021-11-30 01:54:02,087 [Listener at 127.0.0.1/34865] INFO  impl.DataStreamServerImpl (ConfUtils.java:logGet(44)) - raft.datastream.type = DISABLED (default)
2021-11-30 01:54:02,087 [Listener at 127.0.0.1/34865] INFO  server.RaftServerConfigKeys (ConfUtils.java:logGet(44)) - raft.server.rpc.slowness.timeout = 300s (custom)
2021-11-30 01:54:02,088 [Listener at 127.0.0.1/34865] INFO  server.RaftServerConfigKeys (ConfUtils.java:logGet(44)) - raft.server.leaderelection.leader.step-down.wait-time = 10s (default)
2021-11-30 01:54:02,088 [Listener at 127.0.0.1/34865] INFO  server.RaftServerConfigKeys (ConfUtils.java:logGet(44)) - raft.server.storage.dir = [/home/runner/work/ozone/ozone/hadoop-ozone/integration-test/target/test-dir/MiniOzoneClusterImpl-372abfd9-b76d-47b1-8d83-90153ed5af7e/datanode-2/data/ratis] (custom)
2021-11-30 01:54:02,106 [Listener at 127.0.0.1/34865] INFO  http.BaseHttpServer (BaseHttpServer.java:newHttpServer2BuilderForOzone(209)) - Starting Web-server for hddsDatanode at: http://0.0.0.0:0
2021-11-30 01:54:02,106 [Listener at 127.0.0.1/34865] INFO  http.BaseHttpServer (BaseHttpServer.java:<init>(107)) - Hadoop Security Enabled: false Ozone Security Enabled: false Ozone HTTP Security Enabled: false 
2021-11-30 01:54:02,107 [Listener at 127.0.0.1/34865] INFO  server.AuthenticationFilter (AuthenticationFilter.java:constructSecretProvider(240)) - Unable to initialize FileSignerSecretProvider, falling back to use random secrets.
2021-11-30 01:54:02,154 [Listener at 127.0.0.1/34865] WARN  http.HttpRequestLog (HttpRequestLog.java:getRequestLog(103)) - Jetty request log can only be enabled using Log4j
2021-11-30 01:54:02,155 [Listener at 127.0.0.1/34865] INFO  http.HttpServer2 (HttpServer2.java:addGlobalFilter(1030)) - Added global filter 'safety' (class=org.apache.hadoop.hdds.server.http.HttpServer2$QuotingInputFilter)
2021-11-30 01:54:02,155 [Listener at 127.0.0.1/34865] INFO  http.HttpServer2 (HttpServer2.java:addFilter(1006)) - Added filter static_user_filter (class=org.apache.hadoop.http.lib.StaticUserWebFilter$StaticUserFilter) to context hddsDatanode
2021-11-30 01:54:02,156 [Listener at 127.0.0.1/34865] INFO  http.HttpServer2 (HttpServer2.java:addFilter(1014)) - Added filter static_user_filter (class=org.apache.hadoop.http.lib.StaticUserWebFilter$StaticUserFilter) to context logs
2021-11-30 01:54:02,156 [Listener at 127.0.0.1/34865] INFO  http.HttpServer2 (HttpServer2.java:addFilter(1014)) - Added filter static_user_filter (class=org.apache.hadoop.http.lib.StaticUserWebFilter$StaticUserFilter) to context static
2021-11-30 01:54:02,156 [Listener at 127.0.0.1/34865] INFO  http.HttpServer2 (HttpServer2.java:bindListener(1249)) - Jetty bound to port 36949
2021-11-30 01:54:02,156 [Listener at 127.0.0.1/34865] INFO  server.Server (Server.java:doStart(375)) - jetty-9.4.43.v20210629; built: 2021-06-30T11:07:22.254Z; git: 526006ecfa3af7f1a27ef3a288e2bef7ea9dd7e8; jvm 1.8.0_292-b10
2021-11-30 01:54:02,265 [Listener at 127.0.0.1/34865] INFO  server.session (DefaultSessionIdManager.java:doStart(334)) - DefaultSessionIdManager workerName=node0
2021-11-30 01:54:02,265 [Listener at 127.0.0.1/34865] INFO  server.session (DefaultSessionIdManager.java:doStart(339)) - No SessionScavenger set, using defaults
2021-11-30 01:54:02,265 [Listener at 127.0.0.1/34865] INFO  server.session (HouseKeeper.java:startScavenging(132)) - node0 Scavenging every 600000ms
2021-11-30 01:54:02,282 [Listener at 127.0.0.1/34865] INFO  handler.ContextHandler (ContextHandler.java:doStart(915)) - Started o.e.j.s.ServletContextHandler@7f6e3536{logs,/logs,file:///home/runner/work/ozone/ozone/hadoop-ozone/integration-test/target/log,AVAILABLE}
2021-11-30 01:54:02,283 [Listener at 127.0.0.1/34865] INFO  handler.ContextHandler (ContextHandler.java:doStart(915)) - Started o.e.j.s.ServletContextHandler@40997d07{static,/static,jar:file:/home/runner/.m2/repository/org/apache/ozone/hdds-container-service/1.3.0-SNAPSHOT/hdds-container-service-1.3.0-SNAPSHOT.jar!/webapps/static,AVAILABLE}
2021-11-30 01:54:02,486 [EndpointStateMachine task thread for /0.0.0.0:36669 - 0 ] INFO  ipc.Client (Client.java:handleConnectionFailure(977)) - Retrying connect to server: 0.0.0.0/0.0.0.0:36669. Already tried 2 time(s); retry policy is RetryUpToMaximumCountWithFixedSleep(maxRetries=15, sleepTime=1000 MILLISECONDS)
2021-11-30 01:54:02,569 [Listener at 127.0.0.1/34865] INFO  handler.ContextHandler (ContextHandler.java:doStart(915)) - Started o.e.j.w.WebAppContext@73dd362b{hddsDatanode,/,file:///tmp/jetty-0_0_0_0-36949-hdds-container-service-1_3_0-SNAPSHOT_jar-_-any-6932785754322202493/webapp/,AVAILABLE}{jar:file:/home/runner/.m2/repository/org/apache/ozone/hdds-container-service/1.3.0-SNAPSHOT/hdds-container-service-1.3.0-SNAPSHOT.jar!/webapps/hddsDatanode}
2021-11-30 01:54:02,621 [Listener at 127.0.0.1/34865] INFO  server.AbstractConnector (AbstractConnector.java:doStart(331)) - Started ServerConnector@7f54bee{HTTP/1.1, (http/1.1)}{0.0.0.0:36949}
2021-11-30 01:54:02,621 [Listener at 127.0.0.1/34865] INFO  server.Server (Server.java:doStart(415)) - Started @216197ms
2021-11-30 01:54:02,621 [Listener at 127.0.0.1/34865] WARN  impl.MetricsSystemImpl (MetricsSystemImpl.java:register(279)) - Sink prometheus already exists!
2021-11-30 01:54:02,673 [Listener at 127.0.0.1/34865] INFO  http.BaseHttpServer (BaseHttpServer.java:updateConnectorAddress(329)) - HTTP server of hddsDatanode listening at http://0.0.0.0:36949
2021-11-30 01:54:02,695 [Listener at 127.0.0.1/34865] INFO  ozone.MiniOzoneClusterImpl (MiniOzoneClusterImpl.java:lambda$waitForClusterToBeReady$0(235)) - Waiting for nodes to be ready. Got 0 of 3 DN Heartbeats.
2021-11-30 01:54:02,696 [Listener at 127.0.0.1/34865] INFO  ozone.MiniOzoneClusterImpl (MiniOzoneClusterImpl.java:lambda$waitForClusterToBeReady$0(238)) - Waiting for cluster to exit safe mode
2021-11-30 01:54:02,696 [Listener at 127.0.0.1/34865] INFO  ozone.MiniOzoneClusterImpl (MiniOzoneClusterImpl.java:lambda$waitForClusterToBeReady$0(240)) - SCM became leader
2021-11-30 01:54:02,696 [Datanode State Machine Daemon Thread] INFO  statemachine.DatanodeStateMachine (DatanodeStateMachine.java:lambda$startDaemon$0(467)) - Ozone container server started.
2021-11-30 01:54:02,786 [Datanode State Machine Daemon Thread] INFO  upgrade.UpgradeFinalizer (BasicUpgradeFinalizer.java:runPrefinalizeStateActions(235)) - Running pre-finalized state validations for unfinalized layout features.
2021-11-30 01:54:02,786 [Datanode State Machine Daemon Thread] INFO  upgrade.UpgradeFinalizer (BasicUpgradeFinalizer.java:runPrefinalizeStateActions(248)) - Running first upgrade commands for unfinalized layout features.
2021-11-30 01:54:02,790 [org.apache.hadoop.util.JvmPauseMonitor$Monitor@7f595acb] INFO  util.JvmPauseMonitor (JvmPauseMonitor.java:run(188)) - Starting JVM pause monitor
2021-11-30 01:54:02,828 [Datanode State Machine Task Thread - 0] INFO  datanode.InitDatanodeState (InitDatanodeState.java:persistContainerDatanodeDetails(145)) - DatanodeDetails is persisted to /home/runner/work/ozone/ozone/hadoop-ozone/integration-test/target/test-dir/MiniOzoneClusterImpl-372abfd9-b76d-47b1-8d83-90153ed5af7e/datanode-2/meta/datanode.id
2021-11-30 01:54:02,993 [EndpointStateMachine task thread for /0.0.0.0:41749 - 0 ] INFO  ozoneimpl.OzoneContainer (OzoneContainer.java:start(304)) - Attempting to start container services.
2021-11-30 01:54:02,994 [EndpointStateMachine task thread for /0.0.0.0:41749 - 0 ] INFO  ozoneimpl.OzoneContainer (OzoneContainer.java:startContainerScrub(249)) - Background container scanner has been disabled.
2021-11-30 01:54:02,995 [EndpointStateMachine task thread for /0.0.0.0:41749 - 0 ] INFO  replication.ReplicationServer (ReplicationServer.java:start(107)) - ReplicationServer is started using port 38583
2021-11-30 01:54:03,005 [EndpointStateMachine task thread for /0.0.0.0:41749 - 0 ] INFO  ratis.XceiverServerRatis (XceiverServerRatis.java:start(484)) - Starting XceiverServerRatis 9985d3ec-0c4a-4a8b-a6e0-db48a89ddf41
2021-11-30 01:54:03,017 [EndpointStateMachine task thread for /0.0.0.0:41749 - 0 ] INFO  server.RaftServer (RaftServerProxy.java:lambda$start$5(374)) - 9985d3ec-0c4a-4a8b-a6e0-db48a89ddf41: start RPC server
2021-11-30 01:54:03,021 [EndpointStateMachine task thread for /0.0.0.0:41749 - 0 ] INFO  server.GrpcService (GrpcService.java:startImpl(253)) - 9985d3ec-0c4a-4a8b-a6e0-db48a89ddf41: GrpcService started, listening on 43905
2021-11-30 01:54:03,038 [EndpointStateMachine task thread for /0.0.0.0:41749 - 0 ] INFO  ratis.XceiverServerRatis (XceiverServerRatis.java:getRealPort(505)) - XceiverServerRatis 9985d3ec-0c4a-4a8b-a6e0-db48a89ddf41 is started using port 43905 for RATIS
2021-11-30 01:54:03,038 [EndpointStateMachine task thread for /0.0.0.0:41749 - 0 ] INFO  ratis.XceiverServerRatis (XceiverServerRatis.java:getRealPort(505)) - XceiverServerRatis 9985d3ec-0c4a-4a8b-a6e0-db48a89ddf41 is started using port 43905 for RATIS_ADMIN
2021-11-30 01:54:03,038 [EndpointStateMachine task thread for /0.0.0.0:41749 - 0 ] INFO  ratis.XceiverServerRatis (XceiverServerRatis.java:getRealPort(505)) - XceiverServerRatis 9985d3ec-0c4a-4a8b-a6e0-db48a89ddf41 is started using port 43905 for RATIS_SERVER
2021-11-30 01:54:03,051 [EndpointStateMachine task thread for /0.0.0.0:41749 - 0 ] INFO  server.XceiverServerGrpc (XceiverServerGrpc.java:start(135)) - XceiverServerGrpc 9985d3ec-0c4a-4a8b-a6e0-db48a89ddf41 is started using port 38699
2021-11-30 01:54:03,106 [org.apache.ratis.util.JvmPauseMonitor$$Lambda$540/495036108@1eaf4371] INFO  util.JvmPauseMonitor (JvmPauseMonitor.java:run(103)) - JvmPauseMonitor-9985d3ec-0c4a-4a8b-a6e0-db48a89ddf41: Started
2021-11-30 01:54:03,340 [IPC Server handler 4 on default port 41749] INFO  net.NetworkTopologyImpl (NetworkTopologyImpl.java:add(112)) - Added a new node: /default-rack/2e9cc417-5ac2-4ec5-9526-3a0456091922
2021-11-30 01:54:03,341 [IPC Server handler 4 on default port 41749] INFO  node.SCMNodeManager (SCMNodeManager.java:register(389)) - Registered Data node : 2e9cc417-5ac2-4ec5-9526-3a0456091922{ip: 10.1.0.55, host: fv-az270-622.tacnzluakwdehk1hpragurqkma.bx.internal.cloudapp.net, ports: [REPLICATION=38139, RATIS=37317, RATIS_ADMIN=37317, RATIS_SERVER=37317, STANDALONE=36147], networkLocation: /default-rack, certSerialId: null, persistedOpState: null, persistedOpStateExpiryEpochSec: 0}
2021-11-30 01:54:03,368 [EventQueue-NodeRegistrationContainerReportForDataNodeSafeModeRule] INFO  safemode.SCMSafeModeManager (DataNodeSafeModeRule.java:process(71)) - SCM in safe mode. 1 DataNodes registered, 3 required.
2021-11-30 01:54:03,369 [EventQueue-NodeRegistrationContainerReportForContainerSafeModeRule] INFO  safemode.SCMSafeModeManager (SCMSafeModeManager.java:validateSafeModeExitRules(204)) - ContainerSafeModeRule rule is successfully validated
2021-11-30 01:54:03,402 [EventQueue-NewNodeForNewNodeHandler] INFO  pipeline.BackgroundPipelineCreator (BackgroundPipelineCreator.java:notifyEventTriggered(285)) - trigger a one-shot run on RatisPipelineUtilsThread.
2021-11-30 01:54:03,402 [RatisPipelineUtilsThread - 0] INFO  pipeline.RatisPipelineProvider (RatisPipelineProvider.java:lambda$create$0(183)) - Sending CreatePipelineCommand for pipeline:PipelineID=fe5fce28-80e5-42be-9aaf-6de6a78d9881 to datanode:2e9cc417-5ac2-4ec5-9526-3a0456091922
2021-11-30 01:54:03,408 [RatisPipelineUtilsThread - 0] INFO  pipeline.PipelineStateManagerImpl (PipelineStateManagerImpl.java:addPipeline(101)) - Created pipeline Pipeline[ Id: fe5fce28-80e5-42be-9aaf-6de6a78d9881, Nodes: 2e9cc417-5ac2-4ec5-9526-3a0456091922{ip: 10.1.0.55, host: fv-az270-622.tacnzluakwdehk1hpragurqkma.bx.internal.cloudapp.net, ports: [REPLICATION=38139, RATIS=37317, RATIS_ADMIN=37317, RATIS_SERVER=37317, STANDALONE=36147], networkLocation: /default-rack, certSerialId: null, persistedOpState: IN_SERVICE, persistedOpStateExpiryEpochSec: 0}, ReplicationConfig: RATIS/ONE, State:ALLOCATED, leaderId:, CreationTimestamp2021-11-30T01:54:03.402Z[Etc/UTC]].
2021-11-30 01:54:03,420 [Datanode State Machine Daemon Thread] ERROR datanode.RunningDatanodeState (RunningDatanodeState.java:computeNextContainerState(199)) - Error in executing end point task.
java.util.concurrent.ExecutionException: java.util.concurrent.TimeoutException
	at java.util.concurrent.FutureTask.report(FutureTask.java:122)
	at java.util.concurrent.FutureTask.get(FutureTask.java:192)
	at org.apache.hadoop.ozone.container.common.states.datanode.RunningDatanodeState.computeNextContainerState(RunningDatanodeState.java:191)
	at org.apache.hadoop.ozone.container.common.states.datanode.RunningDatanodeState.await(RunningDatanodeState.java:231)
	at org.apache.hadoop.ozone.container.common.states.datanode.RunningDatanodeState.await(RunningDatanodeState.java:50)
	at org.apache.hadoop.ozone.container.common.statemachine.StateContext.execute(StateContext.java:633)
	at org.apache.hadoop.ozone.container.common.statemachine.DatanodeStateMachine.start(DatanodeStateMachine.java:280)
	at org.apache.hadoop.ozone.container.common.statemachine.DatanodeStateMachine.lambda$startDaemon$0(DatanodeStateMachine.java:468)
	at java.lang.Thread.run(Thread.java:748)
Caused by: java.util.concurrent.TimeoutException
	at java.util.concurrent.FutureTask.get(FutureTask.java:205)
	at org.apache.hadoop.ozone.container.common.states.datanode.RunningDatanodeState.lambda$execute$0(RunningDatanodeState.java:149)
	at java.util.concurrent.FutureTask.run(FutureTask.java:266)
	at java.util.concurrent.Executors$RunnableAdapter.call(Executors.java:511)
	at java.util.concurrent.FutureTask.run(FutureTask.java:266)
	at java.util.concurrent.ThreadPoolExecutor.runWorker(ThreadPoolExecutor.java:1149)
	at java.util.concurrent.ThreadPoolExecutor$Worker.run(ThreadPoolExecutor.java:624)
	... 1 more
2021-11-30 01:54:03,481 [EventQueue-PipelineReportForOneReplicaPipelineSafeModeRule] INFO  safemode.SCMSafeModeManager (SCMSafeModeManager.java:validateSafeModeExitRules(204)) - AtleastOneDatanodeReportedRule rule is successfully validated
2021-11-30 01:54:03,487 [EndpointStateMachine task thread for /0.0.0.0:36669 - 0 ] INFO  ipc.Client (Client.java:handleConnectionFailure(977)) - Retrying connect to server: 0.0.0.0/0.0.0.0:36669. Already tried 3 time(s); retry policy is RetryUpToMaximumCountWithFixedSleep(maxRetries=15, sleepTime=1000 MILLISECONDS)
2021-11-30 01:54:03,631 [grpc-default-executor-5] WARN  server.GrpcLogAppender (LogUtils.java:warn(122)) - 06b7ff9d-b949-4cc8-b1f8-d148219ce06b@group-1AABBADEE04A->b4162c89-986b-43e5-92d9-30654e537d9a-AppendLogResponseHandler: Failed appendEntries: org.apache.ratis.thirdparty.io.grpc.StatusRuntimeException: UNAVAILABLE: io exception
2021-11-30 01:54:03,631 [grpc-default-executor-5] WARN  server.GrpcLogAppender (GrpcLogAppender.java:resetClient(110)) - 06b7ff9d-b949-4cc8-b1f8-d148219ce06b@group-1AABBADEE04A->b4162c89-986b-43e5-92d9-30654e537d9a-GrpcLogAppender: Leader has not got in touch with Follower 06b7ff9d-b949-4cc8-b1f8-d148219ce06b@group-1AABBADEE04A->b4162c89-986b-43e5-92d9-30654e537d9a(c0,m0,n1, attendVote=true, lastRpcSendTime=8, lastRpcResponseTime=7640) yet, just keep nextIndex unchanged and retry.
2021-11-30 01:54:03,682 [grpc-default-executor-5] WARN  server.GrpcLogAppender (LogUtils.java:warn(122)) - 06b7ff9d-b949-4cc8-b1f8-d148219ce06b@group-1AABBADEE04A->da235480-3666-4925-bff3-0571021ec8c8-AppendLogResponseHandler: Failed appendEntries: org.apache.ratis.thirdparty.io.grpc.StatusRuntimeException: UNAVAILABLE: io exception
2021-11-30 01:54:03,683 [grpc-default-executor-5] WARN  server.GrpcLogAppender (GrpcLogAppender.java:resetClient(110)) - 06b7ff9d-b949-4cc8-b1f8-d148219ce06b@group-1AABBADEE04A->da235480-3666-4925-bff3-0571021ec8c8-GrpcLogAppender: Leader has not got in touch with Follower 06b7ff9d-b949-4cc8-b1f8-d148219ce06b@group-1AABBADEE04A->da235480-3666-4925-bff3-0571021ec8c8(c0,m0,n1, attendVote=true, lastRpcSendTime=41, lastRpcResponseTime=7591) yet, just keep nextIndex unchanged and retry.
2021-11-30 01:54:03,696 [Listener at 127.0.0.1/34865] INFO  ozone.MiniOzoneClusterImpl (MiniOzoneClusterImpl.java:lambda$waitForClusterToBeReady$0(235)) - Waiting for nodes to be ready. Got 1 of 3 DN Heartbeats.
2021-11-30 01:54:03,696 [Listener at 127.0.0.1/34865] INFO  ozone.MiniOzoneClusterImpl (MiniOzoneClusterImpl.java:lambda$waitForClusterToBeReady$0(238)) - Waiting for cluster to exit safe mode
2021-11-30 01:54:03,696 [Listener at 127.0.0.1/34865] INFO  ozone.MiniOzoneClusterImpl (MiniOzoneClusterImpl.java:lambda$waitForClusterToBeReady$0(240)) - SCM became leader
2021-11-30 01:54:04,488 [EndpointStateMachine task thread for /0.0.0.0:36669 - 0 ] INFO  ipc.Client (Client.java:handleConnectionFailure(977)) - Retrying connect to server: 0.0.0.0/0.0.0.0:36669. Already tried 4 time(s); retry policy is RetryUpToMaximumCountWithFixedSleep(maxRetries=15, sleepTime=1000 MILLISECONDS)
2021-11-30 01:54:04,699 [Listener at 127.0.0.1/34865] INFO  ozone.MiniOzoneClusterImpl (MiniOzoneClusterImpl.java:lambda$waitForClusterToBeReady$0(235)) - Waiting for nodes to be ready. Got 1 of 3 DN Heartbeats.
2021-11-30 01:54:04,699 [Listener at 127.0.0.1/34865] INFO  ozone.MiniOzoneClusterImpl (MiniOzoneClusterImpl.java:lambda$waitForClusterToBeReady$0(238)) - Waiting for cluster to exit safe mode
2021-11-30 01:54:04,699 [Listener at 127.0.0.1/34865] INFO  ozone.MiniOzoneClusterImpl (MiniOzoneClusterImpl.java:lambda$waitForClusterToBeReady$0(240)) - SCM became leader
2021-11-30 01:54:04,825 [EndpointStateMachine task thread for /0.0.0.0:41749 - 0 ] INFO  ozoneimpl.OzoneContainer (OzoneContainer.java:start(304)) - Attempting to start container services.
2021-11-30 01:54:04,825 [EndpointStateMachine task thread for /0.0.0.0:41749 - 0 ] INFO  ozoneimpl.OzoneContainer (OzoneContainer.java:startContainerScrub(249)) - Background container scanner has been disabled.
2021-11-30 01:54:04,826 [EndpointStateMachine task thread for /0.0.0.0:41749 - 0 ] INFO  replication.ReplicationServer (ReplicationServer.java:start(107)) - ReplicationServer is started using port 43921
2021-11-30 01:54:04,826 [EndpointStateMachine task thread for /0.0.0.0:41749 - 0 ] INFO  ratis.XceiverServerRatis (XceiverServerRatis.java:start(484)) - Starting XceiverServerRatis a62551b8-dd3a-47ef-9924-b3744ef69e33
2021-11-30 01:54:04,884 [EndpointStateMachine task thread for /0.0.0.0:41749 - 0 ] INFO  server.RaftServer (RaftServerProxy.java:lambda$start$5(374)) - a62551b8-dd3a-47ef-9924-b3744ef69e33: start RPC server
2021-11-30 01:54:04,887 [EndpointStateMachine task thread for /0.0.0.0:41749 - 0 ] INFO  server.GrpcService (GrpcService.java:startImpl(253)) - a62551b8-dd3a-47ef-9924-b3744ef69e33: GrpcService started, listening on 37433
2021-11-30 01:54:04,904 [EndpointStateMachine task thread for /0.0.0.0:41749 - 0 ] INFO  ratis.XceiverServerRatis (XceiverServerRatis.java:getRealPort(505)) - XceiverServerRatis a62551b8-dd3a-47ef-9924-b3744ef69e33 is started using port 37433 for RATIS
2021-11-30 01:54:04,904 [EndpointStateMachine task thread for /0.0.0.0:41749 - 0 ] INFO  ratis.XceiverServerRatis (XceiverServerRatis.java:getRealPort(505)) - XceiverServerRatis a62551b8-dd3a-47ef-9924-b3744ef69e33 is started using port 37433 for RATIS_ADMIN
2021-11-30 01:54:04,904 [EndpointStateMachine task thread for /0.0.0.0:41749 - 0 ] INFO  ratis.XceiverServerRatis (XceiverServerRatis.java:getRealPort(505)) - XceiverServerRatis a62551b8-dd3a-47ef-9924-b3744ef69e33 is started using port 37433 for RATIS_SERVER
2021-11-30 01:54:04,915 [EndpointStateMachine task thread for /0.0.0.0:41749 - 0 ] INFO  server.XceiverServerGrpc (XceiverServerGrpc.java:start(135)) - XceiverServerGrpc a62551b8-dd3a-47ef-9924-b3744ef69e33 is started using port 45199
2021-11-30 01:54:04,927 [org.apache.ratis.util.JvmPauseMonitor$$Lambda$540/495036108@13db4c57] INFO  util.JvmPauseMonitor (JvmPauseMonitor.java:run(103)) - JvmPauseMonitor-a62551b8-dd3a-47ef-9924-b3744ef69e33: Started
2021-11-30 01:54:04,945 [IPC Server handler 0 on default port 41749] INFO  net.NetworkTopologyImpl (NetworkTopologyImpl.java:add(112)) - Added a new node: /default-rack/9985d3ec-0c4a-4a8b-a6e0-db48a89ddf41
2021-11-30 01:54:04,945 [IPC Server handler 0 on default port 41749] INFO  node.SCMNodeManager (SCMNodeManager.java:register(389)) - Registered Data node : 9985d3ec-0c4a-4a8b-a6e0-db48a89ddf41{ip: 10.1.0.55, host: fv-az270-622.tacnzluakwdehk1hpragurqkma.bx.internal.cloudapp.net, ports: [REPLICATION=38583, RATIS=43905, RATIS_ADMIN=43905, RATIS_SERVER=43905, STANDALONE=38699], networkLocation: /default-rack, certSerialId: null, persistedOpState: null, persistedOpStateExpiryEpochSec: 0}
2021-11-30 01:54:04,946 [EventQueue-NewNodeForNewNodeHandler] INFO  pipeline.BackgroundPipelineCreator (BackgroundPipelineCreator.java:notifyEventTriggered(285)) - trigger a one-shot run on RatisPipelineUtilsThread.
2021-11-30 01:54:04,946 [RatisPipelineUtilsThread - 0] INFO  pipeline.RatisPipelineProvider (RatisPipelineProvider.java:lambda$create$0(183)) - Sending CreatePipelineCommand for pipeline:PipelineID=30531782-a4ce-4a77-a1e4-b56b9949c206 to datanode:9985d3ec-0c4a-4a8b-a6e0-db48a89ddf41
2021-11-30 01:54:04,977 [RatisPipelineUtilsThread - 0] INFO  pipeline.PipelineStateManagerImpl (PipelineStateManagerImpl.java:addPipeline(101)) - Created pipeline Pipeline[ Id: 30531782-a4ce-4a77-a1e4-b56b9949c206, Nodes: 9985d3ec-0c4a-4a8b-a6e0-db48a89ddf41{ip: 10.1.0.55, host: fv-az270-622.tacnzluakwdehk1hpragurqkma.bx.internal.cloudapp.net, ports: [REPLICATION=38583, RATIS=43905, RATIS_ADMIN=43905, RATIS_SERVER=43905, STANDALONE=38699], networkLocation: /default-rack, certSerialId: null, persistedOpState: IN_SERVICE, persistedOpStateExpiryEpochSec: 0}, ReplicationConfig: RATIS/ONE, State:ALLOCATED, leaderId:, CreationTimestamp2021-11-30T01:54:04.946Z[Etc/UTC]].
2021-11-30 01:54:04,987 [Datanode State Machine Daemon Thread] ERROR datanode.RunningDatanodeState (RunningDatanodeState.java:computeNextContainerState(199)) - Error in executing end point task.
java.util.concurrent.ExecutionException: java.util.concurrent.TimeoutException
	at java.util.concurrent.FutureTask.report(FutureTask.java:122)
	at java.util.concurrent.FutureTask.get(FutureTask.java:192)
	at org.apache.hadoop.ozone.container.common.states.datanode.RunningDatanodeState.computeNextContainerState(RunningDatanodeState.java:191)
	at org.apache.hadoop.ozone.container.common.states.datanode.RunningDatanodeState.await(RunningDatanodeState.java:231)
	at org.apache.hadoop.ozone.container.common.states.datanode.RunningDatanodeState.await(RunningDatanodeState.java:50)
	at org.apache.hadoop.ozone.container.common.statemachine.StateContext.execute(StateContext.java:633)
	at org.apache.hadoop.ozone.container.common.statemachine.DatanodeStateMachine.start(DatanodeStateMachine.java:280)
	at org.apache.hadoop.ozone.container.common.statemachine.DatanodeStateMachine.lambda$startDaemon$0(DatanodeStateMachine.java:468)
	at java.lang.Thread.run(Thread.java:748)
Caused by: java.util.concurrent.TimeoutException
	at java.util.concurrent.FutureTask.get(FutureTask.java:205)
	at org.apache.hadoop.ozone.container.common.states.datanode.RunningDatanodeState.lambda$execute$0(RunningDatanodeState.java:149)
	at java.util.concurrent.FutureTask.run(FutureTask.java:266)
	at java.util.concurrent.Executors$RunnableAdapter.call(Executors.java:511)
	at java.util.concurrent.FutureTask.run(FutureTask.java:266)
	at java.util.concurrent.ThreadPoolExecutor.runWorker(ThreadPoolExecutor.java:1149)
	at java.util.concurrent.ThreadPoolExecutor$Worker.run(ThreadPoolExecutor.java:624)
	... 1 more
2021-11-30 01:54:04,988 [EventQueue-NodeRegistrationContainerReportForDataNodeSafeModeRule] INFO  safemode.SCMSafeModeManager (DataNodeSafeModeRule.java:process(71)) - SCM in safe mode. 2 DataNodes registered, 3 required.
2021-11-30 01:54:05,489 [EndpointStateMachine task thread for /0.0.0.0:36669 - 0 ] INFO  ipc.Client (Client.java:handleConnectionFailure(977)) - Retrying connect to server: 0.0.0.0/0.0.0.0:36669. Already tried 5 time(s); retry policy is RetryUpToMaximumCountWithFixedSleep(maxRetries=15, sleepTime=1000 MILLISECONDS)
2021-11-30 01:54:05,489 [Datanode State Machine Daemon Thread] ERROR datanode.RunningDatanodeState (RunningDatanodeState.java:computeNextContainerState(199)) - Error in executing end point task.
java.util.concurrent.ExecutionException: java.util.concurrent.TimeoutException
	at java.util.concurrent.FutureTask.report(FutureTask.java:122)
	at java.util.concurrent.FutureTask.get(FutureTask.java:192)
	at org.apache.hadoop.ozone.container.common.states.datanode.RunningDatanodeState.computeNextContainerState(RunningDatanodeState.java:191)
	at org.apache.hadoop.ozone.container.common.states.datanode.RunningDatanodeState.await(RunningDatanodeState.java:231)
	at org.apache.hadoop.ozone.container.common.states.datanode.RunningDatanodeState.await(RunningDatanodeState.java:50)
	at org.apache.hadoop.ozone.container.common.statemachine.StateContext.execute(StateContext.java:633)
	at org.apache.hadoop.ozone.container.common.statemachine.DatanodeStateMachine.start(DatanodeStateMachine.java:280)
	at org.apache.hadoop.ozone.container.common.statemachine.DatanodeStateMachine.lambda$startDaemon$0(DatanodeStateMachine.java:468)
	at java.lang.Thread.run(Thread.java:748)
Caused by: java.util.concurrent.TimeoutException
	at java.util.concurrent.FutureTask.get(FutureTask.java:205)
	at org.apache.hadoop.ozone.container.common.states.datanode.RunningDatanodeState.lambda$execute$0(RunningDatanodeState.java:149)
	at java.util.concurrent.FutureTask.run(FutureTask.java:266)
	at java.util.concurrent.Executors$RunnableAdapter.call(Executors.java:511)
	at java.util.concurrent.FutureTask.run(FutureTask.java:266)
	at java.util.concurrent.ThreadPoolExecutor.runWorker(ThreadPoolExecutor.java:1149)
	at java.util.concurrent.ThreadPoolExecutor$Worker.run(ThreadPoolExecutor.java:624)
	... 1 more
2021-11-30 01:54:05,492 [Datanode State Machine Daemon Thread] ERROR datanode.RunningDatanodeState (RunningDatanodeState.java:computeNextContainerState(199)) - Error in executing end point task.
java.util.concurrent.ExecutionException: java.util.concurrent.TimeoutException
	at java.util.concurrent.FutureTask.report(FutureTask.java:122)
	at java.util.concurrent.FutureTask.get(FutureTask.java:192)
	at org.apache.hadoop.ozone.container.common.states.datanode.RunningDatanodeState.computeNextContainerState(RunningDatanodeState.java:191)
	at org.apache.hadoop.ozone.container.common.states.datanode.RunningDatanodeState.await(RunningDatanodeState.java:231)
	at org.apache.hadoop.ozone.container.common.states.datanode.RunningDatanodeState.await(RunningDatanodeState.java:50)
	at org.apache.hadoop.ozone.container.common.statemachine.StateContext.execute(StateContext.java:633)
	at org.apache.hadoop.ozone.container.common.statemachine.DatanodeStateMachine.start(DatanodeStateMachine.java:280)
	at org.apache.hadoop.ozone.container.common.statemachine.DatanodeStateMachine.lambda$startDaemon$0(DatanodeStateMachine.java:468)
	at java.lang.Thread.run(Thread.java:748)
Caused by: java.util.concurrent.TimeoutException
	at java.util.concurrent.FutureTask.get(FutureTask.java:205)
	at org.apache.hadoop.ozone.container.common.states.datanode.RunningDatanodeState.lambda$execute$0(RunningDatanodeState.java:149)
	at java.util.concurrent.FutureTask.run(FutureTask.java:266)
	at java.util.concurrent.Executors$RunnableAdapter.call(Executors.java:511)
	at java.util.concurrent.FutureTask.run(FutureTask.java:266)
	at java.util.concurrent.ThreadPoolExecutor.runWorker(ThreadPoolExecutor.java:1149)
	at java.util.concurrent.ThreadPoolExecutor$Worker.run(ThreadPoolExecutor.java:624)
	... 1 more
2021-11-30 01:54:05,699 [Listener at 127.0.0.1/34865] INFO  ozone.MiniOzoneClusterImpl (MiniOzoneClusterImpl.java:lambda$waitForClusterToBeReady$0(235)) - Waiting for nodes to be ready. Got 2 of 3 DN Heartbeats.
2021-11-30 01:54:05,700 [Listener at 127.0.0.1/34865] INFO  ozone.MiniOzoneClusterImpl (MiniOzoneClusterImpl.java:lambda$waitForClusterToBeReady$0(238)) - Waiting for cluster to exit safe mode
2021-11-30 01:54:05,700 [Listener at 127.0.0.1/34865] INFO  ozone.MiniOzoneClusterImpl (MiniOzoneClusterImpl.java:lambda$waitForClusterToBeReady$0(240)) - SCM became leader
2021-11-30 01:54:06,052 [ForkJoinPool.commonPool-worker-1] INFO  ozoneimpl.OzoneContainer (OzoneContainer.java:stop(325)) - Attempting to stop container services.
2021-11-30 01:54:06,056 [ForkJoinPool.commonPool-worker-1] INFO  server.RaftServer (RaftServerProxy.java:lambda$close$6(391)) - 06b7ff9d-b949-4cc8-b1f8-d148219ce06b: close
2021-11-30 01:54:06,056 [ForkJoinPool.commonPool-worker-1] INFO  server.RaftServer$Division (RaftServerImpl.java:lambda$close$4(412)) - 06b7ff9d-b949-4cc8-b1f8-d148219ce06b@group-2D96E457D8DB: shutdown
2021-11-30 01:54:06,056 [ForkJoinPool.commonPool-worker-1] INFO  util.JmxRegister (JmxRegister.java:unregister(73)) - Successfully un-registered JMX Bean with object name Ratis:service=RaftServer,group=group-2D96E457D8DB,id=06b7ff9d-b949-4cc8-b1f8-d148219ce06b
2021-11-30 01:54:06,056 [ForkJoinPool.commonPool-worker-1] INFO  impl.RoleInfo (RoleInfo.java:shutdownLeaderState(91)) - 06b7ff9d-b949-4cc8-b1f8-d148219ce06b: shutdown 06b7ff9d-b949-4cc8-b1f8-d148219ce06b@group-2D96E457D8DB-LeaderStateImpl
2021-11-30 01:54:06,056 [ForkJoinPool.commonPool-worker-1] INFO  impl.PendingRequests (PendingRequests.java:sendNotLeaderResponses(282)) - 06b7ff9d-b949-4cc8-b1f8-d148219ce06b@group-2D96E457D8DB-PendingRequests: sendNotLeaderResponses
2021-11-30 01:54:06,057 [ForkJoinPool.commonPool-worker-1] INFO  impl.StateMachineUpdater (StateMachineUpdater.java:stopAndJoin(149)) - 06b7ff9d-b949-4cc8-b1f8-d148219ce06b@group-2D96E457D8DB-StateMachineUpdater: set stopIndex = 0
2021-11-30 01:54:06,058 [06b7ff9d-b949-4cc8-b1f8-d148219ce06b@group-2D96E457D8DB-StateMachineUpdater] INFO  ratis.ContainerStateMachine (ContainerStateMachine.java:takeSnapshot(292)) - group-2D96E457D8DB: Taking a snapshot at:(t:1, i:0) file /home/runner/work/ozone/ozone/hadoop-ozone/integration-test/target/test-dir/MiniOzoneClusterImpl-eb2b9c4f-7566-4bd0-b250-1abf3af87c2a/datanode-2/data/ratis/f585cbd1-9304-4a03-a922-2d96e457d8db/sm/snapshot.1_0
2021-11-30 01:54:06,059 [06b7ff9d-b949-4cc8-b1f8-d148219ce06b@group-2D96E457D8DB-StateMachineUpdater] INFO  ratis.ContainerStateMachine (ContainerStateMachine.java:takeSnapshot(303)) - group-2D96E457D8DB: Finished taking a snapshot at:(t:1, i:0) file:/home/runner/work/ozone/ozone/hadoop-ozone/integration-test/target/test-dir/MiniOzoneClusterImpl-eb2b9c4f-7566-4bd0-b250-1abf3af87c2a/datanode-2/data/ratis/f585cbd1-9304-4a03-a922-2d96e457d8db/sm/snapshot.1_0 took: 1 ms
2021-11-30 01:54:06,059 [06b7ff9d-b949-4cc8-b1f8-d148219ce06b@group-2D96E457D8DB-StateMachineUpdater] INFO  impl.StateMachineUpdater (StateMachineUpdater.java:takeSnapshot(281)) - 06b7ff9d-b949-4cc8-b1f8-d148219ce06b@group-2D96E457D8DB-StateMachineUpdater: Took a snapshot at index 0
2021-11-30 01:54:06,059 [06b7ff9d-b949-4cc8-b1f8-d148219ce06b@group-2D96E457D8DB-StateMachineUpdater] INFO  impl.StateMachineUpdater (StateMachineUpdater.java:lambda$new$0(89)) - 06b7ff9d-b949-4cc8-b1f8-d148219ce06b@group-2D96E457D8DB-StateMachineUpdater: snapshotIndex: updateIncreasingly -1 -> 0
2021-11-30 01:54:06,063 [ForkJoinPool.commonPool-worker-1] INFO  server.RaftServer$Division (ServerState.java:close(419)) - 06b7ff9d-b949-4cc8-b1f8-d148219ce06b@group-2D96E457D8DB: closes. applyIndex: 0
2021-11-30 01:54:06,063 [06b7ff9d-b949-4cc8-b1f8-d148219ce06b@group-2D96E457D8DB-SegmentedRaftLogWorker] INFO  segmented.SegmentedRaftLogWorker (SegmentedRaftLogWorker.java:run(327)) - 06b7ff9d-b949-4cc8-b1f8-d148219ce06b@group-2D96E457D8DB-SegmentedRaftLogWorker was interrupted, exiting. There are 0 tasks remaining in the queue.
2021-11-30 01:54:06,070 [ForkJoinPool.commonPool-worker-1] INFO  segmented.SegmentedRaftLogWorker (SegmentedRaftLogWorker.java:close(237)) - 06b7ff9d-b949-4cc8-b1f8-d148219ce06b@group-2D96E457D8DB-SegmentedRaftLogWorker close()
2021-11-30 01:54:06,081 [ForkJoinPool.commonPool-worker-1] INFO  server.RaftServer$Division (RaftServerImpl.java:lambda$close$4(412)) - 06b7ff9d-b949-4cc8-b1f8-d148219ce06b@group-1AABBADEE04A: shutdown
2021-11-30 01:54:06,082 [ForkJoinPool.commonPool-worker-1] INFO  util.JmxRegister (JmxRegister.java:unregister(73)) - Successfully un-registered JMX Bean with object name Ratis:service=RaftServer,group=group-1AABBADEE04A,id=06b7ff9d-b949-4cc8-b1f8-d148219ce06b
2021-11-30 01:54:06,082 [ForkJoinPool.commonPool-worker-1] INFO  impl.RoleInfo (RoleInfo.java:shutdownLeaderState(91)) - 06b7ff9d-b949-4cc8-b1f8-d148219ce06b: shutdown 06b7ff9d-b949-4cc8-b1f8-d148219ce06b@group-1AABBADEE04A-LeaderStateImpl
2021-11-30 01:54:06,082 [ForkJoinPool.commonPool-worker-1] INFO  impl.PendingRequests (PendingRequests.java:sendNotLeaderResponses(282)) - 06b7ff9d-b949-4cc8-b1f8-d148219ce06b@group-1AABBADEE04A-PendingRequests: sendNotLeaderResponses
2021-11-30 01:54:06,089 [06b7ff9d-b949-4cc8-b1f8-d148219ce06b@group-1AABBADEE04A-StateMachineUpdater] INFO  ratis.ContainerStateMachine (ContainerStateMachine.java:takeSnapshot(292)) - group-1AABBADEE04A: Taking a snapshot at:(t:4, i:0) file /home/runner/work/ozone/ozone/hadoop-ozone/integration-test/target/test-dir/MiniOzoneClusterImpl-eb2b9c4f-7566-4bd0-b250-1abf3af87c2a/datanode-2/data/ratis/a92a1b8c-4a85-4de1-af00-1aabbadee04a/sm/snapshot.4_0
2021-11-30 01:54:06,090 [ForkJoinPool.commonPool-worker-1] INFO  impl.StateMachineUpdater (StateMachineUpdater.java:stopAndJoin(149)) - 06b7ff9d-b949-4cc8-b1f8-d148219ce06b@group-1AABBADEE04A-StateMachineUpdater: set stopIndex = 0
2021-11-30 01:54:06,090 [06b7ff9d-b949-4cc8-b1f8-d148219ce06b@group-1AABBADEE04A-StateMachineUpdater] INFO  ratis.ContainerStateMachine (ContainerStateMachine.java:takeSnapshot(303)) - group-1AABBADEE04A: Finished taking a snapshot at:(t:4, i:0) file:/home/runner/work/ozone/ozone/hadoop-ozone/integration-test/target/test-dir/MiniOzoneClusterImpl-eb2b9c4f-7566-4bd0-b250-1abf3af87c2a/datanode-2/data/ratis/a92a1b8c-4a85-4de1-af00-1aabbadee04a/sm/snapshot.4_0 took: 1 ms
2021-11-30 01:54:06,090 [06b7ff9d-b949-4cc8-b1f8-d148219ce06b@group-1AABBADEE04A-StateMachineUpdater] INFO  impl.StateMachineUpdater (StateMachineUpdater.java:takeSnapshot(281)) - 06b7ff9d-b949-4cc8-b1f8-d148219ce06b@group-1AABBADEE04A-StateMachineUpdater: Took a snapshot at index 0
2021-11-30 01:54:06,090 [06b7ff9d-b949-4cc8-b1f8-d148219ce06b@group-1AABBADEE04A-StateMachineUpdater] INFO  impl.StateMachineUpdater (StateMachineUpdater.java:lambda$new$0(89)) - 06b7ff9d-b949-4cc8-b1f8-d148219ce06b@group-1AABBADEE04A-StateMachineUpdater: snapshotIndex: updateIncreasingly -1 -> 0
2021-11-30 01:54:06,093 [ForkJoinPool.commonPool-worker-1] INFO  server.RaftServer$Division (ServerState.java:close(419)) - 06b7ff9d-b949-4cc8-b1f8-d148219ce06b@group-1AABBADEE04A: closes. applyIndex: 0
2021-11-30 01:54:06,093 [06b7ff9d-b949-4cc8-b1f8-d148219ce06b@group-1AABBADEE04A-SegmentedRaftLogWorker] INFO  segmented.SegmentedRaftLogWorker (SegmentedRaftLogWorker.java:run(327)) - 06b7ff9d-b949-4cc8-b1f8-d148219ce06b@group-1AABBADEE04A-SegmentedRaftLogWorker was interrupted, exiting. There are 0 tasks remaining in the queue.
2021-11-30 01:54:06,096 [ForkJoinPool.commonPool-worker-1] INFO  segmented.SegmentedRaftLogWorker (SegmentedRaftLogWorker.java:close(237)) - 06b7ff9d-b949-4cc8-b1f8-d148219ce06b@group-1AABBADEE04A-SegmentedRaftLogWorker close()
2021-11-30 01:54:06,101 [ForkJoinPool.commonPool-worker-1] INFO  server.GrpcService (GrpcService.java:closeImpl(262)) - 06b7ff9d-b949-4cc8-b1f8-d148219ce06b: shutdown server with port 32853 now
2021-11-30 01:54:06,101 [06b7ff9d-b949-4cc8-b1f8-d148219ce06b@group-1AABBADEE04A->b4162c89-986b-43e5-92d9-30654e537d9a-GrpcLogAppender-LogAppenderDaemon] ERROR leader.LogAppenderDaemon (LogAppenderDaemon.java:run(86)) - 06b7ff9d-b949-4cc8-b1f8-d148219ce06b@group-1AABBADEE04A->b4162c89-986b-43e5-92d9-30654e537d9a-GrpcLogAppender-LogAppenderDaemon failed
java.lang.IllegalArgumentException: 06b7ff9d-b949-4cc8-b1f8-d148219ce06b@group-1AABBADEE04A-SegmentedRaftLog is expected to be opened but it is CLOSED
	at org.apache.ratis.util.OpenCloseState.assertOpen(OpenCloseState.java:63)
	at org.apache.ratis.server.raftlog.RaftLogBase.checkLogState(RaftLogBase.java:107)
	at org.apache.ratis.server.raftlog.segmented.SegmentedRaftLog.getLastEntryTermIndex(SegmentedRaftLog.java:339)
	at org.apache.ratis.server.raftlog.RaftLog.getNextIndex(RaftLog.java:83)
	at org.apache.ratis.server.leader.LogAppenderBase.newAppendEntriesRequest(LogAppenderBase.java:138)
	at org.apache.ratis.grpc.server.GrpcLogAppender.appendLog(GrpcLogAppender.java:213)
	at org.apache.ratis.grpc.server.GrpcLogAppender.run(GrpcLogAppender.java:147)
	at org.apache.ratis.server.leader.LogAppenderDaemon.run(LogAppenderDaemon.java:77)
	at java.lang.Thread.run(Thread.java:748)
Caused by: org.apache.ratis.util.OpenCloseState$CloseTrace: Close 06b7ff9d-b949-4cc8-b1f8-d148219ce06b@group-1AABBADEE04A-SegmentedRaftLog
	at org.apache.ratis.util.OpenCloseState.lambda$close$1(OpenCloseState.java:109)
	at java.util.concurrent.atomic.AtomicReference.getAndUpdate(AtomicReference.java:160)
	at org.apache.ratis.util.OpenCloseState.close(OpenCloseState.java:109)
	at org.apache.ratis.server.raftlog.RaftLogBase.close(RaftLogBase.java:356)
	at org.apache.ratis.server.raftlog.segmented.SegmentedRaftLog.close(SegmentedRaftLog.java:505)
	at org.apache.ratis.server.impl.ServerState.close(ServerState.java:421)
	at org.apache.ratis.server.impl.RaftServerImpl.lambda$close$4(RaftServerImpl.java:434)
	at org.apache.ratis.util.LifeCycle.lambda$checkStateAndClose$4(LifeCycle.java:299)
	at org.apache.ratis.util.LifeCycle.checkStateAndClose(LifeCycle.java:319)
	at org.apache.ratis.util.LifeCycle.checkStateAndClose(LifeCycle.java:297)
	at org.apache.ratis.server.impl.RaftServerImpl.close(RaftServerImpl.java:411)
	at org.apache.ratis.server.impl.RaftServerProxy$ImplMap.close(RaftServerProxy.java:129)
	at org.apache.ratis.server.impl.RaftServerProxy$ImplMap.lambda$close$0(RaftServerProxy.java:117)
	at java.util.stream.ForEachOps$ForEachOp$OfRef.accept(ForEachOps.java:183)
	at java.util.concurrent.ConcurrentHashMap$EntrySpliterator.forEachRemaining(ConcurrentHashMap.java:3606)
	at java.util.stream.AbstractPipeline.copyInto(AbstractPipeline.java:482)
	at java.util.stream.ForEachOps$ForEachTask.compute(ForEachOps.java:290)
	at java.util.concurrent.CountedCompleter.exec(CountedCompleter.java:731)
	at java.util.concurrent.ForkJoinTask.doExec(ForkJoinTask.java:289)
	at java.util.concurrent.ForkJoinPool.helpComplete(ForkJoinPool.java:1870)
	at java.util.concurrent.ForkJoinPool.awaitJoin(ForkJoinPool.java:2045)
	at java.util.concurrent.ForkJoinTask.doInvoke(ForkJoinTask.java:404)
	at java.util.concurrent.ForkJoinTask.invoke(ForkJoinTask.java:734)
	at java.util.stream.ForEachOps$ForEachOp.evaluateParallel(ForEachOps.java:159)
	at java.util.stream.ForEachOps$ForEachOp$OfRef.evaluateParallel(ForEachOps.java:173)
	at java.util.stream.AbstractPipeline.evaluate(AbstractPipeline.java:233)
	at java.util.stream.ReferencePipeline.forEach(ReferencePipeline.java:485)
	at java.util.stream.ReferencePipeline$Head.forEach(ReferencePipeline.java:650)
	at org.apache.ratis.server.impl.RaftServerProxy$ImplMap.close(RaftServerProxy.java:117)
	at org.apache.ratis.server.impl.RaftServerProxy.lambda$close$6(RaftServerProxy.java:392)
	at org.apache.ratis.util.LifeCycle.lambda$checkStateAndClose$4(LifeCycle.java:299)
	at org.apache.ratis.util.LifeCycle.checkStateAndClose(LifeCycle.java:319)
	at org.apache.ratis.util.LifeCycle.checkStateAndClose(LifeCycle.java:297)
	at org.apache.ratis.server.impl.RaftServerProxy.close(RaftServerProxy.java:390)
	at org.apache.hadoop.ozone.container.common.transport.server.ratis.XceiverServerRatis.stop(XceiverServerRatis.java:516)
	at org.apache.hadoop.ozone.container.ozoneimpl.OzoneContainer.stop(OzoneContainer.java:328)
	at org.apache.hadoop.ozone.container.common.statemachine.DatanodeStateMachine.close(DatanodeStateMachine.java:380)
	at org.apache.hadoop.ozone.container.common.statemachine.DatanodeStateMachine.stopDaemon(DatanodeStateMachine.java:525)
	at org.apache.hadoop.ozone.HddsDatanodeService.stop(HddsDatanodeService.java:587)
	at org.apache.hadoop.ozone.MiniOzoneClusterImpl.stopDatanode(MiniOzoneClusterImpl.java:535)
	at java.util.stream.ForEachOps$ForEachOp$OfRef.accept(ForEachOps.java:183)
	at java.util.ArrayList$ArrayListSpliterator.forEachRemaining(ArrayList.java:1384)
	at java.util.stream.AbstractPipeline.copyInto(AbstractPipeline.java:482)
	at java.util.stream.ForEachOps$ForEachTask.compute(ForEachOps.java:290)
	at java.util.concurrent.CountedCompleter.exec(CountedCompleter.java:731)
	at java.util.concurrent.ForkJoinTask.doExec(ForkJoinTask.java:289)
	at java.util.concurrent.ForkJoinPool$WorkQueue.runTask(ForkJoinPool.java:1056)
	at java.util.concurrent.ForkJoinPool.runWorker(ForkJoinPool.java:1692)
	at java.util.concurrent.ForkJoinWorkerThread.run(ForkJoinWorkerThread.java:175)
2021-11-30 01:54:06,115 [ForkJoinPool.commonPool-worker-1] INFO  server.GrpcService (GrpcService.java:closeImpl(271)) - 06b7ff9d-b949-4cc8-b1f8-d148219ce06b: shutdown server with port 32853 successfully
2021-11-30 01:54:06,116 [org.apache.ratis.util.JvmPauseMonitor$$Lambda$540/495036108@3648afe2] INFO  util.JvmPauseMonitor (JvmPauseMonitor.java:run(109)) - JvmPauseMonitor-06b7ff9d-b949-4cc8-b1f8-d148219ce06b: Stopped
2021-11-30 01:54:06,121 [ForkJoinPool.commonPool-worker-1] INFO  utils.BackgroundService (BackgroundService.java:shutdown(132)) - Shutting down service BlockDeletingService
2021-11-30 01:54:06,343 [Command processor thread] INFO  server.RaftServer (RaftServerProxy.java:addNew(95)) - 2e9cc417-5ac2-4ec5-9526-3a0456091922: addNew group-6DE6A78D9881:[2e9cc417-5ac2-4ec5-9526-3a0456091922|rpc:10.1.0.55:37317|priority:1] returns group-6DE6A78D9881:java.util.concurrent.CompletableFuture@3766dcbd[Not completed]
2021-11-30 01:54:06,346 [pool-1028-thread-1] INFO  server.RaftServer$Division (RaftServerImpl.java:<init>(184)) - 2e9cc417-5ac2-4ec5-9526-3a0456091922: new RaftServerImpl for group-6DE6A78D9881:[2e9cc417-5ac2-4ec5-9526-3a0456091922|rpc:10.1.0.55:37317|priority:1] with ContainerStateMachine:uninitialized
2021-11-30 01:54:06,364 [pool-1028-thread-1] INFO  server.RaftServerConfigKeys (ConfUtils.java:logGet(44)) - raft.server.rpc.timeout.min = 5s (custom)
2021-11-30 01:54:06,364 [pool-1028-thread-1] INFO  server.RaftServerConfigKeys (ConfUtils.java:logGet(44)) - raft.server.rpc.timeout.max = 5200ms (custom)
2021-11-30 01:54:06,364 [pool-1028-thread-1] INFO  server.RaftServerConfigKeys (ConfUtils.java:logGet(44)) - raft.server.rpc.sleep.time = 25ms (default)
2021-11-30 01:54:06,364 [pool-1028-thread-1] INFO  server.RaftServerConfigKeys (ConfUtils.java:logGet(44)) - raft.server.rpc.slowness.timeout = 300s (custom)
2021-11-30 01:54:06,364 [pool-1028-thread-1] INFO  server.RaftServerConfigKeys (ConfUtils.java:logGet(44)) - raft.server.leaderelection.leader.step-down.wait-time = 10s (default)
2021-11-30 01:54:06,364 [pool-1028-thread-1] INFO  server.RaftServerConfigKeys (ConfUtils.java:logGet(44)) - raft.server.sleep.deviation.threshold = 300ms (default)
2021-11-30 01:54:06,364 [pool-1028-thread-1] INFO  server.RaftServerConfigKeys (ConfUtils.java:logGet(44)) - raft.server.log.appender.install.snapshot.enabled = false (custom)
2021-11-30 01:54:06,364 [pool-1028-thread-1] INFO  server.RaftServer$Division (ServerState.java:<init>(105)) - 2e9cc417-5ac2-4ec5-9526-3a0456091922@group-6DE6A78D9881: ConfigurationManager, init=-1: [2e9cc417-5ac2-4ec5-9526-3a0456091922|rpc:10.1.0.55:37317|priority:1], old=null, confs=<EMPTY_MAP>
2021-11-30 01:54:06,364 [pool-1028-thread-1] INFO  server.RaftServerConfigKeys (ConfUtils.java:logGet(44)) - raft.server.storage.dir = [/home/runner/work/ozone/ozone/hadoop-ozone/integration-test/target/test-dir/MiniOzoneClusterImpl-372abfd9-b76d-47b1-8d83-90153ed5af7e/datanode-0/data/ratis] (custom)
2021-11-30 01:54:06,364 [pool-1028-thread-1] INFO  server.RaftServerConfigKeys (ConfUtils.java:logGet(44)) - raft.server.log.corruption.policy = EXCEPTION (default)
2021-11-30 01:54:06,364 [pool-1028-thread-1] INFO  server.RaftServerConfigKeys (ConfUtils.java:logGet(44)) - raft.server.storage.free-space.min = 0MB (=0) (default)
2021-11-30 01:54:06,364 [pool-1028-thread-1] INFO  storage.RaftStorageDirectory (RaftStorageDirectoryImpl.java:analyzeStorage(135)) - The storage directory /home/runner/work/ozone/ozone/hadoop-ozone/integration-test/target/test-dir/MiniOzoneClusterImpl-372abfd9-b76d-47b1-8d83-90153ed5af7e/datanode-0/data/ratis/fe5fce28-80e5-42be-9aaf-6de6a78d9881 does not exist. Creating ...
2021-11-30 01:54:06,366 [pool-1028-thread-1] INFO  storage.RaftStorageDirectory (RaftStorageDirectoryImpl.java:tryLock(230)) - Lock on /home/runner/work/ozone/ozone/hadoop-ozone/integration-test/target/test-dir/MiniOzoneClusterImpl-372abfd9-b76d-47b1-8d83-90153ed5af7e/datanode-0/data/ratis/fe5fce28-80e5-42be-9aaf-6de6a78d9881/in_use.lock acquired by nodename 24272@fv-az270-622
2021-11-30 01:54:06,371 [pool-1028-thread-1] INFO  storage.RaftStorage (RaftStorageImpl.java:format(89)) - Storage directory /home/runner/work/ozone/ozone/hadoop-ozone/integration-test/target/test-dir/MiniOzoneClusterImpl-372abfd9-b76d-47b1-8d83-90153ed5af7e/datanode-0/data/ratis/fe5fce28-80e5-42be-9aaf-6de6a78d9881 has been successfully formatted.
2021-11-30 01:54:06,377 [pool-1028-thread-1] INFO  ratis.ContainerStateMachine (ContainerStateMachine.java:loadSnapshot(224)) - group-6DE6A78D9881: The snapshot info is null. Setting the last applied indexto:(t:0, i:~)
2021-11-30 01:54:06,377 [pool-1028-thread-1] INFO  server.RaftServerConfigKeys (ConfUtils.java:logGet(44)) - raft.server.notification.no-leader.timeout = 300s (custom)
2021-11-30 01:54:06,377 [pool-1028-thread-1] INFO  server.RaftServerConfigKeys (ConfUtils.java:logGet(44)) - raft.server.log.use.memory = false (default)
2021-11-30 01:54:06,377 [pool-1028-thread-1] INFO  server.RaftServerConfigKeys (ConfUtils.java:logGet(44)) - raft.server.log.purge.gap = 1000000 (custom)
2021-11-30 01:54:06,377 [pool-1028-thread-1] INFO  server.RaftServerConfigKeys (ConfUtils.java:logGet(44)) - raft.server.log.appender.buffer.byte-limit = 33554432 (custom)
2021-11-30 01:54:06,378 [pool-1028-thread-1] INFO  server.RaftServerConfigKeys (ConfUtils.java:logGet(44)) - raft.server.log.segment.size.max = 1048576 (custom)
2021-11-30 01:54:06,378 [pool-1028-thread-1] INFO  server.RaftServerConfigKeys (ConfUtils.java:logGet(44)) - raft.server.log.segment.cache.num.max = 2 (custom)
2021-11-30 01:54:06,378 [pool-1028-thread-1] INFO  server.RaftServerConfigKeys (ConfUtils.java:logGet(44)) - raft.server.log.segment.cache.size.max = 200MB (=209715200) (default)
2021-11-30 01:54:06,378 [pool-1028-thread-1] INFO  segmented.SegmentedRaftLogWorker (SegmentedRaftLogWorker.java:<init>(182)) - new 2e9cc417-5ac2-4ec5-9526-3a0456091922@group-6DE6A78D9881-SegmentedRaftLogWorker for RaftStorageImpl:Storage Directory /home/runner/work/ozone/ozone/hadoop-ozone/integration-test/target/test-dir/MiniOzoneClusterImpl-372abfd9-b76d-47b1-8d83-90153ed5af7e/datanode-0/data/ratis/fe5fce28-80e5-42be-9aaf-6de6a78d9881
2021-11-30 01:54:06,378 [pool-1028-thread-1] INFO  server.RaftServerConfigKeys (ConfUtils.java:logGet(44)) - raft.server.log.queue.byte-limit = 2147483647 (custom)
2021-11-30 01:54:06,379 [pool-1028-thread-1] INFO  server.RaftServerConfigKeys (ConfUtils.java:logGet(44)) - raft.server.log.queue.element-limit = 1024 (custom)
2021-11-30 01:54:06,379 [pool-1028-thread-1] INFO  server.RaftServerConfigKeys (ConfUtils.java:logGet(44)) - raft.server.log.segment.size.max = 1048576 (custom)
2021-11-30 01:54:06,379 [pool-1028-thread-1] INFO  server.RaftServerConfigKeys (ConfUtils.java:logGet(44)) - raft.server.log.preallocated.size = 16384 (custom)
2021-11-30 01:54:06,379 [pool-1028-thread-1] INFO  server.RaftServerConfigKeys (ConfUtils.java:logGet(44)) - raft.server.log.force.sync.num = 128 (default)
2021-11-30 01:54:06,379 [pool-1028-thread-1] INFO  server.RaftServerConfigKeys (ConfUtils.java:logGet(44)) - raft.server.log.statemachine.data.sync = true (default)
2021-11-30 01:54:06,379 [pool-1028-thread-1] INFO  server.RaftServerConfigKeys (ConfUtils.java:logGet(44)) - raft.server.log.statemachine.data.sync.timeout = 10s (default)
2021-11-30 01:54:06,379 [pool-1028-thread-1] INFO  server.RaftServerConfigKeys (ConfUtils.java:logGet(44)) - raft.server.log.statemachine.data.sync.timeout.retry = -1 (default)
2021-11-30 01:54:06,380 [pool-1028-thread-1] INFO  server.RaftServerConfigKeys (ConfUtils.java:logGet(44)) - raft.server.log.write.buffer.size = 1048576 (custom)
2021-11-30 01:54:06,381 [pool-1028-thread-1] INFO  server.RaftServerConfigKeys (ConfUtils.java:logGet(44)) - raft.server.log.statemachine.data.caching.enabled = true (custom)
2021-11-30 01:54:06,381 [pool-1028-thread-1] INFO  segmented.SegmentedRaftLogWorker (SegmentedRaftLogWorker.java:lambda$new$0(133)) - 2e9cc417-5ac2-4ec5-9526-3a0456091922@group-6DE6A78D9881-SegmentedRaftLogWorker: flushIndex: setUnconditionally 0 -> -1
2021-11-30 01:54:06,381 [pool-1028-thread-1] INFO  segmented.SegmentedRaftLogWorker (SegmentedRaftLogWorker.java:lambda$new$0(133)) - 2e9cc417-5ac2-4ec5-9526-3a0456091922@group-6DE6A78D9881-SegmentedRaftLogWorker: safeCacheEvictIndex: setUnconditionally 0 -> -1
2021-11-30 01:54:06,381 [EventQueue-PipelineReportForPipelineReportHandler] INFO  pipeline.PipelineManagerImpl (PipelineManagerImpl.java:openPipeline(289)) - Pipeline Pipeline[ Id: fe5fce28-80e5-42be-9aaf-6de6a78d9881, Nodes: 2e9cc417-5ac2-4ec5-9526-3a0456091922{ip: 10.1.0.55, host: fv-az270-622.tacnzluakwdehk1hpragurqkma.bx.internal.cloudapp.net, ports: [REPLICATION=38139, RATIS=37317, RATIS_ADMIN=37317, RATIS_SERVER=37317, STANDALONE=36147], networkLocation: /default-rack, certSerialId: null, persistedOpState: IN_SERVICE, persistedOpStateExpiryEpochSec: 0}, ReplicationConfig: RATIS/ONE, State:ALLOCATED, leaderId:2e9cc417-5ac2-4ec5-9526-3a0456091922, CreationTimestamp2021-11-30T01:54:03.402Z[Etc/UTC]] moved to OPEN state
2021-11-30 01:54:06,402 [pool-1028-thread-1] INFO  server.RaftServerConfigKeys (ConfUtils.java:logGet(44)) - raft.server.snapshot.auto.trigger.enabled = true (custom)
2021-11-30 01:54:06,402 [pool-1028-thread-1] INFO  server.RaftServerConfigKeys (ConfUtils.java:logGet(44)) - raft.server.snapshot.auto.trigger.threshold = 10000 (custom)
2021-11-30 01:54:06,402 [pool-1028-thread-1] INFO  server.RaftServerConfigKeys (ConfUtils.java:logGet(44)) - raft.server.snapshot.retention.file.num = 5 (custom)
2021-11-30 01:54:06,402 [pool-1028-thread-1] INFO  server.RaftServerConfigKeys (ConfUtils.java:logGet(44)) - raft.server.log.purge.upto.snapshot.index = false (default)
2021-11-30 01:54:06,402 [pool-1028-thread-1] INFO  server.RaftServerConfigKeys (ConfUtils.java:logGet(44)) - raft.server.retrycache.expirytime = 600000ms (custom)
2021-11-30 01:54:06,402 [pool-1028-thread-1] INFO  server.RaftServerConfigKeys (ConfUtils.java:logGet(44)) - raft.server.retrycache.statistics.expirytime = 100μs (default)
2021-11-30 01:54:06,404 [pool-1028-thread-1] INFO  server.RaftServer$Division (RaftServerImpl.java:start(301)) - 2e9cc417-5ac2-4ec5-9526-3a0456091922@group-6DE6A78D9881: start as a follower, conf=-1: [2e9cc417-5ac2-4ec5-9526-3a0456091922|rpc:10.1.0.55:37317|priority:1], old=null
2021-11-30 01:54:06,404 [pool-1028-thread-1] INFO  server.RaftServer$Division (RaftServerImpl.java:setRole(290)) - 2e9cc417-5ac2-4ec5-9526-3a0456091922@group-6DE6A78D9881: changes role from      null to FOLLOWER at term 0 for startAsFollower
2021-11-30 01:54:06,404 [pool-1028-thread-1] INFO  impl.RoleInfo (RoleInfo.java:updateAndGet(130)) - 2e9cc417-5ac2-4ec5-9526-3a0456091922: start 2e9cc417-5ac2-4ec5-9526-3a0456091922@group-6DE6A78D9881-FollowerState
2021-11-30 01:54:06,405 [pool-1028-thread-1] INFO  util.JmxRegister (JmxRegister.java:tryRegister(44)) - Successfully registered JMX Bean with object name Ratis:service=RaftServer,group=group-6DE6A78D9881,id=2e9cc417-5ac2-4ec5-9526-3a0456091922
2021-11-30 01:54:06,406 [Command processor thread] INFO  ratis.XceiverServerRatis (XceiverServerRatis.java:addGroup(768)) - Created group PipelineID=fe5fce28-80e5-42be-9aaf-6de6a78d9881
2021-11-30 01:54:06,406 [Command processor thread] INFO  commandhandler.CreatePipelineCommandHandler (CreatePipelineCommandHandler.java:handle(106)) - Created Pipeline RATIS ONE PipelineID=fe5fce28-80e5-42be-9aaf-6de6a78d9881.
2021-11-30 01:54:06,421 [EventQueue-OpenPipelineForHealthyPipelineSafeModeRule] INFO  safemode.SCMSafeModeManager (HealthyPipelineSafeModeRule.java:process(124)) - SCM in safe mode. Healthy pipelines reported count is 0, required healthy pipeline reported count is 1
2021-11-30 01:54:06,494 [Datanode State Machine Daemon Thread] ERROR datanode.RunningDatanodeState (RunningDatanodeState.java:computeNextContainerState(199)) - Error in executing end point task.
java.util.concurrent.ExecutionException: java.util.concurrent.TimeoutException
	at java.util.concurrent.FutureTask.report(FutureTask.java:122)
	at java.util.concurrent.FutureTask.get(FutureTask.java:192)
	at org.apache.hadoop.ozone.container.common.states.datanode.RunningDatanodeState.computeNextContainerState(RunningDatanodeState.java:191)
	at org.apache.hadoop.ozone.container.common.states.datanode.RunningDatanodeState.await(RunningDatanodeState.java:231)
	at org.apache.hadoop.ozone.container.common.states.datanode.RunningDatanodeState.await(RunningDatanodeState.java:50)
	at org.apache.hadoop.ozone.container.common.statemachine.StateContext.execute(StateContext.java:633)
	at org.apache.hadoop.ozone.container.common.statemachine.DatanodeStateMachine.start(DatanodeStateMachine.java:280)
	at org.apache.hadoop.ozone.container.common.statemachine.DatanodeStateMachine.lambda$startDaemon$0(DatanodeStateMachine.java:468)
	at java.lang.Thread.run(Thread.java:748)
Caused by: java.util.concurrent.TimeoutException
	at java.util.concurrent.FutureTask.get(FutureTask.java:205)
	at org.apache.hadoop.ozone.container.common.states.datanode.RunningDatanodeState.lambda$execute$0(RunningDatanodeState.java:149)
	at java.util.concurrent.FutureTask.run(FutureTask.java:266)
	at java.util.concurrent.Executors$RunnableAdapter.call(Executors.java:511)
	at java.util.concurrent.FutureTask.run(FutureTask.java:266)
	at java.util.concurrent.ThreadPoolExecutor.runWorker(ThreadPoolExecutor.java:1149)
	at java.util.concurrent.ThreadPoolExecutor$Worker.run(ThreadPoolExecutor.java:624)
	... 1 more
2021-11-30 01:54:06,519 [EndpointStateMachine task thread for /0.0.0.0:36669 - 0 ] INFO  ipc.Client (Client.java:handleConnectionFailure(977)) - Retrying connect to server: 0.0.0.0/0.0.0.0:36669. Already tried 6 time(s); retry policy is RetryUpToMaximumCountWithFixedSleep(maxRetries=15, sleepTime=1000 MILLISECONDS)
2021-11-30 01:54:06,700 [Listener at 127.0.0.1/34865] INFO  ozone.MiniOzoneClusterImpl (MiniOzoneClusterImpl.java:lambda$waitForClusterToBeReady$0(235)) - Waiting for nodes to be ready. Got 2 of 3 DN Heartbeats.
2021-11-30 01:54:06,700 [Listener at 127.0.0.1/34865] INFO  ozone.MiniOzoneClusterImpl (MiniOzoneClusterImpl.java:lambda$waitForClusterToBeReady$0(238)) - Waiting for cluster to exit safe mode
2021-11-30 01:54:06,700 [Listener at 127.0.0.1/34865] INFO  ozone.MiniOzoneClusterImpl (MiniOzoneClusterImpl.java:lambda$waitForClusterToBeReady$0(240)) - SCM became leader
2021-11-30 01:54:06,794 [IPC Server handler 12 on default port 41749] INFO  net.NetworkTopologyImpl (NetworkTopologyImpl.java:add(112)) - Added a new node: /default-rack/a62551b8-dd3a-47ef-9924-b3744ef69e33
2021-11-30 01:54:06,794 [IPC Server handler 12 on default port 41749] INFO  node.SCMNodeManager (SCMNodeManager.java:register(389)) - Registered Data node : a62551b8-dd3a-47ef-9924-b3744ef69e33{ip: 10.1.0.55, host: fv-az270-622.tacnzluakwdehk1hpragurqkma.bx.internal.cloudapp.net, ports: [REPLICATION=43921, RATIS=37433, RATIS_ADMIN=37433, RATIS_SERVER=37433, STANDALONE=45199], networkLocation: /default-rack, certSerialId: null, persistedOpState: null, persistedOpStateExpiryEpochSec: 0}
2021-11-30 01:54:06,795 [EventQueue-NewNodeForNewNodeHandler] INFO  pipeline.BackgroundPipelineCreator (BackgroundPipelineCreator.java:notifyEventTriggered(285)) - trigger a one-shot run on RatisPipelineUtilsThread.
2021-11-30 01:54:06,795 [RatisPipelineUtilsThread - 0] INFO  pipeline.RatisPipelineProvider (RatisPipelineProvider.java:lambda$create$0(183)) - Sending CreatePipelineCommand for pipeline:PipelineID=e433f01d-21a7-4a23-a38e-b178f6f467cb to datanode:a62551b8-dd3a-47ef-9924-b3744ef69e33
2021-11-30 01:54:06,795 [RatisPipelineUtilsThread - 0] INFO  pipeline.PipelineStateManagerImpl (PipelineStateManagerImpl.java:addPipeline(101)) - Created pipeline Pipeline[ Id: e433f01d-21a7-4a23-a38e-b178f6f467cb, Nodes: a62551b8-dd3a-47ef-9924-b3744ef69e33{ip: 10.1.0.55, host: fv-az270-622.tacnzluakwdehk1hpragurqkma.bx.internal.cloudapp.net, ports: [REPLICATION=43921, RATIS=37433, RATIS_ADMIN=37433, RATIS_SERVER=37433, STANDALONE=45199], networkLocation: /default-rack, certSerialId: null, persistedOpState: IN_SERVICE, persistedOpStateExpiryEpochSec: 0}, ReplicationConfig: RATIS/ONE, State:ALLOCATED, leaderId:, CreationTimestamp2021-11-30T01:54:06.795Z[Etc/UTC]].
2021-11-30 01:54:06,799 [EventQueue-NodeRegistrationContainerReportForDataNodeSafeModeRule] INFO  safemode.SCMSafeModeManager (DataNodeSafeModeRule.java:process(71)) - SCM in safe mode. 3 DataNodes registered, 3 required.
2021-11-30 01:54:06,800 [EventQueue-NodeRegistrationContainerReportForDataNodeSafeModeRule] INFO  safemode.SCMSafeModeManager (SCMSafeModeManager.java:validateSafeModeExitRules(204)) - DataNodeSafeModeRule rule is successfully validated
2021-11-30 01:54:06,800 [EventQueue-NodeRegistrationContainerReportForDataNodeSafeModeRule] INFO  safemode.SCMSafeModeManager (SCMSafeModeManager.java:completePreCheck(233)) - All SCM safe mode pre check rules have passed
2021-11-30 01:54:06,800 [EventQueue-NodeRegistrationContainerReportForDataNodeSafeModeRule] WARN  events.EventQueue (EventQueue.java:fireEvent(194)) - No event handler registered for event TypedEvent{payloadType=SafeModeStatus, name='Safe mode status'}
2021-11-30 01:54:06,800 [EventQueue-NodeRegistrationContainerReportForDataNodeSafeModeRule] INFO  ha.SCMContext (SCMContext.java:updateSafeModeStatus(205)) - Update SafeModeStatus from SafeModeStatus{safeModeStatus=true, preCheckPassed=false} to SafeModeStatus{safeModeStatus=true, preCheckPassed=true}.
2021-11-30 01:54:06,800 [EventQueue-NodeRegistrationContainerReportForDataNodeSafeModeRule] INFO  pipeline.BackgroundPipelineCreator (BackgroundPipelineCreator.java:notifyEventTriggered(285)) - trigger a one-shot run on RatisPipelineUtilsThread.
2021-11-30 01:54:06,800 [RatisPipelineUtilsThread - 0] INFO  pipeline.RatisPipelineProvider (RatisPipelineProvider.java:lambda$create$0(183)) - Sending CreatePipelineCommand for pipeline:PipelineID=93a99d21-8a6a-4a1c-989c-488ef56e7cfc to datanode:a62551b8-dd3a-47ef-9924-b3744ef69e33
2021-11-30 01:54:06,800 [RatisPipelineUtilsThread - 0] INFO  pipeline.RatisPipelineProvider (RatisPipelineProvider.java:lambda$create$0(183)) - Sending CreatePipelineCommand for pipeline:PipelineID=93a99d21-8a6a-4a1c-989c-488ef56e7cfc to datanode:9985d3ec-0c4a-4a8b-a6e0-db48a89ddf41
2021-11-30 01:54:06,800 [RatisPipelineUtilsThread - 0] INFO  pipeline.RatisPipelineProvider (RatisPipelineProvider.java:lambda$create$0(183)) - Sending CreatePipelineCommand for pipeline:PipelineID=93a99d21-8a6a-4a1c-989c-488ef56e7cfc to datanode:2e9cc417-5ac2-4ec5-9526-3a0456091922
2021-11-30 01:54:06,801 [RatisPipelineUtilsThread - 0] INFO  pipeline.PipelineStateManagerImpl (PipelineStateManagerImpl.java:addPipeline(101)) - Created pipeline Pipeline[ Id: 93a99d21-8a6a-4a1c-989c-488ef56e7cfc, Nodes: a62551b8-dd3a-47ef-9924-b3744ef69e33{ip: 10.1.0.55, host: fv-az270-622.tacnzluakwdehk1hpragurqkma.bx.internal.cloudapp.net, ports: [REPLICATION=43921, RATIS=37433, RATIS_ADMIN=37433, RATIS_SERVER=37433, STANDALONE=45199], networkLocation: /default-rack, certSerialId: null, persistedOpState: IN_SERVICE, persistedOpStateExpiryEpochSec: 0}9985d3ec-0c4a-4a8b-a6e0-db48a89ddf41{ip: 10.1.0.55, host: fv-az270-622.tacnzluakwdehk1hpragurqkma.bx.internal.cloudapp.net, ports: [REPLICATION=38583, RATIS=43905, RATIS_ADMIN=43905, RATIS_SERVER=43905, STANDALONE=38699], networkLocation: /default-rack, certSerialId: null, persistedOpState: IN_SERVICE, persistedOpStateExpiryEpochSec: 0}2e9cc417-5ac2-4ec5-9526-3a0456091922{ip: 10.1.0.55, host: fv-az270-622.tacnzluakwdehk1hpragurqkma.bx.internal.cloudapp.net, ports: [REPLICATION=38139, RATIS=37317, RATIS_ADMIN=37317, RATIS_SERVER=37317, STANDALONE=36147], networkLocation: /default-rack, certSerialId: null, persistedOpState: IN_SERVICE, persistedOpStateExpiryEpochSec: 0}, ReplicationConfig: RATIS/THREE, State:ALLOCATED, leaderId:, CreationTimestamp2021-11-30T01:54:06.800Z[Etc/UTC]].
2021-11-30 01:54:06,889 [EventQueue-OpenPipelineForHealthyPipelineSafeModeRule] INFO  safemode.SCMSafeModeManager (HealthyPipelineSafeModeRule.java:process(124)) - SCM in safe mode. Healthy pipelines reported count is 0, required healthy pipeline reported count is 1
2021-11-30 01:54:07,500 [Datanode State Machine Daemon Thread] ERROR datanode.RunningDatanodeState (RunningDatanodeState.java:computeNextContainerState(199)) - Error in executing end point task.
java.util.concurrent.ExecutionException: java.util.concurrent.TimeoutException
	at java.util.concurrent.FutureTask.report(FutureTask.java:122)
	at java.util.concurrent.FutureTask.get(FutureTask.java:192)
	at org.apache.hadoop.ozone.container.common.states.datanode.RunningDatanodeState.computeNextContainerState(RunningDatanodeState.java:191)
	at org.apache.hadoop.ozone.container.common.states.datanode.RunningDatanodeState.await(RunningDatanodeState.java:231)
	at org.apache.hadoop.ozone.container.common.states.datanode.RunningDatanodeState.await(RunningDatanodeState.java:50)
	at org.apache.hadoop.ozone.container.common.statemachine.StateContext.execute(StateContext.java:633)
	at org.apache.hadoop.ozone.container.common.statemachine.DatanodeStateMachine.start(DatanodeStateMachine.java:280)
	at org.apache.hadoop.ozone.container.common.statemachine.DatanodeStateMachine.lambda$startDaemon$0(DatanodeStateMachine.java:468)
	at java.lang.Thread.run(Thread.java:748)
Caused by: java.util.concurrent.TimeoutException
	at java.util.concurrent.FutureTask.get(FutureTask.java:205)
	at org.apache.hadoop.ozone.container.common.states.datanode.RunningDatanodeState.lambda$execute$0(RunningDatanodeState.java:149)
	at java.util.concurrent.FutureTask.run(FutureTask.java:266)
	at java.util.concurrent.Executors$RunnableAdapter.call(Executors.java:511)
	at java.util.concurrent.FutureTask.run(FutureTask.java:266)
	at java.util.concurrent.ThreadPoolExecutor.runWorker(ThreadPoolExecutor.java:1149)
	at java.util.concurrent.ThreadPoolExecutor$Worker.run(ThreadPoolExecutor.java:624)
	... 1 more
2021-11-30 01:54:07,520 [EndpointStateMachine task thread for /0.0.0.0:36669 - 0 ] INFO  ipc.Client (Client.java:handleConnectionFailure(977)) - Retrying connect to server: 0.0.0.0/0.0.0.0:36669. Already tried 7 time(s); retry policy is RetryUpToMaximumCountWithFixedSleep(maxRetries=15, sleepTime=1000 MILLISECONDS)
2021-11-30 01:54:07,700 [Listener at 127.0.0.1/34865] INFO  ozone.MiniOzoneClusterImpl (MiniOzoneClusterImpl.java:lambda$waitForClusterToBeReady$0(235)) - Nodes are ready. Got 3 of 3 DN Heartbeats.
2021-11-30 01:54:07,700 [Listener at 127.0.0.1/34865] INFO  ozone.MiniOzoneClusterImpl (MiniOzoneClusterImpl.java:lambda$waitForClusterToBeReady$0(238)) - Waiting for cluster to exit safe mode
2021-11-30 01:54:07,700 [Listener at 127.0.0.1/34865] INFO  ozone.MiniOzoneClusterImpl (MiniOzoneClusterImpl.java:lambda$waitForClusterToBeReady$0(240)) - SCM became leader
2021-11-30 01:54:07,879 [Command processor thread] INFO  server.RaftServer (RaftServerProxy.java:addNew(95)) - 2e9cc417-5ac2-4ec5-9526-3a0456091922: addNew group-488EF56E7CFC:[2e9cc417-5ac2-4ec5-9526-3a0456091922|rpc:10.1.0.55:37317|priority:1, a62551b8-dd3a-47ef-9924-b3744ef69e33|rpc:10.1.0.55:37433|priority:0, 9985d3ec-0c4a-4a8b-a6e0-db48a89ddf41|rpc:10.1.0.55:43905|priority:0] returns group-488EF56E7CFC:java.util.concurrent.CompletableFuture@33594e89[Not completed]
2021-11-30 01:54:07,880 [pool-1028-thread-1] INFO  server.RaftServer$Division (RaftServerImpl.java:<init>(184)) - 2e9cc417-5ac2-4ec5-9526-3a0456091922: new RaftServerImpl for group-488EF56E7CFC:[2e9cc417-5ac2-4ec5-9526-3a0456091922|rpc:10.1.0.55:37317|priority:1, a62551b8-dd3a-47ef-9924-b3744ef69e33|rpc:10.1.0.55:37433|priority:0, 9985d3ec-0c4a-4a8b-a6e0-db48a89ddf41|rpc:10.1.0.55:43905|priority:0] with ContainerStateMachine:uninitialized
2021-11-30 01:54:07,880 [pool-1028-thread-1] INFO  server.RaftServerConfigKeys (ConfUtils.java:logGet(44)) - raft.server.rpc.timeout.min = 5s (custom)
2021-11-30 01:54:07,880 [pool-1028-thread-1] INFO  server.RaftServerConfigKeys (ConfUtils.java:logGet(44)) - raft.server.rpc.timeout.max = 5200ms (custom)
2021-11-30 01:54:07,880 [pool-1028-thread-1] INFO  server.RaftServerConfigKeys (ConfUtils.java:logGet(44)) - raft.server.rpc.sleep.time = 25ms (default)
2021-11-30 01:54:07,880 [pool-1028-thread-1] INFO  server.RaftServerConfigKeys (ConfUtils.java:logGet(44)) - raft.server.rpc.slowness.timeout = 300s (custom)
2021-11-30 01:54:07,880 [pool-1028-thread-1] INFO  server.RaftServerConfigKeys (ConfUtils.java:logGet(44)) - raft.server.leaderelection.leader.step-down.wait-time = 10s (default)
2021-11-30 01:54:07,880 [pool-1028-thread-1] INFO  server.RaftServerConfigKeys (ConfUtils.java:logGet(44)) - raft.server.sleep.deviation.threshold = 300ms (default)
2021-11-30 01:54:07,880 [pool-1028-thread-1] INFO  server.RaftServerConfigKeys (ConfUtils.java:logGet(44)) - raft.server.log.appender.install.snapshot.enabled = false (custom)
2021-11-30 01:54:07,880 [pool-1028-thread-1] INFO  server.RaftServer$Division (ServerState.java:<init>(105)) - 2e9cc417-5ac2-4ec5-9526-3a0456091922@group-488EF56E7CFC: ConfigurationManager, init=-1: [2e9cc417-5ac2-4ec5-9526-3a0456091922|rpc:10.1.0.55:37317|priority:1, a62551b8-dd3a-47ef-9924-b3744ef69e33|rpc:10.1.0.55:37433|priority:0, 9985d3ec-0c4a-4a8b-a6e0-db48a89ddf41|rpc:10.1.0.55:43905|priority:0], old=null, confs=<EMPTY_MAP>
2021-11-30 01:54:07,880 [pool-1028-thread-1] INFO  server.RaftServerConfigKeys (ConfUtils.java:logGet(44)) - raft.server.storage.dir = [/home/runner/work/ozone/ozone/hadoop-ozone/integration-test/target/test-dir/MiniOzoneClusterImpl-372abfd9-b76d-47b1-8d83-90153ed5af7e/datanode-0/data/ratis] (custom)
2021-11-30 01:54:07,880 [pool-1028-thread-1] INFO  server.RaftServerConfigKeys (ConfUtils.java:logGet(44)) - raft.server.log.corruption.policy = EXCEPTION (default)
2021-11-30 01:54:07,881 [pool-1028-thread-1] INFO  server.RaftServerConfigKeys (ConfUtils.java:logGet(44)) - raft.server.storage.free-space.min = 0MB (=0) (default)
2021-11-30 01:54:07,881 [pool-1028-thread-1] INFO  storage.RaftStorageDirectory (RaftStorageDirectoryImpl.java:analyzeStorage(135)) - The storage directory /home/runner/work/ozone/ozone/hadoop-ozone/integration-test/target/test-dir/MiniOzoneClusterImpl-372abfd9-b76d-47b1-8d83-90153ed5af7e/datanode-0/data/ratis/93a99d21-8a6a-4a1c-989c-488ef56e7cfc does not exist. Creating ...
2021-11-30 01:54:07,883 [EventQueue-OpenPipelineForHealthyPipelineSafeModeRule] INFO  safemode.SCMSafeModeManager (HealthyPipelineSafeModeRule.java:process(124)) - SCM in safe mode. Healthy pipelines reported count is 0, required healthy pipeline reported count is 1
2021-11-30 01:54:07,887 [pool-1028-thread-1] INFO  storage.RaftStorageDirectory (RaftStorageDirectoryImpl.java:tryLock(230)) - Lock on /home/runner/work/ozone/ozone/hadoop-ozone/integration-test/target/test-dir/MiniOzoneClusterImpl-372abfd9-b76d-47b1-8d83-90153ed5af7e/datanode-0/data/ratis/93a99d21-8a6a-4a1c-989c-488ef56e7cfc/in_use.lock acquired by nodename 24272@fv-az270-622
2021-11-30 01:54:07,892 [pool-1028-thread-1] INFO  storage.RaftStorage (RaftStorageImpl.java:format(89)) - Storage directory /home/runner/work/ozone/ozone/hadoop-ozone/integration-test/target/test-dir/MiniOzoneClusterImpl-372abfd9-b76d-47b1-8d83-90153ed5af7e/datanode-0/data/ratis/93a99d21-8a6a-4a1c-989c-488ef56e7cfc has been successfully formatted.
2021-11-30 01:54:07,892 [pool-1028-thread-1] INFO  ratis.ContainerStateMachine (ContainerStateMachine.java:loadSnapshot(224)) - group-488EF56E7CFC: The snapshot info is null. Setting the last applied indexto:(t:0, i:~)
2021-11-30 01:54:07,893 [EventQueue-OpenPipelineForHealthyPipelineSafeModeRule] INFO  safemode.SCMSafeModeManager (HealthyPipelineSafeModeRule.java:process(124)) - SCM in safe mode. Healthy pipelines reported count is 0, required healthy pipeline reported count is 1
2021-11-30 01:54:07,893 [pool-1028-thread-1] INFO  server.RaftServerConfigKeys (ConfUtils.java:logGet(44)) - raft.server.notification.no-leader.timeout = 300s (custom)
2021-11-30 01:54:07,893 [pool-1028-thread-1] INFO  server.RaftServerConfigKeys (ConfUtils.java:logGet(44)) - raft.server.log.use.memory = false (default)
2021-11-30 01:54:07,893 [pool-1028-thread-1] INFO  server.RaftServerConfigKeys (ConfUtils.java:logGet(44)) - raft.server.log.purge.gap = 1000000 (custom)
2021-11-30 01:54:07,893 [pool-1028-thread-1] INFO  server.RaftServerConfigKeys (ConfUtils.java:logGet(44)) - raft.server.log.appender.buffer.byte-limit = 33554432 (custom)
2021-11-30 01:54:07,893 [pool-1028-thread-1] INFO  server.RaftServerConfigKeys (ConfUtils.java:logGet(44)) - raft.server.log.segment.size.max = 1048576 (custom)
2021-11-30 01:54:07,894 [pool-1028-thread-1] INFO  server.RaftServerConfigKeys (ConfUtils.java:logGet(44)) - raft.server.log.segment.cache.num.max = 2 (custom)
2021-11-30 01:54:07,895 [pool-1028-thread-1] INFO  server.RaftServerConfigKeys (ConfUtils.java:logGet(44)) - raft.server.log.segment.cache.size.max = 200MB (=209715200) (default)
2021-11-30 01:54:07,895 [pool-1028-thread-1] INFO  segmented.SegmentedRaftLogWorker (SegmentedRaftLogWorker.java:<init>(182)) - new 2e9cc417-5ac2-4ec5-9526-3a0456091922@group-488EF56E7CFC-SegmentedRaftLogWorker for RaftStorageImpl:Storage Directory /home/runner/work/ozone/ozone/hadoop-ozone/integration-test/target/test-dir/MiniOzoneClusterImpl-372abfd9-b76d-47b1-8d83-90153ed5af7e/datanode-0/data/ratis/93a99d21-8a6a-4a1c-989c-488ef56e7cfc
2021-11-30 01:54:07,895 [pool-1028-thread-1] INFO  server.RaftServerConfigKeys (ConfUtils.java:logGet(44)) - raft.server.log.queue.byte-limit = 2147483647 (custom)
2021-11-30 01:54:07,895 [pool-1028-thread-1] INFO  server.RaftServerConfigKeys (ConfUtils.java:logGet(44)) - raft.server.log.queue.element-limit = 1024 (custom)
2021-11-30 01:54:07,895 [pool-1028-thread-1] INFO  server.RaftServerConfigKeys (ConfUtils.java:logGet(44)) - raft.server.log.segment.size.max = 1048576 (custom)
2021-11-30 01:54:07,895 [pool-1028-thread-1] INFO  server.RaftServerConfigKeys (ConfUtils.java:logGet(44)) - raft.server.log.preallocated.size = 16384 (custom)
2021-11-30 01:54:07,896 [pool-1028-thread-1] INFO  server.RaftServerConfigKeys (ConfUtils.java:logGet(44)) - raft.server.log.force.sync.num = 128 (default)
2021-11-30 01:54:07,896 [pool-1028-thread-1] INFO  server.RaftServerConfigKeys (ConfUtils.java:logGet(44)) - raft.server.log.statemachine.data.sync = true (default)
2021-11-30 01:54:07,896 [pool-1028-thread-1] INFO  server.RaftServerConfigKeys (ConfUtils.java:logGet(44)) - raft.server.log.statemachine.data.sync.timeout = 10s (default)
2021-11-30 01:54:07,896 [pool-1028-thread-1] INFO  server.RaftServerConfigKeys (ConfUtils.java:logGet(44)) - raft.server.log.statemachine.data.sync.timeout.retry = -1 (default)
2021-11-30 01:54:07,904 [Command processor thread] INFO  server.RaftServer (RaftServerProxy.java:addNew(95)) - 9985d3ec-0c4a-4a8b-a6e0-db48a89ddf41: addNew group-B56B9949C206:[9985d3ec-0c4a-4a8b-a6e0-db48a89ddf41|rpc:10.1.0.55:43905|priority:1] returns group-B56B9949C206:java.util.concurrent.CompletableFuture@51c2107f[Not completed]
2021-11-30 01:54:07,905 [pool-1047-thread-1] INFO  server.RaftServer$Division (RaftServerImpl.java:<init>(184)) - 9985d3ec-0c4a-4a8b-a6e0-db48a89ddf41: new RaftServerImpl for group-B56B9949C206:[9985d3ec-0c4a-4a8b-a6e0-db48a89ddf41|rpc:10.1.0.55:43905|priority:1] with ContainerStateMachine:uninitialized
2021-11-30 01:54:07,923 [pool-1028-thread-1] INFO  server.RaftServerConfigKeys (ConfUtils.java:logGet(44)) - raft.server.log.write.buffer.size = 1048576 (custom)
2021-11-30 01:54:07,923 [pool-1028-thread-1] INFO  server.RaftServerConfigKeys (ConfUtils.java:logGet(44)) - raft.server.log.statemachine.data.caching.enabled = true (custom)
2021-11-30 01:54:07,923 [pool-1028-thread-1] INFO  segmented.SegmentedRaftLogWorker (SegmentedRaftLogWorker.java:lambda$new$0(133)) - 2e9cc417-5ac2-4ec5-9526-3a0456091922@group-488EF56E7CFC-SegmentedRaftLogWorker: flushIndex: setUnconditionally 0 -> -1
2021-11-30 01:54:07,923 [pool-1028-thread-1] INFO  segmented.SegmentedRaftLogWorker (SegmentedRaftLogWorker.java:lambda$new$0(133)) - 2e9cc417-5ac2-4ec5-9526-3a0456091922@group-488EF56E7CFC-SegmentedRaftLogWorker: safeCacheEvictIndex: setUnconditionally 0 -> -1
2021-11-30 01:54:07,931 [pool-1028-thread-1] INFO  server.RaftServerConfigKeys (ConfUtils.java:logGet(44)) - raft.server.snapshot.auto.trigger.enabled = true (custom)
2021-11-30 01:54:07,932 [pool-1028-thread-1] INFO  server.RaftServerConfigKeys (ConfUtils.java:logGet(44)) - raft.server.snapshot.auto.trigger.threshold = 10000 (custom)
2021-11-30 01:54:07,932 [pool-1028-thread-1] INFO  server.RaftServerConfigKeys (ConfUtils.java:logGet(44)) - raft.server.snapshot.retention.file.num = 5 (custom)
2021-11-30 01:54:07,932 [pool-1028-thread-1] INFO  server.RaftServerConfigKeys (ConfUtils.java:logGet(44)) - raft.server.log.purge.upto.snapshot.index = false (default)
2021-11-30 01:54:07,932 [pool-1028-thread-1] INFO  server.RaftServerConfigKeys (ConfUtils.java:logGet(44)) - raft.server.retrycache.expirytime = 600000ms (custom)
2021-11-30 01:54:07,932 [pool-1028-thread-1] INFO  server.RaftServerConfigKeys (ConfUtils.java:logGet(44)) - raft.server.retrycache.statistics.expirytime = 100μs (default)
2021-11-30 01:54:07,943 [pool-1047-thread-1] INFO  server.RaftServerConfigKeys (ConfUtils.java:logGet(44)) - raft.server.rpc.timeout.min = 5s (custom)
2021-11-30 01:54:07,943 [pool-1047-thread-1] INFO  server.RaftServerConfigKeys (ConfUtils.java:logGet(44)) - raft.server.rpc.timeout.max = 5200ms (custom)
2021-11-30 01:54:07,943 [pool-1047-thread-1] INFO  server.RaftServerConfigKeys (ConfUtils.java:logGet(44)) - raft.server.rpc.sleep.time = 25ms (default)
2021-11-30 01:54:07,944 [pool-1047-thread-1] INFO  server.RaftServerConfigKeys (ConfUtils.java:logGet(44)) - raft.server.rpc.slowness.timeout = 300s (custom)
2021-11-30 01:54:07,944 [pool-1047-thread-1] INFO  server.RaftServerConfigKeys (ConfUtils.java:logGet(44)) - raft.server.leaderelection.leader.step-down.wait-time = 10s (default)
2021-11-30 01:54:07,944 [pool-1047-thread-1] INFO  server.RaftServerConfigKeys (ConfUtils.java:logGet(44)) - raft.server.sleep.deviation.threshold = 300ms (default)
2021-11-30 01:54:07,944 [pool-1047-thread-1] INFO  server.RaftServerConfigKeys (ConfUtils.java:logGet(44)) - raft.server.log.appender.install.snapshot.enabled = false (custom)
2021-11-30 01:54:07,944 [pool-1047-thread-1] INFO  server.RaftServer$Division (ServerState.java:<init>(105)) - 9985d3ec-0c4a-4a8b-a6e0-db48a89ddf41@group-B56B9949C206: ConfigurationManager, init=-1: [9985d3ec-0c4a-4a8b-a6e0-db48a89ddf41|rpc:10.1.0.55:43905|priority:1], old=null, confs=<EMPTY_MAP>
2021-11-30 01:54:07,944 [pool-1047-thread-1] INFO  server.RaftServerConfigKeys (ConfUtils.java:logGet(44)) - raft.server.storage.dir = [/home/runner/work/ozone/ozone/hadoop-ozone/integration-test/target/test-dir/MiniOzoneClusterImpl-372abfd9-b76d-47b1-8d83-90153ed5af7e/datanode-1/data/ratis] (custom)
2021-11-30 01:54:07,944 [pool-1047-thread-1] INFO  server.RaftServerConfigKeys (ConfUtils.java:logGet(44)) - raft.server.log.corruption.policy = EXCEPTION (default)
2021-11-30 01:54:07,944 [pool-1047-thread-1] INFO  server.RaftServerConfigKeys (ConfUtils.java:logGet(44)) - raft.server.storage.free-space.min = 0MB (=0) (default)
2021-11-30 01:54:07,944 [pool-1047-thread-1] INFO  storage.RaftStorageDirectory (RaftStorageDirectoryImpl.java:analyzeStorage(135)) - The storage directory /home/runner/work/ozone/ozone/hadoop-ozone/integration-test/target/test-dir/MiniOzoneClusterImpl-372abfd9-b76d-47b1-8d83-90153ed5af7e/datanode-1/data/ratis/30531782-a4ce-4a77-a1e4-b56b9949c206 does not exist. Creating ...
2021-11-30 01:54:07,945 [pool-1028-thread-1] INFO  server.RaftServer$Division (RaftServerImpl.java:start(301)) - 2e9cc417-5ac2-4ec5-9526-3a0456091922@group-488EF56E7CFC: start as a follower, conf=-1: [2e9cc417-5ac2-4ec5-9526-3a0456091922|rpc:10.1.0.55:37317|priority:1, a62551b8-dd3a-47ef-9924-b3744ef69e33|rpc:10.1.0.55:37433|priority:0, 9985d3ec-0c4a-4a8b-a6e0-db48a89ddf41|rpc:10.1.0.55:43905|priority:0], old=null
2021-11-30 01:54:07,946 [pool-1028-thread-1] INFO  server.RaftServer$Division (RaftServerImpl.java:setRole(290)) - 2e9cc417-5ac2-4ec5-9526-3a0456091922@group-488EF56E7CFC: changes role from      null to FOLLOWER at term 0 for startAsFollower
2021-11-30 01:54:07,946 [pool-1028-thread-1] INFO  impl.RoleInfo (RoleInfo.java:updateAndGet(130)) - 2e9cc417-5ac2-4ec5-9526-3a0456091922: start 2e9cc417-5ac2-4ec5-9526-3a0456091922@group-488EF56E7CFC-FollowerState
2021-11-30 01:54:07,948 [pool-1047-thread-1] INFO  storage.RaftStorageDirectory (RaftStorageDirectoryImpl.java:tryLock(230)) - Lock on /home/runner/work/ozone/ozone/hadoop-ozone/integration-test/target/test-dir/MiniOzoneClusterImpl-372abfd9-b76d-47b1-8d83-90153ed5af7e/datanode-1/data/ratis/30531782-a4ce-4a77-a1e4-b56b9949c206/in_use.lock acquired by nodename 24272@fv-az270-622
2021-11-30 01:54:07,949 [pool-1047-thread-1] INFO  storage.RaftStorage (RaftStorageImpl.java:format(89)) - Storage directory /home/runner/work/ozone/ozone/hadoop-ozone/integration-test/target/test-dir/MiniOzoneClusterImpl-372abfd9-b76d-47b1-8d83-90153ed5af7e/datanode-1/data/ratis/30531782-a4ce-4a77-a1e4-b56b9949c206 has been successfully formatted.
2021-11-30 01:54:07,951 [pool-1047-thread-1] INFO  ratis.ContainerStateMachine (ContainerStateMachine.java:loadSnapshot(224)) - group-B56B9949C206: The snapshot info is null. Setting the last applied indexto:(t:0, i:~)
2021-11-30 01:54:07,951 [pool-1028-thread-1] INFO  util.JmxRegister (JmxRegister.java:tryRegister(44)) - Successfully registered JMX Bean with object name Ratis:service=RaftServer,group=group-488EF56E7CFC,id=2e9cc417-5ac2-4ec5-9526-3a0456091922
2021-11-30 01:54:07,951 [pool-1047-thread-1] INFO  server.RaftServerConfigKeys (ConfUtils.java:logGet(44)) - raft.server.notification.no-leader.timeout = 300s (custom)
2021-11-30 01:54:07,952 [pool-1047-thread-1] INFO  server.RaftServerConfigKeys (ConfUtils.java:logGet(44)) - raft.server.log.use.memory = false (default)
2021-11-30 01:54:07,952 [pool-1047-thread-1] INFO  server.RaftServerConfigKeys (ConfUtils.java:logGet(44)) - raft.server.log.purge.gap = 1000000 (custom)
2021-11-30 01:54:07,952 [pool-1047-thread-1] INFO  server.RaftServerConfigKeys (ConfUtils.java:logGet(44)) - raft.server.log.appender.buffer.byte-limit = 33554432 (custom)
2021-11-30 01:54:07,952 [pool-1047-thread-1] INFO  server.RaftServerConfigKeys (ConfUtils.java:logGet(44)) - raft.server.log.segment.size.max = 1048576 (custom)
2021-11-30 01:54:07,953 [pool-1047-thread-1] INFO  server.RaftServerConfigKeys (ConfUtils.java:logGet(44)) - raft.server.log.segment.cache.num.max = 2 (custom)
2021-11-30 01:54:07,954 [pool-1047-thread-1] INFO  server.RaftServerConfigKeys (ConfUtils.java:logGet(44)) - raft.server.log.segment.cache.size.max = 200MB (=209715200) (default)
2021-11-30 01:54:07,954 [pool-1047-thread-1] INFO  segmented.SegmentedRaftLogWorker (SegmentedRaftLogWorker.java:<init>(182)) - new 9985d3ec-0c4a-4a8b-a6e0-db48a89ddf41@group-B56B9949C206-SegmentedRaftLogWorker for RaftStorageImpl:Storage Directory /home/runner/work/ozone/ozone/hadoop-ozone/integration-test/target/test-dir/MiniOzoneClusterImpl-372abfd9-b76d-47b1-8d83-90153ed5af7e/datanode-1/data/ratis/30531782-a4ce-4a77-a1e4-b56b9949c206
2021-11-30 01:54:07,954 [pool-1047-thread-1] INFO  server.RaftServerConfigKeys (ConfUtils.java:logGet(44)) - raft.server.log.queue.byte-limit = 2147483647 (custom)
2021-11-30 01:54:07,954 [pool-1047-thread-1] INFO  server.RaftServerConfigKeys (ConfUtils.java:logGet(44)) - raft.server.log.queue.element-limit = 1024 (custom)
2021-11-30 01:54:07,954 [pool-1047-thread-1] INFO  server.RaftServerConfigKeys (ConfUtils.java:logGet(44)) - raft.server.log.segment.size.max = 1048576 (custom)
2021-11-30 01:54:07,954 [pool-1047-thread-1] INFO  server.RaftServerConfigKeys (ConfUtils.java:logGet(44)) - raft.server.log.preallocated.size = 16384 (custom)
2021-11-30 01:54:07,954 [pool-1047-thread-1] INFO  server.RaftServerConfigKeys (ConfUtils.java:logGet(44)) - raft.server.log.force.sync.num = 128 (default)
2021-11-30 01:54:07,954 [pool-1047-thread-1] INFO  server.RaftServerConfigKeys (ConfUtils.java:logGet(44)) - raft.server.log.statemachine.data.sync = true (default)
2021-11-30 01:54:07,954 [pool-1047-thread-1] INFO  server.RaftServerConfigKeys (ConfUtils.java:logGet(44)) - raft.server.log.statemachine.data.sync.timeout = 10s (default)
2021-11-30 01:54:07,954 [pool-1047-thread-1] INFO  server.RaftServerConfigKeys (ConfUtils.java:logGet(44)) - raft.server.log.statemachine.data.sync.timeout.retry = -1 (default)
2021-11-30 01:54:07,955 [EventQueue-PipelineReportForPipelineReportHandler] INFO  pipeline.PipelineManagerImpl (PipelineManagerImpl.java:openPipeline(289)) - Pipeline Pipeline[ Id: 30531782-a4ce-4a77-a1e4-b56b9949c206, Nodes: 9985d3ec-0c4a-4a8b-a6e0-db48a89ddf41{ip: 10.1.0.55, host: fv-az270-622.tacnzluakwdehk1hpragurqkma.bx.internal.cloudapp.net, ports: [REPLICATION=38583, RATIS=43905, RATIS_ADMIN=43905, RATIS_SERVER=43905, STANDALONE=38699], networkLocation: /default-rack, certSerialId: null, persistedOpState: IN_SERVICE, persistedOpStateExpiryEpochSec: 0}, ReplicationConfig: RATIS/ONE, State:ALLOCATED, leaderId:9985d3ec-0c4a-4a8b-a6e0-db48a89ddf41, CreationTimestamp2021-11-30T01:54:04.946Z[Etc/UTC]] moved to OPEN state
2021-11-30 01:54:07,956 [Command processor thread] INFO  ratis.XceiverServerRatis (XceiverServerRatis.java:addGroup(768)) - Created group PipelineID=93a99d21-8a6a-4a1c-989c-488ef56e7cfc
2021-11-30 01:54:07,956 [EventQueue-OpenPipelineForHealthyPipelineSafeModeRule] INFO  safemode.SCMSafeModeManager (HealthyPipelineSafeModeRule.java:process(124)) - SCM in safe mode. Healthy pipelines reported count is 0, required healthy pipeline reported count is 1
2021-11-30 01:54:07,964 [grpc-default-executor-3] INFO  server.RaftServer (RaftServerProxy.java:addNew(95)) - a62551b8-dd3a-47ef-9924-b3744ef69e33: addNew group-488EF56E7CFC:[2e9cc417-5ac2-4ec5-9526-3a0456091922|rpc:10.1.0.55:37317|dataStream:|priority:1, a62551b8-dd3a-47ef-9924-b3744ef69e33|rpc:10.1.0.55:37433|dataStream:|priority:0, 9985d3ec-0c4a-4a8b-a6e0-db48a89ddf41|rpc:10.1.0.55:43905|dataStream:|priority:0] returns group-488EF56E7CFC:java.util.concurrent.CompletableFuture@4cef2[Not completed]
2021-11-30 01:54:07,965 [pool-1066-thread-1] INFO  server.RaftServer$Division (RaftServerImpl.java:<init>(184)) - a62551b8-dd3a-47ef-9924-b3744ef69e33: new RaftServerImpl for group-488EF56E7CFC:[2e9cc417-5ac2-4ec5-9526-3a0456091922|rpc:10.1.0.55:37317|dataStream:|priority:1, a62551b8-dd3a-47ef-9924-b3744ef69e33|rpc:10.1.0.55:37433|dataStream:|priority:0, 9985d3ec-0c4a-4a8b-a6e0-db48a89ddf41|rpc:10.1.0.55:43905|dataStream:|priority:0] with ContainerStateMachine:uninitialized
2021-11-30 01:54:07,989 [pool-1047-thread-1] INFO  server.RaftServerConfigKeys (ConfUtils.java:logGet(44)) - raft.server.log.write.buffer.size = 1048576 (custom)
2021-11-30 01:54:07,990 [pool-1047-thread-1] INFO  server.RaftServerConfigKeys (ConfUtils.java:logGet(44)) - raft.server.log.statemachine.data.caching.enabled = true (custom)
2021-11-30 01:54:07,990 [pool-1047-thread-1] INFO  segmented.SegmentedRaftLogWorker (SegmentedRaftLogWorker.java:lambda$new$0(133)) - 9985d3ec-0c4a-4a8b-a6e0-db48a89ddf41@group-B56B9949C206-SegmentedRaftLogWorker: flushIndex: setUnconditionally 0 -> -1
2021-11-30 01:54:07,990 [pool-1047-thread-1] INFO  segmented.SegmentedRaftLogWorker (SegmentedRaftLogWorker.java:lambda$new$0(133)) - 9985d3ec-0c4a-4a8b-a6e0-db48a89ddf41@group-B56B9949C206-SegmentedRaftLogWorker: safeCacheEvictIndex: setUnconditionally 0 -> -1
2021-11-30 01:54:07,995 [pool-1066-thread-1] INFO  server.RaftServerConfigKeys (ConfUtils.java:logGet(44)) - raft.server.rpc.timeout.min = 5s (custom)
2021-11-30 01:54:07,995 [pool-1066-thread-1] INFO  server.RaftServerConfigKeys (ConfUtils.java:logGet(44)) - raft.server.rpc.timeout.max = 5200ms (custom)
2021-11-30 01:54:07,995 [pool-1066-thread-1] INFO  server.RaftServerConfigKeys (ConfUtils.java:logGet(44)) - raft.server.rpc.sleep.time = 25ms (default)
2021-11-30 01:54:07,995 [pool-1066-thread-1] INFO  server.RaftServerConfigKeys (ConfUtils.java:logGet(44)) - raft.server.rpc.slowness.timeout = 300s (custom)
2021-11-30 01:54:07,996 [pool-1066-thread-1] INFO  server.RaftServerConfigKeys (ConfUtils.java:logGet(44)) - raft.server.leaderelection.leader.step-down.wait-time = 10s (default)
2021-11-30 01:54:07,996 [pool-1066-thread-1] INFO  server.RaftServerConfigKeys (ConfUtils.java:logGet(44)) - raft.server.sleep.deviation.threshold = 300ms (default)
2021-11-30 01:54:07,996 [pool-1066-thread-1] INFO  server.RaftServerConfigKeys (ConfUtils.java:logGet(44)) - raft.server.log.appender.install.snapshot.enabled = false (custom)
2021-11-30 01:54:07,996 [pool-1066-thread-1] INFO  server.RaftServer$Division (ServerState.java:<init>(105)) - a62551b8-dd3a-47ef-9924-b3744ef69e33@group-488EF56E7CFC: ConfigurationManager, init=-1: [2e9cc417-5ac2-4ec5-9526-3a0456091922|rpc:10.1.0.55:37317|dataStream:|priority:1, a62551b8-dd3a-47ef-9924-b3744ef69e33|rpc:10.1.0.55:37433|dataStream:|priority:0, 9985d3ec-0c4a-4a8b-a6e0-db48a89ddf41|rpc:10.1.0.55:43905|dataStream:|priority:0], old=null, confs=<EMPTY_MAP>
2021-11-30 01:54:07,996 [pool-1066-thread-1] INFO  server.RaftServerConfigKeys (ConfUtils.java:logGet(44)) - raft.server.storage.dir = [/home/runner/work/ozone/ozone/hadoop-ozone/integration-test/target/test-dir/MiniOzoneClusterImpl-372abfd9-b76d-47b1-8d83-90153ed5af7e/datanode-2/data/ratis] (custom)
2021-11-30 01:54:07,996 [pool-1066-thread-1] INFO  server.RaftServerConfigKeys (ConfUtils.java:logGet(44)) - raft.server.log.corruption.policy = EXCEPTION (default)
2021-11-30 01:54:07,996 [pool-1066-thread-1] INFO  server.RaftServerConfigKeys (ConfUtils.java:logGet(44)) - raft.server.storage.free-space.min = 0MB (=0) (default)
2021-11-30 01:54:07,996 [pool-1066-thread-1] INFO  storage.RaftStorageDirectory (RaftStorageDirectoryImpl.java:analyzeStorage(135)) - The storage directory /home/runner/work/ozone/ozone/hadoop-ozone/integration-test/target/test-dir/MiniOzoneClusterImpl-372abfd9-b76d-47b1-8d83-90153ed5af7e/datanode-2/data/ratis/93a99d21-8a6a-4a1c-989c-488ef56e7cfc does not exist. Creating ...
2021-11-30 01:54:07,998 [pool-1047-thread-1] INFO  server.RaftServerConfigKeys (ConfUtils.java:logGet(44)) - raft.server.snapshot.auto.trigger.enabled = true (custom)
2021-11-30 01:54:07,998 [pool-1047-thread-1] INFO  server.RaftServerConfigKeys (ConfUtils.java:logGet(44)) - raft.server.snapshot.auto.trigger.threshold = 10000 (custom)
2021-11-30 01:54:07,998 [pool-1047-thread-1] INFO  server.RaftServerConfigKeys (ConfUtils.java:logGet(44)) - raft.server.snapshot.retention.file.num = 5 (custom)
2021-11-30 01:54:07,998 [pool-1047-thread-1] INFO  server.RaftServerConfigKeys (ConfUtils.java:logGet(44)) - raft.server.log.purge.upto.snapshot.index = false (default)
2021-11-30 01:54:07,998 [pool-1047-thread-1] INFO  server.RaftServerConfigKeys (ConfUtils.java:logGet(44)) - raft.server.retrycache.expirytime = 600000ms (custom)
2021-11-30 01:54:07,998 [pool-1047-thread-1] INFO  server.RaftServerConfigKeys (ConfUtils.java:logGet(44)) - raft.server.retrycache.statistics.expirytime = 100μs (default)
2021-11-30 01:54:08,000 [pool-1047-thread-1] INFO  server.RaftServer$Division (RaftServerImpl.java:start(301)) - 9985d3ec-0c4a-4a8b-a6e0-db48a89ddf41@group-B56B9949C206: start as a follower, conf=-1: [9985d3ec-0c4a-4a8b-a6e0-db48a89ddf41|rpc:10.1.0.55:43905|priority:1], old=null
2021-11-30 01:54:08,001 [pool-1047-thread-1] INFO  server.RaftServer$Division (RaftServerImpl.java:setRole(290)) - 9985d3ec-0c4a-4a8b-a6e0-db48a89ddf41@group-B56B9949C206: changes role from      null to FOLLOWER at term 0 for startAsFollower
2021-11-30 01:54:08,001 [pool-1047-thread-1] INFO  impl.RoleInfo (RoleInfo.java:updateAndGet(130)) - 9985d3ec-0c4a-4a8b-a6e0-db48a89ddf41: start 9985d3ec-0c4a-4a8b-a6e0-db48a89ddf41@group-B56B9949C206-FollowerState
2021-11-30 01:54:08,007 [pool-1066-thread-1] INFO  storage.RaftStorageDirectory (RaftStorageDirectoryImpl.java:tryLock(230)) - Lock on /home/runner/work/ozone/ozone/hadoop-ozone/integration-test/target/test-dir/MiniOzoneClusterImpl-372abfd9-b76d-47b1-8d83-90153ed5af7e/datanode-2/data/ratis/93a99d21-8a6a-4a1c-989c-488ef56e7cfc/in_use.lock acquired by nodename 24272@fv-az270-622
2021-11-30 01:54:08,013 [pool-1066-thread-1] INFO  storage.RaftStorage (RaftStorageImpl.java:format(89)) - Storage directory /home/runner/work/ozone/ozone/hadoop-ozone/integration-test/target/test-dir/MiniOzoneClusterImpl-372abfd9-b76d-47b1-8d83-90153ed5af7e/datanode-2/data/ratis/93a99d21-8a6a-4a1c-989c-488ef56e7cfc has been successfully formatted.
2021-11-30 01:54:08,028 [pool-1066-thread-1] INFO  ratis.ContainerStateMachine (ContainerStateMachine.java:loadSnapshot(224)) - group-488EF56E7CFC: The snapshot info is null. Setting the last applied indexto:(t:0, i:~)
2021-11-30 01:54:08,028 [pool-1047-thread-1] INFO  util.JmxRegister (JmxRegister.java:tryRegister(44)) - Successfully registered JMX Bean with object name Ratis:service=RaftServer,group=group-B56B9949C206,id=9985d3ec-0c4a-4a8b-a6e0-db48a89ddf41
2021-11-30 01:54:08,028 [pool-1066-thread-1] INFO  server.RaftServerConfigKeys (ConfUtils.java:logGet(44)) - raft.server.notification.no-leader.timeout = 300s (custom)
2021-11-30 01:54:08,048 [pool-1066-thread-1] INFO  server.RaftServerConfigKeys (ConfUtils.java:logGet(44)) - raft.server.log.use.memory = false (default)
2021-11-30 01:54:08,048 [pool-1066-thread-1] INFO  server.RaftServerConfigKeys (ConfUtils.java:logGet(44)) - raft.server.log.purge.gap = 1000000 (custom)
2021-11-30 01:54:08,048 [pool-1066-thread-1] INFO  server.RaftServerConfigKeys (ConfUtils.java:logGet(44)) - raft.server.log.appender.buffer.byte-limit = 33554432 (custom)
2021-11-30 01:54:08,048 [pool-1066-thread-1] INFO  server.RaftServerConfigKeys (ConfUtils.java:logGet(44)) - raft.server.log.segment.size.max = 1048576 (custom)
2021-11-30 01:54:08,049 [pool-1066-thread-1] INFO  server.RaftServerConfigKeys (ConfUtils.java:logGet(44)) - raft.server.log.segment.cache.num.max = 2 (custom)
2021-11-30 01:54:08,049 [pool-1066-thread-1] INFO  server.RaftServerConfigKeys (ConfUtils.java:logGet(44)) - raft.server.log.segment.cache.size.max = 200MB (=209715200) (default)
2021-11-30 01:54:08,049 [pool-1066-thread-1] INFO  segmented.SegmentedRaftLogWorker (SegmentedRaftLogWorker.java:<init>(182)) - new a62551b8-dd3a-47ef-9924-b3744ef69e33@group-488EF56E7CFC-SegmentedRaftLogWorker for RaftStorageImpl:Storage Directory /home/runner/work/ozone/ozone/hadoop-ozone/integration-test/target/test-dir/MiniOzoneClusterImpl-372abfd9-b76d-47b1-8d83-90153ed5af7e/datanode-2/data/ratis/93a99d21-8a6a-4a1c-989c-488ef56e7cfc
2021-11-30 01:54:08,049 [pool-1066-thread-1] INFO  server.RaftServerConfigKeys (ConfUtils.java:logGet(44)) - raft.server.log.queue.byte-limit = 2147483647 (custom)
2021-11-30 01:54:08,049 [pool-1066-thread-1] INFO  server.RaftServerConfigKeys (ConfUtils.java:logGet(44)) - raft.server.log.queue.element-limit = 1024 (custom)
2021-11-30 01:54:08,049 [pool-1066-thread-1] INFO  server.RaftServerConfigKeys (ConfUtils.java:logGet(44)) - raft.server.log.segment.size.max = 1048576 (custom)
2021-11-30 01:54:08,049 [pool-1066-thread-1] INFO  server.RaftServerConfigKeys (ConfUtils.java:logGet(44)) - raft.server.log.preallocated.size = 16384 (custom)
2021-11-30 01:54:08,049 [pool-1066-thread-1] INFO  server.RaftServerConfigKeys (ConfUtils.java:logGet(44)) - raft.server.log.force.sync.num = 128 (default)
2021-11-30 01:54:08,049 [pool-1066-thread-1] INFO  server.RaftServerConfigKeys (ConfUtils.java:logGet(44)) - raft.server.log.statemachine.data.sync = true (default)
2021-11-30 01:54:08,049 [pool-1066-thread-1] INFO  server.RaftServerConfigKeys (ConfUtils.java:logGet(44)) - raft.server.log.statemachine.data.sync.timeout = 10s (default)
2021-11-30 01:54:08,049 [pool-1066-thread-1] INFO  server.RaftServerConfigKeys (ConfUtils.java:logGet(44)) - raft.server.log.statemachine.data.sync.timeout.retry = -1 (default)
2021-11-30 01:54:08,051 [pool-1066-thread-1] INFO  server.RaftServerConfigKeys (ConfUtils.java:logGet(44)) - raft.server.log.write.buffer.size = 1048576 (custom)
2021-11-30 01:54:08,052 [pool-1066-thread-1] INFO  server.RaftServerConfigKeys (ConfUtils.java:logGet(44)) - raft.server.log.statemachine.data.caching.enabled = true (custom)
2021-11-30 01:54:08,052 [pool-1066-thread-1] INFO  segmented.SegmentedRaftLogWorker (SegmentedRaftLogWorker.java:lambda$new$0(133)) - a62551b8-dd3a-47ef-9924-b3744ef69e33@group-488EF56E7CFC-SegmentedRaftLogWorker: flushIndex: setUnconditionally 0 -> -1
2021-11-30 01:54:08,052 [pool-1066-thread-1] INFO  segmented.SegmentedRaftLogWorker (SegmentedRaftLogWorker.java:lambda$new$0(133)) - a62551b8-dd3a-47ef-9924-b3744ef69e33@group-488EF56E7CFC-SegmentedRaftLogWorker: safeCacheEvictIndex: setUnconditionally 0 -> -1
2021-11-30 01:54:08,044 [Command processor thread] INFO  ratis.XceiverServerRatis (XceiverServerRatis.java:addGroup(768)) - Created group PipelineID=30531782-a4ce-4a77-a1e4-b56b9949c206
2021-11-30 01:54:08,052 [Command processor thread] INFO  commandhandler.CreatePipelineCommandHandler (CreatePipelineCommandHandler.java:handle(106)) - Created Pipeline RATIS ONE PipelineID=30531782-a4ce-4a77-a1e4-b56b9949c206.
2021-11-30 01:54:08,052 [Command processor thread] INFO  server.RaftServer (RaftServerProxy.java:addNew(95)) - 9985d3ec-0c4a-4a8b-a6e0-db48a89ddf41: addNew group-488EF56E7CFC:[2e9cc417-5ac2-4ec5-9526-3a0456091922|rpc:10.1.0.55:37317|priority:1, a62551b8-dd3a-47ef-9924-b3744ef69e33|rpc:10.1.0.55:37433|priority:0, 9985d3ec-0c4a-4a8b-a6e0-db48a89ddf41|rpc:10.1.0.55:43905|priority:0] returns group-488EF56E7CFC:java.util.concurrent.CompletableFuture@55fd9e9f[Not completed]
2021-11-30 01:54:08,053 [pool-1047-thread-1] INFO  server.RaftServer$Division (RaftServerImpl.java:<init>(184)) - 9985d3ec-0c4a-4a8b-a6e0-db48a89ddf41: new RaftServerImpl for group-488EF56E7CFC:[2e9cc417-5ac2-4ec5-9526-3a0456091922|rpc:10.1.0.55:37317|priority:1, a62551b8-dd3a-47ef-9924-b3744ef69e33|rpc:10.1.0.55:37433|priority:0, 9985d3ec-0c4a-4a8b-a6e0-db48a89ddf41|rpc:10.1.0.55:43905|priority:0] with ContainerStateMachine:uninitialized
2021-11-30 01:54:08,053 [pool-1047-thread-1] INFO  server.RaftServerConfigKeys (ConfUtils.java:logGet(44)) - raft.server.rpc.timeout.min = 5s (custom)
2021-11-30 01:54:08,053 [pool-1047-thread-1] INFO  server.RaftServerConfigKeys (ConfUtils.java:logGet(44)) - raft.server.rpc.timeout.max = 5200ms (custom)
2021-11-30 01:54:08,053 [pool-1047-thread-1] INFO  server.RaftServerConfigKeys (ConfUtils.java:logGet(44)) - raft.server.rpc.sleep.time = 25ms (default)
2021-11-30 01:54:08,053 [pool-1047-thread-1] INFO  server.RaftServerConfigKeys (ConfUtils.java:logGet(44)) - raft.server.rpc.slowness.timeout = 300s (custom)
2021-11-30 01:54:08,053 [pool-1047-thread-1] INFO  server.RaftServerConfigKeys (ConfUtils.java:logGet(44)) - raft.server.leaderelection.leader.step-down.wait-time = 10s (default)
2021-11-30 01:54:08,053 [pool-1047-thread-1] INFO  server.RaftServerConfigKeys (ConfUtils.java:logGet(44)) - raft.server.sleep.deviation.threshold = 300ms (default)
2021-11-30 01:54:08,053 [pool-1047-thread-1] INFO  server.RaftServerConfigKeys (ConfUtils.java:logGet(44)) - raft.server.log.appender.install.snapshot.enabled = false (custom)
2021-11-30 01:54:08,053 [pool-1047-thread-1] INFO  server.RaftServer$Division (ServerState.java:<init>(105)) - 9985d3ec-0c4a-4a8b-a6e0-db48a89ddf41@group-488EF56E7CFC: ConfigurationManager, init=-1: [2e9cc417-5ac2-4ec5-9526-3a0456091922|rpc:10.1.0.55:37317|priority:1, a62551b8-dd3a-47ef-9924-b3744ef69e33|rpc:10.1.0.55:37433|priority:0, 9985d3ec-0c4a-4a8b-a6e0-db48a89ddf41|rpc:10.1.0.55:43905|priority:0], old=null, confs=<EMPTY_MAP>
2021-11-30 01:54:08,053 [pool-1047-thread-1] INFO  server.RaftServerConfigKeys (ConfUtils.java:logGet(44)) - raft.server.storage.dir = [/home/runner/work/ozone/ozone/hadoop-ozone/integration-test/target/test-dir/MiniOzoneClusterImpl-372abfd9-b76d-47b1-8d83-90153ed5af7e/datanode-1/data/ratis] (custom)
2021-11-30 01:54:08,053 [pool-1047-thread-1] INFO  server.RaftServerConfigKeys (ConfUtils.java:logGet(44)) - raft.server.log.corruption.policy = EXCEPTION (default)
2021-11-30 01:54:08,053 [pool-1047-thread-1] INFO  server.RaftServerConfigKeys (ConfUtils.java:logGet(44)) - raft.server.storage.free-space.min = 0MB (=0) (default)
2021-11-30 01:54:08,054 [pool-1047-thread-1] INFO  storage.RaftStorageDirectory (RaftStorageDirectoryImpl.java:analyzeStorage(135)) - The storage directory /home/runner/work/ozone/ozone/hadoop-ozone/integration-test/target/test-dir/MiniOzoneClusterImpl-372abfd9-b76d-47b1-8d83-90153ed5af7e/datanode-1/data/ratis/93a99d21-8a6a-4a1c-989c-488ef56e7cfc does not exist. Creating ...
2021-11-30 01:54:08,055 [pool-1047-thread-1] INFO  storage.RaftStorageDirectory (RaftStorageDirectoryImpl.java:tryLock(230)) - Lock on /home/runner/work/ozone/ozone/hadoop-ozone/integration-test/target/test-dir/MiniOzoneClusterImpl-372abfd9-b76d-47b1-8d83-90153ed5af7e/datanode-1/data/ratis/93a99d21-8a6a-4a1c-989c-488ef56e7cfc/in_use.lock acquired by nodename 24272@fv-az270-622
2021-11-30 01:54:08,056 [pool-1047-thread-1] INFO  storage.RaftStorage (RaftStorageImpl.java:format(89)) - Storage directory /home/runner/work/ozone/ozone/hadoop-ozone/integration-test/target/test-dir/MiniOzoneClusterImpl-372abfd9-b76d-47b1-8d83-90153ed5af7e/datanode-1/data/ratis/93a99d21-8a6a-4a1c-989c-488ef56e7cfc has been successfully formatted.
2021-11-30 01:54:08,072 [pool-1066-thread-1] INFO  server.RaftServerConfigKeys (ConfUtils.java:logGet(44)) - raft.server.snapshot.auto.trigger.enabled = true (custom)
2021-11-30 01:54:08,072 [pool-1066-thread-1] INFO  server.RaftServerConfigKeys (ConfUtils.java:logGet(44)) - raft.server.snapshot.auto.trigger.threshold = 10000 (custom)
2021-11-30 01:54:08,072 [pool-1066-thread-1] INFO  server.RaftServerConfigKeys (ConfUtils.java:logGet(44)) - raft.server.snapshot.retention.file.num = 5 (custom)
2021-11-30 01:54:08,072 [pool-1066-thread-1] INFO  server.RaftServerConfigKeys (ConfUtils.java:logGet(44)) - raft.server.log.purge.upto.snapshot.index = false (default)
2021-11-30 01:54:08,072 [pool-1066-thread-1] INFO  server.RaftServerConfigKeys (ConfUtils.java:logGet(44)) - raft.server.retrycache.expirytime = 600000ms (custom)
2021-11-30 01:54:08,072 [pool-1066-thread-1] INFO  server.RaftServerConfigKeys (ConfUtils.java:logGet(44)) - raft.server.retrycache.statistics.expirytime = 100μs (default)
2021-11-30 01:54:08,074 [pool-1047-thread-1] INFO  ratis.ContainerStateMachine (ContainerStateMachine.java:loadSnapshot(224)) - group-488EF56E7CFC: The snapshot info is null. Setting the last applied indexto:(t:0, i:~)
2021-11-30 01:54:08,074 [pool-1047-thread-1] INFO  server.RaftServerConfigKeys (ConfUtils.java:logGet(44)) - raft.server.notification.no-leader.timeout = 300s (custom)
2021-11-30 01:54:08,074 [pool-1047-thread-1] INFO  server.RaftServerConfigKeys (ConfUtils.java:logGet(44)) - raft.server.log.use.memory = false (default)
2021-11-30 01:54:08,074 [pool-1047-thread-1] INFO  server.RaftServerConfigKeys (ConfUtils.java:logGet(44)) - raft.server.log.purge.gap = 1000000 (custom)
2021-11-30 01:54:08,074 [pool-1047-thread-1] INFO  server.RaftServerConfigKeys (ConfUtils.java:logGet(44)) - raft.server.log.appender.buffer.byte-limit = 33554432 (custom)
2021-11-30 01:54:08,074 [pool-1047-thread-1] INFO  server.RaftServerConfigKeys (ConfUtils.java:logGet(44)) - raft.server.log.segment.size.max = 1048576 (custom)
2021-11-30 01:54:08,075 [pool-1047-thread-1] INFO  server.RaftServerConfigKeys (ConfUtils.java:logGet(44)) - raft.server.log.segment.cache.num.max = 2 (custom)
2021-11-30 01:54:08,075 [pool-1047-thread-1] INFO  server.RaftServerConfigKeys (ConfUtils.java:logGet(44)) - raft.server.log.segment.cache.size.max = 200MB (=209715200) (default)
2021-11-30 01:54:08,075 [pool-1047-thread-1] INFO  segmented.SegmentedRaftLogWorker (SegmentedRaftLogWorker.java:<init>(182)) - new 9985d3ec-0c4a-4a8b-a6e0-db48a89ddf41@group-488EF56E7CFC-SegmentedRaftLogWorker for RaftStorageImpl:Storage Directory /home/runner/work/ozone/ozone/hadoop-ozone/integration-test/target/test-dir/MiniOzoneClusterImpl-372abfd9-b76d-47b1-8d83-90153ed5af7e/datanode-1/data/ratis/93a99d21-8a6a-4a1c-989c-488ef56e7cfc
2021-11-30 01:54:08,075 [pool-1047-thread-1] INFO  server.RaftServerConfigKeys (ConfUtils.java:logGet(44)) - raft.server.log.queue.byte-limit = 2147483647 (custom)
2021-11-30 01:54:08,075 [pool-1047-thread-1] INFO  server.RaftServerConfigKeys (ConfUtils.java:logGet(44)) - raft.server.log.queue.element-limit = 1024 (custom)
2021-11-30 01:54:08,075 [pool-1047-thread-1] INFO  server.RaftServerConfigKeys (ConfUtils.java:logGet(44)) - raft.server.log.segment.size.max = 1048576 (custom)
2021-11-30 01:54:08,075 [pool-1047-thread-1] INFO  server.RaftServerConfigKeys (ConfUtils.java:logGet(44)) - raft.server.log.preallocated.size = 16384 (custom)
2021-11-30 01:54:08,075 [pool-1047-thread-1] INFO  server.RaftServerConfigKeys (ConfUtils.java:logGet(44)) - raft.server.log.force.sync.num = 128 (default)
2021-11-30 01:54:08,075 [pool-1047-thread-1] INFO  server.RaftServerConfigKeys (ConfUtils.java:logGet(44)) - raft.server.log.statemachine.data.sync = true (default)
2021-11-30 01:54:08,076 [pool-1047-thread-1] INFO  server.RaftServerConfigKeys (ConfUtils.java:logGet(44)) - raft.server.log.statemachine.data.sync.timeout = 10s (default)
2021-11-30 01:54:08,076 [pool-1047-thread-1] INFO  server.RaftServerConfigKeys (ConfUtils.java:logGet(44)) - raft.server.log.statemachine.data.sync.timeout.retry = -1 (default)
2021-11-30 01:54:08,077 [pool-1047-thread-1] INFO  server.RaftServerConfigKeys (ConfUtils.java:logGet(44)) - raft.server.log.write.buffer.size = 1048576 (custom)
2021-11-30 01:54:08,078 [pool-1047-thread-1] INFO  server.RaftServerConfigKeys (ConfUtils.java:logGet(44)) - raft.server.log.statemachine.data.caching.enabled = true (custom)
2021-11-30 01:54:08,078 [pool-1047-thread-1] INFO  segmented.SegmentedRaftLogWorker (SegmentedRaftLogWorker.java:lambda$new$0(133)) - 9985d3ec-0c4a-4a8b-a6e0-db48a89ddf41@group-488EF56E7CFC-SegmentedRaftLogWorker: flushIndex: setUnconditionally 0 -> -1
2021-11-30 01:54:08,078 [pool-1047-thread-1] INFO  segmented.SegmentedRaftLogWorker (SegmentedRaftLogWorker.java:lambda$new$0(133)) - 9985d3ec-0c4a-4a8b-a6e0-db48a89ddf41@group-488EF56E7CFC-SegmentedRaftLogWorker: safeCacheEvictIndex: setUnconditionally 0 -> -1
2021-11-30 01:54:08,079 [pool-1066-thread-1] INFO  server.RaftServer$Division (RaftServerImpl.java:start(301)) - a62551b8-dd3a-47ef-9924-b3744ef69e33@group-488EF56E7CFC: start as a follower, conf=-1: [2e9cc417-5ac2-4ec5-9526-3a0456091922|rpc:10.1.0.55:37317|dataStream:|priority:1, a62551b8-dd3a-47ef-9924-b3744ef69e33|rpc:10.1.0.55:37433|dataStream:|priority:0, 9985d3ec-0c4a-4a8b-a6e0-db48a89ddf41|rpc:10.1.0.55:43905|dataStream:|priority:0], old=null
2021-11-30 01:54:08,079 [pool-1066-thread-1] INFO  server.RaftServer$Division (RaftServerImpl.java:setRole(290)) - a62551b8-dd3a-47ef-9924-b3744ef69e33@group-488EF56E7CFC: changes role from      null to FOLLOWER at term 0 for startAsFollower
2021-11-30 01:54:08,100 [pool-1047-thread-1] INFO  server.RaftServerConfigKeys (ConfUtils.java:logGet(44)) - raft.server.snapshot.auto.trigger.enabled = true (custom)
2021-11-30 01:54:08,100 [pool-1066-thread-1] INFO  impl.RoleInfo (RoleInfo.java:updateAndGet(130)) - a62551b8-dd3a-47ef-9924-b3744ef69e33: start a62551b8-dd3a-47ef-9924-b3744ef69e33@group-488EF56E7CFC-FollowerState
2021-11-30 01:54:08,102 [pool-1066-thread-1] INFO  util.JmxRegister (JmxRegister.java:tryRegister(44)) - Successfully registered JMX Bean with object name Ratis:service=RaftServer,group=group-488EF56E7CFC,id=a62551b8-dd3a-47ef-9924-b3744ef69e33
2021-11-30 01:54:08,100 [pool-1047-thread-1] INFO  server.RaftServerConfigKeys (ConfUtils.java:logGet(44)) - raft.server.snapshot.auto.trigger.threshold = 10000 (custom)
2021-11-30 01:54:08,103 [EventQueue-OpenPipelineForHealthyPipelineSafeModeRule] INFO  safemode.SCMSafeModeManager (HealthyPipelineSafeModeRule.java:process(124)) - SCM in safe mode. Healthy pipelines reported count is 0, required healthy pipeline reported count is 1
2021-11-30 01:54:08,103 [pool-1047-thread-1] INFO  server.RaftServerConfigKeys (ConfUtils.java:logGet(44)) - raft.server.snapshot.retention.file.num = 5 (custom)
2021-11-30 01:54:08,103 [pool-1047-thread-1] INFO  server.RaftServerConfigKeys (ConfUtils.java:logGet(44)) - raft.server.log.purge.upto.snapshot.index = false (default)
2021-11-30 01:54:08,173 [pool-1047-thread-1] INFO  server.RaftServerConfigKeys (ConfUtils.java:logGet(44)) - raft.server.retrycache.expirytime = 600000ms (custom)
2021-11-30 01:54:08,174 [pool-1047-thread-1] INFO  server.RaftServerConfigKeys (ConfUtils.java:logGet(44)) - raft.server.retrycache.statistics.expirytime = 100μs (default)
2021-11-30 01:54:08,176 [pool-1047-thread-1] INFO  server.RaftServer$Division (RaftServerImpl.java:start(301)) - 9985d3ec-0c4a-4a8b-a6e0-db48a89ddf41@group-488EF56E7CFC: start as a follower, conf=-1: [2e9cc417-5ac2-4ec5-9526-3a0456091922|rpc:10.1.0.55:37317|priority:1, a62551b8-dd3a-47ef-9924-b3744ef69e33|rpc:10.1.0.55:37433|priority:0, 9985d3ec-0c4a-4a8b-a6e0-db48a89ddf41|rpc:10.1.0.55:43905|priority:0], old=null
2021-11-30 01:54:08,217 [pool-1047-thread-1] INFO  server.RaftServer$Division (RaftServerImpl.java:setRole(290)) - 9985d3ec-0c4a-4a8b-a6e0-db48a89ddf41@group-488EF56E7CFC: changes role from      null to FOLLOWER at term 0 for startAsFollower
2021-11-30 01:54:08,217 [pool-1047-thread-1] INFO  impl.RoleInfo (RoleInfo.java:updateAndGet(130)) - 9985d3ec-0c4a-4a8b-a6e0-db48a89ddf41: start 9985d3ec-0c4a-4a8b-a6e0-db48a89ddf41@group-488EF56E7CFC-FollowerState
2021-11-30 01:54:08,235 [pool-1047-thread-1] INFO  util.JmxRegister (JmxRegister.java:tryRegister(44)) - Successfully registered JMX Bean with object name Ratis:service=RaftServer,group=group-488EF56E7CFC,id=9985d3ec-0c4a-4a8b-a6e0-db48a89ddf41
2021-11-30 01:54:08,313 [Command processor thread] INFO  commandhandler.CreatePipelineCommandHandler (CreatePipelineCommandHandler.java:handle(106)) - Created Pipeline RATIS THREE PipelineID=93a99d21-8a6a-4a1c-989c-488ef56e7cfc.
2021-11-30 01:54:08,314 [Command processor thread] INFO  ratis.XceiverServerRatis (XceiverServerRatis.java:addGroup(768)) - Created group PipelineID=93a99d21-8a6a-4a1c-989c-488ef56e7cfc
2021-11-30 01:54:08,522 [EndpointStateMachine task thread for /0.0.0.0:36669 - 0 ] INFO  ipc.Client (Client.java:handleConnectionFailure(977)) - Retrying connect to server: 0.0.0.0/0.0.0.0:36669. Already tried 8 time(s); retry policy is RetryUpToMaximumCountWithFixedSleep(maxRetries=15, sleepTime=1000 MILLISECONDS)
2021-11-30 01:54:08,579 [EventQueue-OpenPipelineForHealthyPipelineSafeModeRule] INFO  safemode.SCMSafeModeManager (HealthyPipelineSafeModeRule.java:process(124)) - SCM in safe mode. Healthy pipelines reported count is 0, required healthy pipeline reported count is 1
2021-11-30 01:54:08,600 [Command processor thread] INFO  commandhandler.CreatePipelineCommandHandler (CreatePipelineCommandHandler.java:handle(106)) - Created Pipeline RATIS THREE PipelineID=93a99d21-8a6a-4a1c-989c-488ef56e7cfc.
2021-11-30 01:54:08,701 [Listener at 127.0.0.1/34865] INFO  ozone.MiniOzoneClusterImpl (MiniOzoneClusterImpl.java:lambda$waitForClusterToBeReady$0(235)) - Nodes are ready. Got 3 of 3 DN Heartbeats.
2021-11-30 01:54:08,701 [Listener at 127.0.0.1/34865] INFO  ozone.MiniOzoneClusterImpl (MiniOzoneClusterImpl.java:lambda$waitForClusterToBeReady$0(238)) - Waiting for cluster to exit safe mode
2021-11-30 01:54:08,701 [Listener at 127.0.0.1/34865] INFO  ozone.MiniOzoneClusterImpl (MiniOzoneClusterImpl.java:lambda$waitForClusterToBeReady$0(240)) - SCM became leader
2021-11-30 01:54:09,155 [ForkJoinPool.commonPool-worker-1] INFO  statemachine.DatanodeStateMachine (DatanodeStateMachine.java:stopDaemon(526)) - Ozone container server stopped.
2021-11-30 01:54:09,162 [ForkJoinPool.commonPool-worker-1] INFO  handler.ContextHandler (ContextHandler.java:doStop(1153)) - Stopped o.e.j.w.WebAppContext@574f098f{hddsDatanode,/,null,STOPPED}{jar:file:/home/runner/.m2/repository/org/apache/ozone/hdds-container-service/1.3.0-SNAPSHOT/hdds-container-service-1.3.0-SNAPSHOT.jar!/webapps/hddsDatanode}
2021-11-30 01:54:09,167 [ForkJoinPool.commonPool-worker-1] INFO  server.AbstractConnector (AbstractConnector.java:doStop(381)) - Stopped ServerConnector@5b8c6772{HTTP/1.1, (http/1.1)}{0.0.0.0:46373}
2021-11-30 01:54:09,167 [ForkJoinPool.commonPool-worker-1] INFO  server.session (HouseKeeper.java:stopScavenging(149)) - node0 Stopped scavenging
2021-11-30 01:54:09,200 [ForkJoinPool.commonPool-worker-1] INFO  handler.ContextHandler (ContextHandler.java:doStop(1153)) - Stopped o.e.j.s.ServletContextHandler@1ae46c96{static,/static,jar:file:/home/runner/.m2/repository/org/apache/ozone/hdds-container-service/1.3.0-SNAPSHOT/hdds-container-service-1.3.0-SNAPSHOT.jar!/webapps/static,STOPPED}
2021-11-30 01:54:09,200 [ForkJoinPool.commonPool-worker-1] INFO  handler.ContextHandler (ContextHandler.java:doStop(1153)) - Stopped o.e.j.s.ServletContextHandler@55e247d4{logs,/logs,file:///home/runner/work/ozone/ozone/hadoop-ozone/integration-test/target/log,STOPPED}
2021-11-30 01:54:09,204 [Mini-Cluster-Provider-Reap] INFO  ozone.MiniOzoneClusterImpl (MiniOzoneClusterImpl.java:stopSCM(542)) - Stopping the StorageContainerManager
2021-11-30 01:54:09,204 [Mini-Cluster-Provider-Reap] INFO  server.StorageContainerManager (StorageContainerManager.java:stop(1395)) - Stopping Container Balancer service.
2021-11-30 01:54:09,204 [Mini-Cluster-Provider-Reap] INFO  balancer.ContainerBalancer (ContainerBalancer.java:stop(734)) - Container Balancer is not running.
2021-11-30 01:54:09,204 [Mini-Cluster-Provider-Reap] INFO  server.StorageContainerManager (StorageContainerManager.java:stop(1402)) - Stopping Replication Manager Service.
2021-11-30 01:54:09,204 [Mini-Cluster-Provider-Reap] INFO  container.ReplicationManager (ReplicationManager.java:stop(350)) - Stopping Replication Monitor Thread.
2021-11-30 01:54:09,204 [Mini-Cluster-Provider-Reap] INFO  server.StorageContainerManager (StorageContainerManager.java:stop(1409)) - Stopping the Datanode Admin Monitor.
2021-11-30 01:54:09,204 [Mini-Cluster-Provider-Reap] INFO  server.StorageContainerManager (StorageContainerManager.java:stop(1416)) - Stopping Lease Manager of the command watchers
2021-11-30 01:54:09,204 [Mini-Cluster-Provider-Reap] INFO  server.StorageContainerManager (StorageContainerManager.java:stop(1423)) - Stopping datanode service RPC server
2021-11-30 01:54:09,204 [Mini-Cluster-Provider-Reap] INFO  server.SCMDatanodeProtocolServer (SCMDatanodeProtocolServer.java:stop(389)) - Stopping the RPC server for DataNodes
2021-11-30 01:54:09,211 [Mini-Cluster-Provider-Reap] INFO  ipc.Server (Server.java:stop(3414)) - Stopping server on 37921
2021-11-30 01:54:09,219 [IPC Server Responder] INFO  ipc.Server (Server.java:run(1512)) - Stopping IPC Server Responder
2021-11-30 01:54:09,232 [IPC Server listener on 0] INFO  ipc.Server (Server.java:run(1376)) - Stopping IPC Server listener on 0
2021-11-30 01:54:09,239 [SCM Heartbeat Processing Thread - 0] WARN  node.NodeStateManager (NodeStateManager.java:scheduleNextHealthCheck(799)) - Current Thread is interrupted, shutting down HB processing thread for Node Manager.
2021-11-30 01:54:09,240 [Mini-Cluster-Provider-Reap] INFO  server.StorageContainerManager (StorageContainerManager.java:stop(1431)) - Stopping block service RPC server
2021-11-30 01:54:09,240 [Mini-Cluster-Provider-Reap] INFO  server.SCMBlockProtocolServer (SCMBlockProtocolServer.java:stop(160)) - Stopping the RPC server for Block Protocol
2021-11-30 01:54:09,240 [Mini-Cluster-Provider-Reap] INFO  ipc.Server (Server.java:stop(3414)) - Stopping server on 43295
2021-11-30 01:54:09,249 [Mini-Cluster-Provider-Reap] INFO  server.StorageContainerManager (StorageContainerManager.java:stop(1438)) - Stopping the StorageContainerLocationProtocol RPC server
2021-11-30 01:54:09,249 [Mini-Cluster-Provider-Reap] INFO  server.SCMClientProtocolServer (SCMClientProtocolServer.java:stop(173)) - Stopping the RPC server for Client Protocol
2021-11-30 01:54:09,249 [Mini-Cluster-Provider-Reap] INFO  ipc.Server (Server.java:stop(3414)) - Stopping server on 43451
2021-11-30 01:54:09,250 [IPC Server listener on 0] INFO  ipc.Server (Server.java:run(1376)) - Stopping IPC Server listener on 0
2021-11-30 01:54:09,257 [IPC Server Responder] INFO  ipc.Server (Server.java:run(1512)) - Stopping IPC Server Responder
2021-11-30 01:54:09,259 [Mini-Cluster-Provider-Reap] INFO  server.StorageContainerManager (StorageContainerManager.java:stop(1445)) - Stopping Storage Container Manager HTTP server.
2021-11-30 01:54:09,260 [Mini-Cluster-Provider-Reap] INFO  handler.ContextHandler (ContextHandler.java:doStop(1153)) - Stopped o.e.j.w.WebAppContext@7d5191a{scm,/,null,STOPPED}{file:/home/runner/work/ozone/ozone/hadoop-ozone/integration-test/target/test-classes/webapps/scm}
2021-11-30 01:54:09,260 [IPC Server Responder] INFO  ipc.Server (Server.java:run(1512)) - Stopping IPC Server Responder
2021-11-30 01:54:09,261 [Mini-Cluster-Provider-Reap] INFO  server.AbstractConnector (AbstractConnector.java:doStop(381)) - Stopped ServerConnector@45a6a802{HTTP/1.1, (http/1.1)}{0.0.0.0:0}
2021-11-30 01:54:09,261 [Mini-Cluster-Provider-Reap] INFO  server.session (HouseKeeper.java:stopScavenging(149)) - node0 Stopped scavenging
2021-11-30 01:54:09,261 [Mini-Cluster-Provider-Reap] INFO  handler.ContextHandler (ContextHandler.java:doStop(1153)) - Stopped o.e.j.s.ServletContextHandler@3c78ea63{static,/static,file:///home/runner/work/ozone/ozone/hadoop-ozone/integration-test/target/test-classes/webapps/static,STOPPED}
2021-11-30 01:54:09,261 [Mini-Cluster-Provider-Reap] INFO  handler.ContextHandler (ContextHandler.java:doStop(1153)) - Stopped o.e.j.s.ServletContextHandler@2b985b5{logs,/logs,file:///home/runner/work/ozone/ozone/hadoop-ozone/integration-test/target/log,STOPPED}
2021-11-30 01:54:09,265 [Mini-Cluster-Provider-Reap] INFO  server.StorageContainerManager (StorageContainerManager.java:stop(1456)) - Stopping Block Manager Service.
2021-11-30 01:54:09,266 [Mini-Cluster-Provider-Reap] INFO  utils.BackgroundService (BackgroundService.java:shutdown(132)) - Shutting down service SCMBlockDeletingService
2021-11-30 01:54:09,266 [Mini-Cluster-Provider-Reap] INFO  utils.BackgroundService (BackgroundService.java:shutdown(132)) - Shutting down service SCMBlockDeletingService
2021-11-30 01:54:09,266 [Mini-Cluster-Provider-Reap] INFO  server.StorageContainerManager (StorageContainerManager.java:stop(1483)) - Stopping SCM Event Queue.
2021-11-30 01:54:09,271 [Mini-Cluster-Provider-Reap] INFO  server.StorageContainerManager (StorageContainerManager.java:stop(1494)) - Stopping SCM HA services.
2021-11-30 01:54:09,271 [Mini-Cluster-Provider-Reap] INFO  pipeline.BackgroundPipelineCreator (BackgroundPipelineCreator.java:stop(158)) - Stopping RatisPipelineUtilsThread.
2021-11-30 01:54:09,272 [Mini-Cluster-Provider-Reap] INFO  server.StorageContainerManager (StorageContainerManager.java:stop(1504)) - Stopping SCM MetadataStore.
2021-11-30 01:54:09,273 [Mini-Cluster-Provider-Reap] INFO  impl.MetricsSystemImpl (MetricsSystemImpl.java:stop(210)) - Stopping HddsDatanode metrics system...
2021-11-30 01:54:09,275 [prometheus] INFO  impl.MetricsSinkAdapter (MetricsSinkAdapter.java:publishMetricsFromQueue(141)) - prometheus thread interrupted.
2021-11-30 01:54:09,288 [IPC Server listener on 0] INFO  ipc.Server (Server.java:run(1376)) - Stopping IPC Server listener on 0
2021-11-30 01:54:09,289 [Mini-Cluster-Provider-Reap] INFO  impl.MetricsSystemImpl (MetricsSystemImpl.java:stop(216)) - HddsDatanode metrics system stopped.
2021-11-30 01:54:09,400 [EventQueue-OpenPipelineForHealthyPipelineSafeModeRule] INFO  safemode.SCMSafeModeManager (HealthyPipelineSafeModeRule.java:process(124)) - SCM in safe mode. Healthy pipelines reported count is 0, required healthy pipeline reported count is 1
2021-11-30 01:54:09,507 [Datanode State Machine Daemon Thread] ERROR datanode.RunningDatanodeState (RunningDatanodeState.java:computeNextContainerState(199)) - Error in executing end point task.
java.util.concurrent.ExecutionException: java.util.concurrent.TimeoutException
	at java.util.concurrent.FutureTask.report(FutureTask.java:122)
	at java.util.concurrent.FutureTask.get(FutureTask.java:192)
	at org.apache.hadoop.ozone.container.common.states.datanode.RunningDatanodeState.computeNextContainerState(RunningDatanodeState.java:191)
	at org.apache.hadoop.ozone.container.common.states.datanode.RunningDatanodeState.await(RunningDatanodeState.java:231)
	at org.apache.hadoop.ozone.container.common.states.datanode.RunningDatanodeState.await(RunningDatanodeState.java:50)
	at org.apache.hadoop.ozone.container.common.statemachine.StateContext.execute(StateContext.java:633)
	at org.apache.hadoop.ozone.container.common.statemachine.DatanodeStateMachine.start(DatanodeStateMachine.java:280)
	at org.apache.hadoop.ozone.container.common.statemachine.DatanodeStateMachine.lambda$startDaemon$0(DatanodeStateMachine.java:468)
	at java.lang.Thread.run(Thread.java:748)
Caused by: java.util.concurrent.TimeoutException
	at java.util.concurrent.FutureTask.get(FutureTask.java:205)
	at org.apache.hadoop.ozone.container.common.states.datanode.RunningDatanodeState.lambda$execute$0(RunningDatanodeState.java:149)
	at java.util.concurrent.FutureTask.run(FutureTask.java:266)
	at java.util.concurrent.Executors$RunnableAdapter.call(Executors.java:511)
	at java.util.concurrent.FutureTask.run(FutureTask.java:266)
	at java.util.concurrent.ThreadPoolExecutor.runWorker(ThreadPoolExecutor.java:1149)
	at java.util.concurrent.ThreadPoolExecutor$Worker.run(ThreadPoolExecutor.java:624)
	... 1 more
2021-11-30 01:54:09,537 [EndpointStateMachine task thread for /0.0.0.0:36669 - 0 ] INFO  ipc.Client (Client.java:handleConnectionFailure(977)) - Retrying connect to server: 0.0.0.0/0.0.0.0:36669. Already tried 9 time(s); retry policy is RetryUpToMaximumCountWithFixedSleep(maxRetries=15, sleepTime=1000 MILLISECONDS)
2021-11-30 01:54:09,703 [Listener at 127.0.0.1/34865] INFO  ozone.MiniOzoneClusterImpl (MiniOzoneClusterImpl.java:lambda$waitForClusterToBeReady$0(235)) - Nodes are ready. Got 3 of 3 DN Heartbeats.
2021-11-30 01:54:09,703 [Listener at 127.0.0.1/34865] INFO  ozone.MiniOzoneClusterImpl (MiniOzoneClusterImpl.java:lambda$waitForClusterToBeReady$0(238)) - Waiting for cluster to exit safe mode
2021-11-30 01:54:09,703 [Listener at 127.0.0.1/34865] INFO  ozone.MiniOzoneClusterImpl (MiniOzoneClusterImpl.java:lambda$waitForClusterToBeReady$0(240)) - SCM became leader
2021-11-30 01:54:09,791 [Command processor thread] INFO  server.RaftServer (RaftServerProxy.java:addNew(95)) - a62551b8-dd3a-47ef-9924-b3744ef69e33: addNew group-B178F6F467CB:[a62551b8-dd3a-47ef-9924-b3744ef69e33|rpc:10.1.0.55:37433|priority:1] returns group-B178F6F467CB:java.util.concurrent.CompletableFuture@628d1a5b[Not completed]
2021-11-30 01:54:09,791 [pool-1066-thread-1] INFO  server.RaftServer$Division (RaftServerImpl.java:<init>(184)) - a62551b8-dd3a-47ef-9924-b3744ef69e33: new RaftServerImpl for group-B178F6F467CB:[a62551b8-dd3a-47ef-9924-b3744ef69e33|rpc:10.1.0.55:37433|priority:1] with ContainerStateMachine:uninitialized
2021-11-30 01:54:09,791 [pool-1066-thread-1] INFO  server.RaftServerConfigKeys (ConfUtils.java:logGet(44)) - raft.server.rpc.timeout.min = 5s (custom)
2021-11-30 01:54:09,792 [pool-1066-thread-1] INFO  server.RaftServerConfigKeys (ConfUtils.java:logGet(44)) - raft.server.rpc.timeout.max = 5200ms (custom)
2021-11-30 01:54:09,792 [pool-1066-thread-1] INFO  server.RaftServerConfigKeys (ConfUtils.java:logGet(44)) - raft.server.rpc.sleep.time = 25ms (default)
2021-11-30 01:54:09,792 [pool-1066-thread-1] INFO  server.RaftServerConfigKeys (ConfUtils.java:logGet(44)) - raft.server.rpc.slowness.timeout = 300s (custom)
2021-11-30 01:54:09,792 [pool-1066-thread-1] INFO  server.RaftServerConfigKeys (ConfUtils.java:logGet(44)) - raft.server.leaderelection.leader.step-down.wait-time = 10s (default)
2021-11-30 01:54:09,792 [pool-1066-thread-1] INFO  server.RaftServerConfigKeys (ConfUtils.java:logGet(44)) - raft.server.sleep.deviation.threshold = 300ms (default)
2021-11-30 01:54:09,792 [pool-1066-thread-1] INFO  server.RaftServerConfigKeys (ConfUtils.java:logGet(44)) - raft.server.log.appender.install.snapshot.enabled = false (custom)
2021-11-30 01:54:09,792 [pool-1066-thread-1] INFO  server.RaftServer$Division (ServerState.java:<init>(105)) - a62551b8-dd3a-47ef-9924-b3744ef69e33@group-B178F6F467CB: ConfigurationManager, init=-1: [a62551b8-dd3a-47ef-9924-b3744ef69e33|rpc:10.1.0.55:37433|priority:1], old=null, confs=<EMPTY_MAP>
2021-11-30 01:54:09,792 [pool-1066-thread-1] INFO  server.RaftServerConfigKeys (ConfUtils.java:logGet(44)) - raft.server.storage.dir = [/home/runner/work/ozone/ozone/hadoop-ozone/integration-test/target/test-dir/MiniOzoneClusterImpl-372abfd9-b76d-47b1-8d83-90153ed5af7e/datanode-2/data/ratis] (custom)
2021-11-30 01:54:09,792 [pool-1066-thread-1] INFO  server.RaftServerConfigKeys (ConfUtils.java:logGet(44)) - raft.server.log.corruption.policy = EXCEPTION (default)
2021-11-30 01:54:09,792 [pool-1066-thread-1] INFO  server.RaftServerConfigKeys (ConfUtils.java:logGet(44)) - raft.server.storage.free-space.min = 0MB (=0) (default)
2021-11-30 01:54:09,792 [pool-1066-thread-1] INFO  storage.RaftStorageDirectory (RaftStorageDirectoryImpl.java:analyzeStorage(135)) - The storage directory /home/runner/work/ozone/ozone/hadoop-ozone/integration-test/target/test-dir/MiniOzoneClusterImpl-372abfd9-b76d-47b1-8d83-90153ed5af7e/datanode-2/data/ratis/e433f01d-21a7-4a23-a38e-b178f6f467cb does not exist. Creating ...
2021-11-30 01:54:09,798 [pool-1066-thread-1] INFO  storage.RaftStorageDirectory (RaftStorageDirectoryImpl.java:tryLock(230)) - Lock on /home/runner/work/ozone/ozone/hadoop-ozone/integration-test/target/test-dir/MiniOzoneClusterImpl-372abfd9-b76d-47b1-8d83-90153ed5af7e/datanode-2/data/ratis/e433f01d-21a7-4a23-a38e-b178f6f467cb/in_use.lock acquired by nodename 24272@fv-az270-622
2021-11-30 01:54:09,803 [pool-1066-thread-1] INFO  storage.RaftStorage (RaftStorageImpl.java:format(89)) - Storage directory /home/runner/work/ozone/ozone/hadoop-ozone/integration-test/target/test-dir/MiniOzoneClusterImpl-372abfd9-b76d-47b1-8d83-90153ed5af7e/datanode-2/data/ratis/e433f01d-21a7-4a23-a38e-b178f6f467cb has been successfully formatted.
2021-11-30 01:54:09,803 [pool-1066-thread-1] INFO  ratis.ContainerStateMachine (ContainerStateMachine.java:loadSnapshot(224)) - group-B178F6F467CB: The snapshot info is null. Setting the last applied indexto:(t:0, i:~)
2021-11-30 01:54:09,804 [EventQueue-PipelineReportForPipelineReportHandler] INFO  pipeline.PipelineManagerImpl (PipelineManagerImpl.java:openPipeline(289)) - Pipeline Pipeline[ Id: e433f01d-21a7-4a23-a38e-b178f6f467cb, Nodes: a62551b8-dd3a-47ef-9924-b3744ef69e33{ip: 10.1.0.55, host: fv-az270-622.tacnzluakwdehk1hpragurqkma.bx.internal.cloudapp.net, ports: [REPLICATION=43921, RATIS=37433, RATIS_ADMIN=37433, RATIS_SERVER=37433, STANDALONE=45199], networkLocation: /default-rack, certSerialId: null, persistedOpState: IN_SERVICE, persistedOpStateExpiryEpochSec: 0}, ReplicationConfig: RATIS/ONE, State:ALLOCATED, leaderId:a62551b8-dd3a-47ef-9924-b3744ef69e33, CreationTimestamp2021-11-30T01:54:06.795Z[Etc/UTC]] moved to OPEN state
2021-11-30 01:54:09,805 [EventQueue-OpenPipelineForHealthyPipelineSafeModeRule] INFO  safemode.SCMSafeModeManager (HealthyPipelineSafeModeRule.java:process(124)) - SCM in safe mode. Healthy pipelines reported count is 0, required healthy pipeline reported count is 1
2021-11-30 01:54:09,805 [pool-1066-thread-1] INFO  server.RaftServerConfigKeys (ConfUtils.java:logGet(44)) - raft.server.notification.no-leader.timeout = 300s (custom)
2021-11-30 01:54:09,807 [pool-1066-thread-1] INFO  server.RaftServerConfigKeys (ConfUtils.java:logGet(44)) - raft.server.log.use.memory = false (default)
2021-11-30 01:54:09,807 [pool-1066-thread-1] INFO  server.RaftServerConfigKeys (ConfUtils.java:logGet(44)) - raft.server.log.purge.gap = 1000000 (custom)
2021-11-30 01:54:09,807 [pool-1066-thread-1] INFO  server.RaftServerConfigKeys (ConfUtils.java:logGet(44)) - raft.server.log.appender.buffer.byte-limit = 33554432 (custom)
2021-11-30 01:54:09,808 [pool-1066-thread-1] INFO  server.RaftServerConfigKeys (ConfUtils.java:logGet(44)) - raft.server.log.segment.size.max = 1048576 (custom)
2021-11-30 01:54:09,808 [pool-1066-thread-1] INFO  server.RaftServerConfigKeys (ConfUtils.java:logGet(44)) - raft.server.log.segment.cache.num.max = 2 (custom)
2021-11-30 01:54:09,808 [pool-1066-thread-1] INFO  server.RaftServerConfigKeys (ConfUtils.java:logGet(44)) - raft.server.log.segment.cache.size.max = 200MB (=209715200) (default)
2021-11-30 01:54:09,808 [pool-1066-thread-1] INFO  segmented.SegmentedRaftLogWorker (SegmentedRaftLogWorker.java:<init>(182)) - new a62551b8-dd3a-47ef-9924-b3744ef69e33@group-B178F6F467CB-SegmentedRaftLogWorker for RaftStorageImpl:Storage Directory /home/runner/work/ozone/ozone/hadoop-ozone/integration-test/target/test-dir/MiniOzoneClusterImpl-372abfd9-b76d-47b1-8d83-90153ed5af7e/datanode-2/data/ratis/e433f01d-21a7-4a23-a38e-b178f6f467cb
2021-11-30 01:54:09,808 [pool-1066-thread-1] INFO  server.RaftServerConfigKeys (ConfUtils.java:logGet(44)) - raft.server.log.queue.byte-limit = 2147483647 (custom)
2021-11-30 01:54:09,808 [pool-1066-thread-1] INFO  server.RaftServerConfigKeys (ConfUtils.java:logGet(44)) - raft.server.log.queue.element-limit = 1024 (custom)
2021-11-30 01:54:09,809 [pool-1066-thread-1] INFO  server.RaftServerConfigKeys (ConfUtils.java:logGet(44)) - raft.server.log.segment.size.max = 1048576 (custom)
2021-11-30 01:54:09,809 [pool-1066-thread-1] INFO  server.RaftServerConfigKeys (ConfUtils.java:logGet(44)) - raft.server.log.preallocated.size = 16384 (custom)
2021-11-30 01:54:09,809 [pool-1066-thread-1] INFO  server.RaftServerConfigKeys (ConfUtils.java:logGet(44)) - raft.server.log.force.sync.num = 128 (default)
2021-11-30 01:54:09,809 [pool-1066-thread-1] INFO  server.RaftServerConfigKeys (ConfUtils.java:logGet(44)) - raft.server.log.statemachine.data.sync = true (default)
2021-11-30 01:54:09,809 [pool-1066-thread-1] INFO  server.RaftServerConfigKeys (ConfUtils.java:logGet(44)) - raft.server.log.statemachine.data.sync.timeout = 10s (default)
2021-11-30 01:54:09,809 [pool-1066-thread-1] INFO  server.RaftServerConfigKeys (ConfUtils.java:logGet(44)) - raft.server.log.statemachine.data.sync.timeout.retry = -1 (default)
2021-11-30 01:54:09,810 [pool-1066-thread-1] INFO  server.RaftServerConfigKeys (ConfUtils.java:logGet(44)) - raft.server.log.write.buffer.size = 1048576 (custom)
2021-11-30 01:54:09,811 [pool-1066-thread-1] INFO  server.RaftServerConfigKeys (ConfUtils.java:logGet(44)) - raft.server.log.statemachine.data.caching.enabled = true (custom)
2021-11-30 01:54:09,811 [pool-1066-thread-1] INFO  segmented.SegmentedRaftLogWorker (SegmentedRaftLogWorker.java:lambda$new$0(133)) - a62551b8-dd3a-47ef-9924-b3744ef69e33@group-B178F6F467CB-SegmentedRaftLogWorker: flushIndex: setUnconditionally 0 -> -1
2021-11-30 01:54:09,811 [pool-1066-thread-1] INFO  segmented.SegmentedRaftLogWorker (SegmentedRaftLogWorker.java:lambda$new$0(133)) - a62551b8-dd3a-47ef-9924-b3744ef69e33@group-B178F6F467CB-SegmentedRaftLogWorker: safeCacheEvictIndex: setUnconditionally 0 -> -1
2021-11-30 01:54:09,827 [pool-1066-thread-1] INFO  server.RaftServerConfigKeys (ConfUtils.java:logGet(44)) - raft.server.snapshot.auto.trigger.enabled = true (custom)
2021-11-30 01:54:09,828 [pool-1066-thread-1] INFO  server.RaftServerConfigKeys (ConfUtils.java:logGet(44)) - raft.server.snapshot.auto.trigger.threshold = 10000 (custom)
2021-11-30 01:54:09,828 [pool-1066-thread-1] INFO  server.RaftServerConfigKeys (ConfUtils.java:logGet(44)) - raft.server.snapshot.retention.file.num = 5 (custom)
2021-11-30 01:54:09,828 [pool-1066-thread-1] INFO  server.RaftServerConfigKeys (ConfUtils.java:logGet(44)) - raft.server.log.purge.upto.snapshot.index = false (default)
2021-11-30 01:54:09,828 [pool-1066-thread-1] INFO  server.RaftServerConfigKeys (ConfUtils.java:logGet(44)) - raft.server.retrycache.expirytime = 600000ms (custom)
2021-11-30 01:54:09,828 [pool-1066-thread-1] INFO  server.RaftServerConfigKeys (ConfUtils.java:logGet(44)) - raft.server.retrycache.statistics.expirytime = 100μs (default)
2021-11-30 01:54:09,830 [pool-1066-thread-1] INFO  server.RaftServer$Division (RaftServerImpl.java:start(301)) - a62551b8-dd3a-47ef-9924-b3744ef69e33@group-B178F6F467CB: start as a follower, conf=-1: [a62551b8-dd3a-47ef-9924-b3744ef69e33|rpc:10.1.0.55:37433|priority:1], old=null
2021-11-30 01:54:09,830 [pool-1066-thread-1] INFO  server.RaftServer$Division (RaftServerImpl.java:setRole(290)) - a62551b8-dd3a-47ef-9924-b3744ef69e33@group-B178F6F467CB: changes role from      null to FOLLOWER at term 0 for startAsFollower
2021-11-30 01:54:09,830 [pool-1066-thread-1] INFO  impl.RoleInfo (RoleInfo.java:updateAndGet(130)) - a62551b8-dd3a-47ef-9924-b3744ef69e33: start a62551b8-dd3a-47ef-9924-b3744ef69e33@group-B178F6F467CB-FollowerState
2021-11-30 01:54:09,830 [pool-1066-thread-1] INFO  util.JmxRegister (JmxRegister.java:tryRegister(44)) - Successfully registered JMX Bean with object name Ratis:service=RaftServer,group=group-B178F6F467CB,id=a62551b8-dd3a-47ef-9924-b3744ef69e33
2021-11-30 01:54:09,834 [Command processor thread] INFO  ratis.XceiverServerRatis (XceiverServerRatis.java:addGroup(768)) - Created group PipelineID=e433f01d-21a7-4a23-a38e-b178f6f467cb
2021-11-30 01:54:09,834 [Command processor thread] INFO  commandhandler.CreatePipelineCommandHandler (CreatePipelineCommandHandler.java:handle(106)) - Created Pipeline RATIS ONE PipelineID=e433f01d-21a7-4a23-a38e-b178f6f467cb.
2021-11-30 01:54:10,088 [EventQueue-OpenPipelineForHealthyPipelineSafeModeRule] INFO  safemode.SCMSafeModeManager (HealthyPipelineSafeModeRule.java:process(124)) - SCM in safe mode. Healthy pipelines reported count is 0, required healthy pipeline reported count is 1
2021-11-30 01:54:10,304 [EventQueue-OpenPipelineForHealthyPipelineSafeModeRule] INFO  safemode.SCMSafeModeManager (HealthyPipelineSafeModeRule.java:process(124)) - SCM in safe mode. Healthy pipelines reported count is 0, required healthy pipeline reported count is 1
2021-11-30 01:54:10,403 [EventQueue-OpenPipelineForHealthyPipelineSafeModeRule] INFO  safemode.SCMSafeModeManager (HealthyPipelineSafeModeRule.java:process(124)) - SCM in safe mode. Healthy pipelines reported count is 0, required healthy pipeline reported count is 1
2021-11-30 01:54:10,539 [EndpointStateMachine task thread for /0.0.0.0:36669 - 0 ] INFO  ipc.Client (Client.java:handleConnectionFailure(977)) - Retrying connect to server: 0.0.0.0/0.0.0.0:36669. Already tried 10 time(s); retry policy is RetryUpToMaximumCountWithFixedSleep(maxRetries=15, sleepTime=1000 MILLISECONDS)
2021-11-30 01:54:10,704 [Listener at 127.0.0.1/34865] INFO  ozone.MiniOzoneClusterImpl (MiniOzoneClusterImpl.java:lambda$waitForClusterToBeReady$0(235)) - Nodes are ready. Got 3 of 3 DN Heartbeats.
2021-11-30 01:54:10,704 [Listener at 127.0.0.1/34865] INFO  ozone.MiniOzoneClusterImpl (MiniOzoneClusterImpl.java:lambda$waitForClusterToBeReady$0(238)) - Waiting for cluster to exit safe mode
2021-11-30 01:54:10,704 [Listener at 127.0.0.1/34865] INFO  ozone.MiniOzoneClusterImpl (MiniOzoneClusterImpl.java:lambda$waitForClusterToBeReady$0(240)) - SCM became leader
2021-11-30 01:54:11,084 [EventQueue-OpenPipelineForHealthyPipelineSafeModeRule] INFO  safemode.SCMSafeModeManager (HealthyPipelineSafeModeRule.java:process(124)) - SCM in safe mode. Healthy pipelines reported count is 0, required healthy pipeline reported count is 1
2021-11-30 01:54:11,480 [2e9cc417-5ac2-4ec5-9526-3a0456091922@group-6DE6A78D9881-FollowerState] INFO  impl.FollowerState (FollowerState.java:run(134)) - 2e9cc417-5ac2-4ec5-9526-3a0456091922@group-6DE6A78D9881-FollowerState: change to CANDIDATE, lastRpcElapsedTime:5075204465ns, electionTimeout:5074ms
2021-11-30 01:54:11,480 [2e9cc417-5ac2-4ec5-9526-3a0456091922@group-6DE6A78D9881-FollowerState] INFO  impl.RoleInfo (RoleInfo.java:shutdownFollowerState(108)) - 2e9cc417-5ac2-4ec5-9526-3a0456091922: shutdown 2e9cc417-5ac2-4ec5-9526-3a0456091922@group-6DE6A78D9881-FollowerState
2021-11-30 01:54:11,480 [2e9cc417-5ac2-4ec5-9526-3a0456091922@group-6DE6A78D9881-FollowerState] INFO  server.RaftServer$Division (RaftServerImpl.java:setRole(290)) - 2e9cc417-5ac2-4ec5-9526-3a0456091922@group-6DE6A78D9881: changes role from  FOLLOWER to CANDIDATE at term 0 for changeToCandidate
2021-11-30 01:54:11,480 [2e9cc417-5ac2-4ec5-9526-3a0456091922@group-6DE6A78D9881-FollowerState] INFO  server.RaftServerConfigKeys (ConfUtils.java:logGet(44)) - raft.server.leaderelection.pre-vote = false (custom)
2021-11-30 01:54:11,480 [2e9cc417-5ac2-4ec5-9526-3a0456091922@group-6DE6A78D9881-FollowerState] INFO  impl.RoleInfo (RoleInfo.java:updateAndGet(130)) - 2e9cc417-5ac2-4ec5-9526-3a0456091922: start 2e9cc417-5ac2-4ec5-9526-3a0456091922@group-6DE6A78D9881-LeaderElection96
2021-11-30 01:54:11,511 [Datanode State Machine Daemon Thread] ERROR datanode.RunningDatanodeState (RunningDatanodeState.java:computeNextContainerState(199)) - Error in executing end point task.
java.util.concurrent.ExecutionException: java.util.concurrent.TimeoutException
	at java.util.concurrent.FutureTask.report(FutureTask.java:122)
	at java.util.concurrent.FutureTask.get(FutureTask.java:192)
	at org.apache.hadoop.ozone.container.common.states.datanode.RunningDatanodeState.computeNextContainerState(RunningDatanodeState.java:191)
	at org.apache.hadoop.ozone.container.common.states.datanode.RunningDatanodeState.await(RunningDatanodeState.java:231)
	at org.apache.hadoop.ozone.container.common.states.datanode.RunningDatanodeState.await(RunningDatanodeState.java:50)
	at org.apache.hadoop.ozone.container.common.statemachine.StateContext.execute(StateContext.java:633)
	at org.apache.hadoop.ozone.container.common.statemachine.DatanodeStateMachine.start(DatanodeStateMachine.java:280)
	at org.apache.hadoop.ozone.container.common.statemachine.DatanodeStateMachine.lambda$startDaemon$0(DatanodeStateMachine.java:468)
	at java.lang.Thread.run(Thread.java:748)
Caused by: java.util.concurrent.TimeoutException
	at java.util.concurrent.FutureTask.get(FutureTask.java:205)
	at org.apache.hadoop.ozone.container.common.states.datanode.RunningDatanodeState.lambda$execute$0(RunningDatanodeState.java:149)
	at java.util.concurrent.FutureTask.run(FutureTask.java:266)
	at java.util.concurrent.Executors$RunnableAdapter.call(Executors.java:511)
	at java.util.concurrent.FutureTask.run(FutureTask.java:266)
	at java.util.concurrent.ThreadPoolExecutor.runWorker(ThreadPoolExecutor.java:1149)
	at java.util.concurrent.ThreadPoolExecutor$Worker.run(ThreadPoolExecutor.java:624)
	... 1 more
2021-11-30 01:54:11,540 [EndpointStateMachine task thread for /0.0.0.0:36669 - 0 ] INFO  ipc.Client (Client.java:handleConnectionFailure(977)) - Retrying connect to server: 0.0.0.0/0.0.0.0:36669. Already tried 11 time(s); retry policy is RetryUpToMaximumCountWithFixedSleep(maxRetries=15, sleepTime=1000 MILLISECONDS)
2021-11-30 01:54:11,565 [2e9cc417-5ac2-4ec5-9526-3a0456091922@group-6DE6A78D9881-LeaderElection96] INFO  impl.LeaderElection (LeaderElection.java:askForVotes(306)) - 2e9cc417-5ac2-4ec5-9526-3a0456091922@group-6DE6A78D9881-LeaderElection96 ELECTION round 0: submit vote requests at term 1 for -1: [2e9cc417-5ac2-4ec5-9526-3a0456091922|rpc:10.1.0.55:37317|priority:1], old=null
2021-11-30 01:54:11,565 [2e9cc417-5ac2-4ec5-9526-3a0456091922@group-6DE6A78D9881-LeaderElection96] INFO  impl.LeaderElection (LeaderElection.java:askForVotes(308)) - 2e9cc417-5ac2-4ec5-9526-3a0456091922@group-6DE6A78D9881-LeaderElection96 ELECTION round 0: result PASSED (term=1)
2021-11-30 01:54:11,565 [2e9cc417-5ac2-4ec5-9526-3a0456091922@group-6DE6A78D9881-LeaderElection96] INFO  impl.RoleInfo (RoleInfo.java:shutdownLeaderElection(121)) - 2e9cc417-5ac2-4ec5-9526-3a0456091922: shutdown 2e9cc417-5ac2-4ec5-9526-3a0456091922@group-6DE6A78D9881-LeaderElection96
2021-11-30 01:54:11,565 [2e9cc417-5ac2-4ec5-9526-3a0456091922@group-6DE6A78D9881-LeaderElection96] INFO  server.RaftServer$Division (RaftServerImpl.java:setRole(290)) - 2e9cc417-5ac2-4ec5-9526-3a0456091922@group-6DE6A78D9881: changes role from CANDIDATE to LEADER at term 1 for changeToLeader
2021-11-30 01:54:11,565 [2e9cc417-5ac2-4ec5-9526-3a0456091922@group-6DE6A78D9881-LeaderElection96] INFO  ratis.XceiverServerRatis (XceiverServerRatis.java:handleLeaderChangedNotification(866)) - Leader change notification received for group: group-6DE6A78D9881 with new leaderId: 2e9cc417-5ac2-4ec5-9526-3a0456091922
2021-11-30 01:54:11,565 [2e9cc417-5ac2-4ec5-9526-3a0456091922@group-6DE6A78D9881-LeaderElection96] INFO  server.RaftServer$Division (ServerState.java:setLeader(285)) - 2e9cc417-5ac2-4ec5-9526-3a0456091922@group-6DE6A78D9881: change Leader from null to 2e9cc417-5ac2-4ec5-9526-3a0456091922 at term 1 for becomeLeader, leader elected after 5187ms
2021-11-30 01:54:11,565 [2e9cc417-5ac2-4ec5-9526-3a0456091922@group-6DE6A78D9881-LeaderElection96] INFO  server.RaftServerConfigKeys (ConfUtils.java:logGet(44)) - raft.server.staging.catchup.gap = 1000 (default)
2021-11-30 01:54:11,566 [2e9cc417-5ac2-4ec5-9526-3a0456091922@group-6DE6A78D9881-LeaderElection96] INFO  server.RaftServerConfigKeys (ConfUtils.java:logGet(44)) - raft.server.write.element-limit = 1024 (custom)
2021-11-30 01:54:11,566 [2e9cc417-5ac2-4ec5-9526-3a0456091922@group-6DE6A78D9881-LeaderElection96] INFO  server.RaftServerConfigKeys (ConfUtils.java:logGet(44)) - raft.server.write.byte-limit = 1024 M (=1073741824) (custom)
2021-11-30 01:54:11,566 [2e9cc417-5ac2-4ec5-9526-3a0456091922@group-6DE6A78D9881-LeaderElection96] INFO  server.RaftServerConfigKeys (ConfUtils.java:logGet(44)) - raft.server.watch.timeout = 180s (custom)
2021-11-30 01:54:11,566 [2e9cc417-5ac2-4ec5-9526-3a0456091922@group-6DE6A78D9881-LeaderElection96] INFO  server.RaftServerConfigKeys (ConfUtils.java:logGet(44)) - raft.server.watch.timeout.denomination = 1s (default)
2021-11-30 01:54:11,566 [2e9cc417-5ac2-4ec5-9526-3a0456091922@group-6DE6A78D9881-LeaderElection96] INFO  server.RaftServerConfigKeys (ConfUtils.java:logGet(44)) - raft.server.watch.element-limit = 65536 (default)
2021-11-30 01:54:11,566 [2e9cc417-5ac2-4ec5-9526-3a0456091922@group-6DE6A78D9881-LeaderElection96] INFO  server.RaftServerConfigKeys (ConfUtils.java:logGet(44)) - raft.server.write.element-limit = 1024 (custom)
2021-11-30 01:54:11,566 [2e9cc417-5ac2-4ec5-9526-3a0456091922@group-6DE6A78D9881-LeaderElection96] INFO  server.RaftServerConfigKeys (ConfUtils.java:logGet(44)) - raft.server.write.follower.gap.ratio.max = -1.0 (default)
2021-11-30 01:54:11,566 [2e9cc417-5ac2-4ec5-9526-3a0456091922@group-6DE6A78D9881-LeaderElection96] INFO  impl.RoleInfo (RoleInfo.java:updateAndGet(130)) - 2e9cc417-5ac2-4ec5-9526-3a0456091922: start 2e9cc417-5ac2-4ec5-9526-3a0456091922@group-6DE6A78D9881-LeaderStateImpl
2021-11-30 01:54:11,567 [2e9cc417-5ac2-4ec5-9526-3a0456091922@group-6DE6A78D9881-LeaderElection96] INFO  segmented.SegmentedRaftLogWorker (SegmentedRaftLogWorker.java:startLogSegment(394)) - 2e9cc417-5ac2-4ec5-9526-3a0456091922@group-6DE6A78D9881-SegmentedRaftLogWorker: Starting segment from index:0
2021-11-30 01:54:11,568 [2e9cc417-5ac2-4ec5-9526-3a0456091922@group-6DE6A78D9881-SegmentedRaftLogWorker] INFO  segmented.SegmentedRaftLogWorker (SegmentedRaftLogWorker.java:execute(601)) - 2e9cc417-5ac2-4ec5-9526-3a0456091922@group-6DE6A78D9881-SegmentedRaftLogWorker: created new log segment /home/runner/work/ozone/ozone/hadoop-ozone/integration-test/target/test-dir/MiniOzoneClusterImpl-372abfd9-b76d-47b1-8d83-90153ed5af7e/datanode-0/data/ratis/fe5fce28-80e5-42be-9aaf-6de6a78d9881/current/log_inprogress_0
2021-11-30 01:54:11,572 [EventQueue-OpenPipelineForHealthyPipelineSafeModeRule] INFO  safemode.SCMSafeModeManager (HealthyPipelineSafeModeRule.java:process(124)) - SCM in safe mode. Healthy pipelines reported count is 0, required healthy pipeline reported count is 1
2021-11-30 01:54:11,635 [2e9cc417-5ac2-4ec5-9526-3a0456091922@group-6DE6A78D9881-LeaderElection96] INFO  server.RaftServer$Division (ServerState.java:setRaftConf(387)) - 2e9cc417-5ac2-4ec5-9526-3a0456091922@group-6DE6A78D9881: set configuration 0: [2e9cc417-5ac2-4ec5-9526-3a0456091922|rpc:10.1.0.55:37317|dataStream:|priority:1], old=null
2021-11-30 01:54:11,707 [Listener at 127.0.0.1/34865] INFO  ozone.MiniOzoneClusterImpl (MiniOzoneClusterImpl.java:lambda$waitForClusterToBeReady$0(235)) - Nodes are ready. Got 3 of 3 DN Heartbeats.
2021-11-30 01:54:11,707 [Listener at 127.0.0.1/34865] INFO  ozone.MiniOzoneClusterImpl (MiniOzoneClusterImpl.java:lambda$waitForClusterToBeReady$0(238)) - Waiting for cluster to exit safe mode
2021-11-30 01:54:11,707 [Listener at 127.0.0.1/34865] INFO  ozone.MiniOzoneClusterImpl (MiniOzoneClusterImpl.java:lambda$waitForClusterToBeReady$0(240)) - SCM became leader
2021-11-30 01:54:12,075 [EventQueue-OpenPipelineForHealthyPipelineSafeModeRule] INFO  safemode.SCMSafeModeManager (HealthyPipelineSafeModeRule.java:process(124)) - SCM in safe mode. Healthy pipelines reported count is 0, required healthy pipeline reported count is 1
2021-11-30 01:54:12,308 [EventQueue-OpenPipelineForHealthyPipelineSafeModeRule] INFO  safemode.SCMSafeModeManager (HealthyPipelineSafeModeRule.java:process(124)) - SCM in safe mode. Healthy pipelines reported count is 0, required healthy pipeline reported count is 1
2021-11-30 01:54:12,553 [Datanode State Machine Daemon Thread] ERROR datanode.RunningDatanodeState (RunningDatanodeState.java:computeNextContainerState(199)) - Error in executing end point task.
java.util.concurrent.ExecutionException: java.util.concurrent.TimeoutException
	at java.util.concurrent.FutureTask.report(FutureTask.java:122)
	at java.util.concurrent.FutureTask.get(FutureTask.java:192)
	at org.apache.hadoop.ozone.container.common.states.datanode.RunningDatanodeState.computeNextContainerState(RunningDatanodeState.java:191)
	at org.apache.hadoop.ozone.container.common.states.datanode.RunningDatanodeState.await(RunningDatanodeState.java:231)
	at org.apache.hadoop.ozone.container.common.states.datanode.RunningDatanodeState.await(RunningDatanodeState.java:50)
	at org.apache.hadoop.ozone.container.common.statemachine.StateContext.execute(StateContext.java:633)
	at org.apache.hadoop.ozone.container.common.statemachine.DatanodeStateMachine.start(DatanodeStateMachine.java:280)
	at org.apache.hadoop.ozone.container.common.statemachine.DatanodeStateMachine.lambda$startDaemon$0(DatanodeStateMachine.java:468)
	at java.lang.Thread.run(Thread.java:748)
Caused by: java.util.concurrent.TimeoutException
	at java.util.concurrent.FutureTask.get(FutureTask.java:205)
	at org.apache.hadoop.ozone.container.common.states.datanode.RunningDatanodeState.lambda$execute$0(RunningDatanodeState.java:149)
	at java.util.concurrent.FutureTask.run(FutureTask.java:266)
	at java.util.concurrent.Executors$RunnableAdapter.call(Executors.java:511)
	at java.util.concurrent.FutureTask.run(FutureTask.java:266)
	at java.util.concurrent.ThreadPoolExecutor.runWorker(ThreadPoolExecutor.java:1149)
	at java.util.concurrent.ThreadPoolExecutor$Worker.run(ThreadPoolExecutor.java:624)
	... 1 more
2021-11-30 01:54:12,579 [EndpointStateMachine task thread for /0.0.0.0:36669 - 0 ] INFO  ipc.Client (Client.java:handleConnectionFailure(977)) - Retrying connect to server: 0.0.0.0/0.0.0.0:36669. Already tried 12 time(s); retry policy is RetryUpToMaximumCountWithFixedSleep(maxRetries=15, sleepTime=1000 MILLISECONDS)
2021-11-30 01:54:12,707 [Listener at 127.0.0.1/34865] INFO  ozone.MiniOzoneClusterImpl (MiniOzoneClusterImpl.java:lambda$waitForClusterToBeReady$0(235)) - Nodes are ready. Got 3 of 3 DN Heartbeats.
2021-11-30 01:54:12,707 [Listener at 127.0.0.1/34865] INFO  ozone.MiniOzoneClusterImpl (MiniOzoneClusterImpl.java:lambda$waitForClusterToBeReady$0(238)) - Waiting for cluster to exit safe mode
2021-11-30 01:54:12,707 [Listener at 127.0.0.1/34865] INFO  ozone.MiniOzoneClusterImpl (MiniOzoneClusterImpl.java:lambda$waitForClusterToBeReady$0(240)) - SCM became leader
2021-11-30 01:54:13,065 [2e9cc417-5ac2-4ec5-9526-3a0456091922@group-488EF56E7CFC-FollowerState] INFO  impl.FollowerState (FollowerState.java:run(134)) - 2e9cc417-5ac2-4ec5-9526-3a0456091922@group-488EF56E7CFC-FollowerState: change to CANDIDATE, lastRpcElapsedTime:5119350626ns, electionTimeout:5084ms
2021-11-30 01:54:13,065 [2e9cc417-5ac2-4ec5-9526-3a0456091922@group-488EF56E7CFC-FollowerState] INFO  impl.RoleInfo (RoleInfo.java:shutdownFollowerState(108)) - 2e9cc417-5ac2-4ec5-9526-3a0456091922: shutdown 2e9cc417-5ac2-4ec5-9526-3a0456091922@group-488EF56E7CFC-FollowerState
2021-11-30 01:54:13,066 [2e9cc417-5ac2-4ec5-9526-3a0456091922@group-488EF56E7CFC-FollowerState] INFO  server.RaftServer$Division (RaftServerImpl.java:setRole(290)) - 2e9cc417-5ac2-4ec5-9526-3a0456091922@group-488EF56E7CFC: changes role from  FOLLOWER to CANDIDATE at term 0 for changeToCandidate
2021-11-30 01:54:13,066 [2e9cc417-5ac2-4ec5-9526-3a0456091922@group-488EF56E7CFC-FollowerState] INFO  server.RaftServerConfigKeys (ConfUtils.java:logGet(44)) - raft.server.leaderelection.pre-vote = false (custom)
2021-11-30 01:54:13,066 [2e9cc417-5ac2-4ec5-9526-3a0456091922@group-488EF56E7CFC-FollowerState] INFO  impl.RoleInfo (RoleInfo.java:updateAndGet(130)) - 2e9cc417-5ac2-4ec5-9526-3a0456091922: start 2e9cc417-5ac2-4ec5-9526-3a0456091922@group-488EF56E7CFC-LeaderElection97
2021-11-30 01:54:13,084 [9985d3ec-0c4a-4a8b-a6e0-db48a89ddf41@group-B56B9949C206-FollowerState] INFO  impl.FollowerState (FollowerState.java:run(134)) - 9985d3ec-0c4a-4a8b-a6e0-db48a89ddf41@group-B56B9949C206-FollowerState: change to CANDIDATE, lastRpcElapsedTime:5083206843ns, electionTimeout:5036ms
2021-11-30 01:54:13,084 [9985d3ec-0c4a-4a8b-a6e0-db48a89ddf41@group-B56B9949C206-FollowerState] INFO  impl.RoleInfo (RoleInfo.java:shutdownFollowerState(108)) - 9985d3ec-0c4a-4a8b-a6e0-db48a89ddf41: shutdown 9985d3ec-0c4a-4a8b-a6e0-db48a89ddf41@group-B56B9949C206-FollowerState
2021-11-30 01:54:13,084 [9985d3ec-0c4a-4a8b-a6e0-db48a89ddf41@group-B56B9949C206-FollowerState] INFO  server.RaftServer$Division (RaftServerImpl.java:setRole(290)) - 9985d3ec-0c4a-4a8b-a6e0-db48a89ddf41@group-B56B9949C206: changes role from  FOLLOWER to CANDIDATE at term 0 for changeToCandidate
2021-11-30 01:54:13,084 [9985d3ec-0c4a-4a8b-a6e0-db48a89ddf41@group-B56B9949C206-FollowerState] INFO  server.RaftServerConfigKeys (ConfUtils.java:logGet(44)) - raft.server.leaderelection.pre-vote = false (custom)
2021-11-30 01:54:13,084 [9985d3ec-0c4a-4a8b-a6e0-db48a89ddf41@group-B56B9949C206-FollowerState] INFO  impl.RoleInfo (RoleInfo.java:updateAndGet(130)) - 9985d3ec-0c4a-4a8b-a6e0-db48a89ddf41: start 9985d3ec-0c4a-4a8b-a6e0-db48a89ddf41@group-B56B9949C206-LeaderElection98
2021-11-30 01:54:13,135 [EventQueue-OpenPipelineForHealthyPipelineSafeModeRule] INFO  safemode.SCMSafeModeManager (HealthyPipelineSafeModeRule.java:process(124)) - SCM in safe mode. Healthy pipelines reported count is 0, required healthy pipeline reported count is 1
2021-11-30 01:54:13,226 [a62551b8-dd3a-47ef-9924-b3744ef69e33@group-488EF56E7CFC-FollowerState] INFO  impl.FollowerState (FollowerState.java:run(134)) - a62551b8-dd3a-47ef-9924-b3744ef69e33@group-488EF56E7CFC-FollowerState: change to CANDIDATE, lastRpcElapsedTime:5125992868ns, electionTimeout:5052ms
2021-11-30 01:54:13,227 [a62551b8-dd3a-47ef-9924-b3744ef69e33@group-488EF56E7CFC-FollowerState] INFO  impl.RoleInfo (RoleInfo.java:shutdownFollowerState(108)) - a62551b8-dd3a-47ef-9924-b3744ef69e33: shutdown a62551b8-dd3a-47ef-9924-b3744ef69e33@group-488EF56E7CFC-FollowerState
2021-11-30 01:54:13,227 [a62551b8-dd3a-47ef-9924-b3744ef69e33@group-488EF56E7CFC-FollowerState] INFO  server.RaftServer$Division (RaftServerImpl.java:setRole(290)) - a62551b8-dd3a-47ef-9924-b3744ef69e33@group-488EF56E7CFC: changes role from  FOLLOWER to CANDIDATE at term 0 for changeToCandidate
2021-11-30 01:54:13,227 [a62551b8-dd3a-47ef-9924-b3744ef69e33@group-488EF56E7CFC-FollowerState] INFO  server.RaftServerConfigKeys (ConfUtils.java:logGet(44)) - raft.server.leaderelection.pre-vote = false (custom)
2021-11-30 01:54:13,227 [a62551b8-dd3a-47ef-9924-b3744ef69e33@group-488EF56E7CFC-FollowerState] INFO  impl.RoleInfo (RoleInfo.java:updateAndGet(130)) - a62551b8-dd3a-47ef-9924-b3744ef69e33: start a62551b8-dd3a-47ef-9924-b3744ef69e33@group-488EF56E7CFC-LeaderElection99
2021-11-30 01:54:13,232 [9985d3ec-0c4a-4a8b-a6e0-db48a89ddf41@group-B56B9949C206-LeaderElection98] INFO  impl.LeaderElection (LeaderElection.java:askForVotes(306)) - 9985d3ec-0c4a-4a8b-a6e0-db48a89ddf41@group-B56B9949C206-LeaderElection98 ELECTION round 0: submit vote requests at term 1 for -1: [9985d3ec-0c4a-4a8b-a6e0-db48a89ddf41|rpc:10.1.0.55:43905|priority:1], old=null
2021-11-30 01:54:13,232 [9985d3ec-0c4a-4a8b-a6e0-db48a89ddf41@group-B56B9949C206-LeaderElection98] INFO  impl.LeaderElection (LeaderElection.java:askForVotes(308)) - 9985d3ec-0c4a-4a8b-a6e0-db48a89ddf41@group-B56B9949C206-LeaderElection98 ELECTION round 0: result PASSED (term=1)
2021-11-30 01:54:13,232 [9985d3ec-0c4a-4a8b-a6e0-db48a89ddf41@group-B56B9949C206-LeaderElection98] INFO  impl.RoleInfo (RoleInfo.java:shutdownLeaderElection(121)) - 9985d3ec-0c4a-4a8b-a6e0-db48a89ddf41: shutdown 9985d3ec-0c4a-4a8b-a6e0-db48a89ddf41@group-B56B9949C206-LeaderElection98
2021-11-30 01:54:13,232 [9985d3ec-0c4a-4a8b-a6e0-db48a89ddf41@group-B56B9949C206-LeaderElection98] INFO  server.RaftServer$Division (RaftServerImpl.java:setRole(290)) - 9985d3ec-0c4a-4a8b-a6e0-db48a89ddf41@group-B56B9949C206: changes role from CANDIDATE to LEADER at term 1 for changeToLeader
2021-11-30 01:54:13,232 [9985d3ec-0c4a-4a8b-a6e0-db48a89ddf41@group-B56B9949C206-LeaderElection98] INFO  ratis.XceiverServerRatis (XceiverServerRatis.java:handleLeaderChangedNotification(866)) - Leader change notification received for group: group-B56B9949C206 with new leaderId: 9985d3ec-0c4a-4a8b-a6e0-db48a89ddf41
2021-11-30 01:54:13,232 [9985d3ec-0c4a-4a8b-a6e0-db48a89ddf41@group-B56B9949C206-LeaderElection98] INFO  server.RaftServer$Division (ServerState.java:setLeader(285)) - 9985d3ec-0c4a-4a8b-a6e0-db48a89ddf41@group-B56B9949C206: change Leader from null to 9985d3ec-0c4a-4a8b-a6e0-db48a89ddf41 at term 1 for becomeLeader, leader elected after 5280ms
2021-11-30 01:54:13,232 [9985d3ec-0c4a-4a8b-a6e0-db48a89ddf41@group-B56B9949C206-LeaderElection98] INFO  server.RaftServerConfigKeys (ConfUtils.java:logGet(44)) - raft.server.staging.catchup.gap = 1000 (default)
2021-11-30 01:54:13,232 [9985d3ec-0c4a-4a8b-a6e0-db48a89ddf41@group-B56B9949C206-LeaderElection98] INFO  server.RaftServerConfigKeys (ConfUtils.java:logGet(44)) - raft.server.write.element-limit = 1024 (custom)
2021-11-30 01:54:13,232 [9985d3ec-0c4a-4a8b-a6e0-db48a89ddf41@group-B56B9949C206-LeaderElection98] INFO  server.RaftServerConfigKeys (ConfUtils.java:logGet(44)) - raft.server.write.byte-limit = 1024 M (=1073741824) (custom)
2021-11-30 01:54:13,233 [9985d3ec-0c4a-4a8b-a6e0-db48a89ddf41@group-B56B9949C206-LeaderElection98] INFO  server.RaftServerConfigKeys (ConfUtils.java:logGet(44)) - raft.server.watch.timeout = 180s (custom)
2021-11-30 01:54:13,233 [9985d3ec-0c4a-4a8b-a6e0-db48a89ddf41@group-B56B9949C206-LeaderElection98] INFO  server.RaftServerConfigKeys (ConfUtils.java:logGet(44)) - raft.server.watch.timeout.denomination = 1s (default)
2021-11-30 01:54:13,233 [9985d3ec-0c4a-4a8b-a6e0-db48a89ddf41@group-B56B9949C206-LeaderElection98] INFO  server.RaftServerConfigKeys (ConfUtils.java:logGet(44)) - raft.server.watch.element-limit = 65536 (default)
2021-11-30 01:54:13,233 [9985d3ec-0c4a-4a8b-a6e0-db48a89ddf41@group-B56B9949C206-LeaderElection98] INFO  server.RaftServerConfigKeys (ConfUtils.java:logGet(44)) - raft.server.write.element-limit = 1024 (custom)
2021-11-30 01:54:13,233 [9985d3ec-0c4a-4a8b-a6e0-db48a89ddf41@group-B56B9949C206-LeaderElection98] INFO  server.RaftServerConfigKeys (ConfUtils.java:logGet(44)) - raft.server.write.follower.gap.ratio.max = -1.0 (default)
2021-11-30 01:54:13,233 [9985d3ec-0c4a-4a8b-a6e0-db48a89ddf41@group-B56B9949C206-LeaderElection98] INFO  impl.RoleInfo (RoleInfo.java:updateAndGet(130)) - 9985d3ec-0c4a-4a8b-a6e0-db48a89ddf41: start 9985d3ec-0c4a-4a8b-a6e0-db48a89ddf41@group-B56B9949C206-LeaderStateImpl
2021-11-30 01:54:13,234 [9985d3ec-0c4a-4a8b-a6e0-db48a89ddf41@group-B56B9949C206-LeaderElection98] INFO  segmented.SegmentedRaftLogWorker (SegmentedRaftLogWorker.java:startLogSegment(394)) - 9985d3ec-0c4a-4a8b-a6e0-db48a89ddf41@group-B56B9949C206-SegmentedRaftLogWorker: Starting segment from index:0
2021-11-30 01:54:13,234 [2e9cc417-5ac2-4ec5-9526-3a0456091922@group-488EF56E7CFC-LeaderElection97] INFO  impl.LeaderElection (LeaderElection.java:askForVotes(306)) - 2e9cc417-5ac2-4ec5-9526-3a0456091922@group-488EF56E7CFC-LeaderElection97 ELECTION round 0: submit vote requests at term 1 for -1: [2e9cc417-5ac2-4ec5-9526-3a0456091922|rpc:10.1.0.55:37317|priority:1, a62551b8-dd3a-47ef-9924-b3744ef69e33|rpc:10.1.0.55:37433|priority:0, 9985d3ec-0c4a-4a8b-a6e0-db48a89ddf41|rpc:10.1.0.55:43905|priority:0], old=null
2021-11-30 01:54:13,235 [EventQueue-OpenPipelineForHealthyPipelineSafeModeRule] INFO  safemode.SCMSafeModeManager (HealthyPipelineSafeModeRule.java:process(124)) - SCM in safe mode. Healthy pipelines reported count is 0, required healthy pipeline reported count is 1
2021-11-30 01:54:13,238 [9985d3ec-0c4a-4a8b-a6e0-db48a89ddf41@group-B56B9949C206-SegmentedRaftLogWorker] INFO  segmented.SegmentedRaftLogWorker (SegmentedRaftLogWorker.java:execute(601)) - 9985d3ec-0c4a-4a8b-a6e0-db48a89ddf41@group-B56B9949C206-SegmentedRaftLogWorker: created new log segment /home/runner/work/ozone/ozone/hadoop-ozone/integration-test/target/test-dir/MiniOzoneClusterImpl-372abfd9-b76d-47b1-8d83-90153ed5af7e/datanode-1/data/ratis/30531782-a4ce-4a77-a1e4-b56b9949c206/current/log_inprogress_0
2021-11-30 01:54:13,250 [9985d3ec-0c4a-4a8b-a6e0-db48a89ddf41@group-B56B9949C206-LeaderElection98] INFO  server.RaftServer$Division (ServerState.java:setRaftConf(387)) - 9985d3ec-0c4a-4a8b-a6e0-db48a89ddf41@group-B56B9949C206: set configuration 0: [9985d3ec-0c4a-4a8b-a6e0-db48a89ddf41|rpc:10.1.0.55:43905|dataStream:|priority:1], old=null
2021-11-30 01:54:13,254 [a62551b8-dd3a-47ef-9924-b3744ef69e33@group-488EF56E7CFC-LeaderElection99] INFO  impl.LeaderElection (LeaderElection.java:askForVotes(306)) - a62551b8-dd3a-47ef-9924-b3744ef69e33@group-488EF56E7CFC-LeaderElection99 ELECTION round 0: submit vote requests at term 1 for -1: [2e9cc417-5ac2-4ec5-9526-3a0456091922|rpc:10.1.0.55:37317|dataStream:|priority:1, a62551b8-dd3a-47ef-9924-b3744ef69e33|rpc:10.1.0.55:37433|dataStream:|priority:0, 9985d3ec-0c4a-4a8b-a6e0-db48a89ddf41|rpc:10.1.0.55:43905|dataStream:|priority:0], old=null
2021-11-30 01:54:13,344 [grpc-default-executor-4] INFO  server.RaftServer$Division (RaftServerImpl.java:requestVote(1046)) - 9985d3ec-0c4a-4a8b-a6e0-db48a89ddf41@group-488EF56E7CFC: receive requestVote(ELECTION, a62551b8-dd3a-47ef-9924-b3744ef69e33, group-488EF56E7CFC, 1, (t:0, i:0))
2021-11-30 01:54:13,344 [grpc-default-executor-4] INFO  impl.VoteContext (VoteContext.java:log(48)) - 9985d3ec-0c4a-4a8b-a6e0-db48a89ddf41@group-488EF56E7CFC-FOLLOWER: accept ELECTION from a62551b8-dd3a-47ef-9924-b3744ef69e33: our priority 0 <= candidate's priority 0
2021-11-30 01:54:13,344 [grpc-default-executor-4] INFO  server.RaftServer$Division (RaftServerImpl.java:setRole(290)) - 9985d3ec-0c4a-4a8b-a6e0-db48a89ddf41@group-488EF56E7CFC: changes role from  FOLLOWER to FOLLOWER at term 1 for candidate:a62551b8-dd3a-47ef-9924-b3744ef69e33
2021-11-30 01:54:13,344 [grpc-default-executor-4] INFO  impl.RoleInfo (RoleInfo.java:shutdownFollowerState(108)) - 9985d3ec-0c4a-4a8b-a6e0-db48a89ddf41: shutdown 9985d3ec-0c4a-4a8b-a6e0-db48a89ddf41@group-488EF56E7CFC-FollowerState
2021-11-30 01:54:13,344 [grpc-default-executor-4] INFO  impl.RoleInfo (RoleInfo.java:updateAndGet(130)) - 9985d3ec-0c4a-4a8b-a6e0-db48a89ddf41: start 9985d3ec-0c4a-4a8b-a6e0-db48a89ddf41@group-488EF56E7CFC-FollowerState
2021-11-30 01:54:13,344 [9985d3ec-0c4a-4a8b-a6e0-db48a89ddf41@group-488EF56E7CFC-FollowerState] INFO  impl.FollowerState (FollowerState.java:run(143)) - 9985d3ec-0c4a-4a8b-a6e0-db48a89ddf41@group-488EF56E7CFC-FollowerState was interrupted: {}
java.lang.InterruptedException: sleep interrupted
	at java.lang.Thread.sleep(Native Method)
	at java.lang.Thread.sleep(Thread.java:340)
	at java.util.concurrent.TimeUnit.sleep(TimeUnit.java:386)
	at org.apache.ratis.util.TimeDuration.sleep(TimeDuration.java:324)
	at org.apache.ratis.util.TimeDuration.sleep(TimeDuration.java:309)
	at org.apache.ratis.server.impl.FollowerState.run(FollowerState.java:118)
2021-11-30 01:54:13,365 [grpc-default-executor-4] INFO  server.RaftServer$Division (RaftServerImpl.java:requestVote(1078)) - 9985d3ec-0c4a-4a8b-a6e0-db48a89ddf41@group-488EF56E7CFC replies to ELECTION vote request: a62551b8-dd3a-47ef-9924-b3744ef69e33<-9985d3ec-0c4a-4a8b-a6e0-db48a89ddf41#0:OK-t1. Peer's state: 9985d3ec-0c4a-4a8b-a6e0-db48a89ddf41@group-488EF56E7CFC:t1, leader=null, voted=a62551b8-dd3a-47ef-9924-b3744ef69e33, raftlog=9985d3ec-0c4a-4a8b-a6e0-db48a89ddf41@group-488EF56E7CFC-SegmentedRaftLog:OPENED:c-1, conf=-1: [2e9cc417-5ac2-4ec5-9526-3a0456091922|rpc:10.1.0.55:37317|priority:1, a62551b8-dd3a-47ef-9924-b3744ef69e33|rpc:10.1.0.55:37433|priority:0, 9985d3ec-0c4a-4a8b-a6e0-db48a89ddf41|rpc:10.1.0.55:43905|priority:0], old=null
2021-11-30 01:54:13,365 [grpc-default-executor-3] INFO  server.RaftServer$Division (RaftServerImpl.java:requestVote(1046)) - a62551b8-dd3a-47ef-9924-b3744ef69e33@group-488EF56E7CFC: receive requestVote(ELECTION, 2e9cc417-5ac2-4ec5-9526-3a0456091922, group-488EF56E7CFC, 1, (t:0, i:0))
2021-11-30 01:54:13,365 [grpc-default-executor-0] INFO  server.RaftServer$Division (RaftServerImpl.java:requestVote(1046)) - 9985d3ec-0c4a-4a8b-a6e0-db48a89ddf41@group-488EF56E7CFC: receive requestVote(ELECTION, 2e9cc417-5ac2-4ec5-9526-3a0456091922, group-488EF56E7CFC, 1, (t:0, i:0))
2021-11-30 01:54:13,365 [grpc-default-executor-3] INFO  impl.VoteContext (VoteContext.java:log(48)) - a62551b8-dd3a-47ef-9924-b3744ef69e33@group-488EF56E7CFC-CANDIDATE: reject ELECTION from 2e9cc417-5ac2-4ec5-9526-3a0456091922: already has voted for a62551b8-dd3a-47ef-9924-b3744ef69e33 at current term 1
2021-11-30 01:54:13,365 [grpc-default-executor-3] INFO  server.RaftServer$Division (RaftServerImpl.java:requestVote(1078)) - a62551b8-dd3a-47ef-9924-b3744ef69e33@group-488EF56E7CFC replies to ELECTION vote request: 2e9cc417-5ac2-4ec5-9526-3a0456091922<-a62551b8-dd3a-47ef-9924-b3744ef69e33#0:FAIL-t1. Peer's state: a62551b8-dd3a-47ef-9924-b3744ef69e33@group-488EF56E7CFC:t1, leader=null, voted=a62551b8-dd3a-47ef-9924-b3744ef69e33, raftlog=a62551b8-dd3a-47ef-9924-b3744ef69e33@group-488EF56E7CFC-SegmentedRaftLog:OPENED:c-1, conf=-1: [2e9cc417-5ac2-4ec5-9526-3a0456091922|rpc:10.1.0.55:37317|dataStream:|priority:1, a62551b8-dd3a-47ef-9924-b3744ef69e33|rpc:10.1.0.55:37433|dataStream:|priority:0, 9985d3ec-0c4a-4a8b-a6e0-db48a89ddf41|rpc:10.1.0.55:43905|dataStream:|priority:0], old=null
2021-11-30 01:54:13,366 [grpc-default-executor-5] INFO  server.RaftServer$Division (RaftServerImpl.java:requestVote(1046)) - 2e9cc417-5ac2-4ec5-9526-3a0456091922@group-488EF56E7CFC: receive requestVote(ELECTION, a62551b8-dd3a-47ef-9924-b3744ef69e33, group-488EF56E7CFC, 1, (t:0, i:0))
2021-11-30 01:54:13,366 [grpc-default-executor-5] INFO  impl.VoteContext (VoteContext.java:log(48)) - 2e9cc417-5ac2-4ec5-9526-3a0456091922@group-488EF56E7CFC-CANDIDATE: reject ELECTION from a62551b8-dd3a-47ef-9924-b3744ef69e33: already has voted for 2e9cc417-5ac2-4ec5-9526-3a0456091922 at current term 1
2021-11-30 01:54:13,366 [grpc-default-executor-5] INFO  server.RaftServer$Division (RaftServerImpl.java:requestVote(1078)) - 2e9cc417-5ac2-4ec5-9526-3a0456091922@group-488EF56E7CFC replies to ELECTION vote request: a62551b8-dd3a-47ef-9924-b3744ef69e33<-2e9cc417-5ac2-4ec5-9526-3a0456091922#0:FAIL-t1. Peer's state: 2e9cc417-5ac2-4ec5-9526-3a0456091922@group-488EF56E7CFC:t1, leader=null, voted=2e9cc417-5ac2-4ec5-9526-3a0456091922, raftlog=2e9cc417-5ac2-4ec5-9526-3a0456091922@group-488EF56E7CFC-SegmentedRaftLog:OPENED:c-1, conf=-1: [2e9cc417-5ac2-4ec5-9526-3a0456091922|rpc:10.1.0.55:37317|priority:1, a62551b8-dd3a-47ef-9924-b3744ef69e33|rpc:10.1.0.55:37433|priority:0, 9985d3ec-0c4a-4a8b-a6e0-db48a89ddf41|rpc:10.1.0.55:43905|priority:0], old=null
2021-11-30 01:54:13,383 [grpc-default-executor-0] INFO  impl.VoteContext (VoteContext.java:log(48)) - 9985d3ec-0c4a-4a8b-a6e0-db48a89ddf41@group-488EF56E7CFC-FOLLOWER: reject ELECTION from 2e9cc417-5ac2-4ec5-9526-3a0456091922: already has voted for a62551b8-dd3a-47ef-9924-b3744ef69e33 at current term 1
2021-11-30 01:54:13,383 [grpc-default-executor-0] INFO  server.RaftServer$Division (RaftServerImpl.java:requestVote(1078)) - 9985d3ec-0c4a-4a8b-a6e0-db48a89ddf41@group-488EF56E7CFC replies to ELECTION vote request: 2e9cc417-5ac2-4ec5-9526-3a0456091922<-9985d3ec-0c4a-4a8b-a6e0-db48a89ddf41#0:FAIL-t1. Peer's state: 9985d3ec-0c4a-4a8b-a6e0-db48a89ddf41@group-488EF56E7CFC:t1, leader=null, voted=a62551b8-dd3a-47ef-9924-b3744ef69e33, raftlog=9985d3ec-0c4a-4a8b-a6e0-db48a89ddf41@group-488EF56E7CFC-SegmentedRaftLog:OPENED:c-1, conf=-1: [2e9cc417-5ac2-4ec5-9526-3a0456091922|rpc:10.1.0.55:37317|priority:1, a62551b8-dd3a-47ef-9924-b3744ef69e33|rpc:10.1.0.55:37433|priority:0, 9985d3ec-0c4a-4a8b-a6e0-db48a89ddf41|rpc:10.1.0.55:43905|priority:0], old=null
2021-11-30 01:54:13,413 [a62551b8-dd3a-47ef-9924-b3744ef69e33@group-488EF56E7CFC-LeaderElection99] INFO  impl.LeaderElection (LeaderElection.java:logAndReturn(89)) - a62551b8-dd3a-47ef-9924-b3744ef69e33@group-488EF56E7CFC-LeaderElection99: ELECTION REJECTED received 1 response(s) and 0 exception(s):
2021-11-30 01:54:13,413 [a62551b8-dd3a-47ef-9924-b3744ef69e33@group-488EF56E7CFC-LeaderElection99] INFO  impl.LeaderElection (LeaderElection.java:logAndReturn(93)) -   Response 0: a62551b8-dd3a-47ef-9924-b3744ef69e33<-2e9cc417-5ac2-4ec5-9526-3a0456091922#0:FAIL-t1
2021-11-30 01:54:13,413 [a62551b8-dd3a-47ef-9924-b3744ef69e33@group-488EF56E7CFC-LeaderElection99] INFO  impl.LeaderElection (LeaderElection.java:askForVotes(308)) - a62551b8-dd3a-47ef-9924-b3744ef69e33@group-488EF56E7CFC-LeaderElection99 ELECTION round 0: result REJECTED
2021-11-30 01:54:13,413 [a62551b8-dd3a-47ef-9924-b3744ef69e33@group-488EF56E7CFC-LeaderElection99] INFO  server.RaftServer$Division (RaftServerImpl.java:setRole(290)) - a62551b8-dd3a-47ef-9924-b3744ef69e33@group-488EF56E7CFC: changes role from CANDIDATE to FOLLOWER at term 1 for REJECTED
2021-11-30 01:54:13,413 [a62551b8-dd3a-47ef-9924-b3744ef69e33@group-488EF56E7CFC-LeaderElection99] INFO  impl.RoleInfo (RoleInfo.java:shutdownLeaderElection(121)) - a62551b8-dd3a-47ef-9924-b3744ef69e33: shutdown a62551b8-dd3a-47ef-9924-b3744ef69e33@group-488EF56E7CFC-LeaderElection99
2021-11-30 01:54:13,413 [a62551b8-dd3a-47ef-9924-b3744ef69e33@group-488EF56E7CFC-LeaderElection99] INFO  impl.RoleInfo (RoleInfo.java:updateAndGet(130)) - a62551b8-dd3a-47ef-9924-b3744ef69e33: start a62551b8-dd3a-47ef-9924-b3744ef69e33@group-488EF56E7CFC-FollowerState
2021-11-30 01:54:13,447 [2e9cc417-5ac2-4ec5-9526-3a0456091922@group-488EF56E7CFC-LeaderElection97] INFO  impl.LeaderElection (LeaderElection.java:logAndReturn(89)) - 2e9cc417-5ac2-4ec5-9526-3a0456091922@group-488EF56E7CFC-LeaderElection97: ELECTION REJECTED received 2 response(s) and 0 exception(s):
2021-11-30 01:54:13,447 [2e9cc417-5ac2-4ec5-9526-3a0456091922@group-488EF56E7CFC-LeaderElection97] INFO  impl.LeaderElection (LeaderElection.java:logAndReturn(93)) -   Response 0: 2e9cc417-5ac2-4ec5-9526-3a0456091922<-a62551b8-dd3a-47ef-9924-b3744ef69e33#0:FAIL-t1
2021-11-30 01:54:13,447 [2e9cc417-5ac2-4ec5-9526-3a0456091922@group-488EF56E7CFC-LeaderElection97] INFO  impl.LeaderElection (LeaderElection.java:logAndReturn(93)) -   Response 1: 2e9cc417-5ac2-4ec5-9526-3a0456091922<-9985d3ec-0c4a-4a8b-a6e0-db48a89ddf41#0:FAIL-t1
2021-11-30 01:54:13,447 [2e9cc417-5ac2-4ec5-9526-3a0456091922@group-488EF56E7CFC-LeaderElection97] INFO  impl.LeaderElection (LeaderElection.java:askForVotes(308)) - 2e9cc417-5ac2-4ec5-9526-3a0456091922@group-488EF56E7CFC-LeaderElection97 ELECTION round 0: result REJECTED
2021-11-30 01:54:13,447 [2e9cc417-5ac2-4ec5-9526-3a0456091922@group-488EF56E7CFC-LeaderElection97] INFO  server.RaftServer$Division (RaftServerImpl.java:setRole(290)) - 2e9cc417-5ac2-4ec5-9526-3a0456091922@group-488EF56E7CFC: changes role from CANDIDATE to FOLLOWER at term 1 for REJECTED
2021-11-30 01:54:13,448 [2e9cc417-5ac2-4ec5-9526-3a0456091922@group-488EF56E7CFC-LeaderElection97] INFO  impl.RoleInfo (RoleInfo.java:shutdownLeaderElection(121)) - 2e9cc417-5ac2-4ec5-9526-3a0456091922: shutdown 2e9cc417-5ac2-4ec5-9526-3a0456091922@group-488EF56E7CFC-LeaderElection97
2021-11-30 01:54:13,448 [2e9cc417-5ac2-4ec5-9526-3a0456091922@group-488EF56E7CFC-LeaderElection97] INFO  impl.RoleInfo (RoleInfo.java:updateAndGet(130)) - 2e9cc417-5ac2-4ec5-9526-3a0456091922: start 2e9cc417-5ac2-4ec5-9526-3a0456091922@group-488EF56E7CFC-FollowerState
2021-11-30 01:54:13,575 [EventQueue-OpenPipelineForHealthyPipelineSafeModeRule] INFO  safemode.SCMSafeModeManager (HealthyPipelineSafeModeRule.java:process(124)) - SCM in safe mode. Healthy pipelines reported count is 0, required healthy pipeline reported count is 1
2021-11-30 01:54:13,581 [EndpointStateMachine task thread for /0.0.0.0:36669 - 0 ] INFO  ipc.Client (Client.java:handleConnectionFailure(977)) - Retrying connect to server: 0.0.0.0/0.0.0.0:36669. Already tried 13 time(s); retry policy is RetryUpToMaximumCountWithFixedSleep(maxRetries=15, sleepTime=1000 MILLISECONDS)
2021-11-30 01:54:13,707 [Listener at 127.0.0.1/34865] INFO  ozone.MiniOzoneClusterImpl (MiniOzoneClusterImpl.java:lambda$waitForClusterToBeReady$0(235)) - Nodes are ready. Got 3 of 3 DN Heartbeats.
2021-11-30 01:54:13,708 [Listener at 127.0.0.1/34865] INFO  ozone.MiniOzoneClusterImpl (MiniOzoneClusterImpl.java:lambda$waitForClusterToBeReady$0(238)) - Waiting for cluster to exit safe mode
2021-11-30 01:54:13,708 [Listener at 127.0.0.1/34865] INFO  ozone.MiniOzoneClusterImpl (MiniOzoneClusterImpl.java:lambda$waitForClusterToBeReady$0(240)) - SCM became leader
2021-11-30 01:54:13,808 [EventQueue-OpenPipelineForHealthyPipelineSafeModeRule] INFO  safemode.SCMSafeModeManager (HealthyPipelineSafeModeRule.java:process(124)) - SCM in safe mode. Healthy pipelines reported count is 0, required healthy pipeline reported count is 1
2021-11-30 01:54:14,243 [EventQueue-OpenPipelineForHealthyPipelineSafeModeRule] INFO  safemode.SCMSafeModeManager (HealthyPipelineSafeModeRule.java:process(124)) - SCM in safe mode. Healthy pipelines reported count is 0, required healthy pipeline reported count is 1
2021-11-30 01:54:14,583 [EndpointStateMachine task thread for /0.0.0.0:36669 - 0 ] INFO  ipc.Client (Client.java:handleConnectionFailure(977)) - Retrying connect to server: 0.0.0.0/0.0.0.0:36669. Already tried 14 time(s); retry policy is RetryUpToMaximumCountWithFixedSleep(maxRetries=15, sleepTime=1000 MILLISECONDS)
2021-11-30 01:54:14,708 [Listener at 127.0.0.1/34865] INFO  ozone.MiniOzoneClusterImpl (MiniOzoneClusterImpl.java:lambda$waitForClusterToBeReady$0(235)) - Nodes are ready. Got 3 of 3 DN Heartbeats.
2021-11-30 01:54:14,708 [Listener at 127.0.0.1/34865] INFO  ozone.MiniOzoneClusterImpl (MiniOzoneClusterImpl.java:lambda$waitForClusterToBeReady$0(238)) - Waiting for cluster to exit safe mode
2021-11-30 01:54:14,708 [Listener at 127.0.0.1/34865] INFO  ozone.MiniOzoneClusterImpl (MiniOzoneClusterImpl.java:lambda$waitForClusterToBeReady$0(240)) - SCM became leader
2021-11-30 01:54:14,812 [EventQueue-OpenPipelineForHealthyPipelineSafeModeRule] INFO  safemode.SCMSafeModeManager (HealthyPipelineSafeModeRule.java:process(124)) - SCM in safe mode. Healthy pipelines reported count is 0, required healthy pipeline reported count is 1
2021-11-30 01:54:15,007 [a62551b8-dd3a-47ef-9924-b3744ef69e33@group-B178F6F467CB-FollowerState] INFO  impl.FollowerState (FollowerState.java:run(134)) - a62551b8-dd3a-47ef-9924-b3744ef69e33@group-B178F6F467CB-FollowerState: change to CANDIDATE, lastRpcElapsedTime:5177159590ns, electionTimeout:5176ms
2021-11-30 01:54:15,008 [a62551b8-dd3a-47ef-9924-b3744ef69e33@group-B178F6F467CB-FollowerState] INFO  impl.RoleInfo (RoleInfo.java:shutdownFollowerState(108)) - a62551b8-dd3a-47ef-9924-b3744ef69e33: shutdown a62551b8-dd3a-47ef-9924-b3744ef69e33@group-B178F6F467CB-FollowerState
2021-11-30 01:54:15,008 [a62551b8-dd3a-47ef-9924-b3744ef69e33@group-B178F6F467CB-FollowerState] INFO  server.RaftServer$Division (RaftServerImpl.java:setRole(290)) - a62551b8-dd3a-47ef-9924-b3744ef69e33@group-B178F6F467CB: changes role from  FOLLOWER to CANDIDATE at term 0 for changeToCandidate
2021-11-30 01:54:15,008 [a62551b8-dd3a-47ef-9924-b3744ef69e33@group-B178F6F467CB-FollowerState] INFO  server.RaftServerConfigKeys (ConfUtils.java:logGet(44)) - raft.server.leaderelection.pre-vote = false (custom)
2021-11-30 01:54:15,008 [a62551b8-dd3a-47ef-9924-b3744ef69e33@group-B178F6F467CB-FollowerState] INFO  impl.RoleInfo (RoleInfo.java:updateAndGet(130)) - a62551b8-dd3a-47ef-9924-b3744ef69e33: start a62551b8-dd3a-47ef-9924-b3744ef69e33@group-B178F6F467CB-LeaderElection100
2021-11-30 01:54:15,039 [a62551b8-dd3a-47ef-9924-b3744ef69e33@group-B178F6F467CB-LeaderElection100] INFO  impl.LeaderElection (LeaderElection.java:askForVotes(306)) - a62551b8-dd3a-47ef-9924-b3744ef69e33@group-B178F6F467CB-LeaderElection100 ELECTION round 0: submit vote requests at term 1 for -1: [a62551b8-dd3a-47ef-9924-b3744ef69e33|rpc:10.1.0.55:37433|priority:1], old=null
2021-11-30 01:54:15,039 [a62551b8-dd3a-47ef-9924-b3744ef69e33@group-B178F6F467CB-LeaderElection100] INFO  impl.LeaderElection (LeaderElection.java:askForVotes(308)) - a62551b8-dd3a-47ef-9924-b3744ef69e33@group-B178F6F467CB-LeaderElection100 ELECTION round 0: result PASSED (term=1)
2021-11-30 01:54:15,043 [a62551b8-dd3a-47ef-9924-b3744ef69e33@group-B178F6F467CB-LeaderElection100] INFO  impl.RoleInfo (RoleInfo.java:shutdownLeaderElection(121)) - a62551b8-dd3a-47ef-9924-b3744ef69e33: shutdown a62551b8-dd3a-47ef-9924-b3744ef69e33@group-B178F6F467CB-LeaderElection100
2021-11-30 01:54:15,043 [a62551b8-dd3a-47ef-9924-b3744ef69e33@group-B178F6F467CB-LeaderElection100] INFO  server.RaftServer$Division (RaftServerImpl.java:setRole(290)) - a62551b8-dd3a-47ef-9924-b3744ef69e33@group-B178F6F467CB: changes role from CANDIDATE to LEADER at term 1 for changeToLeader
2021-11-30 01:54:15,043 [a62551b8-dd3a-47ef-9924-b3744ef69e33@group-B178F6F467CB-LeaderElection100] INFO  ratis.XceiverServerRatis (XceiverServerRatis.java:handleLeaderChangedNotification(866)) - Leader change notification received for group: group-B178F6F467CB with new leaderId: a62551b8-dd3a-47ef-9924-b3744ef69e33
2021-11-30 01:54:15,043 [a62551b8-dd3a-47ef-9924-b3744ef69e33@group-B178F6F467CB-LeaderElection100] INFO  server.RaftServer$Division (ServerState.java:setLeader(285)) - a62551b8-dd3a-47ef-9924-b3744ef69e33@group-B178F6F467CB: change Leader from null to a62551b8-dd3a-47ef-9924-b3744ef69e33 at term 1 for becomeLeader, leader elected after 5238ms
2021-11-30 01:54:15,043 [a62551b8-dd3a-47ef-9924-b3744ef69e33@group-B178F6F467CB-LeaderElection100] INFO  server.RaftServerConfigKeys (ConfUtils.java:logGet(44)) - raft.server.staging.catchup.gap = 1000 (default)
2021-11-30 01:54:15,044 [a62551b8-dd3a-47ef-9924-b3744ef69e33@group-B178F6F467CB-LeaderElection100] INFO  server.RaftServerConfigKeys (ConfUtils.java:logGet(44)) - raft.server.write.element-limit = 1024 (custom)
2021-11-30 01:54:15,044 [a62551b8-dd3a-47ef-9924-b3744ef69e33@group-B178F6F467CB-LeaderElection100] INFO  server.RaftServerConfigKeys (ConfUtils.java:logGet(44)) - raft.server.write.byte-limit = 1024 M (=1073741824) (custom)
2021-11-30 01:54:15,044 [a62551b8-dd3a-47ef-9924-b3744ef69e33@group-B178F6F467CB-LeaderElection100] INFO  server.RaftServerConfigKeys (ConfUtils.java:logGet(44)) - raft.server.watch.timeout = 180s (custom)
2021-11-30 01:54:15,044 [a62551b8-dd3a-47ef-9924-b3744ef69e33@group-B178F6F467CB-LeaderElection100] INFO  server.RaftServerConfigKeys (ConfUtils.java:logGet(44)) - raft.server.watch.timeout.denomination = 1s (default)
2021-11-30 01:54:15,044 [a62551b8-dd3a-47ef-9924-b3744ef69e33@group-B178F6F467CB-LeaderElection100] INFO  server.RaftServerConfigKeys (ConfUtils.java:logGet(44)) - raft.server.watch.element-limit = 65536 (default)
2021-11-30 01:54:15,044 [a62551b8-dd3a-47ef-9924-b3744ef69e33@group-B178F6F467CB-LeaderElection100] INFO  server.RaftServerConfigKeys (ConfUtils.java:logGet(44)) - raft.server.write.element-limit = 1024 (custom)
2021-11-30 01:54:15,045 [a62551b8-dd3a-47ef-9924-b3744ef69e33@group-B178F6F467CB-LeaderElection100] INFO  server.RaftServerConfigKeys (ConfUtils.java:logGet(44)) - raft.server.write.follower.gap.ratio.max = -1.0 (default)
2021-11-30 01:54:15,045 [a62551b8-dd3a-47ef-9924-b3744ef69e33@group-B178F6F467CB-LeaderElection100] INFO  impl.RoleInfo (RoleInfo.java:updateAndGet(130)) - a62551b8-dd3a-47ef-9924-b3744ef69e33: start a62551b8-dd3a-47ef-9924-b3744ef69e33@group-B178F6F467CB-LeaderStateImpl
2021-11-30 01:54:15,045 [a62551b8-dd3a-47ef-9924-b3744ef69e33@group-B178F6F467CB-LeaderElection100] INFO  segmented.SegmentedRaftLogWorker (SegmentedRaftLogWorker.java:startLogSegment(394)) - a62551b8-dd3a-47ef-9924-b3744ef69e33@group-B178F6F467CB-SegmentedRaftLogWorker: Starting segment from index:0
2021-11-30 01:54:15,046 [a62551b8-dd3a-47ef-9924-b3744ef69e33@group-B178F6F467CB-LeaderElection100] INFO  server.RaftServer$Division (ServerState.java:setRaftConf(387)) - a62551b8-dd3a-47ef-9924-b3744ef69e33@group-B178F6F467CB: set configuration 0: [a62551b8-dd3a-47ef-9924-b3744ef69e33|rpc:10.1.0.55:37433|dataStream:|priority:1], old=null
2021-11-30 01:54:15,049 [a62551b8-dd3a-47ef-9924-b3744ef69e33@group-B178F6F467CB-SegmentedRaftLogWorker] INFO  segmented.SegmentedRaftLogWorker (SegmentedRaftLogWorker.java:execute(601)) - a62551b8-dd3a-47ef-9924-b3744ef69e33@group-B178F6F467CB-SegmentedRaftLogWorker: created new log segment /home/runner/work/ozone/ozone/hadoop-ozone/integration-test/target/test-dir/MiniOzoneClusterImpl-372abfd9-b76d-47b1-8d83-90153ed5af7e/datanode-2/data/ratis/e433f01d-21a7-4a23-a38e-b178f6f467cb/current/log_inprogress_0
2021-11-30 01:54:15,072 [EventQueue-OpenPipelineForHealthyPipelineSafeModeRule] INFO  safemode.SCMSafeModeManager (HealthyPipelineSafeModeRule.java:process(124)) - SCM in safe mode. Healthy pipelines reported count is 0, required healthy pipeline reported count is 1
2021-11-30 01:54:15,075 [EventQueue-OpenPipelineForHealthyPipelineSafeModeRule] INFO  safemode.SCMSafeModeManager (HealthyPipelineSafeModeRule.java:process(124)) - SCM in safe mode. Healthy pipelines reported count is 0, required healthy pipeline reported count is 1
2021-11-30 01:54:15,513 [Datanode State Machine Daemon Thread] ERROR datanode.RunningDatanodeState (RunningDatanodeState.java:computeNextContainerState(199)) - Error in executing end point task.
java.util.concurrent.ExecutionException: java.util.concurrent.TimeoutException
	at java.util.concurrent.FutureTask.report(FutureTask.java:122)
	at java.util.concurrent.FutureTask.get(FutureTask.java:192)
	at org.apache.hadoop.ozone.container.common.states.datanode.RunningDatanodeState.computeNextContainerState(RunningDatanodeState.java:191)
	at org.apache.hadoop.ozone.container.common.states.datanode.RunningDatanodeState.await(RunningDatanodeState.java:231)
	at org.apache.hadoop.ozone.container.common.states.datanode.RunningDatanodeState.await(RunningDatanodeState.java:50)
	at org.apache.hadoop.ozone.container.common.statemachine.StateContext.execute(StateContext.java:633)
	at org.apache.hadoop.ozone.container.common.statemachine.DatanodeStateMachine.start(DatanodeStateMachine.java:280)
	at org.apache.hadoop.ozone.container.common.statemachine.DatanodeStateMachine.lambda$startDaemon$0(DatanodeStateMachine.java:468)
	at java.lang.Thread.run(Thread.java:748)
Caused by: java.util.concurrent.TimeoutException
	at java.util.concurrent.FutureTask.get(FutureTask.java:205)
	at org.apache.hadoop.ozone.container.common.states.datanode.RunningDatanodeState.lambda$execute$0(RunningDatanodeState.java:149)
	at java.util.concurrent.FutureTask.run(FutureTask.java:266)
	at java.util.concurrent.Executors$RunnableAdapter.call(Executors.java:511)
	at java.util.concurrent.FutureTask.run(FutureTask.java:266)
	at java.util.concurrent.ThreadPoolExecutor.runWorker(ThreadPoolExecutor.java:1149)
	at java.util.concurrent.ThreadPoolExecutor$Worker.run(ThreadPoolExecutor.java:624)
	... 1 more
2021-11-30 01:54:15,585 [EndpointStateMachine task thread for /0.0.0.0:36669 - 0 ] INFO  ipc.Client (Client.java:handleConnectionFailure(977)) - Retrying connect to server: 0.0.0.0/0.0.0.0:36669. Already tried 0 time(s); retry policy is RetryUpToMaximumCountWithFixedSleep(maxRetries=15, sleepTime=1000 MILLISECONDS)
2021-11-30 01:54:15,708 [Listener at 127.0.0.1/34865] INFO  ozone.MiniOzoneClusterImpl (MiniOzoneClusterImpl.java:lambda$waitForClusterToBeReady$0(235)) - Nodes are ready. Got 3 of 3 DN Heartbeats.
2021-11-30 01:54:15,708 [Listener at 127.0.0.1/34865] INFO  ozone.MiniOzoneClusterImpl (MiniOzoneClusterImpl.java:lambda$waitForClusterToBeReady$0(238)) - Waiting for cluster to exit safe mode
2021-11-30 01:54:15,708 [Listener at 127.0.0.1/34865] INFO  ozone.MiniOzoneClusterImpl (MiniOzoneClusterImpl.java:lambda$waitForClusterToBeReady$0(240)) - SCM became leader
2021-11-30 01:54:15,737 [EventQueue-OpenPipelineForHealthyPipelineSafeModeRule] INFO  safemode.SCMSafeModeManager (HealthyPipelineSafeModeRule.java:process(124)) - SCM in safe mode. Healthy pipelines reported count is 0, required healthy pipeline reported count is 1
2021-11-30 01:54:16,075 [EventQueue-OpenPipelineForHealthyPipelineSafeModeRule] INFO  safemode.SCMSafeModeManager (HealthyPipelineSafeModeRule.java:process(124)) - SCM in safe mode. Healthy pipelines reported count is 0, required healthy pipeline reported count is 1
2021-11-30 01:54:16,076 [EventQueue-OpenPipelineForHealthyPipelineSafeModeRule] INFO  safemode.SCMSafeModeManager (HealthyPipelineSafeModeRule.java:process(124)) - SCM in safe mode. Healthy pipelines reported count is 0, required healthy pipeline reported count is 1
2021-11-30 01:54:16,586 [EndpointStateMachine task thread for /0.0.0.0:36669 - 0 ] INFO  ipc.Client (Client.java:handleConnectionFailure(977)) - Retrying connect to server: 0.0.0.0/0.0.0.0:36669. Already tried 1 time(s); retry policy is RetryUpToMaximumCountWithFixedSleep(maxRetries=15, sleepTime=1000 MILLISECONDS)
2021-11-30 01:54:16,708 [Listener at 127.0.0.1/34865] INFO  ozone.MiniOzoneClusterImpl (MiniOzoneClusterImpl.java:lambda$waitForClusterToBeReady$0(235)) - Nodes are ready. Got 3 of 3 DN Heartbeats.
2021-11-30 01:54:16,708 [Listener at 127.0.0.1/34865] INFO  ozone.MiniOzoneClusterImpl (MiniOzoneClusterImpl.java:lambda$waitForClusterToBeReady$0(238)) - Waiting for cluster to exit safe mode
2021-11-30 01:54:16,709 [Listener at 127.0.0.1/34865] INFO  ozone.MiniOzoneClusterImpl (MiniOzoneClusterImpl.java:lambda$waitForClusterToBeReady$0(240)) - SCM became leader
2021-11-30 01:54:17,076 [EventQueue-OpenPipelineForHealthyPipelineSafeModeRule] INFO  safemode.SCMSafeModeManager (HealthyPipelineSafeModeRule.java:process(124)) - SCM in safe mode. Healthy pipelines reported count is 0, required healthy pipeline reported count is 1
2021-11-30 01:54:17,577 [EventQueue-OpenPipelineForHealthyPipelineSafeModeRule] INFO  safemode.SCMSafeModeManager (HealthyPipelineSafeModeRule.java:process(124)) - SCM in safe mode. Healthy pipelines reported count is 0, required healthy pipeline reported count is 1
2021-11-30 01:54:17,606 [EndpointStateMachine task thread for /0.0.0.0:36669 - 0 ] INFO  ipc.Client (Client.java:handleConnectionFailure(977)) - Retrying connect to server: 0.0.0.0/0.0.0.0:36669. Already tried 2 time(s); retry policy is RetryUpToMaximumCountWithFixedSleep(maxRetries=15, sleepTime=1000 MILLISECONDS)
2021-11-30 01:54:17,709 [Listener at 127.0.0.1/34865] INFO  ozone.MiniOzoneClusterImpl (MiniOzoneClusterImpl.java:lambda$waitForClusterToBeReady$0(235)) - Nodes are ready. Got 3 of 3 DN Heartbeats.
2021-11-30 01:54:17,709 [Listener at 127.0.0.1/34865] INFO  ozone.MiniOzoneClusterImpl (MiniOzoneClusterImpl.java:lambda$waitForClusterToBeReady$0(238)) - Waiting for cluster to exit safe mode
2021-11-30 01:54:17,709 [Listener at 127.0.0.1/34865] INFO  ozone.MiniOzoneClusterImpl (MiniOzoneClusterImpl.java:lambda$waitForClusterToBeReady$0(240)) - SCM became leader
2021-11-30 01:54:17,753 [EventQueue-OpenPipelineForHealthyPipelineSafeModeRule] INFO  safemode.SCMSafeModeManager (HealthyPipelineSafeModeRule.java:process(124)) - SCM in safe mode. Healthy pipelines reported count is 0, required healthy pipeline reported count is 1
2021-11-30 01:54:18,080 [EventQueue-OpenPipelineForHealthyPipelineSafeModeRule] INFO  safemode.SCMSafeModeManager (HealthyPipelineSafeModeRule.java:process(124)) - SCM in safe mode. Healthy pipelines reported count is 0, required healthy pipeline reported count is 1
2021-11-30 01:54:18,530 [2e9cc417-5ac2-4ec5-9526-3a0456091922@group-488EF56E7CFC-FollowerState] INFO  impl.FollowerState (FollowerState.java:run(134)) - 2e9cc417-5ac2-4ec5-9526-3a0456091922@group-488EF56E7CFC-FollowerState: change to CANDIDATE, lastRpcElapsedTime:5082220459ns, electionTimeout:5079ms
2021-11-30 01:54:18,530 [2e9cc417-5ac2-4ec5-9526-3a0456091922@group-488EF56E7CFC-FollowerState] INFO  impl.RoleInfo (RoleInfo.java:shutdownFollowerState(108)) - 2e9cc417-5ac2-4ec5-9526-3a0456091922: shutdown 2e9cc417-5ac2-4ec5-9526-3a0456091922@group-488EF56E7CFC-FollowerState
2021-11-30 01:54:18,530 [2e9cc417-5ac2-4ec5-9526-3a0456091922@group-488EF56E7CFC-FollowerState] INFO  server.RaftServer$Division (RaftServerImpl.java:setRole(290)) - 2e9cc417-5ac2-4ec5-9526-3a0456091922@group-488EF56E7CFC: changes role from  FOLLOWER to CANDIDATE at term 1 for changeToCandidate
2021-11-30 01:54:18,530 [2e9cc417-5ac2-4ec5-9526-3a0456091922@group-488EF56E7CFC-FollowerState] INFO  server.RaftServerConfigKeys (ConfUtils.java:logGet(44)) - raft.server.leaderelection.pre-vote = false (custom)
2021-11-30 01:54:18,530 [2e9cc417-5ac2-4ec5-9526-3a0456091922@group-488EF56E7CFC-FollowerState] INFO  impl.RoleInfo (RoleInfo.java:updateAndGet(130)) - 2e9cc417-5ac2-4ec5-9526-3a0456091922: start 2e9cc417-5ac2-4ec5-9526-3a0456091922@group-488EF56E7CFC-LeaderElection101
2021-11-30 01:54:18,541 [2e9cc417-5ac2-4ec5-9526-3a0456091922@group-488EF56E7CFC-LeaderElection101] INFO  impl.LeaderElection (LeaderElection.java:askForVotes(306)) - 2e9cc417-5ac2-4ec5-9526-3a0456091922@group-488EF56E7CFC-LeaderElection101 ELECTION round 0: submit vote requests at term 2 for -1: [2e9cc417-5ac2-4ec5-9526-3a0456091922|rpc:10.1.0.55:37317|priority:1, a62551b8-dd3a-47ef-9924-b3744ef69e33|rpc:10.1.0.55:37433|priority:0, 9985d3ec-0c4a-4a8b-a6e0-db48a89ddf41|rpc:10.1.0.55:43905|priority:0], old=null
2021-11-30 01:54:18,585 [grpc-default-executor-1] INFO  server.RaftServer$Division (RaftServerImpl.java:requestVote(1046)) - a62551b8-dd3a-47ef-9924-b3744ef69e33@group-488EF56E7CFC: receive requestVote(ELECTION, 2e9cc417-5ac2-4ec5-9526-3a0456091922, group-488EF56E7CFC, 2, (t:0, i:0))
2021-11-30 01:54:18,586 [grpc-default-executor-1] INFO  impl.VoteContext (VoteContext.java:log(48)) - a62551b8-dd3a-47ef-9924-b3744ef69e33@group-488EF56E7CFC-FOLLOWER: accept ELECTION from 2e9cc417-5ac2-4ec5-9526-3a0456091922: our priority 0 <= candidate's priority 1
2021-11-30 01:54:18,586 [grpc-default-executor-1] INFO  server.RaftServer$Division (RaftServerImpl.java:setRole(290)) - a62551b8-dd3a-47ef-9924-b3744ef69e33@group-488EF56E7CFC: changes role from  FOLLOWER to FOLLOWER at term 2 for candidate:2e9cc417-5ac2-4ec5-9526-3a0456091922
2021-11-30 01:54:18,586 [grpc-default-executor-1] INFO  impl.RoleInfo (RoleInfo.java:shutdownFollowerState(108)) - a62551b8-dd3a-47ef-9924-b3744ef69e33: shutdown a62551b8-dd3a-47ef-9924-b3744ef69e33@group-488EF56E7CFC-FollowerState
2021-11-30 01:54:18,586 [grpc-default-executor-1] INFO  impl.RoleInfo (RoleInfo.java:updateAndGet(130)) - a62551b8-dd3a-47ef-9924-b3744ef69e33: start a62551b8-dd3a-47ef-9924-b3744ef69e33@group-488EF56E7CFC-FollowerState
2021-11-30 01:54:18,588 [grpc-default-executor-4] INFO  server.RaftServer$Division (RaftServerImpl.java:requestVote(1046)) - 9985d3ec-0c4a-4a8b-a6e0-db48a89ddf41@group-488EF56E7CFC: receive requestVote(ELECTION, 2e9cc417-5ac2-4ec5-9526-3a0456091922, group-488EF56E7CFC, 2, (t:0, i:0))
2021-11-30 01:54:18,588 [grpc-default-executor-4] INFO  impl.VoteContext (VoteContext.java:log(48)) - 9985d3ec-0c4a-4a8b-a6e0-db48a89ddf41@group-488EF56E7CFC-FOLLOWER: accept ELECTION from 2e9cc417-5ac2-4ec5-9526-3a0456091922: our priority 0 <= candidate's priority 1
2021-11-30 01:54:18,588 [grpc-default-executor-4] INFO  server.RaftServer$Division (RaftServerImpl.java:setRole(290)) - 9985d3ec-0c4a-4a8b-a6e0-db48a89ddf41@group-488EF56E7CFC: changes role from  FOLLOWER to FOLLOWER at term 2 for candidate:2e9cc417-5ac2-4ec5-9526-3a0456091922
2021-11-30 01:54:18,588 [grpc-default-executor-4] INFO  impl.RoleInfo (RoleInfo.java:shutdownFollowerState(108)) - 9985d3ec-0c4a-4a8b-a6e0-db48a89ddf41: shutdown 9985d3ec-0c4a-4a8b-a6e0-db48a89ddf41@group-488EF56E7CFC-FollowerState
2021-11-30 01:54:18,590 [grpc-default-executor-4] INFO  impl.RoleInfo (RoleInfo.java:updateAndGet(130)) - 9985d3ec-0c4a-4a8b-a6e0-db48a89ddf41: start 9985d3ec-0c4a-4a8b-a6e0-db48a89ddf41@group-488EF56E7CFC-FollowerState
2021-11-30 01:54:18,590 [9985d3ec-0c4a-4a8b-a6e0-db48a89ddf41@group-488EF56E7CFC-FollowerState] INFO  impl.FollowerState (FollowerState.java:run(143)) - 9985d3ec-0c4a-4a8b-a6e0-db48a89ddf41@group-488EF56E7CFC-FollowerState was interrupted: {}
java.lang.InterruptedException: sleep interrupted
	at java.lang.Thread.sleep(Native Method)
	at java.lang.Thread.sleep(Thread.java:340)
	at java.util.concurrent.TimeUnit.sleep(TimeUnit.java:386)
	at org.apache.ratis.util.TimeDuration.sleep(TimeDuration.java:324)
	at org.apache.ratis.util.TimeDuration.sleep(TimeDuration.java:309)
	at org.apache.ratis.server.impl.FollowerState.run(FollowerState.java:118)
2021-11-30 01:54:18,599 [grpc-default-executor-4] INFO  server.RaftServer$Division (RaftServerImpl.java:requestVote(1078)) - 9985d3ec-0c4a-4a8b-a6e0-db48a89ddf41@group-488EF56E7CFC replies to ELECTION vote request: 2e9cc417-5ac2-4ec5-9526-3a0456091922<-9985d3ec-0c4a-4a8b-a6e0-db48a89ddf41#0:OK-t2. Peer's state: 9985d3ec-0c4a-4a8b-a6e0-db48a89ddf41@group-488EF56E7CFC:t2, leader=null, voted=2e9cc417-5ac2-4ec5-9526-3a0456091922, raftlog=9985d3ec-0c4a-4a8b-a6e0-db48a89ddf41@group-488EF56E7CFC-SegmentedRaftLog:OPENED:c-1, conf=-1: [2e9cc417-5ac2-4ec5-9526-3a0456091922|rpc:10.1.0.55:37317|priority:1, a62551b8-dd3a-47ef-9924-b3744ef69e33|rpc:10.1.0.55:37433|priority:0, 9985d3ec-0c4a-4a8b-a6e0-db48a89ddf41|rpc:10.1.0.55:43905|priority:0], old=null
2021-11-30 01:54:18,600 [grpc-default-executor-1] INFO  server.RaftServer$Division (RaftServerImpl.java:requestVote(1078)) - a62551b8-dd3a-47ef-9924-b3744ef69e33@group-488EF56E7CFC replies to ELECTION vote request: 2e9cc417-5ac2-4ec5-9526-3a0456091922<-a62551b8-dd3a-47ef-9924-b3744ef69e33#0:OK-t2. Peer's state: a62551b8-dd3a-47ef-9924-b3744ef69e33@group-488EF56E7CFC:t2, leader=null, voted=2e9cc417-5ac2-4ec5-9526-3a0456091922, raftlog=a62551b8-dd3a-47ef-9924-b3744ef69e33@group-488EF56E7CFC-SegmentedRaftLog:OPENED:c-1, conf=-1: [2e9cc417-5ac2-4ec5-9526-3a0456091922|rpc:10.1.0.55:37317|dataStream:|priority:1, a62551b8-dd3a-47ef-9924-b3744ef69e33|rpc:10.1.0.55:37433|dataStream:|priority:0, 9985d3ec-0c4a-4a8b-a6e0-db48a89ddf41|rpc:10.1.0.55:43905|dataStream:|priority:0], old=null
2021-11-30 01:54:18,603 [2e9cc417-5ac2-4ec5-9526-3a0456091922@group-488EF56E7CFC-LeaderElection101] INFO  impl.LeaderElection (LeaderElection.java:logAndReturn(89)) - 2e9cc417-5ac2-4ec5-9526-3a0456091922@group-488EF56E7CFC-LeaderElection101: ELECTION PASSED received 1 response(s) and 0 exception(s):
2021-11-30 01:54:18,603 [2e9cc417-5ac2-4ec5-9526-3a0456091922@group-488EF56E7CFC-LeaderElection101] INFO  impl.LeaderElection (LeaderElection.java:logAndReturn(93)) -   Response 0: 2e9cc417-5ac2-4ec5-9526-3a0456091922<-a62551b8-dd3a-47ef-9924-b3744ef69e33#0:OK-t2
2021-11-30 01:54:18,603 [2e9cc417-5ac2-4ec5-9526-3a0456091922@group-488EF56E7CFC-LeaderElection101] INFO  impl.LeaderElection (LeaderElection.java:askForVotes(308)) - 2e9cc417-5ac2-4ec5-9526-3a0456091922@group-488EF56E7CFC-LeaderElection101 ELECTION round 0: result PASSED
2021-11-30 01:54:18,603 [2e9cc417-5ac2-4ec5-9526-3a0456091922@group-488EF56E7CFC-LeaderElection101] INFO  impl.RoleInfo (RoleInfo.java:shutdownLeaderElection(121)) - 2e9cc417-5ac2-4ec5-9526-3a0456091922: shutdown 2e9cc417-5ac2-4ec5-9526-3a0456091922@group-488EF56E7CFC-LeaderElection101
2021-11-30 01:54:18,603 [2e9cc417-5ac2-4ec5-9526-3a0456091922@group-488EF56E7CFC-LeaderElection101] INFO  server.RaftServer$Division (RaftServerImpl.java:setRole(290)) - 2e9cc417-5ac2-4ec5-9526-3a0456091922@group-488EF56E7CFC: changes role from CANDIDATE to LEADER at term 2 for changeToLeader
2021-11-30 01:54:18,603 [2e9cc417-5ac2-4ec5-9526-3a0456091922@group-488EF56E7CFC-LeaderElection101] INFO  ratis.XceiverServerRatis (XceiverServerRatis.java:handleLeaderChangedNotification(866)) - Leader change notification received for group: group-488EF56E7CFC with new leaderId: 2e9cc417-5ac2-4ec5-9526-3a0456091922
2021-11-30 01:54:18,603 [2e9cc417-5ac2-4ec5-9526-3a0456091922@group-488EF56E7CFC-LeaderElection101] INFO  server.RaftServer$Division (ServerState.java:setLeader(285)) - 2e9cc417-5ac2-4ec5-9526-3a0456091922@group-488EF56E7CFC: change Leader from null to 2e9cc417-5ac2-4ec5-9526-3a0456091922 at term 2 for becomeLeader, leader elected after 10710ms
2021-11-30 01:54:18,603 [2e9cc417-5ac2-4ec5-9526-3a0456091922@group-488EF56E7CFC-LeaderElection101] INFO  server.RaftServerConfigKeys (ConfUtils.java:logGet(44)) - raft.server.staging.catchup.gap = 1000 (default)
2021-11-30 01:54:18,603 [2e9cc417-5ac2-4ec5-9526-3a0456091922@group-488EF56E7CFC-LeaderElection101] INFO  server.RaftServerConfigKeys (ConfUtils.java:logGet(44)) - raft.server.write.element-limit = 1024 (custom)
2021-11-30 01:54:18,603 [2e9cc417-5ac2-4ec5-9526-3a0456091922@group-488EF56E7CFC-LeaderElection101] INFO  server.RaftServerConfigKeys (ConfUtils.java:logGet(44)) - raft.server.write.byte-limit = 1024 M (=1073741824) (custom)
2021-11-30 01:54:18,604 [2e9cc417-5ac2-4ec5-9526-3a0456091922@group-488EF56E7CFC-LeaderElection101] INFO  server.RaftServerConfigKeys (ConfUtils.java:logGet(44)) - raft.server.watch.timeout = 180s (custom)
2021-11-30 01:54:18,604 [2e9cc417-5ac2-4ec5-9526-3a0456091922@group-488EF56E7CFC-LeaderElection101] INFO  server.RaftServerConfigKeys (ConfUtils.java:logGet(44)) - raft.server.watch.timeout.denomination = 1s (default)
2021-11-30 01:54:18,604 [2e9cc417-5ac2-4ec5-9526-3a0456091922@group-488EF56E7CFC-LeaderElection101] INFO  server.RaftServerConfigKeys (ConfUtils.java:logGet(44)) - raft.server.watch.element-limit = 65536 (default)
2021-11-30 01:54:18,604 [2e9cc417-5ac2-4ec5-9526-3a0456091922@group-488EF56E7CFC-LeaderElection101] INFO  server.RaftServerConfigKeys (ConfUtils.java:logGet(44)) - raft.server.write.element-limit = 1024 (custom)
2021-11-30 01:54:18,604 [2e9cc417-5ac2-4ec5-9526-3a0456091922@group-488EF56E7CFC-LeaderElection101] INFO  server.RaftServerConfigKeys (ConfUtils.java:logGet(44)) - raft.server.write.follower.gap.ratio.max = -1.0 (default)
2021-11-30 01:54:18,604 [2e9cc417-5ac2-4ec5-9526-3a0456091922@group-488EF56E7CFC-LeaderElection101] INFO  server.RaftServerConfigKeys (ConfUtils.java:logGet(44)) - raft.server.log.appender.snapshot.chunk.size.max = 16MB (=16777216) (default)
2021-11-30 01:54:18,604 [2e9cc417-5ac2-4ec5-9526-3a0456091922@group-488EF56E7CFC-LeaderElection101] INFO  server.RaftServerConfigKeys (ConfUtils.java:logGet(44)) - raft.server.log.appender.buffer.byte-limit = 33554432 (custom)
2021-11-30 01:54:18,604 [2e9cc417-5ac2-4ec5-9526-3a0456091922@group-488EF56E7CFC-LeaderElection101] INFO  server.RaftServerConfigKeys (ConfUtils.java:logGet(44)) - raft.server.log.appender.buffer.element-limit = 1 (custom)
2021-11-30 01:54:18,604 [2e9cc417-5ac2-4ec5-9526-3a0456091922@group-488EF56E7CFC-LeaderElection101] INFO  grpc.GrpcConfigKeys (ConfUtils.java:logGet(44)) - raft.grpc.server.leader.outstanding.appends.max = 128 (default)
2021-11-30 01:54:18,604 [2e9cc417-5ac2-4ec5-9526-3a0456091922@group-488EF56E7CFC-LeaderElection101] INFO  server.RaftServerConfigKeys (ConfUtils.java:logGet(44)) - raft.server.rpc.request.timeout = 60s (custom)
2021-11-30 01:54:18,605 [2e9cc417-5ac2-4ec5-9526-3a0456091922@group-488EF56E7CFC-LeaderElection101] INFO  server.RaftServerConfigKeys (ConfUtils.java:logGet(44)) - raft.server.log.appender.install.snapshot.enabled = false (custom)
2021-11-30 01:54:18,606 [2e9cc417-5ac2-4ec5-9526-3a0456091922@group-488EF56E7CFC-LeaderElection101] INFO  server.RaftServerConfigKeys (ConfUtils.java:logGet(44)) - raft.server.log.appender.snapshot.chunk.size.max = 16MB (=16777216) (default)
2021-11-30 01:54:18,606 [2e9cc417-5ac2-4ec5-9526-3a0456091922@group-488EF56E7CFC-LeaderElection101] INFO  server.RaftServerConfigKeys (ConfUtils.java:logGet(44)) - raft.server.log.appender.buffer.byte-limit = 33554432 (custom)
2021-11-30 01:54:18,606 [2e9cc417-5ac2-4ec5-9526-3a0456091922@group-488EF56E7CFC-LeaderElection101] INFO  server.RaftServerConfigKeys (ConfUtils.java:logGet(44)) - raft.server.log.appender.buffer.element-limit = 1 (custom)
2021-11-30 01:54:18,606 [2e9cc417-5ac2-4ec5-9526-3a0456091922@group-488EF56E7CFC-LeaderElection101] INFO  grpc.GrpcConfigKeys (ConfUtils.java:logGet(44)) - raft.grpc.server.leader.outstanding.appends.max = 128 (default)
2021-11-30 01:54:18,606 [2e9cc417-5ac2-4ec5-9526-3a0456091922@group-488EF56E7CFC-LeaderElection101] INFO  server.RaftServerConfigKeys (ConfUtils.java:logGet(44)) - raft.server.rpc.request.timeout = 60s (custom)
2021-11-30 01:54:18,606 [2e9cc417-5ac2-4ec5-9526-3a0456091922@group-488EF56E7CFC-LeaderElection101] INFO  server.RaftServerConfigKeys (ConfUtils.java:logGet(44)) - raft.server.log.appender.install.snapshot.enabled = false (custom)
2021-11-30 01:54:18,607 [EndpointStateMachine task thread for /0.0.0.0:36669 - 0 ] INFO  ipc.Client (Client.java:handleConnectionFailure(977)) - Retrying connect to server: 0.0.0.0/0.0.0.0:36669. Already tried 3 time(s); retry policy is RetryUpToMaximumCountWithFixedSleep(maxRetries=15, sleepTime=1000 MILLISECONDS)
2021-11-30 01:54:18,609 [2e9cc417-5ac2-4ec5-9526-3a0456091922@group-488EF56E7CFC-LeaderElection101] INFO  impl.RoleInfo (RoleInfo.java:updateAndGet(130)) - 2e9cc417-5ac2-4ec5-9526-3a0456091922: start 2e9cc417-5ac2-4ec5-9526-3a0456091922@group-488EF56E7CFC-LeaderStateImpl
2021-11-30 01:54:18,609 [2e9cc417-5ac2-4ec5-9526-3a0456091922@group-488EF56E7CFC-LeaderElection101] INFO  segmented.SegmentedRaftLogWorker (SegmentedRaftLogWorker.java:startLogSegment(394)) - 2e9cc417-5ac2-4ec5-9526-3a0456091922@group-488EF56E7CFC-SegmentedRaftLogWorker: Starting segment from index:0
2021-11-30 01:54:18,613 [2e9cc417-5ac2-4ec5-9526-3a0456091922@group-488EF56E7CFC-SegmentedRaftLogWorker] INFO  segmented.SegmentedRaftLogWorker (SegmentedRaftLogWorker.java:execute(601)) - 2e9cc417-5ac2-4ec5-9526-3a0456091922@group-488EF56E7CFC-SegmentedRaftLogWorker: created new log segment /home/runner/work/ozone/ozone/hadoop-ozone/integration-test/target/test-dir/MiniOzoneClusterImpl-372abfd9-b76d-47b1-8d83-90153ed5af7e/datanode-0/data/ratis/93a99d21-8a6a-4a1c-989c-488ef56e7cfc/current/log_inprogress_0
2021-11-30 01:54:18,614 [EventQueue-PipelineReportForPipelineReportHandler] INFO  pipeline.PipelineManagerImpl (PipelineManagerImpl.java:openPipeline(289)) - Pipeline Pipeline[ Id: 93a99d21-8a6a-4a1c-989c-488ef56e7cfc, Nodes: a62551b8-dd3a-47ef-9924-b3744ef69e33{ip: 10.1.0.55, host: fv-az270-622.tacnzluakwdehk1hpragurqkma.bx.internal.cloudapp.net, ports: [REPLICATION=43921, RATIS=37433, RATIS_ADMIN=37433, RATIS_SERVER=37433, STANDALONE=45199], networkLocation: /default-rack, certSerialId: null, persistedOpState: IN_SERVICE, persistedOpStateExpiryEpochSec: 0}9985d3ec-0c4a-4a8b-a6e0-db48a89ddf41{ip: 10.1.0.55, host: fv-az270-622.tacnzluakwdehk1hpragurqkma.bx.internal.cloudapp.net, ports: [REPLICATION=38583, RATIS=43905, RATIS_ADMIN=43905, RATIS_SERVER=43905, STANDALONE=38699], networkLocation: /default-rack, certSerialId: null, persistedOpState: IN_SERVICE, persistedOpStateExpiryEpochSec: 0}2e9cc417-5ac2-4ec5-9526-3a0456091922{ip: 10.1.0.55, host: fv-az270-622.tacnzluakwdehk1hpragurqkma.bx.internal.cloudapp.net, ports: [REPLICATION=38139, RATIS=37317, RATIS_ADMIN=37317, RATIS_SERVER=37317, STANDALONE=36147], networkLocation: /default-rack, certSerialId: null, persistedOpState: IN_SERVICE, persistedOpStateExpiryEpochSec: 0}, ReplicationConfig: RATIS/THREE, State:ALLOCATED, leaderId:2e9cc417-5ac2-4ec5-9526-3a0456091922, CreationTimestamp2021-11-30T01:54:06.800Z[Etc/UTC]] moved to OPEN state
2021-11-30 01:54:18,614 [EventQueue-OpenPipelineForHealthyPipelineSafeModeRule] INFO  safemode.SCMSafeModeManager (HealthyPipelineSafeModeRule.java:process(124)) - SCM in safe mode. Healthy pipelines reported count is 0, required healthy pipeline reported count is 1
2021-11-30 01:54:18,614 [EventQueue-OpenPipelineForHealthyPipelineSafeModeRule] INFO  safemode.SCMSafeModeManager (HealthyPipelineSafeModeRule.java:process(124)) - SCM in safe mode. Healthy pipelines reported count is 1, required healthy pipeline reported count is 1
2021-11-30 01:54:18,614 [EventQueue-OpenPipelineForHealthyPipelineSafeModeRule] INFO  safemode.SCMSafeModeManager (SCMSafeModeManager.java:validateSafeModeExitRules(204)) - HealthyPipelineSafeModeRule rule is successfully validated
2021-11-30 01:54:18,614 [EventQueue-OpenPipelineForHealthyPipelineSafeModeRule] INFO  safemode.SCMSafeModeManager (SCMSafeModeManager.java:validateSafeModeExitRules(219)) - ScmSafeModeManager, all rules are successfully validated
2021-11-30 01:54:18,614 [EventQueue-OpenPipelineForHealthyPipelineSafeModeRule] INFO  safemode.SCMSafeModeManager (SCMSafeModeManager.java:exitSafeMode(248)) - SCM exiting safe mode.
2021-11-30 01:54:18,615 [EventQueue-OpenPipelineForHealthyPipelineSafeModeRule] WARN  events.EventQueue (EventQueue.java:fireEvent(194)) - No event handler registered for event TypedEvent{payloadType=SafeModeStatus, name='Safe mode status'}
2021-11-30 01:54:18,615 [EventQueue-OpenPipelineForHealthyPipelineSafeModeRule] INFO  ha.SCMContext (SCMContext.java:updateSafeModeStatus(205)) - Update SafeModeStatus from SafeModeStatus{safeModeStatus=true, preCheckPassed=true} to SafeModeStatus{safeModeStatus=false, preCheckPassed=true}.
2021-11-30 01:54:18,615 [EventQueue-OpenPipelineForHealthyPipelineSafeModeRule] INFO  pipeline.BackgroundPipelineCreator (BackgroundPipelineCreator.java:notifyStatusChanged(264)) - Service BackgroundPipelineCreator transitions to RUNNING.
2021-11-30 01:54:18,615 [EventQueue-OpenPipelineForHealthyPipelineSafeModeRule] INFO  container.ReplicationManager (ReplicationManager.java:notifyStatusChanged(1756)) - Service ReplicationManager transitions to RUNNING.
2021-11-30 01:54:18,615 [a62551b8-dd3a-47ef-9924-b3744ef69e33@group-488EF56E7CFC-FollowerState] INFO  impl.FollowerState (FollowerState.java:run(143)) - a62551b8-dd3a-47ef-9924-b3744ef69e33@group-488EF56E7CFC-FollowerState was interrupted: {}
java.lang.InterruptedException: sleep interrupted
	at java.lang.Thread.sleep(Native Method)
	at java.lang.Thread.sleep(Thread.java:340)
	at java.util.concurrent.TimeUnit.sleep(TimeUnit.java:386)
	at org.apache.ratis.util.TimeDuration.sleep(TimeDuration.java:324)
	at org.apache.ratis.util.TimeDuration.sleep(TimeDuration.java:309)
	at org.apache.ratis.server.impl.FollowerState.run(FollowerState.java:118)
2021-11-30 01:54:18,650 [grpc-default-executor-4] INFO  ratis.XceiverServerRatis (XceiverServerRatis.java:handleLeaderChangedNotification(866)) - Leader change notification received for group: group-488EF56E7CFC with new leaderId: 2e9cc417-5ac2-4ec5-9526-3a0456091922
2021-11-30 01:54:18,650 [grpc-default-executor-4] INFO  server.RaftServer$Division (ServerState.java:setLeader(285)) - 9985d3ec-0c4a-4a8b-a6e0-db48a89ddf41@group-488EF56E7CFC: change Leader from null to 2e9cc417-5ac2-4ec5-9526-3a0456091922 at term 2 for appendEntries, leader elected after 10576ms
2021-11-30 01:54:18,663 [2e9cc417-5ac2-4ec5-9526-3a0456091922@group-488EF56E7CFC-LeaderElection101] INFO  server.RaftServer$Division (ServerState.java:setRaftConf(387)) - 2e9cc417-5ac2-4ec5-9526-3a0456091922@group-488EF56E7CFC: set configuration 0: [2e9cc417-5ac2-4ec5-9526-3a0456091922|rpc:10.1.0.55:37317|dataStream:|priority:1, a62551b8-dd3a-47ef-9924-b3744ef69e33|rpc:10.1.0.55:37433|dataStream:|priority:0, 9985d3ec-0c4a-4a8b-a6e0-db48a89ddf41|rpc:10.1.0.55:43905|dataStream:|priority:0], old=null
2021-11-30 01:54:18,695 [grpc-default-executor-1] INFO  ratis.XceiverServerRatis (XceiverServerRatis.java:handleLeaderChangedNotification(866)) - Leader change notification received for group: group-488EF56E7CFC with new leaderId: 2e9cc417-5ac2-4ec5-9526-3a0456091922
2021-11-30 01:54:18,695 [grpc-default-executor-1] INFO  server.RaftServer$Division (ServerState.java:setLeader(285)) - a62551b8-dd3a-47ef-9924-b3744ef69e33@group-488EF56E7CFC: change Leader from null to 2e9cc417-5ac2-4ec5-9526-3a0456091922 at term 2 for appendEntries, leader elected after 10666ms
2021-11-30 01:54:18,695 [grpc-default-executor-4] INFO  server.RaftServer$Division (ServerState.java:setRaftConf(387)) - 9985d3ec-0c4a-4a8b-a6e0-db48a89ddf41@group-488EF56E7CFC: set configuration 0: [2e9cc417-5ac2-4ec5-9526-3a0456091922|rpc:10.1.0.55:37317|dataStream:|priority:1, a62551b8-dd3a-47ef-9924-b3744ef69e33|rpc:10.1.0.55:37433|dataStream:|priority:0, 9985d3ec-0c4a-4a8b-a6e0-db48a89ddf41|rpc:10.1.0.55:43905|dataStream:|priority:0], old=null
2021-11-30 01:54:18,696 [grpc-default-executor-4] INFO  segmented.SegmentedRaftLogWorker (SegmentedRaftLogWorker.java:startLogSegment(394)) - 9985d3ec-0c4a-4a8b-a6e0-db48a89ddf41@group-488EF56E7CFC-SegmentedRaftLogWorker: Starting segment from index:0
2021-11-30 01:54:18,701 [grpc-default-executor-4] INFO  server.RaftServer$Division (ServerState.java:setRaftConf(387)) - a62551b8-dd3a-47ef-9924-b3744ef69e33@group-488EF56E7CFC: set configuration 0: [2e9cc417-5ac2-4ec5-9526-3a0456091922|rpc:10.1.0.55:37317|dataStream:|priority:1, a62551b8-dd3a-47ef-9924-b3744ef69e33|rpc:10.1.0.55:37433|dataStream:|priority:0, 9985d3ec-0c4a-4a8b-a6e0-db48a89ddf41|rpc:10.1.0.55:43905|dataStream:|priority:0], old=null
2021-11-30 01:54:18,701 [9985d3ec-0c4a-4a8b-a6e0-db48a89ddf41@group-488EF56E7CFC-SegmentedRaftLogWorker] INFO  segmented.SegmentedRaftLogWorker (SegmentedRaftLogWorker.java:execute(601)) - 9985d3ec-0c4a-4a8b-a6e0-db48a89ddf41@group-488EF56E7CFC-SegmentedRaftLogWorker: created new log segment /home/runner/work/ozone/ozone/hadoop-ozone/integration-test/target/test-dir/MiniOzoneClusterImpl-372abfd9-b76d-47b1-8d83-90153ed5af7e/datanode-1/data/ratis/93a99d21-8a6a-4a1c-989c-488ef56e7cfc/current/log_inprogress_0
2021-11-30 01:54:18,702 [grpc-default-executor-4] INFO  segmented.SegmentedRaftLogWorker (SegmentedRaftLogWorker.java:startLogSegment(394)) - a62551b8-dd3a-47ef-9924-b3744ef69e33@group-488EF56E7CFC-SegmentedRaftLogWorker: Starting segment from index:0
2021-11-30 01:54:18,705 [a62551b8-dd3a-47ef-9924-b3744ef69e33@group-488EF56E7CFC-SegmentedRaftLogWorker] INFO  segmented.SegmentedRaftLogWorker (SegmentedRaftLogWorker.java:execute(601)) - a62551b8-dd3a-47ef-9924-b3744ef69e33@group-488EF56E7CFC-SegmentedRaftLogWorker: created new log segment /home/runner/work/ozone/ozone/hadoop-ozone/integration-test/target/test-dir/MiniOzoneClusterImpl-372abfd9-b76d-47b1-8d83-90153ed5af7e/datanode-2/data/ratis/93a99d21-8a6a-4a1c-989c-488ef56e7cfc/current/log_inprogress_0
2021-11-30 01:54:18,710 [Listener at 127.0.0.1/34865] INFO  ozone.MiniOzoneClusterImpl (MiniOzoneClusterImpl.java:lambda$waitForClusterToBeReady$0(235)) - Nodes are ready. Got 3 of 3 DN Heartbeats.
2021-11-30 01:54:18,710 [Listener at 127.0.0.1/34865] INFO  ozone.MiniOzoneClusterImpl (MiniOzoneClusterImpl.java:lambda$waitForClusterToBeReady$0(238)) - Cluster exits safe mode
2021-11-30 01:54:18,710 [Listener at 127.0.0.1/34865] INFO  ozone.MiniOzoneClusterImpl (MiniOzoneClusterImpl.java:lambda$waitForClusterToBeReady$0(240)) - SCM became leader
2021-11-30 01:54:19,611 [EndpointStateMachine task thread for /0.0.0.0:36669 - 0 ] INFO  ipc.Client (Client.java:handleConnectionFailure(977)) - Retrying connect to server: 0.0.0.0/0.0.0.0:36669. Already tried 4 time(s); retry policy is RetryUpToMaximumCountWithFixedSleep(maxRetries=15, sleepTime=1000 MILLISECONDS)
2021-11-30 01:54:20,612 [EndpointStateMachine task thread for /0.0.0.0:36669 - 0 ] INFO  ipc.Client (Client.java:handleConnectionFailure(977)) - Retrying connect to server: 0.0.0.0/0.0.0.0:36669. Already tried 5 time(s); retry policy is RetryUpToMaximumCountWithFixedSleep(maxRetries=15, sleepTime=1000 MILLISECONDS)
2021-11-30 01:54:21,028 [Datanode State Machine Daemon Thread] ERROR datanode.RunningDatanodeState (RunningDatanodeState.java:computeNextContainerState(199)) - Error in executing end point task.
java.util.concurrent.ExecutionException: java.util.concurrent.TimeoutException
	at java.util.concurrent.FutureTask.report(FutureTask.java:122)
	at java.util.concurrent.FutureTask.get(FutureTask.java:192)
	at org.apache.hadoop.ozone.container.common.states.datanode.RunningDatanodeState.computeNextContainerState(RunningDatanodeState.java:191)
	at org.apache.hadoop.ozone.container.common.states.datanode.RunningDatanodeState.await(RunningDatanodeState.java:231)
	at org.apache.hadoop.ozone.container.common.states.datanode.RunningDatanodeState.await(RunningDatanodeState.java:50)
	at org.apache.hadoop.ozone.container.common.statemachine.StateContext.execute(StateContext.java:633)
	at org.apache.hadoop.ozone.container.common.statemachine.DatanodeStateMachine.start(DatanodeStateMachine.java:280)
	at org.apache.hadoop.ozone.container.common.statemachine.DatanodeStateMachine.lambda$startDaemon$0(DatanodeStateMachine.java:468)
	at java.lang.Thread.run(Thread.java:748)
Caused by: java.util.concurrent.TimeoutException
	at java.util.concurrent.FutureTask.get(FutureTask.java:205)
	at org.apache.hadoop.ozone.container.common.states.datanode.RunningDatanodeState.lambda$execute$0(RunningDatanodeState.java:149)
	at java.util.concurrent.FutureTask.run(FutureTask.java:266)
	at java.util.concurrent.Executors$RunnableAdapter.call(Executors.java:511)
	at java.util.concurrent.FutureTask.run(FutureTask.java:266)
	at java.util.concurrent.ThreadPoolExecutor.runWorker(ThreadPoolExecutor.java:1149)
	at java.util.concurrent.ThreadPoolExecutor$Worker.run(ThreadPoolExecutor.java:624)
	... 1 more
2021-11-30 01:54:21,613 [EndpointStateMachine task thread for /0.0.0.0:36669 - 0 ] INFO  ipc.Client (Client.java:handleConnectionFailure(977)) - Retrying connect to server: 0.0.0.0/0.0.0.0:36669. Already tried 6 time(s); retry policy is RetryUpToMaximumCountWithFixedSleep(maxRetries=15, sleepTime=1000 MILLISECONDS)
2021-11-30 01:54:22,054 [Datanode State Machine Daemon Thread] ERROR datanode.RunningDatanodeState (RunningDatanodeState.java:computeNextContainerState(199)) - Error in executing end point task.
java.util.concurrent.ExecutionException: java.util.concurrent.TimeoutException
	at java.util.concurrent.FutureTask.report(FutureTask.java:122)
	at java.util.concurrent.FutureTask.get(FutureTask.java:192)
	at org.apache.hadoop.ozone.container.common.states.datanode.RunningDatanodeState.computeNextContainerState(RunningDatanodeState.java:191)
	at org.apache.hadoop.ozone.container.common.states.datanode.RunningDatanodeState.await(RunningDatanodeState.java:231)
	at org.apache.hadoop.ozone.container.common.states.datanode.RunningDatanodeState.await(RunningDatanodeState.java:50)
	at org.apache.hadoop.ozone.container.common.statemachine.StateContext.execute(StateContext.java:633)
	at org.apache.hadoop.ozone.container.common.statemachine.DatanodeStateMachine.start(DatanodeStateMachine.java:280)
	at org.apache.hadoop.ozone.container.common.statemachine.DatanodeStateMachine.lambda$startDaemon$0(DatanodeStateMachine.java:468)
	at java.lang.Thread.run(Thread.java:748)
Caused by: java.util.concurrent.TimeoutException
	at java.util.concurrent.FutureTask.get(FutureTask.java:205)
	at org.apache.hadoop.ozone.container.common.states.datanode.RunningDatanodeState.lambda$execute$0(RunningDatanodeState.java:149)
	at java.util.concurrent.FutureTask.run(FutureTask.java:266)
	at java.util.concurrent.Executors$RunnableAdapter.call(Executors.java:511)
	at java.util.concurrent.FutureTask.run(FutureTask.java:266)
	at java.util.concurrent.ThreadPoolExecutor.runWorker(ThreadPoolExecutor.java:1149)
	at java.util.concurrent.ThreadPoolExecutor$Worker.run(ThreadPoolExecutor.java:624)
	... 1 more
2021-11-30 01:54:22,613 [EndpointStateMachine task thread for /0.0.0.0:36669 - 0 ] INFO  ipc.Client (Client.java:handleConnectionFailure(977)) - Retrying connect to server: 0.0.0.0/0.0.0.0:36669. Already tried 7 time(s); retry policy is RetryUpToMaximumCountWithFixedSleep(maxRetries=15, sleepTime=1000 MILLISECONDS)
2021-11-30 01:54:23,073 [Datanode State Machine Daemon Thread] ERROR datanode.RunningDatanodeState (RunningDatanodeState.java:computeNextContainerState(199)) - Error in executing end point task.
java.util.concurrent.ExecutionException: java.util.concurrent.TimeoutException
	at java.util.concurrent.FutureTask.report(FutureTask.java:122)
	at java.util.concurrent.FutureTask.get(FutureTask.java:192)
	at org.apache.hadoop.ozone.container.common.states.datanode.RunningDatanodeState.computeNextContainerState(RunningDatanodeState.java:191)
	at org.apache.hadoop.ozone.container.common.states.datanode.RunningDatanodeState.await(RunningDatanodeState.java:231)
	at org.apache.hadoop.ozone.container.common.states.datanode.RunningDatanodeState.await(RunningDatanodeState.java:50)
	at org.apache.hadoop.ozone.container.common.statemachine.StateContext.execute(StateContext.java:633)
	at org.apache.hadoop.ozone.container.common.statemachine.DatanodeStateMachine.start(DatanodeStateMachine.java:280)
	at org.apache.hadoop.ozone.container.common.statemachine.DatanodeStateMachine.lambda$startDaemon$0(DatanodeStateMachine.java:468)
	at java.lang.Thread.run(Thread.java:748)
Caused by: java.util.concurrent.TimeoutException
	at java.util.concurrent.FutureTask.get(FutureTask.java:205)
	at org.apache.hadoop.ozone.container.common.states.datanode.RunningDatanodeState.lambda$execute$0(RunningDatanodeState.java:149)
	at java.util.concurrent.FutureTask.run(FutureTask.java:266)
	at java.util.concurrent.Executors$RunnableAdapter.call(Executors.java:511)
	at java.util.concurrent.FutureTask.run(FutureTask.java:266)
	at java.util.concurrent.ThreadPoolExecutor.runWorker(ThreadPoolExecutor.java:1149)
	at java.util.concurrent.ThreadPoolExecutor$Worker.run(ThreadPoolExecutor.java:624)
	... 1 more
2021-11-30 01:54:23,614 [EndpointStateMachine task thread for /0.0.0.0:36669 - 0 ] INFO  ipc.Client (Client.java:handleConnectionFailure(977)) - Retrying connect to server: 0.0.0.0/0.0.0.0:36669. Already tried 8 time(s); retry policy is RetryUpToMaximumCountWithFixedSleep(maxRetries=15, sleepTime=1000 MILLISECONDS)
2021-11-30 01:54:24,615 [EndpointStateMachine task thread for /0.0.0.0:36669 - 0 ] INFO  ipc.Client (Client.java:handleConnectionFailure(977)) - Retrying connect to server: 0.0.0.0/0.0.0.0:36669. Already tried 9 time(s); retry policy is RetryUpToMaximumCountWithFixedSleep(maxRetries=15, sleepTime=1000 MILLISECONDS)
2021-11-30 01:54:25,618 [EndpointStateMachine task thread for /0.0.0.0:36669 - 0 ] INFO  ipc.Client (Client.java:handleConnectionFailure(977)) - Retrying connect to server: 0.0.0.0/0.0.0.0:36669. Already tried 10 time(s); retry policy is RetryUpToMaximumCountWithFixedSleep(maxRetries=15, sleepTime=1000 MILLISECONDS)
2021-11-30 01:54:26,083 [Datanode State Machine Daemon Thread] ERROR datanode.RunningDatanodeState (RunningDatanodeState.java:computeNextContainerState(199)) - Error in executing end point task.
java.util.concurrent.ExecutionException: java.util.concurrent.TimeoutException
	at java.util.concurrent.FutureTask.report(FutureTask.java:122)
	at java.util.concurrent.FutureTask.get(FutureTask.java:192)
	at org.apache.hadoop.ozone.container.common.states.datanode.RunningDatanodeState.computeNextContainerState(RunningDatanodeState.java:191)
	at org.apache.hadoop.ozone.container.common.states.datanode.RunningDatanodeState.await(RunningDatanodeState.java:231)
	at org.apache.hadoop.ozone.container.common.states.datanode.RunningDatanodeState.await(RunningDatanodeState.java:50)
	at org.apache.hadoop.ozone.container.common.statemachine.StateContext.execute(StateContext.java:633)
	at org.apache.hadoop.ozone.container.common.statemachine.DatanodeStateMachine.start(DatanodeStateMachine.java:280)
	at org.apache.hadoop.ozone.container.common.statemachine.DatanodeStateMachine.lambda$startDaemon$0(DatanodeStateMachine.java:468)
	at java.lang.Thread.run(Thread.java:748)
Caused by: java.util.concurrent.TimeoutException
	at java.util.concurrent.FutureTask.get(FutureTask.java:205)
	at org.apache.hadoop.ozone.container.common.states.datanode.RunningDatanodeState.lambda$execute$0(RunningDatanodeState.java:149)
	at java.util.concurrent.FutureTask.run(FutureTask.java:266)
	at java.util.concurrent.Executors$RunnableAdapter.call(Executors.java:511)
	at java.util.concurrent.FutureTask.run(FutureTask.java:266)
	at java.util.concurrent.ThreadPoolExecutor.runWorker(ThreadPoolExecutor.java:1149)
	at java.util.concurrent.ThreadPoolExecutor$Worker.run(ThreadPoolExecutor.java:624)
	... 1 more
2021-11-30 01:54:26,594 [Datanode State Machine Daemon Thread] ERROR datanode.RunningDatanodeState (RunningDatanodeState.java:computeNextContainerState(199)) - Error in executing end point task.
java.util.concurrent.ExecutionException: java.util.concurrent.TimeoutException
	at java.util.concurrent.FutureTask.report(FutureTask.java:122)
	at java.util.concurrent.FutureTask.get(FutureTask.java:192)
	at org.apache.hadoop.ozone.container.common.states.datanode.RunningDatanodeState.computeNextContainerState(RunningDatanodeState.java:191)
	at org.apache.hadoop.ozone.container.common.states.datanode.RunningDatanodeState.await(RunningDatanodeState.java:231)
	at org.apache.hadoop.ozone.container.common.states.datanode.RunningDatanodeState.await(RunningDatanodeState.java:50)
	at org.apache.hadoop.ozone.container.common.statemachine.StateContext.execute(StateContext.java:633)
	at org.apache.hadoop.ozone.container.common.statemachine.DatanodeStateMachine.start(DatanodeStateMachine.java:280)
	at org.apache.hadoop.ozone.container.common.statemachine.DatanodeStateMachine.lambda$startDaemon$0(DatanodeStateMachine.java:468)
	at java.lang.Thread.run(Thread.java:748)
Caused by: java.util.concurrent.TimeoutException
	at java.util.concurrent.FutureTask.get(FutureTask.java:205)
	at org.apache.hadoop.ozone.container.common.states.datanode.RunningDatanodeState.lambda$execute$0(RunningDatanodeState.java:149)
	at java.util.concurrent.FutureTask.run(FutureTask.java:266)
	at java.util.concurrent.Executors$RunnableAdapter.call(Executors.java:511)
	at java.util.concurrent.FutureTask.run(FutureTask.java:266)
	at java.util.concurrent.ThreadPoolExecutor.runWorker(ThreadPoolExecutor.java:1149)
	at java.util.concurrent.ThreadPoolExecutor$Worker.run(ThreadPoolExecutor.java:624)
	... 1 more
2021-11-30 01:54:26,619 [EndpointStateMachine task thread for /0.0.0.0:36669 - 0 ] INFO  ipc.Client (Client.java:handleConnectionFailure(977)) - Retrying connect to server: 0.0.0.0/0.0.0.0:36669. Already tried 11 time(s); retry policy is RetryUpToMaximumCountWithFixedSleep(maxRetries=15, sleepTime=1000 MILLISECONDS)
2021-11-30 01:54:27,100 [Datanode State Machine Daemon Thread] ERROR datanode.RunningDatanodeState (RunningDatanodeState.java:computeNextContainerState(199)) - Error in executing end point task.
java.util.concurrent.ExecutionException: java.util.concurrent.TimeoutException
	at java.util.concurrent.FutureTask.report(FutureTask.java:122)
	at java.util.concurrent.FutureTask.get(FutureTask.java:192)
	at org.apache.hadoop.ozone.container.common.states.datanode.RunningDatanodeState.computeNextContainerState(RunningDatanodeState.java:191)
	at org.apache.hadoop.ozone.container.common.states.datanode.RunningDatanodeState.await(RunningDatanodeState.java:231)
	at org.apache.hadoop.ozone.container.common.states.datanode.RunningDatanodeState.await(RunningDatanodeState.java:50)
	at org.apache.hadoop.ozone.container.common.statemachine.StateContext.execute(StateContext.java:633)
	at org.apache.hadoop.ozone.container.common.statemachine.DatanodeStateMachine.start(DatanodeStateMachine.java:280)
	at org.apache.hadoop.ozone.container.common.statemachine.DatanodeStateMachine.lambda$startDaemon$0(DatanodeStateMachine.java:468)
	at java.lang.Thread.run(Thread.java:748)
Caused by: java.util.concurrent.TimeoutException
	at java.util.concurrent.FutureTask.get(FutureTask.java:205)
	at org.apache.hadoop.ozone.container.common.states.datanode.RunningDatanodeState.lambda$execute$0(RunningDatanodeState.java:149)
	at java.util.concurrent.FutureTask.run(FutureTask.java:266)
	at java.util.concurrent.Executors$RunnableAdapter.call(Executors.java:511)
	at java.util.concurrent.FutureTask.run(FutureTask.java:266)
	at java.util.concurrent.ThreadPoolExecutor.runWorker(ThreadPoolExecutor.java:1149)
	at java.util.concurrent.ThreadPoolExecutor$Worker.run(ThreadPoolExecutor.java:624)
	... 1 more
2021-11-30 01:54:27,653 [EndpointStateMachine task thread for /0.0.0.0:36669 - 0 ] INFO  ipc.Client (Client.java:handleConnectionFailure(977)) - Retrying connect to server: 0.0.0.0/0.0.0.0:36669. Already tried 12 time(s); retry policy is RetryUpToMaximumCountWithFixedSleep(maxRetries=15, sleepTime=1000 MILLISECONDS)
2021-11-30 01:54:28,604 [Datanode State Machine Daemon Thread] ERROR datanode.RunningDatanodeState (RunningDatanodeState.java:computeNextContainerState(199)) - Error in executing end point task.
java.util.concurrent.ExecutionException: java.util.concurrent.TimeoutException
	at java.util.concurrent.FutureTask.report(FutureTask.java:122)
	at java.util.concurrent.FutureTask.get(FutureTask.java:192)
	at org.apache.hadoop.ozone.container.common.states.datanode.RunningDatanodeState.computeNextContainerState(RunningDatanodeState.java:191)
	at org.apache.hadoop.ozone.container.common.states.datanode.RunningDatanodeState.await(RunningDatanodeState.java:231)
	at org.apache.hadoop.ozone.container.common.states.datanode.RunningDatanodeState.await(RunningDatanodeState.java:50)
	at org.apache.hadoop.ozone.container.common.statemachine.StateContext.execute(StateContext.java:633)
	at org.apache.hadoop.ozone.container.common.statemachine.DatanodeStateMachine.start(DatanodeStateMachine.java:280)
	at org.apache.hadoop.ozone.container.common.statemachine.DatanodeStateMachine.lambda$startDaemon$0(DatanodeStateMachine.java:468)
	at java.lang.Thread.run(Thread.java:748)
Caused by: java.util.concurrent.TimeoutException
	at java.util.concurrent.FutureTask.get(FutureTask.java:205)
	at org.apache.hadoop.ozone.container.common.states.datanode.RunningDatanodeState.lambda$execute$0(RunningDatanodeState.java:149)
	at java.util.concurrent.FutureTask.run(FutureTask.java:266)
	at java.util.concurrent.Executors$RunnableAdapter.call(Executors.java:511)
	at java.util.concurrent.FutureTask.run(FutureTask.java:266)
	at java.util.concurrent.ThreadPoolExecutor.runWorker(ThreadPoolExecutor.java:1149)
	at java.util.concurrent.ThreadPoolExecutor$Worker.run(ThreadPoolExecutor.java:624)
	... 1 more
2021-11-30 01:54:28,653 [EndpointStateMachine task thread for /0.0.0.0:36669 - 0 ] INFO  ipc.Client (Client.java:handleConnectionFailure(977)) - Retrying connect to server: 0.0.0.0/0.0.0.0:36669. Already tried 13 time(s); retry policy is RetryUpToMaximumCountWithFixedSleep(maxRetries=15, sleepTime=1000 MILLISECONDS)
2021-11-30 01:54:29,645 [Datanode State Machine Daemon Thread] ERROR datanode.RunningDatanodeState (RunningDatanodeState.java:computeNextContainerState(199)) - Error in executing end point task.
java.util.concurrent.ExecutionException: java.util.concurrent.TimeoutException
	at java.util.concurrent.FutureTask.report(FutureTask.java:122)
	at java.util.concurrent.FutureTask.get(FutureTask.java:192)
	at org.apache.hadoop.ozone.container.common.states.datanode.RunningDatanodeState.computeNextContainerState(RunningDatanodeState.java:191)
	at org.apache.hadoop.ozone.container.common.states.datanode.RunningDatanodeState.await(RunningDatanodeState.java:231)
	at org.apache.hadoop.ozone.container.common.states.datanode.RunningDatanodeState.await(RunningDatanodeState.java:50)
	at org.apache.hadoop.ozone.container.common.statemachine.StateContext.execute(StateContext.java:633)
	at org.apache.hadoop.ozone.container.common.statemachine.DatanodeStateMachine.start(DatanodeStateMachine.java:280)
	at org.apache.hadoop.ozone.container.common.statemachine.DatanodeStateMachine.lambda$startDaemon$0(DatanodeStateMachine.java:468)
	at java.lang.Thread.run(Thread.java:748)
Caused by: java.util.concurrent.TimeoutException
	at java.util.concurrent.FutureTask.get(FutureTask.java:205)
	at org.apache.hadoop.ozone.container.common.states.datanode.RunningDatanodeState.lambda$execute$0(RunningDatanodeState.java:149)
	at java.util.concurrent.FutureTask.run(FutureTask.java:266)
	at java.util.concurrent.Executors$RunnableAdapter.call(Executors.java:511)
	at java.util.concurrent.FutureTask.run(FutureTask.java:266)
	at java.util.concurrent.ThreadPoolExecutor.runWorker(ThreadPoolExecutor.java:1149)
	at java.util.concurrent.ThreadPoolExecutor$Worker.run(ThreadPoolExecutor.java:624)
	... 1 more
2021-11-30 01:54:29,651 [Datanode State Machine Daemon Thread] ERROR datanode.RunningDatanodeState (RunningDatanodeState.java:computeNextContainerState(199)) - Error in executing end point task.
java.util.concurrent.ExecutionException: java.util.concurrent.TimeoutException
	at java.util.concurrent.FutureTask.report(FutureTask.java:122)
	at java.util.concurrent.FutureTask.get(FutureTask.java:192)
	at org.apache.hadoop.ozone.container.common.states.datanode.RunningDatanodeState.computeNextContainerState(RunningDatanodeState.java:191)
	at org.apache.hadoop.ozone.container.common.states.datanode.RunningDatanodeState.await(RunningDatanodeState.java:231)
	at org.apache.hadoop.ozone.container.common.states.datanode.RunningDatanodeState.await(RunningDatanodeState.java:50)
	at org.apache.hadoop.ozone.container.common.statemachine.StateContext.execute(StateContext.java:633)
	at org.apache.hadoop.ozone.container.common.statemachine.DatanodeStateMachine.start(DatanodeStateMachine.java:280)
	at org.apache.hadoop.ozone.container.common.statemachine.DatanodeStateMachine.lambda$startDaemon$0(DatanodeStateMachine.java:468)
	at java.lang.Thread.run(Thread.java:748)
Caused by: java.util.concurrent.TimeoutException
	at java.util.concurrent.FutureTask.get(FutureTask.java:205)
	at org.apache.hadoop.ozone.container.common.states.datanode.RunningDatanodeState.lambda$execute$0(RunningDatanodeState.java:149)
	at java.util.concurrent.FutureTask.run(FutureTask.java:266)
	at java.util.concurrent.Executors$RunnableAdapter.call(Executors.java:511)
	at java.util.concurrent.FutureTask.run(FutureTask.java:266)
	at java.util.concurrent.ThreadPoolExecutor.runWorker(ThreadPoolExecutor.java:1149)
	at java.util.concurrent.ThreadPoolExecutor$Worker.run(ThreadPoolExecutor.java:624)
	... 1 more
2021-11-30 01:54:29,654 [EndpointStateMachine task thread for /0.0.0.0:36669 - 0 ] INFO  ipc.Client (Client.java:handleConnectionFailure(977)) - Retrying connect to server: 0.0.0.0/0.0.0.0:36669. Already tried 14 time(s); retry policy is RetryUpToMaximumCountWithFixedSleep(maxRetries=15, sleepTime=1000 MILLISECONDS)
2021-11-30 01:54:30,657 [EndpointStateMachine task thread for /0.0.0.0:36669 - 0 ] INFO  ipc.Client (Client.java:handleConnectionFailure(977)) - Retrying connect to server: 0.0.0.0/0.0.0.0:36669. Already tried 0 time(s); retry policy is RetryUpToMaximumCountWithFixedSleep(maxRetries=15, sleepTime=1000 MILLISECONDS)
2021-11-30 01:54:31,151 [Datanode State Machine Daemon Thread] ERROR datanode.RunningDatanodeState (RunningDatanodeState.java:computeNextContainerState(199)) - Error in executing end point task.
java.util.concurrent.ExecutionException: java.util.concurrent.TimeoutException
	at java.util.concurrent.FutureTask.report(FutureTask.java:122)
	at java.util.concurrent.FutureTask.get(FutureTask.java:192)
	at org.apache.hadoop.ozone.container.common.states.datanode.RunningDatanodeState.computeNextContainerState(RunningDatanodeState.java:191)
	at org.apache.hadoop.ozone.container.common.states.datanode.RunningDatanodeState.await(RunningDatanodeState.java:231)
	at org.apache.hadoop.ozone.container.common.states.datanode.RunningDatanodeState.await(RunningDatanodeState.java:50)
	at org.apache.hadoop.ozone.container.common.statemachine.StateContext.execute(StateContext.java:633)
	at org.apache.hadoop.ozone.container.common.statemachine.DatanodeStateMachine.start(DatanodeStateMachine.java:280)
	at org.apache.hadoop.ozone.container.common.statemachine.DatanodeStateMachine.lambda$startDaemon$0(DatanodeStateMachine.java:468)
	at java.lang.Thread.run(Thread.java:748)
Caused by: java.util.concurrent.TimeoutException
	at java.util.concurrent.FutureTask.get(FutureTask.java:205)
	at org.apache.hadoop.ozone.container.common.states.datanode.RunningDatanodeState.lambda$execute$0(RunningDatanodeState.java:149)
	at java.util.concurrent.FutureTask.run(FutureTask.java:266)
	at java.util.concurrent.Executors$RunnableAdapter.call(Executors.java:511)
	at java.util.concurrent.FutureTask.run(FutureTask.java:266)
	at java.util.concurrent.ThreadPoolExecutor.runWorker(ThreadPoolExecutor.java:1149)
	at java.util.concurrent.ThreadPoolExecutor$Worker.run(ThreadPoolExecutor.java:624)
	... 1 more
2021-11-30 01:54:31,658 [EndpointStateMachine task thread for /0.0.0.0:36669 - 0 ] INFO  ipc.Client (Client.java:handleConnectionFailure(977)) - Retrying connect to server: 0.0.0.0/0.0.0.0:36669. Already tried 1 time(s); retry policy is RetryUpToMaximumCountWithFixedSleep(maxRetries=15, sleepTime=1000 MILLISECONDS)
2021-11-30 01:54:31,661 [Datanode State Machine Daemon Thread] ERROR datanode.RunningDatanodeState (RunningDatanodeState.java:computeNextContainerState(199)) - Error in executing end point task.
java.util.concurrent.ExecutionException: java.util.concurrent.TimeoutException
	at java.util.concurrent.FutureTask.report(FutureTask.java:122)
	at java.util.concurrent.FutureTask.get(FutureTask.java:192)
	at org.apache.hadoop.ozone.container.common.states.datanode.RunningDatanodeState.computeNextContainerState(RunningDatanodeState.java:191)
	at org.apache.hadoop.ozone.container.common.states.datanode.RunningDatanodeState.await(RunningDatanodeState.java:231)
	at org.apache.hadoop.ozone.container.common.states.datanode.RunningDatanodeState.await(RunningDatanodeState.java:50)
	at org.apache.hadoop.ozone.container.common.statemachine.StateContext.execute(StateContext.java:633)
	at org.apache.hadoop.ozone.container.common.statemachine.DatanodeStateMachine.start(DatanodeStateMachine.java:280)
	at org.apache.hadoop.ozone.container.common.statemachine.DatanodeStateMachine.lambda$startDaemon$0(DatanodeStateMachine.java:468)
	at java.lang.Thread.run(Thread.java:748)
Caused by: java.util.concurrent.TimeoutException
	at java.util.concurrent.FutureTask.get(FutureTask.java:205)
	at org.apache.hadoop.ozone.container.common.states.datanode.RunningDatanodeState.lambda$execute$0(RunningDatanodeState.java:149)
	at java.util.concurrent.FutureTask.run(FutureTask.java:266)
	at java.util.concurrent.Executors$RunnableAdapter.call(Executors.java:511)
	at java.util.concurrent.FutureTask.run(FutureTask.java:266)
	at java.util.concurrent.ThreadPoolExecutor.runWorker(ThreadPoolExecutor.java:1149)
	at java.util.concurrent.ThreadPoolExecutor$Worker.run(ThreadPoolExecutor.java:624)
	... 1 more
2021-11-30 01:54:32,654 [Datanode State Machine Daemon Thread] ERROR datanode.RunningDatanodeState (RunningDatanodeState.java:computeNextContainerState(199)) - Error in executing end point task.
java.util.concurrent.ExecutionException: java.util.concurrent.TimeoutException
	at java.util.concurrent.FutureTask.report(FutureTask.java:122)
	at java.util.concurrent.FutureTask.get(FutureTask.java:192)
	at org.apache.hadoop.ozone.container.common.states.datanode.RunningDatanodeState.computeNextContainerState(RunningDatanodeState.java:191)
	at org.apache.hadoop.ozone.container.common.states.datanode.RunningDatanodeState.await(RunningDatanodeState.java:231)
	at org.apache.hadoop.ozone.container.common.states.datanode.RunningDatanodeState.await(RunningDatanodeState.java:50)
	at org.apache.hadoop.ozone.container.common.statemachine.StateContext.execute(StateContext.java:633)
	at org.apache.hadoop.ozone.container.common.statemachine.DatanodeStateMachine.start(DatanodeStateMachine.java:280)
	at org.apache.hadoop.ozone.container.common.statemachine.DatanodeStateMachine.lambda$startDaemon$0(DatanodeStateMachine.java:468)
	at java.lang.Thread.run(Thread.java:748)
Caused by: java.util.concurrent.TimeoutException
	at java.util.concurrent.FutureTask.get(FutureTask.java:205)
	at org.apache.hadoop.ozone.container.common.states.datanode.RunningDatanodeState.lambda$execute$0(RunningDatanodeState.java:149)
	at java.util.concurrent.FutureTask.run(FutureTask.java:266)
	at java.util.concurrent.Executors$RunnableAdapter.call(Executors.java:511)
	at java.util.concurrent.FutureTask.run(FutureTask.java:266)
	at java.util.concurrent.ThreadPoolExecutor.runWorker(ThreadPoolExecutor.java:1149)
	at java.util.concurrent.ThreadPoolExecutor$Worker.run(ThreadPoolExecutor.java:624)
	... 1 more
2021-11-30 01:54:32,659 [EndpointStateMachine task thread for /0.0.0.0:36669 - 0 ] INFO  ipc.Client (Client.java:handleConnectionFailure(977)) - Retrying connect to server: 0.0.0.0/0.0.0.0:36669. Already tried 2 time(s); retry policy is RetryUpToMaximumCountWithFixedSleep(maxRetries=15, sleepTime=1000 MILLISECONDS)
2021-11-30 01:54:33,660 [EndpointStateMachine task thread for /0.0.0.0:36669 - 0 ] INFO  ipc.Client (Client.java:handleConnectionFailure(977)) - Retrying connect to server: 0.0.0.0/0.0.0.0:36669. Already tried 3 time(s); retry policy is RetryUpToMaximumCountWithFixedSleep(maxRetries=15, sleepTime=1000 MILLISECONDS)
2021-11-30 01:54:34,661 [EndpointStateMachine task thread for /0.0.0.0:36669 - 0 ] INFO  ipc.Client (Client.java:handleConnectionFailure(977)) - Retrying connect to server: 0.0.0.0/0.0.0.0:36669. Already tried 4 time(s); retry policy is RetryUpToMaximumCountWithFixedSleep(maxRetries=15, sleepTime=1000 MILLISECONDS)
2021-11-30 01:54:35,662 [EndpointStateMachine task thread for /0.0.0.0:36669 - 0 ] INFO  ipc.Client (Client.java:handleConnectionFailure(977)) - Retrying connect to server: 0.0.0.0/0.0.0.0:36669. Already tried 5 time(s); retry policy is RetryUpToMaximumCountWithFixedSleep(maxRetries=15, sleepTime=1000 MILLISECONDS)
2021-11-30 01:54:36,663 [EndpointStateMachine task thread for /0.0.0.0:36669 - 0 ] INFO  ipc.Client (Client.java:handleConnectionFailure(977)) - Retrying connect to server: 0.0.0.0/0.0.0.0:36669. Already tried 6 time(s); retry policy is RetryUpToMaximumCountWithFixedSleep(maxRetries=15, sleepTime=1000 MILLISECONDS)
2021-11-30 01:54:37,671 [EndpointStateMachine task thread for /0.0.0.0:36669 - 0 ] INFO  ipc.Client (Client.java:handleConnectionFailure(977)) - Retrying connect to server: 0.0.0.0/0.0.0.0:36669. Already tried 7 time(s); retry policy is RetryUpToMaximumCountWithFixedSleep(maxRetries=15, sleepTime=1000 MILLISECONDS)
2021-11-30 01:54:38,065 [Datanode State Machine Daemon Thread] ERROR datanode.RunningDatanodeState (RunningDatanodeState.java:computeNextContainerState(199)) - Error in executing end point task.
java.util.concurrent.ExecutionException: java.util.concurrent.TimeoutException
	at java.util.concurrent.FutureTask.report(FutureTask.java:122)
	at java.util.concurrent.FutureTask.get(FutureTask.java:192)
	at org.apache.hadoop.ozone.container.common.states.datanode.RunningDatanodeState.computeNextContainerState(RunningDatanodeState.java:191)
	at org.apache.hadoop.ozone.container.common.states.datanode.RunningDatanodeState.await(RunningDatanodeState.java:231)
	at org.apache.hadoop.ozone.container.common.states.datanode.RunningDatanodeState.await(RunningDatanodeState.java:50)
	at org.apache.hadoop.ozone.container.common.statemachine.StateContext.execute(StateContext.java:633)
	at org.apache.hadoop.ozone.container.common.statemachine.DatanodeStateMachine.start(DatanodeStateMachine.java:280)
	at org.apache.hadoop.ozone.container.common.statemachine.DatanodeStateMachine.lambda$startDaemon$0(DatanodeStateMachine.java:468)
	at java.lang.Thread.run(Thread.java:748)
Caused by: java.util.concurrent.TimeoutException
	at java.util.concurrent.FutureTask.get(FutureTask.java:205)
	at org.apache.hadoop.ozone.container.common.states.datanode.RunningDatanodeState.lambda$execute$0(RunningDatanodeState.java:149)
	at java.util.concurrent.FutureTask.run(FutureTask.java:266)
	at java.util.concurrent.Executors$RunnableAdapter.call(Executors.java:511)
	at java.util.concurrent.FutureTask.run(FutureTask.java:266)
	at java.util.concurrent.ThreadPoolExecutor.runWorker(ThreadPoolExecutor.java:1149)
	at java.util.concurrent.ThreadPoolExecutor$Worker.run(ThreadPoolExecutor.java:624)
	... 1 more
2021-11-30 01:54:38,672 [EndpointStateMachine task thread for /0.0.0.0:36669 - 0 ] INFO  ipc.Client (Client.java:handleConnectionFailure(977)) - Retrying connect to server: 0.0.0.0/0.0.0.0:36669. Already tried 8 time(s); retry policy is RetryUpToMaximumCountWithFixedSleep(maxRetries=15, sleepTime=1000 MILLISECONDS)
2021-11-30 01:54:39,663 [Datanode State Machine Daemon Thread] ERROR datanode.RunningDatanodeState (RunningDatanodeState.java:computeNextContainerState(199)) - Error in executing end point task.
java.util.concurrent.ExecutionException: java.util.concurrent.TimeoutException
	at java.util.concurrent.FutureTask.report(FutureTask.java:122)
	at java.util.concurrent.FutureTask.get(FutureTask.java:192)
	at org.apache.hadoop.ozone.container.common.states.datanode.RunningDatanodeState.computeNextContainerState(RunningDatanodeState.java:191)
	at org.apache.hadoop.ozone.container.common.states.datanode.RunningDatanodeState.await(RunningDatanodeState.java:231)
	at org.apache.hadoop.ozone.container.common.states.datanode.RunningDatanodeState.await(RunningDatanodeState.java:50)
	at org.apache.hadoop.ozone.container.common.statemachine.StateContext.execute(StateContext.java:633)
	at org.apache.hadoop.ozone.container.common.statemachine.DatanodeStateMachine.start(DatanodeStateMachine.java:280)
	at org.apache.hadoop.ozone.container.common.statemachine.DatanodeStateMachine.lambda$startDaemon$0(DatanodeStateMachine.java:468)
	at java.lang.Thread.run(Thread.java:748)
Caused by: java.util.concurrent.TimeoutException
	at java.util.concurrent.FutureTask.get(FutureTask.java:205)
	at org.apache.hadoop.ozone.container.common.states.datanode.RunningDatanodeState.lambda$execute$0(RunningDatanodeState.java:149)
	at java.util.concurrent.FutureTask.run(FutureTask.java:266)
	at java.util.concurrent.Executors$RunnableAdapter.call(Executors.java:511)
	at java.util.concurrent.FutureTask.run(FutureTask.java:266)
	at java.util.concurrent.ThreadPoolExecutor.runWorker(ThreadPoolExecutor.java:1149)
	at java.util.concurrent.ThreadPoolExecutor$Worker.run(ThreadPoolExecutor.java:624)
	... 1 more
2021-11-30 01:54:39,672 [EndpointStateMachine task thread for /0.0.0.0:36669 - 0 ] INFO  ipc.Client (Client.java:handleConnectionFailure(977)) - Retrying connect to server: 0.0.0.0/0.0.0.0:36669. Already tried 9 time(s); retry policy is RetryUpToMaximumCountWithFixedSleep(maxRetries=15, sleepTime=1000 MILLISECONDS)
2021-11-30 01:54:40,673 [EndpointStateMachine task thread for /0.0.0.0:36669 - 0 ] INFO  ipc.Client (Client.java:handleConnectionFailure(977)) - Retrying connect to server: 0.0.0.0/0.0.0.0:36669. Already tried 10 time(s); retry policy is RetryUpToMaximumCountWithFixedSleep(maxRetries=15, sleepTime=1000 MILLISECONDS)
2021-11-30 01:54:41,674 [EndpointStateMachine task thread for /0.0.0.0:36669 - 0 ] INFO  ipc.Client (Client.java:handleConnectionFailure(977)) - Retrying connect to server: 0.0.0.0/0.0.0.0:36669. Already tried 11 time(s); retry policy is RetryUpToMaximumCountWithFixedSleep(maxRetries=15, sleepTime=1000 MILLISECONDS)
2021-11-30 01:54:42,674 [EndpointStateMachine task thread for /0.0.0.0:36669 - 0 ] INFO  ipc.Client (Client.java:handleConnectionFailure(977)) - Retrying connect to server: 0.0.0.0/0.0.0.0:36669. Already tried 12 time(s); retry policy is RetryUpToMaximumCountWithFixedSleep(maxRetries=15, sleepTime=1000 MILLISECONDS)
2021-11-30 01:54:43,675 [EndpointStateMachine task thread for /0.0.0.0:36669 - 0 ] INFO  ipc.Client (Client.java:handleConnectionFailure(977)) - Retrying connect to server: 0.0.0.0/0.0.0.0:36669. Already tried 13 time(s); retry policy is RetryUpToMaximumCountWithFixedSleep(maxRetries=15, sleepTime=1000 MILLISECONDS)
2021-11-30 01:54:44,098 [Datanode State Machine Daemon Thread] ERROR datanode.RunningDatanodeState (RunningDatanodeState.java:computeNextContainerState(199)) - Error in executing end point task.
java.util.concurrent.ExecutionException: java.util.concurrent.TimeoutException
	at java.util.concurrent.FutureTask.report(FutureTask.java:122)
	at java.util.concurrent.FutureTask.get(FutureTask.java:192)
	at org.apache.hadoop.ozone.container.common.states.datanode.RunningDatanodeState.computeNextContainerState(RunningDatanodeState.java:191)
	at org.apache.hadoop.ozone.container.common.states.datanode.RunningDatanodeState.await(RunningDatanodeState.java:231)
	at org.apache.hadoop.ozone.container.common.states.datanode.RunningDatanodeState.await(RunningDatanodeState.java:50)
	at org.apache.hadoop.ozone.container.common.statemachine.StateContext.execute(StateContext.java:633)
	at org.apache.hadoop.ozone.container.common.statemachine.DatanodeStateMachine.start(DatanodeStateMachine.java:280)
	at org.apache.hadoop.ozone.container.common.statemachine.DatanodeStateMachine.lambda$startDaemon$0(DatanodeStateMachine.java:468)
	at java.lang.Thread.run(Thread.java:748)
Caused by: java.util.concurrent.TimeoutException
	at java.util.concurrent.FutureTask.get(FutureTask.java:205)
	at org.apache.hadoop.ozone.container.common.states.datanode.RunningDatanodeState.lambda$execute$0(RunningDatanodeState.java:149)
	at java.util.concurrent.FutureTask.run(FutureTask.java:266)
	at java.util.concurrent.Executors$RunnableAdapter.call(Executors.java:511)
	at java.util.concurrent.FutureTask.run(FutureTask.java:266)
	at java.util.concurrent.ThreadPoolExecutor.runWorker(ThreadPoolExecutor.java:1149)
	at java.util.concurrent.ThreadPoolExecutor$Worker.run(ThreadPoolExecutor.java:624)
	... 1 more
2021-11-30 01:54:44,676 [EndpointStateMachine task thread for /0.0.0.0:36669 - 0 ] INFO  ipc.Client (Client.java:handleConnectionFailure(977)) - Retrying connect to server: 0.0.0.0/0.0.0.0:36669. Already tried 14 time(s); retry policy is RetryUpToMaximumCountWithFixedSleep(maxRetries=15, sleepTime=1000 MILLISECONDS)
2021-11-30 01:54:45,168 [Datanode State Machine Daemon Thread] ERROR datanode.RunningDatanodeState (RunningDatanodeState.java:computeNextContainerState(199)) - Error in executing end point task.
java.util.concurrent.ExecutionException: java.util.concurrent.TimeoutException
	at java.util.concurrent.FutureTask.report(FutureTask.java:122)
	at java.util.concurrent.FutureTask.get(FutureTask.java:192)
	at org.apache.hadoop.ozone.container.common.states.datanode.RunningDatanodeState.computeNextContainerState(RunningDatanodeState.java:191)
	at org.apache.hadoop.ozone.container.common.states.datanode.RunningDatanodeState.await(RunningDatanodeState.java:231)
	at org.apache.hadoop.ozone.container.common.states.datanode.RunningDatanodeState.await(RunningDatanodeState.java:50)
	at org.apache.hadoop.ozone.container.common.statemachine.StateContext.execute(StateContext.java:633)
	at org.apache.hadoop.ozone.container.common.statemachine.DatanodeStateMachine.start(DatanodeStateMachine.java:280)
	at org.apache.hadoop.ozone.container.common.statemachine.DatanodeStateMachine.lambda$startDaemon$0(DatanodeStateMachine.java:468)
	at java.lang.Thread.run(Thread.java:748)
Caused by: java.util.concurrent.TimeoutException
	at java.util.concurrent.FutureTask.get(FutureTask.java:205)
	at org.apache.hadoop.ozone.container.common.states.datanode.RunningDatanodeState.lambda$execute$0(RunningDatanodeState.java:149)
	at java.util.concurrent.FutureTask.run(FutureTask.java:266)
	at java.util.concurrent.Executors$RunnableAdapter.call(Executors.java:511)
	at java.util.concurrent.FutureTask.run(FutureTask.java:266)
	at java.util.concurrent.ThreadPoolExecutor.runWorker(ThreadPoolExecutor.java:1149)
	at java.util.concurrent.ThreadPoolExecutor$Worker.run(ThreadPoolExecutor.java:624)
	... 1 more
2021-11-30 01:54:45,677 [EndpointStateMachine task thread for /0.0.0.0:36669 - 0 ] INFO  ipc.Client (Client.java:handleConnectionFailure(977)) - Retrying connect to server: 0.0.0.0/0.0.0.0:36669. Already tried 0 time(s); retry policy is RetryUpToMaximumCountWithFixedSleep(maxRetries=15, sleepTime=1000 MILLISECONDS)
2021-11-30 01:54:46,678 [EndpointStateMachine task thread for /0.0.0.0:36669 - 0 ] INFO  ipc.Client (Client.java:handleConnectionFailure(977)) - Retrying connect to server: 0.0.0.0/0.0.0.0:36669. Already tried 1 time(s); retry policy is RetryUpToMaximumCountWithFixedSleep(maxRetries=15, sleepTime=1000 MILLISECONDS)
2021-11-30 01:54:47,171 [Datanode State Machine Daemon Thread] ERROR datanode.RunningDatanodeState (RunningDatanodeState.java:computeNextContainerState(199)) - Error in executing end point task.
java.util.concurrent.ExecutionException: java.util.concurrent.TimeoutException
	at java.util.concurrent.FutureTask.report(FutureTask.java:122)
	at java.util.concurrent.FutureTask.get(FutureTask.java:192)
	at org.apache.hadoop.ozone.container.common.states.datanode.RunningDatanodeState.computeNextContainerState(RunningDatanodeState.java:191)
	at org.apache.hadoop.ozone.container.common.states.datanode.RunningDatanodeState.await(RunningDatanodeState.java:231)
	at org.apache.hadoop.ozone.container.common.states.datanode.RunningDatanodeState.await(RunningDatanodeState.java:50)
	at org.apache.hadoop.ozone.container.common.statemachine.StateContext.execute(StateContext.java:633)
	at org.apache.hadoop.ozone.container.common.statemachine.DatanodeStateMachine.start(DatanodeStateMachine.java:280)
	at org.apache.hadoop.ozone.container.common.statemachine.DatanodeStateMachine.lambda$startDaemon$0(DatanodeStateMachine.java:468)
	at java.lang.Thread.run(Thread.java:748)
Caused by: java.util.concurrent.TimeoutException
	at java.util.concurrent.FutureTask.get(FutureTask.java:205)
	at org.apache.hadoop.ozone.container.common.states.datanode.RunningDatanodeState.lambda$execute$0(RunningDatanodeState.java:149)
	at java.util.concurrent.FutureTask.run(FutureTask.java:266)
	at java.util.concurrent.Executors$RunnableAdapter.call(Executors.java:511)
	at java.util.concurrent.FutureTask.run(FutureTask.java:266)
	at java.util.concurrent.ThreadPoolExecutor.runWorker(ThreadPoolExecutor.java:1149)
	at java.util.concurrent.ThreadPoolExecutor$Worker.run(ThreadPoolExecutor.java:624)
	... 1 more
2021-11-30 01:54:47,679 [EndpointStateMachine task thread for /0.0.0.0:36669 - 0 ] INFO  ipc.Client (Client.java:handleConnectionFailure(977)) - Retrying connect to server: 0.0.0.0/0.0.0.0:36669. Already tried 2 time(s); retry policy is RetryUpToMaximumCountWithFixedSleep(maxRetries=15, sleepTime=1000 MILLISECONDS)
2021-11-30 01:54:47,700 [Datanode State Machine Daemon Thread] ERROR datanode.RunningDatanodeState (RunningDatanodeState.java:computeNextContainerState(199)) - Error in executing end point task.
java.util.concurrent.ExecutionException: java.util.concurrent.TimeoutException
	at java.util.concurrent.FutureTask.report(FutureTask.java:122)
	at java.util.concurrent.FutureTask.get(FutureTask.java:192)
	at org.apache.hadoop.ozone.container.common.states.datanode.RunningDatanodeState.computeNextContainerState(RunningDatanodeState.java:191)
	at org.apache.hadoop.ozone.container.common.states.datanode.RunningDatanodeState.await(RunningDatanodeState.java:231)
	at org.apache.hadoop.ozone.container.common.states.datanode.RunningDatanodeState.await(RunningDatanodeState.java:50)
	at org.apache.hadoop.ozone.container.common.statemachine.StateContext.execute(StateContext.java:633)
	at org.apache.hadoop.ozone.container.common.statemachine.DatanodeStateMachine.start(DatanodeStateMachine.java:280)
	at org.apache.hadoop.ozone.container.common.statemachine.DatanodeStateMachine.lambda$startDaemon$0(DatanodeStateMachine.java:468)
	at java.lang.Thread.run(Thread.java:748)
Caused by: java.util.concurrent.TimeoutException
	at java.util.concurrent.FutureTask.get(FutureTask.java:205)
	at org.apache.hadoop.ozone.container.common.states.datanode.RunningDatanodeState.lambda$execute$0(RunningDatanodeState.java:149)
	at java.util.concurrent.FutureTask.run(FutureTask.java:266)
	at java.util.concurrent.Executors$RunnableAdapter.call(Executors.java:511)
	at java.util.concurrent.FutureTask.run(FutureTask.java:266)
	at java.util.concurrent.ThreadPoolExecutor.runWorker(ThreadPoolExecutor.java:1149)
	at java.util.concurrent.ThreadPoolExecutor$Worker.run(ThreadPoolExecutor.java:624)
	... 1 more
2021-11-30 01:54:48,139 [Datanode State Machine Daemon Thread] ERROR datanode.RunningDatanodeState (RunningDatanodeState.java:computeNextContainerState(199)) - Error in executing end point task.
java.util.concurrent.ExecutionException: java.util.concurrent.TimeoutException
	at java.util.concurrent.FutureTask.report(FutureTask.java:122)
	at java.util.concurrent.FutureTask.get(FutureTask.java:192)
	at org.apache.hadoop.ozone.container.common.states.datanode.RunningDatanodeState.computeNextContainerState(RunningDatanodeState.java:191)
	at org.apache.hadoop.ozone.container.common.states.datanode.RunningDatanodeState.await(RunningDatanodeState.java:231)
	at org.apache.hadoop.ozone.container.common.states.datanode.RunningDatanodeState.await(RunningDatanodeState.java:50)
	at org.apache.hadoop.ozone.container.common.statemachine.StateContext.execute(StateContext.java:633)
	at org.apache.hadoop.ozone.container.common.statemachine.DatanodeStateMachine.start(DatanodeStateMachine.java:280)
	at org.apache.hadoop.ozone.container.common.statemachine.DatanodeStateMachine.lambda$startDaemon$0(DatanodeStateMachine.java:468)
	at java.lang.Thread.run(Thread.java:748)
Caused by: java.util.concurrent.TimeoutException
	at java.util.concurrent.FutureTask.get(FutureTask.java:205)
	at org.apache.hadoop.ozone.container.common.states.datanode.RunningDatanodeState.lambda$execute$0(RunningDatanodeState.java:149)
	at java.util.concurrent.FutureTask.run(FutureTask.java:266)
	at java.util.concurrent.Executors$RunnableAdapter.call(Executors.java:511)
	at java.util.concurrent.FutureTask.run(FutureTask.java:266)
	at java.util.concurrent.ThreadPoolExecutor.runWorker(ThreadPoolExecutor.java:1149)
	at java.util.concurrent.ThreadPoolExecutor$Worker.run(ThreadPoolExecutor.java:624)
	... 1 more
2021-11-30 01:54:48,680 [EndpointStateMachine task thread for /0.0.0.0:36669 - 0 ] INFO  ipc.Client (Client.java:handleConnectionFailure(977)) - Retrying connect to server: 0.0.0.0/0.0.0.0:36669. Already tried 3 time(s); retry policy is RetryUpToMaximumCountWithFixedSleep(maxRetries=15, sleepTime=1000 MILLISECONDS)
2021-11-30 01:54:48,704 [Datanode State Machine Daemon Thread] ERROR datanode.RunningDatanodeState (RunningDatanodeState.java:computeNextContainerState(199)) - Error in executing end point task.
java.util.concurrent.ExecutionException: java.util.concurrent.TimeoutException
	at java.util.concurrent.FutureTask.report(FutureTask.java:122)
	at java.util.concurrent.FutureTask.get(FutureTask.java:192)
	at org.apache.hadoop.ozone.container.common.states.datanode.RunningDatanodeState.computeNextContainerState(RunningDatanodeState.java:191)
	at org.apache.hadoop.ozone.container.common.states.datanode.RunningDatanodeState.await(RunningDatanodeState.java:231)
	at org.apache.hadoop.ozone.container.common.states.datanode.RunningDatanodeState.await(RunningDatanodeState.java:50)
	at org.apache.hadoop.ozone.container.common.statemachine.StateContext.execute(StateContext.java:633)
	at org.apache.hadoop.ozone.container.common.statemachine.DatanodeStateMachine.start(DatanodeStateMachine.java:280)
	at org.apache.hadoop.ozone.container.common.statemachine.DatanodeStateMachine.lambda$startDaemon$0(DatanodeStateMachine.java:468)
	at java.lang.Thread.run(Thread.java:748)
Caused by: java.util.concurrent.TimeoutException
	at java.util.concurrent.FutureTask.get(FutureTask.java:205)
	at org.apache.hadoop.ozone.container.common.states.datanode.RunningDatanodeState.lambda$execute$0(RunningDatanodeState.java:149)
	at java.util.concurrent.FutureTask.run(FutureTask.java:266)
	at java.util.concurrent.Executors$RunnableAdapter.call(Executors.java:511)
	at java.util.concurrent.FutureTask.run(FutureTask.java:266)
	at java.util.concurrent.ThreadPoolExecutor.runWorker(ThreadPoolExecutor.java:1149)
	at java.util.concurrent.ThreadPoolExecutor$Worker.run(ThreadPoolExecutor.java:624)
	... 1 more
2021-11-30 01:54:49,675 [Datanode State Machine Daemon Thread] ERROR datanode.RunningDatanodeState (RunningDatanodeState.java:computeNextContainerState(199)) - Error in executing end point task.
java.util.concurrent.ExecutionException: java.util.concurrent.TimeoutException
	at java.util.concurrent.FutureTask.report(FutureTask.java:122)
	at java.util.concurrent.FutureTask.get(FutureTask.java:192)
	at org.apache.hadoop.ozone.container.common.states.datanode.RunningDatanodeState.computeNextContainerState(RunningDatanodeState.java:191)
	at org.apache.hadoop.ozone.container.common.states.datanode.RunningDatanodeState.await(RunningDatanodeState.java:231)
	at org.apache.hadoop.ozone.container.common.states.datanode.RunningDatanodeState.await(RunningDatanodeState.java:50)
	at org.apache.hadoop.ozone.container.common.statemachine.StateContext.execute(StateContext.java:633)
	at org.apache.hadoop.ozone.container.common.statemachine.DatanodeStateMachine.start(DatanodeStateMachine.java:280)
	at org.apache.hadoop.ozone.container.common.statemachine.DatanodeStateMachine.lambda$startDaemon$0(DatanodeStateMachine.java:468)
	at java.lang.Thread.run(Thread.java:748)
Caused by: java.util.concurrent.TimeoutException
	at java.util.concurrent.FutureTask.get(FutureTask.java:205)
	at org.apache.hadoop.ozone.container.common.states.datanode.RunningDatanodeState.lambda$execute$0(RunningDatanodeState.java:149)
	at java.util.concurrent.FutureTask.run(FutureTask.java:266)
	at java.util.concurrent.Executors$RunnableAdapter.call(Executors.java:511)
	at java.util.concurrent.FutureTask.run(FutureTask.java:266)
	at java.util.concurrent.ThreadPoolExecutor.runWorker(ThreadPoolExecutor.java:1149)
	at java.util.concurrent.ThreadPoolExecutor$Worker.run(ThreadPoolExecutor.java:624)
	... 1 more
2021-11-30 01:54:49,680 [EndpointStateMachine task thread for /0.0.0.0:36669 - 0 ] INFO  ipc.Client (Client.java:handleConnectionFailure(977)) - Retrying connect to server: 0.0.0.0/0.0.0.0:36669. Already tried 4 time(s); retry policy is RetryUpToMaximumCountWithFixedSleep(maxRetries=15, sleepTime=1000 MILLISECONDS)
2021-11-30 01:54:50,681 [EndpointStateMachine task thread for /0.0.0.0:36669 - 0 ] INFO  ipc.Client (Client.java:handleConnectionFailure(977)) - Retrying connect to server: 0.0.0.0/0.0.0.0:36669. Already tried 5 time(s); retry policy is RetryUpToMaximumCountWithFixedSleep(maxRetries=15, sleepTime=1000 MILLISECONDS)
2021-11-30 01:54:51,213 [Datanode State Machine Daemon Thread] ERROR datanode.RunningDatanodeState (RunningDatanodeState.java:computeNextContainerState(199)) - Error in executing end point task.
java.util.concurrent.ExecutionException: java.util.concurrent.TimeoutException
	at java.util.concurrent.FutureTask.report(FutureTask.java:122)
	at java.util.concurrent.FutureTask.get(FutureTask.java:192)
	at org.apache.hadoop.ozone.container.common.states.datanode.RunningDatanodeState.computeNextContainerState(RunningDatanodeState.java:191)
	at org.apache.hadoop.ozone.container.common.states.datanode.RunningDatanodeState.await(RunningDatanodeState.java:231)
	at org.apache.hadoop.ozone.container.common.states.datanode.RunningDatanodeState.await(RunningDatanodeState.java:50)
	at org.apache.hadoop.ozone.container.common.statemachine.StateContext.execute(StateContext.java:633)
	at org.apache.hadoop.ozone.container.common.statemachine.DatanodeStateMachine.start(DatanodeStateMachine.java:280)
	at org.apache.hadoop.ozone.container.common.statemachine.DatanodeStateMachine.lambda$startDaemon$0(DatanodeStateMachine.java:468)
	at java.lang.Thread.run(Thread.java:748)
Caused by: java.util.concurrent.TimeoutException
	at java.util.concurrent.FutureTask.get(FutureTask.java:205)
	at org.apache.hadoop.ozone.container.common.states.datanode.RunningDatanodeState.lambda$execute$0(RunningDatanodeState.java:149)
	at java.util.concurrent.FutureTask.run(FutureTask.java:266)
	at java.util.concurrent.Executors$RunnableAdapter.call(Executors.java:511)
	at java.util.concurrent.FutureTask.run(FutureTask.java:266)
	at java.util.concurrent.ThreadPoolExecutor.runWorker(ThreadPoolExecutor.java:1149)
	at java.util.concurrent.ThreadPoolExecutor$Worker.run(ThreadPoolExecutor.java:624)
	... 1 more
2021-11-30 01:54:51,681 [EndpointStateMachine task thread for /0.0.0.0:36669 - 0 ] INFO  ipc.Client (Client.java:handleConnectionFailure(977)) - Retrying connect to server: 0.0.0.0/0.0.0.0:36669. Already tried 6 time(s); retry policy is RetryUpToMaximumCountWithFixedSleep(maxRetries=15, sleepTime=1000 MILLISECONDS)
2021-11-30 01:54:52,682 [EndpointStateMachine task thread for /0.0.0.0:36669 - 0 ] INFO  ipc.Client (Client.java:handleConnectionFailure(977)) - Retrying connect to server: 0.0.0.0/0.0.0.0:36669. Already tried 7 time(s); retry policy is RetryUpToMaximumCountWithFixedSleep(maxRetries=15, sleepTime=1000 MILLISECONDS)
2021-11-30 01:54:53,683 [EndpointStateMachine task thread for /0.0.0.0:36669 - 0 ] INFO  ipc.Client (Client.java:handleConnectionFailure(977)) - Retrying connect to server: 0.0.0.0/0.0.0.0:36669. Already tried 8 time(s); retry policy is RetryUpToMaximumCountWithFixedSleep(maxRetries=15, sleepTime=1000 MILLISECONDS)
2021-11-30 01:54:54,685 [EndpointStateMachine task thread for /0.0.0.0:36669 - 0 ] INFO  ipc.Client (Client.java:handleConnectionFailure(977)) - Retrying connect to server: 0.0.0.0/0.0.0.0:36669. Already tried 9 time(s); retry policy is RetryUpToMaximumCountWithFixedSleep(maxRetries=15, sleepTime=1000 MILLISECONDS)
2021-11-30 01:54:55,686 [EndpointStateMachine task thread for /0.0.0.0:36669 - 0 ] INFO  ipc.Client (Client.java:handleConnectionFailure(977)) - Retrying connect to server: 0.0.0.0/0.0.0.0:36669. Already tried 10 time(s); retry policy is RetryUpToMaximumCountWithFixedSleep(maxRetries=15, sleepTime=1000 MILLISECONDS)
2021-11-30 01:54:56,697 [EndpointStateMachine task thread for /0.0.0.0:36669 - 0 ] INFO  ipc.Client (Client.java:handleConnectionFailure(977)) - Retrying connect to server: 0.0.0.0/0.0.0.0:36669. Already tried 11 time(s); retry policy is RetryUpToMaximumCountWithFixedSleep(maxRetries=15, sleepTime=1000 MILLISECONDS)
2021-11-30 01:54:57,698 [EndpointStateMachine task thread for /0.0.0.0:36669 - 0 ] INFO  ipc.Client (Client.java:handleConnectionFailure(977)) - Retrying connect to server: 0.0.0.0/0.0.0.0:36669. Already tried 12 time(s); retry policy is RetryUpToMaximumCountWithFixedSleep(maxRetries=15, sleepTime=1000 MILLISECONDS)
2021-11-30 01:54:58,705 [EndpointStateMachine task thread for /0.0.0.0:36669 - 0 ] INFO  ipc.Client (Client.java:handleConnectionFailure(977)) - Retrying connect to server: 0.0.0.0/0.0.0.0:36669. Already tried 13 time(s); retry policy is RetryUpToMaximumCountWithFixedSleep(maxRetries=15, sleepTime=1000 MILLISECONDS)
2021-11-30 01:54:59,706 [EndpointStateMachine task thread for /0.0.0.0:36669 - 0 ] INFO  ipc.Client (Client.java:handleConnectionFailure(977)) - Retrying connect to server: 0.0.0.0/0.0.0.0:36669. Already tried 14 time(s); retry policy is RetryUpToMaximumCountWithFixedSleep(maxRetries=15, sleepTime=1000 MILLISECONDS)
2021-11-30 01:55:00,327 [Mini-Cluster-Provider-Reap] INFO  ozone.MiniOzoneClusterImpl (MiniOzoneClusterImpl.java:shutdown(453)) - Shutting down the Mini Ozone Cluster
2021-11-30 01:55:00,327 [Mini-Cluster-Provider-Reap] INFO  ozone.MiniOzoneClusterImpl (MiniOzoneClusterImpl.java:stop(468)) - Stopping the Mini Ozone Cluster
2021-11-30 01:55:00,327 [Mini-Cluster-Provider-Reap] INFO  ozone.MiniOzoneClusterImpl (MiniOzoneClusterImpl.java:stopOM(550)) - Stopping the OzoneManager
2021-11-30 01:55:00,327 [Mini-Cluster-Provider-Reap] INFO  om.OzoneManager (OzoneManager.java:stop(1830)) - om1[localhost:0]: Stopping Ozone Manager
2021-11-30 01:55:00,327 [Mini-Cluster-Provider-Reap] INFO  ipc.Server (Server.java:stop(3414)) - Stopping server on 32805
2021-11-30 01:55:00,332 [IPC Server listener on 0] INFO  ipc.Server (Server.java:run(1376)) - Stopping IPC Server listener on 0
2021-11-30 01:55:00,332 [IPC Server Responder] INFO  ipc.Server (Server.java:run(1512)) - Stopping IPC Server Responder
2021-11-30 01:55:00,332 [Mini-Cluster-Provider-Reap] INFO  server.RaftServer (RaftServerProxy.java:lambda$close$6(391)) - om1: close
2021-11-30 01:55:00,334 [Mini-Cluster-Provider-Reap] INFO  server.RaftServer$Division (RaftServerImpl.java:lambda$close$4(412)) - om1@group-C5BA1605619E: shutdown
2021-11-30 01:55:00,335 [Mini-Cluster-Provider-Reap] INFO  util.JmxRegister (JmxRegister.java:unregister(73)) - Successfully un-registered JMX Bean with object name Ratis:service=RaftServer,group=group-C5BA1605619E,id="om1"
2021-11-30 01:55:00,335 [Mini-Cluster-Provider-Reap] INFO  impl.RoleInfo (RoleInfo.java:shutdownLeaderState(91)) - om1: shutdown om1@group-C5BA1605619E-LeaderStateImpl
2021-11-30 01:55:00,335 [Mini-Cluster-Provider-Reap] INFO  impl.PendingRequests (PendingRequests.java:sendNotLeaderResponses(282)) - om1@group-C5BA1605619E-PendingRequests: sendNotLeaderResponses
2021-11-30 01:55:00,341 [Mini-Cluster-Provider-Reap] INFO  impl.StateMachineUpdater (StateMachineUpdater.java:stopAndJoin(149)) - om1@group-C5BA1605619E-StateMachineUpdater: set stopIndex = 8
2021-11-30 01:55:00,341 [om1@group-C5BA1605619E-StateMachineUpdater] INFO  ratis.OzoneManagerStateMachine (OzoneManagerStateMachine.java:takeSnapshot(417)) - Current Snapshot Index (t:1, i:8)
2021-11-30 01:55:00,341 [om1@group-C5BA1605619E-StateMachineUpdater] INFO  impl.StateMachineUpdater (StateMachineUpdater.java:takeSnapshot(281)) - om1@group-C5BA1605619E-StateMachineUpdater: Took a snapshot at index 8
2021-11-30 01:55:00,341 [om1@group-C5BA1605619E-StateMachineUpdater] INFO  impl.StateMachineUpdater (StateMachineUpdater.java:lambda$new$0(89)) - om1@group-C5BA1605619E-StateMachineUpdater: snapshotIndex: updateIncreasingly -1 -> 8
2021-11-30 01:55:00,341 [om1@group-C5BA1605619E-StateMachineUpdater] INFO  ratis.OzoneManagerStateMachine (OzoneManagerStateMachine.java:close(471)) - StateMachine has shutdown. Shutdown OzoneManager if not already shutdown.
2021-11-30 01:55:00,342 [Mini-Cluster-Provider-Reap] INFO  server.RaftServer$Division (ServerState.java:close(419)) - om1@group-C5BA1605619E: closes. applyIndex: 8
2021-11-30 01:55:00,342 [om1@group-C5BA1605619E-SegmentedRaftLogWorker] INFO  segmented.SegmentedRaftLogWorker (SegmentedRaftLogWorker.java:run(327)) - om1@group-C5BA1605619E-SegmentedRaftLogWorker was interrupted, exiting. There are 0 tasks remaining in the queue.
2021-11-30 01:55:00,344 [Mini-Cluster-Provider-Reap] INFO  segmented.SegmentedRaftLogWorker (SegmentedRaftLogWorker.java:close(237)) - om1@group-C5BA1605619E-SegmentedRaftLogWorker close()
2021-11-30 01:55:00,344 [Mini-Cluster-Provider-Reap] INFO  server.GrpcService (GrpcService.java:closeImpl(262)) - om1: shutdown server with port 39721 now
2021-11-30 01:55:00,344 [Mini-Cluster-Provider-Reap] INFO  server.GrpcService (GrpcService.java:closeImpl(271)) - om1: shutdown server with port 39721 successfully
2021-11-30 01:55:00,347 [org.apache.ratis.util.JvmPauseMonitor$$Lambda$540/495036108@190fb517] INFO  util.JvmPauseMonitor (JvmPauseMonitor.java:run(109)) - JvmPauseMonitor-om1: Stopped
2021-11-30 01:55:00,347 [Mini-Cluster-Provider-Reap] INFO  ratis.OzoneManagerDoubleBuffer (OzoneManagerDoubleBuffer.java:stop(437)) - Stopping OMDoubleBuffer flush thread
2021-11-30 01:55:00,347 [OMDoubleBufferFlushThread] INFO  ratis.OzoneManagerDoubleBuffer (OzoneManagerDoubleBuffer.java:flushTransactions(356)) - OMDoubleBuffer flush thread OMDoubleBufferFlushThread is interrupted and will exit. OMDoubleBufferFlushThread
2021-11-30 01:55:00,348 [Mini-Cluster-Provider-Reap] INFO  utils.BackgroundService (BackgroundService.java:shutdown(132)) - Shutting down service KeyDeletingService
2021-11-30 01:55:00,348 [Mini-Cluster-Provider-Reap] INFO  utils.BackgroundService (BackgroundService.java:shutdown(132)) - Shutting down service DirectoryDeletingService
]]></system-out>
  </testcase>
  <testcase name="testScmFailuresBeforeScmPreFinalizeUpgrade" classname="org.apache.hadoop.hdds.upgrade.TestHDDSUpgrade" time="54.222"/>
  <testcase name="testDataNodeFailuresDuringDataNodeUpgrade" classname="org.apache.hadoop.hdds.upgrade.TestHDDSUpgrade" time="0">
    <skipped/>
  </testcase>
  <testcase name="testAllPossibleDataNodeFailuresAndSCMFailures" classname="org.apache.hadoop.hdds.upgrade.TestHDDSUpgrade" time="0">
    <skipped/>
  </testcase>
  <testcase name="testAllDataNodeFailuresAfterScmCompleteFinalization" classname="org.apache.hadoop.hdds.upgrade.TestHDDSUpgrade" time="45.775"/>
  <testcase name="testAllDataNodeFailuresAfterScmPostFinalizeUpgrade" classname="org.apache.hadoop.hdds.upgrade.TestHDDSUpgrade" time="52.354"/>
  <testcase name="testFinalizationFromInitialVersionToLatestVersion" classname="org.apache.hadoop.hdds.upgrade.TestHDDSUpgrade" time="16.793"/>
</testsuite>