<?xml version="1.0" encoding="UTF-8"?>
<testsuite xmlns:xsi="http://www.w3.org/2001/XMLSchema-instance" xsi:noNamespaceSchemaLocation="https://maven.apache.org/surefire/maven-surefire-plugin/xsd/surefire-test-report.xsd" name="org.apache.hadoop.ozone.client.rpc.TestOzoneClientRetriesOnException" time="104.448" tests="2" errors="0" skipped="0" failures="1">
  <properties>
    <property name="awt.toolkit" value="sun.awt.X11.XToolkit"/>
    <property name="file.encoding.pkg" value="sun.io"/>
    <property name="java.specification.version" value="1.8"/>
    <property name="sun.cpu.isalist" value=""/>
    <property name="sun.jnu.encoding" value="ANSI_X3.4-1968"/>
    <property name="java.class.path" value="/github/workspace/mnt/ozone/hadoop-ozone/integration-test/target/test-classes:/github/workspace/mnt/ozone/hadoop-ozone/integration-test/target/classes:/home/user/.m2/repository/org/apache/hadoop/hadoop-ozone-common/1.1.0-SNAPSHOT/hadoop-ozone-common-1.1.0-SNAPSHOT.jar:/home/user/.m2/repository/org/apache/commons/commons-compress/1.4.1/commons-compress-1.4.1.jar:/home/user/.m2/repository/org/tukaani/xz/1.0/xz-1.0.jar:/home/user/.m2/repository/org/apache/hadoop/hadoop-hdds-common/1.1.0-SNAPSHOT/hadoop-hdds-common-1.1.0-SNAPSHOT.jar:/home/user/.m2/repository/org/apache/hadoop/hadoop-hdds-hadoop-dependency-client/1.1.0-SNAPSHOT/hadoop-hdds-hadoop-dependency-client-1.1.0-SNAPSHOT.jar:/home/user/.m2/repository/info/picocli/picocli/4.4.0/picocli-4.4.0.jar:/home/user/.m2/repository/com/fasterxml/jackson/core/jackson-annotations/2.10.3/jackson-annotations-2.10.3.jar:/home/user/.m2/repository/javax/annotation/javax.annotation-api/1.2/javax.annotation-api-1.2.jar:/home/user/.m2/repository/org/apache/ratis/ratis-server/1.1.0-11689cd-SNAPSHOT/ratis-server-1.1.0-11689cd-SNAPSHOT.jar:/home/user/.m2/repository/org/apache/ratis/ratis-client/1.1.0-11689cd-SNAPSHOT/ratis-client-1.1.0-11689cd-SNAPSHOT.jar:/home/user/.m2/repository/org/apache/ratis/ratis-metrics/1.1.0-11689cd-SNAPSHOT/ratis-metrics-1.1.0-11689cd-SNAPSHOT.jar:/home/user/.m2/repository/org/apache/ratis/ratis-netty/1.1.0-11689cd-SNAPSHOT/ratis-netty-1.1.0-11689cd-SNAPSHOT.jar:/home/user/.m2/repository/org/apache/ratis/ratis-grpc/1.1.0-11689cd-SNAPSHOT/ratis-grpc-1.1.0-11689cd-SNAPSHOT.jar:/home/user/.m2/repository/org/apache/logging/log4j/log4j-api/2.13.3/log4j-api-2.13.3.jar:/home/user/.m2/repository/org/apache/logging/log4j/log4j-core/2.13.3/log4j-core-2.13.3.jar:/home/user/.m2/repository/com/lmax/disruptor/3.4.2/disruptor-3.4.2.jar:/home/user/.m2/repository/org/apache/commons/commons-pool2/2.6.0/commons-pool2-2.6.0.jar:/home/user/.m2/repository/org/bouncycastle/bcpkix-jdk15on/1.60/bcpkix-jdk15on-1.60.jar:/home/user/.m2/repository/commons-validator/commons-validator/1.6/commons-validator-1.6.jar:/home/user/.m2/repository/commons-digester/commons-digester/1.8.1/commons-digester-1.8.1.jar:/home/user/.m2/repository/io/jaegertracing/jaeger-client/1.2.0/jaeger-client-1.2.0.jar:/home/user/.m2/repository/io/jaegertracing/jaeger-thrift/1.2.0/jaeger-thrift-1.2.0.jar:/home/user/.m2/repository/org/apache/thrift/libthrift/0.13.0/libthrift-0.13.0.jar:/home/user/.m2/repository/com/squareup/okhttp3/okhttp/4.2.2/okhttp-4.2.2.jar:/home/user/.m2/repository/com/squareup/okio/okio/2.2.2/okio-2.2.2.jar:/home/user/.m2/repository/org/jetbrains/kotlin/kotlin-stdlib/1.3.50/kotlin-stdlib-1.3.50.jar:/home/user/.m2/repository/org/jetbrains/kotlin/kotlin-stdlib-common/1.3.50/kotlin-stdlib-common-1.3.50.jar:/home/user/.m2/repository/org/jetbrains/annotations/13.0/annotations-13.0.jar:/home/user/.m2/repository/io/jaegertracing/jaeger-core/1.2.0/jaeger-core-1.2.0.jar:/home/user/.m2/repository/io/jaegertracing/jaeger-tracerresolver/1.2.0/jaeger-tracerresolver-1.2.0.jar:/home/user/.m2/repository/io/opentracing/contrib/opentracing-tracerresolver/0.1.8/opentracing-tracerresolver-0.1.8.jar:/home/user/.m2/repository/io/opentracing/opentracing-util/0.33.0/opentracing-util-0.33.0.jar:/home/user/.m2/repository/io/opentracing/opentracing-api/0.33.0/opentracing-api-0.33.0.jar:/home/user/.m2/repository/io/opentracing/opentracing-noop/0.33.0/opentracing-noop-0.33.0.jar:/home/user/.m2/repository/org/apache/hadoop/hadoop-hdds-client/1.1.0-SNAPSHOT/hadoop-hdds-client-1.1.0-SNAPSHOT.jar:/home/user/.m2/repository/org/apache/hadoop/hadoop-ozone-interface-client/1.1.0-SNAPSHOT/hadoop-ozone-interface-client-1.1.0-SNAPSHOT.jar:/home/user/.m2/repository/org/apache/hadoop/hadoop-hdds-test-utils/1.1.0-SNAPSHOT/hadoop-hdds-test-utils-1.1.0-SNAPSHOT.jar:/home/user/.m2/repository/com/google/guava/guava/28.2-jre/guava-28.2-jre.jar:/home/user/.m2/repository/com/google/guava/failureaccess/1.0.1/failureaccess-1.0.1.jar:/home/user/.m2/repository/com/google/guava/listenablefuture/9999.0-empty-to-avoid-conflict-with-guava/listenablefuture-9999.0-empty-to-avoid-conflict-with-guava.jar:/home/user/.m2/repository/com/google/code/findbugs/jsr305/3.0.0/jsr305-3.0.0.jar:/home/user/.m2/repository/org/checkerframework/checker-qual/2.10.0/checker-qual-2.10.0.jar:/home/user/.m2/repository/com/google/errorprone/error_prone_annotations/2.2.0/error_prone_annotations-2.2.0.jar:/home/user/.m2/repository/com/google/j2objc/j2objc-annotations/1.3/j2objc-annotations-1.3.jar:/home/user/.m2/repository/commons-io/commons-io/2.5/commons-io-2.5.jar:/home/user/.m2/repository/commons-logging/commons-logging/1.2/commons-logging-1.2.jar:/home/user/.m2/repository/log4j/log4j/1.2.17/log4j-1.2.17.jar:/home/user/.m2/repository/org/slf4j/slf4j-api/1.7.25/slf4j-api-1.7.25.jar:/home/user/.m2/repository/org/apache/hadoop/hadoop-hdds-server-scm/1.1.0-SNAPSHOT/hadoop-hdds-server-scm-1.1.0-SNAPSHOT.jar:/home/user/.m2/repository/org/apache/hadoop/hadoop-hdds-container-service/1.1.0-SNAPSHOT/hadoop-hdds-container-service-1.1.0-SNAPSHOT.jar:/home/user/.m2/repository/org/apache/hadoop/hadoop-hdds-hadoop-dependency-server/1.1.0-SNAPSHOT/hadoop-hdds-hadoop-dependency-server-1.1.0-SNAPSHOT.jar:/home/user/.m2/repository/org/apache/hadoop/hadoop-hdds-server-framework/1.1.0-SNAPSHOT/hadoop-hdds-server-framework-1.1.0-SNAPSHOT.jar:/home/user/.m2/repository/org/apache/hadoop/hadoop-hdds-interface-server/1.1.0-SNAPSHOT/hadoop-hdds-interface-server-1.1.0-SNAPSHOT.jar:/home/user/.m2/repository/org/apache/hadoop/hadoop-hdds-interface-admin/1.1.0-SNAPSHOT/hadoop-hdds-interface-admin-1.1.0-SNAPSHOT.jar:/home/user/.m2/repository/org/rocksdb/rocksdbjni/6.8.1/rocksdbjni-6.8.1.jar:/home/user/.m2/repository/io/prometheus/simpleclient_dropwizard/0.7.0/simpleclient_dropwizard-0.7.0.jar:/home/user/.m2/repository/io/prometheus/simpleclient/0.7.0/simpleclient-0.7.0.jar:/home/user/.m2/repository/io/prometheus/simpleclient_common/0.7.0/simpleclient_common-0.7.0.jar:/home/user/.m2/repository/com/fasterxml/jackson/datatype/jackson-datatype-jsr310/2.10.3/jackson-datatype-jsr310-2.10.3.jar:/home/user/.m2/repository/io/dropwizard/metrics/metrics-core/3.2.4/metrics-core-3.2.4.jar:/home/user/.m2/repository/org/apache/hadoop/hadoop-hdfs-client/3.2.1/hadoop-hdfs-client-3.2.1.jar:/home/user/.m2/repository/org/bouncycastle/bcprov-jdk15on/1.60/bcprov-jdk15on-1.60.jar:/home/user/.m2/repository/org/apache/hadoop/hadoop-ozone-ozone-manager/1.1.0-SNAPSHOT/hadoop-ozone-ozone-manager-1.1.0-SNAPSHOT.jar:/home/user/.m2/repository/org/apache/hadoop/hadoop-hdds-interface-client/1.1.0-SNAPSHOT/hadoop-hdds-interface-client-1.1.0-SNAPSHOT.jar:/home/user/.m2/repository/org/apache/ratis/ratis-thirdparty-misc/0.6.0-SNAPSHOT/ratis-thirdparty-misc-0.6.0-SNAPSHOT.jar:/home/user/.m2/repository/org/apache/hadoop/hadoop-ozone-interface-storage/1.1.0-SNAPSHOT/hadoop-ozone-interface-storage-1.1.0-SNAPSHOT.jar:/home/user/.m2/repository/org/apache/hadoop/hadoop-minikdc/3.2.1/hadoop-minikdc-3.2.1.jar:/home/user/.m2/repository/org/apache/kerby/kerb-simplekdc/1.0.1/kerb-simplekdc-1.0.1.jar:/home/user/.m2/repository/org/apache/kerby/kerb-client/1.0.1/kerb-client-1.0.1.jar:/home/user/.m2/repository/org/apache/kerby/kerby-config/1.0.1/kerby-config-1.0.1.jar:/home/user/.m2/repository/org/apache/kerby/kerb-core/1.0.1/kerb-core-1.0.1.jar:/home/user/.m2/repository/org/apache/kerby/kerby-pkix/1.0.1/kerby-pkix-1.0.1.jar:/home/user/.m2/repository/org/apache/kerby/kerby-asn1/1.0.1/kerby-asn1-1.0.1.jar:/home/user/.m2/repository/org/apache/kerby/kerby-util/1.0.1/kerby-util-1.0.1.jar:/home/user/.m2/repository/org/apache/kerby/kerb-common/1.0.1/kerb-common-1.0.1.jar:/home/user/.m2/repository/org/apache/kerby/kerb-crypto/1.0.1/kerb-crypto-1.0.1.jar:/home/user/.m2/repository/org/apache/kerby/kerb-util/1.0.1/kerb-util-1.0.1.jar:/home/user/.m2/repository/org/apache/kerby/token-provider/1.0.1/token-provider-1.0.1.jar:/home/user/.m2/repository/org/apache/kerby/kerb-admin/1.0.1/kerb-admin-1.0.1.jar:/home/user/.m2/repository/org/apache/kerby/kerb-server/1.0.1/kerb-server-1.0.1.jar:/home/user/.m2/repository/org/apache/kerby/kerb-identity/1.0.1/kerb-identity-1.0.1.jar:/home/user/.m2/repository/org/apache/kerby/kerby-xdr/1.0.1/kerby-xdr-1.0.1.jar:/home/user/.m2/repository/org/slf4j/slf4j-log4j12/1.7.25/slf4j-log4j12-1.7.25.jar:/home/user/.m2/repository/org/apache/hadoop/hadoop-ozone-s3gateway/1.1.0-SNAPSHOT/hadoop-ozone-s3gateway-1.1.0-SNAPSHOT.jar:/home/user/.m2/repository/org/jboss/weld/servlet/weld-servlet/2.4.7.Final/weld-servlet-2.4.7.Final.jar:/home/user/.m2/repository/org/glassfish/jersey/containers/jersey-container-servlet-core/2.27/jersey-container-servlet-core-2.27.jar:/home/user/.m2/repository/org/glassfish/hk2/external/javax.inject/2.5.0-b42/javax.inject-2.5.0-b42.jar:/home/user/.m2/repository/org/glassfish/jersey/core/jersey-common/2.27/jersey-common-2.27.jar:/home/user/.m2/repository/org/glassfish/hk2/osgi-resource-locator/1.0.1/osgi-resource-locator-1.0.1.jar:/home/user/.m2/repository/javax/ws/rs/javax.ws.rs-api/2.1/javax.ws.rs-api-2.1.jar:/home/user/.m2/repository/org/glassfish/jersey/ext/cdi/jersey-cdi1x/2.27/jersey-cdi1x-2.27.jar:/home/user/.m2/repository/org/glassfish/jersey/inject/jersey-hk2/2.27/jersey-hk2-2.27.jar:/home/user/.m2/repository/org/glassfish/hk2/hk2-locator/2.5.0-b42/hk2-locator-2.5.0-b42.jar:/home/user/.m2/repository/org/javassist/javassist/3.22.0-CR2/javassist-3.22.0-CR2.jar:/home/user/.m2/repository/org/glassfish/hk2/hk2-api/2.5.0/hk2-api-2.5.0.jar:/home/user/.m2/repository/org/glassfish/hk2/external/jakarta.inject/2.5.0/jakarta.inject-2.5.0.jar:/home/user/.m2/repository/org/glassfish/hk2/hk2-utils/2.5.0/hk2-utils-2.5.0.jar:/home/user/.m2/repository/jakarta/annotation/jakarta.annotation-api/1.3.4/jakarta.annotation-api-1.3.4.jar:/home/user/.m2/repository/org/glassfish/hk2/external/aopalliance-repackaged/2.5.0/aopalliance-repackaged-2.5.0.jar:/home/user/.m2/repository/com/fasterxml/jackson/dataformat/jackson-dataformat-xml/2.10.3/jackson-dataformat-xml-2.10.3.jar:/home/user/.m2/repository/com/fasterxml/jackson/core/jackson-core/2.10.3/jackson-core-2.10.3.jar:/home/user/.m2/repository/com/fasterxml/jackson/module/jackson-module-jaxb-annotations/2.10.3/jackson-module-jaxb-annotations-2.10.3.jar:/home/user/.m2/repository/jakarta/xml/bind/jakarta.xml.bind-api/2.3.2/jakarta.xml.bind-api-2.3.2.jar:/home/user/.m2/repository/jakarta/activation/jakarta.activation-api/1.2.1/jakarta.activation-api-1.2.1.jar:/home/user/.m2/repository/org/codehaus/woodstox/stax2-api/3.1.4/stax2-api-3.1.4.jar:/home/user/.m2/repository/com/fasterxml/woodstox/woodstox-core/5.0.3/woodstox-core-5.0.3.jar:/home/user/.m2/repository/javax/enterprise/cdi-api/1.2/cdi-api-1.2.jar:/home/user/.m2/repository/javax/el/javax.el-api/3.0.0/javax.el-api-3.0.0.jar:/home/user/.m2/repository/javax/interceptor/javax.interceptor-api/1.2/javax.interceptor-api-1.2.jar:/home/user/.m2/repository/javax/inject/javax.inject/1/javax.inject-1.jar:/home/user/.m2/repository/com/sun/xml/bind/jaxb-impl/2.3.0.1/jaxb-impl-2.3.0.1.jar:/home/user/.m2/repository/com/sun/xml/bind/jaxb-core/2.3.0.1/jaxb-core-2.3.0.1.jar:/home/user/.m2/repository/javax/xml/bind/jaxb-api/2.3.0/jaxb-api-2.3.0.jar:/home/user/.m2/repository/javax/activation/activation/1.1.1/activation-1.1.1.jar:/home/user/.m2/repository/org/apache/hadoop/hadoop-ozone-csi/1.1.0-SNAPSHOT/hadoop-ozone-csi-1.1.0-SNAPSHOT.jar:/home/user/.m2/repository/com/google/protobuf/protobuf-java-util/3.11.0/protobuf-java-util-3.11.0.jar:/home/user/.m2/repository/com/google/code/gson/gson/2.2.4/gson-2.2.4.jar:/home/user/.m2/repository/org/apache/hadoop/hadoop-hdds-config/1.1.0-SNAPSHOT/hadoop-hdds-config-1.1.0-SNAPSHOT.jar:/home/user/.m2/repository/com/google/protobuf/protobuf-java/2.5.0/protobuf-java-2.5.0.jar:/home/user/.m2/repository/io/grpc/grpc-netty/1.29.0/grpc-netty-1.29.0.jar:/home/user/.m2/repository/io/grpc/grpc-core/1.29.0/grpc-core-1.29.0.jar:/home/user/.m2/repository/com/google/android/annotations/4.1.1.4/annotations-4.1.1.4.jar:/home/user/.m2/repository/io/perfmark/perfmark-api/0.19.0/perfmark-api-0.19.0.jar:/home/user/.m2/repository/io/netty/netty-codec-http2/4.1.48.Final/netty-codec-http2-4.1.48.Final.jar:/home/user/.m2/repository/io/netty/netty-codec/4.1.48.Final/netty-codec-4.1.48.Final.jar:/home/user/.m2/repository/io/netty/netty-handler/4.1.48.Final/netty-handler-4.1.48.Final.jar:/home/user/.m2/repository/io/netty/netty-codec-http/4.1.48.Final/netty-codec-http-4.1.48.Final.jar:/home/user/.m2/repository/io/netty/netty-handler-proxy/4.1.48.Final/netty-handler-proxy-4.1.48.Final.jar:/home/user/.m2/repository/io/netty/netty-codec-socks/4.1.48.Final/netty-codec-socks-4.1.48.Final.jar:/home/user/.m2/repository/io/netty/netty-transport-native-epoll/4.1.48.Final/netty-transport-native-epoll-4.1.48.Final.jar:/home/user/.m2/repository/io/netty/netty-common/4.1.48.Final/netty-common-4.1.48.Final.jar:/home/user/.m2/repository/io/netty/netty-buffer/4.1.48.Final/netty-buffer-4.1.48.Final.jar:/home/user/.m2/repository/io/netty/netty-transport/4.1.48.Final/netty-transport-4.1.48.Final.jar:/home/user/.m2/repository/io/netty/netty-resolver/4.1.48.Final/netty-resolver-4.1.48.Final.jar:/home/user/.m2/repository/io/netty/netty-transport-native-unix-common/4.1.48.Final/netty-transport-native-unix-common-4.1.48.Final.jar:/home/user/.m2/repository/io/grpc/grpc-protobuf/1.29.0/grpc-protobuf-1.29.0.jar:/home/user/.m2/repository/io/grpc/grpc-api/1.29.0/grpc-api-1.29.0.jar:/home/user/.m2/repository/io/grpc/grpc-context/1.29.0/grpc-context-1.29.0.jar:/home/user/.m2/repository/org/codehaus/mojo/animal-sniffer-annotations/1.18/animal-sniffer-annotations-1.18.jar:/home/user/.m2/repository/com/google/api/grpc/proto-google-common-protos/1.17.0/proto-google-common-protos-1.17.0.jar:/home/user/.m2/repository/io/grpc/grpc-protobuf-lite/1.29.0/grpc-protobuf-lite-1.29.0.jar:/home/user/.m2/repository/io/grpc/grpc-stub/1.29.0/grpc-stub-1.29.0.jar:/home/user/.m2/repository/org/apache/hadoop/hadoop-ozone-recon/1.1.0-SNAPSHOT/hadoop-ozone-recon-1.1.0-SNAPSHOT.jar:/home/user/.m2/repository/org/apache/hadoop/hadoop-ozone-reconcodegen/1.1.0-SNAPSHOT/hadoop-ozone-reconcodegen-1.1.0-SNAPSHOT.jar:/home/user/.m2/repository/com/google/inject/extensions/guice-multibindings/4.0/guice-multibindings-4.0.jar:/home/user/.m2/repository/com/google/inject/guice/4.0/guice-4.0.jar:/home/user/.m2/repository/aopalliance/aopalliance/1.0/aopalliance-1.0.jar:/home/user/.m2/repository/com/google/inject/extensions/guice-assistedinject/4.0/guice-assistedinject-4.0.jar:/home/user/.m2/repository/com/google/inject/extensions/guice-servlet/4.0/guice-servlet-4.0.jar:/home/user/.m2/repository/org/glassfish/jersey/containers/jersey-container-servlet/2.27/jersey-container-servlet-2.27.jar:/home/user/.m2/repository/org/glassfish/hk2/guice-bridge/2.5.0/guice-bridge-2.5.0.jar:/home/user/.m2/repository/org/glassfish/jersey/core/jersey-server/2.27/jersey-server-2.27.jar:/home/user/.m2/repository/org/glassfish/jersey/core/jersey-client/2.27/jersey-client-2.27.jar:/home/user/.m2/repository/org/glassfish/jersey/media/jersey-media-jaxb/2.27/jersey-media-jaxb-2.27.jar:/home/user/.m2/repository/javax/validation/validation-api/1.1.0.Final/validation-api-1.1.0.Final.jar:/home/user/.m2/repository/org/glassfish/jersey/media/jersey-media-json-jackson/2.27/jersey-media-json-jackson-2.27.jar:/home/user/.m2/repository/org/glassfish/jersey/ext/jersey-entity-filtering/2.27/jersey-entity-filtering-2.27.jar:/home/user/.m2/repository/org/jooq/jooq/3.11.10/jooq-3.11.10.jar:/home/user/.m2/repository/org/jooq/jooq-meta/3.11.10/jooq-meta-3.11.10.jar:/home/user/.m2/repository/org/jooq/jooq-codegen/3.11.10/jooq-codegen-3.11.10.jar:/home/user/.m2/repository/com/jolbox/bonecp/0.8.0.RELEASE/bonecp-0.8.0.RELEASE.jar:/home/user/.m2/repository/org/apache/derby/derby/10.14.2.0/derby-10.14.2.0.jar:/home/user/.m2/repository/org/xerial/sqlite-jdbc/3.25.2/sqlite-jdbc-3.25.2.jar:/home/user/.m2/repository/org/springframework/spring-jdbc/5.2.5.RELEASE/spring-jdbc-5.2.5.RELEASE.jar:/home/user/.m2/repository/org/springframework/spring-beans/5.2.5.RELEASE/spring-beans-5.2.5.RELEASE.jar:/home/user/.m2/repository/org/springframework/spring-core/5.2.5.RELEASE/spring-core-5.2.5.RELEASE.jar:/home/user/.m2/repository/org/springframework/spring-jcl/5.2.5.RELEASE/spring-jcl-5.2.5.RELEASE.jar:/home/user/.m2/repository/org/springframework/spring-tx/5.2.5.RELEASE/spring-tx-5.2.5.RELEASE.jar:/home/user/.m2/repository/org/apache/hadoop/hadoop-ozone-client/1.1.0-SNAPSHOT/hadoop-ozone-client-1.1.0-SNAPSHOT.jar:/home/user/.m2/repository/org/apache/hadoop/hadoop-ozone-filesystem/1.1.0-SNAPSHOT/hadoop-ozone-filesystem-1.1.0-SNAPSHOT.jar:/home/user/.m2/repository/org/apache/hadoop/hadoop-ozone-filesystem-common/1.1.0-SNAPSHOT/hadoop-ozone-filesystem-common-1.1.0-SNAPSHOT.jar:/home/user/.m2/repository/org/apache/hadoop/hadoop-ozone-tools/1.1.0-SNAPSHOT/hadoop-ozone-tools-1.1.0-SNAPSHOT.jar:/home/user/.m2/repository/org/apache/hadoop/hadoop-hdfs/3.2.1/hadoop-hdfs-3.2.1.jar:/home/user/.m2/repository/org/apache/ratis/ratis-tools/1.1.0-11689cd-SNAPSHOT/ratis-tools-1.1.0-11689cd-SNAPSHOT.jar:/home/user/.m2/repository/org/apache/ratis/ratis-proto/1.1.0-11689cd-SNAPSHOT/ratis-proto-1.1.0-11689cd-SNAPSHOT.jar:/home/user/.m2/repository/org/apache/ratis/ratis-common/1.1.0-11689cd-SNAPSHOT/ratis-common-1.1.0-11689cd-SNAPSHOT.jar:/home/user/.m2/repository/com/amazonaws/aws-java-sdk-core/1.11.615/aws-java-sdk-core-1.11.615.jar:/home/user/.m2/repository/org/apache/httpcomponents/httpclient/4.5.2/httpclient-4.5.2.jar:/home/user/.m2/repository/org/apache/httpcomponents/httpcore/4.4.4/httpcore-4.4.4.jar:/home/user/.m2/repository/software/amazon/ion/ion-java/1.0.2/ion-java-1.0.2.jar:/home/user/.m2/repository/com/fasterxml/jackson/dataformat/jackson-dataformat-cbor/2.10.3/jackson-dataformat-cbor-2.10.3.jar:/home/user/.m2/repository/joda-time/joda-time/2.8.1/joda-time-2.8.1.jar:/home/user/.m2/repository/com/amazonaws/aws-java-sdk-s3/1.11.615/aws-java-sdk-s3-1.11.615.jar:/home/user/.m2/repository/com/amazonaws/aws-java-sdk-kms/1.11.615/aws-java-sdk-kms-1.11.615.jar:/home/user/.m2/repository/com/amazonaws/jmespath-java/1.11.615/jmespath-java-1.11.615.jar:/home/user/.m2/repository/org/kohsuke/metainf-services/metainf-services/1.8/metainf-services-1.8.jar:/home/user/.m2/repository/org/apache/hadoop/hadoop-hdds-tools/1.1.0-SNAPSHOT/hadoop-hdds-tools-1.1.0-SNAPSHOT.jar:/home/user/.m2/repository/commons-cli/commons-cli/1.2/commons-cli-1.2.jar:/home/user/.m2/repository/org/apache/commons/commons-lang3/3.7/commons-lang3-3.7.jar:/home/user/.m2/repository/org/apache/hadoop/hadoop-ozone-ozone-manager/1.1.0-SNAPSHOT/hadoop-ozone-ozone-manager-1.1.0-SNAPSHOT-tests.jar:/home/user/.m2/repository/junit/junit/4.11/junit-4.11.jar:/home/user/.m2/repository/org/hamcrest/hamcrest-core/1.3/hamcrest-core-1.3.jar:/home/user/.m2/repository/org/openjdk/jmh/jmh-core/1.19/jmh-core-1.19.jar:/home/user/.m2/repository/net/sf/jopt-simple/jopt-simple/4.6/jopt-simple-4.6.jar:/home/user/.m2/repository/org/apache/commons/commons-math3/3.1.1/commons-math3-3.1.1.jar:/home/user/.m2/repository/org/openjdk/jmh/jmh-generator-annprocess/1.19/jmh-generator-annprocess-1.19.jar:/home/user/.m2/repository/org/mockito/mockito-all/1.8.5/mockito-all-1.8.5.jar:/home/user/.m2/repository/org/apache/hadoop/hadoop-kms/3.2.1/hadoop-kms-3.2.1.jar:/home/user/.m2/repository/org/apache/hadoop/hadoop-auth/3.2.1/hadoop-auth-3.2.1.jar:/home/user/.m2/repository/com/nimbusds/nimbus-jose-jwt/7.9/nimbus-jose-jwt-7.9.jar:/home/user/.m2/repository/com/github/stephenc/jcip/jcip-annotations/1.0-1/jcip-annotations-1.0-1.jar:/home/user/.m2/repository/net/minidev/json-smart/2.3/json-smart-2.3.jar:/home/user/.m2/repository/net/minidev/accessors-smart/1.2/accessors-smart-1.2.jar:/home/user/.m2/repository/org/ow2/asm/asm/5.0.4/asm-5.0.4.jar:/home/user/.m2/repository/org/apache/zookeeper/zookeeper/3.4.13/zookeeper-3.4.13.jar:/home/user/.m2/repository/org/apache/yetus/audience-annotations/0.5.0/audience-annotations-0.5.0.jar:/home/user/.m2/repository/org/apache/curator/curator-framework/2.13.0/curator-framework-2.13.0.jar:/home/user/.m2/repository/com/sun/jersey/jersey-core/1.19/jersey-core-1.19.jar:/home/user/.m2/repository/javax/ws/rs/jsr311-api/1.1.1/jsr311-api-1.1.1.jar:/home/user/.m2/repository/com/sun/jersey/jersey-server/1.19/jersey-server-1.19.jar:/home/user/.m2/repository/javax/servlet/javax.servlet-api/3.1.0/javax.servlet-api-3.1.0.jar:/home/user/.m2/repository/org/eclipse/jetty/jetty-server/9.4.26.v20200117/jetty-server-9.4.26.v20200117.jar:/home/user/.m2/repository/org/eclipse/jetty/jetty-http/9.4.26.v20200117/jetty-http-9.4.26.v20200117.jar:/home/user/.m2/repository/org/eclipse/jetty/jetty-io/9.4.26.v20200117/jetty-io-9.4.26.v20200117.jar:/home/user/.m2/repository/org/eclipse/jetty/jetty-webapp/9.4.26.v20200117/jetty-webapp-9.4.26.v20200117.jar:/home/user/.m2/repository/org/eclipse/jetty/jetty-xml/9.4.26.v20200117/jetty-xml-9.4.26.v20200117.jar:/home/user/.m2/repository/org/eclipse/jetty/jetty-servlet/9.4.26.v20200117/jetty-servlet-9.4.26.v20200117.jar:/home/user/.m2/repository/org/eclipse/jetty/jetty-security/9.4.26.v20200117/jetty-security-9.4.26.v20200117.jar:/home/user/.m2/repository/org/apache/hadoop/hadoop-common/3.2.1/hadoop-common-3.2.1.jar:/home/user/.m2/repository/commons-net/commons-net/3.6/commons-net-3.6.jar:/home/user/.m2/repository/commons-collections/commons-collections/3.2.2/commons-collections-3.2.2.jar:/home/user/.m2/repository/com/sun/jersey/jersey-servlet/1.19/jersey-servlet-1.19.jar:/home/user/.m2/repository/com/sun/jersey/jersey-json/1.19/jersey-json-1.19.jar:/home/user/.m2/repository/org/codehaus/jettison/jettison/1.1/jettison-1.1.jar:/home/user/.m2/repository/org/codehaus/jackson/jackson-jaxrs/1.9.2/jackson-jaxrs-1.9.2.jar:/home/user/.m2/repository/org/codehaus/jackson/jackson-xc/1.9.2/jackson-xc-1.9.2.jar:/home/user/.m2/repository/commons-beanutils/commons-beanutils/1.9.4/commons-beanutils-1.9.4.jar:/home/user/.m2/repository/org/apache/commons/commons-configuration2/2.1.1/commons-configuration2-2.1.1.jar:/home/user/.m2/repository/org/apache/commons/commons-text/1.4/commons-text-1.4.jar:/home/user/.m2/repository/com/google/re2j/re2j/1.1/re2j-1.1.jar:/home/user/.m2/repository/com/jcraft/jsch/0.1.54/jsch-0.1.54.jar:/home/user/.m2/repository/org/apache/curator/curator-client/2.13.0/curator-client-2.13.0.jar:/home/user/.m2/repository/org/apache/curator/curator-recipes/2.13.0/curator-recipes-2.13.0.jar:/home/user/.m2/repository/dnsjava/dnsjava/2.1.7/dnsjava-2.1.7.jar:/home/user/.m2/repository/org/slf4j/jul-to-slf4j/1.7.25/jul-to-slf4j-1.7.25.jar:/home/user/.m2/repository/org/eclipse/jetty/jetty-util/9.4.26.v20200117/jetty-util-9.4.26.v20200117.jar:/home/user/.m2/repository/com/fasterxml/jackson/core/jackson-databind/2.10.3/jackson-databind-2.10.3.jar:/home/user/.m2/repository/org/apache/hadoop/hadoop-kms/3.2.1/hadoop-kms-3.2.1-tests.jar:/home/user/.m2/repository/org/apache/hadoop/hadoop-hdds-server-scm/1.1.0-SNAPSHOT/hadoop-hdds-server-scm-1.1.0-SNAPSHOT-tests.jar:/home/user/.m2/repository/org/apache/hadoop/hadoop-hdds-container-service/1.1.0-SNAPSHOT/hadoop-hdds-container-service-1.1.0-SNAPSHOT-tests.jar:/home/user/.m2/repository/org/apache/hadoop/hadoop-hdds-common/1.1.0-SNAPSHOT/hadoop-hdds-common-1.1.0-SNAPSHOT-tests.jar:/home/user/.m2/repository/org/yaml/snakeyaml/1.16/snakeyaml-1.16.jar:/home/user/.m2/repository/org/apache/hadoop/hadoop-hdds-hadoop-dependency-test/1.1.0-SNAPSHOT/hadoop-hdds-hadoop-dependency-test-1.1.0-SNAPSHOT.jar:/home/user/.m2/repository/org/apache/hadoop/hadoop-common/3.2.1/hadoop-common-3.2.1-tests.jar:/home/user/.m2/repository/javax/servlet/jsp/jsp-api/2.1/jsp-api-2.1.jar:/home/user/.m2/repository/org/apache/hadoop/hadoop-hdfs/3.2.1/hadoop-hdfs-3.2.1-tests.jar:/home/user/.m2/repository/org/eclipse/jetty/jetty-util-ajax/9.4.26.v20200117/jetty-util-ajax-9.4.26.v20200117.jar:/home/user/.m2/repository/commons-codec/commons-codec/1.11/commons-codec-1.11.jar:/home/user/.m2/repository/commons-daemon/commons-daemon/1.0.13/commons-daemon-1.0.13.jar:/home/user/.m2/repository/io/netty/netty/3.10.5.Final/netty-3.10.5.Final.jar:/home/user/.m2/repository/io/netty/netty-all/4.1.48.Final/netty-all-4.1.48.Final.jar:/home/user/.m2/repository/org/apache/htrace/htrace-core4/4.1.0-incubating/htrace-core4-4.1.0-incubating.jar:/home/user/.m2/repository/org/fusesource/leveldbjni/leveldbjni-all/1.8/leveldbjni-all-1.8.jar:/home/user/.m2/repository/org/apache/hadoop/hadoop-distcp/3.2.1/hadoop-distcp-3.2.1.jar:/home/user/.m2/repository/org/apache/hadoop/hadoop-mapreduce-client-jobclient/3.2.1/hadoop-mapreduce-client-jobclient-3.2.1.jar:/home/user/.m2/repository/org/apache/hadoop/hadoop-mapreduce-client-common/3.2.1/hadoop-mapreduce-client-common-3.2.1.jar:/home/user/.m2/repository/org/apache/hadoop/hadoop-yarn-common/3.2.1/hadoop-yarn-common-3.2.1.jar:/home/user/.m2/repository/org/apache/hadoop/hadoop-yarn-api/3.2.1/hadoop-yarn-api-3.2.1.jar:/home/user/.m2/repository/com/sun/jersey/jersey-client/1.19/jersey-client-1.19.jar:/home/user/.m2/repository/com/sun/jersey/contribs/jersey-guice/1.19/jersey-guice-1.19.jar:/home/user/.m2/repository/com/fasterxml/jackson/jaxrs/jackson-jaxrs-json-provider/2.10.3/jackson-jaxrs-json-provider-2.10.3.jar:/home/user/.m2/repository/com/fasterxml/jackson/jaxrs/jackson-jaxrs-base/2.10.3/jackson-jaxrs-base-2.10.3.jar:/home/user/.m2/repository/org/apache/hadoop/hadoop-yarn-client/3.2.1/hadoop-yarn-client-3.2.1.jar:/home/user/.m2/repository/org/apache/hadoop/hadoop-mapreduce-client-core/3.2.1/hadoop-mapreduce-client-core-3.2.1.jar:/home/user/.m2/repository/org/apache/avro/avro/1.7.7/avro-1.7.7.jar:/home/user/.m2/repository/org/codehaus/jackson/jackson-core-asl/1.9.13/jackson-core-asl-1.9.13.jar:/home/user/.m2/repository/org/codehaus/jackson/jackson-mapper-asl/1.9.13/jackson-mapper-asl-1.9.13.jar:/home/user/.m2/repository/com/thoughtworks/paranamer/paranamer/2.3/paranamer-2.3.jar:/home/user/.m2/repository/org/xerial/snappy/snappy-java/1.0.5/snappy-java-1.0.5.jar:/home/user/.m2/repository/org/apache/hadoop/hadoop-annotations/3.2.1/hadoop-annotations-3.2.1.jar:/usr/lib/jvm/java-1.8.0-openjdk-1.8.0.232.b09-0.el7_7.x86_64/jre/../lib/tools.jar:/home/user/.m2/repository/org/apache/hadoop/hadoop-distcp/3.2.1/hadoop-distcp-3.2.1-tests.jar:"/>
    <property name="java.vm.vendor" value="Oracle Corporation"/>
    <property name="sun.arch.data.model" value="64"/>
    <property name="test.build.dir" value="/github/workspace/mnt/ozone/hadoop-ozone/integration-test/target/test-dir"/>
    <property name="test.cache.data" value=""/>
    <property name="java.vendor.url" value="http://java.oracle.com/"/>
    <property name="user.timezone" value=""/>
    <property name="java.vm.specification.version" value="1.8"/>
    <property name="os.name" value="Linux"/>
    <property name="test.build.data" value="/github/workspace/mnt/ozone/hadoop-ozone/integration-test/target/test-dir"/>
    <property name="user.country" value="US"/>
    <property name="sun.java.launcher" value="SUN_STANDARD"/>
    <property name="sun.boot.library.path" value="/usr/lib/jvm/java-1.8.0-openjdk-1.8.0.232.b09-0.el7_7.x86_64/jre/lib/amd64"/>
    <property name="sun.java.command" value="/github/workspace/mnt/ozone/hadoop-ozone/integration-test/target/surefire/surefirebooter7475548571130663067.jar /github/workspace/mnt/ozone/hadoop-ozone/integration-test/target/surefire 2020-10-09T15-37-09_449-jvmRun1 surefire3200836259099493082tmp surefire_265322779933874612387tmp"/>
    <property name="surefire.test.class.path" value="/github/workspace/mnt/ozone/hadoop-ozone/integration-test/target/test-classes:/github/workspace/mnt/ozone/hadoop-ozone/integration-test/target/classes:/home/user/.m2/repository/org/apache/hadoop/hadoop-ozone-common/1.1.0-SNAPSHOT/hadoop-ozone-common-1.1.0-SNAPSHOT.jar:/home/user/.m2/repository/org/apache/commons/commons-compress/1.4.1/commons-compress-1.4.1.jar:/home/user/.m2/repository/org/tukaani/xz/1.0/xz-1.0.jar:/home/user/.m2/repository/org/apache/hadoop/hadoop-hdds-common/1.1.0-SNAPSHOT/hadoop-hdds-common-1.1.0-SNAPSHOT.jar:/home/user/.m2/repository/org/apache/hadoop/hadoop-hdds-hadoop-dependency-client/1.1.0-SNAPSHOT/hadoop-hdds-hadoop-dependency-client-1.1.0-SNAPSHOT.jar:/home/user/.m2/repository/info/picocli/picocli/4.4.0/picocli-4.4.0.jar:/home/user/.m2/repository/com/fasterxml/jackson/core/jackson-annotations/2.10.3/jackson-annotations-2.10.3.jar:/home/user/.m2/repository/javax/annotation/javax.annotation-api/1.2/javax.annotation-api-1.2.jar:/home/user/.m2/repository/org/apache/ratis/ratis-server/1.1.0-11689cd-SNAPSHOT/ratis-server-1.1.0-11689cd-SNAPSHOT.jar:/home/user/.m2/repository/org/apache/ratis/ratis-client/1.1.0-11689cd-SNAPSHOT/ratis-client-1.1.0-11689cd-SNAPSHOT.jar:/home/user/.m2/repository/org/apache/ratis/ratis-metrics/1.1.0-11689cd-SNAPSHOT/ratis-metrics-1.1.0-11689cd-SNAPSHOT.jar:/home/user/.m2/repository/org/apache/ratis/ratis-netty/1.1.0-11689cd-SNAPSHOT/ratis-netty-1.1.0-11689cd-SNAPSHOT.jar:/home/user/.m2/repository/org/apache/ratis/ratis-grpc/1.1.0-11689cd-SNAPSHOT/ratis-grpc-1.1.0-11689cd-SNAPSHOT.jar:/home/user/.m2/repository/org/apache/logging/log4j/log4j-api/2.13.3/log4j-api-2.13.3.jar:/home/user/.m2/repository/org/apache/logging/log4j/log4j-core/2.13.3/log4j-core-2.13.3.jar:/home/user/.m2/repository/com/lmax/disruptor/3.4.2/disruptor-3.4.2.jar:/home/user/.m2/repository/org/apache/commons/commons-pool2/2.6.0/commons-pool2-2.6.0.jar:/home/user/.m2/repository/org/bouncycastle/bcpkix-jdk15on/1.60/bcpkix-jdk15on-1.60.jar:/home/user/.m2/repository/commons-validator/commons-validator/1.6/commons-validator-1.6.jar:/home/user/.m2/repository/commons-digester/commons-digester/1.8.1/commons-digester-1.8.1.jar:/home/user/.m2/repository/io/jaegertracing/jaeger-client/1.2.0/jaeger-client-1.2.0.jar:/home/user/.m2/repository/io/jaegertracing/jaeger-thrift/1.2.0/jaeger-thrift-1.2.0.jar:/home/user/.m2/repository/org/apache/thrift/libthrift/0.13.0/libthrift-0.13.0.jar:/home/user/.m2/repository/com/squareup/okhttp3/okhttp/4.2.2/okhttp-4.2.2.jar:/home/user/.m2/repository/com/squareup/okio/okio/2.2.2/okio-2.2.2.jar:/home/user/.m2/repository/org/jetbrains/kotlin/kotlin-stdlib/1.3.50/kotlin-stdlib-1.3.50.jar:/home/user/.m2/repository/org/jetbrains/kotlin/kotlin-stdlib-common/1.3.50/kotlin-stdlib-common-1.3.50.jar:/home/user/.m2/repository/org/jetbrains/annotations/13.0/annotations-13.0.jar:/home/user/.m2/repository/io/jaegertracing/jaeger-core/1.2.0/jaeger-core-1.2.0.jar:/home/user/.m2/repository/io/jaegertracing/jaeger-tracerresolver/1.2.0/jaeger-tracerresolver-1.2.0.jar:/home/user/.m2/repository/io/opentracing/contrib/opentracing-tracerresolver/0.1.8/opentracing-tracerresolver-0.1.8.jar:/home/user/.m2/repository/io/opentracing/opentracing-util/0.33.0/opentracing-util-0.33.0.jar:/home/user/.m2/repository/io/opentracing/opentracing-api/0.33.0/opentracing-api-0.33.0.jar:/home/user/.m2/repository/io/opentracing/opentracing-noop/0.33.0/opentracing-noop-0.33.0.jar:/home/user/.m2/repository/org/apache/hadoop/hadoop-hdds-client/1.1.0-SNAPSHOT/hadoop-hdds-client-1.1.0-SNAPSHOT.jar:/home/user/.m2/repository/org/apache/hadoop/hadoop-ozone-interface-client/1.1.0-SNAPSHOT/hadoop-ozone-interface-client-1.1.0-SNAPSHOT.jar:/home/user/.m2/repository/org/apache/hadoop/hadoop-hdds-test-utils/1.1.0-SNAPSHOT/hadoop-hdds-test-utils-1.1.0-SNAPSHOT.jar:/home/user/.m2/repository/com/google/guava/guava/28.2-jre/guava-28.2-jre.jar:/home/user/.m2/repository/com/google/guava/failureaccess/1.0.1/failureaccess-1.0.1.jar:/home/user/.m2/repository/com/google/guava/listenablefuture/9999.0-empty-to-avoid-conflict-with-guava/listenablefuture-9999.0-empty-to-avoid-conflict-with-guava.jar:/home/user/.m2/repository/com/google/code/findbugs/jsr305/3.0.0/jsr305-3.0.0.jar:/home/user/.m2/repository/org/checkerframework/checker-qual/2.10.0/checker-qual-2.10.0.jar:/home/user/.m2/repository/com/google/errorprone/error_prone_annotations/2.2.0/error_prone_annotations-2.2.0.jar:/home/user/.m2/repository/com/google/j2objc/j2objc-annotations/1.3/j2objc-annotations-1.3.jar:/home/user/.m2/repository/commons-io/commons-io/2.5/commons-io-2.5.jar:/home/user/.m2/repository/commons-logging/commons-logging/1.2/commons-logging-1.2.jar:/home/user/.m2/repository/log4j/log4j/1.2.17/log4j-1.2.17.jar:/home/user/.m2/repository/org/slf4j/slf4j-api/1.7.25/slf4j-api-1.7.25.jar:/home/user/.m2/repository/org/apache/hadoop/hadoop-hdds-server-scm/1.1.0-SNAPSHOT/hadoop-hdds-server-scm-1.1.0-SNAPSHOT.jar:/home/user/.m2/repository/org/apache/hadoop/hadoop-hdds-container-service/1.1.0-SNAPSHOT/hadoop-hdds-container-service-1.1.0-SNAPSHOT.jar:/home/user/.m2/repository/org/apache/hadoop/hadoop-hdds-hadoop-dependency-server/1.1.0-SNAPSHOT/hadoop-hdds-hadoop-dependency-server-1.1.0-SNAPSHOT.jar:/home/user/.m2/repository/org/apache/hadoop/hadoop-hdds-server-framework/1.1.0-SNAPSHOT/hadoop-hdds-server-framework-1.1.0-SNAPSHOT.jar:/home/user/.m2/repository/org/apache/hadoop/hadoop-hdds-interface-server/1.1.0-SNAPSHOT/hadoop-hdds-interface-server-1.1.0-SNAPSHOT.jar:/home/user/.m2/repository/org/apache/hadoop/hadoop-hdds-interface-admin/1.1.0-SNAPSHOT/hadoop-hdds-interface-admin-1.1.0-SNAPSHOT.jar:/home/user/.m2/repository/org/rocksdb/rocksdbjni/6.8.1/rocksdbjni-6.8.1.jar:/home/user/.m2/repository/io/prometheus/simpleclient_dropwizard/0.7.0/simpleclient_dropwizard-0.7.0.jar:/home/user/.m2/repository/io/prometheus/simpleclient/0.7.0/simpleclient-0.7.0.jar:/home/user/.m2/repository/io/prometheus/simpleclient_common/0.7.0/simpleclient_common-0.7.0.jar:/home/user/.m2/repository/com/fasterxml/jackson/datatype/jackson-datatype-jsr310/2.10.3/jackson-datatype-jsr310-2.10.3.jar:/home/user/.m2/repository/io/dropwizard/metrics/metrics-core/3.2.4/metrics-core-3.2.4.jar:/home/user/.m2/repository/org/apache/hadoop/hadoop-hdfs-client/3.2.1/hadoop-hdfs-client-3.2.1.jar:/home/user/.m2/repository/org/bouncycastle/bcprov-jdk15on/1.60/bcprov-jdk15on-1.60.jar:/home/user/.m2/repository/org/apache/hadoop/hadoop-ozone-ozone-manager/1.1.0-SNAPSHOT/hadoop-ozone-ozone-manager-1.1.0-SNAPSHOT.jar:/home/user/.m2/repository/org/apache/hadoop/hadoop-hdds-interface-client/1.1.0-SNAPSHOT/hadoop-hdds-interface-client-1.1.0-SNAPSHOT.jar:/home/user/.m2/repository/org/apache/ratis/ratis-thirdparty-misc/0.6.0-SNAPSHOT/ratis-thirdparty-misc-0.6.0-SNAPSHOT.jar:/home/user/.m2/repository/org/apache/hadoop/hadoop-ozone-interface-storage/1.1.0-SNAPSHOT/hadoop-ozone-interface-storage-1.1.0-SNAPSHOT.jar:/home/user/.m2/repository/org/apache/hadoop/hadoop-minikdc/3.2.1/hadoop-minikdc-3.2.1.jar:/home/user/.m2/repository/org/apache/kerby/kerb-simplekdc/1.0.1/kerb-simplekdc-1.0.1.jar:/home/user/.m2/repository/org/apache/kerby/kerb-client/1.0.1/kerb-client-1.0.1.jar:/home/user/.m2/repository/org/apache/kerby/kerby-config/1.0.1/kerby-config-1.0.1.jar:/home/user/.m2/repository/org/apache/kerby/kerb-core/1.0.1/kerb-core-1.0.1.jar:/home/user/.m2/repository/org/apache/kerby/kerby-pkix/1.0.1/kerby-pkix-1.0.1.jar:/home/user/.m2/repository/org/apache/kerby/kerby-asn1/1.0.1/kerby-asn1-1.0.1.jar:/home/user/.m2/repository/org/apache/kerby/kerby-util/1.0.1/kerby-util-1.0.1.jar:/home/user/.m2/repository/org/apache/kerby/kerb-common/1.0.1/kerb-common-1.0.1.jar:/home/user/.m2/repository/org/apache/kerby/kerb-crypto/1.0.1/kerb-crypto-1.0.1.jar:/home/user/.m2/repository/org/apache/kerby/kerb-util/1.0.1/kerb-util-1.0.1.jar:/home/user/.m2/repository/org/apache/kerby/token-provider/1.0.1/token-provider-1.0.1.jar:/home/user/.m2/repository/org/apache/kerby/kerb-admin/1.0.1/kerb-admin-1.0.1.jar:/home/user/.m2/repository/org/apache/kerby/kerb-server/1.0.1/kerb-server-1.0.1.jar:/home/user/.m2/repository/org/apache/kerby/kerb-identity/1.0.1/kerb-identity-1.0.1.jar:/home/user/.m2/repository/org/apache/kerby/kerby-xdr/1.0.1/kerby-xdr-1.0.1.jar:/home/user/.m2/repository/org/slf4j/slf4j-log4j12/1.7.25/slf4j-log4j12-1.7.25.jar:/home/user/.m2/repository/org/apache/hadoop/hadoop-ozone-s3gateway/1.1.0-SNAPSHOT/hadoop-ozone-s3gateway-1.1.0-SNAPSHOT.jar:/home/user/.m2/repository/org/jboss/weld/servlet/weld-servlet/2.4.7.Final/weld-servlet-2.4.7.Final.jar:/home/user/.m2/repository/org/glassfish/jersey/containers/jersey-container-servlet-core/2.27/jersey-container-servlet-core-2.27.jar:/home/user/.m2/repository/org/glassfish/hk2/external/javax.inject/2.5.0-b42/javax.inject-2.5.0-b42.jar:/home/user/.m2/repository/org/glassfish/jersey/core/jersey-common/2.27/jersey-common-2.27.jar:/home/user/.m2/repository/org/glassfish/hk2/osgi-resource-locator/1.0.1/osgi-resource-locator-1.0.1.jar:/home/user/.m2/repository/javax/ws/rs/javax.ws.rs-api/2.1/javax.ws.rs-api-2.1.jar:/home/user/.m2/repository/org/glassfish/jersey/ext/cdi/jersey-cdi1x/2.27/jersey-cdi1x-2.27.jar:/home/user/.m2/repository/org/glassfish/jersey/inject/jersey-hk2/2.27/jersey-hk2-2.27.jar:/home/user/.m2/repository/org/glassfish/hk2/hk2-locator/2.5.0-b42/hk2-locator-2.5.0-b42.jar:/home/user/.m2/repository/org/javassist/javassist/3.22.0-CR2/javassist-3.22.0-CR2.jar:/home/user/.m2/repository/org/glassfish/hk2/hk2-api/2.5.0/hk2-api-2.5.0.jar:/home/user/.m2/repository/org/glassfish/hk2/external/jakarta.inject/2.5.0/jakarta.inject-2.5.0.jar:/home/user/.m2/repository/org/glassfish/hk2/hk2-utils/2.5.0/hk2-utils-2.5.0.jar:/home/user/.m2/repository/jakarta/annotation/jakarta.annotation-api/1.3.4/jakarta.annotation-api-1.3.4.jar:/home/user/.m2/repository/org/glassfish/hk2/external/aopalliance-repackaged/2.5.0/aopalliance-repackaged-2.5.0.jar:/home/user/.m2/repository/com/fasterxml/jackson/dataformat/jackson-dataformat-xml/2.10.3/jackson-dataformat-xml-2.10.3.jar:/home/user/.m2/repository/com/fasterxml/jackson/core/jackson-core/2.10.3/jackson-core-2.10.3.jar:/home/user/.m2/repository/com/fasterxml/jackson/module/jackson-module-jaxb-annotations/2.10.3/jackson-module-jaxb-annotations-2.10.3.jar:/home/user/.m2/repository/jakarta/xml/bind/jakarta.xml.bind-api/2.3.2/jakarta.xml.bind-api-2.3.2.jar:/home/user/.m2/repository/jakarta/activation/jakarta.activation-api/1.2.1/jakarta.activation-api-1.2.1.jar:/home/user/.m2/repository/org/codehaus/woodstox/stax2-api/3.1.4/stax2-api-3.1.4.jar:/home/user/.m2/repository/com/fasterxml/woodstox/woodstox-core/5.0.3/woodstox-core-5.0.3.jar:/home/user/.m2/repository/javax/enterprise/cdi-api/1.2/cdi-api-1.2.jar:/home/user/.m2/repository/javax/el/javax.el-api/3.0.0/javax.el-api-3.0.0.jar:/home/user/.m2/repository/javax/interceptor/javax.interceptor-api/1.2/javax.interceptor-api-1.2.jar:/home/user/.m2/repository/javax/inject/javax.inject/1/javax.inject-1.jar:/home/user/.m2/repository/com/sun/xml/bind/jaxb-impl/2.3.0.1/jaxb-impl-2.3.0.1.jar:/home/user/.m2/repository/com/sun/xml/bind/jaxb-core/2.3.0.1/jaxb-core-2.3.0.1.jar:/home/user/.m2/repository/javax/xml/bind/jaxb-api/2.3.0/jaxb-api-2.3.0.jar:/home/user/.m2/repository/javax/activation/activation/1.1.1/activation-1.1.1.jar:/home/user/.m2/repository/org/apache/hadoop/hadoop-ozone-csi/1.1.0-SNAPSHOT/hadoop-ozone-csi-1.1.0-SNAPSHOT.jar:/home/user/.m2/repository/com/google/protobuf/protobuf-java-util/3.11.0/protobuf-java-util-3.11.0.jar:/home/user/.m2/repository/com/google/code/gson/gson/2.2.4/gson-2.2.4.jar:/home/user/.m2/repository/org/apache/hadoop/hadoop-hdds-config/1.1.0-SNAPSHOT/hadoop-hdds-config-1.1.0-SNAPSHOT.jar:/home/user/.m2/repository/com/google/protobuf/protobuf-java/2.5.0/protobuf-java-2.5.0.jar:/home/user/.m2/repository/io/grpc/grpc-netty/1.29.0/grpc-netty-1.29.0.jar:/home/user/.m2/repository/io/grpc/grpc-core/1.29.0/grpc-core-1.29.0.jar:/home/user/.m2/repository/com/google/android/annotations/4.1.1.4/annotations-4.1.1.4.jar:/home/user/.m2/repository/io/perfmark/perfmark-api/0.19.0/perfmark-api-0.19.0.jar:/home/user/.m2/repository/io/netty/netty-codec-http2/4.1.48.Final/netty-codec-http2-4.1.48.Final.jar:/home/user/.m2/repository/io/netty/netty-codec/4.1.48.Final/netty-codec-4.1.48.Final.jar:/home/user/.m2/repository/io/netty/netty-handler/4.1.48.Final/netty-handler-4.1.48.Final.jar:/home/user/.m2/repository/io/netty/netty-codec-http/4.1.48.Final/netty-codec-http-4.1.48.Final.jar:/home/user/.m2/repository/io/netty/netty-handler-proxy/4.1.48.Final/netty-handler-proxy-4.1.48.Final.jar:/home/user/.m2/repository/io/netty/netty-codec-socks/4.1.48.Final/netty-codec-socks-4.1.48.Final.jar:/home/user/.m2/repository/io/netty/netty-transport-native-epoll/4.1.48.Final/netty-transport-native-epoll-4.1.48.Final.jar:/home/user/.m2/repository/io/netty/netty-common/4.1.48.Final/netty-common-4.1.48.Final.jar:/home/user/.m2/repository/io/netty/netty-buffer/4.1.48.Final/netty-buffer-4.1.48.Final.jar:/home/user/.m2/repository/io/netty/netty-transport/4.1.48.Final/netty-transport-4.1.48.Final.jar:/home/user/.m2/repository/io/netty/netty-resolver/4.1.48.Final/netty-resolver-4.1.48.Final.jar:/home/user/.m2/repository/io/netty/netty-transport-native-unix-common/4.1.48.Final/netty-transport-native-unix-common-4.1.48.Final.jar:/home/user/.m2/repository/io/grpc/grpc-protobuf/1.29.0/grpc-protobuf-1.29.0.jar:/home/user/.m2/repository/io/grpc/grpc-api/1.29.0/grpc-api-1.29.0.jar:/home/user/.m2/repository/io/grpc/grpc-context/1.29.0/grpc-context-1.29.0.jar:/home/user/.m2/repository/org/codehaus/mojo/animal-sniffer-annotations/1.18/animal-sniffer-annotations-1.18.jar:/home/user/.m2/repository/com/google/api/grpc/proto-google-common-protos/1.17.0/proto-google-common-protos-1.17.0.jar:/home/user/.m2/repository/io/grpc/grpc-protobuf-lite/1.29.0/grpc-protobuf-lite-1.29.0.jar:/home/user/.m2/repository/io/grpc/grpc-stub/1.29.0/grpc-stub-1.29.0.jar:/home/user/.m2/repository/org/apache/hadoop/hadoop-ozone-recon/1.1.0-SNAPSHOT/hadoop-ozone-recon-1.1.0-SNAPSHOT.jar:/home/user/.m2/repository/org/apache/hadoop/hadoop-ozone-reconcodegen/1.1.0-SNAPSHOT/hadoop-ozone-reconcodegen-1.1.0-SNAPSHOT.jar:/home/user/.m2/repository/com/google/inject/extensions/guice-multibindings/4.0/guice-multibindings-4.0.jar:/home/user/.m2/repository/com/google/inject/guice/4.0/guice-4.0.jar:/home/user/.m2/repository/aopalliance/aopalliance/1.0/aopalliance-1.0.jar:/home/user/.m2/repository/com/google/inject/extensions/guice-assistedinject/4.0/guice-assistedinject-4.0.jar:/home/user/.m2/repository/com/google/inject/extensions/guice-servlet/4.0/guice-servlet-4.0.jar:/home/user/.m2/repository/org/glassfish/jersey/containers/jersey-container-servlet/2.27/jersey-container-servlet-2.27.jar:/home/user/.m2/repository/org/glassfish/hk2/guice-bridge/2.5.0/guice-bridge-2.5.0.jar:/home/user/.m2/repository/org/glassfish/jersey/core/jersey-server/2.27/jersey-server-2.27.jar:/home/user/.m2/repository/org/glassfish/jersey/core/jersey-client/2.27/jersey-client-2.27.jar:/home/user/.m2/repository/org/glassfish/jersey/media/jersey-media-jaxb/2.27/jersey-media-jaxb-2.27.jar:/home/user/.m2/repository/javax/validation/validation-api/1.1.0.Final/validation-api-1.1.0.Final.jar:/home/user/.m2/repository/org/glassfish/jersey/media/jersey-media-json-jackson/2.27/jersey-media-json-jackson-2.27.jar:/home/user/.m2/repository/org/glassfish/jersey/ext/jersey-entity-filtering/2.27/jersey-entity-filtering-2.27.jar:/home/user/.m2/repository/org/jooq/jooq/3.11.10/jooq-3.11.10.jar:/home/user/.m2/repository/org/jooq/jooq-meta/3.11.10/jooq-meta-3.11.10.jar:/home/user/.m2/repository/org/jooq/jooq-codegen/3.11.10/jooq-codegen-3.11.10.jar:/home/user/.m2/repository/com/jolbox/bonecp/0.8.0.RELEASE/bonecp-0.8.0.RELEASE.jar:/home/user/.m2/repository/org/apache/derby/derby/10.14.2.0/derby-10.14.2.0.jar:/home/user/.m2/repository/org/xerial/sqlite-jdbc/3.25.2/sqlite-jdbc-3.25.2.jar:/home/user/.m2/repository/org/springframework/spring-jdbc/5.2.5.RELEASE/spring-jdbc-5.2.5.RELEASE.jar:/home/user/.m2/repository/org/springframework/spring-beans/5.2.5.RELEASE/spring-beans-5.2.5.RELEASE.jar:/home/user/.m2/repository/org/springframework/spring-core/5.2.5.RELEASE/spring-core-5.2.5.RELEASE.jar:/home/user/.m2/repository/org/springframework/spring-jcl/5.2.5.RELEASE/spring-jcl-5.2.5.RELEASE.jar:/home/user/.m2/repository/org/springframework/spring-tx/5.2.5.RELEASE/spring-tx-5.2.5.RELEASE.jar:/home/user/.m2/repository/org/apache/hadoop/hadoop-ozone-client/1.1.0-SNAPSHOT/hadoop-ozone-client-1.1.0-SNAPSHOT.jar:/home/user/.m2/repository/org/apache/hadoop/hadoop-ozone-filesystem/1.1.0-SNAPSHOT/hadoop-ozone-filesystem-1.1.0-SNAPSHOT.jar:/home/user/.m2/repository/org/apache/hadoop/hadoop-ozone-filesystem-common/1.1.0-SNAPSHOT/hadoop-ozone-filesystem-common-1.1.0-SNAPSHOT.jar:/home/user/.m2/repository/org/apache/hadoop/hadoop-ozone-tools/1.1.0-SNAPSHOT/hadoop-ozone-tools-1.1.0-SNAPSHOT.jar:/home/user/.m2/repository/org/apache/hadoop/hadoop-hdfs/3.2.1/hadoop-hdfs-3.2.1.jar:/home/user/.m2/repository/org/apache/ratis/ratis-tools/1.1.0-11689cd-SNAPSHOT/ratis-tools-1.1.0-11689cd-SNAPSHOT.jar:/home/user/.m2/repository/org/apache/ratis/ratis-proto/1.1.0-11689cd-SNAPSHOT/ratis-proto-1.1.0-11689cd-SNAPSHOT.jar:/home/user/.m2/repository/org/apache/ratis/ratis-common/1.1.0-11689cd-SNAPSHOT/ratis-common-1.1.0-11689cd-SNAPSHOT.jar:/home/user/.m2/repository/com/amazonaws/aws-java-sdk-core/1.11.615/aws-java-sdk-core-1.11.615.jar:/home/user/.m2/repository/org/apache/httpcomponents/httpclient/4.5.2/httpclient-4.5.2.jar:/home/user/.m2/repository/org/apache/httpcomponents/httpcore/4.4.4/httpcore-4.4.4.jar:/home/user/.m2/repository/software/amazon/ion/ion-java/1.0.2/ion-java-1.0.2.jar:/home/user/.m2/repository/com/fasterxml/jackson/dataformat/jackson-dataformat-cbor/2.10.3/jackson-dataformat-cbor-2.10.3.jar:/home/user/.m2/repository/joda-time/joda-time/2.8.1/joda-time-2.8.1.jar:/home/user/.m2/repository/com/amazonaws/aws-java-sdk-s3/1.11.615/aws-java-sdk-s3-1.11.615.jar:/home/user/.m2/repository/com/amazonaws/aws-java-sdk-kms/1.11.615/aws-java-sdk-kms-1.11.615.jar:/home/user/.m2/repository/com/amazonaws/jmespath-java/1.11.615/jmespath-java-1.11.615.jar:/home/user/.m2/repository/org/kohsuke/metainf-services/metainf-services/1.8/metainf-services-1.8.jar:/home/user/.m2/repository/org/apache/hadoop/hadoop-hdds-tools/1.1.0-SNAPSHOT/hadoop-hdds-tools-1.1.0-SNAPSHOT.jar:/home/user/.m2/repository/commons-cli/commons-cli/1.2/commons-cli-1.2.jar:/home/user/.m2/repository/org/apache/commons/commons-lang3/3.7/commons-lang3-3.7.jar:/home/user/.m2/repository/org/apache/hadoop/hadoop-ozone-ozone-manager/1.1.0-SNAPSHOT/hadoop-ozone-ozone-manager-1.1.0-SNAPSHOT-tests.jar:/home/user/.m2/repository/junit/junit/4.11/junit-4.11.jar:/home/user/.m2/repository/org/hamcrest/hamcrest-core/1.3/hamcrest-core-1.3.jar:/home/user/.m2/repository/org/openjdk/jmh/jmh-core/1.19/jmh-core-1.19.jar:/home/user/.m2/repository/net/sf/jopt-simple/jopt-simple/4.6/jopt-simple-4.6.jar:/home/user/.m2/repository/org/apache/commons/commons-math3/3.1.1/commons-math3-3.1.1.jar:/home/user/.m2/repository/org/openjdk/jmh/jmh-generator-annprocess/1.19/jmh-generator-annprocess-1.19.jar:/home/user/.m2/repository/org/mockito/mockito-all/1.8.5/mockito-all-1.8.5.jar:/home/user/.m2/repository/org/apache/hadoop/hadoop-kms/3.2.1/hadoop-kms-3.2.1.jar:/home/user/.m2/repository/org/apache/hadoop/hadoop-auth/3.2.1/hadoop-auth-3.2.1.jar:/home/user/.m2/repository/com/nimbusds/nimbus-jose-jwt/7.9/nimbus-jose-jwt-7.9.jar:/home/user/.m2/repository/com/github/stephenc/jcip/jcip-annotations/1.0-1/jcip-annotations-1.0-1.jar:/home/user/.m2/repository/net/minidev/json-smart/2.3/json-smart-2.3.jar:/home/user/.m2/repository/net/minidev/accessors-smart/1.2/accessors-smart-1.2.jar:/home/user/.m2/repository/org/ow2/asm/asm/5.0.4/asm-5.0.4.jar:/home/user/.m2/repository/org/apache/zookeeper/zookeeper/3.4.13/zookeeper-3.4.13.jar:/home/user/.m2/repository/org/apache/yetus/audience-annotations/0.5.0/audience-annotations-0.5.0.jar:/home/user/.m2/repository/org/apache/curator/curator-framework/2.13.0/curator-framework-2.13.0.jar:/home/user/.m2/repository/com/sun/jersey/jersey-core/1.19/jersey-core-1.19.jar:/home/user/.m2/repository/javax/ws/rs/jsr311-api/1.1.1/jsr311-api-1.1.1.jar:/home/user/.m2/repository/com/sun/jersey/jersey-server/1.19/jersey-server-1.19.jar:/home/user/.m2/repository/javax/servlet/javax.servlet-api/3.1.0/javax.servlet-api-3.1.0.jar:/home/user/.m2/repository/org/eclipse/jetty/jetty-server/9.4.26.v20200117/jetty-server-9.4.26.v20200117.jar:/home/user/.m2/repository/org/eclipse/jetty/jetty-http/9.4.26.v20200117/jetty-http-9.4.26.v20200117.jar:/home/user/.m2/repository/org/eclipse/jetty/jetty-io/9.4.26.v20200117/jetty-io-9.4.26.v20200117.jar:/home/user/.m2/repository/org/eclipse/jetty/jetty-webapp/9.4.26.v20200117/jetty-webapp-9.4.26.v20200117.jar:/home/user/.m2/repository/org/eclipse/jetty/jetty-xml/9.4.26.v20200117/jetty-xml-9.4.26.v20200117.jar:/home/user/.m2/repository/org/eclipse/jetty/jetty-servlet/9.4.26.v20200117/jetty-servlet-9.4.26.v20200117.jar:/home/user/.m2/repository/org/eclipse/jetty/jetty-security/9.4.26.v20200117/jetty-security-9.4.26.v20200117.jar:/home/user/.m2/repository/org/apache/hadoop/hadoop-common/3.2.1/hadoop-common-3.2.1.jar:/home/user/.m2/repository/commons-net/commons-net/3.6/commons-net-3.6.jar:/home/user/.m2/repository/commons-collections/commons-collections/3.2.2/commons-collections-3.2.2.jar:/home/user/.m2/repository/com/sun/jersey/jersey-servlet/1.19/jersey-servlet-1.19.jar:/home/user/.m2/repository/com/sun/jersey/jersey-json/1.19/jersey-json-1.19.jar:/home/user/.m2/repository/org/codehaus/jettison/jettison/1.1/jettison-1.1.jar:/home/user/.m2/repository/org/codehaus/jackson/jackson-jaxrs/1.9.2/jackson-jaxrs-1.9.2.jar:/home/user/.m2/repository/org/codehaus/jackson/jackson-xc/1.9.2/jackson-xc-1.9.2.jar:/home/user/.m2/repository/commons-beanutils/commons-beanutils/1.9.4/commons-beanutils-1.9.4.jar:/home/user/.m2/repository/org/apache/commons/commons-configuration2/2.1.1/commons-configuration2-2.1.1.jar:/home/user/.m2/repository/org/apache/commons/commons-text/1.4/commons-text-1.4.jar:/home/user/.m2/repository/com/google/re2j/re2j/1.1/re2j-1.1.jar:/home/user/.m2/repository/com/jcraft/jsch/0.1.54/jsch-0.1.54.jar:/home/user/.m2/repository/org/apache/curator/curator-client/2.13.0/curator-client-2.13.0.jar:/home/user/.m2/repository/org/apache/curator/curator-recipes/2.13.0/curator-recipes-2.13.0.jar:/home/user/.m2/repository/dnsjava/dnsjava/2.1.7/dnsjava-2.1.7.jar:/home/user/.m2/repository/org/slf4j/jul-to-slf4j/1.7.25/jul-to-slf4j-1.7.25.jar:/home/user/.m2/repository/org/eclipse/jetty/jetty-util/9.4.26.v20200117/jetty-util-9.4.26.v20200117.jar:/home/user/.m2/repository/com/fasterxml/jackson/core/jackson-databind/2.10.3/jackson-databind-2.10.3.jar:/home/user/.m2/repository/org/apache/hadoop/hadoop-kms/3.2.1/hadoop-kms-3.2.1-tests.jar:/home/user/.m2/repository/org/apache/hadoop/hadoop-hdds-server-scm/1.1.0-SNAPSHOT/hadoop-hdds-server-scm-1.1.0-SNAPSHOT-tests.jar:/home/user/.m2/repository/org/apache/hadoop/hadoop-hdds-container-service/1.1.0-SNAPSHOT/hadoop-hdds-container-service-1.1.0-SNAPSHOT-tests.jar:/home/user/.m2/repository/org/apache/hadoop/hadoop-hdds-common/1.1.0-SNAPSHOT/hadoop-hdds-common-1.1.0-SNAPSHOT-tests.jar:/home/user/.m2/repository/org/yaml/snakeyaml/1.16/snakeyaml-1.16.jar:/home/user/.m2/repository/org/apache/hadoop/hadoop-hdds-hadoop-dependency-test/1.1.0-SNAPSHOT/hadoop-hdds-hadoop-dependency-test-1.1.0-SNAPSHOT.jar:/home/user/.m2/repository/org/apache/hadoop/hadoop-common/3.2.1/hadoop-common-3.2.1-tests.jar:/home/user/.m2/repository/javax/servlet/jsp/jsp-api/2.1/jsp-api-2.1.jar:/home/user/.m2/repository/org/apache/hadoop/hadoop-hdfs/3.2.1/hadoop-hdfs-3.2.1-tests.jar:/home/user/.m2/repository/org/eclipse/jetty/jetty-util-ajax/9.4.26.v20200117/jetty-util-ajax-9.4.26.v20200117.jar:/home/user/.m2/repository/commons-codec/commons-codec/1.11/commons-codec-1.11.jar:/home/user/.m2/repository/commons-daemon/commons-daemon/1.0.13/commons-daemon-1.0.13.jar:/home/user/.m2/repository/io/netty/netty/3.10.5.Final/netty-3.10.5.Final.jar:/home/user/.m2/repository/io/netty/netty-all/4.1.48.Final/netty-all-4.1.48.Final.jar:/home/user/.m2/repository/org/apache/htrace/htrace-core4/4.1.0-incubating/htrace-core4-4.1.0-incubating.jar:/home/user/.m2/repository/org/fusesource/leveldbjni/leveldbjni-all/1.8/leveldbjni-all-1.8.jar:/home/user/.m2/repository/org/apache/hadoop/hadoop-distcp/3.2.1/hadoop-distcp-3.2.1.jar:/home/user/.m2/repository/org/apache/hadoop/hadoop-mapreduce-client-jobclient/3.2.1/hadoop-mapreduce-client-jobclient-3.2.1.jar:/home/user/.m2/repository/org/apache/hadoop/hadoop-mapreduce-client-common/3.2.1/hadoop-mapreduce-client-common-3.2.1.jar:/home/user/.m2/repository/org/apache/hadoop/hadoop-yarn-common/3.2.1/hadoop-yarn-common-3.2.1.jar:/home/user/.m2/repository/org/apache/hadoop/hadoop-yarn-api/3.2.1/hadoop-yarn-api-3.2.1.jar:/home/user/.m2/repository/com/sun/jersey/jersey-client/1.19/jersey-client-1.19.jar:/home/user/.m2/repository/com/sun/jersey/contribs/jersey-guice/1.19/jersey-guice-1.19.jar:/home/user/.m2/repository/com/fasterxml/jackson/jaxrs/jackson-jaxrs-json-provider/2.10.3/jackson-jaxrs-json-provider-2.10.3.jar:/home/user/.m2/repository/com/fasterxml/jackson/jaxrs/jackson-jaxrs-base/2.10.3/jackson-jaxrs-base-2.10.3.jar:/home/user/.m2/repository/org/apache/hadoop/hadoop-yarn-client/3.2.1/hadoop-yarn-client-3.2.1.jar:/home/user/.m2/repository/org/apache/hadoop/hadoop-mapreduce-client-core/3.2.1/hadoop-mapreduce-client-core-3.2.1.jar:/home/user/.m2/repository/org/apache/avro/avro/1.7.7/avro-1.7.7.jar:/home/user/.m2/repository/org/codehaus/jackson/jackson-core-asl/1.9.13/jackson-core-asl-1.9.13.jar:/home/user/.m2/repository/org/codehaus/jackson/jackson-mapper-asl/1.9.13/jackson-mapper-asl-1.9.13.jar:/home/user/.m2/repository/com/thoughtworks/paranamer/paranamer/2.3/paranamer-2.3.jar:/home/user/.m2/repository/org/xerial/snappy/snappy-java/1.0.5/snappy-java-1.0.5.jar:/home/user/.m2/repository/org/apache/hadoop/hadoop-annotations/3.2.1/hadoop-annotations-3.2.1.jar:/usr/lib/jvm/java-1.8.0-openjdk-1.8.0.232.b09-0.el7_7.x86_64/jre/../lib/tools.jar:/home/user/.m2/repository/org/apache/hadoop/hadoop-distcp/3.2.1/hadoop-distcp-3.2.1-tests.jar:"/>
    <property name="sun.cpu.endian" value="little"/>
    <property name="user.home" value="/home/user"/>
    <property name="user.language" value="en"/>
    <property name="java.specification.vendor" value="Oracle Corporation"/>
    <property name="java.home" value="/usr/lib/jvm/java-1.8.0-openjdk-1.8.0.232.b09-0.el7_7.x86_64/jre"/>
    <property name="java.security.krb5.conf" value="/github/workspace/mnt/ozone/hadoop-ozone/integration-test/target/test-classes/krb5.conf"/>
    <property name="basedir" value="/github/workspace/mnt/ozone/hadoop-ozone/integration-test"/>
    <property name="file.separator" value="/"/>
    <property name="line.separator" value="&#10;"/>
    <property name="java.vm.specification.vendor" value="Oracle Corporation"/>
    <property name="java.specification.name" value="Java Platform API Specification"/>
    <property name="java.awt.graphicsenv" value="sun.awt.X11GraphicsEnvironment"/>
    <property name="skip.installnpx" value="true"/>
    <property name="surefire.real.class.path" value="/github/workspace/mnt/ozone/hadoop-ozone/integration-test/target/surefire/surefirebooter7475548571130663067.jar:/home/user/.m2/repository/org/jacoco/org.jacoco.agent/0.8.5/org.jacoco.agent-0.8.5-runtime.jar"/>
    <property name="hadoop.log.dir" value="/github/workspace/mnt/ozone/hadoop-ozone/integration-test/target/log"/>
    <property name="sun.boot.class.path" value="/usr/lib/jvm/java-1.8.0-openjdk-1.8.0.232.b09-0.el7_7.x86_64/jre/lib/resources.jar:/usr/lib/jvm/java-1.8.0-openjdk-1.8.0.232.b09-0.el7_7.x86_64/jre/lib/rt.jar:/usr/lib/jvm/java-1.8.0-openjdk-1.8.0.232.b09-0.el7_7.x86_64/jre/lib/sunrsasign.jar:/usr/lib/jvm/java-1.8.0-openjdk-1.8.0.232.b09-0.el7_7.x86_64/jre/lib/jsse.jar:/usr/lib/jvm/java-1.8.0-openjdk-1.8.0.232.b09-0.el7_7.x86_64/jre/lib/jce.jar:/usr/lib/jvm/java-1.8.0-openjdk-1.8.0.232.b09-0.el7_7.x86_64/jre/lib/charsets.jar:/usr/lib/jvm/java-1.8.0-openjdk-1.8.0.232.b09-0.el7_7.x86_64/jre/lib/jfr.jar:/usr/lib/jvm/java-1.8.0-openjdk-1.8.0.232.b09-0.el7_7.x86_64/jre/classes"/>
    <property name="sun.management.compiler" value="HotSpot 64-Bit Tiered Compilers"/>
    <property name="skip.npx" value="true"/>
    <property name="java.runtime.version" value="1.8.0_232-b09"/>
    <property name="java.net.preferIPv4Stack" value="true"/>
    <property name="user.name" value="jenkins1001"/>
    <property name="path.separator" value=":"/>
    <property name="java.security.egd" value="file:///dev/urandom"/>
    <property name="os.version" value="5.4.0-1026-azure"/>
    <property name="java.endorsed.dirs" value="/usr/lib/jvm/java-1.8.0-openjdk-1.8.0.232.b09-0.el7_7.x86_64/jre/lib/endorsed"/>
    <property name="java.runtime.name" value="OpenJDK Runtime Environment"/>
    <property name="file.encoding" value="ANSI_X3.4-1968"/>
    <property name="java.vm.name" value="OpenJDK 64-Bit Server VM"/>
    <property name="test.build.webapps" value=""/>
    <property name="localRepository" value="/home/user/.m2/repository"/>
    <property name="java.vendor.url.bug" value="http://bugreport.sun.com/bugreport/"/>
    <property name="java.io.tmpdir" value="/tmp"/>
    <property name="require.test.libhadoop" value=""/>
    <property name="java.version" value="1.8.0_232"/>
    <property name="user.dir" value="/github/workspace/mnt/ozone/hadoop-ozone/integration-test"/>
    <property name="os.arch" value="amd64"/>
    <property name="java.vm.specification.name" value="Java Virtual Machine Specification"/>
    <property name="test.build.classes" value="/github/workspace/mnt/ozone/hadoop-ozone/integration-test/target/test-classes"/>
    <property name="java.awt.printerjob" value="sun.print.PSPrinterJob"/>
    <property name="sun.os.patch.level" value="unknown"/>
    <property name="hadoop.tmp.dir" value="/github/workspace/mnt/ozone/hadoop-ozone/integration-test/target/tmp"/>
    <property name="java.library.path" value="/usr/lib:/usr/java/packages/lib/amd64:/usr/lib64:/lib64:/lib:/usr/lib"/>
    <property name="java.vm.info" value="mixed mode"/>
    <property name="java.vendor" value="Oracle Corporation"/>
    <property name="java.vm.version" value="25.232-b09"/>
    <property name="java.ext.dirs" value="/usr/lib/jvm/java-1.8.0-openjdk-1.8.0.232.b09-0.el7_7.x86_64/jre/lib/ext:/usr/java/packages/lib/ext"/>
    <property name="sun.io.unicode.encoding" value="UnicodeLittle"/>
    <property name="java.class.version" value="52.0"/>
  </properties>
  <testcase name="testGroupMismatchExceptionHandling" classname="org.apache.hadoop.ozone.client.rpc.TestOzoneClientRetriesOnException" time="55.574"/>
  <testcase name="testMaxRetriesByOzoneClient" classname="org.apache.hadoop.ozone.client.rpc.TestOzoneClientRetriesOnException" time="48.618">
    <failure message="Expected exception not thrown" type="java.lang.AssertionError">java.lang.AssertionError: Expected exception not thrown
	at org.junit.Assert.fail(Assert.java:88)
	at org.apache.hadoop.ozone.client.rpc.TestOzoneClientRetriesOnException.testMaxRetriesByOzoneClient(TestOzoneClientRetriesOnException.java:231)
	at sun.reflect.NativeMethodAccessorImpl.invoke0(Native Method)
	at sun.reflect.NativeMethodAccessorImpl.invoke(NativeMethodAccessorImpl.java:62)
	at sun.reflect.DelegatingMethodAccessorImpl.invoke(DelegatingMethodAccessorImpl.java:43)
	at java.lang.reflect.Method.invoke(Method.java:498)
	at org.junit.runners.model.FrameworkMethod$1.runReflectiveCall(FrameworkMethod.java:47)
	at org.junit.internal.runners.model.ReflectiveCallable.run(ReflectiveCallable.java:12)
	at org.junit.runners.model.FrameworkMethod.invokeExplosively(FrameworkMethod.java:44)
	at org.junit.internal.runners.statements.InvokeMethod.evaluate(InvokeMethod.java:17)
	at org.junit.internal.runners.statements.RunBefores.evaluate(RunBefores.java:26)
	at org.junit.internal.runners.statements.RunAfters.evaluate(RunAfters.java:27)
	at org.junit.internal.runners.statements.FailOnTimeout$StatementThread.run(FailOnTimeout.java:74)
</failure>
    <system-out><![CDATA[2020-10-09 16:27:02,992 [Thread-380] WARN  server.ServerUtils (ServerUtils.java:getScmDbDir(148)) - ozone.scm.db.dirs is not configured. We recommend adding this setting. Falling back to ozone.metadata.dirs instead.
2020-10-09 16:27:02,995 [Thread-380] WARN  server.ServerUtils (ServerUtils.java:getScmDbDir(148)) - ozone.scm.db.dirs is not configured. We recommend adding this setting. Falling back to ozone.metadata.dirs instead.
2020-10-09 16:27:02,995 [Thread-380] WARN  db.DBStoreBuilder (DBStoreBuilder.java:createDBStoreBuilder(283)) - ozone.scm.db.dirs is not configured. We recommend adding this setting. Falling back to ozone.metadata.dirs instead.
2020-10-09 16:27:03,028 [Thread-380] INFO  net.NodeSchemaLoader (NodeSchemaLoader.java:loadSchemaFromFile(126)) - Loading file from sun.misc.CompoundEnumeration@e07334a
2020-10-09 16:27:03,028 [Thread-380] INFO  net.NodeSchemaLoader (NodeSchemaLoader.java:loadSchema(172)) - Loading network topology layer schema file
2020-10-09 16:27:03,032 [Thread-380] WARN  server.ServerUtils (ServerUtils.java:sanitizeUserArgs(73)) - ozone.scm.stale.node.interval value = 300000 is larger than max = 100000 based on the key value of ozone.scm.heartbeat.thread.interval, reset to the max value 100000.
2020-10-09 16:27:03,032 [Thread-380] WARN  server.ServerUtils (ServerUtils.java:sanitizeUserArgs(73)) - ozone.scm.stale.node.interval value = 300000 is larger than max = 100000 based on the key value of ozone.scm.heartbeat.thread.interval, reset to the max value 100000.
2020-10-09 16:27:03,033 [Thread-380] INFO  node.SCMNodeManager (SCMNodeManager.java:<init>(120)) - Entering startup safe mode.
2020-10-09 16:27:03,034 [Thread-380] INFO  algorithms.ContainerPlacementPolicyFactory (ContainerPlacementPolicyFactory.java:getPolicy(60)) - Create container placement policy of type org.apache.hadoop.hdds.scm.container.placement.algorithms.SCMContainerPlacementRandom
2020-10-09 16:27:03,035 [Thread-380] INFO  pipeline.SCMPipelineManager (SCMPipelineManager.java:initializePipelineState(161)) - No pipeline exists in current db
2020-10-09 16:27:03,035 [Thread-380] INFO  algorithms.PipelineChoosePolicyFactory (PipelineChoosePolicyFactory.java:createPipelineChoosePolicyFromClass(75)) - Create pipeline choose policy of type org.apache.hadoop.hdds.scm.pipeline.choose.algorithms.RandomPipelineChoosePolicy
2020-10-09 16:27:03,038 [Thread-380] INFO  safemode.HealthyPipelineSafeModeRule (HealthyPipelineSafeModeRule.java:<init>(89)) - Total pipeline count is 0, healthy pipeline threshold count is 0
2020-10-09 16:27:03,038 [Thread-380] INFO  safemode.OneReplicaPipelineSafeModeRule (OneReplicaPipelineSafeModeRule.java:<init>(79)) - Total pipeline count is 0, pipeline's with at least one datanode reported threshold count is 0
2020-10-09 16:27:03,039 [Thread-380] INFO  ipc.CallQueueManager (CallQueueManager.java:<init>(84)) - Using callQueue: class java.util.concurrent.LinkedBlockingQueue, queueCapacity: 2000, scheduler: class org.apache.hadoop.ipc.DefaultRpcScheduler, ipcBackoff: false.
2020-10-09 16:27:03,042 [Socket Reader #1 for port 0] INFO  ipc.Server (Server.java:run(1219)) - Starting Socket Reader #1 for port 0
2020-10-09 16:27:03,046 [Listener at 0.0.0.0/44639] INFO  ipc.CallQueueManager (CallQueueManager.java:<init>(84)) - Using callQueue: class java.util.concurrent.LinkedBlockingQueue, queueCapacity: 2000, scheduler: class org.apache.hadoop.ipc.DefaultRpcScheduler, ipcBackoff: false.
2020-10-09 16:27:03,048 [Socket Reader #1 for port 0] INFO  ipc.Server (Server.java:run(1219)) - Starting Socket Reader #1 for port 0
2020-10-09 16:27:03,049 [Listener at 0.0.0.0/38289] INFO  ipc.CallQueueManager (CallQueueManager.java:<init>(84)) - Using callQueue: class java.util.concurrent.LinkedBlockingQueue, queueCapacity: 2000, scheduler: class org.apache.hadoop.ipc.DefaultRpcScheduler, ipcBackoff: false.
2020-10-09 16:27:03,050 [Socket Reader #1 for port 0] INFO  ipc.Server (Server.java:run(1219)) - Starting Socket Reader #1 for port 0
2020-10-09 16:27:03,056 [Listener at 0.0.0.0/35753] INFO  http.BaseHttpServer (BaseHttpServer.java:newHttpServer2BuilderForOzone(207)) - Starting Web-server for scm at: http://0.0.0.0:0
2020-10-09 16:27:03,056 [Listener at 0.0.0.0/35753] INFO  http.BaseHttpServer (BaseHttpServer.java:<init>(106)) - Hadoop Security Enabled: false Ozone Security Enabled: false Ozone HTTP Security Enabled: false 
2020-10-09 16:27:03,058 [Listener at 0.0.0.0/35753] INFO  server.AuthenticationFilter (AuthenticationFilter.java:constructSecretProvider(240)) - Unable to initialize FileSignerSecretProvider, falling back to use random secrets.
2020-10-09 16:27:03,059 [Listener at 0.0.0.0/35753] WARN  http.HttpRequestLog (HttpRequestLog.java:getRequestLog(103)) - Jetty request log can only be enabled using Log4j
2020-10-09 16:27:03,060 [Listener at 0.0.0.0/35753] INFO  http.HttpServer2 (HttpServer2.java:addGlobalFilter(1019)) - Added global filter 'safety' (class=org.apache.hadoop.hdds.server.http.HttpServer2$QuotingInputFilter)
2020-10-09 16:27:03,062 [Listener at 0.0.0.0/35753] INFO  http.HttpServer2 (HttpServer2.java:addFilter(995)) - Added filter static_user_filter (class=org.apache.hadoop.http.lib.StaticUserWebFilter$StaticUserFilter) to context scm
2020-10-09 16:27:03,062 [Listener at 0.0.0.0/35753] INFO  http.HttpServer2 (HttpServer2.java:addFilter(1003)) - Added filter static_user_filter (class=org.apache.hadoop.http.lib.StaticUserWebFilter$StaticUserFilter) to context logs
2020-10-09 16:27:03,062 [Listener at 0.0.0.0/35753] INFO  http.HttpServer2 (HttpServer2.java:addFilter(1003)) - Added filter static_user_filter (class=org.apache.hadoop.http.lib.StaticUserWebFilter$StaticUserFilter) to context static
2020-10-09 16:27:03,066 [Listener at 0.0.0.0/35753] INFO  server.StorageContainerManager (StorageContainerManager.java:start(789)) - StorageContainerLocationProtocol RPC server is listening at /0.0.0.0:35753
2020-10-09 16:27:03,068 [Listener at 0.0.0.0/35753] WARN  impl.MetricsConfig (MetricsConfig.java:loadFirst(134)) - Cannot locate configuration: tried hadoop-metrics2-storagecontainermanager.properties,hadoop-metrics2.properties
2020-10-09 16:27:03,068 [Listener at 0.0.0.0/35753] INFO  impl.MetricsSystemImpl (MetricsSystemImpl.java:startTimer(374)) - Scheduled Metric snapshot period at 10 second(s).
2020-10-09 16:27:03,069 [Listener at 0.0.0.0/35753] INFO  impl.MetricsSystemImpl (MetricsSystemImpl.java:start(191)) - StorageContainerManager metrics system started
2020-10-09 16:27:03,097 [Listener at 0.0.0.0/35753] WARN  impl.MetricsSystemImpl (MetricsSystemImpl.java:register(276)) - Sink prometheus already exists!
2020-10-09 16:27:03,104 [Listener at 0.0.0.0/35753] INFO  server.SCMClientProtocolServer (SCMClientProtocolServer.java:start(156)) - RPC server for Client  is listening at /0.0.0.0:35753
2020-10-09 16:27:03,106 [IPC Server Responder] INFO  ipc.Server (Server.java:run(1460)) - IPC Server Responder: starting
2020-10-09 16:27:03,106 [IPC Server listener on 0] INFO  ipc.Server (Server.java:run(1298)) - IPC Server listener on 0: starting
2020-10-09 16:27:03,116 [Listener at 0.0.0.0/35753] INFO  server.StorageContainerManager (StorageContainerManager.java:start(801)) - ScmBlockLocationProtocol RPC server is listening at /0.0.0.0:38289
2020-10-09 16:27:03,116 [Listener at 0.0.0.0/35753] INFO  server.SCMBlockProtocolServer (SCMBlockProtocolServer.java:start(149)) - RPC server for Block Protocol is listening at /0.0.0.0:38289
2020-10-09 16:27:03,117 [IPC Server Responder] INFO  ipc.Server (Server.java:run(1460)) - IPC Server Responder: starting
2020-10-09 16:27:03,119 [IPC Server listener on 0] INFO  ipc.Server (Server.java:run(1298)) - IPC Server listener on 0: starting
2020-10-09 16:27:03,126 [Listener at 0.0.0.0/35753] INFO  server.StorageContainerManager (StorageContainerManager.java:start(807)) - ScmDatanodeProtocl RPC server is listening at /0.0.0.0:44639
2020-10-09 16:27:03,126 [Listener at 0.0.0.0/35753] INFO  server.SCMDatanodeProtocolServer (SCMDatanodeProtocolServer.java:start(172)) - RPC server for DataNodes is listening at /0.0.0.0:44639
2020-10-09 16:27:03,127 [IPC Server Responder] INFO  ipc.Server (Server.java:run(1460)) - IPC Server Responder: starting
2020-10-09 16:27:03,127 [IPC Server listener on 0] INFO  ipc.Server (Server.java:run(1298)) - IPC Server listener on 0: starting
2020-10-09 16:27:03,138 [Listener at 0.0.0.0/35753] INFO  http.HttpServer2 (HttpServer2.java:bindListener(1237)) - Jetty bound to port 37099
2020-10-09 16:27:03,138 [Listener at 0.0.0.0/35753] INFO  server.Server (Server.java:doStart(359)) - jetty-9.4.26.v20200117; built: 2020-01-17T12:35:33.676Z; git: 7b38981d25d14afb4a12ff1f2596756144edf695; jvm 1.8.0_232-b09
2020-10-09 16:27:03,141 [Listener at 0.0.0.0/35753] INFO  server.session (DefaultSessionIdManager.java:doStart(333)) - DefaultSessionIdManager workerName=node0
2020-10-09 16:27:03,141 [Listener at 0.0.0.0/35753] INFO  server.session (DefaultSessionIdManager.java:doStart(338)) - No SessionScavenger set, using defaults
2020-10-09 16:27:03,141 [Listener at 0.0.0.0/35753] INFO  server.session (HouseKeeper.java:startScavenging(140)) - node0 Scavenging every 600000ms
2020-10-09 16:27:03,143 [Listener at 0.0.0.0/35753] INFO  handler.ContextHandler (ContextHandler.java:doStart(825)) - Started o.e.j.s.ServletContextHandler@2bb2ec91{logs,/logs,file:///github/workspace/mnt/ozone/hadoop-ozone/integration-test/target/log,AVAILABLE}
2020-10-09 16:27:03,146 [Listener at 0.0.0.0/35753] INFO  handler.ContextHandler (ContextHandler.java:doStart(825)) - Started o.e.j.s.ServletContextHandler@1a9cdf5b{static,/static,file:///github/workspace/mnt/ozone/hadoop-ozone/integration-test/target/test-classes/webapps/static,AVAILABLE}
2020-10-09 16:27:03,150 [Listener at 0.0.0.0/35753] INFO  handler.ContextHandler (ContextHandler.java:doStart(825)) - Started o.e.j.w.WebAppContext@6a49f62{scm,/,file:///github/workspace/mnt/ozone/hadoop-ozone/integration-test/target/test-classes/webapps/scm/,AVAILABLE}{file:/github/workspace/mnt/ozone/hadoop-ozone/integration-test/target/test-classes/webapps/scm}
2020-10-09 16:27:03,151 [Listener at 0.0.0.0/35753] INFO  server.AbstractConnector (AbstractConnector.java:doStart(330)) - Started ServerConnector@75883374{HTTP/1.1,[http/1.1]}{0.0.0.0:37099}
2020-10-09 16:27:03,151 [Listener at 0.0.0.0/35753] INFO  server.Server (Server.java:doStart(399)) - Started @56717ms
2020-10-09 16:27:03,151 [Listener at 0.0.0.0/35753] WARN  impl.MetricsSystemImpl (MetricsSystemImpl.java:register(276)) - Sink prometheus already exists!
2020-10-09 16:27:03,155 [Listener at 0.0.0.0/35753] INFO  http.BaseHttpServer (BaseHttpServer.java:updateConnectorAddress(327)) - HTTP server of scm listening at http://0.0.0.0:37099
2020-10-09 16:27:03,162 [Listener at 0.0.0.0/35753] WARN  server.ServerUtils (ServerUtils.java:getDBPath(225)) - ozone.om.db.dirs is not configured. We recommend adding this setting. Falling back to ozone.metadata.dirs instead.
2020-10-09 16:27:03,163 [org.apache.hadoop.util.JvmPauseMonitor$Monitor@5ea33b2e] INFO  util.JvmPauseMonitor (JvmPauseMonitor.java:run(188)) - Starting JVM pause monitor
2020-10-09 16:27:03,163 [Listener at 0.0.0.0/35753] INFO  ha.OMHANodeDetails (OMHANodeDetails.java:loadOMHAConfig(104)) - ozone.om.internal.service.id is not defined, falling back to ozone.om.service.ids to find serviceID for OzoneManager if it is HA enabled cluster
2020-10-09 16:27:03,164 [Listener at 0.0.0.0/35753] INFO  ha.OMHANodeDetails (OMHANodeDetails.java:loadOMHAConfig(213)) - Configuration either no ozone.om.address set. Falling back to the default OM address /127.0.0.1:0
2020-10-09 16:27:03,164 [Listener at 0.0.0.0/35753] INFO  ha.OMHANodeDetails (OMHANodeDetails.java:getOMNodeDetails(241)) - OM Service ID is not set. Setting it to the default ID: omServiceIdDefault
2020-10-09 16:27:03,164 [Listener at 0.0.0.0/35753] WARN  server.ServerUtils (ServerUtils.java:getDBPath(225)) - ozone.om.db.dirs is not configured. We recommend adding this setting. Falling back to ozone.metadata.dirs instead.
2020-10-09 16:27:03,164 [Listener at 0.0.0.0/35753] WARN  server.ServerUtils (ServerUtils.java:getDBPath(225)) - ozone.om.db.dirs is not configured. We recommend adding this setting. Falling back to ozone.metadata.dirs instead.
2020-10-09 16:27:03,168 [Listener at 0.0.0.0/35753] WARN  server.ServerUtils (ServerUtils.java:getDBPath(225)) - ozone.om.db.dirs is not configured. We recommend adding this setting. Falling back to ozone.metadata.dirs instead.
2020-10-09 16:27:03,169 [Listener at 0.0.0.0/35753] INFO  codec.OmKeyInfoCodec (OmKeyInfoCodec.java:<init>(41)) - OmKeyInfoCodec ignorePipeline = true
2020-10-09 16:27:03,169 [Listener at 0.0.0.0/35753] INFO  codec.RepeatedOmKeyInfoCodec (RepeatedOmKeyInfoCodec.java:<init>(40)) - RepeatedOmKeyInfoCodec ignorePipeline = true
2020-10-09 16:27:03,230 [Listener at 0.0.0.0/35753] INFO  om.OzoneManager (OzoneManager.java:addS3GVolumeToDB(3621)) - Created Volume s3v With Owner jenkins1001 required for S3Gateway operations.
2020-10-09 16:27:03,231 [Listener at 0.0.0.0/35753] INFO  ipc.CallQueueManager (CallQueueManager.java:<init>(84)) - Using callQueue: class java.util.concurrent.LinkedBlockingQueue, queueCapacity: 2000, scheduler: class org.apache.hadoop.ipc.DefaultRpcScheduler, ipcBackoff: false.
2020-10-09 16:27:03,232 [Socket Reader #1 for port 0] INFO  ipc.Server (Server.java:run(1219)) - Starting Socket Reader #1 for port 0
2020-10-09 16:27:03,254 [Listener at 127.0.0.1/39485] INFO  impl.MetricsSystemImpl (MetricsSystemImpl.java:init(158)) - OzoneManager metrics system started (again)
2020-10-09 16:27:03,254 [Listener at 127.0.0.1/39485] INFO  om.OzoneManager (OzoneManager.java:start(1133)) - OzoneManager RPC server is listening at localhost/127.0.0.1:39485
2020-10-09 16:27:03,262 [Listener at 127.0.0.1/39485] INFO  http.BaseHttpServer (BaseHttpServer.java:newHttpServer2BuilderForOzone(207)) - Starting Web-server for ozoneManager at: http://0.0.0.0:0
2020-10-09 16:27:03,262 [Listener at 127.0.0.1/39485] INFO  http.BaseHttpServer (BaseHttpServer.java:<init>(106)) - Hadoop Security Enabled: false Ozone Security Enabled: false Ozone HTTP Security Enabled: false 
2020-10-09 16:27:03,265 [Listener at 127.0.0.1/39485] INFO  server.AuthenticationFilter (AuthenticationFilter.java:constructSecretProvider(240)) - Unable to initialize FileSignerSecretProvider, falling back to use random secrets.
2020-10-09 16:27:03,268 [Listener at 127.0.0.1/39485] WARN  http.HttpRequestLog (HttpRequestLog.java:getRequestLog(103)) - Jetty request log can only be enabled using Log4j
2020-10-09 16:27:03,269 [Listener at 127.0.0.1/39485] INFO  http.HttpServer2 (HttpServer2.java:addGlobalFilter(1019)) - Added global filter 'safety' (class=org.apache.hadoop.hdds.server.http.HttpServer2$QuotingInputFilter)
2020-10-09 16:27:03,272 [Listener at 127.0.0.1/39485] INFO  http.HttpServer2 (HttpServer2.java:addFilter(995)) - Added filter static_user_filter (class=org.apache.hadoop.http.lib.StaticUserWebFilter$StaticUserFilter) to context ozoneManager
2020-10-09 16:27:03,272 [Listener at 127.0.0.1/39485] INFO  http.HttpServer2 (HttpServer2.java:addFilter(1003)) - Added filter static_user_filter (class=org.apache.hadoop.http.lib.StaticUserWebFilter$StaticUserFilter) to context static
2020-10-09 16:27:03,272 [Listener at 127.0.0.1/39485] INFO  http.HttpServer2 (HttpServer2.java:addFilter(1003)) - Added filter static_user_filter (class=org.apache.hadoop.http.lib.StaticUserWebFilter$StaticUserFilter) to context logs
2020-10-09 16:27:03,273 [Listener at 127.0.0.1/39485] INFO  http.HttpServer2 (HttpServer2.java:bindListener(1237)) - Jetty bound to port 38469
2020-10-09 16:27:03,273 [Listener at 127.0.0.1/39485] INFO  server.Server (Server.java:doStart(359)) - jetty-9.4.26.v20200117; built: 2020-01-17T12:35:33.676Z; git: 7b38981d25d14afb4a12ff1f2596756144edf695; jvm 1.8.0_232-b09
2020-10-09 16:27:03,278 [Listener at 127.0.0.1/39485] INFO  server.session (DefaultSessionIdManager.java:doStart(333)) - DefaultSessionIdManager workerName=node0
2020-10-09 16:27:03,278 [Listener at 127.0.0.1/39485] INFO  server.session (DefaultSessionIdManager.java:doStart(338)) - No SessionScavenger set, using defaults
2020-10-09 16:27:03,278 [Listener at 127.0.0.1/39485] INFO  server.session (HouseKeeper.java:startScavenging(140)) - node0 Scavenging every 660000ms
2020-10-09 16:27:03,279 [Listener at 127.0.0.1/39485] INFO  handler.ContextHandler (ContextHandler.java:doStart(825)) - Started o.e.j.s.ServletContextHandler@753eb658{logs,/logs,file:///github/workspace/mnt/ozone/hadoop-ozone/integration-test/target/log,AVAILABLE}
2020-10-09 16:27:03,279 [Listener at 127.0.0.1/39485] INFO  handler.ContextHandler (ContextHandler.java:doStart(825)) - Started o.e.j.s.ServletContextHandler@54cf37de{static,/static,file:///github/workspace/mnt/ozone/hadoop-ozone/integration-test/target/test-classes/webapps/static,AVAILABLE}
2020-10-09 16:27:03,287 [Listener at 127.0.0.1/39485] INFO  handler.ContextHandler (ContextHandler.java:doStart(825)) - Started o.e.j.w.WebAppContext@282fde4a{ozoneManager,/,file:///github/workspace/mnt/ozone/hadoop-ozone/integration-test/target/test-classes/webapps/ozoneManager/,AVAILABLE}{file:/github/workspace/mnt/ozone/hadoop-ozone/integration-test/target/test-classes/webapps/ozoneManager}
2020-10-09 16:27:03,288 [Listener at 127.0.0.1/39485] INFO  server.AbstractConnector (AbstractConnector.java:doStart(330)) - Started ServerConnector@609c2bc9{HTTP/1.1,[http/1.1]}{0.0.0.0:38469}
2020-10-09 16:27:03,288 [Listener at 127.0.0.1/39485] INFO  server.Server (Server.java:doStart(399)) - Started @56855ms
2020-10-09 16:27:03,288 [Listener at 127.0.0.1/39485] WARN  impl.MetricsSystemImpl (MetricsSystemImpl.java:register(276)) - Sink prometheus already exists!
2020-10-09 16:27:03,293 [Listener at 127.0.0.1/39485] INFO  http.BaseHttpServer (BaseHttpServer.java:updateConnectorAddress(327)) - HTTP server of ozoneManager listening at http://0.0.0.0:38469
2020-10-09 16:27:03,293 [IPC Server Responder] INFO  ipc.Server (Server.java:run(1460)) - IPC Server Responder: starting
2020-10-09 16:27:03,293 [IPC Server listener on 0] INFO  ipc.Server (Server.java:run(1298)) - IPC Server listener on 0: starting
2020-10-09 16:27:03,310 [org.apache.hadoop.util.JvmPauseMonitor$Monitor@2a4ea42e] INFO  util.JvmPauseMonitor (JvmPauseMonitor.java:run(188)) - Starting JVM pause monitor
2020-10-09 16:27:03,324 [Listener at 127.0.0.1/39485] INFO  impl.MetricsSystemImpl (MetricsSystemImpl.java:init(158)) - HddsDatanode metrics system started (again)
2020-10-09 16:27:03,326 [Listener at 127.0.0.1/39485] INFO  ozone.HddsDatanodeService (HddsDatanodeService.java:start(217)) - HddsDatanodeService host:de266806e394 ip:172.17.0.2
2020-10-09 16:27:03,328 [Listener at 127.0.0.1/39485] INFO  volume.HddsVolume (HddsVolume.java:<init>(176)) - Creating Volume: /github/workspace/mnt/ozone/hadoop-ozone/integration-test/target/test-dir/MiniOzoneClusterImpl-c5028e9e-dbc6-4f7d-99b7-5a0387eddaa2/datanode-0/data-0/containers/hdds of storage type : DISK and capacity : 9223372036854775807
2020-10-09 16:27:03,328 [Listener at 127.0.0.1/39485] INFO  volume.MutableVolumeSet (MutableVolumeSet.java:initializeVolumeSet(179)) - Added Volume : /github/workspace/mnt/ozone/hadoop-ozone/integration-test/target/test-dir/MiniOzoneClusterImpl-c5028e9e-dbc6-4f7d-99b7-5a0387eddaa2/datanode-0/data-0/containers/hdds to VolumeSet
2020-10-09 16:27:03,328 [Listener at 127.0.0.1/39485] INFO  volume.ThrottledAsyncChecker (ThrottledAsyncChecker.java:schedule(141)) - Scheduling a check for /github/workspace/mnt/ozone/hadoop-ozone/integration-test/target/test-dir/MiniOzoneClusterImpl-c5028e9e-dbc6-4f7d-99b7-5a0387eddaa2/datanode-0/data-0/containers/hdds
2020-10-09 16:27:03,329 [Listener at 127.0.0.1/39485] INFO  volume.HddsVolumeChecker (HddsVolumeChecker.java:checkAllVolumes(200)) - Scheduled health check for volume /github/workspace/mnt/ozone/hadoop-ozone/integration-test/target/test-dir/MiniOzoneClusterImpl-c5028e9e-dbc6-4f7d-99b7-5a0387eddaa2/datanode-0/data-0/containers/hdds
2020-10-09 16:27:03,343 [Thread-504] INFO  ozoneimpl.ContainerReader (ContainerReader.java:readVolume(123)) - Start to verify containers on volume /github/workspace/mnt/ozone/hadoop-ozone/integration-test/target/test-dir/MiniOzoneClusterImpl-c5028e9e-dbc6-4f7d-99b7-5a0387eddaa2/datanode-0/data-0/containers/hdds
2020-10-09 16:27:03,343 [Thread-504] INFO  ozoneimpl.ContainerReader (ContainerReader.java:readVolume(148)) - Finish verifying containers on volume /github/workspace/mnt/ozone/hadoop-ozone/integration-test/target/test-dir/MiniOzoneClusterImpl-c5028e9e-dbc6-4f7d-99b7-5a0387eddaa2/datanode-0/data-0/containers/hdds
2020-10-09 16:27:03,343 [Listener at 127.0.0.1/39485] INFO  ozoneimpl.OzoneContainer (OzoneContainer.java:buildContainerSet(196)) - Build ContainerSet costs 0s
2020-10-09 16:27:03,345 [Listener at 127.0.0.1/39485] INFO  impl.RaftServerProxy (ConfUtils.java:logGet(44)) - raft.rpc.type = GRPC (default)
2020-10-09 16:27:03,345 [Listener at 127.0.0.1/39485] INFO  grpc.GrpcFactory (GrpcFactory.java:checkPooledByteBufAllocatorUseCacheForAllThreads(45)) - PERFORMANCE WARNING: useCacheForAllThreads is true that may cause Netty to create a lot garbage objects and, as a result, trigger GC.
	It is recommended to disable useCacheForAllThreads by setting -Dorg.apache.ratis.thirdparty.io.netty.allocator.useCacheForAllThreads=false in command line.
2020-10-09 16:27:03,346 [Listener at 127.0.0.1/39485] INFO  grpc.GrpcConfigKeys (ConfUtils.java:logGet(44)) - raft.grpc.server.port = 0 (default)
2020-10-09 16:27:03,346 [Listener at 127.0.0.1/39485] INFO  server.GrpcService (ConfUtils.java:logGet(44)) - raft.grpc.message.size.max = 32MB (=33554432) (custom)
2020-10-09 16:27:03,346 [Listener at 127.0.0.1/39485] INFO  server.RaftServerConfigKeys (ConfUtils.java:logGet(44)) - raft.server.log.appender.buffer.byte-limit = 33554432 (custom)
2020-10-09 16:27:03,346 [Listener at 127.0.0.1/39485] INFO  server.GrpcService (ConfUtils.java:logGet(44)) - raft.grpc.flow.control.window = 5MB (=5242880) (custom)
2020-10-09 16:27:03,346 [Listener at 127.0.0.1/39485] INFO  server.RaftServerConfigKeys (ConfUtils.java:logGet(44)) - raft.server.rpc.request.timeout = 60s (custom)
2020-10-09 16:27:03,347 [Listener at 127.0.0.1/39485] INFO  server.RaftServerConfigKeys (ConfUtils.java:logGet(44)) - raft.server.storage.dir = [/github/workspace/mnt/ozone/hadoop-ozone/integration-test/target/test-dir/MiniOzoneClusterImpl-c5028e9e-dbc6-4f7d-99b7-5a0387eddaa2/datanode-0/data/ratis] (custom)
2020-10-09 16:27:03,353 [Listener at 127.0.0.1/39485] INFO  http.BaseHttpServer (BaseHttpServer.java:newHttpServer2BuilderForOzone(207)) - Starting Web-server for hddsDatanode at: http://0.0.0.0:0
2020-10-09 16:27:03,353 [Listener at 127.0.0.1/39485] INFO  http.BaseHttpServer (BaseHttpServer.java:<init>(106)) - Hadoop Security Enabled: false Ozone Security Enabled: false Ozone HTTP Security Enabled: false 
2020-10-09 16:27:03,354 [Listener at 127.0.0.1/39485] INFO  server.AuthenticationFilter (AuthenticationFilter.java:constructSecretProvider(240)) - Unable to initialize FileSignerSecretProvider, falling back to use random secrets.
2020-10-09 16:27:03,355 [Listener at 127.0.0.1/39485] WARN  http.HttpRequestLog (HttpRequestLog.java:getRequestLog(103)) - Jetty request log can only be enabled using Log4j
2020-10-09 16:27:03,356 [Listener at 127.0.0.1/39485] INFO  http.HttpServer2 (HttpServer2.java:addGlobalFilter(1019)) - Added global filter 'safety' (class=org.apache.hadoop.hdds.server.http.HttpServer2$QuotingInputFilter)
2020-10-09 16:27:03,356 [Listener at 127.0.0.1/39485] INFO  http.HttpServer2 (HttpServer2.java:addFilter(995)) - Added filter static_user_filter (class=org.apache.hadoop.http.lib.StaticUserWebFilter$StaticUserFilter) to context hddsDatanode
2020-10-09 16:27:03,356 [Listener at 127.0.0.1/39485] INFO  http.HttpServer2 (HttpServer2.java:addFilter(1003)) - Added filter static_user_filter (class=org.apache.hadoop.http.lib.StaticUserWebFilter$StaticUserFilter) to context logs
2020-10-09 16:27:03,356 [Listener at 127.0.0.1/39485] INFO  http.HttpServer2 (HttpServer2.java:addFilter(1003)) - Added filter static_user_filter (class=org.apache.hadoop.http.lib.StaticUserWebFilter$StaticUserFilter) to context static
2020-10-09 16:27:03,357 [Listener at 127.0.0.1/39485] INFO  http.HttpServer2 (HttpServer2.java:bindListener(1237)) - Jetty bound to port 44093
2020-10-09 16:27:03,357 [Listener at 127.0.0.1/39485] INFO  server.Server (Server.java:doStart(359)) - jetty-9.4.26.v20200117; built: 2020-01-17T12:35:33.676Z; git: 7b38981d25d14afb4a12ff1f2596756144edf695; jvm 1.8.0_232-b09
2020-10-09 16:27:03,359 [Listener at 127.0.0.1/39485] INFO  server.session (DefaultSessionIdManager.java:doStart(333)) - DefaultSessionIdManager workerName=node0
2020-10-09 16:27:03,360 [Listener at 127.0.0.1/39485] INFO  server.session (DefaultSessionIdManager.java:doStart(338)) - No SessionScavenger set, using defaults
2020-10-09 16:27:03,360 [Listener at 127.0.0.1/39485] INFO  server.session (HouseKeeper.java:startScavenging(140)) - node0 Scavenging every 660000ms
2020-10-09 16:27:03,360 [Listener at 127.0.0.1/39485] INFO  handler.ContextHandler (ContextHandler.java:doStart(825)) - Started o.e.j.s.ServletContextHandler@49a87388{logs,/logs,file:///github/workspace/mnt/ozone/hadoop-ozone/integration-test/target/log,AVAILABLE}
2020-10-09 16:27:03,361 [Listener at 127.0.0.1/39485] INFO  handler.ContextHandler (ContextHandler.java:doStart(825)) - Started o.e.j.s.ServletContextHandler@20e16330{static,/static,jar:file:/home/user/.m2/repository/org/apache/hadoop/hadoop-hdds-container-service/1.1.0-SNAPSHOT/hadoop-hdds-container-service-1.1.0-SNAPSHOT.jar!/webapps/static,AVAILABLE}
2020-10-09 16:27:03,510 [Listener at 127.0.0.1/39485] INFO  handler.ContextHandler (ContextHandler.java:doStart(825)) - Started o.e.j.w.WebAppContext@30a6cfa{hddsDatanode,/,file:///tmp/jetty-0_0_0_0-44093-hadoop-hdds-container-service-1_1_0-SNAPSHOT_jar-_-any-4574508221830965029.dir/webapp/,AVAILABLE}{jar:file:/home/user/.m2/repository/org/apache/hadoop/hadoop-hdds-container-service/1.1.0-SNAPSHOT/hadoop-hdds-container-service-1.1.0-SNAPSHOT.jar!/webapps/hddsDatanode}
2020-10-09 16:27:03,511 [Listener at 127.0.0.1/39485] INFO  server.AbstractConnector (AbstractConnector.java:doStart(330)) - Started ServerConnector@12edf633{HTTP/1.1,[http/1.1]}{0.0.0.0:44093}
2020-10-09 16:27:03,511 [Listener at 127.0.0.1/39485] INFO  server.Server (Server.java:doStart(399)) - Started @57077ms
2020-10-09 16:27:03,511 [Listener at 127.0.0.1/39485] WARN  impl.MetricsSystemImpl (MetricsSystemImpl.java:register(276)) - Sink prometheus already exists!
2020-10-09 16:27:03,514 [Listener at 127.0.0.1/39485] INFO  http.BaseHttpServer (BaseHttpServer.java:updateConnectorAddress(327)) - HTTP server of hddsDatanode listening at http://0.0.0.0:44093
2020-10-09 16:27:03,515 [Listener at 127.0.0.1/39485] INFO  impl.MetricsSystemImpl (MetricsSystemImpl.java:init(158)) - HddsDatanode metrics system started (again)
2020-10-09 16:27:03,520 [Listener at 127.0.0.1/39485] INFO  ozone.HddsDatanodeService (HddsDatanodeService.java:start(217)) - HddsDatanodeService host:de266806e394 ip:172.17.0.2
2020-10-09 16:27:03,522 [org.apache.hadoop.util.JvmPauseMonitor$Monitor@4d3521fc] INFO  util.JvmPauseMonitor (JvmPauseMonitor.java:run(188)) - Starting JVM pause monitor
2020-10-09 16:27:03,523 [Listener at 127.0.0.1/39485] INFO  volume.HddsVolume (HddsVolume.java:<init>(176)) - Creating Volume: /github/workspace/mnt/ozone/hadoop-ozone/integration-test/target/test-dir/MiniOzoneClusterImpl-c5028e9e-dbc6-4f7d-99b7-5a0387eddaa2/datanode-1/data-0/containers/hdds of storage type : DISK and capacity : 9223372036854775807
2020-10-09 16:27:03,523 [Listener at 127.0.0.1/39485] INFO  volume.MutableVolumeSet (MutableVolumeSet.java:initializeVolumeSet(179)) - Added Volume : /github/workspace/mnt/ozone/hadoop-ozone/integration-test/target/test-dir/MiniOzoneClusterImpl-c5028e9e-dbc6-4f7d-99b7-5a0387eddaa2/datanode-1/data-0/containers/hdds to VolumeSet
2020-10-09 16:27:03,523 [Listener at 127.0.0.1/39485] INFO  volume.ThrottledAsyncChecker (ThrottledAsyncChecker.java:schedule(141)) - Scheduling a check for /github/workspace/mnt/ozone/hadoop-ozone/integration-test/target/test-dir/MiniOzoneClusterImpl-c5028e9e-dbc6-4f7d-99b7-5a0387eddaa2/datanode-1/data-0/containers/hdds
2020-10-09 16:27:03,524 [Listener at 127.0.0.1/39485] INFO  volume.HddsVolumeChecker (HddsVolumeChecker.java:checkAllVolumes(200)) - Scheduled health check for volume /github/workspace/mnt/ozone/hadoop-ozone/integration-test/target/test-dir/MiniOzoneClusterImpl-c5028e9e-dbc6-4f7d-99b7-5a0387eddaa2/datanode-1/data-0/containers/hdds
2020-10-09 16:27:03,538 [Thread-515] INFO  ozoneimpl.ContainerReader (ContainerReader.java:readVolume(123)) - Start to verify containers on volume /github/workspace/mnt/ozone/hadoop-ozone/integration-test/target/test-dir/MiniOzoneClusterImpl-c5028e9e-dbc6-4f7d-99b7-5a0387eddaa2/datanode-1/data-0/containers/hdds
2020-10-09 16:27:03,538 [Thread-515] INFO  ozoneimpl.ContainerReader (ContainerReader.java:readVolume(148)) - Finish verifying containers on volume /github/workspace/mnt/ozone/hadoop-ozone/integration-test/target/test-dir/MiniOzoneClusterImpl-c5028e9e-dbc6-4f7d-99b7-5a0387eddaa2/datanode-1/data-0/containers/hdds
2020-10-09 16:27:03,538 [Listener at 127.0.0.1/39485] INFO  ozoneimpl.OzoneContainer (OzoneContainer.java:buildContainerSet(196)) - Build ContainerSet costs 0s
2020-10-09 16:27:03,540 [Listener at 127.0.0.1/39485] INFO  impl.RaftServerProxy (ConfUtils.java:logGet(44)) - raft.rpc.type = GRPC (default)
2020-10-09 16:27:03,540 [Listener at 127.0.0.1/39485] INFO  grpc.GrpcFactory (GrpcFactory.java:checkPooledByteBufAllocatorUseCacheForAllThreads(45)) - PERFORMANCE WARNING: useCacheForAllThreads is true that may cause Netty to create a lot garbage objects and, as a result, trigger GC.
	It is recommended to disable useCacheForAllThreads by setting -Dorg.apache.ratis.thirdparty.io.netty.allocator.useCacheForAllThreads=false in command line.
2020-10-09 16:27:03,540 [Listener at 127.0.0.1/39485] INFO  grpc.GrpcConfigKeys (ConfUtils.java:logGet(44)) - raft.grpc.server.port = 0 (default)
2020-10-09 16:27:03,541 [Listener at 127.0.0.1/39485] INFO  server.GrpcService (ConfUtils.java:logGet(44)) - raft.grpc.message.size.max = 32MB (=33554432) (custom)
2020-10-09 16:27:03,541 [Listener at 127.0.0.1/39485] INFO  server.RaftServerConfigKeys (ConfUtils.java:logGet(44)) - raft.server.log.appender.buffer.byte-limit = 33554432 (custom)
2020-10-09 16:27:03,541 [Listener at 127.0.0.1/39485] INFO  server.GrpcService (ConfUtils.java:logGet(44)) - raft.grpc.flow.control.window = 5MB (=5242880) (custom)
2020-10-09 16:27:03,541 [Listener at 127.0.0.1/39485] INFO  server.RaftServerConfigKeys (ConfUtils.java:logGet(44)) - raft.server.rpc.request.timeout = 60s (custom)
2020-10-09 16:27:03,542 [Listener at 127.0.0.1/39485] INFO  server.RaftServerConfigKeys (ConfUtils.java:logGet(44)) - raft.server.storage.dir = [/github/workspace/mnt/ozone/hadoop-ozone/integration-test/target/test-dir/MiniOzoneClusterImpl-c5028e9e-dbc6-4f7d-99b7-5a0387eddaa2/datanode-1/data/ratis] (custom)
2020-10-09 16:27:03,539 [Datanode State Machine Task Thread - 0] INFO  datanode.InitDatanodeState (InitDatanodeState.java:persistContainerDatanodeDetails(145)) - DatanodeDetails is persisted to /github/workspace/mnt/ozone/hadoop-ozone/integration-test/target/test-dir/MiniOzoneClusterImpl-c5028e9e-dbc6-4f7d-99b7-5a0387eddaa2/datanode-0/meta/datanode.id
2020-10-09 16:27:03,549 [Listener at 127.0.0.1/39485] INFO  http.BaseHttpServer (BaseHttpServer.java:newHttpServer2BuilderForOzone(207)) - Starting Web-server for hddsDatanode at: http://0.0.0.0:0
2020-10-09 16:27:03,549 [Listener at 127.0.0.1/39485] INFO  http.BaseHttpServer (BaseHttpServer.java:<init>(106)) - Hadoop Security Enabled: false Ozone Security Enabled: false Ozone HTTP Security Enabled: false 
2020-10-09 16:27:03,550 [Listener at 127.0.0.1/39485] INFO  server.AuthenticationFilter (AuthenticationFilter.java:constructSecretProvider(240)) - Unable to initialize FileSignerSecretProvider, falling back to use random secrets.
2020-10-09 16:27:03,551 [Listener at 127.0.0.1/39485] WARN  http.HttpRequestLog (HttpRequestLog.java:getRequestLog(103)) - Jetty request log can only be enabled using Log4j
2020-10-09 16:27:03,551 [Listener at 127.0.0.1/39485] INFO  http.HttpServer2 (HttpServer2.java:addGlobalFilter(1019)) - Added global filter 'safety' (class=org.apache.hadoop.hdds.server.http.HttpServer2$QuotingInputFilter)
2020-10-09 16:27:03,552 [Listener at 127.0.0.1/39485] INFO  http.HttpServer2 (HttpServer2.java:addFilter(995)) - Added filter static_user_filter (class=org.apache.hadoop.http.lib.StaticUserWebFilter$StaticUserFilter) to context hddsDatanode
2020-10-09 16:27:03,552 [Listener at 127.0.0.1/39485] INFO  http.HttpServer2 (HttpServer2.java:addFilter(1003)) - Added filter static_user_filter (class=org.apache.hadoop.http.lib.StaticUserWebFilter$StaticUserFilter) to context logs
2020-10-09 16:27:03,552 [Listener at 127.0.0.1/39485] INFO  http.HttpServer2 (HttpServer2.java:addFilter(1003)) - Added filter static_user_filter (class=org.apache.hadoop.http.lib.StaticUserWebFilter$StaticUserFilter) to context static
2020-10-09 16:27:03,553 [Listener at 127.0.0.1/39485] INFO  http.HttpServer2 (HttpServer2.java:bindListener(1237)) - Jetty bound to port 45191
2020-10-09 16:27:03,553 [Listener at 127.0.0.1/39485] INFO  server.Server (Server.java:doStart(359)) - jetty-9.4.26.v20200117; built: 2020-01-17T12:35:33.676Z; git: 7b38981d25d14afb4a12ff1f2596756144edf695; jvm 1.8.0_232-b09
2020-10-09 16:27:03,557 [Listener at 127.0.0.1/39485] INFO  server.session (DefaultSessionIdManager.java:doStart(333)) - DefaultSessionIdManager workerName=node0
2020-10-09 16:27:03,558 [Listener at 127.0.0.1/39485] INFO  server.session (DefaultSessionIdManager.java:doStart(338)) - No SessionScavenger set, using defaults
2020-10-09 16:27:03,558 [Listener at 127.0.0.1/39485] INFO  server.session (HouseKeeper.java:startScavenging(140)) - node0 Scavenging every 660000ms
2020-10-09 16:27:03,558 [Listener at 127.0.0.1/39485] INFO  handler.ContextHandler (ContextHandler.java:doStart(825)) - Started o.e.j.s.ServletContextHandler@4ab43277{logs,/logs,file:///github/workspace/mnt/ozone/hadoop-ozone/integration-test/target/log,AVAILABLE}
2020-10-09 16:27:03,559 [Listener at 127.0.0.1/39485] INFO  handler.ContextHandler (ContextHandler.java:doStart(825)) - Started o.e.j.s.ServletContextHandler@5166a393{static,/static,jar:file:/home/user/.m2/repository/org/apache/hadoop/hadoop-hdds-container-service/1.1.0-SNAPSHOT/hadoop-hdds-container-service-1.1.0-SNAPSHOT.jar!/webapps/static,AVAILABLE}
2020-10-09 16:27:03,715 [Listener at 127.0.0.1/39485] INFO  handler.ContextHandler (ContextHandler.java:doStart(825)) - Started o.e.j.w.WebAppContext@21a0719a{hddsDatanode,/,file:///tmp/jetty-0_0_0_0-45191-hadoop-hdds-container-service-1_1_0-SNAPSHOT_jar-_-any-1512853059112628631.dir/webapp/,AVAILABLE}{jar:file:/home/user/.m2/repository/org/apache/hadoop/hadoop-hdds-container-service/1.1.0-SNAPSHOT/hadoop-hdds-container-service-1.1.0-SNAPSHOT.jar!/webapps/hddsDatanode}
2020-10-09 16:27:03,716 [Listener at 127.0.0.1/39485] INFO  server.AbstractConnector (AbstractConnector.java:doStart(330)) - Started ServerConnector@6b4e57c4{HTTP/1.1,[http/1.1]}{0.0.0.0:45191}
2020-10-09 16:27:03,716 [Listener at 127.0.0.1/39485] INFO  server.Server (Server.java:doStart(399)) - Started @57283ms
2020-10-09 16:27:03,717 [Listener at 127.0.0.1/39485] WARN  impl.MetricsSystemImpl (MetricsSystemImpl.java:register(276)) - Sink prometheus already exists!
2020-10-09 16:27:03,720 [Listener at 127.0.0.1/39485] INFO  http.BaseHttpServer (BaseHttpServer.java:updateConnectorAddress(327)) - HTTP server of hddsDatanode listening at http://0.0.0.0:45191
2020-10-09 16:27:03,723 [Listener at 127.0.0.1/39485] INFO  impl.MetricsSystemImpl (MetricsSystemImpl.java:init(158)) - HddsDatanode metrics system started (again)
2020-10-09 16:27:03,725 [Listener at 127.0.0.1/39485] INFO  ozone.HddsDatanodeService (HddsDatanodeService.java:start(217)) - HddsDatanodeService host:de266806e394 ip:172.17.0.2
2020-10-09 16:27:03,727 [org.apache.hadoop.util.JvmPauseMonitor$Monitor@25a54a2b] INFO  util.JvmPauseMonitor (JvmPauseMonitor.java:run(188)) - Starting JVM pause monitor
2020-10-09 16:27:03,728 [Listener at 127.0.0.1/39485] INFO  volume.HddsVolume (HddsVolume.java:<init>(176)) - Creating Volume: /github/workspace/mnt/ozone/hadoop-ozone/integration-test/target/test-dir/MiniOzoneClusterImpl-c5028e9e-dbc6-4f7d-99b7-5a0387eddaa2/datanode-2/data-0/containers/hdds of storage type : DISK and capacity : 9223372036854775807
2020-10-09 16:27:03,728 [Listener at 127.0.0.1/39485] INFO  volume.MutableVolumeSet (MutableVolumeSet.java:initializeVolumeSet(179)) - Added Volume : /github/workspace/mnt/ozone/hadoop-ozone/integration-test/target/test-dir/MiniOzoneClusterImpl-c5028e9e-dbc6-4f7d-99b7-5a0387eddaa2/datanode-2/data-0/containers/hdds to VolumeSet
2020-10-09 16:27:03,728 [Listener at 127.0.0.1/39485] INFO  volume.ThrottledAsyncChecker (ThrottledAsyncChecker.java:schedule(141)) - Scheduling a check for /github/workspace/mnt/ozone/hadoop-ozone/integration-test/target/test-dir/MiniOzoneClusterImpl-c5028e9e-dbc6-4f7d-99b7-5a0387eddaa2/datanode-2/data-0/containers/hdds
2020-10-09 16:27:03,729 [Listener at 127.0.0.1/39485] INFO  volume.HddsVolumeChecker (HddsVolumeChecker.java:checkAllVolumes(200)) - Scheduled health check for volume /github/workspace/mnt/ozone/hadoop-ozone/integration-test/target/test-dir/MiniOzoneClusterImpl-c5028e9e-dbc6-4f7d-99b7-5a0387eddaa2/datanode-2/data-0/containers/hdds
2020-10-09 16:27:03,731 [Datanode State Machine Task Thread - 0] INFO  datanode.InitDatanodeState (InitDatanodeState.java:persistContainerDatanodeDetails(145)) - DatanodeDetails is persisted to /github/workspace/mnt/ozone/hadoop-ozone/integration-test/target/test-dir/MiniOzoneClusterImpl-c5028e9e-dbc6-4f7d-99b7-5a0387eddaa2/datanode-1/meta/datanode.id
2020-10-09 16:27:03,746 [Thread-526] INFO  ozoneimpl.ContainerReader (ContainerReader.java:readVolume(123)) - Start to verify containers on volume /github/workspace/mnt/ozone/hadoop-ozone/integration-test/target/test-dir/MiniOzoneClusterImpl-c5028e9e-dbc6-4f7d-99b7-5a0387eddaa2/datanode-2/data-0/containers/hdds
2020-10-09 16:27:03,746 [Thread-526] INFO  ozoneimpl.ContainerReader (ContainerReader.java:readVolume(148)) - Finish verifying containers on volume /github/workspace/mnt/ozone/hadoop-ozone/integration-test/target/test-dir/MiniOzoneClusterImpl-c5028e9e-dbc6-4f7d-99b7-5a0387eddaa2/datanode-2/data-0/containers/hdds
2020-10-09 16:27:03,746 [Listener at 127.0.0.1/39485] INFO  ozoneimpl.OzoneContainer (OzoneContainer.java:buildContainerSet(196)) - Build ContainerSet costs 0s
2020-10-09 16:27:03,748 [Listener at 127.0.0.1/39485] INFO  impl.RaftServerProxy (ConfUtils.java:logGet(44)) - raft.rpc.type = GRPC (default)
2020-10-09 16:27:03,749 [Listener at 127.0.0.1/39485] INFO  grpc.GrpcFactory (GrpcFactory.java:checkPooledByteBufAllocatorUseCacheForAllThreads(45)) - PERFORMANCE WARNING: useCacheForAllThreads is true that may cause Netty to create a lot garbage objects and, as a result, trigger GC.
	It is recommended to disable useCacheForAllThreads by setting -Dorg.apache.ratis.thirdparty.io.netty.allocator.useCacheForAllThreads=false in command line.
2020-10-09 16:27:03,749 [Listener at 127.0.0.1/39485] INFO  grpc.GrpcConfigKeys (ConfUtils.java:logGet(44)) - raft.grpc.server.port = 0 (default)
2020-10-09 16:27:03,749 [Listener at 127.0.0.1/39485] INFO  server.GrpcService (ConfUtils.java:logGet(44)) - raft.grpc.message.size.max = 32MB (=33554432) (custom)
2020-10-09 16:27:03,749 [Listener at 127.0.0.1/39485] INFO  server.RaftServerConfigKeys (ConfUtils.java:logGet(44)) - raft.server.log.appender.buffer.byte-limit = 33554432 (custom)
2020-10-09 16:27:03,749 [Listener at 127.0.0.1/39485] INFO  server.GrpcService (ConfUtils.java:logGet(44)) - raft.grpc.flow.control.window = 5MB (=5242880) (custom)
2020-10-09 16:27:03,749 [Listener at 127.0.0.1/39485] INFO  server.RaftServerConfigKeys (ConfUtils.java:logGet(44)) - raft.server.rpc.request.timeout = 60s (custom)
2020-10-09 16:27:03,750 [Listener at 127.0.0.1/39485] INFO  server.RaftServerConfigKeys (ConfUtils.java:logGet(44)) - raft.server.storage.dir = [/github/workspace/mnt/ozone/hadoop-ozone/integration-test/target/test-dir/MiniOzoneClusterImpl-c5028e9e-dbc6-4f7d-99b7-5a0387eddaa2/datanode-2/data/ratis] (custom)
2020-10-09 16:27:03,755 [Listener at 127.0.0.1/39485] INFO  http.BaseHttpServer (BaseHttpServer.java:newHttpServer2BuilderForOzone(207)) - Starting Web-server for hddsDatanode at: http://0.0.0.0:0
2020-10-09 16:27:03,755 [Listener at 127.0.0.1/39485] INFO  http.BaseHttpServer (BaseHttpServer.java:<init>(106)) - Hadoop Security Enabled: false Ozone Security Enabled: false Ozone HTTP Security Enabled: false 
2020-10-09 16:27:03,756 [Listener at 127.0.0.1/39485] INFO  server.AuthenticationFilter (AuthenticationFilter.java:constructSecretProvider(240)) - Unable to initialize FileSignerSecretProvider, falling back to use random secrets.
2020-10-09 16:27:03,756 [Listener at 127.0.0.1/39485] WARN  http.HttpRequestLog (HttpRequestLog.java:getRequestLog(103)) - Jetty request log can only be enabled using Log4j
2020-10-09 16:27:03,757 [Listener at 127.0.0.1/39485] INFO  http.HttpServer2 (HttpServer2.java:addGlobalFilter(1019)) - Added global filter 'safety' (class=org.apache.hadoop.hdds.server.http.HttpServer2$QuotingInputFilter)
2020-10-09 16:27:03,758 [Listener at 127.0.0.1/39485] INFO  http.HttpServer2 (HttpServer2.java:addFilter(995)) - Added filter static_user_filter (class=org.apache.hadoop.http.lib.StaticUserWebFilter$StaticUserFilter) to context hddsDatanode
2020-10-09 16:27:03,758 [Listener at 127.0.0.1/39485] INFO  http.HttpServer2 (HttpServer2.java:addFilter(1003)) - Added filter static_user_filter (class=org.apache.hadoop.http.lib.StaticUserWebFilter$StaticUserFilter) to context logs
2020-10-09 16:27:03,758 [Listener at 127.0.0.1/39485] INFO  http.HttpServer2 (HttpServer2.java:addFilter(1003)) - Added filter static_user_filter (class=org.apache.hadoop.http.lib.StaticUserWebFilter$StaticUserFilter) to context static
2020-10-09 16:27:03,759 [Listener at 127.0.0.1/39485] INFO  http.HttpServer2 (HttpServer2.java:bindListener(1237)) - Jetty bound to port 46201
2020-10-09 16:27:03,759 [Listener at 127.0.0.1/39485] INFO  server.Server (Server.java:doStart(359)) - jetty-9.4.26.v20200117; built: 2020-01-17T12:35:33.676Z; git: 7b38981d25d14afb4a12ff1f2596756144edf695; jvm 1.8.0_232-b09
2020-10-09 16:27:03,767 [Listener at 127.0.0.1/39485] INFO  server.session (DefaultSessionIdManager.java:doStart(333)) - DefaultSessionIdManager workerName=node0
2020-10-09 16:27:03,767 [Listener at 127.0.0.1/39485] INFO  server.session (DefaultSessionIdManager.java:doStart(338)) - No SessionScavenger set, using defaults
2020-10-09 16:27:03,767 [Listener at 127.0.0.1/39485] INFO  server.session (HouseKeeper.java:startScavenging(140)) - node0 Scavenging every 600000ms
2020-10-09 16:27:03,769 [Listener at 127.0.0.1/39485] INFO  handler.ContextHandler (ContextHandler.java:doStart(825)) - Started o.e.j.s.ServletContextHandler@6c8bcc1a{logs,/logs,file:///github/workspace/mnt/ozone/hadoop-ozone/integration-test/target/log,AVAILABLE}
2020-10-09 16:27:03,769 [Listener at 127.0.0.1/39485] INFO  handler.ContextHandler (ContextHandler.java:doStart(825)) - Started o.e.j.s.ServletContextHandler@50343fd1{static,/static,jar:file:/home/user/.m2/repository/org/apache/hadoop/hadoop-hdds-container-service/1.1.0-SNAPSHOT/hadoop-hdds-container-service-1.1.0-SNAPSHOT.jar!/webapps/static,AVAILABLE}
2020-10-09 16:27:03,947 [Listener at 127.0.0.1/39485] INFO  handler.ContextHandler (ContextHandler.java:doStart(825)) - Started o.e.j.w.WebAppContext@3284427b{hddsDatanode,/,file:///tmp/jetty-0_0_0_0-46201-hadoop-hdds-container-service-1_1_0-SNAPSHOT_jar-_-any-1195637089497115624.dir/webapp/,AVAILABLE}{jar:file:/home/user/.m2/repository/org/apache/hadoop/hadoop-hdds-container-service/1.1.0-SNAPSHOT/hadoop-hdds-container-service-1.1.0-SNAPSHOT.jar!/webapps/hddsDatanode}
2020-10-09 16:27:03,949 [Listener at 127.0.0.1/39485] INFO  server.AbstractConnector (AbstractConnector.java:doStart(330)) - Started ServerConnector@6b279868{HTTP/1.1,[http/1.1]}{0.0.0.0:46201}
2020-10-09 16:27:03,949 [Listener at 127.0.0.1/39485] INFO  server.Server (Server.java:doStart(399)) - Started @57515ms
2020-10-09 16:27:03,949 [Listener at 127.0.0.1/39485] WARN  impl.MetricsSystemImpl (MetricsSystemImpl.java:register(276)) - Sink prometheus already exists!
2020-10-09 16:27:03,953 [Listener at 127.0.0.1/39485] INFO  http.BaseHttpServer (BaseHttpServer.java:updateConnectorAddress(327)) - HTTP server of hddsDatanode listening at http://0.0.0.0:46201
2020-10-09 16:27:03,954 [Listener at 127.0.0.1/39485] INFO  impl.MetricsSystemImpl (MetricsSystemImpl.java:init(158)) - HddsDatanode metrics system started (again)
2020-10-09 16:27:03,955 [Listener at 127.0.0.1/39485] INFO  ozone.HddsDatanodeService (HddsDatanodeService.java:start(217)) - HddsDatanodeService host:de266806e394 ip:172.17.0.2
2020-10-09 16:27:03,957 [Listener at 127.0.0.1/39485] INFO  volume.HddsVolume (HddsVolume.java:<init>(176)) - Creating Volume: /github/workspace/mnt/ozone/hadoop-ozone/integration-test/target/test-dir/MiniOzoneClusterImpl-c5028e9e-dbc6-4f7d-99b7-5a0387eddaa2/datanode-3/data-0/containers/hdds of storage type : DISK and capacity : 9223372036854775807
2020-10-09 16:27:03,957 [Listener at 127.0.0.1/39485] INFO  volume.MutableVolumeSet (MutableVolumeSet.java:initializeVolumeSet(179)) - Added Volume : /github/workspace/mnt/ozone/hadoop-ozone/integration-test/target/test-dir/MiniOzoneClusterImpl-c5028e9e-dbc6-4f7d-99b7-5a0387eddaa2/datanode-3/data-0/containers/hdds to VolumeSet
2020-10-09 16:27:03,958 [Listener at 127.0.0.1/39485] INFO  volume.ThrottledAsyncChecker (ThrottledAsyncChecker.java:schedule(141)) - Scheduling a check for /github/workspace/mnt/ozone/hadoop-ozone/integration-test/target/test-dir/MiniOzoneClusterImpl-c5028e9e-dbc6-4f7d-99b7-5a0387eddaa2/datanode-3/data-0/containers/hdds
2020-10-09 16:27:03,959 [Listener at 127.0.0.1/39485] INFO  volume.HddsVolumeChecker (HddsVolumeChecker.java:checkAllVolumes(200)) - Scheduled health check for volume /github/workspace/mnt/ozone/hadoop-ozone/integration-test/target/test-dir/MiniOzoneClusterImpl-c5028e9e-dbc6-4f7d-99b7-5a0387eddaa2/datanode-3/data-0/containers/hdds
2020-10-09 16:27:03,974 [org.apache.hadoop.util.JvmPauseMonitor$Monitor@73a98115] INFO  util.JvmPauseMonitor (JvmPauseMonitor.java:run(188)) - Starting JVM pause monitor
2020-10-09 16:27:03,978 [Thread-537] INFO  ozoneimpl.ContainerReader (ContainerReader.java:readVolume(123)) - Start to verify containers on volume /github/workspace/mnt/ozone/hadoop-ozone/integration-test/target/test-dir/MiniOzoneClusterImpl-c5028e9e-dbc6-4f7d-99b7-5a0387eddaa2/datanode-3/data-0/containers/hdds
2020-10-09 16:27:03,978 [Thread-537] INFO  ozoneimpl.ContainerReader (ContainerReader.java:readVolume(148)) - Finish verifying containers on volume /github/workspace/mnt/ozone/hadoop-ozone/integration-test/target/test-dir/MiniOzoneClusterImpl-c5028e9e-dbc6-4f7d-99b7-5a0387eddaa2/datanode-3/data-0/containers/hdds
2020-10-09 16:27:03,978 [Listener at 127.0.0.1/39485] INFO  ozoneimpl.OzoneContainer (OzoneContainer.java:buildContainerSet(196)) - Build ContainerSet costs 0s
2020-10-09 16:27:03,980 [Listener at 127.0.0.1/39485] INFO  impl.RaftServerProxy (ConfUtils.java:logGet(44)) - raft.rpc.type = GRPC (default)
2020-10-09 16:27:03,980 [Listener at 127.0.0.1/39485] INFO  grpc.GrpcFactory (GrpcFactory.java:checkPooledByteBufAllocatorUseCacheForAllThreads(45)) - PERFORMANCE WARNING: useCacheForAllThreads is true that may cause Netty to create a lot garbage objects and, as a result, trigger GC.
	It is recommended to disable useCacheForAllThreads by setting -Dorg.apache.ratis.thirdparty.io.netty.allocator.useCacheForAllThreads=false in command line.
2020-10-09 16:27:03,981 [Listener at 127.0.0.1/39485] INFO  grpc.GrpcConfigKeys (ConfUtils.java:logGet(44)) - raft.grpc.server.port = 0 (default)
2020-10-09 16:27:03,981 [Listener at 127.0.0.1/39485] INFO  server.GrpcService (ConfUtils.java:logGet(44)) - raft.grpc.message.size.max = 32MB (=33554432) (custom)
2020-10-09 16:27:03,981 [Listener at 127.0.0.1/39485] INFO  server.RaftServerConfigKeys (ConfUtils.java:logGet(44)) - raft.server.log.appender.buffer.byte-limit = 33554432 (custom)
2020-10-09 16:27:03,981 [Listener at 127.0.0.1/39485] INFO  server.GrpcService (ConfUtils.java:logGet(44)) - raft.grpc.flow.control.window = 5MB (=5242880) (custom)
2020-10-09 16:27:03,982 [Listener at 127.0.0.1/39485] INFO  server.RaftServerConfigKeys (ConfUtils.java:logGet(44)) - raft.server.rpc.request.timeout = 60s (custom)
2020-10-09 16:27:03,983 [Listener at 127.0.0.1/39485] INFO  server.RaftServerConfigKeys (ConfUtils.java:logGet(44)) - raft.server.storage.dir = [/github/workspace/mnt/ozone/hadoop-ozone/integration-test/target/test-dir/MiniOzoneClusterImpl-c5028e9e-dbc6-4f7d-99b7-5a0387eddaa2/datanode-3/data/ratis] (custom)
2020-10-09 16:27:03,991 [Datanode State Machine Task Thread - 0] INFO  datanode.InitDatanodeState (InitDatanodeState.java:persistContainerDatanodeDetails(145)) - DatanodeDetails is persisted to /github/workspace/mnt/ozone/hadoop-ozone/integration-test/target/test-dir/MiniOzoneClusterImpl-c5028e9e-dbc6-4f7d-99b7-5a0387eddaa2/datanode-2/meta/datanode.id
2020-10-09 16:27:03,995 [Listener at 127.0.0.1/39485] INFO  http.BaseHttpServer (BaseHttpServer.java:newHttpServer2BuilderForOzone(207)) - Starting Web-server for hddsDatanode at: http://0.0.0.0:0
2020-10-09 16:27:03,995 [Listener at 127.0.0.1/39485] INFO  http.BaseHttpServer (BaseHttpServer.java:<init>(106)) - Hadoop Security Enabled: false Ozone Security Enabled: false Ozone HTTP Security Enabled: false 
2020-10-09 16:27:03,997 [Listener at 127.0.0.1/39485] INFO  server.AuthenticationFilter (AuthenticationFilter.java:constructSecretProvider(240)) - Unable to initialize FileSignerSecretProvider, falling back to use random secrets.
2020-10-09 16:27:03,997 [Listener at 127.0.0.1/39485] WARN  http.HttpRequestLog (HttpRequestLog.java:getRequestLog(103)) - Jetty request log can only be enabled using Log4j
2020-10-09 16:27:03,998 [Listener at 127.0.0.1/39485] INFO  http.HttpServer2 (HttpServer2.java:addGlobalFilter(1019)) - Added global filter 'safety' (class=org.apache.hadoop.hdds.server.http.HttpServer2$QuotingInputFilter)
2020-10-09 16:27:03,999 [Listener at 127.0.0.1/39485] INFO  http.HttpServer2 (HttpServer2.java:addFilter(995)) - Added filter static_user_filter (class=org.apache.hadoop.http.lib.StaticUserWebFilter$StaticUserFilter) to context hddsDatanode
2020-10-09 16:27:03,999 [Listener at 127.0.0.1/39485] INFO  http.HttpServer2 (HttpServer2.java:addFilter(1003)) - Added filter static_user_filter (class=org.apache.hadoop.http.lib.StaticUserWebFilter$StaticUserFilter) to context logs
2020-10-09 16:27:03,999 [Listener at 127.0.0.1/39485] INFO  http.HttpServer2 (HttpServer2.java:addFilter(1003)) - Added filter static_user_filter (class=org.apache.hadoop.http.lib.StaticUserWebFilter$StaticUserFilter) to context static
2020-10-09 16:27:03,999 [Listener at 127.0.0.1/39485] INFO  http.HttpServer2 (HttpServer2.java:bindListener(1237)) - Jetty bound to port 39869
2020-10-09 16:27:03,999 [Listener at 127.0.0.1/39485] INFO  server.Server (Server.java:doStart(359)) - jetty-9.4.26.v20200117; built: 2020-01-17T12:35:33.676Z; git: 7b38981d25d14afb4a12ff1f2596756144edf695; jvm 1.8.0_232-b09
2020-10-09 16:27:04,001 [Listener at 127.0.0.1/39485] INFO  server.session (DefaultSessionIdManager.java:doStart(333)) - DefaultSessionIdManager workerName=node0
2020-10-09 16:27:04,001 [Listener at 127.0.0.1/39485] INFO  server.session (DefaultSessionIdManager.java:doStart(338)) - No SessionScavenger set, using defaults
2020-10-09 16:27:04,001 [Listener at 127.0.0.1/39485] INFO  server.session (HouseKeeper.java:startScavenging(140)) - node0 Scavenging every 600000ms
2020-10-09 16:27:04,006 [Listener at 127.0.0.1/39485] INFO  handler.ContextHandler (ContextHandler.java:doStart(825)) - Started o.e.j.s.ServletContextHandler@69abc618{logs,/logs,file:///github/workspace/mnt/ozone/hadoop-ozone/integration-test/target/log,AVAILABLE}
2020-10-09 16:27:04,006 [Listener at 127.0.0.1/39485] INFO  handler.ContextHandler (ContextHandler.java:doStart(825)) - Started o.e.j.s.ServletContextHandler@60bdce4{static,/static,jar:file:/home/user/.m2/repository/org/apache/hadoop/hadoop-hdds-container-service/1.1.0-SNAPSHOT/hadoop-hdds-container-service-1.1.0-SNAPSHOT.jar!/webapps/static,AVAILABLE}
2020-10-09 16:27:04,151 [Listener at 127.0.0.1/39485] INFO  handler.ContextHandler (ContextHandler.java:doStart(825)) - Started o.e.j.w.WebAppContext@1e7cd96d{hddsDatanode,/,file:///tmp/jetty-0_0_0_0-39869-hadoop-hdds-container-service-1_1_0-SNAPSHOT_jar-_-any-5612493959033660606.dir/webapp/,AVAILABLE}{jar:file:/home/user/.m2/repository/org/apache/hadoop/hadoop-hdds-container-service/1.1.0-SNAPSHOT/hadoop-hdds-container-service-1.1.0-SNAPSHOT.jar!/webapps/hddsDatanode}
2020-10-09 16:27:04,152 [Listener at 127.0.0.1/39485] INFO  server.AbstractConnector (AbstractConnector.java:doStart(330)) - Started ServerConnector@7c690a5b{HTTP/1.1,[http/1.1]}{0.0.0.0:39869}
2020-10-09 16:27:04,153 [Listener at 127.0.0.1/39485] INFO  server.Server (Server.java:doStart(399)) - Started @57719ms
2020-10-09 16:27:04,153 [Listener at 127.0.0.1/39485] WARN  impl.MetricsSystemImpl (MetricsSystemImpl.java:register(276)) - Sink prometheus already exists!
2020-10-09 16:27:04,157 [Listener at 127.0.0.1/39485] INFO  http.BaseHttpServer (BaseHttpServer.java:updateConnectorAddress(327)) - HTTP server of hddsDatanode listening at http://0.0.0.0:39869
2020-10-09 16:27:04,162 [Listener at 127.0.0.1/39485] INFO  impl.MetricsSystemImpl (MetricsSystemImpl.java:init(158)) - HddsDatanode metrics system started (again)
2020-10-09 16:27:04,164 [Listener at 127.0.0.1/39485] INFO  ozone.HddsDatanodeService (HddsDatanodeService.java:start(217)) - HddsDatanodeService host:de266806e394 ip:172.17.0.2
2020-10-09 16:27:04,174 [org.apache.hadoop.util.JvmPauseMonitor$Monitor@628ac7b3] INFO  util.JvmPauseMonitor (JvmPauseMonitor.java:run(188)) - Starting JVM pause monitor
2020-10-09 16:27:04,174 [Listener at 127.0.0.1/39485] INFO  volume.HddsVolume (HddsVolume.java:<init>(176)) - Creating Volume: /github/workspace/mnt/ozone/hadoop-ozone/integration-test/target/test-dir/MiniOzoneClusterImpl-c5028e9e-dbc6-4f7d-99b7-5a0387eddaa2/datanode-4/data-0/containers/hdds of storage type : DISK and capacity : 9223372036854775807
2020-10-09 16:27:04,178 [Listener at 127.0.0.1/39485] INFO  volume.MutableVolumeSet (MutableVolumeSet.java:initializeVolumeSet(179)) - Added Volume : /github/workspace/mnt/ozone/hadoop-ozone/integration-test/target/test-dir/MiniOzoneClusterImpl-c5028e9e-dbc6-4f7d-99b7-5a0387eddaa2/datanode-4/data-0/containers/hdds to VolumeSet
2020-10-09 16:27:04,178 [Listener at 127.0.0.1/39485] INFO  volume.ThrottledAsyncChecker (ThrottledAsyncChecker.java:schedule(141)) - Scheduling a check for /github/workspace/mnt/ozone/hadoop-ozone/integration-test/target/test-dir/MiniOzoneClusterImpl-c5028e9e-dbc6-4f7d-99b7-5a0387eddaa2/datanode-4/data-0/containers/hdds
2020-10-09 16:27:04,175 [Datanode State Machine Task Thread - 0] INFO  datanode.InitDatanodeState (InitDatanodeState.java:persistContainerDatanodeDetails(145)) - DatanodeDetails is persisted to /github/workspace/mnt/ozone/hadoop-ozone/integration-test/target/test-dir/MiniOzoneClusterImpl-c5028e9e-dbc6-4f7d-99b7-5a0387eddaa2/datanode-3/meta/datanode.id
2020-10-09 16:27:04,186 [Listener at 127.0.0.1/39485] INFO  volume.HddsVolumeChecker (HddsVolumeChecker.java:checkAllVolumes(200)) - Scheduled health check for volume /github/workspace/mnt/ozone/hadoop-ozone/integration-test/target/test-dir/MiniOzoneClusterImpl-c5028e9e-dbc6-4f7d-99b7-5a0387eddaa2/datanode-4/data-0/containers/hdds
2020-10-09 16:27:04,202 [Thread-548] INFO  ozoneimpl.ContainerReader (ContainerReader.java:readVolume(123)) - Start to verify containers on volume /github/workspace/mnt/ozone/hadoop-ozone/integration-test/target/test-dir/MiniOzoneClusterImpl-c5028e9e-dbc6-4f7d-99b7-5a0387eddaa2/datanode-4/data-0/containers/hdds
2020-10-09 16:27:04,202 [Thread-548] INFO  ozoneimpl.ContainerReader (ContainerReader.java:readVolume(148)) - Finish verifying containers on volume /github/workspace/mnt/ozone/hadoop-ozone/integration-test/target/test-dir/MiniOzoneClusterImpl-c5028e9e-dbc6-4f7d-99b7-5a0387eddaa2/datanode-4/data-0/containers/hdds
2020-10-09 16:27:04,202 [Listener at 127.0.0.1/39485] INFO  ozoneimpl.OzoneContainer (OzoneContainer.java:buildContainerSet(196)) - Build ContainerSet costs 0s
2020-10-09 16:27:04,204 [Listener at 127.0.0.1/39485] INFO  impl.RaftServerProxy (ConfUtils.java:logGet(44)) - raft.rpc.type = GRPC (default)
2020-10-09 16:27:04,204 [Listener at 127.0.0.1/39485] INFO  grpc.GrpcFactory (GrpcFactory.java:checkPooledByteBufAllocatorUseCacheForAllThreads(45)) - PERFORMANCE WARNING: useCacheForAllThreads is true that may cause Netty to create a lot garbage objects and, as a result, trigger GC.
	It is recommended to disable useCacheForAllThreads by setting -Dorg.apache.ratis.thirdparty.io.netty.allocator.useCacheForAllThreads=false in command line.
2020-10-09 16:27:04,204 [Listener at 127.0.0.1/39485] INFO  grpc.GrpcConfigKeys (ConfUtils.java:logGet(44)) - raft.grpc.server.port = 0 (default)
2020-10-09 16:27:04,204 [Listener at 127.0.0.1/39485] INFO  server.GrpcService (ConfUtils.java:logGet(44)) - raft.grpc.message.size.max = 32MB (=33554432) (custom)
2020-10-09 16:27:04,204 [Listener at 127.0.0.1/39485] INFO  server.RaftServerConfigKeys (ConfUtils.java:logGet(44)) - raft.server.log.appender.buffer.byte-limit = 33554432 (custom)
2020-10-09 16:27:04,204 [Listener at 127.0.0.1/39485] INFO  server.GrpcService (ConfUtils.java:logGet(44)) - raft.grpc.flow.control.window = 5MB (=5242880) (custom)
2020-10-09 16:27:04,204 [Listener at 127.0.0.1/39485] INFO  server.RaftServerConfigKeys (ConfUtils.java:logGet(44)) - raft.server.rpc.request.timeout = 60s (custom)
2020-10-09 16:27:04,205 [Listener at 127.0.0.1/39485] INFO  server.RaftServerConfigKeys (ConfUtils.java:logGet(44)) - raft.server.storage.dir = [/github/workspace/mnt/ozone/hadoop-ozone/integration-test/target/test-dir/MiniOzoneClusterImpl-c5028e9e-dbc6-4f7d-99b7-5a0387eddaa2/datanode-4/data/ratis] (custom)
2020-10-09 16:27:04,211 [Listener at 127.0.0.1/39485] INFO  http.BaseHttpServer (BaseHttpServer.java:newHttpServer2BuilderForOzone(207)) - Starting Web-server for hddsDatanode at: http://0.0.0.0:0
2020-10-09 16:27:04,211 [Listener at 127.0.0.1/39485] INFO  http.BaseHttpServer (BaseHttpServer.java:<init>(106)) - Hadoop Security Enabled: false Ozone Security Enabled: false Ozone HTTP Security Enabled: false 
2020-10-09 16:27:04,212 [Listener at 127.0.0.1/39485] INFO  server.AuthenticationFilter (AuthenticationFilter.java:constructSecretProvider(240)) - Unable to initialize FileSignerSecretProvider, falling back to use random secrets.
2020-10-09 16:27:04,213 [Listener at 127.0.0.1/39485] WARN  http.HttpRequestLog (HttpRequestLog.java:getRequestLog(103)) - Jetty request log can only be enabled using Log4j
2020-10-09 16:27:04,213 [Listener at 127.0.0.1/39485] INFO  http.HttpServer2 (HttpServer2.java:addGlobalFilter(1019)) - Added global filter 'safety' (class=org.apache.hadoop.hdds.server.http.HttpServer2$QuotingInputFilter)
2020-10-09 16:27:04,214 [Listener at 127.0.0.1/39485] INFO  http.HttpServer2 (HttpServer2.java:addFilter(995)) - Added filter static_user_filter (class=org.apache.hadoop.http.lib.StaticUserWebFilter$StaticUserFilter) to context hddsDatanode
2020-10-09 16:27:04,214 [Listener at 127.0.0.1/39485] INFO  http.HttpServer2 (HttpServer2.java:addFilter(1003)) - Added filter static_user_filter (class=org.apache.hadoop.http.lib.StaticUserWebFilter$StaticUserFilter) to context static
2020-10-09 16:27:04,214 [Listener at 127.0.0.1/39485] INFO  http.HttpServer2 (HttpServer2.java:addFilter(1003)) - Added filter static_user_filter (class=org.apache.hadoop.http.lib.StaticUserWebFilter$StaticUserFilter) to context logs
2020-10-09 16:27:04,215 [Listener at 127.0.0.1/39485] INFO  http.HttpServer2 (HttpServer2.java:bindListener(1237)) - Jetty bound to port 40475
2020-10-09 16:27:04,215 [Listener at 127.0.0.1/39485] INFO  server.Server (Server.java:doStart(359)) - jetty-9.4.26.v20200117; built: 2020-01-17T12:35:33.676Z; git: 7b38981d25d14afb4a12ff1f2596756144edf695; jvm 1.8.0_232-b09
2020-10-09 16:27:04,222 [Listener at 127.0.0.1/39485] INFO  server.session (DefaultSessionIdManager.java:doStart(333)) - DefaultSessionIdManager workerName=node0
2020-10-09 16:27:04,222 [Listener at 127.0.0.1/39485] INFO  server.session (DefaultSessionIdManager.java:doStart(338)) - No SessionScavenger set, using defaults
2020-10-09 16:27:04,222 [Listener at 127.0.0.1/39485] INFO  server.session (HouseKeeper.java:startScavenging(140)) - node0 Scavenging every 660000ms
2020-10-09 16:27:04,223 [Listener at 127.0.0.1/39485] INFO  handler.ContextHandler (ContextHandler.java:doStart(825)) - Started o.e.j.s.ServletContextHandler@4521152b{logs,/logs,file:///github/workspace/mnt/ozone/hadoop-ozone/integration-test/target/log,AVAILABLE}
2020-10-09 16:27:04,223 [Listener at 127.0.0.1/39485] INFO  handler.ContextHandler (ContextHandler.java:doStart(825)) - Started o.e.j.s.ServletContextHandler@7dea1f52{static,/static,jar:file:/home/user/.m2/repository/org/apache/hadoop/hadoop-hdds-container-service/1.1.0-SNAPSHOT/hadoop-hdds-container-service-1.1.0-SNAPSHOT.jar!/webapps/static,AVAILABLE}
2020-10-09 16:27:04,373 [Listener at 127.0.0.1/39485] INFO  handler.ContextHandler (ContextHandler.java:doStart(825)) - Started o.e.j.w.WebAppContext@141f1f50{hddsDatanode,/,file:///tmp/jetty-0_0_0_0-40475-hadoop-hdds-container-service-1_1_0-SNAPSHOT_jar-_-any-1708285131224437102.dir/webapp/,AVAILABLE}{jar:file:/home/user/.m2/repository/org/apache/hadoop/hadoop-hdds-container-service/1.1.0-SNAPSHOT/hadoop-hdds-container-service-1.1.0-SNAPSHOT.jar!/webapps/hddsDatanode}
2020-10-09 16:27:04,374 [Listener at 127.0.0.1/39485] INFO  server.AbstractConnector (AbstractConnector.java:doStart(330)) - Started ServerConnector@444a8590{HTTP/1.1,[http/1.1]}{0.0.0.0:40475}
2020-10-09 16:27:04,374 [Listener at 127.0.0.1/39485] INFO  server.Server (Server.java:doStart(399)) - Started @57941ms
2020-10-09 16:27:04,375 [Listener at 127.0.0.1/39485] WARN  impl.MetricsSystemImpl (MetricsSystemImpl.java:register(276)) - Sink prometheus already exists!
2020-10-09 16:27:04,378 [Listener at 127.0.0.1/39485] INFO  http.BaseHttpServer (BaseHttpServer.java:updateConnectorAddress(327)) - HTTP server of hddsDatanode listening at http://0.0.0.0:40475
2020-10-09 16:27:04,379 [Listener at 127.0.0.1/39485] INFO  impl.MetricsSystemImpl (MetricsSystemImpl.java:init(158)) - HddsDatanode metrics system started (again)
2020-10-09 16:27:04,380 [Listener at 127.0.0.1/39485] INFO  ozone.HddsDatanodeService (HddsDatanodeService.java:start(217)) - HddsDatanodeService host:de266806e394 ip:172.17.0.2
2020-10-09 16:27:04,382 [Listener at 127.0.0.1/39485] INFO  volume.HddsVolume (HddsVolume.java:<init>(176)) - Creating Volume: /github/workspace/mnt/ozone/hadoop-ozone/integration-test/target/test-dir/MiniOzoneClusterImpl-c5028e9e-dbc6-4f7d-99b7-5a0387eddaa2/datanode-5/data-0/containers/hdds of storage type : DISK and capacity : 9223372036854775807
2020-10-09 16:27:04,383 [Listener at 127.0.0.1/39485] INFO  volume.MutableVolumeSet (MutableVolumeSet.java:initializeVolumeSet(179)) - Added Volume : /github/workspace/mnt/ozone/hadoop-ozone/integration-test/target/test-dir/MiniOzoneClusterImpl-c5028e9e-dbc6-4f7d-99b7-5a0387eddaa2/datanode-5/data-0/containers/hdds to VolumeSet
2020-10-09 16:27:04,383 [Listener at 127.0.0.1/39485] INFO  volume.ThrottledAsyncChecker (ThrottledAsyncChecker.java:schedule(141)) - Scheduling a check for /github/workspace/mnt/ozone/hadoop-ozone/integration-test/target/test-dir/MiniOzoneClusterImpl-c5028e9e-dbc6-4f7d-99b7-5a0387eddaa2/datanode-5/data-0/containers/hdds
2020-10-09 16:27:04,383 [Listener at 127.0.0.1/39485] INFO  volume.HddsVolumeChecker (HddsVolumeChecker.java:checkAllVolumes(200)) - Scheduled health check for volume /github/workspace/mnt/ozone/hadoop-ozone/integration-test/target/test-dir/MiniOzoneClusterImpl-c5028e9e-dbc6-4f7d-99b7-5a0387eddaa2/datanode-5/data-0/containers/hdds
2020-10-09 16:27:04,406 [org.apache.hadoop.util.JvmPauseMonitor$Monitor@647ffee4] INFO  util.JvmPauseMonitor (JvmPauseMonitor.java:run(188)) - Starting JVM pause monitor
2020-10-09 16:27:04,407 [Datanode State Machine Task Thread - 0] INFO  datanode.InitDatanodeState (InitDatanodeState.java:persistContainerDatanodeDetails(145)) - DatanodeDetails is persisted to /github/workspace/mnt/ozone/hadoop-ozone/integration-test/target/test-dir/MiniOzoneClusterImpl-c5028e9e-dbc6-4f7d-99b7-5a0387eddaa2/datanode-4/meta/datanode.id
2020-10-09 16:27:04,407 [Thread-557] INFO  ozoneimpl.ContainerReader (ContainerReader.java:readVolume(123)) - Start to verify containers on volume /github/workspace/mnt/ozone/hadoop-ozone/integration-test/target/test-dir/MiniOzoneClusterImpl-c5028e9e-dbc6-4f7d-99b7-5a0387eddaa2/datanode-5/data-0/containers/hdds
2020-10-09 16:27:04,407 [Thread-557] INFO  ozoneimpl.ContainerReader (ContainerReader.java:readVolume(148)) - Finish verifying containers on volume /github/workspace/mnt/ozone/hadoop-ozone/integration-test/target/test-dir/MiniOzoneClusterImpl-c5028e9e-dbc6-4f7d-99b7-5a0387eddaa2/datanode-5/data-0/containers/hdds
2020-10-09 16:27:04,407 [Listener at 127.0.0.1/39485] INFO  ozoneimpl.OzoneContainer (OzoneContainer.java:buildContainerSet(196)) - Build ContainerSet costs 0s
2020-10-09 16:27:04,409 [Listener at 127.0.0.1/39485] INFO  impl.RaftServerProxy (ConfUtils.java:logGet(44)) - raft.rpc.type = GRPC (default)
2020-10-09 16:27:04,409 [Listener at 127.0.0.1/39485] INFO  grpc.GrpcFactory (GrpcFactory.java:checkPooledByteBufAllocatorUseCacheForAllThreads(45)) - PERFORMANCE WARNING: useCacheForAllThreads is true that may cause Netty to create a lot garbage objects and, as a result, trigger GC.
	It is recommended to disable useCacheForAllThreads by setting -Dorg.apache.ratis.thirdparty.io.netty.allocator.useCacheForAllThreads=false in command line.
2020-10-09 16:27:04,409 [Listener at 127.0.0.1/39485] INFO  grpc.GrpcConfigKeys (ConfUtils.java:logGet(44)) - raft.grpc.server.port = 0 (default)
2020-10-09 16:27:04,412 [Listener at 127.0.0.1/39485] INFO  server.GrpcService (ConfUtils.java:logGet(44)) - raft.grpc.message.size.max = 32MB (=33554432) (custom)
2020-10-09 16:27:04,412 [Listener at 127.0.0.1/39485] INFO  server.RaftServerConfigKeys (ConfUtils.java:logGet(44)) - raft.server.log.appender.buffer.byte-limit = 33554432 (custom)
2020-10-09 16:27:04,412 [Listener at 127.0.0.1/39485] INFO  server.GrpcService (ConfUtils.java:logGet(44)) - raft.grpc.flow.control.window = 5MB (=5242880) (custom)
2020-10-09 16:27:04,412 [Listener at 127.0.0.1/39485] INFO  server.RaftServerConfigKeys (ConfUtils.java:logGet(44)) - raft.server.rpc.request.timeout = 60s (custom)
2020-10-09 16:27:04,414 [Listener at 127.0.0.1/39485] INFO  server.RaftServerConfigKeys (ConfUtils.java:logGet(44)) - raft.server.storage.dir = [/github/workspace/mnt/ozone/hadoop-ozone/integration-test/target/test-dir/MiniOzoneClusterImpl-c5028e9e-dbc6-4f7d-99b7-5a0387eddaa2/datanode-5/data/ratis] (custom)
2020-10-09 16:27:04,420 [Listener at 127.0.0.1/39485] INFO  http.BaseHttpServer (BaseHttpServer.java:newHttpServer2BuilderForOzone(207)) - Starting Web-server for hddsDatanode at: http://0.0.0.0:0
2020-10-09 16:27:04,420 [Listener at 127.0.0.1/39485] INFO  http.BaseHttpServer (BaseHttpServer.java:<init>(106)) - Hadoop Security Enabled: false Ozone Security Enabled: false Ozone HTTP Security Enabled: false 
2020-10-09 16:27:04,421 [Listener at 127.0.0.1/39485] INFO  server.AuthenticationFilter (AuthenticationFilter.java:constructSecretProvider(240)) - Unable to initialize FileSignerSecretProvider, falling back to use random secrets.
2020-10-09 16:27:04,421 [Listener at 127.0.0.1/39485] WARN  http.HttpRequestLog (HttpRequestLog.java:getRequestLog(103)) - Jetty request log can only be enabled using Log4j
2020-10-09 16:27:04,422 [Listener at 127.0.0.1/39485] INFO  http.HttpServer2 (HttpServer2.java:addGlobalFilter(1019)) - Added global filter 'safety' (class=org.apache.hadoop.hdds.server.http.HttpServer2$QuotingInputFilter)
2020-10-09 16:27:04,422 [Listener at 127.0.0.1/39485] INFO  http.HttpServer2 (HttpServer2.java:addFilter(995)) - Added filter static_user_filter (class=org.apache.hadoop.http.lib.StaticUserWebFilter$StaticUserFilter) to context hddsDatanode
2020-10-09 16:27:04,422 [Listener at 127.0.0.1/39485] INFO  http.HttpServer2 (HttpServer2.java:addFilter(1003)) - Added filter static_user_filter (class=org.apache.hadoop.http.lib.StaticUserWebFilter$StaticUserFilter) to context static
2020-10-09 16:27:04,423 [Listener at 127.0.0.1/39485] INFO  http.HttpServer2 (HttpServer2.java:addFilter(1003)) - Added filter static_user_filter (class=org.apache.hadoop.http.lib.StaticUserWebFilter$StaticUserFilter) to context logs
2020-10-09 16:27:04,423 [Listener at 127.0.0.1/39485] INFO  http.HttpServer2 (HttpServer2.java:bindListener(1237)) - Jetty bound to port 38209
2020-10-09 16:27:04,423 [Listener at 127.0.0.1/39485] INFO  server.Server (Server.java:doStart(359)) - jetty-9.4.26.v20200117; built: 2020-01-17T12:35:33.676Z; git: 7b38981d25d14afb4a12ff1f2596756144edf695; jvm 1.8.0_232-b09
2020-10-09 16:27:04,426 [Listener at 127.0.0.1/39485] INFO  server.session (DefaultSessionIdManager.java:doStart(333)) - DefaultSessionIdManager workerName=node0
2020-10-09 16:27:04,426 [Listener at 127.0.0.1/39485] INFO  server.session (DefaultSessionIdManager.java:doStart(338)) - No SessionScavenger set, using defaults
2020-10-09 16:27:04,427 [Listener at 127.0.0.1/39485] INFO  server.session (HouseKeeper.java:startScavenging(140)) - node0 Scavenging every 660000ms
2020-10-09 16:27:04,427 [Listener at 127.0.0.1/39485] INFO  handler.ContextHandler (ContextHandler.java:doStart(825)) - Started o.e.j.s.ServletContextHandler@53daf223{logs,/logs,file:///github/workspace/mnt/ozone/hadoop-ozone/integration-test/target/log,AVAILABLE}
2020-10-09 16:27:04,428 [Listener at 127.0.0.1/39485] INFO  handler.ContextHandler (ContextHandler.java:doStart(825)) - Started o.e.j.s.ServletContextHandler@4d108ba2{static,/static,jar:file:/home/user/.m2/repository/org/apache/hadoop/hadoop-hdds-container-service/1.1.0-SNAPSHOT/hadoop-hdds-container-service-1.1.0-SNAPSHOT.jar!/webapps/static,AVAILABLE}
2020-10-09 16:27:04,574 [Listener at 127.0.0.1/39485] INFO  handler.ContextHandler (ContextHandler.java:doStart(825)) - Started o.e.j.w.WebAppContext@77c84fc3{hddsDatanode,/,file:///tmp/jetty-0_0_0_0-38209-hadoop-hdds-container-service-1_1_0-SNAPSHOT_jar-_-any-7086427336478542370.dir/webapp/,AVAILABLE}{jar:file:/home/user/.m2/repository/org/apache/hadoop/hadoop-hdds-container-service/1.1.0-SNAPSHOT/hadoop-hdds-container-service-1.1.0-SNAPSHOT.jar!/webapps/hddsDatanode}
2020-10-09 16:27:04,576 [Listener at 127.0.0.1/39485] INFO  server.AbstractConnector (AbstractConnector.java:doStart(330)) - Started ServerConnector@7f14dede{HTTP/1.1,[http/1.1]}{0.0.0.0:38209}
2020-10-09 16:27:04,576 [Listener at 127.0.0.1/39485] INFO  server.Server (Server.java:doStart(399)) - Started @58142ms
2020-10-09 16:27:04,576 [Listener at 127.0.0.1/39485] WARN  impl.MetricsSystemImpl (MetricsSystemImpl.java:register(276)) - Sink prometheus already exists!
2020-10-09 16:27:04,580 [Listener at 127.0.0.1/39485] INFO  http.BaseHttpServer (BaseHttpServer.java:updateConnectorAddress(327)) - HTTP server of hddsDatanode listening at http://0.0.0.0:38209
2020-10-09 16:27:04,581 [Listener at 127.0.0.1/39485] INFO  impl.MetricsSystemImpl (MetricsSystemImpl.java:init(158)) - HddsDatanode metrics system started (again)
2020-10-09 16:27:04,584 [Listener at 127.0.0.1/39485] INFO  ozone.HddsDatanodeService (HddsDatanodeService.java:start(217)) - HddsDatanodeService host:de266806e394 ip:172.17.0.2
2020-10-09 16:27:04,591 [Datanode State Machine Task Thread - 0] INFO  datanode.InitDatanodeState (InitDatanodeState.java:persistContainerDatanodeDetails(145)) - DatanodeDetails is persisted to /github/workspace/mnt/ozone/hadoop-ozone/integration-test/target/test-dir/MiniOzoneClusterImpl-c5028e9e-dbc6-4f7d-99b7-5a0387eddaa2/datanode-5/meta/datanode.id
2020-10-09 16:27:04,593 [Listener at 127.0.0.1/39485] INFO  volume.HddsVolume (HddsVolume.java:<init>(176)) - Creating Volume: /github/workspace/mnt/ozone/hadoop-ozone/integration-test/target/test-dir/MiniOzoneClusterImpl-c5028e9e-dbc6-4f7d-99b7-5a0387eddaa2/datanode-6/data-0/containers/hdds of storage type : DISK and capacity : 9223372036854775807
2020-10-09 16:27:04,593 [Listener at 127.0.0.1/39485] INFO  volume.MutableVolumeSet (MutableVolumeSet.java:initializeVolumeSet(179)) - Added Volume : /github/workspace/mnt/ozone/hadoop-ozone/integration-test/target/test-dir/MiniOzoneClusterImpl-c5028e9e-dbc6-4f7d-99b7-5a0387eddaa2/datanode-6/data-0/containers/hdds to VolumeSet
2020-10-09 16:27:04,593 [Listener at 127.0.0.1/39485] INFO  volume.ThrottledAsyncChecker (ThrottledAsyncChecker.java:schedule(141)) - Scheduling a check for /github/workspace/mnt/ozone/hadoop-ozone/integration-test/target/test-dir/MiniOzoneClusterImpl-c5028e9e-dbc6-4f7d-99b7-5a0387eddaa2/datanode-6/data-0/containers/hdds
2020-10-09 16:27:04,594 [org.apache.hadoop.util.JvmPauseMonitor$Monitor@402d3afd] INFO  util.JvmPauseMonitor (JvmPauseMonitor.java:run(188)) - Starting JVM pause monitor
2020-10-09 16:27:04,594 [Listener at 127.0.0.1/39485] INFO  volume.HddsVolumeChecker (HddsVolumeChecker.java:checkAllVolumes(200)) - Scheduled health check for volume /github/workspace/mnt/ozone/hadoop-ozone/integration-test/target/test-dir/MiniOzoneClusterImpl-c5028e9e-dbc6-4f7d-99b7-5a0387eddaa2/datanode-6/data-0/containers/hdds
2020-10-09 16:27:04,608 [Thread-570] INFO  ozoneimpl.ContainerReader (ContainerReader.java:readVolume(123)) - Start to verify containers on volume /github/workspace/mnt/ozone/hadoop-ozone/integration-test/target/test-dir/MiniOzoneClusterImpl-c5028e9e-dbc6-4f7d-99b7-5a0387eddaa2/datanode-6/data-0/containers/hdds
2020-10-09 16:27:04,608 [Thread-570] INFO  ozoneimpl.ContainerReader (ContainerReader.java:readVolume(148)) - Finish verifying containers on volume /github/workspace/mnt/ozone/hadoop-ozone/integration-test/target/test-dir/MiniOzoneClusterImpl-c5028e9e-dbc6-4f7d-99b7-5a0387eddaa2/datanode-6/data-0/containers/hdds
2020-10-09 16:27:04,608 [Listener at 127.0.0.1/39485] INFO  ozoneimpl.OzoneContainer (OzoneContainer.java:buildContainerSet(196)) - Build ContainerSet costs 0s
2020-10-09 16:27:04,610 [Listener at 127.0.0.1/39485] INFO  impl.RaftServerProxy (ConfUtils.java:logGet(44)) - raft.rpc.type = GRPC (default)
2020-10-09 16:27:04,610 [Listener at 127.0.0.1/39485] INFO  grpc.GrpcFactory (GrpcFactory.java:checkPooledByteBufAllocatorUseCacheForAllThreads(45)) - PERFORMANCE WARNING: useCacheForAllThreads is true that may cause Netty to create a lot garbage objects and, as a result, trigger GC.
	It is recommended to disable useCacheForAllThreads by setting -Dorg.apache.ratis.thirdparty.io.netty.allocator.useCacheForAllThreads=false in command line.
2020-10-09 16:27:04,610 [Listener at 127.0.0.1/39485] INFO  grpc.GrpcConfigKeys (ConfUtils.java:logGet(44)) - raft.grpc.server.port = 0 (default)
2020-10-09 16:27:04,610 [Listener at 127.0.0.1/39485] INFO  server.GrpcService (ConfUtils.java:logGet(44)) - raft.grpc.message.size.max = 32MB (=33554432) (custom)
2020-10-09 16:27:04,610 [Listener at 127.0.0.1/39485] INFO  server.RaftServerConfigKeys (ConfUtils.java:logGet(44)) - raft.server.log.appender.buffer.byte-limit = 33554432 (custom)
2020-10-09 16:27:04,611 [Listener at 127.0.0.1/39485] INFO  server.GrpcService (ConfUtils.java:logGet(44)) - raft.grpc.flow.control.window = 5MB (=5242880) (custom)
2020-10-09 16:27:04,611 [Listener at 127.0.0.1/39485] INFO  server.RaftServerConfigKeys (ConfUtils.java:logGet(44)) - raft.server.rpc.request.timeout = 60s (custom)
2020-10-09 16:27:04,612 [Listener at 127.0.0.1/39485] INFO  server.RaftServerConfigKeys (ConfUtils.java:logGet(44)) - raft.server.storage.dir = [/github/workspace/mnt/ozone/hadoop-ozone/integration-test/target/test-dir/MiniOzoneClusterImpl-c5028e9e-dbc6-4f7d-99b7-5a0387eddaa2/datanode-6/data/ratis] (custom)
2020-10-09 16:27:04,616 [Listener at 127.0.0.1/39485] INFO  http.BaseHttpServer (BaseHttpServer.java:newHttpServer2BuilderForOzone(207)) - Starting Web-server for hddsDatanode at: http://0.0.0.0:0
2020-10-09 16:27:04,616 [Listener at 127.0.0.1/39485] INFO  http.BaseHttpServer (BaseHttpServer.java:<init>(106)) - Hadoop Security Enabled: false Ozone Security Enabled: false Ozone HTTP Security Enabled: false 
2020-10-09 16:27:04,617 [Listener at 127.0.0.1/39485] INFO  server.AuthenticationFilter (AuthenticationFilter.java:constructSecretProvider(240)) - Unable to initialize FileSignerSecretProvider, falling back to use random secrets.
2020-10-09 16:27:04,617 [Listener at 127.0.0.1/39485] WARN  http.HttpRequestLog (HttpRequestLog.java:getRequestLog(103)) - Jetty request log can only be enabled using Log4j
2020-10-09 16:27:04,618 [Listener at 127.0.0.1/39485] INFO  http.HttpServer2 (HttpServer2.java:addGlobalFilter(1019)) - Added global filter 'safety' (class=org.apache.hadoop.hdds.server.http.HttpServer2$QuotingInputFilter)
2020-10-09 16:27:04,619 [Listener at 127.0.0.1/39485] INFO  http.HttpServer2 (HttpServer2.java:addFilter(995)) - Added filter static_user_filter (class=org.apache.hadoop.http.lib.StaticUserWebFilter$StaticUserFilter) to context hddsDatanode
2020-10-09 16:27:04,619 [Listener at 127.0.0.1/39485] INFO  http.HttpServer2 (HttpServer2.java:addFilter(1003)) - Added filter static_user_filter (class=org.apache.hadoop.http.lib.StaticUserWebFilter$StaticUserFilter) to context logs
2020-10-09 16:27:04,619 [Listener at 127.0.0.1/39485] INFO  http.HttpServer2 (HttpServer2.java:addFilter(1003)) - Added filter static_user_filter (class=org.apache.hadoop.http.lib.StaticUserWebFilter$StaticUserFilter) to context static
2020-10-09 16:27:04,619 [Listener at 127.0.0.1/39485] INFO  http.HttpServer2 (HttpServer2.java:bindListener(1237)) - Jetty bound to port 38041
2020-10-09 16:27:04,619 [Listener at 127.0.0.1/39485] INFO  server.Server (Server.java:doStart(359)) - jetty-9.4.26.v20200117; built: 2020-01-17T12:35:33.676Z; git: 7b38981d25d14afb4a12ff1f2596756144edf695; jvm 1.8.0_232-b09
2020-10-09 16:27:04,621 [Listener at 127.0.0.1/39485] INFO  server.session (DefaultSessionIdManager.java:doStart(333)) - DefaultSessionIdManager workerName=node0
2020-10-09 16:27:04,621 [Listener at 127.0.0.1/39485] INFO  server.session (DefaultSessionIdManager.java:doStart(338)) - No SessionScavenger set, using defaults
2020-10-09 16:27:04,622 [Listener at 127.0.0.1/39485] INFO  server.session (HouseKeeper.java:startScavenging(140)) - node0 Scavenging every 660000ms
2020-10-09 16:27:04,624 [Listener at 127.0.0.1/39485] INFO  handler.ContextHandler (ContextHandler.java:doStart(825)) - Started o.e.j.s.ServletContextHandler@18a201b9{logs,/logs,file:///github/workspace/mnt/ozone/hadoop-ozone/integration-test/target/log,AVAILABLE}
2020-10-09 16:27:04,624 [Listener at 127.0.0.1/39485] INFO  handler.ContextHandler (ContextHandler.java:doStart(825)) - Started o.e.j.s.ServletContextHandler@545eace0{static,/static,jar:file:/home/user/.m2/repository/org/apache/hadoop/hadoop-hdds-container-service/1.1.0-SNAPSHOT/hadoop-hdds-container-service-1.1.0-SNAPSHOT.jar!/webapps/static,AVAILABLE}
2020-10-09 16:27:04,768 [Listener at 127.0.0.1/39485] INFO  handler.ContextHandler (ContextHandler.java:doStart(825)) - Started o.e.j.w.WebAppContext@177e75e0{hddsDatanode,/,file:///tmp/jetty-0_0_0_0-38041-hadoop-hdds-container-service-1_1_0-SNAPSHOT_jar-_-any-8796794032672913845.dir/webapp/,AVAILABLE}{jar:file:/home/user/.m2/repository/org/apache/hadoop/hadoop-hdds-container-service/1.1.0-SNAPSHOT/hadoop-hdds-container-service-1.1.0-SNAPSHOT.jar!/webapps/hddsDatanode}
2020-10-09 16:27:04,769 [Listener at 127.0.0.1/39485] INFO  server.AbstractConnector (AbstractConnector.java:doStart(330)) - Started ServerConnector@4e9fa93d{HTTP/1.1,[http/1.1]}{0.0.0.0:38041}
2020-10-09 16:27:04,770 [Listener at 127.0.0.1/39485] INFO  server.Server (Server.java:doStart(399)) - Started @58336ms
2020-10-09 16:27:04,770 [Listener at 127.0.0.1/39485] WARN  impl.MetricsSystemImpl (MetricsSystemImpl.java:register(276)) - Sink prometheus already exists!
2020-10-09 16:27:04,774 [Listener at 127.0.0.1/39485] INFO  http.BaseHttpServer (BaseHttpServer.java:updateConnectorAddress(327)) - HTTP server of hddsDatanode listening at http://0.0.0.0:38041
2020-10-09 16:27:04,778 [Listener at 127.0.0.1/39485] INFO  ozone.MiniOzoneClusterImpl (MiniOzoneClusterImpl.java:lambda$waitForClusterToBeReady$0(177)) - Waiting for nodes to be ready. Got 0 of 7 DN Heartbeats.
2020-10-09 16:27:04,778 [Listener at 127.0.0.1/39485] INFO  ozone.MiniOzoneClusterImpl (MiniOzoneClusterImpl.java:lambda$waitForClusterToBeReady$0(180)) - Waiting for cluster to exit safe mode
2020-10-09 16:27:04,782 [org.apache.hadoop.util.JvmPauseMonitor$Monitor@4e72ab3b] INFO  util.JvmPauseMonitor (JvmPauseMonitor.java:run(188)) - Starting JVM pause monitor
2020-10-09 16:27:04,784 [Datanode State Machine Task Thread - 0] INFO  datanode.InitDatanodeState (InitDatanodeState.java:persistContainerDatanodeDetails(145)) - DatanodeDetails is persisted to /github/workspace/mnt/ozone/hadoop-ozone/integration-test/target/test-dir/MiniOzoneClusterImpl-c5028e9e-dbc6-4f7d-99b7-5a0387eddaa2/datanode-6/meta/datanode.id
2020-10-09 16:27:05,529 [Datanode State Machine Task Thread - 1] INFO  ozoneimpl.OzoneContainer (OzoneContainer.java:start(245)) - Attempting to start container services.
2020-10-09 16:27:05,529 [Datanode State Machine Task Thread - 1] INFO  ozoneimpl.OzoneContainer (OzoneContainer.java:startContainerScrub(209)) - Background container scanner has been disabled.
2020-10-09 16:27:05,529 [Datanode State Machine Task Thread - 1] INFO  ratis.XceiverServerRatis (XceiverServerRatis.java:start(440)) - Starting XceiverServerRatis 6a499dda-a250-4daa-aa17-9ec32443242a at port 0
2020-10-09 16:27:05,532 [Datanode State Machine Task Thread - 1] INFO  impl.RaftServerProxy (RaftServerProxy.java:lambda$start$3(307)) - 6a499dda-a250-4daa-aa17-9ec32443242a: start RPC server
2020-10-09 16:27:05,533 [Datanode State Machine Task Thread - 1] INFO  server.GrpcService (GrpcService.java:startImpl(177)) - 6a499dda-a250-4daa-aa17-9ec32443242a: GrpcService started, listening on 0.0.0.0/0.0.0.0:37035
2020-10-09 16:27:05,533 [Datanode State Machine Task Thread - 1] INFO  ratis.XceiverServerRatis (XceiverServerRatis.java:start(452)) - XceiverServerRatis 6a499dda-a250-4daa-aa17-9ec32443242a is started using port 37035
2020-10-09 16:27:05,533 [Datanode State Machine Task Thread - 1] INFO  server.XceiverServerGrpc (XceiverServerGrpc.java:start(145)) - XceiverServerGrpc 6a499dda-a250-4daa-aa17-9ec32443242a is started using port 46593
2020-10-09 16:27:05,738 [Datanode State Machine Task Thread - 1] INFO  ozoneimpl.OzoneContainer (OzoneContainer.java:start(245)) - Attempting to start container services.
2020-10-09 16:27:05,738 [Datanode State Machine Task Thread - 1] INFO  ozoneimpl.OzoneContainer (OzoneContainer.java:startContainerScrub(209)) - Background container scanner has been disabled.
2020-10-09 16:27:05,738 [Datanode State Machine Task Thread - 1] INFO  ratis.XceiverServerRatis (XceiverServerRatis.java:start(440)) - Starting XceiverServerRatis e27ecad8-c8c3-4bdb-8e56-23cf5ec81ff3 at port 0
2020-10-09 16:27:05,740 [Datanode State Machine Task Thread - 1] INFO  impl.RaftServerProxy (RaftServerProxy.java:lambda$start$3(307)) - e27ecad8-c8c3-4bdb-8e56-23cf5ec81ff3: start RPC server
2020-10-09 16:27:05,741 [Datanode State Machine Task Thread - 1] INFO  server.GrpcService (GrpcService.java:startImpl(177)) - e27ecad8-c8c3-4bdb-8e56-23cf5ec81ff3: GrpcService started, listening on 0.0.0.0/0.0.0.0:34435
2020-10-09 16:27:05,741 [Datanode State Machine Task Thread - 1] INFO  ratis.XceiverServerRatis (XceiverServerRatis.java:start(452)) - XceiverServerRatis e27ecad8-c8c3-4bdb-8e56-23cf5ec81ff3 is started using port 34435
2020-10-09 16:27:05,742 [Datanode State Machine Task Thread - 1] INFO  server.XceiverServerGrpc (XceiverServerGrpc.java:start(145)) - XceiverServerGrpc e27ecad8-c8c3-4bdb-8e56-23cf5ec81ff3 is started using port 46299
2020-10-09 16:27:05,779 [Listener at 127.0.0.1/39485] INFO  ozone.MiniOzoneClusterImpl (MiniOzoneClusterImpl.java:lambda$waitForClusterToBeReady$0(177)) - Waiting for nodes to be ready. Got 0 of 7 DN Heartbeats.
2020-10-09 16:27:05,779 [Listener at 127.0.0.1/39485] INFO  ozone.MiniOzoneClusterImpl (MiniOzoneClusterImpl.java:lambda$waitForClusterToBeReady$0(180)) - Waiting for cluster to exit safe mode
2020-10-09 16:27:05,977 [Datanode State Machine Task Thread - 1] INFO  ozoneimpl.OzoneContainer (OzoneContainer.java:start(245)) - Attempting to start container services.
2020-10-09 16:27:05,978 [Datanode State Machine Task Thread - 1] INFO  ozoneimpl.OzoneContainer (OzoneContainer.java:startContainerScrub(209)) - Background container scanner has been disabled.
2020-10-09 16:27:05,978 [Datanode State Machine Task Thread - 1] INFO  ratis.XceiverServerRatis (XceiverServerRatis.java:start(440)) - Starting XceiverServerRatis 971ea0da-63f5-4acb-8c67-7c1bd783a005 at port 0
2020-10-09 16:27:05,978 [Datanode State Machine Task Thread - 1] INFO  impl.RaftServerProxy (RaftServerProxy.java:lambda$start$3(307)) - 971ea0da-63f5-4acb-8c67-7c1bd783a005: start RPC server
2020-10-09 16:27:05,981 [Datanode State Machine Task Thread - 1] INFO  server.GrpcService (GrpcService.java:startImpl(177)) - 971ea0da-63f5-4acb-8c67-7c1bd783a005: GrpcService started, listening on 0.0.0.0/0.0.0.0:43703
2020-10-09 16:27:05,981 [Datanode State Machine Task Thread - 1] INFO  ratis.XceiverServerRatis (XceiverServerRatis.java:start(452)) - XceiverServerRatis 971ea0da-63f5-4acb-8c67-7c1bd783a005 is started using port 43703
2020-10-09 16:27:05,989 [Datanode State Machine Task Thread - 1] INFO  server.XceiverServerGrpc (XceiverServerGrpc.java:start(145)) - XceiverServerGrpc 971ea0da-63f5-4acb-8c67-7c1bd783a005 is started using port 38145
2020-10-09 16:27:06,177 [Datanode State Machine Task Thread - 1] INFO  ozoneimpl.OzoneContainer (OzoneContainer.java:start(245)) - Attempting to start container services.
2020-10-09 16:27:06,177 [Datanode State Machine Task Thread - 1] INFO  ozoneimpl.OzoneContainer (OzoneContainer.java:startContainerScrub(209)) - Background container scanner has been disabled.
2020-10-09 16:27:06,177 [Datanode State Machine Task Thread - 1] INFO  ratis.XceiverServerRatis (XceiverServerRatis.java:start(440)) - Starting XceiverServerRatis 8a7ec526-2919-4356-824f-0c9004393949 at port 0
2020-10-09 16:27:06,178 [Datanode State Machine Task Thread - 1] INFO  impl.RaftServerProxy (RaftServerProxy.java:lambda$start$3(307)) - 8a7ec526-2919-4356-824f-0c9004393949: start RPC server
2020-10-09 16:27:06,179 [Datanode State Machine Task Thread - 1] INFO  server.GrpcService (GrpcService.java:startImpl(177)) - 8a7ec526-2919-4356-824f-0c9004393949: GrpcService started, listening on 0.0.0.0/0.0.0.0:38681
2020-10-09 16:27:06,180 [Datanode State Machine Task Thread - 1] INFO  ratis.XceiverServerRatis (XceiverServerRatis.java:start(452)) - XceiverServerRatis 8a7ec526-2919-4356-824f-0c9004393949 is started using port 38681
2020-10-09 16:27:06,180 [Datanode State Machine Task Thread - 1] INFO  server.XceiverServerGrpc (XceiverServerGrpc.java:start(145)) - XceiverServerGrpc 8a7ec526-2919-4356-824f-0c9004393949 is started using port 36517
2020-10-09 16:27:06,408 [Datanode State Machine Task Thread - 1] INFO  ozoneimpl.OzoneContainer (OzoneContainer.java:start(245)) - Attempting to start container services.
2020-10-09 16:27:06,408 [Datanode State Machine Task Thread - 1] INFO  ozoneimpl.OzoneContainer (OzoneContainer.java:startContainerScrub(209)) - Background container scanner has been disabled.
2020-10-09 16:27:06,409 [Datanode State Machine Task Thread - 1] INFO  ratis.XceiverServerRatis (XceiverServerRatis.java:start(440)) - Starting XceiverServerRatis b7ae438d-d84f-4f04-b6fa-052f047e56a0 at port 0
2020-10-09 16:27:06,409 [Datanode State Machine Task Thread - 1] INFO  impl.RaftServerProxy (RaftServerProxy.java:lambda$start$3(307)) - b7ae438d-d84f-4f04-b6fa-052f047e56a0: start RPC server
2020-10-09 16:27:06,410 [Datanode State Machine Task Thread - 1] INFO  server.GrpcService (GrpcService.java:startImpl(177)) - b7ae438d-d84f-4f04-b6fa-052f047e56a0: GrpcService started, listening on 0.0.0.0/0.0.0.0:40771
2020-10-09 16:27:06,410 [Datanode State Machine Task Thread - 1] INFO  ratis.XceiverServerRatis (XceiverServerRatis.java:start(452)) - XceiverServerRatis b7ae438d-d84f-4f04-b6fa-052f047e56a0 is started using port 40771
2020-10-09 16:27:06,414 [Datanode State Machine Task Thread - 1] INFO  server.XceiverServerGrpc (XceiverServerGrpc.java:start(145)) - XceiverServerGrpc b7ae438d-d84f-4f04-b6fa-052f047e56a0 is started using port 42543
2020-10-09 16:27:06,593 [Datanode State Machine Task Thread - 1] INFO  ozoneimpl.OzoneContainer (OzoneContainer.java:start(245)) - Attempting to start container services.
2020-10-09 16:27:06,593 [Datanode State Machine Task Thread - 1] INFO  ozoneimpl.OzoneContainer (OzoneContainer.java:startContainerScrub(209)) - Background container scanner has been disabled.
2020-10-09 16:27:06,594 [Datanode State Machine Task Thread - 1] INFO  ratis.XceiverServerRatis (XceiverServerRatis.java:start(440)) - Starting XceiverServerRatis 42f7c000-5a7c-41d7-b460-f0da582d6e91 at port 0
2020-10-09 16:27:06,594 [Datanode State Machine Task Thread - 1] INFO  impl.RaftServerProxy (RaftServerProxy.java:lambda$start$3(307)) - 42f7c000-5a7c-41d7-b460-f0da582d6e91: start RPC server
2020-10-09 16:27:06,596 [Datanode State Machine Task Thread - 1] INFO  server.GrpcService (GrpcService.java:startImpl(177)) - 42f7c000-5a7c-41d7-b460-f0da582d6e91: GrpcService started, listening on 0.0.0.0/0.0.0.0:41595
2020-10-09 16:27:06,596 [Datanode State Machine Task Thread - 1] INFO  ratis.XceiverServerRatis (XceiverServerRatis.java:start(452)) - XceiverServerRatis 42f7c000-5a7c-41d7-b460-f0da582d6e91 is started using port 41595
2020-10-09 16:27:06,596 [Datanode State Machine Task Thread - 1] INFO  server.XceiverServerGrpc (XceiverServerGrpc.java:start(145)) - XceiverServerGrpc 42f7c000-5a7c-41d7-b460-f0da582d6e91 is started using port 40725
2020-10-09 16:27:06,779 [Listener at 127.0.0.1/39485] INFO  ozone.MiniOzoneClusterImpl (MiniOzoneClusterImpl.java:lambda$waitForClusterToBeReady$0(177)) - Waiting for nodes to be ready. Got 0 of 7 DN Heartbeats.
2020-10-09 16:27:06,779 [Listener at 127.0.0.1/39485] INFO  ozone.MiniOzoneClusterImpl (MiniOzoneClusterImpl.java:lambda$waitForClusterToBeReady$0(180)) - Waiting for cluster to exit safe mode
2020-10-09 16:27:06,785 [Datanode State Machine Task Thread - 1] INFO  ozoneimpl.OzoneContainer (OzoneContainer.java:start(245)) - Attempting to start container services.
2020-10-09 16:27:06,785 [Datanode State Machine Task Thread - 1] INFO  ozoneimpl.OzoneContainer (OzoneContainer.java:startContainerScrub(209)) - Background container scanner has been disabled.
2020-10-09 16:27:06,785 [Datanode State Machine Task Thread - 1] INFO  ratis.XceiverServerRatis (XceiverServerRatis.java:start(440)) - Starting XceiverServerRatis b161a03a-6ea2-4c37-959f-34fa307bd458 at port 0
2020-10-09 16:27:06,786 [Datanode State Machine Task Thread - 1] INFO  impl.RaftServerProxy (RaftServerProxy.java:lambda$start$3(307)) - b161a03a-6ea2-4c37-959f-34fa307bd458: start RPC server
2020-10-09 16:27:06,787 [Datanode State Machine Task Thread - 1] INFO  server.GrpcService (GrpcService.java:startImpl(177)) - b161a03a-6ea2-4c37-959f-34fa307bd458: GrpcService started, listening on 0.0.0.0/0.0.0.0:39031
2020-10-09 16:27:06,787 [Datanode State Machine Task Thread - 1] INFO  ratis.XceiverServerRatis (XceiverServerRatis.java:start(452)) - XceiverServerRatis b161a03a-6ea2-4c37-959f-34fa307bd458 is started using port 39031
2020-10-09 16:27:06,787 [Datanode State Machine Task Thread - 1] INFO  server.XceiverServerGrpc (XceiverServerGrpc.java:start(145)) - XceiverServerGrpc b161a03a-6ea2-4c37-959f-34fa307bd458 is started using port 34185
2020-10-09 16:27:07,524 [IPC Server handler 2 on default port 44639] INFO  net.NetworkTopologyImpl (NetworkTopologyImpl.java:add(111)) - Added a new node: /default-rack/6a499dda-a250-4daa-aa17-9ec32443242a
2020-10-09 16:27:07,525 [IPC Server handler 2 on default port 44639] INFO  node.SCMNodeManager (SCMNodeManager.java:register(282)) - Registered Data node : 6a499dda-a250-4daa-aa17-9ec32443242a{ip: 172.17.0.2, host: de266806e394, networkLocation: /default-rack, certSerialId: null}
2020-10-09 16:27:07,526 [EventQueue-NodeRegistrationContainerReportForDataNodeSafeModeRule] INFO  safemode.SCMSafeModeManager (DataNodeSafeModeRule.java:process(71)) - SCM in safe mode. 1 DataNodes registered, 1 required.
2020-10-09 16:27:07,526 [EventQueue-NodeRegistrationContainerReportForDataNodeSafeModeRule] INFO  safemode.SCMSafeModeManager (SCMSafeModeManager.java:validateSafeModeExitRules(214)) - DataNodeSafeModeRule rule is successfully validated
2020-10-09 16:27:07,526 [EventQueue-NodeRegistrationContainerReportForDataNodeSafeModeRule] INFO  safemode.SCMSafeModeManager (SCMSafeModeManager.java:completePreCheck(242)) - All SCM safe mode pre check rules have passed
2020-10-09 16:27:07,527 [RatisPipelineUtilsThread] INFO  pipeline.RatisPipelineProvider (RatisPipelineProvider.java:lambda$create$0(138)) - Sending CreatePipelineCommand for pipeline:PipelineID=337ba552-c6bf-4882-a106-6881d1ebffd7 to datanode:6a499dda-a250-4daa-aa17-9ec32443242a
2020-10-09 16:27:07,528 [RatisPipelineUtilsThread] INFO  pipeline.PipelineStateManager (PipelineStateManager.java:addPipeline(54)) - Created pipeline Pipeline[ Id: 337ba552-c6bf-4882-a106-6881d1ebffd7, Nodes: 6a499dda-a250-4daa-aa17-9ec32443242a{ip: 172.17.0.2, host: de266806e394, networkLocation: /default-rack, certSerialId: null}, Type:RATIS, Factor:ONE, State:ALLOCATED, leaderId:, CreationTimestamp2020-10-09T16:27:07.527Z]
2020-10-09 16:27:07,530 [RatisPipelineUtilsThread] WARN  pipeline.PipelinePlacementPolicy (PipelinePlacementPolicy.java:filterViableNodes(138)) - Pipeline creation failed due to no sufficient healthy datanodes. Required 3. Found 1.
2020-10-09 16:27:07,530 [EventQueue-NodeRegistrationContainerReportForContainerSafeModeRule] INFO  safemode.SCMSafeModeManager (SCMSafeModeManager.java:validateSafeModeExitRules(214)) - ContainerSafeModeRule rule is successfully validated
2020-10-09 16:27:07,729 [IPC Server handler 3 on default port 44639] INFO  net.NetworkTopologyImpl (NetworkTopologyImpl.java:add(111)) - Added a new node: /default-rack/e27ecad8-c8c3-4bdb-8e56-23cf5ec81ff3
2020-10-09 16:27:07,729 [IPC Server handler 3 on default port 44639] INFO  node.SCMNodeManager (SCMNodeManager.java:register(282)) - Registered Data node : e27ecad8-c8c3-4bdb-8e56-23cf5ec81ff3{ip: 172.17.0.2, host: de266806e394, networkLocation: /default-rack, certSerialId: null}
2020-10-09 16:27:07,730 [EventQueue-NodeRegistrationContainerReportForContainerSafeModeRule] INFO  safemode.SCMSafeModeManager (SCMSafeModeManager.java:validateSafeModeExitRules(214)) - ContainerSafeModeRule rule is successfully validated
2020-10-09 16:27:07,730 [EventQueue-NodeRegistrationContainerReportForDataNodeSafeModeRule] INFO  safemode.SCMSafeModeManager (SCMSafeModeManager.java:validateSafeModeExitRules(214)) - DataNodeSafeModeRule rule is successfully validated
2020-10-09 16:27:07,730 [RatisPipelineUtilsThread] INFO  pipeline.RatisPipelineProvider (RatisPipelineProvider.java:lambda$create$0(138)) - Sending CreatePipelineCommand for pipeline:PipelineID=1f28af54-2102-4421-8346-20664874fe6e to datanode:e27ecad8-c8c3-4bdb-8e56-23cf5ec81ff3
2020-10-09 16:27:07,730 [RatisPipelineUtilsThread] INFO  pipeline.PipelineStateManager (PipelineStateManager.java:addPipeline(54)) - Created pipeline Pipeline[ Id: 1f28af54-2102-4421-8346-20664874fe6e, Nodes: e27ecad8-c8c3-4bdb-8e56-23cf5ec81ff3{ip: 172.17.0.2, host: de266806e394, networkLocation: /default-rack, certSerialId: null}, Type:RATIS, Factor:ONE, State:ALLOCATED, leaderId:, CreationTimestamp2020-10-09T16:27:07.730Z]
2020-10-09 16:27:07,731 [RatisPipelineUtilsThread] WARN  pipeline.PipelinePlacementPolicy (PipelinePlacementPolicy.java:filterViableNodes(138)) - Pipeline creation failed due to no sufficient healthy datanodes. Required 3. Found 2.
2020-10-09 16:27:07,780 [Listener at 127.0.0.1/39485] INFO  ozone.MiniOzoneClusterImpl (MiniOzoneClusterImpl.java:lambda$waitForClusterToBeReady$0(177)) - Waiting for nodes to be ready. Got 2 of 7 DN Heartbeats.
2020-10-09 16:27:07,780 [Listener at 127.0.0.1/39485] INFO  ozone.MiniOzoneClusterImpl (MiniOzoneClusterImpl.java:lambda$waitForClusterToBeReady$0(180)) - Waiting for cluster to exit safe mode
2020-10-09 16:27:07,976 [IPC Server handler 4 on default port 44639] INFO  net.NetworkTopologyImpl (NetworkTopologyImpl.java:add(111)) - Added a new node: /default-rack/971ea0da-63f5-4acb-8c67-7c1bd783a005
2020-10-09 16:27:07,976 [IPC Server handler 4 on default port 44639] INFO  node.SCMNodeManager (SCMNodeManager.java:register(282)) - Registered Data node : 971ea0da-63f5-4acb-8c67-7c1bd783a005{ip: 172.17.0.2, host: de266806e394, networkLocation: /default-rack, certSerialId: null}
2020-10-09 16:27:07,976 [EventQueue-NodeRegistrationContainerReportForContainerSafeModeRule] INFO  safemode.SCMSafeModeManager (SCMSafeModeManager.java:validateSafeModeExitRules(214)) - ContainerSafeModeRule rule is successfully validated
2020-10-09 16:27:07,976 [EventQueue-NodeRegistrationContainerReportForDataNodeSafeModeRule] INFO  safemode.SCMSafeModeManager (SCMSafeModeManager.java:validateSafeModeExitRules(214)) - DataNodeSafeModeRule rule is successfully validated
2020-10-09 16:27:07,978 [RatisPipelineUtilsThread] INFO  pipeline.RatisPipelineProvider (RatisPipelineProvider.java:lambda$create$0(138)) - Sending CreatePipelineCommand for pipeline:PipelineID=751a2c45-bcaa-4724-b7c6-0f87e13491e8 to datanode:971ea0da-63f5-4acb-8c67-7c1bd783a005
2020-10-09 16:27:07,978 [RatisPipelineUtilsThread] INFO  pipeline.PipelineStateManager (PipelineStateManager.java:addPipeline(54)) - Created pipeline Pipeline[ Id: 751a2c45-bcaa-4724-b7c6-0f87e13491e8, Nodes: 971ea0da-63f5-4acb-8c67-7c1bd783a005{ip: 172.17.0.2, host: de266806e394, networkLocation: /default-rack, certSerialId: null}, Type:RATIS, Factor:ONE, State:ALLOCATED, leaderId:, CreationTimestamp2020-10-09T16:27:07.978Z]
2020-10-09 16:27:07,978 [RatisPipelineUtilsThread] INFO  pipeline.RatisPipelineProvider (RatisPipelineProvider.java:lambda$create$0(138)) - Sending CreatePipelineCommand for pipeline:PipelineID=2f7f8ffa-1739-4262-bec8-fe3fb79e145e to datanode:971ea0da-63f5-4acb-8c67-7c1bd783a005
2020-10-09 16:27:07,978 [RatisPipelineUtilsThread] INFO  pipeline.RatisPipelineProvider (RatisPipelineProvider.java:lambda$create$0(138)) - Sending CreatePipelineCommand for pipeline:PipelineID=2f7f8ffa-1739-4262-bec8-fe3fb79e145e to datanode:6a499dda-a250-4daa-aa17-9ec32443242a
2020-10-09 16:27:07,978 [RatisPipelineUtilsThread] INFO  pipeline.RatisPipelineProvider (RatisPipelineProvider.java:lambda$create$0(138)) - Sending CreatePipelineCommand for pipeline:PipelineID=2f7f8ffa-1739-4262-bec8-fe3fb79e145e to datanode:e27ecad8-c8c3-4bdb-8e56-23cf5ec81ff3
2020-10-09 16:27:07,979 [RatisPipelineUtilsThread] INFO  pipeline.PipelineStateManager (PipelineStateManager.java:addPipeline(54)) - Created pipeline Pipeline[ Id: 2f7f8ffa-1739-4262-bec8-fe3fb79e145e, Nodes: 971ea0da-63f5-4acb-8c67-7c1bd783a005{ip: 172.17.0.2, host: de266806e394, networkLocation: /default-rack, certSerialId: null}6a499dda-a250-4daa-aa17-9ec32443242a{ip: 172.17.0.2, host: de266806e394, networkLocation: /default-rack, certSerialId: null}e27ecad8-c8c3-4bdb-8e56-23cf5ec81ff3{ip: 172.17.0.2, host: de266806e394, networkLocation: /default-rack, certSerialId: null}, Type:RATIS, Factor:THREE, State:ALLOCATED, leaderId:, CreationTimestamp2020-10-09T16:27:07.978Z]
2020-10-09 16:27:08,176 [IPC Server handler 1 on default port 44639] INFO  net.NetworkTopologyImpl (NetworkTopologyImpl.java:add(111)) - Added a new node: /default-rack/8a7ec526-2919-4356-824f-0c9004393949
2020-10-09 16:27:08,176 [IPC Server handler 1 on default port 44639] INFO  node.SCMNodeManager (SCMNodeManager.java:register(282)) - Registered Data node : 8a7ec526-2919-4356-824f-0c9004393949{ip: 172.17.0.2, host: de266806e394, networkLocation: /default-rack, certSerialId: null}
2020-10-09 16:27:08,177 [EventQueue-NodeRegistrationContainerReportForContainerSafeModeRule] INFO  safemode.SCMSafeModeManager (SCMSafeModeManager.java:validateSafeModeExitRules(214)) - ContainerSafeModeRule rule is successfully validated
2020-10-09 16:27:08,178 [EventQueue-NodeRegistrationContainerReportForDataNodeSafeModeRule] INFO  safemode.SCMSafeModeManager (SCMSafeModeManager.java:validateSafeModeExitRules(214)) - DataNodeSafeModeRule rule is successfully validated
2020-10-09 16:27:08,178 [RatisPipelineUtilsThread] INFO  pipeline.RatisPipelineProvider (RatisPipelineProvider.java:lambda$create$0(138)) - Sending CreatePipelineCommand for pipeline:PipelineID=4552e9d3-6a06-4dfe-8a1b-aa85cd6789dc to datanode:8a7ec526-2919-4356-824f-0c9004393949
2020-10-09 16:27:08,178 [RatisPipelineUtilsThread] INFO  pipeline.PipelineStateManager (PipelineStateManager.java:addPipeline(54)) - Created pipeline Pipeline[ Id: 4552e9d3-6a06-4dfe-8a1b-aa85cd6789dc, Nodes: 8a7ec526-2919-4356-824f-0c9004393949{ip: 172.17.0.2, host: de266806e394, networkLocation: /default-rack, certSerialId: null}, Type:RATIS, Factor:ONE, State:ALLOCATED, leaderId:, CreationTimestamp2020-10-09T16:27:08.178Z]
2020-10-09 16:27:08,408 [IPC Server handler 2 on default port 44639] INFO  net.NetworkTopologyImpl (NetworkTopologyImpl.java:add(111)) - Added a new node: /default-rack/b7ae438d-d84f-4f04-b6fa-052f047e56a0
2020-10-09 16:27:08,408 [IPC Server handler 2 on default port 44639] INFO  node.SCMNodeManager (SCMNodeManager.java:register(282)) - Registered Data node : b7ae438d-d84f-4f04-b6fa-052f047e56a0{ip: 172.17.0.2, host: de266806e394, networkLocation: /default-rack, certSerialId: null}
2020-10-09 16:27:08,408 [EventQueue-NodeRegistrationContainerReportForContainerSafeModeRule] INFO  safemode.SCMSafeModeManager (SCMSafeModeManager.java:validateSafeModeExitRules(214)) - ContainerSafeModeRule rule is successfully validated
2020-10-09 16:27:08,408 [EventQueue-NodeRegistrationContainerReportForDataNodeSafeModeRule] INFO  safemode.SCMSafeModeManager (SCMSafeModeManager.java:validateSafeModeExitRules(214)) - DataNodeSafeModeRule rule is successfully validated
2020-10-09 16:27:08,409 [RatisPipelineUtilsThread] INFO  pipeline.RatisPipelineProvider (RatisPipelineProvider.java:lambda$create$0(138)) - Sending CreatePipelineCommand for pipeline:PipelineID=e4925e36-b5fc-4770-b42d-d97833f46bf3 to datanode:b7ae438d-d84f-4f04-b6fa-052f047e56a0
2020-10-09 16:27:08,409 [RatisPipelineUtilsThread] INFO  pipeline.PipelineStateManager (PipelineStateManager.java:addPipeline(54)) - Created pipeline Pipeline[ Id: e4925e36-b5fc-4770-b42d-d97833f46bf3, Nodes: b7ae438d-d84f-4f04-b6fa-052f047e56a0{ip: 172.17.0.2, host: de266806e394, networkLocation: /default-rack, certSerialId: null}, Type:RATIS, Factor:ONE, State:ALLOCATED, leaderId:, CreationTimestamp2020-10-09T16:27:08.409Z]
2020-10-09 16:27:08,592 [IPC Server handler 3 on default port 44639] INFO  net.NetworkTopologyImpl (NetworkTopologyImpl.java:add(111)) - Added a new node: /default-rack/42f7c000-5a7c-41d7-b460-f0da582d6e91
2020-10-09 16:27:08,592 [IPC Server handler 3 on default port 44639] INFO  node.SCMNodeManager (SCMNodeManager.java:register(282)) - Registered Data node : 42f7c000-5a7c-41d7-b460-f0da582d6e91{ip: 172.17.0.2, host: de266806e394, networkLocation: /default-rack, certSerialId: null}
2020-10-09 16:27:08,592 [EventQueue-NodeRegistrationContainerReportForDataNodeSafeModeRule] INFO  safemode.SCMSafeModeManager (SCMSafeModeManager.java:validateSafeModeExitRules(214)) - DataNodeSafeModeRule rule is successfully validated
2020-10-09 16:27:08,593 [EventQueue-NodeRegistrationContainerReportForContainerSafeModeRule] INFO  safemode.SCMSafeModeManager (SCMSafeModeManager.java:validateSafeModeExitRules(214)) - ContainerSafeModeRule rule is successfully validated
2020-10-09 16:27:08,594 [RatisPipelineUtilsThread] INFO  pipeline.RatisPipelineProvider (RatisPipelineProvider.java:lambda$create$0(138)) - Sending CreatePipelineCommand for pipeline:PipelineID=60559bdb-f355-41f9-b3e6-16a4de4e1b31 to datanode:42f7c000-5a7c-41d7-b460-f0da582d6e91
2020-10-09 16:27:08,595 [RatisPipelineUtilsThread] INFO  pipeline.PipelineStateManager (PipelineStateManager.java:addPipeline(54)) - Created pipeline Pipeline[ Id: 60559bdb-f355-41f9-b3e6-16a4de4e1b31, Nodes: 42f7c000-5a7c-41d7-b460-f0da582d6e91{ip: 172.17.0.2, host: de266806e394, networkLocation: /default-rack, certSerialId: null}, Type:RATIS, Factor:ONE, State:ALLOCATED, leaderId:, CreationTimestamp2020-10-09T16:27:08.593Z]
2020-10-09 16:27:08,595 [RatisPipelineUtilsThread] INFO  pipeline.RatisPipelineProvider (RatisPipelineProvider.java:lambda$create$0(138)) - Sending CreatePipelineCommand for pipeline:PipelineID=8503b725-867c-4cb1-90e8-db9f3da368af to datanode:b7ae438d-d84f-4f04-b6fa-052f047e56a0
2020-10-09 16:27:08,595 [RatisPipelineUtilsThread] INFO  pipeline.RatisPipelineProvider (RatisPipelineProvider.java:lambda$create$0(138)) - Sending CreatePipelineCommand for pipeline:PipelineID=8503b725-867c-4cb1-90e8-db9f3da368af to datanode:8a7ec526-2919-4356-824f-0c9004393949
2020-10-09 16:27:08,595 [RatisPipelineUtilsThread] INFO  pipeline.RatisPipelineProvider (RatisPipelineProvider.java:lambda$create$0(138)) - Sending CreatePipelineCommand for pipeline:PipelineID=8503b725-867c-4cb1-90e8-db9f3da368af to datanode:42f7c000-5a7c-41d7-b460-f0da582d6e91
2020-10-09 16:27:08,596 [RatisPipelineUtilsThread] INFO  pipeline.PipelineStateManager (PipelineStateManager.java:addPipeline(54)) - Created pipeline Pipeline[ Id: 8503b725-867c-4cb1-90e8-db9f3da368af, Nodes: b7ae438d-d84f-4f04-b6fa-052f047e56a0{ip: 172.17.0.2, host: de266806e394, networkLocation: /default-rack, certSerialId: null}8a7ec526-2919-4356-824f-0c9004393949{ip: 172.17.0.2, host: de266806e394, networkLocation: /default-rack, certSerialId: null}42f7c000-5a7c-41d7-b460-f0da582d6e91{ip: 172.17.0.2, host: de266806e394, networkLocation: /default-rack, certSerialId: null}, Type:RATIS, Factor:THREE, State:ALLOCATED, leaderId:, CreationTimestamp2020-10-09T16:27:08.595Z]
2020-10-09 16:27:08,780 [Listener at 127.0.0.1/39485] INFO  ozone.MiniOzoneClusterImpl (MiniOzoneClusterImpl.java:lambda$waitForClusterToBeReady$0(177)) - Waiting for nodes to be ready. Got 6 of 7 DN Heartbeats.
2020-10-09 16:27:08,780 [Listener at 127.0.0.1/39485] INFO  ozone.MiniOzoneClusterImpl (MiniOzoneClusterImpl.java:lambda$waitForClusterToBeReady$0(180)) - Waiting for cluster to exit safe mode
2020-10-09 16:27:08,784 [IPC Server handler 4 on default port 44639] INFO  net.NetworkTopologyImpl (NetworkTopologyImpl.java:add(111)) - Added a new node: /default-rack/b161a03a-6ea2-4c37-959f-34fa307bd458
2020-10-09 16:27:08,784 [IPC Server handler 4 on default port 44639] INFO  node.SCMNodeManager (SCMNodeManager.java:register(282)) - Registered Data node : b161a03a-6ea2-4c37-959f-34fa307bd458{ip: 172.17.0.2, host: de266806e394, networkLocation: /default-rack, certSerialId: null}
2020-10-09 16:27:08,785 [EventQueue-NodeRegistrationContainerReportForContainerSafeModeRule] INFO  safemode.SCMSafeModeManager (SCMSafeModeManager.java:validateSafeModeExitRules(214)) - ContainerSafeModeRule rule is successfully validated
2020-10-09 16:27:08,785 [EventQueue-NodeRegistrationContainerReportForDataNodeSafeModeRule] INFO  safemode.SCMSafeModeManager (SCMSafeModeManager.java:validateSafeModeExitRules(214)) - DataNodeSafeModeRule rule is successfully validated
2020-10-09 16:27:08,785 [RatisPipelineUtilsThread] INFO  pipeline.RatisPipelineProvider (RatisPipelineProvider.java:lambda$create$0(138)) - Sending CreatePipelineCommand for pipeline:PipelineID=4a14f404-cc2d-4f76-b7fa-0be05241102e to datanode:b161a03a-6ea2-4c37-959f-34fa307bd458
2020-10-09 16:27:08,786 [RatisPipelineUtilsThread] INFO  pipeline.PipelineStateManager (PipelineStateManager.java:addPipeline(54)) - Created pipeline Pipeline[ Id: 4a14f404-cc2d-4f76-b7fa-0be05241102e, Nodes: b161a03a-6ea2-4c37-959f-34fa307bd458{ip: 172.17.0.2, host: de266806e394, networkLocation: /default-rack, certSerialId: null}, Type:RATIS, Factor:ONE, State:ALLOCATED, leaderId:, CreationTimestamp2020-10-09T16:27:08.785Z]
2020-10-09 16:27:09,780 [Listener at 127.0.0.1/39485] INFO  ozone.MiniOzoneClusterImpl (MiniOzoneClusterImpl.java:lambda$waitForClusterToBeReady$0(177)) - Nodes are ready. Got 7 of 7 DN Heartbeats.
2020-10-09 16:27:09,781 [Listener at 127.0.0.1/39485] INFO  ozone.MiniOzoneClusterImpl (MiniOzoneClusterImpl.java:lambda$waitForClusterToBeReady$0(180)) - Waiting for cluster to exit safe mode
2020-10-09 16:27:10,524 [Command processor thread] INFO  impl.RaftServerProxy (RaftServerProxy.java:addNew(92)) - 6a499dda-a250-4daa-aa17-9ec32443242a: addNew group-6881D1EBFFD7:[6a499dda-a250-4daa-aa17-9ec32443242a:172.17.0.2:37035:0] returns group-6881D1EBFFD7:java.util.concurrent.CompletableFuture@6900aef3[Not completed]
2020-10-09 16:27:10,526 [pool-168-thread-1] INFO  impl.RaftServerImpl (RaftServerImpl.java:<init>(120)) - 6a499dda-a250-4daa-aa17-9ec32443242a: new RaftServerImpl for group-6881D1EBFFD7:[6a499dda-a250-4daa-aa17-9ec32443242a:172.17.0.2:37035:0] with ContainerStateMachine:uninitialized
2020-10-09 16:27:10,527 [pool-168-thread-1] INFO  server.RaftServerConfigKeys (ConfUtils.java:logGet(44)) - raft.server.rpc.timeout.min = 5s (custom)
2020-10-09 16:27:10,527 [pool-168-thread-1] INFO  server.RaftServerConfigKeys (ConfUtils.java:logGet(44)) - raft.server.rpc.timeout.max = 5200ms (custom)
2020-10-09 16:27:10,527 [pool-168-thread-1] INFO  server.RaftServerConfigKeys (ConfUtils.java:logGet(44)) - raft.server.rpcslowness.timeout = 300s (custom)
2020-10-09 16:27:10,527 [pool-168-thread-1] INFO  server.RaftServerConfigKeys (ConfUtils.java:logGet(44)) - raft.server.sleep.deviation.threshold = 300 (default)
2020-10-09 16:27:10,527 [pool-168-thread-1] INFO  server.RaftServerConfigKeys (ConfUtils.java:logGet(44)) - raft.server.log.appender.install.snapshot.enabled = false (custom)
2020-10-09 16:27:10,527 [pool-168-thread-1] INFO  impl.RaftServerImpl (ServerState.java:<init>(104)) - 6a499dda-a250-4daa-aa17-9ec32443242a@group-6881D1EBFFD7: ConfigurationManager, init=-1: [6a499dda-a250-4daa-aa17-9ec32443242a:172.17.0.2:37035:0], old=null, confs=<EMPTY_MAP>
2020-10-09 16:27:10,527 [pool-168-thread-1] INFO  server.RaftServerConfigKeys (ConfUtils.java:logGet(44)) - raft.server.storage.dir = [/github/workspace/mnt/ozone/hadoop-ozone/integration-test/target/test-dir/MiniOzoneClusterImpl-c5028e9e-dbc6-4f7d-99b7-5a0387eddaa2/datanode-0/data/ratis] (custom)
2020-10-09 16:27:10,528 [pool-168-thread-1] INFO  server.RaftServerConfigKeys (ConfUtils.java:logGet(44)) - raft.server.log.corruption.policy = EXCEPTION (default)
2020-10-09 16:27:10,528 [pool-168-thread-1] INFO  storage.RaftStorageDirectory (RaftStorageDirectory.java:analyzeStorage(261)) - The storage directory /github/workspace/mnt/ozone/hadoop-ozone/integration-test/target/test-dir/MiniOzoneClusterImpl-c5028e9e-dbc6-4f7d-99b7-5a0387eddaa2/datanode-0/data/ratis/337ba552-c6bf-4882-a106-6881d1ebffd7 does not exist. Creating ...
2020-10-09 16:27:10,529 [pool-168-thread-1] INFO  storage.RaftStorageDirectory (RaftStorageDirectory.java:tryLock(343)) - Lock on /github/workspace/mnt/ozone/hadoop-ozone/integration-test/target/test-dir/MiniOzoneClusterImpl-c5028e9e-dbc6-4f7d-99b7-5a0387eddaa2/datanode-0/data/ratis/337ba552-c6bf-4882-a106-6881d1ebffd7/in_use.lock acquired by nodename 48307@de266806e394
2020-10-09 16:27:10,531 [pool-168-thread-1] INFO  storage.RaftStorage (RaftStorage.java:format(84)) - Storage directory /github/workspace/mnt/ozone/hadoop-ozone/integration-test/target/test-dir/MiniOzoneClusterImpl-c5028e9e-dbc6-4f7d-99b7-5a0387eddaa2/datanode-0/data/ratis/337ba552-c6bf-4882-a106-6881d1ebffd7 has been successfully formatted.
2020-10-09 16:27:10,532 [pool-168-thread-1] INFO  ratis.ContainerStateMachine (ContainerStateMachine.java:loadSnapshot(225)) - group-6881D1EBFFD7: The snapshot info is null. Setting the last applied indexto:(t:0, i:~)
2020-10-09 16:27:10,532 [pool-168-thread-1] INFO  server.RaftServerConfigKeys (ConfUtils.java:logGet(44)) - raft.server.notification.no-leader.timeout = 300s (custom)
2020-10-09 16:27:10,532 [pool-168-thread-1] INFO  server.RaftServerConfigKeys (ConfUtils.java:logGet(44)) - raft.server.log.use.memory = false (default)
2020-10-09 16:27:10,532 [pool-168-thread-1] INFO  server.RaftServerConfigKeys (ConfUtils.java:logGet(44)) - raft.server.log.purge.gap = 1000000 (custom)
2020-10-09 16:27:10,532 [pool-168-thread-1] INFO  metrics.RatisMetrics (RatisMetrics.java:lambda$create$0(36)) - Creating Metrics Registry : ratis.log_worker.6a499dda-a250-4daa-aa17-9ec32443242a@group-6881D1EBFFD7
2020-10-09 16:27:10,533 [EventQueue-PipelineReportForPipelineReportHandler] INFO  pipeline.PipelineStateManager (PipelineStateManager.java:openPipeline(131)) - Pipeline Pipeline[ Id: 337ba552-c6bf-4882-a106-6881d1ebffd7, Nodes: 6a499dda-a250-4daa-aa17-9ec32443242a{ip: 172.17.0.2, host: de266806e394, networkLocation: /default-rack, certSerialId: null}, Type:RATIS, Factor:ONE, State:ALLOCATED, leaderId:6a499dda-a250-4daa-aa17-9ec32443242a, CreationTimestamp2020-10-09T16:27:07.527Z] moved to OPEN state
2020-10-09 16:27:10,533 [pool-168-thread-1] INFO  server.RaftServerConfigKeys (ConfUtils.java:logGet(44)) - raft.server.log.appender.buffer.byte-limit = 33554432 (custom)
2020-10-09 16:27:10,534 [pool-168-thread-1] INFO  server.RaftServerConfigKeys (ConfUtils.java:logGet(44)) - raft.server.log.segment.size.max = 1048576 (custom)
2020-10-09 16:27:10,534 [EventQueue-OpenPipelineForOneReplicaPipelineSafeModeRule] INFO  safemode.SCMSafeModeManager (SCMSafeModeManager.java:validateSafeModeExitRules(214)) - AtleastOneDatanodeReportedRule rule is successfully validated
2020-10-09 16:27:10,534 [pool-168-thread-1] INFO  server.RaftServerConfigKeys (ConfUtils.java:logGet(44)) - raft.server.log.segment.cache.num.max = 2 (custom)
2020-10-09 16:27:10,534 [pool-168-thread-1] INFO  segmented.SegmentedRaftLogWorker (SegmentedRaftLogWorker.java:<init>(180)) - new 6a499dda-a250-4daa-aa17-9ec32443242a@group-6881D1EBFFD7-SegmentedRaftLogWorker for RaftStorage:Storage Directory /github/workspace/mnt/ozone/hadoop-ozone/integration-test/target/test-dir/MiniOzoneClusterImpl-c5028e9e-dbc6-4f7d-99b7-5a0387eddaa2/datanode-0/data/ratis/337ba552-c6bf-4882-a106-6881d1ebffd7
2020-10-09 16:27:10,535 [pool-168-thread-1] INFO  server.RaftServerConfigKeys (ConfUtils.java:logGet(44)) - raft.server.log.queue.byte-limit = 2147483647 (custom)
2020-10-09 16:27:10,535 [pool-168-thread-1] INFO  server.RaftServerConfigKeys (ConfUtils.java:logGet(44)) - raft.server.log.queue.element-limit = 1024 (custom)
2020-10-09 16:27:10,535 [pool-168-thread-1] INFO  server.RaftServerConfigKeys (ConfUtils.java:logGet(44)) - raft.server.log.segment.size.max = 1048576 (custom)
2020-10-09 16:27:10,535 [pool-168-thread-1] INFO  server.RaftServerConfigKeys (ConfUtils.java:logGet(44)) - raft.server.log.preallocated.size = 16384 (custom)
2020-10-09 16:27:10,535 [pool-168-thread-1] INFO  server.RaftServerConfigKeys (ConfUtils.java:logGet(44)) - raft.server.log.write.buffer.size = 1048576 (custom)
2020-10-09 16:27:10,535 [pool-168-thread-1] INFO  server.RaftServerConfigKeys (ConfUtils.java:logGet(44)) - raft.server.log.force.sync.num = 128 (default)
2020-10-09 16:27:10,535 [pool-168-thread-1] INFO  server.RaftServerConfigKeys (ConfUtils.java:logGet(44)) - raft.server.log.statemachine.data.sync = true (default)
2020-10-09 16:27:10,535 [pool-168-thread-1] INFO  server.RaftServerConfigKeys (ConfUtils.java:logGet(44)) - raft.server.log.statemachine.data.sync.timeout = 10s (default)
2020-10-09 16:27:10,535 [pool-168-thread-1] INFO  server.RaftServerConfigKeys (ConfUtils.java:logGet(44)) - raft.server.log.statemachine.data.sync.timeout.retry = -1 (default)
2020-10-09 16:27:10,537 [pool-168-thread-1] INFO  server.RaftServerConfigKeys (ConfUtils.java:logGet(44)) - raft.server.log.statemachine.data.caching.enabled = true (custom)
2020-10-09 16:27:10,537 [pool-168-thread-1] INFO  segmented.SegmentedRaftLogWorker (SegmentedRaftLogWorker.java:lambda$new$0(129)) - 6a499dda-a250-4daa-aa17-9ec32443242a@group-6881D1EBFFD7-SegmentedRaftLogWorker: flushIndex: setUnconditionally 0 -> -1
2020-10-09 16:27:10,537 [pool-168-thread-1] INFO  segmented.SegmentedRaftLogWorker (SegmentedRaftLogWorker.java:lambda$new$0(129)) - 6a499dda-a250-4daa-aa17-9ec32443242a@group-6881D1EBFFD7-SegmentedRaftLogWorker: safeCacheEvictIndex: setUnconditionally 0 -> -1
2020-10-09 16:27:10,537 [EventQueue-OpenPipelineForHealthyPipelineSafeModeRule] INFO  safemode.SCMSafeModeManager (HealthyPipelineSafeModeRule.java:process(129)) - SCM in safe mode. Healthy pipelines reported count is 0, required healthy pipeline reported count is 1
2020-10-09 16:27:10,537 [pool-168-thread-1] INFO  server.RaftServerConfigKeys (ConfUtils.java:logGet(44)) - raft.server.snapshot.auto.trigger.enabled = true (custom)
2020-10-09 16:27:10,538 [pool-168-thread-1] INFO  server.RaftServerConfigKeys (ConfUtils.java:logGet(44)) - raft.server.snapshot.auto.trigger.threshold = 10000 (custom)
2020-10-09 16:27:10,538 [pool-168-thread-1] INFO  server.RaftServerConfigKeys (ConfUtils.java:logGet(44)) - raft.server.snapshot.retention.file.num = 5 (custom)
2020-10-09 16:27:10,538 [pool-168-thread-1] INFO  server.RaftServerConfigKeys (ConfUtils.java:logGet(44)) - raft.server.log.purge.upto.snapshot.index = false (default)
2020-10-09 16:27:10,538 [pool-168-thread-1] INFO  server.RaftServerConfigKeys (ConfUtils.java:logGet(44)) - raft.server.retrycache.expirytime = 600000ms (custom)
2020-10-09 16:27:10,538 [pool-168-thread-1] INFO  metrics.RatisMetrics (RatisMetrics.java:lambda$create$0(36)) - Creating Metrics Registry : ratis.leader_election.6a499dda-a250-4daa-aa17-9ec32443242a@group-6881D1EBFFD7
2020-10-09 16:27:10,538 [pool-168-thread-1] INFO  metrics.RatisMetrics (RatisMetrics.java:lambda$create$0(36)) - Creating Metrics Registry : ratis.server.6a499dda-a250-4daa-aa17-9ec32443242a@group-6881D1EBFFD7
2020-10-09 16:27:10,540 [pool-168-thread-1] INFO  impl.RaftServerImpl (RaftServerImpl.java:start(209)) - 6a499dda-a250-4daa-aa17-9ec32443242a@group-6881D1EBFFD7: start as a follower, conf=-1: [6a499dda-a250-4daa-aa17-9ec32443242a:172.17.0.2:37035:0], old=null
2020-10-09 16:27:10,540 [pool-168-thread-1] INFO  impl.RaftServerImpl (RaftServerImpl.java:setRole(198)) - 6a499dda-a250-4daa-aa17-9ec32443242a@group-6881D1EBFFD7: changes role from      null to FOLLOWER at term 0 for startAsFollower
2020-10-09 16:27:10,540 [pool-168-thread-1] INFO  impl.RoleInfo (RoleInfo.java:updateAndGet(143)) - 6a499dda-a250-4daa-aa17-9ec32443242a: start FollowerState
2020-10-09 16:27:10,540 [pool-168-thread-1] INFO  util.JmxRegister (JmxRegister.java:tryRegister(44)) - Successfully registered JMX Bean with object name Ratis:service=RaftServer,group=group-6881D1EBFFD7,id=6a499dda-a250-4daa-aa17-9ec32443242a
2020-10-09 16:27:10,540 [pool-168-thread-1] INFO  metrics.RatisMetrics (RatisMetrics.java:lambda$create$0(36)) - Creating Metrics Registry : ratis.state_machine.6a499dda-a250-4daa-aa17-9ec32443242a@group-6881D1EBFFD7
2020-10-09 16:27:10,544 [Command processor thread] INFO  commandhandler.CreatePipelineCommandHandler (CreatePipelineCommandHandler.java:handle(110)) - Created Pipeline RATIS ONE #id: "337ba552-c6bf-4882-a106-6881d1ebffd7"
uuid128 {
  mostSigBits: 3709740493010061442
  leastSigBits: -6843667676960915497
}
.
2020-10-09 16:27:10,544 [Command processor thread] INFO  impl.RaftServerProxy (RaftServerProxy.java:addNew(92)) - 6a499dda-a250-4daa-aa17-9ec32443242a: addNew group-FE3FB79E145E:[6a499dda-a250-4daa-aa17-9ec32443242a:172.17.0.2:37035:0, e27ecad8-c8c3-4bdb-8e56-23cf5ec81ff3:172.17.0.2:34435:0, 971ea0da-63f5-4acb-8c67-7c1bd783a005:172.17.0.2:43703:0] returns group-FE3FB79E145E:java.util.concurrent.CompletableFuture@6d3f270b[Not completed]
2020-10-09 16:27:10,545 [pool-168-thread-1] INFO  impl.RaftServerImpl (RaftServerImpl.java:<init>(120)) - 6a499dda-a250-4daa-aa17-9ec32443242a: new RaftServerImpl for group-FE3FB79E145E:[6a499dda-a250-4daa-aa17-9ec32443242a:172.17.0.2:37035:0, e27ecad8-c8c3-4bdb-8e56-23cf5ec81ff3:172.17.0.2:34435:0, 971ea0da-63f5-4acb-8c67-7c1bd783a005:172.17.0.2:43703:0] with ContainerStateMachine:uninitialized
2020-10-09 16:27:10,546 [pool-168-thread-1] INFO  server.RaftServerConfigKeys (ConfUtils.java:logGet(44)) - raft.server.rpc.timeout.min = 5s (custom)
2020-10-09 16:27:10,546 [pool-168-thread-1] INFO  server.RaftServerConfigKeys (ConfUtils.java:logGet(44)) - raft.server.rpc.timeout.max = 5200ms (custom)
2020-10-09 16:27:10,546 [pool-168-thread-1] INFO  server.RaftServerConfigKeys (ConfUtils.java:logGet(44)) - raft.server.rpcslowness.timeout = 300s (custom)
2020-10-09 16:27:10,546 [pool-168-thread-1] INFO  server.RaftServerConfigKeys (ConfUtils.java:logGet(44)) - raft.server.sleep.deviation.threshold = 300 (default)
2020-10-09 16:27:10,546 [pool-168-thread-1] INFO  server.RaftServerConfigKeys (ConfUtils.java:logGet(44)) - raft.server.log.appender.install.snapshot.enabled = false (custom)
2020-10-09 16:27:10,546 [pool-168-thread-1] INFO  impl.RaftServerImpl (ServerState.java:<init>(104)) - 6a499dda-a250-4daa-aa17-9ec32443242a@group-FE3FB79E145E: ConfigurationManager, init=-1: [6a499dda-a250-4daa-aa17-9ec32443242a:172.17.0.2:37035:0, e27ecad8-c8c3-4bdb-8e56-23cf5ec81ff3:172.17.0.2:34435:0, 971ea0da-63f5-4acb-8c67-7c1bd783a005:172.17.0.2:43703:0], old=null, confs=<EMPTY_MAP>
2020-10-09 16:27:10,546 [pool-168-thread-1] INFO  server.RaftServerConfigKeys (ConfUtils.java:logGet(44)) - raft.server.storage.dir = [/github/workspace/mnt/ozone/hadoop-ozone/integration-test/target/test-dir/MiniOzoneClusterImpl-c5028e9e-dbc6-4f7d-99b7-5a0387eddaa2/datanode-0/data/ratis] (custom)
2020-10-09 16:27:10,546 [pool-168-thread-1] INFO  server.RaftServerConfigKeys (ConfUtils.java:logGet(44)) - raft.server.log.corruption.policy = EXCEPTION (default)
2020-10-09 16:27:10,546 [pool-168-thread-1] INFO  storage.RaftStorageDirectory (RaftStorageDirectory.java:analyzeStorage(261)) - The storage directory /github/workspace/mnt/ozone/hadoop-ozone/integration-test/target/test-dir/MiniOzoneClusterImpl-c5028e9e-dbc6-4f7d-99b7-5a0387eddaa2/datanode-0/data/ratis/2f7f8ffa-1739-4262-bec8-fe3fb79e145e does not exist. Creating ...
2020-10-09 16:27:10,547 [pool-168-thread-1] INFO  storage.RaftStorageDirectory (RaftStorageDirectory.java:tryLock(343)) - Lock on /github/workspace/mnt/ozone/hadoop-ozone/integration-test/target/test-dir/MiniOzoneClusterImpl-c5028e9e-dbc6-4f7d-99b7-5a0387eddaa2/datanode-0/data/ratis/2f7f8ffa-1739-4262-bec8-fe3fb79e145e/in_use.lock acquired by nodename 48307@de266806e394
2020-10-09 16:27:10,549 [pool-168-thread-1] INFO  storage.RaftStorage (RaftStorage.java:format(84)) - Storage directory /github/workspace/mnt/ozone/hadoop-ozone/integration-test/target/test-dir/MiniOzoneClusterImpl-c5028e9e-dbc6-4f7d-99b7-5a0387eddaa2/datanode-0/data/ratis/2f7f8ffa-1739-4262-bec8-fe3fb79e145e has been successfully formatted.
2020-10-09 16:27:10,549 [pool-168-thread-1] INFO  ratis.ContainerStateMachine (ContainerStateMachine.java:loadSnapshot(225)) - group-FE3FB79E145E: The snapshot info is null. Setting the last applied indexto:(t:0, i:~)
2020-10-09 16:27:10,549 [pool-168-thread-1] INFO  server.RaftServerConfigKeys (ConfUtils.java:logGet(44)) - raft.server.notification.no-leader.timeout = 300s (custom)
2020-10-09 16:27:10,550 [pool-168-thread-1] INFO  server.RaftServerConfigKeys (ConfUtils.java:logGet(44)) - raft.server.log.use.memory = false (default)
2020-10-09 16:27:10,550 [pool-168-thread-1] INFO  server.RaftServerConfigKeys (ConfUtils.java:logGet(44)) - raft.server.log.purge.gap = 1000000 (custom)
2020-10-09 16:27:10,550 [pool-168-thread-1] INFO  metrics.RatisMetrics (RatisMetrics.java:lambda$create$0(36)) - Creating Metrics Registry : ratis.log_worker.6a499dda-a250-4daa-aa17-9ec32443242a@group-FE3FB79E145E
2020-10-09 16:27:10,550 [pool-168-thread-1] INFO  server.RaftServerConfigKeys (ConfUtils.java:logGet(44)) - raft.server.log.appender.buffer.byte-limit = 33554432 (custom)
2020-10-09 16:27:10,550 [pool-168-thread-1] INFO  server.RaftServerConfigKeys (ConfUtils.java:logGet(44)) - raft.server.log.segment.size.max = 1048576 (custom)
2020-10-09 16:27:10,551 [pool-168-thread-1] INFO  server.RaftServerConfigKeys (ConfUtils.java:logGet(44)) - raft.server.log.segment.cache.num.max = 2 (custom)
2020-10-09 16:27:10,551 [pool-168-thread-1] INFO  segmented.SegmentedRaftLogWorker (SegmentedRaftLogWorker.java:<init>(180)) - new 6a499dda-a250-4daa-aa17-9ec32443242a@group-FE3FB79E145E-SegmentedRaftLogWorker for RaftStorage:Storage Directory /github/workspace/mnt/ozone/hadoop-ozone/integration-test/target/test-dir/MiniOzoneClusterImpl-c5028e9e-dbc6-4f7d-99b7-5a0387eddaa2/datanode-0/data/ratis/2f7f8ffa-1739-4262-bec8-fe3fb79e145e
2020-10-09 16:27:10,551 [pool-168-thread-1] INFO  server.RaftServerConfigKeys (ConfUtils.java:logGet(44)) - raft.server.log.queue.byte-limit = 2147483647 (custom)
2020-10-09 16:27:10,551 [pool-168-thread-1] INFO  server.RaftServerConfigKeys (ConfUtils.java:logGet(44)) - raft.server.log.queue.element-limit = 1024 (custom)
2020-10-09 16:27:10,552 [pool-168-thread-1] INFO  server.RaftServerConfigKeys (ConfUtils.java:logGet(44)) - raft.server.log.segment.size.max = 1048576 (custom)
2020-10-09 16:27:10,552 [pool-168-thread-1] INFO  server.RaftServerConfigKeys (ConfUtils.java:logGet(44)) - raft.server.log.preallocated.size = 16384 (custom)
2020-10-09 16:27:10,552 [pool-168-thread-1] INFO  server.RaftServerConfigKeys (ConfUtils.java:logGet(44)) - raft.server.log.write.buffer.size = 1048576 (custom)
2020-10-09 16:27:10,552 [pool-168-thread-1] INFO  server.RaftServerConfigKeys (ConfUtils.java:logGet(44)) - raft.server.log.force.sync.num = 128 (default)
2020-10-09 16:27:10,552 [pool-168-thread-1] INFO  server.RaftServerConfigKeys (ConfUtils.java:logGet(44)) - raft.server.log.statemachine.data.sync = true (default)
2020-10-09 16:27:10,552 [pool-168-thread-1] INFO  server.RaftServerConfigKeys (ConfUtils.java:logGet(44)) - raft.server.log.statemachine.data.sync.timeout = 10s (default)
2020-10-09 16:27:10,552 [pool-168-thread-1] INFO  server.RaftServerConfigKeys (ConfUtils.java:logGet(44)) - raft.server.log.statemachine.data.sync.timeout.retry = -1 (default)
2020-10-09 16:27:10,554 [pool-168-thread-1] INFO  server.RaftServerConfigKeys (ConfUtils.java:logGet(44)) - raft.server.log.statemachine.data.caching.enabled = true (custom)
2020-10-09 16:27:10,554 [pool-168-thread-1] INFO  segmented.SegmentedRaftLogWorker (SegmentedRaftLogWorker.java:lambda$new$0(129)) - 6a499dda-a250-4daa-aa17-9ec32443242a@group-FE3FB79E145E-SegmentedRaftLogWorker: flushIndex: setUnconditionally 0 -> -1
2020-10-09 16:27:10,554 [pool-168-thread-1] INFO  segmented.SegmentedRaftLogWorker (SegmentedRaftLogWorker.java:lambda$new$0(129)) - 6a499dda-a250-4daa-aa17-9ec32443242a@group-FE3FB79E145E-SegmentedRaftLogWorker: safeCacheEvictIndex: setUnconditionally 0 -> -1
2020-10-09 16:27:10,555 [pool-168-thread-1] INFO  server.RaftServerConfigKeys (ConfUtils.java:logGet(44)) - raft.server.snapshot.auto.trigger.enabled = true (custom)
2020-10-09 16:27:10,555 [pool-168-thread-1] INFO  server.RaftServerConfigKeys (ConfUtils.java:logGet(44)) - raft.server.snapshot.auto.trigger.threshold = 10000 (custom)
2020-10-09 16:27:10,555 [pool-168-thread-1] INFO  server.RaftServerConfigKeys (ConfUtils.java:logGet(44)) - raft.server.snapshot.retention.file.num = 5 (custom)
2020-10-09 16:27:10,555 [pool-168-thread-1] INFO  server.RaftServerConfigKeys (ConfUtils.java:logGet(44)) - raft.server.log.purge.upto.snapshot.index = false (default)
2020-10-09 16:27:10,555 [pool-168-thread-1] INFO  server.RaftServerConfigKeys (ConfUtils.java:logGet(44)) - raft.server.retrycache.expirytime = 600000ms (custom)
2020-10-09 16:27:10,555 [pool-168-thread-1] INFO  metrics.RatisMetrics (RatisMetrics.java:lambda$create$0(36)) - Creating Metrics Registry : ratis.leader_election.6a499dda-a250-4daa-aa17-9ec32443242a@group-FE3FB79E145E
2020-10-09 16:27:10,555 [pool-168-thread-1] INFO  metrics.RatisMetrics (RatisMetrics.java:lambda$create$0(36)) - Creating Metrics Registry : ratis.server.6a499dda-a250-4daa-aa17-9ec32443242a@group-FE3FB79E145E
2020-10-09 16:27:10,557 [pool-168-thread-1] INFO  impl.RaftServerImpl (RaftServerImpl.java:start(209)) - 6a499dda-a250-4daa-aa17-9ec32443242a@group-FE3FB79E145E: start as a follower, conf=-1: [6a499dda-a250-4daa-aa17-9ec32443242a:172.17.0.2:37035:0, e27ecad8-c8c3-4bdb-8e56-23cf5ec81ff3:172.17.0.2:34435:0, 971ea0da-63f5-4acb-8c67-7c1bd783a005:172.17.0.2:43703:0], old=null
2020-10-09 16:27:10,557 [pool-168-thread-1] INFO  impl.RaftServerImpl (RaftServerImpl.java:setRole(198)) - 6a499dda-a250-4daa-aa17-9ec32443242a@group-FE3FB79E145E: changes role from      null to FOLLOWER at term 0 for startAsFollower
2020-10-09 16:27:10,557 [pool-168-thread-1] INFO  impl.RoleInfo (RoleInfo.java:updateAndGet(143)) - 6a499dda-a250-4daa-aa17-9ec32443242a: start FollowerState
2020-10-09 16:27:10,562 [pool-168-thread-1] INFO  util.JmxRegister (JmxRegister.java:tryRegister(44)) - Successfully registered JMX Bean with object name Ratis:service=RaftServer,group=group-FE3FB79E145E,id=6a499dda-a250-4daa-aa17-9ec32443242a
2020-10-09 16:27:10,562 [pool-168-thread-1] INFO  metrics.RatisMetrics (RatisMetrics.java:lambda$create$0(36)) - Creating Metrics Registry : ratis.state_machine.6a499dda-a250-4daa-aa17-9ec32443242a@group-FE3FB79E145E
2020-10-09 16:27:10,564 [Command processor thread] INFO  metrics.RatisMetrics (RatisMetrics.java:lambda$create$0(36)) - Creating Metrics Registry : ratis.client_message_metrics.client-599146666751->971ea0da-63f5-4acb-8c67-7c1bd783a005
2020-10-09 16:27:10,569 [grpc-default-executor-3] INFO  metrics.RatisMetrics (RatisMetrics.java:lambda$create$0(36)) - Creating Metrics Registry : ratis.server_message_metrics.971ea0da-63f5-4acb-8c67-7c1bd783a005
2020-10-09 16:27:10,572 [grpc-default-executor-3] INFO  impl.RaftServerProxy (RaftServerProxy.java:addNew(92)) - 971ea0da-63f5-4acb-8c67-7c1bd783a005: addNew group-FE3FB79E145E:[6a499dda-a250-4daa-aa17-9ec32443242a:172.17.0.2:37035:0, e27ecad8-c8c3-4bdb-8e56-23cf5ec81ff3:172.17.0.2:34435:0, 971ea0da-63f5-4acb-8c67-7c1bd783a005:172.17.0.2:43703:0] returns group-FE3FB79E145E:java.util.concurrent.CompletableFuture@5536ff41[Not completed]
2020-10-09 16:27:10,574 [pool-198-thread-1] INFO  impl.RaftServerImpl (RaftServerImpl.java:<init>(120)) - 971ea0da-63f5-4acb-8c67-7c1bd783a005: new RaftServerImpl for group-FE3FB79E145E:[6a499dda-a250-4daa-aa17-9ec32443242a:172.17.0.2:37035:0, e27ecad8-c8c3-4bdb-8e56-23cf5ec81ff3:172.17.0.2:34435:0, 971ea0da-63f5-4acb-8c67-7c1bd783a005:172.17.0.2:43703:0] with ContainerStateMachine:uninitialized
2020-10-09 16:27:10,575 [pool-198-thread-1] INFO  server.RaftServerConfigKeys (ConfUtils.java:logGet(44)) - raft.server.rpc.timeout.min = 5s (custom)
2020-10-09 16:27:10,575 [pool-198-thread-1] INFO  server.RaftServerConfigKeys (ConfUtils.java:logGet(44)) - raft.server.rpc.timeout.max = 5200ms (custom)
2020-10-09 16:27:10,575 [pool-198-thread-1] INFO  server.RaftServerConfigKeys (ConfUtils.java:logGet(44)) - raft.server.rpcslowness.timeout = 300s (custom)
2020-10-09 16:27:10,575 [pool-198-thread-1] INFO  server.RaftServerConfigKeys (ConfUtils.java:logGet(44)) - raft.server.sleep.deviation.threshold = 300 (default)
2020-10-09 16:27:10,575 [pool-198-thread-1] INFO  server.RaftServerConfigKeys (ConfUtils.java:logGet(44)) - raft.server.log.appender.install.snapshot.enabled = false (custom)
2020-10-09 16:27:10,575 [pool-198-thread-1] INFO  impl.RaftServerImpl (ServerState.java:<init>(104)) - 971ea0da-63f5-4acb-8c67-7c1bd783a005@group-FE3FB79E145E: ConfigurationManager, init=-1: [6a499dda-a250-4daa-aa17-9ec32443242a:172.17.0.2:37035:0, e27ecad8-c8c3-4bdb-8e56-23cf5ec81ff3:172.17.0.2:34435:0, 971ea0da-63f5-4acb-8c67-7c1bd783a005:172.17.0.2:43703:0], old=null, confs=<EMPTY_MAP>
2020-10-09 16:27:10,575 [pool-198-thread-1] INFO  server.RaftServerConfigKeys (ConfUtils.java:logGet(44)) - raft.server.storage.dir = [/github/workspace/mnt/ozone/hadoop-ozone/integration-test/target/test-dir/MiniOzoneClusterImpl-c5028e9e-dbc6-4f7d-99b7-5a0387eddaa2/datanode-2/data/ratis] (custom)
2020-10-09 16:27:10,576 [pool-198-thread-1] INFO  server.RaftServerConfigKeys (ConfUtils.java:logGet(44)) - raft.server.log.corruption.policy = EXCEPTION (default)
2020-10-09 16:27:10,576 [pool-198-thread-1] INFO  storage.RaftStorageDirectory (RaftStorageDirectory.java:analyzeStorage(261)) - The storage directory /github/workspace/mnt/ozone/hadoop-ozone/integration-test/target/test-dir/MiniOzoneClusterImpl-c5028e9e-dbc6-4f7d-99b7-5a0387eddaa2/datanode-2/data/ratis/2f7f8ffa-1739-4262-bec8-fe3fb79e145e does not exist. Creating ...
2020-10-09 16:27:10,578 [pool-198-thread-1] INFO  storage.RaftStorageDirectory (RaftStorageDirectory.java:tryLock(343)) - Lock on /github/workspace/mnt/ozone/hadoop-ozone/integration-test/target/test-dir/MiniOzoneClusterImpl-c5028e9e-dbc6-4f7d-99b7-5a0387eddaa2/datanode-2/data/ratis/2f7f8ffa-1739-4262-bec8-fe3fb79e145e/in_use.lock acquired by nodename 48307@de266806e394
2020-10-09 16:27:10,579 [pool-198-thread-1] INFO  storage.RaftStorage (RaftStorage.java:format(84)) - Storage directory /github/workspace/mnt/ozone/hadoop-ozone/integration-test/target/test-dir/MiniOzoneClusterImpl-c5028e9e-dbc6-4f7d-99b7-5a0387eddaa2/datanode-2/data/ratis/2f7f8ffa-1739-4262-bec8-fe3fb79e145e has been successfully formatted.
2020-10-09 16:27:10,581 [pool-198-thread-1] INFO  ratis.ContainerStateMachine (ContainerStateMachine.java:loadSnapshot(225)) - group-FE3FB79E145E: The snapshot info is null. Setting the last applied indexto:(t:0, i:~)
2020-10-09 16:27:10,584 [pool-198-thread-1] INFO  server.RaftServerConfigKeys (ConfUtils.java:logGet(44)) - raft.server.notification.no-leader.timeout = 300s (custom)
2020-10-09 16:27:10,584 [pool-198-thread-1] INFO  server.RaftServerConfigKeys (ConfUtils.java:logGet(44)) - raft.server.log.use.memory = false (default)
2020-10-09 16:27:10,585 [pool-198-thread-1] INFO  server.RaftServerConfigKeys (ConfUtils.java:logGet(44)) - raft.server.log.purge.gap = 1000000 (custom)
2020-10-09 16:27:10,585 [pool-198-thread-1] INFO  metrics.RatisMetrics (RatisMetrics.java:lambda$create$0(36)) - Creating Metrics Registry : ratis.log_worker.971ea0da-63f5-4acb-8c67-7c1bd783a005@group-FE3FB79E145E
2020-10-09 16:27:10,585 [pool-198-thread-1] INFO  server.RaftServerConfigKeys (ConfUtils.java:logGet(44)) - raft.server.log.appender.buffer.byte-limit = 33554432 (custom)
2020-10-09 16:27:10,585 [pool-198-thread-1] INFO  server.RaftServerConfigKeys (ConfUtils.java:logGet(44)) - raft.server.log.segment.size.max = 1048576 (custom)
2020-10-09 16:27:10,586 [pool-198-thread-1] INFO  server.RaftServerConfigKeys (ConfUtils.java:logGet(44)) - raft.server.log.segment.cache.num.max = 2 (custom)
2020-10-09 16:27:10,586 [pool-198-thread-1] INFO  segmented.SegmentedRaftLogWorker (SegmentedRaftLogWorker.java:<init>(180)) - new 971ea0da-63f5-4acb-8c67-7c1bd783a005@group-FE3FB79E145E-SegmentedRaftLogWorker for RaftStorage:Storage Directory /github/workspace/mnt/ozone/hadoop-ozone/integration-test/target/test-dir/MiniOzoneClusterImpl-c5028e9e-dbc6-4f7d-99b7-5a0387eddaa2/datanode-2/data/ratis/2f7f8ffa-1739-4262-bec8-fe3fb79e145e
2020-10-09 16:27:10,586 [pool-198-thread-1] INFO  server.RaftServerConfigKeys (ConfUtils.java:logGet(44)) - raft.server.log.queue.byte-limit = 2147483647 (custom)
2020-10-09 16:27:10,586 [pool-198-thread-1] INFO  server.RaftServerConfigKeys (ConfUtils.java:logGet(44)) - raft.server.log.queue.element-limit = 1024 (custom)
2020-10-09 16:27:10,586 [pool-198-thread-1] INFO  server.RaftServerConfigKeys (ConfUtils.java:logGet(44)) - raft.server.log.segment.size.max = 1048576 (custom)
2020-10-09 16:27:10,586 [pool-198-thread-1] INFO  server.RaftServerConfigKeys (ConfUtils.java:logGet(44)) - raft.server.log.preallocated.size = 16384 (custom)
2020-10-09 16:27:10,586 [pool-198-thread-1] INFO  server.RaftServerConfigKeys (ConfUtils.java:logGet(44)) - raft.server.log.write.buffer.size = 1048576 (custom)
2020-10-09 16:27:10,586 [pool-198-thread-1] INFO  server.RaftServerConfigKeys (ConfUtils.java:logGet(44)) - raft.server.log.force.sync.num = 128 (default)
2020-10-09 16:27:10,586 [pool-198-thread-1] INFO  server.RaftServerConfigKeys (ConfUtils.java:logGet(44)) - raft.server.log.statemachine.data.sync = true (default)
2020-10-09 16:27:10,586 [pool-198-thread-1] INFO  server.RaftServerConfigKeys (ConfUtils.java:logGet(44)) - raft.server.log.statemachine.data.sync.timeout = 10s (default)
2020-10-09 16:27:10,586 [pool-198-thread-1] INFO  server.RaftServerConfigKeys (ConfUtils.java:logGet(44)) - raft.server.log.statemachine.data.sync.timeout.retry = -1 (default)
2020-10-09 16:27:10,588 [pool-198-thread-1] INFO  server.RaftServerConfigKeys (ConfUtils.java:logGet(44)) - raft.server.log.statemachine.data.caching.enabled = true (custom)
2020-10-09 16:27:10,589 [pool-198-thread-1] INFO  segmented.SegmentedRaftLogWorker (SegmentedRaftLogWorker.java:lambda$new$0(129)) - 971ea0da-63f5-4acb-8c67-7c1bd783a005@group-FE3FB79E145E-SegmentedRaftLogWorker: flushIndex: setUnconditionally 0 -> -1
2020-10-09 16:27:10,589 [pool-198-thread-1] INFO  segmented.SegmentedRaftLogWorker (SegmentedRaftLogWorker.java:lambda$new$0(129)) - 971ea0da-63f5-4acb-8c67-7c1bd783a005@group-FE3FB79E145E-SegmentedRaftLogWorker: safeCacheEvictIndex: setUnconditionally 0 -> -1
2020-10-09 16:27:10,589 [pool-198-thread-1] INFO  server.RaftServerConfigKeys (ConfUtils.java:logGet(44)) - raft.server.snapshot.auto.trigger.enabled = true (custom)
2020-10-09 16:27:10,589 [pool-198-thread-1] INFO  server.RaftServerConfigKeys (ConfUtils.java:logGet(44)) - raft.server.snapshot.auto.trigger.threshold = 10000 (custom)
2020-10-09 16:27:10,589 [pool-198-thread-1] INFO  server.RaftServerConfigKeys (ConfUtils.java:logGet(44)) - raft.server.snapshot.retention.file.num = 5 (custom)
2020-10-09 16:27:10,589 [pool-198-thread-1] INFO  server.RaftServerConfigKeys (ConfUtils.java:logGet(44)) - raft.server.log.purge.upto.snapshot.index = false (default)
2020-10-09 16:27:10,589 [pool-198-thread-1] INFO  server.RaftServerConfigKeys (ConfUtils.java:logGet(44)) - raft.server.retrycache.expirytime = 600000ms (custom)
2020-10-09 16:27:10,589 [pool-198-thread-1] INFO  metrics.RatisMetrics (RatisMetrics.java:lambda$create$0(36)) - Creating Metrics Registry : ratis.leader_election.971ea0da-63f5-4acb-8c67-7c1bd783a005@group-FE3FB79E145E
2020-10-09 16:27:10,590 [pool-198-thread-1] INFO  metrics.RatisMetrics (RatisMetrics.java:lambda$create$0(36)) - Creating Metrics Registry : ratis.server.971ea0da-63f5-4acb-8c67-7c1bd783a005@group-FE3FB79E145E
2020-10-09 16:27:10,591 [pool-198-thread-1] INFO  impl.RaftServerImpl (RaftServerImpl.java:start(209)) - 971ea0da-63f5-4acb-8c67-7c1bd783a005@group-FE3FB79E145E: start as a follower, conf=-1: [6a499dda-a250-4daa-aa17-9ec32443242a:172.17.0.2:37035:0, e27ecad8-c8c3-4bdb-8e56-23cf5ec81ff3:172.17.0.2:34435:0, 971ea0da-63f5-4acb-8c67-7c1bd783a005:172.17.0.2:43703:0], old=null
2020-10-09 16:27:10,591 [pool-198-thread-1] INFO  impl.RaftServerImpl (RaftServerImpl.java:setRole(198)) - 971ea0da-63f5-4acb-8c67-7c1bd783a005@group-FE3FB79E145E: changes role from      null to FOLLOWER at term 0 for startAsFollower
2020-10-09 16:27:10,591 [pool-198-thread-1] INFO  impl.RoleInfo (RoleInfo.java:updateAndGet(143)) - 971ea0da-63f5-4acb-8c67-7c1bd783a005: start FollowerState
2020-10-09 16:27:10,592 [pool-198-thread-1] INFO  util.JmxRegister (JmxRegister.java:tryRegister(44)) - Successfully registered JMX Bean with object name Ratis:service=RaftServer,group=group-FE3FB79E145E,id=971ea0da-63f5-4acb-8c67-7c1bd783a005
2020-10-09 16:27:10,592 [pool-198-thread-1] INFO  metrics.RatisMetrics (RatisMetrics.java:lambda$create$0(36)) - Creating Metrics Registry : ratis.state_machine.971ea0da-63f5-4acb-8c67-7c1bd783a005@group-FE3FB79E145E
2020-10-09 16:27:10,603 [Command processor thread] INFO  metrics.RatisMetrics (RatisMetrics.java:lambda$create$0(36)) - Creating Metrics Registry : ratis.client_message_metrics.client-D13C8BA6E392->e27ecad8-c8c3-4bdb-8e56-23cf5ec81ff3
2020-10-09 16:27:10,609 [grpc-default-executor-3] INFO  metrics.RatisMetrics (RatisMetrics.java:lambda$create$0(36)) - Creating Metrics Registry : ratis.server_message_metrics.e27ecad8-c8c3-4bdb-8e56-23cf5ec81ff3
2020-10-09 16:27:10,613 [grpc-default-executor-3] INFO  impl.RaftServerProxy (RaftServerProxy.java:addNew(92)) - e27ecad8-c8c3-4bdb-8e56-23cf5ec81ff3: addNew group-FE3FB79E145E:[6a499dda-a250-4daa-aa17-9ec32443242a:172.17.0.2:37035:0, e27ecad8-c8c3-4bdb-8e56-23cf5ec81ff3:172.17.0.2:34435:0, 971ea0da-63f5-4acb-8c67-7c1bd783a005:172.17.0.2:43703:0] returns group-FE3FB79E145E:java.util.concurrent.CompletableFuture@254b7a30[Not completed]
2020-10-09 16:27:10,614 [pool-183-thread-1] INFO  impl.RaftServerImpl (RaftServerImpl.java:<init>(120)) - e27ecad8-c8c3-4bdb-8e56-23cf5ec81ff3: new RaftServerImpl for group-FE3FB79E145E:[6a499dda-a250-4daa-aa17-9ec32443242a:172.17.0.2:37035:0, e27ecad8-c8c3-4bdb-8e56-23cf5ec81ff3:172.17.0.2:34435:0, 971ea0da-63f5-4acb-8c67-7c1bd783a005:172.17.0.2:43703:0] with ContainerStateMachine:uninitialized
2020-10-09 16:27:10,619 [pool-183-thread-1] INFO  server.RaftServerConfigKeys (ConfUtils.java:logGet(44)) - raft.server.rpc.timeout.min = 5s (custom)
2020-10-09 16:27:10,619 [pool-183-thread-1] INFO  server.RaftServerConfigKeys (ConfUtils.java:logGet(44)) - raft.server.rpc.timeout.max = 5200ms (custom)
2020-10-09 16:27:10,620 [pool-183-thread-1] INFO  server.RaftServerConfigKeys (ConfUtils.java:logGet(44)) - raft.server.rpcslowness.timeout = 300s (custom)
2020-10-09 16:27:10,620 [pool-183-thread-1] INFO  server.RaftServerConfigKeys (ConfUtils.java:logGet(44)) - raft.server.sleep.deviation.threshold = 300 (default)
2020-10-09 16:27:10,620 [pool-183-thread-1] INFO  server.RaftServerConfigKeys (ConfUtils.java:logGet(44)) - raft.server.log.appender.install.snapshot.enabled = false (custom)
2020-10-09 16:27:10,620 [pool-183-thread-1] INFO  impl.RaftServerImpl (ServerState.java:<init>(104)) - e27ecad8-c8c3-4bdb-8e56-23cf5ec81ff3@group-FE3FB79E145E: ConfigurationManager, init=-1: [6a499dda-a250-4daa-aa17-9ec32443242a:172.17.0.2:37035:0, e27ecad8-c8c3-4bdb-8e56-23cf5ec81ff3:172.17.0.2:34435:0, 971ea0da-63f5-4acb-8c67-7c1bd783a005:172.17.0.2:43703:0], old=null, confs=<EMPTY_MAP>
2020-10-09 16:27:10,620 [pool-183-thread-1] INFO  server.RaftServerConfigKeys (ConfUtils.java:logGet(44)) - raft.server.storage.dir = [/github/workspace/mnt/ozone/hadoop-ozone/integration-test/target/test-dir/MiniOzoneClusterImpl-c5028e9e-dbc6-4f7d-99b7-5a0387eddaa2/datanode-1/data/ratis] (custom)
2020-10-09 16:27:10,620 [pool-183-thread-1] INFO  server.RaftServerConfigKeys (ConfUtils.java:logGet(44)) - raft.server.log.corruption.policy = EXCEPTION (default)
2020-10-09 16:27:10,621 [pool-183-thread-1] INFO  storage.RaftStorageDirectory (RaftStorageDirectory.java:analyzeStorage(261)) - The storage directory /github/workspace/mnt/ozone/hadoop-ozone/integration-test/target/test-dir/MiniOzoneClusterImpl-c5028e9e-dbc6-4f7d-99b7-5a0387eddaa2/datanode-1/data/ratis/2f7f8ffa-1739-4262-bec8-fe3fb79e145e does not exist. Creating ...
2020-10-09 16:27:10,622 [pool-183-thread-1] INFO  storage.RaftStorageDirectory (RaftStorageDirectory.java:tryLock(343)) - Lock on /github/workspace/mnt/ozone/hadoop-ozone/integration-test/target/test-dir/MiniOzoneClusterImpl-c5028e9e-dbc6-4f7d-99b7-5a0387eddaa2/datanode-1/data/ratis/2f7f8ffa-1739-4262-bec8-fe3fb79e145e/in_use.lock acquired by nodename 48307@de266806e394
2020-10-09 16:27:10,623 [pool-183-thread-1] INFO  storage.RaftStorage (RaftStorage.java:format(84)) - Storage directory /github/workspace/mnt/ozone/hadoop-ozone/integration-test/target/test-dir/MiniOzoneClusterImpl-c5028e9e-dbc6-4f7d-99b7-5a0387eddaa2/datanode-1/data/ratis/2f7f8ffa-1739-4262-bec8-fe3fb79e145e has been successfully formatted.
2020-10-09 16:27:10,624 [pool-183-thread-1] INFO  ratis.ContainerStateMachine (ContainerStateMachine.java:loadSnapshot(225)) - group-FE3FB79E145E: The snapshot info is null. Setting the last applied indexto:(t:0, i:~)
2020-10-09 16:27:10,625 [pool-183-thread-1] INFO  server.RaftServerConfigKeys (ConfUtils.java:logGet(44)) - raft.server.notification.no-leader.timeout = 300s (custom)
2020-10-09 16:27:10,626 [pool-183-thread-1] INFO  server.RaftServerConfigKeys (ConfUtils.java:logGet(44)) - raft.server.log.use.memory = false (default)
2020-10-09 16:27:10,626 [pool-183-thread-1] INFO  server.RaftServerConfigKeys (ConfUtils.java:logGet(44)) - raft.server.log.purge.gap = 1000000 (custom)
2020-10-09 16:27:10,626 [pool-183-thread-1] INFO  metrics.RatisMetrics (RatisMetrics.java:lambda$create$0(36)) - Creating Metrics Registry : ratis.log_worker.e27ecad8-c8c3-4bdb-8e56-23cf5ec81ff3@group-FE3FB79E145E
2020-10-09 16:27:10,626 [pool-183-thread-1] INFO  server.RaftServerConfigKeys (ConfUtils.java:logGet(44)) - raft.server.log.appender.buffer.byte-limit = 33554432 (custom)
2020-10-09 16:27:10,626 [pool-183-thread-1] INFO  server.RaftServerConfigKeys (ConfUtils.java:logGet(44)) - raft.server.log.segment.size.max = 1048576 (custom)
2020-10-09 16:27:10,627 [pool-183-thread-1] INFO  server.RaftServerConfigKeys (ConfUtils.java:logGet(44)) - raft.server.log.segment.cache.num.max = 2 (custom)
2020-10-09 16:27:10,627 [pool-183-thread-1] INFO  segmented.SegmentedRaftLogWorker (SegmentedRaftLogWorker.java:<init>(180)) - new e27ecad8-c8c3-4bdb-8e56-23cf5ec81ff3@group-FE3FB79E145E-SegmentedRaftLogWorker for RaftStorage:Storage Directory /github/workspace/mnt/ozone/hadoop-ozone/integration-test/target/test-dir/MiniOzoneClusterImpl-c5028e9e-dbc6-4f7d-99b7-5a0387eddaa2/datanode-1/data/ratis/2f7f8ffa-1739-4262-bec8-fe3fb79e145e
2020-10-09 16:27:10,627 [pool-183-thread-1] INFO  server.RaftServerConfigKeys (ConfUtils.java:logGet(44)) - raft.server.log.queue.byte-limit = 2147483647 (custom)
2020-10-09 16:27:10,627 [pool-183-thread-1] INFO  server.RaftServerConfigKeys (ConfUtils.java:logGet(44)) - raft.server.log.queue.element-limit = 1024 (custom)
2020-10-09 16:27:10,627 [pool-183-thread-1] INFO  server.RaftServerConfigKeys (ConfUtils.java:logGet(44)) - raft.server.log.segment.size.max = 1048576 (custom)
2020-10-09 16:27:10,627 [pool-183-thread-1] INFO  server.RaftServerConfigKeys (ConfUtils.java:logGet(44)) - raft.server.log.preallocated.size = 16384 (custom)
2020-10-09 16:27:10,628 [pool-183-thread-1] INFO  server.RaftServerConfigKeys (ConfUtils.java:logGet(44)) - raft.server.log.write.buffer.size = 1048576 (custom)
2020-10-09 16:27:10,628 [pool-183-thread-1] INFO  server.RaftServerConfigKeys (ConfUtils.java:logGet(44)) - raft.server.log.force.sync.num = 128 (default)
2020-10-09 16:27:10,628 [pool-183-thread-1] INFO  server.RaftServerConfigKeys (ConfUtils.java:logGet(44)) - raft.server.log.statemachine.data.sync = true (default)
2020-10-09 16:27:10,628 [pool-183-thread-1] INFO  server.RaftServerConfigKeys (ConfUtils.java:logGet(44)) - raft.server.log.statemachine.data.sync.timeout = 10s (default)
2020-10-09 16:27:10,628 [pool-183-thread-1] INFO  server.RaftServerConfigKeys (ConfUtils.java:logGet(44)) - raft.server.log.statemachine.data.sync.timeout.retry = -1 (default)
2020-10-09 16:27:10,630 [pool-183-thread-1] INFO  server.RaftServerConfigKeys (ConfUtils.java:logGet(44)) - raft.server.log.statemachine.data.caching.enabled = true (custom)
2020-10-09 16:27:10,630 [pool-183-thread-1] INFO  segmented.SegmentedRaftLogWorker (SegmentedRaftLogWorker.java:lambda$new$0(129)) - e27ecad8-c8c3-4bdb-8e56-23cf5ec81ff3@group-FE3FB79E145E-SegmentedRaftLogWorker: flushIndex: setUnconditionally 0 -> -1
2020-10-09 16:27:10,630 [pool-183-thread-1] INFO  segmented.SegmentedRaftLogWorker (SegmentedRaftLogWorker.java:lambda$new$0(129)) - e27ecad8-c8c3-4bdb-8e56-23cf5ec81ff3@group-FE3FB79E145E-SegmentedRaftLogWorker: safeCacheEvictIndex: setUnconditionally 0 -> -1
2020-10-09 16:27:10,638 [pool-183-thread-1] INFO  server.RaftServerConfigKeys (ConfUtils.java:logGet(44)) - raft.server.snapshot.auto.trigger.enabled = true (custom)
2020-10-09 16:27:10,638 [pool-183-thread-1] INFO  server.RaftServerConfigKeys (ConfUtils.java:logGet(44)) - raft.server.snapshot.auto.trigger.threshold = 10000 (custom)
2020-10-09 16:27:10,638 [pool-183-thread-1] INFO  server.RaftServerConfigKeys (ConfUtils.java:logGet(44)) - raft.server.snapshot.retention.file.num = 5 (custom)
2020-10-09 16:27:10,638 [pool-183-thread-1] INFO  server.RaftServerConfigKeys (ConfUtils.java:logGet(44)) - raft.server.log.purge.upto.snapshot.index = false (default)
2020-10-09 16:27:10,638 [pool-183-thread-1] INFO  server.RaftServerConfigKeys (ConfUtils.java:logGet(44)) - raft.server.retrycache.expirytime = 600000ms (custom)
2020-10-09 16:27:10,638 [pool-183-thread-1] INFO  metrics.RatisMetrics (RatisMetrics.java:lambda$create$0(36)) - Creating Metrics Registry : ratis.leader_election.e27ecad8-c8c3-4bdb-8e56-23cf5ec81ff3@group-FE3FB79E145E
2020-10-09 16:27:10,639 [pool-183-thread-1] INFO  metrics.RatisMetrics (RatisMetrics.java:lambda$create$0(36)) - Creating Metrics Registry : ratis.server.e27ecad8-c8c3-4bdb-8e56-23cf5ec81ff3@group-FE3FB79E145E
2020-10-09 16:27:10,640 [pool-183-thread-1] INFO  impl.RaftServerImpl (RaftServerImpl.java:start(209)) - e27ecad8-c8c3-4bdb-8e56-23cf5ec81ff3@group-FE3FB79E145E: start as a follower, conf=-1: [6a499dda-a250-4daa-aa17-9ec32443242a:172.17.0.2:37035:0, e27ecad8-c8c3-4bdb-8e56-23cf5ec81ff3:172.17.0.2:34435:0, 971ea0da-63f5-4acb-8c67-7c1bd783a005:172.17.0.2:43703:0], old=null
2020-10-09 16:27:10,640 [pool-183-thread-1] INFO  impl.RaftServerImpl (RaftServerImpl.java:setRole(198)) - e27ecad8-c8c3-4bdb-8e56-23cf5ec81ff3@group-FE3FB79E145E: changes role from      null to FOLLOWER at term 0 for startAsFollower
2020-10-09 16:27:10,641 [pool-183-thread-1] INFO  impl.RoleInfo (RoleInfo.java:updateAndGet(143)) - e27ecad8-c8c3-4bdb-8e56-23cf5ec81ff3: start FollowerState
2020-10-09 16:27:10,641 [pool-183-thread-1] INFO  util.JmxRegister (JmxRegister.java:tryRegister(44)) - Successfully registered JMX Bean with object name Ratis:service=RaftServer,group=group-FE3FB79E145E,id=e27ecad8-c8c3-4bdb-8e56-23cf5ec81ff3
2020-10-09 16:27:10,641 [pool-183-thread-1] INFO  metrics.RatisMetrics (RatisMetrics.java:lambda$create$0(36)) - Creating Metrics Registry : ratis.state_machine.e27ecad8-c8c3-4bdb-8e56-23cf5ec81ff3@group-FE3FB79E145E
2020-10-09 16:27:10,650 [Command processor thread] INFO  commandhandler.CreatePipelineCommandHandler (CreatePipelineCommandHandler.java:handle(110)) - Created Pipeline RATIS THREE #id: "2f7f8ffa-1739-4262-bec8-fe3fb79e145e"
uuid128 {
  mostSigBits: 3422612546119090786
  leastSigBits: -4699226661544127394
}
.
2020-10-09 16:27:10,727 [Command processor thread] INFO  impl.RaftServerProxy (RaftServerProxy.java:addNew(92)) - e27ecad8-c8c3-4bdb-8e56-23cf5ec81ff3: addNew group-20664874FE6E:[e27ecad8-c8c3-4bdb-8e56-23cf5ec81ff3:172.17.0.2:34435:0] returns group-20664874FE6E:java.util.concurrent.CompletableFuture@1cfdee[Not completed]
2020-10-09 16:27:10,728 [pool-183-thread-1] INFO  impl.RaftServerImpl (RaftServerImpl.java:<init>(120)) - e27ecad8-c8c3-4bdb-8e56-23cf5ec81ff3: new RaftServerImpl for group-20664874FE6E:[e27ecad8-c8c3-4bdb-8e56-23cf5ec81ff3:172.17.0.2:34435:0] with ContainerStateMachine:uninitialized
2020-10-09 16:27:10,728 [pool-183-thread-1] INFO  server.RaftServerConfigKeys (ConfUtils.java:logGet(44)) - raft.server.rpc.timeout.min = 5s (custom)
2020-10-09 16:27:10,728 [pool-183-thread-1] INFO  server.RaftServerConfigKeys (ConfUtils.java:logGet(44)) - raft.server.rpc.timeout.max = 5200ms (custom)
2020-10-09 16:27:10,728 [pool-183-thread-1] INFO  server.RaftServerConfigKeys (ConfUtils.java:logGet(44)) - raft.server.rpcslowness.timeout = 300s (custom)
2020-10-09 16:27:10,728 [pool-183-thread-1] INFO  server.RaftServerConfigKeys (ConfUtils.java:logGet(44)) - raft.server.sleep.deviation.threshold = 300 (default)
2020-10-09 16:27:10,728 [pool-183-thread-1] INFO  server.RaftServerConfigKeys (ConfUtils.java:logGet(44)) - raft.server.log.appender.install.snapshot.enabled = false (custom)
2020-10-09 16:27:10,728 [pool-183-thread-1] INFO  impl.RaftServerImpl (ServerState.java:<init>(104)) - e27ecad8-c8c3-4bdb-8e56-23cf5ec81ff3@group-20664874FE6E: ConfigurationManager, init=-1: [e27ecad8-c8c3-4bdb-8e56-23cf5ec81ff3:172.17.0.2:34435:0], old=null, confs=<EMPTY_MAP>
2020-10-09 16:27:10,728 [pool-183-thread-1] INFO  server.RaftServerConfigKeys (ConfUtils.java:logGet(44)) - raft.server.storage.dir = [/github/workspace/mnt/ozone/hadoop-ozone/integration-test/target/test-dir/MiniOzoneClusterImpl-c5028e9e-dbc6-4f7d-99b7-5a0387eddaa2/datanode-1/data/ratis] (custom)
2020-10-09 16:27:10,729 [pool-183-thread-1] INFO  server.RaftServerConfigKeys (ConfUtils.java:logGet(44)) - raft.server.log.corruption.policy = EXCEPTION (default)
2020-10-09 16:27:10,729 [pool-183-thread-1] INFO  storage.RaftStorageDirectory (RaftStorageDirectory.java:analyzeStorage(261)) - The storage directory /github/workspace/mnt/ozone/hadoop-ozone/integration-test/target/test-dir/MiniOzoneClusterImpl-c5028e9e-dbc6-4f7d-99b7-5a0387eddaa2/datanode-1/data/ratis/1f28af54-2102-4421-8346-20664874fe6e does not exist. Creating ...
2020-10-09 16:27:10,730 [pool-183-thread-1] INFO  storage.RaftStorageDirectory (RaftStorageDirectory.java:tryLock(343)) - Lock on /github/workspace/mnt/ozone/hadoop-ozone/integration-test/target/test-dir/MiniOzoneClusterImpl-c5028e9e-dbc6-4f7d-99b7-5a0387eddaa2/datanode-1/data/ratis/1f28af54-2102-4421-8346-20664874fe6e/in_use.lock acquired by nodename 48307@de266806e394
2020-10-09 16:27:10,731 [pool-183-thread-1] INFO  storage.RaftStorage (RaftStorage.java:format(84)) - Storage directory /github/workspace/mnt/ozone/hadoop-ozone/integration-test/target/test-dir/MiniOzoneClusterImpl-c5028e9e-dbc6-4f7d-99b7-5a0387eddaa2/datanode-1/data/ratis/1f28af54-2102-4421-8346-20664874fe6e has been successfully formatted.
2020-10-09 16:27:10,732 [pool-183-thread-1] INFO  ratis.ContainerStateMachine (ContainerStateMachine.java:loadSnapshot(225)) - group-20664874FE6E: The snapshot info is null. Setting the last applied indexto:(t:0, i:~)
2020-10-09 16:27:10,732 [pool-183-thread-1] INFO  server.RaftServerConfigKeys (ConfUtils.java:logGet(44)) - raft.server.notification.no-leader.timeout = 300s (custom)
2020-10-09 16:27:10,733 [EventQueue-PipelineReportForPipelineReportHandler] INFO  pipeline.PipelineStateManager (PipelineStateManager.java:openPipeline(131)) - Pipeline Pipeline[ Id: 1f28af54-2102-4421-8346-20664874fe6e, Nodes: e27ecad8-c8c3-4bdb-8e56-23cf5ec81ff3{ip: 172.17.0.2, host: de266806e394, networkLocation: /default-rack, certSerialId: null}, Type:RATIS, Factor:ONE, State:ALLOCATED, leaderId:e27ecad8-c8c3-4bdb-8e56-23cf5ec81ff3, CreationTimestamp2020-10-09T16:27:07.730Z] moved to OPEN state
2020-10-09 16:27:10,733 [EventQueue-OpenPipelineForOneReplicaPipelineSafeModeRule] INFO  safemode.SCMSafeModeManager (SCMSafeModeManager.java:validateSafeModeExitRules(214)) - AtleastOneDatanodeReportedRule rule is successfully validated
2020-10-09 16:27:10,733 [EventQueue-OpenPipelineForHealthyPipelineSafeModeRule] INFO  safemode.SCMSafeModeManager (HealthyPipelineSafeModeRule.java:process(129)) - SCM in safe mode. Healthy pipelines reported count is 0, required healthy pipeline reported count is 1
2020-10-09 16:27:10,733 [pool-183-thread-1] INFO  server.RaftServerConfigKeys (ConfUtils.java:logGet(44)) - raft.server.log.use.memory = false (default)
2020-10-09 16:27:10,734 [pool-183-thread-1] INFO  server.RaftServerConfigKeys (ConfUtils.java:logGet(44)) - raft.server.log.purge.gap = 1000000 (custom)
2020-10-09 16:27:10,734 [pool-183-thread-1] INFO  metrics.RatisMetrics (RatisMetrics.java:lambda$create$0(36)) - Creating Metrics Registry : ratis.log_worker.e27ecad8-c8c3-4bdb-8e56-23cf5ec81ff3@group-20664874FE6E
2020-10-09 16:27:10,734 [pool-183-thread-1] INFO  server.RaftServerConfigKeys (ConfUtils.java:logGet(44)) - raft.server.log.appender.buffer.byte-limit = 33554432 (custom)
2020-10-09 16:27:10,734 [pool-183-thread-1] INFO  server.RaftServerConfigKeys (ConfUtils.java:logGet(44)) - raft.server.log.segment.size.max = 1048576 (custom)
2020-10-09 16:27:10,735 [pool-183-thread-1] INFO  server.RaftServerConfigKeys (ConfUtils.java:logGet(44)) - raft.server.log.segment.cache.num.max = 2 (custom)
2020-10-09 16:27:10,735 [pool-183-thread-1] INFO  segmented.SegmentedRaftLogWorker (SegmentedRaftLogWorker.java:<init>(180)) - new e27ecad8-c8c3-4bdb-8e56-23cf5ec81ff3@group-20664874FE6E-SegmentedRaftLogWorker for RaftStorage:Storage Directory /github/workspace/mnt/ozone/hadoop-ozone/integration-test/target/test-dir/MiniOzoneClusterImpl-c5028e9e-dbc6-4f7d-99b7-5a0387eddaa2/datanode-1/data/ratis/1f28af54-2102-4421-8346-20664874fe6e
2020-10-09 16:27:10,735 [pool-183-thread-1] INFO  server.RaftServerConfigKeys (ConfUtils.java:logGet(44)) - raft.server.log.queue.byte-limit = 2147483647 (custom)
2020-10-09 16:27:10,735 [pool-183-thread-1] INFO  server.RaftServerConfigKeys (ConfUtils.java:logGet(44)) - raft.server.log.queue.element-limit = 1024 (custom)
2020-10-09 16:27:10,735 [pool-183-thread-1] INFO  server.RaftServerConfigKeys (ConfUtils.java:logGet(44)) - raft.server.log.segment.size.max = 1048576 (custom)
2020-10-09 16:27:10,735 [pool-183-thread-1] INFO  server.RaftServerConfigKeys (ConfUtils.java:logGet(44)) - raft.server.log.preallocated.size = 16384 (custom)
2020-10-09 16:27:10,735 [pool-183-thread-1] INFO  server.RaftServerConfigKeys (ConfUtils.java:logGet(44)) - raft.server.log.write.buffer.size = 1048576 (custom)
2020-10-09 16:27:10,735 [pool-183-thread-1] INFO  server.RaftServerConfigKeys (ConfUtils.java:logGet(44)) - raft.server.log.force.sync.num = 128 (default)
2020-10-09 16:27:10,735 [pool-183-thread-1] INFO  server.RaftServerConfigKeys (ConfUtils.java:logGet(44)) - raft.server.log.statemachine.data.sync = true (default)
2020-10-09 16:27:10,735 [pool-183-thread-1] INFO  server.RaftServerConfigKeys (ConfUtils.java:logGet(44)) - raft.server.log.statemachine.data.sync.timeout = 10s (default)
2020-10-09 16:27:10,735 [pool-183-thread-1] INFO  server.RaftServerConfigKeys (ConfUtils.java:logGet(44)) - raft.server.log.statemachine.data.sync.timeout.retry = -1 (default)
2020-10-09 16:27:10,737 [pool-183-thread-1] INFO  server.RaftServerConfigKeys (ConfUtils.java:logGet(44)) - raft.server.log.statemachine.data.caching.enabled = true (custom)
2020-10-09 16:27:10,738 [pool-183-thread-1] INFO  segmented.SegmentedRaftLogWorker (SegmentedRaftLogWorker.java:lambda$new$0(129)) - e27ecad8-c8c3-4bdb-8e56-23cf5ec81ff3@group-20664874FE6E-SegmentedRaftLogWorker: flushIndex: setUnconditionally 0 -> -1
2020-10-09 16:27:10,738 [pool-183-thread-1] INFO  segmented.SegmentedRaftLogWorker (SegmentedRaftLogWorker.java:lambda$new$0(129)) - e27ecad8-c8c3-4bdb-8e56-23cf5ec81ff3@group-20664874FE6E-SegmentedRaftLogWorker: safeCacheEvictIndex: setUnconditionally 0 -> -1
2020-10-09 16:27:10,742 [pool-183-thread-1] INFO  server.RaftServerConfigKeys (ConfUtils.java:logGet(44)) - raft.server.snapshot.auto.trigger.enabled = true (custom)
2020-10-09 16:27:10,742 [pool-183-thread-1] INFO  server.RaftServerConfigKeys (ConfUtils.java:logGet(44)) - raft.server.snapshot.auto.trigger.threshold = 10000 (custom)
2020-10-09 16:27:10,742 [pool-183-thread-1] INFO  server.RaftServerConfigKeys (ConfUtils.java:logGet(44)) - raft.server.snapshot.retention.file.num = 5 (custom)
2020-10-09 16:27:10,742 [pool-183-thread-1] INFO  server.RaftServerConfigKeys (ConfUtils.java:logGet(44)) - raft.server.log.purge.upto.snapshot.index = false (default)
2020-10-09 16:27:10,742 [pool-183-thread-1] INFO  server.RaftServerConfigKeys (ConfUtils.java:logGet(44)) - raft.server.retrycache.expirytime = 600000ms (custom)
2020-10-09 16:27:10,742 [pool-183-thread-1] INFO  metrics.RatisMetrics (RatisMetrics.java:lambda$create$0(36)) - Creating Metrics Registry : ratis.leader_election.e27ecad8-c8c3-4bdb-8e56-23cf5ec81ff3@group-20664874FE6E
2020-10-09 16:27:10,743 [pool-183-thread-1] INFO  metrics.RatisMetrics (RatisMetrics.java:lambda$create$0(36)) - Creating Metrics Registry : ratis.server.e27ecad8-c8c3-4bdb-8e56-23cf5ec81ff3@group-20664874FE6E
2020-10-09 16:27:10,744 [pool-183-thread-1] INFO  impl.RaftServerImpl (RaftServerImpl.java:start(209)) - e27ecad8-c8c3-4bdb-8e56-23cf5ec81ff3@group-20664874FE6E: start as a follower, conf=-1: [e27ecad8-c8c3-4bdb-8e56-23cf5ec81ff3:172.17.0.2:34435:0], old=null
2020-10-09 16:27:10,744 [pool-183-thread-1] INFO  impl.RaftServerImpl (RaftServerImpl.java:setRole(198)) - e27ecad8-c8c3-4bdb-8e56-23cf5ec81ff3@group-20664874FE6E: changes role from      null to FOLLOWER at term 0 for startAsFollower
2020-10-09 16:27:10,744 [pool-183-thread-1] INFO  impl.RoleInfo (RoleInfo.java:updateAndGet(143)) - e27ecad8-c8c3-4bdb-8e56-23cf5ec81ff3: start FollowerState
2020-10-09 16:27:10,745 [pool-183-thread-1] INFO  util.JmxRegister (JmxRegister.java:tryRegister(44)) - Successfully registered JMX Bean with object name Ratis:service=RaftServer,group=group-20664874FE6E,id=e27ecad8-c8c3-4bdb-8e56-23cf5ec81ff3
2020-10-09 16:27:10,745 [pool-183-thread-1] INFO  metrics.RatisMetrics (RatisMetrics.java:lambda$create$0(36)) - Creating Metrics Registry : ratis.state_machine.e27ecad8-c8c3-4bdb-8e56-23cf5ec81ff3@group-20664874FE6E
2020-10-09 16:27:10,746 [Command processor thread] INFO  commandhandler.CreatePipelineCommandHandler (CreatePipelineCommandHandler.java:handle(110)) - Created Pipeline RATIS ONE #id: "1f28af54-2102-4421-8346-20664874fe6e"
uuid128 {
  mostSigBits: 2245237190110102561
  leastSigBits: -8987460382696866194
}
.
2020-10-09 16:27:10,781 [Listener at 127.0.0.1/39485] INFO  ozone.MiniOzoneClusterImpl (MiniOzoneClusterImpl.java:lambda$waitForClusterToBeReady$0(177)) - Nodes are ready. Got 7 of 7 DN Heartbeats.
2020-10-09 16:27:10,781 [Listener at 127.0.0.1/39485] INFO  ozone.MiniOzoneClusterImpl (MiniOzoneClusterImpl.java:lambda$waitForClusterToBeReady$0(180)) - Waiting for cluster to exit safe mode
2020-10-09 16:27:10,974 [Command processor thread] INFO  impl.RaftServerProxy (RaftServerProxy.java:addNew(92)) - 971ea0da-63f5-4acb-8c67-7c1bd783a005: addNew group-0F87E13491E8:[971ea0da-63f5-4acb-8c67-7c1bd783a005:172.17.0.2:43703:0] returns group-0F87E13491E8:java.util.concurrent.CompletableFuture@1070274b[Not completed]
2020-10-09 16:27:10,975 [pool-198-thread-1] INFO  impl.RaftServerImpl (RaftServerImpl.java:<init>(120)) - 971ea0da-63f5-4acb-8c67-7c1bd783a005: new RaftServerImpl for group-0F87E13491E8:[971ea0da-63f5-4acb-8c67-7c1bd783a005:172.17.0.2:43703:0] with ContainerStateMachine:uninitialized
2020-10-09 16:27:10,975 [pool-198-thread-1] INFO  server.RaftServerConfigKeys (ConfUtils.java:logGet(44)) - raft.server.rpc.timeout.min = 5s (custom)
2020-10-09 16:27:10,975 [pool-198-thread-1] INFO  server.RaftServerConfigKeys (ConfUtils.java:logGet(44)) - raft.server.rpc.timeout.max = 5200ms (custom)
2020-10-09 16:27:10,976 [pool-198-thread-1] INFO  server.RaftServerConfigKeys (ConfUtils.java:logGet(44)) - raft.server.rpcslowness.timeout = 300s (custom)
2020-10-09 16:27:10,976 [pool-198-thread-1] INFO  server.RaftServerConfigKeys (ConfUtils.java:logGet(44)) - raft.server.sleep.deviation.threshold = 300 (default)
2020-10-09 16:27:10,976 [pool-198-thread-1] INFO  server.RaftServerConfigKeys (ConfUtils.java:logGet(44)) - raft.server.log.appender.install.snapshot.enabled = false (custom)
2020-10-09 16:27:10,976 [pool-198-thread-1] INFO  impl.RaftServerImpl (ServerState.java:<init>(104)) - 971ea0da-63f5-4acb-8c67-7c1bd783a005@group-0F87E13491E8: ConfigurationManager, init=-1: [971ea0da-63f5-4acb-8c67-7c1bd783a005:172.17.0.2:43703:0], old=null, confs=<EMPTY_MAP>
2020-10-09 16:27:10,976 [pool-198-thread-1] INFO  server.RaftServerConfigKeys (ConfUtils.java:logGet(44)) - raft.server.storage.dir = [/github/workspace/mnt/ozone/hadoop-ozone/integration-test/target/test-dir/MiniOzoneClusterImpl-c5028e9e-dbc6-4f7d-99b7-5a0387eddaa2/datanode-2/data/ratis] (custom)
2020-10-09 16:27:10,976 [pool-198-thread-1] INFO  server.RaftServerConfigKeys (ConfUtils.java:logGet(44)) - raft.server.log.corruption.policy = EXCEPTION (default)
2020-10-09 16:27:10,976 [pool-198-thread-1] INFO  storage.RaftStorageDirectory (RaftStorageDirectory.java:analyzeStorage(261)) - The storage directory /github/workspace/mnt/ozone/hadoop-ozone/integration-test/target/test-dir/MiniOzoneClusterImpl-c5028e9e-dbc6-4f7d-99b7-5a0387eddaa2/datanode-2/data/ratis/751a2c45-bcaa-4724-b7c6-0f87e13491e8 does not exist. Creating ...
2020-10-09 16:27:10,978 [pool-198-thread-1] INFO  storage.RaftStorageDirectory (RaftStorageDirectory.java:tryLock(343)) - Lock on /github/workspace/mnt/ozone/hadoop-ozone/integration-test/target/test-dir/MiniOzoneClusterImpl-c5028e9e-dbc6-4f7d-99b7-5a0387eddaa2/datanode-2/data/ratis/751a2c45-bcaa-4724-b7c6-0f87e13491e8/in_use.lock acquired by nodename 48307@de266806e394
2020-10-09 16:27:10,979 [pool-198-thread-1] INFO  storage.RaftStorage (RaftStorage.java:format(84)) - Storage directory /github/workspace/mnt/ozone/hadoop-ozone/integration-test/target/test-dir/MiniOzoneClusterImpl-c5028e9e-dbc6-4f7d-99b7-5a0387eddaa2/datanode-2/data/ratis/751a2c45-bcaa-4724-b7c6-0f87e13491e8 has been successfully formatted.
2020-10-09 16:27:10,980 [pool-198-thread-1] INFO  ratis.ContainerStateMachine (ContainerStateMachine.java:loadSnapshot(225)) - group-0F87E13491E8: The snapshot info is null. Setting the last applied indexto:(t:0, i:~)
2020-10-09 16:27:10,980 [pool-198-thread-1] INFO  server.RaftServerConfigKeys (ConfUtils.java:logGet(44)) - raft.server.notification.no-leader.timeout = 300s (custom)
2020-10-09 16:27:10,980 [pool-198-thread-1] INFO  server.RaftServerConfigKeys (ConfUtils.java:logGet(44)) - raft.server.log.use.memory = false (default)
2020-10-09 16:27:10,981 [pool-198-thread-1] INFO  server.RaftServerConfigKeys (ConfUtils.java:logGet(44)) - raft.server.log.purge.gap = 1000000 (custom)
2020-10-09 16:27:10,981 [pool-198-thread-1] INFO  metrics.RatisMetrics (RatisMetrics.java:lambda$create$0(36)) - Creating Metrics Registry : ratis.log_worker.971ea0da-63f5-4acb-8c67-7c1bd783a005@group-0F87E13491E8
2020-10-09 16:27:10,981 [EventQueue-PipelineReportForPipelineReportHandler] INFO  pipeline.PipelineStateManager (PipelineStateManager.java:openPipeline(131)) - Pipeline Pipeline[ Id: 751a2c45-bcaa-4724-b7c6-0f87e13491e8, Nodes: 971ea0da-63f5-4acb-8c67-7c1bd783a005{ip: 172.17.0.2, host: de266806e394, networkLocation: /default-rack, certSerialId: null}, Type:RATIS, Factor:ONE, State:ALLOCATED, leaderId:971ea0da-63f5-4acb-8c67-7c1bd783a005, CreationTimestamp2020-10-09T16:27:07.978Z] moved to OPEN state
2020-10-09 16:27:10,981 [pool-198-thread-1] INFO  server.RaftServerConfigKeys (ConfUtils.java:logGet(44)) - raft.server.log.appender.buffer.byte-limit = 33554432 (custom)
2020-10-09 16:27:10,981 [EventQueue-OpenPipelineForOneReplicaPipelineSafeModeRule] INFO  safemode.SCMSafeModeManager (SCMSafeModeManager.java:validateSafeModeExitRules(214)) - AtleastOneDatanodeReportedRule rule is successfully validated
2020-10-09 16:27:10,981 [EventQueue-OpenPipelineForHealthyPipelineSafeModeRule] INFO  safemode.SCMSafeModeManager (HealthyPipelineSafeModeRule.java:process(129)) - SCM in safe mode. Healthy pipelines reported count is 0, required healthy pipeline reported count is 1
2020-10-09 16:27:10,982 [pool-198-thread-1] INFO  server.RaftServerConfigKeys (ConfUtils.java:logGet(44)) - raft.server.log.segment.size.max = 1048576 (custom)
2020-10-09 16:27:10,983 [pool-198-thread-1] INFO  server.RaftServerConfigKeys (ConfUtils.java:logGet(44)) - raft.server.log.segment.cache.num.max = 2 (custom)
2020-10-09 16:27:10,983 [pool-198-thread-1] INFO  segmented.SegmentedRaftLogWorker (SegmentedRaftLogWorker.java:<init>(180)) - new 971ea0da-63f5-4acb-8c67-7c1bd783a005@group-0F87E13491E8-SegmentedRaftLogWorker for RaftStorage:Storage Directory /github/workspace/mnt/ozone/hadoop-ozone/integration-test/target/test-dir/MiniOzoneClusterImpl-c5028e9e-dbc6-4f7d-99b7-5a0387eddaa2/datanode-2/data/ratis/751a2c45-bcaa-4724-b7c6-0f87e13491e8
2020-10-09 16:27:10,983 [pool-198-thread-1] INFO  server.RaftServerConfigKeys (ConfUtils.java:logGet(44)) - raft.server.log.queue.byte-limit = 2147483647 (custom)
2020-10-09 16:27:10,983 [pool-198-thread-1] INFO  server.RaftServerConfigKeys (ConfUtils.java:logGet(44)) - raft.server.log.queue.element-limit = 1024 (custom)
2020-10-09 16:27:10,983 [pool-198-thread-1] INFO  server.RaftServerConfigKeys (ConfUtils.java:logGet(44)) - raft.server.log.segment.size.max = 1048576 (custom)
2020-10-09 16:27:10,983 [pool-198-thread-1] INFO  server.RaftServerConfigKeys (ConfUtils.java:logGet(44)) - raft.server.log.preallocated.size = 16384 (custom)
2020-10-09 16:27:10,983 [pool-198-thread-1] INFO  server.RaftServerConfigKeys (ConfUtils.java:logGet(44)) - raft.server.log.write.buffer.size = 1048576 (custom)
2020-10-09 16:27:10,983 [pool-198-thread-1] INFO  server.RaftServerConfigKeys (ConfUtils.java:logGet(44)) - raft.server.log.force.sync.num = 128 (default)
2020-10-09 16:27:10,983 [pool-198-thread-1] INFO  server.RaftServerConfigKeys (ConfUtils.java:logGet(44)) - raft.server.log.statemachine.data.sync = true (default)
2020-10-09 16:27:10,984 [pool-198-thread-1] INFO  server.RaftServerConfigKeys (ConfUtils.java:logGet(44)) - raft.server.log.statemachine.data.sync.timeout = 10s (default)
2020-10-09 16:27:10,984 [pool-198-thread-1] INFO  server.RaftServerConfigKeys (ConfUtils.java:logGet(44)) - raft.server.log.statemachine.data.sync.timeout.retry = -1 (default)
2020-10-09 16:27:10,986 [pool-198-thread-1] INFO  server.RaftServerConfigKeys (ConfUtils.java:logGet(44)) - raft.server.log.statemachine.data.caching.enabled = true (custom)
2020-10-09 16:27:10,986 [pool-198-thread-1] INFO  segmented.SegmentedRaftLogWorker (SegmentedRaftLogWorker.java:lambda$new$0(129)) - 971ea0da-63f5-4acb-8c67-7c1bd783a005@group-0F87E13491E8-SegmentedRaftLogWorker: flushIndex: setUnconditionally 0 -> -1
2020-10-09 16:27:10,986 [pool-198-thread-1] INFO  segmented.SegmentedRaftLogWorker (SegmentedRaftLogWorker.java:lambda$new$0(129)) - 971ea0da-63f5-4acb-8c67-7c1bd783a005@group-0F87E13491E8-SegmentedRaftLogWorker: safeCacheEvictIndex: setUnconditionally 0 -> -1
2020-10-09 16:27:10,986 [pool-198-thread-1] INFO  server.RaftServerConfigKeys (ConfUtils.java:logGet(44)) - raft.server.snapshot.auto.trigger.enabled = true (custom)
2020-10-09 16:27:10,986 [pool-198-thread-1] INFO  server.RaftServerConfigKeys (ConfUtils.java:logGet(44)) - raft.server.snapshot.auto.trigger.threshold = 10000 (custom)
2020-10-09 16:27:10,986 [pool-198-thread-1] INFO  server.RaftServerConfigKeys (ConfUtils.java:logGet(44)) - raft.server.snapshot.retention.file.num = 5 (custom)
2020-10-09 16:27:10,986 [pool-198-thread-1] INFO  server.RaftServerConfigKeys (ConfUtils.java:logGet(44)) - raft.server.log.purge.upto.snapshot.index = false (default)
2020-10-09 16:27:10,987 [pool-198-thread-1] INFO  server.RaftServerConfigKeys (ConfUtils.java:logGet(44)) - raft.server.retrycache.expirytime = 600000ms (custom)
2020-10-09 16:27:10,987 [pool-198-thread-1] INFO  metrics.RatisMetrics (RatisMetrics.java:lambda$create$0(36)) - Creating Metrics Registry : ratis.leader_election.971ea0da-63f5-4acb-8c67-7c1bd783a005@group-0F87E13491E8
2020-10-09 16:27:10,987 [pool-198-thread-1] INFO  metrics.RatisMetrics (RatisMetrics.java:lambda$create$0(36)) - Creating Metrics Registry : ratis.server.971ea0da-63f5-4acb-8c67-7c1bd783a005@group-0F87E13491E8
2020-10-09 16:27:10,988 [pool-198-thread-1] INFO  impl.RaftServerImpl (RaftServerImpl.java:start(209)) - 971ea0da-63f5-4acb-8c67-7c1bd783a005@group-0F87E13491E8: start as a follower, conf=-1: [971ea0da-63f5-4acb-8c67-7c1bd783a005:172.17.0.2:43703:0], old=null
2020-10-09 16:27:10,988 [pool-198-thread-1] INFO  impl.RaftServerImpl (RaftServerImpl.java:setRole(198)) - 971ea0da-63f5-4acb-8c67-7c1bd783a005@group-0F87E13491E8: changes role from      null to FOLLOWER at term 0 for startAsFollower
2020-10-09 16:27:10,988 [pool-198-thread-1] INFO  impl.RoleInfo (RoleInfo.java:updateAndGet(143)) - 971ea0da-63f5-4acb-8c67-7c1bd783a005: start FollowerState
2020-10-09 16:27:10,996 [pool-198-thread-1] INFO  util.JmxRegister (JmxRegister.java:tryRegister(44)) - Successfully registered JMX Bean with object name Ratis:service=RaftServer,group=group-0F87E13491E8,id=971ea0da-63f5-4acb-8c67-7c1bd783a005
2020-10-09 16:27:10,996 [pool-198-thread-1] INFO  metrics.RatisMetrics (RatisMetrics.java:lambda$create$0(36)) - Creating Metrics Registry : ratis.state_machine.971ea0da-63f5-4acb-8c67-7c1bd783a005@group-0F87E13491E8
2020-10-09 16:27:10,999 [Command processor thread] INFO  commandhandler.CreatePipelineCommandHandler (CreatePipelineCommandHandler.java:handle(110)) - Created Pipeline RATIS ONE #id: "751a2c45-bcaa-4724-b7c6-0f87e13491e8"
uuid128 {
  mostSigBits: 8438105529861687076
  leastSigBits: -5204455243106709016
}
.
2020-10-09 16:27:11,176 [Command processor thread] INFO  impl.RaftServerProxy (RaftServerProxy.java:addNew(92)) - 8a7ec526-2919-4356-824f-0c9004393949: addNew group-AA85CD6789DC:[8a7ec526-2919-4356-824f-0c9004393949:172.17.0.2:38681:0] returns group-AA85CD6789DC:java.util.concurrent.CompletableFuture@5e91dc8d[Not completed]
2020-10-09 16:27:11,178 [pool-213-thread-1] INFO  impl.RaftServerImpl (RaftServerImpl.java:<init>(120)) - 8a7ec526-2919-4356-824f-0c9004393949: new RaftServerImpl for group-AA85CD6789DC:[8a7ec526-2919-4356-824f-0c9004393949:172.17.0.2:38681:0] with ContainerStateMachine:uninitialized
2020-10-09 16:27:11,178 [pool-213-thread-1] INFO  server.RaftServerConfigKeys (ConfUtils.java:logGet(44)) - raft.server.rpc.timeout.min = 5s (custom)
2020-10-09 16:27:11,178 [pool-213-thread-1] INFO  server.RaftServerConfigKeys (ConfUtils.java:logGet(44)) - raft.server.rpc.timeout.max = 5200ms (custom)
2020-10-09 16:27:11,178 [pool-213-thread-1] INFO  server.RaftServerConfigKeys (ConfUtils.java:logGet(44)) - raft.server.rpcslowness.timeout = 300s (custom)
2020-10-09 16:27:11,178 [pool-213-thread-1] INFO  server.RaftServerConfigKeys (ConfUtils.java:logGet(44)) - raft.server.sleep.deviation.threshold = 300 (default)
2020-10-09 16:27:11,178 [pool-213-thread-1] INFO  server.RaftServerConfigKeys (ConfUtils.java:logGet(44)) - raft.server.log.appender.install.snapshot.enabled = false (custom)
2020-10-09 16:27:11,178 [pool-213-thread-1] INFO  impl.RaftServerImpl (ServerState.java:<init>(104)) - 8a7ec526-2919-4356-824f-0c9004393949@group-AA85CD6789DC: ConfigurationManager, init=-1: [8a7ec526-2919-4356-824f-0c9004393949:172.17.0.2:38681:0], old=null, confs=<EMPTY_MAP>
2020-10-09 16:27:11,179 [pool-213-thread-1] INFO  server.RaftServerConfigKeys (ConfUtils.java:logGet(44)) - raft.server.storage.dir = [/github/workspace/mnt/ozone/hadoop-ozone/integration-test/target/test-dir/MiniOzoneClusterImpl-c5028e9e-dbc6-4f7d-99b7-5a0387eddaa2/datanode-3/data/ratis] (custom)
2020-10-09 16:27:11,179 [pool-213-thread-1] INFO  server.RaftServerConfigKeys (ConfUtils.java:logGet(44)) - raft.server.log.corruption.policy = EXCEPTION (default)
2020-10-09 16:27:11,179 [pool-213-thread-1] INFO  storage.RaftStorageDirectory (RaftStorageDirectory.java:analyzeStorage(261)) - The storage directory /github/workspace/mnt/ozone/hadoop-ozone/integration-test/target/test-dir/MiniOzoneClusterImpl-c5028e9e-dbc6-4f7d-99b7-5a0387eddaa2/datanode-3/data/ratis/4552e9d3-6a06-4dfe-8a1b-aa85cd6789dc does not exist. Creating ...
2020-10-09 16:27:11,181 [pool-213-thread-1] INFO  storage.RaftStorageDirectory (RaftStorageDirectory.java:tryLock(343)) - Lock on /github/workspace/mnt/ozone/hadoop-ozone/integration-test/target/test-dir/MiniOzoneClusterImpl-c5028e9e-dbc6-4f7d-99b7-5a0387eddaa2/datanode-3/data/ratis/4552e9d3-6a06-4dfe-8a1b-aa85cd6789dc/in_use.lock acquired by nodename 48307@de266806e394
2020-10-09 16:27:11,182 [pool-213-thread-1] INFO  storage.RaftStorage (RaftStorage.java:format(84)) - Storage directory /github/workspace/mnt/ozone/hadoop-ozone/integration-test/target/test-dir/MiniOzoneClusterImpl-c5028e9e-dbc6-4f7d-99b7-5a0387eddaa2/datanode-3/data/ratis/4552e9d3-6a06-4dfe-8a1b-aa85cd6789dc has been successfully formatted.
2020-10-09 16:27:11,182 [pool-213-thread-1] INFO  ratis.ContainerStateMachine (ContainerStateMachine.java:loadSnapshot(225)) - group-AA85CD6789DC: The snapshot info is null. Setting the last applied indexto:(t:0, i:~)
2020-10-09 16:27:11,182 [pool-213-thread-1] INFO  server.RaftServerConfigKeys (ConfUtils.java:logGet(44)) - raft.server.notification.no-leader.timeout = 300s (custom)
2020-10-09 16:27:11,182 [pool-213-thread-1] INFO  server.RaftServerConfigKeys (ConfUtils.java:logGet(44)) - raft.server.log.use.memory = false (default)
2020-10-09 16:27:11,183 [pool-213-thread-1] INFO  server.RaftServerConfigKeys (ConfUtils.java:logGet(44)) - raft.server.log.purge.gap = 1000000 (custom)
2020-10-09 16:27:11,183 [pool-213-thread-1] INFO  metrics.RatisMetrics (RatisMetrics.java:lambda$create$0(36)) - Creating Metrics Registry : ratis.log_worker.8a7ec526-2919-4356-824f-0c9004393949@group-AA85CD6789DC
2020-10-09 16:27:11,183 [pool-213-thread-1] INFO  server.RaftServerConfigKeys (ConfUtils.java:logGet(44)) - raft.server.log.appender.buffer.byte-limit = 33554432 (custom)
2020-10-09 16:27:11,183 [pool-213-thread-1] INFO  server.RaftServerConfigKeys (ConfUtils.java:logGet(44)) - raft.server.log.segment.size.max = 1048576 (custom)
2020-10-09 16:27:11,184 [pool-213-thread-1] INFO  server.RaftServerConfigKeys (ConfUtils.java:logGet(44)) - raft.server.log.segment.cache.num.max = 2 (custom)
2020-10-09 16:27:11,184 [pool-213-thread-1] INFO  segmented.SegmentedRaftLogWorker (SegmentedRaftLogWorker.java:<init>(180)) - new 8a7ec526-2919-4356-824f-0c9004393949@group-AA85CD6789DC-SegmentedRaftLogWorker for RaftStorage:Storage Directory /github/workspace/mnt/ozone/hadoop-ozone/integration-test/target/test-dir/MiniOzoneClusterImpl-c5028e9e-dbc6-4f7d-99b7-5a0387eddaa2/datanode-3/data/ratis/4552e9d3-6a06-4dfe-8a1b-aa85cd6789dc
2020-10-09 16:27:11,183 [EventQueue-PipelineReportForPipelineReportHandler] INFO  pipeline.PipelineStateManager (PipelineStateManager.java:openPipeline(131)) - Pipeline Pipeline[ Id: 4552e9d3-6a06-4dfe-8a1b-aa85cd6789dc, Nodes: 8a7ec526-2919-4356-824f-0c9004393949{ip: 172.17.0.2, host: de266806e394, networkLocation: /default-rack, certSerialId: null}, Type:RATIS, Factor:ONE, State:ALLOCATED, leaderId:8a7ec526-2919-4356-824f-0c9004393949, CreationTimestamp2020-10-09T16:27:08.178Z] moved to OPEN state
2020-10-09 16:27:11,184 [pool-213-thread-1] INFO  server.RaftServerConfigKeys (ConfUtils.java:logGet(44)) - raft.server.log.queue.byte-limit = 2147483647 (custom)
2020-10-09 16:27:11,184 [EventQueue-OpenPipelineForOneReplicaPipelineSafeModeRule] INFO  safemode.SCMSafeModeManager (SCMSafeModeManager.java:validateSafeModeExitRules(214)) - AtleastOneDatanodeReportedRule rule is successfully validated
2020-10-09 16:27:11,184 [pool-213-thread-1] INFO  server.RaftServerConfigKeys (ConfUtils.java:logGet(44)) - raft.server.log.queue.element-limit = 1024 (custom)
2020-10-09 16:27:11,184 [EventQueue-OpenPipelineForHealthyPipelineSafeModeRule] INFO  safemode.SCMSafeModeManager (HealthyPipelineSafeModeRule.java:process(129)) - SCM in safe mode. Healthy pipelines reported count is 0, required healthy pipeline reported count is 1
2020-10-09 16:27:11,184 [pool-213-thread-1] INFO  server.RaftServerConfigKeys (ConfUtils.java:logGet(44)) - raft.server.log.segment.size.max = 1048576 (custom)
2020-10-09 16:27:11,184 [pool-213-thread-1] INFO  server.RaftServerConfigKeys (ConfUtils.java:logGet(44)) - raft.server.log.preallocated.size = 16384 (custom)
2020-10-09 16:27:11,184 [pool-213-thread-1] INFO  server.RaftServerConfigKeys (ConfUtils.java:logGet(44)) - raft.server.log.write.buffer.size = 1048576 (custom)
2020-10-09 16:27:11,185 [pool-213-thread-1] INFO  server.RaftServerConfigKeys (ConfUtils.java:logGet(44)) - raft.server.log.force.sync.num = 128 (default)
2020-10-09 16:27:11,185 [pool-213-thread-1] INFO  server.RaftServerConfigKeys (ConfUtils.java:logGet(44)) - raft.server.log.statemachine.data.sync = true (default)
2020-10-09 16:27:11,185 [pool-213-thread-1] INFO  server.RaftServerConfigKeys (ConfUtils.java:logGet(44)) - raft.server.log.statemachine.data.sync.timeout = 10s (default)
2020-10-09 16:27:11,185 [pool-213-thread-1] INFO  server.RaftServerConfigKeys (ConfUtils.java:logGet(44)) - raft.server.log.statemachine.data.sync.timeout.retry = -1 (default)
2020-10-09 16:27:11,187 [pool-213-thread-1] INFO  server.RaftServerConfigKeys (ConfUtils.java:logGet(44)) - raft.server.log.statemachine.data.caching.enabled = true (custom)
2020-10-09 16:27:11,187 [pool-213-thread-1] INFO  segmented.SegmentedRaftLogWorker (SegmentedRaftLogWorker.java:lambda$new$0(129)) - 8a7ec526-2919-4356-824f-0c9004393949@group-AA85CD6789DC-SegmentedRaftLogWorker: flushIndex: setUnconditionally 0 -> -1
2020-10-09 16:27:11,187 [pool-213-thread-1] INFO  segmented.SegmentedRaftLogWorker (SegmentedRaftLogWorker.java:lambda$new$0(129)) - 8a7ec526-2919-4356-824f-0c9004393949@group-AA85CD6789DC-SegmentedRaftLogWorker: safeCacheEvictIndex: setUnconditionally 0 -> -1
2020-10-09 16:27:11,194 [pool-213-thread-1] INFO  server.RaftServerConfigKeys (ConfUtils.java:logGet(44)) - raft.server.snapshot.auto.trigger.enabled = true (custom)
2020-10-09 16:27:11,194 [pool-213-thread-1] INFO  server.RaftServerConfigKeys (ConfUtils.java:logGet(44)) - raft.server.snapshot.auto.trigger.threshold = 10000 (custom)
2020-10-09 16:27:11,194 [pool-213-thread-1] INFO  server.RaftServerConfigKeys (ConfUtils.java:logGet(44)) - raft.server.snapshot.retention.file.num = 5 (custom)
2020-10-09 16:27:11,194 [pool-213-thread-1] INFO  server.RaftServerConfigKeys (ConfUtils.java:logGet(44)) - raft.server.log.purge.upto.snapshot.index = false (default)
2020-10-09 16:27:11,194 [pool-213-thread-1] INFO  server.RaftServerConfigKeys (ConfUtils.java:logGet(44)) - raft.server.retrycache.expirytime = 600000ms (custom)
2020-10-09 16:27:11,194 [pool-213-thread-1] INFO  metrics.RatisMetrics (RatisMetrics.java:lambda$create$0(36)) - Creating Metrics Registry : ratis.leader_election.8a7ec526-2919-4356-824f-0c9004393949@group-AA85CD6789DC
2020-10-09 16:27:11,195 [pool-213-thread-1] INFO  metrics.RatisMetrics (RatisMetrics.java:lambda$create$0(36)) - Creating Metrics Registry : ratis.server.8a7ec526-2919-4356-824f-0c9004393949@group-AA85CD6789DC
2020-10-09 16:27:11,196 [pool-213-thread-1] INFO  impl.RaftServerImpl (RaftServerImpl.java:start(209)) - 8a7ec526-2919-4356-824f-0c9004393949@group-AA85CD6789DC: start as a follower, conf=-1: [8a7ec526-2919-4356-824f-0c9004393949:172.17.0.2:38681:0], old=null
2020-10-09 16:27:11,196 [pool-213-thread-1] INFO  impl.RaftServerImpl (RaftServerImpl.java:setRole(198)) - 8a7ec526-2919-4356-824f-0c9004393949@group-AA85CD6789DC: changes role from      null to FOLLOWER at term 0 for startAsFollower
2020-10-09 16:27:11,196 [pool-213-thread-1] INFO  impl.RoleInfo (RoleInfo.java:updateAndGet(143)) - 8a7ec526-2919-4356-824f-0c9004393949: start FollowerState
2020-10-09 16:27:11,196 [pool-213-thread-1] INFO  util.JmxRegister (JmxRegister.java:tryRegister(44)) - Successfully registered JMX Bean with object name Ratis:service=RaftServer,group=group-AA85CD6789DC,id=8a7ec526-2919-4356-824f-0c9004393949
2020-10-09 16:27:11,197 [pool-213-thread-1] INFO  metrics.RatisMetrics (RatisMetrics.java:lambda$create$0(36)) - Creating Metrics Registry : ratis.state_machine.8a7ec526-2919-4356-824f-0c9004393949@group-AA85CD6789DC
2020-10-09 16:27:11,198 [Command processor thread] INFO  commandhandler.CreatePipelineCommandHandler (CreatePipelineCommandHandler.java:handle(110)) - Created Pipeline RATIS ONE #id: "4552e9d3-6a06-4dfe-8a1b-aa85cd6789dc"
uuid128 {
  mostSigBits: 4995312030933470718
  leastSigBits: -8495008780450821668
}
.
2020-10-09 16:27:11,198 [Command processor thread] INFO  impl.RaftServerProxy (RaftServerProxy.java:addNew(92)) - 8a7ec526-2919-4356-824f-0c9004393949: addNew group-DB9F3DA368AF:[42f7c000-5a7c-41d7-b460-f0da582d6e91:172.17.0.2:41595:0, b7ae438d-d84f-4f04-b6fa-052f047e56a0:172.17.0.2:40771:0, 8a7ec526-2919-4356-824f-0c9004393949:172.17.0.2:38681:0] returns group-DB9F3DA368AF:java.util.concurrent.CompletableFuture@5aae4387[Not completed]
2020-10-09 16:27:11,199 [pool-213-thread-1] INFO  impl.RaftServerImpl (RaftServerImpl.java:<init>(120)) - 8a7ec526-2919-4356-824f-0c9004393949: new RaftServerImpl for group-DB9F3DA368AF:[42f7c000-5a7c-41d7-b460-f0da582d6e91:172.17.0.2:41595:0, b7ae438d-d84f-4f04-b6fa-052f047e56a0:172.17.0.2:40771:0, 8a7ec526-2919-4356-824f-0c9004393949:172.17.0.2:38681:0] with ContainerStateMachine:uninitialized
2020-10-09 16:27:11,199 [pool-213-thread-1] INFO  server.RaftServerConfigKeys (ConfUtils.java:logGet(44)) - raft.server.rpc.timeout.min = 5s (custom)
2020-10-09 16:27:11,199 [pool-213-thread-1] INFO  server.RaftServerConfigKeys (ConfUtils.java:logGet(44)) - raft.server.rpc.timeout.max = 5200ms (custom)
2020-10-09 16:27:11,199 [pool-213-thread-1] INFO  server.RaftServerConfigKeys (ConfUtils.java:logGet(44)) - raft.server.rpcslowness.timeout = 300s (custom)
2020-10-09 16:27:11,200 [pool-213-thread-1] INFO  server.RaftServerConfigKeys (ConfUtils.java:logGet(44)) - raft.server.sleep.deviation.threshold = 300 (default)
2020-10-09 16:27:11,200 [pool-213-thread-1] INFO  server.RaftServerConfigKeys (ConfUtils.java:logGet(44)) - raft.server.log.appender.install.snapshot.enabled = false (custom)
2020-10-09 16:27:11,200 [pool-213-thread-1] INFO  impl.RaftServerImpl (ServerState.java:<init>(104)) - 8a7ec526-2919-4356-824f-0c9004393949@group-DB9F3DA368AF: ConfigurationManager, init=-1: [42f7c000-5a7c-41d7-b460-f0da582d6e91:172.17.0.2:41595:0, b7ae438d-d84f-4f04-b6fa-052f047e56a0:172.17.0.2:40771:0, 8a7ec526-2919-4356-824f-0c9004393949:172.17.0.2:38681:0], old=null, confs=<EMPTY_MAP>
2020-10-09 16:27:11,200 [pool-213-thread-1] INFO  server.RaftServerConfigKeys (ConfUtils.java:logGet(44)) - raft.server.storage.dir = [/github/workspace/mnt/ozone/hadoop-ozone/integration-test/target/test-dir/MiniOzoneClusterImpl-c5028e9e-dbc6-4f7d-99b7-5a0387eddaa2/datanode-3/data/ratis] (custom)
2020-10-09 16:27:11,200 [pool-213-thread-1] INFO  server.RaftServerConfigKeys (ConfUtils.java:logGet(44)) - raft.server.log.corruption.policy = EXCEPTION (default)
2020-10-09 16:27:11,200 [pool-213-thread-1] INFO  storage.RaftStorageDirectory (RaftStorageDirectory.java:analyzeStorage(261)) - The storage directory /github/workspace/mnt/ozone/hadoop-ozone/integration-test/target/test-dir/MiniOzoneClusterImpl-c5028e9e-dbc6-4f7d-99b7-5a0387eddaa2/datanode-3/data/ratis/8503b725-867c-4cb1-90e8-db9f3da368af does not exist. Creating ...
2020-10-09 16:27:11,202 [pool-213-thread-1] INFO  storage.RaftStorageDirectory (RaftStorageDirectory.java:tryLock(343)) - Lock on /github/workspace/mnt/ozone/hadoop-ozone/integration-test/target/test-dir/MiniOzoneClusterImpl-c5028e9e-dbc6-4f7d-99b7-5a0387eddaa2/datanode-3/data/ratis/8503b725-867c-4cb1-90e8-db9f3da368af/in_use.lock acquired by nodename 48307@de266806e394
2020-10-09 16:27:11,207 [pool-213-thread-1] INFO  storage.RaftStorage (RaftStorage.java:format(84)) - Storage directory /github/workspace/mnt/ozone/hadoop-ozone/integration-test/target/test-dir/MiniOzoneClusterImpl-c5028e9e-dbc6-4f7d-99b7-5a0387eddaa2/datanode-3/data/ratis/8503b725-867c-4cb1-90e8-db9f3da368af has been successfully formatted.
2020-10-09 16:27:11,208 [pool-213-thread-1] INFO  ratis.ContainerStateMachine (ContainerStateMachine.java:loadSnapshot(225)) - group-DB9F3DA368AF: The snapshot info is null. Setting the last applied indexto:(t:0, i:~)
2020-10-09 16:27:11,209 [pool-213-thread-1] INFO  server.RaftServerConfigKeys (ConfUtils.java:logGet(44)) - raft.server.notification.no-leader.timeout = 300s (custom)
2020-10-09 16:27:11,210 [pool-213-thread-1] INFO  server.RaftServerConfigKeys (ConfUtils.java:logGet(44)) - raft.server.log.use.memory = false (default)
2020-10-09 16:27:11,210 [pool-213-thread-1] INFO  server.RaftServerConfigKeys (ConfUtils.java:logGet(44)) - raft.server.log.purge.gap = 1000000 (custom)
2020-10-09 16:27:11,210 [pool-213-thread-1] INFO  metrics.RatisMetrics (RatisMetrics.java:lambda$create$0(36)) - Creating Metrics Registry : ratis.log_worker.8a7ec526-2919-4356-824f-0c9004393949@group-DB9F3DA368AF
2020-10-09 16:27:11,210 [pool-213-thread-1] INFO  server.RaftServerConfigKeys (ConfUtils.java:logGet(44)) - raft.server.log.appender.buffer.byte-limit = 33554432 (custom)
2020-10-09 16:27:11,210 [pool-213-thread-1] INFO  server.RaftServerConfigKeys (ConfUtils.java:logGet(44)) - raft.server.log.segment.size.max = 1048576 (custom)
2020-10-09 16:27:11,211 [pool-213-thread-1] INFO  server.RaftServerConfigKeys (ConfUtils.java:logGet(44)) - raft.server.log.segment.cache.num.max = 2 (custom)
2020-10-09 16:27:11,211 [pool-213-thread-1] INFO  segmented.SegmentedRaftLogWorker (SegmentedRaftLogWorker.java:<init>(180)) - new 8a7ec526-2919-4356-824f-0c9004393949@group-DB9F3DA368AF-SegmentedRaftLogWorker for RaftStorage:Storage Directory /github/workspace/mnt/ozone/hadoop-ozone/integration-test/target/test-dir/MiniOzoneClusterImpl-c5028e9e-dbc6-4f7d-99b7-5a0387eddaa2/datanode-3/data/ratis/8503b725-867c-4cb1-90e8-db9f3da368af
2020-10-09 16:27:11,211 [pool-213-thread-1] INFO  server.RaftServerConfigKeys (ConfUtils.java:logGet(44)) - raft.server.log.queue.byte-limit = 2147483647 (custom)
2020-10-09 16:27:11,211 [pool-213-thread-1] INFO  server.RaftServerConfigKeys (ConfUtils.java:logGet(44)) - raft.server.log.queue.element-limit = 1024 (custom)
2020-10-09 16:27:11,211 [pool-213-thread-1] INFO  server.RaftServerConfigKeys (ConfUtils.java:logGet(44)) - raft.server.log.segment.size.max = 1048576 (custom)
2020-10-09 16:27:11,211 [pool-213-thread-1] INFO  server.RaftServerConfigKeys (ConfUtils.java:logGet(44)) - raft.server.log.preallocated.size = 16384 (custom)
2020-10-09 16:27:11,211 [pool-213-thread-1] INFO  server.RaftServerConfigKeys (ConfUtils.java:logGet(44)) - raft.server.log.write.buffer.size = 1048576 (custom)
2020-10-09 16:27:11,212 [pool-213-thread-1] INFO  server.RaftServerConfigKeys (ConfUtils.java:logGet(44)) - raft.server.log.force.sync.num = 128 (default)
2020-10-09 16:27:11,212 [pool-213-thread-1] INFO  server.RaftServerConfigKeys (ConfUtils.java:logGet(44)) - raft.server.log.statemachine.data.sync = true (default)
2020-10-09 16:27:11,212 [pool-213-thread-1] INFO  server.RaftServerConfigKeys (ConfUtils.java:logGet(44)) - raft.server.log.statemachine.data.sync.timeout = 10s (default)
2020-10-09 16:27:11,212 [pool-213-thread-1] INFO  server.RaftServerConfigKeys (ConfUtils.java:logGet(44)) - raft.server.log.statemachine.data.sync.timeout.retry = -1 (default)
2020-10-09 16:27:11,214 [pool-213-thread-1] INFO  server.RaftServerConfigKeys (ConfUtils.java:logGet(44)) - raft.server.log.statemachine.data.caching.enabled = true (custom)
2020-10-09 16:27:11,215 [pool-213-thread-1] INFO  segmented.SegmentedRaftLogWorker (SegmentedRaftLogWorker.java:lambda$new$0(129)) - 8a7ec526-2919-4356-824f-0c9004393949@group-DB9F3DA368AF-SegmentedRaftLogWorker: flushIndex: setUnconditionally 0 -> -1
2020-10-09 16:27:11,215 [pool-213-thread-1] INFO  segmented.SegmentedRaftLogWorker (SegmentedRaftLogWorker.java:lambda$new$0(129)) - 8a7ec526-2919-4356-824f-0c9004393949@group-DB9F3DA368AF-SegmentedRaftLogWorker: safeCacheEvictIndex: setUnconditionally 0 -> -1
2020-10-09 16:27:11,215 [pool-213-thread-1] INFO  server.RaftServerConfigKeys (ConfUtils.java:logGet(44)) - raft.server.snapshot.auto.trigger.enabled = true (custom)
2020-10-09 16:27:11,215 [pool-213-thread-1] INFO  server.RaftServerConfigKeys (ConfUtils.java:logGet(44)) - raft.server.snapshot.auto.trigger.threshold = 10000 (custom)
2020-10-09 16:27:11,215 [pool-213-thread-1] INFO  server.RaftServerConfigKeys (ConfUtils.java:logGet(44)) - raft.server.snapshot.retention.file.num = 5 (custom)
2020-10-09 16:27:11,215 [pool-213-thread-1] INFO  server.RaftServerConfigKeys (ConfUtils.java:logGet(44)) - raft.server.log.purge.upto.snapshot.index = false (default)
2020-10-09 16:27:11,215 [pool-213-thread-1] INFO  server.RaftServerConfigKeys (ConfUtils.java:logGet(44)) - raft.server.retrycache.expirytime = 600000ms (custom)
2020-10-09 16:27:11,215 [pool-213-thread-1] INFO  metrics.RatisMetrics (RatisMetrics.java:lambda$create$0(36)) - Creating Metrics Registry : ratis.leader_election.8a7ec526-2919-4356-824f-0c9004393949@group-DB9F3DA368AF
2020-10-09 16:27:11,216 [pool-213-thread-1] INFO  metrics.RatisMetrics (RatisMetrics.java:lambda$create$0(36)) - Creating Metrics Registry : ratis.server.8a7ec526-2919-4356-824f-0c9004393949@group-DB9F3DA368AF
2020-10-09 16:27:11,218 [pool-213-thread-1] INFO  impl.RaftServerImpl (RaftServerImpl.java:start(209)) - 8a7ec526-2919-4356-824f-0c9004393949@group-DB9F3DA368AF: start as a follower, conf=-1: [42f7c000-5a7c-41d7-b460-f0da582d6e91:172.17.0.2:41595:0, b7ae438d-d84f-4f04-b6fa-052f047e56a0:172.17.0.2:40771:0, 8a7ec526-2919-4356-824f-0c9004393949:172.17.0.2:38681:0], old=null
2020-10-09 16:27:11,218 [pool-213-thread-1] INFO  impl.RaftServerImpl (RaftServerImpl.java:setRole(198)) - 8a7ec526-2919-4356-824f-0c9004393949@group-DB9F3DA368AF: changes role from      null to FOLLOWER at term 0 for startAsFollower
2020-10-09 16:27:11,218 [pool-213-thread-1] INFO  impl.RoleInfo (RoleInfo.java:updateAndGet(143)) - 8a7ec526-2919-4356-824f-0c9004393949: start FollowerState
2020-10-09 16:27:11,219 [pool-213-thread-1] INFO  util.JmxRegister (JmxRegister.java:tryRegister(44)) - Successfully registered JMX Bean with object name Ratis:service=RaftServer,group=group-DB9F3DA368AF,id=8a7ec526-2919-4356-824f-0c9004393949
2020-10-09 16:27:11,219 [pool-213-thread-1] INFO  metrics.RatisMetrics (RatisMetrics.java:lambda$create$0(36)) - Creating Metrics Registry : ratis.state_machine.8a7ec526-2919-4356-824f-0c9004393949@group-DB9F3DA368AF
2020-10-09 16:27:11,221 [Command processor thread] INFO  metrics.RatisMetrics (RatisMetrics.java:lambda$create$0(36)) - Creating Metrics Registry : ratis.client_message_metrics.client-5A0DC3EBCBF9->b7ae438d-d84f-4f04-b6fa-052f047e56a0
2020-10-09 16:27:11,230 [grpc-default-executor-3] INFO  metrics.RatisMetrics (RatisMetrics.java:lambda$create$0(36)) - Creating Metrics Registry : ratis.server_message_metrics.b7ae438d-d84f-4f04-b6fa-052f047e56a0
2020-10-09 16:27:11,242 [grpc-default-executor-3] INFO  impl.RaftServerProxy (RaftServerProxy.java:addNew(92)) - b7ae438d-d84f-4f04-b6fa-052f047e56a0: addNew group-DB9F3DA368AF:[42f7c000-5a7c-41d7-b460-f0da582d6e91:172.17.0.2:41595:0, b7ae438d-d84f-4f04-b6fa-052f047e56a0:172.17.0.2:40771:0, 8a7ec526-2919-4356-824f-0c9004393949:172.17.0.2:38681:0] returns group-DB9F3DA368AF:java.util.concurrent.CompletableFuture@1ef14c7d[Not completed]
2020-10-09 16:27:11,243 [pool-228-thread-1] INFO  impl.RaftServerImpl (RaftServerImpl.java:<init>(120)) - b7ae438d-d84f-4f04-b6fa-052f047e56a0: new RaftServerImpl for group-DB9F3DA368AF:[42f7c000-5a7c-41d7-b460-f0da582d6e91:172.17.0.2:41595:0, b7ae438d-d84f-4f04-b6fa-052f047e56a0:172.17.0.2:40771:0, 8a7ec526-2919-4356-824f-0c9004393949:172.17.0.2:38681:0] with ContainerStateMachine:uninitialized
2020-10-09 16:27:11,243 [pool-228-thread-1] INFO  server.RaftServerConfigKeys (ConfUtils.java:logGet(44)) - raft.server.rpc.timeout.min = 5s (custom)
2020-10-09 16:27:11,243 [pool-228-thread-1] INFO  server.RaftServerConfigKeys (ConfUtils.java:logGet(44)) - raft.server.rpc.timeout.max = 5200ms (custom)
2020-10-09 16:27:11,243 [pool-228-thread-1] INFO  server.RaftServerConfigKeys (ConfUtils.java:logGet(44)) - raft.server.rpcslowness.timeout = 300s (custom)
2020-10-09 16:27:11,243 [pool-228-thread-1] INFO  server.RaftServerConfigKeys (ConfUtils.java:logGet(44)) - raft.server.sleep.deviation.threshold = 300 (default)
2020-10-09 16:27:11,243 [pool-228-thread-1] INFO  server.RaftServerConfigKeys (ConfUtils.java:logGet(44)) - raft.server.log.appender.install.snapshot.enabled = false (custom)
2020-10-09 16:27:11,244 [pool-228-thread-1] INFO  impl.RaftServerImpl (ServerState.java:<init>(104)) - b7ae438d-d84f-4f04-b6fa-052f047e56a0@group-DB9F3DA368AF: ConfigurationManager, init=-1: [42f7c000-5a7c-41d7-b460-f0da582d6e91:172.17.0.2:41595:0, b7ae438d-d84f-4f04-b6fa-052f047e56a0:172.17.0.2:40771:0, 8a7ec526-2919-4356-824f-0c9004393949:172.17.0.2:38681:0], old=null, confs=<EMPTY_MAP>
2020-10-09 16:27:11,244 [pool-228-thread-1] INFO  server.RaftServerConfigKeys (ConfUtils.java:logGet(44)) - raft.server.storage.dir = [/github/workspace/mnt/ozone/hadoop-ozone/integration-test/target/test-dir/MiniOzoneClusterImpl-c5028e9e-dbc6-4f7d-99b7-5a0387eddaa2/datanode-4/data/ratis] (custom)
2020-10-09 16:27:11,244 [pool-228-thread-1] INFO  server.RaftServerConfigKeys (ConfUtils.java:logGet(44)) - raft.server.log.corruption.policy = EXCEPTION (default)
2020-10-09 16:27:11,244 [pool-228-thread-1] INFO  storage.RaftStorageDirectory (RaftStorageDirectory.java:analyzeStorage(261)) - The storage directory /github/workspace/mnt/ozone/hadoop-ozone/integration-test/target/test-dir/MiniOzoneClusterImpl-c5028e9e-dbc6-4f7d-99b7-5a0387eddaa2/datanode-4/data/ratis/8503b725-867c-4cb1-90e8-db9f3da368af does not exist. Creating ...
2020-10-09 16:27:11,246 [pool-228-thread-1] INFO  storage.RaftStorageDirectory (RaftStorageDirectory.java:tryLock(343)) - Lock on /github/workspace/mnt/ozone/hadoop-ozone/integration-test/target/test-dir/MiniOzoneClusterImpl-c5028e9e-dbc6-4f7d-99b7-5a0387eddaa2/datanode-4/data/ratis/8503b725-867c-4cb1-90e8-db9f3da368af/in_use.lock acquired by nodename 48307@de266806e394
2020-10-09 16:27:11,248 [pool-228-thread-1] INFO  storage.RaftStorage (RaftStorage.java:format(84)) - Storage directory /github/workspace/mnt/ozone/hadoop-ozone/integration-test/target/test-dir/MiniOzoneClusterImpl-c5028e9e-dbc6-4f7d-99b7-5a0387eddaa2/datanode-4/data/ratis/8503b725-867c-4cb1-90e8-db9f3da368af has been successfully formatted.
2020-10-09 16:27:11,249 [pool-228-thread-1] INFO  ratis.ContainerStateMachine (ContainerStateMachine.java:loadSnapshot(225)) - group-DB9F3DA368AF: The snapshot info is null. Setting the last applied indexto:(t:0, i:~)
2020-10-09 16:27:11,250 [pool-228-thread-1] INFO  server.RaftServerConfigKeys (ConfUtils.java:logGet(44)) - raft.server.notification.no-leader.timeout = 300s (custom)
2020-10-09 16:27:11,251 [pool-228-thread-1] INFO  server.RaftServerConfigKeys (ConfUtils.java:logGet(44)) - raft.server.log.use.memory = false (default)
2020-10-09 16:27:11,251 [pool-228-thread-1] INFO  server.RaftServerConfigKeys (ConfUtils.java:logGet(44)) - raft.server.log.purge.gap = 1000000 (custom)
2020-10-09 16:27:11,251 [pool-228-thread-1] INFO  metrics.RatisMetrics (RatisMetrics.java:lambda$create$0(36)) - Creating Metrics Registry : ratis.log_worker.b7ae438d-d84f-4f04-b6fa-052f047e56a0@group-DB9F3DA368AF
2020-10-09 16:27:11,253 [pool-228-thread-1] INFO  server.RaftServerConfigKeys (ConfUtils.java:logGet(44)) - raft.server.log.appender.buffer.byte-limit = 33554432 (custom)
2020-10-09 16:27:11,253 [pool-228-thread-1] INFO  server.RaftServerConfigKeys (ConfUtils.java:logGet(44)) - raft.server.log.segment.size.max = 1048576 (custom)
2020-10-09 16:27:11,254 [pool-228-thread-1] INFO  server.RaftServerConfigKeys (ConfUtils.java:logGet(44)) - raft.server.log.segment.cache.num.max = 2 (custom)
2020-10-09 16:27:11,254 [pool-228-thread-1] INFO  segmented.SegmentedRaftLogWorker (SegmentedRaftLogWorker.java:<init>(180)) - new b7ae438d-d84f-4f04-b6fa-052f047e56a0@group-DB9F3DA368AF-SegmentedRaftLogWorker for RaftStorage:Storage Directory /github/workspace/mnt/ozone/hadoop-ozone/integration-test/target/test-dir/MiniOzoneClusterImpl-c5028e9e-dbc6-4f7d-99b7-5a0387eddaa2/datanode-4/data/ratis/8503b725-867c-4cb1-90e8-db9f3da368af
2020-10-09 16:27:11,254 [pool-228-thread-1] INFO  server.RaftServerConfigKeys (ConfUtils.java:logGet(44)) - raft.server.log.queue.byte-limit = 2147483647 (custom)
2020-10-09 16:27:11,254 [pool-228-thread-1] INFO  server.RaftServerConfigKeys (ConfUtils.java:logGet(44)) - raft.server.log.queue.element-limit = 1024 (custom)
2020-10-09 16:27:11,254 [pool-228-thread-1] INFO  server.RaftServerConfigKeys (ConfUtils.java:logGet(44)) - raft.server.log.segment.size.max = 1048576 (custom)
2020-10-09 16:27:11,254 [pool-228-thread-1] INFO  server.RaftServerConfigKeys (ConfUtils.java:logGet(44)) - raft.server.log.preallocated.size = 16384 (custom)
2020-10-09 16:27:11,254 [pool-228-thread-1] INFO  server.RaftServerConfigKeys (ConfUtils.java:logGet(44)) - raft.server.log.write.buffer.size = 1048576 (custom)
2020-10-09 16:27:11,254 [pool-228-thread-1] INFO  server.RaftServerConfigKeys (ConfUtils.java:logGet(44)) - raft.server.log.force.sync.num = 128 (default)
2020-10-09 16:27:11,254 [pool-228-thread-1] INFO  server.RaftServerConfigKeys (ConfUtils.java:logGet(44)) - raft.server.log.statemachine.data.sync = true (default)
2020-10-09 16:27:11,255 [pool-228-thread-1] INFO  server.RaftServerConfigKeys (ConfUtils.java:logGet(44)) - raft.server.log.statemachine.data.sync.timeout = 10s (default)
2020-10-09 16:27:11,255 [pool-228-thread-1] INFO  server.RaftServerConfigKeys (ConfUtils.java:logGet(44)) - raft.server.log.statemachine.data.sync.timeout.retry = -1 (default)
2020-10-09 16:27:11,256 [pool-228-thread-1] INFO  server.RaftServerConfigKeys (ConfUtils.java:logGet(44)) - raft.server.log.statemachine.data.caching.enabled = true (custom)
2020-10-09 16:27:11,256 [pool-228-thread-1] INFO  segmented.SegmentedRaftLogWorker (SegmentedRaftLogWorker.java:lambda$new$0(129)) - b7ae438d-d84f-4f04-b6fa-052f047e56a0@group-DB9F3DA368AF-SegmentedRaftLogWorker: flushIndex: setUnconditionally 0 -> -1
2020-10-09 16:27:11,256 [pool-228-thread-1] INFO  segmented.SegmentedRaftLogWorker (SegmentedRaftLogWorker.java:lambda$new$0(129)) - b7ae438d-d84f-4f04-b6fa-052f047e56a0@group-DB9F3DA368AF-SegmentedRaftLogWorker: safeCacheEvictIndex: setUnconditionally 0 -> -1
2020-10-09 16:27:11,259 [pool-228-thread-1] INFO  server.RaftServerConfigKeys (ConfUtils.java:logGet(44)) - raft.server.snapshot.auto.trigger.enabled = true (custom)
2020-10-09 16:27:11,259 [pool-228-thread-1] INFO  server.RaftServerConfigKeys (ConfUtils.java:logGet(44)) - raft.server.snapshot.auto.trigger.threshold = 10000 (custom)
2020-10-09 16:27:11,260 [pool-228-thread-1] INFO  server.RaftServerConfigKeys (ConfUtils.java:logGet(44)) - raft.server.snapshot.retention.file.num = 5 (custom)
2020-10-09 16:27:11,260 [pool-228-thread-1] INFO  server.RaftServerConfigKeys (ConfUtils.java:logGet(44)) - raft.server.log.purge.upto.snapshot.index = false (default)
2020-10-09 16:27:11,260 [pool-228-thread-1] INFO  server.RaftServerConfigKeys (ConfUtils.java:logGet(44)) - raft.server.retrycache.expirytime = 600000ms (custom)
2020-10-09 16:27:11,260 [pool-228-thread-1] INFO  metrics.RatisMetrics (RatisMetrics.java:lambda$create$0(36)) - Creating Metrics Registry : ratis.leader_election.b7ae438d-d84f-4f04-b6fa-052f047e56a0@group-DB9F3DA368AF
2020-10-09 16:27:11,260 [pool-228-thread-1] INFO  metrics.RatisMetrics (RatisMetrics.java:lambda$create$0(36)) - Creating Metrics Registry : ratis.server.b7ae438d-d84f-4f04-b6fa-052f047e56a0@group-DB9F3DA368AF
2020-10-09 16:27:11,262 [pool-228-thread-1] INFO  impl.RaftServerImpl (RaftServerImpl.java:start(209)) - b7ae438d-d84f-4f04-b6fa-052f047e56a0@group-DB9F3DA368AF: start as a follower, conf=-1: [42f7c000-5a7c-41d7-b460-f0da582d6e91:172.17.0.2:41595:0, b7ae438d-d84f-4f04-b6fa-052f047e56a0:172.17.0.2:40771:0, 8a7ec526-2919-4356-824f-0c9004393949:172.17.0.2:38681:0], old=null
2020-10-09 16:27:11,262 [pool-228-thread-1] INFO  impl.RaftServerImpl (RaftServerImpl.java:setRole(198)) - b7ae438d-d84f-4f04-b6fa-052f047e56a0@group-DB9F3DA368AF: changes role from      null to FOLLOWER at term 0 for startAsFollower
2020-10-09 16:27:11,263 [pool-228-thread-1] INFO  impl.RoleInfo (RoleInfo.java:updateAndGet(143)) - b7ae438d-d84f-4f04-b6fa-052f047e56a0: start FollowerState
2020-10-09 16:27:11,266 [pool-228-thread-1] INFO  util.JmxRegister (JmxRegister.java:tryRegister(44)) - Successfully registered JMX Bean with object name Ratis:service=RaftServer,group=group-DB9F3DA368AF,id=b7ae438d-d84f-4f04-b6fa-052f047e56a0
2020-10-09 16:27:11,266 [pool-228-thread-1] INFO  metrics.RatisMetrics (RatisMetrics.java:lambda$create$0(36)) - Creating Metrics Registry : ratis.state_machine.b7ae438d-d84f-4f04-b6fa-052f047e56a0@group-DB9F3DA368AF
2020-10-09 16:27:11,277 [Command processor thread] INFO  metrics.RatisMetrics (RatisMetrics.java:lambda$create$0(36)) - Creating Metrics Registry : ratis.client_message_metrics.client-9156E203A024->42f7c000-5a7c-41d7-b460-f0da582d6e91
2020-10-09 16:27:11,283 [grpc-default-executor-3] INFO  metrics.RatisMetrics (RatisMetrics.java:lambda$create$0(36)) - Creating Metrics Registry : ratis.server_message_metrics.42f7c000-5a7c-41d7-b460-f0da582d6e91
2020-10-09 16:27:11,285 [grpc-default-executor-3] INFO  impl.RaftServerProxy (RaftServerProxy.java:addNew(92)) - 42f7c000-5a7c-41d7-b460-f0da582d6e91: addNew group-DB9F3DA368AF:[42f7c000-5a7c-41d7-b460-f0da582d6e91:172.17.0.2:41595:0, b7ae438d-d84f-4f04-b6fa-052f047e56a0:172.17.0.2:40771:0, 8a7ec526-2919-4356-824f-0c9004393949:172.17.0.2:38681:0] returns group-DB9F3DA368AF:java.util.concurrent.CompletableFuture@7841869f[Not completed]
2020-10-09 16:27:11,291 [pool-243-thread-1] INFO  impl.RaftServerImpl (RaftServerImpl.java:<init>(120)) - 42f7c000-5a7c-41d7-b460-f0da582d6e91: new RaftServerImpl for group-DB9F3DA368AF:[42f7c000-5a7c-41d7-b460-f0da582d6e91:172.17.0.2:41595:0, b7ae438d-d84f-4f04-b6fa-052f047e56a0:172.17.0.2:40771:0, 8a7ec526-2919-4356-824f-0c9004393949:172.17.0.2:38681:0] with ContainerStateMachine:uninitialized
2020-10-09 16:27:11,291 [pool-243-thread-1] INFO  server.RaftServerConfigKeys (ConfUtils.java:logGet(44)) - raft.server.rpc.timeout.min = 5s (custom)
2020-10-09 16:27:11,291 [pool-243-thread-1] INFO  server.RaftServerConfigKeys (ConfUtils.java:logGet(44)) - raft.server.rpc.timeout.max = 5200ms (custom)
2020-10-09 16:27:11,291 [pool-243-thread-1] INFO  server.RaftServerConfigKeys (ConfUtils.java:logGet(44)) - raft.server.rpcslowness.timeout = 300s (custom)
2020-10-09 16:27:11,291 [pool-243-thread-1] INFO  server.RaftServerConfigKeys (ConfUtils.java:logGet(44)) - raft.server.sleep.deviation.threshold = 300 (default)
2020-10-09 16:27:11,291 [pool-243-thread-1] INFO  server.RaftServerConfigKeys (ConfUtils.java:logGet(44)) - raft.server.log.appender.install.snapshot.enabled = false (custom)
2020-10-09 16:27:11,291 [pool-243-thread-1] INFO  impl.RaftServerImpl (ServerState.java:<init>(104)) - 42f7c000-5a7c-41d7-b460-f0da582d6e91@group-DB9F3DA368AF: ConfigurationManager, init=-1: [42f7c000-5a7c-41d7-b460-f0da582d6e91:172.17.0.2:41595:0, b7ae438d-d84f-4f04-b6fa-052f047e56a0:172.17.0.2:40771:0, 8a7ec526-2919-4356-824f-0c9004393949:172.17.0.2:38681:0], old=null, confs=<EMPTY_MAP>
2020-10-09 16:27:11,292 [pool-243-thread-1] INFO  server.RaftServerConfigKeys (ConfUtils.java:logGet(44)) - raft.server.storage.dir = [/github/workspace/mnt/ozone/hadoop-ozone/integration-test/target/test-dir/MiniOzoneClusterImpl-c5028e9e-dbc6-4f7d-99b7-5a0387eddaa2/datanode-5/data/ratis] (custom)
2020-10-09 16:27:11,292 [pool-243-thread-1] INFO  server.RaftServerConfigKeys (ConfUtils.java:logGet(44)) - raft.server.log.corruption.policy = EXCEPTION (default)
2020-10-09 16:27:11,292 [pool-243-thread-1] INFO  storage.RaftStorageDirectory (RaftStorageDirectory.java:analyzeStorage(261)) - The storage directory /github/workspace/mnt/ozone/hadoop-ozone/integration-test/target/test-dir/MiniOzoneClusterImpl-c5028e9e-dbc6-4f7d-99b7-5a0387eddaa2/datanode-5/data/ratis/8503b725-867c-4cb1-90e8-db9f3da368af does not exist. Creating ...
2020-10-09 16:27:11,293 [pool-243-thread-1] INFO  storage.RaftStorageDirectory (RaftStorageDirectory.java:tryLock(343)) - Lock on /github/workspace/mnt/ozone/hadoop-ozone/integration-test/target/test-dir/MiniOzoneClusterImpl-c5028e9e-dbc6-4f7d-99b7-5a0387eddaa2/datanode-5/data/ratis/8503b725-867c-4cb1-90e8-db9f3da368af/in_use.lock acquired by nodename 48307@de266806e394
2020-10-09 16:27:11,294 [pool-243-thread-1] INFO  storage.RaftStorage (RaftStorage.java:format(84)) - Storage directory /github/workspace/mnt/ozone/hadoop-ozone/integration-test/target/test-dir/MiniOzoneClusterImpl-c5028e9e-dbc6-4f7d-99b7-5a0387eddaa2/datanode-5/data/ratis/8503b725-867c-4cb1-90e8-db9f3da368af has been successfully formatted.
2020-10-09 16:27:11,299 [pool-243-thread-1] INFO  ratis.ContainerStateMachine (ContainerStateMachine.java:loadSnapshot(225)) - group-DB9F3DA368AF: The snapshot info is null. Setting the last applied indexto:(t:0, i:~)
2020-10-09 16:27:11,300 [pool-243-thread-1] INFO  server.RaftServerConfigKeys (ConfUtils.java:logGet(44)) - raft.server.notification.no-leader.timeout = 300s (custom)
2020-10-09 16:27:11,300 [pool-243-thread-1] INFO  server.RaftServerConfigKeys (ConfUtils.java:logGet(44)) - raft.server.log.use.memory = false (default)
2020-10-09 16:27:11,303 [pool-243-thread-1] INFO  server.RaftServerConfigKeys (ConfUtils.java:logGet(44)) - raft.server.log.purge.gap = 1000000 (custom)
2020-10-09 16:27:11,303 [pool-243-thread-1] INFO  metrics.RatisMetrics (RatisMetrics.java:lambda$create$0(36)) - Creating Metrics Registry : ratis.log_worker.42f7c000-5a7c-41d7-b460-f0da582d6e91@group-DB9F3DA368AF
2020-10-09 16:27:11,303 [pool-243-thread-1] INFO  server.RaftServerConfigKeys (ConfUtils.java:logGet(44)) - raft.server.log.appender.buffer.byte-limit = 33554432 (custom)
2020-10-09 16:27:11,303 [pool-243-thread-1] INFO  server.RaftServerConfigKeys (ConfUtils.java:logGet(44)) - raft.server.log.segment.size.max = 1048576 (custom)
2020-10-09 16:27:11,304 [pool-243-thread-1] INFO  server.RaftServerConfigKeys (ConfUtils.java:logGet(44)) - raft.server.log.segment.cache.num.max = 2 (custom)
2020-10-09 16:27:11,304 [pool-243-thread-1] INFO  segmented.SegmentedRaftLogWorker (SegmentedRaftLogWorker.java:<init>(180)) - new 42f7c000-5a7c-41d7-b460-f0da582d6e91@group-DB9F3DA368AF-SegmentedRaftLogWorker for RaftStorage:Storage Directory /github/workspace/mnt/ozone/hadoop-ozone/integration-test/target/test-dir/MiniOzoneClusterImpl-c5028e9e-dbc6-4f7d-99b7-5a0387eddaa2/datanode-5/data/ratis/8503b725-867c-4cb1-90e8-db9f3da368af
2020-10-09 16:27:11,304 [pool-243-thread-1] INFO  server.RaftServerConfigKeys (ConfUtils.java:logGet(44)) - raft.server.log.queue.byte-limit = 2147483647 (custom)
2020-10-09 16:27:11,304 [pool-243-thread-1] INFO  server.RaftServerConfigKeys (ConfUtils.java:logGet(44)) - raft.server.log.queue.element-limit = 1024 (custom)
2020-10-09 16:27:11,304 [pool-243-thread-1] INFO  server.RaftServerConfigKeys (ConfUtils.java:logGet(44)) - raft.server.log.segment.size.max = 1048576 (custom)
2020-10-09 16:27:11,304 [pool-243-thread-1] INFO  server.RaftServerConfigKeys (ConfUtils.java:logGet(44)) - raft.server.log.preallocated.size = 16384 (custom)
2020-10-09 16:27:11,304 [pool-243-thread-1] INFO  server.RaftServerConfigKeys (ConfUtils.java:logGet(44)) - raft.server.log.write.buffer.size = 1048576 (custom)
2020-10-09 16:27:11,305 [pool-243-thread-1] INFO  server.RaftServerConfigKeys (ConfUtils.java:logGet(44)) - raft.server.log.force.sync.num = 128 (default)
2020-10-09 16:27:11,305 [pool-243-thread-1] INFO  server.RaftServerConfigKeys (ConfUtils.java:logGet(44)) - raft.server.log.statemachine.data.sync = true (default)
2020-10-09 16:27:11,305 [pool-243-thread-1] INFO  server.RaftServerConfigKeys (ConfUtils.java:logGet(44)) - raft.server.log.statemachine.data.sync.timeout = 10s (default)
2020-10-09 16:27:11,305 [pool-243-thread-1] INFO  server.RaftServerConfigKeys (ConfUtils.java:logGet(44)) - raft.server.log.statemachine.data.sync.timeout.retry = -1 (default)
2020-10-09 16:27:11,310 [pool-243-thread-1] INFO  server.RaftServerConfigKeys (ConfUtils.java:logGet(44)) - raft.server.log.statemachine.data.caching.enabled = true (custom)
2020-10-09 16:27:11,310 [pool-243-thread-1] INFO  segmented.SegmentedRaftLogWorker (SegmentedRaftLogWorker.java:lambda$new$0(129)) - 42f7c000-5a7c-41d7-b460-f0da582d6e91@group-DB9F3DA368AF-SegmentedRaftLogWorker: flushIndex: setUnconditionally 0 -> -1
2020-10-09 16:27:11,310 [pool-243-thread-1] INFO  segmented.SegmentedRaftLogWorker (SegmentedRaftLogWorker.java:lambda$new$0(129)) - 42f7c000-5a7c-41d7-b460-f0da582d6e91@group-DB9F3DA368AF-SegmentedRaftLogWorker: safeCacheEvictIndex: setUnconditionally 0 -> -1
2020-10-09 16:27:11,314 [pool-243-thread-1] INFO  server.RaftServerConfigKeys (ConfUtils.java:logGet(44)) - raft.server.snapshot.auto.trigger.enabled = true (custom)
2020-10-09 16:27:11,314 [pool-243-thread-1] INFO  server.RaftServerConfigKeys (ConfUtils.java:logGet(44)) - raft.server.snapshot.auto.trigger.threshold = 10000 (custom)
2020-10-09 16:27:11,314 [pool-243-thread-1] INFO  server.RaftServerConfigKeys (ConfUtils.java:logGet(44)) - raft.server.snapshot.retention.file.num = 5 (custom)
2020-10-09 16:27:11,314 [pool-243-thread-1] INFO  server.RaftServerConfigKeys (ConfUtils.java:logGet(44)) - raft.server.log.purge.upto.snapshot.index = false (default)
2020-10-09 16:27:11,314 [pool-243-thread-1] INFO  server.RaftServerConfigKeys (ConfUtils.java:logGet(44)) - raft.server.retrycache.expirytime = 600000ms (custom)
2020-10-09 16:27:11,314 [pool-243-thread-1] INFO  metrics.RatisMetrics (RatisMetrics.java:lambda$create$0(36)) - Creating Metrics Registry : ratis.leader_election.42f7c000-5a7c-41d7-b460-f0da582d6e91@group-DB9F3DA368AF
2020-10-09 16:27:11,315 [pool-243-thread-1] INFO  metrics.RatisMetrics (RatisMetrics.java:lambda$create$0(36)) - Creating Metrics Registry : ratis.server.42f7c000-5a7c-41d7-b460-f0da582d6e91@group-DB9F3DA368AF
2020-10-09 16:27:11,316 [pool-243-thread-1] INFO  impl.RaftServerImpl (RaftServerImpl.java:start(209)) - 42f7c000-5a7c-41d7-b460-f0da582d6e91@group-DB9F3DA368AF: start as a follower, conf=-1: [42f7c000-5a7c-41d7-b460-f0da582d6e91:172.17.0.2:41595:0, b7ae438d-d84f-4f04-b6fa-052f047e56a0:172.17.0.2:40771:0, 8a7ec526-2919-4356-824f-0c9004393949:172.17.0.2:38681:0], old=null
2020-10-09 16:27:11,316 [pool-243-thread-1] INFO  impl.RaftServerImpl (RaftServerImpl.java:setRole(198)) - 42f7c000-5a7c-41d7-b460-f0da582d6e91@group-DB9F3DA368AF: changes role from      null to FOLLOWER at term 0 for startAsFollower
2020-10-09 16:27:11,316 [pool-243-thread-1] INFO  impl.RoleInfo (RoleInfo.java:updateAndGet(143)) - 42f7c000-5a7c-41d7-b460-f0da582d6e91: start FollowerState
2020-10-09 16:27:11,317 [pool-243-thread-1] INFO  util.JmxRegister (JmxRegister.java:tryRegister(44)) - Successfully registered JMX Bean with object name Ratis:service=RaftServer,group=group-DB9F3DA368AF,id=42f7c000-5a7c-41d7-b460-f0da582d6e91
2020-10-09 16:27:11,317 [pool-243-thread-1] INFO  metrics.RatisMetrics (RatisMetrics.java:lambda$create$0(36)) - Creating Metrics Registry : ratis.state_machine.42f7c000-5a7c-41d7-b460-f0da582d6e91@group-DB9F3DA368AF
2020-10-09 16:27:11,337 [Command processor thread] INFO  commandhandler.CreatePipelineCommandHandler (CreatePipelineCommandHandler.java:handle(110)) - Created Pipeline RATIS THREE #id: "8503b725-867c-4cb1-90e8-db9f3da368af"
uuid128 {
  mostSigBits: -8862038269937038159
  leastSigBits: -8004906860670654289
}
.
2020-10-09 16:27:11,406 [Command processor thread] INFO  impl.RaftServerProxy (RaftServerProxy.java:addNew(92)) - b7ae438d-d84f-4f04-b6fa-052f047e56a0: addNew group-D97833F46BF3:[b7ae438d-d84f-4f04-b6fa-052f047e56a0:172.17.0.2:40771:0] returns group-D97833F46BF3:java.util.concurrent.CompletableFuture@4ac70758[Not completed]
2020-10-09 16:27:11,408 [pool-228-thread-1] INFO  impl.RaftServerImpl (RaftServerImpl.java:<init>(120)) - b7ae438d-d84f-4f04-b6fa-052f047e56a0: new RaftServerImpl for group-D97833F46BF3:[b7ae438d-d84f-4f04-b6fa-052f047e56a0:172.17.0.2:40771:0] with ContainerStateMachine:uninitialized
2020-10-09 16:27:11,408 [pool-228-thread-1] INFO  server.RaftServerConfigKeys (ConfUtils.java:logGet(44)) - raft.server.rpc.timeout.min = 5s (custom)
2020-10-09 16:27:11,408 [pool-228-thread-1] INFO  server.RaftServerConfigKeys (ConfUtils.java:logGet(44)) - raft.server.rpc.timeout.max = 5200ms (custom)
2020-10-09 16:27:11,408 [pool-228-thread-1] INFO  server.RaftServerConfigKeys (ConfUtils.java:logGet(44)) - raft.server.rpcslowness.timeout = 300s (custom)
2020-10-09 16:27:11,408 [pool-228-thread-1] INFO  server.RaftServerConfigKeys (ConfUtils.java:logGet(44)) - raft.server.sleep.deviation.threshold = 300 (default)
2020-10-09 16:27:11,408 [pool-228-thread-1] INFO  server.RaftServerConfigKeys (ConfUtils.java:logGet(44)) - raft.server.log.appender.install.snapshot.enabled = false (custom)
2020-10-09 16:27:11,408 [pool-228-thread-1] INFO  impl.RaftServerImpl (ServerState.java:<init>(104)) - b7ae438d-d84f-4f04-b6fa-052f047e56a0@group-D97833F46BF3: ConfigurationManager, init=-1: [b7ae438d-d84f-4f04-b6fa-052f047e56a0:172.17.0.2:40771:0], old=null, confs=<EMPTY_MAP>
2020-10-09 16:27:11,408 [pool-228-thread-1] INFO  server.RaftServerConfigKeys (ConfUtils.java:logGet(44)) - raft.server.storage.dir = [/github/workspace/mnt/ozone/hadoop-ozone/integration-test/target/test-dir/MiniOzoneClusterImpl-c5028e9e-dbc6-4f7d-99b7-5a0387eddaa2/datanode-4/data/ratis] (custom)
2020-10-09 16:27:11,408 [pool-228-thread-1] INFO  server.RaftServerConfigKeys (ConfUtils.java:logGet(44)) - raft.server.log.corruption.policy = EXCEPTION (default)
2020-10-09 16:27:11,408 [pool-228-thread-1] INFO  storage.RaftStorageDirectory (RaftStorageDirectory.java:analyzeStorage(261)) - The storage directory /github/workspace/mnt/ozone/hadoop-ozone/integration-test/target/test-dir/MiniOzoneClusterImpl-c5028e9e-dbc6-4f7d-99b7-5a0387eddaa2/datanode-4/data/ratis/e4925e36-b5fc-4770-b42d-d97833f46bf3 does not exist. Creating ...
2020-10-09 16:27:11,410 [pool-228-thread-1] INFO  storage.RaftStorageDirectory (RaftStorageDirectory.java:tryLock(343)) - Lock on /github/workspace/mnt/ozone/hadoop-ozone/integration-test/target/test-dir/MiniOzoneClusterImpl-c5028e9e-dbc6-4f7d-99b7-5a0387eddaa2/datanode-4/data/ratis/e4925e36-b5fc-4770-b42d-d97833f46bf3/in_use.lock acquired by nodename 48307@de266806e394
2020-10-09 16:27:11,411 [pool-228-thread-1] INFO  storage.RaftStorage (RaftStorage.java:format(84)) - Storage directory /github/workspace/mnt/ozone/hadoop-ozone/integration-test/target/test-dir/MiniOzoneClusterImpl-c5028e9e-dbc6-4f7d-99b7-5a0387eddaa2/datanode-4/data/ratis/e4925e36-b5fc-4770-b42d-d97833f46bf3 has been successfully formatted.
2020-10-09 16:27:11,413 [pool-228-thread-1] INFO  ratis.ContainerStateMachine (ContainerStateMachine.java:loadSnapshot(225)) - group-D97833F46BF3: The snapshot info is null. Setting the last applied indexto:(t:0, i:~)
2020-10-09 16:27:11,413 [pool-228-thread-1] INFO  server.RaftServerConfigKeys (ConfUtils.java:logGet(44)) - raft.server.notification.no-leader.timeout = 300s (custom)
2020-10-09 16:27:11,413 [pool-228-thread-1] INFO  server.RaftServerConfigKeys (ConfUtils.java:logGet(44)) - raft.server.log.use.memory = false (default)
2020-10-09 16:27:11,413 [EventQueue-PipelineReportForPipelineReportHandler] INFO  pipeline.PipelineStateManager (PipelineStateManager.java:openPipeline(131)) - Pipeline Pipeline[ Id: e4925e36-b5fc-4770-b42d-d97833f46bf3, Nodes: b7ae438d-d84f-4f04-b6fa-052f047e56a0{ip: 172.17.0.2, host: de266806e394, networkLocation: /default-rack, certSerialId: null}, Type:RATIS, Factor:ONE, State:ALLOCATED, leaderId:b7ae438d-d84f-4f04-b6fa-052f047e56a0, CreationTimestamp2020-10-09T16:27:08.409Z] moved to OPEN state
2020-10-09 16:27:11,413 [pool-228-thread-1] INFO  server.RaftServerConfigKeys (ConfUtils.java:logGet(44)) - raft.server.log.purge.gap = 1000000 (custom)
2020-10-09 16:27:11,414 [EventQueue-OpenPipelineForHealthyPipelineSafeModeRule] INFO  safemode.SCMSafeModeManager (HealthyPipelineSafeModeRule.java:process(129)) - SCM in safe mode. Healthy pipelines reported count is 0, required healthy pipeline reported count is 1
2020-10-09 16:27:11,414 [EventQueue-OpenPipelineForOneReplicaPipelineSafeModeRule] INFO  safemode.SCMSafeModeManager (SCMSafeModeManager.java:validateSafeModeExitRules(214)) - AtleastOneDatanodeReportedRule rule is successfully validated
2020-10-09 16:27:11,414 [pool-228-thread-1] INFO  metrics.RatisMetrics (RatisMetrics.java:lambda$create$0(36)) - Creating Metrics Registry : ratis.log_worker.b7ae438d-d84f-4f04-b6fa-052f047e56a0@group-D97833F46BF3
2020-10-09 16:27:11,414 [pool-228-thread-1] INFO  server.RaftServerConfigKeys (ConfUtils.java:logGet(44)) - raft.server.log.appender.buffer.byte-limit = 33554432 (custom)
2020-10-09 16:27:11,414 [pool-228-thread-1] INFO  server.RaftServerConfigKeys (ConfUtils.java:logGet(44)) - raft.server.log.segment.size.max = 1048576 (custom)
2020-10-09 16:27:11,415 [pool-228-thread-1] INFO  server.RaftServerConfigKeys (ConfUtils.java:logGet(44)) - raft.server.log.segment.cache.num.max = 2 (custom)
2020-10-09 16:27:11,415 [pool-228-thread-1] INFO  segmented.SegmentedRaftLogWorker (SegmentedRaftLogWorker.java:<init>(180)) - new b7ae438d-d84f-4f04-b6fa-052f047e56a0@group-D97833F46BF3-SegmentedRaftLogWorker for RaftStorage:Storage Directory /github/workspace/mnt/ozone/hadoop-ozone/integration-test/target/test-dir/MiniOzoneClusterImpl-c5028e9e-dbc6-4f7d-99b7-5a0387eddaa2/datanode-4/data/ratis/e4925e36-b5fc-4770-b42d-d97833f46bf3
2020-10-09 16:27:11,415 [pool-228-thread-1] INFO  server.RaftServerConfigKeys (ConfUtils.java:logGet(44)) - raft.server.log.queue.byte-limit = 2147483647 (custom)
2020-10-09 16:27:11,415 [pool-228-thread-1] INFO  server.RaftServerConfigKeys (ConfUtils.java:logGet(44)) - raft.server.log.queue.element-limit = 1024 (custom)
2020-10-09 16:27:11,415 [pool-228-thread-1] INFO  server.RaftServerConfigKeys (ConfUtils.java:logGet(44)) - raft.server.log.segment.size.max = 1048576 (custom)
2020-10-09 16:27:11,415 [pool-228-thread-1] INFO  server.RaftServerConfigKeys (ConfUtils.java:logGet(44)) - raft.server.log.preallocated.size = 16384 (custom)
2020-10-09 16:27:11,415 [pool-228-thread-1] INFO  server.RaftServerConfigKeys (ConfUtils.java:logGet(44)) - raft.server.log.write.buffer.size = 1048576 (custom)
2020-10-09 16:27:11,416 [pool-228-thread-1] INFO  server.RaftServerConfigKeys (ConfUtils.java:logGet(44)) - raft.server.log.force.sync.num = 128 (default)
2020-10-09 16:27:11,416 [pool-228-thread-1] INFO  server.RaftServerConfigKeys (ConfUtils.java:logGet(44)) - raft.server.log.statemachine.data.sync = true (default)
2020-10-09 16:27:11,416 [pool-228-thread-1] INFO  server.RaftServerConfigKeys (ConfUtils.java:logGet(44)) - raft.server.log.statemachine.data.sync.timeout = 10s (default)
2020-10-09 16:27:11,416 [pool-228-thread-1] INFO  server.RaftServerConfigKeys (ConfUtils.java:logGet(44)) - raft.server.log.statemachine.data.sync.timeout.retry = -1 (default)
2020-10-09 16:27:11,417 [pool-228-thread-1] INFO  server.RaftServerConfigKeys (ConfUtils.java:logGet(44)) - raft.server.log.statemachine.data.caching.enabled = true (custom)
2020-10-09 16:27:11,417 [pool-228-thread-1] INFO  segmented.SegmentedRaftLogWorker (SegmentedRaftLogWorker.java:lambda$new$0(129)) - b7ae438d-d84f-4f04-b6fa-052f047e56a0@group-D97833F46BF3-SegmentedRaftLogWorker: flushIndex: setUnconditionally 0 -> -1
2020-10-09 16:27:11,418 [pool-228-thread-1] INFO  segmented.SegmentedRaftLogWorker (SegmentedRaftLogWorker.java:lambda$new$0(129)) - b7ae438d-d84f-4f04-b6fa-052f047e56a0@group-D97833F46BF3-SegmentedRaftLogWorker: safeCacheEvictIndex: setUnconditionally 0 -> -1
2020-10-09 16:27:11,418 [pool-228-thread-1] INFO  server.RaftServerConfigKeys (ConfUtils.java:logGet(44)) - raft.server.snapshot.auto.trigger.enabled = true (custom)
2020-10-09 16:27:11,418 [pool-228-thread-1] INFO  server.RaftServerConfigKeys (ConfUtils.java:logGet(44)) - raft.server.snapshot.auto.trigger.threshold = 10000 (custom)
2020-10-09 16:27:11,419 [pool-228-thread-1] INFO  server.RaftServerConfigKeys (ConfUtils.java:logGet(44)) - raft.server.snapshot.retention.file.num = 5 (custom)
2020-10-09 16:27:11,419 [pool-228-thread-1] INFO  server.RaftServerConfigKeys (ConfUtils.java:logGet(44)) - raft.server.log.purge.upto.snapshot.index = false (default)
2020-10-09 16:27:11,419 [pool-228-thread-1] INFO  server.RaftServerConfigKeys (ConfUtils.java:logGet(44)) - raft.server.retrycache.expirytime = 600000ms (custom)
2020-10-09 16:27:11,419 [pool-228-thread-1] INFO  metrics.RatisMetrics (RatisMetrics.java:lambda$create$0(36)) - Creating Metrics Registry : ratis.leader_election.b7ae438d-d84f-4f04-b6fa-052f047e56a0@group-D97833F46BF3
2020-10-09 16:27:11,419 [pool-228-thread-1] INFO  metrics.RatisMetrics (RatisMetrics.java:lambda$create$0(36)) - Creating Metrics Registry : ratis.server.b7ae438d-d84f-4f04-b6fa-052f047e56a0@group-D97833F46BF3
2020-10-09 16:27:11,420 [pool-228-thread-1] INFO  impl.RaftServerImpl (RaftServerImpl.java:start(209)) - b7ae438d-d84f-4f04-b6fa-052f047e56a0@group-D97833F46BF3: start as a follower, conf=-1: [b7ae438d-d84f-4f04-b6fa-052f047e56a0:172.17.0.2:40771:0], old=null
2020-10-09 16:27:11,421 [pool-228-thread-1] INFO  impl.RaftServerImpl (RaftServerImpl.java:setRole(198)) - b7ae438d-d84f-4f04-b6fa-052f047e56a0@group-D97833F46BF3: changes role from      null to FOLLOWER at term 0 for startAsFollower
2020-10-09 16:27:11,421 [pool-228-thread-1] INFO  impl.RoleInfo (RoleInfo.java:updateAndGet(143)) - b7ae438d-d84f-4f04-b6fa-052f047e56a0: start FollowerState
2020-10-09 16:27:11,421 [pool-228-thread-1] INFO  util.JmxRegister (JmxRegister.java:tryRegister(44)) - Successfully registered JMX Bean with object name Ratis:service=RaftServer,group=group-D97833F46BF3,id=b7ae438d-d84f-4f04-b6fa-052f047e56a0
2020-10-09 16:27:11,421 [pool-228-thread-1] INFO  metrics.RatisMetrics (RatisMetrics.java:lambda$create$0(36)) - Creating Metrics Registry : ratis.state_machine.b7ae438d-d84f-4f04-b6fa-052f047e56a0@group-D97833F46BF3
2020-10-09 16:27:11,422 [Command processor thread] INFO  commandhandler.CreatePipelineCommandHandler (CreatePipelineCommandHandler.java:handle(110)) - Created Pipeline RATIS ONE #id: "e4925e36-b5fc-4770-b42d-d97833f46bf3"
uuid128 {
  mostSigBits: -1976413697387772048
  leastSigBits: -5463471662639584269
}
.
2020-10-09 16:27:11,590 [Command processor thread] INFO  impl.RaftServerProxy (RaftServerProxy.java:addNew(92)) - 42f7c000-5a7c-41d7-b460-f0da582d6e91: addNew group-16A4DE4E1B31:[42f7c000-5a7c-41d7-b460-f0da582d6e91:172.17.0.2:41595:0] returns group-16A4DE4E1B31:java.util.concurrent.CompletableFuture@4032b6f6[Not completed]
2020-10-09 16:27:11,591 [pool-243-thread-1] INFO  impl.RaftServerImpl (RaftServerImpl.java:<init>(120)) - 42f7c000-5a7c-41d7-b460-f0da582d6e91: new RaftServerImpl for group-16A4DE4E1B31:[42f7c000-5a7c-41d7-b460-f0da582d6e91:172.17.0.2:41595:0] with ContainerStateMachine:uninitialized
2020-10-09 16:27:11,592 [pool-243-thread-1] INFO  server.RaftServerConfigKeys (ConfUtils.java:logGet(44)) - raft.server.rpc.timeout.min = 5s (custom)
2020-10-09 16:27:11,592 [pool-243-thread-1] INFO  server.RaftServerConfigKeys (ConfUtils.java:logGet(44)) - raft.server.rpc.timeout.max = 5200ms (custom)
2020-10-09 16:27:11,592 [pool-243-thread-1] INFO  server.RaftServerConfigKeys (ConfUtils.java:logGet(44)) - raft.server.rpcslowness.timeout = 300s (custom)
2020-10-09 16:27:11,592 [pool-243-thread-1] INFO  server.RaftServerConfigKeys (ConfUtils.java:logGet(44)) - raft.server.sleep.deviation.threshold = 300 (default)
2020-10-09 16:27:11,592 [pool-243-thread-1] INFO  server.RaftServerConfigKeys (ConfUtils.java:logGet(44)) - raft.server.log.appender.install.snapshot.enabled = false (custom)
2020-10-09 16:27:11,592 [pool-243-thread-1] INFO  impl.RaftServerImpl (ServerState.java:<init>(104)) - 42f7c000-5a7c-41d7-b460-f0da582d6e91@group-16A4DE4E1B31: ConfigurationManager, init=-1: [42f7c000-5a7c-41d7-b460-f0da582d6e91:172.17.0.2:41595:0], old=null, confs=<EMPTY_MAP>
2020-10-09 16:27:11,592 [pool-243-thread-1] INFO  server.RaftServerConfigKeys (ConfUtils.java:logGet(44)) - raft.server.storage.dir = [/github/workspace/mnt/ozone/hadoop-ozone/integration-test/target/test-dir/MiniOzoneClusterImpl-c5028e9e-dbc6-4f7d-99b7-5a0387eddaa2/datanode-5/data/ratis] (custom)
2020-10-09 16:27:11,592 [pool-243-thread-1] INFO  server.RaftServerConfigKeys (ConfUtils.java:logGet(44)) - raft.server.log.corruption.policy = EXCEPTION (default)
2020-10-09 16:27:11,592 [pool-243-thread-1] INFO  storage.RaftStorageDirectory (RaftStorageDirectory.java:analyzeStorage(261)) - The storage directory /github/workspace/mnt/ozone/hadoop-ozone/integration-test/target/test-dir/MiniOzoneClusterImpl-c5028e9e-dbc6-4f7d-99b7-5a0387eddaa2/datanode-5/data/ratis/60559bdb-f355-41f9-b3e6-16a4de4e1b31 does not exist. Creating ...
2020-10-09 16:27:11,594 [pool-243-thread-1] INFO  storage.RaftStorageDirectory (RaftStorageDirectory.java:tryLock(343)) - Lock on /github/workspace/mnt/ozone/hadoop-ozone/integration-test/target/test-dir/MiniOzoneClusterImpl-c5028e9e-dbc6-4f7d-99b7-5a0387eddaa2/datanode-5/data/ratis/60559bdb-f355-41f9-b3e6-16a4de4e1b31/in_use.lock acquired by nodename 48307@de266806e394
2020-10-09 16:27:11,595 [pool-243-thread-1] INFO  storage.RaftStorage (RaftStorage.java:format(84)) - Storage directory /github/workspace/mnt/ozone/hadoop-ozone/integration-test/target/test-dir/MiniOzoneClusterImpl-c5028e9e-dbc6-4f7d-99b7-5a0387eddaa2/datanode-5/data/ratis/60559bdb-f355-41f9-b3e6-16a4de4e1b31 has been successfully formatted.
2020-10-09 16:27:11,596 [pool-243-thread-1] INFO  ratis.ContainerStateMachine (ContainerStateMachine.java:loadSnapshot(225)) - group-16A4DE4E1B31: The snapshot info is null. Setting the last applied indexto:(t:0, i:~)
2020-10-09 16:27:11,596 [pool-243-thread-1] INFO  server.RaftServerConfigKeys (ConfUtils.java:logGet(44)) - raft.server.notification.no-leader.timeout = 300s (custom)
2020-10-09 16:27:11,596 [pool-243-thread-1] INFO  server.RaftServerConfigKeys (ConfUtils.java:logGet(44)) - raft.server.log.use.memory = false (default)
2020-10-09 16:27:11,597 [pool-243-thread-1] INFO  server.RaftServerConfigKeys (ConfUtils.java:logGet(44)) - raft.server.log.purge.gap = 1000000 (custom)
2020-10-09 16:27:11,597 [EventQueue-PipelineReportForPipelineReportHandler] INFO  pipeline.PipelineStateManager (PipelineStateManager.java:openPipeline(131)) - Pipeline Pipeline[ Id: 60559bdb-f355-41f9-b3e6-16a4de4e1b31, Nodes: 42f7c000-5a7c-41d7-b460-f0da582d6e91{ip: 172.17.0.2, host: de266806e394, networkLocation: /default-rack, certSerialId: null}, Type:RATIS, Factor:ONE, State:ALLOCATED, leaderId:42f7c000-5a7c-41d7-b460-f0da582d6e91, CreationTimestamp2020-10-09T16:27:08.593Z] moved to OPEN state
2020-10-09 16:27:11,597 [EventQueue-OpenPipelineForOneReplicaPipelineSafeModeRule] INFO  safemode.SCMSafeModeManager (SCMSafeModeManager.java:validateSafeModeExitRules(214)) - AtleastOneDatanodeReportedRule rule is successfully validated
2020-10-09 16:27:11,597 [pool-243-thread-1] INFO  metrics.RatisMetrics (RatisMetrics.java:lambda$create$0(36)) - Creating Metrics Registry : ratis.log_worker.42f7c000-5a7c-41d7-b460-f0da582d6e91@group-16A4DE4E1B31
2020-10-09 16:27:11,597 [EventQueue-OpenPipelineForHealthyPipelineSafeModeRule] INFO  safemode.SCMSafeModeManager (HealthyPipelineSafeModeRule.java:process(129)) - SCM in safe mode. Healthy pipelines reported count is 0, required healthy pipeline reported count is 1
2020-10-09 16:27:11,598 [pool-243-thread-1] INFO  server.RaftServerConfigKeys (ConfUtils.java:logGet(44)) - raft.server.log.appender.buffer.byte-limit = 33554432 (custom)
2020-10-09 16:27:11,598 [pool-243-thread-1] INFO  server.RaftServerConfigKeys (ConfUtils.java:logGet(44)) - raft.server.log.segment.size.max = 1048576 (custom)
2020-10-09 16:27:11,598 [pool-243-thread-1] INFO  server.RaftServerConfigKeys (ConfUtils.java:logGet(44)) - raft.server.log.segment.cache.num.max = 2 (custom)
2020-10-09 16:27:11,598 [pool-243-thread-1] INFO  segmented.SegmentedRaftLogWorker (SegmentedRaftLogWorker.java:<init>(180)) - new 42f7c000-5a7c-41d7-b460-f0da582d6e91@group-16A4DE4E1B31-SegmentedRaftLogWorker for RaftStorage:Storage Directory /github/workspace/mnt/ozone/hadoop-ozone/integration-test/target/test-dir/MiniOzoneClusterImpl-c5028e9e-dbc6-4f7d-99b7-5a0387eddaa2/datanode-5/data/ratis/60559bdb-f355-41f9-b3e6-16a4de4e1b31
2020-10-09 16:27:11,598 [pool-243-thread-1] INFO  server.RaftServerConfigKeys (ConfUtils.java:logGet(44)) - raft.server.log.queue.byte-limit = 2147483647 (custom)
2020-10-09 16:27:11,599 [pool-243-thread-1] INFO  server.RaftServerConfigKeys (ConfUtils.java:logGet(44)) - raft.server.log.queue.element-limit = 1024 (custom)
2020-10-09 16:27:11,599 [pool-243-thread-1] INFO  server.RaftServerConfigKeys (ConfUtils.java:logGet(44)) - raft.server.log.segment.size.max = 1048576 (custom)
2020-10-09 16:27:11,599 [pool-243-thread-1] INFO  server.RaftServerConfigKeys (ConfUtils.java:logGet(44)) - raft.server.log.preallocated.size = 16384 (custom)
2020-10-09 16:27:11,599 [pool-243-thread-1] INFO  server.RaftServerConfigKeys (ConfUtils.java:logGet(44)) - raft.server.log.write.buffer.size = 1048576 (custom)
2020-10-09 16:27:11,599 [pool-243-thread-1] INFO  server.RaftServerConfigKeys (ConfUtils.java:logGet(44)) - raft.server.log.force.sync.num = 128 (default)
2020-10-09 16:27:11,599 [pool-243-thread-1] INFO  server.RaftServerConfigKeys (ConfUtils.java:logGet(44)) - raft.server.log.statemachine.data.sync = true (default)
2020-10-09 16:27:11,599 [pool-243-thread-1] INFO  server.RaftServerConfigKeys (ConfUtils.java:logGet(44)) - raft.server.log.statemachine.data.sync.timeout = 10s (default)
2020-10-09 16:27:11,599 [pool-243-thread-1] INFO  server.RaftServerConfigKeys (ConfUtils.java:logGet(44)) - raft.server.log.statemachine.data.sync.timeout.retry = -1 (default)
2020-10-09 16:27:11,601 [pool-243-thread-1] INFO  server.RaftServerConfigKeys (ConfUtils.java:logGet(44)) - raft.server.log.statemachine.data.caching.enabled = true (custom)
2020-10-09 16:27:11,602 [pool-243-thread-1] INFO  segmented.SegmentedRaftLogWorker (SegmentedRaftLogWorker.java:lambda$new$0(129)) - 42f7c000-5a7c-41d7-b460-f0da582d6e91@group-16A4DE4E1B31-SegmentedRaftLogWorker: flushIndex: setUnconditionally 0 -> -1
2020-10-09 16:27:11,602 [pool-243-thread-1] INFO  segmented.SegmentedRaftLogWorker (SegmentedRaftLogWorker.java:lambda$new$0(129)) - 42f7c000-5a7c-41d7-b460-f0da582d6e91@group-16A4DE4E1B31-SegmentedRaftLogWorker: safeCacheEvictIndex: setUnconditionally 0 -> -1
2020-10-09 16:27:11,610 [pool-243-thread-1] INFO  server.RaftServerConfigKeys (ConfUtils.java:logGet(44)) - raft.server.snapshot.auto.trigger.enabled = true (custom)
2020-10-09 16:27:11,610 [pool-243-thread-1] INFO  server.RaftServerConfigKeys (ConfUtils.java:logGet(44)) - raft.server.snapshot.auto.trigger.threshold = 10000 (custom)
2020-10-09 16:27:11,610 [pool-243-thread-1] INFO  server.RaftServerConfigKeys (ConfUtils.java:logGet(44)) - raft.server.snapshot.retention.file.num = 5 (custom)
2020-10-09 16:27:11,610 [pool-243-thread-1] INFO  server.RaftServerConfigKeys (ConfUtils.java:logGet(44)) - raft.server.log.purge.upto.snapshot.index = false (default)
2020-10-09 16:27:11,610 [pool-243-thread-1] INFO  server.RaftServerConfigKeys (ConfUtils.java:logGet(44)) - raft.server.retrycache.expirytime = 600000ms (custom)
2020-10-09 16:27:11,610 [pool-243-thread-1] INFO  metrics.RatisMetrics (RatisMetrics.java:lambda$create$0(36)) - Creating Metrics Registry : ratis.leader_election.42f7c000-5a7c-41d7-b460-f0da582d6e91@group-16A4DE4E1B31
2020-10-09 16:27:11,611 [pool-243-thread-1] INFO  metrics.RatisMetrics (RatisMetrics.java:lambda$create$0(36)) - Creating Metrics Registry : ratis.server.42f7c000-5a7c-41d7-b460-f0da582d6e91@group-16A4DE4E1B31
2020-10-09 16:27:11,612 [pool-243-thread-1] INFO  impl.RaftServerImpl (RaftServerImpl.java:start(209)) - 42f7c000-5a7c-41d7-b460-f0da582d6e91@group-16A4DE4E1B31: start as a follower, conf=-1: [42f7c000-5a7c-41d7-b460-f0da582d6e91:172.17.0.2:41595:0], old=null
2020-10-09 16:27:11,612 [pool-243-thread-1] INFO  impl.RaftServerImpl (RaftServerImpl.java:setRole(198)) - 42f7c000-5a7c-41d7-b460-f0da582d6e91@group-16A4DE4E1B31: changes role from      null to FOLLOWER at term 0 for startAsFollower
2020-10-09 16:27:11,612 [pool-243-thread-1] INFO  impl.RoleInfo (RoleInfo.java:updateAndGet(143)) - 42f7c000-5a7c-41d7-b460-f0da582d6e91: start FollowerState
2020-10-09 16:27:11,612 [pool-243-thread-1] INFO  util.JmxRegister (JmxRegister.java:tryRegister(44)) - Successfully registered JMX Bean with object name Ratis:service=RaftServer,group=group-16A4DE4E1B31,id=42f7c000-5a7c-41d7-b460-f0da582d6e91
2020-10-09 16:27:11,612 [pool-243-thread-1] INFO  metrics.RatisMetrics (RatisMetrics.java:lambda$create$0(36)) - Creating Metrics Registry : ratis.state_machine.42f7c000-5a7c-41d7-b460-f0da582d6e91@group-16A4DE4E1B31
2020-10-09 16:27:11,613 [Command processor thread] INFO  commandhandler.CreatePipelineCommandHandler (CreatePipelineCommandHandler.java:handle(110)) - Created Pipeline RATIS ONE #id: "60559bdb-f355-41f9-b3e6-16a4de4e1b31"
uuid128 {
  mostSigBits: 6941625769644081657
  leastSigBits: -5483670598916891855
}
.
2020-10-09 16:27:11,781 [Listener at 127.0.0.1/39485] INFO  ozone.MiniOzoneClusterImpl (MiniOzoneClusterImpl.java:lambda$waitForClusterToBeReady$0(177)) - Nodes are ready. Got 7 of 7 DN Heartbeats.
2020-10-09 16:27:11,781 [Listener at 127.0.0.1/39485] INFO  ozone.MiniOzoneClusterImpl (MiniOzoneClusterImpl.java:lambda$waitForClusterToBeReady$0(180)) - Waiting for cluster to exit safe mode
2020-10-09 16:27:11,783 [Command processor thread] INFO  impl.RaftServerProxy (RaftServerProxy.java:addNew(92)) - b161a03a-6ea2-4c37-959f-34fa307bd458: addNew group-0BE05241102E:[b161a03a-6ea2-4c37-959f-34fa307bd458:172.17.0.2:39031:0] returns group-0BE05241102E:java.util.concurrent.CompletableFuture@24a6f91f[Not completed]
2020-10-09 16:27:11,793 [pool-258-thread-1] INFO  impl.RaftServerImpl (RaftServerImpl.java:<init>(120)) - b161a03a-6ea2-4c37-959f-34fa307bd458: new RaftServerImpl for group-0BE05241102E:[b161a03a-6ea2-4c37-959f-34fa307bd458:172.17.0.2:39031:0] with ContainerStateMachine:uninitialized
2020-10-09 16:27:11,794 [pool-258-thread-1] INFO  server.RaftServerConfigKeys (ConfUtils.java:logGet(44)) - raft.server.rpc.timeout.min = 5s (custom)
2020-10-09 16:27:11,794 [pool-258-thread-1] INFO  server.RaftServerConfigKeys (ConfUtils.java:logGet(44)) - raft.server.rpc.timeout.max = 5200ms (custom)
2020-10-09 16:27:11,794 [pool-258-thread-1] INFO  server.RaftServerConfigKeys (ConfUtils.java:logGet(44)) - raft.server.rpcslowness.timeout = 300s (custom)
2020-10-09 16:27:11,794 [pool-258-thread-1] INFO  server.RaftServerConfigKeys (ConfUtils.java:logGet(44)) - raft.server.sleep.deviation.threshold = 300 (default)
2020-10-09 16:27:11,794 [pool-258-thread-1] INFO  server.RaftServerConfigKeys (ConfUtils.java:logGet(44)) - raft.server.log.appender.install.snapshot.enabled = false (custom)
2020-10-09 16:27:11,794 [pool-258-thread-1] INFO  impl.RaftServerImpl (ServerState.java:<init>(104)) - b161a03a-6ea2-4c37-959f-34fa307bd458@group-0BE05241102E: ConfigurationManager, init=-1: [b161a03a-6ea2-4c37-959f-34fa307bd458:172.17.0.2:39031:0], old=null, confs=<EMPTY_MAP>
2020-10-09 16:27:11,794 [pool-258-thread-1] INFO  server.RaftServerConfigKeys (ConfUtils.java:logGet(44)) - raft.server.storage.dir = [/github/workspace/mnt/ozone/hadoop-ozone/integration-test/target/test-dir/MiniOzoneClusterImpl-c5028e9e-dbc6-4f7d-99b7-5a0387eddaa2/datanode-6/data/ratis] (custom)
2020-10-09 16:27:11,795 [pool-258-thread-1] INFO  server.RaftServerConfigKeys (ConfUtils.java:logGet(44)) - raft.server.log.corruption.policy = EXCEPTION (default)
2020-10-09 16:27:11,796 [pool-258-thread-1] INFO  storage.RaftStorageDirectory (RaftStorageDirectory.java:analyzeStorage(261)) - The storage directory /github/workspace/mnt/ozone/hadoop-ozone/integration-test/target/test-dir/MiniOzoneClusterImpl-c5028e9e-dbc6-4f7d-99b7-5a0387eddaa2/datanode-6/data/ratis/4a14f404-cc2d-4f76-b7fa-0be05241102e does not exist. Creating ...
2020-10-09 16:27:11,797 [pool-258-thread-1] INFO  storage.RaftStorageDirectory (RaftStorageDirectory.java:tryLock(343)) - Lock on /github/workspace/mnt/ozone/hadoop-ozone/integration-test/target/test-dir/MiniOzoneClusterImpl-c5028e9e-dbc6-4f7d-99b7-5a0387eddaa2/datanode-6/data/ratis/4a14f404-cc2d-4f76-b7fa-0be05241102e/in_use.lock acquired by nodename 48307@de266806e394
2020-10-09 16:27:11,799 [pool-258-thread-1] INFO  storage.RaftStorage (RaftStorage.java:format(84)) - Storage directory /github/workspace/mnt/ozone/hadoop-ozone/integration-test/target/test-dir/MiniOzoneClusterImpl-c5028e9e-dbc6-4f7d-99b7-5a0387eddaa2/datanode-6/data/ratis/4a14f404-cc2d-4f76-b7fa-0be05241102e has been successfully formatted.
2020-10-09 16:27:11,799 [pool-258-thread-1] INFO  ratis.ContainerStateMachine (ContainerStateMachine.java:loadSnapshot(225)) - group-0BE05241102E: The snapshot info is null. Setting the last applied indexto:(t:0, i:~)
2020-10-09 16:27:11,799 [pool-258-thread-1] INFO  server.RaftServerConfigKeys (ConfUtils.java:logGet(44)) - raft.server.notification.no-leader.timeout = 300s (custom)
2020-10-09 16:27:11,801 [pool-258-thread-1] INFO  server.RaftServerConfigKeys (ConfUtils.java:logGet(44)) - raft.server.log.use.memory = false (default)
2020-10-09 16:27:11,801 [pool-258-thread-1] INFO  server.RaftServerConfigKeys (ConfUtils.java:logGet(44)) - raft.server.log.purge.gap = 1000000 (custom)
2020-10-09 16:27:11,801 [pool-258-thread-1] INFO  metrics.RatisMetrics (RatisMetrics.java:lambda$create$0(36)) - Creating Metrics Registry : ratis.log_worker.b161a03a-6ea2-4c37-959f-34fa307bd458@group-0BE05241102E
2020-10-09 16:27:11,801 [pool-258-thread-1] INFO  server.RaftServerConfigKeys (ConfUtils.java:logGet(44)) - raft.server.log.appender.buffer.byte-limit = 33554432 (custom)
2020-10-09 16:27:11,801 [pool-258-thread-1] INFO  server.RaftServerConfigKeys (ConfUtils.java:logGet(44)) - raft.server.log.segment.size.max = 1048576 (custom)
2020-10-09 16:27:11,801 [EventQueue-PipelineReportForPipelineReportHandler] INFO  pipeline.PipelineStateManager (PipelineStateManager.java:openPipeline(131)) - Pipeline Pipeline[ Id: 4a14f404-cc2d-4f76-b7fa-0be05241102e, Nodes: b161a03a-6ea2-4c37-959f-34fa307bd458{ip: 172.17.0.2, host: de266806e394, networkLocation: /default-rack, certSerialId: null}, Type:RATIS, Factor:ONE, State:ALLOCATED, leaderId:b161a03a-6ea2-4c37-959f-34fa307bd458, CreationTimestamp2020-10-09T16:27:08.785Z] moved to OPEN state
2020-10-09 16:27:11,801 [EventQueue-OpenPipelineForOneReplicaPipelineSafeModeRule] INFO  safemode.SCMSafeModeManager (SCMSafeModeManager.java:validateSafeModeExitRules(214)) - AtleastOneDatanodeReportedRule rule is successfully validated
2020-10-09 16:27:11,801 [EventQueue-OpenPipelineForHealthyPipelineSafeModeRule] INFO  safemode.SCMSafeModeManager (HealthyPipelineSafeModeRule.java:process(129)) - SCM in safe mode. Healthy pipelines reported count is 0, required healthy pipeline reported count is 1
2020-10-09 16:27:11,801 [pool-258-thread-1] INFO  server.RaftServerConfigKeys (ConfUtils.java:logGet(44)) - raft.server.log.segment.cache.num.max = 2 (custom)
2020-10-09 16:27:11,802 [pool-258-thread-1] INFO  segmented.SegmentedRaftLogWorker (SegmentedRaftLogWorker.java:<init>(180)) - new b161a03a-6ea2-4c37-959f-34fa307bd458@group-0BE05241102E-SegmentedRaftLogWorker for RaftStorage:Storage Directory /github/workspace/mnt/ozone/hadoop-ozone/integration-test/target/test-dir/MiniOzoneClusterImpl-c5028e9e-dbc6-4f7d-99b7-5a0387eddaa2/datanode-6/data/ratis/4a14f404-cc2d-4f76-b7fa-0be05241102e
2020-10-09 16:27:11,802 [pool-258-thread-1] INFO  server.RaftServerConfigKeys (ConfUtils.java:logGet(44)) - raft.server.log.queue.byte-limit = 2147483647 (custom)
2020-10-09 16:27:11,802 [pool-258-thread-1] INFO  server.RaftServerConfigKeys (ConfUtils.java:logGet(44)) - raft.server.log.queue.element-limit = 1024 (custom)
2020-10-09 16:27:11,802 [pool-258-thread-1] INFO  server.RaftServerConfigKeys (ConfUtils.java:logGet(44)) - raft.server.log.segment.size.max = 1048576 (custom)
2020-10-09 16:27:11,802 [pool-258-thread-1] INFO  server.RaftServerConfigKeys (ConfUtils.java:logGet(44)) - raft.server.log.preallocated.size = 16384 (custom)
2020-10-09 16:27:11,802 [pool-258-thread-1] INFO  server.RaftServerConfigKeys (ConfUtils.java:logGet(44)) - raft.server.log.write.buffer.size = 1048576 (custom)
2020-10-09 16:27:11,802 [pool-258-thread-1] INFO  server.RaftServerConfigKeys (ConfUtils.java:logGet(44)) - raft.server.log.force.sync.num = 128 (default)
2020-10-09 16:27:11,802 [pool-258-thread-1] INFO  server.RaftServerConfigKeys (ConfUtils.java:logGet(44)) - raft.server.log.statemachine.data.sync = true (default)
2020-10-09 16:27:11,802 [pool-258-thread-1] INFO  server.RaftServerConfigKeys (ConfUtils.java:logGet(44)) - raft.server.log.statemachine.data.sync.timeout = 10s (default)
2020-10-09 16:27:11,802 [pool-258-thread-1] INFO  server.RaftServerConfigKeys (ConfUtils.java:logGet(44)) - raft.server.log.statemachine.data.sync.timeout.retry = -1 (default)
2020-10-09 16:27:11,803 [pool-258-thread-1] INFO  server.RaftServerConfigKeys (ConfUtils.java:logGet(44)) - raft.server.log.statemachine.data.caching.enabled = true (custom)
2020-10-09 16:27:11,804 [pool-258-thread-1] INFO  segmented.SegmentedRaftLogWorker (SegmentedRaftLogWorker.java:lambda$new$0(129)) - b161a03a-6ea2-4c37-959f-34fa307bd458@group-0BE05241102E-SegmentedRaftLogWorker: flushIndex: setUnconditionally 0 -> -1
2020-10-09 16:27:11,804 [pool-258-thread-1] INFO  segmented.SegmentedRaftLogWorker (SegmentedRaftLogWorker.java:lambda$new$0(129)) - b161a03a-6ea2-4c37-959f-34fa307bd458@group-0BE05241102E-SegmentedRaftLogWorker: safeCacheEvictIndex: setUnconditionally 0 -> -1
2020-10-09 16:27:11,809 [pool-258-thread-1] INFO  server.RaftServerConfigKeys (ConfUtils.java:logGet(44)) - raft.server.snapshot.auto.trigger.enabled = true (custom)
2020-10-09 16:27:11,810 [pool-258-thread-1] INFO  server.RaftServerConfigKeys (ConfUtils.java:logGet(44)) - raft.server.snapshot.auto.trigger.threshold = 10000 (custom)
2020-10-09 16:27:11,810 [pool-258-thread-1] INFO  server.RaftServerConfigKeys (ConfUtils.java:logGet(44)) - raft.server.snapshot.retention.file.num = 5 (custom)
2020-10-09 16:27:11,810 [pool-258-thread-1] INFO  server.RaftServerConfigKeys (ConfUtils.java:logGet(44)) - raft.server.log.purge.upto.snapshot.index = false (default)
2020-10-09 16:27:11,810 [pool-258-thread-1] INFO  server.RaftServerConfigKeys (ConfUtils.java:logGet(44)) - raft.server.retrycache.expirytime = 600000ms (custom)
2020-10-09 16:27:11,810 [pool-258-thread-1] INFO  metrics.RatisMetrics (RatisMetrics.java:lambda$create$0(36)) - Creating Metrics Registry : ratis.leader_election.b161a03a-6ea2-4c37-959f-34fa307bd458@group-0BE05241102E
2020-10-09 16:27:11,811 [pool-258-thread-1] INFO  metrics.RatisMetrics (RatisMetrics.java:lambda$create$0(36)) - Creating Metrics Registry : ratis.server.b161a03a-6ea2-4c37-959f-34fa307bd458@group-0BE05241102E
2020-10-09 16:27:11,812 [pool-258-thread-1] INFO  impl.RaftServerImpl (RaftServerImpl.java:start(209)) - b161a03a-6ea2-4c37-959f-34fa307bd458@group-0BE05241102E: start as a follower, conf=-1: [b161a03a-6ea2-4c37-959f-34fa307bd458:172.17.0.2:39031:0], old=null
2020-10-09 16:27:11,812 [pool-258-thread-1] INFO  impl.RaftServerImpl (RaftServerImpl.java:setRole(198)) - b161a03a-6ea2-4c37-959f-34fa307bd458@group-0BE05241102E: changes role from      null to FOLLOWER at term 0 for startAsFollower
2020-10-09 16:27:11,812 [pool-258-thread-1] INFO  impl.RoleInfo (RoleInfo.java:updateAndGet(143)) - b161a03a-6ea2-4c37-959f-34fa307bd458: start FollowerState
2020-10-09 16:27:11,812 [pool-258-thread-1] INFO  util.JmxRegister (JmxRegister.java:tryRegister(44)) - Successfully registered JMX Bean with object name Ratis:service=RaftServer,group=group-0BE05241102E,id=b161a03a-6ea2-4c37-959f-34fa307bd458
2020-10-09 16:27:11,812 [pool-258-thread-1] INFO  metrics.RatisMetrics (RatisMetrics.java:lambda$create$0(36)) - Creating Metrics Registry : ratis.state_machine.b161a03a-6ea2-4c37-959f-34fa307bd458@group-0BE05241102E
2020-10-09 16:27:11,818 [Command processor thread] INFO  commandhandler.CreatePipelineCommandHandler (CreatePipelineCommandHandler.java:handle(110)) - Created Pipeline RATIS ONE #id: "4a14f404-cc2d-4f76-b7fa-0be05241102e"
uuid128 {
  mostSigBits: 5338159759783448438
  leastSigBits: -5189822562510499794
}
.
2020-10-09 16:27:12,782 [Listener at 127.0.0.1/39485] INFO  ozone.MiniOzoneClusterImpl (MiniOzoneClusterImpl.java:lambda$waitForClusterToBeReady$0(177)) - Nodes are ready. Got 7 of 7 DN Heartbeats.
2020-10-09 16:27:12,782 [Listener at 127.0.0.1/39485] INFO  ozone.MiniOzoneClusterImpl (MiniOzoneClusterImpl.java:lambda$waitForClusterToBeReady$0(180)) - Waiting for cluster to exit safe mode
2020-10-09 16:27:13,782 [Listener at 127.0.0.1/39485] INFO  ozone.MiniOzoneClusterImpl (MiniOzoneClusterImpl.java:lambda$waitForClusterToBeReady$0(177)) - Nodes are ready. Got 7 of 7 DN Heartbeats.
2020-10-09 16:27:13,782 [Listener at 127.0.0.1/39485] INFO  ozone.MiniOzoneClusterImpl (MiniOzoneClusterImpl.java:lambda$waitForClusterToBeReady$0(180)) - Waiting for cluster to exit safe mode
2020-10-09 16:27:14,782 [Listener at 127.0.0.1/39485] INFO  ozone.MiniOzoneClusterImpl (MiniOzoneClusterImpl.java:lambda$waitForClusterToBeReady$0(177)) - Nodes are ready. Got 7 of 7 DN Heartbeats.
2020-10-09 16:27:14,783 [Listener at 127.0.0.1/39485] INFO  ozone.MiniOzoneClusterImpl (MiniOzoneClusterImpl.java:lambda$waitForClusterToBeReady$0(180)) - Waiting for cluster to exit safe mode
2020-10-09 16:27:15,543 [Thread-605] INFO  impl.FollowerState (FollowerState.java:run(108)) - 6a499dda-a250-4daa-aa17-9ec32443242a@group-6881D1EBFFD7-FollowerState: change to CANDIDATE, lastRpcTime:5003ms, electionTimeout:5002ms
2020-10-09 16:27:15,544 [Thread-605] INFO  impl.RoleInfo (RoleInfo.java:shutdownFollowerState(121)) - 6a499dda-a250-4daa-aa17-9ec32443242a: shutdown FollowerState
2020-10-09 16:27:15,544 [Thread-605] INFO  impl.RaftServerImpl (RaftServerImpl.java:setRole(198)) - 6a499dda-a250-4daa-aa17-9ec32443242a@group-6881D1EBFFD7: changes role from  FOLLOWER to CANDIDATE at term 0 for changeToCandidate
2020-10-09 16:27:15,544 [Thread-605] INFO  impl.RoleInfo (RoleInfo.java:updateAndGet(143)) - 6a499dda-a250-4daa-aa17-9ec32443242a: start LeaderElection
2020-10-09 16:27:15,547 [6a499dda-a250-4daa-aa17-9ec32443242a@group-6881D1EBFFD7-LeaderElection13] INFO  impl.LeaderElection (LeaderElection.java:askForVotes(210)) - 6a499dda-a250-4daa-aa17-9ec32443242a@group-6881D1EBFFD7-LeaderElection13: begin an election at term 1 for -1: [6a499dda-a250-4daa-aa17-9ec32443242a:172.17.0.2:37035:0], old=null
2020-10-09 16:27:15,547 [6a499dda-a250-4daa-aa17-9ec32443242a@group-6881D1EBFFD7-LeaderElection13] INFO  impl.RoleInfo (RoleInfo.java:shutdownLeaderElection(134)) - 6a499dda-a250-4daa-aa17-9ec32443242a: shutdown LeaderElection
2020-10-09 16:27:15,547 [6a499dda-a250-4daa-aa17-9ec32443242a@group-6881D1EBFFD7-LeaderElection13] INFO  impl.RaftServerImpl (RaftServerImpl.java:setRole(198)) - 6a499dda-a250-4daa-aa17-9ec32443242a@group-6881D1EBFFD7: changes role from CANDIDATE to LEADER at term 1 for changeToLeader
2020-10-09 16:27:15,548 [6a499dda-a250-4daa-aa17-9ec32443242a@group-6881D1EBFFD7-LeaderElection13] INFO  ratis.XceiverServerRatis (XceiverServerRatis.java:handleLeaderChangedNotification(822)) - Leader change notification received for group: group-6881D1EBFFD7 with new leaderId: 6a499dda-a250-4daa-aa17-9ec32443242a
2020-10-09 16:27:15,548 [6a499dda-a250-4daa-aa17-9ec32443242a@group-6881D1EBFFD7-LeaderElection13] INFO  impl.RaftServerImpl (ServerState.java:setLeader(256)) - 6a499dda-a250-4daa-aa17-9ec32443242a@group-6881D1EBFFD7: change Leader from null to 6a499dda-a250-4daa-aa17-9ec32443242a at term 1 for becomeLeader, leader elected after 5015ms
2020-10-09 16:27:15,548 [6a499dda-a250-4daa-aa17-9ec32443242a@group-6881D1EBFFD7-LeaderElection13] INFO  server.RaftServerConfigKeys (ConfUtils.java:logGet(44)) - raft.server.staging.catchup.gap = 1000 (default)
2020-10-09 16:27:15,548 [6a499dda-a250-4daa-aa17-9ec32443242a@group-6881D1EBFFD7-LeaderElection13] INFO  server.RaftServerConfigKeys (ConfUtils.java:logGet(44)) - raft.server.rpc.sleep.time = 25ms (default)
2020-10-09 16:27:15,548 [6a499dda-a250-4daa-aa17-9ec32443242a@group-6881D1EBFFD7-LeaderElection13] INFO  metrics.RatisMetrics (RatisMetrics.java:lambda$create$0(36)) - Creating Metrics Registry : ratis.log_appender.6a499dda-a250-4daa-aa17-9ec32443242a@group-6881D1EBFFD7
2020-10-09 16:27:15,549 [6a499dda-a250-4daa-aa17-9ec32443242a@group-6881D1EBFFD7-LeaderElection13] INFO  server.RaftServerConfigKeys (ConfUtils.java:logGet(44)) - raft.server.write.element-limit = 1024 (custom)
2020-10-09 16:27:15,549 [6a499dda-a250-4daa-aa17-9ec32443242a@group-6881D1EBFFD7-LeaderElection13] INFO  server.RaftServerConfigKeys (ConfUtils.java:logGet(44)) - raft.server.write.byte-limit = 1073741824 (custom)
2020-10-09 16:27:15,549 [6a499dda-a250-4daa-aa17-9ec32443242a@group-6881D1EBFFD7-LeaderElection13] INFO  server.RaftServerConfigKeys (ConfUtils.java:logGet(44)) - raft.server.watch.timeout = 180s (custom)
2020-10-09 16:27:15,549 [6a499dda-a250-4daa-aa17-9ec32443242a@group-6881D1EBFFD7-LeaderElection13] INFO  server.RaftServerConfigKeys (ConfUtils.java:logGet(44)) - raft.server.watch.timeout.denomination = 1s (default)
2020-10-09 16:27:15,549 [6a499dda-a250-4daa-aa17-9ec32443242a@group-6881D1EBFFD7-LeaderElection13] INFO  server.RaftServerConfigKeys (ConfUtils.java:logGet(44)) - raft.server.watch.element-limit = 65536 (default)
2020-10-09 16:27:15,550 [6a499dda-a250-4daa-aa17-9ec32443242a@group-6881D1EBFFD7-LeaderElection13] INFO  impl.RoleInfo (RoleInfo.java:updateAndGet(143)) - 6a499dda-a250-4daa-aa17-9ec32443242a: start LeaderState
2020-10-09 16:27:15,550 [6a499dda-a250-4daa-aa17-9ec32443242a@group-6881D1EBFFD7-LeaderElection13] INFO  segmented.SegmentedRaftLogWorker (SegmentedRaftLogWorker.java:startLogSegment(397)) - 6a499dda-a250-4daa-aa17-9ec32443242a@group-6881D1EBFFD7-SegmentedRaftLogWorker: Starting segment from index:0
2020-10-09 16:27:15,552 [6a499dda-a250-4daa-aa17-9ec32443242a@group-6881D1EBFFD7-SegmentedRaftLogWorker] INFO  segmented.SegmentedRaftLogWorker (SegmentedRaftLogWorker.java:execute(596)) - 6a499dda-a250-4daa-aa17-9ec32443242a@group-6881D1EBFFD7-SegmentedRaftLogWorker: created new log segment /github/workspace/mnt/ozone/hadoop-ozone/integration-test/target/test-dir/MiniOzoneClusterImpl-c5028e9e-dbc6-4f7d-99b7-5a0387eddaa2/datanode-0/data/ratis/337ba552-c6bf-4882-a106-6881d1ebffd7/current/log_inprogress_0
2020-10-09 16:27:15,553 [6a499dda-a250-4daa-aa17-9ec32443242a@group-6881D1EBFFD7-LeaderElection13] INFO  impl.RaftServerImpl (ServerState.java:setRaftConf(374)) - 6a499dda-a250-4daa-aa17-9ec32443242a@group-6881D1EBFFD7: set configuration 0: [6a499dda-a250-4daa-aa17-9ec32443242a:172.17.0.2:37035:0], old=null at 0
2020-10-09 16:27:15,650 [Thread-609] INFO  impl.FollowerState (FollowerState.java:run(108)) - 971ea0da-63f5-4acb-8c67-7c1bd783a005@group-FE3FB79E145E-FollowerState: change to CANDIDATE, lastRpcTime:5058ms, electionTimeout:5057ms
2020-10-09 16:27:15,650 [Thread-609] INFO  impl.RoleInfo (RoleInfo.java:shutdownFollowerState(121)) - 971ea0da-63f5-4acb-8c67-7c1bd783a005: shutdown FollowerState
2020-10-09 16:27:15,650 [Thread-609] INFO  impl.RaftServerImpl (RaftServerImpl.java:setRole(198)) - 971ea0da-63f5-4acb-8c67-7c1bd783a005@group-FE3FB79E145E: changes role from  FOLLOWER to CANDIDATE at term 0 for changeToCandidate
2020-10-09 16:27:15,650 [Thread-609] INFO  impl.RoleInfo (RoleInfo.java:updateAndGet(143)) - 971ea0da-63f5-4acb-8c67-7c1bd783a005: start LeaderElection
2020-10-09 16:27:15,654 [971ea0da-63f5-4acb-8c67-7c1bd783a005@group-FE3FB79E145E-LeaderElection14] INFO  impl.LeaderElection (LeaderElection.java:askForVotes(210)) - 971ea0da-63f5-4acb-8c67-7c1bd783a005@group-FE3FB79E145E-LeaderElection14: begin an election at term 1 for -1: [6a499dda-a250-4daa-aa17-9ec32443242a:172.17.0.2:37035:0, e27ecad8-c8c3-4bdb-8e56-23cf5ec81ff3:172.17.0.2:34435:0, 971ea0da-63f5-4acb-8c67-7c1bd783a005:172.17.0.2:43703:0], old=null
2020-10-09 16:27:15,666 [Thread-607] INFO  impl.FollowerState (FollowerState.java:run(108)) - 6a499dda-a250-4daa-aa17-9ec32443242a@group-FE3FB79E145E-FollowerState: change to CANDIDATE, lastRpcTime:5109ms, electionTimeout:5098ms
2020-10-09 16:27:15,666 [Thread-607] INFO  impl.RoleInfo (RoleInfo.java:shutdownFollowerState(121)) - 6a499dda-a250-4daa-aa17-9ec32443242a: shutdown FollowerState
2020-10-09 16:27:15,667 [Thread-607] INFO  impl.RaftServerImpl (RaftServerImpl.java:setRole(198)) - 6a499dda-a250-4daa-aa17-9ec32443242a@group-FE3FB79E145E: changes role from  FOLLOWER to CANDIDATE at term 0 for changeToCandidate
2020-10-09 16:27:15,667 [Thread-607] INFO  impl.RoleInfo (RoleInfo.java:updateAndGet(143)) - 6a499dda-a250-4daa-aa17-9ec32443242a: start LeaderElection
2020-10-09 16:27:15,673 [grpc-default-executor-0] INFO  metrics.RatisMetrics (RatisMetrics.java:lambda$create$0(36)) - Creating Metrics Registry : ratis.server_message_metrics.6a499dda-a250-4daa-aa17-9ec32443242a
2020-10-09 16:27:15,676 [grpc-default-executor-3] INFO  impl.RaftServerImpl (RaftServerImpl.java:setRole(198)) - e27ecad8-c8c3-4bdb-8e56-23cf5ec81ff3@group-FE3FB79E145E: changes role from  FOLLOWER to FOLLOWER at term 1 for recognizeCandidate:971ea0da-63f5-4acb-8c67-7c1bd783a005
2020-10-09 16:27:15,676 [grpc-default-executor-3] INFO  impl.RoleInfo (RoleInfo.java:shutdownFollowerState(121)) - e27ecad8-c8c3-4bdb-8e56-23cf5ec81ff3: shutdown FollowerState
2020-10-09 16:27:15,676 [grpc-default-executor-0] INFO  impl.RaftServerImpl (RaftServerImpl.java:setRole(198)) - 6a499dda-a250-4daa-aa17-9ec32443242a@group-FE3FB79E145E: changes role from CANDIDATE to FOLLOWER at term 1 for recognizeCandidate:971ea0da-63f5-4acb-8c67-7c1bd783a005
2020-10-09 16:27:15,676 [grpc-default-executor-0] INFO  impl.RoleInfo (RoleInfo.java:shutdownLeaderElection(134)) - 6a499dda-a250-4daa-aa17-9ec32443242a: shutdown LeaderElection
2020-10-09 16:27:15,676 [grpc-default-executor-3] INFO  impl.RoleInfo (RoleInfo.java:updateAndGet(143)) - e27ecad8-c8c3-4bdb-8e56-23cf5ec81ff3: start FollowerState
2020-10-09 16:27:15,676 [Thread-612] INFO  impl.FollowerState (FollowerState.java:run(117)) - e27ecad8-c8c3-4bdb-8e56-23cf5ec81ff3@group-FE3FB79E145E-FollowerState was interrupted: java.lang.InterruptedException: sleep interrupted
2020-10-09 16:27:15,676 [grpc-default-executor-0] INFO  impl.RoleInfo (RoleInfo.java:updateAndGet(143)) - 6a499dda-a250-4daa-aa17-9ec32443242a: start FollowerState
2020-10-09 16:27:15,685 [grpc-default-executor-3] INFO  impl.RaftServerImpl (RaftServerImpl.java:requestVote(923)) -  FOLLOWER e27ecad8-c8c3-4bdb-8e56-23cf5ec81ff3@group-FE3FB79E145E:t1, leader=null, voted=null, raftlog=e27ecad8-c8c3-4bdb-8e56-23cf5ec81ff3@group-FE3FB79E145E-SegmentedRaftLog:OPENED:c-1,f-1,i0, conf=-1: [6a499dda-a250-4daa-aa17-9ec32443242a:172.17.0.2:37035:0, e27ecad8-c8c3-4bdb-8e56-23cf5ec81ff3:172.17.0.2:34435:0, 971ea0da-63f5-4acb-8c67-7c1bd783a005:172.17.0.2:43703:0], old=null RUNNING priority:0 candidate:971ea0da-63f5-4acb-8c67-7c1bd783a005:172.17.0.2:43703:0 candidatePriority:0 compare:0
2020-10-09 16:27:15,690 [971ea0da-63f5-4acb-8c67-7c1bd783a005@group-FE3FB79E145E-LeaderElection14] INFO  impl.LeaderElection (LeaderElection.java:logAndReturn(62)) - 971ea0da-63f5-4acb-8c67-7c1bd783a005@group-FE3FB79E145E-LeaderElection14: Election PASSED; received 2 response(s) [971ea0da-63f5-4acb-8c67-7c1bd783a005<-6a499dda-a250-4daa-aa17-9ec32443242a#0:FAIL-t1, 971ea0da-63f5-4acb-8c67-7c1bd783a005<-e27ecad8-c8c3-4bdb-8e56-23cf5ec81ff3#0:OK-t1] and 0 exception(s); 971ea0da-63f5-4acb-8c67-7c1bd783a005@group-FE3FB79E145E:t1, leader=null, voted=971ea0da-63f5-4acb-8c67-7c1bd783a005, raftlog=971ea0da-63f5-4acb-8c67-7c1bd783a005@group-FE3FB79E145E-SegmentedRaftLog:OPENED:c-1,f-1,i0, conf=-1: [6a499dda-a250-4daa-aa17-9ec32443242a:172.17.0.2:37035:0, e27ecad8-c8c3-4bdb-8e56-23cf5ec81ff3:172.17.0.2:34435:0, 971ea0da-63f5-4acb-8c67-7c1bd783a005:172.17.0.2:43703:0], old=null
2020-10-09 16:27:15,691 [971ea0da-63f5-4acb-8c67-7c1bd783a005@group-FE3FB79E145E-LeaderElection14] INFO  impl.RoleInfo (RoleInfo.java:shutdownLeaderElection(134)) - 971ea0da-63f5-4acb-8c67-7c1bd783a005: shutdown LeaderElection
2020-10-09 16:27:15,691 [971ea0da-63f5-4acb-8c67-7c1bd783a005@group-FE3FB79E145E-LeaderElection14] INFO  impl.RaftServerImpl (RaftServerImpl.java:setRole(198)) - 971ea0da-63f5-4acb-8c67-7c1bd783a005@group-FE3FB79E145E: changes role from CANDIDATE to LEADER at term 1 for changeToLeader
2020-10-09 16:27:15,691 [971ea0da-63f5-4acb-8c67-7c1bd783a005@group-FE3FB79E145E-LeaderElection14] INFO  ratis.XceiverServerRatis (XceiverServerRatis.java:handleLeaderChangedNotification(822)) - Leader change notification received for group: group-FE3FB79E145E with new leaderId: 971ea0da-63f5-4acb-8c67-7c1bd783a005
2020-10-09 16:27:15,692 [971ea0da-63f5-4acb-8c67-7c1bd783a005@group-FE3FB79E145E-LeaderElection14] INFO  impl.RaftServerImpl (ServerState.java:setLeader(256)) - 971ea0da-63f5-4acb-8c67-7c1bd783a005@group-FE3FB79E145E: change Leader from null to 971ea0da-63f5-4acb-8c67-7c1bd783a005 at term 1 for becomeLeader, leader elected after 5109ms
2020-10-09 16:27:15,692 [971ea0da-63f5-4acb-8c67-7c1bd783a005@group-FE3FB79E145E-LeaderElection14] INFO  server.RaftServerConfigKeys (ConfUtils.java:logGet(44)) - raft.server.staging.catchup.gap = 1000 (default)
2020-10-09 16:27:15,692 [971ea0da-63f5-4acb-8c67-7c1bd783a005@group-FE3FB79E145E-LeaderElection14] INFO  server.RaftServerConfigKeys (ConfUtils.java:logGet(44)) - raft.server.rpc.sleep.time = 25ms (default)
2020-10-09 16:27:15,692 [971ea0da-63f5-4acb-8c67-7c1bd783a005@group-FE3FB79E145E-LeaderElection14] INFO  metrics.RatisMetrics (RatisMetrics.java:lambda$create$0(36)) - Creating Metrics Registry : ratis.log_appender.971ea0da-63f5-4acb-8c67-7c1bd783a005@group-FE3FB79E145E
2020-10-09 16:27:15,692 [971ea0da-63f5-4acb-8c67-7c1bd783a005@group-FE3FB79E145E-LeaderElection14] INFO  server.RaftServerConfigKeys (ConfUtils.java:logGet(44)) - raft.server.write.element-limit = 1024 (custom)
2020-10-09 16:27:15,692 [971ea0da-63f5-4acb-8c67-7c1bd783a005@group-FE3FB79E145E-LeaderElection14] INFO  server.RaftServerConfigKeys (ConfUtils.java:logGet(44)) - raft.server.write.byte-limit = 1073741824 (custom)
2020-10-09 16:27:15,692 [971ea0da-63f5-4acb-8c67-7c1bd783a005@group-FE3FB79E145E-LeaderElection14] INFO  server.RaftServerConfigKeys (ConfUtils.java:logGet(44)) - raft.server.watch.timeout = 180s (custom)
2020-10-09 16:27:15,692 [971ea0da-63f5-4acb-8c67-7c1bd783a005@group-FE3FB79E145E-LeaderElection14] INFO  server.RaftServerConfigKeys (ConfUtils.java:logGet(44)) - raft.server.watch.timeout.denomination = 1s (default)
2020-10-09 16:27:15,693 [971ea0da-63f5-4acb-8c67-7c1bd783a005@group-FE3FB79E145E-LeaderElection14] INFO  server.RaftServerConfigKeys (ConfUtils.java:logGet(44)) - raft.server.watch.element-limit = 65536 (default)
2020-10-09 16:27:15,693 [971ea0da-63f5-4acb-8c67-7c1bd783a005@group-FE3FB79E145E-LeaderElection14] INFO  server.RaftServerConfigKeys (ConfUtils.java:logGet(44)) - raft.server.log.appender.snapshot.chunk.size.max = 16MB (=16777216) (default)
2020-10-09 16:27:15,693 [971ea0da-63f5-4acb-8c67-7c1bd783a005@group-FE3FB79E145E-LeaderElection14] INFO  server.RaftServerConfigKeys (ConfUtils.java:logGet(44)) - raft.server.log.appender.buffer.byte-limit = 33554432 (custom)
2020-10-09 16:27:15,693 [971ea0da-63f5-4acb-8c67-7c1bd783a005@group-FE3FB79E145E-LeaderElection14] INFO  server.RaftServerConfigKeys (ConfUtils.java:logGet(44)) - raft.server.log.appender.buffer.element-limit = 1 (custom)
2020-10-09 16:27:15,693 [971ea0da-63f5-4acb-8c67-7c1bd783a005@group-FE3FB79E145E-LeaderElection14] INFO  grpc.GrpcConfigKeys (ConfUtils.java:logGet(44)) - raft.grpc.server.leader.outstanding.appends.max = 128 (default)
2020-10-09 16:27:15,693 [971ea0da-63f5-4acb-8c67-7c1bd783a005@group-FE3FB79E145E-LeaderElection14] INFO  server.RaftServerConfigKeys (ConfUtils.java:logGet(44)) - raft.server.rpc.request.timeout = 60s (custom)
2020-10-09 16:27:15,693 [971ea0da-63f5-4acb-8c67-7c1bd783a005@group-FE3FB79E145E-LeaderElection14] INFO  server.RaftServerConfigKeys (ConfUtils.java:logGet(44)) - raft.server.log.appender.install.snapshot.enabled = false (custom)
2020-10-09 16:27:15,693 [971ea0da-63f5-4acb-8c67-7c1bd783a005@group-FE3FB79E145E-LeaderElection14] INFO  metrics.RatisMetrics (RatisMetrics.java:lambda$create$0(36)) - Creating Metrics Registry : ratis_grpc.log_appender.971ea0da-63f5-4acb-8c67-7c1bd783a005@group-FE3FB79E145E
2020-10-09 16:27:15,694 [EventQueue-PipelineReportForPipelineReportHandler] INFO  pipeline.PipelineStateManager (PipelineStateManager.java:openPipeline(131)) - Pipeline Pipeline[ Id: 2f7f8ffa-1739-4262-bec8-fe3fb79e145e, Nodes: 971ea0da-63f5-4acb-8c67-7c1bd783a005{ip: 172.17.0.2, host: de266806e394, networkLocation: /default-rack, certSerialId: null}6a499dda-a250-4daa-aa17-9ec32443242a{ip: 172.17.0.2, host: de266806e394, networkLocation: /default-rack, certSerialId: null}e27ecad8-c8c3-4bdb-8e56-23cf5ec81ff3{ip: 172.17.0.2, host: de266806e394, networkLocation: /default-rack, certSerialId: null}, Type:RATIS, Factor:THREE, State:ALLOCATED, leaderId:971ea0da-63f5-4acb-8c67-7c1bd783a005, CreationTimestamp2020-10-09T16:27:07.978Z] moved to OPEN state
2020-10-09 16:27:15,695 [971ea0da-63f5-4acb-8c67-7c1bd783a005@group-FE3FB79E145E-LeaderElection14] INFO  server.RaftServerConfigKeys (ConfUtils.java:logGet(44)) - raft.server.log.appender.snapshot.chunk.size.max = 16MB (=16777216) (default)
2020-10-09 16:27:15,697 [971ea0da-63f5-4acb-8c67-7c1bd783a005@group-FE3FB79E145E-LeaderElection14] INFO  server.RaftServerConfigKeys (ConfUtils.java:logGet(44)) - raft.server.log.appender.buffer.byte-limit = 33554432 (custom)
2020-10-09 16:27:15,697 [EventQueue-OpenPipelineForHealthyPipelineSafeModeRule] INFO  safemode.SCMSafeModeManager (HealthyPipelineSafeModeRule.java:process(129)) - SCM in safe mode. Healthy pipelines reported count is 1, required healthy pipeline reported count is 1
2020-10-09 16:27:15,697 [EventQueue-OpenPipelineForOneReplicaPipelineSafeModeRule] INFO  safemode.SCMSafeModeManager (SCMSafeModeManager.java:validateSafeModeExitRules(214)) - AtleastOneDatanodeReportedRule rule is successfully validated
2020-10-09 16:27:15,698 [EventQueue-OpenPipelineForHealthyPipelineSafeModeRule] INFO  safemode.SCMSafeModeManager (SCMSafeModeManager.java:validateSafeModeExitRules(214)) - HealthyPipelineSafeModeRule rule is successfully validated
2020-10-09 16:27:15,698 [EventQueue-OpenPipelineForHealthyPipelineSafeModeRule] INFO  safemode.SCMSafeModeManager (SCMSafeModeManager.java:validateSafeModeExitRules(228)) - ScmSafeModeManager, all rules are successfully validated
2020-10-09 16:27:15,698 [EventQueue-OpenPipelineForHealthyPipelineSafeModeRule] INFO  safemode.SCMSafeModeManager (SCMSafeModeManager.java:exitSafeMode(257)) - SCM exiting safe mode.
2020-10-09 16:27:15,697 [971ea0da-63f5-4acb-8c67-7c1bd783a005@group-FE3FB79E145E-LeaderElection14] INFO  server.RaftServerConfigKeys (ConfUtils.java:logGet(44)) - raft.server.log.appender.buffer.element-limit = 1 (custom)
2020-10-09 16:27:15,698 [971ea0da-63f5-4acb-8c67-7c1bd783a005@group-FE3FB79E145E-LeaderElection14] INFO  grpc.GrpcConfigKeys (ConfUtils.java:logGet(44)) - raft.grpc.server.leader.outstanding.appends.max = 128 (default)
2020-10-09 16:27:15,698 [971ea0da-63f5-4acb-8c67-7c1bd783a005@group-FE3FB79E145E-LeaderElection14] INFO  server.RaftServerConfigKeys (ConfUtils.java:logGet(44)) - raft.server.rpc.request.timeout = 60s (custom)
2020-10-09 16:27:15,698 [971ea0da-63f5-4acb-8c67-7c1bd783a005@group-FE3FB79E145E-LeaderElection14] INFO  server.RaftServerConfigKeys (ConfUtils.java:logGet(44)) - raft.server.log.appender.install.snapshot.enabled = false (custom)
2020-10-09 16:27:15,699 [971ea0da-63f5-4acb-8c67-7c1bd783a005@group-FE3FB79E145E-LeaderElection14] INFO  impl.RoleInfo (RoleInfo.java:updateAndGet(143)) - 971ea0da-63f5-4acb-8c67-7c1bd783a005: start LeaderState
2020-10-09 16:27:15,699 [971ea0da-63f5-4acb-8c67-7c1bd783a005@group-FE3FB79E145E-LeaderElection14] INFO  segmented.SegmentedRaftLogWorker (SegmentedRaftLogWorker.java:startLogSegment(397)) - 971ea0da-63f5-4acb-8c67-7c1bd783a005@group-FE3FB79E145E-SegmentedRaftLogWorker: Starting segment from index:0
2020-10-09 16:27:15,701 [971ea0da-63f5-4acb-8c67-7c1bd783a005@group-FE3FB79E145E-LeaderElection14] INFO  impl.RaftServerImpl (ServerState.java:setRaftConf(374)) - 971ea0da-63f5-4acb-8c67-7c1bd783a005@group-FE3FB79E145E: set configuration 0: [6a499dda-a250-4daa-aa17-9ec32443242a:172.17.0.2:37035:0, e27ecad8-c8c3-4bdb-8e56-23cf5ec81ff3:172.17.0.2:34435:0, 971ea0da-63f5-4acb-8c67-7c1bd783a005:172.17.0.2:43703:0], old=null at 0
2020-10-09 16:27:15,706 [971ea0da-63f5-4acb-8c67-7c1bd783a005@group-FE3FB79E145E-SegmentedRaftLogWorker] INFO  segmented.SegmentedRaftLogWorker (SegmentedRaftLogWorker.java:execute(596)) - 971ea0da-63f5-4acb-8c67-7c1bd783a005@group-FE3FB79E145E-SegmentedRaftLogWorker: created new log segment /github/workspace/mnt/ozone/hadoop-ozone/integration-test/target/test-dir/MiniOzoneClusterImpl-c5028e9e-dbc6-4f7d-99b7-5a0387eddaa2/datanode-2/data/ratis/2f7f8ffa-1739-4262-bec8-fe3fb79e145e/current/log_inprogress_0
2020-10-09 16:27:15,716 [grpc-default-executor-3] INFO  ratis.XceiverServerRatis (XceiverServerRatis.java:handleLeaderChangedNotification(822)) - Leader change notification received for group: group-FE3FB79E145E with new leaderId: 971ea0da-63f5-4acb-8c67-7c1bd783a005
2020-10-09 16:27:15,717 [grpc-default-executor-3] INFO  impl.RaftServerImpl (ServerState.java:setLeader(256)) - e27ecad8-c8c3-4bdb-8e56-23cf5ec81ff3@group-FE3FB79E145E: change Leader from null to 971ea0da-63f5-4acb-8c67-7c1bd783a005 at term 1 for appendEntries, leader elected after 5091ms
2020-10-09 16:27:15,717 [grpc-default-executor-0] INFO  ratis.XceiverServerRatis (XceiverServerRatis.java:handleLeaderChangedNotification(822)) - Leader change notification received for group: group-FE3FB79E145E with new leaderId: 971ea0da-63f5-4acb-8c67-7c1bd783a005
2020-10-09 16:27:15,717 [grpc-default-executor-0] INFO  impl.RaftServerImpl (ServerState.java:setLeader(256)) - 6a499dda-a250-4daa-aa17-9ec32443242a@group-FE3FB79E145E: change Leader from null to 971ea0da-63f5-4acb-8c67-7c1bd783a005 at term 1 for appendEntries, leader elected after 5167ms
2020-10-09 16:27:15,720 [grpc-default-executor-3] INFO  impl.RaftServerImpl (ServerState.java:setRaftConf(374)) - e27ecad8-c8c3-4bdb-8e56-23cf5ec81ff3@group-FE3FB79E145E: set configuration 0: [6a499dda-a250-4daa-aa17-9ec32443242a:172.17.0.2:37035:0, e27ecad8-c8c3-4bdb-8e56-23cf5ec81ff3:172.17.0.2:34435:0, 971ea0da-63f5-4acb-8c67-7c1bd783a005:172.17.0.2:43703:0], old=null at 0
2020-10-09 16:27:15,720 [grpc-default-executor-0] INFO  impl.RaftServerImpl (ServerState.java:setRaftConf(374)) - 6a499dda-a250-4daa-aa17-9ec32443242a@group-FE3FB79E145E: set configuration 0: [6a499dda-a250-4daa-aa17-9ec32443242a:172.17.0.2:37035:0, e27ecad8-c8c3-4bdb-8e56-23cf5ec81ff3:172.17.0.2:34435:0, 971ea0da-63f5-4acb-8c67-7c1bd783a005:172.17.0.2:43703:0], old=null at 0
2020-10-09 16:27:15,720 [grpc-default-executor-3] INFO  segmented.SegmentedRaftLogWorker (SegmentedRaftLogWorker.java:startLogSegment(397)) - e27ecad8-c8c3-4bdb-8e56-23cf5ec81ff3@group-FE3FB79E145E-SegmentedRaftLogWorker: Starting segment from index:0
2020-10-09 16:27:15,720 [grpc-default-executor-0] INFO  segmented.SegmentedRaftLogWorker (SegmentedRaftLogWorker.java:startLogSegment(397)) - 6a499dda-a250-4daa-aa17-9ec32443242a@group-FE3FB79E145E-SegmentedRaftLogWorker: Starting segment from index:0
2020-10-09 16:27:15,722 [e27ecad8-c8c3-4bdb-8e56-23cf5ec81ff3@group-FE3FB79E145E-SegmentedRaftLogWorker] INFO  segmented.SegmentedRaftLogWorker (SegmentedRaftLogWorker.java:execute(596)) - e27ecad8-c8c3-4bdb-8e56-23cf5ec81ff3@group-FE3FB79E145E-SegmentedRaftLogWorker: created new log segment /github/workspace/mnt/ozone/hadoop-ozone/integration-test/target/test-dir/MiniOzoneClusterImpl-c5028e9e-dbc6-4f7d-99b7-5a0387eddaa2/datanode-1/data/ratis/2f7f8ffa-1739-4262-bec8-fe3fb79e145e/current/log_inprogress_0
2020-10-09 16:27:15,723 [6a499dda-a250-4daa-aa17-9ec32443242a@group-FE3FB79E145E-SegmentedRaftLogWorker] INFO  segmented.SegmentedRaftLogWorker (SegmentedRaftLogWorker.java:execute(596)) - 6a499dda-a250-4daa-aa17-9ec32443242a@group-FE3FB79E145E-SegmentedRaftLogWorker: created new log segment /github/workspace/mnt/ozone/hadoop-ozone/integration-test/target/test-dir/MiniOzoneClusterImpl-c5028e9e-dbc6-4f7d-99b7-5a0387eddaa2/datanode-0/data/ratis/2f7f8ffa-1739-4262-bec8-fe3fb79e145e/current/log_inprogress_0
2020-10-09 16:27:15,783 [Listener at 127.0.0.1/39485] INFO  ozone.MiniOzoneClusterImpl (MiniOzoneClusterImpl.java:lambda$waitForClusterToBeReady$0(177)) - Nodes are ready. Got 7 of 7 DN Heartbeats.
2020-10-09 16:27:15,783 [Listener at 127.0.0.1/39485] INFO  ozone.MiniOzoneClusterImpl (MiniOzoneClusterImpl.java:lambda$waitForClusterToBeReady$0(180)) - Cluster exits safe mode
2020-10-09 16:27:15,793 [Listener at 127.0.0.1/39485] INFO  rpc.RpcClient (RpcClient.java:createVolume(321)) - Creating Volume: testblockoutputstreamwithretries, with jenkins1001 as owner.
2020-10-09 16:27:15,795 [IPC Server handler 3 on default port 39485] INFO  volume.OMVolumeCreateRequest (OMVolumeCreateRequest.java:validateAndUpdateCache(195)) - created volume:testblockoutputstreamwithretries for user:jenkins1001
2020-10-09 16:27:15,802 [Listener at 127.0.0.1/39485] INFO  rpc.RpcClient (RpcClient.java:createBucket(476)) - Creating Bucket: testblockoutputstreamwithretries/testblockoutputstreamwithretries, with Versioning false and Storage Type set to DISK and Encryption set to false 
2020-10-09 16:27:15,818 [Listener at 127.0.0.1/39485] INFO  metrics.RatisMetrics (RatisMetrics.java:lambda$create$0(36)) - Creating Metrics Registry : ratis.client_message_metrics.client-77D9B7BE5D58->e27ecad8-c8c3-4bdb-8e56-23cf5ec81ff3
2020-10-09 16:27:15,853 [Thread-615] INFO  impl.FollowerState (FollowerState.java:run(108)) - e27ecad8-c8c3-4bdb-8e56-23cf5ec81ff3@group-20664874FE6E-FollowerState: change to CANDIDATE, lastRpcTime:5108ms, electionTimeout:5108ms
2020-10-09 16:27:15,853 [Thread-615] INFO  impl.RoleInfo (RoleInfo.java:shutdownFollowerState(121)) - e27ecad8-c8c3-4bdb-8e56-23cf5ec81ff3: shutdown FollowerState
2020-10-09 16:27:15,853 [Thread-615] INFO  impl.RaftServerImpl (RaftServerImpl.java:setRole(198)) - e27ecad8-c8c3-4bdb-8e56-23cf5ec81ff3@group-20664874FE6E: changes role from  FOLLOWER to CANDIDATE at term 0 for changeToCandidate
2020-10-09 16:27:15,853 [Thread-615] INFO  impl.RoleInfo (RoleInfo.java:updateAndGet(143)) - e27ecad8-c8c3-4bdb-8e56-23cf5ec81ff3: start LeaderElection
2020-10-09 16:27:15,856 [e27ecad8-c8c3-4bdb-8e56-23cf5ec81ff3@group-20664874FE6E-LeaderElection16] INFO  impl.LeaderElection (LeaderElection.java:askForVotes(210)) - e27ecad8-c8c3-4bdb-8e56-23cf5ec81ff3@group-20664874FE6E-LeaderElection16: begin an election at term 1 for -1: [e27ecad8-c8c3-4bdb-8e56-23cf5ec81ff3:172.17.0.2:34435:0], old=null
2020-10-09 16:27:15,856 [e27ecad8-c8c3-4bdb-8e56-23cf5ec81ff3@group-20664874FE6E-LeaderElection16] INFO  impl.RoleInfo (RoleInfo.java:shutdownLeaderElection(134)) - e27ecad8-c8c3-4bdb-8e56-23cf5ec81ff3: shutdown LeaderElection
2020-10-09 16:27:15,856 [e27ecad8-c8c3-4bdb-8e56-23cf5ec81ff3@group-20664874FE6E-LeaderElection16] INFO  impl.RaftServerImpl (RaftServerImpl.java:setRole(198)) - e27ecad8-c8c3-4bdb-8e56-23cf5ec81ff3@group-20664874FE6E: changes role from CANDIDATE to LEADER at term 1 for changeToLeader
2020-10-09 16:27:15,856 [e27ecad8-c8c3-4bdb-8e56-23cf5ec81ff3@group-20664874FE6E-LeaderElection16] INFO  ratis.XceiverServerRatis (XceiverServerRatis.java:handleLeaderChangedNotification(822)) - Leader change notification received for group: group-20664874FE6E with new leaderId: e27ecad8-c8c3-4bdb-8e56-23cf5ec81ff3
2020-10-09 16:27:15,856 [e27ecad8-c8c3-4bdb-8e56-23cf5ec81ff3@group-20664874FE6E-LeaderElection16] INFO  impl.RaftServerImpl (ServerState.java:setLeader(256)) - e27ecad8-c8c3-4bdb-8e56-23cf5ec81ff3@group-20664874FE6E: change Leader from null to e27ecad8-c8c3-4bdb-8e56-23cf5ec81ff3 at term 1 for becomeLeader, leader elected after 5124ms
2020-10-09 16:27:15,858 [e27ecad8-c8c3-4bdb-8e56-23cf5ec81ff3@group-20664874FE6E-LeaderElection16] INFO  server.RaftServerConfigKeys (ConfUtils.java:logGet(44)) - raft.server.staging.catchup.gap = 1000 (default)
2020-10-09 16:27:15,859 [e27ecad8-c8c3-4bdb-8e56-23cf5ec81ff3@group-20664874FE6E-LeaderElection16] INFO  server.RaftServerConfigKeys (ConfUtils.java:logGet(44)) - raft.server.rpc.sleep.time = 25ms (default)
2020-10-09 16:27:15,859 [e27ecad8-c8c3-4bdb-8e56-23cf5ec81ff3@group-20664874FE6E-LeaderElection16] INFO  metrics.RatisMetrics (RatisMetrics.java:lambda$create$0(36)) - Creating Metrics Registry : ratis.log_appender.e27ecad8-c8c3-4bdb-8e56-23cf5ec81ff3@group-20664874FE6E
2020-10-09 16:27:15,859 [e27ecad8-c8c3-4bdb-8e56-23cf5ec81ff3@group-20664874FE6E-LeaderElection16] INFO  server.RaftServerConfigKeys (ConfUtils.java:logGet(44)) - raft.server.write.element-limit = 1024 (custom)
2020-10-09 16:27:15,859 [e27ecad8-c8c3-4bdb-8e56-23cf5ec81ff3@group-20664874FE6E-LeaderElection16] INFO  server.RaftServerConfigKeys (ConfUtils.java:logGet(44)) - raft.server.write.byte-limit = 1073741824 (custom)
2020-10-09 16:27:15,860 [e27ecad8-c8c3-4bdb-8e56-23cf5ec81ff3@group-20664874FE6E-LeaderElection16] INFO  server.RaftServerConfigKeys (ConfUtils.java:logGet(44)) - raft.server.watch.timeout = 180s (custom)
2020-10-09 16:27:15,860 [e27ecad8-c8c3-4bdb-8e56-23cf5ec81ff3@group-20664874FE6E-LeaderElection16] INFO  server.RaftServerConfigKeys (ConfUtils.java:logGet(44)) - raft.server.watch.timeout.denomination = 1s (default)
2020-10-09 16:27:15,860 [e27ecad8-c8c3-4bdb-8e56-23cf5ec81ff3@group-20664874FE6E-LeaderElection16] INFO  server.RaftServerConfigKeys (ConfUtils.java:logGet(44)) - raft.server.watch.element-limit = 65536 (default)
2020-10-09 16:27:15,860 [e27ecad8-c8c3-4bdb-8e56-23cf5ec81ff3@group-20664874FE6E-LeaderElection16] INFO  impl.RoleInfo (RoleInfo.java:updateAndGet(143)) - e27ecad8-c8c3-4bdb-8e56-23cf5ec81ff3: start LeaderState
2020-10-09 16:27:15,860 [e27ecad8-c8c3-4bdb-8e56-23cf5ec81ff3@group-20664874FE6E-LeaderElection16] INFO  segmented.SegmentedRaftLogWorker (SegmentedRaftLogWorker.java:startLogSegment(397)) - e27ecad8-c8c3-4bdb-8e56-23cf5ec81ff3@group-20664874FE6E-SegmentedRaftLogWorker: Starting segment from index:0
2020-10-09 16:27:15,861 [e27ecad8-c8c3-4bdb-8e56-23cf5ec81ff3@group-20664874FE6E-LeaderElection16] INFO  impl.RaftServerImpl (ServerState.java:setRaftConf(374)) - e27ecad8-c8c3-4bdb-8e56-23cf5ec81ff3@group-20664874FE6E: set configuration 0: [e27ecad8-c8c3-4bdb-8e56-23cf5ec81ff3:172.17.0.2:34435:0], old=null at 0
2020-10-09 16:27:15,862 [e27ecad8-c8c3-4bdb-8e56-23cf5ec81ff3@group-20664874FE6E-SegmentedRaftLogWorker] INFO  segmented.SegmentedRaftLogWorker (SegmentedRaftLogWorker.java:execute(596)) - e27ecad8-c8c3-4bdb-8e56-23cf5ec81ff3@group-20664874FE6E-SegmentedRaftLogWorker: created new log segment /github/workspace/mnt/ozone/hadoop-ozone/integration-test/target/test-dir/MiniOzoneClusterImpl-c5028e9e-dbc6-4f7d-99b7-5a0387eddaa2/datanode-1/data/ratis/1f28af54-2102-4421-8346-20664874fe6e/current/log_inprogress_0
2020-10-09 16:27:16,086 [Thread-617] INFO  impl.FollowerState (FollowerState.java:run(108)) - 971ea0da-63f5-4acb-8c67-7c1bd783a005@group-0F87E13491E8-FollowerState: change to CANDIDATE, lastRpcTime:5097ms, electionTimeout:5089ms
2020-10-09 16:27:16,086 [Thread-617] INFO  impl.RoleInfo (RoleInfo.java:shutdownFollowerState(121)) - 971ea0da-63f5-4acb-8c67-7c1bd783a005: shutdown FollowerState
2020-10-09 16:27:16,086 [Thread-617] INFO  impl.RaftServerImpl (RaftServerImpl.java:setRole(198)) - 971ea0da-63f5-4acb-8c67-7c1bd783a005@group-0F87E13491E8: changes role from  FOLLOWER to CANDIDATE at term 0 for changeToCandidate
2020-10-09 16:27:16,086 [Thread-617] INFO  impl.RoleInfo (RoleInfo.java:updateAndGet(143)) - 971ea0da-63f5-4acb-8c67-7c1bd783a005: start LeaderElection
2020-10-09 16:27:16,092 [971ea0da-63f5-4acb-8c67-7c1bd783a005@group-0F87E13491E8-LeaderElection17] INFO  impl.LeaderElection (LeaderElection.java:askForVotes(210)) - 971ea0da-63f5-4acb-8c67-7c1bd783a005@group-0F87E13491E8-LeaderElection17: begin an election at term 1 for -1: [971ea0da-63f5-4acb-8c67-7c1bd783a005:172.17.0.2:43703:0], old=null
2020-10-09 16:27:16,093 [971ea0da-63f5-4acb-8c67-7c1bd783a005@group-0F87E13491E8-LeaderElection17] INFO  impl.RoleInfo (RoleInfo.java:shutdownLeaderElection(134)) - 971ea0da-63f5-4acb-8c67-7c1bd783a005: shutdown LeaderElection
2020-10-09 16:27:16,093 [971ea0da-63f5-4acb-8c67-7c1bd783a005@group-0F87E13491E8-LeaderElection17] INFO  impl.RaftServerImpl (RaftServerImpl.java:setRole(198)) - 971ea0da-63f5-4acb-8c67-7c1bd783a005@group-0F87E13491E8: changes role from CANDIDATE to LEADER at term 1 for changeToLeader
2020-10-09 16:27:16,093 [971ea0da-63f5-4acb-8c67-7c1bd783a005@group-0F87E13491E8-LeaderElection17] INFO  ratis.XceiverServerRatis (XceiverServerRatis.java:handleLeaderChangedNotification(822)) - Leader change notification received for group: group-0F87E13491E8 with new leaderId: 971ea0da-63f5-4acb-8c67-7c1bd783a005
2020-10-09 16:27:16,093 [971ea0da-63f5-4acb-8c67-7c1bd783a005@group-0F87E13491E8-LeaderElection17] INFO  impl.RaftServerImpl (ServerState.java:setLeader(256)) - 971ea0da-63f5-4acb-8c67-7c1bd783a005@group-0F87E13491E8: change Leader from null to 971ea0da-63f5-4acb-8c67-7c1bd783a005 at term 1 for becomeLeader, leader elected after 5113ms
2020-10-09 16:27:16,093 [971ea0da-63f5-4acb-8c67-7c1bd783a005@group-0F87E13491E8-LeaderElection17] INFO  server.RaftServerConfigKeys (ConfUtils.java:logGet(44)) - raft.server.staging.catchup.gap = 1000 (default)
2020-10-09 16:27:16,094 [971ea0da-63f5-4acb-8c67-7c1bd783a005@group-0F87E13491E8-LeaderElection17] INFO  server.RaftServerConfigKeys (ConfUtils.java:logGet(44)) - raft.server.rpc.sleep.time = 25ms (default)
2020-10-09 16:27:16,094 [971ea0da-63f5-4acb-8c67-7c1bd783a005@group-0F87E13491E8-LeaderElection17] INFO  metrics.RatisMetrics (RatisMetrics.java:lambda$create$0(36)) - Creating Metrics Registry : ratis.log_appender.971ea0da-63f5-4acb-8c67-7c1bd783a005@group-0F87E13491E8
2020-10-09 16:27:16,095 [971ea0da-63f5-4acb-8c67-7c1bd783a005@group-0F87E13491E8-LeaderElection17] INFO  server.RaftServerConfigKeys (ConfUtils.java:logGet(44)) - raft.server.write.element-limit = 1024 (custom)
2020-10-09 16:27:16,095 [971ea0da-63f5-4acb-8c67-7c1bd783a005@group-0F87E13491E8-LeaderElection17] INFO  server.RaftServerConfigKeys (ConfUtils.java:logGet(44)) - raft.server.write.byte-limit = 1073741824 (custom)
2020-10-09 16:27:16,095 [971ea0da-63f5-4acb-8c67-7c1bd783a005@group-0F87E13491E8-LeaderElection17] INFO  server.RaftServerConfigKeys (ConfUtils.java:logGet(44)) - raft.server.watch.timeout = 180s (custom)
2020-10-09 16:27:16,095 [971ea0da-63f5-4acb-8c67-7c1bd783a005@group-0F87E13491E8-LeaderElection17] INFO  server.RaftServerConfigKeys (ConfUtils.java:logGet(44)) - raft.server.watch.timeout.denomination = 1s (default)
2020-10-09 16:27:16,095 [971ea0da-63f5-4acb-8c67-7c1bd783a005@group-0F87E13491E8-LeaderElection17] INFO  server.RaftServerConfigKeys (ConfUtils.java:logGet(44)) - raft.server.watch.element-limit = 65536 (default)
2020-10-09 16:27:16,095 [971ea0da-63f5-4acb-8c67-7c1bd783a005@group-0F87E13491E8-LeaderElection17] INFO  impl.RoleInfo (RoleInfo.java:updateAndGet(143)) - 971ea0da-63f5-4acb-8c67-7c1bd783a005: start LeaderState
2020-10-09 16:27:16,096 [971ea0da-63f5-4acb-8c67-7c1bd783a005@group-0F87E13491E8-LeaderElection17] INFO  segmented.SegmentedRaftLogWorker (SegmentedRaftLogWorker.java:startLogSegment(397)) - 971ea0da-63f5-4acb-8c67-7c1bd783a005@group-0F87E13491E8-SegmentedRaftLogWorker: Starting segment from index:0
2020-10-09 16:27:16,096 [971ea0da-63f5-4acb-8c67-7c1bd783a005@group-0F87E13491E8-LeaderElection17] INFO  impl.RaftServerImpl (ServerState.java:setRaftConf(374)) - 971ea0da-63f5-4acb-8c67-7c1bd783a005@group-0F87E13491E8: set configuration 0: [971ea0da-63f5-4acb-8c67-7c1bd783a005:172.17.0.2:43703:0], old=null at 0
2020-10-09 16:27:16,100 [971ea0da-63f5-4acb-8c67-7c1bd783a005@group-0F87E13491E8-SegmentedRaftLogWorker] INFO  segmented.SegmentedRaftLogWorker (SegmentedRaftLogWorker.java:execute(596)) - 971ea0da-63f5-4acb-8c67-7c1bd783a005@group-0F87E13491E8-SegmentedRaftLogWorker: created new log segment /github/workspace/mnt/ozone/hadoop-ozone/integration-test/target/test-dir/MiniOzoneClusterImpl-c5028e9e-dbc6-4f7d-99b7-5a0387eddaa2/datanode-2/data/ratis/751a2c45-bcaa-4724-b7c6-0f87e13491e8/current/log_inprogress_0
2020-10-09 16:27:16,261 [Thread-619] INFO  impl.FollowerState (FollowerState.java:run(108)) - 8a7ec526-2919-4356-824f-0c9004393949@group-AA85CD6789DC-FollowerState: change to CANDIDATE, lastRpcTime:5065ms, electionTimeout:5064ms
2020-10-09 16:27:16,262 [Thread-619] INFO  impl.RoleInfo (RoleInfo.java:shutdownFollowerState(121)) - 8a7ec526-2919-4356-824f-0c9004393949: shutdown FollowerState
2020-10-09 16:27:16,262 [Thread-619] INFO  impl.RaftServerImpl (RaftServerImpl.java:setRole(198)) - 8a7ec526-2919-4356-824f-0c9004393949@group-AA85CD6789DC: changes role from  FOLLOWER to CANDIDATE at term 0 for changeToCandidate
2020-10-09 16:27:16,262 [Thread-619] INFO  impl.RoleInfo (RoleInfo.java:updateAndGet(143)) - 8a7ec526-2919-4356-824f-0c9004393949: start LeaderElection
2020-10-09 16:27:16,267 [8a7ec526-2919-4356-824f-0c9004393949@group-AA85CD6789DC-LeaderElection18] INFO  impl.LeaderElection (LeaderElection.java:askForVotes(210)) - 8a7ec526-2919-4356-824f-0c9004393949@group-AA85CD6789DC-LeaderElection18: begin an election at term 1 for -1: [8a7ec526-2919-4356-824f-0c9004393949:172.17.0.2:38681:0], old=null
2020-10-09 16:27:16,267 [8a7ec526-2919-4356-824f-0c9004393949@group-AA85CD6789DC-LeaderElection18] INFO  impl.RoleInfo (RoleInfo.java:shutdownLeaderElection(134)) - 8a7ec526-2919-4356-824f-0c9004393949: shutdown LeaderElection
2020-10-09 16:27:16,268 [8a7ec526-2919-4356-824f-0c9004393949@group-AA85CD6789DC-LeaderElection18] INFO  impl.RaftServerImpl (RaftServerImpl.java:setRole(198)) - 8a7ec526-2919-4356-824f-0c9004393949@group-AA85CD6789DC: changes role from CANDIDATE to LEADER at term 1 for changeToLeader
2020-10-09 16:27:16,268 [8a7ec526-2919-4356-824f-0c9004393949@group-AA85CD6789DC-LeaderElection18] INFO  ratis.XceiverServerRatis (XceiverServerRatis.java:handleLeaderChangedNotification(822)) - Leader change notification received for group: group-AA85CD6789DC with new leaderId: 8a7ec526-2919-4356-824f-0c9004393949
2020-10-09 16:27:16,268 [8a7ec526-2919-4356-824f-0c9004393949@group-AA85CD6789DC-LeaderElection18] INFO  impl.RaftServerImpl (ServerState.java:setLeader(256)) - 8a7ec526-2919-4356-824f-0c9004393949@group-AA85CD6789DC: change Leader from null to 8a7ec526-2919-4356-824f-0c9004393949 at term 1 for becomeLeader, leader elected after 5085ms
2020-10-09 16:27:16,269 [8a7ec526-2919-4356-824f-0c9004393949@group-AA85CD6789DC-LeaderElection18] INFO  server.RaftServerConfigKeys (ConfUtils.java:logGet(44)) - raft.server.staging.catchup.gap = 1000 (default)
2020-10-09 16:27:16,269 [8a7ec526-2919-4356-824f-0c9004393949@group-AA85CD6789DC-LeaderElection18] INFO  server.RaftServerConfigKeys (ConfUtils.java:logGet(44)) - raft.server.rpc.sleep.time = 25ms (default)
2020-10-09 16:27:16,271 [8a7ec526-2919-4356-824f-0c9004393949@group-AA85CD6789DC-LeaderElection18] INFO  metrics.RatisMetrics (RatisMetrics.java:lambda$create$0(36)) - Creating Metrics Registry : ratis.log_appender.8a7ec526-2919-4356-824f-0c9004393949@group-AA85CD6789DC
2020-10-09 16:27:16,272 [8a7ec526-2919-4356-824f-0c9004393949@group-AA85CD6789DC-LeaderElection18] INFO  server.RaftServerConfigKeys (ConfUtils.java:logGet(44)) - raft.server.write.element-limit = 1024 (custom)
2020-10-09 16:27:16,273 [8a7ec526-2919-4356-824f-0c9004393949@group-AA85CD6789DC-LeaderElection18] INFO  server.RaftServerConfigKeys (ConfUtils.java:logGet(44)) - raft.server.write.byte-limit = 1073741824 (custom)
2020-10-09 16:27:16,273 [8a7ec526-2919-4356-824f-0c9004393949@group-AA85CD6789DC-LeaderElection18] INFO  server.RaftServerConfigKeys (ConfUtils.java:logGet(44)) - raft.server.watch.timeout = 180s (custom)
2020-10-09 16:27:16,273 [8a7ec526-2919-4356-824f-0c9004393949@group-AA85CD6789DC-LeaderElection18] INFO  server.RaftServerConfigKeys (ConfUtils.java:logGet(44)) - raft.server.watch.timeout.denomination = 1s (default)
2020-10-09 16:27:16,273 [8a7ec526-2919-4356-824f-0c9004393949@group-AA85CD6789DC-LeaderElection18] INFO  server.RaftServerConfigKeys (ConfUtils.java:logGet(44)) - raft.server.watch.element-limit = 65536 (default)
2020-10-09 16:27:16,273 [8a7ec526-2919-4356-824f-0c9004393949@group-AA85CD6789DC-LeaderElection18] INFO  impl.RoleInfo (RoleInfo.java:updateAndGet(143)) - 8a7ec526-2919-4356-824f-0c9004393949: start LeaderState
2020-10-09 16:27:16,273 [Thread-621] INFO  impl.FollowerState (FollowerState.java:run(108)) - 8a7ec526-2919-4356-824f-0c9004393949@group-DB9F3DA368AF-FollowerState: change to CANDIDATE, lastRpcTime:5055ms, electionTimeout:5054ms
2020-10-09 16:27:16,273 [8a7ec526-2919-4356-824f-0c9004393949@group-AA85CD6789DC-LeaderElection18] INFO  segmented.SegmentedRaftLogWorker (SegmentedRaftLogWorker.java:startLogSegment(397)) - 8a7ec526-2919-4356-824f-0c9004393949@group-AA85CD6789DC-SegmentedRaftLogWorker: Starting segment from index:0
2020-10-09 16:27:16,274 [Thread-621] INFO  impl.RoleInfo (RoleInfo.java:shutdownFollowerState(121)) - 8a7ec526-2919-4356-824f-0c9004393949: shutdown FollowerState
2020-10-09 16:27:16,274 [Thread-621] INFO  impl.RaftServerImpl (RaftServerImpl.java:setRole(198)) - 8a7ec526-2919-4356-824f-0c9004393949@group-DB9F3DA368AF: changes role from  FOLLOWER to CANDIDATE at term 0 for changeToCandidate
2020-10-09 16:27:16,274 [Thread-621] INFO  impl.RoleInfo (RoleInfo.java:updateAndGet(143)) - 8a7ec526-2919-4356-824f-0c9004393949: start LeaderElection
2020-10-09 16:27:16,282 [8a7ec526-2919-4356-824f-0c9004393949@group-AA85CD6789DC-LeaderElection18] INFO  impl.RaftServerImpl (ServerState.java:setRaftConf(374)) - 8a7ec526-2919-4356-824f-0c9004393949@group-AA85CD6789DC: set configuration 0: [8a7ec526-2919-4356-824f-0c9004393949:172.17.0.2:38681:0], old=null at 0
2020-10-09 16:27:16,286 [8a7ec526-2919-4356-824f-0c9004393949@group-AA85CD6789DC-SegmentedRaftLogWorker] INFO  segmented.SegmentedRaftLogWorker (SegmentedRaftLogWorker.java:execute(596)) - 8a7ec526-2919-4356-824f-0c9004393949@group-AA85CD6789DC-SegmentedRaftLogWorker: created new log segment /github/workspace/mnt/ozone/hadoop-ozone/integration-test/target/test-dir/MiniOzoneClusterImpl-c5028e9e-dbc6-4f7d-99b7-5a0387eddaa2/datanode-3/data/ratis/4552e9d3-6a06-4dfe-8a1b-aa85cd6789dc/current/log_inprogress_0
2020-10-09 16:27:16,295 [8a7ec526-2919-4356-824f-0c9004393949@group-DB9F3DA368AF-LeaderElection19] INFO  impl.LeaderElection (LeaderElection.java:askForVotes(210)) - 8a7ec526-2919-4356-824f-0c9004393949@group-DB9F3DA368AF-LeaderElection19: begin an election at term 1 for -1: [42f7c000-5a7c-41d7-b460-f0da582d6e91:172.17.0.2:41595:0, b7ae438d-d84f-4f04-b6fa-052f047e56a0:172.17.0.2:40771:0, 8a7ec526-2919-4356-824f-0c9004393949:172.17.0.2:38681:0], old=null
2020-10-09 16:27:16,305 [grpc-default-executor-0] INFO  impl.RaftServerImpl (RaftServerImpl.java:setRole(198)) - 42f7c000-5a7c-41d7-b460-f0da582d6e91@group-DB9F3DA368AF: changes role from  FOLLOWER to FOLLOWER at term 1 for recognizeCandidate:8a7ec526-2919-4356-824f-0c9004393949
2020-10-09 16:27:16,306 [grpc-default-executor-0] INFO  impl.RoleInfo (RoleInfo.java:shutdownFollowerState(121)) - 42f7c000-5a7c-41d7-b460-f0da582d6e91: shutdown FollowerState
2020-10-09 16:27:16,306 [grpc-default-executor-0] INFO  impl.RoleInfo (RoleInfo.java:updateAndGet(143)) - 42f7c000-5a7c-41d7-b460-f0da582d6e91: start FollowerState
2020-10-09 16:27:16,306 [Thread-626] INFO  impl.FollowerState (FollowerState.java:run(117)) - 42f7c000-5a7c-41d7-b460-f0da582d6e91@group-DB9F3DA368AF-FollowerState was interrupted: java.lang.InterruptedException: sleep interrupted
2020-10-09 16:27:16,310 [grpc-default-executor-0] INFO  impl.RaftServerImpl (RaftServerImpl.java:requestVote(923)) -  FOLLOWER 42f7c000-5a7c-41d7-b460-f0da582d6e91@group-DB9F3DA368AF:t1, leader=null, voted=null, raftlog=42f7c000-5a7c-41d7-b460-f0da582d6e91@group-DB9F3DA368AF-SegmentedRaftLog:OPENED:c-1,f-1,i0, conf=-1: [42f7c000-5a7c-41d7-b460-f0da582d6e91:172.17.0.2:41595:0, b7ae438d-d84f-4f04-b6fa-052f047e56a0:172.17.0.2:40771:0, 8a7ec526-2919-4356-824f-0c9004393949:172.17.0.2:38681:0], old=null RUNNING priority:0 candidate:8a7ec526-2919-4356-824f-0c9004393949:172.17.0.2:38681:0 candidatePriority:0 compare:0
2020-10-09 16:27:16,321 [8a7ec526-2919-4356-824f-0c9004393949@group-DB9F3DA368AF-LeaderElection19] INFO  impl.LeaderElection (LeaderElection.java:logAndReturn(62)) - 8a7ec526-2919-4356-824f-0c9004393949@group-DB9F3DA368AF-LeaderElection19: Election PASSED; received 1 response(s) [8a7ec526-2919-4356-824f-0c9004393949<-42f7c000-5a7c-41d7-b460-f0da582d6e91#0:OK-t1] and 0 exception(s); 8a7ec526-2919-4356-824f-0c9004393949@group-DB9F3DA368AF:t1, leader=null, voted=8a7ec526-2919-4356-824f-0c9004393949, raftlog=8a7ec526-2919-4356-824f-0c9004393949@group-DB9F3DA368AF-SegmentedRaftLog:OPENED:c-1,f-1,i0, conf=-1: [42f7c000-5a7c-41d7-b460-f0da582d6e91:172.17.0.2:41595:0, b7ae438d-d84f-4f04-b6fa-052f047e56a0:172.17.0.2:40771:0, 8a7ec526-2919-4356-824f-0c9004393949:172.17.0.2:38681:0], old=null
2020-10-09 16:27:16,321 [8a7ec526-2919-4356-824f-0c9004393949@group-DB9F3DA368AF-LeaderElection19] INFO  impl.RoleInfo (RoleInfo.java:shutdownLeaderElection(134)) - 8a7ec526-2919-4356-824f-0c9004393949: shutdown LeaderElection
2020-10-09 16:27:16,322 [8a7ec526-2919-4356-824f-0c9004393949@group-DB9F3DA368AF-LeaderElection19] INFO  impl.RaftServerImpl (RaftServerImpl.java:setRole(198)) - 8a7ec526-2919-4356-824f-0c9004393949@group-DB9F3DA368AF: changes role from CANDIDATE to LEADER at term 1 for changeToLeader
2020-10-09 16:27:16,322 [8a7ec526-2919-4356-824f-0c9004393949@group-DB9F3DA368AF-LeaderElection19] INFO  ratis.XceiverServerRatis (XceiverServerRatis.java:handleLeaderChangedNotification(822)) - Leader change notification received for group: group-DB9F3DA368AF with new leaderId: 8a7ec526-2919-4356-824f-0c9004393949
2020-10-09 16:27:16,323 [8a7ec526-2919-4356-824f-0c9004393949@group-DB9F3DA368AF-LeaderElection19] INFO  impl.RaftServerImpl (ServerState.java:setLeader(256)) - 8a7ec526-2919-4356-824f-0c9004393949@group-DB9F3DA368AF: change Leader from null to 8a7ec526-2919-4356-824f-0c9004393949 at term 1 for becomeLeader, leader elected after 5113ms
2020-10-09 16:27:16,323 [8a7ec526-2919-4356-824f-0c9004393949@group-DB9F3DA368AF-LeaderElection19] INFO  server.RaftServerConfigKeys (ConfUtils.java:logGet(44)) - raft.server.staging.catchup.gap = 1000 (default)
2020-10-09 16:27:16,324 [8a7ec526-2919-4356-824f-0c9004393949@group-DB9F3DA368AF-LeaderElection19] INFO  server.RaftServerConfigKeys (ConfUtils.java:logGet(44)) - raft.server.rpc.sleep.time = 25ms (default)
2020-10-09 16:27:16,324 [8a7ec526-2919-4356-824f-0c9004393949@group-DB9F3DA368AF-LeaderElection19] INFO  metrics.RatisMetrics (RatisMetrics.java:lambda$create$0(36)) - Creating Metrics Registry : ratis.log_appender.8a7ec526-2919-4356-824f-0c9004393949@group-DB9F3DA368AF
2020-10-09 16:27:16,324 [EventQueue-PipelineReportForPipelineReportHandler] INFO  pipeline.PipelineStateManager (PipelineStateManager.java:openPipeline(131)) - Pipeline Pipeline[ Id: 8503b725-867c-4cb1-90e8-db9f3da368af, Nodes: b7ae438d-d84f-4f04-b6fa-052f047e56a0{ip: 172.17.0.2, host: de266806e394, networkLocation: /default-rack, certSerialId: null}8a7ec526-2919-4356-824f-0c9004393949{ip: 172.17.0.2, host: de266806e394, networkLocation: /default-rack, certSerialId: null}42f7c000-5a7c-41d7-b460-f0da582d6e91{ip: 172.17.0.2, host: de266806e394, networkLocation: /default-rack, certSerialId: null}, Type:RATIS, Factor:THREE, State:ALLOCATED, leaderId:8a7ec526-2919-4356-824f-0c9004393949, CreationTimestamp2020-10-09T16:27:08.595Z] moved to OPEN state
2020-10-09 16:27:16,324 [8a7ec526-2919-4356-824f-0c9004393949@group-DB9F3DA368AF-LeaderElection19] INFO  server.RaftServerConfigKeys (ConfUtils.java:logGet(44)) - raft.server.write.element-limit = 1024 (custom)
2020-10-09 16:27:16,328 [8a7ec526-2919-4356-824f-0c9004393949@group-DB9F3DA368AF-LeaderElection19] INFO  server.RaftServerConfigKeys (ConfUtils.java:logGet(44)) - raft.server.write.byte-limit = 1073741824 (custom)
2020-10-09 16:27:16,328 [grpc-default-executor-0] INFO  impl.RaftServerImpl (RaftServerImpl.java:setRole(198)) - b7ae438d-d84f-4f04-b6fa-052f047e56a0@group-DB9F3DA368AF: changes role from  FOLLOWER to FOLLOWER at term 1 for recognizeCandidate:8a7ec526-2919-4356-824f-0c9004393949
2020-10-09 16:27:16,329 [grpc-default-executor-0] INFO  impl.RoleInfo (RoleInfo.java:shutdownFollowerState(121)) - b7ae438d-d84f-4f04-b6fa-052f047e56a0: shutdown FollowerState
2020-10-09 16:27:16,329 [grpc-default-executor-0] INFO  impl.RoleInfo (RoleInfo.java:updateAndGet(143)) - b7ae438d-d84f-4f04-b6fa-052f047e56a0: start FollowerState
2020-10-09 16:27:16,329 [8a7ec526-2919-4356-824f-0c9004393949@group-DB9F3DA368AF-LeaderElection19] INFO  server.RaftServerConfigKeys (ConfUtils.java:logGet(44)) - raft.server.watch.timeout = 180s (custom)
2020-10-09 16:27:16,330 [8a7ec526-2919-4356-824f-0c9004393949@group-DB9F3DA368AF-LeaderElection19] INFO  server.RaftServerConfigKeys (ConfUtils.java:logGet(44)) - raft.server.watch.timeout.denomination = 1s (default)
2020-10-09 16:27:16,330 [8a7ec526-2919-4356-824f-0c9004393949@group-DB9F3DA368AF-LeaderElection19] INFO  server.RaftServerConfigKeys (ConfUtils.java:logGet(44)) - raft.server.watch.element-limit = 65536 (default)
2020-10-09 16:27:16,330 [8a7ec526-2919-4356-824f-0c9004393949@group-DB9F3DA368AF-LeaderElection19] INFO  server.RaftServerConfigKeys (ConfUtils.java:logGet(44)) - raft.server.log.appender.snapshot.chunk.size.max = 16MB (=16777216) (default)
2020-10-09 16:27:16,330 [8a7ec526-2919-4356-824f-0c9004393949@group-DB9F3DA368AF-LeaderElection19] INFO  server.RaftServerConfigKeys (ConfUtils.java:logGet(44)) - raft.server.log.appender.buffer.byte-limit = 33554432 (custom)
2020-10-09 16:27:16,330 [8a7ec526-2919-4356-824f-0c9004393949@group-DB9F3DA368AF-LeaderElection19] INFO  server.RaftServerConfigKeys (ConfUtils.java:logGet(44)) - raft.server.log.appender.buffer.element-limit = 1 (custom)
2020-10-09 16:27:16,330 [8a7ec526-2919-4356-824f-0c9004393949@group-DB9F3DA368AF-LeaderElection19] INFO  grpc.GrpcConfigKeys (ConfUtils.java:logGet(44)) - raft.grpc.server.leader.outstanding.appends.max = 128 (default)
2020-10-09 16:27:16,330 [8a7ec526-2919-4356-824f-0c9004393949@group-DB9F3DA368AF-LeaderElection19] INFO  server.RaftServerConfigKeys (ConfUtils.java:logGet(44)) - raft.server.rpc.request.timeout = 60s (custom)
2020-10-09 16:27:16,330 [8a7ec526-2919-4356-824f-0c9004393949@group-DB9F3DA368AF-LeaderElection19] INFO  server.RaftServerConfigKeys (ConfUtils.java:logGet(44)) - raft.server.log.appender.install.snapshot.enabled = false (custom)
2020-10-09 16:27:16,330 [8a7ec526-2919-4356-824f-0c9004393949@group-DB9F3DA368AF-LeaderElection19] INFO  metrics.RatisMetrics (RatisMetrics.java:lambda$create$0(36)) - Creating Metrics Registry : ratis_grpc.log_appender.8a7ec526-2919-4356-824f-0c9004393949@group-DB9F3DA368AF
2020-10-09 16:27:16,331 [8a7ec526-2919-4356-824f-0c9004393949@group-DB9F3DA368AF-LeaderElection19] INFO  server.RaftServerConfigKeys (ConfUtils.java:logGet(44)) - raft.server.log.appender.snapshot.chunk.size.max = 16MB (=16777216) (default)
2020-10-09 16:27:16,332 [8a7ec526-2919-4356-824f-0c9004393949@group-DB9F3DA368AF-LeaderElection19] INFO  server.RaftServerConfigKeys (ConfUtils.java:logGet(44)) - raft.server.log.appender.buffer.byte-limit = 33554432 (custom)
2020-10-09 16:27:16,332 [8a7ec526-2919-4356-824f-0c9004393949@group-DB9F3DA368AF-LeaderElection19] INFO  server.RaftServerConfigKeys (ConfUtils.java:logGet(44)) - raft.server.log.appender.buffer.element-limit = 1 (custom)
2020-10-09 16:27:16,332 [8a7ec526-2919-4356-824f-0c9004393949@group-DB9F3DA368AF-LeaderElection19] INFO  grpc.GrpcConfigKeys (ConfUtils.java:logGet(44)) - raft.grpc.server.leader.outstanding.appends.max = 128 (default)
2020-10-09 16:27:16,332 [8a7ec526-2919-4356-824f-0c9004393949@group-DB9F3DA368AF-LeaderElection19] INFO  server.RaftServerConfigKeys (ConfUtils.java:logGet(44)) - raft.server.rpc.request.timeout = 60s (custom)
2020-10-09 16:27:16,332 [8a7ec526-2919-4356-824f-0c9004393949@group-DB9F3DA368AF-LeaderElection19] INFO  server.RaftServerConfigKeys (ConfUtils.java:logGet(44)) - raft.server.log.appender.install.snapshot.enabled = false (custom)
2020-10-09 16:27:16,329 [Thread-623] INFO  impl.FollowerState (FollowerState.java:run(117)) - b7ae438d-d84f-4f04-b6fa-052f047e56a0@group-DB9F3DA368AF-FollowerState was interrupted: java.lang.InterruptedException: sleep interrupted
2020-10-09 16:27:16,329 [grpc-default-executor-0] INFO  impl.RaftServerImpl (RaftServerImpl.java:requestVote(923)) -  FOLLOWER b7ae438d-d84f-4f04-b6fa-052f047e56a0@group-DB9F3DA368AF:t1, leader=null, voted=null, raftlog=b7ae438d-d84f-4f04-b6fa-052f047e56a0@group-DB9F3DA368AF-SegmentedRaftLog:OPENED:c-1,f-1,i0, conf=-1: [42f7c000-5a7c-41d7-b460-f0da582d6e91:172.17.0.2:41595:0, b7ae438d-d84f-4f04-b6fa-052f047e56a0:172.17.0.2:40771:0, 8a7ec526-2919-4356-824f-0c9004393949:172.17.0.2:38681:0], old=null RUNNING priority:0 candidate:8a7ec526-2919-4356-824f-0c9004393949:172.17.0.2:38681:0 candidatePriority:0 compare:0
2020-10-09 16:27:16,336 [8a7ec526-2919-4356-824f-0c9004393949@group-DB9F3DA368AF-LeaderElection19] INFO  impl.RoleInfo (RoleInfo.java:updateAndGet(143)) - 8a7ec526-2919-4356-824f-0c9004393949: start LeaderState
2020-10-09 16:27:16,337 [8a7ec526-2919-4356-824f-0c9004393949@group-DB9F3DA368AF-LeaderElection19] INFO  segmented.SegmentedRaftLogWorker (SegmentedRaftLogWorker.java:startLogSegment(397)) - 8a7ec526-2919-4356-824f-0c9004393949@group-DB9F3DA368AF-SegmentedRaftLogWorker: Starting segment from index:0
2020-10-09 16:27:16,352 [8a7ec526-2919-4356-824f-0c9004393949@group-DB9F3DA368AF-LeaderElection19] INFO  impl.RaftServerImpl (ServerState.java:setRaftConf(374)) - 8a7ec526-2919-4356-824f-0c9004393949@group-DB9F3DA368AF: set configuration 0: [42f7c000-5a7c-41d7-b460-f0da582d6e91:172.17.0.2:41595:0, b7ae438d-d84f-4f04-b6fa-052f047e56a0:172.17.0.2:40771:0, 8a7ec526-2919-4356-824f-0c9004393949:172.17.0.2:38681:0], old=null at 0
2020-10-09 16:27:16,353 [8a7ec526-2919-4356-824f-0c9004393949@group-DB9F3DA368AF-SegmentedRaftLogWorker] INFO  segmented.SegmentedRaftLogWorker (SegmentedRaftLogWorker.java:execute(596)) - 8a7ec526-2919-4356-824f-0c9004393949@group-DB9F3DA368AF-SegmentedRaftLogWorker: created new log segment /github/workspace/mnt/ozone/hadoop-ozone/integration-test/target/test-dir/MiniOzoneClusterImpl-c5028e9e-dbc6-4f7d-99b7-5a0387eddaa2/datanode-3/data/ratis/8503b725-867c-4cb1-90e8-db9f3da368af/current/log_inprogress_0
2020-10-09 16:27:16,361 [grpc-default-executor-3] INFO  ratis.XceiverServerRatis (XceiverServerRatis.java:handleLeaderChangedNotification(822)) - Leader change notification received for group: group-DB9F3DA368AF with new leaderId: 8a7ec526-2919-4356-824f-0c9004393949
2020-10-09 16:27:16,365 [grpc-default-executor-3] INFO  impl.RaftServerImpl (ServerState.java:setLeader(256)) - 42f7c000-5a7c-41d7-b460-f0da582d6e91@group-DB9F3DA368AF: change Leader from null to 8a7ec526-2919-4356-824f-0c9004393949 at term 1 for appendEntries, leader elected after 5061ms
2020-10-09 16:27:16,366 [grpc-default-executor-0] INFO  ratis.XceiverServerRatis (XceiverServerRatis.java:handleLeaderChangedNotification(822)) - Leader change notification received for group: group-DB9F3DA368AF with new leaderId: 8a7ec526-2919-4356-824f-0c9004393949
2020-10-09 16:27:16,366 [grpc-default-executor-0] INFO  impl.RaftServerImpl (ServerState.java:setLeader(256)) - b7ae438d-d84f-4f04-b6fa-052f047e56a0@group-DB9F3DA368AF: change Leader from null to 8a7ec526-2919-4356-824f-0c9004393949 at term 1 for appendEntries, leader elected after 5116ms
2020-10-09 16:27:16,368 [grpc-default-executor-0] INFO  impl.RaftServerImpl (ServerState.java:setRaftConf(374)) - b7ae438d-d84f-4f04-b6fa-052f047e56a0@group-DB9F3DA368AF: set configuration 0: [42f7c000-5a7c-41d7-b460-f0da582d6e91:172.17.0.2:41595:0, b7ae438d-d84f-4f04-b6fa-052f047e56a0:172.17.0.2:40771:0, 8a7ec526-2919-4356-824f-0c9004393949:172.17.0.2:38681:0], old=null at 0
2020-10-09 16:27:16,368 [grpc-default-executor-0] INFO  segmented.SegmentedRaftLogWorker (SegmentedRaftLogWorker.java:startLogSegment(397)) - b7ae438d-d84f-4f04-b6fa-052f047e56a0@group-DB9F3DA368AF-SegmentedRaftLogWorker: Starting segment from index:0
2020-10-09 16:27:16,369 [b7ae438d-d84f-4f04-b6fa-052f047e56a0@group-DB9F3DA368AF-SegmentedRaftLogWorker] INFO  segmented.SegmentedRaftLogWorker (SegmentedRaftLogWorker.java:execute(596)) - b7ae438d-d84f-4f04-b6fa-052f047e56a0@group-DB9F3DA368AF-SegmentedRaftLogWorker: created new log segment /github/workspace/mnt/ozone/hadoop-ozone/integration-test/target/test-dir/MiniOzoneClusterImpl-c5028e9e-dbc6-4f7d-99b7-5a0387eddaa2/datanode-4/data/ratis/8503b725-867c-4cb1-90e8-db9f3da368af/current/log_inprogress_0
2020-10-09 16:27:16,377 [grpc-default-executor-3] INFO  impl.RaftServerImpl (ServerState.java:setRaftConf(374)) - 42f7c000-5a7c-41d7-b460-f0da582d6e91@group-DB9F3DA368AF: set configuration 0: [42f7c000-5a7c-41d7-b460-f0da582d6e91:172.17.0.2:41595:0, b7ae438d-d84f-4f04-b6fa-052f047e56a0:172.17.0.2:40771:0, 8a7ec526-2919-4356-824f-0c9004393949:172.17.0.2:38681:0], old=null at 0
2020-10-09 16:27:16,378 [grpc-default-executor-3] INFO  segmented.SegmentedRaftLogWorker (SegmentedRaftLogWorker.java:startLogSegment(397)) - 42f7c000-5a7c-41d7-b460-f0da582d6e91@group-DB9F3DA368AF-SegmentedRaftLogWorker: Starting segment from index:0
2020-10-09 16:27:16,380 [42f7c000-5a7c-41d7-b460-f0da582d6e91@group-DB9F3DA368AF-SegmentedRaftLogWorker] INFO  segmented.SegmentedRaftLogWorker (SegmentedRaftLogWorker.java:execute(596)) - 42f7c000-5a7c-41d7-b460-f0da582d6e91@group-DB9F3DA368AF-SegmentedRaftLogWorker: created new log segment /github/workspace/mnt/ozone/hadoop-ozone/integration-test/target/test-dir/MiniOzoneClusterImpl-c5028e9e-dbc6-4f7d-99b7-5a0387eddaa2/datanode-5/data/ratis/8503b725-867c-4cb1-90e8-db9f3da368af/current/log_inprogress_0
2020-10-09 16:27:16,566 [Thread-629] INFO  impl.FollowerState (FollowerState.java:run(108)) - b7ae438d-d84f-4f04-b6fa-052f047e56a0@group-D97833F46BF3-FollowerState: change to CANDIDATE, lastRpcTime:5145ms, electionTimeout:5144ms
2020-10-09 16:27:16,566 [Thread-629] INFO  impl.RoleInfo (RoleInfo.java:shutdownFollowerState(121)) - b7ae438d-d84f-4f04-b6fa-052f047e56a0: shutdown FollowerState
2020-10-09 16:27:16,566 [Thread-629] INFO  impl.RaftServerImpl (RaftServerImpl.java:setRole(198)) - b7ae438d-d84f-4f04-b6fa-052f047e56a0@group-D97833F46BF3: changes role from  FOLLOWER to CANDIDATE at term 0 for changeToCandidate
2020-10-09 16:27:16,566 [Thread-629] INFO  impl.RoleInfo (RoleInfo.java:updateAndGet(143)) - b7ae438d-d84f-4f04-b6fa-052f047e56a0: start LeaderElection
2020-10-09 16:27:16,570 [b7ae438d-d84f-4f04-b6fa-052f047e56a0@group-D97833F46BF3-LeaderElection20] INFO  impl.LeaderElection (LeaderElection.java:askForVotes(210)) - b7ae438d-d84f-4f04-b6fa-052f047e56a0@group-D97833F46BF3-LeaderElection20: begin an election at term 1 for -1: [b7ae438d-d84f-4f04-b6fa-052f047e56a0:172.17.0.2:40771:0], old=null
2020-10-09 16:27:16,570 [b7ae438d-d84f-4f04-b6fa-052f047e56a0@group-D97833F46BF3-LeaderElection20] INFO  impl.RoleInfo (RoleInfo.java:shutdownLeaderElection(134)) - b7ae438d-d84f-4f04-b6fa-052f047e56a0: shutdown LeaderElection
2020-10-09 16:27:16,570 [b7ae438d-d84f-4f04-b6fa-052f047e56a0@group-D97833F46BF3-LeaderElection20] INFO  impl.RaftServerImpl (RaftServerImpl.java:setRole(198)) - b7ae438d-d84f-4f04-b6fa-052f047e56a0@group-D97833F46BF3: changes role from CANDIDATE to LEADER at term 1 for changeToLeader
2020-10-09 16:27:16,571 [b7ae438d-d84f-4f04-b6fa-052f047e56a0@group-D97833F46BF3-LeaderElection20] INFO  ratis.XceiverServerRatis (XceiverServerRatis.java:handleLeaderChangedNotification(822)) - Leader change notification received for group: group-D97833F46BF3 with new leaderId: b7ae438d-d84f-4f04-b6fa-052f047e56a0
2020-10-09 16:27:16,572 [b7ae438d-d84f-4f04-b6fa-052f047e56a0@group-D97833F46BF3-LeaderElection20] INFO  impl.RaftServerImpl (ServerState.java:setLeader(256)) - b7ae438d-d84f-4f04-b6fa-052f047e56a0@group-D97833F46BF3: change Leader from null to b7ae438d-d84f-4f04-b6fa-052f047e56a0 at term 1 for becomeLeader, leader elected after 5157ms
2020-10-09 16:27:16,573 [b7ae438d-d84f-4f04-b6fa-052f047e56a0@group-D97833F46BF3-LeaderElection20] INFO  server.RaftServerConfigKeys (ConfUtils.java:logGet(44)) - raft.server.staging.catchup.gap = 1000 (default)
2020-10-09 16:27:16,573 [b7ae438d-d84f-4f04-b6fa-052f047e56a0@group-D97833F46BF3-LeaderElection20] INFO  server.RaftServerConfigKeys (ConfUtils.java:logGet(44)) - raft.server.rpc.sleep.time = 25ms (default)
2020-10-09 16:27:16,573 [b7ae438d-d84f-4f04-b6fa-052f047e56a0@group-D97833F46BF3-LeaderElection20] INFO  metrics.RatisMetrics (RatisMetrics.java:lambda$create$0(36)) - Creating Metrics Registry : ratis.log_appender.b7ae438d-d84f-4f04-b6fa-052f047e56a0@group-D97833F46BF3
2020-10-09 16:27:16,574 [b7ae438d-d84f-4f04-b6fa-052f047e56a0@group-D97833F46BF3-LeaderElection20] INFO  server.RaftServerConfigKeys (ConfUtils.java:logGet(44)) - raft.server.write.element-limit = 1024 (custom)
2020-10-09 16:27:16,574 [b7ae438d-d84f-4f04-b6fa-052f047e56a0@group-D97833F46BF3-LeaderElection20] INFO  server.RaftServerConfigKeys (ConfUtils.java:logGet(44)) - raft.server.write.byte-limit = 1073741824 (custom)
2020-10-09 16:27:16,574 [b7ae438d-d84f-4f04-b6fa-052f047e56a0@group-D97833F46BF3-LeaderElection20] INFO  server.RaftServerConfigKeys (ConfUtils.java:logGet(44)) - raft.server.watch.timeout = 180s (custom)
2020-10-09 16:27:16,574 [b7ae438d-d84f-4f04-b6fa-052f047e56a0@group-D97833F46BF3-LeaderElection20] INFO  server.RaftServerConfigKeys (ConfUtils.java:logGet(44)) - raft.server.watch.timeout.denomination = 1s (default)
2020-10-09 16:27:16,575 [b7ae438d-d84f-4f04-b6fa-052f047e56a0@group-D97833F46BF3-LeaderElection20] INFO  server.RaftServerConfigKeys (ConfUtils.java:logGet(44)) - raft.server.watch.element-limit = 65536 (default)
2020-10-09 16:27:16,575 [b7ae438d-d84f-4f04-b6fa-052f047e56a0@group-D97833F46BF3-LeaderElection20] INFO  impl.RoleInfo (RoleInfo.java:updateAndGet(143)) - b7ae438d-d84f-4f04-b6fa-052f047e56a0: start LeaderState
2020-10-09 16:27:16,575 [b7ae438d-d84f-4f04-b6fa-052f047e56a0@group-D97833F46BF3-LeaderElection20] INFO  segmented.SegmentedRaftLogWorker (SegmentedRaftLogWorker.java:startLogSegment(397)) - b7ae438d-d84f-4f04-b6fa-052f047e56a0@group-D97833F46BF3-SegmentedRaftLogWorker: Starting segment from index:0
2020-10-09 16:27:16,576 [b7ae438d-d84f-4f04-b6fa-052f047e56a0@group-D97833F46BF3-LeaderElection20] INFO  impl.RaftServerImpl (ServerState.java:setRaftConf(374)) - b7ae438d-d84f-4f04-b6fa-052f047e56a0@group-D97833F46BF3: set configuration 0: [b7ae438d-d84f-4f04-b6fa-052f047e56a0:172.17.0.2:40771:0], old=null at 0
2020-10-09 16:27:16,576 [b7ae438d-d84f-4f04-b6fa-052f047e56a0@group-D97833F46BF3-SegmentedRaftLogWorker] INFO  segmented.SegmentedRaftLogWorker (SegmentedRaftLogWorker.java:execute(596)) - b7ae438d-d84f-4f04-b6fa-052f047e56a0@group-D97833F46BF3-SegmentedRaftLogWorker: created new log segment /github/workspace/mnt/ozone/hadoop-ozone/integration-test/target/test-dir/MiniOzoneClusterImpl-c5028e9e-dbc6-4f7d-99b7-5a0387eddaa2/datanode-4/data/ratis/e4925e36-b5fc-4770-b42d-d97833f46bf3/current/log_inprogress_0
2020-10-09 16:27:16,642 [Thread-631] INFO  impl.FollowerState (FollowerState.java:run(108)) - 42f7c000-5a7c-41d7-b460-f0da582d6e91@group-16A4DE4E1B31-FollowerState: change to CANDIDATE, lastRpcTime:5029ms, electionTimeout:5029ms
2020-10-09 16:27:16,642 [Thread-631] INFO  impl.RoleInfo (RoleInfo.java:shutdownFollowerState(121)) - 42f7c000-5a7c-41d7-b460-f0da582d6e91: shutdown FollowerState
2020-10-09 16:27:16,642 [Thread-631] INFO  impl.RaftServerImpl (RaftServerImpl.java:setRole(198)) - 42f7c000-5a7c-41d7-b460-f0da582d6e91@group-16A4DE4E1B31: changes role from  FOLLOWER to CANDIDATE at term 0 for changeToCandidate
2020-10-09 16:27:16,642 [Thread-631] INFO  impl.RoleInfo (RoleInfo.java:updateAndGet(143)) - 42f7c000-5a7c-41d7-b460-f0da582d6e91: start LeaderElection
2020-10-09 16:27:16,645 [42f7c000-5a7c-41d7-b460-f0da582d6e91@group-16A4DE4E1B31-LeaderElection21] INFO  impl.LeaderElection (LeaderElection.java:askForVotes(210)) - 42f7c000-5a7c-41d7-b460-f0da582d6e91@group-16A4DE4E1B31-LeaderElection21: begin an election at term 1 for -1: [42f7c000-5a7c-41d7-b460-f0da582d6e91:172.17.0.2:41595:0], old=null
2020-10-09 16:27:16,646 [42f7c000-5a7c-41d7-b460-f0da582d6e91@group-16A4DE4E1B31-LeaderElection21] INFO  impl.RoleInfo (RoleInfo.java:shutdownLeaderElection(134)) - 42f7c000-5a7c-41d7-b460-f0da582d6e91: shutdown LeaderElection
2020-10-09 16:27:16,646 [42f7c000-5a7c-41d7-b460-f0da582d6e91@group-16A4DE4E1B31-LeaderElection21] INFO  impl.RaftServerImpl (RaftServerImpl.java:setRole(198)) - 42f7c000-5a7c-41d7-b460-f0da582d6e91@group-16A4DE4E1B31: changes role from CANDIDATE to LEADER at term 1 for changeToLeader
2020-10-09 16:27:16,646 [42f7c000-5a7c-41d7-b460-f0da582d6e91@group-16A4DE4E1B31-LeaderElection21] INFO  ratis.XceiverServerRatis (XceiverServerRatis.java:handleLeaderChangedNotification(822)) - Leader change notification received for group: group-16A4DE4E1B31 with new leaderId: 42f7c000-5a7c-41d7-b460-f0da582d6e91
2020-10-09 16:27:16,646 [42f7c000-5a7c-41d7-b460-f0da582d6e91@group-16A4DE4E1B31-LeaderElection21] INFO  impl.RaftServerImpl (ServerState.java:setLeader(256)) - 42f7c000-5a7c-41d7-b460-f0da582d6e91@group-16A4DE4E1B31: change Leader from null to 42f7c000-5a7c-41d7-b460-f0da582d6e91 at term 1 for becomeLeader, leader elected after 5050ms
2020-10-09 16:27:16,647 [42f7c000-5a7c-41d7-b460-f0da582d6e91@group-16A4DE4E1B31-LeaderElection21] INFO  server.RaftServerConfigKeys (ConfUtils.java:logGet(44)) - raft.server.staging.catchup.gap = 1000 (default)
2020-10-09 16:27:16,647 [42f7c000-5a7c-41d7-b460-f0da582d6e91@group-16A4DE4E1B31-LeaderElection21] INFO  server.RaftServerConfigKeys (ConfUtils.java:logGet(44)) - raft.server.rpc.sleep.time = 25ms (default)
2020-10-09 16:27:16,647 [42f7c000-5a7c-41d7-b460-f0da582d6e91@group-16A4DE4E1B31-LeaderElection21] INFO  metrics.RatisMetrics (RatisMetrics.java:lambda$create$0(36)) - Creating Metrics Registry : ratis.log_appender.42f7c000-5a7c-41d7-b460-f0da582d6e91@group-16A4DE4E1B31
2020-10-09 16:27:16,648 [42f7c000-5a7c-41d7-b460-f0da582d6e91@group-16A4DE4E1B31-LeaderElection21] INFO  server.RaftServerConfigKeys (ConfUtils.java:logGet(44)) - raft.server.write.element-limit = 1024 (custom)
2020-10-09 16:27:16,648 [42f7c000-5a7c-41d7-b460-f0da582d6e91@group-16A4DE4E1B31-LeaderElection21] INFO  server.RaftServerConfigKeys (ConfUtils.java:logGet(44)) - raft.server.write.byte-limit = 1073741824 (custom)
2020-10-09 16:27:16,648 [42f7c000-5a7c-41d7-b460-f0da582d6e91@group-16A4DE4E1B31-LeaderElection21] INFO  server.RaftServerConfigKeys (ConfUtils.java:logGet(44)) - raft.server.watch.timeout = 180s (custom)
2020-10-09 16:27:16,649 [42f7c000-5a7c-41d7-b460-f0da582d6e91@group-16A4DE4E1B31-LeaderElection21] INFO  server.RaftServerConfigKeys (ConfUtils.java:logGet(44)) - raft.server.watch.timeout.denomination = 1s (default)
2020-10-09 16:27:16,649 [42f7c000-5a7c-41d7-b460-f0da582d6e91@group-16A4DE4E1B31-LeaderElection21] INFO  server.RaftServerConfigKeys (ConfUtils.java:logGet(44)) - raft.server.watch.element-limit = 65536 (default)
2020-10-09 16:27:16,649 [42f7c000-5a7c-41d7-b460-f0da582d6e91@group-16A4DE4E1B31-LeaderElection21] INFO  impl.RoleInfo (RoleInfo.java:updateAndGet(143)) - 42f7c000-5a7c-41d7-b460-f0da582d6e91: start LeaderState
2020-10-09 16:27:16,649 [42f7c000-5a7c-41d7-b460-f0da582d6e91@group-16A4DE4E1B31-LeaderElection21] INFO  segmented.SegmentedRaftLogWorker (SegmentedRaftLogWorker.java:startLogSegment(397)) - 42f7c000-5a7c-41d7-b460-f0da582d6e91@group-16A4DE4E1B31-SegmentedRaftLogWorker: Starting segment from index:0
2020-10-09 16:27:16,650 [42f7c000-5a7c-41d7-b460-f0da582d6e91@group-16A4DE4E1B31-LeaderElection21] INFO  impl.RaftServerImpl (ServerState.java:setRaftConf(374)) - 42f7c000-5a7c-41d7-b460-f0da582d6e91@group-16A4DE4E1B31: set configuration 0: [42f7c000-5a7c-41d7-b460-f0da582d6e91:172.17.0.2:41595:0], old=null at 0
2020-10-09 16:27:16,651 [42f7c000-5a7c-41d7-b460-f0da582d6e91@group-16A4DE4E1B31-SegmentedRaftLogWorker] INFO  segmented.SegmentedRaftLogWorker (SegmentedRaftLogWorker.java:execute(596)) - 42f7c000-5a7c-41d7-b460-f0da582d6e91@group-16A4DE4E1B31-SegmentedRaftLogWorker: created new log segment /github/workspace/mnt/ozone/hadoop-ozone/integration-test/target/test-dir/MiniOzoneClusterImpl-c5028e9e-dbc6-4f7d-99b7-5a0387eddaa2/datanode-5/data/ratis/60559bdb-f355-41f9-b3e6-16a4de4e1b31/current/log_inprogress_0
2020-10-09 16:27:16,961 [Thread-633] INFO  impl.FollowerState (FollowerState.java:run(108)) - b161a03a-6ea2-4c37-959f-34fa307bd458@group-0BE05241102E-FollowerState: change to CANDIDATE, lastRpcTime:5149ms, electionTimeout:5148ms
2020-10-09 16:27:16,961 [Thread-633] INFO  impl.RoleInfo (RoleInfo.java:shutdownFollowerState(121)) - b161a03a-6ea2-4c37-959f-34fa307bd458: shutdown FollowerState
2020-10-09 16:27:16,962 [Thread-633] INFO  impl.RaftServerImpl (RaftServerImpl.java:setRole(198)) - b161a03a-6ea2-4c37-959f-34fa307bd458@group-0BE05241102E: changes role from  FOLLOWER to CANDIDATE at term 0 for changeToCandidate
2020-10-09 16:27:16,962 [Thread-633] INFO  impl.RoleInfo (RoleInfo.java:updateAndGet(143)) - b161a03a-6ea2-4c37-959f-34fa307bd458: start LeaderElection
2020-10-09 16:27:16,964 [b161a03a-6ea2-4c37-959f-34fa307bd458@group-0BE05241102E-LeaderElection22] INFO  impl.LeaderElection (LeaderElection.java:askForVotes(210)) - b161a03a-6ea2-4c37-959f-34fa307bd458@group-0BE05241102E-LeaderElection22: begin an election at term 1 for -1: [b161a03a-6ea2-4c37-959f-34fa307bd458:172.17.0.2:39031:0], old=null
2020-10-09 16:27:16,964 [b161a03a-6ea2-4c37-959f-34fa307bd458@group-0BE05241102E-LeaderElection22] INFO  impl.RoleInfo (RoleInfo.java:shutdownLeaderElection(134)) - b161a03a-6ea2-4c37-959f-34fa307bd458: shutdown LeaderElection
2020-10-09 16:27:16,964 [b161a03a-6ea2-4c37-959f-34fa307bd458@group-0BE05241102E-LeaderElection22] INFO  impl.RaftServerImpl (RaftServerImpl.java:setRole(198)) - b161a03a-6ea2-4c37-959f-34fa307bd458@group-0BE05241102E: changes role from CANDIDATE to LEADER at term 1 for changeToLeader
2020-10-09 16:27:16,964 [b161a03a-6ea2-4c37-959f-34fa307bd458@group-0BE05241102E-LeaderElection22] INFO  ratis.XceiverServerRatis (XceiverServerRatis.java:handleLeaderChangedNotification(822)) - Leader change notification received for group: group-0BE05241102E with new leaderId: b161a03a-6ea2-4c37-959f-34fa307bd458
2020-10-09 16:27:16,965 [b161a03a-6ea2-4c37-959f-34fa307bd458@group-0BE05241102E-LeaderElection22] INFO  impl.RaftServerImpl (ServerState.java:setLeader(256)) - b161a03a-6ea2-4c37-959f-34fa307bd458@group-0BE05241102E: change Leader from null to b161a03a-6ea2-4c37-959f-34fa307bd458 at term 1 for becomeLeader, leader elected after 5165ms
2020-10-09 16:27:16,966 [b161a03a-6ea2-4c37-959f-34fa307bd458@group-0BE05241102E-LeaderElection22] INFO  server.RaftServerConfigKeys (ConfUtils.java:logGet(44)) - raft.server.staging.catchup.gap = 1000 (default)
2020-10-09 16:27:16,966 [b161a03a-6ea2-4c37-959f-34fa307bd458@group-0BE05241102E-LeaderElection22] INFO  server.RaftServerConfigKeys (ConfUtils.java:logGet(44)) - raft.server.rpc.sleep.time = 25ms (default)
2020-10-09 16:27:16,966 [b161a03a-6ea2-4c37-959f-34fa307bd458@group-0BE05241102E-LeaderElection22] INFO  metrics.RatisMetrics (RatisMetrics.java:lambda$create$0(36)) - Creating Metrics Registry : ratis.log_appender.b161a03a-6ea2-4c37-959f-34fa307bd458@group-0BE05241102E
2020-10-09 16:27:16,966 [b161a03a-6ea2-4c37-959f-34fa307bd458@group-0BE05241102E-LeaderElection22] INFO  server.RaftServerConfigKeys (ConfUtils.java:logGet(44)) - raft.server.write.element-limit = 1024 (custom)
2020-10-09 16:27:16,966 [b161a03a-6ea2-4c37-959f-34fa307bd458@group-0BE05241102E-LeaderElection22] INFO  server.RaftServerConfigKeys (ConfUtils.java:logGet(44)) - raft.server.write.byte-limit = 1073741824 (custom)
2020-10-09 16:27:16,967 [b161a03a-6ea2-4c37-959f-34fa307bd458@group-0BE05241102E-LeaderElection22] INFO  server.RaftServerConfigKeys (ConfUtils.java:logGet(44)) - raft.server.watch.timeout = 180s (custom)
2020-10-09 16:27:16,967 [b161a03a-6ea2-4c37-959f-34fa307bd458@group-0BE05241102E-LeaderElection22] INFO  server.RaftServerConfigKeys (ConfUtils.java:logGet(44)) - raft.server.watch.timeout.denomination = 1s (default)
2020-10-09 16:27:16,967 [b161a03a-6ea2-4c37-959f-34fa307bd458@group-0BE05241102E-LeaderElection22] INFO  server.RaftServerConfigKeys (ConfUtils.java:logGet(44)) - raft.server.watch.element-limit = 65536 (default)
2020-10-09 16:27:16,967 [b161a03a-6ea2-4c37-959f-34fa307bd458@group-0BE05241102E-LeaderElection22] INFO  impl.RoleInfo (RoleInfo.java:updateAndGet(143)) - b161a03a-6ea2-4c37-959f-34fa307bd458: start LeaderState
2020-10-09 16:27:16,968 [b161a03a-6ea2-4c37-959f-34fa307bd458@group-0BE05241102E-LeaderElection22] INFO  segmented.SegmentedRaftLogWorker (SegmentedRaftLogWorker.java:startLogSegment(397)) - b161a03a-6ea2-4c37-959f-34fa307bd458@group-0BE05241102E-SegmentedRaftLogWorker: Starting segment from index:0
2020-10-09 16:27:16,968 [b161a03a-6ea2-4c37-959f-34fa307bd458@group-0BE05241102E-LeaderElection22] INFO  impl.RaftServerImpl (ServerState.java:setRaftConf(374)) - b161a03a-6ea2-4c37-959f-34fa307bd458@group-0BE05241102E: set configuration 0: [b161a03a-6ea2-4c37-959f-34fa307bd458:172.17.0.2:39031:0], old=null at 0
2020-10-09 16:27:16,969 [b161a03a-6ea2-4c37-959f-34fa307bd458@group-0BE05241102E-SegmentedRaftLogWorker] INFO  segmented.SegmentedRaftLogWorker (SegmentedRaftLogWorker.java:execute(596)) - b161a03a-6ea2-4c37-959f-34fa307bd458@group-0BE05241102E-SegmentedRaftLogWorker: created new log segment /github/workspace/mnt/ozone/hadoop-ozone/integration-test/target/test-dir/MiniOzoneClusterImpl-c5028e9e-dbc6-4f7d-99b7-5a0387eddaa2/datanode-6/data/ratis/4a14f404-cc2d-4f76-b7fa-0be05241102e/current/log_inprogress_0
2020-10-09 16:27:18,701 [EventQueue-Delayed safe mode statusForReplicationManager] INFO  container.ReplicationManager (ReplicationManager.java:start(178)) - Starting Replication Monitor Thread.
2020-10-09 16:27:18,703 [ReplicationMonitor] INFO  container.ReplicationManager (ReplicationManager.java:run(242)) - Replication Monitor Thread took 0 milliseconds for processing 3 containers.
2020-10-09 16:27:28,702 [Listener at 127.0.0.1/39485] INFO  metrics.RatisMetrics (RatisMetrics.java:lambda$create$0(36)) - Creating Metrics Registry : ratis.client_message_metrics.client-078CC6A767E6->e27ecad8-c8c3-4bdb-8e56-23cf5ec81ff3
2020-10-09 16:27:28,757 [Listener at 127.0.0.1/39485] INFO  metrics.RatisMetrics (RatisMetrics.java:lambda$create$0(36)) - Creating Metrics Registry : ratis.client_message_metrics.client-DC5AB7156AC3->42f7c000-5a7c-41d7-b460-f0da582d6e91
2020-10-09 16:27:28,813 [Listener at 127.0.0.1/39485] INFO  metrics.RatisMetrics (RatisMetrics.java:lambda$create$0(36)) - Creating Metrics Registry : ratis.client_message_metrics.client-7CE957AAEC5B->e27ecad8-c8c3-4bdb-8e56-23cf5ec81ff3
2020-10-09 16:27:28,866 [EventQueue-CloseContainerForCloseContainerEventHandler] INFO  container.CloseContainerEventHandler (CloseContainerEventHandler.java:onMessage(61)) - Close container Event triggered for container : #1
2020-10-09 16:27:28,867 [EventQueue-CloseContainerForCloseContainerEventHandler] INFO  container.CloseContainerEventHandler (CloseContainerEventHandler.java:onMessage(61)) - Close container Event triggered for container : #2
2020-10-09 16:27:28,867 [EventQueue-CloseContainerForCloseContainerEventHandler] INFO  container.CloseContainerEventHandler (CloseContainerEventHandler.java:onMessage(61)) - Close container Event triggered for container : #3
2020-10-09 16:27:29,866 [RatisApplyTransactionExecutor 1] INFO  keyvalue.KeyValueContainer (KeyValueContainer.java:flushAndSyncDB(388)) - Container 1 is synced with bcsId 13.
2020-10-09 16:27:29,866 [RatisApplyTransactionExecutor 1] INFO  keyvalue.KeyValueContainer (KeyValueContainer.java:flushAndSyncDB(388)) - Container 1 is synced with bcsId 13.
2020-10-09 16:27:29,868 [RatisApplyTransactionExecutor 1] INFO  keyvalue.KeyValueContainer (KeyValueContainer.java:close(326)) - Container 1 is closed with bcsId 13.
2020-10-09 16:27:29,869 [EventQueue-IncrementalContainerReportForIncrementalContainerReportHandler] INFO  container.IncrementalContainerReportHandler (AbstractContainerReportHandler.java:updateContainerState(215)) - Moving container #1 to CLOSED state, datanode e27ecad8-c8c3-4bdb-8e56-23cf5ec81ff3{ip: 172.17.0.2, host: de266806e394, networkLocation: /default-rack, certSerialId: null} reported CLOSED replica.
2020-10-09 16:27:29,877 [RatisApplyTransactionExecutor 2] INFO  keyvalue.KeyValueContainer (KeyValueContainer.java:flushAndSyncDB(388)) - Container 2 is synced with bcsId 0.
2020-10-09 16:27:29,877 [RatisApplyTransactionExecutor 2] INFO  keyvalue.KeyValueContainer (KeyValueContainer.java:flushAndSyncDB(388)) - Container 2 is synced with bcsId 0.
2020-10-09 16:27:29,880 [RatisApplyTransactionExecutor 2] INFO  keyvalue.KeyValueContainer (KeyValueContainer.java:close(326)) - Container 2 is closed with bcsId 0.
2020-10-09 16:27:29,881 [EventQueue-IncrementalContainerReportForIncrementalContainerReportHandler] INFO  container.IncrementalContainerReportHandler (AbstractContainerReportHandler.java:updateContainerState(215)) - Moving container #2 to CLOSED state, datanode e27ecad8-c8c3-4bdb-8e56-23cf5ec81ff3{ip: 172.17.0.2, host: de266806e394, networkLocation: /default-rack, certSerialId: null} reported CLOSED replica.
2020-10-09 16:27:30,658 [RatisApplyTransactionExecutor 3] INFO  keyvalue.KeyValueContainer (KeyValueContainer.java:flushAndSyncDB(388)) - Container 3 is synced with bcsId 0.
2020-10-09 16:27:30,658 [RatisApplyTransactionExecutor 3] INFO  keyvalue.KeyValueContainer (KeyValueContainer.java:flushAndSyncDB(388)) - Container 3 is synced with bcsId 0.
2020-10-09 16:27:30,660 [RatisApplyTransactionExecutor 3] INFO  keyvalue.KeyValueContainer (KeyValueContainer.java:close(326)) - Container 3 is closed with bcsId 0.
2020-10-09 16:27:30,661 [EventQueue-IncrementalContainerReportForIncrementalContainerReportHandler] INFO  container.IncrementalContainerReportHandler (AbstractContainerReportHandler.java:updateContainerState(215)) - Moving container #3 to CLOSED state, datanode 42f7c000-5a7c-41d7-b460-f0da582d6e91{ip: 172.17.0.2, host: de266806e394, networkLocation: /default-rack, certSerialId: null} reported CLOSED replica.
16:27:30.870 [grpc-default-executor-3] ERROR DNAudit - user=null | ip=null | op=WRITE_CHUNK {blockData=conID: 1 locID: 105005766135709699 bcsId: 13} | ret=FAILURE
org.apache.hadoop.hdds.scm.container.common.helpers.ContainerNotOpenException: Container 1 in CLOSED state
	at org.apache.hadoop.ozone.container.common.impl.HddsDispatcher.validateContainerCommand(HddsDispatcher.java:484) ~[hadoop-hdds-container-service-1.1.0-SNAPSHOT.jar:?]
	at org.apache.hadoop.ozone.container.common.transport.server.ratis.ContainerStateMachine.startTransaction(ContainerStateMachine.java:319) ~[hadoop-hdds-container-service-1.1.0-SNAPSHOT.jar:?]
	at org.apache.ratis.server.impl.RaftServerImpl.submitClientRequestAsync(RaftServerImpl.java:684) ~[ratis-server-1.1.0-11689cd-SNAPSHOT.jar:1.1.0-11689cd-SNAPSHOT]
	at org.apache.ratis.server.impl.RaftServerProxy.lambda$submitClientRequestAsync$7(RaftServerProxy.java:341) ~[ratis-server-1.1.0-11689cd-SNAPSHOT.jar:1.1.0-11689cd-SNAPSHOT]
	at org.apache.ratis.server.impl.RaftServerProxy.lambda$null$5(RaftServerProxy.java:336) ~[ratis-server-1.1.0-11689cd-SNAPSHOT.jar:1.1.0-11689cd-SNAPSHOT]
	at org.apache.ratis.util.JavaUtils.callAsUnchecked(JavaUtils.java:109) ~[ratis-common-1.1.0-11689cd-SNAPSHOT.jar:1.1.0-11689cd-SNAPSHOT]
	at org.apache.ratis.server.impl.RaftServerProxy.lambda$submitRequest$6(RaftServerProxy.java:336) ~[ratis-server-1.1.0-11689cd-SNAPSHOT.jar:1.1.0-11689cd-SNAPSHOT]
	at java.util.concurrent.CompletableFuture.uniComposeStage(CompletableFuture.java:995) ~[?:1.8.0_232]
	at java.util.concurrent.CompletableFuture.thenCompose(CompletableFuture.java:2137) ~[?:1.8.0_232]
	at org.apache.ratis.server.impl.RaftServerProxy.submitRequest(RaftServerProxy.java:335) ~[ratis-server-1.1.0-11689cd-SNAPSHOT.jar:1.1.0-11689cd-SNAPSHOT]
	at org.apache.ratis.server.impl.RaftServerProxy.submitClientRequestAsync(RaftServerProxy.java:341) ~[ratis-server-1.1.0-11689cd-SNAPSHOT.jar:1.1.0-11689cd-SNAPSHOT]
	at org.apache.ratis.grpc.client.GrpcClientProtocolService$RequestStreamObserver.processClientRequest(GrpcClientProtocolService.java:228) ~[ratis-grpc-1.1.0-11689cd-SNAPSHOT.jar:1.1.0-11689cd-SNAPSHOT]
	at org.apache.ratis.grpc.client.GrpcClientProtocolService$OrderedRequestStreamObserver.processClientRequest(GrpcClientProtocolService.java:334) ~[ratis-grpc-1.1.0-11689cd-SNAPSHOT.jar:1.1.0-11689cd-SNAPSHOT]
	at org.apache.ratis.util.SlidingWindow$Server.processRequestsFromHead(SlidingWindow.java:429) [ratis-common-1.1.0-11689cd-SNAPSHOT.jar:1.1.0-11689cd-SNAPSHOT]
	at org.apache.ratis.util.SlidingWindow$Server.receivedRequest(SlidingWindow.java:421) [ratis-common-1.1.0-11689cd-SNAPSHOT.jar:1.1.0-11689cd-SNAPSHOT]
	at org.apache.ratis.grpc.client.GrpcClientProtocolService$OrderedRequestStreamObserver.processClientRequest(GrpcClientProtocolService.java:358) [ratis-grpc-1.1.0-11689cd-SNAPSHOT.jar:1.1.0-11689cd-SNAPSHOT]
	at org.apache.ratis.grpc.client.GrpcClientProtocolService$RequestStreamObserver.onNext(GrpcClientProtocolService.java:248) [ratis-grpc-1.1.0-11689cd-SNAPSHOT.jar:1.1.0-11689cd-SNAPSHOT]
	at org.apache.ratis.grpc.client.GrpcClientProtocolService$RequestStreamObserver.onNext(GrpcClientProtocolService.java:171) [ratis-grpc-1.1.0-11689cd-SNAPSHOT.jar:1.1.0-11689cd-SNAPSHOT]
	at org.apache.ratis.thirdparty.io.grpc.stub.ServerCalls$StreamingServerCallHandler$StreamingServerCallListener.onMessage(ServerCalls.java:251) [ratis-thirdparty-misc-0.6.0-SNAPSHOT.jar:0.6.0-SNAPSHOT]
	at org.apache.ratis.thirdparty.io.grpc.ForwardingServerCallListener.onMessage(ForwardingServerCallListener.java:33) [ratis-thirdparty-misc-0.6.0-SNAPSHOT.jar:0.6.0-SNAPSHOT]
	at org.apache.ratis.thirdparty.io.grpc.internal.ServerCallImpl$ServerStreamListenerImpl.messagesAvailableInternal(ServerCallImpl.java:309) [ratis-thirdparty-misc-0.6.0-SNAPSHOT.jar:0.6.0-SNAPSHOT]
	at org.apache.ratis.thirdparty.io.grpc.internal.ServerCallImpl$ServerStreamListenerImpl.messagesAvailable(ServerCallImpl.java:292) [ratis-thirdparty-misc-0.6.0-SNAPSHOT.jar:0.6.0-SNAPSHOT]
	at org.apache.ratis.thirdparty.io.grpc.internal.ServerImpl$JumpToApplicationThreadServerStreamListener$1MessagesAvailable.runInContext(ServerImpl.java:783) [ratis-thirdparty-misc-0.6.0-SNAPSHOT.jar:0.6.0-SNAPSHOT]
	at org.apache.ratis.thirdparty.io.grpc.internal.ContextRunnable.run(ContextRunnable.java:37) [ratis-thirdparty-misc-0.6.0-SNAPSHOT.jar:0.6.0-SNAPSHOT]
	at org.apache.ratis.thirdparty.io.grpc.internal.SerializingExecutor.run(SerializingExecutor.java:123) [ratis-thirdparty-misc-0.6.0-SNAPSHOT.jar:0.6.0-SNAPSHOT]
	at java.util.concurrent.ThreadPoolExecutor.runWorker(ThreadPoolExecutor.java:1149) [?:1.8.0_232]
	at java.util.concurrent.ThreadPoolExecutor$Worker.run(ThreadPoolExecutor.java:624) [?:1.8.0_232]
	at java.lang.Thread.run(Thread.java:748) [?:1.8.0_232]
16:27:30.885 [grpc-default-executor-3] ERROR DNAudit - user=null | ip=null | op=WRITE_CHUNK {blockData=conID: 1 locID: 105005766135709699 bcsId: 13} | ret=FAILURE
org.apache.hadoop.hdds.scm.container.common.helpers.ContainerNotOpenException: Container 1 in CLOSED state
	at org.apache.hadoop.ozone.container.common.impl.HddsDispatcher.validateContainerCommand(HddsDispatcher.java:484) ~[hadoop-hdds-container-service-1.1.0-SNAPSHOT.jar:?]
	at org.apache.hadoop.ozone.container.common.transport.server.ratis.ContainerStateMachine.startTransaction(ContainerStateMachine.java:319) ~[hadoop-hdds-container-service-1.1.0-SNAPSHOT.jar:?]
	at org.apache.ratis.server.impl.RaftServerImpl.submitClientRequestAsync(RaftServerImpl.java:684) ~[ratis-server-1.1.0-11689cd-SNAPSHOT.jar:1.1.0-11689cd-SNAPSHOT]
	at org.apache.ratis.server.impl.RaftServerProxy.lambda$submitClientRequestAsync$7(RaftServerProxy.java:341) ~[ratis-server-1.1.0-11689cd-SNAPSHOT.jar:1.1.0-11689cd-SNAPSHOT]
	at org.apache.ratis.server.impl.RaftServerProxy.lambda$null$5(RaftServerProxy.java:336) ~[ratis-server-1.1.0-11689cd-SNAPSHOT.jar:1.1.0-11689cd-SNAPSHOT]
	at org.apache.ratis.util.JavaUtils.callAsUnchecked(JavaUtils.java:109) ~[ratis-common-1.1.0-11689cd-SNAPSHOT.jar:1.1.0-11689cd-SNAPSHOT]
	at org.apache.ratis.server.impl.RaftServerProxy.lambda$submitRequest$6(RaftServerProxy.java:336) ~[ratis-server-1.1.0-11689cd-SNAPSHOT.jar:1.1.0-11689cd-SNAPSHOT]
	at java.util.concurrent.CompletableFuture.uniComposeStage(CompletableFuture.java:995) ~[?:1.8.0_232]
	at java.util.concurrent.CompletableFuture.thenCompose(CompletableFuture.java:2137) ~[?:1.8.0_232]
	at org.apache.ratis.server.impl.RaftServerProxy.submitRequest(RaftServerProxy.java:335) ~[ratis-server-1.1.0-11689cd-SNAPSHOT.jar:1.1.0-11689cd-SNAPSHOT]
	at org.apache.ratis.server.impl.RaftServerProxy.submitClientRequestAsync(RaftServerProxy.java:341) ~[ratis-server-1.1.0-11689cd-SNAPSHOT.jar:1.1.0-11689cd-SNAPSHOT]
	at org.apache.ratis.grpc.client.GrpcClientProtocolService$RequestStreamObserver.processClientRequest(GrpcClientProtocolService.java:228) ~[ratis-grpc-1.1.0-11689cd-SNAPSHOT.jar:1.1.0-11689cd-SNAPSHOT]
	at org.apache.ratis.grpc.client.GrpcClientProtocolService$OrderedRequestStreamObserver.processClientRequest(GrpcClientProtocolService.java:334) ~[ratis-grpc-1.1.0-11689cd-SNAPSHOT.jar:1.1.0-11689cd-SNAPSHOT]
	at org.apache.ratis.util.SlidingWindow$Server.processRequestsFromHead(SlidingWindow.java:429) [ratis-common-1.1.0-11689cd-SNAPSHOT.jar:1.1.0-11689cd-SNAPSHOT]
	at org.apache.ratis.util.SlidingWindow$Server.receivedRequest(SlidingWindow.java:421) [ratis-common-1.1.0-11689cd-SNAPSHOT.jar:1.1.0-11689cd-SNAPSHOT]
	at org.apache.ratis.grpc.client.GrpcClientProtocolService$OrderedRequestStreamObserver.processClientRequest(GrpcClientProtocolService.java:358) [ratis-grpc-1.1.0-11689cd-SNAPSHOT.jar:1.1.0-11689cd-SNAPSHOT]
	at org.apache.ratis.grpc.client.GrpcClientProtocolService$RequestStreamObserver.onNext(GrpcClientProtocolService.java:248) [ratis-grpc-1.1.0-11689cd-SNAPSHOT.jar:1.1.0-11689cd-SNAPSHOT]
	at org.apache.ratis.grpc.client.GrpcClientProtocolService$RequestStreamObserver.onNext(GrpcClientProtocolService.java:171) [ratis-grpc-1.1.0-11689cd-SNAPSHOT.jar:1.1.0-11689cd-SNAPSHOT]
	at org.apache.ratis.thirdparty.io.grpc.stub.ServerCalls$StreamingServerCallHandler$StreamingServerCallListener.onMessage(ServerCalls.java:251) [ratis-thirdparty-misc-0.6.0-SNAPSHOT.jar:0.6.0-SNAPSHOT]
	at org.apache.ratis.thirdparty.io.grpc.ForwardingServerCallListener.onMessage(ForwardingServerCallListener.java:33) [ratis-thirdparty-misc-0.6.0-SNAPSHOT.jar:0.6.0-SNAPSHOT]
	at org.apache.ratis.thirdparty.io.grpc.internal.ServerCallImpl$ServerStreamListenerImpl.messagesAvailableInternal(ServerCallImpl.java:309) [ratis-thirdparty-misc-0.6.0-SNAPSHOT.jar:0.6.0-SNAPSHOT]
	at org.apache.ratis.thirdparty.io.grpc.internal.ServerCallImpl$ServerStreamListenerImpl.messagesAvailable(ServerCallImpl.java:292) [ratis-thirdparty-misc-0.6.0-SNAPSHOT.jar:0.6.0-SNAPSHOT]
	at org.apache.ratis.thirdparty.io.grpc.internal.ServerImpl$JumpToApplicationThreadServerStreamListener$1MessagesAvailable.runInContext(ServerImpl.java:783) [ratis-thirdparty-misc-0.6.0-SNAPSHOT.jar:0.6.0-SNAPSHOT]
	at org.apache.ratis.thirdparty.io.grpc.internal.ContextRunnable.run(ContextRunnable.java:37) [ratis-thirdparty-misc-0.6.0-SNAPSHOT.jar:0.6.0-SNAPSHOT]
	at org.apache.ratis.thirdparty.io.grpc.internal.SerializingExecutor.run(SerializingExecutor.java:123) [ratis-thirdparty-misc-0.6.0-SNAPSHOT.jar:0.6.0-SNAPSHOT]
	at java.util.concurrent.ThreadPoolExecutor.runWorker(ThreadPoolExecutor.java:1149) [?:1.8.0_232]
	at java.util.concurrent.ThreadPoolExecutor$Worker.run(ThreadPoolExecutor.java:624) [?:1.8.0_232]
	at java.lang.Thread.run(Thread.java:748) [?:1.8.0_232]
2020-10-09 16:27:30,898 [grpc-default-executor-0] ERROR storage.BlockOutputStream (BlockOutputStream.java:lambda$writeChunkToContainer$3(685)) - writing chunk failed 105005766135709699_chunk_5 blockID conID: 1 locID: 105005766135709699 bcsId: 13 with exception org.apache.ratis.protocol.exceptions.StateMachineException: org.apache.hadoop.hdds.scm.container.common.helpers.ContainerNotOpenException from Server e27ecad8-c8c3-4bdb-8e56-23cf5ec81ff3@group-20664874FE6E: Container 1 in CLOSED state
2020-10-09 16:27:30,912 [grpc-default-executor-0] ERROR storage.BlockOutputStream (BlockOutputStream.java:lambda$writeChunkToContainer$3(685)) - writing chunk failed 105005766135709699_chunk_6 blockID conID: 1 locID: 105005766135709699 bcsId: 13 with exception org.apache.ratis.protocol.exceptions.StateMachineException: org.apache.hadoop.hdds.scm.container.common.helpers.ContainerNotOpenException from Server e27ecad8-c8c3-4bdb-8e56-23cf5ec81ff3@group-20664874FE6E: Container 1 in CLOSED state
16:27:30.919 [grpc-default-executor-3] ERROR DNAudit - user=null | ip=null | op=PUT_BLOCK {blockData=[blockId=conID: 1 locID: 105005766135709699 bcsId: 0,size=600]} | ret=FAILURE
org.apache.hadoop.hdds.scm.container.common.helpers.ContainerNotOpenException: Container 1 in CLOSED state
	at org.apache.hadoop.ozone.container.common.impl.HddsDispatcher.validateContainerCommand(HddsDispatcher.java:484) ~[hadoop-hdds-container-service-1.1.0-SNAPSHOT.jar:?]
	at org.apache.hadoop.ozone.container.common.transport.server.ratis.ContainerStateMachine.startTransaction(ContainerStateMachine.java:319) ~[hadoop-hdds-container-service-1.1.0-SNAPSHOT.jar:?]
	at org.apache.ratis.server.impl.RaftServerImpl.submitClientRequestAsync(RaftServerImpl.java:684) ~[ratis-server-1.1.0-11689cd-SNAPSHOT.jar:1.1.0-11689cd-SNAPSHOT]
	at org.apache.ratis.server.impl.RaftServerProxy.lambda$submitClientRequestAsync$7(RaftServerProxy.java:341) ~[ratis-server-1.1.0-11689cd-SNAPSHOT.jar:1.1.0-11689cd-SNAPSHOT]
	at org.apache.ratis.server.impl.RaftServerProxy.lambda$null$5(RaftServerProxy.java:336) ~[ratis-server-1.1.0-11689cd-SNAPSHOT.jar:1.1.0-11689cd-SNAPSHOT]
	at org.apache.ratis.util.JavaUtils.callAsUnchecked(JavaUtils.java:109) ~[ratis-common-1.1.0-11689cd-SNAPSHOT.jar:1.1.0-11689cd-SNAPSHOT]
	at org.apache.ratis.server.impl.RaftServerProxy.lambda$submitRequest$6(RaftServerProxy.java:336) ~[ratis-server-1.1.0-11689cd-SNAPSHOT.jar:1.1.0-11689cd-SNAPSHOT]
	at java.util.concurrent.CompletableFuture.uniComposeStage(CompletableFuture.java:995) ~[?:1.8.0_232]
	at java.util.concurrent.CompletableFuture.thenCompose(CompletableFuture.java:2137) ~[?:1.8.0_232]
	at org.apache.ratis.server.impl.RaftServerProxy.submitRequest(RaftServerProxy.java:335) ~[ratis-server-1.1.0-11689cd-SNAPSHOT.jar:1.1.0-11689cd-SNAPSHOT]
	at org.apache.ratis.server.impl.RaftServerProxy.submitClientRequestAsync(RaftServerProxy.java:341) ~[ratis-server-1.1.0-11689cd-SNAPSHOT.jar:1.1.0-11689cd-SNAPSHOT]
	at org.apache.ratis.grpc.client.GrpcClientProtocolService$RequestStreamObserver.processClientRequest(GrpcClientProtocolService.java:228) ~[ratis-grpc-1.1.0-11689cd-SNAPSHOT.jar:1.1.0-11689cd-SNAPSHOT]
	at org.apache.ratis.grpc.client.GrpcClientProtocolService$OrderedRequestStreamObserver.processClientRequest(GrpcClientProtocolService.java:334) ~[ratis-grpc-1.1.0-11689cd-SNAPSHOT.jar:1.1.0-11689cd-SNAPSHOT]
	at org.apache.ratis.util.SlidingWindow$Server.processRequestsFromHead(SlidingWindow.java:429) [ratis-common-1.1.0-11689cd-SNAPSHOT.jar:1.1.0-11689cd-SNAPSHOT]
	at org.apache.ratis.util.SlidingWindow$Server.receivedRequest(SlidingWindow.java:421) [ratis-common-1.1.0-11689cd-SNAPSHOT.jar:1.1.0-11689cd-SNAPSHOT]
	at org.apache.ratis.grpc.client.GrpcClientProtocolService$OrderedRequestStreamObserver.processClientRequest(GrpcClientProtocolService.java:358) [ratis-grpc-1.1.0-11689cd-SNAPSHOT.jar:1.1.0-11689cd-SNAPSHOT]
	at org.apache.ratis.grpc.client.GrpcClientProtocolService$RequestStreamObserver.onNext(GrpcClientProtocolService.java:248) [ratis-grpc-1.1.0-11689cd-SNAPSHOT.jar:1.1.0-11689cd-SNAPSHOT]
	at org.apache.ratis.grpc.client.GrpcClientProtocolService$RequestStreamObserver.onNext(GrpcClientProtocolService.java:171) [ratis-grpc-1.1.0-11689cd-SNAPSHOT.jar:1.1.0-11689cd-SNAPSHOT]
	at org.apache.ratis.thirdparty.io.grpc.stub.ServerCalls$StreamingServerCallHandler$StreamingServerCallListener.onMessage(ServerCalls.java:251) [ratis-thirdparty-misc-0.6.0-SNAPSHOT.jar:0.6.0-SNAPSHOT]
	at org.apache.ratis.thirdparty.io.grpc.ForwardingServerCallListener.onMessage(ForwardingServerCallListener.java:33) [ratis-thirdparty-misc-0.6.0-SNAPSHOT.jar:0.6.0-SNAPSHOT]
	at org.apache.ratis.thirdparty.io.grpc.internal.ServerCallImpl$ServerStreamListenerImpl.messagesAvailableInternal(ServerCallImpl.java:309) [ratis-thirdparty-misc-0.6.0-SNAPSHOT.jar:0.6.0-SNAPSHOT]
	at org.apache.ratis.thirdparty.io.grpc.internal.ServerCallImpl$ServerStreamListenerImpl.messagesAvailable(ServerCallImpl.java:292) [ratis-thirdparty-misc-0.6.0-SNAPSHOT.jar:0.6.0-SNAPSHOT]
	at org.apache.ratis.thirdparty.io.grpc.internal.ServerImpl$JumpToApplicationThreadServerStreamListener$1MessagesAvailable.runInContext(ServerImpl.java:783) [ratis-thirdparty-misc-0.6.0-SNAPSHOT.jar:0.6.0-SNAPSHOT]
	at org.apache.ratis.thirdparty.io.grpc.internal.ContextRunnable.run(ContextRunnable.java:37) [ratis-thirdparty-misc-0.6.0-SNAPSHOT.jar:0.6.0-SNAPSHOT]
	at org.apache.ratis.thirdparty.io.grpc.internal.SerializingExecutor.run(SerializingExecutor.java:123) [ratis-thirdparty-misc-0.6.0-SNAPSHOT.jar:0.6.0-SNAPSHOT]
	at java.util.concurrent.ThreadPoolExecutor.runWorker(ThreadPoolExecutor.java:1149) [?:1.8.0_232]
	at java.util.concurrent.ThreadPoolExecutor$Worker.run(ThreadPoolExecutor.java:624) [?:1.8.0_232]
	at java.lang.Thread.run(Thread.java:748) [?:1.8.0_232]
16:27:30.920 [grpc-default-executor-3] ERROR DNAudit - user=null | ip=null | op=WRITE_CHUNK {blockData=conID: 1 locID: 105005766135709699 bcsId: 13} | ret=FAILURE
org.apache.hadoop.hdds.scm.container.common.helpers.ContainerNotOpenException: Container 1 in CLOSED state
	at org.apache.hadoop.ozone.container.common.impl.HddsDispatcher.validateContainerCommand(HddsDispatcher.java:484) ~[hadoop-hdds-container-service-1.1.0-SNAPSHOT.jar:?]
	at org.apache.hadoop.ozone.container.common.transport.server.ratis.ContainerStateMachine.startTransaction(ContainerStateMachine.java:319) ~[hadoop-hdds-container-service-1.1.0-SNAPSHOT.jar:?]
	at org.apache.ratis.server.impl.RaftServerImpl.submitClientRequestAsync(RaftServerImpl.java:684) ~[ratis-server-1.1.0-11689cd-SNAPSHOT.jar:1.1.0-11689cd-SNAPSHOT]
	at org.apache.ratis.server.impl.RaftServerProxy.lambda$submitClientRequestAsync$7(RaftServerProxy.java:341) ~[ratis-server-1.1.0-11689cd-SNAPSHOT.jar:1.1.0-11689cd-SNAPSHOT]
	at org.apache.ratis.server.impl.RaftServerProxy.lambda$null$5(RaftServerProxy.java:336) ~[ratis-server-1.1.0-11689cd-SNAPSHOT.jar:1.1.0-11689cd-SNAPSHOT]
	at org.apache.ratis.util.JavaUtils.callAsUnchecked(JavaUtils.java:109) ~[ratis-common-1.1.0-11689cd-SNAPSHOT.jar:1.1.0-11689cd-SNAPSHOT]
	at org.apache.ratis.server.impl.RaftServerProxy.lambda$submitRequest$6(RaftServerProxy.java:336) ~[ratis-server-1.1.0-11689cd-SNAPSHOT.jar:1.1.0-11689cd-SNAPSHOT]
	at java.util.concurrent.CompletableFuture.uniComposeStage(CompletableFuture.java:995) ~[?:1.8.0_232]
	at java.util.concurrent.CompletableFuture.thenCompose(CompletableFuture.java:2137) ~[?:1.8.0_232]
	at org.apache.ratis.server.impl.RaftServerProxy.submitRequest(RaftServerProxy.java:335) ~[ratis-server-1.1.0-11689cd-SNAPSHOT.jar:1.1.0-11689cd-SNAPSHOT]
	at org.apache.ratis.server.impl.RaftServerProxy.submitClientRequestAsync(RaftServerProxy.java:341) ~[ratis-server-1.1.0-11689cd-SNAPSHOT.jar:1.1.0-11689cd-SNAPSHOT]
	at org.apache.ratis.grpc.client.GrpcClientProtocolService$RequestStreamObserver.processClientRequest(GrpcClientProtocolService.java:228) ~[ratis-grpc-1.1.0-11689cd-SNAPSHOT.jar:1.1.0-11689cd-SNAPSHOT]
	at org.apache.ratis.grpc.client.GrpcClientProtocolService$OrderedRequestStreamObserver.processClientRequest(GrpcClientProtocolService.java:334) ~[ratis-grpc-1.1.0-11689cd-SNAPSHOT.jar:1.1.0-11689cd-SNAPSHOT]
	at org.apache.ratis.util.SlidingWindow$Server.processRequestsFromHead(SlidingWindow.java:429) [ratis-common-1.1.0-11689cd-SNAPSHOT.jar:1.1.0-11689cd-SNAPSHOT]
	at org.apache.ratis.util.SlidingWindow$Server.receivedRequest(SlidingWindow.java:421) [ratis-common-1.1.0-11689cd-SNAPSHOT.jar:1.1.0-11689cd-SNAPSHOT]
	at org.apache.ratis.grpc.client.GrpcClientProtocolService$OrderedRequestStreamObserver.processClientRequest(GrpcClientProtocolService.java:358) [ratis-grpc-1.1.0-11689cd-SNAPSHOT.jar:1.1.0-11689cd-SNAPSHOT]
	at org.apache.ratis.grpc.client.GrpcClientProtocolService$RequestStreamObserver.onNext(GrpcClientProtocolService.java:248) [ratis-grpc-1.1.0-11689cd-SNAPSHOT.jar:1.1.0-11689cd-SNAPSHOT]
	at org.apache.ratis.grpc.client.GrpcClientProtocolService$RequestStreamObserver.onNext(GrpcClientProtocolService.java:171) [ratis-grpc-1.1.0-11689cd-SNAPSHOT.jar:1.1.0-11689cd-SNAPSHOT]
	at org.apache.ratis.thirdparty.io.grpc.stub.ServerCalls$StreamingServerCallHandler$StreamingServerCallListener.onMessage(ServerCalls.java:251) [ratis-thirdparty-misc-0.6.0-SNAPSHOT.jar:0.6.0-SNAPSHOT]
	at org.apache.ratis.thirdparty.io.grpc.ForwardingServerCallListener.onMessage(ForwardingServerCallListener.java:33) [ratis-thirdparty-misc-0.6.0-SNAPSHOT.jar:0.6.0-SNAPSHOT]
	at org.apache.ratis.thirdparty.io.grpc.internal.ServerCallImpl$ServerStreamListenerImpl.messagesAvailableInternal(ServerCallImpl.java:309) [ratis-thirdparty-misc-0.6.0-SNAPSHOT.jar:0.6.0-SNAPSHOT]
	at org.apache.ratis.thirdparty.io.grpc.internal.ServerCallImpl$ServerStreamListenerImpl.messagesAvailable(ServerCallImpl.java:292) [ratis-thirdparty-misc-0.6.0-SNAPSHOT.jar:0.6.0-SNAPSHOT]
	at org.apache.ratis.thirdparty.io.grpc.internal.ServerImpl$JumpToApplicationThreadServerStreamListener$1MessagesAvailable.runInContext(ServerImpl.java:783) [ratis-thirdparty-misc-0.6.0-SNAPSHOT.jar:0.6.0-SNAPSHOT]
	at org.apache.ratis.thirdparty.io.grpc.internal.ContextRunnable.run(ContextRunnable.java:37) [ratis-thirdparty-misc-0.6.0-SNAPSHOT.jar:0.6.0-SNAPSHOT]
	at org.apache.ratis.thirdparty.io.grpc.internal.SerializingExecutor.run(SerializingExecutor.java:123) [ratis-thirdparty-misc-0.6.0-SNAPSHOT.jar:0.6.0-SNAPSHOT]
	at java.util.concurrent.ThreadPoolExecutor.runWorker(ThreadPoolExecutor.java:1149) [?:1.8.0_232]
	at java.util.concurrent.ThreadPoolExecutor$Worker.run(ThreadPoolExecutor.java:624) [?:1.8.0_232]
	at java.lang.Thread.run(Thread.java:748) [?:1.8.0_232]
16:27:30.929 [grpc-default-executor-3] ERROR DNAudit - user=null | ip=null | op=WRITE_CHUNK {blockData=conID: 1 locID: 105005766135709699 bcsId: 13} | ret=FAILURE
org.apache.hadoop.hdds.scm.container.common.helpers.ContainerNotOpenException: Container 1 in CLOSED state
	at org.apache.hadoop.ozone.container.common.impl.HddsDispatcher.validateContainerCommand(HddsDispatcher.java:484) ~[hadoop-hdds-container-service-1.1.0-SNAPSHOT.jar:?]
	at org.apache.hadoop.ozone.container.common.transport.server.ratis.ContainerStateMachine.startTransaction(ContainerStateMachine.java:319) ~[hadoop-hdds-container-service-1.1.0-SNAPSHOT.jar:?]
	at org.apache.ratis.server.impl.RaftServerImpl.submitClientRequestAsync(RaftServerImpl.java:684) ~[ratis-server-1.1.0-11689cd-SNAPSHOT.jar:1.1.0-11689cd-SNAPSHOT]
	at org.apache.ratis.server.impl.RaftServerProxy.lambda$submitClientRequestAsync$7(RaftServerProxy.java:341) ~[ratis-server-1.1.0-11689cd-SNAPSHOT.jar:1.1.0-11689cd-SNAPSHOT]
	at org.apache.ratis.server.impl.RaftServerProxy.lambda$null$5(RaftServerProxy.java:336) ~[ratis-server-1.1.0-11689cd-SNAPSHOT.jar:1.1.0-11689cd-SNAPSHOT]
	at org.apache.ratis.util.JavaUtils.callAsUnchecked(JavaUtils.java:109) ~[ratis-common-1.1.0-11689cd-SNAPSHOT.jar:1.1.0-11689cd-SNAPSHOT]
	at org.apache.ratis.server.impl.RaftServerProxy.lambda$submitRequest$6(RaftServerProxy.java:336) ~[ratis-server-1.1.0-11689cd-SNAPSHOT.jar:1.1.0-11689cd-SNAPSHOT]
	at java.util.concurrent.CompletableFuture.uniComposeStage(CompletableFuture.java:995) ~[?:1.8.0_232]
	at java.util.concurrent.CompletableFuture.thenCompose(CompletableFuture.java:2137) ~[?:1.8.0_232]
	at org.apache.ratis.server.impl.RaftServerProxy.submitRequest(RaftServerProxy.java:335) ~[ratis-server-1.1.0-11689cd-SNAPSHOT.jar:1.1.0-11689cd-SNAPSHOT]
	at org.apache.ratis.server.impl.RaftServerProxy.submitClientRequestAsync(RaftServerProxy.java:341) ~[ratis-server-1.1.0-11689cd-SNAPSHOT.jar:1.1.0-11689cd-SNAPSHOT]
	at org.apache.ratis.grpc.client.GrpcClientProtocolService$RequestStreamObserver.processClientRequest(GrpcClientProtocolService.java:228) ~[ratis-grpc-1.1.0-11689cd-SNAPSHOT.jar:1.1.0-11689cd-SNAPSHOT]
	at org.apache.ratis.grpc.client.GrpcClientProtocolService$OrderedRequestStreamObserver.processClientRequest(GrpcClientProtocolService.java:334) ~[ratis-grpc-1.1.0-11689cd-SNAPSHOT.jar:1.1.0-11689cd-SNAPSHOT]
	at org.apache.ratis.util.SlidingWindow$Server.processRequestsFromHead(SlidingWindow.java:429) [ratis-common-1.1.0-11689cd-SNAPSHOT.jar:1.1.0-11689cd-SNAPSHOT]
	at org.apache.ratis.util.SlidingWindow$Server.receivedRequest(SlidingWindow.java:421) [ratis-common-1.1.0-11689cd-SNAPSHOT.jar:1.1.0-11689cd-SNAPSHOT]
	at org.apache.ratis.grpc.client.GrpcClientProtocolService$OrderedRequestStreamObserver.processClientRequest(GrpcClientProtocolService.java:358) [ratis-grpc-1.1.0-11689cd-SNAPSHOT.jar:1.1.0-11689cd-SNAPSHOT]
	at org.apache.ratis.grpc.client.GrpcClientProtocolService$RequestStreamObserver.onNext(GrpcClientProtocolService.java:248) [ratis-grpc-1.1.0-11689cd-SNAPSHOT.jar:1.1.0-11689cd-SNAPSHOT]
	at org.apache.ratis.grpc.client.GrpcClientProtocolService$RequestStreamObserver.onNext(GrpcClientProtocolService.java:171) [ratis-grpc-1.1.0-11689cd-SNAPSHOT.jar:1.1.0-11689cd-SNAPSHOT]
	at org.apache.ratis.thirdparty.io.grpc.stub.ServerCalls$StreamingServerCallHandler$StreamingServerCallListener.onMessage(ServerCalls.java:251) [ratis-thirdparty-misc-0.6.0-SNAPSHOT.jar:0.6.0-SNAPSHOT]
	at org.apache.ratis.thirdparty.io.grpc.ForwardingServerCallListener.onMessage(ForwardingServerCallListener.java:33) [ratis-thirdparty-misc-0.6.0-SNAPSHOT.jar:0.6.0-SNAPSHOT]
	at org.apache.ratis.thirdparty.io.grpc.internal.ServerCallImpl$ServerStreamListenerImpl.messagesAvailableInternal(ServerCallImpl.java:309) [ratis-thirdparty-misc-0.6.0-SNAPSHOT.jar:0.6.0-SNAPSHOT]
	at org.apache.ratis.thirdparty.io.grpc.internal.ServerCallImpl$ServerStreamListenerImpl.messagesAvailable(ServerCallImpl.java:292) [ratis-thirdparty-misc-0.6.0-SNAPSHOT.jar:0.6.0-SNAPSHOT]
	at org.apache.ratis.thirdparty.io.grpc.internal.ServerImpl$JumpToApplicationThreadServerStreamListener$1MessagesAvailable.runInContext(ServerImpl.java:783) [ratis-thirdparty-misc-0.6.0-SNAPSHOT.jar:0.6.0-SNAPSHOT]
	at org.apache.ratis.thirdparty.io.grpc.internal.ContextRunnable.run(ContextRunnable.java:37) [ratis-thirdparty-misc-0.6.0-SNAPSHOT.jar:0.6.0-SNAPSHOT]
	at org.apache.ratis.thirdparty.io.grpc.internal.SerializingExecutor.run(SerializingExecutor.java:123) [ratis-thirdparty-misc-0.6.0-SNAPSHOT.jar:0.6.0-SNAPSHOT]
	at java.util.concurrent.ThreadPoolExecutor.runWorker(ThreadPoolExecutor.java:1149) [?:1.8.0_232]
	at java.util.concurrent.ThreadPoolExecutor$Worker.run(ThreadPoolExecutor.java:624) [?:1.8.0_232]
	at java.lang.Thread.run(Thread.java:748) [?:1.8.0_232]
16:27:30.931 [grpc-default-executor-3] ERROR DNAudit - user=null | ip=null | op=PUT_BLOCK {blockData=[blockId=conID: 1 locID: 105005766135709699 bcsId: 0,size=800]} | ret=FAILURE
org.apache.hadoop.hdds.scm.container.common.helpers.ContainerNotOpenException: Container 1 in CLOSED state
	at org.apache.hadoop.ozone.container.common.impl.HddsDispatcher.validateContainerCommand(HddsDispatcher.java:484) ~[hadoop-hdds-container-service-1.1.0-SNAPSHOT.jar:?]
	at org.apache.hadoop.ozone.container.common.transport.server.ratis.ContainerStateMachine.startTransaction(ContainerStateMachine.java:319) ~[hadoop-hdds-container-service-1.1.0-SNAPSHOT.jar:?]
	at org.apache.ratis.server.impl.RaftServerImpl.submitClientRequestAsync(RaftServerImpl.java:684) ~[ratis-server-1.1.0-11689cd-SNAPSHOT.jar:1.1.0-11689cd-SNAPSHOT]
	at org.apache.ratis.server.impl.RaftServerProxy.lambda$submitClientRequestAsync$7(RaftServerProxy.java:341) ~[ratis-server-1.1.0-11689cd-SNAPSHOT.jar:1.1.0-11689cd-SNAPSHOT]
	at org.apache.ratis.server.impl.RaftServerProxy.lambda$null$5(RaftServerProxy.java:336) ~[ratis-server-1.1.0-11689cd-SNAPSHOT.jar:1.1.0-11689cd-SNAPSHOT]
	at org.apache.ratis.util.JavaUtils.callAsUnchecked(JavaUtils.java:109) ~[ratis-common-1.1.0-11689cd-SNAPSHOT.jar:1.1.0-11689cd-SNAPSHOT]
	at org.apache.ratis.server.impl.RaftServerProxy.lambda$submitRequest$6(RaftServerProxy.java:336) ~[ratis-server-1.1.0-11689cd-SNAPSHOT.jar:1.1.0-11689cd-SNAPSHOT]
	at java.util.concurrent.CompletableFuture.uniComposeStage(CompletableFuture.java:995) ~[?:1.8.0_232]
	at java.util.concurrent.CompletableFuture.thenCompose(CompletableFuture.java:2137) ~[?:1.8.0_232]
	at org.apache.ratis.server.impl.RaftServerProxy.submitRequest(RaftServerProxy.java:335) ~[ratis-server-1.1.0-11689cd-SNAPSHOT.jar:1.1.0-11689cd-SNAPSHOT]
	at org.apache.ratis.server.impl.RaftServerProxy.submitClientRequestAsync(RaftServerProxy.java:341) ~[ratis-server-1.1.0-11689cd-SNAPSHOT.jar:1.1.0-11689cd-SNAPSHOT]
	at org.apache.ratis.grpc.client.GrpcClientProtocolService$RequestStreamObserver.processClientRequest(GrpcClientProtocolService.java:228) ~[ratis-grpc-1.1.0-11689cd-SNAPSHOT.jar:1.1.0-11689cd-SNAPSHOT]
	at org.apache.ratis.grpc.client.GrpcClientProtocolService$OrderedRequestStreamObserver.processClientRequest(GrpcClientProtocolService.java:334) ~[ratis-grpc-1.1.0-11689cd-SNAPSHOT.jar:1.1.0-11689cd-SNAPSHOT]
	at org.apache.ratis.util.SlidingWindow$Server.processRequestsFromHead(SlidingWindow.java:429) [ratis-common-1.1.0-11689cd-SNAPSHOT.jar:1.1.0-11689cd-SNAPSHOT]
	at org.apache.ratis.util.SlidingWindow$Server.receivedRequest(SlidingWindow.java:421) [ratis-common-1.1.0-11689cd-SNAPSHOT.jar:1.1.0-11689cd-SNAPSHOT]
	at org.apache.ratis.grpc.client.GrpcClientProtocolService$OrderedRequestStreamObserver.processClientRequest(GrpcClientProtocolService.java:358) [ratis-grpc-1.1.0-11689cd-SNAPSHOT.jar:1.1.0-11689cd-SNAPSHOT]
	at org.apache.ratis.grpc.client.GrpcClientProtocolService$RequestStreamObserver.onNext(GrpcClientProtocolService.java:248) [ratis-grpc-1.1.0-11689cd-SNAPSHOT.jar:1.1.0-11689cd-SNAPSHOT]
	at org.apache.ratis.grpc.client.GrpcClientProtocolService$RequestStreamObserver.onNext(GrpcClientProtocolService.java:171) [ratis-grpc-1.1.0-11689cd-SNAPSHOT.jar:1.1.0-11689cd-SNAPSHOT]
	at org.apache.ratis.thirdparty.io.grpc.stub.ServerCalls$StreamingServerCallHandler$StreamingServerCallListener.onMessage(ServerCalls.java:251) [ratis-thirdparty-misc-0.6.0-SNAPSHOT.jar:0.6.0-SNAPSHOT]
	at org.apache.ratis.thirdparty.io.grpc.ForwardingServerCallListener.onMessage(ForwardingServerCallListener.java:33) [ratis-thirdparty-misc-0.6.0-SNAPSHOT.jar:0.6.0-SNAPSHOT]
	at org.apache.ratis.thirdparty.io.grpc.internal.ServerCallImpl$ServerStreamListenerImpl.messagesAvailableInternal(ServerCallImpl.java:309) [ratis-thirdparty-misc-0.6.0-SNAPSHOT.jar:0.6.0-SNAPSHOT]
	at org.apache.ratis.thirdparty.io.grpc.internal.ServerCallImpl$ServerStreamListenerImpl.messagesAvailable(ServerCallImpl.java:292) [ratis-thirdparty-misc-0.6.0-SNAPSHOT.jar:0.6.0-SNAPSHOT]
	at org.apache.ratis.thirdparty.io.grpc.internal.ServerImpl$JumpToApplicationThreadServerStreamListener$1MessagesAvailable.runInContext(ServerImpl.java:783) [ratis-thirdparty-misc-0.6.0-SNAPSHOT.jar:0.6.0-SNAPSHOT]
	at org.apache.ratis.thirdparty.io.grpc.internal.ContextRunnable.run(ContextRunnable.java:37) [ratis-thirdparty-misc-0.6.0-SNAPSHOT.jar:0.6.0-SNAPSHOT]
	at org.apache.ratis.thirdparty.io.grpc.internal.SerializingExecutor.run(SerializingExecutor.java:123) [ratis-thirdparty-misc-0.6.0-SNAPSHOT.jar:0.6.0-SNAPSHOT]
	at java.util.concurrent.ThreadPoolExecutor.runWorker(ThreadPoolExecutor.java:1149) [?:1.8.0_232]
	at java.util.concurrent.ThreadPoolExecutor$Worker.run(ThreadPoolExecutor.java:624) [?:1.8.0_232]
	at java.lang.Thread.run(Thread.java:748) [?:1.8.0_232]
2020-10-09 16:27:30,950 [grpc-default-executor-3] ERROR storage.BlockOutputStream (BlockOutputStream.java:lambda$writeChunkToContainer$3(685)) - writing chunk failed 105005766135709699_chunk_7 blockID conID: 1 locID: 105005766135709699 bcsId: 13 with exception org.apache.ratis.protocol.exceptions.StateMachineException: org.apache.hadoop.hdds.scm.container.common.helpers.ContainerNotOpenException from Server e27ecad8-c8c3-4bdb-8e56-23cf5ec81ff3@group-20664874FE6E: Container 1 in CLOSED state
2020-10-09 16:27:30,956 [grpc-default-executor-3] ERROR storage.BlockOutputStream (BlockOutputStream.java:lambda$writeChunkToContainer$3(685)) - writing chunk failed 105005766135709699_chunk_8 blockID conID: 1 locID: 105005766135709699 bcsId: 13 with exception org.apache.ratis.protocol.exceptions.StateMachineException: org.apache.hadoop.hdds.scm.container.common.helpers.ContainerNotOpenException from Server e27ecad8-c8c3-4bdb-8e56-23cf5ec81ff3@group-20664874FE6E: Container 1 in CLOSED state
16:27:30.962 [grpc-default-executor-3] ERROR DNAudit - user=null | ip=null | op=WRITE_CHUNK {blockData=conID: 2 locID: 105005766135709700 bcsId: 0} | ret=FAILURE
org.apache.hadoop.hdds.scm.container.common.helpers.ContainerNotOpenException: Container 2 in CLOSED state
	at org.apache.hadoop.ozone.container.common.impl.HddsDispatcher.validateContainerCommand(HddsDispatcher.java:484) ~[hadoop-hdds-container-service-1.1.0-SNAPSHOT.jar:?]
	at org.apache.hadoop.ozone.container.common.transport.server.ratis.ContainerStateMachine.startTransaction(ContainerStateMachine.java:319) ~[hadoop-hdds-container-service-1.1.0-SNAPSHOT.jar:?]
	at org.apache.ratis.server.impl.RaftServerImpl.submitClientRequestAsync(RaftServerImpl.java:684) ~[ratis-server-1.1.0-11689cd-SNAPSHOT.jar:1.1.0-11689cd-SNAPSHOT]
	at org.apache.ratis.server.impl.RaftServerProxy.lambda$submitClientRequestAsync$7(RaftServerProxy.java:341) ~[ratis-server-1.1.0-11689cd-SNAPSHOT.jar:1.1.0-11689cd-SNAPSHOT]
	at org.apache.ratis.server.impl.RaftServerProxy.lambda$null$5(RaftServerProxy.java:336) ~[ratis-server-1.1.0-11689cd-SNAPSHOT.jar:1.1.0-11689cd-SNAPSHOT]
	at org.apache.ratis.util.JavaUtils.callAsUnchecked(JavaUtils.java:109) ~[ratis-common-1.1.0-11689cd-SNAPSHOT.jar:1.1.0-11689cd-SNAPSHOT]
	at org.apache.ratis.server.impl.RaftServerProxy.lambda$submitRequest$6(RaftServerProxy.java:336) ~[ratis-server-1.1.0-11689cd-SNAPSHOT.jar:1.1.0-11689cd-SNAPSHOT]
	at java.util.concurrent.CompletableFuture.uniComposeStage(CompletableFuture.java:995) ~[?:1.8.0_232]
	at java.util.concurrent.CompletableFuture.thenCompose(CompletableFuture.java:2137) ~[?:1.8.0_232]
	at org.apache.ratis.server.impl.RaftServerProxy.submitRequest(RaftServerProxy.java:335) ~[ratis-server-1.1.0-11689cd-SNAPSHOT.jar:1.1.0-11689cd-SNAPSHOT]
	at org.apache.ratis.server.impl.RaftServerProxy.submitClientRequestAsync(RaftServerProxy.java:341) ~[ratis-server-1.1.0-11689cd-SNAPSHOT.jar:1.1.0-11689cd-SNAPSHOT]
	at org.apache.ratis.grpc.client.GrpcClientProtocolService$RequestStreamObserver.processClientRequest(GrpcClientProtocolService.java:228) ~[ratis-grpc-1.1.0-11689cd-SNAPSHOT.jar:1.1.0-11689cd-SNAPSHOT]
	at org.apache.ratis.grpc.client.GrpcClientProtocolService$OrderedRequestStreamObserver.processClientRequest(GrpcClientProtocolService.java:334) ~[ratis-grpc-1.1.0-11689cd-SNAPSHOT.jar:1.1.0-11689cd-SNAPSHOT]
	at org.apache.ratis.util.SlidingWindow$Server.processRequestsFromHead(SlidingWindow.java:429) [ratis-common-1.1.0-11689cd-SNAPSHOT.jar:1.1.0-11689cd-SNAPSHOT]
	at org.apache.ratis.util.SlidingWindow$Server.receivedRequest(SlidingWindow.java:421) [ratis-common-1.1.0-11689cd-SNAPSHOT.jar:1.1.0-11689cd-SNAPSHOT]
	at org.apache.ratis.grpc.client.GrpcClientProtocolService$OrderedRequestStreamObserver.processClientRequest(GrpcClientProtocolService.java:358) [ratis-grpc-1.1.0-11689cd-SNAPSHOT.jar:1.1.0-11689cd-SNAPSHOT]
	at org.apache.ratis.grpc.client.GrpcClientProtocolService$RequestStreamObserver.onNext(GrpcClientProtocolService.java:248) [ratis-grpc-1.1.0-11689cd-SNAPSHOT.jar:1.1.0-11689cd-SNAPSHOT]
	at org.apache.ratis.grpc.client.GrpcClientProtocolService$RequestStreamObserver.onNext(GrpcClientProtocolService.java:171) [ratis-grpc-1.1.0-11689cd-SNAPSHOT.jar:1.1.0-11689cd-SNAPSHOT]
	at org.apache.ratis.thirdparty.io.grpc.stub.ServerCalls$StreamingServerCallHandler$StreamingServerCallListener.onMessage(ServerCalls.java:251) [ratis-thirdparty-misc-0.6.0-SNAPSHOT.jar:0.6.0-SNAPSHOT]
	at org.apache.ratis.thirdparty.io.grpc.ForwardingServerCallListener.onMessage(ForwardingServerCallListener.java:33) [ratis-thirdparty-misc-0.6.0-SNAPSHOT.jar:0.6.0-SNAPSHOT]
	at org.apache.ratis.thirdparty.io.grpc.internal.ServerCallImpl$ServerStreamListenerImpl.messagesAvailableInternal(ServerCallImpl.java:309) [ratis-thirdparty-misc-0.6.0-SNAPSHOT.jar:0.6.0-SNAPSHOT]
	at org.apache.ratis.thirdparty.io.grpc.internal.ServerCallImpl$ServerStreamListenerImpl.messagesAvailable(ServerCallImpl.java:292) [ratis-thirdparty-misc-0.6.0-SNAPSHOT.jar:0.6.0-SNAPSHOT]
	at org.apache.ratis.thirdparty.io.grpc.internal.ServerImpl$JumpToApplicationThreadServerStreamListener$1MessagesAvailable.runInContext(ServerImpl.java:783) [ratis-thirdparty-misc-0.6.0-SNAPSHOT.jar:0.6.0-SNAPSHOT]
	at org.apache.ratis.thirdparty.io.grpc.internal.ContextRunnable.run(ContextRunnable.java:37) [ratis-thirdparty-misc-0.6.0-SNAPSHOT.jar:0.6.0-SNAPSHOT]
	at org.apache.ratis.thirdparty.io.grpc.internal.SerializingExecutor.run(SerializingExecutor.java:123) [ratis-thirdparty-misc-0.6.0-SNAPSHOT.jar:0.6.0-SNAPSHOT]
	at java.util.concurrent.ThreadPoolExecutor.runWorker(ThreadPoolExecutor.java:1149) [?:1.8.0_232]
	at java.util.concurrent.ThreadPoolExecutor$Worker.run(ThreadPoolExecutor.java:624) [?:1.8.0_232]
	at java.lang.Thread.run(Thread.java:748) [?:1.8.0_232]
16:27:30.986 [grpc-default-executor-3] ERROR DNAudit - user=null | ip=null | op=WRITE_CHUNK {blockData=conID: 2 locID: 105005766135709700 bcsId: 0} | ret=FAILURE
org.apache.hadoop.hdds.scm.container.common.helpers.ContainerNotOpenException: Container 2 in CLOSED state
	at org.apache.hadoop.ozone.container.common.impl.HddsDispatcher.validateContainerCommand(HddsDispatcher.java:484) ~[hadoop-hdds-container-service-1.1.0-SNAPSHOT.jar:?]
	at org.apache.hadoop.ozone.container.common.transport.server.ratis.ContainerStateMachine.startTransaction(ContainerStateMachine.java:319) ~[hadoop-hdds-container-service-1.1.0-SNAPSHOT.jar:?]
	at org.apache.ratis.server.impl.RaftServerImpl.submitClientRequestAsync(RaftServerImpl.java:684) ~[ratis-server-1.1.0-11689cd-SNAPSHOT.jar:1.1.0-11689cd-SNAPSHOT]
	at org.apache.ratis.server.impl.RaftServerProxy.lambda$submitClientRequestAsync$7(RaftServerProxy.java:341) ~[ratis-server-1.1.0-11689cd-SNAPSHOT.jar:1.1.0-11689cd-SNAPSHOT]
	at org.apache.ratis.server.impl.RaftServerProxy.lambda$null$5(RaftServerProxy.java:336) ~[ratis-server-1.1.0-11689cd-SNAPSHOT.jar:1.1.0-11689cd-SNAPSHOT]
	at org.apache.ratis.util.JavaUtils.callAsUnchecked(JavaUtils.java:109) ~[ratis-common-1.1.0-11689cd-SNAPSHOT.jar:1.1.0-11689cd-SNAPSHOT]
	at org.apache.ratis.server.impl.RaftServerProxy.lambda$submitRequest$6(RaftServerProxy.java:336) ~[ratis-server-1.1.0-11689cd-SNAPSHOT.jar:1.1.0-11689cd-SNAPSHOT]
	at java.util.concurrent.CompletableFuture.uniComposeStage(CompletableFuture.java:995) ~[?:1.8.0_232]
	at java.util.concurrent.CompletableFuture.thenCompose(CompletableFuture.java:2137) ~[?:1.8.0_232]
	at org.apache.ratis.server.impl.RaftServerProxy.submitRequest(RaftServerProxy.java:335) ~[ratis-server-1.1.0-11689cd-SNAPSHOT.jar:1.1.0-11689cd-SNAPSHOT]
	at org.apache.ratis.server.impl.RaftServerProxy.submitClientRequestAsync(RaftServerProxy.java:341) ~[ratis-server-1.1.0-11689cd-SNAPSHOT.jar:1.1.0-11689cd-SNAPSHOT]
	at org.apache.ratis.grpc.client.GrpcClientProtocolService$RequestStreamObserver.processClientRequest(GrpcClientProtocolService.java:228) ~[ratis-grpc-1.1.0-11689cd-SNAPSHOT.jar:1.1.0-11689cd-SNAPSHOT]
	at org.apache.ratis.grpc.client.GrpcClientProtocolService$OrderedRequestStreamObserver.processClientRequest(GrpcClientProtocolService.java:334) ~[ratis-grpc-1.1.0-11689cd-SNAPSHOT.jar:1.1.0-11689cd-SNAPSHOT]
	at org.apache.ratis.util.SlidingWindow$Server.processRequestsFromHead(SlidingWindow.java:429) [ratis-common-1.1.0-11689cd-SNAPSHOT.jar:1.1.0-11689cd-SNAPSHOT]
	at org.apache.ratis.util.SlidingWindow$Server.receivedRequest(SlidingWindow.java:421) [ratis-common-1.1.0-11689cd-SNAPSHOT.jar:1.1.0-11689cd-SNAPSHOT]
	at org.apache.ratis.grpc.client.GrpcClientProtocolService$OrderedRequestStreamObserver.processClientRequest(GrpcClientProtocolService.java:358) [ratis-grpc-1.1.0-11689cd-SNAPSHOT.jar:1.1.0-11689cd-SNAPSHOT]
	at org.apache.ratis.grpc.client.GrpcClientProtocolService$RequestStreamObserver.onNext(GrpcClientProtocolService.java:248) [ratis-grpc-1.1.0-11689cd-SNAPSHOT.jar:1.1.0-11689cd-SNAPSHOT]
	at org.apache.ratis.grpc.client.GrpcClientProtocolService$RequestStreamObserver.onNext(GrpcClientProtocolService.java:171) [ratis-grpc-1.1.0-11689cd-SNAPSHOT.jar:1.1.0-11689cd-SNAPSHOT]
	at org.apache.ratis.thirdparty.io.grpc.stub.ServerCalls$StreamingServerCallHandler$StreamingServerCallListener.onMessage(ServerCalls.java:251) [ratis-thirdparty-misc-0.6.0-SNAPSHOT.jar:0.6.0-SNAPSHOT]
	at org.apache.ratis.thirdparty.io.grpc.ForwardingServerCallListener.onMessage(ForwardingServerCallListener.java:33) [ratis-thirdparty-misc-0.6.0-SNAPSHOT.jar:0.6.0-SNAPSHOT]
	at org.apache.ratis.thirdparty.io.grpc.internal.ServerCallImpl$ServerStreamListenerImpl.messagesAvailableInternal(ServerCallImpl.java:309) [ratis-thirdparty-misc-0.6.0-SNAPSHOT.jar:0.6.0-SNAPSHOT]
	at org.apache.ratis.thirdparty.io.grpc.internal.ServerCallImpl$ServerStreamListenerImpl.messagesAvailable(ServerCallImpl.java:292) [ratis-thirdparty-misc-0.6.0-SNAPSHOT.jar:0.6.0-SNAPSHOT]
	at org.apache.ratis.thirdparty.io.grpc.internal.ServerImpl$JumpToApplicationThreadServerStreamListener$1MessagesAvailable.runInContext(ServerImpl.java:783) [ratis-thirdparty-misc-0.6.0-SNAPSHOT.jar:0.6.0-SNAPSHOT]
	at org.apache.ratis.thirdparty.io.grpc.internal.ContextRunnable.run(ContextRunnable.java:37) [ratis-thirdparty-misc-0.6.0-SNAPSHOT.jar:0.6.0-SNAPSHOT]
	at org.apache.ratis.thirdparty.io.grpc.internal.SerializingExecutor.run(SerializingExecutor.java:123) [ratis-thirdparty-misc-0.6.0-SNAPSHOT.jar:0.6.0-SNAPSHOT]
	at java.util.concurrent.ThreadPoolExecutor.runWorker(ThreadPoolExecutor.java:1149) [?:1.8.0_232]
	at java.util.concurrent.ThreadPoolExecutor$Worker.run(ThreadPoolExecutor.java:624) [?:1.8.0_232]
	at java.lang.Thread.run(Thread.java:748) [?:1.8.0_232]
2020-10-09 16:27:31,002 [grpc-default-executor-0] ERROR storage.BlockOutputStream (BlockOutputStream.java:lambda$writeChunkToContainer$3(685)) - writing chunk failed 105005766135709700_chunk_1 blockID conID: 2 locID: 105005766135709700 bcsId: 0 with exception org.apache.ratis.protocol.exceptions.StateMachineException: org.apache.hadoop.hdds.scm.container.common.helpers.ContainerNotOpenException from Server e27ecad8-c8c3-4bdb-8e56-23cf5ec81ff3@group-20664874FE6E: Container 2 in CLOSED state
16:27:31.005 [grpc-default-executor-3] ERROR DNAudit - user=null | ip=null | op=PUT_BLOCK {blockData=[blockId=conID: 2 locID: 105005766135709700 bcsId: 0,size=200]} | ret=FAILURE
org.apache.hadoop.hdds.scm.container.common.helpers.ContainerNotOpenException: Container 2 in CLOSED state
	at org.apache.hadoop.ozone.container.common.impl.HddsDispatcher.validateContainerCommand(HddsDispatcher.java:484) ~[hadoop-hdds-container-service-1.1.0-SNAPSHOT.jar:?]
	at org.apache.hadoop.ozone.container.common.transport.server.ratis.ContainerStateMachine.startTransaction(ContainerStateMachine.java:319) ~[hadoop-hdds-container-service-1.1.0-SNAPSHOT.jar:?]
	at org.apache.ratis.server.impl.RaftServerImpl.submitClientRequestAsync(RaftServerImpl.java:684) ~[ratis-server-1.1.0-11689cd-SNAPSHOT.jar:1.1.0-11689cd-SNAPSHOT]
	at org.apache.ratis.server.impl.RaftServerProxy.lambda$submitClientRequestAsync$7(RaftServerProxy.java:341) ~[ratis-server-1.1.0-11689cd-SNAPSHOT.jar:1.1.0-11689cd-SNAPSHOT]
	at org.apache.ratis.server.impl.RaftServerProxy.lambda$null$5(RaftServerProxy.java:336) ~[ratis-server-1.1.0-11689cd-SNAPSHOT.jar:1.1.0-11689cd-SNAPSHOT]
	at org.apache.ratis.util.JavaUtils.callAsUnchecked(JavaUtils.java:109) ~[ratis-common-1.1.0-11689cd-SNAPSHOT.jar:1.1.0-11689cd-SNAPSHOT]
	at org.apache.ratis.server.impl.RaftServerProxy.lambda$submitRequest$6(RaftServerProxy.java:336) ~[ratis-server-1.1.0-11689cd-SNAPSHOT.jar:1.1.0-11689cd-SNAPSHOT]
	at java.util.concurrent.CompletableFuture.uniComposeStage(CompletableFuture.java:995) ~[?:1.8.0_232]
	at java.util.concurrent.CompletableFuture.thenCompose(CompletableFuture.java:2137) ~[?:1.8.0_232]
	at org.apache.ratis.server.impl.RaftServerProxy.submitRequest(RaftServerProxy.java:335) ~[ratis-server-1.1.0-11689cd-SNAPSHOT.jar:1.1.0-11689cd-SNAPSHOT]
	at org.apache.ratis.server.impl.RaftServerProxy.submitClientRequestAsync(RaftServerProxy.java:341) ~[ratis-server-1.1.0-11689cd-SNAPSHOT.jar:1.1.0-11689cd-SNAPSHOT]
	at org.apache.ratis.grpc.client.GrpcClientProtocolService$RequestStreamObserver.processClientRequest(GrpcClientProtocolService.java:228) ~[ratis-grpc-1.1.0-11689cd-SNAPSHOT.jar:1.1.0-11689cd-SNAPSHOT]
	at org.apache.ratis.grpc.client.GrpcClientProtocolService$OrderedRequestStreamObserver.processClientRequest(GrpcClientProtocolService.java:334) ~[ratis-grpc-1.1.0-11689cd-SNAPSHOT.jar:1.1.0-11689cd-SNAPSHOT]
	at org.apache.ratis.util.SlidingWindow$Server.processRequestsFromHead(SlidingWindow.java:429) [ratis-common-1.1.0-11689cd-SNAPSHOT.jar:1.1.0-11689cd-SNAPSHOT]
	at org.apache.ratis.util.SlidingWindow$Server.receivedRequest(SlidingWindow.java:421) [ratis-common-1.1.0-11689cd-SNAPSHOT.jar:1.1.0-11689cd-SNAPSHOT]
	at org.apache.ratis.grpc.client.GrpcClientProtocolService$OrderedRequestStreamObserver.processClientRequest(GrpcClientProtocolService.java:358) [ratis-grpc-1.1.0-11689cd-SNAPSHOT.jar:1.1.0-11689cd-SNAPSHOT]
	at org.apache.ratis.grpc.client.GrpcClientProtocolService$RequestStreamObserver.onNext(GrpcClientProtocolService.java:248) [ratis-grpc-1.1.0-11689cd-SNAPSHOT.jar:1.1.0-11689cd-SNAPSHOT]
	at org.apache.ratis.grpc.client.GrpcClientProtocolService$RequestStreamObserver.onNext(GrpcClientProtocolService.java:171) [ratis-grpc-1.1.0-11689cd-SNAPSHOT.jar:1.1.0-11689cd-SNAPSHOT]
	at org.apache.ratis.thirdparty.io.grpc.stub.ServerCalls$StreamingServerCallHandler$StreamingServerCallListener.onMessage(ServerCalls.java:251) [ratis-thirdparty-misc-0.6.0-SNAPSHOT.jar:0.6.0-SNAPSHOT]
	at org.apache.ratis.thirdparty.io.grpc.ForwardingServerCallListener.onMessage(ForwardingServerCallListener.java:33) [ratis-thirdparty-misc-0.6.0-SNAPSHOT.jar:0.6.0-SNAPSHOT]
	at org.apache.ratis.thirdparty.io.grpc.internal.ServerCallImpl$ServerStreamListenerImpl.messagesAvailableInternal(ServerCallImpl.java:309) [ratis-thirdparty-misc-0.6.0-SNAPSHOT.jar:0.6.0-SNAPSHOT]
	at org.apache.ratis.thirdparty.io.grpc.internal.ServerCallImpl$ServerStreamListenerImpl.messagesAvailable(ServerCallImpl.java:292) [ratis-thirdparty-misc-0.6.0-SNAPSHOT.jar:0.6.0-SNAPSHOT]
	at org.apache.ratis.thirdparty.io.grpc.internal.ServerImpl$JumpToApplicationThreadServerStreamListener$1MessagesAvailable.runInContext(ServerImpl.java:783) [ratis-thirdparty-misc-0.6.0-SNAPSHOT.jar:0.6.0-SNAPSHOT]
	at org.apache.ratis.thirdparty.io.grpc.internal.ContextRunnable.run(ContextRunnable.java:37) [ratis-thirdparty-misc-0.6.0-SNAPSHOT.jar:0.6.0-SNAPSHOT]
	at org.apache.ratis.thirdparty.io.grpc.internal.SerializingExecutor.run(SerializingExecutor.java:123) [ratis-thirdparty-misc-0.6.0-SNAPSHOT.jar:0.6.0-SNAPSHOT]
	at java.util.concurrent.ThreadPoolExecutor.runWorker(ThreadPoolExecutor.java:1149) [?:1.8.0_232]
	at java.util.concurrent.ThreadPoolExecutor$Worker.run(ThreadPoolExecutor.java:624) [?:1.8.0_232]
	at java.lang.Thread.run(Thread.java:748) [?:1.8.0_232]
2020-10-09 16:27:31,005 [grpc-default-executor-0] ERROR storage.BlockOutputStream (BlockOutputStream.java:lambda$writeChunkToContainer$3(685)) - writing chunk failed 105005766135709700_chunk_2 blockID conID: 2 locID: 105005766135709700 bcsId: 0 with exception org.apache.ratis.protocol.exceptions.StateMachineException: org.apache.hadoop.hdds.scm.container.common.helpers.ContainerNotOpenException from Server e27ecad8-c8c3-4bdb-8e56-23cf5ec81ff3@group-20664874FE6E: Container 2 in CLOSED state
16:27:31.027 [grpc-default-executor-3] ERROR DNAudit - user=null | ip=null | op=WRITE_CHUNK {blockData=conID: 2 locID: 105005766135709700 bcsId: 0} | ret=FAILURE
org.apache.hadoop.hdds.scm.container.common.helpers.ContainerNotOpenException: Container 2 in CLOSED state
	at org.apache.hadoop.ozone.container.common.impl.HddsDispatcher.validateContainerCommand(HddsDispatcher.java:484) ~[hadoop-hdds-container-service-1.1.0-SNAPSHOT.jar:?]
	at org.apache.hadoop.ozone.container.common.transport.server.ratis.ContainerStateMachine.startTransaction(ContainerStateMachine.java:319) ~[hadoop-hdds-container-service-1.1.0-SNAPSHOT.jar:?]
	at org.apache.ratis.server.impl.RaftServerImpl.submitClientRequestAsync(RaftServerImpl.java:684) ~[ratis-server-1.1.0-11689cd-SNAPSHOT.jar:1.1.0-11689cd-SNAPSHOT]
	at org.apache.ratis.server.impl.RaftServerProxy.lambda$submitClientRequestAsync$7(RaftServerProxy.java:341) ~[ratis-server-1.1.0-11689cd-SNAPSHOT.jar:1.1.0-11689cd-SNAPSHOT]
	at org.apache.ratis.server.impl.RaftServerProxy.lambda$null$5(RaftServerProxy.java:336) ~[ratis-server-1.1.0-11689cd-SNAPSHOT.jar:1.1.0-11689cd-SNAPSHOT]
	at org.apache.ratis.util.JavaUtils.callAsUnchecked(JavaUtils.java:109) ~[ratis-common-1.1.0-11689cd-SNAPSHOT.jar:1.1.0-11689cd-SNAPSHOT]
	at org.apache.ratis.server.impl.RaftServerProxy.lambda$submitRequest$6(RaftServerProxy.java:336) ~[ratis-server-1.1.0-11689cd-SNAPSHOT.jar:1.1.0-11689cd-SNAPSHOT]
	at java.util.concurrent.CompletableFuture.uniComposeStage(CompletableFuture.java:995) ~[?:1.8.0_232]
	at java.util.concurrent.CompletableFuture.thenCompose(CompletableFuture.java:2137) ~[?:1.8.0_232]
	at org.apache.ratis.server.impl.RaftServerProxy.submitRequest(RaftServerProxy.java:335) ~[ratis-server-1.1.0-11689cd-SNAPSHOT.jar:1.1.0-11689cd-SNAPSHOT]
	at org.apache.ratis.server.impl.RaftServerProxy.submitClientRequestAsync(RaftServerProxy.java:341) ~[ratis-server-1.1.0-11689cd-SNAPSHOT.jar:1.1.0-11689cd-SNAPSHOT]
	at org.apache.ratis.grpc.client.GrpcClientProtocolService$RequestStreamObserver.processClientRequest(GrpcClientProtocolService.java:228) ~[ratis-grpc-1.1.0-11689cd-SNAPSHOT.jar:1.1.0-11689cd-SNAPSHOT]
	at org.apache.ratis.grpc.client.GrpcClientProtocolService$OrderedRequestStreamObserver.processClientRequest(GrpcClientProtocolService.java:334) ~[ratis-grpc-1.1.0-11689cd-SNAPSHOT.jar:1.1.0-11689cd-SNAPSHOT]
	at org.apache.ratis.util.SlidingWindow$Server.processRequestsFromHead(SlidingWindow.java:429) [ratis-common-1.1.0-11689cd-SNAPSHOT.jar:1.1.0-11689cd-SNAPSHOT]
	at org.apache.ratis.util.SlidingWindow$Server.receivedRequest(SlidingWindow.java:421) [ratis-common-1.1.0-11689cd-SNAPSHOT.jar:1.1.0-11689cd-SNAPSHOT]
	at org.apache.ratis.grpc.client.GrpcClientProtocolService$OrderedRequestStreamObserver.processClientRequest(GrpcClientProtocolService.java:358) [ratis-grpc-1.1.0-11689cd-SNAPSHOT.jar:1.1.0-11689cd-SNAPSHOT]
	at org.apache.ratis.grpc.client.GrpcClientProtocolService$RequestStreamObserver.onNext(GrpcClientProtocolService.java:248) [ratis-grpc-1.1.0-11689cd-SNAPSHOT.jar:1.1.0-11689cd-SNAPSHOT]
	at org.apache.ratis.grpc.client.GrpcClientProtocolService$RequestStreamObserver.onNext(GrpcClientProtocolService.java:171) [ratis-grpc-1.1.0-11689cd-SNAPSHOT.jar:1.1.0-11689cd-SNAPSHOT]
	at org.apache.ratis.thirdparty.io.grpc.stub.ServerCalls$StreamingServerCallHandler$StreamingServerCallListener.onMessage(ServerCalls.java:251) [ratis-thirdparty-misc-0.6.0-SNAPSHOT.jar:0.6.0-SNAPSHOT]
	at org.apache.ratis.thirdparty.io.grpc.ForwardingServerCallListener.onMessage(ForwardingServerCallListener.java:33) [ratis-thirdparty-misc-0.6.0-SNAPSHOT.jar:0.6.0-SNAPSHOT]
	at org.apache.ratis.thirdparty.io.grpc.internal.ServerCallImpl$ServerStreamListenerImpl.messagesAvailableInternal(ServerCallImpl.java:309) [ratis-thirdparty-misc-0.6.0-SNAPSHOT.jar:0.6.0-SNAPSHOT]
	at org.apache.ratis.thirdparty.io.grpc.internal.ServerCallImpl$ServerStreamListenerImpl.messagesAvailable(ServerCallImpl.java:292) [ratis-thirdparty-misc-0.6.0-SNAPSHOT.jar:0.6.0-SNAPSHOT]
	at org.apache.ratis.thirdparty.io.grpc.internal.ServerImpl$JumpToApplicationThreadServerStreamListener$1MessagesAvailable.runInContext(ServerImpl.java:783) [ratis-thirdparty-misc-0.6.0-SNAPSHOT.jar:0.6.0-SNAPSHOT]
	at org.apache.ratis.thirdparty.io.grpc.internal.ContextRunnable.run(ContextRunnable.java:37) [ratis-thirdparty-misc-0.6.0-SNAPSHOT.jar:0.6.0-SNAPSHOT]
	at org.apache.ratis.thirdparty.io.grpc.internal.SerializingExecutor.run(SerializingExecutor.java:123) [ratis-thirdparty-misc-0.6.0-SNAPSHOT.jar:0.6.0-SNAPSHOT]
	at java.util.concurrent.ThreadPoolExecutor.runWorker(ThreadPoolExecutor.java:1149) [?:1.8.0_232]
	at java.util.concurrent.ThreadPoolExecutor$Worker.run(ThreadPoolExecutor.java:624) [?:1.8.0_232]
	at java.lang.Thread.run(Thread.java:748) [?:1.8.0_232]
16:27:31.030 [grpc-default-executor-3] ERROR DNAudit - user=null | ip=null | op=WRITE_CHUNK {blockData=conID: 2 locID: 105005766135709700 bcsId: 0} | ret=FAILURE
org.apache.hadoop.hdds.scm.container.common.helpers.ContainerNotOpenException: Container 2 in CLOSED state
	at org.apache.hadoop.ozone.container.common.impl.HddsDispatcher.validateContainerCommand(HddsDispatcher.java:484) ~[hadoop-hdds-container-service-1.1.0-SNAPSHOT.jar:?]
	at org.apache.hadoop.ozone.container.common.transport.server.ratis.ContainerStateMachine.startTransaction(ContainerStateMachine.java:319) ~[hadoop-hdds-container-service-1.1.0-SNAPSHOT.jar:?]
	at org.apache.ratis.server.impl.RaftServerImpl.submitClientRequestAsync(RaftServerImpl.java:684) ~[ratis-server-1.1.0-11689cd-SNAPSHOT.jar:1.1.0-11689cd-SNAPSHOT]
	at org.apache.ratis.server.impl.RaftServerProxy.lambda$submitClientRequestAsync$7(RaftServerProxy.java:341) ~[ratis-server-1.1.0-11689cd-SNAPSHOT.jar:1.1.0-11689cd-SNAPSHOT]
	at org.apache.ratis.server.impl.RaftServerProxy.lambda$null$5(RaftServerProxy.java:336) ~[ratis-server-1.1.0-11689cd-SNAPSHOT.jar:1.1.0-11689cd-SNAPSHOT]
	at org.apache.ratis.util.JavaUtils.callAsUnchecked(JavaUtils.java:109) ~[ratis-common-1.1.0-11689cd-SNAPSHOT.jar:1.1.0-11689cd-SNAPSHOT]
	at org.apache.ratis.server.impl.RaftServerProxy.lambda$submitRequest$6(RaftServerProxy.java:336) ~[ratis-server-1.1.0-11689cd-SNAPSHOT.jar:1.1.0-11689cd-SNAPSHOT]
	at java.util.concurrent.CompletableFuture.uniComposeStage(CompletableFuture.java:995) ~[?:1.8.0_232]
	at java.util.concurrent.CompletableFuture.thenCompose(CompletableFuture.java:2137) ~[?:1.8.0_232]
	at org.apache.ratis.server.impl.RaftServerProxy.submitRequest(RaftServerProxy.java:335) ~[ratis-server-1.1.0-11689cd-SNAPSHOT.jar:1.1.0-11689cd-SNAPSHOT]
	at org.apache.ratis.server.impl.RaftServerProxy.submitClientRequestAsync(RaftServerProxy.java:341) ~[ratis-server-1.1.0-11689cd-SNAPSHOT.jar:1.1.0-11689cd-SNAPSHOT]
	at org.apache.ratis.grpc.client.GrpcClientProtocolService$RequestStreamObserver.processClientRequest(GrpcClientProtocolService.java:228) ~[ratis-grpc-1.1.0-11689cd-SNAPSHOT.jar:1.1.0-11689cd-SNAPSHOT]
	at org.apache.ratis.grpc.client.GrpcClientProtocolService$OrderedRequestStreamObserver.processClientRequest(GrpcClientProtocolService.java:334) ~[ratis-grpc-1.1.0-11689cd-SNAPSHOT.jar:1.1.0-11689cd-SNAPSHOT]
	at org.apache.ratis.util.SlidingWindow$Server.processRequestsFromHead(SlidingWindow.java:429) [ratis-common-1.1.0-11689cd-SNAPSHOT.jar:1.1.0-11689cd-SNAPSHOT]
	at org.apache.ratis.util.SlidingWindow$Server.receivedRequest(SlidingWindow.java:421) [ratis-common-1.1.0-11689cd-SNAPSHOT.jar:1.1.0-11689cd-SNAPSHOT]
	at org.apache.ratis.grpc.client.GrpcClientProtocolService$OrderedRequestStreamObserver.processClientRequest(GrpcClientProtocolService.java:358) [ratis-grpc-1.1.0-11689cd-SNAPSHOT.jar:1.1.0-11689cd-SNAPSHOT]
	at org.apache.ratis.grpc.client.GrpcClientProtocolService$RequestStreamObserver.onNext(GrpcClientProtocolService.java:248) [ratis-grpc-1.1.0-11689cd-SNAPSHOT.jar:1.1.0-11689cd-SNAPSHOT]
	at org.apache.ratis.grpc.client.GrpcClientProtocolService$RequestStreamObserver.onNext(GrpcClientProtocolService.java:171) [ratis-grpc-1.1.0-11689cd-SNAPSHOT.jar:1.1.0-11689cd-SNAPSHOT]
	at org.apache.ratis.thirdparty.io.grpc.stub.ServerCalls$StreamingServerCallHandler$StreamingServerCallListener.onMessage(ServerCalls.java:251) [ratis-thirdparty-misc-0.6.0-SNAPSHOT.jar:0.6.0-SNAPSHOT]
	at org.apache.ratis.thirdparty.io.grpc.ForwardingServerCallListener.onMessage(ForwardingServerCallListener.java:33) [ratis-thirdparty-misc-0.6.0-SNAPSHOT.jar:0.6.0-SNAPSHOT]
	at org.apache.ratis.thirdparty.io.grpc.internal.ServerCallImpl$ServerStreamListenerImpl.messagesAvailableInternal(ServerCallImpl.java:309) [ratis-thirdparty-misc-0.6.0-SNAPSHOT.jar:0.6.0-SNAPSHOT]
	at org.apache.ratis.thirdparty.io.grpc.internal.ServerCallImpl$ServerStreamListenerImpl.messagesAvailable(ServerCallImpl.java:292) [ratis-thirdparty-misc-0.6.0-SNAPSHOT.jar:0.6.0-SNAPSHOT]
	at org.apache.ratis.thirdparty.io.grpc.internal.ServerImpl$JumpToApplicationThreadServerStreamListener$1MessagesAvailable.runInContext(ServerImpl.java:783) [ratis-thirdparty-misc-0.6.0-SNAPSHOT.jar:0.6.0-SNAPSHOT]
	at org.apache.ratis.thirdparty.io.grpc.internal.ContextRunnable.run(ContextRunnable.java:37) [ratis-thirdparty-misc-0.6.0-SNAPSHOT.jar:0.6.0-SNAPSHOT]
	at org.apache.ratis.thirdparty.io.grpc.internal.SerializingExecutor.run(SerializingExecutor.java:123) [ratis-thirdparty-misc-0.6.0-SNAPSHOT.jar:0.6.0-SNAPSHOT]
	at java.util.concurrent.ThreadPoolExecutor.runWorker(ThreadPoolExecutor.java:1149) [?:1.8.0_232]
	at java.util.concurrent.ThreadPoolExecutor$Worker.run(ThreadPoolExecutor.java:624) [?:1.8.0_232]
	at java.lang.Thread.run(Thread.java:748) [?:1.8.0_232]
2020-10-09 16:27:31,039 [grpc-default-executor-0] ERROR storage.BlockOutputStream (BlockOutputStream.java:lambda$writeChunkToContainer$3(685)) - writing chunk failed 105005766135709700_chunk_3 blockID conID: 2 locID: 105005766135709700 bcsId: 0 with exception org.apache.ratis.protocol.exceptions.StateMachineException: org.apache.hadoop.hdds.scm.container.common.helpers.ContainerNotOpenException from Server e27ecad8-c8c3-4bdb-8e56-23cf5ec81ff3@group-20664874FE6E: Container 2 in CLOSED state
16:27:31.041 [grpc-default-executor-3] ERROR DNAudit - user=null | ip=null | op=PUT_BLOCK {blockData=[blockId=conID: 2 locID: 105005766135709700 bcsId: 0,size=400]} | ret=FAILURE
org.apache.hadoop.hdds.scm.container.common.helpers.ContainerNotOpenException: Container 2 in CLOSED state
	at org.apache.hadoop.ozone.container.common.impl.HddsDispatcher.validateContainerCommand(HddsDispatcher.java:484) ~[hadoop-hdds-container-service-1.1.0-SNAPSHOT.jar:?]
	at org.apache.hadoop.ozone.container.common.transport.server.ratis.ContainerStateMachine.startTransaction(ContainerStateMachine.java:319) ~[hadoop-hdds-container-service-1.1.0-SNAPSHOT.jar:?]
	at org.apache.ratis.server.impl.RaftServerImpl.submitClientRequestAsync(RaftServerImpl.java:684) ~[ratis-server-1.1.0-11689cd-SNAPSHOT.jar:1.1.0-11689cd-SNAPSHOT]
	at org.apache.ratis.server.impl.RaftServerProxy.lambda$submitClientRequestAsync$7(RaftServerProxy.java:341) ~[ratis-server-1.1.0-11689cd-SNAPSHOT.jar:1.1.0-11689cd-SNAPSHOT]
	at org.apache.ratis.server.impl.RaftServerProxy.lambda$null$5(RaftServerProxy.java:336) ~[ratis-server-1.1.0-11689cd-SNAPSHOT.jar:1.1.0-11689cd-SNAPSHOT]
	at org.apache.ratis.util.JavaUtils.callAsUnchecked(JavaUtils.java:109) ~[ratis-common-1.1.0-11689cd-SNAPSHOT.jar:1.1.0-11689cd-SNAPSHOT]
	at org.apache.ratis.server.impl.RaftServerProxy.lambda$submitRequest$6(RaftServerProxy.java:336) ~[ratis-server-1.1.0-11689cd-SNAPSHOT.jar:1.1.0-11689cd-SNAPSHOT]
	at java.util.concurrent.CompletableFuture.uniComposeStage(CompletableFuture.java:995) ~[?:1.8.0_232]
	at java.util.concurrent.CompletableFuture.thenCompose(CompletableFuture.java:2137) ~[?:1.8.0_232]
	at org.apache.ratis.server.impl.RaftServerProxy.submitRequest(RaftServerProxy.java:335) ~[ratis-server-1.1.0-11689cd-SNAPSHOT.jar:1.1.0-11689cd-SNAPSHOT]
	at org.apache.ratis.server.impl.RaftServerProxy.submitClientRequestAsync(RaftServerProxy.java:341) ~[ratis-server-1.1.0-11689cd-SNAPSHOT.jar:1.1.0-11689cd-SNAPSHOT]
	at org.apache.ratis.grpc.client.GrpcClientProtocolService$RequestStreamObserver.processClientRequest(GrpcClientProtocolService.java:228) ~[ratis-grpc-1.1.0-11689cd-SNAPSHOT.jar:1.1.0-11689cd-SNAPSHOT]
	at org.apache.ratis.grpc.client.GrpcClientProtocolService$OrderedRequestStreamObserver.processClientRequest(GrpcClientProtocolService.java:334) ~[ratis-grpc-1.1.0-11689cd-SNAPSHOT.jar:1.1.0-11689cd-SNAPSHOT]
	at org.apache.ratis.util.SlidingWindow$Server.processRequestsFromHead(SlidingWindow.java:429) [ratis-common-1.1.0-11689cd-SNAPSHOT.jar:1.1.0-11689cd-SNAPSHOT]
	at org.apache.ratis.util.SlidingWindow$Server.receivedRequest(SlidingWindow.java:421) [ratis-common-1.1.0-11689cd-SNAPSHOT.jar:1.1.0-11689cd-SNAPSHOT]
	at org.apache.ratis.grpc.client.GrpcClientProtocolService$OrderedRequestStreamObserver.processClientRequest(GrpcClientProtocolService.java:358) [ratis-grpc-1.1.0-11689cd-SNAPSHOT.jar:1.1.0-11689cd-SNAPSHOT]
	at org.apache.ratis.grpc.client.GrpcClientProtocolService$RequestStreamObserver.onNext(GrpcClientProtocolService.java:248) [ratis-grpc-1.1.0-11689cd-SNAPSHOT.jar:1.1.0-11689cd-SNAPSHOT]
	at org.apache.ratis.grpc.client.GrpcClientProtocolService$RequestStreamObserver.onNext(GrpcClientProtocolService.java:171) [ratis-grpc-1.1.0-11689cd-SNAPSHOT.jar:1.1.0-11689cd-SNAPSHOT]
	at org.apache.ratis.thirdparty.io.grpc.stub.ServerCalls$StreamingServerCallHandler$StreamingServerCallListener.onMessage(ServerCalls.java:251) [ratis-thirdparty-misc-0.6.0-SNAPSHOT.jar:0.6.0-SNAPSHOT]
	at org.apache.ratis.thirdparty.io.grpc.ForwardingServerCallListener.onMessage(ForwardingServerCallListener.java:33) [ratis-thirdparty-misc-0.6.0-SNAPSHOT.jar:0.6.0-SNAPSHOT]
	at org.apache.ratis.thirdparty.io.grpc.internal.ServerCallImpl$ServerStreamListenerImpl.messagesAvailableInternal(ServerCallImpl.java:309) [ratis-thirdparty-misc-0.6.0-SNAPSHOT.jar:0.6.0-SNAPSHOT]
	at org.apache.ratis.thirdparty.io.grpc.internal.ServerCallImpl$ServerStreamListenerImpl.messagesAvailable(ServerCallImpl.java:292) [ratis-thirdparty-misc-0.6.0-SNAPSHOT.jar:0.6.0-SNAPSHOT]
	at org.apache.ratis.thirdparty.io.grpc.internal.ServerImpl$JumpToApplicationThreadServerStreamListener$1MessagesAvailable.runInContext(ServerImpl.java:783) [ratis-thirdparty-misc-0.6.0-SNAPSHOT.jar:0.6.0-SNAPSHOT]
	at org.apache.ratis.thirdparty.io.grpc.internal.ContextRunnable.run(ContextRunnable.java:37) [ratis-thirdparty-misc-0.6.0-SNAPSHOT.jar:0.6.0-SNAPSHOT]
	at org.apache.ratis.thirdparty.io.grpc.internal.SerializingExecutor.run(SerializingExecutor.java:123) [ratis-thirdparty-misc-0.6.0-SNAPSHOT.jar:0.6.0-SNAPSHOT]
	at java.util.concurrent.ThreadPoolExecutor.runWorker(ThreadPoolExecutor.java:1149) [?:1.8.0_232]
	at java.util.concurrent.ThreadPoolExecutor$Worker.run(ThreadPoolExecutor.java:624) [?:1.8.0_232]
	at java.lang.Thread.run(Thread.java:748) [?:1.8.0_232]
2020-10-09 16:27:31,042 [grpc-default-executor-0] ERROR storage.BlockOutputStream (BlockOutputStream.java:lambda$writeChunkToContainer$3(685)) - writing chunk failed 105005766135709700_chunk_4 blockID conID: 2 locID: 105005766135709700 bcsId: 0 with exception org.apache.ratis.protocol.exceptions.StateMachineException: org.apache.hadoop.hdds.scm.container.common.helpers.ContainerNotOpenException from Server e27ecad8-c8c3-4bdb-8e56-23cf5ec81ff3@group-20664874FE6E: Container 2 in CLOSED state
2020-10-09 16:27:31,055 [Listener at 127.0.0.1/39485] INFO  metrics.RatisMetrics (RatisMetrics.java:lambda$create$0(36)) - Creating Metrics Registry : ratis.client_message_metrics.client-CFDDE4A99AEF->42f7c000-5a7c-41d7-b460-f0da582d6e91
16:27:31.077 [grpc-default-executor-3] ERROR DNAudit - user=null | ip=null | op=WRITE_CHUNK {blockData=conID: 3 locID: 105005766135775238 bcsId: 0} | ret=FAILURE
org.apache.hadoop.hdds.scm.container.common.helpers.ContainerNotOpenException: Container 3 in CLOSED state
	at org.apache.hadoop.ozone.container.common.impl.HddsDispatcher.validateContainerCommand(HddsDispatcher.java:484) ~[hadoop-hdds-container-service-1.1.0-SNAPSHOT.jar:?]
	at org.apache.hadoop.ozone.container.common.transport.server.ratis.ContainerStateMachine.startTransaction(ContainerStateMachine.java:319) ~[hadoop-hdds-container-service-1.1.0-SNAPSHOT.jar:?]
	at org.apache.ratis.server.impl.RaftServerImpl.submitClientRequestAsync(RaftServerImpl.java:684) ~[ratis-server-1.1.0-11689cd-SNAPSHOT.jar:1.1.0-11689cd-SNAPSHOT]
	at org.apache.ratis.server.impl.RaftServerProxy.lambda$submitClientRequestAsync$7(RaftServerProxy.java:341) ~[ratis-server-1.1.0-11689cd-SNAPSHOT.jar:1.1.0-11689cd-SNAPSHOT]
	at org.apache.ratis.server.impl.RaftServerProxy.lambda$null$5(RaftServerProxy.java:336) ~[ratis-server-1.1.0-11689cd-SNAPSHOT.jar:1.1.0-11689cd-SNAPSHOT]
	at org.apache.ratis.util.JavaUtils.callAsUnchecked(JavaUtils.java:109) ~[ratis-common-1.1.0-11689cd-SNAPSHOT.jar:1.1.0-11689cd-SNAPSHOT]
	at org.apache.ratis.server.impl.RaftServerProxy.lambda$submitRequest$6(RaftServerProxy.java:336) ~[ratis-server-1.1.0-11689cd-SNAPSHOT.jar:1.1.0-11689cd-SNAPSHOT]
	at java.util.concurrent.CompletableFuture.uniComposeStage(CompletableFuture.java:995) ~[?:1.8.0_232]
	at java.util.concurrent.CompletableFuture.thenCompose(CompletableFuture.java:2137) ~[?:1.8.0_232]
	at org.apache.ratis.server.impl.RaftServerProxy.submitRequest(RaftServerProxy.java:335) ~[ratis-server-1.1.0-11689cd-SNAPSHOT.jar:1.1.0-11689cd-SNAPSHOT]
	at org.apache.ratis.server.impl.RaftServerProxy.submitClientRequestAsync(RaftServerProxy.java:341) ~[ratis-server-1.1.0-11689cd-SNAPSHOT.jar:1.1.0-11689cd-SNAPSHOT]
	at org.apache.ratis.grpc.client.GrpcClientProtocolService$RequestStreamObserver.processClientRequest(GrpcClientProtocolService.java:228) ~[ratis-grpc-1.1.0-11689cd-SNAPSHOT.jar:1.1.0-11689cd-SNAPSHOT]
	at org.apache.ratis.grpc.client.GrpcClientProtocolService$OrderedRequestStreamObserver.processClientRequest(GrpcClientProtocolService.java:334) ~[ratis-grpc-1.1.0-11689cd-SNAPSHOT.jar:1.1.0-11689cd-SNAPSHOT]
	at org.apache.ratis.util.SlidingWindow$Server.processRequestsFromHead(SlidingWindow.java:429) [ratis-common-1.1.0-11689cd-SNAPSHOT.jar:1.1.0-11689cd-SNAPSHOT]
	at org.apache.ratis.util.SlidingWindow$Server.receivedRequest(SlidingWindow.java:421) [ratis-common-1.1.0-11689cd-SNAPSHOT.jar:1.1.0-11689cd-SNAPSHOT]
	at org.apache.ratis.grpc.client.GrpcClientProtocolService$OrderedRequestStreamObserver.processClientRequest(GrpcClientProtocolService.java:358) [ratis-grpc-1.1.0-11689cd-SNAPSHOT.jar:1.1.0-11689cd-SNAPSHOT]
	at org.apache.ratis.grpc.client.GrpcClientProtocolService$RequestStreamObserver.onNext(GrpcClientProtocolService.java:248) [ratis-grpc-1.1.0-11689cd-SNAPSHOT.jar:1.1.0-11689cd-SNAPSHOT]
	at org.apache.ratis.grpc.client.GrpcClientProtocolService$RequestStreamObserver.onNext(GrpcClientProtocolService.java:171) [ratis-grpc-1.1.0-11689cd-SNAPSHOT.jar:1.1.0-11689cd-SNAPSHOT]
	at org.apache.ratis.thirdparty.io.grpc.stub.ServerCalls$StreamingServerCallHandler$StreamingServerCallListener.onMessage(ServerCalls.java:251) [ratis-thirdparty-misc-0.6.0-SNAPSHOT.jar:0.6.0-SNAPSHOT]
	at org.apache.ratis.thirdparty.io.grpc.ForwardingServerCallListener.onMessage(ForwardingServerCallListener.java:33) [ratis-thirdparty-misc-0.6.0-SNAPSHOT.jar:0.6.0-SNAPSHOT]
	at org.apache.ratis.thirdparty.io.grpc.internal.ServerCallImpl$ServerStreamListenerImpl.messagesAvailableInternal(ServerCallImpl.java:309) [ratis-thirdparty-misc-0.6.0-SNAPSHOT.jar:0.6.0-SNAPSHOT]
	at org.apache.ratis.thirdparty.io.grpc.internal.ServerCallImpl$ServerStreamListenerImpl.messagesAvailable(ServerCallImpl.java:292) [ratis-thirdparty-misc-0.6.0-SNAPSHOT.jar:0.6.0-SNAPSHOT]
	at org.apache.ratis.thirdparty.io.grpc.internal.ServerImpl$JumpToApplicationThreadServerStreamListener$1MessagesAvailable.runInContext(ServerImpl.java:783) [ratis-thirdparty-misc-0.6.0-SNAPSHOT.jar:0.6.0-SNAPSHOT]
	at org.apache.ratis.thirdparty.io.grpc.internal.ContextRunnable.run(ContextRunnable.java:37) [ratis-thirdparty-misc-0.6.0-SNAPSHOT.jar:0.6.0-SNAPSHOT]
	at org.apache.ratis.thirdparty.io.grpc.internal.SerializingExecutor.run(SerializingExecutor.java:123) [ratis-thirdparty-misc-0.6.0-SNAPSHOT.jar:0.6.0-SNAPSHOT]
	at java.util.concurrent.ThreadPoolExecutor.runWorker(ThreadPoolExecutor.java:1149) [?:1.8.0_232]
	at java.util.concurrent.ThreadPoolExecutor$Worker.run(ThreadPoolExecutor.java:624) [?:1.8.0_232]
	at java.lang.Thread.run(Thread.java:748) [?:1.8.0_232]
16:27:31.078 [grpc-default-executor-3] ERROR DNAudit - user=null | ip=null | op=WRITE_CHUNK {blockData=conID: 3 locID: 105005766135775238 bcsId: 0} | ret=FAILURE
org.apache.hadoop.hdds.scm.container.common.helpers.ContainerNotOpenException: Container 3 in CLOSED state
	at org.apache.hadoop.ozone.container.common.impl.HddsDispatcher.validateContainerCommand(HddsDispatcher.java:484) ~[hadoop-hdds-container-service-1.1.0-SNAPSHOT.jar:?]
	at org.apache.hadoop.ozone.container.common.transport.server.ratis.ContainerStateMachine.startTransaction(ContainerStateMachine.java:319) ~[hadoop-hdds-container-service-1.1.0-SNAPSHOT.jar:?]
	at org.apache.ratis.server.impl.RaftServerImpl.submitClientRequestAsync(RaftServerImpl.java:684) ~[ratis-server-1.1.0-11689cd-SNAPSHOT.jar:1.1.0-11689cd-SNAPSHOT]
	at org.apache.ratis.server.impl.RaftServerProxy.lambda$submitClientRequestAsync$7(RaftServerProxy.java:341) ~[ratis-server-1.1.0-11689cd-SNAPSHOT.jar:1.1.0-11689cd-SNAPSHOT]
	at org.apache.ratis.server.impl.RaftServerProxy.lambda$null$5(RaftServerProxy.java:336) ~[ratis-server-1.1.0-11689cd-SNAPSHOT.jar:1.1.0-11689cd-SNAPSHOT]
	at org.apache.ratis.util.JavaUtils.callAsUnchecked(JavaUtils.java:109) ~[ratis-common-1.1.0-11689cd-SNAPSHOT.jar:1.1.0-11689cd-SNAPSHOT]
	at org.apache.ratis.server.impl.RaftServerProxy.lambda$submitRequest$6(RaftServerProxy.java:336) ~[ratis-server-1.1.0-11689cd-SNAPSHOT.jar:1.1.0-11689cd-SNAPSHOT]
	at java.util.concurrent.CompletableFuture.uniComposeStage(CompletableFuture.java:995) ~[?:1.8.0_232]
	at java.util.concurrent.CompletableFuture.thenCompose(CompletableFuture.java:2137) ~[?:1.8.0_232]
	at org.apache.ratis.server.impl.RaftServerProxy.submitRequest(RaftServerProxy.java:335) ~[ratis-server-1.1.0-11689cd-SNAPSHOT.jar:1.1.0-11689cd-SNAPSHOT]
	at org.apache.ratis.server.impl.RaftServerProxy.submitClientRequestAsync(RaftServerProxy.java:341) ~[ratis-server-1.1.0-11689cd-SNAPSHOT.jar:1.1.0-11689cd-SNAPSHOT]
	at org.apache.ratis.grpc.client.GrpcClientProtocolService$RequestStreamObserver.processClientRequest(GrpcClientProtocolService.java:228) ~[ratis-grpc-1.1.0-11689cd-SNAPSHOT.jar:1.1.0-11689cd-SNAPSHOT]
	at org.apache.ratis.grpc.client.GrpcClientProtocolService$OrderedRequestStreamObserver.processClientRequest(GrpcClientProtocolService.java:334) ~[ratis-grpc-1.1.0-11689cd-SNAPSHOT.jar:1.1.0-11689cd-SNAPSHOT]
	at org.apache.ratis.util.SlidingWindow$Server.processRequestsFromHead(SlidingWindow.java:429) [ratis-common-1.1.0-11689cd-SNAPSHOT.jar:1.1.0-11689cd-SNAPSHOT]
	at org.apache.ratis.util.SlidingWindow$Server.receivedRequest(SlidingWindow.java:421) [ratis-common-1.1.0-11689cd-SNAPSHOT.jar:1.1.0-11689cd-SNAPSHOT]
	at org.apache.ratis.grpc.client.GrpcClientProtocolService$OrderedRequestStreamObserver.processClientRequest(GrpcClientProtocolService.java:358) [ratis-grpc-1.1.0-11689cd-SNAPSHOT.jar:1.1.0-11689cd-SNAPSHOT]
	at org.apache.ratis.grpc.client.GrpcClientProtocolService$RequestStreamObserver.onNext(GrpcClientProtocolService.java:248) [ratis-grpc-1.1.0-11689cd-SNAPSHOT.jar:1.1.0-11689cd-SNAPSHOT]
	at org.apache.ratis.grpc.client.GrpcClientProtocolService$RequestStreamObserver.onNext(GrpcClientProtocolService.java:171) [ratis-grpc-1.1.0-11689cd-SNAPSHOT.jar:1.1.0-11689cd-SNAPSHOT]
	at org.apache.ratis.thirdparty.io.grpc.stub.ServerCalls$StreamingServerCallHandler$StreamingServerCallListener.onMessage(ServerCalls.java:251) [ratis-thirdparty-misc-0.6.0-SNAPSHOT.jar:0.6.0-SNAPSHOT]
	at org.apache.ratis.thirdparty.io.grpc.ForwardingServerCallListener.onMessage(ForwardingServerCallListener.java:33) [ratis-thirdparty-misc-0.6.0-SNAPSHOT.jar:0.6.0-SNAPSHOT]
	at org.apache.ratis.thirdparty.io.grpc.internal.ServerCallImpl$ServerStreamListenerImpl.messagesAvailableInternal(ServerCallImpl.java:309) [ratis-thirdparty-misc-0.6.0-SNAPSHOT.jar:0.6.0-SNAPSHOT]
	at org.apache.ratis.thirdparty.io.grpc.internal.ServerCallImpl$ServerStreamListenerImpl.messagesAvailable(ServerCallImpl.java:292) [ratis-thirdparty-misc-0.6.0-SNAPSHOT.jar:0.6.0-SNAPSHOT]
	at org.apache.ratis.thirdparty.io.grpc.internal.ServerImpl$JumpToApplicationThreadServerStreamListener$1MessagesAvailable.runInContext(ServerImpl.java:783) [ratis-thirdparty-misc-0.6.0-SNAPSHOT.jar:0.6.0-SNAPSHOT]
	at org.apache.ratis.thirdparty.io.grpc.internal.ContextRunnable.run(ContextRunnable.java:37) [ratis-thirdparty-misc-0.6.0-SNAPSHOT.jar:0.6.0-SNAPSHOT]
	at org.apache.ratis.thirdparty.io.grpc.internal.SerializingExecutor.run(SerializingExecutor.java:123) [ratis-thirdparty-misc-0.6.0-SNAPSHOT.jar:0.6.0-SNAPSHOT]
	at java.util.concurrent.ThreadPoolExecutor.runWorker(ThreadPoolExecutor.java:1149) [?:1.8.0_232]
	at java.util.concurrent.ThreadPoolExecutor$Worker.run(ThreadPoolExecutor.java:624) [?:1.8.0_232]
	at java.lang.Thread.run(Thread.java:748) [?:1.8.0_232]
16:27:31.080 [grpc-default-executor-3] ERROR DNAudit - user=null | ip=null | op=PUT_BLOCK {blockData=[blockId=conID: 3 locID: 105005766135775238 bcsId: 0,size=200]} | ret=FAILURE
org.apache.hadoop.hdds.scm.container.common.helpers.ContainerNotOpenException: Container 3 in CLOSED state
	at org.apache.hadoop.ozone.container.common.impl.HddsDispatcher.validateContainerCommand(HddsDispatcher.java:484) ~[hadoop-hdds-container-service-1.1.0-SNAPSHOT.jar:?]
	at org.apache.hadoop.ozone.container.common.transport.server.ratis.ContainerStateMachine.startTransaction(ContainerStateMachine.java:319) ~[hadoop-hdds-container-service-1.1.0-SNAPSHOT.jar:?]
	at org.apache.ratis.server.impl.RaftServerImpl.submitClientRequestAsync(RaftServerImpl.java:684) ~[ratis-server-1.1.0-11689cd-SNAPSHOT.jar:1.1.0-11689cd-SNAPSHOT]
	at org.apache.ratis.server.impl.RaftServerProxy.lambda$submitClientRequestAsync$7(RaftServerProxy.java:341) ~[ratis-server-1.1.0-11689cd-SNAPSHOT.jar:1.1.0-11689cd-SNAPSHOT]
	at org.apache.ratis.server.impl.RaftServerProxy.lambda$null$5(RaftServerProxy.java:336) ~[ratis-server-1.1.0-11689cd-SNAPSHOT.jar:1.1.0-11689cd-SNAPSHOT]
	at org.apache.ratis.util.JavaUtils.callAsUnchecked(JavaUtils.java:109) ~[ratis-common-1.1.0-11689cd-SNAPSHOT.jar:1.1.0-11689cd-SNAPSHOT]
	at org.apache.ratis.server.impl.RaftServerProxy.lambda$submitRequest$6(RaftServerProxy.java:336) ~[ratis-server-1.1.0-11689cd-SNAPSHOT.jar:1.1.0-11689cd-SNAPSHOT]
	at java.util.concurrent.CompletableFuture.uniComposeStage(CompletableFuture.java:995) ~[?:1.8.0_232]
	at java.util.concurrent.CompletableFuture.thenCompose(CompletableFuture.java:2137) ~[?:1.8.0_232]
	at org.apache.ratis.server.impl.RaftServerProxy.submitRequest(RaftServerProxy.java:335) ~[ratis-server-1.1.0-11689cd-SNAPSHOT.jar:1.1.0-11689cd-SNAPSHOT]
	at org.apache.ratis.server.impl.RaftServerProxy.submitClientRequestAsync(RaftServerProxy.java:341) ~[ratis-server-1.1.0-11689cd-SNAPSHOT.jar:1.1.0-11689cd-SNAPSHOT]
	at org.apache.ratis.grpc.client.GrpcClientProtocolService$RequestStreamObserver.processClientRequest(GrpcClientProtocolService.java:228) ~[ratis-grpc-1.1.0-11689cd-SNAPSHOT.jar:1.1.0-11689cd-SNAPSHOT]
	at org.apache.ratis.grpc.client.GrpcClientProtocolService$OrderedRequestStreamObserver.processClientRequest(GrpcClientProtocolService.java:334) ~[ratis-grpc-1.1.0-11689cd-SNAPSHOT.jar:1.1.0-11689cd-SNAPSHOT]
	at org.apache.ratis.util.SlidingWindow$Server.processRequestsFromHead(SlidingWindow.java:429) [ratis-common-1.1.0-11689cd-SNAPSHOT.jar:1.1.0-11689cd-SNAPSHOT]
	at org.apache.ratis.util.SlidingWindow$Server.receivedRequest(SlidingWindow.java:421) [ratis-common-1.1.0-11689cd-SNAPSHOT.jar:1.1.0-11689cd-SNAPSHOT]
	at org.apache.ratis.grpc.client.GrpcClientProtocolService$OrderedRequestStreamObserver.processClientRequest(GrpcClientProtocolService.java:358) [ratis-grpc-1.1.0-11689cd-SNAPSHOT.jar:1.1.0-11689cd-SNAPSHOT]
	at org.apache.ratis.grpc.client.GrpcClientProtocolService$RequestStreamObserver.onNext(GrpcClientProtocolService.java:248) [ratis-grpc-1.1.0-11689cd-SNAPSHOT.jar:1.1.0-11689cd-SNAPSHOT]
	at org.apache.ratis.grpc.client.GrpcClientProtocolService$RequestStreamObserver.onNext(GrpcClientProtocolService.java:171) [ratis-grpc-1.1.0-11689cd-SNAPSHOT.jar:1.1.0-11689cd-SNAPSHOT]
	at org.apache.ratis.thirdparty.io.grpc.stub.ServerCalls$StreamingServerCallHandler$StreamingServerCallListener.onMessage(ServerCalls.java:251) [ratis-thirdparty-misc-0.6.0-SNAPSHOT.jar:0.6.0-SNAPSHOT]
	at org.apache.ratis.thirdparty.io.grpc.ForwardingServerCallListener.onMessage(ForwardingServerCallListener.java:33) [ratis-thirdparty-misc-0.6.0-SNAPSHOT.jar:0.6.0-SNAPSHOT]
	at org.apache.ratis.thirdparty.io.grpc.internal.ServerCallImpl$ServerStreamListenerImpl.messagesAvailableInternal(ServerCallImpl.java:309) [ratis-thirdparty-misc-0.6.0-SNAPSHOT.jar:0.6.0-SNAPSHOT]
	at org.apache.ratis.thirdparty.io.grpc.internal.ServerCallImpl$ServerStreamListenerImpl.messagesAvailable(ServerCallImpl.java:292) [ratis-thirdparty-misc-0.6.0-SNAPSHOT.jar:0.6.0-SNAPSHOT]
	at org.apache.ratis.thirdparty.io.grpc.internal.ServerImpl$JumpToApplicationThreadServerStreamListener$1MessagesAvailable.runInContext(ServerImpl.java:783) [ratis-thirdparty-misc-0.6.0-SNAPSHOT.jar:0.6.0-SNAPSHOT]
	at org.apache.ratis.thirdparty.io.grpc.internal.ContextRunnable.run(ContextRunnable.java:37) [ratis-thirdparty-misc-0.6.0-SNAPSHOT.jar:0.6.0-SNAPSHOT]
	at org.apache.ratis.thirdparty.io.grpc.internal.SerializingExecutor.run(SerializingExecutor.java:123) [ratis-thirdparty-misc-0.6.0-SNAPSHOT.jar:0.6.0-SNAPSHOT]
	at java.util.concurrent.ThreadPoolExecutor.runWorker(ThreadPoolExecutor.java:1149) [?:1.8.0_232]
	at java.util.concurrent.ThreadPoolExecutor$Worker.run(ThreadPoolExecutor.java:624) [?:1.8.0_232]
	at java.lang.Thread.run(Thread.java:748) [?:1.8.0_232]
16:27:31.081 [grpc-default-executor-3] ERROR DNAudit - user=null | ip=null | op=WRITE_CHUNK {blockData=conID: 3 locID: 105005766135775238 bcsId: 0} | ret=FAILURE
org.apache.hadoop.hdds.scm.container.common.helpers.ContainerNotOpenException: Container 3 in CLOSED state
	at org.apache.hadoop.ozone.container.common.impl.HddsDispatcher.validateContainerCommand(HddsDispatcher.java:484) ~[hadoop-hdds-container-service-1.1.0-SNAPSHOT.jar:?]
	at org.apache.hadoop.ozone.container.common.transport.server.ratis.ContainerStateMachine.startTransaction(ContainerStateMachine.java:319) ~[hadoop-hdds-container-service-1.1.0-SNAPSHOT.jar:?]
	at org.apache.ratis.server.impl.RaftServerImpl.submitClientRequestAsync(RaftServerImpl.java:684) ~[ratis-server-1.1.0-11689cd-SNAPSHOT.jar:1.1.0-11689cd-SNAPSHOT]
	at org.apache.ratis.server.impl.RaftServerProxy.lambda$submitClientRequestAsync$7(RaftServerProxy.java:341) ~[ratis-server-1.1.0-11689cd-SNAPSHOT.jar:1.1.0-11689cd-SNAPSHOT]
	at org.apache.ratis.server.impl.RaftServerProxy.lambda$null$5(RaftServerProxy.java:336) ~[ratis-server-1.1.0-11689cd-SNAPSHOT.jar:1.1.0-11689cd-SNAPSHOT]
	at org.apache.ratis.util.JavaUtils.callAsUnchecked(JavaUtils.java:109) ~[ratis-common-1.1.0-11689cd-SNAPSHOT.jar:1.1.0-11689cd-SNAPSHOT]
	at org.apache.ratis.server.impl.RaftServerProxy.lambda$submitRequest$6(RaftServerProxy.java:336) ~[ratis-server-1.1.0-11689cd-SNAPSHOT.jar:1.1.0-11689cd-SNAPSHOT]
	at java.util.concurrent.CompletableFuture.uniComposeStage(CompletableFuture.java:995) ~[?:1.8.0_232]
	at java.util.concurrent.CompletableFuture.thenCompose(CompletableFuture.java:2137) ~[?:1.8.0_232]
	at org.apache.ratis.server.impl.RaftServerProxy.submitRequest(RaftServerProxy.java:335) ~[ratis-server-1.1.0-11689cd-SNAPSHOT.jar:1.1.0-11689cd-SNAPSHOT]
	at org.apache.ratis.server.impl.RaftServerProxy.submitClientRequestAsync(RaftServerProxy.java:341) ~[ratis-server-1.1.0-11689cd-SNAPSHOT.jar:1.1.0-11689cd-SNAPSHOT]
	at org.apache.ratis.grpc.client.GrpcClientProtocolService$RequestStreamObserver.processClientRequest(GrpcClientProtocolService.java:228) ~[ratis-grpc-1.1.0-11689cd-SNAPSHOT.jar:1.1.0-11689cd-SNAPSHOT]
	at org.apache.ratis.grpc.client.GrpcClientProtocolService$OrderedRequestStreamObserver.processClientRequest(GrpcClientProtocolService.java:334) ~[ratis-grpc-1.1.0-11689cd-SNAPSHOT.jar:1.1.0-11689cd-SNAPSHOT]
	at org.apache.ratis.util.SlidingWindow$Server.processRequestsFromHead(SlidingWindow.java:429) [ratis-common-1.1.0-11689cd-SNAPSHOT.jar:1.1.0-11689cd-SNAPSHOT]
	at org.apache.ratis.util.SlidingWindow$Server.receivedRequest(SlidingWindow.java:421) [ratis-common-1.1.0-11689cd-SNAPSHOT.jar:1.1.0-11689cd-SNAPSHOT]
	at org.apache.ratis.grpc.client.GrpcClientProtocolService$OrderedRequestStreamObserver.processClientRequest(GrpcClientProtocolService.java:358) [ratis-grpc-1.1.0-11689cd-SNAPSHOT.jar:1.1.0-11689cd-SNAPSHOT]
	at org.apache.ratis.grpc.client.GrpcClientProtocolService$RequestStreamObserver.onNext(GrpcClientProtocolService.java:248) [ratis-grpc-1.1.0-11689cd-SNAPSHOT.jar:1.1.0-11689cd-SNAPSHOT]
	at org.apache.ratis.grpc.client.GrpcClientProtocolService$RequestStreamObserver.onNext(GrpcClientProtocolService.java:171) [ratis-grpc-1.1.0-11689cd-SNAPSHOT.jar:1.1.0-11689cd-SNAPSHOT]
	at org.apache.ratis.thirdparty.io.grpc.stub.ServerCalls$StreamingServerCallHandler$StreamingServerCallListener.onMessage(ServerCalls.java:251) [ratis-thirdparty-misc-0.6.0-SNAPSHOT.jar:0.6.0-SNAPSHOT]
	at org.apache.ratis.thirdparty.io.grpc.ForwardingServerCallListener.onMessage(ForwardingServerCallListener.java:33) [ratis-thirdparty-misc-0.6.0-SNAPSHOT.jar:0.6.0-SNAPSHOT]
	at org.apache.ratis.thirdparty.io.grpc.internal.ServerCallImpl$ServerStreamListenerImpl.messagesAvailableInternal(ServerCallImpl.java:309) [ratis-thirdparty-misc-0.6.0-SNAPSHOT.jar:0.6.0-SNAPSHOT]
	at org.apache.ratis.thirdparty.io.grpc.internal.ServerCallImpl$ServerStreamListenerImpl.messagesAvailable(ServerCallImpl.java:292) [ratis-thirdparty-misc-0.6.0-SNAPSHOT.jar:0.6.0-SNAPSHOT]
	at org.apache.ratis.thirdparty.io.grpc.internal.ServerImpl$JumpToApplicationThreadServerStreamListener$1MessagesAvailable.runInContext(ServerImpl.java:783) [ratis-thirdparty-misc-0.6.0-SNAPSHOT.jar:0.6.0-SNAPSHOT]
	at org.apache.ratis.thirdparty.io.grpc.internal.ContextRunnable.run(ContextRunnable.java:37) [ratis-thirdparty-misc-0.6.0-SNAPSHOT.jar:0.6.0-SNAPSHOT]
	at org.apache.ratis.thirdparty.io.grpc.internal.SerializingExecutor.run(SerializingExecutor.java:123) [ratis-thirdparty-misc-0.6.0-SNAPSHOT.jar:0.6.0-SNAPSHOT]
	at java.util.concurrent.ThreadPoolExecutor.runWorker(ThreadPoolExecutor.java:1149) [?:1.8.0_232]
	at java.util.concurrent.ThreadPoolExecutor$Worker.run(ThreadPoolExecutor.java:624) [?:1.8.0_232]
	at java.lang.Thread.run(Thread.java:748) [?:1.8.0_232]
16:27:31.089 [grpc-default-executor-3] ERROR DNAudit - user=null | ip=null | op=WRITE_CHUNK {blockData=conID: 3 locID: 105005766135775238 bcsId: 0} | ret=FAILURE
org.apache.hadoop.hdds.scm.container.common.helpers.ContainerNotOpenException: Container 3 in CLOSED state
	at org.apache.hadoop.ozone.container.common.impl.HddsDispatcher.validateContainerCommand(HddsDispatcher.java:484) ~[hadoop-hdds-container-service-1.1.0-SNAPSHOT.jar:?]
	at org.apache.hadoop.ozone.container.common.transport.server.ratis.ContainerStateMachine.startTransaction(ContainerStateMachine.java:319) ~[hadoop-hdds-container-service-1.1.0-SNAPSHOT.jar:?]
	at org.apache.ratis.server.impl.RaftServerImpl.submitClientRequestAsync(RaftServerImpl.java:684) ~[ratis-server-1.1.0-11689cd-SNAPSHOT.jar:1.1.0-11689cd-SNAPSHOT]
	at org.apache.ratis.server.impl.RaftServerProxy.lambda$submitClientRequestAsync$7(RaftServerProxy.java:341) ~[ratis-server-1.1.0-11689cd-SNAPSHOT.jar:1.1.0-11689cd-SNAPSHOT]
	at org.apache.ratis.server.impl.RaftServerProxy.lambda$null$5(RaftServerProxy.java:336) ~[ratis-server-1.1.0-11689cd-SNAPSHOT.jar:1.1.0-11689cd-SNAPSHOT]
	at org.apache.ratis.util.JavaUtils.callAsUnchecked(JavaUtils.java:109) ~[ratis-common-1.1.0-11689cd-SNAPSHOT.jar:1.1.0-11689cd-SNAPSHOT]
	at org.apache.ratis.server.impl.RaftServerProxy.lambda$submitRequest$6(RaftServerProxy.java:336) ~[ratis-server-1.1.0-11689cd-SNAPSHOT.jar:1.1.0-11689cd-SNAPSHOT]
	at java.util.concurrent.CompletableFuture.uniComposeStage(CompletableFuture.java:995) ~[?:1.8.0_232]
	at java.util.concurrent.CompletableFuture.thenCompose(CompletableFuture.java:2137) ~[?:1.8.0_232]
	at org.apache.ratis.server.impl.RaftServerProxy.submitRequest(RaftServerProxy.java:335) ~[ratis-server-1.1.0-11689cd-SNAPSHOT.jar:1.1.0-11689cd-SNAPSHOT]
	at org.apache.ratis.server.impl.RaftServerProxy.submitClientRequestAsync(RaftServerProxy.java:341) ~[ratis-server-1.1.0-11689cd-SNAPSHOT.jar:1.1.0-11689cd-SNAPSHOT]
	at org.apache.ratis.grpc.client.GrpcClientProtocolService$RequestStreamObserver.processClientRequest(GrpcClientProtocolService.java:228) ~[ratis-grpc-1.1.0-11689cd-SNAPSHOT.jar:1.1.0-11689cd-SNAPSHOT]
	at org.apache.ratis.grpc.client.GrpcClientProtocolService$OrderedRequestStreamObserver.processClientRequest(GrpcClientProtocolService.java:334) ~[ratis-grpc-1.1.0-11689cd-SNAPSHOT.jar:1.1.0-11689cd-SNAPSHOT]
	at org.apache.ratis.util.SlidingWindow$Server.processRequestsFromHead(SlidingWindow.java:429) [ratis-common-1.1.0-11689cd-SNAPSHOT.jar:1.1.0-11689cd-SNAPSHOT]
	at org.apache.ratis.util.SlidingWindow$Server.receivedRequest(SlidingWindow.java:421) [ratis-common-1.1.0-11689cd-SNAPSHOT.jar:1.1.0-11689cd-SNAPSHOT]
	at org.apache.ratis.grpc.client.GrpcClientProtocolService$OrderedRequestStreamObserver.processClientRequest(GrpcClientProtocolService.java:358) [ratis-grpc-1.1.0-11689cd-SNAPSHOT.jar:1.1.0-11689cd-SNAPSHOT]
	at org.apache.ratis.grpc.client.GrpcClientProtocolService$RequestStreamObserver.onNext(GrpcClientProtocolService.java:248) [ratis-grpc-1.1.0-11689cd-SNAPSHOT.jar:1.1.0-11689cd-SNAPSHOT]
	at org.apache.ratis.grpc.client.GrpcClientProtocolService$RequestStreamObserver.onNext(GrpcClientProtocolService.java:171) [ratis-grpc-1.1.0-11689cd-SNAPSHOT.jar:1.1.0-11689cd-SNAPSHOT]
	at org.apache.ratis.thirdparty.io.grpc.stub.ServerCalls$StreamingServerCallHandler$StreamingServerCallListener.onMessage(ServerCalls.java:251) [ratis-thirdparty-misc-0.6.0-SNAPSHOT.jar:0.6.0-SNAPSHOT]
	at org.apache.ratis.thirdparty.io.grpc.ForwardingServerCallListener.onMessage(ForwardingServerCallListener.java:33) [ratis-thirdparty-misc-0.6.0-SNAPSHOT.jar:0.6.0-SNAPSHOT]
	at org.apache.ratis.thirdparty.io.grpc.internal.ServerCallImpl$ServerStreamListenerImpl.messagesAvailableInternal(ServerCallImpl.java:309) [ratis-thirdparty-misc-0.6.0-SNAPSHOT.jar:0.6.0-SNAPSHOT]
	at org.apache.ratis.thirdparty.io.grpc.internal.ServerCallImpl$ServerStreamListenerImpl.messagesAvailable(ServerCallImpl.java:292) [ratis-thirdparty-misc-0.6.0-SNAPSHOT.jar:0.6.0-SNAPSHOT]
	at org.apache.ratis.thirdparty.io.grpc.internal.ServerImpl$JumpToApplicationThreadServerStreamListener$1MessagesAvailable.runInContext(ServerImpl.java:783) [ratis-thirdparty-misc-0.6.0-SNAPSHOT.jar:0.6.0-SNAPSHOT]
	at org.apache.ratis.thirdparty.io.grpc.internal.ContextRunnable.run(ContextRunnable.java:37) [ratis-thirdparty-misc-0.6.0-SNAPSHOT.jar:0.6.0-SNAPSHOT]
	at org.apache.ratis.thirdparty.io.grpc.internal.SerializingExecutor.run(SerializingExecutor.java:123) [ratis-thirdparty-misc-0.6.0-SNAPSHOT.jar:0.6.0-SNAPSHOT]
	at java.util.concurrent.ThreadPoolExecutor.runWorker(ThreadPoolExecutor.java:1149) [?:1.8.0_232]
	at java.util.concurrent.ThreadPoolExecutor$Worker.run(ThreadPoolExecutor.java:624) [?:1.8.0_232]
	at java.lang.Thread.run(Thread.java:748) [?:1.8.0_232]
16:27:31.097 [grpc-default-executor-3] ERROR DNAudit - user=null | ip=null | op=PUT_BLOCK {blockData=[blockId=conID: 3 locID: 105005766135775238 bcsId: 0,size=400]} | ret=FAILURE
org.apache.hadoop.hdds.scm.container.common.helpers.ContainerNotOpenException: Container 3 in CLOSED state
	at org.apache.hadoop.ozone.container.common.impl.HddsDispatcher.validateContainerCommand(HddsDispatcher.java:484) ~[hadoop-hdds-container-service-1.1.0-SNAPSHOT.jar:?]
	at org.apache.hadoop.ozone.container.common.transport.server.ratis.ContainerStateMachine.startTransaction(ContainerStateMachine.java:319) ~[hadoop-hdds-container-service-1.1.0-SNAPSHOT.jar:?]
	at org.apache.ratis.server.impl.RaftServerImpl.submitClientRequestAsync(RaftServerImpl.java:684) ~[ratis-server-1.1.0-11689cd-SNAPSHOT.jar:1.1.0-11689cd-SNAPSHOT]
	at org.apache.ratis.server.impl.RaftServerProxy.lambda$submitClientRequestAsync$7(RaftServerProxy.java:341) ~[ratis-server-1.1.0-11689cd-SNAPSHOT.jar:1.1.0-11689cd-SNAPSHOT]
	at org.apache.ratis.server.impl.RaftServerProxy.lambda$null$5(RaftServerProxy.java:336) ~[ratis-server-1.1.0-11689cd-SNAPSHOT.jar:1.1.0-11689cd-SNAPSHOT]
	at org.apache.ratis.util.JavaUtils.callAsUnchecked(JavaUtils.java:109) ~[ratis-common-1.1.0-11689cd-SNAPSHOT.jar:1.1.0-11689cd-SNAPSHOT]
	at org.apache.ratis.server.impl.RaftServerProxy.lambda$submitRequest$6(RaftServerProxy.java:336) ~[ratis-server-1.1.0-11689cd-SNAPSHOT.jar:1.1.0-11689cd-SNAPSHOT]
	at java.util.concurrent.CompletableFuture.uniComposeStage(CompletableFuture.java:995) ~[?:1.8.0_232]
	at java.util.concurrent.CompletableFuture.thenCompose(CompletableFuture.java:2137) ~[?:1.8.0_232]
	at org.apache.ratis.server.impl.RaftServerProxy.submitRequest(RaftServerProxy.java:335) ~[ratis-server-1.1.0-11689cd-SNAPSHOT.jar:1.1.0-11689cd-SNAPSHOT]
	at org.apache.ratis.server.impl.RaftServerProxy.submitClientRequestAsync(RaftServerProxy.java:341) ~[ratis-server-1.1.0-11689cd-SNAPSHOT.jar:1.1.0-11689cd-SNAPSHOT]
	at org.apache.ratis.grpc.client.GrpcClientProtocolService$RequestStreamObserver.processClientRequest(GrpcClientProtocolService.java:228) ~[ratis-grpc-1.1.0-11689cd-SNAPSHOT.jar:1.1.0-11689cd-SNAPSHOT]
	at org.apache.ratis.grpc.client.GrpcClientProtocolService$OrderedRequestStreamObserver.processClientRequest(GrpcClientProtocolService.java:334) ~[ratis-grpc-1.1.0-11689cd-SNAPSHOT.jar:1.1.0-11689cd-SNAPSHOT]
	at org.apache.ratis.util.SlidingWindow$Server.processRequestsFromHead(SlidingWindow.java:429) [ratis-common-1.1.0-11689cd-SNAPSHOT.jar:1.1.0-11689cd-SNAPSHOT]
	at org.apache.ratis.util.SlidingWindow$Server.receivedRequest(SlidingWindow.java:421) [ratis-common-1.1.0-11689cd-SNAPSHOT.jar:1.1.0-11689cd-SNAPSHOT]
	at org.apache.ratis.grpc.client.GrpcClientProtocolService$OrderedRequestStreamObserver.processClientRequest(GrpcClientProtocolService.java:358) [ratis-grpc-1.1.0-11689cd-SNAPSHOT.jar:1.1.0-11689cd-SNAPSHOT]
	at org.apache.ratis.grpc.client.GrpcClientProtocolService$RequestStreamObserver.onNext(GrpcClientProtocolService.java:248) [ratis-grpc-1.1.0-11689cd-SNAPSHOT.jar:1.1.0-11689cd-SNAPSHOT]
	at org.apache.ratis.grpc.client.GrpcClientProtocolService$RequestStreamObserver.onNext(GrpcClientProtocolService.java:171) [ratis-grpc-1.1.0-11689cd-SNAPSHOT.jar:1.1.0-11689cd-SNAPSHOT]
	at org.apache.ratis.thirdparty.io.grpc.stub.ServerCalls$StreamingServerCallHandler$StreamingServerCallListener.onMessage(ServerCalls.java:251) [ratis-thirdparty-misc-0.6.0-SNAPSHOT.jar:0.6.0-SNAPSHOT]
	at org.apache.ratis.thirdparty.io.grpc.ForwardingServerCallListener.onMessage(ForwardingServerCallListener.java:33) [ratis-thirdparty-misc-0.6.0-SNAPSHOT.jar:0.6.0-SNAPSHOT]
	at org.apache.ratis.thirdparty.io.grpc.internal.ServerCallImpl$ServerStreamListenerImpl.messagesAvailableInternal(ServerCallImpl.java:309) [ratis-thirdparty-misc-0.6.0-SNAPSHOT.jar:0.6.0-SNAPSHOT]
	at org.apache.ratis.thirdparty.io.grpc.internal.ServerCallImpl$ServerStreamListenerImpl.messagesAvailable(ServerCallImpl.java:292) [ratis-thirdparty-misc-0.6.0-SNAPSHOT.jar:0.6.0-SNAPSHOT]
	at org.apache.ratis.thirdparty.io.grpc.internal.ServerImpl$JumpToApplicationThreadServerStreamListener$1MessagesAvailable.runInContext(ServerImpl.java:783) [ratis-thirdparty-misc-0.6.0-SNAPSHOT.jar:0.6.0-SNAPSHOT]
	at org.apache.ratis.thirdparty.io.grpc.internal.ContextRunnable.run(ContextRunnable.java:37) [ratis-thirdparty-misc-0.6.0-SNAPSHOT.jar:0.6.0-SNAPSHOT]
	at org.apache.ratis.thirdparty.io.grpc.internal.SerializingExecutor.run(SerializingExecutor.java:123) [ratis-thirdparty-misc-0.6.0-SNAPSHOT.jar:0.6.0-SNAPSHOT]
	at java.util.concurrent.ThreadPoolExecutor.runWorker(ThreadPoolExecutor.java:1149) [?:1.8.0_232]
	at java.util.concurrent.ThreadPoolExecutor$Worker.run(ThreadPoolExecutor.java:624) [?:1.8.0_232]
	at java.lang.Thread.run(Thread.java:748) [?:1.8.0_232]
2020-10-09 16:27:31,097 [grpc-default-executor-0] ERROR storage.BlockOutputStream (BlockOutputStream.java:lambda$writeChunkToContainer$3(685)) - writing chunk failed 105005766135775238_chunk_1 blockID conID: 3 locID: 105005766135775238 bcsId: 0 with exception org.apache.ratis.protocol.exceptions.StateMachineException: org.apache.hadoop.hdds.scm.container.common.helpers.ContainerNotOpenException from Server 42f7c000-5a7c-41d7-b460-f0da582d6e91@group-16A4DE4E1B31: Container 3 in CLOSED state
2020-10-09 16:27:31,102 [grpc-default-executor-0] ERROR storage.BlockOutputStream (BlockOutputStream.java:lambda$writeChunkToContainer$3(685)) - writing chunk failed 105005766135775238_chunk_2 blockID conID: 3 locID: 105005766135775238 bcsId: 0 with exception org.apache.ratis.protocol.exceptions.StateMachineException: org.apache.hadoop.hdds.scm.container.common.helpers.ContainerNotOpenException from Server 42f7c000-5a7c-41d7-b460-f0da582d6e91@group-16A4DE4E1B31: Container 3 in CLOSED state
2020-10-09 16:27:31,109 [grpc-default-executor-0] ERROR storage.BlockOutputStream (BlockOutputStream.java:lambda$writeChunkToContainer$3(685)) - writing chunk failed 105005766135775238_chunk_3 blockID conID: 3 locID: 105005766135775238 bcsId: 0 with exception org.apache.ratis.protocol.exceptions.StateMachineException: org.apache.hadoop.hdds.scm.container.common.helpers.ContainerNotOpenException from Server 42f7c000-5a7c-41d7-b460-f0da582d6e91@group-16A4DE4E1B31: Container 3 in CLOSED state
2020-10-09 16:27:31,111 [grpc-default-executor-0] ERROR storage.BlockOutputStream (BlockOutputStream.java:lambda$writeChunkToContainer$3(685)) - writing chunk failed 105005766135775238_chunk_4 blockID conID: 3 locID: 105005766135775238 bcsId: 0 with exception org.apache.ratis.protocol.exceptions.StateMachineException: org.apache.hadoop.hdds.scm.container.common.helpers.ContainerNotOpenException from Server 42f7c000-5a7c-41d7-b460-f0da582d6e91@group-16A4DE4E1B31: Container 3 in CLOSED state
2020-10-09 16:27:31,126 [Listener at 127.0.0.1/39485] INFO  io.BlockOutputStreamEntryPool (BlockOutputStreamEntryPool.java:allocateNewBlock(284)) - Allocating block with ExcludeList {datanodes = [], containerIds = [#1, #2, #3], pipelineIds = []}
2020-10-09 16:27:31,143 [Listener at 127.0.0.1/39485] INFO  metrics.RatisMetrics (RatisMetrics.java:lambda$create$0(36)) - Creating Metrics Registry : ratis.client_message_metrics.client-7FFC56D0585D->8a7ec526-2919-4356-824f-0c9004393949
2020-10-09 16:27:31,148 [grpc-default-executor-3] INFO  metrics.RatisMetrics (RatisMetrics.java:lambda$create$0(36)) - Creating Metrics Registry : ratis.server_message_metrics.8a7ec526-2919-4356-824f-0c9004393949
2020-10-09 16:27:31,220 [Listener at 127.0.0.1/39485] INFO  ozone.MiniOzoneClusterImpl (MiniOzoneClusterImpl.java:shutdown(387)) - Shutting down the Mini Ozone Cluster
2020-10-09 16:27:31,220 [Listener at 127.0.0.1/39485] INFO  ozone.MiniOzoneClusterImpl (MiniOzoneClusterImpl.java:stop(402)) - Stopping the Mini Ozone Cluster
2020-10-09 16:27:31,220 [Listener at 127.0.0.1/39485] INFO  ozone.MiniOzoneClusterImpl (MiniOzoneClusterImpl.java:stopOM(484)) - Stopping the OzoneManager
2020-10-09 16:27:31,220 [Listener at 127.0.0.1/39485] INFO  ipc.Server (Server.java:stop(3359)) - Stopping server on 39485
2020-10-09 16:27:31,230 [IPC Server listener on 0] INFO  ipc.Server (Server.java:run(1330)) - Stopping IPC Server listener on 0
2020-10-09 16:27:31,230 [Listener at 127.0.0.1/39485] INFO  ratis.OzoneManagerDoubleBuffer (OzoneManagerDoubleBuffer.java:stop(458)) - Stopping OMDoubleBuffer flush thread
2020-10-09 16:27:31,230 [IPC Server Responder] INFO  ipc.Server (Server.java:run(1465)) - Stopping IPC Server Responder
2020-10-09 16:27:31,231 [OMDoubleBufferFlushThread] INFO  ratis.OzoneManagerDoubleBuffer (OzoneManagerDoubleBuffer.java:flushTransactions(357)) - OMDoubleBuffer flush thread OMDoubleBufferFlushThread is interrupted and will exit. OMDoubleBufferFlushThread
2020-10-09 16:27:31,231 [Listener at 127.0.0.1/39485] INFO  utils.BackgroundService (BackgroundService.java:shutdown(132)) - Shutting down service KeyDeletingService
2020-10-09 16:27:31,235 [Listener at 127.0.0.1/39485] INFO  handler.ContextHandler (ContextHandler.java:doStop(1016)) - Stopped o.e.j.w.WebAppContext@282fde4a{ozoneManager,/,null,UNAVAILABLE}{file:/github/workspace/mnt/ozone/hadoop-ozone/integration-test/target/test-classes/webapps/ozoneManager}
2020-10-09 16:27:31,236 [Listener at 127.0.0.1/39485] INFO  server.AbstractConnector (AbstractConnector.java:doStop(380)) - Stopped ServerConnector@609c2bc9{HTTP/1.1,[http/1.1]}{0.0.0.0:0}
2020-10-09 16:27:31,236 [Listener at 127.0.0.1/39485] INFO  server.session (HouseKeeper.java:stopScavenging(158)) - node0 Stopped scavenging
2020-10-09 16:27:31,236 [Listener at 127.0.0.1/39485] INFO  handler.ContextHandler (ContextHandler.java:doStop(1016)) - Stopped o.e.j.s.ServletContextHandler@54cf37de{static,/static,file:///github/workspace/mnt/ozone/hadoop-ozone/integration-test/target/test-classes/webapps/static,UNAVAILABLE}
2020-10-09 16:27:31,237 [Listener at 127.0.0.1/39485] INFO  handler.ContextHandler (ContextHandler.java:doStop(1016)) - Stopped o.e.j.s.ServletContextHandler@753eb658{logs,/logs,file:///github/workspace/mnt/ozone/hadoop-ozone/integration-test/target/log,UNAVAILABLE}
2020-10-09 16:27:31,239 [Listener at 127.0.0.1/39485] INFO  ozone.MiniOzoneClusterImpl (MiniOzoneClusterImpl.java:stopDatanodes(461)) - Stopping the HddsDatanodes
2020-10-09 16:27:31,575 [Datanode State Machine Thread - 0] INFO  statemachine.DatanodeStateMachine (DatanodeStateMachine.java:lambda$startDaemon$0(405)) - Ozone container server started.
2020-10-09 16:27:31,880 [Datanode State Machine Thread - 0] INFO  statemachine.DatanodeStateMachine (DatanodeStateMachine.java:lambda$startDaemon$0(405)) - Ozone container server started.
2020-10-09 16:27:36,240 [Listener at 127.0.0.1/39485] INFO  ozoneimpl.OzoneContainer (OzoneContainer.java:stop(259)) - Attempting to stop container services.
2020-10-09 16:27:36,240 [ForkJoinPool.commonPool-worker-0] INFO  ozoneimpl.OzoneContainer (OzoneContainer.java:stop(259)) - Attempting to stop container services.
2020-10-09 16:27:36,241 [Listener at 127.0.0.1/39485] INFO  impl.RaftServerProxy (RaftServerProxy.java:lambda$close$4(322)) - b7ae438d-d84f-4f04-b6fa-052f047e56a0: close
2020-10-09 16:27:36,241 [ForkJoinPool.commonPool-worker-0] INFO  impl.RaftServerProxy (RaftServerProxy.java:lambda$close$4(322)) - e27ecad8-c8c3-4bdb-8e56-23cf5ec81ff3: close
2020-10-09 16:27:36,241 [ForkJoinPool.commonPool-worker-0] INFO  impl.RaftServerImpl (RaftServerImpl.java:lambda$shutdown$3(321)) - e27ecad8-c8c3-4bdb-8e56-23cf5ec81ff3@group-20664874FE6E: shutdown
2020-10-09 16:27:36,241 [ForkJoinPool.commonPool-worker-0] INFO  util.JmxRegister (JmxRegister.java:unregister(73)) - Successfully un-registered JMX Bean with object name Ratis:service=RaftServer,group=group-20664874FE6E,id=e27ecad8-c8c3-4bdb-8e56-23cf5ec81ff3
2020-10-09 16:27:36,241 [ForkJoinPool.commonPool-worker-0] INFO  impl.RoleInfo (RoleInfo.java:shutdownLeaderState(104)) - e27ecad8-c8c3-4bdb-8e56-23cf5ec81ff3: shutdown LeaderState
2020-10-09 16:27:36,241 [ForkJoinPool.commonPool-worker-0] INFO  impl.PendingRequests (PendingRequests.java:sendNotLeaderResponses(249)) - e27ecad8-c8c3-4bdb-8e56-23cf5ec81ff3@group-20664874FE6E-PendingRequests: sendNotLeaderResponses
2020-10-09 16:27:36,241 [Listener at 127.0.0.1/39485] INFO  impl.RaftServerImpl (RaftServerImpl.java:lambda$shutdown$3(321)) - b7ae438d-d84f-4f04-b6fa-052f047e56a0@group-DB9F3DA368AF: shutdown
2020-10-09 16:27:36,243 [Listener at 127.0.0.1/39485] INFO  util.JmxRegister (JmxRegister.java:unregister(73)) - Successfully un-registered JMX Bean with object name Ratis:service=RaftServer,group=group-DB9F3DA368AF,id=b7ae438d-d84f-4f04-b6fa-052f047e56a0
2020-10-09 16:27:36,244 [Listener at 127.0.0.1/39485] INFO  impl.RoleInfo (RoleInfo.java:shutdownFollowerState(121)) - b7ae438d-d84f-4f04-b6fa-052f047e56a0: shutdown FollowerState
2020-10-09 16:27:36,244 [Listener at 127.0.0.1/39485] INFO  impl.StateMachineUpdater (StateMachineUpdater.java:stopAndJoin(142)) - b7ae438d-d84f-4f04-b6fa-052f047e56a0@group-DB9F3DA368AF-StateMachineUpdater: set stopIndex = 0
2020-10-09 16:27:36,243 [ForkJoinPool.commonPool-worker-0] INFO  metrics.RatisMetrics (RatisMetrics.java:unregister(43)) - Unregistering Metrics Registry : ratis.log_appender.e27ecad8-c8c3-4bdb-8e56-23cf5ec81ff3@group-20664874FE6E
2020-10-09 16:27:36,245 [ForkJoinPool.commonPool-worker-0] INFO  metrics.RatisMetrics (RatisMetrics.java:unregister(43)) - Unregistering Metrics Registry : ratis.server.e27ecad8-c8c3-4bdb-8e56-23cf5ec81ff3@group-20664874FE6E
2020-10-09 16:27:36,245 [Thread-667] INFO  impl.FollowerState (FollowerState.java:run(117)) - b7ae438d-d84f-4f04-b6fa-052f047e56a0@group-DB9F3DA368AF-FollowerState was interrupted: java.lang.InterruptedException: sleep interrupted
2020-10-09 16:27:36,245 [ForkJoinPool.commonPool-worker-0] INFO  impl.StateMachineUpdater (StateMachineUpdater.java:stopAndJoin(142)) - e27ecad8-c8c3-4bdb-8e56-23cf5ec81ff3@group-20664874FE6E-StateMachineUpdater: set stopIndex = 18
2020-10-09 16:27:36,245 [b7ae438d-d84f-4f04-b6fa-052f047e56a0@group-DB9F3DA368AF-StateMachineUpdater] INFO  ratis.ContainerStateMachine (ContainerStateMachine.java:takeSnapshot(293)) - group-DB9F3DA368AF: Taking a snapshot at:(t:1, i:0) file /github/workspace/mnt/ozone/hadoop-ozone/integration-test/target/test-dir/MiniOzoneClusterImpl-c5028e9e-dbc6-4f7d-99b7-5a0387eddaa2/datanode-4/data/ratis/8503b725-867c-4cb1-90e8-db9f3da368af/sm/snapshot.1_0
2020-10-09 16:27:36,245 [e27ecad8-c8c3-4bdb-8e56-23cf5ec81ff3@group-20664874FE6E-StateMachineUpdater] INFO  ratis.ContainerStateMachine (ContainerStateMachine.java:takeSnapshot(293)) - group-20664874FE6E: Taking a snapshot at:(t:1, i:18) file /github/workspace/mnt/ozone/hadoop-ozone/integration-test/target/test-dir/MiniOzoneClusterImpl-c5028e9e-dbc6-4f7d-99b7-5a0387eddaa2/datanode-1/data/ratis/1f28af54-2102-4421-8346-20664874fe6e/sm/snapshot.1_18
2020-10-09 16:27:36,247 [b7ae438d-d84f-4f04-b6fa-052f047e56a0@group-DB9F3DA368AF-StateMachineUpdater] INFO  ratis.ContainerStateMachine (ContainerStateMachine.java:takeSnapshot(304)) - group-DB9F3DA368AF: Finished taking a snapshot at:(t:1, i:0) file:/github/workspace/mnt/ozone/hadoop-ozone/integration-test/target/test-dir/MiniOzoneClusterImpl-c5028e9e-dbc6-4f7d-99b7-5a0387eddaa2/datanode-4/data/ratis/8503b725-867c-4cb1-90e8-db9f3da368af/sm/snapshot.1_0 time:3
2020-10-09 16:27:36,248 [b7ae438d-d84f-4f04-b6fa-052f047e56a0@group-DB9F3DA368AF-StateMachineUpdater] INFO  impl.StateMachineUpdater (StateMachineUpdater.java:takeSnapshot(277)) - b7ae438d-d84f-4f04-b6fa-052f047e56a0@group-DB9F3DA368AF-StateMachineUpdater: Took a snapshot at index 0
2020-10-09 16:27:36,248 [b7ae438d-d84f-4f04-b6fa-052f047e56a0@group-DB9F3DA368AF-StateMachineUpdater] INFO  impl.StateMachineUpdater (StateMachineUpdater.java:lambda$new$0(87)) - b7ae438d-d84f-4f04-b6fa-052f047e56a0@group-DB9F3DA368AF-StateMachineUpdater: snapshotIndex: updateIncreasingly -1 -> 0
2020-10-09 16:27:36,249 [e27ecad8-c8c3-4bdb-8e56-23cf5ec81ff3@group-20664874FE6E-StateMachineUpdater] INFO  ratis.ContainerStateMachine (ContainerStateMachine.java:takeSnapshot(304)) - group-20664874FE6E: Finished taking a snapshot at:(t:1, i:18) file:/github/workspace/mnt/ozone/hadoop-ozone/integration-test/target/test-dir/MiniOzoneClusterImpl-c5028e9e-dbc6-4f7d-99b7-5a0387eddaa2/datanode-1/data/ratis/1f28af54-2102-4421-8346-20664874fe6e/sm/snapshot.1_18 time:3
2020-10-09 16:27:36,249 [e27ecad8-c8c3-4bdb-8e56-23cf5ec81ff3@group-20664874FE6E-StateMachineUpdater] INFO  impl.StateMachineUpdater (StateMachineUpdater.java:takeSnapshot(277)) - e27ecad8-c8c3-4bdb-8e56-23cf5ec81ff3@group-20664874FE6E-StateMachineUpdater: Took a snapshot at index 18
2020-10-09 16:27:36,249 [e27ecad8-c8c3-4bdb-8e56-23cf5ec81ff3@group-20664874FE6E-StateMachineUpdater] INFO  impl.StateMachineUpdater (StateMachineUpdater.java:lambda$new$0(87)) - e27ecad8-c8c3-4bdb-8e56-23cf5ec81ff3@group-20664874FE6E-StateMachineUpdater: snapshotIndex: updateIncreasingly -1 -> 18
2020-10-09 16:27:36,249 [e27ecad8-c8c3-4bdb-8e56-23cf5ec81ff3@group-20664874FE6E-StateMachineUpdater] INFO  metrics.RatisMetrics (RatisMetrics.java:unregister(43)) - Unregistering Metrics Registry : ratis.state_machine.e27ecad8-c8c3-4bdb-8e56-23cf5ec81ff3@group-20664874FE6E
2020-10-09 16:27:36,249 [ForkJoinPool.commonPool-worker-0] INFO  impl.RaftServerImpl (ServerState.java:close(405)) - e27ecad8-c8c3-4bdb-8e56-23cf5ec81ff3@group-20664874FE6E: closes. applyIndex: 18
2020-10-09 16:27:36,249 [e27ecad8-c8c3-4bdb-8e56-23cf5ec81ff3@group-20664874FE6E-SegmentedRaftLogWorker] INFO  segmented.SegmentedRaftLogWorker (SegmentedRaftLogWorker.java:run(327)) - e27ecad8-c8c3-4bdb-8e56-23cf5ec81ff3@group-20664874FE6E-SegmentedRaftLogWorker was interrupted, exiting. There are 0 tasks remaining in the queue.
2020-10-09 16:27:36,249 [b7ae438d-d84f-4f04-b6fa-052f047e56a0@group-DB9F3DA368AF-StateMachineUpdater] INFO  metrics.RatisMetrics (RatisMetrics.java:unregister(43)) - Unregistering Metrics Registry : ratis.state_machine.b7ae438d-d84f-4f04-b6fa-052f047e56a0@group-DB9F3DA368AF
2020-10-09 16:27:36,250 [Listener at 127.0.0.1/39485] INFO  impl.RaftServerImpl (ServerState.java:close(405)) - b7ae438d-d84f-4f04-b6fa-052f047e56a0@group-DB9F3DA368AF: closes. applyIndex: 0
2020-10-09 16:27:36,250 [b7ae438d-d84f-4f04-b6fa-052f047e56a0@group-DB9F3DA368AF-SegmentedRaftLogWorker] INFO  segmented.SegmentedRaftLogWorker (SegmentedRaftLogWorker.java:run(327)) - b7ae438d-d84f-4f04-b6fa-052f047e56a0@group-DB9F3DA368AF-SegmentedRaftLogWorker was interrupted, exiting. There are 0 tasks remaining in the queue.
2020-10-09 16:27:36,250 [ForkJoinPool.commonPool-worker-0] INFO  segmented.SegmentedRaftLogWorker (SegmentedRaftLogWorker.java:close(234)) - e27ecad8-c8c3-4bdb-8e56-23cf5ec81ff3@group-20664874FE6E-SegmentedRaftLogWorker close()
2020-10-09 16:27:36,252 [ForkJoinPool.commonPool-worker-0] INFO  metrics.RatisMetrics (RatisMetrics.java:unregister(43)) - Unregistering Metrics Registry : ratis.log_worker.e27ecad8-c8c3-4bdb-8e56-23cf5ec81ff3@group-20664874FE6E
2020-10-09 16:27:36,252 [Listener at 127.0.0.1/39485] INFO  segmented.SegmentedRaftLogWorker (SegmentedRaftLogWorker.java:close(234)) - b7ae438d-d84f-4f04-b6fa-052f047e56a0@group-DB9F3DA368AF-SegmentedRaftLogWorker close()
2020-10-09 16:27:36,252 [ForkJoinPool.commonPool-worker-0] INFO  metrics.RatisMetrics (RatisMetrics.java:unregister(43)) - Unregistering Metrics Registry : ratis.leader_election.e27ecad8-c8c3-4bdb-8e56-23cf5ec81ff3@group-20664874FE6E
2020-10-09 16:27:36,252 [ForkJoinPool.commonPool-worker-0] INFO  metrics.RatisMetrics (RatisMetrics.java:unregister(43)) - Unregistering Metrics Registry : ratis.server.e27ecad8-c8c3-4bdb-8e56-23cf5ec81ff3@group-20664874FE6E
2020-10-09 16:27:36,252 [ForkJoinPool.commonPool-worker-0] INFO  impl.RaftServerImpl (RaftServerImpl.java:lambda$shutdown$3(321)) - e27ecad8-c8c3-4bdb-8e56-23cf5ec81ff3@group-FE3FB79E145E: shutdown
2020-10-09 16:27:36,253 [Listener at 127.0.0.1/39485] INFO  metrics.RatisMetrics (RatisMetrics.java:unregister(43)) - Unregistering Metrics Registry : ratis.log_worker.b7ae438d-d84f-4f04-b6fa-052f047e56a0@group-DB9F3DA368AF
2020-10-09 16:27:36,253 [Listener at 127.0.0.1/39485] INFO  metrics.RatisMetrics (RatisMetrics.java:unregister(43)) - Unregistering Metrics Registry : ratis.leader_election.b7ae438d-d84f-4f04-b6fa-052f047e56a0@group-DB9F3DA368AF
2020-10-09 16:27:36,253 [ForkJoinPool.commonPool-worker-0] INFO  util.JmxRegister (JmxRegister.java:unregister(73)) - Successfully un-registered JMX Bean with object name Ratis:service=RaftServer,group=group-FE3FB79E145E,id=e27ecad8-c8c3-4bdb-8e56-23cf5ec81ff3
2020-10-09 16:27:36,254 [Listener at 127.0.0.1/39485] INFO  metrics.RatisMetrics (RatisMetrics.java:unregister(43)) - Unregistering Metrics Registry : ratis.server.b7ae438d-d84f-4f04-b6fa-052f047e56a0@group-DB9F3DA368AF
2020-10-09 16:27:36,254 [ForkJoinPool.commonPool-worker-0] INFO  impl.RoleInfo (RoleInfo.java:shutdownFollowerState(121)) - e27ecad8-c8c3-4bdb-8e56-23cf5ec81ff3: shutdown FollowerState
2020-10-09 16:27:36,254 [Listener at 127.0.0.1/39485] INFO  impl.RaftServerImpl (RaftServerImpl.java:lambda$shutdown$3(321)) - b7ae438d-d84f-4f04-b6fa-052f047e56a0@group-D97833F46BF3: shutdown
2020-10-09 16:27:36,259 [ForkJoinPool.commonPool-worker-0] INFO  impl.StateMachineUpdater (StateMachineUpdater.java:stopAndJoin(142)) - e27ecad8-c8c3-4bdb-8e56-23cf5ec81ff3@group-FE3FB79E145E-StateMachineUpdater: set stopIndex = 0
2020-10-09 16:27:36,259 [Thread-640] INFO  impl.FollowerState (FollowerState.java:run(117)) - e27ecad8-c8c3-4bdb-8e56-23cf5ec81ff3@group-FE3FB79E145E-FollowerState was interrupted: java.lang.InterruptedException: sleep interrupted
2020-10-09 16:27:36,259 [e27ecad8-c8c3-4bdb-8e56-23cf5ec81ff3@group-FE3FB79E145E-StateMachineUpdater] INFO  ratis.ContainerStateMachine (ContainerStateMachine.java:takeSnapshot(293)) - group-FE3FB79E145E: Taking a snapshot at:(t:1, i:0) file /github/workspace/mnt/ozone/hadoop-ozone/integration-test/target/test-dir/MiniOzoneClusterImpl-c5028e9e-dbc6-4f7d-99b7-5a0387eddaa2/datanode-1/data/ratis/2f7f8ffa-1739-4262-bec8-fe3fb79e145e/sm/snapshot.1_0
2020-10-09 16:27:36,259 [Listener at 127.0.0.1/39485] INFO  util.JmxRegister (JmxRegister.java:unregister(73)) - Successfully un-registered JMX Bean with object name Ratis:service=RaftServer,group=group-D97833F46BF3,id=b7ae438d-d84f-4f04-b6fa-052f047e56a0
2020-10-09 16:27:36,260 [Listener at 127.0.0.1/39485] INFO  impl.RoleInfo (RoleInfo.java:shutdownLeaderState(104)) - b7ae438d-d84f-4f04-b6fa-052f047e56a0: shutdown LeaderState
2020-10-09 16:27:36,260 [Listener at 127.0.0.1/39485] INFO  impl.PendingRequests (PendingRequests.java:sendNotLeaderResponses(249)) - b7ae438d-d84f-4f04-b6fa-052f047e56a0@group-D97833F46BF3-PendingRequests: sendNotLeaderResponses
2020-10-09 16:27:36,260 [Listener at 127.0.0.1/39485] INFO  metrics.RatisMetrics (RatisMetrics.java:unregister(43)) - Unregistering Metrics Registry : ratis.log_appender.b7ae438d-d84f-4f04-b6fa-052f047e56a0@group-D97833F46BF3
2020-10-09 16:27:36,260 [Listener at 127.0.0.1/39485] INFO  metrics.RatisMetrics (RatisMetrics.java:unregister(43)) - Unregistering Metrics Registry : ratis.server.b7ae438d-d84f-4f04-b6fa-052f047e56a0@group-D97833F46BF3
2020-10-09 16:27:36,261 [Listener at 127.0.0.1/39485] INFO  impl.StateMachineUpdater (StateMachineUpdater.java:stopAndJoin(142)) - b7ae438d-d84f-4f04-b6fa-052f047e56a0@group-D97833F46BF3-StateMachineUpdater: set stopIndex = 0
2020-10-09 16:27:36,261 [e27ecad8-c8c3-4bdb-8e56-23cf5ec81ff3@group-FE3FB79E145E-StateMachineUpdater] INFO  ratis.ContainerStateMachine (ContainerStateMachine.java:takeSnapshot(304)) - group-FE3FB79E145E: Finished taking a snapshot at:(t:1, i:0) file:/github/workspace/mnt/ozone/hadoop-ozone/integration-test/target/test-dir/MiniOzoneClusterImpl-c5028e9e-dbc6-4f7d-99b7-5a0387eddaa2/datanode-1/data/ratis/2f7f8ffa-1739-4262-bec8-fe3fb79e145e/sm/snapshot.1_0 time:1
2020-10-09 16:27:36,261 [b7ae438d-d84f-4f04-b6fa-052f047e56a0@group-D97833F46BF3-StateMachineUpdater] INFO  ratis.ContainerStateMachine (ContainerStateMachine.java:takeSnapshot(293)) - group-D97833F46BF3: Taking a snapshot at:(t:1, i:0) file /github/workspace/mnt/ozone/hadoop-ozone/integration-test/target/test-dir/MiniOzoneClusterImpl-c5028e9e-dbc6-4f7d-99b7-5a0387eddaa2/datanode-4/data/ratis/e4925e36-b5fc-4770-b42d-d97833f46bf3/sm/snapshot.1_0
2020-10-09 16:27:36,261 [e27ecad8-c8c3-4bdb-8e56-23cf5ec81ff3@group-FE3FB79E145E-StateMachineUpdater] INFO  impl.StateMachineUpdater (StateMachineUpdater.java:takeSnapshot(277)) - e27ecad8-c8c3-4bdb-8e56-23cf5ec81ff3@group-FE3FB79E145E-StateMachineUpdater: Took a snapshot at index 0
2020-10-09 16:27:36,261 [e27ecad8-c8c3-4bdb-8e56-23cf5ec81ff3@group-FE3FB79E145E-StateMachineUpdater] INFO  impl.StateMachineUpdater (StateMachineUpdater.java:lambda$new$0(87)) - e27ecad8-c8c3-4bdb-8e56-23cf5ec81ff3@group-FE3FB79E145E-StateMachineUpdater: snapshotIndex: updateIncreasingly -1 -> 0
2020-10-09 16:27:36,261 [e27ecad8-c8c3-4bdb-8e56-23cf5ec81ff3@group-FE3FB79E145E-StateMachineUpdater] INFO  metrics.RatisMetrics (RatisMetrics.java:unregister(43)) - Unregistering Metrics Registry : ratis.state_machine.e27ecad8-c8c3-4bdb-8e56-23cf5ec81ff3@group-FE3FB79E145E
2020-10-09 16:27:36,262 [ForkJoinPool.commonPool-worker-0] INFO  impl.RaftServerImpl (ServerState.java:close(405)) - e27ecad8-c8c3-4bdb-8e56-23cf5ec81ff3@group-FE3FB79E145E: closes. applyIndex: 0
2020-10-09 16:27:36,262 [b7ae438d-d84f-4f04-b6fa-052f047e56a0@group-D97833F46BF3-StateMachineUpdater] INFO  ratis.ContainerStateMachine (ContainerStateMachine.java:takeSnapshot(304)) - group-D97833F46BF3: Finished taking a snapshot at:(t:1, i:0) file:/github/workspace/mnt/ozone/hadoop-ozone/integration-test/target/test-dir/MiniOzoneClusterImpl-c5028e9e-dbc6-4f7d-99b7-5a0387eddaa2/datanode-4/data/ratis/e4925e36-b5fc-4770-b42d-d97833f46bf3/sm/snapshot.1_0 time:1
2020-10-09 16:27:36,263 [b7ae438d-d84f-4f04-b6fa-052f047e56a0@group-D97833F46BF3-StateMachineUpdater] INFO  impl.StateMachineUpdater (StateMachineUpdater.java:takeSnapshot(277)) - b7ae438d-d84f-4f04-b6fa-052f047e56a0@group-D97833F46BF3-StateMachineUpdater: Took a snapshot at index 0
2020-10-09 16:27:36,263 [b7ae438d-d84f-4f04-b6fa-052f047e56a0@group-D97833F46BF3-StateMachineUpdater] INFO  impl.StateMachineUpdater (StateMachineUpdater.java:lambda$new$0(87)) - b7ae438d-d84f-4f04-b6fa-052f047e56a0@group-D97833F46BF3-StateMachineUpdater: snapshotIndex: updateIncreasingly -1 -> 0
2020-10-09 16:27:36,263 [b7ae438d-d84f-4f04-b6fa-052f047e56a0@group-D97833F46BF3-StateMachineUpdater] INFO  metrics.RatisMetrics (RatisMetrics.java:unregister(43)) - Unregistering Metrics Registry : ratis.state_machine.b7ae438d-d84f-4f04-b6fa-052f047e56a0@group-D97833F46BF3
2020-10-09 16:27:36,263 [Listener at 127.0.0.1/39485] INFO  impl.RaftServerImpl (ServerState.java:close(405)) - b7ae438d-d84f-4f04-b6fa-052f047e56a0@group-D97833F46BF3: closes. applyIndex: 0
2020-10-09 16:27:36,262 [e27ecad8-c8c3-4bdb-8e56-23cf5ec81ff3@group-FE3FB79E145E-SegmentedRaftLogWorker] INFO  segmented.SegmentedRaftLogWorker (SegmentedRaftLogWorker.java:run(327)) - e27ecad8-c8c3-4bdb-8e56-23cf5ec81ff3@group-FE3FB79E145E-SegmentedRaftLogWorker was interrupted, exiting. There are 0 tasks remaining in the queue.
2020-10-09 16:27:36,263 [b7ae438d-d84f-4f04-b6fa-052f047e56a0@group-D97833F46BF3-SegmentedRaftLogWorker] INFO  segmented.SegmentedRaftLogWorker (SegmentedRaftLogWorker.java:run(327)) - b7ae438d-d84f-4f04-b6fa-052f047e56a0@group-D97833F46BF3-SegmentedRaftLogWorker was interrupted, exiting. There are 0 tasks remaining in the queue.
2020-10-09 16:27:36,264 [Listener at 127.0.0.1/39485] INFO  segmented.SegmentedRaftLogWorker (SegmentedRaftLogWorker.java:close(234)) - b7ae438d-d84f-4f04-b6fa-052f047e56a0@group-D97833F46BF3-SegmentedRaftLogWorker close()
2020-10-09 16:27:36,265 [Listener at 127.0.0.1/39485] INFO  metrics.RatisMetrics (RatisMetrics.java:unregister(43)) - Unregistering Metrics Registry : ratis.log_worker.b7ae438d-d84f-4f04-b6fa-052f047e56a0@group-D97833F46BF3
2020-10-09 16:27:36,265 [Listener at 127.0.0.1/39485] INFO  metrics.RatisMetrics (RatisMetrics.java:unregister(43)) - Unregistering Metrics Registry : ratis.leader_election.b7ae438d-d84f-4f04-b6fa-052f047e56a0@group-D97833F46BF3
2020-10-09 16:27:36,265 [Listener at 127.0.0.1/39485] INFO  metrics.RatisMetrics (RatisMetrics.java:unregister(43)) - Unregistering Metrics Registry : ratis.server.b7ae438d-d84f-4f04-b6fa-052f047e56a0@group-D97833F46BF3
2020-10-09 16:27:36,266 [Listener at 127.0.0.1/39485] INFO  server.GrpcService (GrpcService.java:closeImpl(183)) - b7ae438d-d84f-4f04-b6fa-052f047e56a0: shutdown server with port 40771 now
2020-10-09 16:27:36,267 [ForkJoinPool.commonPool-worker-0] INFO  segmented.SegmentedRaftLogWorker (SegmentedRaftLogWorker.java:close(234)) - e27ecad8-c8c3-4bdb-8e56-23cf5ec81ff3@group-FE3FB79E145E-SegmentedRaftLogWorker close()
2020-10-09 16:27:36,268 [ForkJoinPool.commonPool-worker-0] INFO  metrics.RatisMetrics (RatisMetrics.java:unregister(43)) - Unregistering Metrics Registry : ratis.log_worker.e27ecad8-c8c3-4bdb-8e56-23cf5ec81ff3@group-FE3FB79E145E
2020-10-09 16:27:36,268 [grpc-default-executor-0] WARN  server.GrpcServerProtocolService (LogUtils.java:warn(122)) - b7ae438d-d84f-4f04-b6fa-052f047e56a0: installSnapshot onError, lastRequest: 8a7ec526-2919-4356-824f-0c9004393949->b7ae438d-d84f-4f04-b6fa-052f047e56a0#1-t1, previous=(t:0, i:0), leaderCommit=-1, initializing? false, entries: size=1, first=(t:1, i:0), CONFIGURATIONENTRY: org.apache.ratis.thirdparty.io.grpc.StatusRuntimeException: CANCELLED: cancelled before receiving half close
2020-10-09 16:27:36,268 [ForkJoinPool.commonPool-worker-0] INFO  metrics.RatisMetrics (RatisMetrics.java:unregister(43)) - Unregistering Metrics Registry : ratis.leader_election.e27ecad8-c8c3-4bdb-8e56-23cf5ec81ff3@group-FE3FB79E145E
2020-10-09 16:27:36,268 [ForkJoinPool.commonPool-worker-0] INFO  metrics.RatisMetrics (RatisMetrics.java:unregister(43)) - Unregistering Metrics Registry : ratis.server.e27ecad8-c8c3-4bdb-8e56-23cf5ec81ff3@group-FE3FB79E145E
2020-10-09 16:27:36,268 [ForkJoinPool.commonPool-worker-0] INFO  server.GrpcService (GrpcService.java:closeImpl(183)) - e27ecad8-c8c3-4bdb-8e56-23cf5ec81ff3: shutdown server with port 34435 now
2020-10-09 16:27:36,269 [Listener at 127.0.0.1/39485] INFO  server.GrpcService (GrpcService.java:closeImpl(191)) - b7ae438d-d84f-4f04-b6fa-052f047e56a0: shutdown server with port 40771 successfully
2020-10-09 16:27:36,269 [grpc-default-executor-0] WARN  server.GrpcLogAppender (LogUtils.java:warn(122)) - 8a7ec526-2919-4356-824f-0c9004393949@group-DB9F3DA368AF->b7ae438d-d84f-4f04-b6fa-052f047e56a0-AppendLogResponseHandler: Failed appendEntries: org.apache.ratis.thirdparty.io.grpc.StatusRuntimeException: CANCELLED: HTTP/2 error code: CANCEL
Received Rst Stream
2020-10-09 16:27:36,270 [grpc-default-executor-0] WARN  server.GrpcLogAppender (GrpcLogAppender.java:resetClient(107)) - 8a7ec526-2919-4356-824f-0c9004393949@group-DB9F3DA368AF->b7ae438d-d84f-4f04-b6fa-052f047e56a0-GrpcLogAppender: Leader has not got in touch with Follower 8a7ec526-2919-4356-824f-0c9004393949@group-DB9F3DA368AF->b7ae438d-d84f-4f04-b6fa-052f047e56a0(c0,m0,n1, attendVote=true, lastRpcSendTime=2357, lastRpcResponseTime=2354) yet, just keep nextIndex unchanged and retry.
2020-10-09 16:27:36,271 [grpc-default-executor-3] WARN  server.GrpcServerProtocolService (LogUtils.java:warn(122)) - e27ecad8-c8c3-4bdb-8e56-23cf5ec81ff3: installSnapshot onError, lastRequest: 971ea0da-63f5-4acb-8c67-7c1bd783a005->e27ecad8-c8c3-4bdb-8e56-23cf5ec81ff3#1-t1, previous=(t:0, i:0), leaderCommit=0, initializing? false, entries: size=1, first=(t:1, i:0), CONFIGURATIONENTRY: org.apache.ratis.thirdparty.io.grpc.StatusRuntimeException: CANCELLED: cancelled before receiving half close
2020-10-09 16:27:36,272 [Listener at 127.0.0.1/39485] INFO  utils.BackgroundService (BackgroundService.java:shutdown(132)) - Shutting down service BlockDeletingService
2020-10-09 16:27:36,272 [ForkJoinPool.commonPool-worker-0] INFO  server.GrpcService (GrpcService.java:closeImpl(191)) - e27ecad8-c8c3-4bdb-8e56-23cf5ec81ff3: shutdown server with port 34435 successfully
2020-10-09 16:27:36,274 [ForkJoinPool.commonPool-worker-0] INFO  utils.BackgroundService (BackgroundService.java:shutdown(132)) - Shutting down service BlockDeletingService
2020-10-09 16:27:36,277 [grpc-default-executor-3] WARN  server.GrpcLogAppender (LogUtils.java:warn(122)) - 971ea0da-63f5-4acb-8c67-7c1bd783a005@group-FE3FB79E145E->e27ecad8-c8c3-4bdb-8e56-23cf5ec81ff3-AppendLogResponseHandler: Failed appendEntries: org.apache.ratis.thirdparty.io.grpc.StatusRuntimeException: CANCELLED: HTTP/2 error code: CANCEL
Received Rst Stream
2020-10-09 16:27:36,277 [grpc-default-executor-3] WARN  server.GrpcLogAppender (GrpcLogAppender.java:resetClient(107)) - 971ea0da-63f5-4acb-8c67-7c1bd783a005@group-FE3FB79E145E->e27ecad8-c8c3-4bdb-8e56-23cf5ec81ff3-GrpcLogAppender: Leader has not got in touch with Follower 971ea0da-63f5-4acb-8c67-7c1bd783a005@group-FE3FB79E145E->e27ecad8-c8c3-4bdb-8e56-23cf5ec81ff3(c0,m0,n1, attendVote=true, lastRpcSendTime=523, lastRpcResponseTime=520) yet, just keep nextIndex unchanged and retry.
2020-10-09 16:27:36,281 [ForkJoinPool.commonPool-worker-0] INFO  statemachine.DatanodeStateMachine (DatanodeStateMachine.java:stopDaemon(453)) - Ozone container server stopped.
2020-10-09 16:27:36,281 [Listener at 127.0.0.1/39485] INFO  statemachine.DatanodeStateMachine (DatanodeStateMachine.java:stopDaemon(453)) - Ozone container server stopped.
2020-10-09 16:27:36,290 [Listener at 127.0.0.1/39485] INFO  handler.ContextHandler (ContextHandler.java:doStop(1016)) - Stopped o.e.j.w.WebAppContext@141f1f50{hddsDatanode,/,null,UNAVAILABLE}{jar:file:/home/user/.m2/repository/org/apache/hadoop/hadoop-hdds-container-service/1.1.0-SNAPSHOT/hadoop-hdds-container-service-1.1.0-SNAPSHOT.jar!/webapps/hddsDatanode}
2020-10-09 16:27:36,291 [Listener at 127.0.0.1/39485] INFO  server.AbstractConnector (AbstractConnector.java:doStop(380)) - Stopped ServerConnector@444a8590{HTTP/1.1,[http/1.1]}{0.0.0.0:0}
2020-10-09 16:27:36,291 [Listener at 127.0.0.1/39485] INFO  server.session (HouseKeeper.java:stopScavenging(158)) - node0 Stopped scavenging
2020-10-09 16:27:36,293 [Listener at 127.0.0.1/39485] INFO  handler.ContextHandler (ContextHandler.java:doStop(1016)) - Stopped o.e.j.s.ServletContextHandler@7dea1f52{static,/static,jar:file:/home/user/.m2/repository/org/apache/hadoop/hadoop-hdds-container-service/1.1.0-SNAPSHOT/hadoop-hdds-container-service-1.1.0-SNAPSHOT.jar!/webapps/static,UNAVAILABLE}
2020-10-09 16:27:36,294 [Listener at 127.0.0.1/39485] INFO  handler.ContextHandler (ContextHandler.java:doStop(1016)) - Stopped o.e.j.s.ServletContextHandler@4521152b{logs,/logs,file:///github/workspace/mnt/ozone/hadoop-ozone/integration-test/target/log,UNAVAILABLE}
2020-10-09 16:27:36,302 [ForkJoinPool.commonPool-worker-0] INFO  handler.ContextHandler (ContextHandler.java:doStop(1016)) - Stopped o.e.j.w.WebAppContext@21a0719a{hddsDatanode,/,null,UNAVAILABLE}{jar:file:/home/user/.m2/repository/org/apache/hadoop/hadoop-hdds-container-service/1.1.0-SNAPSHOT/hadoop-hdds-container-service-1.1.0-SNAPSHOT.jar!/webapps/hddsDatanode}
2020-10-09 16:27:36,303 [ForkJoinPool.commonPool-worker-0] INFO  server.AbstractConnector (AbstractConnector.java:doStop(380)) - Stopped ServerConnector@6b4e57c4{HTTP/1.1,[http/1.1]}{0.0.0.0:0}
2020-10-09 16:27:36,303 [ForkJoinPool.commonPool-worker-0] INFO  server.session (HouseKeeper.java:stopScavenging(158)) - node0 Stopped scavenging
2020-10-09 16:27:36,304 [ForkJoinPool.commonPool-worker-0] INFO  handler.ContextHandler (ContextHandler.java:doStop(1016)) - Stopped o.e.j.s.ServletContextHandler@5166a393{static,/static,jar:file:/home/user/.m2/repository/org/apache/hadoop/hadoop-hdds-container-service/1.1.0-SNAPSHOT/hadoop-hdds-container-service-1.1.0-SNAPSHOT.jar!/webapps/static,UNAVAILABLE}
2020-10-09 16:27:36,305 [ForkJoinPool.commonPool-worker-0] INFO  handler.ContextHandler (ContextHandler.java:doStop(1016)) - Stopped o.e.j.s.ServletContextHandler@4ab43277{logs,/logs,file:///github/workspace/mnt/ozone/hadoop-ozone/integration-test/target/log,UNAVAILABLE}
2020-10-09 16:27:36,419 [grpc-default-executor-3] WARN  server.GrpcLogAppender (LogUtils.java:warn(122)) - 8a7ec526-2919-4356-824f-0c9004393949@group-DB9F3DA368AF->b7ae438d-d84f-4f04-b6fa-052f047e56a0-AppendLogResponseHandler: Failed appendEntries: org.apache.ratis.thirdparty.io.grpc.StatusRuntimeException: UNAVAILABLE: io exception
2020-10-09 16:27:36,420 [grpc-default-executor-3] WARN  server.GrpcLogAppender (GrpcLogAppender.java:resetClient(107)) - 8a7ec526-2919-4356-824f-0c9004393949@group-DB9F3DA368AF->b7ae438d-d84f-4f04-b6fa-052f047e56a0-GrpcLogAppender: Leader has not got in touch with Follower 8a7ec526-2919-4356-824f-0c9004393949@group-DB9F3DA368AF->b7ae438d-d84f-4f04-b6fa-052f047e56a0(c0,m0,n1, attendVote=true, lastRpcSendTime=3, lastRpcResponseTime=2504) yet, just keep nextIndex unchanged and retry.
2020-10-09 16:27:37,097 [Datanode State Machine Thread - 0] INFO  statemachine.DatanodeStateMachine (DatanodeStateMachine.java:lambda$startDaemon$0(405)) - Ozone container server started.
2020-10-09 16:27:37,183 [Datanode State Machine Thread - 0] INFO  statemachine.DatanodeStateMachine (DatanodeStateMachine.java:lambda$startDaemon$0(405)) - Ozone container server started.
2020-10-09 16:27:38,259 [grpc-default-executor-0] WARN  server.GrpcLogAppender (LogUtils.java:warn(122)) - 971ea0da-63f5-4acb-8c67-7c1bd783a005@group-FE3FB79E145E->e27ecad8-c8c3-4bdb-8e56-23cf5ec81ff3-AppendLogResponseHandler: Failed appendEntries: org.apache.ratis.thirdparty.io.grpc.StatusRuntimeException: UNAVAILABLE: io exception
2020-10-09 16:27:38,260 [grpc-default-executor-0] WARN  server.GrpcLogAppender (GrpcLogAppender.java:resetClient(107)) - 971ea0da-63f5-4acb-8c67-7c1bd783a005@group-FE3FB79E145E->e27ecad8-c8c3-4bdb-8e56-23cf5ec81ff3-GrpcLogAppender: Leader has not got in touch with Follower 971ea0da-63f5-4acb-8c67-7c1bd783a005@group-FE3FB79E145E->e27ecad8-c8c3-4bdb-8e56-23cf5ec81ff3(c0,m0,n1, attendVote=true, lastRpcSendTime=1, lastRpcResponseTime=2503) yet, just keep nextIndex unchanged and retry.
2020-10-09 16:27:38,918 [grpc-default-executor-0] WARN  server.GrpcLogAppender (LogUtils.java:warn(122)) - 8a7ec526-2919-4356-824f-0c9004393949@group-DB9F3DA368AF->b7ae438d-d84f-4f04-b6fa-052f047e56a0-AppendLogResponseHandler: Failed appendEntries: org.apache.ratis.thirdparty.io.grpc.StatusRuntimeException: UNAVAILABLE: io exception
2020-10-09 16:27:38,919 [grpc-default-executor-0] WARN  server.GrpcLogAppender (GrpcLogAppender.java:resetClient(107)) - 8a7ec526-2919-4356-824f-0c9004393949@group-DB9F3DA368AF->b7ae438d-d84f-4f04-b6fa-052f047e56a0-GrpcLogAppender: Leader has not got in touch with Follower 8a7ec526-2919-4356-824f-0c9004393949@group-DB9F3DA368AF->b7ae438d-d84f-4f04-b6fa-052f047e56a0(c0,m0,n1, attendVote=true, lastRpcSendTime=0, lastRpcResponseTime=5003) yet, just keep nextIndex unchanged and retry.
2020-10-09 16:27:40,759 [grpc-default-executor-0] WARN  server.GrpcLogAppender (LogUtils.java:warn(122)) - 971ea0da-63f5-4acb-8c67-7c1bd783a005@group-FE3FB79E145E->e27ecad8-c8c3-4bdb-8e56-23cf5ec81ff3-AppendLogResponseHandler: Failed appendEntries: org.apache.ratis.thirdparty.io.grpc.StatusRuntimeException: UNAVAILABLE: io exception
2020-10-09 16:27:40,760 [grpc-default-executor-0] WARN  server.GrpcLogAppender (GrpcLogAppender.java:resetClient(107)) - 971ea0da-63f5-4acb-8c67-7c1bd783a005@group-FE3FB79E145E->e27ecad8-c8c3-4bdb-8e56-23cf5ec81ff3-GrpcLogAppender: Leader has not got in touch with Follower 971ea0da-63f5-4acb-8c67-7c1bd783a005@group-FE3FB79E145E->e27ecad8-c8c3-4bdb-8e56-23cf5ec81ff3(c0,m0,n1, attendVote=true, lastRpcSendTime=0, lastRpcResponseTime=5003) yet, just keep nextIndex unchanged and retry.
2020-10-09 16:27:41,295 [Listener at 127.0.0.1/39485] INFO  ozoneimpl.OzoneContainer (OzoneContainer.java:stop(259)) - Attempting to stop container services.
2020-10-09 16:27:41,296 [Listener at 127.0.0.1/39485] INFO  impl.RaftServerProxy (RaftServerProxy.java:lambda$close$4(322)) - 8a7ec526-2919-4356-824f-0c9004393949: close
2020-10-09 16:27:41,296 [Listener at 127.0.0.1/39485] INFO  impl.RaftServerImpl (RaftServerImpl.java:lambda$shutdown$3(321)) - 8a7ec526-2919-4356-824f-0c9004393949@group-DB9F3DA368AF: shutdown
2020-10-09 16:27:41,296 [Listener at 127.0.0.1/39485] INFO  util.JmxRegister (JmxRegister.java:unregister(73)) - Successfully un-registered JMX Bean with object name Ratis:service=RaftServer,group=group-DB9F3DA368AF,id=8a7ec526-2919-4356-824f-0c9004393949
2020-10-09 16:27:41,296 [Listener at 127.0.0.1/39485] INFO  impl.RoleInfo (RoleInfo.java:shutdownLeaderState(104)) - 8a7ec526-2919-4356-824f-0c9004393949: shutdown LeaderState
2020-10-09 16:27:41,296 [Listener at 127.0.0.1/39485] INFO  metrics.RatisMetrics (RatisMetrics.java:unregister(43)) - Unregistering Metrics Registry : ratis_grpc.log_appender.8a7ec526-2919-4356-824f-0c9004393949@group-DB9F3DA368AF
2020-10-09 16:27:41,297 [Listener at 127.0.0.1/39485] INFO  metrics.RatisMetrics (RatisMetrics.java:unregister(43)) - Unregistering Metrics Registry : ratis_grpc.log_appender.8a7ec526-2919-4356-824f-0c9004393949@group-DB9F3DA368AF
2020-10-09 16:27:41,297 [org.apache.ratis.server.impl.LogAppender$AppenderDaemon$$Lambda$460/764500510@2bb9b93] WARN  server.GrpcLogAppender (GrpcLogAppender.java:mayWait(168)) - 8a7ec526-2919-4356-824f-0c9004393949@group-DB9F3DA368AF->42f7c000-5a7c-41d7-b460-f0da582d6e91-GrpcLogAppender: Wait interrupted by java.lang.InterruptedException
2020-10-09 16:27:41,297 [Listener at 127.0.0.1/39485] INFO  impl.PendingRequests (PendingRequests.java:sendNotLeaderResponses(249)) - 8a7ec526-2919-4356-824f-0c9004393949@group-DB9F3DA368AF-PendingRequests: sendNotLeaderResponses
2020-10-09 16:27:41,300 [Listener at 127.0.0.1/39485] INFO  metrics.RatisMetrics (RatisMetrics.java:unregister(43)) - Unregistering Metrics Registry : ratis.log_appender.8a7ec526-2919-4356-824f-0c9004393949@group-DB9F3DA368AF
2020-10-09 16:27:41,300 [Listener at 127.0.0.1/39485] INFO  metrics.RatisMetrics (RatisMetrics.java:unregister(43)) - Unregistering Metrics Registry : ratis.server.8a7ec526-2919-4356-824f-0c9004393949@group-DB9F3DA368AF
2020-10-09 16:27:41,297 [org.apache.ratis.server.impl.LogAppender$AppenderDaemon$$Lambda$460/764500510@51095e89] WARN  server.GrpcLogAppender (GrpcLogAppender.java:mayWait(168)) - 8a7ec526-2919-4356-824f-0c9004393949@group-DB9F3DA368AF->b7ae438d-d84f-4f04-b6fa-052f047e56a0-GrpcLogAppender: Wait interrupted by java.lang.InterruptedException
2020-10-09 16:27:41,300 [grpc-default-executor-0] INFO  server.GrpcServerProtocolService (GrpcServerProtocolService.java:onCompleted(138)) - 42f7c000-5a7c-41d7-b460-f0da582d6e91: Completed APPEND_ENTRIES, lastRequest: 8a7ec526-2919-4356-824f-0c9004393949->42f7c000-5a7c-41d7-b460-f0da582d6e91#1-t1, previous=(t:0, i:0), leaderCommit=-1, initializing? false, entries: size=1, first=(t:1, i:0), CONFIGURATIONENTRY
2020-10-09 16:27:41,301 [Listener at 127.0.0.1/39485] INFO  impl.StateMachineUpdater (StateMachineUpdater.java:stopAndJoin(142)) - 8a7ec526-2919-4356-824f-0c9004393949@group-DB9F3DA368AF-StateMachineUpdater: set stopIndex = 0
2020-10-09 16:27:41,301 [8a7ec526-2919-4356-824f-0c9004393949@group-DB9F3DA368AF-StateMachineUpdater] INFO  ratis.ContainerStateMachine (ContainerStateMachine.java:takeSnapshot(293)) - group-DB9F3DA368AF: Taking a snapshot at:(t:1, i:0) file /github/workspace/mnt/ozone/hadoop-ozone/integration-test/target/test-dir/MiniOzoneClusterImpl-c5028e9e-dbc6-4f7d-99b7-5a0387eddaa2/datanode-3/data/ratis/8503b725-867c-4cb1-90e8-db9f3da368af/sm/snapshot.1_0
2020-10-09 16:27:41,303 [grpc-default-executor-3] INFO  server.GrpcLogAppender (GrpcLogAppender.java:onCompleted(336)) - 8a7ec526-2919-4356-824f-0c9004393949@group-DB9F3DA368AF->42f7c000-5a7c-41d7-b460-f0da582d6e91-AppendLogResponseHandler: follower responses appendEntries COMPLETED
2020-10-09 16:27:41,303 [grpc-default-executor-3] INFO  impl.FollowerInfo (FollowerInfo.java:lambda$new$0(51)) - 8a7ec526-2919-4356-824f-0c9004393949@group-DB9F3DA368AF->42f7c000-5a7c-41d7-b460-f0da582d6e91: nextIndex: updateUnconditionally 1 -> 0
2020-10-09 16:27:41,303 [8a7ec526-2919-4356-824f-0c9004393949@group-DB9F3DA368AF-StateMachineUpdater] INFO  ratis.ContainerStateMachine (ContainerStateMachine.java:takeSnapshot(304)) - group-DB9F3DA368AF: Finished taking a snapshot at:(t:1, i:0) file:/github/workspace/mnt/ozone/hadoop-ozone/integration-test/target/test-dir/MiniOzoneClusterImpl-c5028e9e-dbc6-4f7d-99b7-5a0387eddaa2/datanode-3/data/ratis/8503b725-867c-4cb1-90e8-db9f3da368af/sm/snapshot.1_0 time:2
2020-10-09 16:27:41,304 [8a7ec526-2919-4356-824f-0c9004393949@group-DB9F3DA368AF-StateMachineUpdater] INFO  impl.StateMachineUpdater (StateMachineUpdater.java:takeSnapshot(277)) - 8a7ec526-2919-4356-824f-0c9004393949@group-DB9F3DA368AF-StateMachineUpdater: Took a snapshot at index 0
2020-10-09 16:27:41,304 [8a7ec526-2919-4356-824f-0c9004393949@group-DB9F3DA368AF-StateMachineUpdater] INFO  impl.StateMachineUpdater (StateMachineUpdater.java:lambda$new$0(87)) - 8a7ec526-2919-4356-824f-0c9004393949@group-DB9F3DA368AF-StateMachineUpdater: snapshotIndex: updateIncreasingly -1 -> 0
2020-10-09 16:27:41,304 [8a7ec526-2919-4356-824f-0c9004393949@group-DB9F3DA368AF-StateMachineUpdater] INFO  metrics.RatisMetrics (RatisMetrics.java:unregister(43)) - Unregistering Metrics Registry : ratis.state_machine.8a7ec526-2919-4356-824f-0c9004393949@group-DB9F3DA368AF
2020-10-09 16:27:41,304 [Listener at 127.0.0.1/39485] INFO  impl.RaftServerImpl (ServerState.java:close(405)) - 8a7ec526-2919-4356-824f-0c9004393949@group-DB9F3DA368AF: closes. applyIndex: 0
2020-10-09 16:27:41,304 [8a7ec526-2919-4356-824f-0c9004393949@group-DB9F3DA368AF-SegmentedRaftLogWorker] INFO  segmented.SegmentedRaftLogWorker (SegmentedRaftLogWorker.java:run(327)) - 8a7ec526-2919-4356-824f-0c9004393949@group-DB9F3DA368AF-SegmentedRaftLogWorker was interrupted, exiting. There are 0 tasks remaining in the queue.
2020-10-09 16:27:41,305 [Listener at 127.0.0.1/39485] INFO  segmented.SegmentedRaftLogWorker (SegmentedRaftLogWorker.java:close(234)) - 8a7ec526-2919-4356-824f-0c9004393949@group-DB9F3DA368AF-SegmentedRaftLogWorker close()
2020-10-09 16:27:41,307 [Listener at 127.0.0.1/39485] INFO  metrics.RatisMetrics (RatisMetrics.java:unregister(43)) - Unregistering Metrics Registry : ratis.log_worker.8a7ec526-2919-4356-824f-0c9004393949@group-DB9F3DA368AF
2020-10-09 16:27:41,307 [ForkJoinPool.commonPool-worker-0] INFO  ozoneimpl.OzoneContainer (OzoneContainer.java:stop(259)) - Attempting to stop container services.
2020-10-09 16:27:41,307 [ForkJoinPool.commonPool-worker-0] INFO  impl.RaftServerProxy (RaftServerProxy.java:lambda$close$4(322)) - 971ea0da-63f5-4acb-8c67-7c1bd783a005: close
2020-10-09 16:27:41,308 [ForkJoinPool.commonPool-worker-0] INFO  impl.RaftServerImpl (RaftServerImpl.java:lambda$shutdown$3(321)) - 971ea0da-63f5-4acb-8c67-7c1bd783a005@group-FE3FB79E145E: shutdown
2020-10-09 16:27:41,308 [ForkJoinPool.commonPool-worker-0] INFO  util.JmxRegister (JmxRegister.java:unregister(73)) - Successfully un-registered JMX Bean with object name Ratis:service=RaftServer,group=group-FE3FB79E145E,id=971ea0da-63f5-4acb-8c67-7c1bd783a005
2020-10-09 16:27:41,308 [ForkJoinPool.commonPool-worker-0] INFO  impl.RoleInfo (RoleInfo.java:shutdownLeaderState(104)) - 971ea0da-63f5-4acb-8c67-7c1bd783a005: shutdown LeaderState
2020-10-09 16:27:41,308 [ForkJoinPool.commonPool-worker-0] INFO  metrics.RatisMetrics (RatisMetrics.java:unregister(43)) - Unregistering Metrics Registry : ratis_grpc.log_appender.971ea0da-63f5-4acb-8c67-7c1bd783a005@group-FE3FB79E145E
2020-10-09 16:27:41,308 [ForkJoinPool.commonPool-worker-0] INFO  metrics.RatisMetrics (RatisMetrics.java:unregister(43)) - Unregistering Metrics Registry : ratis_grpc.log_appender.971ea0da-63f5-4acb-8c67-7c1bd783a005@group-FE3FB79E145E
2020-10-09 16:27:41,307 [Listener at 127.0.0.1/39485] INFO  metrics.RatisMetrics (RatisMetrics.java:unregister(43)) - Unregistering Metrics Registry : ratis.leader_election.8a7ec526-2919-4356-824f-0c9004393949@group-DB9F3DA368AF
2020-10-09 16:27:41,308 [ForkJoinPool.commonPool-worker-0] INFO  impl.PendingRequests (PendingRequests.java:sendNotLeaderResponses(249)) - 971ea0da-63f5-4acb-8c67-7c1bd783a005@group-FE3FB79E145E-PendingRequests: sendNotLeaderResponses
2020-10-09 16:27:41,309 [ForkJoinPool.commonPool-worker-0] INFO  metrics.RatisMetrics (RatisMetrics.java:unregister(43)) - Unregistering Metrics Registry : ratis.log_appender.971ea0da-63f5-4acb-8c67-7c1bd783a005@group-FE3FB79E145E
2020-10-09 16:27:41,309 [ForkJoinPool.commonPool-worker-0] INFO  metrics.RatisMetrics (RatisMetrics.java:unregister(43)) - Unregistering Metrics Registry : ratis.server.971ea0da-63f5-4acb-8c67-7c1bd783a005@group-FE3FB79E145E
2020-10-09 16:27:41,309 [ForkJoinPool.commonPool-worker-0] INFO  impl.StateMachineUpdater (StateMachineUpdater.java:stopAndJoin(142)) - 971ea0da-63f5-4acb-8c67-7c1bd783a005@group-FE3FB79E145E-StateMachineUpdater: set stopIndex = 0
2020-10-09 16:27:41,310 [Listener at 127.0.0.1/39485] INFO  metrics.RatisMetrics (RatisMetrics.java:unregister(43)) - Unregistering Metrics Registry : ratis.server.8a7ec526-2919-4356-824f-0c9004393949@group-DB9F3DA368AF
2020-10-09 16:27:41,308 [org.apache.ratis.server.impl.LogAppender$AppenderDaemon$$Lambda$460/764500510@1cacc3b0] WARN  server.GrpcLogAppender (GrpcLogAppender.java:mayWait(168)) - 971ea0da-63f5-4acb-8c67-7c1bd783a005@group-FE3FB79E145E->e27ecad8-c8c3-4bdb-8e56-23cf5ec81ff3-GrpcLogAppender: Wait interrupted by java.lang.InterruptedException
2020-10-09 16:27:41,308 [org.apache.ratis.server.impl.LogAppender$AppenderDaemon$$Lambda$460/764500510@6ab91554] WARN  server.GrpcLogAppender (GrpcLogAppender.java:mayWait(168)) - 971ea0da-63f5-4acb-8c67-7c1bd783a005@group-FE3FB79E145E->6a499dda-a250-4daa-aa17-9ec32443242a-GrpcLogAppender: Wait interrupted by java.lang.InterruptedException
2020-10-09 16:27:41,310 [Listener at 127.0.0.1/39485] INFO  impl.RaftServerImpl (RaftServerImpl.java:lambda$shutdown$3(321)) - 8a7ec526-2919-4356-824f-0c9004393949@group-AA85CD6789DC: shutdown
2020-10-09 16:27:41,310 [Listener at 127.0.0.1/39485] INFO  util.JmxRegister (JmxRegister.java:unregister(73)) - Successfully un-registered JMX Bean with object name Ratis:service=RaftServer,group=group-AA85CD6789DC,id=8a7ec526-2919-4356-824f-0c9004393949
2020-10-09 16:27:41,310 [Listener at 127.0.0.1/39485] INFO  impl.RoleInfo (RoleInfo.java:shutdownLeaderState(104)) - 8a7ec526-2919-4356-824f-0c9004393949: shutdown LeaderState
2020-10-09 16:27:41,310 [971ea0da-63f5-4acb-8c67-7c1bd783a005@group-FE3FB79E145E-StateMachineUpdater] INFO  ratis.ContainerStateMachine (ContainerStateMachine.java:takeSnapshot(293)) - group-FE3FB79E145E: Taking a snapshot at:(t:1, i:0) file /github/workspace/mnt/ozone/hadoop-ozone/integration-test/target/test-dir/MiniOzoneClusterImpl-c5028e9e-dbc6-4f7d-99b7-5a0387eddaa2/datanode-2/data/ratis/2f7f8ffa-1739-4262-bec8-fe3fb79e145e/sm/snapshot.1_0
2020-10-09 16:27:41,311 [Listener at 127.0.0.1/39485] INFO  impl.PendingRequests (PendingRequests.java:sendNotLeaderResponses(249)) - 8a7ec526-2919-4356-824f-0c9004393949@group-AA85CD6789DC-PendingRequests: sendNotLeaderResponses
2020-10-09 16:27:41,311 [grpc-default-executor-3] INFO  server.GrpcServerProtocolService (GrpcServerProtocolService.java:onCompleted(138)) - 6a499dda-a250-4daa-aa17-9ec32443242a: Completed APPEND_ENTRIES, lastRequest: 971ea0da-63f5-4acb-8c67-7c1bd783a005->6a499dda-a250-4daa-aa17-9ec32443242a#1-t1, previous=(t:0, i:0), leaderCommit=0, initializing? false, entries: size=1, first=(t:1, i:0), CONFIGURATIONENTRY
2020-10-09 16:27:41,311 [971ea0da-63f5-4acb-8c67-7c1bd783a005@group-FE3FB79E145E-StateMachineUpdater] INFO  ratis.ContainerStateMachine (ContainerStateMachine.java:takeSnapshot(304)) - group-FE3FB79E145E: Finished taking a snapshot at:(t:1, i:0) file:/github/workspace/mnt/ozone/hadoop-ozone/integration-test/target/test-dir/MiniOzoneClusterImpl-c5028e9e-dbc6-4f7d-99b7-5a0387eddaa2/datanode-2/data/ratis/2f7f8ffa-1739-4262-bec8-fe3fb79e145e/sm/snapshot.1_0 time:2
2020-10-09 16:27:41,312 [971ea0da-63f5-4acb-8c67-7c1bd783a005@group-FE3FB79E145E-StateMachineUpdater] INFO  impl.StateMachineUpdater (StateMachineUpdater.java:takeSnapshot(277)) - 971ea0da-63f5-4acb-8c67-7c1bd783a005@group-FE3FB79E145E-StateMachineUpdater: Took a snapshot at index 0
2020-10-09 16:27:41,312 [971ea0da-63f5-4acb-8c67-7c1bd783a005@group-FE3FB79E145E-StateMachineUpdater] INFO  impl.StateMachineUpdater (StateMachineUpdater.java:lambda$new$0(87)) - 971ea0da-63f5-4acb-8c67-7c1bd783a005@group-FE3FB79E145E-StateMachineUpdater: snapshotIndex: updateIncreasingly -1 -> 0
2020-10-09 16:27:41,312 [971ea0da-63f5-4acb-8c67-7c1bd783a005@group-FE3FB79E145E-StateMachineUpdater] INFO  metrics.RatisMetrics (RatisMetrics.java:unregister(43)) - Unregistering Metrics Registry : ratis.state_machine.971ea0da-63f5-4acb-8c67-7c1bd783a005@group-FE3FB79E145E
2020-10-09 16:27:41,312 [ForkJoinPool.commonPool-worker-0] INFO  impl.RaftServerImpl (ServerState.java:close(405)) - 971ea0da-63f5-4acb-8c67-7c1bd783a005@group-FE3FB79E145E: closes. applyIndex: 0
2020-10-09 16:27:41,312 [971ea0da-63f5-4acb-8c67-7c1bd783a005@group-FE3FB79E145E-SegmentedRaftLogWorker] INFO  segmented.SegmentedRaftLogWorker (SegmentedRaftLogWorker.java:run(327)) - 971ea0da-63f5-4acb-8c67-7c1bd783a005@group-FE3FB79E145E-SegmentedRaftLogWorker was interrupted, exiting. There are 0 tasks remaining in the queue.
2020-10-09 16:27:41,313 [grpc-default-executor-0] INFO  server.GrpcLogAppender (GrpcLogAppender.java:onCompleted(336)) - 971ea0da-63f5-4acb-8c67-7c1bd783a005@group-FE3FB79E145E->6a499dda-a250-4daa-aa17-9ec32443242a-AppendLogResponseHandler: follower responses appendEntries COMPLETED
2020-10-09 16:27:41,313 [grpc-default-executor-0] INFO  impl.FollowerInfo (FollowerInfo.java:lambda$new$0(51)) - 971ea0da-63f5-4acb-8c67-7c1bd783a005@group-FE3FB79E145E->6a499dda-a250-4daa-aa17-9ec32443242a: nextIndex: updateUnconditionally 1 -> 0
2020-10-09 16:27:41,314 [ForkJoinPool.commonPool-worker-0] INFO  segmented.SegmentedRaftLogWorker (SegmentedRaftLogWorker.java:close(234)) - 971ea0da-63f5-4acb-8c67-7c1bd783a005@group-FE3FB79E145E-SegmentedRaftLogWorker close()
2020-10-09 16:27:41,316 [ForkJoinPool.commonPool-worker-0] INFO  metrics.RatisMetrics (RatisMetrics.java:unregister(43)) - Unregistering Metrics Registry : ratis.log_worker.971ea0da-63f5-4acb-8c67-7c1bd783a005@group-FE3FB79E145E
2020-10-09 16:27:41,317 [ForkJoinPool.commonPool-worker-0] INFO  metrics.RatisMetrics (RatisMetrics.java:unregister(43)) - Unregistering Metrics Registry : ratis.leader_election.971ea0da-63f5-4acb-8c67-7c1bd783a005@group-FE3FB79E145E
2020-10-09 16:27:41,317 [ForkJoinPool.commonPool-worker-0] INFO  metrics.RatisMetrics (RatisMetrics.java:unregister(43)) - Unregistering Metrics Registry : ratis.server.971ea0da-63f5-4acb-8c67-7c1bd783a005@group-FE3FB79E145E
2020-10-09 16:27:41,317 [ForkJoinPool.commonPool-worker-0] INFO  impl.RaftServerImpl (RaftServerImpl.java:lambda$shutdown$3(321)) - 971ea0da-63f5-4acb-8c67-7c1bd783a005@group-0F87E13491E8: shutdown
2020-10-09 16:27:41,317 [ForkJoinPool.commonPool-worker-0] INFO  util.JmxRegister (JmxRegister.java:unregister(73)) - Successfully un-registered JMX Bean with object name Ratis:service=RaftServer,group=group-0F87E13491E8,id=971ea0da-63f5-4acb-8c67-7c1bd783a005
2020-10-09 16:27:41,317 [ForkJoinPool.commonPool-worker-0] INFO  impl.RoleInfo (RoleInfo.java:shutdownLeaderState(104)) - 971ea0da-63f5-4acb-8c67-7c1bd783a005: shutdown LeaderState
2020-10-09 16:27:41,317 [ForkJoinPool.commonPool-worker-0] INFO  impl.PendingRequests (PendingRequests.java:sendNotLeaderResponses(249)) - 971ea0da-63f5-4acb-8c67-7c1bd783a005@group-0F87E13491E8-PendingRequests: sendNotLeaderResponses
2020-10-09 16:27:41,317 [ForkJoinPool.commonPool-worker-0] INFO  metrics.RatisMetrics (RatisMetrics.java:unregister(43)) - Unregistering Metrics Registry : ratis.log_appender.971ea0da-63f5-4acb-8c67-7c1bd783a005@group-0F87E13491E8
2020-10-09 16:27:41,318 [ForkJoinPool.commonPool-worker-0] INFO  metrics.RatisMetrics (RatisMetrics.java:unregister(43)) - Unregistering Metrics Registry : ratis.server.971ea0da-63f5-4acb-8c67-7c1bd783a005@group-0F87E13491E8
2020-10-09 16:27:41,318 [ForkJoinPool.commonPool-worker-0] INFO  impl.StateMachineUpdater (StateMachineUpdater.java:stopAndJoin(142)) - 971ea0da-63f5-4acb-8c67-7c1bd783a005@group-0F87E13491E8-StateMachineUpdater: set stopIndex = 0
2020-10-09 16:27:41,319 [971ea0da-63f5-4acb-8c67-7c1bd783a005@group-0F87E13491E8-StateMachineUpdater] INFO  ratis.ContainerStateMachine (ContainerStateMachine.java:takeSnapshot(293)) - group-0F87E13491E8: Taking a snapshot at:(t:1, i:0) file /github/workspace/mnt/ozone/hadoop-ozone/integration-test/target/test-dir/MiniOzoneClusterImpl-c5028e9e-dbc6-4f7d-99b7-5a0387eddaa2/datanode-2/data/ratis/751a2c45-bcaa-4724-b7c6-0f87e13491e8/sm/snapshot.1_0
2020-10-09 16:27:41,320 [971ea0da-63f5-4acb-8c67-7c1bd783a005@group-0F87E13491E8-StateMachineUpdater] INFO  ratis.ContainerStateMachine (ContainerStateMachine.java:takeSnapshot(304)) - group-0F87E13491E8: Finished taking a snapshot at:(t:1, i:0) file:/github/workspace/mnt/ozone/hadoop-ozone/integration-test/target/test-dir/MiniOzoneClusterImpl-c5028e9e-dbc6-4f7d-99b7-5a0387eddaa2/datanode-2/data/ratis/751a2c45-bcaa-4724-b7c6-0f87e13491e8/sm/snapshot.1_0 time:1
2020-10-09 16:27:41,320 [971ea0da-63f5-4acb-8c67-7c1bd783a005@group-0F87E13491E8-StateMachineUpdater] INFO  impl.StateMachineUpdater (StateMachineUpdater.java:takeSnapshot(277)) - 971ea0da-63f5-4acb-8c67-7c1bd783a005@group-0F87E13491E8-StateMachineUpdater: Took a snapshot at index 0
2020-10-09 16:27:41,320 [971ea0da-63f5-4acb-8c67-7c1bd783a005@group-0F87E13491E8-StateMachineUpdater] INFO  impl.StateMachineUpdater (StateMachineUpdater.java:lambda$new$0(87)) - 971ea0da-63f5-4acb-8c67-7c1bd783a005@group-0F87E13491E8-StateMachineUpdater: snapshotIndex: updateIncreasingly -1 -> 0
2020-10-09 16:27:41,320 [971ea0da-63f5-4acb-8c67-7c1bd783a005@group-0F87E13491E8-StateMachineUpdater] INFO  metrics.RatisMetrics (RatisMetrics.java:unregister(43)) - Unregistering Metrics Registry : ratis.state_machine.971ea0da-63f5-4acb-8c67-7c1bd783a005@group-0F87E13491E8
2020-10-09 16:27:41,321 [ForkJoinPool.commonPool-worker-0] INFO  impl.RaftServerImpl (ServerState.java:close(405)) - 971ea0da-63f5-4acb-8c67-7c1bd783a005@group-0F87E13491E8: closes. applyIndex: 0
2020-10-09 16:27:41,321 [971ea0da-63f5-4acb-8c67-7c1bd783a005@group-0F87E13491E8-SegmentedRaftLogWorker] INFO  segmented.SegmentedRaftLogWorker (SegmentedRaftLogWorker.java:run(327)) - 971ea0da-63f5-4acb-8c67-7c1bd783a005@group-0F87E13491E8-SegmentedRaftLogWorker was interrupted, exiting. There are 0 tasks remaining in the queue.
2020-10-09 16:27:41,323 [Listener at 127.0.0.1/39485] INFO  metrics.RatisMetrics (RatisMetrics.java:unregister(43)) - Unregistering Metrics Registry : ratis.log_appender.8a7ec526-2919-4356-824f-0c9004393949@group-AA85CD6789DC
2020-10-09 16:27:41,323 [Listener at 127.0.0.1/39485] INFO  metrics.RatisMetrics (RatisMetrics.java:unregister(43)) - Unregistering Metrics Registry : ratis.server.8a7ec526-2919-4356-824f-0c9004393949@group-AA85CD6789DC
2020-10-09 16:27:41,324 [8a7ec526-2919-4356-824f-0c9004393949@group-AA85CD6789DC-StateMachineUpdater] INFO  ratis.ContainerStateMachine (ContainerStateMachine.java:takeSnapshot(293)) - group-AA85CD6789DC: Taking a snapshot at:(t:1, i:10) file /github/workspace/mnt/ozone/hadoop-ozone/integration-test/target/test-dir/MiniOzoneClusterImpl-c5028e9e-dbc6-4f7d-99b7-5a0387eddaa2/datanode-3/data/ratis/4552e9d3-6a06-4dfe-8a1b-aa85cd6789dc/sm/snapshot.1_10
2020-10-09 16:27:41,324 [Listener at 127.0.0.1/39485] INFO  impl.StateMachineUpdater (StateMachineUpdater.java:stopAndJoin(142)) - 8a7ec526-2919-4356-824f-0c9004393949@group-AA85CD6789DC-StateMachineUpdater: set stopIndex = 10
2020-10-09 16:27:41,334 [8a7ec526-2919-4356-824f-0c9004393949@group-AA85CD6789DC-StateMachineUpdater] INFO  ratis.ContainerStateMachine (ContainerStateMachine.java:takeSnapshot(304)) - group-AA85CD6789DC: Finished taking a snapshot at:(t:1, i:10) file:/github/workspace/mnt/ozone/hadoop-ozone/integration-test/target/test-dir/MiniOzoneClusterImpl-c5028e9e-dbc6-4f7d-99b7-5a0387eddaa2/datanode-3/data/ratis/4552e9d3-6a06-4dfe-8a1b-aa85cd6789dc/sm/snapshot.1_10 time:10
2020-10-09 16:27:41,334 [8a7ec526-2919-4356-824f-0c9004393949@group-AA85CD6789DC-StateMachineUpdater] INFO  impl.StateMachineUpdater (StateMachineUpdater.java:takeSnapshot(277)) - 8a7ec526-2919-4356-824f-0c9004393949@group-AA85CD6789DC-StateMachineUpdater: Took a snapshot at index 10
2020-10-09 16:27:41,334 [8a7ec526-2919-4356-824f-0c9004393949@group-AA85CD6789DC-StateMachineUpdater] INFO  impl.StateMachineUpdater (StateMachineUpdater.java:lambda$new$0(87)) - 8a7ec526-2919-4356-824f-0c9004393949@group-AA85CD6789DC-StateMachineUpdater: snapshotIndex: updateIncreasingly -1 -> 10
2020-10-09 16:27:41,334 [8a7ec526-2919-4356-824f-0c9004393949@group-AA85CD6789DC-StateMachineUpdater] INFO  metrics.RatisMetrics (RatisMetrics.java:unregister(43)) - Unregistering Metrics Registry : ratis.state_machine.8a7ec526-2919-4356-824f-0c9004393949@group-AA85CD6789DC
2020-10-09 16:27:41,335 [ForkJoinPool.commonPool-worker-0] INFO  segmented.SegmentedRaftLogWorker (SegmentedRaftLogWorker.java:close(234)) - 971ea0da-63f5-4acb-8c67-7c1bd783a005@group-0F87E13491E8-SegmentedRaftLogWorker close()
2020-10-09 16:27:41,335 [Listener at 127.0.0.1/39485] INFO  impl.RaftServerImpl (ServerState.java:close(405)) - 8a7ec526-2919-4356-824f-0c9004393949@group-AA85CD6789DC: closes. applyIndex: 10
2020-10-09 16:27:41,335 [8a7ec526-2919-4356-824f-0c9004393949@group-AA85CD6789DC-SegmentedRaftLogWorker] INFO  segmented.SegmentedRaftLogWorker (SegmentedRaftLogWorker.java:run(327)) - 8a7ec526-2919-4356-824f-0c9004393949@group-AA85CD6789DC-SegmentedRaftLogWorker was interrupted, exiting. There are 0 tasks remaining in the queue.
2020-10-09 16:27:41,342 [ForkJoinPool.commonPool-worker-0] INFO  metrics.RatisMetrics (RatisMetrics.java:unregister(43)) - Unregistering Metrics Registry : ratis.log_worker.971ea0da-63f5-4acb-8c67-7c1bd783a005@group-0F87E13491E8
2020-10-09 16:27:41,342 [ForkJoinPool.commonPool-worker-0] INFO  metrics.RatisMetrics (RatisMetrics.java:unregister(43)) - Unregistering Metrics Registry : ratis.leader_election.971ea0da-63f5-4acb-8c67-7c1bd783a005@group-0F87E13491E8
2020-10-09 16:27:41,342 [ForkJoinPool.commonPool-worker-0] INFO  metrics.RatisMetrics (RatisMetrics.java:unregister(43)) - Unregistering Metrics Registry : ratis.server.971ea0da-63f5-4acb-8c67-7c1bd783a005@group-0F87E13491E8
2020-10-09 16:27:41,342 [ForkJoinPool.commonPool-worker-0] INFO  server.GrpcService (GrpcService.java:closeImpl(183)) - 971ea0da-63f5-4acb-8c67-7c1bd783a005: shutdown server with port 43703 now
2020-10-09 16:27:41,343 [Listener at 127.0.0.1/39485] INFO  segmented.SegmentedRaftLogWorker (SegmentedRaftLogWorker.java:close(234)) - 8a7ec526-2919-4356-824f-0c9004393949@group-AA85CD6789DC-SegmentedRaftLogWorker close()
2020-10-09 16:27:41,344 [Listener at 127.0.0.1/39485] INFO  metrics.RatisMetrics (RatisMetrics.java:unregister(43)) - Unregistering Metrics Registry : ratis.log_worker.8a7ec526-2919-4356-824f-0c9004393949@group-AA85CD6789DC
2020-10-09 16:27:41,345 [Listener at 127.0.0.1/39485] INFO  metrics.RatisMetrics (RatisMetrics.java:unregister(43)) - Unregistering Metrics Registry : ratis.leader_election.8a7ec526-2919-4356-824f-0c9004393949@group-AA85CD6789DC
2020-10-09 16:27:41,345 [Listener at 127.0.0.1/39485] INFO  metrics.RatisMetrics (RatisMetrics.java:unregister(43)) - Unregistering Metrics Registry : ratis.server.8a7ec526-2919-4356-824f-0c9004393949@group-AA85CD6789DC
2020-10-09 16:27:41,345 [Listener at 127.0.0.1/39485] INFO  server.GrpcService (GrpcService.java:closeImpl(183)) - 8a7ec526-2919-4356-824f-0c9004393949: shutdown server with port 38681 now
2020-10-09 16:27:41,348 [ForkJoinPool.commonPool-worker-0] INFO  server.GrpcService (GrpcService.java:closeImpl(191)) - 971ea0da-63f5-4acb-8c67-7c1bd783a005: shutdown server with port 43703 successfully
2020-10-09 16:27:41,349 [ForkJoinPool.commonPool-worker-0] INFO  utils.BackgroundService (BackgroundService.java:shutdown(132)) - Shutting down service BlockDeletingService
2020-10-09 16:27:41,350 [Listener at 127.0.0.1/39485] INFO  server.GrpcService (GrpcService.java:closeImpl(191)) - 8a7ec526-2919-4356-824f-0c9004393949: shutdown server with port 38681 successfully
2020-10-09 16:27:41,350 [Listener at 127.0.0.1/39485] INFO  utils.BackgroundService (BackgroundService.java:shutdown(132)) - Shutting down service BlockDeletingService
2020-10-09 16:27:41,356 [Listener at 127.0.0.1/39485] INFO  statemachine.DatanodeStateMachine (DatanodeStateMachine.java:stopDaemon(453)) - Ozone container server stopped.
2020-10-09 16:27:41,356 [ForkJoinPool.commonPool-worker-0] INFO  statemachine.DatanodeStateMachine (DatanodeStateMachine.java:stopDaemon(453)) - Ozone container server stopped.
2020-10-09 16:27:41,368 [Listener at 127.0.0.1/39485] INFO  handler.ContextHandler (ContextHandler.java:doStop(1016)) - Stopped o.e.j.w.WebAppContext@1e7cd96d{hddsDatanode,/,null,UNAVAILABLE}{jar:file:/home/user/.m2/repository/org/apache/hadoop/hadoop-hdds-container-service/1.1.0-SNAPSHOT/hadoop-hdds-container-service-1.1.0-SNAPSHOT.jar!/webapps/hddsDatanode}
2020-10-09 16:27:41,369 [Listener at 127.0.0.1/39485] INFO  server.AbstractConnector (AbstractConnector.java:doStop(380)) - Stopped ServerConnector@7c690a5b{HTTP/1.1,[http/1.1]}{0.0.0.0:0}
2020-10-09 16:27:41,369 [Listener at 127.0.0.1/39485] INFO  server.session (HouseKeeper.java:stopScavenging(158)) - node0 Stopped scavenging
2020-10-09 16:27:41,369 [Listener at 127.0.0.1/39485] INFO  handler.ContextHandler (ContextHandler.java:doStop(1016)) - Stopped o.e.j.s.ServletContextHandler@60bdce4{static,/static,jar:file:/home/user/.m2/repository/org/apache/hadoop/hadoop-hdds-container-service/1.1.0-SNAPSHOT/hadoop-hdds-container-service-1.1.0-SNAPSHOT.jar!/webapps/static,UNAVAILABLE}
2020-10-09 16:27:41,369 [Listener at 127.0.0.1/39485] INFO  handler.ContextHandler (ContextHandler.java:doStop(1016)) - Stopped o.e.j.s.ServletContextHandler@69abc618{logs,/logs,file:///github/workspace/mnt/ozone/hadoop-ozone/integration-test/target/log,UNAVAILABLE}
2020-10-09 16:27:41,377 [ForkJoinPool.commonPool-worker-0] INFO  handler.ContextHandler (ContextHandler.java:doStop(1016)) - Stopped o.e.j.w.WebAppContext@3284427b{hddsDatanode,/,null,UNAVAILABLE}{jar:file:/home/user/.m2/repository/org/apache/hadoop/hadoop-hdds-container-service/1.1.0-SNAPSHOT/hadoop-hdds-container-service-1.1.0-SNAPSHOT.jar!/webapps/hddsDatanode}
2020-10-09 16:27:41,378 [ForkJoinPool.commonPool-worker-0] INFO  server.AbstractConnector (AbstractConnector.java:doStop(380)) - Stopped ServerConnector@6b279868{HTTP/1.1,[http/1.1]}{0.0.0.0:0}
2020-10-09 16:27:41,378 [ForkJoinPool.commonPool-worker-0] INFO  server.session (HouseKeeper.java:stopScavenging(158)) - node0 Stopped scavenging
2020-10-09 16:27:41,379 [ForkJoinPool.commonPool-worker-0] INFO  handler.ContextHandler (ContextHandler.java:doStop(1016)) - Stopped o.e.j.s.ServletContextHandler@50343fd1{static,/static,jar:file:/home/user/.m2/repository/org/apache/hadoop/hadoop-hdds-container-service/1.1.0-SNAPSHOT/hadoop-hdds-container-service-1.1.0-SNAPSHOT.jar!/webapps/static,UNAVAILABLE}
2020-10-09 16:27:41,380 [ForkJoinPool.commonPool-worker-0] INFO  handler.ContextHandler (ContextHandler.java:doStop(1016)) - Stopped o.e.j.s.ServletContextHandler@6c8bcc1a{logs,/logs,file:///github/workspace/mnt/ozone/hadoop-ozone/integration-test/target/log,UNAVAILABLE}
2020-10-09 16:27:41,553 [Datanode State Machine Thread - 0] INFO  statemachine.DatanodeStateMachine (DatanodeStateMachine.java:lambda$startDaemon$0(405)) - Ozone container server started.
2020-10-09 16:27:41,973 [Datanode State Machine Thread - 0] INFO  statemachine.DatanodeStateMachine (DatanodeStateMachine.java:lambda$startDaemon$0(405)) - Ozone container server started.
2020-10-09 16:27:46,371 [Listener at 127.0.0.1/39485] INFO  ozoneimpl.OzoneContainer (OzoneContainer.java:stop(259)) - Attempting to stop container services.
2020-10-09 16:27:46,372 [Listener at 127.0.0.1/39485] INFO  impl.RaftServerProxy (RaftServerProxy.java:lambda$close$4(322)) - b161a03a-6ea2-4c37-959f-34fa307bd458: close
2020-10-09 16:27:46,372 [Listener at 127.0.0.1/39485] INFO  impl.RaftServerImpl (RaftServerImpl.java:lambda$shutdown$3(321)) - b161a03a-6ea2-4c37-959f-34fa307bd458@group-0BE05241102E: shutdown
2020-10-09 16:27:46,372 [Listener at 127.0.0.1/39485] INFO  util.JmxRegister (JmxRegister.java:unregister(73)) - Successfully un-registered JMX Bean with object name Ratis:service=RaftServer,group=group-0BE05241102E,id=b161a03a-6ea2-4c37-959f-34fa307bd458
2020-10-09 16:27:46,372 [Listener at 127.0.0.1/39485] INFO  impl.RoleInfo (RoleInfo.java:shutdownLeaderState(104)) - b161a03a-6ea2-4c37-959f-34fa307bd458: shutdown LeaderState
2020-10-09 16:27:46,372 [Listener at 127.0.0.1/39485] INFO  impl.PendingRequests (PendingRequests.java:sendNotLeaderResponses(249)) - b161a03a-6ea2-4c37-959f-34fa307bd458@group-0BE05241102E-PendingRequests: sendNotLeaderResponses
2020-10-09 16:27:46,373 [Listener at 127.0.0.1/39485] INFO  metrics.RatisMetrics (RatisMetrics.java:unregister(43)) - Unregistering Metrics Registry : ratis.log_appender.b161a03a-6ea2-4c37-959f-34fa307bd458@group-0BE05241102E
2020-10-09 16:27:46,373 [Listener at 127.0.0.1/39485] INFO  metrics.RatisMetrics (RatisMetrics.java:unregister(43)) - Unregistering Metrics Registry : ratis.server.b161a03a-6ea2-4c37-959f-34fa307bd458@group-0BE05241102E
2020-10-09 16:27:46,374 [b161a03a-6ea2-4c37-959f-34fa307bd458@group-0BE05241102E-StateMachineUpdater] INFO  ratis.ContainerStateMachine (ContainerStateMachine.java:takeSnapshot(293)) - group-0BE05241102E: Taking a snapshot at:(t:1, i:0) file /github/workspace/mnt/ozone/hadoop-ozone/integration-test/target/test-dir/MiniOzoneClusterImpl-c5028e9e-dbc6-4f7d-99b7-5a0387eddaa2/datanode-6/data/ratis/4a14f404-cc2d-4f76-b7fa-0be05241102e/sm/snapshot.1_0
2020-10-09 16:27:46,374 [Listener at 127.0.0.1/39485] INFO  impl.StateMachineUpdater (StateMachineUpdater.java:stopAndJoin(142)) - b161a03a-6ea2-4c37-959f-34fa307bd458@group-0BE05241102E-StateMachineUpdater: set stopIndex = 0
2020-10-09 16:27:46,375 [Thread-641] INFO  impl.FollowerState (FollowerState.java:run(108)) - 6a499dda-a250-4daa-aa17-9ec32443242a@group-FE3FB79E145E-FollowerState: change to CANDIDATE, lastRpcTime:5602ms, electionTimeout:5186ms
2020-10-09 16:27:46,375 [Thread-641] INFO  impl.RoleInfo (RoleInfo.java:shutdownFollowerState(121)) - 6a499dda-a250-4daa-aa17-9ec32443242a: shutdown FollowerState
2020-10-09 16:27:46,375 [Thread-641] INFO  impl.RaftServerImpl (RaftServerImpl.java:setRole(198)) - 6a499dda-a250-4daa-aa17-9ec32443242a@group-FE3FB79E145E: changes role from  FOLLOWER to CANDIDATE at term 1 for changeToCandidate
2020-10-09 16:27:46,375 [Thread-641] INFO  impl.RoleInfo (RoleInfo.java:updateAndGet(143)) - 6a499dda-a250-4daa-aa17-9ec32443242a: start LeaderElection
2020-10-09 16:27:46,376 [6a499dda-a250-4daa-aa17-9ec32443242a@group-FE3FB79E145E-LeaderElection23] INFO  impl.RaftServerImpl (ServerState.java:setLeader(256)) - 6a499dda-a250-4daa-aa17-9ec32443242a@group-FE3FB79E145E: change Leader from 971ea0da-63f5-4acb-8c67-7c1bd783a005 to null at term 1 for initElection
2020-10-09 16:27:46,376 [b161a03a-6ea2-4c37-959f-34fa307bd458@group-0BE05241102E-StateMachineUpdater] INFO  ratis.ContainerStateMachine (ContainerStateMachine.java:takeSnapshot(304)) - group-0BE05241102E: Finished taking a snapshot at:(t:1, i:0) file:/github/workspace/mnt/ozone/hadoop-ozone/integration-test/target/test-dir/MiniOzoneClusterImpl-c5028e9e-dbc6-4f7d-99b7-5a0387eddaa2/datanode-6/data/ratis/4a14f404-cc2d-4f76-b7fa-0be05241102e/sm/snapshot.1_0 time:2
2020-10-09 16:27:46,376 [b161a03a-6ea2-4c37-959f-34fa307bd458@group-0BE05241102E-StateMachineUpdater] INFO  impl.StateMachineUpdater (StateMachineUpdater.java:takeSnapshot(277)) - b161a03a-6ea2-4c37-959f-34fa307bd458@group-0BE05241102E-StateMachineUpdater: Took a snapshot at index 0
2020-10-09 16:27:46,376 [b161a03a-6ea2-4c37-959f-34fa307bd458@group-0BE05241102E-StateMachineUpdater] INFO  impl.StateMachineUpdater (StateMachineUpdater.java:lambda$new$0(87)) - b161a03a-6ea2-4c37-959f-34fa307bd458@group-0BE05241102E-StateMachineUpdater: snapshotIndex: updateIncreasingly -1 -> 0
2020-10-09 16:27:46,377 [b161a03a-6ea2-4c37-959f-34fa307bd458@group-0BE05241102E-StateMachineUpdater] INFO  metrics.RatisMetrics (RatisMetrics.java:unregister(43)) - Unregistering Metrics Registry : ratis.state_machine.b161a03a-6ea2-4c37-959f-34fa307bd458@group-0BE05241102E
2020-10-09 16:27:46,377 [Listener at 127.0.0.1/39485] INFO  impl.RaftServerImpl (ServerState.java:close(405)) - b161a03a-6ea2-4c37-959f-34fa307bd458@group-0BE05241102E: closes. applyIndex: 0
2020-10-09 16:27:46,377 [b161a03a-6ea2-4c37-959f-34fa307bd458@group-0BE05241102E-SegmentedRaftLogWorker] INFO  segmented.SegmentedRaftLogWorker (SegmentedRaftLogWorker.java:run(327)) - b161a03a-6ea2-4c37-959f-34fa307bd458@group-0BE05241102E-SegmentedRaftLogWorker was interrupted, exiting. There are 0 tasks remaining in the queue.
2020-10-09 16:27:46,378 [Listener at 127.0.0.1/39485] INFO  segmented.SegmentedRaftLogWorker (SegmentedRaftLogWorker.java:close(234)) - b161a03a-6ea2-4c37-959f-34fa307bd458@group-0BE05241102E-SegmentedRaftLogWorker close()
2020-10-09 16:27:46,378 [6a499dda-a250-4daa-aa17-9ec32443242a@group-FE3FB79E145E-LeaderElection23] INFO  impl.LeaderElection (LeaderElection.java:askForVotes(210)) - 6a499dda-a250-4daa-aa17-9ec32443242a@group-FE3FB79E145E-LeaderElection23: begin an election at term 2 for 0: [6a499dda-a250-4daa-aa17-9ec32443242a:172.17.0.2:37035:0, e27ecad8-c8c3-4bdb-8e56-23cf5ec81ff3:172.17.0.2:34435:0, 971ea0da-63f5-4acb-8c67-7c1bd783a005:172.17.0.2:43703:0], old=null
2020-10-09 16:27:46,378 [Listener at 127.0.0.1/39485] INFO  metrics.RatisMetrics (RatisMetrics.java:unregister(43)) - Unregistering Metrics Registry : ratis.log_worker.b161a03a-6ea2-4c37-959f-34fa307bd458@group-0BE05241102E
2020-10-09 16:27:46,379 [Listener at 127.0.0.1/39485] INFO  metrics.RatisMetrics (RatisMetrics.java:unregister(43)) - Unregistering Metrics Registry : ratis.leader_election.b161a03a-6ea2-4c37-959f-34fa307bd458@group-0BE05241102E
2020-10-09 16:27:46,379 [Listener at 127.0.0.1/39485] INFO  metrics.RatisMetrics (RatisMetrics.java:unregister(43)) - Unregistering Metrics Registry : ratis.server.b161a03a-6ea2-4c37-959f-34fa307bd458@group-0BE05241102E
2020-10-09 16:27:46,379 [Listener at 127.0.0.1/39485] INFO  server.GrpcService (GrpcService.java:closeImpl(183)) - b161a03a-6ea2-4c37-959f-34fa307bd458: shutdown server with port 39031 now
2020-10-09 16:27:46,379 [Listener at 127.0.0.1/39485] INFO  server.GrpcService (GrpcService.java:closeImpl(191)) - b161a03a-6ea2-4c37-959f-34fa307bd458: shutdown server with port 39031 successfully
2020-10-09 16:27:46,380 [Listener at 127.0.0.1/39485] INFO  utils.BackgroundService (BackgroundService.java:shutdown(132)) - Shutting down service BlockDeletingService
2020-10-09 16:27:46,382 [ForkJoinPool.commonPool-worker-0] INFO  ozoneimpl.OzoneContainer (OzoneContainer.java:stop(259)) - Attempting to stop container services.
2020-10-09 16:27:46,385 [ForkJoinPool.commonPool-worker-0] INFO  impl.RaftServerProxy (RaftServerProxy.java:lambda$close$4(322)) - 6a499dda-a250-4daa-aa17-9ec32443242a: close
2020-10-09 16:27:46,385 [ForkJoinPool.commonPool-worker-0] INFO  impl.RaftServerImpl (RaftServerImpl.java:lambda$shutdown$3(321)) - 6a499dda-a250-4daa-aa17-9ec32443242a@group-FE3FB79E145E: shutdown
2020-10-09 16:27:46,385 [ForkJoinPool.commonPool-worker-0] INFO  util.JmxRegister (JmxRegister.java:unregister(73)) - Successfully un-registered JMX Bean with object name Ratis:service=RaftServer,group=group-FE3FB79E145E,id=6a499dda-a250-4daa-aa17-9ec32443242a
2020-10-09 16:27:46,385 [ForkJoinPool.commonPool-worker-0] INFO  impl.RoleInfo (RoleInfo.java:shutdownLeaderElection(134)) - 6a499dda-a250-4daa-aa17-9ec32443242a: shutdown LeaderElection
2020-10-09 16:27:46,385 [ForkJoinPool.commonPool-worker-0] INFO  impl.StateMachineUpdater (StateMachineUpdater.java:stopAndJoin(142)) - 6a499dda-a250-4daa-aa17-9ec32443242a@group-FE3FB79E145E-StateMachineUpdater: set stopIndex = 0
2020-10-09 16:27:46,386 [6a499dda-a250-4daa-aa17-9ec32443242a@group-FE3FB79E145E-StateMachineUpdater] INFO  ratis.ContainerStateMachine (ContainerStateMachine.java:takeSnapshot(293)) - group-FE3FB79E145E: Taking a snapshot at:(t:1, i:0) file /github/workspace/mnt/ozone/hadoop-ozone/integration-test/target/test-dir/MiniOzoneClusterImpl-c5028e9e-dbc6-4f7d-99b7-5a0387eddaa2/datanode-0/data/ratis/2f7f8ffa-1739-4262-bec8-fe3fb79e145e/sm/snapshot.1_0
2020-10-09 16:27:46,386 [6a499dda-a250-4daa-aa17-9ec32443242a@group-FE3FB79E145E-StateMachineUpdater] INFO  ratis.ContainerStateMachine (ContainerStateMachine.java:takeSnapshot(304)) - group-FE3FB79E145E: Finished taking a snapshot at:(t:1, i:0) file:/github/workspace/mnt/ozone/hadoop-ozone/integration-test/target/test-dir/MiniOzoneClusterImpl-c5028e9e-dbc6-4f7d-99b7-5a0387eddaa2/datanode-0/data/ratis/2f7f8ffa-1739-4262-bec8-fe3fb79e145e/sm/snapshot.1_0 time:1
2020-10-09 16:27:46,387 [6a499dda-a250-4daa-aa17-9ec32443242a@group-FE3FB79E145E-StateMachineUpdater] INFO  impl.StateMachineUpdater (StateMachineUpdater.java:takeSnapshot(277)) - 6a499dda-a250-4daa-aa17-9ec32443242a@group-FE3FB79E145E-StateMachineUpdater: Took a snapshot at index 0
2020-10-09 16:27:46,387 [6a499dda-a250-4daa-aa17-9ec32443242a@group-FE3FB79E145E-StateMachineUpdater] INFO  impl.StateMachineUpdater (StateMachineUpdater.java:lambda$new$0(87)) - 6a499dda-a250-4daa-aa17-9ec32443242a@group-FE3FB79E145E-StateMachineUpdater: snapshotIndex: updateIncreasingly -1 -> 0
2020-10-09 16:27:46,387 [6a499dda-a250-4daa-aa17-9ec32443242a@group-FE3FB79E145E-StateMachineUpdater] INFO  metrics.RatisMetrics (RatisMetrics.java:unregister(43)) - Unregistering Metrics Registry : ratis.state_machine.6a499dda-a250-4daa-aa17-9ec32443242a@group-FE3FB79E145E
2020-10-09 16:27:46,387 [ForkJoinPool.commonPool-worker-0] INFO  impl.RaftServerImpl (ServerState.java:close(405)) - 6a499dda-a250-4daa-aa17-9ec32443242a@group-FE3FB79E145E: closes. applyIndex: 0
2020-10-09 16:27:46,388 [6a499dda-a250-4daa-aa17-9ec32443242a@group-FE3FB79E145E-SegmentedRaftLogWorker] INFO  segmented.SegmentedRaftLogWorker (SegmentedRaftLogWorker.java:run(327)) - 6a499dda-a250-4daa-aa17-9ec32443242a@group-FE3FB79E145E-SegmentedRaftLogWorker was interrupted, exiting. There are 0 tasks remaining in the queue.
2020-10-09 16:27:46,390 [ForkJoinPool.commonPool-worker-0] INFO  segmented.SegmentedRaftLogWorker (SegmentedRaftLogWorker.java:close(234)) - 6a499dda-a250-4daa-aa17-9ec32443242a@group-FE3FB79E145E-SegmentedRaftLogWorker close()
2020-10-09 16:27:46,390 [ForkJoinPool.commonPool-worker-0] INFO  metrics.RatisMetrics (RatisMetrics.java:unregister(43)) - Unregistering Metrics Registry : ratis.log_worker.6a499dda-a250-4daa-aa17-9ec32443242a@group-FE3FB79E145E
2020-10-09 16:27:46,390 [ForkJoinPool.commonPool-worker-0] INFO  metrics.RatisMetrics (RatisMetrics.java:unregister(43)) - Unregistering Metrics Registry : ratis.leader_election.6a499dda-a250-4daa-aa17-9ec32443242a@group-FE3FB79E145E
2020-10-09 16:27:46,390 [6a499dda-a250-4daa-aa17-9ec32443242a@group-FE3FB79E145E-LeaderElection23] INFO  impl.LeaderElection (LogUtils.java:infoOrTrace(137)) - 6a499dda-a250-4daa-aa17-9ec32443242a@group-FE3FB79E145E-LeaderElection23 got exception when requesting votes: java.util.concurrent.ExecutionException: org.apache.ratis.thirdparty.io.grpc.StatusRuntimeException: UNAVAILABLE: io exception
2020-10-09 16:27:46,390 [6a499dda-a250-4daa-aa17-9ec32443242a@group-FE3FB79E145E-LeaderElection23] INFO  impl.LeaderElection (LeaderElection.java:logAndReturn(62)) - 6a499dda-a250-4daa-aa17-9ec32443242a@group-FE3FB79E145E-LeaderElection23: Election REJECTED; received 0 response(s) [] and 1 exception(s); 6a499dda-a250-4daa-aa17-9ec32443242a@group-FE3FB79E145E:t2, leader=null, voted=6a499dda-a250-4daa-aa17-9ec32443242a, raftlog=6a499dda-a250-4daa-aa17-9ec32443242a@group-FE3FB79E145E-SegmentedRaftLog:CLOSED:c0, conf=0: [6a499dda-a250-4daa-aa17-9ec32443242a:172.17.0.2:37035:0, e27ecad8-c8c3-4bdb-8e56-23cf5ec81ff3:172.17.0.2:34435:0, 971ea0da-63f5-4acb-8c67-7c1bd783a005:172.17.0.2:43703:0], old=null
2020-10-09 16:27:46,390 [6a499dda-a250-4daa-aa17-9ec32443242a@group-FE3FB79E145E-LeaderElection23] INFO  impl.LeaderElection (LogUtils.java:infoOrTrace(137)) -   Exception 0: java.util.concurrent.ExecutionException: org.apache.ratis.thirdparty.io.grpc.StatusRuntimeException: UNAVAILABLE: io exception
2020-10-09 16:27:46,390 [ForkJoinPool.commonPool-worker-0] INFO  metrics.RatisMetrics (RatisMetrics.java:unregister(43)) - Unregistering Metrics Registry : ratis.server.6a499dda-a250-4daa-aa17-9ec32443242a@group-FE3FB79E145E
2020-10-09 16:27:46,394 [ForkJoinPool.commonPool-worker-0] INFO  impl.RaftServerImpl (RaftServerImpl.java:lambda$shutdown$3(321)) - 6a499dda-a250-4daa-aa17-9ec32443242a@group-6881D1EBFFD7: shutdown
2020-10-09 16:27:46,395 [ForkJoinPool.commonPool-worker-0] INFO  util.JmxRegister (JmxRegister.java:unregister(73)) - Successfully un-registered JMX Bean with object name Ratis:service=RaftServer,group=group-6881D1EBFFD7,id=6a499dda-a250-4daa-aa17-9ec32443242a
2020-10-09 16:27:46,395 [ForkJoinPool.commonPool-worker-0] INFO  impl.RoleInfo (RoleInfo.java:shutdownLeaderState(104)) - 6a499dda-a250-4daa-aa17-9ec32443242a: shutdown LeaderState
2020-10-09 16:27:46,395 [ForkJoinPool.commonPool-worker-0] INFO  impl.PendingRequests (PendingRequests.java:sendNotLeaderResponses(249)) - 6a499dda-a250-4daa-aa17-9ec32443242a@group-6881D1EBFFD7-PendingRequests: sendNotLeaderResponses
2020-10-09 16:27:46,396 [ForkJoinPool.commonPool-worker-0] INFO  metrics.RatisMetrics (RatisMetrics.java:unregister(43)) - Unregistering Metrics Registry : ratis.log_appender.6a499dda-a250-4daa-aa17-9ec32443242a@group-6881D1EBFFD7
2020-10-09 16:27:46,396 [ForkJoinPool.commonPool-worker-0] INFO  metrics.RatisMetrics (RatisMetrics.java:unregister(43)) - Unregistering Metrics Registry : ratis.server.6a499dda-a250-4daa-aa17-9ec32443242a@group-6881D1EBFFD7
2020-10-09 16:27:46,396 [ForkJoinPool.commonPool-worker-0] INFO  impl.StateMachineUpdater (StateMachineUpdater.java:stopAndJoin(142)) - 6a499dda-a250-4daa-aa17-9ec32443242a@group-6881D1EBFFD7-StateMachineUpdater: set stopIndex = 0
2020-10-09 16:27:46,396 [Listener at 127.0.0.1/39485] INFO  statemachine.DatanodeStateMachine (DatanodeStateMachine.java:stopDaemon(453)) - Ozone container server stopped.
2020-10-09 16:27:46,396 [6a499dda-a250-4daa-aa17-9ec32443242a@group-6881D1EBFFD7-StateMachineUpdater] INFO  ratis.ContainerStateMachine (ContainerStateMachine.java:takeSnapshot(293)) - group-6881D1EBFFD7: Taking a snapshot at:(t:1, i:0) file /github/workspace/mnt/ozone/hadoop-ozone/integration-test/target/test-dir/MiniOzoneClusterImpl-c5028e9e-dbc6-4f7d-99b7-5a0387eddaa2/datanode-0/data/ratis/337ba552-c6bf-4882-a106-6881d1ebffd7/sm/snapshot.1_0
2020-10-09 16:27:46,397 [6a499dda-a250-4daa-aa17-9ec32443242a@group-6881D1EBFFD7-StateMachineUpdater] INFO  ratis.ContainerStateMachine (ContainerStateMachine.java:takeSnapshot(304)) - group-6881D1EBFFD7: Finished taking a snapshot at:(t:1, i:0) file:/github/workspace/mnt/ozone/hadoop-ozone/integration-test/target/test-dir/MiniOzoneClusterImpl-c5028e9e-dbc6-4f7d-99b7-5a0387eddaa2/datanode-0/data/ratis/337ba552-c6bf-4882-a106-6881d1ebffd7/sm/snapshot.1_0 time:1
2020-10-09 16:27:46,397 [6a499dda-a250-4daa-aa17-9ec32443242a@group-6881D1EBFFD7-StateMachineUpdater] INFO  impl.StateMachineUpdater (StateMachineUpdater.java:takeSnapshot(277)) - 6a499dda-a250-4daa-aa17-9ec32443242a@group-6881D1EBFFD7-StateMachineUpdater: Took a snapshot at index 0
2020-10-09 16:27:46,397 [6a499dda-a250-4daa-aa17-9ec32443242a@group-6881D1EBFFD7-StateMachineUpdater] INFO  impl.StateMachineUpdater (StateMachineUpdater.java:lambda$new$0(87)) - 6a499dda-a250-4daa-aa17-9ec32443242a@group-6881D1EBFFD7-StateMachineUpdater: snapshotIndex: updateIncreasingly -1 -> 0
2020-10-09 16:27:46,398 [6a499dda-a250-4daa-aa17-9ec32443242a@group-6881D1EBFFD7-StateMachineUpdater] INFO  metrics.RatisMetrics (RatisMetrics.java:unregister(43)) - Unregistering Metrics Registry : ratis.state_machine.6a499dda-a250-4daa-aa17-9ec32443242a@group-6881D1EBFFD7
2020-10-09 16:27:46,401 [ForkJoinPool.commonPool-worker-0] INFO  impl.RaftServerImpl (ServerState.java:close(405)) - 6a499dda-a250-4daa-aa17-9ec32443242a@group-6881D1EBFFD7: closes. applyIndex: 0
2020-10-09 16:27:46,402 [6a499dda-a250-4daa-aa17-9ec32443242a@group-6881D1EBFFD7-SegmentedRaftLogWorker] INFO  segmented.SegmentedRaftLogWorker (SegmentedRaftLogWorker.java:run(327)) - 6a499dda-a250-4daa-aa17-9ec32443242a@group-6881D1EBFFD7-SegmentedRaftLogWorker was interrupted, exiting. There are 0 tasks remaining in the queue.
2020-10-09 16:27:46,402 [ForkJoinPool.commonPool-worker-0] INFO  segmented.SegmentedRaftLogWorker (SegmentedRaftLogWorker.java:close(234)) - 6a499dda-a250-4daa-aa17-9ec32443242a@group-6881D1EBFFD7-SegmentedRaftLogWorker close()
2020-10-09 16:27:46,402 [ForkJoinPool.commonPool-worker-0] INFO  metrics.RatisMetrics (RatisMetrics.java:unregister(43)) - Unregistering Metrics Registry : ratis.log_worker.6a499dda-a250-4daa-aa17-9ec32443242a@group-6881D1EBFFD7
2020-10-09 16:27:46,402 [ForkJoinPool.commonPool-worker-0] INFO  metrics.RatisMetrics (RatisMetrics.java:unregister(43)) - Unregistering Metrics Registry : ratis.leader_election.6a499dda-a250-4daa-aa17-9ec32443242a@group-6881D1EBFFD7
2020-10-09 16:27:46,402 [ForkJoinPool.commonPool-worker-0] INFO  metrics.RatisMetrics (RatisMetrics.java:unregister(43)) - Unregistering Metrics Registry : ratis.server.6a499dda-a250-4daa-aa17-9ec32443242a@group-6881D1EBFFD7
2020-10-09 16:27:46,402 [ForkJoinPool.commonPool-worker-0] INFO  server.GrpcService (GrpcService.java:closeImpl(183)) - 6a499dda-a250-4daa-aa17-9ec32443242a: shutdown server with port 37035 now
2020-10-09 16:27:46,411 [Listener at 127.0.0.1/39485] INFO  handler.ContextHandler (ContextHandler.java:doStop(1016)) - Stopped o.e.j.w.WebAppContext@177e75e0{hddsDatanode,/,null,UNAVAILABLE}{jar:file:/home/user/.m2/repository/org/apache/hadoop/hadoop-hdds-container-service/1.1.0-SNAPSHOT/hadoop-hdds-container-service-1.1.0-SNAPSHOT.jar!/webapps/hddsDatanode}
2020-10-09 16:27:46,412 [Listener at 127.0.0.1/39485] INFO  server.AbstractConnector (AbstractConnector.java:doStop(380)) - Stopped ServerConnector@4e9fa93d{HTTP/1.1,[http/1.1]}{0.0.0.0:0}
2020-10-09 16:27:46,412 [Listener at 127.0.0.1/39485] INFO  server.session (HouseKeeper.java:stopScavenging(158)) - node0 Stopped scavenging
2020-10-09 16:27:46,412 [ForkJoinPool.commonPool-worker-0] INFO  server.GrpcService (GrpcService.java:closeImpl(191)) - 6a499dda-a250-4daa-aa17-9ec32443242a: shutdown server with port 37035 successfully
2020-10-09 16:27:46,415 [Listener at 127.0.0.1/39485] INFO  handler.ContextHandler (ContextHandler.java:doStop(1016)) - Stopped o.e.j.s.ServletContextHandler@545eace0{static,/static,jar:file:/home/user/.m2/repository/org/apache/hadoop/hadoop-hdds-container-service/1.1.0-SNAPSHOT/hadoop-hdds-container-service-1.1.0-SNAPSHOT.jar!/webapps/static,UNAVAILABLE}
2020-10-09 16:27:46,416 [Listener at 127.0.0.1/39485] INFO  handler.ContextHandler (ContextHandler.java:doStop(1016)) - Stopped o.e.j.s.ServletContextHandler@18a201b9{logs,/logs,file:///github/workspace/mnt/ozone/hadoop-ozone/integration-test/target/log,UNAVAILABLE}
2020-10-09 16:27:46,419 [ForkJoinPool.commonPool-worker-0] INFO  utils.BackgroundService (BackgroundService.java:shutdown(132)) - Shutting down service BlockDeletingService
2020-10-09 16:27:46,427 [ForkJoinPool.commonPool-worker-0] INFO  statemachine.DatanodeStateMachine (DatanodeStateMachine.java:stopDaemon(453)) - Ozone container server stopped.
2020-10-09 16:27:46,438 [ForkJoinPool.commonPool-worker-0] INFO  handler.ContextHandler (ContextHandler.java:doStop(1016)) - Stopped o.e.j.w.WebAppContext@30a6cfa{hddsDatanode,/,null,UNAVAILABLE}{jar:file:/home/user/.m2/repository/org/apache/hadoop/hadoop-hdds-container-service/1.1.0-SNAPSHOT/hadoop-hdds-container-service-1.1.0-SNAPSHOT.jar!/webapps/hddsDatanode}
2020-10-09 16:27:46,439 [ForkJoinPool.commonPool-worker-0] INFO  server.AbstractConnector (AbstractConnector.java:doStop(380)) - Stopped ServerConnector@12edf633{HTTP/1.1,[http/1.1]}{0.0.0.0:0}
2020-10-09 16:27:46,439 [ForkJoinPool.commonPool-worker-0] INFO  server.session (HouseKeeper.java:stopScavenging(158)) - node0 Stopped scavenging
2020-10-09 16:27:46,440 [ForkJoinPool.commonPool-worker-0] INFO  handler.ContextHandler (ContextHandler.java:doStop(1016)) - Stopped o.e.j.s.ServletContextHandler@20e16330{static,/static,jar:file:/home/user/.m2/repository/org/apache/hadoop/hadoop-hdds-container-service/1.1.0-SNAPSHOT/hadoop-hdds-container-service-1.1.0-SNAPSHOT.jar!/webapps/static,UNAVAILABLE}
2020-10-09 16:27:46,442 [ForkJoinPool.commonPool-worker-0] INFO  handler.ContextHandler (ContextHandler.java:doStop(1016)) - Stopped o.e.j.s.ServletContextHandler@49a87388{logs,/logs,file:///github/workspace/mnt/ozone/hadoop-ozone/integration-test/target/log,UNAVAILABLE}
2020-10-09 16:27:46,664 [Datanode State Machine Thread - 0] INFO  statemachine.DatanodeStateMachine (DatanodeStateMachine.java:lambda$startDaemon$0(405)) - Ozone container server started.
2020-10-09 16:27:46,734 [Thread-665] INFO  impl.FollowerState (FollowerState.java:run(108)) - 42f7c000-5a7c-41d7-b460-f0da582d6e91@group-DB9F3DA368AF-FollowerState: change to CANDIDATE, lastRpcTime:7812ms, electionTimeout:5059ms
2020-10-09 16:27:46,734 [Thread-665] INFO  impl.RoleInfo (RoleInfo.java:shutdownFollowerState(121)) - 42f7c000-5a7c-41d7-b460-f0da582d6e91: shutdown FollowerState
2020-10-09 16:27:46,734 [Thread-665] INFO  impl.RaftServerImpl (RaftServerImpl.java:setRole(198)) - 42f7c000-5a7c-41d7-b460-f0da582d6e91@group-DB9F3DA368AF: changes role from  FOLLOWER to CANDIDATE at term 1 for changeToCandidate
2020-10-09 16:27:46,734 [Thread-665] INFO  impl.RoleInfo (RoleInfo.java:updateAndGet(143)) - 42f7c000-5a7c-41d7-b460-f0da582d6e91: start LeaderElection
2020-10-09 16:27:46,735 [42f7c000-5a7c-41d7-b460-f0da582d6e91@group-DB9F3DA368AF-LeaderElection24] INFO  impl.RaftServerImpl (ServerState.java:setLeader(256)) - 42f7c000-5a7c-41d7-b460-f0da582d6e91@group-DB9F3DA368AF: change Leader from 8a7ec526-2919-4356-824f-0c9004393949 to null at term 1 for initElection
2020-10-09 16:27:46,737 [42f7c000-5a7c-41d7-b460-f0da582d6e91@group-DB9F3DA368AF-LeaderElection24] INFO  impl.LeaderElection (LeaderElection.java:askForVotes(210)) - 42f7c000-5a7c-41d7-b460-f0da582d6e91@group-DB9F3DA368AF-LeaderElection24: begin an election at term 2 for 0: [42f7c000-5a7c-41d7-b460-f0da582d6e91:172.17.0.2:41595:0, b7ae438d-d84f-4f04-b6fa-052f047e56a0:172.17.0.2:40771:0, 8a7ec526-2919-4356-824f-0c9004393949:172.17.0.2:38681:0], old=null
2020-10-09 16:27:46,744 [42f7c000-5a7c-41d7-b460-f0da582d6e91@group-DB9F3DA368AF-LeaderElection24] INFO  impl.LeaderElection (LogUtils.java:infoOrTrace(137)) - 42f7c000-5a7c-41d7-b460-f0da582d6e91@group-DB9F3DA368AF-LeaderElection24 got exception when requesting votes: java.util.concurrent.ExecutionException: org.apache.ratis.thirdparty.io.grpc.StatusRuntimeException: UNAVAILABLE: io exception
2020-10-09 16:27:46,744 [42f7c000-5a7c-41d7-b460-f0da582d6e91@group-DB9F3DA368AF-LeaderElection24] INFO  impl.LeaderElection (LogUtils.java:infoOrTrace(137)) - 42f7c000-5a7c-41d7-b460-f0da582d6e91@group-DB9F3DA368AF-LeaderElection24 got exception when requesting votes: java.util.concurrent.ExecutionException: org.apache.ratis.thirdparty.io.grpc.StatusRuntimeException: UNAVAILABLE: io exception
2020-10-09 16:27:46,744 [42f7c000-5a7c-41d7-b460-f0da582d6e91@group-DB9F3DA368AF-LeaderElection24] INFO  impl.LeaderElection (LeaderElection.java:logAndReturn(62)) - 42f7c000-5a7c-41d7-b460-f0da582d6e91@group-DB9F3DA368AF-LeaderElection24: Election REJECTED; received 0 response(s) [] and 2 exception(s); 42f7c000-5a7c-41d7-b460-f0da582d6e91@group-DB9F3DA368AF:t2, leader=null, voted=42f7c000-5a7c-41d7-b460-f0da582d6e91, raftlog=42f7c000-5a7c-41d7-b460-f0da582d6e91@group-DB9F3DA368AF-SegmentedRaftLog:OPENED:c0,f0,i0, conf=0: [42f7c000-5a7c-41d7-b460-f0da582d6e91:172.17.0.2:41595:0, b7ae438d-d84f-4f04-b6fa-052f047e56a0:172.17.0.2:40771:0, 8a7ec526-2919-4356-824f-0c9004393949:172.17.0.2:38681:0], old=null
2020-10-09 16:27:46,744 [42f7c000-5a7c-41d7-b460-f0da582d6e91@group-DB9F3DA368AF-LeaderElection24] INFO  impl.LeaderElection (LogUtils.java:infoOrTrace(137)) -   Exception 0: java.util.concurrent.ExecutionException: org.apache.ratis.thirdparty.io.grpc.StatusRuntimeException: UNAVAILABLE: io exception
2020-10-09 16:27:46,744 [42f7c000-5a7c-41d7-b460-f0da582d6e91@group-DB9F3DA368AF-LeaderElection24] INFO  impl.LeaderElection (LogUtils.java:infoOrTrace(137)) -   Exception 1: java.util.concurrent.ExecutionException: org.apache.ratis.thirdparty.io.grpc.StatusRuntimeException: UNAVAILABLE: io exception
2020-10-09 16:27:46,744 [42f7c000-5a7c-41d7-b460-f0da582d6e91@group-DB9F3DA368AF-LeaderElection24] INFO  impl.RaftServerImpl (RaftServerImpl.java:setRole(198)) - 42f7c000-5a7c-41d7-b460-f0da582d6e91@group-DB9F3DA368AF: changes role from CANDIDATE to FOLLOWER at term 2 for DISCOVERED_A_NEW_TERM
2020-10-09 16:27:46,744 [42f7c000-5a7c-41d7-b460-f0da582d6e91@group-DB9F3DA368AF-LeaderElection24] INFO  impl.RoleInfo (RoleInfo.java:shutdownLeaderElection(134)) - 42f7c000-5a7c-41d7-b460-f0da582d6e91: shutdown LeaderElection
2020-10-09 16:27:46,744 [42f7c000-5a7c-41d7-b460-f0da582d6e91@group-DB9F3DA368AF-LeaderElection24] INFO  impl.RoleInfo (RoleInfo.java:updateAndGet(143)) - 42f7c000-5a7c-41d7-b460-f0da582d6e91: start FollowerState
2020-10-09 16:27:51,417 [Listener at 127.0.0.1/39485] INFO  ozoneimpl.OzoneContainer (OzoneContainer.java:stop(259)) - Attempting to stop container services.
2020-10-09 16:27:51,418 [Listener at 127.0.0.1/39485] INFO  impl.RaftServerProxy (RaftServerProxy.java:lambda$close$4(322)) - 42f7c000-5a7c-41d7-b460-f0da582d6e91: close
2020-10-09 16:27:51,419 [Listener at 127.0.0.1/39485] INFO  impl.RaftServerImpl (RaftServerImpl.java:lambda$shutdown$3(321)) - 42f7c000-5a7c-41d7-b460-f0da582d6e91@group-DB9F3DA368AF: shutdown
2020-10-09 16:27:51,419 [Listener at 127.0.0.1/39485] INFO  util.JmxRegister (JmxRegister.java:unregister(73)) - Successfully un-registered JMX Bean with object name Ratis:service=RaftServer,group=group-DB9F3DA368AF,id=42f7c000-5a7c-41d7-b460-f0da582d6e91
2020-10-09 16:27:51,419 [Listener at 127.0.0.1/39485] INFO  impl.RoleInfo (RoleInfo.java:shutdownFollowerState(121)) - 42f7c000-5a7c-41d7-b460-f0da582d6e91: shutdown FollowerState
2020-10-09 16:27:51,419 [Listener at 127.0.0.1/39485] INFO  impl.StateMachineUpdater (StateMachineUpdater.java:stopAndJoin(142)) - 42f7c000-5a7c-41d7-b460-f0da582d6e91@group-DB9F3DA368AF-StateMachineUpdater: set stopIndex = 0
2020-10-09 16:27:51,419 [Thread-774] INFO  impl.FollowerState (FollowerState.java:run(117)) - 42f7c000-5a7c-41d7-b460-f0da582d6e91@group-DB9F3DA368AF-FollowerState was interrupted: java.lang.InterruptedException: sleep interrupted
2020-10-09 16:27:51,420 [ForkJoinPool.commonPool-worker-1] INFO  impl.RaftServerImpl (RaftServerImpl.java:lambda$shutdown$3(321)) - 42f7c000-5a7c-41d7-b460-f0da582d6e91@group-16A4DE4E1B31: shutdown
2020-10-09 16:27:51,420 [ForkJoinPool.commonPool-worker-1] INFO  util.JmxRegister (JmxRegister.java:unregister(73)) - Successfully un-registered JMX Bean with object name Ratis:service=RaftServer,group=group-16A4DE4E1B31,id=42f7c000-5a7c-41d7-b460-f0da582d6e91
2020-10-09 16:27:51,420 [ForkJoinPool.commonPool-worker-1] INFO  impl.RoleInfo (RoleInfo.java:shutdownLeaderState(104)) - 42f7c000-5a7c-41d7-b460-f0da582d6e91: shutdown LeaderState
2020-10-09 16:27:51,420 [42f7c000-5a7c-41d7-b460-f0da582d6e91@group-DB9F3DA368AF-StateMachineUpdater] INFO  ratis.ContainerStateMachine (ContainerStateMachine.java:takeSnapshot(293)) - group-DB9F3DA368AF: Taking a snapshot at:(t:1, i:0) file /github/workspace/mnt/ozone/hadoop-ozone/integration-test/target/test-dir/MiniOzoneClusterImpl-c5028e9e-dbc6-4f7d-99b7-5a0387eddaa2/datanode-5/data/ratis/8503b725-867c-4cb1-90e8-db9f3da368af/sm/snapshot.1_0
2020-10-09 16:27:51,421 [ForkJoinPool.commonPool-worker-1] INFO  impl.PendingRequests (PendingRequests.java:sendNotLeaderResponses(249)) - 42f7c000-5a7c-41d7-b460-f0da582d6e91@group-16A4DE4E1B31-PendingRequests: sendNotLeaderResponses
2020-10-09 16:27:51,423 [42f7c000-5a7c-41d7-b460-f0da582d6e91@group-DB9F3DA368AF-StateMachineUpdater] INFO  ratis.ContainerStateMachine (ContainerStateMachine.java:takeSnapshot(304)) - group-DB9F3DA368AF: Finished taking a snapshot at:(t:1, i:0) file:/github/workspace/mnt/ozone/hadoop-ozone/integration-test/target/test-dir/MiniOzoneClusterImpl-c5028e9e-dbc6-4f7d-99b7-5a0387eddaa2/datanode-5/data/ratis/8503b725-867c-4cb1-90e8-db9f3da368af/sm/snapshot.1_0 time:3
2020-10-09 16:27:51,424 [42f7c000-5a7c-41d7-b460-f0da582d6e91@group-DB9F3DA368AF-StateMachineUpdater] INFO  impl.StateMachineUpdater (StateMachineUpdater.java:takeSnapshot(277)) - 42f7c000-5a7c-41d7-b460-f0da582d6e91@group-DB9F3DA368AF-StateMachineUpdater: Took a snapshot at index 0
2020-10-09 16:27:51,424 [42f7c000-5a7c-41d7-b460-f0da582d6e91@group-DB9F3DA368AF-StateMachineUpdater] INFO  impl.StateMachineUpdater (StateMachineUpdater.java:lambda$new$0(87)) - 42f7c000-5a7c-41d7-b460-f0da582d6e91@group-DB9F3DA368AF-StateMachineUpdater: snapshotIndex: updateIncreasingly -1 -> 0
2020-10-09 16:27:51,424 [42f7c000-5a7c-41d7-b460-f0da582d6e91@group-DB9F3DA368AF-StateMachineUpdater] INFO  metrics.RatisMetrics (RatisMetrics.java:unregister(43)) - Unregistering Metrics Registry : ratis.state_machine.42f7c000-5a7c-41d7-b460-f0da582d6e91@group-DB9F3DA368AF
2020-10-09 16:27:51,424 [Listener at 127.0.0.1/39485] INFO  impl.RaftServerImpl (ServerState.java:close(405)) - 42f7c000-5a7c-41d7-b460-f0da582d6e91@group-DB9F3DA368AF: closes. applyIndex: 0
2020-10-09 16:27:51,424 [ForkJoinPool.commonPool-worker-1] INFO  metrics.RatisMetrics (RatisMetrics.java:unregister(43)) - Unregistering Metrics Registry : ratis.log_appender.42f7c000-5a7c-41d7-b460-f0da582d6e91@group-16A4DE4E1B31
2020-10-09 16:27:51,425 [ForkJoinPool.commonPool-worker-1] INFO  metrics.RatisMetrics (RatisMetrics.java:unregister(43)) - Unregistering Metrics Registry : ratis.server.42f7c000-5a7c-41d7-b460-f0da582d6e91@group-16A4DE4E1B31
2020-10-09 16:27:51,425 [42f7c000-5a7c-41d7-b460-f0da582d6e91@group-DB9F3DA368AF-SegmentedRaftLogWorker] INFO  segmented.SegmentedRaftLogWorker (SegmentedRaftLogWorker.java:run(327)) - 42f7c000-5a7c-41d7-b460-f0da582d6e91@group-DB9F3DA368AF-SegmentedRaftLogWorker was interrupted, exiting. There are 0 tasks remaining in the queue.
2020-10-09 16:27:51,425 [Listener at 127.0.0.1/39485] INFO  segmented.SegmentedRaftLogWorker (SegmentedRaftLogWorker.java:close(234)) - 42f7c000-5a7c-41d7-b460-f0da582d6e91@group-DB9F3DA368AF-SegmentedRaftLogWorker close()
2020-10-09 16:27:51,426 [ForkJoinPool.commonPool-worker-1] INFO  impl.StateMachineUpdater (StateMachineUpdater.java:stopAndJoin(142)) - 42f7c000-5a7c-41d7-b460-f0da582d6e91@group-16A4DE4E1B31-StateMachineUpdater: set stopIndex = 4
2020-10-09 16:27:51,425 [42f7c000-5a7c-41d7-b460-f0da582d6e91@group-16A4DE4E1B31-StateMachineUpdater] INFO  ratis.ContainerStateMachine (ContainerStateMachine.java:takeSnapshot(293)) - group-16A4DE4E1B31: Taking a snapshot at:(t:1, i:4) file /github/workspace/mnt/ozone/hadoop-ozone/integration-test/target/test-dir/MiniOzoneClusterImpl-c5028e9e-dbc6-4f7d-99b7-5a0387eddaa2/datanode-5/data/ratis/60559bdb-f355-41f9-b3e6-16a4de4e1b31/sm/snapshot.1_4
2020-10-09 16:27:51,426 [Listener at 127.0.0.1/39485] INFO  metrics.RatisMetrics (RatisMetrics.java:unregister(43)) - Unregistering Metrics Registry : ratis.log_worker.42f7c000-5a7c-41d7-b460-f0da582d6e91@group-DB9F3DA368AF
2020-10-09 16:27:51,426 [Listener at 127.0.0.1/39485] INFO  metrics.RatisMetrics (RatisMetrics.java:unregister(43)) - Unregistering Metrics Registry : ratis.leader_election.42f7c000-5a7c-41d7-b460-f0da582d6e91@group-DB9F3DA368AF
2020-10-09 16:27:51,427 [Listener at 127.0.0.1/39485] INFO  metrics.RatisMetrics (RatisMetrics.java:unregister(43)) - Unregistering Metrics Registry : ratis.server.42f7c000-5a7c-41d7-b460-f0da582d6e91@group-DB9F3DA368AF
2020-10-09 16:27:51,427 [42f7c000-5a7c-41d7-b460-f0da582d6e91@group-16A4DE4E1B31-StateMachineUpdater] INFO  ratis.ContainerStateMachine (ContainerStateMachine.java:takeSnapshot(304)) - group-16A4DE4E1B31: Finished taking a snapshot at:(t:1, i:4) file:/github/workspace/mnt/ozone/hadoop-ozone/integration-test/target/test-dir/MiniOzoneClusterImpl-c5028e9e-dbc6-4f7d-99b7-5a0387eddaa2/datanode-5/data/ratis/60559bdb-f355-41f9-b3e6-16a4de4e1b31/sm/snapshot.1_4 time:2
2020-10-09 16:27:51,428 [42f7c000-5a7c-41d7-b460-f0da582d6e91@group-16A4DE4E1B31-StateMachineUpdater] INFO  impl.StateMachineUpdater (StateMachineUpdater.java:takeSnapshot(277)) - 42f7c000-5a7c-41d7-b460-f0da582d6e91@group-16A4DE4E1B31-StateMachineUpdater: Took a snapshot at index 4
2020-10-09 16:27:51,428 [42f7c000-5a7c-41d7-b460-f0da582d6e91@group-16A4DE4E1B31-StateMachineUpdater] INFO  impl.StateMachineUpdater (StateMachineUpdater.java:lambda$new$0(87)) - 42f7c000-5a7c-41d7-b460-f0da582d6e91@group-16A4DE4E1B31-StateMachineUpdater: snapshotIndex: updateIncreasingly -1 -> 4
2020-10-09 16:27:51,428 [42f7c000-5a7c-41d7-b460-f0da582d6e91@group-16A4DE4E1B31-StateMachineUpdater] INFO  metrics.RatisMetrics (RatisMetrics.java:unregister(43)) - Unregistering Metrics Registry : ratis.state_machine.42f7c000-5a7c-41d7-b460-f0da582d6e91@group-16A4DE4E1B31
2020-10-09 16:27:51,428 [ForkJoinPool.commonPool-worker-1] INFO  impl.RaftServerImpl (ServerState.java:close(405)) - 42f7c000-5a7c-41d7-b460-f0da582d6e91@group-16A4DE4E1B31: closes. applyIndex: 4
2020-10-09 16:27:51,428 [42f7c000-5a7c-41d7-b460-f0da582d6e91@group-16A4DE4E1B31-SegmentedRaftLogWorker] INFO  segmented.SegmentedRaftLogWorker (SegmentedRaftLogWorker.java:run(327)) - 42f7c000-5a7c-41d7-b460-f0da582d6e91@group-16A4DE4E1B31-SegmentedRaftLogWorker was interrupted, exiting. There are 0 tasks remaining in the queue.
2020-10-09 16:27:51,428 [ForkJoinPool.commonPool-worker-1] INFO  segmented.SegmentedRaftLogWorker (SegmentedRaftLogWorker.java:close(234)) - 42f7c000-5a7c-41d7-b460-f0da582d6e91@group-16A4DE4E1B31-SegmentedRaftLogWorker close()
2020-10-09 16:27:51,429 [ForkJoinPool.commonPool-worker-1] INFO  metrics.RatisMetrics (RatisMetrics.java:unregister(43)) - Unregistering Metrics Registry : ratis.log_worker.42f7c000-5a7c-41d7-b460-f0da582d6e91@group-16A4DE4E1B31
2020-10-09 16:27:51,429 [ForkJoinPool.commonPool-worker-1] INFO  metrics.RatisMetrics (RatisMetrics.java:unregister(43)) - Unregistering Metrics Registry : ratis.leader_election.42f7c000-5a7c-41d7-b460-f0da582d6e91@group-16A4DE4E1B31
2020-10-09 16:27:51,429 [ForkJoinPool.commonPool-worker-1] INFO  metrics.RatisMetrics (RatisMetrics.java:unregister(43)) - Unregistering Metrics Registry : ratis.server.42f7c000-5a7c-41d7-b460-f0da582d6e91@group-16A4DE4E1B31
2020-10-09 16:27:51,429 [Listener at 127.0.0.1/39485] INFO  server.GrpcService (GrpcService.java:closeImpl(183)) - 42f7c000-5a7c-41d7-b460-f0da582d6e91: shutdown server with port 41595 now
2020-10-09 16:27:51,432 [Listener at 127.0.0.1/39485] INFO  server.GrpcService (GrpcService.java:closeImpl(191)) - 42f7c000-5a7c-41d7-b460-f0da582d6e91: shutdown server with port 41595 successfully
2020-10-09 16:27:51,433 [Listener at 127.0.0.1/39485] INFO  utils.BackgroundService (BackgroundService.java:shutdown(132)) - Shutting down service BlockDeletingService
2020-10-09 16:27:51,434 [Listener at 127.0.0.1/39485] INFO  statemachine.DatanodeStateMachine (DatanodeStateMachine.java:stopDaemon(453)) - Ozone container server stopped.
2020-10-09 16:27:51,443 [Listener at 127.0.0.1/39485] INFO  handler.ContextHandler (ContextHandler.java:doStop(1016)) - Stopped o.e.j.w.WebAppContext@77c84fc3{hddsDatanode,/,null,UNAVAILABLE}{jar:file:/home/user/.m2/repository/org/apache/hadoop/hadoop-hdds-container-service/1.1.0-SNAPSHOT/hadoop-hdds-container-service-1.1.0-SNAPSHOT.jar!/webapps/hddsDatanode}
2020-10-09 16:27:51,443 [Listener at 127.0.0.1/39485] INFO  server.AbstractConnector (AbstractConnector.java:doStop(380)) - Stopped ServerConnector@7f14dede{HTTP/1.1,[http/1.1]}{0.0.0.0:0}
2020-10-09 16:27:51,444 [Listener at 127.0.0.1/39485] INFO  server.session (HouseKeeper.java:stopScavenging(158)) - node0 Stopped scavenging
2020-10-09 16:27:51,444 [Listener at 127.0.0.1/39485] INFO  handler.ContextHandler (ContextHandler.java:doStop(1016)) - Stopped o.e.j.s.ServletContextHandler@4d108ba2{static,/static,jar:file:/home/user/.m2/repository/org/apache/hadoop/hadoop-hdds-container-service/1.1.0-SNAPSHOT/hadoop-hdds-container-service-1.1.0-SNAPSHOT.jar!/webapps/static,UNAVAILABLE}
2020-10-09 16:27:51,444 [Listener at 127.0.0.1/39485] INFO  handler.ContextHandler (ContextHandler.java:doStop(1016)) - Stopped o.e.j.s.ServletContextHandler@53daf223{logs,/logs,file:///github/workspace/mnt/ozone/hadoop-ozone/integration-test/target/log,UNAVAILABLE}
2020-10-09 16:27:51,445 [Listener at 127.0.0.1/39485] INFO  ozone.MiniOzoneClusterImpl (MiniOzoneClusterImpl.java:stopSCM(476)) - Stopping the StorageContainerManager
2020-10-09 16:27:51,445 [Listener at 127.0.0.1/39485] INFO  server.StorageContainerManager (StorageContainerManager.java:stop(832)) - Stopping Replication Manager Service.
2020-10-09 16:27:51,445 [Listener at 127.0.0.1/39485] INFO  container.ReplicationManager (ReplicationManager.java:stop(219)) - Stopping Replication Monitor Thread.
2020-10-09 16:27:51,446 [Listener at 127.0.0.1/39485] INFO  server.StorageContainerManager (StorageContainerManager.java:stop(839)) - Stopping Lease Manager of the command watchers
2020-10-09 16:27:51,446 [Listener at 127.0.0.1/39485] INFO  server.StorageContainerManager (StorageContainerManager.java:stop(846)) - Stopping datanode service RPC server
2020-10-09 16:27:51,446 [CommandWatcher-LeaseManager#LeaseMonitor] ERROR lease.LeaseManager (LeaseManager.java:run(238)) - Execution was interrupted 
java.lang.InterruptedException: sleep interrupted
	at java.lang.Thread.sleep(Native Method)
	at org.apache.hadoop.ozone.lease.LeaseManager$LeaseMonitor.run(LeaseManager.java:234)
	at java.lang.Thread.run(Thread.java:748)
2020-10-09 16:27:51,446 [Listener at 127.0.0.1/39485] INFO  server.SCMDatanodeProtocolServer (SCMDatanodeProtocolServer.java:stop(361)) - Stopping the RPC server for DataNodes
2020-10-09 16:27:51,447 [Listener at 127.0.0.1/39485] INFO  ipc.Server (Server.java:stop(3359)) - Stopping server on 44639
2020-10-09 16:27:51,448 [IPC Server listener on 0] INFO  ipc.Server (Server.java:run(1330)) - Stopping IPC Server listener on 0
2020-10-09 16:27:51,449 [IPC Server Responder] INFO  ipc.Server (Server.java:run(1465)) - Stopping IPC Server Responder
2020-10-09 16:27:51,536 [SCM Heartbeat Processing Thread - 0] WARN  node.NodeStateManager (NodeStateManager.java:scheduleNextHealthCheck(661)) - Current Thread is interrupted, shutting down HB processing thread for Node Manager.
2020-10-09 16:27:51,536 [Listener at 127.0.0.1/39485] INFO  server.StorageContainerManager (StorageContainerManager.java:stop(854)) - Stopping block service RPC server
2020-10-09 16:27:51,536 [Listener at 127.0.0.1/39485] INFO  server.SCMBlockProtocolServer (SCMBlockProtocolServer.java:stop(158)) - Stopping the RPC server for Block Protocol
2020-10-09 16:27:51,536 [Listener at 127.0.0.1/39485] INFO  ipc.Server (Server.java:stop(3359)) - Stopping server on 38289
2020-10-09 16:27:51,537 [IPC Server Responder] INFO  ipc.Server (Server.java:run(1465)) - Stopping IPC Server Responder
2020-10-09 16:27:51,538 [IPC Server listener on 0] INFO  ipc.Server (Server.java:run(1330)) - Stopping IPC Server listener on 0
2020-10-09 16:27:51,537 [Listener at 127.0.0.1/39485] INFO  server.StorageContainerManager (StorageContainerManager.java:stop(861)) - Stopping the StorageContainerLocationProtocol RPC server
2020-10-09 16:27:51,546 [Listener at 127.0.0.1/39485] INFO  server.SCMClientProtocolServer (SCMClientProtocolServer.java:stop(165)) - Stopping the RPC server for Client Protocol
2020-10-09 16:27:51,546 [Listener at 127.0.0.1/39485] INFO  ipc.Server (Server.java:stop(3359)) - Stopping server on 35753
2020-10-09 16:27:51,548 [IPC Server listener on 0] INFO  ipc.Server (Server.java:run(1330)) - Stopping IPC Server listener on 0
2020-10-09 16:27:51,553 [IPC Server Responder] INFO  ipc.Server (Server.java:run(1465)) - Stopping IPC Server Responder
2020-10-09 16:27:51,553 [Listener at 127.0.0.1/39485] INFO  server.StorageContainerManager (StorageContainerManager.java:stop(868)) - Stopping Storage Container Manager HTTP server.
2020-10-09 16:27:51,554 [Listener at 127.0.0.1/39485] INFO  handler.ContextHandler (ContextHandler.java:doStop(1016)) - Stopped o.e.j.w.WebAppContext@6a49f62{scm,/,null,UNAVAILABLE}{file:/github/workspace/mnt/ozone/hadoop-ozone/integration-test/target/test-classes/webapps/scm}
2020-10-09 16:27:51,554 [Listener at 127.0.0.1/39485] INFO  server.AbstractConnector (AbstractConnector.java:doStop(380)) - Stopped ServerConnector@75883374{HTTP/1.1,[http/1.1]}{0.0.0.0:0}
2020-10-09 16:27:51,554 [Listener at 127.0.0.1/39485] INFO  server.session (HouseKeeper.java:stopScavenging(158)) - node0 Stopped scavenging
2020-10-09 16:27:51,555 [Listener at 127.0.0.1/39485] INFO  handler.ContextHandler (ContextHandler.java:doStop(1016)) - Stopped o.e.j.s.ServletContextHandler@1a9cdf5b{static,/static,file:///github/workspace/mnt/ozone/hadoop-ozone/integration-test/target/test-classes/webapps/static,UNAVAILABLE}
2020-10-09 16:27:51,555 [Listener at 127.0.0.1/39485] INFO  handler.ContextHandler (ContextHandler.java:doStop(1016)) - Stopped o.e.j.s.ServletContextHandler@2bb2ec91{logs,/logs,file:///github/workspace/mnt/ozone/hadoop-ozone/integration-test/target/log,UNAVAILABLE}
2020-10-09 16:27:51,556 [Listener at 127.0.0.1/39485] INFO  server.StorageContainerManager (StorageContainerManager.java:stop(879)) - Stopping Block Manager Service.
2020-10-09 16:27:51,556 [Listener at 127.0.0.1/39485] INFO  utils.BackgroundService (BackgroundService.java:shutdown(132)) - Shutting down service SCMBlockDeletingService
2020-10-09 16:27:51,556 [Listener at 127.0.0.1/39485] INFO  utils.BackgroundService (BackgroundService.java:shutdown(132)) - Shutting down service SCMBlockDeletingService
2020-10-09 16:27:51,556 [Listener at 127.0.0.1/39485] INFO  server.StorageContainerManager (StorageContainerManager.java:stop(904)) - Stopping SCM Event Queue.
2020-10-09 16:27:51,560 [Listener at 127.0.0.1/39485] INFO  impl.MetricsSystemImpl (MetricsSystemImpl.java:stop(210)) - Stopping HddsDatanode metrics system...
2020-10-09 16:27:51,568 [Listener at 127.0.0.1/39485] INFO  impl.MetricsSystemImpl (MetricsSystemImpl.java:stop(216)) - HddsDatanode metrics system stopped.
]]></system-out>
  </testcase>
</testsuite>