<?xml version="1.0" encoding="UTF-8"?>
<testsuite xmlns:xsi="http://www.w3.org/2001/XMLSchema-instance" xsi:noNamespaceSchemaLocation="https://maven.apache.org/surefire/maven-surefire-plugin/xsd/surefire-test-report-3.0.xsd" version="3.0" name="org.apache.hadoop.hdds.scm.container.balancer.TestContainerBalancerTask" time="7.546" tests="24" errors="1" skipped="0" failures="0">
  <properties>
    <property name="awt.toolkit" value="sun.awt.X11.XToolkit"/>
    <property name="file.encoding.pkg" value="sun.io"/>
    <property name="java.specification.version" value="1.8"/>
    <property name="sun.cpu.isalist" value=""/>
    <property name="sun.jnu.encoding" value="UTF-8"/>
    <property name="java.class.path" value="/home/runner/work/ozone/ozone/hadoop-hdds/server-scm/target/test-classes:/home/runner/work/ozone/ozone/hadoop-hdds/server-scm/target/classes:/home/runner/work/ozone/ozone/hadoop-hdds/test-utils/target/classes:/home/runner/.m2/repository/com/google/guava/guava/32.0.0-jre/guava-32.0.0-jre.jar:/home/runner/.m2/repository/com/google/guava/failureaccess/1.0.1/failureaccess-1.0.1.jar:/home/runner/.m2/repository/com/google/guava/listenablefuture/9999.0-empty-to-avoid-conflict-with-guava/listenablefuture-9999.0-empty-to-avoid-conflict-with-guava.jar:/home/runner/.m2/repository/org/checkerframework/checker-qual/3.33.0/checker-qual-3.33.0.jar:/home/runner/.m2/repository/com/google/errorprone/error_prone_annotations/2.2.0/error_prone_annotations-2.2.0.jar:/home/runner/.m2/repository/com/google/j2objc/j2objc-annotations/2.8/j2objc-annotations-2.8.jar:/home/runner/.m2/repository/commons-io/commons-io/2.11.0/commons-io-2.11.0.jar:/home/runner/.m2/repository/commons-logging/commons-logging/1.2/commons-logging-1.2.jar:/home/runner/.m2/repository/ch/qos/reload4j/reload4j/1.2.22/reload4j-1.2.22.jar:/home/runner/.m2/repository/org/apache/commons/commons-lang3/3.7/commons-lang3-3.7.jar:/home/runner/.m2/repository/org/slf4j/slf4j-api/1.7.36/slf4j-api-1.7.36.jar:/home/runner/.m2/repository/org/apache/logging/log4j/log4j-api/2.17.1/log4j-api-2.17.1.jar:/home/runner/work/ozone/ozone/hadoop-hdds/common/target/classes:/home/runner/work/ozone/ozone/hadoop-hdds/hadoop-dependency-client/target/classes:/home/runner/.m2/repository/info/picocli/picocli/4.6.1/picocli-4.6.1.jar:/home/runner/.m2/repository/com/fasterxml/jackson/core/jackson-annotations/2.13.4/jackson-annotations-2.13.4.jar:/home/runner/.m2/repository/com/fasterxml/jackson/datatype/jackson-datatype-jsr310/2.13.4/jackson-datatype-jsr310-2.13.4.jar:/home/runner/.m2/repository/com/fasterxml/jackson/core/jackson-core/2.13.4/jackson-core-2.13.4.jar:/home/runner/work/ozone/ozone/hadoop-hdds/annotations/target/classes:/home/runner/work/ozone/ozone/hadoop-hdds/config/target/classes:/home/runner/.m2/repository/javax/annotation/javax.annotation-api/1.2/javax.annotation-api-1.2.jar:/home/runner/.m2/repository/org/apache/ratis/ratis-server/2.5.1/ratis-server-2.5.1.jar:/home/runner/.m2/repository/org/apache/ratis/ratis-thirdparty-misc/1.0.4/ratis-thirdparty-misc-1.0.4.jar:/home/runner/.m2/repository/org/apache/ratis/ratis-proto/2.5.1/ratis-proto-2.5.1.jar:/home/runner/.m2/repository/org/apache/ratis/ratis-common/2.5.1/ratis-common-2.5.1.jar:/home/runner/.m2/repository/org/apache/ratis/ratis-client/2.5.1/ratis-client-2.5.1.jar:/home/runner/.m2/repository/org/apache/ratis/ratis-server-api/2.5.1/ratis-server-api-2.5.1.jar:/home/runner/.m2/repository/org/apache/ratis/ratis-metrics/2.5.1/ratis-metrics-2.5.1.jar:/home/runner/.m2/repository/org/apache/ratis/ratis-netty/2.5.1/ratis-netty-2.5.1.jar:/home/runner/.m2/repository/org/apache/ratis/ratis-grpc/2.5.1/ratis-grpc-2.5.1.jar:/home/runner/.m2/repository/org/apache/commons/commons-pool2/2.6.0/commons-pool2-2.6.0.jar:/home/runner/.m2/repository/org/bouncycastle/bcpkix-jdk15on/1.67/bcpkix-jdk15on-1.67.jar:/home/runner/.m2/repository/commons-validator/commons-validator/1.6/commons-validator-1.6.jar:/home/runner/.m2/repository/commons-beanutils/commons-beanutils/1.9.4/commons-beanutils-1.9.4.jar:/home/runner/.m2/repository/commons-digester/commons-digester/1.8.1/commons-digester-1.8.1.jar:/home/runner/.m2/repository/commons-collections/commons-collections/3.2.2/commons-collections-3.2.2.jar:/home/runner/.m2/repository/io/jaegertracing/jaeger-client/1.6.0/jaeger-client-1.6.0.jar:/home/runner/.m2/repository/io/jaegertracing/jaeger-thrift/1.6.0/jaeger-thrift-1.6.0.jar:/home/runner/.m2/repository/org/apache/thrift/libthrift/0.14.1/libthrift-0.14.1.jar:/home/runner/.m2/repository/io/jaegertracing/jaeger-core/1.6.0/jaeger-core-1.6.0.jar:/home/runner/.m2/repository/io/jaegertracing/jaeger-tracerresolver/1.6.0/jaeger-tracerresolver-1.6.0.jar:/home/runner/.m2/repository/io/opentracing/contrib/opentracing-tracerresolver/0.1.8/opentracing-tracerresolver-0.1.8.jar:/home/runner/.m2/repository/org/jetbrains/kotlin/kotlin-stdlib/1.6.21/kotlin-stdlib-1.6.21.jar:/home/runner/.m2/repository/org/jetbrains/annotations/13.0/annotations-13.0.jar:/home/runner/.m2/repository/io/opentracing/opentracing-util/0.33.0/opentracing-util-0.33.0.jar:/home/runner/.m2/repository/io/opentracing/opentracing-api/0.33.0/opentracing-api-0.33.0.jar:/home/runner/.m2/repository/io/opentracing/opentracing-noop/0.33.0/opentracing-noop-0.33.0.jar:/home/runner/.m2/repository/org/yaml/snakeyaml/2.0/snakeyaml-2.0.jar:/home/runner/.m2/repository/org/reflections/reflections/0.9.11/reflections-0.9.11.jar:/home/runner/.m2/repository/org/javassist/javassist/3.21.0-GA/javassist-3.21.0-GA.jar:/home/runner/work/ozone/ozone/hadoop-hdds/interface-client/target/classes:/home/runner/.m2/repository/org/apache/hadoop/thirdparty/hadoop-shaded-protobuf_3_7/1.1.1/hadoop-shaded-protobuf_3_7-1.1.1.jar:/home/runner/work/ozone/ozone/hadoop-hdds/interface-admin/target/classes:/home/runner/.m2/repository/io/grpc/grpc-api/1.51.1/grpc-api-1.51.1.jar:/home/runner/.m2/repository/io/grpc/grpc-context/1.51.1/grpc-context-1.51.1.jar:/home/runner/work/ozone/ozone/hadoop-hdds/container-service/target/classes:/home/runner/.m2/repository/org/apache/commons/commons-compress/1.21/commons-compress-1.21.jar:/home/runner/.m2/repository/com/github/luben/zstd-jni/1.5.2-5/zstd-jni-1.5.2-5.jar:/home/runner/.m2/repository/commons-codec/commons-codec/1.15/commons-codec-1.15.jar:/home/runner/.m2/repository/javax/xml/bind/jaxb-api/2.3.0/jaxb-api-2.3.0.jar:/home/runner/.m2/repository/org/glassfish/jaxb/jaxb-runtime/2.3.0.1/jaxb-runtime-2.3.0.1.jar:/home/runner/.m2/repository/org/glassfish/jaxb/jaxb-core/2.3.0.1/jaxb-core-2.3.0.1.jar:/home/runner/.m2/repository/org/glassfish/jaxb/txw2/2.3.0.1/txw2-2.3.0.1.jar:/home/runner/.m2/repository/com/sun/istack/istack-commons-runtime/3.0.5/istack-commons-runtime-3.0.5.jar:/home/runner/.m2/repository/org/jvnet/staxex/stax-ex/1.7.8/stax-ex-1.7.8.jar:/home/runner/.m2/repository/com/sun/xml/fastinfoset/FastInfoset/1.2.13/FastInfoset-1.2.13.jar:/home/runner/.m2/repository/io/netty/netty-transport/4.1.94.Final/netty-transport-4.1.94.Final.jar:/home/runner/.m2/repository/io/netty/netty-common/4.1.94.Final/netty-common-4.1.94.Final.jar:/home/runner/.m2/repository/io/netty/netty-buffer/4.1.94.Final/netty-buffer-4.1.94.Final.jar:/home/runner/.m2/repository/io/netty/netty-resolver/4.1.94.Final/netty-resolver-4.1.94.Final.jar:/home/runner/.m2/repository/io/netty/netty-codec/4.1.94.Final/netty-codec-4.1.94.Final.jar:/home/runner/.m2/repository/io/netty/netty-handler/4.1.94.Final/netty-handler-4.1.94.Final.jar:/home/runner/.m2/repository/io/netty/netty-transport-native-unix-common/4.1.94.Final/netty-transport-native-unix-common-4.1.94.Final.jar:/home/runner/work/ozone/ozone/hadoop-hdds/client/target/classes:/home/runner/work/ozone/ozone/hadoop-hdds/erasurecode/target/classes:/home/runner/work/ozone/ozone/hadoop-hdds/hadoop-dependency-server/target/classes:/home/runner/.m2/repository/org/apache/hadoop/hadoop-annotations/3.3.6/hadoop-annotations-3.3.6.jar:/usr/lib/jvm/temurin-8-jdk-amd64/jre/../lib/tools.jar:/home/runner/.m2/repository/org/apache/hadoop/hadoop-common/3.3.6/hadoop-common-3.3.6.jar:/home/runner/.m2/repository/org/apache/hadoop/thirdparty/hadoop-shaded-guava/1.1.1/hadoop-shaded-guava-1.1.1.jar:/home/runner/.m2/repository/org/apache/httpcomponents/httpclient/4.5.13/httpclient-4.5.13.jar:/home/runner/.m2/repository/org/apache/httpcomponents/httpcore/4.4.13/httpcore-4.4.13.jar:/home/runner/.m2/repository/commons-net/commons-net/3.9.0/commons-net-3.9.0.jar:/home/runner/.m2/repository/javax/servlet/javax.servlet-api/3.1.0/javax.servlet-api-3.1.0.jar:/home/runner/.m2/repository/jakarta/activation/jakarta.activation-api/1.2.2/jakarta.activation-api-1.2.2.jar:/home/runner/.m2/repository/javax/servlet/jsp/jsp-api/2.1/jsp-api-2.1.jar:/home/runner/.m2/repository/com/sun/jersey/jersey-core/1.19/jersey-core-1.19.jar:/home/runner/.m2/repository/javax/ws/rs/jsr311-api/1.1.1/jsr311-api-1.1.1.jar:/home/runner/.m2/repository/com/sun/jersey/jersey-servlet/1.19/jersey-servlet-1.19.jar:/home/runner/.m2/repository/com/sun/jersey/jersey-server/1.19/jersey-server-1.19.jar:/home/runner/.m2/repository/com/google/re2j/re2j/1.1/re2j-1.1.jar:/home/runner/.m2/repository/com/google/code/gson/gson/2.9.0/gson-2.9.0.jar:/home/runner/.m2/repository/org/apache/hadoop/hadoop-auth/3.3.6/hadoop-auth-3.3.6.jar:/home/runner/.m2/repository/com/nimbusds/nimbus-jose-jwt/9.8.1/nimbus-jose-jwt-9.8.1.jar:/home/runner/.m2/repository/com/github/stephenc/jcip/jcip-annotations/1.0-1/jcip-annotations-1.0-1.jar:/home/runner/.m2/repository/com/jcraft/jsch/0.1.54/jsch-0.1.54.jar:/home/runner/.m2/repository/org/apache/kerby/kerb-core/1.0.1/kerb-core-1.0.1.jar:/home/runner/.m2/repository/org/apache/kerby/kerby-pkix/1.0.1/kerby-pkix-1.0.1.jar:/home/runner/.m2/repository/org/apache/kerby/kerby-asn1/1.0.1/kerby-asn1-1.0.1.jar:/home/runner/.m2/repository/org/apache/kerby/kerby-util/1.0.1/kerby-util-1.0.1.jar:/home/runner/.m2/repository/org/codehaus/woodstox/stax2-api/4.2.1/stax2-api-4.2.1.jar:/home/runner/.m2/repository/com/fasterxml/woodstox/woodstox-core/5.4.0/woodstox-core-5.4.0.jar:/home/runner/.m2/repository/dnsjava/dnsjava/2.1.7/dnsjava-2.1.7.jar:/home/runner/.m2/repository/org/xerial/snappy/snappy-java/1.1.8.2/snappy-java-1.1.8.2.jar:/home/runner/.m2/repository/commons-cli/commons-cli/1.2/commons-cli-1.2.jar:/home/runner/.m2/repository/org/apache/hadoop/hadoop-hdfs/3.3.6/hadoop-hdfs-3.3.6.jar:/home/runner/.m2/repository/org/eclipse/jetty/jetty-util-ajax/9.4.51.v20230217/jetty-util-ajax-9.4.51.v20230217.jar:/home/runner/.m2/repository/commons-daemon/commons-daemon/1.0.13/commons-daemon-1.0.13.jar:/home/runner/work/ozone/ozone/hadoop-hdds/framework/target/classes:/home/runner/work/ozone/ozone/hadoop-hdds/interface-server/target/classes:/home/runner/work/ozone/ozone/hadoop-hdds/managed-rocksdb/target/classes:/home/runner/.m2/repository/org/rocksdb/rocksdbjni/7.7.3/rocksdbjni-7.7.3.jar:/home/runner/.m2/repository/org/slf4j/slf4j-reload4j/1.7.36/slf4j-reload4j-1.7.36.jar:/home/runner/.m2/repository/org/apache/commons/commons-configuration2/2.1.1/commons-configuration2-2.1.1.jar:/home/runner/.m2/repository/commons-fileupload/commons-fileupload/1.5/commons-fileupload-1.5.jar:/home/runner/.m2/repository/org/apache/logging/log4j/log4j-core/2.17.1/log4j-core-2.17.1.jar:/home/runner/.m2/repository/com/lmax/disruptor/3.4.2/disruptor-3.4.2.jar:/home/runner/.m2/repository/org/eclipse/jetty/jetty-util/9.4.51.v20230217/jetty-util-9.4.51.v20230217.jar:/home/runner/.m2/repository/org/eclipse/jetty/jetty-server/9.4.51.v20230217/jetty-server-9.4.51.v20230217.jar:/home/runner/.m2/repository/org/eclipse/jetty/jetty-http/9.4.51.v20230217/jetty-http-9.4.51.v20230217.jar:/home/runner/.m2/repository/org/eclipse/jetty/jetty-io/9.4.51.v20230217/jetty-io-9.4.51.v20230217.jar:/home/runner/.m2/repository/org/eclipse/jetty/jetty-servlet/9.4.51.v20230217/jetty-servlet-9.4.51.v20230217.jar:/home/runner/.m2/repository/org/eclipse/jetty/jetty-security/9.4.51.v20230217/jetty-security-9.4.51.v20230217.jar:/home/runner/.m2/repository/org/eclipse/jetty/jetty-webapp/9.4.51.v20230217/jetty-webapp-9.4.51.v20230217.jar:/home/runner/.m2/repository/org/eclipse/jetty/jetty-xml/9.4.51.v20230217/jetty-xml-9.4.51.v20230217.jar:/home/runner/.m2/repository/io/prometheus/simpleclient_dropwizard/0.7.0/simpleclient_dropwizard-0.7.0.jar:/home/runner/.m2/repository/io/prometheus/simpleclient/0.7.0/simpleclient-0.7.0.jar:/home/runner/.m2/repository/io/prometheus/simpleclient_common/0.7.0/simpleclient_common-0.7.0.jar:/home/runner/work/ozone/ozone/hadoop-hdds/rocksdb-checkpoint-differ/target/classes:/home/runner/work/ozone/ozone/hadoop-hdds/rocks-native/target/classes:/home/runner/.m2/repository/org/jgrapht/jgrapht-core/1.0.1/jgrapht-core-1.0.1.jar:/home/runner/.m2/repository/org/jgrapht/jgrapht-ext/1.0.1/jgrapht-ext-1.0.1.jar:/home/runner/.m2/repository/org/tinyjee/jgraphx/jgraphx/2.0.0.1/jgraphx-2.0.0.1.jar:/home/runner/.m2/repository/jgraph/jgraph/5.13.0.0/jgraph-5.13.0.0.jar:/home/runner/.m2/repository/org/antlr/antlr4-runtime/4.5.3/antlr4-runtime-4.5.3.jar:/home/runner/.m2/repository/org/awaitility/awaitility/4.2.0/awaitility-4.2.0.jar:/home/runner/.m2/repository/org/hamcrest/hamcrest/2.1/hamcrest-2.1.jar:/home/runner/work/ozone/ozone/hadoop-hdds/docs/target/classes:/home/runner/.m2/repository/io/dropwizard/metrics/metrics-core/3.2.4/metrics-core-3.2.4.jar:/home/runner/.m2/repository/com/github/spotbugs/spotbugs-annotations/3.1.12/spotbugs-annotations-3.1.12.jar:/home/runner/.m2/repository/com/google/code/findbugs/jsr305/3.0.0/jsr305-3.0.0.jar:/home/runner/.m2/repository/org/apache/commons/commons-math3/3.1.1/commons-math3-3.1.1.jar:/home/runner/.m2/repository/org/apache/commons/commons-text/1.10.0/commons-text-1.10.0.jar:/home/runner/.m2/repository/org/apache/hadoop/hadoop-hdfs-client/3.3.6/hadoop-hdfs-client-3.3.6.jar:/home/runner/.m2/repository/com/squareup/okhttp3/okhttp/4.9.3/okhttp-4.9.3.jar:/home/runner/.m2/repository/com/squareup/okio/okio/3.4.0/okio-3.4.0.jar:/home/runner/.m2/repository/com/squareup/okio/okio-jvm/3.4.0/okio-jvm-3.4.0.jar:/home/runner/.m2/repository/org/jetbrains/kotlin/kotlin-stdlib-jdk8/1.8.0/kotlin-stdlib-jdk8-1.8.0.jar:/home/runner/.m2/repository/org/jetbrains/kotlin/kotlin-stdlib-jdk7/1.8.0/kotlin-stdlib-jdk7-1.8.0.jar:/home/runner/.m2/repository/org/jetbrains/kotlin/kotlin-stdlib-common/1.6.21/kotlin-stdlib-common-1.6.21.jar:/home/runner/.m2/repository/com/fasterxml/jackson/core/jackson-databind/2.13.4.2/jackson-databind-2.13.4.2.jar:/home/runner/work/ozone/ozone/hadoop-hdds/container-service/target/test-classes:/home/runner/work/ozone/ozone/hadoop-hdds/common/target/test-classes:/home/runner/.m2/repository/org/hamcrest/hamcrest-core/1.3/hamcrest-core-1.3.jar:/home/runner/.m2/repository/org/assertj/assertj-core/3.12.2/assertj-core-3.12.2.jar:/home/runner/.m2/repository/org/mockito/mockito-core/3.5.9/mockito-core-3.5.9.jar:/home/runner/.m2/repository/net/bytebuddy/byte-buddy/1.10.13/byte-buddy-1.10.13.jar:/home/runner/.m2/repository/net/bytebuddy/byte-buddy-agent/1.10.13/byte-buddy-agent-1.10.13.jar:/home/runner/.m2/repository/org/objenesis/objenesis/1.0/objenesis-1.0.jar:/home/runner/.m2/repository/org/hamcrest/hamcrest-all/1.3/hamcrest-all-1.3.jar:/home/runner/.m2/repository/org/bouncycastle/bcprov-jdk15on/1.67/bcprov-jdk15on-1.67.jar:/home/runner/work/ozone/ozone/hadoop-hdds/hadoop-dependency-test/target/classes:/home/runner/.m2/repository/org/apache/hadoop/hadoop-common/3.3.6/hadoop-common-3.3.6-tests.jar:/home/runner/.m2/repository/org/apache/hadoop/hadoop-hdfs/3.3.6/hadoop-hdfs-3.3.6-tests.jar:/home/runner/.m2/repository/com/google/protobuf/protobuf-java/2.5.0/protobuf-java-2.5.0.jar:/home/runner/.m2/repository/org/junit/jupiter/junit-jupiter-api/5.8.2/junit-jupiter-api-5.8.2.jar:/home/runner/.m2/repository/org/opentest4j/opentest4j/1.2.0/opentest4j-1.2.0.jar:/home/runner/.m2/repository/org/junit/platform/junit-platform-commons/1.8.2/junit-platform-commons-1.8.2.jar:/home/runner/.m2/repository/org/apiguardian/apiguardian-api/1.1.2/apiguardian-api-1.1.2.jar:/home/runner/.m2/repository/org/junit/jupiter/junit-jupiter-engine/5.8.2/junit-jupiter-engine-5.8.2.jar:/home/runner/.m2/repository/org/junit/platform/junit-platform-engine/1.8.2/junit-platform-engine-1.8.2.jar:/home/runner/.m2/repository/org/junit/vintage/junit-vintage-engine/5.8.2/junit-vintage-engine-5.8.2.jar:/home/runner/.m2/repository/org/junit/platform/junit-platform-launcher/1.8.2/junit-platform-launcher-1.8.2.jar:/home/runner/.m2/repository/org/junit/jupiter/junit-jupiter-params/5.8.2/junit-jupiter-params-5.8.2.jar:/home/runner/.m2/repository/junit/junit/4.13.1/junit-4.13.1.jar:"/>
    <property name="java.vm.vendor" value="Temurin"/>
    <property name="sun.arch.data.model" value="64"/>
    <property name="test.build.dir" value="/home/runner/work/ozone/ozone/hadoop-hdds/server-scm/target/test-dir"/>
    <property name="test.cache.data" value=""/>
    <property name="java.vendor.url" value="https://adoptium.net/"/>
    <property name="user.timezone" value="Etc/UTC"/>
    <property name="java.vm.specification.version" value="1.8"/>
    <property name="os.name" value="Linux"/>
    <property name="test.build.data" value="/home/runner/work/ozone/ozone/hadoop-hdds/server-scm/target/test-dir"/>
    <property name="sun.java.launcher" value="SUN_STANDARD"/>
    <property name="sun.boot.library.path" value="/usr/lib/jvm/temurin-8-jdk-amd64/jre/lib/amd64"/>
    <property name="sun.java.command" value="/home/runner/work/ozone/ozone/hadoop-hdds/server-scm/target/surefire/surefirebooter5573622041723029272.jar /home/runner/work/ozone/ozone/hadoop-hdds/server-scm/target/surefire 2023-09-12T20-51-40_174-jvmRun1 surefire4704039783755668448tmp surefire_2703455541943726996845tmp"/>
    <property name="native.lib.tmp.dir" value="/tmp"/>
    <property name="surefire.test.class.path" value="/home/runner/work/ozone/ozone/hadoop-hdds/server-scm/target/test-classes:/home/runner/work/ozone/ozone/hadoop-hdds/server-scm/target/classes:/home/runner/work/ozone/ozone/hadoop-hdds/test-utils/target/classes:/home/runner/.m2/repository/com/google/guava/guava/32.0.0-jre/guava-32.0.0-jre.jar:/home/runner/.m2/repository/com/google/guava/failureaccess/1.0.1/failureaccess-1.0.1.jar:/home/runner/.m2/repository/com/google/guava/listenablefuture/9999.0-empty-to-avoid-conflict-with-guava/listenablefuture-9999.0-empty-to-avoid-conflict-with-guava.jar:/home/runner/.m2/repository/org/checkerframework/checker-qual/3.33.0/checker-qual-3.33.0.jar:/home/runner/.m2/repository/com/google/errorprone/error_prone_annotations/2.2.0/error_prone_annotations-2.2.0.jar:/home/runner/.m2/repository/com/google/j2objc/j2objc-annotations/2.8/j2objc-annotations-2.8.jar:/home/runner/.m2/repository/commons-io/commons-io/2.11.0/commons-io-2.11.0.jar:/home/runner/.m2/repository/commons-logging/commons-logging/1.2/commons-logging-1.2.jar:/home/runner/.m2/repository/ch/qos/reload4j/reload4j/1.2.22/reload4j-1.2.22.jar:/home/runner/.m2/repository/org/apache/commons/commons-lang3/3.7/commons-lang3-3.7.jar:/home/runner/.m2/repository/org/slf4j/slf4j-api/1.7.36/slf4j-api-1.7.36.jar:/home/runner/.m2/repository/org/apache/logging/log4j/log4j-api/2.17.1/log4j-api-2.17.1.jar:/home/runner/work/ozone/ozone/hadoop-hdds/common/target/classes:/home/runner/work/ozone/ozone/hadoop-hdds/hadoop-dependency-client/target/classes:/home/runner/.m2/repository/info/picocli/picocli/4.6.1/picocli-4.6.1.jar:/home/runner/.m2/repository/com/fasterxml/jackson/core/jackson-annotations/2.13.4/jackson-annotations-2.13.4.jar:/home/runner/.m2/repository/com/fasterxml/jackson/datatype/jackson-datatype-jsr310/2.13.4/jackson-datatype-jsr310-2.13.4.jar:/home/runner/.m2/repository/com/fasterxml/jackson/core/jackson-core/2.13.4/jackson-core-2.13.4.jar:/home/runner/work/ozone/ozone/hadoop-hdds/annotations/target/classes:/home/runner/work/ozone/ozone/hadoop-hdds/config/target/classes:/home/runner/.m2/repository/javax/annotation/javax.annotation-api/1.2/javax.annotation-api-1.2.jar:/home/runner/.m2/repository/org/apache/ratis/ratis-server/2.5.1/ratis-server-2.5.1.jar:/home/runner/.m2/repository/org/apache/ratis/ratis-thirdparty-misc/1.0.4/ratis-thirdparty-misc-1.0.4.jar:/home/runner/.m2/repository/org/apache/ratis/ratis-proto/2.5.1/ratis-proto-2.5.1.jar:/home/runner/.m2/repository/org/apache/ratis/ratis-common/2.5.1/ratis-common-2.5.1.jar:/home/runner/.m2/repository/org/apache/ratis/ratis-client/2.5.1/ratis-client-2.5.1.jar:/home/runner/.m2/repository/org/apache/ratis/ratis-server-api/2.5.1/ratis-server-api-2.5.1.jar:/home/runner/.m2/repository/org/apache/ratis/ratis-metrics/2.5.1/ratis-metrics-2.5.1.jar:/home/runner/.m2/repository/org/apache/ratis/ratis-netty/2.5.1/ratis-netty-2.5.1.jar:/home/runner/.m2/repository/org/apache/ratis/ratis-grpc/2.5.1/ratis-grpc-2.5.1.jar:/home/runner/.m2/repository/org/apache/commons/commons-pool2/2.6.0/commons-pool2-2.6.0.jar:/home/runner/.m2/repository/org/bouncycastle/bcpkix-jdk15on/1.67/bcpkix-jdk15on-1.67.jar:/home/runner/.m2/repository/commons-validator/commons-validator/1.6/commons-validator-1.6.jar:/home/runner/.m2/repository/commons-beanutils/commons-beanutils/1.9.4/commons-beanutils-1.9.4.jar:/home/runner/.m2/repository/commons-digester/commons-digester/1.8.1/commons-digester-1.8.1.jar:/home/runner/.m2/repository/commons-collections/commons-collections/3.2.2/commons-collections-3.2.2.jar:/home/runner/.m2/repository/io/jaegertracing/jaeger-client/1.6.0/jaeger-client-1.6.0.jar:/home/runner/.m2/repository/io/jaegertracing/jaeger-thrift/1.6.0/jaeger-thrift-1.6.0.jar:/home/runner/.m2/repository/org/apache/thrift/libthrift/0.14.1/libthrift-0.14.1.jar:/home/runner/.m2/repository/io/jaegertracing/jaeger-core/1.6.0/jaeger-core-1.6.0.jar:/home/runner/.m2/repository/io/jaegertracing/jaeger-tracerresolver/1.6.0/jaeger-tracerresolver-1.6.0.jar:/home/runner/.m2/repository/io/opentracing/contrib/opentracing-tracerresolver/0.1.8/opentracing-tracerresolver-0.1.8.jar:/home/runner/.m2/repository/org/jetbrains/kotlin/kotlin-stdlib/1.6.21/kotlin-stdlib-1.6.21.jar:/home/runner/.m2/repository/org/jetbrains/annotations/13.0/annotations-13.0.jar:/home/runner/.m2/repository/io/opentracing/opentracing-util/0.33.0/opentracing-util-0.33.0.jar:/home/runner/.m2/repository/io/opentracing/opentracing-api/0.33.0/opentracing-api-0.33.0.jar:/home/runner/.m2/repository/io/opentracing/opentracing-noop/0.33.0/opentracing-noop-0.33.0.jar:/home/runner/.m2/repository/org/yaml/snakeyaml/2.0/snakeyaml-2.0.jar:/home/runner/.m2/repository/org/reflections/reflections/0.9.11/reflections-0.9.11.jar:/home/runner/.m2/repository/org/javassist/javassist/3.21.0-GA/javassist-3.21.0-GA.jar:/home/runner/work/ozone/ozone/hadoop-hdds/interface-client/target/classes:/home/runner/.m2/repository/org/apache/hadoop/thirdparty/hadoop-shaded-protobuf_3_7/1.1.1/hadoop-shaded-protobuf_3_7-1.1.1.jar:/home/runner/work/ozone/ozone/hadoop-hdds/interface-admin/target/classes:/home/runner/.m2/repository/io/grpc/grpc-api/1.51.1/grpc-api-1.51.1.jar:/home/runner/.m2/repository/io/grpc/grpc-context/1.51.1/grpc-context-1.51.1.jar:/home/runner/work/ozone/ozone/hadoop-hdds/container-service/target/classes:/home/runner/.m2/repository/org/apache/commons/commons-compress/1.21/commons-compress-1.21.jar:/home/runner/.m2/repository/com/github/luben/zstd-jni/1.5.2-5/zstd-jni-1.5.2-5.jar:/home/runner/.m2/repository/commons-codec/commons-codec/1.15/commons-codec-1.15.jar:/home/runner/.m2/repository/javax/xml/bind/jaxb-api/2.3.0/jaxb-api-2.3.0.jar:/home/runner/.m2/repository/org/glassfish/jaxb/jaxb-runtime/2.3.0.1/jaxb-runtime-2.3.0.1.jar:/home/runner/.m2/repository/org/glassfish/jaxb/jaxb-core/2.3.0.1/jaxb-core-2.3.0.1.jar:/home/runner/.m2/repository/org/glassfish/jaxb/txw2/2.3.0.1/txw2-2.3.0.1.jar:/home/runner/.m2/repository/com/sun/istack/istack-commons-runtime/3.0.5/istack-commons-runtime-3.0.5.jar:/home/runner/.m2/repository/org/jvnet/staxex/stax-ex/1.7.8/stax-ex-1.7.8.jar:/home/runner/.m2/repository/com/sun/xml/fastinfoset/FastInfoset/1.2.13/FastInfoset-1.2.13.jar:/home/runner/.m2/repository/io/netty/netty-transport/4.1.94.Final/netty-transport-4.1.94.Final.jar:/home/runner/.m2/repository/io/netty/netty-common/4.1.94.Final/netty-common-4.1.94.Final.jar:/home/runner/.m2/repository/io/netty/netty-buffer/4.1.94.Final/netty-buffer-4.1.94.Final.jar:/home/runner/.m2/repository/io/netty/netty-resolver/4.1.94.Final/netty-resolver-4.1.94.Final.jar:/home/runner/.m2/repository/io/netty/netty-codec/4.1.94.Final/netty-codec-4.1.94.Final.jar:/home/runner/.m2/repository/io/netty/netty-handler/4.1.94.Final/netty-handler-4.1.94.Final.jar:/home/runner/.m2/repository/io/netty/netty-transport-native-unix-common/4.1.94.Final/netty-transport-native-unix-common-4.1.94.Final.jar:/home/runner/work/ozone/ozone/hadoop-hdds/client/target/classes:/home/runner/work/ozone/ozone/hadoop-hdds/erasurecode/target/classes:/home/runner/work/ozone/ozone/hadoop-hdds/hadoop-dependency-server/target/classes:/home/runner/.m2/repository/org/apache/hadoop/hadoop-annotations/3.3.6/hadoop-annotations-3.3.6.jar:/usr/lib/jvm/temurin-8-jdk-amd64/jre/../lib/tools.jar:/home/runner/.m2/repository/org/apache/hadoop/hadoop-common/3.3.6/hadoop-common-3.3.6.jar:/home/runner/.m2/repository/org/apache/hadoop/thirdparty/hadoop-shaded-guava/1.1.1/hadoop-shaded-guava-1.1.1.jar:/home/runner/.m2/repository/org/apache/httpcomponents/httpclient/4.5.13/httpclient-4.5.13.jar:/home/runner/.m2/repository/org/apache/httpcomponents/httpcore/4.4.13/httpcore-4.4.13.jar:/home/runner/.m2/repository/commons-net/commons-net/3.9.0/commons-net-3.9.0.jar:/home/runner/.m2/repository/javax/servlet/javax.servlet-api/3.1.0/javax.servlet-api-3.1.0.jar:/home/runner/.m2/repository/jakarta/activation/jakarta.activation-api/1.2.2/jakarta.activation-api-1.2.2.jar:/home/runner/.m2/repository/javax/servlet/jsp/jsp-api/2.1/jsp-api-2.1.jar:/home/runner/.m2/repository/com/sun/jersey/jersey-core/1.19/jersey-core-1.19.jar:/home/runner/.m2/repository/javax/ws/rs/jsr311-api/1.1.1/jsr311-api-1.1.1.jar:/home/runner/.m2/repository/com/sun/jersey/jersey-servlet/1.19/jersey-servlet-1.19.jar:/home/runner/.m2/repository/com/sun/jersey/jersey-server/1.19/jersey-server-1.19.jar:/home/runner/.m2/repository/com/google/re2j/re2j/1.1/re2j-1.1.jar:/home/runner/.m2/repository/com/google/code/gson/gson/2.9.0/gson-2.9.0.jar:/home/runner/.m2/repository/org/apache/hadoop/hadoop-auth/3.3.6/hadoop-auth-3.3.6.jar:/home/runner/.m2/repository/com/nimbusds/nimbus-jose-jwt/9.8.1/nimbus-jose-jwt-9.8.1.jar:/home/runner/.m2/repository/com/github/stephenc/jcip/jcip-annotations/1.0-1/jcip-annotations-1.0-1.jar:/home/runner/.m2/repository/com/jcraft/jsch/0.1.54/jsch-0.1.54.jar:/home/runner/.m2/repository/org/apache/kerby/kerb-core/1.0.1/kerb-core-1.0.1.jar:/home/runner/.m2/repository/org/apache/kerby/kerby-pkix/1.0.1/kerby-pkix-1.0.1.jar:/home/runner/.m2/repository/org/apache/kerby/kerby-asn1/1.0.1/kerby-asn1-1.0.1.jar:/home/runner/.m2/repository/org/apache/kerby/kerby-util/1.0.1/kerby-util-1.0.1.jar:/home/runner/.m2/repository/org/codehaus/woodstox/stax2-api/4.2.1/stax2-api-4.2.1.jar:/home/runner/.m2/repository/com/fasterxml/woodstox/woodstox-core/5.4.0/woodstox-core-5.4.0.jar:/home/runner/.m2/repository/dnsjava/dnsjava/2.1.7/dnsjava-2.1.7.jar:/home/runner/.m2/repository/org/xerial/snappy/snappy-java/1.1.8.2/snappy-java-1.1.8.2.jar:/home/runner/.m2/repository/commons-cli/commons-cli/1.2/commons-cli-1.2.jar:/home/runner/.m2/repository/org/apache/hadoop/hadoop-hdfs/3.3.6/hadoop-hdfs-3.3.6.jar:/home/runner/.m2/repository/org/eclipse/jetty/jetty-util-ajax/9.4.51.v20230217/jetty-util-ajax-9.4.51.v20230217.jar:/home/runner/.m2/repository/commons-daemon/commons-daemon/1.0.13/commons-daemon-1.0.13.jar:/home/runner/work/ozone/ozone/hadoop-hdds/framework/target/classes:/home/runner/work/ozone/ozone/hadoop-hdds/interface-server/target/classes:/home/runner/work/ozone/ozone/hadoop-hdds/managed-rocksdb/target/classes:/home/runner/.m2/repository/org/rocksdb/rocksdbjni/7.7.3/rocksdbjni-7.7.3.jar:/home/runner/.m2/repository/org/slf4j/slf4j-reload4j/1.7.36/slf4j-reload4j-1.7.36.jar:/home/runner/.m2/repository/org/apache/commons/commons-configuration2/2.1.1/commons-configuration2-2.1.1.jar:/home/runner/.m2/repository/commons-fileupload/commons-fileupload/1.5/commons-fileupload-1.5.jar:/home/runner/.m2/repository/org/apache/logging/log4j/log4j-core/2.17.1/log4j-core-2.17.1.jar:/home/runner/.m2/repository/com/lmax/disruptor/3.4.2/disruptor-3.4.2.jar:/home/runner/.m2/repository/org/eclipse/jetty/jetty-util/9.4.51.v20230217/jetty-util-9.4.51.v20230217.jar:/home/runner/.m2/repository/org/eclipse/jetty/jetty-server/9.4.51.v20230217/jetty-server-9.4.51.v20230217.jar:/home/runner/.m2/repository/org/eclipse/jetty/jetty-http/9.4.51.v20230217/jetty-http-9.4.51.v20230217.jar:/home/runner/.m2/repository/org/eclipse/jetty/jetty-io/9.4.51.v20230217/jetty-io-9.4.51.v20230217.jar:/home/runner/.m2/repository/org/eclipse/jetty/jetty-servlet/9.4.51.v20230217/jetty-servlet-9.4.51.v20230217.jar:/home/runner/.m2/repository/org/eclipse/jetty/jetty-security/9.4.51.v20230217/jetty-security-9.4.51.v20230217.jar:/home/runner/.m2/repository/org/eclipse/jetty/jetty-webapp/9.4.51.v20230217/jetty-webapp-9.4.51.v20230217.jar:/home/runner/.m2/repository/org/eclipse/jetty/jetty-xml/9.4.51.v20230217/jetty-xml-9.4.51.v20230217.jar:/home/runner/.m2/repository/io/prometheus/simpleclient_dropwizard/0.7.0/simpleclient_dropwizard-0.7.0.jar:/home/runner/.m2/repository/io/prometheus/simpleclient/0.7.0/simpleclient-0.7.0.jar:/home/runner/.m2/repository/io/prometheus/simpleclient_common/0.7.0/simpleclient_common-0.7.0.jar:/home/runner/work/ozone/ozone/hadoop-hdds/rocksdb-checkpoint-differ/target/classes:/home/runner/work/ozone/ozone/hadoop-hdds/rocks-native/target/classes:/home/runner/.m2/repository/org/jgrapht/jgrapht-core/1.0.1/jgrapht-core-1.0.1.jar:/home/runner/.m2/repository/org/jgrapht/jgrapht-ext/1.0.1/jgrapht-ext-1.0.1.jar:/home/runner/.m2/repository/org/tinyjee/jgraphx/jgraphx/2.0.0.1/jgraphx-2.0.0.1.jar:/home/runner/.m2/repository/jgraph/jgraph/5.13.0.0/jgraph-5.13.0.0.jar:/home/runner/.m2/repository/org/antlr/antlr4-runtime/4.5.3/antlr4-runtime-4.5.3.jar:/home/runner/.m2/repository/org/awaitility/awaitility/4.2.0/awaitility-4.2.0.jar:/home/runner/.m2/repository/org/hamcrest/hamcrest/2.1/hamcrest-2.1.jar:/home/runner/work/ozone/ozone/hadoop-hdds/docs/target/classes:/home/runner/.m2/repository/io/dropwizard/metrics/metrics-core/3.2.4/metrics-core-3.2.4.jar:/home/runner/.m2/repository/com/github/spotbugs/spotbugs-annotations/3.1.12/spotbugs-annotations-3.1.12.jar:/home/runner/.m2/repository/com/google/code/findbugs/jsr305/3.0.0/jsr305-3.0.0.jar:/home/runner/.m2/repository/org/apache/commons/commons-math3/3.1.1/commons-math3-3.1.1.jar:/home/runner/.m2/repository/org/apache/commons/commons-text/1.10.0/commons-text-1.10.0.jar:/home/runner/.m2/repository/org/apache/hadoop/hadoop-hdfs-client/3.3.6/hadoop-hdfs-client-3.3.6.jar:/home/runner/.m2/repository/com/squareup/okhttp3/okhttp/4.9.3/okhttp-4.9.3.jar:/home/runner/.m2/repository/com/squareup/okio/okio/3.4.0/okio-3.4.0.jar:/home/runner/.m2/repository/com/squareup/okio/okio-jvm/3.4.0/okio-jvm-3.4.0.jar:/home/runner/.m2/repository/org/jetbrains/kotlin/kotlin-stdlib-jdk8/1.8.0/kotlin-stdlib-jdk8-1.8.0.jar:/home/runner/.m2/repository/org/jetbrains/kotlin/kotlin-stdlib-jdk7/1.8.0/kotlin-stdlib-jdk7-1.8.0.jar:/home/runner/.m2/repository/org/jetbrains/kotlin/kotlin-stdlib-common/1.6.21/kotlin-stdlib-common-1.6.21.jar:/home/runner/.m2/repository/com/fasterxml/jackson/core/jackson-databind/2.13.4.2/jackson-databind-2.13.4.2.jar:/home/runner/work/ozone/ozone/hadoop-hdds/container-service/target/test-classes:/home/runner/work/ozone/ozone/hadoop-hdds/common/target/test-classes:/home/runner/.m2/repository/org/hamcrest/hamcrest-core/1.3/hamcrest-core-1.3.jar:/home/runner/.m2/repository/org/assertj/assertj-core/3.12.2/assertj-core-3.12.2.jar:/home/runner/.m2/repository/org/mockito/mockito-core/3.5.9/mockito-core-3.5.9.jar:/home/runner/.m2/repository/net/bytebuddy/byte-buddy/1.10.13/byte-buddy-1.10.13.jar:/home/runner/.m2/repository/net/bytebuddy/byte-buddy-agent/1.10.13/byte-buddy-agent-1.10.13.jar:/home/runner/.m2/repository/org/objenesis/objenesis/1.0/objenesis-1.0.jar:/home/runner/.m2/repository/org/hamcrest/hamcrest-all/1.3/hamcrest-all-1.3.jar:/home/runner/.m2/repository/org/bouncycastle/bcprov-jdk15on/1.67/bcprov-jdk15on-1.67.jar:/home/runner/work/ozone/ozone/hadoop-hdds/hadoop-dependency-test/target/classes:/home/runner/.m2/repository/org/apache/hadoop/hadoop-common/3.3.6/hadoop-common-3.3.6-tests.jar:/home/runner/.m2/repository/org/apache/hadoop/hadoop-hdfs/3.3.6/hadoop-hdfs-3.3.6-tests.jar:/home/runner/.m2/repository/com/google/protobuf/protobuf-java/2.5.0/protobuf-java-2.5.0.jar:/home/runner/.m2/repository/org/junit/jupiter/junit-jupiter-api/5.8.2/junit-jupiter-api-5.8.2.jar:/home/runner/.m2/repository/org/opentest4j/opentest4j/1.2.0/opentest4j-1.2.0.jar:/home/runner/.m2/repository/org/junit/platform/junit-platform-commons/1.8.2/junit-platform-commons-1.8.2.jar:/home/runner/.m2/repository/org/apiguardian/apiguardian-api/1.1.2/apiguardian-api-1.1.2.jar:/home/runner/.m2/repository/org/junit/jupiter/junit-jupiter-engine/5.8.2/junit-jupiter-engine-5.8.2.jar:/home/runner/.m2/repository/org/junit/platform/junit-platform-engine/1.8.2/junit-platform-engine-1.8.2.jar:/home/runner/.m2/repository/org/junit/vintage/junit-vintage-engine/5.8.2/junit-vintage-engine-5.8.2.jar:/home/runner/.m2/repository/org/junit/platform/junit-platform-launcher/1.8.2/junit-platform-launcher-1.8.2.jar:/home/runner/.m2/repository/org/junit/jupiter/junit-jupiter-params/5.8.2/junit-jupiter-params-5.8.2.jar:/home/runner/.m2/repository/junit/junit/4.13.1/junit-4.13.1.jar:"/>
    <property name="sun.cpu.endian" value="little"/>
    <property name="user.home" value="/home/runner"/>
    <property name="user.language" value="en"/>
    <property name="java.specification.vendor" value="Oracle Corporation"/>
    <property name="java.home" value="/usr/lib/jvm/temurin-8-jdk-amd64/jre"/>
    <property name="java.security.krb5.conf" value="/home/runner/work/ozone/ozone/hadoop-hdds/server-scm/target/test-classes/krb5.conf"/>
    <property name="basedir" value="/home/runner/work/ozone/ozone/hadoop-hdds/server-scm"/>
    <property name="file.separator" value="/"/>
    <property name="line.separator" value="&#10;"/>
    <property name="java.vm.specification.vendor" value="Oracle Corporation"/>
    <property name="java.specification.name" value="Java Platform API Specification"/>
    <property name="java.awt.graphicsenv" value="sun.awt.X11GraphicsEnvironment"/>
    <property name="skip.installnpx" value="true"/>
    <property name="surefire.real.class.path" value="/home/runner/work/ozone/ozone/hadoop-hdds/server-scm/target/surefire/surefirebooter5573622041723029272.jar:/home/runner/.m2/repository/org/jacoco/org.jacoco.agent/0.8.5/org.jacoco.agent-0.8.5-runtime.jar"/>
    <property name="hadoop.log.dir" value="/home/runner/work/ozone/ozone/hadoop-hdds/server-scm/target/log"/>
    <property name="sun.boot.class.path" value="/usr/lib/jvm/temurin-8-jdk-amd64/jre/lib/resources.jar:/usr/lib/jvm/temurin-8-jdk-amd64/jre/lib/rt.jar:/usr/lib/jvm/temurin-8-jdk-amd64/jre/lib/sunrsasign.jar:/usr/lib/jvm/temurin-8-jdk-amd64/jre/lib/jsse.jar:/usr/lib/jvm/temurin-8-jdk-amd64/jre/lib/jce.jar:/usr/lib/jvm/temurin-8-jdk-amd64/jre/lib/charsets.jar:/usr/lib/jvm/temurin-8-jdk-amd64/jre/lib/jfr.jar:/usr/lib/jvm/temurin-8-jdk-amd64/jre/classes"/>
    <property name="sun.management.compiler" value="HotSpot 64-Bit Tiered Compilers"/>
    <property name="skip.npx" value="true"/>
    <property name="java.runtime.version" value="1.8.0_382-b05"/>
    <property name="java.net.preferIPv4Stack" value="true"/>
    <property name="user.name" value="runner"/>
    <property name="path.separator" value=":"/>
    <property name="java.security.egd" value="file:///dev/urandom"/>
    <property name="os.version" value="5.15.0-1045-azure"/>
    <property name="java.endorsed.dirs" value="/usr/lib/jvm/temurin-8-jdk-amd64/jre/lib/endorsed"/>
    <property name="java.runtime.name" value="OpenJDK Runtime Environment"/>
    <property name="file.encoding" value="UTF-8"/>
    <property name="java.vm.name" value="OpenJDK 64-Bit Server VM"/>
    <property name="test.build.webapps" value=""/>
    <property name="localRepository" value="/home/runner/.m2/repository"/>
    <property name="java.vendor.url.bug" value="https://github.com/adoptium/adoptium-support/issues"/>
    <property name="java.io.tmpdir" value="/tmp"/>
    <property name="require.test.libhadoop" value=""/>
    <property name="java.version" value="1.8.0_382"/>
    <property name="user.dir" value="/home/runner/work/ozone/ozone/hadoop-hdds/server-scm"/>
    <property name="os.arch" value="amd64"/>
    <property name="java.vm.specification.name" value="Java Virtual Machine Specification"/>
    <property name="test.build.classes" value="/home/runner/work/ozone/ozone/hadoop-hdds/server-scm/target/test-classes"/>
    <property name="java.awt.printerjob" value="sun.print.PSPrinterJob"/>
    <property name="sun.os.patch.level" value="unknown"/>
    <property name="excludedGroups" value="native"/>
    <property name="hadoop.tmp.dir" value="/home/runner/work/ozone/ozone/hadoop-hdds/server-scm/target/tmp"/>
    <property name="java.library.path" value="/usr/java/packages/lib/amd64:/usr/lib64:/lib64:/lib:/usr/lib"/>
    <property name="java.vm.info" value="mixed mode"/>
    <property name="java.vendor" value="Temurin"/>
    <property name="java.vm.version" value="25.382-b05"/>
    <property name="java.specification.maintenance.version" value="5"/>
    <property name="java.ext.dirs" value="/usr/lib/jvm/temurin-8-jdk-amd64/jre/lib/ext:/usr/java/packages/lib/ext"/>
    <property name="sun.io.unicode.encoding" value="UnicodeLittle"/>
    <property name="java.class.version" value="52.0"/>
  </properties>
  <testcase name="containerBalancerShouldObeyMaxSizeToMoveLimit" classname="org.apache.hadoop.hdds.scm.container.balancer.TestContainerBalancerTask" time="3.051">
    <system-out><![CDATA[2023-09-12 21:13:56,791 [main] INFO  net.NodeSchemaLoader (NodeSchemaLoader.java:loadSchemaFromFile(129)) - Loading schema from [file:/home/runner/work/ozone/ozone/hadoop-hdds/common/target/classes/network-topology-default.xml]
2023-09-12 21:13:56,796 [main] INFO  net.NodeSchemaLoader (NodeSchemaLoader.java:loadSchema(176)) - Loading network topology layer schema file
2023-09-12 21:13:56,996 [main] INFO  reflections.Reflections (Reflections.java:scan(232)) - Reflections took 125 ms to scan 6 urls, producing 158 keys and 369 values 
2023-09-12 21:13:57,053 [main] INFO  net.NetworkTopologyImpl (NetworkTopologyImpl.java:add(112)) - Added a new node: /default-rack/732a1ab9-a230-4f52-ad78-d10a11ff4efd
2023-09-12 21:13:57,055 [main] INFO  net.NetworkTopologyImpl (NetworkTopologyImpl.java:add(112)) - Added a new node: /default-rack/2122491a-82d7-434f-893b-c9e149ab3a62
2023-09-12 21:13:57,055 [main] INFO  net.NetworkTopologyImpl (NetworkTopologyImpl.java:add(112)) - Added a new node: /default-rack/4dd15fb6-0493-4356-8007-abc606b42833
2023-09-12 21:13:57,055 [main] INFO  net.NetworkTopologyImpl (NetworkTopologyImpl.java:add(112)) - Added a new node: /default-rack/a5eabe57-a246-4a5d-919d-dc30de96d139
2023-09-12 21:13:57,055 [main] INFO  net.NetworkTopologyImpl (NetworkTopologyImpl.java:add(112)) - Added a new node: /default-rack/c2c09308-6eed-43a5-a214-5382c4353b8a
2023-09-12 21:13:57,056 [main] INFO  net.NetworkTopologyImpl (NetworkTopologyImpl.java:add(112)) - Added a new node: /default-rack/8efd8073-9d41-48b2-9a34-f756db808f66
2023-09-12 21:13:57,056 [main] INFO  net.NetworkTopologyImpl (NetworkTopologyImpl.java:add(112)) - Added a new node: /default-rack/075772ca-aa1c-4799-ad59-c9f7929cbf91
2023-09-12 21:13:57,056 [main] INFO  net.NetworkTopologyImpl (NetworkTopologyImpl.java:add(112)) - Added a new node: /default-rack/a979b3ab-11c8-4877-aedc-c86c15f562b6
2023-09-12 21:13:57,056 [main] INFO  net.NetworkTopologyImpl (NetworkTopologyImpl.java:add(112)) - Added a new node: /default-rack/b03cc6ee-2a7d-4c22-97a1-970a94bfcdd6
2023-09-12 21:13:57,056 [main] INFO  net.NetworkTopologyImpl (NetworkTopologyImpl.java:add(112)) - Added a new node: /default-rack/521233e6-9726-430e-b1e4-4c45516fdd0d
2023-09-12 21:13:57,067 [main] INFO  algorithms.ContainerPlacementPolicyFactory (ContainerPlacementPolicyFactory.java:getPolicyInternal(86)) - Create container placement policy of type org.apache.hadoop.hdds.scm.container.placement.algorithms.SCMContainerPlacementRackAware
2023-09-12 21:13:57,103 [main] INFO  algorithms.ContainerPlacementPolicyFactory (ContainerPlacementPolicyFactory.java:getPolicyInternal(86)) - Create container placement policy of type org.apache.hadoop.hdds.scm.container.placement.algorithms.SCMContainerPlacementRackScatter
2023-09-12 21:13:57,218 [main] DEBUG balancer.ContainerBalancerTask (ContainerBalancerTask.java:initializeIteration(374)) - Average utilization of the cluster is 0.31677164630149696
2023-09-12 21:13:57,218 [main] DEBUG balancer.ContainerBalancerTask (ContainerBalancerTask.java:initializeIteration(386)) - Lower limit for utilization is 0.30677164630149695 and Upper limit for utilization is 0.32677164630149697
2023-09-12 21:13:57,219 [main] DEBUG balancer.ContainerBalancerTask (ContainerBalancerTask.java:initializeIteration(398)) - Utilization for node a5eabe57-a246-4a5d-919d-dc30de96d139 with capacity 70389741795B, used 63350767616B, and remaining 7038974179B is 0.9000000000071033
2023-09-12 21:13:57,219 [main] DEBUG balancer.ContainerBalancerTask (ContainerBalancerTask.java:initializeIteration(398)) - Utilization for node 2122491a-82d7-434f-893b-c9e149ab3a62 with capacity 55029268480B, used 44023414784B, and remaining 11005853696B is 0.8
2023-09-12 21:13:57,219 [main] DEBUG balancer.ContainerBalancerTask (ContainerBalancerTask.java:initializeIteration(398)) - Utilization for node a979b3ab-11c8-4877-aedc-c86c15f562b6 with capacity 62890592548B, used 44023414784B, and remaining 18867177764B is 0.7000000000063602
2023-09-12 21:13:57,219 [main] DEBUG balancer.ContainerBalancerTask (ContainerBalancerTask.java:initializeIteration(398)) - Utilization for node 521233e6-9726-430e-b1e4-4c45516fdd0d with capacity 84109776213B, used 50465865728B, and remaining 33643910485B is 0.6000000000023779
2023-09-12 21:13:57,220 [main] DEBUG balancer.ContainerBalancerTask (ContainerBalancerTask.java:initializeIteration(398)) - Utilization for node 4dd15fb6-0493-4356-8007-abc606b42833 with capacity 115964116992B, used 57982058496B, and remaining 57982058496B is 0.5
2023-09-12 21:13:57,220 [main] DEBUG balancer.ContainerBalancerTask (ContainerBalancerTask.java:initializeIteration(398)) - Utilization for node 8efd8073-9d41-48b2-9a34-f756db808f66 with capacity 77846282240B, used 31138512896B, and remaining 46707769344B is 0.4
2023-09-12 21:13:57,220 [main] DEBUG balancer.ContainerBalancerTask (ContainerBalancerTask.java:initializeIteration(398)) - Utilization for node 732a1ab9-a230-4f52-ad78-d10a11ff4efd with capacity 60845370026B, used 18253611008B, and remaining 42591759018B is 0.300000000003287
2023-09-12 21:13:57,220 [main] DEBUG balancer.ContainerBalancerTask (ContainerBalancerTask.java:initializeIteration(398)) - Utilization for node b03cc6ee-2a7d-4c22-97a1-970a94bfcdd6 with capacity 166429982720B, used 33285996544B, and remaining 133143986176B is 0.2
2023-09-12 21:13:57,220 [main] DEBUG balancer.ContainerBalancerTask (ContainerBalancerTask.java:initializeIteration(398)) - Utilization for node c2c09308-6eed-43a5-a214-5382c4353b8a with capacity 536870912000B, used 53687091200B, and remaining 483183820800B is 0.1
2023-09-12 21:13:57,221 [main] DEBUG balancer.ContainerBalancerTask (ContainerBalancerTask.java:initializeIteration(398)) - Utilization for node 075772ca-aa1c-4799-ad59-c9f7929cbf91 with capacity 20401094656B, used 0B, and remaining 20401094656B is 0.0
2023-09-12 21:13:57,221 [main] INFO  balancer.ContainerBalancerTask (ContainerBalancerTask.java:initializeIteration(447)) - Container Balancer has identified 6 Over-Utilized and 4 Under-Utilized Datanodes that need to be balanced.
2023-09-12 21:13:57,221 [main] DEBUG balancer.ContainerBalancerTask (ContainerBalancerTask.java:lambda$initializeIteration$1(453)) - Datanode localhost-199.254.91.76 a5eabe57-a246-4a5d-919d-dc30de96d139 is Over-Utilized.
2023-09-12 21:13:57,222 [main] DEBUG balancer.ContainerBalancerTask (ContainerBalancerTask.java:lambda$initializeIteration$1(453)) - Datanode localhost-11.149.129.137 2122491a-82d7-434f-893b-c9e149ab3a62 is Over-Utilized.
2023-09-12 21:13:57,222 [main] DEBUG balancer.ContainerBalancerTask (ContainerBalancerTask.java:lambda$initializeIteration$1(453)) - Datanode localhost-42.97.76.85 a979b3ab-11c8-4877-aedc-c86c15f562b6 is Over-Utilized.
2023-09-12 21:13:57,222 [main] DEBUG balancer.ContainerBalancerTask (ContainerBalancerTask.java:lambda$initializeIteration$1(453)) - Datanode localhost-150.239.156.137 521233e6-9726-430e-b1e4-4c45516fdd0d is Over-Utilized.
2023-09-12 21:13:57,222 [main] DEBUG balancer.ContainerBalancerTask (ContainerBalancerTask.java:lambda$initializeIteration$1(453)) - Datanode localhost-141.110.217.127 4dd15fb6-0493-4356-8007-abc606b42833 is Over-Utilized.
2023-09-12 21:13:57,222 [main] DEBUG balancer.ContainerBalancerTask (ContainerBalancerTask.java:lambda$initializeIteration$1(453)) - Datanode localhost-145.136.212.80 8efd8073-9d41-48b2-9a34-f756db808f66 is Over-Utilized.
2023-09-12 21:13:57,223 [main] DEBUG balancer.ContainerBalancerTask (ContainerBalancerTask.java:lambda$initializeIteration$2(459)) - Datanode localhost-198.0.38.224 075772ca-aa1c-4799-ad59-c9f7929cbf91 is Under-Utilized.
2023-09-12 21:13:57,223 [main] DEBUG balancer.ContainerBalancerTask (ContainerBalancerTask.java:lambda$initializeIteration$2(459)) - Datanode localhost-62.128.76.184 c2c09308-6eed-43a5-a214-5382c4353b8a is Under-Utilized.
2023-09-12 21:13:57,223 [main] DEBUG balancer.ContainerBalancerTask (ContainerBalancerTask.java:lambda$initializeIteration$2(459)) - Datanode localhost-98.59.34.58 b03cc6ee-2a7d-4c22-97a1-970a94bfcdd6 is Under-Utilized.
2023-09-12 21:13:57,224 [main] DEBUG balancer.ContainerBalancerTask (ContainerBalancerTask.java:lambda$initializeIteration$2(459)) - Datanode localhost-115.173.41.205 732a1ab9-a230-4f52-ad78-d10a11ff4efd is Under-Utilized.
2023-09-12 21:13:57,255 [main] DEBUG balancer.ContainerBalancerTask (ContainerBalancerTask.java:matchSourceWithTarget(708)) - ContainerBalancer is finding suitable target for source datanode a5eabe57-a246-4a5d-919d-dc30de96d139
2023-09-12 21:13:57,263 [main] INFO  balancer.ContainerBalancerTask (ContainerBalancerTask.java:matchSourceWithTarget(722)) - ContainerBalancer matched source datanode a5eabe57-a246-4a5d-919d-dc30de96d139 with target datanode 075772ca-aa1c-4799-ad59-c9f7929cbf91 for container move.
2023-09-12 21:13:57,264 [main] INFO  balancer.ContainerBalancerTask (ContainerBalancerTask.java:processMoveSelection(569)) - ContainerBalancer is trying to move container #85 with size 5368709120B from source datanode a5eabe57-a246-4a5d-919d-dc30de96d139 to target datanode 075772ca-aa1c-4799-ad59-c9f7929cbf91
2023-09-12 21:13:57,269 [main] DEBUG balancer.ContainerBalancerTask (ContainerBalancerTask.java:lambda$moveContainer$3(837)) - Container move completed for container #85 from source a5eabe57-a246-4a5d-919d-dc30de96d139 to target 075772ca-aa1c-4799-ad59-c9f7929cbf91
2023-09-12 21:13:57,290 [main] DEBUG balancer.ContainerBalancerTask (ContainerBalancerTask.java:matchSourceWithTarget(708)) - ContainerBalancer is finding suitable target for source datanode a5eabe57-a246-4a5d-919d-dc30de96d139
2023-09-12 21:13:57,290 [main] INFO  balancer.ContainerBalancerTask (ContainerBalancerTask.java:matchSourceWithTarget(722)) - ContainerBalancer matched source datanode a5eabe57-a246-4a5d-919d-dc30de96d139 with target datanode c2c09308-6eed-43a5-a214-5382c4353b8a for container move.
2023-09-12 21:13:57,290 [main] INFO  balancer.ContainerBalancerTask (ContainerBalancerTask.java:processMoveSelection(569)) - ContainerBalancer is trying to move container #53 with size 5368709120B from source datanode a5eabe57-a246-4a5d-919d-dc30de96d139 to target datanode c2c09308-6eed-43a5-a214-5382c4353b8a
2023-09-12 21:13:57,291 [main] DEBUG balancer.ContainerBalancerTask (ContainerBalancerTask.java:lambda$moveContainer$3(837)) - Container move completed for container #53 from source a5eabe57-a246-4a5d-919d-dc30de96d139 to target c2c09308-6eed-43a5-a214-5382c4353b8a
2023-09-12 21:13:57,291 [main] WARN  balancer.ContainerBalancerTask (ContainerBalancerTask.java:reachedMaxSizeToMovePerIteration(733)) - Reached max size to move limit. 10737418240 bytes have already been scheduled for balancing and the limit is 10737418240 bytes.
2023-09-12 21:13:57,292 [main] INFO  balancer.ContainerBalancerTask (ContainerBalancerTask.java:checkIterationMoveResults(642)) - Iteration Summary. Number of Datanodes involved: 3. Size moved: 10 GB (10737418240 Bytes). Number of Container moves completed: 2.
2023-09-12 21:13:57,293 [main] INFO  balancer.ContainerBalancerTask (ContainerBalancerTask.java:balance(259)) - Result of this iteration of Container Balancer: ITERATION_COMPLETED
2023-09-12 21:13:57,302 [main] INFO  balancer.ContainerBalancerTask (ContainerBalancerTask.java:tryStopWithSaveConfiguration(308)) - Save Configuration for stopping. Reason: Completed all iterations.
]]></system-out>
  </testcase>
  <testcase name="balancerShouldFollowExcludeAndIncludeDatanodesConfigurations" classname="org.apache.hadoop.hdds.scm.container.balancer.TestContainerBalancerTask" time="0.064">
    <system-out><![CDATA[2023-09-12 21:13:57,363 [main] INFO  net.NodeSchemaLoader (NodeSchemaLoader.java:loadSchemaFromFile(129)) - Loading schema from [file:/home/runner/work/ozone/ozone/hadoop-hdds/common/target/classes/network-topology-default.xml]
2023-09-12 21:13:57,363 [main] INFO  net.NodeSchemaLoader (NodeSchemaLoader.java:loadSchema(176)) - Loading network topology layer schema file
2023-09-12 21:13:57,366 [main] INFO  net.NetworkTopologyImpl (NetworkTopologyImpl.java:add(112)) - Added a new node: /default-rack/08bf4868-04ba-449f-b617-f9457fd6e487
2023-09-12 21:13:57,366 [main] INFO  net.NetworkTopologyImpl (NetworkTopologyImpl.java:add(112)) - Added a new node: /default-rack/eb472e54-a62b-4e50-82ac-11a753ffd5ce
2023-09-12 21:13:57,367 [main] INFO  net.NetworkTopologyImpl (NetworkTopologyImpl.java:add(112)) - Added a new node: /default-rack/a4cddf01-7640-43cf-ba4b-12c4c26b55e0
2023-09-12 21:13:57,367 [main] INFO  net.NetworkTopologyImpl (NetworkTopologyImpl.java:add(112)) - Added a new node: /default-rack/d5f33181-7916-4d38-887f-6aaca7773e10
2023-09-12 21:13:57,367 [main] INFO  net.NetworkTopologyImpl (NetworkTopologyImpl.java:add(112)) - Added a new node: /default-rack/1490eed4-92c4-408f-9748-b87b6c0405c1
2023-09-12 21:13:57,367 [main] INFO  net.NetworkTopologyImpl (NetworkTopologyImpl.java:add(112)) - Added a new node: /default-rack/46a1c6c0-281e-4559-8bc2-2e98717754b0
2023-09-12 21:13:57,367 [main] INFO  net.NetworkTopologyImpl (NetworkTopologyImpl.java:add(112)) - Added a new node: /default-rack/83b67754-46fe-4512-aeb7-ebaf445e81d4
2023-09-12 21:13:57,368 [main] INFO  net.NetworkTopologyImpl (NetworkTopologyImpl.java:add(112)) - Added a new node: /default-rack/cfe8bba3-51e5-4e00-a90e-b3d8fca4db31
2023-09-12 21:13:57,368 [main] INFO  net.NetworkTopologyImpl (NetworkTopologyImpl.java:add(112)) - Added a new node: /default-rack/dac1751f-9430-4301-b0b6-f1d91d1b6836
2023-09-12 21:13:57,368 [main] INFO  net.NetworkTopologyImpl (NetworkTopologyImpl.java:add(112)) - Added a new node: /default-rack/c01e75d4-e9ec-475c-9604-199c08b81245
2023-09-12 21:13:57,368 [main] INFO  algorithms.ContainerPlacementPolicyFactory (ContainerPlacementPolicyFactory.java:getPolicyInternal(86)) - Create container placement policy of type org.apache.hadoop.hdds.scm.container.placement.algorithms.SCMContainerPlacementRackAware
2023-09-12 21:13:57,369 [main] INFO  algorithms.ContainerPlacementPolicyFactory (ContainerPlacementPolicyFactory.java:getPolicyInternal(86)) - Create container placement policy of type org.apache.hadoop.hdds.scm.container.placement.algorithms.SCMContainerPlacementRackScatter
2023-09-12 21:13:57,374 [main] DEBUG balancer.ContainerBalancerTask (ContainerBalancerTask.java:initializeIteration(374)) - Average utilization of the cluster is 0.1919191919191919
2023-09-12 21:13:57,374 [main] DEBUG balancer.ContainerBalancerTask (ContainerBalancerTask.java:initializeIteration(386)) - Lower limit for utilization is 0.0919191919191919 and Upper limit for utilization is 0.2919191919191919
2023-09-12 21:13:57,375 [main] DEBUG balancer.ContainerBalancerTask (ContainerBalancerTask.java:initializeIteration(398)) - Utilization for node c01e75d4-e9ec-475c-9604-199c08b81245 with capacity 69793218560B, used 55834574848B, and remaining 13958643712B is 0.8
2023-09-12 21:13:57,375 [main] DEBUG balancer.ContainerBalancerTask (ContainerBalancerTask.java:initializeIteration(398)) - Utilization for node d5f33181-7916-4d38-887f-6aaca7773e10 with capacity 461708984320B, used 46170898432B, and remaining 415538085888B is 0.1
2023-09-12 21:13:57,375 [main] INFO  balancer.ContainerBalancerTask (ContainerBalancerTask.java:initializeIteration(447)) - Container Balancer has identified 1 Over-Utilized and 0 Under-Utilized Datanodes that need to be balanced.
2023-09-12 21:13:57,375 [main] DEBUG balancer.ContainerBalancerTask (ContainerBalancerTask.java:lambda$initializeIteration$1(453)) - Datanode localhost-195.129.1.54 c01e75d4-e9ec-475c-9604-199c08b81245 is Over-Utilized.
2023-09-12 21:13:57,380 [main] DEBUG balancer.ContainerBalancerTask (ContainerBalancerTask.java:matchSourceWithTarget(708)) - ContainerBalancer is finding suitable target for source datanode c01e75d4-e9ec-475c-9604-199c08b81245
2023-09-12 21:13:57,380 [main] INFO  balancer.FindTargetGreedyByUsageInfo (AbstractFindTargetGreedy.java:findTargetForContainerMove(133)) - Container Balancer could not find a target for source datanode c01e75d4-e9ec-475c-9604-199c08b81245
2023-09-12 21:13:57,381 [main] DEBUG balancer.ContainerBalancerTask (ContainerBalancerTask.java:matchSourceWithTarget(717)) - ContainerBalancer could not find a suitable target for source node c01e75d4-e9ec-475c-9604-199c08b81245.
2023-09-12 21:13:57,381 [main] INFO  balancer.FindSourceGreedy (FindSourceGreedy.java:getNextCandidateSourceDataNode(126)) - no more candidate source data node
2023-09-12 21:13:57,382 [main] INFO  balancer.ContainerBalancerTask (ContainerBalancerTask.java:balance(259)) - Result of this iteration of Container Balancer: CAN_NOT_BALANCE_ANY_MORE
2023-09-12 21:13:57,382 [main] INFO  balancer.ContainerBalancerTask (ContainerBalancerTask.java:tryStopWithSaveConfiguration(308)) - Save Configuration for stopping. Reason: CAN_NOT_BALANCE_ANY_MORE
]]></system-out>
  </testcase>
  <testcase name="unBalancedNodesListShouldBeEmptyWhenClusterIsBalanced" classname="org.apache.hadoop.hdds.scm.container.balancer.TestContainerBalancerTask" time="0.055">
    <system-out><![CDATA[2023-09-12 21:13:57,425 [main] INFO  net.NodeSchemaLoader (NodeSchemaLoader.java:loadSchemaFromFile(129)) - Loading schema from [file:/home/runner/work/ozone/ozone/hadoop-hdds/common/target/classes/network-topology-default.xml]
2023-09-12 21:13:57,425 [main] INFO  net.NodeSchemaLoader (NodeSchemaLoader.java:loadSchema(176)) - Loading network topology layer schema file
2023-09-12 21:13:57,428 [main] INFO  net.NetworkTopologyImpl (NetworkTopologyImpl.java:add(112)) - Added a new node: /default-rack/867b50c7-3040-453a-b8bf-00ee27db271e
2023-09-12 21:13:57,428 [main] INFO  net.NetworkTopologyImpl (NetworkTopologyImpl.java:add(112)) - Added a new node: /default-rack/21f49fbe-d1b5-4b0a-81ad-24838caa61b2
2023-09-12 21:13:57,429 [main] INFO  net.NetworkTopologyImpl (NetworkTopologyImpl.java:add(112)) - Added a new node: /default-rack/946b505a-dbaa-4dc8-9458-a68538d23cb8
2023-09-12 21:13:57,429 [main] INFO  net.NetworkTopologyImpl (NetworkTopologyImpl.java:add(112)) - Added a new node: /default-rack/06805281-b176-4339-9f5c-e9f6582e788d
2023-09-12 21:13:57,429 [main] INFO  net.NetworkTopologyImpl (NetworkTopologyImpl.java:add(112)) - Added a new node: /default-rack/36d46c39-2f7b-48f9-8cdd-3dffb37dfa0b
2023-09-12 21:13:57,429 [main] INFO  net.NetworkTopologyImpl (NetworkTopologyImpl.java:add(112)) - Added a new node: /default-rack/adbb172b-01d9-47de-b164-7e247605ef4e
2023-09-12 21:13:57,429 [main] INFO  net.NetworkTopologyImpl (NetworkTopologyImpl.java:add(112)) - Added a new node: /default-rack/dee1296e-bedf-4912-8013-de780d264de2
2023-09-12 21:13:57,430 [main] INFO  net.NetworkTopologyImpl (NetworkTopologyImpl.java:add(112)) - Added a new node: /default-rack/e1f70f91-0476-42d2-976a-cae6a5227891
2023-09-12 21:13:57,430 [main] INFO  net.NetworkTopologyImpl (NetworkTopologyImpl.java:add(112)) - Added a new node: /default-rack/4cdb16d9-db57-491e-bd0f-f69b6418852a
2023-09-12 21:13:57,430 [main] INFO  net.NetworkTopologyImpl (NetworkTopologyImpl.java:add(112)) - Added a new node: /default-rack/5c6be4db-b938-4425-9443-b99d2cb3c13e
2023-09-12 21:13:57,430 [main] INFO  algorithms.ContainerPlacementPolicyFactory (ContainerPlacementPolicyFactory.java:getPolicyInternal(86)) - Create container placement policy of type org.apache.hadoop.hdds.scm.container.placement.algorithms.SCMContainerPlacementRackAware
2023-09-12 21:13:57,430 [main] INFO  algorithms.ContainerPlacementPolicyFactory (ContainerPlacementPolicyFactory.java:getPolicyInternal(86)) - Create container placement policy of type org.apache.hadoop.hdds.scm.container.placement.algorithms.SCMContainerPlacementRackScatter
2023-09-12 21:13:57,435 [main] DEBUG balancer.ContainerBalancerTask (ContainerBalancerTask.java:initializeIteration(374)) - Average utilization of the cluster is 0.35850868288994453
2023-09-12 21:13:57,435 [main] DEBUG balancer.ContainerBalancerTask (ContainerBalancerTask.java:initializeIteration(386)) - Lower limit for utilization is -0.6413913171100554 and Upper limit for utilization is 1.3584086828899444
2023-09-12 21:13:57,435 [main] DEBUG balancer.ContainerBalancerTask (ContainerBalancerTask.java:initializeIteration(398)) - Utilization for node 21f49fbe-d1b5-4b0a-81ad-24838caa61b2 with capacity 62038416497B, used 55834574848B, and remaining 6203841649B is 0.9000000000112833
2023-09-12 21:13:57,436 [main] DEBUG balancer.ContainerBalancerTask (ContainerBalancerTask.java:initializeIteration(398)) - Utilization for node 867b50c7-3040-453a-b8bf-00ee27db271e with capacity 68451041280B, used 54760833024B, and remaining 13690208256B is 0.8
2023-09-12 21:13:57,436 [main] DEBUG balancer.ContainerBalancerTask (ContainerBalancerTask.java:initializeIteration(398)) - Utilization for node 4cdb16d9-db57-491e-bd0f-f69b6418852a with capacity 53687091200B, used 37580963840B, and remaining 16106127360B is 0.7
2023-09-12 21:13:57,436 [main] DEBUG balancer.ContainerBalancerTask (ContainerBalancerTask.java:initializeIteration(398)) - Utilization for node 5c6be4db-b938-4425-9443-b99d2cb3c13e with capacity 82320206506B, used 49392123904B, and remaining 32928082602B is 0.6000000000048591
2023-09-12 21:13:57,436 [main] DEBUG balancer.ContainerBalancerTask (ContainerBalancerTask.java:initializeIteration(398)) - Utilization for node 36d46c39-2f7b-48f9-8cdd-3dffb37dfa0b with capacity 109521666048B, used 54760833024B, and remaining 54760833024B is 0.5
2023-09-12 21:13:57,436 [main] DEBUG balancer.ContainerBalancerTask (ContainerBalancerTask.java:initializeIteration(398)) - Utilization for node adbb172b-01d9-47de-b164-7e247605ef4e with capacity 107374182400B, used 42949672960B, and remaining 64424509440B is 0.4
2023-09-12 21:13:57,436 [main] DEBUG balancer.ContainerBalancerTask (ContainerBalancerTask.java:initializeIteration(398)) - Utilization for node e1f70f91-0476-42d2-976a-cae6a5227891 with capacity 132428158293B, used 39728447488B, and remaining 92699710805B is 0.3000000000007551
2023-09-12 21:13:57,437 [main] DEBUG balancer.ContainerBalancerTask (ContainerBalancerTask.java:initializeIteration(398)) - Utilization for node 946b505a-dbaa-4dc8-9458-a68538d23cb8 with capacity 112742891520B, used 22548578304B, and remaining 90194313216B is 0.2
2023-09-12 21:13:57,437 [main] DEBUG balancer.ContainerBalancerTask (ContainerBalancerTask.java:initializeIteration(398)) - Utilization for node 06805281-b176-4339-9f5c-e9f6582e788d with capacity 322122547200B, used 32212254720B, and remaining 289910292480B is 0.1
2023-09-12 21:13:57,437 [main] DEBUG balancer.ContainerBalancerTask (ContainerBalancerTask.java:initializeIteration(398)) - Utilization for node dee1296e-bedf-4912-8013-de780d264de2 with capacity 36507222016B, used 0B, and remaining 36507222016B is 0.0
2023-09-12 21:13:57,437 [main] INFO  balancer.ContainerBalancerTask (ContainerBalancerTask.java:initializeIteration(443)) - Did not find any unbalanced Datanodes.
2023-09-12 21:13:57,437 [main] INFO  balancer.ContainerBalancerTask (ContainerBalancerTask.java:tryStopWithSaveConfiguration(308)) - Save Configuration for stopping. Reason: Could not initialize ContainerBalancer's iteration number 0
]]></system-out>
  </testcase>
  <testcase name="containerMoveSelectionShouldFollowPlacementPolicy" classname="org.apache.hadoop.hdds.scm.container.balancer.TestContainerBalancerTask" time="0.117">
    <system-out><![CDATA[2023-09-12 21:13:57,482 [main] INFO  net.NodeSchemaLoader (NodeSchemaLoader.java:loadSchemaFromFile(129)) - Loading schema from [file:/home/runner/work/ozone/ozone/hadoop-hdds/common/target/classes/network-topology-default.xml]
2023-09-12 21:13:57,482 [main] INFO  net.NodeSchemaLoader (NodeSchemaLoader.java:loadSchema(176)) - Loading network topology layer schema file
2023-09-12 21:13:57,484 [main] INFO  net.NetworkTopologyImpl (NetworkTopologyImpl.java:add(112)) - Added a new node: /default-rack/a8da3c8d-a00d-4ec2-9fd0-f1dc4e7a45fe
2023-09-12 21:13:57,485 [main] INFO  net.NetworkTopologyImpl (NetworkTopologyImpl.java:add(112)) - Added a new node: /default-rack/5fd9647e-15e7-4ab6-8587-dbb40e342620
2023-09-12 21:13:57,485 [main] INFO  net.NetworkTopologyImpl (NetworkTopologyImpl.java:add(112)) - Added a new node: /default-rack/7226a808-29c0-4b22-9b31-c3709443a50d
2023-09-12 21:13:57,485 [main] INFO  net.NetworkTopologyImpl (NetworkTopologyImpl.java:add(112)) - Added a new node: /default-rack/c800157f-2b6e-4241-81ab-ce0000acf793
2023-09-12 21:13:57,485 [main] INFO  net.NetworkTopologyImpl (NetworkTopologyImpl.java:add(112)) - Added a new node: /default-rack/9011c88c-4f59-4a22-b770-c2267cdd1f17
2023-09-12 21:13:57,485 [main] INFO  net.NetworkTopologyImpl (NetworkTopologyImpl.java:add(112)) - Added a new node: /default-rack/110560ef-1b0b-40cd-b51b-4c7dae33cb13
2023-09-12 21:13:57,486 [main] INFO  net.NetworkTopologyImpl (NetworkTopologyImpl.java:add(112)) - Added a new node: /default-rack/c8ec1015-6cdc-4145-8368-3a41a6822900
2023-09-12 21:13:57,486 [main] INFO  net.NetworkTopologyImpl (NetworkTopologyImpl.java:add(112)) - Added a new node: /default-rack/70e84967-3155-4f90-9cc0-fc13fcaeb1fa
2023-09-12 21:13:57,486 [main] INFO  net.NetworkTopologyImpl (NetworkTopologyImpl.java:add(112)) - Added a new node: /default-rack/0004641a-a3f9-4501-be40-5f80d54647fd
2023-09-12 21:13:57,486 [main] INFO  net.NetworkTopologyImpl (NetworkTopologyImpl.java:add(112)) - Added a new node: /default-rack/ea4430cf-29c9-431b-a0db-4e17c32a4cb0
2023-09-12 21:13:57,486 [main] INFO  algorithms.ContainerPlacementPolicyFactory (ContainerPlacementPolicyFactory.java:getPolicyInternal(86)) - Create container placement policy of type org.apache.hadoop.hdds.scm.container.placement.algorithms.SCMContainerPlacementRackAware
2023-09-12 21:13:57,486 [main] INFO  algorithms.ContainerPlacementPolicyFactory (ContainerPlacementPolicyFactory.java:getPolicyInternal(86)) - Create container placement policy of type org.apache.hadoop.hdds.scm.container.placement.algorithms.SCMContainerPlacementRackScatter
2023-09-12 21:13:57,491 [main] DEBUG balancer.ContainerBalancerTask (ContainerBalancerTask.java:initializeIteration(374)) - Average utilization of the cluster is 0.3868656716423933
2023-09-12 21:13:57,491 [main] DEBUG balancer.ContainerBalancerTask (ContainerBalancerTask.java:initializeIteration(386)) - Lower limit for utilization is 0.2868656716423933 and Upper limit for utilization is 0.48686567164239336
2023-09-12 21:13:57,492 [main] DEBUG balancer.ContainerBalancerTask (ContainerBalancerTask.java:initializeIteration(398)) - Utilization for node 110560ef-1b0b-40cd-b51b-4c7dae33cb13 with capacity 73968881208B, used 66571993088B, and remaining 7396888120B is 0.9000000000108154
2023-09-12 21:13:57,492 [main] DEBUG balancer.ContainerBalancerTask (ContainerBalancerTask.java:initializeIteration(398)) - Utilization for node 7226a808-29c0-4b22-9b31-c3709443a50d with capacity 45634027520B, used 36507222016B, and remaining 9126805504B is 0.8
2023-09-12 21:13:57,492 [main] DEBUG balancer.ContainerBalancerTask (ContainerBalancerTask.java:initializeIteration(398)) - Utilization for node 0004641a-a3f9-4501-be40-5f80d54647fd with capacity 53687091200B, used 37580963840B, and remaining 16106127360B is 0.7
2023-09-12 21:13:57,492 [main] DEBUG balancer.ContainerBalancerTask (ContainerBalancerTask.java:initializeIteration(398)) - Utilization for node 5fd9647e-15e7-4ab6-8587-dbb40e342620 with capacity 84109776213B, used 50465865728B, and remaining 33643910485B is 0.6000000000023779
2023-09-12 21:13:57,493 [main] DEBUG balancer.ContainerBalancerTask (ContainerBalancerTask.java:initializeIteration(398)) - Utilization for node 9011c88c-4f59-4a22-b770-c2267cdd1f17 with capacity 109521666048B, used 54760833024B, and remaining 54760833024B is 0.5
2023-09-12 21:13:57,493 [main] DEBUG balancer.ContainerBalancerTask (ContainerBalancerTask.java:initializeIteration(398)) - Utilization for node a8da3c8d-a00d-4ec2-9fd0-f1dc4e7a45fe with capacity 126164664320B, used 50465865728B, and remaining 75698798592B is 0.4
2023-09-12 21:13:57,493 [main] DEBUG balancer.ContainerBalancerTask (ContainerBalancerTask.java:initializeIteration(398)) - Utilization for node c8ec1015-6cdc-4145-8368-3a41a6822900 with capacity 132428158293B, used 39728447488B, and remaining 92699710805B is 0.3000000000007551
2023-09-12 21:13:57,493 [main] DEBUG balancer.ContainerBalancerTask (ContainerBalancerTask.java:initializeIteration(398)) - Utilization for node ea4430cf-29c9-431b-a0db-4e17c32a4cb0 with capacity 144955146240B, used 28991029248B, and remaining 115964116992B is 0.2
2023-09-12 21:13:57,493 [main] DEBUG balancer.ContainerBalancerTask (ContainerBalancerTask.java:initializeIteration(398)) - Utilization for node 70e84967-3155-4f90-9cc0-fc13fcaeb1fa with capacity 214748364800B, used 21474836480B, and remaining 193273528320B is 0.1
2023-09-12 21:13:57,493 [main] DEBUG balancer.ContainerBalancerTask (ContainerBalancerTask.java:initializeIteration(398)) - Utilization for node c800157f-2b6e-4241-81ab-ce0000acf793 with capacity 13958643712B, used 0B, and remaining 13958643712B is 0.0
2023-09-12 21:13:57,494 [main] INFO  balancer.ContainerBalancerTask (ContainerBalancerTask.java:initializeIteration(447)) - Container Balancer has identified 5 Over-Utilized and 3 Under-Utilized Datanodes that need to be balanced.
2023-09-12 21:13:57,494 [main] DEBUG balancer.ContainerBalancerTask (ContainerBalancerTask.java:lambda$initializeIteration$1(453)) - Datanode localhost-104.10.247.237 110560ef-1b0b-40cd-b51b-4c7dae33cb13 is Over-Utilized.
2023-09-12 21:13:57,494 [main] DEBUG balancer.ContainerBalancerTask (ContainerBalancerTask.java:lambda$initializeIteration$1(453)) - Datanode localhost-143.11.16.78 7226a808-29c0-4b22-9b31-c3709443a50d is Over-Utilized.
2023-09-12 21:13:57,494 [main] DEBUG balancer.ContainerBalancerTask (ContainerBalancerTask.java:lambda$initializeIteration$1(453)) - Datanode localhost-129.168.133.154 0004641a-a3f9-4501-be40-5f80d54647fd is Over-Utilized.
2023-09-12 21:13:57,494 [main] DEBUG balancer.ContainerBalancerTask (ContainerBalancerTask.java:lambda$initializeIteration$1(453)) - Datanode localhost-219.46.56.9 5fd9647e-15e7-4ab6-8587-dbb40e342620 is Over-Utilized.
2023-09-12 21:13:57,494 [main] DEBUG balancer.ContainerBalancerTask (ContainerBalancerTask.java:lambda$initializeIteration$1(453)) - Datanode localhost-37.220.105.102 9011c88c-4f59-4a22-b770-c2267cdd1f17 is Over-Utilized.
2023-09-12 21:13:57,494 [main] DEBUG balancer.ContainerBalancerTask (ContainerBalancerTask.java:lambda$initializeIteration$2(459)) - Datanode localhost-182.74.112.222 c800157f-2b6e-4241-81ab-ce0000acf793 is Under-Utilized.
2023-09-12 21:13:57,494 [main] DEBUG balancer.ContainerBalancerTask (ContainerBalancerTask.java:lambda$initializeIteration$2(459)) - Datanode localhost-214.4.227.189 70e84967-3155-4f90-9cc0-fc13fcaeb1fa is Under-Utilized.
2023-09-12 21:13:57,494 [main] DEBUG balancer.ContainerBalancerTask (ContainerBalancerTask.java:lambda$initializeIteration$2(459)) - Datanode localhost-111.192.2.12 ea4430cf-29c9-431b-a0db-4e17c32a4cb0 is Under-Utilized.
2023-09-12 21:13:57,500 [main] DEBUG balancer.ContainerBalancerTask (ContainerBalancerTask.java:matchSourceWithTarget(708)) - ContainerBalancer is finding suitable target for source datanode 110560ef-1b0b-40cd-b51b-4c7dae33cb13
2023-09-12 21:13:57,500 [main] INFO  balancer.ContainerBalancerTask (ContainerBalancerTask.java:matchSourceWithTarget(722)) - ContainerBalancer matched source datanode 110560ef-1b0b-40cd-b51b-4c7dae33cb13 with target datanode c800157f-2b6e-4241-81ab-ce0000acf793 for container move.
2023-09-12 21:13:57,500 [main] INFO  balancer.ContainerBalancerTask (ContainerBalancerTask.java:processMoveSelection(569)) - ContainerBalancer is trying to move container #85 with size 5368709120B from source datanode 110560ef-1b0b-40cd-b51b-4c7dae33cb13 to target datanode c800157f-2b6e-4241-81ab-ce0000acf793
2023-09-12 21:13:57,501 [main] DEBUG balancer.ContainerBalancerTask (ContainerBalancerTask.java:lambda$moveContainer$3(837)) - Container move completed for container #85 from source 110560ef-1b0b-40cd-b51b-4c7dae33cb13 to target c800157f-2b6e-4241-81ab-ce0000acf793
2023-09-12 21:13:57,505 [main] DEBUG balancer.ContainerBalancerTask (ContainerBalancerTask.java:matchSourceWithTarget(708)) - ContainerBalancer is finding suitable target for source datanode 110560ef-1b0b-40cd-b51b-4c7dae33cb13
2023-09-12 21:13:57,506 [main] INFO  balancer.ContainerBalancerTask (ContainerBalancerTask.java:matchSourceWithTarget(722)) - ContainerBalancer matched source datanode 110560ef-1b0b-40cd-b51b-4c7dae33cb13 with target datanode 70e84967-3155-4f90-9cc0-fc13fcaeb1fa for container move.
2023-09-12 21:13:57,506 [main] INFO  balancer.ContainerBalancerTask (ContainerBalancerTask.java:processMoveSelection(569)) - ContainerBalancer is trying to move container #68 with size 5368709120B from source datanode 110560ef-1b0b-40cd-b51b-4c7dae33cb13 to target datanode 70e84967-3155-4f90-9cc0-fc13fcaeb1fa
2023-09-12 21:13:57,506 [main] DEBUG balancer.ContainerBalancerTask (ContainerBalancerTask.java:lambda$moveContainer$3(837)) - Container move completed for container #68 from source 110560ef-1b0b-40cd-b51b-4c7dae33cb13 to target 70e84967-3155-4f90-9cc0-fc13fcaeb1fa
2023-09-12 21:13:57,509 [main] DEBUG balancer.ContainerBalancerTask (ContainerBalancerTask.java:matchSourceWithTarget(708)) - ContainerBalancer is finding suitable target for source datanode 7226a808-29c0-4b22-9b31-c3709443a50d
2023-09-12 21:13:57,509 [main] INFO  balancer.ContainerBalancerTask (ContainerBalancerTask.java:matchSourceWithTarget(722)) - ContainerBalancer matched source datanode 7226a808-29c0-4b22-9b31-c3709443a50d with target datanode 70e84967-3155-4f90-9cc0-fc13fcaeb1fa for container move.
2023-09-12 21:13:57,509 [main] INFO  balancer.ContainerBalancerTask (ContainerBalancerTask.java:processMoveSelection(569)) - ContainerBalancer is trying to move container #67 with size 4294967296B from source datanode 7226a808-29c0-4b22-9b31-c3709443a50d to target datanode 70e84967-3155-4f90-9cc0-fc13fcaeb1fa
2023-09-12 21:13:57,510 [main] DEBUG balancer.ContainerBalancerTask (ContainerBalancerTask.java:lambda$moveContainer$3(837)) - Container move completed for container #67 from source 7226a808-29c0-4b22-9b31-c3709443a50d to target 70e84967-3155-4f90-9cc0-fc13fcaeb1fa
2023-09-12 21:13:57,514 [main] DEBUG balancer.ContainerBalancerTask (ContainerBalancerTask.java:matchSourceWithTarget(708)) - ContainerBalancer is finding suitable target for source datanode 110560ef-1b0b-40cd-b51b-4c7dae33cb13
2023-09-12 21:13:57,514 [main] INFO  balancer.ContainerBalancerTask (ContainerBalancerTask.java:matchSourceWithTarget(722)) - ContainerBalancer matched source datanode 110560ef-1b0b-40cd-b51b-4c7dae33cb13 with target datanode 70e84967-3155-4f90-9cc0-fc13fcaeb1fa for container move.
2023-09-12 21:13:57,514 [main] INFO  balancer.ContainerBalancerTask (ContainerBalancerTask.java:processMoveSelection(569)) - ContainerBalancer is trying to move container #53 with size 5368709120B from source datanode 110560ef-1b0b-40cd-b51b-4c7dae33cb13 to target datanode 70e84967-3155-4f90-9cc0-fc13fcaeb1fa
2023-09-12 21:13:57,515 [main] DEBUG balancer.ContainerBalancerTask (ContainerBalancerTask.java:lambda$moveContainer$3(837)) - Container move completed for container #53 from source 110560ef-1b0b-40cd-b51b-4c7dae33cb13 to target 70e84967-3155-4f90-9cc0-fc13fcaeb1fa
2023-09-12 21:13:57,517 [main] DEBUG balancer.ContainerBalancerTask (ContainerBalancerTask.java:matchSourceWithTarget(708)) - ContainerBalancer is finding suitable target for source datanode 7226a808-29c0-4b22-9b31-c3709443a50d
2023-09-12 21:13:57,517 [main] INFO  balancer.ContainerBalancerTask (ContainerBalancerTask.java:matchSourceWithTarget(722)) - ContainerBalancer matched source datanode 7226a808-29c0-4b22-9b31-c3709443a50d with target datanode 70e84967-3155-4f90-9cc0-fc13fcaeb1fa for container move.
2023-09-12 21:13:57,518 [main] INFO  balancer.ContainerBalancerTask (ContainerBalancerTask.java:processMoveSelection(569)) - ContainerBalancer is trying to move container #28 with size 4294967296B from source datanode 7226a808-29c0-4b22-9b31-c3709443a50d to target datanode 70e84967-3155-4f90-9cc0-fc13fcaeb1fa
2023-09-12 21:13:57,518 [main] DEBUG balancer.ContainerBalancerTask (ContainerBalancerTask.java:lambda$moveContainer$3(837)) - Container move completed for container #28 from source 7226a808-29c0-4b22-9b31-c3709443a50d to target 70e84967-3155-4f90-9cc0-fc13fcaeb1fa
2023-09-12 21:13:57,521 [main] DEBUG balancer.ContainerBalancerTask (ContainerBalancerTask.java:matchSourceWithTarget(708)) - ContainerBalancer is finding suitable target for source datanode 0004641a-a3f9-4501-be40-5f80d54647fd
2023-09-12 21:13:57,521 [main] INFO  balancer.ContainerBalancerTask (ContainerBalancerTask.java:matchSourceWithTarget(722)) - ContainerBalancer matched source datanode 0004641a-a3f9-4501-be40-5f80d54647fd with target datanode 70e84967-3155-4f90-9cc0-fc13fcaeb1fa for container move.
2023-09-12 21:13:57,522 [main] INFO  balancer.ContainerBalancerTask (ContainerBalancerTask.java:processMoveSelection(569)) - ContainerBalancer is trying to move container #52 with size 4294967296B from source datanode 0004641a-a3f9-4501-be40-5f80d54647fd to target datanode 70e84967-3155-4f90-9cc0-fc13fcaeb1fa
2023-09-12 21:13:57,522 [main] DEBUG balancer.ContainerBalancerTask (ContainerBalancerTask.java:lambda$moveContainer$3(837)) - Container move completed for container #52 from source 0004641a-a3f9-4501-be40-5f80d54647fd to target 70e84967-3155-4f90-9cc0-fc13fcaeb1fa
2023-09-12 21:13:57,526 [main] DEBUG balancer.ContainerBalancerTask (ContainerBalancerTask.java:matchSourceWithTarget(708)) - ContainerBalancer is finding suitable target for source datanode 110560ef-1b0b-40cd-b51b-4c7dae33cb13
2023-09-12 21:13:57,527 [main] INFO  balancer.ContainerBalancerTask (ContainerBalancerTask.java:matchSourceWithTarget(722)) - ContainerBalancer matched source datanode 110560ef-1b0b-40cd-b51b-4c7dae33cb13 with target datanode ea4430cf-29c9-431b-a0db-4e17c32a4cb0 for container move.
2023-09-12 21:13:57,527 [main] INFO  balancer.ContainerBalancerTask (ContainerBalancerTask.java:processMoveSelection(569)) - ContainerBalancer is trying to move container #84 with size 4294967296B from source datanode 110560ef-1b0b-40cd-b51b-4c7dae33cb13 to target datanode ea4430cf-29c9-431b-a0db-4e17c32a4cb0
2023-09-12 21:13:57,527 [main] DEBUG balancer.ContainerBalancerTask (ContainerBalancerTask.java:lambda$moveContainer$3(837)) - Container move completed for container #84 from source 110560ef-1b0b-40cd-b51b-4c7dae33cb13 to target ea4430cf-29c9-431b-a0db-4e17c32a4cb0
2023-09-12 21:13:57,532 [main] DEBUG balancer.ContainerBalancerTask (ContainerBalancerTask.java:matchSourceWithTarget(708)) - ContainerBalancer is finding suitable target for source datanode 110560ef-1b0b-40cd-b51b-4c7dae33cb13
2023-09-12 21:13:57,532 [main] INFO  balancer.ContainerBalancerTask (ContainerBalancerTask.java:matchSourceWithTarget(722)) - ContainerBalancer matched source datanode 110560ef-1b0b-40cd-b51b-4c7dae33cb13 with target datanode 70e84967-3155-4f90-9cc0-fc13fcaeb1fa for container move.
2023-09-12 21:13:57,532 [main] INFO  balancer.ContainerBalancerTask (ContainerBalancerTask.java:processMoveSelection(569)) - ContainerBalancer is trying to move container #39 with size 4294967296B from source datanode 110560ef-1b0b-40cd-b51b-4c7dae33cb13 to target datanode 70e84967-3155-4f90-9cc0-fc13fcaeb1fa
2023-09-12 21:13:57,532 [main] DEBUG balancer.ContainerBalancerTask (ContainerBalancerTask.java:lambda$moveContainer$3(837)) - Container move completed for container #39 from source 110560ef-1b0b-40cd-b51b-4c7dae33cb13 to target 70e84967-3155-4f90-9cc0-fc13fcaeb1fa
2023-09-12 21:13:57,535 [main] DEBUG balancer.ContainerBalancerTask (ContainerBalancerTask.java:matchSourceWithTarget(708)) - ContainerBalancer is finding suitable target for source datanode 0004641a-a3f9-4501-be40-5f80d54647fd
2023-09-12 21:13:57,536 [main] INFO  balancer.ContainerBalancerTask (ContainerBalancerTask.java:matchSourceWithTarget(722)) - ContainerBalancer matched source datanode 0004641a-a3f9-4501-be40-5f80d54647fd with target datanode ea4430cf-29c9-431b-a0db-4e17c32a4cb0 for container move.
2023-09-12 21:13:57,536 [main] INFO  balancer.ContainerBalancerTask (ContainerBalancerTask.java:processMoveSelection(569)) - ContainerBalancer is trying to move container #83 with size 3221225472B from source datanode 0004641a-a3f9-4501-be40-5f80d54647fd to target datanode ea4430cf-29c9-431b-a0db-4e17c32a4cb0
2023-09-12 21:13:57,536 [main] DEBUG balancer.ContainerBalancerTask (ContainerBalancerTask.java:lambda$moveContainer$3(837)) - Container move completed for container #83 from source 0004641a-a3f9-4501-be40-5f80d54647fd to target ea4430cf-29c9-431b-a0db-4e17c32a4cb0
2023-09-12 21:13:57,539 [main] DEBUG balancer.ContainerBalancerTask (ContainerBalancerTask.java:matchSourceWithTarget(708)) - ContainerBalancer is finding suitable target for source datanode 7226a808-29c0-4b22-9b31-c3709443a50d
2023-09-12 21:13:57,539 [main] INFO  balancer.ContainerBalancerTask (ContainerBalancerTask.java:matchSourceWithTarget(722)) - ContainerBalancer matched source datanode 7226a808-29c0-4b22-9b31-c3709443a50d with target datanode 70e84967-3155-4f90-9cc0-fc13fcaeb1fa for container move.
2023-09-12 21:13:57,540 [main] INFO  balancer.ContainerBalancerTask (ContainerBalancerTask.java:processMoveSelection(569)) - ContainerBalancer is trying to move container #71 with size 3221225472B from source datanode 7226a808-29c0-4b22-9b31-c3709443a50d to target datanode 70e84967-3155-4f90-9cc0-fc13fcaeb1fa
2023-09-12 21:13:57,540 [main] DEBUG balancer.ContainerBalancerTask (ContainerBalancerTask.java:lambda$moveContainer$3(837)) - Container move completed for container #71 from source 7226a808-29c0-4b22-9b31-c3709443a50d to target 70e84967-3155-4f90-9cc0-fc13fcaeb1fa
2023-09-12 21:13:57,545 [main] DEBUG balancer.ContainerBalancerTask (ContainerBalancerTask.java:matchSourceWithTarget(708)) - ContainerBalancer is finding suitable target for source datanode 5fd9647e-15e7-4ab6-8587-dbb40e342620
2023-09-12 21:13:57,545 [main] INFO  balancer.ContainerBalancerTask (ContainerBalancerTask.java:matchSourceWithTarget(722)) - ContainerBalancer matched source datanode 5fd9647e-15e7-4ab6-8587-dbb40e342620 with target datanode 70e84967-3155-4f90-9cc0-fc13fcaeb1fa for container move.
2023-09-12 21:13:57,545 [main] INFO  balancer.ContainerBalancerTask (ContainerBalancerTask.java:processMoveSelection(569)) - ContainerBalancer is trying to move container #40 with size 5368709120B from source datanode 5fd9647e-15e7-4ab6-8587-dbb40e342620 to target datanode 70e84967-3155-4f90-9cc0-fc13fcaeb1fa
2023-09-12 21:13:57,545 [main] DEBUG balancer.ContainerBalancerTask (ContainerBalancerTask.java:lambda$moveContainer$3(837)) - Container move completed for container #40 from source 5fd9647e-15e7-4ab6-8587-dbb40e342620 to target 70e84967-3155-4f90-9cc0-fc13fcaeb1fa
2023-09-12 21:13:57,550 [main] DEBUG balancer.ContainerBalancerTask (ContainerBalancerTask.java:matchSourceWithTarget(708)) - ContainerBalancer is finding suitable target for source datanode 110560ef-1b0b-40cd-b51b-4c7dae33cb13
2023-09-12 21:13:57,550 [main] INFO  balancer.ContainerBalancerTask (ContainerBalancerTask.java:matchSourceWithTarget(722)) - ContainerBalancer matched source datanode 110560ef-1b0b-40cd-b51b-4c7dae33cb13 with target datanode ea4430cf-29c9-431b-a0db-4e17c32a4cb0 for container move.
2023-09-12 21:13:57,550 [main] INFO  balancer.ContainerBalancerTask (ContainerBalancerTask.java:processMoveSelection(569)) - ContainerBalancer is trying to move container #51 with size 3221225472B from source datanode 110560ef-1b0b-40cd-b51b-4c7dae33cb13 to target datanode ea4430cf-29c9-431b-a0db-4e17c32a4cb0
2023-09-12 21:13:57,551 [main] DEBUG balancer.ContainerBalancerTask (ContainerBalancerTask.java:lambda$moveContainer$3(837)) - Container move completed for container #51 from source 110560ef-1b0b-40cd-b51b-4c7dae33cb13 to target ea4430cf-29c9-431b-a0db-4e17c32a4cb0
2023-09-12 21:13:57,554 [main] DEBUG balancer.ContainerBalancerTask (ContainerBalancerTask.java:matchSourceWithTarget(708)) - ContainerBalancer is finding suitable target for source datanode 0004641a-a3f9-4501-be40-5f80d54647fd
2023-09-12 21:13:57,554 [main] INFO  balancer.ContainerBalancerTask (ContainerBalancerTask.java:matchSourceWithTarget(722)) - ContainerBalancer matched source datanode 0004641a-a3f9-4501-be40-5f80d54647fd with target datanode 70e84967-3155-4f90-9cc0-fc13fcaeb1fa for container move.
2023-09-12 21:13:57,555 [main] INFO  balancer.ContainerBalancerTask (ContainerBalancerTask.java:processMoveSelection(569)) - ContainerBalancer is trying to move container #25 with size 1073741824B from source datanode 0004641a-a3f9-4501-be40-5f80d54647fd to target datanode 70e84967-3155-4f90-9cc0-fc13fcaeb1fa
2023-09-12 21:13:57,555 [main] DEBUG balancer.ContainerBalancerTask (ContainerBalancerTask.java:lambda$moveContainer$3(837)) - Container move completed for container #25 from source 0004641a-a3f9-4501-be40-5f80d54647fd to target 70e84967-3155-4f90-9cc0-fc13fcaeb1fa
2023-09-12 21:13:57,555 [main] WARN  balancer.ContainerBalancerTask (ContainerBalancerTask.java:reachedMaxSizeToMovePerIteration(733)) - Reached max size to move limit. 53687091200 bytes have already been scheduled for balancing and the limit is 53687091200 bytes.
2023-09-12 21:13:57,555 [main] INFO  balancer.ContainerBalancerTask (ContainerBalancerTask.java:checkIterationMoveResults(642)) - Iteration Summary. Number of Datanodes involved: 7. Size moved: 50 GB (53687091200 Bytes). Number of Container moves completed: 13.
2023-09-12 21:13:57,555 [main] INFO  balancer.ContainerBalancerTask (ContainerBalancerTask.java:balance(259)) - Result of this iteration of Container Balancer: ITERATION_COMPLETED
2023-09-12 21:13:57,556 [main] INFO  balancer.ContainerBalancerTask (ContainerBalancerTask.java:tryStopWithSaveConfiguration(308)) - Save Configuration for stopping. Reason: Completed all iterations.
]]></system-out>
  </testcase>
  <testcase name="testContainerBalancerConfiguration" classname="org.apache.hadoop.hdds.scm.container.balancer.TestContainerBalancerTask" time="0.07">
    <system-out><![CDATA[2023-09-12 21:13:57,598 [main] INFO  net.NodeSchemaLoader (NodeSchemaLoader.java:loadSchemaFromFile(129)) - Loading schema from [file:/home/runner/work/ozone/ozone/hadoop-hdds/common/target/classes/network-topology-default.xml]
2023-09-12 21:13:57,598 [main] INFO  net.NodeSchemaLoader (NodeSchemaLoader.java:loadSchema(176)) - Loading network topology layer schema file
2023-09-12 21:13:57,600 [main] INFO  net.NetworkTopologyImpl (NetworkTopologyImpl.java:add(112)) - Added a new node: /default-rack/ef7f4474-4c03-4c67-9403-71517e2bae75
2023-09-12 21:13:57,601 [main] INFO  net.NetworkTopologyImpl (NetworkTopologyImpl.java:add(112)) - Added a new node: /default-rack/6c40b948-cf51-451d-9c5b-90ecd10dba5d
2023-09-12 21:13:57,601 [main] INFO  net.NetworkTopologyImpl (NetworkTopologyImpl.java:add(112)) - Added a new node: /default-rack/30b7447f-2d78-41e8-a558-be261962e9c0
2023-09-12 21:13:57,601 [main] INFO  net.NetworkTopologyImpl (NetworkTopologyImpl.java:add(112)) - Added a new node: /default-rack/dd3e65e9-3c8d-4866-af91-7a64e2f6c74a
2023-09-12 21:13:57,601 [main] INFO  net.NetworkTopologyImpl (NetworkTopologyImpl.java:add(112)) - Added a new node: /default-rack/74a66f09-f2f8-4052-b36f-267e797fce13
2023-09-12 21:13:57,601 [main] INFO  net.NetworkTopologyImpl (NetworkTopologyImpl.java:add(112)) - Added a new node: /default-rack/ff9134c6-68b0-4c32-8d9a-11daa4b9ccc4
2023-09-12 21:13:57,601 [main] INFO  net.NetworkTopologyImpl (NetworkTopologyImpl.java:add(112)) - Added a new node: /default-rack/df0ee1ce-b073-49fd-82fe-6feb8eb6c966
2023-09-12 21:13:57,602 [main] INFO  net.NetworkTopologyImpl (NetworkTopologyImpl.java:add(112)) - Added a new node: /default-rack/0e758f2d-3887-4c2b-874a-7bda03d2b90d
2023-09-12 21:13:57,602 [main] INFO  net.NetworkTopologyImpl (NetworkTopologyImpl.java:add(112)) - Added a new node: /default-rack/bccf1b8a-8df2-40ff-a278-17fc24e297b2
2023-09-12 21:13:57,602 [main] INFO  net.NetworkTopologyImpl (NetworkTopologyImpl.java:add(112)) - Added a new node: /default-rack/e73dfab0-27c0-484a-95a4-04c85741f425
2023-09-12 21:13:57,602 [main] INFO  algorithms.ContainerPlacementPolicyFactory (ContainerPlacementPolicyFactory.java:getPolicyInternal(86)) - Create container placement policy of type org.apache.hadoop.hdds.scm.container.placement.algorithms.SCMContainerPlacementRackAware
2023-09-12 21:13:57,602 [main] INFO  algorithms.ContainerPlacementPolicyFactory (ContainerPlacementPolicyFactory.java:getPolicyInternal(86)) - Create container placement policy of type org.apache.hadoop.hdds.scm.container.placement.algorithms.SCMContainerPlacementRackScatter
]]></system-out>
  </testcase>
  <testcase name="checkIterationResultTimeoutFromReplicationManager" classname="org.apache.hadoop.hdds.scm.container.balancer.TestContainerBalancerTask" time="0.104">
    <system-out><![CDATA[2023-09-12 21:13:57,669 [main] INFO  net.NodeSchemaLoader (NodeSchemaLoader.java:loadSchemaFromFile(129)) - Loading schema from [file:/home/runner/work/ozone/ozone/hadoop-hdds/common/target/classes/network-topology-default.xml]
2023-09-12 21:13:57,669 [main] INFO  net.NodeSchemaLoader (NodeSchemaLoader.java:loadSchema(176)) - Loading network topology layer schema file
2023-09-12 21:13:57,671 [main] INFO  net.NetworkTopologyImpl (NetworkTopologyImpl.java:add(112)) - Added a new node: /default-rack/c967ede5-2933-44fe-a8ec-a177d95c2ba8
2023-09-12 21:13:57,672 [main] INFO  net.NetworkTopologyImpl (NetworkTopologyImpl.java:add(112)) - Added a new node: /default-rack/bbd8c4c1-a9ba-4736-a8d8-f07d9d73de52
2023-09-12 21:13:57,672 [main] INFO  net.NetworkTopologyImpl (NetworkTopologyImpl.java:add(112)) - Added a new node: /default-rack/7efe9706-e55d-4d9d-b09f-4740033c9f2a
2023-09-12 21:13:57,672 [main] INFO  net.NetworkTopologyImpl (NetworkTopologyImpl.java:add(112)) - Added a new node: /default-rack/79949401-c82c-4717-aa39-a206c4c81fea
2023-09-12 21:13:57,672 [main] INFO  net.NetworkTopologyImpl (NetworkTopologyImpl.java:add(112)) - Added a new node: /default-rack/ba963faf-dee2-4b9d-b440-045db4a6b798
2023-09-12 21:13:57,673 [main] INFO  net.NetworkTopologyImpl (NetworkTopologyImpl.java:add(112)) - Added a new node: /default-rack/6355ff38-f7c3-46d4-a28f-b21fee582504
2023-09-12 21:13:57,673 [main] INFO  net.NetworkTopologyImpl (NetworkTopologyImpl.java:add(112)) - Added a new node: /default-rack/aee9f266-3e30-40dd-a4ba-1fed61c817f4
2023-09-12 21:13:57,673 [main] INFO  net.NetworkTopologyImpl (NetworkTopologyImpl.java:add(112)) - Added a new node: /default-rack/f727eacb-521b-4270-b4d9-23c02c9d2b19
2023-09-12 21:13:57,673 [main] INFO  net.NetworkTopologyImpl (NetworkTopologyImpl.java:add(112)) - Added a new node: /default-rack/9581ce4f-4ff8-4a7a-bbbb-140024cdfb51
2023-09-12 21:13:57,673 [main] INFO  net.NetworkTopologyImpl (NetworkTopologyImpl.java:add(112)) - Added a new node: /default-rack/1b797153-d99b-44e6-9132-4f4a2fd29611
2023-09-12 21:13:57,673 [main] INFO  algorithms.ContainerPlacementPolicyFactory (ContainerPlacementPolicyFactory.java:getPolicyInternal(86)) - Create container placement policy of type org.apache.hadoop.hdds.scm.container.placement.algorithms.SCMContainerPlacementRackAware
2023-09-12 21:13:57,674 [main] INFO  algorithms.ContainerPlacementPolicyFactory (ContainerPlacementPolicyFactory.java:getPolicyInternal(86)) - Create container placement policy of type org.apache.hadoop.hdds.scm.container.placement.algorithms.SCMContainerPlacementRackScatter
2023-09-12 21:13:57,689 [main] DEBUG balancer.ContainerBalancerTask (ContainerBalancerTask.java:initializeIteration(374)) - Average utilization of the cluster is 0.3315072442877542
2023-09-12 21:13:57,689 [main] DEBUG balancer.ContainerBalancerTask (ContainerBalancerTask.java:initializeIteration(386)) - Lower limit for utilization is 0.23150724428775418 and Upper limit for utilization is 0.4315072442877542
2023-09-12 21:13:57,689 [main] DEBUG balancer.ContainerBalancerTask (ContainerBalancerTask.java:initializeIteration(398)) - Utilization for node 79949401-c82c-4717-aa39-a206c4c81fea with capacity 70389741795B, used 63350767616B, and remaining 7038974179B is 0.9000000000071033
2023-09-12 21:13:57,689 [main] DEBUG balancer.ContainerBalancerTask (ContainerBalancerTask.java:initializeIteration(398)) - Utilization for node 9581ce4f-4ff8-4a7a-bbbb-140024cdfb51 with capacity 69793218560B, used 55834574848B, and remaining 13958643712B is 0.8
2023-09-12 21:13:57,689 [main] DEBUG balancer.ContainerBalancerTask (ContainerBalancerTask.java:initializeIteration(398)) - Utilization for node 1b797153-d99b-44e6-9132-4f4a2fd29611 with capacity 61356675657B, used 42949672960B, and remaining 18407002697B is 0.7000000000016298
2023-09-12 21:13:57,690 [main] DEBUG balancer.ContainerBalancerTask (ContainerBalancerTask.java:initializeIteration(398)) - Utilization for node c967ede5-2933-44fe-a8ec-a177d95c2ba8 with capacity 96636764160B, used 57982058496B, and remaining 38654705664B is 0.6
2023-09-12 21:13:57,690 [main] DEBUG balancer.ContainerBalancerTask (ContainerBalancerTask.java:initializeIteration(398)) - Utilization for node f727eacb-521b-4270-b4d9-23c02c9d2b19 with capacity 53687091200B, used 26843545600B, and remaining 26843545600B is 0.5
2023-09-12 21:13:57,690 [main] DEBUG balancer.ContainerBalancerTask (ContainerBalancerTask.java:initializeIteration(398)) - Utilization for node aee9f266-3e30-40dd-a4ba-1fed61c817f4 with capacity 123480309760B, used 49392123904B, and remaining 74088185856B is 0.4
2023-09-12 21:13:57,690 [main] DEBUG balancer.ContainerBalancerTask (ContainerBalancerTask.java:initializeIteration(398)) - Utilization for node ba963faf-dee2-4b9d-b440-045db4a6b798 with capacity 46528812373B, used 13958643712B, and remaining 32570168661B is 0.3000000000021492
2023-09-12 21:13:57,690 [main] DEBUG balancer.ContainerBalancerTask (ContainerBalancerTask.java:initializeIteration(398)) - Utilization for node 7efe9706-e55d-4d9d-b09f-4740033c9f2a with capacity 209379655680B, used 41875931136B, and remaining 167503724544B is 0.2
2023-09-12 21:13:57,690 [main] DEBUG balancer.ContainerBalancerTask (ContainerBalancerTask.java:initializeIteration(398)) - Utilization for node bbd8c4c1-a9ba-4736-a8d8-f07d9d73de52 with capacity 397284474880B, used 39728447488B, and remaining 357556027392B is 0.1
2023-09-12 21:13:57,690 [main] DEBUG balancer.ContainerBalancerTask (ContainerBalancerTask.java:initializeIteration(398)) - Utilization for node 6355ff38-f7c3-46d4-a28f-b21fee582504 with capacity 53687091200B, used 0B, and remaining 53687091200B is 0.0
2023-09-12 21:13:57,691 [main] INFO  balancer.ContainerBalancerTask (ContainerBalancerTask.java:initializeIteration(447)) - Container Balancer has identified 5 Over-Utilized and 3 Under-Utilized Datanodes that need to be balanced.
2023-09-12 21:13:57,691 [main] DEBUG balancer.ContainerBalancerTask (ContainerBalancerTask.java:lambda$initializeIteration$1(453)) - Datanode localhost-179.135.127.66 79949401-c82c-4717-aa39-a206c4c81fea is Over-Utilized.
2023-09-12 21:13:57,691 [main] DEBUG balancer.ContainerBalancerTask (ContainerBalancerTask.java:lambda$initializeIteration$1(453)) - Datanode localhost-188.126.184.230 9581ce4f-4ff8-4a7a-bbbb-140024cdfb51 is Over-Utilized.
2023-09-12 21:13:57,691 [main] DEBUG balancer.ContainerBalancerTask (ContainerBalancerTask.java:lambda$initializeIteration$1(453)) - Datanode localhost-219.211.242.94 1b797153-d99b-44e6-9132-4f4a2fd29611 is Over-Utilized.
2023-09-12 21:13:57,691 [main] DEBUG balancer.ContainerBalancerTask (ContainerBalancerTask.java:lambda$initializeIteration$1(453)) - Datanode localhost-92.203.91.105 c967ede5-2933-44fe-a8ec-a177d95c2ba8 is Over-Utilized.
2023-09-12 21:13:57,691 [main] DEBUG balancer.ContainerBalancerTask (ContainerBalancerTask.java:lambda$initializeIteration$1(453)) - Datanode localhost-91.109.175.248 f727eacb-521b-4270-b4d9-23c02c9d2b19 is Over-Utilized.
2023-09-12 21:13:57,691 [main] DEBUG balancer.ContainerBalancerTask (ContainerBalancerTask.java:lambda$initializeIteration$2(459)) - Datanode localhost-193.221.250.214 6355ff38-f7c3-46d4-a28f-b21fee582504 is Under-Utilized.
2023-09-12 21:13:57,691 [main] DEBUG balancer.ContainerBalancerTask (ContainerBalancerTask.java:lambda$initializeIteration$2(459)) - Datanode localhost-227.153.181.181 bbd8c4c1-a9ba-4736-a8d8-f07d9d73de52 is Under-Utilized.
2023-09-12 21:13:57,692 [main] DEBUG balancer.ContainerBalancerTask (ContainerBalancerTask.java:lambda$initializeIteration$2(459)) - Datanode localhost-228.159.243.252 7efe9706-e55d-4d9d-b09f-4740033c9f2a is Under-Utilized.
2023-09-12 21:13:57,695 [main] DEBUG balancer.ContainerBalancerTask (ContainerBalancerTask.java:matchSourceWithTarget(708)) - ContainerBalancer is finding suitable target for source datanode 79949401-c82c-4717-aa39-a206c4c81fea
2023-09-12 21:13:57,695 [main] INFO  balancer.ContainerBalancerTask (ContainerBalancerTask.java:matchSourceWithTarget(722)) - ContainerBalancer matched source datanode 79949401-c82c-4717-aa39-a206c4c81fea with target datanode 6355ff38-f7c3-46d4-a28f-b21fee582504 for container move.
2023-09-12 21:13:57,696 [main] INFO  balancer.ContainerBalancerTask (ContainerBalancerTask.java:processMoveSelection(569)) - ContainerBalancer is trying to move container #68 with size 5368709120B from source datanode 79949401-c82c-4717-aa39-a206c4c81fea to target datanode 6355ff38-f7c3-46d4-a28f-b21fee582504
2023-09-12 21:13:57,696 [main] WARN  balancer.ContainerBalancerTask (ContainerBalancerTask.java:lambda$moveContainer$3(842)) - Container move for container #68 from source 79949401-c82c-4717-aa39-a206c4c81fea to target 6355ff38-f7c3-46d4-a28f-b21fee582504 failed: REPLICATION_FAIL_TIME_OUT
2023-09-12 21:13:57,699 [main] DEBUG balancer.ContainerBalancerTask (ContainerBalancerTask.java:matchSourceWithTarget(708)) - ContainerBalancer is finding suitable target for source datanode 9581ce4f-4ff8-4a7a-bbbb-140024cdfb51
2023-09-12 21:13:57,700 [main] INFO  balancer.ContainerBalancerTask (ContainerBalancerTask.java:matchSourceWithTarget(722)) - ContainerBalancer matched source datanode 9581ce4f-4ff8-4a7a-bbbb-140024cdfb51 with target datanode 6355ff38-f7c3-46d4-a28f-b21fee582504 for container move.
2023-09-12 21:13:57,700 [main] INFO  balancer.ContainerBalancerTask (ContainerBalancerTask.java:processMoveSelection(569)) - ContainerBalancer is trying to move container #68 with size 5368709120B from source datanode 9581ce4f-4ff8-4a7a-bbbb-140024cdfb51 to target datanode 6355ff38-f7c3-46d4-a28f-b21fee582504
2023-09-12 21:13:57,700 [main] WARN  balancer.ContainerBalancerTask (ContainerBalancerTask.java:lambda$moveContainer$3(842)) - Container move for container #68 from source 9581ce4f-4ff8-4a7a-bbbb-140024cdfb51 to target 6355ff38-f7c3-46d4-a28f-b21fee582504 failed: DELETION_FAIL_TIME_OUT
2023-09-12 21:13:57,703 [main] DEBUG balancer.ContainerBalancerTask (ContainerBalancerTask.java:matchSourceWithTarget(708)) - ContainerBalancer is finding suitable target for source datanode 1b797153-d99b-44e6-9132-4f4a2fd29611
2023-09-12 21:13:57,703 [main] INFO  balancer.ContainerBalancerTask (ContainerBalancerTask.java:matchSourceWithTarget(722)) - ContainerBalancer matched source datanode 1b797153-d99b-44e6-9132-4f4a2fd29611 with target datanode 6355ff38-f7c3-46d4-a28f-b21fee582504 for container move.
2023-09-12 21:13:57,703 [main] INFO  balancer.ContainerBalancerTask (ContainerBalancerTask.java:processMoveSelection(569)) - ContainerBalancer is trying to move container #40 with size 5368709120B from source datanode 1b797153-d99b-44e6-9132-4f4a2fd29611 to target datanode 6355ff38-f7c3-46d4-a28f-b21fee582504
2023-09-12 21:13:57,704 [main] WARN  balancer.ContainerBalancerTask (ContainerBalancerTask.java:lambda$moveContainer$3(842)) - Container move for container #40 from source 1b797153-d99b-44e6-9132-4f4a2fd29611 to target 6355ff38-f7c3-46d4-a28f-b21fee582504 failed: DELETION_FAIL_TIME_OUT
2023-09-12 21:13:57,707 [main] DEBUG balancer.ContainerBalancerTask (ContainerBalancerTask.java:matchSourceWithTarget(708)) - ContainerBalancer is finding suitable target for source datanode c967ede5-2933-44fe-a8ec-a177d95c2ba8
2023-09-12 21:13:57,707 [main] INFO  balancer.ContainerBalancerTask (ContainerBalancerTask.java:matchSourceWithTarget(722)) - ContainerBalancer matched source datanode c967ede5-2933-44fe-a8ec-a177d95c2ba8 with target datanode 6355ff38-f7c3-46d4-a28f-b21fee582504 for container move.
2023-09-12 21:13:57,707 [main] INFO  balancer.ContainerBalancerTask (ContainerBalancerTask.java:processMoveSelection(569)) - ContainerBalancer is trying to move container #40 with size 5368709120B from source datanode c967ede5-2933-44fe-a8ec-a177d95c2ba8 to target datanode 6355ff38-f7c3-46d4-a28f-b21fee582504
2023-09-12 21:13:57,708 [main] WARN  balancer.ContainerBalancerTask (ContainerBalancerTask.java:lambda$moveContainer$3(842)) - Container move for container #40 from source c967ede5-2933-44fe-a8ec-a177d95c2ba8 to target 6355ff38-f7c3-46d4-a28f-b21fee582504 failed: DELETION_FAIL_TIME_OUT
2023-09-12 21:13:57,709 [main] DEBUG balancer.ContainerBalancerTask (ContainerBalancerTask.java:matchSourceWithTarget(708)) - ContainerBalancer is finding suitable target for source datanode f727eacb-521b-4270-b4d9-23c02c9d2b19
2023-09-12 21:13:57,709 [main] INFO  balancer.ContainerBalancerTask (ContainerBalancerTask.java:matchSourceWithTarget(722)) - ContainerBalancer matched source datanode f727eacb-521b-4270-b4d9-23c02c9d2b19 with target datanode 6355ff38-f7c3-46d4-a28f-b21fee582504 for container move.
2023-09-12 21:13:57,710 [main] INFO  balancer.ContainerBalancerTask (ContainerBalancerTask.java:processMoveSelection(569)) - ContainerBalancer is trying to move container #28 with size 4294967296B from source datanode f727eacb-521b-4270-b4d9-23c02c9d2b19 to target datanode 6355ff38-f7c3-46d4-a28f-b21fee582504
2023-09-12 21:13:57,710 [main] WARN  balancer.ContainerBalancerTask (ContainerBalancerTask.java:lambda$moveContainer$3(842)) - Container move for container #28 from source f727eacb-521b-4270-b4d9-23c02c9d2b19 to target 6355ff38-f7c3-46d4-a28f-b21fee582504 failed: DELETION_FAIL_TIME_OUT
2023-09-12 21:13:57,710 [main] INFO  balancer.FindSourceGreedy (FindSourceGreedy.java:getNextCandidateSourceDataNode(126)) - no more candidate source data node
2023-09-12 21:13:57,710 [main] INFO  balancer.ContainerBalancerTask (ContainerBalancerTask.java:checkIterationMoveResults(642)) - Iteration Summary. Number of Datanodes involved: 0. Size moved: 0 B (0 Bytes). Number of Container moves completed: 0.
2023-09-12 21:13:57,710 [main] INFO  balancer.ContainerBalancerTask (ContainerBalancerTask.java:balance(259)) - Result of this iteration of Container Balancer: ITERATION_COMPLETED
2023-09-12 21:13:57,710 [main] INFO  balancer.ContainerBalancerTask (ContainerBalancerTask.java:tryStopWithSaveConfiguration(308)) - Save Configuration for stopping. Reason: Completed all iterations.
2023-09-12 21:13:57,712 [main] DEBUG balancer.ContainerBalancerTask (ContainerBalancerTask.java:initializeIteration(374)) - Average utilization of the cluster is 0.3315072442877542
2023-09-12 21:13:57,712 [main] DEBUG balancer.ContainerBalancerTask (ContainerBalancerTask.java:initializeIteration(386)) - Lower limit for utilization is 0.23150724428775418 and Upper limit for utilization is 0.4315072442877542
2023-09-12 21:13:57,712 [main] DEBUG balancer.ContainerBalancerTask (ContainerBalancerTask.java:initializeIteration(398)) - Utilization for node 79949401-c82c-4717-aa39-a206c4c81fea with capacity 70389741795B, used 63350767616B, and remaining 7038974179B is 0.9000000000071033
2023-09-12 21:13:57,713 [main] DEBUG balancer.ContainerBalancerTask (ContainerBalancerTask.java:initializeIteration(398)) - Utilization for node 9581ce4f-4ff8-4a7a-bbbb-140024cdfb51 with capacity 69793218560B, used 55834574848B, and remaining 13958643712B is 0.8
2023-09-12 21:13:57,713 [main] DEBUG balancer.ContainerBalancerTask (ContainerBalancerTask.java:initializeIteration(398)) - Utilization for node 1b797153-d99b-44e6-9132-4f4a2fd29611 with capacity 61356675657B, used 42949672960B, and remaining 18407002697B is 0.7000000000016298
2023-09-12 21:13:57,713 [main] DEBUG balancer.ContainerBalancerTask (ContainerBalancerTask.java:initializeIteration(398)) - Utilization for node c967ede5-2933-44fe-a8ec-a177d95c2ba8 with capacity 96636764160B, used 57982058496B, and remaining 38654705664B is 0.6
2023-09-12 21:13:57,713 [main] DEBUG balancer.ContainerBalancerTask (ContainerBalancerTask.java:initializeIteration(398)) - Utilization for node f727eacb-521b-4270-b4d9-23c02c9d2b19 with capacity 53687091200B, used 26843545600B, and remaining 26843545600B is 0.5
2023-09-12 21:13:57,713 [main] DEBUG balancer.ContainerBalancerTask (ContainerBalancerTask.java:initializeIteration(398)) - Utilization for node aee9f266-3e30-40dd-a4ba-1fed61c817f4 with capacity 123480309760B, used 49392123904B, and remaining 74088185856B is 0.4
2023-09-12 21:13:57,714 [main] DEBUG balancer.ContainerBalancerTask (ContainerBalancerTask.java:initializeIteration(398)) - Utilization for node ba963faf-dee2-4b9d-b440-045db4a6b798 with capacity 46528812373B, used 13958643712B, and remaining 32570168661B is 0.3000000000021492
2023-09-12 21:13:57,714 [main] DEBUG balancer.ContainerBalancerTask (ContainerBalancerTask.java:initializeIteration(398)) - Utilization for node 7efe9706-e55d-4d9d-b09f-4740033c9f2a with capacity 209379655680B, used 41875931136B, and remaining 167503724544B is 0.2
2023-09-12 21:13:57,714 [main] DEBUG balancer.ContainerBalancerTask (ContainerBalancerTask.java:initializeIteration(398)) - Utilization for node bbd8c4c1-a9ba-4736-a8d8-f07d9d73de52 with capacity 397284474880B, used 39728447488B, and remaining 357556027392B is 0.1
2023-09-12 21:13:57,714 [main] DEBUG balancer.ContainerBalancerTask (ContainerBalancerTask.java:initializeIteration(398)) - Utilization for node 6355ff38-f7c3-46d4-a28f-b21fee582504 with capacity 53687091200B, used 0B, and remaining 53687091200B is 0.0
2023-09-12 21:13:57,714 [main] INFO  balancer.ContainerBalancerTask (ContainerBalancerTask.java:initializeIteration(447)) - Container Balancer has identified 5 Over-Utilized and 3 Under-Utilized Datanodes that need to be balanced.
2023-09-12 21:13:57,714 [main] DEBUG balancer.ContainerBalancerTask (ContainerBalancerTask.java:lambda$initializeIteration$1(453)) - Datanode localhost-179.135.127.66 79949401-c82c-4717-aa39-a206c4c81fea is Over-Utilized.
2023-09-12 21:13:57,714 [main] DEBUG balancer.ContainerBalancerTask (ContainerBalancerTask.java:lambda$initializeIteration$1(453)) - Datanode localhost-188.126.184.230 9581ce4f-4ff8-4a7a-bbbb-140024cdfb51 is Over-Utilized.
2023-09-12 21:13:57,715 [main] DEBUG balancer.ContainerBalancerTask (ContainerBalancerTask.java:lambda$initializeIteration$1(453)) - Datanode localhost-219.211.242.94 1b797153-d99b-44e6-9132-4f4a2fd29611 is Over-Utilized.
2023-09-12 21:13:57,715 [main] DEBUG balancer.ContainerBalancerTask (ContainerBalancerTask.java:lambda$initializeIteration$1(453)) - Datanode localhost-92.203.91.105 c967ede5-2933-44fe-a8ec-a177d95c2ba8 is Over-Utilized.
2023-09-12 21:13:57,715 [main] DEBUG balancer.ContainerBalancerTask (ContainerBalancerTask.java:lambda$initializeIteration$1(453)) - Datanode localhost-91.109.175.248 f727eacb-521b-4270-b4d9-23c02c9d2b19 is Over-Utilized.
2023-09-12 21:13:57,715 [main] DEBUG balancer.ContainerBalancerTask (ContainerBalancerTask.java:lambda$initializeIteration$2(459)) - Datanode localhost-193.221.250.214 6355ff38-f7c3-46d4-a28f-b21fee582504 is Under-Utilized.
2023-09-12 21:13:57,715 [main] DEBUG balancer.ContainerBalancerTask (ContainerBalancerTask.java:lambda$initializeIteration$2(459)) - Datanode localhost-227.153.181.181 bbd8c4c1-a9ba-4736-a8d8-f07d9d73de52 is Under-Utilized.
2023-09-12 21:13:57,715 [main] DEBUG balancer.ContainerBalancerTask (ContainerBalancerTask.java:lambda$initializeIteration$2(459)) - Datanode localhost-228.159.243.252 7efe9706-e55d-4d9d-b09f-4740033c9f2a is Under-Utilized.
2023-09-12 21:13:57,719 [main] DEBUG balancer.ContainerBalancerTask (ContainerBalancerTask.java:matchSourceWithTarget(708)) - ContainerBalancer is finding suitable target for source datanode 79949401-c82c-4717-aa39-a206c4c81fea
2023-09-12 21:13:57,719 [main] INFO  balancer.ContainerBalancerTask (ContainerBalancerTask.java:matchSourceWithTarget(722)) - ContainerBalancer matched source datanode 79949401-c82c-4717-aa39-a206c4c81fea with target datanode 6355ff38-f7c3-46d4-a28f-b21fee582504 for container move.
2023-09-12 21:13:57,719 [main] INFO  balancer.ContainerBalancerTask (ContainerBalancerTask.java:processMoveSelection(569)) - ContainerBalancer is trying to move container #85 with size 5368709120B from source datanode 79949401-c82c-4717-aa39-a206c4c81fea to target datanode 6355ff38-f7c3-46d4-a28f-b21fee582504
2023-09-12 21:13:57,719 [main] WARN  balancer.ContainerBalancerTask (ContainerBalancerTask.java:lambda$moveContainer$3(842)) - Container move for container #85 from source 79949401-c82c-4717-aa39-a206c4c81fea to target 6355ff38-f7c3-46d4-a28f-b21fee582504 failed: REPLICATION_FAIL_TIME_OUT
2023-09-12 21:13:57,722 [main] DEBUG balancer.ContainerBalancerTask (ContainerBalancerTask.java:matchSourceWithTarget(708)) - ContainerBalancer is finding suitable target for source datanode 9581ce4f-4ff8-4a7a-bbbb-140024cdfb51
2023-09-12 21:13:57,723 [main] INFO  balancer.ContainerBalancerTask (ContainerBalancerTask.java:matchSourceWithTarget(722)) - ContainerBalancer matched source datanode 9581ce4f-4ff8-4a7a-bbbb-140024cdfb51 with target datanode 6355ff38-f7c3-46d4-a28f-b21fee582504 for container move.
2023-09-12 21:13:57,723 [main] INFO  balancer.ContainerBalancerTask (ContainerBalancerTask.java:processMoveSelection(569)) - ContainerBalancer is trying to move container #68 with size 5368709120B from source datanode 9581ce4f-4ff8-4a7a-bbbb-140024cdfb51 to target datanode 6355ff38-f7c3-46d4-a28f-b21fee582504
2023-09-12 21:13:57,723 [main] WARN  balancer.ContainerBalancerTask (ContainerBalancerTask.java:lambda$moveContainer$3(842)) - Container move for container #68 from source 9581ce4f-4ff8-4a7a-bbbb-140024cdfb51 to target 6355ff38-f7c3-46d4-a28f-b21fee582504 failed: DELETION_FAIL_TIME_OUT
2023-09-12 21:13:57,726 [main] DEBUG balancer.ContainerBalancerTask (ContainerBalancerTask.java:matchSourceWithTarget(708)) - ContainerBalancer is finding suitable target for source datanode 1b797153-d99b-44e6-9132-4f4a2fd29611
2023-09-12 21:13:57,726 [main] INFO  balancer.ContainerBalancerTask (ContainerBalancerTask.java:matchSourceWithTarget(722)) - ContainerBalancer matched source datanode 1b797153-d99b-44e6-9132-4f4a2fd29611 with target datanode 6355ff38-f7c3-46d4-a28f-b21fee582504 for container move.
2023-09-12 21:13:57,726 [main] INFO  balancer.ContainerBalancerTask (ContainerBalancerTask.java:processMoveSelection(569)) - ContainerBalancer is trying to move container #53 with size 5368709120B from source datanode 1b797153-d99b-44e6-9132-4f4a2fd29611 to target datanode 6355ff38-f7c3-46d4-a28f-b21fee582504
2023-09-12 21:13:57,727 [main] WARN  balancer.ContainerBalancerTask (ContainerBalancerTask.java:lambda$moveContainer$3(842)) - Container move for container #53 from source 1b797153-d99b-44e6-9132-4f4a2fd29611 to target 6355ff38-f7c3-46d4-a28f-b21fee582504 failed: DELETION_FAIL_TIME_OUT
2023-09-12 21:13:57,730 [main] DEBUG balancer.ContainerBalancerTask (ContainerBalancerTask.java:matchSourceWithTarget(708)) - ContainerBalancer is finding suitable target for source datanode c967ede5-2933-44fe-a8ec-a177d95c2ba8
2023-09-12 21:13:57,730 [main] INFO  balancer.ContainerBalancerTask (ContainerBalancerTask.java:matchSourceWithTarget(722)) - ContainerBalancer matched source datanode c967ede5-2933-44fe-a8ec-a177d95c2ba8 with target datanode 6355ff38-f7c3-46d4-a28f-b21fee582504 for container move.
2023-09-12 21:13:57,731 [main] INFO  balancer.ContainerBalancerTask (ContainerBalancerTask.java:processMoveSelection(569)) - ContainerBalancer is trying to move container #53 with size 5368709120B from source datanode c967ede5-2933-44fe-a8ec-a177d95c2ba8 to target datanode 6355ff38-f7c3-46d4-a28f-b21fee582504
2023-09-12 21:13:57,731 [main] WARN  balancer.ContainerBalancerTask (ContainerBalancerTask.java:lambda$moveContainer$3(842)) - Container move for container #53 from source c967ede5-2933-44fe-a8ec-a177d95c2ba8 to target 6355ff38-f7c3-46d4-a28f-b21fee582504 failed: DELETION_FAIL_TIME_OUT
2023-09-12 21:13:57,732 [main] DEBUG balancer.ContainerBalancerTask (ContainerBalancerTask.java:matchSourceWithTarget(708)) - ContainerBalancer is finding suitable target for source datanode f727eacb-521b-4270-b4d9-23c02c9d2b19
2023-09-12 21:13:57,733 [main] INFO  balancer.ContainerBalancerTask (ContainerBalancerTask.java:matchSourceWithTarget(722)) - ContainerBalancer matched source datanode f727eacb-521b-4270-b4d9-23c02c9d2b19 with target datanode 6355ff38-f7c3-46d4-a28f-b21fee582504 for container move.
2023-09-12 21:13:57,733 [main] INFO  balancer.ContainerBalancerTask (ContainerBalancerTask.java:processMoveSelection(569)) - ContainerBalancer is trying to move container #29 with size 5368709120B from source datanode f727eacb-521b-4270-b4d9-23c02c9d2b19 to target datanode 6355ff38-f7c3-46d4-a28f-b21fee582504
2023-09-12 21:13:57,733 [main] WARN  balancer.ContainerBalancerTask (ContainerBalancerTask.java:lambda$moveContainer$3(842)) - Container move for container #29 from source f727eacb-521b-4270-b4d9-23c02c9d2b19 to target 6355ff38-f7c3-46d4-a28f-b21fee582504 failed: DELETION_FAIL_TIME_OUT
2023-09-12 21:13:57,733 [main] INFO  balancer.FindSourceGreedy (FindSourceGreedy.java:getNextCandidateSourceDataNode(126)) - no more candidate source data node
2023-09-12 21:13:57,733 [main] INFO  balancer.ContainerBalancerTask (ContainerBalancerTask.java:checkIterationMoveResults(642)) - Iteration Summary. Number of Datanodes involved: 0. Size moved: 0 B (0 Bytes). Number of Container moves completed: 0.
2023-09-12 21:13:57,733 [main] INFO  balancer.ContainerBalancerTask (ContainerBalancerTask.java:balance(259)) - Result of this iteration of Container Balancer: ITERATION_COMPLETED
2023-09-12 21:13:57,734 [main] INFO  balancer.ContainerBalancerTask (ContainerBalancerTask.java:tryStopWithSaveConfiguration(308)) - Save Configuration for stopping. Reason: Completed all iterations.
]]></system-out>
  </testcase>
  <testcase name="checkIterationResultTimeout" classname="org.apache.hadoop.hdds.scm.container.balancer.TestContainerBalancerTask" time="1.213">
    <system-out><![CDATA[2023-09-12 21:13:57,775 [main] INFO  net.NodeSchemaLoader (NodeSchemaLoader.java:loadSchemaFromFile(129)) - Loading schema from [file:/home/runner/work/ozone/ozone/hadoop-hdds/common/target/classes/network-topology-default.xml]
2023-09-12 21:13:57,775 [main] INFO  net.NodeSchemaLoader (NodeSchemaLoader.java:loadSchema(176)) - Loading network topology layer schema file
2023-09-12 21:13:57,777 [main] INFO  net.NetworkTopologyImpl (NetworkTopologyImpl.java:add(112)) - Added a new node: /default-rack/336b5cef-1b8f-4906-a0d7-589c4cedb73f
2023-09-12 21:13:57,778 [main] INFO  net.NetworkTopologyImpl (NetworkTopologyImpl.java:add(112)) - Added a new node: /default-rack/0f8128d3-60c6-44d7-9b48-d48c20607d93
2023-09-12 21:13:57,778 [main] INFO  net.NetworkTopologyImpl (NetworkTopologyImpl.java:add(112)) - Added a new node: /default-rack/7ca03520-09ac-4c35-9f39-06ec73deec96
2023-09-12 21:13:57,778 [main] INFO  net.NetworkTopologyImpl (NetworkTopologyImpl.java:add(112)) - Added a new node: /default-rack/b72890c5-ee4a-480e-913b-4edfb3c3bc6b
2023-09-12 21:13:57,778 [main] INFO  net.NetworkTopologyImpl (NetworkTopologyImpl.java:add(112)) - Added a new node: /default-rack/963e3749-4cae-4ff5-b5d9-4097b912dd86
2023-09-12 21:13:57,778 [main] INFO  net.NetworkTopologyImpl (NetworkTopologyImpl.java:add(112)) - Added a new node: /default-rack/55f33b21-40d6-465c-a474-5bd6a4741617
2023-09-12 21:13:57,778 [main] INFO  net.NetworkTopologyImpl (NetworkTopologyImpl.java:add(112)) - Added a new node: /default-rack/c444b6b1-d065-4449-8ca0-3d786b67acfd
2023-09-12 21:13:57,779 [main] INFO  net.NetworkTopologyImpl (NetworkTopologyImpl.java:add(112)) - Added a new node: /default-rack/9bb78a9b-8fb5-4b89-9ef4-8afe8d27d026
2023-09-12 21:13:57,779 [main] INFO  net.NetworkTopologyImpl (NetworkTopologyImpl.java:add(112)) - Added a new node: /default-rack/6f69bb67-81f0-4c5c-a62c-1620b999366b
2023-09-12 21:13:57,779 [main] INFO  net.NetworkTopologyImpl (NetworkTopologyImpl.java:add(112)) - Added a new node: /default-rack/95733d77-d8f2-4579-929a-2854940cc7b0
2023-09-12 21:13:57,779 [main] INFO  algorithms.ContainerPlacementPolicyFactory (ContainerPlacementPolicyFactory.java:getPolicyInternal(86)) - Create container placement policy of type org.apache.hadoop.hdds.scm.container.placement.algorithms.SCMContainerPlacementRackAware
2023-09-12 21:13:57,779 [main] INFO  algorithms.ContainerPlacementPolicyFactory (ContainerPlacementPolicyFactory.java:getPolicyInternal(86)) - Create container placement policy of type org.apache.hadoop.hdds.scm.container.placement.algorithms.SCMContainerPlacementRackScatter
2023-09-12 21:13:57,789 [main] DEBUG balancer.ContainerBalancerTask (ContainerBalancerTask.java:initializeIteration(374)) - Average utilization of the cluster is 0.3469371315593893
2023-09-12 21:13:57,789 [main] DEBUG balancer.ContainerBalancerTask (ContainerBalancerTask.java:initializeIteration(386)) - Lower limit for utilization is 0.24693713155938932 and Upper limit for utilization is 0.4469371315593893
2023-09-12 21:13:57,791 [main] DEBUG balancer.ContainerBalancerTask (ContainerBalancerTask.java:initializeIteration(398)) - Utilization for node b72890c5-ee4a-480e-913b-4edfb3c3bc6b with capacity 52494044728B, used 47244640256B, and remaining 5249404472B is 0.9000000000152398
2023-09-12 21:13:57,791 [main] DEBUG balancer.ContainerBalancerTask (ContainerBalancerTask.java:initializeIteration(398)) - Utilization for node 9bb78a9b-8fb5-4b89-9ef4-8afe8d27d026 with capacity 48318382080B, used 38654705664B, and remaining 9663676416B is 0.8
2023-09-12 21:13:57,791 [main] DEBUG balancer.ContainerBalancerTask (ContainerBalancerTask.java:initializeIteration(398)) - Utilization for node c444b6b1-d065-4449-8ca0-3d786b67acfd with capacity 81297595245B, used 56908316672B, and remaining 24389278573B is 0.7000000000061503
2023-09-12 21:13:57,791 [main] DEBUG balancer.ContainerBalancerTask (ContainerBalancerTask.java:initializeIteration(398)) - Utilization for node 963e3749-4cae-4ff5-b5d9-4097b912dd86 with capacity 94847194453B, used 56908316672B, and remaining 37938877781B is 0.6000000000021086
2023-09-12 21:13:57,792 [main] DEBUG balancer.ContainerBalancerTask (ContainerBalancerTask.java:initializeIteration(398)) - Utilization for node 95733d77-d8f2-4579-929a-2854940cc7b0 with capacity 90194313216B, used 45097156608B, and remaining 45097156608B is 0.5
2023-09-12 21:13:57,792 [main] DEBUG balancer.ContainerBalancerTask (ContainerBalancerTask.java:initializeIteration(398)) - Utilization for node 7ca03520-09ac-4c35-9f39-06ec73deec96 with capacity 115427246080B, used 46170898432B, and remaining 69256347648B is 0.4
2023-09-12 21:13:57,792 [main] DEBUG balancer.ContainerBalancerTask (ContainerBalancerTask.java:initializeIteration(398)) - Utilization for node 0f8128d3-60c6-44d7-9b48-d48c20607d93 with capacity 132428158293B, used 39728447488B, and remaining 92699710805B is 0.3000000000007551
2023-09-12 21:13:57,792 [main] DEBUG balancer.ContainerBalancerTask (ContainerBalancerTask.java:initializeIteration(398)) - Utilization for node 336b5cef-1b8f-4906-a0d7-589c4cedb73f with capacity 209379655680B, used 41875931136B, and remaining 167503724544B is 0.2
2023-09-12 21:13:57,792 [main] DEBUG balancer.ContainerBalancerTask (ContainerBalancerTask.java:initializeIteration(398)) - Utilization for node 6f69bb67-81f0-4c5c-a62c-1620b999366b with capacity 311385128960B, used 31138512896B, and remaining 280246616064B is 0.1
2023-09-12 21:13:57,792 [main] DEBUG balancer.ContainerBalancerTask (ContainerBalancerTask.java:initializeIteration(398)) - Utilization for node 55f33b21-40d6-465c-a474-5bd6a4741617 with capacity 27917287424B, used 0B, and remaining 27917287424B is 0.0
2023-09-12 21:13:57,792 [main] INFO  balancer.ContainerBalancerTask (ContainerBalancerTask.java:initializeIteration(447)) - Container Balancer has identified 5 Over-Utilized and 3 Under-Utilized Datanodes that need to be balanced.
2023-09-12 21:13:57,794 [main] DEBUG balancer.ContainerBalancerTask (ContainerBalancerTask.java:lambda$initializeIteration$1(453)) - Datanode localhost-48.12.90.38 b72890c5-ee4a-480e-913b-4edfb3c3bc6b is Over-Utilized.
2023-09-12 21:13:57,794 [main] DEBUG balancer.ContainerBalancerTask (ContainerBalancerTask.java:lambda$initializeIteration$1(453)) - Datanode localhost-10.8.231.133 9bb78a9b-8fb5-4b89-9ef4-8afe8d27d026 is Over-Utilized.
2023-09-12 21:13:57,794 [main] DEBUG balancer.ContainerBalancerTask (ContainerBalancerTask.java:lambda$initializeIteration$1(453)) - Datanode localhost-99.81.240.215 c444b6b1-d065-4449-8ca0-3d786b67acfd is Over-Utilized.
2023-09-12 21:13:57,795 [main] DEBUG balancer.ContainerBalancerTask (ContainerBalancerTask.java:lambda$initializeIteration$1(453)) - Datanode localhost-89.17.53.214 963e3749-4cae-4ff5-b5d9-4097b912dd86 is Over-Utilized.
2023-09-12 21:13:57,795 [main] DEBUG balancer.ContainerBalancerTask (ContainerBalancerTask.java:lambda$initializeIteration$1(453)) - Datanode localhost-44.67.184.246 95733d77-d8f2-4579-929a-2854940cc7b0 is Over-Utilized.
2023-09-12 21:13:57,795 [main] DEBUG balancer.ContainerBalancerTask (ContainerBalancerTask.java:lambda$initializeIteration$2(459)) - Datanode localhost-204.163.144.53 55f33b21-40d6-465c-a474-5bd6a4741617 is Under-Utilized.
2023-09-12 21:13:57,795 [main] DEBUG balancer.ContainerBalancerTask (ContainerBalancerTask.java:lambda$initializeIteration$2(459)) - Datanode localhost-139.221.155.77 6f69bb67-81f0-4c5c-a62c-1620b999366b is Under-Utilized.
2023-09-12 21:13:57,795 [main] DEBUG balancer.ContainerBalancerTask (ContainerBalancerTask.java:lambda$initializeIteration$2(459)) - Datanode localhost-132.204.8.214 336b5cef-1b8f-4906-a0d7-589c4cedb73f is Under-Utilized.
2023-09-12 21:13:57,798 [main] DEBUG balancer.ContainerBalancerTask (ContainerBalancerTask.java:matchSourceWithTarget(708)) - ContainerBalancer is finding suitable target for source datanode b72890c5-ee4a-480e-913b-4edfb3c3bc6b
2023-09-12 21:13:57,798 [main] INFO  balancer.ContainerBalancerTask (ContainerBalancerTask.java:matchSourceWithTarget(722)) - ContainerBalancer matched source datanode b72890c5-ee4a-480e-913b-4edfb3c3bc6b with target datanode 55f33b21-40d6-465c-a474-5bd6a4741617 for container move.
2023-09-12 21:13:57,798 [main] INFO  balancer.ContainerBalancerTask (ContainerBalancerTask.java:processMoveSelection(569)) - ContainerBalancer is trying to move container #84 with size 4294967296B from source datanode b72890c5-ee4a-480e-913b-4edfb3c3bc6b to target datanode 55f33b21-40d6-465c-a474-5bd6a4741617
2023-09-12 21:13:57,799 [main] DEBUG balancer.ContainerBalancerTask (ContainerBalancerTask.java:lambda$moveContainer$3(837)) - Container move completed for container #84 from source b72890c5-ee4a-480e-913b-4edfb3c3bc6b to target 55f33b21-40d6-465c-a474-5bd6a4741617
2023-09-12 21:13:57,803 [main] DEBUG balancer.ContainerBalancerTask (ContainerBalancerTask.java:matchSourceWithTarget(708)) - ContainerBalancer is finding suitable target for source datanode b72890c5-ee4a-480e-913b-4edfb3c3bc6b
2023-09-12 21:13:57,803 [main] INFO  balancer.ContainerBalancerTask (ContainerBalancerTask.java:matchSourceWithTarget(722)) - ContainerBalancer matched source datanode b72890c5-ee4a-480e-913b-4edfb3c3bc6b with target datanode 6f69bb67-81f0-4c5c-a62c-1620b999366b for container move.
2023-09-12 21:13:57,803 [main] INFO  balancer.ContainerBalancerTask (ContainerBalancerTask.java:processMoveSelection(569)) - ContainerBalancer is trying to move container #18 with size 3221225472B from source datanode b72890c5-ee4a-480e-913b-4edfb3c3bc6b to target datanode 6f69bb67-81f0-4c5c-a62c-1620b999366b
2023-09-12 21:13:57,809 [main] DEBUG balancer.ContainerBalancerTask (ContainerBalancerTask.java:matchSourceWithTarget(708)) - ContainerBalancer is finding suitable target for source datanode 9bb78a9b-8fb5-4b89-9ef4-8afe8d27d026
2023-09-12 21:13:57,809 [main] INFO  balancer.ContainerBalancerTask (ContainerBalancerTask.java:matchSourceWithTarget(722)) - ContainerBalancer matched source datanode 9bb78a9b-8fb5-4b89-9ef4-8afe8d27d026 with target datanode 6f69bb67-81f0-4c5c-a62c-1620b999366b for container move.
2023-09-12 21:13:57,810 [main] INFO  balancer.ContainerBalancerTask (ContainerBalancerTask.java:processMoveSelection(569)) - ContainerBalancer is trying to move container #66 with size 3221225472B from source datanode 9bb78a9b-8fb5-4b89-9ef4-8afe8d27d026 to target datanode 6f69bb67-81f0-4c5c-a62c-1620b999366b
2023-09-12 21:13:57,813 [main] DEBUG balancer.ContainerBalancerTask (ContainerBalancerTask.java:matchSourceWithTarget(708)) - ContainerBalancer is finding suitable target for source datanode b72890c5-ee4a-480e-913b-4edfb3c3bc6b
2023-09-12 21:13:57,814 [main] INFO  balancer.ContainerBalancerTask (ContainerBalancerTask.java:matchSourceWithTarget(722)) - ContainerBalancer matched source datanode b72890c5-ee4a-480e-913b-4edfb3c3bc6b with target datanode 6f69bb67-81f0-4c5c-a62c-1620b999366b for container move.
2023-09-12 21:13:57,814 [main] INFO  balancer.ContainerBalancerTask (ContainerBalancerTask.java:processMoveSelection(569)) - ContainerBalancer is trying to move container #82 with size 2147483648B from source datanode b72890c5-ee4a-480e-913b-4edfb3c3bc6b to target datanode 6f69bb67-81f0-4c5c-a62c-1620b999366b
2023-09-12 21:13:57,818 [main] DEBUG balancer.ContainerBalancerTask (ContainerBalancerTask.java:matchSourceWithTarget(708)) - ContainerBalancer is finding suitable target for source datanode 9bb78a9b-8fb5-4b89-9ef4-8afe8d27d026
2023-09-12 21:13:57,818 [main] INFO  balancer.ContainerBalancerTask (ContainerBalancerTask.java:matchSourceWithTarget(722)) - ContainerBalancer matched source datanode 9bb78a9b-8fb5-4b89-9ef4-8afe8d27d026 with target datanode 6f69bb67-81f0-4c5c-a62c-1620b999366b for container move.
2023-09-12 21:13:57,818 [main] INFO  balancer.ContainerBalancerTask (ContainerBalancerTask.java:processMoveSelection(569)) - ContainerBalancer is trying to move container #70 with size 2147483648B from source datanode 9bb78a9b-8fb5-4b89-9ef4-8afe8d27d026 to target datanode 6f69bb67-81f0-4c5c-a62c-1620b999366b
2023-09-12 21:13:57,822 [main] DEBUG balancer.ContainerBalancerTask (ContainerBalancerTask.java:matchSourceWithTarget(708)) - ContainerBalancer is finding suitable target for source datanode b72890c5-ee4a-480e-913b-4edfb3c3bc6b
2023-09-12 21:13:57,822 [main] INFO  balancer.ContainerBalancerTask (ContainerBalancerTask.java:matchSourceWithTarget(722)) - ContainerBalancer matched source datanode b72890c5-ee4a-480e-913b-4edfb3c3bc6b with target datanode 55f33b21-40d6-465c-a474-5bd6a4741617 for container move.
2023-09-12 21:13:57,823 [main] INFO  balancer.ContainerBalancerTask (ContainerBalancerTask.java:processMoveSelection(569)) - ContainerBalancer is trying to move container #52 with size 4294967296B from source datanode b72890c5-ee4a-480e-913b-4edfb3c3bc6b to target datanode 55f33b21-40d6-465c-a474-5bd6a4741617
2023-09-12 21:13:57,826 [main] DEBUG balancer.ContainerBalancerTask (ContainerBalancerTask.java:matchSourceWithTarget(708)) - ContainerBalancer is finding suitable target for source datanode c444b6b1-d065-4449-8ca0-3d786b67acfd
2023-09-12 21:13:57,826 [main] INFO  balancer.ContainerBalancerTask (ContainerBalancerTask.java:matchSourceWithTarget(722)) - ContainerBalancer matched source datanode c444b6b1-d065-4449-8ca0-3d786b67acfd with target datanode 336b5cef-1b8f-4906-a0d7-589c4cedb73f for container move.
2023-09-12 21:13:57,827 [main] INFO  balancer.ContainerBalancerTask (ContainerBalancerTask.java:processMoveSelection(569)) - ContainerBalancer is trying to move container #68 with size 5368709120B from source datanode c444b6b1-d065-4449-8ca0-3d786b67acfd to target datanode 336b5cef-1b8f-4906-a0d7-589c4cedb73f
2023-09-12 21:13:57,832 [main] DEBUG balancer.ContainerBalancerTask (ContainerBalancerTask.java:matchSourceWithTarget(708)) - ContainerBalancer is finding suitable target for source datanode 9bb78a9b-8fb5-4b89-9ef4-8afe8d27d026
2023-09-12 21:13:57,833 [main] INFO  balancer.ContainerBalancerTask (ContainerBalancerTask.java:matchSourceWithTarget(722)) - ContainerBalancer matched source datanode 9bb78a9b-8fb5-4b89-9ef4-8afe8d27d026 with target datanode 336b5cef-1b8f-4906-a0d7-589c4cedb73f for container move.
2023-09-12 21:13:57,833 [main] INFO  balancer.ContainerBalancerTask (ContainerBalancerTask.java:processMoveSelection(569)) - ContainerBalancer is trying to move container #86 with size 1073741824B from source datanode 9bb78a9b-8fb5-4b89-9ef4-8afe8d27d026 to target datanode 336b5cef-1b8f-4906-a0d7-589c4cedb73f
2023-09-12 21:13:57,837 [main] DEBUG balancer.ContainerBalancerTask (ContainerBalancerTask.java:matchSourceWithTarget(708)) - ContainerBalancer is finding suitable target for source datanode 9bb78a9b-8fb5-4b89-9ef4-8afe8d27d026
2023-09-12 21:13:57,837 [main] INFO  balancer.ContainerBalancerTask (ContainerBalancerTask.java:matchSourceWithTarget(722)) - ContainerBalancer matched source datanode 9bb78a9b-8fb5-4b89-9ef4-8afe8d27d026 with target datanode 336b5cef-1b8f-4906-a0d7-589c4cedb73f for container move.
2023-09-12 21:13:57,837 [main] INFO  balancer.ContainerBalancerTask (ContainerBalancerTask.java:processMoveSelection(569)) - ContainerBalancer is trying to move container #64 with size 1073741824B from source datanode 9bb78a9b-8fb5-4b89-9ef4-8afe8d27d026 to target datanode 336b5cef-1b8f-4906-a0d7-589c4cedb73f
2023-09-12 21:13:57,841 [main] DEBUG balancer.ContainerBalancerTask (ContainerBalancerTask.java:matchSourceWithTarget(708)) - ContainerBalancer is finding suitable target for source datanode 9bb78a9b-8fb5-4b89-9ef4-8afe8d27d026
2023-09-12 21:13:57,842 [main] INFO  balancer.ContainerBalancerTask (ContainerBalancerTask.java:matchSourceWithTarget(722)) - ContainerBalancer matched source datanode 9bb78a9b-8fb5-4b89-9ef4-8afe8d27d026 with target datanode 336b5cef-1b8f-4906-a0d7-589c4cedb73f for container move.
2023-09-12 21:13:57,842 [main] INFO  balancer.ContainerBalancerTask (ContainerBalancerTask.java:processMoveSelection(569)) - ContainerBalancer is trying to move container #54 with size 1073741824B from source datanode 9bb78a9b-8fb5-4b89-9ef4-8afe8d27d026 to target datanode 336b5cef-1b8f-4906-a0d7-589c4cedb73f
2023-09-12 21:13:57,846 [main] DEBUG balancer.ContainerBalancerTask (ContainerBalancerTask.java:matchSourceWithTarget(708)) - ContainerBalancer is finding suitable target for source datanode b72890c5-ee4a-480e-913b-4edfb3c3bc6b
2023-09-12 21:13:57,846 [main] INFO  balancer.FindTargetGreedyByUsageInfo (AbstractFindTargetGreedy.java:findTargetForContainerMove(133)) - Container Balancer could not find a target for source datanode b72890c5-ee4a-480e-913b-4edfb3c3bc6b
2023-09-12 21:13:57,846 [main] DEBUG balancer.ContainerBalancerTask (ContainerBalancerTask.java:matchSourceWithTarget(717)) - ContainerBalancer could not find a suitable target for source node b72890c5-ee4a-480e-913b-4edfb3c3bc6b.
2023-09-12 21:13:57,850 [main] DEBUG balancer.ContainerBalancerTask (ContainerBalancerTask.java:matchSourceWithTarget(708)) - ContainerBalancer is finding suitable target for source datanode c444b6b1-d065-4449-8ca0-3d786b67acfd
2023-09-12 21:13:57,850 [main] INFO  balancer.ContainerBalancerTask (ContainerBalancerTask.java:matchSourceWithTarget(722)) - ContainerBalancer matched source datanode c444b6b1-d065-4449-8ca0-3d786b67acfd with target datanode 336b5cef-1b8f-4906-a0d7-589c4cedb73f for container move.
2023-09-12 21:13:57,855 [main] INFO  balancer.ContainerBalancerTask (ContainerBalancerTask.java:processMoveSelection(569)) - ContainerBalancer is trying to move container #50 with size 2147483648B from source datanode c444b6b1-d065-4449-8ca0-3d786b67acfd to target datanode 336b5cef-1b8f-4906-a0d7-589c4cedb73f
2023-09-12 21:13:57,859 [main] DEBUG balancer.ContainerBalancerTask (ContainerBalancerTask.java:matchSourceWithTarget(701)) - ContainerBalancer could not find any candidate containers for datanode 9bb78a9b-8fb5-4b89-9ef4-8afe8d27d026
2023-09-12 21:13:57,863 [main] DEBUG balancer.ContainerBalancerTask (ContainerBalancerTask.java:matchSourceWithTarget(708)) - ContainerBalancer is finding suitable target for source datanode c444b6b1-d065-4449-8ca0-3d786b67acfd
2023-09-12 21:13:57,864 [main] INFO  balancer.ContainerBalancerTask (ContainerBalancerTask.java:matchSourceWithTarget(722)) - ContainerBalancer matched source datanode c444b6b1-d065-4449-8ca0-3d786b67acfd with target datanode 55f33b21-40d6-465c-a474-5bd6a4741617 for container move.
2023-09-12 21:13:57,864 [main] INFO  balancer.ContainerBalancerTask (ContainerBalancerTask.java:processMoveSelection(569)) - ContainerBalancer is trying to move container #26 with size 2147483648B from source datanode c444b6b1-d065-4449-8ca0-3d786b67acfd to target datanode 55f33b21-40d6-465c-a474-5bd6a4741617
2023-09-12 21:13:57,868 [main] DEBUG balancer.ContainerBalancerTask (ContainerBalancerTask.java:matchSourceWithTarget(708)) - ContainerBalancer is finding suitable target for source datanode 963e3749-4cae-4ff5-b5d9-4097b912dd86
2023-09-12 21:13:57,869 [main] INFO  balancer.FindTargetGreedyByUsageInfo (AbstractFindTargetGreedy.java:findTargetForContainerMove(133)) - Container Balancer could not find a target for source datanode 963e3749-4cae-4ff5-b5d9-4097b912dd86
2023-09-12 21:13:57,869 [main] DEBUG balancer.ContainerBalancerTask (ContainerBalancerTask.java:matchSourceWithTarget(717)) - ContainerBalancer could not find a suitable target for source node 963e3749-4cae-4ff5-b5d9-4097b912dd86.
2023-09-12 21:13:57,873 [main] DEBUG balancer.ContainerBalancerTask (ContainerBalancerTask.java:matchSourceWithTarget(701)) - ContainerBalancer could not find any candidate containers for datanode c444b6b1-d065-4449-8ca0-3d786b67acfd
2023-09-12 21:13:57,876 [main] DEBUG balancer.ContainerBalancerTask (ContainerBalancerTask.java:matchSourceWithTarget(708)) - ContainerBalancer is finding suitable target for source datanode 95733d77-d8f2-4579-929a-2854940cc7b0
2023-09-12 21:13:57,876 [main] INFO  balancer.FindTargetGreedyByUsageInfo (AbstractFindTargetGreedy.java:findTargetForContainerMove(133)) - Container Balancer could not find a target for source datanode 95733d77-d8f2-4579-929a-2854940cc7b0
2023-09-12 21:13:57,877 [main] DEBUG balancer.ContainerBalancerTask (ContainerBalancerTask.java:matchSourceWithTarget(717)) - ContainerBalancer could not find a suitable target for source node 95733d77-d8f2-4579-929a-2854940cc7b0.
2023-09-12 21:13:57,877 [main] INFO  balancer.FindSourceGreedy (FindSourceGreedy.java:getNextCandidateSourceDataNode(126)) - no more candidate source data node
2023-09-12 21:13:58,378 [main] WARN  balancer.ContainerBalancerTask (ContainerBalancerTask.java:cancelMovesThatExceedTimeoutDuration(674)) - Container move timed out for container #66 from source 9bb78a9b-8fb5-4b89-9ef4-8afe8d27d026 to target 6f69bb67-81f0-4c5c-a62c-1620b999366b.
2023-09-12 21:13:58,378 [main] WARN  balancer.ContainerBalancerTask (ContainerBalancerTask.java:cancelMovesThatExceedTimeoutDuration(674)) - Container move timed out for container #70 from source 9bb78a9b-8fb5-4b89-9ef4-8afe8d27d026 to target 6f69bb67-81f0-4c5c-a62c-1620b999366b.
2023-09-12 21:13:58,378 [main] WARN  balancer.ContainerBalancerTask (ContainerBalancerTask.java:cancelMovesThatExceedTimeoutDuration(674)) - Container move timed out for container #26 from source c444b6b1-d065-4449-8ca0-3d786b67acfd to target 55f33b21-40d6-465c-a474-5bd6a4741617.
2023-09-12 21:13:58,379 [main] WARN  balancer.ContainerBalancerTask (ContainerBalancerTask.java:cancelMovesThatExceedTimeoutDuration(674)) - Container move timed out for container #18 from source b72890c5-ee4a-480e-913b-4edfb3c3bc6b to target 6f69bb67-81f0-4c5c-a62c-1620b999366b.
2023-09-12 21:13:58,379 [main] WARN  balancer.ContainerBalancerTask (ContainerBalancerTask.java:cancelMovesThatExceedTimeoutDuration(674)) - Container move timed out for container #64 from source 9bb78a9b-8fb5-4b89-9ef4-8afe8d27d026 to target 336b5cef-1b8f-4906-a0d7-589c4cedb73f.
2023-09-12 21:13:58,379 [main] WARN  balancer.ContainerBalancerTask (ContainerBalancerTask.java:cancelMovesThatExceedTimeoutDuration(674)) - Container move timed out for container #82 from source b72890c5-ee4a-480e-913b-4edfb3c3bc6b to target 6f69bb67-81f0-4c5c-a62c-1620b999366b.
2023-09-12 21:13:58,379 [main] WARN  balancer.ContainerBalancerTask (ContainerBalancerTask.java:cancelMovesThatExceedTimeoutDuration(674)) - Container move timed out for container #52 from source b72890c5-ee4a-480e-913b-4edfb3c3bc6b to target 55f33b21-40d6-465c-a474-5bd6a4741617.
2023-09-12 21:13:58,379 [main] WARN  balancer.ContainerBalancerTask (ContainerBalancerTask.java:cancelMovesThatExceedTimeoutDuration(674)) - Container move timed out for container #50 from source c444b6b1-d065-4449-8ca0-3d786b67acfd to target 336b5cef-1b8f-4906-a0d7-589c4cedb73f.
2023-09-12 21:13:58,379 [main] WARN  balancer.ContainerBalancerTask (ContainerBalancerTask.java:cancelMovesThatExceedTimeoutDuration(674)) - Container move timed out for container #68 from source c444b6b1-d065-4449-8ca0-3d786b67acfd to target 336b5cef-1b8f-4906-a0d7-589c4cedb73f.
2023-09-12 21:13:58,380 [main] WARN  balancer.ContainerBalancerTask (ContainerBalancerTask.java:cancelMovesThatExceedTimeoutDuration(674)) - Container move timed out for container #54 from source 9bb78a9b-8fb5-4b89-9ef4-8afe8d27d026 to target 336b5cef-1b8f-4906-a0d7-589c4cedb73f.
2023-09-12 21:13:58,380 [main] WARN  balancer.ContainerBalancerTask (ContainerBalancerTask.java:cancelMovesThatExceedTimeoutDuration(674)) - Container move timed out for container #86 from source 9bb78a9b-8fb5-4b89-9ef4-8afe8d27d026 to target 336b5cef-1b8f-4906-a0d7-589c4cedb73f.
2023-09-12 21:13:58,380 [main] WARN  balancer.ContainerBalancerTask (ContainerBalancerTask.java:checkIterationMoveResults(620)) - 11 Container moves are canceled.
2023-09-12 21:13:58,380 [main] INFO  balancer.ContainerBalancerTask (ContainerBalancerTask.java:checkIterationMoveResults(642)) - Iteration Summary. Number of Datanodes involved: 6. Size moved: 4 GB (4294967296 Bytes). Number of Container moves completed: 1.
2023-09-12 21:13:58,380 [main] INFO  balancer.ContainerBalancerTask (ContainerBalancerTask.java:balance(259)) - Result of this iteration of Container Balancer: ITERATION_COMPLETED
2023-09-12 21:13:58,381 [main] INFO  balancer.ContainerBalancerTask (ContainerBalancerTask.java:tryStopWithSaveConfiguration(308)) - Save Configuration for stopping. Reason: Completed all iterations.
2023-09-12 21:13:58,382 [main] DEBUG balancer.ContainerBalancerTask (ContainerBalancerTask.java:initializeIteration(374)) - Average utilization of the cluster is 0.3469371315593893
2023-09-12 21:13:58,383 [main] DEBUG balancer.ContainerBalancerTask (ContainerBalancerTask.java:initializeIteration(386)) - Lower limit for utilization is 0.24693713155938932 and Upper limit for utilization is 0.4469371315593893
2023-09-12 21:13:58,383 [main] DEBUG balancer.ContainerBalancerTask (ContainerBalancerTask.java:initializeIteration(398)) - Utilization for node b72890c5-ee4a-480e-913b-4edfb3c3bc6b with capacity 52494044728B, used 47244640256B, and remaining 5249404472B is 0.9000000000152398
2023-09-12 21:13:58,383 [main] DEBUG balancer.ContainerBalancerTask (ContainerBalancerTask.java:initializeIteration(398)) - Utilization for node 9bb78a9b-8fb5-4b89-9ef4-8afe8d27d026 with capacity 48318382080B, used 38654705664B, and remaining 9663676416B is 0.8
2023-09-12 21:13:58,383 [main] DEBUG balancer.ContainerBalancerTask (ContainerBalancerTask.java:initializeIteration(398)) - Utilization for node c444b6b1-d065-4449-8ca0-3d786b67acfd with capacity 81297595245B, used 56908316672B, and remaining 24389278573B is 0.7000000000061503
2023-09-12 21:13:58,383 [main] DEBUG balancer.ContainerBalancerTask (ContainerBalancerTask.java:initializeIteration(398)) - Utilization for node 963e3749-4cae-4ff5-b5d9-4097b912dd86 with capacity 94847194453B, used 56908316672B, and remaining 37938877781B is 0.6000000000021086
2023-09-12 21:13:58,383 [main] DEBUG balancer.ContainerBalancerTask (ContainerBalancerTask.java:initializeIteration(398)) - Utilization for node 95733d77-d8f2-4579-929a-2854940cc7b0 with capacity 90194313216B, used 45097156608B, and remaining 45097156608B is 0.5
2023-09-12 21:13:58,383 [main] DEBUG balancer.ContainerBalancerTask (ContainerBalancerTask.java:initializeIteration(398)) - Utilization for node 7ca03520-09ac-4c35-9f39-06ec73deec96 with capacity 115427246080B, used 46170898432B, and remaining 69256347648B is 0.4
2023-09-12 21:13:58,383 [main] DEBUG balancer.ContainerBalancerTask (ContainerBalancerTask.java:initializeIteration(398)) - Utilization for node 0f8128d3-60c6-44d7-9b48-d48c20607d93 with capacity 132428158293B, used 39728447488B, and remaining 92699710805B is 0.3000000000007551
2023-09-12 21:13:58,383 [main] DEBUG balancer.ContainerBalancerTask (ContainerBalancerTask.java:initializeIteration(398)) - Utilization for node 336b5cef-1b8f-4906-a0d7-589c4cedb73f with capacity 209379655680B, used 41875931136B, and remaining 167503724544B is 0.2
2023-09-12 21:13:58,384 [main] DEBUG balancer.ContainerBalancerTask (ContainerBalancerTask.java:initializeIteration(398)) - Utilization for node 6f69bb67-81f0-4c5c-a62c-1620b999366b with capacity 311385128960B, used 31138512896B, and remaining 280246616064B is 0.1
2023-09-12 21:13:58,384 [main] DEBUG balancer.ContainerBalancerTask (ContainerBalancerTask.java:initializeIteration(398)) - Utilization for node 55f33b21-40d6-465c-a474-5bd6a4741617 with capacity 27917287424B, used 0B, and remaining 27917287424B is 0.0
2023-09-12 21:13:58,384 [main] INFO  balancer.ContainerBalancerTask (ContainerBalancerTask.java:initializeIteration(447)) - Container Balancer has identified 5 Over-Utilized and 3 Under-Utilized Datanodes that need to be balanced.
2023-09-12 21:13:58,384 [main] DEBUG balancer.ContainerBalancerTask (ContainerBalancerTask.java:lambda$initializeIteration$1(453)) - Datanode localhost-48.12.90.38 b72890c5-ee4a-480e-913b-4edfb3c3bc6b is Over-Utilized.
2023-09-12 21:13:58,384 [main] DEBUG balancer.ContainerBalancerTask (ContainerBalancerTask.java:lambda$initializeIteration$1(453)) - Datanode localhost-10.8.231.133 9bb78a9b-8fb5-4b89-9ef4-8afe8d27d026 is Over-Utilized.
2023-09-12 21:13:58,384 [main] DEBUG balancer.ContainerBalancerTask (ContainerBalancerTask.java:lambda$initializeIteration$1(453)) - Datanode localhost-99.81.240.215 c444b6b1-d065-4449-8ca0-3d786b67acfd is Over-Utilized.
2023-09-12 21:13:58,384 [main] DEBUG balancer.ContainerBalancerTask (ContainerBalancerTask.java:lambda$initializeIteration$1(453)) - Datanode localhost-89.17.53.214 963e3749-4cae-4ff5-b5d9-4097b912dd86 is Over-Utilized.
2023-09-12 21:13:58,384 [main] DEBUG balancer.ContainerBalancerTask (ContainerBalancerTask.java:lambda$initializeIteration$1(453)) - Datanode localhost-44.67.184.246 95733d77-d8f2-4579-929a-2854940cc7b0 is Over-Utilized.
2023-09-12 21:13:58,384 [main] DEBUG balancer.ContainerBalancerTask (ContainerBalancerTask.java:lambda$initializeIteration$2(459)) - Datanode localhost-204.163.144.53 55f33b21-40d6-465c-a474-5bd6a4741617 is Under-Utilized.
2023-09-12 21:13:58,385 [main] DEBUG balancer.ContainerBalancerTask (ContainerBalancerTask.java:lambda$initializeIteration$2(459)) - Datanode localhost-139.221.155.77 6f69bb67-81f0-4c5c-a62c-1620b999366b is Under-Utilized.
2023-09-12 21:13:58,385 [main] DEBUG balancer.ContainerBalancerTask (ContainerBalancerTask.java:lambda$initializeIteration$2(459)) - Datanode localhost-132.204.8.214 336b5cef-1b8f-4906-a0d7-589c4cedb73f is Under-Utilized.
2023-09-12 21:13:58,387 [main] DEBUG balancer.ContainerBalancerTask (ContainerBalancerTask.java:matchSourceWithTarget(708)) - ContainerBalancer is finding suitable target for source datanode b72890c5-ee4a-480e-913b-4edfb3c3bc6b
2023-09-12 21:13:58,388 [main] INFO  balancer.ContainerBalancerTask (ContainerBalancerTask.java:matchSourceWithTarget(722)) - ContainerBalancer matched source datanode b72890c5-ee4a-480e-913b-4edfb3c3bc6b with target datanode 55f33b21-40d6-465c-a474-5bd6a4741617 for container move.
2023-09-12 21:13:58,388 [main] INFO  balancer.ContainerBalancerTask (ContainerBalancerTask.java:processMoveSelection(569)) - ContainerBalancer is trying to move container #85 with size 5368709120B from source datanode b72890c5-ee4a-480e-913b-4edfb3c3bc6b to target datanode 55f33b21-40d6-465c-a474-5bd6a4741617
2023-09-12 21:13:58,388 [main] DEBUG balancer.ContainerBalancerTask (ContainerBalancerTask.java:lambda$moveContainer$3(837)) - Container move completed for container #85 from source b72890c5-ee4a-480e-913b-4edfb3c3bc6b to target 55f33b21-40d6-465c-a474-5bd6a4741617
2023-09-12 21:13:58,391 [main] DEBUG balancer.ContainerBalancerTask (ContainerBalancerTask.java:matchSourceWithTarget(708)) - ContainerBalancer is finding suitable target for source datanode 9bb78a9b-8fb5-4b89-9ef4-8afe8d27d026
2023-09-12 21:13:58,391 [main] INFO  balancer.ContainerBalancerTask (ContainerBalancerTask.java:matchSourceWithTarget(722)) - ContainerBalancer matched source datanode 9bb78a9b-8fb5-4b89-9ef4-8afe8d27d026 with target datanode 6f69bb67-81f0-4c5c-a62c-1620b999366b for container move.
2023-09-12 21:13:58,392 [main] INFO  balancer.ContainerBalancerTask (ContainerBalancerTask.java:processMoveSelection(569)) - ContainerBalancer is trying to move container #67 with size 4294967296B from source datanode 9bb78a9b-8fb5-4b89-9ef4-8afe8d27d026 to target datanode 6f69bb67-81f0-4c5c-a62c-1620b999366b
2023-09-12 21:13:58,395 [main] DEBUG balancer.ContainerBalancerTask (ContainerBalancerTask.java:matchSourceWithTarget(708)) - ContainerBalancer is finding suitable target for source datanode b72890c5-ee4a-480e-913b-4edfb3c3bc6b
2023-09-12 21:13:58,395 [main] INFO  balancer.ContainerBalancerTask (ContainerBalancerTask.java:matchSourceWithTarget(722)) - ContainerBalancer matched source datanode b72890c5-ee4a-480e-913b-4edfb3c3bc6b with target datanode 6f69bb67-81f0-4c5c-a62c-1620b999366b for container move.
2023-09-12 21:13:58,395 [main] INFO  balancer.ContainerBalancerTask (ContainerBalancerTask.java:processMoveSelection(569)) - ContainerBalancer is trying to move container #89 with size 4294967296B from source datanode b72890c5-ee4a-480e-913b-4edfb3c3bc6b to target datanode 6f69bb67-81f0-4c5c-a62c-1620b999366b
2023-09-12 21:13:58,398 [main] DEBUG balancer.ContainerBalancerTask (ContainerBalancerTask.java:matchSourceWithTarget(708)) - ContainerBalancer is finding suitable target for source datanode b72890c5-ee4a-480e-913b-4edfb3c3bc6b
2023-09-12 21:13:58,399 [main] INFO  balancer.ContainerBalancerTask (ContainerBalancerTask.java:matchSourceWithTarget(722)) - ContainerBalancer matched source datanode b72890c5-ee4a-480e-913b-4edfb3c3bc6b with target datanode 6f69bb67-81f0-4c5c-a62c-1620b999366b for container move.
2023-09-12 21:13:58,399 [main] INFO  balancer.ContainerBalancerTask (ContainerBalancerTask.java:processMoveSelection(569)) - ContainerBalancer is trying to move container #82 with size 2147483648B from source datanode b72890c5-ee4a-480e-913b-4edfb3c3bc6b to target datanode 6f69bb67-81f0-4c5c-a62c-1620b999366b
2023-09-12 21:13:58,402 [main] DEBUG balancer.ContainerBalancerTask (ContainerBalancerTask.java:matchSourceWithTarget(708)) - ContainerBalancer is finding suitable target for source datanode 9bb78a9b-8fb5-4b89-9ef4-8afe8d27d026
2023-09-12 21:13:58,403 [main] INFO  balancer.ContainerBalancerTask (ContainerBalancerTask.java:matchSourceWithTarget(722)) - ContainerBalancer matched source datanode 9bb78a9b-8fb5-4b89-9ef4-8afe8d27d026 with target datanode 55f33b21-40d6-465c-a474-5bd6a4741617 for container move.
2023-09-12 21:13:58,403 [main] INFO  balancer.ContainerBalancerTask (ContainerBalancerTask.java:processMoveSelection(569)) - ContainerBalancer is trying to move container #68 with size 5368709120B from source datanode 9bb78a9b-8fb5-4b89-9ef4-8afe8d27d026 to target datanode 55f33b21-40d6-465c-a474-5bd6a4741617
2023-09-12 21:13:58,407 [main] DEBUG balancer.ContainerBalancerTask (ContainerBalancerTask.java:matchSourceWithTarget(708)) - ContainerBalancer is finding suitable target for source datanode c444b6b1-d065-4449-8ca0-3d786b67acfd
2023-09-12 21:13:58,407 [main] INFO  balancer.ContainerBalancerTask (ContainerBalancerTask.java:matchSourceWithTarget(722)) - ContainerBalancer matched source datanode c444b6b1-d065-4449-8ca0-3d786b67acfd with target datanode 336b5cef-1b8f-4906-a0d7-589c4cedb73f for container move.
2023-09-12 21:13:58,407 [main] INFO  balancer.ContainerBalancerTask (ContainerBalancerTask.java:processMoveSelection(569)) - ContainerBalancer is trying to move container #52 with size 4294967296B from source datanode c444b6b1-d065-4449-8ca0-3d786b67acfd to target datanode 336b5cef-1b8f-4906-a0d7-589c4cedb73f
2023-09-12 21:13:58,410 [main] DEBUG balancer.ContainerBalancerTask (ContainerBalancerTask.java:matchSourceWithTarget(708)) - ContainerBalancer is finding suitable target for source datanode b72890c5-ee4a-480e-913b-4edfb3c3bc6b
2023-09-12 21:13:58,411 [main] INFO  balancer.ContainerBalancerTask (ContainerBalancerTask.java:matchSourceWithTarget(722)) - ContainerBalancer matched source datanode b72890c5-ee4a-480e-913b-4edfb3c3bc6b with target datanode 336b5cef-1b8f-4906-a0d7-589c4cedb73f for container move.
2023-09-12 21:13:58,411 [main] INFO  balancer.ContainerBalancerTask (ContainerBalancerTask.java:processMoveSelection(569)) - ContainerBalancer is trying to move container #84 with size 4294967296B from source datanode b72890c5-ee4a-480e-913b-4edfb3c3bc6b to target datanode 336b5cef-1b8f-4906-a0d7-589c4cedb73f
2023-09-12 21:13:58,414 [main] DEBUG balancer.ContainerBalancerTask (ContainerBalancerTask.java:matchSourceWithTarget(708)) - ContainerBalancer is finding suitable target for source datanode c444b6b1-d065-4449-8ca0-3d786b67acfd
2023-09-12 21:13:58,415 [main] INFO  balancer.ContainerBalancerTask (ContainerBalancerTask.java:matchSourceWithTarget(722)) - ContainerBalancer matched source datanode c444b6b1-d065-4449-8ca0-3d786b67acfd with target datanode 336b5cef-1b8f-4906-a0d7-589c4cedb73f for container move.
2023-09-12 21:13:58,415 [main] INFO  balancer.ContainerBalancerTask (ContainerBalancerTask.java:processMoveSelection(569)) - ContainerBalancer is trying to move container #50 with size 2147483648B from source datanode c444b6b1-d065-4449-8ca0-3d786b67acfd to target datanode 336b5cef-1b8f-4906-a0d7-589c4cedb73f
2023-09-12 21:13:58,418 [main] DEBUG balancer.ContainerBalancerTask (ContainerBalancerTask.java:matchSourceWithTarget(708)) - ContainerBalancer is finding suitable target for source datanode c444b6b1-d065-4449-8ca0-3d786b67acfd
2023-09-12 21:13:58,419 [main] INFO  balancer.FindTargetGreedyByUsageInfo (AbstractFindTargetGreedy.java:findTargetForContainerMove(133)) - Container Balancer could not find a target for source datanode c444b6b1-d065-4449-8ca0-3d786b67acfd
2023-09-12 21:13:58,419 [main] DEBUG balancer.ContainerBalancerTask (ContainerBalancerTask.java:matchSourceWithTarget(717)) - ContainerBalancer could not find a suitable target for source node c444b6b1-d065-4449-8ca0-3d786b67acfd.
2023-09-12 21:13:58,423 [main] DEBUG balancer.ContainerBalancerTask (ContainerBalancerTask.java:matchSourceWithTarget(708)) - ContainerBalancer is finding suitable target for source datanode 963e3749-4cae-4ff5-b5d9-4097b912dd86
2023-09-12 21:13:58,423 [main] INFO  balancer.FindTargetGreedyByUsageInfo (AbstractFindTargetGreedy.java:findTargetForContainerMove(133)) - Container Balancer could not find a target for source datanode 963e3749-4cae-4ff5-b5d9-4097b912dd86
2023-09-12 21:13:58,423 [main] DEBUG balancer.ContainerBalancerTask (ContainerBalancerTask.java:matchSourceWithTarget(717)) - ContainerBalancer could not find a suitable target for source node 963e3749-4cae-4ff5-b5d9-4097b912dd86.
2023-09-12 21:13:58,434 [main] DEBUG balancer.ContainerBalancerTask (ContainerBalancerTask.java:matchSourceWithTarget(708)) - ContainerBalancer is finding suitable target for source datanode 9bb78a9b-8fb5-4b89-9ef4-8afe8d27d026
2023-09-12 21:13:58,434 [main] INFO  balancer.FindTargetGreedyByUsageInfo (AbstractFindTargetGreedy.java:findTargetForContainerMove(133)) - Container Balancer could not find a target for source datanode 9bb78a9b-8fb5-4b89-9ef4-8afe8d27d026
2023-09-12 21:13:58,434 [main] DEBUG balancer.ContainerBalancerTask (ContainerBalancerTask.java:matchSourceWithTarget(717)) - ContainerBalancer could not find a suitable target for source node 9bb78a9b-8fb5-4b89-9ef4-8afe8d27d026.
2023-09-12 21:13:58,437 [main] DEBUG balancer.ContainerBalancerTask (ContainerBalancerTask.java:matchSourceWithTarget(708)) - ContainerBalancer is finding suitable target for source datanode b72890c5-ee4a-480e-913b-4edfb3c3bc6b
2023-09-12 21:13:58,437 [main] INFO  balancer.FindTargetGreedyByUsageInfo (AbstractFindTargetGreedy.java:findTargetForContainerMove(133)) - Container Balancer could not find a target for source datanode b72890c5-ee4a-480e-913b-4edfb3c3bc6b
2023-09-12 21:13:58,438 [main] DEBUG balancer.ContainerBalancerTask (ContainerBalancerTask.java:matchSourceWithTarget(717)) - ContainerBalancer could not find a suitable target for source node b72890c5-ee4a-480e-913b-4edfb3c3bc6b.
2023-09-12 21:13:58,444 [main] DEBUG balancer.ContainerBalancerTask (ContainerBalancerTask.java:matchSourceWithTarget(708)) - ContainerBalancer is finding suitable target for source datanode 95733d77-d8f2-4579-929a-2854940cc7b0
2023-09-12 21:13:58,444 [main] INFO  balancer.FindTargetGreedyByUsageInfo (AbstractFindTargetGreedy.java:findTargetForContainerMove(133)) - Container Balancer could not find a target for source datanode 95733d77-d8f2-4579-929a-2854940cc7b0
2023-09-12 21:13:58,444 [main] DEBUG balancer.ContainerBalancerTask (ContainerBalancerTask.java:matchSourceWithTarget(717)) - ContainerBalancer could not find a suitable target for source node 95733d77-d8f2-4579-929a-2854940cc7b0.
2023-09-12 21:13:58,444 [main] INFO  balancer.FindSourceGreedy (FindSourceGreedy.java:getNextCandidateSourceDataNode(126)) - no more candidate source data node
2023-09-12 21:13:58,945 [main] WARN  balancer.ContainerBalancerTask (ContainerBalancerTask.java:cancelMovesThatExceedTimeoutDuration(674)) - Container move timed out for container #50 from source c444b6b1-d065-4449-8ca0-3d786b67acfd to target 336b5cef-1b8f-4906-a0d7-589c4cedb73f.
2023-09-12 21:13:58,945 [main] WARN  balancer.ContainerBalancerTask (ContainerBalancerTask.java:cancelMovesThatExceedTimeoutDuration(674)) - Container move timed out for container #84 from source b72890c5-ee4a-480e-913b-4edfb3c3bc6b to target 336b5cef-1b8f-4906-a0d7-589c4cedb73f.
2023-09-12 21:13:58,945 [main] WARN  balancer.ContainerBalancerTask (ContainerBalancerTask.java:cancelMovesThatExceedTimeoutDuration(674)) - Container move timed out for container #52 from source c444b6b1-d065-4449-8ca0-3d786b67acfd to target 336b5cef-1b8f-4906-a0d7-589c4cedb73f.
2023-09-12 21:13:58,946 [main] WARN  balancer.ContainerBalancerTask (ContainerBalancerTask.java:cancelMovesThatExceedTimeoutDuration(674)) - Container move timed out for container #89 from source b72890c5-ee4a-480e-913b-4edfb3c3bc6b to target 6f69bb67-81f0-4c5c-a62c-1620b999366b.
2023-09-12 21:13:58,946 [main] WARN  balancer.ContainerBalancerTask (ContainerBalancerTask.java:cancelMovesThatExceedTimeoutDuration(674)) - Container move timed out for container #82 from source b72890c5-ee4a-480e-913b-4edfb3c3bc6b to target 6f69bb67-81f0-4c5c-a62c-1620b999366b.
2023-09-12 21:13:58,946 [main] WARN  balancer.ContainerBalancerTask (ContainerBalancerTask.java:cancelMovesThatExceedTimeoutDuration(674)) - Container move timed out for container #68 from source 9bb78a9b-8fb5-4b89-9ef4-8afe8d27d026 to target 55f33b21-40d6-465c-a474-5bd6a4741617.
2023-09-12 21:13:58,946 [main] WARN  balancer.ContainerBalancerTask (ContainerBalancerTask.java:cancelMovesThatExceedTimeoutDuration(674)) - Container move timed out for container #67 from source 9bb78a9b-8fb5-4b89-9ef4-8afe8d27d026 to target 6f69bb67-81f0-4c5c-a62c-1620b999366b.
2023-09-12 21:13:58,946 [main] WARN  balancer.ContainerBalancerTask (ContainerBalancerTask.java:checkIterationMoveResults(620)) - 7 Container moves are canceled.
2023-09-12 21:13:58,946 [main] INFO  balancer.ContainerBalancerTask (ContainerBalancerTask.java:checkIterationMoveResults(642)) - Iteration Summary. Number of Datanodes involved: 6. Size moved: 5 GB (5368709120 Bytes). Number of Container moves completed: 1.
2023-09-12 21:13:58,946 [main] INFO  balancer.ContainerBalancerTask (ContainerBalancerTask.java:balance(259)) - Result of this iteration of Container Balancer: ITERATION_COMPLETED
2023-09-12 21:13:58,947 [main] INFO  balancer.ContainerBalancerTask (ContainerBalancerTask.java:tryStopWithSaveConfiguration(308)) - Save Configuration for stopping. Reason: Completed all iterations.
]]></system-out>
  </testcase>
  <testcase name="targetDatanodeShouldNotAlreadyContainSelectedContainer" classname="org.apache.hadoop.hdds.scm.container.balancer.TestContainerBalancerTask" time="0.199">
    <system-out><![CDATA[2023-09-12 21:13:58,988 [main] INFO  net.NodeSchemaLoader (NodeSchemaLoader.java:loadSchemaFromFile(129)) - Loading schema from [file:/home/runner/work/ozone/ozone/hadoop-hdds/common/target/classes/network-topology-default.xml]
2023-09-12 21:13:58,989 [main] INFO  net.NodeSchemaLoader (NodeSchemaLoader.java:loadSchema(176)) - Loading network topology layer schema file
2023-09-12 21:13:58,991 [main] INFO  net.NetworkTopologyImpl (NetworkTopologyImpl.java:add(112)) - Added a new node: /default-rack/56cb6784-e097-4ce0-ba88-86a9e03f4427
2023-09-12 21:13:58,991 [main] INFO  net.NetworkTopologyImpl (NetworkTopologyImpl.java:add(112)) - Added a new node: /default-rack/219e703a-ec12-4c2a-a1e1-aa2074a6871f
2023-09-12 21:13:58,991 [main] INFO  net.NetworkTopologyImpl (NetworkTopologyImpl.java:add(112)) - Added a new node: /default-rack/ab657d69-baf4-462d-b203-001ed1aeebb2
2023-09-12 21:13:58,991 [main] INFO  net.NetworkTopologyImpl (NetworkTopologyImpl.java:add(112)) - Added a new node: /default-rack/c2d8b7ae-e822-4937-b5a3-d5d6686b15f8
2023-09-12 21:13:58,992 [main] INFO  net.NetworkTopologyImpl (NetworkTopologyImpl.java:add(112)) - Added a new node: /default-rack/fe18983f-20f3-4f12-b5b7-18ec3c6d05c6
2023-09-12 21:13:58,992 [main] INFO  net.NetworkTopologyImpl (NetworkTopologyImpl.java:add(112)) - Added a new node: /default-rack/1dd82fce-3088-452a-b26b-507420f08bac
2023-09-12 21:13:58,992 [main] INFO  net.NetworkTopologyImpl (NetworkTopologyImpl.java:add(112)) - Added a new node: /default-rack/168b6c3d-0405-4a16-ad27-404d7b29f3f1
2023-09-12 21:13:58,992 [main] INFO  net.NetworkTopologyImpl (NetworkTopologyImpl.java:add(112)) - Added a new node: /default-rack/bd21d768-f3cd-4d90-91ec-ffa50877c2d0
2023-09-12 21:13:58,992 [main] INFO  net.NetworkTopologyImpl (NetworkTopologyImpl.java:add(112)) - Added a new node: /default-rack/40446f8f-77fc-4620-ab46-0b2721e577a8
2023-09-12 21:13:58,992 [main] INFO  net.NetworkTopologyImpl (NetworkTopologyImpl.java:add(112)) - Added a new node: /default-rack/dff17d08-b517-47f8-96cb-47bf069e37f1
2023-09-12 21:13:58,992 [main] INFO  algorithms.ContainerPlacementPolicyFactory (ContainerPlacementPolicyFactory.java:getPolicyInternal(86)) - Create container placement policy of type org.apache.hadoop.hdds.scm.container.placement.algorithms.SCMContainerPlacementRackAware
2023-09-12 21:13:58,992 [main] INFO  algorithms.ContainerPlacementPolicyFactory (ContainerPlacementPolicyFactory.java:getPolicyInternal(86)) - Create container placement policy of type org.apache.hadoop.hdds.scm.container.placement.algorithms.SCMContainerPlacementRackScatter
2023-09-12 21:13:58,996 [main] DEBUG balancer.ContainerBalancerTask (ContainerBalancerTask.java:initializeIteration(374)) - Average utilization of the cluster is 0.35346897275975636
2023-09-12 21:13:58,996 [main] DEBUG balancer.ContainerBalancerTask (ContainerBalancerTask.java:initializeIteration(386)) - Lower limit for utilization is 0.25346897275975633 and Upper limit for utilization is 0.4534689727597564
2023-09-12 21:13:58,997 [main] DEBUG balancer.ContainerBalancerTask (ContainerBalancerTask.java:initializeIteration(398)) - Utilization for node 40446f8f-77fc-4620-ab46-0b2721e577a8 with capacity 66810602382B, used 60129542144B, and remaining 6681060238B is 0.9000000000029935
2023-09-12 21:13:58,997 [main] DEBUG balancer.ContainerBalancerTask (ContainerBalancerTask.java:initializeIteration(398)) - Utilization for node fe18983f-20f3-4f12-b5b7-18ec3c6d05c6 with capacity 65766686720B, used 52613349376B, and remaining 13153337344B is 0.8
2023-09-12 21:13:58,997 [main] DEBUG balancer.ContainerBalancerTask (ContainerBalancerTask.java:initializeIteration(398)) - Utilization for node ab657d69-baf4-462d-b203-001ed1aeebb2 with capacity 44483589851B, used 31138512896B, and remaining 13345076955B is 0.700000000006744
2023-09-12 21:13:58,997 [main] DEBUG balancer.ContainerBalancerTask (ContainerBalancerTask.java:initializeIteration(398)) - Utilization for node 168b6c3d-0405-4a16-ad27-404d7b29f3f1 with capacity 102005473280B, used 61203283968B, and remaining 40802189312B is 0.6
2023-09-12 21:13:58,997 [main] DEBUG balancer.ContainerBalancerTask (ContainerBalancerTask.java:initializeIteration(398)) - Utilization for node dff17d08-b517-47f8-96cb-47bf069e37f1 with capacity 130996502528B, used 65498251264B, and remaining 65498251264B is 0.5
2023-09-12 21:13:58,997 [main] DEBUG balancer.ContainerBalancerTask (ContainerBalancerTask.java:initializeIteration(398)) - Utilization for node bd21d768-f3cd-4d90-91ec-ffa50877c2d0 with capacity 72477573120B, used 28991029248B, and remaining 43486543872B is 0.4
2023-09-12 21:13:58,997 [main] DEBUG balancer.ContainerBalancerTask (ContainerBalancerTask.java:initializeIteration(398)) - Utilization for node 219e703a-ec12-4c2a-a1e1-aa2074a6871f with capacity 139586437120B, used 41875931136B, and remaining 97710505984B is 0.3
2023-09-12 21:13:58,997 [main] DEBUG balancer.ContainerBalancerTask (ContainerBalancerTask.java:initializeIteration(398)) - Utilization for node 1dd82fce-3088-452a-b26b-507420f08bac with capacity 155692564480B, used 31138512896B, and remaining 124554051584B is 0.2
2023-09-12 21:13:58,997 [main] DEBUG balancer.ContainerBalancerTask (ContainerBalancerTask.java:initializeIteration(398)) - Utilization for node 56cb6784-e097-4ce0-ba88-86a9e03f4427 with capacity 332859965440B, used 33285996544B, and remaining 299573968896B is 0.1
2023-09-12 21:13:58,998 [main] DEBUG balancer.ContainerBalancerTask (ContainerBalancerTask.java:initializeIteration(398)) - Utilization for node c2d8b7ae-e822-4937-b5a3-d5d6686b15f8 with capacity 37580963840B, used 0B, and remaining 37580963840B is 0.0
2023-09-12 21:13:58,998 [main] INFO  balancer.ContainerBalancerTask (ContainerBalancerTask.java:initializeIteration(447)) - Container Balancer has identified 5 Over-Utilized and 3 Under-Utilized Datanodes that need to be balanced.
2023-09-12 21:13:58,998 [main] DEBUG balancer.ContainerBalancerTask (ContainerBalancerTask.java:lambda$initializeIteration$1(453)) - Datanode localhost-15.196.238.3 40446f8f-77fc-4620-ab46-0b2721e577a8 is Over-Utilized.
2023-09-12 21:13:58,998 [main] DEBUG balancer.ContainerBalancerTask (ContainerBalancerTask.java:lambda$initializeIteration$1(453)) - Datanode localhost-11.9.106.40 fe18983f-20f3-4f12-b5b7-18ec3c6d05c6 is Over-Utilized.
2023-09-12 21:13:58,998 [main] DEBUG balancer.ContainerBalancerTask (ContainerBalancerTask.java:lambda$initializeIteration$1(453)) - Datanode localhost-126.164.211.33 ab657d69-baf4-462d-b203-001ed1aeebb2 is Over-Utilized.
2023-09-12 21:13:58,998 [main] DEBUG balancer.ContainerBalancerTask (ContainerBalancerTask.java:lambda$initializeIteration$1(453)) - Datanode localhost-27.62.170.116 168b6c3d-0405-4a16-ad27-404d7b29f3f1 is Over-Utilized.
2023-09-12 21:13:58,998 [main] DEBUG balancer.ContainerBalancerTask (ContainerBalancerTask.java:lambda$initializeIteration$1(453)) - Datanode localhost-14.107.169.140 dff17d08-b517-47f8-96cb-47bf069e37f1 is Over-Utilized.
2023-09-12 21:13:58,998 [main] DEBUG balancer.ContainerBalancerTask (ContainerBalancerTask.java:lambda$initializeIteration$2(459)) - Datanode localhost-192.96.195.136 c2d8b7ae-e822-4937-b5a3-d5d6686b15f8 is Under-Utilized.
2023-09-12 21:13:58,998 [main] DEBUG balancer.ContainerBalancerTask (ContainerBalancerTask.java:lambda$initializeIteration$2(459)) - Datanode localhost-85.44.102.14 56cb6784-e097-4ce0-ba88-86a9e03f4427 is Under-Utilized.
2023-09-12 21:13:58,998 [main] DEBUG balancer.ContainerBalancerTask (ContainerBalancerTask.java:lambda$initializeIteration$2(459)) - Datanode localhost-189.82.240.242 1dd82fce-3088-452a-b26b-507420f08bac is Under-Utilized.
2023-09-12 21:13:59,002 [main] DEBUG balancer.ContainerBalancerTask (ContainerBalancerTask.java:matchSourceWithTarget(708)) - ContainerBalancer is finding suitable target for source datanode 40446f8f-77fc-4620-ab46-0b2721e577a8
2023-09-12 21:13:59,002 [main] INFO  balancer.ContainerBalancerTask (ContainerBalancerTask.java:matchSourceWithTarget(722)) - ContainerBalancer matched source datanode 40446f8f-77fc-4620-ab46-0b2721e577a8 with target datanode c2d8b7ae-e822-4937-b5a3-d5d6686b15f8 for container move.
2023-09-12 21:13:59,002 [main] INFO  balancer.ContainerBalancerTask (ContainerBalancerTask.java:processMoveSelection(569)) - ContainerBalancer is trying to move container #85 with size 5368709120B from source datanode 40446f8f-77fc-4620-ab46-0b2721e577a8 to target datanode c2d8b7ae-e822-4937-b5a3-d5d6686b15f8
2023-09-12 21:13:59,003 [main] DEBUG balancer.ContainerBalancerTask (ContainerBalancerTask.java:lambda$moveContainer$3(837)) - Container move completed for container #85 from source 40446f8f-77fc-4620-ab46-0b2721e577a8 to target c2d8b7ae-e822-4937-b5a3-d5d6686b15f8
2023-09-12 21:13:59,006 [main] DEBUG balancer.ContainerBalancerTask (ContainerBalancerTask.java:matchSourceWithTarget(708)) - ContainerBalancer is finding suitable target for source datanode 40446f8f-77fc-4620-ab46-0b2721e577a8
2023-09-12 21:13:59,006 [main] INFO  balancer.ContainerBalancerTask (ContainerBalancerTask.java:matchSourceWithTarget(722)) - ContainerBalancer matched source datanode 40446f8f-77fc-4620-ab46-0b2721e577a8 with target datanode 56cb6784-e097-4ce0-ba88-86a9e03f4427 for container move.
2023-09-12 21:13:59,006 [main] INFO  balancer.ContainerBalancerTask (ContainerBalancerTask.java:processMoveSelection(569)) - ContainerBalancer is trying to move container #68 with size 5368709120B from source datanode 40446f8f-77fc-4620-ab46-0b2721e577a8 to target datanode 56cb6784-e097-4ce0-ba88-86a9e03f4427
2023-09-12 21:13:59,007 [main] DEBUG balancer.ContainerBalancerTask (ContainerBalancerTask.java:lambda$moveContainer$3(837)) - Container move completed for container #68 from source 40446f8f-77fc-4620-ab46-0b2721e577a8 to target 56cb6784-e097-4ce0-ba88-86a9e03f4427
2023-09-12 21:13:59,010 [main] DEBUG balancer.ContainerBalancerTask (ContainerBalancerTask.java:matchSourceWithTarget(708)) - ContainerBalancer is finding suitable target for source datanode fe18983f-20f3-4f12-b5b7-18ec3c6d05c6
2023-09-12 21:13:59,010 [main] INFO  balancer.ContainerBalancerTask (ContainerBalancerTask.java:matchSourceWithTarget(722)) - ContainerBalancer matched source datanode fe18983f-20f3-4f12-b5b7-18ec3c6d05c6 with target datanode 56cb6784-e097-4ce0-ba88-86a9e03f4427 for container move.
2023-09-12 21:13:59,010 [main] INFO  balancer.ContainerBalancerTask (ContainerBalancerTask.java:processMoveSelection(569)) - ContainerBalancer is trying to move container #53 with size 5368709120B from source datanode fe18983f-20f3-4f12-b5b7-18ec3c6d05c6 to target datanode 56cb6784-e097-4ce0-ba88-86a9e03f4427
2023-09-12 21:13:59,011 [main] DEBUG balancer.ContainerBalancerTask (ContainerBalancerTask.java:lambda$moveContainer$3(837)) - Container move completed for container #53 from source fe18983f-20f3-4f12-b5b7-18ec3c6d05c6 to target 56cb6784-e097-4ce0-ba88-86a9e03f4427
2023-09-12 21:13:59,014 [main] DEBUG balancer.ContainerBalancerTask (ContainerBalancerTask.java:matchSourceWithTarget(708)) - ContainerBalancer is finding suitable target for source datanode 40446f8f-77fc-4620-ab46-0b2721e577a8
2023-09-12 21:13:59,014 [main] INFO  balancer.ContainerBalancerTask (ContainerBalancerTask.java:matchSourceWithTarget(722)) - ContainerBalancer matched source datanode 40446f8f-77fc-4620-ab46-0b2721e577a8 with target datanode 56cb6784-e097-4ce0-ba88-86a9e03f4427 for container move.
2023-09-12 21:13:59,014 [main] INFO  balancer.ContainerBalancerTask (ContainerBalancerTask.java:processMoveSelection(569)) - ContainerBalancer is trying to move container #89 with size 4294967296B from source datanode 40446f8f-77fc-4620-ab46-0b2721e577a8 to target datanode 56cb6784-e097-4ce0-ba88-86a9e03f4427
2023-09-12 21:13:59,014 [main] DEBUG balancer.ContainerBalancerTask (ContainerBalancerTask.java:lambda$moveContainer$3(837)) - Container move completed for container #89 from source 40446f8f-77fc-4620-ab46-0b2721e577a8 to target 56cb6784-e097-4ce0-ba88-86a9e03f4427
2023-09-12 21:13:59,017 [main] DEBUG balancer.ContainerBalancerTask (ContainerBalancerTask.java:matchSourceWithTarget(708)) - ContainerBalancer is finding suitable target for source datanode fe18983f-20f3-4f12-b5b7-18ec3c6d05c6
2023-09-12 21:13:59,017 [main] INFO  balancer.ContainerBalancerTask (ContainerBalancerTask.java:matchSourceWithTarget(722)) - ContainerBalancer matched source datanode fe18983f-20f3-4f12-b5b7-18ec3c6d05c6 with target datanode c2d8b7ae-e822-4937-b5a3-d5d6686b15f8 for container move.
2023-09-12 21:13:59,018 [main] INFO  balancer.ContainerBalancerTask (ContainerBalancerTask.java:processMoveSelection(569)) - ContainerBalancer is trying to move container #67 with size 4294967296B from source datanode fe18983f-20f3-4f12-b5b7-18ec3c6d05c6 to target datanode c2d8b7ae-e822-4937-b5a3-d5d6686b15f8
2023-09-12 21:13:59,018 [main] DEBUG balancer.ContainerBalancerTask (ContainerBalancerTask.java:lambda$moveContainer$3(837)) - Container move completed for container #67 from source fe18983f-20f3-4f12-b5b7-18ec3c6d05c6 to target c2d8b7ae-e822-4937-b5a3-d5d6686b15f8
2023-09-12 21:13:59,019 [main] DEBUG balancer.ContainerBalancerTask (ContainerBalancerTask.java:matchSourceWithTarget(708)) - ContainerBalancer is finding suitable target for source datanode ab657d69-baf4-462d-b203-001ed1aeebb2
2023-09-12 21:13:59,020 [main] INFO  balancer.ContainerBalancerTask (ContainerBalancerTask.java:matchSourceWithTarget(722)) - ContainerBalancer matched source datanode ab657d69-baf4-462d-b203-001ed1aeebb2 with target datanode 56cb6784-e097-4ce0-ba88-86a9e03f4427 for container move.
2023-09-12 21:13:59,020 [main] INFO  balancer.ContainerBalancerTask (ContainerBalancerTask.java:processMoveSelection(569)) - ContainerBalancer is trying to move container #52 with size 4294967296B from source datanode ab657d69-baf4-462d-b203-001ed1aeebb2 to target datanode 56cb6784-e097-4ce0-ba88-86a9e03f4427
2023-09-12 21:13:59,020 [main] DEBUG balancer.ContainerBalancerTask (ContainerBalancerTask.java:lambda$moveContainer$3(837)) - Container move completed for container #52 from source ab657d69-baf4-462d-b203-001ed1aeebb2 to target 56cb6784-e097-4ce0-ba88-86a9e03f4427
2023-09-12 21:13:59,024 [main] DEBUG balancer.ContainerBalancerTask (ContainerBalancerTask.java:matchSourceWithTarget(708)) - ContainerBalancer is finding suitable target for source datanode 40446f8f-77fc-4620-ab46-0b2721e577a8
2023-09-12 21:13:59,024 [main] INFO  balancer.ContainerBalancerTask (ContainerBalancerTask.java:matchSourceWithTarget(722)) - ContainerBalancer matched source datanode 40446f8f-77fc-4620-ab46-0b2721e577a8 with target datanode 56cb6784-e097-4ce0-ba88-86a9e03f4427 for container move.
2023-09-12 21:13:59,024 [main] INFO  balancer.ContainerBalancerTask (ContainerBalancerTask.java:processMoveSelection(569)) - ContainerBalancer is trying to move container #84 with size 4294967296B from source datanode 40446f8f-77fc-4620-ab46-0b2721e577a8 to target datanode 56cb6784-e097-4ce0-ba88-86a9e03f4427
2023-09-12 21:13:59,024 [main] DEBUG balancer.ContainerBalancerTask (ContainerBalancerTask.java:lambda$moveContainer$3(837)) - Container move completed for container #84 from source 40446f8f-77fc-4620-ab46-0b2721e577a8 to target 56cb6784-e097-4ce0-ba88-86a9e03f4427
2023-09-12 21:13:59,027 [main] DEBUG balancer.ContainerBalancerTask (ContainerBalancerTask.java:matchSourceWithTarget(708)) - ContainerBalancer is finding suitable target for source datanode fe18983f-20f3-4f12-b5b7-18ec3c6d05c6
2023-09-12 21:13:59,027 [main] INFO  balancer.ContainerBalancerTask (ContainerBalancerTask.java:matchSourceWithTarget(722)) - ContainerBalancer matched source datanode fe18983f-20f3-4f12-b5b7-18ec3c6d05c6 with target datanode 56cb6784-e097-4ce0-ba88-86a9e03f4427 for container move.
2023-09-12 21:13:59,027 [main] INFO  balancer.ContainerBalancerTask (ContainerBalancerTask.java:processMoveSelection(569)) - ContainerBalancer is trying to move container #88 with size 3221225472B from source datanode fe18983f-20f3-4f12-b5b7-18ec3c6d05c6 to target datanode 56cb6784-e097-4ce0-ba88-86a9e03f4427
2023-09-12 21:13:59,028 [main] DEBUG balancer.ContainerBalancerTask (ContainerBalancerTask.java:lambda$moveContainer$3(837)) - Container move completed for container #88 from source fe18983f-20f3-4f12-b5b7-18ec3c6d05c6 to target 56cb6784-e097-4ce0-ba88-86a9e03f4427
2023-09-12 21:13:59,031 [main] DEBUG balancer.ContainerBalancerTask (ContainerBalancerTask.java:matchSourceWithTarget(708)) - ContainerBalancer is finding suitable target for source datanode 40446f8f-77fc-4620-ab46-0b2721e577a8
2023-09-12 21:13:59,032 [main] INFO  balancer.ContainerBalancerTask (ContainerBalancerTask.java:matchSourceWithTarget(722)) - ContainerBalancer matched source datanode 40446f8f-77fc-4620-ab46-0b2721e577a8 with target datanode 56cb6784-e097-4ce0-ba88-86a9e03f4427 for container move.
2023-09-12 21:13:59,032 [main] INFO  balancer.ContainerBalancerTask (ContainerBalancerTask.java:processMoveSelection(569)) - ContainerBalancer is trying to move container #28 with size 4294967296B from source datanode 40446f8f-77fc-4620-ab46-0b2721e577a8 to target datanode 56cb6784-e097-4ce0-ba88-86a9e03f4427
2023-09-12 21:13:59,032 [main] DEBUG balancer.ContainerBalancerTask (ContainerBalancerTask.java:lambda$moveContainer$3(837)) - Container move completed for container #28 from source 40446f8f-77fc-4620-ab46-0b2721e577a8 to target 56cb6784-e097-4ce0-ba88-86a9e03f4427
2023-09-12 21:13:59,035 [main] DEBUG balancer.ContainerBalancerTask (ContainerBalancerTask.java:matchSourceWithTarget(708)) - ContainerBalancer is finding suitable target for source datanode fe18983f-20f3-4f12-b5b7-18ec3c6d05c6
2023-09-12 21:13:59,035 [main] INFO  balancer.ContainerBalancerTask (ContainerBalancerTask.java:matchSourceWithTarget(722)) - ContainerBalancer matched source datanode fe18983f-20f3-4f12-b5b7-18ec3c6d05c6 with target datanode 56cb6784-e097-4ce0-ba88-86a9e03f4427 for container move.
2023-09-12 21:13:59,036 [main] INFO  balancer.ContainerBalancerTask (ContainerBalancerTask.java:processMoveSelection(569)) - ContainerBalancer is trying to move container #66 with size 3221225472B from source datanode fe18983f-20f3-4f12-b5b7-18ec3c6d05c6 to target datanode 56cb6784-e097-4ce0-ba88-86a9e03f4427
2023-09-12 21:13:59,036 [main] DEBUG balancer.ContainerBalancerTask (ContainerBalancerTask.java:lambda$moveContainer$3(837)) - Container move completed for container #66 from source fe18983f-20f3-4f12-b5b7-18ec3c6d05c6 to target 56cb6784-e097-4ce0-ba88-86a9e03f4427
2023-09-12 21:13:59,037 [main] DEBUG balancer.ContainerBalancerTask (ContainerBalancerTask.java:matchSourceWithTarget(708)) - ContainerBalancer is finding suitable target for source datanode ab657d69-baf4-462d-b203-001ed1aeebb2
2023-09-12 21:13:59,037 [main] INFO  balancer.ContainerBalancerTask (ContainerBalancerTask.java:matchSourceWithTarget(722)) - ContainerBalancer matched source datanode ab657d69-baf4-462d-b203-001ed1aeebb2 with target datanode 1dd82fce-3088-452a-b26b-507420f08bac for container move.
2023-09-12 21:13:59,037 [main] INFO  balancer.ContainerBalancerTask (ContainerBalancerTask.java:processMoveSelection(569)) - ContainerBalancer is trying to move container #51 with size 3221225472B from source datanode ab657d69-baf4-462d-b203-001ed1aeebb2 to target datanode 1dd82fce-3088-452a-b26b-507420f08bac
2023-09-12 21:13:59,037 [main] DEBUG balancer.ContainerBalancerTask (ContainerBalancerTask.java:lambda$moveContainer$3(837)) - Container move completed for container #51 from source ab657d69-baf4-462d-b203-001ed1aeebb2 to target 1dd82fce-3088-452a-b26b-507420f08bac
2023-09-12 21:13:59,041 [main] DEBUG balancer.ContainerBalancerTask (ContainerBalancerTask.java:matchSourceWithTarget(708)) - ContainerBalancer is finding suitable target for source datanode 168b6c3d-0405-4a16-ad27-404d7b29f3f1
2023-09-12 21:13:59,042 [main] INFO  balancer.ContainerBalancerTask (ContainerBalancerTask.java:matchSourceWithTarget(722)) - ContainerBalancer matched source datanode 168b6c3d-0405-4a16-ad27-404d7b29f3f1 with target datanode 56cb6784-e097-4ce0-ba88-86a9e03f4427 for container move.
2023-09-12 21:13:59,042 [main] INFO  balancer.ContainerBalancerTask (ContainerBalancerTask.java:processMoveSelection(569)) - ContainerBalancer is trying to move container #40 with size 5368709120B from source datanode 168b6c3d-0405-4a16-ad27-404d7b29f3f1 to target datanode 56cb6784-e097-4ce0-ba88-86a9e03f4427
2023-09-12 21:13:59,042 [main] DEBUG balancer.ContainerBalancerTask (ContainerBalancerTask.java:lambda$moveContainer$3(837)) - Container move completed for container #40 from source 168b6c3d-0405-4a16-ad27-404d7b29f3f1 to target 56cb6784-e097-4ce0-ba88-86a9e03f4427
2023-09-12 21:13:59,045 [main] DEBUG balancer.ContainerBalancerTask (ContainerBalancerTask.java:matchSourceWithTarget(708)) - ContainerBalancer is finding suitable target for source datanode fe18983f-20f3-4f12-b5b7-18ec3c6d05c6
2023-09-12 21:13:59,046 [main] INFO  balancer.ContainerBalancerTask (ContainerBalancerTask.java:matchSourceWithTarget(722)) - ContainerBalancer matched source datanode fe18983f-20f3-4f12-b5b7-18ec3c6d05c6 with target datanode 56cb6784-e097-4ce0-ba88-86a9e03f4427 for container move.
2023-09-12 21:13:59,046 [main] INFO  balancer.ContainerBalancerTask (ContainerBalancerTask.java:processMoveSelection(569)) - ContainerBalancer is trying to move container #27 with size 3221225472B from source datanode fe18983f-20f3-4f12-b5b7-18ec3c6d05c6 to target datanode 56cb6784-e097-4ce0-ba88-86a9e03f4427
2023-09-12 21:13:59,046 [main] DEBUG balancer.ContainerBalancerTask (ContainerBalancerTask.java:lambda$moveContainer$3(837)) - Container move completed for container #27 from source fe18983f-20f3-4f12-b5b7-18ec3c6d05c6 to target 56cb6784-e097-4ce0-ba88-86a9e03f4427
2023-09-12 21:13:59,050 [main] DEBUG balancer.ContainerBalancerTask (ContainerBalancerTask.java:matchSourceWithTarget(708)) - ContainerBalancer is finding suitable target for source datanode 168b6c3d-0405-4a16-ad27-404d7b29f3f1
2023-09-12 21:13:59,051 [main] INFO  balancer.ContainerBalancerTask (ContainerBalancerTask.java:matchSourceWithTarget(722)) - ContainerBalancer matched source datanode 168b6c3d-0405-4a16-ad27-404d7b29f3f1 with target datanode 1dd82fce-3088-452a-b26b-507420f08bac for container move.
2023-09-12 21:13:59,051 [main] INFO  balancer.ContainerBalancerTask (ContainerBalancerTask.java:processMoveSelection(569)) - ContainerBalancer is trying to move container #39 with size 4294967296B from source datanode 168b6c3d-0405-4a16-ad27-404d7b29f3f1 to target datanode 1dd82fce-3088-452a-b26b-507420f08bac
2023-09-12 21:13:59,051 [main] DEBUG balancer.ContainerBalancerTask (ContainerBalancerTask.java:lambda$moveContainer$3(837)) - Container move completed for container #39 from source 168b6c3d-0405-4a16-ad27-404d7b29f3f1 to target 1dd82fce-3088-452a-b26b-507420f08bac
2023-09-12 21:13:59,055 [main] DEBUG balancer.ContainerBalancerTask (ContainerBalancerTask.java:matchSourceWithTarget(708)) - ContainerBalancer is finding suitable target for source datanode 40446f8f-77fc-4620-ab46-0b2721e577a8
2023-09-12 21:13:59,055 [main] INFO  balancer.ContainerBalancerTask (ContainerBalancerTask.java:matchSourceWithTarget(722)) - ContainerBalancer matched source datanode 40446f8f-77fc-4620-ab46-0b2721e577a8 with target datanode 56cb6784-e097-4ce0-ba88-86a9e03f4427 for container move.
2023-09-12 21:13:59,055 [main] INFO  balancer.ContainerBalancerTask (ContainerBalancerTask.java:processMoveSelection(569)) - ContainerBalancer is trying to move container #83 with size 3221225472B from source datanode 40446f8f-77fc-4620-ab46-0b2721e577a8 to target datanode 56cb6784-e097-4ce0-ba88-86a9e03f4427
2023-09-12 21:13:59,055 [main] DEBUG balancer.ContainerBalancerTask (ContainerBalancerTask.java:lambda$moveContainer$3(837)) - Container move completed for container #83 from source 40446f8f-77fc-4620-ab46-0b2721e577a8 to target 56cb6784-e097-4ce0-ba88-86a9e03f4427
2023-09-12 21:13:59,057 [main] DEBUG balancer.ContainerBalancerTask (ContainerBalancerTask.java:matchSourceWithTarget(708)) - ContainerBalancer is finding suitable target for source datanode ab657d69-baf4-462d-b203-001ed1aeebb2
2023-09-12 21:13:59,057 [main] INFO  balancer.ContainerBalancerTask (ContainerBalancerTask.java:matchSourceWithTarget(722)) - ContainerBalancer matched source datanode ab657d69-baf4-462d-b203-001ed1aeebb2 with target datanode 56cb6784-e097-4ce0-ba88-86a9e03f4427 for container move.
2023-09-12 21:13:59,057 [main] INFO  balancer.ContainerBalancerTask (ContainerBalancerTask.java:processMoveSelection(569)) - ContainerBalancer is trying to move container #50 with size 2147483648B from source datanode ab657d69-baf4-462d-b203-001ed1aeebb2 to target datanode 56cb6784-e097-4ce0-ba88-86a9e03f4427
2023-09-12 21:13:59,057 [main] DEBUG balancer.ContainerBalancerTask (ContainerBalancerTask.java:lambda$moveContainer$3(837)) - Container move completed for container #50 from source ab657d69-baf4-462d-b203-001ed1aeebb2 to target 56cb6784-e097-4ce0-ba88-86a9e03f4427
2023-09-12 21:13:59,061 [main] DEBUG balancer.ContainerBalancerTask (ContainerBalancerTask.java:matchSourceWithTarget(708)) - ContainerBalancer is finding suitable target for source datanode fe18983f-20f3-4f12-b5b7-18ec3c6d05c6
2023-09-12 21:13:59,061 [main] INFO  balancer.ContainerBalancerTask (ContainerBalancerTask.java:matchSourceWithTarget(722)) - ContainerBalancer matched source datanode fe18983f-20f3-4f12-b5b7-18ec3c6d05c6 with target datanode 56cb6784-e097-4ce0-ba88-86a9e03f4427 for container move.
2023-09-12 21:13:59,061 [main] INFO  balancer.ContainerBalancerTask (ContainerBalancerTask.java:processMoveSelection(569)) - ContainerBalancer is trying to move container #18 with size 3221225472B from source datanode fe18983f-20f3-4f12-b5b7-18ec3c6d05c6 to target datanode 56cb6784-e097-4ce0-ba88-86a9e03f4427
2023-09-12 21:13:59,061 [main] DEBUG balancer.ContainerBalancerTask (ContainerBalancerTask.java:lambda$moveContainer$3(837)) - Container move completed for container #18 from source fe18983f-20f3-4f12-b5b7-18ec3c6d05c6 to target 56cb6784-e097-4ce0-ba88-86a9e03f4427
2023-09-12 21:13:59,066 [main] DEBUG balancer.ContainerBalancerTask (ContainerBalancerTask.java:matchSourceWithTarget(708)) - ContainerBalancer is finding suitable target for source datanode 168b6c3d-0405-4a16-ad27-404d7b29f3f1
2023-09-12 21:13:59,066 [main] INFO  balancer.ContainerBalancerTask (ContainerBalancerTask.java:matchSourceWithTarget(722)) - ContainerBalancer matched source datanode 168b6c3d-0405-4a16-ad27-404d7b29f3f1 with target datanode 1dd82fce-3088-452a-b26b-507420f08bac for container move.
2023-09-12 21:13:59,066 [main] INFO  balancer.ContainerBalancerTask (ContainerBalancerTask.java:processMoveSelection(569)) - ContainerBalancer is trying to move container #19 with size 4294967296B from source datanode 168b6c3d-0405-4a16-ad27-404d7b29f3f1 to target datanode 1dd82fce-3088-452a-b26b-507420f08bac
2023-09-12 21:13:59,066 [main] DEBUG balancer.ContainerBalancerTask (ContainerBalancerTask.java:lambda$moveContainer$3(837)) - Container move completed for container #19 from source 168b6c3d-0405-4a16-ad27-404d7b29f3f1 to target 1dd82fce-3088-452a-b26b-507420f08bac
2023-09-12 21:13:59,072 [main] DEBUG balancer.ContainerBalancerTask (ContainerBalancerTask.java:matchSourceWithTarget(708)) - ContainerBalancer is finding suitable target for source datanode dff17d08-b517-47f8-96cb-47bf069e37f1
2023-09-12 21:13:59,072 [main] INFO  balancer.ContainerBalancerTask (ContainerBalancerTask.java:matchSourceWithTarget(722)) - ContainerBalancer matched source datanode dff17d08-b517-47f8-96cb-47bf069e37f1 with target datanode 56cb6784-e097-4ce0-ba88-86a9e03f4427 for container move.
2023-09-12 21:13:59,072 [main] INFO  balancer.ContainerBalancerTask (ContainerBalancerTask.java:processMoveSelection(569)) - ContainerBalancer is trying to move container #87 with size 2147483648B from source datanode dff17d08-b517-47f8-96cb-47bf069e37f1 to target datanode 56cb6784-e097-4ce0-ba88-86a9e03f4427
2023-09-12 21:13:59,073 [main] DEBUG balancer.ContainerBalancerTask (ContainerBalancerTask.java:lambda$moveContainer$3(837)) - Container move completed for container #87 from source dff17d08-b517-47f8-96cb-47bf069e37f1 to target 56cb6784-e097-4ce0-ba88-86a9e03f4427
2023-09-12 21:13:59,077 [main] DEBUG balancer.ContainerBalancerTask (ContainerBalancerTask.java:matchSourceWithTarget(708)) - ContainerBalancer is finding suitable target for source datanode 40446f8f-77fc-4620-ab46-0b2721e577a8
2023-09-12 21:13:59,077 [main] INFO  balancer.ContainerBalancerTask (ContainerBalancerTask.java:matchSourceWithTarget(722)) - ContainerBalancer matched source datanode 40446f8f-77fc-4620-ab46-0b2721e577a8 with target datanode c2d8b7ae-e822-4937-b5a3-d5d6686b15f8 for container move.
2023-09-12 21:13:59,077 [main] INFO  balancer.ContainerBalancerTask (ContainerBalancerTask.java:processMoveSelection(569)) - ContainerBalancer is trying to move container #86 with size 1073741824B from source datanode 40446f8f-77fc-4620-ab46-0b2721e577a8 to target datanode c2d8b7ae-e822-4937-b5a3-d5d6686b15f8
2023-09-12 21:13:59,077 [main] DEBUG balancer.ContainerBalancerTask (ContainerBalancerTask.java:lambda$moveContainer$3(837)) - Container move completed for container #86 from source 40446f8f-77fc-4620-ab46-0b2721e577a8 to target c2d8b7ae-e822-4937-b5a3-d5d6686b15f8
2023-09-12 21:13:59,083 [main] DEBUG balancer.ContainerBalancerTask (ContainerBalancerTask.java:matchSourceWithTarget(708)) - ContainerBalancer is finding suitable target for source datanode dff17d08-b517-47f8-96cb-47bf069e37f1
2023-09-12 21:13:59,083 [main] INFO  balancer.ContainerBalancerTask (ContainerBalancerTask.java:matchSourceWithTarget(722)) - ContainerBalancer matched source datanode dff17d08-b517-47f8-96cb-47bf069e37f1 with target datanode 1dd82fce-3088-452a-b26b-507420f08bac for container move.
2023-09-12 21:13:59,084 [main] INFO  balancer.ContainerBalancerTask (ContainerBalancerTask.java:processMoveSelection(569)) - ContainerBalancer is trying to move container #71 with size 3221225472B from source datanode dff17d08-b517-47f8-96cb-47bf069e37f1 to target datanode 1dd82fce-3088-452a-b26b-507420f08bac
2023-09-12 21:13:59,084 [main] DEBUG balancer.ContainerBalancerTask (ContainerBalancerTask.java:lambda$moveContainer$3(837)) - Container move completed for container #71 from source dff17d08-b517-47f8-96cb-47bf069e37f1 to target 1dd82fce-3088-452a-b26b-507420f08bac
2023-09-12 21:13:59,085 [main] DEBUG balancer.ContainerBalancerTask (ContainerBalancerTask.java:matchSourceWithTarget(708)) - ContainerBalancer is finding suitable target for source datanode ab657d69-baf4-462d-b203-001ed1aeebb2
2023-09-12 21:13:59,085 [main] INFO  balancer.ContainerBalancerTask (ContainerBalancerTask.java:matchSourceWithTarget(722)) - ContainerBalancer matched source datanode ab657d69-baf4-462d-b203-001ed1aeebb2 with target datanode c2d8b7ae-e822-4937-b5a3-d5d6686b15f8 for container move.
2023-09-12 21:13:59,085 [main] INFO  balancer.ContainerBalancerTask (ContainerBalancerTask.java:processMoveSelection(569)) - ContainerBalancer is trying to move container #55 with size 2147483648B from source datanode ab657d69-baf4-462d-b203-001ed1aeebb2 to target datanode c2d8b7ae-e822-4937-b5a3-d5d6686b15f8
2023-09-12 21:13:59,085 [main] DEBUG balancer.ContainerBalancerTask (ContainerBalancerTask.java:lambda$moveContainer$3(837)) - Container move completed for container #55 from source ab657d69-baf4-462d-b203-001ed1aeebb2 to target c2d8b7ae-e822-4937-b5a3-d5d6686b15f8
2023-09-12 21:13:59,088 [main] DEBUG balancer.ContainerBalancerTask (ContainerBalancerTask.java:matchSourceWithTarget(701)) - ContainerBalancer could not find any candidate containers for datanode 40446f8f-77fc-4620-ab46-0b2721e577a8
2023-09-12 21:13:59,091 [main] DEBUG balancer.ContainerBalancerTask (ContainerBalancerTask.java:matchSourceWithTarget(708)) - ContainerBalancer is finding suitable target for source datanode 168b6c3d-0405-4a16-ad27-404d7b29f3f1
2023-09-12 21:13:59,091 [main] INFO  balancer.ContainerBalancerTask (ContainerBalancerTask.java:matchSourceWithTarget(722)) - ContainerBalancer matched source datanode 168b6c3d-0405-4a16-ad27-404d7b29f3f1 with target datanode 1dd82fce-3088-452a-b26b-507420f08bac for container move.
2023-09-12 21:13:59,091 [main] INFO  balancer.ContainerBalancerTask (ContainerBalancerTask.java:processMoveSelection(569)) - ContainerBalancer is trying to move container #38 with size 3221225472B from source datanode 168b6c3d-0405-4a16-ad27-404d7b29f3f1 to target datanode 1dd82fce-3088-452a-b26b-507420f08bac
2023-09-12 21:13:59,091 [main] DEBUG balancer.ContainerBalancerTask (ContainerBalancerTask.java:lambda$moveContainer$3(837)) - Container move completed for container #38 from source 168b6c3d-0405-4a16-ad27-404d7b29f3f1 to target 1dd82fce-3088-452a-b26b-507420f08bac
2023-09-12 21:13:59,097 [main] DEBUG balancer.ContainerBalancerTask (ContainerBalancerTask.java:matchSourceWithTarget(708)) - ContainerBalancer is finding suitable target for source datanode dff17d08-b517-47f8-96cb-47bf069e37f1
2023-09-12 21:13:59,097 [main] INFO  balancer.ContainerBalancerTask (ContainerBalancerTask.java:matchSourceWithTarget(722)) - ContainerBalancer matched source datanode dff17d08-b517-47f8-96cb-47bf069e37f1 with target datanode 1dd82fce-3088-452a-b26b-507420f08bac for container move.
2023-09-12 21:13:59,097 [main] INFO  balancer.ContainerBalancerTask (ContainerBalancerTask.java:processMoveSelection(569)) - ContainerBalancer is trying to move container #11 with size 3221225472B from source datanode dff17d08-b517-47f8-96cb-47bf069e37f1 to target datanode 1dd82fce-3088-452a-b26b-507420f08bac
2023-09-12 21:13:59,098 [main] DEBUG balancer.ContainerBalancerTask (ContainerBalancerTask.java:lambda$moveContainer$3(837)) - Container move completed for container #11 from source dff17d08-b517-47f8-96cb-47bf069e37f1 to target 1dd82fce-3088-452a-b26b-507420f08bac
2023-09-12 21:13:59,100 [main] DEBUG balancer.ContainerBalancerTask (ContainerBalancerTask.java:matchSourceWithTarget(708)) - ContainerBalancer is finding suitable target for source datanode fe18983f-20f3-4f12-b5b7-18ec3c6d05c6
2023-09-12 21:13:59,100 [main] INFO  balancer.ContainerBalancerTask (ContainerBalancerTask.java:matchSourceWithTarget(722)) - ContainerBalancer matched source datanode fe18983f-20f3-4f12-b5b7-18ec3c6d05c6 with target datanode 1dd82fce-3088-452a-b26b-507420f08bac for container move.
2023-09-12 21:13:59,100 [main] INFO  balancer.ContainerBalancerTask (ContainerBalancerTask.java:processMoveSelection(569)) - ContainerBalancer is trying to move container #69 with size 1073741824B from source datanode fe18983f-20f3-4f12-b5b7-18ec3c6d05c6 to target datanode 1dd82fce-3088-452a-b26b-507420f08bac
2023-09-12 21:13:59,100 [main] DEBUG balancer.ContainerBalancerTask (ContainerBalancerTask.java:lambda$moveContainer$3(837)) - Container move completed for container #69 from source fe18983f-20f3-4f12-b5b7-18ec3c6d05c6 to target 1dd82fce-3088-452a-b26b-507420f08bac
2023-09-12 21:13:59,102 [main] DEBUG balancer.ContainerBalancerTask (ContainerBalancerTask.java:matchSourceWithTarget(708)) - ContainerBalancer is finding suitable target for source datanode fe18983f-20f3-4f12-b5b7-18ec3c6d05c6
2023-09-12 21:13:59,103 [main] INFO  balancer.ContainerBalancerTask (ContainerBalancerTask.java:matchSourceWithTarget(722)) - ContainerBalancer matched source datanode fe18983f-20f3-4f12-b5b7-18ec3c6d05c6 with target datanode c2d8b7ae-e822-4937-b5a3-d5d6686b15f8 for container move.
2023-09-12 21:13:59,103 [main] INFO  balancer.ContainerBalancerTask (ContainerBalancerTask.java:processMoveSelection(569)) - ContainerBalancer is trying to move container #70 with size 2147483648B from source datanode fe18983f-20f3-4f12-b5b7-18ec3c6d05c6 to target datanode c2d8b7ae-e822-4937-b5a3-d5d6686b15f8
2023-09-12 21:13:59,103 [main] DEBUG balancer.ContainerBalancerTask (ContainerBalancerTask.java:lambda$moveContainer$3(837)) - Container move completed for container #70 from source fe18983f-20f3-4f12-b5b7-18ec3c6d05c6 to target c2d8b7ae-e822-4937-b5a3-d5d6686b15f8
2023-09-12 21:13:59,104 [main] DEBUG balancer.ContainerBalancerTask (ContainerBalancerTask.java:matchSourceWithTarget(708)) - ContainerBalancer is finding suitable target for source datanode ab657d69-baf4-462d-b203-001ed1aeebb2
2023-09-12 21:13:59,104 [main] INFO  balancer.ContainerBalancerTask (ContainerBalancerTask.java:matchSourceWithTarget(722)) - ContainerBalancer matched source datanode ab657d69-baf4-462d-b203-001ed1aeebb2 with target datanode 1dd82fce-3088-452a-b26b-507420f08bac for container move.
2023-09-12 21:13:59,104 [main] INFO  balancer.ContainerBalancerTask (ContainerBalancerTask.java:processMoveSelection(569)) - ContainerBalancer is trying to move container #17 with size 2147483648B from source datanode ab657d69-baf4-462d-b203-001ed1aeebb2 to target datanode 1dd82fce-3088-452a-b26b-507420f08bac
2023-09-12 21:13:59,104 [main] DEBUG balancer.ContainerBalancerTask (ContainerBalancerTask.java:lambda$moveContainer$3(837)) - Container move completed for container #17 from source ab657d69-baf4-462d-b203-001ed1aeebb2 to target 1dd82fce-3088-452a-b26b-507420f08bac
2023-09-12 21:13:59,108 [main] DEBUG balancer.ContainerBalancerTask (ContainerBalancerTask.java:matchSourceWithTarget(708)) - ContainerBalancer is finding suitable target for source datanode dff17d08-b517-47f8-96cb-47bf069e37f1
2023-09-12 21:13:59,108 [main] INFO  balancer.ContainerBalancerTask (ContainerBalancerTask.java:matchSourceWithTarget(722)) - ContainerBalancer matched source datanode dff17d08-b517-47f8-96cb-47bf069e37f1 with target datanode 1dd82fce-3088-452a-b26b-507420f08bac for container move.
2023-09-12 21:13:59,108 [main] INFO  balancer.ContainerBalancerTask (ContainerBalancerTask.java:processMoveSelection(569)) - ContainerBalancer is trying to move container #82 with size 2147483648B from source datanode dff17d08-b517-47f8-96cb-47bf069e37f1 to target datanode 1dd82fce-3088-452a-b26b-507420f08bac
2023-09-12 21:13:59,108 [main] DEBUG balancer.ContainerBalancerTask (ContainerBalancerTask.java:lambda$moveContainer$3(837)) - Container move completed for container #82 from source dff17d08-b517-47f8-96cb-47bf069e37f1 to target 1dd82fce-3088-452a-b26b-507420f08bac
2023-09-12 21:13:59,111 [main] DEBUG balancer.ContainerBalancerTask (ContainerBalancerTask.java:matchSourceWithTarget(708)) - ContainerBalancer is finding suitable target for source datanode 168b6c3d-0405-4a16-ad27-404d7b29f3f1
2023-09-12 21:13:59,111 [main] INFO  balancer.ContainerBalancerTask (ContainerBalancerTask.java:matchSourceWithTarget(722)) - ContainerBalancer matched source datanode 168b6c3d-0405-4a16-ad27-404d7b29f3f1 with target datanode 1dd82fce-3088-452a-b26b-507420f08bac for container move.
2023-09-12 21:13:59,111 [main] INFO  balancer.ContainerBalancerTask (ContainerBalancerTask.java:processMoveSelection(569)) - ContainerBalancer is trying to move container #26 with size 2147483648B from source datanode 168b6c3d-0405-4a16-ad27-404d7b29f3f1 to target datanode 1dd82fce-3088-452a-b26b-507420f08bac
2023-09-12 21:13:59,112 [main] DEBUG balancer.ContainerBalancerTask (ContainerBalancerTask.java:lambda$moveContainer$3(837)) - Container move completed for container #26 from source 168b6c3d-0405-4a16-ad27-404d7b29f3f1 to target 1dd82fce-3088-452a-b26b-507420f08bac
2023-09-12 21:13:59,115 [main] DEBUG balancer.ContainerBalancerTask (ContainerBalancerTask.java:matchSourceWithTarget(708)) - ContainerBalancer is finding suitable target for source datanode dff17d08-b517-47f8-96cb-47bf069e37f1
2023-09-12 21:13:59,115 [main] INFO  balancer.ContainerBalancerTask (ContainerBalancerTask.java:matchSourceWithTarget(722)) - ContainerBalancer matched source datanode dff17d08-b517-47f8-96cb-47bf069e37f1 with target datanode 1dd82fce-3088-452a-b26b-507420f08bac for container move.
2023-09-12 21:13:59,115 [main] INFO  balancer.ContainerBalancerTask (ContainerBalancerTask.java:processMoveSelection(569)) - ContainerBalancer is trying to move container #81 with size 1073741824B from source datanode dff17d08-b517-47f8-96cb-47bf069e37f1 to target datanode 1dd82fce-3088-452a-b26b-507420f08bac
2023-09-12 21:13:59,115 [main] DEBUG balancer.ContainerBalancerTask (ContainerBalancerTask.java:lambda$moveContainer$3(837)) - Container move completed for container #81 from source dff17d08-b517-47f8-96cb-47bf069e37f1 to target 1dd82fce-3088-452a-b26b-507420f08bac
2023-09-12 21:13:59,118 [main] DEBUG balancer.ContainerBalancerTask (ContainerBalancerTask.java:matchSourceWithTarget(708)) - ContainerBalancer is finding suitable target for source datanode 168b6c3d-0405-4a16-ad27-404d7b29f3f1
2023-09-12 21:13:59,118 [main] INFO  balancer.ContainerBalancerTask (ContainerBalancerTask.java:matchSourceWithTarget(722)) - ContainerBalancer matched source datanode 168b6c3d-0405-4a16-ad27-404d7b29f3f1 with target datanode 1dd82fce-3088-452a-b26b-507420f08bac for container move.
2023-09-12 21:13:59,118 [main] INFO  balancer.ContainerBalancerTask (ContainerBalancerTask.java:processMoveSelection(569)) - ContainerBalancer is trying to move container #49 with size 1073741824B from source datanode 168b6c3d-0405-4a16-ad27-404d7b29f3f1 to target datanode 1dd82fce-3088-452a-b26b-507420f08bac
2023-09-12 21:13:59,118 [main] DEBUG balancer.ContainerBalancerTask (ContainerBalancerTask.java:lambda$moveContainer$3(837)) - Container move completed for container #49 from source 168b6c3d-0405-4a16-ad27-404d7b29f3f1 to target 1dd82fce-3088-452a-b26b-507420f08bac
2023-09-12 21:13:59,121 [main] DEBUG balancer.ContainerBalancerTask (ContainerBalancerTask.java:matchSourceWithTarget(708)) - ContainerBalancer is finding suitable target for source datanode dff17d08-b517-47f8-96cb-47bf069e37f1
2023-09-12 21:13:59,122 [main] INFO  balancer.ContainerBalancerTask (ContainerBalancerTask.java:matchSourceWithTarget(722)) - ContainerBalancer matched source datanode dff17d08-b517-47f8-96cb-47bf069e37f1 with target datanode c2d8b7ae-e822-4937-b5a3-d5d6686b15f8 for container move.
2023-09-12 21:13:59,122 [main] INFO  balancer.ContainerBalancerTask (ContainerBalancerTask.java:processMoveSelection(569)) - ContainerBalancer is trying to move container #41 with size 1073741824B from source datanode dff17d08-b517-47f8-96cb-47bf069e37f1 to target datanode c2d8b7ae-e822-4937-b5a3-d5d6686b15f8
2023-09-12 21:13:59,125 [main] DEBUG balancer.ContainerBalancerTask (ContainerBalancerTask.java:lambda$moveContainer$3(837)) - Container move completed for container #41 from source dff17d08-b517-47f8-96cb-47bf069e37f1 to target c2d8b7ae-e822-4937-b5a3-d5d6686b15f8
2023-09-12 21:13:59,127 [main] DEBUG balancer.ContainerBalancerTask (ContainerBalancerTask.java:matchSourceWithTarget(708)) - ContainerBalancer is finding suitable target for source datanode fe18983f-20f3-4f12-b5b7-18ec3c6d05c6
2023-09-12 21:13:59,127 [main] INFO  balancer.ContainerBalancerTask (ContainerBalancerTask.java:matchSourceWithTarget(722)) - ContainerBalancer matched source datanode fe18983f-20f3-4f12-b5b7-18ec3c6d05c6 with target datanode 1dd82fce-3088-452a-b26b-507420f08bac for container move.
2023-09-12 21:13:59,128 [main] INFO  balancer.ContainerBalancerTask (ContainerBalancerTask.java:processMoveSelection(569)) - ContainerBalancer is trying to move container #54 with size 1073741824B from source datanode fe18983f-20f3-4f12-b5b7-18ec3c6d05c6 to target datanode 1dd82fce-3088-452a-b26b-507420f08bac
2023-09-12 21:13:59,128 [main] DEBUG balancer.ContainerBalancerTask (ContainerBalancerTask.java:lambda$moveContainer$3(837)) - Container move completed for container #54 from source fe18983f-20f3-4f12-b5b7-18ec3c6d05c6 to target 1dd82fce-3088-452a-b26b-507420f08bac
2023-09-12 21:13:59,131 [main] DEBUG balancer.ContainerBalancerTask (ContainerBalancerTask.java:matchSourceWithTarget(708)) - ContainerBalancer is finding suitable target for source datanode dff17d08-b517-47f8-96cb-47bf069e37f1
2023-09-12 21:13:59,131 [main] INFO  balancer.ContainerBalancerTask (ContainerBalancerTask.java:matchSourceWithTarget(722)) - ContainerBalancer matched source datanode dff17d08-b517-47f8-96cb-47bf069e37f1 with target datanode 1dd82fce-3088-452a-b26b-507420f08bac for container move.
2023-09-12 21:13:59,131 [main] INFO  balancer.ContainerBalancerTask (ContainerBalancerTask.java:processMoveSelection(569)) - ContainerBalancer is trying to move container #36 with size 1073741824B from source datanode dff17d08-b517-47f8-96cb-47bf069e37f1 to target datanode 1dd82fce-3088-452a-b26b-507420f08bac
2023-09-12 21:13:59,131 [main] DEBUG balancer.ContainerBalancerTask (ContainerBalancerTask.java:lambda$moveContainer$3(837)) - Container move completed for container #36 from source dff17d08-b517-47f8-96cb-47bf069e37f1 to target 1dd82fce-3088-452a-b26b-507420f08bac
2023-09-12 21:13:59,134 [main] DEBUG balancer.ContainerBalancerTask (ContainerBalancerTask.java:matchSourceWithTarget(708)) - ContainerBalancer is finding suitable target for source datanode 168b6c3d-0405-4a16-ad27-404d7b29f3f1
2023-09-12 21:13:59,134 [main] INFO  balancer.ContainerBalancerTask (ContainerBalancerTask.java:matchSourceWithTarget(722)) - ContainerBalancer matched source datanode 168b6c3d-0405-4a16-ad27-404d7b29f3f1 with target datanode 1dd82fce-3088-452a-b26b-507420f08bac for container move.
2023-09-12 21:13:59,134 [main] INFO  balancer.ContainerBalancerTask (ContainerBalancerTask.java:processMoveSelection(569)) - ContainerBalancer is trying to move container #25 with size 1073741824B from source datanode 168b6c3d-0405-4a16-ad27-404d7b29f3f1 to target datanode 1dd82fce-3088-452a-b26b-507420f08bac
2023-09-12 21:13:59,134 [main] DEBUG balancer.ContainerBalancerTask (ContainerBalancerTask.java:lambda$moveContainer$3(837)) - Container move completed for container #25 from source 168b6c3d-0405-4a16-ad27-404d7b29f3f1 to target 1dd82fce-3088-452a-b26b-507420f08bac
2023-09-12 21:13:59,138 [main] DEBUG balancer.ContainerBalancerTask (ContainerBalancerTask.java:matchSourceWithTarget(708)) - ContainerBalancer is finding suitable target for source datanode dff17d08-b517-47f8-96cb-47bf069e37f1
2023-09-12 21:13:59,138 [main] INFO  balancer.FindTargetGreedyByUsageInfo (AbstractFindTargetGreedy.java:findTargetForContainerMove(133)) - Container Balancer could not find a target for source datanode dff17d08-b517-47f8-96cb-47bf069e37f1
2023-09-12 21:13:59,139 [main] DEBUG balancer.ContainerBalancerTask (ContainerBalancerTask.java:matchSourceWithTarget(717)) - ContainerBalancer could not find a suitable target for source node dff17d08-b517-47f8-96cb-47bf069e37f1.
2023-09-12 21:13:59,140 [main] DEBUG balancer.ContainerBalancerTask (ContainerBalancerTask.java:matchSourceWithTarget(708)) - ContainerBalancer is finding suitable target for source datanode fe18983f-20f3-4f12-b5b7-18ec3c6d05c6
2023-09-12 21:13:59,141 [main] INFO  balancer.FindTargetGreedyByUsageInfo (AbstractFindTargetGreedy.java:findTargetForContainerMove(133)) - Container Balancer could not find a target for source datanode fe18983f-20f3-4f12-b5b7-18ec3c6d05c6
2023-09-12 21:13:59,141 [main] DEBUG balancer.ContainerBalancerTask (ContainerBalancerTask.java:matchSourceWithTarget(717)) - ContainerBalancer could not find a suitable target for source node fe18983f-20f3-4f12-b5b7-18ec3c6d05c6.
2023-09-12 21:13:59,143 [main] DEBUG balancer.ContainerBalancerTask (ContainerBalancerTask.java:matchSourceWithTarget(708)) - ContainerBalancer is finding suitable target for source datanode 168b6c3d-0405-4a16-ad27-404d7b29f3f1
2023-09-12 21:13:59,143 [main] INFO  balancer.FindTargetGreedyByUsageInfo (AbstractFindTargetGreedy.java:findTargetForContainerMove(133)) - Container Balancer could not find a target for source datanode 168b6c3d-0405-4a16-ad27-404d7b29f3f1
2023-09-12 21:13:59,144 [main] DEBUG balancer.ContainerBalancerTask (ContainerBalancerTask.java:matchSourceWithTarget(717)) - ContainerBalancer could not find a suitable target for source node 168b6c3d-0405-4a16-ad27-404d7b29f3f1.
2023-09-12 21:13:59,144 [main] DEBUG balancer.ContainerBalancerTask (ContainerBalancerTask.java:matchSourceWithTarget(701)) - ContainerBalancer could not find any candidate containers for datanode ab657d69-baf4-462d-b203-001ed1aeebb2
2023-09-12 21:13:59,144 [main] INFO  balancer.FindSourceGreedy (FindSourceGreedy.java:getNextCandidateSourceDataNode(126)) - no more candidate source data node
2023-09-12 21:13:59,145 [main] INFO  balancer.ContainerBalancerTask (ContainerBalancerTask.java:checkIterationMoveResults(642)) - Iteration Summary. Number of Datanodes involved: 8. Size moved: 97 GB (104152956928 Bytes). Number of Container moves completed: 35.
2023-09-12 21:13:59,145 [main] INFO  balancer.ContainerBalancerTask (ContainerBalancerTask.java:balance(259)) - Result of this iteration of Container Balancer: ITERATION_COMPLETED
2023-09-12 21:13:59,145 [main] INFO  balancer.ContainerBalancerTask (ContainerBalancerTask.java:tryStopWithSaveConfiguration(308)) - Save Configuration for stopping. Reason: Completed all iterations.
]]></system-out>
  </testcase>
  <testcase name="balancerShouldNotSelectNonClosedContainerReplicas" classname="org.apache.hadoop.hdds.scm.container.balancer.TestContainerBalancerTask" time="0.058">
    <system-out><![CDATA[2023-09-12 21:13:59,184 [main] INFO  net.NodeSchemaLoader (NodeSchemaLoader.java:loadSchemaFromFile(129)) - Loading schema from [file:/home/runner/work/ozone/ozone/hadoop-hdds/common/target/classes/network-topology-default.xml]
2023-09-12 21:13:59,184 [main] INFO  net.NodeSchemaLoader (NodeSchemaLoader.java:loadSchema(176)) - Loading network topology layer schema file
2023-09-12 21:13:59,186 [main] INFO  net.NetworkTopologyImpl (NetworkTopologyImpl.java:add(112)) - Added a new node: /default-rack/ec17d8eb-f8ae-49ec-9058-edc65a2e7d6a
2023-09-12 21:13:59,187 [main] INFO  net.NetworkTopologyImpl (NetworkTopologyImpl.java:add(112)) - Added a new node: /default-rack/8e9110fa-7019-4f37-858d-543a00f2e5c5
2023-09-12 21:13:59,187 [main] INFO  net.NetworkTopologyImpl (NetworkTopologyImpl.java:add(112)) - Added a new node: /default-rack/9adbc833-c84b-4ff1-84a9-62b7d4579a7e
2023-09-12 21:13:59,187 [main] INFO  net.NetworkTopologyImpl (NetworkTopologyImpl.java:add(112)) - Added a new node: /default-rack/cd52a48d-eef9-489b-8e41-c4f0920bec9e
2023-09-12 21:13:59,187 [main] INFO  net.NetworkTopologyImpl (NetworkTopologyImpl.java:add(112)) - Added a new node: /default-rack/7f080e6d-0d85-46e9-a85f-4a4f0852bc12
2023-09-12 21:13:59,187 [main] INFO  net.NetworkTopologyImpl (NetworkTopologyImpl.java:add(112)) - Added a new node: /default-rack/4e725141-b4aa-4f3f-9d17-e4ce3e4be268
2023-09-12 21:13:59,187 [main] INFO  net.NetworkTopologyImpl (NetworkTopologyImpl.java:add(112)) - Added a new node: /default-rack/a83c90a6-3ec9-4b7e-a2cf-d37889d333b5
2023-09-12 21:13:59,187 [main] INFO  net.NetworkTopologyImpl (NetworkTopologyImpl.java:add(112)) - Added a new node: /default-rack/3f3b79fc-82e8-43af-a680-ff2fbf00c092
2023-09-12 21:13:59,187 [main] INFO  net.NetworkTopologyImpl (NetworkTopologyImpl.java:add(112)) - Added a new node: /default-rack/cd54a500-72f2-4c27-88bb-8d04c3209b00
2023-09-12 21:13:59,188 [main] INFO  net.NetworkTopologyImpl (NetworkTopologyImpl.java:add(112)) - Added a new node: /default-rack/b6b4f494-72cf-4f56-b630-3212a6011855
2023-09-12 21:13:59,188 [main] INFO  algorithms.ContainerPlacementPolicyFactory (ContainerPlacementPolicyFactory.java:getPolicyInternal(86)) - Create container placement policy of type org.apache.hadoop.hdds.scm.container.placement.algorithms.SCMContainerPlacementRackAware
2023-09-12 21:13:59,188 [main] INFO  algorithms.ContainerPlacementPolicyFactory (ContainerPlacementPolicyFactory.java:getPolicyInternal(86)) - Create container placement policy of type org.apache.hadoop.hdds.scm.container.placement.algorithms.SCMContainerPlacementRackScatter
2023-09-12 21:13:59,192 [main] DEBUG balancer.ContainerBalancerTask (ContainerBalancerTask.java:initializeIteration(374)) - Average utilization of the cluster is 0.37656077196537086
2023-09-12 21:13:59,192 [main] DEBUG balancer.ContainerBalancerTask (ContainerBalancerTask.java:initializeIteration(386)) - Lower limit for utilization is 0.2765607719653709 and Upper limit for utilization is 0.47656077196537083
2023-09-12 21:13:59,192 [main] DEBUG balancer.ContainerBalancerTask (ContainerBalancerTask.java:initializeIteration(398)) - Utilization for node a83c90a6-3ec9-4b7e-a2cf-d37889d333b5 with capacity 69196695324B, used 62277025792B, and remaining 6919669532B is 0.9000000000057806
2023-09-12 21:13:59,192 [main] DEBUG balancer.ContainerBalancerTask (ContainerBalancerTask.java:initializeIteration(398)) - Utilization for node 3f3b79fc-82e8-43af-a680-ff2fbf00c092 with capacity 61740154880B, used 49392123904B, and remaining 12348030976B is 0.8
2023-09-12 21:13:59,192 [main] DEBUG balancer.ContainerBalancerTask (ContainerBalancerTask.java:initializeIteration(398)) - Utilization for node 4e725141-b4aa-4f3f-9d17-e4ce3e4be268 with capacity 93568930377B, used 65498251264B, and remaining 28070679113B is 0.7000000000010688
2023-09-12 21:13:59,192 [main] DEBUG balancer.ContainerBalancerTask (ContainerBalancerTask.java:initializeIteration(398)) - Utilization for node b6b4f494-72cf-4f56-b630-3212a6011855 with capacity 57266230613B, used 34359738368B, and remaining 22906492245B is 0.6000000000034924
2023-09-12 21:13:59,192 [main] DEBUG balancer.ContainerBalancerTask (ContainerBalancerTask.java:initializeIteration(398)) - Utilization for node 7f080e6d-0d85-46e9-a85f-4a4f0852bc12 with capacity 88046829568B, used 44023414784B, and remaining 44023414784B is 0.5
2023-09-12 21:13:59,192 [main] DEBUG balancer.ContainerBalancerTask (ContainerBalancerTask.java:initializeIteration(398)) - Utilization for node ec17d8eb-f8ae-49ec-9058-edc65a2e7d6a with capacity 112742891520B, used 45097156608B, and remaining 67645734912B is 0.4
2023-09-12 21:13:59,193 [main] DEBUG balancer.ContainerBalancerTask (ContainerBalancerTask.java:initializeIteration(398)) - Utilization for node 9adbc833-c84b-4ff1-84a9-62b7d4579a7e with capacity 82320206506B, used 24696061952B, and remaining 57624144554B is 0.30000000000242955
2023-09-12 21:13:59,193 [main] DEBUG balancer.ContainerBalancerTask (ContainerBalancerTask.java:initializeIteration(398)) - Utilization for node cd54a500-72f2-4c27-88bb-8d04c3209b00 with capacity 161061273600B, used 32212254720B, and remaining 128849018880B is 0.2
2023-09-12 21:13:59,193 [main] DEBUG balancer.ContainerBalancerTask (ContainerBalancerTask.java:initializeIteration(398)) - Utilization for node cd52a48d-eef9-489b-8e41-c4f0920bec9e with capacity 225485783040B, used 22548578304B, and remaining 202937204736B is 0.1
2023-09-12 21:13:59,193 [main] DEBUG balancer.ContainerBalancerTask (ContainerBalancerTask.java:initializeIteration(398)) - Utilization for node 8e9110fa-7019-4f37-858d-543a00f2e5c5 with capacity 57982058496B, used 0B, and remaining 57982058496B is 0.0
2023-09-12 21:13:59,193 [main] INFO  balancer.ContainerBalancerTask (ContainerBalancerTask.java:initializeIteration(447)) - Container Balancer has identified 5 Over-Utilized and 3 Under-Utilized Datanodes that need to be balanced.
2023-09-12 21:13:59,193 [main] DEBUG balancer.ContainerBalancerTask (ContainerBalancerTask.java:lambda$initializeIteration$1(453)) - Datanode localhost-162.59.192.189 a83c90a6-3ec9-4b7e-a2cf-d37889d333b5 is Over-Utilized.
2023-09-12 21:13:59,193 [main] DEBUG balancer.ContainerBalancerTask (ContainerBalancerTask.java:lambda$initializeIteration$1(453)) - Datanode localhost-150.223.124.202 3f3b79fc-82e8-43af-a680-ff2fbf00c092 is Over-Utilized.
2023-09-12 21:13:59,193 [main] DEBUG balancer.ContainerBalancerTask (ContainerBalancerTask.java:lambda$initializeIteration$1(453)) - Datanode localhost-169.89.22.8 4e725141-b4aa-4f3f-9d17-e4ce3e4be268 is Over-Utilized.
2023-09-12 21:13:59,193 [main] DEBUG balancer.ContainerBalancerTask (ContainerBalancerTask.java:lambda$initializeIteration$1(453)) - Datanode localhost-122.166.49.70 b6b4f494-72cf-4f56-b630-3212a6011855 is Over-Utilized.
2023-09-12 21:13:59,193 [main] DEBUG balancer.ContainerBalancerTask (ContainerBalancerTask.java:lambda$initializeIteration$1(453)) - Datanode localhost-222.173.94.120 7f080e6d-0d85-46e9-a85f-4a4f0852bc12 is Over-Utilized.
2023-09-12 21:13:59,193 [main] DEBUG balancer.ContainerBalancerTask (ContainerBalancerTask.java:lambda$initializeIteration$2(459)) - Datanode localhost-94.122.131.145 8e9110fa-7019-4f37-858d-543a00f2e5c5 is Under-Utilized.
2023-09-12 21:13:59,194 [main] DEBUG balancer.ContainerBalancerTask (ContainerBalancerTask.java:lambda$initializeIteration$2(459)) - Datanode localhost-52.26.243.203 cd52a48d-eef9-489b-8e41-c4f0920bec9e is Under-Utilized.
2023-09-12 21:13:59,194 [main] DEBUG balancer.ContainerBalancerTask (ContainerBalancerTask.java:lambda$initializeIteration$2(459)) - Datanode localhost-109.187.11.17 cd54a500-72f2-4c27-88bb-8d04c3209b00 is Under-Utilized.
2023-09-12 21:13:59,197 [main] DEBUG balancer.ContainerBalancerTask (ContainerBalancerTask.java:matchSourceWithTarget(701)) - ContainerBalancer could not find any candidate containers for datanode a83c90a6-3ec9-4b7e-a2cf-d37889d333b5
2023-09-12 21:13:59,199 [main] DEBUG balancer.ContainerBalancerTask (ContainerBalancerTask.java:matchSourceWithTarget(701)) - ContainerBalancer could not find any candidate containers for datanode 3f3b79fc-82e8-43af-a680-ff2fbf00c092
2023-09-12 21:13:59,203 [main] DEBUG balancer.ContainerBalancerTask (ContainerBalancerTask.java:matchSourceWithTarget(701)) - ContainerBalancer could not find any candidate containers for datanode 4e725141-b4aa-4f3f-9d17-e4ce3e4be268
2023-09-12 21:13:59,204 [main] DEBUG balancer.ContainerBalancerTask (ContainerBalancerTask.java:matchSourceWithTarget(701)) - ContainerBalancer could not find any candidate containers for datanode b6b4f494-72cf-4f56-b630-3212a6011855
2023-09-12 21:13:59,206 [main] DEBUG balancer.ContainerBalancerTask (ContainerBalancerTask.java:matchSourceWithTarget(701)) - ContainerBalancer could not find any candidate containers for datanode 7f080e6d-0d85-46e9-a85f-4a4f0852bc12
2023-09-12 21:13:59,206 [main] INFO  balancer.FindSourceGreedy (FindSourceGreedy.java:getNextCandidateSourceDataNode(126)) - no more candidate source data node
2023-09-12 21:13:59,206 [main] INFO  balancer.ContainerBalancerTask (ContainerBalancerTask.java:balance(259)) - Result of this iteration of Container Balancer: CAN_NOT_BALANCE_ANY_MORE
2023-09-12 21:13:59,206 [main] INFO  balancer.ContainerBalancerTask (ContainerBalancerTask.java:tryStopWithSaveConfiguration(308)) - Save Configuration for stopping. Reason: CAN_NOT_BALANCE_ANY_MORE
]]></system-out>
  </testcase>
  <testcase name="testDelayedStart" classname="org.apache.hadoop.hdds.scm.container.balancer.TestContainerBalancerTask" time="0.09">
    <error type="java.util.concurrent.TimeoutException"><![CDATA[java.util.concurrent.TimeoutException: 
Timed out waiting for condition. Thread diagnostics:
Timestamp: 2023-09-12 09:13:59,286

"Finalizer" daemon prio=8 tid=3 runnable
java.lang.Thread.State: RUNNABLE
        at java.io.FileInputStream.close(FileInputStream.java:324)
        at java.io.FileInputStream.finalize(FileInputStream.java:405)
        at java.lang.System$2.invokeFinalize(System.java:1285)
        at java.lang.ref.Finalizer.runFinalizer(Finalizer.java:102)
        at java.lang.ref.Finalizer.access$100(Finalizer.java:34)
        at java.lang.ref.Finalizer$FinalizerThread.run(Finalizer.java:189)
"Thread-17"  prio=5 tid=28 timed_waiting
java.lang.Thread.State: TIMED_WAITING
        at java.lang.Thread.sleep(Native Method)
        at org.apache.hadoop.hdds.scm.container.balancer.TestContainerBalancerTask.lambda$genCompletableFuture$15(TestContainerBalancerTask.java:1332)
        at org.apache.hadoop.hdds.scm.container.balancer.TestContainerBalancerTask$$Lambda$435/322033405.get(Unknown Source)
        at java.util.concurrent.CompletableFuture$AsyncSupply.run(CompletableFuture.java:1604)
        at java.lang.Thread.run(Thread.java:750)
"Thread-7"  prio=5 tid=18 timed_waiting
java.lang.Thread.State: TIMED_WAITING
        at java.lang.Thread.sleep(Native Method)
        at org.apache.hadoop.hdds.scm.container.balancer.TestContainerBalancerTask.lambda$genCompletableFuture$15(TestContainerBalancerTask.java:1332)
        at org.apache.hadoop.hdds.scm.container.balancer.TestContainerBalancerTask$$Lambda$435/322033405.get(Unknown Source)
        at java.util.concurrent.CompletableFuture$AsyncSupply.run(CompletableFuture.java:1604)
        at java.lang.Thread.run(Thread.java:750)
"surefire-forkedjvm-command-thread" daemon prio=5 tid=10 runnable
java.lang.Thread.State: RUNNABLE
        at java.io.FileInputStream.readBytes(Native Method)
        at java.io.FileInputStream.read(FileInputStream.java:255)
        at java.io.BufferedInputStream.read1(BufferedInputStream.java:284)
        at java.io.BufferedInputStream.read(BufferedInputStream.java:345)
        at java.io.BufferedInputStream.fill(BufferedInputStream.java:246)
        at java.io.BufferedInputStream.read1(BufferedInputStream.java:286)
        at java.io.BufferedInputStream.read(BufferedInputStream.java:345)
        at org.apache.maven.surefire.api.util.internal.Channels$3.readImpl(Channels.java:214)
        at org.apache.maven.surefire.api.util.internal.AbstractNoninterruptibleReadableChannel.read(AbstractNoninterruptibleReadableChannel.java:54)
        at org.apache.maven.surefire.booter.spi.LegacyMasterProcessChannelDecoder.decode(LegacyMasterProcessChannelDecoder.java:80)
        at org.apache.maven.surefire.booter.CommandReader$CommandRunnable.run(CommandReader.java:343)
        at java.lang.Thread.run(Thread.java:750)
"Thread-19"  prio=5 tid=30 timed_waiting
java.lang.Thread.State: TIMED_WAITING
        at java.lang.Thread.sleep(Native Method)
        at org.apache.hadoop.hdds.scm.container.balancer.TestContainerBalancerTask.lambda$genCompletableFuture$15(TestContainerBalancerTask.java:1332)
        at org.apache.hadoop.hdds.scm.container.balancer.TestContainerBalancerTask$$Lambda$435/322033405.get(Unknown Source)
        at java.util.concurrent.CompletableFuture$AsyncSupply.run(CompletableFuture.java:1604)
        at java.lang.Thread.run(Thread.java:750)
"Thread-12"  prio=5 tid=23 timed_waiting
java.lang.Thread.State: TIMED_WAITING
        at java.lang.Thread.sleep(Native Method)
        at org.apache.hadoop.hdds.scm.container.balancer.TestContainerBalancerTask.lambda$genCompletableFuture$15(TestContainerBalancerTask.java:1332)
        at org.apache.hadoop.hdds.scm.container.balancer.TestContainerBalancerTask$$Lambda$435/322033405.get(Unknown Source)
        at java.util.concurrent.CompletableFuture$AsyncSupply.run(CompletableFuture.java:1604)
        at java.lang.Thread.run(Thread.java:750)
"Reference Handler" daemon prio=10 tid=2 in Object.wait()
java.lang.Thread.State: WAITING (on object monitor)
        at java.lang.Object.wait(Native Method)
        at java.lang.Object.wait(Object.java:502)
        at java.lang.ref.Reference.tryHandlePending(Reference.java:191)
        at java.lang.ref.Reference$ReferenceHandler.run(Reference.java:153)
"Thread-6"  prio=5 tid=17 timed_waiting
java.lang.Thread.State: TIMED_WAITING
        at java.lang.Thread.sleep(Native Method)
        at org.apache.hadoop.hdds.scm.container.balancer.TestContainerBalancerTask.lambda$genCompletableFuture$15(TestContainerBalancerTask.java:1332)
        at org.apache.hadoop.hdds.scm.container.balancer.TestContainerBalancerTask$$Lambda$435/322033405.get(Unknown Source)
        at java.util.concurrent.CompletableFuture$AsyncSupply.run(CompletableFuture.java:1604)
        at java.lang.Thread.run(Thread.java:750)
"Thread-9"  prio=5 tid=20 timed_waiting
java.lang.Thread.State: TIMED_WAITING
        at java.lang.Thread.sleep(Native Method)
        at org.apache.hadoop.hdds.scm.container.balancer.TestContainerBalancerTask.lambda$genCompletableFuture$15(TestContainerBalancerTask.java:1332)
        at org.apache.hadoop.hdds.scm.container.balancer.TestContainerBalancerTask$$Lambda$435/322033405.get(Unknown Source)
        at java.util.concurrent.CompletableFuture$AsyncSupply.run(CompletableFuture.java:1604)
        at java.lang.Thread.run(Thread.java:750)
"process reaper" daemon prio=10 tid=13 timed_waiting
java.lang.Thread.State: TIMED_WAITING
        at sun.misc.Unsafe.park(Native Method)
        at java.util.concurrent.locks.LockSupport.parkNanos(LockSupport.java:215)
        at java.util.concurrent.SynchronousQueue$TransferStack.awaitFulfill(SynchronousQueue.java:460)
        at java.util.concurrent.SynchronousQueue$TransferStack.transfer(SynchronousQueue.java:362)
        at java.util.concurrent.SynchronousQueue.poll(SynchronousQueue.java:941)
        at java.util.concurrent.ThreadPoolExecutor.getTask(ThreadPoolExecutor.java:1073)
        at java.util.concurrent.ThreadPoolExecutor.runWorker(ThreadPoolExecutor.java:1134)
        at java.util.concurrent.ThreadPoolExecutor$Worker.run(ThreadPoolExecutor.java:624)
        at java.lang.Thread.run(Thread.java:750)
"Signal Dispatcher" daemon prio=9 tid=4 runnable
java.lang.Thread.State: RUNNABLE
"Thread-15"  prio=5 tid=26 timed_waiting
java.lang.Thread.State: TIMED_WAITING
        at java.lang.Thread.sleep(Native Method)
        at org.apache.hadoop.hdds.scm.container.balancer.TestContainerBalancerTask.lambda$genCompletableFuture$15(TestContainerBalancerTask.java:1332)
        at org.apache.hadoop.hdds.scm.container.balancer.TestContainerBalancerTask$$Lambda$435/322033405.get(Unknown Source)
        at java.util.concurrent.CompletableFuture$AsyncSupply.run(CompletableFuture.java:1604)
        at java.lang.Thread.run(Thread.java:750)
"Thread-14"  prio=5 tid=25 timed_waiting
java.lang.Thread.State: TIMED_WAITING
        at java.lang.Thread.sleep(Native Method)
        at org.apache.hadoop.hdds.scm.container.balancer.TestContainerBalancerTask.lambda$genCompletableFuture$15(TestContainerBalancerTask.java:1332)
        at org.apache.hadoop.hdds.scm.container.balancer.TestContainerBalancerTask$$Lambda$435/322033405.get(Unknown Source)
        at java.util.concurrent.CompletableFuture$AsyncSupply.run(CompletableFuture.java:1604)
        at java.lang.Thread.run(Thread.java:750)
"Thread-16"  prio=5 tid=27 timed_waiting
java.lang.Thread.State: TIMED_WAITING
        at java.lang.Thread.sleep(Native Method)
        at org.apache.hadoop.hdds.scm.container.balancer.TestContainerBalancerTask.lambda$genCompletableFuture$15(TestContainerBalancerTask.java:1332)
        at org.apache.hadoop.hdds.scm.container.balancer.TestContainerBalancerTask$$Lambda$435/322033405.get(Unknown Source)
        at java.util.concurrent.CompletableFuture$AsyncSupply.run(CompletableFuture.java:1604)
        at java.lang.Thread.run(Thread.java:750)
"Thread-11"  prio=5 tid=22 timed_waiting
java.lang.Thread.State: TIMED_WAITING
        at java.lang.Thread.sleep(Native Method)
        at org.apache.hadoop.hdds.scm.container.balancer.TestContainerBalancerTask.lambda$genCompletableFuture$15(TestContainerBalancerTask.java:1332)
        at org.apache.hadoop.hdds.scm.container.balancer.TestContainerBalancerTask$$Lambda$435/322033405.get(Unknown Source)
        at java.util.concurrent.CompletableFuture$AsyncSupply.run(CompletableFuture.java:1604)
        at java.lang.Thread.run(Thread.java:750)
"Thread-23"  prio=5 tid=34 timed_waiting
java.lang.Thread.State: TIMED_WAITING
        at java.lang.Thread.sleep(Native Method)
        at org.apache.hadoop.hdds.scm.container.balancer.TestContainerBalancerTask.lambda$genCompletableFuture$15(TestContainerBalancerTask.java:1332)
        at org.apache.hadoop.hdds.scm.container.balancer.TestContainerBalancerTask$$Lambda$435/322033405.get(Unknown Source)
        at java.util.concurrent.CompletableFuture$AsyncSupply.run(CompletableFuture.java:1604)
        at java.lang.Thread.run(Thread.java:750)
"Attach Listener" daemon prio=9 tid=12 runnable
java.lang.Thread.State: RUNNABLE
"Thread-20"  prio=5 tid=31 timed_waiting
java.lang.Thread.State: TIMED_WAITING
        at java.lang.Thread.sleep(Native Method)
        at org.apache.hadoop.hdds.scm.container.balancer.TestContainerBalancerTask.lambda$genCompletableFuture$15(TestContainerBalancerTask.java:1332)
        at org.apache.hadoop.hdds.scm.container.balancer.TestContainerBalancerTask$$Lambda$435/322033405.get(Unknown Source)
        at java.util.concurrent.CompletableFuture$AsyncSupply.run(CompletableFuture.java:1604)
        at java.lang.Thread.run(Thread.java:750)
"Thread-18"  prio=5 tid=29 timed_waiting
java.lang.Thread.State: TIMED_WAITING
        at java.lang.Thread.sleep(Native Method)
        at org.apache.hadoop.hdds.scm.container.balancer.TestContainerBalancerTask.lambda$genCompletableFuture$15(TestContainerBalancerTask.java:1332)
        at org.apache.hadoop.hdds.scm.container.balancer.TestContainerBalancerTask$$Lambda$435/322033405.get(Unknown Source)
        at java.util.concurrent.CompletableFuture$AsyncSupply.run(CompletableFuture.java:1604)
        at java.lang.Thread.run(Thread.java:750)
"Thread-21"  prio=5 tid=32 timed_waiting
java.lang.Thread.State: TIMED_WAITING
        at java.lang.Thread.sleep(Native Method)
        at org.apache.hadoop.hdds.scm.container.balancer.TestContainerBalancerTask.lambda$genCompletableFuture$15(TestContainerBalancerTask.java:1332)
        at org.apache.hadoop.hdds.scm.container.balancer.TestContainerBalancerTask$$Lambda$435/322033405.get(Unknown Source)
        at java.util.concurrent.CompletableFuture$AsyncSupply.run(CompletableFuture.java:1604)
        at java.lang.Thread.run(Thread.java:750)
"Thread-24"  prio=5 tid=35 timed_waiting
java.lang.Thread.State: TIMED_WAITING
        at java.lang.Thread.sleep(Native Method)
        at org.apache.hadoop.hdds.scm.container.balancer.ContainerBalancerTask.run(ContainerBalancerTask.java:177)
        at java.lang.Thread.run(Thread.java:750)
"Thread-8"  prio=5 tid=19 timed_waiting
java.lang.Thread.State: TIMED_WAITING
        at java.lang.Thread.sleep(Native Method)
        at org.apache.hadoop.hdds.scm.container.balancer.TestContainerBalancerTask.lambda$genCompletableFuture$15(TestContainerBalancerTask.java:1332)
        at org.apache.hadoop.hdds.scm.container.balancer.TestContainerBalancerTask$$Lambda$435/322033405.get(Unknown Source)
        at java.util.concurrent.CompletableFuture$AsyncSupply.run(CompletableFuture.java:1604)
        at java.lang.Thread.run(Thread.java:750)
"Thread-13"  prio=5 tid=24 timed_waiting
java.lang.Thread.State: TIMED_WAITING
        at java.lang.Thread.sleep(Native Method)
        at org.apache.hadoop.hdds.scm.container.balancer.TestContainerBalancerTask.lambda$genCompletableFuture$15(TestContainerBalancerTask.java:1332)
        at org.apache.hadoop.hdds.scm.container.balancer.TestContainerBalancerTask$$Lambda$435/322033405.get(Unknown Source)
        at java.util.concurrent.CompletableFuture$AsyncSupply.run(CompletableFuture.java:1604)
        at java.lang.Thread.run(Thread.java:750)
"main"  prio=5 tid=1 runnable
java.lang.Thread.State: RUNNABLE
        at java.lang.Thread.dumpThreads(Native Method)
        at java.lang.Thread.getAllStackTraces(Thread.java:1615)
        at org.apache.ozone.test.TimedOutTestsListener.buildThreadDump(TimedOutTestsListener.java:93)
        at org.apache.ozone.test.TimedOutTestsListener.buildThreadDiagnosticString(TimedOutTestsListener.java:79)
        at org.apache.ozone.test.GenericTestUtils.waitFor(GenericTestUtils.java:231)
        at org.apache.hadoop.hdds.scm.container.balancer.TestContainerBalancerTask.testDelayedStart(TestContainerBalancerTask.java:1078)
        at sun.reflect.NativeMethodAccessorImpl.invoke0(Native Method)
        at sun.reflect.NativeMethodAccessorImpl.invoke(NativeMethodAccessorImpl.java:62)
        at sun.reflect.DelegatingMethodAccessorImpl.invoke(DelegatingMethodAccessorImpl.java:43)
        at java.lang.reflect.Method.invoke(Method.java:498)
        at org.junit.platform.commons.util.ReflectionUtils.invokeMethod(ReflectionUtils.java:725)
        at org.junit.jupiter.engine.execution.MethodInvocation.proceed(MethodInvocation.java:60)
        at org.junit.jupiter.engine.execution.InvocationInterceptorChain$ValidatingInvocation.proceed(InvocationInterceptorChain.java:131)
        at org.junit.jupiter.engine.extension.TimeoutExtension.intercept(TimeoutExtension.java:149)
        at org.junit.jupiter.engine.extension.TimeoutExtension.interceptTestableMethod(TimeoutExtension.java:140)
        at org.junit.jupiter.engine.extension.TimeoutExtension.interceptTestMethod(TimeoutExtension.java:84)
        at org.junit.jupiter.engine.descriptor.TestMethodTestDescriptor$$Lambda$158/1987169128.apply(Unknown Source)
        at org.junit.jupiter.engine.execution.ExecutableInvoker$ReflectiveInterceptorCall.lambda$ofVoidMethod$0(ExecutableInvoker.java:115)
        at org.junit.jupiter.engine.execution.ExecutableInvoker$ReflectiveInterceptorCall$$Lambda$159/980138431.apply(Unknown Source)
        at org.junit.jupiter.engine.execution.ExecutableInvoker.lambda$invoke$0(ExecutableInvoker.java:105)
        at org.junit.jupiter.engine.execution.ExecutableInvoker$$Lambda$317/712410791.apply(Unknown Source)
        at org.junit.jupiter.engine.execution.InvocationInterceptorChain$InterceptedInvocation.proceed(InvocationInterceptorChain.java:106)
        at org.junit.jupiter.engine.execution.InvocationInterceptorChain.proceed(InvocationInterceptorChain.java:64)
        at org.junit.jupiter.engine.execution.InvocationInterceptorChain.chainAndInvoke(InvocationInterceptorChain.java:45)
        at org.junit.jupiter.engine.execution.InvocationInterceptorChain.invoke(InvocationInterceptorChain.java:37)
        at org.junit.jupiter.engine.execution.ExecutableInvoker.invoke(ExecutableInvoker.java:104)
        at org.junit.jupiter.engine.execution.ExecutableInvoker.invoke(ExecutableInvoker.java:98)
        at org.junit.jupiter.engine.descriptor.TestMethodTestDescriptor.lambda$invokeTestMethod$7(TestMethodTestDescriptor.java:214)
        at org.junit.jupiter.engine.descriptor.TestMethodTestDescriptor$$Lambda$379/666625907.execute(Unknown Source)
        at org.junit.platform.engine.support.hierarchical.ThrowableCollector.execute(ThrowableCollector.java:73)
        at org.junit.jupiter.engine.descriptor.TestMethodTestDescriptor.invokeTestMethod(TestMethodTestDescriptor.java:210)
        at org.junit.jupiter.engine.descriptor.TestMethodTestDescriptor.execute(TestMethodTestDescriptor.java:135)
        at org.junit.jupiter.engine.descriptor.TestMethodTestDescriptor.execute(TestMethodTestDescriptor.java:66)
        at org.junit.platform.engine.support.hierarchical.NodeTestTask.lambda$executeRecursively$6(NodeTestTask.java:151)
        at org.junit.platform.engine.support.hierarchical.NodeTestTask$$Lambda$258/1058609221.execute(Unknown Source)
        at org.junit.platform.engine.support.hierarchical.ThrowableCollector.execute(ThrowableCollector.java:73)
        at org.junit.platform.engine.support.hierarchical.NodeTestTask.lambda$executeRecursively$8(NodeTestTask.java:141)
        at org.junit.platform.engine.support.hierarchical.NodeTestTask$$Lambda$257/1000966072.invoke(Unknown Source)
        at org.junit.platform.engine.support.hierarchical.Node.around(Node.java:137)
        at org.junit.platform.engine.support.hierarchical.NodeTestTask.lambda$executeRecursively$9(NodeTestTask.java:139)
        at org.junit.platform.engine.support.hierarchical.NodeTestTask$$Lambda$256/673586830.execute(Unknown Source)
        at org.junit.platform.engine.support.hierarchical.ThrowableCollector.execute(ThrowableCollector.java:73)
        at org.junit.platform.engine.support.hierarchical.NodeTestTask.executeRecursively(NodeTestTask.java:138)
        at org.junit.platform.engine.support.hierarchical.NodeTestTask.execute(NodeTestTask.java:95)
        at org.junit.platform.engine.support.hierarchical.SameThreadHierarchicalTestExecutorService$$Lambda$262/1617838096.accept(Unknown Source)
        at java.util.ArrayList.forEach(ArrayList.java:1259)
        at org.junit.platform.engine.support.hierarchical.SameThreadHierarchicalTestExecutorService.invokeAll(SameThreadHierarchicalTestExecutorService.java:41)
        at org.junit.platform.engine.support.hierarchical.NodeTestTask.lambda$executeRecursively$6(NodeTestTask.java:155)
        at org.junit.platform.engine.support.hierarchical.NodeTestTask$$Lambda$258/1058609221.execute(Unknown Source)
        at org.junit.platform.engine.support.hierarchical.ThrowableCollector.execute(ThrowableCollector.java:73)
        at org.junit.platform.engine.support.hierarchical.NodeTestTask.lambda$executeRecursively$8(NodeTestTask.java:141)
        at org.junit.platform.engine.support.hierarchical.NodeTestTask$$Lambda$257/1000966072.invoke(Unknown Source)
        at org.junit.platform.engine.support.hierarchical.Node.around(Node.java:137)
        at org.junit.platform.engine.support.hierarchical.NodeTestTask.lambda$executeRecursively$9(NodeTestTask.java:139)
        at org.junit.platform.engine.support.hierarchical.NodeTestTask$$Lambda$256/673586830.execute(Unknown Source)
        at org.junit.platform.engine.support.hierarchical.ThrowableCollector.execute(ThrowableCollector.java:73)
        at org.junit.platform.engine.support.hierarchical.NodeTestTask.executeRecursively(NodeTestTask.java:138)
        at org.junit.platform.engine.support.hierarchical.NodeTestTask.execute(NodeTestTask.java:95)
        at org.junit.platform.engine.support.hierarchical.SameThreadHierarchicalTestExecutorService$$Lambda$262/1617838096.accept(Unknown Source)
        at java.util.ArrayList.forEach(ArrayList.java:1259)
        at org.junit.platform.engine.support.hierarchical.SameThreadHierarchicalTestExecutorService.invokeAll(SameThreadHierarchicalTestExecutorService.java:41)
        at org.junit.platform.engine.support.hierarchical.NodeTestTask.lambda$executeRecursively$6(NodeTestTask.java:155)
        at org.junit.platform.engine.support.hierarchical.NodeTestTask$$Lambda$258/1058609221.execute(Unknown Source)
        at org.junit.platform.engine.support.hierarchical.ThrowableCollector.execute(ThrowableCollector.java:73)
        at org.junit.platform.engine.support.hierarchical.NodeTestTask.lambda$executeRecursively$8(NodeTestTask.java:141)
        at org.junit.platform.engine.support.hierarchical.NodeTestTask$$Lambda$257/1000966072.invoke(Unknown Source)
        at org.junit.platform.engine.support.hierarchical.Node.around(Node.java:137)
        at org.junit.platform.engine.support.hierarchical.NodeTestTask.lambda$executeRecursively$9(NodeTestTask.java:139)
        at org.junit.platform.engine.support.hierarchical.NodeTestTask$$Lambda$256/673586830.execute(Unknown Source)
        at org.junit.platform.engine.support.hierarchical.ThrowableCollector.execute(ThrowableCollector.java:73)
        at org.junit.platform.engine.support.hierarchical.NodeTestTask.executeRecursively(NodeTestTask.java:138)
        at org.junit.platform.engine.support.hierarchical.NodeTestTask.execute(NodeTestTask.java:95)
        at org.junit.platform.engine.support.hierarchical.SameThreadHierarchicalTestExecutorService.submit(SameThreadHierarchicalTestExecutorService.java:35)
        at org.junit.platform.engine.support.hierarchical.HierarchicalTestExecutor.execute(HierarchicalTestExecutor.java:57)
        at org.junit.platform.engine.support.hierarchical.HierarchicalTestEngine.execute(HierarchicalTestEngine.java:54)
        at org.junit.platform.launcher.core.EngineExecutionOrchestrator.execute(EngineExecutionOrchestrator.java:107)
        at org.junit.platform.launcher.core.EngineExecutionOrchestrator.execute(EngineExecutionOrchestrator.java:88)
        at org.junit.platform.launcher.core.EngineExecutionOrchestrator.lambda$execute$0(EngineExecutionOrchestrator.java:54)
        at org.junit.platform.launcher.core.EngineExecutionOrchestrator$$Lambda$214/556281560.accept(Unknown Source)
        at org.junit.platform.launcher.core.EngineExecutionOrchestrator.withInterceptedStreams(EngineExecutionOrchestrator.java:67)
        at org.junit.platform.launcher.core.EngineExecutionOrchestrator.execute(EngineExecutionOrchestrator.java:52)
        at org.junit.platform.launcher.core.DefaultLauncher.execute(DefaultLauncher.java:114)
        at org.junit.platform.launcher.core.DefaultLauncher.execute(DefaultLauncher.java:86)
        at org.junit.platform.launcher.core.DefaultLauncherSession$DelegatingLauncher.execute(DefaultLauncherSession.java:86)
        at org.junit.platform.launcher.core.SessionPerRequestLauncher.execute(SessionPerRequestLauncher.java:53)
        at org.apache.maven.surefire.junitplatform.JUnitPlatformProvider.execute(JUnitPlatformProvider.java:188)
        at org.apache.maven.surefire.junitplatform.JUnitPlatformProvider.invokeAllTests(JUnitPlatformProvider.java:154)
        at org.apache.maven.surefire.junitplatform.JUnitPlatformProvider.invoke(JUnitPlatformProvider.java:124)
        at org.apache.maven.surefire.booter.ForkedBooter.runSuitesInProcess(ForkedBooter.java:428)
        at org.apache.maven.surefire.booter.ForkedBooter.execute(ForkedBooter.java:162)
        at org.apache.maven.surefire.booter.ForkedBooter.run(ForkedBooter.java:562)
        at org.apache.maven.surefire.booter.ForkedBooter.main(ForkedBooter.java:548)
"Thread-22"  prio=5 tid=33 timed_waiting
java.lang.Thread.State: TIMED_WAITING
        at java.lang.Thread.sleep(Native Method)
        at org.apache.hadoop.hdds.scm.container.balancer.TestContainerBalancerTask.lambda$genCompletableFuture$15(TestContainerBalancerTask.java:1332)
        at org.apache.hadoop.hdds.scm.container.balancer.TestContainerBalancerTask$$Lambda$435/322033405.get(Unknown Source)
        at java.util.concurrent.CompletableFuture$AsyncSupply.run(CompletableFuture.java:1604)
        at java.lang.Thread.run(Thread.java:750)
"Thread-10"  prio=5 tid=21 timed_waiting
java.lang.Thread.State: TIMED_WAITING
        at java.lang.Thread.sleep(Native Method)
        at org.apache.hadoop.hdds.scm.container.balancer.TestContainerBalancerTask.lambda$genCompletableFuture$15(TestContainerBalancerTask.java:1332)
        at org.apache.hadoop.hdds.scm.container.balancer.TestContainerBalancerTask$$Lambda$435/322033405.get(Unknown Source)
        at java.util.concurrent.CompletableFuture$AsyncSupply.run(CompletableFuture.java:1604)
        at java.lang.Thread.run(Thread.java:750)


	at org.apache.ozone.test.GenericTestUtils.waitFor(GenericTestUtils.java:231)
	at org.apache.hadoop.hdds.scm.container.balancer.TestContainerBalancerTask.testDelayedStart(TestContainerBalancerTask.java:1078)
	at sun.reflect.NativeMethodAccessorImpl.invoke0(Native Method)
	at sun.reflect.NativeMethodAccessorImpl.invoke(NativeMethodAccessorImpl.java:62)
	at sun.reflect.DelegatingMethodAccessorImpl.invoke(DelegatingMethodAccessorImpl.java:43)
	at java.lang.reflect.Method.invoke(Method.java:498)
	at org.junit.platform.commons.util.ReflectionUtils.invokeMethod(ReflectionUtils.java:725)
	at org.junit.jupiter.engine.execution.MethodInvocation.proceed(MethodInvocation.java:60)
	at org.junit.jupiter.engine.execution.InvocationInterceptorChain$ValidatingInvocation.proceed(InvocationInterceptorChain.java:131)
	at org.junit.jupiter.engine.extension.TimeoutExtension.intercept(TimeoutExtension.java:149)
	at org.junit.jupiter.engine.extension.TimeoutExtension.interceptTestableMethod(TimeoutExtension.java:140)
	at org.junit.jupiter.engine.extension.TimeoutExtension.interceptTestMethod(TimeoutExtension.java:84)
	at org.junit.jupiter.engine.execution.ExecutableInvoker$ReflectiveInterceptorCall.lambda$ofVoidMethod$0(ExecutableInvoker.java:115)
	at org.junit.jupiter.engine.execution.ExecutableInvoker.lambda$invoke$0(ExecutableInvoker.java:105)
	at org.junit.jupiter.engine.execution.InvocationInterceptorChain$InterceptedInvocation.proceed(InvocationInterceptorChain.java:106)
	at org.junit.jupiter.engine.execution.InvocationInterceptorChain.proceed(InvocationInterceptorChain.java:64)
	at org.junit.jupiter.engine.execution.InvocationInterceptorChain.chainAndInvoke(InvocationInterceptorChain.java:45)
	at org.junit.jupiter.engine.execution.InvocationInterceptorChain.invoke(InvocationInterceptorChain.java:37)
	at org.junit.jupiter.engine.execution.ExecutableInvoker.invoke(ExecutableInvoker.java:104)
	at org.junit.jupiter.engine.execution.ExecutableInvoker.invoke(ExecutableInvoker.java:98)
	at org.junit.jupiter.engine.descriptor.TestMethodTestDescriptor.lambda$invokeTestMethod$7(TestMethodTestDescriptor.java:214)
	at org.junit.platform.engine.support.hierarchical.ThrowableCollector.execute(ThrowableCollector.java:73)
	at org.junit.jupiter.engine.descriptor.TestMethodTestDescriptor.invokeTestMethod(TestMethodTestDescriptor.java:210)
	at org.junit.jupiter.engine.descriptor.TestMethodTestDescriptor.execute(TestMethodTestDescriptor.java:135)
	at org.junit.jupiter.engine.descriptor.TestMethodTestDescriptor.execute(TestMethodTestDescriptor.java:66)
	at org.junit.platform.engine.support.hierarchical.NodeTestTask.lambda$executeRecursively$6(NodeTestTask.java:151)
	at org.junit.platform.engine.support.hierarchical.ThrowableCollector.execute(ThrowableCollector.java:73)
	at org.junit.platform.engine.support.hierarchical.NodeTestTask.lambda$executeRecursively$8(NodeTestTask.java:141)
	at org.junit.platform.engine.support.hierarchical.Node.around(Node.java:137)
	at org.junit.platform.engine.support.hierarchical.NodeTestTask.lambda$executeRecursively$9(NodeTestTask.java:139)
	at org.junit.platform.engine.support.hierarchical.ThrowableCollector.execute(ThrowableCollector.java:73)
	at org.junit.platform.engine.support.hierarchical.NodeTestTask.executeRecursively(NodeTestTask.java:138)
	at org.junit.platform.engine.support.hierarchical.NodeTestTask.execute(NodeTestTask.java:95)
	at java.util.ArrayList.forEach(ArrayList.java:1259)
	at org.junit.platform.engine.support.hierarchical.SameThreadHierarchicalTestExecutorService.invokeAll(SameThreadHierarchicalTestExecutorService.java:41)
	at org.junit.platform.engine.support.hierarchical.NodeTestTask.lambda$executeRecursively$6(NodeTestTask.java:155)
	at org.junit.platform.engine.support.hierarchical.ThrowableCollector.execute(ThrowableCollector.java:73)
	at org.junit.platform.engine.support.hierarchical.NodeTestTask.lambda$executeRecursively$8(NodeTestTask.java:141)
	at org.junit.platform.engine.support.hierarchical.Node.around(Node.java:137)
	at org.junit.platform.engine.support.hierarchical.NodeTestTask.lambda$executeRecursively$9(NodeTestTask.java:139)
	at org.junit.platform.engine.support.hierarchical.ThrowableCollector.execute(ThrowableCollector.java:73)
	at org.junit.platform.engine.support.hierarchical.NodeTestTask.executeRecursively(NodeTestTask.java:138)
	at org.junit.platform.engine.support.hierarchical.NodeTestTask.execute(NodeTestTask.java:95)
	at java.util.ArrayList.forEach(ArrayList.java:1259)
	at org.junit.platform.engine.support.hierarchical.SameThreadHierarchicalTestExecutorService.invokeAll(SameThreadHierarchicalTestExecutorService.java:41)
	at org.junit.platform.engine.support.hierarchical.NodeTestTask.lambda$executeRecursively$6(NodeTestTask.java:155)
	at org.junit.platform.engine.support.hierarchical.ThrowableCollector.execute(ThrowableCollector.java:73)
	at org.junit.platform.engine.support.hierarchical.NodeTestTask.lambda$executeRecursively$8(NodeTestTask.java:141)
	at org.junit.platform.engine.support.hierarchical.Node.around(Node.java:137)
	at org.junit.platform.engine.support.hierarchical.NodeTestTask.lambda$executeRecursively$9(NodeTestTask.java:139)
	at org.junit.platform.engine.support.hierarchical.ThrowableCollector.execute(ThrowableCollector.java:73)
	at org.junit.platform.engine.support.hierarchical.NodeTestTask.executeRecursively(NodeTestTask.java:138)
	at org.junit.platform.engine.support.hierarchical.NodeTestTask.execute(NodeTestTask.java:95)
	at org.junit.platform.engine.support.hierarchical.SameThreadHierarchicalTestExecutorService.submit(SameThreadHierarchicalTestExecutorService.java:35)
	at org.junit.platform.engine.support.hierarchical.HierarchicalTestExecutor.execute(HierarchicalTestExecutor.java:57)
	at org.junit.platform.engine.support.hierarchical.HierarchicalTestEngine.execute(HierarchicalTestEngine.java:54)
	at org.junit.platform.launcher.core.EngineExecutionOrchestrator.execute(EngineExecutionOrchestrator.java:107)
	at org.junit.platform.launcher.core.EngineExecutionOrchestrator.execute(EngineExecutionOrchestrator.java:88)
	at org.junit.platform.launcher.core.EngineExecutionOrchestrator.lambda$execute$0(EngineExecutionOrchestrator.java:54)
	at org.junit.platform.launcher.core.EngineExecutionOrchestrator.withInterceptedStreams(EngineExecutionOrchestrator.java:67)
	at org.junit.platform.launcher.core.EngineExecutionOrchestrator.execute(EngineExecutionOrchestrator.java:52)
	at org.junit.platform.launcher.core.DefaultLauncher.execute(DefaultLauncher.java:114)
	at org.junit.platform.launcher.core.DefaultLauncher.execute(DefaultLauncher.java:86)
	at org.junit.platform.launcher.core.DefaultLauncherSession$DelegatingLauncher.execute(DefaultLauncherSession.java:86)
	at org.junit.platform.launcher.core.SessionPerRequestLauncher.execute(SessionPerRequestLauncher.java:53)
	at org.apache.maven.surefire.junitplatform.JUnitPlatformProvider.execute(JUnitPlatformProvider.java:188)
	at org.apache.maven.surefire.junitplatform.JUnitPlatformProvider.invokeAllTests(JUnitPlatformProvider.java:154)
	at org.apache.maven.surefire.junitplatform.JUnitPlatformProvider.invoke(JUnitPlatformProvider.java:124)
	at org.apache.maven.surefire.booter.ForkedBooter.runSuitesInProcess(ForkedBooter.java:428)
	at org.apache.maven.surefire.booter.ForkedBooter.execute(ForkedBooter.java:162)
	at org.apache.maven.surefire.booter.ForkedBooter.run(ForkedBooter.java:562)
	at org.apache.maven.surefire.booter.ForkedBooter.main(ForkedBooter.java:548)
]]></error>
    <system-out><![CDATA[2023-09-12 21:13:59,239 [main] INFO  net.NodeSchemaLoader (NodeSchemaLoader.java:loadSchemaFromFile(129)) - Loading schema from [file:/home/runner/work/ozone/ozone/hadoop-hdds/common/target/classes/network-topology-default.xml]
2023-09-12 21:13:59,239 [main] INFO  net.NodeSchemaLoader (NodeSchemaLoader.java:loadSchema(176)) - Loading network topology layer schema file
2023-09-12 21:13:59,245 [main] INFO  net.NetworkTopologyImpl (NetworkTopologyImpl.java:add(112)) - Added a new node: /default-rack/3ca854c3-2a95-4ec4-880a-b35ef8c01b6f
2023-09-12 21:13:59,246 [main] INFO  net.NetworkTopologyImpl (NetworkTopologyImpl.java:add(112)) - Added a new node: /default-rack/871aeaff-fb88-48b6-b6da-f947d19677e3
2023-09-12 21:13:59,246 [main] INFO  net.NetworkTopologyImpl (NetworkTopologyImpl.java:add(112)) - Added a new node: /default-rack/13ed7aa1-f2e7-44e5-be8e-cfe237e63327
2023-09-12 21:13:59,246 [main] INFO  net.NetworkTopologyImpl (NetworkTopologyImpl.java:add(112)) - Added a new node: /default-rack/4af710de-b81e-4fa9-b11f-8fe666aced1f
2023-09-12 21:13:59,246 [main] INFO  net.NetworkTopologyImpl (NetworkTopologyImpl.java:add(112)) - Added a new node: /default-rack/f121d8d8-6f62-4dcc-b5a5-cf40dc56c401
2023-09-12 21:13:59,247 [main] INFO  net.NetworkTopologyImpl (NetworkTopologyImpl.java:add(112)) - Added a new node: /default-rack/a6f797e0-cf13-4ef3-a5a2-6877b926d252
2023-09-12 21:13:59,247 [main] INFO  net.NetworkTopologyImpl (NetworkTopologyImpl.java:add(112)) - Added a new node: /default-rack/07f2b79b-70c8-4cef-a22b-334f064ef442
2023-09-12 21:13:59,247 [main] INFO  net.NetworkTopologyImpl (NetworkTopologyImpl.java:add(112)) - Added a new node: /default-rack/a61b7c4b-3436-4af4-a6f8-3aff6b9457c6
2023-09-12 21:13:59,247 [main] INFO  net.NetworkTopologyImpl (NetworkTopologyImpl.java:add(112)) - Added a new node: /default-rack/a8d74517-c862-4792-a424-af88bd0a8bbc
2023-09-12 21:13:59,247 [main] INFO  net.NetworkTopologyImpl (NetworkTopologyImpl.java:add(112)) - Added a new node: /default-rack/cf42b10d-7c61-4edd-97a0-c31752d2800d
2023-09-12 21:13:59,247 [main] INFO  algorithms.ContainerPlacementPolicyFactory (ContainerPlacementPolicyFactory.java:getPolicyInternal(86)) - Create container placement policy of type org.apache.hadoop.hdds.scm.container.placement.algorithms.SCMContainerPlacementRackAware
2023-09-12 21:13:59,247 [main] INFO  algorithms.ContainerPlacementPolicyFactory (ContainerPlacementPolicyFactory.java:getPolicyInternal(86)) - Create container placement policy of type org.apache.hadoop.hdds.scm.container.placement.algorithms.SCMContainerPlacementRackScatter
2023-09-12 21:13:59,284 [Thread-24] INFO  balancer.ContainerBalancerTask (ContainerBalancerTask.java:run(175)) - ContainerBalancer will sleep for 10 seconds before starting balancing.
]]></system-out>
  </testcase>
  <testcase name="checkIterationResultException" classname="org.apache.hadoop.hdds.scm.container.balancer.TestContainerBalancerTask" time="0.095">
    <system-out><![CDATA[2023-09-12 21:13:59,333 [main] INFO  net.NodeSchemaLoader (NodeSchemaLoader.java:loadSchemaFromFile(129)) - Loading schema from [file:/home/runner/work/ozone/ozone/hadoop-hdds/common/target/classes/network-topology-default.xml]
2023-09-12 21:13:59,333 [main] INFO  net.NodeSchemaLoader (NodeSchemaLoader.java:loadSchema(176)) - Loading network topology layer schema file
2023-09-12 21:13:59,335 [main] INFO  net.NetworkTopologyImpl (NetworkTopologyImpl.java:add(112)) - Added a new node: /default-rack/16630c07-1804-488f-9b8b-b48626f0fe02
2023-09-12 21:13:59,335 [main] INFO  net.NetworkTopologyImpl (NetworkTopologyImpl.java:add(112)) - Added a new node: /default-rack/ddcdc942-3ba1-4523-b63f-6bdbdcfc5414
2023-09-12 21:13:59,336 [main] INFO  net.NetworkTopologyImpl (NetworkTopologyImpl.java:add(112)) - Added a new node: /default-rack/a5e4e654-4e7b-43bb-bb54-bbfc5378d7d2
2023-09-12 21:13:59,336 [main] INFO  net.NetworkTopologyImpl (NetworkTopologyImpl.java:add(112)) - Added a new node: /default-rack/3ccbd508-a1b4-4be0-8f3c-a96b6dff91cb
2023-09-12 21:13:59,336 [main] INFO  net.NetworkTopologyImpl (NetworkTopologyImpl.java:add(112)) - Added a new node: /default-rack/897c4306-df7f-4c51-8bee-afc3cba66639
2023-09-12 21:13:59,336 [main] INFO  net.NetworkTopologyImpl (NetworkTopologyImpl.java:add(112)) - Added a new node: /default-rack/5a86c019-d694-40ba-a49b-20eda62a5786
2023-09-12 21:13:59,336 [main] INFO  net.NetworkTopologyImpl (NetworkTopologyImpl.java:add(112)) - Added a new node: /default-rack/48b2c906-1901-4828-9c57-4c6dd7dd7da7
2023-09-12 21:13:59,336 [main] INFO  net.NetworkTopologyImpl (NetworkTopologyImpl.java:add(112)) - Added a new node: /default-rack/1789e916-fe4a-4cb5-9b98-aa521b25ea12
2023-09-12 21:13:59,336 [main] INFO  net.NetworkTopologyImpl (NetworkTopologyImpl.java:add(112)) - Added a new node: /default-rack/d899dca4-e252-4199-9cec-10d31306dd42
2023-09-12 21:13:59,336 [main] INFO  net.NetworkTopologyImpl (NetworkTopologyImpl.java:add(112)) - Added a new node: /default-rack/acf716f8-20ca-42e4-96f8-05ed3313c3ba
2023-09-12 21:13:59,336 [main] INFO  algorithms.ContainerPlacementPolicyFactory (ContainerPlacementPolicyFactory.java:getPolicyInternal(86)) - Create container placement policy of type org.apache.hadoop.hdds.scm.container.placement.algorithms.SCMContainerPlacementRackAware
2023-09-12 21:13:59,337 [main] INFO  algorithms.ContainerPlacementPolicyFactory (ContainerPlacementPolicyFactory.java:getPolicyInternal(86)) - Create container placement policy of type org.apache.hadoop.hdds.scm.container.placement.algorithms.SCMContainerPlacementRackScatter
2023-09-12 21:13:59,344 [main] DEBUG balancer.ContainerBalancerTask (ContainerBalancerTask.java:initializeIteration(374)) - Average utilization of the cluster is 0.3507355565255781
2023-09-12 21:13:59,344 [main] DEBUG balancer.ContainerBalancerTask (ContainerBalancerTask.java:initializeIteration(386)) - Lower limit for utilization is 0.2507355565255781 and Upper limit for utilization is 0.45073555652557806
2023-09-12 21:13:59,344 [main] DEBUG balancer.ContainerBalancerTask (ContainerBalancerTask.java:initializeIteration(398)) - Utilization for node ddcdc942-3ba1-4523-b63f-6bdbdcfc5414 with capacity 51300998257B, used 46170898432B, and remaining 5130099825B is 0.900000000013645
2023-09-12 21:13:59,344 [main] DEBUG balancer.ContainerBalancerTask (ContainerBalancerTask.java:initializeIteration(398)) - Utilization for node acf716f8-20ca-42e4-96f8-05ed3313c3ba with capacity 56371445760B, used 45097156608B, and remaining 11274289152B is 0.8
2023-09-12 21:13:59,344 [main] DEBUG balancer.ContainerBalancerTask (ContainerBalancerTask.java:initializeIteration(398)) - Utilization for node a5e4e654-4e7b-43bb-bb54-bbfc5378d7d2 with capacity 72094093897B, used 50465865728B, and remaining 21628228169B is 0.7000000000013871
2023-09-12 21:13:59,344 [main] DEBUG balancer.ContainerBalancerTask (ContainerBalancerTask.java:initializeIteration(398)) - Utilization for node d899dca4-e252-4199-9cec-10d31306dd42 with capacity 60845370026B, used 36507222016B, and remaining 24338148010B is 0.600000000006574
2023-09-12 21:13:59,344 [main] DEBUG balancer.ContainerBalancerTask (ContainerBalancerTask.java:initializeIteration(398)) - Utilization for node 3ccbd508-a1b4-4be0-8f3c-a96b6dff91cb with capacity 118111600640B, used 59055800320B, and remaining 59055800320B is 0.5
2023-09-12 21:13:59,344 [main] DEBUG balancer.ContainerBalancerTask (ContainerBalancerTask.java:initializeIteration(398)) - Utilization for node 897c4306-df7f-4c51-8bee-afc3cba66639 with capacity 112742891520B, used 45097156608B, and remaining 67645734912B is 0.4
2023-09-12 21:13:59,345 [main] DEBUG balancer.ContainerBalancerTask (ContainerBalancerTask.java:initializeIteration(398)) - Utilization for node 5a86c019-d694-40ba-a49b-20eda62a5786 with capacity 114532461226B, used 34359738368B, and remaining 80172722858B is 0.3000000000017462
2023-09-12 21:13:59,345 [main] DEBUG balancer.ContainerBalancerTask (ContainerBalancerTask.java:initializeIteration(398)) - Utilization for node 1789e916-fe4a-4cb5-9b98-aa521b25ea12 with capacity 155692564480B, used 31138512896B, and remaining 124554051584B is 0.2
2023-09-12 21:13:59,345 [main] DEBUG balancer.ContainerBalancerTask (ContainerBalancerTask.java:initializeIteration(398)) - Utilization for node 16630c07-1804-488f-9b8b-b48626f0fe02 with capacity 289910292480B, used 28991029248B, and remaining 260919263232B is 0.1
2023-09-12 21:13:59,345 [main] DEBUG balancer.ContainerBalancerTask (ContainerBalancerTask.java:initializeIteration(398)) - Utilization for node 48b2c906-1901-4828-9c57-4c6dd7dd7da7 with capacity 42949672960B, used 0B, and remaining 42949672960B is 0.0
2023-09-12 21:13:59,345 [main] INFO  balancer.ContainerBalancerTask (ContainerBalancerTask.java:initializeIteration(447)) - Container Balancer has identified 5 Over-Utilized and 3 Under-Utilized Datanodes that need to be balanced.
2023-09-12 21:13:59,345 [main] DEBUG balancer.ContainerBalancerTask (ContainerBalancerTask.java:lambda$initializeIteration$1(453)) - Datanode localhost-8.13.101.201 ddcdc942-3ba1-4523-b63f-6bdbdcfc5414 is Over-Utilized.
2023-09-12 21:13:59,345 [main] DEBUG balancer.ContainerBalancerTask (ContainerBalancerTask.java:lambda$initializeIteration$1(453)) - Datanode localhost-77.11.95.238 acf716f8-20ca-42e4-96f8-05ed3313c3ba is Over-Utilized.
2023-09-12 21:13:59,345 [main] DEBUG balancer.ContainerBalancerTask (ContainerBalancerTask.java:lambda$initializeIteration$1(453)) - Datanode localhost-163.36.143.180 a5e4e654-4e7b-43bb-bb54-bbfc5378d7d2 is Over-Utilized.
2023-09-12 21:13:59,345 [main] DEBUG balancer.ContainerBalancerTask (ContainerBalancerTask.java:lambda$initializeIteration$1(453)) - Datanode localhost-128.182.200.80 d899dca4-e252-4199-9cec-10d31306dd42 is Over-Utilized.
2023-09-12 21:13:59,346 [main] DEBUG balancer.ContainerBalancerTask (ContainerBalancerTask.java:lambda$initializeIteration$1(453)) - Datanode localhost-95.165.79.38 3ccbd508-a1b4-4be0-8f3c-a96b6dff91cb is Over-Utilized.
2023-09-12 21:13:59,346 [main] DEBUG balancer.ContainerBalancerTask (ContainerBalancerTask.java:lambda$initializeIteration$2(459)) - Datanode localhost-251.207.202.85 48b2c906-1901-4828-9c57-4c6dd7dd7da7 is Under-Utilized.
2023-09-12 21:13:59,346 [main] DEBUG balancer.ContainerBalancerTask (ContainerBalancerTask.java:lambda$initializeIteration$2(459)) - Datanode localhost-73.188.77.52 16630c07-1804-488f-9b8b-b48626f0fe02 is Under-Utilized.
2023-09-12 21:13:59,346 [main] DEBUG balancer.ContainerBalancerTask (ContainerBalancerTask.java:lambda$initializeIteration$2(459)) - Datanode localhost-173.60.60.88 1789e916-fe4a-4cb5-9b98-aa521b25ea12 is Under-Utilized.
2023-09-12 21:13:59,349 [main] DEBUG balancer.ContainerBalancerTask (ContainerBalancerTask.java:matchSourceWithTarget(708)) - ContainerBalancer is finding suitable target for source datanode ddcdc942-3ba1-4523-b63f-6bdbdcfc5414
2023-09-12 21:13:59,350 [main] INFO  balancer.ContainerBalancerTask (ContainerBalancerTask.java:matchSourceWithTarget(722)) - ContainerBalancer matched source datanode ddcdc942-3ba1-4523-b63f-6bdbdcfc5414 with target datanode 48b2c906-1901-4828-9c57-4c6dd7dd7da7 for container move.
2023-09-12 21:13:59,350 [main] INFO  balancer.ContainerBalancerTask (ContainerBalancerTask.java:processMoveSelection(569)) - ContainerBalancer is trying to move container #84 with size 4294967296B from source datanode ddcdc942-3ba1-4523-b63f-6bdbdcfc5414 to target datanode 48b2c906-1901-4828-9c57-4c6dd7dd7da7
2023-09-12 21:13:59,350 [main] INFO  balancer.ContainerBalancerTask (ContainerBalancerTask.java:lambda$moveContainer$3(827)) - Container move for container #84 from source ddcdc942-3ba1-4523-b63f-6bdbdcfc5414 to target 48b2c906-1901-4828-9c57-4c6dd7dd7da7 failed with exceptions.
java.util.concurrent.CompletionException: java.lang.RuntimeException: Runtime Exception after doing work
	at java.util.concurrent.CompletableFuture.encodeThrowable(CompletableFuture.java:273)
	at java.util.concurrent.CompletableFuture.completeThrowable(CompletableFuture.java:280)
	at java.util.concurrent.CompletableFuture$AsyncSupply.run(CompletableFuture.java:1606)
	at java.lang.Thread.run(Thread.java:750)
Caused by: java.lang.RuntimeException: Runtime Exception after doing work
	at org.apache.hadoop.hdds.scm.container.balancer.TestContainerBalancerTask.lambda$checkIterationResultException$10(TestContainerBalancerTask.java:1011)
	at java.util.concurrent.CompletableFuture$AsyncSupply.run(CompletableFuture.java:1604)
	... 1 more
2023-09-12 21:13:59,353 [main] DEBUG balancer.ContainerBalancerTask (ContainerBalancerTask.java:matchSourceWithTarget(708)) - ContainerBalancer is finding suitable target for source datanode acf716f8-20ca-42e4-96f8-05ed3313c3ba
2023-09-12 21:13:59,354 [main] INFO  balancer.ContainerBalancerTask (ContainerBalancerTask.java:matchSourceWithTarget(722)) - ContainerBalancer matched source datanode acf716f8-20ca-42e4-96f8-05ed3313c3ba with target datanode 48b2c906-1901-4828-9c57-4c6dd7dd7da7 for container move.
2023-09-12 21:13:59,354 [main] INFO  balancer.ContainerBalancerTask (ContainerBalancerTask.java:processMoveSelection(569)) - ContainerBalancer is trying to move container #68 with size 5368709120B from source datanode acf716f8-20ca-42e4-96f8-05ed3313c3ba to target datanode 48b2c906-1901-4828-9c57-4c6dd7dd7da7
2023-09-12 21:13:59,354 [main] WARN  balancer.ContainerBalancerTask (ContainerBalancerTask.java:moveContainer(851)) - Could not find Container #68 for container move
org.apache.hadoop.hdds.scm.container.ContainerNotFoundException: Test Container not found
	at org.apache.hadoop.hdds.scm.container.replication.ReplicationManager.move(ReplicationManager.java:1431)
	at org.apache.hadoop.hdds.scm.container.balancer.ContainerBalancerTask.moveContainer(ContainerBalancerTask.java:817)
	at org.apache.hadoop.hdds.scm.container.balancer.ContainerBalancerTask.processMoveSelection(ContainerBalancerTask.java:576)
	at org.apache.hadoop.hdds.scm.container.balancer.ContainerBalancerTask.doIteration(ContainerBalancerTask.java:534)
	at org.apache.hadoop.hdds.scm.container.balancer.ContainerBalancerTask.balance(ContainerBalancerTask.java:257)
	at org.apache.hadoop.hdds.scm.container.balancer.ContainerBalancerTask.run(ContainerBalancerTask.java:179)
	at org.apache.hadoop.hdds.scm.container.balancer.TestContainerBalancerTask.startBalancer(TestContainerBalancerTask.java:1321)
	at org.apache.hadoop.hdds.scm.container.balancer.TestContainerBalancerTask.checkIterationResultException(TestContainerBalancerTask.java:1024)
	at sun.reflect.NativeMethodAccessorImpl.invoke0(Native Method)
	at sun.reflect.NativeMethodAccessorImpl.invoke(NativeMethodAccessorImpl.java:62)
	at sun.reflect.DelegatingMethodAccessorImpl.invoke(DelegatingMethodAccessorImpl.java:43)
	at java.lang.reflect.Method.invoke(Method.java:498)
	at org.junit.platform.commons.util.ReflectionUtils.invokeMethod(ReflectionUtils.java:725)
	at org.junit.jupiter.engine.execution.MethodInvocation.proceed(MethodInvocation.java:60)
	at org.junit.jupiter.engine.execution.InvocationInterceptorChain$ValidatingInvocation.proceed(InvocationInterceptorChain.java:131)
	at org.junit.jupiter.engine.extension.TimeoutExtension.intercept(TimeoutExtension.java:149)
	at org.junit.jupiter.engine.extension.TimeoutExtension.interceptTestableMethod(TimeoutExtension.java:140)
	at org.junit.jupiter.engine.extension.TimeoutExtension.interceptTestMethod(TimeoutExtension.java:84)
	at org.junit.jupiter.engine.execution.ExecutableInvoker$ReflectiveInterceptorCall.lambda$ofVoidMethod$0(ExecutableInvoker.java:115)
	at org.junit.jupiter.engine.execution.ExecutableInvoker.lambda$invoke$0(ExecutableInvoker.java:105)
	at org.junit.jupiter.engine.execution.InvocationInterceptorChain$InterceptedInvocation.proceed(InvocationInterceptorChain.java:106)
	at org.junit.jupiter.engine.execution.InvocationInterceptorChain.proceed(InvocationInterceptorChain.java:64)
	at org.junit.jupiter.engine.execution.InvocationInterceptorChain.chainAndInvoke(InvocationInterceptorChain.java:45)
	at org.junit.jupiter.engine.execution.InvocationInterceptorChain.invoke(InvocationInterceptorChain.java:37)
	at org.junit.jupiter.engine.execution.ExecutableInvoker.invoke(ExecutableInvoker.java:104)
	at org.junit.jupiter.engine.execution.ExecutableInvoker.invoke(ExecutableInvoker.java:98)
	at org.junit.jupiter.engine.descriptor.TestMethodTestDescriptor.lambda$invokeTestMethod$7(TestMethodTestDescriptor.java:214)
	at org.junit.platform.engine.support.hierarchical.ThrowableCollector.execute(ThrowableCollector.java:73)
	at org.junit.jupiter.engine.descriptor.TestMethodTestDescriptor.invokeTestMethod(TestMethodTestDescriptor.java:210)
	at org.junit.jupiter.engine.descriptor.TestMethodTestDescriptor.execute(TestMethodTestDescriptor.java:135)
	at org.junit.jupiter.engine.descriptor.TestMethodTestDescriptor.execute(TestMethodTestDescriptor.java:66)
	at org.junit.platform.engine.support.hierarchical.NodeTestTask.lambda$executeRecursively$6(NodeTestTask.java:151)
	at org.junit.platform.engine.support.hierarchical.ThrowableCollector.execute(ThrowableCollector.java:73)
	at org.junit.platform.engine.support.hierarchical.NodeTestTask.lambda$executeRecursively$8(NodeTestTask.java:141)
	at org.junit.platform.engine.support.hierarchical.Node.around(Node.java:137)
	at org.junit.platform.engine.support.hierarchical.NodeTestTask.lambda$executeRecursively$9(NodeTestTask.java:139)
	at org.junit.platform.engine.support.hierarchical.ThrowableCollector.execute(ThrowableCollector.java:73)
	at org.junit.platform.engine.support.hierarchical.NodeTestTask.executeRecursively(NodeTestTask.java:138)
	at org.junit.platform.engine.support.hierarchical.NodeTestTask.execute(NodeTestTask.java:95)
	at java.util.ArrayList.forEach(ArrayList.java:1259)
	at org.junit.platform.engine.support.hierarchical.SameThreadHierarchicalTestExecutorService.invokeAll(SameThreadHierarchicalTestExecutorService.java:41)
	at org.junit.platform.engine.support.hierarchical.NodeTestTask.lambda$executeRecursively$6(NodeTestTask.java:155)
	at org.junit.platform.engine.support.hierarchical.ThrowableCollector.execute(ThrowableCollector.java:73)
	at org.junit.platform.engine.support.hierarchical.NodeTestTask.lambda$executeRecursively$8(NodeTestTask.java:141)
	at org.junit.platform.engine.support.hierarchical.Node.around(Node.java:137)
	at org.junit.platform.engine.support.hierarchical.NodeTestTask.lambda$executeRecursively$9(NodeTestTask.java:139)
	at org.junit.platform.engine.support.hierarchical.ThrowableCollector.execute(ThrowableCollector.java:73)
	at org.junit.platform.engine.support.hierarchical.NodeTestTask.executeRecursively(NodeTestTask.java:138)
	at org.junit.platform.engine.support.hierarchical.NodeTestTask.execute(NodeTestTask.java:95)
	at java.util.ArrayList.forEach(ArrayList.java:1259)
	at org.junit.platform.engine.support.hierarchical.SameThreadHierarchicalTestExecutorService.invokeAll(SameThreadHierarchicalTestExecutorService.java:41)
	at org.junit.platform.engine.support.hierarchical.NodeTestTask.lambda$executeRecursively$6(NodeTestTask.java:155)
	at org.junit.platform.engine.support.hierarchical.ThrowableCollector.execute(ThrowableCollector.java:73)
	at org.junit.platform.engine.support.hierarchical.NodeTestTask.lambda$executeRecursively$8(NodeTestTask.java:141)
	at org.junit.platform.engine.support.hierarchical.Node.around(Node.java:137)
	at org.junit.platform.engine.support.hierarchical.NodeTestTask.lambda$executeRecursively$9(NodeTestTask.java:139)
	at org.junit.platform.engine.support.hierarchical.ThrowableCollector.execute(ThrowableCollector.java:73)
	at org.junit.platform.engine.support.hierarchical.NodeTestTask.executeRecursively(NodeTestTask.java:138)
	at org.junit.platform.engine.support.hierarchical.NodeTestTask.execute(NodeTestTask.java:95)
	at org.junit.platform.engine.support.hierarchical.SameThreadHierarchicalTestExecutorService.submit(SameThreadHierarchicalTestExecutorService.java:35)
	at org.junit.platform.engine.support.hierarchical.HierarchicalTestExecutor.execute(HierarchicalTestExecutor.java:57)
	at org.junit.platform.engine.support.hierarchical.HierarchicalTestEngine.execute(HierarchicalTestEngine.java:54)
	at org.junit.platform.launcher.core.EngineExecutionOrchestrator.execute(EngineExecutionOrchestrator.java:107)
	at org.junit.platform.launcher.core.EngineExecutionOrchestrator.execute(EngineExecutionOrchestrator.java:88)
	at org.junit.platform.launcher.core.EngineExecutionOrchestrator.lambda$execute$0(EngineExecutionOrchestrator.java:54)
	at org.junit.platform.launcher.core.EngineExecutionOrchestrator.withInterceptedStreams(EngineExecutionOrchestrator.java:67)
	at org.junit.platform.launcher.core.EngineExecutionOrchestrator.execute(EngineExecutionOrchestrator.java:52)
	at org.junit.platform.launcher.core.DefaultLauncher.execute(DefaultLauncher.java:114)
	at org.junit.platform.launcher.core.DefaultLauncher.execute(DefaultLauncher.java:86)
	at org.junit.platform.launcher.core.DefaultLauncherSession$DelegatingLauncher.execute(DefaultLauncherSession.java:86)
	at org.junit.platform.launcher.core.SessionPerRequestLauncher.execute(SessionPerRequestLauncher.java:53)
	at org.apache.maven.surefire.junitplatform.JUnitPlatformProvider.execute(JUnitPlatformProvider.java:188)
	at org.apache.maven.surefire.junitplatform.JUnitPlatformProvider.invokeAllTests(JUnitPlatformProvider.java:154)
	at org.apache.maven.surefire.junitplatform.JUnitPlatformProvider.invoke(JUnitPlatformProvider.java:124)
	at org.apache.maven.surefire.booter.ForkedBooter.runSuitesInProcess(ForkedBooter.java:428)
	at org.apache.maven.surefire.booter.ForkedBooter.execute(ForkedBooter.java:162)
	at org.apache.maven.surefire.booter.ForkedBooter.run(ForkedBooter.java:562)
	at org.apache.maven.surefire.booter.ForkedBooter.main(ForkedBooter.java:548)
2023-09-12 21:13:59,357 [main] DEBUG balancer.ContainerBalancerTask (ContainerBalancerTask.java:matchSourceWithTarget(708)) - ContainerBalancer is finding suitable target for source datanode a5e4e654-4e7b-43bb-bb54-bbfc5378d7d2
2023-09-12 21:13:59,357 [main] INFO  balancer.ContainerBalancerTask (ContainerBalancerTask.java:matchSourceWithTarget(722)) - ContainerBalancer matched source datanode a5e4e654-4e7b-43bb-bb54-bbfc5378d7d2 with target datanode 48b2c906-1901-4828-9c57-4c6dd7dd7da7 for container move.
2023-09-12 21:13:59,358 [main] INFO  balancer.ContainerBalancerTask (ContainerBalancerTask.java:processMoveSelection(569)) - ContainerBalancer is trying to move container #40 with size 5368709120B from source datanode a5e4e654-4e7b-43bb-bb54-bbfc5378d7d2 to target datanode 48b2c906-1901-4828-9c57-4c6dd7dd7da7
2023-09-12 21:13:59,358 [main] INFO  balancer.ContainerBalancerTask (ContainerBalancerTask.java:lambda$moveContainer$3(827)) - Container move for container #40 from source a5e4e654-4e7b-43bb-bb54-bbfc5378d7d2 to target 48b2c906-1901-4828-9c57-4c6dd7dd7da7 failed with exceptions.
java.lang.RuntimeException: Runtime Exception
	at org.apache.hadoop.hdds.scm.container.balancer.TestContainerBalancerTask.checkIterationResultException(TestContainerBalancerTask.java:1002)
	at sun.reflect.NativeMethodAccessorImpl.invoke0(Native Method)
	at sun.reflect.NativeMethodAccessorImpl.invoke(NativeMethodAccessorImpl.java:62)
	at sun.reflect.DelegatingMethodAccessorImpl.invoke(DelegatingMethodAccessorImpl.java:43)
	at java.lang.reflect.Method.invoke(Method.java:498)
	at org.junit.platform.commons.util.ReflectionUtils.invokeMethod(ReflectionUtils.java:725)
	at org.junit.jupiter.engine.execution.MethodInvocation.proceed(MethodInvocation.java:60)
	at org.junit.jupiter.engine.execution.InvocationInterceptorChain$ValidatingInvocation.proceed(InvocationInterceptorChain.java:131)
	at org.junit.jupiter.engine.extension.TimeoutExtension.intercept(TimeoutExtension.java:149)
	at org.junit.jupiter.engine.extension.TimeoutExtension.interceptTestableMethod(TimeoutExtension.java:140)
	at org.junit.jupiter.engine.extension.TimeoutExtension.interceptTestMethod(TimeoutExtension.java:84)
	at org.junit.jupiter.engine.execution.ExecutableInvoker$ReflectiveInterceptorCall.lambda$ofVoidMethod$0(ExecutableInvoker.java:115)
	at org.junit.jupiter.engine.execution.ExecutableInvoker.lambda$invoke$0(ExecutableInvoker.java:105)
	at org.junit.jupiter.engine.execution.InvocationInterceptorChain$InterceptedInvocation.proceed(InvocationInterceptorChain.java:106)
	at org.junit.jupiter.engine.execution.InvocationInterceptorChain.proceed(InvocationInterceptorChain.java:64)
	at org.junit.jupiter.engine.execution.InvocationInterceptorChain.chainAndInvoke(InvocationInterceptorChain.java:45)
	at org.junit.jupiter.engine.execution.InvocationInterceptorChain.invoke(InvocationInterceptorChain.java:37)
	at org.junit.jupiter.engine.execution.ExecutableInvoker.invoke(ExecutableInvoker.java:104)
	at org.junit.jupiter.engine.execution.ExecutableInvoker.invoke(ExecutableInvoker.java:98)
	at org.junit.jupiter.engine.descriptor.TestMethodTestDescriptor.lambda$invokeTestMethod$7(TestMethodTestDescriptor.java:214)
	at org.junit.platform.engine.support.hierarchical.ThrowableCollector.execute(ThrowableCollector.java:73)
	at org.junit.jupiter.engine.descriptor.TestMethodTestDescriptor.invokeTestMethod(TestMethodTestDescriptor.java:210)
	at org.junit.jupiter.engine.descriptor.TestMethodTestDescriptor.execute(TestMethodTestDescriptor.java:135)
	at org.junit.jupiter.engine.descriptor.TestMethodTestDescriptor.execute(TestMethodTestDescriptor.java:66)
	at org.junit.platform.engine.support.hierarchical.NodeTestTask.lambda$executeRecursively$6(NodeTestTask.java:151)
	at org.junit.platform.engine.support.hierarchical.ThrowableCollector.execute(ThrowableCollector.java:73)
	at org.junit.platform.engine.support.hierarchical.NodeTestTask.lambda$executeRecursively$8(NodeTestTask.java:141)
	at org.junit.platform.engine.support.hierarchical.Node.around(Node.java:137)
	at org.junit.platform.engine.support.hierarchical.NodeTestTask.lambda$executeRecursively$9(NodeTestTask.java:139)
	at org.junit.platform.engine.support.hierarchical.ThrowableCollector.execute(ThrowableCollector.java:73)
	at org.junit.platform.engine.support.hierarchical.NodeTestTask.executeRecursively(NodeTestTask.java:138)
	at org.junit.platform.engine.support.hierarchical.NodeTestTask.execute(NodeTestTask.java:95)
	at java.util.ArrayList.forEach(ArrayList.java:1259)
	at org.junit.platform.engine.support.hierarchical.SameThreadHierarchicalTestExecutorService.invokeAll(SameThreadHierarchicalTestExecutorService.java:41)
	at org.junit.platform.engine.support.hierarchical.NodeTestTask.lambda$executeRecursively$6(NodeTestTask.java:155)
	at org.junit.platform.engine.support.hierarchical.ThrowableCollector.execute(ThrowableCollector.java:73)
	at org.junit.platform.engine.support.hierarchical.NodeTestTask.lambda$executeRecursively$8(NodeTestTask.java:141)
	at org.junit.platform.engine.support.hierarchical.Node.around(Node.java:137)
	at org.junit.platform.engine.support.hierarchical.NodeTestTask.lambda$executeRecursively$9(NodeTestTask.java:139)
	at org.junit.platform.engine.support.hierarchical.ThrowableCollector.execute(ThrowableCollector.java:73)
	at org.junit.platform.engine.support.hierarchical.NodeTestTask.executeRecursively(NodeTestTask.java:138)
	at org.junit.platform.engine.support.hierarchical.NodeTestTask.execute(NodeTestTask.java:95)
	at java.util.ArrayList.forEach(ArrayList.java:1259)
	at org.junit.platform.engine.support.hierarchical.SameThreadHierarchicalTestExecutorService.invokeAll(SameThreadHierarchicalTestExecutorService.java:41)
	at org.junit.platform.engine.support.hierarchical.NodeTestTask.lambda$executeRecursively$6(NodeTestTask.java:155)
	at org.junit.platform.engine.support.hierarchical.ThrowableCollector.execute(ThrowableCollector.java:73)
	at org.junit.platform.engine.support.hierarchical.NodeTestTask.lambda$executeRecursively$8(NodeTestTask.java:141)
	at org.junit.platform.engine.support.hierarchical.Node.around(Node.java:137)
	at org.junit.platform.engine.support.hierarchical.NodeTestTask.lambda$executeRecursively$9(NodeTestTask.java:139)
	at org.junit.platform.engine.support.hierarchical.ThrowableCollector.execute(ThrowableCollector.java:73)
	at org.junit.platform.engine.support.hierarchical.NodeTestTask.executeRecursively(NodeTestTask.java:138)
	at org.junit.platform.engine.support.hierarchical.NodeTestTask.execute(NodeTestTask.java:95)
	at org.junit.platform.engine.support.hierarchical.SameThreadHierarchicalTestExecutorService.submit(SameThreadHierarchicalTestExecutorService.java:35)
	at org.junit.platform.engine.support.hierarchical.HierarchicalTestExecutor.execute(HierarchicalTestExecutor.java:57)
	at org.junit.platform.engine.support.hierarchical.HierarchicalTestEngine.execute(HierarchicalTestEngine.java:54)
	at org.junit.platform.launcher.core.EngineExecutionOrchestrator.execute(EngineExecutionOrchestrator.java:107)
	at org.junit.platform.launcher.core.EngineExecutionOrchestrator.execute(EngineExecutionOrchestrator.java:88)
	at org.junit.platform.launcher.core.EngineExecutionOrchestrator.lambda$execute$0(EngineExecutionOrchestrator.java:54)
	at org.junit.platform.launcher.core.EngineExecutionOrchestrator.withInterceptedStreams(EngineExecutionOrchestrator.java:67)
	at org.junit.platform.launcher.core.EngineExecutionOrchestrator.execute(EngineExecutionOrchestrator.java:52)
	at org.junit.platform.launcher.core.DefaultLauncher.execute(DefaultLauncher.java:114)
	at org.junit.platform.launcher.core.DefaultLauncher.execute(DefaultLauncher.java:86)
	at org.junit.platform.launcher.core.DefaultLauncherSession$DelegatingLauncher.execute(DefaultLauncherSession.java:86)
	at org.junit.platform.launcher.core.SessionPerRequestLauncher.execute(SessionPerRequestLauncher.java:53)
	at org.apache.maven.surefire.junitplatform.JUnitPlatformProvider.execute(JUnitPlatformProvider.java:188)
	at org.apache.maven.surefire.junitplatform.JUnitPlatformProvider.invokeAllTests(JUnitPlatformProvider.java:154)
	at org.apache.maven.surefire.junitplatform.JUnitPlatformProvider.invoke(JUnitPlatformProvider.java:124)
	at org.apache.maven.surefire.booter.ForkedBooter.runSuitesInProcess(ForkedBooter.java:428)
	at org.apache.maven.surefire.booter.ForkedBooter.execute(ForkedBooter.java:162)
	at org.apache.maven.surefire.booter.ForkedBooter.run(ForkedBooter.java:562)
	at org.apache.maven.surefire.booter.ForkedBooter.main(ForkedBooter.java:548)
2023-09-12 21:13:59,360 [main] DEBUG balancer.ContainerBalancerTask (ContainerBalancerTask.java:matchSourceWithTarget(708)) - ContainerBalancer is finding suitable target for source datanode d899dca4-e252-4199-9cec-10d31306dd42
2023-09-12 21:13:59,360 [main] INFO  balancer.ContainerBalancerTask (ContainerBalancerTask.java:matchSourceWithTarget(722)) - ContainerBalancer matched source datanode d899dca4-e252-4199-9cec-10d31306dd42 with target datanode 48b2c906-1901-4828-9c57-4c6dd7dd7da7 for container move.
2023-09-12 21:13:59,360 [main] INFO  balancer.ContainerBalancerTask (ContainerBalancerTask.java:processMoveSelection(569)) - ContainerBalancer is trying to move container #40 with size 5368709120B from source datanode d899dca4-e252-4199-9cec-10d31306dd42 to target datanode 48b2c906-1901-4828-9c57-4c6dd7dd7da7
2023-09-12 21:13:59,361 [main] INFO  balancer.ContainerBalancerTask (ContainerBalancerTask.java:lambda$moveContainer$3(827)) - Container move for container #40 from source d899dca4-e252-4199-9cec-10d31306dd42 to target 48b2c906-1901-4828-9c57-4c6dd7dd7da7 failed with exceptions.
java.lang.RuntimeException: Runtime Exception
	at org.apache.hadoop.hdds.scm.container.balancer.TestContainerBalancerTask.checkIterationResultException(TestContainerBalancerTask.java:1002)
	at sun.reflect.NativeMethodAccessorImpl.invoke0(Native Method)
	at sun.reflect.NativeMethodAccessorImpl.invoke(NativeMethodAccessorImpl.java:62)
	at sun.reflect.DelegatingMethodAccessorImpl.invoke(DelegatingMethodAccessorImpl.java:43)
	at java.lang.reflect.Method.invoke(Method.java:498)
	at org.junit.platform.commons.util.ReflectionUtils.invokeMethod(ReflectionUtils.java:725)
	at org.junit.jupiter.engine.execution.MethodInvocation.proceed(MethodInvocation.java:60)
	at org.junit.jupiter.engine.execution.InvocationInterceptorChain$ValidatingInvocation.proceed(InvocationInterceptorChain.java:131)
	at org.junit.jupiter.engine.extension.TimeoutExtension.intercept(TimeoutExtension.java:149)
	at org.junit.jupiter.engine.extension.TimeoutExtension.interceptTestableMethod(TimeoutExtension.java:140)
	at org.junit.jupiter.engine.extension.TimeoutExtension.interceptTestMethod(TimeoutExtension.java:84)
	at org.junit.jupiter.engine.execution.ExecutableInvoker$ReflectiveInterceptorCall.lambda$ofVoidMethod$0(ExecutableInvoker.java:115)
	at org.junit.jupiter.engine.execution.ExecutableInvoker.lambda$invoke$0(ExecutableInvoker.java:105)
	at org.junit.jupiter.engine.execution.InvocationInterceptorChain$InterceptedInvocation.proceed(InvocationInterceptorChain.java:106)
	at org.junit.jupiter.engine.execution.InvocationInterceptorChain.proceed(InvocationInterceptorChain.java:64)
	at org.junit.jupiter.engine.execution.InvocationInterceptorChain.chainAndInvoke(InvocationInterceptorChain.java:45)
	at org.junit.jupiter.engine.execution.InvocationInterceptorChain.invoke(InvocationInterceptorChain.java:37)
	at org.junit.jupiter.engine.execution.ExecutableInvoker.invoke(ExecutableInvoker.java:104)
	at org.junit.jupiter.engine.execution.ExecutableInvoker.invoke(ExecutableInvoker.java:98)
	at org.junit.jupiter.engine.descriptor.TestMethodTestDescriptor.lambda$invokeTestMethod$7(TestMethodTestDescriptor.java:214)
	at org.junit.platform.engine.support.hierarchical.ThrowableCollector.execute(ThrowableCollector.java:73)
	at org.junit.jupiter.engine.descriptor.TestMethodTestDescriptor.invokeTestMethod(TestMethodTestDescriptor.java:210)
	at org.junit.jupiter.engine.descriptor.TestMethodTestDescriptor.execute(TestMethodTestDescriptor.java:135)
	at org.junit.jupiter.engine.descriptor.TestMethodTestDescriptor.execute(TestMethodTestDescriptor.java:66)
	at org.junit.platform.engine.support.hierarchical.NodeTestTask.lambda$executeRecursively$6(NodeTestTask.java:151)
	at org.junit.platform.engine.support.hierarchical.ThrowableCollector.execute(ThrowableCollector.java:73)
	at org.junit.platform.engine.support.hierarchical.NodeTestTask.lambda$executeRecursively$8(NodeTestTask.java:141)
	at org.junit.platform.engine.support.hierarchical.Node.around(Node.java:137)
	at org.junit.platform.engine.support.hierarchical.NodeTestTask.lambda$executeRecursively$9(NodeTestTask.java:139)
	at org.junit.platform.engine.support.hierarchical.ThrowableCollector.execute(ThrowableCollector.java:73)
	at org.junit.platform.engine.support.hierarchical.NodeTestTask.executeRecursively(NodeTestTask.java:138)
	at org.junit.platform.engine.support.hierarchical.NodeTestTask.execute(NodeTestTask.java:95)
	at java.util.ArrayList.forEach(ArrayList.java:1259)
	at org.junit.platform.engine.support.hierarchical.SameThreadHierarchicalTestExecutorService.invokeAll(SameThreadHierarchicalTestExecutorService.java:41)
	at org.junit.platform.engine.support.hierarchical.NodeTestTask.lambda$executeRecursively$6(NodeTestTask.java:155)
	at org.junit.platform.engine.support.hierarchical.ThrowableCollector.execute(ThrowableCollector.java:73)
	at org.junit.platform.engine.support.hierarchical.NodeTestTask.lambda$executeRecursively$8(NodeTestTask.java:141)
	at org.junit.platform.engine.support.hierarchical.Node.around(Node.java:137)
	at org.junit.platform.engine.support.hierarchical.NodeTestTask.lambda$executeRecursively$9(NodeTestTask.java:139)
	at org.junit.platform.engine.support.hierarchical.ThrowableCollector.execute(ThrowableCollector.java:73)
	at org.junit.platform.engine.support.hierarchical.NodeTestTask.executeRecursively(NodeTestTask.java:138)
	at org.junit.platform.engine.support.hierarchical.NodeTestTask.execute(NodeTestTask.java:95)
	at java.util.ArrayList.forEach(ArrayList.java:1259)
	at org.junit.platform.engine.support.hierarchical.SameThreadHierarchicalTestExecutorService.invokeAll(SameThreadHierarchicalTestExecutorService.java:41)
	at org.junit.platform.engine.support.hierarchical.NodeTestTask.lambda$executeRecursively$6(NodeTestTask.java:155)
	at org.junit.platform.engine.support.hierarchical.ThrowableCollector.execute(ThrowableCollector.java:73)
	at org.junit.platform.engine.support.hierarchical.NodeTestTask.lambda$executeRecursively$8(NodeTestTask.java:141)
	at org.junit.platform.engine.support.hierarchical.Node.around(Node.java:137)
	at org.junit.platform.engine.support.hierarchical.NodeTestTask.lambda$executeRecursively$9(NodeTestTask.java:139)
	at org.junit.platform.engine.support.hierarchical.ThrowableCollector.execute(ThrowableCollector.java:73)
	at org.junit.platform.engine.support.hierarchical.NodeTestTask.executeRecursively(NodeTestTask.java:138)
	at org.junit.platform.engine.support.hierarchical.NodeTestTask.execute(NodeTestTask.java:95)
	at org.junit.platform.engine.support.hierarchical.SameThreadHierarchicalTestExecutorService.submit(SameThreadHierarchicalTestExecutorService.java:35)
	at org.junit.platform.engine.support.hierarchical.HierarchicalTestExecutor.execute(HierarchicalTestExecutor.java:57)
	at org.junit.platform.engine.support.hierarchical.HierarchicalTestEngine.execute(HierarchicalTestEngine.java:54)
	at org.junit.platform.launcher.core.EngineExecutionOrchestrator.execute(EngineExecutionOrchestrator.java:107)
	at org.junit.platform.launcher.core.EngineExecutionOrchestrator.execute(EngineExecutionOrchestrator.java:88)
	at org.junit.platform.launcher.core.EngineExecutionOrchestrator.lambda$execute$0(EngineExecutionOrchestrator.java:54)
	at org.junit.platform.launcher.core.EngineExecutionOrchestrator.withInterceptedStreams(EngineExecutionOrchestrator.java:67)
	at org.junit.platform.launcher.core.EngineExecutionOrchestrator.execute(EngineExecutionOrchestrator.java:52)
	at org.junit.platform.launcher.core.DefaultLauncher.execute(DefaultLauncher.java:114)
	at org.junit.platform.launcher.core.DefaultLauncher.execute(DefaultLauncher.java:86)
	at org.junit.platform.launcher.core.DefaultLauncherSession$DelegatingLauncher.execute(DefaultLauncherSession.java:86)
	at org.junit.platform.launcher.core.SessionPerRequestLauncher.execute(SessionPerRequestLauncher.java:53)
	at org.apache.maven.surefire.junitplatform.JUnitPlatformProvider.execute(JUnitPlatformProvider.java:188)
	at org.apache.maven.surefire.junitplatform.JUnitPlatformProvider.invokeAllTests(JUnitPlatformProvider.java:154)
	at org.apache.maven.surefire.junitplatform.JUnitPlatformProvider.invoke(JUnitPlatformProvider.java:124)
	at org.apache.maven.surefire.booter.ForkedBooter.runSuitesInProcess(ForkedBooter.java:428)
	at org.apache.maven.surefire.booter.ForkedBooter.execute(ForkedBooter.java:162)
	at org.apache.maven.surefire.booter.ForkedBooter.run(ForkedBooter.java:562)
	at org.apache.maven.surefire.booter.ForkedBooter.main(ForkedBooter.java:548)
2023-09-12 21:13:59,364 [main] DEBUG balancer.ContainerBalancerTask (ContainerBalancerTask.java:matchSourceWithTarget(708)) - ContainerBalancer is finding suitable target for source datanode 3ccbd508-a1b4-4be0-8f3c-a96b6dff91cb
2023-09-12 21:13:59,364 [main] INFO  balancer.ContainerBalancerTask (ContainerBalancerTask.java:matchSourceWithTarget(722)) - ContainerBalancer matched source datanode 3ccbd508-a1b4-4be0-8f3c-a96b6dff91cb with target datanode 48b2c906-1901-4828-9c57-4c6dd7dd7da7 for container move.
2023-09-12 21:13:59,364 [main] INFO  balancer.ContainerBalancerTask (ContainerBalancerTask.java:processMoveSelection(569)) - ContainerBalancer is trying to move container #28 with size 4294967296B from source datanode 3ccbd508-a1b4-4be0-8f3c-a96b6dff91cb to target datanode 48b2c906-1901-4828-9c57-4c6dd7dd7da7
2023-09-12 21:13:59,364 [main] INFO  balancer.ContainerBalancerTask (ContainerBalancerTask.java:lambda$moveContainer$3(827)) - Container move for container #28 from source 3ccbd508-a1b4-4be0-8f3c-a96b6dff91cb to target 48b2c906-1901-4828-9c57-4c6dd7dd7da7 failed with exceptions.
java.lang.RuntimeException: Runtime Exception
	at org.apache.hadoop.hdds.scm.container.balancer.TestContainerBalancerTask.checkIterationResultException(TestContainerBalancerTask.java:1002)
	at sun.reflect.NativeMethodAccessorImpl.invoke0(Native Method)
	at sun.reflect.NativeMethodAccessorImpl.invoke(NativeMethodAccessorImpl.java:62)
	at sun.reflect.DelegatingMethodAccessorImpl.invoke(DelegatingMethodAccessorImpl.java:43)
	at java.lang.reflect.Method.invoke(Method.java:498)
	at org.junit.platform.commons.util.ReflectionUtils.invokeMethod(ReflectionUtils.java:725)
	at org.junit.jupiter.engine.execution.MethodInvocation.proceed(MethodInvocation.java:60)
	at org.junit.jupiter.engine.execution.InvocationInterceptorChain$ValidatingInvocation.proceed(InvocationInterceptorChain.java:131)
	at org.junit.jupiter.engine.extension.TimeoutExtension.intercept(TimeoutExtension.java:149)
	at org.junit.jupiter.engine.extension.TimeoutExtension.interceptTestableMethod(TimeoutExtension.java:140)
	at org.junit.jupiter.engine.extension.TimeoutExtension.interceptTestMethod(TimeoutExtension.java:84)
	at org.junit.jupiter.engine.execution.ExecutableInvoker$ReflectiveInterceptorCall.lambda$ofVoidMethod$0(ExecutableInvoker.java:115)
	at org.junit.jupiter.engine.execution.ExecutableInvoker.lambda$invoke$0(ExecutableInvoker.java:105)
	at org.junit.jupiter.engine.execution.InvocationInterceptorChain$InterceptedInvocation.proceed(InvocationInterceptorChain.java:106)
	at org.junit.jupiter.engine.execution.InvocationInterceptorChain.proceed(InvocationInterceptorChain.java:64)
	at org.junit.jupiter.engine.execution.InvocationInterceptorChain.chainAndInvoke(InvocationInterceptorChain.java:45)
	at org.junit.jupiter.engine.execution.InvocationInterceptorChain.invoke(InvocationInterceptorChain.java:37)
	at org.junit.jupiter.engine.execution.ExecutableInvoker.invoke(ExecutableInvoker.java:104)
	at org.junit.jupiter.engine.execution.ExecutableInvoker.invoke(ExecutableInvoker.java:98)
	at org.junit.jupiter.engine.descriptor.TestMethodTestDescriptor.lambda$invokeTestMethod$7(TestMethodTestDescriptor.java:214)
	at org.junit.platform.engine.support.hierarchical.ThrowableCollector.execute(ThrowableCollector.java:73)
	at org.junit.jupiter.engine.descriptor.TestMethodTestDescriptor.invokeTestMethod(TestMethodTestDescriptor.java:210)
	at org.junit.jupiter.engine.descriptor.TestMethodTestDescriptor.execute(TestMethodTestDescriptor.java:135)
	at org.junit.jupiter.engine.descriptor.TestMethodTestDescriptor.execute(TestMethodTestDescriptor.java:66)
	at org.junit.platform.engine.support.hierarchical.NodeTestTask.lambda$executeRecursively$6(NodeTestTask.java:151)
	at org.junit.platform.engine.support.hierarchical.ThrowableCollector.execute(ThrowableCollector.java:73)
	at org.junit.platform.engine.support.hierarchical.NodeTestTask.lambda$executeRecursively$8(NodeTestTask.java:141)
	at org.junit.platform.engine.support.hierarchical.Node.around(Node.java:137)
	at org.junit.platform.engine.support.hierarchical.NodeTestTask.lambda$executeRecursively$9(NodeTestTask.java:139)
	at org.junit.platform.engine.support.hierarchical.ThrowableCollector.execute(ThrowableCollector.java:73)
	at org.junit.platform.engine.support.hierarchical.NodeTestTask.executeRecursively(NodeTestTask.java:138)
	at org.junit.platform.engine.support.hierarchical.NodeTestTask.execute(NodeTestTask.java:95)
	at java.util.ArrayList.forEach(ArrayList.java:1259)
	at org.junit.platform.engine.support.hierarchical.SameThreadHierarchicalTestExecutorService.invokeAll(SameThreadHierarchicalTestExecutorService.java:41)
	at org.junit.platform.engine.support.hierarchical.NodeTestTask.lambda$executeRecursively$6(NodeTestTask.java:155)
	at org.junit.platform.engine.support.hierarchical.ThrowableCollector.execute(ThrowableCollector.java:73)
	at org.junit.platform.engine.support.hierarchical.NodeTestTask.lambda$executeRecursively$8(NodeTestTask.java:141)
	at org.junit.platform.engine.support.hierarchical.Node.around(Node.java:137)
	at org.junit.platform.engine.support.hierarchical.NodeTestTask.lambda$executeRecursively$9(NodeTestTask.java:139)
	at org.junit.platform.engine.support.hierarchical.ThrowableCollector.execute(ThrowableCollector.java:73)
	at org.junit.platform.engine.support.hierarchical.NodeTestTask.executeRecursively(NodeTestTask.java:138)
	at org.junit.platform.engine.support.hierarchical.NodeTestTask.execute(NodeTestTask.java:95)
	at java.util.ArrayList.forEach(ArrayList.java:1259)
	at org.junit.platform.engine.support.hierarchical.SameThreadHierarchicalTestExecutorService.invokeAll(SameThreadHierarchicalTestExecutorService.java:41)
	at org.junit.platform.engine.support.hierarchical.NodeTestTask.lambda$executeRecursively$6(NodeTestTask.java:155)
	at org.junit.platform.engine.support.hierarchical.ThrowableCollector.execute(ThrowableCollector.java:73)
	at org.junit.platform.engine.support.hierarchical.NodeTestTask.lambda$executeRecursively$8(NodeTestTask.java:141)
	at org.junit.platform.engine.support.hierarchical.Node.around(Node.java:137)
	at org.junit.platform.engine.support.hierarchical.NodeTestTask.lambda$executeRecursively$9(NodeTestTask.java:139)
	at org.junit.platform.engine.support.hierarchical.ThrowableCollector.execute(ThrowableCollector.java:73)
	at org.junit.platform.engine.support.hierarchical.NodeTestTask.executeRecursively(NodeTestTask.java:138)
	at org.junit.platform.engine.support.hierarchical.NodeTestTask.execute(NodeTestTask.java:95)
	at org.junit.platform.engine.support.hierarchical.SameThreadHierarchicalTestExecutorService.submit(SameThreadHierarchicalTestExecutorService.java:35)
	at org.junit.platform.engine.support.hierarchical.HierarchicalTestExecutor.execute(HierarchicalTestExecutor.java:57)
	at org.junit.platform.engine.support.hierarchical.HierarchicalTestEngine.execute(HierarchicalTestEngine.java:54)
	at org.junit.platform.launcher.core.EngineExecutionOrchestrator.execute(EngineExecutionOrchestrator.java:107)
	at org.junit.platform.launcher.core.EngineExecutionOrchestrator.execute(EngineExecutionOrchestrator.java:88)
	at org.junit.platform.launcher.core.EngineExecutionOrchestrator.lambda$execute$0(EngineExecutionOrchestrator.java:54)
	at org.junit.platform.launcher.core.EngineExecutionOrchestrator.withInterceptedStreams(EngineExecutionOrchestrator.java:67)
	at org.junit.platform.launcher.core.EngineExecutionOrchestrator.execute(EngineExecutionOrchestrator.java:52)
	at org.junit.platform.launcher.core.DefaultLauncher.execute(DefaultLauncher.java:114)
	at org.junit.platform.launcher.core.DefaultLauncher.execute(DefaultLauncher.java:86)
	at org.junit.platform.launcher.core.DefaultLauncherSession$DelegatingLauncher.execute(DefaultLauncherSession.java:86)
	at org.junit.platform.launcher.core.SessionPerRequestLauncher.execute(SessionPerRequestLauncher.java:53)
	at org.apache.maven.surefire.junitplatform.JUnitPlatformProvider.execute(JUnitPlatformProvider.java:188)
	at org.apache.maven.surefire.junitplatform.JUnitPlatformProvider.invokeAllTests(JUnitPlatformProvider.java:154)
	at org.apache.maven.surefire.junitplatform.JUnitPlatformProvider.invoke(JUnitPlatformProvider.java:124)
	at org.apache.maven.surefire.booter.ForkedBooter.runSuitesInProcess(ForkedBooter.java:428)
	at org.apache.maven.surefire.booter.ForkedBooter.execute(ForkedBooter.java:162)
	at org.apache.maven.surefire.booter.ForkedBooter.run(ForkedBooter.java:562)
	at org.apache.maven.surefire.booter.ForkedBooter.main(ForkedBooter.java:548)
2023-09-12 21:13:59,366 [main] INFO  balancer.FindSourceGreedy (FindSourceGreedy.java:getNextCandidateSourceDataNode(126)) - no more candidate source data node
2023-09-12 21:13:59,367 [main] INFO  balancer.ContainerBalancerTask (ContainerBalancerTask.java:checkIterationMoveResults(642)) - Iteration Summary. Number of Datanodes involved: 0. Size moved: 0 B (0 Bytes). Number of Container moves completed: 0.
2023-09-12 21:13:59,367 [main] INFO  balancer.ContainerBalancerTask (ContainerBalancerTask.java:balance(259)) - Result of this iteration of Container Balancer: ITERATION_COMPLETED
2023-09-12 21:13:59,367 [main] INFO  balancer.ContainerBalancerTask (ContainerBalancerTask.java:tryStopWithSaveConfiguration(308)) - Save Configuration for stopping. Reason: Completed all iterations.
2023-09-12 21:13:59,368 [main] DEBUG balancer.ContainerBalancerTask (ContainerBalancerTask.java:initializeIteration(374)) - Average utilization of the cluster is 0.3507355565255781
2023-09-12 21:13:59,369 [main] DEBUG balancer.ContainerBalancerTask (ContainerBalancerTask.java:initializeIteration(386)) - Lower limit for utilization is 0.2507355565255781 and Upper limit for utilization is 0.45073555652557806
2023-09-12 21:13:59,369 [main] DEBUG balancer.ContainerBalancerTask (ContainerBalancerTask.java:initializeIteration(398)) - Utilization for node ddcdc942-3ba1-4523-b63f-6bdbdcfc5414 with capacity 51300998257B, used 46170898432B, and remaining 5130099825B is 0.900000000013645
2023-09-12 21:13:59,369 [main] DEBUG balancer.ContainerBalancerTask (ContainerBalancerTask.java:initializeIteration(398)) - Utilization for node acf716f8-20ca-42e4-96f8-05ed3313c3ba with capacity 56371445760B, used 45097156608B, and remaining 11274289152B is 0.8
2023-09-12 21:13:59,369 [main] DEBUG balancer.ContainerBalancerTask (ContainerBalancerTask.java:initializeIteration(398)) - Utilization for node a5e4e654-4e7b-43bb-bb54-bbfc5378d7d2 with capacity 72094093897B, used 50465865728B, and remaining 21628228169B is 0.7000000000013871
2023-09-12 21:13:59,369 [main] DEBUG balancer.ContainerBalancerTask (ContainerBalancerTask.java:initializeIteration(398)) - Utilization for node d899dca4-e252-4199-9cec-10d31306dd42 with capacity 60845370026B, used 36507222016B, and remaining 24338148010B is 0.600000000006574
2023-09-12 21:13:59,369 [main] DEBUG balancer.ContainerBalancerTask (ContainerBalancerTask.java:initializeIteration(398)) - Utilization for node 3ccbd508-a1b4-4be0-8f3c-a96b6dff91cb with capacity 118111600640B, used 59055800320B, and remaining 59055800320B is 0.5
2023-09-12 21:13:59,369 [main] DEBUG balancer.ContainerBalancerTask (ContainerBalancerTask.java:initializeIteration(398)) - Utilization for node 897c4306-df7f-4c51-8bee-afc3cba66639 with capacity 112742891520B, used 45097156608B, and remaining 67645734912B is 0.4
2023-09-12 21:13:59,369 [main] DEBUG balancer.ContainerBalancerTask (ContainerBalancerTask.java:initializeIteration(398)) - Utilization for node 5a86c019-d694-40ba-a49b-20eda62a5786 with capacity 114532461226B, used 34359738368B, and remaining 80172722858B is 0.3000000000017462
2023-09-12 21:13:59,369 [main] DEBUG balancer.ContainerBalancerTask (ContainerBalancerTask.java:initializeIteration(398)) - Utilization for node 1789e916-fe4a-4cb5-9b98-aa521b25ea12 with capacity 155692564480B, used 31138512896B, and remaining 124554051584B is 0.2
2023-09-12 21:13:59,370 [main] DEBUG balancer.ContainerBalancerTask (ContainerBalancerTask.java:initializeIteration(398)) - Utilization for node 16630c07-1804-488f-9b8b-b48626f0fe02 with capacity 289910292480B, used 28991029248B, and remaining 260919263232B is 0.1
2023-09-12 21:13:59,370 [main] DEBUG balancer.ContainerBalancerTask (ContainerBalancerTask.java:initializeIteration(398)) - Utilization for node 48b2c906-1901-4828-9c57-4c6dd7dd7da7 with capacity 42949672960B, used 0B, and remaining 42949672960B is 0.0
2023-09-12 21:13:59,370 [main] INFO  balancer.ContainerBalancerTask (ContainerBalancerTask.java:initializeIteration(447)) - Container Balancer has identified 5 Over-Utilized and 3 Under-Utilized Datanodes that need to be balanced.
2023-09-12 21:13:59,370 [main] DEBUG balancer.ContainerBalancerTask (ContainerBalancerTask.java:lambda$initializeIteration$1(453)) - Datanode localhost-8.13.101.201 ddcdc942-3ba1-4523-b63f-6bdbdcfc5414 is Over-Utilized.
2023-09-12 21:13:59,370 [main] DEBUG balancer.ContainerBalancerTask (ContainerBalancerTask.java:lambda$initializeIteration$1(453)) - Datanode localhost-77.11.95.238 acf716f8-20ca-42e4-96f8-05ed3313c3ba is Over-Utilized.
2023-09-12 21:13:59,370 [main] DEBUG balancer.ContainerBalancerTask (ContainerBalancerTask.java:lambda$initializeIteration$1(453)) - Datanode localhost-163.36.143.180 a5e4e654-4e7b-43bb-bb54-bbfc5378d7d2 is Over-Utilized.
2023-09-12 21:13:59,370 [main] DEBUG balancer.ContainerBalancerTask (ContainerBalancerTask.java:lambda$initializeIteration$1(453)) - Datanode localhost-128.182.200.80 d899dca4-e252-4199-9cec-10d31306dd42 is Over-Utilized.
2023-09-12 21:13:59,370 [main] DEBUG balancer.ContainerBalancerTask (ContainerBalancerTask.java:lambda$initializeIteration$1(453)) - Datanode localhost-95.165.79.38 3ccbd508-a1b4-4be0-8f3c-a96b6dff91cb is Over-Utilized.
2023-09-12 21:13:59,370 [main] DEBUG balancer.ContainerBalancerTask (ContainerBalancerTask.java:lambda$initializeIteration$2(459)) - Datanode localhost-251.207.202.85 48b2c906-1901-4828-9c57-4c6dd7dd7da7 is Under-Utilized.
2023-09-12 21:13:59,370 [main] DEBUG balancer.ContainerBalancerTask (ContainerBalancerTask.java:lambda$initializeIteration$2(459)) - Datanode localhost-73.188.77.52 16630c07-1804-488f-9b8b-b48626f0fe02 is Under-Utilized.
2023-09-12 21:13:59,370 [main] DEBUG balancer.ContainerBalancerTask (ContainerBalancerTask.java:lambda$initializeIteration$2(459)) - Datanode localhost-173.60.60.88 1789e916-fe4a-4cb5-9b98-aa521b25ea12 is Under-Utilized.
2023-09-12 21:13:59,373 [main] DEBUG balancer.ContainerBalancerTask (ContainerBalancerTask.java:matchSourceWithTarget(708)) - ContainerBalancer is finding suitable target for source datanode ddcdc942-3ba1-4523-b63f-6bdbdcfc5414
2023-09-12 21:13:59,373 [main] INFO  balancer.ContainerBalancerTask (ContainerBalancerTask.java:matchSourceWithTarget(722)) - ContainerBalancer matched source datanode ddcdc942-3ba1-4523-b63f-6bdbdcfc5414 with target datanode 48b2c906-1901-4828-9c57-4c6dd7dd7da7 for container move.
2023-09-12 21:13:59,373 [main] INFO  balancer.ContainerBalancerTask (ContainerBalancerTask.java:processMoveSelection(569)) - ContainerBalancer is trying to move container #85 with size 5368709120B from source datanode ddcdc942-3ba1-4523-b63f-6bdbdcfc5414 to target datanode 48b2c906-1901-4828-9c57-4c6dd7dd7da7
2023-09-12 21:13:59,376 [main] DEBUG balancer.ContainerBalancerTask (ContainerBalancerTask.java:matchSourceWithTarget(708)) - ContainerBalancer is finding suitable target for source datanode acf716f8-20ca-42e4-96f8-05ed3313c3ba
2023-09-12 21:13:59,376 [main] INFO  balancer.ContainerBalancerTask (ContainerBalancerTask.java:matchSourceWithTarget(722)) - ContainerBalancer matched source datanode acf716f8-20ca-42e4-96f8-05ed3313c3ba with target datanode 16630c07-1804-488f-9b8b-b48626f0fe02 for container move.
2023-09-12 21:13:59,376 [main] INFO  balancer.ContainerBalancerTask (ContainerBalancerTask.java:processMoveSelection(569)) - ContainerBalancer is trying to move container #68 with size 5368709120B from source datanode acf716f8-20ca-42e4-96f8-05ed3313c3ba to target datanode 16630c07-1804-488f-9b8b-b48626f0fe02
2023-09-12 21:13:59,376 [Thread-26] INFO  balancer.ContainerBalancerTask (ContainerBalancerTask.java:lambda$moveContainer$3(827)) - Container move for container #85 from source ddcdc942-3ba1-4523-b63f-6bdbdcfc5414 to target 48b2c906-1901-4828-9c57-4c6dd7dd7da7 failed with exceptions.
java.util.concurrent.CompletionException: java.lang.RuntimeException: Runtime Exception after doing work
	at java.util.concurrent.CompletableFuture.encodeThrowable(CompletableFuture.java:273)
	at java.util.concurrent.CompletableFuture.completeThrowable(CompletableFuture.java:280)
	at java.util.concurrent.CompletableFuture$AsyncSupply.run(CompletableFuture.java:1606)
	at java.lang.Thread.run(Thread.java:750)
Caused by: java.lang.RuntimeException: Runtime Exception after doing work
	at org.apache.hadoop.hdds.scm.container.balancer.TestContainerBalancerTask.lambda$checkIterationResultException$11(TestContainerBalancerTask.java:1045)
	at java.util.concurrent.CompletableFuture$AsyncSupply.run(CompletableFuture.java:1604)
	... 1 more
2023-09-12 21:13:59,377 [main] WARN  balancer.ContainerBalancerTask (ContainerBalancerTask.java:moveContainer(851)) - Could not find Container #68 for container move
org.apache.hadoop.hdds.scm.container.ContainerNotFoundException: Test Container not found
	at org.apache.hadoop.hdds.scm.container.balancer.MoveManager.move(MoveManager.java:212)
	at org.apache.hadoop.hdds.scm.container.balancer.ContainerBalancerTask.moveContainer(ContainerBalancerTask.java:819)
	at org.apache.hadoop.hdds.scm.container.balancer.ContainerBalancerTask.processMoveSelection(ContainerBalancerTask.java:576)
	at org.apache.hadoop.hdds.scm.container.balancer.ContainerBalancerTask.doIteration(ContainerBalancerTask.java:534)
	at org.apache.hadoop.hdds.scm.container.balancer.ContainerBalancerTask.balance(ContainerBalancerTask.java:257)
	at org.apache.hadoop.hdds.scm.container.balancer.ContainerBalancerTask.run(ContainerBalancerTask.java:179)
	at org.apache.hadoop.hdds.scm.container.balancer.TestContainerBalancerTask.startBalancer(TestContainerBalancerTask.java:1321)
	at org.apache.hadoop.hdds.scm.container.balancer.TestContainerBalancerTask.checkIterationResultException(TestContainerBalancerTask.java:1051)
	at sun.reflect.NativeMethodAccessorImpl.invoke0(Native Method)
	at sun.reflect.NativeMethodAccessorImpl.invoke(NativeMethodAccessorImpl.java:62)
	at sun.reflect.DelegatingMethodAccessorImpl.invoke(DelegatingMethodAccessorImpl.java:43)
	at java.lang.reflect.Method.invoke(Method.java:498)
	at org.junit.platform.commons.util.ReflectionUtils.invokeMethod(ReflectionUtils.java:725)
	at org.junit.jupiter.engine.execution.MethodInvocation.proceed(MethodInvocation.java:60)
	at org.junit.jupiter.engine.execution.InvocationInterceptorChain$ValidatingInvocation.proceed(InvocationInterceptorChain.java:131)
	at org.junit.jupiter.engine.extension.TimeoutExtension.intercept(TimeoutExtension.java:149)
	at org.junit.jupiter.engine.extension.TimeoutExtension.interceptTestableMethod(TimeoutExtension.java:140)
	at org.junit.jupiter.engine.extension.TimeoutExtension.interceptTestMethod(TimeoutExtension.java:84)
	at org.junit.jupiter.engine.execution.ExecutableInvoker$ReflectiveInterceptorCall.lambda$ofVoidMethod$0(ExecutableInvoker.java:115)
	at org.junit.jupiter.engine.execution.ExecutableInvoker.lambda$invoke$0(ExecutableInvoker.java:105)
	at org.junit.jupiter.engine.execution.InvocationInterceptorChain$InterceptedInvocation.proceed(InvocationInterceptorChain.java:106)
	at org.junit.jupiter.engine.execution.InvocationInterceptorChain.proceed(InvocationInterceptorChain.java:64)
	at org.junit.jupiter.engine.execution.InvocationInterceptorChain.chainAndInvoke(InvocationInterceptorChain.java:45)
	at org.junit.jupiter.engine.execution.InvocationInterceptorChain.invoke(InvocationInterceptorChain.java:37)
	at org.junit.jupiter.engine.execution.ExecutableInvoker.invoke(ExecutableInvoker.java:104)
	at org.junit.jupiter.engine.execution.ExecutableInvoker.invoke(ExecutableInvoker.java:98)
	at org.junit.jupiter.engine.descriptor.TestMethodTestDescriptor.lambda$invokeTestMethod$7(TestMethodTestDescriptor.java:214)
	at org.junit.platform.engine.support.hierarchical.ThrowableCollector.execute(ThrowableCollector.java:73)
	at org.junit.jupiter.engine.descriptor.TestMethodTestDescriptor.invokeTestMethod(TestMethodTestDescriptor.java:210)
	at org.junit.jupiter.engine.descriptor.TestMethodTestDescriptor.execute(TestMethodTestDescriptor.java:135)
	at org.junit.jupiter.engine.descriptor.TestMethodTestDescriptor.execute(TestMethodTestDescriptor.java:66)
	at org.junit.platform.engine.support.hierarchical.NodeTestTask.lambda$executeRecursively$6(NodeTestTask.java:151)
	at org.junit.platform.engine.support.hierarchical.ThrowableCollector.execute(ThrowableCollector.java:73)
	at org.junit.platform.engine.support.hierarchical.NodeTestTask.lambda$executeRecursively$8(NodeTestTask.java:141)
	at org.junit.platform.engine.support.hierarchical.Node.around(Node.java:137)
	at org.junit.platform.engine.support.hierarchical.NodeTestTask.lambda$executeRecursively$9(NodeTestTask.java:139)
	at org.junit.platform.engine.support.hierarchical.ThrowableCollector.execute(ThrowableCollector.java:73)
	at org.junit.platform.engine.support.hierarchical.NodeTestTask.executeRecursively(NodeTestTask.java:138)
	at org.junit.platform.engine.support.hierarchical.NodeTestTask.execute(NodeTestTask.java:95)
	at java.util.ArrayList.forEach(ArrayList.java:1259)
	at org.junit.platform.engine.support.hierarchical.SameThreadHierarchicalTestExecutorService.invokeAll(SameThreadHierarchicalTestExecutorService.java:41)
	at org.junit.platform.engine.support.hierarchical.NodeTestTask.lambda$executeRecursively$6(NodeTestTask.java:155)
	at org.junit.platform.engine.support.hierarchical.ThrowableCollector.execute(ThrowableCollector.java:73)
	at org.junit.platform.engine.support.hierarchical.NodeTestTask.lambda$executeRecursively$8(NodeTestTask.java:141)
	at org.junit.platform.engine.support.hierarchical.Node.around(Node.java:137)
	at org.junit.platform.engine.support.hierarchical.NodeTestTask.lambda$executeRecursively$9(NodeTestTask.java:139)
	at org.junit.platform.engine.support.hierarchical.ThrowableCollector.execute(ThrowableCollector.java:73)
	at org.junit.platform.engine.support.hierarchical.NodeTestTask.executeRecursively(NodeTestTask.java:138)
	at org.junit.platform.engine.support.hierarchical.NodeTestTask.execute(NodeTestTask.java:95)
	at java.util.ArrayList.forEach(ArrayList.java:1259)
	at org.junit.platform.engine.support.hierarchical.SameThreadHierarchicalTestExecutorService.invokeAll(SameThreadHierarchicalTestExecutorService.java:41)
	at org.junit.platform.engine.support.hierarchical.NodeTestTask.lambda$executeRecursively$6(NodeTestTask.java:155)
	at org.junit.platform.engine.support.hierarchical.ThrowableCollector.execute(ThrowableCollector.java:73)
	at org.junit.platform.engine.support.hierarchical.NodeTestTask.lambda$executeRecursively$8(NodeTestTask.java:141)
	at org.junit.platform.engine.support.hierarchical.Node.around(Node.java:137)
	at org.junit.platform.engine.support.hierarchical.NodeTestTask.lambda$executeRecursively$9(NodeTestTask.java:139)
	at org.junit.platform.engine.support.hierarchical.ThrowableCollector.execute(ThrowableCollector.java:73)
	at org.junit.platform.engine.support.hierarchical.NodeTestTask.executeRecursively(NodeTestTask.java:138)
	at org.junit.platform.engine.support.hierarchical.NodeTestTask.execute(NodeTestTask.java:95)
	at org.junit.platform.engine.support.hierarchical.SameThreadHierarchicalTestExecutorService.submit(SameThreadHierarchicalTestExecutorService.java:35)
	at org.junit.platform.engine.support.hierarchical.HierarchicalTestExecutor.execute(HierarchicalTestExecutor.java:57)
	at org.junit.platform.engine.support.hierarchical.HierarchicalTestEngine.execute(HierarchicalTestEngine.java:54)
	at org.junit.platform.launcher.core.EngineExecutionOrchestrator.execute(EngineExecutionOrchestrator.java:107)
	at org.junit.platform.launcher.core.EngineExecutionOrchestrator.execute(EngineExecutionOrchestrator.java:88)
	at org.junit.platform.launcher.core.EngineExecutionOrchestrator.lambda$execute$0(EngineExecutionOrchestrator.java:54)
	at org.junit.platform.launcher.core.EngineExecutionOrchestrator.withInterceptedStreams(EngineExecutionOrchestrator.java:67)
	at org.junit.platform.launcher.core.EngineExecutionOrchestrator.execute(EngineExecutionOrchestrator.java:52)
	at org.junit.platform.launcher.core.DefaultLauncher.execute(DefaultLauncher.java:114)
	at org.junit.platform.launcher.core.DefaultLauncher.execute(DefaultLauncher.java:86)
	at org.junit.platform.launcher.core.DefaultLauncherSession$DelegatingLauncher.execute(DefaultLauncherSession.java:86)
	at org.junit.platform.launcher.core.SessionPerRequestLauncher.execute(SessionPerRequestLauncher.java:53)
	at org.apache.maven.surefire.junitplatform.JUnitPlatformProvider.execute(JUnitPlatformProvider.java:188)
	at org.apache.maven.surefire.junitplatform.JUnitPlatformProvider.invokeAllTests(JUnitPlatformProvider.java:154)
	at org.apache.maven.surefire.junitplatform.JUnitPlatformProvider.invoke(JUnitPlatformProvider.java:124)
	at org.apache.maven.surefire.booter.ForkedBooter.runSuitesInProcess(ForkedBooter.java:428)
	at org.apache.maven.surefire.booter.ForkedBooter.execute(ForkedBooter.java:162)
	at org.apache.maven.surefire.booter.ForkedBooter.run(ForkedBooter.java:562)
	at org.apache.maven.surefire.booter.ForkedBooter.main(ForkedBooter.java:548)
2023-09-12 21:13:59,380 [main] DEBUG balancer.ContainerBalancerTask (ContainerBalancerTask.java:matchSourceWithTarget(708)) - ContainerBalancer is finding suitable target for source datanode ddcdc942-3ba1-4523-b63f-6bdbdcfc5414
2023-09-12 21:13:59,381 [main] INFO  balancer.ContainerBalancerTask (ContainerBalancerTask.java:matchSourceWithTarget(722)) - ContainerBalancer matched source datanode ddcdc942-3ba1-4523-b63f-6bdbdcfc5414 with target datanode 16630c07-1804-488f-9b8b-b48626f0fe02 for container move.
2023-09-12 21:13:59,381 [main] INFO  balancer.ContainerBalancerTask (ContainerBalancerTask.java:processMoveSelection(569)) - ContainerBalancer is trying to move container #84 with size 4294967296B from source datanode ddcdc942-3ba1-4523-b63f-6bdbdcfc5414 to target datanode 16630c07-1804-488f-9b8b-b48626f0fe02
2023-09-12 21:13:59,381 [main] INFO  balancer.ContainerBalancerTask (ContainerBalancerTask.java:lambda$moveContainer$3(827)) - Container move for container #84 from source ddcdc942-3ba1-4523-b63f-6bdbdcfc5414 to target 16630c07-1804-488f-9b8b-b48626f0fe02 failed with exceptions.
java.lang.RuntimeException: Runtime Exception
	at org.apache.hadoop.hdds.scm.container.balancer.TestContainerBalancerTask.checkIterationResultException(TestContainerBalancerTask.java:1002)
	at sun.reflect.NativeMethodAccessorImpl.invoke0(Native Method)
	at sun.reflect.NativeMethodAccessorImpl.invoke(NativeMethodAccessorImpl.java:62)
	at sun.reflect.DelegatingMethodAccessorImpl.invoke(DelegatingMethodAccessorImpl.java:43)
	at java.lang.reflect.Method.invoke(Method.java:498)
	at org.junit.platform.commons.util.ReflectionUtils.invokeMethod(ReflectionUtils.java:725)
	at org.junit.jupiter.engine.execution.MethodInvocation.proceed(MethodInvocation.java:60)
	at org.junit.jupiter.engine.execution.InvocationInterceptorChain$ValidatingInvocation.proceed(InvocationInterceptorChain.java:131)
	at org.junit.jupiter.engine.extension.TimeoutExtension.intercept(TimeoutExtension.java:149)
	at org.junit.jupiter.engine.extension.TimeoutExtension.interceptTestableMethod(TimeoutExtension.java:140)
	at org.junit.jupiter.engine.extension.TimeoutExtension.interceptTestMethod(TimeoutExtension.java:84)
	at org.junit.jupiter.engine.execution.ExecutableInvoker$ReflectiveInterceptorCall.lambda$ofVoidMethod$0(ExecutableInvoker.java:115)
	at org.junit.jupiter.engine.execution.ExecutableInvoker.lambda$invoke$0(ExecutableInvoker.java:105)
	at org.junit.jupiter.engine.execution.InvocationInterceptorChain$InterceptedInvocation.proceed(InvocationInterceptorChain.java:106)
	at org.junit.jupiter.engine.execution.InvocationInterceptorChain.proceed(InvocationInterceptorChain.java:64)
	at org.junit.jupiter.engine.execution.InvocationInterceptorChain.chainAndInvoke(InvocationInterceptorChain.java:45)
	at org.junit.jupiter.engine.execution.InvocationInterceptorChain.invoke(InvocationInterceptorChain.java:37)
	at org.junit.jupiter.engine.execution.ExecutableInvoker.invoke(ExecutableInvoker.java:104)
	at org.junit.jupiter.engine.execution.ExecutableInvoker.invoke(ExecutableInvoker.java:98)
	at org.junit.jupiter.engine.descriptor.TestMethodTestDescriptor.lambda$invokeTestMethod$7(TestMethodTestDescriptor.java:214)
	at org.junit.platform.engine.support.hierarchical.ThrowableCollector.execute(ThrowableCollector.java:73)
	at org.junit.jupiter.engine.descriptor.TestMethodTestDescriptor.invokeTestMethod(TestMethodTestDescriptor.java:210)
	at org.junit.jupiter.engine.descriptor.TestMethodTestDescriptor.execute(TestMethodTestDescriptor.java:135)
	at org.junit.jupiter.engine.descriptor.TestMethodTestDescriptor.execute(TestMethodTestDescriptor.java:66)
	at org.junit.platform.engine.support.hierarchical.NodeTestTask.lambda$executeRecursively$6(NodeTestTask.java:151)
	at org.junit.platform.engine.support.hierarchical.ThrowableCollector.execute(ThrowableCollector.java:73)
	at org.junit.platform.engine.support.hierarchical.NodeTestTask.lambda$executeRecursively$8(NodeTestTask.java:141)
	at org.junit.platform.engine.support.hierarchical.Node.around(Node.java:137)
	at org.junit.platform.engine.support.hierarchical.NodeTestTask.lambda$executeRecursively$9(NodeTestTask.java:139)
	at org.junit.platform.engine.support.hierarchical.ThrowableCollector.execute(ThrowableCollector.java:73)
	at org.junit.platform.engine.support.hierarchical.NodeTestTask.executeRecursively(NodeTestTask.java:138)
	at org.junit.platform.engine.support.hierarchical.NodeTestTask.execute(NodeTestTask.java:95)
	at java.util.ArrayList.forEach(ArrayList.java:1259)
	at org.junit.platform.engine.support.hierarchical.SameThreadHierarchicalTestExecutorService.invokeAll(SameThreadHierarchicalTestExecutorService.java:41)
	at org.junit.platform.engine.support.hierarchical.NodeTestTask.lambda$executeRecursively$6(NodeTestTask.java:155)
	at org.junit.platform.engine.support.hierarchical.ThrowableCollector.execute(ThrowableCollector.java:73)
	at org.junit.platform.engine.support.hierarchical.NodeTestTask.lambda$executeRecursively$8(NodeTestTask.java:141)
	at org.junit.platform.engine.support.hierarchical.Node.around(Node.java:137)
	at org.junit.platform.engine.support.hierarchical.NodeTestTask.lambda$executeRecursively$9(NodeTestTask.java:139)
	at org.junit.platform.engine.support.hierarchical.ThrowableCollector.execute(ThrowableCollector.java:73)
	at org.junit.platform.engine.support.hierarchical.NodeTestTask.executeRecursively(NodeTestTask.java:138)
	at org.junit.platform.engine.support.hierarchical.NodeTestTask.execute(NodeTestTask.java:95)
	at java.util.ArrayList.forEach(ArrayList.java:1259)
	at org.junit.platform.engine.support.hierarchical.SameThreadHierarchicalTestExecutorService.invokeAll(SameThreadHierarchicalTestExecutorService.java:41)
	at org.junit.platform.engine.support.hierarchical.NodeTestTask.lambda$executeRecursively$6(NodeTestTask.java:155)
	at org.junit.platform.engine.support.hierarchical.ThrowableCollector.execute(ThrowableCollector.java:73)
	at org.junit.platform.engine.support.hierarchical.NodeTestTask.lambda$executeRecursively$8(NodeTestTask.java:141)
	at org.junit.platform.engine.support.hierarchical.Node.around(Node.java:137)
	at org.junit.platform.engine.support.hierarchical.NodeTestTask.lambda$executeRecursively$9(NodeTestTask.java:139)
	at org.junit.platform.engine.support.hierarchical.ThrowableCollector.execute(ThrowableCollector.java:73)
	at org.junit.platform.engine.support.hierarchical.NodeTestTask.executeRecursively(NodeTestTask.java:138)
	at org.junit.platform.engine.support.hierarchical.NodeTestTask.execute(NodeTestTask.java:95)
	at org.junit.platform.engine.support.hierarchical.SameThreadHierarchicalTestExecutorService.submit(SameThreadHierarchicalTestExecutorService.java:35)
	at org.junit.platform.engine.support.hierarchical.HierarchicalTestExecutor.execute(HierarchicalTestExecutor.java:57)
	at org.junit.platform.engine.support.hierarchical.HierarchicalTestEngine.execute(HierarchicalTestEngine.java:54)
	at org.junit.platform.launcher.core.EngineExecutionOrchestrator.execute(EngineExecutionOrchestrator.java:107)
	at org.junit.platform.launcher.core.EngineExecutionOrchestrator.execute(EngineExecutionOrchestrator.java:88)
	at org.junit.platform.launcher.core.EngineExecutionOrchestrator.lambda$execute$0(EngineExecutionOrchestrator.java:54)
	at org.junit.platform.launcher.core.EngineExecutionOrchestrator.withInterceptedStreams(EngineExecutionOrchestrator.java:67)
	at org.junit.platform.launcher.core.EngineExecutionOrchestrator.execute(EngineExecutionOrchestrator.java:52)
	at org.junit.platform.launcher.core.DefaultLauncher.execute(DefaultLauncher.java:114)
	at org.junit.platform.launcher.core.DefaultLauncher.execute(DefaultLauncher.java:86)
	at org.junit.platform.launcher.core.DefaultLauncherSession$DelegatingLauncher.execute(DefaultLauncherSession.java:86)
	at org.junit.platform.launcher.core.SessionPerRequestLauncher.execute(SessionPerRequestLauncher.java:53)
	at org.apache.maven.surefire.junitplatform.JUnitPlatformProvider.execute(JUnitPlatformProvider.java:188)
	at org.apache.maven.surefire.junitplatform.JUnitPlatformProvider.invokeAllTests(JUnitPlatformProvider.java:154)
	at org.apache.maven.surefire.junitplatform.JUnitPlatformProvider.invoke(JUnitPlatformProvider.java:124)
	at org.apache.maven.surefire.booter.ForkedBooter.runSuitesInProcess(ForkedBooter.java:428)
	at org.apache.maven.surefire.booter.ForkedBooter.execute(ForkedBooter.java:162)
	at org.apache.maven.surefire.booter.ForkedBooter.run(ForkedBooter.java:562)
	at org.apache.maven.surefire.booter.ForkedBooter.main(ForkedBooter.java:548)
2023-09-12 21:13:59,384 [main] DEBUG balancer.ContainerBalancerTask (ContainerBalancerTask.java:matchSourceWithTarget(708)) - ContainerBalancer is finding suitable target for source datanode a5e4e654-4e7b-43bb-bb54-bbfc5378d7d2
2023-09-12 21:13:59,384 [main] INFO  balancer.ContainerBalancerTask (ContainerBalancerTask.java:matchSourceWithTarget(722)) - ContainerBalancer matched source datanode a5e4e654-4e7b-43bb-bb54-bbfc5378d7d2 with target datanode 16630c07-1804-488f-9b8b-b48626f0fe02 for container move.
2023-09-12 21:13:59,384 [main] INFO  balancer.ContainerBalancerTask (ContainerBalancerTask.java:processMoveSelection(569)) - ContainerBalancer is trying to move container #53 with size 5368709120B from source datanode a5e4e654-4e7b-43bb-bb54-bbfc5378d7d2 to target datanode 16630c07-1804-488f-9b8b-b48626f0fe02
2023-09-12 21:13:59,385 [main] INFO  balancer.ContainerBalancerTask (ContainerBalancerTask.java:lambda$moveContainer$3(827)) - Container move for container #53 from source a5e4e654-4e7b-43bb-bb54-bbfc5378d7d2 to target 16630c07-1804-488f-9b8b-b48626f0fe02 failed with exceptions.
java.lang.RuntimeException: Runtime Exception
	at org.apache.hadoop.hdds.scm.container.balancer.TestContainerBalancerTask.checkIterationResultException(TestContainerBalancerTask.java:1002)
	at sun.reflect.NativeMethodAccessorImpl.invoke0(Native Method)
	at sun.reflect.NativeMethodAccessorImpl.invoke(NativeMethodAccessorImpl.java:62)
	at sun.reflect.DelegatingMethodAccessorImpl.invoke(DelegatingMethodAccessorImpl.java:43)
	at java.lang.reflect.Method.invoke(Method.java:498)
	at org.junit.platform.commons.util.ReflectionUtils.invokeMethod(ReflectionUtils.java:725)
	at org.junit.jupiter.engine.execution.MethodInvocation.proceed(MethodInvocation.java:60)
	at org.junit.jupiter.engine.execution.InvocationInterceptorChain$ValidatingInvocation.proceed(InvocationInterceptorChain.java:131)
	at org.junit.jupiter.engine.extension.TimeoutExtension.intercept(TimeoutExtension.java:149)
	at org.junit.jupiter.engine.extension.TimeoutExtension.interceptTestableMethod(TimeoutExtension.java:140)
	at org.junit.jupiter.engine.extension.TimeoutExtension.interceptTestMethod(TimeoutExtension.java:84)
	at org.junit.jupiter.engine.execution.ExecutableInvoker$ReflectiveInterceptorCall.lambda$ofVoidMethod$0(ExecutableInvoker.java:115)
	at org.junit.jupiter.engine.execution.ExecutableInvoker.lambda$invoke$0(ExecutableInvoker.java:105)
	at org.junit.jupiter.engine.execution.InvocationInterceptorChain$InterceptedInvocation.proceed(InvocationInterceptorChain.java:106)
	at org.junit.jupiter.engine.execution.InvocationInterceptorChain.proceed(InvocationInterceptorChain.java:64)
	at org.junit.jupiter.engine.execution.InvocationInterceptorChain.chainAndInvoke(InvocationInterceptorChain.java:45)
	at org.junit.jupiter.engine.execution.InvocationInterceptorChain.invoke(InvocationInterceptorChain.java:37)
	at org.junit.jupiter.engine.execution.ExecutableInvoker.invoke(ExecutableInvoker.java:104)
	at org.junit.jupiter.engine.execution.ExecutableInvoker.invoke(ExecutableInvoker.java:98)
	at org.junit.jupiter.engine.descriptor.TestMethodTestDescriptor.lambda$invokeTestMethod$7(TestMethodTestDescriptor.java:214)
	at org.junit.platform.engine.support.hierarchical.ThrowableCollector.execute(ThrowableCollector.java:73)
	at org.junit.jupiter.engine.descriptor.TestMethodTestDescriptor.invokeTestMethod(TestMethodTestDescriptor.java:210)
	at org.junit.jupiter.engine.descriptor.TestMethodTestDescriptor.execute(TestMethodTestDescriptor.java:135)
	at org.junit.jupiter.engine.descriptor.TestMethodTestDescriptor.execute(TestMethodTestDescriptor.java:66)
	at org.junit.platform.engine.support.hierarchical.NodeTestTask.lambda$executeRecursively$6(NodeTestTask.java:151)
	at org.junit.platform.engine.support.hierarchical.ThrowableCollector.execute(ThrowableCollector.java:73)
	at org.junit.platform.engine.support.hierarchical.NodeTestTask.lambda$executeRecursively$8(NodeTestTask.java:141)
	at org.junit.platform.engine.support.hierarchical.Node.around(Node.java:137)
	at org.junit.platform.engine.support.hierarchical.NodeTestTask.lambda$executeRecursively$9(NodeTestTask.java:139)
	at org.junit.platform.engine.support.hierarchical.ThrowableCollector.execute(ThrowableCollector.java:73)
	at org.junit.platform.engine.support.hierarchical.NodeTestTask.executeRecursively(NodeTestTask.java:138)
	at org.junit.platform.engine.support.hierarchical.NodeTestTask.execute(NodeTestTask.java:95)
	at java.util.ArrayList.forEach(ArrayList.java:1259)
	at org.junit.platform.engine.support.hierarchical.SameThreadHierarchicalTestExecutorService.invokeAll(SameThreadHierarchicalTestExecutorService.java:41)
	at org.junit.platform.engine.support.hierarchical.NodeTestTask.lambda$executeRecursively$6(NodeTestTask.java:155)
	at org.junit.platform.engine.support.hierarchical.ThrowableCollector.execute(ThrowableCollector.java:73)
	at org.junit.platform.engine.support.hierarchical.NodeTestTask.lambda$executeRecursively$8(NodeTestTask.java:141)
	at org.junit.platform.engine.support.hierarchical.Node.around(Node.java:137)
	at org.junit.platform.engine.support.hierarchical.NodeTestTask.lambda$executeRecursively$9(NodeTestTask.java:139)
	at org.junit.platform.engine.support.hierarchical.ThrowableCollector.execute(ThrowableCollector.java:73)
	at org.junit.platform.engine.support.hierarchical.NodeTestTask.executeRecursively(NodeTestTask.java:138)
	at org.junit.platform.engine.support.hierarchical.NodeTestTask.execute(NodeTestTask.java:95)
	at java.util.ArrayList.forEach(ArrayList.java:1259)
	at org.junit.platform.engine.support.hierarchical.SameThreadHierarchicalTestExecutorService.invokeAll(SameThreadHierarchicalTestExecutorService.java:41)
	at org.junit.platform.engine.support.hierarchical.NodeTestTask.lambda$executeRecursively$6(NodeTestTask.java:155)
	at org.junit.platform.engine.support.hierarchical.ThrowableCollector.execute(ThrowableCollector.java:73)
	at org.junit.platform.engine.support.hierarchical.NodeTestTask.lambda$executeRecursively$8(NodeTestTask.java:141)
	at org.junit.platform.engine.support.hierarchical.Node.around(Node.java:137)
	at org.junit.platform.engine.support.hierarchical.NodeTestTask.lambda$executeRecursively$9(NodeTestTask.java:139)
	at org.junit.platform.engine.support.hierarchical.ThrowableCollector.execute(ThrowableCollector.java:73)
	at org.junit.platform.engine.support.hierarchical.NodeTestTask.executeRecursively(NodeTestTask.java:138)
	at org.junit.platform.engine.support.hierarchical.NodeTestTask.execute(NodeTestTask.java:95)
	at org.junit.platform.engine.support.hierarchical.SameThreadHierarchicalTestExecutorService.submit(SameThreadHierarchicalTestExecutorService.java:35)
	at org.junit.platform.engine.support.hierarchical.HierarchicalTestExecutor.execute(HierarchicalTestExecutor.java:57)
	at org.junit.platform.engine.support.hierarchical.HierarchicalTestEngine.execute(HierarchicalTestEngine.java:54)
	at org.junit.platform.launcher.core.EngineExecutionOrchestrator.execute(EngineExecutionOrchestrator.java:107)
	at org.junit.platform.launcher.core.EngineExecutionOrchestrator.execute(EngineExecutionOrchestrator.java:88)
	at org.junit.platform.launcher.core.EngineExecutionOrchestrator.lambda$execute$0(EngineExecutionOrchestrator.java:54)
	at org.junit.platform.launcher.core.EngineExecutionOrchestrator.withInterceptedStreams(EngineExecutionOrchestrator.java:67)
	at org.junit.platform.launcher.core.EngineExecutionOrchestrator.execute(EngineExecutionOrchestrator.java:52)
	at org.junit.platform.launcher.core.DefaultLauncher.execute(DefaultLauncher.java:114)
	at org.junit.platform.launcher.core.DefaultLauncher.execute(DefaultLauncher.java:86)
	at org.junit.platform.launcher.core.DefaultLauncherSession$DelegatingLauncher.execute(DefaultLauncherSession.java:86)
	at org.junit.platform.launcher.core.SessionPerRequestLauncher.execute(SessionPerRequestLauncher.java:53)
	at org.apache.maven.surefire.junitplatform.JUnitPlatformProvider.execute(JUnitPlatformProvider.java:188)
	at org.apache.maven.surefire.junitplatform.JUnitPlatformProvider.invokeAllTests(JUnitPlatformProvider.java:154)
	at org.apache.maven.surefire.junitplatform.JUnitPlatformProvider.invoke(JUnitPlatformProvider.java:124)
	at org.apache.maven.surefire.booter.ForkedBooter.runSuitesInProcess(ForkedBooter.java:428)
	at org.apache.maven.surefire.booter.ForkedBooter.execute(ForkedBooter.java:162)
	at org.apache.maven.surefire.booter.ForkedBooter.run(ForkedBooter.java:562)
	at org.apache.maven.surefire.booter.ForkedBooter.main(ForkedBooter.java:548)
2023-09-12 21:13:59,387 [main] DEBUG balancer.ContainerBalancerTask (ContainerBalancerTask.java:matchSourceWithTarget(708)) - ContainerBalancer is finding suitable target for source datanode d899dca4-e252-4199-9cec-10d31306dd42
2023-09-12 21:13:59,387 [main] INFO  balancer.ContainerBalancerTask (ContainerBalancerTask.java:matchSourceWithTarget(722)) - ContainerBalancer matched source datanode d899dca4-e252-4199-9cec-10d31306dd42 with target datanode 16630c07-1804-488f-9b8b-b48626f0fe02 for container move.
2023-09-12 21:13:59,387 [main] INFO  balancer.ContainerBalancerTask (ContainerBalancerTask.java:processMoveSelection(569)) - ContainerBalancer is trying to move container #40 with size 5368709120B from source datanode d899dca4-e252-4199-9cec-10d31306dd42 to target datanode 16630c07-1804-488f-9b8b-b48626f0fe02
2023-09-12 21:13:59,387 [main] INFO  balancer.ContainerBalancerTask (ContainerBalancerTask.java:lambda$moveContainer$3(827)) - Container move for container #40 from source d899dca4-e252-4199-9cec-10d31306dd42 to target 16630c07-1804-488f-9b8b-b48626f0fe02 failed with exceptions.
java.lang.RuntimeException: Runtime Exception
	at org.apache.hadoop.hdds.scm.container.balancer.TestContainerBalancerTask.checkIterationResultException(TestContainerBalancerTask.java:1002)
	at sun.reflect.NativeMethodAccessorImpl.invoke0(Native Method)
	at sun.reflect.NativeMethodAccessorImpl.invoke(NativeMethodAccessorImpl.java:62)
	at sun.reflect.DelegatingMethodAccessorImpl.invoke(DelegatingMethodAccessorImpl.java:43)
	at java.lang.reflect.Method.invoke(Method.java:498)
	at org.junit.platform.commons.util.ReflectionUtils.invokeMethod(ReflectionUtils.java:725)
	at org.junit.jupiter.engine.execution.MethodInvocation.proceed(MethodInvocation.java:60)
	at org.junit.jupiter.engine.execution.InvocationInterceptorChain$ValidatingInvocation.proceed(InvocationInterceptorChain.java:131)
	at org.junit.jupiter.engine.extension.TimeoutExtension.intercept(TimeoutExtension.java:149)
	at org.junit.jupiter.engine.extension.TimeoutExtension.interceptTestableMethod(TimeoutExtension.java:140)
	at org.junit.jupiter.engine.extension.TimeoutExtension.interceptTestMethod(TimeoutExtension.java:84)
	at org.junit.jupiter.engine.execution.ExecutableInvoker$ReflectiveInterceptorCall.lambda$ofVoidMethod$0(ExecutableInvoker.java:115)
	at org.junit.jupiter.engine.execution.ExecutableInvoker.lambda$invoke$0(ExecutableInvoker.java:105)
	at org.junit.jupiter.engine.execution.InvocationInterceptorChain$InterceptedInvocation.proceed(InvocationInterceptorChain.java:106)
	at org.junit.jupiter.engine.execution.InvocationInterceptorChain.proceed(InvocationInterceptorChain.java:64)
	at org.junit.jupiter.engine.execution.InvocationInterceptorChain.chainAndInvoke(InvocationInterceptorChain.java:45)
	at org.junit.jupiter.engine.execution.InvocationInterceptorChain.invoke(InvocationInterceptorChain.java:37)
	at org.junit.jupiter.engine.execution.ExecutableInvoker.invoke(ExecutableInvoker.java:104)
	at org.junit.jupiter.engine.execution.ExecutableInvoker.invoke(ExecutableInvoker.java:98)
	at org.junit.jupiter.engine.descriptor.TestMethodTestDescriptor.lambda$invokeTestMethod$7(TestMethodTestDescriptor.java:214)
	at org.junit.platform.engine.support.hierarchical.ThrowableCollector.execute(ThrowableCollector.java:73)
	at org.junit.jupiter.engine.descriptor.TestMethodTestDescriptor.invokeTestMethod(TestMethodTestDescriptor.java:210)
	at org.junit.jupiter.engine.descriptor.TestMethodTestDescriptor.execute(TestMethodTestDescriptor.java:135)
	at org.junit.jupiter.engine.descriptor.TestMethodTestDescriptor.execute(TestMethodTestDescriptor.java:66)
	at org.junit.platform.engine.support.hierarchical.NodeTestTask.lambda$executeRecursively$6(NodeTestTask.java:151)
	at org.junit.platform.engine.support.hierarchical.ThrowableCollector.execute(ThrowableCollector.java:73)
	at org.junit.platform.engine.support.hierarchical.NodeTestTask.lambda$executeRecursively$8(NodeTestTask.java:141)
	at org.junit.platform.engine.support.hierarchical.Node.around(Node.java:137)
	at org.junit.platform.engine.support.hierarchical.NodeTestTask.lambda$executeRecursively$9(NodeTestTask.java:139)
	at org.junit.platform.engine.support.hierarchical.ThrowableCollector.execute(ThrowableCollector.java:73)
	at org.junit.platform.engine.support.hierarchical.NodeTestTask.executeRecursively(NodeTestTask.java:138)
	at org.junit.platform.engine.support.hierarchical.NodeTestTask.execute(NodeTestTask.java:95)
	at java.util.ArrayList.forEach(ArrayList.java:1259)
	at org.junit.platform.engine.support.hierarchical.SameThreadHierarchicalTestExecutorService.invokeAll(SameThreadHierarchicalTestExecutorService.java:41)
	at org.junit.platform.engine.support.hierarchical.NodeTestTask.lambda$executeRecursively$6(NodeTestTask.java:155)
	at org.junit.platform.engine.support.hierarchical.ThrowableCollector.execute(ThrowableCollector.java:73)
	at org.junit.platform.engine.support.hierarchical.NodeTestTask.lambda$executeRecursively$8(NodeTestTask.java:141)
	at org.junit.platform.engine.support.hierarchical.Node.around(Node.java:137)
	at org.junit.platform.engine.support.hierarchical.NodeTestTask.lambda$executeRecursively$9(NodeTestTask.java:139)
	at org.junit.platform.engine.support.hierarchical.ThrowableCollector.execute(ThrowableCollector.java:73)
	at org.junit.platform.engine.support.hierarchical.NodeTestTask.executeRecursively(NodeTestTask.java:138)
	at org.junit.platform.engine.support.hierarchical.NodeTestTask.execute(NodeTestTask.java:95)
	at java.util.ArrayList.forEach(ArrayList.java:1259)
	at org.junit.platform.engine.support.hierarchical.SameThreadHierarchicalTestExecutorService.invokeAll(SameThreadHierarchicalTestExecutorService.java:41)
	at org.junit.platform.engine.support.hierarchical.NodeTestTask.lambda$executeRecursively$6(NodeTestTask.java:155)
	at org.junit.platform.engine.support.hierarchical.ThrowableCollector.execute(ThrowableCollector.java:73)
	at org.junit.platform.engine.support.hierarchical.NodeTestTask.lambda$executeRecursively$8(NodeTestTask.java:141)
	at org.junit.platform.engine.support.hierarchical.Node.around(Node.java:137)
	at org.junit.platform.engine.support.hierarchical.NodeTestTask.lambda$executeRecursively$9(NodeTestTask.java:139)
	at org.junit.platform.engine.support.hierarchical.ThrowableCollector.execute(ThrowableCollector.java:73)
	at org.junit.platform.engine.support.hierarchical.NodeTestTask.executeRecursively(NodeTestTask.java:138)
	at org.junit.platform.engine.support.hierarchical.NodeTestTask.execute(NodeTestTask.java:95)
	at org.junit.platform.engine.support.hierarchical.SameThreadHierarchicalTestExecutorService.submit(SameThreadHierarchicalTestExecutorService.java:35)
	at org.junit.platform.engine.support.hierarchical.HierarchicalTestExecutor.execute(HierarchicalTestExecutor.java:57)
	at org.junit.platform.engine.support.hierarchical.HierarchicalTestEngine.execute(HierarchicalTestEngine.java:54)
	at org.junit.platform.launcher.core.EngineExecutionOrchestrator.execute(EngineExecutionOrchestrator.java:107)
	at org.junit.platform.launcher.core.EngineExecutionOrchestrator.execute(EngineExecutionOrchestrator.java:88)
	at org.junit.platform.launcher.core.EngineExecutionOrchestrator.lambda$execute$0(EngineExecutionOrchestrator.java:54)
	at org.junit.platform.launcher.core.EngineExecutionOrchestrator.withInterceptedStreams(EngineExecutionOrchestrator.java:67)
	at org.junit.platform.launcher.core.EngineExecutionOrchestrator.execute(EngineExecutionOrchestrator.java:52)
	at org.junit.platform.launcher.core.DefaultLauncher.execute(DefaultLauncher.java:114)
	at org.junit.platform.launcher.core.DefaultLauncher.execute(DefaultLauncher.java:86)
	at org.junit.platform.launcher.core.DefaultLauncherSession$DelegatingLauncher.execute(DefaultLauncherSession.java:86)
	at org.junit.platform.launcher.core.SessionPerRequestLauncher.execute(SessionPerRequestLauncher.java:53)
	at org.apache.maven.surefire.junitplatform.JUnitPlatformProvider.execute(JUnitPlatformProvider.java:188)
	at org.apache.maven.surefire.junitplatform.JUnitPlatformProvider.invokeAllTests(JUnitPlatformProvider.java:154)
	at org.apache.maven.surefire.junitplatform.JUnitPlatformProvider.invoke(JUnitPlatformProvider.java:124)
	at org.apache.maven.surefire.booter.ForkedBooter.runSuitesInProcess(ForkedBooter.java:428)
	at org.apache.maven.surefire.booter.ForkedBooter.execute(ForkedBooter.java:162)
	at org.apache.maven.surefire.booter.ForkedBooter.run(ForkedBooter.java:562)
	at org.apache.maven.surefire.booter.ForkedBooter.main(ForkedBooter.java:548)
2023-09-12 21:13:59,391 [main] DEBUG balancer.ContainerBalancerTask (ContainerBalancerTask.java:matchSourceWithTarget(708)) - ContainerBalancer is finding suitable target for source datanode 3ccbd508-a1b4-4be0-8f3c-a96b6dff91cb
2023-09-12 21:13:59,391 [main] INFO  balancer.ContainerBalancerTask (ContainerBalancerTask.java:matchSourceWithTarget(722)) - ContainerBalancer matched source datanode 3ccbd508-a1b4-4be0-8f3c-a96b6dff91cb with target datanode 16630c07-1804-488f-9b8b-b48626f0fe02 for container move.
2023-09-12 21:13:59,391 [main] INFO  balancer.ContainerBalancerTask (ContainerBalancerTask.java:processMoveSelection(569)) - ContainerBalancer is trying to move container #53 with size 5368709120B from source datanode 3ccbd508-a1b4-4be0-8f3c-a96b6dff91cb to target datanode 16630c07-1804-488f-9b8b-b48626f0fe02
2023-09-12 21:13:59,391 [main] INFO  balancer.ContainerBalancerTask (ContainerBalancerTask.java:lambda$moveContainer$3(827)) - Container move for container #53 from source 3ccbd508-a1b4-4be0-8f3c-a96b6dff91cb to target 16630c07-1804-488f-9b8b-b48626f0fe02 failed with exceptions.
java.lang.RuntimeException: Runtime Exception
	at org.apache.hadoop.hdds.scm.container.balancer.TestContainerBalancerTask.checkIterationResultException(TestContainerBalancerTask.java:1002)
	at sun.reflect.NativeMethodAccessorImpl.invoke0(Native Method)
	at sun.reflect.NativeMethodAccessorImpl.invoke(NativeMethodAccessorImpl.java:62)
	at sun.reflect.DelegatingMethodAccessorImpl.invoke(DelegatingMethodAccessorImpl.java:43)
	at java.lang.reflect.Method.invoke(Method.java:498)
	at org.junit.platform.commons.util.ReflectionUtils.invokeMethod(ReflectionUtils.java:725)
	at org.junit.jupiter.engine.execution.MethodInvocation.proceed(MethodInvocation.java:60)
	at org.junit.jupiter.engine.execution.InvocationInterceptorChain$ValidatingInvocation.proceed(InvocationInterceptorChain.java:131)
	at org.junit.jupiter.engine.extension.TimeoutExtension.intercept(TimeoutExtension.java:149)
	at org.junit.jupiter.engine.extension.TimeoutExtension.interceptTestableMethod(TimeoutExtension.java:140)
	at org.junit.jupiter.engine.extension.TimeoutExtension.interceptTestMethod(TimeoutExtension.java:84)
	at org.junit.jupiter.engine.execution.ExecutableInvoker$ReflectiveInterceptorCall.lambda$ofVoidMethod$0(ExecutableInvoker.java:115)
	at org.junit.jupiter.engine.execution.ExecutableInvoker.lambda$invoke$0(ExecutableInvoker.java:105)
	at org.junit.jupiter.engine.execution.InvocationInterceptorChain$InterceptedInvocation.proceed(InvocationInterceptorChain.java:106)
	at org.junit.jupiter.engine.execution.InvocationInterceptorChain.proceed(InvocationInterceptorChain.java:64)
	at org.junit.jupiter.engine.execution.InvocationInterceptorChain.chainAndInvoke(InvocationInterceptorChain.java:45)
	at org.junit.jupiter.engine.execution.InvocationInterceptorChain.invoke(InvocationInterceptorChain.java:37)
	at org.junit.jupiter.engine.execution.ExecutableInvoker.invoke(ExecutableInvoker.java:104)
	at org.junit.jupiter.engine.execution.ExecutableInvoker.invoke(ExecutableInvoker.java:98)
	at org.junit.jupiter.engine.descriptor.TestMethodTestDescriptor.lambda$invokeTestMethod$7(TestMethodTestDescriptor.java:214)
	at org.junit.platform.engine.support.hierarchical.ThrowableCollector.execute(ThrowableCollector.java:73)
	at org.junit.jupiter.engine.descriptor.TestMethodTestDescriptor.invokeTestMethod(TestMethodTestDescriptor.java:210)
	at org.junit.jupiter.engine.descriptor.TestMethodTestDescriptor.execute(TestMethodTestDescriptor.java:135)
	at org.junit.jupiter.engine.descriptor.TestMethodTestDescriptor.execute(TestMethodTestDescriptor.java:66)
	at org.junit.platform.engine.support.hierarchical.NodeTestTask.lambda$executeRecursively$6(NodeTestTask.java:151)
	at org.junit.platform.engine.support.hierarchical.ThrowableCollector.execute(ThrowableCollector.java:73)
	at org.junit.platform.engine.support.hierarchical.NodeTestTask.lambda$executeRecursively$8(NodeTestTask.java:141)
	at org.junit.platform.engine.support.hierarchical.Node.around(Node.java:137)
	at org.junit.platform.engine.support.hierarchical.NodeTestTask.lambda$executeRecursively$9(NodeTestTask.java:139)
	at org.junit.platform.engine.support.hierarchical.ThrowableCollector.execute(ThrowableCollector.java:73)
	at org.junit.platform.engine.support.hierarchical.NodeTestTask.executeRecursively(NodeTestTask.java:138)
	at org.junit.platform.engine.support.hierarchical.NodeTestTask.execute(NodeTestTask.java:95)
	at java.util.ArrayList.forEach(ArrayList.java:1259)
	at org.junit.platform.engine.support.hierarchical.SameThreadHierarchicalTestExecutorService.invokeAll(SameThreadHierarchicalTestExecutorService.java:41)
	at org.junit.platform.engine.support.hierarchical.NodeTestTask.lambda$executeRecursively$6(NodeTestTask.java:155)
	at org.junit.platform.engine.support.hierarchical.ThrowableCollector.execute(ThrowableCollector.java:73)
	at org.junit.platform.engine.support.hierarchical.NodeTestTask.lambda$executeRecursively$8(NodeTestTask.java:141)
	at org.junit.platform.engine.support.hierarchical.Node.around(Node.java:137)
	at org.junit.platform.engine.support.hierarchical.NodeTestTask.lambda$executeRecursively$9(NodeTestTask.java:139)
	at org.junit.platform.engine.support.hierarchical.ThrowableCollector.execute(ThrowableCollector.java:73)
	at org.junit.platform.engine.support.hierarchical.NodeTestTask.executeRecursively(NodeTestTask.java:138)
	at org.junit.platform.engine.support.hierarchical.NodeTestTask.execute(NodeTestTask.java:95)
	at java.util.ArrayList.forEach(ArrayList.java:1259)
	at org.junit.platform.engine.support.hierarchical.SameThreadHierarchicalTestExecutorService.invokeAll(SameThreadHierarchicalTestExecutorService.java:41)
	at org.junit.platform.engine.support.hierarchical.NodeTestTask.lambda$executeRecursively$6(NodeTestTask.java:155)
	at org.junit.platform.engine.support.hierarchical.ThrowableCollector.execute(ThrowableCollector.java:73)
	at org.junit.platform.engine.support.hierarchical.NodeTestTask.lambda$executeRecursively$8(NodeTestTask.java:141)
	at org.junit.platform.engine.support.hierarchical.Node.around(Node.java:137)
	at org.junit.platform.engine.support.hierarchical.NodeTestTask.lambda$executeRecursively$9(NodeTestTask.java:139)
	at org.junit.platform.engine.support.hierarchical.ThrowableCollector.execute(ThrowableCollector.java:73)
	at org.junit.platform.engine.support.hierarchical.NodeTestTask.executeRecursively(NodeTestTask.java:138)
	at org.junit.platform.engine.support.hierarchical.NodeTestTask.execute(NodeTestTask.java:95)
	at org.junit.platform.engine.support.hierarchical.SameThreadHierarchicalTestExecutorService.submit(SameThreadHierarchicalTestExecutorService.java:35)
	at org.junit.platform.engine.support.hierarchical.HierarchicalTestExecutor.execute(HierarchicalTestExecutor.java:57)
	at org.junit.platform.engine.support.hierarchical.HierarchicalTestEngine.execute(HierarchicalTestEngine.java:54)
	at org.junit.platform.launcher.core.EngineExecutionOrchestrator.execute(EngineExecutionOrchestrator.java:107)
	at org.junit.platform.launcher.core.EngineExecutionOrchestrator.execute(EngineExecutionOrchestrator.java:88)
	at org.junit.platform.launcher.core.EngineExecutionOrchestrator.lambda$execute$0(EngineExecutionOrchestrator.java:54)
	at org.junit.platform.launcher.core.EngineExecutionOrchestrator.withInterceptedStreams(EngineExecutionOrchestrator.java:67)
	at org.junit.platform.launcher.core.EngineExecutionOrchestrator.execute(EngineExecutionOrchestrator.java:52)
	at org.junit.platform.launcher.core.DefaultLauncher.execute(DefaultLauncher.java:114)
	at org.junit.platform.launcher.core.DefaultLauncher.execute(DefaultLauncher.java:86)
	at org.junit.platform.launcher.core.DefaultLauncherSession$DelegatingLauncher.execute(DefaultLauncherSession.java:86)
	at org.junit.platform.launcher.core.SessionPerRequestLauncher.execute(SessionPerRequestLauncher.java:53)
	at org.apache.maven.surefire.junitplatform.JUnitPlatformProvider.execute(JUnitPlatformProvider.java:188)
	at org.apache.maven.surefire.junitplatform.JUnitPlatformProvider.invokeAllTests(JUnitPlatformProvider.java:154)
	at org.apache.maven.surefire.junitplatform.JUnitPlatformProvider.invoke(JUnitPlatformProvider.java:124)
	at org.apache.maven.surefire.booter.ForkedBooter.runSuitesInProcess(ForkedBooter.java:428)
	at org.apache.maven.surefire.booter.ForkedBooter.execute(ForkedBooter.java:162)
	at org.apache.maven.surefire.booter.ForkedBooter.run(ForkedBooter.java:562)
	at org.apache.maven.surefire.booter.ForkedBooter.main(ForkedBooter.java:548)
2023-09-12 21:13:59,392 [main] INFO  balancer.FindSourceGreedy (FindSourceGreedy.java:getNextCandidateSourceDataNode(126)) - no more candidate source data node
2023-09-12 21:13:59,392 [main] ERROR balancer.ContainerBalancerTask (ContainerBalancerTask.java:checkIterationMoveResults(623)) - Got exception while checkIterationMoveResults
java.util.concurrent.ExecutionException: java.lang.RuntimeException: Runtime Exception after doing work
	at java.util.concurrent.CompletableFuture.reportGet(CompletableFuture.java:357)
	at java.util.concurrent.CompletableFuture.get(CompletableFuture.java:1928)
	at org.apache.hadoop.hdds.scm.container.balancer.ContainerBalancerTask.checkIterationMoveResults(ContainerBalancerTask.java:613)
	at org.apache.hadoop.hdds.scm.container.balancer.ContainerBalancerTask.checkIterationResults(ContainerBalancerTask.java:600)
	at org.apache.hadoop.hdds.scm.container.balancer.ContainerBalancerTask.doIteration(ContainerBalancerTask.java:543)
	at org.apache.hadoop.hdds.scm.container.balancer.ContainerBalancerTask.balance(ContainerBalancerTask.java:257)
	at org.apache.hadoop.hdds.scm.container.balancer.ContainerBalancerTask.run(ContainerBalancerTask.java:179)
	at org.apache.hadoop.hdds.scm.container.balancer.TestContainerBalancerTask.startBalancer(TestContainerBalancerTask.java:1321)
	at org.apache.hadoop.hdds.scm.container.balancer.TestContainerBalancerTask.checkIterationResultException(TestContainerBalancerTask.java:1051)
	at sun.reflect.NativeMethodAccessorImpl.invoke0(Native Method)
	at sun.reflect.NativeMethodAccessorImpl.invoke(NativeMethodAccessorImpl.java:62)
	at sun.reflect.DelegatingMethodAccessorImpl.invoke(DelegatingMethodAccessorImpl.java:43)
	at java.lang.reflect.Method.invoke(Method.java:498)
	at org.junit.platform.commons.util.ReflectionUtils.invokeMethod(ReflectionUtils.java:725)
	at org.junit.jupiter.engine.execution.MethodInvocation.proceed(MethodInvocation.java:60)
	at org.junit.jupiter.engine.execution.InvocationInterceptorChain$ValidatingInvocation.proceed(InvocationInterceptorChain.java:131)
	at org.junit.jupiter.engine.extension.TimeoutExtension.intercept(TimeoutExtension.java:149)
	at org.junit.jupiter.engine.extension.TimeoutExtension.interceptTestableMethod(TimeoutExtension.java:140)
	at org.junit.jupiter.engine.extension.TimeoutExtension.interceptTestMethod(TimeoutExtension.java:84)
	at org.junit.jupiter.engine.execution.ExecutableInvoker$ReflectiveInterceptorCall.lambda$ofVoidMethod$0(ExecutableInvoker.java:115)
	at org.junit.jupiter.engine.execution.ExecutableInvoker.lambda$invoke$0(ExecutableInvoker.java:105)
	at org.junit.jupiter.engine.execution.InvocationInterceptorChain$InterceptedInvocation.proceed(InvocationInterceptorChain.java:106)
	at org.junit.jupiter.engine.execution.InvocationInterceptorChain.proceed(InvocationInterceptorChain.java:64)
	at org.junit.jupiter.engine.execution.InvocationInterceptorChain.chainAndInvoke(InvocationInterceptorChain.java:45)
	at org.junit.jupiter.engine.execution.InvocationInterceptorChain.invoke(InvocationInterceptorChain.java:37)
	at org.junit.jupiter.engine.execution.ExecutableInvoker.invoke(ExecutableInvoker.java:104)
	at org.junit.jupiter.engine.execution.ExecutableInvoker.invoke(ExecutableInvoker.java:98)
	at org.junit.jupiter.engine.descriptor.TestMethodTestDescriptor.lambda$invokeTestMethod$7(TestMethodTestDescriptor.java:214)
	at org.junit.platform.engine.support.hierarchical.ThrowableCollector.execute(ThrowableCollector.java:73)
	at org.junit.jupiter.engine.descriptor.TestMethodTestDescriptor.invokeTestMethod(TestMethodTestDescriptor.java:210)
	at org.junit.jupiter.engine.descriptor.TestMethodTestDescriptor.execute(TestMethodTestDescriptor.java:135)
	at org.junit.jupiter.engine.descriptor.TestMethodTestDescriptor.execute(TestMethodTestDescriptor.java:66)
	at org.junit.platform.engine.support.hierarchical.NodeTestTask.lambda$executeRecursively$6(NodeTestTask.java:151)
	at org.junit.platform.engine.support.hierarchical.ThrowableCollector.execute(ThrowableCollector.java:73)
	at org.junit.platform.engine.support.hierarchical.NodeTestTask.lambda$executeRecursively$8(NodeTestTask.java:141)
	at org.junit.platform.engine.support.hierarchical.Node.around(Node.java:137)
	at org.junit.platform.engine.support.hierarchical.NodeTestTask.lambda$executeRecursively$9(NodeTestTask.java:139)
	at org.junit.platform.engine.support.hierarchical.ThrowableCollector.execute(ThrowableCollector.java:73)
	at org.junit.platform.engine.support.hierarchical.NodeTestTask.executeRecursively(NodeTestTask.java:138)
	at org.junit.platform.engine.support.hierarchical.NodeTestTask.execute(NodeTestTask.java:95)
	at java.util.ArrayList.forEach(ArrayList.java:1259)
	at org.junit.platform.engine.support.hierarchical.SameThreadHierarchicalTestExecutorService.invokeAll(SameThreadHierarchicalTestExecutorService.java:41)
	at org.junit.platform.engine.support.hierarchical.NodeTestTask.lambda$executeRecursively$6(NodeTestTask.java:155)
	at org.junit.platform.engine.support.hierarchical.ThrowableCollector.execute(ThrowableCollector.java:73)
	at org.junit.platform.engine.support.hierarchical.NodeTestTask.lambda$executeRecursively$8(NodeTestTask.java:141)
	at org.junit.platform.engine.support.hierarchical.Node.around(Node.java:137)
	at org.junit.platform.engine.support.hierarchical.NodeTestTask.lambda$executeRecursively$9(NodeTestTask.java:139)
	at org.junit.platform.engine.support.hierarchical.ThrowableCollector.execute(ThrowableCollector.java:73)
	at org.junit.platform.engine.support.hierarchical.NodeTestTask.executeRecursively(NodeTestTask.java:138)
	at org.junit.platform.engine.support.hierarchical.NodeTestTask.execute(NodeTestTask.java:95)
	at java.util.ArrayList.forEach(ArrayList.java:1259)
	at org.junit.platform.engine.support.hierarchical.SameThreadHierarchicalTestExecutorService.invokeAll(SameThreadHierarchicalTestExecutorService.java:41)
	at org.junit.platform.engine.support.hierarchical.NodeTestTask.lambda$executeRecursively$6(NodeTestTask.java:155)
	at org.junit.platform.engine.support.hierarchical.ThrowableCollector.execute(ThrowableCollector.java:73)
	at org.junit.platform.engine.support.hierarchical.NodeTestTask.lambda$executeRecursively$8(NodeTestTask.java:141)
	at org.junit.platform.engine.support.hierarchical.Node.around(Node.java:137)
	at org.junit.platform.engine.support.hierarchical.NodeTestTask.lambda$executeRecursively$9(NodeTestTask.java:139)
	at org.junit.platform.engine.support.hierarchical.ThrowableCollector.execute(ThrowableCollector.java:73)
	at org.junit.platform.engine.support.hierarchical.NodeTestTask.executeRecursively(NodeTestTask.java:138)
	at org.junit.platform.engine.support.hierarchical.NodeTestTask.execute(NodeTestTask.java:95)
	at org.junit.platform.engine.support.hierarchical.SameThreadHierarchicalTestExecutorService.submit(SameThreadHierarchicalTestExecutorService.java:35)
	at org.junit.platform.engine.support.hierarchical.HierarchicalTestExecutor.execute(HierarchicalTestExecutor.java:57)
	at org.junit.platform.engine.support.hierarchical.HierarchicalTestEngine.execute(HierarchicalTestEngine.java:54)
	at org.junit.platform.launcher.core.EngineExecutionOrchestrator.execute(EngineExecutionOrchestrator.java:107)
	at org.junit.platform.launcher.core.EngineExecutionOrchestrator.execute(EngineExecutionOrchestrator.java:88)
	at org.junit.platform.launcher.core.EngineExecutionOrchestrator.lambda$execute$0(EngineExecutionOrchestrator.java:54)
	at org.junit.platform.launcher.core.EngineExecutionOrchestrator.withInterceptedStreams(EngineExecutionOrchestrator.java:67)
	at org.junit.platform.launcher.core.EngineExecutionOrchestrator.execute(EngineExecutionOrchestrator.java:52)
	at org.junit.platform.launcher.core.DefaultLauncher.execute(DefaultLauncher.java:114)
	at org.junit.platform.launcher.core.DefaultLauncher.execute(DefaultLauncher.java:86)
	at org.junit.platform.launcher.core.DefaultLauncherSession$DelegatingLauncher.execute(DefaultLauncherSession.java:86)
	at org.junit.platform.launcher.core.SessionPerRequestLauncher.execute(SessionPerRequestLauncher.java:53)
	at org.apache.maven.surefire.junitplatform.JUnitPlatformProvider.execute(JUnitPlatformProvider.java:188)
	at org.apache.maven.surefire.junitplatform.JUnitPlatformProvider.invokeAllTests(JUnitPlatformProvider.java:154)
	at org.apache.maven.surefire.junitplatform.JUnitPlatformProvider.invoke(JUnitPlatformProvider.java:124)
	at org.apache.maven.surefire.booter.ForkedBooter.runSuitesInProcess(ForkedBooter.java:428)
	at org.apache.maven.surefire.booter.ForkedBooter.execute(ForkedBooter.java:162)
	at org.apache.maven.surefire.booter.ForkedBooter.run(ForkedBooter.java:562)
	at org.apache.maven.surefire.booter.ForkedBooter.main(ForkedBooter.java:548)
Caused by: java.lang.RuntimeException: Runtime Exception after doing work
	at org.apache.hadoop.hdds.scm.container.balancer.TestContainerBalancerTask.lambda$checkIterationResultException$11(TestContainerBalancerTask.java:1045)
	at java.util.concurrent.CompletableFuture$AsyncSupply.run(CompletableFuture.java:1604)
	at java.lang.Thread.run(Thread.java:750)
2023-09-12 21:13:59,401 [main] INFO  balancer.ContainerBalancerTask (ContainerBalancerTask.java:checkIterationMoveResults(642)) - Iteration Summary. Number of Datanodes involved: 2. Size moved: 0 B (0 Bytes). Number of Container moves completed: 0.
2023-09-12 21:13:59,401 [main] INFO  balancer.ContainerBalancerTask (ContainerBalancerTask.java:balance(259)) - Result of this iteration of Container Balancer: ITERATION_COMPLETED
2023-09-12 21:13:59,401 [main] INFO  balancer.ContainerBalancerTask (ContainerBalancerTask.java:tryStopWithSaveConfiguration(308)) - Save Configuration for stopping. Reason: Completed all iterations.
]]></system-out>
  </testcase>
  <testcase name="balancerShouldObeyMaxSizeLeavingSourceLimit" classname="org.apache.hadoop.hdds.scm.container.balancer.TestContainerBalancerTask" time="0.308">
    <system-out><![CDATA[2023-09-12 21:13:59,427 [main] INFO  net.NodeSchemaLoader (NodeSchemaLoader.java:loadSchemaFromFile(129)) - Loading schema from [file:/home/runner/work/ozone/ozone/hadoop-hdds/common/target/classes/network-topology-default.xml]
2023-09-12 21:13:59,427 [main] INFO  net.NodeSchemaLoader (NodeSchemaLoader.java:loadSchema(176)) - Loading network topology layer schema file
2023-09-12 21:13:59,429 [main] INFO  net.NetworkTopologyImpl (NetworkTopologyImpl.java:add(112)) - Added a new node: /default-rack/b070eac6-d61e-49ba-94be-cb91fb2e7552
2023-09-12 21:13:59,429 [main] INFO  net.NetworkTopologyImpl (NetworkTopologyImpl.java:add(112)) - Added a new node: /default-rack/eef31766-39ac-4b17-a6a8-672d746f5e37
2023-09-12 21:13:59,429 [main] INFO  net.NetworkTopologyImpl (NetworkTopologyImpl.java:add(112)) - Added a new node: /default-rack/29779e2e-ad41-4310-a8f8-43fd9dddce73
2023-09-12 21:13:59,429 [main] INFO  net.NetworkTopologyImpl (NetworkTopologyImpl.java:add(112)) - Added a new node: /default-rack/5f34b806-3874-4211-b570-163073eb2698
2023-09-12 21:13:59,429 [main] INFO  net.NetworkTopologyImpl (NetworkTopologyImpl.java:add(112)) - Added a new node: /default-rack/be694670-59a1-427a-ac3a-32dfdb19da28
2023-09-12 21:13:59,429 [main] INFO  net.NetworkTopologyImpl (NetworkTopologyImpl.java:add(112)) - Added a new node: /default-rack/a5718a8c-81fb-4784-80b2-8334faa800d5
2023-09-12 21:13:59,430 [main] INFO  net.NetworkTopologyImpl (NetworkTopologyImpl.java:add(112)) - Added a new node: /default-rack/a08459da-2ee7-4d53-85f0-fb6e9e38b746
2023-09-12 21:13:59,430 [main] INFO  net.NetworkTopologyImpl (NetworkTopologyImpl.java:add(112)) - Added a new node: /default-rack/3397358a-a7d5-4dbe-846b-f3afb1f0ce18
2023-09-12 21:13:59,430 [main] INFO  net.NetworkTopologyImpl (NetworkTopologyImpl.java:add(112)) - Added a new node: /default-rack/1a818ca9-6ddf-4ca0-ab30-df06b318ccd2
2023-09-12 21:13:59,430 [main] INFO  net.NetworkTopologyImpl (NetworkTopologyImpl.java:add(112)) - Added a new node: /default-rack/6073e23d-4d56-4cd0-b0d3-561cddc9cc50
2023-09-12 21:13:59,430 [main] INFO  algorithms.ContainerPlacementPolicyFactory (ContainerPlacementPolicyFactory.java:getPolicyInternal(86)) - Create container placement policy of type org.apache.hadoop.hdds.scm.container.placement.algorithms.SCMContainerPlacementRackAware
2023-09-12 21:13:59,430 [main] INFO  algorithms.ContainerPlacementPolicyFactory (ContainerPlacementPolicyFactory.java:getPolicyInternal(86)) - Create container placement policy of type org.apache.hadoop.hdds.scm.container.placement.algorithms.SCMContainerPlacementRackScatter
2023-09-12 21:13:59,434 [main] DEBUG balancer.ContainerBalancerTask (ContainerBalancerTask.java:initializeIteration(374)) - Average utilization of the cluster is 0.36091814930322325
2023-09-12 21:13:59,434 [main] DEBUG balancer.ContainerBalancerTask (ContainerBalancerTask.java:initializeIteration(386)) - Lower limit for utilization is 0.2609181493032232 and Upper limit for utilization is 0.4609181493032233
2023-09-12 21:13:59,434 [main] DEBUG balancer.ContainerBalancerTask (ContainerBalancerTask.java:initializeIteration(398)) - Utilization for node 29779e2e-ad41-4310-a8f8-43fd9dddce73 with capacity 66810602382B, used 60129542144B, and remaining 6681060238B is 0.9000000000029935
2023-09-12 21:13:59,434 [main] DEBUG balancer.ContainerBalancerTask (ContainerBalancerTask.java:initializeIteration(398)) - Utilization for node 5f34b806-3874-4211-b570-163073eb2698 with capacity 69793218560B, used 55834574848B, and remaining 13958643712B is 0.8
2023-09-12 21:13:59,434 [main] DEBUG balancer.ContainerBalancerTask (ContainerBalancerTask.java:initializeIteration(398)) - Utilization for node 6073e23d-4d56-4cd0-b0d3-561cddc9cc50 with capacity 67492343222B, used 47244640256B, and remaining 20247702966B is 0.7000000000088898
2023-09-12 21:13:59,434 [main] DEBUG balancer.ContainerBalancerTask (ContainerBalancerTask.java:initializeIteration(398)) - Utilization for node b070eac6-d61e-49ba-94be-cb91fb2e7552 with capacity 93057624746B, used 55834574848B, and remaining 37223049898B is 0.6000000000042984
2023-09-12 21:13:59,434 [main] DEBUG balancer.ContainerBalancerTask (ContainerBalancerTask.java:initializeIteration(398)) - Utilization for node a5718a8c-81fb-4784-80b2-8334faa800d5 with capacity 79456894976B, used 39728447488B, and remaining 39728447488B is 0.5
2023-09-12 21:13:59,435 [main] DEBUG balancer.ContainerBalancerTask (ContainerBalancerTask.java:initializeIteration(398)) - Utilization for node 3397358a-a7d5-4dbe-846b-f3afb1f0ce18 with capacity 93952409600B, used 37580963840B, and remaining 56371445760B is 0.4
2023-09-12 21:13:59,435 [main] DEBUG balancer.ContainerBalancerTask (ContainerBalancerTask.java:initializeIteration(398)) - Utilization for node 1a818ca9-6ddf-4ca0-ab30-df06b318ccd2 with capacity 150323855360B, used 45097156608B, and remaining 105226698752B is 0.3
2023-09-12 21:13:59,435 [main] DEBUG balancer.ContainerBalancerTask (ContainerBalancerTask.java:initializeIteration(398)) - Utilization for node a08459da-2ee7-4d53-85f0-fb6e9e38b746 with capacity 144955146240B, used 28991029248B, and remaining 115964116992B is 0.2
2023-09-12 21:13:59,435 [main] DEBUG balancer.ContainerBalancerTask (ContainerBalancerTask.java:initializeIteration(398)) - Utilization for node eef31766-39ac-4b17-a6a8-672d746f5e37 with capacity 311385128960B, used 31138512896B, and remaining 280246616064B is 0.1
2023-09-12 21:13:59,435 [main] DEBUG balancer.ContainerBalancerTask (ContainerBalancerTask.java:initializeIteration(398)) - Utilization for node be694670-59a1-427a-ac3a-32dfdb19da28 with capacity 35433480192B, used 0B, and remaining 35433480192B is 0.0
2023-09-12 21:13:59,435 [main] INFO  balancer.ContainerBalancerTask (ContainerBalancerTask.java:initializeIteration(447)) - Container Balancer has identified 5 Over-Utilized and 3 Under-Utilized Datanodes that need to be balanced.
2023-09-12 21:13:59,435 [main] DEBUG balancer.ContainerBalancerTask (ContainerBalancerTask.java:lambda$initializeIteration$1(453)) - Datanode localhost-215.222.85.178 29779e2e-ad41-4310-a8f8-43fd9dddce73 is Over-Utilized.
2023-09-12 21:13:59,435 [main] DEBUG balancer.ContainerBalancerTask (ContainerBalancerTask.java:lambda$initializeIteration$1(453)) - Datanode localhost-234.219.166.159 5f34b806-3874-4211-b570-163073eb2698 is Over-Utilized.
2023-09-12 21:13:59,435 [main] DEBUG balancer.ContainerBalancerTask (ContainerBalancerTask.java:lambda$initializeIteration$1(453)) - Datanode localhost-68.187.204.188 6073e23d-4d56-4cd0-b0d3-561cddc9cc50 is Over-Utilized.
2023-09-12 21:13:59,435 [main] DEBUG balancer.ContainerBalancerTask (ContainerBalancerTask.java:lambda$initializeIteration$1(453)) - Datanode localhost-31.112.98.60 b070eac6-d61e-49ba-94be-cb91fb2e7552 is Over-Utilized.
2023-09-12 21:13:59,436 [main] DEBUG balancer.ContainerBalancerTask (ContainerBalancerTask.java:lambda$initializeIteration$1(453)) - Datanode localhost-246.22.32.49 a5718a8c-81fb-4784-80b2-8334faa800d5 is Over-Utilized.
2023-09-12 21:13:59,436 [main] DEBUG balancer.ContainerBalancerTask (ContainerBalancerTask.java:lambda$initializeIteration$2(459)) - Datanode localhost-6.113.197.214 be694670-59a1-427a-ac3a-32dfdb19da28 is Under-Utilized.
2023-09-12 21:13:59,436 [main] DEBUG balancer.ContainerBalancerTask (ContainerBalancerTask.java:lambda$initializeIteration$2(459)) - Datanode localhost-16.201.102.14 eef31766-39ac-4b17-a6a8-672d746f5e37 is Under-Utilized.
2023-09-12 21:13:59,436 [main] DEBUG balancer.ContainerBalancerTask (ContainerBalancerTask.java:lambda$initializeIteration$2(459)) - Datanode localhost-81.90.142.8 a08459da-2ee7-4d53-85f0-fb6e9e38b746 is Under-Utilized.
2023-09-12 21:13:59,439 [main] DEBUG balancer.ContainerBalancerTask (ContainerBalancerTask.java:matchSourceWithTarget(701)) - ContainerBalancer could not find any candidate containers for datanode 29779e2e-ad41-4310-a8f8-43fd9dddce73
2023-09-12 21:13:59,443 [main] DEBUG balancer.ContainerBalancerTask (ContainerBalancerTask.java:matchSourceWithTarget(701)) - ContainerBalancer could not find any candidate containers for datanode 5f34b806-3874-4211-b570-163073eb2698
2023-09-12 21:13:59,445 [main] DEBUG balancer.ContainerBalancerTask (ContainerBalancerTask.java:matchSourceWithTarget(701)) - ContainerBalancer could not find any candidate containers for datanode 6073e23d-4d56-4cd0-b0d3-561cddc9cc50
2023-09-12 21:13:59,448 [main] DEBUG balancer.ContainerBalancerTask (ContainerBalancerTask.java:matchSourceWithTarget(701)) - ContainerBalancer could not find any candidate containers for datanode b070eac6-d61e-49ba-94be-cb91fb2e7552
2023-09-12 21:13:59,450 [main] DEBUG balancer.ContainerBalancerTask (ContainerBalancerTask.java:matchSourceWithTarget(701)) - ContainerBalancer could not find any candidate containers for datanode a5718a8c-81fb-4784-80b2-8334faa800d5
2023-09-12 21:13:59,450 [main] INFO  balancer.FindSourceGreedy (FindSourceGreedy.java:getNextCandidateSourceDataNode(126)) - no more candidate source data node
2023-09-12 21:13:59,450 [main] INFO  balancer.ContainerBalancerTask (ContainerBalancerTask.java:balance(259)) - Result of this iteration of Container Balancer: CAN_NOT_BALANCE_ANY_MORE
2023-09-12 21:13:59,450 [main] INFO  balancer.ContainerBalancerTask (ContainerBalancerTask.java:tryStopWithSaveConfiguration(308)) - Save Configuration for stopping. Reason: CAN_NOT_BALANCE_ANY_MORE
2023-09-12 21:13:59,463 [main] DEBUG balancer.ContainerBalancerTask (ContainerBalancerTask.java:initializeIteration(374)) - Average utilization of the cluster is 0.36091814930322325
2023-09-12 21:13:59,463 [main] DEBUG balancer.ContainerBalancerTask (ContainerBalancerTask.java:initializeIteration(386)) - Lower limit for utilization is 0.2609181493032232 and Upper limit for utilization is 0.4609181493032233
2023-09-12 21:13:59,463 [main] DEBUG balancer.ContainerBalancerTask (ContainerBalancerTask.java:initializeIteration(398)) - Utilization for node 29779e2e-ad41-4310-a8f8-43fd9dddce73 with capacity 66810602382B, used 60129542144B, and remaining 6681060238B is 0.9000000000029935
2023-09-12 21:13:59,463 [main] DEBUG balancer.ContainerBalancerTask (ContainerBalancerTask.java:initializeIteration(398)) - Utilization for node 5f34b806-3874-4211-b570-163073eb2698 with capacity 69793218560B, used 55834574848B, and remaining 13958643712B is 0.8
2023-09-12 21:13:59,464 [main] DEBUG balancer.ContainerBalancerTask (ContainerBalancerTask.java:initializeIteration(398)) - Utilization for node 6073e23d-4d56-4cd0-b0d3-561cddc9cc50 with capacity 67492343222B, used 47244640256B, and remaining 20247702966B is 0.7000000000088898
2023-09-12 21:13:59,464 [main] DEBUG balancer.ContainerBalancerTask (ContainerBalancerTask.java:initializeIteration(398)) - Utilization for node b070eac6-d61e-49ba-94be-cb91fb2e7552 with capacity 93057624746B, used 55834574848B, and remaining 37223049898B is 0.6000000000042984
2023-09-12 21:13:59,464 [main] DEBUG balancer.ContainerBalancerTask (ContainerBalancerTask.java:initializeIteration(398)) - Utilization for node a5718a8c-81fb-4784-80b2-8334faa800d5 with capacity 79456894976B, used 39728447488B, and remaining 39728447488B is 0.5
2023-09-12 21:13:59,464 [main] DEBUG balancer.ContainerBalancerTask (ContainerBalancerTask.java:initializeIteration(398)) - Utilization for node 3397358a-a7d5-4dbe-846b-f3afb1f0ce18 with capacity 93952409600B, used 37580963840B, and remaining 56371445760B is 0.4
2023-09-12 21:13:59,464 [main] DEBUG balancer.ContainerBalancerTask (ContainerBalancerTask.java:initializeIteration(398)) - Utilization for node 1a818ca9-6ddf-4ca0-ab30-df06b318ccd2 with capacity 150323855360B, used 45097156608B, and remaining 105226698752B is 0.3
2023-09-12 21:13:59,464 [main] DEBUG balancer.ContainerBalancerTask (ContainerBalancerTask.java:initializeIteration(398)) - Utilization for node a08459da-2ee7-4d53-85f0-fb6e9e38b746 with capacity 144955146240B, used 28991029248B, and remaining 115964116992B is 0.2
2023-09-12 21:13:59,464 [main] DEBUG balancer.ContainerBalancerTask (ContainerBalancerTask.java:initializeIteration(398)) - Utilization for node eef31766-39ac-4b17-a6a8-672d746f5e37 with capacity 311385128960B, used 31138512896B, and remaining 280246616064B is 0.1
2023-09-12 21:13:59,464 [main] DEBUG balancer.ContainerBalancerTask (ContainerBalancerTask.java:initializeIteration(398)) - Utilization for node be694670-59a1-427a-ac3a-32dfdb19da28 with capacity 35433480192B, used 0B, and remaining 35433480192B is 0.0
2023-09-12 21:13:59,464 [main] INFO  balancer.ContainerBalancerTask (ContainerBalancerTask.java:initializeIteration(447)) - Container Balancer has identified 5 Over-Utilized and 3 Under-Utilized Datanodes that need to be balanced.
2023-09-12 21:13:59,464 [main] DEBUG balancer.ContainerBalancerTask (ContainerBalancerTask.java:lambda$initializeIteration$1(453)) - Datanode localhost-215.222.85.178 29779e2e-ad41-4310-a8f8-43fd9dddce73 is Over-Utilized.
2023-09-12 21:13:59,465 [main] DEBUG balancer.ContainerBalancerTask (ContainerBalancerTask.java:lambda$initializeIteration$1(453)) - Datanode localhost-234.219.166.159 5f34b806-3874-4211-b570-163073eb2698 is Over-Utilized.
2023-09-12 21:13:59,465 [main] DEBUG balancer.ContainerBalancerTask (ContainerBalancerTask.java:lambda$initializeIteration$1(453)) - Datanode localhost-68.187.204.188 6073e23d-4d56-4cd0-b0d3-561cddc9cc50 is Over-Utilized.
2023-09-12 21:13:59,465 [main] DEBUG balancer.ContainerBalancerTask (ContainerBalancerTask.java:lambda$initializeIteration$1(453)) - Datanode localhost-31.112.98.60 b070eac6-d61e-49ba-94be-cb91fb2e7552 is Over-Utilized.
2023-09-12 21:13:59,465 [main] DEBUG balancer.ContainerBalancerTask (ContainerBalancerTask.java:lambda$initializeIteration$1(453)) - Datanode localhost-246.22.32.49 a5718a8c-81fb-4784-80b2-8334faa800d5 is Over-Utilized.
2023-09-12 21:13:59,465 [main] DEBUG balancer.ContainerBalancerTask (ContainerBalancerTask.java:lambda$initializeIteration$2(459)) - Datanode localhost-6.113.197.214 be694670-59a1-427a-ac3a-32dfdb19da28 is Under-Utilized.
2023-09-12 21:13:59,465 [main] DEBUG balancer.ContainerBalancerTask (ContainerBalancerTask.java:lambda$initializeIteration$2(459)) - Datanode localhost-16.201.102.14 eef31766-39ac-4b17-a6a8-672d746f5e37 is Under-Utilized.
2023-09-12 21:13:59,465 [main] DEBUG balancer.ContainerBalancerTask (ContainerBalancerTask.java:lambda$initializeIteration$2(459)) - Datanode localhost-81.90.142.8 a08459da-2ee7-4d53-85f0-fb6e9e38b746 is Under-Utilized.
2023-09-12 21:13:59,468 [main] DEBUG balancer.ContainerBalancerTask (ContainerBalancerTask.java:matchSourceWithTarget(708)) - ContainerBalancer is finding suitable target for source datanode 29779e2e-ad41-4310-a8f8-43fd9dddce73
2023-09-12 21:13:59,469 [main] INFO  balancer.ContainerBalancerTask (ContainerBalancerTask.java:matchSourceWithTarget(722)) - ContainerBalancer matched source datanode 29779e2e-ad41-4310-a8f8-43fd9dddce73 with target datanode be694670-59a1-427a-ac3a-32dfdb19da28 for container move.
2023-09-12 21:13:59,469 [main] INFO  balancer.ContainerBalancerTask (ContainerBalancerTask.java:processMoveSelection(569)) - ContainerBalancer is trying to move container #85 with size 5368709120B from source datanode 29779e2e-ad41-4310-a8f8-43fd9dddce73 to target datanode be694670-59a1-427a-ac3a-32dfdb19da28
2023-09-12 21:13:59,469 [main] DEBUG balancer.ContainerBalancerTask (ContainerBalancerTask.java:lambda$moveContainer$3(837)) - Container move completed for container #85 from source 29779e2e-ad41-4310-a8f8-43fd9dddce73 to target be694670-59a1-427a-ac3a-32dfdb19da28
2023-09-12 21:13:59,470 [main] DEBUG balancer.ContainerBalancerTask (ContainerBalancerTask.java:adaptOnReachingIterationLimits(782)) - Reached max datanodes to involve limit. 2 datanodes have already been selected for balancing and the limit is 2. Only already selected sources and targets can be involved in balancing now.
2023-09-12 21:13:59,473 [main] DEBUG balancer.ContainerBalancerTask (ContainerBalancerTask.java:matchSourceWithTarget(708)) - ContainerBalancer is finding suitable target for source datanode 29779e2e-ad41-4310-a8f8-43fd9dddce73
2023-09-12 21:13:59,473 [main] INFO  balancer.ContainerBalancerTask (ContainerBalancerTask.java:matchSourceWithTarget(722)) - ContainerBalancer matched source datanode 29779e2e-ad41-4310-a8f8-43fd9dddce73 with target datanode be694670-59a1-427a-ac3a-32dfdb19da28 for container move.
2023-09-12 21:13:59,473 [main] INFO  balancer.ContainerBalancerTask (ContainerBalancerTask.java:processMoveSelection(569)) - ContainerBalancer is trying to move container #68 with size 5368709120B from source datanode 29779e2e-ad41-4310-a8f8-43fd9dddce73 to target datanode be694670-59a1-427a-ac3a-32dfdb19da28
2023-09-12 21:13:59,474 [main] DEBUG balancer.ContainerBalancerTask (ContainerBalancerTask.java:lambda$moveContainer$3(837)) - Container move completed for container #68 from source 29779e2e-ad41-4310-a8f8-43fd9dddce73 to target be694670-59a1-427a-ac3a-32dfdb19da28
2023-09-12 21:13:59,477 [main] DEBUG balancer.ContainerBalancerTask (ContainerBalancerTask.java:matchSourceWithTarget(708)) - ContainerBalancer is finding suitable target for source datanode 29779e2e-ad41-4310-a8f8-43fd9dddce73
2023-09-12 21:13:59,477 [main] INFO  balancer.ContainerBalancerTask (ContainerBalancerTask.java:matchSourceWithTarget(722)) - ContainerBalancer matched source datanode 29779e2e-ad41-4310-a8f8-43fd9dddce73 with target datanode be694670-59a1-427a-ac3a-32dfdb19da28 for container move.
2023-09-12 21:13:59,478 [main] INFO  balancer.ContainerBalancerTask (ContainerBalancerTask.java:processMoveSelection(569)) - ContainerBalancer is trying to move container #89 with size 4294967296B from source datanode 29779e2e-ad41-4310-a8f8-43fd9dddce73 to target datanode be694670-59a1-427a-ac3a-32dfdb19da28
2023-09-12 21:13:59,478 [main] DEBUG balancer.ContainerBalancerTask (ContainerBalancerTask.java:lambda$moveContainer$3(837)) - Container move completed for container #89 from source 29779e2e-ad41-4310-a8f8-43fd9dddce73 to target be694670-59a1-427a-ac3a-32dfdb19da28
2023-09-12 21:13:59,481 [main] DEBUG balancer.ContainerBalancerTask (ContainerBalancerTask.java:matchSourceWithTarget(708)) - ContainerBalancer is finding suitable target for source datanode 29779e2e-ad41-4310-a8f8-43fd9dddce73
2023-09-12 21:13:59,482 [main] INFO  balancer.ContainerBalancerTask (ContainerBalancerTask.java:matchSourceWithTarget(722)) - ContainerBalancer matched source datanode 29779e2e-ad41-4310-a8f8-43fd9dddce73 with target datanode be694670-59a1-427a-ac3a-32dfdb19da28 for container move.
2023-09-12 21:13:59,482 [main] INFO  balancer.ContainerBalancerTask (ContainerBalancerTask.java:processMoveSelection(569)) - ContainerBalancer is trying to move container #86 with size 1073741824B from source datanode 29779e2e-ad41-4310-a8f8-43fd9dddce73 to target datanode be694670-59a1-427a-ac3a-32dfdb19da28
2023-09-12 21:13:59,482 [main] DEBUG balancer.ContainerBalancerTask (ContainerBalancerTask.java:lambda$moveContainer$3(837)) - Container move completed for container #86 from source 29779e2e-ad41-4310-a8f8-43fd9dddce73 to target be694670-59a1-427a-ac3a-32dfdb19da28
2023-09-12 21:13:59,485 [main] DEBUG balancer.ContainerBalancerTask (ContainerBalancerTask.java:matchSourceWithTarget(708)) - ContainerBalancer is finding suitable target for source datanode 29779e2e-ad41-4310-a8f8-43fd9dddce73
2023-09-12 21:13:59,486 [main] INFO  balancer.FindTargetGreedyByUsageInfo (AbstractFindTargetGreedy.java:findTargetForContainerMove(133)) - Container Balancer could not find a target for source datanode 29779e2e-ad41-4310-a8f8-43fd9dddce73
2023-09-12 21:13:59,487 [main] DEBUG balancer.ContainerBalancerTask (ContainerBalancerTask.java:matchSourceWithTarget(717)) - ContainerBalancer could not find a suitable target for source node 29779e2e-ad41-4310-a8f8-43fd9dddce73.
2023-09-12 21:13:59,487 [main] INFO  balancer.FindSourceGreedy (FindSourceGreedy.java:getNextCandidateSourceDataNode(126)) - no more candidate source data node
2023-09-12 21:13:59,487 [main] INFO  balancer.ContainerBalancerTask (ContainerBalancerTask.java:checkIterationMoveResults(642)) - Iteration Summary. Number of Datanodes involved: 2. Size moved: 15 GB (16106127360 Bytes). Number of Container moves completed: 4.
2023-09-12 21:13:59,487 [main] INFO  balancer.ContainerBalancerTask (ContainerBalancerTask.java:balance(259)) - Result of this iteration of Container Balancer: ITERATION_COMPLETED
2023-09-12 21:13:59,489 [main] DEBUG balancer.ContainerBalancerTask (ContainerBalancerTask.java:initializeIteration(374)) - Average utilization of the cluster is 0.36091814930322325
2023-09-12 21:13:59,489 [main] DEBUG balancer.ContainerBalancerTask (ContainerBalancerTask.java:initializeIteration(386)) - Lower limit for utilization is 0.2609181493032232 and Upper limit for utilization is 0.4609181493032233
2023-09-12 21:13:59,489 [main] DEBUG balancer.ContainerBalancerTask (ContainerBalancerTask.java:initializeIteration(398)) - Utilization for node 29779e2e-ad41-4310-a8f8-43fd9dddce73 with capacity 66810602382B, used 60129542144B, and remaining 6681060238B is 0.9000000000029935
2023-09-12 21:13:59,489 [main] DEBUG balancer.ContainerBalancerTask (ContainerBalancerTask.java:initializeIteration(398)) - Utilization for node 5f34b806-3874-4211-b570-163073eb2698 with capacity 69793218560B, used 55834574848B, and remaining 13958643712B is 0.8
2023-09-12 21:13:59,489 [main] DEBUG balancer.ContainerBalancerTask (ContainerBalancerTask.java:initializeIteration(398)) - Utilization for node 6073e23d-4d56-4cd0-b0d3-561cddc9cc50 with capacity 67492343222B, used 47244640256B, and remaining 20247702966B is 0.7000000000088898
2023-09-12 21:13:59,489 [main] DEBUG balancer.ContainerBalancerTask (ContainerBalancerTask.java:initializeIteration(398)) - Utilization for node b070eac6-d61e-49ba-94be-cb91fb2e7552 with capacity 93057624746B, used 55834574848B, and remaining 37223049898B is 0.6000000000042984
2023-09-12 21:13:59,490 [main] DEBUG balancer.ContainerBalancerTask (ContainerBalancerTask.java:initializeIteration(398)) - Utilization for node a5718a8c-81fb-4784-80b2-8334faa800d5 with capacity 79456894976B, used 39728447488B, and remaining 39728447488B is 0.5
2023-09-12 21:13:59,490 [main] DEBUG balancer.ContainerBalancerTask (ContainerBalancerTask.java:initializeIteration(398)) - Utilization for node 3397358a-a7d5-4dbe-846b-f3afb1f0ce18 with capacity 93952409600B, used 37580963840B, and remaining 56371445760B is 0.4
2023-09-12 21:13:59,490 [main] DEBUG balancer.ContainerBalancerTask (ContainerBalancerTask.java:initializeIteration(398)) - Utilization for node 1a818ca9-6ddf-4ca0-ab30-df06b318ccd2 with capacity 150323855360B, used 45097156608B, and remaining 105226698752B is 0.3
2023-09-12 21:13:59,490 [main] DEBUG balancer.ContainerBalancerTask (ContainerBalancerTask.java:initializeIteration(398)) - Utilization for node a08459da-2ee7-4d53-85f0-fb6e9e38b746 with capacity 144955146240B, used 28991029248B, and remaining 115964116992B is 0.2
2023-09-12 21:13:59,490 [main] DEBUG balancer.ContainerBalancerTask (ContainerBalancerTask.java:initializeIteration(398)) - Utilization for node eef31766-39ac-4b17-a6a8-672d746f5e37 with capacity 311385128960B, used 31138512896B, and remaining 280246616064B is 0.1
2023-09-12 21:13:59,490 [main] DEBUG balancer.ContainerBalancerTask (ContainerBalancerTask.java:initializeIteration(398)) - Utilization for node be694670-59a1-427a-ac3a-32dfdb19da28 with capacity 35433480192B, used 0B, and remaining 35433480192B is 0.0
2023-09-12 21:13:59,490 [main] INFO  balancer.ContainerBalancerTask (ContainerBalancerTask.java:initializeIteration(447)) - Container Balancer has identified 5 Over-Utilized and 3 Under-Utilized Datanodes that need to be balanced.
2023-09-12 21:13:59,490 [main] DEBUG balancer.ContainerBalancerTask (ContainerBalancerTask.java:lambda$initializeIteration$1(453)) - Datanode localhost-215.222.85.178 29779e2e-ad41-4310-a8f8-43fd9dddce73 is Over-Utilized.
2023-09-12 21:13:59,490 [main] DEBUG balancer.ContainerBalancerTask (ContainerBalancerTask.java:lambda$initializeIteration$1(453)) - Datanode localhost-234.219.166.159 5f34b806-3874-4211-b570-163073eb2698 is Over-Utilized.
2023-09-12 21:13:59,490 [main] DEBUG balancer.ContainerBalancerTask (ContainerBalancerTask.java:lambda$initializeIteration$1(453)) - Datanode localhost-68.187.204.188 6073e23d-4d56-4cd0-b0d3-561cddc9cc50 is Over-Utilized.
2023-09-12 21:13:59,490 [main] DEBUG balancer.ContainerBalancerTask (ContainerBalancerTask.java:lambda$initializeIteration$1(453)) - Datanode localhost-31.112.98.60 b070eac6-d61e-49ba-94be-cb91fb2e7552 is Over-Utilized.
2023-09-12 21:13:59,491 [main] DEBUG balancer.ContainerBalancerTask (ContainerBalancerTask.java:lambda$initializeIteration$1(453)) - Datanode localhost-246.22.32.49 a5718a8c-81fb-4784-80b2-8334faa800d5 is Over-Utilized.
2023-09-12 21:13:59,491 [main] DEBUG balancer.ContainerBalancerTask (ContainerBalancerTask.java:lambda$initializeIteration$2(459)) - Datanode localhost-6.113.197.214 be694670-59a1-427a-ac3a-32dfdb19da28 is Under-Utilized.
2023-09-12 21:13:59,491 [main] DEBUG balancer.ContainerBalancerTask (ContainerBalancerTask.java:lambda$initializeIteration$2(459)) - Datanode localhost-16.201.102.14 eef31766-39ac-4b17-a6a8-672d746f5e37 is Under-Utilized.
2023-09-12 21:13:59,491 [main] DEBUG balancer.ContainerBalancerTask (ContainerBalancerTask.java:lambda$initializeIteration$2(459)) - Datanode localhost-81.90.142.8 a08459da-2ee7-4d53-85f0-fb6e9e38b746 is Under-Utilized.
2023-09-12 21:13:59,494 [main] DEBUG balancer.ContainerBalancerTask (ContainerBalancerTask.java:matchSourceWithTarget(708)) - ContainerBalancer is finding suitable target for source datanode 29779e2e-ad41-4310-a8f8-43fd9dddce73
2023-09-12 21:13:59,494 [main] INFO  balancer.ContainerBalancerTask (ContainerBalancerTask.java:matchSourceWithTarget(722)) - ContainerBalancer matched source datanode 29779e2e-ad41-4310-a8f8-43fd9dddce73 with target datanode be694670-59a1-427a-ac3a-32dfdb19da28 for container move.
2023-09-12 21:13:59,494 [main] INFO  balancer.ContainerBalancerTask (ContainerBalancerTask.java:processMoveSelection(569)) - ContainerBalancer is trying to move container #85 with size 5368709120B from source datanode 29779e2e-ad41-4310-a8f8-43fd9dddce73 to target datanode be694670-59a1-427a-ac3a-32dfdb19da28
2023-09-12 21:13:59,495 [main] DEBUG balancer.ContainerBalancerTask (ContainerBalancerTask.java:lambda$moveContainer$3(837)) - Container move completed for container #85 from source 29779e2e-ad41-4310-a8f8-43fd9dddce73 to target be694670-59a1-427a-ac3a-32dfdb19da28
2023-09-12 21:13:59,495 [main] DEBUG balancer.ContainerBalancerTask (ContainerBalancerTask.java:adaptOnReachingIterationLimits(782)) - Reached max datanodes to involve limit. 2 datanodes have already been selected for balancing and the limit is 2. Only already selected sources and targets can be involved in balancing now.
2023-09-12 21:13:59,498 [main] DEBUG balancer.ContainerBalancerTask (ContainerBalancerTask.java:matchSourceWithTarget(708)) - ContainerBalancer is finding suitable target for source datanode 29779e2e-ad41-4310-a8f8-43fd9dddce73
2023-09-12 21:13:59,498 [main] INFO  balancer.ContainerBalancerTask (ContainerBalancerTask.java:matchSourceWithTarget(722)) - ContainerBalancer matched source datanode 29779e2e-ad41-4310-a8f8-43fd9dddce73 with target datanode be694670-59a1-427a-ac3a-32dfdb19da28 for container move.
2023-09-12 21:13:59,498 [main] INFO  balancer.ContainerBalancerTask (ContainerBalancerTask.java:processMoveSelection(569)) - ContainerBalancer is trying to move container #68 with size 5368709120B from source datanode 29779e2e-ad41-4310-a8f8-43fd9dddce73 to target datanode be694670-59a1-427a-ac3a-32dfdb19da28
2023-09-12 21:13:59,498 [main] DEBUG balancer.ContainerBalancerTask (ContainerBalancerTask.java:lambda$moveContainer$3(837)) - Container move completed for container #68 from source 29779e2e-ad41-4310-a8f8-43fd9dddce73 to target be694670-59a1-427a-ac3a-32dfdb19da28
2023-09-12 21:13:59,502 [main] DEBUG balancer.ContainerBalancerTask (ContainerBalancerTask.java:matchSourceWithTarget(708)) - ContainerBalancer is finding suitable target for source datanode 29779e2e-ad41-4310-a8f8-43fd9dddce73
2023-09-12 21:13:59,502 [main] INFO  balancer.ContainerBalancerTask (ContainerBalancerTask.java:matchSourceWithTarget(722)) - ContainerBalancer matched source datanode 29779e2e-ad41-4310-a8f8-43fd9dddce73 with target datanode be694670-59a1-427a-ac3a-32dfdb19da28 for container move.
2023-09-12 21:13:59,502 [main] INFO  balancer.ContainerBalancerTask (ContainerBalancerTask.java:processMoveSelection(569)) - ContainerBalancer is trying to move container #89 with size 4294967296B from source datanode 29779e2e-ad41-4310-a8f8-43fd9dddce73 to target datanode be694670-59a1-427a-ac3a-32dfdb19da28
2023-09-12 21:13:59,502 [main] DEBUG balancer.ContainerBalancerTask (ContainerBalancerTask.java:lambda$moveContainer$3(837)) - Container move completed for container #89 from source 29779e2e-ad41-4310-a8f8-43fd9dddce73 to target be694670-59a1-427a-ac3a-32dfdb19da28
2023-09-12 21:13:59,505 [main] DEBUG balancer.ContainerBalancerTask (ContainerBalancerTask.java:matchSourceWithTarget(708)) - ContainerBalancer is finding suitable target for source datanode 29779e2e-ad41-4310-a8f8-43fd9dddce73
2023-09-12 21:13:59,506 [main] INFO  balancer.ContainerBalancerTask (ContainerBalancerTask.java:matchSourceWithTarget(722)) - ContainerBalancer matched source datanode 29779e2e-ad41-4310-a8f8-43fd9dddce73 with target datanode be694670-59a1-427a-ac3a-32dfdb19da28 for container move.
2023-09-12 21:13:59,506 [main] INFO  balancer.ContainerBalancerTask (ContainerBalancerTask.java:processMoveSelection(569)) - ContainerBalancer is trying to move container #86 with size 1073741824B from source datanode 29779e2e-ad41-4310-a8f8-43fd9dddce73 to target datanode be694670-59a1-427a-ac3a-32dfdb19da28
2023-09-12 21:13:59,506 [main] DEBUG balancer.ContainerBalancerTask (ContainerBalancerTask.java:lambda$moveContainer$3(837)) - Container move completed for container #86 from source 29779e2e-ad41-4310-a8f8-43fd9dddce73 to target be694670-59a1-427a-ac3a-32dfdb19da28
2023-09-12 21:13:59,510 [main] DEBUG balancer.ContainerBalancerTask (ContainerBalancerTask.java:matchSourceWithTarget(708)) - ContainerBalancer is finding suitable target for source datanode 29779e2e-ad41-4310-a8f8-43fd9dddce73
2023-09-12 21:13:59,511 [main] INFO  balancer.FindTargetGreedyByUsageInfo (AbstractFindTargetGreedy.java:findTargetForContainerMove(133)) - Container Balancer could not find a target for source datanode 29779e2e-ad41-4310-a8f8-43fd9dddce73
2023-09-12 21:13:59,511 [main] DEBUG balancer.ContainerBalancerTask (ContainerBalancerTask.java:matchSourceWithTarget(717)) - ContainerBalancer could not find a suitable target for source node 29779e2e-ad41-4310-a8f8-43fd9dddce73.
2023-09-12 21:13:59,511 [main] INFO  balancer.FindSourceGreedy (FindSourceGreedy.java:getNextCandidateSourceDataNode(126)) - no more candidate source data node
2023-09-12 21:13:59,511 [main] INFO  balancer.ContainerBalancerTask (ContainerBalancerTask.java:checkIterationMoveResults(642)) - Iteration Summary. Number of Datanodes involved: 2. Size moved: 15 GB (16106127360 Bytes). Number of Container moves completed: 4.
2023-09-12 21:13:59,511 [main] INFO  balancer.ContainerBalancerTask (ContainerBalancerTask.java:balance(259)) - Result of this iteration of Container Balancer: ITERATION_COMPLETED
2023-09-12 21:13:59,513 [main] DEBUG balancer.ContainerBalancerTask (ContainerBalancerTask.java:initializeIteration(374)) - Average utilization of the cluster is 0.36091814930322325
2023-09-12 21:13:59,513 [main] DEBUG balancer.ContainerBalancerTask (ContainerBalancerTask.java:initializeIteration(386)) - Lower limit for utilization is 0.2609181493032232 and Upper limit for utilization is 0.4609181493032233
2023-09-12 21:13:59,513 [main] DEBUG balancer.ContainerBalancerTask (ContainerBalancerTask.java:initializeIteration(398)) - Utilization for node 29779e2e-ad41-4310-a8f8-43fd9dddce73 with capacity 66810602382B, used 60129542144B, and remaining 6681060238B is 0.9000000000029935
2023-09-12 21:13:59,513 [main] DEBUG balancer.ContainerBalancerTask (ContainerBalancerTask.java:initializeIteration(398)) - Utilization for node 5f34b806-3874-4211-b570-163073eb2698 with capacity 69793218560B, used 55834574848B, and remaining 13958643712B is 0.8
2023-09-12 21:13:59,514 [main] DEBUG balancer.ContainerBalancerTask (ContainerBalancerTask.java:initializeIteration(398)) - Utilization for node 6073e23d-4d56-4cd0-b0d3-561cddc9cc50 with capacity 67492343222B, used 47244640256B, and remaining 20247702966B is 0.7000000000088898
2023-09-12 21:13:59,514 [main] DEBUG balancer.ContainerBalancerTask (ContainerBalancerTask.java:initializeIteration(398)) - Utilization for node b070eac6-d61e-49ba-94be-cb91fb2e7552 with capacity 93057624746B, used 55834574848B, and remaining 37223049898B is 0.6000000000042984
2023-09-12 21:13:59,514 [main] DEBUG balancer.ContainerBalancerTask (ContainerBalancerTask.java:initializeIteration(398)) - Utilization for node a5718a8c-81fb-4784-80b2-8334faa800d5 with capacity 79456894976B, used 39728447488B, and remaining 39728447488B is 0.5
2023-09-12 21:13:59,514 [main] DEBUG balancer.ContainerBalancerTask (ContainerBalancerTask.java:initializeIteration(398)) - Utilization for node 3397358a-a7d5-4dbe-846b-f3afb1f0ce18 with capacity 93952409600B, used 37580963840B, and remaining 56371445760B is 0.4
2023-09-12 21:13:59,514 [main] DEBUG balancer.ContainerBalancerTask (ContainerBalancerTask.java:initializeIteration(398)) - Utilization for node 1a818ca9-6ddf-4ca0-ab30-df06b318ccd2 with capacity 150323855360B, used 45097156608B, and remaining 105226698752B is 0.3
2023-09-12 21:13:59,514 [main] DEBUG balancer.ContainerBalancerTask (ContainerBalancerTask.java:initializeIteration(398)) - Utilization for node a08459da-2ee7-4d53-85f0-fb6e9e38b746 with capacity 144955146240B, used 28991029248B, and remaining 115964116992B is 0.2
2023-09-12 21:13:59,514 [main] DEBUG balancer.ContainerBalancerTask (ContainerBalancerTask.java:initializeIteration(398)) - Utilization for node eef31766-39ac-4b17-a6a8-672d746f5e37 with capacity 311385128960B, used 31138512896B, and remaining 280246616064B is 0.1
2023-09-12 21:13:59,514 [main] DEBUG balancer.ContainerBalancerTask (ContainerBalancerTask.java:initializeIteration(398)) - Utilization for node be694670-59a1-427a-ac3a-32dfdb19da28 with capacity 35433480192B, used 0B, and remaining 35433480192B is 0.0
2023-09-12 21:13:59,514 [main] INFO  balancer.ContainerBalancerTask (ContainerBalancerTask.java:initializeIteration(447)) - Container Balancer has identified 5 Over-Utilized and 3 Under-Utilized Datanodes that need to be balanced.
2023-09-12 21:13:59,514 [main] DEBUG balancer.ContainerBalancerTask (ContainerBalancerTask.java:lambda$initializeIteration$1(453)) - Datanode localhost-215.222.85.178 29779e2e-ad41-4310-a8f8-43fd9dddce73 is Over-Utilized.
2023-09-12 21:13:59,514 [main] DEBUG balancer.ContainerBalancerTask (ContainerBalancerTask.java:lambda$initializeIteration$1(453)) - Datanode localhost-234.219.166.159 5f34b806-3874-4211-b570-163073eb2698 is Over-Utilized.
2023-09-12 21:13:59,515 [main] DEBUG balancer.ContainerBalancerTask (ContainerBalancerTask.java:lambda$initializeIteration$1(453)) - Datanode localhost-68.187.204.188 6073e23d-4d56-4cd0-b0d3-561cddc9cc50 is Over-Utilized.
2023-09-12 21:13:59,515 [main] DEBUG balancer.ContainerBalancerTask (ContainerBalancerTask.java:lambda$initializeIteration$1(453)) - Datanode localhost-31.112.98.60 b070eac6-d61e-49ba-94be-cb91fb2e7552 is Over-Utilized.
2023-09-12 21:13:59,515 [main] DEBUG balancer.ContainerBalancerTask (ContainerBalancerTask.java:lambda$initializeIteration$1(453)) - Datanode localhost-246.22.32.49 a5718a8c-81fb-4784-80b2-8334faa800d5 is Over-Utilized.
2023-09-12 21:13:59,515 [main] DEBUG balancer.ContainerBalancerTask (ContainerBalancerTask.java:lambda$initializeIteration$2(459)) - Datanode localhost-6.113.197.214 be694670-59a1-427a-ac3a-32dfdb19da28 is Under-Utilized.
2023-09-12 21:13:59,515 [main] DEBUG balancer.ContainerBalancerTask (ContainerBalancerTask.java:lambda$initializeIteration$2(459)) - Datanode localhost-16.201.102.14 eef31766-39ac-4b17-a6a8-672d746f5e37 is Under-Utilized.
2023-09-12 21:13:59,515 [main] DEBUG balancer.ContainerBalancerTask (ContainerBalancerTask.java:lambda$initializeIteration$2(459)) - Datanode localhost-81.90.142.8 a08459da-2ee7-4d53-85f0-fb6e9e38b746 is Under-Utilized.
2023-09-12 21:13:59,518 [main] DEBUG balancer.ContainerBalancerTask (ContainerBalancerTask.java:matchSourceWithTarget(708)) - ContainerBalancer is finding suitable target for source datanode 29779e2e-ad41-4310-a8f8-43fd9dddce73
2023-09-12 21:13:59,518 [main] INFO  balancer.ContainerBalancerTask (ContainerBalancerTask.java:matchSourceWithTarget(722)) - ContainerBalancer matched source datanode 29779e2e-ad41-4310-a8f8-43fd9dddce73 with target datanode be694670-59a1-427a-ac3a-32dfdb19da28 for container move.
2023-09-12 21:13:59,518 [main] INFO  balancer.ContainerBalancerTask (ContainerBalancerTask.java:processMoveSelection(569)) - ContainerBalancer is trying to move container #85 with size 5368709120B from source datanode 29779e2e-ad41-4310-a8f8-43fd9dddce73 to target datanode be694670-59a1-427a-ac3a-32dfdb19da28
2023-09-12 21:13:59,519 [main] DEBUG balancer.ContainerBalancerTask (ContainerBalancerTask.java:lambda$moveContainer$3(837)) - Container move completed for container #85 from source 29779e2e-ad41-4310-a8f8-43fd9dddce73 to target be694670-59a1-427a-ac3a-32dfdb19da28
2023-09-12 21:13:59,519 [main] DEBUG balancer.ContainerBalancerTask (ContainerBalancerTask.java:adaptOnReachingIterationLimits(782)) - Reached max datanodes to involve limit. 2 datanodes have already been selected for balancing and the limit is 2. Only already selected sources and targets can be involved in balancing now.
2023-09-12 21:13:59,522 [main] DEBUG balancer.ContainerBalancerTask (ContainerBalancerTask.java:matchSourceWithTarget(708)) - ContainerBalancer is finding suitable target for source datanode 29779e2e-ad41-4310-a8f8-43fd9dddce73
2023-09-12 21:13:59,522 [main] INFO  balancer.ContainerBalancerTask (ContainerBalancerTask.java:matchSourceWithTarget(722)) - ContainerBalancer matched source datanode 29779e2e-ad41-4310-a8f8-43fd9dddce73 with target datanode be694670-59a1-427a-ac3a-32dfdb19da28 for container move.
2023-09-12 21:13:59,522 [main] INFO  balancer.ContainerBalancerTask (ContainerBalancerTask.java:processMoveSelection(569)) - ContainerBalancer is trying to move container #68 with size 5368709120B from source datanode 29779e2e-ad41-4310-a8f8-43fd9dddce73 to target datanode be694670-59a1-427a-ac3a-32dfdb19da28
2023-09-12 21:13:59,522 [main] DEBUG balancer.ContainerBalancerTask (ContainerBalancerTask.java:lambda$moveContainer$3(837)) - Container move completed for container #68 from source 29779e2e-ad41-4310-a8f8-43fd9dddce73 to target be694670-59a1-427a-ac3a-32dfdb19da28
2023-09-12 21:13:59,526 [main] DEBUG balancer.ContainerBalancerTask (ContainerBalancerTask.java:matchSourceWithTarget(708)) - ContainerBalancer is finding suitable target for source datanode 29779e2e-ad41-4310-a8f8-43fd9dddce73
2023-09-12 21:13:59,526 [main] INFO  balancer.ContainerBalancerTask (ContainerBalancerTask.java:matchSourceWithTarget(722)) - ContainerBalancer matched source datanode 29779e2e-ad41-4310-a8f8-43fd9dddce73 with target datanode be694670-59a1-427a-ac3a-32dfdb19da28 for container move.
2023-09-12 21:13:59,526 [main] INFO  balancer.ContainerBalancerTask (ContainerBalancerTask.java:processMoveSelection(569)) - ContainerBalancer is trying to move container #89 with size 4294967296B from source datanode 29779e2e-ad41-4310-a8f8-43fd9dddce73 to target datanode be694670-59a1-427a-ac3a-32dfdb19da28
2023-09-12 21:13:59,526 [main] DEBUG balancer.ContainerBalancerTask (ContainerBalancerTask.java:lambda$moveContainer$3(837)) - Container move completed for container #89 from source 29779e2e-ad41-4310-a8f8-43fd9dddce73 to target be694670-59a1-427a-ac3a-32dfdb19da28
2023-09-12 21:13:59,529 [main] DEBUG balancer.ContainerBalancerTask (ContainerBalancerTask.java:matchSourceWithTarget(708)) - ContainerBalancer is finding suitable target for source datanode 29779e2e-ad41-4310-a8f8-43fd9dddce73
2023-09-12 21:13:59,530 [main] INFO  balancer.ContainerBalancerTask (ContainerBalancerTask.java:matchSourceWithTarget(722)) - ContainerBalancer matched source datanode 29779e2e-ad41-4310-a8f8-43fd9dddce73 with target datanode be694670-59a1-427a-ac3a-32dfdb19da28 for container move.
2023-09-12 21:13:59,530 [main] INFO  balancer.ContainerBalancerTask (ContainerBalancerTask.java:processMoveSelection(569)) - ContainerBalancer is trying to move container #86 with size 1073741824B from source datanode 29779e2e-ad41-4310-a8f8-43fd9dddce73 to target datanode be694670-59a1-427a-ac3a-32dfdb19da28
2023-09-12 21:13:59,530 [main] DEBUG balancer.ContainerBalancerTask (ContainerBalancerTask.java:lambda$moveContainer$3(837)) - Container move completed for container #86 from source 29779e2e-ad41-4310-a8f8-43fd9dddce73 to target be694670-59a1-427a-ac3a-32dfdb19da28
2023-09-12 21:13:59,533 [main] DEBUG balancer.ContainerBalancerTask (ContainerBalancerTask.java:matchSourceWithTarget(708)) - ContainerBalancer is finding suitable target for source datanode 29779e2e-ad41-4310-a8f8-43fd9dddce73
2023-09-12 21:13:59,535 [main] INFO  balancer.FindTargetGreedyByUsageInfo (AbstractFindTargetGreedy.java:findTargetForContainerMove(133)) - Container Balancer could not find a target for source datanode 29779e2e-ad41-4310-a8f8-43fd9dddce73
2023-09-12 21:13:59,535 [main] DEBUG balancer.ContainerBalancerTask (ContainerBalancerTask.java:matchSourceWithTarget(717)) - ContainerBalancer could not find a suitable target for source node 29779e2e-ad41-4310-a8f8-43fd9dddce73.
2023-09-12 21:13:59,535 [main] INFO  balancer.FindSourceGreedy (FindSourceGreedy.java:getNextCandidateSourceDataNode(126)) - no more candidate source data node
2023-09-12 21:13:59,535 [main] INFO  balancer.ContainerBalancerTask (ContainerBalancerTask.java:checkIterationMoveResults(642)) - Iteration Summary. Number of Datanodes involved: 2. Size moved: 15 GB (16106127360 Bytes). Number of Container moves completed: 4.
2023-09-12 21:13:59,535 [main] INFO  balancer.ContainerBalancerTask (ContainerBalancerTask.java:balance(259)) - Result of this iteration of Container Balancer: ITERATION_COMPLETED
2023-09-12 21:13:59,537 [main] DEBUG balancer.ContainerBalancerTask (ContainerBalancerTask.java:initializeIteration(374)) - Average utilization of the cluster is 0.36091814930322325
2023-09-12 21:13:59,537 [main] DEBUG balancer.ContainerBalancerTask (ContainerBalancerTask.java:initializeIteration(386)) - Lower limit for utilization is 0.2609181493032232 and Upper limit for utilization is 0.4609181493032233
2023-09-12 21:13:59,537 [main] DEBUG balancer.ContainerBalancerTask (ContainerBalancerTask.java:initializeIteration(398)) - Utilization for node 29779e2e-ad41-4310-a8f8-43fd9dddce73 with capacity 66810602382B, used 60129542144B, and remaining 6681060238B is 0.9000000000029935
2023-09-12 21:13:59,537 [main] DEBUG balancer.ContainerBalancerTask (ContainerBalancerTask.java:initializeIteration(398)) - Utilization for node 5f34b806-3874-4211-b570-163073eb2698 with capacity 69793218560B, used 55834574848B, and remaining 13958643712B is 0.8
2023-09-12 21:13:59,537 [main] DEBUG balancer.ContainerBalancerTask (ContainerBalancerTask.java:initializeIteration(398)) - Utilization for node 6073e23d-4d56-4cd0-b0d3-561cddc9cc50 with capacity 67492343222B, used 47244640256B, and remaining 20247702966B is 0.7000000000088898
2023-09-12 21:13:59,538 [main] DEBUG balancer.ContainerBalancerTask (ContainerBalancerTask.java:initializeIteration(398)) - Utilization for node b070eac6-d61e-49ba-94be-cb91fb2e7552 with capacity 93057624746B, used 55834574848B, and remaining 37223049898B is 0.6000000000042984
2023-09-12 21:13:59,538 [main] DEBUG balancer.ContainerBalancerTask (ContainerBalancerTask.java:initializeIteration(398)) - Utilization for node a5718a8c-81fb-4784-80b2-8334faa800d5 with capacity 79456894976B, used 39728447488B, and remaining 39728447488B is 0.5
2023-09-12 21:13:59,538 [main] DEBUG balancer.ContainerBalancerTask (ContainerBalancerTask.java:initializeIteration(398)) - Utilization for node 3397358a-a7d5-4dbe-846b-f3afb1f0ce18 with capacity 93952409600B, used 37580963840B, and remaining 56371445760B is 0.4
2023-09-12 21:13:59,538 [main] DEBUG balancer.ContainerBalancerTask (ContainerBalancerTask.java:initializeIteration(398)) - Utilization for node 1a818ca9-6ddf-4ca0-ab30-df06b318ccd2 with capacity 150323855360B, used 45097156608B, and remaining 105226698752B is 0.3
2023-09-12 21:13:59,538 [main] DEBUG balancer.ContainerBalancerTask (ContainerBalancerTask.java:initializeIteration(398)) - Utilization for node a08459da-2ee7-4d53-85f0-fb6e9e38b746 with capacity 144955146240B, used 28991029248B, and remaining 115964116992B is 0.2
2023-09-12 21:13:59,538 [main] DEBUG balancer.ContainerBalancerTask (ContainerBalancerTask.java:initializeIteration(398)) - Utilization for node eef31766-39ac-4b17-a6a8-672d746f5e37 with capacity 311385128960B, used 31138512896B, and remaining 280246616064B is 0.1
2023-09-12 21:13:59,538 [main] DEBUG balancer.ContainerBalancerTask (ContainerBalancerTask.java:initializeIteration(398)) - Utilization for node be694670-59a1-427a-ac3a-32dfdb19da28 with capacity 35433480192B, used 0B, and remaining 35433480192B is 0.0
2023-09-12 21:13:59,538 [main] INFO  balancer.ContainerBalancerTask (ContainerBalancerTask.java:initializeIteration(447)) - Container Balancer has identified 5 Over-Utilized and 3 Under-Utilized Datanodes that need to be balanced.
2023-09-12 21:13:59,538 [main] DEBUG balancer.ContainerBalancerTask (ContainerBalancerTask.java:lambda$initializeIteration$1(453)) - Datanode localhost-215.222.85.178 29779e2e-ad41-4310-a8f8-43fd9dddce73 is Over-Utilized.
2023-09-12 21:13:59,538 [main] DEBUG balancer.ContainerBalancerTask (ContainerBalancerTask.java:lambda$initializeIteration$1(453)) - Datanode localhost-234.219.166.159 5f34b806-3874-4211-b570-163073eb2698 is Over-Utilized.
2023-09-12 21:13:59,538 [main] DEBUG balancer.ContainerBalancerTask (ContainerBalancerTask.java:lambda$initializeIteration$1(453)) - Datanode localhost-68.187.204.188 6073e23d-4d56-4cd0-b0d3-561cddc9cc50 is Over-Utilized.
2023-09-12 21:13:59,539 [main] DEBUG balancer.ContainerBalancerTask (ContainerBalancerTask.java:lambda$initializeIteration$1(453)) - Datanode localhost-31.112.98.60 b070eac6-d61e-49ba-94be-cb91fb2e7552 is Over-Utilized.
2023-09-12 21:13:59,539 [main] DEBUG balancer.ContainerBalancerTask (ContainerBalancerTask.java:lambda$initializeIteration$1(453)) - Datanode localhost-246.22.32.49 a5718a8c-81fb-4784-80b2-8334faa800d5 is Over-Utilized.
2023-09-12 21:13:59,539 [main] DEBUG balancer.ContainerBalancerTask (ContainerBalancerTask.java:lambda$initializeIteration$2(459)) - Datanode localhost-6.113.197.214 be694670-59a1-427a-ac3a-32dfdb19da28 is Under-Utilized.
2023-09-12 21:13:59,539 [main] DEBUG balancer.ContainerBalancerTask (ContainerBalancerTask.java:lambda$initializeIteration$2(459)) - Datanode localhost-16.201.102.14 eef31766-39ac-4b17-a6a8-672d746f5e37 is Under-Utilized.
2023-09-12 21:13:59,539 [main] DEBUG balancer.ContainerBalancerTask (ContainerBalancerTask.java:lambda$initializeIteration$2(459)) - Datanode localhost-81.90.142.8 a08459da-2ee7-4d53-85f0-fb6e9e38b746 is Under-Utilized.
2023-09-12 21:13:59,543 [main] DEBUG balancer.ContainerBalancerTask (ContainerBalancerTask.java:matchSourceWithTarget(708)) - ContainerBalancer is finding suitable target for source datanode 29779e2e-ad41-4310-a8f8-43fd9dddce73
2023-09-12 21:13:59,543 [main] INFO  balancer.ContainerBalancerTask (ContainerBalancerTask.java:matchSourceWithTarget(722)) - ContainerBalancer matched source datanode 29779e2e-ad41-4310-a8f8-43fd9dddce73 with target datanode be694670-59a1-427a-ac3a-32dfdb19da28 for container move.
2023-09-12 21:13:59,543 [main] INFO  balancer.ContainerBalancerTask (ContainerBalancerTask.java:processMoveSelection(569)) - ContainerBalancer is trying to move container #85 with size 5368709120B from source datanode 29779e2e-ad41-4310-a8f8-43fd9dddce73 to target datanode be694670-59a1-427a-ac3a-32dfdb19da28
2023-09-12 21:13:59,544 [main] DEBUG balancer.ContainerBalancerTask (ContainerBalancerTask.java:lambda$moveContainer$3(837)) - Container move completed for container #85 from source 29779e2e-ad41-4310-a8f8-43fd9dddce73 to target be694670-59a1-427a-ac3a-32dfdb19da28
2023-09-12 21:13:59,544 [main] DEBUG balancer.ContainerBalancerTask (ContainerBalancerTask.java:adaptOnReachingIterationLimits(782)) - Reached max datanodes to involve limit. 2 datanodes have already been selected for balancing and the limit is 2. Only already selected sources and targets can be involved in balancing now.
2023-09-12 21:13:59,547 [main] DEBUG balancer.ContainerBalancerTask (ContainerBalancerTask.java:matchSourceWithTarget(708)) - ContainerBalancer is finding suitable target for source datanode 29779e2e-ad41-4310-a8f8-43fd9dddce73
2023-09-12 21:13:59,547 [main] INFO  balancer.ContainerBalancerTask (ContainerBalancerTask.java:matchSourceWithTarget(722)) - ContainerBalancer matched source datanode 29779e2e-ad41-4310-a8f8-43fd9dddce73 with target datanode be694670-59a1-427a-ac3a-32dfdb19da28 for container move.
2023-09-12 21:13:59,548 [main] INFO  balancer.ContainerBalancerTask (ContainerBalancerTask.java:processMoveSelection(569)) - ContainerBalancer is trying to move container #68 with size 5368709120B from source datanode 29779e2e-ad41-4310-a8f8-43fd9dddce73 to target datanode be694670-59a1-427a-ac3a-32dfdb19da28
2023-09-12 21:13:59,548 [main] DEBUG balancer.ContainerBalancerTask (ContainerBalancerTask.java:lambda$moveContainer$3(837)) - Container move completed for container #68 from source 29779e2e-ad41-4310-a8f8-43fd9dddce73 to target be694670-59a1-427a-ac3a-32dfdb19da28
2023-09-12 21:13:59,551 [main] DEBUG balancer.ContainerBalancerTask (ContainerBalancerTask.java:matchSourceWithTarget(708)) - ContainerBalancer is finding suitable target for source datanode 29779e2e-ad41-4310-a8f8-43fd9dddce73
2023-09-12 21:13:59,551 [main] INFO  balancer.ContainerBalancerTask (ContainerBalancerTask.java:matchSourceWithTarget(722)) - ContainerBalancer matched source datanode 29779e2e-ad41-4310-a8f8-43fd9dddce73 with target datanode be694670-59a1-427a-ac3a-32dfdb19da28 for container move.
2023-09-12 21:13:59,551 [main] INFO  balancer.ContainerBalancerTask (ContainerBalancerTask.java:processMoveSelection(569)) - ContainerBalancer is trying to move container #89 with size 4294967296B from source datanode 29779e2e-ad41-4310-a8f8-43fd9dddce73 to target datanode be694670-59a1-427a-ac3a-32dfdb19da28
2023-09-12 21:13:59,551 [main] DEBUG balancer.ContainerBalancerTask (ContainerBalancerTask.java:lambda$moveContainer$3(837)) - Container move completed for container #89 from source 29779e2e-ad41-4310-a8f8-43fd9dddce73 to target be694670-59a1-427a-ac3a-32dfdb19da28
2023-09-12 21:13:59,554 [main] DEBUG balancer.ContainerBalancerTask (ContainerBalancerTask.java:matchSourceWithTarget(708)) - ContainerBalancer is finding suitable target for source datanode 29779e2e-ad41-4310-a8f8-43fd9dddce73
2023-09-12 21:13:59,555 [main] INFO  balancer.ContainerBalancerTask (ContainerBalancerTask.java:matchSourceWithTarget(722)) - ContainerBalancer matched source datanode 29779e2e-ad41-4310-a8f8-43fd9dddce73 with target datanode be694670-59a1-427a-ac3a-32dfdb19da28 for container move.
2023-09-12 21:13:59,555 [main] INFO  balancer.ContainerBalancerTask (ContainerBalancerTask.java:processMoveSelection(569)) - ContainerBalancer is trying to move container #86 with size 1073741824B from source datanode 29779e2e-ad41-4310-a8f8-43fd9dddce73 to target datanode be694670-59a1-427a-ac3a-32dfdb19da28
2023-09-12 21:13:59,555 [main] DEBUG balancer.ContainerBalancerTask (ContainerBalancerTask.java:lambda$moveContainer$3(837)) - Container move completed for container #86 from source 29779e2e-ad41-4310-a8f8-43fd9dddce73 to target be694670-59a1-427a-ac3a-32dfdb19da28
2023-09-12 21:13:59,558 [main] DEBUG balancer.ContainerBalancerTask (ContainerBalancerTask.java:matchSourceWithTarget(708)) - ContainerBalancer is finding suitable target for source datanode 29779e2e-ad41-4310-a8f8-43fd9dddce73
2023-09-12 21:13:59,560 [main] INFO  balancer.FindTargetGreedyByUsageInfo (AbstractFindTargetGreedy.java:findTargetForContainerMove(133)) - Container Balancer could not find a target for source datanode 29779e2e-ad41-4310-a8f8-43fd9dddce73
2023-09-12 21:13:59,560 [main] DEBUG balancer.ContainerBalancerTask (ContainerBalancerTask.java:matchSourceWithTarget(717)) - ContainerBalancer could not find a suitable target for source node 29779e2e-ad41-4310-a8f8-43fd9dddce73.
2023-09-12 21:13:59,560 [main] INFO  balancer.FindSourceGreedy (FindSourceGreedy.java:getNextCandidateSourceDataNode(126)) - no more candidate source data node
2023-09-12 21:13:59,560 [main] INFO  balancer.ContainerBalancerTask (ContainerBalancerTask.java:checkIterationMoveResults(642)) - Iteration Summary. Number of Datanodes involved: 2. Size moved: 15 GB (16106127360 Bytes). Number of Container moves completed: 4.
2023-09-12 21:13:59,560 [main] INFO  balancer.ContainerBalancerTask (ContainerBalancerTask.java:balance(259)) - Result of this iteration of Container Balancer: ITERATION_COMPLETED
2023-09-12 21:13:59,562 [main] DEBUG balancer.ContainerBalancerTask (ContainerBalancerTask.java:initializeIteration(374)) - Average utilization of the cluster is 0.36091814930322325
2023-09-12 21:13:59,562 [main] DEBUG balancer.ContainerBalancerTask (ContainerBalancerTask.java:initializeIteration(386)) - Lower limit for utilization is 0.2609181493032232 and Upper limit for utilization is 0.4609181493032233
2023-09-12 21:13:59,563 [main] DEBUG balancer.ContainerBalancerTask (ContainerBalancerTask.java:initializeIteration(398)) - Utilization for node 29779e2e-ad41-4310-a8f8-43fd9dddce73 with capacity 66810602382B, used 60129542144B, and remaining 6681060238B is 0.9000000000029935
2023-09-12 21:13:59,563 [main] DEBUG balancer.ContainerBalancerTask (ContainerBalancerTask.java:initializeIteration(398)) - Utilization for node 5f34b806-3874-4211-b570-163073eb2698 with capacity 69793218560B, used 55834574848B, and remaining 13958643712B is 0.8
2023-09-12 21:13:59,563 [main] DEBUG balancer.ContainerBalancerTask (ContainerBalancerTask.java:initializeIteration(398)) - Utilization for node 6073e23d-4d56-4cd0-b0d3-561cddc9cc50 with capacity 67492343222B, used 47244640256B, and remaining 20247702966B is 0.7000000000088898
2023-09-12 21:13:59,563 [main] DEBUG balancer.ContainerBalancerTask (ContainerBalancerTask.java:initializeIteration(398)) - Utilization for node b070eac6-d61e-49ba-94be-cb91fb2e7552 with capacity 93057624746B, used 55834574848B, and remaining 37223049898B is 0.6000000000042984
2023-09-12 21:13:59,563 [main] DEBUG balancer.ContainerBalancerTask (ContainerBalancerTask.java:initializeIteration(398)) - Utilization for node a5718a8c-81fb-4784-80b2-8334faa800d5 with capacity 79456894976B, used 39728447488B, and remaining 39728447488B is 0.5
2023-09-12 21:13:59,563 [main] DEBUG balancer.ContainerBalancerTask (ContainerBalancerTask.java:initializeIteration(398)) - Utilization for node 3397358a-a7d5-4dbe-846b-f3afb1f0ce18 with capacity 93952409600B, used 37580963840B, and remaining 56371445760B is 0.4
2023-09-12 21:13:59,563 [main] DEBUG balancer.ContainerBalancerTask (ContainerBalancerTask.java:initializeIteration(398)) - Utilization for node 1a818ca9-6ddf-4ca0-ab30-df06b318ccd2 with capacity 150323855360B, used 45097156608B, and remaining 105226698752B is 0.3
2023-09-12 21:13:59,563 [main] DEBUG balancer.ContainerBalancerTask (ContainerBalancerTask.java:initializeIteration(398)) - Utilization for node a08459da-2ee7-4d53-85f0-fb6e9e38b746 with capacity 144955146240B, used 28991029248B, and remaining 115964116992B is 0.2
2023-09-12 21:13:59,563 [main] DEBUG balancer.ContainerBalancerTask (ContainerBalancerTask.java:initializeIteration(398)) - Utilization for node eef31766-39ac-4b17-a6a8-672d746f5e37 with capacity 311385128960B, used 31138512896B, and remaining 280246616064B is 0.1
2023-09-12 21:13:59,563 [main] DEBUG balancer.ContainerBalancerTask (ContainerBalancerTask.java:initializeIteration(398)) - Utilization for node be694670-59a1-427a-ac3a-32dfdb19da28 with capacity 35433480192B, used 0B, and remaining 35433480192B is 0.0
2023-09-12 21:13:59,564 [main] INFO  balancer.ContainerBalancerTask (ContainerBalancerTask.java:initializeIteration(447)) - Container Balancer has identified 5 Over-Utilized and 3 Under-Utilized Datanodes that need to be balanced.
2023-09-12 21:13:59,564 [main] DEBUG balancer.ContainerBalancerTask (ContainerBalancerTask.java:lambda$initializeIteration$1(453)) - Datanode localhost-215.222.85.178 29779e2e-ad41-4310-a8f8-43fd9dddce73 is Over-Utilized.
2023-09-12 21:13:59,564 [main] DEBUG balancer.ContainerBalancerTask (ContainerBalancerTask.java:lambda$initializeIteration$1(453)) - Datanode localhost-234.219.166.159 5f34b806-3874-4211-b570-163073eb2698 is Over-Utilized.
2023-09-12 21:13:59,564 [main] DEBUG balancer.ContainerBalancerTask (ContainerBalancerTask.java:lambda$initializeIteration$1(453)) - Datanode localhost-68.187.204.188 6073e23d-4d56-4cd0-b0d3-561cddc9cc50 is Over-Utilized.
2023-09-12 21:13:59,564 [main] DEBUG balancer.ContainerBalancerTask (ContainerBalancerTask.java:lambda$initializeIteration$1(453)) - Datanode localhost-31.112.98.60 b070eac6-d61e-49ba-94be-cb91fb2e7552 is Over-Utilized.
2023-09-12 21:13:59,564 [main] DEBUG balancer.ContainerBalancerTask (ContainerBalancerTask.java:lambda$initializeIteration$1(453)) - Datanode localhost-246.22.32.49 a5718a8c-81fb-4784-80b2-8334faa800d5 is Over-Utilized.
2023-09-12 21:13:59,564 [main] DEBUG balancer.ContainerBalancerTask (ContainerBalancerTask.java:lambda$initializeIteration$2(459)) - Datanode localhost-6.113.197.214 be694670-59a1-427a-ac3a-32dfdb19da28 is Under-Utilized.
2023-09-12 21:13:59,564 [main] DEBUG balancer.ContainerBalancerTask (ContainerBalancerTask.java:lambda$initializeIteration$2(459)) - Datanode localhost-16.201.102.14 eef31766-39ac-4b17-a6a8-672d746f5e37 is Under-Utilized.
2023-09-12 21:13:59,564 [main] DEBUG balancer.ContainerBalancerTask (ContainerBalancerTask.java:lambda$initializeIteration$2(459)) - Datanode localhost-81.90.142.8 a08459da-2ee7-4d53-85f0-fb6e9e38b746 is Under-Utilized.
2023-09-12 21:13:59,567 [main] DEBUG balancer.ContainerBalancerTask (ContainerBalancerTask.java:matchSourceWithTarget(708)) - ContainerBalancer is finding suitable target for source datanode 29779e2e-ad41-4310-a8f8-43fd9dddce73
2023-09-12 21:13:59,568 [main] INFO  balancer.ContainerBalancerTask (ContainerBalancerTask.java:matchSourceWithTarget(722)) - ContainerBalancer matched source datanode 29779e2e-ad41-4310-a8f8-43fd9dddce73 with target datanode be694670-59a1-427a-ac3a-32dfdb19da28 for container move.
2023-09-12 21:13:59,568 [main] INFO  balancer.ContainerBalancerTask (ContainerBalancerTask.java:processMoveSelection(569)) - ContainerBalancer is trying to move container #85 with size 5368709120B from source datanode 29779e2e-ad41-4310-a8f8-43fd9dddce73 to target datanode be694670-59a1-427a-ac3a-32dfdb19da28
2023-09-12 21:13:59,568 [main] DEBUG balancer.ContainerBalancerTask (ContainerBalancerTask.java:lambda$moveContainer$3(837)) - Container move completed for container #85 from source 29779e2e-ad41-4310-a8f8-43fd9dddce73 to target be694670-59a1-427a-ac3a-32dfdb19da28
2023-09-12 21:13:59,568 [main] DEBUG balancer.ContainerBalancerTask (ContainerBalancerTask.java:adaptOnReachingIterationLimits(782)) - Reached max datanodes to involve limit. 2 datanodes have already been selected for balancing and the limit is 2. Only already selected sources and targets can be involved in balancing now.
2023-09-12 21:13:59,571 [main] DEBUG balancer.ContainerBalancerTask (ContainerBalancerTask.java:matchSourceWithTarget(708)) - ContainerBalancer is finding suitable target for source datanode 29779e2e-ad41-4310-a8f8-43fd9dddce73
2023-09-12 21:13:59,571 [main] INFO  balancer.ContainerBalancerTask (ContainerBalancerTask.java:matchSourceWithTarget(722)) - ContainerBalancer matched source datanode 29779e2e-ad41-4310-a8f8-43fd9dddce73 with target datanode be694670-59a1-427a-ac3a-32dfdb19da28 for container move.
2023-09-12 21:13:59,572 [main] INFO  balancer.ContainerBalancerTask (ContainerBalancerTask.java:processMoveSelection(569)) - ContainerBalancer is trying to move container #68 with size 5368709120B from source datanode 29779e2e-ad41-4310-a8f8-43fd9dddce73 to target datanode be694670-59a1-427a-ac3a-32dfdb19da28
2023-09-12 21:13:59,572 [main] DEBUG balancer.ContainerBalancerTask (ContainerBalancerTask.java:lambda$moveContainer$3(837)) - Container move completed for container #68 from source 29779e2e-ad41-4310-a8f8-43fd9dddce73 to target be694670-59a1-427a-ac3a-32dfdb19da28
2023-09-12 21:13:59,575 [main] DEBUG balancer.ContainerBalancerTask (ContainerBalancerTask.java:matchSourceWithTarget(708)) - ContainerBalancer is finding suitable target for source datanode 29779e2e-ad41-4310-a8f8-43fd9dddce73
2023-09-12 21:13:59,575 [main] INFO  balancer.ContainerBalancerTask (ContainerBalancerTask.java:matchSourceWithTarget(722)) - ContainerBalancer matched source datanode 29779e2e-ad41-4310-a8f8-43fd9dddce73 with target datanode be694670-59a1-427a-ac3a-32dfdb19da28 for container move.
2023-09-12 21:13:59,575 [main] INFO  balancer.ContainerBalancerTask (ContainerBalancerTask.java:processMoveSelection(569)) - ContainerBalancer is trying to move container #89 with size 4294967296B from source datanode 29779e2e-ad41-4310-a8f8-43fd9dddce73 to target datanode be694670-59a1-427a-ac3a-32dfdb19da28
2023-09-12 21:13:59,575 [main] DEBUG balancer.ContainerBalancerTask (ContainerBalancerTask.java:lambda$moveContainer$3(837)) - Container move completed for container #89 from source 29779e2e-ad41-4310-a8f8-43fd9dddce73 to target be694670-59a1-427a-ac3a-32dfdb19da28
2023-09-12 21:13:59,578 [main] DEBUG balancer.ContainerBalancerTask (ContainerBalancerTask.java:matchSourceWithTarget(708)) - ContainerBalancer is finding suitable target for source datanode 29779e2e-ad41-4310-a8f8-43fd9dddce73
2023-09-12 21:13:59,579 [main] INFO  balancer.ContainerBalancerTask (ContainerBalancerTask.java:matchSourceWithTarget(722)) - ContainerBalancer matched source datanode 29779e2e-ad41-4310-a8f8-43fd9dddce73 with target datanode be694670-59a1-427a-ac3a-32dfdb19da28 for container move.
2023-09-12 21:13:59,579 [main] INFO  balancer.ContainerBalancerTask (ContainerBalancerTask.java:processMoveSelection(569)) - ContainerBalancer is trying to move container #86 with size 1073741824B from source datanode 29779e2e-ad41-4310-a8f8-43fd9dddce73 to target datanode be694670-59a1-427a-ac3a-32dfdb19da28
2023-09-12 21:13:59,580 [main] DEBUG balancer.ContainerBalancerTask (ContainerBalancerTask.java:lambda$moveContainer$3(837)) - Container move completed for container #86 from source 29779e2e-ad41-4310-a8f8-43fd9dddce73 to target be694670-59a1-427a-ac3a-32dfdb19da28
2023-09-12 21:13:59,583 [main] DEBUG balancer.ContainerBalancerTask (ContainerBalancerTask.java:matchSourceWithTarget(708)) - ContainerBalancer is finding suitable target for source datanode 29779e2e-ad41-4310-a8f8-43fd9dddce73
2023-09-12 21:13:59,584 [main] INFO  balancer.FindTargetGreedyByUsageInfo (AbstractFindTargetGreedy.java:findTargetForContainerMove(133)) - Container Balancer could not find a target for source datanode 29779e2e-ad41-4310-a8f8-43fd9dddce73
2023-09-12 21:13:59,584 [main] DEBUG balancer.ContainerBalancerTask (ContainerBalancerTask.java:matchSourceWithTarget(717)) - ContainerBalancer could not find a suitable target for source node 29779e2e-ad41-4310-a8f8-43fd9dddce73.
2023-09-12 21:13:59,584 [main] INFO  balancer.FindSourceGreedy (FindSourceGreedy.java:getNextCandidateSourceDataNode(126)) - no more candidate source data node
2023-09-12 21:13:59,584 [main] INFO  balancer.ContainerBalancerTask (ContainerBalancerTask.java:checkIterationMoveResults(642)) - Iteration Summary. Number of Datanodes involved: 2. Size moved: 15 GB (16106127360 Bytes). Number of Container moves completed: 4.
2023-09-12 21:13:59,584 [main] INFO  balancer.ContainerBalancerTask (ContainerBalancerTask.java:balance(259)) - Result of this iteration of Container Balancer: ITERATION_COMPLETED
2023-09-12 21:13:59,586 [main] DEBUG balancer.ContainerBalancerTask (ContainerBalancerTask.java:initializeIteration(374)) - Average utilization of the cluster is 0.36091814930322325
2023-09-12 21:13:59,586 [main] DEBUG balancer.ContainerBalancerTask (ContainerBalancerTask.java:initializeIteration(386)) - Lower limit for utilization is 0.2609181493032232 and Upper limit for utilization is 0.4609181493032233
2023-09-12 21:13:59,586 [main] DEBUG balancer.ContainerBalancerTask (ContainerBalancerTask.java:initializeIteration(398)) - Utilization for node 29779e2e-ad41-4310-a8f8-43fd9dddce73 with capacity 66810602382B, used 60129542144B, and remaining 6681060238B is 0.9000000000029935
2023-09-12 21:13:59,586 [main] DEBUG balancer.ContainerBalancerTask (ContainerBalancerTask.java:initializeIteration(398)) - Utilization for node 5f34b806-3874-4211-b570-163073eb2698 with capacity 69793218560B, used 55834574848B, and remaining 13958643712B is 0.8
2023-09-12 21:13:59,587 [main] DEBUG balancer.ContainerBalancerTask (ContainerBalancerTask.java:initializeIteration(398)) - Utilization for node 6073e23d-4d56-4cd0-b0d3-561cddc9cc50 with capacity 67492343222B, used 47244640256B, and remaining 20247702966B is 0.7000000000088898
2023-09-12 21:13:59,587 [main] DEBUG balancer.ContainerBalancerTask (ContainerBalancerTask.java:initializeIteration(398)) - Utilization for node b070eac6-d61e-49ba-94be-cb91fb2e7552 with capacity 93057624746B, used 55834574848B, and remaining 37223049898B is 0.6000000000042984
2023-09-12 21:13:59,587 [main] DEBUG balancer.ContainerBalancerTask (ContainerBalancerTask.java:initializeIteration(398)) - Utilization for node a5718a8c-81fb-4784-80b2-8334faa800d5 with capacity 79456894976B, used 39728447488B, and remaining 39728447488B is 0.5
2023-09-12 21:13:59,587 [main] DEBUG balancer.ContainerBalancerTask (ContainerBalancerTask.java:initializeIteration(398)) - Utilization for node 3397358a-a7d5-4dbe-846b-f3afb1f0ce18 with capacity 93952409600B, used 37580963840B, and remaining 56371445760B is 0.4
2023-09-12 21:13:59,587 [main] DEBUG balancer.ContainerBalancerTask (ContainerBalancerTask.java:initializeIteration(398)) - Utilization for node 1a818ca9-6ddf-4ca0-ab30-df06b318ccd2 with capacity 150323855360B, used 45097156608B, and remaining 105226698752B is 0.3
2023-09-12 21:13:59,587 [main] DEBUG balancer.ContainerBalancerTask (ContainerBalancerTask.java:initializeIteration(398)) - Utilization for node a08459da-2ee7-4d53-85f0-fb6e9e38b746 with capacity 144955146240B, used 28991029248B, and remaining 115964116992B is 0.2
2023-09-12 21:13:59,587 [main] DEBUG balancer.ContainerBalancerTask (ContainerBalancerTask.java:initializeIteration(398)) - Utilization for node eef31766-39ac-4b17-a6a8-672d746f5e37 with capacity 311385128960B, used 31138512896B, and remaining 280246616064B is 0.1
2023-09-12 21:13:59,587 [main] DEBUG balancer.ContainerBalancerTask (ContainerBalancerTask.java:initializeIteration(398)) - Utilization for node be694670-59a1-427a-ac3a-32dfdb19da28 with capacity 35433480192B, used 0B, and remaining 35433480192B is 0.0
2023-09-12 21:13:59,587 [main] INFO  balancer.ContainerBalancerTask (ContainerBalancerTask.java:initializeIteration(447)) - Container Balancer has identified 5 Over-Utilized and 3 Under-Utilized Datanodes that need to be balanced.
2023-09-12 21:13:59,587 [main] DEBUG balancer.ContainerBalancerTask (ContainerBalancerTask.java:lambda$initializeIteration$1(453)) - Datanode localhost-215.222.85.178 29779e2e-ad41-4310-a8f8-43fd9dddce73 is Over-Utilized.
2023-09-12 21:13:59,587 [main] DEBUG balancer.ContainerBalancerTask (ContainerBalancerTask.java:lambda$initializeIteration$1(453)) - Datanode localhost-234.219.166.159 5f34b806-3874-4211-b570-163073eb2698 is Over-Utilized.
2023-09-12 21:13:59,588 [main] DEBUG balancer.ContainerBalancerTask (ContainerBalancerTask.java:lambda$initializeIteration$1(453)) - Datanode localhost-68.187.204.188 6073e23d-4d56-4cd0-b0d3-561cddc9cc50 is Over-Utilized.
2023-09-12 21:13:59,588 [main] DEBUG balancer.ContainerBalancerTask (ContainerBalancerTask.java:lambda$initializeIteration$1(453)) - Datanode localhost-31.112.98.60 b070eac6-d61e-49ba-94be-cb91fb2e7552 is Over-Utilized.
2023-09-12 21:13:59,588 [main] DEBUG balancer.ContainerBalancerTask (ContainerBalancerTask.java:lambda$initializeIteration$1(453)) - Datanode localhost-246.22.32.49 a5718a8c-81fb-4784-80b2-8334faa800d5 is Over-Utilized.
2023-09-12 21:13:59,588 [main] DEBUG balancer.ContainerBalancerTask (ContainerBalancerTask.java:lambda$initializeIteration$2(459)) - Datanode localhost-6.113.197.214 be694670-59a1-427a-ac3a-32dfdb19da28 is Under-Utilized.
2023-09-12 21:13:59,588 [main] DEBUG balancer.ContainerBalancerTask (ContainerBalancerTask.java:lambda$initializeIteration$2(459)) - Datanode localhost-16.201.102.14 eef31766-39ac-4b17-a6a8-672d746f5e37 is Under-Utilized.
2023-09-12 21:13:59,588 [main] DEBUG balancer.ContainerBalancerTask (ContainerBalancerTask.java:lambda$initializeIteration$2(459)) - Datanode localhost-81.90.142.8 a08459da-2ee7-4d53-85f0-fb6e9e38b746 is Under-Utilized.
2023-09-12 21:13:59,591 [main] DEBUG balancer.ContainerBalancerTask (ContainerBalancerTask.java:matchSourceWithTarget(708)) - ContainerBalancer is finding suitable target for source datanode 29779e2e-ad41-4310-a8f8-43fd9dddce73
2023-09-12 21:13:59,591 [main] INFO  balancer.ContainerBalancerTask (ContainerBalancerTask.java:matchSourceWithTarget(722)) - ContainerBalancer matched source datanode 29779e2e-ad41-4310-a8f8-43fd9dddce73 with target datanode be694670-59a1-427a-ac3a-32dfdb19da28 for container move.
2023-09-12 21:13:59,591 [main] INFO  balancer.ContainerBalancerTask (ContainerBalancerTask.java:processMoveSelection(569)) - ContainerBalancer is trying to move container #85 with size 5368709120B from source datanode 29779e2e-ad41-4310-a8f8-43fd9dddce73 to target datanode be694670-59a1-427a-ac3a-32dfdb19da28
2023-09-12 21:13:59,592 [main] DEBUG balancer.ContainerBalancerTask (ContainerBalancerTask.java:lambda$moveContainer$3(837)) - Container move completed for container #85 from source 29779e2e-ad41-4310-a8f8-43fd9dddce73 to target be694670-59a1-427a-ac3a-32dfdb19da28
2023-09-12 21:13:59,592 [main] DEBUG balancer.ContainerBalancerTask (ContainerBalancerTask.java:adaptOnReachingIterationLimits(782)) - Reached max datanodes to involve limit. 2 datanodes have already been selected for balancing and the limit is 2. Only already selected sources and targets can be involved in balancing now.
2023-09-12 21:13:59,595 [main] DEBUG balancer.ContainerBalancerTask (ContainerBalancerTask.java:matchSourceWithTarget(708)) - ContainerBalancer is finding suitable target for source datanode 29779e2e-ad41-4310-a8f8-43fd9dddce73
2023-09-12 21:13:59,595 [main] INFO  balancer.ContainerBalancerTask (ContainerBalancerTask.java:matchSourceWithTarget(722)) - ContainerBalancer matched source datanode 29779e2e-ad41-4310-a8f8-43fd9dddce73 with target datanode be694670-59a1-427a-ac3a-32dfdb19da28 for container move.
2023-09-12 21:13:59,595 [main] INFO  balancer.ContainerBalancerTask (ContainerBalancerTask.java:processMoveSelection(569)) - ContainerBalancer is trying to move container #68 with size 5368709120B from source datanode 29779e2e-ad41-4310-a8f8-43fd9dddce73 to target datanode be694670-59a1-427a-ac3a-32dfdb19da28
2023-09-12 21:13:59,595 [main] DEBUG balancer.ContainerBalancerTask (ContainerBalancerTask.java:lambda$moveContainer$3(837)) - Container move completed for container #68 from source 29779e2e-ad41-4310-a8f8-43fd9dddce73 to target be694670-59a1-427a-ac3a-32dfdb19da28
2023-09-12 21:13:59,598 [main] DEBUG balancer.ContainerBalancerTask (ContainerBalancerTask.java:matchSourceWithTarget(708)) - ContainerBalancer is finding suitable target for source datanode 29779e2e-ad41-4310-a8f8-43fd9dddce73
2023-09-12 21:13:59,598 [main] INFO  balancer.ContainerBalancerTask (ContainerBalancerTask.java:matchSourceWithTarget(722)) - ContainerBalancer matched source datanode 29779e2e-ad41-4310-a8f8-43fd9dddce73 with target datanode be694670-59a1-427a-ac3a-32dfdb19da28 for container move.
2023-09-12 21:13:59,599 [main] INFO  balancer.ContainerBalancerTask (ContainerBalancerTask.java:processMoveSelection(569)) - ContainerBalancer is trying to move container #89 with size 4294967296B from source datanode 29779e2e-ad41-4310-a8f8-43fd9dddce73 to target datanode be694670-59a1-427a-ac3a-32dfdb19da28
2023-09-12 21:13:59,599 [main] DEBUG balancer.ContainerBalancerTask (ContainerBalancerTask.java:lambda$moveContainer$3(837)) - Container move completed for container #89 from source 29779e2e-ad41-4310-a8f8-43fd9dddce73 to target be694670-59a1-427a-ac3a-32dfdb19da28
2023-09-12 21:13:59,602 [main] DEBUG balancer.ContainerBalancerTask (ContainerBalancerTask.java:matchSourceWithTarget(708)) - ContainerBalancer is finding suitable target for source datanode 29779e2e-ad41-4310-a8f8-43fd9dddce73
2023-09-12 21:13:59,602 [main] INFO  balancer.ContainerBalancerTask (ContainerBalancerTask.java:matchSourceWithTarget(722)) - ContainerBalancer matched source datanode 29779e2e-ad41-4310-a8f8-43fd9dddce73 with target datanode be694670-59a1-427a-ac3a-32dfdb19da28 for container move.
2023-09-12 21:13:59,603 [main] INFO  balancer.ContainerBalancerTask (ContainerBalancerTask.java:processMoveSelection(569)) - ContainerBalancer is trying to move container #86 with size 1073741824B from source datanode 29779e2e-ad41-4310-a8f8-43fd9dddce73 to target datanode be694670-59a1-427a-ac3a-32dfdb19da28
2023-09-12 21:13:59,603 [main] DEBUG balancer.ContainerBalancerTask (ContainerBalancerTask.java:lambda$moveContainer$3(837)) - Container move completed for container #86 from source 29779e2e-ad41-4310-a8f8-43fd9dddce73 to target be694670-59a1-427a-ac3a-32dfdb19da28
2023-09-12 21:13:59,606 [main] DEBUG balancer.ContainerBalancerTask (ContainerBalancerTask.java:matchSourceWithTarget(708)) - ContainerBalancer is finding suitable target for source datanode 29779e2e-ad41-4310-a8f8-43fd9dddce73
2023-09-12 21:13:59,607 [main] INFO  balancer.FindTargetGreedyByUsageInfo (AbstractFindTargetGreedy.java:findTargetForContainerMove(133)) - Container Balancer could not find a target for source datanode 29779e2e-ad41-4310-a8f8-43fd9dddce73
2023-09-12 21:13:59,607 [main] DEBUG balancer.ContainerBalancerTask (ContainerBalancerTask.java:matchSourceWithTarget(717)) - ContainerBalancer could not find a suitable target for source node 29779e2e-ad41-4310-a8f8-43fd9dddce73.
2023-09-12 21:13:59,607 [main] INFO  balancer.FindSourceGreedy (FindSourceGreedy.java:getNextCandidateSourceDataNode(126)) - no more candidate source data node
2023-09-12 21:13:59,607 [main] INFO  balancer.ContainerBalancerTask (ContainerBalancerTask.java:checkIterationMoveResults(642)) - Iteration Summary. Number of Datanodes involved: 2. Size moved: 15 GB (16106127360 Bytes). Number of Container moves completed: 4.
2023-09-12 21:13:59,607 [main] INFO  balancer.ContainerBalancerTask (ContainerBalancerTask.java:balance(259)) - Result of this iteration of Container Balancer: ITERATION_COMPLETED
2023-09-12 21:13:59,609 [main] DEBUG balancer.ContainerBalancerTask (ContainerBalancerTask.java:initializeIteration(374)) - Average utilization of the cluster is 0.36091814930322325
2023-09-12 21:13:59,609 [main] DEBUG balancer.ContainerBalancerTask (ContainerBalancerTask.java:initializeIteration(386)) - Lower limit for utilization is 0.2609181493032232 and Upper limit for utilization is 0.4609181493032233
2023-09-12 21:13:59,609 [main] DEBUG balancer.ContainerBalancerTask (ContainerBalancerTask.java:initializeIteration(398)) - Utilization for node 29779e2e-ad41-4310-a8f8-43fd9dddce73 with capacity 66810602382B, used 60129542144B, and remaining 6681060238B is 0.9000000000029935
2023-09-12 21:13:59,609 [main] DEBUG balancer.ContainerBalancerTask (ContainerBalancerTask.java:initializeIteration(398)) - Utilization for node 5f34b806-3874-4211-b570-163073eb2698 with capacity 69793218560B, used 55834574848B, and remaining 13958643712B is 0.8
2023-09-12 21:13:59,609 [main] DEBUG balancer.ContainerBalancerTask (ContainerBalancerTask.java:initializeIteration(398)) - Utilization for node 6073e23d-4d56-4cd0-b0d3-561cddc9cc50 with capacity 67492343222B, used 47244640256B, and remaining 20247702966B is 0.7000000000088898
2023-09-12 21:13:59,610 [main] DEBUG balancer.ContainerBalancerTask (ContainerBalancerTask.java:initializeIteration(398)) - Utilization for node b070eac6-d61e-49ba-94be-cb91fb2e7552 with capacity 93057624746B, used 55834574848B, and remaining 37223049898B is 0.6000000000042984
2023-09-12 21:13:59,610 [main] DEBUG balancer.ContainerBalancerTask (ContainerBalancerTask.java:initializeIteration(398)) - Utilization for node a5718a8c-81fb-4784-80b2-8334faa800d5 with capacity 79456894976B, used 39728447488B, and remaining 39728447488B is 0.5
2023-09-12 21:13:59,610 [main] DEBUG balancer.ContainerBalancerTask (ContainerBalancerTask.java:initializeIteration(398)) - Utilization for node 3397358a-a7d5-4dbe-846b-f3afb1f0ce18 with capacity 93952409600B, used 37580963840B, and remaining 56371445760B is 0.4
2023-09-12 21:13:59,610 [main] DEBUG balancer.ContainerBalancerTask (ContainerBalancerTask.java:initializeIteration(398)) - Utilization for node 1a818ca9-6ddf-4ca0-ab30-df06b318ccd2 with capacity 150323855360B, used 45097156608B, and remaining 105226698752B is 0.3
2023-09-12 21:13:59,610 [main] DEBUG balancer.ContainerBalancerTask (ContainerBalancerTask.java:initializeIteration(398)) - Utilization for node a08459da-2ee7-4d53-85f0-fb6e9e38b746 with capacity 144955146240B, used 28991029248B, and remaining 115964116992B is 0.2
2023-09-12 21:13:59,610 [main] DEBUG balancer.ContainerBalancerTask (ContainerBalancerTask.java:initializeIteration(398)) - Utilization for node eef31766-39ac-4b17-a6a8-672d746f5e37 with capacity 311385128960B, used 31138512896B, and remaining 280246616064B is 0.1
2023-09-12 21:13:59,610 [main] DEBUG balancer.ContainerBalancerTask (ContainerBalancerTask.java:initializeIteration(398)) - Utilization for node be694670-59a1-427a-ac3a-32dfdb19da28 with capacity 35433480192B, used 0B, and remaining 35433480192B is 0.0
2023-09-12 21:13:59,610 [main] INFO  balancer.ContainerBalancerTask (ContainerBalancerTask.java:initializeIteration(447)) - Container Balancer has identified 5 Over-Utilized and 3 Under-Utilized Datanodes that need to be balanced.
2023-09-12 21:13:59,610 [main] DEBUG balancer.ContainerBalancerTask (ContainerBalancerTask.java:lambda$initializeIteration$1(453)) - Datanode localhost-215.222.85.178 29779e2e-ad41-4310-a8f8-43fd9dddce73 is Over-Utilized.
2023-09-12 21:13:59,610 [main] DEBUG balancer.ContainerBalancerTask (ContainerBalancerTask.java:lambda$initializeIteration$1(453)) - Datanode localhost-234.219.166.159 5f34b806-3874-4211-b570-163073eb2698 is Over-Utilized.
2023-09-12 21:13:59,610 [main] DEBUG balancer.ContainerBalancerTask (ContainerBalancerTask.java:lambda$initializeIteration$1(453)) - Datanode localhost-68.187.204.188 6073e23d-4d56-4cd0-b0d3-561cddc9cc50 is Over-Utilized.
2023-09-12 21:13:59,611 [main] DEBUG balancer.ContainerBalancerTask (ContainerBalancerTask.java:lambda$initializeIteration$1(453)) - Datanode localhost-31.112.98.60 b070eac6-d61e-49ba-94be-cb91fb2e7552 is Over-Utilized.
2023-09-12 21:13:59,611 [main] DEBUG balancer.ContainerBalancerTask (ContainerBalancerTask.java:lambda$initializeIteration$1(453)) - Datanode localhost-246.22.32.49 a5718a8c-81fb-4784-80b2-8334faa800d5 is Over-Utilized.
2023-09-12 21:13:59,611 [main] DEBUG balancer.ContainerBalancerTask (ContainerBalancerTask.java:lambda$initializeIteration$2(459)) - Datanode localhost-6.113.197.214 be694670-59a1-427a-ac3a-32dfdb19da28 is Under-Utilized.
2023-09-12 21:13:59,611 [main] DEBUG balancer.ContainerBalancerTask (ContainerBalancerTask.java:lambda$initializeIteration$2(459)) - Datanode localhost-16.201.102.14 eef31766-39ac-4b17-a6a8-672d746f5e37 is Under-Utilized.
2023-09-12 21:13:59,611 [main] DEBUG balancer.ContainerBalancerTask (ContainerBalancerTask.java:lambda$initializeIteration$2(459)) - Datanode localhost-81.90.142.8 a08459da-2ee7-4d53-85f0-fb6e9e38b746 is Under-Utilized.
2023-09-12 21:13:59,614 [main] DEBUG balancer.ContainerBalancerTask (ContainerBalancerTask.java:matchSourceWithTarget(708)) - ContainerBalancer is finding suitable target for source datanode 29779e2e-ad41-4310-a8f8-43fd9dddce73
2023-09-12 21:13:59,614 [main] INFO  balancer.ContainerBalancerTask (ContainerBalancerTask.java:matchSourceWithTarget(722)) - ContainerBalancer matched source datanode 29779e2e-ad41-4310-a8f8-43fd9dddce73 with target datanode be694670-59a1-427a-ac3a-32dfdb19da28 for container move.
2023-09-12 21:13:59,614 [main] INFO  balancer.ContainerBalancerTask (ContainerBalancerTask.java:processMoveSelection(569)) - ContainerBalancer is trying to move container #85 with size 5368709120B from source datanode 29779e2e-ad41-4310-a8f8-43fd9dddce73 to target datanode be694670-59a1-427a-ac3a-32dfdb19da28
2023-09-12 21:13:59,614 [main] DEBUG balancer.ContainerBalancerTask (ContainerBalancerTask.java:lambda$moveContainer$3(837)) - Container move completed for container #85 from source 29779e2e-ad41-4310-a8f8-43fd9dddce73 to target be694670-59a1-427a-ac3a-32dfdb19da28
2023-09-12 21:13:59,615 [main] DEBUG balancer.ContainerBalancerTask (ContainerBalancerTask.java:adaptOnReachingIterationLimits(782)) - Reached max datanodes to involve limit. 2 datanodes have already been selected for balancing and the limit is 2. Only already selected sources and targets can be involved in balancing now.
2023-09-12 21:13:59,617 [main] DEBUG balancer.ContainerBalancerTask (ContainerBalancerTask.java:matchSourceWithTarget(708)) - ContainerBalancer is finding suitable target for source datanode 29779e2e-ad41-4310-a8f8-43fd9dddce73
2023-09-12 21:13:59,618 [main] INFO  balancer.ContainerBalancerTask (ContainerBalancerTask.java:matchSourceWithTarget(722)) - ContainerBalancer matched source datanode 29779e2e-ad41-4310-a8f8-43fd9dddce73 with target datanode be694670-59a1-427a-ac3a-32dfdb19da28 for container move.
2023-09-12 21:13:59,618 [main] INFO  balancer.ContainerBalancerTask (ContainerBalancerTask.java:processMoveSelection(569)) - ContainerBalancer is trying to move container #68 with size 5368709120B from source datanode 29779e2e-ad41-4310-a8f8-43fd9dddce73 to target datanode be694670-59a1-427a-ac3a-32dfdb19da28
2023-09-12 21:13:59,618 [main] DEBUG balancer.ContainerBalancerTask (ContainerBalancerTask.java:lambda$moveContainer$3(837)) - Container move completed for container #68 from source 29779e2e-ad41-4310-a8f8-43fd9dddce73 to target be694670-59a1-427a-ac3a-32dfdb19da28
2023-09-12 21:13:59,621 [main] DEBUG balancer.ContainerBalancerTask (ContainerBalancerTask.java:matchSourceWithTarget(708)) - ContainerBalancer is finding suitable target for source datanode 29779e2e-ad41-4310-a8f8-43fd9dddce73
2023-09-12 21:13:59,621 [main] INFO  balancer.ContainerBalancerTask (ContainerBalancerTask.java:matchSourceWithTarget(722)) - ContainerBalancer matched source datanode 29779e2e-ad41-4310-a8f8-43fd9dddce73 with target datanode be694670-59a1-427a-ac3a-32dfdb19da28 for container move.
2023-09-12 21:13:59,621 [main] INFO  balancer.ContainerBalancerTask (ContainerBalancerTask.java:processMoveSelection(569)) - ContainerBalancer is trying to move container #89 with size 4294967296B from source datanode 29779e2e-ad41-4310-a8f8-43fd9dddce73 to target datanode be694670-59a1-427a-ac3a-32dfdb19da28
2023-09-12 21:13:59,621 [main] DEBUG balancer.ContainerBalancerTask (ContainerBalancerTask.java:lambda$moveContainer$3(837)) - Container move completed for container #89 from source 29779e2e-ad41-4310-a8f8-43fd9dddce73 to target be694670-59a1-427a-ac3a-32dfdb19da28
2023-09-12 21:13:59,624 [main] DEBUG balancer.ContainerBalancerTask (ContainerBalancerTask.java:matchSourceWithTarget(708)) - ContainerBalancer is finding suitable target for source datanode 29779e2e-ad41-4310-a8f8-43fd9dddce73
2023-09-12 21:13:59,625 [main] INFO  balancer.ContainerBalancerTask (ContainerBalancerTask.java:matchSourceWithTarget(722)) - ContainerBalancer matched source datanode 29779e2e-ad41-4310-a8f8-43fd9dddce73 with target datanode be694670-59a1-427a-ac3a-32dfdb19da28 for container move.
2023-09-12 21:13:59,625 [main] INFO  balancer.ContainerBalancerTask (ContainerBalancerTask.java:processMoveSelection(569)) - ContainerBalancer is trying to move container #86 with size 1073741824B from source datanode 29779e2e-ad41-4310-a8f8-43fd9dddce73 to target datanode be694670-59a1-427a-ac3a-32dfdb19da28
2023-09-12 21:13:59,625 [main] DEBUG balancer.ContainerBalancerTask (ContainerBalancerTask.java:lambda$moveContainer$3(837)) - Container move completed for container #86 from source 29779e2e-ad41-4310-a8f8-43fd9dddce73 to target be694670-59a1-427a-ac3a-32dfdb19da28
2023-09-12 21:13:59,628 [main] DEBUG balancer.ContainerBalancerTask (ContainerBalancerTask.java:matchSourceWithTarget(708)) - ContainerBalancer is finding suitable target for source datanode 29779e2e-ad41-4310-a8f8-43fd9dddce73
2023-09-12 21:13:59,629 [main] INFO  balancer.FindTargetGreedyByUsageInfo (AbstractFindTargetGreedy.java:findTargetForContainerMove(133)) - Container Balancer could not find a target for source datanode 29779e2e-ad41-4310-a8f8-43fd9dddce73
2023-09-12 21:13:59,629 [main] DEBUG balancer.ContainerBalancerTask (ContainerBalancerTask.java:matchSourceWithTarget(717)) - ContainerBalancer could not find a suitable target for source node 29779e2e-ad41-4310-a8f8-43fd9dddce73.
2023-09-12 21:13:59,630 [main] INFO  balancer.FindSourceGreedy (FindSourceGreedy.java:getNextCandidateSourceDataNode(126)) - no more candidate source data node
2023-09-12 21:13:59,630 [main] INFO  balancer.ContainerBalancerTask (ContainerBalancerTask.java:checkIterationMoveResults(642)) - Iteration Summary. Number of Datanodes involved: 2. Size moved: 15 GB (16106127360 Bytes). Number of Container moves completed: 4.
2023-09-12 21:13:59,630 [main] INFO  balancer.ContainerBalancerTask (ContainerBalancerTask.java:balance(259)) - Result of this iteration of Container Balancer: ITERATION_COMPLETED
2023-09-12 21:13:59,632 [main] DEBUG balancer.ContainerBalancerTask (ContainerBalancerTask.java:initializeIteration(374)) - Average utilization of the cluster is 0.36091814930322325
2023-09-12 21:13:59,632 [main] DEBUG balancer.ContainerBalancerTask (ContainerBalancerTask.java:initializeIteration(386)) - Lower limit for utilization is 0.2609181493032232 and Upper limit for utilization is 0.4609181493032233
2023-09-12 21:13:59,632 [main] DEBUG balancer.ContainerBalancerTask (ContainerBalancerTask.java:initializeIteration(398)) - Utilization for node 29779e2e-ad41-4310-a8f8-43fd9dddce73 with capacity 66810602382B, used 60129542144B, and remaining 6681060238B is 0.9000000000029935
2023-09-12 21:13:59,632 [main] DEBUG balancer.ContainerBalancerTask (ContainerBalancerTask.java:initializeIteration(398)) - Utilization for node 5f34b806-3874-4211-b570-163073eb2698 with capacity 69793218560B, used 55834574848B, and remaining 13958643712B is 0.8
2023-09-12 21:13:59,632 [main] DEBUG balancer.ContainerBalancerTask (ContainerBalancerTask.java:initializeIteration(398)) - Utilization for node 6073e23d-4d56-4cd0-b0d3-561cddc9cc50 with capacity 67492343222B, used 47244640256B, and remaining 20247702966B is 0.7000000000088898
2023-09-12 21:13:59,632 [main] DEBUG balancer.ContainerBalancerTask (ContainerBalancerTask.java:initializeIteration(398)) - Utilization for node b070eac6-d61e-49ba-94be-cb91fb2e7552 with capacity 93057624746B, used 55834574848B, and remaining 37223049898B is 0.6000000000042984
2023-09-12 21:13:59,632 [main] DEBUG balancer.ContainerBalancerTask (ContainerBalancerTask.java:initializeIteration(398)) - Utilization for node a5718a8c-81fb-4784-80b2-8334faa800d5 with capacity 79456894976B, used 39728447488B, and remaining 39728447488B is 0.5
2023-09-12 21:13:59,632 [main] DEBUG balancer.ContainerBalancerTask (ContainerBalancerTask.java:initializeIteration(398)) - Utilization for node 3397358a-a7d5-4dbe-846b-f3afb1f0ce18 with capacity 93952409600B, used 37580963840B, and remaining 56371445760B is 0.4
2023-09-12 21:13:59,633 [main] DEBUG balancer.ContainerBalancerTask (ContainerBalancerTask.java:initializeIteration(398)) - Utilization for node 1a818ca9-6ddf-4ca0-ab30-df06b318ccd2 with capacity 150323855360B, used 45097156608B, and remaining 105226698752B is 0.3
2023-09-12 21:13:59,633 [main] DEBUG balancer.ContainerBalancerTask (ContainerBalancerTask.java:initializeIteration(398)) - Utilization for node a08459da-2ee7-4d53-85f0-fb6e9e38b746 with capacity 144955146240B, used 28991029248B, and remaining 115964116992B is 0.2
2023-09-12 21:13:59,633 [main] DEBUG balancer.ContainerBalancerTask (ContainerBalancerTask.java:initializeIteration(398)) - Utilization for node eef31766-39ac-4b17-a6a8-672d746f5e37 with capacity 311385128960B, used 31138512896B, and remaining 280246616064B is 0.1
2023-09-12 21:13:59,633 [main] DEBUG balancer.ContainerBalancerTask (ContainerBalancerTask.java:initializeIteration(398)) - Utilization for node be694670-59a1-427a-ac3a-32dfdb19da28 with capacity 35433480192B, used 0B, and remaining 35433480192B is 0.0
2023-09-12 21:13:59,633 [main] INFO  balancer.ContainerBalancerTask (ContainerBalancerTask.java:initializeIteration(447)) - Container Balancer has identified 5 Over-Utilized and 3 Under-Utilized Datanodes that need to be balanced.
2023-09-12 21:13:59,633 [main] DEBUG balancer.ContainerBalancerTask (ContainerBalancerTask.java:lambda$initializeIteration$1(453)) - Datanode localhost-215.222.85.178 29779e2e-ad41-4310-a8f8-43fd9dddce73 is Over-Utilized.
2023-09-12 21:13:59,633 [main] DEBUG balancer.ContainerBalancerTask (ContainerBalancerTask.java:lambda$initializeIteration$1(453)) - Datanode localhost-234.219.166.159 5f34b806-3874-4211-b570-163073eb2698 is Over-Utilized.
2023-09-12 21:13:59,633 [main] DEBUG balancer.ContainerBalancerTask (ContainerBalancerTask.java:lambda$initializeIteration$1(453)) - Datanode localhost-68.187.204.188 6073e23d-4d56-4cd0-b0d3-561cddc9cc50 is Over-Utilized.
2023-09-12 21:13:59,633 [main] DEBUG balancer.ContainerBalancerTask (ContainerBalancerTask.java:lambda$initializeIteration$1(453)) - Datanode localhost-31.112.98.60 b070eac6-d61e-49ba-94be-cb91fb2e7552 is Over-Utilized.
2023-09-12 21:13:59,633 [main] DEBUG balancer.ContainerBalancerTask (ContainerBalancerTask.java:lambda$initializeIteration$1(453)) - Datanode localhost-246.22.32.49 a5718a8c-81fb-4784-80b2-8334faa800d5 is Over-Utilized.
2023-09-12 21:13:59,633 [main] DEBUG balancer.ContainerBalancerTask (ContainerBalancerTask.java:lambda$initializeIteration$2(459)) - Datanode localhost-6.113.197.214 be694670-59a1-427a-ac3a-32dfdb19da28 is Under-Utilized.
2023-09-12 21:13:59,633 [main] DEBUG balancer.ContainerBalancerTask (ContainerBalancerTask.java:lambda$initializeIteration$2(459)) - Datanode localhost-16.201.102.14 eef31766-39ac-4b17-a6a8-672d746f5e37 is Under-Utilized.
2023-09-12 21:13:59,634 [main] DEBUG balancer.ContainerBalancerTask (ContainerBalancerTask.java:lambda$initializeIteration$2(459)) - Datanode localhost-81.90.142.8 a08459da-2ee7-4d53-85f0-fb6e9e38b746 is Under-Utilized.
2023-09-12 21:13:59,637 [main] DEBUG balancer.ContainerBalancerTask (ContainerBalancerTask.java:matchSourceWithTarget(708)) - ContainerBalancer is finding suitable target for source datanode 29779e2e-ad41-4310-a8f8-43fd9dddce73
2023-09-12 21:13:59,637 [main] INFO  balancer.ContainerBalancerTask (ContainerBalancerTask.java:matchSourceWithTarget(722)) - ContainerBalancer matched source datanode 29779e2e-ad41-4310-a8f8-43fd9dddce73 with target datanode be694670-59a1-427a-ac3a-32dfdb19da28 for container move.
2023-09-12 21:13:59,637 [main] INFO  balancer.ContainerBalancerTask (ContainerBalancerTask.java:processMoveSelection(569)) - ContainerBalancer is trying to move container #85 with size 5368709120B from source datanode 29779e2e-ad41-4310-a8f8-43fd9dddce73 to target datanode be694670-59a1-427a-ac3a-32dfdb19da28
2023-09-12 21:13:59,637 [main] DEBUG balancer.ContainerBalancerTask (ContainerBalancerTask.java:lambda$moveContainer$3(837)) - Container move completed for container #85 from source 29779e2e-ad41-4310-a8f8-43fd9dddce73 to target be694670-59a1-427a-ac3a-32dfdb19da28
2023-09-12 21:13:59,637 [main] DEBUG balancer.ContainerBalancerTask (ContainerBalancerTask.java:adaptOnReachingIterationLimits(782)) - Reached max datanodes to involve limit. 2 datanodes have already been selected for balancing and the limit is 2. Only already selected sources and targets can be involved in balancing now.
2023-09-12 21:13:59,640 [main] DEBUG balancer.ContainerBalancerTask (ContainerBalancerTask.java:matchSourceWithTarget(708)) - ContainerBalancer is finding suitable target for source datanode 29779e2e-ad41-4310-a8f8-43fd9dddce73
2023-09-12 21:13:59,640 [main] INFO  balancer.ContainerBalancerTask (ContainerBalancerTask.java:matchSourceWithTarget(722)) - ContainerBalancer matched source datanode 29779e2e-ad41-4310-a8f8-43fd9dddce73 with target datanode be694670-59a1-427a-ac3a-32dfdb19da28 for container move.
2023-09-12 21:13:59,640 [main] INFO  balancer.ContainerBalancerTask (ContainerBalancerTask.java:processMoveSelection(569)) - ContainerBalancer is trying to move container #68 with size 5368709120B from source datanode 29779e2e-ad41-4310-a8f8-43fd9dddce73 to target datanode be694670-59a1-427a-ac3a-32dfdb19da28
2023-09-12 21:13:59,641 [main] DEBUG balancer.ContainerBalancerTask (ContainerBalancerTask.java:lambda$moveContainer$3(837)) - Container move completed for container #68 from source 29779e2e-ad41-4310-a8f8-43fd9dddce73 to target be694670-59a1-427a-ac3a-32dfdb19da28
2023-09-12 21:13:59,644 [main] DEBUG balancer.ContainerBalancerTask (ContainerBalancerTask.java:matchSourceWithTarget(708)) - ContainerBalancer is finding suitable target for source datanode 29779e2e-ad41-4310-a8f8-43fd9dddce73
2023-09-12 21:13:59,644 [main] INFO  balancer.ContainerBalancerTask (ContainerBalancerTask.java:matchSourceWithTarget(722)) - ContainerBalancer matched source datanode 29779e2e-ad41-4310-a8f8-43fd9dddce73 with target datanode be694670-59a1-427a-ac3a-32dfdb19da28 for container move.
2023-09-12 21:13:59,644 [main] INFO  balancer.ContainerBalancerTask (ContainerBalancerTask.java:processMoveSelection(569)) - ContainerBalancer is trying to move container #89 with size 4294967296B from source datanode 29779e2e-ad41-4310-a8f8-43fd9dddce73 to target datanode be694670-59a1-427a-ac3a-32dfdb19da28
2023-09-12 21:13:59,644 [main] DEBUG balancer.ContainerBalancerTask (ContainerBalancerTask.java:lambda$moveContainer$3(837)) - Container move completed for container #89 from source 29779e2e-ad41-4310-a8f8-43fd9dddce73 to target be694670-59a1-427a-ac3a-32dfdb19da28
2023-09-12 21:13:59,647 [main] DEBUG balancer.ContainerBalancerTask (ContainerBalancerTask.java:matchSourceWithTarget(708)) - ContainerBalancer is finding suitable target for source datanode 29779e2e-ad41-4310-a8f8-43fd9dddce73
2023-09-12 21:13:59,648 [main] INFO  balancer.ContainerBalancerTask (ContainerBalancerTask.java:matchSourceWithTarget(722)) - ContainerBalancer matched source datanode 29779e2e-ad41-4310-a8f8-43fd9dddce73 with target datanode be694670-59a1-427a-ac3a-32dfdb19da28 for container move.
2023-09-12 21:13:59,648 [main] INFO  balancer.ContainerBalancerTask (ContainerBalancerTask.java:processMoveSelection(569)) - ContainerBalancer is trying to move container #86 with size 1073741824B from source datanode 29779e2e-ad41-4310-a8f8-43fd9dddce73 to target datanode be694670-59a1-427a-ac3a-32dfdb19da28
2023-09-12 21:13:59,648 [main] DEBUG balancer.ContainerBalancerTask (ContainerBalancerTask.java:lambda$moveContainer$3(837)) - Container move completed for container #86 from source 29779e2e-ad41-4310-a8f8-43fd9dddce73 to target be694670-59a1-427a-ac3a-32dfdb19da28
2023-09-12 21:13:59,651 [main] DEBUG balancer.ContainerBalancerTask (ContainerBalancerTask.java:matchSourceWithTarget(708)) - ContainerBalancer is finding suitable target for source datanode 29779e2e-ad41-4310-a8f8-43fd9dddce73
2023-09-12 21:13:59,652 [main] INFO  balancer.FindTargetGreedyByUsageInfo (AbstractFindTargetGreedy.java:findTargetForContainerMove(133)) - Container Balancer could not find a target for source datanode 29779e2e-ad41-4310-a8f8-43fd9dddce73
2023-09-12 21:13:59,653 [main] DEBUG balancer.ContainerBalancerTask (ContainerBalancerTask.java:matchSourceWithTarget(717)) - ContainerBalancer could not find a suitable target for source node 29779e2e-ad41-4310-a8f8-43fd9dddce73.
2023-09-12 21:13:59,653 [main] INFO  balancer.FindSourceGreedy (FindSourceGreedy.java:getNextCandidateSourceDataNode(126)) - no more candidate source data node
2023-09-12 21:13:59,653 [main] INFO  balancer.ContainerBalancerTask (ContainerBalancerTask.java:checkIterationMoveResults(642)) - Iteration Summary. Number of Datanodes involved: 2. Size moved: 15 GB (16106127360 Bytes). Number of Container moves completed: 4.
2023-09-12 21:13:59,653 [main] INFO  balancer.ContainerBalancerTask (ContainerBalancerTask.java:balance(259)) - Result of this iteration of Container Balancer: ITERATION_COMPLETED
2023-09-12 21:13:59,656 [main] DEBUG balancer.ContainerBalancerTask (ContainerBalancerTask.java:initializeIteration(374)) - Average utilization of the cluster is 0.36091814930322325
2023-09-12 21:13:59,656 [main] DEBUG balancer.ContainerBalancerTask (ContainerBalancerTask.java:initializeIteration(386)) - Lower limit for utilization is 0.2609181493032232 and Upper limit for utilization is 0.4609181493032233
2023-09-12 21:13:59,656 [main] DEBUG balancer.ContainerBalancerTask (ContainerBalancerTask.java:initializeIteration(398)) - Utilization for node 29779e2e-ad41-4310-a8f8-43fd9dddce73 with capacity 66810602382B, used 60129542144B, and remaining 6681060238B is 0.9000000000029935
2023-09-12 21:13:59,656 [main] DEBUG balancer.ContainerBalancerTask (ContainerBalancerTask.java:initializeIteration(398)) - Utilization for node 5f34b806-3874-4211-b570-163073eb2698 with capacity 69793218560B, used 55834574848B, and remaining 13958643712B is 0.8
2023-09-12 21:13:59,656 [main] DEBUG balancer.ContainerBalancerTask (ContainerBalancerTask.java:initializeIteration(398)) - Utilization for node 6073e23d-4d56-4cd0-b0d3-561cddc9cc50 with capacity 67492343222B, used 47244640256B, and remaining 20247702966B is 0.7000000000088898
2023-09-12 21:13:59,657 [main] DEBUG balancer.ContainerBalancerTask (ContainerBalancerTask.java:initializeIteration(398)) - Utilization for node b070eac6-d61e-49ba-94be-cb91fb2e7552 with capacity 93057624746B, used 55834574848B, and remaining 37223049898B is 0.6000000000042984
2023-09-12 21:13:59,658 [main] DEBUG balancer.ContainerBalancerTask (ContainerBalancerTask.java:initializeIteration(398)) - Utilization for node a5718a8c-81fb-4784-80b2-8334faa800d5 with capacity 79456894976B, used 39728447488B, and remaining 39728447488B is 0.5
2023-09-12 21:13:59,658 [main] DEBUG balancer.ContainerBalancerTask (ContainerBalancerTask.java:initializeIteration(398)) - Utilization for node 3397358a-a7d5-4dbe-846b-f3afb1f0ce18 with capacity 93952409600B, used 37580963840B, and remaining 56371445760B is 0.4
2023-09-12 21:13:59,658 [main] DEBUG balancer.ContainerBalancerTask (ContainerBalancerTask.java:initializeIteration(398)) - Utilization for node 1a818ca9-6ddf-4ca0-ab30-df06b318ccd2 with capacity 150323855360B, used 45097156608B, and remaining 105226698752B is 0.3
2023-09-12 21:13:59,658 [main] DEBUG balancer.ContainerBalancerTask (ContainerBalancerTask.java:initializeIteration(398)) - Utilization for node a08459da-2ee7-4d53-85f0-fb6e9e38b746 with capacity 144955146240B, used 28991029248B, and remaining 115964116992B is 0.2
2023-09-12 21:13:59,658 [main] DEBUG balancer.ContainerBalancerTask (ContainerBalancerTask.java:initializeIteration(398)) - Utilization for node eef31766-39ac-4b17-a6a8-672d746f5e37 with capacity 311385128960B, used 31138512896B, and remaining 280246616064B is 0.1
2023-09-12 21:13:59,658 [main] DEBUG balancer.ContainerBalancerTask (ContainerBalancerTask.java:initializeIteration(398)) - Utilization for node be694670-59a1-427a-ac3a-32dfdb19da28 with capacity 35433480192B, used 0B, and remaining 35433480192B is 0.0
2023-09-12 21:13:59,658 [main] INFO  balancer.ContainerBalancerTask (ContainerBalancerTask.java:initializeIteration(447)) - Container Balancer has identified 5 Over-Utilized and 3 Under-Utilized Datanodes that need to be balanced.
2023-09-12 21:13:59,659 [main] DEBUG balancer.ContainerBalancerTask (ContainerBalancerTask.java:lambda$initializeIteration$1(453)) - Datanode localhost-215.222.85.178 29779e2e-ad41-4310-a8f8-43fd9dddce73 is Over-Utilized.
2023-09-12 21:13:59,659 [main] DEBUG balancer.ContainerBalancerTask (ContainerBalancerTask.java:lambda$initializeIteration$1(453)) - Datanode localhost-234.219.166.159 5f34b806-3874-4211-b570-163073eb2698 is Over-Utilized.
2023-09-12 21:13:59,659 [main] DEBUG balancer.ContainerBalancerTask (ContainerBalancerTask.java:lambda$initializeIteration$1(453)) - Datanode localhost-68.187.204.188 6073e23d-4d56-4cd0-b0d3-561cddc9cc50 is Over-Utilized.
2023-09-12 21:13:59,659 [main] DEBUG balancer.ContainerBalancerTask (ContainerBalancerTask.java:lambda$initializeIteration$1(453)) - Datanode localhost-31.112.98.60 b070eac6-d61e-49ba-94be-cb91fb2e7552 is Over-Utilized.
2023-09-12 21:13:59,659 [main] DEBUG balancer.ContainerBalancerTask (ContainerBalancerTask.java:lambda$initializeIteration$1(453)) - Datanode localhost-246.22.32.49 a5718a8c-81fb-4784-80b2-8334faa800d5 is Over-Utilized.
2023-09-12 21:13:59,659 [main] DEBUG balancer.ContainerBalancerTask (ContainerBalancerTask.java:lambda$initializeIteration$2(459)) - Datanode localhost-6.113.197.214 be694670-59a1-427a-ac3a-32dfdb19da28 is Under-Utilized.
2023-09-12 21:13:59,659 [main] DEBUG balancer.ContainerBalancerTask (ContainerBalancerTask.java:lambda$initializeIteration$2(459)) - Datanode localhost-16.201.102.14 eef31766-39ac-4b17-a6a8-672d746f5e37 is Under-Utilized.
2023-09-12 21:13:59,659 [main] DEBUG balancer.ContainerBalancerTask (ContainerBalancerTask.java:lambda$initializeIteration$2(459)) - Datanode localhost-81.90.142.8 a08459da-2ee7-4d53-85f0-fb6e9e38b746 is Under-Utilized.
2023-09-12 21:13:59,662 [main] DEBUG balancer.ContainerBalancerTask (ContainerBalancerTask.java:matchSourceWithTarget(708)) - ContainerBalancer is finding suitable target for source datanode 29779e2e-ad41-4310-a8f8-43fd9dddce73
2023-09-12 21:13:59,662 [main] INFO  balancer.ContainerBalancerTask (ContainerBalancerTask.java:matchSourceWithTarget(722)) - ContainerBalancer matched source datanode 29779e2e-ad41-4310-a8f8-43fd9dddce73 with target datanode be694670-59a1-427a-ac3a-32dfdb19da28 for container move.
2023-09-12 21:13:59,662 [main] INFO  balancer.ContainerBalancerTask (ContainerBalancerTask.java:processMoveSelection(569)) - ContainerBalancer is trying to move container #85 with size 5368709120B from source datanode 29779e2e-ad41-4310-a8f8-43fd9dddce73 to target datanode be694670-59a1-427a-ac3a-32dfdb19da28
2023-09-12 21:13:59,663 [main] DEBUG balancer.ContainerBalancerTask (ContainerBalancerTask.java:lambda$moveContainer$3(837)) - Container move completed for container #85 from source 29779e2e-ad41-4310-a8f8-43fd9dddce73 to target be694670-59a1-427a-ac3a-32dfdb19da28
2023-09-12 21:13:59,663 [main] DEBUG balancer.ContainerBalancerTask (ContainerBalancerTask.java:adaptOnReachingIterationLimits(782)) - Reached max datanodes to involve limit. 2 datanodes have already been selected for balancing and the limit is 2. Only already selected sources and targets can be involved in balancing now.
2023-09-12 21:13:59,667 [main] DEBUG balancer.ContainerBalancerTask (ContainerBalancerTask.java:matchSourceWithTarget(708)) - ContainerBalancer is finding suitable target for source datanode 29779e2e-ad41-4310-a8f8-43fd9dddce73
2023-09-12 21:13:59,667 [main] INFO  balancer.ContainerBalancerTask (ContainerBalancerTask.java:matchSourceWithTarget(722)) - ContainerBalancer matched source datanode 29779e2e-ad41-4310-a8f8-43fd9dddce73 with target datanode be694670-59a1-427a-ac3a-32dfdb19da28 for container move.
2023-09-12 21:13:59,667 [main] INFO  balancer.ContainerBalancerTask (ContainerBalancerTask.java:processMoveSelection(569)) - ContainerBalancer is trying to move container #68 with size 5368709120B from source datanode 29779e2e-ad41-4310-a8f8-43fd9dddce73 to target datanode be694670-59a1-427a-ac3a-32dfdb19da28
2023-09-12 21:13:59,668 [main] DEBUG balancer.ContainerBalancerTask (ContainerBalancerTask.java:lambda$moveContainer$3(837)) - Container move completed for container #68 from source 29779e2e-ad41-4310-a8f8-43fd9dddce73 to target be694670-59a1-427a-ac3a-32dfdb19da28
2023-09-12 21:13:59,671 [main] DEBUG balancer.ContainerBalancerTask (ContainerBalancerTask.java:matchSourceWithTarget(708)) - ContainerBalancer is finding suitable target for source datanode 29779e2e-ad41-4310-a8f8-43fd9dddce73
2023-09-12 21:13:59,671 [main] INFO  balancer.ContainerBalancerTask (ContainerBalancerTask.java:matchSourceWithTarget(722)) - ContainerBalancer matched source datanode 29779e2e-ad41-4310-a8f8-43fd9dddce73 with target datanode be694670-59a1-427a-ac3a-32dfdb19da28 for container move.
2023-09-12 21:13:59,671 [main] INFO  balancer.ContainerBalancerTask (ContainerBalancerTask.java:processMoveSelection(569)) - ContainerBalancer is trying to move container #89 with size 4294967296B from source datanode 29779e2e-ad41-4310-a8f8-43fd9dddce73 to target datanode be694670-59a1-427a-ac3a-32dfdb19da28
2023-09-12 21:13:59,671 [main] DEBUG balancer.ContainerBalancerTask (ContainerBalancerTask.java:lambda$moveContainer$3(837)) - Container move completed for container #89 from source 29779e2e-ad41-4310-a8f8-43fd9dddce73 to target be694670-59a1-427a-ac3a-32dfdb19da28
2023-09-12 21:13:59,674 [main] DEBUG balancer.ContainerBalancerTask (ContainerBalancerTask.java:matchSourceWithTarget(708)) - ContainerBalancer is finding suitable target for source datanode 29779e2e-ad41-4310-a8f8-43fd9dddce73
2023-09-12 21:13:59,676 [main] INFO  balancer.ContainerBalancerTask (ContainerBalancerTask.java:matchSourceWithTarget(722)) - ContainerBalancer matched source datanode 29779e2e-ad41-4310-a8f8-43fd9dddce73 with target datanode be694670-59a1-427a-ac3a-32dfdb19da28 for container move.
2023-09-12 21:13:59,676 [main] INFO  balancer.ContainerBalancerTask (ContainerBalancerTask.java:processMoveSelection(569)) - ContainerBalancer is trying to move container #86 with size 1073741824B from source datanode 29779e2e-ad41-4310-a8f8-43fd9dddce73 to target datanode be694670-59a1-427a-ac3a-32dfdb19da28
2023-09-12 21:13:59,677 [main] DEBUG balancer.ContainerBalancerTask (ContainerBalancerTask.java:lambda$moveContainer$3(837)) - Container move completed for container #86 from source 29779e2e-ad41-4310-a8f8-43fd9dddce73 to target be694670-59a1-427a-ac3a-32dfdb19da28
2023-09-12 21:13:59,679 [main] DEBUG balancer.ContainerBalancerTask (ContainerBalancerTask.java:matchSourceWithTarget(708)) - ContainerBalancer is finding suitable target for source datanode 29779e2e-ad41-4310-a8f8-43fd9dddce73
2023-09-12 21:13:59,681 [main] INFO  balancer.FindTargetGreedyByUsageInfo (AbstractFindTargetGreedy.java:findTargetForContainerMove(133)) - Container Balancer could not find a target for source datanode 29779e2e-ad41-4310-a8f8-43fd9dddce73
2023-09-12 21:13:59,682 [main] DEBUG balancer.ContainerBalancerTask (ContainerBalancerTask.java:matchSourceWithTarget(717)) - ContainerBalancer could not find a suitable target for source node 29779e2e-ad41-4310-a8f8-43fd9dddce73.
2023-09-12 21:13:59,682 [main] INFO  balancer.FindSourceGreedy (FindSourceGreedy.java:getNextCandidateSourceDataNode(126)) - no more candidate source data node
2023-09-12 21:13:59,682 [main] INFO  balancer.ContainerBalancerTask (ContainerBalancerTask.java:checkIterationMoveResults(642)) - Iteration Summary. Number of Datanodes involved: 2. Size moved: 15 GB (16106127360 Bytes). Number of Container moves completed: 4.
2023-09-12 21:13:59,682 [main] INFO  balancer.ContainerBalancerTask (ContainerBalancerTask.java:balance(259)) - Result of this iteration of Container Balancer: ITERATION_COMPLETED
2023-09-12 21:13:59,687 [main] DEBUG balancer.ContainerBalancerTask (ContainerBalancerTask.java:initializeIteration(374)) - Average utilization of the cluster is 0.36091814930322325
2023-09-12 21:13:59,687 [main] DEBUG balancer.ContainerBalancerTask (ContainerBalancerTask.java:initializeIteration(386)) - Lower limit for utilization is 0.2609181493032232 and Upper limit for utilization is 0.4609181493032233
2023-09-12 21:13:59,688 [main] DEBUG balancer.ContainerBalancerTask (ContainerBalancerTask.java:initializeIteration(398)) - Utilization for node 29779e2e-ad41-4310-a8f8-43fd9dddce73 with capacity 66810602382B, used 60129542144B, and remaining 6681060238B is 0.9000000000029935
2023-09-12 21:13:59,688 [main] DEBUG balancer.ContainerBalancerTask (ContainerBalancerTask.java:initializeIteration(398)) - Utilization for node 5f34b806-3874-4211-b570-163073eb2698 with capacity 69793218560B, used 55834574848B, and remaining 13958643712B is 0.8
2023-09-12 21:13:59,688 [main] DEBUG balancer.ContainerBalancerTask (ContainerBalancerTask.java:initializeIteration(398)) - Utilization for node 6073e23d-4d56-4cd0-b0d3-561cddc9cc50 with capacity 67492343222B, used 47244640256B, and remaining 20247702966B is 0.7000000000088898
2023-09-12 21:13:59,688 [main] DEBUG balancer.ContainerBalancerTask (ContainerBalancerTask.java:initializeIteration(398)) - Utilization for node b070eac6-d61e-49ba-94be-cb91fb2e7552 with capacity 93057624746B, used 55834574848B, and remaining 37223049898B is 0.6000000000042984
2023-09-12 21:13:59,688 [main] DEBUG balancer.ContainerBalancerTask (ContainerBalancerTask.java:initializeIteration(398)) - Utilization for node a5718a8c-81fb-4784-80b2-8334faa800d5 with capacity 79456894976B, used 39728447488B, and remaining 39728447488B is 0.5
2023-09-12 21:13:59,688 [main] DEBUG balancer.ContainerBalancerTask (ContainerBalancerTask.java:initializeIteration(398)) - Utilization for node 3397358a-a7d5-4dbe-846b-f3afb1f0ce18 with capacity 93952409600B, used 37580963840B, and remaining 56371445760B is 0.4
2023-09-12 21:13:59,688 [main] DEBUG balancer.ContainerBalancerTask (ContainerBalancerTask.java:initializeIteration(398)) - Utilization for node 1a818ca9-6ddf-4ca0-ab30-df06b318ccd2 with capacity 150323855360B, used 45097156608B, and remaining 105226698752B is 0.3
2023-09-12 21:13:59,688 [main] DEBUG balancer.ContainerBalancerTask (ContainerBalancerTask.java:initializeIteration(398)) - Utilization for node a08459da-2ee7-4d53-85f0-fb6e9e38b746 with capacity 144955146240B, used 28991029248B, and remaining 115964116992B is 0.2
2023-09-12 21:13:59,688 [main] DEBUG balancer.ContainerBalancerTask (ContainerBalancerTask.java:initializeIteration(398)) - Utilization for node eef31766-39ac-4b17-a6a8-672d746f5e37 with capacity 311385128960B, used 31138512896B, and remaining 280246616064B is 0.1
2023-09-12 21:13:59,688 [main] DEBUG balancer.ContainerBalancerTask (ContainerBalancerTask.java:initializeIteration(398)) - Utilization for node be694670-59a1-427a-ac3a-32dfdb19da28 with capacity 35433480192B, used 0B, and remaining 35433480192B is 0.0
2023-09-12 21:13:59,688 [main] INFO  balancer.ContainerBalancerTask (ContainerBalancerTask.java:initializeIteration(447)) - Container Balancer has identified 5 Over-Utilized and 3 Under-Utilized Datanodes that need to be balanced.
2023-09-12 21:13:59,689 [main] DEBUG balancer.ContainerBalancerTask (ContainerBalancerTask.java:lambda$initializeIteration$1(453)) - Datanode localhost-215.222.85.178 29779e2e-ad41-4310-a8f8-43fd9dddce73 is Over-Utilized.
2023-09-12 21:13:59,689 [main] DEBUG balancer.ContainerBalancerTask (ContainerBalancerTask.java:lambda$initializeIteration$1(453)) - Datanode localhost-234.219.166.159 5f34b806-3874-4211-b570-163073eb2698 is Over-Utilized.
2023-09-12 21:13:59,689 [main] DEBUG balancer.ContainerBalancerTask (ContainerBalancerTask.java:lambda$initializeIteration$1(453)) - Datanode localhost-68.187.204.188 6073e23d-4d56-4cd0-b0d3-561cddc9cc50 is Over-Utilized.
2023-09-12 21:13:59,689 [main] DEBUG balancer.ContainerBalancerTask (ContainerBalancerTask.java:lambda$initializeIteration$1(453)) - Datanode localhost-31.112.98.60 b070eac6-d61e-49ba-94be-cb91fb2e7552 is Over-Utilized.
2023-09-12 21:13:59,689 [main] DEBUG balancer.ContainerBalancerTask (ContainerBalancerTask.java:lambda$initializeIteration$1(453)) - Datanode localhost-246.22.32.49 a5718a8c-81fb-4784-80b2-8334faa800d5 is Over-Utilized.
2023-09-12 21:13:59,689 [main] DEBUG balancer.ContainerBalancerTask (ContainerBalancerTask.java:lambda$initializeIteration$2(459)) - Datanode localhost-6.113.197.214 be694670-59a1-427a-ac3a-32dfdb19da28 is Under-Utilized.
2023-09-12 21:13:59,689 [main] DEBUG balancer.ContainerBalancerTask (ContainerBalancerTask.java:lambda$initializeIteration$2(459)) - Datanode localhost-16.201.102.14 eef31766-39ac-4b17-a6a8-672d746f5e37 is Under-Utilized.
2023-09-12 21:13:59,689 [main] DEBUG balancer.ContainerBalancerTask (ContainerBalancerTask.java:lambda$initializeIteration$2(459)) - Datanode localhost-81.90.142.8 a08459da-2ee7-4d53-85f0-fb6e9e38b746 is Under-Utilized.
2023-09-12 21:13:59,694 [main] DEBUG balancer.ContainerBalancerTask (ContainerBalancerTask.java:matchSourceWithTarget(708)) - ContainerBalancer is finding suitable target for source datanode 29779e2e-ad41-4310-a8f8-43fd9dddce73
2023-09-12 21:13:59,694 [main] INFO  balancer.ContainerBalancerTask (ContainerBalancerTask.java:matchSourceWithTarget(722)) - ContainerBalancer matched source datanode 29779e2e-ad41-4310-a8f8-43fd9dddce73 with target datanode be694670-59a1-427a-ac3a-32dfdb19da28 for container move.
2023-09-12 21:13:59,694 [main] INFO  balancer.ContainerBalancerTask (ContainerBalancerTask.java:processMoveSelection(569)) - ContainerBalancer is trying to move container #85 with size 5368709120B from source datanode 29779e2e-ad41-4310-a8f8-43fd9dddce73 to target datanode be694670-59a1-427a-ac3a-32dfdb19da28
2023-09-12 21:13:59,694 [main] DEBUG balancer.ContainerBalancerTask (ContainerBalancerTask.java:lambda$moveContainer$3(837)) - Container move completed for container #85 from source 29779e2e-ad41-4310-a8f8-43fd9dddce73 to target be694670-59a1-427a-ac3a-32dfdb19da28
2023-09-12 21:13:59,694 [main] DEBUG balancer.ContainerBalancerTask (ContainerBalancerTask.java:adaptOnReachingIterationLimits(782)) - Reached max datanodes to involve limit. 2 datanodes have already been selected for balancing and the limit is 2. Only already selected sources and targets can be involved in balancing now.
2023-09-12 21:13:59,697 [main] DEBUG balancer.ContainerBalancerTask (ContainerBalancerTask.java:matchSourceWithTarget(708)) - ContainerBalancer is finding suitable target for source datanode 29779e2e-ad41-4310-a8f8-43fd9dddce73
2023-09-12 21:13:59,697 [main] INFO  balancer.ContainerBalancerTask (ContainerBalancerTask.java:matchSourceWithTarget(722)) - ContainerBalancer matched source datanode 29779e2e-ad41-4310-a8f8-43fd9dddce73 with target datanode be694670-59a1-427a-ac3a-32dfdb19da28 for container move.
2023-09-12 21:13:59,698 [main] INFO  balancer.ContainerBalancerTask (ContainerBalancerTask.java:processMoveSelection(569)) - ContainerBalancer is trying to move container #68 with size 5368709120B from source datanode 29779e2e-ad41-4310-a8f8-43fd9dddce73 to target datanode be694670-59a1-427a-ac3a-32dfdb19da28
2023-09-12 21:13:59,698 [main] DEBUG balancer.ContainerBalancerTask (ContainerBalancerTask.java:lambda$moveContainer$3(837)) - Container move completed for container #68 from source 29779e2e-ad41-4310-a8f8-43fd9dddce73 to target be694670-59a1-427a-ac3a-32dfdb19da28
2023-09-12 21:13:59,701 [main] DEBUG balancer.ContainerBalancerTask (ContainerBalancerTask.java:matchSourceWithTarget(708)) - ContainerBalancer is finding suitable target for source datanode 29779e2e-ad41-4310-a8f8-43fd9dddce73
2023-09-12 21:13:59,701 [main] INFO  balancer.ContainerBalancerTask (ContainerBalancerTask.java:matchSourceWithTarget(722)) - ContainerBalancer matched source datanode 29779e2e-ad41-4310-a8f8-43fd9dddce73 with target datanode be694670-59a1-427a-ac3a-32dfdb19da28 for container move.
2023-09-12 21:13:59,701 [main] INFO  balancer.ContainerBalancerTask (ContainerBalancerTask.java:processMoveSelection(569)) - ContainerBalancer is trying to move container #89 with size 4294967296B from source datanode 29779e2e-ad41-4310-a8f8-43fd9dddce73 to target datanode be694670-59a1-427a-ac3a-32dfdb19da28
2023-09-12 21:13:59,701 [main] DEBUG balancer.ContainerBalancerTask (ContainerBalancerTask.java:lambda$moveContainer$3(837)) - Container move completed for container #89 from source 29779e2e-ad41-4310-a8f8-43fd9dddce73 to target be694670-59a1-427a-ac3a-32dfdb19da28
2023-09-12 21:13:59,704 [main] DEBUG balancer.ContainerBalancerTask (ContainerBalancerTask.java:matchSourceWithTarget(708)) - ContainerBalancer is finding suitable target for source datanode 29779e2e-ad41-4310-a8f8-43fd9dddce73
2023-09-12 21:13:59,705 [main] INFO  balancer.ContainerBalancerTask (ContainerBalancerTask.java:matchSourceWithTarget(722)) - ContainerBalancer matched source datanode 29779e2e-ad41-4310-a8f8-43fd9dddce73 with target datanode be694670-59a1-427a-ac3a-32dfdb19da28 for container move.
2023-09-12 21:13:59,705 [main] INFO  balancer.ContainerBalancerTask (ContainerBalancerTask.java:processMoveSelection(569)) - ContainerBalancer is trying to move container #86 with size 1073741824B from source datanode 29779e2e-ad41-4310-a8f8-43fd9dddce73 to target datanode be694670-59a1-427a-ac3a-32dfdb19da28
2023-09-12 21:13:59,705 [main] DEBUG balancer.ContainerBalancerTask (ContainerBalancerTask.java:lambda$moveContainer$3(837)) - Container move completed for container #86 from source 29779e2e-ad41-4310-a8f8-43fd9dddce73 to target be694670-59a1-427a-ac3a-32dfdb19da28
2023-09-12 21:13:59,708 [main] DEBUG balancer.ContainerBalancerTask (ContainerBalancerTask.java:matchSourceWithTarget(708)) - ContainerBalancer is finding suitable target for source datanode 29779e2e-ad41-4310-a8f8-43fd9dddce73
2023-09-12 21:13:59,709 [main] INFO  balancer.FindTargetGreedyByUsageInfo (AbstractFindTargetGreedy.java:findTargetForContainerMove(133)) - Container Balancer could not find a target for source datanode 29779e2e-ad41-4310-a8f8-43fd9dddce73
2023-09-12 21:13:59,709 [main] DEBUG balancer.ContainerBalancerTask (ContainerBalancerTask.java:matchSourceWithTarget(717)) - ContainerBalancer could not find a suitable target for source node 29779e2e-ad41-4310-a8f8-43fd9dddce73.
2023-09-12 21:13:59,709 [main] INFO  balancer.FindSourceGreedy (FindSourceGreedy.java:getNextCandidateSourceDataNode(126)) - no more candidate source data node
2023-09-12 21:13:59,709 [main] INFO  balancer.ContainerBalancerTask (ContainerBalancerTask.java:checkIterationMoveResults(642)) - Iteration Summary. Number of Datanodes involved: 2. Size moved: 15 GB (16106127360 Bytes). Number of Container moves completed: 4.
2023-09-12 21:13:59,709 [main] INFO  balancer.ContainerBalancerTask (ContainerBalancerTask.java:balance(259)) - Result of this iteration of Container Balancer: ITERATION_COMPLETED
2023-09-12 21:13:59,709 [main] INFO  balancer.ContainerBalancerTask (ContainerBalancerTask.java:tryStopWithSaveConfiguration(308)) - Save Configuration for stopping. Reason: Completed all iterations.
]]></system-out>
  </testcase>
  <testcase name="checkIterationResult" classname="org.apache.hadoop.hdds.scm.container.balancer.TestContainerBalancerTask" time="0.118">
    <system-out><![CDATA[2023-09-12 21:13:59,737 [main] INFO  net.NodeSchemaLoader (NodeSchemaLoader.java:loadSchemaFromFile(129)) - Loading schema from [file:/home/runner/work/ozone/ozone/hadoop-hdds/common/target/classes/network-topology-default.xml]
2023-09-12 21:13:59,737 [main] INFO  net.NodeSchemaLoader (NodeSchemaLoader.java:loadSchema(176)) - Loading network topology layer schema file
2023-09-12 21:13:59,738 [main] INFO  net.NetworkTopologyImpl (NetworkTopologyImpl.java:add(112)) - Added a new node: /default-rack/b9cb201a-60f6-4e87-ac43-90ff339231ee
2023-09-12 21:13:59,739 [main] INFO  net.NetworkTopologyImpl (NetworkTopologyImpl.java:add(112)) - Added a new node: /default-rack/5de3f1ee-9e43-42ed-88cc-a120e464cb6a
2023-09-12 21:13:59,739 [main] INFO  net.NetworkTopologyImpl (NetworkTopologyImpl.java:add(112)) - Added a new node: /default-rack/a5f07296-2614-466d-ae42-a1eae64b162d
2023-09-12 21:13:59,739 [main] INFO  net.NetworkTopologyImpl (NetworkTopologyImpl.java:add(112)) - Added a new node: /default-rack/331b86c8-1d17-455e-b90d-169e495cce61
2023-09-12 21:13:59,739 [main] INFO  net.NetworkTopologyImpl (NetworkTopologyImpl.java:add(112)) - Added a new node: /default-rack/9c23c47b-b7b0-45d9-9239-d6c42ffcc424
2023-09-12 21:13:59,739 [main] INFO  net.NetworkTopologyImpl (NetworkTopologyImpl.java:add(112)) - Added a new node: /default-rack/4050b6a8-a9b5-4d6f-8981-8554d25253d3
2023-09-12 21:13:59,739 [main] INFO  net.NetworkTopologyImpl (NetworkTopologyImpl.java:add(112)) - Added a new node: /default-rack/f0cfdea9-e84e-475d-bde5-16345ed22a0c
2023-09-12 21:13:59,739 [main] INFO  net.NetworkTopologyImpl (NetworkTopologyImpl.java:add(112)) - Added a new node: /default-rack/1fde50a8-2ab8-472e-8413-453440007cda
2023-09-12 21:13:59,740 [main] INFO  net.NetworkTopologyImpl (NetworkTopologyImpl.java:add(112)) - Added a new node: /default-rack/961838a3-dac2-4080-afaa-a25d133dd81e
2023-09-12 21:13:59,740 [main] INFO  net.NetworkTopologyImpl (NetworkTopologyImpl.java:add(112)) - Added a new node: /default-rack/0fbae15c-95b1-4487-be7a-f96daeaca2e4
2023-09-12 21:13:59,740 [main] INFO  algorithms.ContainerPlacementPolicyFactory (ContainerPlacementPolicyFactory.java:getPolicyInternal(86)) - Create container placement policy of type org.apache.hadoop.hdds.scm.container.placement.algorithms.SCMContainerPlacementRackAware
2023-09-12 21:13:59,740 [main] INFO  algorithms.ContainerPlacementPolicyFactory (ContainerPlacementPolicyFactory.java:getPolicyInternal(86)) - Create container placement policy of type org.apache.hadoop.hdds.scm.container.placement.algorithms.SCMContainerPlacementRackScatter
2023-09-12 21:13:59,743 [main] DEBUG balancer.ContainerBalancerTask (ContainerBalancerTask.java:initializeIteration(374)) - Average utilization of the cluster is 0.35540873815021734
2023-09-12 21:13:59,744 [main] DEBUG balancer.ContainerBalancerTask (ContainerBalancerTask.java:initializeIteration(386)) - Lower limit for utilization is 0.25540873815021736 and Upper limit for utilization is 0.4554087381502173
2023-09-12 21:13:59,744 [main] DEBUG balancer.ContainerBalancerTask (ContainerBalancerTask.java:initializeIteration(398)) - Utilization for node a5f07296-2614-466d-ae42-a1eae64b162d with capacity 60845370026B, used 54760833024B, and remaining 6084537002B is 0.900000000009861
2023-09-12 21:13:59,744 [main] DEBUG balancer.ContainerBalancerTask (ContainerBalancerTask.java:initializeIteration(398)) - Utilization for node f0cfdea9-e84e-475d-bde5-16345ed22a0c with capacity 42949672960B, used 34359738368B, and remaining 8589934592B is 0.8
2023-09-12 21:13:59,744 [main] DEBUG balancer.ContainerBalancerTask (ContainerBalancerTask.java:initializeIteration(398)) - Utilization for node 961838a3-dac2-4080-afaa-a25d133dd81e with capacity 93568930377B, used 65498251264B, and remaining 28070679113B is 0.7000000000010688
2023-09-12 21:13:59,744 [main] DEBUG balancer.ContainerBalancerTask (ContainerBalancerTask.java:initializeIteration(398)) - Utilization for node 9c23c47b-b7b0-45d9-9239-d6c42ffcc424 with capacity 73372357973B, used 44023414784B, and remaining 29348943189B is 0.6000000000027258
2023-09-12 21:13:59,744 [main] DEBUG balancer.ContainerBalancerTask (ContainerBalancerTask.java:initializeIteration(398)) - Utilization for node 0fbae15c-95b1-4487-be7a-f96daeaca2e4 with capacity 113816633344B, used 56908316672B, and remaining 56908316672B is 0.5
2023-09-12 21:13:59,744 [main] DEBUG balancer.ContainerBalancerTask (ContainerBalancerTask.java:initializeIteration(398)) - Utilization for node 1fde50a8-2ab8-472e-8413-453440007cda with capacity 147639500800B, used 59055800320B, and remaining 88583700480B is 0.4
2023-09-12 21:13:59,744 [main] DEBUG balancer.ContainerBalancerTask (ContainerBalancerTask.java:initializeIteration(398)) - Utilization for node 4050b6a8-a9b5-4d6f-8981-8554d25253d3 with capacity 71582788266B, used 21474836480B, and remaining 50107951786B is 0.300000000002794
2023-09-12 21:13:59,744 [main] DEBUG balancer.ContainerBalancerTask (ContainerBalancerTask.java:initializeIteration(398)) - Utilization for node b9cb201a-60f6-4e87-ac43-90ff339231ee with capacity 150323855360B, used 30064771072B, and remaining 120259084288B is 0.2
2023-09-12 21:13:59,744 [main] DEBUG balancer.ContainerBalancerTask (ContainerBalancerTask.java:initializeIteration(398)) - Utilization for node 331b86c8-1d17-455e-b90d-169e495cce61 with capacity 354334801920B, used 35433480192B, and remaining 318901321728B is 0.1
2023-09-12 21:13:59,744 [main] DEBUG balancer.ContainerBalancerTask (ContainerBalancerTask.java:initializeIteration(398)) - Utilization for node 5de3f1ee-9e43-42ed-88cc-a120e464cb6a with capacity 21474836480B, used 0B, and remaining 21474836480B is 0.0
2023-09-12 21:13:59,744 [main] INFO  balancer.ContainerBalancerTask (ContainerBalancerTask.java:initializeIteration(447)) - Container Balancer has identified 5 Over-Utilized and 3 Under-Utilized Datanodes that need to be balanced.
2023-09-12 21:13:59,745 [main] DEBUG balancer.ContainerBalancerTask (ContainerBalancerTask.java:lambda$initializeIteration$1(453)) - Datanode localhost-20.36.73.12 a5f07296-2614-466d-ae42-a1eae64b162d is Over-Utilized.
2023-09-12 21:13:59,745 [main] DEBUG balancer.ContainerBalancerTask (ContainerBalancerTask.java:lambda$initializeIteration$1(453)) - Datanode localhost-121.65.190.235 f0cfdea9-e84e-475d-bde5-16345ed22a0c is Over-Utilized.
2023-09-12 21:13:59,745 [main] DEBUG balancer.ContainerBalancerTask (ContainerBalancerTask.java:lambda$initializeIteration$1(453)) - Datanode localhost-62.135.148.151 961838a3-dac2-4080-afaa-a25d133dd81e is Over-Utilized.
2023-09-12 21:13:59,745 [main] DEBUG balancer.ContainerBalancerTask (ContainerBalancerTask.java:lambda$initializeIteration$1(453)) - Datanode localhost-10.55.132.234 9c23c47b-b7b0-45d9-9239-d6c42ffcc424 is Over-Utilized.
2023-09-12 21:13:59,745 [main] DEBUG balancer.ContainerBalancerTask (ContainerBalancerTask.java:lambda$initializeIteration$1(453)) - Datanode localhost-105.199.101.37 0fbae15c-95b1-4487-be7a-f96daeaca2e4 is Over-Utilized.
2023-09-12 21:13:59,745 [main] DEBUG balancer.ContainerBalancerTask (ContainerBalancerTask.java:lambda$initializeIteration$2(459)) - Datanode localhost-79.24.64.74 5de3f1ee-9e43-42ed-88cc-a120e464cb6a is Under-Utilized.
2023-09-12 21:13:59,745 [main] DEBUG balancer.ContainerBalancerTask (ContainerBalancerTask.java:lambda$initializeIteration$2(459)) - Datanode localhost-90.20.40.211 331b86c8-1d17-455e-b90d-169e495cce61 is Under-Utilized.
2023-09-12 21:13:59,745 [main] DEBUG balancer.ContainerBalancerTask (ContainerBalancerTask.java:lambda$initializeIteration$2(459)) - Datanode localhost-128.123.240.109 b9cb201a-60f6-4e87-ac43-90ff339231ee is Under-Utilized.
2023-09-12 21:13:59,748 [main] DEBUG balancer.ContainerBalancerTask (ContainerBalancerTask.java:matchSourceWithTarget(708)) - ContainerBalancer is finding suitable target for source datanode a5f07296-2614-466d-ae42-a1eae64b162d
2023-09-12 21:13:59,748 [main] INFO  balancer.ContainerBalancerTask (ContainerBalancerTask.java:matchSourceWithTarget(722)) - ContainerBalancer matched source datanode a5f07296-2614-466d-ae42-a1eae64b162d with target datanode 5de3f1ee-9e43-42ed-88cc-a120e464cb6a for container move.
2023-09-12 21:13:59,748 [main] INFO  balancer.ContainerBalancerTask (ContainerBalancerTask.java:processMoveSelection(569)) - ContainerBalancer is trying to move container #68 with size 5368709120B from source datanode a5f07296-2614-466d-ae42-a1eae64b162d to target datanode 5de3f1ee-9e43-42ed-88cc-a120e464cb6a
2023-09-12 21:13:59,748 [main] DEBUG balancer.ContainerBalancerTask (ContainerBalancerTask.java:lambda$moveContainer$3(837)) - Container move completed for container #68 from source a5f07296-2614-466d-ae42-a1eae64b162d to target 5de3f1ee-9e43-42ed-88cc-a120e464cb6a
2023-09-12 21:13:59,750 [main] DEBUG balancer.ContainerBalancerTask (ContainerBalancerTask.java:matchSourceWithTarget(708)) - ContainerBalancer is finding suitable target for source datanode a5f07296-2614-466d-ae42-a1eae64b162d
2023-09-12 21:13:59,751 [main] INFO  balancer.ContainerBalancerTask (ContainerBalancerTask.java:matchSourceWithTarget(722)) - ContainerBalancer matched source datanode a5f07296-2614-466d-ae42-a1eae64b162d with target datanode 331b86c8-1d17-455e-b90d-169e495cce61 for container move.
2023-09-12 21:13:59,751 [main] INFO  balancer.ContainerBalancerTask (ContainerBalancerTask.java:processMoveSelection(569)) - ContainerBalancer is trying to move container #84 with size 4294967296B from source datanode a5f07296-2614-466d-ae42-a1eae64b162d to target datanode 331b86c8-1d17-455e-b90d-169e495cce61
2023-09-12 21:13:59,751 [main] DEBUG balancer.ContainerBalancerTask (ContainerBalancerTask.java:lambda$moveContainer$3(837)) - Container move completed for container #84 from source a5f07296-2614-466d-ae42-a1eae64b162d to target 331b86c8-1d17-455e-b90d-169e495cce61
2023-09-12 21:13:59,756 [main] DEBUG balancer.ContainerBalancerTask (ContainerBalancerTask.java:matchSourceWithTarget(708)) - ContainerBalancer is finding suitable target for source datanode f0cfdea9-e84e-475d-bde5-16345ed22a0c
2023-09-12 21:13:59,756 [main] INFO  balancer.ContainerBalancerTask (ContainerBalancerTask.java:matchSourceWithTarget(722)) - ContainerBalancer matched source datanode f0cfdea9-e84e-475d-bde5-16345ed22a0c with target datanode 331b86c8-1d17-455e-b90d-169e495cce61 for container move.
2023-09-12 21:13:59,756 [main] INFO  balancer.ContainerBalancerTask (ContainerBalancerTask.java:processMoveSelection(569)) - ContainerBalancer is trying to move container #66 with size 3221225472B from source datanode f0cfdea9-e84e-475d-bde5-16345ed22a0c to target datanode 331b86c8-1d17-455e-b90d-169e495cce61
2023-09-12 21:13:59,756 [main] DEBUG balancer.ContainerBalancerTask (ContainerBalancerTask.java:lambda$moveContainer$3(837)) - Container move completed for container #66 from source f0cfdea9-e84e-475d-bde5-16345ed22a0c to target 331b86c8-1d17-455e-b90d-169e495cce61
2023-09-12 21:13:59,759 [main] DEBUG balancer.ContainerBalancerTask (ContainerBalancerTask.java:matchSourceWithTarget(708)) - ContainerBalancer is finding suitable target for source datanode a5f07296-2614-466d-ae42-a1eae64b162d
2023-09-12 21:13:59,759 [main] INFO  balancer.ContainerBalancerTask (ContainerBalancerTask.java:matchSourceWithTarget(722)) - ContainerBalancer matched source datanode a5f07296-2614-466d-ae42-a1eae64b162d with target datanode 331b86c8-1d17-455e-b90d-169e495cce61 for container move.
2023-09-12 21:13:59,759 [main] INFO  balancer.ContainerBalancerTask (ContainerBalancerTask.java:processMoveSelection(569)) - ContainerBalancer is trying to move container #88 with size 3221225472B from source datanode a5f07296-2614-466d-ae42-a1eae64b162d to target datanode 331b86c8-1d17-455e-b90d-169e495cce61
2023-09-12 21:13:59,759 [main] DEBUG balancer.ContainerBalancerTask (ContainerBalancerTask.java:lambda$moveContainer$3(837)) - Container move completed for container #88 from source a5f07296-2614-466d-ae42-a1eae64b162d to target 331b86c8-1d17-455e-b90d-169e495cce61
2023-09-12 21:13:59,761 [main] DEBUG balancer.ContainerBalancerTask (ContainerBalancerTask.java:matchSourceWithTarget(708)) - ContainerBalancer is finding suitable target for source datanode f0cfdea9-e84e-475d-bde5-16345ed22a0c
2023-09-12 21:13:59,761 [main] INFO  balancer.ContainerBalancerTask (ContainerBalancerTask.java:matchSourceWithTarget(722)) - ContainerBalancer matched source datanode f0cfdea9-e84e-475d-bde5-16345ed22a0c with target datanode b9cb201a-60f6-4e87-ac43-90ff339231ee for container move.
2023-09-12 21:13:59,762 [main] INFO  balancer.ContainerBalancerTask (ContainerBalancerTask.java:processMoveSelection(569)) - ContainerBalancer is trying to move container #18 with size 3221225472B from source datanode f0cfdea9-e84e-475d-bde5-16345ed22a0c to target datanode b9cb201a-60f6-4e87-ac43-90ff339231ee
2023-09-12 21:13:59,762 [main] DEBUG balancer.ContainerBalancerTask (ContainerBalancerTask.java:lambda$moveContainer$3(837)) - Container move completed for container #18 from source f0cfdea9-e84e-475d-bde5-16345ed22a0c to target b9cb201a-60f6-4e87-ac43-90ff339231ee
2023-09-12 21:13:59,765 [main] DEBUG balancer.ContainerBalancerTask (ContainerBalancerTask.java:matchSourceWithTarget(708)) - ContainerBalancer is finding suitable target for source datanode 961838a3-dac2-4080-afaa-a25d133dd81e
2023-09-12 21:13:59,765 [main] INFO  balancer.ContainerBalancerTask (ContainerBalancerTask.java:matchSourceWithTarget(722)) - ContainerBalancer matched source datanode 961838a3-dac2-4080-afaa-a25d133dd81e with target datanode b9cb201a-60f6-4e87-ac43-90ff339231ee for container move.
2023-09-12 21:13:59,765 [main] INFO  balancer.ContainerBalancerTask (ContainerBalancerTask.java:processMoveSelection(569)) - ContainerBalancer is trying to move container #40 with size 5368709120B from source datanode 961838a3-dac2-4080-afaa-a25d133dd81e to target datanode b9cb201a-60f6-4e87-ac43-90ff339231ee
2023-09-12 21:13:59,766 [main] DEBUG balancer.ContainerBalancerTask (ContainerBalancerTask.java:lambda$moveContainer$3(837)) - Container move completed for container #40 from source 961838a3-dac2-4080-afaa-a25d133dd81e to target b9cb201a-60f6-4e87-ac43-90ff339231ee
2023-09-12 21:13:59,768 [main] DEBUG balancer.ContainerBalancerTask (ContainerBalancerTask.java:matchSourceWithTarget(708)) - ContainerBalancer is finding suitable target for source datanode a5f07296-2614-466d-ae42-a1eae64b162d
2023-09-12 21:13:59,768 [main] INFO  balancer.ContainerBalancerTask (ContainerBalancerTask.java:matchSourceWithTarget(722)) - ContainerBalancer matched source datanode a5f07296-2614-466d-ae42-a1eae64b162d with target datanode 5de3f1ee-9e43-42ed-88cc-a120e464cb6a for container move.
2023-09-12 21:13:59,769 [main] INFO  balancer.ContainerBalancerTask (ContainerBalancerTask.java:processMoveSelection(569)) - ContainerBalancer is trying to move container #38 with size 3221225472B from source datanode a5f07296-2614-466d-ae42-a1eae64b162d to target datanode 5de3f1ee-9e43-42ed-88cc-a120e464cb6a
2023-09-12 21:13:59,769 [main] DEBUG balancer.ContainerBalancerTask (ContainerBalancerTask.java:lambda$moveContainer$3(837)) - Container move completed for container #38 from source a5f07296-2614-466d-ae42-a1eae64b162d to target 5de3f1ee-9e43-42ed-88cc-a120e464cb6a
2023-09-12 21:13:59,771 [main] DEBUG balancer.ContainerBalancerTask (ContainerBalancerTask.java:matchSourceWithTarget(708)) - ContainerBalancer is finding suitable target for source datanode f0cfdea9-e84e-475d-bde5-16345ed22a0c
2023-09-12 21:13:59,772 [main] INFO  balancer.ContainerBalancerTask (ContainerBalancerTask.java:matchSourceWithTarget(722)) - ContainerBalancer matched source datanode f0cfdea9-e84e-475d-bde5-16345ed22a0c with target datanode b9cb201a-60f6-4e87-ac43-90ff339231ee for container move.
2023-09-12 21:13:59,772 [main] INFO  balancer.ContainerBalancerTask (ContainerBalancerTask.java:processMoveSelection(569)) - ContainerBalancer is trying to move container #64 with size 1073741824B from source datanode f0cfdea9-e84e-475d-bde5-16345ed22a0c to target datanode b9cb201a-60f6-4e87-ac43-90ff339231ee
2023-09-12 21:13:59,772 [main] DEBUG balancer.ContainerBalancerTask (ContainerBalancerTask.java:lambda$moveContainer$3(837)) - Container move completed for container #64 from source f0cfdea9-e84e-475d-bde5-16345ed22a0c to target b9cb201a-60f6-4e87-ac43-90ff339231ee
2023-09-12 21:13:59,775 [main] DEBUG balancer.ContainerBalancerTask (ContainerBalancerTask.java:matchSourceWithTarget(708)) - ContainerBalancer is finding suitable target for source datanode 961838a3-dac2-4080-afaa-a25d133dd81e
2023-09-12 21:13:59,776 [main] INFO  balancer.ContainerBalancerTask (ContainerBalancerTask.java:matchSourceWithTarget(722)) - ContainerBalancer matched source datanode 961838a3-dac2-4080-afaa-a25d133dd81e with target datanode b9cb201a-60f6-4e87-ac43-90ff339231ee for container move.
2023-09-12 21:13:59,776 [main] INFO  balancer.ContainerBalancerTask (ContainerBalancerTask.java:processMoveSelection(569)) - ContainerBalancer is trying to move container #54 with size 1073741824B from source datanode 961838a3-dac2-4080-afaa-a25d133dd81e to target datanode b9cb201a-60f6-4e87-ac43-90ff339231ee
2023-09-12 21:13:59,776 [main] DEBUG balancer.ContainerBalancerTask (ContainerBalancerTask.java:lambda$moveContainer$3(837)) - Container move completed for container #54 from source 961838a3-dac2-4080-afaa-a25d133dd81e to target b9cb201a-60f6-4e87-ac43-90ff339231ee
2023-09-12 21:13:59,779 [main] DEBUG balancer.ContainerBalancerTask (ContainerBalancerTask.java:matchSourceWithTarget(708)) - ContainerBalancer is finding suitable target for source datanode a5f07296-2614-466d-ae42-a1eae64b162d
2023-09-12 21:13:59,779 [main] INFO  balancer.ContainerBalancerTask (ContainerBalancerTask.java:matchSourceWithTarget(722)) - ContainerBalancer matched source datanode a5f07296-2614-466d-ae42-a1eae64b162d with target datanode 5de3f1ee-9e43-42ed-88cc-a120e464cb6a for container move.
2023-09-12 21:13:59,779 [main] INFO  balancer.ContainerBalancerTask (ContainerBalancerTask.java:processMoveSelection(569)) - ContainerBalancer is trying to move container #86 with size 1073741824B from source datanode a5f07296-2614-466d-ae42-a1eae64b162d to target datanode 5de3f1ee-9e43-42ed-88cc-a120e464cb6a
2023-09-12 21:13:59,779 [main] DEBUG balancer.ContainerBalancerTask (ContainerBalancerTask.java:lambda$moveContainer$3(837)) - Container move completed for container #86 from source a5f07296-2614-466d-ae42-a1eae64b162d to target 5de3f1ee-9e43-42ed-88cc-a120e464cb6a
2023-09-12 21:13:59,782 [main] DEBUG balancer.ContainerBalancerTask (ContainerBalancerTask.java:matchSourceWithTarget(708)) - ContainerBalancer is finding suitable target for source datanode 961838a3-dac2-4080-afaa-a25d133dd81e
2023-09-12 21:13:59,783 [main] INFO  balancer.FindTargetGreedyByUsageInfo (AbstractFindTargetGreedy.java:findTargetForContainerMove(133)) - Container Balancer could not find a target for source datanode 961838a3-dac2-4080-afaa-a25d133dd81e
2023-09-12 21:13:59,783 [main] DEBUG balancer.ContainerBalancerTask (ContainerBalancerTask.java:matchSourceWithTarget(717)) - ContainerBalancer could not find a suitable target for source node 961838a3-dac2-4080-afaa-a25d133dd81e.
2023-09-12 21:13:59,786 [main] DEBUG balancer.ContainerBalancerTask (ContainerBalancerTask.java:matchSourceWithTarget(708)) - ContainerBalancer is finding suitable target for source datanode f0cfdea9-e84e-475d-bde5-16345ed22a0c
2023-09-12 21:13:59,786 [main] INFO  balancer.FindTargetGreedyByUsageInfo (AbstractFindTargetGreedy.java:findTargetForContainerMove(133)) - Container Balancer could not find a target for source datanode f0cfdea9-e84e-475d-bde5-16345ed22a0c
2023-09-12 21:13:59,786 [main] DEBUG balancer.ContainerBalancerTask (ContainerBalancerTask.java:matchSourceWithTarget(717)) - ContainerBalancer could not find a suitable target for source node f0cfdea9-e84e-475d-bde5-16345ed22a0c.
2023-09-12 21:13:59,789 [main] DEBUG balancer.ContainerBalancerTask (ContainerBalancerTask.java:matchSourceWithTarget(708)) - ContainerBalancer is finding suitable target for source datanode a5f07296-2614-466d-ae42-a1eae64b162d
2023-09-12 21:13:59,791 [main] INFO  balancer.FindTargetGreedyByUsageInfo (AbstractFindTargetGreedy.java:findTargetForContainerMove(133)) - Container Balancer could not find a target for source datanode a5f07296-2614-466d-ae42-a1eae64b162d
2023-09-12 21:13:59,791 [main] DEBUG balancer.ContainerBalancerTask (ContainerBalancerTask.java:matchSourceWithTarget(717)) - ContainerBalancer could not find a suitable target for source node a5f07296-2614-466d-ae42-a1eae64b162d.
2023-09-12 21:13:59,794 [main] DEBUG balancer.ContainerBalancerTask (ContainerBalancerTask.java:matchSourceWithTarget(708)) - ContainerBalancer is finding suitable target for source datanode 9c23c47b-b7b0-45d9-9239-d6c42ffcc424
2023-09-12 21:13:59,794 [main] INFO  balancer.FindTargetGreedyByUsageInfo (AbstractFindTargetGreedy.java:findTargetForContainerMove(133)) - Container Balancer could not find a target for source datanode 9c23c47b-b7b0-45d9-9239-d6c42ffcc424
2023-09-12 21:13:59,794 [main] DEBUG balancer.ContainerBalancerTask (ContainerBalancerTask.java:matchSourceWithTarget(717)) - ContainerBalancer could not find a suitable target for source node 9c23c47b-b7b0-45d9-9239-d6c42ffcc424.
2023-09-12 21:13:59,798 [main] DEBUG balancer.ContainerBalancerTask (ContainerBalancerTask.java:matchSourceWithTarget(708)) - ContainerBalancer is finding suitable target for source datanode 0fbae15c-95b1-4487-be7a-f96daeaca2e4
2023-09-12 21:13:59,798 [main] INFO  balancer.FindTargetGreedyByUsageInfo (AbstractFindTargetGreedy.java:findTargetForContainerMove(133)) - Container Balancer could not find a target for source datanode 0fbae15c-95b1-4487-be7a-f96daeaca2e4
2023-09-12 21:13:59,798 [main] DEBUG balancer.ContainerBalancerTask (ContainerBalancerTask.java:matchSourceWithTarget(717)) - ContainerBalancer could not find a suitable target for source node 0fbae15c-95b1-4487-be7a-f96daeaca2e4.
2023-09-12 21:13:59,798 [main] INFO  balancer.FindSourceGreedy (FindSourceGreedy.java:getNextCandidateSourceDataNode(126)) - no more candidate source data node
2023-09-12 21:13:59,798 [main] INFO  balancer.ContainerBalancerTask (ContainerBalancerTask.java:checkIterationMoveResults(642)) - Iteration Summary. Number of Datanodes involved: 6. Size moved: 29 GB (31138512896 Bytes). Number of Container moves completed: 10.
2023-09-12 21:13:59,799 [main] INFO  balancer.ContainerBalancerTask (ContainerBalancerTask.java:balance(259)) - Result of this iteration of Container Balancer: ITERATION_COMPLETED
2023-09-12 21:13:59,799 [main] INFO  balancer.ContainerBalancerTask (ContainerBalancerTask.java:tryStopWithSaveConfiguration(308)) - Save Configuration for stopping. Reason: Completed all iterations.
2023-09-12 21:13:59,801 [main] DEBUG balancer.ContainerBalancerTask (ContainerBalancerTask.java:initializeIteration(374)) - Average utilization of the cluster is 0.35540873815021734
2023-09-12 21:13:59,801 [main] DEBUG balancer.ContainerBalancerTask (ContainerBalancerTask.java:initializeIteration(386)) - Lower limit for utilization is 0.25540873815021736 and Upper limit for utilization is 0.4554087381502173
2023-09-12 21:13:59,801 [main] DEBUG balancer.ContainerBalancerTask (ContainerBalancerTask.java:initializeIteration(398)) - Utilization for node a5f07296-2614-466d-ae42-a1eae64b162d with capacity 60845370026B, used 54760833024B, and remaining 6084537002B is 0.900000000009861
2023-09-12 21:13:59,801 [main] DEBUG balancer.ContainerBalancerTask (ContainerBalancerTask.java:initializeIteration(398)) - Utilization for node f0cfdea9-e84e-475d-bde5-16345ed22a0c with capacity 42949672960B, used 34359738368B, and remaining 8589934592B is 0.8
2023-09-12 21:13:59,802 [main] DEBUG balancer.ContainerBalancerTask (ContainerBalancerTask.java:initializeIteration(398)) - Utilization for node 961838a3-dac2-4080-afaa-a25d133dd81e with capacity 93568930377B, used 65498251264B, and remaining 28070679113B is 0.7000000000010688
2023-09-12 21:13:59,802 [main] DEBUG balancer.ContainerBalancerTask (ContainerBalancerTask.java:initializeIteration(398)) - Utilization for node 9c23c47b-b7b0-45d9-9239-d6c42ffcc424 with capacity 73372357973B, used 44023414784B, and remaining 29348943189B is 0.6000000000027258
2023-09-12 21:13:59,802 [main] DEBUG balancer.ContainerBalancerTask (ContainerBalancerTask.java:initializeIteration(398)) - Utilization for node 0fbae15c-95b1-4487-be7a-f96daeaca2e4 with capacity 113816633344B, used 56908316672B, and remaining 56908316672B is 0.5
2023-09-12 21:13:59,802 [main] DEBUG balancer.ContainerBalancerTask (ContainerBalancerTask.java:initializeIteration(398)) - Utilization for node 1fde50a8-2ab8-472e-8413-453440007cda with capacity 147639500800B, used 59055800320B, and remaining 88583700480B is 0.4
2023-09-12 21:13:59,802 [main] DEBUG balancer.ContainerBalancerTask (ContainerBalancerTask.java:initializeIteration(398)) - Utilization for node 4050b6a8-a9b5-4d6f-8981-8554d25253d3 with capacity 71582788266B, used 21474836480B, and remaining 50107951786B is 0.300000000002794
2023-09-12 21:13:59,802 [main] DEBUG balancer.ContainerBalancerTask (ContainerBalancerTask.java:initializeIteration(398)) - Utilization for node b9cb201a-60f6-4e87-ac43-90ff339231ee with capacity 150323855360B, used 30064771072B, and remaining 120259084288B is 0.2
2023-09-12 21:13:59,802 [main] DEBUG balancer.ContainerBalancerTask (ContainerBalancerTask.java:initializeIteration(398)) - Utilization for node 331b86c8-1d17-455e-b90d-169e495cce61 with capacity 354334801920B, used 35433480192B, and remaining 318901321728B is 0.1
2023-09-12 21:13:59,802 [main] DEBUG balancer.ContainerBalancerTask (ContainerBalancerTask.java:initializeIteration(398)) - Utilization for node 5de3f1ee-9e43-42ed-88cc-a120e464cb6a with capacity 21474836480B, used 0B, and remaining 21474836480B is 0.0
2023-09-12 21:13:59,802 [main] INFO  balancer.ContainerBalancerTask (ContainerBalancerTask.java:initializeIteration(447)) - Container Balancer has identified 5 Over-Utilized and 3 Under-Utilized Datanodes that need to be balanced.
2023-09-12 21:13:59,802 [main] DEBUG balancer.ContainerBalancerTask (ContainerBalancerTask.java:lambda$initializeIteration$1(453)) - Datanode localhost-20.36.73.12 a5f07296-2614-466d-ae42-a1eae64b162d is Over-Utilized.
2023-09-12 21:13:59,802 [main] DEBUG balancer.ContainerBalancerTask (ContainerBalancerTask.java:lambda$initializeIteration$1(453)) - Datanode localhost-121.65.190.235 f0cfdea9-e84e-475d-bde5-16345ed22a0c is Over-Utilized.
2023-09-12 21:13:59,802 [main] DEBUG balancer.ContainerBalancerTask (ContainerBalancerTask.java:lambda$initializeIteration$1(453)) - Datanode localhost-62.135.148.151 961838a3-dac2-4080-afaa-a25d133dd81e is Over-Utilized.
2023-09-12 21:13:59,803 [main] DEBUG balancer.ContainerBalancerTask (ContainerBalancerTask.java:lambda$initializeIteration$1(453)) - Datanode localhost-10.55.132.234 9c23c47b-b7b0-45d9-9239-d6c42ffcc424 is Over-Utilized.
2023-09-12 21:13:59,803 [main] DEBUG balancer.ContainerBalancerTask (ContainerBalancerTask.java:lambda$initializeIteration$1(453)) - Datanode localhost-105.199.101.37 0fbae15c-95b1-4487-be7a-f96daeaca2e4 is Over-Utilized.
2023-09-12 21:13:59,803 [main] DEBUG balancer.ContainerBalancerTask (ContainerBalancerTask.java:lambda$initializeIteration$2(459)) - Datanode localhost-79.24.64.74 5de3f1ee-9e43-42ed-88cc-a120e464cb6a is Under-Utilized.
2023-09-12 21:13:59,803 [main] DEBUG balancer.ContainerBalancerTask (ContainerBalancerTask.java:lambda$initializeIteration$2(459)) - Datanode localhost-90.20.40.211 331b86c8-1d17-455e-b90d-169e495cce61 is Under-Utilized.
2023-09-12 21:13:59,803 [main] DEBUG balancer.ContainerBalancerTask (ContainerBalancerTask.java:lambda$initializeIteration$2(459)) - Datanode localhost-128.123.240.109 b9cb201a-60f6-4e87-ac43-90ff339231ee is Under-Utilized.
2023-09-12 21:13:59,806 [main] DEBUG balancer.ContainerBalancerTask (ContainerBalancerTask.java:matchSourceWithTarget(708)) - ContainerBalancer is finding suitable target for source datanode a5f07296-2614-466d-ae42-a1eae64b162d
2023-09-12 21:13:59,806 [main] INFO  balancer.ContainerBalancerTask (ContainerBalancerTask.java:matchSourceWithTarget(722)) - ContainerBalancer matched source datanode a5f07296-2614-466d-ae42-a1eae64b162d with target datanode 5de3f1ee-9e43-42ed-88cc-a120e464cb6a for container move.
2023-09-12 21:13:59,806 [main] INFO  balancer.ContainerBalancerTask (ContainerBalancerTask.java:processMoveSelection(569)) - ContainerBalancer is trying to move container #68 with size 5368709120B from source datanode a5f07296-2614-466d-ae42-a1eae64b162d to target datanode 5de3f1ee-9e43-42ed-88cc-a120e464cb6a
2023-09-12 21:13:59,806 [main] WARN  balancer.ContainerBalancerTask (ContainerBalancerTask.java:lambda$moveContainer$3(842)) - Container move for container #68 from source a5f07296-2614-466d-ae42-a1eae64b162d to target 5de3f1ee-9e43-42ed-88cc-a120e464cb6a failed: REPLICATION_FAIL_NODE_UNHEALTHY
2023-09-12 21:13:59,808 [main] DEBUG balancer.ContainerBalancerTask (ContainerBalancerTask.java:matchSourceWithTarget(708)) - ContainerBalancer is finding suitable target for source datanode f0cfdea9-e84e-475d-bde5-16345ed22a0c
2023-09-12 21:13:59,808 [main] INFO  balancer.ContainerBalancerTask (ContainerBalancerTask.java:matchSourceWithTarget(722)) - ContainerBalancer matched source datanode f0cfdea9-e84e-475d-bde5-16345ed22a0c with target datanode 5de3f1ee-9e43-42ed-88cc-a120e464cb6a for container move.
2023-09-12 21:13:59,808 [main] INFO  balancer.ContainerBalancerTask (ContainerBalancerTask.java:processMoveSelection(569)) - ContainerBalancer is trying to move container #68 with size 5368709120B from source datanode f0cfdea9-e84e-475d-bde5-16345ed22a0c to target datanode 5de3f1ee-9e43-42ed-88cc-a120e464cb6a
2023-09-12 21:13:59,808 [main] WARN  balancer.ContainerBalancerTask (ContainerBalancerTask.java:lambda$moveContainer$3(842)) - Container move for container #68 from source f0cfdea9-e84e-475d-bde5-16345ed22a0c to target 5de3f1ee-9e43-42ed-88cc-a120e464cb6a failed: REPLICATION_FAIL_NODE_UNHEALTHY
2023-09-12 21:13:59,811 [main] DEBUG balancer.ContainerBalancerTask (ContainerBalancerTask.java:matchSourceWithTarget(708)) - ContainerBalancer is finding suitable target for source datanode 961838a3-dac2-4080-afaa-a25d133dd81e
2023-09-12 21:13:59,811 [main] INFO  balancer.ContainerBalancerTask (ContainerBalancerTask.java:matchSourceWithTarget(722)) - ContainerBalancer matched source datanode 961838a3-dac2-4080-afaa-a25d133dd81e with target datanode 5de3f1ee-9e43-42ed-88cc-a120e464cb6a for container move.
2023-09-12 21:13:59,811 [main] INFO  balancer.ContainerBalancerTask (ContainerBalancerTask.java:processMoveSelection(569)) - ContainerBalancer is trying to move container #40 with size 5368709120B from source datanode 961838a3-dac2-4080-afaa-a25d133dd81e to target datanode 5de3f1ee-9e43-42ed-88cc-a120e464cb6a
2023-09-12 21:13:59,812 [main] WARN  balancer.ContainerBalancerTask (ContainerBalancerTask.java:lambda$moveContainer$3(842)) - Container move for container #40 from source 961838a3-dac2-4080-afaa-a25d133dd81e to target 5de3f1ee-9e43-42ed-88cc-a120e464cb6a failed: REPLICATION_FAIL_NODE_UNHEALTHY
2023-09-12 21:13:59,813 [main] DEBUG balancer.ContainerBalancerTask (ContainerBalancerTask.java:matchSourceWithTarget(708)) - ContainerBalancer is finding suitable target for source datanode 9c23c47b-b7b0-45d9-9239-d6c42ffcc424
2023-09-12 21:13:59,814 [main] INFO  balancer.ContainerBalancerTask (ContainerBalancerTask.java:matchSourceWithTarget(722)) - ContainerBalancer matched source datanode 9c23c47b-b7b0-45d9-9239-d6c42ffcc424 with target datanode 5de3f1ee-9e43-42ed-88cc-a120e464cb6a for container move.
2023-09-12 21:13:59,814 [main] INFO  balancer.ContainerBalancerTask (ContainerBalancerTask.java:processMoveSelection(569)) - ContainerBalancer is trying to move container #40 with size 5368709120B from source datanode 9c23c47b-b7b0-45d9-9239-d6c42ffcc424 to target datanode 5de3f1ee-9e43-42ed-88cc-a120e464cb6a
2023-09-12 21:13:59,814 [main] WARN  balancer.ContainerBalancerTask (ContainerBalancerTask.java:lambda$moveContainer$3(842)) - Container move for container #40 from source 9c23c47b-b7b0-45d9-9239-d6c42ffcc424 to target 5de3f1ee-9e43-42ed-88cc-a120e464cb6a failed: REPLICATION_FAIL_NODE_UNHEALTHY
2023-09-12 21:13:59,817 [main] DEBUG balancer.ContainerBalancerTask (ContainerBalancerTask.java:matchSourceWithTarget(708)) - ContainerBalancer is finding suitable target for source datanode 0fbae15c-95b1-4487-be7a-f96daeaca2e4
2023-09-12 21:13:59,817 [main] INFO  balancer.ContainerBalancerTask (ContainerBalancerTask.java:matchSourceWithTarget(722)) - ContainerBalancer matched source datanode 0fbae15c-95b1-4487-be7a-f96daeaca2e4 with target datanode 5de3f1ee-9e43-42ed-88cc-a120e464cb6a for container move.
2023-09-12 21:13:59,817 [main] INFO  balancer.ContainerBalancerTask (ContainerBalancerTask.java:processMoveSelection(569)) - ContainerBalancer is trying to move container #84 with size 4294967296B from source datanode 0fbae15c-95b1-4487-be7a-f96daeaca2e4 to target datanode 5de3f1ee-9e43-42ed-88cc-a120e464cb6a
2023-09-12 21:13:59,817 [main] WARN  balancer.ContainerBalancerTask (ContainerBalancerTask.java:lambda$moveContainer$3(842)) - Container move for container #84 from source 0fbae15c-95b1-4487-be7a-f96daeaca2e4 to target 5de3f1ee-9e43-42ed-88cc-a120e464cb6a failed: REPLICATION_FAIL_NODE_UNHEALTHY
2023-09-12 21:13:59,817 [main] INFO  balancer.FindSourceGreedy (FindSourceGreedy.java:getNextCandidateSourceDataNode(126)) - no more candidate source data node
2023-09-12 21:13:59,817 [main] INFO  balancer.ContainerBalancerTask (ContainerBalancerTask.java:checkIterationMoveResults(642)) - Iteration Summary. Number of Datanodes involved: 0. Size moved: 0 B (0 Bytes). Number of Container moves completed: 0.
2023-09-12 21:13:59,818 [main] INFO  balancer.ContainerBalancerTask (ContainerBalancerTask.java:balance(259)) - Result of this iteration of Container Balancer: ITERATION_COMPLETED
2023-09-12 21:13:59,818 [main] INFO  balancer.ContainerBalancerTask (ContainerBalancerTask.java:tryStopWithSaveConfiguration(308)) - Save Configuration for stopping. Reason: Completed all iterations.
2023-09-12 21:13:59,818 [main] DEBUG balancer.ContainerBalancerTask (ContainerBalancerTask.java:initializeIteration(374)) - Average utilization of the cluster is 0.35540873815021734
2023-09-12 21:13:59,819 [main] DEBUG balancer.ContainerBalancerTask (ContainerBalancerTask.java:initializeIteration(386)) - Lower limit for utilization is 0.25540873815021736 and Upper limit for utilization is 0.4554087381502173
2023-09-12 21:13:59,819 [main] DEBUG balancer.ContainerBalancerTask (ContainerBalancerTask.java:initializeIteration(398)) - Utilization for node a5f07296-2614-466d-ae42-a1eae64b162d with capacity 60845370026B, used 54760833024B, and remaining 6084537002B is 0.900000000009861
2023-09-12 21:13:59,819 [main] DEBUG balancer.ContainerBalancerTask (ContainerBalancerTask.java:initializeIteration(398)) - Utilization for node f0cfdea9-e84e-475d-bde5-16345ed22a0c with capacity 42949672960B, used 34359738368B, and remaining 8589934592B is 0.8
2023-09-12 21:13:59,819 [main] DEBUG balancer.ContainerBalancerTask (ContainerBalancerTask.java:initializeIteration(398)) - Utilization for node 961838a3-dac2-4080-afaa-a25d133dd81e with capacity 93568930377B, used 65498251264B, and remaining 28070679113B is 0.7000000000010688
2023-09-12 21:13:59,819 [main] DEBUG balancer.ContainerBalancerTask (ContainerBalancerTask.java:initializeIteration(398)) - Utilization for node 9c23c47b-b7b0-45d9-9239-d6c42ffcc424 with capacity 73372357973B, used 44023414784B, and remaining 29348943189B is 0.6000000000027258
2023-09-12 21:13:59,819 [main] DEBUG balancer.ContainerBalancerTask (ContainerBalancerTask.java:initializeIteration(398)) - Utilization for node 0fbae15c-95b1-4487-be7a-f96daeaca2e4 with capacity 113816633344B, used 56908316672B, and remaining 56908316672B is 0.5
2023-09-12 21:13:59,819 [main] DEBUG balancer.ContainerBalancerTask (ContainerBalancerTask.java:initializeIteration(398)) - Utilization for node 1fde50a8-2ab8-472e-8413-453440007cda with capacity 147639500800B, used 59055800320B, and remaining 88583700480B is 0.4
2023-09-12 21:13:59,819 [main] DEBUG balancer.ContainerBalancerTask (ContainerBalancerTask.java:initializeIteration(398)) - Utilization for node 4050b6a8-a9b5-4d6f-8981-8554d25253d3 with capacity 71582788266B, used 21474836480B, and remaining 50107951786B is 0.300000000002794
2023-09-12 21:13:59,819 [main] DEBUG balancer.ContainerBalancerTask (ContainerBalancerTask.java:initializeIteration(398)) - Utilization for node b9cb201a-60f6-4e87-ac43-90ff339231ee with capacity 150323855360B, used 30064771072B, and remaining 120259084288B is 0.2
2023-09-12 21:13:59,820 [main] DEBUG balancer.ContainerBalancerTask (ContainerBalancerTask.java:initializeIteration(398)) - Utilization for node 331b86c8-1d17-455e-b90d-169e495cce61 with capacity 354334801920B, used 35433480192B, and remaining 318901321728B is 0.1
2023-09-12 21:13:59,820 [main] DEBUG balancer.ContainerBalancerTask (ContainerBalancerTask.java:initializeIteration(398)) - Utilization for node 5de3f1ee-9e43-42ed-88cc-a120e464cb6a with capacity 21474836480B, used 0B, and remaining 21474836480B is 0.0
2023-09-12 21:13:59,820 [main] INFO  balancer.ContainerBalancerTask (ContainerBalancerTask.java:initializeIteration(447)) - Container Balancer has identified 5 Over-Utilized and 3 Under-Utilized Datanodes that need to be balanced.
2023-09-12 21:13:59,820 [main] DEBUG balancer.ContainerBalancerTask (ContainerBalancerTask.java:lambda$initializeIteration$1(453)) - Datanode localhost-20.36.73.12 a5f07296-2614-466d-ae42-a1eae64b162d is Over-Utilized.
2023-09-12 21:13:59,820 [main] DEBUG balancer.ContainerBalancerTask (ContainerBalancerTask.java:lambda$initializeIteration$1(453)) - Datanode localhost-121.65.190.235 f0cfdea9-e84e-475d-bde5-16345ed22a0c is Over-Utilized.
2023-09-12 21:13:59,820 [main] DEBUG balancer.ContainerBalancerTask (ContainerBalancerTask.java:lambda$initializeIteration$1(453)) - Datanode localhost-62.135.148.151 961838a3-dac2-4080-afaa-a25d133dd81e is Over-Utilized.
2023-09-12 21:13:59,820 [main] DEBUG balancer.ContainerBalancerTask (ContainerBalancerTask.java:lambda$initializeIteration$1(453)) - Datanode localhost-10.55.132.234 9c23c47b-b7b0-45d9-9239-d6c42ffcc424 is Over-Utilized.
2023-09-12 21:13:59,820 [main] DEBUG balancer.ContainerBalancerTask (ContainerBalancerTask.java:lambda$initializeIteration$1(453)) - Datanode localhost-105.199.101.37 0fbae15c-95b1-4487-be7a-f96daeaca2e4 is Over-Utilized.
2023-09-12 21:13:59,820 [main] DEBUG balancer.ContainerBalancerTask (ContainerBalancerTask.java:lambda$initializeIteration$2(459)) - Datanode localhost-79.24.64.74 5de3f1ee-9e43-42ed-88cc-a120e464cb6a is Under-Utilized.
2023-09-12 21:13:59,820 [main] DEBUG balancer.ContainerBalancerTask (ContainerBalancerTask.java:lambda$initializeIteration$2(459)) - Datanode localhost-90.20.40.211 331b86c8-1d17-455e-b90d-169e495cce61 is Under-Utilized.
2023-09-12 21:13:59,820 [main] DEBUG balancer.ContainerBalancerTask (ContainerBalancerTask.java:lambda$initializeIteration$2(459)) - Datanode localhost-128.123.240.109 b9cb201a-60f6-4e87-ac43-90ff339231ee is Under-Utilized.
2023-09-12 21:13:59,823 [main] DEBUG balancer.ContainerBalancerTask (ContainerBalancerTask.java:matchSourceWithTarget(708)) - ContainerBalancer is finding suitable target for source datanode a5f07296-2614-466d-ae42-a1eae64b162d
2023-09-12 21:13:59,823 [main] INFO  balancer.ContainerBalancerTask (ContainerBalancerTask.java:matchSourceWithTarget(722)) - ContainerBalancer matched source datanode a5f07296-2614-466d-ae42-a1eae64b162d with target datanode 5de3f1ee-9e43-42ed-88cc-a120e464cb6a for container move.
2023-09-12 21:13:59,823 [main] INFO  balancer.ContainerBalancerTask (ContainerBalancerTask.java:processMoveSelection(569)) - ContainerBalancer is trying to move container #85 with size 5368709120B from source datanode a5f07296-2614-466d-ae42-a1eae64b162d to target datanode 5de3f1ee-9e43-42ed-88cc-a120e464cb6a
2023-09-12 21:13:59,823 [main] DEBUG balancer.ContainerBalancerTask (ContainerBalancerTask.java:lambda$moveContainer$3(837)) - Container move completed for container #85 from source a5f07296-2614-466d-ae42-a1eae64b162d to target 5de3f1ee-9e43-42ed-88cc-a120e464cb6a
2023-09-12 21:13:59,826 [main] DEBUG balancer.ContainerBalancerTask (ContainerBalancerTask.java:matchSourceWithTarget(708)) - ContainerBalancer is finding suitable target for source datanode a5f07296-2614-466d-ae42-a1eae64b162d
2023-09-12 21:13:59,826 [main] INFO  balancer.ContainerBalancerTask (ContainerBalancerTask.java:matchSourceWithTarget(722)) - ContainerBalancer matched source datanode a5f07296-2614-466d-ae42-a1eae64b162d with target datanode 331b86c8-1d17-455e-b90d-169e495cce61 for container move.
2023-09-12 21:13:59,826 [main] INFO  balancer.ContainerBalancerTask (ContainerBalancerTask.java:processMoveSelection(569)) - ContainerBalancer is trying to move container #68 with size 5368709120B from source datanode a5f07296-2614-466d-ae42-a1eae64b162d to target datanode 331b86c8-1d17-455e-b90d-169e495cce61
2023-09-12 21:13:59,826 [main] DEBUG balancer.ContainerBalancerTask (ContainerBalancerTask.java:lambda$moveContainer$3(837)) - Container move completed for container #68 from source a5f07296-2614-466d-ae42-a1eae64b162d to target 331b86c8-1d17-455e-b90d-169e495cce61
2023-09-12 21:13:59,827 [main] WARN  balancer.ContainerBalancerTask (ContainerBalancerTask.java:reachedMaxSizeToMovePerIteration(733)) - Reached max size to move limit. 10737418240 bytes have already been scheduled for balancing and the limit is 10737418240 bytes.
2023-09-12 21:13:59,827 [main] INFO  balancer.ContainerBalancerTask (ContainerBalancerTask.java:checkIterationMoveResults(642)) - Iteration Summary. Number of Datanodes involved: 3. Size moved: 10 GB (10737418240 Bytes). Number of Container moves completed: 2.
2023-09-12 21:13:59,829 [main] INFO  balancer.ContainerBalancerTask (ContainerBalancerTask.java:balance(259)) - Result of this iteration of Container Balancer: ITERATION_COMPLETED
2023-09-12 21:13:59,829 [main] INFO  balancer.ContainerBalancerTask (ContainerBalancerTask.java:tryStopWithSaveConfiguration(308)) - Save Configuration for stopping. Reason: Completed all iterations.
]]></system-out>
  </testcase>
  <testcase name="targetDatanodeShouldBeInServiceHealthy" classname="org.apache.hadoop.hdds.scm.container.balancer.TestContainerBalancerTask" time="0.094">
    <system-out><![CDATA[2023-09-12 21:13:59,857 [main] INFO  net.NodeSchemaLoader (NodeSchemaLoader.java:loadSchemaFromFile(129)) - Loading schema from [file:/home/runner/work/ozone/ozone/hadoop-hdds/common/target/classes/network-topology-default.xml]
2023-09-12 21:13:59,857 [main] INFO  net.NodeSchemaLoader (NodeSchemaLoader.java:loadSchema(176)) - Loading network topology layer schema file
2023-09-12 21:13:59,869 [main] INFO  net.NetworkTopologyImpl (NetworkTopologyImpl.java:add(112)) - Added a new node: /default-rack/97cb4181-8855-45fe-bbc5-e1e85d619d3c
2023-09-12 21:13:59,870 [main] INFO  net.NetworkTopologyImpl (NetworkTopologyImpl.java:add(112)) - Added a new node: /default-rack/12f356fb-d561-4ccc-98b0-f8192d1afb75
2023-09-12 21:13:59,870 [main] INFO  net.NetworkTopologyImpl (NetworkTopologyImpl.java:add(112)) - Added a new node: /default-rack/b0c87404-1453-416d-837a-f7dd14291518
2023-09-12 21:13:59,870 [main] INFO  net.NetworkTopologyImpl (NetworkTopologyImpl.java:add(112)) - Added a new node: /default-rack/c25d1157-e41d-4a49-8fdb-83a1f9580a18
2023-09-12 21:13:59,870 [main] INFO  net.NetworkTopologyImpl (NetworkTopologyImpl.java:add(112)) - Added a new node: /default-rack/23a63b77-d8d8-4264-a79f-3a7ecc81ba6a
2023-09-12 21:13:59,870 [main] INFO  net.NetworkTopologyImpl (NetworkTopologyImpl.java:add(112)) - Added a new node: /default-rack/5697fe82-ff96-46b0-8ed4-b817f66e2134
2023-09-12 21:13:59,870 [main] INFO  net.NetworkTopologyImpl (NetworkTopologyImpl.java:add(112)) - Added a new node: /default-rack/1b33c749-5681-4eeb-8f04-be1717e5846c
2023-09-12 21:13:59,870 [main] INFO  net.NetworkTopologyImpl (NetworkTopologyImpl.java:add(112)) - Added a new node: /default-rack/c0a045d5-7f79-4921-8ffb-e9c55a548929
2023-09-12 21:13:59,870 [main] INFO  net.NetworkTopologyImpl (NetworkTopologyImpl.java:add(112)) - Added a new node: /default-rack/dc29b9d8-1125-4df0-95fb-cc0c3201c18d
2023-09-12 21:13:59,871 [main] INFO  net.NetworkTopologyImpl (NetworkTopologyImpl.java:add(112)) - Added a new node: /default-rack/2a223f7b-5fc9-43df-8b3e-ef696684b123
2023-09-12 21:13:59,871 [main] INFO  algorithms.ContainerPlacementPolicyFactory (ContainerPlacementPolicyFactory.java:getPolicyInternal(86)) - Create container placement policy of type org.apache.hadoop.hdds.scm.container.placement.algorithms.SCMContainerPlacementRackAware
2023-09-12 21:13:59,871 [main] INFO  algorithms.ContainerPlacementPolicyFactory (ContainerPlacementPolicyFactory.java:getPolicyInternal(86)) - Create container placement policy of type org.apache.hadoop.hdds.scm.container.placement.algorithms.SCMContainerPlacementRackScatter
2023-09-12 21:13:59,874 [main] DEBUG balancer.ContainerBalancerTask (ContainerBalancerTask.java:initializeIteration(374)) - Average utilization of the cluster is 0.36372115836992774
2023-09-12 21:13:59,874 [main] DEBUG balancer.ContainerBalancerTask (ContainerBalancerTask.java:initializeIteration(386)) - Lower limit for utilization is 0.2637211583699277 and Upper limit for utilization is 0.4637211583699278
2023-09-12 21:13:59,874 [main] DEBUG balancer.ContainerBalancerTask (ContainerBalancerTask.java:initializeIteration(398)) - Utilization for node c0a045d5-7f79-4921-8ffb-e9c55a548929 with capacity 63231462968B, used 56908316672B, and remaining 6323146296B is 0.9000000000126519
2023-09-12 21:13:59,874 [main] DEBUG balancer.ContainerBalancerTask (ContainerBalancerTask.java:initializeIteration(398)) - Utilization for node 1b33c749-5681-4eeb-8f04-be1717e5846c with capacity 63082332160B, used 50465865728B, and remaining 12616466432B is 0.8
2023-09-12 21:13:59,874 [main] DEBUG balancer.ContainerBalancerTask (ContainerBalancerTask.java:initializeIteration(398)) - Utilization for node 12f356fb-d561-4ccc-98b0-f8192d1afb75 with capacity 59822758765B, used 41875931136B, and remaining 17946827629B is 0.700000000008358
2023-09-12 21:13:59,874 [main] DEBUG balancer.ContainerBalancerTask (ContainerBalancerTask.java:initializeIteration(398)) - Utilization for node 23a63b77-d8d8-4264-a79f-3a7ecc81ba6a with capacity 80530636800B, used 48318382080B, and remaining 32212254720B is 0.6
2023-09-12 21:13:59,874 [main] DEBUG balancer.ContainerBalancerTask (ContainerBalancerTask.java:initializeIteration(398)) - Utilization for node 2a223f7b-5fc9-43df-8b3e-ef696684b123 with capacity 77309411328B, used 38654705664B, and remaining 38654705664B is 0.5
2023-09-12 21:13:59,875 [main] DEBUG balancer.ContainerBalancerTask (ContainerBalancerTask.java:initializeIteration(398)) - Utilization for node c25d1157-e41d-4a49-8fdb-83a1f9580a18 with capacity 107374182400B, used 42949672960B, and remaining 64424509440B is 0.4
2023-09-12 21:13:59,875 [main] DEBUG balancer.ContainerBalancerTask (ContainerBalancerTask.java:initializeIteration(398)) - Utilization for node 5697fe82-ff96-46b0-8ed4-b817f66e2134 with capacity 136007297706B, used 40802189312B, and remaining 95205108394B is 0.30000000000147053
2023-09-12 21:13:59,875 [main] DEBUG balancer.ContainerBalancerTask (ContainerBalancerTask.java:initializeIteration(398)) - Utilization for node dc29b9d8-1125-4df0-95fb-cc0c3201c18d with capacity 225485783040B, used 45097156608B, and remaining 180388626432B is 0.2
2023-09-12 21:13:59,875 [main] DEBUG balancer.ContainerBalancerTask (ContainerBalancerTask.java:initializeIteration(398)) - Utilization for node b0c87404-1453-416d-837a-f7dd14291518 with capacity 204010946560B, used 20401094656B, and remaining 183609851904B is 0.1
2023-09-12 21:13:59,875 [main] DEBUG balancer.ContainerBalancerTask (ContainerBalancerTask.java:initializeIteration(398)) - Utilization for node 97cb4181-8855-45fe-bbc5-e1e85d619d3c with capacity 42949672960B, used 0B, and remaining 42949672960B is 0.0
2023-09-12 21:13:59,875 [main] INFO  balancer.ContainerBalancerTask (ContainerBalancerTask.java:initializeIteration(447)) - Container Balancer has identified 5 Over-Utilized and 3 Under-Utilized Datanodes that need to be balanced.
2023-09-12 21:13:59,875 [main] DEBUG balancer.ContainerBalancerTask (ContainerBalancerTask.java:lambda$initializeIteration$1(453)) - Datanode localhost-71.134.84.113 c0a045d5-7f79-4921-8ffb-e9c55a548929 is Over-Utilized.
2023-09-12 21:13:59,875 [main] DEBUG balancer.ContainerBalancerTask (ContainerBalancerTask.java:lambda$initializeIteration$1(453)) - Datanode localhost-72.42.136.222 1b33c749-5681-4eeb-8f04-be1717e5846c is Over-Utilized.
2023-09-12 21:13:59,875 [main] DEBUG balancer.ContainerBalancerTask (ContainerBalancerTask.java:lambda$initializeIteration$1(453)) - Datanode localhost-245.2.57.6 12f356fb-d561-4ccc-98b0-f8192d1afb75 is Over-Utilized.
2023-09-12 21:13:59,875 [main] DEBUG balancer.ContainerBalancerTask (ContainerBalancerTask.java:lambda$initializeIteration$1(453)) - Datanode localhost-233.243.127.66 23a63b77-d8d8-4264-a79f-3a7ecc81ba6a is Over-Utilized.
2023-09-12 21:13:59,875 [main] DEBUG balancer.ContainerBalancerTask (ContainerBalancerTask.java:lambda$initializeIteration$1(453)) - Datanode localhost-66.27.12.130 2a223f7b-5fc9-43df-8b3e-ef696684b123 is Over-Utilized.
2023-09-12 21:13:59,876 [main] DEBUG balancer.ContainerBalancerTask (ContainerBalancerTask.java:lambda$initializeIteration$2(459)) - Datanode localhost-208.166.93.189 97cb4181-8855-45fe-bbc5-e1e85d619d3c is Under-Utilized.
2023-09-12 21:13:59,876 [main] DEBUG balancer.ContainerBalancerTask (ContainerBalancerTask.java:lambda$initializeIteration$2(459)) - Datanode localhost-7.97.209.203 b0c87404-1453-416d-837a-f7dd14291518 is Under-Utilized.
2023-09-12 21:13:59,876 [main] DEBUG balancer.ContainerBalancerTask (ContainerBalancerTask.java:lambda$initializeIteration$2(459)) - Datanode localhost-113.62.247.243 dc29b9d8-1125-4df0-95fb-cc0c3201c18d is Under-Utilized.
2023-09-12 21:13:59,878 [main] DEBUG balancer.ContainerBalancerTask (ContainerBalancerTask.java:matchSourceWithTarget(708)) - ContainerBalancer is finding suitable target for source datanode c0a045d5-7f79-4921-8ffb-e9c55a548929
2023-09-12 21:13:59,878 [main] INFO  balancer.ContainerBalancerTask (ContainerBalancerTask.java:matchSourceWithTarget(722)) - ContainerBalancer matched source datanode c0a045d5-7f79-4921-8ffb-e9c55a548929 with target datanode 97cb4181-8855-45fe-bbc5-e1e85d619d3c for container move.
2023-09-12 21:13:59,879 [main] INFO  balancer.ContainerBalancerTask (ContainerBalancerTask.java:processMoveSelection(569)) - ContainerBalancer is trying to move container #85 with size 5368709120B from source datanode c0a045d5-7f79-4921-8ffb-e9c55a548929 to target datanode 97cb4181-8855-45fe-bbc5-e1e85d619d3c
2023-09-12 21:13:59,879 [main] DEBUG balancer.ContainerBalancerTask (ContainerBalancerTask.java:lambda$moveContainer$3(837)) - Container move completed for container #85 from source c0a045d5-7f79-4921-8ffb-e9c55a548929 to target 97cb4181-8855-45fe-bbc5-e1e85d619d3c
2023-09-12 21:13:59,885 [main] DEBUG balancer.ContainerBalancerTask (ContainerBalancerTask.java:matchSourceWithTarget(708)) - ContainerBalancer is finding suitable target for source datanode c0a045d5-7f79-4921-8ffb-e9c55a548929
2023-09-12 21:13:59,885 [main] INFO  balancer.ContainerBalancerTask (ContainerBalancerTask.java:matchSourceWithTarget(722)) - ContainerBalancer matched source datanode c0a045d5-7f79-4921-8ffb-e9c55a548929 with target datanode b0c87404-1453-416d-837a-f7dd14291518 for container move.
2023-09-12 21:13:59,886 [main] INFO  balancer.ContainerBalancerTask (ContainerBalancerTask.java:processMoveSelection(569)) - ContainerBalancer is trying to move container #68 with size 5368709120B from source datanode c0a045d5-7f79-4921-8ffb-e9c55a548929 to target datanode b0c87404-1453-416d-837a-f7dd14291518
2023-09-12 21:13:59,886 [main] DEBUG balancer.ContainerBalancerTask (ContainerBalancerTask.java:lambda$moveContainer$3(837)) - Container move completed for container #68 from source c0a045d5-7f79-4921-8ffb-e9c55a548929 to target b0c87404-1453-416d-837a-f7dd14291518
2023-09-12 21:13:59,889 [main] DEBUG balancer.ContainerBalancerTask (ContainerBalancerTask.java:matchSourceWithTarget(708)) - ContainerBalancer is finding suitable target for source datanode 1b33c749-5681-4eeb-8f04-be1717e5846c
2023-09-12 21:13:59,889 [main] INFO  balancer.ContainerBalancerTask (ContainerBalancerTask.java:matchSourceWithTarget(722)) - ContainerBalancer matched source datanode 1b33c749-5681-4eeb-8f04-be1717e5846c with target datanode 97cb4181-8855-45fe-bbc5-e1e85d619d3c for container move.
2023-09-12 21:13:59,889 [main] INFO  balancer.ContainerBalancerTask (ContainerBalancerTask.java:processMoveSelection(569)) - ContainerBalancer is trying to move container #89 with size 4294967296B from source datanode 1b33c749-5681-4eeb-8f04-be1717e5846c to target datanode 97cb4181-8855-45fe-bbc5-e1e85d619d3c
2023-09-12 21:13:59,889 [main] DEBUG balancer.ContainerBalancerTask (ContainerBalancerTask.java:lambda$moveContainer$3(837)) - Container move completed for container #89 from source 1b33c749-5681-4eeb-8f04-be1717e5846c to target 97cb4181-8855-45fe-bbc5-e1e85d619d3c
2023-09-12 21:13:59,892 [main] DEBUG balancer.ContainerBalancerTask (ContainerBalancerTask.java:matchSourceWithTarget(708)) - ContainerBalancer is finding suitable target for source datanode 1b33c749-5681-4eeb-8f04-be1717e5846c
2023-09-12 21:13:59,892 [main] INFO  balancer.ContainerBalancerTask (ContainerBalancerTask.java:matchSourceWithTarget(722)) - ContainerBalancer matched source datanode 1b33c749-5681-4eeb-8f04-be1717e5846c with target datanode b0c87404-1453-416d-837a-f7dd14291518 for container move.
2023-09-12 21:13:59,892 [main] INFO  balancer.ContainerBalancerTask (ContainerBalancerTask.java:processMoveSelection(569)) - ContainerBalancer is trying to move container #67 with size 4294967296B from source datanode 1b33c749-5681-4eeb-8f04-be1717e5846c to target datanode b0c87404-1453-416d-837a-f7dd14291518
2023-09-12 21:13:59,892 [main] DEBUG balancer.ContainerBalancerTask (ContainerBalancerTask.java:lambda$moveContainer$3(837)) - Container move completed for container #67 from source 1b33c749-5681-4eeb-8f04-be1717e5846c to target b0c87404-1453-416d-837a-f7dd14291518
2023-09-12 21:13:59,895 [main] DEBUG balancer.ContainerBalancerTask (ContainerBalancerTask.java:matchSourceWithTarget(708)) - ContainerBalancer is finding suitable target for source datanode c0a045d5-7f79-4921-8ffb-e9c55a548929
2023-09-12 21:13:59,895 [main] INFO  balancer.ContainerBalancerTask (ContainerBalancerTask.java:matchSourceWithTarget(722)) - ContainerBalancer matched source datanode c0a045d5-7f79-4921-8ffb-e9c55a548929 with target datanode b0c87404-1453-416d-837a-f7dd14291518 for container move.
2023-09-12 21:13:59,895 [main] INFO  balancer.ContainerBalancerTask (ContainerBalancerTask.java:processMoveSelection(569)) - ContainerBalancer is trying to move container #84 with size 4294967296B from source datanode c0a045d5-7f79-4921-8ffb-e9c55a548929 to target datanode b0c87404-1453-416d-837a-f7dd14291518
2023-09-12 21:13:59,895 [main] DEBUG balancer.ContainerBalancerTask (ContainerBalancerTask.java:lambda$moveContainer$3(837)) - Container move completed for container #84 from source c0a045d5-7f79-4921-8ffb-e9c55a548929 to target b0c87404-1453-416d-837a-f7dd14291518
2023-09-12 21:13:59,898 [main] DEBUG balancer.ContainerBalancerTask (ContainerBalancerTask.java:matchSourceWithTarget(708)) - ContainerBalancer is finding suitable target for source datanode 12f356fb-d561-4ccc-98b0-f8192d1afb75
2023-09-12 21:13:59,898 [main] INFO  balancer.ContainerBalancerTask (ContainerBalancerTask.java:matchSourceWithTarget(722)) - ContainerBalancer matched source datanode 12f356fb-d561-4ccc-98b0-f8192d1afb75 with target datanode b0c87404-1453-416d-837a-f7dd14291518 for container move.
2023-09-12 21:13:59,898 [main] INFO  balancer.ContainerBalancerTask (ContainerBalancerTask.java:processMoveSelection(569)) - ContainerBalancer is trying to move container #53 with size 5368709120B from source datanode 12f356fb-d561-4ccc-98b0-f8192d1afb75 to target datanode b0c87404-1453-416d-837a-f7dd14291518
2023-09-12 21:13:59,898 [main] DEBUG balancer.ContainerBalancerTask (ContainerBalancerTask.java:lambda$moveContainer$3(837)) - Container move completed for container #53 from source 12f356fb-d561-4ccc-98b0-f8192d1afb75 to target b0c87404-1453-416d-837a-f7dd14291518
2023-09-12 21:13:59,901 [main] DEBUG balancer.ContainerBalancerTask (ContainerBalancerTask.java:matchSourceWithTarget(708)) - ContainerBalancer is finding suitable target for source datanode 1b33c749-5681-4eeb-8f04-be1717e5846c
2023-09-12 21:13:59,901 [main] INFO  balancer.ContainerBalancerTask (ContainerBalancerTask.java:matchSourceWithTarget(722)) - ContainerBalancer matched source datanode 1b33c749-5681-4eeb-8f04-be1717e5846c with target datanode b0c87404-1453-416d-837a-f7dd14291518 for container move.
2023-09-12 21:13:59,901 [main] INFO  balancer.ContainerBalancerTask (ContainerBalancerTask.java:processMoveSelection(569)) - ContainerBalancer is trying to move container #83 with size 3221225472B from source datanode 1b33c749-5681-4eeb-8f04-be1717e5846c to target datanode b0c87404-1453-416d-837a-f7dd14291518
2023-09-12 21:13:59,902 [main] DEBUG balancer.ContainerBalancerTask (ContainerBalancerTask.java:lambda$moveContainer$3(837)) - Container move completed for container #83 from source 1b33c749-5681-4eeb-8f04-be1717e5846c to target b0c87404-1453-416d-837a-f7dd14291518
2023-09-12 21:13:59,904 [main] DEBUG balancer.ContainerBalancerTask (ContainerBalancerTask.java:matchSourceWithTarget(708)) - ContainerBalancer is finding suitable target for source datanode c0a045d5-7f79-4921-8ffb-e9c55a548929
2023-09-12 21:13:59,904 [main] INFO  balancer.ContainerBalancerTask (ContainerBalancerTask.java:matchSourceWithTarget(722)) - ContainerBalancer matched source datanode c0a045d5-7f79-4921-8ffb-e9c55a548929 with target datanode dc29b9d8-1125-4df0-95fb-cc0c3201c18d for container move.
2023-09-12 21:13:59,904 [main] INFO  balancer.ContainerBalancerTask (ContainerBalancerTask.java:processMoveSelection(569)) - ContainerBalancer is trying to move container #39 with size 4294967296B from source datanode c0a045d5-7f79-4921-8ffb-e9c55a548929 to target datanode dc29b9d8-1125-4df0-95fb-cc0c3201c18d
2023-09-12 21:13:59,905 [main] DEBUG balancer.ContainerBalancerTask (ContainerBalancerTask.java:lambda$moveContainer$3(837)) - Container move completed for container #39 from source c0a045d5-7f79-4921-8ffb-e9c55a548929 to target dc29b9d8-1125-4df0-95fb-cc0c3201c18d
2023-09-12 21:13:59,908 [main] DEBUG balancer.ContainerBalancerTask (ContainerBalancerTask.java:matchSourceWithTarget(708)) - ContainerBalancer is finding suitable target for source datanode 1b33c749-5681-4eeb-8f04-be1717e5846c
2023-09-12 21:13:59,908 [main] INFO  balancer.ContainerBalancerTask (ContainerBalancerTask.java:matchSourceWithTarget(722)) - ContainerBalancer matched source datanode 1b33c749-5681-4eeb-8f04-be1717e5846c with target datanode b0c87404-1453-416d-837a-f7dd14291518 for container move.
2023-09-12 21:13:59,908 [main] INFO  balancer.ContainerBalancerTask (ContainerBalancerTask.java:processMoveSelection(569)) - ContainerBalancer is trying to move container #71 with size 3221225472B from source datanode 1b33c749-5681-4eeb-8f04-be1717e5846c to target datanode b0c87404-1453-416d-837a-f7dd14291518
2023-09-12 21:13:59,908 [main] DEBUG balancer.ContainerBalancerTask (ContainerBalancerTask.java:lambda$moveContainer$3(837)) - Container move completed for container #71 from source 1b33c749-5681-4eeb-8f04-be1717e5846c to target b0c87404-1453-416d-837a-f7dd14291518
2023-09-12 21:13:59,911 [main] DEBUG balancer.ContainerBalancerTask (ContainerBalancerTask.java:matchSourceWithTarget(708)) - ContainerBalancer is finding suitable target for source datanode 12f356fb-d561-4ccc-98b0-f8192d1afb75
2023-09-12 21:13:59,911 [main] INFO  balancer.ContainerBalancerTask (ContainerBalancerTask.java:matchSourceWithTarget(722)) - ContainerBalancer matched source datanode 12f356fb-d561-4ccc-98b0-f8192d1afb75 with target datanode dc29b9d8-1125-4df0-95fb-cc0c3201c18d for container move.
2023-09-12 21:13:59,911 [main] INFO  balancer.ContainerBalancerTask (ContainerBalancerTask.java:processMoveSelection(569)) - ContainerBalancer is trying to move container #28 with size 4294967296B from source datanode 12f356fb-d561-4ccc-98b0-f8192d1afb75 to target datanode dc29b9d8-1125-4df0-95fb-cc0c3201c18d
2023-09-12 21:13:59,911 [main] DEBUG balancer.ContainerBalancerTask (ContainerBalancerTask.java:lambda$moveContainer$3(837)) - Container move completed for container #28 from source 12f356fb-d561-4ccc-98b0-f8192d1afb75 to target dc29b9d8-1125-4df0-95fb-cc0c3201c18d
2023-09-12 21:13:59,914 [main] DEBUG balancer.ContainerBalancerTask (ContainerBalancerTask.java:matchSourceWithTarget(708)) - ContainerBalancer is finding suitable target for source datanode 23a63b77-d8d8-4264-a79f-3a7ecc81ba6a
2023-09-12 21:13:59,914 [main] INFO  balancer.ContainerBalancerTask (ContainerBalancerTask.java:matchSourceWithTarget(722)) - ContainerBalancer matched source datanode 23a63b77-d8d8-4264-a79f-3a7ecc81ba6a with target datanode 97cb4181-8855-45fe-bbc5-e1e85d619d3c for container move.
2023-09-12 21:13:59,914 [main] INFO  balancer.ContainerBalancerTask (ContainerBalancerTask.java:processMoveSelection(569)) - ContainerBalancer is trying to move container #40 with size 5368709120B from source datanode 23a63b77-d8d8-4264-a79f-3a7ecc81ba6a to target datanode 97cb4181-8855-45fe-bbc5-e1e85d619d3c
2023-09-12 21:13:59,915 [main] DEBUG balancer.ContainerBalancerTask (ContainerBalancerTask.java:lambda$moveContainer$3(837)) - Container move completed for container #40 from source 23a63b77-d8d8-4264-a79f-3a7ecc81ba6a to target 97cb4181-8855-45fe-bbc5-e1e85d619d3c
2023-09-12 21:13:59,918 [main] DEBUG balancer.ContainerBalancerTask (ContainerBalancerTask.java:matchSourceWithTarget(708)) - ContainerBalancer is finding suitable target for source datanode c0a045d5-7f79-4921-8ffb-e9c55a548929
2023-09-12 21:13:59,918 [main] INFO  balancer.ContainerBalancerTask (ContainerBalancerTask.java:matchSourceWithTarget(722)) - ContainerBalancer matched source datanode c0a045d5-7f79-4921-8ffb-e9c55a548929 with target datanode b0c87404-1453-416d-837a-f7dd14291518 for container move.
2023-09-12 21:13:59,918 [main] INFO  balancer.ContainerBalancerTask (ContainerBalancerTask.java:processMoveSelection(569)) - ContainerBalancer is trying to move container #88 with size 3221225472B from source datanode c0a045d5-7f79-4921-8ffb-e9c55a548929 to target datanode b0c87404-1453-416d-837a-f7dd14291518
2023-09-12 21:13:59,918 [main] DEBUG balancer.ContainerBalancerTask (ContainerBalancerTask.java:lambda$moveContainer$3(837)) - Container move completed for container #88 from source c0a045d5-7f79-4921-8ffb-e9c55a548929 to target b0c87404-1453-416d-837a-f7dd14291518
2023-09-12 21:13:59,921 [main] DEBUG balancer.ContainerBalancerTask (ContainerBalancerTask.java:matchSourceWithTarget(708)) - ContainerBalancer is finding suitable target for source datanode 1b33c749-5681-4eeb-8f04-be1717e5846c
2023-09-12 21:13:59,922 [main] INFO  balancer.ContainerBalancerTask (ContainerBalancerTask.java:matchSourceWithTarget(722)) - ContainerBalancer matched source datanode 1b33c749-5681-4eeb-8f04-be1717e5846c with target datanode dc29b9d8-1125-4df0-95fb-cc0c3201c18d for container move.
2023-09-12 21:13:59,922 [main] INFO  balancer.ContainerBalancerTask (ContainerBalancerTask.java:processMoveSelection(569)) - ContainerBalancer is trying to move container #86 with size 1073741824B from source datanode 1b33c749-5681-4eeb-8f04-be1717e5846c to target datanode dc29b9d8-1125-4df0-95fb-cc0c3201c18d
2023-09-12 21:13:59,922 [main] DEBUG balancer.ContainerBalancerTask (ContainerBalancerTask.java:lambda$moveContainer$3(837)) - Container move completed for container #86 from source 1b33c749-5681-4eeb-8f04-be1717e5846c to target dc29b9d8-1125-4df0-95fb-cc0c3201c18d
2023-09-12 21:13:59,922 [main] WARN  balancer.ContainerBalancerTask (ContainerBalancerTask.java:reachedMaxSizeToMovePerIteration(733)) - Reached max size to move limit. 53687091200 bytes have already been scheduled for balancing and the limit is 53687091200 bytes.
2023-09-12 21:13:59,922 [main] INFO  balancer.ContainerBalancerTask (ContainerBalancerTask.java:checkIterationMoveResults(642)) - Iteration Summary. Number of Datanodes involved: 7. Size moved: 50 GB (53687091200 Bytes). Number of Container moves completed: 13.
2023-09-12 21:13:59,922 [main] INFO  balancer.ContainerBalancerTask (ContainerBalancerTask.java:balance(259)) - Result of this iteration of Container Balancer: ITERATION_COMPLETED
2023-09-12 21:13:59,922 [main] INFO  balancer.ContainerBalancerTask (ContainerBalancerTask.java:tryStopWithSaveConfiguration(308)) - Save Configuration for stopping. Reason: Completed all iterations.
]]></system-out>
  </testcase>
  <testcase name="containerBalancerShouldObeyMaxDatanodesToInvolveLimit" classname="org.apache.hadoop.hdds.scm.container.balancer.TestContainerBalancerTask" time="0.105">
    <system-out><![CDATA[2023-09-12 21:13:59,958 [main] INFO  net.NodeSchemaLoader (NodeSchemaLoader.java:loadSchemaFromFile(129)) - Loading schema from [file:/home/runner/work/ozone/ozone/hadoop-hdds/common/target/classes/network-topology-default.xml]
2023-09-12 21:13:59,958 [main] INFO  net.NodeSchemaLoader (NodeSchemaLoader.java:loadSchema(176)) - Loading network topology layer schema file
2023-09-12 21:13:59,964 [main] INFO  net.NetworkTopologyImpl (NetworkTopologyImpl.java:add(112)) - Added a new node: /default-rack/58af603d-a7af-4c17-bcf8-4d239e9639a6
2023-09-12 21:13:59,964 [main] INFO  net.NetworkTopologyImpl (NetworkTopologyImpl.java:add(112)) - Added a new node: /default-rack/c0dd6d87-2483-4692-8d67-e1f63834e95f
2023-09-12 21:13:59,964 [main] INFO  net.NetworkTopologyImpl (NetworkTopologyImpl.java:add(112)) - Added a new node: /default-rack/31fe9003-f025-49a4-b484-97bcdb0e4139
2023-09-12 21:13:59,964 [main] INFO  net.NetworkTopologyImpl (NetworkTopologyImpl.java:add(112)) - Added a new node: /default-rack/3c229220-bb09-41b3-817d-e9bc0c4c9dd6
2023-09-12 21:13:59,964 [main] INFO  net.NetworkTopologyImpl (NetworkTopologyImpl.java:add(112)) - Added a new node: /default-rack/b801d07e-794a-436e-8c52-b7713b9e7322
2023-09-12 21:13:59,964 [main] INFO  net.NetworkTopologyImpl (NetworkTopologyImpl.java:add(112)) - Added a new node: /default-rack/8e8ca2bc-6e05-4fcf-93fa-71003ab821de
2023-09-12 21:13:59,965 [main] INFO  net.NetworkTopologyImpl (NetworkTopologyImpl.java:add(112)) - Added a new node: /default-rack/a685dfa8-02ae-4183-978a-f325c40c1ac5
2023-09-12 21:13:59,965 [main] INFO  net.NetworkTopologyImpl (NetworkTopologyImpl.java:add(112)) - Added a new node: /default-rack/9d396680-ad1d-46ae-82ba-b4ba76ca6647
2023-09-12 21:13:59,965 [main] INFO  net.NetworkTopologyImpl (NetworkTopologyImpl.java:add(112)) - Added a new node: /default-rack/8bc171ad-e910-4c46-9f12-cde1d8e8713a
2023-09-12 21:13:59,965 [main] INFO  net.NetworkTopologyImpl (NetworkTopologyImpl.java:add(112)) - Added a new node: /default-rack/7413815a-b294-4d60-96d7-33b65670e123
2023-09-12 21:13:59,965 [main] INFO  algorithms.ContainerPlacementPolicyFactory (ContainerPlacementPolicyFactory.java:getPolicyInternal(86)) - Create container placement policy of type org.apache.hadoop.hdds.scm.container.placement.algorithms.SCMContainerPlacementRackAware
2023-09-12 21:13:59,965 [main] INFO  algorithms.ContainerPlacementPolicyFactory (ContainerPlacementPolicyFactory.java:getPolicyInternal(86)) - Create container placement policy of type org.apache.hadoop.hdds.scm.container.placement.algorithms.SCMContainerPlacementRackScatter
2023-09-12 21:13:59,968 [main] DEBUG balancer.ContainerBalancerTask (ContainerBalancerTask.java:initializeIteration(374)) - Average utilization of the cluster is 0.32139272970609145
2023-09-12 21:13:59,968 [main] DEBUG balancer.ContainerBalancerTask (ContainerBalancerTask.java:initializeIteration(386)) - Lower limit for utilization is 0.31139272970609144 and Upper limit for utilization is 0.33139272970609146
2023-09-12 21:13:59,968 [main] DEBUG balancer.ContainerBalancerTask (ContainerBalancerTask.java:initializeIteration(398)) - Utilization for node 7413815a-b294-4d60-96d7-33b65670e123 with capacity 56073184142B, used 50465865728B, and remaining 5607318414B is 0.9000000000035667
2023-09-12 21:13:59,968 [main] DEBUG balancer.ContainerBalancerTask (ContainerBalancerTask.java:initializeIteration(398)) - Utilization for node c0dd6d87-2483-4692-8d67-e1f63834e95f with capacity 53687091200B, used 42949672960B, and remaining 10737418240B is 0.8
2023-09-12 21:13:59,969 [main] DEBUG balancer.ContainerBalancerTask (ContainerBalancerTask.java:initializeIteration(398)) - Utilization for node a685dfa8-02ae-4183-978a-f325c40c1ac5 with capacity 62890592548B, used 44023414784B, and remaining 18867177764B is 0.7000000000063602
2023-09-12 21:13:59,969 [main] DEBUG balancer.ContainerBalancerTask (ContainerBalancerTask.java:initializeIteration(398)) - Utilization for node 3c229220-bb09-41b3-817d-e9bc0c4c9dd6 with capacity 62634939733B, used 37580963840B, and remaining 25053975893B is 0.6000000000031931
2023-09-12 21:13:59,969 [main] DEBUG balancer.ContainerBalancerTask (ContainerBalancerTask.java:initializeIteration(398)) - Utilization for node 31fe9003-f025-49a4-b484-97bcdb0e4139 with capacity 90194313216B, used 45097156608B, and remaining 45097156608B is 0.5
2023-09-12 21:13:59,969 [main] DEBUG balancer.ContainerBalancerTask (ContainerBalancerTask.java:initializeIteration(398)) - Utilization for node 9d396680-ad1d-46ae-82ba-b4ba76ca6647 with capacity 134217728000B, used 53687091200B, and remaining 80530636800B is 0.4
2023-09-12 21:13:59,969 [main] DEBUG balancer.ContainerBalancerTask (ContainerBalancerTask.java:initializeIteration(398)) - Utilization for node 8e8ca2bc-6e05-4fcf-93fa-71003ab821de with capacity 125269879466B, used 37580963840B, and remaining 87688915626B is 0.30000000000159655
2023-09-12 21:13:59,969 [main] DEBUG balancer.ContainerBalancerTask (ContainerBalancerTask.java:initializeIteration(398)) - Utilization for node 58af603d-a7af-4c17-bcf8-4d239e9639a6 with capacity 204010946560B, used 40802189312B, and remaining 163208757248B is 0.2
2023-09-12 21:13:59,969 [main] DEBUG balancer.ContainerBalancerTask (ContainerBalancerTask.java:initializeIteration(398)) - Utilization for node 8bc171ad-e910-4c46-9f12-cde1d8e8713a with capacity 408021893120B, used 40802189312B, and remaining 367219703808B is 0.1
2023-09-12 21:13:59,969 [main] DEBUG balancer.ContainerBalancerTask (ContainerBalancerTask.java:initializeIteration(398)) - Utilization for node b801d07e-794a-436e-8c52-b7713b9e7322 with capacity 25769803776B, used 0B, and remaining 25769803776B is 0.0
2023-09-12 21:13:59,969 [main] INFO  balancer.ContainerBalancerTask (ContainerBalancerTask.java:initializeIteration(447)) - Container Balancer has identified 6 Over-Utilized and 4 Under-Utilized Datanodes that need to be balanced.
2023-09-12 21:13:59,969 [main] DEBUG balancer.ContainerBalancerTask (ContainerBalancerTask.java:lambda$initializeIteration$1(453)) - Datanode localhost-251.63.143.213 7413815a-b294-4d60-96d7-33b65670e123 is Over-Utilized.
2023-09-12 21:13:59,969 [main] DEBUG balancer.ContainerBalancerTask (ContainerBalancerTask.java:lambda$initializeIteration$1(453)) - Datanode localhost-246.118.19.235 c0dd6d87-2483-4692-8d67-e1f63834e95f is Over-Utilized.
2023-09-12 21:13:59,970 [main] DEBUG balancer.ContainerBalancerTask (ContainerBalancerTask.java:lambda$initializeIteration$1(453)) - Datanode localhost-156.242.229.1 a685dfa8-02ae-4183-978a-f325c40c1ac5 is Over-Utilized.
2023-09-12 21:13:59,970 [main] DEBUG balancer.ContainerBalancerTask (ContainerBalancerTask.java:lambda$initializeIteration$1(453)) - Datanode localhost-12.131.163.214 3c229220-bb09-41b3-817d-e9bc0c4c9dd6 is Over-Utilized.
2023-09-12 21:13:59,970 [main] DEBUG balancer.ContainerBalancerTask (ContainerBalancerTask.java:lambda$initializeIteration$1(453)) - Datanode localhost-19.200.137.58 31fe9003-f025-49a4-b484-97bcdb0e4139 is Over-Utilized.
2023-09-12 21:13:59,970 [main] DEBUG balancer.ContainerBalancerTask (ContainerBalancerTask.java:lambda$initializeIteration$1(453)) - Datanode localhost-33.146.221.98 9d396680-ad1d-46ae-82ba-b4ba76ca6647 is Over-Utilized.
2023-09-12 21:13:59,970 [main] DEBUG balancer.ContainerBalancerTask (ContainerBalancerTask.java:lambda$initializeIteration$2(459)) - Datanode localhost-117.23.85.46 b801d07e-794a-436e-8c52-b7713b9e7322 is Under-Utilized.
2023-09-12 21:13:59,970 [main] DEBUG balancer.ContainerBalancerTask (ContainerBalancerTask.java:lambda$initializeIteration$2(459)) - Datanode localhost-3.167.187.93 8bc171ad-e910-4c46-9f12-cde1d8e8713a is Under-Utilized.
2023-09-12 21:13:59,970 [main] DEBUG balancer.ContainerBalancerTask (ContainerBalancerTask.java:lambda$initializeIteration$2(459)) - Datanode localhost-148.0.23.192 58af603d-a7af-4c17-bcf8-4d239e9639a6 is Under-Utilized.
2023-09-12 21:13:59,970 [main] DEBUG balancer.ContainerBalancerTask (ContainerBalancerTask.java:lambda$initializeIteration$2(459)) - Datanode localhost-174.53.234.24 8e8ca2bc-6e05-4fcf-93fa-71003ab821de is Under-Utilized.
2023-09-12 21:13:59,972 [main] DEBUG balancer.ContainerBalancerTask (ContainerBalancerTask.java:matchSourceWithTarget(708)) - ContainerBalancer is finding suitable target for source datanode 7413815a-b294-4d60-96d7-33b65670e123
2023-09-12 21:13:59,973 [main] INFO  balancer.ContainerBalancerTask (ContainerBalancerTask.java:matchSourceWithTarget(722)) - ContainerBalancer matched source datanode 7413815a-b294-4d60-96d7-33b65670e123 with target datanode b801d07e-794a-436e-8c52-b7713b9e7322 for container move.
2023-09-12 21:13:59,973 [main] INFO  balancer.ContainerBalancerTask (ContainerBalancerTask.java:processMoveSelection(569)) - ContainerBalancer is trying to move container #85 with size 5368709120B from source datanode 7413815a-b294-4d60-96d7-33b65670e123 to target datanode b801d07e-794a-436e-8c52-b7713b9e7322
2023-09-12 21:13:59,973 [main] DEBUG balancer.ContainerBalancerTask (ContainerBalancerTask.java:lambda$moveContainer$3(837)) - Container move completed for container #85 from source 7413815a-b294-4d60-96d7-33b65670e123 to target b801d07e-794a-436e-8c52-b7713b9e7322
2023-09-12 21:13:59,975 [main] DEBUG balancer.ContainerBalancerTask (ContainerBalancerTask.java:matchSourceWithTarget(708)) - ContainerBalancer is finding suitable target for source datanode 7413815a-b294-4d60-96d7-33b65670e123
2023-09-12 21:13:59,976 [main] INFO  balancer.ContainerBalancerTask (ContainerBalancerTask.java:matchSourceWithTarget(722)) - ContainerBalancer matched source datanode 7413815a-b294-4d60-96d7-33b65670e123 with target datanode 8bc171ad-e910-4c46-9f12-cde1d8e8713a for container move.
2023-09-12 21:13:59,976 [main] INFO  balancer.ContainerBalancerTask (ContainerBalancerTask.java:processMoveSelection(569)) - ContainerBalancer is trying to move container #29 with size 5368709120B from source datanode 7413815a-b294-4d60-96d7-33b65670e123 to target datanode 8bc171ad-e910-4c46-9f12-cde1d8e8713a
2023-09-12 21:13:59,976 [main] DEBUG balancer.ContainerBalancerTask (ContainerBalancerTask.java:lambda$moveContainer$3(837)) - Container move completed for container #29 from source 7413815a-b294-4d60-96d7-33b65670e123 to target 8bc171ad-e910-4c46-9f12-cde1d8e8713a
2023-09-12 21:13:59,976 [main] DEBUG balancer.ContainerBalancerTask (ContainerBalancerTask.java:adaptWhenNearingIterationLimits(756)) - Approaching max datanodes to involve limit. 3 datanodes have already been selected for balancing and the limit is 4. Only already selected targets can be selected as targets now.
2023-09-12 21:13:59,978 [main] DEBUG balancer.ContainerBalancerTask (ContainerBalancerTask.java:matchSourceWithTarget(708)) - ContainerBalancer is finding suitable target for source datanode c0dd6d87-2483-4692-8d67-e1f63834e95f
2023-09-12 21:13:59,978 [main] INFO  balancer.ContainerBalancerTask (ContainerBalancerTask.java:matchSourceWithTarget(722)) - ContainerBalancer matched source datanode c0dd6d87-2483-4692-8d67-e1f63834e95f with target datanode 8bc171ad-e910-4c46-9f12-cde1d8e8713a for container move.
2023-09-12 21:13:59,978 [main] INFO  balancer.ContainerBalancerTask (ContainerBalancerTask.java:processMoveSelection(569)) - ContainerBalancer is trying to move container #68 with size 5368709120B from source datanode c0dd6d87-2483-4692-8d67-e1f63834e95f to target datanode 8bc171ad-e910-4c46-9f12-cde1d8e8713a
2023-09-12 21:13:59,979 [main] DEBUG balancer.ContainerBalancerTask (ContainerBalancerTask.java:lambda$moveContainer$3(837)) - Container move completed for container #68 from source c0dd6d87-2483-4692-8d67-e1f63834e95f to target 8bc171ad-e910-4c46-9f12-cde1d8e8713a
2023-09-12 21:13:59,979 [main] DEBUG balancer.ContainerBalancerTask (ContainerBalancerTask.java:adaptOnReachingIterationLimits(782)) - Reached max datanodes to involve limit. 4 datanodes have already been selected for balancing and the limit is 4. Only already selected sources and targets can be involved in balancing now.
2023-09-12 21:13:59,981 [main] DEBUG balancer.ContainerBalancerTask (ContainerBalancerTask.java:matchSourceWithTarget(708)) - ContainerBalancer is finding suitable target for source datanode 7413815a-b294-4d60-96d7-33b65670e123
2023-09-12 21:13:59,981 [main] INFO  balancer.ContainerBalancerTask (ContainerBalancerTask.java:matchSourceWithTarget(722)) - ContainerBalancer matched source datanode 7413815a-b294-4d60-96d7-33b65670e123 with target datanode 8bc171ad-e910-4c46-9f12-cde1d8e8713a for container move.
2023-09-12 21:13:59,981 [main] INFO  balancer.ContainerBalancerTask (ContainerBalancerTask.java:processMoveSelection(569)) - ContainerBalancer is trying to move container #89 with size 4294967296B from source datanode 7413815a-b294-4d60-96d7-33b65670e123 to target datanode 8bc171ad-e910-4c46-9f12-cde1d8e8713a
2023-09-12 21:13:59,982 [main] DEBUG balancer.ContainerBalancerTask (ContainerBalancerTask.java:lambda$moveContainer$3(837)) - Container move completed for container #89 from source 7413815a-b294-4d60-96d7-33b65670e123 to target 8bc171ad-e910-4c46-9f12-cde1d8e8713a
2023-09-12 21:13:59,984 [main] DEBUG balancer.ContainerBalancerTask (ContainerBalancerTask.java:matchSourceWithTarget(708)) - ContainerBalancer is finding suitable target for source datanode c0dd6d87-2483-4692-8d67-e1f63834e95f
2023-09-12 21:13:59,984 [main] INFO  balancer.ContainerBalancerTask (ContainerBalancerTask.java:matchSourceWithTarget(722)) - ContainerBalancer matched source datanode c0dd6d87-2483-4692-8d67-e1f63834e95f with target datanode 8bc171ad-e910-4c46-9f12-cde1d8e8713a for container move.
2023-09-12 21:13:59,984 [main] INFO  balancer.ContainerBalancerTask (ContainerBalancerTask.java:processMoveSelection(569)) - ContainerBalancer is trying to move container #67 with size 4294967296B from source datanode c0dd6d87-2483-4692-8d67-e1f63834e95f to target datanode 8bc171ad-e910-4c46-9f12-cde1d8e8713a
2023-09-12 21:13:59,984 [main] DEBUG balancer.ContainerBalancerTask (ContainerBalancerTask.java:lambda$moveContainer$3(837)) - Container move completed for container #67 from source c0dd6d87-2483-4692-8d67-e1f63834e95f to target 8bc171ad-e910-4c46-9f12-cde1d8e8713a
2023-09-12 21:13:59,987 [main] DEBUG balancer.ContainerBalancerTask (ContainerBalancerTask.java:matchSourceWithTarget(708)) - ContainerBalancer is finding suitable target for source datanode 7413815a-b294-4d60-96d7-33b65670e123
2023-09-12 21:13:59,987 [main] INFO  balancer.ContainerBalancerTask (ContainerBalancerTask.java:matchSourceWithTarget(722)) - ContainerBalancer matched source datanode 7413815a-b294-4d60-96d7-33b65670e123 with target datanode 8bc171ad-e910-4c46-9f12-cde1d8e8713a for container move.
2023-09-12 21:13:59,987 [main] INFO  balancer.ContainerBalancerTask (ContainerBalancerTask.java:processMoveSelection(569)) - ContainerBalancer is trying to move container #84 with size 4294967296B from source datanode 7413815a-b294-4d60-96d7-33b65670e123 to target datanode 8bc171ad-e910-4c46-9f12-cde1d8e8713a
2023-09-12 21:13:59,987 [main] DEBUG balancer.ContainerBalancerTask (ContainerBalancerTask.java:lambda$moveContainer$3(837)) - Container move completed for container #84 from source 7413815a-b294-4d60-96d7-33b65670e123 to target 8bc171ad-e910-4c46-9f12-cde1d8e8713a
2023-09-12 21:13:59,990 [main] DEBUG balancer.ContainerBalancerTask (ContainerBalancerTask.java:matchSourceWithTarget(708)) - ContainerBalancer is finding suitable target for source datanode c0dd6d87-2483-4692-8d67-e1f63834e95f
2023-09-12 21:13:59,990 [main] INFO  balancer.ContainerBalancerTask (ContainerBalancerTask.java:matchSourceWithTarget(722)) - ContainerBalancer matched source datanode c0dd6d87-2483-4692-8d67-e1f63834e95f with target datanode 8bc171ad-e910-4c46-9f12-cde1d8e8713a for container move.
2023-09-12 21:13:59,990 [main] INFO  balancer.ContainerBalancerTask (ContainerBalancerTask.java:processMoveSelection(569)) - ContainerBalancer is trying to move container #66 with size 3221225472B from source datanode c0dd6d87-2483-4692-8d67-e1f63834e95f to target datanode 8bc171ad-e910-4c46-9f12-cde1d8e8713a
2023-09-12 21:13:59,990 [main] DEBUG balancer.ContainerBalancerTask (ContainerBalancerTask.java:lambda$moveContainer$3(837)) - Container move completed for container #66 from source c0dd6d87-2483-4692-8d67-e1f63834e95f to target 8bc171ad-e910-4c46-9f12-cde1d8e8713a
2023-09-12 21:13:59,993 [main] DEBUG balancer.ContainerBalancerTask (ContainerBalancerTask.java:matchSourceWithTarget(708)) - ContainerBalancer is finding suitable target for source datanode c0dd6d87-2483-4692-8d67-e1f63834e95f
2023-09-12 21:13:59,993 [main] INFO  balancer.ContainerBalancerTask (ContainerBalancerTask.java:matchSourceWithTarget(722)) - ContainerBalancer matched source datanode c0dd6d87-2483-4692-8d67-e1f63834e95f with target datanode 8bc171ad-e910-4c46-9f12-cde1d8e8713a for container move.
2023-09-12 21:13:59,993 [main] INFO  balancer.ContainerBalancerTask (ContainerBalancerTask.java:processMoveSelection(569)) - ContainerBalancer is trying to move container #87 with size 2147483648B from source datanode c0dd6d87-2483-4692-8d67-e1f63834e95f to target datanode 8bc171ad-e910-4c46-9f12-cde1d8e8713a
2023-09-12 21:13:59,993 [main] DEBUG balancer.ContainerBalancerTask (ContainerBalancerTask.java:lambda$moveContainer$3(837)) - Container move completed for container #87 from source c0dd6d87-2483-4692-8d67-e1f63834e95f to target 8bc171ad-e910-4c46-9f12-cde1d8e8713a
2023-09-12 21:13:59,996 [main] DEBUG balancer.ContainerBalancerTask (ContainerBalancerTask.java:matchSourceWithTarget(708)) - ContainerBalancer is finding suitable target for source datanode 7413815a-b294-4d60-96d7-33b65670e123
2023-09-12 21:13:59,996 [main] INFO  balancer.ContainerBalancerTask (ContainerBalancerTask.java:matchSourceWithTarget(722)) - ContainerBalancer matched source datanode 7413815a-b294-4d60-96d7-33b65670e123 with target datanode 8bc171ad-e910-4c46-9f12-cde1d8e8713a for container move.
2023-09-12 21:13:59,996 [main] INFO  balancer.ContainerBalancerTask (ContainerBalancerTask.java:processMoveSelection(569)) - ContainerBalancer is trying to move container #88 with size 3221225472B from source datanode 7413815a-b294-4d60-96d7-33b65670e123 to target datanode 8bc171ad-e910-4c46-9f12-cde1d8e8713a
2023-09-12 21:13:59,996 [main] DEBUG balancer.ContainerBalancerTask (ContainerBalancerTask.java:lambda$moveContainer$3(837)) - Container move completed for container #88 from source 7413815a-b294-4d60-96d7-33b65670e123 to target 8bc171ad-e910-4c46-9f12-cde1d8e8713a
2023-09-12 21:13:59,998 [main] DEBUG balancer.ContainerBalancerTask (ContainerBalancerTask.java:matchSourceWithTarget(708)) - ContainerBalancer is finding suitable target for source datanode c0dd6d87-2483-4692-8d67-e1f63834e95f
2023-09-12 21:13:59,999 [main] INFO  balancer.ContainerBalancerTask (ContainerBalancerTask.java:matchSourceWithTarget(722)) - ContainerBalancer matched source datanode c0dd6d87-2483-4692-8d67-e1f63834e95f with target datanode 8bc171ad-e910-4c46-9f12-cde1d8e8713a for container move.
2023-09-12 21:13:59,999 [main] INFO  balancer.ContainerBalancerTask (ContainerBalancerTask.java:processMoveSelection(569)) - ContainerBalancer is trying to move container #70 with size 2147483648B from source datanode c0dd6d87-2483-4692-8d67-e1f63834e95f to target datanode 8bc171ad-e910-4c46-9f12-cde1d8e8713a
2023-09-12 21:13:59,999 [main] DEBUG balancer.ContainerBalancerTask (ContainerBalancerTask.java:lambda$moveContainer$3(837)) - Container move completed for container #70 from source c0dd6d87-2483-4692-8d67-e1f63834e95f to target 8bc171ad-e910-4c46-9f12-cde1d8e8713a
2023-09-12 21:14:00,002 [main] DEBUG balancer.ContainerBalancerTask (ContainerBalancerTask.java:matchSourceWithTarget(708)) - ContainerBalancer is finding suitable target for source datanode 7413815a-b294-4d60-96d7-33b65670e123
2023-09-12 21:14:00,002 [main] INFO  balancer.ContainerBalancerTask (ContainerBalancerTask.java:matchSourceWithTarget(722)) - ContainerBalancer matched source datanode 7413815a-b294-4d60-96d7-33b65670e123 with target datanode 8bc171ad-e910-4c46-9f12-cde1d8e8713a for container move.
2023-09-12 21:14:00,002 [main] INFO  balancer.ContainerBalancerTask (ContainerBalancerTask.java:processMoveSelection(569)) - ContainerBalancer is trying to move container #82 with size 2147483648B from source datanode 7413815a-b294-4d60-96d7-33b65670e123 to target datanode 8bc171ad-e910-4c46-9f12-cde1d8e8713a
2023-09-12 21:14:00,002 [main] DEBUG balancer.ContainerBalancerTask (ContainerBalancerTask.java:lambda$moveContainer$3(837)) - Container move completed for container #82 from source 7413815a-b294-4d60-96d7-33b65670e123 to target 8bc171ad-e910-4c46-9f12-cde1d8e8713a
2023-09-12 21:14:00,005 [main] DEBUG balancer.ContainerBalancerTask (ContainerBalancerTask.java:matchSourceWithTarget(708)) - ContainerBalancer is finding suitable target for source datanode c0dd6d87-2483-4692-8d67-e1f63834e95f
2023-09-12 21:14:00,005 [main] INFO  balancer.ContainerBalancerTask (ContainerBalancerTask.java:matchSourceWithTarget(722)) - ContainerBalancer matched source datanode c0dd6d87-2483-4692-8d67-e1f63834e95f with target datanode 8bc171ad-e910-4c46-9f12-cde1d8e8713a for container move.
2023-09-12 21:14:00,005 [main] INFO  balancer.ContainerBalancerTask (ContainerBalancerTask.java:processMoveSelection(569)) - ContainerBalancer is trying to move container #65 with size 2147483648B from source datanode c0dd6d87-2483-4692-8d67-e1f63834e95f to target datanode 8bc171ad-e910-4c46-9f12-cde1d8e8713a
2023-09-12 21:14:00,005 [main] DEBUG balancer.ContainerBalancerTask (ContainerBalancerTask.java:lambda$moveContainer$3(837)) - Container move completed for container #65 from source c0dd6d87-2483-4692-8d67-e1f63834e95f to target 8bc171ad-e910-4c46-9f12-cde1d8e8713a
2023-09-12 21:14:00,008 [main] DEBUG balancer.ContainerBalancerTask (ContainerBalancerTask.java:matchSourceWithTarget(708)) - ContainerBalancer is finding suitable target for source datanode 7413815a-b294-4d60-96d7-33b65670e123
2023-09-12 21:14:00,008 [main] INFO  balancer.ContainerBalancerTask (ContainerBalancerTask.java:matchSourceWithTarget(722)) - ContainerBalancer matched source datanode 7413815a-b294-4d60-96d7-33b65670e123 with target datanode 8bc171ad-e910-4c46-9f12-cde1d8e8713a for container move.
2023-09-12 21:14:00,008 [main] INFO  balancer.ContainerBalancerTask (ContainerBalancerTask.java:processMoveSelection(569)) - ContainerBalancer is trying to move container #17 with size 2147483648B from source datanode 7413815a-b294-4d60-96d7-33b65670e123 to target datanode 8bc171ad-e910-4c46-9f12-cde1d8e8713a
2023-09-12 21:14:00,008 [main] DEBUG balancer.ContainerBalancerTask (ContainerBalancerTask.java:lambda$moveContainer$3(837)) - Container move completed for container #17 from source 7413815a-b294-4d60-96d7-33b65670e123 to target 8bc171ad-e910-4c46-9f12-cde1d8e8713a
2023-09-12 21:14:00,011 [main] DEBUG balancer.ContainerBalancerTask (ContainerBalancerTask.java:matchSourceWithTarget(708)) - ContainerBalancer is finding suitable target for source datanode c0dd6d87-2483-4692-8d67-e1f63834e95f
2023-09-12 21:14:00,011 [main] INFO  balancer.ContainerBalancerTask (ContainerBalancerTask.java:matchSourceWithTarget(722)) - ContainerBalancer matched source datanode c0dd6d87-2483-4692-8d67-e1f63834e95f with target datanode 8bc171ad-e910-4c46-9f12-cde1d8e8713a for container move.
2023-09-12 21:14:00,012 [main] INFO  balancer.ContainerBalancerTask (ContainerBalancerTask.java:processMoveSelection(569)) - ContainerBalancer is trying to move container #69 with size 1073741824B from source datanode c0dd6d87-2483-4692-8d67-e1f63834e95f to target datanode 8bc171ad-e910-4c46-9f12-cde1d8e8713a
2023-09-12 21:14:00,012 [main] DEBUG balancer.ContainerBalancerTask (ContainerBalancerTask.java:lambda$moveContainer$3(837)) - Container move completed for container #69 from source c0dd6d87-2483-4692-8d67-e1f63834e95f to target 8bc171ad-e910-4c46-9f12-cde1d8e8713a
2023-09-12 21:14:00,014 [main] DEBUG balancer.ContainerBalancerTask (ContainerBalancerTask.java:matchSourceWithTarget(708)) - ContainerBalancer is finding suitable target for source datanode 7413815a-b294-4d60-96d7-33b65670e123
2023-09-12 21:14:00,015 [main] INFO  balancer.ContainerBalancerTask (ContainerBalancerTask.java:matchSourceWithTarget(722)) - ContainerBalancer matched source datanode 7413815a-b294-4d60-96d7-33b65670e123 with target datanode 8bc171ad-e910-4c46-9f12-cde1d8e8713a for container move.
2023-09-12 21:14:00,015 [main] INFO  balancer.ContainerBalancerTask (ContainerBalancerTask.java:processMoveSelection(569)) - ContainerBalancer is trying to move container #81 with size 1073741824B from source datanode 7413815a-b294-4d60-96d7-33b65670e123 to target datanode 8bc171ad-e910-4c46-9f12-cde1d8e8713a
2023-09-12 21:14:00,015 [main] DEBUG balancer.ContainerBalancerTask (ContainerBalancerTask.java:lambda$moveContainer$3(837)) - Container move completed for container #81 from source 7413815a-b294-4d60-96d7-33b65670e123 to target 8bc171ad-e910-4c46-9f12-cde1d8e8713a
2023-09-12 21:14:00,017 [main] DEBUG balancer.ContainerBalancerTask (ContainerBalancerTask.java:matchSourceWithTarget(708)) - ContainerBalancer is finding suitable target for source datanode c0dd6d87-2483-4692-8d67-e1f63834e95f
2023-09-12 21:14:00,018 [main] INFO  balancer.ContainerBalancerTask (ContainerBalancerTask.java:matchSourceWithTarget(722)) - ContainerBalancer matched source datanode c0dd6d87-2483-4692-8d67-e1f63834e95f with target datanode 8bc171ad-e910-4c46-9f12-cde1d8e8713a for container move.
2023-09-12 21:14:00,018 [main] INFO  balancer.ContainerBalancerTask (ContainerBalancerTask.java:processMoveSelection(569)) - ContainerBalancer is trying to move container #41 with size 1073741824B from source datanode c0dd6d87-2483-4692-8d67-e1f63834e95f to target datanode 8bc171ad-e910-4c46-9f12-cde1d8e8713a
2023-09-12 21:14:00,018 [main] DEBUG balancer.ContainerBalancerTask (ContainerBalancerTask.java:lambda$moveContainer$3(837)) - Container move completed for container #41 from source c0dd6d87-2483-4692-8d67-e1f63834e95f to target 8bc171ad-e910-4c46-9f12-cde1d8e8713a
2023-09-12 21:14:00,021 [main] DEBUG balancer.ContainerBalancerTask (ContainerBalancerTask.java:matchSourceWithTarget(701)) - ContainerBalancer could not find any candidate containers for datanode 7413815a-b294-4d60-96d7-33b65670e123
2023-09-12 21:14:00,023 [main] DEBUG balancer.ContainerBalancerTask (ContainerBalancerTask.java:matchSourceWithTarget(708)) - ContainerBalancer is finding suitable target for source datanode c0dd6d87-2483-4692-8d67-e1f63834e95f
2023-09-12 21:14:00,023 [main] INFO  balancer.ContainerBalancerTask (ContainerBalancerTask.java:matchSourceWithTarget(722)) - ContainerBalancer matched source datanode c0dd6d87-2483-4692-8d67-e1f63834e95f with target datanode 8bc171ad-e910-4c46-9f12-cde1d8e8713a for container move.
2023-09-12 21:14:00,023 [main] INFO  balancer.ContainerBalancerTask (ContainerBalancerTask.java:processMoveSelection(569)) - ContainerBalancer is trying to move container #9 with size 1073741824B from source datanode c0dd6d87-2483-4692-8d67-e1f63834e95f to target datanode 8bc171ad-e910-4c46-9f12-cde1d8e8713a
2023-09-12 21:14:00,023 [main] DEBUG balancer.ContainerBalancerTask (ContainerBalancerTask.java:lambda$moveContainer$3(837)) - Container move completed for container #9 from source c0dd6d87-2483-4692-8d67-e1f63834e95f to target 8bc171ad-e910-4c46-9f12-cde1d8e8713a
2023-09-12 21:14:00,025 [main] DEBUG balancer.ContainerBalancerTask (ContainerBalancerTask.java:matchSourceWithTarget(708)) - ContainerBalancer is finding suitable target for source datanode c0dd6d87-2483-4692-8d67-e1f63834e95f
2023-09-12 21:14:00,025 [main] INFO  balancer.ContainerBalancerTask (ContainerBalancerTask.java:matchSourceWithTarget(722)) - ContainerBalancer matched source datanode c0dd6d87-2483-4692-8d67-e1f63834e95f with target datanode b801d07e-794a-436e-8c52-b7713b9e7322 for container move.
2023-09-12 21:14:00,025 [main] INFO  balancer.ContainerBalancerTask (ContainerBalancerTask.java:processMoveSelection(569)) - ContainerBalancer is trying to move container #5 with size 2147483648B from source datanode c0dd6d87-2483-4692-8d67-e1f63834e95f to target datanode b801d07e-794a-436e-8c52-b7713b9e7322
2023-09-12 21:14:00,026 [main] DEBUG balancer.ContainerBalancerTask (ContainerBalancerTask.java:lambda$moveContainer$3(837)) - Container move completed for container #5 from source c0dd6d87-2483-4692-8d67-e1f63834e95f to target b801d07e-794a-436e-8c52-b7713b9e7322
2023-09-12 21:14:00,027 [main] DEBUG balancer.ContainerBalancerTask (ContainerBalancerTask.java:matchSourceWithTarget(708)) - ContainerBalancer is finding suitable target for source datanode c0dd6d87-2483-4692-8d67-e1f63834e95f
2023-09-12 21:14:00,027 [main] INFO  balancer.FindTargetGreedyByUsageInfo (AbstractFindTargetGreedy.java:findTargetForContainerMove(133)) - Container Balancer could not find a target for source datanode c0dd6d87-2483-4692-8d67-e1f63834e95f
2023-09-12 21:14:00,027 [main] DEBUG balancer.ContainerBalancerTask (ContainerBalancerTask.java:matchSourceWithTarget(717)) - ContainerBalancer could not find a suitable target for source node c0dd6d87-2483-4692-8d67-e1f63834e95f.
2023-09-12 21:14:00,028 [main] INFO  balancer.FindSourceGreedy (FindSourceGreedy.java:getNextCandidateSourceDataNode(126)) - no more candidate source data node
2023-09-12 21:14:00,028 [main] INFO  balancer.ContainerBalancerTask (ContainerBalancerTask.java:checkIterationMoveResults(642)) - Iteration Summary. Number of Datanodes involved: 4. Size moved: 49 GB (52613349376 Bytes). Number of Container moves completed: 18.
2023-09-12 21:14:00,028 [main] INFO  balancer.ContainerBalancerTask (ContainerBalancerTask.java:balance(259)) - Result of this iteration of Container Balancer: ITERATION_COMPLETED
2023-09-12 21:14:00,028 [main] INFO  balancer.ContainerBalancerTask (ContainerBalancerTask.java:tryStopWithSaveConfiguration(308)) - Save Configuration for stopping. Reason: Completed all iterations.
]]></system-out>
  </testcase>
  <testcase name="testBalancerWithMoveManager" classname="org.apache.hadoop.hdds.scm.container.balancer.TestContainerBalancerTask" time="0.092">
    <system-out><![CDATA[2023-09-12 21:14:00,055 [main] INFO  net.NodeSchemaLoader (NodeSchemaLoader.java:loadSchemaFromFile(129)) - Loading schema from [file:/home/runner/work/ozone/ozone/hadoop-hdds/common/target/classes/network-topology-default.xml]
2023-09-12 21:14:00,055 [main] INFO  net.NodeSchemaLoader (NodeSchemaLoader.java:loadSchema(176)) - Loading network topology layer schema file
2023-09-12 21:14:00,057 [main] INFO  net.NetworkTopologyImpl (NetworkTopologyImpl.java:add(112)) - Added a new node: /default-rack/86e7663e-e089-45b8-ad75-af4136570e5e
2023-09-12 21:14:00,058 [main] INFO  net.NetworkTopologyImpl (NetworkTopologyImpl.java:add(112)) - Added a new node: /default-rack/744d31b7-da03-4d48-ae36-92077cafb2c9
2023-09-12 21:14:00,058 [main] INFO  net.NetworkTopologyImpl (NetworkTopologyImpl.java:add(112)) - Added a new node: /default-rack/ced1ac67-954f-4115-a396-d8341978e441
2023-09-12 21:14:00,058 [main] INFO  net.NetworkTopologyImpl (NetworkTopologyImpl.java:add(112)) - Added a new node: /default-rack/23496fff-449c-4fb2-967e-2500022004a1
2023-09-12 21:14:00,058 [main] INFO  net.NetworkTopologyImpl (NetworkTopologyImpl.java:add(112)) - Added a new node: /default-rack/bdbc0b51-5810-42fd-a6df-7144bb5b040a
2023-09-12 21:14:00,058 [main] INFO  net.NetworkTopologyImpl (NetworkTopologyImpl.java:add(112)) - Added a new node: /default-rack/5bf56863-8c34-4d74-8196-173417c1efae
2023-09-12 21:14:00,058 [main] INFO  net.NetworkTopologyImpl (NetworkTopologyImpl.java:add(112)) - Added a new node: /default-rack/2f7bcf83-fa07-497b-ae9e-f4f119c38264
2023-09-12 21:14:00,058 [main] INFO  net.NetworkTopologyImpl (NetworkTopologyImpl.java:add(112)) - Added a new node: /default-rack/6ac17355-4bea-4998-9f1b-77e4e0bde449
2023-09-12 21:14:00,058 [main] INFO  net.NetworkTopologyImpl (NetworkTopologyImpl.java:add(112)) - Added a new node: /default-rack/ed0ce963-f376-44ff-a725-969183fc57d3
2023-09-12 21:14:00,058 [main] INFO  net.NetworkTopologyImpl (NetworkTopologyImpl.java:add(112)) - Added a new node: /default-rack/936838c5-2968-485f-9c2e-b808a77e735d
2023-09-12 21:14:00,059 [main] INFO  algorithms.ContainerPlacementPolicyFactory (ContainerPlacementPolicyFactory.java:getPolicyInternal(86)) - Create container placement policy of type org.apache.hadoop.hdds.scm.container.placement.algorithms.SCMContainerPlacementRackAware
2023-09-12 21:14:00,059 [main] INFO  algorithms.ContainerPlacementPolicyFactory (ContainerPlacementPolicyFactory.java:getPolicyInternal(86)) - Create container placement policy of type org.apache.hadoop.hdds.scm.container.placement.algorithms.SCMContainerPlacementRackScatter
2023-09-12 21:14:00,062 [main] DEBUG balancer.ContainerBalancerTask (ContainerBalancerTask.java:initializeIteration(374)) - Average utilization of the cluster is 0.33213181217597115
2023-09-12 21:14:00,063 [main] DEBUG balancer.ContainerBalancerTask (ContainerBalancerTask.java:initializeIteration(386)) - Lower limit for utilization is 0.23213181217597115 and Upper limit for utilization is 0.4321318121759712
2023-09-12 21:14:00,063 [main] DEBUG balancer.ContainerBalancerTask (ContainerBalancerTask.java:initializeIteration(398)) - Utilization for node ed0ce963-f376-44ff-a725-969183fc57d3 with capacity 62038416497B, used 55834574848B, and remaining 6203841649B is 0.9000000000112833
2023-09-12 21:14:00,063 [main] DEBUG balancer.ContainerBalancerTask (ContainerBalancerTask.java:initializeIteration(398)) - Utilization for node 5bf56863-8c34-4d74-8196-173417c1efae with capacity 53687091200B, used 42949672960B, and remaining 10737418240B is 0.8
2023-09-12 21:14:00,063 [main] DEBUG balancer.ContainerBalancerTask (ContainerBalancerTask.java:initializeIteration(398)) - Utilization for node 23496fff-449c-4fb2-967e-2500022004a1 with capacity 67492343222B, used 47244640256B, and remaining 20247702966B is 0.7000000000088898
2023-09-12 21:14:00,063 [main] DEBUG balancer.ContainerBalancerTask (ContainerBalancerTask.java:initializeIteration(398)) - Utilization for node 2f7bcf83-fa07-497b-ae9e-f4f119c38264 with capacity 44739242666B, used 26843545600B, and remaining 17895697066B is 0.6000000000089407
2023-09-12 21:14:00,063 [main] DEBUG balancer.ContainerBalancerTask (ContainerBalancerTask.java:initializeIteration(398)) - Utilization for node ced1ac67-954f-4115-a396-d8341978e441 with capacity 118111600640B, used 59055800320B, and remaining 59055800320B is 0.5
2023-09-12 21:14:00,063 [main] DEBUG balancer.ContainerBalancerTask (ContainerBalancerTask.java:initializeIteration(398)) - Utilization for node 936838c5-2968-485f-9c2e-b808a77e735d with capacity 104689827840B, used 41875931136B, and remaining 62813896704B is 0.4
2023-09-12 21:14:00,063 [main] DEBUG balancer.ContainerBalancerTask (ContainerBalancerTask.java:initializeIteration(398)) - Utilization for node 86e7663e-e089-45b8-ad75-af4136570e5e with capacity 196852667733B, used 59055800320B, and remaining 137796867413B is 0.30000000000050797
2023-09-12 21:14:00,063 [main] DEBUG balancer.ContainerBalancerTask (ContainerBalancerTask.java:initializeIteration(398)) - Utilization for node 744d31b7-da03-4d48-ae36-92077cafb2c9 with capacity 204010946560B, used 40802189312B, and remaining 163208757248B is 0.2
2023-09-12 21:14:00,063 [main] DEBUG balancer.ContainerBalancerTask (ContainerBalancerTask.java:initializeIteration(398)) - Utilization for node bdbc0b51-5810-42fd-a6df-7144bb5b040a with capacity 354334801920B, used 35433480192B, and remaining 318901321728B is 0.1
2023-09-12 21:14:00,064 [main] DEBUG balancer.ContainerBalancerTask (ContainerBalancerTask.java:initializeIteration(398)) - Utilization for node 6ac17355-4bea-4998-9f1b-77e4e0bde449 with capacity 25769803776B, used 0B, and remaining 25769803776B is 0.0
2023-09-12 21:14:00,064 [main] INFO  balancer.ContainerBalancerTask (ContainerBalancerTask.java:initializeIteration(447)) - Container Balancer has identified 5 Over-Utilized and 3 Under-Utilized Datanodes that need to be balanced.
2023-09-12 21:14:00,064 [main] DEBUG balancer.ContainerBalancerTask (ContainerBalancerTask.java:lambda$initializeIteration$1(453)) - Datanode localhost-34.13.229.144 ed0ce963-f376-44ff-a725-969183fc57d3 is Over-Utilized.
2023-09-12 21:14:00,064 [main] DEBUG balancer.ContainerBalancerTask (ContainerBalancerTask.java:lambda$initializeIteration$1(453)) - Datanode localhost-124.188.62.42 5bf56863-8c34-4d74-8196-173417c1efae is Over-Utilized.
2023-09-12 21:14:00,064 [main] DEBUG balancer.ContainerBalancerTask (ContainerBalancerTask.java:lambda$initializeIteration$1(453)) - Datanode localhost-20.247.23.18 23496fff-449c-4fb2-967e-2500022004a1 is Over-Utilized.
2023-09-12 21:14:00,064 [main] DEBUG balancer.ContainerBalancerTask (ContainerBalancerTask.java:lambda$initializeIteration$1(453)) - Datanode localhost-85.94.34.154 2f7bcf83-fa07-497b-ae9e-f4f119c38264 is Over-Utilized.
2023-09-12 21:14:00,064 [main] DEBUG balancer.ContainerBalancerTask (ContainerBalancerTask.java:lambda$initializeIteration$1(453)) - Datanode localhost-194.183.29.10 ced1ac67-954f-4115-a396-d8341978e441 is Over-Utilized.
2023-09-12 21:14:00,064 [main] DEBUG balancer.ContainerBalancerTask (ContainerBalancerTask.java:lambda$initializeIteration$2(459)) - Datanode localhost-63.223.194.240 6ac17355-4bea-4998-9f1b-77e4e0bde449 is Under-Utilized.
2023-09-12 21:14:00,064 [main] DEBUG balancer.ContainerBalancerTask (ContainerBalancerTask.java:lambda$initializeIteration$2(459)) - Datanode localhost-113.37.30.153 bdbc0b51-5810-42fd-a6df-7144bb5b040a is Under-Utilized.
2023-09-12 21:14:00,064 [main] DEBUG balancer.ContainerBalancerTask (ContainerBalancerTask.java:lambda$initializeIteration$2(459)) - Datanode localhost-247.126.63.134 744d31b7-da03-4d48-ae36-92077cafb2c9 is Under-Utilized.
2023-09-12 21:14:00,067 [main] DEBUG balancer.ContainerBalancerTask (ContainerBalancerTask.java:matchSourceWithTarget(708)) - ContainerBalancer is finding suitable target for source datanode ed0ce963-f376-44ff-a725-969183fc57d3
2023-09-12 21:14:00,068 [main] INFO  balancer.ContainerBalancerTask (ContainerBalancerTask.java:matchSourceWithTarget(722)) - ContainerBalancer matched source datanode ed0ce963-f376-44ff-a725-969183fc57d3 with target datanode 6ac17355-4bea-4998-9f1b-77e4e0bde449 for container move.
2023-09-12 21:14:00,068 [main] INFO  balancer.ContainerBalancerTask (ContainerBalancerTask.java:processMoveSelection(569)) - ContainerBalancer is trying to move container #85 with size 5368709120B from source datanode ed0ce963-f376-44ff-a725-969183fc57d3 to target datanode 6ac17355-4bea-4998-9f1b-77e4e0bde449
2023-09-12 21:14:00,068 [main] DEBUG balancer.ContainerBalancerTask (ContainerBalancerTask.java:lambda$moveContainer$3(837)) - Container move completed for container #85 from source ed0ce963-f376-44ff-a725-969183fc57d3 to target 6ac17355-4bea-4998-9f1b-77e4e0bde449
2023-09-12 21:14:00,071 [main] DEBUG balancer.ContainerBalancerTask (ContainerBalancerTask.java:matchSourceWithTarget(708)) - ContainerBalancer is finding suitable target for source datanode ed0ce963-f376-44ff-a725-969183fc57d3
2023-09-12 21:14:00,071 [main] INFO  balancer.ContainerBalancerTask (ContainerBalancerTask.java:matchSourceWithTarget(722)) - ContainerBalancer matched source datanode ed0ce963-f376-44ff-a725-969183fc57d3 with target datanode bdbc0b51-5810-42fd-a6df-7144bb5b040a for container move.
2023-09-12 21:14:00,071 [main] INFO  balancer.ContainerBalancerTask (ContainerBalancerTask.java:processMoveSelection(569)) - ContainerBalancer is trying to move container #89 with size 4294967296B from source datanode ed0ce963-f376-44ff-a725-969183fc57d3 to target datanode bdbc0b51-5810-42fd-a6df-7144bb5b040a
2023-09-12 21:14:00,071 [main] DEBUG balancer.ContainerBalancerTask (ContainerBalancerTask.java:lambda$moveContainer$3(837)) - Container move completed for container #89 from source ed0ce963-f376-44ff-a725-969183fc57d3 to target bdbc0b51-5810-42fd-a6df-7144bb5b040a
2023-09-12 21:14:00,073 [main] DEBUG balancer.ContainerBalancerTask (ContainerBalancerTask.java:matchSourceWithTarget(708)) - ContainerBalancer is finding suitable target for source datanode 5bf56863-8c34-4d74-8196-173417c1efae
2023-09-12 21:14:00,073 [main] INFO  balancer.ContainerBalancerTask (ContainerBalancerTask.java:matchSourceWithTarget(722)) - ContainerBalancer matched source datanode 5bf56863-8c34-4d74-8196-173417c1efae with target datanode bdbc0b51-5810-42fd-a6df-7144bb5b040a for container move.
2023-09-12 21:14:00,073 [main] INFO  balancer.ContainerBalancerTask (ContainerBalancerTask.java:processMoveSelection(569)) - ContainerBalancer is trying to move container #68 with size 5368709120B from source datanode 5bf56863-8c34-4d74-8196-173417c1efae to target datanode bdbc0b51-5810-42fd-a6df-7144bb5b040a
2023-09-12 21:14:00,074 [main] DEBUG balancer.ContainerBalancerTask (ContainerBalancerTask.java:lambda$moveContainer$3(837)) - Container move completed for container #68 from source 5bf56863-8c34-4d74-8196-173417c1efae to target bdbc0b51-5810-42fd-a6df-7144bb5b040a
2023-09-12 21:14:00,077 [main] DEBUG balancer.ContainerBalancerTask (ContainerBalancerTask.java:matchSourceWithTarget(708)) - ContainerBalancer is finding suitable target for source datanode ed0ce963-f376-44ff-a725-969183fc57d3
2023-09-12 21:14:00,077 [main] INFO  balancer.ContainerBalancerTask (ContainerBalancerTask.java:matchSourceWithTarget(722)) - ContainerBalancer matched source datanode ed0ce963-f376-44ff-a725-969183fc57d3 with target datanode bdbc0b51-5810-42fd-a6df-7144bb5b040a for container move.
2023-09-12 21:14:00,077 [main] INFO  balancer.ContainerBalancerTask (ContainerBalancerTask.java:processMoveSelection(569)) - ContainerBalancer is trying to move container #84 with size 4294967296B from source datanode ed0ce963-f376-44ff-a725-969183fc57d3 to target datanode bdbc0b51-5810-42fd-a6df-7144bb5b040a
2023-09-12 21:14:00,077 [main] DEBUG balancer.ContainerBalancerTask (ContainerBalancerTask.java:lambda$moveContainer$3(837)) - Container move completed for container #84 from source ed0ce963-f376-44ff-a725-969183fc57d3 to target bdbc0b51-5810-42fd-a6df-7144bb5b040a
2023-09-12 21:14:00,080 [main] DEBUG balancer.ContainerBalancerTask (ContainerBalancerTask.java:matchSourceWithTarget(708)) - ContainerBalancer is finding suitable target for source datanode 23496fff-449c-4fb2-967e-2500022004a1
2023-09-12 21:14:00,080 [main] INFO  balancer.ContainerBalancerTask (ContainerBalancerTask.java:matchSourceWithTarget(722)) - ContainerBalancer matched source datanode 23496fff-449c-4fb2-967e-2500022004a1 with target datanode bdbc0b51-5810-42fd-a6df-7144bb5b040a for container move.
2023-09-12 21:14:00,080 [main] INFO  balancer.ContainerBalancerTask (ContainerBalancerTask.java:processMoveSelection(569)) - ContainerBalancer is trying to move container #39 with size 4294967296B from source datanode 23496fff-449c-4fb2-967e-2500022004a1 to target datanode bdbc0b51-5810-42fd-a6df-7144bb5b040a
2023-09-12 21:14:00,080 [main] DEBUG balancer.ContainerBalancerTask (ContainerBalancerTask.java:lambda$moveContainer$3(837)) - Container move completed for container #39 from source 23496fff-449c-4fb2-967e-2500022004a1 to target bdbc0b51-5810-42fd-a6df-7144bb5b040a
2023-09-12 21:14:00,082 [main] DEBUG balancer.ContainerBalancerTask (ContainerBalancerTask.java:matchSourceWithTarget(708)) - ContainerBalancer is finding suitable target for source datanode 5bf56863-8c34-4d74-8196-173417c1efae
2023-09-12 21:14:00,083 [main] INFO  balancer.ContainerBalancerTask (ContainerBalancerTask.java:matchSourceWithTarget(722)) - ContainerBalancer matched source datanode 5bf56863-8c34-4d74-8196-173417c1efae with target datanode bdbc0b51-5810-42fd-a6df-7144bb5b040a for container move.
2023-09-12 21:14:00,083 [main] INFO  balancer.ContainerBalancerTask (ContainerBalancerTask.java:processMoveSelection(569)) - ContainerBalancer is trying to move container #29 with size 5368709120B from source datanode 5bf56863-8c34-4d74-8196-173417c1efae to target datanode bdbc0b51-5810-42fd-a6df-7144bb5b040a
2023-09-12 21:14:00,083 [main] DEBUG balancer.ContainerBalancerTask (ContainerBalancerTask.java:lambda$moveContainer$3(837)) - Container move completed for container #29 from source 5bf56863-8c34-4d74-8196-173417c1efae to target bdbc0b51-5810-42fd-a6df-7144bb5b040a
2023-09-12 21:14:00,086 [main] DEBUG balancer.ContainerBalancerTask (ContainerBalancerTask.java:matchSourceWithTarget(708)) - ContainerBalancer is finding suitable target for source datanode ed0ce963-f376-44ff-a725-969183fc57d3
2023-09-12 21:14:00,086 [main] INFO  balancer.ContainerBalancerTask (ContainerBalancerTask.java:matchSourceWithTarget(722)) - ContainerBalancer matched source datanode ed0ce963-f376-44ff-a725-969183fc57d3 with target datanode bdbc0b51-5810-42fd-a6df-7144bb5b040a for container move.
2023-09-12 21:14:00,086 [main] INFO  balancer.ContainerBalancerTask (ContainerBalancerTask.java:processMoveSelection(569)) - ContainerBalancer is trying to move container #67 with size 4294967296B from source datanode ed0ce963-f376-44ff-a725-969183fc57d3 to target datanode bdbc0b51-5810-42fd-a6df-7144bb5b040a
2023-09-12 21:14:00,086 [main] DEBUG balancer.ContainerBalancerTask (ContainerBalancerTask.java:lambda$moveContainer$3(837)) - Container move completed for container #67 from source ed0ce963-f376-44ff-a725-969183fc57d3 to target bdbc0b51-5810-42fd-a6df-7144bb5b040a
2023-09-12 21:14:00,090 [main] DEBUG balancer.ContainerBalancerTask (ContainerBalancerTask.java:matchSourceWithTarget(708)) - ContainerBalancer is finding suitable target for source datanode 23496fff-449c-4fb2-967e-2500022004a1
2023-09-12 21:14:00,090 [main] INFO  balancer.ContainerBalancerTask (ContainerBalancerTask.java:matchSourceWithTarget(722)) - ContainerBalancer matched source datanode 23496fff-449c-4fb2-967e-2500022004a1 with target datanode bdbc0b51-5810-42fd-a6df-7144bb5b040a for container move.
2023-09-12 21:14:00,090 [main] INFO  balancer.ContainerBalancerTask (ContainerBalancerTask.java:processMoveSelection(569)) - ContainerBalancer is trying to move container #28 with size 4294967296B from source datanode 23496fff-449c-4fb2-967e-2500022004a1 to target datanode bdbc0b51-5810-42fd-a6df-7144bb5b040a
2023-09-12 21:14:00,091 [main] DEBUG balancer.ContainerBalancerTask (ContainerBalancerTask.java:lambda$moveContainer$3(837)) - Container move completed for container #28 from source 23496fff-449c-4fb2-967e-2500022004a1 to target bdbc0b51-5810-42fd-a6df-7144bb5b040a
2023-09-12 21:14:00,094 [main] DEBUG balancer.ContainerBalancerTask (ContainerBalancerTask.java:matchSourceWithTarget(708)) - ContainerBalancer is finding suitable target for source datanode ed0ce963-f376-44ff-a725-969183fc57d3
2023-09-12 21:14:00,094 [main] INFO  balancer.ContainerBalancerTask (ContainerBalancerTask.java:matchSourceWithTarget(722)) - ContainerBalancer matched source datanode ed0ce963-f376-44ff-a725-969183fc57d3 with target datanode bdbc0b51-5810-42fd-a6df-7144bb5b040a for container move.
2023-09-12 21:14:00,094 [main] INFO  balancer.ContainerBalancerTask (ContainerBalancerTask.java:processMoveSelection(569)) - ContainerBalancer is trying to move container #88 with size 3221225472B from source datanode ed0ce963-f376-44ff-a725-969183fc57d3 to target datanode bdbc0b51-5810-42fd-a6df-7144bb5b040a
2023-09-12 21:14:00,094 [main] DEBUG balancer.ContainerBalancerTask (ContainerBalancerTask.java:lambda$moveContainer$3(837)) - Container move completed for container #88 from source ed0ce963-f376-44ff-a725-969183fc57d3 to target bdbc0b51-5810-42fd-a6df-7144bb5b040a
2023-09-12 21:14:00,097 [main] DEBUG balancer.ContainerBalancerTask (ContainerBalancerTask.java:matchSourceWithTarget(708)) - ContainerBalancer is finding suitable target for source datanode 2f7bcf83-fa07-497b-ae9e-f4f119c38264
2023-09-12 21:14:00,097 [main] INFO  balancer.ContainerBalancerTask (ContainerBalancerTask.java:matchSourceWithTarget(722)) - ContainerBalancer matched source datanode 2f7bcf83-fa07-497b-ae9e-f4f119c38264 with target datanode bdbc0b51-5810-42fd-a6df-7144bb5b040a for container move.
2023-09-12 21:14:00,097 [main] INFO  balancer.ContainerBalancerTask (ContainerBalancerTask.java:processMoveSelection(569)) - ContainerBalancer is trying to move container #38 with size 3221225472B from source datanode 2f7bcf83-fa07-497b-ae9e-f4f119c38264 to target datanode bdbc0b51-5810-42fd-a6df-7144bb5b040a
2023-09-12 21:14:00,097 [main] DEBUG balancer.ContainerBalancerTask (ContainerBalancerTask.java:lambda$moveContainer$3(837)) - Container move completed for container #38 from source 2f7bcf83-fa07-497b-ae9e-f4f119c38264 to target bdbc0b51-5810-42fd-a6df-7144bb5b040a
2023-09-12 21:14:00,100 [main] DEBUG balancer.ContainerBalancerTask (ContainerBalancerTask.java:matchSourceWithTarget(708)) - ContainerBalancer is finding suitable target for source datanode 5bf56863-8c34-4d74-8196-173417c1efae
2023-09-12 21:14:00,100 [main] INFO  balancer.ContainerBalancerTask (ContainerBalancerTask.java:matchSourceWithTarget(722)) - ContainerBalancer matched source datanode 5bf56863-8c34-4d74-8196-173417c1efae with target datanode 744d31b7-da03-4d48-ae36-92077cafb2c9 for container move.
2023-09-12 21:14:00,100 [main] INFO  balancer.ContainerBalancerTask (ContainerBalancerTask.java:processMoveSelection(569)) - ContainerBalancer is trying to move container #71 with size 3221225472B from source datanode 5bf56863-8c34-4d74-8196-173417c1efae to target datanode 744d31b7-da03-4d48-ae36-92077cafb2c9
2023-09-12 21:14:00,100 [main] DEBUG balancer.ContainerBalancerTask (ContainerBalancerTask.java:lambda$moveContainer$3(837)) - Container move completed for container #71 from source 5bf56863-8c34-4d74-8196-173417c1efae to target 744d31b7-da03-4d48-ae36-92077cafb2c9
2023-09-12 21:14:00,104 [main] DEBUG balancer.ContainerBalancerTask (ContainerBalancerTask.java:matchSourceWithTarget(708)) - ContainerBalancer is finding suitable target for source datanode 23496fff-449c-4fb2-967e-2500022004a1
2023-09-12 21:14:00,104 [main] INFO  balancer.ContainerBalancerTask (ContainerBalancerTask.java:matchSourceWithTarget(722)) - ContainerBalancer matched source datanode 23496fff-449c-4fb2-967e-2500022004a1 with target datanode 6ac17355-4bea-4998-9f1b-77e4e0bde449 for container move.
2023-09-12 21:14:00,104 [main] INFO  balancer.ContainerBalancerTask (ContainerBalancerTask.java:processMoveSelection(569)) - ContainerBalancer is trying to move container #53 with size 5368709120B from source datanode 23496fff-449c-4fb2-967e-2500022004a1 to target datanode 6ac17355-4bea-4998-9f1b-77e4e0bde449
2023-09-12 21:14:00,104 [main] DEBUG balancer.ContainerBalancerTask (ContainerBalancerTask.java:lambda$moveContainer$3(837)) - Container move completed for container #53 from source 23496fff-449c-4fb2-967e-2500022004a1 to target 6ac17355-4bea-4998-9f1b-77e4e0bde449
2023-09-12 21:14:00,108 [main] DEBUG balancer.ContainerBalancerTask (ContainerBalancerTask.java:matchSourceWithTarget(708)) - ContainerBalancer is finding suitable target for source datanode ed0ce963-f376-44ff-a725-969183fc57d3
2023-09-12 21:14:00,108 [main] INFO  balancer.ContainerBalancerTask (ContainerBalancerTask.java:matchSourceWithTarget(722)) - ContainerBalancer matched source datanode ed0ce963-f376-44ff-a725-969183fc57d3 with target datanode bdbc0b51-5810-42fd-a6df-7144bb5b040a for container move.
2023-09-12 21:14:00,108 [main] INFO  balancer.ContainerBalancerTask (ContainerBalancerTask.java:processMoveSelection(569)) - ContainerBalancer is trying to move container #86 with size 1073741824B from source datanode ed0ce963-f376-44ff-a725-969183fc57d3 to target datanode bdbc0b51-5810-42fd-a6df-7144bb5b040a
2023-09-12 21:14:00,109 [main] DEBUG balancer.ContainerBalancerTask (ContainerBalancerTask.java:lambda$moveContainer$3(837)) - Container move completed for container #86 from source ed0ce963-f376-44ff-a725-969183fc57d3 to target bdbc0b51-5810-42fd-a6df-7144bb5b040a
2023-09-12 21:14:00,109 [main] WARN  balancer.ContainerBalancerTask (ContainerBalancerTask.java:reachedMaxSizeToMovePerIteration(733)) - Reached max size to move limit. 53687091200 bytes have already been scheduled for balancing and the limit is 53687091200 bytes.
2023-09-12 21:14:00,109 [main] INFO  balancer.ContainerBalancerTask (ContainerBalancerTask.java:checkIterationMoveResults(642)) - Iteration Summary. Number of Datanodes involved: 7. Size moved: 50 GB (53687091200 Bytes). Number of Container moves completed: 13.
2023-09-12 21:14:00,109 [main] INFO  balancer.ContainerBalancerTask (ContainerBalancerTask.java:balance(259)) - Result of this iteration of Container Balancer: ITERATION_COMPLETED
2023-09-12 21:14:00,109 [main] INFO  balancer.ContainerBalancerTask (ContainerBalancerTask.java:tryStopWithSaveConfiguration(308)) - Save Configuration for stopping. Reason: Completed all iterations.
]]></system-out>
  </testcase>
  <testcase name="balancerShouldExcludeECContainersWhenLegacyRmIsEnabled" classname="org.apache.hadoop.hdds.scm.container.balancer.TestContainerBalancerTask" time="0.082">
    <system-out><![CDATA[2023-09-12 21:14:00,146 [main] INFO  net.NodeSchemaLoader (NodeSchemaLoader.java:loadSchemaFromFile(129)) - Loading schema from [file:/home/runner/work/ozone/ozone/hadoop-hdds/common/target/classes/network-topology-default.xml]
2023-09-12 21:14:00,147 [main] INFO  net.NodeSchemaLoader (NodeSchemaLoader.java:loadSchema(176)) - Loading network topology layer schema file
2023-09-12 21:14:00,148 [main] INFO  net.NetworkTopologyImpl (NetworkTopologyImpl.java:add(112)) - Added a new node: /default-rack/c5d61800-6c72-4cb1-9bd0-e2ee86cf8b16
2023-09-12 21:14:00,148 [main] INFO  net.NetworkTopologyImpl (NetworkTopologyImpl.java:add(112)) - Added a new node: /default-rack/d8ddd497-400c-43ca-bfea-d46ab2cb1524
2023-09-12 21:14:00,148 [main] INFO  net.NetworkTopologyImpl (NetworkTopologyImpl.java:add(112)) - Added a new node: /default-rack/ab5c40c9-f13a-4067-9d9d-368c3cc06ffd
2023-09-12 21:14:00,148 [main] INFO  net.NetworkTopologyImpl (NetworkTopologyImpl.java:add(112)) - Added a new node: /default-rack/a4c395bd-5cad-4312-8ac6-20f1e6801a90
2023-09-12 21:14:00,149 [main] INFO  net.NetworkTopologyImpl (NetworkTopologyImpl.java:add(112)) - Added a new node: /default-rack/071e0080-ee35-4d46-9215-30d171d89229
2023-09-12 21:14:00,149 [main] INFO  net.NetworkTopologyImpl (NetworkTopologyImpl.java:add(112)) - Added a new node: /default-rack/159c7776-6032-4317-aaa5-9a28f1bc8bd4
2023-09-12 21:14:00,149 [main] INFO  net.NetworkTopologyImpl (NetworkTopologyImpl.java:add(112)) - Added a new node: /default-rack/98daa35a-0886-4152-ae68-0d9e082699df
2023-09-12 21:14:00,149 [main] INFO  net.NetworkTopologyImpl (NetworkTopologyImpl.java:add(112)) - Added a new node: /default-rack/ee863484-d04a-4b98-b032-e79a33431200
2023-09-12 21:14:00,149 [main] INFO  net.NetworkTopologyImpl (NetworkTopologyImpl.java:add(112)) - Added a new node: /default-rack/02f36cb8-5a93-410e-83a3-600e48d31ef3
2023-09-12 21:14:00,149 [main] INFO  net.NetworkTopologyImpl (NetworkTopologyImpl.java:add(112)) - Added a new node: /default-rack/cf4162da-0000-4d5a-b790-512c8f8aa5bc
2023-09-12 21:14:00,149 [main] INFO  algorithms.ContainerPlacementPolicyFactory (ContainerPlacementPolicyFactory.java:getPolicyInternal(86)) - Create container placement policy of type org.apache.hadoop.hdds.scm.container.placement.algorithms.SCMContainerPlacementRackAware
2023-09-12 21:14:00,149 [main] INFO  algorithms.ContainerPlacementPolicyFactory (ContainerPlacementPolicyFactory.java:getPolicyInternal(86)) - Create container placement policy of type org.apache.hadoop.hdds.scm.container.placement.algorithms.SCMContainerPlacementRackScatter
2023-09-12 21:14:00,152 [main] DEBUG balancer.ContainerBalancerTask (ContainerBalancerTask.java:initializeIteration(374)) - Average utilization of the cluster is 0.3778700127163013
2023-09-12 21:14:00,152 [main] DEBUG balancer.ContainerBalancerTask (ContainerBalancerTask.java:initializeIteration(386)) - Lower limit for utilization is 0.2778700127163013 and Upper limit for utilization is 0.47787001271630125
2023-09-12 21:14:00,152 [main] DEBUG balancer.ContainerBalancerTask (ContainerBalancerTask.java:initializeIteration(398)) - Utilization for node cf4162da-0000-4d5a-b790-512c8f8aa5bc with capacity 75161927680B, used 67645734912B, and remaining 7516192768B is 0.9
2023-09-12 21:14:00,152 [main] DEBUG balancer.ContainerBalancerTask (ContainerBalancerTask.java:initializeIteration(398)) - Utilization for node ab5c40c9-f13a-4067-9d9d-368c3cc06ffd with capacity 67108864000B, used 53687091200B, and remaining 13421772800B is 0.8
2023-09-12 21:14:00,153 [main] DEBUG balancer.ContainerBalancerTask (ContainerBalancerTask.java:initializeIteration(398)) - Utilization for node 159c7776-6032-4317-aaa5-9a28f1bc8bd4 with capacity 62890592548B, used 44023414784B, and remaining 18867177764B is 0.7000000000063602
2023-09-12 21:14:00,153 [main] DEBUG balancer.ContainerBalancerTask (ContainerBalancerTask.java:initializeIteration(398)) - Utilization for node 071e0080-ee35-4d46-9215-30d171d89229 with capacity 82320206506B, used 49392123904B, and remaining 32928082602B is 0.6000000000048591
2023-09-12 21:14:00,153 [main] DEBUG balancer.ContainerBalancerTask (ContainerBalancerTask.java:initializeIteration(398)) - Utilization for node 02f36cb8-5a93-410e-83a3-600e48d31ef3 with capacity 98784247808B, used 49392123904B, and remaining 49392123904B is 0.5
2023-09-12 21:14:00,153 [main] DEBUG balancer.ContainerBalancerTask (ContainerBalancerTask.java:initializeIteration(398)) - Utilization for node ee863484-d04a-4b98-b032-e79a33431200 with capacity 102005473280B, used 40802189312B, and remaining 61203283968B is 0.4
2023-09-12 21:14:00,153 [main] DEBUG balancer.ContainerBalancerTask (ContainerBalancerTask.java:initializeIteration(398)) - Utilization for node c5d61800-6c72-4cb1-9bd0-e2ee86cf8b16 with capacity 125269879466B, used 37580963840B, and remaining 87688915626B is 0.30000000000159655
2023-09-12 21:14:00,153 [main] DEBUG balancer.ContainerBalancerTask (ContainerBalancerTask.java:initializeIteration(398)) - Utilization for node 98daa35a-0886-4152-ae68-0d9e082699df with capacity 187904819200B, used 37580963840B, and remaining 150323855360B is 0.2
2023-09-12 21:14:00,153 [main] DEBUG balancer.ContainerBalancerTask (ContainerBalancerTask.java:initializeIteration(398)) - Utilization for node a4c395bd-5cad-4312-8ac6-20f1e6801a90 with capacity 225485783040B, used 22548578304B, and remaining 202937204736B is 0.1
2023-09-12 21:14:00,153 [main] DEBUG balancer.ContainerBalancerTask (ContainerBalancerTask.java:initializeIteration(398)) - Utilization for node d8ddd497-400c-43ca-bfea-d46ab2cb1524 with capacity 38654705664B, used 0B, and remaining 38654705664B is 0.0
2023-09-12 21:14:00,153 [main] INFO  balancer.ContainerBalancerTask (ContainerBalancerTask.java:initializeIteration(447)) - Container Balancer has identified 5 Over-Utilized and 3 Under-Utilized Datanodes that need to be balanced.
2023-09-12 21:14:00,153 [main] DEBUG balancer.ContainerBalancerTask (ContainerBalancerTask.java:lambda$initializeIteration$1(453)) - Datanode localhost-149.2.27.49 cf4162da-0000-4d5a-b790-512c8f8aa5bc is Over-Utilized.
2023-09-12 21:14:00,153 [main] DEBUG balancer.ContainerBalancerTask (ContainerBalancerTask.java:lambda$initializeIteration$1(453)) - Datanode localhost-188.95.114.97 ab5c40c9-f13a-4067-9d9d-368c3cc06ffd is Over-Utilized.
2023-09-12 21:14:00,153 [main] DEBUG balancer.ContainerBalancerTask (ContainerBalancerTask.java:lambda$initializeIteration$1(453)) - Datanode localhost-60.209.10.126 159c7776-6032-4317-aaa5-9a28f1bc8bd4 is Over-Utilized.
2023-09-12 21:14:00,154 [main] DEBUG balancer.ContainerBalancerTask (ContainerBalancerTask.java:lambda$initializeIteration$1(453)) - Datanode localhost-41.160.233.44 071e0080-ee35-4d46-9215-30d171d89229 is Over-Utilized.
2023-09-12 21:14:00,154 [main] DEBUG balancer.ContainerBalancerTask (ContainerBalancerTask.java:lambda$initializeIteration$1(453)) - Datanode localhost-222.172.233.216 02f36cb8-5a93-410e-83a3-600e48d31ef3 is Over-Utilized.
2023-09-12 21:14:00,154 [main] DEBUG balancer.ContainerBalancerTask (ContainerBalancerTask.java:lambda$initializeIteration$2(459)) - Datanode localhost-168.28.0.209 d8ddd497-400c-43ca-bfea-d46ab2cb1524 is Under-Utilized.
2023-09-12 21:14:00,154 [main] DEBUG balancer.ContainerBalancerTask (ContainerBalancerTask.java:lambda$initializeIteration$2(459)) - Datanode localhost-184.16.160.13 a4c395bd-5cad-4312-8ac6-20f1e6801a90 is Under-Utilized.
2023-09-12 21:14:00,154 [main] DEBUG balancer.ContainerBalancerTask (ContainerBalancerTask.java:lambda$initializeIteration$2(459)) - Datanode localhost-239.161.131.178 98daa35a-0886-4152-ae68-0d9e082699df is Under-Utilized.
2023-09-12 21:14:00,157 [main] DEBUG balancer.ContainerBalancerTask (ContainerBalancerTask.java:matchSourceWithTarget(708)) - ContainerBalancer is finding suitable target for source datanode cf4162da-0000-4d5a-b790-512c8f8aa5bc
2023-09-12 21:14:00,158 [main] INFO  balancer.ContainerBalancerTask (ContainerBalancerTask.java:matchSourceWithTarget(722)) - ContainerBalancer matched source datanode cf4162da-0000-4d5a-b790-512c8f8aa5bc with target datanode d8ddd497-400c-43ca-bfea-d46ab2cb1524 for container move.
2023-09-12 21:14:00,158 [main] INFO  balancer.ContainerBalancerTask (ContainerBalancerTask.java:processMoveSelection(569)) - ContainerBalancer is trying to move container #40 with size 5368709120B from source datanode cf4162da-0000-4d5a-b790-512c8f8aa5bc to target datanode d8ddd497-400c-43ca-bfea-d46ab2cb1524
2023-09-12 21:14:00,158 [main] DEBUG balancer.ContainerBalancerTask (ContainerBalancerTask.java:lambda$moveContainer$3(837)) - Container move completed for container #40 from source cf4162da-0000-4d5a-b790-512c8f8aa5bc to target d8ddd497-400c-43ca-bfea-d46ab2cb1524
2023-09-12 21:14:00,161 [main] DEBUG balancer.ContainerBalancerTask (ContainerBalancerTask.java:matchSourceWithTarget(708)) - ContainerBalancer is finding suitable target for source datanode cf4162da-0000-4d5a-b790-512c8f8aa5bc
2023-09-12 21:14:00,162 [main] INFO  balancer.ContainerBalancerTask (ContainerBalancerTask.java:matchSourceWithTarget(722)) - ContainerBalancer matched source datanode cf4162da-0000-4d5a-b790-512c8f8aa5bc with target datanode a4c395bd-5cad-4312-8ac6-20f1e6801a90 for container move.
2023-09-12 21:14:00,162 [main] INFO  balancer.ContainerBalancerTask (ContainerBalancerTask.java:processMoveSelection(569)) - ContainerBalancer is trying to move container #84 with size 4294967296B from source datanode cf4162da-0000-4d5a-b790-512c8f8aa5bc to target datanode a4c395bd-5cad-4312-8ac6-20f1e6801a90
2023-09-12 21:14:00,162 [main] DEBUG balancer.ContainerBalancerTask (ContainerBalancerTask.java:lambda$moveContainer$3(837)) - Container move completed for container #84 from source cf4162da-0000-4d5a-b790-512c8f8aa5bc to target a4c395bd-5cad-4312-8ac6-20f1e6801a90
2023-09-12 21:14:00,164 [main] DEBUG balancer.ContainerBalancerTask (ContainerBalancerTask.java:matchSourceWithTarget(708)) - ContainerBalancer is finding suitable target for source datanode ab5c40c9-f13a-4067-9d9d-368c3cc06ffd
2023-09-12 21:14:00,165 [main] INFO  balancer.ContainerBalancerTask (ContainerBalancerTask.java:matchSourceWithTarget(722)) - ContainerBalancer matched source datanode ab5c40c9-f13a-4067-9d9d-368c3cc06ffd with target datanode a4c395bd-5cad-4312-8ac6-20f1e6801a90 for container move.
2023-09-12 21:14:00,165 [main] INFO  balancer.ContainerBalancerTask (ContainerBalancerTask.java:processMoveSelection(569)) - ContainerBalancer is trying to move container #18 with size 3221225472B from source datanode ab5c40c9-f13a-4067-9d9d-368c3cc06ffd to target datanode a4c395bd-5cad-4312-8ac6-20f1e6801a90
2023-09-12 21:14:00,165 [main] DEBUG balancer.ContainerBalancerTask (ContainerBalancerTask.java:lambda$moveContainer$3(837)) - Container move completed for container #18 from source ab5c40c9-f13a-4067-9d9d-368c3cc06ffd to target a4c395bd-5cad-4312-8ac6-20f1e6801a90
2023-09-12 21:14:00,168 [main] DEBUG balancer.ContainerBalancerTask (ContainerBalancerTask.java:matchSourceWithTarget(708)) - ContainerBalancer is finding suitable target for source datanode cf4162da-0000-4d5a-b790-512c8f8aa5bc
2023-09-12 21:14:00,169 [main] INFO  balancer.ContainerBalancerTask (ContainerBalancerTask.java:matchSourceWithTarget(722)) - ContainerBalancer matched source datanode cf4162da-0000-4d5a-b790-512c8f8aa5bc with target datanode a4c395bd-5cad-4312-8ac6-20f1e6801a90 for container move.
2023-09-12 21:14:00,169 [main] INFO  balancer.ContainerBalancerTask (ContainerBalancerTask.java:processMoveSelection(569)) - ContainerBalancer is trying to move container #88 with size 3221225472B from source datanode cf4162da-0000-4d5a-b790-512c8f8aa5bc to target datanode a4c395bd-5cad-4312-8ac6-20f1e6801a90
2023-09-12 21:14:00,169 [main] DEBUG balancer.ContainerBalancerTask (ContainerBalancerTask.java:lambda$moveContainer$3(837)) - Container move completed for container #88 from source cf4162da-0000-4d5a-b790-512c8f8aa5bc to target a4c395bd-5cad-4312-8ac6-20f1e6801a90
2023-09-12 21:14:00,171 [main] DEBUG balancer.ContainerBalancerTask (ContainerBalancerTask.java:matchSourceWithTarget(708)) - ContainerBalancer is finding suitable target for source datanode ab5c40c9-f13a-4067-9d9d-368c3cc06ffd
2023-09-12 21:14:00,172 [main] INFO  balancer.ContainerBalancerTask (ContainerBalancerTask.java:matchSourceWithTarget(722)) - ContainerBalancer matched source datanode ab5c40c9-f13a-4067-9d9d-368c3cc06ffd with target datanode d8ddd497-400c-43ca-bfea-d46ab2cb1524 for container move.
2023-09-12 21:14:00,172 [main] INFO  balancer.ContainerBalancerTask (ContainerBalancerTask.java:processMoveSelection(569)) - ContainerBalancer is trying to move container #68 with size 5368709120B from source datanode ab5c40c9-f13a-4067-9d9d-368c3cc06ffd to target datanode d8ddd497-400c-43ca-bfea-d46ab2cb1524
2023-09-12 21:14:00,172 [main] DEBUG balancer.ContainerBalancerTask (ContainerBalancerTask.java:lambda$moveContainer$3(837)) - Container move completed for container #68 from source ab5c40c9-f13a-4067-9d9d-368c3cc06ffd to target d8ddd497-400c-43ca-bfea-d46ab2cb1524
2023-09-12 21:14:00,176 [main] DEBUG balancer.ContainerBalancerTask (ContainerBalancerTask.java:matchSourceWithTarget(708)) - ContainerBalancer is finding suitable target for source datanode cf4162da-0000-4d5a-b790-512c8f8aa5bc
2023-09-12 21:14:00,176 [main] INFO  balancer.ContainerBalancerTask (ContainerBalancerTask.java:matchSourceWithTarget(722)) - ContainerBalancer matched source datanode cf4162da-0000-4d5a-b790-512c8f8aa5bc with target datanode 98daa35a-0886-4152-ae68-0d9e082699df for container move.
2023-09-12 21:14:00,176 [main] INFO  balancer.ContainerBalancerTask (ContainerBalancerTask.java:processMoveSelection(569)) - ContainerBalancer is trying to move container #52 with size 4294967296B from source datanode cf4162da-0000-4d5a-b790-512c8f8aa5bc to target datanode 98daa35a-0886-4152-ae68-0d9e082699df
2023-09-12 21:14:00,176 [main] DEBUG balancer.ContainerBalancerTask (ContainerBalancerTask.java:lambda$moveContainer$3(837)) - Container move completed for container #52 from source cf4162da-0000-4d5a-b790-512c8f8aa5bc to target 98daa35a-0886-4152-ae68-0d9e082699df
2023-09-12 21:14:00,179 [main] DEBUG balancer.ContainerBalancerTask (ContainerBalancerTask.java:matchSourceWithTarget(708)) - ContainerBalancer is finding suitable target for source datanode 159c7776-6032-4317-aaa5-9a28f1bc8bd4
2023-09-12 21:14:00,179 [main] INFO  balancer.ContainerBalancerTask (ContainerBalancerTask.java:matchSourceWithTarget(722)) - ContainerBalancer matched source datanode 159c7776-6032-4317-aaa5-9a28f1bc8bd4 with target datanode 98daa35a-0886-4152-ae68-0d9e082699df for container move.
2023-09-12 21:14:00,179 [main] INFO  balancer.ContainerBalancerTask (ContainerBalancerTask.java:processMoveSelection(569)) - ContainerBalancer is trying to move container #50 with size 2147483648B from source datanode 159c7776-6032-4317-aaa5-9a28f1bc8bd4 to target datanode 98daa35a-0886-4152-ae68-0d9e082699df
2023-09-12 21:14:00,179 [main] DEBUG balancer.ContainerBalancerTask (ContainerBalancerTask.java:lambda$moveContainer$3(837)) - Container move completed for container #50 from source 159c7776-6032-4317-aaa5-9a28f1bc8bd4 to target 98daa35a-0886-4152-ae68-0d9e082699df
2023-09-12 21:14:00,182 [main] DEBUG balancer.ContainerBalancerTask (ContainerBalancerTask.java:matchSourceWithTarget(708)) - ContainerBalancer is finding suitable target for source datanode ab5c40c9-f13a-4067-9d9d-368c3cc06ffd
2023-09-12 21:14:00,182 [main] INFO  balancer.ContainerBalancerTask (ContainerBalancerTask.java:matchSourceWithTarget(722)) - ContainerBalancer matched source datanode ab5c40c9-f13a-4067-9d9d-368c3cc06ffd with target datanode 98daa35a-0886-4152-ae68-0d9e082699df for container move.
2023-09-12 21:14:00,183 [main] INFO  balancer.ContainerBalancerTask (ContainerBalancerTask.java:processMoveSelection(569)) - ContainerBalancer is trying to move container #66 with size 3221225472B from source datanode ab5c40c9-f13a-4067-9d9d-368c3cc06ffd to target datanode 98daa35a-0886-4152-ae68-0d9e082699df
2023-09-12 21:14:00,183 [main] DEBUG balancer.ContainerBalancerTask (ContainerBalancerTask.java:lambda$moveContainer$3(837)) - Container move completed for container #66 from source ab5c40c9-f13a-4067-9d9d-368c3cc06ffd to target 98daa35a-0886-4152-ae68-0d9e082699df
2023-09-12 21:14:00,187 [main] DEBUG balancer.ContainerBalancerTask (ContainerBalancerTask.java:matchSourceWithTarget(708)) - ContainerBalancer is finding suitable target for source datanode cf4162da-0000-4d5a-b790-512c8f8aa5bc
2023-09-12 21:14:00,187 [main] INFO  balancer.ContainerBalancerTask (ContainerBalancerTask.java:matchSourceWithTarget(722)) - ContainerBalancer matched source datanode cf4162da-0000-4d5a-b790-512c8f8aa5bc with target datanode 98daa35a-0886-4152-ae68-0d9e082699df for container move.
2023-09-12 21:14:00,187 [main] INFO  balancer.ContainerBalancerTask (ContainerBalancerTask.java:processMoveSelection(569)) - ContainerBalancer is trying to move container #64 with size 1073741824B from source datanode cf4162da-0000-4d5a-b790-512c8f8aa5bc to target datanode 98daa35a-0886-4152-ae68-0d9e082699df
2023-09-12 21:14:00,187 [main] DEBUG balancer.ContainerBalancerTask (ContainerBalancerTask.java:lambda$moveContainer$3(837)) - Container move completed for container #64 from source cf4162da-0000-4d5a-b790-512c8f8aa5bc to target 98daa35a-0886-4152-ae68-0d9e082699df
2023-09-12 21:14:00,190 [main] DEBUG balancer.ContainerBalancerTask (ContainerBalancerTask.java:matchSourceWithTarget(708)) - ContainerBalancer is finding suitable target for source datanode 159c7776-6032-4317-aaa5-9a28f1bc8bd4
2023-09-12 21:14:00,190 [main] INFO  balancer.FindTargetGreedyByUsageInfo (AbstractFindTargetGreedy.java:findTargetForContainerMove(133)) - Container Balancer could not find a target for source datanode 159c7776-6032-4317-aaa5-9a28f1bc8bd4
2023-09-12 21:14:00,190 [main] DEBUG balancer.ContainerBalancerTask (ContainerBalancerTask.java:matchSourceWithTarget(717)) - ContainerBalancer could not find a suitable target for source node 159c7776-6032-4317-aaa5-9a28f1bc8bd4.
2023-09-12 21:14:00,194 [main] DEBUG balancer.ContainerBalancerTask (ContainerBalancerTask.java:matchSourceWithTarget(708)) - ContainerBalancer is finding suitable target for source datanode cf4162da-0000-4d5a-b790-512c8f8aa5bc
2023-09-12 21:14:00,194 [main] INFO  balancer.FindTargetGreedyByUsageInfo (AbstractFindTargetGreedy.java:findTargetForContainerMove(133)) - Container Balancer could not find a target for source datanode cf4162da-0000-4d5a-b790-512c8f8aa5bc
2023-09-12 21:14:00,194 [main] DEBUG balancer.ContainerBalancerTask (ContainerBalancerTask.java:matchSourceWithTarget(717)) - ContainerBalancer could not find a suitable target for source node cf4162da-0000-4d5a-b790-512c8f8aa5bc.
2023-09-12 21:14:00,197 [main] DEBUG balancer.ContainerBalancerTask (ContainerBalancerTask.java:matchSourceWithTarget(708)) - ContainerBalancer is finding suitable target for source datanode ab5c40c9-f13a-4067-9d9d-368c3cc06ffd
2023-09-12 21:14:00,197 [main] INFO  balancer.FindTargetGreedyByUsageInfo (AbstractFindTargetGreedy.java:findTargetForContainerMove(133)) - Container Balancer could not find a target for source datanode ab5c40c9-f13a-4067-9d9d-368c3cc06ffd
2023-09-12 21:14:00,197 [main] DEBUG balancer.ContainerBalancerTask (ContainerBalancerTask.java:matchSourceWithTarget(717)) - ContainerBalancer could not find a suitable target for source node ab5c40c9-f13a-4067-9d9d-368c3cc06ffd.
2023-09-12 21:14:00,201 [main] DEBUG balancer.ContainerBalancerTask (ContainerBalancerTask.java:matchSourceWithTarget(708)) - ContainerBalancer is finding suitable target for source datanode 071e0080-ee35-4d46-9215-30d171d89229
2023-09-12 21:14:00,201 [main] INFO  balancer.FindTargetGreedyByUsageInfo (AbstractFindTargetGreedy.java:findTargetForContainerMove(133)) - Container Balancer could not find a target for source datanode 071e0080-ee35-4d46-9215-30d171d89229
2023-09-12 21:14:00,201 [main] DEBUG balancer.ContainerBalancerTask (ContainerBalancerTask.java:matchSourceWithTarget(717)) - ContainerBalancer could not find a suitable target for source node 071e0080-ee35-4d46-9215-30d171d89229.
2023-09-12 21:14:00,203 [main] DEBUG balancer.ContainerBalancerTask (ContainerBalancerTask.java:matchSourceWithTarget(708)) - ContainerBalancer is finding suitable target for source datanode 02f36cb8-5a93-410e-83a3-600e48d31ef3
2023-09-12 21:14:00,203 [main] INFO  balancer.FindTargetGreedyByUsageInfo (AbstractFindTargetGreedy.java:findTargetForContainerMove(133)) - Container Balancer could not find a target for source datanode 02f36cb8-5a93-410e-83a3-600e48d31ef3
2023-09-12 21:14:00,203 [main] DEBUG balancer.ContainerBalancerTask (ContainerBalancerTask.java:matchSourceWithTarget(717)) - ContainerBalancer could not find a suitable target for source node 02f36cb8-5a93-410e-83a3-600e48d31ef3.
2023-09-12 21:14:00,203 [main] INFO  balancer.FindSourceGreedy (FindSourceGreedy.java:getNextCandidateSourceDataNode(126)) - no more candidate source data node
2023-09-12 21:14:00,204 [main] INFO  balancer.ContainerBalancerTask (ContainerBalancerTask.java:checkIterationMoveResults(642)) - Iteration Summary. Number of Datanodes involved: 6. Size moved: 30 GB (32212254720 Bytes). Number of Container moves completed: 9.
2023-09-12 21:14:00,204 [main] INFO  balancer.ContainerBalancerTask (ContainerBalancerTask.java:balance(259)) - Result of this iteration of Container Balancer: ITERATION_COMPLETED
2023-09-12 21:14:00,204 [main] INFO  balancer.ContainerBalancerTask (ContainerBalancerTask.java:tryStopWithSaveConfiguration(308)) - Save Configuration for stopping. Reason: Completed all iterations.
]]></system-out>
  </testcase>
  <testcase name="testMetrics" classname="org.apache.hadoop.hdds.scm.container.balancer.TestContainerBalancerTask" time="0.106">
    <system-out><![CDATA[2023-09-12 21:14:00,230 [main] INFO  net.NodeSchemaLoader (NodeSchemaLoader.java:loadSchemaFromFile(129)) - Loading schema from [file:/home/runner/work/ozone/ozone/hadoop-hdds/common/target/classes/network-topology-default.xml]
2023-09-12 21:14:00,231 [main] INFO  net.NodeSchemaLoader (NodeSchemaLoader.java:loadSchema(176)) - Loading network topology layer schema file
2023-09-12 21:14:00,233 [main] INFO  net.NetworkTopologyImpl (NetworkTopologyImpl.java:add(112)) - Added a new node: /default-rack/430776b1-aa2e-4ad0-b749-f0574df4a052
2023-09-12 21:14:00,233 [main] INFO  net.NetworkTopologyImpl (NetworkTopologyImpl.java:add(112)) - Added a new node: /default-rack/ae90581a-eabf-4771-ab4e-35c4a112009d
2023-09-12 21:14:00,233 [main] INFO  net.NetworkTopologyImpl (NetworkTopologyImpl.java:add(112)) - Added a new node: /default-rack/9fc109a9-f0da-4122-acac-624553333cdf
2023-09-12 21:14:00,233 [main] INFO  net.NetworkTopologyImpl (NetworkTopologyImpl.java:add(112)) - Added a new node: /default-rack/8c3f3abf-7498-418a-b332-f85f06f32c2b
2023-09-12 21:14:00,233 [main] INFO  net.NetworkTopologyImpl (NetworkTopologyImpl.java:add(112)) - Added a new node: /default-rack/38477b7d-a2f2-487e-a877-cdbd9dbd5516
2023-09-12 21:14:00,233 [main] INFO  net.NetworkTopologyImpl (NetworkTopologyImpl.java:add(112)) - Added a new node: /default-rack/1914712d-0a3b-41a0-8321-9c3d16046612
2023-09-12 21:14:00,233 [main] INFO  net.NetworkTopologyImpl (NetworkTopologyImpl.java:add(112)) - Added a new node: /default-rack/d4876bc5-5fab-4451-8e30-9709c733e3eb
2023-09-12 21:14:00,233 [main] INFO  net.NetworkTopologyImpl (NetworkTopologyImpl.java:add(112)) - Added a new node: /default-rack/8bda5617-49d1-49a7-82b3-2947d899cbad
2023-09-12 21:14:00,234 [main] INFO  net.NetworkTopologyImpl (NetworkTopologyImpl.java:add(112)) - Added a new node: /default-rack/435417b2-b848-4e3a-9c93-f41a5d5b9f19
2023-09-12 21:14:00,234 [main] INFO  net.NetworkTopologyImpl (NetworkTopologyImpl.java:add(112)) - Added a new node: /default-rack/797365b9-93d1-4ce8-b107-d5850861daaf
2023-09-12 21:14:00,234 [main] INFO  algorithms.ContainerPlacementPolicyFactory (ContainerPlacementPolicyFactory.java:getPolicyInternal(86)) - Create container placement policy of type org.apache.hadoop.hdds.scm.container.placement.algorithms.SCMContainerPlacementRackAware
2023-09-12 21:14:00,234 [main] INFO  algorithms.ContainerPlacementPolicyFactory (ContainerPlacementPolicyFactory.java:getPolicyInternal(86)) - Create container placement policy of type org.apache.hadoop.hdds.scm.container.placement.algorithms.SCMContainerPlacementRackScatter
2023-09-12 21:14:00,238 [main] DEBUG balancer.ContainerBalancerTask (ContainerBalancerTask.java:initializeIteration(374)) - Average utilization of the cluster is 0.36663530987472887
2023-09-12 21:14:00,238 [main] DEBUG balancer.ContainerBalancerTask (ContainerBalancerTask.java:initializeIteration(386)) - Lower limit for utilization is 0.26663530987472883 and Upper limit for utilization is 0.4666353098747289
2023-09-12 21:14:00,238 [main] DEBUG balancer.ContainerBalancerTask (ContainerBalancerTask.java:initializeIteration(398)) - Utilization for node 8bda5617-49d1-49a7-82b3-2947d899cbad with capacity 65617555911B, used 59055800320B, and remaining 6561755591B is 0.900000000001524
2023-09-12 21:14:00,238 [main] DEBUG balancer.ContainerBalancerTask (ContainerBalancerTask.java:initializeIteration(398)) - Utilization for node 1914712d-0a3b-41a0-8321-9c3d16046612 with capacity 69793218560B, used 55834574848B, and remaining 13958643712B is 0.8
2023-09-12 21:14:00,238 [main] DEBUG balancer.ContainerBalancerTask (ContainerBalancerTask.java:initializeIteration(398)) - Utilization for node 38477b7d-a2f2-487e-a877-cdbd9dbd5516 with capacity 87433262811B, used 61203283968B, and remaining 26229978843B is 0.7000000000034312
2023-09-12 21:14:00,238 [main] DEBUG balancer.ContainerBalancerTask (ContainerBalancerTask.java:initializeIteration(398)) - Utilization for node ae90581a-eabf-4771-ab4e-35c4a112009d with capacity 50107951786B, used 30064771072B, and remaining 20043180714B is 0.6000000000079828
2023-09-12 21:14:00,238 [main] DEBUG balancer.ContainerBalancerTask (ContainerBalancerTask.java:initializeIteration(398)) - Utilization for node 430776b1-aa2e-4ad0-b749-f0574df4a052 with capacity 64424509440B, used 32212254720B, and remaining 32212254720B is 0.5
2023-09-12 21:14:00,238 [main] DEBUG balancer.ContainerBalancerTask (ContainerBalancerTask.java:initializeIteration(398)) - Utilization for node 8c3f3abf-7498-418a-b332-f85f06f32c2b with capacity 134217728000B, used 53687091200B, and remaining 80530636800B is 0.4
2023-09-12 21:14:00,238 [main] DEBUG balancer.ContainerBalancerTask (ContainerBalancerTask.java:initializeIteration(398)) - Utilization for node d4876bc5-5fab-4451-8e30-9709c733e3eb with capacity 143165576533B, used 42949672960B, and remaining 100215903573B is 0.3000000000006985
2023-09-12 21:14:00,239 [main] DEBUG balancer.ContainerBalancerTask (ContainerBalancerTask.java:initializeIteration(398)) - Utilization for node 797365b9-93d1-4ce8-b107-d5850861daaf with capacity 150323855360B, used 30064771072B, and remaining 120259084288B is 0.2
2023-09-12 21:14:00,239 [main] DEBUG balancer.ContainerBalancerTask (ContainerBalancerTask.java:initializeIteration(398)) - Utilization for node 9fc109a9-f0da-4122-acac-624553333cdf with capacity 268435456000B, used 26843545600B, and remaining 241591910400B is 0.1
2023-09-12 21:14:00,239 [main] DEBUG balancer.ContainerBalancerTask (ContainerBalancerTask.java:initializeIteration(398)) - Utilization for node 435417b2-b848-4e3a-9c93-f41a5d5b9f19 with capacity 35433480192B, used 0B, and remaining 35433480192B is 0.0
2023-09-12 21:14:00,239 [main] INFO  balancer.ContainerBalancerTask (ContainerBalancerTask.java:initializeIteration(447)) - Container Balancer has identified 5 Over-Utilized and 3 Under-Utilized Datanodes that need to be balanced.
2023-09-12 21:14:00,239 [main] DEBUG balancer.ContainerBalancerTask (ContainerBalancerTask.java:lambda$initializeIteration$1(453)) - Datanode localhost-166.104.198.66 8bda5617-49d1-49a7-82b3-2947d899cbad is Over-Utilized.
2023-09-12 21:14:00,239 [main] DEBUG balancer.ContainerBalancerTask (ContainerBalancerTask.java:lambda$initializeIteration$1(453)) - Datanode localhost-201.93.213.115 1914712d-0a3b-41a0-8321-9c3d16046612 is Over-Utilized.
2023-09-12 21:14:00,239 [main] DEBUG balancer.ContainerBalancerTask (ContainerBalancerTask.java:lambda$initializeIteration$1(453)) - Datanode localhost-228.208.79.108 38477b7d-a2f2-487e-a877-cdbd9dbd5516 is Over-Utilized.
2023-09-12 21:14:00,239 [main] DEBUG balancer.ContainerBalancerTask (ContainerBalancerTask.java:lambda$initializeIteration$1(453)) - Datanode localhost-6.212.127.158 ae90581a-eabf-4771-ab4e-35c4a112009d is Over-Utilized.
2023-09-12 21:14:00,239 [main] DEBUG balancer.ContainerBalancerTask (ContainerBalancerTask.java:lambda$initializeIteration$1(453)) - Datanode localhost-1.178.244.6 430776b1-aa2e-4ad0-b749-f0574df4a052 is Over-Utilized.
2023-09-12 21:14:00,239 [main] DEBUG balancer.ContainerBalancerTask (ContainerBalancerTask.java:lambda$initializeIteration$2(459)) - Datanode localhost-72.239.190.193 435417b2-b848-4e3a-9c93-f41a5d5b9f19 is Under-Utilized.
2023-09-12 21:14:00,239 [main] DEBUG balancer.ContainerBalancerTask (ContainerBalancerTask.java:lambda$initializeIteration$2(459)) - Datanode localhost-33.78.234.161 9fc109a9-f0da-4122-acac-624553333cdf is Under-Utilized.
2023-09-12 21:14:00,240 [main] DEBUG balancer.ContainerBalancerTask (ContainerBalancerTask.java:lambda$initializeIteration$2(459)) - Datanode localhost-158.72.158.157 797365b9-93d1-4ce8-b107-d5850861daaf is Under-Utilized.
2023-09-12 21:14:00,243 [main] DEBUG balancer.ContainerBalancerTask (ContainerBalancerTask.java:matchSourceWithTarget(708)) - ContainerBalancer is finding suitable target for source datanode 8bda5617-49d1-49a7-82b3-2947d899cbad
2023-09-12 21:14:00,243 [main] INFO  balancer.ContainerBalancerTask (ContainerBalancerTask.java:matchSourceWithTarget(722)) - ContainerBalancer matched source datanode 8bda5617-49d1-49a7-82b3-2947d899cbad with target datanode 435417b2-b848-4e3a-9c93-f41a5d5b9f19 for container move.
2023-09-12 21:14:00,243 [main] INFO  balancer.ContainerBalancerTask (ContainerBalancerTask.java:processMoveSelection(569)) - ContainerBalancer is trying to move container #85 with size 5368709120B from source datanode 8bda5617-49d1-49a7-82b3-2947d899cbad to target datanode 435417b2-b848-4e3a-9c93-f41a5d5b9f19
2023-09-12 21:14:00,244 [main] WARN  balancer.ContainerBalancerTask (ContainerBalancerTask.java:lambda$moveContainer$3(842)) - Container move for container #85 from source 8bda5617-49d1-49a7-82b3-2947d899cbad to target 435417b2-b848-4e3a-9c93-f41a5d5b9f19 failed: REPLICATION_FAIL_NODE_UNHEALTHY
2023-09-12 21:14:00,247 [main] DEBUG balancer.ContainerBalancerTask (ContainerBalancerTask.java:matchSourceWithTarget(708)) - ContainerBalancer is finding suitable target for source datanode 1914712d-0a3b-41a0-8321-9c3d16046612
2023-09-12 21:14:00,247 [main] INFO  balancer.ContainerBalancerTask (ContainerBalancerTask.java:matchSourceWithTarget(722)) - ContainerBalancer matched source datanode 1914712d-0a3b-41a0-8321-9c3d16046612 with target datanode 435417b2-b848-4e3a-9c93-f41a5d5b9f19 for container move.
2023-09-12 21:14:00,247 [main] INFO  balancer.ContainerBalancerTask (ContainerBalancerTask.java:processMoveSelection(569)) - ContainerBalancer is trying to move container #85 with size 5368709120B from source datanode 1914712d-0a3b-41a0-8321-9c3d16046612 to target datanode 435417b2-b848-4e3a-9c93-f41a5d5b9f19
2023-09-12 21:14:00,247 [main] DEBUG balancer.ContainerBalancerTask (ContainerBalancerTask.java:lambda$moveContainer$3(837)) - Container move completed for container #85 from source 1914712d-0a3b-41a0-8321-9c3d16046612 to target 435417b2-b848-4e3a-9c93-f41a5d5b9f19
2023-09-12 21:14:00,309 [main] DEBUG balancer.ContainerBalancerTask (ContainerBalancerTask.java:matchSourceWithTarget(708)) - ContainerBalancer is finding suitable target for source datanode 1914712d-0a3b-41a0-8321-9c3d16046612
2023-09-12 21:14:00,309 [main] INFO  balancer.ContainerBalancerTask (ContainerBalancerTask.java:matchSourceWithTarget(722)) - ContainerBalancer matched source datanode 1914712d-0a3b-41a0-8321-9c3d16046612 with target datanode 9fc109a9-f0da-4122-acac-624553333cdf for container move.
2023-09-12 21:14:00,310 [main] INFO  balancer.ContainerBalancerTask (ContainerBalancerTask.java:processMoveSelection(569)) - ContainerBalancer is trying to move container #86 with size 1073741824B from source datanode 1914712d-0a3b-41a0-8321-9c3d16046612 to target datanode 9fc109a9-f0da-4122-acac-624553333cdf
2023-09-12 21:14:00,310 [main] DEBUG balancer.ContainerBalancerTask (ContainerBalancerTask.java:lambda$moveContainer$3(837)) - Container move completed for container #86 from source 1914712d-0a3b-41a0-8321-9c3d16046612 to target 9fc109a9-f0da-4122-acac-624553333cdf
2023-09-12 21:14:00,310 [main] WARN  balancer.ContainerBalancerTask (ContainerBalancerTask.java:reachedMaxSizeToMovePerIteration(733)) - Reached max size to move limit. 6442450944 bytes have already been scheduled for balancing and the limit is 6442450944 bytes.
2023-09-12 21:14:00,311 [main] INFO  balancer.ContainerBalancerTask (ContainerBalancerTask.java:checkIterationMoveResults(642)) - Iteration Summary. Number of Datanodes involved: 3. Size moved: 6 GB (6442450944 Bytes). Number of Container moves completed: 2.
2023-09-12 21:14:00,311 [main] INFO  balancer.ContainerBalancerTask (ContainerBalancerTask.java:balance(259)) - Result of this iteration of Container Balancer: ITERATION_COMPLETED
2023-09-12 21:14:00,311 [main] INFO  balancer.ContainerBalancerTask (ContainerBalancerTask.java:tryStopWithSaveConfiguration(308)) - Save Configuration for stopping. Reason: Completed all iterations.
]]></system-out>
  </testcase>
  <testcase name="balancerShouldNotSelectConfiguredExcludeContainers" classname="org.apache.hadoop.hdds.scm.container.balancer.TestContainerBalancerTask" time="0.095">
    <system-out><![CDATA[2023-09-12 21:14:00,350 [main] INFO  net.NodeSchemaLoader (NodeSchemaLoader.java:loadSchemaFromFile(129)) - Loading schema from [file:/home/runner/work/ozone/ozone/hadoop-hdds/common/target/classes/network-topology-default.xml]
2023-09-12 21:14:00,351 [main] INFO  net.NodeSchemaLoader (NodeSchemaLoader.java:loadSchema(176)) - Loading network topology layer schema file
2023-09-12 21:14:00,352 [main] INFO  net.NetworkTopologyImpl (NetworkTopologyImpl.java:add(112)) - Added a new node: /default-rack/a1aba0f6-bd7f-48b2-8dfb-43411a5b0b23
2023-09-12 21:14:00,352 [main] INFO  net.NetworkTopologyImpl (NetworkTopologyImpl.java:add(112)) - Added a new node: /default-rack/bc03cb99-ef0d-461f-aabe-77d08eb47ae1
2023-09-12 21:14:00,352 [main] INFO  net.NetworkTopologyImpl (NetworkTopologyImpl.java:add(112)) - Added a new node: /default-rack/cd87b36a-935c-4357-9561-f76fb89eb842
2023-09-12 21:14:00,353 [main] INFO  net.NetworkTopologyImpl (NetworkTopologyImpl.java:add(112)) - Added a new node: /default-rack/6c850eaa-933e-4188-bb55-9204abd12f8c
2023-09-12 21:14:00,353 [main] INFO  net.NetworkTopologyImpl (NetworkTopologyImpl.java:add(112)) - Added a new node: /default-rack/3343fc95-b11c-46d8-9672-7bba1455e868
2023-09-12 21:14:00,353 [main] INFO  net.NetworkTopologyImpl (NetworkTopologyImpl.java:add(112)) - Added a new node: /default-rack/55ae7184-02d4-40cd-865d-ed908efadeec
2023-09-12 21:14:00,353 [main] INFO  net.NetworkTopologyImpl (NetworkTopologyImpl.java:add(112)) - Added a new node: /default-rack/53d73698-602b-4d45-ad71-ff59c2863ee5
2023-09-12 21:14:00,353 [main] INFO  net.NetworkTopologyImpl (NetworkTopologyImpl.java:add(112)) - Added a new node: /default-rack/4a2d510f-468a-4f61-88bb-8d2a2d83c347
2023-09-12 21:14:00,353 [main] INFO  net.NetworkTopologyImpl (NetworkTopologyImpl.java:add(112)) - Added a new node: /default-rack/6bbc6b2a-4461-4c14-8d6d-5324003894ac
2023-09-12 21:14:00,353 [main] INFO  net.NetworkTopologyImpl (NetworkTopologyImpl.java:add(112)) - Added a new node: /default-rack/d71f2f30-1c4a-44be-b106-31118344e847
2023-09-12 21:14:00,353 [main] INFO  algorithms.ContainerPlacementPolicyFactory (ContainerPlacementPolicyFactory.java:getPolicyInternal(86)) - Create container placement policy of type org.apache.hadoop.hdds.scm.container.placement.algorithms.SCMContainerPlacementRackAware
2023-09-12 21:14:00,353 [main] INFO  algorithms.ContainerPlacementPolicyFactory (ContainerPlacementPolicyFactory.java:getPolicyInternal(86)) - Create container placement policy of type org.apache.hadoop.hdds.scm.container.placement.algorithms.SCMContainerPlacementRackScatter
2023-09-12 21:14:00,359 [main] DEBUG balancer.ContainerBalancerTask (ContainerBalancerTask.java:initializeIteration(374)) - Average utilization of the cluster is 0.37052579988132234
2023-09-12 21:14:00,359 [main] DEBUG balancer.ContainerBalancerTask (ContainerBalancerTask.java:initializeIteration(386)) - Lower limit for utilization is 0.2705257998813223 and Upper limit for utilization is 0.47052579988132237
2023-09-12 21:14:00,359 [main] DEBUG balancer.ContainerBalancerTask (ContainerBalancerTask.java:initializeIteration(398)) - Utilization for node 6c850eaa-933e-4188-bb55-9204abd12f8c with capacity 73968881208B, used 66571993088B, and remaining 7396888120B is 0.9000000000108154
2023-09-12 21:14:00,359 [main] DEBUG balancer.ContainerBalancerTask (ContainerBalancerTask.java:initializeIteration(398)) - Utilization for node bc03cb99-ef0d-461f-aabe-77d08eb47ae1 with capacity 69793218560B, used 55834574848B, and remaining 13958643712B is 0.8
2023-09-12 21:14:00,359 [main] DEBUG balancer.ContainerBalancerTask (ContainerBalancerTask.java:initializeIteration(398)) - Utilization for node d71f2f30-1c4a-44be-b106-31118344e847 with capacity 61356675657B, used 42949672960B, and remaining 18407002697B is 0.7000000000016298
2023-09-12 21:14:00,359 [main] DEBUG balancer.ContainerBalancerTask (ContainerBalancerTask.java:initializeIteration(398)) - Utilization for node 4a2d510f-468a-4f61-88bb-8d2a2d83c347 with capacity 71582788266B, used 42949672960B, and remaining 28633115306B is 0.600000000005588
2023-09-12 21:14:00,360 [main] DEBUG balancer.ContainerBalancerTask (ContainerBalancerTask.java:initializeIteration(398)) - Utilization for node a1aba0f6-bd7f-48b2-8dfb-43411a5b0b23 with capacity 94489280512B, used 47244640256B, and remaining 47244640256B is 0.5
2023-09-12 21:14:00,360 [main] DEBUG balancer.ContainerBalancerTask (ContainerBalancerTask.java:initializeIteration(398)) - Utilization for node 6bbc6b2a-4461-4c14-8d6d-5324003894ac with capacity 123480309760B, used 49392123904B, and remaining 74088185856B is 0.4
2023-09-12 21:14:00,360 [main] DEBUG balancer.ContainerBalancerTask (ContainerBalancerTask.java:initializeIteration(398)) - Utilization for node 3343fc95-b11c-46d8-9672-7bba1455e868 with capacity 157482134186B, used 47244640256B, and remaining 110237493930B is 0.30000000000127
2023-09-12 21:14:00,360 [main] DEBUG balancer.ContainerBalancerTask (ContainerBalancerTask.java:initializeIteration(398)) - Utilization for node cd87b36a-935c-4357-9561-f76fb89eb842 with capacity 161061273600B, used 32212254720B, and remaining 128849018880B is 0.2
2023-09-12 21:14:00,360 [main] DEBUG balancer.ContainerBalancerTask (ContainerBalancerTask.java:initializeIteration(398)) - Utilization for node 55ae7184-02d4-40cd-865d-ed908efadeec with capacity 279172874240B, used 27917287424B, and remaining 251255586816B is 0.1
2023-09-12 21:14:00,360 [main] DEBUG balancer.ContainerBalancerTask (ContainerBalancerTask.java:initializeIteration(398)) - Utilization for node 53d73698-602b-4d45-ad71-ff59c2863ee5 with capacity 20401094656B, used 0B, and remaining 20401094656B is 0.0
2023-09-12 21:14:00,360 [main] INFO  balancer.ContainerBalancerTask (ContainerBalancerTask.java:initializeIteration(447)) - Container Balancer has identified 5 Over-Utilized and 3 Under-Utilized Datanodes that need to be balanced.
2023-09-12 21:14:00,360 [main] DEBUG balancer.ContainerBalancerTask (ContainerBalancerTask.java:lambda$initializeIteration$1(453)) - Datanode localhost-255.101.139.27 6c850eaa-933e-4188-bb55-9204abd12f8c is Over-Utilized.
2023-09-12 21:14:00,360 [main] DEBUG balancer.ContainerBalancerTask (ContainerBalancerTask.java:lambda$initializeIteration$1(453)) - Datanode localhost-67.25.195.141 bc03cb99-ef0d-461f-aabe-77d08eb47ae1 is Over-Utilized.
2023-09-12 21:14:00,360 [main] DEBUG balancer.ContainerBalancerTask (ContainerBalancerTask.java:lambda$initializeIteration$1(453)) - Datanode localhost-216.1.222.43 d71f2f30-1c4a-44be-b106-31118344e847 is Over-Utilized.
2023-09-12 21:14:00,360 [main] DEBUG balancer.ContainerBalancerTask (ContainerBalancerTask.java:lambda$initializeIteration$1(453)) - Datanode localhost-59.15.181.128 4a2d510f-468a-4f61-88bb-8d2a2d83c347 is Over-Utilized.
2023-09-12 21:14:00,361 [main] DEBUG balancer.ContainerBalancerTask (ContainerBalancerTask.java:lambda$initializeIteration$1(453)) - Datanode localhost-221.132.85.237 a1aba0f6-bd7f-48b2-8dfb-43411a5b0b23 is Over-Utilized.
2023-09-12 21:14:00,361 [main] DEBUG balancer.ContainerBalancerTask (ContainerBalancerTask.java:lambda$initializeIteration$2(459)) - Datanode localhost-50.215.182.129 53d73698-602b-4d45-ad71-ff59c2863ee5 is Under-Utilized.
2023-09-12 21:14:00,361 [main] DEBUG balancer.ContainerBalancerTask (ContainerBalancerTask.java:lambda$initializeIteration$2(459)) - Datanode localhost-216.200.238.133 55ae7184-02d4-40cd-865d-ed908efadeec is Under-Utilized.
2023-09-12 21:14:00,361 [main] DEBUG balancer.ContainerBalancerTask (ContainerBalancerTask.java:lambda$initializeIteration$2(459)) - Datanode localhost-178.25.157.226 cd87b36a-935c-4357-9561-f76fb89eb842 is Under-Utilized.
2023-09-12 21:14:00,365 [main] DEBUG balancer.ContainerBalancerTask (ContainerBalancerTask.java:matchSourceWithTarget(708)) - ContainerBalancer is finding suitable target for source datanode 6c850eaa-933e-4188-bb55-9204abd12f8c
2023-09-12 21:14:00,365 [main] INFO  balancer.ContainerBalancerTask (ContainerBalancerTask.java:matchSourceWithTarget(722)) - ContainerBalancer matched source datanode 6c850eaa-933e-4188-bb55-9204abd12f8c with target datanode 53d73698-602b-4d45-ad71-ff59c2863ee5 for container move.
2023-09-12 21:14:00,365 [main] INFO  balancer.ContainerBalancerTask (ContainerBalancerTask.java:processMoveSelection(569)) - ContainerBalancer is trying to move container #85 with size 5368709120B from source datanode 6c850eaa-933e-4188-bb55-9204abd12f8c to target datanode 53d73698-602b-4d45-ad71-ff59c2863ee5
2023-09-12 21:14:00,365 [main] DEBUG balancer.ContainerBalancerTask (ContainerBalancerTask.java:lambda$moveContainer$3(837)) - Container move completed for container #85 from source 6c850eaa-933e-4188-bb55-9204abd12f8c to target 53d73698-602b-4d45-ad71-ff59c2863ee5
2023-09-12 21:14:00,369 [main] DEBUG balancer.ContainerBalancerTask (ContainerBalancerTask.java:matchSourceWithTarget(708)) - ContainerBalancer is finding suitable target for source datanode 6c850eaa-933e-4188-bb55-9204abd12f8c
2023-09-12 21:14:00,369 [main] INFO  balancer.ContainerBalancerTask (ContainerBalancerTask.java:matchSourceWithTarget(722)) - ContainerBalancer matched source datanode 6c850eaa-933e-4188-bb55-9204abd12f8c with target datanode 55ae7184-02d4-40cd-865d-ed908efadeec for container move.
2023-09-12 21:14:00,369 [main] INFO  balancer.ContainerBalancerTask (ContainerBalancerTask.java:processMoveSelection(569)) - ContainerBalancer is trying to move container #53 with size 5368709120B from source datanode 6c850eaa-933e-4188-bb55-9204abd12f8c to target datanode 55ae7184-02d4-40cd-865d-ed908efadeec
2023-09-12 21:14:00,369 [main] DEBUG balancer.ContainerBalancerTask (ContainerBalancerTask.java:lambda$moveContainer$3(837)) - Container move completed for container #53 from source 6c850eaa-933e-4188-bb55-9204abd12f8c to target 55ae7184-02d4-40cd-865d-ed908efadeec
2023-09-12 21:14:00,373 [main] DEBUG balancer.ContainerBalancerTask (ContainerBalancerTask.java:matchSourceWithTarget(708)) - ContainerBalancer is finding suitable target for source datanode bc03cb99-ef0d-461f-aabe-77d08eb47ae1
2023-09-12 21:14:00,373 [main] INFO  balancer.ContainerBalancerTask (ContainerBalancerTask.java:matchSourceWithTarget(722)) - ContainerBalancer matched source datanode bc03cb99-ef0d-461f-aabe-77d08eb47ae1 with target datanode 55ae7184-02d4-40cd-865d-ed908efadeec for container move.
2023-09-12 21:14:00,373 [main] INFO  balancer.ContainerBalancerTask (ContainerBalancerTask.java:processMoveSelection(569)) - ContainerBalancer is trying to move container #84 with size 4294967296B from source datanode bc03cb99-ef0d-461f-aabe-77d08eb47ae1 to target datanode 55ae7184-02d4-40cd-865d-ed908efadeec
2023-09-12 21:14:00,373 [main] DEBUG balancer.ContainerBalancerTask (ContainerBalancerTask.java:lambda$moveContainer$3(837)) - Container move completed for container #84 from source bc03cb99-ef0d-461f-aabe-77d08eb47ae1 to target 55ae7184-02d4-40cd-865d-ed908efadeec
2023-09-12 21:14:00,377 [main] DEBUG balancer.ContainerBalancerTask (ContainerBalancerTask.java:matchSourceWithTarget(708)) - ContainerBalancer is finding suitable target for source datanode 6c850eaa-933e-4188-bb55-9204abd12f8c
2023-09-12 21:14:00,377 [main] INFO  balancer.ContainerBalancerTask (ContainerBalancerTask.java:matchSourceWithTarget(722)) - ContainerBalancer matched source datanode 6c850eaa-933e-4188-bb55-9204abd12f8c with target datanode 55ae7184-02d4-40cd-865d-ed908efadeec for container move.
2023-09-12 21:14:00,377 [main] INFO  balancer.ContainerBalancerTask (ContainerBalancerTask.java:processMoveSelection(569)) - ContainerBalancer is trying to move container #40 with size 5368709120B from source datanode 6c850eaa-933e-4188-bb55-9204abd12f8c to target datanode 55ae7184-02d4-40cd-865d-ed908efadeec
2023-09-12 21:14:00,377 [main] DEBUG balancer.ContainerBalancerTask (ContainerBalancerTask.java:lambda$moveContainer$3(837)) - Container move completed for container #40 from source 6c850eaa-933e-4188-bb55-9204abd12f8c to target 55ae7184-02d4-40cd-865d-ed908efadeec
2023-09-12 21:14:00,381 [main] DEBUG balancer.ContainerBalancerTask (ContainerBalancerTask.java:matchSourceWithTarget(708)) - ContainerBalancer is finding suitable target for source datanode bc03cb99-ef0d-461f-aabe-77d08eb47ae1
2023-09-12 21:14:00,381 [main] INFO  balancer.ContainerBalancerTask (ContainerBalancerTask.java:matchSourceWithTarget(722)) - ContainerBalancer matched source datanode bc03cb99-ef0d-461f-aabe-77d08eb47ae1 with target datanode 55ae7184-02d4-40cd-865d-ed908efadeec for container move.
2023-09-12 21:14:00,381 [main] INFO  balancer.ContainerBalancerTask (ContainerBalancerTask.java:processMoveSelection(569)) - ContainerBalancer is trying to move container #67 with size 4294967296B from source datanode bc03cb99-ef0d-461f-aabe-77d08eb47ae1 to target datanode 55ae7184-02d4-40cd-865d-ed908efadeec
2023-09-12 21:14:00,381 [main] DEBUG balancer.ContainerBalancerTask (ContainerBalancerTask.java:lambda$moveContainer$3(837)) - Container move completed for container #67 from source bc03cb99-ef0d-461f-aabe-77d08eb47ae1 to target 55ae7184-02d4-40cd-865d-ed908efadeec
2023-09-12 21:14:00,384 [main] DEBUG balancer.ContainerBalancerTask (ContainerBalancerTask.java:matchSourceWithTarget(708)) - ContainerBalancer is finding suitable target for source datanode d71f2f30-1c4a-44be-b106-31118344e847
2023-09-12 21:14:00,384 [main] INFO  balancer.ContainerBalancerTask (ContainerBalancerTask.java:matchSourceWithTarget(722)) - ContainerBalancer matched source datanode d71f2f30-1c4a-44be-b106-31118344e847 with target datanode 55ae7184-02d4-40cd-865d-ed908efadeec for container move.
2023-09-12 21:14:00,384 [main] INFO  balancer.ContainerBalancerTask (ContainerBalancerTask.java:processMoveSelection(569)) - ContainerBalancer is trying to move container #39 with size 4294967296B from source datanode d71f2f30-1c4a-44be-b106-31118344e847 to target datanode 55ae7184-02d4-40cd-865d-ed908efadeec
2023-09-12 21:14:00,384 [main] DEBUG balancer.ContainerBalancerTask (ContainerBalancerTask.java:lambda$moveContainer$3(837)) - Container move completed for container #39 from source d71f2f30-1c4a-44be-b106-31118344e847 to target 55ae7184-02d4-40cd-865d-ed908efadeec
2023-09-12 21:14:00,388 [main] DEBUG balancer.ContainerBalancerTask (ContainerBalancerTask.java:matchSourceWithTarget(708)) - ContainerBalancer is finding suitable target for source datanode 6c850eaa-933e-4188-bb55-9204abd12f8c
2023-09-12 21:14:00,388 [main] INFO  balancer.ContainerBalancerTask (ContainerBalancerTask.java:matchSourceWithTarget(722)) - ContainerBalancer matched source datanode 6c850eaa-933e-4188-bb55-9204abd12f8c with target datanode 55ae7184-02d4-40cd-865d-ed908efadeec for container move.
2023-09-12 21:14:00,388 [main] INFO  balancer.ContainerBalancerTask (ContainerBalancerTask.java:processMoveSelection(569)) - ContainerBalancer is trying to move container #29 with size 5368709120B from source datanode 6c850eaa-933e-4188-bb55-9204abd12f8c to target datanode 55ae7184-02d4-40cd-865d-ed908efadeec
2023-09-12 21:14:00,389 [main] DEBUG balancer.ContainerBalancerTask (ContainerBalancerTask.java:lambda$moveContainer$3(837)) - Container move completed for container #29 from source 6c850eaa-933e-4188-bb55-9204abd12f8c to target 55ae7184-02d4-40cd-865d-ed908efadeec
2023-09-12 21:14:00,392 [main] DEBUG balancer.ContainerBalancerTask (ContainerBalancerTask.java:matchSourceWithTarget(708)) - ContainerBalancer is finding suitable target for source datanode bc03cb99-ef0d-461f-aabe-77d08eb47ae1
2023-09-12 21:14:00,392 [main] INFO  balancer.ContainerBalancerTask (ContainerBalancerTask.java:matchSourceWithTarget(722)) - ContainerBalancer matched source datanode bc03cb99-ef0d-461f-aabe-77d08eb47ae1 with target datanode cd87b36a-935c-4357-9561-f76fb89eb842 for container move.
2023-09-12 21:14:00,392 [main] INFO  balancer.ContainerBalancerTask (ContainerBalancerTask.java:processMoveSelection(569)) - ContainerBalancer is trying to move container #68 with size 5368709120B from source datanode bc03cb99-ef0d-461f-aabe-77d08eb47ae1 to target datanode cd87b36a-935c-4357-9561-f76fb89eb842
2023-09-12 21:14:00,393 [main] DEBUG balancer.ContainerBalancerTask (ContainerBalancerTask.java:lambda$moveContainer$3(837)) - Container move completed for container #68 from source bc03cb99-ef0d-461f-aabe-77d08eb47ae1 to target cd87b36a-935c-4357-9561-f76fb89eb842
2023-09-12 21:14:00,396 [main] DEBUG balancer.ContainerBalancerTask (ContainerBalancerTask.java:matchSourceWithTarget(708)) - ContainerBalancer is finding suitable target for source datanode d71f2f30-1c4a-44be-b106-31118344e847
2023-09-12 21:14:00,396 [main] INFO  balancer.ContainerBalancerTask (ContainerBalancerTask.java:matchSourceWithTarget(722)) - ContainerBalancer matched source datanode d71f2f30-1c4a-44be-b106-31118344e847 with target datanode 55ae7184-02d4-40cd-865d-ed908efadeec for container move.
2023-09-12 21:14:00,396 [main] INFO  balancer.ContainerBalancerTask (ContainerBalancerTask.java:processMoveSelection(569)) - ContainerBalancer is trying to move container #83 with size 3221225472B from source datanode d71f2f30-1c4a-44be-b106-31118344e847 to target datanode 55ae7184-02d4-40cd-865d-ed908efadeec
2023-09-12 21:14:00,396 [main] DEBUG balancer.ContainerBalancerTask (ContainerBalancerTask.java:lambda$moveContainer$3(837)) - Container move completed for container #83 from source d71f2f30-1c4a-44be-b106-31118344e847 to target 55ae7184-02d4-40cd-865d-ed908efadeec
2023-09-12 21:14:00,400 [main] DEBUG balancer.ContainerBalancerTask (ContainerBalancerTask.java:matchSourceWithTarget(708)) - ContainerBalancer is finding suitable target for source datanode 6c850eaa-933e-4188-bb55-9204abd12f8c
2023-09-12 21:14:00,400 [main] INFO  balancer.ContainerBalancerTask (ContainerBalancerTask.java:matchSourceWithTarget(722)) - ContainerBalancer matched source datanode 6c850eaa-933e-4188-bb55-9204abd12f8c with target datanode 55ae7184-02d4-40cd-865d-ed908efadeec for container move.
2023-09-12 21:14:00,400 [main] INFO  balancer.ContainerBalancerTask (ContainerBalancerTask.java:processMoveSelection(569)) - ContainerBalancer is trying to move container #71 with size 3221225472B from source datanode 6c850eaa-933e-4188-bb55-9204abd12f8c to target datanode 55ae7184-02d4-40cd-865d-ed908efadeec
2023-09-12 21:14:00,401 [main] DEBUG balancer.ContainerBalancerTask (ContainerBalancerTask.java:lambda$moveContainer$3(837)) - Container move completed for container #71 from source 6c850eaa-933e-4188-bb55-9204abd12f8c to target 55ae7184-02d4-40cd-865d-ed908efadeec
2023-09-12 21:14:00,404 [main] DEBUG balancer.ContainerBalancerTask (ContainerBalancerTask.java:matchSourceWithTarget(708)) - ContainerBalancer is finding suitable target for source datanode 4a2d510f-468a-4f61-88bb-8d2a2d83c347
2023-09-12 21:14:00,404 [main] INFO  balancer.ContainerBalancerTask (ContainerBalancerTask.java:matchSourceWithTarget(722)) - ContainerBalancer matched source datanode 4a2d510f-468a-4f61-88bb-8d2a2d83c347 with target datanode 55ae7184-02d4-40cd-865d-ed908efadeec for container move.
2023-09-12 21:14:00,404 [main] INFO  balancer.ContainerBalancerTask (ContainerBalancerTask.java:processMoveSelection(569)) - ContainerBalancer is trying to move container #66 with size 3221225472B from source datanode 4a2d510f-468a-4f61-88bb-8d2a2d83c347 to target datanode 55ae7184-02d4-40cd-865d-ed908efadeec
2023-09-12 21:14:00,404 [main] DEBUG balancer.ContainerBalancerTask (ContainerBalancerTask.java:lambda$moveContainer$3(837)) - Container move completed for container #66 from source 4a2d510f-468a-4f61-88bb-8d2a2d83c347 to target 55ae7184-02d4-40cd-865d-ed908efadeec
2023-09-12 21:14:00,408 [main] DEBUG balancer.ContainerBalancerTask (ContainerBalancerTask.java:matchSourceWithTarget(708)) - ContainerBalancer is finding suitable target for source datanode bc03cb99-ef0d-461f-aabe-77d08eb47ae1
2023-09-12 21:14:00,408 [main] INFO  balancer.ContainerBalancerTask (ContainerBalancerTask.java:matchSourceWithTarget(722)) - ContainerBalancer matched source datanode bc03cb99-ef0d-461f-aabe-77d08eb47ae1 with target datanode cd87b36a-935c-4357-9561-f76fb89eb842 for container move.
2023-09-12 21:14:00,408 [main] INFO  balancer.ContainerBalancerTask (ContainerBalancerTask.java:processMoveSelection(569)) - ContainerBalancer is trying to move container #38 with size 3221225472B from source datanode bc03cb99-ef0d-461f-aabe-77d08eb47ae1 to target datanode cd87b36a-935c-4357-9561-f76fb89eb842
2023-09-12 21:14:00,408 [main] DEBUG balancer.ContainerBalancerTask (ContainerBalancerTask.java:lambda$moveContainer$3(837)) - Container move completed for container #38 from source bc03cb99-ef0d-461f-aabe-77d08eb47ae1 to target cd87b36a-935c-4357-9561-f76fb89eb842
2023-09-12 21:14:00,411 [main] DEBUG balancer.ContainerBalancerTask (ContainerBalancerTask.java:matchSourceWithTarget(708)) - ContainerBalancer is finding suitable target for source datanode d71f2f30-1c4a-44be-b106-31118344e847
2023-09-12 21:14:00,412 [main] INFO  balancer.ContainerBalancerTask (ContainerBalancerTask.java:matchSourceWithTarget(722)) - ContainerBalancer matched source datanode d71f2f30-1c4a-44be-b106-31118344e847 with target datanode 55ae7184-02d4-40cd-865d-ed908efadeec for container move.
2023-09-12 21:14:00,412 [main] INFO  balancer.ContainerBalancerTask (ContainerBalancerTask.java:processMoveSelection(569)) - ContainerBalancer is trying to move container #86 with size 1073741824B from source datanode d71f2f30-1c4a-44be-b106-31118344e847 to target datanode 55ae7184-02d4-40cd-865d-ed908efadeec
2023-09-12 21:14:00,412 [main] DEBUG balancer.ContainerBalancerTask (ContainerBalancerTask.java:lambda$moveContainer$3(837)) - Container move completed for container #86 from source d71f2f30-1c4a-44be-b106-31118344e847 to target 55ae7184-02d4-40cd-865d-ed908efadeec
2023-09-12 21:14:00,412 [main] WARN  balancer.ContainerBalancerTask (ContainerBalancerTask.java:reachedMaxSizeToMovePerIteration(733)) - Reached max size to move limit. 53687091200 bytes have already been scheduled for balancing and the limit is 53687091200 bytes.
2023-09-12 21:14:00,412 [main] INFO  balancer.ContainerBalancerTask (ContainerBalancerTask.java:checkIterationMoveResults(642)) - Iteration Summary. Number of Datanodes involved: 7. Size moved: 50 GB (53687091200 Bytes). Number of Container moves completed: 13.
2023-09-12 21:14:00,412 [main] INFO  balancer.ContainerBalancerTask (ContainerBalancerTask.java:balance(259)) - Result of this iteration of Container Balancer: ITERATION_COMPLETED
2023-09-12 21:14:00,412 [main] INFO  balancer.ContainerBalancerTask (ContainerBalancerTask.java:tryStopWithSaveConfiguration(308)) - Save Configuration for stopping. Reason: Completed all iterations.
]]></system-out>
  </testcase>
  <testcase name="testCalculationOfUtilization" classname="org.apache.hadoop.hdds.scm.container.balancer.TestContainerBalancerTask" time="0.028">
    <system-out><![CDATA[2023-09-12 21:14:00,436 [main] INFO  net.NodeSchemaLoader (NodeSchemaLoader.java:loadSchemaFromFile(129)) - Loading schema from [file:/home/runner/work/ozone/ozone/hadoop-hdds/common/target/classes/network-topology-default.xml]
2023-09-12 21:14:00,436 [main] INFO  net.NodeSchemaLoader (NodeSchemaLoader.java:loadSchema(176)) - Loading network topology layer schema file
2023-09-12 21:14:00,438 [main] INFO  net.NetworkTopologyImpl (NetworkTopologyImpl.java:add(112)) - Added a new node: /default-rack/1dd9b26e-de6b-4667-aad3-b80f8ec68933
2023-09-12 21:14:00,438 [main] INFO  net.NetworkTopologyImpl (NetworkTopologyImpl.java:add(112)) - Added a new node: /default-rack/0c1fb805-95fe-47f8-9f15-71f294fd2253
2023-09-12 21:14:00,438 [main] INFO  net.NetworkTopologyImpl (NetworkTopologyImpl.java:add(112)) - Added a new node: /default-rack/2da2a119-b00b-4fb3-ad30-dc720fe37897
2023-09-12 21:14:00,438 [main] INFO  net.NetworkTopologyImpl (NetworkTopologyImpl.java:add(112)) - Added a new node: /default-rack/671bcc99-3b38-4930-9f93-550a5e167683
2023-09-12 21:14:00,438 [main] INFO  net.NetworkTopologyImpl (NetworkTopologyImpl.java:add(112)) - Added a new node: /default-rack/d35ec60b-722d-4fe7-be79-6dc600259293
2023-09-12 21:14:00,438 [main] INFO  net.NetworkTopologyImpl (NetworkTopologyImpl.java:add(112)) - Added a new node: /default-rack/6cf6a699-e9d3-4021-b1e6-4a29de33be88
2023-09-12 21:14:00,439 [main] INFO  net.NetworkTopologyImpl (NetworkTopologyImpl.java:add(112)) - Added a new node: /default-rack/5de0f9ef-575a-4cad-8a2d-c08f20cbabca
2023-09-12 21:14:00,439 [main] INFO  net.NetworkTopologyImpl (NetworkTopologyImpl.java:add(112)) - Added a new node: /default-rack/08451d43-2d62-4b8a-a68a-170e9e393318
2023-09-12 21:14:00,439 [main] INFO  net.NetworkTopologyImpl (NetworkTopologyImpl.java:add(112)) - Added a new node: /default-rack/e4850a3b-7366-47f1-857d-9abc302e922b
2023-09-12 21:14:00,439 [main] INFO  net.NetworkTopologyImpl (NetworkTopologyImpl.java:add(112)) - Added a new node: /default-rack/6a4c99f0-05b0-41a7-934b-ec82aceeb7f3
2023-09-12 21:14:00,439 [main] INFO  algorithms.ContainerPlacementPolicyFactory (ContainerPlacementPolicyFactory.java:getPolicyInternal(86)) - Create container placement policy of type org.apache.hadoop.hdds.scm.container.placement.algorithms.SCMContainerPlacementRackAware
2023-09-12 21:14:00,439 [main] INFO  algorithms.ContainerPlacementPolicyFactory (ContainerPlacementPolicyFactory.java:getPolicyInternal(86)) - Create container placement policy of type org.apache.hadoop.hdds.scm.container.placement.algorithms.SCMContainerPlacementRackScatter
]]></system-out>
  </testcase>
  <testcase name="initializeIterationShouldUpdateUnBalancedNodesWhenThresholdChanges" classname="org.apache.hadoop.hdds.scm.container.balancer.TestContainerBalancerTask" time="0.513">
    <system-out><![CDATA[2023-09-12 21:14:00,469 [main] INFO  net.NodeSchemaLoader (NodeSchemaLoader.java:loadSchemaFromFile(129)) - Loading schema from [file:/home/runner/work/ozone/ozone/hadoop-hdds/common/target/classes/network-topology-default.xml]
2023-09-12 21:14:00,470 [main] INFO  net.NodeSchemaLoader (NodeSchemaLoader.java:loadSchema(176)) - Loading network topology layer schema file
2023-09-12 21:14:00,471 [main] INFO  net.NetworkTopologyImpl (NetworkTopologyImpl.java:add(112)) - Added a new node: /default-rack/6ea9cdb6-40b0-4eeb-9407-c7185c90052b
2023-09-12 21:14:00,471 [main] INFO  net.NetworkTopologyImpl (NetworkTopologyImpl.java:add(112)) - Added a new node: /default-rack/a2a0e2e7-ae45-4fef-bce6-4d93462c0fc6
2023-09-12 21:14:00,471 [main] INFO  net.NetworkTopologyImpl (NetworkTopologyImpl.java:add(112)) - Added a new node: /default-rack/3243c23f-eeb9-4746-81d0-9fd5fea8c92c
2023-09-12 21:14:00,472 [main] INFO  net.NetworkTopologyImpl (NetworkTopologyImpl.java:add(112)) - Added a new node: /default-rack/8b7d5063-613d-4d91-a7df-612a126898ec
2023-09-12 21:14:00,472 [main] INFO  net.NetworkTopologyImpl (NetworkTopologyImpl.java:add(112)) - Added a new node: /default-rack/9942fb12-d332-42ed-9d6a-3aff0c5b7504
2023-09-12 21:14:00,472 [main] INFO  net.NetworkTopologyImpl (NetworkTopologyImpl.java:add(112)) - Added a new node: /default-rack/63ed42ec-28e6-4693-a4b8-2f775114e637
2023-09-12 21:14:00,472 [main] INFO  net.NetworkTopologyImpl (NetworkTopologyImpl.java:add(112)) - Added a new node: /default-rack/6be0a4b7-0a2f-4016-ae64-0dd4ea836ea4
2023-09-12 21:14:00,472 [main] INFO  net.NetworkTopologyImpl (NetworkTopologyImpl.java:add(112)) - Added a new node: /default-rack/070e469f-3ca0-45b5-98cf-e8dd24430fdf
2023-09-12 21:14:00,472 [main] INFO  net.NetworkTopologyImpl (NetworkTopologyImpl.java:add(112)) - Added a new node: /default-rack/a683902e-022d-4de0-abb8-1cb890a4490a
2023-09-12 21:14:00,472 [main] INFO  net.NetworkTopologyImpl (NetworkTopologyImpl.java:add(112)) - Added a new node: /default-rack/7b2f3d4c-ca25-42f3-b139-78a01c526c80
2023-09-12 21:14:00,472 [main] INFO  algorithms.ContainerPlacementPolicyFactory (ContainerPlacementPolicyFactory.java:getPolicyInternal(86)) - Create container placement policy of type org.apache.hadoop.hdds.scm.container.placement.algorithms.SCMContainerPlacementRackAware
2023-09-12 21:14:00,472 [main] INFO  algorithms.ContainerPlacementPolicyFactory (ContainerPlacementPolicyFactory.java:getPolicyInternal(86)) - Create container placement policy of type org.apache.hadoop.hdds.scm.container.placement.algorithms.SCMContainerPlacementRackScatter
2023-09-12 21:14:00,475 [main] DEBUG balancer.ContainerBalancerTask (ContainerBalancerTask.java:initializeIteration(374)) - Average utilization of the cluster is 0.3033549815943624
2023-09-12 21:14:00,476 [main] DEBUG balancer.ContainerBalancerTask (ContainerBalancerTask.java:initializeIteration(386)) - Lower limit for utilization is -0.6000310941845579 and Upper limit for utilization is 1.2067410573732829
2023-09-12 21:14:00,476 [main] DEBUG balancer.ContainerBalancerTask (ContainerBalancerTask.java:initializeIteration(398)) - Utilization for node 8b7d5063-613d-4d91-a7df-612a126898ec with capacity 35791394133B, used 32212254720B, and remaining 3579139413B is 0.9000000000083819
2023-09-12 21:14:00,476 [main] DEBUG balancer.ContainerBalancerTask (ContainerBalancerTask.java:initializeIteration(398)) - Utilization for node 070e469f-3ca0-45b5-98cf-e8dd24430fdf with capacity 49660559360B, used 39728447488B, and remaining 9932111872B is 0.8
2023-09-12 21:14:00,476 [main] DEBUG balancer.ContainerBalancerTask (ContainerBalancerTask.java:initializeIteration(398)) - Utilization for node 7b2f3d4c-ca25-42f3-b139-78a01c526c80 with capacity 95102847268B, used 66571993088B, and remaining 28530854180B is 0.7000000000042059
2023-09-12 21:14:00,476 [main] DEBUG balancer.ContainerBalancerTask (ContainerBalancerTask.java:initializeIteration(398)) - Utilization for node 3243c23f-eeb9-4746-81d0-9fd5fea8c92c with capacity 80530636800B, used 48318382080B, and remaining 32212254720B is 0.6
2023-09-12 21:14:00,476 [main] DEBUG balancer.ContainerBalancerTask (ContainerBalancerTask.java:initializeIteration(398)) - Utilization for node 9942fb12-d332-42ed-9d6a-3aff0c5b7504 with capacity 79456894976B, used 39728447488B, and remaining 39728447488B is 0.5
2023-09-12 21:14:00,476 [main] DEBUG balancer.ContainerBalancerTask (ContainerBalancerTask.java:initializeIteration(398)) - Utilization for node 6ea9cdb6-40b0-4eeb-9407-c7185c90052b with capacity 72477573120B, used 28991029248B, and remaining 43486543872B is 0.4
2023-09-12 21:14:00,476 [main] DEBUG balancer.ContainerBalancerTask (ContainerBalancerTask.java:initializeIteration(398)) - Utilization for node a2a0e2e7-ae45-4fef-bce6-4d93462c0fc6 with capacity 125269879466B, used 37580963840B, and remaining 87688915626B is 0.30000000000159655
2023-09-12 21:14:00,476 [main] DEBUG balancer.ContainerBalancerTask (ContainerBalancerTask.java:initializeIteration(398)) - Utilization for node 6be0a4b7-0a2f-4016-ae64-0dd4ea836ea4 with capacity 236223201280B, used 47244640256B, and remaining 188978561024B is 0.2
2023-09-12 21:14:00,476 [main] DEBUG balancer.ContainerBalancerTask (ContainerBalancerTask.java:initializeIteration(398)) - Utilization for node 63ed42ec-28e6-4693-a4b8-2f775114e637 with capacity 483183820800B, used 48318382080B, and remaining 434865438720B is 0.1
2023-09-12 21:14:00,477 [main] DEBUG balancer.ContainerBalancerTask (ContainerBalancerTask.java:initializeIteration(398)) - Utilization for node a683902e-022d-4de0-abb8-1cb890a4490a with capacity 23622320128B, used 0B, and remaining 23622320128B is 0.0
2023-09-12 21:14:00,477 [main] INFO  balancer.ContainerBalancerTask (ContainerBalancerTask.java:initializeIteration(443)) - Did not find any unbalanced Datanodes.
2023-09-12 21:14:00,477 [main] INFO  balancer.ContainerBalancerTask (ContainerBalancerTask.java:tryStopWithSaveConfiguration(308)) - Save Configuration for stopping. Reason: Could not initialize ContainerBalancer's iteration number 0
2023-09-12 21:14:00,477 [main] DEBUG balancer.ContainerBalancerTask (ContainerBalancerTask.java:initializeIteration(374)) - Average utilization of the cluster is 0.3033549815943624
2023-09-12 21:14:00,478 [main] DEBUG balancer.ContainerBalancerTask (ContainerBalancerTask.java:initializeIteration(386)) - Lower limit for utilization is -0.6132689634436126 and Upper limit for utilization is 1.2199789266323373
2023-09-12 21:14:00,478 [main] DEBUG balancer.ContainerBalancerTask (ContainerBalancerTask.java:initializeIteration(398)) - Utilization for node 8b7d5063-613d-4d91-a7df-612a126898ec with capacity 35791394133B, used 32212254720B, and remaining 3579139413B is 0.9000000000083819
2023-09-12 21:14:00,478 [main] DEBUG balancer.ContainerBalancerTask (ContainerBalancerTask.java:initializeIteration(398)) - Utilization for node 070e469f-3ca0-45b5-98cf-e8dd24430fdf with capacity 49660559360B, used 39728447488B, and remaining 9932111872B is 0.8
2023-09-12 21:14:00,478 [main] DEBUG balancer.ContainerBalancerTask (ContainerBalancerTask.java:initializeIteration(398)) - Utilization for node 7b2f3d4c-ca25-42f3-b139-78a01c526c80 with capacity 95102847268B, used 66571993088B, and remaining 28530854180B is 0.7000000000042059
2023-09-12 21:14:00,478 [main] DEBUG balancer.ContainerBalancerTask (ContainerBalancerTask.java:initializeIteration(398)) - Utilization for node 3243c23f-eeb9-4746-81d0-9fd5fea8c92c with capacity 80530636800B, used 48318382080B, and remaining 32212254720B is 0.6
2023-09-12 21:14:00,478 [main] DEBUG balancer.ContainerBalancerTask (ContainerBalancerTask.java:initializeIteration(398)) - Utilization for node 9942fb12-d332-42ed-9d6a-3aff0c5b7504 with capacity 79456894976B, used 39728447488B, and remaining 39728447488B is 0.5
2023-09-12 21:14:00,478 [main] DEBUG balancer.ContainerBalancerTask (ContainerBalancerTask.java:initializeIteration(398)) - Utilization for node 6ea9cdb6-40b0-4eeb-9407-c7185c90052b with capacity 72477573120B, used 28991029248B, and remaining 43486543872B is 0.4
2023-09-12 21:14:00,478 [main] DEBUG balancer.ContainerBalancerTask (ContainerBalancerTask.java:initializeIteration(398)) - Utilization for node a2a0e2e7-ae45-4fef-bce6-4d93462c0fc6 with capacity 125269879466B, used 37580963840B, and remaining 87688915626B is 0.30000000000159655
2023-09-12 21:14:00,478 [main] DEBUG balancer.ContainerBalancerTask (ContainerBalancerTask.java:initializeIteration(398)) - Utilization for node 6be0a4b7-0a2f-4016-ae64-0dd4ea836ea4 with capacity 236223201280B, used 47244640256B, and remaining 188978561024B is 0.2
2023-09-12 21:14:00,478 [main] DEBUG balancer.ContainerBalancerTask (ContainerBalancerTask.java:initializeIteration(398)) - Utilization for node 63ed42ec-28e6-4693-a4b8-2f775114e637 with capacity 483183820800B, used 48318382080B, and remaining 434865438720B is 0.1
2023-09-12 21:14:00,478 [main] DEBUG balancer.ContainerBalancerTask (ContainerBalancerTask.java:initializeIteration(398)) - Utilization for node a683902e-022d-4de0-abb8-1cb890a4490a with capacity 23622320128B, used 0B, and remaining 23622320128B is 0.0
2023-09-12 21:14:00,479 [main] INFO  balancer.ContainerBalancerTask (ContainerBalancerTask.java:initializeIteration(443)) - Did not find any unbalanced Datanodes.
2023-09-12 21:14:00,479 [main] INFO  balancer.ContainerBalancerTask (ContainerBalancerTask.java:tryStopWithSaveConfiguration(308)) - Save Configuration for stopping. Reason: Could not initialize ContainerBalancer's iteration number 0
2023-09-12 21:14:00,479 [main] DEBUG balancer.ContainerBalancerTask (ContainerBalancerTask.java:initializeIteration(374)) - Average utilization of the cluster is 0.3033549815943624
2023-09-12 21:14:00,480 [main] DEBUG balancer.ContainerBalancerTask (ContainerBalancerTask.java:initializeIteration(386)) - Lower limit for utilization is 0.19842926248639453 and Upper limit for utilization is 0.4082807007023303
2023-09-12 21:14:00,480 [main] DEBUG balancer.ContainerBalancerTask (ContainerBalancerTask.java:initializeIteration(398)) - Utilization for node 8b7d5063-613d-4d91-a7df-612a126898ec with capacity 35791394133B, used 32212254720B, and remaining 3579139413B is 0.9000000000083819
2023-09-12 21:14:00,480 [main] DEBUG balancer.ContainerBalancerTask (ContainerBalancerTask.java:initializeIteration(398)) - Utilization for node 070e469f-3ca0-45b5-98cf-e8dd24430fdf with capacity 49660559360B, used 39728447488B, and remaining 9932111872B is 0.8
2023-09-12 21:14:00,480 [main] DEBUG balancer.ContainerBalancerTask (ContainerBalancerTask.java:initializeIteration(398)) - Utilization for node 7b2f3d4c-ca25-42f3-b139-78a01c526c80 with capacity 95102847268B, used 66571993088B, and remaining 28530854180B is 0.7000000000042059
2023-09-12 21:14:00,480 [main] DEBUG balancer.ContainerBalancerTask (ContainerBalancerTask.java:initializeIteration(398)) - Utilization for node 3243c23f-eeb9-4746-81d0-9fd5fea8c92c with capacity 80530636800B, used 48318382080B, and remaining 32212254720B is 0.6
2023-09-12 21:14:00,480 [main] DEBUG balancer.ContainerBalancerTask (ContainerBalancerTask.java:initializeIteration(398)) - Utilization for node 9942fb12-d332-42ed-9d6a-3aff0c5b7504 with capacity 79456894976B, used 39728447488B, and remaining 39728447488B is 0.5
2023-09-12 21:14:00,480 [main] DEBUG balancer.ContainerBalancerTask (ContainerBalancerTask.java:initializeIteration(398)) - Utilization for node 6ea9cdb6-40b0-4eeb-9407-c7185c90052b with capacity 72477573120B, used 28991029248B, and remaining 43486543872B is 0.4
2023-09-12 21:14:00,480 [main] DEBUG balancer.ContainerBalancerTask (ContainerBalancerTask.java:initializeIteration(398)) - Utilization for node a2a0e2e7-ae45-4fef-bce6-4d93462c0fc6 with capacity 125269879466B, used 37580963840B, and remaining 87688915626B is 0.30000000000159655
2023-09-12 21:14:00,480 [main] DEBUG balancer.ContainerBalancerTask (ContainerBalancerTask.java:initializeIteration(398)) - Utilization for node 6be0a4b7-0a2f-4016-ae64-0dd4ea836ea4 with capacity 236223201280B, used 47244640256B, and remaining 188978561024B is 0.2
2023-09-12 21:14:00,480 [main] DEBUG balancer.ContainerBalancerTask (ContainerBalancerTask.java:initializeIteration(398)) - Utilization for node 63ed42ec-28e6-4693-a4b8-2f775114e637 with capacity 483183820800B, used 48318382080B, and remaining 434865438720B is 0.1
2023-09-12 21:14:00,480 [main] DEBUG balancer.ContainerBalancerTask (ContainerBalancerTask.java:initializeIteration(398)) - Utilization for node a683902e-022d-4de0-abb8-1cb890a4490a with capacity 23622320128B, used 0B, and remaining 23622320128B is 0.0
2023-09-12 21:14:00,481 [main] INFO  balancer.ContainerBalancerTask (ContainerBalancerTask.java:initializeIteration(447)) - Container Balancer has identified 5 Over-Utilized and 2 Under-Utilized Datanodes that need to be balanced.
2023-09-12 21:14:00,481 [main] DEBUG balancer.ContainerBalancerTask (ContainerBalancerTask.java:lambda$initializeIteration$1(453)) - Datanode localhost-2.101.7.160 8b7d5063-613d-4d91-a7df-612a126898ec is Over-Utilized.
2023-09-12 21:14:00,481 [main] DEBUG balancer.ContainerBalancerTask (ContainerBalancerTask.java:lambda$initializeIteration$1(453)) - Datanode localhost-237.218.167.41 070e469f-3ca0-45b5-98cf-e8dd24430fdf is Over-Utilized.
2023-09-12 21:14:00,481 [main] DEBUG balancer.ContainerBalancerTask (ContainerBalancerTask.java:lambda$initializeIteration$1(453)) - Datanode localhost-244.245.40.170 7b2f3d4c-ca25-42f3-b139-78a01c526c80 is Over-Utilized.
2023-09-12 21:14:00,481 [main] DEBUG balancer.ContainerBalancerTask (ContainerBalancerTask.java:lambda$initializeIteration$1(453)) - Datanode localhost-233.178.191.166 3243c23f-eeb9-4746-81d0-9fd5fea8c92c is Over-Utilized.
2023-09-12 21:14:00,481 [main] DEBUG balancer.ContainerBalancerTask (ContainerBalancerTask.java:lambda$initializeIteration$1(453)) - Datanode localhost-11.222.135.196 9942fb12-d332-42ed-9d6a-3aff0c5b7504 is Over-Utilized.
2023-09-12 21:14:00,481 [main] DEBUG balancer.ContainerBalancerTask (ContainerBalancerTask.java:lambda$initializeIteration$2(459)) - Datanode localhost-32.56.199.203 a683902e-022d-4de0-abb8-1cb890a4490a is Under-Utilized.
2023-09-12 21:14:00,481 [main] DEBUG balancer.ContainerBalancerTask (ContainerBalancerTask.java:lambda$initializeIteration$2(459)) - Datanode localhost-232.77.218.91 63ed42ec-28e6-4693-a4b8-2f775114e637 is Under-Utilized.
2023-09-12 21:14:00,483 [main] DEBUG balancer.ContainerBalancerTask (ContainerBalancerTask.java:matchSourceWithTarget(708)) - ContainerBalancer is finding suitable target for source datanode 8b7d5063-613d-4d91-a7df-612a126898ec
2023-09-12 21:14:00,483 [main] INFO  balancer.ContainerBalancerTask (ContainerBalancerTask.java:matchSourceWithTarget(722)) - ContainerBalancer matched source datanode 8b7d5063-613d-4d91-a7df-612a126898ec with target datanode a683902e-022d-4de0-abb8-1cb890a4490a for container move.
2023-09-12 21:14:00,483 [main] INFO  balancer.ContainerBalancerTask (ContainerBalancerTask.java:processMoveSelection(569)) - ContainerBalancer is trying to move container #85 with size 5368709120B from source datanode 8b7d5063-613d-4d91-a7df-612a126898ec to target datanode a683902e-022d-4de0-abb8-1cb890a4490a
2023-09-12 21:14:00,483 [main] DEBUG balancer.ContainerBalancerTask (ContainerBalancerTask.java:lambda$moveContainer$3(837)) - Container move completed for container #85 from source 8b7d5063-613d-4d91-a7df-612a126898ec to target a683902e-022d-4de0-abb8-1cb890a4490a
2023-09-12 21:14:00,485 [main] DEBUG balancer.ContainerBalancerTask (ContainerBalancerTask.java:matchSourceWithTarget(708)) - ContainerBalancer is finding suitable target for source datanode 070e469f-3ca0-45b5-98cf-e8dd24430fdf
2023-09-12 21:14:00,485 [main] INFO  balancer.ContainerBalancerTask (ContainerBalancerTask.java:matchSourceWithTarget(722)) - ContainerBalancer matched source datanode 070e469f-3ca0-45b5-98cf-e8dd24430fdf with target datanode 63ed42ec-28e6-4693-a4b8-2f775114e637 for container move.
2023-09-12 21:14:00,486 [main] INFO  balancer.ContainerBalancerTask (ContainerBalancerTask.java:processMoveSelection(569)) - ContainerBalancer is trying to move container #68 with size 5368709120B from source datanode 070e469f-3ca0-45b5-98cf-e8dd24430fdf to target datanode 63ed42ec-28e6-4693-a4b8-2f775114e637
2023-09-12 21:14:00,486 [main] DEBUG balancer.ContainerBalancerTask (ContainerBalancerTask.java:lambda$moveContainer$3(837)) - Container move completed for container #68 from source 070e469f-3ca0-45b5-98cf-e8dd24430fdf to target 63ed42ec-28e6-4693-a4b8-2f775114e637
2023-09-12 21:14:00,487 [main] DEBUG balancer.ContainerBalancerTask (ContainerBalancerTask.java:matchSourceWithTarget(708)) - ContainerBalancer is finding suitable target for source datanode 8b7d5063-613d-4d91-a7df-612a126898ec
2023-09-12 21:14:00,488 [main] INFO  balancer.ContainerBalancerTask (ContainerBalancerTask.java:matchSourceWithTarget(722)) - ContainerBalancer matched source datanode 8b7d5063-613d-4d91-a7df-612a126898ec with target datanode 63ed42ec-28e6-4693-a4b8-2f775114e637 for container move.
2023-09-12 21:14:00,488 [main] INFO  balancer.ContainerBalancerTask (ContainerBalancerTask.java:processMoveSelection(569)) - ContainerBalancer is trying to move container #87 with size 2147483648B from source datanode 8b7d5063-613d-4d91-a7df-612a126898ec to target datanode 63ed42ec-28e6-4693-a4b8-2f775114e637
2023-09-12 21:14:00,488 [main] DEBUG balancer.ContainerBalancerTask (ContainerBalancerTask.java:lambda$moveContainer$3(837)) - Container move completed for container #87 from source 8b7d5063-613d-4d91-a7df-612a126898ec to target 63ed42ec-28e6-4693-a4b8-2f775114e637
2023-09-12 21:14:00,492 [main] DEBUG balancer.ContainerBalancerTask (ContainerBalancerTask.java:matchSourceWithTarget(708)) - ContainerBalancer is finding suitable target for source datanode 7b2f3d4c-ca25-42f3-b139-78a01c526c80
2023-09-12 21:14:00,492 [main] INFO  balancer.ContainerBalancerTask (ContainerBalancerTask.java:matchSourceWithTarget(722)) - ContainerBalancer matched source datanode 7b2f3d4c-ca25-42f3-b139-78a01c526c80 with target datanode 63ed42ec-28e6-4693-a4b8-2f775114e637 for container move.
2023-09-12 21:14:00,492 [main] INFO  balancer.ContainerBalancerTask (ContainerBalancerTask.java:processMoveSelection(569)) - ContainerBalancer is trying to move container #53 with size 5368709120B from source datanode 7b2f3d4c-ca25-42f3-b139-78a01c526c80 to target datanode 63ed42ec-28e6-4693-a4b8-2f775114e637
2023-09-12 21:14:00,492 [main] DEBUG balancer.ContainerBalancerTask (ContainerBalancerTask.java:lambda$moveContainer$3(837)) - Container move completed for container #53 from source 7b2f3d4c-ca25-42f3-b139-78a01c526c80 to target 63ed42ec-28e6-4693-a4b8-2f775114e637
2023-09-12 21:14:00,494 [main] DEBUG balancer.ContainerBalancerTask (ContainerBalancerTask.java:matchSourceWithTarget(708)) - ContainerBalancer is finding suitable target for source datanode 070e469f-3ca0-45b5-98cf-e8dd24430fdf
2023-09-12 21:14:00,495 [main] INFO  balancer.ContainerBalancerTask (ContainerBalancerTask.java:matchSourceWithTarget(722)) - ContainerBalancer matched source datanode 070e469f-3ca0-45b5-98cf-e8dd24430fdf with target datanode 63ed42ec-28e6-4693-a4b8-2f775114e637 for container move.
2023-09-12 21:14:00,495 [main] INFO  balancer.ContainerBalancerTask (ContainerBalancerTask.java:processMoveSelection(569)) - ContainerBalancer is trying to move container #40 with size 5368709120B from source datanode 070e469f-3ca0-45b5-98cf-e8dd24430fdf to target datanode 63ed42ec-28e6-4693-a4b8-2f775114e637
2023-09-12 21:14:00,495 [main] DEBUG balancer.ContainerBalancerTask (ContainerBalancerTask.java:lambda$moveContainer$3(837)) - Container move completed for container #40 from source 070e469f-3ca0-45b5-98cf-e8dd24430fdf to target 63ed42ec-28e6-4693-a4b8-2f775114e637
2023-09-12 21:14:00,500 [main] DEBUG balancer.ContainerBalancerTask (ContainerBalancerTask.java:matchSourceWithTarget(708)) - ContainerBalancer is finding suitable target for source datanode 8b7d5063-613d-4d91-a7df-612a126898ec
2023-09-12 21:14:00,500 [main] INFO  balancer.ContainerBalancerTask (ContainerBalancerTask.java:matchSourceWithTarget(722)) - ContainerBalancer matched source datanode 8b7d5063-613d-4d91-a7df-612a126898ec with target datanode 63ed42ec-28e6-4693-a4b8-2f775114e637 for container move.
2023-09-12 21:14:00,500 [main] INFO  balancer.ContainerBalancerTask (ContainerBalancerTask.java:processMoveSelection(569)) - ContainerBalancer is trying to move container #82 with size 2147483648B from source datanode 8b7d5063-613d-4d91-a7df-612a126898ec to target datanode 63ed42ec-28e6-4693-a4b8-2f775114e637
2023-09-12 21:14:00,500 [main] DEBUG balancer.ContainerBalancerTask (ContainerBalancerTask.java:lambda$moveContainer$3(837)) - Container move completed for container #82 from source 8b7d5063-613d-4d91-a7df-612a126898ec to target 63ed42ec-28e6-4693-a4b8-2f775114e637
2023-09-12 21:14:00,504 [main] DEBUG balancer.ContainerBalancerTask (ContainerBalancerTask.java:matchSourceWithTarget(708)) - ContainerBalancer is finding suitable target for source datanode 7b2f3d4c-ca25-42f3-b139-78a01c526c80
2023-09-12 21:14:00,505 [main] INFO  balancer.ContainerBalancerTask (ContainerBalancerTask.java:matchSourceWithTarget(722)) - ContainerBalancer matched source datanode 7b2f3d4c-ca25-42f3-b139-78a01c526c80 with target datanode 63ed42ec-28e6-4693-a4b8-2f775114e637 for container move.
2023-09-12 21:14:00,505 [main] INFO  balancer.ContainerBalancerTask (ContainerBalancerTask.java:processMoveSelection(569)) - ContainerBalancer is trying to move container #52 with size 4294967296B from source datanode 7b2f3d4c-ca25-42f3-b139-78a01c526c80 to target datanode 63ed42ec-28e6-4693-a4b8-2f775114e637
2023-09-12 21:14:00,505 [main] DEBUG balancer.ContainerBalancerTask (ContainerBalancerTask.java:lambda$moveContainer$3(837)) - Container move completed for container #52 from source 7b2f3d4c-ca25-42f3-b139-78a01c526c80 to target 63ed42ec-28e6-4693-a4b8-2f775114e637
2023-09-12 21:14:00,507 [main] DEBUG balancer.ContainerBalancerTask (ContainerBalancerTask.java:matchSourceWithTarget(708)) - ContainerBalancer is finding suitable target for source datanode 8b7d5063-613d-4d91-a7df-612a126898ec
2023-09-12 21:14:00,507 [main] INFO  balancer.ContainerBalancerTask (ContainerBalancerTask.java:matchSourceWithTarget(722)) - ContainerBalancer matched source datanode 8b7d5063-613d-4d91-a7df-612a126898ec with target datanode 63ed42ec-28e6-4693-a4b8-2f775114e637 for container move.
2023-09-12 21:14:00,507 [main] INFO  balancer.ContainerBalancerTask (ContainerBalancerTask.java:processMoveSelection(569)) - ContainerBalancer is trying to move container #10 with size 2147483648B from source datanode 8b7d5063-613d-4d91-a7df-612a126898ec to target datanode 63ed42ec-28e6-4693-a4b8-2f775114e637
2023-09-12 21:14:00,509 [main] DEBUG balancer.ContainerBalancerTask (ContainerBalancerTask.java:lambda$moveContainer$3(837)) - Container move completed for container #10 from source 8b7d5063-613d-4d91-a7df-612a126898ec to target 63ed42ec-28e6-4693-a4b8-2f775114e637
2023-09-12 21:14:00,513 [main] DEBUG balancer.ContainerBalancerTask (ContainerBalancerTask.java:matchSourceWithTarget(708)) - ContainerBalancer is finding suitable target for source datanode 3243c23f-eeb9-4746-81d0-9fd5fea8c92c
2023-09-12 21:14:00,513 [main] INFO  balancer.ContainerBalancerTask (ContainerBalancerTask.java:matchSourceWithTarget(722)) - ContainerBalancer matched source datanode 3243c23f-eeb9-4746-81d0-9fd5fea8c92c with target datanode 63ed42ec-28e6-4693-a4b8-2f775114e637 for container move.
2023-09-12 21:14:00,513 [main] INFO  balancer.ContainerBalancerTask (ContainerBalancerTask.java:processMoveSelection(569)) - ContainerBalancer is trying to move container #39 with size 4294967296B from source datanode 3243c23f-eeb9-4746-81d0-9fd5fea8c92c to target datanode 63ed42ec-28e6-4693-a4b8-2f775114e637
2023-09-12 21:14:00,513 [main] DEBUG balancer.ContainerBalancerTask (ContainerBalancerTask.java:lambda$moveContainer$3(837)) - Container move completed for container #39 from source 3243c23f-eeb9-4746-81d0-9fd5fea8c92c to target 63ed42ec-28e6-4693-a4b8-2f775114e637
2023-09-12 21:14:00,517 [main] DEBUG balancer.ContainerBalancerTask (ContainerBalancerTask.java:matchSourceWithTarget(708)) - ContainerBalancer is finding suitable target for source datanode 7b2f3d4c-ca25-42f3-b139-78a01c526c80
2023-09-12 21:14:00,518 [main] INFO  balancer.ContainerBalancerTask (ContainerBalancerTask.java:matchSourceWithTarget(722)) - ContainerBalancer matched source datanode 7b2f3d4c-ca25-42f3-b139-78a01c526c80 with target datanode 63ed42ec-28e6-4693-a4b8-2f775114e637 for container move.
2023-09-12 21:14:00,518 [main] INFO  balancer.ContainerBalancerTask (ContainerBalancerTask.java:processMoveSelection(569)) - ContainerBalancer is trying to move container #71 with size 3221225472B from source datanode 7b2f3d4c-ca25-42f3-b139-78a01c526c80 to target datanode 63ed42ec-28e6-4693-a4b8-2f775114e637
2023-09-12 21:14:00,518 [main] DEBUG balancer.ContainerBalancerTask (ContainerBalancerTask.java:lambda$moveContainer$3(837)) - Container move completed for container #71 from source 7b2f3d4c-ca25-42f3-b139-78a01c526c80 to target 63ed42ec-28e6-4693-a4b8-2f775114e637
2023-09-12 21:14:00,520 [main] DEBUG balancer.ContainerBalancerTask (ContainerBalancerTask.java:matchSourceWithTarget(708)) - ContainerBalancer is finding suitable target for source datanode 070e469f-3ca0-45b5-98cf-e8dd24430fdf
2023-09-12 21:14:00,521 [main] INFO  balancer.ContainerBalancerTask (ContainerBalancerTask.java:matchSourceWithTarget(722)) - ContainerBalancer matched source datanode 070e469f-3ca0-45b5-98cf-e8dd24430fdf with target datanode 63ed42ec-28e6-4693-a4b8-2f775114e637 for container move.
2023-09-12 21:14:00,521 [main] INFO  balancer.ContainerBalancerTask (ContainerBalancerTask.java:processMoveSelection(569)) - ContainerBalancer is trying to move container #67 with size 4294967296B from source datanode 070e469f-3ca0-45b5-98cf-e8dd24430fdf to target datanode 63ed42ec-28e6-4693-a4b8-2f775114e637
2023-09-12 21:14:00,521 [main] DEBUG balancer.ContainerBalancerTask (ContainerBalancerTask.java:lambda$moveContainer$3(837)) - Container move completed for container #67 from source 070e469f-3ca0-45b5-98cf-e8dd24430fdf to target 63ed42ec-28e6-4693-a4b8-2f775114e637
2023-09-12 21:14:00,523 [main] DEBUG balancer.ContainerBalancerTask (ContainerBalancerTask.java:matchSourceWithTarget(708)) - ContainerBalancer is finding suitable target for source datanode 8b7d5063-613d-4d91-a7df-612a126898ec
2023-09-12 21:14:00,523 [main] INFO  balancer.ContainerBalancerTask (ContainerBalancerTask.java:matchSourceWithTarget(722)) - ContainerBalancer matched source datanode 8b7d5063-613d-4d91-a7df-612a126898ec with target datanode 63ed42ec-28e6-4693-a4b8-2f775114e637 for container move.
2023-09-12 21:14:00,524 [main] INFO  balancer.ContainerBalancerTask (ContainerBalancerTask.java:processMoveSelection(569)) - ContainerBalancer is trying to move container #86 with size 1073741824B from source datanode 8b7d5063-613d-4d91-a7df-612a126898ec to target datanode 63ed42ec-28e6-4693-a4b8-2f775114e637
2023-09-12 21:14:00,524 [main] DEBUG balancer.ContainerBalancerTask (ContainerBalancerTask.java:lambda$moveContainer$3(837)) - Container move completed for container #86 from source 8b7d5063-613d-4d91-a7df-612a126898ec to target 63ed42ec-28e6-4693-a4b8-2f775114e637
2023-09-12 21:14:00,528 [main] DEBUG balancer.ContainerBalancerTask (ContainerBalancerTask.java:matchSourceWithTarget(708)) - ContainerBalancer is finding suitable target for source datanode 7b2f3d4c-ca25-42f3-b139-78a01c526c80
2023-09-12 21:14:00,529 [main] INFO  balancer.ContainerBalancerTask (ContainerBalancerTask.java:matchSourceWithTarget(722)) - ContainerBalancer matched source datanode 7b2f3d4c-ca25-42f3-b139-78a01c526c80 with target datanode 63ed42ec-28e6-4693-a4b8-2f775114e637 for container move.
2023-09-12 21:14:00,529 [main] INFO  balancer.ContainerBalancerTask (ContainerBalancerTask.java:processMoveSelection(569)) - ContainerBalancer is trying to move container #66 with size 3221225472B from source datanode 7b2f3d4c-ca25-42f3-b139-78a01c526c80 to target datanode 63ed42ec-28e6-4693-a4b8-2f775114e637
2023-09-12 21:14:00,529 [main] DEBUG balancer.ContainerBalancerTask (ContainerBalancerTask.java:lambda$moveContainer$3(837)) - Container move completed for container #66 from source 7b2f3d4c-ca25-42f3-b139-78a01c526c80 to target 63ed42ec-28e6-4693-a4b8-2f775114e637
2023-09-12 21:14:00,532 [main] DEBUG balancer.ContainerBalancerTask (ContainerBalancerTask.java:matchSourceWithTarget(708)) - ContainerBalancer is finding suitable target for source datanode 3243c23f-eeb9-4746-81d0-9fd5fea8c92c
2023-09-12 21:14:00,532 [main] INFO  balancer.ContainerBalancerTask (ContainerBalancerTask.java:matchSourceWithTarget(722)) - ContainerBalancer matched source datanode 3243c23f-eeb9-4746-81d0-9fd5fea8c92c with target datanode 63ed42ec-28e6-4693-a4b8-2f775114e637 for container move.
2023-09-12 21:14:00,533 [main] INFO  balancer.ContainerBalancerTask (ContainerBalancerTask.java:processMoveSelection(569)) - ContainerBalancer is trying to move container #38 with size 3221225472B from source datanode 3243c23f-eeb9-4746-81d0-9fd5fea8c92c to target datanode 63ed42ec-28e6-4693-a4b8-2f775114e637
2023-09-12 21:14:00,533 [main] DEBUG balancer.ContainerBalancerTask (ContainerBalancerTask.java:lambda$moveContainer$3(837)) - Container move completed for container #38 from source 3243c23f-eeb9-4746-81d0-9fd5fea8c92c to target 63ed42ec-28e6-4693-a4b8-2f775114e637
2023-09-12 21:14:00,534 [main] DEBUG balancer.ContainerBalancerTask (ContainerBalancerTask.java:matchSourceWithTarget(708)) - ContainerBalancer is finding suitable target for source datanode 8b7d5063-613d-4d91-a7df-612a126898ec
2023-09-12 21:14:00,534 [main] INFO  balancer.ContainerBalancerTask (ContainerBalancerTask.java:matchSourceWithTarget(722)) - ContainerBalancer matched source datanode 8b7d5063-613d-4d91-a7df-612a126898ec with target datanode 63ed42ec-28e6-4693-a4b8-2f775114e637 for container move.
2023-09-12 21:14:00,534 [main] INFO  balancer.ContainerBalancerTask (ContainerBalancerTask.java:processMoveSelection(569)) - ContainerBalancer is trying to move container #49 with size 1073741824B from source datanode 8b7d5063-613d-4d91-a7df-612a126898ec to target datanode 63ed42ec-28e6-4693-a4b8-2f775114e637
2023-09-12 21:14:00,535 [main] DEBUG balancer.ContainerBalancerTask (ContainerBalancerTask.java:lambda$moveContainer$3(837)) - Container move completed for container #49 from source 8b7d5063-613d-4d91-a7df-612a126898ec to target 63ed42ec-28e6-4693-a4b8-2f775114e637
2023-09-12 21:14:00,539 [main] DEBUG balancer.ContainerBalancerTask (ContainerBalancerTask.java:matchSourceWithTarget(708)) - ContainerBalancer is finding suitable target for source datanode 7b2f3d4c-ca25-42f3-b139-78a01c526c80
2023-09-12 21:14:00,539 [main] INFO  balancer.ContainerBalancerTask (ContainerBalancerTask.java:matchSourceWithTarget(722)) - ContainerBalancer matched source datanode 7b2f3d4c-ca25-42f3-b139-78a01c526c80 with target datanode 63ed42ec-28e6-4693-a4b8-2f775114e637 for container move.
2023-09-12 21:14:00,539 [main] INFO  balancer.ContainerBalancerTask (ContainerBalancerTask.java:processMoveSelection(569)) - ContainerBalancer is trying to move container #41 with size 1073741824B from source datanode 7b2f3d4c-ca25-42f3-b139-78a01c526c80 to target datanode 63ed42ec-28e6-4693-a4b8-2f775114e637
2023-09-12 21:14:00,540 [main] DEBUG balancer.ContainerBalancerTask (ContainerBalancerTask.java:lambda$moveContainer$3(837)) - Container move completed for container #41 from source 7b2f3d4c-ca25-42f3-b139-78a01c526c80 to target 63ed42ec-28e6-4693-a4b8-2f775114e637
2023-09-12 21:14:00,540 [main] WARN  balancer.ContainerBalancerTask (ContainerBalancerTask.java:reachedMaxSizeToMovePerIteration(733)) - Reached max size to move limit. 53687091200 bytes have already been scheduled for balancing and the limit is 53687091200 bytes.
2023-09-12 21:14:00,540 [main] INFO  balancer.ContainerBalancerTask (ContainerBalancerTask.java:checkIterationMoveResults(642)) - Iteration Summary. Number of Datanodes involved: 6. Size moved: 50 GB (53687091200 Bytes). Number of Container moves completed: 16.
2023-09-12 21:14:00,540 [main] INFO  balancer.ContainerBalancerTask (ContainerBalancerTask.java:balance(259)) - Result of this iteration of Container Balancer: ITERATION_COMPLETED
2023-09-12 21:14:00,540 [main] INFO  balancer.ContainerBalancerTask (ContainerBalancerTask.java:tryStopWithSaveConfiguration(308)) - Save Configuration for stopping. Reason: Completed all iterations.
2023-09-12 21:14:00,541 [main] DEBUG balancer.ContainerBalancerTask (ContainerBalancerTask.java:initializeIteration(374)) - Average utilization of the cluster is 0.3033549815943624
2023-09-12 21:14:00,541 [main] DEBUG balancer.ContainerBalancerTask (ContainerBalancerTask.java:initializeIteration(386)) - Lower limit for utilization is -0.6656211465270849 and Upper limit for utilization is 1.2723311097158099
2023-09-12 21:14:00,541 [main] DEBUG balancer.ContainerBalancerTask (ContainerBalancerTask.java:initializeIteration(398)) - Utilization for node 8b7d5063-613d-4d91-a7df-612a126898ec with capacity 35791394133B, used 32212254720B, and remaining 3579139413B is 0.9000000000083819
2023-09-12 21:14:00,541 [main] DEBUG balancer.ContainerBalancerTask (ContainerBalancerTask.java:initializeIteration(398)) - Utilization for node 070e469f-3ca0-45b5-98cf-e8dd24430fdf with capacity 49660559360B, used 39728447488B, and remaining 9932111872B is 0.8
2023-09-12 21:14:00,542 [main] DEBUG balancer.ContainerBalancerTask (ContainerBalancerTask.java:initializeIteration(398)) - Utilization for node 7b2f3d4c-ca25-42f3-b139-78a01c526c80 with capacity 95102847268B, used 66571993088B, and remaining 28530854180B is 0.7000000000042059
2023-09-12 21:14:00,542 [main] DEBUG balancer.ContainerBalancerTask (ContainerBalancerTask.java:initializeIteration(398)) - Utilization for node 3243c23f-eeb9-4746-81d0-9fd5fea8c92c with capacity 80530636800B, used 48318382080B, and remaining 32212254720B is 0.6
2023-09-12 21:14:00,542 [main] DEBUG balancer.ContainerBalancerTask (ContainerBalancerTask.java:initializeIteration(398)) - Utilization for node 9942fb12-d332-42ed-9d6a-3aff0c5b7504 with capacity 79456894976B, used 39728447488B, and remaining 39728447488B is 0.5
2023-09-12 21:14:00,542 [main] DEBUG balancer.ContainerBalancerTask (ContainerBalancerTask.java:initializeIteration(398)) - Utilization for node 6ea9cdb6-40b0-4eeb-9407-c7185c90052b with capacity 72477573120B, used 28991029248B, and remaining 43486543872B is 0.4
2023-09-12 21:14:00,542 [main] DEBUG balancer.ContainerBalancerTask (ContainerBalancerTask.java:initializeIteration(398)) - Utilization for node a2a0e2e7-ae45-4fef-bce6-4d93462c0fc6 with capacity 125269879466B, used 37580963840B, and remaining 87688915626B is 0.30000000000159655
2023-09-12 21:14:00,542 [main] DEBUG balancer.ContainerBalancerTask (ContainerBalancerTask.java:initializeIteration(398)) - Utilization for node 6be0a4b7-0a2f-4016-ae64-0dd4ea836ea4 with capacity 236223201280B, used 47244640256B, and remaining 188978561024B is 0.2
2023-09-12 21:14:00,542 [main] DEBUG balancer.ContainerBalancerTask (ContainerBalancerTask.java:initializeIteration(398)) - Utilization for node 63ed42ec-28e6-4693-a4b8-2f775114e637 with capacity 483183820800B, used 48318382080B, and remaining 434865438720B is 0.1
2023-09-12 21:14:00,542 [main] DEBUG balancer.ContainerBalancerTask (ContainerBalancerTask.java:initializeIteration(398)) - Utilization for node a683902e-022d-4de0-abb8-1cb890a4490a with capacity 23622320128B, used 0B, and remaining 23622320128B is 0.0
2023-09-12 21:14:00,542 [main] INFO  balancer.ContainerBalancerTask (ContainerBalancerTask.java:initializeIteration(443)) - Did not find any unbalanced Datanodes.
2023-09-12 21:14:00,542 [main] INFO  balancer.ContainerBalancerTask (ContainerBalancerTask.java:tryStopWithSaveConfiguration(308)) - Save Configuration for stopping. Reason: Could not initialize ContainerBalancer's iteration number 0
2023-09-12 21:14:00,543 [main] DEBUG balancer.ContainerBalancerTask (ContainerBalancerTask.java:initializeIteration(374)) - Average utilization of the cluster is 0.3033549815943624
2023-09-12 21:14:00,543 [main] DEBUG balancer.ContainerBalancerTask (ContainerBalancerTask.java:initializeIteration(386)) - Lower limit for utilization is 0.04248408199221926 and Upper limit for utilization is 0.5642258811965055
2023-09-12 21:14:00,543 [main] DEBUG balancer.ContainerBalancerTask (ContainerBalancerTask.java:initializeIteration(398)) - Utilization for node 8b7d5063-613d-4d91-a7df-612a126898ec with capacity 35791394133B, used 32212254720B, and remaining 3579139413B is 0.9000000000083819
2023-09-12 21:14:00,544 [main] DEBUG balancer.ContainerBalancerTask (ContainerBalancerTask.java:initializeIteration(398)) - Utilization for node 070e469f-3ca0-45b5-98cf-e8dd24430fdf with capacity 49660559360B, used 39728447488B, and remaining 9932111872B is 0.8
2023-09-12 21:14:00,544 [main] DEBUG balancer.ContainerBalancerTask (ContainerBalancerTask.java:initializeIteration(398)) - Utilization for node 7b2f3d4c-ca25-42f3-b139-78a01c526c80 with capacity 95102847268B, used 66571993088B, and remaining 28530854180B is 0.7000000000042059
2023-09-12 21:14:00,544 [main] DEBUG balancer.ContainerBalancerTask (ContainerBalancerTask.java:initializeIteration(398)) - Utilization for node 3243c23f-eeb9-4746-81d0-9fd5fea8c92c with capacity 80530636800B, used 48318382080B, and remaining 32212254720B is 0.6
2023-09-12 21:14:00,544 [main] DEBUG balancer.ContainerBalancerTask (ContainerBalancerTask.java:initializeIteration(398)) - Utilization for node 9942fb12-d332-42ed-9d6a-3aff0c5b7504 with capacity 79456894976B, used 39728447488B, and remaining 39728447488B is 0.5
2023-09-12 21:14:00,544 [main] DEBUG balancer.ContainerBalancerTask (ContainerBalancerTask.java:initializeIteration(398)) - Utilization for node 6ea9cdb6-40b0-4eeb-9407-c7185c90052b with capacity 72477573120B, used 28991029248B, and remaining 43486543872B is 0.4
2023-09-12 21:14:00,544 [main] DEBUG balancer.ContainerBalancerTask (ContainerBalancerTask.java:initializeIteration(398)) - Utilization for node a2a0e2e7-ae45-4fef-bce6-4d93462c0fc6 with capacity 125269879466B, used 37580963840B, and remaining 87688915626B is 0.30000000000159655
2023-09-12 21:14:00,544 [main] DEBUG balancer.ContainerBalancerTask (ContainerBalancerTask.java:initializeIteration(398)) - Utilization for node 6be0a4b7-0a2f-4016-ae64-0dd4ea836ea4 with capacity 236223201280B, used 47244640256B, and remaining 188978561024B is 0.2
2023-09-12 21:14:00,544 [main] DEBUG balancer.ContainerBalancerTask (ContainerBalancerTask.java:initializeIteration(398)) - Utilization for node 63ed42ec-28e6-4693-a4b8-2f775114e637 with capacity 483183820800B, used 48318382080B, and remaining 434865438720B is 0.1
2023-09-12 21:14:00,544 [main] DEBUG balancer.ContainerBalancerTask (ContainerBalancerTask.java:initializeIteration(398)) - Utilization for node a683902e-022d-4de0-abb8-1cb890a4490a with capacity 23622320128B, used 0B, and remaining 23622320128B is 0.0
2023-09-12 21:14:00,544 [main] INFO  balancer.ContainerBalancerTask (ContainerBalancerTask.java:initializeIteration(447)) - Container Balancer has identified 4 Over-Utilized and 1 Under-Utilized Datanodes that need to be balanced.
2023-09-12 21:14:00,544 [main] DEBUG balancer.ContainerBalancerTask (ContainerBalancerTask.java:lambda$initializeIteration$1(453)) - Datanode localhost-2.101.7.160 8b7d5063-613d-4d91-a7df-612a126898ec is Over-Utilized.
2023-09-12 21:14:00,545 [main] DEBUG balancer.ContainerBalancerTask (ContainerBalancerTask.java:lambda$initializeIteration$1(453)) - Datanode localhost-237.218.167.41 070e469f-3ca0-45b5-98cf-e8dd24430fdf is Over-Utilized.
2023-09-12 21:14:00,545 [main] DEBUG balancer.ContainerBalancerTask (ContainerBalancerTask.java:lambda$initializeIteration$1(453)) - Datanode localhost-244.245.40.170 7b2f3d4c-ca25-42f3-b139-78a01c526c80 is Over-Utilized.
2023-09-12 21:14:00,545 [main] DEBUG balancer.ContainerBalancerTask (ContainerBalancerTask.java:lambda$initializeIteration$1(453)) - Datanode localhost-233.178.191.166 3243c23f-eeb9-4746-81d0-9fd5fea8c92c is Over-Utilized.
2023-09-12 21:14:00,545 [main] DEBUG balancer.ContainerBalancerTask (ContainerBalancerTask.java:lambda$initializeIteration$2(459)) - Datanode localhost-32.56.199.203 a683902e-022d-4de0-abb8-1cb890a4490a is Under-Utilized.
2023-09-12 21:14:00,546 [main] DEBUG balancer.ContainerBalancerTask (ContainerBalancerTask.java:matchSourceWithTarget(708)) - ContainerBalancer is finding suitable target for source datanode 8b7d5063-613d-4d91-a7df-612a126898ec
2023-09-12 21:14:00,547 [main] INFO  balancer.ContainerBalancerTask (ContainerBalancerTask.java:matchSourceWithTarget(722)) - ContainerBalancer matched source datanode 8b7d5063-613d-4d91-a7df-612a126898ec with target datanode a683902e-022d-4de0-abb8-1cb890a4490a for container move.
2023-09-12 21:14:00,547 [main] INFO  balancer.ContainerBalancerTask (ContainerBalancerTask.java:processMoveSelection(569)) - ContainerBalancer is trying to move container #85 with size 5368709120B from source datanode 8b7d5063-613d-4d91-a7df-612a126898ec to target datanode a683902e-022d-4de0-abb8-1cb890a4490a
2023-09-12 21:14:00,547 [main] DEBUG balancer.ContainerBalancerTask (ContainerBalancerTask.java:lambda$moveContainer$3(837)) - Container move completed for container #85 from source 8b7d5063-613d-4d91-a7df-612a126898ec to target a683902e-022d-4de0-abb8-1cb890a4490a
2023-09-12 21:14:00,549 [main] DEBUG balancer.ContainerBalancerTask (ContainerBalancerTask.java:matchSourceWithTarget(708)) - ContainerBalancer is finding suitable target for source datanode 070e469f-3ca0-45b5-98cf-e8dd24430fdf
2023-09-12 21:14:00,549 [main] INFO  balancer.ContainerBalancerTask (ContainerBalancerTask.java:matchSourceWithTarget(722)) - ContainerBalancer matched source datanode 070e469f-3ca0-45b5-98cf-e8dd24430fdf with target datanode a683902e-022d-4de0-abb8-1cb890a4490a for container move.
2023-09-12 21:14:00,549 [main] INFO  balancer.ContainerBalancerTask (ContainerBalancerTask.java:processMoveSelection(569)) - ContainerBalancer is trying to move container #68 with size 5368709120B from source datanode 070e469f-3ca0-45b5-98cf-e8dd24430fdf to target datanode a683902e-022d-4de0-abb8-1cb890a4490a
2023-09-12 21:14:00,549 [main] DEBUG balancer.ContainerBalancerTask (ContainerBalancerTask.java:lambda$moveContainer$3(837)) - Container move completed for container #68 from source 070e469f-3ca0-45b5-98cf-e8dd24430fdf to target a683902e-022d-4de0-abb8-1cb890a4490a
2023-09-12 21:14:00,551 [main] DEBUG balancer.ContainerBalancerTask (ContainerBalancerTask.java:matchSourceWithTarget(708)) - ContainerBalancer is finding suitable target for source datanode 8b7d5063-613d-4d91-a7df-612a126898ec
2023-09-12 21:14:00,551 [main] INFO  balancer.ContainerBalancerTask (ContainerBalancerTask.java:matchSourceWithTarget(722)) - ContainerBalancer matched source datanode 8b7d5063-613d-4d91-a7df-612a126898ec with target datanode a683902e-022d-4de0-abb8-1cb890a4490a for container move.
2023-09-12 21:14:00,551 [main] INFO  balancer.ContainerBalancerTask (ContainerBalancerTask.java:processMoveSelection(569)) - ContainerBalancer is trying to move container #87 with size 2147483648B from source datanode 8b7d5063-613d-4d91-a7df-612a126898ec to target datanode a683902e-022d-4de0-abb8-1cb890a4490a
2023-09-12 21:14:00,552 [main] DEBUG balancer.ContainerBalancerTask (ContainerBalancerTask.java:lambda$moveContainer$3(837)) - Container move completed for container #87 from source 8b7d5063-613d-4d91-a7df-612a126898ec to target a683902e-022d-4de0-abb8-1cb890a4490a
2023-09-12 21:14:00,555 [main] DEBUG balancer.ContainerBalancerTask (ContainerBalancerTask.java:matchSourceWithTarget(708)) - ContainerBalancer is finding suitable target for source datanode 7b2f3d4c-ca25-42f3-b139-78a01c526c80
2023-09-12 21:14:00,556 [main] INFO  balancer.FindTargetGreedyByUsageInfo (AbstractFindTargetGreedy.java:findTargetForContainerMove(133)) - Container Balancer could not find a target for source datanode 7b2f3d4c-ca25-42f3-b139-78a01c526c80
2023-09-12 21:14:00,556 [main] DEBUG balancer.ContainerBalancerTask (ContainerBalancerTask.java:matchSourceWithTarget(717)) - ContainerBalancer could not find a suitable target for source node 7b2f3d4c-ca25-42f3-b139-78a01c526c80.
2023-09-12 21:14:00,558 [main] DEBUG balancer.ContainerBalancerTask (ContainerBalancerTask.java:matchSourceWithTarget(708)) - ContainerBalancer is finding suitable target for source datanode 070e469f-3ca0-45b5-98cf-e8dd24430fdf
2023-09-12 21:14:00,559 [main] INFO  balancer.FindTargetGreedyByUsageInfo (AbstractFindTargetGreedy.java:findTargetForContainerMove(133)) - Container Balancer could not find a target for source datanode 070e469f-3ca0-45b5-98cf-e8dd24430fdf
2023-09-12 21:14:00,559 [main] DEBUG balancer.ContainerBalancerTask (ContainerBalancerTask.java:matchSourceWithTarget(717)) - ContainerBalancer could not find a suitable target for source node 070e469f-3ca0-45b5-98cf-e8dd24430fdf.
2023-09-12 21:14:00,561 [main] DEBUG balancer.ContainerBalancerTask (ContainerBalancerTask.java:matchSourceWithTarget(708)) - ContainerBalancer is finding suitable target for source datanode 8b7d5063-613d-4d91-a7df-612a126898ec
2023-09-12 21:14:00,561 [main] INFO  balancer.FindTargetGreedyByUsageInfo (AbstractFindTargetGreedy.java:findTargetForContainerMove(133)) - Container Balancer could not find a target for source datanode 8b7d5063-613d-4d91-a7df-612a126898ec
2023-09-12 21:14:00,561 [main] DEBUG balancer.ContainerBalancerTask (ContainerBalancerTask.java:matchSourceWithTarget(717)) - ContainerBalancer could not find a suitable target for source node 8b7d5063-613d-4d91-a7df-612a126898ec.
2023-09-12 21:14:00,564 [main] DEBUG balancer.ContainerBalancerTask (ContainerBalancerTask.java:matchSourceWithTarget(708)) - ContainerBalancer is finding suitable target for source datanode 3243c23f-eeb9-4746-81d0-9fd5fea8c92c
2023-09-12 21:14:00,565 [main] INFO  balancer.FindTargetGreedyByUsageInfo (AbstractFindTargetGreedy.java:findTargetForContainerMove(133)) - Container Balancer could not find a target for source datanode 3243c23f-eeb9-4746-81d0-9fd5fea8c92c
2023-09-12 21:14:00,565 [main] DEBUG balancer.ContainerBalancerTask (ContainerBalancerTask.java:matchSourceWithTarget(717)) - ContainerBalancer could not find a suitable target for source node 3243c23f-eeb9-4746-81d0-9fd5fea8c92c.
2023-09-12 21:14:00,565 [main] INFO  balancer.FindSourceGreedy (FindSourceGreedy.java:getNextCandidateSourceDataNode(126)) - no more candidate source data node
2023-09-12 21:14:00,565 [main] INFO  balancer.ContainerBalancerTask (ContainerBalancerTask.java:checkIterationMoveResults(642)) - Iteration Summary. Number of Datanodes involved: 3. Size moved: 12 GB (12884901888 Bytes). Number of Container moves completed: 3.
2023-09-12 21:14:00,565 [main] INFO  balancer.ContainerBalancerTask (ContainerBalancerTask.java:balance(259)) - Result of this iteration of Container Balancer: ITERATION_COMPLETED
2023-09-12 21:14:00,565 [main] INFO  balancer.ContainerBalancerTask (ContainerBalancerTask.java:tryStopWithSaveConfiguration(308)) - Save Configuration for stopping. Reason: Completed all iterations.
2023-09-12 21:14:00,566 [main] DEBUG balancer.ContainerBalancerTask (ContainerBalancerTask.java:initializeIteration(374)) - Average utilization of the cluster is 0.3033549815943624
2023-09-12 21:14:00,566 [main] DEBUG balancer.ContainerBalancerTask (ContainerBalancerTask.java:initializeIteration(386)) - Lower limit for utilization is -0.5059509234119128 and Upper limit for utilization is 1.1126608866006378
2023-09-12 21:14:00,566 [main] DEBUG balancer.ContainerBalancerTask (ContainerBalancerTask.java:initializeIteration(398)) - Utilization for node 8b7d5063-613d-4d91-a7df-612a126898ec with capacity 35791394133B, used 32212254720B, and remaining 3579139413B is 0.9000000000083819
2023-09-12 21:14:00,566 [main] DEBUG balancer.ContainerBalancerTask (ContainerBalancerTask.java:initializeIteration(398)) - Utilization for node 070e469f-3ca0-45b5-98cf-e8dd24430fdf with capacity 49660559360B, used 39728447488B, and remaining 9932111872B is 0.8
2023-09-12 21:14:00,566 [main] DEBUG balancer.ContainerBalancerTask (ContainerBalancerTask.java:initializeIteration(398)) - Utilization for node 7b2f3d4c-ca25-42f3-b139-78a01c526c80 with capacity 95102847268B, used 66571993088B, and remaining 28530854180B is 0.7000000000042059
2023-09-12 21:14:00,567 [main] DEBUG balancer.ContainerBalancerTask (ContainerBalancerTask.java:initializeIteration(398)) - Utilization for node 3243c23f-eeb9-4746-81d0-9fd5fea8c92c with capacity 80530636800B, used 48318382080B, and remaining 32212254720B is 0.6
2023-09-12 21:14:00,567 [main] DEBUG balancer.ContainerBalancerTask (ContainerBalancerTask.java:initializeIteration(398)) - Utilization for node 9942fb12-d332-42ed-9d6a-3aff0c5b7504 with capacity 79456894976B, used 39728447488B, and remaining 39728447488B is 0.5
2023-09-12 21:14:00,567 [main] DEBUG balancer.ContainerBalancerTask (ContainerBalancerTask.java:initializeIteration(398)) - Utilization for node 6ea9cdb6-40b0-4eeb-9407-c7185c90052b with capacity 72477573120B, used 28991029248B, and remaining 43486543872B is 0.4
2023-09-12 21:14:00,567 [main] DEBUG balancer.ContainerBalancerTask (ContainerBalancerTask.java:initializeIteration(398)) - Utilization for node a2a0e2e7-ae45-4fef-bce6-4d93462c0fc6 with capacity 125269879466B, used 37580963840B, and remaining 87688915626B is 0.30000000000159655
2023-09-12 21:14:00,567 [main] DEBUG balancer.ContainerBalancerTask (ContainerBalancerTask.java:initializeIteration(398)) - Utilization for node 6be0a4b7-0a2f-4016-ae64-0dd4ea836ea4 with capacity 236223201280B, used 47244640256B, and remaining 188978561024B is 0.2
2023-09-12 21:14:00,567 [main] DEBUG balancer.ContainerBalancerTask (ContainerBalancerTask.java:initializeIteration(398)) - Utilization for node 63ed42ec-28e6-4693-a4b8-2f775114e637 with capacity 483183820800B, used 48318382080B, and remaining 434865438720B is 0.1
2023-09-12 21:14:00,567 [main] DEBUG balancer.ContainerBalancerTask (ContainerBalancerTask.java:initializeIteration(398)) - Utilization for node a683902e-022d-4de0-abb8-1cb890a4490a with capacity 23622320128B, used 0B, and remaining 23622320128B is 0.0
2023-09-12 21:14:00,567 [main] INFO  balancer.ContainerBalancerTask (ContainerBalancerTask.java:initializeIteration(443)) - Did not find any unbalanced Datanodes.
2023-09-12 21:14:00,567 [main] INFO  balancer.ContainerBalancerTask (ContainerBalancerTask.java:tryStopWithSaveConfiguration(308)) - Save Configuration for stopping. Reason: Could not initialize ContainerBalancer's iteration number 0
2023-09-12 21:14:00,568 [main] DEBUG balancer.ContainerBalancerTask (ContainerBalancerTask.java:initializeIteration(374)) - Average utilization of the cluster is 0.3033549815943624
2023-09-12 21:14:00,568 [main] DEBUG balancer.ContainerBalancerTask (ContainerBalancerTask.java:initializeIteration(386)) - Lower limit for utilization is -0.39655676830924397 and Upper limit for utilization is 1.0032667314979689
2023-09-12 21:14:00,568 [main] DEBUG balancer.ContainerBalancerTask (ContainerBalancerTask.java:initializeIteration(398)) - Utilization for node 8b7d5063-613d-4d91-a7df-612a126898ec with capacity 35791394133B, used 32212254720B, and remaining 3579139413B is 0.9000000000083819
2023-09-12 21:14:00,568 [main] DEBUG balancer.ContainerBalancerTask (ContainerBalancerTask.java:initializeIteration(398)) - Utilization for node 070e469f-3ca0-45b5-98cf-e8dd24430fdf with capacity 49660559360B, used 39728447488B, and remaining 9932111872B is 0.8
2023-09-12 21:14:00,568 [main] DEBUG balancer.ContainerBalancerTask (ContainerBalancerTask.java:initializeIteration(398)) - Utilization for node 7b2f3d4c-ca25-42f3-b139-78a01c526c80 with capacity 95102847268B, used 66571993088B, and remaining 28530854180B is 0.7000000000042059
2023-09-12 21:14:00,569 [main] DEBUG balancer.ContainerBalancerTask (ContainerBalancerTask.java:initializeIteration(398)) - Utilization for node 3243c23f-eeb9-4746-81d0-9fd5fea8c92c with capacity 80530636800B, used 48318382080B, and remaining 32212254720B is 0.6
2023-09-12 21:14:00,569 [main] DEBUG balancer.ContainerBalancerTask (ContainerBalancerTask.java:initializeIteration(398)) - Utilization for node 9942fb12-d332-42ed-9d6a-3aff0c5b7504 with capacity 79456894976B, used 39728447488B, and remaining 39728447488B is 0.5
2023-09-12 21:14:00,569 [main] DEBUG balancer.ContainerBalancerTask (ContainerBalancerTask.java:initializeIteration(398)) - Utilization for node 6ea9cdb6-40b0-4eeb-9407-c7185c90052b with capacity 72477573120B, used 28991029248B, and remaining 43486543872B is 0.4
2023-09-12 21:14:00,569 [main] DEBUG balancer.ContainerBalancerTask (ContainerBalancerTask.java:initializeIteration(398)) - Utilization for node a2a0e2e7-ae45-4fef-bce6-4d93462c0fc6 with capacity 125269879466B, used 37580963840B, and remaining 87688915626B is 0.30000000000159655
2023-09-12 21:14:00,569 [main] DEBUG balancer.ContainerBalancerTask (ContainerBalancerTask.java:initializeIteration(398)) - Utilization for node 6be0a4b7-0a2f-4016-ae64-0dd4ea836ea4 with capacity 236223201280B, used 47244640256B, and remaining 188978561024B is 0.2
2023-09-12 21:14:00,569 [main] DEBUG balancer.ContainerBalancerTask (ContainerBalancerTask.java:initializeIteration(398)) - Utilization for node 63ed42ec-28e6-4693-a4b8-2f775114e637 with capacity 483183820800B, used 48318382080B, and remaining 434865438720B is 0.1
2023-09-12 21:14:00,569 [main] DEBUG balancer.ContainerBalancerTask (ContainerBalancerTask.java:initializeIteration(398)) - Utilization for node a683902e-022d-4de0-abb8-1cb890a4490a with capacity 23622320128B, used 0B, and remaining 23622320128B is 0.0
2023-09-12 21:14:00,569 [main] INFO  balancer.ContainerBalancerTask (ContainerBalancerTask.java:initializeIteration(443)) - Did not find any unbalanced Datanodes.
2023-09-12 21:14:00,569 [main] INFO  balancer.ContainerBalancerTask (ContainerBalancerTask.java:tryStopWithSaveConfiguration(308)) - Save Configuration for stopping. Reason: Could not initialize ContainerBalancer's iteration number 0
2023-09-12 21:14:00,570 [main] DEBUG balancer.ContainerBalancerTask (ContainerBalancerTask.java:initializeIteration(374)) - Average utilization of the cluster is 0.3033549815943624
2023-09-12 21:14:00,570 [main] DEBUG balancer.ContainerBalancerTask (ContainerBalancerTask.java:initializeIteration(386)) - Lower limit for utilization is -0.3892436132970812 and Upper limit for utilization is 0.9959535764858061
2023-09-12 21:14:00,570 [main] DEBUG balancer.ContainerBalancerTask (ContainerBalancerTask.java:initializeIteration(398)) - Utilization for node 8b7d5063-613d-4d91-a7df-612a126898ec with capacity 35791394133B, used 32212254720B, and remaining 3579139413B is 0.9000000000083819
2023-09-12 21:14:00,570 [main] DEBUG balancer.ContainerBalancerTask (ContainerBalancerTask.java:initializeIteration(398)) - Utilization for node 070e469f-3ca0-45b5-98cf-e8dd24430fdf with capacity 49660559360B, used 39728447488B, and remaining 9932111872B is 0.8
2023-09-12 21:14:00,570 [main] DEBUG balancer.ContainerBalancerTask (ContainerBalancerTask.java:initializeIteration(398)) - Utilization for node 7b2f3d4c-ca25-42f3-b139-78a01c526c80 with capacity 95102847268B, used 66571993088B, and remaining 28530854180B is 0.7000000000042059
2023-09-12 21:14:00,570 [main] DEBUG balancer.ContainerBalancerTask (ContainerBalancerTask.java:initializeIteration(398)) - Utilization for node 3243c23f-eeb9-4746-81d0-9fd5fea8c92c with capacity 80530636800B, used 48318382080B, and remaining 32212254720B is 0.6
2023-09-12 21:14:00,571 [main] DEBUG balancer.ContainerBalancerTask (ContainerBalancerTask.java:initializeIteration(398)) - Utilization for node 9942fb12-d332-42ed-9d6a-3aff0c5b7504 with capacity 79456894976B, used 39728447488B, and remaining 39728447488B is 0.5
2023-09-12 21:14:00,571 [main] DEBUG balancer.ContainerBalancerTask (ContainerBalancerTask.java:initializeIteration(398)) - Utilization for node 6ea9cdb6-40b0-4eeb-9407-c7185c90052b with capacity 72477573120B, used 28991029248B, and remaining 43486543872B is 0.4
2023-09-12 21:14:00,571 [main] DEBUG balancer.ContainerBalancerTask (ContainerBalancerTask.java:initializeIteration(398)) - Utilization for node a2a0e2e7-ae45-4fef-bce6-4d93462c0fc6 with capacity 125269879466B, used 37580963840B, and remaining 87688915626B is 0.30000000000159655
2023-09-12 21:14:00,571 [main] DEBUG balancer.ContainerBalancerTask (ContainerBalancerTask.java:initializeIteration(398)) - Utilization for node 6be0a4b7-0a2f-4016-ae64-0dd4ea836ea4 with capacity 236223201280B, used 47244640256B, and remaining 188978561024B is 0.2
2023-09-12 21:14:00,571 [main] DEBUG balancer.ContainerBalancerTask (ContainerBalancerTask.java:initializeIteration(398)) - Utilization for node 63ed42ec-28e6-4693-a4b8-2f775114e637 with capacity 483183820800B, used 48318382080B, and remaining 434865438720B is 0.1
2023-09-12 21:14:00,571 [main] DEBUG balancer.ContainerBalancerTask (ContainerBalancerTask.java:initializeIteration(398)) - Utilization for node a683902e-022d-4de0-abb8-1cb890a4490a with capacity 23622320128B, used 0B, and remaining 23622320128B is 0.0
2023-09-12 21:14:00,571 [main] INFO  balancer.ContainerBalancerTask (ContainerBalancerTask.java:initializeIteration(443)) - Did not find any unbalanced Datanodes.
2023-09-12 21:14:00,571 [main] INFO  balancer.ContainerBalancerTask (ContainerBalancerTask.java:tryStopWithSaveConfiguration(308)) - Save Configuration for stopping. Reason: Could not initialize ContainerBalancer's iteration number 0
2023-09-12 21:14:00,572 [main] DEBUG balancer.ContainerBalancerTask (ContainerBalancerTask.java:initializeIteration(374)) - Average utilization of the cluster is 0.3033549815943624
2023-09-12 21:14:00,572 [main] DEBUG balancer.ContainerBalancerTask (ContainerBalancerTask.java:initializeIteration(386)) - Lower limit for utilization is -0.6575718746526851 and Upper limit for utilization is 1.2642818378414098
2023-09-12 21:14:00,572 [main] DEBUG balancer.ContainerBalancerTask (ContainerBalancerTask.java:initializeIteration(398)) - Utilization for node 8b7d5063-613d-4d91-a7df-612a126898ec with capacity 35791394133B, used 32212254720B, and remaining 3579139413B is 0.9000000000083819
2023-09-12 21:14:00,572 [main] DEBUG balancer.ContainerBalancerTask (ContainerBalancerTask.java:initializeIteration(398)) - Utilization for node 070e469f-3ca0-45b5-98cf-e8dd24430fdf with capacity 49660559360B, used 39728447488B, and remaining 9932111872B is 0.8
2023-09-12 21:14:00,572 [main] DEBUG balancer.ContainerBalancerTask (ContainerBalancerTask.java:initializeIteration(398)) - Utilization for node 7b2f3d4c-ca25-42f3-b139-78a01c526c80 with capacity 95102847268B, used 66571993088B, and remaining 28530854180B is 0.7000000000042059
2023-09-12 21:14:00,572 [main] DEBUG balancer.ContainerBalancerTask (ContainerBalancerTask.java:initializeIteration(398)) - Utilization for node 3243c23f-eeb9-4746-81d0-9fd5fea8c92c with capacity 80530636800B, used 48318382080B, and remaining 32212254720B is 0.6
2023-09-12 21:14:00,572 [main] DEBUG balancer.ContainerBalancerTask (ContainerBalancerTask.java:initializeIteration(398)) - Utilization for node 9942fb12-d332-42ed-9d6a-3aff0c5b7504 with capacity 79456894976B, used 39728447488B, and remaining 39728447488B is 0.5
2023-09-12 21:14:00,573 [main] DEBUG balancer.ContainerBalancerTask (ContainerBalancerTask.java:initializeIteration(398)) - Utilization for node 6ea9cdb6-40b0-4eeb-9407-c7185c90052b with capacity 72477573120B, used 28991029248B, and remaining 43486543872B is 0.4
2023-09-12 21:14:00,573 [main] DEBUG balancer.ContainerBalancerTask (ContainerBalancerTask.java:initializeIteration(398)) - Utilization for node a2a0e2e7-ae45-4fef-bce6-4d93462c0fc6 with capacity 125269879466B, used 37580963840B, and remaining 87688915626B is 0.30000000000159655
2023-09-12 21:14:00,573 [main] DEBUG balancer.ContainerBalancerTask (ContainerBalancerTask.java:initializeIteration(398)) - Utilization for node 6be0a4b7-0a2f-4016-ae64-0dd4ea836ea4 with capacity 236223201280B, used 47244640256B, and remaining 188978561024B is 0.2
2023-09-12 21:14:00,573 [main] DEBUG balancer.ContainerBalancerTask (ContainerBalancerTask.java:initializeIteration(398)) - Utilization for node 63ed42ec-28e6-4693-a4b8-2f775114e637 with capacity 483183820800B, used 48318382080B, and remaining 434865438720B is 0.1
2023-09-12 21:14:00,573 [main] DEBUG balancer.ContainerBalancerTask (ContainerBalancerTask.java:initializeIteration(398)) - Utilization for node a683902e-022d-4de0-abb8-1cb890a4490a with capacity 23622320128B, used 0B, and remaining 23622320128B is 0.0
2023-09-12 21:14:00,573 [main] INFO  balancer.ContainerBalancerTask (ContainerBalancerTask.java:initializeIteration(443)) - Did not find any unbalanced Datanodes.
2023-09-12 21:14:00,573 [main] INFO  balancer.ContainerBalancerTask (ContainerBalancerTask.java:tryStopWithSaveConfiguration(308)) - Save Configuration for stopping. Reason: Could not initialize ContainerBalancer's iteration number 0
2023-09-12 21:14:00,574 [main] DEBUG balancer.ContainerBalancerTask (ContainerBalancerTask.java:initializeIteration(374)) - Average utilization of the cluster is 0.3033549815943624
2023-09-12 21:14:00,574 [main] DEBUG balancer.ContainerBalancerTask (ContainerBalancerTask.java:initializeIteration(386)) - Lower limit for utilization is -0.05082219369401597 and Upper limit for utilization is 0.6575321568827408
2023-09-12 21:14:00,574 [main] DEBUG balancer.ContainerBalancerTask (ContainerBalancerTask.java:initializeIteration(398)) - Utilization for node 8b7d5063-613d-4d91-a7df-612a126898ec with capacity 35791394133B, used 32212254720B, and remaining 3579139413B is 0.9000000000083819
2023-09-12 21:14:00,574 [main] DEBUG balancer.ContainerBalancerTask (ContainerBalancerTask.java:initializeIteration(398)) - Utilization for node 070e469f-3ca0-45b5-98cf-e8dd24430fdf with capacity 49660559360B, used 39728447488B, and remaining 9932111872B is 0.8
2023-09-12 21:14:00,574 [main] DEBUG balancer.ContainerBalancerTask (ContainerBalancerTask.java:initializeIteration(398)) - Utilization for node 7b2f3d4c-ca25-42f3-b139-78a01c526c80 with capacity 95102847268B, used 66571993088B, and remaining 28530854180B is 0.7000000000042059
2023-09-12 21:14:00,574 [main] DEBUG balancer.ContainerBalancerTask (ContainerBalancerTask.java:initializeIteration(398)) - Utilization for node 3243c23f-eeb9-4746-81d0-9fd5fea8c92c with capacity 80530636800B, used 48318382080B, and remaining 32212254720B is 0.6
2023-09-12 21:14:00,574 [main] DEBUG balancer.ContainerBalancerTask (ContainerBalancerTask.java:initializeIteration(398)) - Utilization for node 9942fb12-d332-42ed-9d6a-3aff0c5b7504 with capacity 79456894976B, used 39728447488B, and remaining 39728447488B is 0.5
2023-09-12 21:14:00,574 [main] DEBUG balancer.ContainerBalancerTask (ContainerBalancerTask.java:initializeIteration(398)) - Utilization for node 6ea9cdb6-40b0-4eeb-9407-c7185c90052b with capacity 72477573120B, used 28991029248B, and remaining 43486543872B is 0.4
2023-09-12 21:14:00,574 [main] DEBUG balancer.ContainerBalancerTask (ContainerBalancerTask.java:initializeIteration(398)) - Utilization for node a2a0e2e7-ae45-4fef-bce6-4d93462c0fc6 with capacity 125269879466B, used 37580963840B, and remaining 87688915626B is 0.30000000000159655
2023-09-12 21:14:00,575 [main] DEBUG balancer.ContainerBalancerTask (ContainerBalancerTask.java:initializeIteration(398)) - Utilization for node 6be0a4b7-0a2f-4016-ae64-0dd4ea836ea4 with capacity 236223201280B, used 47244640256B, and remaining 188978561024B is 0.2
2023-09-12 21:14:00,575 [main] DEBUG balancer.ContainerBalancerTask (ContainerBalancerTask.java:initializeIteration(398)) - Utilization for node 63ed42ec-28e6-4693-a4b8-2f775114e637 with capacity 483183820800B, used 48318382080B, and remaining 434865438720B is 0.1
2023-09-12 21:14:00,575 [main] DEBUG balancer.ContainerBalancerTask (ContainerBalancerTask.java:initializeIteration(398)) - Utilization for node a683902e-022d-4de0-abb8-1cb890a4490a with capacity 23622320128B, used 0B, and remaining 23622320128B is 0.0
2023-09-12 21:14:00,575 [main] INFO  balancer.ContainerBalancerTask (ContainerBalancerTask.java:initializeIteration(447)) - Container Balancer has identified 3 Over-Utilized and 0 Under-Utilized Datanodes that need to be balanced.
2023-09-12 21:14:00,575 [main] DEBUG balancer.ContainerBalancerTask (ContainerBalancerTask.java:lambda$initializeIteration$1(453)) - Datanode localhost-2.101.7.160 8b7d5063-613d-4d91-a7df-612a126898ec is Over-Utilized.
2023-09-12 21:14:00,575 [main] DEBUG balancer.ContainerBalancerTask (ContainerBalancerTask.java:lambda$initializeIteration$1(453)) - Datanode localhost-237.218.167.41 070e469f-3ca0-45b5-98cf-e8dd24430fdf is Over-Utilized.
2023-09-12 21:14:00,575 [main] DEBUG balancer.ContainerBalancerTask (ContainerBalancerTask.java:lambda$initializeIteration$1(453)) - Datanode localhost-244.245.40.170 7b2f3d4c-ca25-42f3-b139-78a01c526c80 is Over-Utilized.
2023-09-12 21:14:00,581 [main] DEBUG balancer.ContainerBalancerTask (ContainerBalancerTask.java:matchSourceWithTarget(708)) - ContainerBalancer is finding suitable target for source datanode 8b7d5063-613d-4d91-a7df-612a126898ec
2023-09-12 21:14:00,581 [main] INFO  balancer.FindTargetGreedyByUsageInfo (AbstractFindTargetGreedy.java:findTargetForContainerMove(133)) - Container Balancer could not find a target for source datanode 8b7d5063-613d-4d91-a7df-612a126898ec
2023-09-12 21:14:00,581 [main] DEBUG balancer.ContainerBalancerTask (ContainerBalancerTask.java:matchSourceWithTarget(717)) - ContainerBalancer could not find a suitable target for source node 8b7d5063-613d-4d91-a7df-612a126898ec.
2023-09-12 21:14:00,583 [main] DEBUG balancer.ContainerBalancerTask (ContainerBalancerTask.java:matchSourceWithTarget(708)) - ContainerBalancer is finding suitable target for source datanode 070e469f-3ca0-45b5-98cf-e8dd24430fdf
2023-09-12 21:14:00,583 [main] INFO  balancer.FindTargetGreedyByUsageInfo (AbstractFindTargetGreedy.java:findTargetForContainerMove(133)) - Container Balancer could not find a target for source datanode 070e469f-3ca0-45b5-98cf-e8dd24430fdf
2023-09-12 21:14:00,583 [main] DEBUG balancer.ContainerBalancerTask (ContainerBalancerTask.java:matchSourceWithTarget(717)) - ContainerBalancer could not find a suitable target for source node 070e469f-3ca0-45b5-98cf-e8dd24430fdf.
2023-09-12 21:14:00,587 [main] DEBUG balancer.ContainerBalancerTask (ContainerBalancerTask.java:matchSourceWithTarget(708)) - ContainerBalancer is finding suitable target for source datanode 7b2f3d4c-ca25-42f3-b139-78a01c526c80
2023-09-12 21:14:00,588 [main] INFO  balancer.FindTargetGreedyByUsageInfo (AbstractFindTargetGreedy.java:findTargetForContainerMove(133)) - Container Balancer could not find a target for source datanode 7b2f3d4c-ca25-42f3-b139-78a01c526c80
2023-09-12 21:14:00,588 [main] DEBUG balancer.ContainerBalancerTask (ContainerBalancerTask.java:matchSourceWithTarget(717)) - ContainerBalancer could not find a suitable target for source node 7b2f3d4c-ca25-42f3-b139-78a01c526c80.
2023-09-12 21:14:00,588 [main] INFO  balancer.FindSourceGreedy (FindSourceGreedy.java:getNextCandidateSourceDataNode(126)) - no more candidate source data node
2023-09-12 21:14:00,588 [main] INFO  balancer.ContainerBalancerTask (ContainerBalancerTask.java:balance(259)) - Result of this iteration of Container Balancer: CAN_NOT_BALANCE_ANY_MORE
2023-09-12 21:14:00,588 [main] INFO  balancer.ContainerBalancerTask (ContainerBalancerTask.java:tryStopWithSaveConfiguration(308)) - Save Configuration for stopping. Reason: CAN_NOT_BALANCE_ANY_MORE
2023-09-12 21:14:00,589 [main] DEBUG balancer.ContainerBalancerTask (ContainerBalancerTask.java:initializeIteration(374)) - Average utilization of the cluster is 0.3033549815943624
2023-09-12 21:14:00,589 [main] DEBUG balancer.ContainerBalancerTask (ContainerBalancerTask.java:initializeIteration(386)) - Lower limit for utilization is -0.20938396863066094 and Upper limit for utilization is 0.8160939318193858
2023-09-12 21:14:00,589 [main] DEBUG balancer.ContainerBalancerTask (ContainerBalancerTask.java:initializeIteration(398)) - Utilization for node 8b7d5063-613d-4d91-a7df-612a126898ec with capacity 35791394133B, used 32212254720B, and remaining 3579139413B is 0.9000000000083819
2023-09-12 21:14:00,589 [main] DEBUG balancer.ContainerBalancerTask (ContainerBalancerTask.java:initializeIteration(398)) - Utilization for node 070e469f-3ca0-45b5-98cf-e8dd24430fdf with capacity 49660559360B, used 39728447488B, and remaining 9932111872B is 0.8
2023-09-12 21:14:00,589 [main] DEBUG balancer.ContainerBalancerTask (ContainerBalancerTask.java:initializeIteration(398)) - Utilization for node 7b2f3d4c-ca25-42f3-b139-78a01c526c80 with capacity 95102847268B, used 66571993088B, and remaining 28530854180B is 0.7000000000042059
2023-09-12 21:14:00,589 [main] DEBUG balancer.ContainerBalancerTask (ContainerBalancerTask.java:initializeIteration(398)) - Utilization for node 3243c23f-eeb9-4746-81d0-9fd5fea8c92c with capacity 80530636800B, used 48318382080B, and remaining 32212254720B is 0.6
2023-09-12 21:14:00,589 [main] DEBUG balancer.ContainerBalancerTask (ContainerBalancerTask.java:initializeIteration(398)) - Utilization for node 9942fb12-d332-42ed-9d6a-3aff0c5b7504 with capacity 79456894976B, used 39728447488B, and remaining 39728447488B is 0.5
2023-09-12 21:14:00,590 [main] DEBUG balancer.ContainerBalancerTask (ContainerBalancerTask.java:initializeIteration(398)) - Utilization for node 6ea9cdb6-40b0-4eeb-9407-c7185c90052b with capacity 72477573120B, used 28991029248B, and remaining 43486543872B is 0.4
2023-09-12 21:14:00,590 [main] DEBUG balancer.ContainerBalancerTask (ContainerBalancerTask.java:initializeIteration(398)) - Utilization for node a2a0e2e7-ae45-4fef-bce6-4d93462c0fc6 with capacity 125269879466B, used 37580963840B, and remaining 87688915626B is 0.30000000000159655
2023-09-12 21:14:00,590 [main] DEBUG balancer.ContainerBalancerTask (ContainerBalancerTask.java:initializeIteration(398)) - Utilization for node 6be0a4b7-0a2f-4016-ae64-0dd4ea836ea4 with capacity 236223201280B, used 47244640256B, and remaining 188978561024B is 0.2
2023-09-12 21:14:00,590 [main] DEBUG balancer.ContainerBalancerTask (ContainerBalancerTask.java:initializeIteration(398)) - Utilization for node 63ed42ec-28e6-4693-a4b8-2f775114e637 with capacity 483183820800B, used 48318382080B, and remaining 434865438720B is 0.1
2023-09-12 21:14:00,590 [main] DEBUG balancer.ContainerBalancerTask (ContainerBalancerTask.java:initializeIteration(398)) - Utilization for node a683902e-022d-4de0-abb8-1cb890a4490a with capacity 23622320128B, used 0B, and remaining 23622320128B is 0.0
2023-09-12 21:14:00,590 [main] INFO  balancer.ContainerBalancerTask (ContainerBalancerTask.java:initializeIteration(447)) - Container Balancer has identified 1 Over-Utilized and 0 Under-Utilized Datanodes that need to be balanced.
2023-09-12 21:14:00,590 [main] DEBUG balancer.ContainerBalancerTask (ContainerBalancerTask.java:lambda$initializeIteration$1(453)) - Datanode localhost-2.101.7.160 8b7d5063-613d-4d91-a7df-612a126898ec is Over-Utilized.
2023-09-12 21:14:00,592 [main] DEBUG balancer.ContainerBalancerTask (ContainerBalancerTask.java:matchSourceWithTarget(708)) - ContainerBalancer is finding suitable target for source datanode 8b7d5063-613d-4d91-a7df-612a126898ec
2023-09-12 21:14:00,592 [main] INFO  balancer.FindTargetGreedyByUsageInfo (AbstractFindTargetGreedy.java:findTargetForContainerMove(133)) - Container Balancer could not find a target for source datanode 8b7d5063-613d-4d91-a7df-612a126898ec
2023-09-12 21:14:00,592 [main] DEBUG balancer.ContainerBalancerTask (ContainerBalancerTask.java:matchSourceWithTarget(717)) - ContainerBalancer could not find a suitable target for source node 8b7d5063-613d-4d91-a7df-612a126898ec.
2023-09-12 21:14:00,592 [main] INFO  balancer.FindSourceGreedy (FindSourceGreedy.java:getNextCandidateSourceDataNode(126)) - no more candidate source data node
2023-09-12 21:14:00,592 [main] INFO  balancer.ContainerBalancerTask (ContainerBalancerTask.java:balance(259)) - Result of this iteration of Container Balancer: CAN_NOT_BALANCE_ANY_MORE
2023-09-12 21:14:00,592 [main] INFO  balancer.ContainerBalancerTask (ContainerBalancerTask.java:tryStopWithSaveConfiguration(308)) - Save Configuration for stopping. Reason: CAN_NOT_BALANCE_ANY_MORE
2023-09-12 21:14:00,594 [main] DEBUG balancer.ContainerBalancerTask (ContainerBalancerTask.java:initializeIteration(374)) - Average utilization of the cluster is 0.3033549815943624
2023-09-12 21:14:00,595 [main] DEBUG balancer.ContainerBalancerTask (ContainerBalancerTask.java:initializeIteration(386)) - Lower limit for utilization is -0.5090094572760853 and Upper limit for utilization is 1.1157194204648102
2023-09-12 21:14:00,595 [main] DEBUG balancer.ContainerBalancerTask (ContainerBalancerTask.java:initializeIteration(398)) - Utilization for node 8b7d5063-613d-4d91-a7df-612a126898ec with capacity 35791394133B, used 32212254720B, and remaining 3579139413B is 0.9000000000083819
2023-09-12 21:14:00,595 [main] DEBUG balancer.ContainerBalancerTask (ContainerBalancerTask.java:initializeIteration(398)) - Utilization for node 070e469f-3ca0-45b5-98cf-e8dd24430fdf with capacity 49660559360B, used 39728447488B, and remaining 9932111872B is 0.8
2023-09-12 21:14:00,595 [main] DEBUG balancer.ContainerBalancerTask (ContainerBalancerTask.java:initializeIteration(398)) - Utilization for node 7b2f3d4c-ca25-42f3-b139-78a01c526c80 with capacity 95102847268B, used 66571993088B, and remaining 28530854180B is 0.7000000000042059
2023-09-12 21:14:00,595 [main] DEBUG balancer.ContainerBalancerTask (ContainerBalancerTask.java:initializeIteration(398)) - Utilization for node 3243c23f-eeb9-4746-81d0-9fd5fea8c92c with capacity 80530636800B, used 48318382080B, and remaining 32212254720B is 0.6
2023-09-12 21:14:00,595 [main] DEBUG balancer.ContainerBalancerTask (ContainerBalancerTask.java:initializeIteration(398)) - Utilization for node 9942fb12-d332-42ed-9d6a-3aff0c5b7504 with capacity 79456894976B, used 39728447488B, and remaining 39728447488B is 0.5
2023-09-12 21:14:00,595 [main] DEBUG balancer.ContainerBalancerTask (ContainerBalancerTask.java:initializeIteration(398)) - Utilization for node 6ea9cdb6-40b0-4eeb-9407-c7185c90052b with capacity 72477573120B, used 28991029248B, and remaining 43486543872B is 0.4
2023-09-12 21:14:00,595 [main] DEBUG balancer.ContainerBalancerTask (ContainerBalancerTask.java:initializeIteration(398)) - Utilization for node a2a0e2e7-ae45-4fef-bce6-4d93462c0fc6 with capacity 125269879466B, used 37580963840B, and remaining 87688915626B is 0.30000000000159655
2023-09-12 21:14:00,595 [main] DEBUG balancer.ContainerBalancerTask (ContainerBalancerTask.java:initializeIteration(398)) - Utilization for node 6be0a4b7-0a2f-4016-ae64-0dd4ea836ea4 with capacity 236223201280B, used 47244640256B, and remaining 188978561024B is 0.2
2023-09-12 21:14:00,595 [main] DEBUG balancer.ContainerBalancerTask (ContainerBalancerTask.java:initializeIteration(398)) - Utilization for node 63ed42ec-28e6-4693-a4b8-2f775114e637 with capacity 483183820800B, used 48318382080B, and remaining 434865438720B is 0.1
2023-09-12 21:14:00,595 [main] DEBUG balancer.ContainerBalancerTask (ContainerBalancerTask.java:initializeIteration(398)) - Utilization for node a683902e-022d-4de0-abb8-1cb890a4490a with capacity 23622320128B, used 0B, and remaining 23622320128B is 0.0
2023-09-12 21:14:00,596 [main] INFO  balancer.ContainerBalancerTask (ContainerBalancerTask.java:initializeIteration(443)) - Did not find any unbalanced Datanodes.
2023-09-12 21:14:00,596 [main] INFO  balancer.ContainerBalancerTask (ContainerBalancerTask.java:tryStopWithSaveConfiguration(308)) - Save Configuration for stopping. Reason: Could not initialize ContainerBalancer's iteration number 0
2023-09-12 21:14:00,597 [main] DEBUG balancer.ContainerBalancerTask (ContainerBalancerTask.java:initializeIteration(374)) - Average utilization of the cluster is 0.3033549815943624
2023-09-12 21:14:00,597 [main] DEBUG balancer.ContainerBalancerTask (ContainerBalancerTask.java:initializeIteration(386)) - Lower limit for utilization is -0.2166780011883203 and Upper limit for utilization is 0.8233879643770452
2023-09-12 21:14:00,597 [main] DEBUG balancer.ContainerBalancerTask (ContainerBalancerTask.java:initializeIteration(398)) - Utilization for node 8b7d5063-613d-4d91-a7df-612a126898ec with capacity 35791394133B, used 32212254720B, and remaining 3579139413B is 0.9000000000083819
2023-09-12 21:14:00,597 [main] DEBUG balancer.ContainerBalancerTask (ContainerBalancerTask.java:initializeIteration(398)) - Utilization for node 070e469f-3ca0-45b5-98cf-e8dd24430fdf with capacity 49660559360B, used 39728447488B, and remaining 9932111872B is 0.8
2023-09-12 21:14:00,597 [main] DEBUG balancer.ContainerBalancerTask (ContainerBalancerTask.java:initializeIteration(398)) - Utilization for node 7b2f3d4c-ca25-42f3-b139-78a01c526c80 with capacity 95102847268B, used 66571993088B, and remaining 28530854180B is 0.7000000000042059
2023-09-12 21:14:00,597 [main] DEBUG balancer.ContainerBalancerTask (ContainerBalancerTask.java:initializeIteration(398)) - Utilization for node 3243c23f-eeb9-4746-81d0-9fd5fea8c92c with capacity 80530636800B, used 48318382080B, and remaining 32212254720B is 0.6
2023-09-12 21:14:00,597 [main] DEBUG balancer.ContainerBalancerTask (ContainerBalancerTask.java:initializeIteration(398)) - Utilization for node 9942fb12-d332-42ed-9d6a-3aff0c5b7504 with capacity 79456894976B, used 39728447488B, and remaining 39728447488B is 0.5
2023-09-12 21:14:00,597 [main] DEBUG balancer.ContainerBalancerTask (ContainerBalancerTask.java:initializeIteration(398)) - Utilization for node 6ea9cdb6-40b0-4eeb-9407-c7185c90052b with capacity 72477573120B, used 28991029248B, and remaining 43486543872B is 0.4
2023-09-12 21:14:00,597 [main] DEBUG balancer.ContainerBalancerTask (ContainerBalancerTask.java:initializeIteration(398)) - Utilization for node a2a0e2e7-ae45-4fef-bce6-4d93462c0fc6 with capacity 125269879466B, used 37580963840B, and remaining 87688915626B is 0.30000000000159655
2023-09-12 21:14:00,598 [main] DEBUG balancer.ContainerBalancerTask (ContainerBalancerTask.java:initializeIteration(398)) - Utilization for node 6be0a4b7-0a2f-4016-ae64-0dd4ea836ea4 with capacity 236223201280B, used 47244640256B, and remaining 188978561024B is 0.2
2023-09-12 21:14:00,598 [main] DEBUG balancer.ContainerBalancerTask (ContainerBalancerTask.java:initializeIteration(398)) - Utilization for node 63ed42ec-28e6-4693-a4b8-2f775114e637 with capacity 483183820800B, used 48318382080B, and remaining 434865438720B is 0.1
2023-09-12 21:14:00,598 [main] DEBUG balancer.ContainerBalancerTask (ContainerBalancerTask.java:initializeIteration(398)) - Utilization for node a683902e-022d-4de0-abb8-1cb890a4490a with capacity 23622320128B, used 0B, and remaining 23622320128B is 0.0
2023-09-12 21:14:00,598 [main] INFO  balancer.ContainerBalancerTask (ContainerBalancerTask.java:initializeIteration(447)) - Container Balancer has identified 1 Over-Utilized and 0 Under-Utilized Datanodes that need to be balanced.
2023-09-12 21:14:00,598 [main] DEBUG balancer.ContainerBalancerTask (ContainerBalancerTask.java:lambda$initializeIteration$1(453)) - Datanode localhost-2.101.7.160 8b7d5063-613d-4d91-a7df-612a126898ec is Over-Utilized.
2023-09-12 21:14:00,600 [main] DEBUG balancer.ContainerBalancerTask (ContainerBalancerTask.java:matchSourceWithTarget(708)) - ContainerBalancer is finding suitable target for source datanode 8b7d5063-613d-4d91-a7df-612a126898ec
2023-09-12 21:14:00,600 [main] INFO  balancer.FindTargetGreedyByUsageInfo (AbstractFindTargetGreedy.java:findTargetForContainerMove(133)) - Container Balancer could not find a target for source datanode 8b7d5063-613d-4d91-a7df-612a126898ec
2023-09-12 21:14:00,600 [main] DEBUG balancer.ContainerBalancerTask (ContainerBalancerTask.java:matchSourceWithTarget(717)) - ContainerBalancer could not find a suitable target for source node 8b7d5063-613d-4d91-a7df-612a126898ec.
2023-09-12 21:14:00,600 [main] INFO  balancer.FindSourceGreedy (FindSourceGreedy.java:getNextCandidateSourceDataNode(126)) - no more candidate source data node
2023-09-12 21:14:00,600 [main] INFO  balancer.ContainerBalancerTask (ContainerBalancerTask.java:balance(259)) - Result of this iteration of Container Balancer: CAN_NOT_BALANCE_ANY_MORE
2023-09-12 21:14:00,600 [main] INFO  balancer.ContainerBalancerTask (ContainerBalancerTask.java:tryStopWithSaveConfiguration(308)) - Save Configuration for stopping. Reason: CAN_NOT_BALANCE_ANY_MORE
2023-09-12 21:14:00,601 [main] DEBUG balancer.ContainerBalancerTask (ContainerBalancerTask.java:initializeIteration(374)) - Average utilization of the cluster is 0.3033549815943624
2023-09-12 21:14:00,601 [main] DEBUG balancer.ContainerBalancerTask (ContainerBalancerTask.java:initializeIteration(386)) - Lower limit for utilization is -0.4746123579538957 and Upper limit for utilization is 1.0813223211426206
2023-09-12 21:14:00,601 [main] DEBUG balancer.ContainerBalancerTask (ContainerBalancerTask.java:initializeIteration(398)) - Utilization for node 8b7d5063-613d-4d91-a7df-612a126898ec with capacity 35791394133B, used 32212254720B, and remaining 3579139413B is 0.9000000000083819
2023-09-12 21:14:00,601 [main] DEBUG balancer.ContainerBalancerTask (ContainerBalancerTask.java:initializeIteration(398)) - Utilization for node 070e469f-3ca0-45b5-98cf-e8dd24430fdf with capacity 49660559360B, used 39728447488B, and remaining 9932111872B is 0.8
2023-09-12 21:14:00,601 [main] DEBUG balancer.ContainerBalancerTask (ContainerBalancerTask.java:initializeIteration(398)) - Utilization for node 7b2f3d4c-ca25-42f3-b139-78a01c526c80 with capacity 95102847268B, used 66571993088B, and remaining 28530854180B is 0.7000000000042059
2023-09-12 21:14:00,601 [main] DEBUG balancer.ContainerBalancerTask (ContainerBalancerTask.java:initializeIteration(398)) - Utilization for node 3243c23f-eeb9-4746-81d0-9fd5fea8c92c with capacity 80530636800B, used 48318382080B, and remaining 32212254720B is 0.6
2023-09-12 21:14:00,601 [main] DEBUG balancer.ContainerBalancerTask (ContainerBalancerTask.java:initializeIteration(398)) - Utilization for node 9942fb12-d332-42ed-9d6a-3aff0c5b7504 with capacity 79456894976B, used 39728447488B, and remaining 39728447488B is 0.5
2023-09-12 21:14:00,601 [main] DEBUG balancer.ContainerBalancerTask (ContainerBalancerTask.java:initializeIteration(398)) - Utilization for node 6ea9cdb6-40b0-4eeb-9407-c7185c90052b with capacity 72477573120B, used 28991029248B, and remaining 43486543872B is 0.4
2023-09-12 21:14:00,601 [main] DEBUG balancer.ContainerBalancerTask (ContainerBalancerTask.java:initializeIteration(398)) - Utilization for node a2a0e2e7-ae45-4fef-bce6-4d93462c0fc6 with capacity 125269879466B, used 37580963840B, and remaining 87688915626B is 0.30000000000159655
2023-09-12 21:14:00,601 [main] DEBUG balancer.ContainerBalancerTask (ContainerBalancerTask.java:initializeIteration(398)) - Utilization for node 6be0a4b7-0a2f-4016-ae64-0dd4ea836ea4 with capacity 236223201280B, used 47244640256B, and remaining 188978561024B is 0.2
2023-09-12 21:14:00,602 [main] DEBUG balancer.ContainerBalancerTask (ContainerBalancerTask.java:initializeIteration(398)) - Utilization for node 63ed42ec-28e6-4693-a4b8-2f775114e637 with capacity 483183820800B, used 48318382080B, and remaining 434865438720B is 0.1
2023-09-12 21:14:00,603 [main] DEBUG balancer.ContainerBalancerTask (ContainerBalancerTask.java:initializeIteration(398)) - Utilization for node a683902e-022d-4de0-abb8-1cb890a4490a with capacity 23622320128B, used 0B, and remaining 23622320128B is 0.0
2023-09-12 21:14:00,603 [main] INFO  balancer.ContainerBalancerTask (ContainerBalancerTask.java:initializeIteration(443)) - Did not find any unbalanced Datanodes.
2023-09-12 21:14:00,603 [main] INFO  balancer.ContainerBalancerTask (ContainerBalancerTask.java:tryStopWithSaveConfiguration(308)) - Save Configuration for stopping. Reason: Could not initialize ContainerBalancer's iteration number 0
2023-09-12 21:14:00,605 [main] DEBUG balancer.ContainerBalancerTask (ContainerBalancerTask.java:initializeIteration(374)) - Average utilization of the cluster is 0.3033549815943624
2023-09-12 21:14:00,605 [main] DEBUG balancer.ContainerBalancerTask (ContainerBalancerTask.java:initializeIteration(386)) - Lower limit for utilization is -0.01601322732054672 and Upper limit for utilization is 0.6227231905092716
2023-09-12 21:14:00,605 [main] DEBUG balancer.ContainerBalancerTask (ContainerBalancerTask.java:initializeIteration(398)) - Utilization for node 8b7d5063-613d-4d91-a7df-612a126898ec with capacity 35791394133B, used 32212254720B, and remaining 3579139413B is 0.9000000000083819
2023-09-12 21:14:00,605 [main] DEBUG balancer.ContainerBalancerTask (ContainerBalancerTask.java:initializeIteration(398)) - Utilization for node 070e469f-3ca0-45b5-98cf-e8dd24430fdf with capacity 49660559360B, used 39728447488B, and remaining 9932111872B is 0.8
2023-09-12 21:14:00,605 [main] DEBUG balancer.ContainerBalancerTask (ContainerBalancerTask.java:initializeIteration(398)) - Utilization for node 7b2f3d4c-ca25-42f3-b139-78a01c526c80 with capacity 95102847268B, used 66571993088B, and remaining 28530854180B is 0.7000000000042059
2023-09-12 21:14:00,605 [main] DEBUG balancer.ContainerBalancerTask (ContainerBalancerTask.java:initializeIteration(398)) - Utilization for node 3243c23f-eeb9-4746-81d0-9fd5fea8c92c with capacity 80530636800B, used 48318382080B, and remaining 32212254720B is 0.6
2023-09-12 21:14:00,605 [main] DEBUG balancer.ContainerBalancerTask (ContainerBalancerTask.java:initializeIteration(398)) - Utilization for node 9942fb12-d332-42ed-9d6a-3aff0c5b7504 with capacity 79456894976B, used 39728447488B, and remaining 39728447488B is 0.5
2023-09-12 21:14:00,606 [main] DEBUG balancer.ContainerBalancerTask (ContainerBalancerTask.java:initializeIteration(398)) - Utilization for node 6ea9cdb6-40b0-4eeb-9407-c7185c90052b with capacity 72477573120B, used 28991029248B, and remaining 43486543872B is 0.4
2023-09-12 21:14:00,606 [main] DEBUG balancer.ContainerBalancerTask (ContainerBalancerTask.java:initializeIteration(398)) - Utilization for node a2a0e2e7-ae45-4fef-bce6-4d93462c0fc6 with capacity 125269879466B, used 37580963840B, and remaining 87688915626B is 0.30000000000159655
2023-09-12 21:14:00,606 [main] DEBUG balancer.ContainerBalancerTask (ContainerBalancerTask.java:initializeIteration(398)) - Utilization for node 6be0a4b7-0a2f-4016-ae64-0dd4ea836ea4 with capacity 236223201280B, used 47244640256B, and remaining 188978561024B is 0.2
2023-09-12 21:14:00,606 [main] DEBUG balancer.ContainerBalancerTask (ContainerBalancerTask.java:initializeIteration(398)) - Utilization for node 63ed42ec-28e6-4693-a4b8-2f775114e637 with capacity 483183820800B, used 48318382080B, and remaining 434865438720B is 0.1
2023-09-12 21:14:00,606 [main] DEBUG balancer.ContainerBalancerTask (ContainerBalancerTask.java:initializeIteration(398)) - Utilization for node a683902e-022d-4de0-abb8-1cb890a4490a with capacity 23622320128B, used 0B, and remaining 23622320128B is 0.0
2023-09-12 21:14:00,606 [main] INFO  balancer.ContainerBalancerTask (ContainerBalancerTask.java:initializeIteration(447)) - Container Balancer has identified 3 Over-Utilized and 0 Under-Utilized Datanodes that need to be balanced.
2023-09-12 21:14:00,606 [main] DEBUG balancer.ContainerBalancerTask (ContainerBalancerTask.java:lambda$initializeIteration$1(453)) - Datanode localhost-2.101.7.160 8b7d5063-613d-4d91-a7df-612a126898ec is Over-Utilized.
2023-09-12 21:14:00,606 [main] DEBUG balancer.ContainerBalancerTask (ContainerBalancerTask.java:lambda$initializeIteration$1(453)) - Datanode localhost-237.218.167.41 070e469f-3ca0-45b5-98cf-e8dd24430fdf is Over-Utilized.
2023-09-12 21:14:00,606 [main] DEBUG balancer.ContainerBalancerTask (ContainerBalancerTask.java:lambda$initializeIteration$1(453)) - Datanode localhost-244.245.40.170 7b2f3d4c-ca25-42f3-b139-78a01c526c80 is Over-Utilized.
2023-09-12 21:14:00,608 [main] DEBUG balancer.ContainerBalancerTask (ContainerBalancerTask.java:matchSourceWithTarget(708)) - ContainerBalancer is finding suitable target for source datanode 8b7d5063-613d-4d91-a7df-612a126898ec
2023-09-12 21:14:00,608 [main] INFO  balancer.FindTargetGreedyByUsageInfo (AbstractFindTargetGreedy.java:findTargetForContainerMove(133)) - Container Balancer could not find a target for source datanode 8b7d5063-613d-4d91-a7df-612a126898ec
2023-09-12 21:14:00,608 [main] DEBUG balancer.ContainerBalancerTask (ContainerBalancerTask.java:matchSourceWithTarget(717)) - ContainerBalancer could not find a suitable target for source node 8b7d5063-613d-4d91-a7df-612a126898ec.
2023-09-12 21:14:00,610 [main] DEBUG balancer.ContainerBalancerTask (ContainerBalancerTask.java:matchSourceWithTarget(708)) - ContainerBalancer is finding suitable target for source datanode 070e469f-3ca0-45b5-98cf-e8dd24430fdf
2023-09-12 21:14:00,611 [main] INFO  balancer.FindTargetGreedyByUsageInfo (AbstractFindTargetGreedy.java:findTargetForContainerMove(133)) - Container Balancer could not find a target for source datanode 070e469f-3ca0-45b5-98cf-e8dd24430fdf
2023-09-12 21:14:00,611 [main] DEBUG balancer.ContainerBalancerTask (ContainerBalancerTask.java:matchSourceWithTarget(717)) - ContainerBalancer could not find a suitable target for source node 070e469f-3ca0-45b5-98cf-e8dd24430fdf.
2023-09-12 21:14:00,627 [main] DEBUG balancer.ContainerBalancerTask (ContainerBalancerTask.java:matchSourceWithTarget(708)) - ContainerBalancer is finding suitable target for source datanode 7b2f3d4c-ca25-42f3-b139-78a01c526c80
2023-09-12 21:14:00,627 [main] INFO  balancer.FindTargetGreedyByUsageInfo (AbstractFindTargetGreedy.java:findTargetForContainerMove(133)) - Container Balancer could not find a target for source datanode 7b2f3d4c-ca25-42f3-b139-78a01c526c80
2023-09-12 21:14:00,627 [main] DEBUG balancer.ContainerBalancerTask (ContainerBalancerTask.java:matchSourceWithTarget(717)) - ContainerBalancer could not find a suitable target for source node 7b2f3d4c-ca25-42f3-b139-78a01c526c80.
2023-09-12 21:14:00,627 [main] INFO  balancer.FindSourceGreedy (FindSourceGreedy.java:getNextCandidateSourceDataNode(126)) - no more candidate source data node
2023-09-12 21:14:00,627 [main] INFO  balancer.ContainerBalancerTask (ContainerBalancerTask.java:balance(259)) - Result of this iteration of Container Balancer: CAN_NOT_BALANCE_ANY_MORE
2023-09-12 21:14:00,627 [main] INFO  balancer.ContainerBalancerTask (ContainerBalancerTask.java:tryStopWithSaveConfiguration(308)) - Save Configuration for stopping. Reason: CAN_NOT_BALANCE_ANY_MORE
2023-09-12 21:14:00,628 [main] DEBUG balancer.ContainerBalancerTask (ContainerBalancerTask.java:initializeIteration(374)) - Average utilization of the cluster is 0.3033549815943624
2023-09-12 21:14:00,628 [main] DEBUG balancer.ContainerBalancerTask (ContainerBalancerTask.java:initializeIteration(386)) - Lower limit for utilization is -0.07450654407125051 and Upper limit for utilization is 0.6812165072599754
2023-09-12 21:14:00,628 [main] DEBUG balancer.ContainerBalancerTask (ContainerBalancerTask.java:initializeIteration(398)) - Utilization for node 8b7d5063-613d-4d91-a7df-612a126898ec with capacity 35791394133B, used 32212254720B, and remaining 3579139413B is 0.9000000000083819
2023-09-12 21:14:00,628 [main] DEBUG balancer.ContainerBalancerTask (ContainerBalancerTask.java:initializeIteration(398)) - Utilization for node 070e469f-3ca0-45b5-98cf-e8dd24430fdf with capacity 49660559360B, used 39728447488B, and remaining 9932111872B is 0.8
2023-09-12 21:14:00,628 [main] DEBUG balancer.ContainerBalancerTask (ContainerBalancerTask.java:initializeIteration(398)) - Utilization for node 7b2f3d4c-ca25-42f3-b139-78a01c526c80 with capacity 95102847268B, used 66571993088B, and remaining 28530854180B is 0.7000000000042059
2023-09-12 21:14:00,628 [main] DEBUG balancer.ContainerBalancerTask (ContainerBalancerTask.java:initializeIteration(398)) - Utilization for node 3243c23f-eeb9-4746-81d0-9fd5fea8c92c with capacity 80530636800B, used 48318382080B, and remaining 32212254720B is 0.6
2023-09-12 21:14:00,629 [main] DEBUG balancer.ContainerBalancerTask (ContainerBalancerTask.java:initializeIteration(398)) - Utilization for node 9942fb12-d332-42ed-9d6a-3aff0c5b7504 with capacity 79456894976B, used 39728447488B, and remaining 39728447488B is 0.5
2023-09-12 21:14:00,629 [main] DEBUG balancer.ContainerBalancerTask (ContainerBalancerTask.java:initializeIteration(398)) - Utilization for node 6ea9cdb6-40b0-4eeb-9407-c7185c90052b with capacity 72477573120B, used 28991029248B, and remaining 43486543872B is 0.4
2023-09-12 21:14:00,629 [main] DEBUG balancer.ContainerBalancerTask (ContainerBalancerTask.java:initializeIteration(398)) - Utilization for node a2a0e2e7-ae45-4fef-bce6-4d93462c0fc6 with capacity 125269879466B, used 37580963840B, and remaining 87688915626B is 0.30000000000159655
2023-09-12 21:14:00,629 [main] DEBUG balancer.ContainerBalancerTask (ContainerBalancerTask.java:initializeIteration(398)) - Utilization for node 6be0a4b7-0a2f-4016-ae64-0dd4ea836ea4 with capacity 236223201280B, used 47244640256B, and remaining 188978561024B is 0.2
2023-09-12 21:14:00,629 [main] DEBUG balancer.ContainerBalancerTask (ContainerBalancerTask.java:initializeIteration(398)) - Utilization for node 63ed42ec-28e6-4693-a4b8-2f775114e637 with capacity 483183820800B, used 48318382080B, and remaining 434865438720B is 0.1
2023-09-12 21:14:00,629 [main] DEBUG balancer.ContainerBalancerTask (ContainerBalancerTask.java:initializeIteration(398)) - Utilization for node a683902e-022d-4de0-abb8-1cb890a4490a with capacity 23622320128B, used 0B, and remaining 23622320128B is 0.0
2023-09-12 21:14:00,629 [main] INFO  balancer.ContainerBalancerTask (ContainerBalancerTask.java:initializeIteration(447)) - Container Balancer has identified 3 Over-Utilized and 0 Under-Utilized Datanodes that need to be balanced.
2023-09-12 21:14:00,629 [main] DEBUG balancer.ContainerBalancerTask (ContainerBalancerTask.java:lambda$initializeIteration$1(453)) - Datanode localhost-2.101.7.160 8b7d5063-613d-4d91-a7df-612a126898ec is Over-Utilized.
2023-09-12 21:14:00,629 [main] DEBUG balancer.ContainerBalancerTask (ContainerBalancerTask.java:lambda$initializeIteration$1(453)) - Datanode localhost-237.218.167.41 070e469f-3ca0-45b5-98cf-e8dd24430fdf is Over-Utilized.
2023-09-12 21:14:00,629 [main] DEBUG balancer.ContainerBalancerTask (ContainerBalancerTask.java:lambda$initializeIteration$1(453)) - Datanode localhost-244.245.40.170 7b2f3d4c-ca25-42f3-b139-78a01c526c80 is Over-Utilized.
2023-09-12 21:14:00,631 [main] DEBUG balancer.ContainerBalancerTask (ContainerBalancerTask.java:matchSourceWithTarget(708)) - ContainerBalancer is finding suitable target for source datanode 8b7d5063-613d-4d91-a7df-612a126898ec
2023-09-12 21:14:00,631 [main] INFO  balancer.FindTargetGreedyByUsageInfo (AbstractFindTargetGreedy.java:findTargetForContainerMove(133)) - Container Balancer could not find a target for source datanode 8b7d5063-613d-4d91-a7df-612a126898ec
2023-09-12 21:14:00,631 [main] DEBUG balancer.ContainerBalancerTask (ContainerBalancerTask.java:matchSourceWithTarget(717)) - ContainerBalancer could not find a suitable target for source node 8b7d5063-613d-4d91-a7df-612a126898ec.
2023-09-12 21:14:00,633 [main] DEBUG balancer.ContainerBalancerTask (ContainerBalancerTask.java:matchSourceWithTarget(708)) - ContainerBalancer is finding suitable target for source datanode 070e469f-3ca0-45b5-98cf-e8dd24430fdf
2023-09-12 21:14:00,633 [main] INFO  balancer.FindTargetGreedyByUsageInfo (AbstractFindTargetGreedy.java:findTargetForContainerMove(133)) - Container Balancer could not find a target for source datanode 070e469f-3ca0-45b5-98cf-e8dd24430fdf
2023-09-12 21:14:00,633 [main] DEBUG balancer.ContainerBalancerTask (ContainerBalancerTask.java:matchSourceWithTarget(717)) - ContainerBalancer could not find a suitable target for source node 070e469f-3ca0-45b5-98cf-e8dd24430fdf.
2023-09-12 21:14:00,637 [main] DEBUG balancer.ContainerBalancerTask (ContainerBalancerTask.java:matchSourceWithTarget(708)) - ContainerBalancer is finding suitable target for source datanode 7b2f3d4c-ca25-42f3-b139-78a01c526c80
2023-09-12 21:14:00,637 [main] INFO  balancer.FindTargetGreedyByUsageInfo (AbstractFindTargetGreedy.java:findTargetForContainerMove(133)) - Container Balancer could not find a target for source datanode 7b2f3d4c-ca25-42f3-b139-78a01c526c80
2023-09-12 21:14:00,637 [main] DEBUG balancer.ContainerBalancerTask (ContainerBalancerTask.java:matchSourceWithTarget(717)) - ContainerBalancer could not find a suitable target for source node 7b2f3d4c-ca25-42f3-b139-78a01c526c80.
2023-09-12 21:14:00,637 [main] INFO  balancer.FindSourceGreedy (FindSourceGreedy.java:getNextCandidateSourceDataNode(126)) - no more candidate source data node
2023-09-12 21:14:00,637 [main] INFO  balancer.ContainerBalancerTask (ContainerBalancerTask.java:balance(259)) - Result of this iteration of Container Balancer: CAN_NOT_BALANCE_ANY_MORE
2023-09-12 21:14:00,637 [main] INFO  balancer.ContainerBalancerTask (ContainerBalancerTask.java:tryStopWithSaveConfiguration(308)) - Save Configuration for stopping. Reason: CAN_NOT_BALANCE_ANY_MORE
2023-09-12 21:14:00,638 [main] DEBUG balancer.ContainerBalancerTask (ContainerBalancerTask.java:initializeIteration(374)) - Average utilization of the cluster is 0.3033549815943624
2023-09-12 21:14:00,638 [main] DEBUG balancer.ContainerBalancerTask (ContainerBalancerTask.java:initializeIteration(386)) - Lower limit for utilization is -0.20064627686414943 and Upper limit for utilization is 0.8073562400528742
2023-09-12 21:14:00,638 [main] DEBUG balancer.ContainerBalancerTask (ContainerBalancerTask.java:initializeIteration(398)) - Utilization for node 8b7d5063-613d-4d91-a7df-612a126898ec with capacity 35791394133B, used 32212254720B, and remaining 3579139413B is 0.9000000000083819
2023-09-12 21:14:00,638 [main] DEBUG balancer.ContainerBalancerTask (ContainerBalancerTask.java:initializeIteration(398)) - Utilization for node 070e469f-3ca0-45b5-98cf-e8dd24430fdf with capacity 49660559360B, used 39728447488B, and remaining 9932111872B is 0.8
2023-09-12 21:14:00,638 [main] DEBUG balancer.ContainerBalancerTask (ContainerBalancerTask.java:initializeIteration(398)) - Utilization for node 7b2f3d4c-ca25-42f3-b139-78a01c526c80 with capacity 95102847268B, used 66571993088B, and remaining 28530854180B is 0.7000000000042059
2023-09-12 21:14:00,638 [main] DEBUG balancer.ContainerBalancerTask (ContainerBalancerTask.java:initializeIteration(398)) - Utilization for node 3243c23f-eeb9-4746-81d0-9fd5fea8c92c with capacity 80530636800B, used 48318382080B, and remaining 32212254720B is 0.6
2023-09-12 21:14:00,639 [main] DEBUG balancer.ContainerBalancerTask (ContainerBalancerTask.java:initializeIteration(398)) - Utilization for node 9942fb12-d332-42ed-9d6a-3aff0c5b7504 with capacity 79456894976B, used 39728447488B, and remaining 39728447488B is 0.5
2023-09-12 21:14:00,639 [main] DEBUG balancer.ContainerBalancerTask (ContainerBalancerTask.java:initializeIteration(398)) - Utilization for node 6ea9cdb6-40b0-4eeb-9407-c7185c90052b with capacity 72477573120B, used 28991029248B, and remaining 43486543872B is 0.4
2023-09-12 21:14:00,639 [main] DEBUG balancer.ContainerBalancerTask (ContainerBalancerTask.java:initializeIteration(398)) - Utilization for node a2a0e2e7-ae45-4fef-bce6-4d93462c0fc6 with capacity 125269879466B, used 37580963840B, and remaining 87688915626B is 0.30000000000159655
2023-09-12 21:14:00,639 [main] DEBUG balancer.ContainerBalancerTask (ContainerBalancerTask.java:initializeIteration(398)) - Utilization for node 6be0a4b7-0a2f-4016-ae64-0dd4ea836ea4 with capacity 236223201280B, used 47244640256B, and remaining 188978561024B is 0.2
2023-09-12 21:14:00,639 [main] DEBUG balancer.ContainerBalancerTask (ContainerBalancerTask.java:initializeIteration(398)) - Utilization for node 63ed42ec-28e6-4693-a4b8-2f775114e637 with capacity 483183820800B, used 48318382080B, and remaining 434865438720B is 0.1
2023-09-12 21:14:00,639 [main] DEBUG balancer.ContainerBalancerTask (ContainerBalancerTask.java:initializeIteration(398)) - Utilization for node a683902e-022d-4de0-abb8-1cb890a4490a with capacity 23622320128B, used 0B, and remaining 23622320128B is 0.0
2023-09-12 21:14:00,639 [main] INFO  balancer.ContainerBalancerTask (ContainerBalancerTask.java:initializeIteration(447)) - Container Balancer has identified 1 Over-Utilized and 0 Under-Utilized Datanodes that need to be balanced.
2023-09-12 21:14:00,639 [main] DEBUG balancer.ContainerBalancerTask (ContainerBalancerTask.java:lambda$initializeIteration$1(453)) - Datanode localhost-2.101.7.160 8b7d5063-613d-4d91-a7df-612a126898ec is Over-Utilized.
2023-09-12 21:14:00,641 [main] DEBUG balancer.ContainerBalancerTask (ContainerBalancerTask.java:matchSourceWithTarget(708)) - ContainerBalancer is finding suitable target for source datanode 8b7d5063-613d-4d91-a7df-612a126898ec
2023-09-12 21:14:00,641 [main] INFO  balancer.FindTargetGreedyByUsageInfo (AbstractFindTargetGreedy.java:findTargetForContainerMove(133)) - Container Balancer could not find a target for source datanode 8b7d5063-613d-4d91-a7df-612a126898ec
2023-09-12 21:14:00,641 [main] DEBUG balancer.ContainerBalancerTask (ContainerBalancerTask.java:matchSourceWithTarget(717)) - ContainerBalancer could not find a suitable target for source node 8b7d5063-613d-4d91-a7df-612a126898ec.
2023-09-12 21:14:00,641 [main] INFO  balancer.FindSourceGreedy (FindSourceGreedy.java:getNextCandidateSourceDataNode(126)) - no more candidate source data node
2023-09-12 21:14:00,641 [main] INFO  balancer.ContainerBalancerTask (ContainerBalancerTask.java:balance(259)) - Result of this iteration of Container Balancer: CAN_NOT_BALANCE_ANY_MORE
2023-09-12 21:14:00,641 [main] INFO  balancer.ContainerBalancerTask (ContainerBalancerTask.java:tryStopWithSaveConfiguration(308)) - Save Configuration for stopping. Reason: CAN_NOT_BALANCE_ANY_MORE
2023-09-12 21:14:00,642 [main] DEBUG balancer.ContainerBalancerTask (ContainerBalancerTask.java:initializeIteration(374)) - Average utilization of the cluster is 0.3033549815943624
2023-09-12 21:14:00,642 [main] DEBUG balancer.ContainerBalancerTask (ContainerBalancerTask.java:initializeIteration(386)) - Lower limit for utilization is 0.22793760403108448 and Upper limit for utilization is 0.37877235915764035
2023-09-12 21:14:00,642 [main] DEBUG balancer.ContainerBalancerTask (ContainerBalancerTask.java:initializeIteration(398)) - Utilization for node 8b7d5063-613d-4d91-a7df-612a126898ec with capacity 35791394133B, used 32212254720B, and remaining 3579139413B is 0.9000000000083819
2023-09-12 21:14:00,642 [main] DEBUG balancer.ContainerBalancerTask (ContainerBalancerTask.java:initializeIteration(398)) - Utilization for node 070e469f-3ca0-45b5-98cf-e8dd24430fdf with capacity 49660559360B, used 39728447488B, and remaining 9932111872B is 0.8
2023-09-12 21:14:00,642 [main] DEBUG balancer.ContainerBalancerTask (ContainerBalancerTask.java:initializeIteration(398)) - Utilization for node 7b2f3d4c-ca25-42f3-b139-78a01c526c80 with capacity 95102847268B, used 66571993088B, and remaining 28530854180B is 0.7000000000042059
2023-09-12 21:14:00,642 [main] DEBUG balancer.ContainerBalancerTask (ContainerBalancerTask.java:initializeIteration(398)) - Utilization for node 3243c23f-eeb9-4746-81d0-9fd5fea8c92c with capacity 80530636800B, used 48318382080B, and remaining 32212254720B is 0.6
2023-09-12 21:14:00,642 [main] DEBUG balancer.ContainerBalancerTask (ContainerBalancerTask.java:initializeIteration(398)) - Utilization for node 9942fb12-d332-42ed-9d6a-3aff0c5b7504 with capacity 79456894976B, used 39728447488B, and remaining 39728447488B is 0.5
2023-09-12 21:14:00,643 [main] DEBUG balancer.ContainerBalancerTask (ContainerBalancerTask.java:initializeIteration(398)) - Utilization for node 6ea9cdb6-40b0-4eeb-9407-c7185c90052b with capacity 72477573120B, used 28991029248B, and remaining 43486543872B is 0.4
2023-09-12 21:14:00,643 [main] DEBUG balancer.ContainerBalancerTask (ContainerBalancerTask.java:initializeIteration(398)) - Utilization for node a2a0e2e7-ae45-4fef-bce6-4d93462c0fc6 with capacity 125269879466B, used 37580963840B, and remaining 87688915626B is 0.30000000000159655
2023-09-12 21:14:00,643 [main] DEBUG balancer.ContainerBalancerTask (ContainerBalancerTask.java:initializeIteration(398)) - Utilization for node 6be0a4b7-0a2f-4016-ae64-0dd4ea836ea4 with capacity 236223201280B, used 47244640256B, and remaining 188978561024B is 0.2
2023-09-12 21:14:00,643 [main] DEBUG balancer.ContainerBalancerTask (ContainerBalancerTask.java:initializeIteration(398)) - Utilization for node 63ed42ec-28e6-4693-a4b8-2f775114e637 with capacity 483183820800B, used 48318382080B, and remaining 434865438720B is 0.1
2023-09-12 21:14:00,643 [main] DEBUG balancer.ContainerBalancerTask (ContainerBalancerTask.java:initializeIteration(398)) - Utilization for node a683902e-022d-4de0-abb8-1cb890a4490a with capacity 23622320128B, used 0B, and remaining 23622320128B is 0.0
2023-09-12 21:14:00,643 [main] INFO  balancer.ContainerBalancerTask (ContainerBalancerTask.java:initializeIteration(447)) - Container Balancer has identified 6 Over-Utilized and 3 Under-Utilized Datanodes that need to be balanced.
2023-09-12 21:14:00,643 [main] DEBUG balancer.ContainerBalancerTask (ContainerBalancerTask.java:lambda$initializeIteration$1(453)) - Datanode localhost-2.101.7.160 8b7d5063-613d-4d91-a7df-612a126898ec is Over-Utilized.
2023-09-12 21:14:00,643 [main] DEBUG balancer.ContainerBalancerTask (ContainerBalancerTask.java:lambda$initializeIteration$1(453)) - Datanode localhost-237.218.167.41 070e469f-3ca0-45b5-98cf-e8dd24430fdf is Over-Utilized.
2023-09-12 21:14:00,643 [main] DEBUG balancer.ContainerBalancerTask (ContainerBalancerTask.java:lambda$initializeIteration$1(453)) - Datanode localhost-244.245.40.170 7b2f3d4c-ca25-42f3-b139-78a01c526c80 is Over-Utilized.
2023-09-12 21:14:00,643 [main] DEBUG balancer.ContainerBalancerTask (ContainerBalancerTask.java:lambda$initializeIteration$1(453)) - Datanode localhost-233.178.191.166 3243c23f-eeb9-4746-81d0-9fd5fea8c92c is Over-Utilized.
2023-09-12 21:14:00,643 [main] DEBUG balancer.ContainerBalancerTask (ContainerBalancerTask.java:lambda$initializeIteration$1(453)) - Datanode localhost-11.222.135.196 9942fb12-d332-42ed-9d6a-3aff0c5b7504 is Over-Utilized.
2023-09-12 21:14:00,643 [main] DEBUG balancer.ContainerBalancerTask (ContainerBalancerTask.java:lambda$initializeIteration$1(453)) - Datanode localhost-219.40.172.80 6ea9cdb6-40b0-4eeb-9407-c7185c90052b is Over-Utilized.
2023-09-12 21:14:00,644 [main] DEBUG balancer.ContainerBalancerTask (ContainerBalancerTask.java:lambda$initializeIteration$2(459)) - Datanode localhost-32.56.199.203 a683902e-022d-4de0-abb8-1cb890a4490a is Under-Utilized.
2023-09-12 21:14:00,644 [main] DEBUG balancer.ContainerBalancerTask (ContainerBalancerTask.java:lambda$initializeIteration$2(459)) - Datanode localhost-232.77.218.91 63ed42ec-28e6-4693-a4b8-2f775114e637 is Under-Utilized.
2023-09-12 21:14:00,644 [main] DEBUG balancer.ContainerBalancerTask (ContainerBalancerTask.java:lambda$initializeIteration$2(459)) - Datanode localhost-21.207.170.32 6be0a4b7-0a2f-4016-ae64-0dd4ea836ea4 is Under-Utilized.
2023-09-12 21:14:00,645 [main] DEBUG balancer.ContainerBalancerTask (ContainerBalancerTask.java:matchSourceWithTarget(708)) - ContainerBalancer is finding suitable target for source datanode 8b7d5063-613d-4d91-a7df-612a126898ec
2023-09-12 21:14:00,646 [main] INFO  balancer.ContainerBalancerTask (ContainerBalancerTask.java:matchSourceWithTarget(722)) - ContainerBalancer matched source datanode 8b7d5063-613d-4d91-a7df-612a126898ec with target datanode a683902e-022d-4de0-abb8-1cb890a4490a for container move.
2023-09-12 21:14:00,646 [main] INFO  balancer.ContainerBalancerTask (ContainerBalancerTask.java:processMoveSelection(569)) - ContainerBalancer is trying to move container #85 with size 5368709120B from source datanode 8b7d5063-613d-4d91-a7df-612a126898ec to target datanode a683902e-022d-4de0-abb8-1cb890a4490a
2023-09-12 21:14:00,646 [main] DEBUG balancer.ContainerBalancerTask (ContainerBalancerTask.java:lambda$moveContainer$3(837)) - Container move completed for container #85 from source 8b7d5063-613d-4d91-a7df-612a126898ec to target a683902e-022d-4de0-abb8-1cb890a4490a
2023-09-12 21:14:00,648 [main] DEBUG balancer.ContainerBalancerTask (ContainerBalancerTask.java:matchSourceWithTarget(708)) - ContainerBalancer is finding suitable target for source datanode 070e469f-3ca0-45b5-98cf-e8dd24430fdf
2023-09-12 21:14:00,648 [main] INFO  balancer.ContainerBalancerTask (ContainerBalancerTask.java:matchSourceWithTarget(722)) - ContainerBalancer matched source datanode 070e469f-3ca0-45b5-98cf-e8dd24430fdf with target datanode 63ed42ec-28e6-4693-a4b8-2f775114e637 for container move.
2023-09-12 21:14:00,648 [main] INFO  balancer.ContainerBalancerTask (ContainerBalancerTask.java:processMoveSelection(569)) - ContainerBalancer is trying to move container #68 with size 5368709120B from source datanode 070e469f-3ca0-45b5-98cf-e8dd24430fdf to target datanode 63ed42ec-28e6-4693-a4b8-2f775114e637
2023-09-12 21:14:00,648 [main] DEBUG balancer.ContainerBalancerTask (ContainerBalancerTask.java:lambda$moveContainer$3(837)) - Container move completed for container #68 from source 070e469f-3ca0-45b5-98cf-e8dd24430fdf to target 63ed42ec-28e6-4693-a4b8-2f775114e637
2023-09-12 21:14:00,650 [main] DEBUG balancer.ContainerBalancerTask (ContainerBalancerTask.java:matchSourceWithTarget(708)) - ContainerBalancer is finding suitable target for source datanode 8b7d5063-613d-4d91-a7df-612a126898ec
2023-09-12 21:14:00,650 [main] INFO  balancer.ContainerBalancerTask (ContainerBalancerTask.java:matchSourceWithTarget(722)) - ContainerBalancer matched source datanode 8b7d5063-613d-4d91-a7df-612a126898ec with target datanode 63ed42ec-28e6-4693-a4b8-2f775114e637 for container move.
2023-09-12 21:14:00,650 [main] INFO  balancer.ContainerBalancerTask (ContainerBalancerTask.java:processMoveSelection(569)) - ContainerBalancer is trying to move container #87 with size 2147483648B from source datanode 8b7d5063-613d-4d91-a7df-612a126898ec to target datanode 63ed42ec-28e6-4693-a4b8-2f775114e637
2023-09-12 21:14:00,650 [main] DEBUG balancer.ContainerBalancerTask (ContainerBalancerTask.java:lambda$moveContainer$3(837)) - Container move completed for container #87 from source 8b7d5063-613d-4d91-a7df-612a126898ec to target 63ed42ec-28e6-4693-a4b8-2f775114e637
2023-09-12 21:14:00,654 [main] DEBUG balancer.ContainerBalancerTask (ContainerBalancerTask.java:matchSourceWithTarget(708)) - ContainerBalancer is finding suitable target for source datanode 7b2f3d4c-ca25-42f3-b139-78a01c526c80
2023-09-12 21:14:00,654 [main] INFO  balancer.ContainerBalancerTask (ContainerBalancerTask.java:matchSourceWithTarget(722)) - ContainerBalancer matched source datanode 7b2f3d4c-ca25-42f3-b139-78a01c526c80 with target datanode 63ed42ec-28e6-4693-a4b8-2f775114e637 for container move.
2023-09-12 21:14:00,654 [main] INFO  balancer.ContainerBalancerTask (ContainerBalancerTask.java:processMoveSelection(569)) - ContainerBalancer is trying to move container #53 with size 5368709120B from source datanode 7b2f3d4c-ca25-42f3-b139-78a01c526c80 to target datanode 63ed42ec-28e6-4693-a4b8-2f775114e637
2023-09-12 21:14:00,655 [main] DEBUG balancer.ContainerBalancerTask (ContainerBalancerTask.java:lambda$moveContainer$3(837)) - Container move completed for container #53 from source 7b2f3d4c-ca25-42f3-b139-78a01c526c80 to target 63ed42ec-28e6-4693-a4b8-2f775114e637
2023-09-12 21:14:00,657 [main] DEBUG balancer.ContainerBalancerTask (ContainerBalancerTask.java:matchSourceWithTarget(708)) - ContainerBalancer is finding suitable target for source datanode 070e469f-3ca0-45b5-98cf-e8dd24430fdf
2023-09-12 21:14:00,657 [main] INFO  balancer.ContainerBalancerTask (ContainerBalancerTask.java:matchSourceWithTarget(722)) - ContainerBalancer matched source datanode 070e469f-3ca0-45b5-98cf-e8dd24430fdf with target datanode 63ed42ec-28e6-4693-a4b8-2f775114e637 for container move.
2023-09-12 21:14:00,657 [main] INFO  balancer.ContainerBalancerTask (ContainerBalancerTask.java:processMoveSelection(569)) - ContainerBalancer is trying to move container #40 with size 5368709120B from source datanode 070e469f-3ca0-45b5-98cf-e8dd24430fdf to target datanode 63ed42ec-28e6-4693-a4b8-2f775114e637
2023-09-12 21:14:00,657 [main] DEBUG balancer.ContainerBalancerTask (ContainerBalancerTask.java:lambda$moveContainer$3(837)) - Container move completed for container #40 from source 070e469f-3ca0-45b5-98cf-e8dd24430fdf to target 63ed42ec-28e6-4693-a4b8-2f775114e637
2023-09-12 21:14:00,659 [main] DEBUG balancer.ContainerBalancerTask (ContainerBalancerTask.java:matchSourceWithTarget(708)) - ContainerBalancer is finding suitable target for source datanode 8b7d5063-613d-4d91-a7df-612a126898ec
2023-09-12 21:14:00,659 [main] INFO  balancer.ContainerBalancerTask (ContainerBalancerTask.java:matchSourceWithTarget(722)) - ContainerBalancer matched source datanode 8b7d5063-613d-4d91-a7df-612a126898ec with target datanode 63ed42ec-28e6-4693-a4b8-2f775114e637 for container move.
2023-09-12 21:14:00,659 [main] INFO  balancer.ContainerBalancerTask (ContainerBalancerTask.java:processMoveSelection(569)) - ContainerBalancer is trying to move container #82 with size 2147483648B from source datanode 8b7d5063-613d-4d91-a7df-612a126898ec to target datanode 63ed42ec-28e6-4693-a4b8-2f775114e637
2023-09-12 21:14:00,659 [main] DEBUG balancer.ContainerBalancerTask (ContainerBalancerTask.java:lambda$moveContainer$3(837)) - Container move completed for container #82 from source 8b7d5063-613d-4d91-a7df-612a126898ec to target 63ed42ec-28e6-4693-a4b8-2f775114e637
2023-09-12 21:14:00,663 [main] DEBUG balancer.ContainerBalancerTask (ContainerBalancerTask.java:matchSourceWithTarget(708)) - ContainerBalancer is finding suitable target for source datanode 7b2f3d4c-ca25-42f3-b139-78a01c526c80
2023-09-12 21:14:00,664 [main] INFO  balancer.ContainerBalancerTask (ContainerBalancerTask.java:matchSourceWithTarget(722)) - ContainerBalancer matched source datanode 7b2f3d4c-ca25-42f3-b139-78a01c526c80 with target datanode 63ed42ec-28e6-4693-a4b8-2f775114e637 for container move.
2023-09-12 21:14:00,664 [main] INFO  balancer.ContainerBalancerTask (ContainerBalancerTask.java:processMoveSelection(569)) - ContainerBalancer is trying to move container #52 with size 4294967296B from source datanode 7b2f3d4c-ca25-42f3-b139-78a01c526c80 to target datanode 63ed42ec-28e6-4693-a4b8-2f775114e637
2023-09-12 21:14:00,664 [main] DEBUG balancer.ContainerBalancerTask (ContainerBalancerTask.java:lambda$moveContainer$3(837)) - Container move completed for container #52 from source 7b2f3d4c-ca25-42f3-b139-78a01c526c80 to target 63ed42ec-28e6-4693-a4b8-2f775114e637
2023-09-12 21:14:00,666 [main] DEBUG balancer.ContainerBalancerTask (ContainerBalancerTask.java:matchSourceWithTarget(708)) - ContainerBalancer is finding suitable target for source datanode 8b7d5063-613d-4d91-a7df-612a126898ec
2023-09-12 21:14:00,666 [main] INFO  balancer.ContainerBalancerTask (ContainerBalancerTask.java:matchSourceWithTarget(722)) - ContainerBalancer matched source datanode 8b7d5063-613d-4d91-a7df-612a126898ec with target datanode 63ed42ec-28e6-4693-a4b8-2f775114e637 for container move.
2023-09-12 21:14:00,666 [main] INFO  balancer.ContainerBalancerTask (ContainerBalancerTask.java:processMoveSelection(569)) - ContainerBalancer is trying to move container #10 with size 2147483648B from source datanode 8b7d5063-613d-4d91-a7df-612a126898ec to target datanode 63ed42ec-28e6-4693-a4b8-2f775114e637
2023-09-12 21:14:00,666 [main] DEBUG balancer.ContainerBalancerTask (ContainerBalancerTask.java:lambda$moveContainer$3(837)) - Container move completed for container #10 from source 8b7d5063-613d-4d91-a7df-612a126898ec to target 63ed42ec-28e6-4693-a4b8-2f775114e637
2023-09-12 21:14:00,669 [main] DEBUG balancer.ContainerBalancerTask (ContainerBalancerTask.java:matchSourceWithTarget(708)) - ContainerBalancer is finding suitable target for source datanode 3243c23f-eeb9-4746-81d0-9fd5fea8c92c
2023-09-12 21:14:00,669 [main] INFO  balancer.ContainerBalancerTask (ContainerBalancerTask.java:matchSourceWithTarget(722)) - ContainerBalancer matched source datanode 3243c23f-eeb9-4746-81d0-9fd5fea8c92c with target datanode 63ed42ec-28e6-4693-a4b8-2f775114e637 for container move.
2023-09-12 21:14:00,669 [main] INFO  balancer.ContainerBalancerTask (ContainerBalancerTask.java:processMoveSelection(569)) - ContainerBalancer is trying to move container #39 with size 4294967296B from source datanode 3243c23f-eeb9-4746-81d0-9fd5fea8c92c to target datanode 63ed42ec-28e6-4693-a4b8-2f775114e637
2023-09-12 21:14:00,670 [main] DEBUG balancer.ContainerBalancerTask (ContainerBalancerTask.java:lambda$moveContainer$3(837)) - Container move completed for container #39 from source 3243c23f-eeb9-4746-81d0-9fd5fea8c92c to target 63ed42ec-28e6-4693-a4b8-2f775114e637
2023-09-12 21:14:00,674 [main] DEBUG balancer.ContainerBalancerTask (ContainerBalancerTask.java:matchSourceWithTarget(708)) - ContainerBalancer is finding suitable target for source datanode 7b2f3d4c-ca25-42f3-b139-78a01c526c80
2023-09-12 21:14:00,674 [main] INFO  balancer.ContainerBalancerTask (ContainerBalancerTask.java:matchSourceWithTarget(722)) - ContainerBalancer matched source datanode 7b2f3d4c-ca25-42f3-b139-78a01c526c80 with target datanode 63ed42ec-28e6-4693-a4b8-2f775114e637 for container move.
2023-09-12 21:14:00,674 [main] INFO  balancer.ContainerBalancerTask (ContainerBalancerTask.java:processMoveSelection(569)) - ContainerBalancer is trying to move container #71 with size 3221225472B from source datanode 7b2f3d4c-ca25-42f3-b139-78a01c526c80 to target datanode 63ed42ec-28e6-4693-a4b8-2f775114e637
2023-09-12 21:14:00,674 [main] DEBUG balancer.ContainerBalancerTask (ContainerBalancerTask.java:lambda$moveContainer$3(837)) - Container move completed for container #71 from source 7b2f3d4c-ca25-42f3-b139-78a01c526c80 to target 63ed42ec-28e6-4693-a4b8-2f775114e637
2023-09-12 21:14:00,677 [main] DEBUG balancer.ContainerBalancerTask (ContainerBalancerTask.java:matchSourceWithTarget(708)) - ContainerBalancer is finding suitable target for source datanode 070e469f-3ca0-45b5-98cf-e8dd24430fdf
2023-09-12 21:14:00,677 [main] INFO  balancer.ContainerBalancerTask (ContainerBalancerTask.java:matchSourceWithTarget(722)) - ContainerBalancer matched source datanode 070e469f-3ca0-45b5-98cf-e8dd24430fdf with target datanode 63ed42ec-28e6-4693-a4b8-2f775114e637 for container move.
2023-09-12 21:14:00,677 [main] INFO  balancer.ContainerBalancerTask (ContainerBalancerTask.java:processMoveSelection(569)) - ContainerBalancer is trying to move container #67 with size 4294967296B from source datanode 070e469f-3ca0-45b5-98cf-e8dd24430fdf to target datanode 63ed42ec-28e6-4693-a4b8-2f775114e637
2023-09-12 21:14:00,677 [main] DEBUG balancer.ContainerBalancerTask (ContainerBalancerTask.java:lambda$moveContainer$3(837)) - Container move completed for container #67 from source 070e469f-3ca0-45b5-98cf-e8dd24430fdf to target 63ed42ec-28e6-4693-a4b8-2f775114e637
2023-09-12 21:14:00,679 [main] DEBUG balancer.ContainerBalancerTask (ContainerBalancerTask.java:matchSourceWithTarget(708)) - ContainerBalancer is finding suitable target for source datanode 8b7d5063-613d-4d91-a7df-612a126898ec
2023-09-12 21:14:00,680 [main] INFO  balancer.ContainerBalancerTask (ContainerBalancerTask.java:matchSourceWithTarget(722)) - ContainerBalancer matched source datanode 8b7d5063-613d-4d91-a7df-612a126898ec with target datanode 63ed42ec-28e6-4693-a4b8-2f775114e637 for container move.
2023-09-12 21:14:00,680 [main] INFO  balancer.ContainerBalancerTask (ContainerBalancerTask.java:processMoveSelection(569)) - ContainerBalancer is trying to move container #86 with size 1073741824B from source datanode 8b7d5063-613d-4d91-a7df-612a126898ec to target datanode 63ed42ec-28e6-4693-a4b8-2f775114e637
2023-09-12 21:14:00,680 [main] DEBUG balancer.ContainerBalancerTask (ContainerBalancerTask.java:lambda$moveContainer$3(837)) - Container move completed for container #86 from source 8b7d5063-613d-4d91-a7df-612a126898ec to target 63ed42ec-28e6-4693-a4b8-2f775114e637
2023-09-12 21:14:00,684 [main] DEBUG balancer.ContainerBalancerTask (ContainerBalancerTask.java:matchSourceWithTarget(708)) - ContainerBalancer is finding suitable target for source datanode 7b2f3d4c-ca25-42f3-b139-78a01c526c80
2023-09-12 21:14:00,684 [main] INFO  balancer.ContainerBalancerTask (ContainerBalancerTask.java:matchSourceWithTarget(722)) - ContainerBalancer matched source datanode 7b2f3d4c-ca25-42f3-b139-78a01c526c80 with target datanode 63ed42ec-28e6-4693-a4b8-2f775114e637 for container move.
2023-09-12 21:14:00,684 [main] INFO  balancer.ContainerBalancerTask (ContainerBalancerTask.java:processMoveSelection(569)) - ContainerBalancer is trying to move container #66 with size 3221225472B from source datanode 7b2f3d4c-ca25-42f3-b139-78a01c526c80 to target datanode 63ed42ec-28e6-4693-a4b8-2f775114e637
2023-09-12 21:14:00,684 [main] DEBUG balancer.ContainerBalancerTask (ContainerBalancerTask.java:lambda$moveContainer$3(837)) - Container move completed for container #66 from source 7b2f3d4c-ca25-42f3-b139-78a01c526c80 to target 63ed42ec-28e6-4693-a4b8-2f775114e637
2023-09-12 21:14:00,688 [main] DEBUG balancer.ContainerBalancerTask (ContainerBalancerTask.java:matchSourceWithTarget(708)) - ContainerBalancer is finding suitable target for source datanode 3243c23f-eeb9-4746-81d0-9fd5fea8c92c
2023-09-12 21:14:00,688 [main] INFO  balancer.ContainerBalancerTask (ContainerBalancerTask.java:matchSourceWithTarget(722)) - ContainerBalancer matched source datanode 3243c23f-eeb9-4746-81d0-9fd5fea8c92c with target datanode 63ed42ec-28e6-4693-a4b8-2f775114e637 for container move.
2023-09-12 21:14:00,688 [main] INFO  balancer.ContainerBalancerTask (ContainerBalancerTask.java:processMoveSelection(569)) - ContainerBalancer is trying to move container #38 with size 3221225472B from source datanode 3243c23f-eeb9-4746-81d0-9fd5fea8c92c to target datanode 63ed42ec-28e6-4693-a4b8-2f775114e637
2023-09-12 21:14:00,688 [main] DEBUG balancer.ContainerBalancerTask (ContainerBalancerTask.java:lambda$moveContainer$3(837)) - Container move completed for container #38 from source 3243c23f-eeb9-4746-81d0-9fd5fea8c92c to target 63ed42ec-28e6-4693-a4b8-2f775114e637
2023-09-12 21:14:00,689 [main] DEBUG balancer.ContainerBalancerTask (ContainerBalancerTask.java:matchSourceWithTarget(708)) - ContainerBalancer is finding suitable target for source datanode 8b7d5063-613d-4d91-a7df-612a126898ec
2023-09-12 21:14:00,690 [main] INFO  balancer.ContainerBalancerTask (ContainerBalancerTask.java:matchSourceWithTarget(722)) - ContainerBalancer matched source datanode 8b7d5063-613d-4d91-a7df-612a126898ec with target datanode 63ed42ec-28e6-4693-a4b8-2f775114e637 for container move.
2023-09-12 21:14:00,690 [main] INFO  balancer.ContainerBalancerTask (ContainerBalancerTask.java:processMoveSelection(569)) - ContainerBalancer is trying to move container #49 with size 1073741824B from source datanode 8b7d5063-613d-4d91-a7df-612a126898ec to target datanode 63ed42ec-28e6-4693-a4b8-2f775114e637
2023-09-12 21:14:00,690 [main] DEBUG balancer.ContainerBalancerTask (ContainerBalancerTask.java:lambda$moveContainer$3(837)) - Container move completed for container #49 from source 8b7d5063-613d-4d91-a7df-612a126898ec to target 63ed42ec-28e6-4693-a4b8-2f775114e637
2023-09-12 21:14:00,694 [main] DEBUG balancer.ContainerBalancerTask (ContainerBalancerTask.java:matchSourceWithTarget(708)) - ContainerBalancer is finding suitable target for source datanode 7b2f3d4c-ca25-42f3-b139-78a01c526c80
2023-09-12 21:14:00,694 [main] INFO  balancer.ContainerBalancerTask (ContainerBalancerTask.java:matchSourceWithTarget(722)) - ContainerBalancer matched source datanode 7b2f3d4c-ca25-42f3-b139-78a01c526c80 with target datanode 63ed42ec-28e6-4693-a4b8-2f775114e637 for container move.
2023-09-12 21:14:00,694 [main] INFO  balancer.ContainerBalancerTask (ContainerBalancerTask.java:processMoveSelection(569)) - ContainerBalancer is trying to move container #41 with size 1073741824B from source datanode 7b2f3d4c-ca25-42f3-b139-78a01c526c80 to target datanode 63ed42ec-28e6-4693-a4b8-2f775114e637
2023-09-12 21:14:00,695 [main] DEBUG balancer.ContainerBalancerTask (ContainerBalancerTask.java:lambda$moveContainer$3(837)) - Container move completed for container #41 from source 7b2f3d4c-ca25-42f3-b139-78a01c526c80 to target 63ed42ec-28e6-4693-a4b8-2f775114e637
2023-09-12 21:14:00,695 [main] WARN  balancer.ContainerBalancerTask (ContainerBalancerTask.java:reachedMaxSizeToMovePerIteration(733)) - Reached max size to move limit. 53687091200 bytes have already been scheduled for balancing and the limit is 53687091200 bytes.
2023-09-12 21:14:00,695 [main] INFO  balancer.ContainerBalancerTask (ContainerBalancerTask.java:checkIterationMoveResults(642)) - Iteration Summary. Number of Datanodes involved: 6. Size moved: 50 GB (53687091200 Bytes). Number of Container moves completed: 16.
2023-09-12 21:14:00,695 [main] INFO  balancer.ContainerBalancerTask (ContainerBalancerTask.java:balance(259)) - Result of this iteration of Container Balancer: ITERATION_COMPLETED
2023-09-12 21:14:00,695 [main] INFO  balancer.ContainerBalancerTask (ContainerBalancerTask.java:tryStopWithSaveConfiguration(308)) - Save Configuration for stopping. Reason: Completed all iterations.
2023-09-12 21:14:00,696 [main] DEBUG balancer.ContainerBalancerTask (ContainerBalancerTask.java:initializeIteration(374)) - Average utilization of the cluster is 0.3033549815943624
2023-09-12 21:14:00,696 [main] DEBUG balancer.ContainerBalancerTask (ContainerBalancerTask.java:initializeIteration(386)) - Lower limit for utilization is -0.10318936673583179 and Upper limit for utilization is 0.7098993299245566
2023-09-12 21:14:00,696 [main] DEBUG balancer.ContainerBalancerTask (ContainerBalancerTask.java:initializeIteration(398)) - Utilization for node 8b7d5063-613d-4d91-a7df-612a126898ec with capacity 35791394133B, used 32212254720B, and remaining 3579139413B is 0.9000000000083819
2023-09-12 21:14:00,696 [main] DEBUG balancer.ContainerBalancerTask (ContainerBalancerTask.java:initializeIteration(398)) - Utilization for node 070e469f-3ca0-45b5-98cf-e8dd24430fdf with capacity 49660559360B, used 39728447488B, and remaining 9932111872B is 0.8
2023-09-12 21:14:00,696 [main] DEBUG balancer.ContainerBalancerTask (ContainerBalancerTask.java:initializeIteration(398)) - Utilization for node 7b2f3d4c-ca25-42f3-b139-78a01c526c80 with capacity 95102847268B, used 66571993088B, and remaining 28530854180B is 0.7000000000042059
2023-09-12 21:14:00,696 [main] DEBUG balancer.ContainerBalancerTask (ContainerBalancerTask.java:initializeIteration(398)) - Utilization for node 3243c23f-eeb9-4746-81d0-9fd5fea8c92c with capacity 80530636800B, used 48318382080B, and remaining 32212254720B is 0.6
2023-09-12 21:14:00,697 [main] DEBUG balancer.ContainerBalancerTask (ContainerBalancerTask.java:initializeIteration(398)) - Utilization for node 9942fb12-d332-42ed-9d6a-3aff0c5b7504 with capacity 79456894976B, used 39728447488B, and remaining 39728447488B is 0.5
2023-09-12 21:14:00,697 [main] DEBUG balancer.ContainerBalancerTask (ContainerBalancerTask.java:initializeIteration(398)) - Utilization for node 6ea9cdb6-40b0-4eeb-9407-c7185c90052b with capacity 72477573120B, used 28991029248B, and remaining 43486543872B is 0.4
2023-09-12 21:14:00,697 [main] DEBUG balancer.ContainerBalancerTask (ContainerBalancerTask.java:initializeIteration(398)) - Utilization for node a2a0e2e7-ae45-4fef-bce6-4d93462c0fc6 with capacity 125269879466B, used 37580963840B, and remaining 87688915626B is 0.30000000000159655
2023-09-12 21:14:00,697 [main] DEBUG balancer.ContainerBalancerTask (ContainerBalancerTask.java:initializeIteration(398)) - Utilization for node 6be0a4b7-0a2f-4016-ae64-0dd4ea836ea4 with capacity 236223201280B, used 47244640256B, and remaining 188978561024B is 0.2
2023-09-12 21:14:00,697 [main] DEBUG balancer.ContainerBalancerTask (ContainerBalancerTask.java:initializeIteration(398)) - Utilization for node 63ed42ec-28e6-4693-a4b8-2f775114e637 with capacity 483183820800B, used 48318382080B, and remaining 434865438720B is 0.1
2023-09-12 21:14:00,697 [main] DEBUG balancer.ContainerBalancerTask (ContainerBalancerTask.java:initializeIteration(398)) - Utilization for node a683902e-022d-4de0-abb8-1cb890a4490a with capacity 23622320128B, used 0B, and remaining 23622320128B is 0.0
2023-09-12 21:14:00,697 [main] INFO  balancer.ContainerBalancerTask (ContainerBalancerTask.java:initializeIteration(447)) - Container Balancer has identified 2 Over-Utilized and 0 Under-Utilized Datanodes that need to be balanced.
2023-09-12 21:14:00,697 [main] DEBUG balancer.ContainerBalancerTask (ContainerBalancerTask.java:lambda$initializeIteration$1(453)) - Datanode localhost-2.101.7.160 8b7d5063-613d-4d91-a7df-612a126898ec is Over-Utilized.
2023-09-12 21:14:00,697 [main] DEBUG balancer.ContainerBalancerTask (ContainerBalancerTask.java:lambda$initializeIteration$1(453)) - Datanode localhost-237.218.167.41 070e469f-3ca0-45b5-98cf-e8dd24430fdf is Over-Utilized.
2023-09-12 21:14:00,699 [main] DEBUG balancer.ContainerBalancerTask (ContainerBalancerTask.java:matchSourceWithTarget(708)) - ContainerBalancer is finding suitable target for source datanode 8b7d5063-613d-4d91-a7df-612a126898ec
2023-09-12 21:14:00,699 [main] INFO  balancer.FindTargetGreedyByUsageInfo (AbstractFindTargetGreedy.java:findTargetForContainerMove(133)) - Container Balancer could not find a target for source datanode 8b7d5063-613d-4d91-a7df-612a126898ec
2023-09-12 21:14:00,699 [main] DEBUG balancer.ContainerBalancerTask (ContainerBalancerTask.java:matchSourceWithTarget(717)) - ContainerBalancer could not find a suitable target for source node 8b7d5063-613d-4d91-a7df-612a126898ec.
2023-09-12 21:14:00,701 [main] DEBUG balancer.ContainerBalancerTask (ContainerBalancerTask.java:matchSourceWithTarget(708)) - ContainerBalancer is finding suitable target for source datanode 070e469f-3ca0-45b5-98cf-e8dd24430fdf
2023-09-12 21:14:00,701 [main] INFO  balancer.FindTargetGreedyByUsageInfo (AbstractFindTargetGreedy.java:findTargetForContainerMove(133)) - Container Balancer could not find a target for source datanode 070e469f-3ca0-45b5-98cf-e8dd24430fdf
2023-09-12 21:14:00,701 [main] DEBUG balancer.ContainerBalancerTask (ContainerBalancerTask.java:matchSourceWithTarget(717)) - ContainerBalancer could not find a suitable target for source node 070e469f-3ca0-45b5-98cf-e8dd24430fdf.
2023-09-12 21:14:00,701 [main] INFO  balancer.FindSourceGreedy (FindSourceGreedy.java:getNextCandidateSourceDataNode(126)) - no more candidate source data node
2023-09-12 21:14:00,701 [main] INFO  balancer.ContainerBalancerTask (ContainerBalancerTask.java:balance(259)) - Result of this iteration of Container Balancer: CAN_NOT_BALANCE_ANY_MORE
2023-09-12 21:14:00,701 [main] INFO  balancer.ContainerBalancerTask (ContainerBalancerTask.java:tryStopWithSaveConfiguration(308)) - Save Configuration for stopping. Reason: CAN_NOT_BALANCE_ANY_MORE
2023-09-12 21:14:00,702 [main] DEBUG balancer.ContainerBalancerTask (ContainerBalancerTask.java:initializeIteration(374)) - Average utilization of the cluster is 0.3033549815943624
2023-09-12 21:14:00,702 [main] DEBUG balancer.ContainerBalancerTask (ContainerBalancerTask.java:initializeIteration(386)) - Lower limit for utilization is -0.5729996763446457 and Upper limit for utilization is 1.1797096395333704
2023-09-12 21:14:00,703 [main] DEBUG balancer.ContainerBalancerTask (ContainerBalancerTask.java:initializeIteration(398)) - Utilization for node 8b7d5063-613d-4d91-a7df-612a126898ec with capacity 35791394133B, used 32212254720B, and remaining 3579139413B is 0.9000000000083819
2023-09-12 21:14:00,703 [main] DEBUG balancer.ContainerBalancerTask (ContainerBalancerTask.java:initializeIteration(398)) - Utilization for node 070e469f-3ca0-45b5-98cf-e8dd24430fdf with capacity 49660559360B, used 39728447488B, and remaining 9932111872B is 0.8
2023-09-12 21:14:00,703 [main] DEBUG balancer.ContainerBalancerTask (ContainerBalancerTask.java:initializeIteration(398)) - Utilization for node 7b2f3d4c-ca25-42f3-b139-78a01c526c80 with capacity 95102847268B, used 66571993088B, and remaining 28530854180B is 0.7000000000042059
2023-09-12 21:14:00,703 [main] DEBUG balancer.ContainerBalancerTask (ContainerBalancerTask.java:initializeIteration(398)) - Utilization for node 3243c23f-eeb9-4746-81d0-9fd5fea8c92c with capacity 80530636800B, used 48318382080B, and remaining 32212254720B is 0.6
2023-09-12 21:14:00,703 [main] DEBUG balancer.ContainerBalancerTask (ContainerBalancerTask.java:initializeIteration(398)) - Utilization for node 9942fb12-d332-42ed-9d6a-3aff0c5b7504 with capacity 79456894976B, used 39728447488B, and remaining 39728447488B is 0.5
2023-09-12 21:14:00,703 [main] DEBUG balancer.ContainerBalancerTask (ContainerBalancerTask.java:initializeIteration(398)) - Utilization for node 6ea9cdb6-40b0-4eeb-9407-c7185c90052b with capacity 72477573120B, used 28991029248B, and remaining 43486543872B is 0.4
2023-09-12 21:14:00,703 [main] DEBUG balancer.ContainerBalancerTask (ContainerBalancerTask.java:initializeIteration(398)) - Utilization for node a2a0e2e7-ae45-4fef-bce6-4d93462c0fc6 with capacity 125269879466B, used 37580963840B, and remaining 87688915626B is 0.30000000000159655
2023-09-12 21:14:00,703 [main] DEBUG balancer.ContainerBalancerTask (ContainerBalancerTask.java:initializeIteration(398)) - Utilization for node 6be0a4b7-0a2f-4016-ae64-0dd4ea836ea4 with capacity 236223201280B, used 47244640256B, and remaining 188978561024B is 0.2
2023-09-12 21:14:00,703 [main] DEBUG balancer.ContainerBalancerTask (ContainerBalancerTask.java:initializeIteration(398)) - Utilization for node 63ed42ec-28e6-4693-a4b8-2f775114e637 with capacity 483183820800B, used 48318382080B, and remaining 434865438720B is 0.1
2023-09-12 21:14:00,703 [main] DEBUG balancer.ContainerBalancerTask (ContainerBalancerTask.java:initializeIteration(398)) - Utilization for node a683902e-022d-4de0-abb8-1cb890a4490a with capacity 23622320128B, used 0B, and remaining 23622320128B is 0.0
2023-09-12 21:14:00,703 [main] INFO  balancer.ContainerBalancerTask (ContainerBalancerTask.java:initializeIteration(443)) - Did not find any unbalanced Datanodes.
2023-09-12 21:14:00,704 [main] INFO  balancer.ContainerBalancerTask (ContainerBalancerTask.java:tryStopWithSaveConfiguration(308)) - Save Configuration for stopping. Reason: Could not initialize ContainerBalancer's iteration number 0
2023-09-12 21:14:00,704 [main] DEBUG balancer.ContainerBalancerTask (ContainerBalancerTask.java:initializeIteration(374)) - Average utilization of the cluster is 0.3033549815943624
2023-09-12 21:14:00,704 [main] DEBUG balancer.ContainerBalancerTask (ContainerBalancerTask.java:initializeIteration(386)) - Lower limit for utilization is -0.4328085822687188 and Upper limit for utilization is 1.0395185454574436
2023-09-12 21:14:00,704 [main] DEBUG balancer.ContainerBalancerTask (ContainerBalancerTask.java:initializeIteration(398)) - Utilization for node 8b7d5063-613d-4d91-a7df-612a126898ec with capacity 35791394133B, used 32212254720B, and remaining 3579139413B is 0.9000000000083819
2023-09-12 21:14:00,705 [main] DEBUG balancer.ContainerBalancerTask (ContainerBalancerTask.java:initializeIteration(398)) - Utilization for node 070e469f-3ca0-45b5-98cf-e8dd24430fdf with capacity 49660559360B, used 39728447488B, and remaining 9932111872B is 0.8
2023-09-12 21:14:00,705 [main] DEBUG balancer.ContainerBalancerTask (ContainerBalancerTask.java:initializeIteration(398)) - Utilization for node 7b2f3d4c-ca25-42f3-b139-78a01c526c80 with capacity 95102847268B, used 66571993088B, and remaining 28530854180B is 0.7000000000042059
2023-09-12 21:14:00,705 [main] DEBUG balancer.ContainerBalancerTask (ContainerBalancerTask.java:initializeIteration(398)) - Utilization for node 3243c23f-eeb9-4746-81d0-9fd5fea8c92c with capacity 80530636800B, used 48318382080B, and remaining 32212254720B is 0.6
2023-09-12 21:14:00,705 [main] DEBUG balancer.ContainerBalancerTask (ContainerBalancerTask.java:initializeIteration(398)) - Utilization for node 9942fb12-d332-42ed-9d6a-3aff0c5b7504 with capacity 79456894976B, used 39728447488B, and remaining 39728447488B is 0.5
2023-09-12 21:14:00,705 [main] DEBUG balancer.ContainerBalancerTask (ContainerBalancerTask.java:initializeIteration(398)) - Utilization for node 6ea9cdb6-40b0-4eeb-9407-c7185c90052b with capacity 72477573120B, used 28991029248B, and remaining 43486543872B is 0.4
2023-09-12 21:14:00,705 [main] DEBUG balancer.ContainerBalancerTask (ContainerBalancerTask.java:initializeIteration(398)) - Utilization for node a2a0e2e7-ae45-4fef-bce6-4d93462c0fc6 with capacity 125269879466B, used 37580963840B, and remaining 87688915626B is 0.30000000000159655
2023-09-12 21:14:00,705 [main] DEBUG balancer.ContainerBalancerTask (ContainerBalancerTask.java:initializeIteration(398)) - Utilization for node 6be0a4b7-0a2f-4016-ae64-0dd4ea836ea4 with capacity 236223201280B, used 47244640256B, and remaining 188978561024B is 0.2
2023-09-12 21:14:00,705 [main] DEBUG balancer.ContainerBalancerTask (ContainerBalancerTask.java:initializeIteration(398)) - Utilization for node 63ed42ec-28e6-4693-a4b8-2f775114e637 with capacity 483183820800B, used 48318382080B, and remaining 434865438720B is 0.1
2023-09-12 21:14:00,705 [main] DEBUG balancer.ContainerBalancerTask (ContainerBalancerTask.java:initializeIteration(398)) - Utilization for node a683902e-022d-4de0-abb8-1cb890a4490a with capacity 23622320128B, used 0B, and remaining 23622320128B is 0.0
2023-09-12 21:14:00,705 [main] INFO  balancer.ContainerBalancerTask (ContainerBalancerTask.java:initializeIteration(443)) - Did not find any unbalanced Datanodes.
2023-09-12 21:14:00,705 [main] INFO  balancer.ContainerBalancerTask (ContainerBalancerTask.java:tryStopWithSaveConfiguration(308)) - Save Configuration for stopping. Reason: Could not initialize ContainerBalancer's iteration number 0
2023-09-12 21:14:00,706 [main] DEBUG balancer.ContainerBalancerTask (ContainerBalancerTask.java:initializeIteration(374)) - Average utilization of the cluster is 0.3033549815943624
2023-09-12 21:14:00,706 [main] DEBUG balancer.ContainerBalancerTask (ContainerBalancerTask.java:initializeIteration(386)) - Lower limit for utilization is -0.43599962281420784 and Upper limit for utilization is 1.0427095860029327
2023-09-12 21:14:00,706 [main] DEBUG balancer.ContainerBalancerTask (ContainerBalancerTask.java:initializeIteration(398)) - Utilization for node 8b7d5063-613d-4d91-a7df-612a126898ec with capacity 35791394133B, used 32212254720B, and remaining 3579139413B is 0.9000000000083819
2023-09-12 21:14:00,706 [main] DEBUG balancer.ContainerBalancerTask (ContainerBalancerTask.java:initializeIteration(398)) - Utilization for node 070e469f-3ca0-45b5-98cf-e8dd24430fdf with capacity 49660559360B, used 39728447488B, and remaining 9932111872B is 0.8
2023-09-12 21:14:00,706 [main] DEBUG balancer.ContainerBalancerTask (ContainerBalancerTask.java:initializeIteration(398)) - Utilization for node 7b2f3d4c-ca25-42f3-b139-78a01c526c80 with capacity 95102847268B, used 66571993088B, and remaining 28530854180B is 0.7000000000042059
2023-09-12 21:14:00,707 [main] DEBUG balancer.ContainerBalancerTask (ContainerBalancerTask.java:initializeIteration(398)) - Utilization for node 3243c23f-eeb9-4746-81d0-9fd5fea8c92c with capacity 80530636800B, used 48318382080B, and remaining 32212254720B is 0.6
2023-09-12 21:14:00,707 [main] DEBUG balancer.ContainerBalancerTask (ContainerBalancerTask.java:initializeIteration(398)) - Utilization for node 9942fb12-d332-42ed-9d6a-3aff0c5b7504 with capacity 79456894976B, used 39728447488B, and remaining 39728447488B is 0.5
2023-09-12 21:14:00,707 [main] DEBUG balancer.ContainerBalancerTask (ContainerBalancerTask.java:initializeIteration(398)) - Utilization for node 6ea9cdb6-40b0-4eeb-9407-c7185c90052b with capacity 72477573120B, used 28991029248B, and remaining 43486543872B is 0.4
2023-09-12 21:14:00,707 [main] DEBUG balancer.ContainerBalancerTask (ContainerBalancerTask.java:initializeIteration(398)) - Utilization for node a2a0e2e7-ae45-4fef-bce6-4d93462c0fc6 with capacity 125269879466B, used 37580963840B, and remaining 87688915626B is 0.30000000000159655
2023-09-12 21:14:00,707 [main] DEBUG balancer.ContainerBalancerTask (ContainerBalancerTask.java:initializeIteration(398)) - Utilization for node 6be0a4b7-0a2f-4016-ae64-0dd4ea836ea4 with capacity 236223201280B, used 47244640256B, and remaining 188978561024B is 0.2
2023-09-12 21:14:00,707 [main] DEBUG balancer.ContainerBalancerTask (ContainerBalancerTask.java:initializeIteration(398)) - Utilization for node 63ed42ec-28e6-4693-a4b8-2f775114e637 with capacity 483183820800B, used 48318382080B, and remaining 434865438720B is 0.1
2023-09-12 21:14:00,707 [main] DEBUG balancer.ContainerBalancerTask (ContainerBalancerTask.java:initializeIteration(398)) - Utilization for node a683902e-022d-4de0-abb8-1cb890a4490a with capacity 23622320128B, used 0B, and remaining 23622320128B is 0.0
2023-09-12 21:14:00,707 [main] INFO  balancer.ContainerBalancerTask (ContainerBalancerTask.java:initializeIteration(443)) - Did not find any unbalanced Datanodes.
2023-09-12 21:14:00,707 [main] INFO  balancer.ContainerBalancerTask (ContainerBalancerTask.java:tryStopWithSaveConfiguration(308)) - Save Configuration for stopping. Reason: Could not initialize ContainerBalancer's iteration number 0
2023-09-12 21:14:00,708 [main] DEBUG balancer.ContainerBalancerTask (ContainerBalancerTask.java:initializeIteration(374)) - Average utilization of the cluster is 0.3033549815943624
2023-09-12 21:14:00,708 [main] DEBUG balancer.ContainerBalancerTask (ContainerBalancerTask.java:initializeIteration(386)) - Lower limit for utilization is -0.43066592000298926 and Upper limit for utilization is 1.0373758831917141
2023-09-12 21:14:00,708 [main] DEBUG balancer.ContainerBalancerTask (ContainerBalancerTask.java:initializeIteration(398)) - Utilization for node 8b7d5063-613d-4d91-a7df-612a126898ec with capacity 35791394133B, used 32212254720B, and remaining 3579139413B is 0.9000000000083819
2023-09-12 21:14:00,708 [main] DEBUG balancer.ContainerBalancerTask (ContainerBalancerTask.java:initializeIteration(398)) - Utilization for node 070e469f-3ca0-45b5-98cf-e8dd24430fdf with capacity 49660559360B, used 39728447488B, and remaining 9932111872B is 0.8
2023-09-12 21:14:00,708 [main] DEBUG balancer.ContainerBalancerTask (ContainerBalancerTask.java:initializeIteration(398)) - Utilization for node 7b2f3d4c-ca25-42f3-b139-78a01c526c80 with capacity 95102847268B, used 66571993088B, and remaining 28530854180B is 0.7000000000042059
2023-09-12 21:14:00,708 [main] DEBUG balancer.ContainerBalancerTask (ContainerBalancerTask.java:initializeIteration(398)) - Utilization for node 3243c23f-eeb9-4746-81d0-9fd5fea8c92c with capacity 80530636800B, used 48318382080B, and remaining 32212254720B is 0.6
2023-09-12 21:14:00,708 [main] DEBUG balancer.ContainerBalancerTask (ContainerBalancerTask.java:initializeIteration(398)) - Utilization for node 9942fb12-d332-42ed-9d6a-3aff0c5b7504 with capacity 79456894976B, used 39728447488B, and remaining 39728447488B is 0.5
2023-09-12 21:14:00,709 [main] DEBUG balancer.ContainerBalancerTask (ContainerBalancerTask.java:initializeIteration(398)) - Utilization for node 6ea9cdb6-40b0-4eeb-9407-c7185c90052b with capacity 72477573120B, used 28991029248B, and remaining 43486543872B is 0.4
2023-09-12 21:14:00,709 [main] DEBUG balancer.ContainerBalancerTask (ContainerBalancerTask.java:initializeIteration(398)) - Utilization for node a2a0e2e7-ae45-4fef-bce6-4d93462c0fc6 with capacity 125269879466B, used 37580963840B, and remaining 87688915626B is 0.30000000000159655
2023-09-12 21:14:00,709 [main] DEBUG balancer.ContainerBalancerTask (ContainerBalancerTask.java:initializeIteration(398)) - Utilization for node 6be0a4b7-0a2f-4016-ae64-0dd4ea836ea4 with capacity 236223201280B, used 47244640256B, and remaining 188978561024B is 0.2
2023-09-12 21:14:00,709 [main] DEBUG balancer.ContainerBalancerTask (ContainerBalancerTask.java:initializeIteration(398)) - Utilization for node 63ed42ec-28e6-4693-a4b8-2f775114e637 with capacity 483183820800B, used 48318382080B, and remaining 434865438720B is 0.1
2023-09-12 21:14:00,709 [main] DEBUG balancer.ContainerBalancerTask (ContainerBalancerTask.java:initializeIteration(398)) - Utilization for node a683902e-022d-4de0-abb8-1cb890a4490a with capacity 23622320128B, used 0B, and remaining 23622320128B is 0.0
2023-09-12 21:14:00,709 [main] INFO  balancer.ContainerBalancerTask (ContainerBalancerTask.java:initializeIteration(443)) - Did not find any unbalanced Datanodes.
2023-09-12 21:14:00,709 [main] INFO  balancer.ContainerBalancerTask (ContainerBalancerTask.java:tryStopWithSaveConfiguration(308)) - Save Configuration for stopping. Reason: Could not initialize ContainerBalancer's iteration number 0
2023-09-12 21:14:00,710 [main] DEBUG balancer.ContainerBalancerTask (ContainerBalancerTask.java:initializeIteration(374)) - Average utilization of the cluster is 0.3033549815943624
2023-09-12 21:14:00,710 [main] DEBUG balancer.ContainerBalancerTask (ContainerBalancerTask.java:initializeIteration(386)) - Lower limit for utilization is -0.6690457750682182 and Upper limit for utilization is 1.275755738256943
2023-09-12 21:14:00,710 [main] DEBUG balancer.ContainerBalancerTask (ContainerBalancerTask.java:initializeIteration(398)) - Utilization for node 8b7d5063-613d-4d91-a7df-612a126898ec with capacity 35791394133B, used 32212254720B, and remaining 3579139413B is 0.9000000000083819
2023-09-12 21:14:00,710 [main] DEBUG balancer.ContainerBalancerTask (ContainerBalancerTask.java:initializeIteration(398)) - Utilization for node 070e469f-3ca0-45b5-98cf-e8dd24430fdf with capacity 49660559360B, used 39728447488B, and remaining 9932111872B is 0.8
2023-09-12 21:14:00,710 [main] DEBUG balancer.ContainerBalancerTask (ContainerBalancerTask.java:initializeIteration(398)) - Utilization for node 7b2f3d4c-ca25-42f3-b139-78a01c526c80 with capacity 95102847268B, used 66571993088B, and remaining 28530854180B is 0.7000000000042059
2023-09-12 21:14:00,710 [main] DEBUG balancer.ContainerBalancerTask (ContainerBalancerTask.java:initializeIteration(398)) - Utilization for node 3243c23f-eeb9-4746-81d0-9fd5fea8c92c with capacity 80530636800B, used 48318382080B, and remaining 32212254720B is 0.6
2023-09-12 21:14:00,710 [main] DEBUG balancer.ContainerBalancerTask (ContainerBalancerTask.java:initializeIteration(398)) - Utilization for node 9942fb12-d332-42ed-9d6a-3aff0c5b7504 with capacity 79456894976B, used 39728447488B, and remaining 39728447488B is 0.5
2023-09-12 21:14:00,710 [main] DEBUG balancer.ContainerBalancerTask (ContainerBalancerTask.java:initializeIteration(398)) - Utilization for node 6ea9cdb6-40b0-4eeb-9407-c7185c90052b with capacity 72477573120B, used 28991029248B, and remaining 43486543872B is 0.4
2023-09-12 21:14:00,710 [main] DEBUG balancer.ContainerBalancerTask (ContainerBalancerTask.java:initializeIteration(398)) - Utilization for node a2a0e2e7-ae45-4fef-bce6-4d93462c0fc6 with capacity 125269879466B, used 37580963840B, and remaining 87688915626B is 0.30000000000159655
2023-09-12 21:14:00,711 [main] DEBUG balancer.ContainerBalancerTask (ContainerBalancerTask.java:initializeIteration(398)) - Utilization for node 6be0a4b7-0a2f-4016-ae64-0dd4ea836ea4 with capacity 236223201280B, used 47244640256B, and remaining 188978561024B is 0.2
2023-09-12 21:14:00,711 [main] DEBUG balancer.ContainerBalancerTask (ContainerBalancerTask.java:initializeIteration(398)) - Utilization for node 63ed42ec-28e6-4693-a4b8-2f775114e637 with capacity 483183820800B, used 48318382080B, and remaining 434865438720B is 0.1
2023-09-12 21:14:00,711 [main] DEBUG balancer.ContainerBalancerTask (ContainerBalancerTask.java:initializeIteration(398)) - Utilization for node a683902e-022d-4de0-abb8-1cb890a4490a with capacity 23622320128B, used 0B, and remaining 23622320128B is 0.0
2023-09-12 21:14:00,711 [main] INFO  balancer.ContainerBalancerTask (ContainerBalancerTask.java:initializeIteration(443)) - Did not find any unbalanced Datanodes.
2023-09-12 21:14:00,711 [main] INFO  balancer.ContainerBalancerTask (ContainerBalancerTask.java:tryStopWithSaveConfiguration(308)) - Save Configuration for stopping. Reason: Could not initialize ContainerBalancer's iteration number 0
2023-09-12 21:14:00,712 [main] DEBUG balancer.ContainerBalancerTask (ContainerBalancerTask.java:initializeIteration(374)) - Average utilization of the cluster is 0.3033549815943624
2023-09-12 21:14:00,712 [main] DEBUG balancer.ContainerBalancerTask (ContainerBalancerTask.java:initializeIteration(386)) - Lower limit for utilization is -0.061474519373251935 and Upper limit for utilization is 0.6681844825619767
2023-09-12 21:14:00,712 [main] DEBUG balancer.ContainerBalancerTask (ContainerBalancerTask.java:initializeIteration(398)) - Utilization for node 8b7d5063-613d-4d91-a7df-612a126898ec with capacity 35791394133B, used 32212254720B, and remaining 3579139413B is 0.9000000000083819
2023-09-12 21:14:00,712 [main] DEBUG balancer.ContainerBalancerTask (ContainerBalancerTask.java:initializeIteration(398)) - Utilization for node 070e469f-3ca0-45b5-98cf-e8dd24430fdf with capacity 49660559360B, used 39728447488B, and remaining 9932111872B is 0.8
2023-09-12 21:14:00,712 [main] DEBUG balancer.ContainerBalancerTask (ContainerBalancerTask.java:initializeIteration(398)) - Utilization for node 7b2f3d4c-ca25-42f3-b139-78a01c526c80 with capacity 95102847268B, used 66571993088B, and remaining 28530854180B is 0.7000000000042059
2023-09-12 21:14:00,712 [main] DEBUG balancer.ContainerBalancerTask (ContainerBalancerTask.java:initializeIteration(398)) - Utilization for node 3243c23f-eeb9-4746-81d0-9fd5fea8c92c with capacity 80530636800B, used 48318382080B, and remaining 32212254720B is 0.6
2023-09-12 21:14:00,712 [main] DEBUG balancer.ContainerBalancerTask (ContainerBalancerTask.java:initializeIteration(398)) - Utilization for node 9942fb12-d332-42ed-9d6a-3aff0c5b7504 with capacity 79456894976B, used 39728447488B, and remaining 39728447488B is 0.5
2023-09-12 21:14:00,712 [main] DEBUG balancer.ContainerBalancerTask (ContainerBalancerTask.java:initializeIteration(398)) - Utilization for node 6ea9cdb6-40b0-4eeb-9407-c7185c90052b with capacity 72477573120B, used 28991029248B, and remaining 43486543872B is 0.4
2023-09-12 21:14:00,713 [main] DEBUG balancer.ContainerBalancerTask (ContainerBalancerTask.java:initializeIteration(398)) - Utilization for node a2a0e2e7-ae45-4fef-bce6-4d93462c0fc6 with capacity 125269879466B, used 37580963840B, and remaining 87688915626B is 0.30000000000159655
2023-09-12 21:14:00,713 [main] DEBUG balancer.ContainerBalancerTask (ContainerBalancerTask.java:initializeIteration(398)) - Utilization for node 6be0a4b7-0a2f-4016-ae64-0dd4ea836ea4 with capacity 236223201280B, used 47244640256B, and remaining 188978561024B is 0.2
2023-09-12 21:14:00,713 [main] DEBUG balancer.ContainerBalancerTask (ContainerBalancerTask.java:initializeIteration(398)) - Utilization for node 63ed42ec-28e6-4693-a4b8-2f775114e637 with capacity 483183820800B, used 48318382080B, and remaining 434865438720B is 0.1
2023-09-12 21:14:00,713 [main] DEBUG balancer.ContainerBalancerTask (ContainerBalancerTask.java:initializeIteration(398)) - Utilization for node a683902e-022d-4de0-abb8-1cb890a4490a with capacity 23622320128B, used 0B, and remaining 23622320128B is 0.0
2023-09-12 21:14:00,713 [main] INFO  balancer.ContainerBalancerTask (ContainerBalancerTask.java:initializeIteration(447)) - Container Balancer has identified 3 Over-Utilized and 0 Under-Utilized Datanodes that need to be balanced.
2023-09-12 21:14:00,713 [main] DEBUG balancer.ContainerBalancerTask (ContainerBalancerTask.java:lambda$initializeIteration$1(453)) - Datanode localhost-2.101.7.160 8b7d5063-613d-4d91-a7df-612a126898ec is Over-Utilized.
2023-09-12 21:14:00,713 [main] DEBUG balancer.ContainerBalancerTask (ContainerBalancerTask.java:lambda$initializeIteration$1(453)) - Datanode localhost-237.218.167.41 070e469f-3ca0-45b5-98cf-e8dd24430fdf is Over-Utilized.
2023-09-12 21:14:00,713 [main] DEBUG balancer.ContainerBalancerTask (ContainerBalancerTask.java:lambda$initializeIteration$1(453)) - Datanode localhost-244.245.40.170 7b2f3d4c-ca25-42f3-b139-78a01c526c80 is Over-Utilized.
2023-09-12 21:14:00,715 [main] DEBUG balancer.ContainerBalancerTask (ContainerBalancerTask.java:matchSourceWithTarget(708)) - ContainerBalancer is finding suitable target for source datanode 8b7d5063-613d-4d91-a7df-612a126898ec
2023-09-12 21:14:00,715 [main] INFO  balancer.FindTargetGreedyByUsageInfo (AbstractFindTargetGreedy.java:findTargetForContainerMove(133)) - Container Balancer could not find a target for source datanode 8b7d5063-613d-4d91-a7df-612a126898ec
2023-09-12 21:14:00,715 [main] DEBUG balancer.ContainerBalancerTask (ContainerBalancerTask.java:matchSourceWithTarget(717)) - ContainerBalancer could not find a suitable target for source node 8b7d5063-613d-4d91-a7df-612a126898ec.
2023-09-12 21:14:00,717 [main] DEBUG balancer.ContainerBalancerTask (ContainerBalancerTask.java:matchSourceWithTarget(708)) - ContainerBalancer is finding suitable target for source datanode 070e469f-3ca0-45b5-98cf-e8dd24430fdf
2023-09-12 21:14:00,717 [main] INFO  balancer.FindTargetGreedyByUsageInfo (AbstractFindTargetGreedy.java:findTargetForContainerMove(133)) - Container Balancer could not find a target for source datanode 070e469f-3ca0-45b5-98cf-e8dd24430fdf
2023-09-12 21:14:00,717 [main] DEBUG balancer.ContainerBalancerTask (ContainerBalancerTask.java:matchSourceWithTarget(717)) - ContainerBalancer could not find a suitable target for source node 070e469f-3ca0-45b5-98cf-e8dd24430fdf.
2023-09-12 21:14:00,721 [main] DEBUG balancer.ContainerBalancerTask (ContainerBalancerTask.java:matchSourceWithTarget(708)) - ContainerBalancer is finding suitable target for source datanode 7b2f3d4c-ca25-42f3-b139-78a01c526c80
2023-09-12 21:14:00,721 [main] INFO  balancer.FindTargetGreedyByUsageInfo (AbstractFindTargetGreedy.java:findTargetForContainerMove(133)) - Container Balancer could not find a target for source datanode 7b2f3d4c-ca25-42f3-b139-78a01c526c80
2023-09-12 21:14:00,721 [main] DEBUG balancer.ContainerBalancerTask (ContainerBalancerTask.java:matchSourceWithTarget(717)) - ContainerBalancer could not find a suitable target for source node 7b2f3d4c-ca25-42f3-b139-78a01c526c80.
2023-09-12 21:14:00,721 [main] INFO  balancer.FindSourceGreedy (FindSourceGreedy.java:getNextCandidateSourceDataNode(126)) - no more candidate source data node
2023-09-12 21:14:00,721 [main] INFO  balancer.ContainerBalancerTask (ContainerBalancerTask.java:balance(259)) - Result of this iteration of Container Balancer: CAN_NOT_BALANCE_ANY_MORE
2023-09-12 21:14:00,721 [main] INFO  balancer.ContainerBalancerTask (ContainerBalancerTask.java:tryStopWithSaveConfiguration(308)) - Save Configuration for stopping. Reason: CAN_NOT_BALANCE_ANY_MORE
2023-09-12 21:14:00,722 [main] DEBUG balancer.ContainerBalancerTask (ContainerBalancerTask.java:initializeIteration(374)) - Average utilization of the cluster is 0.3033549815943624
2023-09-12 21:14:00,722 [main] DEBUG balancer.ContainerBalancerTask (ContainerBalancerTask.java:initializeIteration(386)) - Lower limit for utilization is -0.5571292322539814 and Upper limit for utilization is 1.1638391954427063
2023-09-12 21:14:00,722 [main] DEBUG balancer.ContainerBalancerTask (ContainerBalancerTask.java:initializeIteration(398)) - Utilization for node 8b7d5063-613d-4d91-a7df-612a126898ec with capacity 35791394133B, used 32212254720B, and remaining 3579139413B is 0.9000000000083819
2023-09-12 21:14:00,722 [main] DEBUG balancer.ContainerBalancerTask (ContainerBalancerTask.java:initializeIteration(398)) - Utilization for node 070e469f-3ca0-45b5-98cf-e8dd24430fdf with capacity 49660559360B, used 39728447488B, and remaining 9932111872B is 0.8
2023-09-12 21:14:00,722 [main] DEBUG balancer.ContainerBalancerTask (ContainerBalancerTask.java:initializeIteration(398)) - Utilization for node 7b2f3d4c-ca25-42f3-b139-78a01c526c80 with capacity 95102847268B, used 66571993088B, and remaining 28530854180B is 0.7000000000042059
2023-09-12 21:14:00,722 [main] DEBUG balancer.ContainerBalancerTask (ContainerBalancerTask.java:initializeIteration(398)) - Utilization for node 3243c23f-eeb9-4746-81d0-9fd5fea8c92c with capacity 80530636800B, used 48318382080B, and remaining 32212254720B is 0.6
2023-09-12 21:14:00,723 [main] DEBUG balancer.ContainerBalancerTask (ContainerBalancerTask.java:initializeIteration(398)) - Utilization for node 9942fb12-d332-42ed-9d6a-3aff0c5b7504 with capacity 79456894976B, used 39728447488B, and remaining 39728447488B is 0.5
2023-09-12 21:14:00,723 [main] DEBUG balancer.ContainerBalancerTask (ContainerBalancerTask.java:initializeIteration(398)) - Utilization for node 6ea9cdb6-40b0-4eeb-9407-c7185c90052b with capacity 72477573120B, used 28991029248B, and remaining 43486543872B is 0.4
2023-09-12 21:14:00,723 [main] DEBUG balancer.ContainerBalancerTask (ContainerBalancerTask.java:initializeIteration(398)) - Utilization for node a2a0e2e7-ae45-4fef-bce6-4d93462c0fc6 with capacity 125269879466B, used 37580963840B, and remaining 87688915626B is 0.30000000000159655
2023-09-12 21:14:00,723 [main] DEBUG balancer.ContainerBalancerTask (ContainerBalancerTask.java:initializeIteration(398)) - Utilization for node 6be0a4b7-0a2f-4016-ae64-0dd4ea836ea4 with capacity 236223201280B, used 47244640256B, and remaining 188978561024B is 0.2
2023-09-12 21:14:00,723 [main] DEBUG balancer.ContainerBalancerTask (ContainerBalancerTask.java:initializeIteration(398)) - Utilization for node 63ed42ec-28e6-4693-a4b8-2f775114e637 with capacity 483183820800B, used 48318382080B, and remaining 434865438720B is 0.1
2023-09-12 21:14:00,723 [main] DEBUG balancer.ContainerBalancerTask (ContainerBalancerTask.java:initializeIteration(398)) - Utilization for node a683902e-022d-4de0-abb8-1cb890a4490a with capacity 23622320128B, used 0B, and remaining 23622320128B is 0.0
2023-09-12 21:14:00,723 [main] INFO  balancer.ContainerBalancerTask (ContainerBalancerTask.java:initializeIteration(443)) - Did not find any unbalanced Datanodes.
2023-09-12 21:14:00,723 [main] INFO  balancer.ContainerBalancerTask (ContainerBalancerTask.java:tryStopWithSaveConfiguration(308)) - Save Configuration for stopping. Reason: Could not initialize ContainerBalancer's iteration number 0
2023-09-12 21:14:00,724 [main] DEBUG balancer.ContainerBalancerTask (ContainerBalancerTask.java:initializeIteration(374)) - Average utilization of the cluster is 0.3033549815943624
2023-09-12 21:14:00,724 [main] DEBUG balancer.ContainerBalancerTask (ContainerBalancerTask.java:initializeIteration(386)) - Lower limit for utilization is -0.16445748168814306 and Upper limit for utilization is 0.771167444876868
2023-09-12 21:14:00,724 [main] DEBUG balancer.ContainerBalancerTask (ContainerBalancerTask.java:initializeIteration(398)) - Utilization for node 8b7d5063-613d-4d91-a7df-612a126898ec with capacity 35791394133B, used 32212254720B, and remaining 3579139413B is 0.9000000000083819
2023-09-12 21:14:00,724 [main] DEBUG balancer.ContainerBalancerTask (ContainerBalancerTask.java:initializeIteration(398)) - Utilization for node 070e469f-3ca0-45b5-98cf-e8dd24430fdf with capacity 49660559360B, used 39728447488B, and remaining 9932111872B is 0.8
2023-09-12 21:14:00,724 [main] DEBUG balancer.ContainerBalancerTask (ContainerBalancerTask.java:initializeIteration(398)) - Utilization for node 7b2f3d4c-ca25-42f3-b139-78a01c526c80 with capacity 95102847268B, used 66571993088B, and remaining 28530854180B is 0.7000000000042059
2023-09-12 21:14:00,724 [main] DEBUG balancer.ContainerBalancerTask (ContainerBalancerTask.java:initializeIteration(398)) - Utilization for node 3243c23f-eeb9-4746-81d0-9fd5fea8c92c with capacity 80530636800B, used 48318382080B, and remaining 32212254720B is 0.6
2023-09-12 21:14:00,724 [main] DEBUG balancer.ContainerBalancerTask (ContainerBalancerTask.java:initializeIteration(398)) - Utilization for node 9942fb12-d332-42ed-9d6a-3aff0c5b7504 with capacity 79456894976B, used 39728447488B, and remaining 39728447488B is 0.5
2023-09-12 21:14:00,724 [main] DEBUG balancer.ContainerBalancerTask (ContainerBalancerTask.java:initializeIteration(398)) - Utilization for node 6ea9cdb6-40b0-4eeb-9407-c7185c90052b with capacity 72477573120B, used 28991029248B, and remaining 43486543872B is 0.4
2023-09-12 21:14:00,725 [main] DEBUG balancer.ContainerBalancerTask (ContainerBalancerTask.java:initializeIteration(398)) - Utilization for node a2a0e2e7-ae45-4fef-bce6-4d93462c0fc6 with capacity 125269879466B, used 37580963840B, and remaining 87688915626B is 0.30000000000159655
2023-09-12 21:14:00,725 [main] DEBUG balancer.ContainerBalancerTask (ContainerBalancerTask.java:initializeIteration(398)) - Utilization for node 6be0a4b7-0a2f-4016-ae64-0dd4ea836ea4 with capacity 236223201280B, used 47244640256B, and remaining 188978561024B is 0.2
2023-09-12 21:14:00,725 [main] DEBUG balancer.ContainerBalancerTask (ContainerBalancerTask.java:initializeIteration(398)) - Utilization for node 63ed42ec-28e6-4693-a4b8-2f775114e637 with capacity 483183820800B, used 48318382080B, and remaining 434865438720B is 0.1
2023-09-12 21:14:00,725 [main] DEBUG balancer.ContainerBalancerTask (ContainerBalancerTask.java:initializeIteration(398)) - Utilization for node a683902e-022d-4de0-abb8-1cb890a4490a with capacity 23622320128B, used 0B, and remaining 23622320128B is 0.0
2023-09-12 21:14:00,725 [main] INFO  balancer.ContainerBalancerTask (ContainerBalancerTask.java:initializeIteration(447)) - Container Balancer has identified 2 Over-Utilized and 0 Under-Utilized Datanodes that need to be balanced.
2023-09-12 21:14:00,725 [main] DEBUG balancer.ContainerBalancerTask (ContainerBalancerTask.java:lambda$initializeIteration$1(453)) - Datanode localhost-2.101.7.160 8b7d5063-613d-4d91-a7df-612a126898ec is Over-Utilized.
2023-09-12 21:14:00,725 [main] DEBUG balancer.ContainerBalancerTask (ContainerBalancerTask.java:lambda$initializeIteration$1(453)) - Datanode localhost-237.218.167.41 070e469f-3ca0-45b5-98cf-e8dd24430fdf is Over-Utilized.
2023-09-12 21:14:00,727 [main] DEBUG balancer.ContainerBalancerTask (ContainerBalancerTask.java:matchSourceWithTarget(708)) - ContainerBalancer is finding suitable target for source datanode 8b7d5063-613d-4d91-a7df-612a126898ec
2023-09-12 21:14:00,727 [main] INFO  balancer.FindTargetGreedyByUsageInfo (AbstractFindTargetGreedy.java:findTargetForContainerMove(133)) - Container Balancer could not find a target for source datanode 8b7d5063-613d-4d91-a7df-612a126898ec
2023-09-12 21:14:00,727 [main] DEBUG balancer.ContainerBalancerTask (ContainerBalancerTask.java:matchSourceWithTarget(717)) - ContainerBalancer could not find a suitable target for source node 8b7d5063-613d-4d91-a7df-612a126898ec.
2023-09-12 21:14:00,729 [main] DEBUG balancer.ContainerBalancerTask (ContainerBalancerTask.java:matchSourceWithTarget(708)) - ContainerBalancer is finding suitable target for source datanode 070e469f-3ca0-45b5-98cf-e8dd24430fdf
2023-09-12 21:14:00,729 [main] INFO  balancer.FindTargetGreedyByUsageInfo (AbstractFindTargetGreedy.java:findTargetForContainerMove(133)) - Container Balancer could not find a target for source datanode 070e469f-3ca0-45b5-98cf-e8dd24430fdf
2023-09-12 21:14:00,729 [main] DEBUG balancer.ContainerBalancerTask (ContainerBalancerTask.java:matchSourceWithTarget(717)) - ContainerBalancer could not find a suitable target for source node 070e469f-3ca0-45b5-98cf-e8dd24430fdf.
2023-09-12 21:14:00,729 [main] INFO  balancer.FindSourceGreedy (FindSourceGreedy.java:getNextCandidateSourceDataNode(126)) - no more candidate source data node
2023-09-12 21:14:00,729 [main] INFO  balancer.ContainerBalancerTask (ContainerBalancerTask.java:balance(259)) - Result of this iteration of Container Balancer: CAN_NOT_BALANCE_ANY_MORE
2023-09-12 21:14:00,729 [main] INFO  balancer.ContainerBalancerTask (ContainerBalancerTask.java:tryStopWithSaveConfiguration(308)) - Save Configuration for stopping. Reason: CAN_NOT_BALANCE_ANY_MORE
2023-09-12 21:14:00,730 [main] DEBUG balancer.ContainerBalancerTask (ContainerBalancerTask.java:initializeIteration(374)) - Average utilization of the cluster is 0.3033549815943624
2023-09-12 21:14:00,730 [main] DEBUG balancer.ContainerBalancerTask (ContainerBalancerTask.java:initializeIteration(386)) - Lower limit for utilization is -0.04692844036521676 and Upper limit for utilization is 0.6536384035539415
2023-09-12 21:14:00,730 [main] DEBUG balancer.ContainerBalancerTask (ContainerBalancerTask.java:initializeIteration(398)) - Utilization for node 8b7d5063-613d-4d91-a7df-612a126898ec with capacity 35791394133B, used 32212254720B, and remaining 3579139413B is 0.9000000000083819
2023-09-12 21:14:00,730 [main] DEBUG balancer.ContainerBalancerTask (ContainerBalancerTask.java:initializeIteration(398)) - Utilization for node 070e469f-3ca0-45b5-98cf-e8dd24430fdf with capacity 49660559360B, used 39728447488B, and remaining 9932111872B is 0.8
2023-09-12 21:14:00,730 [main] DEBUG balancer.ContainerBalancerTask (ContainerBalancerTask.java:initializeIteration(398)) - Utilization for node 7b2f3d4c-ca25-42f3-b139-78a01c526c80 with capacity 95102847268B, used 66571993088B, and remaining 28530854180B is 0.7000000000042059
2023-09-12 21:14:00,730 [main] DEBUG balancer.ContainerBalancerTask (ContainerBalancerTask.java:initializeIteration(398)) - Utilization for node 3243c23f-eeb9-4746-81d0-9fd5fea8c92c with capacity 80530636800B, used 48318382080B, and remaining 32212254720B is 0.6
2023-09-12 21:14:00,730 [main] DEBUG balancer.ContainerBalancerTask (ContainerBalancerTask.java:initializeIteration(398)) - Utilization for node 9942fb12-d332-42ed-9d6a-3aff0c5b7504 with capacity 79456894976B, used 39728447488B, and remaining 39728447488B is 0.5
2023-09-12 21:14:00,730 [main] DEBUG balancer.ContainerBalancerTask (ContainerBalancerTask.java:initializeIteration(398)) - Utilization for node 6ea9cdb6-40b0-4eeb-9407-c7185c90052b with capacity 72477573120B, used 28991029248B, and remaining 43486543872B is 0.4
2023-09-12 21:14:00,730 [main] DEBUG balancer.ContainerBalancerTask (ContainerBalancerTask.java:initializeIteration(398)) - Utilization for node a2a0e2e7-ae45-4fef-bce6-4d93462c0fc6 with capacity 125269879466B, used 37580963840B, and remaining 87688915626B is 0.30000000000159655
2023-09-12 21:14:00,730 [main] DEBUG balancer.ContainerBalancerTask (ContainerBalancerTask.java:initializeIteration(398)) - Utilization for node 6be0a4b7-0a2f-4016-ae64-0dd4ea836ea4 with capacity 236223201280B, used 47244640256B, and remaining 188978561024B is 0.2
2023-09-12 21:14:00,731 [main] DEBUG balancer.ContainerBalancerTask (ContainerBalancerTask.java:initializeIteration(398)) - Utilization for node 63ed42ec-28e6-4693-a4b8-2f775114e637 with capacity 483183820800B, used 48318382080B, and remaining 434865438720B is 0.1
2023-09-12 21:14:00,731 [main] DEBUG balancer.ContainerBalancerTask (ContainerBalancerTask.java:initializeIteration(398)) - Utilization for node a683902e-022d-4de0-abb8-1cb890a4490a with capacity 23622320128B, used 0B, and remaining 23622320128B is 0.0
2023-09-12 21:14:00,731 [main] INFO  balancer.ContainerBalancerTask (ContainerBalancerTask.java:initializeIteration(447)) - Container Balancer has identified 3 Over-Utilized and 0 Under-Utilized Datanodes that need to be balanced.
2023-09-12 21:14:00,731 [main] DEBUG balancer.ContainerBalancerTask (ContainerBalancerTask.java:lambda$initializeIteration$1(453)) - Datanode localhost-2.101.7.160 8b7d5063-613d-4d91-a7df-612a126898ec is Over-Utilized.
2023-09-12 21:14:00,731 [main] DEBUG balancer.ContainerBalancerTask (ContainerBalancerTask.java:lambda$initializeIteration$1(453)) - Datanode localhost-237.218.167.41 070e469f-3ca0-45b5-98cf-e8dd24430fdf is Over-Utilized.
2023-09-12 21:14:00,731 [main] DEBUG balancer.ContainerBalancerTask (ContainerBalancerTask.java:lambda$initializeIteration$1(453)) - Datanode localhost-244.245.40.170 7b2f3d4c-ca25-42f3-b139-78a01c526c80 is Over-Utilized.
2023-09-12 21:14:00,733 [main] DEBUG balancer.ContainerBalancerTask (ContainerBalancerTask.java:matchSourceWithTarget(708)) - ContainerBalancer is finding suitable target for source datanode 8b7d5063-613d-4d91-a7df-612a126898ec
2023-09-12 21:14:00,733 [main] INFO  balancer.FindTargetGreedyByUsageInfo (AbstractFindTargetGreedy.java:findTargetForContainerMove(133)) - Container Balancer could not find a target for source datanode 8b7d5063-613d-4d91-a7df-612a126898ec
2023-09-12 21:14:00,733 [main] DEBUG balancer.ContainerBalancerTask (ContainerBalancerTask.java:matchSourceWithTarget(717)) - ContainerBalancer could not find a suitable target for source node 8b7d5063-613d-4d91-a7df-612a126898ec.
2023-09-12 21:14:00,735 [main] DEBUG balancer.ContainerBalancerTask (ContainerBalancerTask.java:matchSourceWithTarget(708)) - ContainerBalancer is finding suitable target for source datanode 070e469f-3ca0-45b5-98cf-e8dd24430fdf
2023-09-12 21:14:00,735 [main] INFO  balancer.FindTargetGreedyByUsageInfo (AbstractFindTargetGreedy.java:findTargetForContainerMove(133)) - Container Balancer could not find a target for source datanode 070e469f-3ca0-45b5-98cf-e8dd24430fdf
2023-09-12 21:14:00,735 [main] DEBUG balancer.ContainerBalancerTask (ContainerBalancerTask.java:matchSourceWithTarget(717)) - ContainerBalancer could not find a suitable target for source node 070e469f-3ca0-45b5-98cf-e8dd24430fdf.
2023-09-12 21:14:00,738 [main] DEBUG balancer.ContainerBalancerTask (ContainerBalancerTask.java:matchSourceWithTarget(708)) - ContainerBalancer is finding suitable target for source datanode 7b2f3d4c-ca25-42f3-b139-78a01c526c80
2023-09-12 21:14:00,738 [main] INFO  balancer.FindTargetGreedyByUsageInfo (AbstractFindTargetGreedy.java:findTargetForContainerMove(133)) - Container Balancer could not find a target for source datanode 7b2f3d4c-ca25-42f3-b139-78a01c526c80
2023-09-12 21:14:00,739 [main] DEBUG balancer.ContainerBalancerTask (ContainerBalancerTask.java:matchSourceWithTarget(717)) - ContainerBalancer could not find a suitable target for source node 7b2f3d4c-ca25-42f3-b139-78a01c526c80.
2023-09-12 21:14:00,739 [main] INFO  balancer.FindSourceGreedy (FindSourceGreedy.java:getNextCandidateSourceDataNode(126)) - no more candidate source data node
2023-09-12 21:14:00,739 [main] INFO  balancer.ContainerBalancerTask (ContainerBalancerTask.java:balance(259)) - Result of this iteration of Container Balancer: CAN_NOT_BALANCE_ANY_MORE
2023-09-12 21:14:00,739 [main] INFO  balancer.ContainerBalancerTask (ContainerBalancerTask.java:tryStopWithSaveConfiguration(308)) - Save Configuration for stopping. Reason: CAN_NOT_BALANCE_ANY_MORE
2023-09-12 21:14:00,739 [main] DEBUG balancer.ContainerBalancerTask (ContainerBalancerTask.java:initializeIteration(374)) - Average utilization of the cluster is 0.3033549815943624
2023-09-12 21:14:00,740 [main] DEBUG balancer.ContainerBalancerTask (ContainerBalancerTask.java:initializeIteration(386)) - Lower limit for utilization is 0.006168692902739192 and Upper limit for utilization is 0.6005412702859856
2023-09-12 21:14:00,740 [main] DEBUG balancer.ContainerBalancerTask (ContainerBalancerTask.java:initializeIteration(398)) - Utilization for node 8b7d5063-613d-4d91-a7df-612a126898ec with capacity 35791394133B, used 32212254720B, and remaining 3579139413B is 0.9000000000083819
2023-09-12 21:14:00,740 [main] DEBUG balancer.ContainerBalancerTask (ContainerBalancerTask.java:initializeIteration(398)) - Utilization for node 070e469f-3ca0-45b5-98cf-e8dd24430fdf with capacity 49660559360B, used 39728447488B, and remaining 9932111872B is 0.8
2023-09-12 21:14:00,740 [main] DEBUG balancer.ContainerBalancerTask (ContainerBalancerTask.java:initializeIteration(398)) - Utilization for node 7b2f3d4c-ca25-42f3-b139-78a01c526c80 with capacity 95102847268B, used 66571993088B, and remaining 28530854180B is 0.7000000000042059
2023-09-12 21:14:00,740 [main] DEBUG balancer.ContainerBalancerTask (ContainerBalancerTask.java:initializeIteration(398)) - Utilization for node 3243c23f-eeb9-4746-81d0-9fd5fea8c92c with capacity 80530636800B, used 48318382080B, and remaining 32212254720B is 0.6
2023-09-12 21:14:00,740 [main] DEBUG balancer.ContainerBalancerTask (ContainerBalancerTask.java:initializeIteration(398)) - Utilization for node 9942fb12-d332-42ed-9d6a-3aff0c5b7504 with capacity 79456894976B, used 39728447488B, and remaining 39728447488B is 0.5
2023-09-12 21:14:00,740 [main] DEBUG balancer.ContainerBalancerTask (ContainerBalancerTask.java:initializeIteration(398)) - Utilization for node 6ea9cdb6-40b0-4eeb-9407-c7185c90052b with capacity 72477573120B, used 28991029248B, and remaining 43486543872B is 0.4
2023-09-12 21:14:00,740 [main] DEBUG balancer.ContainerBalancerTask (ContainerBalancerTask.java:initializeIteration(398)) - Utilization for node a2a0e2e7-ae45-4fef-bce6-4d93462c0fc6 with capacity 125269879466B, used 37580963840B, and remaining 87688915626B is 0.30000000000159655
2023-09-12 21:14:00,740 [main] DEBUG balancer.ContainerBalancerTask (ContainerBalancerTask.java:initializeIteration(398)) - Utilization for node 6be0a4b7-0a2f-4016-ae64-0dd4ea836ea4 with capacity 236223201280B, used 47244640256B, and remaining 188978561024B is 0.2
2023-09-12 21:14:00,740 [main] DEBUG balancer.ContainerBalancerTask (ContainerBalancerTask.java:initializeIteration(398)) - Utilization for node 63ed42ec-28e6-4693-a4b8-2f775114e637 with capacity 483183820800B, used 48318382080B, and remaining 434865438720B is 0.1
2023-09-12 21:14:00,740 [main] DEBUG balancer.ContainerBalancerTask (ContainerBalancerTask.java:initializeIteration(398)) - Utilization for node a683902e-022d-4de0-abb8-1cb890a4490a with capacity 23622320128B, used 0B, and remaining 23622320128B is 0.0
2023-09-12 21:14:00,741 [main] INFO  balancer.ContainerBalancerTask (ContainerBalancerTask.java:initializeIteration(447)) - Container Balancer has identified 3 Over-Utilized and 1 Under-Utilized Datanodes that need to be balanced.
2023-09-12 21:14:00,741 [main] DEBUG balancer.ContainerBalancerTask (ContainerBalancerTask.java:lambda$initializeIteration$1(453)) - Datanode localhost-2.101.7.160 8b7d5063-613d-4d91-a7df-612a126898ec is Over-Utilized.
2023-09-12 21:14:00,741 [main] DEBUG balancer.ContainerBalancerTask (ContainerBalancerTask.java:lambda$initializeIteration$1(453)) - Datanode localhost-237.218.167.41 070e469f-3ca0-45b5-98cf-e8dd24430fdf is Over-Utilized.
2023-09-12 21:14:00,741 [main] DEBUG balancer.ContainerBalancerTask (ContainerBalancerTask.java:lambda$initializeIteration$1(453)) - Datanode localhost-244.245.40.170 7b2f3d4c-ca25-42f3-b139-78a01c526c80 is Over-Utilized.
2023-09-12 21:14:00,741 [main] DEBUG balancer.ContainerBalancerTask (ContainerBalancerTask.java:lambda$initializeIteration$2(459)) - Datanode localhost-32.56.199.203 a683902e-022d-4de0-abb8-1cb890a4490a is Under-Utilized.
2023-09-12 21:14:00,743 [main] DEBUG balancer.ContainerBalancerTask (ContainerBalancerTask.java:matchSourceWithTarget(708)) - ContainerBalancer is finding suitable target for source datanode 8b7d5063-613d-4d91-a7df-612a126898ec
2023-09-12 21:14:00,743 [main] INFO  balancer.ContainerBalancerTask (ContainerBalancerTask.java:matchSourceWithTarget(722)) - ContainerBalancer matched source datanode 8b7d5063-613d-4d91-a7df-612a126898ec with target datanode a683902e-022d-4de0-abb8-1cb890a4490a for container move.
2023-09-12 21:14:00,743 [main] INFO  balancer.ContainerBalancerTask (ContainerBalancerTask.java:processMoveSelection(569)) - ContainerBalancer is trying to move container #85 with size 5368709120B from source datanode 8b7d5063-613d-4d91-a7df-612a126898ec to target datanode a683902e-022d-4de0-abb8-1cb890a4490a
2023-09-12 21:14:00,743 [main] DEBUG balancer.ContainerBalancerTask (ContainerBalancerTask.java:lambda$moveContainer$3(837)) - Container move completed for container #85 from source 8b7d5063-613d-4d91-a7df-612a126898ec to target a683902e-022d-4de0-abb8-1cb890a4490a
2023-09-12 21:14:00,745 [main] DEBUG balancer.ContainerBalancerTask (ContainerBalancerTask.java:matchSourceWithTarget(708)) - ContainerBalancer is finding suitable target for source datanode 070e469f-3ca0-45b5-98cf-e8dd24430fdf
2023-09-12 21:14:00,745 [main] INFO  balancer.ContainerBalancerTask (ContainerBalancerTask.java:matchSourceWithTarget(722)) - ContainerBalancer matched source datanode 070e469f-3ca0-45b5-98cf-e8dd24430fdf with target datanode a683902e-022d-4de0-abb8-1cb890a4490a for container move.
2023-09-12 21:14:00,745 [main] INFO  balancer.ContainerBalancerTask (ContainerBalancerTask.java:processMoveSelection(569)) - ContainerBalancer is trying to move container #68 with size 5368709120B from source datanode 070e469f-3ca0-45b5-98cf-e8dd24430fdf to target datanode a683902e-022d-4de0-abb8-1cb890a4490a
2023-09-12 21:14:00,745 [main] DEBUG balancer.ContainerBalancerTask (ContainerBalancerTask.java:lambda$moveContainer$3(837)) - Container move completed for container #68 from source 070e469f-3ca0-45b5-98cf-e8dd24430fdf to target a683902e-022d-4de0-abb8-1cb890a4490a
2023-09-12 21:14:00,747 [main] DEBUG balancer.ContainerBalancerTask (ContainerBalancerTask.java:matchSourceWithTarget(708)) - ContainerBalancer is finding suitable target for source datanode 8b7d5063-613d-4d91-a7df-612a126898ec
2023-09-12 21:14:00,747 [main] INFO  balancer.ContainerBalancerTask (ContainerBalancerTask.java:matchSourceWithTarget(722)) - ContainerBalancer matched source datanode 8b7d5063-613d-4d91-a7df-612a126898ec with target datanode a683902e-022d-4de0-abb8-1cb890a4490a for container move.
2023-09-12 21:14:00,747 [main] INFO  balancer.ContainerBalancerTask (ContainerBalancerTask.java:processMoveSelection(569)) - ContainerBalancer is trying to move container #88 with size 3221225472B from source datanode 8b7d5063-613d-4d91-a7df-612a126898ec to target datanode a683902e-022d-4de0-abb8-1cb890a4490a
2023-09-12 21:14:00,748 [main] DEBUG balancer.ContainerBalancerTask (ContainerBalancerTask.java:lambda$moveContainer$3(837)) - Container move completed for container #88 from source 8b7d5063-613d-4d91-a7df-612a126898ec to target a683902e-022d-4de0-abb8-1cb890a4490a
2023-09-12 21:14:00,751 [main] DEBUG balancer.ContainerBalancerTask (ContainerBalancerTask.java:matchSourceWithTarget(708)) - ContainerBalancer is finding suitable target for source datanode 7b2f3d4c-ca25-42f3-b139-78a01c526c80
2023-09-12 21:14:00,752 [main] INFO  balancer.FindTargetGreedyByUsageInfo (AbstractFindTargetGreedy.java:findTargetForContainerMove(133)) - Container Balancer could not find a target for source datanode 7b2f3d4c-ca25-42f3-b139-78a01c526c80
2023-09-12 21:14:00,753 [main] DEBUG balancer.ContainerBalancerTask (ContainerBalancerTask.java:matchSourceWithTarget(717)) - ContainerBalancer could not find a suitable target for source node 7b2f3d4c-ca25-42f3-b139-78a01c526c80.
2023-09-12 21:14:00,754 [main] DEBUG balancer.ContainerBalancerTask (ContainerBalancerTask.java:matchSourceWithTarget(708)) - ContainerBalancer is finding suitable target for source datanode 070e469f-3ca0-45b5-98cf-e8dd24430fdf
2023-09-12 21:14:00,755 [main] INFO  balancer.FindTargetGreedyByUsageInfo (AbstractFindTargetGreedy.java:findTargetForContainerMove(133)) - Container Balancer could not find a target for source datanode 070e469f-3ca0-45b5-98cf-e8dd24430fdf
2023-09-12 21:14:00,755 [main] DEBUG balancer.ContainerBalancerTask (ContainerBalancerTask.java:matchSourceWithTarget(717)) - ContainerBalancer could not find a suitable target for source node 070e469f-3ca0-45b5-98cf-e8dd24430fdf.
2023-09-12 21:14:00,757 [main] DEBUG balancer.ContainerBalancerTask (ContainerBalancerTask.java:matchSourceWithTarget(708)) - ContainerBalancer is finding suitable target for source datanode 8b7d5063-613d-4d91-a7df-612a126898ec
2023-09-12 21:14:00,757 [main] INFO  balancer.FindTargetGreedyByUsageInfo (AbstractFindTargetGreedy.java:findTargetForContainerMove(133)) - Container Balancer could not find a target for source datanode 8b7d5063-613d-4d91-a7df-612a126898ec
2023-09-12 21:14:00,758 [main] DEBUG balancer.ContainerBalancerTask (ContainerBalancerTask.java:matchSourceWithTarget(717)) - ContainerBalancer could not find a suitable target for source node 8b7d5063-613d-4d91-a7df-612a126898ec.
2023-09-12 21:14:00,758 [main] INFO  balancer.FindSourceGreedy (FindSourceGreedy.java:getNextCandidateSourceDataNode(126)) - no more candidate source data node
2023-09-12 21:14:00,758 [main] INFO  balancer.ContainerBalancerTask (ContainerBalancerTask.java:checkIterationMoveResults(642)) - Iteration Summary. Number of Datanodes involved: 3. Size moved: 13 GB (13958643712 Bytes). Number of Container moves completed: 3.
2023-09-12 21:14:00,758 [main] INFO  balancer.ContainerBalancerTask (ContainerBalancerTask.java:balance(259)) - Result of this iteration of Container Balancer: ITERATION_COMPLETED
2023-09-12 21:14:00,758 [main] INFO  balancer.ContainerBalancerTask (ContainerBalancerTask.java:tryStopWithSaveConfiguration(308)) - Save Configuration for stopping. Reason: Completed all iterations.
2023-09-12 21:14:00,759 [main] DEBUG balancer.ContainerBalancerTask (ContainerBalancerTask.java:initializeIteration(374)) - Average utilization of the cluster is 0.3033549815943624
2023-09-12 21:14:00,759 [main] DEBUG balancer.ContainerBalancerTask (ContainerBalancerTask.java:initializeIteration(386)) - Lower limit for utilization is -0.6512353112962854 and Upper limit for utilization is 1.2579452744850104
2023-09-12 21:14:00,759 [main] DEBUG balancer.ContainerBalancerTask (ContainerBalancerTask.java:initializeIteration(398)) - Utilization for node 8b7d5063-613d-4d91-a7df-612a126898ec with capacity 35791394133B, used 32212254720B, and remaining 3579139413B is 0.9000000000083819
2023-09-12 21:14:00,759 [main] DEBUG balancer.ContainerBalancerTask (ContainerBalancerTask.java:initializeIteration(398)) - Utilization for node 070e469f-3ca0-45b5-98cf-e8dd24430fdf with capacity 49660559360B, used 39728447488B, and remaining 9932111872B is 0.8
2023-09-12 21:14:00,759 [main] DEBUG balancer.ContainerBalancerTask (ContainerBalancerTask.java:initializeIteration(398)) - Utilization for node 7b2f3d4c-ca25-42f3-b139-78a01c526c80 with capacity 95102847268B, used 66571993088B, and remaining 28530854180B is 0.7000000000042059
2023-09-12 21:14:00,759 [main] DEBUG balancer.ContainerBalancerTask (ContainerBalancerTask.java:initializeIteration(398)) - Utilization for node 3243c23f-eeb9-4746-81d0-9fd5fea8c92c with capacity 80530636800B, used 48318382080B, and remaining 32212254720B is 0.6
2023-09-12 21:14:00,759 [main] DEBUG balancer.ContainerBalancerTask (ContainerBalancerTask.java:initializeIteration(398)) - Utilization for node 9942fb12-d332-42ed-9d6a-3aff0c5b7504 with capacity 79456894976B, used 39728447488B, and remaining 39728447488B is 0.5
2023-09-12 21:14:00,759 [main] DEBUG balancer.ContainerBalancerTask (ContainerBalancerTask.java:initializeIteration(398)) - Utilization for node 6ea9cdb6-40b0-4eeb-9407-c7185c90052b with capacity 72477573120B, used 28991029248B, and remaining 43486543872B is 0.4
2023-09-12 21:14:00,759 [main] DEBUG balancer.ContainerBalancerTask (ContainerBalancerTask.java:initializeIteration(398)) - Utilization for node a2a0e2e7-ae45-4fef-bce6-4d93462c0fc6 with capacity 125269879466B, used 37580963840B, and remaining 87688915626B is 0.30000000000159655
2023-09-12 21:14:00,760 [main] DEBUG balancer.ContainerBalancerTask (ContainerBalancerTask.java:initializeIteration(398)) - Utilization for node 6be0a4b7-0a2f-4016-ae64-0dd4ea836ea4 with capacity 236223201280B, used 47244640256B, and remaining 188978561024B is 0.2
2023-09-12 21:14:00,760 [main] DEBUG balancer.ContainerBalancerTask (ContainerBalancerTask.java:initializeIteration(398)) - Utilization for node 63ed42ec-28e6-4693-a4b8-2f775114e637 with capacity 483183820800B, used 48318382080B, and remaining 434865438720B is 0.1
2023-09-12 21:14:00,760 [main] DEBUG balancer.ContainerBalancerTask (ContainerBalancerTask.java:initializeIteration(398)) - Utilization for node a683902e-022d-4de0-abb8-1cb890a4490a with capacity 23622320128B, used 0B, and remaining 23622320128B is 0.0
2023-09-12 21:14:00,760 [main] INFO  balancer.ContainerBalancerTask (ContainerBalancerTask.java:initializeIteration(443)) - Did not find any unbalanced Datanodes.
2023-09-12 21:14:00,760 [main] INFO  balancer.ContainerBalancerTask (ContainerBalancerTask.java:tryStopWithSaveConfiguration(308)) - Save Configuration for stopping. Reason: Could not initialize ContainerBalancer's iteration number 0
2023-09-12 21:14:00,761 [main] DEBUG balancer.ContainerBalancerTask (ContainerBalancerTask.java:initializeIteration(374)) - Average utilization of the cluster is 0.3033549815943624
2023-09-12 21:14:00,761 [main] DEBUG balancer.ContainerBalancerTask (ContainerBalancerTask.java:initializeIteration(386)) - Lower limit for utilization is -0.6746842560757855 and Upper limit for utilization is 1.2813942192645102
2023-09-12 21:14:00,761 [main] DEBUG balancer.ContainerBalancerTask (ContainerBalancerTask.java:initializeIteration(398)) - Utilization for node 8b7d5063-613d-4d91-a7df-612a126898ec with capacity 35791394133B, used 32212254720B, and remaining 3579139413B is 0.9000000000083819
2023-09-12 21:14:00,761 [main] DEBUG balancer.ContainerBalancerTask (ContainerBalancerTask.java:initializeIteration(398)) - Utilization for node 070e469f-3ca0-45b5-98cf-e8dd24430fdf with capacity 49660559360B, used 39728447488B, and remaining 9932111872B is 0.8
2023-09-12 21:14:00,761 [main] DEBUG balancer.ContainerBalancerTask (ContainerBalancerTask.java:initializeIteration(398)) - Utilization for node 7b2f3d4c-ca25-42f3-b139-78a01c526c80 with capacity 95102847268B, used 66571993088B, and remaining 28530854180B is 0.7000000000042059
2023-09-12 21:14:00,761 [main] DEBUG balancer.ContainerBalancerTask (ContainerBalancerTask.java:initializeIteration(398)) - Utilization for node 3243c23f-eeb9-4746-81d0-9fd5fea8c92c with capacity 80530636800B, used 48318382080B, and remaining 32212254720B is 0.6
2023-09-12 21:14:00,761 [main] DEBUG balancer.ContainerBalancerTask (ContainerBalancerTask.java:initializeIteration(398)) - Utilization for node 9942fb12-d332-42ed-9d6a-3aff0c5b7504 with capacity 79456894976B, used 39728447488B, and remaining 39728447488B is 0.5
2023-09-12 21:14:00,761 [main] DEBUG balancer.ContainerBalancerTask (ContainerBalancerTask.java:initializeIteration(398)) - Utilization for node 6ea9cdb6-40b0-4eeb-9407-c7185c90052b with capacity 72477573120B, used 28991029248B, and remaining 43486543872B is 0.4
2023-09-12 21:14:00,761 [main] DEBUG balancer.ContainerBalancerTask (ContainerBalancerTask.java:initializeIteration(398)) - Utilization for node a2a0e2e7-ae45-4fef-bce6-4d93462c0fc6 with capacity 125269879466B, used 37580963840B, and remaining 87688915626B is 0.30000000000159655
2023-09-12 21:14:00,761 [main] DEBUG balancer.ContainerBalancerTask (ContainerBalancerTask.java:initializeIteration(398)) - Utilization for node 6be0a4b7-0a2f-4016-ae64-0dd4ea836ea4 with capacity 236223201280B, used 47244640256B, and remaining 188978561024B is 0.2
2023-09-12 21:14:00,761 [main] DEBUG balancer.ContainerBalancerTask (ContainerBalancerTask.java:initializeIteration(398)) - Utilization for node 63ed42ec-28e6-4693-a4b8-2f775114e637 with capacity 483183820800B, used 48318382080B, and remaining 434865438720B is 0.1
2023-09-12 21:14:00,762 [main] DEBUG balancer.ContainerBalancerTask (ContainerBalancerTask.java:initializeIteration(398)) - Utilization for node a683902e-022d-4de0-abb8-1cb890a4490a with capacity 23622320128B, used 0B, and remaining 23622320128B is 0.0
2023-09-12 21:14:00,762 [main] INFO  balancer.ContainerBalancerTask (ContainerBalancerTask.java:initializeIteration(443)) - Did not find any unbalanced Datanodes.
2023-09-12 21:14:00,762 [main] INFO  balancer.ContainerBalancerTask (ContainerBalancerTask.java:tryStopWithSaveConfiguration(308)) - Save Configuration for stopping. Reason: Could not initialize ContainerBalancer's iteration number 0
2023-09-12 21:14:00,763 [main] DEBUG balancer.ContainerBalancerTask (ContainerBalancerTask.java:initializeIteration(374)) - Average utilization of the cluster is 0.3033549815943624
2023-09-12 21:14:00,763 [main] DEBUG balancer.ContainerBalancerTask (ContainerBalancerTask.java:initializeIteration(386)) - Lower limit for utilization is -0.2786720832601593 and Upper limit for utilization is 0.8853820464488842
2023-09-12 21:14:00,763 [main] DEBUG balancer.ContainerBalancerTask (ContainerBalancerTask.java:initializeIteration(398)) - Utilization for node 8b7d5063-613d-4d91-a7df-612a126898ec with capacity 35791394133B, used 32212254720B, and remaining 3579139413B is 0.9000000000083819
2023-09-12 21:14:00,763 [main] DEBUG balancer.ContainerBalancerTask (ContainerBalancerTask.java:initializeIteration(398)) - Utilization for node 070e469f-3ca0-45b5-98cf-e8dd24430fdf with capacity 49660559360B, used 39728447488B, and remaining 9932111872B is 0.8
2023-09-12 21:14:00,763 [main] DEBUG balancer.ContainerBalancerTask (ContainerBalancerTask.java:initializeIteration(398)) - Utilization for node 7b2f3d4c-ca25-42f3-b139-78a01c526c80 with capacity 95102847268B, used 66571993088B, and remaining 28530854180B is 0.7000000000042059
2023-09-12 21:14:00,763 [main] DEBUG balancer.ContainerBalancerTask (ContainerBalancerTask.java:initializeIteration(398)) - Utilization for node 3243c23f-eeb9-4746-81d0-9fd5fea8c92c with capacity 80530636800B, used 48318382080B, and remaining 32212254720B is 0.6
2023-09-12 21:14:00,763 [main] DEBUG balancer.ContainerBalancerTask (ContainerBalancerTask.java:initializeIteration(398)) - Utilization for node 9942fb12-d332-42ed-9d6a-3aff0c5b7504 with capacity 79456894976B, used 39728447488B, and remaining 39728447488B is 0.5
2023-09-12 21:14:00,763 [main] DEBUG balancer.ContainerBalancerTask (ContainerBalancerTask.java:initializeIteration(398)) - Utilization for node 6ea9cdb6-40b0-4eeb-9407-c7185c90052b with capacity 72477573120B, used 28991029248B, and remaining 43486543872B is 0.4
2023-09-12 21:14:00,763 [main] DEBUG balancer.ContainerBalancerTask (ContainerBalancerTask.java:initializeIteration(398)) - Utilization for node a2a0e2e7-ae45-4fef-bce6-4d93462c0fc6 with capacity 125269879466B, used 37580963840B, and remaining 87688915626B is 0.30000000000159655
2023-09-12 21:14:00,763 [main] DEBUG balancer.ContainerBalancerTask (ContainerBalancerTask.java:initializeIteration(398)) - Utilization for node 6be0a4b7-0a2f-4016-ae64-0dd4ea836ea4 with capacity 236223201280B, used 47244640256B, and remaining 188978561024B is 0.2
2023-09-12 21:14:00,763 [main] DEBUG balancer.ContainerBalancerTask (ContainerBalancerTask.java:initializeIteration(398)) - Utilization for node 63ed42ec-28e6-4693-a4b8-2f775114e637 with capacity 483183820800B, used 48318382080B, and remaining 434865438720B is 0.1
2023-09-12 21:14:00,764 [main] DEBUG balancer.ContainerBalancerTask (ContainerBalancerTask.java:initializeIteration(398)) - Utilization for node a683902e-022d-4de0-abb8-1cb890a4490a with capacity 23622320128B, used 0B, and remaining 23622320128B is 0.0
2023-09-12 21:14:00,764 [main] INFO  balancer.ContainerBalancerTask (ContainerBalancerTask.java:initializeIteration(447)) - Container Balancer has identified 1 Over-Utilized and 0 Under-Utilized Datanodes that need to be balanced.
2023-09-12 21:14:00,764 [main] DEBUG balancer.ContainerBalancerTask (ContainerBalancerTask.java:lambda$initializeIteration$1(453)) - Datanode localhost-2.101.7.160 8b7d5063-613d-4d91-a7df-612a126898ec is Over-Utilized.
2023-09-12 21:14:00,765 [main] DEBUG balancer.ContainerBalancerTask (ContainerBalancerTask.java:matchSourceWithTarget(708)) - ContainerBalancer is finding suitable target for source datanode 8b7d5063-613d-4d91-a7df-612a126898ec
2023-09-12 21:14:00,765 [main] INFO  balancer.FindTargetGreedyByUsageInfo (AbstractFindTargetGreedy.java:findTargetForContainerMove(133)) - Container Balancer could not find a target for source datanode 8b7d5063-613d-4d91-a7df-612a126898ec
2023-09-12 21:14:00,765 [main] DEBUG balancer.ContainerBalancerTask (ContainerBalancerTask.java:matchSourceWithTarget(717)) - ContainerBalancer could not find a suitable target for source node 8b7d5063-613d-4d91-a7df-612a126898ec.
2023-09-12 21:14:00,766 [main] INFO  balancer.FindSourceGreedy (FindSourceGreedy.java:getNextCandidateSourceDataNode(126)) - no more candidate source data node
2023-09-12 21:14:00,766 [main] INFO  balancer.ContainerBalancerTask (ContainerBalancerTask.java:balance(259)) - Result of this iteration of Container Balancer: CAN_NOT_BALANCE_ANY_MORE
2023-09-12 21:14:00,766 [main] INFO  balancer.ContainerBalancerTask (ContainerBalancerTask.java:tryStopWithSaveConfiguration(308)) - Save Configuration for stopping. Reason: CAN_NOT_BALANCE_ANY_MORE
2023-09-12 21:14:00,766 [main] DEBUG balancer.ContainerBalancerTask (ContainerBalancerTask.java:initializeIteration(374)) - Average utilization of the cluster is 0.3033549815943624
2023-09-12 21:14:00,766 [main] DEBUG balancer.ContainerBalancerTask (ContainerBalancerTask.java:initializeIteration(386)) - Lower limit for utilization is -0.686725696621252 and Upper limit for utilization is 1.293435659809977
2023-09-12 21:14:00,767 [main] DEBUG balancer.ContainerBalancerTask (ContainerBalancerTask.java:initializeIteration(398)) - Utilization for node 8b7d5063-613d-4d91-a7df-612a126898ec with capacity 35791394133B, used 32212254720B, and remaining 3579139413B is 0.9000000000083819
2023-09-12 21:14:00,767 [main] DEBUG balancer.ContainerBalancerTask (ContainerBalancerTask.java:initializeIteration(398)) - Utilization for node 070e469f-3ca0-45b5-98cf-e8dd24430fdf with capacity 49660559360B, used 39728447488B, and remaining 9932111872B is 0.8
2023-09-12 21:14:00,767 [main] DEBUG balancer.ContainerBalancerTask (ContainerBalancerTask.java:initializeIteration(398)) - Utilization for node 7b2f3d4c-ca25-42f3-b139-78a01c526c80 with capacity 95102847268B, used 66571993088B, and remaining 28530854180B is 0.7000000000042059
2023-09-12 21:14:00,767 [main] DEBUG balancer.ContainerBalancerTask (ContainerBalancerTask.java:initializeIteration(398)) - Utilization for node 3243c23f-eeb9-4746-81d0-9fd5fea8c92c with capacity 80530636800B, used 48318382080B, and remaining 32212254720B is 0.6
2023-09-12 21:14:00,767 [main] DEBUG balancer.ContainerBalancerTask (ContainerBalancerTask.java:initializeIteration(398)) - Utilization for node 9942fb12-d332-42ed-9d6a-3aff0c5b7504 with capacity 79456894976B, used 39728447488B, and remaining 39728447488B is 0.5
2023-09-12 21:14:00,767 [main] DEBUG balancer.ContainerBalancerTask (ContainerBalancerTask.java:initializeIteration(398)) - Utilization for node 6ea9cdb6-40b0-4eeb-9407-c7185c90052b with capacity 72477573120B, used 28991029248B, and remaining 43486543872B is 0.4
2023-09-12 21:14:00,767 [main] DEBUG balancer.ContainerBalancerTask (ContainerBalancerTask.java:initializeIteration(398)) - Utilization for node a2a0e2e7-ae45-4fef-bce6-4d93462c0fc6 with capacity 125269879466B, used 37580963840B, and remaining 87688915626B is 0.30000000000159655
2023-09-12 21:14:00,767 [main] DEBUG balancer.ContainerBalancerTask (ContainerBalancerTask.java:initializeIteration(398)) - Utilization for node 6be0a4b7-0a2f-4016-ae64-0dd4ea836ea4 with capacity 236223201280B, used 47244640256B, and remaining 188978561024B is 0.2
2023-09-12 21:14:00,767 [main] DEBUG balancer.ContainerBalancerTask (ContainerBalancerTask.java:initializeIteration(398)) - Utilization for node 63ed42ec-28e6-4693-a4b8-2f775114e637 with capacity 483183820800B, used 48318382080B, and remaining 434865438720B is 0.1
2023-09-12 21:14:00,767 [main] DEBUG balancer.ContainerBalancerTask (ContainerBalancerTask.java:initializeIteration(398)) - Utilization for node a683902e-022d-4de0-abb8-1cb890a4490a with capacity 23622320128B, used 0B, and remaining 23622320128B is 0.0
2023-09-12 21:14:00,768 [main] INFO  balancer.ContainerBalancerTask (ContainerBalancerTask.java:initializeIteration(443)) - Did not find any unbalanced Datanodes.
2023-09-12 21:14:00,768 [main] INFO  balancer.ContainerBalancerTask (ContainerBalancerTask.java:tryStopWithSaveConfiguration(308)) - Save Configuration for stopping. Reason: Could not initialize ContainerBalancer's iteration number 0
2023-09-12 21:14:00,768 [main] DEBUG balancer.ContainerBalancerTask (ContainerBalancerTask.java:initializeIteration(374)) - Average utilization of the cluster is 0.3033549815943624
2023-09-12 21:14:00,768 [main] DEBUG balancer.ContainerBalancerTask (ContainerBalancerTask.java:initializeIteration(386)) - Lower limit for utilization is -0.6246066223392561 and Upper limit for utilization is 1.2313165855279808
2023-09-12 21:14:00,768 [main] DEBUG balancer.ContainerBalancerTask (ContainerBalancerTask.java:initializeIteration(398)) - Utilization for node 8b7d5063-613d-4d91-a7df-612a126898ec with capacity 35791394133B, used 32212254720B, and remaining 3579139413B is 0.9000000000083819
2023-09-12 21:14:00,768 [main] DEBUG balancer.ContainerBalancerTask (ContainerBalancerTask.java:initializeIteration(398)) - Utilization for node 070e469f-3ca0-45b5-98cf-e8dd24430fdf with capacity 49660559360B, used 39728447488B, and remaining 9932111872B is 0.8
2023-09-12 21:14:00,769 [main] DEBUG balancer.ContainerBalancerTask (ContainerBalancerTask.java:initializeIteration(398)) - Utilization for node 7b2f3d4c-ca25-42f3-b139-78a01c526c80 with capacity 95102847268B, used 66571993088B, and remaining 28530854180B is 0.7000000000042059
2023-09-12 21:14:00,769 [main] DEBUG balancer.ContainerBalancerTask (ContainerBalancerTask.java:initializeIteration(398)) - Utilization for node 3243c23f-eeb9-4746-81d0-9fd5fea8c92c with capacity 80530636800B, used 48318382080B, and remaining 32212254720B is 0.6
2023-09-12 21:14:00,769 [main] DEBUG balancer.ContainerBalancerTask (ContainerBalancerTask.java:initializeIteration(398)) - Utilization for node 9942fb12-d332-42ed-9d6a-3aff0c5b7504 with capacity 79456894976B, used 39728447488B, and remaining 39728447488B is 0.5
2023-09-12 21:14:00,769 [main] DEBUG balancer.ContainerBalancerTask (ContainerBalancerTask.java:initializeIteration(398)) - Utilization for node 6ea9cdb6-40b0-4eeb-9407-c7185c90052b with capacity 72477573120B, used 28991029248B, and remaining 43486543872B is 0.4
2023-09-12 21:14:00,769 [main] DEBUG balancer.ContainerBalancerTask (ContainerBalancerTask.java:initializeIteration(398)) - Utilization for node a2a0e2e7-ae45-4fef-bce6-4d93462c0fc6 with capacity 125269879466B, used 37580963840B, and remaining 87688915626B is 0.30000000000159655
2023-09-12 21:14:00,769 [main] DEBUG balancer.ContainerBalancerTask (ContainerBalancerTask.java:initializeIteration(398)) - Utilization for node 6be0a4b7-0a2f-4016-ae64-0dd4ea836ea4 with capacity 236223201280B, used 47244640256B, and remaining 188978561024B is 0.2
2023-09-12 21:14:00,769 [main] DEBUG balancer.ContainerBalancerTask (ContainerBalancerTask.java:initializeIteration(398)) - Utilization for node 63ed42ec-28e6-4693-a4b8-2f775114e637 with capacity 483183820800B, used 48318382080B, and remaining 434865438720B is 0.1
2023-09-12 21:14:00,769 [main] DEBUG balancer.ContainerBalancerTask (ContainerBalancerTask.java:initializeIteration(398)) - Utilization for node a683902e-022d-4de0-abb8-1cb890a4490a with capacity 23622320128B, used 0B, and remaining 23622320128B is 0.0
2023-09-12 21:14:00,769 [main] INFO  balancer.ContainerBalancerTask (ContainerBalancerTask.java:initializeIteration(443)) - Did not find any unbalanced Datanodes.
2023-09-12 21:14:00,769 [main] INFO  balancer.ContainerBalancerTask (ContainerBalancerTask.java:tryStopWithSaveConfiguration(308)) - Save Configuration for stopping. Reason: Could not initialize ContainerBalancer's iteration number 0
2023-09-12 21:14:00,770 [main] DEBUG balancer.ContainerBalancerTask (ContainerBalancerTask.java:initializeIteration(374)) - Average utilization of the cluster is 0.3033549815943624
2023-09-12 21:14:00,770 [main] DEBUG balancer.ContainerBalancerTask (ContainerBalancerTask.java:initializeIteration(386)) - Lower limit for utilization is 0.07393688266402848 and Upper limit for utilization is 0.5327730805246964
2023-09-12 21:14:00,770 [main] DEBUG balancer.ContainerBalancerTask (ContainerBalancerTask.java:initializeIteration(398)) - Utilization for node 8b7d5063-613d-4d91-a7df-612a126898ec with capacity 35791394133B, used 32212254720B, and remaining 3579139413B is 0.9000000000083819
2023-09-12 21:14:00,770 [main] DEBUG balancer.ContainerBalancerTask (ContainerBalancerTask.java:initializeIteration(398)) - Utilization for node 070e469f-3ca0-45b5-98cf-e8dd24430fdf with capacity 49660559360B, used 39728447488B, and remaining 9932111872B is 0.8
2023-09-12 21:14:00,770 [main] DEBUG balancer.ContainerBalancerTask (ContainerBalancerTask.java:initializeIteration(398)) - Utilization for node 7b2f3d4c-ca25-42f3-b139-78a01c526c80 with capacity 95102847268B, used 66571993088B, and remaining 28530854180B is 0.7000000000042059
2023-09-12 21:14:00,770 [main] DEBUG balancer.ContainerBalancerTask (ContainerBalancerTask.java:initializeIteration(398)) - Utilization for node 3243c23f-eeb9-4746-81d0-9fd5fea8c92c with capacity 80530636800B, used 48318382080B, and remaining 32212254720B is 0.6
2023-09-12 21:14:00,771 [main] DEBUG balancer.ContainerBalancerTask (ContainerBalancerTask.java:initializeIteration(398)) - Utilization for node 9942fb12-d332-42ed-9d6a-3aff0c5b7504 with capacity 79456894976B, used 39728447488B, and remaining 39728447488B is 0.5
2023-09-12 21:14:00,771 [main] DEBUG balancer.ContainerBalancerTask (ContainerBalancerTask.java:initializeIteration(398)) - Utilization for node 6ea9cdb6-40b0-4eeb-9407-c7185c90052b with capacity 72477573120B, used 28991029248B, and remaining 43486543872B is 0.4
2023-09-12 21:14:00,771 [main] DEBUG balancer.ContainerBalancerTask (ContainerBalancerTask.java:initializeIteration(398)) - Utilization for node a2a0e2e7-ae45-4fef-bce6-4d93462c0fc6 with capacity 125269879466B, used 37580963840B, and remaining 87688915626B is 0.30000000000159655
2023-09-12 21:14:00,771 [main] DEBUG balancer.ContainerBalancerTask (ContainerBalancerTask.java:initializeIteration(398)) - Utilization for node 6be0a4b7-0a2f-4016-ae64-0dd4ea836ea4 with capacity 236223201280B, used 47244640256B, and remaining 188978561024B is 0.2
2023-09-12 21:14:00,771 [main] DEBUG balancer.ContainerBalancerTask (ContainerBalancerTask.java:initializeIteration(398)) - Utilization for node 63ed42ec-28e6-4693-a4b8-2f775114e637 with capacity 483183820800B, used 48318382080B, and remaining 434865438720B is 0.1
2023-09-12 21:14:00,771 [main] DEBUG balancer.ContainerBalancerTask (ContainerBalancerTask.java:initializeIteration(398)) - Utilization for node a683902e-022d-4de0-abb8-1cb890a4490a with capacity 23622320128B, used 0B, and remaining 23622320128B is 0.0
2023-09-12 21:14:00,771 [main] INFO  balancer.ContainerBalancerTask (ContainerBalancerTask.java:initializeIteration(447)) - Container Balancer has identified 4 Over-Utilized and 1 Under-Utilized Datanodes that need to be balanced.
2023-09-12 21:14:00,771 [main] DEBUG balancer.ContainerBalancerTask (ContainerBalancerTask.java:lambda$initializeIteration$1(453)) - Datanode localhost-2.101.7.160 8b7d5063-613d-4d91-a7df-612a126898ec is Over-Utilized.
2023-09-12 21:14:00,771 [main] DEBUG balancer.ContainerBalancerTask (ContainerBalancerTask.java:lambda$initializeIteration$1(453)) - Datanode localhost-237.218.167.41 070e469f-3ca0-45b5-98cf-e8dd24430fdf is Over-Utilized.
2023-09-12 21:14:00,771 [main] DEBUG balancer.ContainerBalancerTask (ContainerBalancerTask.java:lambda$initializeIteration$1(453)) - Datanode localhost-244.245.40.170 7b2f3d4c-ca25-42f3-b139-78a01c526c80 is Over-Utilized.
2023-09-12 21:14:00,771 [main] DEBUG balancer.ContainerBalancerTask (ContainerBalancerTask.java:lambda$initializeIteration$1(453)) - Datanode localhost-233.178.191.166 3243c23f-eeb9-4746-81d0-9fd5fea8c92c is Over-Utilized.
2023-09-12 21:14:00,772 [main] DEBUG balancer.ContainerBalancerTask (ContainerBalancerTask.java:lambda$initializeIteration$2(459)) - Datanode localhost-32.56.199.203 a683902e-022d-4de0-abb8-1cb890a4490a is Under-Utilized.
2023-09-12 21:14:00,773 [main] DEBUG balancer.ContainerBalancerTask (ContainerBalancerTask.java:matchSourceWithTarget(708)) - ContainerBalancer is finding suitable target for source datanode 8b7d5063-613d-4d91-a7df-612a126898ec
2023-09-12 21:14:00,773 [main] INFO  balancer.ContainerBalancerTask (ContainerBalancerTask.java:matchSourceWithTarget(722)) - ContainerBalancer matched source datanode 8b7d5063-613d-4d91-a7df-612a126898ec with target datanode a683902e-022d-4de0-abb8-1cb890a4490a for container move.
2023-09-12 21:14:00,773 [main] INFO  balancer.ContainerBalancerTask (ContainerBalancerTask.java:processMoveSelection(569)) - ContainerBalancer is trying to move container #85 with size 5368709120B from source datanode 8b7d5063-613d-4d91-a7df-612a126898ec to target datanode a683902e-022d-4de0-abb8-1cb890a4490a
2023-09-12 21:14:00,774 [main] DEBUG balancer.ContainerBalancerTask (ContainerBalancerTask.java:lambda$moveContainer$3(837)) - Container move completed for container #85 from source 8b7d5063-613d-4d91-a7df-612a126898ec to target a683902e-022d-4de0-abb8-1cb890a4490a
2023-09-12 21:14:00,775 [main] DEBUG balancer.ContainerBalancerTask (ContainerBalancerTask.java:matchSourceWithTarget(708)) - ContainerBalancer is finding suitable target for source datanode 070e469f-3ca0-45b5-98cf-e8dd24430fdf
2023-09-12 21:14:00,776 [main] INFO  balancer.ContainerBalancerTask (ContainerBalancerTask.java:matchSourceWithTarget(722)) - ContainerBalancer matched source datanode 070e469f-3ca0-45b5-98cf-e8dd24430fdf with target datanode a683902e-022d-4de0-abb8-1cb890a4490a for container move.
2023-09-12 21:14:00,776 [main] INFO  balancer.ContainerBalancerTask (ContainerBalancerTask.java:processMoveSelection(569)) - ContainerBalancer is trying to move container #68 with size 5368709120B from source datanode 070e469f-3ca0-45b5-98cf-e8dd24430fdf to target datanode a683902e-022d-4de0-abb8-1cb890a4490a
2023-09-12 21:14:00,776 [main] DEBUG balancer.ContainerBalancerTask (ContainerBalancerTask.java:lambda$moveContainer$3(837)) - Container move completed for container #68 from source 070e469f-3ca0-45b5-98cf-e8dd24430fdf to target a683902e-022d-4de0-abb8-1cb890a4490a
2023-09-12 21:14:00,778 [main] DEBUG balancer.ContainerBalancerTask (ContainerBalancerTask.java:matchSourceWithTarget(708)) - ContainerBalancer is finding suitable target for source datanode 8b7d5063-613d-4d91-a7df-612a126898ec
2023-09-12 21:14:00,778 [main] INFO  balancer.ContainerBalancerTask (ContainerBalancerTask.java:matchSourceWithTarget(722)) - ContainerBalancer matched source datanode 8b7d5063-613d-4d91-a7df-612a126898ec with target datanode a683902e-022d-4de0-abb8-1cb890a4490a for container move.
2023-09-12 21:14:00,778 [main] INFO  balancer.ContainerBalancerTask (ContainerBalancerTask.java:processMoveSelection(569)) - ContainerBalancer is trying to move container #86 with size 1073741824B from source datanode 8b7d5063-613d-4d91-a7df-612a126898ec to target datanode a683902e-022d-4de0-abb8-1cb890a4490a
2023-09-12 21:14:00,778 [main] DEBUG balancer.ContainerBalancerTask (ContainerBalancerTask.java:lambda$moveContainer$3(837)) - Container move completed for container #86 from source 8b7d5063-613d-4d91-a7df-612a126898ec to target a683902e-022d-4de0-abb8-1cb890a4490a
2023-09-12 21:14:00,780 [main] DEBUG balancer.ContainerBalancerTask (ContainerBalancerTask.java:matchSourceWithTarget(708)) - ContainerBalancer is finding suitable target for source datanode 8b7d5063-613d-4d91-a7df-612a126898ec
2023-09-12 21:14:00,781 [main] INFO  balancer.FindTargetGreedyByUsageInfo (AbstractFindTargetGreedy.java:findTargetForContainerMove(133)) - Container Balancer could not find a target for source datanode 8b7d5063-613d-4d91-a7df-612a126898ec
2023-09-12 21:14:00,781 [main] DEBUG balancer.ContainerBalancerTask (ContainerBalancerTask.java:matchSourceWithTarget(717)) - ContainerBalancer could not find a suitable target for source node 8b7d5063-613d-4d91-a7df-612a126898ec.
2023-09-12 21:14:00,784 [main] DEBUG balancer.ContainerBalancerTask (ContainerBalancerTask.java:matchSourceWithTarget(708)) - ContainerBalancer is finding suitable target for source datanode 7b2f3d4c-ca25-42f3-b139-78a01c526c80
2023-09-12 21:14:00,786 [main] INFO  balancer.FindTargetGreedyByUsageInfo (AbstractFindTargetGreedy.java:findTargetForContainerMove(133)) - Container Balancer could not find a target for source datanode 7b2f3d4c-ca25-42f3-b139-78a01c526c80
2023-09-12 21:14:00,786 [main] DEBUG balancer.ContainerBalancerTask (ContainerBalancerTask.java:matchSourceWithTarget(717)) - ContainerBalancer could not find a suitable target for source node 7b2f3d4c-ca25-42f3-b139-78a01c526c80.
2023-09-12 21:14:00,788 [main] DEBUG balancer.ContainerBalancerTask (ContainerBalancerTask.java:matchSourceWithTarget(708)) - ContainerBalancer is finding suitable target for source datanode 070e469f-3ca0-45b5-98cf-e8dd24430fdf
2023-09-12 21:14:00,788 [main] INFO  balancer.FindTargetGreedyByUsageInfo (AbstractFindTargetGreedy.java:findTargetForContainerMove(133)) - Container Balancer could not find a target for source datanode 070e469f-3ca0-45b5-98cf-e8dd24430fdf
2023-09-12 21:14:00,788 [main] DEBUG balancer.ContainerBalancerTask (ContainerBalancerTask.java:matchSourceWithTarget(717)) - ContainerBalancer could not find a suitable target for source node 070e469f-3ca0-45b5-98cf-e8dd24430fdf.
2023-09-12 21:14:00,791 [main] DEBUG balancer.ContainerBalancerTask (ContainerBalancerTask.java:matchSourceWithTarget(708)) - ContainerBalancer is finding suitable target for source datanode 3243c23f-eeb9-4746-81d0-9fd5fea8c92c
2023-09-12 21:14:00,791 [main] INFO  balancer.FindTargetGreedyByUsageInfo (AbstractFindTargetGreedy.java:findTargetForContainerMove(133)) - Container Balancer could not find a target for source datanode 3243c23f-eeb9-4746-81d0-9fd5fea8c92c
2023-09-12 21:14:00,792 [main] DEBUG balancer.ContainerBalancerTask (ContainerBalancerTask.java:matchSourceWithTarget(717)) - ContainerBalancer could not find a suitable target for source node 3243c23f-eeb9-4746-81d0-9fd5fea8c92c.
2023-09-12 21:14:00,792 [main] INFO  balancer.FindSourceGreedy (FindSourceGreedy.java:getNextCandidateSourceDataNode(126)) - no more candidate source data node
2023-09-12 21:14:00,792 [main] INFO  balancer.ContainerBalancerTask (ContainerBalancerTask.java:checkIterationMoveResults(642)) - Iteration Summary. Number of Datanodes involved: 3. Size moved: 11 GB (11811160064 Bytes). Number of Container moves completed: 3.
2023-09-12 21:14:00,792 [main] INFO  balancer.ContainerBalancerTask (ContainerBalancerTask.java:balance(259)) - Result of this iteration of Container Balancer: ITERATION_COMPLETED
2023-09-12 21:14:00,792 [main] INFO  balancer.ContainerBalancerTask (ContainerBalancerTask.java:tryStopWithSaveConfiguration(308)) - Save Configuration for stopping. Reason: Completed all iterations.
2023-09-12 21:14:00,793 [main] DEBUG balancer.ContainerBalancerTask (ContainerBalancerTask.java:initializeIteration(374)) - Average utilization of the cluster is 0.3033549815943624
2023-09-12 21:14:00,793 [main] DEBUG balancer.ContainerBalancerTask (ContainerBalancerTask.java:initializeIteration(386)) - Lower limit for utilization is -0.6045825682397621 and Upper limit for utilization is 1.211292531428487
2023-09-12 21:14:00,793 [main] DEBUG balancer.ContainerBalancerTask (ContainerBalancerTask.java:initializeIteration(398)) - Utilization for node 8b7d5063-613d-4d91-a7df-612a126898ec with capacity 35791394133B, used 32212254720B, and remaining 3579139413B is 0.9000000000083819
2023-09-12 21:14:00,793 [main] DEBUG balancer.ContainerBalancerTask (ContainerBalancerTask.java:initializeIteration(398)) - Utilization for node 070e469f-3ca0-45b5-98cf-e8dd24430fdf with capacity 49660559360B, used 39728447488B, and remaining 9932111872B is 0.8
2023-09-12 21:14:00,793 [main] DEBUG balancer.ContainerBalancerTask (ContainerBalancerTask.java:initializeIteration(398)) - Utilization for node 7b2f3d4c-ca25-42f3-b139-78a01c526c80 with capacity 95102847268B, used 66571993088B, and remaining 28530854180B is 0.7000000000042059
2023-09-12 21:14:00,793 [main] DEBUG balancer.ContainerBalancerTask (ContainerBalancerTask.java:initializeIteration(398)) - Utilization for node 3243c23f-eeb9-4746-81d0-9fd5fea8c92c with capacity 80530636800B, used 48318382080B, and remaining 32212254720B is 0.6
2023-09-12 21:14:00,793 [main] DEBUG balancer.ContainerBalancerTask (ContainerBalancerTask.java:initializeIteration(398)) - Utilization for node 9942fb12-d332-42ed-9d6a-3aff0c5b7504 with capacity 79456894976B, used 39728447488B, and remaining 39728447488B is 0.5
2023-09-12 21:14:00,794 [main] DEBUG balancer.ContainerBalancerTask (ContainerBalancerTask.java:initializeIteration(398)) - Utilization for node 6ea9cdb6-40b0-4eeb-9407-c7185c90052b with capacity 72477573120B, used 28991029248B, and remaining 43486543872B is 0.4
2023-09-12 21:14:00,794 [main] DEBUG balancer.ContainerBalancerTask (ContainerBalancerTask.java:initializeIteration(398)) - Utilization for node a2a0e2e7-ae45-4fef-bce6-4d93462c0fc6 with capacity 125269879466B, used 37580963840B, and remaining 87688915626B is 0.30000000000159655
2023-09-12 21:14:00,794 [main] DEBUG balancer.ContainerBalancerTask (ContainerBalancerTask.java:initializeIteration(398)) - Utilization for node 6be0a4b7-0a2f-4016-ae64-0dd4ea836ea4 with capacity 236223201280B, used 47244640256B, and remaining 188978561024B is 0.2
2023-09-12 21:14:00,794 [main] DEBUG balancer.ContainerBalancerTask (ContainerBalancerTask.java:initializeIteration(398)) - Utilization for node 63ed42ec-28e6-4693-a4b8-2f775114e637 with capacity 483183820800B, used 48318382080B, and remaining 434865438720B is 0.1
2023-09-12 21:14:00,794 [main] DEBUG balancer.ContainerBalancerTask (ContainerBalancerTask.java:initializeIteration(398)) - Utilization for node a683902e-022d-4de0-abb8-1cb890a4490a with capacity 23622320128B, used 0B, and remaining 23622320128B is 0.0
2023-09-12 21:14:00,794 [main] INFO  balancer.ContainerBalancerTask (ContainerBalancerTask.java:initializeIteration(443)) - Did not find any unbalanced Datanodes.
2023-09-12 21:14:00,794 [main] INFO  balancer.ContainerBalancerTask (ContainerBalancerTask.java:tryStopWithSaveConfiguration(308)) - Save Configuration for stopping. Reason: Could not initialize ContainerBalancer's iteration number 0
2023-09-12 21:14:00,795 [main] DEBUG balancer.ContainerBalancerTask (ContainerBalancerTask.java:initializeIteration(374)) - Average utilization of the cluster is 0.3033549815943624
2023-09-12 21:14:00,795 [main] DEBUG balancer.ContainerBalancerTask (ContainerBalancerTask.java:initializeIteration(386)) - Lower limit for utilization is -0.5941198214684602 and Upper limit for utilization is 1.2008297846571852
2023-09-12 21:14:00,795 [main] DEBUG balancer.ContainerBalancerTask (ContainerBalancerTask.java:initializeIteration(398)) - Utilization for node 8b7d5063-613d-4d91-a7df-612a126898ec with capacity 35791394133B, used 32212254720B, and remaining 3579139413B is 0.9000000000083819
2023-09-12 21:14:00,795 [main] DEBUG balancer.ContainerBalancerTask (ContainerBalancerTask.java:initializeIteration(398)) - Utilization for node 070e469f-3ca0-45b5-98cf-e8dd24430fdf with capacity 49660559360B, used 39728447488B, and remaining 9932111872B is 0.8
2023-09-12 21:14:00,795 [main] DEBUG balancer.ContainerBalancerTask (ContainerBalancerTask.java:initializeIteration(398)) - Utilization for node 7b2f3d4c-ca25-42f3-b139-78a01c526c80 with capacity 95102847268B, used 66571993088B, and remaining 28530854180B is 0.7000000000042059
2023-09-12 21:14:00,795 [main] DEBUG balancer.ContainerBalancerTask (ContainerBalancerTask.java:initializeIteration(398)) - Utilization for node 3243c23f-eeb9-4746-81d0-9fd5fea8c92c with capacity 80530636800B, used 48318382080B, and remaining 32212254720B is 0.6
2023-09-12 21:14:00,795 [main] DEBUG balancer.ContainerBalancerTask (ContainerBalancerTask.java:initializeIteration(398)) - Utilization for node 9942fb12-d332-42ed-9d6a-3aff0c5b7504 with capacity 79456894976B, used 39728447488B, and remaining 39728447488B is 0.5
2023-09-12 21:14:00,795 [main] DEBUG balancer.ContainerBalancerTask (ContainerBalancerTask.java:initializeIteration(398)) - Utilization for node 6ea9cdb6-40b0-4eeb-9407-c7185c90052b with capacity 72477573120B, used 28991029248B, and remaining 43486543872B is 0.4
2023-09-12 21:14:00,795 [main] DEBUG balancer.ContainerBalancerTask (ContainerBalancerTask.java:initializeIteration(398)) - Utilization for node a2a0e2e7-ae45-4fef-bce6-4d93462c0fc6 with capacity 125269879466B, used 37580963840B, and remaining 87688915626B is 0.30000000000159655
2023-09-12 21:14:00,796 [main] DEBUG balancer.ContainerBalancerTask (ContainerBalancerTask.java:initializeIteration(398)) - Utilization for node 6be0a4b7-0a2f-4016-ae64-0dd4ea836ea4 with capacity 236223201280B, used 47244640256B, and remaining 188978561024B is 0.2
2023-09-12 21:14:00,796 [main] DEBUG balancer.ContainerBalancerTask (ContainerBalancerTask.java:initializeIteration(398)) - Utilization for node 63ed42ec-28e6-4693-a4b8-2f775114e637 with capacity 483183820800B, used 48318382080B, and remaining 434865438720B is 0.1
2023-09-12 21:14:00,796 [main] DEBUG balancer.ContainerBalancerTask (ContainerBalancerTask.java:initializeIteration(398)) - Utilization for node a683902e-022d-4de0-abb8-1cb890a4490a with capacity 23622320128B, used 0B, and remaining 23622320128B is 0.0
2023-09-12 21:14:00,796 [main] INFO  balancer.ContainerBalancerTask (ContainerBalancerTask.java:initializeIteration(443)) - Did not find any unbalanced Datanodes.
2023-09-12 21:14:00,796 [main] INFO  balancer.ContainerBalancerTask (ContainerBalancerTask.java:tryStopWithSaveConfiguration(308)) - Save Configuration for stopping. Reason: Could not initialize ContainerBalancer's iteration number 0
2023-09-12 21:14:00,797 [main] DEBUG balancer.ContainerBalancerTask (ContainerBalancerTask.java:initializeIteration(374)) - Average utilization of the cluster is 0.3033549815943624
2023-09-12 21:14:00,797 [main] DEBUG balancer.ContainerBalancerTask (ContainerBalancerTask.java:initializeIteration(386)) - Lower limit for utilization is -0.08451767665992477 and Upper limit for utilization is 0.6912276398486497
2023-09-12 21:14:00,797 [main] DEBUG balancer.ContainerBalancerTask (ContainerBalancerTask.java:initializeIteration(398)) - Utilization for node 8b7d5063-613d-4d91-a7df-612a126898ec with capacity 35791394133B, used 32212254720B, and remaining 3579139413B is 0.9000000000083819
2023-09-12 21:14:00,797 [main] DEBUG balancer.ContainerBalancerTask (ContainerBalancerTask.java:initializeIteration(398)) - Utilization for node 070e469f-3ca0-45b5-98cf-e8dd24430fdf with capacity 49660559360B, used 39728447488B, and remaining 9932111872B is 0.8
2023-09-12 21:14:00,797 [main] DEBUG balancer.ContainerBalancerTask (ContainerBalancerTask.java:initializeIteration(398)) - Utilization for node 7b2f3d4c-ca25-42f3-b139-78a01c526c80 with capacity 95102847268B, used 66571993088B, and remaining 28530854180B is 0.7000000000042059
2023-09-12 21:14:00,797 [main] DEBUG balancer.ContainerBalancerTask (ContainerBalancerTask.java:initializeIteration(398)) - Utilization for node 3243c23f-eeb9-4746-81d0-9fd5fea8c92c with capacity 80530636800B, used 48318382080B, and remaining 32212254720B is 0.6
2023-09-12 21:14:00,797 [main] DEBUG balancer.ContainerBalancerTask (ContainerBalancerTask.java:initializeIteration(398)) - Utilization for node 9942fb12-d332-42ed-9d6a-3aff0c5b7504 with capacity 79456894976B, used 39728447488B, and remaining 39728447488B is 0.5
2023-09-12 21:14:00,797 [main] DEBUG balancer.ContainerBalancerTask (ContainerBalancerTask.java:initializeIteration(398)) - Utilization for node 6ea9cdb6-40b0-4eeb-9407-c7185c90052b with capacity 72477573120B, used 28991029248B, and remaining 43486543872B is 0.4
2023-09-12 21:14:00,797 [main] DEBUG balancer.ContainerBalancerTask (ContainerBalancerTask.java:initializeIteration(398)) - Utilization for node a2a0e2e7-ae45-4fef-bce6-4d93462c0fc6 with capacity 125269879466B, used 37580963840B, and remaining 87688915626B is 0.30000000000159655
2023-09-12 21:14:00,797 [main] DEBUG balancer.ContainerBalancerTask (ContainerBalancerTask.java:initializeIteration(398)) - Utilization for node 6be0a4b7-0a2f-4016-ae64-0dd4ea836ea4 with capacity 236223201280B, used 47244640256B, and remaining 188978561024B is 0.2
2023-09-12 21:14:00,797 [main] DEBUG balancer.ContainerBalancerTask (ContainerBalancerTask.java:initializeIteration(398)) - Utilization for node 63ed42ec-28e6-4693-a4b8-2f775114e637 with capacity 483183820800B, used 48318382080B, and remaining 434865438720B is 0.1
2023-09-12 21:14:00,798 [main] DEBUG balancer.ContainerBalancerTask (ContainerBalancerTask.java:initializeIteration(398)) - Utilization for node a683902e-022d-4de0-abb8-1cb890a4490a with capacity 23622320128B, used 0B, and remaining 23622320128B is 0.0
2023-09-12 21:14:00,798 [main] INFO  balancer.ContainerBalancerTask (ContainerBalancerTask.java:initializeIteration(447)) - Container Balancer has identified 3 Over-Utilized and 0 Under-Utilized Datanodes that need to be balanced.
2023-09-12 21:14:00,798 [main] DEBUG balancer.ContainerBalancerTask (ContainerBalancerTask.java:lambda$initializeIteration$1(453)) - Datanode localhost-2.101.7.160 8b7d5063-613d-4d91-a7df-612a126898ec is Over-Utilized.
2023-09-12 21:14:00,798 [main] DEBUG balancer.ContainerBalancerTask (ContainerBalancerTask.java:lambda$initializeIteration$1(453)) - Datanode localhost-237.218.167.41 070e469f-3ca0-45b5-98cf-e8dd24430fdf is Over-Utilized.
2023-09-12 21:14:00,798 [main] DEBUG balancer.ContainerBalancerTask (ContainerBalancerTask.java:lambda$initializeIteration$1(453)) - Datanode localhost-244.245.40.170 7b2f3d4c-ca25-42f3-b139-78a01c526c80 is Over-Utilized.
2023-09-12 21:14:00,799 [main] DEBUG balancer.ContainerBalancerTask (ContainerBalancerTask.java:matchSourceWithTarget(708)) - ContainerBalancer is finding suitable target for source datanode 8b7d5063-613d-4d91-a7df-612a126898ec
2023-09-12 21:14:00,800 [main] INFO  balancer.FindTargetGreedyByUsageInfo (AbstractFindTargetGreedy.java:findTargetForContainerMove(133)) - Container Balancer could not find a target for source datanode 8b7d5063-613d-4d91-a7df-612a126898ec
2023-09-12 21:14:00,800 [main] DEBUG balancer.ContainerBalancerTask (ContainerBalancerTask.java:matchSourceWithTarget(717)) - ContainerBalancer could not find a suitable target for source node 8b7d5063-613d-4d91-a7df-612a126898ec.
2023-09-12 21:14:00,801 [main] DEBUG balancer.ContainerBalancerTask (ContainerBalancerTask.java:matchSourceWithTarget(708)) - ContainerBalancer is finding suitable target for source datanode 070e469f-3ca0-45b5-98cf-e8dd24430fdf
2023-09-12 21:14:00,802 [main] INFO  balancer.FindTargetGreedyByUsageInfo (AbstractFindTargetGreedy.java:findTargetForContainerMove(133)) - Container Balancer could not find a target for source datanode 070e469f-3ca0-45b5-98cf-e8dd24430fdf
2023-09-12 21:14:00,802 [main] DEBUG balancer.ContainerBalancerTask (ContainerBalancerTask.java:matchSourceWithTarget(717)) - ContainerBalancer could not find a suitable target for source node 070e469f-3ca0-45b5-98cf-e8dd24430fdf.
2023-09-12 21:14:00,806 [main] DEBUG balancer.ContainerBalancerTask (ContainerBalancerTask.java:matchSourceWithTarget(708)) - ContainerBalancer is finding suitable target for source datanode 7b2f3d4c-ca25-42f3-b139-78a01c526c80
2023-09-12 21:14:00,806 [main] INFO  balancer.FindTargetGreedyByUsageInfo (AbstractFindTargetGreedy.java:findTargetForContainerMove(133)) - Container Balancer could not find a target for source datanode 7b2f3d4c-ca25-42f3-b139-78a01c526c80
2023-09-12 21:14:00,806 [main] DEBUG balancer.ContainerBalancerTask (ContainerBalancerTask.java:matchSourceWithTarget(717)) - ContainerBalancer could not find a suitable target for source node 7b2f3d4c-ca25-42f3-b139-78a01c526c80.
2023-09-12 21:14:00,806 [main] INFO  balancer.FindSourceGreedy (FindSourceGreedy.java:getNextCandidateSourceDataNode(126)) - no more candidate source data node
2023-09-12 21:14:00,806 [main] INFO  balancer.ContainerBalancerTask (ContainerBalancerTask.java:balance(259)) - Result of this iteration of Container Balancer: CAN_NOT_BALANCE_ANY_MORE
2023-09-12 21:14:00,806 [main] INFO  balancer.ContainerBalancerTask (ContainerBalancerTask.java:tryStopWithSaveConfiguration(308)) - Save Configuration for stopping. Reason: CAN_NOT_BALANCE_ANY_MORE
2023-09-12 21:14:00,807 [main] DEBUG balancer.ContainerBalancerTask (ContainerBalancerTask.java:initializeIteration(374)) - Average utilization of the cluster is 0.3033549815943624
2023-09-12 21:14:00,807 [main] DEBUG balancer.ContainerBalancerTask (ContainerBalancerTask.java:initializeIteration(386)) - Lower limit for utilization is -0.47830657889020217 and Upper limit for utilization is 1.085016542078927
2023-09-12 21:14:00,807 [main] DEBUG balancer.ContainerBalancerTask (ContainerBalancerTask.java:initializeIteration(398)) - Utilization for node 8b7d5063-613d-4d91-a7df-612a126898ec with capacity 35791394133B, used 32212254720B, and remaining 3579139413B is 0.9000000000083819
2023-09-12 21:14:00,807 [main] DEBUG balancer.ContainerBalancerTask (ContainerBalancerTask.java:initializeIteration(398)) - Utilization for node 070e469f-3ca0-45b5-98cf-e8dd24430fdf with capacity 49660559360B, used 39728447488B, and remaining 9932111872B is 0.8
2023-09-12 21:14:00,807 [main] DEBUG balancer.ContainerBalancerTask (ContainerBalancerTask.java:initializeIteration(398)) - Utilization for node 7b2f3d4c-ca25-42f3-b139-78a01c526c80 with capacity 95102847268B, used 66571993088B, and remaining 28530854180B is 0.7000000000042059
2023-09-12 21:14:00,807 [main] DEBUG balancer.ContainerBalancerTask (ContainerBalancerTask.java:initializeIteration(398)) - Utilization for node 3243c23f-eeb9-4746-81d0-9fd5fea8c92c with capacity 80530636800B, used 48318382080B, and remaining 32212254720B is 0.6
2023-09-12 21:14:00,807 [main] DEBUG balancer.ContainerBalancerTask (ContainerBalancerTask.java:initializeIteration(398)) - Utilization for node 9942fb12-d332-42ed-9d6a-3aff0c5b7504 with capacity 79456894976B, used 39728447488B, and remaining 39728447488B is 0.5
2023-09-12 21:14:00,807 [main] DEBUG balancer.ContainerBalancerTask (ContainerBalancerTask.java:initializeIteration(398)) - Utilization for node 6ea9cdb6-40b0-4eeb-9407-c7185c90052b with capacity 72477573120B, used 28991029248B, and remaining 43486543872B is 0.4
2023-09-12 21:14:00,807 [main] DEBUG balancer.ContainerBalancerTask (ContainerBalancerTask.java:initializeIteration(398)) - Utilization for node a2a0e2e7-ae45-4fef-bce6-4d93462c0fc6 with capacity 125269879466B, used 37580963840B, and remaining 87688915626B is 0.30000000000159655
2023-09-12 21:14:00,808 [main] DEBUG balancer.ContainerBalancerTask (ContainerBalancerTask.java:initializeIteration(398)) - Utilization for node 6be0a4b7-0a2f-4016-ae64-0dd4ea836ea4 with capacity 236223201280B, used 47244640256B, and remaining 188978561024B is 0.2
2023-09-12 21:14:00,808 [main] DEBUG balancer.ContainerBalancerTask (ContainerBalancerTask.java:initializeIteration(398)) - Utilization for node 63ed42ec-28e6-4693-a4b8-2f775114e637 with capacity 483183820800B, used 48318382080B, and remaining 434865438720B is 0.1
2023-09-12 21:14:00,808 [main] DEBUG balancer.ContainerBalancerTask (ContainerBalancerTask.java:initializeIteration(398)) - Utilization for node a683902e-022d-4de0-abb8-1cb890a4490a with capacity 23622320128B, used 0B, and remaining 23622320128B is 0.0
2023-09-12 21:14:00,808 [main] INFO  balancer.ContainerBalancerTask (ContainerBalancerTask.java:initializeIteration(443)) - Did not find any unbalanced Datanodes.
2023-09-12 21:14:00,808 [main] INFO  balancer.ContainerBalancerTask (ContainerBalancerTask.java:tryStopWithSaveConfiguration(308)) - Save Configuration for stopping. Reason: Could not initialize ContainerBalancer's iteration number 0
2023-09-12 21:14:00,809 [main] DEBUG balancer.ContainerBalancerTask (ContainerBalancerTask.java:initializeIteration(374)) - Average utilization of the cluster is 0.3033549815943624
2023-09-12 21:14:00,809 [main] DEBUG balancer.ContainerBalancerTask (ContainerBalancerTask.java:initializeIteration(386)) - Lower limit for utilization is -0.5320358155173066 and Upper limit for utilization is 1.1387457787060313
2023-09-12 21:14:00,809 [main] DEBUG balancer.ContainerBalancerTask (ContainerBalancerTask.java:initializeIteration(398)) - Utilization for node 8b7d5063-613d-4d91-a7df-612a126898ec with capacity 35791394133B, used 32212254720B, and remaining 3579139413B is 0.9000000000083819
2023-09-12 21:14:00,809 [main] DEBUG balancer.ContainerBalancerTask (ContainerBalancerTask.java:initializeIteration(398)) - Utilization for node 070e469f-3ca0-45b5-98cf-e8dd24430fdf with capacity 49660559360B, used 39728447488B, and remaining 9932111872B is 0.8
2023-09-12 21:14:00,809 [main] DEBUG balancer.ContainerBalancerTask (ContainerBalancerTask.java:initializeIteration(398)) - Utilization for node 7b2f3d4c-ca25-42f3-b139-78a01c526c80 with capacity 95102847268B, used 66571993088B, and remaining 28530854180B is 0.7000000000042059
2023-09-12 21:14:00,809 [main] DEBUG balancer.ContainerBalancerTask (ContainerBalancerTask.java:initializeIteration(398)) - Utilization for node 3243c23f-eeb9-4746-81d0-9fd5fea8c92c with capacity 80530636800B, used 48318382080B, and remaining 32212254720B is 0.6
2023-09-12 21:14:00,809 [main] DEBUG balancer.ContainerBalancerTask (ContainerBalancerTask.java:initializeIteration(398)) - Utilization for node 9942fb12-d332-42ed-9d6a-3aff0c5b7504 with capacity 79456894976B, used 39728447488B, and remaining 39728447488B is 0.5
2023-09-12 21:14:00,809 [main] DEBUG balancer.ContainerBalancerTask (ContainerBalancerTask.java:initializeIteration(398)) - Utilization for node 6ea9cdb6-40b0-4eeb-9407-c7185c90052b with capacity 72477573120B, used 28991029248B, and remaining 43486543872B is 0.4
2023-09-12 21:14:00,809 [main] DEBUG balancer.ContainerBalancerTask (ContainerBalancerTask.java:initializeIteration(398)) - Utilization for node a2a0e2e7-ae45-4fef-bce6-4d93462c0fc6 with capacity 125269879466B, used 37580963840B, and remaining 87688915626B is 0.30000000000159655
2023-09-12 21:14:00,809 [main] DEBUG balancer.ContainerBalancerTask (ContainerBalancerTask.java:initializeIteration(398)) - Utilization for node 6be0a4b7-0a2f-4016-ae64-0dd4ea836ea4 with capacity 236223201280B, used 47244640256B, and remaining 188978561024B is 0.2
2023-09-12 21:14:00,809 [main] DEBUG balancer.ContainerBalancerTask (ContainerBalancerTask.java:initializeIteration(398)) - Utilization for node 63ed42ec-28e6-4693-a4b8-2f775114e637 with capacity 483183820800B, used 48318382080B, and remaining 434865438720B is 0.1
2023-09-12 21:14:00,810 [main] DEBUG balancer.ContainerBalancerTask (ContainerBalancerTask.java:initializeIteration(398)) - Utilization for node a683902e-022d-4de0-abb8-1cb890a4490a with capacity 23622320128B, used 0B, and remaining 23622320128B is 0.0
2023-09-12 21:14:00,810 [main] INFO  balancer.ContainerBalancerTask (ContainerBalancerTask.java:initializeIteration(443)) - Did not find any unbalanced Datanodes.
2023-09-12 21:14:00,810 [main] INFO  balancer.ContainerBalancerTask (ContainerBalancerTask.java:tryStopWithSaveConfiguration(308)) - Save Configuration for stopping. Reason: Could not initialize ContainerBalancer's iteration number 0
2023-09-12 21:14:00,810 [main] DEBUG balancer.ContainerBalancerTask (ContainerBalancerTask.java:initializeIteration(374)) - Average utilization of the cluster is 0.3033549815943624
2023-09-12 21:14:00,810 [main] DEBUG balancer.ContainerBalancerTask (ContainerBalancerTask.java:initializeIteration(386)) - Lower limit for utilization is -0.4805080265233998 and Upper limit for utilization is 1.0872179897121246
2023-09-12 21:14:00,811 [main] DEBUG balancer.ContainerBalancerTask (ContainerBalancerTask.java:initializeIteration(398)) - Utilization for node 8b7d5063-613d-4d91-a7df-612a126898ec with capacity 35791394133B, used 32212254720B, and remaining 3579139413B is 0.9000000000083819
2023-09-12 21:14:00,811 [main] DEBUG balancer.ContainerBalancerTask (ContainerBalancerTask.java:initializeIteration(398)) - Utilization for node 070e469f-3ca0-45b5-98cf-e8dd24430fdf with capacity 49660559360B, used 39728447488B, and remaining 9932111872B is 0.8
2023-09-12 21:14:00,811 [main] DEBUG balancer.ContainerBalancerTask (ContainerBalancerTask.java:initializeIteration(398)) - Utilization for node 7b2f3d4c-ca25-42f3-b139-78a01c526c80 with capacity 95102847268B, used 66571993088B, and remaining 28530854180B is 0.7000000000042059
2023-09-12 21:14:00,811 [main] DEBUG balancer.ContainerBalancerTask (ContainerBalancerTask.java:initializeIteration(398)) - Utilization for node 3243c23f-eeb9-4746-81d0-9fd5fea8c92c with capacity 80530636800B, used 48318382080B, and remaining 32212254720B is 0.6
2023-09-12 21:14:00,811 [main] DEBUG balancer.ContainerBalancerTask (ContainerBalancerTask.java:initializeIteration(398)) - Utilization for node 9942fb12-d332-42ed-9d6a-3aff0c5b7504 with capacity 79456894976B, used 39728447488B, and remaining 39728447488B is 0.5
2023-09-12 21:14:00,811 [main] DEBUG balancer.ContainerBalancerTask (ContainerBalancerTask.java:initializeIteration(398)) - Utilization for node 6ea9cdb6-40b0-4eeb-9407-c7185c90052b with capacity 72477573120B, used 28991029248B, and remaining 43486543872B is 0.4
2023-09-12 21:14:00,811 [main] DEBUG balancer.ContainerBalancerTask (ContainerBalancerTask.java:initializeIteration(398)) - Utilization for node a2a0e2e7-ae45-4fef-bce6-4d93462c0fc6 with capacity 125269879466B, used 37580963840B, and remaining 87688915626B is 0.30000000000159655
2023-09-12 21:14:00,811 [main] DEBUG balancer.ContainerBalancerTask (ContainerBalancerTask.java:initializeIteration(398)) - Utilization for node 6be0a4b7-0a2f-4016-ae64-0dd4ea836ea4 with capacity 236223201280B, used 47244640256B, and remaining 188978561024B is 0.2
2023-09-12 21:14:00,811 [main] DEBUG balancer.ContainerBalancerTask (ContainerBalancerTask.java:initializeIteration(398)) - Utilization for node 63ed42ec-28e6-4693-a4b8-2f775114e637 with capacity 483183820800B, used 48318382080B, and remaining 434865438720B is 0.1
2023-09-12 21:14:00,811 [main] DEBUG balancer.ContainerBalancerTask (ContainerBalancerTask.java:initializeIteration(398)) - Utilization for node a683902e-022d-4de0-abb8-1cb890a4490a with capacity 23622320128B, used 0B, and remaining 23622320128B is 0.0
2023-09-12 21:14:00,811 [main] INFO  balancer.ContainerBalancerTask (ContainerBalancerTask.java:initializeIteration(443)) - Did not find any unbalanced Datanodes.
2023-09-12 21:14:00,811 [main] INFO  balancer.ContainerBalancerTask (ContainerBalancerTask.java:tryStopWithSaveConfiguration(308)) - Save Configuration for stopping. Reason: Could not initialize ContainerBalancer's iteration number 0
2023-09-12 21:14:00,812 [main] DEBUG balancer.ContainerBalancerTask (ContainerBalancerTask.java:initializeIteration(374)) - Average utilization of the cluster is 0.3033549815943624
2023-09-12 21:14:00,812 [main] DEBUG balancer.ContainerBalancerTask (ContainerBalancerTask.java:initializeIteration(386)) - Lower limit for utilization is -0.38520532362943966 and Upper limit for utilization is 0.9919152868181644
2023-09-12 21:14:00,812 [main] DEBUG balancer.ContainerBalancerTask (ContainerBalancerTask.java:initializeIteration(398)) - Utilization for node 8b7d5063-613d-4d91-a7df-612a126898ec with capacity 35791394133B, used 32212254720B, and remaining 3579139413B is 0.9000000000083819
2023-09-12 21:14:00,812 [main] DEBUG balancer.ContainerBalancerTask (ContainerBalancerTask.java:initializeIteration(398)) - Utilization for node 070e469f-3ca0-45b5-98cf-e8dd24430fdf with capacity 49660559360B, used 39728447488B, and remaining 9932111872B is 0.8
2023-09-12 21:14:00,812 [main] DEBUG balancer.ContainerBalancerTask (ContainerBalancerTask.java:initializeIteration(398)) - Utilization for node 7b2f3d4c-ca25-42f3-b139-78a01c526c80 with capacity 95102847268B, used 66571993088B, and remaining 28530854180B is 0.7000000000042059
2023-09-12 21:14:00,813 [main] DEBUG balancer.ContainerBalancerTask (ContainerBalancerTask.java:initializeIteration(398)) - Utilization for node 3243c23f-eeb9-4746-81d0-9fd5fea8c92c with capacity 80530636800B, used 48318382080B, and remaining 32212254720B is 0.6
2023-09-12 21:14:00,813 [main] DEBUG balancer.ContainerBalancerTask (ContainerBalancerTask.java:initializeIteration(398)) - Utilization for node 9942fb12-d332-42ed-9d6a-3aff0c5b7504 with capacity 79456894976B, used 39728447488B, and remaining 39728447488B is 0.5
2023-09-12 21:14:00,813 [main] DEBUG balancer.ContainerBalancerTask (ContainerBalancerTask.java:initializeIteration(398)) - Utilization for node 6ea9cdb6-40b0-4eeb-9407-c7185c90052b with capacity 72477573120B, used 28991029248B, and remaining 43486543872B is 0.4
2023-09-12 21:14:00,813 [main] DEBUG balancer.ContainerBalancerTask (ContainerBalancerTask.java:initializeIteration(398)) - Utilization for node a2a0e2e7-ae45-4fef-bce6-4d93462c0fc6 with capacity 125269879466B, used 37580963840B, and remaining 87688915626B is 0.30000000000159655
2023-09-12 21:14:00,813 [main] DEBUG balancer.ContainerBalancerTask (ContainerBalancerTask.java:initializeIteration(398)) - Utilization for node 6be0a4b7-0a2f-4016-ae64-0dd4ea836ea4 with capacity 236223201280B, used 47244640256B, and remaining 188978561024B is 0.2
2023-09-12 21:14:00,813 [main] DEBUG balancer.ContainerBalancerTask (ContainerBalancerTask.java:initializeIteration(398)) - Utilization for node 63ed42ec-28e6-4693-a4b8-2f775114e637 with capacity 483183820800B, used 48318382080B, and remaining 434865438720B is 0.1
2023-09-12 21:14:00,813 [main] DEBUG balancer.ContainerBalancerTask (ContainerBalancerTask.java:initializeIteration(398)) - Utilization for node a683902e-022d-4de0-abb8-1cb890a4490a with capacity 23622320128B, used 0B, and remaining 23622320128B is 0.0
2023-09-12 21:14:00,813 [main] INFO  balancer.ContainerBalancerTask (ContainerBalancerTask.java:initializeIteration(443)) - Did not find any unbalanced Datanodes.
2023-09-12 21:14:00,814 [main] INFO  balancer.ContainerBalancerTask (ContainerBalancerTask.java:tryStopWithSaveConfiguration(308)) - Save Configuration for stopping. Reason: Could not initialize ContainerBalancer's iteration number 0
2023-09-12 21:14:00,814 [main] DEBUG balancer.ContainerBalancerTask (ContainerBalancerTask.java:initializeIteration(374)) - Average utilization of the cluster is 0.3033549815943624
2023-09-12 21:14:00,814 [main] DEBUG balancer.ContainerBalancerTask (ContainerBalancerTask.java:initializeIteration(386)) - Lower limit for utilization is -0.38298273164007596 and Upper limit for utilization is 0.9896926948288007
2023-09-12 21:14:00,814 [main] DEBUG balancer.ContainerBalancerTask (ContainerBalancerTask.java:initializeIteration(398)) - Utilization for node 8b7d5063-613d-4d91-a7df-612a126898ec with capacity 35791394133B, used 32212254720B, and remaining 3579139413B is 0.9000000000083819
2023-09-12 21:14:00,815 [main] DEBUG balancer.ContainerBalancerTask (ContainerBalancerTask.java:initializeIteration(398)) - Utilization for node 070e469f-3ca0-45b5-98cf-e8dd24430fdf with capacity 49660559360B, used 39728447488B, and remaining 9932111872B is 0.8
2023-09-12 21:14:00,815 [main] DEBUG balancer.ContainerBalancerTask (ContainerBalancerTask.java:initializeIteration(398)) - Utilization for node 7b2f3d4c-ca25-42f3-b139-78a01c526c80 with capacity 95102847268B, used 66571993088B, and remaining 28530854180B is 0.7000000000042059
2023-09-12 21:14:00,815 [main] DEBUG balancer.ContainerBalancerTask (ContainerBalancerTask.java:initializeIteration(398)) - Utilization for node 3243c23f-eeb9-4746-81d0-9fd5fea8c92c with capacity 80530636800B, used 48318382080B, and remaining 32212254720B is 0.6
2023-09-12 21:14:00,815 [main] DEBUG balancer.ContainerBalancerTask (ContainerBalancerTask.java:initializeIteration(398)) - Utilization for node 9942fb12-d332-42ed-9d6a-3aff0c5b7504 with capacity 79456894976B, used 39728447488B, and remaining 39728447488B is 0.5
2023-09-12 21:14:00,815 [main] DEBUG balancer.ContainerBalancerTask (ContainerBalancerTask.java:initializeIteration(398)) - Utilization for node 6ea9cdb6-40b0-4eeb-9407-c7185c90052b with capacity 72477573120B, used 28991029248B, and remaining 43486543872B is 0.4
2023-09-12 21:14:00,815 [main] DEBUG balancer.ContainerBalancerTask (ContainerBalancerTask.java:initializeIteration(398)) - Utilization for node a2a0e2e7-ae45-4fef-bce6-4d93462c0fc6 with capacity 125269879466B, used 37580963840B, and remaining 87688915626B is 0.30000000000159655
2023-09-12 21:14:00,815 [main] DEBUG balancer.ContainerBalancerTask (ContainerBalancerTask.java:initializeIteration(398)) - Utilization for node 6be0a4b7-0a2f-4016-ae64-0dd4ea836ea4 with capacity 236223201280B, used 47244640256B, and remaining 188978561024B is 0.2
2023-09-12 21:14:00,815 [main] DEBUG balancer.ContainerBalancerTask (ContainerBalancerTask.java:initializeIteration(398)) - Utilization for node 63ed42ec-28e6-4693-a4b8-2f775114e637 with capacity 483183820800B, used 48318382080B, and remaining 434865438720B is 0.1
2023-09-12 21:14:00,815 [main] DEBUG balancer.ContainerBalancerTask (ContainerBalancerTask.java:initializeIteration(398)) - Utilization for node a683902e-022d-4de0-abb8-1cb890a4490a with capacity 23622320128B, used 0B, and remaining 23622320128B is 0.0
2023-09-12 21:14:00,815 [main] INFO  balancer.ContainerBalancerTask (ContainerBalancerTask.java:initializeIteration(443)) - Did not find any unbalanced Datanodes.
2023-09-12 21:14:00,815 [main] INFO  balancer.ContainerBalancerTask (ContainerBalancerTask.java:tryStopWithSaveConfiguration(308)) - Save Configuration for stopping. Reason: Could not initialize ContainerBalancer's iteration number 0
2023-09-12 21:14:00,816 [main] DEBUG balancer.ContainerBalancerTask (ContainerBalancerTask.java:initializeIteration(374)) - Average utilization of the cluster is 0.3033549815943624
2023-09-12 21:14:00,816 [main] DEBUG balancer.ContainerBalancerTask (ContainerBalancerTask.java:initializeIteration(386)) - Lower limit for utilization is -0.2678309067830506 and Upper limit for utilization is 0.8745408699717754
2023-09-12 21:14:00,816 [main] DEBUG balancer.ContainerBalancerTask (ContainerBalancerTask.java:initializeIteration(398)) - Utilization for node 8b7d5063-613d-4d91-a7df-612a126898ec with capacity 35791394133B, used 32212254720B, and remaining 3579139413B is 0.9000000000083819
2023-09-12 21:14:00,816 [main] DEBUG balancer.ContainerBalancerTask (ContainerBalancerTask.java:initializeIteration(398)) - Utilization for node 070e469f-3ca0-45b5-98cf-e8dd24430fdf with capacity 49660559360B, used 39728447488B, and remaining 9932111872B is 0.8
2023-09-12 21:14:00,816 [main] DEBUG balancer.ContainerBalancerTask (ContainerBalancerTask.java:initializeIteration(398)) - Utilization for node 7b2f3d4c-ca25-42f3-b139-78a01c526c80 with capacity 95102847268B, used 66571993088B, and remaining 28530854180B is 0.7000000000042059
2023-09-12 21:14:00,816 [main] DEBUG balancer.ContainerBalancerTask (ContainerBalancerTask.java:initializeIteration(398)) - Utilization for node 3243c23f-eeb9-4746-81d0-9fd5fea8c92c with capacity 80530636800B, used 48318382080B, and remaining 32212254720B is 0.6
2023-09-12 21:14:00,817 [main] DEBUG balancer.ContainerBalancerTask (ContainerBalancerTask.java:initializeIteration(398)) - Utilization for node 9942fb12-d332-42ed-9d6a-3aff0c5b7504 with capacity 79456894976B, used 39728447488B, and remaining 39728447488B is 0.5
2023-09-12 21:14:00,817 [main] DEBUG balancer.ContainerBalancerTask (ContainerBalancerTask.java:initializeIteration(398)) - Utilization for node 6ea9cdb6-40b0-4eeb-9407-c7185c90052b with capacity 72477573120B, used 28991029248B, and remaining 43486543872B is 0.4
2023-09-12 21:14:00,817 [main] DEBUG balancer.ContainerBalancerTask (ContainerBalancerTask.java:initializeIteration(398)) - Utilization for node a2a0e2e7-ae45-4fef-bce6-4d93462c0fc6 with capacity 125269879466B, used 37580963840B, and remaining 87688915626B is 0.30000000000159655
2023-09-12 21:14:00,817 [main] DEBUG balancer.ContainerBalancerTask (ContainerBalancerTask.java:initializeIteration(398)) - Utilization for node 6be0a4b7-0a2f-4016-ae64-0dd4ea836ea4 with capacity 236223201280B, used 47244640256B, and remaining 188978561024B is 0.2
2023-09-12 21:14:00,817 [main] DEBUG balancer.ContainerBalancerTask (ContainerBalancerTask.java:initializeIteration(398)) - Utilization for node 63ed42ec-28e6-4693-a4b8-2f775114e637 with capacity 483183820800B, used 48318382080B, and remaining 434865438720B is 0.1
2023-09-12 21:14:00,817 [main] DEBUG balancer.ContainerBalancerTask (ContainerBalancerTask.java:initializeIteration(398)) - Utilization for node a683902e-022d-4de0-abb8-1cb890a4490a with capacity 23622320128B, used 0B, and remaining 23622320128B is 0.0
2023-09-12 21:14:00,817 [main] INFO  balancer.ContainerBalancerTask (ContainerBalancerTask.java:initializeIteration(447)) - Container Balancer has identified 1 Over-Utilized and 0 Under-Utilized Datanodes that need to be balanced.
2023-09-12 21:14:00,817 [main] DEBUG balancer.ContainerBalancerTask (ContainerBalancerTask.java:lambda$initializeIteration$1(453)) - Datanode localhost-2.101.7.160 8b7d5063-613d-4d91-a7df-612a126898ec is Over-Utilized.
2023-09-12 21:14:00,819 [main] DEBUG balancer.ContainerBalancerTask (ContainerBalancerTask.java:matchSourceWithTarget(708)) - ContainerBalancer is finding suitable target for source datanode 8b7d5063-613d-4d91-a7df-612a126898ec
2023-09-12 21:14:00,819 [main] INFO  balancer.FindTargetGreedyByUsageInfo (AbstractFindTargetGreedy.java:findTargetForContainerMove(133)) - Container Balancer could not find a target for source datanode 8b7d5063-613d-4d91-a7df-612a126898ec
2023-09-12 21:14:00,819 [main] DEBUG balancer.ContainerBalancerTask (ContainerBalancerTask.java:matchSourceWithTarget(717)) - ContainerBalancer could not find a suitable target for source node 8b7d5063-613d-4d91-a7df-612a126898ec.
2023-09-12 21:14:00,819 [main] INFO  balancer.FindSourceGreedy (FindSourceGreedy.java:getNextCandidateSourceDataNode(126)) - no more candidate source data node
2023-09-12 21:14:00,819 [main] INFO  balancer.ContainerBalancerTask (ContainerBalancerTask.java:balance(259)) - Result of this iteration of Container Balancer: CAN_NOT_BALANCE_ANY_MORE
2023-09-12 21:14:00,819 [main] INFO  balancer.ContainerBalancerTask (ContainerBalancerTask.java:tryStopWithSaveConfiguration(308)) - Save Configuration for stopping. Reason: CAN_NOT_BALANCE_ANY_MORE
2023-09-12 21:14:00,820 [main] DEBUG balancer.ContainerBalancerTask (ContainerBalancerTask.java:initializeIteration(374)) - Average utilization of the cluster is 0.3033549815943624
2023-09-12 21:14:00,820 [main] DEBUG balancer.ContainerBalancerTask (ContainerBalancerTask.java:initializeIteration(386)) - Lower limit for utilization is 0.08797960945033262 and Upper limit for utilization is 0.5187303537383923
2023-09-12 21:14:00,820 [main] DEBUG balancer.ContainerBalancerTask (ContainerBalancerTask.java:initializeIteration(398)) - Utilization for node 8b7d5063-613d-4d91-a7df-612a126898ec with capacity 35791394133B, used 32212254720B, and remaining 3579139413B is 0.9000000000083819
2023-09-12 21:14:00,820 [main] DEBUG balancer.ContainerBalancerTask (ContainerBalancerTask.java:initializeIteration(398)) - Utilization for node 070e469f-3ca0-45b5-98cf-e8dd24430fdf with capacity 49660559360B, used 39728447488B, and remaining 9932111872B is 0.8
2023-09-12 21:14:00,820 [main] DEBUG balancer.ContainerBalancerTask (ContainerBalancerTask.java:initializeIteration(398)) - Utilization for node 7b2f3d4c-ca25-42f3-b139-78a01c526c80 with capacity 95102847268B, used 66571993088B, and remaining 28530854180B is 0.7000000000042059
2023-09-12 21:14:00,820 [main] DEBUG balancer.ContainerBalancerTask (ContainerBalancerTask.java:initializeIteration(398)) - Utilization for node 3243c23f-eeb9-4746-81d0-9fd5fea8c92c with capacity 80530636800B, used 48318382080B, and remaining 32212254720B is 0.6
2023-09-12 21:14:00,821 [main] DEBUG balancer.ContainerBalancerTask (ContainerBalancerTask.java:initializeIteration(398)) - Utilization for node 9942fb12-d332-42ed-9d6a-3aff0c5b7504 with capacity 79456894976B, used 39728447488B, and remaining 39728447488B is 0.5
2023-09-12 21:14:00,821 [main] DEBUG balancer.ContainerBalancerTask (ContainerBalancerTask.java:initializeIteration(398)) - Utilization for node 6ea9cdb6-40b0-4eeb-9407-c7185c90052b with capacity 72477573120B, used 28991029248B, and remaining 43486543872B is 0.4
2023-09-12 21:14:00,821 [main] DEBUG balancer.ContainerBalancerTask (ContainerBalancerTask.java:initializeIteration(398)) - Utilization for node a2a0e2e7-ae45-4fef-bce6-4d93462c0fc6 with capacity 125269879466B, used 37580963840B, and remaining 87688915626B is 0.30000000000159655
2023-09-12 21:14:00,821 [main] DEBUG balancer.ContainerBalancerTask (ContainerBalancerTask.java:initializeIteration(398)) - Utilization for node 6be0a4b7-0a2f-4016-ae64-0dd4ea836ea4 with capacity 236223201280B, used 47244640256B, and remaining 188978561024B is 0.2
2023-09-12 21:14:00,821 [main] DEBUG balancer.ContainerBalancerTask (ContainerBalancerTask.java:initializeIteration(398)) - Utilization for node 63ed42ec-28e6-4693-a4b8-2f775114e637 with capacity 483183820800B, used 48318382080B, and remaining 434865438720B is 0.1
2023-09-12 21:14:00,821 [main] DEBUG balancer.ContainerBalancerTask (ContainerBalancerTask.java:initializeIteration(398)) - Utilization for node a683902e-022d-4de0-abb8-1cb890a4490a with capacity 23622320128B, used 0B, and remaining 23622320128B is 0.0
2023-09-12 21:14:00,821 [main] INFO  balancer.ContainerBalancerTask (ContainerBalancerTask.java:initializeIteration(447)) - Container Balancer has identified 4 Over-Utilized and 1 Under-Utilized Datanodes that need to be balanced.
2023-09-12 21:14:00,821 [main] DEBUG balancer.ContainerBalancerTask (ContainerBalancerTask.java:lambda$initializeIteration$1(453)) - Datanode localhost-2.101.7.160 8b7d5063-613d-4d91-a7df-612a126898ec is Over-Utilized.
2023-09-12 21:14:00,821 [main] DEBUG balancer.ContainerBalancerTask (ContainerBalancerTask.java:lambda$initializeIteration$1(453)) - Datanode localhost-237.218.167.41 070e469f-3ca0-45b5-98cf-e8dd24430fdf is Over-Utilized.
2023-09-12 21:14:00,821 [main] DEBUG balancer.ContainerBalancerTask (ContainerBalancerTask.java:lambda$initializeIteration$1(453)) - Datanode localhost-244.245.40.170 7b2f3d4c-ca25-42f3-b139-78a01c526c80 is Over-Utilized.
2023-09-12 21:14:00,821 [main] DEBUG balancer.ContainerBalancerTask (ContainerBalancerTask.java:lambda$initializeIteration$1(453)) - Datanode localhost-233.178.191.166 3243c23f-eeb9-4746-81d0-9fd5fea8c92c is Over-Utilized.
2023-09-12 21:14:00,822 [main] DEBUG balancer.ContainerBalancerTask (ContainerBalancerTask.java:lambda$initializeIteration$2(459)) - Datanode localhost-32.56.199.203 a683902e-022d-4de0-abb8-1cb890a4490a is Under-Utilized.
2023-09-12 21:14:00,823 [main] DEBUG balancer.ContainerBalancerTask (ContainerBalancerTask.java:matchSourceWithTarget(708)) - ContainerBalancer is finding suitable target for source datanode 8b7d5063-613d-4d91-a7df-612a126898ec
2023-09-12 21:14:00,824 [main] INFO  balancer.ContainerBalancerTask (ContainerBalancerTask.java:matchSourceWithTarget(722)) - ContainerBalancer matched source datanode 8b7d5063-613d-4d91-a7df-612a126898ec with target datanode a683902e-022d-4de0-abb8-1cb890a4490a for container move.
2023-09-12 21:14:00,824 [main] INFO  balancer.ContainerBalancerTask (ContainerBalancerTask.java:processMoveSelection(569)) - ContainerBalancer is trying to move container #85 with size 5368709120B from source datanode 8b7d5063-613d-4d91-a7df-612a126898ec to target datanode a683902e-022d-4de0-abb8-1cb890a4490a
2023-09-12 21:14:00,827 [main] DEBUG balancer.ContainerBalancerTask (ContainerBalancerTask.java:lambda$moveContainer$3(837)) - Container move completed for container #85 from source 8b7d5063-613d-4d91-a7df-612a126898ec to target a683902e-022d-4de0-abb8-1cb890a4490a
2023-09-12 21:14:00,829 [main] DEBUG balancer.ContainerBalancerTask (ContainerBalancerTask.java:matchSourceWithTarget(708)) - ContainerBalancer is finding suitable target for source datanode 070e469f-3ca0-45b5-98cf-e8dd24430fdf
2023-09-12 21:14:00,830 [main] INFO  balancer.ContainerBalancerTask (ContainerBalancerTask.java:matchSourceWithTarget(722)) - ContainerBalancer matched source datanode 070e469f-3ca0-45b5-98cf-e8dd24430fdf with target datanode a683902e-022d-4de0-abb8-1cb890a4490a for container move.
2023-09-12 21:14:00,830 [main] INFO  balancer.ContainerBalancerTask (ContainerBalancerTask.java:processMoveSelection(569)) - ContainerBalancer is trying to move container #68 with size 5368709120B from source datanode 070e469f-3ca0-45b5-98cf-e8dd24430fdf to target datanode a683902e-022d-4de0-abb8-1cb890a4490a
2023-09-12 21:14:00,830 [main] DEBUG balancer.ContainerBalancerTask (ContainerBalancerTask.java:lambda$moveContainer$3(837)) - Container move completed for container #68 from source 070e469f-3ca0-45b5-98cf-e8dd24430fdf to target a683902e-022d-4de0-abb8-1cb890a4490a
2023-09-12 21:14:00,832 [main] DEBUG balancer.ContainerBalancerTask (ContainerBalancerTask.java:matchSourceWithTarget(708)) - ContainerBalancer is finding suitable target for source datanode 8b7d5063-613d-4d91-a7df-612a126898ec
2023-09-12 21:14:00,833 [main] INFO  balancer.ContainerBalancerTask (ContainerBalancerTask.java:matchSourceWithTarget(722)) - ContainerBalancer matched source datanode 8b7d5063-613d-4d91-a7df-612a126898ec with target datanode a683902e-022d-4de0-abb8-1cb890a4490a for container move.
2023-09-12 21:14:00,833 [main] INFO  balancer.ContainerBalancerTask (ContainerBalancerTask.java:processMoveSelection(569)) - ContainerBalancer is trying to move container #86 with size 1073741824B from source datanode 8b7d5063-613d-4d91-a7df-612a126898ec to target datanode a683902e-022d-4de0-abb8-1cb890a4490a
2023-09-12 21:14:00,833 [main] DEBUG balancer.ContainerBalancerTask (ContainerBalancerTask.java:lambda$moveContainer$3(837)) - Container move completed for container #86 from source 8b7d5063-613d-4d91-a7df-612a126898ec to target a683902e-022d-4de0-abb8-1cb890a4490a
2023-09-12 21:14:00,835 [main] DEBUG balancer.ContainerBalancerTask (ContainerBalancerTask.java:matchSourceWithTarget(708)) - ContainerBalancer is finding suitable target for source datanode 8b7d5063-613d-4d91-a7df-612a126898ec
2023-09-12 21:14:00,835 [main] INFO  balancer.FindTargetGreedyByUsageInfo (AbstractFindTargetGreedy.java:findTargetForContainerMove(133)) - Container Balancer could not find a target for source datanode 8b7d5063-613d-4d91-a7df-612a126898ec
2023-09-12 21:14:00,836 [main] DEBUG balancer.ContainerBalancerTask (ContainerBalancerTask.java:matchSourceWithTarget(717)) - ContainerBalancer could not find a suitable target for source node 8b7d5063-613d-4d91-a7df-612a126898ec.
2023-09-12 21:14:00,839 [main] DEBUG balancer.ContainerBalancerTask (ContainerBalancerTask.java:matchSourceWithTarget(708)) - ContainerBalancer is finding suitable target for source datanode 7b2f3d4c-ca25-42f3-b139-78a01c526c80
2023-09-12 21:14:00,840 [main] INFO  balancer.FindTargetGreedyByUsageInfo (AbstractFindTargetGreedy.java:findTargetForContainerMove(133)) - Container Balancer could not find a target for source datanode 7b2f3d4c-ca25-42f3-b139-78a01c526c80
2023-09-12 21:14:00,841 [main] DEBUG balancer.ContainerBalancerTask (ContainerBalancerTask.java:matchSourceWithTarget(717)) - ContainerBalancer could not find a suitable target for source node 7b2f3d4c-ca25-42f3-b139-78a01c526c80.
2023-09-12 21:14:00,842 [main] DEBUG balancer.ContainerBalancerTask (ContainerBalancerTask.java:matchSourceWithTarget(708)) - ContainerBalancer is finding suitable target for source datanode 070e469f-3ca0-45b5-98cf-e8dd24430fdf
2023-09-12 21:14:00,843 [main] INFO  balancer.FindTargetGreedyByUsageInfo (AbstractFindTargetGreedy.java:findTargetForContainerMove(133)) - Container Balancer could not find a target for source datanode 070e469f-3ca0-45b5-98cf-e8dd24430fdf
2023-09-12 21:14:00,843 [main] DEBUG balancer.ContainerBalancerTask (ContainerBalancerTask.java:matchSourceWithTarget(717)) - ContainerBalancer could not find a suitable target for source node 070e469f-3ca0-45b5-98cf-e8dd24430fdf.
2023-09-12 21:14:00,846 [main] DEBUG balancer.ContainerBalancerTask (ContainerBalancerTask.java:matchSourceWithTarget(708)) - ContainerBalancer is finding suitable target for source datanode 3243c23f-eeb9-4746-81d0-9fd5fea8c92c
2023-09-12 21:14:00,846 [main] INFO  balancer.FindTargetGreedyByUsageInfo (AbstractFindTargetGreedy.java:findTargetForContainerMove(133)) - Container Balancer could not find a target for source datanode 3243c23f-eeb9-4746-81d0-9fd5fea8c92c
2023-09-12 21:14:00,846 [main] DEBUG balancer.ContainerBalancerTask (ContainerBalancerTask.java:matchSourceWithTarget(717)) - ContainerBalancer could not find a suitable target for source node 3243c23f-eeb9-4746-81d0-9fd5fea8c92c.
2023-09-12 21:14:00,847 [main] INFO  balancer.FindSourceGreedy (FindSourceGreedy.java:getNextCandidateSourceDataNode(126)) - no more candidate source data node
2023-09-12 21:14:00,847 [main] INFO  balancer.ContainerBalancerTask (ContainerBalancerTask.java:checkIterationMoveResults(642)) - Iteration Summary. Number of Datanodes involved: 3. Size moved: 11 GB (11811160064 Bytes). Number of Container moves completed: 3.
2023-09-12 21:14:00,847 [main] INFO  balancer.ContainerBalancerTask (ContainerBalancerTask.java:balance(259)) - Result of this iteration of Container Balancer: ITERATION_COMPLETED
2023-09-12 21:14:00,847 [main] INFO  balancer.ContainerBalancerTask (ContainerBalancerTask.java:tryStopWithSaveConfiguration(308)) - Save Configuration for stopping. Reason: Completed all iterations.
2023-09-12 21:14:00,848 [main] DEBUG balancer.ContainerBalancerTask (ContainerBalancerTask.java:initializeIteration(374)) - Average utilization of the cluster is 0.3033549815943624
2023-09-12 21:14:00,848 [main] DEBUG balancer.ContainerBalancerTask (ContainerBalancerTask.java:initializeIteration(386)) - Lower limit for utilization is -0.5014683989725706 and Upper limit for utilization is 1.1081783621612953
2023-09-12 21:14:00,848 [main] DEBUG balancer.ContainerBalancerTask (ContainerBalancerTask.java:initializeIteration(398)) - Utilization for node 8b7d5063-613d-4d91-a7df-612a126898ec with capacity 35791394133B, used 32212254720B, and remaining 3579139413B is 0.9000000000083819
2023-09-12 21:14:00,848 [main] DEBUG balancer.ContainerBalancerTask (ContainerBalancerTask.java:initializeIteration(398)) - Utilization for node 070e469f-3ca0-45b5-98cf-e8dd24430fdf with capacity 49660559360B, used 39728447488B, and remaining 9932111872B is 0.8
2023-09-12 21:14:00,848 [main] DEBUG balancer.ContainerBalancerTask (ContainerBalancerTask.java:initializeIteration(398)) - Utilization for node 7b2f3d4c-ca25-42f3-b139-78a01c526c80 with capacity 95102847268B, used 66571993088B, and remaining 28530854180B is 0.7000000000042059
2023-09-12 21:14:00,848 [main] DEBUG balancer.ContainerBalancerTask (ContainerBalancerTask.java:initializeIteration(398)) - Utilization for node 3243c23f-eeb9-4746-81d0-9fd5fea8c92c with capacity 80530636800B, used 48318382080B, and remaining 32212254720B is 0.6
2023-09-12 21:14:00,848 [main] DEBUG balancer.ContainerBalancerTask (ContainerBalancerTask.java:initializeIteration(398)) - Utilization for node 9942fb12-d332-42ed-9d6a-3aff0c5b7504 with capacity 79456894976B, used 39728447488B, and remaining 39728447488B is 0.5
2023-09-12 21:14:00,848 [main] DEBUG balancer.ContainerBalancerTask (ContainerBalancerTask.java:initializeIteration(398)) - Utilization for node 6ea9cdb6-40b0-4eeb-9407-c7185c90052b with capacity 72477573120B, used 28991029248B, and remaining 43486543872B is 0.4
2023-09-12 21:14:00,849 [main] DEBUG balancer.ContainerBalancerTask (ContainerBalancerTask.java:initializeIteration(398)) - Utilization for node a2a0e2e7-ae45-4fef-bce6-4d93462c0fc6 with capacity 125269879466B, used 37580963840B, and remaining 87688915626B is 0.30000000000159655
2023-09-12 21:14:00,849 [main] DEBUG balancer.ContainerBalancerTask (ContainerBalancerTask.java:initializeIteration(398)) - Utilization for node 6be0a4b7-0a2f-4016-ae64-0dd4ea836ea4 with capacity 236223201280B, used 47244640256B, and remaining 188978561024B is 0.2
2023-09-12 21:14:00,849 [main] DEBUG balancer.ContainerBalancerTask (ContainerBalancerTask.java:initializeIteration(398)) - Utilization for node 63ed42ec-28e6-4693-a4b8-2f775114e637 with capacity 483183820800B, used 48318382080B, and remaining 434865438720B is 0.1
2023-09-12 21:14:00,849 [main] DEBUG balancer.ContainerBalancerTask (ContainerBalancerTask.java:initializeIteration(398)) - Utilization for node a683902e-022d-4de0-abb8-1cb890a4490a with capacity 23622320128B, used 0B, and remaining 23622320128B is 0.0
2023-09-12 21:14:00,849 [main] INFO  balancer.ContainerBalancerTask (ContainerBalancerTask.java:initializeIteration(443)) - Did not find any unbalanced Datanodes.
2023-09-12 21:14:00,849 [main] INFO  balancer.ContainerBalancerTask (ContainerBalancerTask.java:tryStopWithSaveConfiguration(308)) - Save Configuration for stopping. Reason: Could not initialize ContainerBalancer's iteration number 0
2023-09-12 21:14:00,850 [main] DEBUG balancer.ContainerBalancerTask (ContainerBalancerTask.java:initializeIteration(374)) - Average utilization of the cluster is 0.3033549815943624
2023-09-12 21:14:00,850 [main] DEBUG balancer.ContainerBalancerTask (ContainerBalancerTask.java:initializeIteration(386)) - Lower limit for utilization is 0.07071193047505714 and Upper limit for utilization is 0.5359980327136677
2023-09-12 21:14:00,850 [main] DEBUG balancer.ContainerBalancerTask (ContainerBalancerTask.java:initializeIteration(398)) - Utilization for node 8b7d5063-613d-4d91-a7df-612a126898ec with capacity 35791394133B, used 32212254720B, and remaining 3579139413B is 0.9000000000083819
2023-09-12 21:14:00,850 [main] DEBUG balancer.ContainerBalancerTask (ContainerBalancerTask.java:initializeIteration(398)) - Utilization for node 070e469f-3ca0-45b5-98cf-e8dd24430fdf with capacity 49660559360B, used 39728447488B, and remaining 9932111872B is 0.8
2023-09-12 21:14:00,850 [main] DEBUG balancer.ContainerBalancerTask (ContainerBalancerTask.java:initializeIteration(398)) - Utilization for node 7b2f3d4c-ca25-42f3-b139-78a01c526c80 with capacity 95102847268B, used 66571993088B, and remaining 28530854180B is 0.7000000000042059
2023-09-12 21:14:00,850 [main] DEBUG balancer.ContainerBalancerTask (ContainerBalancerTask.java:initializeIteration(398)) - Utilization for node 3243c23f-eeb9-4746-81d0-9fd5fea8c92c with capacity 80530636800B, used 48318382080B, and remaining 32212254720B is 0.6
2023-09-12 21:14:00,851 [main] DEBUG balancer.ContainerBalancerTask (ContainerBalancerTask.java:initializeIteration(398)) - Utilization for node 9942fb12-d332-42ed-9d6a-3aff0c5b7504 with capacity 79456894976B, used 39728447488B, and remaining 39728447488B is 0.5
2023-09-12 21:14:00,851 [main] DEBUG balancer.ContainerBalancerTask (ContainerBalancerTask.java:initializeIteration(398)) - Utilization for node 6ea9cdb6-40b0-4eeb-9407-c7185c90052b with capacity 72477573120B, used 28991029248B, and remaining 43486543872B is 0.4
2023-09-12 21:14:00,851 [main] DEBUG balancer.ContainerBalancerTask (ContainerBalancerTask.java:initializeIteration(398)) - Utilization for node a2a0e2e7-ae45-4fef-bce6-4d93462c0fc6 with capacity 125269879466B, used 37580963840B, and remaining 87688915626B is 0.30000000000159655
2023-09-12 21:14:00,851 [main] DEBUG balancer.ContainerBalancerTask (ContainerBalancerTask.java:initializeIteration(398)) - Utilization for node 6be0a4b7-0a2f-4016-ae64-0dd4ea836ea4 with capacity 236223201280B, used 47244640256B, and remaining 188978561024B is 0.2
2023-09-12 21:14:00,851 [main] DEBUG balancer.ContainerBalancerTask (ContainerBalancerTask.java:initializeIteration(398)) - Utilization for node 63ed42ec-28e6-4693-a4b8-2f775114e637 with capacity 483183820800B, used 48318382080B, and remaining 434865438720B is 0.1
2023-09-12 21:14:00,851 [main] DEBUG balancer.ContainerBalancerTask (ContainerBalancerTask.java:initializeIteration(398)) - Utilization for node a683902e-022d-4de0-abb8-1cb890a4490a with capacity 23622320128B, used 0B, and remaining 23622320128B is 0.0
2023-09-12 21:14:00,851 [main] INFO  balancer.ContainerBalancerTask (ContainerBalancerTask.java:initializeIteration(447)) - Container Balancer has identified 4 Over-Utilized and 1 Under-Utilized Datanodes that need to be balanced.
2023-09-12 21:14:00,851 [main] DEBUG balancer.ContainerBalancerTask (ContainerBalancerTask.java:lambda$initializeIteration$1(453)) - Datanode localhost-2.101.7.160 8b7d5063-613d-4d91-a7df-612a126898ec is Over-Utilized.
2023-09-12 21:14:00,851 [main] DEBUG balancer.ContainerBalancerTask (ContainerBalancerTask.java:lambda$initializeIteration$1(453)) - Datanode localhost-237.218.167.41 070e469f-3ca0-45b5-98cf-e8dd24430fdf is Over-Utilized.
2023-09-12 21:14:00,851 [main] DEBUG balancer.ContainerBalancerTask (ContainerBalancerTask.java:lambda$initializeIteration$1(453)) - Datanode localhost-244.245.40.170 7b2f3d4c-ca25-42f3-b139-78a01c526c80 is Over-Utilized.
2023-09-12 21:14:00,851 [main] DEBUG balancer.ContainerBalancerTask (ContainerBalancerTask.java:lambda$initializeIteration$1(453)) - Datanode localhost-233.178.191.166 3243c23f-eeb9-4746-81d0-9fd5fea8c92c is Over-Utilized.
2023-09-12 21:14:00,852 [main] DEBUG balancer.ContainerBalancerTask (ContainerBalancerTask.java:lambda$initializeIteration$2(459)) - Datanode localhost-32.56.199.203 a683902e-022d-4de0-abb8-1cb890a4490a is Under-Utilized.
2023-09-12 21:14:00,853 [main] DEBUG balancer.ContainerBalancerTask (ContainerBalancerTask.java:matchSourceWithTarget(708)) - ContainerBalancer is finding suitable target for source datanode 8b7d5063-613d-4d91-a7df-612a126898ec
2023-09-12 21:14:00,853 [main] INFO  balancer.ContainerBalancerTask (ContainerBalancerTask.java:matchSourceWithTarget(722)) - ContainerBalancer matched source datanode 8b7d5063-613d-4d91-a7df-612a126898ec with target datanode a683902e-022d-4de0-abb8-1cb890a4490a for container move.
2023-09-12 21:14:00,853 [main] INFO  balancer.ContainerBalancerTask (ContainerBalancerTask.java:processMoveSelection(569)) - ContainerBalancer is trying to move container #85 with size 5368709120B from source datanode 8b7d5063-613d-4d91-a7df-612a126898ec to target datanode a683902e-022d-4de0-abb8-1cb890a4490a
2023-09-12 21:14:00,854 [main] DEBUG balancer.ContainerBalancerTask (ContainerBalancerTask.java:lambda$moveContainer$3(837)) - Container move completed for container #85 from source 8b7d5063-613d-4d91-a7df-612a126898ec to target a683902e-022d-4de0-abb8-1cb890a4490a
2023-09-12 21:14:00,855 [main] DEBUG balancer.ContainerBalancerTask (ContainerBalancerTask.java:matchSourceWithTarget(708)) - ContainerBalancer is finding suitable target for source datanode 070e469f-3ca0-45b5-98cf-e8dd24430fdf
2023-09-12 21:14:00,856 [main] INFO  balancer.ContainerBalancerTask (ContainerBalancerTask.java:matchSourceWithTarget(722)) - ContainerBalancer matched source datanode 070e469f-3ca0-45b5-98cf-e8dd24430fdf with target datanode a683902e-022d-4de0-abb8-1cb890a4490a for container move.
2023-09-12 21:14:00,856 [main] INFO  balancer.ContainerBalancerTask (ContainerBalancerTask.java:processMoveSelection(569)) - ContainerBalancer is trying to move container #68 with size 5368709120B from source datanode 070e469f-3ca0-45b5-98cf-e8dd24430fdf to target datanode a683902e-022d-4de0-abb8-1cb890a4490a
2023-09-12 21:14:00,856 [main] DEBUG balancer.ContainerBalancerTask (ContainerBalancerTask.java:lambda$moveContainer$3(837)) - Container move completed for container #68 from source 070e469f-3ca0-45b5-98cf-e8dd24430fdf to target a683902e-022d-4de0-abb8-1cb890a4490a
2023-09-12 21:14:00,858 [main] DEBUG balancer.ContainerBalancerTask (ContainerBalancerTask.java:matchSourceWithTarget(708)) - ContainerBalancer is finding suitable target for source datanode 8b7d5063-613d-4d91-a7df-612a126898ec
2023-09-12 21:14:00,858 [main] INFO  balancer.ContainerBalancerTask (ContainerBalancerTask.java:matchSourceWithTarget(722)) - ContainerBalancer matched source datanode 8b7d5063-613d-4d91-a7df-612a126898ec with target datanode a683902e-022d-4de0-abb8-1cb890a4490a for container move.
2023-09-12 21:14:00,858 [main] INFO  balancer.ContainerBalancerTask (ContainerBalancerTask.java:processMoveSelection(569)) - ContainerBalancer is trying to move container #86 with size 1073741824B from source datanode 8b7d5063-613d-4d91-a7df-612a126898ec to target datanode a683902e-022d-4de0-abb8-1cb890a4490a
2023-09-12 21:14:00,858 [main] DEBUG balancer.ContainerBalancerTask (ContainerBalancerTask.java:lambda$moveContainer$3(837)) - Container move completed for container #86 from source 8b7d5063-613d-4d91-a7df-612a126898ec to target a683902e-022d-4de0-abb8-1cb890a4490a
2023-09-12 21:14:00,860 [main] DEBUG balancer.ContainerBalancerTask (ContainerBalancerTask.java:matchSourceWithTarget(708)) - ContainerBalancer is finding suitable target for source datanode 8b7d5063-613d-4d91-a7df-612a126898ec
2023-09-12 21:14:00,861 [main] INFO  balancer.FindTargetGreedyByUsageInfo (AbstractFindTargetGreedy.java:findTargetForContainerMove(133)) - Container Balancer could not find a target for source datanode 8b7d5063-613d-4d91-a7df-612a126898ec
2023-09-12 21:14:00,861 [main] DEBUG balancer.ContainerBalancerTask (ContainerBalancerTask.java:matchSourceWithTarget(717)) - ContainerBalancer could not find a suitable target for source node 8b7d5063-613d-4d91-a7df-612a126898ec.
2023-09-12 21:14:00,864 [main] DEBUG balancer.ContainerBalancerTask (ContainerBalancerTask.java:matchSourceWithTarget(708)) - ContainerBalancer is finding suitable target for source datanode 7b2f3d4c-ca25-42f3-b139-78a01c526c80
2023-09-12 21:14:00,865 [main] INFO  balancer.FindTargetGreedyByUsageInfo (AbstractFindTargetGreedy.java:findTargetForContainerMove(133)) - Container Balancer could not find a target for source datanode 7b2f3d4c-ca25-42f3-b139-78a01c526c80
2023-09-12 21:14:00,866 [main] DEBUG balancer.ContainerBalancerTask (ContainerBalancerTask.java:matchSourceWithTarget(717)) - ContainerBalancer could not find a suitable target for source node 7b2f3d4c-ca25-42f3-b139-78a01c526c80.
2023-09-12 21:14:00,867 [main] DEBUG balancer.ContainerBalancerTask (ContainerBalancerTask.java:matchSourceWithTarget(708)) - ContainerBalancer is finding suitable target for source datanode 070e469f-3ca0-45b5-98cf-e8dd24430fdf
2023-09-12 21:14:00,868 [main] INFO  balancer.FindTargetGreedyByUsageInfo (AbstractFindTargetGreedy.java:findTargetForContainerMove(133)) - Container Balancer could not find a target for source datanode 070e469f-3ca0-45b5-98cf-e8dd24430fdf
2023-09-12 21:14:00,868 [main] DEBUG balancer.ContainerBalancerTask (ContainerBalancerTask.java:matchSourceWithTarget(717)) - ContainerBalancer could not find a suitable target for source node 070e469f-3ca0-45b5-98cf-e8dd24430fdf.
2023-09-12 21:14:00,871 [main] DEBUG balancer.ContainerBalancerTask (ContainerBalancerTask.java:matchSourceWithTarget(708)) - ContainerBalancer is finding suitable target for source datanode 3243c23f-eeb9-4746-81d0-9fd5fea8c92c
2023-09-12 21:14:00,872 [main] INFO  balancer.FindTargetGreedyByUsageInfo (AbstractFindTargetGreedy.java:findTargetForContainerMove(133)) - Container Balancer could not find a target for source datanode 3243c23f-eeb9-4746-81d0-9fd5fea8c92c
2023-09-12 21:14:00,872 [main] DEBUG balancer.ContainerBalancerTask (ContainerBalancerTask.java:matchSourceWithTarget(717)) - ContainerBalancer could not find a suitable target for source node 3243c23f-eeb9-4746-81d0-9fd5fea8c92c.
2023-09-12 21:14:00,872 [main] INFO  balancer.FindSourceGreedy (FindSourceGreedy.java:getNextCandidateSourceDataNode(126)) - no more candidate source data node
2023-09-12 21:14:00,872 [main] INFO  balancer.ContainerBalancerTask (ContainerBalancerTask.java:checkIterationMoveResults(642)) - Iteration Summary. Number of Datanodes involved: 3. Size moved: 11 GB (11811160064 Bytes). Number of Container moves completed: 3.
2023-09-12 21:14:00,872 [main] INFO  balancer.ContainerBalancerTask (ContainerBalancerTask.java:balance(259)) - Result of this iteration of Container Balancer: ITERATION_COMPLETED
2023-09-12 21:14:00,872 [main] INFO  balancer.ContainerBalancerTask (ContainerBalancerTask.java:tryStopWithSaveConfiguration(308)) - Save Configuration for stopping. Reason: Completed all iterations.
2023-09-12 21:14:00,873 [main] DEBUG balancer.ContainerBalancerTask (ContainerBalancerTask.java:initializeIteration(374)) - Average utilization of the cluster is 0.3033549815943624
2023-09-12 21:14:00,873 [main] DEBUG balancer.ContainerBalancerTask (ContainerBalancerTask.java:initializeIteration(386)) - Lower limit for utilization is -0.18322969189432042 and Upper limit for utilization is 0.7899396550830453
2023-09-12 21:14:00,873 [main] DEBUG balancer.ContainerBalancerTask (ContainerBalancerTask.java:initializeIteration(398)) - Utilization for node 8b7d5063-613d-4d91-a7df-612a126898ec with capacity 35791394133B, used 32212254720B, and remaining 3579139413B is 0.9000000000083819
2023-09-12 21:14:00,873 [main] DEBUG balancer.ContainerBalancerTask (ContainerBalancerTask.java:initializeIteration(398)) - Utilization for node 070e469f-3ca0-45b5-98cf-e8dd24430fdf with capacity 49660559360B, used 39728447488B, and remaining 9932111872B is 0.8
2023-09-12 21:14:00,873 [main] DEBUG balancer.ContainerBalancerTask (ContainerBalancerTask.java:initializeIteration(398)) - Utilization for node 7b2f3d4c-ca25-42f3-b139-78a01c526c80 with capacity 95102847268B, used 66571993088B, and remaining 28530854180B is 0.7000000000042059
2023-09-12 21:14:00,873 [main] DEBUG balancer.ContainerBalancerTask (ContainerBalancerTask.java:initializeIteration(398)) - Utilization for node 3243c23f-eeb9-4746-81d0-9fd5fea8c92c with capacity 80530636800B, used 48318382080B, and remaining 32212254720B is 0.6
2023-09-12 21:14:00,873 [main] DEBUG balancer.ContainerBalancerTask (ContainerBalancerTask.java:initializeIteration(398)) - Utilization for node 9942fb12-d332-42ed-9d6a-3aff0c5b7504 with capacity 79456894976B, used 39728447488B, and remaining 39728447488B is 0.5
2023-09-12 21:14:00,874 [main] DEBUG balancer.ContainerBalancerTask (ContainerBalancerTask.java:initializeIteration(398)) - Utilization for node 6ea9cdb6-40b0-4eeb-9407-c7185c90052b with capacity 72477573120B, used 28991029248B, and remaining 43486543872B is 0.4
2023-09-12 21:14:00,874 [main] DEBUG balancer.ContainerBalancerTask (ContainerBalancerTask.java:initializeIteration(398)) - Utilization for node a2a0e2e7-ae45-4fef-bce6-4d93462c0fc6 with capacity 125269879466B, used 37580963840B, and remaining 87688915626B is 0.30000000000159655
2023-09-12 21:14:00,874 [main] DEBUG balancer.ContainerBalancerTask (ContainerBalancerTask.java:initializeIteration(398)) - Utilization for node 6be0a4b7-0a2f-4016-ae64-0dd4ea836ea4 with capacity 236223201280B, used 47244640256B, and remaining 188978561024B is 0.2
2023-09-12 21:14:00,874 [main] DEBUG balancer.ContainerBalancerTask (ContainerBalancerTask.java:initializeIteration(398)) - Utilization for node 63ed42ec-28e6-4693-a4b8-2f775114e637 with capacity 483183820800B, used 48318382080B, and remaining 434865438720B is 0.1
2023-09-12 21:14:00,874 [main] DEBUG balancer.ContainerBalancerTask (ContainerBalancerTask.java:initializeIteration(398)) - Utilization for node a683902e-022d-4de0-abb8-1cb890a4490a with capacity 23622320128B, used 0B, and remaining 23622320128B is 0.0
2023-09-12 21:14:00,874 [main] INFO  balancer.ContainerBalancerTask (ContainerBalancerTask.java:initializeIteration(447)) - Container Balancer has identified 2 Over-Utilized and 0 Under-Utilized Datanodes that need to be balanced.
2023-09-12 21:14:00,874 [main] DEBUG balancer.ContainerBalancerTask (ContainerBalancerTask.java:lambda$initializeIteration$1(453)) - Datanode localhost-2.101.7.160 8b7d5063-613d-4d91-a7df-612a126898ec is Over-Utilized.
2023-09-12 21:14:00,874 [main] DEBUG balancer.ContainerBalancerTask (ContainerBalancerTask.java:lambda$initializeIteration$1(453)) - Datanode localhost-237.218.167.41 070e469f-3ca0-45b5-98cf-e8dd24430fdf is Over-Utilized.
2023-09-12 21:14:00,876 [main] DEBUG balancer.ContainerBalancerTask (ContainerBalancerTask.java:matchSourceWithTarget(708)) - ContainerBalancer is finding suitable target for source datanode 8b7d5063-613d-4d91-a7df-612a126898ec
2023-09-12 21:14:00,876 [main] INFO  balancer.FindTargetGreedyByUsageInfo (AbstractFindTargetGreedy.java:findTargetForContainerMove(133)) - Container Balancer could not find a target for source datanode 8b7d5063-613d-4d91-a7df-612a126898ec
2023-09-12 21:14:00,876 [main] DEBUG balancer.ContainerBalancerTask (ContainerBalancerTask.java:matchSourceWithTarget(717)) - ContainerBalancer could not find a suitable target for source node 8b7d5063-613d-4d91-a7df-612a126898ec.
2023-09-12 21:14:00,878 [main] DEBUG balancer.ContainerBalancerTask (ContainerBalancerTask.java:matchSourceWithTarget(708)) - ContainerBalancer is finding suitable target for source datanode 070e469f-3ca0-45b5-98cf-e8dd24430fdf
2023-09-12 21:14:00,878 [main] INFO  balancer.FindTargetGreedyByUsageInfo (AbstractFindTargetGreedy.java:findTargetForContainerMove(133)) - Container Balancer could not find a target for source datanode 070e469f-3ca0-45b5-98cf-e8dd24430fdf
2023-09-12 21:14:00,878 [main] DEBUG balancer.ContainerBalancerTask (ContainerBalancerTask.java:matchSourceWithTarget(717)) - ContainerBalancer could not find a suitable target for source node 070e469f-3ca0-45b5-98cf-e8dd24430fdf.
2023-09-12 21:14:00,878 [main] INFO  balancer.FindSourceGreedy (FindSourceGreedy.java:getNextCandidateSourceDataNode(126)) - no more candidate source data node
2023-09-12 21:14:00,878 [main] INFO  balancer.ContainerBalancerTask (ContainerBalancerTask.java:balance(259)) - Result of this iteration of Container Balancer: CAN_NOT_BALANCE_ANY_MORE
2023-09-12 21:14:00,878 [main] INFO  balancer.ContainerBalancerTask (ContainerBalancerTask.java:tryStopWithSaveConfiguration(308)) - Save Configuration for stopping. Reason: CAN_NOT_BALANCE_ANY_MORE
2023-09-12 21:14:00,879 [main] DEBUG balancer.ContainerBalancerTask (ContainerBalancerTask.java:initializeIteration(374)) - Average utilization of the cluster is 0.3033549815943624
2023-09-12 21:14:00,879 [main] DEBUG balancer.ContainerBalancerTask (ContainerBalancerTask.java:initializeIteration(386)) - Lower limit for utilization is 0.18026871528885563 and Upper limit for utilization is 0.4264412478998692
2023-09-12 21:14:00,879 [main] DEBUG balancer.ContainerBalancerTask (ContainerBalancerTask.java:initializeIteration(398)) - Utilization for node 8b7d5063-613d-4d91-a7df-612a126898ec with capacity 35791394133B, used 32212254720B, and remaining 3579139413B is 0.9000000000083819
2023-09-12 21:14:00,879 [main] DEBUG balancer.ContainerBalancerTask (ContainerBalancerTask.java:initializeIteration(398)) - Utilization for node 070e469f-3ca0-45b5-98cf-e8dd24430fdf with capacity 49660559360B, used 39728447488B, and remaining 9932111872B is 0.8
2023-09-12 21:14:00,879 [main] DEBUG balancer.ContainerBalancerTask (ContainerBalancerTask.java:initializeIteration(398)) - Utilization for node 7b2f3d4c-ca25-42f3-b139-78a01c526c80 with capacity 95102847268B, used 66571993088B, and remaining 28530854180B is 0.7000000000042059
2023-09-12 21:14:00,879 [main] DEBUG balancer.ContainerBalancerTask (ContainerBalancerTask.java:initializeIteration(398)) - Utilization for node 3243c23f-eeb9-4746-81d0-9fd5fea8c92c with capacity 80530636800B, used 48318382080B, and remaining 32212254720B is 0.6
2023-09-12 21:14:00,879 [main] DEBUG balancer.ContainerBalancerTask (ContainerBalancerTask.java:initializeIteration(398)) - Utilization for node 9942fb12-d332-42ed-9d6a-3aff0c5b7504 with capacity 79456894976B, used 39728447488B, and remaining 39728447488B is 0.5
2023-09-12 21:14:00,879 [main] DEBUG balancer.ContainerBalancerTask (ContainerBalancerTask.java:initializeIteration(398)) - Utilization for node 6ea9cdb6-40b0-4eeb-9407-c7185c90052b with capacity 72477573120B, used 28991029248B, and remaining 43486543872B is 0.4
2023-09-12 21:14:00,880 [main] DEBUG balancer.ContainerBalancerTask (ContainerBalancerTask.java:initializeIteration(398)) - Utilization for node a2a0e2e7-ae45-4fef-bce6-4d93462c0fc6 with capacity 125269879466B, used 37580963840B, and remaining 87688915626B is 0.30000000000159655
2023-09-12 21:14:00,880 [main] DEBUG balancer.ContainerBalancerTask (ContainerBalancerTask.java:initializeIteration(398)) - Utilization for node 6be0a4b7-0a2f-4016-ae64-0dd4ea836ea4 with capacity 236223201280B, used 47244640256B, and remaining 188978561024B is 0.2
2023-09-12 21:14:00,880 [main] DEBUG balancer.ContainerBalancerTask (ContainerBalancerTask.java:initializeIteration(398)) - Utilization for node 63ed42ec-28e6-4693-a4b8-2f775114e637 with capacity 483183820800B, used 48318382080B, and remaining 434865438720B is 0.1
2023-09-12 21:14:00,880 [main] DEBUG balancer.ContainerBalancerTask (ContainerBalancerTask.java:initializeIteration(398)) - Utilization for node a683902e-022d-4de0-abb8-1cb890a4490a with capacity 23622320128B, used 0B, and remaining 23622320128B is 0.0
2023-09-12 21:14:00,880 [main] INFO  balancer.ContainerBalancerTask (ContainerBalancerTask.java:initializeIteration(447)) - Container Balancer has identified 5 Over-Utilized and 2 Under-Utilized Datanodes that need to be balanced.
2023-09-12 21:14:00,880 [main] DEBUG balancer.ContainerBalancerTask (ContainerBalancerTask.java:lambda$initializeIteration$1(453)) - Datanode localhost-2.101.7.160 8b7d5063-613d-4d91-a7df-612a126898ec is Over-Utilized.
2023-09-12 21:14:00,880 [main] DEBUG balancer.ContainerBalancerTask (ContainerBalancerTask.java:lambda$initializeIteration$1(453)) - Datanode localhost-237.218.167.41 070e469f-3ca0-45b5-98cf-e8dd24430fdf is Over-Utilized.
2023-09-12 21:14:00,880 [main] DEBUG balancer.ContainerBalancerTask (ContainerBalancerTask.java:lambda$initializeIteration$1(453)) - Datanode localhost-244.245.40.170 7b2f3d4c-ca25-42f3-b139-78a01c526c80 is Over-Utilized.
2023-09-12 21:14:00,880 [main] DEBUG balancer.ContainerBalancerTask (ContainerBalancerTask.java:lambda$initializeIteration$1(453)) - Datanode localhost-233.178.191.166 3243c23f-eeb9-4746-81d0-9fd5fea8c92c is Over-Utilized.
2023-09-12 21:14:00,880 [main] DEBUG balancer.ContainerBalancerTask (ContainerBalancerTask.java:lambda$initializeIteration$1(453)) - Datanode localhost-11.222.135.196 9942fb12-d332-42ed-9d6a-3aff0c5b7504 is Over-Utilized.
2023-09-12 21:14:00,880 [main] DEBUG balancer.ContainerBalancerTask (ContainerBalancerTask.java:lambda$initializeIteration$2(459)) - Datanode localhost-32.56.199.203 a683902e-022d-4de0-abb8-1cb890a4490a is Under-Utilized.
2023-09-12 21:14:00,881 [main] DEBUG balancer.ContainerBalancerTask (ContainerBalancerTask.java:lambda$initializeIteration$2(459)) - Datanode localhost-232.77.218.91 63ed42ec-28e6-4693-a4b8-2f775114e637 is Under-Utilized.
2023-09-12 21:14:00,882 [main] DEBUG balancer.ContainerBalancerTask (ContainerBalancerTask.java:matchSourceWithTarget(708)) - ContainerBalancer is finding suitable target for source datanode 8b7d5063-613d-4d91-a7df-612a126898ec
2023-09-12 21:14:00,882 [main] INFO  balancer.ContainerBalancerTask (ContainerBalancerTask.java:matchSourceWithTarget(722)) - ContainerBalancer matched source datanode 8b7d5063-613d-4d91-a7df-612a126898ec with target datanode a683902e-022d-4de0-abb8-1cb890a4490a for container move.
2023-09-12 21:14:00,882 [main] INFO  balancer.ContainerBalancerTask (ContainerBalancerTask.java:processMoveSelection(569)) - ContainerBalancer is trying to move container #85 with size 5368709120B from source datanode 8b7d5063-613d-4d91-a7df-612a126898ec to target datanode a683902e-022d-4de0-abb8-1cb890a4490a
2023-09-12 21:14:00,883 [main] DEBUG balancer.ContainerBalancerTask (ContainerBalancerTask.java:lambda$moveContainer$3(837)) - Container move completed for container #85 from source 8b7d5063-613d-4d91-a7df-612a126898ec to target a683902e-022d-4de0-abb8-1cb890a4490a
2023-09-12 21:14:00,885 [main] DEBUG balancer.ContainerBalancerTask (ContainerBalancerTask.java:matchSourceWithTarget(708)) - ContainerBalancer is finding suitable target for source datanode 070e469f-3ca0-45b5-98cf-e8dd24430fdf
2023-09-12 21:14:00,885 [main] INFO  balancer.ContainerBalancerTask (ContainerBalancerTask.java:matchSourceWithTarget(722)) - ContainerBalancer matched source datanode 070e469f-3ca0-45b5-98cf-e8dd24430fdf with target datanode 63ed42ec-28e6-4693-a4b8-2f775114e637 for container move.
2023-09-12 21:14:00,885 [main] INFO  balancer.ContainerBalancerTask (ContainerBalancerTask.java:processMoveSelection(569)) - ContainerBalancer is trying to move container #68 with size 5368709120B from source datanode 070e469f-3ca0-45b5-98cf-e8dd24430fdf to target datanode 63ed42ec-28e6-4693-a4b8-2f775114e637
2023-09-12 21:14:00,885 [main] DEBUG balancer.ContainerBalancerTask (ContainerBalancerTask.java:lambda$moveContainer$3(837)) - Container move completed for container #68 from source 070e469f-3ca0-45b5-98cf-e8dd24430fdf to target 63ed42ec-28e6-4693-a4b8-2f775114e637
2023-09-12 21:14:00,887 [main] DEBUG balancer.ContainerBalancerTask (ContainerBalancerTask.java:matchSourceWithTarget(708)) - ContainerBalancer is finding suitable target for source datanode 8b7d5063-613d-4d91-a7df-612a126898ec
2023-09-12 21:14:00,887 [main] INFO  balancer.ContainerBalancerTask (ContainerBalancerTask.java:matchSourceWithTarget(722)) - ContainerBalancer matched source datanode 8b7d5063-613d-4d91-a7df-612a126898ec with target datanode 63ed42ec-28e6-4693-a4b8-2f775114e637 for container move.
2023-09-12 21:14:00,887 [main] INFO  balancer.ContainerBalancerTask (ContainerBalancerTask.java:processMoveSelection(569)) - ContainerBalancer is trying to move container #87 with size 2147483648B from source datanode 8b7d5063-613d-4d91-a7df-612a126898ec to target datanode 63ed42ec-28e6-4693-a4b8-2f775114e637
2023-09-12 21:14:00,887 [main] DEBUG balancer.ContainerBalancerTask (ContainerBalancerTask.java:lambda$moveContainer$3(837)) - Container move completed for container #87 from source 8b7d5063-613d-4d91-a7df-612a126898ec to target 63ed42ec-28e6-4693-a4b8-2f775114e637
2023-09-12 21:14:00,891 [main] DEBUG balancer.ContainerBalancerTask (ContainerBalancerTask.java:matchSourceWithTarget(708)) - ContainerBalancer is finding suitable target for source datanode 7b2f3d4c-ca25-42f3-b139-78a01c526c80
2023-09-12 21:14:00,891 [main] INFO  balancer.ContainerBalancerTask (ContainerBalancerTask.java:matchSourceWithTarget(722)) - ContainerBalancer matched source datanode 7b2f3d4c-ca25-42f3-b139-78a01c526c80 with target datanode 63ed42ec-28e6-4693-a4b8-2f775114e637 for container move.
2023-09-12 21:14:00,891 [main] INFO  balancer.ContainerBalancerTask (ContainerBalancerTask.java:processMoveSelection(569)) - ContainerBalancer is trying to move container #53 with size 5368709120B from source datanode 7b2f3d4c-ca25-42f3-b139-78a01c526c80 to target datanode 63ed42ec-28e6-4693-a4b8-2f775114e637
2023-09-12 21:14:00,891 [main] DEBUG balancer.ContainerBalancerTask (ContainerBalancerTask.java:lambda$moveContainer$3(837)) - Container move completed for container #53 from source 7b2f3d4c-ca25-42f3-b139-78a01c526c80 to target 63ed42ec-28e6-4693-a4b8-2f775114e637
2023-09-12 21:14:00,893 [main] DEBUG balancer.ContainerBalancerTask (ContainerBalancerTask.java:matchSourceWithTarget(708)) - ContainerBalancer is finding suitable target for source datanode 070e469f-3ca0-45b5-98cf-e8dd24430fdf
2023-09-12 21:14:00,893 [main] INFO  balancer.ContainerBalancerTask (ContainerBalancerTask.java:matchSourceWithTarget(722)) - ContainerBalancer matched source datanode 070e469f-3ca0-45b5-98cf-e8dd24430fdf with target datanode 63ed42ec-28e6-4693-a4b8-2f775114e637 for container move.
2023-09-12 21:14:00,893 [main] INFO  balancer.ContainerBalancerTask (ContainerBalancerTask.java:processMoveSelection(569)) - ContainerBalancer is trying to move container #40 with size 5368709120B from source datanode 070e469f-3ca0-45b5-98cf-e8dd24430fdf to target datanode 63ed42ec-28e6-4693-a4b8-2f775114e637
2023-09-12 21:14:00,894 [main] DEBUG balancer.ContainerBalancerTask (ContainerBalancerTask.java:lambda$moveContainer$3(837)) - Container move completed for container #40 from source 070e469f-3ca0-45b5-98cf-e8dd24430fdf to target 63ed42ec-28e6-4693-a4b8-2f775114e637
2023-09-12 21:14:00,896 [main] DEBUG balancer.ContainerBalancerTask (ContainerBalancerTask.java:matchSourceWithTarget(708)) - ContainerBalancer is finding suitable target for source datanode 8b7d5063-613d-4d91-a7df-612a126898ec
2023-09-12 21:14:00,896 [main] INFO  balancer.ContainerBalancerTask (ContainerBalancerTask.java:matchSourceWithTarget(722)) - ContainerBalancer matched source datanode 8b7d5063-613d-4d91-a7df-612a126898ec with target datanode 63ed42ec-28e6-4693-a4b8-2f775114e637 for container move.
2023-09-12 21:14:00,896 [main] INFO  balancer.ContainerBalancerTask (ContainerBalancerTask.java:processMoveSelection(569)) - ContainerBalancer is trying to move container #82 with size 2147483648B from source datanode 8b7d5063-613d-4d91-a7df-612a126898ec to target datanode 63ed42ec-28e6-4693-a4b8-2f775114e637
2023-09-12 21:14:00,896 [main] DEBUG balancer.ContainerBalancerTask (ContainerBalancerTask.java:lambda$moveContainer$3(837)) - Container move completed for container #82 from source 8b7d5063-613d-4d91-a7df-612a126898ec to target 63ed42ec-28e6-4693-a4b8-2f775114e637
2023-09-12 21:14:00,900 [main] DEBUG balancer.ContainerBalancerTask (ContainerBalancerTask.java:matchSourceWithTarget(708)) - ContainerBalancer is finding suitable target for source datanode 7b2f3d4c-ca25-42f3-b139-78a01c526c80
2023-09-12 21:14:00,900 [main] INFO  balancer.ContainerBalancerTask (ContainerBalancerTask.java:matchSourceWithTarget(722)) - ContainerBalancer matched source datanode 7b2f3d4c-ca25-42f3-b139-78a01c526c80 with target datanode 63ed42ec-28e6-4693-a4b8-2f775114e637 for container move.
2023-09-12 21:14:00,900 [main] INFO  balancer.ContainerBalancerTask (ContainerBalancerTask.java:processMoveSelection(569)) - ContainerBalancer is trying to move container #52 with size 4294967296B from source datanode 7b2f3d4c-ca25-42f3-b139-78a01c526c80 to target datanode 63ed42ec-28e6-4693-a4b8-2f775114e637
2023-09-12 21:14:00,900 [main] DEBUG balancer.ContainerBalancerTask (ContainerBalancerTask.java:lambda$moveContainer$3(837)) - Container move completed for container #52 from source 7b2f3d4c-ca25-42f3-b139-78a01c526c80 to target 63ed42ec-28e6-4693-a4b8-2f775114e637
2023-09-12 21:14:00,902 [main] DEBUG balancer.ContainerBalancerTask (ContainerBalancerTask.java:matchSourceWithTarget(708)) - ContainerBalancer is finding suitable target for source datanode 8b7d5063-613d-4d91-a7df-612a126898ec
2023-09-12 21:14:00,903 [main] INFO  balancer.ContainerBalancerTask (ContainerBalancerTask.java:matchSourceWithTarget(722)) - ContainerBalancer matched source datanode 8b7d5063-613d-4d91-a7df-612a126898ec with target datanode 63ed42ec-28e6-4693-a4b8-2f775114e637 for container move.
2023-09-12 21:14:00,903 [main] INFO  balancer.ContainerBalancerTask (ContainerBalancerTask.java:processMoveSelection(569)) - ContainerBalancer is trying to move container #10 with size 2147483648B from source datanode 8b7d5063-613d-4d91-a7df-612a126898ec to target datanode 63ed42ec-28e6-4693-a4b8-2f775114e637
2023-09-12 21:14:00,905 [main] DEBUG balancer.ContainerBalancerTask (ContainerBalancerTask.java:lambda$moveContainer$3(837)) - Container move completed for container #10 from source 8b7d5063-613d-4d91-a7df-612a126898ec to target 63ed42ec-28e6-4693-a4b8-2f775114e637
2023-09-12 21:14:00,908 [main] DEBUG balancer.ContainerBalancerTask (ContainerBalancerTask.java:matchSourceWithTarget(708)) - ContainerBalancer is finding suitable target for source datanode 3243c23f-eeb9-4746-81d0-9fd5fea8c92c
2023-09-12 21:14:00,908 [main] INFO  balancer.ContainerBalancerTask (ContainerBalancerTask.java:matchSourceWithTarget(722)) - ContainerBalancer matched source datanode 3243c23f-eeb9-4746-81d0-9fd5fea8c92c with target datanode 63ed42ec-28e6-4693-a4b8-2f775114e637 for container move.
2023-09-12 21:14:00,908 [main] INFO  balancer.ContainerBalancerTask (ContainerBalancerTask.java:processMoveSelection(569)) - ContainerBalancer is trying to move container #39 with size 4294967296B from source datanode 3243c23f-eeb9-4746-81d0-9fd5fea8c92c to target datanode 63ed42ec-28e6-4693-a4b8-2f775114e637
2023-09-12 21:14:00,908 [main] DEBUG balancer.ContainerBalancerTask (ContainerBalancerTask.java:lambda$moveContainer$3(837)) - Container move completed for container #39 from source 3243c23f-eeb9-4746-81d0-9fd5fea8c92c to target 63ed42ec-28e6-4693-a4b8-2f775114e637
2023-09-12 21:14:00,912 [main] DEBUG balancer.ContainerBalancerTask (ContainerBalancerTask.java:matchSourceWithTarget(708)) - ContainerBalancer is finding suitable target for source datanode 7b2f3d4c-ca25-42f3-b139-78a01c526c80
2023-09-12 21:14:00,912 [main] INFO  balancer.ContainerBalancerTask (ContainerBalancerTask.java:matchSourceWithTarget(722)) - ContainerBalancer matched source datanode 7b2f3d4c-ca25-42f3-b139-78a01c526c80 with target datanode 63ed42ec-28e6-4693-a4b8-2f775114e637 for container move.
2023-09-12 21:14:00,912 [main] INFO  balancer.ContainerBalancerTask (ContainerBalancerTask.java:processMoveSelection(569)) - ContainerBalancer is trying to move container #71 with size 3221225472B from source datanode 7b2f3d4c-ca25-42f3-b139-78a01c526c80 to target datanode 63ed42ec-28e6-4693-a4b8-2f775114e637
2023-09-12 21:14:00,913 [main] DEBUG balancer.ContainerBalancerTask (ContainerBalancerTask.java:lambda$moveContainer$3(837)) - Container move completed for container #71 from source 7b2f3d4c-ca25-42f3-b139-78a01c526c80 to target 63ed42ec-28e6-4693-a4b8-2f775114e637
2023-09-12 21:14:00,915 [main] DEBUG balancer.ContainerBalancerTask (ContainerBalancerTask.java:matchSourceWithTarget(708)) - ContainerBalancer is finding suitable target for source datanode 070e469f-3ca0-45b5-98cf-e8dd24430fdf
2023-09-12 21:14:00,915 [main] INFO  balancer.ContainerBalancerTask (ContainerBalancerTask.java:matchSourceWithTarget(722)) - ContainerBalancer matched source datanode 070e469f-3ca0-45b5-98cf-e8dd24430fdf with target datanode 63ed42ec-28e6-4693-a4b8-2f775114e637 for container move.
2023-09-12 21:14:00,915 [main] INFO  balancer.ContainerBalancerTask (ContainerBalancerTask.java:processMoveSelection(569)) - ContainerBalancer is trying to move container #67 with size 4294967296B from source datanode 070e469f-3ca0-45b5-98cf-e8dd24430fdf to target datanode 63ed42ec-28e6-4693-a4b8-2f775114e637
2023-09-12 21:14:00,915 [main] DEBUG balancer.ContainerBalancerTask (ContainerBalancerTask.java:lambda$moveContainer$3(837)) - Container move completed for container #67 from source 070e469f-3ca0-45b5-98cf-e8dd24430fdf to target 63ed42ec-28e6-4693-a4b8-2f775114e637
2023-09-12 21:14:00,917 [main] DEBUG balancer.ContainerBalancerTask (ContainerBalancerTask.java:matchSourceWithTarget(708)) - ContainerBalancer is finding suitable target for source datanode 8b7d5063-613d-4d91-a7df-612a126898ec
2023-09-12 21:14:00,918 [main] INFO  balancer.ContainerBalancerTask (ContainerBalancerTask.java:matchSourceWithTarget(722)) - ContainerBalancer matched source datanode 8b7d5063-613d-4d91-a7df-612a126898ec with target datanode 63ed42ec-28e6-4693-a4b8-2f775114e637 for container move.
2023-09-12 21:14:00,918 [main] INFO  balancer.ContainerBalancerTask (ContainerBalancerTask.java:processMoveSelection(569)) - ContainerBalancer is trying to move container #86 with size 1073741824B from source datanode 8b7d5063-613d-4d91-a7df-612a126898ec to target datanode 63ed42ec-28e6-4693-a4b8-2f775114e637
2023-09-12 21:14:00,918 [main] DEBUG balancer.ContainerBalancerTask (ContainerBalancerTask.java:lambda$moveContainer$3(837)) - Container move completed for container #86 from source 8b7d5063-613d-4d91-a7df-612a126898ec to target 63ed42ec-28e6-4693-a4b8-2f775114e637
2023-09-12 21:14:00,922 [main] DEBUG balancer.ContainerBalancerTask (ContainerBalancerTask.java:matchSourceWithTarget(708)) - ContainerBalancer is finding suitable target for source datanode 7b2f3d4c-ca25-42f3-b139-78a01c526c80
2023-09-12 21:14:00,922 [main] INFO  balancer.ContainerBalancerTask (ContainerBalancerTask.java:matchSourceWithTarget(722)) - ContainerBalancer matched source datanode 7b2f3d4c-ca25-42f3-b139-78a01c526c80 with target datanode 63ed42ec-28e6-4693-a4b8-2f775114e637 for container move.
2023-09-12 21:14:00,922 [main] INFO  balancer.ContainerBalancerTask (ContainerBalancerTask.java:processMoveSelection(569)) - ContainerBalancer is trying to move container #66 with size 3221225472B from source datanode 7b2f3d4c-ca25-42f3-b139-78a01c526c80 to target datanode 63ed42ec-28e6-4693-a4b8-2f775114e637
2023-09-12 21:14:00,923 [main] DEBUG balancer.ContainerBalancerTask (ContainerBalancerTask.java:lambda$moveContainer$3(837)) - Container move completed for container #66 from source 7b2f3d4c-ca25-42f3-b139-78a01c526c80 to target 63ed42ec-28e6-4693-a4b8-2f775114e637
2023-09-12 21:14:00,926 [main] DEBUG balancer.ContainerBalancerTask (ContainerBalancerTask.java:matchSourceWithTarget(708)) - ContainerBalancer is finding suitable target for source datanode 3243c23f-eeb9-4746-81d0-9fd5fea8c92c
2023-09-12 21:14:00,926 [main] INFO  balancer.ContainerBalancerTask (ContainerBalancerTask.java:matchSourceWithTarget(722)) - ContainerBalancer matched source datanode 3243c23f-eeb9-4746-81d0-9fd5fea8c92c with target datanode 63ed42ec-28e6-4693-a4b8-2f775114e637 for container move.
2023-09-12 21:14:00,926 [main] INFO  balancer.ContainerBalancerTask (ContainerBalancerTask.java:processMoveSelection(569)) - ContainerBalancer is trying to move container #38 with size 3221225472B from source datanode 3243c23f-eeb9-4746-81d0-9fd5fea8c92c to target datanode 63ed42ec-28e6-4693-a4b8-2f775114e637
2023-09-12 21:14:00,926 [main] DEBUG balancer.ContainerBalancerTask (ContainerBalancerTask.java:lambda$moveContainer$3(837)) - Container move completed for container #38 from source 3243c23f-eeb9-4746-81d0-9fd5fea8c92c to target 63ed42ec-28e6-4693-a4b8-2f775114e637
2023-09-12 21:14:00,928 [main] DEBUG balancer.ContainerBalancerTask (ContainerBalancerTask.java:matchSourceWithTarget(708)) - ContainerBalancer is finding suitable target for source datanode 8b7d5063-613d-4d91-a7df-612a126898ec
2023-09-12 21:14:00,928 [main] INFO  balancer.ContainerBalancerTask (ContainerBalancerTask.java:matchSourceWithTarget(722)) - ContainerBalancer matched source datanode 8b7d5063-613d-4d91-a7df-612a126898ec with target datanode 63ed42ec-28e6-4693-a4b8-2f775114e637 for container move.
2023-09-12 21:14:00,928 [main] INFO  balancer.ContainerBalancerTask (ContainerBalancerTask.java:processMoveSelection(569)) - ContainerBalancer is trying to move container #49 with size 1073741824B from source datanode 8b7d5063-613d-4d91-a7df-612a126898ec to target datanode 63ed42ec-28e6-4693-a4b8-2f775114e637
2023-09-12 21:14:00,928 [main] DEBUG balancer.ContainerBalancerTask (ContainerBalancerTask.java:lambda$moveContainer$3(837)) - Container move completed for container #49 from source 8b7d5063-613d-4d91-a7df-612a126898ec to target 63ed42ec-28e6-4693-a4b8-2f775114e637
2023-09-12 21:14:00,932 [main] DEBUG balancer.ContainerBalancerTask (ContainerBalancerTask.java:matchSourceWithTarget(708)) - ContainerBalancer is finding suitable target for source datanode 7b2f3d4c-ca25-42f3-b139-78a01c526c80
2023-09-12 21:14:00,932 [main] INFO  balancer.ContainerBalancerTask (ContainerBalancerTask.java:matchSourceWithTarget(722)) - ContainerBalancer matched source datanode 7b2f3d4c-ca25-42f3-b139-78a01c526c80 with target datanode 63ed42ec-28e6-4693-a4b8-2f775114e637 for container move.
2023-09-12 21:14:00,932 [main] INFO  balancer.ContainerBalancerTask (ContainerBalancerTask.java:processMoveSelection(569)) - ContainerBalancer is trying to move container #41 with size 1073741824B from source datanode 7b2f3d4c-ca25-42f3-b139-78a01c526c80 to target datanode 63ed42ec-28e6-4693-a4b8-2f775114e637
2023-09-12 21:14:00,933 [main] DEBUG balancer.ContainerBalancerTask (ContainerBalancerTask.java:lambda$moveContainer$3(837)) - Container move completed for container #41 from source 7b2f3d4c-ca25-42f3-b139-78a01c526c80 to target 63ed42ec-28e6-4693-a4b8-2f775114e637
2023-09-12 21:14:00,933 [main] WARN  balancer.ContainerBalancerTask (ContainerBalancerTask.java:reachedMaxSizeToMovePerIteration(733)) - Reached max size to move limit. 53687091200 bytes have already been scheduled for balancing and the limit is 53687091200 bytes.
2023-09-12 21:14:00,933 [main] INFO  balancer.ContainerBalancerTask (ContainerBalancerTask.java:checkIterationMoveResults(642)) - Iteration Summary. Number of Datanodes involved: 6. Size moved: 50 GB (53687091200 Bytes). Number of Container moves completed: 16.
2023-09-12 21:14:00,933 [main] INFO  balancer.ContainerBalancerTask (ContainerBalancerTask.java:balance(259)) - Result of this iteration of Container Balancer: ITERATION_COMPLETED
2023-09-12 21:14:00,933 [main] INFO  balancer.ContainerBalancerTask (ContainerBalancerTask.java:tryStopWithSaveConfiguration(308)) - Save Configuration for stopping. Reason: Completed all iterations.
2023-09-12 21:14:00,934 [main] DEBUG balancer.ContainerBalancerTask (ContainerBalancerTask.java:initializeIteration(374)) - Average utilization of the cluster is 0.3033549815943624
2023-09-12 21:14:00,934 [main] DEBUG balancer.ContainerBalancerTask (ContainerBalancerTask.java:initializeIteration(386)) - Lower limit for utilization is 0.008369829068033241 and Upper limit for utilization is 0.5983401341206915
2023-09-12 21:14:00,934 [main] DEBUG balancer.ContainerBalancerTask (ContainerBalancerTask.java:initializeIteration(398)) - Utilization for node 8b7d5063-613d-4d91-a7df-612a126898ec with capacity 35791394133B, used 32212254720B, and remaining 3579139413B is 0.9000000000083819
2023-09-12 21:14:00,934 [main] DEBUG balancer.ContainerBalancerTask (ContainerBalancerTask.java:initializeIteration(398)) - Utilization for node 070e469f-3ca0-45b5-98cf-e8dd24430fdf with capacity 49660559360B, used 39728447488B, and remaining 9932111872B is 0.8
2023-09-12 21:14:00,934 [main] DEBUG balancer.ContainerBalancerTask (ContainerBalancerTask.java:initializeIteration(398)) - Utilization for node 7b2f3d4c-ca25-42f3-b139-78a01c526c80 with capacity 95102847268B, used 66571993088B, and remaining 28530854180B is 0.7000000000042059
2023-09-12 21:14:00,934 [main] DEBUG balancer.ContainerBalancerTask (ContainerBalancerTask.java:initializeIteration(398)) - Utilization for node 3243c23f-eeb9-4746-81d0-9fd5fea8c92c with capacity 80530636800B, used 48318382080B, and remaining 32212254720B is 0.6
2023-09-12 21:14:00,935 [main] DEBUG balancer.ContainerBalancerTask (ContainerBalancerTask.java:initializeIteration(398)) - Utilization for node 9942fb12-d332-42ed-9d6a-3aff0c5b7504 with capacity 79456894976B, used 39728447488B, and remaining 39728447488B is 0.5
2023-09-12 21:14:00,935 [main] DEBUG balancer.ContainerBalancerTask (ContainerBalancerTask.java:initializeIteration(398)) - Utilization for node 6ea9cdb6-40b0-4eeb-9407-c7185c90052b with capacity 72477573120B, used 28991029248B, and remaining 43486543872B is 0.4
2023-09-12 21:14:00,935 [main] DEBUG balancer.ContainerBalancerTask (ContainerBalancerTask.java:initializeIteration(398)) - Utilization for node a2a0e2e7-ae45-4fef-bce6-4d93462c0fc6 with capacity 125269879466B, used 37580963840B, and remaining 87688915626B is 0.30000000000159655
2023-09-12 21:14:00,935 [main] DEBUG balancer.ContainerBalancerTask (ContainerBalancerTask.java:initializeIteration(398)) - Utilization for node 6be0a4b7-0a2f-4016-ae64-0dd4ea836ea4 with capacity 236223201280B, used 47244640256B, and remaining 188978561024B is 0.2
2023-09-12 21:14:00,935 [main] DEBUG balancer.ContainerBalancerTask (ContainerBalancerTask.java:initializeIteration(398)) - Utilization for node 63ed42ec-28e6-4693-a4b8-2f775114e637 with capacity 483183820800B, used 48318382080B, and remaining 434865438720B is 0.1
2023-09-12 21:14:00,935 [main] DEBUG balancer.ContainerBalancerTask (ContainerBalancerTask.java:initializeIteration(398)) - Utilization for node a683902e-022d-4de0-abb8-1cb890a4490a with capacity 23622320128B, used 0B, and remaining 23622320128B is 0.0
2023-09-12 21:14:00,935 [main] INFO  balancer.ContainerBalancerTask (ContainerBalancerTask.java:initializeIteration(447)) - Container Balancer has identified 4 Over-Utilized and 1 Under-Utilized Datanodes that need to be balanced.
2023-09-12 21:14:00,935 [main] DEBUG balancer.ContainerBalancerTask (ContainerBalancerTask.java:lambda$initializeIteration$1(453)) - Datanode localhost-2.101.7.160 8b7d5063-613d-4d91-a7df-612a126898ec is Over-Utilized.
2023-09-12 21:14:00,935 [main] DEBUG balancer.ContainerBalancerTask (ContainerBalancerTask.java:lambda$initializeIteration$1(453)) - Datanode localhost-237.218.167.41 070e469f-3ca0-45b5-98cf-e8dd24430fdf is Over-Utilized.
2023-09-12 21:14:00,935 [main] DEBUG balancer.ContainerBalancerTask (ContainerBalancerTask.java:lambda$initializeIteration$1(453)) - Datanode localhost-244.245.40.170 7b2f3d4c-ca25-42f3-b139-78a01c526c80 is Over-Utilized.
2023-09-12 21:14:00,935 [main] DEBUG balancer.ContainerBalancerTask (ContainerBalancerTask.java:lambda$initializeIteration$1(453)) - Datanode localhost-233.178.191.166 3243c23f-eeb9-4746-81d0-9fd5fea8c92c is Over-Utilized.
2023-09-12 21:14:00,936 [main] DEBUG balancer.ContainerBalancerTask (ContainerBalancerTask.java:lambda$initializeIteration$2(459)) - Datanode localhost-32.56.199.203 a683902e-022d-4de0-abb8-1cb890a4490a is Under-Utilized.
2023-09-12 21:14:00,937 [main] DEBUG balancer.ContainerBalancerTask (ContainerBalancerTask.java:matchSourceWithTarget(708)) - ContainerBalancer is finding suitable target for source datanode 8b7d5063-613d-4d91-a7df-612a126898ec
2023-09-12 21:14:00,937 [main] INFO  balancer.ContainerBalancerTask (ContainerBalancerTask.java:matchSourceWithTarget(722)) - ContainerBalancer matched source datanode 8b7d5063-613d-4d91-a7df-612a126898ec with target datanode a683902e-022d-4de0-abb8-1cb890a4490a for container move.
2023-09-12 21:14:00,937 [main] INFO  balancer.ContainerBalancerTask (ContainerBalancerTask.java:processMoveSelection(569)) - ContainerBalancer is trying to move container #85 with size 5368709120B from source datanode 8b7d5063-613d-4d91-a7df-612a126898ec to target datanode a683902e-022d-4de0-abb8-1cb890a4490a
2023-09-12 21:14:00,938 [main] DEBUG balancer.ContainerBalancerTask (ContainerBalancerTask.java:lambda$moveContainer$3(837)) - Container move completed for container #85 from source 8b7d5063-613d-4d91-a7df-612a126898ec to target a683902e-022d-4de0-abb8-1cb890a4490a
2023-09-12 21:14:00,939 [main] DEBUG balancer.ContainerBalancerTask (ContainerBalancerTask.java:matchSourceWithTarget(708)) - ContainerBalancer is finding suitable target for source datanode 070e469f-3ca0-45b5-98cf-e8dd24430fdf
2023-09-12 21:14:00,939 [main] INFO  balancer.ContainerBalancerTask (ContainerBalancerTask.java:matchSourceWithTarget(722)) - ContainerBalancer matched source datanode 070e469f-3ca0-45b5-98cf-e8dd24430fdf with target datanode a683902e-022d-4de0-abb8-1cb890a4490a for container move.
2023-09-12 21:14:00,940 [main] INFO  balancer.ContainerBalancerTask (ContainerBalancerTask.java:processMoveSelection(569)) - ContainerBalancer is trying to move container #68 with size 5368709120B from source datanode 070e469f-3ca0-45b5-98cf-e8dd24430fdf to target datanode a683902e-022d-4de0-abb8-1cb890a4490a
2023-09-12 21:14:00,940 [main] DEBUG balancer.ContainerBalancerTask (ContainerBalancerTask.java:lambda$moveContainer$3(837)) - Container move completed for container #68 from source 070e469f-3ca0-45b5-98cf-e8dd24430fdf to target a683902e-022d-4de0-abb8-1cb890a4490a
2023-09-12 21:14:00,941 [main] DEBUG balancer.ContainerBalancerTask (ContainerBalancerTask.java:matchSourceWithTarget(708)) - ContainerBalancer is finding suitable target for source datanode 8b7d5063-613d-4d91-a7df-612a126898ec
2023-09-12 21:14:00,942 [main] INFO  balancer.ContainerBalancerTask (ContainerBalancerTask.java:matchSourceWithTarget(722)) - ContainerBalancer matched source datanode 8b7d5063-613d-4d91-a7df-612a126898ec with target datanode a683902e-022d-4de0-abb8-1cb890a4490a for container move.
2023-09-12 21:14:00,942 [main] INFO  balancer.ContainerBalancerTask (ContainerBalancerTask.java:processMoveSelection(569)) - ContainerBalancer is trying to move container #88 with size 3221225472B from source datanode 8b7d5063-613d-4d91-a7df-612a126898ec to target datanode a683902e-022d-4de0-abb8-1cb890a4490a
2023-09-12 21:14:00,942 [main] DEBUG balancer.ContainerBalancerTask (ContainerBalancerTask.java:lambda$moveContainer$3(837)) - Container move completed for container #88 from source 8b7d5063-613d-4d91-a7df-612a126898ec to target a683902e-022d-4de0-abb8-1cb890a4490a
2023-09-12 21:14:00,946 [main] DEBUG balancer.ContainerBalancerTask (ContainerBalancerTask.java:matchSourceWithTarget(708)) - ContainerBalancer is finding suitable target for source datanode 7b2f3d4c-ca25-42f3-b139-78a01c526c80
2023-09-12 21:14:00,947 [main] INFO  balancer.FindTargetGreedyByUsageInfo (AbstractFindTargetGreedy.java:findTargetForContainerMove(133)) - Container Balancer could not find a target for source datanode 7b2f3d4c-ca25-42f3-b139-78a01c526c80
2023-09-12 21:14:00,947 [main] DEBUG balancer.ContainerBalancerTask (ContainerBalancerTask.java:matchSourceWithTarget(717)) - ContainerBalancer could not find a suitable target for source node 7b2f3d4c-ca25-42f3-b139-78a01c526c80.
2023-09-12 21:14:00,949 [main] DEBUG balancer.ContainerBalancerTask (ContainerBalancerTask.java:matchSourceWithTarget(708)) - ContainerBalancer is finding suitable target for source datanode 070e469f-3ca0-45b5-98cf-e8dd24430fdf
2023-09-12 21:14:00,949 [main] INFO  balancer.FindTargetGreedyByUsageInfo (AbstractFindTargetGreedy.java:findTargetForContainerMove(133)) - Container Balancer could not find a target for source datanode 070e469f-3ca0-45b5-98cf-e8dd24430fdf
2023-09-12 21:14:00,950 [main] DEBUG balancer.ContainerBalancerTask (ContainerBalancerTask.java:matchSourceWithTarget(717)) - ContainerBalancer could not find a suitable target for source node 070e469f-3ca0-45b5-98cf-e8dd24430fdf.
2023-09-12 21:14:00,951 [main] DEBUG balancer.ContainerBalancerTask (ContainerBalancerTask.java:matchSourceWithTarget(708)) - ContainerBalancer is finding suitable target for source datanode 8b7d5063-613d-4d91-a7df-612a126898ec
2023-09-12 21:14:00,952 [main] INFO  balancer.FindTargetGreedyByUsageInfo (AbstractFindTargetGreedy.java:findTargetForContainerMove(133)) - Container Balancer could not find a target for source datanode 8b7d5063-613d-4d91-a7df-612a126898ec
2023-09-12 21:14:00,952 [main] DEBUG balancer.ContainerBalancerTask (ContainerBalancerTask.java:matchSourceWithTarget(717)) - ContainerBalancer could not find a suitable target for source node 8b7d5063-613d-4d91-a7df-612a126898ec.
2023-09-12 21:14:00,954 [main] DEBUG balancer.ContainerBalancerTask (ContainerBalancerTask.java:matchSourceWithTarget(708)) - ContainerBalancer is finding suitable target for source datanode 3243c23f-eeb9-4746-81d0-9fd5fea8c92c
2023-09-12 21:14:00,955 [main] INFO  balancer.FindTargetGreedyByUsageInfo (AbstractFindTargetGreedy.java:findTargetForContainerMove(133)) - Container Balancer could not find a target for source datanode 3243c23f-eeb9-4746-81d0-9fd5fea8c92c
2023-09-12 21:14:00,955 [main] DEBUG balancer.ContainerBalancerTask (ContainerBalancerTask.java:matchSourceWithTarget(717)) - ContainerBalancer could not find a suitable target for source node 3243c23f-eeb9-4746-81d0-9fd5fea8c92c.
2023-09-12 21:14:00,955 [main] INFO  balancer.FindSourceGreedy (FindSourceGreedy.java:getNextCandidateSourceDataNode(126)) - no more candidate source data node
2023-09-12 21:14:00,955 [main] INFO  balancer.ContainerBalancerTask (ContainerBalancerTask.java:checkIterationMoveResults(642)) - Iteration Summary. Number of Datanodes involved: 3. Size moved: 13 GB (13958643712 Bytes). Number of Container moves completed: 3.
2023-09-12 21:14:00,955 [main] INFO  balancer.ContainerBalancerTask (ContainerBalancerTask.java:balance(259)) - Result of this iteration of Container Balancer: ITERATION_COMPLETED
2023-09-12 21:14:00,956 [main] INFO  balancer.ContainerBalancerTask (ContainerBalancerTask.java:tryStopWithSaveConfiguration(308)) - Save Configuration for stopping. Reason: Completed all iterations.
]]></system-out>
  </testcase>
  <testcase name="balancerShouldObeyMaxSizeEnteringTargetLimit" classname="org.apache.hadoop.hdds.scm.container.balancer.TestContainerBalancerTask" time="0.194">
    <system-out><![CDATA[2023-09-12 21:14:00,980 [main] INFO  net.NodeSchemaLoader (NodeSchemaLoader.java:loadSchemaFromFile(129)) - Loading schema from [file:/home/runner/work/ozone/ozone/hadoop-hdds/common/target/classes/network-topology-default.xml]
2023-09-12 21:14:00,980 [main] INFO  net.NodeSchemaLoader (NodeSchemaLoader.java:loadSchema(176)) - Loading network topology layer schema file
2023-09-12 21:14:00,982 [main] INFO  net.NetworkTopologyImpl (NetworkTopologyImpl.java:add(112)) - Added a new node: /default-rack/3721d146-488a-467d-bdac-94b6ddd741cc
2023-09-12 21:14:00,982 [main] INFO  net.NetworkTopologyImpl (NetworkTopologyImpl.java:add(112)) - Added a new node: /default-rack/ae2ba97b-3473-47cc-838c-e4ffcc6ef3b1
2023-09-12 21:14:00,982 [main] INFO  net.NetworkTopologyImpl (NetworkTopologyImpl.java:add(112)) - Added a new node: /default-rack/416fd14a-23b9-4c79-ad5f-31cbc6136a57
2023-09-12 21:14:00,982 [main] INFO  net.NetworkTopologyImpl (NetworkTopologyImpl.java:add(112)) - Added a new node: /default-rack/8fd60e8f-32eb-44d1-b435-15c42ac8a422
2023-09-12 21:14:00,982 [main] INFO  net.NetworkTopologyImpl (NetworkTopologyImpl.java:add(112)) - Added a new node: /default-rack/359a1dc0-9878-4d3e-8776-d8e41f44d9b2
2023-09-12 21:14:00,983 [main] INFO  net.NetworkTopologyImpl (NetworkTopologyImpl.java:add(112)) - Added a new node: /default-rack/2ab0017a-bbcd-4f8e-956c-74fb0d83ef34
2023-09-12 21:14:00,983 [main] INFO  net.NetworkTopologyImpl (NetworkTopologyImpl.java:add(112)) - Added a new node: /default-rack/ca6c0a04-0951-4baa-89c7-b092ba01b3ee
2023-09-12 21:14:00,983 [main] INFO  net.NetworkTopologyImpl (NetworkTopologyImpl.java:add(112)) - Added a new node: /default-rack/9915ef81-4009-4c8c-80c7-19d3a834c45b
2023-09-12 21:14:00,983 [main] INFO  net.NetworkTopologyImpl (NetworkTopologyImpl.java:add(112)) - Added a new node: /default-rack/6f9beda5-ff30-4b15-8175-6778a6056e1f
2023-09-12 21:14:00,983 [main] INFO  net.NetworkTopologyImpl (NetworkTopologyImpl.java:add(112)) - Added a new node: /default-rack/156a7f34-5052-4ebc-99e8-2e764a8c5c0d
2023-09-12 21:14:00,983 [main] INFO  algorithms.ContainerPlacementPolicyFactory (ContainerPlacementPolicyFactory.java:getPolicyInternal(86)) - Create container placement policy of type org.apache.hadoop.hdds.scm.container.placement.algorithms.SCMContainerPlacementRackAware
2023-09-12 21:14:00,983 [main] INFO  algorithms.ContainerPlacementPolicyFactory (ContainerPlacementPolicyFactory.java:getPolicyInternal(86)) - Create container placement policy of type org.apache.hadoop.hdds.scm.container.placement.algorithms.SCMContainerPlacementRackScatter
2023-09-12 21:14:00,986 [main] DEBUG balancer.ContainerBalancerTask (ContainerBalancerTask.java:initializeIteration(374)) - Average utilization of the cluster is 0.3322154213903574
2023-09-12 21:14:00,986 [main] DEBUG balancer.ContainerBalancerTask (ContainerBalancerTask.java:initializeIteration(386)) - Lower limit for utilization is 0.23221542139035742 and Upper limit for utilization is 0.4322154213903574
2023-09-12 21:14:00,986 [main] DEBUG balancer.ContainerBalancerTask (ContainerBalancerTask.java:initializeIteration(398)) - Utilization for node ca6c0a04-0951-4baa-89c7-b092ba01b3ee with capacity 59652323555B, used 53687091200B, and remaining 5965232355B is 0.9000000000083819
2023-09-12 21:14:00,986 [main] DEBUG balancer.ContainerBalancerTask (ContainerBalancerTask.java:initializeIteration(398)) - Utilization for node 2ab0017a-bbcd-4f8e-956c-74fb0d83ef34 with capacity 64424509440B, used 51539607552B, and remaining 12884901888B is 0.8
2023-09-12 21:14:00,986 [main] DEBUG balancer.ContainerBalancerTask (ContainerBalancerTask.java:initializeIteration(398)) - Utilization for node 6f9beda5-ff30-4b15-8175-6778a6056e1f with capacity 69026260114B, used 48318382080B, and remaining 20707878034B is 0.7000000000028974
2023-09-12 21:14:00,987 [main] DEBUG balancer.ContainerBalancerTask (ContainerBalancerTask.java:initializeIteration(398)) - Utilization for node 359a1dc0-9878-4d3e-8776-d8e41f44d9b2 with capacity 85899345920B, used 51539607552B, and remaining 34359738368B is 0.6
2023-09-12 21:14:00,987 [main] DEBUG balancer.ContainerBalancerTask (ContainerBalancerTask.java:initializeIteration(398)) - Utilization for node ae2ba97b-3473-47cc-838c-e4ffcc6ef3b1 with capacity 53687091200B, used 26843545600B, and remaining 26843545600B is 0.5
2023-09-12 21:14:00,987 [main] DEBUG balancer.ContainerBalancerTask (ContainerBalancerTask.java:initializeIteration(398)) - Utilization for node 156a7f34-5052-4ebc-99e8-2e764a8c5c0d with capacity 99321118720B, used 39728447488B, and remaining 59592671232B is 0.4
2023-09-12 21:14:00,987 [main] DEBUG balancer.ContainerBalancerTask (ContainerBalancerTask.java:initializeIteration(398)) - Utilization for node 416fd14a-23b9-4c79-ad5f-31cbc6136a57 with capacity 143165576533B, used 42949672960B, and remaining 100215903573B is 0.3000000000006985
2023-09-12 21:14:00,987 [main] DEBUG balancer.ContainerBalancerTask (ContainerBalancerTask.java:initializeIteration(398)) - Utilization for node 9915ef81-4009-4c8c-80c7-19d3a834c45b with capacity 182536110080B, used 36507222016B, and remaining 146028888064B is 0.2
2023-09-12 21:14:00,987 [main] DEBUG balancer.ContainerBalancerTask (ContainerBalancerTask.java:initializeIteration(398)) - Utilization for node 3721d146-488a-467d-bdac-94b6ddd741cc with capacity 397284474880B, used 39728447488B, and remaining 357556027392B is 0.1
2023-09-12 21:14:00,987 [main] DEBUG balancer.ContainerBalancerTask (ContainerBalancerTask.java:initializeIteration(398)) - Utilization for node 8fd60e8f-32eb-44d1-b435-15c42ac8a422 with capacity 21474836480B, used 0B, and remaining 21474836480B is 0.0
2023-09-12 21:14:00,987 [main] INFO  balancer.ContainerBalancerTask (ContainerBalancerTask.java:initializeIteration(447)) - Container Balancer has identified 5 Over-Utilized and 3 Under-Utilized Datanodes that need to be balanced.
2023-09-12 21:14:00,987 [main] DEBUG balancer.ContainerBalancerTask (ContainerBalancerTask.java:lambda$initializeIteration$1(453)) - Datanode localhost-85.113.142.41 ca6c0a04-0951-4baa-89c7-b092ba01b3ee is Over-Utilized.
2023-09-12 21:14:00,987 [main] DEBUG balancer.ContainerBalancerTask (ContainerBalancerTask.java:lambda$initializeIteration$1(453)) - Datanode localhost-20.219.60.85 2ab0017a-bbcd-4f8e-956c-74fb0d83ef34 is Over-Utilized.
2023-09-12 21:14:00,987 [main] DEBUG balancer.ContainerBalancerTask (ContainerBalancerTask.java:lambda$initializeIteration$1(453)) - Datanode localhost-182.106.26.34 6f9beda5-ff30-4b15-8175-6778a6056e1f is Over-Utilized.
2023-09-12 21:14:00,988 [main] DEBUG balancer.ContainerBalancerTask (ContainerBalancerTask.java:lambda$initializeIteration$1(453)) - Datanode localhost-119.236.66.252 359a1dc0-9878-4d3e-8776-d8e41f44d9b2 is Over-Utilized.
2023-09-12 21:14:00,988 [main] DEBUG balancer.ContainerBalancerTask (ContainerBalancerTask.java:lambda$initializeIteration$1(453)) - Datanode localhost-44.165.141.184 ae2ba97b-3473-47cc-838c-e4ffcc6ef3b1 is Over-Utilized.
2023-09-12 21:14:00,988 [main] DEBUG balancer.ContainerBalancerTask (ContainerBalancerTask.java:lambda$initializeIteration$2(459)) - Datanode localhost-76.115.0.211 8fd60e8f-32eb-44d1-b435-15c42ac8a422 is Under-Utilized.
2023-09-12 21:14:00,988 [main] DEBUG balancer.ContainerBalancerTask (ContainerBalancerTask.java:lambda$initializeIteration$2(459)) - Datanode localhost-3.139.239.70 3721d146-488a-467d-bdac-94b6ddd741cc is Under-Utilized.
2023-09-12 21:14:00,988 [main] DEBUG balancer.ContainerBalancerTask (ContainerBalancerTask.java:lambda$initializeIteration$2(459)) - Datanode localhost-141.184.89.130 9915ef81-4009-4c8c-80c7-19d3a834c45b is Under-Utilized.
2023-09-12 21:14:00,990 [main] DEBUG balancer.ContainerBalancerTask (ContainerBalancerTask.java:matchSourceWithTarget(708)) - ContainerBalancer is finding suitable target for source datanode ca6c0a04-0951-4baa-89c7-b092ba01b3ee
2023-09-12 21:14:00,993 [main] INFO  balancer.FindTargetGreedyByUsageInfo (AbstractFindTargetGreedy.java:findTargetForContainerMove(133)) - Container Balancer could not find a target for source datanode ca6c0a04-0951-4baa-89c7-b092ba01b3ee
2023-09-12 21:14:00,993 [main] DEBUG balancer.ContainerBalancerTask (ContainerBalancerTask.java:matchSourceWithTarget(717)) - ContainerBalancer could not find a suitable target for source node ca6c0a04-0951-4baa-89c7-b092ba01b3ee.
2023-09-12 21:14:00,995 [main] DEBUG balancer.ContainerBalancerTask (ContainerBalancerTask.java:matchSourceWithTarget(708)) - ContainerBalancer is finding suitable target for source datanode 2ab0017a-bbcd-4f8e-956c-74fb0d83ef34
2023-09-12 21:14:00,997 [main] INFO  balancer.FindTargetGreedyByUsageInfo (AbstractFindTargetGreedy.java:findTargetForContainerMove(133)) - Container Balancer could not find a target for source datanode 2ab0017a-bbcd-4f8e-956c-74fb0d83ef34
2023-09-12 21:14:00,998 [main] DEBUG balancer.ContainerBalancerTask (ContainerBalancerTask.java:matchSourceWithTarget(717)) - ContainerBalancer could not find a suitable target for source node 2ab0017a-bbcd-4f8e-956c-74fb0d83ef34.
2023-09-12 21:14:01,000 [main] DEBUG balancer.ContainerBalancerTask (ContainerBalancerTask.java:matchSourceWithTarget(708)) - ContainerBalancer is finding suitable target for source datanode 6f9beda5-ff30-4b15-8175-6778a6056e1f
2023-09-12 21:14:01,002 [main] INFO  balancer.FindTargetGreedyByUsageInfo (AbstractFindTargetGreedy.java:findTargetForContainerMove(133)) - Container Balancer could not find a target for source datanode 6f9beda5-ff30-4b15-8175-6778a6056e1f
2023-09-12 21:14:01,002 [main] DEBUG balancer.ContainerBalancerTask (ContainerBalancerTask.java:matchSourceWithTarget(717)) - ContainerBalancer could not find a suitable target for source node 6f9beda5-ff30-4b15-8175-6778a6056e1f.
2023-09-12 21:14:01,004 [main] DEBUG balancer.ContainerBalancerTask (ContainerBalancerTask.java:matchSourceWithTarget(708)) - ContainerBalancer is finding suitable target for source datanode 359a1dc0-9878-4d3e-8776-d8e41f44d9b2
2023-09-12 21:14:01,007 [main] INFO  balancer.FindTargetGreedyByUsageInfo (AbstractFindTargetGreedy.java:findTargetForContainerMove(133)) - Container Balancer could not find a target for source datanode 359a1dc0-9878-4d3e-8776-d8e41f44d9b2
2023-09-12 21:14:01,007 [main] DEBUG balancer.ContainerBalancerTask (ContainerBalancerTask.java:matchSourceWithTarget(717)) - ContainerBalancer could not find a suitable target for source node 359a1dc0-9878-4d3e-8776-d8e41f44d9b2.
2023-09-12 21:14:01,008 [main] DEBUG balancer.ContainerBalancerTask (ContainerBalancerTask.java:matchSourceWithTarget(708)) - ContainerBalancer is finding suitable target for source datanode ae2ba97b-3473-47cc-838c-e4ffcc6ef3b1
2023-09-12 21:14:01,009 [main] INFO  balancer.FindTargetGreedyByUsageInfo (AbstractFindTargetGreedy.java:findTargetForContainerMove(133)) - Container Balancer could not find a target for source datanode ae2ba97b-3473-47cc-838c-e4ffcc6ef3b1
2023-09-12 21:14:01,009 [main] DEBUG balancer.ContainerBalancerTask (ContainerBalancerTask.java:matchSourceWithTarget(717)) - ContainerBalancer could not find a suitable target for source node ae2ba97b-3473-47cc-838c-e4ffcc6ef3b1.
2023-09-12 21:14:01,009 [main] INFO  balancer.FindSourceGreedy (FindSourceGreedy.java:getNextCandidateSourceDataNode(126)) - no more candidate source data node
2023-09-12 21:14:01,009 [main] INFO  balancer.ContainerBalancerTask (ContainerBalancerTask.java:balance(259)) - Result of this iteration of Container Balancer: CAN_NOT_BALANCE_ANY_MORE
2023-09-12 21:14:01,010 [main] INFO  balancer.ContainerBalancerTask (ContainerBalancerTask.java:tryStopWithSaveConfiguration(308)) - Save Configuration for stopping. Reason: CAN_NOT_BALANCE_ANY_MORE
2023-09-12 21:14:01,021 [main] DEBUG balancer.ContainerBalancerTask (ContainerBalancerTask.java:initializeIteration(374)) - Average utilization of the cluster is 0.3322154213903574
2023-09-12 21:14:01,021 [main] DEBUG balancer.ContainerBalancerTask (ContainerBalancerTask.java:initializeIteration(386)) - Lower limit for utilization is 0.23221542139035742 and Upper limit for utilization is 0.4322154213903574
2023-09-12 21:14:01,021 [main] DEBUG balancer.ContainerBalancerTask (ContainerBalancerTask.java:initializeIteration(398)) - Utilization for node ca6c0a04-0951-4baa-89c7-b092ba01b3ee with capacity 59652323555B, used 53687091200B, and remaining 5965232355B is 0.9000000000083819
2023-09-12 21:14:01,021 [main] DEBUG balancer.ContainerBalancerTask (ContainerBalancerTask.java:initializeIteration(398)) - Utilization for node 2ab0017a-bbcd-4f8e-956c-74fb0d83ef34 with capacity 64424509440B, used 51539607552B, and remaining 12884901888B is 0.8
2023-09-12 21:14:01,021 [main] DEBUG balancer.ContainerBalancerTask (ContainerBalancerTask.java:initializeIteration(398)) - Utilization for node 6f9beda5-ff30-4b15-8175-6778a6056e1f with capacity 69026260114B, used 48318382080B, and remaining 20707878034B is 0.7000000000028974
2023-09-12 21:14:01,021 [main] DEBUG balancer.ContainerBalancerTask (ContainerBalancerTask.java:initializeIteration(398)) - Utilization for node 359a1dc0-9878-4d3e-8776-d8e41f44d9b2 with capacity 85899345920B, used 51539607552B, and remaining 34359738368B is 0.6
2023-09-12 21:14:01,022 [main] DEBUG balancer.ContainerBalancerTask (ContainerBalancerTask.java:initializeIteration(398)) - Utilization for node ae2ba97b-3473-47cc-838c-e4ffcc6ef3b1 with capacity 53687091200B, used 26843545600B, and remaining 26843545600B is 0.5
2023-09-12 21:14:01,022 [main] DEBUG balancer.ContainerBalancerTask (ContainerBalancerTask.java:initializeIteration(398)) - Utilization for node 156a7f34-5052-4ebc-99e8-2e764a8c5c0d with capacity 99321118720B, used 39728447488B, and remaining 59592671232B is 0.4
2023-09-12 21:14:01,022 [main] DEBUG balancer.ContainerBalancerTask (ContainerBalancerTask.java:initializeIteration(398)) - Utilization for node 416fd14a-23b9-4c79-ad5f-31cbc6136a57 with capacity 143165576533B, used 42949672960B, and remaining 100215903573B is 0.3000000000006985
2023-09-12 21:14:01,022 [main] DEBUG balancer.ContainerBalancerTask (ContainerBalancerTask.java:initializeIteration(398)) - Utilization for node 9915ef81-4009-4c8c-80c7-19d3a834c45b with capacity 182536110080B, used 36507222016B, and remaining 146028888064B is 0.2
2023-09-12 21:14:01,022 [main] DEBUG balancer.ContainerBalancerTask (ContainerBalancerTask.java:initializeIteration(398)) - Utilization for node 3721d146-488a-467d-bdac-94b6ddd741cc with capacity 397284474880B, used 39728447488B, and remaining 357556027392B is 0.1
2023-09-12 21:14:01,022 [main] DEBUG balancer.ContainerBalancerTask (ContainerBalancerTask.java:initializeIteration(398)) - Utilization for node 8fd60e8f-32eb-44d1-b435-15c42ac8a422 with capacity 21474836480B, used 0B, and remaining 21474836480B is 0.0
2023-09-12 21:14:01,022 [main] INFO  balancer.ContainerBalancerTask (ContainerBalancerTask.java:initializeIteration(447)) - Container Balancer has identified 5 Over-Utilized and 3 Under-Utilized Datanodes that need to be balanced.
2023-09-12 21:14:01,022 [main] DEBUG balancer.ContainerBalancerTask (ContainerBalancerTask.java:lambda$initializeIteration$1(453)) - Datanode localhost-85.113.142.41 ca6c0a04-0951-4baa-89c7-b092ba01b3ee is Over-Utilized.
2023-09-12 21:14:01,022 [main] DEBUG balancer.ContainerBalancerTask (ContainerBalancerTask.java:lambda$initializeIteration$1(453)) - Datanode localhost-20.219.60.85 2ab0017a-bbcd-4f8e-956c-74fb0d83ef34 is Over-Utilized.
2023-09-12 21:14:01,022 [main] DEBUG balancer.ContainerBalancerTask (ContainerBalancerTask.java:lambda$initializeIteration$1(453)) - Datanode localhost-182.106.26.34 6f9beda5-ff30-4b15-8175-6778a6056e1f is Over-Utilized.
2023-09-12 21:14:01,022 [main] DEBUG balancer.ContainerBalancerTask (ContainerBalancerTask.java:lambda$initializeIteration$1(453)) - Datanode localhost-119.236.66.252 359a1dc0-9878-4d3e-8776-d8e41f44d9b2 is Over-Utilized.
2023-09-12 21:14:01,022 [main] DEBUG balancer.ContainerBalancerTask (ContainerBalancerTask.java:lambda$initializeIteration$1(453)) - Datanode localhost-44.165.141.184 ae2ba97b-3473-47cc-838c-e4ffcc6ef3b1 is Over-Utilized.
2023-09-12 21:14:01,023 [main] DEBUG balancer.ContainerBalancerTask (ContainerBalancerTask.java:lambda$initializeIteration$2(459)) - Datanode localhost-76.115.0.211 8fd60e8f-32eb-44d1-b435-15c42ac8a422 is Under-Utilized.
2023-09-12 21:14:01,023 [main] DEBUG balancer.ContainerBalancerTask (ContainerBalancerTask.java:lambda$initializeIteration$2(459)) - Datanode localhost-3.139.239.70 3721d146-488a-467d-bdac-94b6ddd741cc is Under-Utilized.
2023-09-12 21:14:01,023 [main] DEBUG balancer.ContainerBalancerTask (ContainerBalancerTask.java:lambda$initializeIteration$2(459)) - Datanode localhost-141.184.89.130 9915ef81-4009-4c8c-80c7-19d3a834c45b is Under-Utilized.
2023-09-12 21:14:01,025 [main] DEBUG balancer.ContainerBalancerTask (ContainerBalancerTask.java:matchSourceWithTarget(708)) - ContainerBalancer is finding suitable target for source datanode ca6c0a04-0951-4baa-89c7-b092ba01b3ee
2023-09-12 21:14:01,025 [main] INFO  balancer.ContainerBalancerTask (ContainerBalancerTask.java:matchSourceWithTarget(722)) - ContainerBalancer matched source datanode ca6c0a04-0951-4baa-89c7-b092ba01b3ee with target datanode 8fd60e8f-32eb-44d1-b435-15c42ac8a422 for container move.
2023-09-12 21:14:01,025 [main] INFO  balancer.ContainerBalancerTask (ContainerBalancerTask.java:processMoveSelection(569)) - ContainerBalancer is trying to move container #85 with size 5368709120B from source datanode ca6c0a04-0951-4baa-89c7-b092ba01b3ee to target datanode 8fd60e8f-32eb-44d1-b435-15c42ac8a422
2023-09-12 21:14:01,026 [main] DEBUG balancer.ContainerBalancerTask (ContainerBalancerTask.java:lambda$moveContainer$3(837)) - Container move completed for container #85 from source ca6c0a04-0951-4baa-89c7-b092ba01b3ee to target 8fd60e8f-32eb-44d1-b435-15c42ac8a422
2023-09-12 21:14:01,026 [main] DEBUG balancer.ContainerBalancerTask (ContainerBalancerTask.java:adaptOnReachingIterationLimits(782)) - Reached max datanodes to involve limit. 2 datanodes have already been selected for balancing and the limit is 2. Only already selected sources and targets can be involved in balancing now.
2023-09-12 21:14:01,028 [main] DEBUG balancer.ContainerBalancerTask (ContainerBalancerTask.java:matchSourceWithTarget(708)) - ContainerBalancer is finding suitable target for source datanode ca6c0a04-0951-4baa-89c7-b092ba01b3ee
2023-09-12 21:14:01,029 [main] INFO  balancer.ContainerBalancerTask (ContainerBalancerTask.java:matchSourceWithTarget(722)) - ContainerBalancer matched source datanode ca6c0a04-0951-4baa-89c7-b092ba01b3ee with target datanode 8fd60e8f-32eb-44d1-b435-15c42ac8a422 for container move.
2023-09-12 21:14:01,029 [main] INFO  balancer.ContainerBalancerTask (ContainerBalancerTask.java:processMoveSelection(569)) - ContainerBalancer is trying to move container #88 with size 3221225472B from source datanode ca6c0a04-0951-4baa-89c7-b092ba01b3ee to target datanode 8fd60e8f-32eb-44d1-b435-15c42ac8a422
2023-09-12 21:14:01,029 [main] DEBUG balancer.ContainerBalancerTask (ContainerBalancerTask.java:lambda$moveContainer$3(837)) - Container move completed for container #88 from source ca6c0a04-0951-4baa-89c7-b092ba01b3ee to target 8fd60e8f-32eb-44d1-b435-15c42ac8a422
2023-09-12 21:14:01,031 [main] DEBUG balancer.ContainerBalancerTask (ContainerBalancerTask.java:matchSourceWithTarget(708)) - ContainerBalancer is finding suitable target for source datanode ca6c0a04-0951-4baa-89c7-b092ba01b3ee
2023-09-12 21:14:01,032 [main] INFO  balancer.FindTargetGreedyByUsageInfo (AbstractFindTargetGreedy.java:findTargetForContainerMove(133)) - Container Balancer could not find a target for source datanode ca6c0a04-0951-4baa-89c7-b092ba01b3ee
2023-09-12 21:14:01,032 [main] DEBUG balancer.ContainerBalancerTask (ContainerBalancerTask.java:matchSourceWithTarget(717)) - ContainerBalancer could not find a suitable target for source node ca6c0a04-0951-4baa-89c7-b092ba01b3ee.
2023-09-12 21:14:01,032 [main] INFO  balancer.FindSourceGreedy (FindSourceGreedy.java:getNextCandidateSourceDataNode(126)) - no more candidate source data node
2023-09-12 21:14:01,033 [main] INFO  balancer.ContainerBalancerTask (ContainerBalancerTask.java:checkIterationMoveResults(642)) - Iteration Summary. Number of Datanodes involved: 2. Size moved: 8 GB (8589934592 Bytes). Number of Container moves completed: 2.
2023-09-12 21:14:01,033 [main] INFO  balancer.ContainerBalancerTask (ContainerBalancerTask.java:balance(259)) - Result of this iteration of Container Balancer: ITERATION_COMPLETED
2023-09-12 21:14:01,034 [main] DEBUG balancer.ContainerBalancerTask (ContainerBalancerTask.java:initializeIteration(374)) - Average utilization of the cluster is 0.3322154213903574
2023-09-12 21:14:01,034 [main] DEBUG balancer.ContainerBalancerTask (ContainerBalancerTask.java:initializeIteration(386)) - Lower limit for utilization is 0.23221542139035742 and Upper limit for utilization is 0.4322154213903574
2023-09-12 21:14:01,034 [main] DEBUG balancer.ContainerBalancerTask (ContainerBalancerTask.java:initializeIteration(398)) - Utilization for node ca6c0a04-0951-4baa-89c7-b092ba01b3ee with capacity 59652323555B, used 53687091200B, and remaining 5965232355B is 0.9000000000083819
2023-09-12 21:14:01,035 [main] DEBUG balancer.ContainerBalancerTask (ContainerBalancerTask.java:initializeIteration(398)) - Utilization for node 2ab0017a-bbcd-4f8e-956c-74fb0d83ef34 with capacity 64424509440B, used 51539607552B, and remaining 12884901888B is 0.8
2023-09-12 21:14:01,035 [main] DEBUG balancer.ContainerBalancerTask (ContainerBalancerTask.java:initializeIteration(398)) - Utilization for node 6f9beda5-ff30-4b15-8175-6778a6056e1f with capacity 69026260114B, used 48318382080B, and remaining 20707878034B is 0.7000000000028974
2023-09-12 21:14:01,035 [main] DEBUG balancer.ContainerBalancerTask (ContainerBalancerTask.java:initializeIteration(398)) - Utilization for node 359a1dc0-9878-4d3e-8776-d8e41f44d9b2 with capacity 85899345920B, used 51539607552B, and remaining 34359738368B is 0.6
2023-09-12 21:14:01,035 [main] DEBUG balancer.ContainerBalancerTask (ContainerBalancerTask.java:initializeIteration(398)) - Utilization for node ae2ba97b-3473-47cc-838c-e4ffcc6ef3b1 with capacity 53687091200B, used 26843545600B, and remaining 26843545600B is 0.5
2023-09-12 21:14:01,035 [main] DEBUG balancer.ContainerBalancerTask (ContainerBalancerTask.java:initializeIteration(398)) - Utilization for node 156a7f34-5052-4ebc-99e8-2e764a8c5c0d with capacity 99321118720B, used 39728447488B, and remaining 59592671232B is 0.4
2023-09-12 21:14:01,035 [main] DEBUG balancer.ContainerBalancerTask (ContainerBalancerTask.java:initializeIteration(398)) - Utilization for node 416fd14a-23b9-4c79-ad5f-31cbc6136a57 with capacity 143165576533B, used 42949672960B, and remaining 100215903573B is 0.3000000000006985
2023-09-12 21:14:01,035 [main] DEBUG balancer.ContainerBalancerTask (ContainerBalancerTask.java:initializeIteration(398)) - Utilization for node 9915ef81-4009-4c8c-80c7-19d3a834c45b with capacity 182536110080B, used 36507222016B, and remaining 146028888064B is 0.2
2023-09-12 21:14:01,035 [main] DEBUG balancer.ContainerBalancerTask (ContainerBalancerTask.java:initializeIteration(398)) - Utilization for node 3721d146-488a-467d-bdac-94b6ddd741cc with capacity 397284474880B, used 39728447488B, and remaining 357556027392B is 0.1
2023-09-12 21:14:01,035 [main] DEBUG balancer.ContainerBalancerTask (ContainerBalancerTask.java:initializeIteration(398)) - Utilization for node 8fd60e8f-32eb-44d1-b435-15c42ac8a422 with capacity 21474836480B, used 0B, and remaining 21474836480B is 0.0
2023-09-12 21:14:01,035 [main] INFO  balancer.ContainerBalancerTask (ContainerBalancerTask.java:initializeIteration(447)) - Container Balancer has identified 5 Over-Utilized and 3 Under-Utilized Datanodes that need to be balanced.
2023-09-12 21:14:01,036 [main] DEBUG balancer.ContainerBalancerTask (ContainerBalancerTask.java:lambda$initializeIteration$1(453)) - Datanode localhost-85.113.142.41 ca6c0a04-0951-4baa-89c7-b092ba01b3ee is Over-Utilized.
2023-09-12 21:14:01,036 [main] DEBUG balancer.ContainerBalancerTask (ContainerBalancerTask.java:lambda$initializeIteration$1(453)) - Datanode localhost-20.219.60.85 2ab0017a-bbcd-4f8e-956c-74fb0d83ef34 is Over-Utilized.
2023-09-12 21:14:01,036 [main] DEBUG balancer.ContainerBalancerTask (ContainerBalancerTask.java:lambda$initializeIteration$1(453)) - Datanode localhost-182.106.26.34 6f9beda5-ff30-4b15-8175-6778a6056e1f is Over-Utilized.
2023-09-12 21:14:01,036 [main] DEBUG balancer.ContainerBalancerTask (ContainerBalancerTask.java:lambda$initializeIteration$1(453)) - Datanode localhost-119.236.66.252 359a1dc0-9878-4d3e-8776-d8e41f44d9b2 is Over-Utilized.
2023-09-12 21:14:01,036 [main] DEBUG balancer.ContainerBalancerTask (ContainerBalancerTask.java:lambda$initializeIteration$1(453)) - Datanode localhost-44.165.141.184 ae2ba97b-3473-47cc-838c-e4ffcc6ef3b1 is Over-Utilized.
2023-09-12 21:14:01,036 [main] DEBUG balancer.ContainerBalancerTask (ContainerBalancerTask.java:lambda$initializeIteration$2(459)) - Datanode localhost-76.115.0.211 8fd60e8f-32eb-44d1-b435-15c42ac8a422 is Under-Utilized.
2023-09-12 21:14:01,036 [main] DEBUG balancer.ContainerBalancerTask (ContainerBalancerTask.java:lambda$initializeIteration$2(459)) - Datanode localhost-3.139.239.70 3721d146-488a-467d-bdac-94b6ddd741cc is Under-Utilized.
2023-09-12 21:14:01,036 [main] DEBUG balancer.ContainerBalancerTask (ContainerBalancerTask.java:lambda$initializeIteration$2(459)) - Datanode localhost-141.184.89.130 9915ef81-4009-4c8c-80c7-19d3a834c45b is Under-Utilized.
2023-09-12 21:14:01,039 [main] DEBUG balancer.ContainerBalancerTask (ContainerBalancerTask.java:matchSourceWithTarget(708)) - ContainerBalancer is finding suitable target for source datanode ca6c0a04-0951-4baa-89c7-b092ba01b3ee
2023-09-12 21:14:01,039 [main] INFO  balancer.ContainerBalancerTask (ContainerBalancerTask.java:matchSourceWithTarget(722)) - ContainerBalancer matched source datanode ca6c0a04-0951-4baa-89c7-b092ba01b3ee with target datanode 8fd60e8f-32eb-44d1-b435-15c42ac8a422 for container move.
2023-09-12 21:14:01,039 [main] INFO  balancer.ContainerBalancerTask (ContainerBalancerTask.java:processMoveSelection(569)) - ContainerBalancer is trying to move container #85 with size 5368709120B from source datanode ca6c0a04-0951-4baa-89c7-b092ba01b3ee to target datanode 8fd60e8f-32eb-44d1-b435-15c42ac8a422
2023-09-12 21:14:01,039 [main] DEBUG balancer.ContainerBalancerTask (ContainerBalancerTask.java:lambda$moveContainer$3(837)) - Container move completed for container #85 from source ca6c0a04-0951-4baa-89c7-b092ba01b3ee to target 8fd60e8f-32eb-44d1-b435-15c42ac8a422
2023-09-12 21:14:01,039 [main] DEBUG balancer.ContainerBalancerTask (ContainerBalancerTask.java:adaptOnReachingIterationLimits(782)) - Reached max datanodes to involve limit. 2 datanodes have already been selected for balancing and the limit is 2. Only already selected sources and targets can be involved in balancing now.
2023-09-12 21:14:01,042 [main] DEBUG balancer.ContainerBalancerTask (ContainerBalancerTask.java:matchSourceWithTarget(708)) - ContainerBalancer is finding suitable target for source datanode ca6c0a04-0951-4baa-89c7-b092ba01b3ee
2023-09-12 21:14:01,042 [main] INFO  balancer.ContainerBalancerTask (ContainerBalancerTask.java:matchSourceWithTarget(722)) - ContainerBalancer matched source datanode ca6c0a04-0951-4baa-89c7-b092ba01b3ee with target datanode 8fd60e8f-32eb-44d1-b435-15c42ac8a422 for container move.
2023-09-12 21:14:01,042 [main] INFO  balancer.ContainerBalancerTask (ContainerBalancerTask.java:processMoveSelection(569)) - ContainerBalancer is trying to move container #88 with size 3221225472B from source datanode ca6c0a04-0951-4baa-89c7-b092ba01b3ee to target datanode 8fd60e8f-32eb-44d1-b435-15c42ac8a422
2023-09-12 21:14:01,042 [main] DEBUG balancer.ContainerBalancerTask (ContainerBalancerTask.java:lambda$moveContainer$3(837)) - Container move completed for container #88 from source ca6c0a04-0951-4baa-89c7-b092ba01b3ee to target 8fd60e8f-32eb-44d1-b435-15c42ac8a422
2023-09-12 21:14:01,044 [main] DEBUG balancer.ContainerBalancerTask (ContainerBalancerTask.java:matchSourceWithTarget(708)) - ContainerBalancer is finding suitable target for source datanode ca6c0a04-0951-4baa-89c7-b092ba01b3ee
2023-09-12 21:14:01,045 [main] INFO  balancer.FindTargetGreedyByUsageInfo (AbstractFindTargetGreedy.java:findTargetForContainerMove(133)) - Container Balancer could not find a target for source datanode ca6c0a04-0951-4baa-89c7-b092ba01b3ee
2023-09-12 21:14:01,045 [main] DEBUG balancer.ContainerBalancerTask (ContainerBalancerTask.java:matchSourceWithTarget(717)) - ContainerBalancer could not find a suitable target for source node ca6c0a04-0951-4baa-89c7-b092ba01b3ee.
2023-09-12 21:14:01,045 [main] INFO  balancer.FindSourceGreedy (FindSourceGreedy.java:getNextCandidateSourceDataNode(126)) - no more candidate source data node
2023-09-12 21:14:01,046 [main] INFO  balancer.ContainerBalancerTask (ContainerBalancerTask.java:checkIterationMoveResults(642)) - Iteration Summary. Number of Datanodes involved: 2. Size moved: 8 GB (8589934592 Bytes). Number of Container moves completed: 2.
2023-09-12 21:14:01,046 [main] INFO  balancer.ContainerBalancerTask (ContainerBalancerTask.java:balance(259)) - Result of this iteration of Container Balancer: ITERATION_COMPLETED
2023-09-12 21:14:01,048 [main] DEBUG balancer.ContainerBalancerTask (ContainerBalancerTask.java:initializeIteration(374)) - Average utilization of the cluster is 0.3322154213903574
2023-09-12 21:14:01,048 [main] DEBUG balancer.ContainerBalancerTask (ContainerBalancerTask.java:initializeIteration(386)) - Lower limit for utilization is 0.23221542139035742 and Upper limit for utilization is 0.4322154213903574
2023-09-12 21:14:01,048 [main] DEBUG balancer.ContainerBalancerTask (ContainerBalancerTask.java:initializeIteration(398)) - Utilization for node ca6c0a04-0951-4baa-89c7-b092ba01b3ee with capacity 59652323555B, used 53687091200B, and remaining 5965232355B is 0.9000000000083819
2023-09-12 21:14:01,048 [main] DEBUG balancer.ContainerBalancerTask (ContainerBalancerTask.java:initializeIteration(398)) - Utilization for node 2ab0017a-bbcd-4f8e-956c-74fb0d83ef34 with capacity 64424509440B, used 51539607552B, and remaining 12884901888B is 0.8
2023-09-12 21:14:01,048 [main] DEBUG balancer.ContainerBalancerTask (ContainerBalancerTask.java:initializeIteration(398)) - Utilization for node 6f9beda5-ff30-4b15-8175-6778a6056e1f with capacity 69026260114B, used 48318382080B, and remaining 20707878034B is 0.7000000000028974
2023-09-12 21:14:01,048 [main] DEBUG balancer.ContainerBalancerTask (ContainerBalancerTask.java:initializeIteration(398)) - Utilization for node 359a1dc0-9878-4d3e-8776-d8e41f44d9b2 with capacity 85899345920B, used 51539607552B, and remaining 34359738368B is 0.6
2023-09-12 21:14:01,048 [main] DEBUG balancer.ContainerBalancerTask (ContainerBalancerTask.java:initializeIteration(398)) - Utilization for node ae2ba97b-3473-47cc-838c-e4ffcc6ef3b1 with capacity 53687091200B, used 26843545600B, and remaining 26843545600B is 0.5
2023-09-12 21:14:01,048 [main] DEBUG balancer.ContainerBalancerTask (ContainerBalancerTask.java:initializeIteration(398)) - Utilization for node 156a7f34-5052-4ebc-99e8-2e764a8c5c0d with capacity 99321118720B, used 39728447488B, and remaining 59592671232B is 0.4
2023-09-12 21:14:01,048 [main] DEBUG balancer.ContainerBalancerTask (ContainerBalancerTask.java:initializeIteration(398)) - Utilization for node 416fd14a-23b9-4c79-ad5f-31cbc6136a57 with capacity 143165576533B, used 42949672960B, and remaining 100215903573B is 0.3000000000006985
2023-09-12 21:14:01,048 [main] DEBUG balancer.ContainerBalancerTask (ContainerBalancerTask.java:initializeIteration(398)) - Utilization for node 9915ef81-4009-4c8c-80c7-19d3a834c45b with capacity 182536110080B, used 36507222016B, and remaining 146028888064B is 0.2
2023-09-12 21:14:01,048 [main] DEBUG balancer.ContainerBalancerTask (ContainerBalancerTask.java:initializeIteration(398)) - Utilization for node 3721d146-488a-467d-bdac-94b6ddd741cc with capacity 397284474880B, used 39728447488B, and remaining 357556027392B is 0.1
2023-09-12 21:14:01,049 [main] DEBUG balancer.ContainerBalancerTask (ContainerBalancerTask.java:initializeIteration(398)) - Utilization for node 8fd60e8f-32eb-44d1-b435-15c42ac8a422 with capacity 21474836480B, used 0B, and remaining 21474836480B is 0.0
2023-09-12 21:14:01,049 [main] INFO  balancer.ContainerBalancerTask (ContainerBalancerTask.java:initializeIteration(447)) - Container Balancer has identified 5 Over-Utilized and 3 Under-Utilized Datanodes that need to be balanced.
2023-09-12 21:14:01,049 [main] DEBUG balancer.ContainerBalancerTask (ContainerBalancerTask.java:lambda$initializeIteration$1(453)) - Datanode localhost-85.113.142.41 ca6c0a04-0951-4baa-89c7-b092ba01b3ee is Over-Utilized.
2023-09-12 21:14:01,049 [main] DEBUG balancer.ContainerBalancerTask (ContainerBalancerTask.java:lambda$initializeIteration$1(453)) - Datanode localhost-20.219.60.85 2ab0017a-bbcd-4f8e-956c-74fb0d83ef34 is Over-Utilized.
2023-09-12 21:14:01,049 [main] DEBUG balancer.ContainerBalancerTask (ContainerBalancerTask.java:lambda$initializeIteration$1(453)) - Datanode localhost-182.106.26.34 6f9beda5-ff30-4b15-8175-6778a6056e1f is Over-Utilized.
2023-09-12 21:14:01,049 [main] DEBUG balancer.ContainerBalancerTask (ContainerBalancerTask.java:lambda$initializeIteration$1(453)) - Datanode localhost-119.236.66.252 359a1dc0-9878-4d3e-8776-d8e41f44d9b2 is Over-Utilized.
2023-09-12 21:14:01,049 [main] DEBUG balancer.ContainerBalancerTask (ContainerBalancerTask.java:lambda$initializeIteration$1(453)) - Datanode localhost-44.165.141.184 ae2ba97b-3473-47cc-838c-e4ffcc6ef3b1 is Over-Utilized.
2023-09-12 21:14:01,049 [main] DEBUG balancer.ContainerBalancerTask (ContainerBalancerTask.java:lambda$initializeIteration$2(459)) - Datanode localhost-76.115.0.211 8fd60e8f-32eb-44d1-b435-15c42ac8a422 is Under-Utilized.
2023-09-12 21:14:01,049 [main] DEBUG balancer.ContainerBalancerTask (ContainerBalancerTask.java:lambda$initializeIteration$2(459)) - Datanode localhost-3.139.239.70 3721d146-488a-467d-bdac-94b6ddd741cc is Under-Utilized.
2023-09-12 21:14:01,049 [main] DEBUG balancer.ContainerBalancerTask (ContainerBalancerTask.java:lambda$initializeIteration$2(459)) - Datanode localhost-141.184.89.130 9915ef81-4009-4c8c-80c7-19d3a834c45b is Under-Utilized.
2023-09-12 21:14:01,052 [main] DEBUG balancer.ContainerBalancerTask (ContainerBalancerTask.java:matchSourceWithTarget(708)) - ContainerBalancer is finding suitable target for source datanode ca6c0a04-0951-4baa-89c7-b092ba01b3ee
2023-09-12 21:14:01,052 [main] INFO  balancer.ContainerBalancerTask (ContainerBalancerTask.java:matchSourceWithTarget(722)) - ContainerBalancer matched source datanode ca6c0a04-0951-4baa-89c7-b092ba01b3ee with target datanode 8fd60e8f-32eb-44d1-b435-15c42ac8a422 for container move.
2023-09-12 21:14:01,052 [main] INFO  balancer.ContainerBalancerTask (ContainerBalancerTask.java:processMoveSelection(569)) - ContainerBalancer is trying to move container #85 with size 5368709120B from source datanode ca6c0a04-0951-4baa-89c7-b092ba01b3ee to target datanode 8fd60e8f-32eb-44d1-b435-15c42ac8a422
2023-09-12 21:14:01,052 [main] DEBUG balancer.ContainerBalancerTask (ContainerBalancerTask.java:lambda$moveContainer$3(837)) - Container move completed for container #85 from source ca6c0a04-0951-4baa-89c7-b092ba01b3ee to target 8fd60e8f-32eb-44d1-b435-15c42ac8a422
2023-09-12 21:14:01,052 [main] DEBUG balancer.ContainerBalancerTask (ContainerBalancerTask.java:adaptOnReachingIterationLimits(782)) - Reached max datanodes to involve limit. 2 datanodes have already been selected for balancing and the limit is 2. Only already selected sources and targets can be involved in balancing now.
2023-09-12 21:14:01,055 [main] DEBUG balancer.ContainerBalancerTask (ContainerBalancerTask.java:matchSourceWithTarget(708)) - ContainerBalancer is finding suitable target for source datanode ca6c0a04-0951-4baa-89c7-b092ba01b3ee
2023-09-12 21:14:01,055 [main] INFO  balancer.ContainerBalancerTask (ContainerBalancerTask.java:matchSourceWithTarget(722)) - ContainerBalancer matched source datanode ca6c0a04-0951-4baa-89c7-b092ba01b3ee with target datanode 8fd60e8f-32eb-44d1-b435-15c42ac8a422 for container move.
2023-09-12 21:14:01,055 [main] INFO  balancer.ContainerBalancerTask (ContainerBalancerTask.java:processMoveSelection(569)) - ContainerBalancer is trying to move container #88 with size 3221225472B from source datanode ca6c0a04-0951-4baa-89c7-b092ba01b3ee to target datanode 8fd60e8f-32eb-44d1-b435-15c42ac8a422
2023-09-12 21:14:01,055 [main] DEBUG balancer.ContainerBalancerTask (ContainerBalancerTask.java:lambda$moveContainer$3(837)) - Container move completed for container #88 from source ca6c0a04-0951-4baa-89c7-b092ba01b3ee to target 8fd60e8f-32eb-44d1-b435-15c42ac8a422
2023-09-12 21:14:01,058 [main] DEBUG balancer.ContainerBalancerTask (ContainerBalancerTask.java:matchSourceWithTarget(708)) - ContainerBalancer is finding suitable target for source datanode ca6c0a04-0951-4baa-89c7-b092ba01b3ee
2023-09-12 21:14:01,059 [main] INFO  balancer.FindTargetGreedyByUsageInfo (AbstractFindTargetGreedy.java:findTargetForContainerMove(133)) - Container Balancer could not find a target for source datanode ca6c0a04-0951-4baa-89c7-b092ba01b3ee
2023-09-12 21:14:01,059 [main] DEBUG balancer.ContainerBalancerTask (ContainerBalancerTask.java:matchSourceWithTarget(717)) - ContainerBalancer could not find a suitable target for source node ca6c0a04-0951-4baa-89c7-b092ba01b3ee.
2023-09-12 21:14:01,059 [main] INFO  balancer.FindSourceGreedy (FindSourceGreedy.java:getNextCandidateSourceDataNode(126)) - no more candidate source data node
2023-09-12 21:14:01,059 [main] INFO  balancer.ContainerBalancerTask (ContainerBalancerTask.java:checkIterationMoveResults(642)) - Iteration Summary. Number of Datanodes involved: 2. Size moved: 8 GB (8589934592 Bytes). Number of Container moves completed: 2.
2023-09-12 21:14:01,059 [main] INFO  balancer.ContainerBalancerTask (ContainerBalancerTask.java:balance(259)) - Result of this iteration of Container Balancer: ITERATION_COMPLETED
2023-09-12 21:14:01,061 [main] DEBUG balancer.ContainerBalancerTask (ContainerBalancerTask.java:initializeIteration(374)) - Average utilization of the cluster is 0.3322154213903574
2023-09-12 21:14:01,061 [main] DEBUG balancer.ContainerBalancerTask (ContainerBalancerTask.java:initializeIteration(386)) - Lower limit for utilization is 0.23221542139035742 and Upper limit for utilization is 0.4322154213903574
2023-09-12 21:14:01,061 [main] DEBUG balancer.ContainerBalancerTask (ContainerBalancerTask.java:initializeIteration(398)) - Utilization for node ca6c0a04-0951-4baa-89c7-b092ba01b3ee with capacity 59652323555B, used 53687091200B, and remaining 5965232355B is 0.9000000000083819
2023-09-12 21:14:01,061 [main] DEBUG balancer.ContainerBalancerTask (ContainerBalancerTask.java:initializeIteration(398)) - Utilization for node 2ab0017a-bbcd-4f8e-956c-74fb0d83ef34 with capacity 64424509440B, used 51539607552B, and remaining 12884901888B is 0.8
2023-09-12 21:14:01,061 [main] DEBUG balancer.ContainerBalancerTask (ContainerBalancerTask.java:initializeIteration(398)) - Utilization for node 6f9beda5-ff30-4b15-8175-6778a6056e1f with capacity 69026260114B, used 48318382080B, and remaining 20707878034B is 0.7000000000028974
2023-09-12 21:14:01,061 [main] DEBUG balancer.ContainerBalancerTask (ContainerBalancerTask.java:initializeIteration(398)) - Utilization for node 359a1dc0-9878-4d3e-8776-d8e41f44d9b2 with capacity 85899345920B, used 51539607552B, and remaining 34359738368B is 0.6
2023-09-12 21:14:01,061 [main] DEBUG balancer.ContainerBalancerTask (ContainerBalancerTask.java:initializeIteration(398)) - Utilization for node ae2ba97b-3473-47cc-838c-e4ffcc6ef3b1 with capacity 53687091200B, used 26843545600B, and remaining 26843545600B is 0.5
2023-09-12 21:14:01,061 [main] DEBUG balancer.ContainerBalancerTask (ContainerBalancerTask.java:initializeIteration(398)) - Utilization for node 156a7f34-5052-4ebc-99e8-2e764a8c5c0d with capacity 99321118720B, used 39728447488B, and remaining 59592671232B is 0.4
2023-09-12 21:14:01,062 [main] DEBUG balancer.ContainerBalancerTask (ContainerBalancerTask.java:initializeIteration(398)) - Utilization for node 416fd14a-23b9-4c79-ad5f-31cbc6136a57 with capacity 143165576533B, used 42949672960B, and remaining 100215903573B is 0.3000000000006985
2023-09-12 21:14:01,062 [main] DEBUG balancer.ContainerBalancerTask (ContainerBalancerTask.java:initializeIteration(398)) - Utilization for node 9915ef81-4009-4c8c-80c7-19d3a834c45b with capacity 182536110080B, used 36507222016B, and remaining 146028888064B is 0.2
2023-09-12 21:14:01,062 [main] DEBUG balancer.ContainerBalancerTask (ContainerBalancerTask.java:initializeIteration(398)) - Utilization for node 3721d146-488a-467d-bdac-94b6ddd741cc with capacity 397284474880B, used 39728447488B, and remaining 357556027392B is 0.1
2023-09-12 21:14:01,062 [main] DEBUG balancer.ContainerBalancerTask (ContainerBalancerTask.java:initializeIteration(398)) - Utilization for node 8fd60e8f-32eb-44d1-b435-15c42ac8a422 with capacity 21474836480B, used 0B, and remaining 21474836480B is 0.0
2023-09-12 21:14:01,062 [main] INFO  balancer.ContainerBalancerTask (ContainerBalancerTask.java:initializeIteration(447)) - Container Balancer has identified 5 Over-Utilized and 3 Under-Utilized Datanodes that need to be balanced.
2023-09-12 21:14:01,062 [main] DEBUG balancer.ContainerBalancerTask (ContainerBalancerTask.java:lambda$initializeIteration$1(453)) - Datanode localhost-85.113.142.41 ca6c0a04-0951-4baa-89c7-b092ba01b3ee is Over-Utilized.
2023-09-12 21:14:01,062 [main] DEBUG balancer.ContainerBalancerTask (ContainerBalancerTask.java:lambda$initializeIteration$1(453)) - Datanode localhost-20.219.60.85 2ab0017a-bbcd-4f8e-956c-74fb0d83ef34 is Over-Utilized.
2023-09-12 21:14:01,062 [main] DEBUG balancer.ContainerBalancerTask (ContainerBalancerTask.java:lambda$initializeIteration$1(453)) - Datanode localhost-182.106.26.34 6f9beda5-ff30-4b15-8175-6778a6056e1f is Over-Utilized.
2023-09-12 21:14:01,063 [main] DEBUG balancer.ContainerBalancerTask (ContainerBalancerTask.java:lambda$initializeIteration$1(453)) - Datanode localhost-119.236.66.252 359a1dc0-9878-4d3e-8776-d8e41f44d9b2 is Over-Utilized.
2023-09-12 21:14:01,063 [main] DEBUG balancer.ContainerBalancerTask (ContainerBalancerTask.java:lambda$initializeIteration$1(453)) - Datanode localhost-44.165.141.184 ae2ba97b-3473-47cc-838c-e4ffcc6ef3b1 is Over-Utilized.
2023-09-12 21:14:01,063 [main] DEBUG balancer.ContainerBalancerTask (ContainerBalancerTask.java:lambda$initializeIteration$2(459)) - Datanode localhost-76.115.0.211 8fd60e8f-32eb-44d1-b435-15c42ac8a422 is Under-Utilized.
2023-09-12 21:14:01,063 [main] DEBUG balancer.ContainerBalancerTask (ContainerBalancerTask.java:lambda$initializeIteration$2(459)) - Datanode localhost-3.139.239.70 3721d146-488a-467d-bdac-94b6ddd741cc is Under-Utilized.
2023-09-12 21:14:01,063 [main] DEBUG balancer.ContainerBalancerTask (ContainerBalancerTask.java:lambda$initializeIteration$2(459)) - Datanode localhost-141.184.89.130 9915ef81-4009-4c8c-80c7-19d3a834c45b is Under-Utilized.
2023-09-12 21:14:01,066 [main] DEBUG balancer.ContainerBalancerTask (ContainerBalancerTask.java:matchSourceWithTarget(708)) - ContainerBalancer is finding suitable target for source datanode ca6c0a04-0951-4baa-89c7-b092ba01b3ee
2023-09-12 21:14:01,066 [main] INFO  balancer.ContainerBalancerTask (ContainerBalancerTask.java:matchSourceWithTarget(722)) - ContainerBalancer matched source datanode ca6c0a04-0951-4baa-89c7-b092ba01b3ee with target datanode 8fd60e8f-32eb-44d1-b435-15c42ac8a422 for container move.
2023-09-12 21:14:01,066 [main] INFO  balancer.ContainerBalancerTask (ContainerBalancerTask.java:processMoveSelection(569)) - ContainerBalancer is trying to move container #85 with size 5368709120B from source datanode ca6c0a04-0951-4baa-89c7-b092ba01b3ee to target datanode 8fd60e8f-32eb-44d1-b435-15c42ac8a422
2023-09-12 21:14:01,066 [main] DEBUG balancer.ContainerBalancerTask (ContainerBalancerTask.java:lambda$moveContainer$3(837)) - Container move completed for container #85 from source ca6c0a04-0951-4baa-89c7-b092ba01b3ee to target 8fd60e8f-32eb-44d1-b435-15c42ac8a422
2023-09-12 21:14:01,066 [main] DEBUG balancer.ContainerBalancerTask (ContainerBalancerTask.java:adaptOnReachingIterationLimits(782)) - Reached max datanodes to involve limit. 2 datanodes have already been selected for balancing and the limit is 2. Only already selected sources and targets can be involved in balancing now.
2023-09-12 21:14:01,069 [main] DEBUG balancer.ContainerBalancerTask (ContainerBalancerTask.java:matchSourceWithTarget(708)) - ContainerBalancer is finding suitable target for source datanode ca6c0a04-0951-4baa-89c7-b092ba01b3ee
2023-09-12 21:14:01,069 [main] INFO  balancer.ContainerBalancerTask (ContainerBalancerTask.java:matchSourceWithTarget(722)) - ContainerBalancer matched source datanode ca6c0a04-0951-4baa-89c7-b092ba01b3ee with target datanode 8fd60e8f-32eb-44d1-b435-15c42ac8a422 for container move.
2023-09-12 21:14:01,069 [main] INFO  balancer.ContainerBalancerTask (ContainerBalancerTask.java:processMoveSelection(569)) - ContainerBalancer is trying to move container #88 with size 3221225472B from source datanode ca6c0a04-0951-4baa-89c7-b092ba01b3ee to target datanode 8fd60e8f-32eb-44d1-b435-15c42ac8a422
2023-09-12 21:14:01,069 [main] DEBUG balancer.ContainerBalancerTask (ContainerBalancerTask.java:lambda$moveContainer$3(837)) - Container move completed for container #88 from source ca6c0a04-0951-4baa-89c7-b092ba01b3ee to target 8fd60e8f-32eb-44d1-b435-15c42ac8a422
2023-09-12 21:14:01,072 [main] DEBUG balancer.ContainerBalancerTask (ContainerBalancerTask.java:matchSourceWithTarget(708)) - ContainerBalancer is finding suitable target for source datanode ca6c0a04-0951-4baa-89c7-b092ba01b3ee
2023-09-12 21:14:01,072 [main] INFO  balancer.FindTargetGreedyByUsageInfo (AbstractFindTargetGreedy.java:findTargetForContainerMove(133)) - Container Balancer could not find a target for source datanode ca6c0a04-0951-4baa-89c7-b092ba01b3ee
2023-09-12 21:14:01,072 [main] DEBUG balancer.ContainerBalancerTask (ContainerBalancerTask.java:matchSourceWithTarget(717)) - ContainerBalancer could not find a suitable target for source node ca6c0a04-0951-4baa-89c7-b092ba01b3ee.
2023-09-12 21:14:01,073 [main] INFO  balancer.FindSourceGreedy (FindSourceGreedy.java:getNextCandidateSourceDataNode(126)) - no more candidate source data node
2023-09-12 21:14:01,073 [main] INFO  balancer.ContainerBalancerTask (ContainerBalancerTask.java:checkIterationMoveResults(642)) - Iteration Summary. Number of Datanodes involved: 2. Size moved: 8 GB (8589934592 Bytes). Number of Container moves completed: 2.
2023-09-12 21:14:01,073 [main] INFO  balancer.ContainerBalancerTask (ContainerBalancerTask.java:balance(259)) - Result of this iteration of Container Balancer: ITERATION_COMPLETED
2023-09-12 21:14:01,074 [main] DEBUG balancer.ContainerBalancerTask (ContainerBalancerTask.java:initializeIteration(374)) - Average utilization of the cluster is 0.3322154213903574
2023-09-12 21:14:01,075 [main] DEBUG balancer.ContainerBalancerTask (ContainerBalancerTask.java:initializeIteration(386)) - Lower limit for utilization is 0.23221542139035742 and Upper limit for utilization is 0.4322154213903574
2023-09-12 21:14:01,075 [main] DEBUG balancer.ContainerBalancerTask (ContainerBalancerTask.java:initializeIteration(398)) - Utilization for node ca6c0a04-0951-4baa-89c7-b092ba01b3ee with capacity 59652323555B, used 53687091200B, and remaining 5965232355B is 0.9000000000083819
2023-09-12 21:14:01,075 [main] DEBUG balancer.ContainerBalancerTask (ContainerBalancerTask.java:initializeIteration(398)) - Utilization for node 2ab0017a-bbcd-4f8e-956c-74fb0d83ef34 with capacity 64424509440B, used 51539607552B, and remaining 12884901888B is 0.8
2023-09-12 21:14:01,075 [main] DEBUG balancer.ContainerBalancerTask (ContainerBalancerTask.java:initializeIteration(398)) - Utilization for node 6f9beda5-ff30-4b15-8175-6778a6056e1f with capacity 69026260114B, used 48318382080B, and remaining 20707878034B is 0.7000000000028974
2023-09-12 21:14:01,075 [main] DEBUG balancer.ContainerBalancerTask (ContainerBalancerTask.java:initializeIteration(398)) - Utilization for node 359a1dc0-9878-4d3e-8776-d8e41f44d9b2 with capacity 85899345920B, used 51539607552B, and remaining 34359738368B is 0.6
2023-09-12 21:14:01,075 [main] DEBUG balancer.ContainerBalancerTask (ContainerBalancerTask.java:initializeIteration(398)) - Utilization for node ae2ba97b-3473-47cc-838c-e4ffcc6ef3b1 with capacity 53687091200B, used 26843545600B, and remaining 26843545600B is 0.5
2023-09-12 21:14:01,075 [main] DEBUG balancer.ContainerBalancerTask (ContainerBalancerTask.java:initializeIteration(398)) - Utilization for node 156a7f34-5052-4ebc-99e8-2e764a8c5c0d with capacity 99321118720B, used 39728447488B, and remaining 59592671232B is 0.4
2023-09-12 21:14:01,075 [main] DEBUG balancer.ContainerBalancerTask (ContainerBalancerTask.java:initializeIteration(398)) - Utilization for node 416fd14a-23b9-4c79-ad5f-31cbc6136a57 with capacity 143165576533B, used 42949672960B, and remaining 100215903573B is 0.3000000000006985
2023-09-12 21:14:01,075 [main] DEBUG balancer.ContainerBalancerTask (ContainerBalancerTask.java:initializeIteration(398)) - Utilization for node 9915ef81-4009-4c8c-80c7-19d3a834c45b with capacity 182536110080B, used 36507222016B, and remaining 146028888064B is 0.2
2023-09-12 21:14:01,075 [main] DEBUG balancer.ContainerBalancerTask (ContainerBalancerTask.java:initializeIteration(398)) - Utilization for node 3721d146-488a-467d-bdac-94b6ddd741cc with capacity 397284474880B, used 39728447488B, and remaining 357556027392B is 0.1
2023-09-12 21:14:01,075 [main] DEBUG balancer.ContainerBalancerTask (ContainerBalancerTask.java:initializeIteration(398)) - Utilization for node 8fd60e8f-32eb-44d1-b435-15c42ac8a422 with capacity 21474836480B, used 0B, and remaining 21474836480B is 0.0
2023-09-12 21:14:01,076 [main] INFO  balancer.ContainerBalancerTask (ContainerBalancerTask.java:initializeIteration(447)) - Container Balancer has identified 5 Over-Utilized and 3 Under-Utilized Datanodes that need to be balanced.
2023-09-12 21:14:01,076 [main] DEBUG balancer.ContainerBalancerTask (ContainerBalancerTask.java:lambda$initializeIteration$1(453)) - Datanode localhost-85.113.142.41 ca6c0a04-0951-4baa-89c7-b092ba01b3ee is Over-Utilized.
2023-09-12 21:14:01,076 [main] DEBUG balancer.ContainerBalancerTask (ContainerBalancerTask.java:lambda$initializeIteration$1(453)) - Datanode localhost-20.219.60.85 2ab0017a-bbcd-4f8e-956c-74fb0d83ef34 is Over-Utilized.
2023-09-12 21:14:01,076 [main] DEBUG balancer.ContainerBalancerTask (ContainerBalancerTask.java:lambda$initializeIteration$1(453)) - Datanode localhost-182.106.26.34 6f9beda5-ff30-4b15-8175-6778a6056e1f is Over-Utilized.
2023-09-12 21:14:01,076 [main] DEBUG balancer.ContainerBalancerTask (ContainerBalancerTask.java:lambda$initializeIteration$1(453)) - Datanode localhost-119.236.66.252 359a1dc0-9878-4d3e-8776-d8e41f44d9b2 is Over-Utilized.
2023-09-12 21:14:01,076 [main] DEBUG balancer.ContainerBalancerTask (ContainerBalancerTask.java:lambda$initializeIteration$1(453)) - Datanode localhost-44.165.141.184 ae2ba97b-3473-47cc-838c-e4ffcc6ef3b1 is Over-Utilized.
2023-09-12 21:14:01,076 [main] DEBUG balancer.ContainerBalancerTask (ContainerBalancerTask.java:lambda$initializeIteration$2(459)) - Datanode localhost-76.115.0.211 8fd60e8f-32eb-44d1-b435-15c42ac8a422 is Under-Utilized.
2023-09-12 21:14:01,076 [main] DEBUG balancer.ContainerBalancerTask (ContainerBalancerTask.java:lambda$initializeIteration$2(459)) - Datanode localhost-3.139.239.70 3721d146-488a-467d-bdac-94b6ddd741cc is Under-Utilized.
2023-09-12 21:14:01,076 [main] DEBUG balancer.ContainerBalancerTask (ContainerBalancerTask.java:lambda$initializeIteration$2(459)) - Datanode localhost-141.184.89.130 9915ef81-4009-4c8c-80c7-19d3a834c45b is Under-Utilized.
2023-09-12 21:14:01,079 [main] DEBUG balancer.ContainerBalancerTask (ContainerBalancerTask.java:matchSourceWithTarget(708)) - ContainerBalancer is finding suitable target for source datanode ca6c0a04-0951-4baa-89c7-b092ba01b3ee
2023-09-12 21:14:01,079 [main] INFO  balancer.ContainerBalancerTask (ContainerBalancerTask.java:matchSourceWithTarget(722)) - ContainerBalancer matched source datanode ca6c0a04-0951-4baa-89c7-b092ba01b3ee with target datanode 8fd60e8f-32eb-44d1-b435-15c42ac8a422 for container move.
2023-09-12 21:14:01,079 [main] INFO  balancer.ContainerBalancerTask (ContainerBalancerTask.java:processMoveSelection(569)) - ContainerBalancer is trying to move container #85 with size 5368709120B from source datanode ca6c0a04-0951-4baa-89c7-b092ba01b3ee to target datanode 8fd60e8f-32eb-44d1-b435-15c42ac8a422
2023-09-12 21:14:01,079 [main] DEBUG balancer.ContainerBalancerTask (ContainerBalancerTask.java:lambda$moveContainer$3(837)) - Container move completed for container #85 from source ca6c0a04-0951-4baa-89c7-b092ba01b3ee to target 8fd60e8f-32eb-44d1-b435-15c42ac8a422
2023-09-12 21:14:01,079 [main] DEBUG balancer.ContainerBalancerTask (ContainerBalancerTask.java:adaptOnReachingIterationLimits(782)) - Reached max datanodes to involve limit. 2 datanodes have already been selected for balancing and the limit is 2. Only already selected sources and targets can be involved in balancing now.
2023-09-12 21:14:01,082 [main] DEBUG balancer.ContainerBalancerTask (ContainerBalancerTask.java:matchSourceWithTarget(708)) - ContainerBalancer is finding suitable target for source datanode ca6c0a04-0951-4baa-89c7-b092ba01b3ee
2023-09-12 21:14:01,082 [main] INFO  balancer.ContainerBalancerTask (ContainerBalancerTask.java:matchSourceWithTarget(722)) - ContainerBalancer matched source datanode ca6c0a04-0951-4baa-89c7-b092ba01b3ee with target datanode 8fd60e8f-32eb-44d1-b435-15c42ac8a422 for container move.
2023-09-12 21:14:01,082 [main] INFO  balancer.ContainerBalancerTask (ContainerBalancerTask.java:processMoveSelection(569)) - ContainerBalancer is trying to move container #88 with size 3221225472B from source datanode ca6c0a04-0951-4baa-89c7-b092ba01b3ee to target datanode 8fd60e8f-32eb-44d1-b435-15c42ac8a422
2023-09-12 21:14:01,082 [main] DEBUG balancer.ContainerBalancerTask (ContainerBalancerTask.java:lambda$moveContainer$3(837)) - Container move completed for container #88 from source ca6c0a04-0951-4baa-89c7-b092ba01b3ee to target 8fd60e8f-32eb-44d1-b435-15c42ac8a422
2023-09-12 21:14:01,085 [main] DEBUG balancer.ContainerBalancerTask (ContainerBalancerTask.java:matchSourceWithTarget(708)) - ContainerBalancer is finding suitable target for source datanode ca6c0a04-0951-4baa-89c7-b092ba01b3ee
2023-09-12 21:14:01,085 [main] INFO  balancer.FindTargetGreedyByUsageInfo (AbstractFindTargetGreedy.java:findTargetForContainerMove(133)) - Container Balancer could not find a target for source datanode ca6c0a04-0951-4baa-89c7-b092ba01b3ee
2023-09-12 21:14:01,085 [main] DEBUG balancer.ContainerBalancerTask (ContainerBalancerTask.java:matchSourceWithTarget(717)) - ContainerBalancer could not find a suitable target for source node ca6c0a04-0951-4baa-89c7-b092ba01b3ee.
2023-09-12 21:14:01,086 [main] INFO  balancer.FindSourceGreedy (FindSourceGreedy.java:getNextCandidateSourceDataNode(126)) - no more candidate source data node
2023-09-12 21:14:01,086 [main] INFO  balancer.ContainerBalancerTask (ContainerBalancerTask.java:checkIterationMoveResults(642)) - Iteration Summary. Number of Datanodes involved: 2. Size moved: 8 GB (8589934592 Bytes). Number of Container moves completed: 2.
2023-09-12 21:14:01,086 [main] INFO  balancer.ContainerBalancerTask (ContainerBalancerTask.java:balance(259)) - Result of this iteration of Container Balancer: ITERATION_COMPLETED
2023-09-12 21:14:01,087 [main] DEBUG balancer.ContainerBalancerTask (ContainerBalancerTask.java:initializeIteration(374)) - Average utilization of the cluster is 0.3322154213903574
2023-09-12 21:14:01,088 [main] DEBUG balancer.ContainerBalancerTask (ContainerBalancerTask.java:initializeIteration(386)) - Lower limit for utilization is 0.23221542139035742 and Upper limit for utilization is 0.4322154213903574
2023-09-12 21:14:01,088 [main] DEBUG balancer.ContainerBalancerTask (ContainerBalancerTask.java:initializeIteration(398)) - Utilization for node ca6c0a04-0951-4baa-89c7-b092ba01b3ee with capacity 59652323555B, used 53687091200B, and remaining 5965232355B is 0.9000000000083819
2023-09-12 21:14:01,088 [main] DEBUG balancer.ContainerBalancerTask (ContainerBalancerTask.java:initializeIteration(398)) - Utilization for node 2ab0017a-bbcd-4f8e-956c-74fb0d83ef34 with capacity 64424509440B, used 51539607552B, and remaining 12884901888B is 0.8
2023-09-12 21:14:01,088 [main] DEBUG balancer.ContainerBalancerTask (ContainerBalancerTask.java:initializeIteration(398)) - Utilization for node 6f9beda5-ff30-4b15-8175-6778a6056e1f with capacity 69026260114B, used 48318382080B, and remaining 20707878034B is 0.7000000000028974
2023-09-12 21:14:01,088 [main] DEBUG balancer.ContainerBalancerTask (ContainerBalancerTask.java:initializeIteration(398)) - Utilization for node 359a1dc0-9878-4d3e-8776-d8e41f44d9b2 with capacity 85899345920B, used 51539607552B, and remaining 34359738368B is 0.6
2023-09-12 21:14:01,088 [main] DEBUG balancer.ContainerBalancerTask (ContainerBalancerTask.java:initializeIteration(398)) - Utilization for node ae2ba97b-3473-47cc-838c-e4ffcc6ef3b1 with capacity 53687091200B, used 26843545600B, and remaining 26843545600B is 0.5
2023-09-12 21:14:01,088 [main] DEBUG balancer.ContainerBalancerTask (ContainerBalancerTask.java:initializeIteration(398)) - Utilization for node 156a7f34-5052-4ebc-99e8-2e764a8c5c0d with capacity 99321118720B, used 39728447488B, and remaining 59592671232B is 0.4
2023-09-12 21:14:01,088 [main] DEBUG balancer.ContainerBalancerTask (ContainerBalancerTask.java:initializeIteration(398)) - Utilization for node 416fd14a-23b9-4c79-ad5f-31cbc6136a57 with capacity 143165576533B, used 42949672960B, and remaining 100215903573B is 0.3000000000006985
2023-09-12 21:14:01,088 [main] DEBUG balancer.ContainerBalancerTask (ContainerBalancerTask.java:initializeIteration(398)) - Utilization for node 9915ef81-4009-4c8c-80c7-19d3a834c45b with capacity 182536110080B, used 36507222016B, and remaining 146028888064B is 0.2
2023-09-12 21:14:01,088 [main] DEBUG balancer.ContainerBalancerTask (ContainerBalancerTask.java:initializeIteration(398)) - Utilization for node 3721d146-488a-467d-bdac-94b6ddd741cc with capacity 397284474880B, used 39728447488B, and remaining 357556027392B is 0.1
2023-09-12 21:14:01,088 [main] DEBUG balancer.ContainerBalancerTask (ContainerBalancerTask.java:initializeIteration(398)) - Utilization for node 8fd60e8f-32eb-44d1-b435-15c42ac8a422 with capacity 21474836480B, used 0B, and remaining 21474836480B is 0.0
2023-09-12 21:14:01,088 [main] INFO  balancer.ContainerBalancerTask (ContainerBalancerTask.java:initializeIteration(447)) - Container Balancer has identified 5 Over-Utilized and 3 Under-Utilized Datanodes that need to be balanced.
2023-09-12 21:14:01,089 [main] DEBUG balancer.ContainerBalancerTask (ContainerBalancerTask.java:lambda$initializeIteration$1(453)) - Datanode localhost-85.113.142.41 ca6c0a04-0951-4baa-89c7-b092ba01b3ee is Over-Utilized.
2023-09-12 21:14:01,089 [main] DEBUG balancer.ContainerBalancerTask (ContainerBalancerTask.java:lambda$initializeIteration$1(453)) - Datanode localhost-20.219.60.85 2ab0017a-bbcd-4f8e-956c-74fb0d83ef34 is Over-Utilized.
2023-09-12 21:14:01,089 [main] DEBUG balancer.ContainerBalancerTask (ContainerBalancerTask.java:lambda$initializeIteration$1(453)) - Datanode localhost-182.106.26.34 6f9beda5-ff30-4b15-8175-6778a6056e1f is Over-Utilized.
2023-09-12 21:14:01,089 [main] DEBUG balancer.ContainerBalancerTask (ContainerBalancerTask.java:lambda$initializeIteration$1(453)) - Datanode localhost-119.236.66.252 359a1dc0-9878-4d3e-8776-d8e41f44d9b2 is Over-Utilized.
2023-09-12 21:14:01,089 [main] DEBUG balancer.ContainerBalancerTask (ContainerBalancerTask.java:lambda$initializeIteration$1(453)) - Datanode localhost-44.165.141.184 ae2ba97b-3473-47cc-838c-e4ffcc6ef3b1 is Over-Utilized.
2023-09-12 21:14:01,089 [main] DEBUG balancer.ContainerBalancerTask (ContainerBalancerTask.java:lambda$initializeIteration$2(459)) - Datanode localhost-76.115.0.211 8fd60e8f-32eb-44d1-b435-15c42ac8a422 is Under-Utilized.
2023-09-12 21:14:01,089 [main] DEBUG balancer.ContainerBalancerTask (ContainerBalancerTask.java:lambda$initializeIteration$2(459)) - Datanode localhost-3.139.239.70 3721d146-488a-467d-bdac-94b6ddd741cc is Under-Utilized.
2023-09-12 21:14:01,089 [main] DEBUG balancer.ContainerBalancerTask (ContainerBalancerTask.java:lambda$initializeIteration$2(459)) - Datanode localhost-141.184.89.130 9915ef81-4009-4c8c-80c7-19d3a834c45b is Under-Utilized.
2023-09-12 21:14:01,092 [main] DEBUG balancer.ContainerBalancerTask (ContainerBalancerTask.java:matchSourceWithTarget(708)) - ContainerBalancer is finding suitable target for source datanode ca6c0a04-0951-4baa-89c7-b092ba01b3ee
2023-09-12 21:14:01,092 [main] INFO  balancer.ContainerBalancerTask (ContainerBalancerTask.java:matchSourceWithTarget(722)) - ContainerBalancer matched source datanode ca6c0a04-0951-4baa-89c7-b092ba01b3ee with target datanode 8fd60e8f-32eb-44d1-b435-15c42ac8a422 for container move.
2023-09-12 21:14:01,092 [main] INFO  balancer.ContainerBalancerTask (ContainerBalancerTask.java:processMoveSelection(569)) - ContainerBalancer is trying to move container #85 with size 5368709120B from source datanode ca6c0a04-0951-4baa-89c7-b092ba01b3ee to target datanode 8fd60e8f-32eb-44d1-b435-15c42ac8a422
2023-09-12 21:14:01,092 [main] DEBUG balancer.ContainerBalancerTask (ContainerBalancerTask.java:lambda$moveContainer$3(837)) - Container move completed for container #85 from source ca6c0a04-0951-4baa-89c7-b092ba01b3ee to target 8fd60e8f-32eb-44d1-b435-15c42ac8a422
2023-09-12 21:14:01,092 [main] DEBUG balancer.ContainerBalancerTask (ContainerBalancerTask.java:adaptOnReachingIterationLimits(782)) - Reached max datanodes to involve limit. 2 datanodes have already been selected for balancing and the limit is 2. Only already selected sources and targets can be involved in balancing now.
2023-09-12 21:14:01,095 [main] DEBUG balancer.ContainerBalancerTask (ContainerBalancerTask.java:matchSourceWithTarget(708)) - ContainerBalancer is finding suitable target for source datanode ca6c0a04-0951-4baa-89c7-b092ba01b3ee
2023-09-12 21:14:01,095 [main] INFO  balancer.ContainerBalancerTask (ContainerBalancerTask.java:matchSourceWithTarget(722)) - ContainerBalancer matched source datanode ca6c0a04-0951-4baa-89c7-b092ba01b3ee with target datanode 8fd60e8f-32eb-44d1-b435-15c42ac8a422 for container move.
2023-09-12 21:14:01,095 [main] INFO  balancer.ContainerBalancerTask (ContainerBalancerTask.java:processMoveSelection(569)) - ContainerBalancer is trying to move container #88 with size 3221225472B from source datanode ca6c0a04-0951-4baa-89c7-b092ba01b3ee to target datanode 8fd60e8f-32eb-44d1-b435-15c42ac8a422
2023-09-12 21:14:01,095 [main] DEBUG balancer.ContainerBalancerTask (ContainerBalancerTask.java:lambda$moveContainer$3(837)) - Container move completed for container #88 from source ca6c0a04-0951-4baa-89c7-b092ba01b3ee to target 8fd60e8f-32eb-44d1-b435-15c42ac8a422
2023-09-12 21:14:01,098 [main] DEBUG balancer.ContainerBalancerTask (ContainerBalancerTask.java:matchSourceWithTarget(708)) - ContainerBalancer is finding suitable target for source datanode ca6c0a04-0951-4baa-89c7-b092ba01b3ee
2023-09-12 21:14:01,098 [main] INFO  balancer.FindTargetGreedyByUsageInfo (AbstractFindTargetGreedy.java:findTargetForContainerMove(133)) - Container Balancer could not find a target for source datanode ca6c0a04-0951-4baa-89c7-b092ba01b3ee
2023-09-12 21:14:01,098 [main] DEBUG balancer.ContainerBalancerTask (ContainerBalancerTask.java:matchSourceWithTarget(717)) - ContainerBalancer could not find a suitable target for source node ca6c0a04-0951-4baa-89c7-b092ba01b3ee.
2023-09-12 21:14:01,099 [main] INFO  balancer.FindSourceGreedy (FindSourceGreedy.java:getNextCandidateSourceDataNode(126)) - no more candidate source data node
2023-09-12 21:14:01,099 [main] INFO  balancer.ContainerBalancerTask (ContainerBalancerTask.java:checkIterationMoveResults(642)) - Iteration Summary. Number of Datanodes involved: 2. Size moved: 8 GB (8589934592 Bytes). Number of Container moves completed: 2.
2023-09-12 21:14:01,099 [main] INFO  balancer.ContainerBalancerTask (ContainerBalancerTask.java:balance(259)) - Result of this iteration of Container Balancer: ITERATION_COMPLETED
2023-09-12 21:14:01,100 [main] DEBUG balancer.ContainerBalancerTask (ContainerBalancerTask.java:initializeIteration(374)) - Average utilization of the cluster is 0.3322154213903574
2023-09-12 21:14:01,101 [main] DEBUG balancer.ContainerBalancerTask (ContainerBalancerTask.java:initializeIteration(386)) - Lower limit for utilization is 0.23221542139035742 and Upper limit for utilization is 0.4322154213903574
2023-09-12 21:14:01,101 [main] DEBUG balancer.ContainerBalancerTask (ContainerBalancerTask.java:initializeIteration(398)) - Utilization for node ca6c0a04-0951-4baa-89c7-b092ba01b3ee with capacity 59652323555B, used 53687091200B, and remaining 5965232355B is 0.9000000000083819
2023-09-12 21:14:01,101 [main] DEBUG balancer.ContainerBalancerTask (ContainerBalancerTask.java:initializeIteration(398)) - Utilization for node 2ab0017a-bbcd-4f8e-956c-74fb0d83ef34 with capacity 64424509440B, used 51539607552B, and remaining 12884901888B is 0.8
2023-09-12 21:14:01,101 [main] DEBUG balancer.ContainerBalancerTask (ContainerBalancerTask.java:initializeIteration(398)) - Utilization for node 6f9beda5-ff30-4b15-8175-6778a6056e1f with capacity 69026260114B, used 48318382080B, and remaining 20707878034B is 0.7000000000028974
2023-09-12 21:14:01,101 [main] DEBUG balancer.ContainerBalancerTask (ContainerBalancerTask.java:initializeIteration(398)) - Utilization for node 359a1dc0-9878-4d3e-8776-d8e41f44d9b2 with capacity 85899345920B, used 51539607552B, and remaining 34359738368B is 0.6
2023-09-12 21:14:01,101 [main] DEBUG balancer.ContainerBalancerTask (ContainerBalancerTask.java:initializeIteration(398)) - Utilization for node ae2ba97b-3473-47cc-838c-e4ffcc6ef3b1 with capacity 53687091200B, used 26843545600B, and remaining 26843545600B is 0.5
2023-09-12 21:14:01,101 [main] DEBUG balancer.ContainerBalancerTask (ContainerBalancerTask.java:initializeIteration(398)) - Utilization for node 156a7f34-5052-4ebc-99e8-2e764a8c5c0d with capacity 99321118720B, used 39728447488B, and remaining 59592671232B is 0.4
2023-09-12 21:14:01,101 [main] DEBUG balancer.ContainerBalancerTask (ContainerBalancerTask.java:initializeIteration(398)) - Utilization for node 416fd14a-23b9-4c79-ad5f-31cbc6136a57 with capacity 143165576533B, used 42949672960B, and remaining 100215903573B is 0.3000000000006985
2023-09-12 21:14:01,101 [main] DEBUG balancer.ContainerBalancerTask (ContainerBalancerTask.java:initializeIteration(398)) - Utilization for node 9915ef81-4009-4c8c-80c7-19d3a834c45b with capacity 182536110080B, used 36507222016B, and remaining 146028888064B is 0.2
2023-09-12 21:14:01,101 [main] DEBUG balancer.ContainerBalancerTask (ContainerBalancerTask.java:initializeIteration(398)) - Utilization for node 3721d146-488a-467d-bdac-94b6ddd741cc with capacity 397284474880B, used 39728447488B, and remaining 357556027392B is 0.1
2023-09-12 21:14:01,101 [main] DEBUG balancer.ContainerBalancerTask (ContainerBalancerTask.java:initializeIteration(398)) - Utilization for node 8fd60e8f-32eb-44d1-b435-15c42ac8a422 with capacity 21474836480B, used 0B, and remaining 21474836480B is 0.0
2023-09-12 21:14:01,102 [main] INFO  balancer.ContainerBalancerTask (ContainerBalancerTask.java:initializeIteration(447)) - Container Balancer has identified 5 Over-Utilized and 3 Under-Utilized Datanodes that need to be balanced.
2023-09-12 21:14:01,102 [main] DEBUG balancer.ContainerBalancerTask (ContainerBalancerTask.java:lambda$initializeIteration$1(453)) - Datanode localhost-85.113.142.41 ca6c0a04-0951-4baa-89c7-b092ba01b3ee is Over-Utilized.
2023-09-12 21:14:01,102 [main] DEBUG balancer.ContainerBalancerTask (ContainerBalancerTask.java:lambda$initializeIteration$1(453)) - Datanode localhost-20.219.60.85 2ab0017a-bbcd-4f8e-956c-74fb0d83ef34 is Over-Utilized.
2023-09-12 21:14:01,102 [main] DEBUG balancer.ContainerBalancerTask (ContainerBalancerTask.java:lambda$initializeIteration$1(453)) - Datanode localhost-182.106.26.34 6f9beda5-ff30-4b15-8175-6778a6056e1f is Over-Utilized.
2023-09-12 21:14:01,102 [main] DEBUG balancer.ContainerBalancerTask (ContainerBalancerTask.java:lambda$initializeIteration$1(453)) - Datanode localhost-119.236.66.252 359a1dc0-9878-4d3e-8776-d8e41f44d9b2 is Over-Utilized.
2023-09-12 21:14:01,102 [main] DEBUG balancer.ContainerBalancerTask (ContainerBalancerTask.java:lambda$initializeIteration$1(453)) - Datanode localhost-44.165.141.184 ae2ba97b-3473-47cc-838c-e4ffcc6ef3b1 is Over-Utilized.
2023-09-12 21:14:01,102 [main] DEBUG balancer.ContainerBalancerTask (ContainerBalancerTask.java:lambda$initializeIteration$2(459)) - Datanode localhost-76.115.0.211 8fd60e8f-32eb-44d1-b435-15c42ac8a422 is Under-Utilized.
2023-09-12 21:14:01,102 [main] DEBUG balancer.ContainerBalancerTask (ContainerBalancerTask.java:lambda$initializeIteration$2(459)) - Datanode localhost-3.139.239.70 3721d146-488a-467d-bdac-94b6ddd741cc is Under-Utilized.
2023-09-12 21:14:01,102 [main] DEBUG balancer.ContainerBalancerTask (ContainerBalancerTask.java:lambda$initializeIteration$2(459)) - Datanode localhost-141.184.89.130 9915ef81-4009-4c8c-80c7-19d3a834c45b is Under-Utilized.
2023-09-12 21:14:01,105 [main] DEBUG balancer.ContainerBalancerTask (ContainerBalancerTask.java:matchSourceWithTarget(708)) - ContainerBalancer is finding suitable target for source datanode ca6c0a04-0951-4baa-89c7-b092ba01b3ee
2023-09-12 21:14:01,105 [main] INFO  balancer.ContainerBalancerTask (ContainerBalancerTask.java:matchSourceWithTarget(722)) - ContainerBalancer matched source datanode ca6c0a04-0951-4baa-89c7-b092ba01b3ee with target datanode 8fd60e8f-32eb-44d1-b435-15c42ac8a422 for container move.
2023-09-12 21:14:01,105 [main] INFO  balancer.ContainerBalancerTask (ContainerBalancerTask.java:processMoveSelection(569)) - ContainerBalancer is trying to move container #85 with size 5368709120B from source datanode ca6c0a04-0951-4baa-89c7-b092ba01b3ee to target datanode 8fd60e8f-32eb-44d1-b435-15c42ac8a422
2023-09-12 21:14:01,105 [main] DEBUG balancer.ContainerBalancerTask (ContainerBalancerTask.java:lambda$moveContainer$3(837)) - Container move completed for container #85 from source ca6c0a04-0951-4baa-89c7-b092ba01b3ee to target 8fd60e8f-32eb-44d1-b435-15c42ac8a422
2023-09-12 21:14:01,105 [main] DEBUG balancer.ContainerBalancerTask (ContainerBalancerTask.java:adaptOnReachingIterationLimits(782)) - Reached max datanodes to involve limit. 2 datanodes have already been selected for balancing and the limit is 2. Only already selected sources and targets can be involved in balancing now.
2023-09-12 21:14:01,108 [main] DEBUG balancer.ContainerBalancerTask (ContainerBalancerTask.java:matchSourceWithTarget(708)) - ContainerBalancer is finding suitable target for source datanode ca6c0a04-0951-4baa-89c7-b092ba01b3ee
2023-09-12 21:14:01,108 [main] INFO  balancer.ContainerBalancerTask (ContainerBalancerTask.java:matchSourceWithTarget(722)) - ContainerBalancer matched source datanode ca6c0a04-0951-4baa-89c7-b092ba01b3ee with target datanode 8fd60e8f-32eb-44d1-b435-15c42ac8a422 for container move.
2023-09-12 21:14:01,108 [main] INFO  balancer.ContainerBalancerTask (ContainerBalancerTask.java:processMoveSelection(569)) - ContainerBalancer is trying to move container #88 with size 3221225472B from source datanode ca6c0a04-0951-4baa-89c7-b092ba01b3ee to target datanode 8fd60e8f-32eb-44d1-b435-15c42ac8a422
2023-09-12 21:14:01,108 [main] DEBUG balancer.ContainerBalancerTask (ContainerBalancerTask.java:lambda$moveContainer$3(837)) - Container move completed for container #88 from source ca6c0a04-0951-4baa-89c7-b092ba01b3ee to target 8fd60e8f-32eb-44d1-b435-15c42ac8a422
2023-09-12 21:14:01,111 [main] DEBUG balancer.ContainerBalancerTask (ContainerBalancerTask.java:matchSourceWithTarget(708)) - ContainerBalancer is finding suitable target for source datanode ca6c0a04-0951-4baa-89c7-b092ba01b3ee
2023-09-12 21:14:01,111 [main] INFO  balancer.FindTargetGreedyByUsageInfo (AbstractFindTargetGreedy.java:findTargetForContainerMove(133)) - Container Balancer could not find a target for source datanode ca6c0a04-0951-4baa-89c7-b092ba01b3ee
2023-09-12 21:14:01,111 [main] DEBUG balancer.ContainerBalancerTask (ContainerBalancerTask.java:matchSourceWithTarget(717)) - ContainerBalancer could not find a suitable target for source node ca6c0a04-0951-4baa-89c7-b092ba01b3ee.
2023-09-12 21:14:01,112 [main] INFO  balancer.FindSourceGreedy (FindSourceGreedy.java:getNextCandidateSourceDataNode(126)) - no more candidate source data node
2023-09-12 21:14:01,112 [main] INFO  balancer.ContainerBalancerTask (ContainerBalancerTask.java:checkIterationMoveResults(642)) - Iteration Summary. Number of Datanodes involved: 2. Size moved: 8 GB (8589934592 Bytes). Number of Container moves completed: 2.
2023-09-12 21:14:01,112 [main] INFO  balancer.ContainerBalancerTask (ContainerBalancerTask.java:balance(259)) - Result of this iteration of Container Balancer: ITERATION_COMPLETED
2023-09-12 21:14:01,113 [main] DEBUG balancer.ContainerBalancerTask (ContainerBalancerTask.java:initializeIteration(374)) - Average utilization of the cluster is 0.3322154213903574
2023-09-12 21:14:01,114 [main] DEBUG balancer.ContainerBalancerTask (ContainerBalancerTask.java:initializeIteration(386)) - Lower limit for utilization is 0.23221542139035742 and Upper limit for utilization is 0.4322154213903574
2023-09-12 21:14:01,114 [main] DEBUG balancer.ContainerBalancerTask (ContainerBalancerTask.java:initializeIteration(398)) - Utilization for node ca6c0a04-0951-4baa-89c7-b092ba01b3ee with capacity 59652323555B, used 53687091200B, and remaining 5965232355B is 0.9000000000083819
2023-09-12 21:14:01,114 [main] DEBUG balancer.ContainerBalancerTask (ContainerBalancerTask.java:initializeIteration(398)) - Utilization for node 2ab0017a-bbcd-4f8e-956c-74fb0d83ef34 with capacity 64424509440B, used 51539607552B, and remaining 12884901888B is 0.8
2023-09-12 21:14:01,114 [main] DEBUG balancer.ContainerBalancerTask (ContainerBalancerTask.java:initializeIteration(398)) - Utilization for node 6f9beda5-ff30-4b15-8175-6778a6056e1f with capacity 69026260114B, used 48318382080B, and remaining 20707878034B is 0.7000000000028974
2023-09-12 21:14:01,114 [main] DEBUG balancer.ContainerBalancerTask (ContainerBalancerTask.java:initializeIteration(398)) - Utilization for node 359a1dc0-9878-4d3e-8776-d8e41f44d9b2 with capacity 85899345920B, used 51539607552B, and remaining 34359738368B is 0.6
2023-09-12 21:14:01,114 [main] DEBUG balancer.ContainerBalancerTask (ContainerBalancerTask.java:initializeIteration(398)) - Utilization for node ae2ba97b-3473-47cc-838c-e4ffcc6ef3b1 with capacity 53687091200B, used 26843545600B, and remaining 26843545600B is 0.5
2023-09-12 21:14:01,114 [main] DEBUG balancer.ContainerBalancerTask (ContainerBalancerTask.java:initializeIteration(398)) - Utilization for node 156a7f34-5052-4ebc-99e8-2e764a8c5c0d with capacity 99321118720B, used 39728447488B, and remaining 59592671232B is 0.4
2023-09-12 21:14:01,114 [main] DEBUG balancer.ContainerBalancerTask (ContainerBalancerTask.java:initializeIteration(398)) - Utilization for node 416fd14a-23b9-4c79-ad5f-31cbc6136a57 with capacity 143165576533B, used 42949672960B, and remaining 100215903573B is 0.3000000000006985
2023-09-12 21:14:01,114 [main] DEBUG balancer.ContainerBalancerTask (ContainerBalancerTask.java:initializeIteration(398)) - Utilization for node 9915ef81-4009-4c8c-80c7-19d3a834c45b with capacity 182536110080B, used 36507222016B, and remaining 146028888064B is 0.2
2023-09-12 21:14:01,114 [main] DEBUG balancer.ContainerBalancerTask (ContainerBalancerTask.java:initializeIteration(398)) - Utilization for node 3721d146-488a-467d-bdac-94b6ddd741cc with capacity 397284474880B, used 39728447488B, and remaining 357556027392B is 0.1
2023-09-12 21:14:01,114 [main] DEBUG balancer.ContainerBalancerTask (ContainerBalancerTask.java:initializeIteration(398)) - Utilization for node 8fd60e8f-32eb-44d1-b435-15c42ac8a422 with capacity 21474836480B, used 0B, and remaining 21474836480B is 0.0
2023-09-12 21:14:01,115 [main] INFO  balancer.ContainerBalancerTask (ContainerBalancerTask.java:initializeIteration(447)) - Container Balancer has identified 5 Over-Utilized and 3 Under-Utilized Datanodes that need to be balanced.
2023-09-12 21:14:01,115 [main] DEBUG balancer.ContainerBalancerTask (ContainerBalancerTask.java:lambda$initializeIteration$1(453)) - Datanode localhost-85.113.142.41 ca6c0a04-0951-4baa-89c7-b092ba01b3ee is Over-Utilized.
2023-09-12 21:14:01,115 [main] DEBUG balancer.ContainerBalancerTask (ContainerBalancerTask.java:lambda$initializeIteration$1(453)) - Datanode localhost-20.219.60.85 2ab0017a-bbcd-4f8e-956c-74fb0d83ef34 is Over-Utilized.
2023-09-12 21:14:01,115 [main] DEBUG balancer.ContainerBalancerTask (ContainerBalancerTask.java:lambda$initializeIteration$1(453)) - Datanode localhost-182.106.26.34 6f9beda5-ff30-4b15-8175-6778a6056e1f is Over-Utilized.
2023-09-12 21:14:01,115 [main] DEBUG balancer.ContainerBalancerTask (ContainerBalancerTask.java:lambda$initializeIteration$1(453)) - Datanode localhost-119.236.66.252 359a1dc0-9878-4d3e-8776-d8e41f44d9b2 is Over-Utilized.
2023-09-12 21:14:01,115 [main] DEBUG balancer.ContainerBalancerTask (ContainerBalancerTask.java:lambda$initializeIteration$1(453)) - Datanode localhost-44.165.141.184 ae2ba97b-3473-47cc-838c-e4ffcc6ef3b1 is Over-Utilized.
2023-09-12 21:14:01,115 [main] DEBUG balancer.ContainerBalancerTask (ContainerBalancerTask.java:lambda$initializeIteration$2(459)) - Datanode localhost-76.115.0.211 8fd60e8f-32eb-44d1-b435-15c42ac8a422 is Under-Utilized.
2023-09-12 21:14:01,115 [main] DEBUG balancer.ContainerBalancerTask (ContainerBalancerTask.java:lambda$initializeIteration$2(459)) - Datanode localhost-3.139.239.70 3721d146-488a-467d-bdac-94b6ddd741cc is Under-Utilized.
2023-09-12 21:14:01,115 [main] DEBUG balancer.ContainerBalancerTask (ContainerBalancerTask.java:lambda$initializeIteration$2(459)) - Datanode localhost-141.184.89.130 9915ef81-4009-4c8c-80c7-19d3a834c45b is Under-Utilized.
2023-09-12 21:14:01,118 [main] DEBUG balancer.ContainerBalancerTask (ContainerBalancerTask.java:matchSourceWithTarget(708)) - ContainerBalancer is finding suitable target for source datanode ca6c0a04-0951-4baa-89c7-b092ba01b3ee
2023-09-12 21:14:01,118 [main] INFO  balancer.ContainerBalancerTask (ContainerBalancerTask.java:matchSourceWithTarget(722)) - ContainerBalancer matched source datanode ca6c0a04-0951-4baa-89c7-b092ba01b3ee with target datanode 8fd60e8f-32eb-44d1-b435-15c42ac8a422 for container move.
2023-09-12 21:14:01,118 [main] INFO  balancer.ContainerBalancerTask (ContainerBalancerTask.java:processMoveSelection(569)) - ContainerBalancer is trying to move container #85 with size 5368709120B from source datanode ca6c0a04-0951-4baa-89c7-b092ba01b3ee to target datanode 8fd60e8f-32eb-44d1-b435-15c42ac8a422
2023-09-12 21:14:01,118 [main] DEBUG balancer.ContainerBalancerTask (ContainerBalancerTask.java:lambda$moveContainer$3(837)) - Container move completed for container #85 from source ca6c0a04-0951-4baa-89c7-b092ba01b3ee to target 8fd60e8f-32eb-44d1-b435-15c42ac8a422
2023-09-12 21:14:01,118 [main] DEBUG balancer.ContainerBalancerTask (ContainerBalancerTask.java:adaptOnReachingIterationLimits(782)) - Reached max datanodes to involve limit. 2 datanodes have already been selected for balancing and the limit is 2. Only already selected sources and targets can be involved in balancing now.
2023-09-12 21:14:01,121 [main] DEBUG balancer.ContainerBalancerTask (ContainerBalancerTask.java:matchSourceWithTarget(708)) - ContainerBalancer is finding suitable target for source datanode ca6c0a04-0951-4baa-89c7-b092ba01b3ee
2023-09-12 21:14:01,121 [main] INFO  balancer.ContainerBalancerTask (ContainerBalancerTask.java:matchSourceWithTarget(722)) - ContainerBalancer matched source datanode ca6c0a04-0951-4baa-89c7-b092ba01b3ee with target datanode 8fd60e8f-32eb-44d1-b435-15c42ac8a422 for container move.
2023-09-12 21:14:01,121 [main] INFO  balancer.ContainerBalancerTask (ContainerBalancerTask.java:processMoveSelection(569)) - ContainerBalancer is trying to move container #88 with size 3221225472B from source datanode ca6c0a04-0951-4baa-89c7-b092ba01b3ee to target datanode 8fd60e8f-32eb-44d1-b435-15c42ac8a422
2023-09-12 21:14:01,121 [main] DEBUG balancer.ContainerBalancerTask (ContainerBalancerTask.java:lambda$moveContainer$3(837)) - Container move completed for container #88 from source ca6c0a04-0951-4baa-89c7-b092ba01b3ee to target 8fd60e8f-32eb-44d1-b435-15c42ac8a422
2023-09-12 21:14:01,124 [main] DEBUG balancer.ContainerBalancerTask (ContainerBalancerTask.java:matchSourceWithTarget(708)) - ContainerBalancer is finding suitable target for source datanode ca6c0a04-0951-4baa-89c7-b092ba01b3ee
2023-09-12 21:14:01,124 [main] INFO  balancer.FindTargetGreedyByUsageInfo (AbstractFindTargetGreedy.java:findTargetForContainerMove(133)) - Container Balancer could not find a target for source datanode ca6c0a04-0951-4baa-89c7-b092ba01b3ee
2023-09-12 21:14:01,124 [main] DEBUG balancer.ContainerBalancerTask (ContainerBalancerTask.java:matchSourceWithTarget(717)) - ContainerBalancer could not find a suitable target for source node ca6c0a04-0951-4baa-89c7-b092ba01b3ee.
2023-09-12 21:14:01,125 [main] INFO  balancer.FindSourceGreedy (FindSourceGreedy.java:getNextCandidateSourceDataNode(126)) - no more candidate source data node
2023-09-12 21:14:01,125 [main] INFO  balancer.ContainerBalancerTask (ContainerBalancerTask.java:checkIterationMoveResults(642)) - Iteration Summary. Number of Datanodes involved: 2. Size moved: 8 GB (8589934592 Bytes). Number of Container moves completed: 2.
2023-09-12 21:14:01,125 [main] INFO  balancer.ContainerBalancerTask (ContainerBalancerTask.java:balance(259)) - Result of this iteration of Container Balancer: ITERATION_COMPLETED
2023-09-12 21:14:01,126 [main] DEBUG balancer.ContainerBalancerTask (ContainerBalancerTask.java:initializeIteration(374)) - Average utilization of the cluster is 0.3322154213903574
2023-09-12 21:14:01,127 [main] DEBUG balancer.ContainerBalancerTask (ContainerBalancerTask.java:initializeIteration(386)) - Lower limit for utilization is 0.23221542139035742 and Upper limit for utilization is 0.4322154213903574
2023-09-12 21:14:01,127 [main] DEBUG balancer.ContainerBalancerTask (ContainerBalancerTask.java:initializeIteration(398)) - Utilization for node ca6c0a04-0951-4baa-89c7-b092ba01b3ee with capacity 59652323555B, used 53687091200B, and remaining 5965232355B is 0.9000000000083819
2023-09-12 21:14:01,127 [main] DEBUG balancer.ContainerBalancerTask (ContainerBalancerTask.java:initializeIteration(398)) - Utilization for node 2ab0017a-bbcd-4f8e-956c-74fb0d83ef34 with capacity 64424509440B, used 51539607552B, and remaining 12884901888B is 0.8
2023-09-12 21:14:01,127 [main] DEBUG balancer.ContainerBalancerTask (ContainerBalancerTask.java:initializeIteration(398)) - Utilization for node 6f9beda5-ff30-4b15-8175-6778a6056e1f with capacity 69026260114B, used 48318382080B, and remaining 20707878034B is 0.7000000000028974
2023-09-12 21:14:01,127 [main] DEBUG balancer.ContainerBalancerTask (ContainerBalancerTask.java:initializeIteration(398)) - Utilization for node 359a1dc0-9878-4d3e-8776-d8e41f44d9b2 with capacity 85899345920B, used 51539607552B, and remaining 34359738368B is 0.6
2023-09-12 21:14:01,127 [main] DEBUG balancer.ContainerBalancerTask (ContainerBalancerTask.java:initializeIteration(398)) - Utilization for node ae2ba97b-3473-47cc-838c-e4ffcc6ef3b1 with capacity 53687091200B, used 26843545600B, and remaining 26843545600B is 0.5
2023-09-12 21:14:01,127 [main] DEBUG balancer.ContainerBalancerTask (ContainerBalancerTask.java:initializeIteration(398)) - Utilization for node 156a7f34-5052-4ebc-99e8-2e764a8c5c0d with capacity 99321118720B, used 39728447488B, and remaining 59592671232B is 0.4
2023-09-12 21:14:01,127 [main] DEBUG balancer.ContainerBalancerTask (ContainerBalancerTask.java:initializeIteration(398)) - Utilization for node 416fd14a-23b9-4c79-ad5f-31cbc6136a57 with capacity 143165576533B, used 42949672960B, and remaining 100215903573B is 0.3000000000006985
2023-09-12 21:14:01,127 [main] DEBUG balancer.ContainerBalancerTask (ContainerBalancerTask.java:initializeIteration(398)) - Utilization for node 9915ef81-4009-4c8c-80c7-19d3a834c45b with capacity 182536110080B, used 36507222016B, and remaining 146028888064B is 0.2
2023-09-12 21:14:01,127 [main] DEBUG balancer.ContainerBalancerTask (ContainerBalancerTask.java:initializeIteration(398)) - Utilization for node 3721d146-488a-467d-bdac-94b6ddd741cc with capacity 397284474880B, used 39728447488B, and remaining 357556027392B is 0.1
2023-09-12 21:14:01,127 [main] DEBUG balancer.ContainerBalancerTask (ContainerBalancerTask.java:initializeIteration(398)) - Utilization for node 8fd60e8f-32eb-44d1-b435-15c42ac8a422 with capacity 21474836480B, used 0B, and remaining 21474836480B is 0.0
2023-09-12 21:14:01,128 [main] INFO  balancer.ContainerBalancerTask (ContainerBalancerTask.java:initializeIteration(447)) - Container Balancer has identified 5 Over-Utilized and 3 Under-Utilized Datanodes that need to be balanced.
2023-09-12 21:14:01,128 [main] DEBUG balancer.ContainerBalancerTask (ContainerBalancerTask.java:lambda$initializeIteration$1(453)) - Datanode localhost-85.113.142.41 ca6c0a04-0951-4baa-89c7-b092ba01b3ee is Over-Utilized.
2023-09-12 21:14:01,128 [main] DEBUG balancer.ContainerBalancerTask (ContainerBalancerTask.java:lambda$initializeIteration$1(453)) - Datanode localhost-20.219.60.85 2ab0017a-bbcd-4f8e-956c-74fb0d83ef34 is Over-Utilized.
2023-09-12 21:14:01,128 [main] DEBUG balancer.ContainerBalancerTask (ContainerBalancerTask.java:lambda$initializeIteration$1(453)) - Datanode localhost-182.106.26.34 6f9beda5-ff30-4b15-8175-6778a6056e1f is Over-Utilized.
2023-09-12 21:14:01,128 [main] DEBUG balancer.ContainerBalancerTask (ContainerBalancerTask.java:lambda$initializeIteration$1(453)) - Datanode localhost-119.236.66.252 359a1dc0-9878-4d3e-8776-d8e41f44d9b2 is Over-Utilized.
2023-09-12 21:14:01,128 [main] DEBUG balancer.ContainerBalancerTask (ContainerBalancerTask.java:lambda$initializeIteration$1(453)) - Datanode localhost-44.165.141.184 ae2ba97b-3473-47cc-838c-e4ffcc6ef3b1 is Over-Utilized.
2023-09-12 21:14:01,128 [main] DEBUG balancer.ContainerBalancerTask (ContainerBalancerTask.java:lambda$initializeIteration$2(459)) - Datanode localhost-76.115.0.211 8fd60e8f-32eb-44d1-b435-15c42ac8a422 is Under-Utilized.
2023-09-12 21:14:01,128 [main] DEBUG balancer.ContainerBalancerTask (ContainerBalancerTask.java:lambda$initializeIteration$2(459)) - Datanode localhost-3.139.239.70 3721d146-488a-467d-bdac-94b6ddd741cc is Under-Utilized.
2023-09-12 21:14:01,128 [main] DEBUG balancer.ContainerBalancerTask (ContainerBalancerTask.java:lambda$initializeIteration$2(459)) - Datanode localhost-141.184.89.130 9915ef81-4009-4c8c-80c7-19d3a834c45b is Under-Utilized.
2023-09-12 21:14:01,131 [main] DEBUG balancer.ContainerBalancerTask (ContainerBalancerTask.java:matchSourceWithTarget(708)) - ContainerBalancer is finding suitable target for source datanode ca6c0a04-0951-4baa-89c7-b092ba01b3ee
2023-09-12 21:14:01,131 [main] INFO  balancer.ContainerBalancerTask (ContainerBalancerTask.java:matchSourceWithTarget(722)) - ContainerBalancer matched source datanode ca6c0a04-0951-4baa-89c7-b092ba01b3ee with target datanode 8fd60e8f-32eb-44d1-b435-15c42ac8a422 for container move.
2023-09-12 21:14:01,131 [main] INFO  balancer.ContainerBalancerTask (ContainerBalancerTask.java:processMoveSelection(569)) - ContainerBalancer is trying to move container #85 with size 5368709120B from source datanode ca6c0a04-0951-4baa-89c7-b092ba01b3ee to target datanode 8fd60e8f-32eb-44d1-b435-15c42ac8a422
2023-09-12 21:14:01,131 [main] DEBUG balancer.ContainerBalancerTask (ContainerBalancerTask.java:lambda$moveContainer$3(837)) - Container move completed for container #85 from source ca6c0a04-0951-4baa-89c7-b092ba01b3ee to target 8fd60e8f-32eb-44d1-b435-15c42ac8a422
2023-09-12 21:14:01,131 [main] DEBUG balancer.ContainerBalancerTask (ContainerBalancerTask.java:adaptOnReachingIterationLimits(782)) - Reached max datanodes to involve limit. 2 datanodes have already been selected for balancing and the limit is 2. Only already selected sources and targets can be involved in balancing now.
2023-09-12 21:14:01,134 [main] DEBUG balancer.ContainerBalancerTask (ContainerBalancerTask.java:matchSourceWithTarget(708)) - ContainerBalancer is finding suitable target for source datanode ca6c0a04-0951-4baa-89c7-b092ba01b3ee
2023-09-12 21:14:01,134 [main] INFO  balancer.ContainerBalancerTask (ContainerBalancerTask.java:matchSourceWithTarget(722)) - ContainerBalancer matched source datanode ca6c0a04-0951-4baa-89c7-b092ba01b3ee with target datanode 8fd60e8f-32eb-44d1-b435-15c42ac8a422 for container move.
2023-09-12 21:14:01,134 [main] INFO  balancer.ContainerBalancerTask (ContainerBalancerTask.java:processMoveSelection(569)) - ContainerBalancer is trying to move container #88 with size 3221225472B from source datanode ca6c0a04-0951-4baa-89c7-b092ba01b3ee to target datanode 8fd60e8f-32eb-44d1-b435-15c42ac8a422
2023-09-12 21:14:01,134 [main] DEBUG balancer.ContainerBalancerTask (ContainerBalancerTask.java:lambda$moveContainer$3(837)) - Container move completed for container #88 from source ca6c0a04-0951-4baa-89c7-b092ba01b3ee to target 8fd60e8f-32eb-44d1-b435-15c42ac8a422
2023-09-12 21:14:01,137 [main] DEBUG balancer.ContainerBalancerTask (ContainerBalancerTask.java:matchSourceWithTarget(708)) - ContainerBalancer is finding suitable target for source datanode ca6c0a04-0951-4baa-89c7-b092ba01b3ee
2023-09-12 21:14:01,138 [main] INFO  balancer.FindTargetGreedyByUsageInfo (AbstractFindTargetGreedy.java:findTargetForContainerMove(133)) - Container Balancer could not find a target for source datanode ca6c0a04-0951-4baa-89c7-b092ba01b3ee
2023-09-12 21:14:01,138 [main] DEBUG balancer.ContainerBalancerTask (ContainerBalancerTask.java:matchSourceWithTarget(717)) - ContainerBalancer could not find a suitable target for source node ca6c0a04-0951-4baa-89c7-b092ba01b3ee.
2023-09-12 21:14:01,138 [main] INFO  balancer.FindSourceGreedy (FindSourceGreedy.java:getNextCandidateSourceDataNode(126)) - no more candidate source data node
2023-09-12 21:14:01,138 [main] INFO  balancer.ContainerBalancerTask (ContainerBalancerTask.java:checkIterationMoveResults(642)) - Iteration Summary. Number of Datanodes involved: 2. Size moved: 8 GB (8589934592 Bytes). Number of Container moves completed: 2.
2023-09-12 21:14:01,138 [main] INFO  balancer.ContainerBalancerTask (ContainerBalancerTask.java:balance(259)) - Result of this iteration of Container Balancer: ITERATION_COMPLETED
2023-09-12 21:14:01,140 [main] DEBUG balancer.ContainerBalancerTask (ContainerBalancerTask.java:initializeIteration(374)) - Average utilization of the cluster is 0.3322154213903574
2023-09-12 21:14:01,140 [main] DEBUG balancer.ContainerBalancerTask (ContainerBalancerTask.java:initializeIteration(386)) - Lower limit for utilization is 0.23221542139035742 and Upper limit for utilization is 0.4322154213903574
2023-09-12 21:14:01,140 [main] DEBUG balancer.ContainerBalancerTask (ContainerBalancerTask.java:initializeIteration(398)) - Utilization for node ca6c0a04-0951-4baa-89c7-b092ba01b3ee with capacity 59652323555B, used 53687091200B, and remaining 5965232355B is 0.9000000000083819
2023-09-12 21:14:01,140 [main] DEBUG balancer.ContainerBalancerTask (ContainerBalancerTask.java:initializeIteration(398)) - Utilization for node 2ab0017a-bbcd-4f8e-956c-74fb0d83ef34 with capacity 64424509440B, used 51539607552B, and remaining 12884901888B is 0.8
2023-09-12 21:14:01,140 [main] DEBUG balancer.ContainerBalancerTask (ContainerBalancerTask.java:initializeIteration(398)) - Utilization for node 6f9beda5-ff30-4b15-8175-6778a6056e1f with capacity 69026260114B, used 48318382080B, and remaining 20707878034B is 0.7000000000028974
2023-09-12 21:14:01,140 [main] DEBUG balancer.ContainerBalancerTask (ContainerBalancerTask.java:initializeIteration(398)) - Utilization for node 359a1dc0-9878-4d3e-8776-d8e41f44d9b2 with capacity 85899345920B, used 51539607552B, and remaining 34359738368B is 0.6
2023-09-12 21:14:01,140 [main] DEBUG balancer.ContainerBalancerTask (ContainerBalancerTask.java:initializeIteration(398)) - Utilization for node ae2ba97b-3473-47cc-838c-e4ffcc6ef3b1 with capacity 53687091200B, used 26843545600B, and remaining 26843545600B is 0.5
2023-09-12 21:14:01,140 [main] DEBUG balancer.ContainerBalancerTask (ContainerBalancerTask.java:initializeIteration(398)) - Utilization for node 156a7f34-5052-4ebc-99e8-2e764a8c5c0d with capacity 99321118720B, used 39728447488B, and remaining 59592671232B is 0.4
2023-09-12 21:14:01,140 [main] DEBUG balancer.ContainerBalancerTask (ContainerBalancerTask.java:initializeIteration(398)) - Utilization for node 416fd14a-23b9-4c79-ad5f-31cbc6136a57 with capacity 143165576533B, used 42949672960B, and remaining 100215903573B is 0.3000000000006985
2023-09-12 21:14:01,140 [main] DEBUG balancer.ContainerBalancerTask (ContainerBalancerTask.java:initializeIteration(398)) - Utilization for node 9915ef81-4009-4c8c-80c7-19d3a834c45b with capacity 182536110080B, used 36507222016B, and remaining 146028888064B is 0.2
2023-09-12 21:14:01,140 [main] DEBUG balancer.ContainerBalancerTask (ContainerBalancerTask.java:initializeIteration(398)) - Utilization for node 3721d146-488a-467d-bdac-94b6ddd741cc with capacity 397284474880B, used 39728447488B, and remaining 357556027392B is 0.1
2023-09-12 21:14:01,141 [main] DEBUG balancer.ContainerBalancerTask (ContainerBalancerTask.java:initializeIteration(398)) - Utilization for node 8fd60e8f-32eb-44d1-b435-15c42ac8a422 with capacity 21474836480B, used 0B, and remaining 21474836480B is 0.0
2023-09-12 21:14:01,141 [main] INFO  balancer.ContainerBalancerTask (ContainerBalancerTask.java:initializeIteration(447)) - Container Balancer has identified 5 Over-Utilized and 3 Under-Utilized Datanodes that need to be balanced.
2023-09-12 21:14:01,141 [main] DEBUG balancer.ContainerBalancerTask (ContainerBalancerTask.java:lambda$initializeIteration$1(453)) - Datanode localhost-85.113.142.41 ca6c0a04-0951-4baa-89c7-b092ba01b3ee is Over-Utilized.
2023-09-12 21:14:01,141 [main] DEBUG balancer.ContainerBalancerTask (ContainerBalancerTask.java:lambda$initializeIteration$1(453)) - Datanode localhost-20.219.60.85 2ab0017a-bbcd-4f8e-956c-74fb0d83ef34 is Over-Utilized.
2023-09-12 21:14:01,141 [main] DEBUG balancer.ContainerBalancerTask (ContainerBalancerTask.java:lambda$initializeIteration$1(453)) - Datanode localhost-182.106.26.34 6f9beda5-ff30-4b15-8175-6778a6056e1f is Over-Utilized.
2023-09-12 21:14:01,141 [main] DEBUG balancer.ContainerBalancerTask (ContainerBalancerTask.java:lambda$initializeIteration$1(453)) - Datanode localhost-119.236.66.252 359a1dc0-9878-4d3e-8776-d8e41f44d9b2 is Over-Utilized.
2023-09-12 21:14:01,141 [main] DEBUG balancer.ContainerBalancerTask (ContainerBalancerTask.java:lambda$initializeIteration$1(453)) - Datanode localhost-44.165.141.184 ae2ba97b-3473-47cc-838c-e4ffcc6ef3b1 is Over-Utilized.
2023-09-12 21:14:01,141 [main] DEBUG balancer.ContainerBalancerTask (ContainerBalancerTask.java:lambda$initializeIteration$2(459)) - Datanode localhost-76.115.0.211 8fd60e8f-32eb-44d1-b435-15c42ac8a422 is Under-Utilized.
2023-09-12 21:14:01,141 [main] DEBUG balancer.ContainerBalancerTask (ContainerBalancerTask.java:lambda$initializeIteration$2(459)) - Datanode localhost-3.139.239.70 3721d146-488a-467d-bdac-94b6ddd741cc is Under-Utilized.
2023-09-12 21:14:01,141 [main] DEBUG balancer.ContainerBalancerTask (ContainerBalancerTask.java:lambda$initializeIteration$2(459)) - Datanode localhost-141.184.89.130 9915ef81-4009-4c8c-80c7-19d3a834c45b is Under-Utilized.
2023-09-12 21:14:01,144 [main] DEBUG balancer.ContainerBalancerTask (ContainerBalancerTask.java:matchSourceWithTarget(708)) - ContainerBalancer is finding suitable target for source datanode ca6c0a04-0951-4baa-89c7-b092ba01b3ee
2023-09-12 21:14:01,144 [main] INFO  balancer.ContainerBalancerTask (ContainerBalancerTask.java:matchSourceWithTarget(722)) - ContainerBalancer matched source datanode ca6c0a04-0951-4baa-89c7-b092ba01b3ee with target datanode 8fd60e8f-32eb-44d1-b435-15c42ac8a422 for container move.
2023-09-12 21:14:01,144 [main] INFO  balancer.ContainerBalancerTask (ContainerBalancerTask.java:processMoveSelection(569)) - ContainerBalancer is trying to move container #85 with size 5368709120B from source datanode ca6c0a04-0951-4baa-89c7-b092ba01b3ee to target datanode 8fd60e8f-32eb-44d1-b435-15c42ac8a422
2023-09-12 21:14:01,144 [main] DEBUG balancer.ContainerBalancerTask (ContainerBalancerTask.java:lambda$moveContainer$3(837)) - Container move completed for container #85 from source ca6c0a04-0951-4baa-89c7-b092ba01b3ee to target 8fd60e8f-32eb-44d1-b435-15c42ac8a422
2023-09-12 21:14:01,145 [main] DEBUG balancer.ContainerBalancerTask (ContainerBalancerTask.java:adaptOnReachingIterationLimits(782)) - Reached max datanodes to involve limit. 2 datanodes have already been selected for balancing and the limit is 2. Only already selected sources and targets can be involved in balancing now.
2023-09-12 21:14:01,147 [main] DEBUG balancer.ContainerBalancerTask (ContainerBalancerTask.java:matchSourceWithTarget(708)) - ContainerBalancer is finding suitable target for source datanode ca6c0a04-0951-4baa-89c7-b092ba01b3ee
2023-09-12 21:14:01,147 [main] INFO  balancer.ContainerBalancerTask (ContainerBalancerTask.java:matchSourceWithTarget(722)) - ContainerBalancer matched source datanode ca6c0a04-0951-4baa-89c7-b092ba01b3ee with target datanode 8fd60e8f-32eb-44d1-b435-15c42ac8a422 for container move.
2023-09-12 21:14:01,147 [main] INFO  balancer.ContainerBalancerTask (ContainerBalancerTask.java:processMoveSelection(569)) - ContainerBalancer is trying to move container #88 with size 3221225472B from source datanode ca6c0a04-0951-4baa-89c7-b092ba01b3ee to target datanode 8fd60e8f-32eb-44d1-b435-15c42ac8a422
2023-09-12 21:14:01,148 [main] DEBUG balancer.ContainerBalancerTask (ContainerBalancerTask.java:lambda$moveContainer$3(837)) - Container move completed for container #88 from source ca6c0a04-0951-4baa-89c7-b092ba01b3ee to target 8fd60e8f-32eb-44d1-b435-15c42ac8a422
2023-09-12 21:14:01,150 [main] DEBUG balancer.ContainerBalancerTask (ContainerBalancerTask.java:matchSourceWithTarget(708)) - ContainerBalancer is finding suitable target for source datanode ca6c0a04-0951-4baa-89c7-b092ba01b3ee
2023-09-12 21:14:01,151 [main] INFO  balancer.FindTargetGreedyByUsageInfo (AbstractFindTargetGreedy.java:findTargetForContainerMove(133)) - Container Balancer could not find a target for source datanode ca6c0a04-0951-4baa-89c7-b092ba01b3ee
2023-09-12 21:14:01,151 [main] DEBUG balancer.ContainerBalancerTask (ContainerBalancerTask.java:matchSourceWithTarget(717)) - ContainerBalancer could not find a suitable target for source node ca6c0a04-0951-4baa-89c7-b092ba01b3ee.
2023-09-12 21:14:01,151 [main] INFO  balancer.FindSourceGreedy (FindSourceGreedy.java:getNextCandidateSourceDataNode(126)) - no more candidate source data node
2023-09-12 21:14:01,151 [main] INFO  balancer.ContainerBalancerTask (ContainerBalancerTask.java:checkIterationMoveResults(642)) - Iteration Summary. Number of Datanodes involved: 2. Size moved: 8 GB (8589934592 Bytes). Number of Container moves completed: 2.
2023-09-12 21:14:01,151 [main] INFO  balancer.ContainerBalancerTask (ContainerBalancerTask.java:balance(259)) - Result of this iteration of Container Balancer: ITERATION_COMPLETED
2023-09-12 21:14:01,152 [main] INFO  balancer.ContainerBalancerTask (ContainerBalancerTask.java:tryStopWithSaveConfiguration(308)) - Save Configuration for stopping. Reason: Completed all iterations.
]]></system-out>
  </testcase>
  <testcase name="selectedContainerShouldNotAlreadyHaveBeenSelected" classname="org.apache.hadoop.hdds.scm.container.balancer.TestContainerBalancerTask" time="0.491">
    <system-out><![CDATA[2023-09-12 21:14:01,175 [main] INFO  net.NodeSchemaLoader (NodeSchemaLoader.java:loadSchemaFromFile(129)) - Loading schema from [file:/home/runner/work/ozone/ozone/hadoop-hdds/common/target/classes/network-topology-default.xml]
2023-09-12 21:14:01,175 [main] INFO  net.NodeSchemaLoader (NodeSchemaLoader.java:loadSchema(176)) - Loading network topology layer schema file
2023-09-12 21:14:01,176 [main] INFO  net.NetworkTopologyImpl (NetworkTopologyImpl.java:add(112)) - Added a new node: /default-rack/f80ba35d-6829-40fe-a4bc-64980ab2aff7
2023-09-12 21:14:01,177 [main] INFO  net.NetworkTopologyImpl (NetworkTopologyImpl.java:add(112)) - Added a new node: /default-rack/12014c5c-db6a-4ab7-9a37-5f47b19d024e
2023-09-12 21:14:01,177 [main] INFO  net.NetworkTopologyImpl (NetworkTopologyImpl.java:add(112)) - Added a new node: /default-rack/3fcb564a-4f56-4282-b9d9-e00553d28f1f
2023-09-12 21:14:01,177 [main] INFO  net.NetworkTopologyImpl (NetworkTopologyImpl.java:add(112)) - Added a new node: /default-rack/48ffac49-5d7e-42d3-918d-34f7d7fa07c3
2023-09-12 21:14:01,177 [main] INFO  net.NetworkTopologyImpl (NetworkTopologyImpl.java:add(112)) - Added a new node: /default-rack/7f3c7137-81cb-466a-a0a3-7a8c3be385ef
2023-09-12 21:14:01,177 [main] INFO  net.NetworkTopologyImpl (NetworkTopologyImpl.java:add(112)) - Added a new node: /default-rack/0187e292-5c99-4be4-b5ed-aeb35dbf00d3
2023-09-12 21:14:01,177 [main] INFO  net.NetworkTopologyImpl (NetworkTopologyImpl.java:add(112)) - Added a new node: /default-rack/94c6fcab-7f8e-4534-9378-1af0f6aa0daf
2023-09-12 21:14:01,177 [main] INFO  net.NetworkTopologyImpl (NetworkTopologyImpl.java:add(112)) - Added a new node: /default-rack/84024915-ccaa-4253-889e-5913fdc867d1
2023-09-12 21:14:01,177 [main] INFO  net.NetworkTopologyImpl (NetworkTopologyImpl.java:add(112)) - Added a new node: /default-rack/ba96c827-bafc-4328-bfa5-f24d35027824
2023-09-12 21:14:01,177 [main] INFO  net.NetworkTopologyImpl (NetworkTopologyImpl.java:add(112)) - Added a new node: /default-rack/1fd45dbf-725b-4e72-b2cb-d23a25d1792f
2023-09-12 21:14:01,178 [main] INFO  algorithms.ContainerPlacementPolicyFactory (ContainerPlacementPolicyFactory.java:getPolicyInternal(86)) - Create container placement policy of type org.apache.hadoop.hdds.scm.container.placement.algorithms.SCMContainerPlacementRackAware
2023-09-12 21:14:01,178 [main] INFO  algorithms.ContainerPlacementPolicyFactory (ContainerPlacementPolicyFactory.java:getPolicyInternal(86)) - Create container placement policy of type org.apache.hadoop.hdds.scm.container.placement.algorithms.SCMContainerPlacementRackScatter
2023-09-12 21:14:01,180 [main] DEBUG balancer.ContainerBalancerTask (ContainerBalancerTask.java:initializeIteration(374)) - Average utilization of the cluster is 0.36985110943819455
2023-09-12 21:14:01,180 [main] DEBUG balancer.ContainerBalancerTask (ContainerBalancerTask.java:initializeIteration(386)) - Lower limit for utilization is 0.26985110943819457 and Upper limit for utilization is 0.4698511094381945
2023-09-12 21:14:01,180 [main] DEBUG balancer.ContainerBalancerTask (ContainerBalancerTask.java:initializeIteration(398)) - Utilization for node 84024915-ccaa-4253-889e-5913fdc867d1 with capacity 50107951786B, used 45097156608B, and remaining 5010795178B is 0.9000000000119741
2023-09-12 21:14:01,180 [main] DEBUG balancer.ContainerBalancerTask (ContainerBalancerTask.java:initializeIteration(398)) - Utilization for node 12014c5c-db6a-4ab7-9a37-5f47b19d024e with capacity 73819750400B, used 59055800320B, and remaining 14763950080B is 0.8
2023-09-12 21:14:01,180 [main] DEBUG balancer.ContainerBalancerTask (ContainerBalancerTask.java:initializeIteration(398)) - Utilization for node ba96c827-bafc-4328-bfa5-f24d35027824 with capacity 56754924982B, used 39728447488B, and remaining 17026477494B is 0.7000000000105717
2023-09-12 21:14:01,181 [main] DEBUG balancer.ContainerBalancerTask (ContainerBalancerTask.java:initializeIteration(398)) - Utilization for node f80ba35d-6829-40fe-a4bc-64980ab2aff7 with capacity 73372357973B, used 44023414784B, and remaining 29348943189B is 0.6000000000027258
2023-09-12 21:14:01,181 [main] DEBUG balancer.ContainerBalancerTask (ContainerBalancerTask.java:initializeIteration(398)) - Utilization for node 1fd45dbf-725b-4e72-b2cb-d23a25d1792f with capacity 118111600640B, used 59055800320B, and remaining 59055800320B is 0.5
2023-09-12 21:14:01,181 [main] DEBUG balancer.ContainerBalancerTask (ContainerBalancerTask.java:initializeIteration(398)) - Utilization for node 7f3c7137-81cb-466a-a0a3-7a8c3be385ef with capacity 131533373440B, used 52613349376B, and remaining 78920024064B is 0.4
2023-09-12 21:14:01,181 [main] DEBUG balancer.ContainerBalancerTask (ContainerBalancerTask.java:initializeIteration(398)) - Utilization for node 3fcb564a-4f56-4282-b9d9-e00553d28f1f with capacity 132428158293B, used 39728447488B, and remaining 92699710805B is 0.3000000000007551
2023-09-12 21:14:01,181 [main] DEBUG balancer.ContainerBalancerTask (ContainerBalancerTask.java:initializeIteration(398)) - Utilization for node 94c6fcab-7f8e-4534-9378-1af0f6aa0daf with capacity 236223201280B, used 47244640256B, and remaining 188978561024B is 0.2
2023-09-12 21:14:01,181 [main] DEBUG balancer.ContainerBalancerTask (ContainerBalancerTask.java:initializeIteration(398)) - Utilization for node 48ffac49-5d7e-42d3-918d-34f7d7fa07c3 with capacity 214748364800B, used 21474836480B, and remaining 193273528320B is 0.1
2023-09-12 21:14:01,181 [main] DEBUG balancer.ContainerBalancerTask (ContainerBalancerTask.java:initializeIteration(398)) - Utilization for node 0187e292-5c99-4be4-b5ed-aeb35dbf00d3 with capacity 16106127360B, used 0B, and remaining 16106127360B is 0.0
2023-09-12 21:14:01,181 [main] INFO  balancer.ContainerBalancerTask (ContainerBalancerTask.java:initializeIteration(447)) - Container Balancer has identified 5 Over-Utilized and 3 Under-Utilized Datanodes that need to be balanced.
2023-09-12 21:14:01,181 [main] DEBUG balancer.ContainerBalancerTask (ContainerBalancerTask.java:lambda$initializeIteration$1(453)) - Datanode localhost-148.78.42.152 84024915-ccaa-4253-889e-5913fdc867d1 is Over-Utilized.
2023-09-12 21:14:01,181 [main] DEBUG balancer.ContainerBalancerTask (ContainerBalancerTask.java:lambda$initializeIteration$1(453)) - Datanode localhost-163.104.213.144 12014c5c-db6a-4ab7-9a37-5f47b19d024e is Over-Utilized.
2023-09-12 21:14:01,181 [main] DEBUG balancer.ContainerBalancerTask (ContainerBalancerTask.java:lambda$initializeIteration$1(453)) - Datanode localhost-9.97.29.190 ba96c827-bafc-4328-bfa5-f24d35027824 is Over-Utilized.
2023-09-12 21:14:01,181 [main] DEBUG balancer.ContainerBalancerTask (ContainerBalancerTask.java:lambda$initializeIteration$1(453)) - Datanode localhost-159.185.187.210 f80ba35d-6829-40fe-a4bc-64980ab2aff7 is Over-Utilized.
2023-09-12 21:14:01,182 [main] DEBUG balancer.ContainerBalancerTask (ContainerBalancerTask.java:lambda$initializeIteration$1(453)) - Datanode localhost-18.242.104.165 1fd45dbf-725b-4e72-b2cb-d23a25d1792f is Over-Utilized.
2023-09-12 21:14:01,182 [main] DEBUG balancer.ContainerBalancerTask (ContainerBalancerTask.java:lambda$initializeIteration$2(459)) - Datanode localhost-84.143.38.137 0187e292-5c99-4be4-b5ed-aeb35dbf00d3 is Under-Utilized.
2023-09-12 21:14:01,182 [main] DEBUG balancer.ContainerBalancerTask (ContainerBalancerTask.java:lambda$initializeIteration$2(459)) - Datanode localhost-252.204.236.163 48ffac49-5d7e-42d3-918d-34f7d7fa07c3 is Under-Utilized.
2023-09-12 21:14:01,182 [main] DEBUG balancer.ContainerBalancerTask (ContainerBalancerTask.java:lambda$initializeIteration$2(459)) - Datanode localhost-24.165.221.132 94c6fcab-7f8e-4534-9378-1af0f6aa0daf is Under-Utilized.
2023-09-12 21:14:01,184 [main] DEBUG balancer.ContainerBalancerTask (ContainerBalancerTask.java:matchSourceWithTarget(708)) - ContainerBalancer is finding suitable target for source datanode 84024915-ccaa-4253-889e-5913fdc867d1
2023-09-12 21:14:01,184 [main] INFO  balancer.ContainerBalancerTask (ContainerBalancerTask.java:matchSourceWithTarget(722)) - ContainerBalancer matched source datanode 84024915-ccaa-4253-889e-5913fdc867d1 with target datanode 0187e292-5c99-4be4-b5ed-aeb35dbf00d3 for container move.
2023-09-12 21:14:01,184 [main] INFO  balancer.ContainerBalancerTask (ContainerBalancerTask.java:processMoveSelection(569)) - ContainerBalancer is trying to move container #84 with size 4294967296B from source datanode 84024915-ccaa-4253-889e-5913fdc867d1 to target datanode 0187e292-5c99-4be4-b5ed-aeb35dbf00d3
2023-09-12 21:14:01,184 [main] DEBUG balancer.ContainerBalancerTask (ContainerBalancerTask.java:lambda$moveContainer$3(837)) - Container move completed for container #84 from source 84024915-ccaa-4253-889e-5913fdc867d1 to target 0187e292-5c99-4be4-b5ed-aeb35dbf00d3
2023-09-12 21:14:01,186 [main] DEBUG balancer.ContainerBalancerTask (ContainerBalancerTask.java:matchSourceWithTarget(708)) - ContainerBalancer is finding suitable target for source datanode 84024915-ccaa-4253-889e-5913fdc867d1
2023-09-12 21:14:01,187 [main] INFO  balancer.ContainerBalancerTask (ContainerBalancerTask.java:matchSourceWithTarget(722)) - ContainerBalancer matched source datanode 84024915-ccaa-4253-889e-5913fdc867d1 with target datanode 48ffac49-5d7e-42d3-918d-34f7d7fa07c3 for container move.
2023-09-12 21:14:01,187 [main] INFO  balancer.ContainerBalancerTask (ContainerBalancerTask.java:processMoveSelection(569)) - ContainerBalancer is trying to move container #52 with size 4294967296B from source datanode 84024915-ccaa-4253-889e-5913fdc867d1 to target datanode 48ffac49-5d7e-42d3-918d-34f7d7fa07c3
2023-09-12 21:14:01,187 [main] DEBUG balancer.ContainerBalancerTask (ContainerBalancerTask.java:lambda$moveContainer$3(837)) - Container move completed for container #52 from source 84024915-ccaa-4253-889e-5913fdc867d1 to target 48ffac49-5d7e-42d3-918d-34f7d7fa07c3
2023-09-12 21:14:01,189 [main] DEBUG balancer.ContainerBalancerTask (ContainerBalancerTask.java:matchSourceWithTarget(708)) - ContainerBalancer is finding suitable target for source datanode 12014c5c-db6a-4ab7-9a37-5f47b19d024e
2023-09-12 21:14:01,190 [main] INFO  balancer.ContainerBalancerTask (ContainerBalancerTask.java:matchSourceWithTarget(722)) - ContainerBalancer matched source datanode 12014c5c-db6a-4ab7-9a37-5f47b19d024e with target datanode 48ffac49-5d7e-42d3-918d-34f7d7fa07c3 for container move.
2023-09-12 21:14:01,190 [main] INFO  balancer.ContainerBalancerTask (ContainerBalancerTask.java:processMoveSelection(569)) - ContainerBalancer is trying to move container #68 with size 5368709120B from source datanode 12014c5c-db6a-4ab7-9a37-5f47b19d024e to target datanode 48ffac49-5d7e-42d3-918d-34f7d7fa07c3
2023-09-12 21:14:01,190 [main] DEBUG balancer.ContainerBalancerTask (ContainerBalancerTask.java:lambda$moveContainer$3(837)) - Container move completed for container #68 from source 12014c5c-db6a-4ab7-9a37-5f47b19d024e to target 48ffac49-5d7e-42d3-918d-34f7d7fa07c3
2023-09-12 21:14:01,192 [main] DEBUG balancer.ContainerBalancerTask (ContainerBalancerTask.java:matchSourceWithTarget(708)) - ContainerBalancer is finding suitable target for source datanode 84024915-ccaa-4253-889e-5913fdc867d1
2023-09-12 21:14:01,192 [main] INFO  balancer.ContainerBalancerTask (ContainerBalancerTask.java:matchSourceWithTarget(722)) - ContainerBalancer matched source datanode 84024915-ccaa-4253-889e-5913fdc867d1 with target datanode 48ffac49-5d7e-42d3-918d-34f7d7fa07c3 for container move.
2023-09-12 21:14:01,192 [main] INFO  balancer.ContainerBalancerTask (ContainerBalancerTask.java:processMoveSelection(569)) - ContainerBalancer is trying to move container #88 with size 3221225472B from source datanode 84024915-ccaa-4253-889e-5913fdc867d1 to target datanode 48ffac49-5d7e-42d3-918d-34f7d7fa07c3
2023-09-12 21:14:01,192 [main] DEBUG balancer.ContainerBalancerTask (ContainerBalancerTask.java:lambda$moveContainer$3(837)) - Container move completed for container #88 from source 84024915-ccaa-4253-889e-5913fdc867d1 to target 48ffac49-5d7e-42d3-918d-34f7d7fa07c3
2023-09-12 21:14:01,195 [main] DEBUG balancer.ContainerBalancerTask (ContainerBalancerTask.java:matchSourceWithTarget(708)) - ContainerBalancer is finding suitable target for source datanode 12014c5c-db6a-4ab7-9a37-5f47b19d024e
2023-09-12 21:14:01,195 [main] INFO  balancer.ContainerBalancerTask (ContainerBalancerTask.java:matchSourceWithTarget(722)) - ContainerBalancer matched source datanode 12014c5c-db6a-4ab7-9a37-5f47b19d024e with target datanode 48ffac49-5d7e-42d3-918d-34f7d7fa07c3 for container move.
2023-09-12 21:14:01,195 [main] INFO  balancer.ContainerBalancerTask (ContainerBalancerTask.java:processMoveSelection(569)) - ContainerBalancer is trying to move container #28 with size 4294967296B from source datanode 12014c5c-db6a-4ab7-9a37-5f47b19d024e to target datanode 48ffac49-5d7e-42d3-918d-34f7d7fa07c3
2023-09-12 21:14:01,196 [main] DEBUG balancer.ContainerBalancerTask (ContainerBalancerTask.java:lambda$moveContainer$3(837)) - Container move completed for container #28 from source 12014c5c-db6a-4ab7-9a37-5f47b19d024e to target 48ffac49-5d7e-42d3-918d-34f7d7fa07c3
2023-09-12 21:14:01,198 [main] DEBUG balancer.ContainerBalancerTask (ContainerBalancerTask.java:matchSourceWithTarget(708)) - ContainerBalancer is finding suitable target for source datanode ba96c827-bafc-4328-bfa5-f24d35027824
2023-09-12 21:14:01,198 [main] INFO  balancer.ContainerBalancerTask (ContainerBalancerTask.java:matchSourceWithTarget(722)) - ContainerBalancer matched source datanode ba96c827-bafc-4328-bfa5-f24d35027824 with target datanode 48ffac49-5d7e-42d3-918d-34f7d7fa07c3 for container move.
2023-09-12 21:14:01,198 [main] INFO  balancer.ContainerBalancerTask (ContainerBalancerTask.java:processMoveSelection(569)) - ContainerBalancer is trying to move container #50 with size 2147483648B from source datanode ba96c827-bafc-4328-bfa5-f24d35027824 to target datanode 48ffac49-5d7e-42d3-918d-34f7d7fa07c3
2023-09-12 21:14:01,198 [main] DEBUG balancer.ContainerBalancerTask (ContainerBalancerTask.java:lambda$moveContainer$3(837)) - Container move completed for container #50 from source ba96c827-bafc-4328-bfa5-f24d35027824 to target 48ffac49-5d7e-42d3-918d-34f7d7fa07c3
2023-09-12 21:14:01,201 [main] DEBUG balancer.ContainerBalancerTask (ContainerBalancerTask.java:matchSourceWithTarget(708)) - ContainerBalancer is finding suitable target for source datanode 12014c5c-db6a-4ab7-9a37-5f47b19d024e
2023-09-12 21:14:01,201 [main] INFO  balancer.ContainerBalancerTask (ContainerBalancerTask.java:matchSourceWithTarget(722)) - ContainerBalancer matched source datanode 12014c5c-db6a-4ab7-9a37-5f47b19d024e with target datanode 48ffac49-5d7e-42d3-918d-34f7d7fa07c3 for container move.
2023-09-12 21:14:01,201 [main] INFO  balancer.ContainerBalancerTask (ContainerBalancerTask.java:processMoveSelection(569)) - ContainerBalancer is trying to move container #66 with size 3221225472B from source datanode 12014c5c-db6a-4ab7-9a37-5f47b19d024e to target datanode 48ffac49-5d7e-42d3-918d-34f7d7fa07c3
2023-09-12 21:14:01,201 [main] DEBUG balancer.ContainerBalancerTask (ContainerBalancerTask.java:lambda$moveContainer$3(837)) - Container move completed for container #66 from source 12014c5c-db6a-4ab7-9a37-5f47b19d024e to target 48ffac49-5d7e-42d3-918d-34f7d7fa07c3
2023-09-12 21:14:01,204 [main] DEBUG balancer.ContainerBalancerTask (ContainerBalancerTask.java:matchSourceWithTarget(708)) - ContainerBalancer is finding suitable target for source datanode 84024915-ccaa-4253-889e-5913fdc867d1
2023-09-12 21:14:01,204 [main] INFO  balancer.ContainerBalancerTask (ContainerBalancerTask.java:matchSourceWithTarget(722)) - ContainerBalancer matched source datanode 84024915-ccaa-4253-889e-5913fdc867d1 with target datanode 94c6fcab-7f8e-4534-9378-1af0f6aa0daf for container move.
2023-09-12 21:14:01,204 [main] INFO  balancer.ContainerBalancerTask (ContainerBalancerTask.java:processMoveSelection(569)) - ContainerBalancer is trying to move container #82 with size 2147483648B from source datanode 84024915-ccaa-4253-889e-5913fdc867d1 to target datanode 94c6fcab-7f8e-4534-9378-1af0f6aa0daf
2023-09-12 21:14:01,204 [main] DEBUG balancer.ContainerBalancerTask (ContainerBalancerTask.java:lambda$moveContainer$3(837)) - Container move completed for container #82 from source 84024915-ccaa-4253-889e-5913fdc867d1 to target 94c6fcab-7f8e-4534-9378-1af0f6aa0daf
2023-09-12 21:14:01,206 [main] DEBUG balancer.ContainerBalancerTask (ContainerBalancerTask.java:matchSourceWithTarget(708)) - ContainerBalancer is finding suitable target for source datanode ba96c827-bafc-4328-bfa5-f24d35027824
2023-09-12 21:14:01,207 [main] INFO  balancer.ContainerBalancerTask (ContainerBalancerTask.java:matchSourceWithTarget(722)) - ContainerBalancer matched source datanode ba96c827-bafc-4328-bfa5-f24d35027824 with target datanode 48ffac49-5d7e-42d3-918d-34f7d7fa07c3 for container move.
2023-09-12 21:14:01,207 [main] INFO  balancer.ContainerBalancerTask (ContainerBalancerTask.java:processMoveSelection(569)) - ContainerBalancer is trying to move container #54 with size 1073741824B from source datanode ba96c827-bafc-4328-bfa5-f24d35027824 to target datanode 48ffac49-5d7e-42d3-918d-34f7d7fa07c3
2023-09-12 21:14:01,207 [main] DEBUG balancer.ContainerBalancerTask (ContainerBalancerTask.java:lambda$moveContainer$3(837)) - Container move completed for container #54 from source ba96c827-bafc-4328-bfa5-f24d35027824 to target 48ffac49-5d7e-42d3-918d-34f7d7fa07c3
2023-09-12 21:14:01,209 [main] DEBUG balancer.ContainerBalancerTask (ContainerBalancerTask.java:matchSourceWithTarget(708)) - ContainerBalancer is finding suitable target for source datanode ba96c827-bafc-4328-bfa5-f24d35027824
2023-09-12 21:14:01,209 [main] INFO  balancer.ContainerBalancerTask (ContainerBalancerTask.java:matchSourceWithTarget(722)) - ContainerBalancer matched source datanode ba96c827-bafc-4328-bfa5-f24d35027824 with target datanode 94c6fcab-7f8e-4534-9378-1af0f6aa0daf for container move.
2023-09-12 21:14:01,210 [main] INFO  balancer.ContainerBalancerTask (ContainerBalancerTask.java:processMoveSelection(569)) - ContainerBalancer is trying to move container #36 with size 1073741824B from source datanode ba96c827-bafc-4328-bfa5-f24d35027824 to target datanode 94c6fcab-7f8e-4534-9378-1af0f6aa0daf
2023-09-12 21:14:01,210 [main] DEBUG balancer.ContainerBalancerTask (ContainerBalancerTask.java:lambda$moveContainer$3(837)) - Container move completed for container #36 from source ba96c827-bafc-4328-bfa5-f24d35027824 to target 94c6fcab-7f8e-4534-9378-1af0f6aa0daf
2023-09-12 21:14:01,213 [main] DEBUG balancer.ContainerBalancerTask (ContainerBalancerTask.java:matchSourceWithTarget(708)) - ContainerBalancer is finding suitable target for source datanode 12014c5c-db6a-4ab7-9a37-5f47b19d024e
2023-09-12 21:14:01,213 [main] INFO  balancer.ContainerBalancerTask (ContainerBalancerTask.java:matchSourceWithTarget(722)) - ContainerBalancer matched source datanode 12014c5c-db6a-4ab7-9a37-5f47b19d024e with target datanode 48ffac49-5d7e-42d3-918d-34f7d7fa07c3 for container move.
2023-09-12 21:14:01,213 [main] INFO  balancer.ContainerBalancerTask (ContainerBalancerTask.java:processMoveSelection(569)) - ContainerBalancer is trying to move container #70 with size 2147483648B from source datanode 12014c5c-db6a-4ab7-9a37-5f47b19d024e to target datanode 48ffac49-5d7e-42d3-918d-34f7d7fa07c3
2023-09-12 21:14:01,213 [main] DEBUG balancer.ContainerBalancerTask (ContainerBalancerTask.java:lambda$moveContainer$3(837)) - Container move completed for container #70 from source 12014c5c-db6a-4ab7-9a37-5f47b19d024e to target 48ffac49-5d7e-42d3-918d-34f7d7fa07c3
2023-09-12 21:14:01,216 [main] DEBUG balancer.ContainerBalancerTask (ContainerBalancerTask.java:matchSourceWithTarget(701)) - ContainerBalancer could not find any candidate containers for datanode ba96c827-bafc-4328-bfa5-f24d35027824
2023-09-12 21:14:01,569 [main] DEBUG balancer.ContainerBalancerTask (ContainerBalancerTask.java:matchSourceWithTarget(708)) - ContainerBalancer is finding suitable target for source datanode 84024915-ccaa-4253-889e-5913fdc867d1
2023-09-12 21:14:01,569 [main] INFO  balancer.ContainerBalancerTask (ContainerBalancerTask.java:matchSourceWithTarget(722)) - ContainerBalancer matched source datanode 84024915-ccaa-4253-889e-5913fdc867d1 with target datanode 48ffac49-5d7e-42d3-918d-34f7d7fa07c3 for container move.
2023-09-12 21:14:01,569 [main] INFO  balancer.ContainerBalancerTask (ContainerBalancerTask.java:processMoveSelection(569)) - ContainerBalancer is trying to move container #86 with size 1073741824B from source datanode 84024915-ccaa-4253-889e-5913fdc867d1 to target datanode 48ffac49-5d7e-42d3-918d-34f7d7fa07c3
2023-09-12 21:14:01,570 [main] DEBUG balancer.ContainerBalancerTask (ContainerBalancerTask.java:lambda$moveContainer$3(837)) - Container move completed for container #86 from source 84024915-ccaa-4253-889e-5913fdc867d1 to target 48ffac49-5d7e-42d3-918d-34f7d7fa07c3
2023-09-12 21:14:01,573 [main] DEBUG balancer.ContainerBalancerTask (ContainerBalancerTask.java:matchSourceWithTarget(701)) - ContainerBalancer could not find any candidate containers for datanode 84024915-ccaa-4253-889e-5913fdc867d1
2023-09-12 21:14:01,576 [main] DEBUG balancer.ContainerBalancerTask (ContainerBalancerTask.java:matchSourceWithTarget(708)) - ContainerBalancer is finding suitable target for source datanode f80ba35d-6829-40fe-a4bc-64980ab2aff7
2023-09-12 21:14:01,576 [main] INFO  balancer.ContainerBalancerTask (ContainerBalancerTask.java:matchSourceWithTarget(722)) - ContainerBalancer matched source datanode f80ba35d-6829-40fe-a4bc-64980ab2aff7 with target datanode 94c6fcab-7f8e-4534-9378-1af0f6aa0daf for container move.
2023-09-12 21:14:01,576 [main] INFO  balancer.ContainerBalancerTask (ContainerBalancerTask.java:processMoveSelection(569)) - ContainerBalancer is trying to move container #40 with size 5368709120B from source datanode f80ba35d-6829-40fe-a4bc-64980ab2aff7 to target datanode 94c6fcab-7f8e-4534-9378-1af0f6aa0daf
2023-09-12 21:14:01,576 [main] DEBUG balancer.ContainerBalancerTask (ContainerBalancerTask.java:lambda$moveContainer$3(837)) - Container move completed for container #40 from source f80ba35d-6829-40fe-a4bc-64980ab2aff7 to target 94c6fcab-7f8e-4534-9378-1af0f6aa0daf
2023-09-12 21:14:01,580 [main] DEBUG balancer.ContainerBalancerTask (ContainerBalancerTask.java:matchSourceWithTarget(708)) - ContainerBalancer is finding suitable target for source datanode 12014c5c-db6a-4ab7-9a37-5f47b19d024e
2023-09-12 21:14:01,580 [main] INFO  balancer.ContainerBalancerTask (ContainerBalancerTask.java:matchSourceWithTarget(722)) - ContainerBalancer matched source datanode 12014c5c-db6a-4ab7-9a37-5f47b19d024e with target datanode 48ffac49-5d7e-42d3-918d-34f7d7fa07c3 for container move.
2023-09-12 21:14:01,580 [main] INFO  balancer.ContainerBalancerTask (ContainerBalancerTask.java:processMoveSelection(569)) - ContainerBalancer is trying to move container #64 with size 1073741824B from source datanode 12014c5c-db6a-4ab7-9a37-5f47b19d024e to target datanode 48ffac49-5d7e-42d3-918d-34f7d7fa07c3
2023-09-12 21:14:01,580 [main] DEBUG balancer.ContainerBalancerTask (ContainerBalancerTask.java:lambda$moveContainer$3(837)) - Container move completed for container #64 from source 12014c5c-db6a-4ab7-9a37-5f47b19d024e to target 48ffac49-5d7e-42d3-918d-34f7d7fa07c3
2023-09-12 21:14:01,584 [main] DEBUG balancer.ContainerBalancerTask (ContainerBalancerTask.java:matchSourceWithTarget(701)) - ContainerBalancer could not find any candidate containers for datanode 12014c5c-db6a-4ab7-9a37-5f47b19d024e
2023-09-12 21:14:01,586 [main] DEBUG balancer.ContainerBalancerTask (ContainerBalancerTask.java:matchSourceWithTarget(708)) - ContainerBalancer is finding suitable target for source datanode f80ba35d-6829-40fe-a4bc-64980ab2aff7
2023-09-12 21:14:01,587 [main] INFO  balancer.ContainerBalancerTask (ContainerBalancerTask.java:matchSourceWithTarget(722)) - ContainerBalancer matched source datanode f80ba35d-6829-40fe-a4bc-64980ab2aff7 with target datanode 48ffac49-5d7e-42d3-918d-34f7d7fa07c3 for container move.
2023-09-12 21:14:01,587 [main] INFO  balancer.ContainerBalancerTask (ContainerBalancerTask.java:processMoveSelection(569)) - ContainerBalancer is trying to move container #38 with size 3221225472B from source datanode f80ba35d-6829-40fe-a4bc-64980ab2aff7 to target datanode 48ffac49-5d7e-42d3-918d-34f7d7fa07c3
2023-09-12 21:14:01,587 [main] DEBUG balancer.ContainerBalancerTask (ContainerBalancerTask.java:lambda$moveContainer$3(837)) - Container move completed for container #38 from source f80ba35d-6829-40fe-a4bc-64980ab2aff7 to target 48ffac49-5d7e-42d3-918d-34f7d7fa07c3
2023-09-12 21:14:01,590 [main] DEBUG balancer.ContainerBalancerTask (ContainerBalancerTask.java:matchSourceWithTarget(708)) - ContainerBalancer is finding suitable target for source datanode 1fd45dbf-725b-4e72-b2cb-d23a25d1792f
2023-09-12 21:14:01,590 [main] INFO  balancer.ContainerBalancerTask (ContainerBalancerTask.java:matchSourceWithTarget(722)) - ContainerBalancer matched source datanode 1fd45dbf-725b-4e72-b2cb-d23a25d1792f with target datanode 94c6fcab-7f8e-4534-9378-1af0f6aa0daf for container move.
2023-09-12 21:14:01,590 [main] INFO  balancer.ContainerBalancerTask (ContainerBalancerTask.java:processMoveSelection(569)) - ContainerBalancer is trying to move container #18 with size 3221225472B from source datanode 1fd45dbf-725b-4e72-b2cb-d23a25d1792f to target datanode 94c6fcab-7f8e-4534-9378-1af0f6aa0daf
2023-09-12 21:14:01,590 [main] DEBUG balancer.ContainerBalancerTask (ContainerBalancerTask.java:lambda$moveContainer$3(837)) - Container move completed for container #18 from source 1fd45dbf-725b-4e72-b2cb-d23a25d1792f to target 94c6fcab-7f8e-4534-9378-1af0f6aa0daf
2023-09-12 21:14:01,592 [main] DEBUG balancer.ContainerBalancerTask (ContainerBalancerTask.java:matchSourceWithTarget(701)) - ContainerBalancer could not find any candidate containers for datanode f80ba35d-6829-40fe-a4bc-64980ab2aff7
2023-09-12 21:14:01,595 [main] DEBUG balancer.ContainerBalancerTask (ContainerBalancerTask.java:matchSourceWithTarget(708)) - ContainerBalancer is finding suitable target for source datanode 1fd45dbf-725b-4e72-b2cb-d23a25d1792f
2023-09-12 21:14:01,595 [main] INFO  balancer.ContainerBalancerTask (ContainerBalancerTask.java:matchSourceWithTarget(722)) - ContainerBalancer matched source datanode 1fd45dbf-725b-4e72-b2cb-d23a25d1792f with target datanode 48ffac49-5d7e-42d3-918d-34f7d7fa07c3 for container move.
2023-09-12 21:14:01,595 [main] INFO  balancer.ContainerBalancerTask (ContainerBalancerTask.java:processMoveSelection(569)) - ContainerBalancer is trying to move container #26 with size 2147483648B from source datanode 1fd45dbf-725b-4e72-b2cb-d23a25d1792f to target datanode 48ffac49-5d7e-42d3-918d-34f7d7fa07c3
2023-09-12 21:14:01,595 [main] DEBUG balancer.ContainerBalancerTask (ContainerBalancerTask.java:lambda$moveContainer$3(837)) - Container move completed for container #26 from source 1fd45dbf-725b-4e72-b2cb-d23a25d1792f to target 48ffac49-5d7e-42d3-918d-34f7d7fa07c3
2023-09-12 21:14:01,598 [main] DEBUG balancer.ContainerBalancerTask (ContainerBalancerTask.java:matchSourceWithTarget(708)) - ContainerBalancer is finding suitable target for source datanode 1fd45dbf-725b-4e72-b2cb-d23a25d1792f
2023-09-12 21:14:01,599 [main] INFO  balancer.ContainerBalancerTask (ContainerBalancerTask.java:matchSourceWithTarget(722)) - ContainerBalancer matched source datanode 1fd45dbf-725b-4e72-b2cb-d23a25d1792f with target datanode 48ffac49-5d7e-42d3-918d-34f7d7fa07c3 for container move.
2023-09-12 21:14:01,599 [main] INFO  balancer.ContainerBalancerTask (ContainerBalancerTask.java:processMoveSelection(569)) - ContainerBalancer is trying to move container #4 with size 1073741824B from source datanode 1fd45dbf-725b-4e72-b2cb-d23a25d1792f to target datanode 48ffac49-5d7e-42d3-918d-34f7d7fa07c3
2023-09-12 21:14:01,599 [main] DEBUG balancer.ContainerBalancerTask (ContainerBalancerTask.java:lambda$moveContainer$3(837)) - Container move completed for container #4 from source 1fd45dbf-725b-4e72-b2cb-d23a25d1792f to target 48ffac49-5d7e-42d3-918d-34f7d7fa07c3
2023-09-12 21:14:01,602 [main] DEBUG balancer.ContainerBalancerTask (ContainerBalancerTask.java:matchSourceWithTarget(701)) - ContainerBalancer could not find any candidate containers for datanode 1fd45dbf-725b-4e72-b2cb-d23a25d1792f
2023-09-12 21:14:01,602 [main] INFO  balancer.FindSourceGreedy (FindSourceGreedy.java:getNextCandidateSourceDataNode(126)) - no more candidate source data node
2023-09-12 21:14:01,602 [main] INFO  balancer.ContainerBalancerTask (ContainerBalancerTask.java:checkIterationMoveResults(642)) - Iteration Summary. Number of Datanodes involved: 8. Size moved: 47 GB (50465865728 Bytes). Number of Container moves completed: 18.
2023-09-12 21:14:01,602 [main] INFO  balancer.ContainerBalancerTask (ContainerBalancerTask.java:balance(259)) - Result of this iteration of Container Balancer: ITERATION_COMPLETED
2023-09-12 21:14:01,602 [main] INFO  balancer.ContainerBalancerTask (ContainerBalancerTask.java:tryStopWithSaveConfiguration(308)) - Save Configuration for stopping. Reason: Completed all iterations.
2023-09-12 21:14:01,604 [main] DEBUG balancer.ContainerBalancerTask (ContainerBalancerTask.java:initializeIteration(374)) - Average utilization of the cluster is 0.36985110943819455
2023-09-12 21:14:01,604 [main] DEBUG balancer.ContainerBalancerTask (ContainerBalancerTask.java:initializeIteration(386)) - Lower limit for utilization is 0.26985110943819457 and Upper limit for utilization is 0.4698511094381945
2023-09-12 21:14:01,604 [main] DEBUG balancer.ContainerBalancerTask (ContainerBalancerTask.java:initializeIteration(398)) - Utilization for node 84024915-ccaa-4253-889e-5913fdc867d1 with capacity 50107951786B, used 45097156608B, and remaining 5010795178B is 0.9000000000119741
2023-09-12 21:14:01,604 [main] DEBUG balancer.ContainerBalancerTask (ContainerBalancerTask.java:initializeIteration(398)) - Utilization for node 12014c5c-db6a-4ab7-9a37-5f47b19d024e with capacity 73819750400B, used 59055800320B, and remaining 14763950080B is 0.8
2023-09-12 21:14:01,604 [main] DEBUG balancer.ContainerBalancerTask (ContainerBalancerTask.java:initializeIteration(398)) - Utilization for node ba96c827-bafc-4328-bfa5-f24d35027824 with capacity 56754924982B, used 39728447488B, and remaining 17026477494B is 0.7000000000105717
2023-09-12 21:14:01,604 [main] DEBUG balancer.ContainerBalancerTask (ContainerBalancerTask.java:initializeIteration(398)) - Utilization for node f80ba35d-6829-40fe-a4bc-64980ab2aff7 with capacity 73372357973B, used 44023414784B, and remaining 29348943189B is 0.6000000000027258
2023-09-12 21:14:01,604 [main] DEBUG balancer.ContainerBalancerTask (ContainerBalancerTask.java:initializeIteration(398)) - Utilization for node 1fd45dbf-725b-4e72-b2cb-d23a25d1792f with capacity 118111600640B, used 59055800320B, and remaining 59055800320B is 0.5
2023-09-12 21:14:01,604 [main] DEBUG balancer.ContainerBalancerTask (ContainerBalancerTask.java:initializeIteration(398)) - Utilization for node 7f3c7137-81cb-466a-a0a3-7a8c3be385ef with capacity 131533373440B, used 52613349376B, and remaining 78920024064B is 0.4
2023-09-12 21:14:01,604 [main] DEBUG balancer.ContainerBalancerTask (ContainerBalancerTask.java:initializeIteration(398)) - Utilization for node 3fcb564a-4f56-4282-b9d9-e00553d28f1f with capacity 132428158293B, used 39728447488B, and remaining 92699710805B is 0.3000000000007551
2023-09-12 21:14:01,605 [main] DEBUG balancer.ContainerBalancerTask (ContainerBalancerTask.java:initializeIteration(398)) - Utilization for node 94c6fcab-7f8e-4534-9378-1af0f6aa0daf with capacity 236223201280B, used 47244640256B, and remaining 188978561024B is 0.2
2023-09-12 21:14:01,605 [main] DEBUG balancer.ContainerBalancerTask (ContainerBalancerTask.java:initializeIteration(398)) - Utilization for node 48ffac49-5d7e-42d3-918d-34f7d7fa07c3 with capacity 214748364800B, used 21474836480B, and remaining 193273528320B is 0.1
2023-09-12 21:14:01,605 [main] DEBUG balancer.ContainerBalancerTask (ContainerBalancerTask.java:initializeIteration(398)) - Utilization for node 0187e292-5c99-4be4-b5ed-aeb35dbf00d3 with capacity 16106127360B, used 0B, and remaining 16106127360B is 0.0
2023-09-12 21:14:01,605 [main] INFO  balancer.ContainerBalancerTask (ContainerBalancerTask.java:initializeIteration(447)) - Container Balancer has identified 5 Over-Utilized and 3 Under-Utilized Datanodes that need to be balanced.
2023-09-12 21:14:01,605 [main] DEBUG balancer.ContainerBalancerTask (ContainerBalancerTask.java:lambda$initializeIteration$1(453)) - Datanode localhost-148.78.42.152 84024915-ccaa-4253-889e-5913fdc867d1 is Over-Utilized.
2023-09-12 21:14:01,605 [main] DEBUG balancer.ContainerBalancerTask (ContainerBalancerTask.java:lambda$initializeIteration$1(453)) - Datanode localhost-163.104.213.144 12014c5c-db6a-4ab7-9a37-5f47b19d024e is Over-Utilized.
2023-09-12 21:14:01,605 [main] DEBUG balancer.ContainerBalancerTask (ContainerBalancerTask.java:lambda$initializeIteration$1(453)) - Datanode localhost-9.97.29.190 ba96c827-bafc-4328-bfa5-f24d35027824 is Over-Utilized.
2023-09-12 21:14:01,605 [main] DEBUG balancer.ContainerBalancerTask (ContainerBalancerTask.java:lambda$initializeIteration$1(453)) - Datanode localhost-159.185.187.210 f80ba35d-6829-40fe-a4bc-64980ab2aff7 is Over-Utilized.
2023-09-12 21:14:01,605 [main] DEBUG balancer.ContainerBalancerTask (ContainerBalancerTask.java:lambda$initializeIteration$1(453)) - Datanode localhost-18.242.104.165 1fd45dbf-725b-4e72-b2cb-d23a25d1792f is Over-Utilized.
2023-09-12 21:14:01,605 [main] DEBUG balancer.ContainerBalancerTask (ContainerBalancerTask.java:lambda$initializeIteration$2(459)) - Datanode localhost-84.143.38.137 0187e292-5c99-4be4-b5ed-aeb35dbf00d3 is Under-Utilized.
2023-09-12 21:14:01,605 [main] DEBUG balancer.ContainerBalancerTask (ContainerBalancerTask.java:lambda$initializeIteration$2(459)) - Datanode localhost-252.204.236.163 48ffac49-5d7e-42d3-918d-34f7d7fa07c3 is Under-Utilized.
2023-09-12 21:14:01,605 [main] DEBUG balancer.ContainerBalancerTask (ContainerBalancerTask.java:lambda$initializeIteration$2(459)) - Datanode localhost-24.165.221.132 94c6fcab-7f8e-4534-9378-1af0f6aa0daf is Under-Utilized.
2023-09-12 21:14:01,608 [main] DEBUG balancer.ContainerBalancerTask (ContainerBalancerTask.java:matchSourceWithTarget(708)) - ContainerBalancer is finding suitable target for source datanode 84024915-ccaa-4253-889e-5913fdc867d1
2023-09-12 21:14:01,608 [main] INFO  balancer.ContainerBalancerTask (ContainerBalancerTask.java:matchSourceWithTarget(722)) - ContainerBalancer matched source datanode 84024915-ccaa-4253-889e-5913fdc867d1 with target datanode 0187e292-5c99-4be4-b5ed-aeb35dbf00d3 for container move.
2023-09-12 21:14:01,608 [main] INFO  balancer.ContainerBalancerTask (ContainerBalancerTask.java:processMoveSelection(569)) - ContainerBalancer is trying to move container #85 with size 5368709120B from source datanode 84024915-ccaa-4253-889e-5913fdc867d1 to target datanode 0187e292-5c99-4be4-b5ed-aeb35dbf00d3
2023-09-12 21:14:01,608 [main] DEBUG balancer.ContainerBalancerTask (ContainerBalancerTask.java:lambda$moveContainer$3(837)) - Container move completed for container #85 from source 84024915-ccaa-4253-889e-5913fdc867d1 to target 0187e292-5c99-4be4-b5ed-aeb35dbf00d3
2023-09-12 21:14:01,611 [main] DEBUG balancer.ContainerBalancerTask (ContainerBalancerTask.java:matchSourceWithTarget(708)) - ContainerBalancer is finding suitable target for source datanode 12014c5c-db6a-4ab7-9a37-5f47b19d024e
2023-09-12 21:14:01,611 [main] INFO  balancer.ContainerBalancerTask (ContainerBalancerTask.java:matchSourceWithTarget(722)) - ContainerBalancer matched source datanode 12014c5c-db6a-4ab7-9a37-5f47b19d024e with target datanode 48ffac49-5d7e-42d3-918d-34f7d7fa07c3 for container move.
2023-09-12 21:14:01,611 [main] INFO  balancer.ContainerBalancerTask (ContainerBalancerTask.java:processMoveSelection(569)) - ContainerBalancer is trying to move container #68 with size 5368709120B from source datanode 12014c5c-db6a-4ab7-9a37-5f47b19d024e to target datanode 48ffac49-5d7e-42d3-918d-34f7d7fa07c3
2023-09-12 21:14:01,612 [main] DEBUG balancer.ContainerBalancerTask (ContainerBalancerTask.java:lambda$moveContainer$3(837)) - Container move completed for container #68 from source 12014c5c-db6a-4ab7-9a37-5f47b19d024e to target 48ffac49-5d7e-42d3-918d-34f7d7fa07c3
2023-09-12 21:14:01,614 [main] DEBUG balancer.ContainerBalancerTask (ContainerBalancerTask.java:matchSourceWithTarget(708)) - ContainerBalancer is finding suitable target for source datanode 84024915-ccaa-4253-889e-5913fdc867d1
2023-09-12 21:14:01,614 [main] INFO  balancer.ContainerBalancerTask (ContainerBalancerTask.java:matchSourceWithTarget(722)) - ContainerBalancer matched source datanode 84024915-ccaa-4253-889e-5913fdc867d1 with target datanode 48ffac49-5d7e-42d3-918d-34f7d7fa07c3 for container move.
2023-09-12 21:14:01,614 [main] INFO  balancer.ContainerBalancerTask (ContainerBalancerTask.java:processMoveSelection(569)) - ContainerBalancer is trying to move container #89 with size 4294967296B from source datanode 84024915-ccaa-4253-889e-5913fdc867d1 to target datanode 48ffac49-5d7e-42d3-918d-34f7d7fa07c3
2023-09-12 21:14:01,614 [main] DEBUG balancer.ContainerBalancerTask (ContainerBalancerTask.java:lambda$moveContainer$3(837)) - Container move completed for container #89 from source 84024915-ccaa-4253-889e-5913fdc867d1 to target 48ffac49-5d7e-42d3-918d-34f7d7fa07c3
2023-09-12 21:14:01,617 [main] DEBUG balancer.ContainerBalancerTask (ContainerBalancerTask.java:matchSourceWithTarget(708)) - ContainerBalancer is finding suitable target for source datanode 12014c5c-db6a-4ab7-9a37-5f47b19d024e
2023-09-12 21:14:01,617 [main] INFO  balancer.ContainerBalancerTask (ContainerBalancerTask.java:matchSourceWithTarget(722)) - ContainerBalancer matched source datanode 12014c5c-db6a-4ab7-9a37-5f47b19d024e with target datanode 48ffac49-5d7e-42d3-918d-34f7d7fa07c3 for container move.
2023-09-12 21:14:01,617 [main] INFO  balancer.ContainerBalancerTask (ContainerBalancerTask.java:processMoveSelection(569)) - ContainerBalancer is trying to move container #29 with size 5368709120B from source datanode 12014c5c-db6a-4ab7-9a37-5f47b19d024e to target datanode 48ffac49-5d7e-42d3-918d-34f7d7fa07c3
2023-09-12 21:14:01,618 [main] DEBUG balancer.ContainerBalancerTask (ContainerBalancerTask.java:lambda$moveContainer$3(837)) - Container move completed for container #29 from source 12014c5c-db6a-4ab7-9a37-5f47b19d024e to target 48ffac49-5d7e-42d3-918d-34f7d7fa07c3
2023-09-12 21:14:01,620 [main] DEBUG balancer.ContainerBalancerTask (ContainerBalancerTask.java:matchSourceWithTarget(708)) - ContainerBalancer is finding suitable target for source datanode 84024915-ccaa-4253-889e-5913fdc867d1
2023-09-12 21:14:01,620 [main] INFO  balancer.ContainerBalancerTask (ContainerBalancerTask.java:matchSourceWithTarget(722)) - ContainerBalancer matched source datanode 84024915-ccaa-4253-889e-5913fdc867d1 with target datanode 48ffac49-5d7e-42d3-918d-34f7d7fa07c3 for container move.
2023-09-12 21:14:01,620 [main] INFO  balancer.ContainerBalancerTask (ContainerBalancerTask.java:processMoveSelection(569)) - ContainerBalancer is trying to move container #84 with size 4294967296B from source datanode 84024915-ccaa-4253-889e-5913fdc867d1 to target datanode 48ffac49-5d7e-42d3-918d-34f7d7fa07c3
2023-09-12 21:14:01,620 [main] DEBUG balancer.ContainerBalancerTask (ContainerBalancerTask.java:lambda$moveContainer$3(837)) - Container move completed for container #84 from source 84024915-ccaa-4253-889e-5913fdc867d1 to target 48ffac49-5d7e-42d3-918d-34f7d7fa07c3
2023-09-12 21:14:01,622 [main] DEBUG balancer.ContainerBalancerTask (ContainerBalancerTask.java:matchSourceWithTarget(708)) - ContainerBalancer is finding suitable target for source datanode ba96c827-bafc-4328-bfa5-f24d35027824
2023-09-12 21:14:01,623 [main] INFO  balancer.ContainerBalancerTask (ContainerBalancerTask.java:matchSourceWithTarget(722)) - ContainerBalancer matched source datanode ba96c827-bafc-4328-bfa5-f24d35027824 with target datanode 48ffac49-5d7e-42d3-918d-34f7d7fa07c3 for container move.
2023-09-12 21:14:01,623 [main] INFO  balancer.ContainerBalancerTask (ContainerBalancerTask.java:processMoveSelection(569)) - ContainerBalancer is trying to move container #67 with size 4294967296B from source datanode ba96c827-bafc-4328-bfa5-f24d35027824 to target datanode 48ffac49-5d7e-42d3-918d-34f7d7fa07c3
2023-09-12 21:14:01,623 [main] DEBUG balancer.ContainerBalancerTask (ContainerBalancerTask.java:lambda$moveContainer$3(837)) - Container move completed for container #67 from source ba96c827-bafc-4328-bfa5-f24d35027824 to target 48ffac49-5d7e-42d3-918d-34f7d7fa07c3
2023-09-12 21:14:01,626 [main] DEBUG balancer.ContainerBalancerTask (ContainerBalancerTask.java:matchSourceWithTarget(708)) - ContainerBalancer is finding suitable target for source datanode 12014c5c-db6a-4ab7-9a37-5f47b19d024e
2023-09-12 21:14:01,626 [main] INFO  balancer.ContainerBalancerTask (ContainerBalancerTask.java:matchSourceWithTarget(722)) - ContainerBalancer matched source datanode 12014c5c-db6a-4ab7-9a37-5f47b19d024e with target datanode 94c6fcab-7f8e-4534-9378-1af0f6aa0daf for container move.
2023-09-12 21:14:01,626 [main] INFO  balancer.ContainerBalancerTask (ContainerBalancerTask.java:processMoveSelection(569)) - ContainerBalancer is trying to move container #28 with size 4294967296B from source datanode 12014c5c-db6a-4ab7-9a37-5f47b19d024e to target datanode 94c6fcab-7f8e-4534-9378-1af0f6aa0daf
2023-09-12 21:14:01,626 [main] DEBUG balancer.ContainerBalancerTask (ContainerBalancerTask.java:lambda$moveContainer$3(837)) - Container move completed for container #28 from source 12014c5c-db6a-4ab7-9a37-5f47b19d024e to target 94c6fcab-7f8e-4534-9378-1af0f6aa0daf
2023-09-12 21:14:01,629 [main] DEBUG balancer.ContainerBalancerTask (ContainerBalancerTask.java:matchSourceWithTarget(708)) - ContainerBalancer is finding suitable target for source datanode ba96c827-bafc-4328-bfa5-f24d35027824
2023-09-12 21:14:01,629 [main] INFO  balancer.ContainerBalancerTask (ContainerBalancerTask.java:matchSourceWithTarget(722)) - ContainerBalancer matched source datanode ba96c827-bafc-4328-bfa5-f24d35027824 with target datanode 48ffac49-5d7e-42d3-918d-34f7d7fa07c3 for container move.
2023-09-12 21:14:01,629 [main] INFO  balancer.ContainerBalancerTask (ContainerBalancerTask.java:processMoveSelection(569)) - ContainerBalancer is trying to move container #52 with size 4294967296B from source datanode ba96c827-bafc-4328-bfa5-f24d35027824 to target datanode 48ffac49-5d7e-42d3-918d-34f7d7fa07c3
2023-09-12 21:14:01,629 [main] DEBUG balancer.ContainerBalancerTask (ContainerBalancerTask.java:lambda$moveContainer$3(837)) - Container move completed for container #52 from source ba96c827-bafc-4328-bfa5-f24d35027824 to target 48ffac49-5d7e-42d3-918d-34f7d7fa07c3
2023-09-12 21:14:01,632 [main] DEBUG balancer.ContainerBalancerTask (ContainerBalancerTask.java:matchSourceWithTarget(708)) - ContainerBalancer is finding suitable target for source datanode 84024915-ccaa-4253-889e-5913fdc867d1
2023-09-12 21:14:01,632 [main] INFO  balancer.ContainerBalancerTask (ContainerBalancerTask.java:matchSourceWithTarget(722)) - ContainerBalancer matched source datanode 84024915-ccaa-4253-889e-5913fdc867d1 with target datanode 94c6fcab-7f8e-4534-9378-1af0f6aa0daf for container move.
2023-09-12 21:14:01,632 [main] INFO  balancer.ContainerBalancerTask (ContainerBalancerTask.java:processMoveSelection(569)) - ContainerBalancer is trying to move container #19 with size 4294967296B from source datanode 84024915-ccaa-4253-889e-5913fdc867d1 to target datanode 94c6fcab-7f8e-4534-9378-1af0f6aa0daf
2023-09-12 21:14:01,632 [main] DEBUG balancer.ContainerBalancerTask (ContainerBalancerTask.java:lambda$moveContainer$3(837)) - Container move completed for container #19 from source 84024915-ccaa-4253-889e-5913fdc867d1 to target 94c6fcab-7f8e-4534-9378-1af0f6aa0daf
2023-09-12 21:14:01,634 [main] DEBUG balancer.ContainerBalancerTask (ContainerBalancerTask.java:matchSourceWithTarget(708)) - ContainerBalancer is finding suitable target for source datanode f80ba35d-6829-40fe-a4bc-64980ab2aff7
2023-09-12 21:14:01,635 [main] INFO  balancer.ContainerBalancerTask (ContainerBalancerTask.java:matchSourceWithTarget(722)) - ContainerBalancer matched source datanode f80ba35d-6829-40fe-a4bc-64980ab2aff7 with target datanode 48ffac49-5d7e-42d3-918d-34f7d7fa07c3 for container move.
2023-09-12 21:14:01,635 [main] INFO  balancer.ContainerBalancerTask (ContainerBalancerTask.java:processMoveSelection(569)) - ContainerBalancer is trying to move container #40 with size 5368709120B from source datanode f80ba35d-6829-40fe-a4bc-64980ab2aff7 to target datanode 48ffac49-5d7e-42d3-918d-34f7d7fa07c3
2023-09-12 21:14:01,635 [main] DEBUG balancer.ContainerBalancerTask (ContainerBalancerTask.java:lambda$moveContainer$3(837)) - Container move completed for container #40 from source f80ba35d-6829-40fe-a4bc-64980ab2aff7 to target 48ffac49-5d7e-42d3-918d-34f7d7fa07c3
2023-09-12 21:14:01,638 [main] DEBUG balancer.ContainerBalancerTask (ContainerBalancerTask.java:matchSourceWithTarget(708)) - ContainerBalancer is finding suitable target for source datanode 12014c5c-db6a-4ab7-9a37-5f47b19d024e
2023-09-12 21:14:01,638 [main] INFO  balancer.ContainerBalancerTask (ContainerBalancerTask.java:matchSourceWithTarget(722)) - ContainerBalancer matched source datanode 12014c5c-db6a-4ab7-9a37-5f47b19d024e with target datanode 94c6fcab-7f8e-4534-9378-1af0f6aa0daf for container move.
2023-09-12 21:14:01,638 [main] INFO  balancer.ContainerBalancerTask (ContainerBalancerTask.java:processMoveSelection(569)) - ContainerBalancer is trying to move container #88 with size 3221225472B from source datanode 12014c5c-db6a-4ab7-9a37-5f47b19d024e to target datanode 94c6fcab-7f8e-4534-9378-1af0f6aa0daf
2023-09-12 21:14:01,638 [main] DEBUG balancer.ContainerBalancerTask (ContainerBalancerTask.java:lambda$moveContainer$3(837)) - Container move completed for container #88 from source 12014c5c-db6a-4ab7-9a37-5f47b19d024e to target 94c6fcab-7f8e-4534-9378-1af0f6aa0daf
2023-09-12 21:14:01,642 [main] DEBUG balancer.ContainerBalancerTask (ContainerBalancerTask.java:matchSourceWithTarget(708)) - ContainerBalancer is finding suitable target for source datanode 12014c5c-db6a-4ab7-9a37-5f47b19d024e
2023-09-12 21:14:01,642 [main] INFO  balancer.ContainerBalancerTask (ContainerBalancerTask.java:matchSourceWithTarget(722)) - ContainerBalancer matched source datanode 12014c5c-db6a-4ab7-9a37-5f47b19d024e with target datanode 94c6fcab-7f8e-4534-9378-1af0f6aa0daf for container move.
2023-09-12 21:14:01,642 [main] INFO  balancer.ContainerBalancerTask (ContainerBalancerTask.java:processMoveSelection(569)) - ContainerBalancer is trying to move container #27 with size 3221225472B from source datanode 12014c5c-db6a-4ab7-9a37-5f47b19d024e to target datanode 94c6fcab-7f8e-4534-9378-1af0f6aa0daf
2023-09-12 21:14:01,642 [main] DEBUG balancer.ContainerBalancerTask (ContainerBalancerTask.java:lambda$moveContainer$3(837)) - Container move completed for container #27 from source 12014c5c-db6a-4ab7-9a37-5f47b19d024e to target 94c6fcab-7f8e-4534-9378-1af0f6aa0daf
2023-09-12 21:14:01,642 [main] WARN  balancer.ContainerBalancerTask (ContainerBalancerTask.java:reachedMaxSizeToMovePerIteration(733)) - Reached max size to move limit. 53687091200 bytes have already been scheduled for balancing and the limit is 53687091200 bytes.
2023-09-12 21:14:01,642 [main] INFO  balancer.ContainerBalancerTask (ContainerBalancerTask.java:checkIterationMoveResults(642)) - Iteration Summary. Number of Datanodes involved: 7. Size moved: 50 GB (53687091200 Bytes). Number of Container moves completed: 12.
2023-09-12 21:14:01,643 [main] INFO  balancer.ContainerBalancerTask (ContainerBalancerTask.java:balance(259)) - Result of this iteration of Container Balancer: ITERATION_COMPLETED
2023-09-12 21:14:01,643 [main] INFO  balancer.ContainerBalancerTask (ContainerBalancerTask.java:tryStopWithSaveConfiguration(308)) - Save Configuration for stopping. Reason: Completed all iterations.
]]></system-out>
  </testcase>
  <testcase name="containerBalancerShouldSelectOnlyClosedContainers" classname="org.apache.hadoop.hdds.scm.container.balancer.TestContainerBalancerTask" time="0.087">
    <system-out><![CDATA[2023-09-12 21:14:01,670 [main] INFO  net.NodeSchemaLoader (NodeSchemaLoader.java:loadSchemaFromFile(129)) - Loading schema from [file:/home/runner/work/ozone/ozone/hadoop-hdds/common/target/classes/network-topology-default.xml]
2023-09-12 21:14:01,670 [main] INFO  net.NodeSchemaLoader (NodeSchemaLoader.java:loadSchema(176)) - Loading network topology layer schema file
2023-09-12 21:14:01,675 [main] INFO  net.NetworkTopologyImpl (NetworkTopologyImpl.java:add(112)) - Added a new node: /default-rack/0c755054-cc03-4901-8989-118b6d5b642a
2023-09-12 21:14:01,676 [main] INFO  net.NetworkTopologyImpl (NetworkTopologyImpl.java:add(112)) - Added a new node: /default-rack/a1a61dac-aa00-4eaf-b766-e53efcbf8b82
2023-09-12 21:14:01,676 [main] INFO  net.NetworkTopologyImpl (NetworkTopologyImpl.java:add(112)) - Added a new node: /default-rack/e2e549e4-f3b7-4f03-9462-6cc633455fd6
2023-09-12 21:14:01,676 [main] INFO  net.NetworkTopologyImpl (NetworkTopologyImpl.java:add(112)) - Added a new node: /default-rack/33e7906a-fb80-4f0d-8c67-0fa9fed421f8
2023-09-12 21:14:01,676 [main] INFO  net.NetworkTopologyImpl (NetworkTopologyImpl.java:add(112)) - Added a new node: /default-rack/c73cf66b-cfbf-4ccf-bab8-82e7c8683e34
2023-09-12 21:14:01,676 [main] INFO  net.NetworkTopologyImpl (NetworkTopologyImpl.java:add(112)) - Added a new node: /default-rack/603242cd-6e26-4578-9632-f6922f301157
2023-09-12 21:14:01,676 [main] INFO  net.NetworkTopologyImpl (NetworkTopologyImpl.java:add(112)) - Added a new node: /default-rack/47716307-bcc9-40e7-9240-808521836228
2023-09-12 21:14:01,676 [main] INFO  net.NetworkTopologyImpl (NetworkTopologyImpl.java:add(112)) - Added a new node: /default-rack/31a3dae7-4012-4acd-a9e0-c22c76d3adbc
2023-09-12 21:14:01,676 [main] INFO  net.NetworkTopologyImpl (NetworkTopologyImpl.java:add(112)) - Added a new node: /default-rack/c1dd9008-f11e-4c8f-bb11-6a5564c1e60f
2023-09-12 21:14:01,676 [main] INFO  net.NetworkTopologyImpl (NetworkTopologyImpl.java:add(112)) - Added a new node: /default-rack/847d0a1b-a5f0-41b3-8b2a-7f08792a9f12
2023-09-12 21:14:01,677 [main] INFO  algorithms.ContainerPlacementPolicyFactory (ContainerPlacementPolicyFactory.java:getPolicyInternal(86)) - Create container placement policy of type org.apache.hadoop.hdds.scm.container.placement.algorithms.SCMContainerPlacementRackAware
2023-09-12 21:14:01,677 [main] INFO  algorithms.ContainerPlacementPolicyFactory (ContainerPlacementPolicyFactory.java:getPolicyInternal(86)) - Create container placement policy of type org.apache.hadoop.hdds.scm.container.placement.algorithms.SCMContainerPlacementRackScatter
2023-09-12 21:14:01,679 [main] DEBUG balancer.ContainerBalancerTask (ContainerBalancerTask.java:initializeIteration(374)) - Average utilization of the cluster is 0.34931021531849504
2023-09-12 21:14:01,679 [main] DEBUG balancer.ContainerBalancerTask (ContainerBalancerTask.java:initializeIteration(386)) - Lower limit for utilization is 0.24931021531849504 and Upper limit for utilization is 0.449310215318495
2023-09-12 21:14:01,680 [main] DEBUG balancer.ContainerBalancerTask (ContainerBalancerTask.java:initializeIteration(398)) - Utilization for node 47716307-bcc9-40e7-9240-808521836228 with capacity 70389741795B, used 63350767616B, and remaining 7038974179B is 0.9000000000071033
2023-09-12 21:14:01,680 [main] DEBUG balancer.ContainerBalancerTask (ContainerBalancerTask.java:initializeIteration(398)) - Utilization for node 31a3dae7-4012-4acd-a9e0-c22c76d3adbc with capacity 73819750400B, used 59055800320B, and remaining 14763950080B is 0.8
2023-09-12 21:14:01,680 [main] DEBUG balancer.ContainerBalancerTask (ContainerBalancerTask.java:initializeIteration(398)) - Utilization for node c73cf66b-cfbf-4ccf-bab8-82e7c8683e34 with capacity 62890592548B, used 44023414784B, and remaining 18867177764B is 0.7000000000063602
2023-09-12 21:14:01,680 [main] DEBUG balancer.ContainerBalancerTask (ContainerBalancerTask.java:initializeIteration(398)) - Utilization for node a1a61dac-aa00-4eaf-b766-e53efcbf8b82 with capacity 69793218560B, used 41875931136B, and remaining 27917287424B is 0.6
2023-09-12 21:14:01,680 [main] DEBUG balancer.ContainerBalancerTask (ContainerBalancerTask.java:initializeIteration(398)) - Utilization for node c1dd9008-f11e-4c8f-bb11-6a5564c1e60f with capacity 79456894976B, used 39728447488B, and remaining 39728447488B is 0.5
2023-09-12 21:14:01,680 [main] DEBUG balancer.ContainerBalancerTask (ContainerBalancerTask.java:initializeIteration(398)) - Utilization for node 33e7906a-fb80-4f0d-8c67-0fa9fed421f8 with capacity 85899345920B, used 34359738368B, and remaining 51539607552B is 0.4
2023-09-12 21:14:01,680 [main] DEBUG balancer.ContainerBalancerTask (ContainerBalancerTask.java:initializeIteration(398)) - Utilization for node e2e549e4-f3b7-4f03-9462-6cc633455fd6 with capacity 139586437120B, used 41875931136B, and remaining 97710505984B is 0.3
2023-09-12 21:14:01,680 [main] DEBUG balancer.ContainerBalancerTask (ContainerBalancerTask.java:initializeIteration(398)) - Utilization for node 847d0a1b-a5f0-41b3-8b2a-7f08792a9f12 with capacity 107374182400B, used 21474836480B, and remaining 85899345920B is 0.2
2023-09-12 21:14:01,680 [main] DEBUG balancer.ContainerBalancerTask (ContainerBalancerTask.java:initializeIteration(398)) - Utilization for node 603242cd-6e26-4578-9632-f6922f301157 with capacity 386547056640B, used 38654705664B, and remaining 347892350976B is 0.1
2023-09-12 21:14:01,680 [main] DEBUG balancer.ContainerBalancerTask (ContainerBalancerTask.java:initializeIteration(398)) - Utilization for node 0c755054-cc03-4901-8989-118b6d5b642a with capacity 24696061952B, used 0B, and remaining 24696061952B is 0.0
2023-09-12 21:14:01,680 [main] INFO  balancer.ContainerBalancerTask (ContainerBalancerTask.java:initializeIteration(447)) - Container Balancer has identified 5 Over-Utilized and 3 Under-Utilized Datanodes that need to be balanced.
2023-09-12 21:14:01,681 [main] DEBUG balancer.ContainerBalancerTask (ContainerBalancerTask.java:lambda$initializeIteration$1(453)) - Datanode localhost-0.82.22.225 47716307-bcc9-40e7-9240-808521836228 is Over-Utilized.
2023-09-12 21:14:01,681 [main] DEBUG balancer.ContainerBalancerTask (ContainerBalancerTask.java:lambda$initializeIteration$1(453)) - Datanode localhost-209.189.6.180 31a3dae7-4012-4acd-a9e0-c22c76d3adbc is Over-Utilized.
2023-09-12 21:14:01,681 [main] DEBUG balancer.ContainerBalancerTask (ContainerBalancerTask.java:lambda$initializeIteration$1(453)) - Datanode localhost-214.86.180.141 c73cf66b-cfbf-4ccf-bab8-82e7c8683e34 is Over-Utilized.
2023-09-12 21:14:01,681 [main] DEBUG balancer.ContainerBalancerTask (ContainerBalancerTask.java:lambda$initializeIteration$1(453)) - Datanode localhost-151.171.22.37 a1a61dac-aa00-4eaf-b766-e53efcbf8b82 is Over-Utilized.
2023-09-12 21:14:01,681 [main] DEBUG balancer.ContainerBalancerTask (ContainerBalancerTask.java:lambda$initializeIteration$1(453)) - Datanode localhost-156.53.169.164 c1dd9008-f11e-4c8f-bb11-6a5564c1e60f is Over-Utilized.
2023-09-12 21:14:01,681 [main] DEBUG balancer.ContainerBalancerTask (ContainerBalancerTask.java:lambda$initializeIteration$2(459)) - Datanode localhost-134.211.230.169 0c755054-cc03-4901-8989-118b6d5b642a is Under-Utilized.
2023-09-12 21:14:01,681 [main] DEBUG balancer.ContainerBalancerTask (ContainerBalancerTask.java:lambda$initializeIteration$2(459)) - Datanode localhost-61.187.207.34 603242cd-6e26-4578-9632-f6922f301157 is Under-Utilized.
2023-09-12 21:14:01,681 [main] DEBUG balancer.ContainerBalancerTask (ContainerBalancerTask.java:lambda$initializeIteration$2(459)) - Datanode localhost-76.126.231.128 847d0a1b-a5f0-41b3-8b2a-7f08792a9f12 is Under-Utilized.
2023-09-12 21:14:01,683 [main] DEBUG balancer.ContainerBalancerTask (ContainerBalancerTask.java:matchSourceWithTarget(701)) - ContainerBalancer could not find any candidate containers for datanode 47716307-bcc9-40e7-9240-808521836228
2023-09-12 21:14:01,685 [main] DEBUG balancer.ContainerBalancerTask (ContainerBalancerTask.java:matchSourceWithTarget(701)) - ContainerBalancer could not find any candidate containers for datanode 31a3dae7-4012-4acd-a9e0-c22c76d3adbc
2023-09-12 21:14:01,686 [main] DEBUG balancer.ContainerBalancerTask (ContainerBalancerTask.java:matchSourceWithTarget(701)) - ContainerBalancer could not find any candidate containers for datanode c73cf66b-cfbf-4ccf-bab8-82e7c8683e34
2023-09-12 21:14:01,688 [main] DEBUG balancer.ContainerBalancerTask (ContainerBalancerTask.java:matchSourceWithTarget(701)) - ContainerBalancer could not find any candidate containers for datanode a1a61dac-aa00-4eaf-b766-e53efcbf8b82
2023-09-12 21:14:01,689 [main] DEBUG balancer.ContainerBalancerTask (ContainerBalancerTask.java:matchSourceWithTarget(701)) - ContainerBalancer could not find any candidate containers for datanode c1dd9008-f11e-4c8f-bb11-6a5564c1e60f
2023-09-12 21:14:01,689 [main] INFO  balancer.FindSourceGreedy (FindSourceGreedy.java:getNextCandidateSourceDataNode(126)) - no more candidate source data node
2023-09-12 21:14:01,689 [main] INFO  balancer.ContainerBalancerTask (ContainerBalancerTask.java:balance(259)) - Result of this iteration of Container Balancer: CAN_NOT_BALANCE_ANY_MORE
2023-09-12 21:14:01,689 [main] INFO  balancer.ContainerBalancerTask (ContainerBalancerTask.java:tryStopWithSaveConfiguration(308)) - Save Configuration for stopping. Reason: CAN_NOT_BALANCE_ANY_MORE
2023-09-12 21:14:01,690 [main] DEBUG balancer.ContainerBalancerTask (ContainerBalancerTask.java:initializeIteration(374)) - Average utilization of the cluster is 0.34931021531849504
2023-09-12 21:14:01,690 [main] DEBUG balancer.ContainerBalancerTask (ContainerBalancerTask.java:initializeIteration(386)) - Lower limit for utilization is 0.24931021531849504 and Upper limit for utilization is 0.449310215318495
2023-09-12 21:14:01,690 [main] DEBUG balancer.ContainerBalancerTask (ContainerBalancerTask.java:initializeIteration(398)) - Utilization for node 47716307-bcc9-40e7-9240-808521836228 with capacity 70389741795B, used 63350767616B, and remaining 7038974179B is 0.9000000000071033
2023-09-12 21:14:01,690 [main] DEBUG balancer.ContainerBalancerTask (ContainerBalancerTask.java:initializeIteration(398)) - Utilization for node 31a3dae7-4012-4acd-a9e0-c22c76d3adbc with capacity 73819750400B, used 59055800320B, and remaining 14763950080B is 0.8
2023-09-12 21:14:01,690 [main] DEBUG balancer.ContainerBalancerTask (ContainerBalancerTask.java:initializeIteration(398)) - Utilization for node c73cf66b-cfbf-4ccf-bab8-82e7c8683e34 with capacity 62890592548B, used 44023414784B, and remaining 18867177764B is 0.7000000000063602
2023-09-12 21:14:01,690 [main] DEBUG balancer.ContainerBalancerTask (ContainerBalancerTask.java:initializeIteration(398)) - Utilization for node a1a61dac-aa00-4eaf-b766-e53efcbf8b82 with capacity 69793218560B, used 41875931136B, and remaining 27917287424B is 0.6
2023-09-12 21:14:01,690 [main] DEBUG balancer.ContainerBalancerTask (ContainerBalancerTask.java:initializeIteration(398)) - Utilization for node c1dd9008-f11e-4c8f-bb11-6a5564c1e60f with capacity 79456894976B, used 39728447488B, and remaining 39728447488B is 0.5
2023-09-12 21:14:01,691 [main] DEBUG balancer.ContainerBalancerTask (ContainerBalancerTask.java:initializeIteration(398)) - Utilization for node 33e7906a-fb80-4f0d-8c67-0fa9fed421f8 with capacity 85899345920B, used 34359738368B, and remaining 51539607552B is 0.4
2023-09-12 21:14:01,691 [main] DEBUG balancer.ContainerBalancerTask (ContainerBalancerTask.java:initializeIteration(398)) - Utilization for node e2e549e4-f3b7-4f03-9462-6cc633455fd6 with capacity 139586437120B, used 41875931136B, and remaining 97710505984B is 0.3
2023-09-12 21:14:01,691 [main] DEBUG balancer.ContainerBalancerTask (ContainerBalancerTask.java:initializeIteration(398)) - Utilization for node 847d0a1b-a5f0-41b3-8b2a-7f08792a9f12 with capacity 107374182400B, used 21474836480B, and remaining 85899345920B is 0.2
2023-09-12 21:14:01,691 [main] DEBUG balancer.ContainerBalancerTask (ContainerBalancerTask.java:initializeIteration(398)) - Utilization for node 603242cd-6e26-4578-9632-f6922f301157 with capacity 386547056640B, used 38654705664B, and remaining 347892350976B is 0.1
2023-09-12 21:14:01,691 [main] DEBUG balancer.ContainerBalancerTask (ContainerBalancerTask.java:initializeIteration(398)) - Utilization for node 0c755054-cc03-4901-8989-118b6d5b642a with capacity 24696061952B, used 0B, and remaining 24696061952B is 0.0
2023-09-12 21:14:01,691 [main] INFO  balancer.ContainerBalancerTask (ContainerBalancerTask.java:initializeIteration(447)) - Container Balancer has identified 5 Over-Utilized and 3 Under-Utilized Datanodes that need to be balanced.
2023-09-12 21:14:01,691 [main] DEBUG balancer.ContainerBalancerTask (ContainerBalancerTask.java:lambda$initializeIteration$1(453)) - Datanode localhost-0.82.22.225 47716307-bcc9-40e7-9240-808521836228 is Over-Utilized.
2023-09-12 21:14:01,691 [main] DEBUG balancer.ContainerBalancerTask (ContainerBalancerTask.java:lambda$initializeIteration$1(453)) - Datanode localhost-209.189.6.180 31a3dae7-4012-4acd-a9e0-c22c76d3adbc is Over-Utilized.
2023-09-12 21:14:01,691 [main] DEBUG balancer.ContainerBalancerTask (ContainerBalancerTask.java:lambda$initializeIteration$1(453)) - Datanode localhost-214.86.180.141 c73cf66b-cfbf-4ccf-bab8-82e7c8683e34 is Over-Utilized.
2023-09-12 21:14:01,691 [main] DEBUG balancer.ContainerBalancerTask (ContainerBalancerTask.java:lambda$initializeIteration$1(453)) - Datanode localhost-151.171.22.37 a1a61dac-aa00-4eaf-b766-e53efcbf8b82 is Over-Utilized.
2023-09-12 21:14:01,691 [main] DEBUG balancer.ContainerBalancerTask (ContainerBalancerTask.java:lambda$initializeIteration$1(453)) - Datanode localhost-156.53.169.164 c1dd9008-f11e-4c8f-bb11-6a5564c1e60f is Over-Utilized.
2023-09-12 21:14:01,691 [main] DEBUG balancer.ContainerBalancerTask (ContainerBalancerTask.java:lambda$initializeIteration$2(459)) - Datanode localhost-134.211.230.169 0c755054-cc03-4901-8989-118b6d5b642a is Under-Utilized.
2023-09-12 21:14:01,692 [main] DEBUG balancer.ContainerBalancerTask (ContainerBalancerTask.java:lambda$initializeIteration$2(459)) - Datanode localhost-61.187.207.34 603242cd-6e26-4578-9632-f6922f301157 is Under-Utilized.
2023-09-12 21:14:01,692 [main] DEBUG balancer.ContainerBalancerTask (ContainerBalancerTask.java:lambda$initializeIteration$2(459)) - Datanode localhost-76.126.231.128 847d0a1b-a5f0-41b3-8b2a-7f08792a9f12 is Under-Utilized.
2023-09-12 21:14:01,694 [main] DEBUG balancer.ContainerBalancerTask (ContainerBalancerTask.java:matchSourceWithTarget(708)) - ContainerBalancer is finding suitable target for source datanode 47716307-bcc9-40e7-9240-808521836228
2023-09-12 21:14:01,695 [main] INFO  balancer.ContainerBalancerTask (ContainerBalancerTask.java:matchSourceWithTarget(722)) - ContainerBalancer matched source datanode 47716307-bcc9-40e7-9240-808521836228 with target datanode 0c755054-cc03-4901-8989-118b6d5b642a for container move.
2023-09-12 21:14:01,695 [main] INFO  balancer.ContainerBalancerTask (ContainerBalancerTask.java:processMoveSelection(569)) - ContainerBalancer is trying to move container #85 with size 5368709120B from source datanode 47716307-bcc9-40e7-9240-808521836228 to target datanode 0c755054-cc03-4901-8989-118b6d5b642a
2023-09-12 21:14:01,695 [main] DEBUG balancer.ContainerBalancerTask (ContainerBalancerTask.java:lambda$moveContainer$3(837)) - Container move completed for container #85 from source 47716307-bcc9-40e7-9240-808521836228 to target 0c755054-cc03-4901-8989-118b6d5b642a
2023-09-12 21:14:01,698 [main] DEBUG balancer.ContainerBalancerTask (ContainerBalancerTask.java:matchSourceWithTarget(708)) - ContainerBalancer is finding suitable target for source datanode 47716307-bcc9-40e7-9240-808521836228
2023-09-12 21:14:01,698 [main] INFO  balancer.ContainerBalancerTask (ContainerBalancerTask.java:matchSourceWithTarget(722)) - ContainerBalancer matched source datanode 47716307-bcc9-40e7-9240-808521836228 with target datanode 603242cd-6e26-4578-9632-f6922f301157 for container move.
2023-09-12 21:14:01,698 [main] INFO  balancer.ContainerBalancerTask (ContainerBalancerTask.java:processMoveSelection(569)) - ContainerBalancer is trying to move container #68 with size 5368709120B from source datanode 47716307-bcc9-40e7-9240-808521836228 to target datanode 603242cd-6e26-4578-9632-f6922f301157
2023-09-12 21:14:01,698 [main] DEBUG balancer.ContainerBalancerTask (ContainerBalancerTask.java:lambda$moveContainer$3(837)) - Container move completed for container #68 from source 47716307-bcc9-40e7-9240-808521836228 to target 603242cd-6e26-4578-9632-f6922f301157
2023-09-12 21:14:01,701 [main] DEBUG balancer.ContainerBalancerTask (ContainerBalancerTask.java:matchSourceWithTarget(708)) - ContainerBalancer is finding suitable target for source datanode 31a3dae7-4012-4acd-a9e0-c22c76d3adbc
2023-09-12 21:14:01,701 [main] INFO  balancer.ContainerBalancerTask (ContainerBalancerTask.java:matchSourceWithTarget(722)) - ContainerBalancer matched source datanode 31a3dae7-4012-4acd-a9e0-c22c76d3adbc with target datanode 603242cd-6e26-4578-9632-f6922f301157 for container move.
2023-09-12 21:14:01,701 [main] INFO  balancer.ContainerBalancerTask (ContainerBalancerTask.java:processMoveSelection(569)) - ContainerBalancer is trying to move container #29 with size 5368709120B from source datanode 31a3dae7-4012-4acd-a9e0-c22c76d3adbc to target datanode 603242cd-6e26-4578-9632-f6922f301157
2023-09-12 21:14:01,701 [main] DEBUG balancer.ContainerBalancerTask (ContainerBalancerTask.java:lambda$moveContainer$3(837)) - Container move completed for container #29 from source 31a3dae7-4012-4acd-a9e0-c22c76d3adbc to target 603242cd-6e26-4578-9632-f6922f301157
2023-09-12 21:14:01,704 [main] DEBUG balancer.ContainerBalancerTask (ContainerBalancerTask.java:matchSourceWithTarget(708)) - ContainerBalancer is finding suitable target for source datanode 47716307-bcc9-40e7-9240-808521836228
2023-09-12 21:14:01,704 [main] INFO  balancer.ContainerBalancerTask (ContainerBalancerTask.java:matchSourceWithTarget(722)) - ContainerBalancer matched source datanode 47716307-bcc9-40e7-9240-808521836228 with target datanode 603242cd-6e26-4578-9632-f6922f301157 for container move.
2023-09-12 21:14:01,704 [main] INFO  balancer.ContainerBalancerTask (ContainerBalancerTask.java:processMoveSelection(569)) - ContainerBalancer is trying to move container #89 with size 4294967296B from source datanode 47716307-bcc9-40e7-9240-808521836228 to target datanode 603242cd-6e26-4578-9632-f6922f301157
2023-09-12 21:14:01,704 [main] DEBUG balancer.ContainerBalancerTask (ContainerBalancerTask.java:lambda$moveContainer$3(837)) - Container move completed for container #89 from source 47716307-bcc9-40e7-9240-808521836228 to target 603242cd-6e26-4578-9632-f6922f301157
2023-09-12 21:14:01,707 [main] DEBUG balancer.ContainerBalancerTask (ContainerBalancerTask.java:matchSourceWithTarget(708)) - ContainerBalancer is finding suitable target for source datanode 31a3dae7-4012-4acd-a9e0-c22c76d3adbc
2023-09-12 21:14:01,707 [main] INFO  balancer.ContainerBalancerTask (ContainerBalancerTask.java:matchSourceWithTarget(722)) - ContainerBalancer matched source datanode 31a3dae7-4012-4acd-a9e0-c22c76d3adbc with target datanode 603242cd-6e26-4578-9632-f6922f301157 for container move.
2023-09-12 21:14:01,707 [main] INFO  balancer.ContainerBalancerTask (ContainerBalancerTask.java:processMoveSelection(569)) - ContainerBalancer is trying to move container #67 with size 4294967296B from source datanode 31a3dae7-4012-4acd-a9e0-c22c76d3adbc to target datanode 603242cd-6e26-4578-9632-f6922f301157
2023-09-12 21:14:01,707 [main] DEBUG balancer.ContainerBalancerTask (ContainerBalancerTask.java:lambda$moveContainer$3(837)) - Container move completed for container #67 from source 31a3dae7-4012-4acd-a9e0-c22c76d3adbc to target 603242cd-6e26-4578-9632-f6922f301157
2023-09-12 21:14:01,710 [main] DEBUG balancer.ContainerBalancerTask (ContainerBalancerTask.java:matchSourceWithTarget(708)) - ContainerBalancer is finding suitable target for source datanode c73cf66b-cfbf-4ccf-bab8-82e7c8683e34
2023-09-12 21:14:01,710 [main] INFO  balancer.ContainerBalancerTask (ContainerBalancerTask.java:matchSourceWithTarget(722)) - ContainerBalancer matched source datanode c73cf66b-cfbf-4ccf-bab8-82e7c8683e34 with target datanode 603242cd-6e26-4578-9632-f6922f301157 for container move.
2023-09-12 21:14:01,710 [main] INFO  balancer.ContainerBalancerTask (ContainerBalancerTask.java:processMoveSelection(569)) - ContainerBalancer is trying to move container #40 with size 5368709120B from source datanode c73cf66b-cfbf-4ccf-bab8-82e7c8683e34 to target datanode 603242cd-6e26-4578-9632-f6922f301157
2023-09-12 21:14:01,710 [main] DEBUG balancer.ContainerBalancerTask (ContainerBalancerTask.java:lambda$moveContainer$3(837)) - Container move completed for container #40 from source c73cf66b-cfbf-4ccf-bab8-82e7c8683e34 to target 603242cd-6e26-4578-9632-f6922f301157
2023-09-12 21:14:01,713 [main] DEBUG balancer.ContainerBalancerTask (ContainerBalancerTask.java:matchSourceWithTarget(708)) - ContainerBalancer is finding suitable target for source datanode 47716307-bcc9-40e7-9240-808521836228
2023-09-12 21:14:01,713 [main] INFO  balancer.ContainerBalancerTask (ContainerBalancerTask.java:matchSourceWithTarget(722)) - ContainerBalancer matched source datanode 47716307-bcc9-40e7-9240-808521836228 with target datanode 603242cd-6e26-4578-9632-f6922f301157 for container move.
2023-09-12 21:14:01,713 [main] INFO  balancer.ContainerBalancerTask (ContainerBalancerTask.java:processMoveSelection(569)) - ContainerBalancer is trying to move container #84 with size 4294967296B from source datanode 47716307-bcc9-40e7-9240-808521836228 to target datanode 603242cd-6e26-4578-9632-f6922f301157
2023-09-12 21:14:01,714 [main] DEBUG balancer.ContainerBalancerTask (ContainerBalancerTask.java:lambda$moveContainer$3(837)) - Container move completed for container #84 from source 47716307-bcc9-40e7-9240-808521836228 to target 603242cd-6e26-4578-9632-f6922f301157
2023-09-12 21:14:01,716 [main] DEBUG balancer.ContainerBalancerTask (ContainerBalancerTask.java:matchSourceWithTarget(708)) - ContainerBalancer is finding suitable target for source datanode 31a3dae7-4012-4acd-a9e0-c22c76d3adbc
2023-09-12 21:14:01,716 [main] INFO  balancer.ContainerBalancerTask (ContainerBalancerTask.java:matchSourceWithTarget(722)) - ContainerBalancer matched source datanode 31a3dae7-4012-4acd-a9e0-c22c76d3adbc with target datanode 603242cd-6e26-4578-9632-f6922f301157 for container move.
2023-09-12 21:14:01,717 [main] INFO  balancer.ContainerBalancerTask (ContainerBalancerTask.java:processMoveSelection(569)) - ContainerBalancer is trying to move container #52 with size 4294967296B from source datanode 31a3dae7-4012-4acd-a9e0-c22c76d3adbc to target datanode 603242cd-6e26-4578-9632-f6922f301157
2023-09-12 21:14:01,717 [main] DEBUG balancer.ContainerBalancerTask (ContainerBalancerTask.java:lambda$moveContainer$3(837)) - Container move completed for container #52 from source 31a3dae7-4012-4acd-a9e0-c22c76d3adbc to target 603242cd-6e26-4578-9632-f6922f301157
2023-09-12 21:14:01,720 [main] DEBUG balancer.ContainerBalancerTask (ContainerBalancerTask.java:matchSourceWithTarget(708)) - ContainerBalancer is finding suitable target for source datanode 47716307-bcc9-40e7-9240-808521836228
2023-09-12 21:14:01,720 [main] INFO  balancer.ContainerBalancerTask (ContainerBalancerTask.java:matchSourceWithTarget(722)) - ContainerBalancer matched source datanode 47716307-bcc9-40e7-9240-808521836228 with target datanode 603242cd-6e26-4578-9632-f6922f301157 for container move.
2023-09-12 21:14:01,720 [main] INFO  balancer.ContainerBalancerTask (ContainerBalancerTask.java:processMoveSelection(569)) - ContainerBalancer is trying to move container #39 with size 4294967296B from source datanode 47716307-bcc9-40e7-9240-808521836228 to target datanode 603242cd-6e26-4578-9632-f6922f301157
2023-09-12 21:14:01,720 [main] DEBUG balancer.ContainerBalancerTask (ContainerBalancerTask.java:lambda$moveContainer$3(837)) - Container move completed for container #39 from source 47716307-bcc9-40e7-9240-808521836228 to target 603242cd-6e26-4578-9632-f6922f301157
2023-09-12 21:14:01,723 [main] DEBUG balancer.ContainerBalancerTask (ContainerBalancerTask.java:matchSourceWithTarget(708)) - ContainerBalancer is finding suitable target for source datanode c73cf66b-cfbf-4ccf-bab8-82e7c8683e34
2023-09-12 21:14:01,723 [main] INFO  balancer.ContainerBalancerTask (ContainerBalancerTask.java:matchSourceWithTarget(722)) - ContainerBalancer matched source datanode c73cf66b-cfbf-4ccf-bab8-82e7c8683e34 with target datanode 603242cd-6e26-4578-9632-f6922f301157 for container move.
2023-09-12 21:14:01,723 [main] INFO  balancer.ContainerBalancerTask (ContainerBalancerTask.java:processMoveSelection(569)) - ContainerBalancer is trying to move container #83 with size 3221225472B from source datanode c73cf66b-cfbf-4ccf-bab8-82e7c8683e34 to target datanode 603242cd-6e26-4578-9632-f6922f301157
2023-09-12 21:14:01,723 [main] DEBUG balancer.ContainerBalancerTask (ContainerBalancerTask.java:lambda$moveContainer$3(837)) - Container move completed for container #83 from source c73cf66b-cfbf-4ccf-bab8-82e7c8683e34 to target 603242cd-6e26-4578-9632-f6922f301157
2023-09-12 21:14:01,726 [main] DEBUG balancer.ContainerBalancerTask (ContainerBalancerTask.java:matchSourceWithTarget(708)) - ContainerBalancer is finding suitable target for source datanode 31a3dae7-4012-4acd-a9e0-c22c76d3adbc
2023-09-12 21:14:01,726 [main] INFO  balancer.ContainerBalancerTask (ContainerBalancerTask.java:matchSourceWithTarget(722)) - ContainerBalancer matched source datanode 31a3dae7-4012-4acd-a9e0-c22c76d3adbc with target datanode 847d0a1b-a5f0-41b3-8b2a-7f08792a9f12 for container move.
2023-09-12 21:14:01,726 [main] INFO  balancer.ContainerBalancerTask (ContainerBalancerTask.java:processMoveSelection(569)) - ContainerBalancer is trying to move container #53 with size 5368709120B from source datanode 31a3dae7-4012-4acd-a9e0-c22c76d3adbc to target datanode 847d0a1b-a5f0-41b3-8b2a-7f08792a9f12
2023-09-12 21:14:01,726 [main] DEBUG balancer.ContainerBalancerTask (ContainerBalancerTask.java:lambda$moveContainer$3(837)) - Container move completed for container #53 from source 31a3dae7-4012-4acd-a9e0-c22c76d3adbc to target 847d0a1b-a5f0-41b3-8b2a-7f08792a9f12
2023-09-12 21:14:01,729 [main] DEBUG balancer.ContainerBalancerTask (ContainerBalancerTask.java:matchSourceWithTarget(708)) - ContainerBalancer is finding suitable target for source datanode a1a61dac-aa00-4eaf-b766-e53efcbf8b82
2023-09-12 21:14:01,729 [main] INFO  balancer.ContainerBalancerTask (ContainerBalancerTask.java:matchSourceWithTarget(722)) - ContainerBalancer matched source datanode a1a61dac-aa00-4eaf-b766-e53efcbf8b82 with target datanode 603242cd-6e26-4578-9632-f6922f301157 for container move.
2023-09-12 21:14:01,729 [main] INFO  balancer.ContainerBalancerTask (ContainerBalancerTask.java:processMoveSelection(569)) - ContainerBalancer is trying to move container #65 with size 2147483648B from source datanode a1a61dac-aa00-4eaf-b766-e53efcbf8b82 to target datanode 603242cd-6e26-4578-9632-f6922f301157
2023-09-12 21:14:01,730 [main] DEBUG balancer.ContainerBalancerTask (ContainerBalancerTask.java:lambda$moveContainer$3(837)) - Container move completed for container #65 from source a1a61dac-aa00-4eaf-b766-e53efcbf8b82 to target 603242cd-6e26-4578-9632-f6922f301157
2023-09-12 21:14:01,730 [main] WARN  balancer.ContainerBalancerTask (ContainerBalancerTask.java:reachedMaxSizeToMovePerIteration(733)) - Reached max size to move limit. 53687091200 bytes have already been scheduled for balancing and the limit is 53687091200 bytes.
2023-09-12 21:14:01,730 [main] INFO  balancer.ContainerBalancerTask (ContainerBalancerTask.java:checkIterationMoveResults(642)) - Iteration Summary. Number of Datanodes involved: 7. Size moved: 50 GB (53687091200 Bytes). Number of Container moves completed: 12.
2023-09-12 21:14:01,730 [main] INFO  balancer.ContainerBalancerTask (ContainerBalancerTask.java:balance(259)) - Result of this iteration of Container Balancer: ITERATION_COMPLETED
2023-09-12 21:14:01,730 [main] INFO  balancer.ContainerBalancerTask (ContainerBalancerTask.java:tryStopWithSaveConfiguration(308)) - Save Configuration for stopping. Reason: Completed all iterations.
]]></system-out>
  </testcase>
</testsuite>