<?xml version="1.0" encoding="UTF-8"?>
<testsuite xmlns:xsi="http://www.w3.org/2001/XMLSchema-instance" xsi:noNamespaceSchemaLocation="https://maven.apache.org/surefire/maven-surefire-plugin/xsd/surefire-test-report-3.0.xsd" version="3.0" name="org.apache.hadoop.ozone.om.TestOzoneManagerPrepare" time="177.365" tests="1" errors="1" skipped="0" failures="0">
  <properties>
    <property name="awt.toolkit" value="sun.awt.X11.XToolkit"/>
    <property name="file.encoding.pkg" value="sun.io"/>
    <property name="java.specification.version" value="1.8"/>
    <property name="sun.cpu.isalist" value=""/>
    <property name="sun.jnu.encoding" value="UTF-8"/>
    <property name="java.class.path" value="/home/runner/work/ozone/ozone/hadoop-ozone/integration-test/target/test-classes:/home/runner/work/ozone/ozone/hadoop-ozone/integration-test/target/classes:/home/runner/.m2/repository/org/apache/ozone/ozone-common/1.3.0-SNAPSHOT/ozone-common-1.3.0-SNAPSHOT.jar:/home/runner/.m2/repository/io/grpc/grpc-netty/1.48.1/grpc-netty-1.48.1.jar:/home/runner/.m2/repository/io/grpc/grpc-core/1.48.1/grpc-core-1.48.1.jar:/home/runner/.m2/repository/com/google/android/annotations/4.1.1.4/annotations-4.1.1.4.jar:/home/runner/.m2/repository/org/codehaus/mojo/animal-sniffer-annotations/1.21/animal-sniffer-annotations-1.21.jar:/home/runner/.m2/repository/com/google/errorprone/error_prone_annotations/2.2.0/error_prone_annotations-2.2.0.jar:/home/runner/.m2/repository/io/perfmark/perfmark-api/0.25.0/perfmark-api-0.25.0.jar:/home/runner/.m2/repository/io/netty/netty-codec-http2/4.1.79.Final/netty-codec-http2-4.1.79.Final.jar:/home/runner/.m2/repository/io/netty/netty-common/4.1.79.Final/netty-common-4.1.79.Final.jar:/home/runner/.m2/repository/io/netty/netty-buffer/4.1.79.Final/netty-buffer-4.1.79.Final.jar:/home/runner/.m2/repository/io/netty/netty-codec-http/4.1.79.Final/netty-codec-http-4.1.79.Final.jar:/home/runner/.m2/repository/io/netty/netty-handler-proxy/4.1.79.Final/netty-handler-proxy-4.1.79.Final.jar:/home/runner/.m2/repository/io/netty/netty-codec-socks/4.1.79.Final/netty-codec-socks-4.1.79.Final.jar:/home/runner/.m2/repository/io/netty/netty-tcnative-boringssl-static/2.0.53.Final/netty-tcnative-boringssl-static-2.0.53.Final.jar:/home/runner/.m2/repository/io/netty/netty-tcnative-classes/2.0.53.Final/netty-tcnative-classes-2.0.53.Final.jar:/home/runner/.m2/repository/io/netty/netty-tcnative-boringssl-static/2.0.53.Final/netty-tcnative-boringssl-static-2.0.53.Final-linux-x86_64.jar:/home/runner/.m2/repository/io/netty/netty-tcnative-boringssl-static/2.0.53.Final/netty-tcnative-boringssl-static-2.0.53.Final-linux-aarch_64.jar:/home/runner/.m2/repository/io/netty/netty-tcnative-boringssl-static/2.0.53.Final/netty-tcnative-boringssl-static-2.0.53.Final-osx-x86_64.jar:/home/runner/.m2/repository/io/netty/netty-tcnative-boringssl-static/2.0.53.Final/netty-tcnative-boringssl-static-2.0.53.Final-osx-aarch_64.jar:/home/runner/.m2/repository/io/netty/netty-tcnative-boringssl-static/2.0.53.Final/netty-tcnative-boringssl-static-2.0.53.Final-windows-x86_64.jar:/home/runner/.m2/repository/org/apache/commons/commons-compress/1.21/commons-compress-1.21.jar:/home/runner/.m2/repository/org/apache/ozone/hdds-common/1.3.0-SNAPSHOT/hdds-common-1.3.0-SNAPSHOT.jar:/home/runner/.m2/repository/org/apache/ozone/hdds-client/1.3.0-SNAPSHOT/hdds-client-1.3.0-SNAPSHOT.jar:/home/runner/.m2/repository/org/apache/ozone/ozone-interface-client/1.3.0-SNAPSHOT/ozone-interface-client-1.3.0-SNAPSHOT.jar:/home/runner/.m2/repository/org/apache/ozone/hdds-test-utils/1.3.0-SNAPSHOT/hdds-test-utils-1.3.0-SNAPSHOT.jar:/home/runner/.m2/repository/com/google/guava/guava/31.1-jre/guava-31.1-jre.jar:/home/runner/.m2/repository/com/google/guava/failureaccess/1.0.1/failureaccess-1.0.1.jar:/home/runner/.m2/repository/com/google/guava/listenablefuture/9999.0-empty-to-avoid-conflict-with-guava/listenablefuture-9999.0-empty-to-avoid-conflict-with-guava.jar:/home/runner/.m2/repository/com/google/code/findbugs/jsr305/3.0.0/jsr305-3.0.0.jar:/home/runner/.m2/repository/org/checkerframework/checker-qual/3.12.0/checker-qual-3.12.0.jar:/home/runner/.m2/repository/com/google/j2objc/j2objc-annotations/1.3/j2objc-annotations-1.3.jar:/home/runner/.m2/repository/commons-io/commons-io/2.11.0/commons-io-2.11.0.jar:/home/runner/.m2/repository/commons-logging/commons-logging/1.2/commons-logging-1.2.jar:/home/runner/.m2/repository/log4j/log4j/1.2.17/log4j-1.2.17.jar:/home/runner/.m2/repository/org/slf4j/slf4j-api/1.7.30/slf4j-api-1.7.30.jar:/home/runner/.m2/repository/org/apache/ozone/hdds-server-scm/1.3.0-SNAPSHOT/hdds-server-scm-1.3.0-SNAPSHOT.jar:/home/runner/.m2/repository/org/apache/ozone/hdds-container-service/1.3.0-SNAPSHOT/hdds-container-service-1.3.0-SNAPSHOT.jar:/home/runner/.m2/repository/org/apache/ozone/hdds-hadoop-dependency-server/1.3.0-SNAPSHOT/hdds-hadoop-dependency-server-1.3.0-SNAPSHOT.jar:/home/runner/.m2/repository/org/apache/hadoop/hadoop-hdfs/3.3.1/hadoop-hdfs-3.3.1.jar:/home/runner/.m2/repository/org/apache/ozone/hdds-server-framework/1.3.0-SNAPSHOT/hdds-server-framework-1.3.0-SNAPSHOT.jar:/home/runner/.m2/repository/org/apache/ozone/hdds-interface-server/1.3.0-SNAPSHOT/hdds-interface-server-1.3.0-SNAPSHOT.jar:/home/runner/.m2/repository/org/apache/logging/log4j/log4j-core/2.17.1/log4j-core-2.17.1.jar:/home/runner/.m2/repository/com/lmax/disruptor/3.4.2/disruptor-3.4.2.jar:/home/runner/.m2/repository/org/eclipse/jetty/jetty-servlet/9.4.43.v20210629/jetty-servlet-9.4.43.v20210629.jar:/home/runner/.m2/repository/org/eclipse/jetty/jetty-security/9.4.43.v20210629/jetty-security-9.4.43.v20210629.jar:/home/runner/.m2/repository/org/rocksdb/rocksdbjni/6.29.5/rocksdbjni-6.29.5.jar:/home/runner/.m2/repository/io/prometheus/simpleclient_dropwizard/0.7.0/simpleclient_dropwizard-0.7.0.jar:/home/runner/.m2/repository/io/prometheus/simpleclient/0.7.0/simpleclient-0.7.0.jar:/home/runner/.m2/repository/io/prometheus/simpleclient_common/0.7.0/simpleclient_common-0.7.0.jar:/home/runner/.m2/repository/io/dropwizard/metrics/metrics-core/3.2.4/metrics-core-3.2.4.jar:/home/runner/.m2/repository/org/apache/hadoop/hadoop-hdfs-client/3.3.1/hadoop-hdfs-client-3.3.1.jar:/home/runner/.m2/repository/org/bouncycastle/bcprov-jdk15on/1.67/bcprov-jdk15on-1.67.jar:/home/runner/.m2/repository/com/google/protobuf/protobuf-java/2.5.0/protobuf-java-2.5.0.jar:/home/runner/.m2/repository/org/apache/ozone/ozone-manager/1.3.0-SNAPSHOT/ozone-manager-1.3.0-SNAPSHOT.jar:/home/runner/.m2/repository/org/aspectj/aspectjrt/1.9.7/aspectjrt-1.9.7.jar:/home/runner/.m2/repository/org/aspectj/aspectjweaver/1.9.7/aspectjweaver-1.9.7.jar:/home/runner/.m2/repository/org/apache/ozone/hdds-interface-client/1.3.0-SNAPSHOT/hdds-interface-client-1.3.0-SNAPSHOT.jar:/home/runner/.m2/repository/org/apache/hadoop/thirdparty/hadoop-shaded-protobuf_3_7/1.1.1/hadoop-shaded-protobuf_3_7-1.1.1.jar:/home/runner/.m2/repository/org/apache/ozone/ozone-interface-storage/1.3.0-SNAPSHOT/ozone-interface-storage-1.3.0-SNAPSHOT.jar:/home/runner/.m2/repository/org/reflections/reflections/0.9.11/reflections-0.9.11.jar:/home/runner/.m2/repository/com/sun/jersey/jersey-client/1.19/jersey-client-1.19.jar:/home/runner/.m2/repository/org/apache/ranger/ranger-intg/2.3.0/ranger-intg-2.3.0.jar:/home/runner/.m2/repository/org/apache/ranger/ranger-plugins-common/2.3.0/ranger-plugins-common-2.3.0.jar:/home/runner/.m2/repository/commons-lang/commons-lang/2.6/commons-lang-2.6.jar:/home/runner/.m2/repository/org/codehaus/jackson/jackson-jaxrs/1.9.13/jackson-jaxrs-1.9.13.jar:/home/runner/.m2/repository/org/apache/ranger/ranger-plugins-cred/2.3.0/ranger-plugins-cred-2.3.0.jar:/home/runner/.m2/repository/org/apache/ranger/ranger-plugins-audit/2.3.0/ranger-plugins-audit-2.3.0.jar:/home/runner/.m2/repository/org/eclipse/jetty/jetty-client/9.4.31.v20200723/jetty-client-9.4.31.v20200723.jar:/home/runner/.m2/repository/org/apache/httpcomponents/httpmime/4.5.6/httpmime-4.5.6.jar:/home/runner/.m2/repository/org/apache/httpcomponents/httpcore-nio/4.4.6/httpcore-nio-4.4.6.jar:/home/runner/.m2/repository/org/apache/httpcomponents/httpasyncclient/4.1.3/httpasyncclient-4.1.3.jar:/home/runner/.m2/repository/com/carrotsearch/hppc/0.8.0/hppc-0.8.0.jar:/home/runner/.m2/repository/org/apache/orc/orc-core/1.5.8/orc-core-1.5.8.jar:/home/runner/.m2/repository/net/java/dev/jna/jna/5.2.0/jna-5.2.0.jar:/home/runner/.m2/repository/net/java/dev/jna/jna-platform/5.2.0/jna-platform-5.2.0.jar:/home/runner/.m2/repository/com/kstruct/gethostname4j/0.0.2/gethostname4j-0.0.2.jar:/home/runner/.m2/repository/org/apache/ranger/ranger-plugin-classloader/2.3.0/ranger-plugin-classloader-2.3.0.jar:/home/runner/.m2/repository/org/apache/hadoop/hadoop-minikdc/3.3.1/hadoop-minikdc-3.3.1.jar:/home/runner/.m2/repository/org/apache/kerby/kerb-simplekdc/1.0.1/kerb-simplekdc-1.0.1.jar:/home/runner/.m2/repository/org/apache/kerby/kerb-client/1.0.1/kerb-client-1.0.1.jar:/home/runner/.m2/repository/org/apache/kerby/kerby-config/1.0.1/kerby-config-1.0.1.jar:/home/runner/.m2/repository/org/apache/kerby/kerb-common/1.0.1/kerb-common-1.0.1.jar:/home/runner/.m2/repository/org/apache/kerby/kerb-crypto/1.0.1/kerb-crypto-1.0.1.jar:/home/runner/.m2/repository/org/apache/kerby/kerb-util/1.0.1/kerb-util-1.0.1.jar:/home/runner/.m2/repository/org/apache/kerby/token-provider/1.0.1/token-provider-1.0.1.jar:/home/runner/.m2/repository/org/apache/kerby/kerb-admin/1.0.1/kerb-admin-1.0.1.jar:/home/runner/.m2/repository/org/apache/kerby/kerb-server/1.0.1/kerb-server-1.0.1.jar:/home/runner/.m2/repository/org/apache/kerby/kerb-identity/1.0.1/kerb-identity-1.0.1.jar:/home/runner/.m2/repository/org/apache/kerby/kerby-xdr/1.0.1/kerby-xdr-1.0.1.jar:/home/runner/.m2/repository/org/slf4j/slf4j-log4j12/1.7.30/slf4j-log4j12-1.7.30.jar:/home/runner/.m2/repository/org/apache/ozone/ozone-s3gateway/1.3.0-SNAPSHOT/ozone-s3gateway-1.3.0-SNAPSHOT.jar:/home/runner/.m2/repository/org/javassist/javassist/3.21.0-GA/javassist-3.21.0-GA.jar:/home/runner/.m2/repository/org/jboss/weld/servlet/weld-servlet/2.4.7.Final/weld-servlet-2.4.7.Final.jar:/home/runner/.m2/repository/org/glassfish/jersey/containers/jersey-container-servlet-core/2.33/jersey-container-servlet-core-2.33.jar:/home/runner/.m2/repository/org/glassfish/hk2/external/jakarta.inject/2.6.1/jakarta.inject-2.6.1.jar:/home/runner/.m2/repository/org/glassfish/jersey/core/jersey-common/2.33/jersey-common-2.33.jar:/home/runner/.m2/repository/jakarta/ws/rs/jakarta.ws.rs-api/2.1.6/jakarta.ws.rs-api-2.1.6.jar:/home/runner/.m2/repository/org/glassfish/jersey/ext/cdi/jersey-cdi1x/2.33/jersey-cdi1x-2.33.jar:/home/runner/.m2/repository/org/glassfish/jersey/inject/jersey-hk2/2.33/jersey-hk2-2.33.jar:/home/runner/.m2/repository/org/glassfish/hk2/hk2-locator/2.6.1/hk2-locator-2.6.1.jar:/home/runner/.m2/repository/org/glassfish/jersey/media/jersey-media-jaxb/2.33/jersey-media-jaxb-2.33.jar:/home/runner/.m2/repository/org/glassfish/hk2/osgi-resource-locator/1.0.3/osgi-resource-locator-1.0.3.jar:/home/runner/.m2/repository/org/glassfish/hk2/hk2-api/2.5.0/hk2-api-2.5.0.jar:/home/runner/.m2/repository/org/glassfish/hk2/hk2-utils/2.5.0/hk2-utils-2.5.0.jar:/home/runner/.m2/repository/org/glassfish/hk2/external/aopalliance-repackaged/2.5.0/aopalliance-repackaged-2.5.0.jar:/home/runner/.m2/repository/com/fasterxml/jackson/dataformat/jackson-dataformat-xml/2.13.2/jackson-dataformat-xml-2.13.2.jar:/home/runner/.m2/repository/com/fasterxml/jackson/core/jackson-core/2.13.2/jackson-core-2.13.2.jar:/home/runner/.m2/repository/org/codehaus/woodstox/stax2-api/3.1.4/stax2-api-3.1.4.jar:/home/runner/.m2/repository/com/fasterxml/woodstox/woodstox-core/5.0.3/woodstox-core-5.0.3.jar:/home/runner/.m2/repository/com/fasterxml/jackson/module/jackson-module-jaxb-annotations/2.13.2/jackson-module-jaxb-annotations-2.13.2.jar:/home/runner/.m2/repository/jakarta/xml/bind/jakarta.xml.bind-api/2.3.3/jakarta.xml.bind-api-2.3.3.jar:/home/runner/.m2/repository/jakarta/activation/jakarta.activation-api/1.2.1/jakarta.activation-api-1.2.1.jar:/home/runner/.m2/repository/javax/enterprise/cdi-api/1.2/cdi-api-1.2.jar:/home/runner/.m2/repository/javax/el/javax.el-api/3.0.0/javax.el-api-3.0.0.jar:/home/runner/.m2/repository/javax/interceptor/javax.interceptor-api/1.2/javax.interceptor-api-1.2.jar:/home/runner/.m2/repository/javax/inject/javax.inject/1/javax.inject-1.jar:/home/runner/.m2/repository/javax/xml/bind/jaxb-api/2.3.0/jaxb-api-2.3.0.jar:/home/runner/.m2/repository/org/glassfish/jaxb/jaxb-runtime/2.3.0.1/jaxb-runtime-2.3.0.1.jar:/home/runner/.m2/repository/org/glassfish/jaxb/jaxb-core/2.3.0.1/jaxb-core-2.3.0.1.jar:/home/runner/.m2/repository/org/glassfish/jaxb/txw2/2.3.0.1/txw2-2.3.0.1.jar:/home/runner/.m2/repository/com/sun/istack/istack-commons-runtime/3.0.5/istack-commons-runtime-3.0.5.jar:/home/runner/.m2/repository/org/jvnet/staxex/stax-ex/1.7.8/stax-ex-1.7.8.jar:/home/runner/.m2/repository/com/sun/xml/fastinfoset/FastInfoset/1.2.13/FastInfoset-1.2.13.jar:/home/runner/.m2/repository/javax/activation/activation/1.1.1/activation-1.1.1.jar:/home/runner/.m2/repository/io/grpc/grpc-protobuf/1.48.1/grpc-protobuf-1.48.1.jar:/home/runner/.m2/repository/io/grpc/grpc-api/1.48.1/grpc-api-1.48.1.jar:/home/runner/.m2/repository/io/grpc/grpc-context/1.48.1/grpc-context-1.48.1.jar:/home/runner/.m2/repository/com/google/api/grpc/proto-google-common-protos/2.9.0/proto-google-common-protos-2.9.0.jar:/home/runner/.m2/repository/io/grpc/grpc-protobuf-lite/1.48.1/grpc-protobuf-lite-1.48.1.jar:/home/runner/.m2/repository/io/grpc/grpc-stub/1.48.1/grpc-stub-1.48.1.jar:/home/runner/.m2/repository/io/netty/netty-transport/4.1.79.Final/netty-transport-4.1.79.Final.jar:/home/runner/.m2/repository/io/netty/netty-resolver/4.1.79.Final/netty-resolver-4.1.79.Final.jar:/home/runner/.m2/repository/org/apache/ozone/ozone-csi/1.3.0-SNAPSHOT/ozone-csi-1.3.0-SNAPSHOT.jar:/home/runner/.m2/repository/com/google/protobuf/protobuf-java-util/3.19.2/protobuf-java-util-3.19.2.jar:/home/runner/.m2/repository/com/google/code/gson/gson/2.9.0/gson-2.9.0.jar:/home/runner/.m2/repository/org/apache/ozone/hdds-config/1.3.0-SNAPSHOT/hdds-config-1.3.0-SNAPSHOT.jar:/home/runner/.m2/repository/io/netty/netty-transport-native-epoll/4.1.79.Final/netty-transport-native-epoll-4.1.79.Final-linux-x86_64.jar:/home/runner/.m2/repository/io/netty/netty-transport-classes-epoll/4.1.79.Final/netty-transport-classes-epoll-4.1.79.Final.jar:/home/runner/.m2/repository/io/netty/netty-transport-native-unix-common/4.1.79.Final/netty-transport-native-unix-common-4.1.79.Final.jar:/home/runner/.m2/repository/org/apache/ozone/ozone-recon/1.3.0-SNAPSHOT/ozone-recon-1.3.0-SNAPSHOT.jar:/home/runner/.m2/repository/org/apache/ozone/ozone-reconcodegen/1.3.0-SNAPSHOT/ozone-reconcodegen-1.3.0-SNAPSHOT.jar:/home/runner/.m2/repository/com/google/inject/extensions/guice-multibindings/4.0/guice-multibindings-4.0.jar:/home/runner/.m2/repository/com/google/inject/guice/4.0/guice-4.0.jar:/home/runner/.m2/repository/aopalliance/aopalliance/1.0/aopalliance-1.0.jar:/home/runner/.m2/repository/com/google/inject/extensions/guice-assistedinject/4.0/guice-assistedinject-4.0.jar:/home/runner/.m2/repository/com/google/inject/extensions/guice-servlet/4.0/guice-servlet-4.0.jar:/home/runner/.m2/repository/org/glassfish/jersey/containers/jersey-container-servlet/2.33/jersey-container-servlet-2.33.jar:/home/runner/.m2/repository/org/glassfish/hk2/guice-bridge/2.5.0/guice-bridge-2.5.0.jar:/home/runner/.m2/repository/org/glassfish/jersey/core/jersey-server/2.33/jersey-server-2.33.jar:/home/runner/.m2/repository/org/glassfish/jersey/core/jersey-client/2.33/jersey-client-2.33.jar:/home/runner/.m2/repository/jakarta/annotation/jakarta.annotation-api/1.3.5/jakarta.annotation-api-1.3.5.jar:/home/runner/.m2/repository/jakarta/validation/jakarta.validation-api/2.0.2/jakarta.validation-api-2.0.2.jar:/home/runner/.m2/repository/org/glassfish/jersey/media/jersey-media-json-jackson/2.33/jersey-media-json-jackson-2.33.jar:/home/runner/.m2/repository/org/glassfish/jersey/ext/jersey-entity-filtering/2.33/jersey-entity-filtering-2.33.jar:/home/runner/.m2/repository/org/jooq/jooq/3.11.10/jooq-3.11.10.jar:/home/runner/.m2/repository/org/jooq/jooq-meta/3.11.10/jooq-meta-3.11.10.jar:/home/runner/.m2/repository/org/jooq/jooq-codegen/3.11.10/jooq-codegen-3.11.10.jar:/home/runner/.m2/repository/com/jolbox/bonecp/0.8.0.RELEASE/bonecp-0.8.0.RELEASE.jar:/home/runner/.m2/repository/org/apache/derby/derby/10.14.2.0/derby-10.14.2.0.jar:/home/runner/.m2/repository/org/xerial/sqlite-jdbc/3.25.2/sqlite-jdbc-3.25.2.jar:/home/runner/.m2/repository/org/springframework/spring-jdbc/5.2.20.RELEASE/spring-jdbc-5.2.20.RELEASE.jar:/home/runner/.m2/repository/org/springframework/spring-beans/5.2.20.RELEASE/spring-beans-5.2.20.RELEASE.jar:/home/runner/.m2/repository/org/springframework/spring-core/5.2.20.RELEASE/spring-core-5.2.20.RELEASE.jar:/home/runner/.m2/repository/org/springframework/spring-jcl/5.2.20.RELEASE/spring-jcl-5.2.20.RELEASE.jar:/home/runner/.m2/repository/org/springframework/spring-tx/5.2.20.RELEASE/spring-tx-5.2.20.RELEASE.jar:/home/runner/.m2/repository/org/apache/ozone/ozone-client/1.3.0-SNAPSHOT/ozone-client-1.3.0-SNAPSHOT.jar:/home/runner/.m2/repository/org/apache/ozone/hdds-erasurecode/1.3.0-SNAPSHOT/hdds-erasurecode-1.3.0-SNAPSHOT.jar:/home/runner/.m2/repository/com/github/spotbugs/spotbugs-annotations/3.1.12/spotbugs-annotations-3.1.12.jar:/home/runner/.m2/repository/org/apache/ozone/ozone-filesystem/1.3.0-SNAPSHOT/ozone-filesystem-1.3.0-SNAPSHOT.jar:/home/runner/.m2/repository/org/apache/ozone/ozone-filesystem-common/1.3.0-SNAPSHOT/ozone-filesystem-common-1.3.0-SNAPSHOT.jar:/home/runner/.m2/repository/org/apache/ozone/ozone-tools/1.3.0-SNAPSHOT/ozone-tools-1.3.0-SNAPSHOT.jar:/home/runner/.m2/repository/org/apache/ratis/ratis-tools/2.3.0/ratis-tools-2.3.0.jar:/home/runner/.m2/repository/com/amazonaws/aws-java-sdk-core/1.12.261/aws-java-sdk-core-1.12.261.jar:/home/runner/.m2/repository/org/apache/httpcomponents/httpclient/4.5.13/httpclient-4.5.13.jar:/home/runner/.m2/repository/org/apache/httpcomponents/httpcore/4.4.13/httpcore-4.4.13.jar:/home/runner/.m2/repository/software/amazon/ion/ion-java/1.0.2/ion-java-1.0.2.jar:/home/runner/.m2/repository/com/fasterxml/jackson/dataformat/jackson-dataformat-cbor/2.13.2/jackson-dataformat-cbor-2.13.2.jar:/home/runner/.m2/repository/joda-time/joda-time/2.8.1/joda-time-2.8.1.jar:/home/runner/.m2/repository/com/amazonaws/aws-java-sdk-s3/1.12.261/aws-java-sdk-s3-1.12.261.jar:/home/runner/.m2/repository/com/amazonaws/aws-java-sdk-kms/1.12.261/aws-java-sdk-kms-1.12.261.jar:/home/runner/.m2/repository/com/amazonaws/jmespath-java/1.12.261/jmespath-java-1.12.261.jar:/home/runner/.m2/repository/org/kohsuke/metainf-services/metainf-services/1.8/metainf-services-1.8.jar:/home/runner/.m2/repository/org/apache/ozone/hdds-tools/1.3.0-SNAPSHOT/hdds-tools-1.3.0-SNAPSHOT.jar:/home/runner/.m2/repository/commons-cli/commons-cli/1.2/commons-cli-1.2.jar:/home/runner/.m2/repository/org/apache/commons/commons-lang3/3.7/commons-lang3-3.7.jar:/home/runner/.m2/repository/org/apache/ozone/ozone-manager/1.3.0-SNAPSHOT/ozone-manager-1.3.0-SNAPSHOT-tests.jar:/home/runner/.m2/repository/org/apache/ozone/hdds-common/1.3.0-SNAPSHOT/hdds-common-1.3.0-SNAPSHOT-tests.jar:/home/runner/.m2/repository/org/apache/ozone/hdds-hadoop-dependency-client/1.3.0-SNAPSHOT/hdds-hadoop-dependency-client-1.3.0-SNAPSHOT.jar:/home/runner/.m2/repository/info/picocli/picocli/4.6.1/picocli-4.6.1.jar:/home/runner/.m2/repository/com/fasterxml/jackson/core/jackson-annotations/2.13.2/jackson-annotations-2.13.2.jar:/home/runner/.m2/repository/com/fasterxml/jackson/datatype/jackson-datatype-jsr310/2.13.2/jackson-datatype-jsr310-2.13.2.jar:/home/runner/.m2/repository/javax/annotation/javax.annotation-api/1.2/javax.annotation-api-1.2.jar:/home/runner/.m2/repository/org/apache/ratis/ratis-server/2.3.0/ratis-server-2.3.0.jar:/home/runner/.m2/repository/org/apache/ratis/ratis-client/2.3.0/ratis-client-2.3.0.jar:/home/runner/.m2/repository/org/apache/ratis/ratis-server-api/2.3.0/ratis-server-api-2.3.0.jar:/home/runner/.m2/repository/org/apache/ratis/ratis-metrics/2.3.0/ratis-metrics-2.3.0.jar:/home/runner/.m2/repository/org/apache/ratis/ratis-netty/2.3.0/ratis-netty-2.3.0.jar:/home/runner/.m2/repository/org/apache/ratis/ratis-grpc/2.3.0/ratis-grpc-2.3.0.jar:/home/runner/.m2/repository/org/apache/logging/log4j/log4j-api/2.17.1/log4j-api-2.17.1.jar:/home/runner/.m2/repository/org/apache/commons/commons-pool2/2.6.0/commons-pool2-2.6.0.jar:/home/runner/.m2/repository/org/bouncycastle/bcpkix-jdk15on/1.67/bcpkix-jdk15on-1.67.jar:/home/runner/.m2/repository/commons-validator/commons-validator/1.6/commons-validator-1.6.jar:/home/runner/.m2/repository/commons-beanutils/commons-beanutils/1.9.4/commons-beanutils-1.9.4.jar:/home/runner/.m2/repository/commons-digester/commons-digester/1.8.1/commons-digester-1.8.1.jar:/home/runner/.m2/repository/commons-collections/commons-collections/3.2.2/commons-collections-3.2.2.jar:/home/runner/.m2/repository/io/jaegertracing/jaeger-client/1.6.0/jaeger-client-1.6.0.jar:/home/runner/.m2/repository/io/jaegertracing/jaeger-thrift/1.6.0/jaeger-thrift-1.6.0.jar:/home/runner/.m2/repository/org/apache/thrift/libthrift/0.14.1/libthrift-0.14.1.jar:/home/runner/.m2/repository/com/squareup/okhttp3/okhttp/4.9.0/okhttp-4.9.0.jar:/home/runner/.m2/repository/com/squareup/okio/okio/2.8.0/okio-2.8.0.jar:/home/runner/.m2/repository/io/jaegertracing/jaeger-core/1.6.0/jaeger-core-1.6.0.jar:/home/runner/.m2/repository/io/jaegertracing/jaeger-tracerresolver/1.6.0/jaeger-tracerresolver-1.6.0.jar:/home/runner/.m2/repository/io/opentracing/contrib/opentracing-tracerresolver/0.1.8/opentracing-tracerresolver-0.1.8.jar:/home/runner/.m2/repository/org/jetbrains/kotlin/kotlin-stdlib/1.6.21/kotlin-stdlib-1.6.21.jar:/home/runner/.m2/repository/org/jetbrains/kotlin/kotlin-stdlib-common/1.6.21/kotlin-stdlib-common-1.6.21.jar:/home/runner/.m2/repository/org/jetbrains/annotations/13.0/annotations-13.0.jar:/home/runner/.m2/repository/io/opentracing/opentracing-util/0.33.0/opentracing-util-0.33.0.jar:/home/runner/.m2/repository/io/opentracing/opentracing-api/0.33.0/opentracing-api-0.33.0.jar:/home/runner/.m2/repository/io/opentracing/opentracing-noop/0.33.0/opentracing-noop-0.33.0.jar:/home/runner/.m2/repository/org/yaml/snakeyaml/1.26/snakeyaml-1.26.jar:/home/runner/.m2/repository/org/apache/ozone/hdds-interface-admin/1.3.0-SNAPSHOT/hdds-interface-admin-1.3.0-SNAPSHOT.jar:/home/runner/.m2/repository/junit/junit/4.13.1/junit-4.13.1.jar:/home/runner/.m2/repository/org/hamcrest/hamcrest-core/1.3/hamcrest-core-1.3.jar:/home/runner/.m2/repository/org/junit/jupiter/junit-jupiter-api/5.8.2/junit-jupiter-api-5.8.2.jar:/home/runner/.m2/repository/org/opentest4j/opentest4j/1.2.0/opentest4j-1.2.0.jar:/home/runner/.m2/repository/org/junit/platform/junit-platform-commons/1.8.2/junit-platform-commons-1.8.2.jar:/home/runner/.m2/repository/org/apiguardian/apiguardian-api/1.1.2/apiguardian-api-1.1.2.jar:/home/runner/.m2/repository/org/junit/jupiter/junit-jupiter-params/5.8.2/junit-jupiter-params-5.8.2.jar:/home/runner/.m2/repository/org/junit/jupiter/junit-jupiter-migrationsupport/5.8.2/junit-jupiter-migrationsupport-5.8.2.jar:/home/runner/.m2/repository/org/junit/jupiter/junit-jupiter-engine/5.8.2/junit-jupiter-engine-5.8.2.jar:/home/runner/.m2/repository/org/junit/platform/junit-platform-engine/1.8.2/junit-platform-engine-1.8.2.jar:/home/runner/.m2/repository/org/junit/vintage/junit-vintage-engine/5.8.2/junit-vintage-engine-5.8.2.jar:/home/runner/.m2/repository/org/junit/platform/junit-platform-launcher/1.8.2/junit-platform-launcher-1.8.2.jar:/home/runner/.m2/repository/org/mockito/mockito-core/2.28.2/mockito-core-2.28.2.jar:/home/runner/.m2/repository/net/bytebuddy/byte-buddy/1.9.10/byte-buddy-1.9.10.jar:/home/runner/.m2/repository/net/bytebuddy/byte-buddy-agent/1.9.10/byte-buddy-agent-1.9.10.jar:/home/runner/.m2/repository/org/objenesis/objenesis/1.0/objenesis-1.0.jar:/home/runner/.m2/repository/org/apache/hadoop/hadoop-kms/3.3.1/hadoop-kms-3.3.1.jar:/home/runner/.m2/repository/org/apache/hadoop/hadoop-auth/3.3.1/hadoop-auth-3.3.1.jar:/home/runner/.m2/repository/com/nimbusds/nimbus-jose-jwt/7.9/nimbus-jose-jwt-7.9.jar:/home/runner/.m2/repository/com/github/stephenc/jcip/jcip-annotations/1.0-1/jcip-annotations-1.0-1.jar:/home/runner/.m2/repository/net/minidev/json-smart/2.4.7/json-smart-2.4.7.jar:/home/runner/.m2/repository/net/minidev/accessors-smart/2.4.7/accessors-smart-2.4.7.jar:/home/runner/.m2/repository/org/ow2/asm/asm/5.0.4/asm-5.0.4.jar:/home/runner/.m2/repository/org/apache/zookeeper/zookeeper/3.5.6/zookeeper-3.5.6.jar:/home/runner/.m2/repository/org/apache/zookeeper/zookeeper-jute/3.5.6/zookeeper-jute-3.5.6.jar:/home/runner/.m2/repository/org/apache/yetus/audience-annotations/0.5.0/audience-annotations-0.5.0.jar:/home/runner/.m2/repository/org/apache/curator/curator-framework/4.2.0/curator-framework-4.2.0.jar:/home/runner/.m2/repository/org/apache/hadoop/thirdparty/hadoop-shaded-guava/1.1.1/hadoop-shaded-guava-1.1.1.jar:/home/runner/.m2/repository/com/sun/jersey/jersey-core/1.19/jersey-core-1.19.jar:/home/runner/.m2/repository/javax/ws/rs/jsr311-api/1.1.1/jsr311-api-1.1.1.jar:/home/runner/.m2/repository/com/sun/jersey/jersey-server/1.19/jersey-server-1.19.jar:/home/runner/.m2/repository/javax/servlet/javax.servlet-api/3.1.0/javax.servlet-api-3.1.0.jar:/home/runner/.m2/repository/org/eclipse/jetty/jetty-server/9.4.43.v20210629/jetty-server-9.4.43.v20210629.jar:/home/runner/.m2/repository/org/eclipse/jetty/jetty-http/9.4.43.v20210629/jetty-http-9.4.43.v20210629.jar:/home/runner/.m2/repository/org/eclipse/jetty/jetty-io/9.4.43.v20210629/jetty-io-9.4.43.v20210629.jar:/home/runner/.m2/repository/org/eclipse/jetty/jetty-webapp/9.4.43.v20210629/jetty-webapp-9.4.43.v20210629.jar:/home/runner/.m2/repository/org/eclipse/jetty/jetty-xml/9.4.43.v20210629/jetty-xml-9.4.43.v20210629.jar:/home/runner/.m2/repository/org/apache/hadoop/hadoop-common/3.3.1/hadoop-common-3.3.1.jar:/home/runner/.m2/repository/org/apache/commons/commons-math3/3.1.1/commons-math3-3.1.1.jar:/home/runner/.m2/repository/commons-net/commons-net/3.6/commons-net-3.6.jar:/home/runner/.m2/repository/com/sun/jersey/jersey-servlet/1.19/jersey-servlet-1.19.jar:/home/runner/.m2/repository/com/sun/jersey/jersey-json/1.19/jersey-json-1.19.jar:/home/runner/.m2/repository/org/codehaus/jettison/jettison/1.1/jettison-1.1.jar:/home/runner/.m2/repository/com/sun/xml/bind/jaxb-impl/2.2.3-1/jaxb-impl-2.2.3-1.jar:/home/runner/.m2/repository/org/codehaus/jackson/jackson-xc/1.9.2/jackson-xc-1.9.2.jar:/home/runner/.m2/repository/org/apache/commons/commons-configuration2/2.1.1/commons-configuration2-2.1.1.jar:/home/runner/.m2/repository/org/apache/commons/commons-text/1.4/commons-text-1.4.jar:/home/runner/.m2/repository/com/google/re2j/re2j/1.1/re2j-1.1.jar:/home/runner/.m2/repository/com/jcraft/jsch/0.1.54/jsch-0.1.54.jar:/home/runner/.m2/repository/org/apache/curator/curator-client/4.2.0/curator-client-4.2.0.jar:/home/runner/.m2/repository/org/apache/curator/curator-recipes/4.2.0/curator-recipes-4.2.0.jar:/home/runner/.m2/repository/org/apache/kerby/kerb-core/1.0.1/kerb-core-1.0.1.jar:/home/runner/.m2/repository/org/apache/kerby/kerby-pkix/1.0.1/kerby-pkix-1.0.1.jar:/home/runner/.m2/repository/org/apache/kerby/kerby-asn1/1.0.1/kerby-asn1-1.0.1.jar:/home/runner/.m2/repository/org/apache/kerby/kerby-util/1.0.1/kerby-util-1.0.1.jar:/home/runner/.m2/repository/dnsjava/dnsjava/2.1.7/dnsjava-2.1.7.jar:/home/runner/.m2/repository/org/xerial/snappy/snappy-java/1.1.8.2/snappy-java-1.1.8.2.jar:/home/runner/.m2/repository/org/slf4j/jul-to-slf4j/1.7.30/jul-to-slf4j-1.7.30.jar:/home/runner/.m2/repository/org/eclipse/jetty/jetty-util/9.4.43.v20210629/jetty-util-9.4.43.v20210629.jar:/home/runner/.m2/repository/com/fasterxml/jackson/core/jackson-databind/2.13.2.2/jackson-databind-2.13.2.2.jar:/home/runner/.m2/repository/org/apache/hadoop/hadoop-kms/3.3.1/hadoop-kms-3.3.1-tests.jar:/home/runner/.m2/repository/org/apache/ozone/hdds-server-scm/1.3.0-SNAPSHOT/hdds-server-scm-1.3.0-SNAPSHOT-tests.jar:/home/runner/.m2/repository/org/apache/ozone/hdds-container-service/1.3.0-SNAPSHOT/hdds-container-service-1.3.0-SNAPSHOT-tests.jar:/home/runner/.m2/repository/commons-codec/commons-codec/1.11/commons-codec-1.11.jar:/home/runner/.m2/repository/io/netty/netty-codec/4.1.79.Final/netty-codec-4.1.79.Final.jar:/home/runner/.m2/repository/io/netty/netty-handler/4.1.79.Final/netty-handler-4.1.79.Final.jar:/home/runner/.m2/repository/org/apache/ozone/hdds-hadoop-dependency-test/1.3.0-SNAPSHOT/hdds-hadoop-dependency-test-1.3.0-SNAPSHOT.jar:/home/runner/.m2/repository/org/apache/hadoop/hadoop-common/3.3.1/hadoop-common-3.3.1-tests.jar:/home/runner/.m2/repository/org/assertj/assertj-core/3.12.2/assertj-core-3.12.2.jar:/home/runner/.m2/repository/org/apache/hadoop/hadoop-hdfs/3.3.1/hadoop-hdfs-3.3.1-tests.jar:/home/runner/.m2/repository/org/eclipse/jetty/jetty-util-ajax/9.4.43.v20210629/jetty-util-ajax-9.4.43.v20210629.jar:/home/runner/.m2/repository/commons-daemon/commons-daemon/1.0.13/commons-daemon-1.0.13.jar:/home/runner/.m2/repository/io/netty/netty/3.10.6.Final/netty-3.10.6.Final.jar:/home/runner/.m2/repository/io/netty/netty-all/4.1.79.Final/netty-all-4.1.79.Final.jar:/home/runner/.m2/repository/io/netty/netty-codec-dns/4.1.79.Final/netty-codec-dns-4.1.79.Final.jar:/home/runner/.m2/repository/io/netty/netty-codec-haproxy/4.1.79.Final/netty-codec-haproxy-4.1.79.Final.jar:/home/runner/.m2/repository/io/netty/netty-codec-memcache/4.1.79.Final/netty-codec-memcache-4.1.79.Final.jar:/home/runner/.m2/repository/io/netty/netty-codec-mqtt/4.1.79.Final/netty-codec-mqtt-4.1.79.Final.jar:/home/runner/.m2/repository/io/netty/netty-codec-redis/4.1.79.Final/netty-codec-redis-4.1.79.Final.jar:/home/runner/.m2/repository/io/netty/netty-codec-smtp/4.1.79.Final/netty-codec-smtp-4.1.79.Final.jar:/home/runner/.m2/repository/io/netty/netty-codec-stomp/4.1.79.Final/netty-codec-stomp-4.1.79.Final.jar:/home/runner/.m2/repository/io/netty/netty-codec-xml/4.1.79.Final/netty-codec-xml-4.1.79.Final.jar:/home/runner/.m2/repository/io/netty/netty-resolver-dns/4.1.79.Final/netty-resolver-dns-4.1.79.Final.jar:/home/runner/.m2/repository/io/netty/netty-transport-rxtx/4.1.79.Final/netty-transport-rxtx-4.1.79.Final.jar:/home/runner/.m2/repository/io/netty/netty-transport-sctp/4.1.79.Final/netty-transport-sctp-4.1.79.Final.jar:/home/runner/.m2/repository/io/netty/netty-transport-udt/4.1.79.Final/netty-transport-udt-4.1.79.Final.jar:/home/runner/.m2/repository/io/netty/netty-transport-classes-kqueue/4.1.79.Final/netty-transport-classes-kqueue-4.1.79.Final.jar:/home/runner/.m2/repository/io/netty/netty-resolver-dns-classes-macos/4.1.79.Final/netty-resolver-dns-classes-macos-4.1.79.Final.jar:/home/runner/.m2/repository/io/netty/netty-transport-native-epoll/4.1.79.Final/netty-transport-native-epoll-4.1.79.Final-linux-aarch_64.jar:/home/runner/.m2/repository/io/netty/netty-transport-native-kqueue/4.1.79.Final/netty-transport-native-kqueue-4.1.79.Final-osx-x86_64.jar:/home/runner/.m2/repository/io/netty/netty-transport-native-kqueue/4.1.79.Final/netty-transport-native-kqueue-4.1.79.Final-osx-aarch_64.jar:/home/runner/.m2/repository/io/netty/netty-resolver-dns-native-macos/4.1.79.Final/netty-resolver-dns-native-macos-4.1.79.Final-osx-x86_64.jar:/home/runner/.m2/repository/io/netty/netty-resolver-dns-native-macos/4.1.79.Final/netty-resolver-dns-native-macos-4.1.79.Final-osx-aarch_64.jar:/home/runner/.m2/repository/org/apache/htrace/htrace-core4/4.1.0-incubating/htrace-core4-4.1.0-incubating.jar:/home/runner/.m2/repository/org/fusesource/leveldbjni/leveldbjni-all/1.8/leveldbjni-all-1.8.jar:/home/runner/.m2/repository/org/apache/hadoop/hadoop-distcp/3.3.1/hadoop-distcp-3.3.1.jar:/home/runner/.m2/repository/org/apache/hadoop/hadoop-mapreduce-client-jobclient/3.3.1/hadoop-mapreduce-client-jobclient-3.3.1.jar:/home/runner/.m2/repository/org/apache/hadoop/hadoop-mapreduce-client-common/3.3.1/hadoop-mapreduce-client-common-3.3.1.jar:/home/runner/.m2/repository/org/apache/hadoop/hadoop-yarn-common/3.3.1/hadoop-yarn-common-3.3.1.jar:/home/runner/.m2/repository/org/apache/hadoop/hadoop-yarn-api/3.3.1/hadoop-yarn-api-3.3.1.jar:/home/runner/.m2/repository/com/sun/jersey/contribs/jersey-guice/1.19/jersey-guice-1.19.jar:/home/runner/.m2/repository/com/fasterxml/jackson/jaxrs/jackson-jaxrs-json-provider/2.13.2/jackson-jaxrs-json-provider-2.13.2.jar:/home/runner/.m2/repository/com/fasterxml/jackson/jaxrs/jackson-jaxrs-base/2.13.2/jackson-jaxrs-base-2.13.2.jar:/home/runner/.m2/repository/org/apache/hadoop/hadoop-yarn-client/3.3.1/hadoop-yarn-client-3.3.1.jar:/home/runner/.m2/repository/org/eclipse/jetty/websocket/websocket-client/9.4.40.v20210413/websocket-client-9.4.40.v20210413.jar:/home/runner/.m2/repository/org/eclipse/jetty/websocket/websocket-common/9.4.40.v20210413/websocket-common-9.4.40.v20210413.jar:/home/runner/.m2/repository/org/eclipse/jetty/websocket/websocket-api/9.4.40.v20210413/websocket-api-9.4.40.v20210413.jar:/home/runner/.m2/repository/org/jline/jline/3.9.0/jline-3.9.0.jar:/home/runner/.m2/repository/org/apache/hadoop/hadoop-mapreduce-client-core/3.3.1/hadoop-mapreduce-client-core-3.3.1.jar:/home/runner/.m2/repository/org/apache/avro/avro/1.7.7/avro-1.7.7.jar:/home/runner/.m2/repository/org/codehaus/jackson/jackson-core-asl/1.9.13/jackson-core-asl-1.9.13.jar:/home/runner/.m2/repository/org/codehaus/jackson/jackson-mapper-asl/1.9.13/jackson-mapper-asl-1.9.13.jar:/home/runner/.m2/repository/com/thoughtworks/paranamer/paranamer/2.3/paranamer-2.3.jar:/home/runner/.m2/repository/org/apache/hadoop/hadoop-annotations/3.3.1/hadoop-annotations-3.3.1.jar:/opt/hostedtoolcache/jdk/8.0.345/x64/jre/../lib/tools.jar:/home/runner/.m2/repository/org/apache/hadoop/hadoop-distcp/3.3.1/hadoop-distcp-3.3.1-tests.jar:/home/runner/.m2/repository/org/apache/ratis/ratis-common/2.3.0/ratis-common-2.3.0.jar:/home/runner/.m2/repository/org/apache/ratis/ratis-thirdparty-misc/1.0.0/ratis-thirdparty-misc-1.0.0.jar:/home/runner/.m2/repository/org/apache/ratis/ratis-proto/2.3.0/ratis-proto-2.3.0.jar:/home/runner/.m2/repository/org/apache/ozone/ozone-annotation-processing/1.3.0-SNAPSHOT/ozone-annotation-processing-1.3.0-SNAPSHOT.jar:"/>
    <property name="java.vm.vendor" value="Azul Systems, Inc."/>
    <property name="sun.arch.data.model" value="64"/>
    <property name="test.build.dir" value="/home/runner/work/ozone/ozone/hadoop-ozone/integration-test/target/test-dir"/>
    <property name="test.cache.data" value=""/>
    <property name="java.vendor.url" value="http://www.azul.com/"/>
    <property name="user.timezone" value="Etc/UTC"/>
    <property name="os.name" value="Linux"/>
    <property name="java.vm.specification.version" value="1.8"/>
    <property name="test.build.data" value="/home/runner/work/ozone/ozone/hadoop-ozone/integration-test/target/test-dir"/>
    <property name="sun.java.launcher" value="SUN_STANDARD"/>
    <property name="sun.boot.library.path" value="/opt/hostedtoolcache/jdk/8.0.345/x64/jre/lib/amd64"/>
    <property name="sun.java.command" value="/home/runner/work/ozone/ozone/hadoop-ozone/integration-test/target/surefire/surefirebooter1414096108221717534.jar /home/runner/work/ozone/ozone/hadoop-ozone/integration-test/target/surefire 2022-08-23T13-08-34_508-jvmRun1 surefire9057513358217015071tmp surefire_28270529092421273932tmp"/>
    <property name="surefire.test.class.path" value="/home/runner/work/ozone/ozone/hadoop-ozone/integration-test/target/test-classes:/home/runner/work/ozone/ozone/hadoop-ozone/integration-test/target/classes:/home/runner/.m2/repository/org/apache/ozone/ozone-common/1.3.0-SNAPSHOT/ozone-common-1.3.0-SNAPSHOT.jar:/home/runner/.m2/repository/io/grpc/grpc-netty/1.48.1/grpc-netty-1.48.1.jar:/home/runner/.m2/repository/io/grpc/grpc-core/1.48.1/grpc-core-1.48.1.jar:/home/runner/.m2/repository/com/google/android/annotations/4.1.1.4/annotations-4.1.1.4.jar:/home/runner/.m2/repository/org/codehaus/mojo/animal-sniffer-annotations/1.21/animal-sniffer-annotations-1.21.jar:/home/runner/.m2/repository/com/google/errorprone/error_prone_annotations/2.2.0/error_prone_annotations-2.2.0.jar:/home/runner/.m2/repository/io/perfmark/perfmark-api/0.25.0/perfmark-api-0.25.0.jar:/home/runner/.m2/repository/io/netty/netty-codec-http2/4.1.79.Final/netty-codec-http2-4.1.79.Final.jar:/home/runner/.m2/repository/io/netty/netty-common/4.1.79.Final/netty-common-4.1.79.Final.jar:/home/runner/.m2/repository/io/netty/netty-buffer/4.1.79.Final/netty-buffer-4.1.79.Final.jar:/home/runner/.m2/repository/io/netty/netty-codec-http/4.1.79.Final/netty-codec-http-4.1.79.Final.jar:/home/runner/.m2/repository/io/netty/netty-handler-proxy/4.1.79.Final/netty-handler-proxy-4.1.79.Final.jar:/home/runner/.m2/repository/io/netty/netty-codec-socks/4.1.79.Final/netty-codec-socks-4.1.79.Final.jar:/home/runner/.m2/repository/io/netty/netty-tcnative-boringssl-static/2.0.53.Final/netty-tcnative-boringssl-static-2.0.53.Final.jar:/home/runner/.m2/repository/io/netty/netty-tcnative-classes/2.0.53.Final/netty-tcnative-classes-2.0.53.Final.jar:/home/runner/.m2/repository/io/netty/netty-tcnative-boringssl-static/2.0.53.Final/netty-tcnative-boringssl-static-2.0.53.Final-linux-x86_64.jar:/home/runner/.m2/repository/io/netty/netty-tcnative-boringssl-static/2.0.53.Final/netty-tcnative-boringssl-static-2.0.53.Final-linux-aarch_64.jar:/home/runner/.m2/repository/io/netty/netty-tcnative-boringssl-static/2.0.53.Final/netty-tcnative-boringssl-static-2.0.53.Final-osx-x86_64.jar:/home/runner/.m2/repository/io/netty/netty-tcnative-boringssl-static/2.0.53.Final/netty-tcnative-boringssl-static-2.0.53.Final-osx-aarch_64.jar:/home/runner/.m2/repository/io/netty/netty-tcnative-boringssl-static/2.0.53.Final/netty-tcnative-boringssl-static-2.0.53.Final-windows-x86_64.jar:/home/runner/.m2/repository/org/apache/commons/commons-compress/1.21/commons-compress-1.21.jar:/home/runner/.m2/repository/org/apache/ozone/hdds-common/1.3.0-SNAPSHOT/hdds-common-1.3.0-SNAPSHOT.jar:/home/runner/.m2/repository/org/apache/ozone/hdds-client/1.3.0-SNAPSHOT/hdds-client-1.3.0-SNAPSHOT.jar:/home/runner/.m2/repository/org/apache/ozone/ozone-interface-client/1.3.0-SNAPSHOT/ozone-interface-client-1.3.0-SNAPSHOT.jar:/home/runner/.m2/repository/org/apache/ozone/hdds-test-utils/1.3.0-SNAPSHOT/hdds-test-utils-1.3.0-SNAPSHOT.jar:/home/runner/.m2/repository/com/google/guava/guava/31.1-jre/guava-31.1-jre.jar:/home/runner/.m2/repository/com/google/guava/failureaccess/1.0.1/failureaccess-1.0.1.jar:/home/runner/.m2/repository/com/google/guava/listenablefuture/9999.0-empty-to-avoid-conflict-with-guava/listenablefuture-9999.0-empty-to-avoid-conflict-with-guava.jar:/home/runner/.m2/repository/com/google/code/findbugs/jsr305/3.0.0/jsr305-3.0.0.jar:/home/runner/.m2/repository/org/checkerframework/checker-qual/3.12.0/checker-qual-3.12.0.jar:/home/runner/.m2/repository/com/google/j2objc/j2objc-annotations/1.3/j2objc-annotations-1.3.jar:/home/runner/.m2/repository/commons-io/commons-io/2.11.0/commons-io-2.11.0.jar:/home/runner/.m2/repository/commons-logging/commons-logging/1.2/commons-logging-1.2.jar:/home/runner/.m2/repository/log4j/log4j/1.2.17/log4j-1.2.17.jar:/home/runner/.m2/repository/org/slf4j/slf4j-api/1.7.30/slf4j-api-1.7.30.jar:/home/runner/.m2/repository/org/apache/ozone/hdds-server-scm/1.3.0-SNAPSHOT/hdds-server-scm-1.3.0-SNAPSHOT.jar:/home/runner/.m2/repository/org/apache/ozone/hdds-container-service/1.3.0-SNAPSHOT/hdds-container-service-1.3.0-SNAPSHOT.jar:/home/runner/.m2/repository/org/apache/ozone/hdds-hadoop-dependency-server/1.3.0-SNAPSHOT/hdds-hadoop-dependency-server-1.3.0-SNAPSHOT.jar:/home/runner/.m2/repository/org/apache/hadoop/hadoop-hdfs/3.3.1/hadoop-hdfs-3.3.1.jar:/home/runner/.m2/repository/org/apache/ozone/hdds-server-framework/1.3.0-SNAPSHOT/hdds-server-framework-1.3.0-SNAPSHOT.jar:/home/runner/.m2/repository/org/apache/ozone/hdds-interface-server/1.3.0-SNAPSHOT/hdds-interface-server-1.3.0-SNAPSHOT.jar:/home/runner/.m2/repository/org/apache/logging/log4j/log4j-core/2.17.1/log4j-core-2.17.1.jar:/home/runner/.m2/repository/com/lmax/disruptor/3.4.2/disruptor-3.4.2.jar:/home/runner/.m2/repository/org/eclipse/jetty/jetty-servlet/9.4.43.v20210629/jetty-servlet-9.4.43.v20210629.jar:/home/runner/.m2/repository/org/eclipse/jetty/jetty-security/9.4.43.v20210629/jetty-security-9.4.43.v20210629.jar:/home/runner/.m2/repository/org/rocksdb/rocksdbjni/6.29.5/rocksdbjni-6.29.5.jar:/home/runner/.m2/repository/io/prometheus/simpleclient_dropwizard/0.7.0/simpleclient_dropwizard-0.7.0.jar:/home/runner/.m2/repository/io/prometheus/simpleclient/0.7.0/simpleclient-0.7.0.jar:/home/runner/.m2/repository/io/prometheus/simpleclient_common/0.7.0/simpleclient_common-0.7.0.jar:/home/runner/.m2/repository/io/dropwizard/metrics/metrics-core/3.2.4/metrics-core-3.2.4.jar:/home/runner/.m2/repository/org/apache/hadoop/hadoop-hdfs-client/3.3.1/hadoop-hdfs-client-3.3.1.jar:/home/runner/.m2/repository/org/bouncycastle/bcprov-jdk15on/1.67/bcprov-jdk15on-1.67.jar:/home/runner/.m2/repository/com/google/protobuf/protobuf-java/2.5.0/protobuf-java-2.5.0.jar:/home/runner/.m2/repository/org/apache/ozone/ozone-manager/1.3.0-SNAPSHOT/ozone-manager-1.3.0-SNAPSHOT.jar:/home/runner/.m2/repository/org/aspectj/aspectjrt/1.9.7/aspectjrt-1.9.7.jar:/home/runner/.m2/repository/org/aspectj/aspectjweaver/1.9.7/aspectjweaver-1.9.7.jar:/home/runner/.m2/repository/org/apache/ozone/hdds-interface-client/1.3.0-SNAPSHOT/hdds-interface-client-1.3.0-SNAPSHOT.jar:/home/runner/.m2/repository/org/apache/hadoop/thirdparty/hadoop-shaded-protobuf_3_7/1.1.1/hadoop-shaded-protobuf_3_7-1.1.1.jar:/home/runner/.m2/repository/org/apache/ozone/ozone-interface-storage/1.3.0-SNAPSHOT/ozone-interface-storage-1.3.0-SNAPSHOT.jar:/home/runner/.m2/repository/org/reflections/reflections/0.9.11/reflections-0.9.11.jar:/home/runner/.m2/repository/com/sun/jersey/jersey-client/1.19/jersey-client-1.19.jar:/home/runner/.m2/repository/org/apache/ranger/ranger-intg/2.3.0/ranger-intg-2.3.0.jar:/home/runner/.m2/repository/org/apache/ranger/ranger-plugins-common/2.3.0/ranger-plugins-common-2.3.0.jar:/home/runner/.m2/repository/commons-lang/commons-lang/2.6/commons-lang-2.6.jar:/home/runner/.m2/repository/org/codehaus/jackson/jackson-jaxrs/1.9.13/jackson-jaxrs-1.9.13.jar:/home/runner/.m2/repository/org/apache/ranger/ranger-plugins-cred/2.3.0/ranger-plugins-cred-2.3.0.jar:/home/runner/.m2/repository/org/apache/ranger/ranger-plugins-audit/2.3.0/ranger-plugins-audit-2.3.0.jar:/home/runner/.m2/repository/org/eclipse/jetty/jetty-client/9.4.31.v20200723/jetty-client-9.4.31.v20200723.jar:/home/runner/.m2/repository/org/apache/httpcomponents/httpmime/4.5.6/httpmime-4.5.6.jar:/home/runner/.m2/repository/org/apache/httpcomponents/httpcore-nio/4.4.6/httpcore-nio-4.4.6.jar:/home/runner/.m2/repository/org/apache/httpcomponents/httpasyncclient/4.1.3/httpasyncclient-4.1.3.jar:/home/runner/.m2/repository/com/carrotsearch/hppc/0.8.0/hppc-0.8.0.jar:/home/runner/.m2/repository/org/apache/orc/orc-core/1.5.8/orc-core-1.5.8.jar:/home/runner/.m2/repository/net/java/dev/jna/jna/5.2.0/jna-5.2.0.jar:/home/runner/.m2/repository/net/java/dev/jna/jna-platform/5.2.0/jna-platform-5.2.0.jar:/home/runner/.m2/repository/com/kstruct/gethostname4j/0.0.2/gethostname4j-0.0.2.jar:/home/runner/.m2/repository/org/apache/ranger/ranger-plugin-classloader/2.3.0/ranger-plugin-classloader-2.3.0.jar:/home/runner/.m2/repository/org/apache/hadoop/hadoop-minikdc/3.3.1/hadoop-minikdc-3.3.1.jar:/home/runner/.m2/repository/org/apache/kerby/kerb-simplekdc/1.0.1/kerb-simplekdc-1.0.1.jar:/home/runner/.m2/repository/org/apache/kerby/kerb-client/1.0.1/kerb-client-1.0.1.jar:/home/runner/.m2/repository/org/apache/kerby/kerby-config/1.0.1/kerby-config-1.0.1.jar:/home/runner/.m2/repository/org/apache/kerby/kerb-common/1.0.1/kerb-common-1.0.1.jar:/home/runner/.m2/repository/org/apache/kerby/kerb-crypto/1.0.1/kerb-crypto-1.0.1.jar:/home/runner/.m2/repository/org/apache/kerby/kerb-util/1.0.1/kerb-util-1.0.1.jar:/home/runner/.m2/repository/org/apache/kerby/token-provider/1.0.1/token-provider-1.0.1.jar:/home/runner/.m2/repository/org/apache/kerby/kerb-admin/1.0.1/kerb-admin-1.0.1.jar:/home/runner/.m2/repository/org/apache/kerby/kerb-server/1.0.1/kerb-server-1.0.1.jar:/home/runner/.m2/repository/org/apache/kerby/kerb-identity/1.0.1/kerb-identity-1.0.1.jar:/home/runner/.m2/repository/org/apache/kerby/kerby-xdr/1.0.1/kerby-xdr-1.0.1.jar:/home/runner/.m2/repository/org/slf4j/slf4j-log4j12/1.7.30/slf4j-log4j12-1.7.30.jar:/home/runner/.m2/repository/org/apache/ozone/ozone-s3gateway/1.3.0-SNAPSHOT/ozone-s3gateway-1.3.0-SNAPSHOT.jar:/home/runner/.m2/repository/org/javassist/javassist/3.21.0-GA/javassist-3.21.0-GA.jar:/home/runner/.m2/repository/org/jboss/weld/servlet/weld-servlet/2.4.7.Final/weld-servlet-2.4.7.Final.jar:/home/runner/.m2/repository/org/glassfish/jersey/containers/jersey-container-servlet-core/2.33/jersey-container-servlet-core-2.33.jar:/home/runner/.m2/repository/org/glassfish/hk2/external/jakarta.inject/2.6.1/jakarta.inject-2.6.1.jar:/home/runner/.m2/repository/org/glassfish/jersey/core/jersey-common/2.33/jersey-common-2.33.jar:/home/runner/.m2/repository/jakarta/ws/rs/jakarta.ws.rs-api/2.1.6/jakarta.ws.rs-api-2.1.6.jar:/home/runner/.m2/repository/org/glassfish/jersey/ext/cdi/jersey-cdi1x/2.33/jersey-cdi1x-2.33.jar:/home/runner/.m2/repository/org/glassfish/jersey/inject/jersey-hk2/2.33/jersey-hk2-2.33.jar:/home/runner/.m2/repository/org/glassfish/hk2/hk2-locator/2.6.1/hk2-locator-2.6.1.jar:/home/runner/.m2/repository/org/glassfish/jersey/media/jersey-media-jaxb/2.33/jersey-media-jaxb-2.33.jar:/home/runner/.m2/repository/org/glassfish/hk2/osgi-resource-locator/1.0.3/osgi-resource-locator-1.0.3.jar:/home/runner/.m2/repository/org/glassfish/hk2/hk2-api/2.5.0/hk2-api-2.5.0.jar:/home/runner/.m2/repository/org/glassfish/hk2/hk2-utils/2.5.0/hk2-utils-2.5.0.jar:/home/runner/.m2/repository/org/glassfish/hk2/external/aopalliance-repackaged/2.5.0/aopalliance-repackaged-2.5.0.jar:/home/runner/.m2/repository/com/fasterxml/jackson/dataformat/jackson-dataformat-xml/2.13.2/jackson-dataformat-xml-2.13.2.jar:/home/runner/.m2/repository/com/fasterxml/jackson/core/jackson-core/2.13.2/jackson-core-2.13.2.jar:/home/runner/.m2/repository/org/codehaus/woodstox/stax2-api/3.1.4/stax2-api-3.1.4.jar:/home/runner/.m2/repository/com/fasterxml/woodstox/woodstox-core/5.0.3/woodstox-core-5.0.3.jar:/home/runner/.m2/repository/com/fasterxml/jackson/module/jackson-module-jaxb-annotations/2.13.2/jackson-module-jaxb-annotations-2.13.2.jar:/home/runner/.m2/repository/jakarta/xml/bind/jakarta.xml.bind-api/2.3.3/jakarta.xml.bind-api-2.3.3.jar:/home/runner/.m2/repository/jakarta/activation/jakarta.activation-api/1.2.1/jakarta.activation-api-1.2.1.jar:/home/runner/.m2/repository/javax/enterprise/cdi-api/1.2/cdi-api-1.2.jar:/home/runner/.m2/repository/javax/el/javax.el-api/3.0.0/javax.el-api-3.0.0.jar:/home/runner/.m2/repository/javax/interceptor/javax.interceptor-api/1.2/javax.interceptor-api-1.2.jar:/home/runner/.m2/repository/javax/inject/javax.inject/1/javax.inject-1.jar:/home/runner/.m2/repository/javax/xml/bind/jaxb-api/2.3.0/jaxb-api-2.3.0.jar:/home/runner/.m2/repository/org/glassfish/jaxb/jaxb-runtime/2.3.0.1/jaxb-runtime-2.3.0.1.jar:/home/runner/.m2/repository/org/glassfish/jaxb/jaxb-core/2.3.0.1/jaxb-core-2.3.0.1.jar:/home/runner/.m2/repository/org/glassfish/jaxb/txw2/2.3.0.1/txw2-2.3.0.1.jar:/home/runner/.m2/repository/com/sun/istack/istack-commons-runtime/3.0.5/istack-commons-runtime-3.0.5.jar:/home/runner/.m2/repository/org/jvnet/staxex/stax-ex/1.7.8/stax-ex-1.7.8.jar:/home/runner/.m2/repository/com/sun/xml/fastinfoset/FastInfoset/1.2.13/FastInfoset-1.2.13.jar:/home/runner/.m2/repository/javax/activation/activation/1.1.1/activation-1.1.1.jar:/home/runner/.m2/repository/io/grpc/grpc-protobuf/1.48.1/grpc-protobuf-1.48.1.jar:/home/runner/.m2/repository/io/grpc/grpc-api/1.48.1/grpc-api-1.48.1.jar:/home/runner/.m2/repository/io/grpc/grpc-context/1.48.1/grpc-context-1.48.1.jar:/home/runner/.m2/repository/com/google/api/grpc/proto-google-common-protos/2.9.0/proto-google-common-protos-2.9.0.jar:/home/runner/.m2/repository/io/grpc/grpc-protobuf-lite/1.48.1/grpc-protobuf-lite-1.48.1.jar:/home/runner/.m2/repository/io/grpc/grpc-stub/1.48.1/grpc-stub-1.48.1.jar:/home/runner/.m2/repository/io/netty/netty-transport/4.1.79.Final/netty-transport-4.1.79.Final.jar:/home/runner/.m2/repository/io/netty/netty-resolver/4.1.79.Final/netty-resolver-4.1.79.Final.jar:/home/runner/.m2/repository/org/apache/ozone/ozone-csi/1.3.0-SNAPSHOT/ozone-csi-1.3.0-SNAPSHOT.jar:/home/runner/.m2/repository/com/google/protobuf/protobuf-java-util/3.19.2/protobuf-java-util-3.19.2.jar:/home/runner/.m2/repository/com/google/code/gson/gson/2.9.0/gson-2.9.0.jar:/home/runner/.m2/repository/org/apache/ozone/hdds-config/1.3.0-SNAPSHOT/hdds-config-1.3.0-SNAPSHOT.jar:/home/runner/.m2/repository/io/netty/netty-transport-native-epoll/4.1.79.Final/netty-transport-native-epoll-4.1.79.Final-linux-x86_64.jar:/home/runner/.m2/repository/io/netty/netty-transport-classes-epoll/4.1.79.Final/netty-transport-classes-epoll-4.1.79.Final.jar:/home/runner/.m2/repository/io/netty/netty-transport-native-unix-common/4.1.79.Final/netty-transport-native-unix-common-4.1.79.Final.jar:/home/runner/.m2/repository/org/apache/ozone/ozone-recon/1.3.0-SNAPSHOT/ozone-recon-1.3.0-SNAPSHOT.jar:/home/runner/.m2/repository/org/apache/ozone/ozone-reconcodegen/1.3.0-SNAPSHOT/ozone-reconcodegen-1.3.0-SNAPSHOT.jar:/home/runner/.m2/repository/com/google/inject/extensions/guice-multibindings/4.0/guice-multibindings-4.0.jar:/home/runner/.m2/repository/com/google/inject/guice/4.0/guice-4.0.jar:/home/runner/.m2/repository/aopalliance/aopalliance/1.0/aopalliance-1.0.jar:/home/runner/.m2/repository/com/google/inject/extensions/guice-assistedinject/4.0/guice-assistedinject-4.0.jar:/home/runner/.m2/repository/com/google/inject/extensions/guice-servlet/4.0/guice-servlet-4.0.jar:/home/runner/.m2/repository/org/glassfish/jersey/containers/jersey-container-servlet/2.33/jersey-container-servlet-2.33.jar:/home/runner/.m2/repository/org/glassfish/hk2/guice-bridge/2.5.0/guice-bridge-2.5.0.jar:/home/runner/.m2/repository/org/glassfish/jersey/core/jersey-server/2.33/jersey-server-2.33.jar:/home/runner/.m2/repository/org/glassfish/jersey/core/jersey-client/2.33/jersey-client-2.33.jar:/home/runner/.m2/repository/jakarta/annotation/jakarta.annotation-api/1.3.5/jakarta.annotation-api-1.3.5.jar:/home/runner/.m2/repository/jakarta/validation/jakarta.validation-api/2.0.2/jakarta.validation-api-2.0.2.jar:/home/runner/.m2/repository/org/glassfish/jersey/media/jersey-media-json-jackson/2.33/jersey-media-json-jackson-2.33.jar:/home/runner/.m2/repository/org/glassfish/jersey/ext/jersey-entity-filtering/2.33/jersey-entity-filtering-2.33.jar:/home/runner/.m2/repository/org/jooq/jooq/3.11.10/jooq-3.11.10.jar:/home/runner/.m2/repository/org/jooq/jooq-meta/3.11.10/jooq-meta-3.11.10.jar:/home/runner/.m2/repository/org/jooq/jooq-codegen/3.11.10/jooq-codegen-3.11.10.jar:/home/runner/.m2/repository/com/jolbox/bonecp/0.8.0.RELEASE/bonecp-0.8.0.RELEASE.jar:/home/runner/.m2/repository/org/apache/derby/derby/10.14.2.0/derby-10.14.2.0.jar:/home/runner/.m2/repository/org/xerial/sqlite-jdbc/3.25.2/sqlite-jdbc-3.25.2.jar:/home/runner/.m2/repository/org/springframework/spring-jdbc/5.2.20.RELEASE/spring-jdbc-5.2.20.RELEASE.jar:/home/runner/.m2/repository/org/springframework/spring-beans/5.2.20.RELEASE/spring-beans-5.2.20.RELEASE.jar:/home/runner/.m2/repository/org/springframework/spring-core/5.2.20.RELEASE/spring-core-5.2.20.RELEASE.jar:/home/runner/.m2/repository/org/springframework/spring-jcl/5.2.20.RELEASE/spring-jcl-5.2.20.RELEASE.jar:/home/runner/.m2/repository/org/springframework/spring-tx/5.2.20.RELEASE/spring-tx-5.2.20.RELEASE.jar:/home/runner/.m2/repository/org/apache/ozone/ozone-client/1.3.0-SNAPSHOT/ozone-client-1.3.0-SNAPSHOT.jar:/home/runner/.m2/repository/org/apache/ozone/hdds-erasurecode/1.3.0-SNAPSHOT/hdds-erasurecode-1.3.0-SNAPSHOT.jar:/home/runner/.m2/repository/com/github/spotbugs/spotbugs-annotations/3.1.12/spotbugs-annotations-3.1.12.jar:/home/runner/.m2/repository/org/apache/ozone/ozone-filesystem/1.3.0-SNAPSHOT/ozone-filesystem-1.3.0-SNAPSHOT.jar:/home/runner/.m2/repository/org/apache/ozone/ozone-filesystem-common/1.3.0-SNAPSHOT/ozone-filesystem-common-1.3.0-SNAPSHOT.jar:/home/runner/.m2/repository/org/apache/ozone/ozone-tools/1.3.0-SNAPSHOT/ozone-tools-1.3.0-SNAPSHOT.jar:/home/runner/.m2/repository/org/apache/ratis/ratis-tools/2.3.0/ratis-tools-2.3.0.jar:/home/runner/.m2/repository/com/amazonaws/aws-java-sdk-core/1.12.261/aws-java-sdk-core-1.12.261.jar:/home/runner/.m2/repository/org/apache/httpcomponents/httpclient/4.5.13/httpclient-4.5.13.jar:/home/runner/.m2/repository/org/apache/httpcomponents/httpcore/4.4.13/httpcore-4.4.13.jar:/home/runner/.m2/repository/software/amazon/ion/ion-java/1.0.2/ion-java-1.0.2.jar:/home/runner/.m2/repository/com/fasterxml/jackson/dataformat/jackson-dataformat-cbor/2.13.2/jackson-dataformat-cbor-2.13.2.jar:/home/runner/.m2/repository/joda-time/joda-time/2.8.1/joda-time-2.8.1.jar:/home/runner/.m2/repository/com/amazonaws/aws-java-sdk-s3/1.12.261/aws-java-sdk-s3-1.12.261.jar:/home/runner/.m2/repository/com/amazonaws/aws-java-sdk-kms/1.12.261/aws-java-sdk-kms-1.12.261.jar:/home/runner/.m2/repository/com/amazonaws/jmespath-java/1.12.261/jmespath-java-1.12.261.jar:/home/runner/.m2/repository/org/kohsuke/metainf-services/metainf-services/1.8/metainf-services-1.8.jar:/home/runner/.m2/repository/org/apache/ozone/hdds-tools/1.3.0-SNAPSHOT/hdds-tools-1.3.0-SNAPSHOT.jar:/home/runner/.m2/repository/commons-cli/commons-cli/1.2/commons-cli-1.2.jar:/home/runner/.m2/repository/org/apache/commons/commons-lang3/3.7/commons-lang3-3.7.jar:/home/runner/.m2/repository/org/apache/ozone/ozone-manager/1.3.0-SNAPSHOT/ozone-manager-1.3.0-SNAPSHOT-tests.jar:/home/runner/.m2/repository/org/apache/ozone/hdds-common/1.3.0-SNAPSHOT/hdds-common-1.3.0-SNAPSHOT-tests.jar:/home/runner/.m2/repository/org/apache/ozone/hdds-hadoop-dependency-client/1.3.0-SNAPSHOT/hdds-hadoop-dependency-client-1.3.0-SNAPSHOT.jar:/home/runner/.m2/repository/info/picocli/picocli/4.6.1/picocli-4.6.1.jar:/home/runner/.m2/repository/com/fasterxml/jackson/core/jackson-annotations/2.13.2/jackson-annotations-2.13.2.jar:/home/runner/.m2/repository/com/fasterxml/jackson/datatype/jackson-datatype-jsr310/2.13.2/jackson-datatype-jsr310-2.13.2.jar:/home/runner/.m2/repository/javax/annotation/javax.annotation-api/1.2/javax.annotation-api-1.2.jar:/home/runner/.m2/repository/org/apache/ratis/ratis-server/2.3.0/ratis-server-2.3.0.jar:/home/runner/.m2/repository/org/apache/ratis/ratis-client/2.3.0/ratis-client-2.3.0.jar:/home/runner/.m2/repository/org/apache/ratis/ratis-server-api/2.3.0/ratis-server-api-2.3.0.jar:/home/runner/.m2/repository/org/apache/ratis/ratis-metrics/2.3.0/ratis-metrics-2.3.0.jar:/home/runner/.m2/repository/org/apache/ratis/ratis-netty/2.3.0/ratis-netty-2.3.0.jar:/home/runner/.m2/repository/org/apache/ratis/ratis-grpc/2.3.0/ratis-grpc-2.3.0.jar:/home/runner/.m2/repository/org/apache/logging/log4j/log4j-api/2.17.1/log4j-api-2.17.1.jar:/home/runner/.m2/repository/org/apache/commons/commons-pool2/2.6.0/commons-pool2-2.6.0.jar:/home/runner/.m2/repository/org/bouncycastle/bcpkix-jdk15on/1.67/bcpkix-jdk15on-1.67.jar:/home/runner/.m2/repository/commons-validator/commons-validator/1.6/commons-validator-1.6.jar:/home/runner/.m2/repository/commons-beanutils/commons-beanutils/1.9.4/commons-beanutils-1.9.4.jar:/home/runner/.m2/repository/commons-digester/commons-digester/1.8.1/commons-digester-1.8.1.jar:/home/runner/.m2/repository/commons-collections/commons-collections/3.2.2/commons-collections-3.2.2.jar:/home/runner/.m2/repository/io/jaegertracing/jaeger-client/1.6.0/jaeger-client-1.6.0.jar:/home/runner/.m2/repository/io/jaegertracing/jaeger-thrift/1.6.0/jaeger-thrift-1.6.0.jar:/home/runner/.m2/repository/org/apache/thrift/libthrift/0.14.1/libthrift-0.14.1.jar:/home/runner/.m2/repository/com/squareup/okhttp3/okhttp/4.9.0/okhttp-4.9.0.jar:/home/runner/.m2/repository/com/squareup/okio/okio/2.8.0/okio-2.8.0.jar:/home/runner/.m2/repository/io/jaegertracing/jaeger-core/1.6.0/jaeger-core-1.6.0.jar:/home/runner/.m2/repository/io/jaegertracing/jaeger-tracerresolver/1.6.0/jaeger-tracerresolver-1.6.0.jar:/home/runner/.m2/repository/io/opentracing/contrib/opentracing-tracerresolver/0.1.8/opentracing-tracerresolver-0.1.8.jar:/home/runner/.m2/repository/org/jetbrains/kotlin/kotlin-stdlib/1.6.21/kotlin-stdlib-1.6.21.jar:/home/runner/.m2/repository/org/jetbrains/kotlin/kotlin-stdlib-common/1.6.21/kotlin-stdlib-common-1.6.21.jar:/home/runner/.m2/repository/org/jetbrains/annotations/13.0/annotations-13.0.jar:/home/runner/.m2/repository/io/opentracing/opentracing-util/0.33.0/opentracing-util-0.33.0.jar:/home/runner/.m2/repository/io/opentracing/opentracing-api/0.33.0/opentracing-api-0.33.0.jar:/home/runner/.m2/repository/io/opentracing/opentracing-noop/0.33.0/opentracing-noop-0.33.0.jar:/home/runner/.m2/repository/org/yaml/snakeyaml/1.26/snakeyaml-1.26.jar:/home/runner/.m2/repository/org/apache/ozone/hdds-interface-admin/1.3.0-SNAPSHOT/hdds-interface-admin-1.3.0-SNAPSHOT.jar:/home/runner/.m2/repository/junit/junit/4.13.1/junit-4.13.1.jar:/home/runner/.m2/repository/org/hamcrest/hamcrest-core/1.3/hamcrest-core-1.3.jar:/home/runner/.m2/repository/org/junit/jupiter/junit-jupiter-api/5.8.2/junit-jupiter-api-5.8.2.jar:/home/runner/.m2/repository/org/opentest4j/opentest4j/1.2.0/opentest4j-1.2.0.jar:/home/runner/.m2/repository/org/junit/platform/junit-platform-commons/1.8.2/junit-platform-commons-1.8.2.jar:/home/runner/.m2/repository/org/apiguardian/apiguardian-api/1.1.2/apiguardian-api-1.1.2.jar:/home/runner/.m2/repository/org/junit/jupiter/junit-jupiter-params/5.8.2/junit-jupiter-params-5.8.2.jar:/home/runner/.m2/repository/org/junit/jupiter/junit-jupiter-migrationsupport/5.8.2/junit-jupiter-migrationsupport-5.8.2.jar:/home/runner/.m2/repository/org/junit/jupiter/junit-jupiter-engine/5.8.2/junit-jupiter-engine-5.8.2.jar:/home/runner/.m2/repository/org/junit/platform/junit-platform-engine/1.8.2/junit-platform-engine-1.8.2.jar:/home/runner/.m2/repository/org/junit/vintage/junit-vintage-engine/5.8.2/junit-vintage-engine-5.8.2.jar:/home/runner/.m2/repository/org/junit/platform/junit-platform-launcher/1.8.2/junit-platform-launcher-1.8.2.jar:/home/runner/.m2/repository/org/mockito/mockito-core/2.28.2/mockito-core-2.28.2.jar:/home/runner/.m2/repository/net/bytebuddy/byte-buddy/1.9.10/byte-buddy-1.9.10.jar:/home/runner/.m2/repository/net/bytebuddy/byte-buddy-agent/1.9.10/byte-buddy-agent-1.9.10.jar:/home/runner/.m2/repository/org/objenesis/objenesis/1.0/objenesis-1.0.jar:/home/runner/.m2/repository/org/apache/hadoop/hadoop-kms/3.3.1/hadoop-kms-3.3.1.jar:/home/runner/.m2/repository/org/apache/hadoop/hadoop-auth/3.3.1/hadoop-auth-3.3.1.jar:/home/runner/.m2/repository/com/nimbusds/nimbus-jose-jwt/7.9/nimbus-jose-jwt-7.9.jar:/home/runner/.m2/repository/com/github/stephenc/jcip/jcip-annotations/1.0-1/jcip-annotations-1.0-1.jar:/home/runner/.m2/repository/net/minidev/json-smart/2.4.7/json-smart-2.4.7.jar:/home/runner/.m2/repository/net/minidev/accessors-smart/2.4.7/accessors-smart-2.4.7.jar:/home/runner/.m2/repository/org/ow2/asm/asm/5.0.4/asm-5.0.4.jar:/home/runner/.m2/repository/org/apache/zookeeper/zookeeper/3.5.6/zookeeper-3.5.6.jar:/home/runner/.m2/repository/org/apache/zookeeper/zookeeper-jute/3.5.6/zookeeper-jute-3.5.6.jar:/home/runner/.m2/repository/org/apache/yetus/audience-annotations/0.5.0/audience-annotations-0.5.0.jar:/home/runner/.m2/repository/org/apache/curator/curator-framework/4.2.0/curator-framework-4.2.0.jar:/home/runner/.m2/repository/org/apache/hadoop/thirdparty/hadoop-shaded-guava/1.1.1/hadoop-shaded-guava-1.1.1.jar:/home/runner/.m2/repository/com/sun/jersey/jersey-core/1.19/jersey-core-1.19.jar:/home/runner/.m2/repository/javax/ws/rs/jsr311-api/1.1.1/jsr311-api-1.1.1.jar:/home/runner/.m2/repository/com/sun/jersey/jersey-server/1.19/jersey-server-1.19.jar:/home/runner/.m2/repository/javax/servlet/javax.servlet-api/3.1.0/javax.servlet-api-3.1.0.jar:/home/runner/.m2/repository/org/eclipse/jetty/jetty-server/9.4.43.v20210629/jetty-server-9.4.43.v20210629.jar:/home/runner/.m2/repository/org/eclipse/jetty/jetty-http/9.4.43.v20210629/jetty-http-9.4.43.v20210629.jar:/home/runner/.m2/repository/org/eclipse/jetty/jetty-io/9.4.43.v20210629/jetty-io-9.4.43.v20210629.jar:/home/runner/.m2/repository/org/eclipse/jetty/jetty-webapp/9.4.43.v20210629/jetty-webapp-9.4.43.v20210629.jar:/home/runner/.m2/repository/org/eclipse/jetty/jetty-xml/9.4.43.v20210629/jetty-xml-9.4.43.v20210629.jar:/home/runner/.m2/repository/org/apache/hadoop/hadoop-common/3.3.1/hadoop-common-3.3.1.jar:/home/runner/.m2/repository/org/apache/commons/commons-math3/3.1.1/commons-math3-3.1.1.jar:/home/runner/.m2/repository/commons-net/commons-net/3.6/commons-net-3.6.jar:/home/runner/.m2/repository/com/sun/jersey/jersey-servlet/1.19/jersey-servlet-1.19.jar:/home/runner/.m2/repository/com/sun/jersey/jersey-json/1.19/jersey-json-1.19.jar:/home/runner/.m2/repository/org/codehaus/jettison/jettison/1.1/jettison-1.1.jar:/home/runner/.m2/repository/com/sun/xml/bind/jaxb-impl/2.2.3-1/jaxb-impl-2.2.3-1.jar:/home/runner/.m2/repository/org/codehaus/jackson/jackson-xc/1.9.2/jackson-xc-1.9.2.jar:/home/runner/.m2/repository/org/apache/commons/commons-configuration2/2.1.1/commons-configuration2-2.1.1.jar:/home/runner/.m2/repository/org/apache/commons/commons-text/1.4/commons-text-1.4.jar:/home/runner/.m2/repository/com/google/re2j/re2j/1.1/re2j-1.1.jar:/home/runner/.m2/repository/com/jcraft/jsch/0.1.54/jsch-0.1.54.jar:/home/runner/.m2/repository/org/apache/curator/curator-client/4.2.0/curator-client-4.2.0.jar:/home/runner/.m2/repository/org/apache/curator/curator-recipes/4.2.0/curator-recipes-4.2.0.jar:/home/runner/.m2/repository/org/apache/kerby/kerb-core/1.0.1/kerb-core-1.0.1.jar:/home/runner/.m2/repository/org/apache/kerby/kerby-pkix/1.0.1/kerby-pkix-1.0.1.jar:/home/runner/.m2/repository/org/apache/kerby/kerby-asn1/1.0.1/kerby-asn1-1.0.1.jar:/home/runner/.m2/repository/org/apache/kerby/kerby-util/1.0.1/kerby-util-1.0.1.jar:/home/runner/.m2/repository/dnsjava/dnsjava/2.1.7/dnsjava-2.1.7.jar:/home/runner/.m2/repository/org/xerial/snappy/snappy-java/1.1.8.2/snappy-java-1.1.8.2.jar:/home/runner/.m2/repository/org/slf4j/jul-to-slf4j/1.7.30/jul-to-slf4j-1.7.30.jar:/home/runner/.m2/repository/org/eclipse/jetty/jetty-util/9.4.43.v20210629/jetty-util-9.4.43.v20210629.jar:/home/runner/.m2/repository/com/fasterxml/jackson/core/jackson-databind/2.13.2.2/jackson-databind-2.13.2.2.jar:/home/runner/.m2/repository/org/apache/hadoop/hadoop-kms/3.3.1/hadoop-kms-3.3.1-tests.jar:/home/runner/.m2/repository/org/apache/ozone/hdds-server-scm/1.3.0-SNAPSHOT/hdds-server-scm-1.3.0-SNAPSHOT-tests.jar:/home/runner/.m2/repository/org/apache/ozone/hdds-container-service/1.3.0-SNAPSHOT/hdds-container-service-1.3.0-SNAPSHOT-tests.jar:/home/runner/.m2/repository/commons-codec/commons-codec/1.11/commons-codec-1.11.jar:/home/runner/.m2/repository/io/netty/netty-codec/4.1.79.Final/netty-codec-4.1.79.Final.jar:/home/runner/.m2/repository/io/netty/netty-handler/4.1.79.Final/netty-handler-4.1.79.Final.jar:/home/runner/.m2/repository/org/apache/ozone/hdds-hadoop-dependency-test/1.3.0-SNAPSHOT/hdds-hadoop-dependency-test-1.3.0-SNAPSHOT.jar:/home/runner/.m2/repository/org/apache/hadoop/hadoop-common/3.3.1/hadoop-common-3.3.1-tests.jar:/home/runner/.m2/repository/org/assertj/assertj-core/3.12.2/assertj-core-3.12.2.jar:/home/runner/.m2/repository/org/apache/hadoop/hadoop-hdfs/3.3.1/hadoop-hdfs-3.3.1-tests.jar:/home/runner/.m2/repository/org/eclipse/jetty/jetty-util-ajax/9.4.43.v20210629/jetty-util-ajax-9.4.43.v20210629.jar:/home/runner/.m2/repository/commons-daemon/commons-daemon/1.0.13/commons-daemon-1.0.13.jar:/home/runner/.m2/repository/io/netty/netty/3.10.6.Final/netty-3.10.6.Final.jar:/home/runner/.m2/repository/io/netty/netty-all/4.1.79.Final/netty-all-4.1.79.Final.jar:/home/runner/.m2/repository/io/netty/netty-codec-dns/4.1.79.Final/netty-codec-dns-4.1.79.Final.jar:/home/runner/.m2/repository/io/netty/netty-codec-haproxy/4.1.79.Final/netty-codec-haproxy-4.1.79.Final.jar:/home/runner/.m2/repository/io/netty/netty-codec-memcache/4.1.79.Final/netty-codec-memcache-4.1.79.Final.jar:/home/runner/.m2/repository/io/netty/netty-codec-mqtt/4.1.79.Final/netty-codec-mqtt-4.1.79.Final.jar:/home/runner/.m2/repository/io/netty/netty-codec-redis/4.1.79.Final/netty-codec-redis-4.1.79.Final.jar:/home/runner/.m2/repository/io/netty/netty-codec-smtp/4.1.79.Final/netty-codec-smtp-4.1.79.Final.jar:/home/runner/.m2/repository/io/netty/netty-codec-stomp/4.1.79.Final/netty-codec-stomp-4.1.79.Final.jar:/home/runner/.m2/repository/io/netty/netty-codec-xml/4.1.79.Final/netty-codec-xml-4.1.79.Final.jar:/home/runner/.m2/repository/io/netty/netty-resolver-dns/4.1.79.Final/netty-resolver-dns-4.1.79.Final.jar:/home/runner/.m2/repository/io/netty/netty-transport-rxtx/4.1.79.Final/netty-transport-rxtx-4.1.79.Final.jar:/home/runner/.m2/repository/io/netty/netty-transport-sctp/4.1.79.Final/netty-transport-sctp-4.1.79.Final.jar:/home/runner/.m2/repository/io/netty/netty-transport-udt/4.1.79.Final/netty-transport-udt-4.1.79.Final.jar:/home/runner/.m2/repository/io/netty/netty-transport-classes-kqueue/4.1.79.Final/netty-transport-classes-kqueue-4.1.79.Final.jar:/home/runner/.m2/repository/io/netty/netty-resolver-dns-classes-macos/4.1.79.Final/netty-resolver-dns-classes-macos-4.1.79.Final.jar:/home/runner/.m2/repository/io/netty/netty-transport-native-epoll/4.1.79.Final/netty-transport-native-epoll-4.1.79.Final-linux-aarch_64.jar:/home/runner/.m2/repository/io/netty/netty-transport-native-kqueue/4.1.79.Final/netty-transport-native-kqueue-4.1.79.Final-osx-x86_64.jar:/home/runner/.m2/repository/io/netty/netty-transport-native-kqueue/4.1.79.Final/netty-transport-native-kqueue-4.1.79.Final-osx-aarch_64.jar:/home/runner/.m2/repository/io/netty/netty-resolver-dns-native-macos/4.1.79.Final/netty-resolver-dns-native-macos-4.1.79.Final-osx-x86_64.jar:/home/runner/.m2/repository/io/netty/netty-resolver-dns-native-macos/4.1.79.Final/netty-resolver-dns-native-macos-4.1.79.Final-osx-aarch_64.jar:/home/runner/.m2/repository/org/apache/htrace/htrace-core4/4.1.0-incubating/htrace-core4-4.1.0-incubating.jar:/home/runner/.m2/repository/org/fusesource/leveldbjni/leveldbjni-all/1.8/leveldbjni-all-1.8.jar:/home/runner/.m2/repository/org/apache/hadoop/hadoop-distcp/3.3.1/hadoop-distcp-3.3.1.jar:/home/runner/.m2/repository/org/apache/hadoop/hadoop-mapreduce-client-jobclient/3.3.1/hadoop-mapreduce-client-jobclient-3.3.1.jar:/home/runner/.m2/repository/org/apache/hadoop/hadoop-mapreduce-client-common/3.3.1/hadoop-mapreduce-client-common-3.3.1.jar:/home/runner/.m2/repository/org/apache/hadoop/hadoop-yarn-common/3.3.1/hadoop-yarn-common-3.3.1.jar:/home/runner/.m2/repository/org/apache/hadoop/hadoop-yarn-api/3.3.1/hadoop-yarn-api-3.3.1.jar:/home/runner/.m2/repository/com/sun/jersey/contribs/jersey-guice/1.19/jersey-guice-1.19.jar:/home/runner/.m2/repository/com/fasterxml/jackson/jaxrs/jackson-jaxrs-json-provider/2.13.2/jackson-jaxrs-json-provider-2.13.2.jar:/home/runner/.m2/repository/com/fasterxml/jackson/jaxrs/jackson-jaxrs-base/2.13.2/jackson-jaxrs-base-2.13.2.jar:/home/runner/.m2/repository/org/apache/hadoop/hadoop-yarn-client/3.3.1/hadoop-yarn-client-3.3.1.jar:/home/runner/.m2/repository/org/eclipse/jetty/websocket/websocket-client/9.4.40.v20210413/websocket-client-9.4.40.v20210413.jar:/home/runner/.m2/repository/org/eclipse/jetty/websocket/websocket-common/9.4.40.v20210413/websocket-common-9.4.40.v20210413.jar:/home/runner/.m2/repository/org/eclipse/jetty/websocket/websocket-api/9.4.40.v20210413/websocket-api-9.4.40.v20210413.jar:/home/runner/.m2/repository/org/jline/jline/3.9.0/jline-3.9.0.jar:/home/runner/.m2/repository/org/apache/hadoop/hadoop-mapreduce-client-core/3.3.1/hadoop-mapreduce-client-core-3.3.1.jar:/home/runner/.m2/repository/org/apache/avro/avro/1.7.7/avro-1.7.7.jar:/home/runner/.m2/repository/org/codehaus/jackson/jackson-core-asl/1.9.13/jackson-core-asl-1.9.13.jar:/home/runner/.m2/repository/org/codehaus/jackson/jackson-mapper-asl/1.9.13/jackson-mapper-asl-1.9.13.jar:/home/runner/.m2/repository/com/thoughtworks/paranamer/paranamer/2.3/paranamer-2.3.jar:/home/runner/.m2/repository/org/apache/hadoop/hadoop-annotations/3.3.1/hadoop-annotations-3.3.1.jar:/opt/hostedtoolcache/jdk/8.0.345/x64/jre/../lib/tools.jar:/home/runner/.m2/repository/org/apache/hadoop/hadoop-distcp/3.3.1/hadoop-distcp-3.3.1-tests.jar:/home/runner/.m2/repository/org/apache/ratis/ratis-common/2.3.0/ratis-common-2.3.0.jar:/home/runner/.m2/repository/org/apache/ratis/ratis-thirdparty-misc/1.0.0/ratis-thirdparty-misc-1.0.0.jar:/home/runner/.m2/repository/org/apache/ratis/ratis-proto/2.3.0/ratis-proto-2.3.0.jar:/home/runner/.m2/repository/org/apache/ozone/ozone-annotation-processing/1.3.0-SNAPSHOT/ozone-annotation-processing-1.3.0-SNAPSHOT.jar:"/>
    <property name="sun.cpu.endian" value="little"/>
    <property name="user.home" value="/home/runner"/>
    <property name="user.language" value="en"/>
    <property name="java.specification.vendor" value="Oracle Corporation"/>
    <property name="java.home" value="/opt/hostedtoolcache/jdk/8.0.345/x64/jre"/>
    <property name="java.security.krb5.conf" value="/home/runner/work/ozone/ozone/hadoop-ozone/integration-test/target/test-classes/krb5.conf"/>
    <property name="basedir" value="/home/runner/work/ozone/ozone/hadoop-ozone/integration-test"/>
    <property name="file.separator" value="/"/>
    <property name="line.separator" value="&#10;"/>
    <property name="jdk.vendor.version" value="Zulu 8.64.0.19-CA-linux64"/>
    <property name="java.vm.specification.vendor" value="Oracle Corporation"/>
    <property name="java.specification.name" value="Java Platform API Specification"/>
    <property name="java.awt.graphicsenv" value="sun.awt.X11GraphicsEnvironment"/>
    <property name="skip.installnpx" value="true"/>
    <property name="surefire.fork.timeout" value="3600"/>
    <property name="surefire.real.class.path" value="/home/runner/work/ozone/ozone/hadoop-ozone/integration-test/target/surefire/surefirebooter1414096108221717534.jar:/home/runner/.m2/repository/org/jacoco/org.jacoco.agent/0.8.5/org.jacoco.agent-0.8.5-runtime.jar"/>
    <property name="hadoop.log.dir" value="/home/runner/work/ozone/ozone/hadoop-ozone/integration-test/target/log"/>
    <property name="sun.boot.class.path" value="/opt/hostedtoolcache/jdk/8.0.345/x64/jre/lib/resources.jar:/opt/hostedtoolcache/jdk/8.0.345/x64/jre/lib/rt.jar:/opt/hostedtoolcache/jdk/8.0.345/x64/jre/lib/sunrsasign.jar:/opt/hostedtoolcache/jdk/8.0.345/x64/jre/lib/jsse.jar:/opt/hostedtoolcache/jdk/8.0.345/x64/jre/lib/jce.jar:/opt/hostedtoolcache/jdk/8.0.345/x64/jre/lib/charsets.jar:/opt/hostedtoolcache/jdk/8.0.345/x64/jre/lib/jfr.jar:/opt/hostedtoolcache/jdk/8.0.345/x64/jre/lib/cat.jar:/opt/hostedtoolcache/jdk/8.0.345/x64/jre/classes"/>
    <property name="sun.management.compiler" value="HotSpot 64-Bit Tiered Compilers"/>
    <property name="skip.npx" value="true"/>
    <property name="java.runtime.version" value="1.8.0_345-b01"/>
    <property name="java.net.preferIPv4Stack" value="true"/>
    <property name="user.name" value="runner"/>
    <property name="path.separator" value=":"/>
    <property name="java.security.egd" value="file:///dev/urandom"/>
    <property name="os.version" value="5.15.0-1017-azure"/>
    <property name="java.endorsed.dirs" value="/opt/hostedtoolcache/jdk/8.0.345/x64/jre/lib/endorsed"/>
    <property name="java.runtime.name" value="OpenJDK Runtime Environment"/>
    <property name="file.encoding" value="UTF-8"/>
    <property name="java.vm.name" value="OpenJDK 64-Bit Server VM"/>
    <property name="test.build.webapps" value=""/>
    <property name="localRepository" value="/home/runner/.m2/repository"/>
    <property name="jetty.git.hash" value="526006ecfa3af7f1a27ef3a288e2bef7ea9dd7e8"/>
    <property name="java.vendor.url.bug" value="http://www.azul.com/support/"/>
    <property name="java.io.tmpdir" value="/tmp"/>
    <property name="require.test.libhadoop" value=""/>
    <property name="surefire.rerunFailingTestsCount" value="5"/>
    <property name="java.version" value="1.8.0_345"/>
    <property name="user.dir" value="/home/runner/work/ozone/ozone/hadoop-ozone/integration-test"/>
    <property name="os.arch" value="amd64"/>
    <property name="java.vm.specification.name" value="Java Virtual Machine Specification"/>
    <property name="test.build.classes" value="/home/runner/work/ozone/ozone/hadoop-ozone/integration-test/target/test-classes"/>
    <property name="java.awt.printerjob" value="sun.print.PSPrinterJob"/>
    <property name="sun.os.patch.level" value="unknown"/>
    <property name="hadoop.tmp.dir" value="/home/runner/work/ozone/ozone/hadoop-ozone/integration-test/target/tmp"/>
    <property name="java.library.path" value="/usr/java/packages/lib/amd64:/usr/lib64:/lib64:/lib:/usr/lib"/>
    <property name="java.vm.info" value="mixed mode"/>
    <property name="java.vendor" value="Azul Systems, Inc."/>
    <property name="java.vm.version" value="25.345-b01"/>
    <property name="java.ext.dirs" value="/opt/hostedtoolcache/jdk/8.0.345/x64/jre/lib/ext:/usr/java/packages/lib/ext"/>
    <property name="sun.io.unicode.encoding" value="UnicodeLittle"/>
    <property name="java.class.version" value="52.0"/>
  </properties>
  <testcase name="testPrepareWithMultipleThreads" classname="org.apache.hadoop.ozone.om.TestOzoneManagerPrepare" time="11.21"/>
  <testcase name="testCancelPrepare" classname="org.apache.hadoop.ozone.om.TestOzoneManagerPrepare" time="130.522">
    <error type="java.util.concurrent.TimeoutException"><![CDATA[java.util.concurrent.TimeoutException: timeout: after 120000 millis
	at org.apache.ozone.test.LambdaTestUtils$GenerateTimeout.evaluate(LambdaTestUtils.java:677)
	at org.apache.ozone.test.LambdaTestUtils.await(LambdaTestUtils.java:154)
	at org.apache.ozone.test.LambdaTestUtils.await(LambdaTestUtils.java:192)
	at org.apache.hadoop.ozone.om.TestOzoneManagerPrepare.assertClusterPrepared(TestOzoneManagerPrepare.java:455)
	at org.apache.hadoop.ozone.om.TestOzoneManagerPrepare.assertClusterPrepared(TestOzoneManagerPrepare.java:445)
	at org.apache.hadoop.ozone.om.TestOzoneManagerPrepare.testCancelPrepare(TestOzoneManagerPrepare.java:305)
	at sun.reflect.NativeMethodAccessorImpl.invoke0(Native Method)
	at sun.reflect.NativeMethodAccessorImpl.invoke(NativeMethodAccessorImpl.java:62)
	at sun.reflect.DelegatingMethodAccessorImpl.invoke(DelegatingMethodAccessorImpl.java:43)
	at java.lang.reflect.Method.invoke(Method.java:498)
	at org.junit.platform.commons.util.ReflectionUtils.invokeMethod(ReflectionUtils.java:725)
	at org.junit.jupiter.engine.execution.MethodInvocation.proceed(MethodInvocation.java:60)
	at org.junit.jupiter.engine.execution.InvocationInterceptorChain$ValidatingInvocation.proceed(InvocationInterceptorChain.java:131)
	at org.junit.jupiter.engine.extension.TimeoutInvocation.proceed(TimeoutInvocation.java:46)
	at org.junit.jupiter.engine.extension.TimeoutExtension.intercept(TimeoutExtension.java:149)
	at org.junit.jupiter.engine.extension.TimeoutExtension.interceptTestableMethod(TimeoutExtension.java:140)
	at org.junit.jupiter.engine.extension.TimeoutExtension.interceptTestMethod(TimeoutExtension.java:84)
	at org.junit.jupiter.engine.execution.ExecutableInvoker$ReflectiveInterceptorCall.lambda$ofVoidMethod$0(ExecutableInvoker.java:115)
	at org.junit.jupiter.engine.execution.ExecutableInvoker.lambda$invoke$0(ExecutableInvoker.java:105)
	at org.junit.jupiter.engine.execution.InvocationInterceptorChain$InterceptedInvocation.proceed(InvocationInterceptorChain.java:106)
	at org.junit.jupiter.engine.execution.InvocationInterceptorChain.proceed(InvocationInterceptorChain.java:64)
	at org.junit.jupiter.engine.execution.InvocationInterceptorChain.chainAndInvoke(InvocationInterceptorChain.java:45)
	at org.junit.jupiter.engine.execution.InvocationInterceptorChain.invoke(InvocationInterceptorChain.java:37)
	at org.junit.jupiter.engine.execution.ExecutableInvoker.invoke(ExecutableInvoker.java:104)
	at org.junit.jupiter.engine.execution.ExecutableInvoker.invoke(ExecutableInvoker.java:98)
	at org.junit.jupiter.engine.descriptor.TestMethodTestDescriptor.lambda$invokeTestMethod$7(TestMethodTestDescriptor.java:214)
	at org.junit.platform.engine.support.hierarchical.ThrowableCollector.execute(ThrowableCollector.java:73)
	at org.junit.jupiter.engine.descriptor.TestMethodTestDescriptor.invokeTestMethod(TestMethodTestDescriptor.java:210)
	at org.junit.jupiter.engine.descriptor.TestMethodTestDescriptor.execute(TestMethodTestDescriptor.java:135)
	at org.junit.jupiter.engine.descriptor.TestMethodTestDescriptor.execute(TestMethodTestDescriptor.java:66)
	at org.junit.platform.engine.support.hierarchical.NodeTestTask.lambda$executeRecursively$6(NodeTestTask.java:151)
	at org.junit.platform.engine.support.hierarchical.ThrowableCollector.execute(ThrowableCollector.java:73)
	at org.junit.platform.engine.support.hierarchical.NodeTestTask.lambda$executeRecursively$8(NodeTestTask.java:141)
	at org.junit.platform.engine.support.hierarchical.Node.around(Node.java:137)
	at org.junit.platform.engine.support.hierarchical.NodeTestTask.lambda$executeRecursively$9(NodeTestTask.java:139)
	at org.junit.platform.engine.support.hierarchical.ThrowableCollector.execute(ThrowableCollector.java:73)
	at org.junit.platform.engine.support.hierarchical.NodeTestTask.executeRecursively(NodeTestTask.java:138)
	at org.junit.platform.engine.support.hierarchical.NodeTestTask.execute(NodeTestTask.java:95)
	at java.util.ArrayList.forEach(ArrayList.java:1259)
	at org.junit.platform.engine.support.hierarchical.SameThreadHierarchicalTestExecutorService.invokeAll(SameThreadHierarchicalTestExecutorService.java:41)
	at org.junit.platform.engine.support.hierarchical.NodeTestTask.lambda$executeRecursively$6(NodeTestTask.java:155)
	at org.junit.platform.engine.support.hierarchical.ThrowableCollector.execute(ThrowableCollector.java:73)
	at org.junit.platform.engine.support.hierarchical.NodeTestTask.lambda$executeRecursively$8(NodeTestTask.java:141)
	at org.junit.platform.engine.support.hierarchical.Node.around(Node.java:137)
	at org.junit.platform.engine.support.hierarchical.NodeTestTask.lambda$executeRecursively$9(NodeTestTask.java:139)
	at org.junit.platform.engine.support.hierarchical.ThrowableCollector.execute(ThrowableCollector.java:73)
	at org.junit.platform.engine.support.hierarchical.NodeTestTask.executeRecursively(NodeTestTask.java:138)
	at org.junit.platform.engine.support.hierarchical.NodeTestTask.execute(NodeTestTask.java:95)
	at java.util.ArrayList.forEach(ArrayList.java:1259)
	at org.junit.platform.engine.support.hierarchical.SameThreadHierarchicalTestExecutorService.invokeAll(SameThreadHierarchicalTestExecutorService.java:41)
	at org.junit.platform.engine.support.hierarchical.NodeTestTask.lambda$executeRecursively$6(NodeTestTask.java:155)
	at org.junit.platform.engine.support.hierarchical.ThrowableCollector.execute(ThrowableCollector.java:73)
	at org.junit.platform.engine.support.hierarchical.NodeTestTask.lambda$executeRecursively$8(NodeTestTask.java:141)
	at org.junit.platform.engine.support.hierarchical.Node.around(Node.java:137)
	at org.junit.platform.engine.support.hierarchical.NodeTestTask.lambda$executeRecursively$9(NodeTestTask.java:139)
	at org.junit.platform.engine.support.hierarchical.ThrowableCollector.execute(ThrowableCollector.java:73)
	at org.junit.platform.engine.support.hierarchical.NodeTestTask.executeRecursively(NodeTestTask.java:138)
	at org.junit.platform.engine.support.hierarchical.NodeTestTask.execute(NodeTestTask.java:95)
	at org.junit.platform.engine.support.hierarchical.SameThreadHierarchicalTestExecutorService.submit(SameThreadHierarchicalTestExecutorService.java:35)
	at org.junit.platform.engine.support.hierarchical.HierarchicalTestExecutor.execute(HierarchicalTestExecutor.java:57)
	at org.junit.platform.engine.support.hierarchical.HierarchicalTestEngine.execute(HierarchicalTestEngine.java:54)
	at org.junit.platform.launcher.core.EngineExecutionOrchestrator.execute(EngineExecutionOrchestrator.java:107)
	at org.junit.platform.launcher.core.EngineExecutionOrchestrator.execute(EngineExecutionOrchestrator.java:88)
	at org.junit.platform.launcher.core.EngineExecutionOrchestrator.lambda$execute$0(EngineExecutionOrchestrator.java:54)
	at org.junit.platform.launcher.core.EngineExecutionOrchestrator.withInterceptedStreams(EngineExecutionOrchestrator.java:67)
	at org.junit.platform.launcher.core.EngineExecutionOrchestrator.execute(EngineExecutionOrchestrator.java:52)
	at org.junit.platform.launcher.core.DefaultLauncher.execute(DefaultLauncher.java:114)
	at org.junit.platform.launcher.core.DefaultLauncher.execute(DefaultLauncher.java:86)
	at org.junit.platform.launcher.core.DefaultLauncherSession$DelegatingLauncher.execute(DefaultLauncherSession.java:86)
	at org.junit.platform.launcher.core.SessionPerRequestLauncher.execute(SessionPerRequestLauncher.java:53)
	at org.apache.maven.surefire.junitplatform.JUnitPlatformProvider.execute(JUnitPlatformProvider.java:188)
	at org.apache.maven.surefire.junitplatform.JUnitPlatformProvider.invokeAllTests(JUnitPlatformProvider.java:154)
	at org.apache.maven.surefire.junitplatform.JUnitPlatformProvider.invoke(JUnitPlatformProvider.java:124)
	at org.apache.maven.surefire.booter.ForkedBooter.runSuitesInProcess(ForkedBooter.java:428)
	at org.apache.maven.surefire.booter.ForkedBooter.execute(ForkedBooter.java:162)
	at org.apache.maven.surefire.booter.ForkedBooter.run(ForkedBooter.java:562)
	at org.apache.maven.surefire.booter.ForkedBooter.main(ForkedBooter.java:548)
]]></error>
    <system-out><![CDATA[2022-08-23 13:11:41,900 [Listener at localhost/34427] INFO  om.TestOzoneManagerPrepare (TestOzoneManagerPrepare.java:initOM(95)) - Waiting for OM leader election
2022-08-23 13:11:41,905 [Listener at localhost/34427] INFO  retry.RetryInvocationHandler (RetryInvocationHandler.java:log(411)) - com.google.protobuf.ServiceException: java.io.EOFException: End of File Exception between local host is: "fv-az222-596/10.1.1.106"; destination host is: "localhost":34295; : java.io.EOFException; For more details see:  http://wiki.apache.org/hadoop/EOFException, while invoking $Proxy58.submitRequest over nodeId=omNode-1,nodeAddress=127.0.0.1:34295. Trying to failover immediately.
2022-08-23 13:11:41,913 [Listener at localhost/34427] INFO  retry.RetryInvocationHandler (RetryInvocationHandler.java:log(411)) - com.google.protobuf.ServiceException: org.apache.hadoop.ipc.RemoteException(org.apache.hadoop.ozone.om.exceptions.OMNotLeaderException): OM:omNode-2 is not the leader. Could not determine the leader node.
	at org.apache.hadoop.ozone.om.OzoneManager.checkLeaderStatus(OzoneManager.java:4016)
	at org.apache.hadoop.ozone.om.ratis.utils.OzoneManagerRatisUtils.checkLeaderStatus(OzoneManagerRatisUtils.java:446)
	at org.apache.hadoop.ozone.protocolPB.OzoneManagerProtocolServerSideTranslatorPB.processRequest(OzoneManagerProtocolServerSideTranslatorPB.java:181)
	at org.apache.hadoop.hdds.server.OzoneProtocolMessageDispatcher.processRequest(OzoneProtocolMessageDispatcher.java:87)
	at org.apache.hadoop.ozone.protocolPB.OzoneManagerProtocolServerSideTranslatorPB.submitRequest(OzoneManagerProtocolServerSideTranslatorPB.java:147)
	at org.apache.hadoop.ozone.protocol.proto.OzoneManagerProtocolProtos$OzoneManagerService$2.callBlockingMethod(OzoneManagerProtocolProtos.java)
	at org.apache.hadoop.ipc.ProtobufRpcEngine$Server.processCall(ProtobufRpcEngine.java:466)
	at org.apache.hadoop.ipc.ProtobufRpcEngine2$Server$ProtoBufRpcInvoker.call(ProtobufRpcEngine2.java:574)
	at org.apache.hadoop.ipc.ProtobufRpcEngine2$Server$ProtoBufRpcInvoker.call(ProtobufRpcEngine2.java:552)
	at org.apache.hadoop.ipc.RPC$Server.call(RPC.java:1093)
	at org.apache.hadoop.ipc.Server$RpcCall.run(Server.java:1035)
	at org.apache.hadoop.ipc.Server$RpcCall.run(Server.java:963)
	at java.security.AccessController.doPrivileged(Native Method)
	at javax.security.auth.Subject.doAs(Subject.java:422)
	at org.apache.hadoop.security.UserGroupInformation.doAs(UserGroupInformation.java:1878)
	at org.apache.hadoop.ipc.Server$Handler.run(Server.java:2966)
, while invoking $Proxy58.submitRequest over nodeId=omNode-2,nodeAddress=127.0.0.1:34427 after 1 failover attempts. Trying to failover immediately.
2022-08-23 13:11:41,925 [omNode-2-server-thread1] INFO  server.RaftServer$Division (ServerState.java:setLeader(287)) - omNode-2@group-523986131536: change Leader from null to omNode-3 at term 2 for appendEntries, leader elected after 389ms
2022-08-23 13:11:41,926 [omNode-2-server-thread1] INFO  server.RaftServer$Division (RaftServerImpl.java:checkInconsistentAppendEntries(1414)) - omNode-2@group-523986131536: Failed appendEntries as the first entry (index 27) already exists (snapshotIndex: 27, commitIndex: 27)
2022-08-23 13:11:41,927 [omNode-2-server-thread1] INFO  server.RaftServer$Division (RaftServerImpl.java:checkInconsistentAppendEntries(1394)) - omNode-2@group-523986131536: inconsistency entries. Reply:omNode-3<-omNode-2#56:FAIL-t2,INCONSISTENCY,nextIndex=28,followerCommit=27
2022-08-23 13:11:41,928 [grpc-default-executor-0] INFO  leader.FollowerInfo (FollowerInfoImpl.java:lambda$new$0(48)) - omNode-3@group-523986131536->omNode-2: nextIndex: updateUnconditionally 29 -> 28
2022-08-23 13:11:41,930 [OM StateMachine ApplyTransaction Thread - 0] INFO  upgrade.OMCancelPrepareRequest (OMCancelPrepareRequest.java:validateAndUpdateCache(55)) - OM omNode-3 Received cancel prepare request with log index 28
2022-08-23 13:11:41,934 [omNode-2-server-thread2] INFO  server.RaftServer$Division (RaftServerImpl.java:checkInconsistentAppendEntries(1424)) - omNode-2@group-523986131536: Failed appendEntries as previous log entry ((t:2, i:28)) is not found
2022-08-23 13:11:41,934 [omNode-2-server-thread2] INFO  server.RaftServer$Division (RaftServerImpl.java:checkInconsistentAppendEntries(1394)) - omNode-2@group-523986131536: inconsistency entries. Reply:omNode-3<-omNode-2#57:FAIL-t2,INCONSISTENCY,nextIndex=28,followerCommit=27
2022-08-23 13:11:41,934 [grpc-default-executor-0] INFO  leader.FollowerInfo (FollowerInfoImpl.java:lambda$new$0(48)) - omNode-3@group-523986131536->omNode-2: nextIndex: updateUnconditionally 30 -> 28
2022-08-23 13:11:41,938 [OM StateMachine ApplyTransaction Thread - 0] INFO  upgrade.OMCancelPrepareRequest (OMCancelPrepareRequest.java:validateAndUpdateCache(55)) - OM omNode-1 Received cancel prepare request with log index 28
2022-08-23 13:11:41,949 [OM StateMachine ApplyTransaction Thread - 0] INFO  om.OzoneManagerPrepareState (OzoneManagerPrepareState.java:deletePrepareMarkerFile(271)) - Deleted prepare marker file: /home/runner/work/ozone/ozone/hadoop-ozone/integration-test/target/test-dir/MiniOzoneClusterImpl-4608f117-74fa-4099-bfe6-1cf4b0c0a0c3/omNode-1/current/prepareMarker
2022-08-23 13:11:41,949 [OM StateMachine ApplyTransaction Thread - 0] INFO  upgrade.OMCancelPrepareRequest (OMCancelPrepareRequest.java:validateAndUpdateCache(84)) - OM omNode-1 prepare state cancelled at log index 28. Returning response 
2022-08-23 13:11:41,950 [OM StateMachine ApplyTransaction Thread - 0] INFO  om.OzoneManagerPrepareState (OzoneManagerPrepareState.java:deletePrepareMarkerFile(271)) - Deleted prepare marker file: /home/runner/work/ozone/ozone/hadoop-ozone/integration-test/target/test-dir/MiniOzoneClusterImpl-4608f117-74fa-4099-bfe6-1cf4b0c0a0c3/omNode-3/current/prepareMarker
2022-08-23 13:11:41,950 [OM StateMachine ApplyTransaction Thread - 0] INFO  upgrade.OMCancelPrepareRequest (OMCancelPrepareRequest.java:validateAndUpdateCache(84)) - OM omNode-3 prepare state cancelled at log index 28. Returning response 
2022-08-23 13:11:41,959 [OM StateMachine ApplyTransaction Thread - 0] INFO  upgrade.OMCancelPrepareRequest (OMCancelPrepareRequest.java:validateAndUpdateCache(55)) - OM omNode-2 Received cancel prepare request with log index 28
2022-08-23 13:11:41,960 [OM StateMachine ApplyTransaction Thread - 0] INFO  om.OzoneManagerPrepareState (OzoneManagerPrepareState.java:deletePrepareMarkerFile(271)) - Deleted prepare marker file: /home/runner/work/ozone/ozone/hadoop-ozone/integration-test/target/test-dir/MiniOzoneClusterImpl-4608f117-74fa-4099-bfe6-1cf4b0c0a0c3/omNode-2/current/prepareMarker
2022-08-23 13:11:41,960 [OM StateMachine ApplyTransaction Thread - 0] INFO  upgrade.OMCancelPrepareRequest (OMCancelPrepareRequest.java:validateAndUpdateCache(84)) - OM omNode-2 prepare state cancelled at log index 28. Returning response 
2022-08-23 13:11:42,961 [Listener at localhost/34427] INFO  rpc.RpcClient (RpcClient.java:createVolume(471)) - Creating Volume: vol, with runner as owner and space quota set to -1 bytes, counts quota set to -1
2022-08-23 13:11:42,986 [OM StateMachine ApplyTransaction Thread - 0] INFO  volume.OMVolumeCreateRequest (OMVolumeCreateRequest.java:validateAndUpdateCache(195)) - created volume:vol for user:runner
2022-08-23 13:11:43,000 [OM StateMachine ApplyTransaction Thread - 0] INFO  volume.OMVolumeCreateRequest (OMVolumeCreateRequest.java:validateAndUpdateCache(195)) - created volume:vol for user:runner
2022-08-23 13:11:43,000 [OM StateMachine ApplyTransaction Thread - 0] INFO  volume.OMVolumeCreateRequest (OMVolumeCreateRequest.java:validateAndUpdateCache(195)) - created volume:vol for user:runner
2022-08-23 13:11:43,011 [Listener at localhost/34427] INFO  rpc.RpcClient (RpcClient.java:createVolume(471)) - Creating Volume: volumec49ad516-e257-4487-b5e7-b7a977ec4464, with runner as owner and space quota set to -1 bytes, counts quota set to -1
2022-08-23 13:11:43,035 [OM StateMachine ApplyTransaction Thread - 0] INFO  volume.OMVolumeCreateRequest (OMVolumeCreateRequest.java:validateAndUpdateCache(195)) - created volume:volumec49ad516-e257-4487-b5e7-b7a977ec4464 for user:runner
2022-08-23 13:11:43,037 [OM StateMachine ApplyTransaction Thread - 0] INFO  volume.OMVolumeCreateRequest (OMVolumeCreateRequest.java:validateAndUpdateCache(195)) - created volume:volumec49ad516-e257-4487-b5e7-b7a977ec4464 for user:runner
2022-08-23 13:11:43,047 [Listener at localhost/34427] INFO  rpc.RpcClient (RpcClient.java:createBucket(674)) - Creating Bucket: volumec49ad516-e257-4487-b5e7-b7a977ec4464/bucket, with server-side default bucket layout, runner as owner, Versioning false, Storage Type set to DISK and Encryption set to false 
2022-08-23 13:11:43,054 [OM StateMachine ApplyTransaction Thread - 0] INFO  volume.OMVolumeCreateRequest (OMVolumeCreateRequest.java:validateAndUpdateCache(195)) - created volume:volumec49ad516-e257-4487-b5e7-b7a977ec4464 for user:runner
2022-08-23 13:11:43,074 [OM StateMachine ApplyTransaction Thread - 0] INFO  bucket.OMBucketCreateRequest (OMBucketCreateRequest.java:validateAndUpdateCache(260)) - created bucket: bucket of layout LEGACY in volume: volumec49ad516-e257-4487-b5e7-b7a977ec4464
2022-08-23 13:11:43,074 [OM StateMachine ApplyTransaction Thread - 0] INFO  bucket.OMBucketCreateRequest (OMBucketCreateRequest.java:validateAndUpdateCache(260)) - created bucket: bucket of layout LEGACY in volume: volumec49ad516-e257-4487-b5e7-b7a977ec4464
2022-08-23 13:11:43,074 [OM StateMachine ApplyTransaction Thread - 0] INFO  bucket.OMBucketCreateRequest (OMBucketCreateRequest.java:validateAndUpdateCache(260)) - created bucket: bucket of layout LEGACY in volume: volumec49ad516-e257-4487-b5e7-b7a977ec4464
2022-08-23 13:11:43,146 [IPC Server handler 5 on default port 33663] INFO  ha.SequenceIdGenerator (SequenceIdGenerator.java:getNextId(128)) - Allocate a batch for containerId, change lastId from 0 to 1000.
2022-08-23 13:11:43,156 [IPC Server handler 5 on default port 33663] WARN  ha.SequenceIdGenerator (SequenceIdGenerator.java:allocateBatch(237)) - Failed to allocate a batch for localId, expected lastId is 0, actual lastId is 109611004723200000.
2022-08-23 13:11:43,157 [IPC Server handler 5 on default port 33663] INFO  ha.SequenceIdGenerator (SequenceIdGenerator.java:getNextId(128)) - Allocate a batch for localId, change lastId from 109611004723200000 to 109611004723201000.
2022-08-23 13:11:43,253 [Listener at localhost/34427] INFO  impl.MetricsSystemImpl (MetricsSystemImpl.java:init(158)) - XceiverClientMetrics metrics system started (again)
2022-08-23 13:11:44,301 [omNode-3@group-523986131536-StateMachineUpdater] INFO  ratis.OzoneManagerStateMachine (OzoneManagerStateMachine.java:takeSnapshot(441)) - Current Snapshot Index (t:2, i:75)
2022-08-23 13:11:44,302 [omNode-3@group-523986131536-StateMachineUpdater] INFO  impl.StateMachineUpdater (StateMachineUpdater.java:takeSnapshot(287)) - omNode-3@group-523986131536-StateMachineUpdater: Took a snapshot at index 75
2022-08-23 13:11:44,302 [omNode-3@group-523986131536-StateMachineUpdater] INFO  impl.StateMachineUpdater (StateMachineUpdater.java:lambda$new$0(92)) - omNode-3@group-523986131536-StateMachineUpdater: snapshotIndex: updateIncreasingly 25 -> 75
2022-08-23 13:11:44,302 [omNode-3@group-523986131536-StateMachineUpdater] INFO  raftlog.RaftLog (RaftLogBase.java:purge(308)) - omNode-3@group-523986131536-SegmentedRaftLog: purge 75
2022-08-23 13:11:44,302 [omNode-3@group-523986131536-StateMachineUpdater] INFO  raftlog.RaftLog (RaftLogBase.java:lambda$new$0(53)) - omNode-3@group-523986131536-SegmentedRaftLog: snapshotIndex: updateIncreasingly 25 -> 75
2022-08-23 13:11:44,302 [omNode-3@group-523986131536-StateMachineUpdater] INFO  raftlog.RaftLog (RaftLogBase.java:lambda$new$0(53)) - omNode-3@group-523986131536-SegmentedRaftLog: purgeIndex: updateToMax old=-1, new=75, updated? true
2022-08-23 13:11:44,316 [omNode-1@group-523986131536-StateMachineUpdater] INFO  ratis.OzoneManagerStateMachine (OzoneManagerStateMachine.java:takeSnapshot(441)) - Current Snapshot Index (t:2, i:75)
2022-08-23 13:11:44,316 [omNode-1@group-523986131536-StateMachineUpdater] INFO  impl.StateMachineUpdater (StateMachineUpdater.java:takeSnapshot(287)) - omNode-1@group-523986131536-StateMachineUpdater: Took a snapshot at index 75
2022-08-23 13:11:44,316 [omNode-1@group-523986131536-StateMachineUpdater] INFO  impl.StateMachineUpdater (StateMachineUpdater.java:lambda$new$0(92)) - omNode-1@group-523986131536-StateMachineUpdater: snapshotIndex: updateIncreasingly 25 -> 75
2022-08-23 13:11:44,316 [omNode-1@group-523986131536-StateMachineUpdater] INFO  raftlog.RaftLog (RaftLogBase.java:purge(308)) - omNode-1@group-523986131536-SegmentedRaftLog: purge 75
2022-08-23 13:11:44,316 [omNode-1@group-523986131536-StateMachineUpdater] INFO  raftlog.RaftLog (RaftLogBase.java:lambda$new$0(53)) - omNode-1@group-523986131536-SegmentedRaftLog: snapshotIndex: updateIncreasingly 25 -> 75
2022-08-23 13:11:44,316 [omNode-1@group-523986131536-StateMachineUpdater] INFO  raftlog.RaftLog (RaftLogBase.java:lambda$new$0(53)) - omNode-1@group-523986131536-SegmentedRaftLog: purgeIndex: updateToMax old=-1, new=75, updated? true
2022-08-23 13:11:44,331 [OM StateMachine ApplyTransaction Thread - 0] INFO  upgrade.OMPrepareRequest (OMPrepareRequest.java:validateAndUpdateCache(67)) - OM omNode-3 Received prepare request with log index 78
2022-08-23 13:11:44,331 [OM StateMachine ApplyTransaction Thread - 0] INFO  upgrade.OMPrepareRequest (OMPrepareRequest.java:waitForLogIndex(176)) - omNode-3 waiting for index 78 to flush to OM DB and index 79 to flush to Ratis state machine.
2022-08-23 13:11:44,335 [OM StateMachine ApplyTransaction Thread - 0] INFO  upgrade.OMPrepareRequest (OMPrepareRequest.java:validateAndUpdateCache(67)) - OM omNode-1 Received prepare request with log index 78
2022-08-23 13:11:44,335 [OM StateMachine ApplyTransaction Thread - 0] INFO  upgrade.OMPrepareRequest (OMPrepareRequest.java:waitForLogIndex(176)) - omNode-1 waiting for index 78 to flush to OM DB and index 79 to flush to Ratis state machine.
2022-08-23 13:11:44,336 [OM StateMachine ApplyTransaction Thread - 0] INFO  upgrade.OMPrepareRequest (OMPrepareRequest.java:validateAndUpdateCache(67)) - OM omNode-2 Received prepare request with log index 78
2022-08-23 13:11:44,336 [OM StateMachine ApplyTransaction Thread - 0] INFO  upgrade.OMPrepareRequest (OMPrepareRequest.java:waitForLogIndex(176)) - omNode-2 waiting for index 78 to flush to OM DB and index 79 to flush to Ratis state machine.
2022-08-23 13:11:49,332 [OM StateMachine ApplyTransaction Thread - 0] INFO  ratis.OzoneManagerStateMachine (OzoneManagerStateMachine.java:takeSnapshot(441)) - Current Snapshot Index (t:2, i:79)
2022-08-23 13:11:49,332 [OM StateMachine ApplyTransaction Thread - 0] INFO  segmented.SegmentedRaftLogWorker (SegmentedRaftLogWorker.java:lambda$new$0(135)) - omNode-3@group-523986131536-SegmentedRaftLogWorker: flushIndex: setUnconditionally 79 -> 79
2022-08-23 13:11:49,332 [OM StateMachine ApplyTransaction Thread - 0] INFO  segmented.SegmentedRaftLogWorker (SegmentedRaftLogWorker.java:lambda$new$0(135)) - omNode-3@group-523986131536-SegmentedRaftLogWorker: safeCacheEvictIndex: setUnconditionally -1 -> 79
2022-08-23 13:11:49,333 [OM StateMachine ApplyTransaction Thread - 0] INFO  segmented.SegmentedRaftLogWorker (SegmentedRaftLogWorker.java:closeLogSegment(446)) - omNode-3@group-523986131536-SegmentedRaftLogWorker: Closing segment log_inprogress_26 to index: 79
2022-08-23 13:11:49,333 [OM StateMachine ApplyTransaction Thread - 0] INFO  raftlog.RaftLog (RaftLogBase.java:lambda$new$0(53)) - omNode-3@group-523986131536-SegmentedRaftLog: snapshotIndex: updateIncreasingly 75 -> 79
2022-08-23 13:11:49,334 [omNode-3@group-523986131536-SegmentedRaftLogWorker] INFO  segmented.SegmentedRaftLogWorker (SegmentedRaftLogWorker.java:execute(586)) - omNode-3@group-523986131536-SegmentedRaftLogWorker: Rolled log segment from /home/runner/work/ozone/ozone/hadoop-ozone/integration-test/target/test-dir/MiniOzoneClusterImpl-4608f117-74fa-4099-bfe6-1cf4b0c0a0c3/omNode-3/ratis/c9bc4cf4-3bc3-3c60-a66b-523986131536/current/log_inprogress_26 to /home/runner/work/ozone/ozone/hadoop-ozone/integration-test/target/test-dir/MiniOzoneClusterImpl-4608f117-74fa-4099-bfe6-1cf4b0c0a0c3/omNode-3/ratis/c9bc4cf4-3bc3-3c60-a66b-523986131536/current/log_26-79
2022-08-23 13:11:49,335 [OM StateMachine ApplyTransaction Thread - 0] INFO  om.OzoneManagerPrepareState (OzoneManagerPrepareState.java:writePrepareMarkerFile(262)) - Prepare marker file written with log index 78 to file /home/runner/work/ozone/ozone/hadoop-ozone/integration-test/target/test-dir/MiniOzoneClusterImpl-4608f117-74fa-4099-bfe6-1cf4b0c0a0c3/omNode-3/current/prepareMarker
2022-08-23 13:11:49,335 [OM StateMachine ApplyTransaction Thread - 0] INFO  upgrade.OMPrepareRequest (OMPrepareRequest.java:validateAndUpdateCache(120)) - OM omNode-3 prepared at log index 78. Returning response txnID: 78
 with log index 78
2022-08-23 13:11:49,336 [OM StateMachine ApplyTransaction Thread - 0] INFO  ratis.OzoneManagerStateMachine (OzoneManagerStateMachine.java:takeSnapshot(441)) - Current Snapshot Index (t:2, i:79)
2022-08-23 13:11:49,337 [OM StateMachine ApplyTransaction Thread - 0] INFO  segmented.SegmentedRaftLogWorker (SegmentedRaftLogWorker.java:lambda$new$0(135)) - omNode-1@group-523986131536-SegmentedRaftLogWorker: flushIndex: setUnconditionally 79 -> 79
2022-08-23 13:11:49,337 [OM StateMachine ApplyTransaction Thread - 0] INFO  segmented.SegmentedRaftLogWorker (SegmentedRaftLogWorker.java:lambda$new$0(135)) - omNode-1@group-523986131536-SegmentedRaftLogWorker: safeCacheEvictIndex: setUnconditionally -1 -> 79
2022-08-23 13:11:49,337 [OM StateMachine ApplyTransaction Thread - 0] INFO  segmented.SegmentedRaftLogWorker (SegmentedRaftLogWorker.java:closeLogSegment(446)) - omNode-1@group-523986131536-SegmentedRaftLogWorker: Closing segment log_inprogress_26 to index: 79
2022-08-23 13:11:49,337 [OM StateMachine ApplyTransaction Thread - 0] INFO  raftlog.RaftLog (RaftLogBase.java:lambda$new$0(53)) - omNode-1@group-523986131536-SegmentedRaftLog: snapshotIndex: updateIncreasingly 75 -> 79
2022-08-23 13:11:49,337 [Listener at localhost/34427] INFO  om.TestOzoneManagerPrepare (TestOzoneManagerPrepare.java:lambda$assertClusterPrepared$7(464)) - omNode-3 has prepare status: PREPARE_COMPLETED prepare index: 78.
2022-08-23 13:11:49,338 [Listener at localhost/34427] INFO  om.TestOzoneManagerPrepare (TestOzoneManagerPrepare.java:lambda$assertClusterPrepared$7(464)) - omNode-1 has prepare status: NOT_PREPARED prepare index: -1.
2022-08-23 13:11:49,338 [omNode-1@group-523986131536-SegmentedRaftLogWorker] INFO  segmented.SegmentedRaftLogWorker (SegmentedRaftLogWorker.java:execute(586)) - omNode-1@group-523986131536-SegmentedRaftLogWorker: Rolled log segment from /home/runner/work/ozone/ozone/hadoop-ozone/integration-test/target/test-dir/MiniOzoneClusterImpl-4608f117-74fa-4099-bfe6-1cf4b0c0a0c3/omNode-1/ratis/c9bc4cf4-3bc3-3c60-a66b-523986131536/current/log_inprogress_26 to /home/runner/work/ozone/ozone/hadoop-ozone/integration-test/target/test-dir/MiniOzoneClusterImpl-4608f117-74fa-4099-bfe6-1cf4b0c0a0c3/omNode-1/ratis/c9bc4cf4-3bc3-3c60-a66b-523986131536/current/log_26-79
2022-08-23 13:11:49,339 [OM StateMachine ApplyTransaction Thread - 0] INFO  om.OzoneManagerPrepareState (OzoneManagerPrepareState.java:writePrepareMarkerFile(262)) - Prepare marker file written with log index 78 to file /home/runner/work/ozone/ozone/hadoop-ozone/integration-test/target/test-dir/MiniOzoneClusterImpl-4608f117-74fa-4099-bfe6-1cf4b0c0a0c3/omNode-1/current/prepareMarker
2022-08-23 13:11:49,339 [OM StateMachine ApplyTransaction Thread - 0] INFO  upgrade.OMPrepareRequest (OMPrepareRequest.java:validateAndUpdateCache(120)) - OM omNode-1 prepared at log index 78. Returning response txnID: 78
 with log index 78
2022-08-23 13:11:50,338 [Listener at localhost/34427] INFO  om.TestOzoneManagerPrepare (TestOzoneManagerPrepare.java:lambda$assertClusterPrepared$7(464)) - omNode-1 has prepare status: PREPARE_COMPLETED prepare index: 78.
2022-08-23 13:11:50,340 [Listener at localhost/34427] INFO  om.TestOzoneManagerPrepare (TestOzoneManagerPrepare.java:lambda$assertClusterPrepared$7(464)) - omNode-2 has prepare status: NOT_PREPARED prepare index: -1.
2022-08-23 13:11:51,340 [Listener at localhost/34427] INFO  om.TestOzoneManagerPrepare (TestOzoneManagerPrepare.java:lambda$assertClusterPrepared$7(464)) - omNode-2 has prepare status: NOT_PREPARED prepare index: -1.
2022-08-23 13:11:52,342 [Listener at localhost/34427] INFO  om.TestOzoneManagerPrepare (TestOzoneManagerPrepare.java:lambda$assertClusterPrepared$7(464)) - omNode-2 has prepare status: NOT_PREPARED prepare index: -1.
2022-08-23 13:11:53,343 [Listener at localhost/34427] INFO  om.TestOzoneManagerPrepare (TestOzoneManagerPrepare.java:lambda$assertClusterPrepared$7(464)) - omNode-2 has prepare status: NOT_PREPARED prepare index: -1.
2022-08-23 13:11:54,345 [Listener at localhost/34427] INFO  om.TestOzoneManagerPrepare (TestOzoneManagerPrepare.java:lambda$assertClusterPrepared$7(464)) - omNode-2 has prepare status: NOT_PREPARED prepare index: -1.
2022-08-23 13:11:55,346 [Listener at localhost/34427] INFO  om.TestOzoneManagerPrepare (TestOzoneManagerPrepare.java:lambda$assertClusterPrepared$7(464)) - omNode-2 has prepare status: NOT_PREPARED prepare index: -1.
2022-08-23 13:11:56,347 [Listener at localhost/34427] INFO  om.TestOzoneManagerPrepare (TestOzoneManagerPrepare.java:lambda$assertClusterPrepared$7(464)) - omNode-2 has prepare status: NOT_PREPARED prepare index: -1.
2022-08-23 13:11:57,348 [Listener at localhost/34427] INFO  om.TestOzoneManagerPrepare (TestOzoneManagerPrepare.java:lambda$assertClusterPrepared$7(464)) - omNode-2 has prepare status: NOT_PREPARED prepare index: -1.
2022-08-23 13:11:58,350 [Listener at localhost/34427] INFO  om.TestOzoneManagerPrepare (TestOzoneManagerPrepare.java:lambda$assertClusterPrepared$7(464)) - omNode-2 has prepare status: NOT_PREPARED prepare index: -1.
2022-08-23 13:11:59,350 [Listener at localhost/34427] INFO  om.TestOzoneManagerPrepare (TestOzoneManagerPrepare.java:lambda$assertClusterPrepared$7(464)) - omNode-2 has prepare status: NOT_PREPARED prepare index: -1.
2022-08-23 13:12:00,351 [Listener at localhost/34427] INFO  om.TestOzoneManagerPrepare (TestOzoneManagerPrepare.java:lambda$assertClusterPrepared$7(464)) - omNode-2 has prepare status: NOT_PREPARED prepare index: -1.
2022-08-23 13:12:01,352 [Listener at localhost/34427] INFO  om.TestOzoneManagerPrepare (TestOzoneManagerPrepare.java:lambda$assertClusterPrepared$7(464)) - omNode-2 has prepare status: NOT_PREPARED prepare index: -1.
2022-08-23 13:12:02,352 [Listener at localhost/34427] INFO  om.TestOzoneManagerPrepare (TestOzoneManagerPrepare.java:lambda$assertClusterPrepared$7(464)) - omNode-2 has prepare status: NOT_PREPARED prepare index: -1.
2022-08-23 13:12:03,353 [Listener at localhost/34427] INFO  om.TestOzoneManagerPrepare (TestOzoneManagerPrepare.java:lambda$assertClusterPrepared$7(464)) - omNode-2 has prepare status: NOT_PREPARED prepare index: -1.
2022-08-23 13:12:04,353 [Listener at localhost/34427] INFO  om.TestOzoneManagerPrepare (TestOzoneManagerPrepare.java:lambda$assertClusterPrepared$7(464)) - omNode-2 has prepare status: NOT_PREPARED prepare index: -1.
2022-08-23 13:12:05,354 [Listener at localhost/34427] INFO  om.TestOzoneManagerPrepare (TestOzoneManagerPrepare.java:lambda$assertClusterPrepared$7(464)) - omNode-2 has prepare status: NOT_PREPARED prepare index: -1.
2022-08-23 13:12:06,355 [Listener at localhost/34427] INFO  om.TestOzoneManagerPrepare (TestOzoneManagerPrepare.java:lambda$assertClusterPrepared$7(464)) - omNode-2 has prepare status: NOT_PREPARED prepare index: -1.
2022-08-23 13:12:07,355 [Listener at localhost/34427] INFO  om.TestOzoneManagerPrepare (TestOzoneManagerPrepare.java:lambda$assertClusterPrepared$7(464)) - omNode-2 has prepare status: NOT_PREPARED prepare index: -1.
2022-08-23 13:12:08,356 [Listener at localhost/34427] INFO  om.TestOzoneManagerPrepare (TestOzoneManagerPrepare.java:lambda$assertClusterPrepared$7(464)) - omNode-2 has prepare status: NOT_PREPARED prepare index: -1.
2022-08-23 13:12:09,205 [UnderReplicatedQueueThreadThread] INFO  replication.UnderReplicatedProcessor (UnderReplicatedProcessor.java:processAll(85)) - Processed 0 under replicated containers, failed processing 0
2022-08-23 13:12:09,221 [OverReplicatedQueueThreadThread] INFO  replication.OverReplicatedProcessor (OverReplicatedProcessor.java:processAll(83)) - Processed 0 over replicated containers, failed processing 0
2022-08-23 13:12:09,357 [Listener at localhost/34427] INFO  om.TestOzoneManagerPrepare (TestOzoneManagerPrepare.java:lambda$assertClusterPrepared$7(464)) - omNode-2 has prepare status: NOT_PREPARED prepare index: -1.
2022-08-23 13:12:10,357 [Listener at localhost/34427] INFO  om.TestOzoneManagerPrepare (TestOzoneManagerPrepare.java:lambda$assertClusterPrepared$7(464)) - omNode-2 has prepare status: NOT_PREPARED prepare index: -1.
2022-08-23 13:12:11,358 [Listener at localhost/34427] INFO  om.TestOzoneManagerPrepare (TestOzoneManagerPrepare.java:lambda$assertClusterPrepared$7(464)) - omNode-2 has prepare status: NOT_PREPARED prepare index: -1.
2022-08-23 13:12:12,358 [Listener at localhost/34427] INFO  om.TestOzoneManagerPrepare (TestOzoneManagerPrepare.java:lambda$assertClusterPrepared$7(464)) - omNode-2 has prepare status: NOT_PREPARED prepare index: -1.
2022-08-23 13:12:13,359 [Listener at localhost/34427] INFO  om.TestOzoneManagerPrepare (TestOzoneManagerPrepare.java:lambda$assertClusterPrepared$7(464)) - omNode-2 has prepare status: NOT_PREPARED prepare index: -1.
2022-08-23 13:12:14,359 [Listener at localhost/34427] INFO  om.TestOzoneManagerPrepare (TestOzoneManagerPrepare.java:lambda$assertClusterPrepared$7(464)) - omNode-2 has prepare status: NOT_PREPARED prepare index: -1.
2022-08-23 13:12:15,360 [Listener at localhost/34427] INFO  om.TestOzoneManagerPrepare (TestOzoneManagerPrepare.java:lambda$assertClusterPrepared$7(464)) - omNode-2 has prepare status: NOT_PREPARED prepare index: -1.
2022-08-23 13:12:16,360 [Listener at localhost/34427] INFO  om.TestOzoneManagerPrepare (TestOzoneManagerPrepare.java:lambda$assertClusterPrepared$7(464)) - omNode-2 has prepare status: NOT_PREPARED prepare index: -1.
2022-08-23 13:12:17,361 [Listener at localhost/34427] INFO  om.TestOzoneManagerPrepare (TestOzoneManagerPrepare.java:lambda$assertClusterPrepared$7(464)) - omNode-2 has prepare status: NOT_PREPARED prepare index: -1.
2022-08-23 13:12:18,361 [Listener at localhost/34427] INFO  om.TestOzoneManagerPrepare (TestOzoneManagerPrepare.java:lambda$assertClusterPrepared$7(464)) - omNode-2 has prepare status: NOT_PREPARED prepare index: -1.
2022-08-23 13:12:19,362 [Listener at localhost/34427] INFO  om.TestOzoneManagerPrepare (TestOzoneManagerPrepare.java:lambda$assertClusterPrepared$7(464)) - omNode-2 has prepare status: NOT_PREPARED prepare index: -1.
2022-08-23 13:12:20,363 [Listener at localhost/34427] INFO  om.TestOzoneManagerPrepare (TestOzoneManagerPrepare.java:lambda$assertClusterPrepared$7(464)) - omNode-2 has prepare status: NOT_PREPARED prepare index: -1.
2022-08-23 13:12:21,363 [Listener at localhost/34427] INFO  om.TestOzoneManagerPrepare (TestOzoneManagerPrepare.java:lambda$assertClusterPrepared$7(464)) - omNode-2 has prepare status: NOT_PREPARED prepare index: -1.
2022-08-23 13:12:22,364 [Listener at localhost/34427] INFO  om.TestOzoneManagerPrepare (TestOzoneManagerPrepare.java:lambda$assertClusterPrepared$7(464)) - omNode-2 has prepare status: NOT_PREPARED prepare index: -1.
2022-08-23 13:12:23,365 [Listener at localhost/34427] INFO  om.TestOzoneManagerPrepare (TestOzoneManagerPrepare.java:lambda$assertClusterPrepared$7(464)) - omNode-2 has prepare status: NOT_PREPARED prepare index: -1.
2022-08-23 13:12:24,365 [Listener at localhost/34427] INFO  om.TestOzoneManagerPrepare (TestOzoneManagerPrepare.java:lambda$assertClusterPrepared$7(464)) - omNode-2 has prepare status: NOT_PREPARED prepare index: -1.
2022-08-23 13:12:25,366 [Listener at localhost/34427] INFO  om.TestOzoneManagerPrepare (TestOzoneManagerPrepare.java:lambda$assertClusterPrepared$7(464)) - omNode-2 has prepare status: NOT_PREPARED prepare index: -1.
2022-08-23 13:12:26,367 [Listener at localhost/34427] INFO  om.TestOzoneManagerPrepare (TestOzoneManagerPrepare.java:lambda$assertClusterPrepared$7(464)) - omNode-2 has prepare status: NOT_PREPARED prepare index: -1.
2022-08-23 13:12:27,367 [Listener at localhost/34427] INFO  om.TestOzoneManagerPrepare (TestOzoneManagerPrepare.java:lambda$assertClusterPrepared$7(464)) - omNode-2 has prepare status: NOT_PREPARED prepare index: -1.
2022-08-23 13:12:28,368 [Listener at localhost/34427] INFO  om.TestOzoneManagerPrepare (TestOzoneManagerPrepare.java:lambda$assertClusterPrepared$7(464)) - omNode-2 has prepare status: NOT_PREPARED prepare index: -1.
2022-08-23 13:12:29,368 [Listener at localhost/34427] INFO  om.TestOzoneManagerPrepare (TestOzoneManagerPrepare.java:lambda$assertClusterPrepared$7(464)) - omNode-2 has prepare status: NOT_PREPARED prepare index: -1.
2022-08-23 13:12:30,369 [Listener at localhost/34427] INFO  om.TestOzoneManagerPrepare (TestOzoneManagerPrepare.java:lambda$assertClusterPrepared$7(464)) - omNode-2 has prepare status: NOT_PREPARED prepare index: -1.
2022-08-23 13:12:31,369 [Listener at localhost/34427] INFO  om.TestOzoneManagerPrepare (TestOzoneManagerPrepare.java:lambda$assertClusterPrepared$7(464)) - omNode-2 has prepare status: NOT_PREPARED prepare index: -1.
2022-08-23 13:12:32,370 [Listener at localhost/34427] INFO  om.TestOzoneManagerPrepare (TestOzoneManagerPrepare.java:lambda$assertClusterPrepared$7(464)) - omNode-2 has prepare status: NOT_PREPARED prepare index: -1.
2022-08-23 13:12:33,371 [Listener at localhost/34427] INFO  om.TestOzoneManagerPrepare (TestOzoneManagerPrepare.java:lambda$assertClusterPrepared$7(464)) - omNode-2 has prepare status: NOT_PREPARED prepare index: -1.
2022-08-23 13:12:34,371 [Listener at localhost/34427] INFO  om.TestOzoneManagerPrepare (TestOzoneManagerPrepare.java:lambda$assertClusterPrepared$7(464)) - omNode-2 has prepare status: NOT_PREPARED prepare index: -1.
2022-08-23 13:12:35,372 [Listener at localhost/34427] INFO  om.TestOzoneManagerPrepare (TestOzoneManagerPrepare.java:lambda$assertClusterPrepared$7(464)) - omNode-2 has prepare status: NOT_PREPARED prepare index: -1.
2022-08-23 13:12:36,373 [Listener at localhost/34427] INFO  om.TestOzoneManagerPrepare (TestOzoneManagerPrepare.java:lambda$assertClusterPrepared$7(464)) - omNode-2 has prepare status: NOT_PREPARED prepare index: -1.
2022-08-23 13:12:37,373 [Listener at localhost/34427] INFO  om.TestOzoneManagerPrepare (TestOzoneManagerPrepare.java:lambda$assertClusterPrepared$7(464)) - omNode-2 has prepare status: NOT_PREPARED prepare index: -1.
2022-08-23 13:12:38,374 [Listener at localhost/34427] INFO  om.TestOzoneManagerPrepare (TestOzoneManagerPrepare.java:lambda$assertClusterPrepared$7(464)) - omNode-2 has prepare status: NOT_PREPARED prepare index: -1.
2022-08-23 13:12:39,205 [UnderReplicatedQueueThreadThread] INFO  replication.UnderReplicatedProcessor (UnderReplicatedProcessor.java:processAll(85)) - Processed 0 under replicated containers, failed processing 0
2022-08-23 13:12:39,222 [OverReplicatedQueueThreadThread] INFO  replication.OverReplicatedProcessor (OverReplicatedProcessor.java:processAll(83)) - Processed 0 over replicated containers, failed processing 0
2022-08-23 13:12:39,375 [Listener at localhost/34427] INFO  om.TestOzoneManagerPrepare (TestOzoneManagerPrepare.java:lambda$assertClusterPrepared$7(464)) - omNode-2 has prepare status: NOT_PREPARED prepare index: -1.
2022-08-23 13:12:40,375 [Listener at localhost/34427] INFO  om.TestOzoneManagerPrepare (TestOzoneManagerPrepare.java:lambda$assertClusterPrepared$7(464)) - omNode-2 has prepare status: NOT_PREPARED prepare index: -1.
2022-08-23 13:12:41,376 [Listener at localhost/34427] INFO  om.TestOzoneManagerPrepare (TestOzoneManagerPrepare.java:lambda$assertClusterPrepared$7(464)) - omNode-2 has prepare status: NOT_PREPARED prepare index: -1.
2022-08-23 13:12:42,376 [Listener at localhost/34427] INFO  om.TestOzoneManagerPrepare (TestOzoneManagerPrepare.java:lambda$assertClusterPrepared$7(464)) - omNode-2 has prepare status: NOT_PREPARED prepare index: -1.
2022-08-23 13:12:43,377 [Listener at localhost/34427] INFO  om.TestOzoneManagerPrepare (TestOzoneManagerPrepare.java:lambda$assertClusterPrepared$7(464)) - omNode-2 has prepare status: NOT_PREPARED prepare index: -1.
2022-08-23 13:12:44,377 [Listener at localhost/34427] INFO  om.TestOzoneManagerPrepare (TestOzoneManagerPrepare.java:lambda$assertClusterPrepared$7(464)) - omNode-2 has prepare status: NOT_PREPARED prepare index: -1.
2022-08-23 13:12:45,378 [Listener at localhost/34427] INFO  om.TestOzoneManagerPrepare (TestOzoneManagerPrepare.java:lambda$assertClusterPrepared$7(464)) - omNode-2 has prepare status: NOT_PREPARED prepare index: -1.
2022-08-23 13:12:46,378 [Listener at localhost/34427] INFO  om.TestOzoneManagerPrepare (TestOzoneManagerPrepare.java:lambda$assertClusterPrepared$7(464)) - omNode-2 has prepare status: NOT_PREPARED prepare index: -1.
2022-08-23 13:12:47,379 [Listener at localhost/34427] INFO  om.TestOzoneManagerPrepare (TestOzoneManagerPrepare.java:lambda$assertClusterPrepared$7(464)) - omNode-2 has prepare status: NOT_PREPARED prepare index: -1.
2022-08-23 13:12:48,379 [Listener at localhost/34427] INFO  om.TestOzoneManagerPrepare (TestOzoneManagerPrepare.java:lambda$assertClusterPrepared$7(464)) - omNode-2 has prepare status: NOT_PREPARED prepare index: -1.
2022-08-23 13:12:49,380 [Listener at localhost/34427] INFO  om.TestOzoneManagerPrepare (TestOzoneManagerPrepare.java:lambda$assertClusterPrepared$7(464)) - omNode-2 has prepare status: NOT_PREPARED prepare index: -1.
2022-08-23 13:12:50,381 [Listener at localhost/34427] INFO  om.TestOzoneManagerPrepare (TestOzoneManagerPrepare.java:lambda$assertClusterPrepared$7(464)) - omNode-2 has prepare status: NOT_PREPARED prepare index: -1.
2022-08-23 13:12:51,381 [Listener at localhost/34427] INFO  om.TestOzoneManagerPrepare (TestOzoneManagerPrepare.java:lambda$assertClusterPrepared$7(464)) - omNode-2 has prepare status: NOT_PREPARED prepare index: -1.
2022-08-23 13:12:52,382 [Listener at localhost/34427] INFO  om.TestOzoneManagerPrepare (TestOzoneManagerPrepare.java:lambda$assertClusterPrepared$7(464)) - omNode-2 has prepare status: NOT_PREPARED prepare index: -1.
2022-08-23 13:12:53,382 [Listener at localhost/34427] INFO  om.TestOzoneManagerPrepare (TestOzoneManagerPrepare.java:lambda$assertClusterPrepared$7(464)) - omNode-2 has prepare status: NOT_PREPARED prepare index: -1.
2022-08-23 13:12:54,383 [Listener at localhost/34427] INFO  om.TestOzoneManagerPrepare (TestOzoneManagerPrepare.java:lambda$assertClusterPrepared$7(464)) - omNode-2 has prepare status: NOT_PREPARED prepare index: -1.
2022-08-23 13:12:55,384 [Listener at localhost/34427] INFO  om.TestOzoneManagerPrepare (TestOzoneManagerPrepare.java:lambda$assertClusterPrepared$7(464)) - omNode-2 has prepare status: NOT_PREPARED prepare index: -1.
2022-08-23 13:12:56,384 [Listener at localhost/34427] INFO  om.TestOzoneManagerPrepare (TestOzoneManagerPrepare.java:lambda$assertClusterPrepared$7(464)) - omNode-2 has prepare status: NOT_PREPARED prepare index: -1.
2022-08-23 13:12:57,384 [Listener at localhost/34427] INFO  om.TestOzoneManagerPrepare (TestOzoneManagerPrepare.java:lambda$assertClusterPrepared$7(464)) - omNode-2 has prepare status: NOT_PREPARED prepare index: -1.
2022-08-23 13:12:58,385 [Listener at localhost/34427] INFO  om.TestOzoneManagerPrepare (TestOzoneManagerPrepare.java:lambda$assertClusterPrepared$7(464)) - omNode-2 has prepare status: NOT_PREPARED prepare index: -1.
2022-08-23 13:12:59,386 [Listener at localhost/34427] INFO  om.TestOzoneManagerPrepare (TestOzoneManagerPrepare.java:lambda$assertClusterPrepared$7(464)) - omNode-2 has prepare status: NOT_PREPARED prepare index: -1.
2022-08-23 13:13:00,386 [Listener at localhost/34427] INFO  om.TestOzoneManagerPrepare (TestOzoneManagerPrepare.java:lambda$assertClusterPrepared$7(464)) - omNode-2 has prepare status: NOT_PREPARED prepare index: -1.
2022-08-23 13:13:01,387 [Listener at localhost/34427] INFO  om.TestOzoneManagerPrepare (TestOzoneManagerPrepare.java:lambda$assertClusterPrepared$7(464)) - omNode-2 has prepare status: NOT_PREPARED prepare index: -1.
2022-08-23 13:13:02,387 [Listener at localhost/34427] INFO  om.TestOzoneManagerPrepare (TestOzoneManagerPrepare.java:lambda$assertClusterPrepared$7(464)) - omNode-2 has prepare status: NOT_PREPARED prepare index: -1.
2022-08-23 13:13:03,387 [Listener at localhost/34427] INFO  om.TestOzoneManagerPrepare (TestOzoneManagerPrepare.java:lambda$assertClusterPrepared$7(464)) - omNode-2 has prepare status: NOT_PREPARED prepare index: -1.
2022-08-23 13:13:04,388 [Listener at localhost/34427] INFO  om.TestOzoneManagerPrepare (TestOzoneManagerPrepare.java:lambda$assertClusterPrepared$7(464)) - omNode-2 has prepare status: NOT_PREPARED prepare index: -1.
2022-08-23 13:13:05,389 [Listener at localhost/34427] INFO  om.TestOzoneManagerPrepare (TestOzoneManagerPrepare.java:lambda$assertClusterPrepared$7(464)) - omNode-2 has prepare status: NOT_PREPARED prepare index: -1.
2022-08-23 13:13:06,389 [Listener at localhost/34427] INFO  om.TestOzoneManagerPrepare (TestOzoneManagerPrepare.java:lambda$assertClusterPrepared$7(464)) - omNode-2 has prepare status: NOT_PREPARED prepare index: -1.
2022-08-23 13:13:07,390 [Listener at localhost/34427] INFO  om.TestOzoneManagerPrepare (TestOzoneManagerPrepare.java:lambda$assertClusterPrepared$7(464)) - omNode-2 has prepare status: NOT_PREPARED prepare index: -1.
2022-08-23 13:13:08,390 [Listener at localhost/34427] INFO  om.TestOzoneManagerPrepare (TestOzoneManagerPrepare.java:lambda$assertClusterPrepared$7(464)) - omNode-2 has prepare status: NOT_PREPARED prepare index: -1.
2022-08-23 13:13:09,205 [UnderReplicatedQueueThreadThread] INFO  replication.UnderReplicatedProcessor (UnderReplicatedProcessor.java:processAll(85)) - Processed 0 under replicated containers, failed processing 0
2022-08-23 13:13:09,222 [OverReplicatedQueueThreadThread] INFO  replication.OverReplicatedProcessor (OverReplicatedProcessor.java:processAll(83)) - Processed 0 over replicated containers, failed processing 0
2022-08-23 13:13:09,391 [Listener at localhost/34427] INFO  om.TestOzoneManagerPrepare (TestOzoneManagerPrepare.java:lambda$assertClusterPrepared$7(464)) - omNode-2 has prepare status: NOT_PREPARED prepare index: -1.
2022-08-23 13:13:10,391 [Listener at localhost/34427] INFO  om.TestOzoneManagerPrepare (TestOzoneManagerPrepare.java:lambda$assertClusterPrepared$7(464)) - omNode-2 has prepare status: NOT_PREPARED prepare index: -1.
2022-08-23 13:13:11,392 [Listener at localhost/34427] INFO  om.TestOzoneManagerPrepare (TestOzoneManagerPrepare.java:lambda$assertClusterPrepared$7(464)) - omNode-2 has prepare status: NOT_PREPARED prepare index: -1.
2022-08-23 13:13:12,392 [Listener at localhost/34427] INFO  om.TestOzoneManagerPrepare (TestOzoneManagerPrepare.java:lambda$assertClusterPrepared$7(464)) - omNode-2 has prepare status: NOT_PREPARED prepare index: -1.
2022-08-23 13:13:13,393 [Listener at localhost/34427] INFO  om.TestOzoneManagerPrepare (TestOzoneManagerPrepare.java:lambda$assertClusterPrepared$7(464)) - omNode-2 has prepare status: NOT_PREPARED prepare index: -1.
2022-08-23 13:13:14,393 [Listener at localhost/34427] INFO  om.TestOzoneManagerPrepare (TestOzoneManagerPrepare.java:lambda$assertClusterPrepared$7(464)) - omNode-2 has prepare status: NOT_PREPARED prepare index: -1.
2022-08-23 13:13:15,394 [Listener at localhost/34427] INFO  om.TestOzoneManagerPrepare (TestOzoneManagerPrepare.java:lambda$assertClusterPrepared$7(464)) - omNode-2 has prepare status: NOT_PREPARED prepare index: -1.
2022-08-23 13:13:16,394 [Listener at localhost/34427] INFO  om.TestOzoneManagerPrepare (TestOzoneManagerPrepare.java:lambda$assertClusterPrepared$7(464)) - omNode-2 has prepare status: NOT_PREPARED prepare index: -1.
2022-08-23 13:13:17,395 [Listener at localhost/34427] INFO  om.TestOzoneManagerPrepare (TestOzoneManagerPrepare.java:lambda$assertClusterPrepared$7(464)) - omNode-2 has prepare status: NOT_PREPARED prepare index: -1.
2022-08-23 13:13:18,396 [Listener at localhost/34427] INFO  om.TestOzoneManagerPrepare (TestOzoneManagerPrepare.java:lambda$assertClusterPrepared$7(464)) - omNode-2 has prepare status: NOT_PREPARED prepare index: -1.
2022-08-23 13:13:19,397 [Listener at localhost/34427] INFO  om.TestOzoneManagerPrepare (TestOzoneManagerPrepare.java:lambda$assertClusterPrepared$7(464)) - omNode-2 has prepare status: NOT_PREPARED prepare index: -1.
2022-08-23 13:13:20,397 [Listener at localhost/34427] INFO  om.TestOzoneManagerPrepare (TestOzoneManagerPrepare.java:lambda$assertClusterPrepared$7(464)) - omNode-2 has prepare status: NOT_PREPARED prepare index: -1.
2022-08-23 13:13:21,398 [Listener at localhost/34427] INFO  om.TestOzoneManagerPrepare (TestOzoneManagerPrepare.java:lambda$assertClusterPrepared$7(464)) - omNode-2 has prepare status: NOT_PREPARED prepare index: -1.
2022-08-23 13:13:22,398 [Listener at localhost/34427] INFO  om.TestOzoneManagerPrepare (TestOzoneManagerPrepare.java:lambda$assertClusterPrepared$7(464)) - omNode-2 has prepare status: NOT_PREPARED prepare index: -1.
2022-08-23 13:13:23,399 [Listener at localhost/34427] INFO  om.TestOzoneManagerPrepare (TestOzoneManagerPrepare.java:lambda$assertClusterPrepared$7(464)) - omNode-2 has prepare status: NOT_PREPARED prepare index: -1.
2022-08-23 13:13:24,400 [Listener at localhost/34427] INFO  om.TestOzoneManagerPrepare (TestOzoneManagerPrepare.java:lambda$assertClusterPrepared$7(464)) - omNode-2 has prepare status: NOT_PREPARED prepare index: -1.
2022-08-23 13:13:25,400 [Listener at localhost/34427] INFO  om.TestOzoneManagerPrepare (TestOzoneManagerPrepare.java:lambda$assertClusterPrepared$7(464)) - omNode-2 has prepare status: NOT_PREPARED prepare index: -1.
2022-08-23 13:13:26,401 [Listener at localhost/34427] INFO  om.TestOzoneManagerPrepare (TestOzoneManagerPrepare.java:lambda$assertClusterPrepared$7(464)) - omNode-2 has prepare status: NOT_PREPARED prepare index: -1.
2022-08-23 13:13:27,402 [Listener at localhost/34427] INFO  om.TestOzoneManagerPrepare (TestOzoneManagerPrepare.java:lambda$assertClusterPrepared$7(464)) - omNode-2 has prepare status: NOT_PREPARED prepare index: -1.
2022-08-23 13:13:28,402 [Listener at localhost/34427] INFO  om.TestOzoneManagerPrepare (TestOzoneManagerPrepare.java:lambda$assertClusterPrepared$7(464)) - omNode-2 has prepare status: NOT_PREPARED prepare index: -1.
2022-08-23 13:13:29,403 [Listener at localhost/34427] INFO  om.TestOzoneManagerPrepare (TestOzoneManagerPrepare.java:lambda$assertClusterPrepared$7(464)) - omNode-2 has prepare status: NOT_PREPARED prepare index: -1.
2022-08-23 13:13:30,403 [Listener at localhost/34427] INFO  om.TestOzoneManagerPrepare (TestOzoneManagerPrepare.java:lambda$assertClusterPrepared$7(464)) - omNode-2 has prepare status: NOT_PREPARED prepare index: -1.
2022-08-23 13:13:31,404 [Listener at localhost/34427] INFO  om.TestOzoneManagerPrepare (TestOzoneManagerPrepare.java:lambda$assertClusterPrepared$7(464)) - omNode-2 has prepare status: NOT_PREPARED prepare index: -1.
2022-08-23 13:13:32,405 [Listener at localhost/34427] INFO  om.TestOzoneManagerPrepare (TestOzoneManagerPrepare.java:lambda$assertClusterPrepared$7(464)) - omNode-2 has prepare status: NOT_PREPARED prepare index: -1.
2022-08-23 13:13:33,405 [Listener at localhost/34427] INFO  om.TestOzoneManagerPrepare (TestOzoneManagerPrepare.java:lambda$assertClusterPrepared$7(464)) - omNode-2 has prepare status: NOT_PREPARED prepare index: -1.
2022-08-23 13:13:34,406 [Listener at localhost/34427] INFO  om.TestOzoneManagerPrepare (TestOzoneManagerPrepare.java:lambda$assertClusterPrepared$7(464)) - omNode-2 has prepare status: NOT_PREPARED prepare index: -1.
2022-08-23 13:13:35,406 [Listener at localhost/34427] INFO  om.TestOzoneManagerPrepare (TestOzoneManagerPrepare.java:lambda$assertClusterPrepared$7(464)) - omNode-2 has prepare status: NOT_PREPARED prepare index: -1.
2022-08-23 13:13:36,407 [Listener at localhost/34427] INFO  om.TestOzoneManagerPrepare (TestOzoneManagerPrepare.java:lambda$assertClusterPrepared$7(464)) - omNode-2 has prepare status: NOT_PREPARED prepare index: -1.
2022-08-23 13:13:37,408 [Listener at localhost/34427] INFO  om.TestOzoneManagerPrepare (TestOzoneManagerPrepare.java:lambda$assertClusterPrepared$7(464)) - omNode-2 has prepare status: NOT_PREPARED prepare index: -1.
2022-08-23 13:13:38,409 [Listener at localhost/34427] INFO  om.TestOzoneManagerPrepare (TestOzoneManagerPrepare.java:lambda$assertClusterPrepared$7(464)) - omNode-2 has prepare status: NOT_PREPARED prepare index: -1.
2022-08-23 13:13:39,206 [UnderReplicatedQueueThreadThread] INFO  replication.UnderReplicatedProcessor (UnderReplicatedProcessor.java:processAll(85)) - Processed 0 under replicated containers, failed processing 0
2022-08-23 13:13:39,222 [OverReplicatedQueueThreadThread] INFO  replication.OverReplicatedProcessor (OverReplicatedProcessor.java:processAll(83)) - Processed 0 over replicated containers, failed processing 0
2022-08-23 13:13:39,409 [Listener at localhost/34427] INFO  om.TestOzoneManagerPrepare (TestOzoneManagerPrepare.java:lambda$assertClusterPrepared$7(464)) - omNode-2 has prepare status: NOT_PREPARED prepare index: -1.
2022-08-23 13:13:40,410 [Listener at localhost/34427] INFO  om.TestOzoneManagerPrepare (TestOzoneManagerPrepare.java:lambda$assertClusterPrepared$7(464)) - omNode-2 has prepare status: NOT_PREPARED prepare index: -1.
2022-08-23 13:13:41,410 [Listener at localhost/34427] INFO  om.TestOzoneManagerPrepare (TestOzoneManagerPrepare.java:lambda$assertClusterPrepared$7(464)) - omNode-2 has prepare status: NOT_PREPARED prepare index: -1.
2022-08-23 13:13:42,411 [Listener at localhost/34427] INFO  om.TestOzoneManagerPrepare (TestOzoneManagerPrepare.java:lambda$assertClusterPrepared$7(464)) - omNode-2 has prepare status: NOT_PREPARED prepare index: -1.
2022-08-23 13:13:43,411 [Listener at localhost/34427] INFO  om.TestOzoneManagerPrepare (TestOzoneManagerPrepare.java:lambda$assertClusterPrepared$7(464)) - omNode-2 has prepare status: NOT_PREPARED prepare index: -1.
2022-08-23 13:13:44,344 [OM StateMachine ApplyTransaction Thread - 0] ERROR upgrade.OMPrepareRequest (OMPrepareRequest.java:validateAndUpdateCache(131)) - Prepare Request Apply failed in omNode-2. 
java.io.IOException: After waiting for 120 seconds, Ratis state machine applied index 78 which is less than the minimum required index 79.
	at org.apache.hadoop.ozone.om.request.upgrade.OMPrepareRequest.waitForLogIndex(OMPrepareRequest.java:209)
	at org.apache.hadoop.ozone.om.request.upgrade.OMPrepareRequest.validateAndUpdateCache(OMPrepareRequest.java:111)
	at org.apache.hadoop.ozone.protocolPB.OzoneManagerRequestHandler.handleWriteRequest(OzoneManagerRequestHandler.java:304)
	at org.apache.hadoop.ozone.om.ratis.OzoneManagerStateMachine.runCommand(OzoneManagerStateMachine.java:529)
	at org.apache.hadoop.ozone.om.ratis.OzoneManagerStateMachine.lambda$1(OzoneManagerStateMachine.java:324)
	at java.util.concurrent.CompletableFuture$AsyncSupply.run(CompletableFuture.java:1604)
	at java.util.concurrent.ThreadPoolExecutor.runWorker(ThreadPoolExecutor.java:1149)
	at java.util.concurrent.ThreadPoolExecutor$Worker.run(ThreadPoolExecutor.java:624)
	at java.lang.Thread.run(Thread.java:750)
2022-08-23 13:13:44,348 [omNode-2@group-523986131536-StateMachineUpdater] INFO  ratis.OzoneManagerStateMachine (OzoneManagerStateMachine.java:takeSnapshot(441)) - Current Snapshot Index (t:2, i:78)
2022-08-23 13:13:44,348 [omNode-2@group-523986131536-StateMachineUpdater] INFO  impl.StateMachineUpdater (StateMachineUpdater.java:takeSnapshot(287)) - omNode-2@group-523986131536-StateMachineUpdater: Took a snapshot at index 78
2022-08-23 13:13:44,348 [omNode-2@group-523986131536-StateMachineUpdater] INFO  impl.StateMachineUpdater (StateMachineUpdater.java:lambda$new$0(92)) - omNode-2@group-523986131536-StateMachineUpdater: snapshotIndex: updateIncreasingly 27 -> 78
2022-08-23 13:13:44,348 [omNode-2@group-523986131536-StateMachineUpdater] INFO  raftlog.RaftLog (RaftLogBase.java:purge(308)) - omNode-2@group-523986131536-SegmentedRaftLog: purge 78
2022-08-23 13:13:44,348 [omNode-2@group-523986131536-StateMachineUpdater] INFO  raftlog.RaftLog (RaftLogBase.java:lambda$new$0(53)) - omNode-2@group-523986131536-SegmentedRaftLog: snapshotIndex: updateIncreasingly 27 -> 78
2022-08-23 13:13:44,348 [omNode-2@group-523986131536-StateMachineUpdater] INFO  raftlog.RaftLog (RaftLogBase.java:lambda$new$0(53)) - omNode-2@group-523986131536-SegmentedRaftLog: purgeIndex: updateToMax old=25, new=78, updated? true
2022-08-23 13:13:44,412 [Listener at localhost/34427] INFO  om.TestOzoneManagerPrepare (TestOzoneManagerPrepare.java:lambda$assertClusterPrepared$7(464)) - omNode-2 has prepare status: NOT_PREPARED prepare index: -1.
2022-08-23 13:13:45,413 [Listener at localhost/34427] INFO  om.TestOzoneManagerPrepare (TestOzoneManagerPrepare.java:lambda$assertClusterPrepared$7(464)) - omNode-2 has prepare status: NOT_PREPARED prepare index: -1.
2022-08-23 13:13:46,413 [Listener at localhost/34427] INFO  om.TestOzoneManagerPrepare (TestOzoneManagerPrepare.java:lambda$assertClusterPrepared$7(464)) - omNode-2 has prepare status: NOT_PREPARED prepare index: -1.
2022-08-23 13:13:47,414 [Listener at localhost/34427] INFO  om.TestOzoneManagerPrepare (TestOzoneManagerPrepare.java:lambda$assertClusterPrepared$7(464)) - omNode-2 has prepare status: NOT_PREPARED prepare index: -1.
2022-08-23 13:13:48,414 [Listener at localhost/34427] INFO  om.TestOzoneManagerPrepare (TestOzoneManagerPrepare.java:lambda$assertClusterPrepared$7(464)) - omNode-2 has prepare status: NOT_PREPARED prepare index: -1.
2022-08-23 13:13:49,415 [Listener at localhost/34427] INFO  om.TestOzoneManagerPrepare (TestOzoneManagerPrepare.java:lambda$assertClusterPrepared$7(464)) - omNode-2 has prepare status: NOT_PREPARED prepare index: -1.
2022-08-23 13:13:50,416 [Listener at localhost/34427] INFO  om.TestOzoneManagerPrepare (TestOzoneManagerPrepare.java:lambda$assertClusterPrepared$7(464)) - omNode-2 has prepare status: NOT_PREPARED prepare index: -1.
2022-08-23 13:13:50,420 [Listener at localhost/34427] INFO  om.OzoneManager (OzoneManager.java:stop(2022)) - omNode-3[localhost:45365]: Stopping Ozone Manager
2022-08-23 13:13:50,420 [Listener at localhost/34427] INFO  ipc.Server (Server.java:stop(3414)) - Stopping server on 45365
2022-08-23 13:13:50,424 [IPC Server listener on 45365] INFO  ipc.Server (Server.java:run(1376)) - Stopping IPC Server listener on 45365
2022-08-23 13:13:50,428 [IPC Server Responder] INFO  ipc.Server (Server.java:run(1512)) - Stopping IPC Server Responder
2022-08-23 13:13:50,433 [Listener at localhost/34427] INFO  server.RaftServer (RaftServerProxy.java:lambda$close$7(398)) - omNode-3: close
2022-08-23 13:13:50,433 [Listener at localhost/34427] INFO  server.RaftServer$Division (RaftServerImpl.java:lambda$close$4(434)) - omNode-3@group-523986131536: shutdown
2022-08-23 13:13:50,433 [Listener at localhost/34427] INFO  util.JmxRegister (JmxRegister.java:unregister(73)) - Successfully un-registered JMX Bean with object name Ratis:service=RaftServer,group=group-523986131536,id=omNode-3
2022-08-23 13:13:50,434 [Listener at localhost/34427] INFO  impl.RoleInfo (RoleInfo.java:shutdownLeaderState(93)) - omNode-3: shutdown omNode-3@group-523986131536-LeaderStateImpl
2022-08-23 13:13:50,434 [omNode-3@group-523986131536->omNode-2-GrpcLogAppender-LogAppenderDaemon] WARN  server.GrpcLogAppender (GrpcLogAppender.java:mayWait(171)) - omNode-3@group-523986131536->omNode-2-GrpcLogAppender: Wait interrupted by java.lang.InterruptedException
2022-08-23 13:13:50,434 [omNode-3@group-523986131536->omNode-1-GrpcLogAppender-LogAppenderDaemon] WARN  server.GrpcLogAppender (GrpcLogAppender.java:mayWait(171)) - omNode-3@group-523986131536->omNode-1-GrpcLogAppender: Wait interrupted by java.lang.InterruptedException
2022-08-23 13:13:50,434 [Listener at localhost/34427] INFO  impl.PendingRequests (PendingRequests.java:sendNotLeaderResponses(282)) - omNode-3@group-523986131536-PendingRequests: sendNotLeaderResponses
2022-08-23 13:13:50,436 [grpc-default-executor-2] INFO  server.GrpcServerProtocolService (GrpcServerProtocolService.java:onCompleted(140)) - omNode-1: Completed APPEND_ENTRIES, lastRequest: omNode-3->omNode-1#1926180-t2,previous=(t:2, i:78),leaderCommit=78,initializing? true,entries: size=1, first=(t:2, i:79), METADATAENTRY(c:78)
2022-08-23 13:13:50,436 [grpc-default-executor-3] INFO  server.GrpcServerProtocolService (GrpcServerProtocolService.java:onCompleted(140)) - omNode-2: Completed APPEND_ENTRIES, lastRequest: omNode-3->omNode-2#332-t2,previous=(t:2, i:78),leaderCommit=78,initializing? true,entries: size=1, first=(t:2, i:79), METADATAENTRY(c:78)
2022-08-23 13:13:50,438 [grpc-default-executor-2] INFO  server.GrpcLogAppender (GrpcLogAppender.java:onCompleted(339)) - omNode-3@group-523986131536->omNode-1-AppendLogResponseHandler: follower responses appendEntries COMPLETED
2022-08-23 13:13:50,438 [grpc-default-executor-2] INFO  leader.FollowerInfo (FollowerInfoImpl.java:lambda$new$0(48)) - omNode-3@group-523986131536->omNode-1: nextIndex: updateUnconditionally 80 -> 79
2022-08-23 13:13:50,440 [Listener at localhost/34427] INFO  impl.StateMachineUpdater (StateMachineUpdater.java:stopAndJoin(153)) - omNode-3@group-523986131536-StateMachineUpdater: set stopIndex = 79
2022-08-23 13:13:50,440 [omNode-3@group-523986131536-StateMachineUpdater] INFO  ratis.OzoneManagerStateMachine (OzoneManagerStateMachine.java:takeSnapshot(441)) - Current Snapshot Index (t:2, i:79)
2022-08-23 13:13:50,441 [omNode-3@group-523986131536-StateMachineUpdater] INFO  impl.StateMachineUpdater (StateMachineUpdater.java:takeSnapshot(287)) - omNode-3@group-523986131536-StateMachineUpdater: Took a snapshot at index 79
2022-08-23 13:13:50,441 [omNode-3@group-523986131536-StateMachineUpdater] INFO  impl.StateMachineUpdater (StateMachineUpdater.java:lambda$new$0(92)) - omNode-3@group-523986131536-StateMachineUpdater: snapshotIndex: updateIncreasingly 75 -> 79
2022-08-23 13:13:50,441 [omNode-3@group-523986131536-StateMachineUpdater] INFO  ratis.OzoneManagerStateMachine (OzoneManagerStateMachine.java:close(495)) - StateMachine has shutdown. Shutdown OzoneManager if not already shutdown.
2022-08-23 13:13:50,441 [omNode-3@group-523986131536-StateMachineUpdater] INFO  ratis.OzoneManagerDoubleBuffer (OzoneManagerDoubleBuffer.java:stop(466)) - Stopping OMDoubleBuffer flush thread
2022-08-23 13:13:50,441 [OMDoubleBufferFlushThread] INFO  ratis.OzoneManagerDoubleBuffer (OzoneManagerDoubleBuffer.java:flushTransactions(385)) - OMDoubleBuffer flush thread OMDoubleBufferFlushThread is interrupted and will exit.
2022-08-23 13:13:50,442 [grpc-default-executor-4] INFO  server.GrpcLogAppender (GrpcLogAppender.java:onCompleted(339)) - omNode-3@group-523986131536->omNode-2-AppendLogResponseHandler: follower responses appendEntries COMPLETED
2022-08-23 13:13:50,442 [grpc-default-executor-4] INFO  leader.FollowerInfo (FollowerInfoImpl.java:lambda$new$0(48)) - omNode-3@group-523986131536->omNode-2: nextIndex: updateUnconditionally 80 -> 79
2022-08-23 13:13:50,444 [Listener at localhost/34427] INFO  server.RaftServer$Division (ServerState.java:close(429)) - omNode-3@group-523986131536: closes. applyIndex: 79
2022-08-23 13:13:50,444 [omNode-3@group-523986131536-SegmentedRaftLogWorker] INFO  segmented.SegmentedRaftLogWorker (SegmentedRaftLogWorker.java:run(336)) - omNode-3@group-523986131536-SegmentedRaftLogWorker was interrupted, exiting. There are 0 tasks remaining in the queue.
2022-08-23 13:13:50,444 [Listener at localhost/34427] INFO  segmented.SegmentedRaftLogWorker (SegmentedRaftLogWorker.java:close(246)) - omNode-3@group-523986131536-SegmentedRaftLogWorker close()
2022-08-23 13:13:50,447 [Listener at localhost/34427] INFO  server.GrpcService (GrpcService.java:closeImpl(269)) - omNode-3: shutdown server with port 37767 now
2022-08-23 13:13:50,458 [Listener at localhost/34427] INFO  server.GrpcService (GrpcService.java:closeImpl(278)) - omNode-3: shutdown server with port 37767 successfully
2022-08-23 13:13:50,458 [org.apache.ratis.util.JvmPauseMonitor$$Lambda$708/1254431508@d583496] INFO  util.JvmPauseMonitor (JvmPauseMonitor.java:run(109)) - JvmPauseMonitor-omNode-3: Stopped
2022-08-23 13:13:50,458 [Listener at localhost/34427] INFO  ratis.OzoneManagerStateMachine (OzoneManagerStateMachine.java:close(495)) - StateMachine has shutdown. Shutdown OzoneManager if not already shutdown.
2022-08-23 13:13:50,459 [Listener at localhost/34427] INFO  ratis.OzoneManagerDoubleBuffer (OzoneManagerDoubleBuffer.java:stop(478)) - OMDoubleBuffer flush thread is not running.
2022-08-23 13:13:50,459 [Listener at localhost/34427] INFO  handler.ContextHandler (ContextHandler.java:doStop(1153)) - Stopped o.e.j.w.WebAppContext@7385c2f0{ozoneManager,/,null,STOPPED}{file:/home/runner/work/ozone/ozone/hadoop-ozone/integration-test/target/test-classes/webapps/ozoneManager}
2022-08-23 13:13:50,460 [Listener at localhost/34427] INFO  server.AbstractConnector (AbstractConnector.java:doStop(381)) - Stopped ServerConnector@ce4051{HTTP/1.1, (http/1.1)}{0.0.0.0:43399}
2022-08-23 13:13:50,460 [Listener at localhost/34427] INFO  server.session (HouseKeeper.java:stopScavenging(149)) - node0 Stopped scavenging
2022-08-23 13:13:50,461 [Listener at localhost/34427] INFO  handler.ContextHandler (ContextHandler.java:doStop(1153)) - Stopped o.e.j.s.ServletContextHandler@399371b3{static,/static,file:///home/runner/work/ozone/ozone/hadoop-ozone/integration-test/target/test-classes/webapps/static,STOPPED}
2022-08-23 13:13:50,461 [Listener at localhost/34427] INFO  handler.ContextHandler (ContextHandler.java:doStop(1153)) - Stopped o.e.j.s.ServletContextHandler@e3dbd51{logs,/logs,file:///home/runner/work/ozone/ozone/hadoop-ozone/integration-test/target/log,STOPPED}
2022-08-23 13:13:50,464 [Listener at localhost/34427] INFO  om.OzoneManager (OzoneManager.java:restart(1559)) - OzoneManager RPC server is listening at localhost/127.0.0.1:45365
2022-08-23 13:13:50,465 [Listener at localhost/34427] INFO  impl.MetricsSystemImpl (MetricsSystemImpl.java:init(158)) - OzoneManager metrics system started (again)
2022-08-23 13:13:50,478 [Listener at localhost/34427] WARN  server.ServerUtils (ServerUtils.java:getDBPath(225)) - ozone.om.db.dirs is not configured. We recommend adding this setting. Falling back to ozone.metadata.dirs instead.
2022-08-23 13:13:50,478 [Listener at localhost/34427] INFO  codec.OmKeyInfoCodec (OmKeyInfoCodec.java:<init>(49)) - OmKeyInfoCodec ignorePipeline = true
2022-08-23 13:13:50,479 [Listener at localhost/34427] INFO  codec.RepeatedOmKeyInfoCodec (RepeatedOmKeyInfoCodec.java:<init>(41)) - RepeatedOmKeyInfoCodec ignorePipeline = true
2022-08-23 13:13:50,529 [Listener at localhost/34427] INFO  om.OzoneManager (OzoneManager.java:instantiateServices(697)) - S3 Multi-Tenancy is disabled
2022-08-23 13:13:50,530 [Listener at localhost/34427] WARN  om.OzoneManager (OzoneManager.java:instantiatePrepareStateOnStartup(4394)) - Prepare marker file index 79 does not match DB prepare index 78. Writing DB index to prepare file and maintaining prepared state.
2022-08-23 13:13:50,530 [Listener at localhost/34427] INFO  om.OzoneManagerPrepareState (OzoneManagerPrepareState.java:writePrepareMarkerFile(262)) - Prepare marker file written with log index 78 to file /home/runner/work/ozone/ozone/hadoop-ozone/integration-test/target/test-dir/MiniOzoneClusterImpl-4608f117-74fa-4099-bfe6-1cf4b0c0a0c3/omNode-3/current/prepareMarker
2022-08-23 13:13:50,531 [Listener at localhost/34427] WARN  impl.MetricRegistriesImpl (MetricRegistriesImpl.java:addReporterRegistration(111)) - New reporters are added after registries were created. Some metrics will be missing from the reporter. Please add reporter before adding any new registry.
2022-08-23 13:13:50,531 [Listener at localhost/34427] WARN  impl.MetricRegistriesImpl (MetricRegistriesImpl.java:addReporterRegistration(111)) - New reporters are added after registries were created. Some metrics will be missing from the reporter. Please add reporter before adding any new registry.
2022-08-23 13:13:50,531 [Listener at localhost/34427] WARN  server.ServerUtils (ServerUtils.java:getDefaultRatisDirectory(237)) - Storage directory for Ratis is not configured. It is a good idea to map this to an SSD disk. Falling back to ozone.metadata.dirs
2022-08-23 13:13:50,533 [Listener at localhost/34427] INFO  ratis.OzoneManagerRatisServer (OzoneManagerRatisServer.java:<init>(159)) - Instantiating OM Ratis server with groupID: om-service-test1 and peers: localhost:37767, localhost:38655, localhost:39595
2022-08-23 13:13:50,533 [Listener at localhost/34427] INFO  ratis.OzoneManagerStateMachine (OzoneManagerStateMachine.java:loadSnapshotInfoFromDB(632)) - LastAppliedIndex is set from TransactionInfo from OM DB as (t:2, i:79)
2022-08-23 13:13:50,533 [Listener at localhost/34427] INFO  server.RaftServer (ConfUtils.java:logGet(46)) - raft.rpc.type = GRPC (default)
2022-08-23 13:13:50,534 [Listener at localhost/34427] INFO  grpc.GrpcFactory (GrpcFactory.java:checkPooledByteBufAllocatorUseCacheForAllThreads(48)) - PERFORMANCE WARNING: useCacheForAllThreads is true that may cause Netty to create a lot garbage objects and, as a result, trigger GC.
	It is recommended to disable useCacheForAllThreads by setting -Dorg.apache.ratis.thirdparty.io.netty.allocator.useCacheForAllThreads=false in command line.
2022-08-23 13:13:50,534 [Listener at localhost/34427] INFO  grpc.GrpcConfigKeys (ConfUtils.java:logGet(46)) - raft.grpc.admin.port = -1 (default)
2022-08-23 13:13:50,534 [Listener at localhost/34427] INFO  grpc.GrpcConfigKeys (ConfUtils.java:logGet(46)) - raft.grpc.server.port = 37767 (custom)
2022-08-23 13:13:50,534 [Listener at localhost/34427] INFO  grpc.GrpcConfigKeys (ConfUtils.java:logGet(46)) - raft.grpc.client.port = -1 (default)
2022-08-23 13:13:50,534 [Listener at localhost/34427] INFO  grpc.GrpcConfigKeys (ConfUtils.java:logGet(46)) - raft.grpc.server.port = 37767 (custom)
2022-08-23 13:13:50,534 [Listener at localhost/34427] INFO  grpc.GrpcConfigKeys (ConfUtils.java:logGet(46)) - raft.grpc.server.port = 37767 (custom)
2022-08-23 13:13:50,535 [Listener at localhost/34427] INFO  server.GrpcService (ConfUtils.java:logGet(46)) - raft.grpc.message.size.max = 33554432 (custom)
2022-08-23 13:13:50,535 [Listener at localhost/34427] INFO  server.RaftServerConfigKeys (ConfUtils.java:logGet(46)) - raft.server.log.appender.buffer.byte-limit = 33554432 (custom)
2022-08-23 13:13:50,535 [Listener at localhost/34427] INFO  server.GrpcService (ConfUtils.java:logGet(46)) - raft.grpc.flow.control.window = 1MB (=1048576) (default)
2022-08-23 13:13:50,535 [Listener at localhost/34427] INFO  server.RaftServerConfigKeys (ConfUtils.java:logGet(46)) - raft.server.rpc.request.timeout = 3000ms (default)
2022-08-23 13:13:50,535 [Listener at localhost/34427] INFO  grpc.GrpcConfigKeys (ConfUtils.java:logGet(46)) - raft.grpc.server.async.request.thread.pool.cached = true (default)
2022-08-23 13:13:50,535 [Listener at localhost/34427] INFO  grpc.GrpcConfigKeys (ConfUtils.java:logGet(46)) - raft.grpc.server.async.request.thread.pool.size = 32 (default)
2022-08-23 13:13:50,537 [Listener at localhost/34427] INFO  impl.DataStreamServerImpl (ConfUtils.java:logGet(46)) - raft.datastream.type = DISABLED (default)
2022-08-23 13:13:50,537 [Listener at localhost/34427] INFO  server.RaftServerConfigKeys (ConfUtils.java:logGet(46)) - raft.server.threadpool.proxy.cached = true (default)
2022-08-23 13:13:50,537 [Listener at localhost/34427] INFO  server.RaftServerConfigKeys (ConfUtils.java:logGet(46)) - raft.server.threadpool.proxy.size = 0 (default)
2022-08-23 13:13:50,537 [Listener at localhost/34427] INFO  server.RaftServerConfigKeys (ConfUtils.java:logGet(46)) - raft.server.rpc.slowness.timeout = 2s (custom)
2022-08-23 13:13:50,537 [Listener at localhost/34427] INFO  server.RaftServerConfigKeys (ConfUtils.java:logGet(46)) - raft.server.leaderelection.leader.step-down.wait-time = 10s (default)
2022-08-23 13:13:50,538 [Listener at localhost/34427] INFO  server.RaftServerConfigKeys (ConfUtils.java:logGet(46)) - raft.server.storage.dir = [/home/runner/work/ozone/ozone/hadoop-ozone/integration-test/target/test-dir/MiniOzoneClusterImpl-4608f117-74fa-4099-bfe6-1cf4b0c0a0c3/omNode-3/ratis] (custom)
2022-08-23 13:13:50,538 [omNode-3-impl-thread1] INFO  server.RaftServer (RaftServerProxy.java:initGroupDir(247)) - omNode-3: found a subdirectory /home/runner/work/ozone/ozone/hadoop-ozone/integration-test/target/test-dir/MiniOzoneClusterImpl-4608f117-74fa-4099-bfe6-1cf4b0c0a0c3/omNode-3/ratis/c9bc4cf4-3bc3-3c60-a66b-523986131536
2022-08-23 13:13:50,539 [Listener at localhost/34427] INFO  server.RaftServer (RaftServerProxy.java:addNew(96)) - omNode-3: addNew group-523986131536:[omNode-3|rpc:localhost:37767|priority:0, omNode-1|rpc:localhost:38655|priority:0, omNode-2|rpc:localhost:39595|priority:0] returns group-523986131536:java.util.concurrent.CompletableFuture@2dfe32d6[Not completed]
2022-08-23 13:13:50,539 [Listener at localhost/34427] INFO  om.OzoneManager (OzoneManager.java:initializeRatisServer(1963)) - OzoneManager Ratis server initialized at port 37767
2022-08-23 13:13:50,539 [Listener at localhost/34427] INFO  ratis.OzoneManagerRatisServer (OzoneManagerRatisServer.java:start(554)) - Starting OzoneManagerRatisServer omNode-3 at port 37767
2022-08-23 13:13:50,539 [pool-329-thread-1] INFO  server.RaftServer$Division (RaftServerImpl.java:<init>(190)) - omNode-3: new RaftServerImpl for group-523986131536:[omNode-3|rpc:localhost:37767|priority:0, omNode-1|rpc:localhost:38655|priority:0, omNode-2|rpc:localhost:39595|priority:0] with OzoneManagerStateMachine:uninitialized
2022-08-23 13:13:50,539 [pool-329-thread-1] INFO  server.RaftServerConfigKeys (ConfUtils.java:logGet(46)) - raft.server.rpc.timeout.min = 1s (custom)
2022-08-23 13:13:50,539 [pool-329-thread-1] INFO  server.RaftServerConfigKeys (ConfUtils.java:logGet(46)) - raft.server.rpc.timeout.max = 1200ms (custom)
2022-08-23 13:13:50,539 [pool-329-thread-1] INFO  server.RaftServerConfigKeys (ConfUtils.java:logGet(46)) - raft.server.rpc.sleep.time = 25ms (default)
2022-08-23 13:13:50,539 [pool-329-thread-1] INFO  server.RaftServerConfigKeys (ConfUtils.java:logGet(46)) - raft.server.rpc.slowness.timeout = 2s (custom)
2022-08-23 13:13:50,540 [pool-329-thread-1] INFO  server.RaftServerConfigKeys (ConfUtils.java:logGet(46)) - raft.server.leaderelection.leader.step-down.wait-time = 10s (default)
2022-08-23 13:13:50,540 [pool-329-thread-1] INFO  server.RaftServerConfigKeys (ConfUtils.java:logGet(46)) - raft.server.sleep.deviation.threshold = 300ms (default)
2022-08-23 13:13:50,540 [pool-329-thread-1] INFO  server.RaftServer$Division (ServerState.java:<init>(107)) - omNode-3@group-523986131536: ConfigurationManager, init=-1: [omNode-3|rpc:localhost:37767|priority:0, omNode-1|rpc:localhost:38655|priority:0, omNode-2|rpc:localhost:39595|priority:0], old=null, confs=<EMPTY_MAP>
2022-08-23 13:13:50,540 [pool-329-thread-1] INFO  server.RaftServerConfigKeys (ConfUtils.java:logGet(46)) - raft.server.storage.dir = [/home/runner/work/ozone/ozone/hadoop-ozone/integration-test/target/test-dir/MiniOzoneClusterImpl-4608f117-74fa-4099-bfe6-1cf4b0c0a0c3/omNode-3/ratis] (custom)
2022-08-23 13:13:50,540 [pool-329-thread-1] INFO  server.RaftServerConfigKeys (ConfUtils.java:logGet(46)) - raft.server.log.corruption.policy = EXCEPTION (default)
2022-08-23 13:13:50,540 [pool-329-thread-1] INFO  server.RaftServerConfigKeys (ConfUtils.java:logGet(46)) - raft.server.storage.free-space.min = 0MB (=0) (default)
2022-08-23 13:13:50,541 [pool-329-thread-1] INFO  storage.RaftStorageDirectory (RaftStorageDirectoryImpl.java:tryLock(230)) - Lock on /home/runner/work/ozone/ozone/hadoop-ozone/integration-test/target/test-dir/MiniOzoneClusterImpl-4608f117-74fa-4099-bfe6-1cf4b0c0a0c3/omNode-3/ratis/c9bc4cf4-3bc3-3c60-a66b-523986131536/in_use.lock acquired by nodename 7483@fv-az222-596
2022-08-23 13:13:50,542 [pool-329-thread-1] INFO  storage.RaftStorage (RaftStorageImpl.java:analyzeAndRecoverStorage(110)) - Read RaftStorageMetadata{term=2, votedFor=omNode-3} from /home/runner/work/ozone/ozone/hadoop-ozone/integration-test/target/test-dir/MiniOzoneClusterImpl-4608f117-74fa-4099-bfe6-1cf4b0c0a0c3/omNode-3/ratis/c9bc4cf4-3bc3-3c60-a66b-523986131536/current/raft-meta
2022-08-23 13:13:50,542 [pool-329-thread-1] INFO  server.RaftServer$Division (ServerState.java:setRaftConf(393)) - omNode-3@group-523986131536: set configuration 26: [omNode-3|rpc:localhost:37767|admin:|client:|dataStream:|priority:0, omNode-1|rpc:localhost:38655|admin:|client:|dataStream:|priority:0, omNode-2|rpc:localhost:39595|admin:|client:|dataStream:|priority:0], old=null
2022-08-23 13:13:50,542 [pool-329-thread-1] INFO  server.RaftServerConfigKeys (ConfUtils.java:logGet(46)) - raft.server.notification.no-leader.timeout = 2s (custom)
2022-08-23 13:13:50,542 [pool-329-thread-1] INFO  server.RaftServerConfigKeys (ConfUtils.java:logGet(46)) - raft.server.log.use.memory = false (default)
2022-08-23 13:13:50,542 [pool-329-thread-1] INFO  server.RaftServerConfigKeys (ConfUtils.java:logGet(46)) - raft.server.log.purge.gap = 50 (custom)
2022-08-23 13:13:50,543 [pool-329-thread-1] INFO  server.RaftServerConfigKeys (ConfUtils.java:logGet(46)) - raft.server.log.appender.buffer.byte-limit = 33554432 (custom)
2022-08-23 13:13:50,543 [pool-329-thread-1] INFO  server.RaftServerConfigKeys (ConfUtils.java:logGet(46)) - raft.server.log.statemachine.data.read.timeout = 1000ms (default)
2022-08-23 13:13:50,543 [pool-329-thread-1] INFO  server.RaftServerConfigKeys (ConfUtils.java:logGet(46)) - raft.server.log.segment.size.max = 4194304 (custom)
2022-08-23 13:13:50,543 [pool-329-thread-1] INFO  server.RaftServerConfigKeys (ConfUtils.java:logGet(46)) - raft.server.log.segment.cache.num.max = 2 (custom)
2022-08-23 13:13:50,543 [pool-329-thread-1] INFO  server.RaftServerConfigKeys (ConfUtils.java:logGet(46)) - raft.server.log.segment.cache.size.max = 200MB (=209715200) (default)
2022-08-23 13:13:50,543 [pool-329-thread-1] INFO  segmented.SegmentedRaftLogWorker (SegmentedRaftLogWorker.java:<init>(187)) - new omNode-3@group-523986131536-SegmentedRaftLogWorker for RaftStorageImpl:Storage Directory /home/runner/work/ozone/ozone/hadoop-ozone/integration-test/target/test-dir/MiniOzoneClusterImpl-4608f117-74fa-4099-bfe6-1cf4b0c0a0c3/omNode-3/ratis/c9bc4cf4-3bc3-3c60-a66b-523986131536
2022-08-23 13:13:50,543 [pool-329-thread-1] INFO  server.RaftServerConfigKeys (ConfUtils.java:logGet(46)) - raft.server.log.queue.byte-limit = 64MB (=67108864) (default)
2022-08-23 13:13:50,544 [pool-329-thread-1] INFO  server.RaftServerConfigKeys (ConfUtils.java:logGet(46)) - raft.server.log.queue.element-limit = 4096 (default)
2022-08-23 13:13:50,544 [pool-329-thread-1] INFO  server.RaftServerConfigKeys (ConfUtils.java:logGet(46)) - raft.server.log.segment.size.max = 4194304 (custom)
2022-08-23 13:13:50,544 [pool-329-thread-1] INFO  server.RaftServerConfigKeys (ConfUtils.java:logGet(46)) - raft.server.log.preallocated.size = 4194304 (custom)
2022-08-23 13:13:50,544 [pool-329-thread-1] INFO  server.RaftServerConfigKeys (ConfUtils.java:logGet(46)) - raft.server.log.force.sync.num = 128 (default)
2022-08-23 13:13:50,544 [pool-329-thread-1] INFO  server.RaftServerConfigKeys (ConfUtils.java:logGet(46)) - raft.server.log.statemachine.data.sync = true (default)
2022-08-23 13:13:50,544 [pool-329-thread-1] INFO  server.RaftServerConfigKeys (ConfUtils.java:logGet(46)) - raft.server.log.statemachine.data.sync.timeout = 10s (default)
2022-08-23 13:13:50,544 [pool-329-thread-1] INFO  server.RaftServerConfigKeys (ConfUtils.java:logGet(46)) - raft.server.log.statemachine.data.sync.timeout.retry = -1 (default)
2022-08-23 13:13:50,545 [pool-329-thread-1] INFO  server.RaftServerConfigKeys (ConfUtils.java:logGet(46)) - raft.server.log.write.buffer.size = 64KB (=65536) (default)
2022-08-23 13:13:50,545 [pool-329-thread-1] INFO  server.RaftServerConfigKeys (ConfUtils.java:logGet(46)) - raft.server.log.unsafe-flush.enabled = false (default)
2022-08-23 13:13:50,545 [pool-329-thread-1] INFO  server.RaftServerConfigKeys (ConfUtils.java:logGet(46)) - raft.server.log.statemachine.data.caching.enabled = false (default)
2022-08-23 13:13:50,545 [pool-329-thread-1] INFO  segmented.SegmentedRaftLogWorker (SegmentedRaftLogWorker.java:lambda$new$0(135)) - omNode-3@group-523986131536-SegmentedRaftLogWorker: flushIndex: setUnconditionally 0 -> 79
2022-08-23 13:13:50,545 [pool-329-thread-1] INFO  segmented.SegmentedRaftLogWorker (SegmentedRaftLogWorker.java:lambda$new$0(135)) - omNode-3@group-523986131536-SegmentedRaftLogWorker: safeCacheEvictIndex: setUnconditionally 0 -> -1
2022-08-23 13:13:50,546 [pool-329-thread-1] INFO  server.RaftServerConfigKeys (ConfUtils.java:logGet(46)) - raft.server.snapshot.auto.trigger.enabled = true (custom)
2022-08-23 13:13:50,546 [pool-329-thread-1] INFO  server.RaftServerConfigKeys (ConfUtils.java:logGet(46)) - raft.server.snapshot.auto.trigger.threshold = 50 (custom)
2022-08-23 13:13:50,546 [pool-329-thread-1] INFO  server.RaftServerConfigKeys (ConfUtils.java:logGet(46)) - raft.server.snapshot.retention.file.num = -1 (default)
2022-08-23 13:13:50,546 [pool-329-thread-1] INFO  server.RaftServerConfigKeys (ConfUtils.java:logGet(46)) - raft.server.log.purge.upto.snapshot.index = true (custom)
2022-08-23 13:13:50,546 [pool-329-thread-1] INFO  server.RaftServerConfigKeys (ConfUtils.java:logGet(46)) - raft.server.retrycache.expirytime = 30000ms (custom)
2022-08-23 13:13:50,546 [pool-329-thread-1] INFO  server.RaftServerConfigKeys (ConfUtils.java:logGet(46)) - raft.server.retrycache.statistics.expirytime = 100μs (default)
2022-08-23 13:13:50,547 [pool-329-thread-1] INFO  server.RaftServerConfigKeys (ConfUtils.java:logGet(46)) - raft.server.log.appender.install.snapshot.enabled = false (custom)
2022-08-23 13:13:50,547 [pool-329-thread-1] INFO  server.RaftServerConfigKeys (ConfUtils.java:logGet(46)) - raft.server.threadpool.server.cached = true (default)
2022-08-23 13:13:50,547 [pool-329-thread-1] INFO  server.RaftServerConfigKeys (ConfUtils.java:logGet(46)) - raft.server.threadpool.server.size = 0 (default)
2022-08-23 13:13:50,547 [pool-329-thread-1] INFO  server.RaftServerConfigKeys (ConfUtils.java:logGet(46)) - raft.server.threadpool.client.cached = true (default)
2022-08-23 13:13:50,547 [pool-329-thread-1] INFO  server.RaftServerConfigKeys (ConfUtils.java:logGet(46)) - raft.server.threadpool.client.size = 0 (default)
2022-08-23 13:13:50,548 [omNode-3-impl-thread1] INFO  server.RaftServer$Division (RaftServerImpl.java:start(310)) - omNode-3@group-523986131536: start as a follower, conf=26: [omNode-3|rpc:localhost:37767|admin:|client:|dataStream:|priority:0, omNode-1|rpc:localhost:38655|admin:|client:|dataStream:|priority:0, omNode-2|rpc:localhost:39595|admin:|client:|dataStream:|priority:0], old=null
2022-08-23 13:13:50,548 [omNode-3-impl-thread1] INFO  server.RaftServer$Division (RaftServerImpl.java:setRole(299)) - omNode-3@group-523986131536: changes role from      null to FOLLOWER at term 2 for startAsFollower
2022-08-23 13:13:50,548 [omNode-3-impl-thread1] INFO  impl.RoleInfo (RoleInfo.java:updateAndGet(139)) - omNode-3: start omNode-3@group-523986131536-FollowerState
2022-08-23 13:13:50,548 [omNode-3-impl-thread1] INFO  util.JmxRegister (JmxRegister.java:tryRegister(44)) - Successfully registered JMX Bean with object name Ratis:service=RaftServer,group=group-523986131536,id=omNode-3
2022-08-23 13:13:50,550 [Listener at localhost/34427] INFO  server.RaftServer (RaftServerProxy.java:lambda$start$6(382)) - omNode-3: start RPC server
2022-08-23 13:13:50,554 [Listener at localhost/34427] INFO  server.GrpcService (GrpcService.java:startImpl(260)) - omNode-3: GrpcService started, listening on 37767
2022-08-23 13:13:50,554 [Listener at localhost/34427] INFO  om.OzoneManager (OzoneManager.java:getRpcServer(1086)) - Creating RPC Server
2022-08-23 13:13:50,554 [org.apache.ratis.util.JvmPauseMonitor$$Lambda$708/1254431508@74352685] INFO  util.JvmPauseMonitor (JvmPauseMonitor.java:run(103)) - JvmPauseMonitor-omNode-3: Started
2022-08-23 13:13:50,912 [org.apache.ratis.util.JvmPauseMonitor$$Lambda$708/1254431508@630496ce] WARN  util.JvmPauseMonitor (JvmPauseMonitor.java:detectPause(124)) - JvmPauseMonitor-ac12e45e-c87f-4602-ad86-1496df72d713: Detected pause in JVM or host machine (eg GC): pause of approximately 252432156ns.
GC pool 'PS MarkSweep' had collection(s): count=1 time=182ms
GC pool 'PS Scavenge' had collection(s): count=1 time=73ms
2022-08-23 13:13:51,195 [Listener at localhost/34427] INFO  reflections.Reflections (Reflections.java:scan(232)) - Reflections took 640 ms to scan 19 urls, producing 67 keys and 4158 values [using 2 cores]
2022-08-23 13:13:51,197 [Listener at localhost/34427] INFO  ipc.CallQueueManager (CallQueueManager.java:<init>(90)) - Using callQueue: class java.util.concurrent.LinkedBlockingQueue, queueCapacity: 2000, scheduler: class org.apache.hadoop.ipc.DefaultRpcScheduler, ipcBackoff: false.
2022-08-23 13:13:51,198 [Socket Reader #1 for port 45365] INFO  ipc.Server (Server.java:run(1265)) - Starting Socket Reader #1 for port 45365
2022-08-23 13:13:51,201 [Listener at localhost/45365] INFO  http.BaseHttpServer (BaseHttpServer.java:newHttpServer2BuilderForOzone(209)) - Starting Web-server for ozoneManager at: http://0.0.0.0:43399
2022-08-23 13:13:51,201 [Listener at localhost/45365] INFO  http.BaseHttpServer (BaseHttpServer.java:<init>(107)) - Hadoop Security Enabled: false Ozone Security Enabled: false Ozone HTTP Security Enabled: false 
2022-08-23 13:13:51,203 [Listener at localhost/45365] INFO  server.AuthenticationFilter (AuthenticationFilter.java:constructSecretProvider(240)) - Unable to initialize FileSignerSecretProvider, falling back to use random secrets.
2022-08-23 13:13:51,203 [Listener at localhost/45365] WARN  http.HttpRequestLog (HttpRequestLog.java:getRequestLog(103)) - Jetty request log can only be enabled using Log4j
2022-08-23 13:13:51,205 [Listener at localhost/45365] INFO  http.HttpServer2 (HttpServer2.java:addGlobalFilter(1029)) - Added global filter 'safety' (class=org.apache.hadoop.hdds.server.http.HttpServer2$QuotingInputFilter)
2022-08-23 13:13:51,205 [Listener at localhost/45365] INFO  http.HttpServer2 (HttpServer2.java:addFilter(1005)) - Added filter static_user_filter (class=org.apache.hadoop.http.lib.StaticUserWebFilter$StaticUserFilter) to context ozoneManager
2022-08-23 13:13:51,206 [Listener at localhost/45365] INFO  http.HttpServer2 (HttpServer2.java:addFilter(1013)) - Added filter static_user_filter (class=org.apache.hadoop.http.lib.StaticUserWebFilter$StaticUserFilter) to context static
2022-08-23 13:13:51,206 [Listener at localhost/45365] INFO  http.HttpServer2 (HttpServer2.java:addFilter(1013)) - Added filter static_user_filter (class=org.apache.hadoop.http.lib.StaticUserWebFilter$StaticUserFilter) to context logs
2022-08-23 13:13:51,206 [Listener at localhost/45365] INFO  http.HttpServer2 (HttpServer2.java:bindListener(1248)) - Jetty bound to port 43399
2022-08-23 13:13:51,207 [Listener at localhost/45365] INFO  server.Server (Server.java:doStart(375)) - jetty-9.4.43.v20210629; built: 2021-06-30T11:07:22.254Z; git: 526006ecfa3af7f1a27ef3a288e2bef7ea9dd7e8; jvm 1.8.0_345-b01
2022-08-23 13:13:51,208 [Listener at localhost/45365] INFO  server.session (DefaultSessionIdManager.java:doStart(334)) - DefaultSessionIdManager workerName=node0
2022-08-23 13:13:51,208 [Listener at localhost/45365] INFO  server.session (DefaultSessionIdManager.java:doStart(339)) - No SessionScavenger set, using defaults
2022-08-23 13:13:51,209 [Listener at localhost/45365] INFO  server.session (HouseKeeper.java:startScavenging(132)) - node0 Scavenging every 600000ms
2022-08-23 13:13:51,210 [Listener at localhost/45365] INFO  handler.ContextHandler (ContextHandler.java:doStart(915)) - Started o.e.j.s.ServletContextHandler@582d866b{logs,/logs,file:///home/runner/work/ozone/ozone/hadoop-ozone/integration-test/target/log,AVAILABLE}
2022-08-23 13:13:51,210 [Listener at localhost/45365] INFO  handler.ContextHandler (ContextHandler.java:doStart(915)) - Started o.e.j.s.ServletContextHandler@91784a5{static,/static,file:///home/runner/work/ozone/ozone/hadoop-ozone/integration-test/target/test-classes/webapps/static,AVAILABLE}
2022-08-23 13:13:51,215 [Listener at localhost/45365] INFO  handler.ContextHandler (ContextHandler.java:doStart(915)) - Started o.e.j.w.WebAppContext@2d8c9cc5{ozoneManager,/,file:///home/runner/work/ozone/ozone/hadoop-ozone/integration-test/target/test-classes/webapps/ozoneManager/,AVAILABLE}{file:/home/runner/work/ozone/ozone/hadoop-ozone/integration-test/target/test-classes/webapps/ozoneManager}
2022-08-23 13:13:51,216 [Listener at localhost/45365] INFO  server.AbstractConnector (AbstractConnector.java:doStart(331)) - Started ServerConnector@6f79bc22{HTTP/1.1, (http/1.1)}{0.0.0.0:43399}
2022-08-23 13:13:51,217 [Listener at localhost/45365] INFO  server.Server (Server.java:doStart(415)) - Started @165391ms
2022-08-23 13:13:51,217 [Listener at localhost/45365] WARN  impl.MetricsSystemImpl (MetricsSystemImpl.java:register(279)) - Sink prometheus already exists!
2022-08-23 13:13:51,218 [Listener at localhost/45365] INFO  http.BaseHttpServer (BaseHttpServer.java:updateConnectorAddress(329)) - HTTP server of ozoneManager listening at http://0.0.0.0:43399
2022-08-23 13:13:51,218 [IPC Server Responder] INFO  ipc.Server (Server.java:run(1507)) - IPC Server Responder: starting
2022-08-23 13:13:51,218 [IPC Server listener on 45365] INFO  ipc.Server (Server.java:run(1344)) - IPC Server listener on 45365: starting
2022-08-23 13:13:51,228 [Listener at localhost/45365] INFO  om.OzoneManager (OzoneManager.java:startTrashEmptier(1907)) - Trash Interval set to 0. Files deleted won't move to trash
2022-08-23 13:13:51,228 [Listener at localhost/45365] INFO  om.OzoneManager (OzoneManager.java:stop(2022)) - omNode-1[localhost:34295]: Stopping Ozone Manager
2022-08-23 13:13:51,228 [Listener at localhost/45365] INFO  ipc.Server (Server.java:stop(3414)) - Stopping server on 34295
2022-08-23 13:13:51,228 [org.apache.hadoop.util.JvmPauseMonitor$Monitor@4380706a] INFO  util.JvmPauseMonitor (JvmPauseMonitor.java:run(188)) - Starting JVM pause monitor
2022-08-23 13:13:51,231 [IPC Server listener on 34295] INFO  ipc.Server (Server.java:run(1376)) - Stopping IPC Server listener on 34295
2022-08-23 13:13:51,232 [IPC Server Responder] INFO  ipc.Server (Server.java:run(1512)) - Stopping IPC Server Responder
2022-08-23 13:13:51,232 [Listener at localhost/45365] INFO  server.RaftServer (RaftServerProxy.java:lambda$close$7(398)) - omNode-1: close
2022-08-23 13:13:51,232 [Listener at localhost/45365] INFO  server.RaftServer$Division (RaftServerImpl.java:lambda$close$4(434)) - omNode-1@group-523986131536: shutdown
2022-08-23 13:13:51,233 [Listener at localhost/45365] INFO  util.JmxRegister (JmxRegister.java:unregister(73)) - Successfully un-registered JMX Bean with object name Ratis:service=RaftServer,group=group-523986131536,id=omNode-1
2022-08-23 13:13:51,233 [Listener at localhost/45365] INFO  impl.RoleInfo (RoleInfo.java:shutdownFollowerState(110)) - omNode-1: shutdown omNode-1@group-523986131536-FollowerState
2022-08-23 13:13:51,233 [omNode-1@group-523986131536-FollowerState] INFO  impl.FollowerState (FollowerState.java:run(152)) - omNode-1@group-523986131536-FollowerState was interrupted
2022-08-23 13:13:51,233 [Listener at localhost/45365] INFO  impl.StateMachineUpdater (StateMachineUpdater.java:stopAndJoin(153)) - omNode-1@group-523986131536-StateMachineUpdater: set stopIndex = 79
2022-08-23 13:13:51,233 [omNode-1@group-523986131536-StateMachineUpdater] INFO  ratis.OzoneManagerStateMachine (OzoneManagerStateMachine.java:takeSnapshot(441)) - Current Snapshot Index (t:2, i:79)
2022-08-23 13:13:51,234 [omNode-1@group-523986131536-StateMachineUpdater] INFO  impl.StateMachineUpdater (StateMachineUpdater.java:takeSnapshot(287)) - omNode-1@group-523986131536-StateMachineUpdater: Took a snapshot at index 79
2022-08-23 13:13:51,234 [omNode-1@group-523986131536-StateMachineUpdater] INFO  impl.StateMachineUpdater (StateMachineUpdater.java:lambda$new$0(92)) - omNode-1@group-523986131536-StateMachineUpdater: snapshotIndex: updateIncreasingly 75 -> 79
2022-08-23 13:13:51,234 [omNode-1@group-523986131536-StateMachineUpdater] INFO  ratis.OzoneManagerStateMachine (OzoneManagerStateMachine.java:close(495)) - StateMachine has shutdown. Shutdown OzoneManager if not already shutdown.
2022-08-23 13:13:51,234 [omNode-1@group-523986131536-StateMachineUpdater] INFO  ratis.OzoneManagerDoubleBuffer (OzoneManagerDoubleBuffer.java:stop(466)) - Stopping OMDoubleBuffer flush thread
2022-08-23 13:13:51,235 [OMDoubleBufferFlushThread] INFO  ratis.OzoneManagerDoubleBuffer (OzoneManagerDoubleBuffer.java:flushTransactions(385)) - OMDoubleBuffer flush thread OMDoubleBufferFlushThread is interrupted and will exit.
2022-08-23 13:13:51,235 [Listener at localhost/45365] INFO  server.RaftServer$Division (ServerState.java:close(429)) - omNode-1@group-523986131536: closes. applyIndex: 79
2022-08-23 13:13:51,236 [omNode-1@group-523986131536-SegmentedRaftLogWorker] INFO  segmented.SegmentedRaftLogWorker (SegmentedRaftLogWorker.java:run(336)) - omNode-1@group-523986131536-SegmentedRaftLogWorker was interrupted, exiting. There are 0 tasks remaining in the queue.
2022-08-23 13:13:51,236 [Listener at localhost/45365] INFO  segmented.SegmentedRaftLogWorker (SegmentedRaftLogWorker.java:close(246)) - omNode-1@group-523986131536-SegmentedRaftLogWorker close()
2022-08-23 13:13:51,238 [Listener at localhost/45365] INFO  server.GrpcService (GrpcService.java:closeImpl(269)) - omNode-1: shutdown server with port 38655 now
2022-08-23 13:13:51,239 [Listener at localhost/45365] INFO  server.GrpcService (GrpcService.java:closeImpl(278)) - omNode-1: shutdown server with port 38655 successfully
2022-08-23 13:13:51,239 [org.apache.ratis.util.JvmPauseMonitor$$Lambda$708/1254431508@1efb1a84] INFO  util.JvmPauseMonitor (JvmPauseMonitor.java:run(109)) - JvmPauseMonitor-omNode-1: Stopped
2022-08-23 13:13:51,240 [Listener at localhost/45365] INFO  ratis.OzoneManagerStateMachine (OzoneManagerStateMachine.java:close(495)) - StateMachine has shutdown. Shutdown OzoneManager if not already shutdown.
2022-08-23 13:13:51,240 [Listener at localhost/45365] INFO  ratis.OzoneManagerDoubleBuffer (OzoneManagerDoubleBuffer.java:stop(478)) - OMDoubleBuffer flush thread is not running.
2022-08-23 13:13:51,240 [Listener at localhost/45365] INFO  handler.ContextHandler (ContextHandler.java:doStop(1153)) - Stopped o.e.j.w.WebAppContext@59e8b191{ozoneManager,/,null,STOPPED}{file:/home/runner/work/ozone/ozone/hadoop-ozone/integration-test/target/test-classes/webapps/ozoneManager}
2022-08-23 13:13:51,241 [Listener at localhost/45365] INFO  server.AbstractConnector (AbstractConnector.java:doStop(381)) - Stopped ServerConnector@64209d58{HTTP/1.1, (http/1.1)}{0.0.0.0:37575}
2022-08-23 13:13:51,241 [Listener at localhost/45365] INFO  server.session (HouseKeeper.java:stopScavenging(149)) - node0 Stopped scavenging
2022-08-23 13:13:51,241 [Listener at localhost/45365] INFO  handler.ContextHandler (ContextHandler.java:doStop(1153)) - Stopped o.e.j.s.ServletContextHandler@43687885{static,/static,file:///home/runner/work/ozone/ozone/hadoop-ozone/integration-test/target/test-classes/webapps/static,STOPPED}
2022-08-23 13:13:51,241 [Listener at localhost/45365] INFO  handler.ContextHandler (ContextHandler.java:doStop(1153)) - Stopped o.e.j.s.ServletContextHandler@e3c4681{logs,/logs,file:///home/runner/work/ozone/ozone/hadoop-ozone/integration-test/target/log,STOPPED}
2022-08-23 13:13:51,245 [Listener at localhost/45365] INFO  om.OzoneManager (OzoneManager.java:restart(1559)) - OzoneManager RPC server is listening at localhost/127.0.0.1:34295
2022-08-23 13:13:51,246 [Listener at localhost/45365] INFO  impl.MetricsSystemImpl (MetricsSystemImpl.java:init(158)) - OzoneManager metrics system started (again)
2022-08-23 13:13:51,257 [Listener at localhost/45365] WARN  server.ServerUtils (ServerUtils.java:getDBPath(225)) - ozone.om.db.dirs is not configured. We recommend adding this setting. Falling back to ozone.metadata.dirs instead.
2022-08-23 13:13:51,257 [Listener at localhost/45365] INFO  codec.OmKeyInfoCodec (OmKeyInfoCodec.java:<init>(49)) - OmKeyInfoCodec ignorePipeline = true
2022-08-23 13:13:51,258 [Listener at localhost/45365] INFO  codec.RepeatedOmKeyInfoCodec (RepeatedOmKeyInfoCodec.java:<init>(41)) - RepeatedOmKeyInfoCodec ignorePipeline = true
2022-08-23 13:13:51,305 [Listener at localhost/45365] INFO  om.OzoneManager (OzoneManager.java:instantiateServices(697)) - S3 Multi-Tenancy is disabled
2022-08-23 13:13:51,305 [Listener at localhost/45365] WARN  om.OzoneManager (OzoneManager.java:instantiatePrepareStateOnStartup(4394)) - Prepare marker file index 79 does not match DB prepare index 78. Writing DB index to prepare file and maintaining prepared state.
2022-08-23 13:13:51,306 [Listener at localhost/45365] INFO  om.OzoneManagerPrepareState (OzoneManagerPrepareState.java:writePrepareMarkerFile(262)) - Prepare marker file written with log index 78 to file /home/runner/work/ozone/ozone/hadoop-ozone/integration-test/target/test-dir/MiniOzoneClusterImpl-4608f117-74fa-4099-bfe6-1cf4b0c0a0c3/omNode-1/current/prepareMarker
2022-08-23 13:13:51,307 [Listener at localhost/45365] WARN  impl.MetricRegistriesImpl (MetricRegistriesImpl.java:addReporterRegistration(111)) - New reporters are added after registries were created. Some metrics will be missing from the reporter. Please add reporter before adding any new registry.
2022-08-23 13:13:51,307 [Listener at localhost/45365] WARN  impl.MetricRegistriesImpl (MetricRegistriesImpl.java:addReporterRegistration(111)) - New reporters are added after registries were created. Some metrics will be missing from the reporter. Please add reporter before adding any new registry.
2022-08-23 13:13:51,307 [Listener at localhost/45365] WARN  server.ServerUtils (ServerUtils.java:getDefaultRatisDirectory(237)) - Storage directory for Ratis is not configured. It is a good idea to map this to an SSD disk. Falling back to ozone.metadata.dirs
2022-08-23 13:13:51,308 [Listener at localhost/45365] INFO  ratis.OzoneManagerRatisServer (OzoneManagerRatisServer.java:<init>(159)) - Instantiating OM Ratis server with groupID: om-service-test1 and peers: localhost:38655, localhost:37767, localhost:39595
2022-08-23 13:13:51,308 [Listener at localhost/45365] INFO  ratis.OzoneManagerStateMachine (OzoneManagerStateMachine.java:loadSnapshotInfoFromDB(632)) - LastAppliedIndex is set from TransactionInfo from OM DB as (t:2, i:79)
2022-08-23 13:13:51,309 [Listener at localhost/45365] INFO  server.RaftServer (ConfUtils.java:logGet(46)) - raft.rpc.type = GRPC (default)
2022-08-23 13:13:51,309 [Listener at localhost/45365] INFO  grpc.GrpcFactory (GrpcFactory.java:checkPooledByteBufAllocatorUseCacheForAllThreads(48)) - PERFORMANCE WARNING: useCacheForAllThreads is true that may cause Netty to create a lot garbage objects and, as a result, trigger GC.
	It is recommended to disable useCacheForAllThreads by setting -Dorg.apache.ratis.thirdparty.io.netty.allocator.useCacheForAllThreads=false in command line.
2022-08-23 13:13:51,309 [Listener at localhost/45365] INFO  grpc.GrpcConfigKeys (ConfUtils.java:logGet(46)) - raft.grpc.admin.port = -1 (default)
2022-08-23 13:13:51,309 [Listener at localhost/45365] INFO  grpc.GrpcConfigKeys (ConfUtils.java:logGet(46)) - raft.grpc.server.port = 38655 (custom)
2022-08-23 13:13:51,310 [Listener at localhost/45365] INFO  grpc.GrpcConfigKeys (ConfUtils.java:logGet(46)) - raft.grpc.client.port = -1 (default)
2022-08-23 13:13:51,310 [Listener at localhost/45365] INFO  grpc.GrpcConfigKeys (ConfUtils.java:logGet(46)) - raft.grpc.server.port = 38655 (custom)
2022-08-23 13:13:51,310 [Listener at localhost/45365] INFO  grpc.GrpcConfigKeys (ConfUtils.java:logGet(46)) - raft.grpc.server.port = 38655 (custom)
2022-08-23 13:13:51,310 [Listener at localhost/45365] INFO  server.GrpcService (ConfUtils.java:logGet(46)) - raft.grpc.message.size.max = 33554432 (custom)
2022-08-23 13:13:51,310 [Listener at localhost/45365] INFO  server.RaftServerConfigKeys (ConfUtils.java:logGet(46)) - raft.server.log.appender.buffer.byte-limit = 33554432 (custom)
2022-08-23 13:13:51,310 [Listener at localhost/45365] INFO  server.GrpcService (ConfUtils.java:logGet(46)) - raft.grpc.flow.control.window = 1MB (=1048576) (default)
2022-08-23 13:13:51,311 [Listener at localhost/45365] INFO  server.RaftServerConfigKeys (ConfUtils.java:logGet(46)) - raft.server.rpc.request.timeout = 3000ms (default)
2022-08-23 13:13:51,311 [Listener at localhost/45365] INFO  grpc.GrpcConfigKeys (ConfUtils.java:logGet(46)) - raft.grpc.server.async.request.thread.pool.cached = true (default)
2022-08-23 13:13:51,311 [Listener at localhost/45365] INFO  grpc.GrpcConfigKeys (ConfUtils.java:logGet(46)) - raft.grpc.server.async.request.thread.pool.size = 32 (default)
2022-08-23 13:13:51,312 [Listener at localhost/45365] INFO  impl.DataStreamServerImpl (ConfUtils.java:logGet(46)) - raft.datastream.type = DISABLED (default)
2022-08-23 13:13:51,312 [Listener at localhost/45365] INFO  server.RaftServerConfigKeys (ConfUtils.java:logGet(46)) - raft.server.threadpool.proxy.cached = true (default)
2022-08-23 13:13:51,313 [Listener at localhost/45365] INFO  server.RaftServerConfigKeys (ConfUtils.java:logGet(46)) - raft.server.threadpool.proxy.size = 0 (default)
2022-08-23 13:13:51,313 [Listener at localhost/45365] INFO  server.RaftServerConfigKeys (ConfUtils.java:logGet(46)) - raft.server.rpc.slowness.timeout = 2s (custom)
2022-08-23 13:13:51,313 [Listener at localhost/45365] INFO  server.RaftServerConfigKeys (ConfUtils.java:logGet(46)) - raft.server.leaderelection.leader.step-down.wait-time = 10s (default)
2022-08-23 13:13:51,313 [Listener at localhost/45365] INFO  server.RaftServerConfigKeys (ConfUtils.java:logGet(46)) - raft.server.storage.dir = [/home/runner/work/ozone/ozone/hadoop-ozone/integration-test/target/test-dir/MiniOzoneClusterImpl-4608f117-74fa-4099-bfe6-1cf4b0c0a0c3/omNode-1/ratis] (custom)
2022-08-23 13:13:51,314 [omNode-1-impl-thread1] INFO  server.RaftServer (RaftServerProxy.java:initGroupDir(247)) - omNode-1: found a subdirectory /home/runner/work/ozone/ozone/hadoop-ozone/integration-test/target/test-dir/MiniOzoneClusterImpl-4608f117-74fa-4099-bfe6-1cf4b0c0a0c3/omNode-1/ratis/c9bc4cf4-3bc3-3c60-a66b-523986131536
2022-08-23 13:13:51,314 [Listener at localhost/45365] INFO  server.RaftServer (RaftServerProxy.java:addNew(96)) - omNode-1: addNew group-523986131536:[omNode-3|rpc:localhost:37767|priority:0, omNode-1|rpc:localhost:38655|priority:0, omNode-2|rpc:localhost:39595|priority:0] returns group-523986131536:java.util.concurrent.CompletableFuture@57d78929[Not completed]
2022-08-23 13:13:51,314 [pool-353-thread-1] INFO  server.RaftServer$Division (RaftServerImpl.java:<init>(190)) - omNode-1: new RaftServerImpl for group-523986131536:[omNode-3|rpc:localhost:37767|priority:0, omNode-1|rpc:localhost:38655|priority:0, omNode-2|rpc:localhost:39595|priority:0] with OzoneManagerStateMachine:uninitialized
2022-08-23 13:13:51,314 [Listener at localhost/45365] INFO  om.OzoneManager (OzoneManager.java:initializeRatisServer(1963)) - OzoneManager Ratis server initialized at port 38655
2022-08-23 13:13:51,314 [pool-353-thread-1] INFO  server.RaftServerConfigKeys (ConfUtils.java:logGet(46)) - raft.server.rpc.timeout.min = 1s (custom)
2022-08-23 13:13:51,314 [Listener at localhost/45365] INFO  ratis.OzoneManagerRatisServer (OzoneManagerRatisServer.java:start(554)) - Starting OzoneManagerRatisServer omNode-1 at port 38655
2022-08-23 13:13:51,314 [pool-353-thread-1] INFO  server.RaftServerConfigKeys (ConfUtils.java:logGet(46)) - raft.server.rpc.timeout.max = 1200ms (custom)
2022-08-23 13:13:51,315 [pool-353-thread-1] INFO  server.RaftServerConfigKeys (ConfUtils.java:logGet(46)) - raft.server.rpc.sleep.time = 25ms (default)
2022-08-23 13:13:51,315 [pool-353-thread-1] INFO  server.RaftServerConfigKeys (ConfUtils.java:logGet(46)) - raft.server.rpc.slowness.timeout = 2s (custom)
2022-08-23 13:13:51,315 [pool-353-thread-1] INFO  server.RaftServerConfigKeys (ConfUtils.java:logGet(46)) - raft.server.leaderelection.leader.step-down.wait-time = 10s (default)
2022-08-23 13:13:51,315 [pool-353-thread-1] INFO  server.RaftServerConfigKeys (ConfUtils.java:logGet(46)) - raft.server.sleep.deviation.threshold = 300ms (default)
2022-08-23 13:13:51,315 [pool-353-thread-1] INFO  server.RaftServer$Division (ServerState.java:<init>(107)) - omNode-1@group-523986131536: ConfigurationManager, init=-1: [omNode-3|rpc:localhost:37767|priority:0, omNode-1|rpc:localhost:38655|priority:0, omNode-2|rpc:localhost:39595|priority:0], old=null, confs=<EMPTY_MAP>
2022-08-23 13:13:51,315 [pool-353-thread-1] INFO  server.RaftServerConfigKeys (ConfUtils.java:logGet(46)) - raft.server.storage.dir = [/home/runner/work/ozone/ozone/hadoop-ozone/integration-test/target/test-dir/MiniOzoneClusterImpl-4608f117-74fa-4099-bfe6-1cf4b0c0a0c3/omNode-1/ratis] (custom)
2022-08-23 13:13:51,315 [pool-353-thread-1] INFO  server.RaftServerConfigKeys (ConfUtils.java:logGet(46)) - raft.server.log.corruption.policy = EXCEPTION (default)
2022-08-23 13:13:51,315 [pool-353-thread-1] INFO  server.RaftServerConfigKeys (ConfUtils.java:logGet(46)) - raft.server.storage.free-space.min = 0MB (=0) (default)
2022-08-23 13:13:51,316 [pool-353-thread-1] INFO  storage.RaftStorageDirectory (RaftStorageDirectoryImpl.java:tryLock(230)) - Lock on /home/runner/work/ozone/ozone/hadoop-ozone/integration-test/target/test-dir/MiniOzoneClusterImpl-4608f117-74fa-4099-bfe6-1cf4b0c0a0c3/omNode-1/ratis/c9bc4cf4-3bc3-3c60-a66b-523986131536/in_use.lock acquired by nodename 7483@fv-az222-596
2022-08-23 13:13:51,317 [pool-353-thread-1] INFO  storage.RaftStorage (RaftStorageImpl.java:analyzeAndRecoverStorage(110)) - Read RaftStorageMetadata{term=2, votedFor=} from /home/runner/work/ozone/ozone/hadoop-ozone/integration-test/target/test-dir/MiniOzoneClusterImpl-4608f117-74fa-4099-bfe6-1cf4b0c0a0c3/omNode-1/ratis/c9bc4cf4-3bc3-3c60-a66b-523986131536/current/raft-meta
2022-08-23 13:13:51,317 [pool-353-thread-1] INFO  server.RaftServer$Division (ServerState.java:setRaftConf(393)) - omNode-1@group-523986131536: set configuration 26: [omNode-3|rpc:localhost:37767|admin:|client:|dataStream:|priority:0, omNode-1|rpc:localhost:38655|admin:|client:|dataStream:|priority:0, omNode-2|rpc:localhost:39595|admin:|client:|dataStream:|priority:0], old=null
2022-08-23 13:13:51,317 [pool-353-thread-1] INFO  server.RaftServerConfigKeys (ConfUtils.java:logGet(46)) - raft.server.notification.no-leader.timeout = 2s (custom)
2022-08-23 13:13:51,317 [pool-353-thread-1] INFO  server.RaftServerConfigKeys (ConfUtils.java:logGet(46)) - raft.server.log.use.memory = false (default)
2022-08-23 13:13:51,317 [pool-353-thread-1] INFO  server.RaftServerConfigKeys (ConfUtils.java:logGet(46)) - raft.server.log.purge.gap = 50 (custom)
2022-08-23 13:13:51,317 [pool-353-thread-1] INFO  server.RaftServerConfigKeys (ConfUtils.java:logGet(46)) - raft.server.log.appender.buffer.byte-limit = 33554432 (custom)
2022-08-23 13:13:51,317 [pool-353-thread-1] INFO  server.RaftServerConfigKeys (ConfUtils.java:logGet(46)) - raft.server.log.statemachine.data.read.timeout = 1000ms (default)
2022-08-23 13:13:51,318 [pool-353-thread-1] INFO  server.RaftServerConfigKeys (ConfUtils.java:logGet(46)) - raft.server.log.segment.size.max = 4194304 (custom)
2022-08-23 13:13:51,318 [pool-353-thread-1] INFO  server.RaftServerConfigKeys (ConfUtils.java:logGet(46)) - raft.server.log.segment.cache.num.max = 2 (custom)
2022-08-23 13:13:51,318 [pool-353-thread-1] INFO  server.RaftServerConfigKeys (ConfUtils.java:logGet(46)) - raft.server.log.segment.cache.size.max = 200MB (=209715200) (default)
2022-08-23 13:13:51,318 [pool-353-thread-1] INFO  segmented.SegmentedRaftLogWorker (SegmentedRaftLogWorker.java:<init>(187)) - new omNode-1@group-523986131536-SegmentedRaftLogWorker for RaftStorageImpl:Storage Directory /home/runner/work/ozone/ozone/hadoop-ozone/integration-test/target/test-dir/MiniOzoneClusterImpl-4608f117-74fa-4099-bfe6-1cf4b0c0a0c3/omNode-1/ratis/c9bc4cf4-3bc3-3c60-a66b-523986131536
2022-08-23 13:13:51,318 [pool-353-thread-1] INFO  server.RaftServerConfigKeys (ConfUtils.java:logGet(46)) - raft.server.log.queue.byte-limit = 64MB (=67108864) (default)
2022-08-23 13:13:51,318 [pool-353-thread-1] INFO  server.RaftServerConfigKeys (ConfUtils.java:logGet(46)) - raft.server.log.queue.element-limit = 4096 (default)
2022-08-23 13:13:51,318 [pool-353-thread-1] INFO  server.RaftServerConfigKeys (ConfUtils.java:logGet(46)) - raft.server.log.segment.size.max = 4194304 (custom)
2022-08-23 13:13:51,319 [pool-353-thread-1] INFO  server.RaftServerConfigKeys (ConfUtils.java:logGet(46)) - raft.server.log.preallocated.size = 4194304 (custom)
2022-08-23 13:13:51,319 [pool-353-thread-1] INFO  server.RaftServerConfigKeys (ConfUtils.java:logGet(46)) - raft.server.log.force.sync.num = 128 (default)
2022-08-23 13:13:51,319 [pool-353-thread-1] INFO  server.RaftServerConfigKeys (ConfUtils.java:logGet(46)) - raft.server.log.statemachine.data.sync = true (default)
2022-08-23 13:13:51,319 [pool-353-thread-1] INFO  server.RaftServerConfigKeys (ConfUtils.java:logGet(46)) - raft.server.log.statemachine.data.sync.timeout = 10s (default)
2022-08-23 13:13:51,319 [pool-353-thread-1] INFO  server.RaftServerConfigKeys (ConfUtils.java:logGet(46)) - raft.server.log.statemachine.data.sync.timeout.retry = -1 (default)
2022-08-23 13:13:51,320 [pool-353-thread-1] INFO  server.RaftServerConfigKeys (ConfUtils.java:logGet(46)) - raft.server.log.write.buffer.size = 64KB (=65536) (default)
2022-08-23 13:13:51,320 [pool-353-thread-1] INFO  server.RaftServerConfigKeys (ConfUtils.java:logGet(46)) - raft.server.log.unsafe-flush.enabled = false (default)
2022-08-23 13:13:51,320 [pool-353-thread-1] INFO  server.RaftServerConfigKeys (ConfUtils.java:logGet(46)) - raft.server.log.statemachine.data.caching.enabled = false (default)
2022-08-23 13:13:51,320 [pool-353-thread-1] INFO  segmented.SegmentedRaftLogWorker (SegmentedRaftLogWorker.java:lambda$new$0(135)) - omNode-1@group-523986131536-SegmentedRaftLogWorker: flushIndex: setUnconditionally 0 -> 79
2022-08-23 13:13:51,320 [pool-353-thread-1] INFO  segmented.SegmentedRaftLogWorker (SegmentedRaftLogWorker.java:lambda$new$0(135)) - omNode-1@group-523986131536-SegmentedRaftLogWorker: safeCacheEvictIndex: setUnconditionally 0 -> -1
2022-08-23 13:13:51,320 [pool-353-thread-1] INFO  server.RaftServerConfigKeys (ConfUtils.java:logGet(46)) - raft.server.snapshot.auto.trigger.enabled = true (custom)
2022-08-23 13:13:51,320 [pool-353-thread-1] INFO  server.RaftServerConfigKeys (ConfUtils.java:logGet(46)) - raft.server.snapshot.auto.trigger.threshold = 50 (custom)
2022-08-23 13:13:51,321 [pool-353-thread-1] INFO  server.RaftServerConfigKeys (ConfUtils.java:logGet(46)) - raft.server.snapshot.retention.file.num = -1 (default)
2022-08-23 13:13:51,321 [pool-353-thread-1] INFO  server.RaftServerConfigKeys (ConfUtils.java:logGet(46)) - raft.server.log.purge.upto.snapshot.index = true (custom)
2022-08-23 13:13:51,321 [pool-353-thread-1] INFO  server.RaftServerConfigKeys (ConfUtils.java:logGet(46)) - raft.server.retrycache.expirytime = 30000ms (custom)
2022-08-23 13:13:51,321 [pool-353-thread-1] INFO  server.RaftServerConfigKeys (ConfUtils.java:logGet(46)) - raft.server.retrycache.statistics.expirytime = 100μs (default)
2022-08-23 13:13:51,322 [pool-353-thread-1] INFO  server.RaftServerConfigKeys (ConfUtils.java:logGet(46)) - raft.server.log.appender.install.snapshot.enabled = false (custom)
2022-08-23 13:13:51,322 [pool-353-thread-1] INFO  server.RaftServerConfigKeys (ConfUtils.java:logGet(46)) - raft.server.threadpool.server.cached = true (default)
2022-08-23 13:13:51,322 [pool-353-thread-1] INFO  server.RaftServerConfigKeys (ConfUtils.java:logGet(46)) - raft.server.threadpool.server.size = 0 (default)
2022-08-23 13:13:51,322 [pool-353-thread-1] INFO  server.RaftServerConfigKeys (ConfUtils.java:logGet(46)) - raft.server.threadpool.client.cached = true (default)
2022-08-23 13:13:51,322 [pool-353-thread-1] INFO  server.RaftServerConfigKeys (ConfUtils.java:logGet(46)) - raft.server.threadpool.client.size = 0 (default)
2022-08-23 13:13:51,324 [omNode-1-impl-thread1] INFO  server.RaftServer$Division (RaftServerImpl.java:start(310)) - omNode-1@group-523986131536: start as a follower, conf=26: [omNode-3|rpc:localhost:37767|admin:|client:|dataStream:|priority:0, omNode-1|rpc:localhost:38655|admin:|client:|dataStream:|priority:0, omNode-2|rpc:localhost:39595|admin:|client:|dataStream:|priority:0], old=null
2022-08-23 13:13:51,324 [omNode-1-impl-thread1] INFO  server.RaftServer$Division (RaftServerImpl.java:setRole(299)) - omNode-1@group-523986131536: changes role from      null to FOLLOWER at term 2 for startAsFollower
2022-08-23 13:13:51,324 [omNode-1-impl-thread1] INFO  impl.RoleInfo (RoleInfo.java:updateAndGet(139)) - omNode-1: start omNode-1@group-523986131536-FollowerState
2022-08-23 13:13:51,324 [omNode-1-impl-thread1] INFO  util.JmxRegister (JmxRegister.java:tryRegister(44)) - Successfully registered JMX Bean with object name Ratis:service=RaftServer,group=group-523986131536,id=omNode-1
2022-08-23 13:13:51,327 [Listener at localhost/45365] INFO  server.RaftServer (RaftServerProxy.java:lambda$start$6(382)) - omNode-1: start RPC server
2022-08-23 13:13:51,329 [Listener at localhost/45365] INFO  server.GrpcService (GrpcService.java:startImpl(260)) - omNode-1: GrpcService started, listening on 38655
2022-08-23 13:13:51,329 [Listener at localhost/45365] INFO  om.OzoneManager (OzoneManager.java:getRpcServer(1086)) - Creating RPC Server
2022-08-23 13:13:51,329 [org.apache.ratis.util.JvmPauseMonitor$$Lambda$708/1254431508@fb75c63] INFO  util.JvmPauseMonitor (JvmPauseMonitor.java:run(103)) - JvmPauseMonitor-omNode-1: Started
2022-08-23 13:13:51,669 [omNode-3@group-523986131536-FollowerState] INFO  impl.FollowerState (FollowerState.java:run(143)) - omNode-3@group-523986131536-FollowerState: change to CANDIDATE, lastRpcElapsedTime:1120772884ns, electionTimeout:1120ms
2022-08-23 13:13:51,669 [omNode-3@group-523986131536-FollowerState] INFO  impl.RoleInfo (RoleInfo.java:shutdownFollowerState(110)) - omNode-3: shutdown omNode-3@group-523986131536-FollowerState
2022-08-23 13:13:51,669 [omNode-3@group-523986131536-FollowerState] INFO  server.RaftServer$Division (RaftServerImpl.java:setRole(299)) - omNode-3@group-523986131536: changes role from  FOLLOWER to CANDIDATE at term 2 for changeToCandidate
2022-08-23 13:13:51,669 [omNode-3@group-523986131536-FollowerState] INFO  server.RaftServerConfigKeys (ConfUtils.java:logGet(46)) - raft.server.leaderelection.pre-vote = false (custom)
2022-08-23 13:13:51,669 [omNode-3@group-523986131536-FollowerState] INFO  impl.RoleInfo (RoleInfo.java:updateAndGet(139)) - omNode-3: start omNode-3@group-523986131536-LeaderElection10
2022-08-23 13:13:51,698 [omNode-3@group-523986131536-LeaderElection10] INFO  impl.LeaderElection (LeaderElection.java:askForVotes(310)) - omNode-3@group-523986131536-LeaderElection10 ELECTION round 0: submit vote requests at term 3 for 26: [omNode-3|rpc:localhost:37767|admin:|client:|dataStream:|priority:0, omNode-1|rpc:localhost:38655|admin:|client:|dataStream:|priority:0, omNode-2|rpc:localhost:39595|admin:|client:|dataStream:|priority:0], old=null
2022-08-23 13:13:51,726 [grpc-default-executor-4] INFO  server.RaftServer$Division (RaftServerImpl.java:requestVote(1152)) - omNode-1@group-523986131536: receive requestVote(ELECTION, omNode-3, group-523986131536, 3, (t:2, i:79))
2022-08-23 13:13:51,726 [grpc-default-executor-4] INFO  impl.VoteContext (VoteContext.java:log(48)) - omNode-1@group-523986131536-FOLLOWER: accept ELECTION from omNode-3: our priority 0 <= candidate's priority 0
2022-08-23 13:13:51,726 [grpc-default-executor-4] INFO  server.RaftServer$Division (RaftServerImpl.java:setRole(299)) - omNode-1@group-523986131536: changes role from  FOLLOWER to FOLLOWER at term 3 for candidate:omNode-3
2022-08-23 13:13:51,726 [grpc-default-executor-4] INFO  impl.RoleInfo (RoleInfo.java:shutdownFollowerState(110)) - omNode-1: shutdown omNode-1@group-523986131536-FollowerState
2022-08-23 13:13:51,727 [grpc-default-executor-4] INFO  impl.RoleInfo (RoleInfo.java:updateAndGet(139)) - omNode-1: start omNode-1@group-523986131536-FollowerState
2022-08-23 13:13:51,727 [omNode-1@group-523986131536-FollowerState] INFO  impl.FollowerState (FollowerState.java:run(152)) - omNode-1@group-523986131536-FollowerState was interrupted
2022-08-23 13:13:51,730 [grpc-default-executor-3] INFO  server.RaftServer$Division (RaftServerImpl.java:requestVote(1152)) - omNode-2@group-523986131536: receive requestVote(ELECTION, omNode-3, group-523986131536, 3, (t:2, i:79))
2022-08-23 13:13:51,730 [grpc-default-executor-3] INFO  impl.VoteContext (VoteContext.java:log(48)) - omNode-2@group-523986131536-FOLLOWER: accept ELECTION from omNode-3: our priority 0 <= candidate's priority 0
2022-08-23 13:13:51,730 [grpc-default-executor-3] INFO  server.RaftServer$Division (ServerState.java:setLeader(287)) - omNode-2@group-523986131536: change Leader from omNode-3 to null at term 3 for updateCurrentTerm
2022-08-23 13:13:51,730 [grpc-default-executor-3] INFO  server.RaftServer$Division (RaftServerImpl.java:setRole(299)) - omNode-2@group-523986131536: changes role from  FOLLOWER to FOLLOWER at term 3 for candidate:omNode-3
2022-08-23 13:13:51,730 [grpc-default-executor-3] INFO  impl.RoleInfo (RoleInfo.java:shutdownFollowerState(110)) - omNode-2: shutdown omNode-2@group-523986131536-FollowerState
2022-08-23 13:13:51,730 [grpc-default-executor-3] INFO  impl.RoleInfo (RoleInfo.java:updateAndGet(139)) - omNode-2: start omNode-2@group-523986131536-FollowerState
2022-08-23 13:13:51,730 [omNode-2@group-523986131536-FollowerState] INFO  impl.FollowerState (FollowerState.java:run(152)) - omNode-2@group-523986131536-FollowerState was interrupted
2022-08-23 13:13:51,732 [grpc-default-executor-4] INFO  server.RaftServer$Division (RaftServerImpl.java:requestVote(1184)) - omNode-1@group-523986131536 replies to ELECTION vote request: omNode-3<-omNode-1#0:OK-t3. Peer's state: omNode-1@group-523986131536:t3, leader=null, voted=omNode-3, raftlog=omNode-1@group-523986131536-SegmentedRaftLog:OPENED:c79, conf=26: [omNode-3|rpc:localhost:37767|admin:|client:|dataStream:|priority:0, omNode-1|rpc:localhost:38655|admin:|client:|dataStream:|priority:0, omNode-2|rpc:localhost:39595|admin:|client:|dataStream:|priority:0], old=null
2022-08-23 13:13:51,733 [grpc-default-executor-3] INFO  server.RaftServer$Division (RaftServerImpl.java:requestVote(1184)) - omNode-2@group-523986131536 replies to ELECTION vote request: omNode-3<-omNode-2#0:OK-t3. Peer's state: omNode-2@group-523986131536:t3, leader=null, voted=omNode-3, raftlog=omNode-2@group-523986131536-SegmentedRaftLog:OPENED:c79, conf=26: [omNode-3|rpc:localhost:37767|admin:|client:|dataStream:|priority:0, omNode-1|rpc:localhost:38655|admin:|client:|dataStream:|priority:0, omNode-2|rpc:localhost:39595|admin:|client:|dataStream:|priority:0], old=null
2022-08-23 13:13:51,734 [omNode-3@group-523986131536-LeaderElection10] INFO  impl.LeaderElection (LeaderElection.java:logAndReturn(90)) - omNode-3@group-523986131536-LeaderElection10: ELECTION PASSED received 1 response(s) and 0 exception(s):
2022-08-23 13:13:51,735 [omNode-3@group-523986131536-LeaderElection10] INFO  impl.LeaderElection (LeaderElection.java:logAndReturn(94)) -   Response 0: omNode-3<-omNode-1#0:OK-t3
2022-08-23 13:13:51,735 [omNode-3@group-523986131536-LeaderElection10] INFO  impl.LeaderElection (LeaderElection.java:askForVotes(312)) - omNode-3@group-523986131536-LeaderElection10 ELECTION round 0: result PASSED
2022-08-23 13:13:51,735 [omNode-3@group-523986131536-LeaderElection10] INFO  impl.RoleInfo (RoleInfo.java:shutdownLeaderElection(130)) - omNode-3: shutdown omNode-3@group-523986131536-LeaderElection10
2022-08-23 13:13:51,735 [omNode-3@group-523986131536-LeaderElection10] INFO  server.RaftServer$Division (RaftServerImpl.java:setRole(299)) - omNode-3@group-523986131536: changes role from CANDIDATE to LEADER at term 3 for changeToLeader
2022-08-23 13:13:51,735 [omNode-3@group-523986131536-LeaderElection10] INFO  server.RaftServer$Division (ServerState.java:setLeader(287)) - omNode-3@group-523986131536: change Leader from null to omNode-3 at term 3 for becomeLeader, leader elected after 1192ms
2022-08-23 13:13:51,735 [omNode-3@group-523986131536-LeaderElection10] INFO  server.RaftServerConfigKeys (ConfUtils.java:logGet(46)) - raft.server.staging.catchup.gap = 1000 (default)
2022-08-23 13:13:51,735 [omNode-3@group-523986131536-LeaderElection10] INFO  server.RaftServerConfigKeys (ConfUtils.java:logGet(46)) - raft.server.write.element-limit = 4096 (default)
2022-08-23 13:13:51,735 [omNode-3@group-523986131536-LeaderElection10] INFO  server.RaftServerConfigKeys (ConfUtils.java:logGet(46)) - raft.server.write.byte-limit = 64MB (=67108864) (default)
2022-08-23 13:13:51,735 [omNode-3@group-523986131536-LeaderElection10] INFO  server.RaftServerConfigKeys (ConfUtils.java:logGet(46)) - raft.server.watch.timeout = 10s (default)
2022-08-23 13:13:51,735 [omNode-3@group-523986131536-LeaderElection10] INFO  server.RaftServerConfigKeys (ConfUtils.java:logGet(46)) - raft.server.watch.timeout.denomination = 1s (default)
2022-08-23 13:13:51,736 [omNode-3@group-523986131536-LeaderElection10] INFO  server.RaftServerConfigKeys (ConfUtils.java:logGet(46)) - raft.server.watch.element-limit = 65536 (default)
2022-08-23 13:13:51,736 [omNode-3@group-523986131536-LeaderElection10] INFO  server.RaftServerConfigKeys (ConfUtils.java:logGet(46)) - raft.server.write.element-limit = 4096 (default)
2022-08-23 13:13:51,736 [omNode-3@group-523986131536-LeaderElection10] INFO  server.RaftServerConfigKeys (ConfUtils.java:logGet(46)) - raft.server.write.follower.gap.ratio.max = -1.0 (default)
2022-08-23 13:13:51,736 [omNode-3@group-523986131536-LeaderElection10] INFO  server.RaftServerConfigKeys (ConfUtils.java:logGet(46)) - raft.server.log.appender.snapshot.chunk.size.max = 16MB (=16777216) (default)
2022-08-23 13:13:51,736 [omNode-3@group-523986131536-LeaderElection10] INFO  server.RaftServerConfigKeys (ConfUtils.java:logGet(46)) - raft.server.log.appender.buffer.byte-limit = 33554432 (custom)
2022-08-23 13:13:51,736 [omNode-3@group-523986131536-LeaderElection10] INFO  server.RaftServerConfigKeys (ConfUtils.java:logGet(46)) - raft.server.log.appender.buffer.element-limit = 1024 (custom)
2022-08-23 13:13:51,737 [omNode-3@group-523986131536-LeaderElection10] INFO  grpc.GrpcConfigKeys (ConfUtils.java:logGet(46)) - raft.grpc.server.leader.outstanding.appends.max = 128 (default)
2022-08-23 13:13:51,737 [omNode-3@group-523986131536-LeaderElection10] INFO  server.RaftServerConfigKeys (ConfUtils.java:logGet(46)) - raft.server.rpc.request.timeout = 3000ms (default)
2022-08-23 13:13:51,737 [omNode-3@group-523986131536-LeaderElection10] INFO  server.RaftServerConfigKeys (ConfUtils.java:logGet(46)) - raft.server.log.appender.install.snapshot.enabled = false (custom)
2022-08-23 13:13:51,739 [omNode-3@group-523986131536-LeaderElection10] INFO  server.RaftServerConfigKeys (ConfUtils.java:logGet(46)) - raft.server.log.appender.snapshot.chunk.size.max = 16MB (=16777216) (default)
2022-08-23 13:13:51,740 [omNode-3@group-523986131536-LeaderElection10] INFO  server.RaftServerConfigKeys (ConfUtils.java:logGet(46)) - raft.server.log.appender.buffer.byte-limit = 33554432 (custom)
2022-08-23 13:13:51,740 [omNode-3@group-523986131536-LeaderElection10] INFO  server.RaftServerConfigKeys (ConfUtils.java:logGet(46)) - raft.server.log.appender.buffer.element-limit = 1024 (custom)
2022-08-23 13:13:51,740 [omNode-3@group-523986131536-LeaderElection10] INFO  grpc.GrpcConfigKeys (ConfUtils.java:logGet(46)) - raft.grpc.server.leader.outstanding.appends.max = 128 (default)
2022-08-23 13:13:51,740 [omNode-3@group-523986131536-LeaderElection10] INFO  server.RaftServerConfigKeys (ConfUtils.java:logGet(46)) - raft.server.rpc.request.timeout = 3000ms (default)
2022-08-23 13:13:51,740 [omNode-3@group-523986131536-LeaderElection10] INFO  server.RaftServerConfigKeys (ConfUtils.java:logGet(46)) - raft.server.log.appender.install.snapshot.enabled = false (custom)
2022-08-23 13:13:51,740 [omNode-3@group-523986131536-LeaderElection10] INFO  impl.RoleInfo (RoleInfo.java:updateAndGet(139)) - omNode-3: start omNode-3@group-523986131536-LeaderStateImpl
2022-08-23 13:13:51,740 [omNode-3@group-523986131536-LeaderElection10] INFO  segmented.SegmentedRaftLogWorker (SegmentedRaftLogWorker.java:startLogSegment(425)) - omNode-3@group-523986131536-SegmentedRaftLogWorker: Starting segment from index:80
2022-08-23 13:13:51,754 [omNode-3@group-523986131536-SegmentedRaftLogWorker] INFO  segmented.SegmentedRaftLogWorker (SegmentedRaftLogWorker.java:execute(629)) - omNode-3@group-523986131536-SegmentedRaftLogWorker: created new log segment /home/runner/work/ozone/ozone/hadoop-ozone/integration-test/target/test-dir/MiniOzoneClusterImpl-4608f117-74fa-4099-bfe6-1cf4b0c0a0c3/omNode-3/ratis/c9bc4cf4-3bc3-3c60-a66b-523986131536/current/log_inprogress_80
2022-08-23 13:13:51,761 [omNode-3@group-523986131536-LeaderElection10] INFO  server.RaftServer$Division (ServerState.java:setRaftConf(393)) - omNode-3@group-523986131536: set configuration 80: [omNode-3|rpc:localhost:37767|admin:|client:|dataStream:|priority:0, omNode-1|rpc:localhost:38655|admin:|client:|dataStream:|priority:0, omNode-2|rpc:localhost:39595|admin:|client:|dataStream:|priority:0], old=null
2022-08-23 13:13:51,768 [omNode-2-server-thread1] INFO  server.RaftServer$Division (ServerState.java:setLeader(287)) - omNode-2@group-523986131536: change Leader from null to omNode-3 at term 3 for appendEntries, leader elected after 37ms
2022-08-23 13:13:51,772 [Listener at localhost/45365] INFO  reflections.Reflections (Reflections.java:scan(232)) - Reflections took 442 ms to scan 19 urls, producing 67 keys and 4158 values [using 2 cores]
2022-08-23 13:13:51,773 [Listener at localhost/45365] INFO  ipc.CallQueueManager (CallQueueManager.java:<init>(90)) - Using callQueue: class java.util.concurrent.LinkedBlockingQueue, queueCapacity: 2000, scheduler: class org.apache.hadoop.ipc.DefaultRpcScheduler, ipcBackoff: false.
2022-08-23 13:13:51,781 [omNode-1-server-thread1] INFO  server.RaftServer$Division (ServerState.java:setLeader(287)) - omNode-1@group-523986131536: change Leader from null to omNode-3 at term 3 for appendEntries, leader elected after 463ms
2022-08-23 13:13:51,785 [Socket Reader #1 for port 34295] INFO  ipc.Server (Server.java:run(1265)) - Starting Socket Reader #1 for port 34295
2022-08-23 13:13:51,788 [omNode-2-server-thread1] INFO  server.RaftServer$Division (ServerState.java:setRaftConf(393)) - omNode-2@group-523986131536: set configuration 80: [omNode-3|rpc:localhost:37767|admin:|client:|dataStream:|priority:0, omNode-1|rpc:localhost:38655|admin:|client:|dataStream:|priority:0, omNode-2|rpc:localhost:39595|admin:|client:|dataStream:|priority:0], old=null
2022-08-23 13:13:51,788 [omNode-2-server-thread1] INFO  segmented.SegmentedRaftLogWorker (SegmentedRaftLogWorker.java:rollLogSegment(430)) - omNode-2@group-523986131536-SegmentedRaftLogWorker: Rolling segment log-26_79 to index:79
2022-08-23 13:13:51,791 [Listener at localhost/34295] INFO  http.BaseHttpServer (BaseHttpServer.java:newHttpServer2BuilderForOzone(209)) - Starting Web-server for ozoneManager at: http://0.0.0.0:37575
2022-08-23 13:13:51,791 [Listener at localhost/34295] INFO  http.BaseHttpServer (BaseHttpServer.java:<init>(107)) - Hadoop Security Enabled: false Ozone Security Enabled: false Ozone HTTP Security Enabled: false 
2022-08-23 13:13:51,792 [Listener at localhost/34295] INFO  server.AuthenticationFilter (AuthenticationFilter.java:constructSecretProvider(240)) - Unable to initialize FileSignerSecretProvider, falling back to use random secrets.
2022-08-23 13:13:51,801 [omNode-2@group-523986131536-SegmentedRaftLogWorker] INFO  segmented.SegmentedRaftLogWorker (SegmentedRaftLogWorker.java:execute(586)) - omNode-2@group-523986131536-SegmentedRaftLogWorker: Rolled log segment from /home/runner/work/ozone/ozone/hadoop-ozone/integration-test/target/test-dir/MiniOzoneClusterImpl-4608f117-74fa-4099-bfe6-1cf4b0c0a0c3/omNode-2/ratis/c9bc4cf4-3bc3-3c60-a66b-523986131536/current/log_inprogress_26 to /home/runner/work/ozone/ozone/hadoop-ozone/integration-test/target/test-dir/MiniOzoneClusterImpl-4608f117-74fa-4099-bfe6-1cf4b0c0a0c3/omNode-2/ratis/c9bc4cf4-3bc3-3c60-a66b-523986131536/current/log_26-79
2022-08-23 13:13:51,805 [Listener at localhost/34295] WARN  http.HttpRequestLog (HttpRequestLog.java:getRequestLog(103)) - Jetty request log can only be enabled using Log4j
2022-08-23 13:13:51,805 [omNode-1-server-thread1] INFO  server.RaftServer$Division (ServerState.java:setRaftConf(393)) - omNode-1@group-523986131536: set configuration 80: [omNode-3|rpc:localhost:37767|admin:|client:|dataStream:|priority:0, omNode-1|rpc:localhost:38655|admin:|client:|dataStream:|priority:0, omNode-2|rpc:localhost:39595|admin:|client:|dataStream:|priority:0], old=null
2022-08-23 13:13:51,807 [Listener at localhost/34295] INFO  http.HttpServer2 (HttpServer2.java:addGlobalFilter(1029)) - Added global filter 'safety' (class=org.apache.hadoop.hdds.server.http.HttpServer2$QuotingInputFilter)
2022-08-23 13:13:51,809 [omNode-1-server-thread1] INFO  segmented.SegmentedRaftLogWorker (SegmentedRaftLogWorker.java:startLogSegment(425)) - omNode-1@group-523986131536-SegmentedRaftLogWorker: Starting segment from index:80
2022-08-23 13:13:51,809 [Listener at localhost/34295] INFO  http.HttpServer2 (HttpServer2.java:addFilter(1005)) - Added filter static_user_filter (class=org.apache.hadoop.http.lib.StaticUserWebFilter$StaticUserFilter) to context ozoneManager
2022-08-23 13:13:51,809 [Listener at localhost/34295] INFO  http.HttpServer2 (HttpServer2.java:addFilter(1013)) - Added filter static_user_filter (class=org.apache.hadoop.http.lib.StaticUserWebFilter$StaticUserFilter) to context static
2022-08-23 13:13:51,809 [Listener at localhost/34295] INFO  http.HttpServer2 (HttpServer2.java:addFilter(1013)) - Added filter static_user_filter (class=org.apache.hadoop.http.lib.StaticUserWebFilter$StaticUserFilter) to context logs
2022-08-23 13:13:51,810 [Listener at localhost/34295] INFO  http.HttpServer2 (HttpServer2.java:bindListener(1248)) - Jetty bound to port 37575
2022-08-23 13:13:51,813 [Listener at localhost/34295] INFO  server.Server (Server.java:doStart(375)) - jetty-9.4.43.v20210629; built: 2021-06-30T11:07:22.254Z; git: 526006ecfa3af7f1a27ef3a288e2bef7ea9dd7e8; jvm 1.8.0_345-b01
2022-08-23 13:13:51,818 [Listener at localhost/34295] INFO  server.session (DefaultSessionIdManager.java:doStart(334)) - DefaultSessionIdManager workerName=node0
2022-08-23 13:13:51,819 [Listener at localhost/34295] INFO  server.session (DefaultSessionIdManager.java:doStart(339)) - No SessionScavenger set, using defaults
2022-08-23 13:13:51,819 [Listener at localhost/34295] INFO  server.session (HouseKeeper.java:startScavenging(132)) - node0 Scavenging every 600000ms
2022-08-23 13:13:51,820 [Listener at localhost/34295] INFO  handler.ContextHandler (ContextHandler.java:doStart(915)) - Started o.e.j.s.ServletContextHandler@3301b4df{logs,/logs,file:///home/runner/work/ozone/ozone/hadoop-ozone/integration-test/target/log,AVAILABLE}
2022-08-23 13:13:51,820 [Listener at localhost/34295] INFO  handler.ContextHandler (ContextHandler.java:doStart(915)) - Started o.e.j.s.ServletContextHandler@390af2f0{static,/static,file:///home/runner/work/ozone/ozone/hadoop-ozone/integration-test/target/test-classes/webapps/static,AVAILABLE}
2022-08-23 13:13:51,824 [omNode-2@group-523986131536-SegmentedRaftLogWorker] INFO  segmented.SegmentedRaftLogWorker (SegmentedRaftLogWorker.java:execute(629)) - omNode-2@group-523986131536-SegmentedRaftLogWorker: created new log segment /home/runner/work/ozone/ozone/hadoop-ozone/integration-test/target/test-dir/MiniOzoneClusterImpl-4608f117-74fa-4099-bfe6-1cf4b0c0a0c3/omNode-2/ratis/c9bc4cf4-3bc3-3c60-a66b-523986131536/current/log_inprogress_80
2022-08-23 13:13:51,826 [Listener at localhost/34295] INFO  handler.ContextHandler (ContextHandler.java:doStart(915)) - Started o.e.j.w.WebAppContext@16903c13{ozoneManager,/,file:///home/runner/work/ozone/ozone/hadoop-ozone/integration-test/target/test-classes/webapps/ozoneManager/,AVAILABLE}{file:/home/runner/work/ozone/ozone/hadoop-ozone/integration-test/target/test-classes/webapps/ozoneManager}
2022-08-23 13:13:51,828 [omNode-1@group-523986131536-SegmentedRaftLogWorker] INFO  segmented.SegmentedRaftLogWorker (SegmentedRaftLogWorker.java:execute(629)) - omNode-1@group-523986131536-SegmentedRaftLogWorker: created new log segment /home/runner/work/ozone/ozone/hadoop-ozone/integration-test/target/test-dir/MiniOzoneClusterImpl-4608f117-74fa-4099-bfe6-1cf4b0c0a0c3/omNode-1/ratis/c9bc4cf4-3bc3-3c60-a66b-523986131536/current/log_inprogress_80
2022-08-23 13:13:51,830 [Listener at localhost/34295] INFO  server.AbstractConnector (AbstractConnector.java:doStart(331)) - Started ServerConnector@774ba911{HTTP/1.1, (http/1.1)}{0.0.0.0:37575}
2022-08-23 13:13:51,830 [Listener at localhost/34295] INFO  server.Server (Server.java:doStart(415)) - Started @166004ms
2022-08-23 13:13:51,830 [Listener at localhost/34295] WARN  impl.MetricsSystemImpl (MetricsSystemImpl.java:register(279)) - Sink prometheus already exists!
2022-08-23 13:13:51,832 [omNode-3@group-523986131536-StateMachineUpdater] INFO  ratis.OzoneManagerStateMachine (OzoneManagerStateMachine.java:notifyConfigurationChanged(192)) - Received Configuration change notification from Ratis. New Peer list:
[id: "omNode-3"
address: "localhost:37767"
, id: "omNode-1"
address: "localhost:38655"
, id: "omNode-2"
address: "localhost:39595"
]
2022-08-23 13:13:51,833 [Listener at localhost/34295] INFO  http.BaseHttpServer (BaseHttpServer.java:updateConnectorAddress(329)) - HTTP server of ozoneManager listening at http://0.0.0.0:37575
2022-08-23 13:13:51,834 [IPC Server Responder] INFO  ipc.Server (Server.java:run(1507)) - IPC Server Responder: starting
2022-08-23 13:13:51,843 [IPC Server listener on 34295] INFO  ipc.Server (Server.java:run(1344)) - IPC Server listener on 34295: starting
2022-08-23 13:13:51,850 [omNode-1@group-523986131536-StateMachineUpdater] INFO  ratis.OzoneManagerStateMachine (OzoneManagerStateMachine.java:notifyConfigurationChanged(192)) - Received Configuration change notification from Ratis. New Peer list:
[id: "omNode-3"
address: "localhost:37767"
, id: "omNode-1"
address: "localhost:38655"
, id: "omNode-2"
address: "localhost:39595"
]
2022-08-23 13:13:51,850 [omNode-2@group-523986131536-StateMachineUpdater] INFO  ratis.OzoneManagerStateMachine (OzoneManagerStateMachine.java:notifyConfigurationChanged(192)) - Received Configuration change notification from Ratis. New Peer list:
[id: "omNode-3"
address: "localhost:37767"
, id: "omNode-1"
address: "localhost:38655"
, id: "omNode-2"
address: "localhost:39595"
]
2022-08-23 13:13:51,855 [Listener at localhost/34295] INFO  om.OzoneManager (OzoneManager.java:startTrashEmptier(1907)) - Trash Interval set to 0. Files deleted won't move to trash
2022-08-23 13:13:51,861 [Listener at localhost/34295] INFO  om.OzoneManager (OzoneManager.java:stop(2022)) - omNode-2[localhost:34427]: Stopping Ozone Manager
2022-08-23 13:13:51,861 [Listener at localhost/34295] INFO  ipc.Server (Server.java:stop(3414)) - Stopping server on 34427
2022-08-23 13:13:51,866 [IPC Server listener on 34427] INFO  ipc.Server (Server.java:run(1376)) - Stopping IPC Server listener on 34427
2022-08-23 13:13:51,866 [IPC Server Responder] INFO  ipc.Server (Server.java:run(1512)) - Stopping IPC Server Responder
2022-08-23 13:13:51,867 [Listener at localhost/34295] INFO  server.RaftServer (RaftServerProxy.java:lambda$close$7(398)) - omNode-2: close
2022-08-23 13:13:51,867 [Listener at localhost/34295] INFO  server.RaftServer$Division (RaftServerImpl.java:lambda$close$4(434)) - omNode-2@group-523986131536: shutdown
2022-08-23 13:13:51,868 [Listener at localhost/34295] INFO  util.JmxRegister (JmxRegister.java:unregister(73)) - Successfully un-registered JMX Bean with object name Ratis:service=RaftServer,group=group-523986131536,id=omNode-2
2022-08-23 13:13:51,868 [Listener at localhost/34295] INFO  impl.RoleInfo (RoleInfo.java:shutdownFollowerState(110)) - omNode-2: shutdown omNode-2@group-523986131536-FollowerState
2022-08-23 13:13:51,869 [Listener at localhost/34295] INFO  impl.StateMachineUpdater (StateMachineUpdater.java:stopAndJoin(153)) - omNode-2@group-523986131536-StateMachineUpdater: set stopIndex = 80
2022-08-23 13:13:51,869 [omNode-2@group-523986131536-StateMachineUpdater] INFO  ratis.OzoneManagerStateMachine (OzoneManagerStateMachine.java:takeSnapshot(441)) - Current Snapshot Index (t:3, i:80)
2022-08-23 13:13:51,869 [omNode-2@group-523986131536-StateMachineUpdater] INFO  impl.StateMachineUpdater (StateMachineUpdater.java:takeSnapshot(287)) - omNode-2@group-523986131536-StateMachineUpdater: Took a snapshot at index 80
2022-08-23 13:13:51,869 [omNode-2@group-523986131536-StateMachineUpdater] INFO  impl.StateMachineUpdater (StateMachineUpdater.java:lambda$new$0(92)) - omNode-2@group-523986131536-StateMachineUpdater: snapshotIndex: updateIncreasingly 78 -> 80
2022-08-23 13:13:51,869 [omNode-2@group-523986131536-StateMachineUpdater] INFO  ratis.OzoneManagerStateMachine (OzoneManagerStateMachine.java:close(495)) - StateMachine has shutdown. Shutdown OzoneManager if not already shutdown.
2022-08-23 13:13:51,869 [omNode-2@group-523986131536-StateMachineUpdater] INFO  ratis.OzoneManagerDoubleBuffer (OzoneManagerDoubleBuffer.java:stop(466)) - Stopping OMDoubleBuffer flush thread
2022-08-23 13:13:51,869 [omNode-2@group-523986131536-FollowerState] INFO  impl.FollowerState (FollowerState.java:run(152)) - omNode-2@group-523986131536-FollowerState was interrupted
2022-08-23 13:13:51,869 [OMDoubleBufferFlushThread] INFO  ratis.OzoneManagerDoubleBuffer (OzoneManagerDoubleBuffer.java:flushTransactions(385)) - OMDoubleBuffer flush thread OMDoubleBufferFlushThread is interrupted and will exit.
2022-08-23 13:13:51,872 [Listener at localhost/34295] INFO  server.RaftServer$Division (ServerState.java:close(429)) - omNode-2@group-523986131536: closes. applyIndex: 80
2022-08-23 13:13:51,872 [org.apache.hadoop.util.JvmPauseMonitor$Monitor@6e69b9f3] INFO  util.JvmPauseMonitor (JvmPauseMonitor.java:run(188)) - Starting JVM pause monitor
2022-08-23 13:13:51,872 [omNode-2@group-523986131536-SegmentedRaftLogWorker] INFO  segmented.SegmentedRaftLogWorker (SegmentedRaftLogWorker.java:run(336)) - omNode-2@group-523986131536-SegmentedRaftLogWorker was interrupted, exiting. There are 0 tasks remaining in the queue.
2022-08-23 13:13:51,874 [Listener at localhost/34295] INFO  segmented.SegmentedRaftLogWorker (SegmentedRaftLogWorker.java:close(246)) - omNode-2@group-523986131536-SegmentedRaftLogWorker close()
2022-08-23 13:13:51,876 [Listener at localhost/34295] INFO  server.GrpcService (GrpcService.java:closeImpl(269)) - omNode-2: shutdown server with port 39595 now
2022-08-23 13:13:51,879 [grpc-default-executor-4] WARN  server.GrpcServerProtocolService (LogUtils.java:warn(122)) - omNode-2: installSnapshot onError, lastRequest: omNode-3->omNode-2#3-t3,previous=(t:3, i:80),leaderCommit=80,initializing? true,entries: size=1, first=(t:3, i:81), METADATAENTRY(c:80): org.apache.ratis.thirdparty.io.grpc.StatusRuntimeException: CANCELLED: client cancelled
2022-08-23 13:13:51,879 [grpc-default-executor-2] WARN  server.GrpcLogAppender (LogUtils.java:warn(122)) - omNode-3@group-523986131536->omNode-2-AppendLogResponseHandler: Failed appendEntries: org.apache.ratis.thirdparty.io.grpc.StatusRuntimeException: CANCELLED: RST_STREAM closed stream. HTTP/2 error code: CANCEL
2022-08-23 13:13:51,879 [grpc-default-executor-2] INFO  leader.FollowerInfo (FollowerInfoImpl.java:lambda$new$0(48)) - omNode-3@group-523986131536->omNode-2: nextIndex: updateUnconditionally 82 -> 81
2022-08-23 13:13:51,880 [Listener at localhost/34295] INFO  server.GrpcService (GrpcService.java:closeImpl(278)) - omNode-2: shutdown server with port 39595 successfully
2022-08-23 13:13:51,880 [org.apache.ratis.util.JvmPauseMonitor$$Lambda$708/1254431508@318d441f] INFO  util.JvmPauseMonitor (JvmPauseMonitor.java:run(109)) - JvmPauseMonitor-omNode-2: Stopped
2022-08-23 13:13:51,881 [Listener at localhost/34295] INFO  ratis.OzoneManagerStateMachine (OzoneManagerStateMachine.java:close(495)) - StateMachine has shutdown. Shutdown OzoneManager if not already shutdown.
2022-08-23 13:13:51,881 [Listener at localhost/34295] INFO  ratis.OzoneManagerDoubleBuffer (OzoneManagerDoubleBuffer.java:stop(478)) - OMDoubleBuffer flush thread is not running.
2022-08-23 13:13:51,881 [Listener at localhost/34295] INFO  handler.ContextHandler (ContextHandler.java:doStop(1153)) - Stopped o.e.j.w.WebAppContext@6dcfa481{ozoneManager,/,null,STOPPED}{file:/home/runner/work/ozone/ozone/hadoop-ozone/integration-test/target/test-classes/webapps/ozoneManager}
2022-08-23 13:13:51,882 [Listener at localhost/34295] INFO  server.AbstractConnector (AbstractConnector.java:doStop(381)) - Stopped ServerConnector@49425914{HTTP/1.1, (http/1.1)}{0.0.0.0:35457}
2022-08-23 13:13:51,882 [Listener at localhost/34295] INFO  server.session (HouseKeeper.java:stopScavenging(149)) - node0 Stopped scavenging
2022-08-23 13:13:51,882 [Listener at localhost/34295] INFO  handler.ContextHandler (ContextHandler.java:doStop(1153)) - Stopped o.e.j.s.ServletContextHandler@5a5b2829{static,/static,file:///home/runner/work/ozone/ozone/hadoop-ozone/integration-test/target/test-classes/webapps/static,STOPPED}
2022-08-23 13:13:51,883 [Listener at localhost/34295] INFO  handler.ContextHandler (ContextHandler.java:doStop(1153)) - Stopped o.e.j.s.ServletContextHandler@3897209{logs,/logs,file:///home/runner/work/ozone/ozone/hadoop-ozone/integration-test/target/log,STOPPED}
2022-08-23 13:13:51,885 [Listener at localhost/34295] INFO  om.OzoneManager (OzoneManager.java:restart(1559)) - OzoneManager RPC server is listening at localhost/127.0.0.1:34427
2022-08-23 13:13:51,885 [Listener at localhost/34295] INFO  impl.MetricsSystemImpl (MetricsSystemImpl.java:init(158)) - OzoneManager metrics system started (again)
2022-08-23 13:13:51,891 [grpc-default-executor-2] WARN  server.GrpcLogAppender (LogUtils.java:warn(122)) - omNode-3@group-523986131536->omNode-2-AppendLogResponseHandler: Failed appendEntries: org.apache.ratis.thirdparty.io.grpc.StatusRuntimeException: UNAVAILABLE: io exception
2022-08-23 13:13:51,891 [grpc-default-executor-2] INFO  leader.FollowerInfo (FollowerInfoImpl.java:lambda$new$0(48)) - omNode-3@group-523986131536->omNode-2: nextIndex: updateUnconditionally 82 -> 81
2022-08-23 13:13:51,905 [Listener at localhost/34295] WARN  server.ServerUtils (ServerUtils.java:getDBPath(225)) - ozone.om.db.dirs is not configured. We recommend adding this setting. Falling back to ozone.metadata.dirs instead.
2022-08-23 13:13:51,905 [Listener at localhost/34295] INFO  codec.OmKeyInfoCodec (OmKeyInfoCodec.java:<init>(49)) - OmKeyInfoCodec ignorePipeline = true
2022-08-23 13:13:51,905 [Listener at localhost/34295] INFO  codec.RepeatedOmKeyInfoCodec (RepeatedOmKeyInfoCodec.java:<init>(41)) - RepeatedOmKeyInfoCodec ignorePipeline = true
2022-08-23 13:13:51,953 [Listener at localhost/34295] INFO  om.OzoneManager (OzoneManager.java:instantiateServices(697)) - S3 Multi-Tenancy is disabled
2022-08-23 13:13:51,957 [Listener at localhost/34295] WARN  impl.MetricRegistriesImpl (MetricRegistriesImpl.java:addReporterRegistration(111)) - New reporters are added after registries were created. Some metrics will be missing from the reporter. Please add reporter before adding any new registry.
2022-08-23 13:13:51,958 [Listener at localhost/34295] WARN  impl.MetricRegistriesImpl (MetricRegistriesImpl.java:addReporterRegistration(111)) - New reporters are added after registries were created. Some metrics will be missing from the reporter. Please add reporter before adding any new registry.
2022-08-23 13:13:51,958 [Listener at localhost/34295] WARN  server.ServerUtils (ServerUtils.java:getDefaultRatisDirectory(237)) - Storage directory for Ratis is not configured. It is a good idea to map this to an SSD disk. Falling back to ozone.metadata.dirs
2022-08-23 13:13:51,959 [Listener at localhost/34295] INFO  ratis.OzoneManagerRatisServer (OzoneManagerRatisServer.java:<init>(159)) - Instantiating OM Ratis server with groupID: om-service-test1 and peers: localhost:39595, localhost:37767, localhost:38655
2022-08-23 13:13:51,959 [Listener at localhost/34295] INFO  ratis.OzoneManagerStateMachine (OzoneManagerStateMachine.java:loadSnapshotInfoFromDB(632)) - LastAppliedIndex is set from TransactionInfo from OM DB as (t:3, i:80)
2022-08-23 13:13:51,959 [Listener at localhost/34295] INFO  server.RaftServer (ConfUtils.java:logGet(46)) - raft.rpc.type = GRPC (default)
2022-08-23 13:13:51,960 [Listener at localhost/34295] INFO  grpc.GrpcFactory (GrpcFactory.java:checkPooledByteBufAllocatorUseCacheForAllThreads(48)) - PERFORMANCE WARNING: useCacheForAllThreads is true that may cause Netty to create a lot garbage objects and, as a result, trigger GC.
	It is recommended to disable useCacheForAllThreads by setting -Dorg.apache.ratis.thirdparty.io.netty.allocator.useCacheForAllThreads=false in command line.
2022-08-23 13:13:51,960 [Listener at localhost/34295] INFO  grpc.GrpcConfigKeys (ConfUtils.java:logGet(46)) - raft.grpc.admin.port = -1 (default)
2022-08-23 13:13:51,960 [Listener at localhost/34295] INFO  grpc.GrpcConfigKeys (ConfUtils.java:logGet(46)) - raft.grpc.server.port = 39595 (custom)
2022-08-23 13:13:51,960 [Listener at localhost/34295] INFO  grpc.GrpcConfigKeys (ConfUtils.java:logGet(46)) - raft.grpc.client.port = -1 (default)
2022-08-23 13:13:51,960 [Listener at localhost/34295] INFO  grpc.GrpcConfigKeys (ConfUtils.java:logGet(46)) - raft.grpc.server.port = 39595 (custom)
2022-08-23 13:13:51,960 [Listener at localhost/34295] INFO  grpc.GrpcConfigKeys (ConfUtils.java:logGet(46)) - raft.grpc.server.port = 39595 (custom)
2022-08-23 13:13:51,961 [Listener at localhost/34295] INFO  server.GrpcService (ConfUtils.java:logGet(46)) - raft.grpc.message.size.max = 33554432 (custom)
2022-08-23 13:13:51,961 [Listener at localhost/34295] INFO  server.RaftServerConfigKeys (ConfUtils.java:logGet(46)) - raft.server.log.appender.buffer.byte-limit = 33554432 (custom)
2022-08-23 13:13:51,961 [Listener at localhost/34295] INFO  server.GrpcService (ConfUtils.java:logGet(46)) - raft.grpc.flow.control.window = 1MB (=1048576) (default)
2022-08-23 13:13:51,961 [Listener at localhost/34295] INFO  server.RaftServerConfigKeys (ConfUtils.java:logGet(46)) - raft.server.rpc.request.timeout = 3000ms (default)
2022-08-23 13:13:51,961 [Listener at localhost/34295] INFO  grpc.GrpcConfigKeys (ConfUtils.java:logGet(46)) - raft.grpc.server.async.request.thread.pool.cached = true (default)
2022-08-23 13:13:51,961 [Listener at localhost/34295] INFO  grpc.GrpcConfigKeys (ConfUtils.java:logGet(46)) - raft.grpc.server.async.request.thread.pool.size = 32 (default)
2022-08-23 13:13:51,963 [Listener at localhost/34295] INFO  impl.DataStreamServerImpl (ConfUtils.java:logGet(46)) - raft.datastream.type = DISABLED (default)
2022-08-23 13:13:51,963 [Listener at localhost/34295] INFO  server.RaftServerConfigKeys (ConfUtils.java:logGet(46)) - raft.server.threadpool.proxy.cached = true (default)
2022-08-23 13:13:51,963 [Listener at localhost/34295] INFO  server.RaftServerConfigKeys (ConfUtils.java:logGet(46)) - raft.server.threadpool.proxy.size = 0 (default)
2022-08-23 13:13:51,963 [Listener at localhost/34295] INFO  server.RaftServerConfigKeys (ConfUtils.java:logGet(46)) - raft.server.rpc.slowness.timeout = 2s (custom)
2022-08-23 13:13:51,963 [Listener at localhost/34295] INFO  server.RaftServerConfigKeys (ConfUtils.java:logGet(46)) - raft.server.leaderelection.leader.step-down.wait-time = 10s (default)
2022-08-23 13:13:51,963 [Listener at localhost/34295] INFO  server.RaftServerConfigKeys (ConfUtils.java:logGet(46)) - raft.server.storage.dir = [/home/runner/work/ozone/ozone/hadoop-ozone/integration-test/target/test-dir/MiniOzoneClusterImpl-4608f117-74fa-4099-bfe6-1cf4b0c0a0c3/omNode-2/ratis] (custom)
2022-08-23 13:13:51,964 [omNode-2-impl-thread1] INFO  server.RaftServer (RaftServerProxy.java:initGroupDir(247)) - omNode-2: found a subdirectory /home/runner/work/ozone/ozone/hadoop-ozone/integration-test/target/test-dir/MiniOzoneClusterImpl-4608f117-74fa-4099-bfe6-1cf4b0c0a0c3/omNode-2/ratis/c9bc4cf4-3bc3-3c60-a66b-523986131536
2022-08-23 13:13:51,964 [Listener at localhost/34295] INFO  server.RaftServer (RaftServerProxy.java:addNew(96)) - omNode-2: addNew group-523986131536:[omNode-3|rpc:localhost:37767|priority:0, omNode-1|rpc:localhost:38655|priority:0, omNode-2|rpc:localhost:39595|priority:0] returns group-523986131536:java.util.concurrent.CompletableFuture@37eb1e40[Not completed]
2022-08-23 13:13:51,964 [pool-377-thread-1] INFO  server.RaftServer$Division (RaftServerImpl.java:<init>(190)) - omNode-2: new RaftServerImpl for group-523986131536:[omNode-3|rpc:localhost:37767|priority:0, omNode-1|rpc:localhost:38655|priority:0, omNode-2|rpc:localhost:39595|priority:0] with OzoneManagerStateMachine:uninitialized
2022-08-23 13:13:51,964 [Listener at localhost/34295] INFO  om.OzoneManager (OzoneManager.java:initializeRatisServer(1963)) - OzoneManager Ratis server initialized at port 39595
2022-08-23 13:13:51,964 [pool-377-thread-1] INFO  server.RaftServerConfigKeys (ConfUtils.java:logGet(46)) - raft.server.rpc.timeout.min = 1s (custom)
2022-08-23 13:13:51,965 [Listener at localhost/34295] INFO  ratis.OzoneManagerRatisServer (OzoneManagerRatisServer.java:start(554)) - Starting OzoneManagerRatisServer omNode-2 at port 39595
2022-08-23 13:13:51,965 [pool-377-thread-1] INFO  server.RaftServerConfigKeys (ConfUtils.java:logGet(46)) - raft.server.rpc.timeout.max = 1200ms (custom)
2022-08-23 13:13:51,965 [pool-377-thread-1] INFO  server.RaftServerConfigKeys (ConfUtils.java:logGet(46)) - raft.server.rpc.sleep.time = 25ms (default)
2022-08-23 13:13:51,965 [pool-377-thread-1] INFO  server.RaftServerConfigKeys (ConfUtils.java:logGet(46)) - raft.server.rpc.slowness.timeout = 2s (custom)
2022-08-23 13:13:51,965 [pool-377-thread-1] INFO  server.RaftServerConfigKeys (ConfUtils.java:logGet(46)) - raft.server.leaderelection.leader.step-down.wait-time = 10s (default)
2022-08-23 13:13:51,965 [pool-377-thread-1] INFO  server.RaftServerConfigKeys (ConfUtils.java:logGet(46)) - raft.server.sleep.deviation.threshold = 300ms (default)
2022-08-23 13:13:51,965 [pool-377-thread-1] INFO  server.RaftServer$Division (ServerState.java:<init>(107)) - omNode-2@group-523986131536: ConfigurationManager, init=-1: [omNode-3|rpc:localhost:37767|priority:0, omNode-1|rpc:localhost:38655|priority:0, omNode-2|rpc:localhost:39595|priority:0], old=null, confs=<EMPTY_MAP>
2022-08-23 13:13:51,965 [pool-377-thread-1] INFO  server.RaftServerConfigKeys (ConfUtils.java:logGet(46)) - raft.server.storage.dir = [/home/runner/work/ozone/ozone/hadoop-ozone/integration-test/target/test-dir/MiniOzoneClusterImpl-4608f117-74fa-4099-bfe6-1cf4b0c0a0c3/omNode-2/ratis] (custom)
2022-08-23 13:13:51,966 [pool-377-thread-1] INFO  server.RaftServerConfigKeys (ConfUtils.java:logGet(46)) - raft.server.log.corruption.policy = EXCEPTION (default)
2022-08-23 13:13:51,966 [pool-377-thread-1] INFO  server.RaftServerConfigKeys (ConfUtils.java:logGet(46)) - raft.server.storage.free-space.min = 0MB (=0) (default)
2022-08-23 13:13:51,967 [pool-377-thread-1] INFO  storage.RaftStorageDirectory (RaftStorageDirectoryImpl.java:tryLock(230)) - Lock on /home/runner/work/ozone/ozone/hadoop-ozone/integration-test/target/test-dir/MiniOzoneClusterImpl-4608f117-74fa-4099-bfe6-1cf4b0c0a0c3/omNode-2/ratis/c9bc4cf4-3bc3-3c60-a66b-523986131536/in_use.lock acquired by nodename 7483@fv-az222-596
2022-08-23 13:13:51,967 [pool-377-thread-1] INFO  storage.RaftStorage (RaftStorageImpl.java:analyzeAndRecoverStorage(110)) - Read RaftStorageMetadata{term=3, votedFor=omNode-3} from /home/runner/work/ozone/ozone/hadoop-ozone/integration-test/target/test-dir/MiniOzoneClusterImpl-4608f117-74fa-4099-bfe6-1cf4b0c0a0c3/omNode-2/ratis/c9bc4cf4-3bc3-3c60-a66b-523986131536/current/raft-meta
2022-08-23 13:13:51,968 [pool-377-thread-1] INFO  server.RaftServer$Division (ServerState.java:setRaftConf(393)) - omNode-2@group-523986131536: set configuration 80: [omNode-3|rpc:localhost:37767|admin:|client:|dataStream:|priority:0, omNode-1|rpc:localhost:38655|admin:|client:|dataStream:|priority:0, omNode-2|rpc:localhost:39595|admin:|client:|dataStream:|priority:0], old=null
2022-08-23 13:13:51,968 [pool-377-thread-1] INFO  server.RaftServerConfigKeys (ConfUtils.java:logGet(46)) - raft.server.notification.no-leader.timeout = 2s (custom)
2022-08-23 13:13:51,968 [pool-377-thread-1] INFO  server.RaftServerConfigKeys (ConfUtils.java:logGet(46)) - raft.server.log.use.memory = false (default)
2022-08-23 13:13:51,968 [pool-377-thread-1] INFO  server.RaftServerConfigKeys (ConfUtils.java:logGet(46)) - raft.server.log.purge.gap = 50 (custom)
2022-08-23 13:13:51,968 [pool-377-thread-1] INFO  server.RaftServerConfigKeys (ConfUtils.java:logGet(46)) - raft.server.log.appender.buffer.byte-limit = 33554432 (custom)
2022-08-23 13:13:51,968 [pool-377-thread-1] INFO  server.RaftServerConfigKeys (ConfUtils.java:logGet(46)) - raft.server.log.statemachine.data.read.timeout = 1000ms (default)
2022-08-23 13:13:51,968 [pool-377-thread-1] INFO  server.RaftServerConfigKeys (ConfUtils.java:logGet(46)) - raft.server.log.segment.size.max = 4194304 (custom)
2022-08-23 13:13:51,969 [pool-377-thread-1] INFO  server.RaftServerConfigKeys (ConfUtils.java:logGet(46)) - raft.server.log.segment.cache.num.max = 2 (custom)
2022-08-23 13:13:51,969 [pool-377-thread-1] INFO  server.RaftServerConfigKeys (ConfUtils.java:logGet(46)) - raft.server.log.segment.cache.size.max = 200MB (=209715200) (default)
2022-08-23 13:13:51,969 [pool-377-thread-1] INFO  segmented.SegmentedRaftLogWorker (SegmentedRaftLogWorker.java:<init>(187)) - new omNode-2@group-523986131536-SegmentedRaftLogWorker for RaftStorageImpl:Storage Directory /home/runner/work/ozone/ozone/hadoop-ozone/integration-test/target/test-dir/MiniOzoneClusterImpl-4608f117-74fa-4099-bfe6-1cf4b0c0a0c3/omNode-2/ratis/c9bc4cf4-3bc3-3c60-a66b-523986131536
2022-08-23 13:13:51,969 [pool-377-thread-1] INFO  server.RaftServerConfigKeys (ConfUtils.java:logGet(46)) - raft.server.log.queue.byte-limit = 64MB (=67108864) (default)
2022-08-23 13:13:51,969 [pool-377-thread-1] INFO  server.RaftServerConfigKeys (ConfUtils.java:logGet(46)) - raft.server.log.queue.element-limit = 4096 (default)
2022-08-23 13:13:51,969 [pool-377-thread-1] INFO  server.RaftServerConfigKeys (ConfUtils.java:logGet(46)) - raft.server.log.segment.size.max = 4194304 (custom)
2022-08-23 13:13:51,969 [pool-377-thread-1] INFO  server.RaftServerConfigKeys (ConfUtils.java:logGet(46)) - raft.server.log.preallocated.size = 4194304 (custom)
2022-08-23 13:13:51,969 [pool-377-thread-1] INFO  server.RaftServerConfigKeys (ConfUtils.java:logGet(46)) - raft.server.log.force.sync.num = 128 (default)
2022-08-23 13:13:51,969 [pool-377-thread-1] INFO  server.RaftServerConfigKeys (ConfUtils.java:logGet(46)) - raft.server.log.statemachine.data.sync = true (default)
2022-08-23 13:13:51,969 [pool-377-thread-1] INFO  server.RaftServerConfigKeys (ConfUtils.java:logGet(46)) - raft.server.log.statemachine.data.sync.timeout = 10s (default)
2022-08-23 13:13:51,969 [pool-377-thread-1] INFO  server.RaftServerConfigKeys (ConfUtils.java:logGet(46)) - raft.server.log.statemachine.data.sync.timeout.retry = -1 (default)
2022-08-23 13:13:51,970 [pool-377-thread-1] INFO  server.RaftServerConfigKeys (ConfUtils.java:logGet(46)) - raft.server.log.write.buffer.size = 64KB (=65536) (default)
2022-08-23 13:13:51,970 [pool-377-thread-1] INFO  server.RaftServerConfigKeys (ConfUtils.java:logGet(46)) - raft.server.log.unsafe-flush.enabled = false (default)
2022-08-23 13:13:51,970 [pool-377-thread-1] INFO  server.RaftServerConfigKeys (ConfUtils.java:logGet(46)) - raft.server.log.statemachine.data.caching.enabled = false (default)
2022-08-23 13:13:51,972 [pool-377-thread-1] INFO  server.RaftServer$Division (ServerState.java:setRaftConf(393)) - omNode-2@group-523986131536: set configuration 26: [omNode-3|rpc:localhost:37767|admin:|client:|dataStream:|priority:0, omNode-1|rpc:localhost:38655|admin:|client:|dataStream:|priority:0, omNode-2|rpc:localhost:39595|admin:|client:|dataStream:|priority:0], old=null
2022-08-23 13:13:51,973 [pool-377-thread-1] INFO  segmented.LogSegment (LogSegment.java:loadSegment(173)) - Successfully read 54 entries from segment file /home/runner/work/ozone/ozone/hadoop-ozone/integration-test/target/test-dir/MiniOzoneClusterImpl-4608f117-74fa-4099-bfe6-1cf4b0c0a0c3/omNode-2/ratis/c9bc4cf4-3bc3-3c60-a66b-523986131536/current/log_26-79
2022-08-23 13:13:51,973 [pool-377-thread-1] INFO  server.RaftServer$Division (ServerState.java:setRaftConf(393)) - omNode-2@group-523986131536: set configuration 80: [omNode-3|rpc:localhost:37767|admin:|client:|dataStream:|priority:0, omNode-1|rpc:localhost:38655|admin:|client:|dataStream:|priority:0, omNode-2|rpc:localhost:39595|admin:|client:|dataStream:|priority:0], old=null
2022-08-23 13:13:51,973 [pool-377-thread-1] INFO  segmented.LogSegment (LogSegment.java:loadSegment(173)) - Successfully read 2 entries from segment file /home/runner/work/ozone/ozone/hadoop-ozone/integration-test/target/test-dir/MiniOzoneClusterImpl-4608f117-74fa-4099-bfe6-1cf4b0c0a0c3/omNode-2/ratis/c9bc4cf4-3bc3-3c60-a66b-523986131536/current/log_inprogress_80
2022-08-23 13:13:51,974 [pool-377-thread-1] INFO  segmented.SegmentedRaftLogWorker (SegmentedRaftLogWorker.java:lambda$new$0(135)) - omNode-2@group-523986131536-SegmentedRaftLogWorker: flushIndex: setUnconditionally 0 -> 81
2022-08-23 13:13:51,974 [pool-377-thread-1] INFO  segmented.SegmentedRaftLogWorker (SegmentedRaftLogWorker.java:lambda$new$0(135)) - omNode-2@group-523986131536-SegmentedRaftLogWorker: safeCacheEvictIndex: setUnconditionally 0 -> 79
2022-08-23 13:13:51,974 [pool-377-thread-1] INFO  raftlog.RaftLog (RaftLogBase.java:lambda$new$0(53)) - omNode-2@group-523986131536-SegmentedRaftLog: commitIndex: updateToMax old=80, new=80, updated? false
2022-08-23 13:13:51,974 [pool-377-thread-1] INFO  raftlog.RaftLog (RaftLogBase.java:lambda$new$0(53)) - omNode-2@group-523986131536-SegmentedRaftLog: purgeIndex: updateIncreasingly -1 -> 25
2022-08-23 13:13:51,974 [pool-377-thread-1] INFO  server.RaftServerConfigKeys (ConfUtils.java:logGet(46)) - raft.server.snapshot.auto.trigger.enabled = true (custom)
2022-08-23 13:13:51,974 [pool-377-thread-1] INFO  server.RaftServerConfigKeys (ConfUtils.java:logGet(46)) - raft.server.snapshot.auto.trigger.threshold = 50 (custom)
2022-08-23 13:13:51,974 [pool-377-thread-1] INFO  server.RaftServerConfigKeys (ConfUtils.java:logGet(46)) - raft.server.snapshot.retention.file.num = -1 (default)
2022-08-23 13:13:51,974 [pool-377-thread-1] INFO  server.RaftServerConfigKeys (ConfUtils.java:logGet(46)) - raft.server.log.purge.upto.snapshot.index = true (custom)
2022-08-23 13:13:51,974 [pool-377-thread-1] INFO  server.RaftServerConfigKeys (ConfUtils.java:logGet(46)) - raft.server.retrycache.expirytime = 30000ms (custom)
2022-08-23 13:13:51,975 [pool-377-thread-1] INFO  server.RaftServerConfigKeys (ConfUtils.java:logGet(46)) - raft.server.retrycache.statistics.expirytime = 100μs (default)
2022-08-23 13:13:51,976 [pool-377-thread-1] INFO  server.RaftServerConfigKeys (ConfUtils.java:logGet(46)) - raft.server.log.appender.install.snapshot.enabled = false (custom)
2022-08-23 13:13:51,976 [pool-377-thread-1] INFO  server.RaftServerConfigKeys (ConfUtils.java:logGet(46)) - raft.server.threadpool.server.cached = true (default)
2022-08-23 13:13:51,976 [pool-377-thread-1] INFO  server.RaftServerConfigKeys (ConfUtils.java:logGet(46)) - raft.server.threadpool.server.size = 0 (default)
2022-08-23 13:13:51,976 [pool-377-thread-1] INFO  server.RaftServerConfigKeys (ConfUtils.java:logGet(46)) - raft.server.threadpool.client.cached = true (default)
2022-08-23 13:13:51,976 [pool-377-thread-1] INFO  server.RaftServerConfigKeys (ConfUtils.java:logGet(46)) - raft.server.threadpool.client.size = 0 (default)
2022-08-23 13:13:51,977 [omNode-2-impl-thread1] INFO  server.RaftServer$Division (RaftServerImpl.java:start(310)) - omNode-2@group-523986131536: start as a follower, conf=80: [omNode-3|rpc:localhost:37767|admin:|client:|dataStream:|priority:0, omNode-1|rpc:localhost:38655|admin:|client:|dataStream:|priority:0, omNode-2|rpc:localhost:39595|admin:|client:|dataStream:|priority:0], old=null
2022-08-23 13:13:51,977 [omNode-2-impl-thread1] INFO  server.RaftServer$Division (RaftServerImpl.java:setRole(299)) - omNode-2@group-523986131536: changes role from      null to FOLLOWER at term 3 for startAsFollower
2022-08-23 13:13:51,977 [omNode-2-impl-thread1] INFO  impl.RoleInfo (RoleInfo.java:updateAndGet(139)) - omNode-2: start omNode-2@group-523986131536-FollowerState
2022-08-23 13:13:51,979 [omNode-2-impl-thread1] INFO  util.JmxRegister (JmxRegister.java:tryRegister(44)) - Successfully registered JMX Bean with object name Ratis:service=RaftServer,group=group-523986131536,id=omNode-2
2022-08-23 13:13:51,980 [Listener at localhost/34295] INFO  server.RaftServer (RaftServerProxy.java:lambda$start$6(382)) - omNode-2: start RPC server
2022-08-23 13:13:51,983 [Listener at localhost/34295] INFO  server.GrpcService (GrpcService.java:startImpl(260)) - omNode-2: GrpcService started, listening on 39595
2022-08-23 13:13:51,983 [Listener at localhost/34295] INFO  om.OzoneManager (OzoneManager.java:getRpcServer(1086)) - Creating RPC Server
2022-08-23 13:13:51,984 [org.apache.ratis.util.JvmPauseMonitor$$Lambda$708/1254431508@4e695432] INFO  util.JvmPauseMonitor (JvmPauseMonitor.java:run(103)) - JvmPauseMonitor-omNode-2: Started
2022-08-23 13:13:52,354 [grpc-default-executor-2] WARN  server.GrpcLogAppender (LogUtils.java:warn(122)) - omNode-3@group-523986131536->omNode-2-AppendLogResponseHandler: Failed appendEntries: org.apache.ratis.thirdparty.io.grpc.StatusRuntimeException: UNAVAILABLE: io exception
2022-08-23 13:13:52,355 [grpc-default-executor-2] INFO  leader.FollowerInfo (FollowerInfoImpl.java:lambda$new$0(48)) - omNode-3@group-523986131536->omNode-2: nextIndex: updateUnconditionally 82 -> 81
2022-08-23 13:13:52,373 [omNode-2-server-thread1] INFO  server.RaftServer$Division (ServerState.java:setLeader(287)) - omNode-2@group-523986131536: change Leader from null to omNode-3 at term 3 for appendEntries, leader elected after 405ms
2022-08-23 13:13:52,391 [Listener at localhost/34295] INFO  reflections.Reflections (Reflections.java:scan(232)) - Reflections took 407 ms to scan 19 urls, producing 67 keys and 4158 values [using 2 cores]
2022-08-23 13:13:52,393 [Listener at localhost/34295] INFO  ipc.CallQueueManager (CallQueueManager.java:<init>(90)) - Using callQueue: class java.util.concurrent.LinkedBlockingQueue, queueCapacity: 2000, scheduler: class org.apache.hadoop.ipc.DefaultRpcScheduler, ipcBackoff: false.
2022-08-23 13:13:52,397 [Socket Reader #1 for port 34427] INFO  ipc.Server (Server.java:run(1265)) - Starting Socket Reader #1 for port 34427
2022-08-23 13:13:52,401 [Listener at localhost/34427] INFO  http.BaseHttpServer (BaseHttpServer.java:newHttpServer2BuilderForOzone(209)) - Starting Web-server for ozoneManager at: http://0.0.0.0:35457
2022-08-23 13:13:52,401 [Listener at localhost/34427] INFO  http.BaseHttpServer (BaseHttpServer.java:<init>(107)) - Hadoop Security Enabled: false Ozone Security Enabled: false Ozone HTTP Security Enabled: false 
2022-08-23 13:13:52,402 [Listener at localhost/34427] INFO  server.AuthenticationFilter (AuthenticationFilter.java:constructSecretProvider(240)) - Unable to initialize FileSignerSecretProvider, falling back to use random secrets.
2022-08-23 13:13:52,403 [Listener at localhost/34427] WARN  http.HttpRequestLog (HttpRequestLog.java:getRequestLog(103)) - Jetty request log can only be enabled using Log4j
2022-08-23 13:13:52,404 [Listener at localhost/34427] INFO  http.HttpServer2 (HttpServer2.java:addGlobalFilter(1029)) - Added global filter 'safety' (class=org.apache.hadoop.hdds.server.http.HttpServer2$QuotingInputFilter)
2022-08-23 13:13:52,405 [Listener at localhost/34427] INFO  http.HttpServer2 (HttpServer2.java:addFilter(1005)) - Added filter static_user_filter (class=org.apache.hadoop.http.lib.StaticUserWebFilter$StaticUserFilter) to context ozoneManager
2022-08-23 13:13:52,405 [Listener at localhost/34427] INFO  http.HttpServer2 (HttpServer2.java:addFilter(1013)) - Added filter static_user_filter (class=org.apache.hadoop.http.lib.StaticUserWebFilter$StaticUserFilter) to context logs
2022-08-23 13:13:52,405 [Listener at localhost/34427] INFO  http.HttpServer2 (HttpServer2.java:addFilter(1013)) - Added filter static_user_filter (class=org.apache.hadoop.http.lib.StaticUserWebFilter$StaticUserFilter) to context static
2022-08-23 13:13:52,406 [Listener at localhost/34427] INFO  http.HttpServer2 (HttpServer2.java:bindListener(1248)) - Jetty bound to port 35457
2022-08-23 13:13:52,406 [Listener at localhost/34427] INFO  server.Server (Server.java:doStart(375)) - jetty-9.4.43.v20210629; built: 2021-06-30T11:07:22.254Z; git: 526006ecfa3af7f1a27ef3a288e2bef7ea9dd7e8; jvm 1.8.0_345-b01
2022-08-23 13:13:52,408 [Listener at localhost/34427] INFO  server.session (DefaultSessionIdManager.java:doStart(334)) - DefaultSessionIdManager workerName=node0
2022-08-23 13:13:52,409 [Listener at localhost/34427] INFO  server.session (DefaultSessionIdManager.java:doStart(339)) - No SessionScavenger set, using defaults
2022-08-23 13:13:52,409 [Listener at localhost/34427] INFO  server.session (HouseKeeper.java:startScavenging(132)) - node0 Scavenging every 600000ms
2022-08-23 13:13:52,409 [Listener at localhost/34427] INFO  handler.ContextHandler (ContextHandler.java:doStart(915)) - Started o.e.j.s.ServletContextHandler@25403889{logs,/logs,file:///home/runner/work/ozone/ozone/hadoop-ozone/integration-test/target/log,AVAILABLE}
2022-08-23 13:13:52,410 [Listener at localhost/34427] INFO  handler.ContextHandler (ContextHandler.java:doStart(915)) - Started o.e.j.s.ServletContextHandler@7db53269{static,/static,file:///home/runner/work/ozone/ozone/hadoop-ozone/integration-test/target/test-classes/webapps/static,AVAILABLE}
2022-08-23 13:13:52,414 [Listener at localhost/34427] INFO  handler.ContextHandler (ContextHandler.java:doStart(915)) - Started o.e.j.w.WebAppContext@4131dfd9{ozoneManager,/,file:///home/runner/work/ozone/ozone/hadoop-ozone/integration-test/target/test-classes/webapps/ozoneManager/,AVAILABLE}{file:/home/runner/work/ozone/ozone/hadoop-ozone/integration-test/target/test-classes/webapps/ozoneManager}
2022-08-23 13:13:52,415 [Listener at localhost/34427] INFO  server.AbstractConnector (AbstractConnector.java:doStart(331)) - Started ServerConnector@28c14224{HTTP/1.1, (http/1.1)}{0.0.0.0:35457}
2022-08-23 13:13:52,415 [Listener at localhost/34427] INFO  server.Server (Server.java:doStart(415)) - Started @166589ms
2022-08-23 13:13:52,415 [Listener at localhost/34427] WARN  impl.MetricsSystemImpl (MetricsSystemImpl.java:register(279)) - Sink prometheus already exists!
2022-08-23 13:13:52,416 [Listener at localhost/34427] INFO  http.BaseHttpServer (BaseHttpServer.java:updateConnectorAddress(329)) - HTTP server of ozoneManager listening at http://0.0.0.0:35457
2022-08-23 13:13:52,416 [IPC Server Responder] INFO  ipc.Server (Server.java:run(1507)) - IPC Server Responder: starting
2022-08-23 13:13:52,417 [IPC Server listener on 34427] INFO  ipc.Server (Server.java:run(1344)) - IPC Server listener on 34427: starting
2022-08-23 13:13:52,420 [Listener at localhost/34427] INFO  om.OzoneManager (OzoneManager.java:startTrashEmptier(1907)) - Trash Interval set to 0. Files deleted won't move to trash
]]></system-out>
    <rerunError type="java.util.concurrent.TimeoutException">
      <stackTrace><![CDATA[java.util.concurrent.TimeoutException: timeout: after 120000 millis
	at org.apache.ozone.test.LambdaTestUtils$GenerateTimeout.evaluate(LambdaTestUtils.java:677)
	at org.apache.ozone.test.LambdaTestUtils.await(LambdaTestUtils.java:154)
	at org.apache.ozone.test.LambdaTestUtils.await(LambdaTestUtils.java:192)
	at org.apache.hadoop.ozone.om.TestOzoneManagerPrepare.assertClusterPrepared(TestOzoneManagerPrepare.java:455)
	at org.apache.hadoop.ozone.om.TestOzoneManagerPrepare.assertClusterPrepared(TestOzoneManagerPrepare.java:445)
	at org.apache.hadoop.ozone.om.TestOzoneManagerPrepare.testCancelPrepare(TestOzoneManagerPrepare.java:305)
	at sun.reflect.NativeMethodAccessorImpl.invoke0(Native Method)
	at sun.reflect.NativeMethodAccessorImpl.invoke(NativeMethodAccessorImpl.java:62)
	at sun.reflect.DelegatingMethodAccessorImpl.invoke(DelegatingMethodAccessorImpl.java:43)
	at java.lang.reflect.Method.invoke(Method.java:498)
	at org.junit.platform.commons.util.ReflectionUtils.invokeMethod(ReflectionUtils.java:725)
	at org.junit.jupiter.engine.execution.MethodInvocation.proceed(MethodInvocation.java:60)
	at org.junit.jupiter.engine.execution.InvocationInterceptorChain$ValidatingInvocation.proceed(InvocationInterceptorChain.java:131)
	at org.junit.jupiter.engine.extension.TimeoutInvocation.proceed(TimeoutInvocation.java:46)
	at org.junit.jupiter.engine.extension.TimeoutExtension.intercept(TimeoutExtension.java:149)
	at org.junit.jupiter.engine.extension.TimeoutExtension.interceptTestableMethod(TimeoutExtension.java:140)
	at org.junit.jupiter.engine.extension.TimeoutExtension.interceptTestMethod(TimeoutExtension.java:84)
	at org.junit.jupiter.engine.execution.ExecutableInvoker$ReflectiveInterceptorCall.lambda$ofVoidMethod$0(ExecutableInvoker.java:115)
	at org.junit.jupiter.engine.execution.ExecutableInvoker.lambda$invoke$0(ExecutableInvoker.java:105)
	at org.junit.jupiter.engine.execution.InvocationInterceptorChain$InterceptedInvocation.proceed(InvocationInterceptorChain.java:106)
	at org.junit.jupiter.engine.execution.InvocationInterceptorChain.proceed(InvocationInterceptorChain.java:64)
	at org.junit.jupiter.engine.execution.InvocationInterceptorChain.chainAndInvoke(InvocationInterceptorChain.java:45)
	at org.junit.jupiter.engine.execution.InvocationInterceptorChain.invoke(InvocationInterceptorChain.java:37)
	at org.junit.jupiter.engine.execution.ExecutableInvoker.invoke(ExecutableInvoker.java:104)
	at org.junit.jupiter.engine.execution.ExecutableInvoker.invoke(ExecutableInvoker.java:98)
	at org.junit.jupiter.engine.descriptor.TestMethodTestDescriptor.lambda$invokeTestMethod$7(TestMethodTestDescriptor.java:214)
	at org.junit.platform.engine.support.hierarchical.ThrowableCollector.execute(ThrowableCollector.java:73)
	at org.junit.jupiter.engine.descriptor.TestMethodTestDescriptor.invokeTestMethod(TestMethodTestDescriptor.java:210)
	at org.junit.jupiter.engine.descriptor.TestMethodTestDescriptor.execute(TestMethodTestDescriptor.java:135)
	at org.junit.jupiter.engine.descriptor.TestMethodTestDescriptor.execute(TestMethodTestDescriptor.java:66)
	at org.junit.platform.engine.support.hierarchical.NodeTestTask.lambda$executeRecursively$6(NodeTestTask.java:151)
	at org.junit.platform.engine.support.hierarchical.ThrowableCollector.execute(ThrowableCollector.java:73)
	at org.junit.platform.engine.support.hierarchical.NodeTestTask.lambda$executeRecursively$8(NodeTestTask.java:141)
	at org.junit.platform.engine.support.hierarchical.Node.around(Node.java:137)
	at org.junit.platform.engine.support.hierarchical.NodeTestTask.lambda$executeRecursively$9(NodeTestTask.java:139)
	at org.junit.platform.engine.support.hierarchical.ThrowableCollector.execute(ThrowableCollector.java:73)
	at org.junit.platform.engine.support.hierarchical.NodeTestTask.executeRecursively(NodeTestTask.java:138)
	at org.junit.platform.engine.support.hierarchical.NodeTestTask.execute(NodeTestTask.java:95)
	at java.util.ArrayList.forEach(ArrayList.java:1259)
	at org.junit.platform.engine.support.hierarchical.SameThreadHierarchicalTestExecutorService.invokeAll(SameThreadHierarchicalTestExecutorService.java:41)
	at org.junit.platform.engine.support.hierarchical.NodeTestTask.lambda$executeRecursively$6(NodeTestTask.java:155)
	at org.junit.platform.engine.support.hierarchical.ThrowableCollector.execute(ThrowableCollector.java:73)
	at org.junit.platform.engine.support.hierarchical.NodeTestTask.lambda$executeRecursively$8(NodeTestTask.java:141)
	at org.junit.platform.engine.support.hierarchical.Node.around(Node.java:137)
	at org.junit.platform.engine.support.hierarchical.NodeTestTask.lambda$executeRecursively$9(NodeTestTask.java:139)
	at org.junit.platform.engine.support.hierarchical.ThrowableCollector.execute(ThrowableCollector.java:73)
	at org.junit.platform.engine.support.hierarchical.NodeTestTask.executeRecursively(NodeTestTask.java:138)
	at org.junit.platform.engine.support.hierarchical.NodeTestTask.execute(NodeTestTask.java:95)
	at java.util.ArrayList.forEach(ArrayList.java:1259)
	at org.junit.platform.engine.support.hierarchical.SameThreadHierarchicalTestExecutorService.invokeAll(SameThreadHierarchicalTestExecutorService.java:41)
	at org.junit.platform.engine.support.hierarchical.NodeTestTask.lambda$executeRecursively$6(NodeTestTask.java:155)
	at org.junit.platform.engine.support.hierarchical.ThrowableCollector.execute(ThrowableCollector.java:73)
	at org.junit.platform.engine.support.hierarchical.NodeTestTask.lambda$executeRecursively$8(NodeTestTask.java:141)
	at org.junit.platform.engine.support.hierarchical.Node.around(Node.java:137)
	at org.junit.platform.engine.support.hierarchical.NodeTestTask.lambda$executeRecursively$9(NodeTestTask.java:139)
	at org.junit.platform.engine.support.hierarchical.ThrowableCollector.execute(ThrowableCollector.java:73)
	at org.junit.platform.engine.support.hierarchical.NodeTestTask.executeRecursively(NodeTestTask.java:138)
	at org.junit.platform.engine.support.hierarchical.NodeTestTask.execute(NodeTestTask.java:95)
	at org.junit.platform.engine.support.hierarchical.SameThreadHierarchicalTestExecutorService.submit(SameThreadHierarchicalTestExecutorService.java:35)
	at org.junit.platform.engine.support.hierarchical.HierarchicalTestExecutor.execute(HierarchicalTestExecutor.java:57)
	at org.junit.platform.engine.support.hierarchical.HierarchicalTestEngine.execute(HierarchicalTestEngine.java:54)
	at org.junit.platform.launcher.core.EngineExecutionOrchestrator.execute(EngineExecutionOrchestrator.java:107)
	at org.junit.platform.launcher.core.EngineExecutionOrchestrator.execute(EngineExecutionOrchestrator.java:88)
	at org.junit.platform.launcher.core.EngineExecutionOrchestrator.lambda$execute$0(EngineExecutionOrchestrator.java:54)
	at org.junit.platform.launcher.core.EngineExecutionOrchestrator.withInterceptedStreams(EngineExecutionOrchestrator.java:67)
	at org.junit.platform.launcher.core.EngineExecutionOrchestrator.execute(EngineExecutionOrchestrator.java:52)
	at org.junit.platform.launcher.core.DefaultLauncher.execute(DefaultLauncher.java:114)
	at org.junit.platform.launcher.core.DefaultLauncher.execute(DefaultLauncher.java:86)
	at org.junit.platform.launcher.core.DefaultLauncherSession$DelegatingLauncher.execute(DefaultLauncherSession.java:86)
	at org.junit.platform.launcher.core.SessionPerRequestLauncher.execute(SessionPerRequestLauncher.java:53)
	at org.apache.maven.surefire.junitplatform.JUnitPlatformProvider.invokeAllTests(JUnitPlatformProvider.java:165)
	at org.apache.maven.surefire.junitplatform.JUnitPlatformProvider.invoke(JUnitPlatformProvider.java:124)
	at org.apache.maven.surefire.booter.ForkedBooter.runSuitesInProcess(ForkedBooter.java:428)
	at org.apache.maven.surefire.booter.ForkedBooter.execute(ForkedBooter.java:162)
	at org.apache.maven.surefire.booter.ForkedBooter.run(ForkedBooter.java:562)
	at org.apache.maven.surefire.booter.ForkedBooter.main(ForkedBooter.java:548)
]]></stackTrace>
      <system-out><![CDATA[