<?xml version="1.0" encoding="UTF-8"?>
<testsuite xmlns:xsi="http://www.w3.org/2001/XMLSchema-instance" xsi:noNamespaceSchemaLocation="https://maven.apache.org/surefire/maven-surefire-plugin/xsd/surefire-test-report-3.0.xsd" version="3.0" name="org.apache.hadoop.hdds.scm.TestRatisPipelineLeader" time="39.783" tests="2" errors="0" skipped="0" failures="2">
  <properties>
    <property name="awt.toolkit" value="sun.awt.X11.XToolkit"/>
    <property name="file.encoding.pkg" value="sun.io"/>
    <property name="java.specification.version" value="1.8"/>
    <property name="sun.cpu.isalist" value=""/>
    <property name="sun.jnu.encoding" value="UTF-8"/>
    <property name="java.class.path" value="/home/runner/work/ozone/ozone/hadoop-ozone/integration-test/target/test-classes:/home/runner/work/ozone/ozone/hadoop-ozone/integration-test/target/classes:/home/runner/.m2/repository/org/apache/ozone/ozone-common/1.3.0-SNAPSHOT/ozone-common-1.3.0-SNAPSHOT.jar:/home/runner/.m2/repository/io/grpc/grpc-netty/1.44.0/grpc-netty-1.44.0.jar:/home/runner/.m2/repository/io/grpc/grpc-core/1.44.0/grpc-core-1.44.0.jar:/home/runner/.m2/repository/com/google/android/annotations/4.1.1.4/annotations-4.1.1.4.jar:/home/runner/.m2/repository/org/codehaus/mojo/animal-sniffer-annotations/1.19/animal-sniffer-annotations-1.19.jar:/home/runner/.m2/repository/com/google/errorprone/error_prone_annotations/2.2.0/error_prone_annotations-2.2.0.jar:/home/runner/.m2/repository/io/perfmark/perfmark-api/0.23.0/perfmark-api-0.23.0.jar:/home/runner/.m2/repository/io/netty/netty-codec-http2/4.1.74.Final/netty-codec-http2-4.1.74.Final.jar:/home/runner/.m2/repository/io/netty/netty-common/4.1.74.Final/netty-common-4.1.74.Final.jar:/home/runner/.m2/repository/io/netty/netty-buffer/4.1.74.Final/netty-buffer-4.1.74.Final.jar:/home/runner/.m2/repository/io/netty/netty-codec-http/4.1.74.Final/netty-codec-http-4.1.74.Final.jar:/home/runner/.m2/repository/io/netty/netty-handler-proxy/4.1.74.Final/netty-handler-proxy-4.1.74.Final.jar:/home/runner/.m2/repository/io/netty/netty-codec-socks/4.1.74.Final/netty-codec-socks-4.1.74.Final.jar:/home/runner/.m2/repository/io/netty/netty-tcnative-boringssl-static/2.0.48.Final/netty-tcnative-boringssl-static-2.0.48.Final.jar:/home/runner/.m2/repository/io/netty/netty-tcnative-classes/2.0.48.Final/netty-tcnative-classes-2.0.48.Final.jar:/home/runner/.m2/repository/io/netty/netty-tcnative/2.0.48.Final/netty-tcnative-2.0.48.Final.jar:/home/runner/.m2/repository/org/apache/commons/commons-compress/1.21/commons-compress-1.21.jar:/home/runner/.m2/repository/org/apache/ozone/hdds-common/1.3.0-SNAPSHOT/hdds-common-1.3.0-SNAPSHOT.jar:/home/runner/.m2/repository/org/apache/ozone/hdds-client/1.3.0-SNAPSHOT/hdds-client-1.3.0-SNAPSHOT.jar:/home/runner/.m2/repository/org/apache/ozone/ozone-interface-client/1.3.0-SNAPSHOT/ozone-interface-client-1.3.0-SNAPSHOT.jar:/home/runner/.m2/repository/org/apache/ozone/hdds-test-utils/1.3.0-SNAPSHOT/hdds-test-utils-1.3.0-SNAPSHOT.jar:/home/runner/.m2/repository/com/google/guava/guava/31.1-jre/guava-31.1-jre.jar:/home/runner/.m2/repository/com/google/guava/failureaccess/1.0.1/failureaccess-1.0.1.jar:/home/runner/.m2/repository/com/google/guava/listenablefuture/9999.0-empty-to-avoid-conflict-with-guava/listenablefuture-9999.0-empty-to-avoid-conflict-with-guava.jar:/home/runner/.m2/repository/com/google/code/findbugs/jsr305/3.0.0/jsr305-3.0.0.jar:/home/runner/.m2/repository/org/checkerframework/checker-qual/3.12.0/checker-qual-3.12.0.jar:/home/runner/.m2/repository/com/google/j2objc/j2objc-annotations/1.3/j2objc-annotations-1.3.jar:/home/runner/.m2/repository/commons-io/commons-io/2.11.0/commons-io-2.11.0.jar:/home/runner/.m2/repository/commons-logging/commons-logging/1.2/commons-logging-1.2.jar:/home/runner/.m2/repository/log4j/log4j/1.2.17/log4j-1.2.17.jar:/home/runner/.m2/repository/org/slf4j/slf4j-api/1.7.30/slf4j-api-1.7.30.jar:/home/runner/.m2/repository/org/apache/ozone/hdds-server-scm/1.3.0-SNAPSHOT/hdds-server-scm-1.3.0-SNAPSHOT.jar:/home/runner/.m2/repository/org/apache/ozone/hdds-container-service/1.3.0-SNAPSHOT/hdds-container-service-1.3.0-SNAPSHOT.jar:/home/runner/.m2/repository/org/apache/ozone/hdds-hadoop-dependency-server/1.3.0-SNAPSHOT/hdds-hadoop-dependency-server-1.3.0-SNAPSHOT.jar:/home/runner/.m2/repository/org/apache/hadoop/hadoop-hdfs/3.3.1/hadoop-hdfs-3.3.1.jar:/home/runner/.m2/repository/org/apache/ozone/hdds-server-framework/1.3.0-SNAPSHOT/hdds-server-framework-1.3.0-SNAPSHOT.jar:/home/runner/.m2/repository/org/apache/ozone/hdds-interface-server/1.3.0-SNAPSHOT/hdds-interface-server-1.3.0-SNAPSHOT.jar:/home/runner/.m2/repository/org/apache/logging/log4j/log4j-core/2.17.1/log4j-core-2.17.1.jar:/home/runner/.m2/repository/com/lmax/disruptor/3.4.2/disruptor-3.4.2.jar:/home/runner/.m2/repository/org/eclipse/jetty/jetty-servlet/9.4.43.v20210629/jetty-servlet-9.4.43.v20210629.jar:/home/runner/.m2/repository/org/eclipse/jetty/jetty-security/9.4.43.v20210629/jetty-security-9.4.43.v20210629.jar:/home/runner/.m2/repository/org/rocksdb/rocksdbjni/6.29.5/rocksdbjni-6.29.5.jar:/home/runner/.m2/repository/io/prometheus/simpleclient_dropwizard/0.7.0/simpleclient_dropwizard-0.7.0.jar:/home/runner/.m2/repository/io/prometheus/simpleclient/0.7.0/simpleclient-0.7.0.jar:/home/runner/.m2/repository/io/prometheus/simpleclient_common/0.7.0/simpleclient_common-0.7.0.jar:/home/runner/.m2/repository/io/dropwizard/metrics/metrics-core/3.2.4/metrics-core-3.2.4.jar:/home/runner/.m2/repository/org/apache/hadoop/hadoop-hdfs-client/3.3.1/hadoop-hdfs-client-3.3.1.jar:/home/runner/.m2/repository/org/bouncycastle/bcprov-jdk15on/1.67/bcprov-jdk15on-1.67.jar:/home/runner/.m2/repository/com/google/protobuf/protobuf-java/2.5.0/protobuf-java-2.5.0.jar:/home/runner/.m2/repository/org/apache/ozone/ozone-manager/1.3.0-SNAPSHOT/ozone-manager-1.3.0-SNAPSHOT.jar:/home/runner/.m2/repository/org/aspectj/aspectjrt/1.9.7/aspectjrt-1.9.7.jar:/home/runner/.m2/repository/org/aspectj/aspectjweaver/1.9.7/aspectjweaver-1.9.7.jar:/home/runner/.m2/repository/org/apache/ozone/hdds-interface-client/1.3.0-SNAPSHOT/hdds-interface-client-1.3.0-SNAPSHOT.jar:/home/runner/.m2/repository/org/apache/hadoop/thirdparty/hadoop-shaded-protobuf_3_7/1.1.1/hadoop-shaded-protobuf_3_7-1.1.1.jar:/home/runner/.m2/repository/org/apache/ozone/ozone-interface-storage/1.3.0-SNAPSHOT/ozone-interface-storage-1.3.0-SNAPSHOT.jar:/home/runner/.m2/repository/org/reflections/reflections/0.9.11/reflections-0.9.11.jar:/home/runner/.m2/repository/com/sun/jersey/jersey-client/1.19/jersey-client-1.19.jar:/home/runner/.m2/repository/org/apache/ranger/ranger-intg/3.0.0-SNAPSHOT/ranger-intg-3.0.0-SNAPSHOT.jar:/home/runner/.m2/repository/org/apache/ranger/ranger-plugins-common/3.0.0-SNAPSHOT/ranger-plugins-common-3.0.0-SNAPSHOT.jar:/home/runner/.m2/repository/commons-lang/commons-lang/2.6/commons-lang-2.6.jar:/home/runner/.m2/repository/org/codehaus/jackson/jackson-jaxrs/1.9.13/jackson-jaxrs-1.9.13.jar:/home/runner/.m2/repository/org/apache/ranger/ranger-plugins-cred/3.0.0-SNAPSHOT/ranger-plugins-cred-3.0.0-SNAPSHOT.jar:/home/runner/.m2/repository/org/apache/ranger/ranger-plugins-audit/3.0.0-SNAPSHOT/ranger-plugins-audit-3.0.0-SNAPSHOT.jar:/home/runner/.m2/repository/org/apache/kafka/kafka-clients/2.8.1/kafka-clients-2.8.1.jar:/home/runner/.m2/repository/com/github/luben/zstd-jni/1.4.9-1/zstd-jni-1.4.9-1.jar:/home/runner/.m2/repository/org/apache/solr/solr-solrj/8.11.2/solr-solrj-8.11.2.jar:/home/runner/.m2/repository/org/eclipse/jetty/jetty-client/9.4.44.v20210927/jetty-client-9.4.44.v20210927.jar:/home/runner/.m2/repository/org/apache/httpcomponents/httpmime/4.5.13/httpmime-4.5.13.jar:/home/runner/.m2/repository/org/apache/httpcomponents/httpcore-nio/4.4.14/httpcore-nio-4.4.14.jar:/home/runner/.m2/repository/org/apache/httpcomponents/httpasyncclient/4.1.4/httpasyncclient-4.1.4.jar:/home/runner/.m2/repository/com/carrotsearch/hppc/0.8.0/hppc-0.8.0.jar:/home/runner/.m2/repository/org/apache/hive/hive-storage-api/2.7.2/hive-storage-api-2.7.2.jar:/home/runner/.m2/repository/org/apache/orc/orc-core/1.5.8/orc-core-1.5.8.jar:/home/runner/.m2/repository/com/amazonaws/aws-java-sdk-bundle/1.12.125/aws-java-sdk-bundle-1.12.125.jar:/home/runner/.m2/repository/net/java/dev/jna/jna/5.2.0/jna-5.2.0.jar:/home/runner/.m2/repository/net/java/dev/jna/jna-platform/5.2.0/jna-platform-5.2.0.jar:/home/runner/.m2/repository/com/kstruct/gethostname4j/0.0.2/gethostname4j-0.0.2.jar:/home/runner/.m2/repository/org/apache/ranger/ranger-plugin-classloader/3.0.0-SNAPSHOT/ranger-plugin-classloader-3.0.0-SNAPSHOT.jar:/home/runner/.m2/repository/org/apache/hadoop/hadoop-minikdc/3.3.1/hadoop-minikdc-3.3.1.jar:/home/runner/.m2/repository/org/apache/kerby/kerb-simplekdc/1.0.1/kerb-simplekdc-1.0.1.jar:/home/runner/.m2/repository/org/apache/kerby/kerb-client/1.0.1/kerb-client-1.0.1.jar:/home/runner/.m2/repository/org/apache/kerby/kerby-config/1.0.1/kerby-config-1.0.1.jar:/home/runner/.m2/repository/org/apache/kerby/kerb-common/1.0.1/kerb-common-1.0.1.jar:/home/runner/.m2/repository/org/apache/kerby/kerb-crypto/1.0.1/kerb-crypto-1.0.1.jar:/home/runner/.m2/repository/org/apache/kerby/kerb-util/1.0.1/kerb-util-1.0.1.jar:/home/runner/.m2/repository/org/apache/kerby/token-provider/1.0.1/token-provider-1.0.1.jar:/home/runner/.m2/repository/org/apache/kerby/kerb-admin/1.0.1/kerb-admin-1.0.1.jar:/home/runner/.m2/repository/org/apache/kerby/kerb-server/1.0.1/kerb-server-1.0.1.jar:/home/runner/.m2/repository/org/apache/kerby/kerb-identity/1.0.1/kerb-identity-1.0.1.jar:/home/runner/.m2/repository/org/apache/kerby/kerby-xdr/1.0.1/kerby-xdr-1.0.1.jar:/home/runner/.m2/repository/org/slf4j/slf4j-log4j12/1.7.30/slf4j-log4j12-1.7.30.jar:/home/runner/.m2/repository/org/apache/ozone/ozone-s3gateway/1.3.0-SNAPSHOT/ozone-s3gateway-1.3.0-SNAPSHOT.jar:/home/runner/.m2/repository/org/javassist/javassist/3.21.0-GA/javassist-3.21.0-GA.jar:/home/runner/.m2/repository/org/jboss/weld/servlet/weld-servlet/2.4.7.Final/weld-servlet-2.4.7.Final.jar:/home/runner/.m2/repository/org/glassfish/jersey/containers/jersey-container-servlet-core/2.33/jersey-container-servlet-core-2.33.jar:/home/runner/.m2/repository/org/glassfish/hk2/external/jakarta.inject/2.6.1/jakarta.inject-2.6.1.jar:/home/runner/.m2/repository/org/glassfish/jersey/core/jersey-common/2.33/jersey-common-2.33.jar:/home/runner/.m2/repository/jakarta/ws/rs/jakarta.ws.rs-api/2.1.6/jakarta.ws.rs-api-2.1.6.jar:/home/runner/.m2/repository/org/glassfish/jersey/ext/cdi/jersey-cdi1x/2.33/jersey-cdi1x-2.33.jar:/home/runner/.m2/repository/org/glassfish/jersey/inject/jersey-hk2/2.33/jersey-hk2-2.33.jar:/home/runner/.m2/repository/org/glassfish/hk2/hk2-locator/2.6.1/hk2-locator-2.6.1.jar:/home/runner/.m2/repository/org/glassfish/jersey/media/jersey-media-jaxb/2.33/jersey-media-jaxb-2.33.jar:/home/runner/.m2/repository/org/glassfish/hk2/osgi-resource-locator/1.0.3/osgi-resource-locator-1.0.3.jar:/home/runner/.m2/repository/org/glassfish/hk2/hk2-api/2.5.0/hk2-api-2.5.0.jar:/home/runner/.m2/repository/org/glassfish/hk2/hk2-utils/2.5.0/hk2-utils-2.5.0.jar:/home/runner/.m2/repository/org/glassfish/hk2/external/aopalliance-repackaged/2.5.0/aopalliance-repackaged-2.5.0.jar:/home/runner/.m2/repository/com/fasterxml/jackson/dataformat/jackson-dataformat-xml/2.13.2/jackson-dataformat-xml-2.13.2.jar:/home/runner/.m2/repository/com/fasterxml/jackson/core/jackson-core/2.13.2/jackson-core-2.13.2.jar:/home/runner/.m2/repository/org/codehaus/woodstox/stax2-api/3.1.4/stax2-api-3.1.4.jar:/home/runner/.m2/repository/com/fasterxml/woodstox/woodstox-core/5.0.3/woodstox-core-5.0.3.jar:/home/runner/.m2/repository/com/fasterxml/jackson/module/jackson-module-jaxb-annotations/2.13.2/jackson-module-jaxb-annotations-2.13.2.jar:/home/runner/.m2/repository/jakarta/xml/bind/jakarta.xml.bind-api/2.3.3/jakarta.xml.bind-api-2.3.3.jar:/home/runner/.m2/repository/jakarta/activation/jakarta.activation-api/1.2.1/jakarta.activation-api-1.2.1.jar:/home/runner/.m2/repository/javax/enterprise/cdi-api/1.2/cdi-api-1.2.jar:/home/runner/.m2/repository/javax/el/javax.el-api/3.0.0/javax.el-api-3.0.0.jar:/home/runner/.m2/repository/javax/interceptor/javax.interceptor-api/1.2/javax.interceptor-api-1.2.jar:/home/runner/.m2/repository/javax/inject/javax.inject/1/javax.inject-1.jar:/home/runner/.m2/repository/javax/xml/bind/jaxb-api/2.3.0/jaxb-api-2.3.0.jar:/home/runner/.m2/repository/org/glassfish/jaxb/jaxb-runtime/2.3.0.1/jaxb-runtime-2.3.0.1.jar:/home/runner/.m2/repository/org/glassfish/jaxb/jaxb-core/2.3.0.1/jaxb-core-2.3.0.1.jar:/home/runner/.m2/repository/org/glassfish/jaxb/txw2/2.3.0.1/txw2-2.3.0.1.jar:/home/runner/.m2/repository/com/sun/istack/istack-commons-runtime/3.0.5/istack-commons-runtime-3.0.5.jar:/home/runner/.m2/repository/org/jvnet/staxex/stax-ex/1.7.8/stax-ex-1.7.8.jar:/home/runner/.m2/repository/com/sun/xml/fastinfoset/FastInfoset/1.2.13/FastInfoset-1.2.13.jar:/home/runner/.m2/repository/javax/activation/activation/1.1.1/activation-1.1.1.jar:/home/runner/.m2/repository/io/grpc/grpc-protobuf/1.44.0/grpc-protobuf-1.44.0.jar:/home/runner/.m2/repository/io/grpc/grpc-api/1.44.0/grpc-api-1.44.0.jar:/home/runner/.m2/repository/io/grpc/grpc-context/1.44.0/grpc-context-1.44.0.jar:/home/runner/.m2/repository/com/google/api/grpc/proto-google-common-protos/2.0.1/proto-google-common-protos-2.0.1.jar:/home/runner/.m2/repository/io/grpc/grpc-protobuf-lite/1.44.0/grpc-protobuf-lite-1.44.0.jar:/home/runner/.m2/repository/io/grpc/grpc-stub/1.44.0/grpc-stub-1.44.0.jar:/home/runner/.m2/repository/io/netty/netty-transport/4.1.74.Final/netty-transport-4.1.74.Final.jar:/home/runner/.m2/repository/io/netty/netty-resolver/4.1.74.Final/netty-resolver-4.1.74.Final.jar:/home/runner/.m2/repository/org/apache/ozone/ozone-csi/1.3.0-SNAPSHOT/ozone-csi-1.3.0-SNAPSHOT.jar:/home/runner/.m2/repository/com/google/protobuf/protobuf-java-util/3.19.2/protobuf-java-util-3.19.2.jar:/home/runner/.m2/repository/com/google/code/gson/gson/2.9.0/gson-2.9.0.jar:/home/runner/.m2/repository/org/apache/ozone/hdds-config/1.3.0-SNAPSHOT/hdds-config-1.3.0-SNAPSHOT.jar:/home/runner/.m2/repository/io/netty/netty-transport-native-epoll/4.1.74.Final/netty-transport-native-epoll-4.1.74.Final-linux-x86_64.jar:/home/runner/.m2/repository/io/netty/netty-transport-classes-epoll/4.1.74.Final/netty-transport-classes-epoll-4.1.74.Final.jar:/home/runner/.m2/repository/io/netty/netty-transport-native-unix-common/4.1.74.Final/netty-transport-native-unix-common-4.1.74.Final.jar:/home/runner/.m2/repository/org/apache/ozone/ozone-recon/1.3.0-SNAPSHOT/ozone-recon-1.3.0-SNAPSHOT.jar:/home/runner/.m2/repository/org/apache/ozone/ozone-reconcodegen/1.3.0-SNAPSHOT/ozone-reconcodegen-1.3.0-SNAPSHOT.jar:/home/runner/.m2/repository/com/google/inject/extensions/guice-multibindings/4.0/guice-multibindings-4.0.jar:/home/runner/.m2/repository/com/google/inject/guice/4.0/guice-4.0.jar:/home/runner/.m2/repository/aopalliance/aopalliance/1.0/aopalliance-1.0.jar:/home/runner/.m2/repository/com/google/inject/extensions/guice-assistedinject/4.0/guice-assistedinject-4.0.jar:/home/runner/.m2/repository/com/google/inject/extensions/guice-servlet/4.0/guice-servlet-4.0.jar:/home/runner/.m2/repository/org/glassfish/jersey/containers/jersey-container-servlet/2.33/jersey-container-servlet-2.33.jar:/home/runner/.m2/repository/org/glassfish/hk2/guice-bridge/2.5.0/guice-bridge-2.5.0.jar:/home/runner/.m2/repository/org/glassfish/jersey/core/jersey-server/2.33/jersey-server-2.33.jar:/home/runner/.m2/repository/org/glassfish/jersey/core/jersey-client/2.33/jersey-client-2.33.jar:/home/runner/.m2/repository/jakarta/annotation/jakarta.annotation-api/1.3.5/jakarta.annotation-api-1.3.5.jar:/home/runner/.m2/repository/jakarta/validation/jakarta.validation-api/2.0.2/jakarta.validation-api-2.0.2.jar:/home/runner/.m2/repository/org/glassfish/jersey/media/jersey-media-json-jackson/2.33/jersey-media-json-jackson-2.33.jar:/home/runner/.m2/repository/org/glassfish/jersey/ext/jersey-entity-filtering/2.33/jersey-entity-filtering-2.33.jar:/home/runner/.m2/repository/org/jooq/jooq/3.11.10/jooq-3.11.10.jar:/home/runner/.m2/repository/org/jooq/jooq-meta/3.11.10/jooq-meta-3.11.10.jar:/home/runner/.m2/repository/org/jooq/jooq-codegen/3.11.10/jooq-codegen-3.11.10.jar:/home/runner/.m2/repository/com/jolbox/bonecp/0.8.0.RELEASE/bonecp-0.8.0.RELEASE.jar:/home/runner/.m2/repository/org/apache/derby/derby/10.14.2.0/derby-10.14.2.0.jar:/home/runner/.m2/repository/org/xerial/sqlite-jdbc/3.25.2/sqlite-jdbc-3.25.2.jar:/home/runner/.m2/repository/org/springframework/spring-jdbc/5.2.20.RELEASE/spring-jdbc-5.2.20.RELEASE.jar:/home/runner/.m2/repository/org/springframework/spring-beans/5.2.20.RELEASE/spring-beans-5.2.20.RELEASE.jar:/home/runner/.m2/repository/org/springframework/spring-core/5.2.20.RELEASE/spring-core-5.2.20.RELEASE.jar:/home/runner/.m2/repository/org/springframework/spring-jcl/5.2.20.RELEASE/spring-jcl-5.2.20.RELEASE.jar:/home/runner/.m2/repository/org/springframework/spring-tx/5.2.20.RELEASE/spring-tx-5.2.20.RELEASE.jar:/home/runner/.m2/repository/org/apache/ozone/ozone-client/1.3.0-SNAPSHOT/ozone-client-1.3.0-SNAPSHOT.jar:/home/runner/.m2/repository/org/apache/ozone/hdds-erasurecode/1.3.0-SNAPSHOT/hdds-erasurecode-1.3.0-SNAPSHOT.jar:/home/runner/.m2/repository/com/github/spotbugs/spotbugs-annotations/3.1.12/spotbugs-annotations-3.1.12.jar:/home/runner/.m2/repository/org/apache/ozone/ozone-filesystem/1.3.0-SNAPSHOT/ozone-filesystem-1.3.0-SNAPSHOT.jar:/home/runner/.m2/repository/org/apache/ozone/ozone-filesystem-common/1.3.0-SNAPSHOT/ozone-filesystem-common-1.3.0-SNAPSHOT.jar:/home/runner/.m2/repository/org/apache/ozone/ozone-tools/1.3.0-SNAPSHOT/ozone-tools-1.3.0-SNAPSHOT.jar:/home/runner/.m2/repository/org/apache/ratis/ratis-tools/2.3.0/ratis-tools-2.3.0.jar:/home/runner/.m2/repository/com/amazonaws/aws-java-sdk-core/1.12.124/aws-java-sdk-core-1.12.124.jar:/home/runner/.m2/repository/org/apache/httpcomponents/httpclient/4.5.13/httpclient-4.5.13.jar:/home/runner/.m2/repository/org/apache/httpcomponents/httpcore/4.4.13/httpcore-4.4.13.jar:/home/runner/.m2/repository/software/amazon/ion/ion-java/1.0.2/ion-java-1.0.2.jar:/home/runner/.m2/repository/com/fasterxml/jackson/dataformat/jackson-dataformat-cbor/2.13.2/jackson-dataformat-cbor-2.13.2.jar:/home/runner/.m2/repository/joda-time/joda-time/2.8.1/joda-time-2.8.1.jar:/home/runner/.m2/repository/com/amazonaws/aws-java-sdk-s3/1.12.124/aws-java-sdk-s3-1.12.124.jar:/home/runner/.m2/repository/com/amazonaws/aws-java-sdk-kms/1.12.124/aws-java-sdk-kms-1.12.124.jar:/home/runner/.m2/repository/com/amazonaws/jmespath-java/1.12.124/jmespath-java-1.12.124.jar:/home/runner/.m2/repository/org/kohsuke/metainf-services/metainf-services/1.8/metainf-services-1.8.jar:/home/runner/.m2/repository/org/apache/ozone/hdds-tools/1.3.0-SNAPSHOT/hdds-tools-1.3.0-SNAPSHOT.jar:/home/runner/.m2/repository/commons-cli/commons-cli/1.2/commons-cli-1.2.jar:/home/runner/.m2/repository/org/apache/commons/commons-lang3/3.7/commons-lang3-3.7.jar:/home/runner/.m2/repository/org/apache/ozone/ozone-manager/1.3.0-SNAPSHOT/ozone-manager-1.3.0-SNAPSHOT-tests.jar:/home/runner/.m2/repository/org/apache/ozone/hdds-common/1.3.0-SNAPSHOT/hdds-common-1.3.0-SNAPSHOT-tests.jar:/home/runner/.m2/repository/org/apache/ozone/hdds-hadoop-dependency-client/1.3.0-SNAPSHOT/hdds-hadoop-dependency-client-1.3.0-SNAPSHOT.jar:/home/runner/.m2/repository/info/picocli/picocli/4.6.1/picocli-4.6.1.jar:/home/runner/.m2/repository/com/fasterxml/jackson/core/jackson-annotations/2.13.2/jackson-annotations-2.13.2.jar:/home/runner/.m2/repository/com/fasterxml/jackson/datatype/jackson-datatype-jsr310/2.13.2/jackson-datatype-jsr310-2.13.2.jar:/home/runner/.m2/repository/javax/annotation/javax.annotation-api/1.2/javax.annotation-api-1.2.jar:/home/runner/.m2/repository/org/apache/ratis/ratis-server/2.3.0/ratis-server-2.3.0.jar:/home/runner/.m2/repository/org/apache/ratis/ratis-client/2.3.0/ratis-client-2.3.0.jar:/home/runner/.m2/repository/org/apache/ratis/ratis-server-api/2.3.0/ratis-server-api-2.3.0.jar:/home/runner/.m2/repository/org/apache/ratis/ratis-metrics/2.3.0/ratis-metrics-2.3.0.jar:/home/runner/.m2/repository/org/apache/ratis/ratis-netty/2.3.0/ratis-netty-2.3.0.jar:/home/runner/.m2/repository/org/apache/ratis/ratis-grpc/2.3.0/ratis-grpc-2.3.0.jar:/home/runner/.m2/repository/org/apache/logging/log4j/log4j-api/2.17.1/log4j-api-2.17.1.jar:/home/runner/.m2/repository/org/apache/commons/commons-pool2/2.6.0/commons-pool2-2.6.0.jar:/home/runner/.m2/repository/org/bouncycastle/bcpkix-jdk15on/1.67/bcpkix-jdk15on-1.67.jar:/home/runner/.m2/repository/commons-validator/commons-validator/1.6/commons-validator-1.6.jar:/home/runner/.m2/repository/commons-beanutils/commons-beanutils/1.9.4/commons-beanutils-1.9.4.jar:/home/runner/.m2/repository/commons-digester/commons-digester/1.8.1/commons-digester-1.8.1.jar:/home/runner/.m2/repository/commons-collections/commons-collections/3.2.2/commons-collections-3.2.2.jar:/home/runner/.m2/repository/io/jaegertracing/jaeger-client/1.6.0/jaeger-client-1.6.0.jar:/home/runner/.m2/repository/io/jaegertracing/jaeger-thrift/1.6.0/jaeger-thrift-1.6.0.jar:/home/runner/.m2/repository/org/apache/thrift/libthrift/0.14.1/libthrift-0.14.1.jar:/home/runner/.m2/repository/com/squareup/okhttp3/okhttp/4.9.0/okhttp-4.9.0.jar:/home/runner/.m2/repository/com/squareup/okio/okio/2.8.0/okio-2.8.0.jar:/home/runner/.m2/repository/io/jaegertracing/jaeger-core/1.6.0/jaeger-core-1.6.0.jar:/home/runner/.m2/repository/io/jaegertracing/jaeger-tracerresolver/1.6.0/jaeger-tracerresolver-1.6.0.jar:/home/runner/.m2/repository/io/opentracing/contrib/opentracing-tracerresolver/0.1.8/opentracing-tracerresolver-0.1.8.jar:/home/runner/.m2/repository/org/jetbrains/kotlin/kotlin-stdlib/1.6.21/kotlin-stdlib-1.6.21.jar:/home/runner/.m2/repository/org/jetbrains/kotlin/kotlin-stdlib-common/1.6.21/kotlin-stdlib-common-1.6.21.jar:/home/runner/.m2/repository/org/jetbrains/annotations/13.0/annotations-13.0.jar:/home/runner/.m2/repository/io/opentracing/opentracing-util/0.33.0/opentracing-util-0.33.0.jar:/home/runner/.m2/repository/io/opentracing/opentracing-api/0.33.0/opentracing-api-0.33.0.jar:/home/runner/.m2/repository/io/opentracing/opentracing-noop/0.33.0/opentracing-noop-0.33.0.jar:/home/runner/.m2/repository/org/yaml/snakeyaml/1.26/snakeyaml-1.26.jar:/home/runner/.m2/repository/org/apache/ozone/hdds-interface-admin/1.3.0-SNAPSHOT/hdds-interface-admin-1.3.0-SNAPSHOT.jar:/home/runner/.m2/repository/junit/junit/4.13.1/junit-4.13.1.jar:/home/runner/.m2/repository/org/hamcrest/hamcrest-core/1.3/hamcrest-core-1.3.jar:/home/runner/.m2/repository/org/junit/jupiter/junit-jupiter-api/5.8.2/junit-jupiter-api-5.8.2.jar:/home/runner/.m2/repository/org/opentest4j/opentest4j/1.2.0/opentest4j-1.2.0.jar:/home/runner/.m2/repository/org/junit/platform/junit-platform-commons/1.8.2/junit-platform-commons-1.8.2.jar:/home/runner/.m2/repository/org/apiguardian/apiguardian-api/1.1.2/apiguardian-api-1.1.2.jar:/home/runner/.m2/repository/org/junit/jupiter/junit-jupiter-params/5.8.2/junit-jupiter-params-5.8.2.jar:/home/runner/.m2/repository/org/junit/jupiter/junit-jupiter-migrationsupport/5.8.2/junit-jupiter-migrationsupport-5.8.2.jar:/home/runner/.m2/repository/org/junit/jupiter/junit-jupiter-engine/5.8.2/junit-jupiter-engine-5.8.2.jar:/home/runner/.m2/repository/org/junit/platform/junit-platform-engine/1.8.2/junit-platform-engine-1.8.2.jar:/home/runner/.m2/repository/org/junit/vintage/junit-vintage-engine/5.8.2/junit-vintage-engine-5.8.2.jar:/home/runner/.m2/repository/org/junit/platform/junit-platform-launcher/1.8.2/junit-platform-launcher-1.8.2.jar:/home/runner/.m2/repository/org/mockito/mockito-core/2.28.2/mockito-core-2.28.2.jar:/home/runner/.m2/repository/net/bytebuddy/byte-buddy/1.9.10/byte-buddy-1.9.10.jar:/home/runner/.m2/repository/net/bytebuddy/byte-buddy-agent/1.9.10/byte-buddy-agent-1.9.10.jar:/home/runner/.m2/repository/org/objenesis/objenesis/1.0/objenesis-1.0.jar:/home/runner/.m2/repository/org/apache/hadoop/hadoop-kms/3.3.1/hadoop-kms-3.3.1.jar:/home/runner/.m2/repository/org/apache/hadoop/hadoop-auth/3.3.1/hadoop-auth-3.3.1.jar:/home/runner/.m2/repository/com/nimbusds/nimbus-jose-jwt/7.9/nimbus-jose-jwt-7.9.jar:/home/runner/.m2/repository/com/github/stephenc/jcip/jcip-annotations/1.0-1/jcip-annotations-1.0-1.jar:/home/runner/.m2/repository/net/minidev/json-smart/2.4.7/json-smart-2.4.7.jar:/home/runner/.m2/repository/net/minidev/accessors-smart/2.4.7/accessors-smart-2.4.7.jar:/home/runner/.m2/repository/org/ow2/asm/asm/5.0.4/asm-5.0.4.jar:/home/runner/.m2/repository/org/apache/zookeeper/zookeeper/3.5.6/zookeeper-3.5.6.jar:/home/runner/.m2/repository/org/apache/zookeeper/zookeeper-jute/3.5.6/zookeeper-jute-3.5.6.jar:/home/runner/.m2/repository/org/apache/yetus/audience-annotations/0.5.0/audience-annotations-0.5.0.jar:/home/runner/.m2/repository/org/apache/curator/curator-framework/4.2.0/curator-framework-4.2.0.jar:/home/runner/.m2/repository/org/apache/hadoop/thirdparty/hadoop-shaded-guava/1.1.1/hadoop-shaded-guava-1.1.1.jar:/home/runner/.m2/repository/com/sun/jersey/jersey-core/1.19/jersey-core-1.19.jar:/home/runner/.m2/repository/javax/ws/rs/jsr311-api/1.1.1/jsr311-api-1.1.1.jar:/home/runner/.m2/repository/com/sun/jersey/jersey-server/1.19/jersey-server-1.19.jar:/home/runner/.m2/repository/javax/servlet/javax.servlet-api/3.1.0/javax.servlet-api-3.1.0.jar:/home/runner/.m2/repository/org/eclipse/jetty/jetty-server/9.4.43.v20210629/jetty-server-9.4.43.v20210629.jar:/home/runner/.m2/repository/org/eclipse/jetty/jetty-http/9.4.43.v20210629/jetty-http-9.4.43.v20210629.jar:/home/runner/.m2/repository/org/eclipse/jetty/jetty-io/9.4.43.v20210629/jetty-io-9.4.43.v20210629.jar:/home/runner/.m2/repository/org/eclipse/jetty/jetty-webapp/9.4.43.v20210629/jetty-webapp-9.4.43.v20210629.jar:/home/runner/.m2/repository/org/eclipse/jetty/jetty-xml/9.4.43.v20210629/jetty-xml-9.4.43.v20210629.jar:/home/runner/.m2/repository/org/apache/hadoop/hadoop-common/3.3.1/hadoop-common-3.3.1.jar:/home/runner/.m2/repository/org/apache/commons/commons-math3/3.1.1/commons-math3-3.1.1.jar:/home/runner/.m2/repository/commons-net/commons-net/3.6/commons-net-3.6.jar:/home/runner/.m2/repository/com/sun/jersey/jersey-servlet/1.19/jersey-servlet-1.19.jar:/home/runner/.m2/repository/com/sun/jersey/jersey-json/1.19/jersey-json-1.19.jar:/home/runner/.m2/repository/org/codehaus/jettison/jettison/1.1/jettison-1.1.jar:/home/runner/.m2/repository/com/sun/xml/bind/jaxb-impl/2.2.3-1/jaxb-impl-2.2.3-1.jar:/home/runner/.m2/repository/org/codehaus/jackson/jackson-xc/1.9.2/jackson-xc-1.9.2.jar:/home/runner/.m2/repository/org/apache/commons/commons-configuration2/2.1.1/commons-configuration2-2.1.1.jar:/home/runner/.m2/repository/org/apache/commons/commons-text/1.4/commons-text-1.4.jar:/home/runner/.m2/repository/com/google/re2j/re2j/1.1/re2j-1.1.jar:/home/runner/.m2/repository/com/jcraft/jsch/0.1.54/jsch-0.1.54.jar:/home/runner/.m2/repository/org/apache/curator/curator-client/4.2.0/curator-client-4.2.0.jar:/home/runner/.m2/repository/org/apache/curator/curator-recipes/4.2.0/curator-recipes-4.2.0.jar:/home/runner/.m2/repository/org/apache/kerby/kerb-core/1.0.1/kerb-core-1.0.1.jar:/home/runner/.m2/repository/org/apache/kerby/kerby-pkix/1.0.1/kerby-pkix-1.0.1.jar:/home/runner/.m2/repository/org/apache/kerby/kerby-asn1/1.0.1/kerby-asn1-1.0.1.jar:/home/runner/.m2/repository/org/apache/kerby/kerby-util/1.0.1/kerby-util-1.0.1.jar:/home/runner/.m2/repository/dnsjava/dnsjava/2.1.7/dnsjava-2.1.7.jar:/home/runner/.m2/repository/org/xerial/snappy/snappy-java/1.1.8.2/snappy-java-1.1.8.2.jar:/home/runner/.m2/repository/org/slf4j/jul-to-slf4j/1.7.30/jul-to-slf4j-1.7.30.jar:/home/runner/.m2/repository/org/eclipse/jetty/jetty-util/9.4.43.v20210629/jetty-util-9.4.43.v20210629.jar:/home/runner/.m2/repository/com/fasterxml/jackson/core/jackson-databind/2.13.2.2/jackson-databind-2.13.2.2.jar:/home/runner/.m2/repository/org/apache/hadoop/hadoop-kms/3.3.1/hadoop-kms-3.3.1-tests.jar:/home/runner/.m2/repository/org/apache/ozone/hdds-server-scm/1.3.0-SNAPSHOT/hdds-server-scm-1.3.0-SNAPSHOT-tests.jar:/home/runner/.m2/repository/org/apache/ozone/hdds-container-service/1.3.0-SNAPSHOT/hdds-container-service-1.3.0-SNAPSHOT-tests.jar:/home/runner/.m2/repository/commons-codec/commons-codec/1.11/commons-codec-1.11.jar:/home/runner/.m2/repository/io/netty/netty-codec/4.1.74.Final/netty-codec-4.1.74.Final.jar:/home/runner/.m2/repository/io/netty/netty-handler/4.1.74.Final/netty-handler-4.1.74.Final.jar:/home/runner/.m2/repository/org/apache/ozone/hdds-hadoop-dependency-test/1.3.0-SNAPSHOT/hdds-hadoop-dependency-test-1.3.0-SNAPSHOT.jar:/home/runner/.m2/repository/org/apache/hadoop/hadoop-common/3.3.1/hadoop-common-3.3.1-tests.jar:/home/runner/.m2/repository/org/assertj/assertj-core/3.12.2/assertj-core-3.12.2.jar:/home/runner/.m2/repository/org/apache/hadoop/hadoop-hdfs/3.3.1/hadoop-hdfs-3.3.1-tests.jar:/home/runner/.m2/repository/org/eclipse/jetty/jetty-util-ajax/9.4.43.v20210629/jetty-util-ajax-9.4.43.v20210629.jar:/home/runner/.m2/repository/commons-daemon/commons-daemon/1.0.13/commons-daemon-1.0.13.jar:/home/runner/.m2/repository/io/netty/netty/3.10.6.Final/netty-3.10.6.Final.jar:/home/runner/.m2/repository/io/netty/netty-all/4.1.74.Final/netty-all-4.1.74.Final.jar:/home/runner/.m2/repository/io/netty/netty-codec-dns/4.1.74.Final/netty-codec-dns-4.1.74.Final.jar:/home/runner/.m2/repository/io/netty/netty-codec-haproxy/4.1.74.Final/netty-codec-haproxy-4.1.74.Final.jar:/home/runner/.m2/repository/io/netty/netty-codec-memcache/4.1.74.Final/netty-codec-memcache-4.1.74.Final.jar:/home/runner/.m2/repository/io/netty/netty-codec-mqtt/4.1.74.Final/netty-codec-mqtt-4.1.74.Final.jar:/home/runner/.m2/repository/io/netty/netty-codec-redis/4.1.74.Final/netty-codec-redis-4.1.74.Final.jar:/home/runner/.m2/repository/io/netty/netty-codec-smtp/4.1.74.Final/netty-codec-smtp-4.1.74.Final.jar:/home/runner/.m2/repository/io/netty/netty-codec-stomp/4.1.74.Final/netty-codec-stomp-4.1.74.Final.jar:/home/runner/.m2/repository/io/netty/netty-codec-xml/4.1.74.Final/netty-codec-xml-4.1.74.Final.jar:/home/runner/.m2/repository/io/netty/netty-resolver-dns/4.1.74.Final/netty-resolver-dns-4.1.74.Final.jar:/home/runner/.m2/repository/io/netty/netty-transport-rxtx/4.1.74.Final/netty-transport-rxtx-4.1.74.Final.jar:/home/runner/.m2/repository/io/netty/netty-transport-sctp/4.1.74.Final/netty-transport-sctp-4.1.74.Final.jar:/home/runner/.m2/repository/io/netty/netty-transport-udt/4.1.74.Final/netty-transport-udt-4.1.74.Final.jar:/home/runner/.m2/repository/io/netty/netty-transport-classes-kqueue/4.1.74.Final/netty-transport-classes-kqueue-4.1.74.Final.jar:/home/runner/.m2/repository/io/netty/netty-resolver-dns-classes-macos/4.1.74.Final/netty-resolver-dns-classes-macos-4.1.74.Final.jar:/home/runner/.m2/repository/io/netty/netty-transport-native-epoll/4.1.74.Final/netty-transport-native-epoll-4.1.74.Final-linux-aarch_64.jar:/home/runner/.m2/repository/io/netty/netty-transport-native-kqueue/4.1.74.Final/netty-transport-native-kqueue-4.1.74.Final-osx-x86_64.jar:/home/runner/.m2/repository/io/netty/netty-transport-native-kqueue/4.1.74.Final/netty-transport-native-kqueue-4.1.74.Final-osx-aarch_64.jar:/home/runner/.m2/repository/io/netty/netty-resolver-dns-native-macos/4.1.74.Final/netty-resolver-dns-native-macos-4.1.74.Final-osx-x86_64.jar:/home/runner/.m2/repository/io/netty/netty-resolver-dns-native-macos/4.1.74.Final/netty-resolver-dns-native-macos-4.1.74.Final-osx-aarch_64.jar:/home/runner/.m2/repository/org/apache/htrace/htrace-core4/4.1.0-incubating/htrace-core4-4.1.0-incubating.jar:/home/runner/.m2/repository/org/fusesource/leveldbjni/leveldbjni-all/1.8/leveldbjni-all-1.8.jar:/home/runner/.m2/repository/org/apache/hadoop/hadoop-distcp/3.3.1/hadoop-distcp-3.3.1.jar:/home/runner/.m2/repository/org/apache/hadoop/hadoop-mapreduce-client-jobclient/3.3.1/hadoop-mapreduce-client-jobclient-3.3.1.jar:/home/runner/.m2/repository/org/apache/hadoop/hadoop-mapreduce-client-common/3.3.1/hadoop-mapreduce-client-common-3.3.1.jar:/home/runner/.m2/repository/org/apache/hadoop/hadoop-yarn-common/3.3.1/hadoop-yarn-common-3.3.1.jar:/home/runner/.m2/repository/org/apache/hadoop/hadoop-yarn-api/3.3.1/hadoop-yarn-api-3.3.1.jar:/home/runner/.m2/repository/com/sun/jersey/contribs/jersey-guice/1.19/jersey-guice-1.19.jar:/home/runner/.m2/repository/com/fasterxml/jackson/jaxrs/jackson-jaxrs-json-provider/2.13.2/jackson-jaxrs-json-provider-2.13.2.jar:/home/runner/.m2/repository/com/fasterxml/jackson/jaxrs/jackson-jaxrs-base/2.13.2/jackson-jaxrs-base-2.13.2.jar:/home/runner/.m2/repository/org/apache/hadoop/hadoop-yarn-client/3.3.1/hadoop-yarn-client-3.3.1.jar:/home/runner/.m2/repository/org/eclipse/jetty/websocket/websocket-client/9.4.40.v20210413/websocket-client-9.4.40.v20210413.jar:/home/runner/.m2/repository/org/eclipse/jetty/websocket/websocket-common/9.4.40.v20210413/websocket-common-9.4.40.v20210413.jar:/home/runner/.m2/repository/org/eclipse/jetty/websocket/websocket-api/9.4.40.v20210413/websocket-api-9.4.40.v20210413.jar:/home/runner/.m2/repository/org/jline/jline/3.9.0/jline-3.9.0.jar:/home/runner/.m2/repository/org/apache/hadoop/hadoop-mapreduce-client-core/3.3.1/hadoop-mapreduce-client-core-3.3.1.jar:/home/runner/.m2/repository/org/apache/avro/avro/1.7.7/avro-1.7.7.jar:/home/runner/.m2/repository/org/codehaus/jackson/jackson-core-asl/1.9.13/jackson-core-asl-1.9.13.jar:/home/runner/.m2/repository/org/codehaus/jackson/jackson-mapper-asl/1.9.13/jackson-mapper-asl-1.9.13.jar:/home/runner/.m2/repository/com/thoughtworks/paranamer/paranamer/2.3/paranamer-2.3.jar:/home/runner/.m2/repository/org/apache/hadoop/hadoop-annotations/3.3.1/hadoop-annotations-3.3.1.jar:/usr/lib/jvm/temurin-8-jdk-amd64/jre/../lib/tools.jar:/home/runner/.m2/repository/org/apache/hadoop/hadoop-distcp/3.3.1/hadoop-distcp-3.3.1-tests.jar:/home/runner/.m2/repository/org/apache/ratis/ratis-common/2.3.0/ratis-common-2.3.0.jar:/home/runner/.m2/repository/org/apache/ratis/ratis-thirdparty-misc/1.0.0/ratis-thirdparty-misc-1.0.0.jar:/home/runner/.m2/repository/org/apache/ratis/ratis-proto/2.3.0/ratis-proto-2.3.0.jar:/home/runner/.m2/repository/org/apache/ozone/ozone-annotation-processing/1.3.0-SNAPSHOT/ozone-annotation-processing-1.3.0-SNAPSHOT.jar:"/>
    <property name="java.vm.vendor" value="Temurin"/>
    <property name="sun.arch.data.model" value="64"/>
    <property name="test.build.dir" value="/home/runner/work/ozone/ozone/hadoop-ozone/integration-test/target/test-dir"/>
    <property name="test.cache.data" value=""/>
    <property name="java.vendor.url" value="https://adoptium.net/"/>
    <property name="user.timezone" value="Etc/UTC"/>
    <property name="java.vm.specification.version" value="1.8"/>
    <property name="os.name" value="Linux"/>
    <property name="test.build.data" value="/home/runner/work/ozone/ozone/hadoop-ozone/integration-test/target/test-dir"/>
    <property name="sun.java.launcher" value="SUN_STANDARD"/>
    <property name="sun.boot.library.path" value="/usr/lib/jvm/temurin-8-jdk-amd64/jre/lib/amd64"/>
    <property name="sun.java.command" value="/home/runner/work/ozone/ozone/hadoop-ozone/integration-test/target/surefire/surefirebooter6379504723341948260.jar /home/runner/work/ozone/ozone/hadoop-ozone/integration-test/target/surefire 2022-07-12T20-43-19_455-jvmRun1 surefire6671673511378320861tmp surefire_07246328618803412109tmp"/>
    <property name="surefire.test.class.path" value="/home/runner/work/ozone/ozone/hadoop-ozone/integration-test/target/test-classes:/home/runner/work/ozone/ozone/hadoop-ozone/integration-test/target/classes:/home/runner/.m2/repository/org/apache/ozone/ozone-common/1.3.0-SNAPSHOT/ozone-common-1.3.0-SNAPSHOT.jar:/home/runner/.m2/repository/io/grpc/grpc-netty/1.44.0/grpc-netty-1.44.0.jar:/home/runner/.m2/repository/io/grpc/grpc-core/1.44.0/grpc-core-1.44.0.jar:/home/runner/.m2/repository/com/google/android/annotations/4.1.1.4/annotations-4.1.1.4.jar:/home/runner/.m2/repository/org/codehaus/mojo/animal-sniffer-annotations/1.19/animal-sniffer-annotations-1.19.jar:/home/runner/.m2/repository/com/google/errorprone/error_prone_annotations/2.2.0/error_prone_annotations-2.2.0.jar:/home/runner/.m2/repository/io/perfmark/perfmark-api/0.23.0/perfmark-api-0.23.0.jar:/home/runner/.m2/repository/io/netty/netty-codec-http2/4.1.74.Final/netty-codec-http2-4.1.74.Final.jar:/home/runner/.m2/repository/io/netty/netty-common/4.1.74.Final/netty-common-4.1.74.Final.jar:/home/runner/.m2/repository/io/netty/netty-buffer/4.1.74.Final/netty-buffer-4.1.74.Final.jar:/home/runner/.m2/repository/io/netty/netty-codec-http/4.1.74.Final/netty-codec-http-4.1.74.Final.jar:/home/runner/.m2/repository/io/netty/netty-handler-proxy/4.1.74.Final/netty-handler-proxy-4.1.74.Final.jar:/home/runner/.m2/repository/io/netty/netty-codec-socks/4.1.74.Final/netty-codec-socks-4.1.74.Final.jar:/home/runner/.m2/repository/io/netty/netty-tcnative-boringssl-static/2.0.48.Final/netty-tcnative-boringssl-static-2.0.48.Final.jar:/home/runner/.m2/repository/io/netty/netty-tcnative-classes/2.0.48.Final/netty-tcnative-classes-2.0.48.Final.jar:/home/runner/.m2/repository/io/netty/netty-tcnative/2.0.48.Final/netty-tcnative-2.0.48.Final.jar:/home/runner/.m2/repository/org/apache/commons/commons-compress/1.21/commons-compress-1.21.jar:/home/runner/.m2/repository/org/apache/ozone/hdds-common/1.3.0-SNAPSHOT/hdds-common-1.3.0-SNAPSHOT.jar:/home/runner/.m2/repository/org/apache/ozone/hdds-client/1.3.0-SNAPSHOT/hdds-client-1.3.0-SNAPSHOT.jar:/home/runner/.m2/repository/org/apache/ozone/ozone-interface-client/1.3.0-SNAPSHOT/ozone-interface-client-1.3.0-SNAPSHOT.jar:/home/runner/.m2/repository/org/apache/ozone/hdds-test-utils/1.3.0-SNAPSHOT/hdds-test-utils-1.3.0-SNAPSHOT.jar:/home/runner/.m2/repository/com/google/guava/guava/31.1-jre/guava-31.1-jre.jar:/home/runner/.m2/repository/com/google/guava/failureaccess/1.0.1/failureaccess-1.0.1.jar:/home/runner/.m2/repository/com/google/guava/listenablefuture/9999.0-empty-to-avoid-conflict-with-guava/listenablefuture-9999.0-empty-to-avoid-conflict-with-guava.jar:/home/runner/.m2/repository/com/google/code/findbugs/jsr305/3.0.0/jsr305-3.0.0.jar:/home/runner/.m2/repository/org/checkerframework/checker-qual/3.12.0/checker-qual-3.12.0.jar:/home/runner/.m2/repository/com/google/j2objc/j2objc-annotations/1.3/j2objc-annotations-1.3.jar:/home/runner/.m2/repository/commons-io/commons-io/2.11.0/commons-io-2.11.0.jar:/home/runner/.m2/repository/commons-logging/commons-logging/1.2/commons-logging-1.2.jar:/home/runner/.m2/repository/log4j/log4j/1.2.17/log4j-1.2.17.jar:/home/runner/.m2/repository/org/slf4j/slf4j-api/1.7.30/slf4j-api-1.7.30.jar:/home/runner/.m2/repository/org/apache/ozone/hdds-server-scm/1.3.0-SNAPSHOT/hdds-server-scm-1.3.0-SNAPSHOT.jar:/home/runner/.m2/repository/org/apache/ozone/hdds-container-service/1.3.0-SNAPSHOT/hdds-container-service-1.3.0-SNAPSHOT.jar:/home/runner/.m2/repository/org/apache/ozone/hdds-hadoop-dependency-server/1.3.0-SNAPSHOT/hdds-hadoop-dependency-server-1.3.0-SNAPSHOT.jar:/home/runner/.m2/repository/org/apache/hadoop/hadoop-hdfs/3.3.1/hadoop-hdfs-3.3.1.jar:/home/runner/.m2/repository/org/apache/ozone/hdds-server-framework/1.3.0-SNAPSHOT/hdds-server-framework-1.3.0-SNAPSHOT.jar:/home/runner/.m2/repository/org/apache/ozone/hdds-interface-server/1.3.0-SNAPSHOT/hdds-interface-server-1.3.0-SNAPSHOT.jar:/home/runner/.m2/repository/org/apache/logging/log4j/log4j-core/2.17.1/log4j-core-2.17.1.jar:/home/runner/.m2/repository/com/lmax/disruptor/3.4.2/disruptor-3.4.2.jar:/home/runner/.m2/repository/org/eclipse/jetty/jetty-servlet/9.4.43.v20210629/jetty-servlet-9.4.43.v20210629.jar:/home/runner/.m2/repository/org/eclipse/jetty/jetty-security/9.4.43.v20210629/jetty-security-9.4.43.v20210629.jar:/home/runner/.m2/repository/org/rocksdb/rocksdbjni/6.29.5/rocksdbjni-6.29.5.jar:/home/runner/.m2/repository/io/prometheus/simpleclient_dropwizard/0.7.0/simpleclient_dropwizard-0.7.0.jar:/home/runner/.m2/repository/io/prometheus/simpleclient/0.7.0/simpleclient-0.7.0.jar:/home/runner/.m2/repository/io/prometheus/simpleclient_common/0.7.0/simpleclient_common-0.7.0.jar:/home/runner/.m2/repository/io/dropwizard/metrics/metrics-core/3.2.4/metrics-core-3.2.4.jar:/home/runner/.m2/repository/org/apache/hadoop/hadoop-hdfs-client/3.3.1/hadoop-hdfs-client-3.3.1.jar:/home/runner/.m2/repository/org/bouncycastle/bcprov-jdk15on/1.67/bcprov-jdk15on-1.67.jar:/home/runner/.m2/repository/com/google/protobuf/protobuf-java/2.5.0/protobuf-java-2.5.0.jar:/home/runner/.m2/repository/org/apache/ozone/ozone-manager/1.3.0-SNAPSHOT/ozone-manager-1.3.0-SNAPSHOT.jar:/home/runner/.m2/repository/org/aspectj/aspectjrt/1.9.7/aspectjrt-1.9.7.jar:/home/runner/.m2/repository/org/aspectj/aspectjweaver/1.9.7/aspectjweaver-1.9.7.jar:/home/runner/.m2/repository/org/apache/ozone/hdds-interface-client/1.3.0-SNAPSHOT/hdds-interface-client-1.3.0-SNAPSHOT.jar:/home/runner/.m2/repository/org/apache/hadoop/thirdparty/hadoop-shaded-protobuf_3_7/1.1.1/hadoop-shaded-protobuf_3_7-1.1.1.jar:/home/runner/.m2/repository/org/apache/ozone/ozone-interface-storage/1.3.0-SNAPSHOT/ozone-interface-storage-1.3.0-SNAPSHOT.jar:/home/runner/.m2/repository/org/reflections/reflections/0.9.11/reflections-0.9.11.jar:/home/runner/.m2/repository/com/sun/jersey/jersey-client/1.19/jersey-client-1.19.jar:/home/runner/.m2/repository/org/apache/ranger/ranger-intg/3.0.0-SNAPSHOT/ranger-intg-3.0.0-SNAPSHOT.jar:/home/runner/.m2/repository/org/apache/ranger/ranger-plugins-common/3.0.0-SNAPSHOT/ranger-plugins-common-3.0.0-SNAPSHOT.jar:/home/runner/.m2/repository/commons-lang/commons-lang/2.6/commons-lang-2.6.jar:/home/runner/.m2/repository/org/codehaus/jackson/jackson-jaxrs/1.9.13/jackson-jaxrs-1.9.13.jar:/home/runner/.m2/repository/org/apache/ranger/ranger-plugins-cred/3.0.0-SNAPSHOT/ranger-plugins-cred-3.0.0-SNAPSHOT.jar:/home/runner/.m2/repository/org/apache/ranger/ranger-plugins-audit/3.0.0-SNAPSHOT/ranger-plugins-audit-3.0.0-SNAPSHOT.jar:/home/runner/.m2/repository/org/apache/kafka/kafka-clients/2.8.1/kafka-clients-2.8.1.jar:/home/runner/.m2/repository/com/github/luben/zstd-jni/1.4.9-1/zstd-jni-1.4.9-1.jar:/home/runner/.m2/repository/org/apache/solr/solr-solrj/8.11.2/solr-solrj-8.11.2.jar:/home/runner/.m2/repository/org/eclipse/jetty/jetty-client/9.4.44.v20210927/jetty-client-9.4.44.v20210927.jar:/home/runner/.m2/repository/org/apache/httpcomponents/httpmime/4.5.13/httpmime-4.5.13.jar:/home/runner/.m2/repository/org/apache/httpcomponents/httpcore-nio/4.4.14/httpcore-nio-4.4.14.jar:/home/runner/.m2/repository/org/apache/httpcomponents/httpasyncclient/4.1.4/httpasyncclient-4.1.4.jar:/home/runner/.m2/repository/com/carrotsearch/hppc/0.8.0/hppc-0.8.0.jar:/home/runner/.m2/repository/org/apache/hive/hive-storage-api/2.7.2/hive-storage-api-2.7.2.jar:/home/runner/.m2/repository/org/apache/orc/orc-core/1.5.8/orc-core-1.5.8.jar:/home/runner/.m2/repository/com/amazonaws/aws-java-sdk-bundle/1.12.125/aws-java-sdk-bundle-1.12.125.jar:/home/runner/.m2/repository/net/java/dev/jna/jna/5.2.0/jna-5.2.0.jar:/home/runner/.m2/repository/net/java/dev/jna/jna-platform/5.2.0/jna-platform-5.2.0.jar:/home/runner/.m2/repository/com/kstruct/gethostname4j/0.0.2/gethostname4j-0.0.2.jar:/home/runner/.m2/repository/org/apache/ranger/ranger-plugin-classloader/3.0.0-SNAPSHOT/ranger-plugin-classloader-3.0.0-SNAPSHOT.jar:/home/runner/.m2/repository/org/apache/hadoop/hadoop-minikdc/3.3.1/hadoop-minikdc-3.3.1.jar:/home/runner/.m2/repository/org/apache/kerby/kerb-simplekdc/1.0.1/kerb-simplekdc-1.0.1.jar:/home/runner/.m2/repository/org/apache/kerby/kerb-client/1.0.1/kerb-client-1.0.1.jar:/home/runner/.m2/repository/org/apache/kerby/kerby-config/1.0.1/kerby-config-1.0.1.jar:/home/runner/.m2/repository/org/apache/kerby/kerb-common/1.0.1/kerb-common-1.0.1.jar:/home/runner/.m2/repository/org/apache/kerby/kerb-crypto/1.0.1/kerb-crypto-1.0.1.jar:/home/runner/.m2/repository/org/apache/kerby/kerb-util/1.0.1/kerb-util-1.0.1.jar:/home/runner/.m2/repository/org/apache/kerby/token-provider/1.0.1/token-provider-1.0.1.jar:/home/runner/.m2/repository/org/apache/kerby/kerb-admin/1.0.1/kerb-admin-1.0.1.jar:/home/runner/.m2/repository/org/apache/kerby/kerb-server/1.0.1/kerb-server-1.0.1.jar:/home/runner/.m2/repository/org/apache/kerby/kerb-identity/1.0.1/kerb-identity-1.0.1.jar:/home/runner/.m2/repository/org/apache/kerby/kerby-xdr/1.0.1/kerby-xdr-1.0.1.jar:/home/runner/.m2/repository/org/slf4j/slf4j-log4j12/1.7.30/slf4j-log4j12-1.7.30.jar:/home/runner/.m2/repository/org/apache/ozone/ozone-s3gateway/1.3.0-SNAPSHOT/ozone-s3gateway-1.3.0-SNAPSHOT.jar:/home/runner/.m2/repository/org/javassist/javassist/3.21.0-GA/javassist-3.21.0-GA.jar:/home/runner/.m2/repository/org/jboss/weld/servlet/weld-servlet/2.4.7.Final/weld-servlet-2.4.7.Final.jar:/home/runner/.m2/repository/org/glassfish/jersey/containers/jersey-container-servlet-core/2.33/jersey-container-servlet-core-2.33.jar:/home/runner/.m2/repository/org/glassfish/hk2/external/jakarta.inject/2.6.1/jakarta.inject-2.6.1.jar:/home/runner/.m2/repository/org/glassfish/jersey/core/jersey-common/2.33/jersey-common-2.33.jar:/home/runner/.m2/repository/jakarta/ws/rs/jakarta.ws.rs-api/2.1.6/jakarta.ws.rs-api-2.1.6.jar:/home/runner/.m2/repository/org/glassfish/jersey/ext/cdi/jersey-cdi1x/2.33/jersey-cdi1x-2.33.jar:/home/runner/.m2/repository/org/glassfish/jersey/inject/jersey-hk2/2.33/jersey-hk2-2.33.jar:/home/runner/.m2/repository/org/glassfish/hk2/hk2-locator/2.6.1/hk2-locator-2.6.1.jar:/home/runner/.m2/repository/org/glassfish/jersey/media/jersey-media-jaxb/2.33/jersey-media-jaxb-2.33.jar:/home/runner/.m2/repository/org/glassfish/hk2/osgi-resource-locator/1.0.3/osgi-resource-locator-1.0.3.jar:/home/runner/.m2/repository/org/glassfish/hk2/hk2-api/2.5.0/hk2-api-2.5.0.jar:/home/runner/.m2/repository/org/glassfish/hk2/hk2-utils/2.5.0/hk2-utils-2.5.0.jar:/home/runner/.m2/repository/org/glassfish/hk2/external/aopalliance-repackaged/2.5.0/aopalliance-repackaged-2.5.0.jar:/home/runner/.m2/repository/com/fasterxml/jackson/dataformat/jackson-dataformat-xml/2.13.2/jackson-dataformat-xml-2.13.2.jar:/home/runner/.m2/repository/com/fasterxml/jackson/core/jackson-core/2.13.2/jackson-core-2.13.2.jar:/home/runner/.m2/repository/org/codehaus/woodstox/stax2-api/3.1.4/stax2-api-3.1.4.jar:/home/runner/.m2/repository/com/fasterxml/woodstox/woodstox-core/5.0.3/woodstox-core-5.0.3.jar:/home/runner/.m2/repository/com/fasterxml/jackson/module/jackson-module-jaxb-annotations/2.13.2/jackson-module-jaxb-annotations-2.13.2.jar:/home/runner/.m2/repository/jakarta/xml/bind/jakarta.xml.bind-api/2.3.3/jakarta.xml.bind-api-2.3.3.jar:/home/runner/.m2/repository/jakarta/activation/jakarta.activation-api/1.2.1/jakarta.activation-api-1.2.1.jar:/home/runner/.m2/repository/javax/enterprise/cdi-api/1.2/cdi-api-1.2.jar:/home/runner/.m2/repository/javax/el/javax.el-api/3.0.0/javax.el-api-3.0.0.jar:/home/runner/.m2/repository/javax/interceptor/javax.interceptor-api/1.2/javax.interceptor-api-1.2.jar:/home/runner/.m2/repository/javax/inject/javax.inject/1/javax.inject-1.jar:/home/runner/.m2/repository/javax/xml/bind/jaxb-api/2.3.0/jaxb-api-2.3.0.jar:/home/runner/.m2/repository/org/glassfish/jaxb/jaxb-runtime/2.3.0.1/jaxb-runtime-2.3.0.1.jar:/home/runner/.m2/repository/org/glassfish/jaxb/jaxb-core/2.3.0.1/jaxb-core-2.3.0.1.jar:/home/runner/.m2/repository/org/glassfish/jaxb/txw2/2.3.0.1/txw2-2.3.0.1.jar:/home/runner/.m2/repository/com/sun/istack/istack-commons-runtime/3.0.5/istack-commons-runtime-3.0.5.jar:/home/runner/.m2/repository/org/jvnet/staxex/stax-ex/1.7.8/stax-ex-1.7.8.jar:/home/runner/.m2/repository/com/sun/xml/fastinfoset/FastInfoset/1.2.13/FastInfoset-1.2.13.jar:/home/runner/.m2/repository/javax/activation/activation/1.1.1/activation-1.1.1.jar:/home/runner/.m2/repository/io/grpc/grpc-protobuf/1.44.0/grpc-protobuf-1.44.0.jar:/home/runner/.m2/repository/io/grpc/grpc-api/1.44.0/grpc-api-1.44.0.jar:/home/runner/.m2/repository/io/grpc/grpc-context/1.44.0/grpc-context-1.44.0.jar:/home/runner/.m2/repository/com/google/api/grpc/proto-google-common-protos/2.0.1/proto-google-common-protos-2.0.1.jar:/home/runner/.m2/repository/io/grpc/grpc-protobuf-lite/1.44.0/grpc-protobuf-lite-1.44.0.jar:/home/runner/.m2/repository/io/grpc/grpc-stub/1.44.0/grpc-stub-1.44.0.jar:/home/runner/.m2/repository/io/netty/netty-transport/4.1.74.Final/netty-transport-4.1.74.Final.jar:/home/runner/.m2/repository/io/netty/netty-resolver/4.1.74.Final/netty-resolver-4.1.74.Final.jar:/home/runner/.m2/repository/org/apache/ozone/ozone-csi/1.3.0-SNAPSHOT/ozone-csi-1.3.0-SNAPSHOT.jar:/home/runner/.m2/repository/com/google/protobuf/protobuf-java-util/3.19.2/protobuf-java-util-3.19.2.jar:/home/runner/.m2/repository/com/google/code/gson/gson/2.9.0/gson-2.9.0.jar:/home/runner/.m2/repository/org/apache/ozone/hdds-config/1.3.0-SNAPSHOT/hdds-config-1.3.0-SNAPSHOT.jar:/home/runner/.m2/repository/io/netty/netty-transport-native-epoll/4.1.74.Final/netty-transport-native-epoll-4.1.74.Final-linux-x86_64.jar:/home/runner/.m2/repository/io/netty/netty-transport-classes-epoll/4.1.74.Final/netty-transport-classes-epoll-4.1.74.Final.jar:/home/runner/.m2/repository/io/netty/netty-transport-native-unix-common/4.1.74.Final/netty-transport-native-unix-common-4.1.74.Final.jar:/home/runner/.m2/repository/org/apache/ozone/ozone-recon/1.3.0-SNAPSHOT/ozone-recon-1.3.0-SNAPSHOT.jar:/home/runner/.m2/repository/org/apache/ozone/ozone-reconcodegen/1.3.0-SNAPSHOT/ozone-reconcodegen-1.3.0-SNAPSHOT.jar:/home/runner/.m2/repository/com/google/inject/extensions/guice-multibindings/4.0/guice-multibindings-4.0.jar:/home/runner/.m2/repository/com/google/inject/guice/4.0/guice-4.0.jar:/home/runner/.m2/repository/aopalliance/aopalliance/1.0/aopalliance-1.0.jar:/home/runner/.m2/repository/com/google/inject/extensions/guice-assistedinject/4.0/guice-assistedinject-4.0.jar:/home/runner/.m2/repository/com/google/inject/extensions/guice-servlet/4.0/guice-servlet-4.0.jar:/home/runner/.m2/repository/org/glassfish/jersey/containers/jersey-container-servlet/2.33/jersey-container-servlet-2.33.jar:/home/runner/.m2/repository/org/glassfish/hk2/guice-bridge/2.5.0/guice-bridge-2.5.0.jar:/home/runner/.m2/repository/org/glassfish/jersey/core/jersey-server/2.33/jersey-server-2.33.jar:/home/runner/.m2/repository/org/glassfish/jersey/core/jersey-client/2.33/jersey-client-2.33.jar:/home/runner/.m2/repository/jakarta/annotation/jakarta.annotation-api/1.3.5/jakarta.annotation-api-1.3.5.jar:/home/runner/.m2/repository/jakarta/validation/jakarta.validation-api/2.0.2/jakarta.validation-api-2.0.2.jar:/home/runner/.m2/repository/org/glassfish/jersey/media/jersey-media-json-jackson/2.33/jersey-media-json-jackson-2.33.jar:/home/runner/.m2/repository/org/glassfish/jersey/ext/jersey-entity-filtering/2.33/jersey-entity-filtering-2.33.jar:/home/runner/.m2/repository/org/jooq/jooq/3.11.10/jooq-3.11.10.jar:/home/runner/.m2/repository/org/jooq/jooq-meta/3.11.10/jooq-meta-3.11.10.jar:/home/runner/.m2/repository/org/jooq/jooq-codegen/3.11.10/jooq-codegen-3.11.10.jar:/home/runner/.m2/repository/com/jolbox/bonecp/0.8.0.RELEASE/bonecp-0.8.0.RELEASE.jar:/home/runner/.m2/repository/org/apache/derby/derby/10.14.2.0/derby-10.14.2.0.jar:/home/runner/.m2/repository/org/xerial/sqlite-jdbc/3.25.2/sqlite-jdbc-3.25.2.jar:/home/runner/.m2/repository/org/springframework/spring-jdbc/5.2.20.RELEASE/spring-jdbc-5.2.20.RELEASE.jar:/home/runner/.m2/repository/org/springframework/spring-beans/5.2.20.RELEASE/spring-beans-5.2.20.RELEASE.jar:/home/runner/.m2/repository/org/springframework/spring-core/5.2.20.RELEASE/spring-core-5.2.20.RELEASE.jar:/home/runner/.m2/repository/org/springframework/spring-jcl/5.2.20.RELEASE/spring-jcl-5.2.20.RELEASE.jar:/home/runner/.m2/repository/org/springframework/spring-tx/5.2.20.RELEASE/spring-tx-5.2.20.RELEASE.jar:/home/runner/.m2/repository/org/apache/ozone/ozone-client/1.3.0-SNAPSHOT/ozone-client-1.3.0-SNAPSHOT.jar:/home/runner/.m2/repository/org/apache/ozone/hdds-erasurecode/1.3.0-SNAPSHOT/hdds-erasurecode-1.3.0-SNAPSHOT.jar:/home/runner/.m2/repository/com/github/spotbugs/spotbugs-annotations/3.1.12/spotbugs-annotations-3.1.12.jar:/home/runner/.m2/repository/org/apache/ozone/ozone-filesystem/1.3.0-SNAPSHOT/ozone-filesystem-1.3.0-SNAPSHOT.jar:/home/runner/.m2/repository/org/apache/ozone/ozone-filesystem-common/1.3.0-SNAPSHOT/ozone-filesystem-common-1.3.0-SNAPSHOT.jar:/home/runner/.m2/repository/org/apache/ozone/ozone-tools/1.3.0-SNAPSHOT/ozone-tools-1.3.0-SNAPSHOT.jar:/home/runner/.m2/repository/org/apache/ratis/ratis-tools/2.3.0/ratis-tools-2.3.0.jar:/home/runner/.m2/repository/com/amazonaws/aws-java-sdk-core/1.12.124/aws-java-sdk-core-1.12.124.jar:/home/runner/.m2/repository/org/apache/httpcomponents/httpclient/4.5.13/httpclient-4.5.13.jar:/home/runner/.m2/repository/org/apache/httpcomponents/httpcore/4.4.13/httpcore-4.4.13.jar:/home/runner/.m2/repository/software/amazon/ion/ion-java/1.0.2/ion-java-1.0.2.jar:/home/runner/.m2/repository/com/fasterxml/jackson/dataformat/jackson-dataformat-cbor/2.13.2/jackson-dataformat-cbor-2.13.2.jar:/home/runner/.m2/repository/joda-time/joda-time/2.8.1/joda-time-2.8.1.jar:/home/runner/.m2/repository/com/amazonaws/aws-java-sdk-s3/1.12.124/aws-java-sdk-s3-1.12.124.jar:/home/runner/.m2/repository/com/amazonaws/aws-java-sdk-kms/1.12.124/aws-java-sdk-kms-1.12.124.jar:/home/runner/.m2/repository/com/amazonaws/jmespath-java/1.12.124/jmespath-java-1.12.124.jar:/home/runner/.m2/repository/org/kohsuke/metainf-services/metainf-services/1.8/metainf-services-1.8.jar:/home/runner/.m2/repository/org/apache/ozone/hdds-tools/1.3.0-SNAPSHOT/hdds-tools-1.3.0-SNAPSHOT.jar:/home/runner/.m2/repository/commons-cli/commons-cli/1.2/commons-cli-1.2.jar:/home/runner/.m2/repository/org/apache/commons/commons-lang3/3.7/commons-lang3-3.7.jar:/home/runner/.m2/repository/org/apache/ozone/ozone-manager/1.3.0-SNAPSHOT/ozone-manager-1.3.0-SNAPSHOT-tests.jar:/home/runner/.m2/repository/org/apache/ozone/hdds-common/1.3.0-SNAPSHOT/hdds-common-1.3.0-SNAPSHOT-tests.jar:/home/runner/.m2/repository/org/apache/ozone/hdds-hadoop-dependency-client/1.3.0-SNAPSHOT/hdds-hadoop-dependency-client-1.3.0-SNAPSHOT.jar:/home/runner/.m2/repository/info/picocli/picocli/4.6.1/picocli-4.6.1.jar:/home/runner/.m2/repository/com/fasterxml/jackson/core/jackson-annotations/2.13.2/jackson-annotations-2.13.2.jar:/home/runner/.m2/repository/com/fasterxml/jackson/datatype/jackson-datatype-jsr310/2.13.2/jackson-datatype-jsr310-2.13.2.jar:/home/runner/.m2/repository/javax/annotation/javax.annotation-api/1.2/javax.annotation-api-1.2.jar:/home/runner/.m2/repository/org/apache/ratis/ratis-server/2.3.0/ratis-server-2.3.0.jar:/home/runner/.m2/repository/org/apache/ratis/ratis-client/2.3.0/ratis-client-2.3.0.jar:/home/runner/.m2/repository/org/apache/ratis/ratis-server-api/2.3.0/ratis-server-api-2.3.0.jar:/home/runner/.m2/repository/org/apache/ratis/ratis-metrics/2.3.0/ratis-metrics-2.3.0.jar:/home/runner/.m2/repository/org/apache/ratis/ratis-netty/2.3.0/ratis-netty-2.3.0.jar:/home/runner/.m2/repository/org/apache/ratis/ratis-grpc/2.3.0/ratis-grpc-2.3.0.jar:/home/runner/.m2/repository/org/apache/logging/log4j/log4j-api/2.17.1/log4j-api-2.17.1.jar:/home/runner/.m2/repository/org/apache/commons/commons-pool2/2.6.0/commons-pool2-2.6.0.jar:/home/runner/.m2/repository/org/bouncycastle/bcpkix-jdk15on/1.67/bcpkix-jdk15on-1.67.jar:/home/runner/.m2/repository/commons-validator/commons-validator/1.6/commons-validator-1.6.jar:/home/runner/.m2/repository/commons-beanutils/commons-beanutils/1.9.4/commons-beanutils-1.9.4.jar:/home/runner/.m2/repository/commons-digester/commons-digester/1.8.1/commons-digester-1.8.1.jar:/home/runner/.m2/repository/commons-collections/commons-collections/3.2.2/commons-collections-3.2.2.jar:/home/runner/.m2/repository/io/jaegertracing/jaeger-client/1.6.0/jaeger-client-1.6.0.jar:/home/runner/.m2/repository/io/jaegertracing/jaeger-thrift/1.6.0/jaeger-thrift-1.6.0.jar:/home/runner/.m2/repository/org/apache/thrift/libthrift/0.14.1/libthrift-0.14.1.jar:/home/runner/.m2/repository/com/squareup/okhttp3/okhttp/4.9.0/okhttp-4.9.0.jar:/home/runner/.m2/repository/com/squareup/okio/okio/2.8.0/okio-2.8.0.jar:/home/runner/.m2/repository/io/jaegertracing/jaeger-core/1.6.0/jaeger-core-1.6.0.jar:/home/runner/.m2/repository/io/jaegertracing/jaeger-tracerresolver/1.6.0/jaeger-tracerresolver-1.6.0.jar:/home/runner/.m2/repository/io/opentracing/contrib/opentracing-tracerresolver/0.1.8/opentracing-tracerresolver-0.1.8.jar:/home/runner/.m2/repository/org/jetbrains/kotlin/kotlin-stdlib/1.6.21/kotlin-stdlib-1.6.21.jar:/home/runner/.m2/repository/org/jetbrains/kotlin/kotlin-stdlib-common/1.6.21/kotlin-stdlib-common-1.6.21.jar:/home/runner/.m2/repository/org/jetbrains/annotations/13.0/annotations-13.0.jar:/home/runner/.m2/repository/io/opentracing/opentracing-util/0.33.0/opentracing-util-0.33.0.jar:/home/runner/.m2/repository/io/opentracing/opentracing-api/0.33.0/opentracing-api-0.33.0.jar:/home/runner/.m2/repository/io/opentracing/opentracing-noop/0.33.0/opentracing-noop-0.33.0.jar:/home/runner/.m2/repository/org/yaml/snakeyaml/1.26/snakeyaml-1.26.jar:/home/runner/.m2/repository/org/apache/ozone/hdds-interface-admin/1.3.0-SNAPSHOT/hdds-interface-admin-1.3.0-SNAPSHOT.jar:/home/runner/.m2/repository/junit/junit/4.13.1/junit-4.13.1.jar:/home/runner/.m2/repository/org/hamcrest/hamcrest-core/1.3/hamcrest-core-1.3.jar:/home/runner/.m2/repository/org/junit/jupiter/junit-jupiter-api/5.8.2/junit-jupiter-api-5.8.2.jar:/home/runner/.m2/repository/org/opentest4j/opentest4j/1.2.0/opentest4j-1.2.0.jar:/home/runner/.m2/repository/org/junit/platform/junit-platform-commons/1.8.2/junit-platform-commons-1.8.2.jar:/home/runner/.m2/repository/org/apiguardian/apiguardian-api/1.1.2/apiguardian-api-1.1.2.jar:/home/runner/.m2/repository/org/junit/jupiter/junit-jupiter-params/5.8.2/junit-jupiter-params-5.8.2.jar:/home/runner/.m2/repository/org/junit/jupiter/junit-jupiter-migrationsupport/5.8.2/junit-jupiter-migrationsupport-5.8.2.jar:/home/runner/.m2/repository/org/junit/jupiter/junit-jupiter-engine/5.8.2/junit-jupiter-engine-5.8.2.jar:/home/runner/.m2/repository/org/junit/platform/junit-platform-engine/1.8.2/junit-platform-engine-1.8.2.jar:/home/runner/.m2/repository/org/junit/vintage/junit-vintage-engine/5.8.2/junit-vintage-engine-5.8.2.jar:/home/runner/.m2/repository/org/junit/platform/junit-platform-launcher/1.8.2/junit-platform-launcher-1.8.2.jar:/home/runner/.m2/repository/org/mockito/mockito-core/2.28.2/mockito-core-2.28.2.jar:/home/runner/.m2/repository/net/bytebuddy/byte-buddy/1.9.10/byte-buddy-1.9.10.jar:/home/runner/.m2/repository/net/bytebuddy/byte-buddy-agent/1.9.10/byte-buddy-agent-1.9.10.jar:/home/runner/.m2/repository/org/objenesis/objenesis/1.0/objenesis-1.0.jar:/home/runner/.m2/repository/org/apache/hadoop/hadoop-kms/3.3.1/hadoop-kms-3.3.1.jar:/home/runner/.m2/repository/org/apache/hadoop/hadoop-auth/3.3.1/hadoop-auth-3.3.1.jar:/home/runner/.m2/repository/com/nimbusds/nimbus-jose-jwt/7.9/nimbus-jose-jwt-7.9.jar:/home/runner/.m2/repository/com/github/stephenc/jcip/jcip-annotations/1.0-1/jcip-annotations-1.0-1.jar:/home/runner/.m2/repository/net/minidev/json-smart/2.4.7/json-smart-2.4.7.jar:/home/runner/.m2/repository/net/minidev/accessors-smart/2.4.7/accessors-smart-2.4.7.jar:/home/runner/.m2/repository/org/ow2/asm/asm/5.0.4/asm-5.0.4.jar:/home/runner/.m2/repository/org/apache/zookeeper/zookeeper/3.5.6/zookeeper-3.5.6.jar:/home/runner/.m2/repository/org/apache/zookeeper/zookeeper-jute/3.5.6/zookeeper-jute-3.5.6.jar:/home/runner/.m2/repository/org/apache/yetus/audience-annotations/0.5.0/audience-annotations-0.5.0.jar:/home/runner/.m2/repository/org/apache/curator/curator-framework/4.2.0/curator-framework-4.2.0.jar:/home/runner/.m2/repository/org/apache/hadoop/thirdparty/hadoop-shaded-guava/1.1.1/hadoop-shaded-guava-1.1.1.jar:/home/runner/.m2/repository/com/sun/jersey/jersey-core/1.19/jersey-core-1.19.jar:/home/runner/.m2/repository/javax/ws/rs/jsr311-api/1.1.1/jsr311-api-1.1.1.jar:/home/runner/.m2/repository/com/sun/jersey/jersey-server/1.19/jersey-server-1.19.jar:/home/runner/.m2/repository/javax/servlet/javax.servlet-api/3.1.0/javax.servlet-api-3.1.0.jar:/home/runner/.m2/repository/org/eclipse/jetty/jetty-server/9.4.43.v20210629/jetty-server-9.4.43.v20210629.jar:/home/runner/.m2/repository/org/eclipse/jetty/jetty-http/9.4.43.v20210629/jetty-http-9.4.43.v20210629.jar:/home/runner/.m2/repository/org/eclipse/jetty/jetty-io/9.4.43.v20210629/jetty-io-9.4.43.v20210629.jar:/home/runner/.m2/repository/org/eclipse/jetty/jetty-webapp/9.4.43.v20210629/jetty-webapp-9.4.43.v20210629.jar:/home/runner/.m2/repository/org/eclipse/jetty/jetty-xml/9.4.43.v20210629/jetty-xml-9.4.43.v20210629.jar:/home/runner/.m2/repository/org/apache/hadoop/hadoop-common/3.3.1/hadoop-common-3.3.1.jar:/home/runner/.m2/repository/org/apache/commons/commons-math3/3.1.1/commons-math3-3.1.1.jar:/home/runner/.m2/repository/commons-net/commons-net/3.6/commons-net-3.6.jar:/home/runner/.m2/repository/com/sun/jersey/jersey-servlet/1.19/jersey-servlet-1.19.jar:/home/runner/.m2/repository/com/sun/jersey/jersey-json/1.19/jersey-json-1.19.jar:/home/runner/.m2/repository/org/codehaus/jettison/jettison/1.1/jettison-1.1.jar:/home/runner/.m2/repository/com/sun/xml/bind/jaxb-impl/2.2.3-1/jaxb-impl-2.2.3-1.jar:/home/runner/.m2/repository/org/codehaus/jackson/jackson-xc/1.9.2/jackson-xc-1.9.2.jar:/home/runner/.m2/repository/org/apache/commons/commons-configuration2/2.1.1/commons-configuration2-2.1.1.jar:/home/runner/.m2/repository/org/apache/commons/commons-text/1.4/commons-text-1.4.jar:/home/runner/.m2/repository/com/google/re2j/re2j/1.1/re2j-1.1.jar:/home/runner/.m2/repository/com/jcraft/jsch/0.1.54/jsch-0.1.54.jar:/home/runner/.m2/repository/org/apache/curator/curator-client/4.2.0/curator-client-4.2.0.jar:/home/runner/.m2/repository/org/apache/curator/curator-recipes/4.2.0/curator-recipes-4.2.0.jar:/home/runner/.m2/repository/org/apache/kerby/kerb-core/1.0.1/kerb-core-1.0.1.jar:/home/runner/.m2/repository/org/apache/kerby/kerby-pkix/1.0.1/kerby-pkix-1.0.1.jar:/home/runner/.m2/repository/org/apache/kerby/kerby-asn1/1.0.1/kerby-asn1-1.0.1.jar:/home/runner/.m2/repository/org/apache/kerby/kerby-util/1.0.1/kerby-util-1.0.1.jar:/home/runner/.m2/repository/dnsjava/dnsjava/2.1.7/dnsjava-2.1.7.jar:/home/runner/.m2/repository/org/xerial/snappy/snappy-java/1.1.8.2/snappy-java-1.1.8.2.jar:/home/runner/.m2/repository/org/slf4j/jul-to-slf4j/1.7.30/jul-to-slf4j-1.7.30.jar:/home/runner/.m2/repository/org/eclipse/jetty/jetty-util/9.4.43.v20210629/jetty-util-9.4.43.v20210629.jar:/home/runner/.m2/repository/com/fasterxml/jackson/core/jackson-databind/2.13.2.2/jackson-databind-2.13.2.2.jar:/home/runner/.m2/repository/org/apache/hadoop/hadoop-kms/3.3.1/hadoop-kms-3.3.1-tests.jar:/home/runner/.m2/repository/org/apache/ozone/hdds-server-scm/1.3.0-SNAPSHOT/hdds-server-scm-1.3.0-SNAPSHOT-tests.jar:/home/runner/.m2/repository/org/apache/ozone/hdds-container-service/1.3.0-SNAPSHOT/hdds-container-service-1.3.0-SNAPSHOT-tests.jar:/home/runner/.m2/repository/commons-codec/commons-codec/1.11/commons-codec-1.11.jar:/home/runner/.m2/repository/io/netty/netty-codec/4.1.74.Final/netty-codec-4.1.74.Final.jar:/home/runner/.m2/repository/io/netty/netty-handler/4.1.74.Final/netty-handler-4.1.74.Final.jar:/home/runner/.m2/repository/org/apache/ozone/hdds-hadoop-dependency-test/1.3.0-SNAPSHOT/hdds-hadoop-dependency-test-1.3.0-SNAPSHOT.jar:/home/runner/.m2/repository/org/apache/hadoop/hadoop-common/3.3.1/hadoop-common-3.3.1-tests.jar:/home/runner/.m2/repository/org/assertj/assertj-core/3.12.2/assertj-core-3.12.2.jar:/home/runner/.m2/repository/org/apache/hadoop/hadoop-hdfs/3.3.1/hadoop-hdfs-3.3.1-tests.jar:/home/runner/.m2/repository/org/eclipse/jetty/jetty-util-ajax/9.4.43.v20210629/jetty-util-ajax-9.4.43.v20210629.jar:/home/runner/.m2/repository/commons-daemon/commons-daemon/1.0.13/commons-daemon-1.0.13.jar:/home/runner/.m2/repository/io/netty/netty/3.10.6.Final/netty-3.10.6.Final.jar:/home/runner/.m2/repository/io/netty/netty-all/4.1.74.Final/netty-all-4.1.74.Final.jar:/home/runner/.m2/repository/io/netty/netty-codec-dns/4.1.74.Final/netty-codec-dns-4.1.74.Final.jar:/home/runner/.m2/repository/io/netty/netty-codec-haproxy/4.1.74.Final/netty-codec-haproxy-4.1.74.Final.jar:/home/runner/.m2/repository/io/netty/netty-codec-memcache/4.1.74.Final/netty-codec-memcache-4.1.74.Final.jar:/home/runner/.m2/repository/io/netty/netty-codec-mqtt/4.1.74.Final/netty-codec-mqtt-4.1.74.Final.jar:/home/runner/.m2/repository/io/netty/netty-codec-redis/4.1.74.Final/netty-codec-redis-4.1.74.Final.jar:/home/runner/.m2/repository/io/netty/netty-codec-smtp/4.1.74.Final/netty-codec-smtp-4.1.74.Final.jar:/home/runner/.m2/repository/io/netty/netty-codec-stomp/4.1.74.Final/netty-codec-stomp-4.1.74.Final.jar:/home/runner/.m2/repository/io/netty/netty-codec-xml/4.1.74.Final/netty-codec-xml-4.1.74.Final.jar:/home/runner/.m2/repository/io/netty/netty-resolver-dns/4.1.74.Final/netty-resolver-dns-4.1.74.Final.jar:/home/runner/.m2/repository/io/netty/netty-transport-rxtx/4.1.74.Final/netty-transport-rxtx-4.1.74.Final.jar:/home/runner/.m2/repository/io/netty/netty-transport-sctp/4.1.74.Final/netty-transport-sctp-4.1.74.Final.jar:/home/runner/.m2/repository/io/netty/netty-transport-udt/4.1.74.Final/netty-transport-udt-4.1.74.Final.jar:/home/runner/.m2/repository/io/netty/netty-transport-classes-kqueue/4.1.74.Final/netty-transport-classes-kqueue-4.1.74.Final.jar:/home/runner/.m2/repository/io/netty/netty-resolver-dns-classes-macos/4.1.74.Final/netty-resolver-dns-classes-macos-4.1.74.Final.jar:/home/runner/.m2/repository/io/netty/netty-transport-native-epoll/4.1.74.Final/netty-transport-native-epoll-4.1.74.Final-linux-aarch_64.jar:/home/runner/.m2/repository/io/netty/netty-transport-native-kqueue/4.1.74.Final/netty-transport-native-kqueue-4.1.74.Final-osx-x86_64.jar:/home/runner/.m2/repository/io/netty/netty-transport-native-kqueue/4.1.74.Final/netty-transport-native-kqueue-4.1.74.Final-osx-aarch_64.jar:/home/runner/.m2/repository/io/netty/netty-resolver-dns-native-macos/4.1.74.Final/netty-resolver-dns-native-macos-4.1.74.Final-osx-x86_64.jar:/home/runner/.m2/repository/io/netty/netty-resolver-dns-native-macos/4.1.74.Final/netty-resolver-dns-native-macos-4.1.74.Final-osx-aarch_64.jar:/home/runner/.m2/repository/org/apache/htrace/htrace-core4/4.1.0-incubating/htrace-core4-4.1.0-incubating.jar:/home/runner/.m2/repository/org/fusesource/leveldbjni/leveldbjni-all/1.8/leveldbjni-all-1.8.jar:/home/runner/.m2/repository/org/apache/hadoop/hadoop-distcp/3.3.1/hadoop-distcp-3.3.1.jar:/home/runner/.m2/repository/org/apache/hadoop/hadoop-mapreduce-client-jobclient/3.3.1/hadoop-mapreduce-client-jobclient-3.3.1.jar:/home/runner/.m2/repository/org/apache/hadoop/hadoop-mapreduce-client-common/3.3.1/hadoop-mapreduce-client-common-3.3.1.jar:/home/runner/.m2/repository/org/apache/hadoop/hadoop-yarn-common/3.3.1/hadoop-yarn-common-3.3.1.jar:/home/runner/.m2/repository/org/apache/hadoop/hadoop-yarn-api/3.3.1/hadoop-yarn-api-3.3.1.jar:/home/runner/.m2/repository/com/sun/jersey/contribs/jersey-guice/1.19/jersey-guice-1.19.jar:/home/runner/.m2/repository/com/fasterxml/jackson/jaxrs/jackson-jaxrs-json-provider/2.13.2/jackson-jaxrs-json-provider-2.13.2.jar:/home/runner/.m2/repository/com/fasterxml/jackson/jaxrs/jackson-jaxrs-base/2.13.2/jackson-jaxrs-base-2.13.2.jar:/home/runner/.m2/repository/org/apache/hadoop/hadoop-yarn-client/3.3.1/hadoop-yarn-client-3.3.1.jar:/home/runner/.m2/repository/org/eclipse/jetty/websocket/websocket-client/9.4.40.v20210413/websocket-client-9.4.40.v20210413.jar:/home/runner/.m2/repository/org/eclipse/jetty/websocket/websocket-common/9.4.40.v20210413/websocket-common-9.4.40.v20210413.jar:/home/runner/.m2/repository/org/eclipse/jetty/websocket/websocket-api/9.4.40.v20210413/websocket-api-9.4.40.v20210413.jar:/home/runner/.m2/repository/org/jline/jline/3.9.0/jline-3.9.0.jar:/home/runner/.m2/repository/org/apache/hadoop/hadoop-mapreduce-client-core/3.3.1/hadoop-mapreduce-client-core-3.3.1.jar:/home/runner/.m2/repository/org/apache/avro/avro/1.7.7/avro-1.7.7.jar:/home/runner/.m2/repository/org/codehaus/jackson/jackson-core-asl/1.9.13/jackson-core-asl-1.9.13.jar:/home/runner/.m2/repository/org/codehaus/jackson/jackson-mapper-asl/1.9.13/jackson-mapper-asl-1.9.13.jar:/home/runner/.m2/repository/com/thoughtworks/paranamer/paranamer/2.3/paranamer-2.3.jar:/home/runner/.m2/repository/org/apache/hadoop/hadoop-annotations/3.3.1/hadoop-annotations-3.3.1.jar:/usr/lib/jvm/temurin-8-jdk-amd64/jre/../lib/tools.jar:/home/runner/.m2/repository/org/apache/hadoop/hadoop-distcp/3.3.1/hadoop-distcp-3.3.1-tests.jar:/home/runner/.m2/repository/org/apache/ratis/ratis-common/2.3.0/ratis-common-2.3.0.jar:/home/runner/.m2/repository/org/apache/ratis/ratis-thirdparty-misc/1.0.0/ratis-thirdparty-misc-1.0.0.jar:/home/runner/.m2/repository/org/apache/ratis/ratis-proto/2.3.0/ratis-proto-2.3.0.jar:/home/runner/.m2/repository/org/apache/ozone/ozone-annotation-processing/1.3.0-SNAPSHOT/ozone-annotation-processing-1.3.0-SNAPSHOT.jar:"/>
    <property name="sun.cpu.endian" value="little"/>
    <property name="user.home" value="/home/runner"/>
    <property name="user.language" value="en"/>
    <property name="java.specification.vendor" value="Oracle Corporation"/>
    <property name="java.home" value="/usr/lib/jvm/temurin-8-jdk-amd64/jre"/>
    <property name="java.security.krb5.conf" value="/home/runner/work/ozone/ozone/hadoop-ozone/integration-test/target/test-classes/krb5.conf"/>
    <property name="basedir" value="/home/runner/work/ozone/ozone/hadoop-ozone/integration-test"/>
    <property name="file.separator" value="/"/>
    <property name="line.separator" value="&#10;"/>
    <property name="java.vm.specification.vendor" value="Oracle Corporation"/>
    <property name="java.specification.name" value="Java Platform API Specification"/>
    <property name="java.awt.graphicsenv" value="sun.awt.X11GraphicsEnvironment"/>
    <property name="skip.installnpx" value="true"/>
    <property name="surefire.fork.timeout" value="3600"/>
    <property name="surefire.real.class.path" value="/home/runner/work/ozone/ozone/hadoop-ozone/integration-test/target/surefire/surefirebooter6379504723341948260.jar:/home/runner/.m2/repository/org/jacoco/org.jacoco.agent/0.8.5/org.jacoco.agent-0.8.5-runtime.jar"/>
    <property name="hadoop.log.dir" value="/home/runner/work/ozone/ozone/hadoop-ozone/integration-test/target/log"/>
    <property name="sun.boot.class.path" value="/usr/lib/jvm/temurin-8-jdk-amd64/jre/lib/resources.jar:/usr/lib/jvm/temurin-8-jdk-amd64/jre/lib/rt.jar:/usr/lib/jvm/temurin-8-jdk-amd64/jre/lib/sunrsasign.jar:/usr/lib/jvm/temurin-8-jdk-amd64/jre/lib/jsse.jar:/usr/lib/jvm/temurin-8-jdk-amd64/jre/lib/jce.jar:/usr/lib/jvm/temurin-8-jdk-amd64/jre/lib/charsets.jar:/usr/lib/jvm/temurin-8-jdk-amd64/jre/lib/jfr.jar:/usr/lib/jvm/temurin-8-jdk-amd64/jre/classes"/>
    <property name="sun.management.compiler" value="HotSpot 64-Bit Tiered Compilers"/>
    <property name="skip.npx" value="true"/>
    <property name="java.runtime.version" value="1.8.0_332-b09"/>
    <property name="java.net.preferIPv4Stack" value="true"/>
    <property name="user.name" value="runner"/>
    <property name="path.separator" value=":"/>
    <property name="java.security.egd" value="file:///dev/urandom"/>
    <property name="os.version" value="5.4.0-1085-azure"/>
    <property name="java.endorsed.dirs" value="/usr/lib/jvm/temurin-8-jdk-amd64/jre/lib/endorsed"/>
    <property name="java.runtime.name" value="OpenJDK Runtime Environment"/>
    <property name="file.encoding" value="UTF-8"/>
    <property name="java.vm.name" value="OpenJDK 64-Bit Server VM"/>
    <property name="test.build.webapps" value=""/>
    <property name="localRepository" value="/home/runner/.m2/repository"/>
    <property name="jetty.git.hash" value="526006ecfa3af7f1a27ef3a288e2bef7ea9dd7e8"/>
    <property name="java.vendor.url.bug" value="https://github.com/adoptium/adoptium-support/issues"/>
    <property name="java.io.tmpdir" value="/tmp"/>
    <property name="require.test.libhadoop" value=""/>
    <property name="surefire.rerunFailingTestsCount" value="5"/>
    <property name="java.version" value="1.8.0_332"/>
    <property name="user.dir" value="/home/runner/work/ozone/ozone/hadoop-ozone/integration-test"/>
    <property name="os.arch" value="amd64"/>
    <property name="java.vm.specification.name" value="Java Virtual Machine Specification"/>
    <property name="test.build.classes" value="/home/runner/work/ozone/ozone/hadoop-ozone/integration-test/target/test-classes"/>
    <property name="java.awt.printerjob" value="sun.print.PSPrinterJob"/>
    <property name="sun.os.patch.level" value="unknown"/>
    <property name="hadoop.tmp.dir" value="/home/runner/work/ozone/ozone/hadoop-ozone/integration-test/target/tmp"/>
    <property name="java.library.path" value="/usr/java/packages/lib/amd64:/usr/lib64:/lib64:/lib:/usr/lib"/>
    <property name="java.vm.info" value="mixed mode"/>
    <property name="java.vendor" value="Temurin"/>
    <property name="java.vm.version" value="25.332-b09"/>
    <property name="java.ext.dirs" value="/usr/lib/jvm/temurin-8-jdk-amd64/jre/lib/ext:/usr/java/packages/lib/ext"/>
    <property name="sun.io.unicode.encoding" value="UnicodeLittle"/>
    <property name="java.class.version" value="52.0"/>
  </properties>
  <testcase name="testLeaderIdAfterLeaderChange" classname="org.apache.hadoop.hdds.scm.TestRatisPipelineLeader" time="0.023">
    <failure type="java.lang.AssertionError"><![CDATA[java.lang.AssertionError
	at org.junit.Assert.fail(Assert.java:87)
	at org.junit.Assert.assertTrue(Assert.java:42)
	at org.junit.Assert.assertTrue(Assert.java:53)
	at org.apache.hadoop.hdds.scm.TestRatisPipelineLeader.testLeaderIdAfterLeaderChange(TestRatisPipelineLeader.java:119)
	at sun.reflect.NativeMethodAccessorImpl.invoke0(Native Method)
	at sun.reflect.NativeMethodAccessorImpl.invoke(NativeMethodAccessorImpl.java:62)
	at sun.reflect.DelegatingMethodAccessorImpl.invoke(DelegatingMethodAccessorImpl.java:43)
	at java.lang.reflect.Method.invoke(Method.java:498)
	at org.junit.platform.commons.util.ReflectionUtils.invokeMethod(ReflectionUtils.java:725)
	at org.junit.jupiter.engine.execution.MethodInvocation.proceed(MethodInvocation.java:60)
	at org.junit.jupiter.engine.execution.InvocationInterceptorChain$ValidatingInvocation.proceed(InvocationInterceptorChain.java:131)
	at org.junit.jupiter.engine.extension.TimeoutInvocation.proceed(TimeoutInvocation.java:46)
	at org.junit.jupiter.engine.extension.TimeoutExtension.intercept(TimeoutExtension.java:149)
	at org.junit.jupiter.engine.extension.TimeoutExtension.interceptTestableMethod(TimeoutExtension.java:140)
	at org.junit.jupiter.engine.extension.TimeoutExtension.interceptTestMethod(TimeoutExtension.java:84)
	at org.junit.jupiter.engine.execution.ExecutableInvoker$ReflectiveInterceptorCall.lambda$ofVoidMethod$0(ExecutableInvoker.java:115)
	at org.junit.jupiter.engine.execution.ExecutableInvoker.lambda$invoke$0(ExecutableInvoker.java:105)
	at org.junit.jupiter.engine.execution.InvocationInterceptorChain$InterceptedInvocation.proceed(InvocationInterceptorChain.java:106)
	at org.junit.jupiter.engine.execution.InvocationInterceptorChain.proceed(InvocationInterceptorChain.java:64)
	at org.junit.jupiter.engine.execution.InvocationInterceptorChain.chainAndInvoke(InvocationInterceptorChain.java:45)
	at org.junit.jupiter.engine.execution.InvocationInterceptorChain.invoke(InvocationInterceptorChain.java:37)
	at org.junit.jupiter.engine.execution.ExecutableInvoker.invoke(ExecutableInvoker.java:104)
	at org.junit.jupiter.engine.execution.ExecutableInvoker.invoke(ExecutableInvoker.java:98)
	at org.junit.jupiter.engine.descriptor.TestMethodTestDescriptor.lambda$invokeTestMethod$7(TestMethodTestDescriptor.java:214)
	at org.junit.platform.engine.support.hierarchical.ThrowableCollector.execute(ThrowableCollector.java:73)
	at org.junit.jupiter.engine.descriptor.TestMethodTestDescriptor.invokeTestMethod(TestMethodTestDescriptor.java:210)
	at org.junit.jupiter.engine.descriptor.TestMethodTestDescriptor.execute(TestMethodTestDescriptor.java:135)
	at org.junit.jupiter.engine.descriptor.TestMethodTestDescriptor.execute(TestMethodTestDescriptor.java:66)
	at org.junit.platform.engine.support.hierarchical.NodeTestTask.lambda$executeRecursively$6(NodeTestTask.java:151)
	at org.junit.platform.engine.support.hierarchical.ThrowableCollector.execute(ThrowableCollector.java:73)
	at org.junit.platform.engine.support.hierarchical.NodeTestTask.lambda$executeRecursively$8(NodeTestTask.java:141)
	at org.junit.platform.engine.support.hierarchical.Node.around(Node.java:137)
	at org.junit.platform.engine.support.hierarchical.NodeTestTask.lambda$executeRecursively$9(NodeTestTask.java:139)
	at org.junit.platform.engine.support.hierarchical.ThrowableCollector.execute(ThrowableCollector.java:73)
	at org.junit.platform.engine.support.hierarchical.NodeTestTask.executeRecursively(NodeTestTask.java:138)
	at org.junit.platform.engine.support.hierarchical.NodeTestTask.execute(NodeTestTask.java:95)
	at java.util.ArrayList.forEach(ArrayList.java:1259)
	at org.junit.platform.engine.support.hierarchical.SameThreadHierarchicalTestExecutorService.invokeAll(SameThreadHierarchicalTestExecutorService.java:41)
	at org.junit.platform.engine.support.hierarchical.NodeTestTask.lambda$executeRecursively$6(NodeTestTask.java:155)
	at org.junit.platform.engine.support.hierarchical.ThrowableCollector.execute(ThrowableCollector.java:73)
	at org.junit.platform.engine.support.hierarchical.NodeTestTask.lambda$executeRecursively$8(NodeTestTask.java:141)
	at org.junit.platform.engine.support.hierarchical.Node.around(Node.java:137)
	at org.junit.platform.engine.support.hierarchical.NodeTestTask.lambda$executeRecursively$9(NodeTestTask.java:139)
	at org.junit.platform.engine.support.hierarchical.ThrowableCollector.execute(ThrowableCollector.java:73)
	at org.junit.platform.engine.support.hierarchical.NodeTestTask.executeRecursively(NodeTestTask.java:138)
	at org.junit.platform.engine.support.hierarchical.NodeTestTask.execute(NodeTestTask.java:95)
	at java.util.ArrayList.forEach(ArrayList.java:1259)
	at org.junit.platform.engine.support.hierarchical.SameThreadHierarchicalTestExecutorService.invokeAll(SameThreadHierarchicalTestExecutorService.java:41)
	at org.junit.platform.engine.support.hierarchical.NodeTestTask.lambda$executeRecursively$6(NodeTestTask.java:155)
	at org.junit.platform.engine.support.hierarchical.ThrowableCollector.execute(ThrowableCollector.java:73)
	at org.junit.platform.engine.support.hierarchical.NodeTestTask.lambda$executeRecursively$8(NodeTestTask.java:141)
	at org.junit.platform.engine.support.hierarchical.Node.around(Node.java:137)
	at org.junit.platform.engine.support.hierarchical.NodeTestTask.lambda$executeRecursively$9(NodeTestTask.java:139)
	at org.junit.platform.engine.support.hierarchical.ThrowableCollector.execute(ThrowableCollector.java:73)
	at org.junit.platform.engine.support.hierarchical.NodeTestTask.executeRecursively(NodeTestTask.java:138)
	at org.junit.platform.engine.support.hierarchical.NodeTestTask.execute(NodeTestTask.java:95)
	at org.junit.platform.engine.support.hierarchical.SameThreadHierarchicalTestExecutorService.submit(SameThreadHierarchicalTestExecutorService.java:35)
	at org.junit.platform.engine.support.hierarchical.HierarchicalTestExecutor.execute(HierarchicalTestExecutor.java:57)
	at org.junit.platform.engine.support.hierarchical.HierarchicalTestEngine.execute(HierarchicalTestEngine.java:54)
	at org.junit.platform.launcher.core.EngineExecutionOrchestrator.execute(EngineExecutionOrchestrator.java:107)
	at org.junit.platform.launcher.core.EngineExecutionOrchestrator.execute(EngineExecutionOrchestrator.java:88)
	at org.junit.platform.launcher.core.EngineExecutionOrchestrator.lambda$execute$0(EngineExecutionOrchestrator.java:54)
	at org.junit.platform.launcher.core.EngineExecutionOrchestrator.withInterceptedStreams(EngineExecutionOrchestrator.java:67)
	at org.junit.platform.launcher.core.EngineExecutionOrchestrator.execute(EngineExecutionOrchestrator.java:52)
	at org.junit.platform.launcher.core.DefaultLauncher.execute(DefaultLauncher.java:114)
	at org.junit.platform.launcher.core.DefaultLauncher.execute(DefaultLauncher.java:86)
	at org.junit.platform.launcher.core.DefaultLauncherSession$DelegatingLauncher.execute(DefaultLauncherSession.java:86)
	at org.junit.platform.launcher.core.SessionPerRequestLauncher.execute(SessionPerRequestLauncher.java:53)
	at org.apache.maven.surefire.junitplatform.JUnitPlatformProvider.execute(JUnitPlatformProvider.java:188)
	at org.apache.maven.surefire.junitplatform.JUnitPlatformProvider.invokeAllTests(JUnitPlatformProvider.java:154)
	at org.apache.maven.surefire.junitplatform.JUnitPlatformProvider.invoke(JUnitPlatformProvider.java:124)
	at org.apache.maven.surefire.booter.ForkedBooter.runSuitesInProcess(ForkedBooter.java:428)
	at org.apache.maven.surefire.booter.ForkedBooter.execute(ForkedBooter.java:162)
	at org.apache.maven.surefire.booter.ForkedBooter.run(ForkedBooter.java:562)
	at org.apache.maven.surefire.booter.ForkedBooter.main(ForkedBooter.java:548)
]]></failure>
    <system-out><![CDATA[2022-07-12 20:43:23,145 [main] WARN  server.ServerUtils (ServerUtils.java:getScmDbDir(148)) - ozone.scm.db.dirs is not configured. We recommend adding this setting. Falling back to ozone.metadata.dirs instead.
2022-07-12 20:43:23,228 [main] WARN  server.ServerUtils (ServerUtils.java:getScmDbDir(148)) - ozone.scm.db.dirs is not configured. We recommend adding this setting. Falling back to ozone.metadata.dirs instead.
2022-07-12 20:43:23,231 [main] INFO  ha.SCMHANodeDetails (SCMHANodeDetails.java:loadSCMHAConfig(209)) - ServiceID for StorageContainerManager is null
2022-07-12 20:43:23,243 [main] WARN  ha.SCMHANodeDetails (SCMHANodeDetails.java:validateSCMHAConfig(182)) - Invalid config ozone.scm.ratis.enable. The config was not specified, but the default value true conflicts with the expected config value false. Falling back to the expected value. Current State of SCM: SCM is running in Non-HA without Ratis Ratis SCM -> Non Ratis SCM or Non HA SCM -> HA SCM is not supported
2022-07-12 20:43:23,243 [main] INFO  ha.SCMHANodeDetails (SCMHANodeDetails.java:loadSCMHAConfig(214)) - ozone.scm.default.service.id is not defined, falling back to ozone.scm.service.ids to find serviceID for StorageContainerManager if it is HA enabled cluster
2022-07-12 20:43:23,736 [main] WARN  utils.HAUtils (HAUtils.java:getMetaDir(342)) - ozone.scm.db.dirs is not configured. We recommend adding this setting. Falling back to ozone.metadata.dirs instead.
2022-07-12 20:43:23,875 [main] WARN  db.DBStoreBuilder (DBStoreBuilder.java:applyDBDefinition(145)) - ozone.scm.db.dirs is not configured. We recommend adding this setting. Falling back to ozone.metadata.dirs instead.
2022-07-12 20:43:24,124 [main] INFO  net.NodeSchemaLoader (NodeSchemaLoader.java:loadSchemaFromFile(129)) - Loading schema from [jar:file:/home/runner/.m2/repository/org/apache/ozone/hdds-common/1.3.0-SNAPSHOT/hdds-common-1.3.0-SNAPSHOT.jar!/network-topology-default.xml]
2022-07-12 20:43:24,126 [main] INFO  net.NodeSchemaLoader (NodeSchemaLoader.java:loadSchema(176)) - Loading network topology layer schema file
2022-07-12 20:43:24,171 [main] INFO  metrics.MetricRegistries (MetricRegistriesLoader.java:load(64)) - Loaded MetricRegistries class org.apache.ratis.metrics.impl.MetricRegistriesImpl
2022-07-12 20:43:24,177 [main] INFO  upgrade.AbstractLayoutVersionManager (AbstractLayoutVersionManager.java:init(82)) - Initializing Layout version manager with metadata layout = DATANODE_SCHEMA_V3 (version = 4), software layout = DATANODE_SCHEMA_V3 (version = 4)
2022-07-12 20:43:24,386 [main] INFO  reflections.Reflections (Reflections.java:scan(232)) - Reflections took 122 ms to scan 7 urls, producing 132 keys and 317 values 
2022-07-12 20:43:24,497 [main] INFO  ha.SequenceIdGenerator (SequenceIdGenerator.java:upgradeToSequenceId(349)) - upgrade localId to 109611004723200000
2022-07-12 20:43:24,498 [main] INFO  ha.SequenceIdGenerator (SequenceIdGenerator.java:upgradeToSequenceId(359)) - upgrade delTxnId to 0
2022-07-12 20:43:24,502 [main] INFO  ha.SequenceIdGenerator (SequenceIdGenerator.java:upgradeToSequenceId(376)) - upgrade containerId to 0
2022-07-12 20:43:24,504 [main] INFO  ha.SequenceIdGenerator (SequenceIdGenerator.java:<init>(220)) - Init the HA SequenceIdGenerator.
2022-07-12 20:43:24,541 [main] WARN  server.ServerUtils (ServerUtils.java:sanitizeUserArgs(73)) - ozone.scm.stale.node.interval value = 300000 is larger than max = 100000 based on the key value of ozone.scm.heartbeat.thread.interval, reset to the max value 100000.
2022-07-12 20:43:24,541 [main] WARN  server.ServerUtils (ServerUtils.java:sanitizeUserArgs(73)) - ozone.scm.stale.node.interval value = 300000 is larger than max = 100000 based on the key value of ozone.scm.heartbeat.thread.interval, reset to the max value 100000.
2022-07-12 20:43:24,548 [main] INFO  node.SCMNodeManager (SCMNodeManager.java:<init>(149)) - Entering startup safe mode.
2022-07-12 20:43:24,601 [main] INFO  algorithms.ContainerPlacementPolicyFactory (ContainerPlacementPolicyFactory.java:getPolicyInternal(86)) - Create container placement policy of type org.apache.hadoop.hdds.scm.container.placement.algorithms.SCMContainerPlacementRandom
2022-07-12 20:43:24,611 [main] INFO  pipeline.PipelineStateManagerImpl (PipelineStateManagerImpl.java:initialize(78)) - No pipeline exists in current db
2022-07-12 20:43:24,656 [main] INFO  algorithms.LeaderChoosePolicyFactory (LeaderChoosePolicyFactory.java:getPolicy(57)) - Create leader choose policy of type org.apache.hadoop.hdds.scm.pipeline.leader.choose.algorithms.MinLeaderCountChoosePolicy
2022-07-12 20:43:24,657 [main] INFO  algorithms.ContainerPlacementPolicyFactory (ContainerPlacementPolicyFactory.java:getPolicyInternal(86)) - Create container placement policy of type org.apache.hadoop.hdds.scm.container.placement.algorithms.SCMContainerPlacementRackScatter
2022-07-12 20:43:24,662 [main] INFO  pipeline.BackgroundPipelineCreator (BackgroundPipelineCreator.java:start(127)) - Starting RatisPipelineUtilsThread.
2022-07-12 20:43:24,666 [main] INFO  BackgroundPipelineScrubber (BackgroundSCMService.java:start(68)) - Starting BackgroundPipelineScrubber Service.
2022-07-12 20:43:24,667 [main] INFO  ha.SCMServiceManager (SCMServiceManager.java:register(42)) - Registering service BackgroundPipelineCreator.
2022-07-12 20:43:24,667 [main] INFO  ha.SCMServiceManager (SCMServiceManager.java:register(42)) - Registering service BackgroundPipelineScrubber.
2022-07-12 20:43:24,673 [main] INFO  ExpiredContainerReplicaOpScrubber (BackgroundSCMService.java:start(68)) - Starting ExpiredContainerReplicaOpScrubber Service.
2022-07-12 20:43:24,675 [main] INFO  ha.SCMServiceManager (SCMServiceManager.java:register(42)) - Registering service ExpiredContainerReplicaOpScrubber.
2022-07-12 20:43:24,699 [main] INFO  algorithms.PipelineChoosePolicyFactory (PipelineChoosePolicyFactory.java:createPipelineChoosePolicyFromClass(73)) - Create pipeline choose policy of type org.apache.hadoop.hdds.scm.pipeline.choose.algorithms.RandomPipelineChoosePolicy
2022-07-12 20:43:24,715 [main] INFO  ha.SCMServiceManager (SCMServiceManager.java:register(42)) - Registering service SCMBlockDeletingService.
2022-07-12 20:43:24,744 [main] INFO  replication.ReplicationManager (ReplicationManager.java:start(186)) - Starting Replication Monitor Thread.
2022-07-12 20:43:24,750 [main] INFO  ha.SCMServiceManager (SCMServiceManager.java:register(42)) - Registering service ReplicationManager.
2022-07-12 20:43:24,758 [main] INFO  safemode.ContainerSafeModeRule (ContainerSafeModeRule.java:<init>(89)) - containers with one replica threshold count 0
2022-07-12 20:43:24,761 [main] INFO  safemode.HealthyPipelineSafeModeRule (HealthyPipelineSafeModeRule.java:initializeRule(156)) - Total pipeline count is 0, healthy pipeline threshold count is 1
2022-07-12 20:43:24,763 [ReplicationMonitor] INFO  replication.ReplicationManager (ReplicationManager.java:processAll(235)) - Replication Manager is not ready to run until 3000ms after safemode exit
2022-07-12 20:43:24,763 [main] INFO  safemode.OneReplicaPipelineSafeModeRule (OneReplicaPipelineSafeModeRule.java:initializeRule(180)) - Total pipeline count is 0, pipeline's with at least one datanode reported threshold count is 0
2022-07-12 20:43:25,110 [main] INFO  audit.AuditLogger (AuditLogger.java:refreshDebugCmdSet(120)) - Refresh DebugCmdSet for SCMAudit to [].
2022-07-12 20:43:25,146 [main] INFO  ipc.CallQueueManager (CallQueueManager.java:<init>(90)) - Using callQueue: class java.util.concurrent.LinkedBlockingQueue, queueCapacity: 2000, scheduler: class org.apache.hadoop.ipc.DefaultRpcScheduler, ipcBackoff: false.
2022-07-12 20:43:25,228 [Socket Reader #1 for port 0] INFO  ipc.Server (Server.java:run(1265)) - Starting Socket Reader #1 for port 0
2022-07-12 20:43:25,283 [Listener at 0.0.0.0/43493] INFO  audit.AuditLogger (AuditLogger.java:refreshDebugCmdSet(120)) - Refresh DebugCmdSet for SCMAudit to [].
2022-07-12 20:43:25,289 [Listener at 0.0.0.0/43493] INFO  ipc.CallQueueManager (CallQueueManager.java:<init>(90)) - Using callQueue: class java.util.concurrent.LinkedBlockingQueue, queueCapacity: 2000, scheduler: class org.apache.hadoop.ipc.DefaultRpcScheduler, ipcBackoff: false.
2022-07-12 20:43:25,290 [Socket Reader #1 for port 0] INFO  ipc.Server (Server.java:run(1265)) - Starting Socket Reader #1 for port 0
2022-07-12 20:43:25,323 [Listener at 0.0.0.0/33157] INFO  audit.AuditLogger (AuditLogger.java:refreshDebugCmdSet(120)) - Refresh DebugCmdSet for SCMAudit to [].
2022-07-12 20:43:25,338 [Listener at 0.0.0.0/33157] INFO  ipc.CallQueueManager (CallQueueManager.java:<init>(90)) - Using callQueue: class java.util.concurrent.LinkedBlockingQueue, queueCapacity: 2000, scheduler: class org.apache.hadoop.ipc.DefaultRpcScheduler, ipcBackoff: false.
2022-07-12 20:43:25,340 [Socket Reader #1 for port 0] INFO  ipc.Server (Server.java:run(1265)) - Starting Socket Reader #1 for port 0
2022-07-12 20:43:25,410 [Listener at 0.0.0.0/41663] INFO  ha.SCMServiceManager (SCMServiceManager.java:register(42)) - Registering service ContainerBalancer.
2022-07-12 20:43:25,411 [Listener at 0.0.0.0/41663] INFO  server.StorageContainerManager (StorageContainerManager.java:<init>(401)) - 
Container Balancer status:
Key                            Value
Running                        false
Container Balancer Configuration values:
Key                                                Value
Threshold                                          10
Max Datanodes to Involve per Iteration(percent)    20
Max Size to Move per Iteration                     500GB
Max Size Entering Target per Iteration             26GB
Max Size Leaving Source per Iteration              26GB

2022-07-12 20:43:25,412 [Listener at 0.0.0.0/41663] WARN  events.EventQueue (EventQueue.java:fireEvent(216)) - No event handler registered for event TypedEvent{payloadType=SafeModeStatus, name='Safe mode status'}
2022-07-12 20:43:25,412 [Listener at 0.0.0.0/41663] INFO  ha.SCMContext (SCMContext.java:updateSafeModeStatus(228)) - Update SafeModeStatus from SafeModeStatus{safeModeStatus=true, preCheckPassed=false} to SafeModeStatus{safeModeStatus=true, preCheckPassed=false}.
2022-07-12 20:43:25,418 [Listener at 0.0.0.0/41663] INFO  server.StorageContainerManager (StorageContainerManager.java:start(1422)) - StorageContainerLocationProtocol RPC server is listening at /0.0.0.0:41663
2022-07-12 20:43:25,502 [Listener at 0.0.0.0/41663] WARN  impl.MetricsConfig (MetricsConfig.java:loadFirst(136)) - Cannot locate configuration: tried hadoop-metrics2-storagecontainermanager.properties,hadoop-metrics2.properties
2022-07-12 20:43:25,515 [Listener at 0.0.0.0/41663] INFO  impl.MetricsSystemImpl (MetricsSystemImpl.java:startTimer(378)) - Scheduled Metric snapshot period at 10 second(s).
2022-07-12 20:43:25,515 [Listener at 0.0.0.0/41663] INFO  impl.MetricsSystemImpl (MetricsSystemImpl.java:start(191)) - StorageContainerManager metrics system started
2022-07-12 20:43:25,812 [Listener at 0.0.0.0/41663] INFO  server.SCMClientProtocolServer (SCMClientProtocolServer.java:start(170)) - RPC server for Client  is listening at /0.0.0.0:41663
2022-07-12 20:43:25,813 [IPC Server Responder] INFO  ipc.Server (Server.java:run(1507)) - IPC Server Responder: starting
2022-07-12 20:43:25,815 [IPC Server listener on 0] INFO  ipc.Server (Server.java:run(1344)) - IPC Server listener on 0: starting
2022-07-12 20:43:25,827 [Listener at 0.0.0.0/41663] INFO  server.StorageContainerManager (StorageContainerManager.java:start(1437)) - ScmBlockLocationProtocol RPC server is listening at /0.0.0.0:33157
2022-07-12 20:43:25,827 [Listener at 0.0.0.0/41663] INFO  server.SCMBlockProtocolServer (SCMBlockProtocolServer.java:start(152)) - RPC server for Block Protocol is listening at /0.0.0.0:33157
2022-07-12 20:43:25,828 [IPC Server Responder] INFO  ipc.Server (Server.java:run(1507)) - IPC Server Responder: starting
2022-07-12 20:43:25,828 [IPC Server listener on 0] INFO  ipc.Server (Server.java:run(1344)) - IPC Server listener on 0: starting
2022-07-12 20:43:25,831 [Listener at 0.0.0.0/41663] INFO  server.SCMDatanodeProtocolServer (SCMDatanodeProtocolServer.java:start(186)) - ScmDatanodeProtocol RPC server for DataNodes is listening at /0.0.0.0:43493
2022-07-12 20:43:25,832 [IPC Server Responder] INFO  ipc.Server (Server.java:run(1507)) - IPC Server Responder: starting
2022-07-12 20:43:25,832 [IPC Server listener on 0] INFO  ipc.Server (Server.java:run(1344)) - IPC Server listener on 0: starting
2022-07-12 20:43:25,853 [org.apache.hadoop.util.JvmPauseMonitor$Monitor@37393dab] INFO  util.JvmPauseMonitor (JvmPauseMonitor.java:run(188)) - Starting JVM pause monitor
2022-07-12 20:43:25,865 [Listener at 0.0.0.0/41663] INFO  http.BaseHttpServer (BaseHttpServer.java:newHttpServer2BuilderForOzone(209)) - Starting Web-server for scm at: http://0.0.0.0:0
2022-07-12 20:43:25,866 [Listener at 0.0.0.0/41663] INFO  http.BaseHttpServer (BaseHttpServer.java:<init>(107)) - Hadoop Security Enabled: false Ozone Security Enabled: false Ozone HTTP Security Enabled: false 
2022-07-12 20:43:25,891 [Listener at 0.0.0.0/41663] INFO  util.log (Log.java:initialized(170)) - Logging initialized @4265ms to org.eclipse.jetty.util.log.Slf4jLog
2022-07-12 20:43:26,003 [Listener at 0.0.0.0/41663] INFO  server.AuthenticationFilter (AuthenticationFilter.java:constructSecretProvider(240)) - Unable to initialize FileSignerSecretProvider, falling back to use random secrets.
2022-07-12 20:43:26,008 [Listener at 0.0.0.0/41663] WARN  http.HttpRequestLog (HttpRequestLog.java:getRequestLog(103)) - Jetty request log can only be enabled using Log4j
2022-07-12 20:43:26,017 [Listener at 0.0.0.0/41663] INFO  http.HttpServer2 (HttpServer2.java:addGlobalFilter(1029)) - Added global filter 'safety' (class=org.apache.hadoop.hdds.server.http.HttpServer2$QuotingInputFilter)
2022-07-12 20:43:26,020 [Listener at 0.0.0.0/41663] INFO  http.HttpServer2 (HttpServer2.java:addFilter(1005)) - Added filter static_user_filter (class=org.apache.hadoop.http.lib.StaticUserWebFilter$StaticUserFilter) to context scm
2022-07-12 20:43:26,020 [Listener at 0.0.0.0/41663] INFO  http.HttpServer2 (HttpServer2.java:addFilter(1013)) - Added filter static_user_filter (class=org.apache.hadoop.http.lib.StaticUserWebFilter$StaticUserFilter) to context logs
2022-07-12 20:43:26,020 [Listener at 0.0.0.0/41663] INFO  http.HttpServer2 (HttpServer2.java:addFilter(1013)) - Added filter static_user_filter (class=org.apache.hadoop.http.lib.StaticUserWebFilter$StaticUserFilter) to context static
2022-07-12 20:43:26,065 [Listener at 0.0.0.0/41663] INFO  http.HttpServer2 (HttpServer2.java:bindListener(1248)) - Jetty bound to port 36217
2022-07-12 20:43:26,067 [Listener at 0.0.0.0/41663] INFO  server.Server (Server.java:doStart(375)) - jetty-9.4.43.v20210629; built: 2021-06-30T11:07:22.254Z; git: 526006ecfa3af7f1a27ef3a288e2bef7ea9dd7e8; jvm 1.8.0_332-b09
2022-07-12 20:43:26,101 [Listener at 0.0.0.0/41663] INFO  server.session (DefaultSessionIdManager.java:doStart(334)) - DefaultSessionIdManager workerName=node0
2022-07-12 20:43:26,102 [Listener at 0.0.0.0/41663] INFO  server.session (DefaultSessionIdManager.java:doStart(339)) - No SessionScavenger set, using defaults
2022-07-12 20:43:26,103 [Listener at 0.0.0.0/41663] INFO  server.session (HouseKeeper.java:startScavenging(132)) - node0 Scavenging every 600000ms
2022-07-12 20:43:26,118 [Listener at 0.0.0.0/41663] INFO  handler.ContextHandler (ContextHandler.java:doStart(915)) - Started o.e.j.s.ServletContextHandler@1812b564{logs,/logs,file:///home/runner/work/ozone/ozone/hadoop-ozone/integration-test/target/log,AVAILABLE}
2022-07-12 20:43:26,119 [Listener at 0.0.0.0/41663] INFO  handler.ContextHandler (ContextHandler.java:doStart(915)) - Started o.e.j.s.ServletContextHandler@247a8411{static,/static,file:///home/runner/work/ozone/ozone/hadoop-ozone/integration-test/target/test-classes/webapps/static,AVAILABLE}
2022-07-12 20:43:26,180 [Listener at 0.0.0.0/41663] INFO  handler.ContextHandler (ContextHandler.java:doStart(915)) - Started o.e.j.w.WebAppContext@3d195d15{scm,/,file:///home/runner/work/ozone/ozone/hadoop-ozone/integration-test/target/test-classes/webapps/scm/,AVAILABLE}{file:/home/runner/work/ozone/ozone/hadoop-ozone/integration-test/target/test-classes/webapps/scm}
2022-07-12 20:43:26,193 [Listener at 0.0.0.0/41663] INFO  server.AbstractConnector (AbstractConnector.java:doStart(331)) - Started ServerConnector@16f2d883{HTTP/1.1, (http/1.1)}{0.0.0.0:36217}
2022-07-12 20:43:26,193 [Listener at 0.0.0.0/41663] INFO  server.Server (Server.java:doStart(415)) - Started @4568ms
2022-07-12 20:43:26,198 [Listener at 0.0.0.0/41663] INFO  impl.MetricsSinkAdapter (MetricsSinkAdapter.java:start(204)) - Sink prometheus started
2022-07-12 20:43:26,199 [Listener at 0.0.0.0/41663] INFO  impl.MetricsSystemImpl (MetricsSystemImpl.java:registerSink(305)) - Registered sink prometheus
2022-07-12 20:43:26,200 [Listener at 0.0.0.0/41663] INFO  http.BaseHttpServer (BaseHttpServer.java:updateConnectorAddress(329)) - HTTP server of scm listening at http://0.0.0.0:36217
2022-07-12 20:43:26,202 [Listener at 0.0.0.0/41663] WARN  server.ServerUtils (ServerUtils.java:getDBPath(225)) - ozone.om.db.dirs is not configured. We recommend adding this setting. Falling back to ozone.metadata.dirs instead.
2022-07-12 20:43:26,266 [Listener at 0.0.0.0/41663] INFO  audit.AuditLogger (AuditLogger.java:refreshDebugCmdSet(120)) - Refresh DebugCmdSet for OMAudit to [].
2022-07-12 20:43:26,365 [Listener at 0.0.0.0/41663] INFO  ha.OMHANodeDetails (OMHANodeDetails.java:loadOMHAConfig(115)) - ozone.om.internal.service.id is not defined, falling back to ozone.om.service.ids to find serviceID for OzoneManager if it is HA enabled cluster
2022-07-12 20:43:26,368 [Listener at 0.0.0.0/41663] INFO  ha.OMHANodeDetails (OMHANodeDetails.java:loadOMHAConfig(226)) - Configuration does not have ozone.om.address set. Falling back to the default OM address /127.0.0.1:0
2022-07-12 20:43:26,368 [Listener at 0.0.0.0/41663] INFO  ha.OMHANodeDetails (OMHANodeDetails.java:getOMNodeDetailsForNonHA(254)) - OM Service ID is not set. Setting it to the default ID: omServiceIdDefault
2022-07-12 20:43:26,368 [Listener at 0.0.0.0/41663] INFO  ha.OMHANodeDetails (OMHANodeDetails.java:getOMNodeDetailsForNonHA(261)) - OM Node ID is not set. Setting it to the default ID: om1
2022-07-12 20:43:26,372 [Listener at 0.0.0.0/41663] WARN  server.ServerUtils (ServerUtils.java:getDBPath(225)) - ozone.om.db.dirs is not configured. We recommend adding this setting. Falling back to ozone.metadata.dirs instead.
2022-07-12 20:43:26,375 [Listener at 0.0.0.0/41663] INFO  upgrade.AbstractLayoutVersionManager (AbstractLayoutVersionManager.java:init(82)) - Initializing Layout version manager with metadata layout = MULTITENANCY_SCHEMA (version = 3), software layout = MULTITENANCY_SCHEMA (version = 3)
2022-07-12 20:43:26,466 [Listener at 0.0.0.0/41663] INFO  reflections.Reflections (Reflections.java:scan(232)) - Reflections took 86 ms to scan 2 urls, producing 153 keys and 430 values [using 2 cores]
2022-07-12 20:43:26,471 [Listener at 0.0.0.0/41663] INFO  upgrade.OMLayoutVersionManager (OMLayoutVersionManager.java:lambda$0(115)) - Skipping Upgrade Action MockOmUpgradeAction since it has been finalized.
2022-07-12 20:43:26,472 [Listener at 0.0.0.0/41663] WARN  server.ServerUtils (ServerUtils.java:getDBPath(225)) - ozone.om.db.dirs is not configured. We recommend adding this setting. Falling back to ozone.metadata.dirs instead.
2022-07-12 20:43:26,642 [Listener at 0.0.0.0/41663] INFO  proxy.SCMBlockLocationFailoverProxyProvider (SCMBlockLocationFailoverProxyProvider.java:<init>(114)) - Created block location fail-over proxy with 1 nodes: [nodeId=scmNodeId,nodeAddress=/0.0.0.0:33157]
2022-07-12 20:43:26,670 [Listener at 0.0.0.0/41663] INFO  proxy.SCMBlockLocationFailoverProxyProvider (SCMBlockLocationFailoverProxyProvider.java:<init>(114)) - Created block location fail-over proxy with 1 nodes: [nodeId=scmNodeId,nodeAddress=/0.0.0.0:33157]
2022-07-12 20:43:26,901 [Listener at 0.0.0.0/41663] WARN  server.ServerUtils (ServerUtils.java:getDBPath(225)) - ozone.om.db.dirs is not configured. We recommend adding this setting. Falling back to ozone.metadata.dirs instead.
2022-07-12 20:43:26,909 [Listener at 0.0.0.0/41663] INFO  codec.OmKeyInfoCodec (OmKeyInfoCodec.java:<init>(49)) - OmKeyInfoCodec ignorePipeline = true
2022-07-12 20:43:26,912 [Listener at 0.0.0.0/41663] INFO  codec.RepeatedOmKeyInfoCodec (RepeatedOmKeyInfoCodec.java:<init>(41)) - RepeatedOmKeyInfoCodec ignorePipeline = true
2022-07-12 20:43:27,070 [Listener at 0.0.0.0/41663] INFO  om.OzoneManager (OzoneManager.java:instantiateServices(692)) - S3 Multi-Tenancy is disabled
2022-07-12 20:43:27,149 [Listener at 0.0.0.0/41663] INFO  om.OzoneManager (OzoneManager.java:addS3GVolumeToDB(4259)) - Created Volume s3v With Owner runner required for S3Gateway operations.
2022-07-12 20:43:27,220 [Listener at 0.0.0.0/41663] WARN  server.ServerUtils (ServerUtils.java:getDefaultRatisDirectory(237)) - Storage directory for Ratis is not configured. It is a good idea to map this to an SSD disk. Falling back to ozone.metadata.dirs
2022-07-12 20:43:27,220 [Listener at 0.0.0.0/41663] WARN  utils.OzoneManagerRatisUtils (OzoneManagerRatisUtils.java:getOMRatisSnapshotDirectory(431)) - ozone.om.ratis.snapshot.dir is not configured. Falling back to ozone.metadata.dirs config
2022-07-12 20:43:27,240 [Listener at 0.0.0.0/41663] WARN  server.ServerUtils (ServerUtils.java:getDefaultRatisDirectory(237)) - Storage directory for Ratis is not configured. It is a good idea to map this to an SSD disk. Falling back to ozone.metadata.dirs
2022-07-12 20:43:27,267 [Listener at 0.0.0.0/41663] INFO  ratis.OzoneManagerRatisServer (OzoneManagerRatisServer.java:<init>(159)) - Instantiating OM Ratis server with groupID: omServiceIdDefault and peers: localhost:9872
2022-07-12 20:43:27,275 [Listener at 0.0.0.0/41663] INFO  ratis.OzoneManagerStateMachine (OzoneManagerStateMachine.java:loadSnapshotInfoFromDB(632)) - LastAppliedIndex is set from TransactionInfo from OM DB as (t:0, i:~)
2022-07-12 20:43:27,323 [Listener at 0.0.0.0/41663] INFO  server.RaftServer (ConfUtils.java:logGet(46)) - raft.rpc.type = GRPC (default)
2022-07-12 20:43:27,404 [Listener at 0.0.0.0/41663] INFO  grpc.GrpcFactory (GrpcFactory.java:checkPooledByteBufAllocatorUseCacheForAllThreads(48)) - PERFORMANCE WARNING: useCacheForAllThreads is true that may cause Netty to create a lot garbage objects and, as a result, trigger GC.
	It is recommended to disable useCacheForAllThreads by setting -Dorg.apache.ratis.thirdparty.io.netty.allocator.useCacheForAllThreads=false in command line.
2022-07-12 20:43:27,408 [Listener at 0.0.0.0/41663] INFO  grpc.GrpcConfigKeys (ConfUtils.java:logGet(46)) - raft.grpc.admin.port = -1 (default)
2022-07-12 20:43:27,409 [Listener at 0.0.0.0/41663] INFO  grpc.GrpcConfigKeys (ConfUtils.java:logGet(46)) - raft.grpc.server.port = 9872 (custom)
2022-07-12 20:43:27,410 [Listener at 0.0.0.0/41663] INFO  grpc.GrpcConfigKeys (ConfUtils.java:logGet(46)) - raft.grpc.client.port = -1 (default)
2022-07-12 20:43:27,410 [Listener at 0.0.0.0/41663] INFO  grpc.GrpcConfigKeys (ConfUtils.java:logGet(46)) - raft.grpc.server.port = 9872 (custom)
2022-07-12 20:43:27,410 [Listener at 0.0.0.0/41663] INFO  grpc.GrpcConfigKeys (ConfUtils.java:logGet(46)) - raft.grpc.server.port = 9872 (custom)
2022-07-12 20:43:27,411 [Listener at 0.0.0.0/41663] INFO  server.GrpcService (ConfUtils.java:logGet(46)) - raft.grpc.message.size.max = 33554432 (custom)
2022-07-12 20:43:27,412 [Listener at 0.0.0.0/41663] INFO  server.RaftServerConfigKeys (ConfUtils.java:logGet(46)) - raft.server.log.appender.buffer.byte-limit = 33554432 (custom)
2022-07-12 20:43:27,413 [Listener at 0.0.0.0/41663] INFO  server.GrpcService (ConfUtils.java:logGet(46)) - raft.grpc.flow.control.window = 1MB (=1048576) (default)
2022-07-12 20:43:27,413 [Listener at 0.0.0.0/41663] INFO  server.RaftServerConfigKeys (ConfUtils.java:logGet(46)) - raft.server.rpc.request.timeout = 3000ms (default)
2022-07-12 20:43:27,431 [Listener at 0.0.0.0/41663] INFO  grpc.GrpcConfigKeys (ConfUtils.java:logGet(46)) - raft.grpc.server.async.request.thread.pool.cached = true (default)
2022-07-12 20:43:27,431 [Listener at 0.0.0.0/41663] INFO  grpc.GrpcConfigKeys (ConfUtils.java:logGet(46)) - raft.grpc.server.async.request.thread.pool.size = 32 (default)
2022-07-12 20:43:27,733 [Listener at 0.0.0.0/41663] INFO  impl.DataStreamServerImpl (ConfUtils.java:logGet(46)) - raft.datastream.type = DISABLED (default)
2022-07-12 20:43:27,736 [Listener at 0.0.0.0/41663] INFO  server.RaftServerConfigKeys (ConfUtils.java:logGet(46)) - raft.server.threadpool.proxy.cached = true (default)
2022-07-12 20:43:27,737 [Listener at 0.0.0.0/41663] INFO  server.RaftServerConfigKeys (ConfUtils.java:logGet(46)) - raft.server.threadpool.proxy.size = 0 (default)
2022-07-12 20:43:27,737 [Listener at 0.0.0.0/41663] INFO  server.RaftServerConfigKeys (ConfUtils.java:logGet(46)) - raft.server.rpc.slowness.timeout = 120s (custom)
2022-07-12 20:43:27,737 [Listener at 0.0.0.0/41663] INFO  server.RaftServerConfigKeys (ConfUtils.java:logGet(46)) - raft.server.leaderelection.leader.step-down.wait-time = 10s (default)
2022-07-12 20:43:27,742 [Listener at 0.0.0.0/41663] INFO  server.RaftServerConfigKeys (ConfUtils.java:logGet(46)) - raft.server.storage.dir = [/home/runner/work/ozone/ozone/hadoop-ozone/integration-test/target/test-dir/MiniOzoneClusterImpl-403db390-d601-42e9-9e55-5e4bd55e0b9b/ozone-meta/ratis] (custom)
2022-07-12 20:43:27,751 [Listener at 0.0.0.0/41663] INFO  server.RaftServer (RaftServerProxy.java:addNew(96)) - om1: addNew group-C5BA1605619E:[om1|rpc:localhost:9872|priority:0] returns group-C5BA1605619E:java.util.concurrent.CompletableFuture@53964b0e[Not completed]
2022-07-12 20:43:27,752 [Listener at 0.0.0.0/41663] INFO  om.OzoneManager (OzoneManager.java:initializeRatisServer(1961)) - OzoneManager Ratis server initialized at port 9872
2022-07-12 20:43:27,764 [Listener at 0.0.0.0/41663] INFO  om.OzoneManager (OzoneManager.java:getRpcServer(1081)) - Creating RPC Server
2022-07-12 20:43:27,782 [pool-55-thread-1] INFO  server.RaftServer$Division (RaftServerImpl.java:<init>(190)) - om1: new RaftServerImpl for group-C5BA1605619E:[om1|rpc:localhost:9872|priority:0] with OzoneManagerStateMachine:uninitialized
2022-07-12 20:43:27,785 [pool-55-thread-1] INFO  server.RaftServerConfigKeys (ConfUtils.java:logGet(46)) - raft.server.rpc.timeout.min = 1s (custom)
2022-07-12 20:43:27,786 [pool-55-thread-1] INFO  server.RaftServerConfigKeys (ConfUtils.java:logGet(46)) - raft.server.rpc.timeout.max = 1200ms (custom)
2022-07-12 20:43:27,786 [pool-55-thread-1] INFO  server.RaftServerConfigKeys (ConfUtils.java:logGet(46)) - raft.server.rpc.sleep.time = 25ms (default)
2022-07-12 20:43:27,786 [pool-55-thread-1] INFO  server.RaftServerConfigKeys (ConfUtils.java:logGet(46)) - raft.server.rpc.slowness.timeout = 120s (custom)
2022-07-12 20:43:27,786 [pool-55-thread-1] INFO  server.RaftServerConfigKeys (ConfUtils.java:logGet(46)) - raft.server.leaderelection.leader.step-down.wait-time = 10s (default)
2022-07-12 20:43:27,786 [pool-55-thread-1] INFO  server.RaftServerConfigKeys (ConfUtils.java:logGet(46)) - raft.server.sleep.deviation.threshold = 300ms (default)
2022-07-12 20:43:27,793 [pool-55-thread-1] INFO  server.RaftServer$Division (ServerState.java:<init>(107)) - om1@group-C5BA1605619E: ConfigurationManager, init=-1: [om1|rpc:localhost:9872|priority:0], old=null, confs=<EMPTY_MAP>
2022-07-12 20:43:27,793 [pool-55-thread-1] INFO  server.RaftServerConfigKeys (ConfUtils.java:logGet(46)) - raft.server.storage.dir = [/home/runner/work/ozone/ozone/hadoop-ozone/integration-test/target/test-dir/MiniOzoneClusterImpl-403db390-d601-42e9-9e55-5e4bd55e0b9b/ozone-meta/ratis] (custom)
2022-07-12 20:43:27,810 [pool-55-thread-1] INFO  server.RaftServerConfigKeys (ConfUtils.java:logGet(46)) - raft.server.log.corruption.policy = EXCEPTION (default)
2022-07-12 20:43:27,810 [pool-55-thread-1] INFO  server.RaftServerConfigKeys (ConfUtils.java:logGet(46)) - raft.server.storage.free-space.min = 0MB (=0) (default)
2022-07-12 20:43:27,815 [pool-55-thread-1] INFO  storage.RaftStorageDirectory (RaftStorageDirectoryImpl.java:analyzeStorage(135)) - The storage directory /home/runner/work/ozone/ozone/hadoop-ozone/integration-test/target/test-dir/MiniOzoneClusterImpl-403db390-d601-42e9-9e55-5e4bd55e0b9b/ozone-meta/ratis/bf265839-605b-3f16-9796-c5ba1605619e does not exist. Creating ...
2022-07-12 20:43:27,824 [pool-55-thread-1] INFO  storage.RaftStorageDirectory (RaftStorageDirectoryImpl.java:tryLock(230)) - Lock on /home/runner/work/ozone/ozone/hadoop-ozone/integration-test/target/test-dir/MiniOzoneClusterImpl-403db390-d601-42e9-9e55-5e4bd55e0b9b/ozone-meta/ratis/bf265839-605b-3f16-9796-c5ba1605619e/in_use.lock acquired by nodename 3147@fv-az29-983
2022-07-12 20:43:27,831 [pool-55-thread-1] INFO  storage.RaftStorage (RaftStorageImpl.java:format(89)) - Storage directory /home/runner/work/ozone/ozone/hadoop-ozone/integration-test/target/test-dir/MiniOzoneClusterImpl-403db390-d601-42e9-9e55-5e4bd55e0b9b/ozone-meta/ratis/bf265839-605b-3f16-9796-c5ba1605619e has been successfully formatted.
2022-07-12 20:43:27,834 [pool-55-thread-1] INFO  server.RaftServerConfigKeys (ConfUtils.java:logGet(46)) - raft.server.notification.no-leader.timeout = 120s (custom)
2022-07-12 20:43:27,836 [pool-55-thread-1] INFO  server.RaftServerConfigKeys (ConfUtils.java:logGet(46)) - raft.server.log.use.memory = false (default)
2022-07-12 20:43:27,844 [pool-55-thread-1] INFO  server.RaftServerConfigKeys (ConfUtils.java:logGet(46)) - raft.server.log.purge.gap = 1000000 (custom)
2022-07-12 20:43:27,844 [pool-55-thread-1] INFO  server.RaftServerConfigKeys (ConfUtils.java:logGet(46)) - raft.server.log.appender.buffer.byte-limit = 33554432 (custom)
2022-07-12 20:43:27,846 [pool-55-thread-1] INFO  server.RaftServerConfigKeys (ConfUtils.java:logGet(46)) - raft.server.log.statemachine.data.read.timeout = 1000ms (default)
2022-07-12 20:43:27,907 [pool-55-thread-1] INFO  server.RaftServerConfigKeys (ConfUtils.java:logGet(46)) - raft.server.log.segment.size.max = 4194304 (custom)
2022-07-12 20:43:27,924 [pool-55-thread-1] INFO  server.RaftServerConfigKeys (ConfUtils.java:logGet(46)) - raft.server.log.segment.cache.num.max = 2 (custom)
2022-07-12 20:43:27,924 [pool-55-thread-1] INFO  server.RaftServerConfigKeys (ConfUtils.java:logGet(46)) - raft.server.log.segment.cache.size.max = 200MB (=209715200) (default)
2022-07-12 20:43:27,940 [pool-55-thread-1] INFO  segmented.SegmentedRaftLogWorker (SegmentedRaftLogWorker.java:<init>(187)) - new om1@group-C5BA1605619E-SegmentedRaftLogWorker for RaftStorageImpl:Storage Directory /home/runner/work/ozone/ozone/hadoop-ozone/integration-test/target/test-dir/MiniOzoneClusterImpl-403db390-d601-42e9-9e55-5e4bd55e0b9b/ozone-meta/ratis/bf265839-605b-3f16-9796-c5ba1605619e
2022-07-12 20:43:27,940 [pool-55-thread-1] INFO  server.RaftServerConfigKeys (ConfUtils.java:logGet(46)) - raft.server.log.queue.byte-limit = 64MB (=67108864) (default)
2022-07-12 20:43:27,941 [pool-55-thread-1] INFO  server.RaftServerConfigKeys (ConfUtils.java:logGet(46)) - raft.server.log.queue.element-limit = 4096 (default)
2022-07-12 20:43:27,942 [pool-55-thread-1] INFO  server.RaftServerConfigKeys (ConfUtils.java:logGet(46)) - raft.server.log.segment.size.max = 4194304 (custom)
2022-07-12 20:43:27,942 [pool-55-thread-1] INFO  server.RaftServerConfigKeys (ConfUtils.java:logGet(46)) - raft.server.log.preallocated.size = 4194304 (custom)
2022-07-12 20:43:27,942 [pool-55-thread-1] INFO  server.RaftServerConfigKeys (ConfUtils.java:logGet(46)) - raft.server.log.force.sync.num = 128 (default)
2022-07-12 20:43:27,948 [pool-55-thread-1] INFO  server.RaftServerConfigKeys (ConfUtils.java:logGet(46)) - raft.server.log.statemachine.data.sync = true (default)
2022-07-12 20:43:27,948 [pool-55-thread-1] INFO  server.RaftServerConfigKeys (ConfUtils.java:logGet(46)) - raft.server.log.statemachine.data.sync.timeout = 10s (default)
2022-07-12 20:43:27,963 [pool-55-thread-1] INFO  server.RaftServerConfigKeys (ConfUtils.java:logGet(46)) - raft.server.log.statemachine.data.sync.timeout.retry = -1 (default)
2022-07-12 20:43:27,972 [pool-55-thread-1] INFO  server.RaftServerConfigKeys (ConfUtils.java:logGet(46)) - raft.server.log.write.buffer.size = 64KB (=65536) (default)
2022-07-12 20:43:27,973 [pool-55-thread-1] INFO  server.RaftServerConfigKeys (ConfUtils.java:logGet(46)) - raft.server.log.unsafe-flush.enabled = false (default)
2022-07-12 20:43:27,973 [pool-55-thread-1] INFO  server.RaftServerConfigKeys (ConfUtils.java:logGet(46)) - raft.server.log.statemachine.data.caching.enabled = false (default)
2022-07-12 20:43:27,988 [pool-55-thread-1] INFO  segmented.SegmentedRaftLogWorker (SegmentedRaftLogWorker.java:lambda$new$0(135)) - om1@group-C5BA1605619E-SegmentedRaftLogWorker: flushIndex: setUnconditionally 0 -> -1
2022-07-12 20:43:27,988 [pool-55-thread-1] INFO  segmented.SegmentedRaftLogWorker (SegmentedRaftLogWorker.java:lambda$new$0(135)) - om1@group-C5BA1605619E-SegmentedRaftLogWorker: safeCacheEvictIndex: setUnconditionally 0 -> -1
2022-07-12 20:43:28,001 [pool-55-thread-1] INFO  server.RaftServerConfigKeys (ConfUtils.java:logGet(46)) - raft.server.snapshot.auto.trigger.enabled = true (custom)
2022-07-12 20:43:28,003 [pool-55-thread-1] INFO  server.RaftServerConfigKeys (ConfUtils.java:logGet(46)) - raft.server.snapshot.auto.trigger.threshold = 400000 (default)
2022-07-12 20:43:28,004 [pool-55-thread-1] INFO  server.RaftServerConfigKeys (ConfUtils.java:logGet(46)) - raft.server.snapshot.retention.file.num = -1 (default)
2022-07-12 20:43:28,008 [pool-55-thread-1] INFO  server.RaftServerConfigKeys (ConfUtils.java:logGet(46)) - raft.server.log.purge.upto.snapshot.index = true (custom)
2022-07-12 20:43:28,018 [pool-55-thread-1] INFO  server.RaftServerConfigKeys (ConfUtils.java:logGet(46)) - raft.server.retrycache.expirytime = 300s (custom)
2022-07-12 20:43:28,019 [pool-55-thread-1] INFO  server.RaftServerConfigKeys (ConfUtils.java:logGet(46)) - raft.server.retrycache.statistics.expirytime = 100μs (default)
2022-07-12 20:43:28,158 [pool-55-thread-1] INFO  server.RaftServerConfigKeys (ConfUtils.java:logGet(46)) - raft.server.log.appender.install.snapshot.enabled = false (custom)
2022-07-12 20:43:28,158 [pool-55-thread-1] INFO  server.RaftServerConfigKeys (ConfUtils.java:logGet(46)) - raft.server.threadpool.server.cached = true (default)
2022-07-12 20:43:28,158 [pool-55-thread-1] INFO  server.RaftServerConfigKeys (ConfUtils.java:logGet(46)) - raft.server.threadpool.server.size = 0 (default)
2022-07-12 20:43:28,171 [pool-55-thread-1] INFO  server.RaftServerConfigKeys (ConfUtils.java:logGet(46)) - raft.server.threadpool.client.cached = true (default)
2022-07-12 20:43:28,171 [pool-55-thread-1] INFO  server.RaftServerConfigKeys (ConfUtils.java:logGet(46)) - raft.server.threadpool.client.size = 0 (default)
2022-07-12 20:43:28,542 [Listener at 0.0.0.0/41663] INFO  reflections.Reflections (Reflections.java:scan(232)) - Reflections took 715 ms to scan 19 urls, producing 66 keys and 4101 values [using 2 cores]
2022-07-12 20:43:28,714 [Listener at 0.0.0.0/41663] INFO  ipc.CallQueueManager (CallQueueManager.java:<init>(90)) - Using callQueue: class java.util.concurrent.LinkedBlockingQueue, queueCapacity: 2000, scheduler: class org.apache.hadoop.ipc.DefaultRpcScheduler, ipcBackoff: false.
2022-07-12 20:43:28,715 [Socket Reader #1 for port 0] INFO  ipc.Server (Server.java:run(1265)) - Starting Socket Reader #1 for port 0
2022-07-12 20:43:28,749 [Listener at 127.0.0.1/39255] INFO  impl.MetricsSystemImpl (MetricsSystemImpl.java:init(158)) - OzoneManager metrics system started (again)
2022-07-12 20:43:28,762 [Listener at 127.0.0.1/39255] INFO  om.OzoneManager (OzoneManager.java:start(1465)) - OzoneManager RPC server is listening at localhost/127.0.0.1:39255
2022-07-12 20:43:28,762 [Listener at 127.0.0.1/39255] INFO  ratis.OzoneManagerRatisServer (OzoneManagerRatisServer.java:start(554)) - Starting OzoneManagerRatisServer om1 at port 9872
2022-07-12 20:43:28,765 [om1-impl-thread1] INFO  server.RaftServer$Division (RaftServerImpl.java:start(310)) - om1@group-C5BA1605619E: start as a follower, conf=-1: [om1|rpc:localhost:9872|priority:0], old=null
2022-07-12 20:43:28,766 [om1-impl-thread1] INFO  server.RaftServer$Division (RaftServerImpl.java:setRole(299)) - om1@group-C5BA1605619E: changes role from      null to FOLLOWER at term 0 for startAsFollower
2022-07-12 20:43:28,767 [om1-impl-thread1] INFO  impl.RoleInfo (RoleInfo.java:updateAndGet(139)) - om1: start om1@group-C5BA1605619E-FollowerState
2022-07-12 20:43:28,768 [om1-impl-thread1] INFO  util.JmxRegister (JmxRegister.java:tryRegister(44)) - Successfully registered JMX Bean with object name Ratis:service=RaftServer,group=group-C5BA1605619E,id=om1
2022-07-12 20:43:28,775 [Listener at 127.0.0.1/39255] INFO  server.RaftServer (RaftServerProxy.java:lambda$start$6(382)) - om1: start RPC server
2022-07-12 20:43:28,840 [Listener at 127.0.0.1/39255] INFO  server.GrpcService (GrpcService.java:startImpl(260)) - om1: GrpcService started, listening on 9872
2022-07-12 20:43:28,844 [Listener at 127.0.0.1/39255] INFO  om.OzoneManager (OzoneManager.java:start(1481)) - Version File has different layout version (3) than OM DB (null). That is expected if this OM has never been finalized to a newer layout version.
2022-07-12 20:43:28,847 [org.apache.ratis.util.JvmPauseMonitor$$Lambda$680/1268395511@31725f55] INFO  util.JvmPauseMonitor (JvmPauseMonitor.java:run(103)) - JvmPauseMonitor-om1: Started
2022-07-12 20:43:28,867 [Listener at 127.0.0.1/39255] INFO  http.BaseHttpServer (BaseHttpServer.java:newHttpServer2BuilderForOzone(209)) - Starting Web-server for ozoneManager at: http://0.0.0.0:0
2022-07-12 20:43:28,867 [Listener at 127.0.0.1/39255] INFO  http.BaseHttpServer (BaseHttpServer.java:<init>(107)) - Hadoop Security Enabled: false Ozone Security Enabled: false Ozone HTTP Security Enabled: false 
2022-07-12 20:43:28,868 [Listener at 127.0.0.1/39255] INFO  server.AuthenticationFilter (AuthenticationFilter.java:constructSecretProvider(240)) - Unable to initialize FileSignerSecretProvider, falling back to use random secrets.
2022-07-12 20:43:28,869 [Listener at 127.0.0.1/39255] WARN  http.HttpRequestLog (HttpRequestLog.java:getRequestLog(103)) - Jetty request log can only be enabled using Log4j
2022-07-12 20:43:28,870 [Listener at 127.0.0.1/39255] INFO  http.HttpServer2 (HttpServer2.java:addGlobalFilter(1029)) - Added global filter 'safety' (class=org.apache.hadoop.hdds.server.http.HttpServer2$QuotingInputFilter)
2022-07-12 20:43:28,871 [Listener at 127.0.0.1/39255] INFO  http.HttpServer2 (HttpServer2.java:addFilter(1005)) - Added filter static_user_filter (class=org.apache.hadoop.http.lib.StaticUserWebFilter$StaticUserFilter) to context ozoneManager
2022-07-12 20:43:28,872 [Listener at 127.0.0.1/39255] INFO  http.HttpServer2 (HttpServer2.java:addFilter(1013)) - Added filter static_user_filter (class=org.apache.hadoop.http.lib.StaticUserWebFilter$StaticUserFilter) to context logs
2022-07-12 20:43:28,872 [Listener at 127.0.0.1/39255] INFO  http.HttpServer2 (HttpServer2.java:addFilter(1013)) - Added filter static_user_filter (class=org.apache.hadoop.http.lib.StaticUserWebFilter$StaticUserFilter) to context static
2022-07-12 20:43:28,879 [Listener at 127.0.0.1/39255] INFO  http.HttpServer2 (HttpServer2.java:bindListener(1248)) - Jetty bound to port 39789
2022-07-12 20:43:28,879 [Listener at 127.0.0.1/39255] INFO  server.Server (Server.java:doStart(375)) - jetty-9.4.43.v20210629; built: 2021-06-30T11:07:22.254Z; git: 526006ecfa3af7f1a27ef3a288e2bef7ea9dd7e8; jvm 1.8.0_332-b09
2022-07-12 20:43:28,880 [Listener at 127.0.0.1/39255] INFO  server.session (DefaultSessionIdManager.java:doStart(334)) - DefaultSessionIdManager workerName=node0
2022-07-12 20:43:28,881 [Listener at 127.0.0.1/39255] INFO  server.session (DefaultSessionIdManager.java:doStart(339)) - No SessionScavenger set, using defaults
2022-07-12 20:43:28,881 [Listener at 127.0.0.1/39255] INFO  server.session (HouseKeeper.java:startScavenging(132)) - node0 Scavenging every 600000ms
2022-07-12 20:43:28,893 [Listener at 127.0.0.1/39255] INFO  handler.ContextHandler (ContextHandler.java:doStart(915)) - Started o.e.j.s.ServletContextHandler@133b3a95{logs,/logs,file:///home/runner/work/ozone/ozone/hadoop-ozone/integration-test/target/log,AVAILABLE}
2022-07-12 20:43:28,893 [Listener at 127.0.0.1/39255] INFO  handler.ContextHandler (ContextHandler.java:doStart(915)) - Started o.e.j.s.ServletContextHandler@3bb8d847{static,/static,file:///home/runner/work/ozone/ozone/hadoop-ozone/integration-test/target/test-classes/webapps/static,AVAILABLE}
2022-07-12 20:43:28,897 [Listener at 127.0.0.1/39255] INFO  handler.ContextHandler (ContextHandler.java:doStart(915)) - Started o.e.j.w.WebAppContext@4c6e3c25{ozoneManager,/,file:///home/runner/work/ozone/ozone/hadoop-ozone/integration-test/target/test-classes/webapps/ozoneManager/,AVAILABLE}{file:/home/runner/work/ozone/ozone/hadoop-ozone/integration-test/target/test-classes/webapps/ozoneManager}
2022-07-12 20:43:28,901 [Listener at 127.0.0.1/39255] INFO  server.AbstractConnector (AbstractConnector.java:doStart(331)) - Started ServerConnector@3b886b0f{HTTP/1.1, (http/1.1)}{0.0.0.0:39789}
2022-07-12 20:43:28,901 [Listener at 127.0.0.1/39255] INFO  server.Server (Server.java:doStart(415)) - Started @7276ms
2022-07-12 20:43:28,902 [Listener at 127.0.0.1/39255] WARN  impl.MetricsSystemImpl (MetricsSystemImpl.java:register(279)) - Sink prometheus already exists!
2022-07-12 20:43:28,902 [Listener at 127.0.0.1/39255] INFO  http.BaseHttpServer (BaseHttpServer.java:updateConnectorAddress(329)) - HTTP server of ozoneManager listening at http://0.0.0.0:39789
2022-07-12 20:43:28,912 [IPC Server Responder] INFO  ipc.Server (Server.java:run(1507)) - IPC Server Responder: starting
2022-07-12 20:43:28,914 [IPC Server listener on 0] INFO  ipc.Server (Server.java:run(1344)) - IPC Server listener on 0: starting
2022-07-12 20:43:28,918 [Listener at 127.0.0.1/39255] INFO  om.OzoneManager (OzoneManager.java:startTrashEmptier(1905)) - Trash Interval set to 0. Files deleted won't move to trash
2022-07-12 20:43:28,925 [org.apache.hadoop.util.JvmPauseMonitor$Monitor@2295bced] INFO  util.JvmPauseMonitor (JvmPauseMonitor.java:run(188)) - Starting JVM pause monitor
2022-07-12 20:43:29,069 [Listener at 127.0.0.1/39255] WARN  impl.MetricRegistriesImpl (MetricRegistriesImpl.java:addReporterRegistration(111)) - New reporters are added after registries were created. Some metrics will be missing from the reporter. Please add reporter before adding any new registry.
2022-07-12 20:43:29,070 [Listener at 127.0.0.1/39255] WARN  impl.MetricRegistriesImpl (MetricRegistriesImpl.java:addReporterRegistration(111)) - New reporters are added after registries were created. Some metrics will be missing from the reporter. Please add reporter before adding any new registry.
2022-07-12 20:43:29,070 [Listener at 127.0.0.1/39255] INFO  impl.MetricsSystemImpl (MetricsSystemImpl.java:init(158)) - HddsDatanode metrics system started (again)
2022-07-12 20:43:29,086 [Listener at 127.0.0.1/39255] INFO  ozone.HddsDatanodeService (HddsDatanodeService.java:start(236)) - HddsDatanodeService host:fv-az29-983.0gf2enmb5avurc1gjtxldx4mnh.bx.internal.cloudapp.net ip:10.1.0.33
2022-07-12 20:43:29,112 [Listener at 127.0.0.1/39255] INFO  upgrade.AbstractLayoutVersionManager (AbstractLayoutVersionManager.java:init(82)) - Initializing Layout version manager with metadata layout = DATANODE_SCHEMA_V3 (version = 4), software layout = DATANODE_SCHEMA_V3 (version = 4)
2022-07-12 20:43:29,154 [Listener at 127.0.0.1/39255] INFO  reflections.Reflections (Reflections.java:scan(232)) - Reflections took 40 ms to scan 7 urls, producing 132 keys and 317 values 
2022-07-12 20:43:29,158 [Listener at 127.0.0.1/39255] INFO  statemachine.DatanodeStateMachine (DatanodeStateMachine.java:getEndPointTaskThreadPoolSize(237)) - Datanode State Machine Task Thread Pool size 2
2022-07-12 20:43:29,209 [Listener at 127.0.0.1/39255] INFO  volume.HddsVolume (HddsVolume.java:<init>(116)) - Creating HddsVolume: /home/runner/work/ozone/ozone/hadoop-ozone/integration-test/target/test-dir/MiniOzoneClusterImpl-403db390-d601-42e9-9e55-5e4bd55e0b9b/datanode-0/data-0/containers/hdds of storage type : DISK capacity : 9223372036854775807
2022-07-12 20:43:29,211 [Listener at 127.0.0.1/39255] INFO  volume.MutableVolumeSet (MutableVolumeSet.java:initializeVolumeSet(174)) - Added Volume : /home/runner/work/ozone/ozone/hadoop-ozone/integration-test/target/test-dir/MiniOzoneClusterImpl-403db390-d601-42e9-9e55-5e4bd55e0b9b/datanode-0/data-0/containers/hdds to VolumeSet
2022-07-12 20:43:29,212 [Listener at 127.0.0.1/39255] INFO  volume.ThrottledAsyncChecker (ThrottledAsyncChecker.java:schedule(141)) - Scheduling a check for /home/runner/work/ozone/ozone/hadoop-ozone/integration-test/target/test-dir/MiniOzoneClusterImpl-403db390-d601-42e9-9e55-5e4bd55e0b9b/datanode-0/data-0/containers/hdds
2022-07-12 20:43:29,235 [Listener at 127.0.0.1/39255] INFO  volume.StorageVolumeChecker (StorageVolumeChecker.java:checkAllVolumes(202)) - Scheduled health check for volume /home/runner/work/ozone/ozone/hadoop-ozone/integration-test/target/test-dir/MiniOzoneClusterImpl-403db390-d601-42e9-9e55-5e4bd55e0b9b/datanode-0/data-0/containers/hdds
2022-07-12 20:43:29,251 [Listener at 127.0.0.1/39255] INFO  volume.MutableVolumeSet (MutableVolumeSet.java:initializeVolumeSet(174)) - Added Volume : /home/runner/work/ozone/ozone/hadoop-ozone/integration-test/target/test-dir/MiniOzoneClusterImpl-403db390-d601-42e9-9e55-5e4bd55e0b9b/datanode-0/data/ratis to VolumeSet
2022-07-12 20:43:29,251 [Listener at 127.0.0.1/39255] INFO  volume.ThrottledAsyncChecker (ThrottledAsyncChecker.java:schedule(141)) - Scheduling a check for /home/runner/work/ozone/ozone/hadoop-ozone/integration-test/target/test-dir/MiniOzoneClusterImpl-403db390-d601-42e9-9e55-5e4bd55e0b9b/datanode-0/data/ratis
2022-07-12 20:43:29,252 [Listener at 127.0.0.1/39255] INFO  volume.StorageVolumeChecker (StorageVolumeChecker.java:checkAllVolumes(202)) - Scheduled health check for volume /home/runner/work/ozone/ozone/hadoop-ozone/integration-test/target/test-dir/MiniOzoneClusterImpl-403db390-d601-42e9-9e55-5e4bd55e0b9b/datanode-0/data/ratis
2022-07-12 20:43:29,272 [Thread-134] INFO  ozoneimpl.ContainerReader (ContainerReader.java:readVolume(175)) - Finish verifying containers on volume /home/runner/work/ozone/ozone/hadoop-ozone/integration-test/target/test-dir/MiniOzoneClusterImpl-403db390-d601-42e9-9e55-5e4bd55e0b9b/datanode-0/data-0/containers/hdds
2022-07-12 20:43:29,272 [Listener at 127.0.0.1/39255] INFO  ozoneimpl.OzoneContainer (OzoneContainer.java:buildContainerSet(266)) - Build ContainerSet costs 0s
2022-07-12 20:43:29,315 [Listener at 127.0.0.1/39255] INFO  audit.AuditLogger (AuditLogger.java:refreshDebugCmdSet(120)) - Refresh DebugCmdSet for DNAudit to [].
2022-07-12 20:43:29,341 [Listener at 127.0.0.1/39255] INFO  server.RaftServer (ConfUtils.java:logGet(46)) - raft.rpc.type = GRPC (default)
2022-07-12 20:43:29,341 [Listener at 127.0.0.1/39255] INFO  grpc.GrpcFactory (GrpcFactory.java:checkPooledByteBufAllocatorUseCacheForAllThreads(48)) - PERFORMANCE WARNING: useCacheForAllThreads is true that may cause Netty to create a lot garbage objects and, as a result, trigger GC.
	It is recommended to disable useCacheForAllThreads by setting -Dorg.apache.ratis.thirdparty.io.netty.allocator.useCacheForAllThreads=false in command line.
2022-07-12 20:43:29,341 [Listener at 127.0.0.1/39255] INFO  grpc.GrpcConfigKeys (ConfUtils.java:logGet(46)) - raft.grpc.admin.port = 0 (custom)
2022-07-12 20:43:29,341 [Listener at 127.0.0.1/39255] INFO  grpc.GrpcConfigKeys (ConfUtils.java:logGet(46)) - raft.grpc.client.port = 0 (custom)
2022-07-12 20:43:29,341 [Listener at 127.0.0.1/39255] INFO  grpc.GrpcConfigKeys (ConfUtils.java:logGet(46)) - raft.grpc.server.port = 0 (default)
2022-07-12 20:43:29,342 [Listener at 127.0.0.1/39255] INFO  server.GrpcService (ConfUtils.java:logGet(46)) - raft.grpc.message.size.max = 32MB (=33554432) (custom)
2022-07-12 20:43:29,342 [Listener at 127.0.0.1/39255] INFO  server.RaftServerConfigKeys (ConfUtils.java:logGet(46)) - raft.server.log.appender.buffer.byte-limit = 33554432 (custom)
2022-07-12 20:43:29,342 [Listener at 127.0.0.1/39255] INFO  server.GrpcService (ConfUtils.java:logGet(46)) - raft.grpc.flow.control.window = 5MB (=5242880) (custom)
2022-07-12 20:43:29,342 [Listener at 127.0.0.1/39255] INFO  server.RaftServerConfigKeys (ConfUtils.java:logGet(46)) - raft.server.rpc.request.timeout = 60s (custom)
2022-07-12 20:43:29,342 [Listener at 127.0.0.1/39255] INFO  grpc.GrpcConfigKeys (ConfUtils.java:logGet(46)) - raft.grpc.server.async.request.thread.pool.cached = true (default)
2022-07-12 20:43:29,342 [Listener at 127.0.0.1/39255] INFO  grpc.GrpcConfigKeys (ConfUtils.java:logGet(46)) - raft.grpc.server.async.request.thread.pool.size = 32 (default)
2022-07-12 20:43:29,344 [Listener at 127.0.0.1/39255] INFO  impl.DataStreamServerImpl (ConfUtils.java:logGet(46)) - raft.datastream.type = DISABLED (default)
2022-07-12 20:43:29,344 [Listener at 127.0.0.1/39255] INFO  server.RaftServerConfigKeys (ConfUtils.java:logGet(46)) - raft.server.threadpool.proxy.cached = true (default)
2022-07-12 20:43:29,344 [Listener at 127.0.0.1/39255] INFO  server.RaftServerConfigKeys (ConfUtils.java:logGet(46)) - raft.server.threadpool.proxy.size = 0 (default)
2022-07-12 20:43:29,344 [Listener at 127.0.0.1/39255] INFO  server.RaftServerConfigKeys (ConfUtils.java:logGet(46)) - raft.server.rpc.slowness.timeout = 300s (custom)
2022-07-12 20:43:29,345 [Listener at 127.0.0.1/39255] INFO  server.RaftServerConfigKeys (ConfUtils.java:logGet(46)) - raft.server.leaderelection.leader.step-down.wait-time = 10s (default)
2022-07-12 20:43:29,345 [Listener at 127.0.0.1/39255] INFO  server.RaftServerConfigKeys (ConfUtils.java:logGet(46)) - raft.server.storage.dir = [/home/runner/work/ozone/ozone/hadoop-ozone/integration-test/target/test-dir/MiniOzoneClusterImpl-403db390-d601-42e9-9e55-5e4bd55e0b9b/datanode-0/data/ratis] (custom)
2022-07-12 20:43:29,363 [Listener at 127.0.0.1/39255] INFO  server.XceiverServerGrpc (XceiverServerGrpc.java:<init>(132)) - GrpcServer channel type EpollServerSocketChannel
2022-07-12 20:43:29,421 [Listener at 127.0.0.1/39255] INFO  http.BaseHttpServer (BaseHttpServer.java:newHttpServer2BuilderForOzone(209)) - Starting Web-server for hddsDatanode at: http://0.0.0.0:0
2022-07-12 20:43:29,421 [Listener at 127.0.0.1/39255] INFO  http.BaseHttpServer (BaseHttpServer.java:<init>(107)) - Hadoop Security Enabled: false Ozone Security Enabled: false Ozone HTTP Security Enabled: false 
2022-07-12 20:43:29,423 [Listener at 127.0.0.1/39255] INFO  server.AuthenticationFilter (AuthenticationFilter.java:constructSecretProvider(240)) - Unable to initialize FileSignerSecretProvider, falling back to use random secrets.
2022-07-12 20:43:29,426 [Listener at 127.0.0.1/39255] WARN  http.HttpRequestLog (HttpRequestLog.java:getRequestLog(103)) - Jetty request log can only be enabled using Log4j
2022-07-12 20:43:29,427 [Listener at 127.0.0.1/39255] INFO  http.HttpServer2 (HttpServer2.java:addGlobalFilter(1029)) - Added global filter 'safety' (class=org.apache.hadoop.hdds.server.http.HttpServer2$QuotingInputFilter)
2022-07-12 20:43:29,428 [Listener at 127.0.0.1/39255] INFO  http.HttpServer2 (HttpServer2.java:addFilter(1005)) - Added filter static_user_filter (class=org.apache.hadoop.http.lib.StaticUserWebFilter$StaticUserFilter) to context hddsDatanode
2022-07-12 20:43:29,428 [Listener at 127.0.0.1/39255] INFO  http.HttpServer2 (HttpServer2.java:addFilter(1013)) - Added filter static_user_filter (class=org.apache.hadoop.http.lib.StaticUserWebFilter$StaticUserFilter) to context logs
2022-07-12 20:43:29,428 [Listener at 127.0.0.1/39255] INFO  http.HttpServer2 (HttpServer2.java:addFilter(1013)) - Added filter static_user_filter (class=org.apache.hadoop.http.lib.StaticUserWebFilter$StaticUserFilter) to context static
2022-07-12 20:43:29,429 [Listener at 127.0.0.1/39255] INFO  http.HttpServer2 (HttpServer2.java:bindListener(1248)) - Jetty bound to port 42347
2022-07-12 20:43:29,429 [Listener at 127.0.0.1/39255] INFO  server.Server (Server.java:doStart(375)) - jetty-9.4.43.v20210629; built: 2021-06-30T11:07:22.254Z; git: 526006ecfa3af7f1a27ef3a288e2bef7ea9dd7e8; jvm 1.8.0_332-b09
2022-07-12 20:43:29,439 [Listener at 127.0.0.1/39255] INFO  server.session (DefaultSessionIdManager.java:doStart(334)) - DefaultSessionIdManager workerName=node0
2022-07-12 20:43:29,440 [Listener at 127.0.0.1/39255] INFO  server.session (DefaultSessionIdManager.java:doStart(339)) - No SessionScavenger set, using defaults
2022-07-12 20:43:29,440 [Listener at 127.0.0.1/39255] INFO  server.session (HouseKeeper.java:startScavenging(132)) - node0 Scavenging every 660000ms
2022-07-12 20:43:29,441 [Listener at 127.0.0.1/39255] INFO  handler.ContextHandler (ContextHandler.java:doStart(915)) - Started o.e.j.s.ServletContextHandler@2d38cc6{logs,/logs,file:///home/runner/work/ozone/ozone/hadoop-ozone/integration-test/target/log,AVAILABLE}
2022-07-12 20:43:29,441 [Listener at 127.0.0.1/39255] INFO  handler.ContextHandler (ContextHandler.java:doStart(915)) - Started o.e.j.s.ServletContextHandler@3f817fbe{static,/static,jar:file:/home/runner/.m2/repository/org/apache/ozone/hdds-container-service/1.3.0-SNAPSHOT/hdds-container-service-1.3.0-SNAPSHOT.jar!/webapps/static,AVAILABLE}
2022-07-12 20:43:29,618 [Listener at 127.0.0.1/39255] INFO  handler.ContextHandler (ContextHandler.java:doStart(915)) - Started o.e.j.w.WebAppContext@1db47316{hddsDatanode,/,file:///tmp/jetty-0_0_0_0-42347-hdds-container-service-1_3_0-SNAPSHOT_jar-_-any-3732860464589629672/webapp/,AVAILABLE}{jar:file:/home/runner/.m2/repository/org/apache/ozone/hdds-container-service/1.3.0-SNAPSHOT/hdds-container-service-1.3.0-SNAPSHOT.jar!/webapps/hddsDatanode}
2022-07-12 20:43:29,619 [Listener at 127.0.0.1/39255] INFO  server.AbstractConnector (AbstractConnector.java:doStart(331)) - Started ServerConnector@586e92b2{HTTP/1.1, (http/1.1)}{0.0.0.0:42347}
2022-07-12 20:43:29,620 [Listener at 127.0.0.1/39255] INFO  server.Server (Server.java:doStart(415)) - Started @7994ms
2022-07-12 20:43:29,620 [Listener at 127.0.0.1/39255] WARN  impl.MetricsSystemImpl (MetricsSystemImpl.java:register(279)) - Sink prometheus already exists!
2022-07-12 20:43:29,621 [Listener at 127.0.0.1/39255] INFO  http.BaseHttpServer (BaseHttpServer.java:updateConnectorAddress(329)) - HTTP server of hddsDatanode listening at http://0.0.0.0:42347
2022-07-12 20:43:29,624 [Listener at 127.0.0.1/39255] WARN  impl.MetricRegistriesImpl (MetricRegistriesImpl.java:addReporterRegistration(111)) - New reporters are added after registries were created. Some metrics will be missing from the reporter. Please add reporter before adding any new registry.
2022-07-12 20:43:29,624 [Listener at 127.0.0.1/39255] WARN  impl.MetricRegistriesImpl (MetricRegistriesImpl.java:addReporterRegistration(111)) - New reporters are added after registries were created. Some metrics will be missing from the reporter. Please add reporter before adding any new registry.
2022-07-12 20:43:29,624 [Listener at 127.0.0.1/39255] INFO  impl.MetricsSystemImpl (MetricsSystemImpl.java:init(158)) - HddsDatanode metrics system started (again)
2022-07-12 20:43:29,623 [Datanode State Machine Daemon Thread] INFO  statemachine.DatanodeStateMachine (DatanodeStateMachine.java:lambda$startDaemon$0(492)) - Ozone container server started.
2022-07-12 20:43:29,648 [Listener at 127.0.0.1/39255] INFO  ozone.HddsDatanodeService (HddsDatanodeService.java:start(236)) - HddsDatanodeService host:fv-az29-983.0gf2enmb5avurc1gjtxldx4mnh.bx.internal.cloudapp.net ip:10.1.0.33
2022-07-12 20:43:29,654 [org.apache.hadoop.util.JvmPauseMonitor$Monitor@7f299408] INFO  util.JvmPauseMonitor (JvmPauseMonitor.java:run(188)) - Starting JVM pause monitor
2022-07-12 20:43:29,691 [Listener at 127.0.0.1/39255] INFO  upgrade.AbstractLayoutVersionManager (AbstractLayoutVersionManager.java:init(82)) - Initializing Layout version manager with metadata layout = DATANODE_SCHEMA_V3 (version = 4), software layout = DATANODE_SCHEMA_V3 (version = 4)
2022-07-12 20:43:29,747 [Listener at 127.0.0.1/39255] INFO  reflections.Reflections (Reflections.java:scan(232)) - Reflections took 55 ms to scan 7 urls, producing 132 keys and 317 values 
2022-07-12 20:43:29,748 [Listener at 127.0.0.1/39255] INFO  statemachine.DatanodeStateMachine (DatanodeStateMachine.java:getEndPointTaskThreadPoolSize(237)) - Datanode State Machine Task Thread Pool size 2
2022-07-12 20:43:29,751 [Listener at 127.0.0.1/39255] INFO  volume.HddsVolume (HddsVolume.java:<init>(116)) - Creating HddsVolume: /home/runner/work/ozone/ozone/hadoop-ozone/integration-test/target/test-dir/MiniOzoneClusterImpl-403db390-d601-42e9-9e55-5e4bd55e0b9b/datanode-1/data-0/containers/hdds of storage type : DISK capacity : 9223372036854775807
2022-07-12 20:43:29,751 [Listener at 127.0.0.1/39255] INFO  volume.MutableVolumeSet (MutableVolumeSet.java:initializeVolumeSet(174)) - Added Volume : /home/runner/work/ozone/ozone/hadoop-ozone/integration-test/target/test-dir/MiniOzoneClusterImpl-403db390-d601-42e9-9e55-5e4bd55e0b9b/datanode-1/data-0/containers/hdds to VolumeSet
2022-07-12 20:43:29,751 [Listener at 127.0.0.1/39255] INFO  volume.ThrottledAsyncChecker (ThrottledAsyncChecker.java:schedule(141)) - Scheduling a check for /home/runner/work/ozone/ozone/hadoop-ozone/integration-test/target/test-dir/MiniOzoneClusterImpl-403db390-d601-42e9-9e55-5e4bd55e0b9b/datanode-1/data-0/containers/hdds
2022-07-12 20:43:29,752 [Listener at 127.0.0.1/39255] INFO  volume.StorageVolumeChecker (StorageVolumeChecker.java:checkAllVolumes(202)) - Scheduled health check for volume /home/runner/work/ozone/ozone/hadoop-ozone/integration-test/target/test-dir/MiniOzoneClusterImpl-403db390-d601-42e9-9e55-5e4bd55e0b9b/datanode-1/data-0/containers/hdds
2022-07-12 20:43:29,763 [Listener at 127.0.0.1/39255] INFO  volume.MutableVolumeSet (MutableVolumeSet.java:initializeVolumeSet(174)) - Added Volume : /home/runner/work/ozone/ozone/hadoop-ozone/integration-test/target/test-dir/MiniOzoneClusterImpl-403db390-d601-42e9-9e55-5e4bd55e0b9b/datanode-1/data/ratis to VolumeSet
2022-07-12 20:43:29,763 [Listener at 127.0.0.1/39255] INFO  volume.ThrottledAsyncChecker (ThrottledAsyncChecker.java:schedule(141)) - Scheduling a check for /home/runner/work/ozone/ozone/hadoop-ozone/integration-test/target/test-dir/MiniOzoneClusterImpl-403db390-d601-42e9-9e55-5e4bd55e0b9b/datanode-1/data/ratis
2022-07-12 20:43:29,763 [Listener at 127.0.0.1/39255] INFO  volume.StorageVolumeChecker (StorageVolumeChecker.java:checkAllVolumes(202)) - Scheduled health check for volume /home/runner/work/ozone/ozone/hadoop-ozone/integration-test/target/test-dir/MiniOzoneClusterImpl-403db390-d601-42e9-9e55-5e4bd55e0b9b/datanode-1/data/ratis
2022-07-12 20:43:29,773 [Thread-147] INFO  ozoneimpl.ContainerReader (ContainerReader.java:readVolume(175)) - Finish verifying containers on volume /home/runner/work/ozone/ozone/hadoop-ozone/integration-test/target/test-dir/MiniOzoneClusterImpl-403db390-d601-42e9-9e55-5e4bd55e0b9b/datanode-1/data-0/containers/hdds
2022-07-12 20:43:29,774 [Listener at 127.0.0.1/39255] INFO  ozoneimpl.OzoneContainer (OzoneContainer.java:buildContainerSet(266)) - Build ContainerSet costs 0s
2022-07-12 20:43:29,777 [Listener at 127.0.0.1/39255] INFO  server.RaftServer (ConfUtils.java:logGet(46)) - raft.rpc.type = GRPC (default)
2022-07-12 20:43:29,777 [Listener at 127.0.0.1/39255] INFO  grpc.GrpcFactory (GrpcFactory.java:checkPooledByteBufAllocatorUseCacheForAllThreads(48)) - PERFORMANCE WARNING: useCacheForAllThreads is true that may cause Netty to create a lot garbage objects and, as a result, trigger GC.
	It is recommended to disable useCacheForAllThreads by setting -Dorg.apache.ratis.thirdparty.io.netty.allocator.useCacheForAllThreads=false in command line.
2022-07-12 20:43:29,777 [Listener at 127.0.0.1/39255] INFO  grpc.GrpcConfigKeys (ConfUtils.java:logGet(46)) - raft.grpc.admin.port = 0 (custom)
2022-07-12 20:43:29,777 [Listener at 127.0.0.1/39255] INFO  grpc.GrpcConfigKeys (ConfUtils.java:logGet(46)) - raft.grpc.client.port = 0 (custom)
2022-07-12 20:43:29,777 [Listener at 127.0.0.1/39255] INFO  grpc.GrpcConfigKeys (ConfUtils.java:logGet(46)) - raft.grpc.server.port = 0 (default)
2022-07-12 20:43:29,778 [Listener at 127.0.0.1/39255] INFO  server.GrpcService (ConfUtils.java:logGet(46)) - raft.grpc.message.size.max = 32MB (=33554432) (custom)
2022-07-12 20:43:29,778 [Listener at 127.0.0.1/39255] INFO  server.RaftServerConfigKeys (ConfUtils.java:logGet(46)) - raft.server.log.appender.buffer.byte-limit = 33554432 (custom)
2022-07-12 20:43:29,778 [Listener at 127.0.0.1/39255] INFO  server.GrpcService (ConfUtils.java:logGet(46)) - raft.grpc.flow.control.window = 5MB (=5242880) (custom)
2022-07-12 20:43:29,778 [Listener at 127.0.0.1/39255] INFO  server.RaftServerConfigKeys (ConfUtils.java:logGet(46)) - raft.server.rpc.request.timeout = 60s (custom)
2022-07-12 20:43:29,778 [Listener at 127.0.0.1/39255] INFO  grpc.GrpcConfigKeys (ConfUtils.java:logGet(46)) - raft.grpc.server.async.request.thread.pool.cached = true (default)
2022-07-12 20:43:29,778 [Listener at 127.0.0.1/39255] INFO  grpc.GrpcConfigKeys (ConfUtils.java:logGet(46)) - raft.grpc.server.async.request.thread.pool.size = 32 (default)
2022-07-12 20:43:29,780 [Listener at 127.0.0.1/39255] INFO  impl.DataStreamServerImpl (ConfUtils.java:logGet(46)) - raft.datastream.type = DISABLED (default)
2022-07-12 20:43:29,780 [Listener at 127.0.0.1/39255] INFO  server.RaftServerConfigKeys (ConfUtils.java:logGet(46)) - raft.server.threadpool.proxy.cached = true (default)
2022-07-12 20:43:29,780 [Listener at 127.0.0.1/39255] INFO  server.RaftServerConfigKeys (ConfUtils.java:logGet(46)) - raft.server.threadpool.proxy.size = 0 (default)
2022-07-12 20:43:29,780 [Listener at 127.0.0.1/39255] INFO  server.RaftServerConfigKeys (ConfUtils.java:logGet(46)) - raft.server.rpc.slowness.timeout = 300s (custom)
2022-07-12 20:43:29,780 [Listener at 127.0.0.1/39255] INFO  server.RaftServerConfigKeys (ConfUtils.java:logGet(46)) - raft.server.leaderelection.leader.step-down.wait-time = 10s (default)
2022-07-12 20:43:29,780 [Listener at 127.0.0.1/39255] INFO  server.RaftServerConfigKeys (ConfUtils.java:logGet(46)) - raft.server.storage.dir = [/home/runner/work/ozone/ozone/hadoop-ozone/integration-test/target/test-dir/MiniOzoneClusterImpl-403db390-d601-42e9-9e55-5e4bd55e0b9b/datanode-1/data/ratis] (custom)
2022-07-12 20:43:29,797 [Listener at 127.0.0.1/39255] INFO  server.XceiverServerGrpc (XceiverServerGrpc.java:<init>(132)) - GrpcServer channel type EpollServerSocketChannel
2022-07-12 20:43:29,811 [Listener at 127.0.0.1/39255] INFO  http.BaseHttpServer (BaseHttpServer.java:newHttpServer2BuilderForOzone(209)) - Starting Web-server for hddsDatanode at: http://0.0.0.0:0
2022-07-12 20:43:29,811 [Listener at 127.0.0.1/39255] INFO  http.BaseHttpServer (BaseHttpServer.java:<init>(107)) - Hadoop Security Enabled: false Ozone Security Enabled: false Ozone HTTP Security Enabled: false 
2022-07-12 20:43:29,813 [Listener at 127.0.0.1/39255] INFO  server.AuthenticationFilter (AuthenticationFilter.java:constructSecretProvider(240)) - Unable to initialize FileSignerSecretProvider, falling back to use random secrets.
2022-07-12 20:43:29,813 [Listener at 127.0.0.1/39255] WARN  http.HttpRequestLog (HttpRequestLog.java:getRequestLog(103)) - Jetty request log can only be enabled using Log4j
2022-07-12 20:43:29,817 [Listener at 127.0.0.1/39255] INFO  http.HttpServer2 (HttpServer2.java:addGlobalFilter(1029)) - Added global filter 'safety' (class=org.apache.hadoop.hdds.server.http.HttpServer2$QuotingInputFilter)
2022-07-12 20:43:29,819 [Listener at 127.0.0.1/39255] INFO  http.HttpServer2 (HttpServer2.java:addFilter(1005)) - Added filter static_user_filter (class=org.apache.hadoop.http.lib.StaticUserWebFilter$StaticUserFilter) to context hddsDatanode
2022-07-12 20:43:29,819 [Listener at 127.0.0.1/39255] INFO  http.HttpServer2 (HttpServer2.java:addFilter(1013)) - Added filter static_user_filter (class=org.apache.hadoop.http.lib.StaticUserWebFilter$StaticUserFilter) to context logs
2022-07-12 20:43:29,819 [Listener at 127.0.0.1/39255] INFO  http.HttpServer2 (HttpServer2.java:addFilter(1013)) - Added filter static_user_filter (class=org.apache.hadoop.http.lib.StaticUserWebFilter$StaticUserFilter) to context static
2022-07-12 20:43:29,820 [Listener at 127.0.0.1/39255] INFO  http.HttpServer2 (HttpServer2.java:bindListener(1248)) - Jetty bound to port 44139
2022-07-12 20:43:29,820 [Listener at 127.0.0.1/39255] INFO  server.Server (Server.java:doStart(375)) - jetty-9.4.43.v20210629; built: 2021-06-30T11:07:22.254Z; git: 526006ecfa3af7f1a27ef3a288e2bef7ea9dd7e8; jvm 1.8.0_332-b09
2022-07-12 20:43:29,831 [Datanode State Machine Task Thread - 0] INFO  datanode.InitDatanodeState (InitDatanodeState.java:persistContainerDatanodeDetails(138)) - DatanodeDetails is persisted to /home/runner/work/ozone/ozone/hadoop-ozone/integration-test/target/test-dir/MiniOzoneClusterImpl-403db390-d601-42e9-9e55-5e4bd55e0b9b/datanode-0/meta/datanode.id
2022-07-12 20:43:29,831 [Listener at 127.0.0.1/39255] INFO  server.session (DefaultSessionIdManager.java:doStart(334)) - DefaultSessionIdManager workerName=node0
2022-07-12 20:43:29,832 [Listener at 127.0.0.1/39255] INFO  server.session (DefaultSessionIdManager.java:doStart(339)) - No SessionScavenger set, using defaults
2022-07-12 20:43:29,833 [Listener at 127.0.0.1/39255] INFO  server.session (HouseKeeper.java:startScavenging(132)) - node0 Scavenging every 600000ms
2022-07-12 20:43:29,843 [Listener at 127.0.0.1/39255] INFO  handler.ContextHandler (ContextHandler.java:doStart(915)) - Started o.e.j.s.ServletContextHandler@43c1a2e{logs,/logs,file:///home/runner/work/ozone/ozone/hadoop-ozone/integration-test/target/log,AVAILABLE}
2022-07-12 20:43:29,843 [Listener at 127.0.0.1/39255] INFO  handler.ContextHandler (ContextHandler.java:doStart(915)) - Started o.e.j.s.ServletContextHandler@273f247c{static,/static,jar:file:/home/runner/.m2/repository/org/apache/ozone/hdds-container-service/1.3.0-SNAPSHOT/hdds-container-service-1.3.0-SNAPSHOT.jar!/webapps/static,AVAILABLE}
2022-07-12 20:43:29,876 [om1@group-C5BA1605619E-FollowerState] INFO  impl.FollowerState (FollowerState.java:run(143)) - om1@group-C5BA1605619E-FollowerState: change to CANDIDATE, lastRpcElapsedTime:1109206718ns, electionTimeout:1096ms
2022-07-12 20:43:29,877 [om1@group-C5BA1605619E-FollowerState] INFO  impl.RoleInfo (RoleInfo.java:shutdownFollowerState(110)) - om1: shutdown om1@group-C5BA1605619E-FollowerState
2022-07-12 20:43:29,878 [om1@group-C5BA1605619E-FollowerState] INFO  server.RaftServer$Division (RaftServerImpl.java:setRole(299)) - om1@group-C5BA1605619E: changes role from  FOLLOWER to CANDIDATE at term 0 for changeToCandidate
2022-07-12 20:43:29,880 [om1@group-C5BA1605619E-FollowerState] INFO  server.RaftServerConfigKeys (ConfUtils.java:logGet(46)) - raft.server.leaderelection.pre-vote = false (custom)
2022-07-12 20:43:29,880 [om1@group-C5BA1605619E-FollowerState] INFO  impl.RoleInfo (RoleInfo.java:updateAndGet(139)) - om1: start om1@group-C5BA1605619E-LeaderElection1
2022-07-12 20:43:29,894 [om1@group-C5BA1605619E-LeaderElection1] INFO  impl.LeaderElection (LeaderElection.java:askForVotes(310)) - om1@group-C5BA1605619E-LeaderElection1 ELECTION round 0: submit vote requests at term 1 for -1: [om1|rpc:localhost:9872|priority:0], old=null
2022-07-12 20:43:29,895 [om1@group-C5BA1605619E-LeaderElection1] INFO  impl.LeaderElection (LeaderElection.java:askForVotes(312)) - om1@group-C5BA1605619E-LeaderElection1 ELECTION round 0: result PASSED (term=1)
2022-07-12 20:43:29,896 [om1@group-C5BA1605619E-LeaderElection1] INFO  impl.RoleInfo (RoleInfo.java:shutdownLeaderElection(130)) - om1: shutdown om1@group-C5BA1605619E-LeaderElection1
2022-07-12 20:43:29,896 [om1@group-C5BA1605619E-LeaderElection1] INFO  server.RaftServer$Division (RaftServerImpl.java:setRole(299)) - om1@group-C5BA1605619E: changes role from CANDIDATE to LEADER at term 1 for changeToLeader
2022-07-12 20:43:29,896 [om1@group-C5BA1605619E-LeaderElection1] INFO  server.RaftServer$Division (ServerState.java:setLeader(287)) - om1@group-C5BA1605619E: change Leader from null to om1 at term 1 for becomeLeader, leader elected after 2062ms
2022-07-12 20:43:29,907 [om1@group-C5BA1605619E-LeaderElection1] INFO  server.RaftServerConfigKeys (ConfUtils.java:logGet(46)) - raft.server.staging.catchup.gap = 1000 (default)
2022-07-12 20:43:29,912 [om1@group-C5BA1605619E-LeaderElection1] INFO  server.RaftServerConfigKeys (ConfUtils.java:logGet(46)) - raft.server.write.element-limit = 4096 (default)
2022-07-12 20:43:29,913 [om1@group-C5BA1605619E-LeaderElection1] INFO  server.RaftServerConfigKeys (ConfUtils.java:logGet(46)) - raft.server.write.byte-limit = 64MB (=67108864) (default)
2022-07-12 20:43:29,919 [om1@group-C5BA1605619E-LeaderElection1] INFO  server.RaftServerConfigKeys (ConfUtils.java:logGet(46)) - raft.server.watch.timeout = 10s (default)
2022-07-12 20:43:29,919 [om1@group-C5BA1605619E-LeaderElection1] INFO  server.RaftServerConfigKeys (ConfUtils.java:logGet(46)) - raft.server.watch.timeout.denomination = 1s (default)
2022-07-12 20:43:29,919 [om1@group-C5BA1605619E-LeaderElection1] INFO  server.RaftServerConfigKeys (ConfUtils.java:logGet(46)) - raft.server.watch.element-limit = 65536 (default)
2022-07-12 20:43:29,925 [om1@group-C5BA1605619E-LeaderElection1] INFO  server.RaftServerConfigKeys (ConfUtils.java:logGet(46)) - raft.server.write.element-limit = 4096 (default)
2022-07-12 20:43:29,929 [om1@group-C5BA1605619E-LeaderElection1] INFO  server.RaftServerConfigKeys (ConfUtils.java:logGet(46)) - raft.server.write.follower.gap.ratio.max = -1.0 (default)
2022-07-12 20:43:29,936 [om1@group-C5BA1605619E-LeaderElection1] INFO  impl.RoleInfo (RoleInfo.java:updateAndGet(139)) - om1: start om1@group-C5BA1605619E-LeaderStateImpl
2022-07-12 20:43:29,981 [om1@group-C5BA1605619E-LeaderElection1] INFO  segmented.SegmentedRaftLogWorker (SegmentedRaftLogWorker.java:startLogSegment(425)) - om1@group-C5BA1605619E-SegmentedRaftLogWorker: Starting segment from index:0
2022-07-12 20:43:30,056 [Listener at 127.0.0.1/39255] INFO  handler.ContextHandler (ContextHandler.java:doStart(915)) - Started o.e.j.w.WebAppContext@3c68a85f{hddsDatanode,/,file:///tmp/jetty-0_0_0_0-44139-hdds-container-service-1_3_0-SNAPSHOT_jar-_-any-8156717508369554846/webapp/,AVAILABLE}{jar:file:/home/runner/.m2/repository/org/apache/ozone/hdds-container-service/1.3.0-SNAPSHOT/hdds-container-service-1.3.0-SNAPSHOT.jar!/webapps/hddsDatanode}
2022-07-12 20:43:30,068 [om1@group-C5BA1605619E-LeaderElection1] INFO  server.RaftServer$Division (ServerState.java:setRaftConf(393)) - om1@group-C5BA1605619E: set configuration 0: [om1|rpc:localhost:9872|admin:|client:|dataStream:|priority:0], old=null
2022-07-12 20:43:30,077 [Listener at 127.0.0.1/39255] INFO  server.AbstractConnector (AbstractConnector.java:doStart(331)) - Started ServerConnector@54c497f2{HTTP/1.1, (http/1.1)}{0.0.0.0:44139}
2022-07-12 20:43:30,077 [Listener at 127.0.0.1/39255] INFO  server.Server (Server.java:doStart(415)) - Started @8452ms
2022-07-12 20:43:30,078 [Listener at 127.0.0.1/39255] WARN  impl.MetricsSystemImpl (MetricsSystemImpl.java:register(279)) - Sink prometheus already exists!
2022-07-12 20:43:30,078 [Listener at 127.0.0.1/39255] INFO  http.BaseHttpServer (BaseHttpServer.java:updateConnectorAddress(329)) - HTTP server of hddsDatanode listening at http://0.0.0.0:44139
2022-07-12 20:43:30,083 [Listener at 127.0.0.1/39255] WARN  impl.MetricRegistriesImpl (MetricRegistriesImpl.java:addReporterRegistration(111)) - New reporters are added after registries were created. Some metrics will be missing from the reporter. Please add reporter before adding any new registry.
2022-07-12 20:43:30,083 [Listener at 127.0.0.1/39255] WARN  impl.MetricRegistriesImpl (MetricRegistriesImpl.java:addReporterRegistration(111)) - New reporters are added after registries were created. Some metrics will be missing from the reporter. Please add reporter before adding any new registry.
2022-07-12 20:43:30,083 [Listener at 127.0.0.1/39255] INFO  impl.MetricsSystemImpl (MetricsSystemImpl.java:init(158)) - HddsDatanode metrics system started (again)
2022-07-12 20:43:30,094 [Listener at 127.0.0.1/39255] INFO  ozone.HddsDatanodeService (HddsDatanodeService.java:start(236)) - HddsDatanodeService host:fv-az29-983.0gf2enmb5avurc1gjtxldx4mnh.bx.internal.cloudapp.net ip:10.1.0.33
2022-07-12 20:43:30,095 [Datanode State Machine Daemon Thread] INFO  statemachine.DatanodeStateMachine (DatanodeStateMachine.java:lambda$startDaemon$0(492)) - Ozone container server started.
2022-07-12 20:43:30,124 [org.apache.hadoop.util.JvmPauseMonitor$Monitor@2eed8b38] INFO  util.JvmPauseMonitor (JvmPauseMonitor.java:run(188)) - Starting JVM pause monitor
2022-07-12 20:43:30,138 [Datanode State Machine Task Thread - 0] INFO  datanode.InitDatanodeState (InitDatanodeState.java:persistContainerDatanodeDetails(138)) - DatanodeDetails is persisted to /home/runner/work/ozone/ozone/hadoop-ozone/integration-test/target/test-dir/MiniOzoneClusterImpl-403db390-d601-42e9-9e55-5e4bd55e0b9b/datanode-1/meta/datanode.id
2022-07-12 20:43:30,158 [om1@group-C5BA1605619E-SegmentedRaftLogWorker] INFO  segmented.SegmentedRaftLogWorker (SegmentedRaftLogWorker.java:execute(629)) - om1@group-C5BA1605619E-SegmentedRaftLogWorker: created new log segment /home/runner/work/ozone/ozone/hadoop-ozone/integration-test/target/test-dir/MiniOzoneClusterImpl-403db390-d601-42e9-9e55-5e4bd55e0b9b/ozone-meta/ratis/bf265839-605b-3f16-9796-c5ba1605619e/current/log_inprogress_0
2022-07-12 20:43:30,158 [Listener at 127.0.0.1/39255] INFO  upgrade.AbstractLayoutVersionManager (AbstractLayoutVersionManager.java:init(82)) - Initializing Layout version manager with metadata layout = DATANODE_SCHEMA_V3 (version = 4), software layout = DATANODE_SCHEMA_V3 (version = 4)
2022-07-12 20:43:30,225 [Listener at 127.0.0.1/39255] INFO  reflections.Reflections (Reflections.java:scan(232)) - Reflections took 61 ms to scan 7 urls, producing 132 keys and 317 values 
2022-07-12 20:43:30,238 [Listener at 127.0.0.1/39255] INFO  statemachine.DatanodeStateMachine (DatanodeStateMachine.java:getEndPointTaskThreadPoolSize(237)) - Datanode State Machine Task Thread Pool size 2
2022-07-12 20:43:30,245 [Listener at 127.0.0.1/39255] INFO  volume.HddsVolume (HddsVolume.java:<init>(116)) - Creating HddsVolume: /home/runner/work/ozone/ozone/hadoop-ozone/integration-test/target/test-dir/MiniOzoneClusterImpl-403db390-d601-42e9-9e55-5e4bd55e0b9b/datanode-2/data-0/containers/hdds of storage type : DISK capacity : 9223372036854775807
2022-07-12 20:43:30,246 [Listener at 127.0.0.1/39255] INFO  volume.MutableVolumeSet (MutableVolumeSet.java:initializeVolumeSet(174)) - Added Volume : /home/runner/work/ozone/ozone/hadoop-ozone/integration-test/target/test-dir/MiniOzoneClusterImpl-403db390-d601-42e9-9e55-5e4bd55e0b9b/datanode-2/data-0/containers/hdds to VolumeSet
2022-07-12 20:43:30,246 [Listener at 127.0.0.1/39255] INFO  volume.ThrottledAsyncChecker (ThrottledAsyncChecker.java:schedule(141)) - Scheduling a check for /home/runner/work/ozone/ozone/hadoop-ozone/integration-test/target/test-dir/MiniOzoneClusterImpl-403db390-d601-42e9-9e55-5e4bd55e0b9b/datanode-2/data-0/containers/hdds
2022-07-12 20:43:30,249 [Listener at 127.0.0.1/39255] INFO  volume.StorageVolumeChecker (StorageVolumeChecker.java:checkAllVolumes(202)) - Scheduled health check for volume /home/runner/work/ozone/ozone/hadoop-ozone/integration-test/target/test-dir/MiniOzoneClusterImpl-403db390-d601-42e9-9e55-5e4bd55e0b9b/datanode-2/data-0/containers/hdds
2022-07-12 20:43:30,267 [Listener at 127.0.0.1/39255] INFO  volume.MutableVolumeSet (MutableVolumeSet.java:initializeVolumeSet(174)) - Added Volume : /home/runner/work/ozone/ozone/hadoop-ozone/integration-test/target/test-dir/MiniOzoneClusterImpl-403db390-d601-42e9-9e55-5e4bd55e0b9b/datanode-2/data/ratis to VolumeSet
2022-07-12 20:43:30,267 [Listener at 127.0.0.1/39255] INFO  volume.ThrottledAsyncChecker (ThrottledAsyncChecker.java:schedule(141)) - Scheduling a check for /home/runner/work/ozone/ozone/hadoop-ozone/integration-test/target/test-dir/MiniOzoneClusterImpl-403db390-d601-42e9-9e55-5e4bd55e0b9b/datanode-2/data/ratis
2022-07-12 20:43:30,275 [Listener at 127.0.0.1/39255] INFO  volume.StorageVolumeChecker (StorageVolumeChecker.java:checkAllVolumes(202)) - Scheduled health check for volume /home/runner/work/ozone/ozone/hadoop-ozone/integration-test/target/test-dir/MiniOzoneClusterImpl-403db390-d601-42e9-9e55-5e4bd55e0b9b/datanode-2/data/ratis
2022-07-12 20:43:30,280 [om1@group-C5BA1605619E-StateMachineUpdater] INFO  ratis.OzoneManagerStateMachine (OzoneManagerStateMachine.java:notifyConfigurationChanged(192)) - Received Configuration change notification from Ratis. New Peer list:
[id: "om1"
address: "localhost:9872"
]
2022-07-12 20:43:30,287 [Thread-162] INFO  ozoneimpl.ContainerReader (ContainerReader.java:readVolume(175)) - Finish verifying containers on volume /home/runner/work/ozone/ozone/hadoop-ozone/integration-test/target/test-dir/MiniOzoneClusterImpl-403db390-d601-42e9-9e55-5e4bd55e0b9b/datanode-2/data-0/containers/hdds
2022-07-12 20:43:30,287 [Listener at 127.0.0.1/39255] INFO  ozoneimpl.OzoneContainer (OzoneContainer.java:buildContainerSet(266)) - Build ContainerSet costs 0s
2022-07-12 20:43:30,290 [Listener at 127.0.0.1/39255] INFO  server.RaftServer (ConfUtils.java:logGet(46)) - raft.rpc.type = GRPC (default)
2022-07-12 20:43:30,290 [Listener at 127.0.0.1/39255] INFO  grpc.GrpcFactory (GrpcFactory.java:checkPooledByteBufAllocatorUseCacheForAllThreads(48)) - PERFORMANCE WARNING: useCacheForAllThreads is true that may cause Netty to create a lot garbage objects and, as a result, trigger GC.
	It is recommended to disable useCacheForAllThreads by setting -Dorg.apache.ratis.thirdparty.io.netty.allocator.useCacheForAllThreads=false in command line.
2022-07-12 20:43:30,290 [Listener at 127.0.0.1/39255] INFO  grpc.GrpcConfigKeys (ConfUtils.java:logGet(46)) - raft.grpc.admin.port = 0 (custom)
2022-07-12 20:43:30,290 [Listener at 127.0.0.1/39255] INFO  grpc.GrpcConfigKeys (ConfUtils.java:logGet(46)) - raft.grpc.client.port = 0 (custom)
2022-07-12 20:43:30,290 [Listener at 127.0.0.1/39255] INFO  grpc.GrpcConfigKeys (ConfUtils.java:logGet(46)) - raft.grpc.server.port = 0 (default)
2022-07-12 20:43:30,292 [Listener at 127.0.0.1/39255] INFO  server.GrpcService (ConfUtils.java:logGet(46)) - raft.grpc.message.size.max = 32MB (=33554432) (custom)
2022-07-12 20:43:30,292 [Listener at 127.0.0.1/39255] INFO  server.RaftServerConfigKeys (ConfUtils.java:logGet(46)) - raft.server.log.appender.buffer.byte-limit = 33554432 (custom)
2022-07-12 20:43:30,293 [Listener at 127.0.0.1/39255] INFO  server.GrpcService (ConfUtils.java:logGet(46)) - raft.grpc.flow.control.window = 5MB (=5242880) (custom)
2022-07-12 20:43:30,293 [Listener at 127.0.0.1/39255] INFO  server.RaftServerConfigKeys (ConfUtils.java:logGet(46)) - raft.server.rpc.request.timeout = 60s (custom)
2022-07-12 20:43:30,293 [Listener at 127.0.0.1/39255] INFO  grpc.GrpcConfigKeys (ConfUtils.java:logGet(46)) - raft.grpc.server.async.request.thread.pool.cached = true (default)
2022-07-12 20:43:30,294 [Listener at 127.0.0.1/39255] INFO  grpc.GrpcConfigKeys (ConfUtils.java:logGet(46)) - raft.grpc.server.async.request.thread.pool.size = 32 (default)
2022-07-12 20:43:30,295 [Listener at 127.0.0.1/39255] INFO  impl.DataStreamServerImpl (ConfUtils.java:logGet(46)) - raft.datastream.type = DISABLED (default)
2022-07-12 20:43:30,298 [Listener at 127.0.0.1/39255] INFO  server.RaftServerConfigKeys (ConfUtils.java:logGet(46)) - raft.server.threadpool.proxy.cached = true (default)
2022-07-12 20:43:30,302 [Listener at 127.0.0.1/39255] INFO  server.RaftServerConfigKeys (ConfUtils.java:logGet(46)) - raft.server.threadpool.proxy.size = 0 (default)
2022-07-12 20:43:30,302 [Listener at 127.0.0.1/39255] INFO  server.RaftServerConfigKeys (ConfUtils.java:logGet(46)) - raft.server.rpc.slowness.timeout = 300s (custom)
2022-07-12 20:43:30,303 [Listener at 127.0.0.1/39255] INFO  server.RaftServerConfigKeys (ConfUtils.java:logGet(46)) - raft.server.leaderelection.leader.step-down.wait-time = 10s (default)
2022-07-12 20:43:30,303 [Listener at 127.0.0.1/39255] INFO  server.RaftServerConfigKeys (ConfUtils.java:logGet(46)) - raft.server.storage.dir = [/home/runner/work/ozone/ozone/hadoop-ozone/integration-test/target/test-dir/MiniOzoneClusterImpl-403db390-d601-42e9-9e55-5e4bd55e0b9b/datanode-2/data/ratis] (custom)
2022-07-12 20:43:30,306 [Listener at 127.0.0.1/39255] INFO  server.XceiverServerGrpc (XceiverServerGrpc.java:<init>(132)) - GrpcServer channel type EpollServerSocketChannel
2022-07-12 20:43:30,311 [Listener at 127.0.0.1/39255] INFO  http.BaseHttpServer (BaseHttpServer.java:newHttpServer2BuilderForOzone(209)) - Starting Web-server for hddsDatanode at: http://0.0.0.0:0
2022-07-12 20:43:30,319 [Listener at 127.0.0.1/39255] INFO  http.BaseHttpServer (BaseHttpServer.java:<init>(107)) - Hadoop Security Enabled: false Ozone Security Enabled: false Ozone HTTP Security Enabled: false 
2022-07-12 20:43:30,328 [Listener at 127.0.0.1/39255] INFO  server.AuthenticationFilter (AuthenticationFilter.java:constructSecretProvider(240)) - Unable to initialize FileSignerSecretProvider, falling back to use random secrets.
2022-07-12 20:43:30,343 [Listener at 127.0.0.1/39255] WARN  http.HttpRequestLog (HttpRequestLog.java:getRequestLog(103)) - Jetty request log can only be enabled using Log4j
2022-07-12 20:43:30,344 [Listener at 127.0.0.1/39255] INFO  http.HttpServer2 (HttpServer2.java:addGlobalFilter(1029)) - Added global filter 'safety' (class=org.apache.hadoop.hdds.server.http.HttpServer2$QuotingInputFilter)
2022-07-12 20:43:30,345 [Listener at 127.0.0.1/39255] INFO  http.HttpServer2 (HttpServer2.java:addFilter(1005)) - Added filter static_user_filter (class=org.apache.hadoop.http.lib.StaticUserWebFilter$StaticUserFilter) to context hddsDatanode
2022-07-12 20:43:30,345 [Listener at 127.0.0.1/39255] INFO  http.HttpServer2 (HttpServer2.java:addFilter(1013)) - Added filter static_user_filter (class=org.apache.hadoop.http.lib.StaticUserWebFilter$StaticUserFilter) to context logs
2022-07-12 20:43:30,345 [Listener at 127.0.0.1/39255] INFO  http.HttpServer2 (HttpServer2.java:addFilter(1013)) - Added filter static_user_filter (class=org.apache.hadoop.http.lib.StaticUserWebFilter$StaticUserFilter) to context static
2022-07-12 20:43:30,346 [Listener at 127.0.0.1/39255] INFO  http.HttpServer2 (HttpServer2.java:bindListener(1248)) - Jetty bound to port 43047
2022-07-12 20:43:30,346 [Listener at 127.0.0.1/39255] INFO  server.Server (Server.java:doStart(375)) - jetty-9.4.43.v20210629; built: 2021-06-30T11:07:22.254Z; git: 526006ecfa3af7f1a27ef3a288e2bef7ea9dd7e8; jvm 1.8.0_332-b09
2022-07-12 20:43:30,371 [Listener at 127.0.0.1/39255] INFO  server.session (DefaultSessionIdManager.java:doStart(334)) - DefaultSessionIdManager workerName=node0
2022-07-12 20:43:30,371 [Listener at 127.0.0.1/39255] INFO  server.session (DefaultSessionIdManager.java:doStart(339)) - No SessionScavenger set, using defaults
2022-07-12 20:43:30,371 [Listener at 127.0.0.1/39255] INFO  server.session (HouseKeeper.java:startScavenging(132)) - node0 Scavenging every 600000ms
2022-07-12 20:43:30,375 [Listener at 127.0.0.1/39255] INFO  handler.ContextHandler (ContextHandler.java:doStart(915)) - Started o.e.j.s.ServletContextHandler@fc2d07f{logs,/logs,file:///home/runner/work/ozone/ozone/hadoop-ozone/integration-test/target/log,AVAILABLE}
2022-07-12 20:43:30,375 [Listener at 127.0.0.1/39255] INFO  handler.ContextHandler (ContextHandler.java:doStart(915)) - Started o.e.j.s.ServletContextHandler@25941b5b{static,/static,jar:file:/home/runner/.m2/repository/org/apache/ozone/hdds-container-service/1.3.0-SNAPSHOT/hdds-container-service-1.3.0-SNAPSHOT.jar!/webapps/static,AVAILABLE}
2022-07-12 20:43:30,537 [Listener at 127.0.0.1/39255] INFO  handler.ContextHandler (ContextHandler.java:doStart(915)) - Started o.e.j.w.WebAppContext@10af5cee{hddsDatanode,/,file:///tmp/jetty-0_0_0_0-43047-hdds-container-service-1_3_0-SNAPSHOT_jar-_-any-1648877679757448591/webapp/,AVAILABLE}{jar:file:/home/runner/.m2/repository/org/apache/ozone/hdds-container-service/1.3.0-SNAPSHOT/hdds-container-service-1.3.0-SNAPSHOT.jar!/webapps/hddsDatanode}
2022-07-12 20:43:30,538 [Listener at 127.0.0.1/39255] INFO  server.AbstractConnector (AbstractConnector.java:doStart(331)) - Started ServerConnector@7f5c74db{HTTP/1.1, (http/1.1)}{0.0.0.0:43047}
2022-07-12 20:43:30,538 [Listener at 127.0.0.1/39255] INFO  server.Server (Server.java:doStart(415)) - Started @8913ms
2022-07-12 20:43:30,538 [Listener at 127.0.0.1/39255] WARN  impl.MetricsSystemImpl (MetricsSystemImpl.java:register(279)) - Sink prometheus already exists!
2022-07-12 20:43:30,540 [Listener at 127.0.0.1/39255] INFO  http.BaseHttpServer (BaseHttpServer.java:updateConnectorAddress(329)) - HTTP server of hddsDatanode listening at http://0.0.0.0:43047
2022-07-12 20:43:30,542 [Datanode State Machine Daemon Thread] INFO  statemachine.DatanodeStateMachine (DatanodeStateMachine.java:lambda$startDaemon$0(492)) - Ozone container server started.
2022-07-12 20:43:30,544 [Listener at 127.0.0.1/39255] INFO  ozone.MiniOzoneClusterImpl (MiniOzoneClusterImpl.java:lambda$waitForClusterToBeReady$0(223)) - Waiting for nodes to be ready. Got 0 of 3 DN Heartbeats.
2022-07-12 20:43:30,544 [Listener at 127.0.0.1/39255] INFO  ozone.MiniOzoneClusterImpl (MiniOzoneClusterImpl.java:lambda$waitForClusterToBeReady$0(226)) - Waiting for cluster to exit safe mode
2022-07-12 20:43:30,544 [Listener at 127.0.0.1/39255] INFO  ozone.MiniOzoneClusterImpl (MiniOzoneClusterImpl.java:lambda$waitForClusterToBeReady$0(228)) - SCM became leader
2022-07-12 20:43:30,546 [org.apache.hadoop.util.JvmPauseMonitor$Monitor@60d3d7d3] INFO  util.JvmPauseMonitor (JvmPauseMonitor.java:run(188)) - Starting JVM pause monitor
2022-07-12 20:43:30,552 [Datanode State Machine Task Thread - 0] INFO  datanode.InitDatanodeState (InitDatanodeState.java:persistContainerDatanodeDetails(138)) - DatanodeDetails is persisted to /home/runner/work/ozone/ozone/hadoop-ozone/integration-test/target/test-dir/MiniOzoneClusterImpl-403db390-d601-42e9-9e55-5e4bd55e0b9b/datanode-2/meta/datanode.id
2022-07-12 20:43:31,545 [Listener at 127.0.0.1/39255] INFO  ozone.MiniOzoneClusterImpl (MiniOzoneClusterImpl.java:lambda$waitForClusterToBeReady$0(223)) - Waiting for nodes to be ready. Got 0 of 3 DN Heartbeats.
2022-07-12 20:43:31,545 [Listener at 127.0.0.1/39255] INFO  ozone.MiniOzoneClusterImpl (MiniOzoneClusterImpl.java:lambda$waitForClusterToBeReady$0(226)) - Waiting for cluster to exit safe mode
2022-07-12 20:43:31,545 [Listener at 127.0.0.1/39255] INFO  ozone.MiniOzoneClusterImpl (MiniOzoneClusterImpl.java:lambda$waitForClusterToBeReady$0(228)) - SCM became leader
2022-07-12 20:43:31,751 [EndpointStateMachine task thread for /0.0.0.0:43493 - 0 ] INFO  volume.HddsVolume (HddsVolume.java:createDbStore(309)) - SchemaV3 db is created and loaded at /home/runner/work/ozone/ozone/hadoop-ozone/integration-test/target/test-dir/MiniOzoneClusterImpl-403db390-d601-42e9-9e55-5e4bd55e0b9b/datanode-0/data-0/containers/hdds/403db390-d601-42e9-9e55-5e4bd55e0b9b/DS-5dcec4ae-b62d-4956-985b-ef6be2d4a2f1/container.db for volume DS-5dcec4ae-b62d-4956-985b-ef6be2d4a2f1
2022-07-12 20:43:31,755 [EndpointStateMachine task thread for /0.0.0.0:43493 - 0 ] INFO  volume.HddsVolume (HddsVolume.java:closeDbStore(340)) - SchemaV3 db is stopped at /home/runner/work/ozone/ozone/hadoop-ozone/integration-test/target/test-dir/MiniOzoneClusterImpl-403db390-d601-42e9-9e55-5e4bd55e0b9b/datanode-0/data-0/containers/hdds/403db390-d601-42e9-9e55-5e4bd55e0b9b/DS-5dcec4ae-b62d-4956-985b-ef6be2d4a2f1/container.db for volume DS-5dcec4ae-b62d-4956-985b-ef6be2d4a2f1
2022-07-12 20:43:31,755 [EndpointStateMachine task thread for /0.0.0.0:43493 - 0 ] INFO  ozoneimpl.OzoneContainer (OzoneContainer.java:start(344)) - Attempting to start container services.
2022-07-12 20:43:31,757 [EndpointStateMachine task thread for /0.0.0.0:43493 - 0 ] INFO  ozoneimpl.OzoneContainer (OzoneContainer.java:startContainerScrub(279)) - Background container scanner has been disabled.
2022-07-12 20:43:31,759 [EndpointStateMachine task thread for /0.0.0.0:43493 - 0 ] INFO  replication.ReplicationServer (ReplicationServer.java:start(111)) - ReplicationServer is started using port 38811
2022-07-12 20:43:31,761 [EndpointStateMachine task thread for /0.0.0.0:43493 - 0 ] INFO  ratis.XceiverServerRatis (XceiverServerRatis.java:start(481)) - Starting XceiverServerRatis 2de1e519-7420-449a-b6b3-45c208f0058f
2022-07-12 20:43:31,766 [EndpointStateMachine task thread for /0.0.0.0:43493 - 0 ] INFO  server.RaftServer (RaftServerProxy.java:lambda$start$6(382)) - 2de1e519-7420-449a-b6b3-45c208f0058f: start RPC server
2022-07-12 20:43:31,772 [EndpointStateMachine task thread for /0.0.0.0:43493 - 0 ] INFO  server.GrpcService (GrpcService.java:startImpl(260)) - 2de1e519-7420-449a-b6b3-45c208f0058f: GrpcService started, listening on 43801
2022-07-12 20:43:31,772 [EndpointStateMachine task thread for /0.0.0.0:43493 - 0 ] INFO  ratis.XceiverServerRatis (XceiverServerRatis.java:getRealPort(502)) - XceiverServerRatis 2de1e519-7420-449a-b6b3-45c208f0058f is started using port 43801 for RATIS
2022-07-12 20:43:31,772 [EndpointStateMachine task thread for /0.0.0.0:43493 - 0 ] INFO  ratis.XceiverServerRatis (XceiverServerRatis.java:getRealPort(502)) - XceiverServerRatis 2de1e519-7420-449a-b6b3-45c208f0058f is started using port 43801 for RATIS_ADMIN
2022-07-12 20:43:31,772 [EndpointStateMachine task thread for /0.0.0.0:43493 - 0 ] INFO  ratis.XceiverServerRatis (XceiverServerRatis.java:getRealPort(502)) - XceiverServerRatis 2de1e519-7420-449a-b6b3-45c208f0058f is started using port 43801 for RATIS_SERVER
2022-07-12 20:43:31,773 [org.apache.ratis.util.JvmPauseMonitor$$Lambda$680/1268395511@7f2a1d38] INFO  util.JvmPauseMonitor (JvmPauseMonitor.java:run(103)) - JvmPauseMonitor-2de1e519-7420-449a-b6b3-45c208f0058f: Started
2022-07-12 20:43:31,781 [EndpointStateMachine task thread for /0.0.0.0:43493 - 0 ] INFO  server.XceiverServerGrpc (XceiverServerGrpc.java:start(180)) - XceiverServerGrpc 2de1e519-7420-449a-b6b3-45c208f0058f is started using port 46517
2022-07-12 20:43:32,158 [EndpointStateMachine task thread for /0.0.0.0:43493 - 0 ] INFO  volume.HddsVolume (HddsVolume.java:createDbStore(309)) - SchemaV3 db is created and loaded at /home/runner/work/ozone/ozone/hadoop-ozone/integration-test/target/test-dir/MiniOzoneClusterImpl-403db390-d601-42e9-9e55-5e4bd55e0b9b/datanode-1/data-0/containers/hdds/403db390-d601-42e9-9e55-5e4bd55e0b9b/DS-9add61cd-ec63-4c8a-a4e2-99bc50875154/container.db for volume DS-9add61cd-ec63-4c8a-a4e2-99bc50875154
2022-07-12 20:43:32,158 [EndpointStateMachine task thread for /0.0.0.0:43493 - 0 ] INFO  volume.HddsVolume (HddsVolume.java:closeDbStore(340)) - SchemaV3 db is stopped at /home/runner/work/ozone/ozone/hadoop-ozone/integration-test/target/test-dir/MiniOzoneClusterImpl-403db390-d601-42e9-9e55-5e4bd55e0b9b/datanode-1/data-0/containers/hdds/403db390-d601-42e9-9e55-5e4bd55e0b9b/DS-9add61cd-ec63-4c8a-a4e2-99bc50875154/container.db for volume DS-9add61cd-ec63-4c8a-a4e2-99bc50875154
2022-07-12 20:43:32,158 [EndpointStateMachine task thread for /0.0.0.0:43493 - 0 ] INFO  ozoneimpl.OzoneContainer (OzoneContainer.java:start(344)) - Attempting to start container services.
2022-07-12 20:43:32,159 [EndpointStateMachine task thread for /0.0.0.0:43493 - 0 ] INFO  ozoneimpl.OzoneContainer (OzoneContainer.java:startContainerScrub(279)) - Background container scanner has been disabled.
2022-07-12 20:43:32,160 [EndpointStateMachine task thread for /0.0.0.0:43493 - 0 ] INFO  replication.ReplicationServer (ReplicationServer.java:start(111)) - ReplicationServer is started using port 35011
2022-07-12 20:43:32,160 [EndpointStateMachine task thread for /0.0.0.0:43493 - 0 ] INFO  ratis.XceiverServerRatis (XceiverServerRatis.java:start(481)) - Starting XceiverServerRatis 1c8026fd-317f-4e79-aa49-e69de355aaaa
2022-07-12 20:43:32,161 [EndpointStateMachine task thread for /0.0.0.0:43493 - 0 ] INFO  server.RaftServer (RaftServerProxy.java:lambda$start$6(382)) - 1c8026fd-317f-4e79-aa49-e69de355aaaa: start RPC server
2022-07-12 20:43:32,162 [EndpointStateMachine task thread for /0.0.0.0:43493 - 0 ] INFO  server.GrpcService (GrpcService.java:startImpl(260)) - 1c8026fd-317f-4e79-aa49-e69de355aaaa: GrpcService started, listening on 38443
2022-07-12 20:43:32,162 [EndpointStateMachine task thread for /0.0.0.0:43493 - 0 ] INFO  ratis.XceiverServerRatis (XceiverServerRatis.java:getRealPort(502)) - XceiverServerRatis 1c8026fd-317f-4e79-aa49-e69de355aaaa is started using port 38443 for RATIS
2022-07-12 20:43:32,163 [org.apache.ratis.util.JvmPauseMonitor$$Lambda$680/1268395511@6b05c009] INFO  util.JvmPauseMonitor (JvmPauseMonitor.java:run(103)) - JvmPauseMonitor-1c8026fd-317f-4e79-aa49-e69de355aaaa: Started
2022-07-12 20:43:32,163 [EndpointStateMachine task thread for /0.0.0.0:43493 - 0 ] INFO  ratis.XceiverServerRatis (XceiverServerRatis.java:getRealPort(502)) - XceiverServerRatis 1c8026fd-317f-4e79-aa49-e69de355aaaa is started using port 38443 for RATIS_ADMIN
2022-07-12 20:43:32,163 [EndpointStateMachine task thread for /0.0.0.0:43493 - 0 ] INFO  ratis.XceiverServerRatis (XceiverServerRatis.java:getRealPort(502)) - XceiverServerRatis 1c8026fd-317f-4e79-aa49-e69de355aaaa is started using port 38443 for RATIS_SERVER
2022-07-12 20:43:32,164 [EndpointStateMachine task thread for /0.0.0.0:43493 - 0 ] INFO  server.XceiverServerGrpc (XceiverServerGrpc.java:start(180)) - XceiverServerGrpc 1c8026fd-317f-4e79-aa49-e69de355aaaa is started using port 40191
2022-07-12 20:43:32,546 [Listener at 127.0.0.1/39255] INFO  ozone.MiniOzoneClusterImpl (MiniOzoneClusterImpl.java:lambda$waitForClusterToBeReady$0(223)) - Waiting for nodes to be ready. Got 0 of 3 DN Heartbeats.
2022-07-12 20:43:32,546 [Listener at 127.0.0.1/39255] INFO  ozone.MiniOzoneClusterImpl (MiniOzoneClusterImpl.java:lambda$waitForClusterToBeReady$0(226)) - Waiting for cluster to exit safe mode
2022-07-12 20:43:32,546 [Listener at 127.0.0.1/39255] INFO  ozone.MiniOzoneClusterImpl (MiniOzoneClusterImpl.java:lambda$waitForClusterToBeReady$0(228)) - SCM became leader
2022-07-12 20:43:32,572 [EndpointStateMachine task thread for /0.0.0.0:43493 - 0 ] INFO  volume.HddsVolume (HddsVolume.java:createDbStore(309)) - SchemaV3 db is created and loaded at /home/runner/work/ozone/ozone/hadoop-ozone/integration-test/target/test-dir/MiniOzoneClusterImpl-403db390-d601-42e9-9e55-5e4bd55e0b9b/datanode-2/data-0/containers/hdds/403db390-d601-42e9-9e55-5e4bd55e0b9b/DS-49385bea-d57c-436d-b3c5-b70105428c38/container.db for volume DS-49385bea-d57c-436d-b3c5-b70105428c38
2022-07-12 20:43:32,572 [EndpointStateMachine task thread for /0.0.0.0:43493 - 0 ] INFO  volume.HddsVolume (HddsVolume.java:closeDbStore(340)) - SchemaV3 db is stopped at /home/runner/work/ozone/ozone/hadoop-ozone/integration-test/target/test-dir/MiniOzoneClusterImpl-403db390-d601-42e9-9e55-5e4bd55e0b9b/datanode-2/data-0/containers/hdds/403db390-d601-42e9-9e55-5e4bd55e0b9b/DS-49385bea-d57c-436d-b3c5-b70105428c38/container.db for volume DS-49385bea-d57c-436d-b3c5-b70105428c38
2022-07-12 20:43:32,573 [EndpointStateMachine task thread for /0.0.0.0:43493 - 0 ] INFO  ozoneimpl.OzoneContainer (OzoneContainer.java:start(344)) - Attempting to start container services.
2022-07-12 20:43:32,573 [EndpointStateMachine task thread for /0.0.0.0:43493 - 0 ] INFO  ozoneimpl.OzoneContainer (OzoneContainer.java:startContainerScrub(279)) - Background container scanner has been disabled.
2022-07-12 20:43:32,574 [EndpointStateMachine task thread for /0.0.0.0:43493 - 0 ] INFO  replication.ReplicationServer (ReplicationServer.java:start(111)) - ReplicationServer is started using port 43489
2022-07-12 20:43:32,575 [EndpointStateMachine task thread for /0.0.0.0:43493 - 0 ] INFO  ratis.XceiverServerRatis (XceiverServerRatis.java:start(481)) - Starting XceiverServerRatis 31889ab4-3e75-4a68-bf86-b260e37d0475
2022-07-12 20:43:32,576 [EndpointStateMachine task thread for /0.0.0.0:43493 - 0 ] INFO  server.RaftServer (RaftServerProxy.java:lambda$start$6(382)) - 31889ab4-3e75-4a68-bf86-b260e37d0475: start RPC server
2022-07-12 20:43:32,577 [EndpointStateMachine task thread for /0.0.0.0:43493 - 0 ] INFO  server.GrpcService (GrpcService.java:startImpl(260)) - 31889ab4-3e75-4a68-bf86-b260e37d0475: GrpcService started, listening on 33947
2022-07-12 20:43:32,578 [EndpointStateMachine task thread for /0.0.0.0:43493 - 0 ] INFO  ratis.XceiverServerRatis (XceiverServerRatis.java:getRealPort(502)) - XceiverServerRatis 31889ab4-3e75-4a68-bf86-b260e37d0475 is started using port 33947 for RATIS
2022-07-12 20:43:32,578 [org.apache.ratis.util.JvmPauseMonitor$$Lambda$680/1268395511@324387e5] INFO  util.JvmPauseMonitor (JvmPauseMonitor.java:run(103)) - JvmPauseMonitor-31889ab4-3e75-4a68-bf86-b260e37d0475: Started
2022-07-12 20:43:32,578 [EndpointStateMachine task thread for /0.0.0.0:43493 - 0 ] INFO  ratis.XceiverServerRatis (XceiverServerRatis.java:getRealPort(502)) - XceiverServerRatis 31889ab4-3e75-4a68-bf86-b260e37d0475 is started using port 33947 for RATIS_ADMIN
2022-07-12 20:43:32,578 [EndpointStateMachine task thread for /0.0.0.0:43493 - 0 ] INFO  ratis.XceiverServerRatis (XceiverServerRatis.java:getRealPort(502)) - XceiverServerRatis 31889ab4-3e75-4a68-bf86-b260e37d0475 is started using port 33947 for RATIS_SERVER
2022-07-12 20:43:32,582 [EndpointStateMachine task thread for /0.0.0.0:43493 - 0 ] INFO  server.XceiverServerGrpc (XceiverServerGrpc.java:start(180)) - XceiverServerGrpc 31889ab4-3e75-4a68-bf86-b260e37d0475 is started using port 34235
2022-07-12 20:43:33,546 [Listener at 127.0.0.1/39255] INFO  ozone.MiniOzoneClusterImpl (MiniOzoneClusterImpl.java:lambda$waitForClusterToBeReady$0(223)) - Waiting for nodes to be ready. Got 0 of 3 DN Heartbeats.
2022-07-12 20:43:33,547 [Listener at 127.0.0.1/39255] INFO  ozone.MiniOzoneClusterImpl (MiniOzoneClusterImpl.java:lambda$waitForClusterToBeReady$0(226)) - Waiting for cluster to exit safe mode
2022-07-12 20:43:33,547 [Listener at 127.0.0.1/39255] INFO  ozone.MiniOzoneClusterImpl (MiniOzoneClusterImpl.java:lambda$waitForClusterToBeReady$0(228)) - SCM became leader
2022-07-12 20:43:33,685 [IPC Server handler 2 on default port 43493] INFO  net.NetworkTopologyImpl (NetworkTopologyImpl.java:add(112)) - Added a new node: /default-rack/2de1e519-7420-449a-b6b3-45c208f0058f
2022-07-12 20:43:33,687 [IPC Server handler 2 on default port 43493] INFO  node.SCMNodeManager (SCMNodeManager.java:register(397)) - Registered Data node : 2de1e519-7420-449a-b6b3-45c208f0058f{ip: 10.1.0.33, host: fv-az29-983.0gf2enmb5avurc1gjtxldx4mnh.bx.internal.cloudapp.net, ports: [REPLICATION=38811, RATIS=43801, RATIS_ADMIN=43801, RATIS_SERVER=43801, STANDALONE=46517], networkLocation: /default-rack, certSerialId: null, persistedOpState: null, persistedOpStateExpiryEpochSec: 0}
2022-07-12 20:43:33,691 [EventQueue-NodeRegistrationContainerReportForContainerSafeModeRule] INFO  safemode.SCMSafeModeManager (SCMSafeModeManager.java:validateSafeModeExitRules(204)) - ContainerSafeModeRule rule is successfully validated
2022-07-12 20:43:33,692 [EventQueue-NewNodeForNewNodeHandler] INFO  pipeline.BackgroundPipelineCreator (BackgroundPipelineCreator.java:notifyEventTriggered(275)) - trigger a one-shot run on RatisPipelineUtilsThread.
2022-07-12 20:43:33,692 [EventQueue-NodeRegistrationContainerReportForDataNodeSafeModeRule] INFO  safemode.SCMSafeModeManager (DataNodeSafeModeRule.java:process(71)) - SCM in safe mode. 1 DataNodes registered, 3 required.
2022-07-12 20:43:33,695 [EventQueue-PipelineReportForOneReplicaPipelineSafeModeRule] INFO  safemode.SCMSafeModeManager (SCMSafeModeManager.java:validateSafeModeExitRules(204)) - AtleastOneDatanodeReportedRule rule is successfully validated
2022-07-12 20:43:33,701 [RatisPipelineUtilsThread - 0] INFO  pipeline.RatisPipelineProvider (RatisPipelineProvider.java:lambda$create$0(195)) - Sending CreatePipelineCommand for pipeline:PipelineID=461ef6c6-a2bb-43c6-b877-a15e2128d6d2 to datanode:2de1e519-7420-449a-b6b3-45c208f0058f
2022-07-12 20:43:33,712 [RatisPipelineUtilsThread - 0] INFO  pipeline.PipelineStateManagerImpl (PipelineStateManagerImpl.java:addPipeline(103)) - Created pipeline Pipeline[ Id: 461ef6c6-a2bb-43c6-b877-a15e2128d6d2, Nodes: 2de1e519-7420-449a-b6b3-45c208f0058f{ip: 10.1.0.33, host: fv-az29-983.0gf2enmb5avurc1gjtxldx4mnh.bx.internal.cloudapp.net, ports: [REPLICATION=38811, RATIS=43801, RATIS_ADMIN=43801, RATIS_SERVER=43801, STANDALONE=46517], networkLocation: /default-rack, certSerialId: null, persistedOpState: IN_SERVICE, persistedOpStateExpiryEpochSec: 0}, ReplicationConfig: RATIS/ONE, State:ALLOCATED, leaderId:, CreationTimestamp2022-07-12T20:43:33.698Z[Etc/UTC]].
2022-07-12 20:43:34,125 [IPC Server handler 0 on default port 43493] INFO  net.NetworkTopologyImpl (NetworkTopologyImpl.java:add(112)) - Added a new node: /default-rack/1c8026fd-317f-4e79-aa49-e69de355aaaa
2022-07-12 20:43:34,126 [IPC Server handler 0 on default port 43493] INFO  node.SCMNodeManager (SCMNodeManager.java:register(397)) - Registered Data node : 1c8026fd-317f-4e79-aa49-e69de355aaaa{ip: 10.1.0.33, host: fv-az29-983.0gf2enmb5avurc1gjtxldx4mnh.bx.internal.cloudapp.net, ports: [REPLICATION=35011, RATIS=38443, RATIS_ADMIN=38443, RATIS_SERVER=38443, STANDALONE=40191], networkLocation: /default-rack, certSerialId: null, persistedOpState: null, persistedOpStateExpiryEpochSec: 0}
2022-07-12 20:43:34,127 [EventQueue-NewNodeForNewNodeHandler] INFO  pipeline.BackgroundPipelineCreator (BackgroundPipelineCreator.java:notifyEventTriggered(275)) - trigger a one-shot run on RatisPipelineUtilsThread.
2022-07-12 20:43:34,128 [EventQueue-NodeRegistrationContainerReportForDataNodeSafeModeRule] INFO  safemode.SCMSafeModeManager (DataNodeSafeModeRule.java:process(71)) - SCM in safe mode. 2 DataNodes registered, 3 required.
2022-07-12 20:43:34,130 [RatisPipelineUtilsThread - 0] INFO  pipeline.RatisPipelineProvider (RatisPipelineProvider.java:lambda$create$0(195)) - Sending CreatePipelineCommand for pipeline:PipelineID=0f0f6f10-961e-404c-903d-5d6ac1929f9d to datanode:1c8026fd-317f-4e79-aa49-e69de355aaaa
2022-07-12 20:43:34,130 [RatisPipelineUtilsThread - 0] INFO  pipeline.PipelineStateManagerImpl (PipelineStateManagerImpl.java:addPipeline(103)) - Created pipeline Pipeline[ Id: 0f0f6f10-961e-404c-903d-5d6ac1929f9d, Nodes: 1c8026fd-317f-4e79-aa49-e69de355aaaa{ip: 10.1.0.33, host: fv-az29-983.0gf2enmb5avurc1gjtxldx4mnh.bx.internal.cloudapp.net, ports: [REPLICATION=35011, RATIS=38443, RATIS_ADMIN=38443, RATIS_SERVER=38443, STANDALONE=40191], networkLocation: /default-rack, certSerialId: null, persistedOpState: IN_SERVICE, persistedOpStateExpiryEpochSec: 0}, ReplicationConfig: RATIS/ONE, State:ALLOCATED, leaderId:, CreationTimestamp2022-07-12T20:43:34.130Z[Etc/UTC]].
2022-07-12 20:43:34,547 [Listener at 127.0.0.1/39255] INFO  ozone.MiniOzoneClusterImpl (MiniOzoneClusterImpl.java:lambda$waitForClusterToBeReady$0(223)) - Waiting for nodes to be ready. Got 2 of 3 DN Heartbeats.
2022-07-12 20:43:34,547 [Listener at 127.0.0.1/39255] INFO  ozone.MiniOzoneClusterImpl (MiniOzoneClusterImpl.java:lambda$waitForClusterToBeReady$0(226)) - Waiting for cluster to exit safe mode
2022-07-12 20:43:34,547 [Listener at 127.0.0.1/39255] INFO  ozone.MiniOzoneClusterImpl (MiniOzoneClusterImpl.java:lambda$waitForClusterToBeReady$0(228)) - SCM became leader
2022-07-12 20:43:34,547 [IPC Server handler 1 on default port 43493] INFO  net.NetworkTopologyImpl (NetworkTopologyImpl.java:add(112)) - Added a new node: /default-rack/31889ab4-3e75-4a68-bf86-b260e37d0475
2022-07-12 20:43:34,548 [IPC Server handler 1 on default port 43493] INFO  node.SCMNodeManager (SCMNodeManager.java:register(397)) - Registered Data node : 31889ab4-3e75-4a68-bf86-b260e37d0475{ip: 10.1.0.33, host: fv-az29-983.0gf2enmb5avurc1gjtxldx4mnh.bx.internal.cloudapp.net, ports: [REPLICATION=43489, RATIS=33947, RATIS_ADMIN=33947, RATIS_SERVER=33947, STANDALONE=34235], networkLocation: /default-rack, certSerialId: null, persistedOpState: null, persistedOpStateExpiryEpochSec: 0}
2022-07-12 20:43:34,548 [EventQueue-NewNodeForNewNodeHandler] INFO  pipeline.BackgroundPipelineCreator (BackgroundPipelineCreator.java:notifyEventTriggered(275)) - trigger a one-shot run on RatisPipelineUtilsThread.
2022-07-12 20:43:34,549 [RatisPipelineUtilsThread - 0] INFO  pipeline.RatisPipelineProvider (RatisPipelineProvider.java:lambda$create$0(195)) - Sending CreatePipelineCommand for pipeline:PipelineID=6e8cdc2b-2d18-4943-a00e-c302f06907f1 to datanode:31889ab4-3e75-4a68-bf86-b260e37d0475
2022-07-12 20:43:34,549 [EventQueue-NodeRegistrationContainerReportForDataNodeSafeModeRule] INFO  safemode.SCMSafeModeManager (DataNodeSafeModeRule.java:process(71)) - SCM in safe mode. 3 DataNodes registered, 3 required.
2022-07-12 20:43:34,549 [EventQueue-NodeRegistrationContainerReportForDataNodeSafeModeRule] INFO  safemode.SCMSafeModeManager (SCMSafeModeManager.java:validateSafeModeExitRules(204)) - DataNodeSafeModeRule rule is successfully validated
2022-07-12 20:43:34,550 [EventQueue-NodeRegistrationContainerReportForDataNodeSafeModeRule] INFO  safemode.SCMSafeModeManager (SCMSafeModeManager.java:completePreCheck(233)) - All SCM safe mode pre check rules have passed
2022-07-12 20:43:34,550 [EventQueue-NodeRegistrationContainerReportForDataNodeSafeModeRule] WARN  events.EventQueue (EventQueue.java:fireEvent(216)) - No event handler registered for event TypedEvent{payloadType=SafeModeStatus, name='Safe mode status'}
2022-07-12 20:43:34,550 [EventQueue-NodeRegistrationContainerReportForDataNodeSafeModeRule] INFO  ha.SCMContext (SCMContext.java:updateSafeModeStatus(228)) - Update SafeModeStatus from SafeModeStatus{safeModeStatus=true, preCheckPassed=false} to SafeModeStatus{safeModeStatus=true, preCheckPassed=true}.
2022-07-12 20:43:34,550 [RatisPipelineUtilsThread - 0] INFO  pipeline.PipelineStateManagerImpl (PipelineStateManagerImpl.java:addPipeline(103)) - Created pipeline Pipeline[ Id: 6e8cdc2b-2d18-4943-a00e-c302f06907f1, Nodes: 31889ab4-3e75-4a68-bf86-b260e37d0475{ip: 10.1.0.33, host: fv-az29-983.0gf2enmb5avurc1gjtxldx4mnh.bx.internal.cloudapp.net, ports: [REPLICATION=43489, RATIS=33947, RATIS_ADMIN=33947, RATIS_SERVER=33947, STANDALONE=34235], networkLocation: /default-rack, certSerialId: null, persistedOpState: IN_SERVICE, persistedOpStateExpiryEpochSec: 0}, ReplicationConfig: RATIS/ONE, State:ALLOCATED, leaderId:, CreationTimestamp2022-07-12T20:43:34.549Z[Etc/UTC]].
2022-07-12 20:43:34,550 [EventQueue-NodeRegistrationContainerReportForDataNodeSafeModeRule] INFO  pipeline.BackgroundPipelineCreator (BackgroundPipelineCreator.java:notifyEventTriggered(275)) - trigger a one-shot run on RatisPipelineUtilsThread.
2022-07-12 20:43:34,554 [RatisPipelineUtilsThread - 0] INFO  pipeline.RatisPipelineProvider (RatisPipelineProvider.java:lambda$create$0(195)) - Sending CreatePipelineCommand for pipeline:PipelineID=27f296c5-36c9-4318-81f4-9cd9f0a1529b to datanode:1c8026fd-317f-4e79-aa49-e69de355aaaa
2022-07-12 20:43:34,554 [RatisPipelineUtilsThread - 0] INFO  pipeline.RatisPipelineProvider (RatisPipelineProvider.java:lambda$create$0(195)) - Sending CreatePipelineCommand for pipeline:PipelineID=27f296c5-36c9-4318-81f4-9cd9f0a1529b to datanode:31889ab4-3e75-4a68-bf86-b260e37d0475
2022-07-12 20:43:34,554 [RatisPipelineUtilsThread - 0] INFO  pipeline.RatisPipelineProvider (RatisPipelineProvider.java:lambda$create$0(195)) - Sending CreatePipelineCommand for pipeline:PipelineID=27f296c5-36c9-4318-81f4-9cd9f0a1529b to datanode:2de1e519-7420-449a-b6b3-45c208f0058f
2022-07-12 20:43:34,555 [RatisPipelineUtilsThread - 0] INFO  pipeline.PipelineStateManagerImpl (PipelineStateManagerImpl.java:addPipeline(103)) - Created pipeline Pipeline[ Id: 27f296c5-36c9-4318-81f4-9cd9f0a1529b, Nodes: 1c8026fd-317f-4e79-aa49-e69de355aaaa{ip: 10.1.0.33, host: fv-az29-983.0gf2enmb5avurc1gjtxldx4mnh.bx.internal.cloudapp.net, ports: [REPLICATION=35011, RATIS=38443, RATIS_ADMIN=38443, RATIS_SERVER=38443, STANDALONE=40191], networkLocation: /default-rack, certSerialId: null, persistedOpState: IN_SERVICE, persistedOpStateExpiryEpochSec: 0}31889ab4-3e75-4a68-bf86-b260e37d0475{ip: 10.1.0.33, host: fv-az29-983.0gf2enmb5avurc1gjtxldx4mnh.bx.internal.cloudapp.net, ports: [REPLICATION=43489, RATIS=33947, RATIS_ADMIN=33947, RATIS_SERVER=33947, STANDALONE=34235], networkLocation: /default-rack, certSerialId: null, persistedOpState: IN_SERVICE, persistedOpStateExpiryEpochSec: 0}2de1e519-7420-449a-b6b3-45c208f0058f{ip: 10.1.0.33, host: fv-az29-983.0gf2enmb5avurc1gjtxldx4mnh.bx.internal.cloudapp.net, ports: [REPLICATION=38811, RATIS=43801, RATIS_ADMIN=43801, RATIS_SERVER=43801, STANDALONE=46517], networkLocation: /default-rack, certSerialId: null, persistedOpState: IN_SERVICE, persistedOpStateExpiryEpochSec: 0}, ReplicationConfig: RATIS/THREE, State:ALLOCATED, leaderId:, CreationTimestamp2022-07-12T20:43:34.554Z[Etc/UTC]].
2022-07-12 20:43:34,556 [RatisPipelineUtilsThread - 0] INFO  pipeline.RatisPipelineProvider (RatisPipelineProvider.java:lambda$create$0(195)) - Sending CreatePipelineCommand for pipeline:PipelineID=a18e6ca7-dca5-436d-b636-ded71ac26ed7 to datanode:31889ab4-3e75-4a68-bf86-b260e37d0475
2022-07-12 20:43:34,556 [RatisPipelineUtilsThread - 0] INFO  pipeline.RatisPipelineProvider (RatisPipelineProvider.java:lambda$create$0(195)) - Sending CreatePipelineCommand for pipeline:PipelineID=a18e6ca7-dca5-436d-b636-ded71ac26ed7 to datanode:2de1e519-7420-449a-b6b3-45c208f0058f
2022-07-12 20:43:34,556 [RatisPipelineUtilsThread - 0] INFO  pipeline.RatisPipelineProvider (RatisPipelineProvider.java:lambda$create$0(195)) - Sending CreatePipelineCommand for pipeline:PipelineID=a18e6ca7-dca5-436d-b636-ded71ac26ed7 to datanode:1c8026fd-317f-4e79-aa49-e69de355aaaa
2022-07-12 20:43:34,557 [RatisPipelineUtilsThread - 0] INFO  pipeline.PipelineStateManagerImpl (PipelineStateManagerImpl.java:addPipeline(103)) - Created pipeline Pipeline[ Id: a18e6ca7-dca5-436d-b636-ded71ac26ed7, Nodes: 31889ab4-3e75-4a68-bf86-b260e37d0475{ip: 10.1.0.33, host: fv-az29-983.0gf2enmb5avurc1gjtxldx4mnh.bx.internal.cloudapp.net, ports: [REPLICATION=43489, RATIS=33947, RATIS_ADMIN=33947, RATIS_SERVER=33947, STANDALONE=34235], networkLocation: /default-rack, certSerialId: null, persistedOpState: IN_SERVICE, persistedOpStateExpiryEpochSec: 0}2de1e519-7420-449a-b6b3-45c208f0058f{ip: 10.1.0.33, host: fv-az29-983.0gf2enmb5avurc1gjtxldx4mnh.bx.internal.cloudapp.net, ports: [REPLICATION=38811, RATIS=43801, RATIS_ADMIN=43801, RATIS_SERVER=43801, STANDALONE=46517], networkLocation: /default-rack, certSerialId: null, persistedOpState: IN_SERVICE, persistedOpStateExpiryEpochSec: 0}1c8026fd-317f-4e79-aa49-e69de355aaaa{ip: 10.1.0.33, host: fv-az29-983.0gf2enmb5avurc1gjtxldx4mnh.bx.internal.cloudapp.net, ports: [REPLICATION=35011, RATIS=38443, RATIS_ADMIN=38443, RATIS_SERVER=38443, STANDALONE=40191], networkLocation: /default-rack, certSerialId: null, persistedOpState: IN_SERVICE, persistedOpStateExpiryEpochSec: 0}, ReplicationConfig: RATIS/THREE, State:ALLOCATED, leaderId:, CreationTimestamp2022-07-12T20:43:34.556Z[Etc/UTC]].
2022-07-12 20:43:34,557 [RatisPipelineUtilsThread - 0] INFO  pipeline.PipelineManagerImpl (PipelineManagerImpl.java:recordMetricsForPipeline(782)) - Pipeline: PipelineID=a18e6ca7-dca5-436d-b636-ded71ac26ed7 contains same datanodes as previous pipelines: PipelineID=27f296c5-36c9-4318-81f4-9cd9f0a1529b nodeIds: 31889ab4-3e75-4a68-bf86-b260e37d0475, 2de1e519-7420-449a-b6b3-45c208f0058f, 1c8026fd-317f-4e79-aa49-e69de355aaaa
2022-07-12 20:43:35,548 [Listener at 127.0.0.1/39255] INFO  ozone.MiniOzoneClusterImpl (MiniOzoneClusterImpl.java:lambda$waitForClusterToBeReady$0(223)) - Nodes are ready. Got 3 of 3 DN Heartbeats.
2022-07-12 20:43:35,558 [Listener at 127.0.0.1/39255] INFO  ozone.MiniOzoneClusterImpl (MiniOzoneClusterImpl.java:lambda$waitForClusterToBeReady$0(226)) - Waiting for cluster to exit safe mode
2022-07-12 20:43:35,558 [Listener at 127.0.0.1/39255] INFO  ozone.MiniOzoneClusterImpl (MiniOzoneClusterImpl.java:lambda$waitForClusterToBeReady$0(228)) - SCM became leader
2022-07-12 20:43:36,558 [Listener at 127.0.0.1/39255] INFO  ozone.MiniOzoneClusterImpl (MiniOzoneClusterImpl.java:lambda$waitForClusterToBeReady$0(223)) - Nodes are ready. Got 3 of 3 DN Heartbeats.
2022-07-12 20:43:36,559 [Listener at 127.0.0.1/39255] INFO  ozone.MiniOzoneClusterImpl (MiniOzoneClusterImpl.java:lambda$waitForClusterToBeReady$0(226)) - Waiting for cluster to exit safe mode
2022-07-12 20:43:36,559 [Listener at 127.0.0.1/39255] INFO  ozone.MiniOzoneClusterImpl (MiniOzoneClusterImpl.java:lambda$waitForClusterToBeReady$0(228)) - SCM became leader
2022-07-12 20:43:36,683 [Command processor thread] INFO  server.RaftServer (RaftServerProxy.java:addNew(96)) - 2de1e519-7420-449a-b6b3-45c208f0058f: addNew group-A15E2128D6D2:[2de1e519-7420-449a-b6b3-45c208f0058f|rpc:10.1.0.33:43801|priority:1] returns group-A15E2128D6D2:java.util.concurrent.CompletableFuture@40308733[Not completed]
2022-07-12 20:43:36,693 [pool-72-thread-1] INFO  server.RaftServer$Division (RaftServerImpl.java:<init>(190)) - 2de1e519-7420-449a-b6b3-45c208f0058f: new RaftServerImpl for group-A15E2128D6D2:[2de1e519-7420-449a-b6b3-45c208f0058f|rpc:10.1.0.33:43801|priority:1] with ContainerStateMachine:uninitialized
2022-07-12 20:43:36,693 [pool-72-thread-1] INFO  server.RaftServerConfigKeys (ConfUtils.java:logGet(46)) - raft.server.rpc.timeout.min = 5s (custom)
2022-07-12 20:43:36,693 [pool-72-thread-1] INFO  server.RaftServerConfigKeys (ConfUtils.java:logGet(46)) - raft.server.rpc.timeout.max = 5200ms (custom)
2022-07-12 20:43:36,694 [pool-72-thread-1] INFO  server.RaftServerConfigKeys (ConfUtils.java:logGet(46)) - raft.server.rpc.sleep.time = 25ms (default)
2022-07-12 20:43:36,694 [pool-72-thread-1] INFO  server.RaftServerConfigKeys (ConfUtils.java:logGet(46)) - raft.server.rpc.slowness.timeout = 300s (custom)
2022-07-12 20:43:36,694 [pool-72-thread-1] INFO  server.RaftServerConfigKeys (ConfUtils.java:logGet(46)) - raft.server.leaderelection.leader.step-down.wait-time = 10s (default)
2022-07-12 20:43:36,694 [pool-72-thread-1] INFO  server.RaftServerConfigKeys (ConfUtils.java:logGet(46)) - raft.server.sleep.deviation.threshold = 300ms (default)
2022-07-12 20:43:36,694 [pool-72-thread-1] INFO  server.RaftServer$Division (ServerState.java:<init>(107)) - 2de1e519-7420-449a-b6b3-45c208f0058f@group-A15E2128D6D2: ConfigurationManager, init=-1: [2de1e519-7420-449a-b6b3-45c208f0058f|rpc:10.1.0.33:43801|priority:1], old=null, confs=<EMPTY_MAP>
2022-07-12 20:43:36,694 [pool-72-thread-1] INFO  server.RaftServerConfigKeys (ConfUtils.java:logGet(46)) - raft.server.storage.dir = [/home/runner/work/ozone/ozone/hadoop-ozone/integration-test/target/test-dir/MiniOzoneClusterImpl-403db390-d601-42e9-9e55-5e4bd55e0b9b/datanode-0/data/ratis] (custom)
2022-07-12 20:43:36,695 [pool-72-thread-1] INFO  server.RaftServerConfigKeys (ConfUtils.java:logGet(46)) - raft.server.log.corruption.policy = EXCEPTION (default)
2022-07-12 20:43:36,695 [pool-72-thread-1] INFO  server.RaftServerConfigKeys (ConfUtils.java:logGet(46)) - raft.server.storage.free-space.min = 0MB (=0) (default)
2022-07-12 20:43:36,695 [pool-72-thread-1] INFO  storage.RaftStorageDirectory (RaftStorageDirectoryImpl.java:analyzeStorage(135)) - The storage directory /home/runner/work/ozone/ozone/hadoop-ozone/integration-test/target/test-dir/MiniOzoneClusterImpl-403db390-d601-42e9-9e55-5e4bd55e0b9b/datanode-0/data/ratis/461ef6c6-a2bb-43c6-b877-a15e2128d6d2 does not exist. Creating ...
2022-07-12 20:43:36,697 [pool-72-thread-1] INFO  storage.RaftStorageDirectory (RaftStorageDirectoryImpl.java:tryLock(230)) - Lock on /home/runner/work/ozone/ozone/hadoop-ozone/integration-test/target/test-dir/MiniOzoneClusterImpl-403db390-d601-42e9-9e55-5e4bd55e0b9b/datanode-0/data/ratis/461ef6c6-a2bb-43c6-b877-a15e2128d6d2/in_use.lock acquired by nodename 3147@fv-az29-983
2022-07-12 20:43:36,698 [pool-72-thread-1] INFO  storage.RaftStorage (RaftStorageImpl.java:format(89)) - Storage directory /home/runner/work/ozone/ozone/hadoop-ozone/integration-test/target/test-dir/MiniOzoneClusterImpl-403db390-d601-42e9-9e55-5e4bd55e0b9b/datanode-0/data/ratis/461ef6c6-a2bb-43c6-b877-a15e2128d6d2 has been successfully formatted.
2022-07-12 20:43:36,707 [pool-72-thread-1] INFO  ratis.ContainerStateMachine (ContainerStateMachine.java:loadSnapshot(236)) - group-A15E2128D6D2: The snapshot info is null. Setting the last applied indexto:(t:0, i:~)
2022-07-12 20:43:36,708 [pool-72-thread-1] INFO  server.RaftServerConfigKeys (ConfUtils.java:logGet(46)) - raft.server.notification.no-leader.timeout = 300s (custom)
2022-07-12 20:43:36,708 [pool-72-thread-1] INFO  server.RaftServerConfigKeys (ConfUtils.java:logGet(46)) - raft.server.log.use.memory = false (default)
2022-07-12 20:43:36,708 [pool-72-thread-1] INFO  server.RaftServerConfigKeys (ConfUtils.java:logGet(46)) - raft.server.log.purge.gap = 1000000 (custom)
2022-07-12 20:43:36,708 [pool-72-thread-1] INFO  server.RaftServerConfigKeys (ConfUtils.java:logGet(46)) - raft.server.log.appender.buffer.byte-limit = 33554432 (custom)
2022-07-12 20:43:36,708 [pool-72-thread-1] INFO  server.RaftServerConfigKeys (ConfUtils.java:logGet(46)) - raft.server.log.statemachine.data.read.timeout = 1000ms (default)
2022-07-12 20:43:36,708 [pool-72-thread-1] INFO  server.RaftServerConfigKeys (ConfUtils.java:logGet(46)) - raft.server.log.segment.size.max = 1048576 (custom)
2022-07-12 20:43:36,709 [pool-72-thread-1] INFO  server.RaftServerConfigKeys (ConfUtils.java:logGet(46)) - raft.server.log.segment.cache.num.max = 2 (custom)
2022-07-12 20:43:36,709 [pool-72-thread-1] INFO  server.RaftServerConfigKeys (ConfUtils.java:logGet(46)) - raft.server.log.segment.cache.size.max = 200MB (=209715200) (default)
2022-07-12 20:43:36,709 [pool-72-thread-1] INFO  segmented.SegmentedRaftLogWorker (SegmentedRaftLogWorker.java:<init>(187)) - new 2de1e519-7420-449a-b6b3-45c208f0058f@group-A15E2128D6D2-SegmentedRaftLogWorker for RaftStorageImpl:Storage Directory /home/runner/work/ozone/ozone/hadoop-ozone/integration-test/target/test-dir/MiniOzoneClusterImpl-403db390-d601-42e9-9e55-5e4bd55e0b9b/datanode-0/data/ratis/461ef6c6-a2bb-43c6-b877-a15e2128d6d2
2022-07-12 20:43:36,726 [pool-72-thread-1] INFO  server.RaftServerConfigKeys (ConfUtils.java:logGet(46)) - raft.server.log.queue.byte-limit = 4294967296 (custom)
2022-07-12 20:43:36,726 [pool-72-thread-1] INFO  server.RaftServerConfigKeys (ConfUtils.java:logGet(46)) - raft.server.log.queue.element-limit = 1024 (custom)
2022-07-12 20:43:36,726 [pool-72-thread-1] INFO  server.RaftServerConfigKeys (ConfUtils.java:logGet(46)) - raft.server.log.segment.size.max = 1048576 (custom)
2022-07-12 20:43:36,726 [pool-72-thread-1] INFO  server.RaftServerConfigKeys (ConfUtils.java:logGet(46)) - raft.server.log.preallocated.size = 16384 (custom)
2022-07-12 20:43:36,726 [pool-72-thread-1] INFO  server.RaftServerConfigKeys (ConfUtils.java:logGet(46)) - raft.server.log.force.sync.num = 128 (default)
2022-07-12 20:43:36,726 [pool-72-thread-1] INFO  server.RaftServerConfigKeys (ConfUtils.java:logGet(46)) - raft.server.log.statemachine.data.sync = true (default)
2022-07-12 20:43:36,726 [pool-72-thread-1] INFO  server.RaftServerConfigKeys (ConfUtils.java:logGet(46)) - raft.server.log.statemachine.data.sync.timeout = 10s (default)
2022-07-12 20:43:36,726 [pool-72-thread-1] INFO  server.RaftServerConfigKeys (ConfUtils.java:logGet(46)) - raft.server.log.statemachine.data.sync.timeout.retry = -1 (default)
2022-07-12 20:43:36,728 [pool-72-thread-1] INFO  server.RaftServerConfigKeys (ConfUtils.java:logGet(46)) - raft.server.log.write.buffer.size = 1048576 (custom)
2022-07-12 20:43:36,728 [pool-72-thread-1] INFO  server.RaftServerConfigKeys (ConfUtils.java:logGet(46)) - raft.server.log.unsafe-flush.enabled = false (default)
2022-07-12 20:43:36,728 [pool-72-thread-1] INFO  server.RaftServerConfigKeys (ConfUtils.java:logGet(46)) - raft.server.log.statemachine.data.caching.enabled = true (custom)
2022-07-12 20:43:36,728 [pool-72-thread-1] INFO  segmented.SegmentedRaftLogWorker (SegmentedRaftLogWorker.java:lambda$new$0(135)) - 2de1e519-7420-449a-b6b3-45c208f0058f@group-A15E2128D6D2-SegmentedRaftLogWorker: flushIndex: setUnconditionally 0 -> -1
2022-07-12 20:43:36,728 [pool-72-thread-1] INFO  segmented.SegmentedRaftLogWorker (SegmentedRaftLogWorker.java:lambda$new$0(135)) - 2de1e519-7420-449a-b6b3-45c208f0058f@group-A15E2128D6D2-SegmentedRaftLogWorker: safeCacheEvictIndex: setUnconditionally 0 -> -1
2022-07-12 20:43:36,740 [pool-72-thread-1] INFO  server.RaftServerConfigKeys (ConfUtils.java:logGet(46)) - raft.server.snapshot.auto.trigger.enabled = true (custom)
2022-07-12 20:43:36,741 [pool-72-thread-1] INFO  server.RaftServerConfigKeys (ConfUtils.java:logGet(46)) - raft.server.snapshot.auto.trigger.threshold = 10000 (custom)
2022-07-12 20:43:36,741 [pool-72-thread-1] INFO  server.RaftServerConfigKeys (ConfUtils.java:logGet(46)) - raft.server.snapshot.retention.file.num = 5 (custom)
2022-07-12 20:43:36,741 [pool-72-thread-1] INFO  server.RaftServerConfigKeys (ConfUtils.java:logGet(46)) - raft.server.log.purge.upto.snapshot.index = false (default)
2022-07-12 20:43:36,741 [pool-72-thread-1] INFO  server.RaftServerConfigKeys (ConfUtils.java:logGet(46)) - raft.server.retrycache.expirytime = 600000ms (custom)
2022-07-12 20:43:36,741 [pool-72-thread-1] INFO  server.RaftServerConfigKeys (ConfUtils.java:logGet(46)) - raft.server.retrycache.statistics.expirytime = 100μs (default)
2022-07-12 20:43:36,742 [pool-72-thread-1] INFO  server.RaftServerConfigKeys (ConfUtils.java:logGet(46)) - raft.server.log.appender.install.snapshot.enabled = false (custom)
2022-07-12 20:43:36,743 [pool-72-thread-1] INFO  server.RaftServerConfigKeys (ConfUtils.java:logGet(46)) - raft.server.threadpool.server.cached = true (default)
2022-07-12 20:43:36,743 [pool-72-thread-1] INFO  server.RaftServerConfigKeys (ConfUtils.java:logGet(46)) - raft.server.threadpool.server.size = 0 (default)
2022-07-12 20:43:36,743 [pool-72-thread-1] INFO  server.RaftServerConfigKeys (ConfUtils.java:logGet(46)) - raft.server.threadpool.client.cached = true (default)
2022-07-12 20:43:36,743 [pool-72-thread-1] INFO  server.RaftServerConfigKeys (ConfUtils.java:logGet(46)) - raft.server.threadpool.client.size = 0 (default)
2022-07-12 20:43:36,743 [pool-72-thread-1] INFO  server.RaftServer$Division (RaftServerImpl.java:start(310)) - 2de1e519-7420-449a-b6b3-45c208f0058f@group-A15E2128D6D2: start as a follower, conf=-1: [2de1e519-7420-449a-b6b3-45c208f0058f|rpc:10.1.0.33:43801|priority:1], old=null
2022-07-12 20:43:36,748 [pool-72-thread-1] INFO  server.RaftServer$Division (RaftServerImpl.java:setRole(299)) - 2de1e519-7420-449a-b6b3-45c208f0058f@group-A15E2128D6D2: changes role from      null to FOLLOWER at term 0 for startAsFollower
2022-07-12 20:43:36,748 [pool-72-thread-1] INFO  impl.RoleInfo (RoleInfo.java:updateAndGet(139)) - 2de1e519-7420-449a-b6b3-45c208f0058f: start 2de1e519-7420-449a-b6b3-45c208f0058f@group-A15E2128D6D2-FollowerState
2022-07-12 20:43:36,762 [EventQueue-PipelineReportForPipelineReportHandler] INFO  pipeline.PipelineManagerImpl (PipelineManagerImpl.java:openPipeline(359)) - Pipeline Pipeline[ Id: 461ef6c6-a2bb-43c6-b877-a15e2128d6d2, Nodes: 2de1e519-7420-449a-b6b3-45c208f0058f{ip: 10.1.0.33, host: fv-az29-983.0gf2enmb5avurc1gjtxldx4mnh.bx.internal.cloudapp.net, ports: [REPLICATION=38811, RATIS=43801, RATIS_ADMIN=43801, RATIS_SERVER=43801, STANDALONE=46517], networkLocation: /default-rack, certSerialId: null, persistedOpState: IN_SERVICE, persistedOpStateExpiryEpochSec: 0}, ReplicationConfig: RATIS/ONE, State:ALLOCATED, leaderId:2de1e519-7420-449a-b6b3-45c208f0058f, CreationTimestamp2022-07-12T20:43:33.698Z[Etc/UTC]] moved to OPEN state
2022-07-12 20:43:36,760 [pool-72-thread-1] INFO  util.JmxRegister (JmxRegister.java:tryRegister(44)) - Successfully registered JMX Bean with object name Ratis:service=RaftServer,group=group-A15E2128D6D2,id=2de1e519-7420-449a-b6b3-45c208f0058f
2022-07-12 20:43:36,765 [EventQueue-OpenPipelineForHealthyPipelineSafeModeRule] INFO  safemode.SCMSafeModeManager (HealthyPipelineSafeModeRule.java:process(124)) - SCM in safe mode. Healthy pipelines reported count is 0, required healthy pipeline reported count is 1
2022-07-12 20:43:36,784 [Command processor thread] INFO  ratis.XceiverServerRatis (XceiverServerRatis.java:addGroup(765)) - Created group PipelineID=461ef6c6-a2bb-43c6-b877-a15e2128d6d2
2022-07-12 20:43:36,785 [Command processor thread] INFO  commandhandler.CreatePipelineCommandHandler (CreatePipelineCommandHandler.java:handle(113)) - Created Pipeline RATIS ONE PipelineID=461ef6c6-a2bb-43c6-b877-a15e2128d6d2.
2022-07-12 20:43:36,785 [Command processor thread] INFO  server.RaftServer (RaftServerProxy.java:addNew(96)) - 2de1e519-7420-449a-b6b3-45c208f0058f: addNew group-9CD9F0A1529B:[1c8026fd-317f-4e79-aa49-e69de355aaaa|rpc:10.1.0.33:38443|priority:1, 2de1e519-7420-449a-b6b3-45c208f0058f|rpc:10.1.0.33:43801|priority:0, 31889ab4-3e75-4a68-bf86-b260e37d0475|rpc:10.1.0.33:33947|priority:0] returns group-9CD9F0A1529B:java.util.concurrent.CompletableFuture@6e98d12d[Not completed]
2022-07-12 20:43:36,786 [pool-72-thread-1] INFO  server.RaftServer$Division (RaftServerImpl.java:<init>(190)) - 2de1e519-7420-449a-b6b3-45c208f0058f: new RaftServerImpl for group-9CD9F0A1529B:[1c8026fd-317f-4e79-aa49-e69de355aaaa|rpc:10.1.0.33:38443|priority:1, 2de1e519-7420-449a-b6b3-45c208f0058f|rpc:10.1.0.33:43801|priority:0, 31889ab4-3e75-4a68-bf86-b260e37d0475|rpc:10.1.0.33:33947|priority:0] with ContainerStateMachine:uninitialized
2022-07-12 20:43:36,786 [pool-72-thread-1] INFO  server.RaftServerConfigKeys (ConfUtils.java:logGet(46)) - raft.server.rpc.timeout.min = 5s (custom)
2022-07-12 20:43:36,787 [pool-72-thread-1] INFO  server.RaftServerConfigKeys (ConfUtils.java:logGet(46)) - raft.server.rpc.timeout.max = 5200ms (custom)
2022-07-12 20:43:36,787 [pool-72-thread-1] INFO  server.RaftServerConfigKeys (ConfUtils.java:logGet(46)) - raft.server.rpc.sleep.time = 25ms (default)
2022-07-12 20:43:36,787 [pool-72-thread-1] INFO  server.RaftServerConfigKeys (ConfUtils.java:logGet(46)) - raft.server.rpc.slowness.timeout = 300s (custom)
2022-07-12 20:43:36,787 [pool-72-thread-1] INFO  server.RaftServerConfigKeys (ConfUtils.java:logGet(46)) - raft.server.leaderelection.leader.step-down.wait-time = 10s (default)
2022-07-12 20:43:36,787 [pool-72-thread-1] INFO  server.RaftServerConfigKeys (ConfUtils.java:logGet(46)) - raft.server.sleep.deviation.threshold = 300ms (default)
2022-07-12 20:43:36,787 [pool-72-thread-1] INFO  server.RaftServer$Division (ServerState.java:<init>(107)) - 2de1e519-7420-449a-b6b3-45c208f0058f@group-9CD9F0A1529B: ConfigurationManager, init=-1: [1c8026fd-317f-4e79-aa49-e69de355aaaa|rpc:10.1.0.33:38443|priority:1, 2de1e519-7420-449a-b6b3-45c208f0058f|rpc:10.1.0.33:43801|priority:0, 31889ab4-3e75-4a68-bf86-b260e37d0475|rpc:10.1.0.33:33947|priority:0], old=null, confs=<EMPTY_MAP>
2022-07-12 20:43:36,787 [pool-72-thread-1] INFO  server.RaftServerConfigKeys (ConfUtils.java:logGet(46)) - raft.server.storage.dir = [/home/runner/work/ozone/ozone/hadoop-ozone/integration-test/target/test-dir/MiniOzoneClusterImpl-403db390-d601-42e9-9e55-5e4bd55e0b9b/datanode-0/data/ratis] (custom)
2022-07-12 20:43:36,787 [pool-72-thread-1] INFO  server.RaftServerConfigKeys (ConfUtils.java:logGet(46)) - raft.server.log.corruption.policy = EXCEPTION (default)
2022-07-12 20:43:36,787 [pool-72-thread-1] INFO  server.RaftServerConfigKeys (ConfUtils.java:logGet(46)) - raft.server.storage.free-space.min = 0MB (=0) (default)
2022-07-12 20:43:36,787 [pool-72-thread-1] INFO  storage.RaftStorageDirectory (RaftStorageDirectoryImpl.java:analyzeStorage(135)) - The storage directory /home/runner/work/ozone/ozone/hadoop-ozone/integration-test/target/test-dir/MiniOzoneClusterImpl-403db390-d601-42e9-9e55-5e4bd55e0b9b/datanode-0/data/ratis/27f296c5-36c9-4318-81f4-9cd9f0a1529b does not exist. Creating ...
2022-07-12 20:43:36,790 [pool-72-thread-1] INFO  storage.RaftStorageDirectory (RaftStorageDirectoryImpl.java:tryLock(230)) - Lock on /home/runner/work/ozone/ozone/hadoop-ozone/integration-test/target/test-dir/MiniOzoneClusterImpl-403db390-d601-42e9-9e55-5e4bd55e0b9b/datanode-0/data/ratis/27f296c5-36c9-4318-81f4-9cd9f0a1529b/in_use.lock acquired by nodename 3147@fv-az29-983
2022-07-12 20:43:36,791 [pool-72-thread-1] INFO  storage.RaftStorage (RaftStorageImpl.java:format(89)) - Storage directory /home/runner/work/ozone/ozone/hadoop-ozone/integration-test/target/test-dir/MiniOzoneClusterImpl-403db390-d601-42e9-9e55-5e4bd55e0b9b/datanode-0/data/ratis/27f296c5-36c9-4318-81f4-9cd9f0a1529b has been successfully formatted.
2022-07-12 20:43:36,791 [pool-72-thread-1] INFO  ratis.ContainerStateMachine (ContainerStateMachine.java:loadSnapshot(236)) - group-9CD9F0A1529B: The snapshot info is null. Setting the last applied indexto:(t:0, i:~)
2022-07-12 20:43:36,792 [pool-72-thread-1] INFO  server.RaftServerConfigKeys (ConfUtils.java:logGet(46)) - raft.server.notification.no-leader.timeout = 300s (custom)
2022-07-12 20:43:36,792 [pool-72-thread-1] INFO  server.RaftServerConfigKeys (ConfUtils.java:logGet(46)) - raft.server.log.use.memory = false (default)
2022-07-12 20:43:36,792 [pool-72-thread-1] INFO  server.RaftServerConfigKeys (ConfUtils.java:logGet(46)) - raft.server.log.purge.gap = 1000000 (custom)
2022-07-12 20:43:36,792 [pool-72-thread-1] INFO  server.RaftServerConfigKeys (ConfUtils.java:logGet(46)) - raft.server.log.appender.buffer.byte-limit = 33554432 (custom)
2022-07-12 20:43:36,792 [pool-72-thread-1] INFO  server.RaftServerConfigKeys (ConfUtils.java:logGet(46)) - raft.server.log.statemachine.data.read.timeout = 1000ms (default)
2022-07-12 20:43:36,792 [pool-72-thread-1] INFO  server.RaftServerConfigKeys (ConfUtils.java:logGet(46)) - raft.server.log.segment.size.max = 1048576 (custom)
2022-07-12 20:43:36,793 [pool-72-thread-1] INFO  server.RaftServerConfigKeys (ConfUtils.java:logGet(46)) - raft.server.log.segment.cache.num.max = 2 (custom)
2022-07-12 20:43:36,793 [pool-72-thread-1] INFO  server.RaftServerConfigKeys (ConfUtils.java:logGet(46)) - raft.server.log.segment.cache.size.max = 200MB (=209715200) (default)
2022-07-12 20:43:36,793 [pool-72-thread-1] INFO  segmented.SegmentedRaftLogWorker (SegmentedRaftLogWorker.java:<init>(187)) - new 2de1e519-7420-449a-b6b3-45c208f0058f@group-9CD9F0A1529B-SegmentedRaftLogWorker for RaftStorageImpl:Storage Directory /home/runner/work/ozone/ozone/hadoop-ozone/integration-test/target/test-dir/MiniOzoneClusterImpl-403db390-d601-42e9-9e55-5e4bd55e0b9b/datanode-0/data/ratis/27f296c5-36c9-4318-81f4-9cd9f0a1529b
2022-07-12 20:43:36,793 [pool-72-thread-1] INFO  server.RaftServerConfigKeys (ConfUtils.java:logGet(46)) - raft.server.log.queue.byte-limit = 4294967296 (custom)
2022-07-12 20:43:36,793 [pool-72-thread-1] INFO  server.RaftServerConfigKeys (ConfUtils.java:logGet(46)) - raft.server.log.queue.element-limit = 1024 (custom)
2022-07-12 20:43:36,793 [pool-72-thread-1] INFO  server.RaftServerConfigKeys (ConfUtils.java:logGet(46)) - raft.server.log.segment.size.max = 1048576 (custom)
2022-07-12 20:43:36,793 [pool-72-thread-1] INFO  server.RaftServerConfigKeys (ConfUtils.java:logGet(46)) - raft.server.log.preallocated.size = 16384 (custom)
2022-07-12 20:43:36,793 [pool-72-thread-1] INFO  server.RaftServerConfigKeys (ConfUtils.java:logGet(46)) - raft.server.log.force.sync.num = 128 (default)
2022-07-12 20:43:36,793 [pool-72-thread-1] INFO  server.RaftServerConfigKeys (ConfUtils.java:logGet(46)) - raft.server.log.statemachine.data.sync = true (default)
2022-07-12 20:43:36,793 [pool-72-thread-1] INFO  server.RaftServerConfigKeys (ConfUtils.java:logGet(46)) - raft.server.log.statemachine.data.sync.timeout = 10s (default)
2022-07-12 20:43:36,793 [pool-72-thread-1] INFO  server.RaftServerConfigKeys (ConfUtils.java:logGet(46)) - raft.server.log.statemachine.data.sync.timeout.retry = -1 (default)
2022-07-12 20:43:36,807 [pool-72-thread-1] INFO  server.RaftServerConfigKeys (ConfUtils.java:logGet(46)) - raft.server.log.write.buffer.size = 1048576 (custom)
2022-07-12 20:43:36,808 [pool-72-thread-1] INFO  server.RaftServerConfigKeys (ConfUtils.java:logGet(46)) - raft.server.log.unsafe-flush.enabled = false (default)
2022-07-12 20:43:36,808 [pool-72-thread-1] INFO  server.RaftServerConfigKeys (ConfUtils.java:logGet(46)) - raft.server.log.statemachine.data.caching.enabled = true (custom)
2022-07-12 20:43:36,808 [pool-72-thread-1] INFO  segmented.SegmentedRaftLogWorker (SegmentedRaftLogWorker.java:lambda$new$0(135)) - 2de1e519-7420-449a-b6b3-45c208f0058f@group-9CD9F0A1529B-SegmentedRaftLogWorker: flushIndex: setUnconditionally 0 -> -1
2022-07-12 20:43:36,808 [pool-72-thread-1] INFO  segmented.SegmentedRaftLogWorker (SegmentedRaftLogWorker.java:lambda$new$0(135)) - 2de1e519-7420-449a-b6b3-45c208f0058f@group-9CD9F0A1529B-SegmentedRaftLogWorker: safeCacheEvictIndex: setUnconditionally 0 -> -1
2022-07-12 20:43:36,809 [pool-72-thread-1] INFO  server.RaftServerConfigKeys (ConfUtils.java:logGet(46)) - raft.server.snapshot.auto.trigger.enabled = true (custom)
2022-07-12 20:43:36,809 [pool-72-thread-1] INFO  server.RaftServerConfigKeys (ConfUtils.java:logGet(46)) - raft.server.snapshot.auto.trigger.threshold = 10000 (custom)
2022-07-12 20:43:36,809 [pool-72-thread-1] INFO  server.RaftServerConfigKeys (ConfUtils.java:logGet(46)) - raft.server.snapshot.retention.file.num = 5 (custom)
2022-07-12 20:43:36,809 [pool-72-thread-1] INFO  server.RaftServerConfigKeys (ConfUtils.java:logGet(46)) - raft.server.log.purge.upto.snapshot.index = false (default)
2022-07-12 20:43:36,809 [pool-72-thread-1] INFO  server.RaftServerConfigKeys (ConfUtils.java:logGet(46)) - raft.server.retrycache.expirytime = 600000ms (custom)
2022-07-12 20:43:36,809 [pool-72-thread-1] INFO  server.RaftServerConfigKeys (ConfUtils.java:logGet(46)) - raft.server.retrycache.statistics.expirytime = 100μs (default)
2022-07-12 20:43:36,810 [pool-72-thread-1] INFO  server.RaftServerConfigKeys (ConfUtils.java:logGet(46)) - raft.server.log.appender.install.snapshot.enabled = false (custom)
2022-07-12 20:43:36,811 [pool-72-thread-1] INFO  server.RaftServerConfigKeys (ConfUtils.java:logGet(46)) - raft.server.threadpool.server.cached = true (default)
2022-07-12 20:43:36,811 [pool-72-thread-1] INFO  server.RaftServerConfigKeys (ConfUtils.java:logGet(46)) - raft.server.threadpool.server.size = 0 (default)
2022-07-12 20:43:36,811 [pool-72-thread-1] INFO  server.RaftServerConfigKeys (ConfUtils.java:logGet(46)) - raft.server.threadpool.client.cached = true (default)
2022-07-12 20:43:36,811 [pool-72-thread-1] INFO  server.RaftServerConfigKeys (ConfUtils.java:logGet(46)) - raft.server.threadpool.client.size = 0 (default)
2022-07-12 20:43:36,811 [pool-72-thread-1] INFO  server.RaftServer$Division (RaftServerImpl.java:start(310)) - 2de1e519-7420-449a-b6b3-45c208f0058f@group-9CD9F0A1529B: start as a follower, conf=-1: [1c8026fd-317f-4e79-aa49-e69de355aaaa|rpc:10.1.0.33:38443|priority:1, 2de1e519-7420-449a-b6b3-45c208f0058f|rpc:10.1.0.33:43801|priority:0, 31889ab4-3e75-4a68-bf86-b260e37d0475|rpc:10.1.0.33:33947|priority:0], old=null
2022-07-12 20:43:36,811 [pool-72-thread-1] INFO  server.RaftServer$Division (RaftServerImpl.java:setRole(299)) - 2de1e519-7420-449a-b6b3-45c208f0058f@group-9CD9F0A1529B: changes role from      null to FOLLOWER at term 0 for startAsFollower
2022-07-12 20:43:36,811 [pool-72-thread-1] INFO  impl.RoleInfo (RoleInfo.java:updateAndGet(139)) - 2de1e519-7420-449a-b6b3-45c208f0058f: start 2de1e519-7420-449a-b6b3-45c208f0058f@group-9CD9F0A1529B-FollowerState
2022-07-12 20:43:36,811 [pool-72-thread-1] INFO  util.JmxRegister (JmxRegister.java:tryRegister(44)) - Successfully registered JMX Bean with object name Ratis:service=RaftServer,group=group-9CD9F0A1529B,id=2de1e519-7420-449a-b6b3-45c208f0058f
2022-07-12 20:43:36,818 [Command processor thread] INFO  ratis.XceiverServerRatis (XceiverServerRatis.java:addGroup(765)) - Created group PipelineID=27f296c5-36c9-4318-81f4-9cd9f0a1529b
2022-07-12 20:43:36,820 [EventQueue-OpenPipelineForHealthyPipelineSafeModeRule] INFO  safemode.SCMSafeModeManager (HealthyPipelineSafeModeRule.java:process(124)) - SCM in safe mode. Healthy pipelines reported count is 0, required healthy pipeline reported count is 1
2022-07-12 20:43:37,126 [Command processor thread] INFO  server.RaftServer (RaftServerProxy.java:addNew(96)) - 1c8026fd-317f-4e79-aa49-e69de355aaaa: addNew group-5D6AC1929F9D:[1c8026fd-317f-4e79-aa49-e69de355aaaa|rpc:10.1.0.33:38443|priority:1] returns group-5D6AC1929F9D:java.util.concurrent.CompletableFuture@59b971b9[Not completed]
2022-07-12 20:43:37,133 [pool-95-thread-1] INFO  server.RaftServer$Division (RaftServerImpl.java:<init>(190)) - 1c8026fd-317f-4e79-aa49-e69de355aaaa: new RaftServerImpl for group-5D6AC1929F9D:[1c8026fd-317f-4e79-aa49-e69de355aaaa|rpc:10.1.0.33:38443|priority:1] with ContainerStateMachine:uninitialized
2022-07-12 20:43:37,134 [pool-95-thread-1] INFO  server.RaftServerConfigKeys (ConfUtils.java:logGet(46)) - raft.server.rpc.timeout.min = 5s (custom)
2022-07-12 20:43:37,134 [pool-95-thread-1] INFO  server.RaftServerConfigKeys (ConfUtils.java:logGet(46)) - raft.server.rpc.timeout.max = 5200ms (custom)
2022-07-12 20:43:37,134 [pool-95-thread-1] INFO  server.RaftServerConfigKeys (ConfUtils.java:logGet(46)) - raft.server.rpc.sleep.time = 25ms (default)
2022-07-12 20:43:37,134 [pool-95-thread-1] INFO  server.RaftServerConfigKeys (ConfUtils.java:logGet(46)) - raft.server.rpc.slowness.timeout = 300s (custom)
2022-07-12 20:43:37,134 [pool-95-thread-1] INFO  server.RaftServerConfigKeys (ConfUtils.java:logGet(46)) - raft.server.leaderelection.leader.step-down.wait-time = 10s (default)
2022-07-12 20:43:37,134 [pool-95-thread-1] INFO  server.RaftServerConfigKeys (ConfUtils.java:logGet(46)) - raft.server.sleep.deviation.threshold = 300ms (default)
2022-07-12 20:43:37,134 [pool-95-thread-1] INFO  server.RaftServer$Division (ServerState.java:<init>(107)) - 1c8026fd-317f-4e79-aa49-e69de355aaaa@group-5D6AC1929F9D: ConfigurationManager, init=-1: [1c8026fd-317f-4e79-aa49-e69de355aaaa|rpc:10.1.0.33:38443|priority:1], old=null, confs=<EMPTY_MAP>
2022-07-12 20:43:37,134 [pool-95-thread-1] INFO  server.RaftServerConfigKeys (ConfUtils.java:logGet(46)) - raft.server.storage.dir = [/home/runner/work/ozone/ozone/hadoop-ozone/integration-test/target/test-dir/MiniOzoneClusterImpl-403db390-d601-42e9-9e55-5e4bd55e0b9b/datanode-1/data/ratis] (custom)
2022-07-12 20:43:37,134 [pool-95-thread-1] INFO  server.RaftServerConfigKeys (ConfUtils.java:logGet(46)) - raft.server.log.corruption.policy = EXCEPTION (default)
2022-07-12 20:43:37,134 [pool-95-thread-1] INFO  server.RaftServerConfigKeys (ConfUtils.java:logGet(46)) - raft.server.storage.free-space.min = 0MB (=0) (default)
2022-07-12 20:43:37,134 [pool-95-thread-1] INFO  storage.RaftStorageDirectory (RaftStorageDirectoryImpl.java:analyzeStorage(135)) - The storage directory /home/runner/work/ozone/ozone/hadoop-ozone/integration-test/target/test-dir/MiniOzoneClusterImpl-403db390-d601-42e9-9e55-5e4bd55e0b9b/datanode-1/data/ratis/0f0f6f10-961e-404c-903d-5d6ac1929f9d does not exist. Creating ...
2022-07-12 20:43:37,135 [pool-95-thread-1] INFO  storage.RaftStorageDirectory (RaftStorageDirectoryImpl.java:tryLock(230)) - Lock on /home/runner/work/ozone/ozone/hadoop-ozone/integration-test/target/test-dir/MiniOzoneClusterImpl-403db390-d601-42e9-9e55-5e4bd55e0b9b/datanode-1/data/ratis/0f0f6f10-961e-404c-903d-5d6ac1929f9d/in_use.lock acquired by nodename 3147@fv-az29-983
2022-07-12 20:43:37,136 [pool-95-thread-1] INFO  storage.RaftStorage (RaftStorageImpl.java:format(89)) - Storage directory /home/runner/work/ozone/ozone/hadoop-ozone/integration-test/target/test-dir/MiniOzoneClusterImpl-403db390-d601-42e9-9e55-5e4bd55e0b9b/datanode-1/data/ratis/0f0f6f10-961e-404c-903d-5d6ac1929f9d has been successfully formatted.
2022-07-12 20:43:37,146 [EventQueue-PipelineReportForPipelineReportHandler] INFO  pipeline.PipelineManagerImpl (PipelineManagerImpl.java:openPipeline(359)) - Pipeline Pipeline[ Id: 0f0f6f10-961e-404c-903d-5d6ac1929f9d, Nodes: 1c8026fd-317f-4e79-aa49-e69de355aaaa{ip: 10.1.0.33, host: fv-az29-983.0gf2enmb5avurc1gjtxldx4mnh.bx.internal.cloudapp.net, ports: [REPLICATION=35011, RATIS=38443, RATIS_ADMIN=38443, RATIS_SERVER=38443, STANDALONE=40191], networkLocation: /default-rack, certSerialId: null, persistedOpState: IN_SERVICE, persistedOpStateExpiryEpochSec: 0}, ReplicationConfig: RATIS/ONE, State:ALLOCATED, leaderId:1c8026fd-317f-4e79-aa49-e69de355aaaa, CreationTimestamp2022-07-12T20:43:34.130Z[Etc/UTC]] moved to OPEN state
2022-07-12 20:43:37,146 [EventQueue-OpenPipelineForHealthyPipelineSafeModeRule] INFO  safemode.SCMSafeModeManager (HealthyPipelineSafeModeRule.java:process(124)) - SCM in safe mode. Healthy pipelines reported count is 0, required healthy pipeline reported count is 1
2022-07-12 20:43:37,145 [pool-95-thread-1] INFO  ratis.ContainerStateMachine (ContainerStateMachine.java:loadSnapshot(236)) - group-5D6AC1929F9D: The snapshot info is null. Setting the last applied indexto:(t:0, i:~)
2022-07-12 20:43:37,151 [pool-95-thread-1] INFO  server.RaftServerConfigKeys (ConfUtils.java:logGet(46)) - raft.server.notification.no-leader.timeout = 300s (custom)
2022-07-12 20:43:37,151 [pool-95-thread-1] INFO  server.RaftServerConfigKeys (ConfUtils.java:logGet(46)) - raft.server.log.use.memory = false (default)
2022-07-12 20:43:37,152 [pool-95-thread-1] INFO  server.RaftServerConfigKeys (ConfUtils.java:logGet(46)) - raft.server.log.purge.gap = 1000000 (custom)
2022-07-12 20:43:37,152 [pool-95-thread-1] INFO  server.RaftServerConfigKeys (ConfUtils.java:logGet(46)) - raft.server.log.appender.buffer.byte-limit = 33554432 (custom)
2022-07-12 20:43:37,152 [pool-95-thread-1] INFO  server.RaftServerConfigKeys (ConfUtils.java:logGet(46)) - raft.server.log.statemachine.data.read.timeout = 1000ms (default)
2022-07-12 20:43:37,153 [pool-95-thread-1] INFO  server.RaftServerConfigKeys (ConfUtils.java:logGet(46)) - raft.server.log.segment.size.max = 1048576 (custom)
2022-07-12 20:43:37,153 [pool-95-thread-1] INFO  server.RaftServerConfigKeys (ConfUtils.java:logGet(46)) - raft.server.log.segment.cache.num.max = 2 (custom)
2022-07-12 20:43:37,153 [pool-95-thread-1] INFO  server.RaftServerConfigKeys (ConfUtils.java:logGet(46)) - raft.server.log.segment.cache.size.max = 200MB (=209715200) (default)
2022-07-12 20:43:37,153 [pool-95-thread-1] INFO  segmented.SegmentedRaftLogWorker (SegmentedRaftLogWorker.java:<init>(187)) - new 1c8026fd-317f-4e79-aa49-e69de355aaaa@group-5D6AC1929F9D-SegmentedRaftLogWorker for RaftStorageImpl:Storage Directory /home/runner/work/ozone/ozone/hadoop-ozone/integration-test/target/test-dir/MiniOzoneClusterImpl-403db390-d601-42e9-9e55-5e4bd55e0b9b/datanode-1/data/ratis/0f0f6f10-961e-404c-903d-5d6ac1929f9d
2022-07-12 20:43:37,153 [pool-95-thread-1] INFO  server.RaftServerConfigKeys (ConfUtils.java:logGet(46)) - raft.server.log.queue.byte-limit = 4294967296 (custom)
2022-07-12 20:43:37,153 [pool-95-thread-1] INFO  server.RaftServerConfigKeys (ConfUtils.java:logGet(46)) - raft.server.log.queue.element-limit = 1024 (custom)
2022-07-12 20:43:37,153 [pool-95-thread-1] INFO  server.RaftServerConfigKeys (ConfUtils.java:logGet(46)) - raft.server.log.segment.size.max = 1048576 (custom)
2022-07-12 20:43:37,153 [pool-95-thread-1] INFO  server.RaftServerConfigKeys (ConfUtils.java:logGet(46)) - raft.server.log.preallocated.size = 16384 (custom)
2022-07-12 20:43:37,153 [pool-95-thread-1] INFO  server.RaftServerConfigKeys (ConfUtils.java:logGet(46)) - raft.server.log.force.sync.num = 128 (default)
2022-07-12 20:43:37,153 [pool-95-thread-1] INFO  server.RaftServerConfigKeys (ConfUtils.java:logGet(46)) - raft.server.log.statemachine.data.sync = true (default)
2022-07-12 20:43:37,154 [pool-95-thread-1] INFO  server.RaftServerConfigKeys (ConfUtils.java:logGet(46)) - raft.server.log.statemachine.data.sync.timeout = 10s (default)
2022-07-12 20:43:37,154 [pool-95-thread-1] INFO  server.RaftServerConfigKeys (ConfUtils.java:logGet(46)) - raft.server.log.statemachine.data.sync.timeout.retry = -1 (default)
2022-07-12 20:43:37,157 [pool-95-thread-1] INFO  server.RaftServerConfigKeys (ConfUtils.java:logGet(46)) - raft.server.log.write.buffer.size = 1048576 (custom)
2022-07-12 20:43:37,158 [pool-95-thread-1] INFO  server.RaftServerConfigKeys (ConfUtils.java:logGet(46)) - raft.server.log.unsafe-flush.enabled = false (default)
2022-07-12 20:43:37,158 [pool-95-thread-1] INFO  server.RaftServerConfigKeys (ConfUtils.java:logGet(46)) - raft.server.log.statemachine.data.caching.enabled = true (custom)
2022-07-12 20:43:37,158 [pool-95-thread-1] INFO  segmented.SegmentedRaftLogWorker (SegmentedRaftLogWorker.java:lambda$new$0(135)) - 1c8026fd-317f-4e79-aa49-e69de355aaaa@group-5D6AC1929F9D-SegmentedRaftLogWorker: flushIndex: setUnconditionally 0 -> -1
2022-07-12 20:43:37,158 [pool-95-thread-1] INFO  segmented.SegmentedRaftLogWorker (SegmentedRaftLogWorker.java:lambda$new$0(135)) - 1c8026fd-317f-4e79-aa49-e69de355aaaa@group-5D6AC1929F9D-SegmentedRaftLogWorker: safeCacheEvictIndex: setUnconditionally 0 -> -1
2022-07-12 20:43:37,159 [pool-95-thread-1] INFO  server.RaftServerConfigKeys (ConfUtils.java:logGet(46)) - raft.server.snapshot.auto.trigger.enabled = true (custom)
2022-07-12 20:43:37,159 [pool-95-thread-1] INFO  server.RaftServerConfigKeys (ConfUtils.java:logGet(46)) - raft.server.snapshot.auto.trigger.threshold = 10000 (custom)
2022-07-12 20:43:37,159 [pool-95-thread-1] INFO  server.RaftServerConfigKeys (ConfUtils.java:logGet(46)) - raft.server.snapshot.retention.file.num = 5 (custom)
2022-07-12 20:43:37,159 [pool-95-thread-1] INFO  server.RaftServerConfigKeys (ConfUtils.java:logGet(46)) - raft.server.log.purge.upto.snapshot.index = false (default)
2022-07-12 20:43:37,159 [pool-95-thread-1] INFO  server.RaftServerConfigKeys (ConfUtils.java:logGet(46)) - raft.server.retrycache.expirytime = 600000ms (custom)
2022-07-12 20:43:37,159 [pool-95-thread-1] INFO  server.RaftServerConfigKeys (ConfUtils.java:logGet(46)) - raft.server.retrycache.statistics.expirytime = 100μs (default)
2022-07-12 20:43:37,160 [pool-95-thread-1] INFO  server.RaftServerConfigKeys (ConfUtils.java:logGet(46)) - raft.server.log.appender.install.snapshot.enabled = false (custom)
2022-07-12 20:43:37,160 [pool-95-thread-1] INFO  server.RaftServerConfigKeys (ConfUtils.java:logGet(46)) - raft.server.threadpool.server.cached = true (default)
2022-07-12 20:43:37,160 [pool-95-thread-1] INFO  server.RaftServerConfigKeys (ConfUtils.java:logGet(46)) - raft.server.threadpool.server.size = 0 (default)
2022-07-12 20:43:37,160 [pool-95-thread-1] INFO  server.RaftServerConfigKeys (ConfUtils.java:logGet(46)) - raft.server.threadpool.client.cached = true (default)
2022-07-12 20:43:37,160 [pool-95-thread-1] INFO  server.RaftServerConfigKeys (ConfUtils.java:logGet(46)) - raft.server.threadpool.client.size = 0 (default)
2022-07-12 20:43:37,160 [pool-95-thread-1] INFO  server.RaftServer$Division (RaftServerImpl.java:start(310)) - 1c8026fd-317f-4e79-aa49-e69de355aaaa@group-5D6AC1929F9D: start as a follower, conf=-1: [1c8026fd-317f-4e79-aa49-e69de355aaaa|rpc:10.1.0.33:38443|priority:1], old=null
2022-07-12 20:43:37,160 [pool-95-thread-1] INFO  server.RaftServer$Division (RaftServerImpl.java:setRole(299)) - 1c8026fd-317f-4e79-aa49-e69de355aaaa@group-5D6AC1929F9D: changes role from      null to FOLLOWER at term 0 for startAsFollower
2022-07-12 20:43:37,160 [pool-95-thread-1] INFO  impl.RoleInfo (RoleInfo.java:updateAndGet(139)) - 1c8026fd-317f-4e79-aa49-e69de355aaaa: start 1c8026fd-317f-4e79-aa49-e69de355aaaa@group-5D6AC1929F9D-FollowerState
2022-07-12 20:43:37,168 [pool-95-thread-1] INFO  util.JmxRegister (JmxRegister.java:tryRegister(44)) - Successfully registered JMX Bean with object name Ratis:service=RaftServer,group=group-5D6AC1929F9D,id=1c8026fd-317f-4e79-aa49-e69de355aaaa
2022-07-12 20:43:37,171 [Command processor thread] INFO  ratis.XceiverServerRatis (XceiverServerRatis.java:addGroup(765)) - Created group PipelineID=0f0f6f10-961e-404c-903d-5d6ac1929f9d
2022-07-12 20:43:37,171 [Command processor thread] INFO  commandhandler.CreatePipelineCommandHandler (CreatePipelineCommandHandler.java:handle(113)) - Created Pipeline RATIS ONE PipelineID=0f0f6f10-961e-404c-903d-5d6ac1929f9d.
2022-07-12 20:43:37,171 [Command processor thread] INFO  server.RaftServer (RaftServerProxy.java:addNew(96)) - 1c8026fd-317f-4e79-aa49-e69de355aaaa: addNew group-9CD9F0A1529B:[1c8026fd-317f-4e79-aa49-e69de355aaaa|rpc:10.1.0.33:38443|priority:1, 2de1e519-7420-449a-b6b3-45c208f0058f|rpc:10.1.0.33:43801|priority:0, 31889ab4-3e75-4a68-bf86-b260e37d0475|rpc:10.1.0.33:33947|priority:0] returns group-9CD9F0A1529B:java.util.concurrent.CompletableFuture@5d86fe56[Not completed]
2022-07-12 20:43:37,173 [pool-95-thread-1] INFO  server.RaftServer$Division (RaftServerImpl.java:<init>(190)) - 1c8026fd-317f-4e79-aa49-e69de355aaaa: new RaftServerImpl for group-9CD9F0A1529B:[1c8026fd-317f-4e79-aa49-e69de355aaaa|rpc:10.1.0.33:38443|priority:1, 2de1e519-7420-449a-b6b3-45c208f0058f|rpc:10.1.0.33:43801|priority:0, 31889ab4-3e75-4a68-bf86-b260e37d0475|rpc:10.1.0.33:33947|priority:0] with ContainerStateMachine:uninitialized
2022-07-12 20:43:37,173 [pool-95-thread-1] INFO  server.RaftServerConfigKeys (ConfUtils.java:logGet(46)) - raft.server.rpc.timeout.min = 5s (custom)
2022-07-12 20:43:37,173 [pool-95-thread-1] INFO  server.RaftServerConfigKeys (ConfUtils.java:logGet(46)) - raft.server.rpc.timeout.max = 5200ms (custom)
2022-07-12 20:43:37,173 [pool-95-thread-1] INFO  server.RaftServerConfigKeys (ConfUtils.java:logGet(46)) - raft.server.rpc.sleep.time = 25ms (default)
2022-07-12 20:43:37,173 [pool-95-thread-1] INFO  server.RaftServerConfigKeys (ConfUtils.java:logGet(46)) - raft.server.rpc.slowness.timeout = 300s (custom)
2022-07-12 20:43:37,174 [pool-95-thread-1] INFO  server.RaftServerConfigKeys (ConfUtils.java:logGet(46)) - raft.server.leaderelection.leader.step-down.wait-time = 10s (default)
2022-07-12 20:43:37,174 [pool-95-thread-1] INFO  server.RaftServerConfigKeys (ConfUtils.java:logGet(46)) - raft.server.sleep.deviation.threshold = 300ms (default)
2022-07-12 20:43:37,174 [pool-95-thread-1] INFO  server.RaftServer$Division (ServerState.java:<init>(107)) - 1c8026fd-317f-4e79-aa49-e69de355aaaa@group-9CD9F0A1529B: ConfigurationManager, init=-1: [1c8026fd-317f-4e79-aa49-e69de355aaaa|rpc:10.1.0.33:38443|priority:1, 2de1e519-7420-449a-b6b3-45c208f0058f|rpc:10.1.0.33:43801|priority:0, 31889ab4-3e75-4a68-bf86-b260e37d0475|rpc:10.1.0.33:33947|priority:0], old=null, confs=<EMPTY_MAP>
2022-07-12 20:43:37,174 [pool-95-thread-1] INFO  server.RaftServerConfigKeys (ConfUtils.java:logGet(46)) - raft.server.storage.dir = [/home/runner/work/ozone/ozone/hadoop-ozone/integration-test/target/test-dir/MiniOzoneClusterImpl-403db390-d601-42e9-9e55-5e4bd55e0b9b/datanode-1/data/ratis] (custom)
2022-07-12 20:43:37,174 [pool-95-thread-1] INFO  server.RaftServerConfigKeys (ConfUtils.java:logGet(46)) - raft.server.log.corruption.policy = EXCEPTION (default)
2022-07-12 20:43:37,174 [pool-95-thread-1] INFO  server.RaftServerConfigKeys (ConfUtils.java:logGet(46)) - raft.server.storage.free-space.min = 0MB (=0) (default)
2022-07-12 20:43:37,174 [pool-95-thread-1] INFO  storage.RaftStorageDirectory (RaftStorageDirectoryImpl.java:analyzeStorage(135)) - The storage directory /home/runner/work/ozone/ozone/hadoop-ozone/integration-test/target/test-dir/MiniOzoneClusterImpl-403db390-d601-42e9-9e55-5e4bd55e0b9b/datanode-1/data/ratis/27f296c5-36c9-4318-81f4-9cd9f0a1529b does not exist. Creating ...
2022-07-12 20:43:37,176 [pool-95-thread-1] INFO  storage.RaftStorageDirectory (RaftStorageDirectoryImpl.java:tryLock(230)) - Lock on /home/runner/work/ozone/ozone/hadoop-ozone/integration-test/target/test-dir/MiniOzoneClusterImpl-403db390-d601-42e9-9e55-5e4bd55e0b9b/datanode-1/data/ratis/27f296c5-36c9-4318-81f4-9cd9f0a1529b/in_use.lock acquired by nodename 3147@fv-az29-983
2022-07-12 20:43:37,177 [pool-95-thread-1] INFO  storage.RaftStorage (RaftStorageImpl.java:format(89)) - Storage directory /home/runner/work/ozone/ozone/hadoop-ozone/integration-test/target/test-dir/MiniOzoneClusterImpl-403db390-d601-42e9-9e55-5e4bd55e0b9b/datanode-1/data/ratis/27f296c5-36c9-4318-81f4-9cd9f0a1529b has been successfully formatted.
2022-07-12 20:43:37,178 [pool-95-thread-1] INFO  ratis.ContainerStateMachine (ContainerStateMachine.java:loadSnapshot(236)) - group-9CD9F0A1529B: The snapshot info is null. Setting the last applied indexto:(t:0, i:~)
2022-07-12 20:43:37,178 [pool-95-thread-1] INFO  server.RaftServerConfigKeys (ConfUtils.java:logGet(46)) - raft.server.notification.no-leader.timeout = 300s (custom)
2022-07-12 20:43:37,178 [pool-95-thread-1] INFO  server.RaftServerConfigKeys (ConfUtils.java:logGet(46)) - raft.server.log.use.memory = false (default)
2022-07-12 20:43:37,178 [pool-95-thread-1] INFO  server.RaftServerConfigKeys (ConfUtils.java:logGet(46)) - raft.server.log.purge.gap = 1000000 (custom)
2022-07-12 20:43:37,178 [pool-95-thread-1] INFO  server.RaftServerConfigKeys (ConfUtils.java:logGet(46)) - raft.server.log.appender.buffer.byte-limit = 33554432 (custom)
2022-07-12 20:43:37,178 [pool-95-thread-1] INFO  server.RaftServerConfigKeys (ConfUtils.java:logGet(46)) - raft.server.log.statemachine.data.read.timeout = 1000ms (default)
2022-07-12 20:43:37,179 [pool-95-thread-1] INFO  server.RaftServerConfigKeys (ConfUtils.java:logGet(46)) - raft.server.log.segment.size.max = 1048576 (custom)
2022-07-12 20:43:37,181 [EventQueue-OpenPipelineForHealthyPipelineSafeModeRule] INFO  safemode.SCMSafeModeManager (HealthyPipelineSafeModeRule.java:process(124)) - SCM in safe mode. Healthy pipelines reported count is 0, required healthy pipeline reported count is 1
2022-07-12 20:43:37,183 [pool-95-thread-1] INFO  server.RaftServerConfigKeys (ConfUtils.java:logGet(46)) - raft.server.log.segment.cache.num.max = 2 (custom)
2022-07-12 20:43:37,183 [pool-95-thread-1] INFO  server.RaftServerConfigKeys (ConfUtils.java:logGet(46)) - raft.server.log.segment.cache.size.max = 200MB (=209715200) (default)
2022-07-12 20:43:37,183 [pool-95-thread-1] INFO  segmented.SegmentedRaftLogWorker (SegmentedRaftLogWorker.java:<init>(187)) - new 1c8026fd-317f-4e79-aa49-e69de355aaaa@group-9CD9F0A1529B-SegmentedRaftLogWorker for RaftStorageImpl:Storage Directory /home/runner/work/ozone/ozone/hadoop-ozone/integration-test/target/test-dir/MiniOzoneClusterImpl-403db390-d601-42e9-9e55-5e4bd55e0b9b/datanode-1/data/ratis/27f296c5-36c9-4318-81f4-9cd9f0a1529b
2022-07-12 20:43:37,183 [pool-95-thread-1] INFO  server.RaftServerConfigKeys (ConfUtils.java:logGet(46)) - raft.server.log.queue.byte-limit = 4294967296 (custom)
2022-07-12 20:43:37,184 [pool-95-thread-1] INFO  server.RaftServerConfigKeys (ConfUtils.java:logGet(46)) - raft.server.log.queue.element-limit = 1024 (custom)
2022-07-12 20:43:37,184 [pool-95-thread-1] INFO  server.RaftServerConfigKeys (ConfUtils.java:logGet(46)) - raft.server.log.segment.size.max = 1048576 (custom)
2022-07-12 20:43:37,184 [pool-95-thread-1] INFO  server.RaftServerConfigKeys (ConfUtils.java:logGet(46)) - raft.server.log.preallocated.size = 16384 (custom)
2022-07-12 20:43:37,184 [pool-95-thread-1] INFO  server.RaftServerConfigKeys (ConfUtils.java:logGet(46)) - raft.server.log.force.sync.num = 128 (default)
2022-07-12 20:43:37,184 [pool-95-thread-1] INFO  server.RaftServerConfigKeys (ConfUtils.java:logGet(46)) - raft.server.log.statemachine.data.sync = true (default)
2022-07-12 20:43:37,184 [pool-95-thread-1] INFO  server.RaftServerConfigKeys (ConfUtils.java:logGet(46)) - raft.server.log.statemachine.data.sync.timeout = 10s (default)
2022-07-12 20:43:37,184 [pool-95-thread-1] INFO  server.RaftServerConfigKeys (ConfUtils.java:logGet(46)) - raft.server.log.statemachine.data.sync.timeout.retry = -1 (default)
2022-07-12 20:43:37,185 [pool-95-thread-1] INFO  server.RaftServerConfigKeys (ConfUtils.java:logGet(46)) - raft.server.log.write.buffer.size = 1048576 (custom)
2022-07-12 20:43:37,185 [pool-95-thread-1] INFO  server.RaftServerConfigKeys (ConfUtils.java:logGet(46)) - raft.server.log.unsafe-flush.enabled = false (default)
2022-07-12 20:43:37,185 [pool-95-thread-1] INFO  server.RaftServerConfigKeys (ConfUtils.java:logGet(46)) - raft.server.log.statemachine.data.caching.enabled = true (custom)
2022-07-12 20:43:37,185 [pool-95-thread-1] INFO  segmented.SegmentedRaftLogWorker (SegmentedRaftLogWorker.java:lambda$new$0(135)) - 1c8026fd-317f-4e79-aa49-e69de355aaaa@group-9CD9F0A1529B-SegmentedRaftLogWorker: flushIndex: setUnconditionally 0 -> -1
2022-07-12 20:43:37,185 [pool-95-thread-1] INFO  segmented.SegmentedRaftLogWorker (SegmentedRaftLogWorker.java:lambda$new$0(135)) - 1c8026fd-317f-4e79-aa49-e69de355aaaa@group-9CD9F0A1529B-SegmentedRaftLogWorker: safeCacheEvictIndex: setUnconditionally 0 -> -1
2022-07-12 20:43:37,185 [pool-95-thread-1] INFO  server.RaftServerConfigKeys (ConfUtils.java:logGet(46)) - raft.server.snapshot.auto.trigger.enabled = true (custom)
2022-07-12 20:43:37,185 [pool-95-thread-1] INFO  server.RaftServerConfigKeys (ConfUtils.java:logGet(46)) - raft.server.snapshot.auto.trigger.threshold = 10000 (custom)
2022-07-12 20:43:37,185 [pool-95-thread-1] INFO  server.RaftServerConfigKeys (ConfUtils.java:logGet(46)) - raft.server.snapshot.retention.file.num = 5 (custom)
2022-07-12 20:43:37,186 [pool-95-thread-1] INFO  server.RaftServerConfigKeys (ConfUtils.java:logGet(46)) - raft.server.log.purge.upto.snapshot.index = false (default)
2022-07-12 20:43:37,186 [pool-95-thread-1] INFO  server.RaftServerConfigKeys (ConfUtils.java:logGet(46)) - raft.server.retrycache.expirytime = 600000ms (custom)
2022-07-12 20:43:37,186 [pool-95-thread-1] INFO  server.RaftServerConfigKeys (ConfUtils.java:logGet(46)) - raft.server.retrycache.statistics.expirytime = 100μs (default)
2022-07-12 20:43:37,187 [pool-95-thread-1] INFO  server.RaftServerConfigKeys (ConfUtils.java:logGet(46)) - raft.server.log.appender.install.snapshot.enabled = false (custom)
2022-07-12 20:43:37,187 [pool-95-thread-1] INFO  server.RaftServerConfigKeys (ConfUtils.java:logGet(46)) - raft.server.threadpool.server.cached = true (default)
2022-07-12 20:43:37,187 [pool-95-thread-1] INFO  server.RaftServerConfigKeys (ConfUtils.java:logGet(46)) - raft.server.threadpool.server.size = 0 (default)
2022-07-12 20:43:37,187 [pool-95-thread-1] INFO  server.RaftServerConfigKeys (ConfUtils.java:logGet(46)) - raft.server.threadpool.client.cached = true (default)
2022-07-12 20:43:37,187 [pool-95-thread-1] INFO  server.RaftServerConfigKeys (ConfUtils.java:logGet(46)) - raft.server.threadpool.client.size = 0 (default)
2022-07-12 20:43:37,187 [pool-95-thread-1] INFO  server.RaftServer$Division (RaftServerImpl.java:start(310)) - 1c8026fd-317f-4e79-aa49-e69de355aaaa@group-9CD9F0A1529B: start as a follower, conf=-1: [1c8026fd-317f-4e79-aa49-e69de355aaaa|rpc:10.1.0.33:38443|priority:1, 2de1e519-7420-449a-b6b3-45c208f0058f|rpc:10.1.0.33:43801|priority:0, 31889ab4-3e75-4a68-bf86-b260e37d0475|rpc:10.1.0.33:33947|priority:0], old=null
2022-07-12 20:43:37,187 [pool-95-thread-1] INFO  server.RaftServer$Division (RaftServerImpl.java:setRole(299)) - 1c8026fd-317f-4e79-aa49-e69de355aaaa@group-9CD9F0A1529B: changes role from      null to FOLLOWER at term 0 for startAsFollower
2022-07-12 20:43:37,187 [pool-95-thread-1] INFO  impl.RoleInfo (RoleInfo.java:updateAndGet(139)) - 1c8026fd-317f-4e79-aa49-e69de355aaaa: start 1c8026fd-317f-4e79-aa49-e69de355aaaa@group-9CD9F0A1529B-FollowerState
2022-07-12 20:43:37,188 [pool-95-thread-1] INFO  util.JmxRegister (JmxRegister.java:tryRegister(44)) - Successfully registered JMX Bean with object name Ratis:service=RaftServer,group=group-9CD9F0A1529B,id=1c8026fd-317f-4e79-aa49-e69de355aaaa
2022-07-12 20:43:37,188 [Command processor thread] INFO  ratis.XceiverServerRatis (XceiverServerRatis.java:addGroup(765)) - Created group PipelineID=27f296c5-36c9-4318-81f4-9cd9f0a1529b
2022-07-12 20:43:37,354 [grpc-default-executor-1] INFO  server.RaftServer (RaftServerProxy.java:addNew(96)) - 31889ab4-3e75-4a68-bf86-b260e37d0475: addNew group-9CD9F0A1529B:[1c8026fd-317f-4e79-aa49-e69de355aaaa|rpc:10.1.0.33:38443|dataStream:|priority:1, 2de1e519-7420-449a-b6b3-45c208f0058f|rpc:10.1.0.33:43801|dataStream:|priority:0, 31889ab4-3e75-4a68-bf86-b260e37d0475|rpc:10.1.0.33:33947|dataStream:|priority:0] returns group-9CD9F0A1529B:java.util.concurrent.CompletableFuture@4a8d861f[Not completed]
2022-07-12 20:43:37,355 [pool-118-thread-1] INFO  server.RaftServer$Division (RaftServerImpl.java:<init>(190)) - 31889ab4-3e75-4a68-bf86-b260e37d0475: new RaftServerImpl for group-9CD9F0A1529B:[1c8026fd-317f-4e79-aa49-e69de355aaaa|rpc:10.1.0.33:38443|dataStream:|priority:1, 2de1e519-7420-449a-b6b3-45c208f0058f|rpc:10.1.0.33:43801|dataStream:|priority:0, 31889ab4-3e75-4a68-bf86-b260e37d0475|rpc:10.1.0.33:33947|dataStream:|priority:0] with ContainerStateMachine:uninitialized
2022-07-12 20:43:37,356 [pool-118-thread-1] INFO  server.RaftServerConfigKeys (ConfUtils.java:logGet(46)) - raft.server.rpc.timeout.min = 5s (custom)
2022-07-12 20:43:37,356 [pool-118-thread-1] INFO  server.RaftServerConfigKeys (ConfUtils.java:logGet(46)) - raft.server.rpc.timeout.max = 5200ms (custom)
2022-07-12 20:43:37,356 [pool-118-thread-1] INFO  server.RaftServerConfigKeys (ConfUtils.java:logGet(46)) - raft.server.rpc.sleep.time = 25ms (default)
2022-07-12 20:43:37,356 [pool-118-thread-1] INFO  server.RaftServerConfigKeys (ConfUtils.java:logGet(46)) - raft.server.rpc.slowness.timeout = 300s (custom)
2022-07-12 20:43:37,356 [pool-118-thread-1] INFO  server.RaftServerConfigKeys (ConfUtils.java:logGet(46)) - raft.server.leaderelection.leader.step-down.wait-time = 10s (default)
2022-07-12 20:43:37,356 [pool-118-thread-1] INFO  server.RaftServerConfigKeys (ConfUtils.java:logGet(46)) - raft.server.sleep.deviation.threshold = 300ms (default)
2022-07-12 20:43:37,356 [pool-118-thread-1] INFO  server.RaftServer$Division (ServerState.java:<init>(107)) - 31889ab4-3e75-4a68-bf86-b260e37d0475@group-9CD9F0A1529B: ConfigurationManager, init=-1: [1c8026fd-317f-4e79-aa49-e69de355aaaa|rpc:10.1.0.33:38443|dataStream:|priority:1, 2de1e519-7420-449a-b6b3-45c208f0058f|rpc:10.1.0.33:43801|dataStream:|priority:0, 31889ab4-3e75-4a68-bf86-b260e37d0475|rpc:10.1.0.33:33947|dataStream:|priority:0], old=null, confs=<EMPTY_MAP>
2022-07-12 20:43:37,356 [pool-118-thread-1] INFO  server.RaftServerConfigKeys (ConfUtils.java:logGet(46)) - raft.server.storage.dir = [/home/runner/work/ozone/ozone/hadoop-ozone/integration-test/target/test-dir/MiniOzoneClusterImpl-403db390-d601-42e9-9e55-5e4bd55e0b9b/datanode-2/data/ratis] (custom)
2022-07-12 20:43:37,356 [pool-118-thread-1] INFO  server.RaftServerConfigKeys (ConfUtils.java:logGet(46)) - raft.server.log.corruption.policy = EXCEPTION (default)
2022-07-12 20:43:37,356 [pool-118-thread-1] INFO  server.RaftServerConfigKeys (ConfUtils.java:logGet(46)) - raft.server.storage.free-space.min = 0MB (=0) (default)
2022-07-12 20:43:37,356 [pool-118-thread-1] INFO  storage.RaftStorageDirectory (RaftStorageDirectoryImpl.java:analyzeStorage(135)) - The storage directory /home/runner/work/ozone/ozone/hadoop-ozone/integration-test/target/test-dir/MiniOzoneClusterImpl-403db390-d601-42e9-9e55-5e4bd55e0b9b/datanode-2/data/ratis/27f296c5-36c9-4318-81f4-9cd9f0a1529b does not exist. Creating ...
2022-07-12 20:43:37,370 [pool-118-thread-1] INFO  storage.RaftStorageDirectory (RaftStorageDirectoryImpl.java:tryLock(230)) - Lock on /home/runner/work/ozone/ozone/hadoop-ozone/integration-test/target/test-dir/MiniOzoneClusterImpl-403db390-d601-42e9-9e55-5e4bd55e0b9b/datanode-2/data/ratis/27f296c5-36c9-4318-81f4-9cd9f0a1529b/in_use.lock acquired by nodename 3147@fv-az29-983
2022-07-12 20:43:37,372 [pool-118-thread-1] INFO  storage.RaftStorage (RaftStorageImpl.java:format(89)) - Storage directory /home/runner/work/ozone/ozone/hadoop-ozone/integration-test/target/test-dir/MiniOzoneClusterImpl-403db390-d601-42e9-9e55-5e4bd55e0b9b/datanode-2/data/ratis/27f296c5-36c9-4318-81f4-9cd9f0a1529b has been successfully formatted.
2022-07-12 20:43:37,374 [pool-118-thread-1] INFO  ratis.ContainerStateMachine (ContainerStateMachine.java:loadSnapshot(236)) - group-9CD9F0A1529B: The snapshot info is null. Setting the last applied indexto:(t:0, i:~)
2022-07-12 20:43:37,377 [pool-118-thread-1] INFO  server.RaftServerConfigKeys (ConfUtils.java:logGet(46)) - raft.server.notification.no-leader.timeout = 300s (custom)
2022-07-12 20:43:37,377 [pool-118-thread-1] INFO  server.RaftServerConfigKeys (ConfUtils.java:logGet(46)) - raft.server.log.use.memory = false (default)
2022-07-12 20:43:37,377 [pool-118-thread-1] INFO  server.RaftServerConfigKeys (ConfUtils.java:logGet(46)) - raft.server.log.purge.gap = 1000000 (custom)
2022-07-12 20:43:37,377 [pool-118-thread-1] INFO  server.RaftServerConfigKeys (ConfUtils.java:logGet(46)) - raft.server.log.appender.buffer.byte-limit = 33554432 (custom)
2022-07-12 20:43:37,377 [pool-118-thread-1] INFO  server.RaftServerConfigKeys (ConfUtils.java:logGet(46)) - raft.server.log.statemachine.data.read.timeout = 1000ms (default)
2022-07-12 20:43:37,377 [pool-118-thread-1] INFO  server.RaftServerConfigKeys (ConfUtils.java:logGet(46)) - raft.server.log.segment.size.max = 1048576 (custom)
2022-07-12 20:43:37,379 [pool-118-thread-1] INFO  server.RaftServerConfigKeys (ConfUtils.java:logGet(46)) - raft.server.log.segment.cache.num.max = 2 (custom)
2022-07-12 20:43:37,379 [pool-118-thread-1] INFO  server.RaftServerConfigKeys (ConfUtils.java:logGet(46)) - raft.server.log.segment.cache.size.max = 200MB (=209715200) (default)
2022-07-12 20:43:37,379 [pool-118-thread-1] INFO  segmented.SegmentedRaftLogWorker (SegmentedRaftLogWorker.java:<init>(187)) - new 31889ab4-3e75-4a68-bf86-b260e37d0475@group-9CD9F0A1529B-SegmentedRaftLogWorker for RaftStorageImpl:Storage Directory /home/runner/work/ozone/ozone/hadoop-ozone/integration-test/target/test-dir/MiniOzoneClusterImpl-403db390-d601-42e9-9e55-5e4bd55e0b9b/datanode-2/data/ratis/27f296c5-36c9-4318-81f4-9cd9f0a1529b
2022-07-12 20:43:37,379 [pool-118-thread-1] INFO  server.RaftServerConfigKeys (ConfUtils.java:logGet(46)) - raft.server.log.queue.byte-limit = 4294967296 (custom)
2022-07-12 20:43:37,379 [pool-118-thread-1] INFO  server.RaftServerConfigKeys (ConfUtils.java:logGet(46)) - raft.server.log.queue.element-limit = 1024 (custom)
2022-07-12 20:43:37,379 [pool-118-thread-1] INFO  server.RaftServerConfigKeys (ConfUtils.java:logGet(46)) - raft.server.log.segment.size.max = 1048576 (custom)
2022-07-12 20:43:37,379 [pool-118-thread-1] INFO  server.RaftServerConfigKeys (ConfUtils.java:logGet(46)) - raft.server.log.preallocated.size = 16384 (custom)
2022-07-12 20:43:37,379 [pool-118-thread-1] INFO  server.RaftServerConfigKeys (ConfUtils.java:logGet(46)) - raft.server.log.force.sync.num = 128 (default)
2022-07-12 20:43:37,379 [pool-118-thread-1] INFO  server.RaftServerConfigKeys (ConfUtils.java:logGet(46)) - raft.server.log.statemachine.data.sync = true (default)
2022-07-12 20:43:37,379 [pool-118-thread-1] INFO  server.RaftServerConfigKeys (ConfUtils.java:logGet(46)) - raft.server.log.statemachine.data.sync.timeout = 10s (default)
2022-07-12 20:43:37,379 [pool-118-thread-1] INFO  server.RaftServerConfigKeys (ConfUtils.java:logGet(46)) - raft.server.log.statemachine.data.sync.timeout.retry = -1 (default)
2022-07-12 20:43:37,384 [pool-118-thread-1] INFO  server.RaftServerConfigKeys (ConfUtils.java:logGet(46)) - raft.server.log.write.buffer.size = 1048576 (custom)
2022-07-12 20:43:37,385 [pool-118-thread-1] INFO  server.RaftServerConfigKeys (ConfUtils.java:logGet(46)) - raft.server.log.unsafe-flush.enabled = false (default)
2022-07-12 20:43:37,385 [pool-118-thread-1] INFO  server.RaftServerConfigKeys (ConfUtils.java:logGet(46)) - raft.server.log.statemachine.data.caching.enabled = true (custom)
2022-07-12 20:43:37,385 [pool-118-thread-1] INFO  segmented.SegmentedRaftLogWorker (SegmentedRaftLogWorker.java:lambda$new$0(135)) - 31889ab4-3e75-4a68-bf86-b260e37d0475@group-9CD9F0A1529B-SegmentedRaftLogWorker: flushIndex: setUnconditionally 0 -> -1
2022-07-12 20:43:37,385 [pool-118-thread-1] INFO  segmented.SegmentedRaftLogWorker (SegmentedRaftLogWorker.java:lambda$new$0(135)) - 31889ab4-3e75-4a68-bf86-b260e37d0475@group-9CD9F0A1529B-SegmentedRaftLogWorker: safeCacheEvictIndex: setUnconditionally 0 -> -1
2022-07-12 20:43:37,390 [pool-118-thread-1] INFO  server.RaftServerConfigKeys (ConfUtils.java:logGet(46)) - raft.server.snapshot.auto.trigger.enabled = true (custom)
2022-07-12 20:43:37,390 [pool-118-thread-1] INFO  server.RaftServerConfigKeys (ConfUtils.java:logGet(46)) - raft.server.snapshot.auto.trigger.threshold = 10000 (custom)
2022-07-12 20:43:37,390 [pool-118-thread-1] INFO  server.RaftServerConfigKeys (ConfUtils.java:logGet(46)) - raft.server.snapshot.retention.file.num = 5 (custom)
2022-07-12 20:43:37,390 [pool-118-thread-1] INFO  server.RaftServerConfigKeys (ConfUtils.java:logGet(46)) - raft.server.log.purge.upto.snapshot.index = false (default)
2022-07-12 20:43:37,390 [pool-118-thread-1] INFO  server.RaftServerConfigKeys (ConfUtils.java:logGet(46)) - raft.server.retrycache.expirytime = 600000ms (custom)
2022-07-12 20:43:37,390 [pool-118-thread-1] INFO  server.RaftServerConfigKeys (ConfUtils.java:logGet(46)) - raft.server.retrycache.statistics.expirytime = 100μs (default)
2022-07-12 20:43:37,394 [pool-118-thread-1] INFO  server.RaftServerConfigKeys (ConfUtils.java:logGet(46)) - raft.server.log.appender.install.snapshot.enabled = false (custom)
2022-07-12 20:43:37,394 [pool-118-thread-1] INFO  server.RaftServerConfigKeys (ConfUtils.java:logGet(46)) - raft.server.threadpool.server.cached = true (default)
2022-07-12 20:43:37,394 [pool-118-thread-1] INFO  server.RaftServerConfigKeys (ConfUtils.java:logGet(46)) - raft.server.threadpool.server.size = 0 (default)
2022-07-12 20:43:37,394 [pool-118-thread-1] INFO  server.RaftServerConfigKeys (ConfUtils.java:logGet(46)) - raft.server.threadpool.client.cached = true (default)
2022-07-12 20:43:37,394 [pool-118-thread-1] INFO  server.RaftServerConfigKeys (ConfUtils.java:logGet(46)) - raft.server.threadpool.client.size = 0 (default)
2022-07-12 20:43:37,394 [pool-118-thread-1] INFO  server.RaftServer$Division (RaftServerImpl.java:start(310)) - 31889ab4-3e75-4a68-bf86-b260e37d0475@group-9CD9F0A1529B: start as a follower, conf=-1: [1c8026fd-317f-4e79-aa49-e69de355aaaa|rpc:10.1.0.33:38443|dataStream:|priority:1, 2de1e519-7420-449a-b6b3-45c208f0058f|rpc:10.1.0.33:43801|dataStream:|priority:0, 31889ab4-3e75-4a68-bf86-b260e37d0475|rpc:10.1.0.33:33947|dataStream:|priority:0], old=null
2022-07-12 20:43:37,394 [pool-118-thread-1] INFO  server.RaftServer$Division (RaftServerImpl.java:setRole(299)) - 31889ab4-3e75-4a68-bf86-b260e37d0475@group-9CD9F0A1529B: changes role from      null to FOLLOWER at term 0 for startAsFollower
2022-07-12 20:43:37,394 [pool-118-thread-1] INFO  impl.RoleInfo (RoleInfo.java:updateAndGet(139)) - 31889ab4-3e75-4a68-bf86-b260e37d0475: start 31889ab4-3e75-4a68-bf86-b260e37d0475@group-9CD9F0A1529B-FollowerState
2022-07-12 20:43:37,415 [pool-118-thread-1] INFO  util.JmxRegister (JmxRegister.java:tryRegister(44)) - Successfully registered JMX Bean with object name Ratis:service=RaftServer,group=group-9CD9F0A1529B,id=31889ab4-3e75-4a68-bf86-b260e37d0475
2022-07-12 20:43:37,503 [Command processor thread] INFO  commandhandler.CreatePipelineCommandHandler (CreatePipelineCommandHandler.java:handle(113)) - Created Pipeline RATIS THREE PipelineID=27f296c5-36c9-4318-81f4-9cd9f0a1529b.
2022-07-12 20:43:37,504 [Command processor thread] INFO  server.RaftServer (RaftServerProxy.java:addNew(96)) - 2de1e519-7420-449a-b6b3-45c208f0058f: addNew group-DED71AC26ED7:[2de1e519-7420-449a-b6b3-45c208f0058f|rpc:10.1.0.33:43801|priority:1, 1c8026fd-317f-4e79-aa49-e69de355aaaa|rpc:10.1.0.33:38443|priority:0, 31889ab4-3e75-4a68-bf86-b260e37d0475|rpc:10.1.0.33:33947|priority:0] returns group-DED71AC26ED7:java.util.concurrent.CompletableFuture@43b4d9a9[Not completed]
2022-07-12 20:43:37,505 [pool-72-thread-1] INFO  server.RaftServer$Division (RaftServerImpl.java:<init>(190)) - 2de1e519-7420-449a-b6b3-45c208f0058f: new RaftServerImpl for group-DED71AC26ED7:[2de1e519-7420-449a-b6b3-45c208f0058f|rpc:10.1.0.33:43801|priority:1, 1c8026fd-317f-4e79-aa49-e69de355aaaa|rpc:10.1.0.33:38443|priority:0, 31889ab4-3e75-4a68-bf86-b260e37d0475|rpc:10.1.0.33:33947|priority:0] with ContainerStateMachine:uninitialized
2022-07-12 20:43:37,505 [pool-72-thread-1] INFO  server.RaftServerConfigKeys (ConfUtils.java:logGet(46)) - raft.server.rpc.timeout.min = 5s (custom)
2022-07-12 20:43:37,505 [pool-72-thread-1] INFO  server.RaftServerConfigKeys (ConfUtils.java:logGet(46)) - raft.server.rpc.timeout.max = 5200ms (custom)
2022-07-12 20:43:37,505 [pool-72-thread-1] INFO  server.RaftServerConfigKeys (ConfUtils.java:logGet(46)) - raft.server.rpc.sleep.time = 25ms (default)
2022-07-12 20:43:37,505 [pool-72-thread-1] INFO  server.RaftServerConfigKeys (ConfUtils.java:logGet(46)) - raft.server.rpc.slowness.timeout = 300s (custom)
2022-07-12 20:43:37,505 [pool-72-thread-1] INFO  server.RaftServerConfigKeys (ConfUtils.java:logGet(46)) - raft.server.leaderelection.leader.step-down.wait-time = 10s (default)
2022-07-12 20:43:37,506 [pool-72-thread-1] INFO  server.RaftServerConfigKeys (ConfUtils.java:logGet(46)) - raft.server.sleep.deviation.threshold = 300ms (default)
2022-07-12 20:43:37,506 [pool-72-thread-1] INFO  server.RaftServer$Division (ServerState.java:<init>(107)) - 2de1e519-7420-449a-b6b3-45c208f0058f@group-DED71AC26ED7: ConfigurationManager, init=-1: [2de1e519-7420-449a-b6b3-45c208f0058f|rpc:10.1.0.33:43801|priority:1, 1c8026fd-317f-4e79-aa49-e69de355aaaa|rpc:10.1.0.33:38443|priority:0, 31889ab4-3e75-4a68-bf86-b260e37d0475|rpc:10.1.0.33:33947|priority:0], old=null, confs=<EMPTY_MAP>
2022-07-12 20:43:37,506 [pool-72-thread-1] INFO  server.RaftServerConfigKeys (ConfUtils.java:logGet(46)) - raft.server.storage.dir = [/home/runner/work/ozone/ozone/hadoop-ozone/integration-test/target/test-dir/MiniOzoneClusterImpl-403db390-d601-42e9-9e55-5e4bd55e0b9b/datanode-0/data/ratis] (custom)
2022-07-12 20:43:37,506 [pool-72-thread-1] INFO  server.RaftServerConfigKeys (ConfUtils.java:logGet(46)) - raft.server.log.corruption.policy = EXCEPTION (default)
2022-07-12 20:43:37,506 [pool-72-thread-1] INFO  server.RaftServerConfigKeys (ConfUtils.java:logGet(46)) - raft.server.storage.free-space.min = 0MB (=0) (default)
2022-07-12 20:43:37,506 [pool-72-thread-1] INFO  storage.RaftStorageDirectory (RaftStorageDirectoryImpl.java:analyzeStorage(135)) - The storage directory /home/runner/work/ozone/ozone/hadoop-ozone/integration-test/target/test-dir/MiniOzoneClusterImpl-403db390-d601-42e9-9e55-5e4bd55e0b9b/datanode-0/data/ratis/a18e6ca7-dca5-436d-b636-ded71ac26ed7 does not exist. Creating ...
2022-07-12 20:43:37,508 [pool-72-thread-1] INFO  storage.RaftStorageDirectory (RaftStorageDirectoryImpl.java:tryLock(230)) - Lock on /home/runner/work/ozone/ozone/hadoop-ozone/integration-test/target/test-dir/MiniOzoneClusterImpl-403db390-d601-42e9-9e55-5e4bd55e0b9b/datanode-0/data/ratis/a18e6ca7-dca5-436d-b636-ded71ac26ed7/in_use.lock acquired by nodename 3147@fv-az29-983
2022-07-12 20:43:37,511 [pool-72-thread-1] INFO  storage.RaftStorage (RaftStorageImpl.java:format(89)) - Storage directory /home/runner/work/ozone/ozone/hadoop-ozone/integration-test/target/test-dir/MiniOzoneClusterImpl-403db390-d601-42e9-9e55-5e4bd55e0b9b/datanode-0/data/ratis/a18e6ca7-dca5-436d-b636-ded71ac26ed7 has been successfully formatted.
2022-07-12 20:43:37,511 [pool-72-thread-1] INFO  ratis.ContainerStateMachine (ContainerStateMachine.java:loadSnapshot(236)) - group-DED71AC26ED7: The snapshot info is null. Setting the last applied indexto:(t:0, i:~)
2022-07-12 20:43:37,511 [pool-72-thread-1] INFO  server.RaftServerConfigKeys (ConfUtils.java:logGet(46)) - raft.server.notification.no-leader.timeout = 300s (custom)
2022-07-12 20:43:37,511 [pool-72-thread-1] INFO  server.RaftServerConfigKeys (ConfUtils.java:logGet(46)) - raft.server.log.use.memory = false (default)
2022-07-12 20:43:37,511 [pool-72-thread-1] INFO  server.RaftServerConfigKeys (ConfUtils.java:logGet(46)) - raft.server.log.purge.gap = 1000000 (custom)
2022-07-12 20:43:37,511 [pool-72-thread-1] INFO  server.RaftServerConfigKeys (ConfUtils.java:logGet(46)) - raft.server.log.appender.buffer.byte-limit = 33554432 (custom)
2022-07-12 20:43:37,511 [pool-72-thread-1] INFO  server.RaftServerConfigKeys (ConfUtils.java:logGet(46)) - raft.server.log.statemachine.data.read.timeout = 1000ms (default)
2022-07-12 20:43:37,511 [pool-72-thread-1] INFO  server.RaftServerConfigKeys (ConfUtils.java:logGet(46)) - raft.server.log.segment.size.max = 1048576 (custom)
2022-07-12 20:43:37,512 [pool-72-thread-1] INFO  server.RaftServerConfigKeys (ConfUtils.java:logGet(46)) - raft.server.log.segment.cache.num.max = 2 (custom)
2022-07-12 20:43:37,512 [pool-72-thread-1] INFO  server.RaftServerConfigKeys (ConfUtils.java:logGet(46)) - raft.server.log.segment.cache.size.max = 200MB (=209715200) (default)
2022-07-12 20:43:37,512 [pool-72-thread-1] INFO  segmented.SegmentedRaftLogWorker (SegmentedRaftLogWorker.java:<init>(187)) - new 2de1e519-7420-449a-b6b3-45c208f0058f@group-DED71AC26ED7-SegmentedRaftLogWorker for RaftStorageImpl:Storage Directory /home/runner/work/ozone/ozone/hadoop-ozone/integration-test/target/test-dir/MiniOzoneClusterImpl-403db390-d601-42e9-9e55-5e4bd55e0b9b/datanode-0/data/ratis/a18e6ca7-dca5-436d-b636-ded71ac26ed7
2022-07-12 20:43:37,512 [pool-72-thread-1] INFO  server.RaftServerConfigKeys (ConfUtils.java:logGet(46)) - raft.server.log.queue.byte-limit = 4294967296 (custom)
2022-07-12 20:43:37,512 [pool-72-thread-1] INFO  server.RaftServerConfigKeys (ConfUtils.java:logGet(46)) - raft.server.log.queue.element-limit = 1024 (custom)
2022-07-12 20:43:37,512 [pool-72-thread-1] INFO  server.RaftServerConfigKeys (ConfUtils.java:logGet(46)) - raft.server.log.segment.size.max = 1048576 (custom)
2022-07-12 20:43:37,512 [pool-72-thread-1] INFO  server.RaftServerConfigKeys (ConfUtils.java:logGet(46)) - raft.server.log.preallocated.size = 16384 (custom)
2022-07-12 20:43:37,512 [pool-72-thread-1] INFO  server.RaftServerConfigKeys (ConfUtils.java:logGet(46)) - raft.server.log.force.sync.num = 128 (default)
2022-07-12 20:43:37,512 [pool-72-thread-1] INFO  server.RaftServerConfigKeys (ConfUtils.java:logGet(46)) - raft.server.log.statemachine.data.sync = true (default)
2022-07-12 20:43:37,512 [pool-72-thread-1] INFO  server.RaftServerConfigKeys (ConfUtils.java:logGet(46)) - raft.server.log.statemachine.data.sync.timeout = 10s (default)
2022-07-12 20:43:37,512 [pool-72-thread-1] INFO  server.RaftServerConfigKeys (ConfUtils.java:logGet(46)) - raft.server.log.statemachine.data.sync.timeout.retry = -1 (default)
2022-07-12 20:43:37,513 [pool-72-thread-1] INFO  server.RaftServerConfigKeys (ConfUtils.java:logGet(46)) - raft.server.log.write.buffer.size = 1048576 (custom)
2022-07-12 20:43:37,514 [pool-72-thread-1] INFO  server.RaftServerConfigKeys (ConfUtils.java:logGet(46)) - raft.server.log.unsafe-flush.enabled = false (default)
2022-07-12 20:43:37,514 [pool-72-thread-1] INFO  server.RaftServerConfigKeys (ConfUtils.java:logGet(46)) - raft.server.log.statemachine.data.caching.enabled = true (custom)
2022-07-12 20:43:37,514 [pool-72-thread-1] INFO  segmented.SegmentedRaftLogWorker (SegmentedRaftLogWorker.java:lambda$new$0(135)) - 2de1e519-7420-449a-b6b3-45c208f0058f@group-DED71AC26ED7-SegmentedRaftLogWorker: flushIndex: setUnconditionally 0 -> -1
2022-07-12 20:43:37,514 [pool-72-thread-1] INFO  segmented.SegmentedRaftLogWorker (SegmentedRaftLogWorker.java:lambda$new$0(135)) - 2de1e519-7420-449a-b6b3-45c208f0058f@group-DED71AC26ED7-SegmentedRaftLogWorker: safeCacheEvictIndex: setUnconditionally 0 -> -1
2022-07-12 20:43:37,514 [pool-72-thread-1] INFO  server.RaftServerConfigKeys (ConfUtils.java:logGet(46)) - raft.server.snapshot.auto.trigger.enabled = true (custom)
2022-07-12 20:43:37,514 [pool-72-thread-1] INFO  server.RaftServerConfigKeys (ConfUtils.java:logGet(46)) - raft.server.snapshot.auto.trigger.threshold = 10000 (custom)
2022-07-12 20:43:37,514 [pool-72-thread-1] INFO  server.RaftServerConfigKeys (ConfUtils.java:logGet(46)) - raft.server.snapshot.retention.file.num = 5 (custom)
2022-07-12 20:43:37,515 [pool-72-thread-1] INFO  server.RaftServerConfigKeys (ConfUtils.java:logGet(46)) - raft.server.log.purge.upto.snapshot.index = false (default)
2022-07-12 20:43:37,515 [pool-72-thread-1] INFO  server.RaftServerConfigKeys (ConfUtils.java:logGet(46)) - raft.server.retrycache.expirytime = 600000ms (custom)
2022-07-12 20:43:37,515 [pool-72-thread-1] INFO  server.RaftServerConfigKeys (ConfUtils.java:logGet(46)) - raft.server.retrycache.statistics.expirytime = 100μs (default)
2022-07-12 20:43:37,515 [pool-72-thread-1] INFO  server.RaftServerConfigKeys (ConfUtils.java:logGet(46)) - raft.server.log.appender.install.snapshot.enabled = false (custom)
2022-07-12 20:43:37,515 [pool-72-thread-1] INFO  server.RaftServerConfigKeys (ConfUtils.java:logGet(46)) - raft.server.threadpool.server.cached = true (default)
2022-07-12 20:43:37,515 [pool-72-thread-1] INFO  server.RaftServerConfigKeys (ConfUtils.java:logGet(46)) - raft.server.threadpool.server.size = 0 (default)
2022-07-12 20:43:37,516 [pool-72-thread-1] INFO  server.RaftServerConfigKeys (ConfUtils.java:logGet(46)) - raft.server.threadpool.client.cached = true (default)
2022-07-12 20:43:37,516 [pool-72-thread-1] INFO  server.RaftServerConfigKeys (ConfUtils.java:logGet(46)) - raft.server.threadpool.client.size = 0 (default)
2022-07-12 20:43:37,527 [pool-72-thread-1] INFO  server.RaftServer$Division (RaftServerImpl.java:start(310)) - 2de1e519-7420-449a-b6b3-45c208f0058f@group-DED71AC26ED7: start as a follower, conf=-1: [2de1e519-7420-449a-b6b3-45c208f0058f|rpc:10.1.0.33:43801|priority:1, 1c8026fd-317f-4e79-aa49-e69de355aaaa|rpc:10.1.0.33:38443|priority:0, 31889ab4-3e75-4a68-bf86-b260e37d0475|rpc:10.1.0.33:33947|priority:0], old=null
2022-07-12 20:43:37,528 [pool-72-thread-1] INFO  server.RaftServer$Division (RaftServerImpl.java:setRole(299)) - 2de1e519-7420-449a-b6b3-45c208f0058f@group-DED71AC26ED7: changes role from      null to FOLLOWER at term 0 for startAsFollower
2022-07-12 20:43:37,528 [pool-72-thread-1] INFO  impl.RoleInfo (RoleInfo.java:updateAndGet(139)) - 2de1e519-7420-449a-b6b3-45c208f0058f: start 2de1e519-7420-449a-b6b3-45c208f0058f@group-DED71AC26ED7-FollowerState
2022-07-12 20:43:37,522 [EventQueue-OpenPipelineForHealthyPipelineSafeModeRule] INFO  safemode.SCMSafeModeManager (HealthyPipelineSafeModeRule.java:process(124)) - SCM in safe mode. Healthy pipelines reported count is 0, required healthy pipeline reported count is 1
2022-07-12 20:43:37,528 [pool-72-thread-1] INFO  util.JmxRegister (JmxRegister.java:tryRegister(44)) - Successfully registered JMX Bean with object name Ratis:service=RaftServer,group=group-DED71AC26ED7,id=2de1e519-7420-449a-b6b3-45c208f0058f
2022-07-12 20:43:37,529 [Command processor thread] INFO  ratis.XceiverServerRatis (XceiverServerRatis.java:addGroup(765)) - Created group PipelineID=a18e6ca7-dca5-436d-b636-ded71ac26ed7
2022-07-12 20:43:37,545 [Command processor thread] INFO  server.RaftServer (RaftServerProxy.java:addNew(96)) - 31889ab4-3e75-4a68-bf86-b260e37d0475: addNew group-C302F06907F1:[31889ab4-3e75-4a68-bf86-b260e37d0475|rpc:10.1.0.33:33947|priority:1] returns group-C302F06907F1:java.util.concurrent.CompletableFuture@6a59bcfe[Not completed]
2022-07-12 20:43:37,547 [pool-118-thread-1] INFO  server.RaftServer$Division (RaftServerImpl.java:<init>(190)) - 31889ab4-3e75-4a68-bf86-b260e37d0475: new RaftServerImpl for group-C302F06907F1:[31889ab4-3e75-4a68-bf86-b260e37d0475|rpc:10.1.0.33:33947|priority:1] with ContainerStateMachine:uninitialized
2022-07-12 20:43:37,547 [pool-118-thread-1] INFO  server.RaftServerConfigKeys (ConfUtils.java:logGet(46)) - raft.server.rpc.timeout.min = 5s (custom)
2022-07-12 20:43:37,547 [pool-118-thread-1] INFO  server.RaftServerConfigKeys (ConfUtils.java:logGet(46)) - raft.server.rpc.timeout.max = 5200ms (custom)
2022-07-12 20:43:37,547 [pool-118-thread-1] INFO  server.RaftServerConfigKeys (ConfUtils.java:logGet(46)) - raft.server.rpc.sleep.time = 25ms (default)
2022-07-12 20:43:37,547 [pool-118-thread-1] INFO  server.RaftServerConfigKeys (ConfUtils.java:logGet(46)) - raft.server.rpc.slowness.timeout = 300s (custom)
2022-07-12 20:43:37,547 [pool-118-thread-1] INFO  server.RaftServerConfigKeys (ConfUtils.java:logGet(46)) - raft.server.leaderelection.leader.step-down.wait-time = 10s (default)
2022-07-12 20:43:37,548 [pool-118-thread-1] INFO  server.RaftServerConfigKeys (ConfUtils.java:logGet(46)) - raft.server.sleep.deviation.threshold = 300ms (default)
2022-07-12 20:43:37,548 [pool-118-thread-1] INFO  server.RaftServer$Division (ServerState.java:<init>(107)) - 31889ab4-3e75-4a68-bf86-b260e37d0475@group-C302F06907F1: ConfigurationManager, init=-1: [31889ab4-3e75-4a68-bf86-b260e37d0475|rpc:10.1.0.33:33947|priority:1], old=null, confs=<EMPTY_MAP>
2022-07-12 20:43:37,548 [pool-118-thread-1] INFO  server.RaftServerConfigKeys (ConfUtils.java:logGet(46)) - raft.server.storage.dir = [/home/runner/work/ozone/ozone/hadoop-ozone/integration-test/target/test-dir/MiniOzoneClusterImpl-403db390-d601-42e9-9e55-5e4bd55e0b9b/datanode-2/data/ratis] (custom)
2022-07-12 20:43:37,548 [pool-118-thread-1] INFO  server.RaftServerConfigKeys (ConfUtils.java:logGet(46)) - raft.server.log.corruption.policy = EXCEPTION (default)
2022-07-12 20:43:37,548 [pool-118-thread-1] INFO  server.RaftServerConfigKeys (ConfUtils.java:logGet(46)) - raft.server.storage.free-space.min = 0MB (=0) (default)
2022-07-12 20:43:37,548 [pool-118-thread-1] INFO  storage.RaftStorageDirectory (RaftStorageDirectoryImpl.java:analyzeStorage(135)) - The storage directory /home/runner/work/ozone/ozone/hadoop-ozone/integration-test/target/test-dir/MiniOzoneClusterImpl-403db390-d601-42e9-9e55-5e4bd55e0b9b/datanode-2/data/ratis/6e8cdc2b-2d18-4943-a00e-c302f06907f1 does not exist. Creating ...
2022-07-12 20:43:37,549 [pool-118-thread-1] INFO  storage.RaftStorageDirectory (RaftStorageDirectoryImpl.java:tryLock(230)) - Lock on /home/runner/work/ozone/ozone/hadoop-ozone/integration-test/target/test-dir/MiniOzoneClusterImpl-403db390-d601-42e9-9e55-5e4bd55e0b9b/datanode-2/data/ratis/6e8cdc2b-2d18-4943-a00e-c302f06907f1/in_use.lock acquired by nodename 3147@fv-az29-983
2022-07-12 20:43:37,550 [pool-118-thread-1] INFO  storage.RaftStorage (RaftStorageImpl.java:format(89)) - Storage directory /home/runner/work/ozone/ozone/hadoop-ozone/integration-test/target/test-dir/MiniOzoneClusterImpl-403db390-d601-42e9-9e55-5e4bd55e0b9b/datanode-2/data/ratis/6e8cdc2b-2d18-4943-a00e-c302f06907f1 has been successfully formatted.
2022-07-12 20:43:37,550 [Command processor thread] INFO  commandhandler.CreatePipelineCommandHandler (CreatePipelineCommandHandler.java:handle(113)) - Created Pipeline RATIS THREE PipelineID=27f296c5-36c9-4318-81f4-9cd9f0a1529b.
2022-07-12 20:43:37,550 [pool-118-thread-1] INFO  ratis.ContainerStateMachine (ContainerStateMachine.java:loadSnapshot(236)) - group-C302F06907F1: The snapshot info is null. Setting the last applied indexto:(t:0, i:~)
2022-07-12 20:43:37,550 [Command processor thread] INFO  server.RaftServer (RaftServerProxy.java:addNew(96)) - 1c8026fd-317f-4e79-aa49-e69de355aaaa: addNew group-DED71AC26ED7:[2de1e519-7420-449a-b6b3-45c208f0058f|rpc:10.1.0.33:43801|priority:1, 1c8026fd-317f-4e79-aa49-e69de355aaaa|rpc:10.1.0.33:38443|priority:0, 31889ab4-3e75-4a68-bf86-b260e37d0475|rpc:10.1.0.33:33947|priority:0] returns group-DED71AC26ED7:java.util.concurrent.CompletableFuture@26ea6909[Not completed]
2022-07-12 20:43:37,552 [pool-118-thread-1] INFO  server.RaftServerConfigKeys (ConfUtils.java:logGet(46)) - raft.server.notification.no-leader.timeout = 300s (custom)
2022-07-12 20:43:37,552 [pool-118-thread-1] INFO  server.RaftServerConfigKeys (ConfUtils.java:logGet(46)) - raft.server.log.use.memory = false (default)
2022-07-12 20:43:37,552 [pool-118-thread-1] INFO  server.RaftServerConfigKeys (ConfUtils.java:logGet(46)) - raft.server.log.purge.gap = 1000000 (custom)
2022-07-12 20:43:37,553 [pool-118-thread-1] INFO  server.RaftServerConfigKeys (ConfUtils.java:logGet(46)) - raft.server.log.appender.buffer.byte-limit = 33554432 (custom)
2022-07-12 20:43:37,553 [pool-118-thread-1] INFO  server.RaftServerConfigKeys (ConfUtils.java:logGet(46)) - raft.server.log.statemachine.data.read.timeout = 1000ms (default)
2022-07-12 20:43:37,553 [pool-118-thread-1] INFO  server.RaftServerConfigKeys (ConfUtils.java:logGet(46)) - raft.server.log.segment.size.max = 1048576 (custom)
2022-07-12 20:43:37,553 [pool-118-thread-1] INFO  server.RaftServerConfigKeys (ConfUtils.java:logGet(46)) - raft.server.log.segment.cache.num.max = 2 (custom)
2022-07-12 20:43:37,553 [pool-95-thread-1] INFO  server.RaftServer$Division (RaftServerImpl.java:<init>(190)) - 1c8026fd-317f-4e79-aa49-e69de355aaaa: new RaftServerImpl for group-DED71AC26ED7:[2de1e519-7420-449a-b6b3-45c208f0058f|rpc:10.1.0.33:43801|priority:1, 1c8026fd-317f-4e79-aa49-e69de355aaaa|rpc:10.1.0.33:38443|priority:0, 31889ab4-3e75-4a68-bf86-b260e37d0475|rpc:10.1.0.33:33947|priority:0] with ContainerStateMachine:uninitialized
2022-07-12 20:43:37,553 [pool-118-thread-1] INFO  server.RaftServerConfigKeys (ConfUtils.java:logGet(46)) - raft.server.log.segment.cache.size.max = 200MB (=209715200) (default)
2022-07-12 20:43:37,553 [pool-95-thread-1] INFO  server.RaftServerConfigKeys (ConfUtils.java:logGet(46)) - raft.server.rpc.timeout.min = 5s (custom)
2022-07-12 20:43:37,553 [pool-118-thread-1] INFO  segmented.SegmentedRaftLogWorker (SegmentedRaftLogWorker.java:<init>(187)) - new 31889ab4-3e75-4a68-bf86-b260e37d0475@group-C302F06907F1-SegmentedRaftLogWorker for RaftStorageImpl:Storage Directory /home/runner/work/ozone/ozone/hadoop-ozone/integration-test/target/test-dir/MiniOzoneClusterImpl-403db390-d601-42e9-9e55-5e4bd55e0b9b/datanode-2/data/ratis/6e8cdc2b-2d18-4943-a00e-c302f06907f1
2022-07-12 20:43:37,553 [pool-95-thread-1] INFO  server.RaftServerConfigKeys (ConfUtils.java:logGet(46)) - raft.server.rpc.timeout.max = 5200ms (custom)
2022-07-12 20:43:37,553 [pool-118-thread-1] INFO  server.RaftServerConfigKeys (ConfUtils.java:logGet(46)) - raft.server.log.queue.byte-limit = 4294967296 (custom)
2022-07-12 20:43:37,553 [pool-118-thread-1] INFO  server.RaftServerConfigKeys (ConfUtils.java:logGet(46)) - raft.server.log.queue.element-limit = 1024 (custom)
2022-07-12 20:43:37,553 [pool-118-thread-1] INFO  server.RaftServerConfigKeys (ConfUtils.java:logGet(46)) - raft.server.log.segment.size.max = 1048576 (custom)
2022-07-12 20:43:37,554 [pool-118-thread-1] INFO  server.RaftServerConfigKeys (ConfUtils.java:logGet(46)) - raft.server.log.preallocated.size = 16384 (custom)
2022-07-12 20:43:37,554 [pool-118-thread-1] INFO  server.RaftServerConfigKeys (ConfUtils.java:logGet(46)) - raft.server.log.force.sync.num = 128 (default)
2022-07-12 20:43:37,554 [pool-118-thread-1] INFO  server.RaftServerConfigKeys (ConfUtils.java:logGet(46)) - raft.server.log.statemachine.data.sync = true (default)
2022-07-12 20:43:37,554 [pool-118-thread-1] INFO  server.RaftServerConfigKeys (ConfUtils.java:logGet(46)) - raft.server.log.statemachine.data.sync.timeout = 10s (default)
2022-07-12 20:43:37,554 [pool-118-thread-1] INFO  server.RaftServerConfigKeys (ConfUtils.java:logGet(46)) - raft.server.log.statemachine.data.sync.timeout.retry = -1 (default)
2022-07-12 20:43:37,554 [pool-118-thread-1] INFO  server.RaftServerConfigKeys (ConfUtils.java:logGet(46)) - raft.server.log.write.buffer.size = 1048576 (custom)
2022-07-12 20:43:37,553 [pool-95-thread-1] INFO  server.RaftServerConfigKeys (ConfUtils.java:logGet(46)) - raft.server.rpc.sleep.time = 25ms (default)
2022-07-12 20:43:37,555 [pool-95-thread-1] INFO  server.RaftServerConfigKeys (ConfUtils.java:logGet(46)) - raft.server.rpc.slowness.timeout = 300s (custom)
2022-07-12 20:43:37,555 [pool-95-thread-1] INFO  server.RaftServerConfigKeys (ConfUtils.java:logGet(46)) - raft.server.leaderelection.leader.step-down.wait-time = 10s (default)
2022-07-12 20:43:37,555 [pool-95-thread-1] INFO  server.RaftServerConfigKeys (ConfUtils.java:logGet(46)) - raft.server.sleep.deviation.threshold = 300ms (default)
2022-07-12 20:43:37,556 [pool-118-thread-1] INFO  server.RaftServerConfigKeys (ConfUtils.java:logGet(46)) - raft.server.log.unsafe-flush.enabled = false (default)
2022-07-12 20:43:37,557 [EventQueue-PipelineReportForPipelineReportHandler] INFO  pipeline.PipelineManagerImpl (PipelineManagerImpl.java:openPipeline(359)) - Pipeline Pipeline[ Id: 6e8cdc2b-2d18-4943-a00e-c302f06907f1, Nodes: 31889ab4-3e75-4a68-bf86-b260e37d0475{ip: 10.1.0.33, host: fv-az29-983.0gf2enmb5avurc1gjtxldx4mnh.bx.internal.cloudapp.net, ports: [REPLICATION=43489, RATIS=33947, RATIS_ADMIN=33947, RATIS_SERVER=33947, STANDALONE=34235], networkLocation: /default-rack, certSerialId: null, persistedOpState: IN_SERVICE, persistedOpStateExpiryEpochSec: 0}, ReplicationConfig: RATIS/ONE, State:ALLOCATED, leaderId:31889ab4-3e75-4a68-bf86-b260e37d0475, CreationTimestamp2022-07-12T20:43:34.549Z[Etc/UTC]] moved to OPEN state
2022-07-12 20:43:37,558 [EventQueue-OpenPipelineForHealthyPipelineSafeModeRule] INFO  safemode.SCMSafeModeManager (HealthyPipelineSafeModeRule.java:process(124)) - SCM in safe mode. Healthy pipelines reported count is 0, required healthy pipeline reported count is 1
2022-07-12 20:43:37,558 [pool-118-thread-1] INFO  server.RaftServerConfigKeys (ConfUtils.java:logGet(46)) - raft.server.log.statemachine.data.caching.enabled = true (custom)
2022-07-12 20:43:37,559 [Listener at 127.0.0.1/39255] INFO  ozone.MiniOzoneClusterImpl (MiniOzoneClusterImpl.java:lambda$waitForClusterToBeReady$0(223)) - Nodes are ready. Got 3 of 3 DN Heartbeats.
2022-07-12 20:43:37,560 [Listener at 127.0.0.1/39255] INFO  ozone.MiniOzoneClusterImpl (MiniOzoneClusterImpl.java:lambda$waitForClusterToBeReady$0(226)) - Waiting for cluster to exit safe mode
2022-07-12 20:43:37,560 [Listener at 127.0.0.1/39255] INFO  ozone.MiniOzoneClusterImpl (MiniOzoneClusterImpl.java:lambda$waitForClusterToBeReady$0(228)) - SCM became leader
2022-07-12 20:43:37,561 [grpc-default-executor-1] INFO  server.RaftServer (RaftServerProxy.java:addNew(96)) - 31889ab4-3e75-4a68-bf86-b260e37d0475: addNew group-DED71AC26ED7:[2de1e519-7420-449a-b6b3-45c208f0058f|rpc:10.1.0.33:43801|dataStream:|priority:1, 1c8026fd-317f-4e79-aa49-e69de355aaaa|rpc:10.1.0.33:38443|dataStream:|priority:0, 31889ab4-3e75-4a68-bf86-b260e37d0475|rpc:10.1.0.33:33947|dataStream:|priority:0] returns group-DED71AC26ED7:java.util.concurrent.CompletableFuture@3f279a53[Not completed]
2022-07-12 20:43:37,558 [pool-95-thread-1] INFO  server.RaftServer$Division (ServerState.java:<init>(107)) - 1c8026fd-317f-4e79-aa49-e69de355aaaa@group-DED71AC26ED7: ConfigurationManager, init=-1: [2de1e519-7420-449a-b6b3-45c208f0058f|rpc:10.1.0.33:43801|priority:1, 1c8026fd-317f-4e79-aa49-e69de355aaaa|rpc:10.1.0.33:38443|priority:0, 31889ab4-3e75-4a68-bf86-b260e37d0475|rpc:10.1.0.33:33947|priority:0], old=null, confs=<EMPTY_MAP>
2022-07-12 20:43:37,561 [pool-95-thread-1] INFO  server.RaftServerConfigKeys (ConfUtils.java:logGet(46)) - raft.server.storage.dir = [/home/runner/work/ozone/ozone/hadoop-ozone/integration-test/target/test-dir/MiniOzoneClusterImpl-403db390-d601-42e9-9e55-5e4bd55e0b9b/datanode-1/data/ratis] (custom)
2022-07-12 20:43:37,561 [pool-95-thread-1] INFO  server.RaftServerConfigKeys (ConfUtils.java:logGet(46)) - raft.server.log.corruption.policy = EXCEPTION (default)
2022-07-12 20:43:37,561 [pool-95-thread-1] INFO  server.RaftServerConfigKeys (ConfUtils.java:logGet(46)) - raft.server.storage.free-space.min = 0MB (=0) (default)
2022-07-12 20:43:37,561 [pool-95-thread-1] INFO  storage.RaftStorageDirectory (RaftStorageDirectoryImpl.java:analyzeStorage(135)) - The storage directory /home/runner/work/ozone/ozone/hadoop-ozone/integration-test/target/test-dir/MiniOzoneClusterImpl-403db390-d601-42e9-9e55-5e4bd55e0b9b/datanode-1/data/ratis/a18e6ca7-dca5-436d-b636-ded71ac26ed7 does not exist. Creating ...
2022-07-12 20:43:37,560 [pool-118-thread-1] INFO  segmented.SegmentedRaftLogWorker (SegmentedRaftLogWorker.java:lambda$new$0(135)) - 31889ab4-3e75-4a68-bf86-b260e37d0475@group-C302F06907F1-SegmentedRaftLogWorker: flushIndex: setUnconditionally 0 -> -1
2022-07-12 20:43:37,562 [pool-118-thread-1] INFO  segmented.SegmentedRaftLogWorker (SegmentedRaftLogWorker.java:lambda$new$0(135)) - 31889ab4-3e75-4a68-bf86-b260e37d0475@group-C302F06907F1-SegmentedRaftLogWorker: safeCacheEvictIndex: setUnconditionally 0 -> -1
2022-07-12 20:43:37,562 [pool-95-thread-1] INFO  storage.RaftStorageDirectory (RaftStorageDirectoryImpl.java:tryLock(230)) - Lock on /home/runner/work/ozone/ozone/hadoop-ozone/integration-test/target/test-dir/MiniOzoneClusterImpl-403db390-d601-42e9-9e55-5e4bd55e0b9b/datanode-1/data/ratis/a18e6ca7-dca5-436d-b636-ded71ac26ed7/in_use.lock acquired by nodename 3147@fv-az29-983
2022-07-12 20:43:37,563 [pool-95-thread-1] INFO  storage.RaftStorage (RaftStorageImpl.java:format(89)) - Storage directory /home/runner/work/ozone/ozone/hadoop-ozone/integration-test/target/test-dir/MiniOzoneClusterImpl-403db390-d601-42e9-9e55-5e4bd55e0b9b/datanode-1/data/ratis/a18e6ca7-dca5-436d-b636-ded71ac26ed7 has been successfully formatted.
2022-07-12 20:43:37,566 [pool-118-thread-1] INFO  server.RaftServerConfigKeys (ConfUtils.java:logGet(46)) - raft.server.snapshot.auto.trigger.enabled = true (custom)
2022-07-12 20:43:37,566 [pool-118-thread-1] INFO  server.RaftServerConfigKeys (ConfUtils.java:logGet(46)) - raft.server.snapshot.auto.trigger.threshold = 10000 (custom)
2022-07-12 20:43:37,566 [pool-118-thread-1] INFO  server.RaftServerConfigKeys (ConfUtils.java:logGet(46)) - raft.server.snapshot.retention.file.num = 5 (custom)
2022-07-12 20:43:37,567 [pool-118-thread-1] INFO  server.RaftServerConfigKeys (ConfUtils.java:logGet(46)) - raft.server.log.purge.upto.snapshot.index = false (default)
2022-07-12 20:43:37,567 [pool-118-thread-1] INFO  server.RaftServerConfigKeys (ConfUtils.java:logGet(46)) - raft.server.retrycache.expirytime = 600000ms (custom)
2022-07-12 20:43:37,567 [pool-118-thread-1] INFO  server.RaftServerConfigKeys (ConfUtils.java:logGet(46)) - raft.server.retrycache.statistics.expirytime = 100μs (default)
2022-07-12 20:43:37,567 [pool-118-thread-1] INFO  server.RaftServerConfigKeys (ConfUtils.java:logGet(46)) - raft.server.log.appender.install.snapshot.enabled = false (custom)
2022-07-12 20:43:37,568 [pool-118-thread-1] INFO  server.RaftServerConfigKeys (ConfUtils.java:logGet(46)) - raft.server.threadpool.server.cached = true (default)
2022-07-12 20:43:37,568 [pool-118-thread-1] INFO  server.RaftServerConfigKeys (ConfUtils.java:logGet(46)) - raft.server.threadpool.server.size = 0 (default)
2022-07-12 20:43:37,568 [pool-118-thread-1] INFO  server.RaftServerConfigKeys (ConfUtils.java:logGet(46)) - raft.server.threadpool.client.cached = true (default)
2022-07-12 20:43:37,568 [pool-118-thread-1] INFO  server.RaftServerConfigKeys (ConfUtils.java:logGet(46)) - raft.server.threadpool.client.size = 0 (default)
2022-07-12 20:43:37,569 [pool-118-thread-1] INFO  server.RaftServer$Division (RaftServerImpl.java:<init>(190)) - 31889ab4-3e75-4a68-bf86-b260e37d0475: new RaftServerImpl for group-DED71AC26ED7:[2de1e519-7420-449a-b6b3-45c208f0058f|rpc:10.1.0.33:43801|dataStream:|priority:1, 1c8026fd-317f-4e79-aa49-e69de355aaaa|rpc:10.1.0.33:38443|dataStream:|priority:0, 31889ab4-3e75-4a68-bf86-b260e37d0475|rpc:10.1.0.33:33947|dataStream:|priority:0] with ContainerStateMachine:uninitialized
2022-07-12 20:43:37,569 [pool-118-thread-1] INFO  server.RaftServerConfigKeys (ConfUtils.java:logGet(46)) - raft.server.rpc.timeout.min = 5s (custom)
2022-07-12 20:43:37,569 [pool-118-thread-1] INFO  server.RaftServerConfigKeys (ConfUtils.java:logGet(46)) - raft.server.rpc.timeout.max = 5200ms (custom)
2022-07-12 20:43:37,569 [pool-118-thread-1] INFO  server.RaftServerConfigKeys (ConfUtils.java:logGet(46)) - raft.server.rpc.sleep.time = 25ms (default)
2022-07-12 20:43:37,569 [pool-118-thread-1] INFO  server.RaftServerConfigKeys (ConfUtils.java:logGet(46)) - raft.server.rpc.slowness.timeout = 300s (custom)
2022-07-12 20:43:37,569 [pool-118-thread-1] INFO  server.RaftServerConfigKeys (ConfUtils.java:logGet(46)) - raft.server.leaderelection.leader.step-down.wait-time = 10s (default)
2022-07-12 20:43:37,569 [pool-118-thread-1] INFO  server.RaftServerConfigKeys (ConfUtils.java:logGet(46)) - raft.server.sleep.deviation.threshold = 300ms (default)
2022-07-12 20:43:37,569 [pool-118-thread-1] INFO  server.RaftServer$Division (ServerState.java:<init>(107)) - 31889ab4-3e75-4a68-bf86-b260e37d0475@group-DED71AC26ED7: ConfigurationManager, init=-1: [2de1e519-7420-449a-b6b3-45c208f0058f|rpc:10.1.0.33:43801|dataStream:|priority:1, 1c8026fd-317f-4e79-aa49-e69de355aaaa|rpc:10.1.0.33:38443|dataStream:|priority:0, 31889ab4-3e75-4a68-bf86-b260e37d0475|rpc:10.1.0.33:33947|dataStream:|priority:0], old=null, confs=<EMPTY_MAP>
2022-07-12 20:43:37,569 [pool-118-thread-1] INFO  server.RaftServerConfigKeys (ConfUtils.java:logGet(46)) - raft.server.storage.dir = [/home/runner/work/ozone/ozone/hadoop-ozone/integration-test/target/test-dir/MiniOzoneClusterImpl-403db390-d601-42e9-9e55-5e4bd55e0b9b/datanode-2/data/ratis] (custom)
2022-07-12 20:43:37,569 [pool-118-thread-1] INFO  server.RaftServerConfigKeys (ConfUtils.java:logGet(46)) - raft.server.log.corruption.policy = EXCEPTION (default)
2022-07-12 20:43:37,569 [pool-118-thread-1] INFO  server.RaftServerConfigKeys (ConfUtils.java:logGet(46)) - raft.server.storage.free-space.min = 0MB (=0) (default)
2022-07-12 20:43:37,569 [pool-118-thread-1] INFO  storage.RaftStorageDirectory (RaftStorageDirectoryImpl.java:analyzeStorage(135)) - The storage directory /home/runner/work/ozone/ozone/hadoop-ozone/integration-test/target/test-dir/MiniOzoneClusterImpl-403db390-d601-42e9-9e55-5e4bd55e0b9b/datanode-2/data/ratis/a18e6ca7-dca5-436d-b636-ded71ac26ed7 does not exist. Creating ...
2022-07-12 20:43:37,570 [pool-95-thread-1] INFO  ratis.ContainerStateMachine (ContainerStateMachine.java:loadSnapshot(236)) - group-DED71AC26ED7: The snapshot info is null. Setting the last applied indexto:(t:0, i:~)
2022-07-12 20:43:37,570 [pool-95-thread-1] INFO  server.RaftServerConfigKeys (ConfUtils.java:logGet(46)) - raft.server.notification.no-leader.timeout = 300s (custom)
2022-07-12 20:43:37,570 [pool-95-thread-1] INFO  server.RaftServerConfigKeys (ConfUtils.java:logGet(46)) - raft.server.log.use.memory = false (default)
2022-07-12 20:43:37,570 [pool-95-thread-1] INFO  server.RaftServerConfigKeys (ConfUtils.java:logGet(46)) - raft.server.log.purge.gap = 1000000 (custom)
2022-07-12 20:43:37,570 [pool-95-thread-1] INFO  server.RaftServerConfigKeys (ConfUtils.java:logGet(46)) - raft.server.log.appender.buffer.byte-limit = 33554432 (custom)
2022-07-12 20:43:37,570 [pool-95-thread-1] INFO  server.RaftServerConfigKeys (ConfUtils.java:logGet(46)) - raft.server.log.statemachine.data.read.timeout = 1000ms (default)
2022-07-12 20:43:37,570 [pool-95-thread-1] INFO  server.RaftServerConfigKeys (ConfUtils.java:logGet(46)) - raft.server.log.segment.size.max = 1048576 (custom)
2022-07-12 20:43:37,570 [pool-95-thread-1] INFO  server.RaftServerConfigKeys (ConfUtils.java:logGet(46)) - raft.server.log.segment.cache.num.max = 2 (custom)
2022-07-12 20:43:37,570 [pool-95-thread-1] INFO  server.RaftServerConfigKeys (ConfUtils.java:logGet(46)) - raft.server.log.segment.cache.size.max = 200MB (=209715200) (default)
2022-07-12 20:43:37,571 [pool-95-thread-1] INFO  segmented.SegmentedRaftLogWorker (SegmentedRaftLogWorker.java:<init>(187)) - new 1c8026fd-317f-4e79-aa49-e69de355aaaa@group-DED71AC26ED7-SegmentedRaftLogWorker for RaftStorageImpl:Storage Directory /home/runner/work/ozone/ozone/hadoop-ozone/integration-test/target/test-dir/MiniOzoneClusterImpl-403db390-d601-42e9-9e55-5e4bd55e0b9b/datanode-1/data/ratis/a18e6ca7-dca5-436d-b636-ded71ac26ed7
2022-07-12 20:43:37,571 [pool-95-thread-1] INFO  server.RaftServerConfigKeys (ConfUtils.java:logGet(46)) - raft.server.log.queue.byte-limit = 4294967296 (custom)
2022-07-12 20:43:37,571 [pool-95-thread-1] INFO  server.RaftServerConfigKeys (ConfUtils.java:logGet(46)) - raft.server.log.queue.element-limit = 1024 (custom)
2022-07-12 20:43:37,571 [pool-95-thread-1] INFO  server.RaftServerConfigKeys (ConfUtils.java:logGet(46)) - raft.server.log.segment.size.max = 1048576 (custom)
2022-07-12 20:43:37,571 [pool-95-thread-1] INFO  server.RaftServerConfigKeys (ConfUtils.java:logGet(46)) - raft.server.log.preallocated.size = 16384 (custom)
2022-07-12 20:43:37,571 [pool-95-thread-1] INFO  server.RaftServerConfigKeys (ConfUtils.java:logGet(46)) - raft.server.log.force.sync.num = 128 (default)
2022-07-12 20:43:37,571 [pool-95-thread-1] INFO  server.RaftServerConfigKeys (ConfUtils.java:logGet(46)) - raft.server.log.statemachine.data.sync = true (default)
2022-07-12 20:43:37,571 [pool-95-thread-1] INFO  server.RaftServerConfigKeys (ConfUtils.java:logGet(46)) - raft.server.log.statemachine.data.sync.timeout = 10s (default)
2022-07-12 20:43:37,571 [pool-95-thread-1] INFO  server.RaftServerConfigKeys (ConfUtils.java:logGet(46)) - raft.server.log.statemachine.data.sync.timeout.retry = -1 (default)
2022-07-12 20:43:37,571 [pool-95-thread-1] INFO  server.RaftServerConfigKeys (ConfUtils.java:logGet(46)) - raft.server.log.write.buffer.size = 1048576 (custom)
2022-07-12 20:43:37,572 [pool-95-thread-1] INFO  server.RaftServerConfigKeys (ConfUtils.java:logGet(46)) - raft.server.log.unsafe-flush.enabled = false (default)
2022-07-12 20:43:37,572 [pool-95-thread-1] INFO  server.RaftServerConfigKeys (ConfUtils.java:logGet(46)) - raft.server.log.statemachine.data.caching.enabled = true (custom)
2022-07-12 20:43:37,572 [pool-95-thread-1] INFO  segmented.SegmentedRaftLogWorker (SegmentedRaftLogWorker.java:lambda$new$0(135)) - 1c8026fd-317f-4e79-aa49-e69de355aaaa@group-DED71AC26ED7-SegmentedRaftLogWorker: flushIndex: setUnconditionally 0 -> -1
2022-07-12 20:43:37,572 [pool-95-thread-1] INFO  segmented.SegmentedRaftLogWorker (SegmentedRaftLogWorker.java:lambda$new$0(135)) - 1c8026fd-317f-4e79-aa49-e69de355aaaa@group-DED71AC26ED7-SegmentedRaftLogWorker: safeCacheEvictIndex: setUnconditionally 0 -> -1
2022-07-12 20:43:37,580 [pool-118-thread-1] INFO  storage.RaftStorageDirectory (RaftStorageDirectoryImpl.java:tryLock(230)) - Lock on /home/runner/work/ozone/ozone/hadoop-ozone/integration-test/target/test-dir/MiniOzoneClusterImpl-403db390-d601-42e9-9e55-5e4bd55e0b9b/datanode-2/data/ratis/a18e6ca7-dca5-436d-b636-ded71ac26ed7/in_use.lock acquired by nodename 3147@fv-az29-983
2022-07-12 20:43:37,581 [pool-118-thread-1] INFO  storage.RaftStorage (RaftStorageImpl.java:format(89)) - Storage directory /home/runner/work/ozone/ozone/hadoop-ozone/integration-test/target/test-dir/MiniOzoneClusterImpl-403db390-d601-42e9-9e55-5e4bd55e0b9b/datanode-2/data/ratis/a18e6ca7-dca5-436d-b636-ded71ac26ed7 has been successfully formatted.
2022-07-12 20:43:37,583 [pool-95-thread-1] INFO  server.RaftServerConfigKeys (ConfUtils.java:logGet(46)) - raft.server.snapshot.auto.trigger.enabled = true (custom)
2022-07-12 20:43:37,583 [pool-95-thread-1] INFO  server.RaftServerConfigKeys (ConfUtils.java:logGet(46)) - raft.server.snapshot.auto.trigger.threshold = 10000 (custom)
2022-07-12 20:43:37,583 [pool-95-thread-1] INFO  server.RaftServerConfigKeys (ConfUtils.java:logGet(46)) - raft.server.snapshot.retention.file.num = 5 (custom)
2022-07-12 20:43:37,583 [pool-95-thread-1] INFO  server.RaftServerConfigKeys (ConfUtils.java:logGet(46)) - raft.server.log.purge.upto.snapshot.index = false (default)
2022-07-12 20:43:37,583 [pool-95-thread-1] INFO  server.RaftServerConfigKeys (ConfUtils.java:logGet(46)) - raft.server.retrycache.expirytime = 600000ms (custom)
2022-07-12 20:43:37,583 [pool-95-thread-1] INFO  server.RaftServerConfigKeys (ConfUtils.java:logGet(46)) - raft.server.retrycache.statistics.expirytime = 100μs (default)
2022-07-12 20:43:37,584 [pool-95-thread-1] INFO  server.RaftServerConfigKeys (ConfUtils.java:logGet(46)) - raft.server.log.appender.install.snapshot.enabled = false (custom)
2022-07-12 20:43:37,584 [pool-95-thread-1] INFO  server.RaftServerConfigKeys (ConfUtils.java:logGet(46)) - raft.server.threadpool.server.cached = true (default)
2022-07-12 20:43:37,584 [pool-95-thread-1] INFO  server.RaftServerConfigKeys (ConfUtils.java:logGet(46)) - raft.server.threadpool.server.size = 0 (default)
2022-07-12 20:43:37,584 [pool-95-thread-1] INFO  server.RaftServerConfigKeys (ConfUtils.java:logGet(46)) - raft.server.threadpool.client.cached = true (default)
2022-07-12 20:43:37,584 [pool-95-thread-1] INFO  server.RaftServerConfigKeys (ConfUtils.java:logGet(46)) - raft.server.threadpool.client.size = 0 (default)
2022-07-12 20:43:37,584 [pool-95-thread-1] INFO  server.RaftServer$Division (RaftServerImpl.java:start(310)) - 1c8026fd-317f-4e79-aa49-e69de355aaaa@group-DED71AC26ED7: start as a follower, conf=-1: [2de1e519-7420-449a-b6b3-45c208f0058f|rpc:10.1.0.33:43801|priority:1, 1c8026fd-317f-4e79-aa49-e69de355aaaa|rpc:10.1.0.33:38443|priority:0, 31889ab4-3e75-4a68-bf86-b260e37d0475|rpc:10.1.0.33:33947|priority:0], old=null
2022-07-12 20:43:37,584 [pool-95-thread-1] INFO  server.RaftServer$Division (RaftServerImpl.java:setRole(299)) - 1c8026fd-317f-4e79-aa49-e69de355aaaa@group-DED71AC26ED7: changes role from      null to FOLLOWER at term 0 for startAsFollower
2022-07-12 20:43:37,584 [pool-95-thread-1] INFO  impl.RoleInfo (RoleInfo.java:updateAndGet(139)) - 1c8026fd-317f-4e79-aa49-e69de355aaaa: start 1c8026fd-317f-4e79-aa49-e69de355aaaa@group-DED71AC26ED7-FollowerState
2022-07-12 20:43:37,587 [pool-95-thread-1] INFO  util.JmxRegister (JmxRegister.java:tryRegister(44)) - Successfully registered JMX Bean with object name Ratis:service=RaftServer,group=group-DED71AC26ED7,id=1c8026fd-317f-4e79-aa49-e69de355aaaa
2022-07-12 20:43:37,591 [Command processor thread] INFO  ratis.XceiverServerRatis (XceiverServerRatis.java:addGroup(765)) - Created group PipelineID=a18e6ca7-dca5-436d-b636-ded71ac26ed7
2022-07-12 20:43:37,594 [pool-118-thread-1] INFO  ratis.ContainerStateMachine (ContainerStateMachine.java:loadSnapshot(236)) - group-DED71AC26ED7: The snapshot info is null. Setting the last applied indexto:(t:0, i:~)
2022-07-12 20:43:37,597 [pool-118-thread-1] INFO  server.RaftServerConfigKeys (ConfUtils.java:logGet(46)) - raft.server.notification.no-leader.timeout = 300s (custom)
2022-07-12 20:43:37,600 [EventQueue-OpenPipelineForHealthyPipelineSafeModeRule] INFO  safemode.SCMSafeModeManager (HealthyPipelineSafeModeRule.java:process(124)) - SCM in safe mode. Healthy pipelines reported count is 0, required healthy pipeline reported count is 1
2022-07-12 20:43:37,600 [pool-118-thread-1] INFO  server.RaftServerConfigKeys (ConfUtils.java:logGet(46)) - raft.server.log.use.memory = false (default)
2022-07-12 20:43:37,600 [pool-118-thread-1] INFO  server.RaftServerConfigKeys (ConfUtils.java:logGet(46)) - raft.server.log.purge.gap = 1000000 (custom)
2022-07-12 20:43:37,600 [pool-118-thread-1] INFO  server.RaftServerConfigKeys (ConfUtils.java:logGet(46)) - raft.server.log.appender.buffer.byte-limit = 33554432 (custom)
2022-07-12 20:43:37,600 [pool-118-thread-1] INFO  server.RaftServerConfigKeys (ConfUtils.java:logGet(46)) - raft.server.log.statemachine.data.read.timeout = 1000ms (default)
2022-07-12 20:43:37,601 [pool-118-thread-1] INFO  server.RaftServerConfigKeys (ConfUtils.java:logGet(46)) - raft.server.log.segment.size.max = 1048576 (custom)
2022-07-12 20:43:37,601 [pool-118-thread-1] INFO  server.RaftServerConfigKeys (ConfUtils.java:logGet(46)) - raft.server.log.segment.cache.num.max = 2 (custom)
2022-07-12 20:43:37,601 [pool-118-thread-1] INFO  server.RaftServerConfigKeys (ConfUtils.java:logGet(46)) - raft.server.log.segment.cache.size.max = 200MB (=209715200) (default)
2022-07-12 20:43:37,601 [pool-118-thread-1] INFO  segmented.SegmentedRaftLogWorker (SegmentedRaftLogWorker.java:<init>(187)) - new 31889ab4-3e75-4a68-bf86-b260e37d0475@group-DED71AC26ED7-SegmentedRaftLogWorker for RaftStorageImpl:Storage Directory /home/runner/work/ozone/ozone/hadoop-ozone/integration-test/target/test-dir/MiniOzoneClusterImpl-403db390-d601-42e9-9e55-5e4bd55e0b9b/datanode-2/data/ratis/a18e6ca7-dca5-436d-b636-ded71ac26ed7
2022-07-12 20:43:37,601 [pool-118-thread-1] INFO  server.RaftServerConfigKeys (ConfUtils.java:logGet(46)) - raft.server.log.queue.byte-limit = 4294967296 (custom)
2022-07-12 20:43:37,601 [pool-118-thread-1] INFO  server.RaftServerConfigKeys (ConfUtils.java:logGet(46)) - raft.server.log.queue.element-limit = 1024 (custom)
2022-07-12 20:43:37,601 [pool-118-thread-1] INFO  server.RaftServerConfigKeys (ConfUtils.java:logGet(46)) - raft.server.log.segment.size.max = 1048576 (custom)
2022-07-12 20:43:37,601 [pool-118-thread-1] INFO  server.RaftServerConfigKeys (ConfUtils.java:logGet(46)) - raft.server.log.preallocated.size = 16384 (custom)
2022-07-12 20:43:37,601 [pool-118-thread-1] INFO  server.RaftServerConfigKeys (ConfUtils.java:logGet(46)) - raft.server.log.force.sync.num = 128 (default)
2022-07-12 20:43:37,601 [pool-118-thread-1] INFO  server.RaftServerConfigKeys (ConfUtils.java:logGet(46)) - raft.server.log.statemachine.data.sync = true (default)
2022-07-12 20:43:37,601 [pool-118-thread-1] INFO  server.RaftServerConfigKeys (ConfUtils.java:logGet(46)) - raft.server.log.statemachine.data.sync.timeout = 10s (default)
2022-07-12 20:43:37,601 [pool-118-thread-1] INFO  server.RaftServerConfigKeys (ConfUtils.java:logGet(46)) - raft.server.log.statemachine.data.sync.timeout.retry = -1 (default)
2022-07-12 20:43:37,602 [pool-118-thread-1] INFO  server.RaftServerConfigKeys (ConfUtils.java:logGet(46)) - raft.server.log.write.buffer.size = 1048576 (custom)
2022-07-12 20:43:37,602 [pool-118-thread-1] INFO  server.RaftServerConfigKeys (ConfUtils.java:logGet(46)) - raft.server.log.unsafe-flush.enabled = false (default)
2022-07-12 20:43:37,607 [pool-118-thread-1] INFO  server.RaftServerConfigKeys (ConfUtils.java:logGet(46)) - raft.server.log.statemachine.data.caching.enabled = true (custom)
2022-07-12 20:43:37,608 [pool-118-thread-1] INFO  segmented.SegmentedRaftLogWorker (SegmentedRaftLogWorker.java:lambda$new$0(135)) - 31889ab4-3e75-4a68-bf86-b260e37d0475@group-DED71AC26ED7-SegmentedRaftLogWorker: flushIndex: setUnconditionally 0 -> -1
2022-07-12 20:43:37,608 [pool-118-thread-1] INFO  segmented.SegmentedRaftLogWorker (SegmentedRaftLogWorker.java:lambda$new$0(135)) - 31889ab4-3e75-4a68-bf86-b260e37d0475@group-DED71AC26ED7-SegmentedRaftLogWorker: safeCacheEvictIndex: setUnconditionally 0 -> -1
2022-07-12 20:43:37,609 [EventQueue-OpenPipelineForHealthyPipelineSafeModeRule] INFO  safemode.SCMSafeModeManager (HealthyPipelineSafeModeRule.java:process(124)) - SCM in safe mode. Healthy pipelines reported count is 0, required healthy pipeline reported count is 1
2022-07-12 20:43:37,617 [pool-118-thread-1] INFO  server.RaftServerConfigKeys (ConfUtils.java:logGet(46)) - raft.server.snapshot.auto.trigger.enabled = true (custom)
2022-07-12 20:43:37,617 [pool-118-thread-1] INFO  server.RaftServerConfigKeys (ConfUtils.java:logGet(46)) - raft.server.snapshot.auto.trigger.threshold = 10000 (custom)
2022-07-12 20:43:37,617 [pool-118-thread-1] INFO  server.RaftServerConfigKeys (ConfUtils.java:logGet(46)) - raft.server.snapshot.retention.file.num = 5 (custom)
2022-07-12 20:43:37,617 [pool-118-thread-1] INFO  server.RaftServerConfigKeys (ConfUtils.java:logGet(46)) - raft.server.log.purge.upto.snapshot.index = false (default)
2022-07-12 20:43:37,617 [pool-118-thread-1] INFO  server.RaftServerConfigKeys (ConfUtils.java:logGet(46)) - raft.server.retrycache.expirytime = 600000ms (custom)
2022-07-12 20:43:37,617 [pool-118-thread-1] INFO  server.RaftServerConfigKeys (ConfUtils.java:logGet(46)) - raft.server.retrycache.statistics.expirytime = 100μs (default)
2022-07-12 20:43:37,619 [pool-118-thread-1] INFO  server.RaftServerConfigKeys (ConfUtils.java:logGet(46)) - raft.server.log.appender.install.snapshot.enabled = false (custom)
2022-07-12 20:43:37,619 [pool-118-thread-1] INFO  server.RaftServerConfigKeys (ConfUtils.java:logGet(46)) - raft.server.threadpool.server.cached = true (default)
2022-07-12 20:43:37,619 [pool-118-thread-1] INFO  server.RaftServerConfigKeys (ConfUtils.java:logGet(46)) - raft.server.threadpool.server.size = 0 (default)
2022-07-12 20:43:37,619 [pool-118-thread-1] INFO  server.RaftServerConfigKeys (ConfUtils.java:logGet(46)) - raft.server.threadpool.client.cached = true (default)
2022-07-12 20:43:37,619 [pool-118-thread-1] INFO  server.RaftServerConfigKeys (ConfUtils.java:logGet(46)) - raft.server.threadpool.client.size = 0 (default)
2022-07-12 20:43:37,619 [pool-118-thread-1] INFO  server.RaftServer$Division (RaftServerImpl.java:start(310)) - 31889ab4-3e75-4a68-bf86-b260e37d0475@group-C302F06907F1: start as a follower, conf=-1: [31889ab4-3e75-4a68-bf86-b260e37d0475|rpc:10.1.0.33:33947|priority:1], old=null
2022-07-12 20:43:37,619 [pool-118-thread-1] INFO  server.RaftServer$Division (RaftServerImpl.java:setRole(299)) - 31889ab4-3e75-4a68-bf86-b260e37d0475@group-C302F06907F1: changes role from      null to FOLLOWER at term 0 for startAsFollower
2022-07-12 20:43:37,619 [pool-118-thread-1] INFO  impl.RoleInfo (RoleInfo.java:updateAndGet(139)) - 31889ab4-3e75-4a68-bf86-b260e37d0475: start 31889ab4-3e75-4a68-bf86-b260e37d0475@group-C302F06907F1-FollowerState
2022-07-12 20:43:37,633 [pool-118-thread-1] INFO  util.JmxRegister (JmxRegister.java:tryRegister(44)) - Successfully registered JMX Bean with object name Ratis:service=RaftServer,group=group-C302F06907F1,id=31889ab4-3e75-4a68-bf86-b260e37d0475
2022-07-12 20:43:37,639 [pool-118-thread-1] INFO  server.RaftServer$Division (RaftServerImpl.java:start(310)) - 31889ab4-3e75-4a68-bf86-b260e37d0475@group-DED71AC26ED7: start as a follower, conf=-1: [2de1e519-7420-449a-b6b3-45c208f0058f|rpc:10.1.0.33:43801|dataStream:|priority:1, 1c8026fd-317f-4e79-aa49-e69de355aaaa|rpc:10.1.0.33:38443|dataStream:|priority:0, 31889ab4-3e75-4a68-bf86-b260e37d0475|rpc:10.1.0.33:33947|dataStream:|priority:0], old=null
2022-07-12 20:43:37,639 [pool-118-thread-1] INFO  server.RaftServer$Division (RaftServerImpl.java:setRole(299)) - 31889ab4-3e75-4a68-bf86-b260e37d0475@group-DED71AC26ED7: changes role from      null to FOLLOWER at term 0 for startAsFollower
2022-07-12 20:43:37,639 [pool-118-thread-1] INFO  impl.RoleInfo (RoleInfo.java:updateAndGet(139)) - 31889ab4-3e75-4a68-bf86-b260e37d0475: start 31889ab4-3e75-4a68-bf86-b260e37d0475@group-DED71AC26ED7-FollowerState
2022-07-12 20:43:37,639 [Command processor thread] INFO  ratis.XceiverServerRatis (XceiverServerRatis.java:addGroup(765)) - Created group PipelineID=6e8cdc2b-2d18-4943-a00e-c302f06907f1
2022-07-12 20:43:37,639 [Command processor thread] INFO  commandhandler.CreatePipelineCommandHandler (CreatePipelineCommandHandler.java:handle(113)) - Created Pipeline RATIS ONE PipelineID=6e8cdc2b-2d18-4943-a00e-c302f06907f1.
2022-07-12 20:43:37,645 [pool-118-thread-1] INFO  util.JmxRegister (JmxRegister.java:tryRegister(44)) - Successfully registered JMX Bean with object name Ratis:service=RaftServer,group=group-DED71AC26ED7,id=31889ab4-3e75-4a68-bf86-b260e37d0475
2022-07-12 20:43:37,697 [Command processor thread] INFO  commandhandler.CreatePipelineCommandHandler (CreatePipelineCommandHandler.java:handle(113)) - Created Pipeline RATIS THREE PipelineID=a18e6ca7-dca5-436d-b636-ded71ac26ed7.
2022-07-12 20:43:37,706 [Command processor thread] INFO  commandhandler.CreatePipelineCommandHandler (CreatePipelineCommandHandler.java:handle(113)) - Created Pipeline RATIS THREE PipelineID=a18e6ca7-dca5-436d-b636-ded71ac26ed7.
2022-07-12 20:43:38,561 [Listener at 127.0.0.1/39255] INFO  ozone.MiniOzoneClusterImpl (MiniOzoneClusterImpl.java:lambda$waitForClusterToBeReady$0(223)) - Nodes are ready. Got 3 of 3 DN Heartbeats.
2022-07-12 20:43:38,561 [Listener at 127.0.0.1/39255] INFO  ozone.MiniOzoneClusterImpl (MiniOzoneClusterImpl.java:lambda$waitForClusterToBeReady$0(226)) - Waiting for cluster to exit safe mode
2022-07-12 20:43:38,561 [Listener at 127.0.0.1/39255] INFO  ozone.MiniOzoneClusterImpl (MiniOzoneClusterImpl.java:lambda$waitForClusterToBeReady$0(228)) - SCM became leader
2022-07-12 20:43:39,561 [Listener at 127.0.0.1/39255] INFO  ozone.MiniOzoneClusterImpl (MiniOzoneClusterImpl.java:lambda$waitForClusterToBeReady$0(223)) - Nodes are ready. Got 3 of 3 DN Heartbeats.
2022-07-12 20:43:39,562 [Listener at 127.0.0.1/39255] INFO  ozone.MiniOzoneClusterImpl (MiniOzoneClusterImpl.java:lambda$waitForClusterToBeReady$0(226)) - Waiting for cluster to exit safe mode
2022-07-12 20:43:39,562 [Listener at 127.0.0.1/39255] INFO  ozone.MiniOzoneClusterImpl (MiniOzoneClusterImpl.java:lambda$waitForClusterToBeReady$0(228)) - SCM became leader
2022-07-12 20:43:40,562 [Listener at 127.0.0.1/39255] INFO  ozone.MiniOzoneClusterImpl (MiniOzoneClusterImpl.java:lambda$waitForClusterToBeReady$0(223)) - Nodes are ready. Got 3 of 3 DN Heartbeats.
2022-07-12 20:43:40,562 [Listener at 127.0.0.1/39255] INFO  ozone.MiniOzoneClusterImpl (MiniOzoneClusterImpl.java:lambda$waitForClusterToBeReady$0(226)) - Waiting for cluster to exit safe mode
2022-07-12 20:43:40,563 [Listener at 127.0.0.1/39255] INFO  ozone.MiniOzoneClusterImpl (MiniOzoneClusterImpl.java:lambda$waitForClusterToBeReady$0(228)) - SCM became leader
2022-07-12 20:43:41,563 [Listener at 127.0.0.1/39255] INFO  ozone.MiniOzoneClusterImpl (MiniOzoneClusterImpl.java:lambda$waitForClusterToBeReady$0(223)) - Nodes are ready. Got 3 of 3 DN Heartbeats.
2022-07-12 20:43:41,563 [Listener at 127.0.0.1/39255] INFO  ozone.MiniOzoneClusterImpl (MiniOzoneClusterImpl.java:lambda$waitForClusterToBeReady$0(226)) - Waiting for cluster to exit safe mode
2022-07-12 20:43:41,563 [Listener at 127.0.0.1/39255] INFO  ozone.MiniOzoneClusterImpl (MiniOzoneClusterImpl.java:lambda$waitForClusterToBeReady$0(228)) - SCM became leader
2022-07-12 20:43:41,825 [2de1e519-7420-449a-b6b3-45c208f0058f@group-9CD9F0A1529B-FollowerState] INFO  impl.FollowerState (FollowerState.java:run(143)) - 2de1e519-7420-449a-b6b3-45c208f0058f@group-9CD9F0A1529B-FollowerState: change to CANDIDATE, lastRpcElapsedTime:5014077660ns, electionTimeout:5013ms
2022-07-12 20:43:41,825 [2de1e519-7420-449a-b6b3-45c208f0058f@group-9CD9F0A1529B-FollowerState] INFO  impl.RoleInfo (RoleInfo.java:shutdownFollowerState(110)) - 2de1e519-7420-449a-b6b3-45c208f0058f: shutdown 2de1e519-7420-449a-b6b3-45c208f0058f@group-9CD9F0A1529B-FollowerState
2022-07-12 20:43:41,825 [2de1e519-7420-449a-b6b3-45c208f0058f@group-9CD9F0A1529B-FollowerState] INFO  server.RaftServer$Division (RaftServerImpl.java:setRole(299)) - 2de1e519-7420-449a-b6b3-45c208f0058f@group-9CD9F0A1529B: changes role from  FOLLOWER to CANDIDATE at term 0 for changeToCandidate
2022-07-12 20:43:41,826 [2de1e519-7420-449a-b6b3-45c208f0058f@group-9CD9F0A1529B-FollowerState] INFO  server.RaftServerConfigKeys (ConfUtils.java:logGet(46)) - raft.server.leaderelection.pre-vote = false (custom)
2022-07-12 20:43:41,826 [2de1e519-7420-449a-b6b3-45c208f0058f@group-9CD9F0A1529B-FollowerState] INFO  impl.RoleInfo (RoleInfo.java:updateAndGet(139)) - 2de1e519-7420-449a-b6b3-45c208f0058f: start 2de1e519-7420-449a-b6b3-45c208f0058f@group-9CD9F0A1529B-LeaderElection2
2022-07-12 20:43:41,828 [2de1e519-7420-449a-b6b3-45c208f0058f@group-9CD9F0A1529B-LeaderElection2] INFO  impl.LeaderElection (LeaderElection.java:askForVotes(310)) - 2de1e519-7420-449a-b6b3-45c208f0058f@group-9CD9F0A1529B-LeaderElection2 ELECTION round 0: submit vote requests at term 1 for -1: [1c8026fd-317f-4e79-aa49-e69de355aaaa|rpc:10.1.0.33:38443|priority:1, 2de1e519-7420-449a-b6b3-45c208f0058f|rpc:10.1.0.33:43801|priority:0, 31889ab4-3e75-4a68-bf86-b260e37d0475|rpc:10.1.0.33:33947|priority:0], old=null
2022-07-12 20:43:41,860 [grpc-default-executor-0] INFO  server.RaftServer$Division (RaftServerImpl.java:requestVote(1152)) - 1c8026fd-317f-4e79-aa49-e69de355aaaa@group-9CD9F0A1529B: receive requestVote(ELECTION, 2de1e519-7420-449a-b6b3-45c208f0058f, group-9CD9F0A1529B, 1, (t:0, i:0))
2022-07-12 20:43:41,865 [grpc-default-executor-0] INFO  impl.VoteContext (VoteContext.java:log(48)) - 1c8026fd-317f-4e79-aa49-e69de355aaaa@group-9CD9F0A1529B-FOLLOWER: reject ELECTION from 2de1e519-7420-449a-b6b3-45c208f0058f: our priority 1 > candidate's priority 0
2022-07-12 20:43:41,865 [grpc-default-executor-0] INFO  server.RaftServer$Division (RaftServerImpl.java:setRole(299)) - 1c8026fd-317f-4e79-aa49-e69de355aaaa@group-9CD9F0A1529B: changes role from  FOLLOWER to FOLLOWER at term 1 for candidate:2de1e519-7420-449a-b6b3-45c208f0058f
2022-07-12 20:43:41,865 [grpc-default-executor-0] INFO  impl.RoleInfo (RoleInfo.java:shutdownFollowerState(110)) - 1c8026fd-317f-4e79-aa49-e69de355aaaa: shutdown 1c8026fd-317f-4e79-aa49-e69de355aaaa@group-9CD9F0A1529B-FollowerState
2022-07-12 20:43:41,865 [grpc-default-executor-0] INFO  impl.RoleInfo (RoleInfo.java:updateAndGet(139)) - 1c8026fd-317f-4e79-aa49-e69de355aaaa: start 1c8026fd-317f-4e79-aa49-e69de355aaaa@group-9CD9F0A1529B-FollowerState
2022-07-12 20:43:41,865 [1c8026fd-317f-4e79-aa49-e69de355aaaa@group-9CD9F0A1529B-FollowerState] INFO  impl.FollowerState (FollowerState.java:run(152)) - 1c8026fd-317f-4e79-aa49-e69de355aaaa@group-9CD9F0A1529B-FollowerState was interrupted
2022-07-12 20:43:41,872 [grpc-default-executor-0] INFO  server.RaftServer$Division (RaftServerImpl.java:requestVote(1184)) - 1c8026fd-317f-4e79-aa49-e69de355aaaa@group-9CD9F0A1529B replies to ELECTION vote request: 2de1e519-7420-449a-b6b3-45c208f0058f<-1c8026fd-317f-4e79-aa49-e69de355aaaa#0:FAIL-t1. Peer's state: 1c8026fd-317f-4e79-aa49-e69de355aaaa@group-9CD9F0A1529B:t1, leader=null, voted=null, raftlog=1c8026fd-317f-4e79-aa49-e69de355aaaa@group-9CD9F0A1529B-SegmentedRaftLog:OPENED:c-1, conf=-1: [1c8026fd-317f-4e79-aa49-e69de355aaaa|rpc:10.1.0.33:38443|priority:1, 2de1e519-7420-449a-b6b3-45c208f0058f|rpc:10.1.0.33:43801|priority:0, 31889ab4-3e75-4a68-bf86-b260e37d0475|rpc:10.1.0.33:33947|priority:0], old=null
2022-07-12 20:43:41,876 [grpc-default-executor-1] INFO  server.RaftServer$Division (RaftServerImpl.java:requestVote(1152)) - 31889ab4-3e75-4a68-bf86-b260e37d0475@group-9CD9F0A1529B: receive requestVote(ELECTION, 2de1e519-7420-449a-b6b3-45c208f0058f, group-9CD9F0A1529B, 1, (t:0, i:0))
2022-07-12 20:43:41,876 [grpc-default-executor-1] INFO  impl.VoteContext (VoteContext.java:log(48)) - 31889ab4-3e75-4a68-bf86-b260e37d0475@group-9CD9F0A1529B-FOLLOWER: accept ELECTION from 2de1e519-7420-449a-b6b3-45c208f0058f: our priority 0 <= candidate's priority 0
2022-07-12 20:43:41,877 [grpc-default-executor-1] INFO  server.RaftServer$Division (RaftServerImpl.java:setRole(299)) - 31889ab4-3e75-4a68-bf86-b260e37d0475@group-9CD9F0A1529B: changes role from  FOLLOWER to FOLLOWER at term 1 for candidate:2de1e519-7420-449a-b6b3-45c208f0058f
2022-07-12 20:43:41,877 [grpc-default-executor-1] INFO  impl.RoleInfo (RoleInfo.java:shutdownFollowerState(110)) - 31889ab4-3e75-4a68-bf86-b260e37d0475: shutdown 31889ab4-3e75-4a68-bf86-b260e37d0475@group-9CD9F0A1529B-FollowerState
2022-07-12 20:43:41,877 [grpc-default-executor-1] INFO  impl.RoleInfo (RoleInfo.java:updateAndGet(139)) - 31889ab4-3e75-4a68-bf86-b260e37d0475: start 31889ab4-3e75-4a68-bf86-b260e37d0475@group-9CD9F0A1529B-FollowerState
2022-07-12 20:43:41,877 [31889ab4-3e75-4a68-bf86-b260e37d0475@group-9CD9F0A1529B-FollowerState] INFO  impl.FollowerState (FollowerState.java:run(152)) - 31889ab4-3e75-4a68-bf86-b260e37d0475@group-9CD9F0A1529B-FollowerState was interrupted
2022-07-12 20:43:41,883 [2de1e519-7420-449a-b6b3-45c208f0058f@group-9CD9F0A1529B-LeaderElection2] INFO  impl.LeaderElection (LeaderElection.java:logAndReturn(90)) - 2de1e519-7420-449a-b6b3-45c208f0058f@group-9CD9F0A1529B-LeaderElection2: ELECTION REJECTED received 1 response(s) and 0 exception(s):
2022-07-12 20:43:41,883 [2de1e519-7420-449a-b6b3-45c208f0058f@group-9CD9F0A1529B-LeaderElection2] INFO  impl.LeaderElection (LeaderElection.java:logAndReturn(94)) -   Response 0: 2de1e519-7420-449a-b6b3-45c208f0058f<-1c8026fd-317f-4e79-aa49-e69de355aaaa#0:FAIL-t1
2022-07-12 20:43:41,883 [2de1e519-7420-449a-b6b3-45c208f0058f@group-9CD9F0A1529B-LeaderElection2] INFO  impl.LeaderElection (LeaderElection.java:askForVotes(312)) - 2de1e519-7420-449a-b6b3-45c208f0058f@group-9CD9F0A1529B-LeaderElection2 ELECTION round 0: result REJECTED
2022-07-12 20:43:41,883 [2de1e519-7420-449a-b6b3-45c208f0058f@group-9CD9F0A1529B-LeaderElection2] INFO  server.RaftServer$Division (RaftServerImpl.java:setRole(299)) - 2de1e519-7420-449a-b6b3-45c208f0058f@group-9CD9F0A1529B: changes role from CANDIDATE to FOLLOWER at term 1 for REJECTED
2022-07-12 20:43:41,883 [2de1e519-7420-449a-b6b3-45c208f0058f@group-9CD9F0A1529B-LeaderElection2] INFO  impl.RoleInfo (RoleInfo.java:shutdownLeaderElection(130)) - 2de1e519-7420-449a-b6b3-45c208f0058f: shutdown 2de1e519-7420-449a-b6b3-45c208f0058f@group-9CD9F0A1529B-LeaderElection2
2022-07-12 20:43:41,884 [2de1e519-7420-449a-b6b3-45c208f0058f@group-9CD9F0A1529B-LeaderElection2] INFO  impl.RoleInfo (RoleInfo.java:updateAndGet(139)) - 2de1e519-7420-449a-b6b3-45c208f0058f: start 2de1e519-7420-449a-b6b3-45c208f0058f@group-9CD9F0A1529B-FollowerState
2022-07-12 20:43:41,885 [grpc-default-executor-1] INFO  server.RaftServer$Division (RaftServerImpl.java:requestVote(1184)) - 31889ab4-3e75-4a68-bf86-b260e37d0475@group-9CD9F0A1529B replies to ELECTION vote request: 2de1e519-7420-449a-b6b3-45c208f0058f<-31889ab4-3e75-4a68-bf86-b260e37d0475#0:OK-t1. Peer's state: 31889ab4-3e75-4a68-bf86-b260e37d0475@group-9CD9F0A1529B:t1, leader=null, voted=2de1e519-7420-449a-b6b3-45c208f0058f, raftlog=31889ab4-3e75-4a68-bf86-b260e37d0475@group-9CD9F0A1529B-SegmentedRaftLog:OPENED:c-1, conf=-1: [1c8026fd-317f-4e79-aa49-e69de355aaaa|rpc:10.1.0.33:38443|dataStream:|priority:1, 2de1e519-7420-449a-b6b3-45c208f0058f|rpc:10.1.0.33:43801|dataStream:|priority:0, 31889ab4-3e75-4a68-bf86-b260e37d0475|rpc:10.1.0.33:33947|dataStream:|priority:0], old=null
2022-07-12 20:43:41,913 [2de1e519-7420-449a-b6b3-45c208f0058f@group-A15E2128D6D2-FollowerState] INFO  impl.FollowerState (FollowerState.java:run(143)) - 2de1e519-7420-449a-b6b3-45c208f0058f@group-A15E2128D6D2-FollowerState: change to CANDIDATE, lastRpcElapsedTime:5164982644ns, electionTimeout:5153ms
2022-07-12 20:43:41,914 [2de1e519-7420-449a-b6b3-45c208f0058f@group-A15E2128D6D2-FollowerState] INFO  impl.RoleInfo (RoleInfo.java:shutdownFollowerState(110)) - 2de1e519-7420-449a-b6b3-45c208f0058f: shutdown 2de1e519-7420-449a-b6b3-45c208f0058f@group-A15E2128D6D2-FollowerState
2022-07-12 20:43:41,914 [2de1e519-7420-449a-b6b3-45c208f0058f@group-A15E2128D6D2-FollowerState] INFO  server.RaftServer$Division (RaftServerImpl.java:setRole(299)) - 2de1e519-7420-449a-b6b3-45c208f0058f@group-A15E2128D6D2: changes role from  FOLLOWER to CANDIDATE at term 0 for changeToCandidate
2022-07-12 20:43:41,914 [2de1e519-7420-449a-b6b3-45c208f0058f@group-A15E2128D6D2-FollowerState] INFO  server.RaftServerConfigKeys (ConfUtils.java:logGet(46)) - raft.server.leaderelection.pre-vote = false (custom)
2022-07-12 20:43:41,914 [2de1e519-7420-449a-b6b3-45c208f0058f@group-A15E2128D6D2-FollowerState] INFO  impl.RoleInfo (RoleInfo.java:updateAndGet(139)) - 2de1e519-7420-449a-b6b3-45c208f0058f: start 2de1e519-7420-449a-b6b3-45c208f0058f@group-A15E2128D6D2-LeaderElection3
2022-07-12 20:43:41,916 [2de1e519-7420-449a-b6b3-45c208f0058f@group-A15E2128D6D2-LeaderElection3] INFO  impl.LeaderElection (LeaderElection.java:askForVotes(310)) - 2de1e519-7420-449a-b6b3-45c208f0058f@group-A15E2128D6D2-LeaderElection3 ELECTION round 0: submit vote requests at term 1 for -1: [2de1e519-7420-449a-b6b3-45c208f0058f|rpc:10.1.0.33:43801|priority:1], old=null
2022-07-12 20:43:41,916 [2de1e519-7420-449a-b6b3-45c208f0058f@group-A15E2128D6D2-LeaderElection3] INFO  impl.LeaderElection (LeaderElection.java:askForVotes(312)) - 2de1e519-7420-449a-b6b3-45c208f0058f@group-A15E2128D6D2-LeaderElection3 ELECTION round 0: result PASSED (term=1)
2022-07-12 20:43:41,916 [2de1e519-7420-449a-b6b3-45c208f0058f@group-A15E2128D6D2-LeaderElection3] INFO  impl.RoleInfo (RoleInfo.java:shutdownLeaderElection(130)) - 2de1e519-7420-449a-b6b3-45c208f0058f: shutdown 2de1e519-7420-449a-b6b3-45c208f0058f@group-A15E2128D6D2-LeaderElection3
2022-07-12 20:43:41,917 [2de1e519-7420-449a-b6b3-45c208f0058f@group-A15E2128D6D2-LeaderElection3] INFO  server.RaftServer$Division (RaftServerImpl.java:setRole(299)) - 2de1e519-7420-449a-b6b3-45c208f0058f@group-A15E2128D6D2: changes role from CANDIDATE to LEADER at term 1 for changeToLeader
2022-07-12 20:43:41,917 [2de1e519-7420-449a-b6b3-45c208f0058f@group-A15E2128D6D2-LeaderElection3] INFO  ratis.XceiverServerRatis (XceiverServerRatis.java:handleLeaderChangedNotification(863)) - Leader change notification received for group: group-A15E2128D6D2 with new leaderId: 2de1e519-7420-449a-b6b3-45c208f0058f
2022-07-12 20:43:41,917 [2de1e519-7420-449a-b6b3-45c208f0058f@group-A15E2128D6D2-LeaderElection3] INFO  server.RaftServer$Division (ServerState.java:setLeader(287)) - 2de1e519-7420-449a-b6b3-45c208f0058f@group-A15E2128D6D2: change Leader from null to 2de1e519-7420-449a-b6b3-45c208f0058f at term 1 for becomeLeader, leader elected after 5208ms
2022-07-12 20:43:41,917 [2de1e519-7420-449a-b6b3-45c208f0058f@group-A15E2128D6D2-LeaderElection3] INFO  server.RaftServerConfigKeys (ConfUtils.java:logGet(46)) - raft.server.staging.catchup.gap = 1000 (default)
2022-07-12 20:43:41,917 [2de1e519-7420-449a-b6b3-45c208f0058f@group-A15E2128D6D2-LeaderElection3] INFO  server.RaftServerConfigKeys (ConfUtils.java:logGet(46)) - raft.server.write.element-limit = 1024 (custom)
2022-07-12 20:43:41,917 [2de1e519-7420-449a-b6b3-45c208f0058f@group-A15E2128D6D2-LeaderElection3] INFO  server.RaftServerConfigKeys (ConfUtils.java:logGet(46)) - raft.server.write.byte-limit = 1024 M (=1073741824) (custom)
2022-07-12 20:43:41,918 [2de1e519-7420-449a-b6b3-45c208f0058f@group-A15E2128D6D2-LeaderElection3] INFO  server.RaftServerConfigKeys (ConfUtils.java:logGet(46)) - raft.server.watch.timeout = 180s (custom)
2022-07-12 20:43:41,918 [2de1e519-7420-449a-b6b3-45c208f0058f@group-A15E2128D6D2-LeaderElection3] INFO  server.RaftServerConfigKeys (ConfUtils.java:logGet(46)) - raft.server.watch.timeout.denomination = 1s (default)
2022-07-12 20:43:41,918 [2de1e519-7420-449a-b6b3-45c208f0058f@group-A15E2128D6D2-LeaderElection3] INFO  server.RaftServerConfigKeys (ConfUtils.java:logGet(46)) - raft.server.watch.element-limit = 65536 (default)
2022-07-12 20:43:41,918 [2de1e519-7420-449a-b6b3-45c208f0058f@group-A15E2128D6D2-LeaderElection3] INFO  server.RaftServerConfigKeys (ConfUtils.java:logGet(46)) - raft.server.write.element-limit = 1024 (custom)
2022-07-12 20:43:41,919 [EventQueue-OpenPipelineForHealthyPipelineSafeModeRule] INFO  safemode.SCMSafeModeManager (HealthyPipelineSafeModeRule.java:process(124)) - SCM in safe mode. Healthy pipelines reported count is 0, required healthy pipeline reported count is 1
2022-07-12 20:43:41,920 [2de1e519-7420-449a-b6b3-45c208f0058f@group-A15E2128D6D2-LeaderElection3] INFO  server.RaftServerConfigKeys (ConfUtils.java:logGet(46)) - raft.server.write.follower.gap.ratio.max = -1.0 (default)
2022-07-12 20:43:41,920 [2de1e519-7420-449a-b6b3-45c208f0058f@group-A15E2128D6D2-LeaderElection3] INFO  impl.RoleInfo (RoleInfo.java:updateAndGet(139)) - 2de1e519-7420-449a-b6b3-45c208f0058f: start 2de1e519-7420-449a-b6b3-45c208f0058f@group-A15E2128D6D2-LeaderStateImpl
2022-07-12 20:43:41,920 [2de1e519-7420-449a-b6b3-45c208f0058f@group-A15E2128D6D2-LeaderElection3] INFO  segmented.SegmentedRaftLogWorker (SegmentedRaftLogWorker.java:startLogSegment(425)) - 2de1e519-7420-449a-b6b3-45c208f0058f@group-A15E2128D6D2-SegmentedRaftLogWorker: Starting segment from index:0
2022-07-12 20:43:41,921 [2de1e519-7420-449a-b6b3-45c208f0058f@group-A15E2128D6D2-SegmentedRaftLogWorker] INFO  segmented.SegmentedRaftLogWorker (SegmentedRaftLogWorker.java:execute(629)) - 2de1e519-7420-449a-b6b3-45c208f0058f@group-A15E2128D6D2-SegmentedRaftLogWorker: created new log segment /home/runner/work/ozone/ozone/hadoop-ozone/integration-test/target/test-dir/MiniOzoneClusterImpl-403db390-d601-42e9-9e55-5e4bd55e0b9b/datanode-0/data/ratis/461ef6c6-a2bb-43c6-b877-a15e2128d6d2/current/log_inprogress_0
2022-07-12 20:43:41,923 [2de1e519-7420-449a-b6b3-45c208f0058f@group-A15E2128D6D2-LeaderElection3] INFO  server.RaftServer$Division (ServerState.java:setRaftConf(393)) - 2de1e519-7420-449a-b6b3-45c208f0058f@group-A15E2128D6D2: set configuration 0: [2de1e519-7420-449a-b6b3-45c208f0058f|rpc:10.1.0.33:43801|dataStream:|priority:1], old=null
2022-07-12 20:43:42,342 [1c8026fd-317f-4e79-aa49-e69de355aaaa@group-5D6AC1929F9D-FollowerState] INFO  impl.FollowerState (FollowerState.java:run(143)) - 1c8026fd-317f-4e79-aa49-e69de355aaaa@group-5D6AC1929F9D-FollowerState: change to CANDIDATE, lastRpcElapsedTime:5181502745ns, electionTimeout:5174ms
2022-07-12 20:43:42,342 [1c8026fd-317f-4e79-aa49-e69de355aaaa@group-5D6AC1929F9D-FollowerState] INFO  impl.RoleInfo (RoleInfo.java:shutdownFollowerState(110)) - 1c8026fd-317f-4e79-aa49-e69de355aaaa: shutdown 1c8026fd-317f-4e79-aa49-e69de355aaaa@group-5D6AC1929F9D-FollowerState
2022-07-12 20:43:42,343 [1c8026fd-317f-4e79-aa49-e69de355aaaa@group-5D6AC1929F9D-FollowerState] INFO  server.RaftServer$Division (RaftServerImpl.java:setRole(299)) - 1c8026fd-317f-4e79-aa49-e69de355aaaa@group-5D6AC1929F9D: changes role from  FOLLOWER to CANDIDATE at term 0 for changeToCandidate
2022-07-12 20:43:42,343 [1c8026fd-317f-4e79-aa49-e69de355aaaa@group-5D6AC1929F9D-FollowerState] INFO  server.RaftServerConfigKeys (ConfUtils.java:logGet(46)) - raft.server.leaderelection.pre-vote = false (custom)
2022-07-12 20:43:42,343 [1c8026fd-317f-4e79-aa49-e69de355aaaa@group-5D6AC1929F9D-FollowerState] INFO  impl.RoleInfo (RoleInfo.java:updateAndGet(139)) - 1c8026fd-317f-4e79-aa49-e69de355aaaa: start 1c8026fd-317f-4e79-aa49-e69de355aaaa@group-5D6AC1929F9D-LeaderElection4
2022-07-12 20:43:42,347 [1c8026fd-317f-4e79-aa49-e69de355aaaa@group-5D6AC1929F9D-LeaderElection4] INFO  impl.LeaderElection (LeaderElection.java:askForVotes(310)) - 1c8026fd-317f-4e79-aa49-e69de355aaaa@group-5D6AC1929F9D-LeaderElection4 ELECTION round 0: submit vote requests at term 1 for -1: [1c8026fd-317f-4e79-aa49-e69de355aaaa|rpc:10.1.0.33:38443|priority:1], old=null
2022-07-12 20:43:42,347 [1c8026fd-317f-4e79-aa49-e69de355aaaa@group-5D6AC1929F9D-LeaderElection4] INFO  impl.LeaderElection (LeaderElection.java:askForVotes(312)) - 1c8026fd-317f-4e79-aa49-e69de355aaaa@group-5D6AC1929F9D-LeaderElection4 ELECTION round 0: result PASSED (term=1)
2022-07-12 20:43:42,347 [1c8026fd-317f-4e79-aa49-e69de355aaaa@group-5D6AC1929F9D-LeaderElection4] INFO  impl.RoleInfo (RoleInfo.java:shutdownLeaderElection(130)) - 1c8026fd-317f-4e79-aa49-e69de355aaaa: shutdown 1c8026fd-317f-4e79-aa49-e69de355aaaa@group-5D6AC1929F9D-LeaderElection4
2022-07-12 20:43:42,347 [1c8026fd-317f-4e79-aa49-e69de355aaaa@group-5D6AC1929F9D-LeaderElection4] INFO  server.RaftServer$Division (RaftServerImpl.java:setRole(299)) - 1c8026fd-317f-4e79-aa49-e69de355aaaa@group-5D6AC1929F9D: changes role from CANDIDATE to LEADER at term 1 for changeToLeader
2022-07-12 20:43:42,347 [1c8026fd-317f-4e79-aa49-e69de355aaaa@group-5D6AC1929F9D-LeaderElection4] INFO  ratis.XceiverServerRatis (XceiverServerRatis.java:handleLeaderChangedNotification(863)) - Leader change notification received for group: group-5D6AC1929F9D with new leaderId: 1c8026fd-317f-4e79-aa49-e69de355aaaa
2022-07-12 20:43:42,348 [1c8026fd-317f-4e79-aa49-e69de355aaaa@group-5D6AC1929F9D-LeaderElection4] INFO  server.RaftServer$Division (ServerState.java:setLeader(287)) - 1c8026fd-317f-4e79-aa49-e69de355aaaa@group-5D6AC1929F9D: change Leader from null to 1c8026fd-317f-4e79-aa49-e69de355aaaa at term 1 for becomeLeader, leader elected after 5195ms
2022-07-12 20:43:42,348 [1c8026fd-317f-4e79-aa49-e69de355aaaa@group-5D6AC1929F9D-LeaderElection4] INFO  server.RaftServerConfigKeys (ConfUtils.java:logGet(46)) - raft.server.staging.catchup.gap = 1000 (default)
2022-07-12 20:43:42,355 [EventQueue-OpenPipelineForHealthyPipelineSafeModeRule] INFO  safemode.SCMSafeModeManager (HealthyPipelineSafeModeRule.java:process(124)) - SCM in safe mode. Healthy pipelines reported count is 0, required healthy pipeline reported count is 1
2022-07-12 20:43:42,358 [1c8026fd-317f-4e79-aa49-e69de355aaaa@group-5D6AC1929F9D-LeaderElection4] INFO  server.RaftServerConfigKeys (ConfUtils.java:logGet(46)) - raft.server.write.element-limit = 1024 (custom)
2022-07-12 20:43:42,358 [1c8026fd-317f-4e79-aa49-e69de355aaaa@group-5D6AC1929F9D-LeaderElection4] INFO  server.RaftServerConfigKeys (ConfUtils.java:logGet(46)) - raft.server.write.byte-limit = 1024 M (=1073741824) (custom)
2022-07-12 20:43:42,359 [1c8026fd-317f-4e79-aa49-e69de355aaaa@group-5D6AC1929F9D-LeaderElection4] INFO  server.RaftServerConfigKeys (ConfUtils.java:logGet(46)) - raft.server.watch.timeout = 180s (custom)
2022-07-12 20:43:42,359 [1c8026fd-317f-4e79-aa49-e69de355aaaa@group-5D6AC1929F9D-LeaderElection4] INFO  server.RaftServerConfigKeys (ConfUtils.java:logGet(46)) - raft.server.watch.timeout.denomination = 1s (default)
2022-07-12 20:43:42,359 [1c8026fd-317f-4e79-aa49-e69de355aaaa@group-5D6AC1929F9D-LeaderElection4] INFO  server.RaftServerConfigKeys (ConfUtils.java:logGet(46)) - raft.server.watch.element-limit = 65536 (default)
2022-07-12 20:43:42,359 [1c8026fd-317f-4e79-aa49-e69de355aaaa@group-5D6AC1929F9D-LeaderElection4] INFO  server.RaftServerConfigKeys (ConfUtils.java:logGet(46)) - raft.server.write.element-limit = 1024 (custom)
2022-07-12 20:43:42,359 [1c8026fd-317f-4e79-aa49-e69de355aaaa@group-5D6AC1929F9D-LeaderElection4] INFO  server.RaftServerConfigKeys (ConfUtils.java:logGet(46)) - raft.server.write.follower.gap.ratio.max = -1.0 (default)
2022-07-12 20:43:42,359 [1c8026fd-317f-4e79-aa49-e69de355aaaa@group-5D6AC1929F9D-LeaderElection4] INFO  impl.RoleInfo (RoleInfo.java:updateAndGet(139)) - 1c8026fd-317f-4e79-aa49-e69de355aaaa: start 1c8026fd-317f-4e79-aa49-e69de355aaaa@group-5D6AC1929F9D-LeaderStateImpl
2022-07-12 20:43:42,359 [1c8026fd-317f-4e79-aa49-e69de355aaaa@group-5D6AC1929F9D-LeaderElection4] INFO  segmented.SegmentedRaftLogWorker (SegmentedRaftLogWorker.java:startLogSegment(425)) - 1c8026fd-317f-4e79-aa49-e69de355aaaa@group-5D6AC1929F9D-SegmentedRaftLogWorker: Starting segment from index:0
2022-07-12 20:43:42,363 [1c8026fd-317f-4e79-aa49-e69de355aaaa@group-5D6AC1929F9D-LeaderElection4] INFO  server.RaftServer$Division (ServerState.java:setRaftConf(393)) - 1c8026fd-317f-4e79-aa49-e69de355aaaa@group-5D6AC1929F9D: set configuration 0: [1c8026fd-317f-4e79-aa49-e69de355aaaa|rpc:10.1.0.33:38443|dataStream:|priority:1], old=null
2022-07-12 20:43:42,363 [1c8026fd-317f-4e79-aa49-e69de355aaaa@group-5D6AC1929F9D-SegmentedRaftLogWorker] INFO  segmented.SegmentedRaftLogWorker (SegmentedRaftLogWorker.java:execute(629)) - 1c8026fd-317f-4e79-aa49-e69de355aaaa@group-5D6AC1929F9D-SegmentedRaftLogWorker: created new log segment /home/runner/work/ozone/ozone/hadoop-ozone/integration-test/target/test-dir/MiniOzoneClusterImpl-403db390-d601-42e9-9e55-5e4bd55e0b9b/datanode-1/data/ratis/0f0f6f10-961e-404c-903d-5d6ac1929f9d/current/log_inprogress_0
2022-07-12 20:43:42,531 [2de1e519-7420-449a-b6b3-45c208f0058f@group-DED71AC26ED7-FollowerState] INFO  impl.FollowerState (FollowerState.java:run(143)) - 2de1e519-7420-449a-b6b3-45c208f0058f@group-DED71AC26ED7-FollowerState: change to CANDIDATE, lastRpcElapsedTime:5002847229ns, electionTimeout:5001ms
2022-07-12 20:43:42,531 [2de1e519-7420-449a-b6b3-45c208f0058f@group-DED71AC26ED7-FollowerState] INFO  impl.RoleInfo (RoleInfo.java:shutdownFollowerState(110)) - 2de1e519-7420-449a-b6b3-45c208f0058f: shutdown 2de1e519-7420-449a-b6b3-45c208f0058f@group-DED71AC26ED7-FollowerState
2022-07-12 20:43:42,531 [2de1e519-7420-449a-b6b3-45c208f0058f@group-DED71AC26ED7-FollowerState] INFO  server.RaftServer$Division (RaftServerImpl.java:setRole(299)) - 2de1e519-7420-449a-b6b3-45c208f0058f@group-DED71AC26ED7: changes role from  FOLLOWER to CANDIDATE at term 0 for changeToCandidate
2022-07-12 20:43:42,531 [2de1e519-7420-449a-b6b3-45c208f0058f@group-DED71AC26ED7-FollowerState] INFO  server.RaftServerConfigKeys (ConfUtils.java:logGet(46)) - raft.server.leaderelection.pre-vote = false (custom)
2022-07-12 20:43:42,531 [2de1e519-7420-449a-b6b3-45c208f0058f@group-DED71AC26ED7-FollowerState] INFO  impl.RoleInfo (RoleInfo.java:updateAndGet(139)) - 2de1e519-7420-449a-b6b3-45c208f0058f: start 2de1e519-7420-449a-b6b3-45c208f0058f@group-DED71AC26ED7-LeaderElection5
2022-07-12 20:43:42,535 [2de1e519-7420-449a-b6b3-45c208f0058f@group-DED71AC26ED7-LeaderElection5] INFO  impl.LeaderElection (LeaderElection.java:askForVotes(310)) - 2de1e519-7420-449a-b6b3-45c208f0058f@group-DED71AC26ED7-LeaderElection5 ELECTION round 0: submit vote requests at term 1 for -1: [2de1e519-7420-449a-b6b3-45c208f0058f|rpc:10.1.0.33:43801|priority:1, 1c8026fd-317f-4e79-aa49-e69de355aaaa|rpc:10.1.0.33:38443|priority:0, 31889ab4-3e75-4a68-bf86-b260e37d0475|rpc:10.1.0.33:33947|priority:0], old=null
2022-07-12 20:43:42,548 [grpc-default-executor-1] INFO  server.RaftServer$Division (RaftServerImpl.java:requestVote(1152)) - 31889ab4-3e75-4a68-bf86-b260e37d0475@group-DED71AC26ED7: receive requestVote(ELECTION, 2de1e519-7420-449a-b6b3-45c208f0058f, group-DED71AC26ED7, 1, (t:0, i:0))
2022-07-12 20:43:42,548 [grpc-default-executor-1] INFO  impl.VoteContext (VoteContext.java:log(48)) - 31889ab4-3e75-4a68-bf86-b260e37d0475@group-DED71AC26ED7-FOLLOWER: accept ELECTION from 2de1e519-7420-449a-b6b3-45c208f0058f: our priority 0 <= candidate's priority 1
2022-07-12 20:43:42,548 [grpc-default-executor-1] INFO  server.RaftServer$Division (RaftServerImpl.java:setRole(299)) - 31889ab4-3e75-4a68-bf86-b260e37d0475@group-DED71AC26ED7: changes role from  FOLLOWER to FOLLOWER at term 1 for candidate:2de1e519-7420-449a-b6b3-45c208f0058f
2022-07-12 20:43:42,548 [grpc-default-executor-1] INFO  impl.RoleInfo (RoleInfo.java:shutdownFollowerState(110)) - 31889ab4-3e75-4a68-bf86-b260e37d0475: shutdown 31889ab4-3e75-4a68-bf86-b260e37d0475@group-DED71AC26ED7-FollowerState
2022-07-12 20:43:42,551 [grpc-default-executor-1] INFO  impl.RoleInfo (RoleInfo.java:updateAndGet(139)) - 31889ab4-3e75-4a68-bf86-b260e37d0475: start 31889ab4-3e75-4a68-bf86-b260e37d0475@group-DED71AC26ED7-FollowerState
2022-07-12 20:43:42,549 [grpc-default-executor-0] INFO  server.RaftServer$Division (RaftServerImpl.java:requestVote(1152)) - 1c8026fd-317f-4e79-aa49-e69de355aaaa@group-DED71AC26ED7: receive requestVote(ELECTION, 2de1e519-7420-449a-b6b3-45c208f0058f, group-DED71AC26ED7, 1, (t:0, i:0))
2022-07-12 20:43:42,551 [31889ab4-3e75-4a68-bf86-b260e37d0475@group-DED71AC26ED7-FollowerState] INFO  impl.FollowerState (FollowerState.java:run(152)) - 31889ab4-3e75-4a68-bf86-b260e37d0475@group-DED71AC26ED7-FollowerState was interrupted
2022-07-12 20:43:42,551 [grpc-default-executor-0] INFO  impl.VoteContext (VoteContext.java:log(48)) - 1c8026fd-317f-4e79-aa49-e69de355aaaa@group-DED71AC26ED7-FOLLOWER: accept ELECTION from 2de1e519-7420-449a-b6b3-45c208f0058f: our priority 0 <= candidate's priority 1
2022-07-12 20:43:42,551 [grpc-default-executor-0] INFO  server.RaftServer$Division (RaftServerImpl.java:setRole(299)) - 1c8026fd-317f-4e79-aa49-e69de355aaaa@group-DED71AC26ED7: changes role from  FOLLOWER to FOLLOWER at term 1 for candidate:2de1e519-7420-449a-b6b3-45c208f0058f
2022-07-12 20:43:42,551 [grpc-default-executor-0] INFO  impl.RoleInfo (RoleInfo.java:shutdownFollowerState(110)) - 1c8026fd-317f-4e79-aa49-e69de355aaaa: shutdown 1c8026fd-317f-4e79-aa49-e69de355aaaa@group-DED71AC26ED7-FollowerState
2022-07-12 20:43:42,552 [grpc-default-executor-0] INFO  impl.RoleInfo (RoleInfo.java:updateAndGet(139)) - 1c8026fd-317f-4e79-aa49-e69de355aaaa: start 1c8026fd-317f-4e79-aa49-e69de355aaaa@group-DED71AC26ED7-FollowerState
2022-07-12 20:43:42,552 [1c8026fd-317f-4e79-aa49-e69de355aaaa@group-DED71AC26ED7-FollowerState] INFO  impl.FollowerState (FollowerState.java:run(152)) - 1c8026fd-317f-4e79-aa49-e69de355aaaa@group-DED71AC26ED7-FollowerState was interrupted
2022-07-12 20:43:42,555 [grpc-default-executor-1] INFO  server.RaftServer$Division (RaftServerImpl.java:requestVote(1184)) - 31889ab4-3e75-4a68-bf86-b260e37d0475@group-DED71AC26ED7 replies to ELECTION vote request: 2de1e519-7420-449a-b6b3-45c208f0058f<-31889ab4-3e75-4a68-bf86-b260e37d0475#0:OK-t1. Peer's state: 31889ab4-3e75-4a68-bf86-b260e37d0475@group-DED71AC26ED7:t1, leader=null, voted=2de1e519-7420-449a-b6b3-45c208f0058f, raftlog=31889ab4-3e75-4a68-bf86-b260e37d0475@group-DED71AC26ED7-SegmentedRaftLog:OPENED:c-1, conf=-1: [2de1e519-7420-449a-b6b3-45c208f0058f|rpc:10.1.0.33:43801|dataStream:|priority:1, 1c8026fd-317f-4e79-aa49-e69de355aaaa|rpc:10.1.0.33:38443|dataStream:|priority:0, 31889ab4-3e75-4a68-bf86-b260e37d0475|rpc:10.1.0.33:33947|dataStream:|priority:0], old=null
2022-07-12 20:43:42,557 [grpc-default-executor-0] INFO  server.RaftServer$Division (RaftServerImpl.java:requestVote(1184)) - 1c8026fd-317f-4e79-aa49-e69de355aaaa@group-DED71AC26ED7 replies to ELECTION vote request: 2de1e519-7420-449a-b6b3-45c208f0058f<-1c8026fd-317f-4e79-aa49-e69de355aaaa#0:OK-t1. Peer's state: 1c8026fd-317f-4e79-aa49-e69de355aaaa@group-DED71AC26ED7:t1, leader=null, voted=2de1e519-7420-449a-b6b3-45c208f0058f, raftlog=1c8026fd-317f-4e79-aa49-e69de355aaaa@group-DED71AC26ED7-SegmentedRaftLog:OPENED:c-1, conf=-1: [2de1e519-7420-449a-b6b3-45c208f0058f|rpc:10.1.0.33:43801|priority:1, 1c8026fd-317f-4e79-aa49-e69de355aaaa|rpc:10.1.0.33:38443|priority:0, 31889ab4-3e75-4a68-bf86-b260e37d0475|rpc:10.1.0.33:33947|priority:0], old=null
2022-07-12 20:43:42,561 [2de1e519-7420-449a-b6b3-45c208f0058f@group-DED71AC26ED7-LeaderElection5] INFO  impl.LeaderElection (LeaderElection.java:logAndReturn(90)) - 2de1e519-7420-449a-b6b3-45c208f0058f@group-DED71AC26ED7-LeaderElection5: ELECTION PASSED received 1 response(s) and 0 exception(s):
2022-07-12 20:43:42,562 [2de1e519-7420-449a-b6b3-45c208f0058f@group-DED71AC26ED7-LeaderElection5] INFO  impl.LeaderElection (LeaderElection.java:logAndReturn(94)) -   Response 0: 2de1e519-7420-449a-b6b3-45c208f0058f<-31889ab4-3e75-4a68-bf86-b260e37d0475#0:OK-t1
2022-07-12 20:43:42,562 [2de1e519-7420-449a-b6b3-45c208f0058f@group-DED71AC26ED7-LeaderElection5] INFO  impl.LeaderElection (LeaderElection.java:askForVotes(312)) - 2de1e519-7420-449a-b6b3-45c208f0058f@group-DED71AC26ED7-LeaderElection5 ELECTION round 0: result PASSED
2022-07-12 20:43:42,562 [2de1e519-7420-449a-b6b3-45c208f0058f@group-DED71AC26ED7-LeaderElection5] INFO  impl.RoleInfo (RoleInfo.java:shutdownLeaderElection(130)) - 2de1e519-7420-449a-b6b3-45c208f0058f: shutdown 2de1e519-7420-449a-b6b3-45c208f0058f@group-DED71AC26ED7-LeaderElection5
2022-07-12 20:43:42,562 [2de1e519-7420-449a-b6b3-45c208f0058f@group-DED71AC26ED7-LeaderElection5] INFO  server.RaftServer$Division (RaftServerImpl.java:setRole(299)) - 2de1e519-7420-449a-b6b3-45c208f0058f@group-DED71AC26ED7: changes role from CANDIDATE to LEADER at term 1 for changeToLeader
2022-07-12 20:43:42,562 [2de1e519-7420-449a-b6b3-45c208f0058f@group-DED71AC26ED7-LeaderElection5] INFO  ratis.XceiverServerRatis (XceiverServerRatis.java:handleLeaderChangedNotification(863)) - Leader change notification received for group: group-DED71AC26ED7 with new leaderId: 2de1e519-7420-449a-b6b3-45c208f0058f
2022-07-12 20:43:42,562 [2de1e519-7420-449a-b6b3-45c208f0058f@group-DED71AC26ED7-LeaderElection5] INFO  server.RaftServer$Division (ServerState.java:setLeader(287)) - 2de1e519-7420-449a-b6b3-45c208f0058f@group-DED71AC26ED7: change Leader from null to 2de1e519-7420-449a-b6b3-45c208f0058f at term 1 for becomeLeader, leader elected after 5051ms
2022-07-12 20:43:42,562 [2de1e519-7420-449a-b6b3-45c208f0058f@group-DED71AC26ED7-LeaderElection5] INFO  server.RaftServerConfigKeys (ConfUtils.java:logGet(46)) - raft.server.staging.catchup.gap = 1000 (default)
2022-07-12 20:43:42,563 [2de1e519-7420-449a-b6b3-45c208f0058f@group-DED71AC26ED7-LeaderElection5] INFO  server.RaftServerConfigKeys (ConfUtils.java:logGet(46)) - raft.server.write.element-limit = 1024 (custom)
2022-07-12 20:43:42,563 [2de1e519-7420-449a-b6b3-45c208f0058f@group-DED71AC26ED7-LeaderElection5] INFO  server.RaftServerConfigKeys (ConfUtils.java:logGet(46)) - raft.server.write.byte-limit = 1024 M (=1073741824) (custom)
2022-07-12 20:43:42,563 [2de1e519-7420-449a-b6b3-45c208f0058f@group-DED71AC26ED7-LeaderElection5] INFO  server.RaftServerConfigKeys (ConfUtils.java:logGet(46)) - raft.server.watch.timeout = 180s (custom)
2022-07-12 20:43:42,563 [2de1e519-7420-449a-b6b3-45c208f0058f@group-DED71AC26ED7-LeaderElection5] INFO  server.RaftServerConfigKeys (ConfUtils.java:logGet(46)) - raft.server.watch.timeout.denomination = 1s (default)
2022-07-12 20:43:42,563 [2de1e519-7420-449a-b6b3-45c208f0058f@group-DED71AC26ED7-LeaderElection5] INFO  server.RaftServerConfigKeys (ConfUtils.java:logGet(46)) - raft.server.watch.element-limit = 65536 (default)
2022-07-12 20:43:42,563 [2de1e519-7420-449a-b6b3-45c208f0058f@group-DED71AC26ED7-LeaderElection5] INFO  server.RaftServerConfigKeys (ConfUtils.java:logGet(46)) - raft.server.write.element-limit = 1024 (custom)
2022-07-12 20:43:42,563 [2de1e519-7420-449a-b6b3-45c208f0058f@group-DED71AC26ED7-LeaderElection5] INFO  server.RaftServerConfigKeys (ConfUtils.java:logGet(46)) - raft.server.write.follower.gap.ratio.max = -1.0 (default)
2022-07-12 20:43:42,566 [Listener at 127.0.0.1/39255] INFO  ozone.MiniOzoneClusterImpl (MiniOzoneClusterImpl.java:lambda$waitForClusterToBeReady$0(223)) - Nodes are ready. Got 3 of 3 DN Heartbeats.
2022-07-12 20:43:42,571 [Listener at 127.0.0.1/39255] INFO  ozone.MiniOzoneClusterImpl (MiniOzoneClusterImpl.java:lambda$waitForClusterToBeReady$0(226)) - Waiting for cluster to exit safe mode
2022-07-12 20:43:42,571 [Listener at 127.0.0.1/39255] INFO  ozone.MiniOzoneClusterImpl (MiniOzoneClusterImpl.java:lambda$waitForClusterToBeReady$0(228)) - SCM became leader
2022-07-12 20:43:42,572 [EventQueue-PipelineReportForPipelineReportHandler] INFO  pipeline.PipelineManagerImpl (PipelineManagerImpl.java:openPipeline(359)) - Pipeline Pipeline[ Id: a18e6ca7-dca5-436d-b636-ded71ac26ed7, Nodes: 31889ab4-3e75-4a68-bf86-b260e37d0475{ip: 10.1.0.33, host: fv-az29-983.0gf2enmb5avurc1gjtxldx4mnh.bx.internal.cloudapp.net, ports: [REPLICATION=43489, RATIS=33947, RATIS_ADMIN=33947, RATIS_SERVER=33947, STANDALONE=34235], networkLocation: /default-rack, certSerialId: null, persistedOpState: IN_SERVICE, persistedOpStateExpiryEpochSec: 0}2de1e519-7420-449a-b6b3-45c208f0058f{ip: 10.1.0.33, host: fv-az29-983.0gf2enmb5avurc1gjtxldx4mnh.bx.internal.cloudapp.net, ports: [REPLICATION=38811, RATIS=43801, RATIS_ADMIN=43801, RATIS_SERVER=43801, STANDALONE=46517], networkLocation: /default-rack, certSerialId: null, persistedOpState: IN_SERVICE, persistedOpStateExpiryEpochSec: 0}1c8026fd-317f-4e79-aa49-e69de355aaaa{ip: 10.1.0.33, host: fv-az29-983.0gf2enmb5avurc1gjtxldx4mnh.bx.internal.cloudapp.net, ports: [REPLICATION=35011, RATIS=38443, RATIS_ADMIN=38443, RATIS_SERVER=38443, STANDALONE=40191], networkLocation: /default-rack, certSerialId: null, persistedOpState: IN_SERVICE, persistedOpStateExpiryEpochSec: 0}, ReplicationConfig: RATIS/THREE, State:ALLOCATED, leaderId:2de1e519-7420-449a-b6b3-45c208f0058f, CreationTimestamp2022-07-12T20:43:34.556Z[Etc/UTC]] moved to OPEN state
2022-07-12 20:43:42,573 [EventQueue-OpenPipelineForHealthyPipelineSafeModeRule] INFO  safemode.SCMSafeModeManager (HealthyPipelineSafeModeRule.java:process(124)) - SCM in safe mode. Healthy pipelines reported count is 1, required healthy pipeline reported count is 1
2022-07-12 20:43:42,573 [EventQueue-OpenPipelineForHealthyPipelineSafeModeRule] INFO  safemode.SCMSafeModeManager (SCMSafeModeManager.java:validateSafeModeExitRules(204)) - HealthyPipelineSafeModeRule rule is successfully validated
2022-07-12 20:43:42,573 [EventQueue-OpenPipelineForHealthyPipelineSafeModeRule] INFO  safemode.SCMSafeModeManager (SCMSafeModeManager.java:validateSafeModeExitRules(219)) - ScmSafeModeManager, all rules are successfully validated
2022-07-12 20:43:42,573 [EventQueue-OpenPipelineForHealthyPipelineSafeModeRule] INFO  safemode.SCMSafeModeManager (SCMSafeModeManager.java:exitSafeMode(248)) - SCM exiting safe mode.
2022-07-12 20:43:42,573 [EventQueue-OpenPipelineForHealthyPipelineSafeModeRule] WARN  events.EventQueue (EventQueue.java:fireEvent(216)) - No event handler registered for event TypedEvent{payloadType=SafeModeStatus, name='Safe mode status'}
2022-07-12 20:43:42,573 [EventQueue-OpenPipelineForHealthyPipelineSafeModeRule] INFO  ha.SCMContext (SCMContext.java:updateSafeModeStatus(228)) - Update SafeModeStatus from SafeModeStatus{safeModeStatus=true, preCheckPassed=true} to SafeModeStatus{safeModeStatus=false, preCheckPassed=true}.
2022-07-12 20:43:42,573 [EventQueue-OpenPipelineForHealthyPipelineSafeModeRule] INFO  pipeline.BackgroundPipelineCreator (BackgroundPipelineCreator.java:notifyStatusChanged(253)) - Service BackgroundPipelineCreator transitions to RUNNING.
2022-07-12 20:43:42,573 [EventQueue-OpenPipelineForHealthyPipelineSafeModeRule] INFO  BackgroundPipelineScrubber (BackgroundSCMService.java:notifyStatusChanged(82)) - Service BackgroundPipelineScrubber transitions to RUNNING.
2022-07-12 20:43:42,573 [EventQueue-OpenPipelineForHealthyPipelineSafeModeRule] INFO  ExpiredContainerReplicaOpScrubber (BackgroundSCMService.java:notifyStatusChanged(82)) - Service ExpiredContainerReplicaOpScrubber transitions to RUNNING.
2022-07-12 20:43:42,573 [EventQueue-OpenPipelineForHealthyPipelineSafeModeRule] INFO  replication.ReplicationManager (ReplicationManager.java:notifyStatusChanged(495)) - Service ReplicationManager transitions to RUNNING.
2022-07-12 20:43:42,574 [EventQueue-OpenPipelineForHealthyPipelineSafeModeRule] WARN  balancer.ContainerBalancer (ContainerBalancer.java:shouldRun(894)) - Could not find persisted configuration for ContainerBalancer when checking if ContainerBalancer should run. ContainerBalancer should not run now.
2022-07-12 20:43:42,578 [2de1e519-7420-449a-b6b3-45c208f0058f@group-DED71AC26ED7-LeaderElection5] INFO  server.RaftServerConfigKeys (ConfUtils.java:logGet(46)) - raft.server.log.appender.snapshot.chunk.size.max = 16MB (=16777216) (default)
2022-07-12 20:43:42,579 [2de1e519-7420-449a-b6b3-45c208f0058f@group-DED71AC26ED7-LeaderElection5] INFO  server.RaftServerConfigKeys (ConfUtils.java:logGet(46)) - raft.server.log.appender.buffer.byte-limit = 33554432 (custom)
2022-07-12 20:43:42,579 [2de1e519-7420-449a-b6b3-45c208f0058f@group-DED71AC26ED7-LeaderElection5] INFO  server.RaftServerConfigKeys (ConfUtils.java:logGet(46)) - raft.server.log.appender.buffer.element-limit = 1 (custom)
2022-07-12 20:43:42,582 [2de1e519-7420-449a-b6b3-45c208f0058f@group-DED71AC26ED7-LeaderElection5] INFO  grpc.GrpcConfigKeys (ConfUtils.java:logGet(46)) - raft.grpc.server.leader.outstanding.appends.max = 128 (default)
2022-07-12 20:43:42,582 [2de1e519-7420-449a-b6b3-45c208f0058f@group-DED71AC26ED7-LeaderElection5] INFO  server.RaftServerConfigKeys (ConfUtils.java:logGet(46)) - raft.server.rpc.request.timeout = 60s (custom)
2022-07-12 20:43:42,582 [2de1e519-7420-449a-b6b3-45c208f0058f@group-DED71AC26ED7-LeaderElection5] INFO  server.RaftServerConfigKeys (ConfUtils.java:logGet(46)) - raft.server.log.appender.install.snapshot.enabled = false (custom)
2022-07-12 20:43:42,584 [2de1e519-7420-449a-b6b3-45c208f0058f@group-DED71AC26ED7-LeaderElection5] INFO  server.RaftServerConfigKeys (ConfUtils.java:logGet(46)) - raft.server.log.appender.snapshot.chunk.size.max = 16MB (=16777216) (default)
2022-07-12 20:43:42,584 [2de1e519-7420-449a-b6b3-45c208f0058f@group-DED71AC26ED7-LeaderElection5] INFO  server.RaftServerConfigKeys (ConfUtils.java:logGet(46)) - raft.server.log.appender.buffer.byte-limit = 33554432 (custom)
2022-07-12 20:43:42,584 [2de1e519-7420-449a-b6b3-45c208f0058f@group-DED71AC26ED7-LeaderElection5] INFO  server.RaftServerConfigKeys (ConfUtils.java:logGet(46)) - raft.server.log.appender.buffer.element-limit = 1 (custom)
2022-07-12 20:43:42,584 [2de1e519-7420-449a-b6b3-45c208f0058f@group-DED71AC26ED7-LeaderElection5] INFO  grpc.GrpcConfigKeys (ConfUtils.java:logGet(46)) - raft.grpc.server.leader.outstanding.appends.max = 128 (default)
2022-07-12 20:43:42,584 [2de1e519-7420-449a-b6b3-45c208f0058f@group-DED71AC26ED7-LeaderElection5] INFO  server.RaftServerConfigKeys (ConfUtils.java:logGet(46)) - raft.server.rpc.request.timeout = 60s (custom)
2022-07-12 20:43:42,584 [2de1e519-7420-449a-b6b3-45c208f0058f@group-DED71AC26ED7-LeaderElection5] INFO  server.RaftServerConfigKeys (ConfUtils.java:logGet(46)) - raft.server.log.appender.install.snapshot.enabled = false (custom)
2022-07-12 20:43:42,585 [2de1e519-7420-449a-b6b3-45c208f0058f@group-DED71AC26ED7-LeaderElection5] INFO  impl.RoleInfo (RoleInfo.java:updateAndGet(139)) - 2de1e519-7420-449a-b6b3-45c208f0058f: start 2de1e519-7420-449a-b6b3-45c208f0058f@group-DED71AC26ED7-LeaderStateImpl
2022-07-12 20:43:42,585 [2de1e519-7420-449a-b6b3-45c208f0058f@group-DED71AC26ED7-LeaderElection5] INFO  segmented.SegmentedRaftLogWorker (SegmentedRaftLogWorker.java:startLogSegment(425)) - 2de1e519-7420-449a-b6b3-45c208f0058f@group-DED71AC26ED7-SegmentedRaftLogWorker: Starting segment from index:0
2022-07-12 20:43:42,586 [2de1e519-7420-449a-b6b3-45c208f0058f@group-DED71AC26ED7-SegmentedRaftLogWorker] INFO  segmented.SegmentedRaftLogWorker (SegmentedRaftLogWorker.java:execute(629)) - 2de1e519-7420-449a-b6b3-45c208f0058f@group-DED71AC26ED7-SegmentedRaftLogWorker: created new log segment /home/runner/work/ozone/ozone/hadoop-ozone/integration-test/target/test-dir/MiniOzoneClusterImpl-403db390-d601-42e9-9e55-5e4bd55e0b9b/datanode-0/data/ratis/a18e6ca7-dca5-436d-b636-ded71ac26ed7/current/log_inprogress_0
2022-07-12 20:43:42,599 [2de1e519-7420-449a-b6b3-45c208f0058f@group-DED71AC26ED7-LeaderElection5] INFO  server.RaftServer$Division (ServerState.java:setRaftConf(393)) - 2de1e519-7420-449a-b6b3-45c208f0058f@group-DED71AC26ED7: set configuration 0: [2de1e519-7420-449a-b6b3-45c208f0058f|rpc:10.1.0.33:43801|dataStream:|priority:1, 1c8026fd-317f-4e79-aa49-e69de355aaaa|rpc:10.1.0.33:38443|dataStream:|priority:0, 31889ab4-3e75-4a68-bf86-b260e37d0475|rpc:10.1.0.33:33947|dataStream:|priority:0], old=null
2022-07-12 20:43:42,616 [1c8026fd-317f-4e79-aa49-e69de355aaaa-server-thread1] INFO  ratis.XceiverServerRatis (XceiverServerRatis.java:handleLeaderChangedNotification(863)) - Leader change notification received for group: group-DED71AC26ED7 with new leaderId: 2de1e519-7420-449a-b6b3-45c208f0058f
2022-07-12 20:43:42,616 [1c8026fd-317f-4e79-aa49-e69de355aaaa-server-thread1] INFO  server.RaftServer$Division (ServerState.java:setLeader(287)) - 1c8026fd-317f-4e79-aa49-e69de355aaaa@group-DED71AC26ED7: change Leader from null to 2de1e519-7420-449a-b6b3-45c208f0058f at term 1 for appendEntries, leader elected after 5045ms
2022-07-12 20:43:42,619 [31889ab4-3e75-4a68-bf86-b260e37d0475-server-thread1] INFO  ratis.XceiverServerRatis (XceiverServerRatis.java:handleLeaderChangedNotification(863)) - Leader change notification received for group: group-DED71AC26ED7 with new leaderId: 2de1e519-7420-449a-b6b3-45c208f0058f
2022-07-12 20:43:42,619 [31889ab4-3e75-4a68-bf86-b260e37d0475-server-thread1] INFO  server.RaftServer$Division (ServerState.java:setLeader(287)) - 31889ab4-3e75-4a68-bf86-b260e37d0475@group-DED71AC26ED7: change Leader from null to 2de1e519-7420-449a-b6b3-45c208f0058f at term 1 for appendEntries, leader elected after 5022ms
2022-07-12 20:43:42,647 [31889ab4-3e75-4a68-bf86-b260e37d0475-server-thread2] INFO  server.RaftServer$Division (ServerState.java:setRaftConf(393)) - 31889ab4-3e75-4a68-bf86-b260e37d0475@group-DED71AC26ED7: set configuration 0: [2de1e519-7420-449a-b6b3-45c208f0058f|rpc:10.1.0.33:43801|dataStream:|priority:1, 1c8026fd-317f-4e79-aa49-e69de355aaaa|rpc:10.1.0.33:38443|dataStream:|priority:0, 31889ab4-3e75-4a68-bf86-b260e37d0475|rpc:10.1.0.33:33947|dataStream:|priority:0], old=null
2022-07-12 20:43:42,647 [1c8026fd-317f-4e79-aa49-e69de355aaaa-server-thread1] INFO  server.RaftServer$Division (ServerState.java:setRaftConf(393)) - 1c8026fd-317f-4e79-aa49-e69de355aaaa@group-DED71AC26ED7: set configuration 0: [2de1e519-7420-449a-b6b3-45c208f0058f|rpc:10.1.0.33:43801|dataStream:|priority:1, 1c8026fd-317f-4e79-aa49-e69de355aaaa|rpc:10.1.0.33:38443|dataStream:|priority:0, 31889ab4-3e75-4a68-bf86-b260e37d0475|rpc:10.1.0.33:33947|dataStream:|priority:0], old=null
2022-07-12 20:43:42,647 [1c8026fd-317f-4e79-aa49-e69de355aaaa-server-thread1] INFO  segmented.SegmentedRaftLogWorker (SegmentedRaftLogWorker.java:startLogSegment(425)) - 1c8026fd-317f-4e79-aa49-e69de355aaaa@group-DED71AC26ED7-SegmentedRaftLogWorker: Starting segment from index:0
2022-07-12 20:43:42,648 [31889ab4-3e75-4a68-bf86-b260e37d0475-server-thread2] INFO  segmented.SegmentedRaftLogWorker (SegmentedRaftLogWorker.java:startLogSegment(425)) - 31889ab4-3e75-4a68-bf86-b260e37d0475@group-DED71AC26ED7-SegmentedRaftLogWorker: Starting segment from index:0
2022-07-12 20:43:42,650 [31889ab4-3e75-4a68-bf86-b260e37d0475@group-DED71AC26ED7-SegmentedRaftLogWorker] INFO  segmented.SegmentedRaftLogWorker (SegmentedRaftLogWorker.java:execute(629)) - 31889ab4-3e75-4a68-bf86-b260e37d0475@group-DED71AC26ED7-SegmentedRaftLogWorker: created new log segment /home/runner/work/ozone/ozone/hadoop-ozone/integration-test/target/test-dir/MiniOzoneClusterImpl-403db390-d601-42e9-9e55-5e4bd55e0b9b/datanode-2/data/ratis/a18e6ca7-dca5-436d-b636-ded71ac26ed7/current/log_inprogress_0
2022-07-12 20:43:42,650 [1c8026fd-317f-4e79-aa49-e69de355aaaa@group-DED71AC26ED7-SegmentedRaftLogWorker] INFO  segmented.SegmentedRaftLogWorker (SegmentedRaftLogWorker.java:execute(629)) - 1c8026fd-317f-4e79-aa49-e69de355aaaa@group-DED71AC26ED7-SegmentedRaftLogWorker: created new log segment /home/runner/work/ozone/ozone/hadoop-ozone/integration-test/target/test-dir/MiniOzoneClusterImpl-403db390-d601-42e9-9e55-5e4bd55e0b9b/datanode-1/data/ratis/a18e6ca7-dca5-436d-b636-ded71ac26ed7/current/log_inprogress_0
2022-07-12 20:43:42,785 [31889ab4-3e75-4a68-bf86-b260e37d0475@group-C302F06907F1-FollowerState] INFO  impl.FollowerState (FollowerState.java:run(143)) - 31889ab4-3e75-4a68-bf86-b260e37d0475@group-C302F06907F1-FollowerState: change to CANDIDATE, lastRpcElapsedTime:5165898510ns, electionTimeout:5145ms
2022-07-12 20:43:42,785 [31889ab4-3e75-4a68-bf86-b260e37d0475@group-C302F06907F1-FollowerState] INFO  impl.RoleInfo (RoleInfo.java:shutdownFollowerState(110)) - 31889ab4-3e75-4a68-bf86-b260e37d0475: shutdown 31889ab4-3e75-4a68-bf86-b260e37d0475@group-C302F06907F1-FollowerState
2022-07-12 20:43:42,786 [31889ab4-3e75-4a68-bf86-b260e37d0475@group-C302F06907F1-FollowerState] INFO  server.RaftServer$Division (RaftServerImpl.java:setRole(299)) - 31889ab4-3e75-4a68-bf86-b260e37d0475@group-C302F06907F1: changes role from  FOLLOWER to CANDIDATE at term 0 for changeToCandidate
2022-07-12 20:43:42,786 [31889ab4-3e75-4a68-bf86-b260e37d0475@group-C302F06907F1-FollowerState] INFO  server.RaftServerConfigKeys (ConfUtils.java:logGet(46)) - raft.server.leaderelection.pre-vote = false (custom)
2022-07-12 20:43:42,786 [31889ab4-3e75-4a68-bf86-b260e37d0475@group-C302F06907F1-FollowerState] INFO  impl.RoleInfo (RoleInfo.java:updateAndGet(139)) - 31889ab4-3e75-4a68-bf86-b260e37d0475: start 31889ab4-3e75-4a68-bf86-b260e37d0475@group-C302F06907F1-LeaderElection6
2022-07-12 20:43:42,788 [31889ab4-3e75-4a68-bf86-b260e37d0475@group-C302F06907F1-LeaderElection6] INFO  impl.LeaderElection (LeaderElection.java:askForVotes(310)) - 31889ab4-3e75-4a68-bf86-b260e37d0475@group-C302F06907F1-LeaderElection6 ELECTION round 0: submit vote requests at term 1 for -1: [31889ab4-3e75-4a68-bf86-b260e37d0475|rpc:10.1.0.33:33947|priority:1], old=null
2022-07-12 20:43:42,788 [31889ab4-3e75-4a68-bf86-b260e37d0475@group-C302F06907F1-LeaderElection6] INFO  impl.LeaderElection (LeaderElection.java:askForVotes(312)) - 31889ab4-3e75-4a68-bf86-b260e37d0475@group-C302F06907F1-LeaderElection6 ELECTION round 0: result PASSED (term=1)
2022-07-12 20:43:42,789 [31889ab4-3e75-4a68-bf86-b260e37d0475@group-C302F06907F1-LeaderElection6] INFO  impl.RoleInfo (RoleInfo.java:shutdownLeaderElection(130)) - 31889ab4-3e75-4a68-bf86-b260e37d0475: shutdown 31889ab4-3e75-4a68-bf86-b260e37d0475@group-C302F06907F1-LeaderElection6
2022-07-12 20:43:42,789 [31889ab4-3e75-4a68-bf86-b260e37d0475@group-C302F06907F1-LeaderElection6] INFO  server.RaftServer$Division (RaftServerImpl.java:setRole(299)) - 31889ab4-3e75-4a68-bf86-b260e37d0475@group-C302F06907F1: changes role from CANDIDATE to LEADER at term 1 for changeToLeader
2022-07-12 20:43:42,789 [31889ab4-3e75-4a68-bf86-b260e37d0475@group-C302F06907F1-LeaderElection6] INFO  ratis.XceiverServerRatis (XceiverServerRatis.java:handleLeaderChangedNotification(863)) - Leader change notification received for group: group-C302F06907F1 with new leaderId: 31889ab4-3e75-4a68-bf86-b260e37d0475
2022-07-12 20:43:42,789 [31889ab4-3e75-4a68-bf86-b260e37d0475@group-C302F06907F1-LeaderElection6] INFO  server.RaftServer$Division (ServerState.java:setLeader(287)) - 31889ab4-3e75-4a68-bf86-b260e37d0475@group-C302F06907F1: change Leader from null to 31889ab4-3e75-4a68-bf86-b260e37d0475 at term 1 for becomeLeader, leader elected after 5238ms
2022-07-12 20:43:42,789 [31889ab4-3e75-4a68-bf86-b260e37d0475@group-C302F06907F1-LeaderElection6] INFO  server.RaftServerConfigKeys (ConfUtils.java:logGet(46)) - raft.server.staging.catchup.gap = 1000 (default)
2022-07-12 20:43:42,789 [31889ab4-3e75-4a68-bf86-b260e37d0475@group-C302F06907F1-LeaderElection6] INFO  server.RaftServerConfigKeys (ConfUtils.java:logGet(46)) - raft.server.write.element-limit = 1024 (custom)
2022-07-12 20:43:42,789 [31889ab4-3e75-4a68-bf86-b260e37d0475@group-C302F06907F1-LeaderElection6] INFO  server.RaftServerConfigKeys (ConfUtils.java:logGet(46)) - raft.server.write.byte-limit = 1024 M (=1073741824) (custom)
2022-07-12 20:43:42,790 [31889ab4-3e75-4a68-bf86-b260e37d0475@group-C302F06907F1-LeaderElection6] INFO  server.RaftServerConfigKeys (ConfUtils.java:logGet(46)) - raft.server.watch.timeout = 180s (custom)
2022-07-12 20:43:42,790 [31889ab4-3e75-4a68-bf86-b260e37d0475@group-C302F06907F1-LeaderElection6] INFO  server.RaftServerConfigKeys (ConfUtils.java:logGet(46)) - raft.server.watch.timeout.denomination = 1s (default)
2022-07-12 20:43:42,790 [31889ab4-3e75-4a68-bf86-b260e37d0475@group-C302F06907F1-LeaderElection6] INFO  server.RaftServerConfigKeys (ConfUtils.java:logGet(46)) - raft.server.watch.element-limit = 65536 (default)
2022-07-12 20:43:42,790 [31889ab4-3e75-4a68-bf86-b260e37d0475@group-C302F06907F1-LeaderElection6] INFO  server.RaftServerConfigKeys (ConfUtils.java:logGet(46)) - raft.server.write.element-limit = 1024 (custom)
2022-07-12 20:43:42,790 [31889ab4-3e75-4a68-bf86-b260e37d0475@group-C302F06907F1-LeaderElection6] INFO  server.RaftServerConfigKeys (ConfUtils.java:logGet(46)) - raft.server.write.follower.gap.ratio.max = -1.0 (default)
2022-07-12 20:43:42,790 [31889ab4-3e75-4a68-bf86-b260e37d0475@group-C302F06907F1-LeaderElection6] INFO  impl.RoleInfo (RoleInfo.java:updateAndGet(139)) - 31889ab4-3e75-4a68-bf86-b260e37d0475: start 31889ab4-3e75-4a68-bf86-b260e37d0475@group-C302F06907F1-LeaderStateImpl
2022-07-12 20:43:42,790 [31889ab4-3e75-4a68-bf86-b260e37d0475@group-C302F06907F1-LeaderElection6] INFO  segmented.SegmentedRaftLogWorker (SegmentedRaftLogWorker.java:startLogSegment(425)) - 31889ab4-3e75-4a68-bf86-b260e37d0475@group-C302F06907F1-SegmentedRaftLogWorker: Starting segment from index:0
2022-07-12 20:43:42,791 [31889ab4-3e75-4a68-bf86-b260e37d0475@group-C302F06907F1-SegmentedRaftLogWorker] INFO  segmented.SegmentedRaftLogWorker (SegmentedRaftLogWorker.java:execute(629)) - 31889ab4-3e75-4a68-bf86-b260e37d0475@group-C302F06907F1-SegmentedRaftLogWorker: created new log segment /home/runner/work/ozone/ozone/hadoop-ozone/integration-test/target/test-dir/MiniOzoneClusterImpl-403db390-d601-42e9-9e55-5e4bd55e0b9b/datanode-2/data/ratis/6e8cdc2b-2d18-4943-a00e-c302f06907f1/current/log_inprogress_0
2022-07-12 20:43:42,797 [31889ab4-3e75-4a68-bf86-b260e37d0475@group-C302F06907F1-LeaderElection6] INFO  server.RaftServer$Division (ServerState.java:setRaftConf(393)) - 31889ab4-3e75-4a68-bf86-b260e37d0475@group-C302F06907F1: set configuration 0: [31889ab4-3e75-4a68-bf86-b260e37d0475|rpc:10.1.0.33:33947|dataStream:|priority:1], old=null
2022-07-12 20:43:43,572 [Listener at 127.0.0.1/39255] INFO  ozone.MiniOzoneClusterImpl (MiniOzoneClusterImpl.java:lambda$waitForClusterToBeReady$0(223)) - Nodes are ready. Got 3 of 3 DN Heartbeats.
2022-07-12 20:43:43,572 [Listener at 127.0.0.1/39255] INFO  ozone.MiniOzoneClusterImpl (MiniOzoneClusterImpl.java:lambda$waitForClusterToBeReady$0(226)) - Cluster exits safe mode
2022-07-12 20:43:43,572 [Listener at 127.0.0.1/39255] INFO  ozone.MiniOzoneClusterImpl (MiniOzoneClusterImpl.java:lambda$waitForClusterToBeReady$0(228)) - SCM became leader
]]></system-out>
    <rerunFailure type="java.lang.AssertionError">
      <stackTrace><![CDATA[java.lang.AssertionError
	at org.junit.Assert.fail(Assert.java:87)
	at org.junit.Assert.assertTrue(Assert.java:42)
	at org.junit.Assert.assertTrue(Assert.java:53)
	at org.apache.hadoop.hdds.scm.TestRatisPipelineLeader.testLeaderIdAfterLeaderChange(TestRatisPipelineLeader.java:119)
	at sun.reflect.NativeMethodAccessorImpl.invoke0(Native Method)
	at sun.reflect.NativeMethodAccessorImpl.invoke(NativeMethodAccessorImpl.java:62)
	at sun.reflect.DelegatingMethodAccessorImpl.invoke(DelegatingMethodAccessorImpl.java:43)
	at java.lang.reflect.Method.invoke(Method.java:498)
	at org.junit.platform.commons.util.ReflectionUtils.invokeMethod(ReflectionUtils.java:725)
	at org.junit.jupiter.engine.execution.MethodInvocation.proceed(MethodInvocation.java:60)
	at org.junit.jupiter.engine.execution.InvocationInterceptorChain$ValidatingInvocation.proceed(InvocationInterceptorChain.java:131)
	at org.junit.jupiter.engine.extension.TimeoutInvocation.proceed(TimeoutInvocation.java:46)
	at org.junit.jupiter.engine.extension.TimeoutExtension.intercept(TimeoutExtension.java:149)
	at org.junit.jupiter.engine.extension.TimeoutExtension.interceptTestableMethod(TimeoutExtension.java:140)
	at org.junit.jupiter.engine.extension.TimeoutExtension.interceptTestMethod(TimeoutExtension.java:84)
	at org.junit.jupiter.engine.execution.ExecutableInvoker$ReflectiveInterceptorCall.lambda$ofVoidMethod$0(ExecutableInvoker.java:115)
	at org.junit.jupiter.engine.execution.ExecutableInvoker.lambda$invoke$0(ExecutableInvoker.java:105)
	at org.junit.jupiter.engine.execution.InvocationInterceptorChain$InterceptedInvocation.proceed(InvocationInterceptorChain.java:106)
	at org.junit.jupiter.engine.execution.InvocationInterceptorChain.proceed(InvocationInterceptorChain.java:64)
	at org.junit.jupiter.engine.execution.InvocationInterceptorChain.chainAndInvoke(InvocationInterceptorChain.java:45)
	at org.junit.jupiter.engine.execution.InvocationInterceptorChain.invoke(InvocationInterceptorChain.java:37)
	at org.junit.jupiter.engine.execution.ExecutableInvoker.invoke(ExecutableInvoker.java:104)
	at org.junit.jupiter.engine.execution.ExecutableInvoker.invoke(ExecutableInvoker.java:98)
	at org.junit.jupiter.engine.descriptor.TestMethodTestDescriptor.lambda$invokeTestMethod$7(TestMethodTestDescriptor.java:214)
	at org.junit.platform.engine.support.hierarchical.ThrowableCollector.execute(ThrowableCollector.java:73)
	at org.junit.jupiter.engine.descriptor.TestMethodTestDescriptor.invokeTestMethod(TestMethodTestDescriptor.java:210)
	at org.junit.jupiter.engine.descriptor.TestMethodTestDescriptor.execute(TestMethodTestDescriptor.java:135)
	at org.junit.jupiter.engine.descriptor.TestMethodTestDescriptor.execute(TestMethodTestDescriptor.java:66)
	at org.junit.platform.engine.support.hierarchical.NodeTestTask.lambda$executeRecursively$6(NodeTestTask.java:151)
	at org.junit.platform.engine.support.hierarchical.ThrowableCollector.execute(ThrowableCollector.java:73)
	at org.junit.platform.engine.support.hierarchical.NodeTestTask.lambda$executeRecursively$8(NodeTestTask.java:141)
	at org.junit.platform.engine.support.hierarchical.Node.around(Node.java:137)
	at org.junit.platform.engine.support.hierarchical.NodeTestTask.lambda$executeRecursively$9(NodeTestTask.java:139)
	at org.junit.platform.engine.support.hierarchical.ThrowableCollector.execute(ThrowableCollector.java:73)
	at org.junit.platform.engine.support.hierarchical.NodeTestTask.executeRecursively(NodeTestTask.java:138)
	at org.junit.platform.engine.support.hierarchical.NodeTestTask.execute(NodeTestTask.java:95)
	at java.util.ArrayList.forEach(ArrayList.java:1259)
	at org.junit.platform.engine.support.hierarchical.SameThreadHierarchicalTestExecutorService.invokeAll(SameThreadHierarchicalTestExecutorService.java:41)
	at org.junit.platform.engine.support.hierarchical.NodeTestTask.lambda$executeRecursively$6(NodeTestTask.java:155)
	at org.junit.platform.engine.support.hierarchical.ThrowableCollector.execute(ThrowableCollector.java:73)
	at org.junit.platform.engine.support.hierarchical.NodeTestTask.lambda$executeRecursively$8(NodeTestTask.java:141)
	at org.junit.platform.engine.support.hierarchical.Node.around(Node.java:137)
	at org.junit.platform.engine.support.hierarchical.NodeTestTask.lambda$executeRecursively$9(NodeTestTask.java:139)
	at org.junit.platform.engine.support.hierarchical.ThrowableCollector.execute(ThrowableCollector.java:73)
	at org.junit.platform.engine.support.hierarchical.NodeTestTask.executeRecursively(NodeTestTask.java:138)
	at org.junit.platform.engine.support.hierarchical.NodeTestTask.execute(NodeTestTask.java:95)
	at java.util.ArrayList.forEach(ArrayList.java:1259)
	at org.junit.platform.engine.support.hierarchical.SameThreadHierarchicalTestExecutorService.invokeAll(SameThreadHierarchicalTestExecutorService.java:41)
	at org.junit.platform.engine.support.hierarchical.NodeTestTask.lambda$executeRecursively$6(NodeTestTask.java:155)
	at org.junit.platform.engine.support.hierarchical.ThrowableCollector.execute(ThrowableCollector.java:73)
	at org.junit.platform.engine.support.hierarchical.NodeTestTask.lambda$executeRecursively$8(NodeTestTask.java:141)
	at org.junit.platform.engine.support.hierarchical.Node.around(Node.java:137)
	at org.junit.platform.engine.support.hierarchical.NodeTestTask.lambda$executeRecursively$9(NodeTestTask.java:139)
	at org.junit.platform.engine.support.hierarchical.ThrowableCollector.execute(ThrowableCollector.java:73)
	at org.junit.platform.engine.support.hierarchical.NodeTestTask.executeRecursively(NodeTestTask.java:138)
	at org.junit.platform.engine.support.hierarchical.NodeTestTask.execute(NodeTestTask.java:95)
	at org.junit.platform.engine.support.hierarchical.SameThreadHierarchicalTestExecutorService.submit(SameThreadHierarchicalTestExecutorService.java:35)
	at org.junit.platform.engine.support.hierarchical.HierarchicalTestExecutor.execute(HierarchicalTestExecutor.java:57)
	at org.junit.platform.engine.support.hierarchical.HierarchicalTestEngine.execute(HierarchicalTestEngine.java:54)
	at org.junit.platform.launcher.core.EngineExecutionOrchestrator.execute(EngineExecutionOrchestrator.java:107)
	at org.junit.platform.launcher.core.EngineExecutionOrchestrator.execute(EngineExecutionOrchestrator.java:88)
	at org.junit.platform.launcher.core.EngineExecutionOrchestrator.lambda$execute$0(EngineExecutionOrchestrator.java:54)
	at org.junit.platform.launcher.core.EngineExecutionOrchestrator.withInterceptedStreams(EngineExecutionOrchestrator.java:67)
	at org.junit.platform.launcher.core.EngineExecutionOrchestrator.execute(EngineExecutionOrchestrator.java:52)
	at org.junit.platform.launcher.core.DefaultLauncher.execute(DefaultLauncher.java:114)
	at org.junit.platform.launcher.core.DefaultLauncher.execute(DefaultLauncher.java:86)
	at org.junit.platform.launcher.core.DefaultLauncherSession$DelegatingLauncher.execute(DefaultLauncherSession.java:86)
	at org.junit.platform.launcher.core.SessionPerRequestLauncher.execute(SessionPerRequestLauncher.java:53)
	at org.apache.maven.surefire.junitplatform.JUnitPlatformProvider.invokeAllTests(JUnitPlatformProvider.java:165)
	at org.apache.maven.surefire.junitplatform.JUnitPlatformProvider.invoke(JUnitPlatformProvider.java:124)
	at org.apache.maven.surefire.booter.ForkedBooter.runSuitesInProcess(ForkedBooter.java:428)
	at org.apache.maven.surefire.booter.ForkedBooter.execute(ForkedBooter.java:162)
	at org.apache.maven.surefire.booter.ForkedBooter.run(ForkedBooter.java:562)
	at org.apache.maven.surefire.booter.ForkedBooter.main(ForkedBooter.java:548)
]]></stackTrace>
      <system-out><![CDATA[2022-07-12 20:44:04,308 [Listener at 127.0.0.1/39255] WARN  server.ServerUtils (ServerUtils.java:getScmDbDir(148)) - ozone.scm.db.dirs is not configured. We recommend adding this setting. Falling back to ozone.metadata.dirs instead.
2022-07-12 20:44:04,331 [Listener at 127.0.0.1/39255] WARN  server.ServerUtils (ServerUtils.java:getScmDbDir(148)) - ozone.scm.db.dirs is not configured. We recommend adding this setting. Falling back to ozone.metadata.dirs instead.
2022-07-12 20:44:04,331 [Listener at 127.0.0.1/39255] INFO  ha.SCMHANodeDetails (SCMHANodeDetails.java:loadSCMHAConfig(209)) - ServiceID for StorageContainerManager is null
2022-07-12 20:44:04,331 [Listener at 127.0.0.1/39255] INFO  ha.SCMHANodeDetails (SCMHANodeDetails.java:loadSCMHAConfig(214)) - ozone.scm.default.service.id is not defined, falling back to ozone.scm.service.ids to find serviceID for StorageContainerManager if it is HA enabled cluster
2022-07-12 20:44:04,332 [Listener at 127.0.0.1/39255] WARN  utils.HAUtils (HAUtils.java:getMetaDir(342)) - ozone.scm.db.dirs is not configured. We recommend adding this setting. Falling back to ozone.metadata.dirs instead.
2022-07-12 20:44:04,333 [Listener at 127.0.0.1/39255] WARN  db.DBStoreBuilder (DBStoreBuilder.java:applyDBDefinition(145)) - ozone.scm.db.dirs is not configured. We recommend adding this setting. Falling back to ozone.metadata.dirs instead.
2022-07-12 20:44:04,521 [Listener at 127.0.0.1/39255] INFO  net.NodeSchemaLoader (NodeSchemaLoader.java:loadSchemaFromFile(129)) - Loading schema from [jar:file:/home/runner/.m2/repository/org/apache/ozone/hdds-common/1.3.0-SNAPSHOT/hdds-common-1.3.0-SNAPSHOT.jar!/network-topology-default.xml]
2022-07-12 20:44:04,522 [Listener at 127.0.0.1/39255] INFO  net.NodeSchemaLoader (NodeSchemaLoader.java:loadSchema(176)) - Loading network topology layer schema file
2022-07-12 20:44:04,535 [Listener at 127.0.0.1/39255] INFO  upgrade.AbstractLayoutVersionManager (AbstractLayoutVersionManager.java:init(82)) - Initializing Layout version manager with metadata layout = DATANODE_SCHEMA_V3 (version = 4), software layout = DATANODE_SCHEMA_V3 (version = 4)
2022-07-12 20:44:04,610 [Listener at 127.0.0.1/39255] INFO  reflections.Reflections (Reflections.java:scan(232)) - Reflections took 74 ms to scan 7 urls, producing 132 keys and 317 values 
2022-07-12 20:44:04,614 [Listener at 127.0.0.1/39255] INFO  ha.SequenceIdGenerator (SequenceIdGenerator.java:upgradeToSequenceId(349)) - upgrade localId to 109611004723200000
2022-07-12 20:44:04,614 [Listener at 127.0.0.1/39255] INFO  ha.SequenceIdGenerator (SequenceIdGenerator.java:upgradeToSequenceId(359)) - upgrade delTxnId to 0
2022-07-12 20:44:04,614 [Listener at 127.0.0.1/39255] INFO  ha.SequenceIdGenerator (SequenceIdGenerator.java:upgradeToSequenceId(376)) - upgrade containerId to 0
2022-07-12 20:44:04,614 [Listener at 127.0.0.1/39255] INFO  ha.SequenceIdGenerator (SequenceIdGenerator.java:<init>(220)) - Init the HA SequenceIdGenerator.
2022-07-12 20:44:04,615 [Listener at 127.0.0.1/39255] WARN  server.ServerUtils (ServerUtils.java:sanitizeUserArgs(73)) - ozone.scm.stale.node.interval value = 300000 is larger than max = 100000 based on the key value of ozone.scm.heartbeat.thread.interval, reset to the max value 100000.
2022-07-12 20:44:04,615 [Listener at 127.0.0.1/39255] WARN  server.ServerUtils (ServerUtils.java:sanitizeUserArgs(73)) - ozone.scm.stale.node.interval value = 300000 is larger than max = 100000 based on the key value of ozone.scm.heartbeat.thread.interval, reset to the max value 100000.
2022-07-12 20:44:04,615 [Listener at 127.0.0.1/39255] INFO  node.SCMNodeManager (SCMNodeManager.java:<init>(149)) - Entering startup safe mode.
2022-07-12 20:44:04,616 [Listener at 127.0.0.1/39255] INFO  algorithms.ContainerPlacementPolicyFactory (ContainerPlacementPolicyFactory.java:getPolicyInternal(86)) - Create container placement policy of type org.apache.hadoop.hdds.scm.container.placement.algorithms.SCMContainerPlacementRandom
2022-07-12 20:44:04,616 [Listener at 127.0.0.1/39255] INFO  pipeline.PipelineStateManagerImpl (PipelineStateManagerImpl.java:initialize(78)) - No pipeline exists in current db
2022-07-12 20:44:04,616 [Listener at 127.0.0.1/39255] INFO  algorithms.LeaderChoosePolicyFactory (LeaderChoosePolicyFactory.java:getPolicy(57)) - Create leader choose policy of type org.apache.hadoop.hdds.scm.pipeline.leader.choose.algorithms.MinLeaderCountChoosePolicy
2022-07-12 20:44:04,616 [Listener at 127.0.0.1/39255] INFO  algorithms.ContainerPlacementPolicyFactory (ContainerPlacementPolicyFactory.java:getPolicyInternal(86)) - Create container placement policy of type org.apache.hadoop.hdds.scm.container.placement.algorithms.SCMContainerPlacementRackScatter
2022-07-12 20:44:04,617 [Listener at 127.0.0.1/39255] INFO  pipeline.BackgroundPipelineCreator (BackgroundPipelineCreator.java:start(127)) - Starting RatisPipelineUtilsThread.
2022-07-12 20:44:04,617 [Listener at 127.0.0.1/39255] INFO  BackgroundPipelineScrubber (BackgroundSCMService.java:start(68)) - Starting BackgroundPipelineScrubber Service.
2022-07-12 20:44:04,617 [Listener at 127.0.0.1/39255] INFO  ha.SCMServiceManager (SCMServiceManager.java:register(42)) - Registering service BackgroundPipelineCreator.
2022-07-12 20:44:04,618 [Listener at 127.0.0.1/39255] INFO  ha.SCMServiceManager (SCMServiceManager.java:register(42)) - Registering service BackgroundPipelineScrubber.
2022-07-12 20:44:04,618 [Listener at 127.0.0.1/39255] INFO  ExpiredContainerReplicaOpScrubber (BackgroundSCMService.java:start(68)) - Starting ExpiredContainerReplicaOpScrubber Service.
2022-07-12 20:44:04,618 [Listener at 127.0.0.1/39255] INFO  ha.SCMServiceManager (SCMServiceManager.java:register(42)) - Registering service ExpiredContainerReplicaOpScrubber.
2022-07-12 20:44:04,620 [Listener at 127.0.0.1/39255] INFO  algorithms.PipelineChoosePolicyFactory (PipelineChoosePolicyFactory.java:createPipelineChoosePolicyFromClass(73)) - Create pipeline choose policy of type org.apache.hadoop.hdds.scm.pipeline.choose.algorithms.RandomPipelineChoosePolicy
2022-07-12 20:44:04,620 [Listener at 127.0.0.1/39255] INFO  ha.SCMServiceManager (SCMServiceManager.java:register(42)) - Registering service SCMBlockDeletingService.
2022-07-12 20:44:04,620 [Listener at 127.0.0.1/39255] INFO  replication.ReplicationManager (ReplicationManager.java:start(186)) - Starting Replication Monitor Thread.
2022-07-12 20:44:04,627 [Listener at 127.0.0.1/39255] INFO  ha.SCMServiceManager (SCMServiceManager.java:register(42)) - Registering service ReplicationManager.
2022-07-12 20:44:04,627 [Listener at 127.0.0.1/39255] INFO  safemode.ContainerSafeModeRule (ContainerSafeModeRule.java:<init>(89)) - containers with one replica threshold count 0
2022-07-12 20:44:04,627 [Listener at 127.0.0.1/39255] INFO  safemode.HealthyPipelineSafeModeRule (HealthyPipelineSafeModeRule.java:initializeRule(156)) - Total pipeline count is 0, healthy pipeline threshold count is 1
2022-07-12 20:44:04,628 [Listener at 127.0.0.1/39255] INFO  safemode.OneReplicaPipelineSafeModeRule (OneReplicaPipelineSafeModeRule.java:initializeRule(180)) - Total pipeline count is 0, pipeline's with at least one datanode reported threshold count is 0
2022-07-12 20:44:04,631 [ReplicationMonitor] INFO  replication.ReplicationManager (ReplicationManager.java:processAll(235)) - Replication Manager is not ready to run until 3000ms after safemode exit
2022-07-12 20:44:04,631 [Listener at 127.0.0.1/39255] INFO  ipc.CallQueueManager (CallQueueManager.java:<init>(90)) - Using callQueue: class java.util.concurrent.LinkedBlockingQueue, queueCapacity: 2000, scheduler: class org.apache.hadoop.ipc.DefaultRpcScheduler, ipcBackoff: false.
2022-07-12 20:44:04,643 [Socket Reader #1 for port 0] INFO  ipc.Server (Server.java:run(1265)) - Starting Socket Reader #1 for port 0
2022-07-12 20:44:04,643 [Listener at 0.0.0.0/45529] INFO  ipc.CallQueueManager (CallQueueManager.java:<init>(90)) - Using callQueue: class java.util.concurrent.LinkedBlockingQueue, queueCapacity: 2000, scheduler: class org.apache.hadoop.ipc.DefaultRpcScheduler, ipcBackoff: false.
2022-07-12 20:44:04,644 [Socket Reader #1 for port 0] INFO  ipc.Server (Server.java:run(1265)) - Starting Socket Reader #1 for port 0
2022-07-12 20:44:04,644 [Listener at 0.0.0.0/44291] INFO  ipc.CallQueueManager (CallQueueManager.java:<init>(90)) - Using callQueue: class java.util.concurrent.LinkedBlockingQueue, queueCapacity: 2000, scheduler: class org.apache.hadoop.ipc.DefaultRpcScheduler, ipcBackoff: false.
2022-07-12 20:44:04,651 [Socket Reader #1 for port 0] INFO  ipc.Server (Server.java:run(1265)) - Starting Socket Reader #1 for port 0
2022-07-12 20:44:04,693 [Listener at 0.0.0.0/33931] INFO  ha.SCMServiceManager (SCMServiceManager.java:register(42)) - Registering service ContainerBalancer.
2022-07-12 20:44:04,694 [Listener at 0.0.0.0/33931] INFO  server.StorageContainerManager (StorageContainerManager.java:<init>(401)) - 
Container Balancer status:
Key                            Value
Running                        false
Container Balancer Configuration values:
Key                                                Value
Threshold                                          10
Max Datanodes to Involve per Iteration(percent)    20
Max Size to Move per Iteration                     500GB
Max Size Entering Target per Iteration             26GB
Max Size Leaving Source per Iteration              26GB

2022-07-12 20:44:04,694 [Listener at 0.0.0.0/33931] WARN  events.EventQueue (EventQueue.java:fireEvent(216)) - No event handler registered for event TypedEvent{payloadType=SafeModeStatus, name='Safe mode status'}
2022-07-12 20:44:04,694 [Listener at 0.0.0.0/33931] INFO  ha.SCMContext (SCMContext.java:updateSafeModeStatus(228)) - Update SafeModeStatus from SafeModeStatus{safeModeStatus=true, preCheckPassed=false} to SafeModeStatus{safeModeStatus=true, preCheckPassed=false}.
2022-07-12 20:44:04,694 [Listener at 0.0.0.0/33931] INFO  server.StorageContainerManager (StorageContainerManager.java:start(1422)) - StorageContainerLocationProtocol RPC server is listening at /0.0.0.0:33931
2022-07-12 20:44:04,697 [Listener at 0.0.0.0/33931] WARN  impl.MetricsConfig (MetricsConfig.java:loadFirst(136)) - Cannot locate configuration: tried hadoop-metrics2-storagecontainermanager.properties,hadoop-metrics2.properties
2022-07-12 20:44:04,703 [Listener at 0.0.0.0/33931] INFO  impl.MetricsSystemImpl (MetricsSystemImpl.java:startTimer(378)) - Scheduled Metric snapshot period at 10 second(s).
2022-07-12 20:44:04,703 [Listener at 0.0.0.0/33931] INFO  impl.MetricsSystemImpl (MetricsSystemImpl.java:start(191)) - StorageContainerManager metrics system started
2022-07-12 20:44:04,722 [Listener at 0.0.0.0/33931] INFO  impl.MetricsSinkAdapter (MetricsSinkAdapter.java:start(204)) - Sink prometheus started
2022-07-12 20:44:04,731 [Listener at 0.0.0.0/33931] INFO  impl.MetricsSystemImpl (MetricsSystemImpl.java:registerSink(305)) - Registered sink prometheus
2022-07-12 20:44:04,763 [Listener at 0.0.0.0/33931] INFO  server.SCMClientProtocolServer (SCMClientProtocolServer.java:start(170)) - RPC server for Client  is listening at /0.0.0.0:33931
2022-07-12 20:44:04,766 [IPC Server Responder] INFO  ipc.Server (Server.java:run(1507)) - IPC Server Responder: starting
2022-07-12 20:44:04,771 [IPC Server listener on 0] INFO  ipc.Server (Server.java:run(1344)) - IPC Server listener on 0: starting
2022-07-12 20:44:04,773 [Listener at 0.0.0.0/33931] INFO  server.StorageContainerManager (StorageContainerManager.java:start(1437)) - ScmBlockLocationProtocol RPC server is listening at /0.0.0.0:44291
2022-07-12 20:44:04,776 [Listener at 0.0.0.0/33931] INFO  server.SCMBlockProtocolServer (SCMBlockProtocolServer.java:start(152)) - RPC server for Block Protocol is listening at /0.0.0.0:44291
2022-07-12 20:44:04,777 [IPC Server Responder] INFO  ipc.Server (Server.java:run(1507)) - IPC Server Responder: starting
2022-07-12 20:44:04,777 [IPC Server listener on 0] INFO  ipc.Server (Server.java:run(1344)) - IPC Server listener on 0: starting
2022-07-12 20:44:04,780 [Listener at 0.0.0.0/33931] INFO  server.SCMDatanodeProtocolServer (SCMDatanodeProtocolServer.java:start(186)) - ScmDatanodeProtocol RPC server for DataNodes is listening at /0.0.0.0:45529
2022-07-12 20:44:04,780 [IPC Server Responder] INFO  ipc.Server (Server.java:run(1507)) - IPC Server Responder: starting
2022-07-12 20:44:04,780 [IPC Server listener on 0] INFO  ipc.Server (Server.java:run(1344)) - IPC Server listener on 0: starting
2022-07-12 20:44:04,795 [org.apache.hadoop.util.JvmPauseMonitor$Monitor@6434c4c9] INFO  util.JvmPauseMonitor (JvmPauseMonitor.java:run(188)) - Starting JVM pause monitor
2022-07-12 20:44:04,795 [Listener at 0.0.0.0/33931] INFO  http.BaseHttpServer (BaseHttpServer.java:newHttpServer2BuilderForOzone(209)) - Starting Web-server for scm at: http://0.0.0.0:0
2022-07-12 20:44:04,795 [Listener at 0.0.0.0/33931] INFO  http.BaseHttpServer (BaseHttpServer.java:<init>(107)) - Hadoop Security Enabled: false Ozone Security Enabled: false Ozone HTTP Security Enabled: false 
2022-07-12 20:44:04,796 [Listener at 0.0.0.0/33931] INFO  server.AuthenticationFilter (AuthenticationFilter.java:constructSecretProvider(240)) - Unable to initialize FileSignerSecretProvider, falling back to use random secrets.
2022-07-12 20:44:04,798 [Listener at 0.0.0.0/33931] WARN  http.HttpRequestLog (HttpRequestLog.java:getRequestLog(103)) - Jetty request log can only be enabled using Log4j
2022-07-12 20:44:04,799 [Listener at 0.0.0.0/33931] INFO  http.HttpServer2 (HttpServer2.java:addGlobalFilter(1029)) - Added global filter 'safety' (class=org.apache.hadoop.hdds.server.http.HttpServer2$QuotingInputFilter)
2022-07-12 20:44:04,800 [Listener at 0.0.0.0/33931] INFO  http.HttpServer2 (HttpServer2.java:addFilter(1005)) - Added filter static_user_filter (class=org.apache.hadoop.http.lib.StaticUserWebFilter$StaticUserFilter) to context scm
2022-07-12 20:44:04,800 [Listener at 0.0.0.0/33931] INFO  http.HttpServer2 (HttpServer2.java:addFilter(1013)) - Added filter static_user_filter (class=org.apache.hadoop.http.lib.StaticUserWebFilter$StaticUserFilter) to context logs
2022-07-12 20:44:04,800 [Listener at 0.0.0.0/33931] INFO  http.HttpServer2 (HttpServer2.java:addFilter(1013)) - Added filter static_user_filter (class=org.apache.hadoop.http.lib.StaticUserWebFilter$StaticUserFilter) to context static
2022-07-12 20:44:04,801 [Listener at 0.0.0.0/33931] INFO  http.HttpServer2 (HttpServer2.java:bindListener(1248)) - Jetty bound to port 45073
2022-07-12 20:44:04,801 [Listener at 0.0.0.0/33931] INFO  server.Server (Server.java:doStart(375)) - jetty-9.4.43.v20210629; built: 2021-06-30T11:07:22.254Z; git: 526006ecfa3af7f1a27ef3a288e2bef7ea9dd7e8; jvm 1.8.0_332-b09
2022-07-12 20:44:04,828 [Listener at 0.0.0.0/33931] INFO  server.session (DefaultSessionIdManager.java:doStart(334)) - DefaultSessionIdManager workerName=node0
2022-07-12 20:44:04,828 [Listener at 0.0.0.0/33931] INFO  server.session (DefaultSessionIdManager.java:doStart(339)) - No SessionScavenger set, using defaults
2022-07-12 20:44:04,829 [Listener at 0.0.0.0/33931] INFO  server.session (HouseKeeper.java:startScavenging(132)) - node0 Scavenging every 660000ms
2022-07-12 20:44:04,829 [Listener at 0.0.0.0/33931] INFO  handler.ContextHandler (ContextHandler.java:doStart(915)) - Started o.e.j.s.ServletContextHandler@d72316a{logs,/logs,file:///home/runner/work/ozone/ozone/hadoop-ozone/integration-test/target/log,AVAILABLE}
2022-07-12 20:44:04,830 [Listener at 0.0.0.0/33931] INFO  handler.ContextHandler (ContextHandler.java:doStart(915)) - Started o.e.j.s.ServletContextHandler@1208fe55{static,/static,file:///home/runner/work/ozone/ozone/hadoop-ozone/integration-test/target/test-classes/webapps/static,AVAILABLE}
2022-07-12 20:44:04,833 [Listener at 0.0.0.0/33931] INFO  handler.ContextHandler (ContextHandler.java:doStart(915)) - Started o.e.j.w.WebAppContext@496361cd{scm,/,file:///home/runner/work/ozone/ozone/hadoop-ozone/integration-test/target/test-classes/webapps/scm/,AVAILABLE}{file:/home/runner/work/ozone/ozone/hadoop-ozone/integration-test/target/test-classes/webapps/scm}
2022-07-12 20:44:04,843 [Listener at 0.0.0.0/33931] INFO  server.AbstractConnector (AbstractConnector.java:doStart(331)) - Started ServerConnector@2b97a1fb{HTTP/1.1, (http/1.1)}{0.0.0.0:45073}
2022-07-12 20:44:04,843 [Listener at 0.0.0.0/33931] INFO  server.Server (Server.java:doStart(415)) - Started @43217ms
2022-07-12 20:44:04,843 [Listener at 0.0.0.0/33931] WARN  impl.MetricsSystemImpl (MetricsSystemImpl.java:register(279)) - Sink prometheus already exists!
2022-07-12 20:44:04,844 [Listener at 0.0.0.0/33931] INFO  http.BaseHttpServer (BaseHttpServer.java:updateConnectorAddress(329)) - HTTP server of scm listening at http://0.0.0.0:45073
2022-07-12 20:44:04,844 [Listener at 0.0.0.0/33931] WARN  server.ServerUtils (ServerUtils.java:getDBPath(225)) - ozone.om.db.dirs is not configured. We recommend adding this setting. Falling back to ozone.metadata.dirs instead.
2022-07-12 20:44:04,850 [Listener at 0.0.0.0/33931] INFO  ha.OMHANodeDetails (OMHANodeDetails.java:loadOMHAConfig(115)) - ozone.om.internal.service.id is not defined, falling back to ozone.om.service.ids to find serviceID for OzoneManager if it is HA enabled cluster
2022-07-12 20:44:04,850 [Listener at 0.0.0.0/33931] INFO  ha.OMHANodeDetails (OMHANodeDetails.java:loadOMHAConfig(226)) - Configuration does not have ozone.om.address set. Falling back to the default OM address /127.0.0.1:0
2022-07-12 20:44:04,851 [Listener at 0.0.0.0/33931] INFO  ha.OMHANodeDetails (OMHANodeDetails.java:getOMNodeDetailsForNonHA(254)) - OM Service ID is not set. Setting it to the default ID: omServiceIdDefault
2022-07-12 20:44:04,851 [Listener at 0.0.0.0/33931] INFO  ha.OMHANodeDetails (OMHANodeDetails.java:getOMNodeDetailsForNonHA(261)) - OM Node ID is not set. Setting it to the default ID: om1
2022-07-12 20:44:04,851 [Listener at 0.0.0.0/33931] WARN  server.ServerUtils (ServerUtils.java:getDBPath(225)) - ozone.om.db.dirs is not configured. We recommend adding this setting. Falling back to ozone.metadata.dirs instead.
2022-07-12 20:44:04,851 [Listener at 0.0.0.0/33931] INFO  upgrade.AbstractLayoutVersionManager (AbstractLayoutVersionManager.java:init(82)) - Initializing Layout version manager with metadata layout = MULTITENANCY_SCHEMA (version = 3), software layout = MULTITENANCY_SCHEMA (version = 3)
2022-07-12 20:44:04,991 [Listener at 0.0.0.0/33931] INFO  reflections.Reflections (Reflections.java:scan(232)) - Reflections took 138 ms to scan 2 urls, producing 153 keys and 430 values [using 2 cores]
2022-07-12 20:44:04,991 [Listener at 0.0.0.0/33931] INFO  upgrade.OMLayoutVersionManager (OMLayoutVersionManager.java:lambda$0(115)) - Skipping Upgrade Action MockOmUpgradeAction since it has been finalized.
2022-07-12 20:44:04,991 [Listener at 0.0.0.0/33931] WARN  server.ServerUtils (ServerUtils.java:getDBPath(225)) - ozone.om.db.dirs is not configured. We recommend adding this setting. Falling back to ozone.metadata.dirs instead.
2022-07-12 20:44:04,992 [Listener at 0.0.0.0/33931] INFO  proxy.SCMBlockLocationFailoverProxyProvider (SCMBlockLocationFailoverProxyProvider.java:<init>(114)) - Created block location fail-over proxy with 1 nodes: [nodeId=scmNodeId,nodeAddress=/0.0.0.0:44291]
2022-07-12 20:44:04,993 [Listener at 0.0.0.0/33931] INFO  proxy.SCMBlockLocationFailoverProxyProvider (SCMBlockLocationFailoverProxyProvider.java:<init>(114)) - Created block location fail-over proxy with 1 nodes: [nodeId=scmNodeId,nodeAddress=/0.0.0.0:44291]
2022-07-12 20:44:05,024 [Listener at 0.0.0.0/33931] WARN  server.ServerUtils (ServerUtils.java:getDBPath(225)) - ozone.om.db.dirs is not configured. We recommend adding this setting. Falling back to ozone.metadata.dirs instead.
2022-07-12 20:44:05,024 [Listener at 0.0.0.0/33931] INFO  codec.OmKeyInfoCodec (OmKeyInfoCodec.java:<init>(49)) - OmKeyInfoCodec ignorePipeline = true
2022-07-12 20:44:05,025 [Listener at 0.0.0.0/33931] INFO  codec.RepeatedOmKeyInfoCodec (RepeatedOmKeyInfoCodec.java:<init>(41)) - RepeatedOmKeyInfoCodec ignorePipeline = true
2022-07-12 20:44:05,296 [Listener at 0.0.0.0/33931] INFO  om.OzoneManager (OzoneManager.java:instantiateServices(692)) - S3 Multi-Tenancy is disabled
2022-07-12 20:44:05,300 [Listener at 0.0.0.0/33931] INFO  om.OzoneManager (OzoneManager.java:addS3GVolumeToDB(4259)) - Created Volume s3v With Owner runner required for S3Gateway operations.
2022-07-12 20:44:05,300 [Listener at 0.0.0.0/33931] WARN  server.ServerUtils (ServerUtils.java:getDefaultRatisDirectory(237)) - Storage directory for Ratis is not configured. It is a good idea to map this to an SSD disk. Falling back to ozone.metadata.dirs
2022-07-12 20:44:05,300 [Listener at 0.0.0.0/33931] WARN  utils.OzoneManagerRatisUtils (OzoneManagerRatisUtils.java:getOMRatisSnapshotDirectory(431)) - ozone.om.ratis.snapshot.dir is not configured. Falling back to ozone.metadata.dirs config
2022-07-12 20:44:05,301 [Listener at 0.0.0.0/33931] WARN  server.ServerUtils (ServerUtils.java:getDefaultRatisDirectory(237)) - Storage directory for Ratis is not configured. It is a good idea to map this to an SSD disk. Falling back to ozone.metadata.dirs
2022-07-12 20:44:05,302 [Listener at 0.0.0.0/33931] INFO  ratis.OzoneManagerRatisServer (OzoneManagerRatisServer.java:<init>(159)) - Instantiating OM Ratis server with groupID: omServiceIdDefault and peers: localhost:9872
2022-07-12 20:44:05,302 [Listener at 0.0.0.0/33931] INFO  ratis.OzoneManagerStateMachine (OzoneManagerStateMachine.java:loadSnapshotInfoFromDB(632)) - LastAppliedIndex is set from TransactionInfo from OM DB as (t:0, i:~)
2022-07-12 20:44:05,312 [Listener at 0.0.0.0/33931] INFO  server.RaftServer (ConfUtils.java:logGet(46)) - raft.rpc.type = GRPC (default)
2022-07-12 20:44:05,312 [Listener at 0.0.0.0/33931] INFO  grpc.GrpcFactory (GrpcFactory.java:checkPooledByteBufAllocatorUseCacheForAllThreads(48)) - PERFORMANCE WARNING: useCacheForAllThreads is true that may cause Netty to create a lot garbage objects and, as a result, trigger GC.
	It is recommended to disable useCacheForAllThreads by setting -Dorg.apache.ratis.thirdparty.io.netty.allocator.useCacheForAllThreads=false in command line.
2022-07-12 20:44:05,312 [Listener at 0.0.0.0/33931] INFO  grpc.GrpcConfigKeys (ConfUtils.java:logGet(46)) - raft.grpc.admin.port = -1 (default)
2022-07-12 20:44:05,313 [Listener at 0.0.0.0/33931] INFO  grpc.GrpcConfigKeys (ConfUtils.java:logGet(46)) - raft.grpc.server.port = 9872 (custom)
2022-07-12 20:44:05,313 [Listener at 0.0.0.0/33931] INFO  grpc.GrpcConfigKeys (ConfUtils.java:logGet(46)) - raft.grpc.client.port = -1 (default)
2022-07-12 20:44:05,313 [Listener at 0.0.0.0/33931] INFO  grpc.GrpcConfigKeys (ConfUtils.java:logGet(46)) - raft.grpc.server.port = 9872 (custom)
2022-07-12 20:44:05,313 [Listener at 0.0.0.0/33931] INFO  grpc.GrpcConfigKeys (ConfUtils.java:logGet(46)) - raft.grpc.server.port = 9872 (custom)
2022-07-12 20:44:05,313 [Listener at 0.0.0.0/33931] INFO  server.GrpcService (ConfUtils.java:logGet(46)) - raft.grpc.message.size.max = 33554432 (custom)
2022-07-12 20:44:05,313 [Listener at 0.0.0.0/33931] INFO  server.RaftServerConfigKeys (ConfUtils.java:logGet(46)) - raft.server.log.appender.buffer.byte-limit = 33554432 (custom)
2022-07-12 20:44:05,324 [Listener at 0.0.0.0/33931] INFO  server.GrpcService (ConfUtils.java:logGet(46)) - raft.grpc.flow.control.window = 1MB (=1048576) (default)
2022-07-12 20:44:05,324 [Listener at 0.0.0.0/33931] INFO  server.RaftServerConfigKeys (ConfUtils.java:logGet(46)) - raft.server.rpc.request.timeout = 3000ms (default)
2022-07-12 20:44:05,324 [Listener at 0.0.0.0/33931] INFO  grpc.GrpcConfigKeys (ConfUtils.java:logGet(46)) - raft.grpc.server.async.request.thread.pool.cached = true (default)
2022-07-12 20:44:05,324 [Listener at 0.0.0.0/33931] INFO  grpc.GrpcConfigKeys (ConfUtils.java:logGet(46)) - raft.grpc.server.async.request.thread.pool.size = 32 (default)
2022-07-12 20:44:05,326 [Listener at 0.0.0.0/33931] INFO  impl.DataStreamServerImpl (ConfUtils.java:logGet(46)) - raft.datastream.type = DISABLED (default)
2022-07-12 20:44:05,326 [Listener at 0.0.0.0/33931] INFO  server.RaftServerConfigKeys (ConfUtils.java:logGet(46)) - raft.server.threadpool.proxy.cached = true (default)
2022-07-12 20:44:05,326 [Listener at 0.0.0.0/33931] INFO  server.RaftServerConfigKeys (ConfUtils.java:logGet(46)) - raft.server.threadpool.proxy.size = 0 (default)
2022-07-12 20:44:05,326 [Listener at 0.0.0.0/33931] INFO  server.RaftServerConfigKeys (ConfUtils.java:logGet(46)) - raft.server.rpc.slowness.timeout = 120s (custom)
2022-07-12 20:44:05,326 [Listener at 0.0.0.0/33931] INFO  server.RaftServerConfigKeys (ConfUtils.java:logGet(46)) - raft.server.leaderelection.leader.step-down.wait-time = 10s (default)
2022-07-12 20:44:05,327 [Listener at 0.0.0.0/33931] INFO  server.RaftServerConfigKeys (ConfUtils.java:logGet(46)) - raft.server.storage.dir = [/home/runner/work/ozone/ozone/hadoop-ozone/integration-test/target/test-dir/MiniOzoneClusterImpl-3695f4f1-b95b-4fb5-aefd-831056816bde/ozone-meta/ratis] (custom)
2022-07-12 20:44:05,347 [Listener at 0.0.0.0/33931] INFO  server.RaftServer (RaftServerProxy.java:addNew(96)) - om1: addNew group-C5BA1605619E:[om1|rpc:localhost:9872|priority:0] returns group-C5BA1605619E:java.util.concurrent.CompletableFuture@15aae3b6[Not completed]
2022-07-12 20:44:05,347 [Listener at 0.0.0.0/33931] INFO  om.OzoneManager (OzoneManager.java:initializeRatisServer(1961)) - OzoneManager Ratis server initialized at port 9872
2022-07-12 20:44:05,348 [Listener at 0.0.0.0/33931] INFO  om.OzoneManager (OzoneManager.java:getRpcServer(1081)) - Creating RPC Server
2022-07-12 20:44:05,351 [pool-203-thread-1] INFO  server.RaftServer$Division (RaftServerImpl.java:<init>(190)) - om1: new RaftServerImpl for group-C5BA1605619E:[om1|rpc:localhost:9872|priority:0] with OzoneManagerStateMachine:uninitialized
2022-07-12 20:44:05,351 [pool-203-thread-1] INFO  server.RaftServerConfigKeys (ConfUtils.java:logGet(46)) - raft.server.rpc.timeout.min = 1s (custom)
2022-07-12 20:44:05,351 [pool-203-thread-1] INFO  server.RaftServerConfigKeys (ConfUtils.java:logGet(46)) - raft.server.rpc.timeout.max = 1200ms (custom)
2022-07-12 20:44:05,351 [pool-203-thread-1] INFO  server.RaftServerConfigKeys (ConfUtils.java:logGet(46)) - raft.server.rpc.sleep.time = 25ms (default)
2022-07-12 20:44:05,351 [pool-203-thread-1] INFO  server.RaftServerConfigKeys (ConfUtils.java:logGet(46)) - raft.server.rpc.slowness.timeout = 120s (custom)
2022-07-12 20:44:05,351 [pool-203-thread-1] INFO  server.RaftServerConfigKeys (ConfUtils.java:logGet(46)) - raft.server.leaderelection.leader.step-down.wait-time = 10s (default)
2022-07-12 20:44:05,351 [pool-203-thread-1] INFO  server.RaftServerConfigKeys (ConfUtils.java:logGet(46)) - raft.server.sleep.deviation.threshold = 300ms (default)
2022-07-12 20:44:05,351 [pool-203-thread-1] INFO  server.RaftServer$Division (ServerState.java:<init>(107)) - om1@group-C5BA1605619E: ConfigurationManager, init=-1: [om1|rpc:localhost:9872|priority:0], old=null, confs=<EMPTY_MAP>
2022-07-12 20:44:05,351 [pool-203-thread-1] INFO  server.RaftServerConfigKeys (ConfUtils.java:logGet(46)) - raft.server.storage.dir = [/home/runner/work/ozone/ozone/hadoop-ozone/integration-test/target/test-dir/MiniOzoneClusterImpl-3695f4f1-b95b-4fb5-aefd-831056816bde/ozone-meta/ratis] (custom)
2022-07-12 20:44:05,351 [pool-203-thread-1] INFO  server.RaftServerConfigKeys (ConfUtils.java:logGet(46)) - raft.server.log.corruption.policy = EXCEPTION (default)
2022-07-12 20:44:05,351 [pool-203-thread-1] INFO  server.RaftServerConfigKeys (ConfUtils.java:logGet(46)) - raft.server.storage.free-space.min = 0MB (=0) (default)
2022-07-12 20:44:05,352 [pool-203-thread-1] INFO  storage.RaftStorageDirectory (RaftStorageDirectoryImpl.java:analyzeStorage(135)) - The storage directory /home/runner/work/ozone/ozone/hadoop-ozone/integration-test/target/test-dir/MiniOzoneClusterImpl-3695f4f1-b95b-4fb5-aefd-831056816bde/ozone-meta/ratis/bf265839-605b-3f16-9796-c5ba1605619e does not exist. Creating ...
2022-07-12 20:44:05,355 [pool-203-thread-1] INFO  storage.RaftStorageDirectory (RaftStorageDirectoryImpl.java:tryLock(230)) - Lock on /home/runner/work/ozone/ozone/hadoop-ozone/integration-test/target/test-dir/MiniOzoneClusterImpl-3695f4f1-b95b-4fb5-aefd-831056816bde/ozone-meta/ratis/bf265839-605b-3f16-9796-c5ba1605619e/in_use.lock acquired by nodename 3147@fv-az29-983
2022-07-12 20:44:05,356 [pool-203-thread-1] INFO  storage.RaftStorage (RaftStorageImpl.java:format(89)) - Storage directory /home/runner/work/ozone/ozone/hadoop-ozone/integration-test/target/test-dir/MiniOzoneClusterImpl-3695f4f1-b95b-4fb5-aefd-831056816bde/ozone-meta/ratis/bf265839-605b-3f16-9796-c5ba1605619e has been successfully formatted.
2022-07-12 20:44:05,356 [pool-203-thread-1] INFO  server.RaftServerConfigKeys (ConfUtils.java:logGet(46)) - raft.server.notification.no-leader.timeout = 120s (custom)
2022-07-12 20:44:05,356 [pool-203-thread-1] INFO  server.RaftServerConfigKeys (ConfUtils.java:logGet(46)) - raft.server.log.use.memory = false (default)
2022-07-12 20:44:05,357 [pool-203-thread-1] INFO  server.RaftServerConfigKeys (ConfUtils.java:logGet(46)) - raft.server.log.purge.gap = 1000000 (custom)
2022-07-12 20:44:05,357 [pool-203-thread-1] INFO  server.RaftServerConfigKeys (ConfUtils.java:logGet(46)) - raft.server.log.appender.buffer.byte-limit = 33554432 (custom)
2022-07-12 20:44:05,357 [pool-203-thread-1] INFO  server.RaftServerConfigKeys (ConfUtils.java:logGet(46)) - raft.server.log.statemachine.data.read.timeout = 1000ms (default)
2022-07-12 20:44:05,357 [pool-203-thread-1] INFO  server.RaftServerConfigKeys (ConfUtils.java:logGet(46)) - raft.server.log.segment.size.max = 4194304 (custom)
2022-07-12 20:44:05,357 [pool-203-thread-1] INFO  server.RaftServerConfigKeys (ConfUtils.java:logGet(46)) - raft.server.log.segment.cache.num.max = 2 (custom)
2022-07-12 20:44:05,357 [pool-203-thread-1] INFO  server.RaftServerConfigKeys (ConfUtils.java:logGet(46)) - raft.server.log.segment.cache.size.max = 200MB (=209715200) (default)
2022-07-12 20:44:05,357 [pool-203-thread-1] INFO  segmented.SegmentedRaftLogWorker (SegmentedRaftLogWorker.java:<init>(187)) - new om1@group-C5BA1605619E-SegmentedRaftLogWorker for RaftStorageImpl:Storage Directory /home/runner/work/ozone/ozone/hadoop-ozone/integration-test/target/test-dir/MiniOzoneClusterImpl-3695f4f1-b95b-4fb5-aefd-831056816bde/ozone-meta/ratis/bf265839-605b-3f16-9796-c5ba1605619e
2022-07-12 20:44:05,357 [pool-203-thread-1] INFO  server.RaftServerConfigKeys (ConfUtils.java:logGet(46)) - raft.server.log.queue.byte-limit = 64MB (=67108864) (default)
2022-07-12 20:44:05,358 [pool-203-thread-1] INFO  server.RaftServerConfigKeys (ConfUtils.java:logGet(46)) - raft.server.log.queue.element-limit = 4096 (default)
2022-07-12 20:44:05,358 [pool-203-thread-1] INFO  server.RaftServerConfigKeys (ConfUtils.java:logGet(46)) - raft.server.log.segment.size.max = 4194304 (custom)
2022-07-12 20:44:05,358 [pool-203-thread-1] INFO  server.RaftServerConfigKeys (ConfUtils.java:logGet(46)) - raft.server.log.preallocated.size = 4194304 (custom)
2022-07-12 20:44:05,358 [pool-203-thread-1] INFO  server.RaftServerConfigKeys (ConfUtils.java:logGet(46)) - raft.server.log.force.sync.num = 128 (default)
2022-07-12 20:44:05,358 [pool-203-thread-1] INFO  server.RaftServerConfigKeys (ConfUtils.java:logGet(46)) - raft.server.log.statemachine.data.sync = true (default)
2022-07-12 20:44:05,358 [pool-203-thread-1] INFO  server.RaftServerConfigKeys (ConfUtils.java:logGet(46)) - raft.server.log.statemachine.data.sync.timeout = 10s (default)
2022-07-12 20:44:05,358 [pool-203-thread-1] INFO  server.RaftServerConfigKeys (ConfUtils.java:logGet(46)) - raft.server.log.statemachine.data.sync.timeout.retry = -1 (default)
2022-07-12 20:44:05,367 [pool-203-thread-1] INFO  server.RaftServerConfigKeys (ConfUtils.java:logGet(46)) - raft.server.log.write.buffer.size = 64KB (=65536) (default)
2022-07-12 20:44:05,367 [pool-203-thread-1] INFO  server.RaftServerConfigKeys (ConfUtils.java:logGet(46)) - raft.server.log.unsafe-flush.enabled = false (default)
2022-07-12 20:44:05,367 [pool-203-thread-1] INFO  server.RaftServerConfigKeys (ConfUtils.java:logGet(46)) - raft.server.log.statemachine.data.caching.enabled = false (default)
2022-07-12 20:44:05,368 [pool-203-thread-1] INFO  segmented.SegmentedRaftLogWorker (SegmentedRaftLogWorker.java:lambda$new$0(135)) - om1@group-C5BA1605619E-SegmentedRaftLogWorker: flushIndex: setUnconditionally 0 -> -1
2022-07-12 20:44:05,368 [pool-203-thread-1] INFO  segmented.SegmentedRaftLogWorker (SegmentedRaftLogWorker.java:lambda$new$0(135)) - om1@group-C5BA1605619E-SegmentedRaftLogWorker: safeCacheEvictIndex: setUnconditionally 0 -> -1
2022-07-12 20:44:05,395 [pool-203-thread-1] INFO  server.RaftServerConfigKeys (ConfUtils.java:logGet(46)) - raft.server.snapshot.auto.trigger.enabled = true (custom)
2022-07-12 20:44:05,395 [pool-203-thread-1] INFO  server.RaftServerConfigKeys (ConfUtils.java:logGet(46)) - raft.server.snapshot.auto.trigger.threshold = 400000 (default)
2022-07-12 20:44:05,395 [pool-203-thread-1] INFO  server.RaftServerConfigKeys (ConfUtils.java:logGet(46)) - raft.server.snapshot.retention.file.num = -1 (default)
2022-07-12 20:44:05,395 [pool-203-thread-1] INFO  server.RaftServerConfigKeys (ConfUtils.java:logGet(46)) - raft.server.log.purge.upto.snapshot.index = true (custom)
2022-07-12 20:44:05,395 [pool-203-thread-1] INFO  server.RaftServerConfigKeys (ConfUtils.java:logGet(46)) - raft.server.retrycache.expirytime = 300s (custom)
2022-07-12 20:44:05,395 [pool-203-thread-1] INFO  server.RaftServerConfigKeys (ConfUtils.java:logGet(46)) - raft.server.retrycache.statistics.expirytime = 100μs (default)
2022-07-12 20:44:05,396 [pool-203-thread-1] INFO  server.RaftServerConfigKeys (ConfUtils.java:logGet(46)) - raft.server.log.appender.install.snapshot.enabled = false (custom)
2022-07-12 20:44:05,396 [pool-203-thread-1] INFO  server.RaftServerConfigKeys (ConfUtils.java:logGet(46)) - raft.server.threadpool.server.cached = true (default)
2022-07-12 20:44:05,396 [pool-203-thread-1] INFO  server.RaftServerConfigKeys (ConfUtils.java:logGet(46)) - raft.server.threadpool.server.size = 0 (default)
2022-07-12 20:44:05,396 [pool-203-thread-1] INFO  server.RaftServerConfigKeys (ConfUtils.java:logGet(46)) - raft.server.threadpool.client.cached = true (default)
2022-07-12 20:44:05,396 [pool-203-thread-1] INFO  server.RaftServerConfigKeys (ConfUtils.java:logGet(46)) - raft.server.threadpool.client.size = 0 (default)
2022-07-12 20:44:06,070 [Listener at 0.0.0.0/33931] INFO  reflections.Reflections (Reflections.java:scan(232)) - Reflections took 721 ms to scan 19 urls, producing 66 keys and 4101 values [using 2 cores]
2022-07-12 20:44:06,072 [Listener at 0.0.0.0/33931] INFO  ipc.CallQueueManager (CallQueueManager.java:<init>(90)) - Using callQueue: class java.util.concurrent.LinkedBlockingQueue, queueCapacity: 2000, scheduler: class org.apache.hadoop.ipc.DefaultRpcScheduler, ipcBackoff: false.
2022-07-12 20:44:06,074 [Socket Reader #1 for port 0] INFO  ipc.Server (Server.java:run(1265)) - Starting Socket Reader #1 for port 0
2022-07-12 20:44:06,119 [Listener at 127.0.0.1/43871] INFO  impl.MetricsSystemImpl (MetricsSystemImpl.java:init(158)) - OzoneManager metrics system started (again)
2022-07-12 20:44:06,155 [Listener at 127.0.0.1/43871] INFO  om.OzoneManager (OzoneManager.java:start(1465)) - OzoneManager RPC server is listening at localhost/127.0.0.1:43871
2022-07-12 20:44:06,155 [Listener at 127.0.0.1/43871] INFO  ratis.OzoneManagerRatisServer (OzoneManagerRatisServer.java:start(554)) - Starting OzoneManagerRatisServer om1 at port 9872
2022-07-12 20:44:06,155 [om1-impl-thread1] INFO  server.RaftServer$Division (RaftServerImpl.java:start(310)) - om1@group-C5BA1605619E: start as a follower, conf=-1: [om1|rpc:localhost:9872|priority:0], old=null
2022-07-12 20:44:06,155 [om1-impl-thread1] INFO  server.RaftServer$Division (RaftServerImpl.java:setRole(299)) - om1@group-C5BA1605619E: changes role from      null to FOLLOWER at term 0 for startAsFollower
2022-07-12 20:44:06,155 [om1-impl-thread1] INFO  impl.RoleInfo (RoleInfo.java:updateAndGet(139)) - om1: start om1@group-C5BA1605619E-FollowerState
2022-07-12 20:44:06,163 [om1-impl-thread1] INFO  util.JmxRegister (JmxRegister.java:tryRegister(44)) - Successfully registered JMX Bean with object name Ratis:service=RaftServer,group=group-C5BA1605619E,id=om1
2022-07-12 20:44:06,175 [Listener at 127.0.0.1/43871] INFO  server.RaftServer (RaftServerProxy.java:lambda$start$6(382)) - om1: start RPC server
2022-07-12 20:44:06,203 [Listener at 127.0.0.1/43871] INFO  server.GrpcService (GrpcService.java:startImpl(260)) - om1: GrpcService started, listening on 9872
2022-07-12 20:44:06,204 [Listener at 127.0.0.1/43871] INFO  om.OzoneManager (OzoneManager.java:start(1481)) - Version File has different layout version (3) than OM DB (null). That is expected if this OM has never been finalized to a newer layout version.
2022-07-12 20:44:06,204 [org.apache.ratis.util.JvmPauseMonitor$$Lambda$680/1268395511@4e0710c5] INFO  util.JvmPauseMonitor (JvmPauseMonitor.java:run(103)) - JvmPauseMonitor-om1: Started
2022-07-12 20:44:06,211 [Listener at 127.0.0.1/43871] INFO  http.BaseHttpServer (BaseHttpServer.java:newHttpServer2BuilderForOzone(209)) - Starting Web-server for ozoneManager at: http://0.0.0.0:0
2022-07-12 20:44:06,211 [Listener at 127.0.0.1/43871] INFO  http.BaseHttpServer (BaseHttpServer.java:<init>(107)) - Hadoop Security Enabled: false Ozone Security Enabled: false Ozone HTTP Security Enabled: false 
2022-07-12 20:44:06,225 [Listener at 127.0.0.1/43871] INFO  server.AuthenticationFilter (AuthenticationFilter.java:constructSecretProvider(240)) - Unable to initialize FileSignerSecretProvider, falling back to use random secrets.
2022-07-12 20:44:06,231 [Listener at 127.0.0.1/43871] WARN  http.HttpRequestLog (HttpRequestLog.java:getRequestLog(103)) - Jetty request log can only be enabled using Log4j
2022-07-12 20:44:06,232 [Listener at 127.0.0.1/43871] INFO  http.HttpServer2 (HttpServer2.java:addGlobalFilter(1029)) - Added global filter 'safety' (class=org.apache.hadoop.hdds.server.http.HttpServer2$QuotingInputFilter)
2022-07-12 20:44:06,233 [Listener at 127.0.0.1/43871] INFO  http.HttpServer2 (HttpServer2.java:addFilter(1005)) - Added filter static_user_filter (class=org.apache.hadoop.http.lib.StaticUserWebFilter$StaticUserFilter) to context ozoneManager
2022-07-12 20:44:06,233 [Listener at 127.0.0.1/43871] INFO  http.HttpServer2 (HttpServer2.java:addFilter(1013)) - Added filter static_user_filter (class=org.apache.hadoop.http.lib.StaticUserWebFilter$StaticUserFilter) to context logs
2022-07-12 20:44:06,233 [Listener at 127.0.0.1/43871] INFO  http.HttpServer2 (HttpServer2.java:addFilter(1013)) - Added filter static_user_filter (class=org.apache.hadoop.http.lib.StaticUserWebFilter$StaticUserFilter) to context static
2022-07-12 20:44:06,234 [Listener at 127.0.0.1/43871] INFO  http.HttpServer2 (HttpServer2.java:bindListener(1248)) - Jetty bound to port 33251
2022-07-12 20:44:06,234 [Listener at 127.0.0.1/43871] INFO  server.Server (Server.java:doStart(375)) - jetty-9.4.43.v20210629; built: 2021-06-30T11:07:22.254Z; git: 526006ecfa3af7f1a27ef3a288e2bef7ea9dd7e8; jvm 1.8.0_332-b09
2022-07-12 20:44:06,295 [Listener at 127.0.0.1/43871] INFO  server.session (DefaultSessionIdManager.java:doStart(334)) - DefaultSessionIdManager workerName=node0
2022-07-12 20:44:06,295 [Listener at 127.0.0.1/43871] INFO  server.session (DefaultSessionIdManager.java:doStart(339)) - No SessionScavenger set, using defaults
2022-07-12 20:44:06,295 [Listener at 127.0.0.1/43871] INFO  server.session (HouseKeeper.java:startScavenging(132)) - node0 Scavenging every 600000ms
2022-07-12 20:44:06,303 [Listener at 127.0.0.1/43871] INFO  handler.ContextHandler (ContextHandler.java:doStart(915)) - Started o.e.j.s.ServletContextHandler@9a23a42{logs,/logs,file:///home/runner/work/ozone/ozone/hadoop-ozone/integration-test/target/log,AVAILABLE}
2022-07-12 20:44:06,303 [Listener at 127.0.0.1/43871] INFO  handler.ContextHandler (ContextHandler.java:doStart(915)) - Started o.e.j.s.ServletContextHandler@2432211{static,/static,file:///home/runner/work/ozone/ozone/hadoop-ozone/integration-test/target/test-classes/webapps/static,AVAILABLE}
2022-07-12 20:44:06,319 [Listener at 127.0.0.1/43871] INFO  handler.ContextHandler (ContextHandler.java:doStart(915)) - Started o.e.j.w.WebAppContext@6c9dd909{ozoneManager,/,file:///home/runner/work/ozone/ozone/hadoop-ozone/integration-test/target/test-classes/webapps/ozoneManager/,AVAILABLE}{file:/home/runner/work/ozone/ozone/hadoop-ozone/integration-test/target/test-classes/webapps/ozoneManager}
2022-07-12 20:44:06,331 [Listener at 127.0.0.1/43871] INFO  server.AbstractConnector (AbstractConnector.java:doStart(331)) - Started ServerConnector@42178353{HTTP/1.1, (http/1.1)}{0.0.0.0:33251}
2022-07-12 20:44:06,331 [Listener at 127.0.0.1/43871] INFO  server.Server (Server.java:doStart(415)) - Started @44705ms
2022-07-12 20:44:06,331 [Listener at 127.0.0.1/43871] WARN  impl.MetricsSystemImpl (MetricsSystemImpl.java:register(279)) - Sink prometheus already exists!
2022-07-12 20:44:06,332 [Listener at 127.0.0.1/43871] INFO  http.BaseHttpServer (BaseHttpServer.java:updateConnectorAddress(329)) - HTTP server of ozoneManager listening at http://0.0.0.0:33251
2022-07-12 20:44:06,339 [IPC Server Responder] INFO  ipc.Server (Server.java:run(1507)) - IPC Server Responder: starting
2022-07-12 20:44:06,339 [IPC Server listener on 0] INFO  ipc.Server (Server.java:run(1344)) - IPC Server listener on 0: starting
2022-07-12 20:44:06,358 [Listener at 127.0.0.1/43871] INFO  om.OzoneManager (OzoneManager.java:startTrashEmptier(1905)) - Trash Interval set to 0. Files deleted won't move to trash
2022-07-12 20:44:06,370 [Listener at 127.0.0.1/43871] WARN  impl.MetricRegistriesImpl (MetricRegistriesImpl.java:addReporterRegistration(111)) - New reporters are added after registries were created. Some metrics will be missing from the reporter. Please add reporter before adding any new registry.
2022-07-12 20:44:06,371 [Listener at 127.0.0.1/43871] WARN  impl.MetricRegistriesImpl (MetricRegistriesImpl.java:addReporterRegistration(111)) - New reporters are added after registries were created. Some metrics will be missing from the reporter. Please add reporter before adding any new registry.
2022-07-12 20:44:06,371 [Listener at 127.0.0.1/43871] INFO  impl.MetricsSystemImpl (MetricsSystemImpl.java:init(158)) - HddsDatanode metrics system started (again)
2022-07-12 20:44:06,375 [org.apache.hadoop.util.JvmPauseMonitor$Monitor@32945931] INFO  util.JvmPauseMonitor (JvmPauseMonitor.java:run(188)) - Starting JVM pause monitor
2022-07-12 20:44:06,398 [Listener at 127.0.0.1/43871] INFO  ozone.HddsDatanodeService (HddsDatanodeService.java:start(236)) - HddsDatanodeService host:fv-az29-983.0gf2enmb5avurc1gjtxldx4mnh.bx.internal.cloudapp.net ip:10.1.0.33
2022-07-12 20:44:06,428 [Listener at 127.0.0.1/43871] INFO  upgrade.AbstractLayoutVersionManager (AbstractLayoutVersionManager.java:init(82)) - Initializing Layout version manager with metadata layout = DATANODE_SCHEMA_V3 (version = 4), software layout = DATANODE_SCHEMA_V3 (version = 4)
2022-07-12 20:44:06,513 [Listener at 127.0.0.1/43871] INFO  reflections.Reflections (Reflections.java:scan(232)) - Reflections took 84 ms to scan 7 urls, producing 132 keys and 317 values 
2022-07-12 20:44:06,524 [Listener at 127.0.0.1/43871] INFO  statemachine.DatanodeStateMachine (DatanodeStateMachine.java:getEndPointTaskThreadPoolSize(237)) - Datanode State Machine Task Thread Pool size 2
2022-07-12 20:44:06,531 [Listener at 127.0.0.1/43871] INFO  volume.HddsVolume (HddsVolume.java:<init>(116)) - Creating HddsVolume: /home/runner/work/ozone/ozone/hadoop-ozone/integration-test/target/test-dir/MiniOzoneClusterImpl-3695f4f1-b95b-4fb5-aefd-831056816bde/datanode-0/data-0/containers/hdds of storage type : DISK capacity : 9223372036854775807
2022-07-12 20:44:06,532 [Listener at 127.0.0.1/43871] INFO  volume.MutableVolumeSet (MutableVolumeSet.java:initializeVolumeSet(174)) - Added Volume : /home/runner/work/ozone/ozone/hadoop-ozone/integration-test/target/test-dir/MiniOzoneClusterImpl-3695f4f1-b95b-4fb5-aefd-831056816bde/datanode-0/data-0/containers/hdds to VolumeSet
2022-07-12 20:44:06,532 [Listener at 127.0.0.1/43871] INFO  volume.ThrottledAsyncChecker (ThrottledAsyncChecker.java:schedule(141)) - Scheduling a check for /home/runner/work/ozone/ozone/hadoop-ozone/integration-test/target/test-dir/MiniOzoneClusterImpl-3695f4f1-b95b-4fb5-aefd-831056816bde/datanode-0/data-0/containers/hdds
2022-07-12 20:44:06,545 [Listener at 127.0.0.1/43871] INFO  volume.StorageVolumeChecker (StorageVolumeChecker.java:checkAllVolumes(202)) - Scheduled health check for volume /home/runner/work/ozone/ozone/hadoop-ozone/integration-test/target/test-dir/MiniOzoneClusterImpl-3695f4f1-b95b-4fb5-aefd-831056816bde/datanode-0/data-0/containers/hdds
2022-07-12 20:44:06,570 [Listener at 127.0.0.1/43871] INFO  volume.MutableVolumeSet (MutableVolumeSet.java:initializeVolumeSet(174)) - Added Volume : /home/runner/work/ozone/ozone/hadoop-ozone/integration-test/target/test-dir/MiniOzoneClusterImpl-3695f4f1-b95b-4fb5-aefd-831056816bde/datanode-0/data/ratis to VolumeSet
2022-07-12 20:44:06,570 [Listener at 127.0.0.1/43871] INFO  volume.ThrottledAsyncChecker (ThrottledAsyncChecker.java:schedule(141)) - Scheduling a check for /home/runner/work/ozone/ozone/hadoop-ozone/integration-test/target/test-dir/MiniOzoneClusterImpl-3695f4f1-b95b-4fb5-aefd-831056816bde/datanode-0/data/ratis
2022-07-12 20:44:06,575 [Listener at 127.0.0.1/43871] INFO  volume.StorageVolumeChecker (StorageVolumeChecker.java:checkAllVolumes(202)) - Scheduled health check for volume /home/runner/work/ozone/ozone/hadoop-ozone/integration-test/target/test-dir/MiniOzoneClusterImpl-3695f4f1-b95b-4fb5-aefd-831056816bde/datanode-0/data/ratis
2022-07-12 20:44:06,617 [Thread-400] INFO  ozoneimpl.ContainerReader (ContainerReader.java:readVolume(175)) - Finish verifying containers on volume /home/runner/work/ozone/ozone/hadoop-ozone/integration-test/target/test-dir/MiniOzoneClusterImpl-3695f4f1-b95b-4fb5-aefd-831056816bde/datanode-0/data-0/containers/hdds
2022-07-12 20:44:06,617 [Listener at 127.0.0.1/43871] INFO  ozoneimpl.OzoneContainer (OzoneContainer.java:buildContainerSet(266)) - Build ContainerSet costs 0s
2022-07-12 20:44:06,620 [Listener at 127.0.0.1/43871] INFO  server.RaftServer (ConfUtils.java:logGet(46)) - raft.rpc.type = GRPC (default)
2022-07-12 20:44:06,620 [Listener at 127.0.0.1/43871] INFO  grpc.GrpcFactory (GrpcFactory.java:checkPooledByteBufAllocatorUseCacheForAllThreads(48)) - PERFORMANCE WARNING: useCacheForAllThreads is true that may cause Netty to create a lot garbage objects and, as a result, trigger GC.
	It is recommended to disable useCacheForAllThreads by setting -Dorg.apache.ratis.thirdparty.io.netty.allocator.useCacheForAllThreads=false in command line.
2022-07-12 20:44:06,620 [Listener at 127.0.0.1/43871] INFO  grpc.GrpcConfigKeys (ConfUtils.java:logGet(46)) - raft.grpc.admin.port = 0 (custom)
2022-07-12 20:44:06,620 [Listener at 127.0.0.1/43871] INFO  grpc.GrpcConfigKeys (ConfUtils.java:logGet(46)) - raft.grpc.client.port = 0 (custom)
2022-07-12 20:44:06,620 [Listener at 127.0.0.1/43871] INFO  grpc.GrpcConfigKeys (ConfUtils.java:logGet(46)) - raft.grpc.server.port = 0 (default)
2022-07-12 20:44:06,620 [Listener at 127.0.0.1/43871] INFO  server.GrpcService (ConfUtils.java:logGet(46)) - raft.grpc.message.size.max = 32MB (=33554432) (custom)
2022-07-12 20:44:06,621 [Listener at 127.0.0.1/43871] INFO  server.RaftServerConfigKeys (ConfUtils.java:logGet(46)) - raft.server.log.appender.buffer.byte-limit = 33554432 (custom)
2022-07-12 20:44:06,621 [Listener at 127.0.0.1/43871] INFO  server.GrpcService (ConfUtils.java:logGet(46)) - raft.grpc.flow.control.window = 5MB (=5242880) (custom)
2022-07-12 20:44:06,621 [Listener at 127.0.0.1/43871] INFO  server.RaftServerConfigKeys (ConfUtils.java:logGet(46)) - raft.server.rpc.request.timeout = 60s (custom)
2022-07-12 20:44:06,621 [Listener at 127.0.0.1/43871] INFO  grpc.GrpcConfigKeys (ConfUtils.java:logGet(46)) - raft.grpc.server.async.request.thread.pool.cached = true (default)
2022-07-12 20:44:06,621 [Listener at 127.0.0.1/43871] INFO  grpc.GrpcConfigKeys (ConfUtils.java:logGet(46)) - raft.grpc.server.async.request.thread.pool.size = 32 (default)
2022-07-12 20:44:06,622 [Listener at 127.0.0.1/43871] INFO  impl.DataStreamServerImpl (ConfUtils.java:logGet(46)) - raft.datastream.type = DISABLED (default)
2022-07-12 20:44:06,622 [Listener at 127.0.0.1/43871] INFO  server.RaftServerConfigKeys (ConfUtils.java:logGet(46)) - raft.server.threadpool.proxy.cached = true (default)
2022-07-12 20:44:06,624 [Listener at 127.0.0.1/43871] INFO  server.RaftServerConfigKeys (ConfUtils.java:logGet(46)) - raft.server.threadpool.proxy.size = 0 (default)
2022-07-12 20:44:06,624 [Listener at 127.0.0.1/43871] INFO  server.RaftServerConfigKeys (ConfUtils.java:logGet(46)) - raft.server.rpc.slowness.timeout = 300s (custom)
2022-07-12 20:44:06,624 [Listener at 127.0.0.1/43871] INFO  server.RaftServerConfigKeys (ConfUtils.java:logGet(46)) - raft.server.leaderelection.leader.step-down.wait-time = 10s (default)
2022-07-12 20:44:06,625 [Listener at 127.0.0.1/43871] INFO  server.RaftServerConfigKeys (ConfUtils.java:logGet(46)) - raft.server.storage.dir = [/home/runner/work/ozone/ozone/hadoop-ozone/integration-test/target/test-dir/MiniOzoneClusterImpl-3695f4f1-b95b-4fb5-aefd-831056816bde/datanode-0/data/ratis] (custom)
2022-07-12 20:44:06,630 [Listener at 127.0.0.1/43871] INFO  server.XceiverServerGrpc (XceiverServerGrpc.java:<init>(132)) - GrpcServer channel type EpollServerSocketChannel
2022-07-12 20:44:06,636 [Listener at 127.0.0.1/43871] INFO  http.BaseHttpServer (BaseHttpServer.java:newHttpServer2BuilderForOzone(209)) - Starting Web-server for hddsDatanode at: http://0.0.0.0:0
2022-07-12 20:44:06,636 [Listener at 127.0.0.1/43871] INFO  http.BaseHttpServer (BaseHttpServer.java:<init>(107)) - Hadoop Security Enabled: false Ozone Security Enabled: false Ozone HTTP Security Enabled: false 
2022-07-12 20:44:06,637 [Listener at 127.0.0.1/43871] INFO  server.AuthenticationFilter (AuthenticationFilter.java:constructSecretProvider(240)) - Unable to initialize FileSignerSecretProvider, falling back to use random secrets.
2022-07-12 20:44:06,645 [Listener at 127.0.0.1/43871] WARN  http.HttpRequestLog (HttpRequestLog.java:getRequestLog(103)) - Jetty request log can only be enabled using Log4j
2022-07-12 20:44:06,646 [Listener at 127.0.0.1/43871] INFO  http.HttpServer2 (HttpServer2.java:addGlobalFilter(1029)) - Added global filter 'safety' (class=org.apache.hadoop.hdds.server.http.HttpServer2$QuotingInputFilter)
2022-07-12 20:44:06,647 [Listener at 127.0.0.1/43871] INFO  http.HttpServer2 (HttpServer2.java:addFilter(1005)) - Added filter static_user_filter (class=org.apache.hadoop.http.lib.StaticUserWebFilter$StaticUserFilter) to context hddsDatanode
2022-07-12 20:44:06,647 [Listener at 127.0.0.1/43871] INFO  http.HttpServer2 (HttpServer2.java:addFilter(1013)) - Added filter static_user_filter (class=org.apache.hadoop.http.lib.StaticUserWebFilter$StaticUserFilter) to context static
2022-07-12 20:44:06,647 [Listener at 127.0.0.1/43871] INFO  http.HttpServer2 (HttpServer2.java:addFilter(1013)) - Added filter static_user_filter (class=org.apache.hadoop.http.lib.StaticUserWebFilter$StaticUserFilter) to context logs
2022-07-12 20:44:06,648 [Listener at 127.0.0.1/43871] INFO  http.HttpServer2 (HttpServer2.java:bindListener(1248)) - Jetty bound to port 41087
2022-07-12 20:44:06,650 [Listener at 127.0.0.1/43871] INFO  server.Server (Server.java:doStart(375)) - jetty-9.4.43.v20210629; built: 2021-06-30T11:07:22.254Z; git: 526006ecfa3af7f1a27ef3a288e2bef7ea9dd7e8; jvm 1.8.0_332-b09
2022-07-12 20:44:06,704 [Listener at 127.0.0.1/43871] INFO  server.session (DefaultSessionIdManager.java:doStart(334)) - DefaultSessionIdManager workerName=node0
2022-07-12 20:44:06,705 [Listener at 127.0.0.1/43871] INFO  server.session (DefaultSessionIdManager.java:doStart(339)) - No SessionScavenger set, using defaults
2022-07-12 20:44:06,705 [Listener at 127.0.0.1/43871] INFO  server.session (HouseKeeper.java:startScavenging(132)) - node0 Scavenging every 600000ms
2022-07-12 20:44:06,706 [Listener at 127.0.0.1/43871] INFO  handler.ContextHandler (ContextHandler.java:doStart(915)) - Started o.e.j.s.ServletContextHandler@63fbb062{logs,/logs,file:///home/runner/work/ozone/ozone/hadoop-ozone/integration-test/target/log,AVAILABLE}
2022-07-12 20:44:06,706 [Listener at 127.0.0.1/43871] INFO  handler.ContextHandler (ContextHandler.java:doStart(915)) - Started o.e.j.s.ServletContextHandler@45d58964{static,/static,jar:file:/home/runner/.m2/repository/org/apache/ozone/hdds-container-service/1.3.0-SNAPSHOT/hdds-container-service-1.3.0-SNAPSHOT.jar!/webapps/static,AVAILABLE}
2022-07-12 20:44:06,935 [Listener at 127.0.0.1/43871] INFO  handler.ContextHandler (ContextHandler.java:doStart(915)) - Started o.e.j.w.WebAppContext@3d65d5c{hddsDatanode,/,file:///tmp/jetty-0_0_0_0-41087-hdds-container-service-1_3_0-SNAPSHOT_jar-_-any-3102749303106490065/webapp/,AVAILABLE}{jar:file:/home/runner/.m2/repository/org/apache/ozone/hdds-container-service/1.3.0-SNAPSHOT/hdds-container-service-1.3.0-SNAPSHOT.jar!/webapps/hddsDatanode}
2022-07-12 20:44:06,941 [Listener at 127.0.0.1/43871] INFO  server.AbstractConnector (AbstractConnector.java:doStart(331)) - Started ServerConnector@534a2871{HTTP/1.1, (http/1.1)}{0.0.0.0:41087}
2022-07-12 20:44:06,941 [Listener at 127.0.0.1/43871] INFO  server.Server (Server.java:doStart(415)) - Started @45316ms
2022-07-12 20:44:06,942 [Listener at 127.0.0.1/43871] WARN  impl.MetricsSystemImpl (MetricsSystemImpl.java:register(279)) - Sink prometheus already exists!
2022-07-12 20:44:06,942 [Listener at 127.0.0.1/43871] INFO  http.BaseHttpServer (BaseHttpServer.java:updateConnectorAddress(329)) - HTTP server of hddsDatanode listening at http://0.0.0.0:41087
2022-07-12 20:44:06,955 [Listener at 127.0.0.1/43871] WARN  impl.MetricRegistriesImpl (MetricRegistriesImpl.java:addReporterRegistration(111)) - New reporters are added after registries were created. Some metrics will be missing from the reporter. Please add reporter before adding any new registry.
2022-07-12 20:44:06,955 [Listener at 127.0.0.1/43871] WARN  impl.MetricRegistriesImpl (MetricRegistriesImpl.java:addReporterRegistration(111)) - New reporters are added after registries were created. Some metrics will be missing from the reporter. Please add reporter before adding any new registry.
2022-07-12 20:44:06,955 [Listener at 127.0.0.1/43871] INFO  impl.MetricsSystemImpl (MetricsSystemImpl.java:init(158)) - HddsDatanode metrics system started (again)
2022-07-12 20:44:07,003 [Datanode State Machine Daemon Thread] INFO  statemachine.DatanodeStateMachine (DatanodeStateMachine.java:lambda$startDaemon$0(492)) - Ozone container server started.
2022-07-12 20:44:07,020 [Listener at 127.0.0.1/43871] INFO  ozone.HddsDatanodeService (HddsDatanodeService.java:start(236)) - HddsDatanodeService host:fv-az29-983.0gf2enmb5avurc1gjtxldx4mnh.bx.internal.cloudapp.net ip:10.1.0.33
2022-07-12 20:44:07,043 [org.apache.hadoop.util.JvmPauseMonitor$Monitor@252a83a0] INFO  util.JvmPauseMonitor (JvmPauseMonitor.java:run(188)) - Starting JVM pause monitor
2022-07-12 20:44:07,065 [Datanode State Machine Task Thread - 0] INFO  datanode.InitDatanodeState (InitDatanodeState.java:persistContainerDatanodeDetails(138)) - DatanodeDetails is persisted to /home/runner/work/ozone/ozone/hadoop-ozone/integration-test/target/test-dir/MiniOzoneClusterImpl-3695f4f1-b95b-4fb5-aefd-831056816bde/datanode-0/meta/datanode.id
2022-07-12 20:44:07,073 [Listener at 127.0.0.1/43871] INFO  upgrade.AbstractLayoutVersionManager (AbstractLayoutVersionManager.java:init(82)) - Initializing Layout version manager with metadata layout = DATANODE_SCHEMA_V3 (version = 4), software layout = DATANODE_SCHEMA_V3 (version = 4)
2022-07-12 20:44:07,153 [Listener at 127.0.0.1/43871] INFO  reflections.Reflections (Reflections.java:scan(232)) - Reflections took 79 ms to scan 7 urls, producing 132 keys and 317 values 
2022-07-12 20:44:07,154 [Listener at 127.0.0.1/43871] INFO  statemachine.DatanodeStateMachine (DatanodeStateMachine.java:getEndPointTaskThreadPoolSize(237)) - Datanode State Machine Task Thread Pool size 2
2022-07-12 20:44:07,164 [Listener at 127.0.0.1/43871] INFO  volume.HddsVolume (HddsVolume.java:<init>(116)) - Creating HddsVolume: /home/runner/work/ozone/ozone/hadoop-ozone/integration-test/target/test-dir/MiniOzoneClusterImpl-3695f4f1-b95b-4fb5-aefd-831056816bde/datanode-1/data-0/containers/hdds of storage type : DISK capacity : 9223372036854775807
2022-07-12 20:44:07,164 [Listener at 127.0.0.1/43871] INFO  volume.MutableVolumeSet (MutableVolumeSet.java:initializeVolumeSet(174)) - Added Volume : /home/runner/work/ozone/ozone/hadoop-ozone/integration-test/target/test-dir/MiniOzoneClusterImpl-3695f4f1-b95b-4fb5-aefd-831056816bde/datanode-1/data-0/containers/hdds to VolumeSet
2022-07-12 20:44:07,164 [Listener at 127.0.0.1/43871] INFO  volume.ThrottledAsyncChecker (ThrottledAsyncChecker.java:schedule(141)) - Scheduling a check for /home/runner/work/ozone/ozone/hadoop-ozone/integration-test/target/test-dir/MiniOzoneClusterImpl-3695f4f1-b95b-4fb5-aefd-831056816bde/datanode-1/data-0/containers/hdds
2022-07-12 20:44:07,183 [Listener at 127.0.0.1/43871] INFO  volume.StorageVolumeChecker (StorageVolumeChecker.java:checkAllVolumes(202)) - Scheduled health check for volume /home/runner/work/ozone/ozone/hadoop-ozone/integration-test/target/test-dir/MiniOzoneClusterImpl-3695f4f1-b95b-4fb5-aefd-831056816bde/datanode-1/data-0/containers/hdds
2022-07-12 20:44:07,197 [Listener at 127.0.0.1/43871] INFO  volume.MutableVolumeSet (MutableVolumeSet.java:initializeVolumeSet(174)) - Added Volume : /home/runner/work/ozone/ozone/hadoop-ozone/integration-test/target/test-dir/MiniOzoneClusterImpl-3695f4f1-b95b-4fb5-aefd-831056816bde/datanode-1/data/ratis to VolumeSet
2022-07-12 20:44:07,197 [Listener at 127.0.0.1/43871] INFO  volume.ThrottledAsyncChecker (ThrottledAsyncChecker.java:schedule(141)) - Scheduling a check for /home/runner/work/ozone/ozone/hadoop-ozone/integration-test/target/test-dir/MiniOzoneClusterImpl-3695f4f1-b95b-4fb5-aefd-831056816bde/datanode-1/data/ratis
2022-07-12 20:44:07,203 [Listener at 127.0.0.1/43871] INFO  volume.StorageVolumeChecker (StorageVolumeChecker.java:checkAllVolumes(202)) - Scheduled health check for volume /home/runner/work/ozone/ozone/hadoop-ozone/integration-test/target/test-dir/MiniOzoneClusterImpl-3695f4f1-b95b-4fb5-aefd-831056816bde/datanode-1/data/ratis
2022-07-12 20:44:07,235 [Thread-413] INFO  ozoneimpl.ContainerReader (ContainerReader.java:readVolume(175)) - Finish verifying containers on volume /home/runner/work/ozone/ozone/hadoop-ozone/integration-test/target/test-dir/MiniOzoneClusterImpl-3695f4f1-b95b-4fb5-aefd-831056816bde/datanode-1/data-0/containers/hdds
2022-07-12 20:44:07,235 [Listener at 127.0.0.1/43871] INFO  ozoneimpl.OzoneContainer (OzoneContainer.java:buildContainerSet(266)) - Build ContainerSet costs 0s
2022-07-12 20:44:07,237 [Listener at 127.0.0.1/43871] INFO  server.RaftServer (ConfUtils.java:logGet(46)) - raft.rpc.type = GRPC (default)
2022-07-12 20:44:07,238 [Listener at 127.0.0.1/43871] INFO  grpc.GrpcFactory (GrpcFactory.java:checkPooledByteBufAllocatorUseCacheForAllThreads(48)) - PERFORMANCE WARNING: useCacheForAllThreads is true that may cause Netty to create a lot garbage objects and, as a result, trigger GC.
	It is recommended to disable useCacheForAllThreads by setting -Dorg.apache.ratis.thirdparty.io.netty.allocator.useCacheForAllThreads=false in command line.
2022-07-12 20:44:07,238 [Listener at 127.0.0.1/43871] INFO  grpc.GrpcConfigKeys (ConfUtils.java:logGet(46)) - raft.grpc.admin.port = 0 (custom)
2022-07-12 20:44:07,238 [Listener at 127.0.0.1/43871] INFO  grpc.GrpcConfigKeys (ConfUtils.java:logGet(46)) - raft.grpc.client.port = 0 (custom)
2022-07-12 20:44:07,238 [Listener at 127.0.0.1/43871] INFO  grpc.GrpcConfigKeys (ConfUtils.java:logGet(46)) - raft.grpc.server.port = 0 (default)
2022-07-12 20:44:07,238 [Listener at 127.0.0.1/43871] INFO  server.GrpcService (ConfUtils.java:logGet(46)) - raft.grpc.message.size.max = 32MB (=33554432) (custom)
2022-07-12 20:44:07,238 [Listener at 127.0.0.1/43871] INFO  server.RaftServerConfigKeys (ConfUtils.java:logGet(46)) - raft.server.log.appender.buffer.byte-limit = 33554432 (custom)
2022-07-12 20:44:07,238 [Listener at 127.0.0.1/43871] INFO  server.GrpcService (ConfUtils.java:logGet(46)) - raft.grpc.flow.control.window = 5MB (=5242880) (custom)
2022-07-12 20:44:07,238 [Listener at 127.0.0.1/43871] INFO  server.RaftServerConfigKeys (ConfUtils.java:logGet(46)) - raft.server.rpc.request.timeout = 60s (custom)
2022-07-12 20:44:07,239 [Listener at 127.0.0.1/43871] INFO  grpc.GrpcConfigKeys (ConfUtils.java:logGet(46)) - raft.grpc.server.async.request.thread.pool.cached = true (default)
2022-07-12 20:44:07,239 [Listener at 127.0.0.1/43871] INFO  grpc.GrpcConfigKeys (ConfUtils.java:logGet(46)) - raft.grpc.server.async.request.thread.pool.size = 32 (default)
2022-07-12 20:44:07,240 [Listener at 127.0.0.1/43871] INFO  impl.DataStreamServerImpl (ConfUtils.java:logGet(46)) - raft.datastream.type = DISABLED (default)
2022-07-12 20:44:07,240 [Listener at 127.0.0.1/43871] INFO  server.RaftServerConfigKeys (ConfUtils.java:logGet(46)) - raft.server.threadpool.proxy.cached = true (default)
2022-07-12 20:44:07,240 [Listener at 127.0.0.1/43871] INFO  server.RaftServerConfigKeys (ConfUtils.java:logGet(46)) - raft.server.threadpool.proxy.size = 0 (default)
2022-07-12 20:44:07,240 [Listener at 127.0.0.1/43871] INFO  server.RaftServerConfigKeys (ConfUtils.java:logGet(46)) - raft.server.rpc.slowness.timeout = 300s (custom)
2022-07-12 20:44:07,240 [Listener at 127.0.0.1/43871] INFO  server.RaftServerConfigKeys (ConfUtils.java:logGet(46)) - raft.server.leaderelection.leader.step-down.wait-time = 10s (default)
2022-07-12 20:44:07,241 [Listener at 127.0.0.1/43871] INFO  server.RaftServerConfigKeys (ConfUtils.java:logGet(46)) - raft.server.storage.dir = [/home/runner/work/ozone/ozone/hadoop-ozone/integration-test/target/test-dir/MiniOzoneClusterImpl-3695f4f1-b95b-4fb5-aefd-831056816bde/datanode-1/data/ratis] (custom)
2022-07-12 20:44:07,244 [Listener at 127.0.0.1/43871] INFO  server.XceiverServerGrpc (XceiverServerGrpc.java:<init>(132)) - GrpcServer channel type EpollServerSocketChannel
2022-07-12 20:44:07,249 [Listener at 127.0.0.1/43871] INFO  http.BaseHttpServer (BaseHttpServer.java:newHttpServer2BuilderForOzone(209)) - Starting Web-server for hddsDatanode at: http://0.0.0.0:0
2022-07-12 20:44:07,249 [Listener at 127.0.0.1/43871] INFO  http.BaseHttpServer (BaseHttpServer.java:<init>(107)) - Hadoop Security Enabled: false Ozone Security Enabled: false Ozone HTTP Security Enabled: false 
2022-07-12 20:44:07,250 [Listener at 127.0.0.1/43871] INFO  server.AuthenticationFilter (AuthenticationFilter.java:constructSecretProvider(240)) - Unable to initialize FileSignerSecretProvider, falling back to use random secrets.
2022-07-12 20:44:07,259 [Listener at 127.0.0.1/43871] WARN  http.HttpRequestLog (HttpRequestLog.java:getRequestLog(103)) - Jetty request log can only be enabled using Log4j
2022-07-12 20:44:07,261 [Listener at 127.0.0.1/43871] INFO  http.HttpServer2 (HttpServer2.java:addGlobalFilter(1029)) - Added global filter 'safety' (class=org.apache.hadoop.hdds.server.http.HttpServer2$QuotingInputFilter)
2022-07-12 20:44:07,261 [Listener at 127.0.0.1/43871] INFO  http.HttpServer2 (HttpServer2.java:addFilter(1005)) - Added filter static_user_filter (class=org.apache.hadoop.http.lib.StaticUserWebFilter$StaticUserFilter) to context hddsDatanode
2022-07-12 20:44:07,261 [Listener at 127.0.0.1/43871] INFO  http.HttpServer2 (HttpServer2.java:addFilter(1013)) - Added filter static_user_filter (class=org.apache.hadoop.http.lib.StaticUserWebFilter$StaticUserFilter) to context logs
2022-07-12 20:44:07,262 [Listener at 127.0.0.1/43871] INFO  http.HttpServer2 (HttpServer2.java:addFilter(1013)) - Added filter static_user_filter (class=org.apache.hadoop.http.lib.StaticUserWebFilter$StaticUserFilter) to context static
2022-07-12 20:44:07,262 [Listener at 127.0.0.1/43871] INFO  http.HttpServer2 (HttpServer2.java:bindListener(1248)) - Jetty bound to port 46535
2022-07-12 20:44:07,262 [Listener at 127.0.0.1/43871] INFO  server.Server (Server.java:doStart(375)) - jetty-9.4.43.v20210629; built: 2021-06-30T11:07:22.254Z; git: 526006ecfa3af7f1a27ef3a288e2bef7ea9dd7e8; jvm 1.8.0_332-b09
2022-07-12 20:44:07,278 [om1@group-C5BA1605619E-FollowerState] INFO  impl.FollowerState (FollowerState.java:run(143)) - om1@group-C5BA1605619E-FollowerState: change to CANDIDATE, lastRpcElapsedTime:1122553604ns, electionTimeout:1114ms
2022-07-12 20:44:07,278 [om1@group-C5BA1605619E-FollowerState] INFO  impl.RoleInfo (RoleInfo.java:shutdownFollowerState(110)) - om1: shutdown om1@group-C5BA1605619E-FollowerState
2022-07-12 20:44:07,278 [om1@group-C5BA1605619E-FollowerState] INFO  server.RaftServer$Division (RaftServerImpl.java:setRole(299)) - om1@group-C5BA1605619E: changes role from  FOLLOWER to CANDIDATE at term 0 for changeToCandidate
2022-07-12 20:44:07,311 [Listener at 127.0.0.1/43871] INFO  server.session (DefaultSessionIdManager.java:doStart(334)) - DefaultSessionIdManager workerName=node0
2022-07-12 20:44:07,311 [Listener at 127.0.0.1/43871] INFO  server.session (DefaultSessionIdManager.java:doStart(339)) - No SessionScavenger set, using defaults
2022-07-12 20:44:07,311 [Listener at 127.0.0.1/43871] INFO  server.session (HouseKeeper.java:startScavenging(132)) - node0 Scavenging every 600000ms
2022-07-12 20:44:07,312 [Listener at 127.0.0.1/43871] INFO  handler.ContextHandler (ContextHandler.java:doStart(915)) - Started o.e.j.s.ServletContextHandler@e006447{logs,/logs,file:///home/runner/work/ozone/ozone/hadoop-ozone/integration-test/target/log,AVAILABLE}
2022-07-12 20:44:07,312 [Listener at 127.0.0.1/43871] INFO  handler.ContextHandler (ContextHandler.java:doStart(915)) - Started o.e.j.s.ServletContextHandler@442eca97{static,/static,jar:file:/home/runner/.m2/repository/org/apache/ozone/hdds-container-service/1.3.0-SNAPSHOT/hdds-container-service-1.3.0-SNAPSHOT.jar!/webapps/static,AVAILABLE}
2022-07-12 20:44:07,315 [om1@group-C5BA1605619E-FollowerState] INFO  server.RaftServerConfigKeys (ConfUtils.java:logGet(46)) - raft.server.leaderelection.pre-vote = false (custom)
2022-07-12 20:44:07,315 [om1@group-C5BA1605619E-FollowerState] INFO  impl.RoleInfo (RoleInfo.java:updateAndGet(139)) - om1: start om1@group-C5BA1605619E-LeaderElection12
2022-07-12 20:44:07,327 [om1@group-C5BA1605619E-LeaderElection12] INFO  impl.LeaderElection (LeaderElection.java:askForVotes(310)) - om1@group-C5BA1605619E-LeaderElection12 ELECTION round 0: submit vote requests at term 1 for -1: [om1|rpc:localhost:9872|priority:0], old=null
2022-07-12 20:44:07,327 [om1@group-C5BA1605619E-LeaderElection12] INFO  impl.LeaderElection (LeaderElection.java:askForVotes(312)) - om1@group-C5BA1605619E-LeaderElection12 ELECTION round 0: result PASSED (term=1)
2022-07-12 20:44:07,327 [om1@group-C5BA1605619E-LeaderElection12] INFO  impl.RoleInfo (RoleInfo.java:shutdownLeaderElection(130)) - om1: shutdown om1@group-C5BA1605619E-LeaderElection12
2022-07-12 20:44:07,327 [om1@group-C5BA1605619E-LeaderElection12] INFO  server.RaftServer$Division (RaftServerImpl.java:setRole(299)) - om1@group-C5BA1605619E: changes role from CANDIDATE to LEADER at term 1 for changeToLeader
2022-07-12 20:44:07,327 [om1@group-C5BA1605619E-LeaderElection12] INFO  server.RaftServer$Division (ServerState.java:setLeader(287)) - om1@group-C5BA1605619E: change Leader from null to om1 at term 1 for becomeLeader, leader elected after 1971ms
2022-07-12 20:44:07,328 [om1@group-C5BA1605619E-LeaderElection12] INFO  server.RaftServerConfigKeys (ConfUtils.java:logGet(46)) - raft.server.staging.catchup.gap = 1000 (default)
2022-07-12 20:44:07,328 [om1@group-C5BA1605619E-LeaderElection12] INFO  server.RaftServerConfigKeys (ConfUtils.java:logGet(46)) - raft.server.write.element-limit = 4096 (default)
2022-07-12 20:44:07,328 [om1@group-C5BA1605619E-LeaderElection12] INFO  server.RaftServerConfigKeys (ConfUtils.java:logGet(46)) - raft.server.write.byte-limit = 64MB (=67108864) (default)
2022-07-12 20:44:07,328 [om1@group-C5BA1605619E-LeaderElection12] INFO  server.RaftServerConfigKeys (ConfUtils.java:logGet(46)) - raft.server.watch.timeout = 10s (default)
2022-07-12 20:44:07,328 [om1@group-C5BA1605619E-LeaderElection12] INFO  server.RaftServerConfigKeys (ConfUtils.java:logGet(46)) - raft.server.watch.timeout.denomination = 1s (default)
2022-07-12 20:44:07,328 [om1@group-C5BA1605619E-LeaderElection12] INFO  server.RaftServerConfigKeys (ConfUtils.java:logGet(46)) - raft.server.watch.element-limit = 65536 (default)
2022-07-12 20:44:07,328 [om1@group-C5BA1605619E-LeaderElection12] INFO  server.RaftServerConfigKeys (ConfUtils.java:logGet(46)) - raft.server.write.element-limit = 4096 (default)
2022-07-12 20:44:07,328 [om1@group-C5BA1605619E-LeaderElection12] INFO  server.RaftServerConfigKeys (ConfUtils.java:logGet(46)) - raft.server.write.follower.gap.ratio.max = -1.0 (default)
2022-07-12 20:44:07,328 [om1@group-C5BA1605619E-LeaderElection12] INFO  impl.RoleInfo (RoleInfo.java:updateAndGet(139)) - om1: start om1@group-C5BA1605619E-LeaderStateImpl
2022-07-12 20:44:07,329 [om1@group-C5BA1605619E-LeaderElection12] INFO  segmented.SegmentedRaftLogWorker (SegmentedRaftLogWorker.java:startLogSegment(425)) - om1@group-C5BA1605619E-SegmentedRaftLogWorker: Starting segment from index:0
2022-07-12 20:44:07,347 [om1@group-C5BA1605619E-LeaderElection12] INFO  server.RaftServer$Division (ServerState.java:setRaftConf(393)) - om1@group-C5BA1605619E: set configuration 0: [om1|rpc:localhost:9872|admin:|client:|dataStream:|priority:0], old=null
2022-07-12 20:44:07,355 [om1@group-C5BA1605619E-SegmentedRaftLogWorker] INFO  segmented.SegmentedRaftLogWorker (SegmentedRaftLogWorker.java:execute(629)) - om1@group-C5BA1605619E-SegmentedRaftLogWorker: created new log segment /home/runner/work/ozone/ozone/hadoop-ozone/integration-test/target/test-dir/MiniOzoneClusterImpl-3695f4f1-b95b-4fb5-aefd-831056816bde/ozone-meta/ratis/bf265839-605b-3f16-9796-c5ba1605619e/current/log_inprogress_0
2022-07-12 20:44:07,356 [om1@group-C5BA1605619E-StateMachineUpdater] INFO  ratis.OzoneManagerStateMachine (OzoneManagerStateMachine.java:notifyConfigurationChanged(192)) - Received Configuration change notification from Ratis. New Peer list:
[id: "om1"
address: "localhost:9872"
]
2022-07-12 20:44:07,621 [Listener at 127.0.0.1/43871] INFO  handler.ContextHandler (ContextHandler.java:doStart(915)) - Started o.e.j.w.WebAppContext@69b07727{hddsDatanode,/,file:///tmp/jetty-0_0_0_0-46535-hdds-container-service-1_3_0-SNAPSHOT_jar-_-any-8517715848973314103/webapp/,AVAILABLE}{jar:file:/home/runner/.m2/repository/org/apache/ozone/hdds-container-service/1.3.0-SNAPSHOT/hdds-container-service-1.3.0-SNAPSHOT.jar!/webapps/hddsDatanode}
2022-07-12 20:44:07,625 [Listener at 127.0.0.1/43871] INFO  server.AbstractConnector (AbstractConnector.java:doStart(331)) - Started ServerConnector@1a74e65{HTTP/1.1, (http/1.1)}{0.0.0.0:46535}
2022-07-12 20:44:07,626 [Listener at 127.0.0.1/43871] INFO  server.Server (Server.java:doStart(415)) - Started @46000ms
2022-07-12 20:44:07,626 [Listener at 127.0.0.1/43871] WARN  impl.MetricsSystemImpl (MetricsSystemImpl.java:register(279)) - Sink prometheus already exists!
2022-07-12 20:44:07,631 [Listener at 127.0.0.1/43871] INFO  http.BaseHttpServer (BaseHttpServer.java:updateConnectorAddress(329)) - HTTP server of hddsDatanode listening at http://0.0.0.0:46535
2022-07-12 20:44:07,631 [Listener at 127.0.0.1/43871] WARN  impl.MetricRegistriesImpl (MetricRegistriesImpl.java:addReporterRegistration(111)) - New reporters are added after registries were created. Some metrics will be missing from the reporter. Please add reporter before adding any new registry.
2022-07-12 20:44:07,631 [Listener at 127.0.0.1/43871] WARN  impl.MetricRegistriesImpl (MetricRegistriesImpl.java:addReporterRegistration(111)) - New reporters are added after registries were created. Some metrics will be missing from the reporter. Please add reporter before adding any new registry.
2022-07-12 20:44:07,631 [Listener at 127.0.0.1/43871] INFO  impl.MetricsSystemImpl (MetricsSystemImpl.java:init(158)) - HddsDatanode metrics system started (again)
2022-07-12 20:44:07,651 [Datanode State Machine Daemon Thread] INFO  statemachine.DatanodeStateMachine (DatanodeStateMachine.java:lambda$startDaemon$0(492)) - Ozone container server started.
2022-07-12 20:44:07,666 [Listener at 127.0.0.1/43871] INFO  ozone.HddsDatanodeService (HddsDatanodeService.java:start(236)) - HddsDatanodeService host:fv-az29-983.0gf2enmb5avurc1gjtxldx4mnh.bx.internal.cloudapp.net ip:10.1.0.33
2022-07-12 20:44:07,671 [org.apache.hadoop.util.JvmPauseMonitor$Monitor@66f30039] INFO  util.JvmPauseMonitor (JvmPauseMonitor.java:run(188)) - Starting JVM pause monitor
2022-07-12 20:44:07,689 [Datanode State Machine Task Thread - 0] INFO  datanode.InitDatanodeState (InitDatanodeState.java:persistContainerDatanodeDetails(138)) - DatanodeDetails is persisted to /home/runner/work/ozone/ozone/hadoop-ozone/integration-test/target/test-dir/MiniOzoneClusterImpl-3695f4f1-b95b-4fb5-aefd-831056816bde/datanode-1/meta/datanode.id
2022-07-12 20:44:07,705 [Listener at 127.0.0.1/43871] INFO  upgrade.AbstractLayoutVersionManager (AbstractLayoutVersionManager.java:init(82)) - Initializing Layout version manager with metadata layout = DATANODE_SCHEMA_V3 (version = 4), software layout = DATANODE_SCHEMA_V3 (version = 4)
2022-07-12 20:44:07,801 [Listener at 127.0.0.1/43871] INFO  reflections.Reflections (Reflections.java:scan(232)) - Reflections took 94 ms to scan 7 urls, producing 132 keys and 317 values 
2022-07-12 20:44:07,803 [Listener at 127.0.0.1/43871] INFO  statemachine.DatanodeStateMachine (DatanodeStateMachine.java:getEndPointTaskThreadPoolSize(237)) - Datanode State Machine Task Thread Pool size 2
2022-07-12 20:44:07,817 [Listener at 127.0.0.1/43871] INFO  volume.HddsVolume (HddsVolume.java:<init>(116)) - Creating HddsVolume: /home/runner/work/ozone/ozone/hadoop-ozone/integration-test/target/test-dir/MiniOzoneClusterImpl-3695f4f1-b95b-4fb5-aefd-831056816bde/datanode-2/data-0/containers/hdds of storage type : DISK capacity : 9223372036854775807
2022-07-12 20:44:07,817 [Listener at 127.0.0.1/43871] INFO  volume.MutableVolumeSet (MutableVolumeSet.java:initializeVolumeSet(174)) - Added Volume : /home/runner/work/ozone/ozone/hadoop-ozone/integration-test/target/test-dir/MiniOzoneClusterImpl-3695f4f1-b95b-4fb5-aefd-831056816bde/datanode-2/data-0/containers/hdds to VolumeSet
2022-07-12 20:44:07,817 [Listener at 127.0.0.1/43871] INFO  volume.ThrottledAsyncChecker (ThrottledAsyncChecker.java:schedule(141)) - Scheduling a check for /home/runner/work/ozone/ozone/hadoop-ozone/integration-test/target/test-dir/MiniOzoneClusterImpl-3695f4f1-b95b-4fb5-aefd-831056816bde/datanode-2/data-0/containers/hdds
2022-07-12 20:44:07,829 [Listener at 127.0.0.1/43871] INFO  volume.StorageVolumeChecker (StorageVolumeChecker.java:checkAllVolumes(202)) - Scheduled health check for volume /home/runner/work/ozone/ozone/hadoop-ozone/integration-test/target/test-dir/MiniOzoneClusterImpl-3695f4f1-b95b-4fb5-aefd-831056816bde/datanode-2/data-0/containers/hdds
2022-07-12 20:44:07,840 [Listener at 127.0.0.1/43871] INFO  volume.MutableVolumeSet (MutableVolumeSet.java:initializeVolumeSet(174)) - Added Volume : /home/runner/work/ozone/ozone/hadoop-ozone/integration-test/target/test-dir/MiniOzoneClusterImpl-3695f4f1-b95b-4fb5-aefd-831056816bde/datanode-2/data/ratis to VolumeSet
2022-07-12 20:44:07,840 [Listener at 127.0.0.1/43871] INFO  volume.ThrottledAsyncChecker (ThrottledAsyncChecker.java:schedule(141)) - Scheduling a check for /home/runner/work/ozone/ozone/hadoop-ozone/integration-test/target/test-dir/MiniOzoneClusterImpl-3695f4f1-b95b-4fb5-aefd-831056816bde/datanode-2/data/ratis
2022-07-12 20:44:07,843 [Listener at 127.0.0.1/43871] INFO  volume.StorageVolumeChecker (StorageVolumeChecker.java:checkAllVolumes(202)) - Scheduled health check for volume /home/runner/work/ozone/ozone/hadoop-ozone/integration-test/target/test-dir/MiniOzoneClusterImpl-3695f4f1-b95b-4fb5-aefd-831056816bde/datanode-2/data/ratis
2022-07-12 20:44:07,867 [Thread-428] INFO  ozoneimpl.ContainerReader (ContainerReader.java:readVolume(175)) - Finish verifying containers on volume /home/runner/work/ozone/ozone/hadoop-ozone/integration-test/target/test-dir/MiniOzoneClusterImpl-3695f4f1-b95b-4fb5-aefd-831056816bde/datanode-2/data-0/containers/hdds
2022-07-12 20:44:07,867 [Listener at 127.0.0.1/43871] INFO  ozoneimpl.OzoneContainer (OzoneContainer.java:buildContainerSet(266)) - Build ContainerSet costs 0s
2022-07-12 20:44:07,875 [Listener at 127.0.0.1/43871] INFO  server.RaftServer (ConfUtils.java:logGet(46)) - raft.rpc.type = GRPC (default)
2022-07-12 20:44:07,875 [Listener at 127.0.0.1/43871] INFO  grpc.GrpcFactory (GrpcFactory.java:checkPooledByteBufAllocatorUseCacheForAllThreads(48)) - PERFORMANCE WARNING: useCacheForAllThreads is true that may cause Netty to create a lot garbage objects and, as a result, trigger GC.
	It is recommended to disable useCacheForAllThreads by setting -Dorg.apache.ratis.thirdparty.io.netty.allocator.useCacheForAllThreads=false in command line.
2022-07-12 20:44:07,876 [Listener at 127.0.0.1/43871] INFO  grpc.GrpcConfigKeys (ConfUtils.java:logGet(46)) - raft.grpc.admin.port = 0 (custom)
2022-07-12 20:44:07,876 [Listener at 127.0.0.1/43871] INFO  grpc.GrpcConfigKeys (ConfUtils.java:logGet(46)) - raft.grpc.client.port = 0 (custom)
2022-07-12 20:44:07,876 [Listener at 127.0.0.1/43871] INFO  grpc.GrpcConfigKeys (ConfUtils.java:logGet(46)) - raft.grpc.server.port = 0 (default)
2022-07-12 20:44:07,876 [Listener at 127.0.0.1/43871] INFO  server.GrpcService (ConfUtils.java:logGet(46)) - raft.grpc.message.size.max = 32MB (=33554432) (custom)
2022-07-12 20:44:07,876 [Listener at 127.0.0.1/43871] INFO  server.RaftServerConfigKeys (ConfUtils.java:logGet(46)) - raft.server.log.appender.buffer.byte-limit = 33554432 (custom)
2022-07-12 20:44:07,876 [Listener at 127.0.0.1/43871] INFO  server.GrpcService (ConfUtils.java:logGet(46)) - raft.grpc.flow.control.window = 5MB (=5242880) (custom)
2022-07-12 20:44:07,876 [Listener at 127.0.0.1/43871] INFO  server.RaftServerConfigKeys (ConfUtils.java:logGet(46)) - raft.server.rpc.request.timeout = 60s (custom)
2022-07-12 20:44:07,876 [Listener at 127.0.0.1/43871] INFO  grpc.GrpcConfigKeys (ConfUtils.java:logGet(46)) - raft.grpc.server.async.request.thread.pool.cached = true (default)
2022-07-12 20:44:07,876 [Listener at 127.0.0.1/43871] INFO  grpc.GrpcConfigKeys (ConfUtils.java:logGet(46)) - raft.grpc.server.async.request.thread.pool.size = 32 (default)
2022-07-12 20:44:07,878 [Listener at 127.0.0.1/43871] INFO  impl.DataStreamServerImpl (ConfUtils.java:logGet(46)) - raft.datastream.type = DISABLED (default)
2022-07-12 20:44:07,878 [Listener at 127.0.0.1/43871] INFO  server.RaftServerConfigKeys (ConfUtils.java:logGet(46)) - raft.server.threadpool.proxy.cached = true (default)
2022-07-12 20:44:07,879 [Listener at 127.0.0.1/43871] INFO  server.RaftServerConfigKeys (ConfUtils.java:logGet(46)) - raft.server.threadpool.proxy.size = 0 (default)
2022-07-12 20:44:07,879 [Listener at 127.0.0.1/43871] INFO  server.RaftServerConfigKeys (ConfUtils.java:logGet(46)) - raft.server.rpc.slowness.timeout = 300s (custom)
2022-07-12 20:44:07,879 [Listener at 127.0.0.1/43871] INFO  server.RaftServerConfigKeys (ConfUtils.java:logGet(46)) - raft.server.leaderelection.leader.step-down.wait-time = 10s (default)
2022-07-12 20:44:07,879 [Listener at 127.0.0.1/43871] INFO  server.RaftServerConfigKeys (ConfUtils.java:logGet(46)) - raft.server.storage.dir = [/home/runner/work/ozone/ozone/hadoop-ozone/integration-test/target/test-dir/MiniOzoneClusterImpl-3695f4f1-b95b-4fb5-aefd-831056816bde/datanode-2/data/ratis] (custom)
2022-07-12 20:44:07,900 [Listener at 127.0.0.1/43871] INFO  server.XceiverServerGrpc (XceiverServerGrpc.java:<init>(132)) - GrpcServer channel type EpollServerSocketChannel
2022-07-12 20:44:07,915 [Listener at 127.0.0.1/43871] INFO  http.BaseHttpServer (BaseHttpServer.java:newHttpServer2BuilderForOzone(209)) - Starting Web-server for hddsDatanode at: http://0.0.0.0:0
2022-07-12 20:44:07,915 [Listener at 127.0.0.1/43871] INFO  http.BaseHttpServer (BaseHttpServer.java:<init>(107)) - Hadoop Security Enabled: false Ozone Security Enabled: false Ozone HTTP Security Enabled: false 
2022-07-12 20:44:07,917 [Listener at 127.0.0.1/43871] INFO  server.AuthenticationFilter (AuthenticationFilter.java:constructSecretProvider(240)) - Unable to initialize FileSignerSecretProvider, falling back to use random secrets.
2022-07-12 20:44:07,917 [Listener at 127.0.0.1/43871] WARN  http.HttpRequestLog (HttpRequestLog.java:getRequestLog(103)) - Jetty request log can only be enabled using Log4j
2022-07-12 20:44:07,918 [Listener at 127.0.0.1/43871] INFO  http.HttpServer2 (HttpServer2.java:addGlobalFilter(1029)) - Added global filter 'safety' (class=org.apache.hadoop.hdds.server.http.HttpServer2$QuotingInputFilter)
2022-07-12 20:44:07,920 [Listener at 127.0.0.1/43871] INFO  http.HttpServer2 (HttpServer2.java:addFilter(1005)) - Added filter static_user_filter (class=org.apache.hadoop.http.lib.StaticUserWebFilter$StaticUserFilter) to context hddsDatanode
2022-07-12 20:44:07,920 [Listener at 127.0.0.1/43871] INFO  http.HttpServer2 (HttpServer2.java:addFilter(1013)) - Added filter static_user_filter (class=org.apache.hadoop.http.lib.StaticUserWebFilter$StaticUserFilter) to context static
2022-07-12 20:44:07,920 [Listener at 127.0.0.1/43871] INFO  http.HttpServer2 (HttpServer2.java:addFilter(1013)) - Added filter static_user_filter (class=org.apache.hadoop.http.lib.StaticUserWebFilter$StaticUserFilter) to context logs
2022-07-12 20:44:07,920 [Listener at 127.0.0.1/43871] INFO  http.HttpServer2 (HttpServer2.java:bindListener(1248)) - Jetty bound to port 40699
2022-07-12 20:44:07,921 [Listener at 127.0.0.1/43871] INFO  server.Server (Server.java:doStart(375)) - jetty-9.4.43.v20210629; built: 2021-06-30T11:07:22.254Z; git: 526006ecfa3af7f1a27ef3a288e2bef7ea9dd7e8; jvm 1.8.0_332-b09
2022-07-12 20:44:07,947 [Listener at 127.0.0.1/43871] INFO  server.session (DefaultSessionIdManager.java:doStart(334)) - DefaultSessionIdManager workerName=node0
2022-07-12 20:44:07,947 [Listener at 127.0.0.1/43871] INFO  server.session (DefaultSessionIdManager.java:doStart(339)) - No SessionScavenger set, using defaults
2022-07-12 20:44:07,948 [Listener at 127.0.0.1/43871] INFO  server.session (HouseKeeper.java:startScavenging(132)) - node0 Scavenging every 600000ms
2022-07-12 20:44:07,952 [Listener at 127.0.0.1/43871] INFO  handler.ContextHandler (ContextHandler.java:doStart(915)) - Started o.e.j.s.ServletContextHandler@470a068c{logs,/logs,file:///home/runner/work/ozone/ozone/hadoop-ozone/integration-test/target/log,AVAILABLE}
2022-07-12 20:44:07,952 [Listener at 127.0.0.1/43871] INFO  handler.ContextHandler (ContextHandler.java:doStart(915)) - Started o.e.j.s.ServletContextHandler@7232a767{static,/static,jar:file:/home/runner/.m2/repository/org/apache/ozone/hdds-container-service/1.3.0-SNAPSHOT/hdds-container-service-1.3.0-SNAPSHOT.jar!/webapps/static,AVAILABLE}
2022-07-12 20:44:08,235 [Listener at 127.0.0.1/43871] INFO  handler.ContextHandler (ContextHandler.java:doStart(915)) - Started o.e.j.w.WebAppContext@aabb853{hddsDatanode,/,file:///tmp/jetty-0_0_0_0-40699-hdds-container-service-1_3_0-SNAPSHOT_jar-_-any-1504667665911659461/webapp/,AVAILABLE}{jar:file:/home/runner/.m2/repository/org/apache/ozone/hdds-container-service/1.3.0-SNAPSHOT/hdds-container-service-1.3.0-SNAPSHOT.jar!/webapps/hddsDatanode}
2022-07-12 20:44:08,237 [Listener at 127.0.0.1/43871] INFO  server.AbstractConnector (AbstractConnector.java:doStart(331)) - Started ServerConnector@13488a7a{HTTP/1.1, (http/1.1)}{0.0.0.0:40699}
2022-07-12 20:44:08,237 [Listener at 127.0.0.1/43871] INFO  server.Server (Server.java:doStart(415)) - Started @46611ms
2022-07-12 20:44:08,237 [Listener at 127.0.0.1/43871] WARN  impl.MetricsSystemImpl (MetricsSystemImpl.java:register(279)) - Sink prometheus already exists!
2022-07-12 20:44:08,238 [Listener at 127.0.0.1/43871] INFO  http.BaseHttpServer (BaseHttpServer.java:updateConnectorAddress(329)) - HTTP server of hddsDatanode listening at http://0.0.0.0:40699
2022-07-12 20:44:08,238 [Listener at 127.0.0.1/43871] INFO  ozone.MiniOzoneClusterImpl (MiniOzoneClusterImpl.java:lambda$waitForClusterToBeReady$0(223)) - Waiting for nodes to be ready. Got 0 of 3 DN Heartbeats.
2022-07-12 20:44:08,238 [Listener at 127.0.0.1/43871] INFO  ozone.MiniOzoneClusterImpl (MiniOzoneClusterImpl.java:lambda$waitForClusterToBeReady$0(226)) - Waiting for cluster to exit safe mode
2022-07-12 20:44:08,238 [Listener at 127.0.0.1/43871] INFO  ozone.MiniOzoneClusterImpl (MiniOzoneClusterImpl.java:lambda$waitForClusterToBeReady$0(228)) - SCM became leader
2022-07-12 20:44:08,247 [Datanode State Machine Daemon Thread] INFO  statemachine.DatanodeStateMachine (DatanodeStateMachine.java:lambda$startDaemon$0(492)) - Ozone container server started.
2022-07-12 20:44:08,327 [org.apache.hadoop.util.JvmPauseMonitor$Monitor@1222e854] INFO  util.JvmPauseMonitor (JvmPauseMonitor.java:run(188)) - Starting JVM pause monitor
2022-07-12 20:44:08,333 [Datanode State Machine Task Thread - 0] INFO  datanode.InitDatanodeState (InitDatanodeState.java:persistContainerDatanodeDetails(138)) - DatanodeDetails is persisted to /home/runner/work/ozone/ozone/hadoop-ozone/integration-test/target/test-dir/MiniOzoneClusterImpl-3695f4f1-b95b-4fb5-aefd-831056816bde/datanode-2/meta/datanode.id
2022-07-12 20:44:09,118 [EndpointStateMachine task thread for /0.0.0.0:45529 - 0 ] INFO  volume.HddsVolume (HddsVolume.java:createDbStore(309)) - SchemaV3 db is created and loaded at /home/runner/work/ozone/ozone/hadoop-ozone/integration-test/target/test-dir/MiniOzoneClusterImpl-3695f4f1-b95b-4fb5-aefd-831056816bde/datanode-0/data-0/containers/hdds/3695f4f1-b95b-4fb5-aefd-831056816bde/DS-d42e8295-e650-4c99-a2b3-c20a546cea1a/container.db for volume DS-d42e8295-e650-4c99-a2b3-c20a546cea1a
2022-07-12 20:44:09,120 [EndpointStateMachine task thread for /0.0.0.0:45529 - 0 ] INFO  volume.HddsVolume (HddsVolume.java:closeDbStore(340)) - SchemaV3 db is stopped at /home/runner/work/ozone/ozone/hadoop-ozone/integration-test/target/test-dir/MiniOzoneClusterImpl-3695f4f1-b95b-4fb5-aefd-831056816bde/datanode-0/data-0/containers/hdds/3695f4f1-b95b-4fb5-aefd-831056816bde/DS-d42e8295-e650-4c99-a2b3-c20a546cea1a/container.db for volume DS-d42e8295-e650-4c99-a2b3-c20a546cea1a
2022-07-12 20:44:09,120 [EndpointStateMachine task thread for /0.0.0.0:45529 - 0 ] INFO  ozoneimpl.OzoneContainer (OzoneContainer.java:start(344)) - Attempting to start container services.
2022-07-12 20:44:09,120 [EndpointStateMachine task thread for /0.0.0.0:45529 - 0 ] INFO  ozoneimpl.OzoneContainer (OzoneContainer.java:startContainerScrub(279)) - Background container scanner has been disabled.
2022-07-12 20:44:09,122 [EndpointStateMachine task thread for /0.0.0.0:45529 - 0 ] INFO  replication.ReplicationServer (ReplicationServer.java:start(111)) - ReplicationServer is started using port 33289
2022-07-12 20:44:09,126 [EndpointStateMachine task thread for /0.0.0.0:45529 - 0 ] INFO  ratis.XceiverServerRatis (XceiverServerRatis.java:start(481)) - Starting XceiverServerRatis 48a25e45-563c-42d6-b13a-b9125caf58d3
2022-07-12 20:44:09,127 [EndpointStateMachine task thread for /0.0.0.0:45529 - 0 ] INFO  server.RaftServer (RaftServerProxy.java:lambda$start$6(382)) - 48a25e45-563c-42d6-b13a-b9125caf58d3: start RPC server
2022-07-12 20:44:09,132 [EndpointStateMachine task thread for /0.0.0.0:45529 - 0 ] INFO  server.GrpcService (GrpcService.java:startImpl(260)) - 48a25e45-563c-42d6-b13a-b9125caf58d3: GrpcService started, listening on 42457
2022-07-12 20:44:09,132 [EndpointStateMachine task thread for /0.0.0.0:45529 - 0 ] INFO  ratis.XceiverServerRatis (XceiverServerRatis.java:getRealPort(502)) - XceiverServerRatis 48a25e45-563c-42d6-b13a-b9125caf58d3 is started using port 42457 for RATIS
2022-07-12 20:44:09,132 [EndpointStateMachine task thread for /0.0.0.0:45529 - 0 ] INFO  ratis.XceiverServerRatis (XceiverServerRatis.java:getRealPort(502)) - XceiverServerRatis 48a25e45-563c-42d6-b13a-b9125caf58d3 is started using port 42457 for RATIS_ADMIN
2022-07-12 20:44:09,132 [EndpointStateMachine task thread for /0.0.0.0:45529 - 0 ] INFO  ratis.XceiverServerRatis (XceiverServerRatis.java:getRealPort(502)) - XceiverServerRatis 48a25e45-563c-42d6-b13a-b9125caf58d3 is started using port 42457 for RATIS_SERVER
2022-07-12 20:44:09,132 [org.apache.ratis.util.JvmPauseMonitor$$Lambda$680/1268395511@1ff2690f] INFO  util.JvmPauseMonitor (JvmPauseMonitor.java:run(103)) - JvmPauseMonitor-48a25e45-563c-42d6-b13a-b9125caf58d3: Started
2022-07-12 20:44:09,139 [EndpointStateMachine task thread for /0.0.0.0:45529 - 0 ] INFO  server.XceiverServerGrpc (XceiverServerGrpc.java:start(180)) - XceiverServerGrpc 48a25e45-563c-42d6-b13a-b9125caf58d3 is started using port 39995
2022-07-12 20:44:09,247 [Listener at 127.0.0.1/43871] INFO  ozone.MiniOzoneClusterImpl (MiniOzoneClusterImpl.java:lambda$waitForClusterToBeReady$0(223)) - Waiting for nodes to be ready. Got 0 of 3 DN Heartbeats.
2022-07-12 20:44:09,247 [Listener at 127.0.0.1/43871] INFO  ozone.MiniOzoneClusterImpl (MiniOzoneClusterImpl.java:lambda$waitForClusterToBeReady$0(226)) - Waiting for cluster to exit safe mode
2022-07-12 20:44:09,247 [Listener at 127.0.0.1/43871] INFO  ozone.MiniOzoneClusterImpl (MiniOzoneClusterImpl.java:lambda$waitForClusterToBeReady$0(228)) - SCM became leader
2022-07-12 20:44:09,729 [EndpointStateMachine task thread for /0.0.0.0:45529 - 0 ] INFO  volume.HddsVolume (HddsVolume.java:createDbStore(309)) - SchemaV3 db is created and loaded at /home/runner/work/ozone/ozone/hadoop-ozone/integration-test/target/test-dir/MiniOzoneClusterImpl-3695f4f1-b95b-4fb5-aefd-831056816bde/datanode-1/data-0/containers/hdds/3695f4f1-b95b-4fb5-aefd-831056816bde/DS-d084b2e4-9e05-4f6b-91d1-81320ba624fa/container.db for volume DS-d084b2e4-9e05-4f6b-91d1-81320ba624fa
2022-07-12 20:44:09,730 [EndpointStateMachine task thread for /0.0.0.0:45529 - 0 ] INFO  volume.HddsVolume (HddsVolume.java:closeDbStore(340)) - SchemaV3 db is stopped at /home/runner/work/ozone/ozone/hadoop-ozone/integration-test/target/test-dir/MiniOzoneClusterImpl-3695f4f1-b95b-4fb5-aefd-831056816bde/datanode-1/data-0/containers/hdds/3695f4f1-b95b-4fb5-aefd-831056816bde/DS-d084b2e4-9e05-4f6b-91d1-81320ba624fa/container.db for volume DS-d084b2e4-9e05-4f6b-91d1-81320ba624fa
2022-07-12 20:44:09,730 [EndpointStateMachine task thread for /0.0.0.0:45529 - 0 ] INFO  ozoneimpl.OzoneContainer (OzoneContainer.java:start(344)) - Attempting to start container services.
2022-07-12 20:44:09,730 [EndpointStateMachine task thread for /0.0.0.0:45529 - 0 ] INFO  ozoneimpl.OzoneContainer (OzoneContainer.java:startContainerScrub(279)) - Background container scanner has been disabled.
2022-07-12 20:44:09,747 [EndpointStateMachine task thread for /0.0.0.0:45529 - 0 ] INFO  replication.ReplicationServer (ReplicationServer.java:start(111)) - ReplicationServer is started using port 42467
2022-07-12 20:44:09,747 [EndpointStateMachine task thread for /0.0.0.0:45529 - 0 ] INFO  ratis.XceiverServerRatis (XceiverServerRatis.java:start(481)) - Starting XceiverServerRatis f703b3fd-e363-452b-a1ce-6d81fe452714
2022-07-12 20:44:09,748 [EndpointStateMachine task thread for /0.0.0.0:45529 - 0 ] INFO  server.RaftServer (RaftServerProxy.java:lambda$start$6(382)) - f703b3fd-e363-452b-a1ce-6d81fe452714: start RPC server
2022-07-12 20:44:09,758 [EndpointStateMachine task thread for /0.0.0.0:45529 - 0 ] INFO  server.GrpcService (GrpcService.java:startImpl(260)) - f703b3fd-e363-452b-a1ce-6d81fe452714: GrpcService started, listening on 40627
2022-07-12 20:44:09,759 [EndpointStateMachine task thread for /0.0.0.0:45529 - 0 ] INFO  ratis.XceiverServerRatis (XceiverServerRatis.java:getRealPort(502)) - XceiverServerRatis f703b3fd-e363-452b-a1ce-6d81fe452714 is started using port 40627 for RATIS
2022-07-12 20:44:09,759 [EndpointStateMachine task thread for /0.0.0.0:45529 - 0 ] INFO  ratis.XceiverServerRatis (XceiverServerRatis.java:getRealPort(502)) - XceiverServerRatis f703b3fd-e363-452b-a1ce-6d81fe452714 is started using port 40627 for RATIS_ADMIN
2022-07-12 20:44:09,759 [EndpointStateMachine task thread for /0.0.0.0:45529 - 0 ] INFO  ratis.XceiverServerRatis (XceiverServerRatis.java:getRealPort(502)) - XceiverServerRatis f703b3fd-e363-452b-a1ce-6d81fe452714 is started using port 40627 for RATIS_SERVER
2022-07-12 20:44:09,759 [org.apache.ratis.util.JvmPauseMonitor$$Lambda$680/1268395511@7259a520] INFO  util.JvmPauseMonitor (JvmPauseMonitor.java:run(103)) - JvmPauseMonitor-f703b3fd-e363-452b-a1ce-6d81fe452714: Started
2022-07-12 20:44:09,773 [EndpointStateMachine task thread for /0.0.0.0:45529 - 0 ] INFO  server.XceiverServerGrpc (XceiverServerGrpc.java:start(180)) - XceiverServerGrpc f703b3fd-e363-452b-a1ce-6d81fe452714 is started using port 32799
2022-07-12 20:44:10,247 [Listener at 127.0.0.1/43871] INFO  ozone.MiniOzoneClusterImpl (MiniOzoneClusterImpl.java:lambda$waitForClusterToBeReady$0(223)) - Waiting for nodes to be ready. Got 0 of 3 DN Heartbeats.
2022-07-12 20:44:10,247 [Listener at 127.0.0.1/43871] INFO  ozone.MiniOzoneClusterImpl (MiniOzoneClusterImpl.java:lambda$waitForClusterToBeReady$0(226)) - Waiting for cluster to exit safe mode
2022-07-12 20:44:10,248 [Listener at 127.0.0.1/43871] INFO  ozone.MiniOzoneClusterImpl (MiniOzoneClusterImpl.java:lambda$waitForClusterToBeReady$0(228)) - SCM became leader
2022-07-12 20:44:10,392 [EndpointStateMachine task thread for /0.0.0.0:45529 - 0 ] INFO  volume.HddsVolume (HddsVolume.java:createDbStore(309)) - SchemaV3 db is created and loaded at /home/runner/work/ozone/ozone/hadoop-ozone/integration-test/target/test-dir/MiniOzoneClusterImpl-3695f4f1-b95b-4fb5-aefd-831056816bde/datanode-2/data-0/containers/hdds/3695f4f1-b95b-4fb5-aefd-831056816bde/DS-0a45bbaf-e1b1-4376-92dc-2d6116758898/container.db for volume DS-0a45bbaf-e1b1-4376-92dc-2d6116758898
2022-07-12 20:44:10,393 [EndpointStateMachine task thread for /0.0.0.0:45529 - 0 ] INFO  volume.HddsVolume (HddsVolume.java:closeDbStore(340)) - SchemaV3 db is stopped at /home/runner/work/ozone/ozone/hadoop-ozone/integration-test/target/test-dir/MiniOzoneClusterImpl-3695f4f1-b95b-4fb5-aefd-831056816bde/datanode-2/data-0/containers/hdds/3695f4f1-b95b-4fb5-aefd-831056816bde/DS-0a45bbaf-e1b1-4376-92dc-2d6116758898/container.db for volume DS-0a45bbaf-e1b1-4376-92dc-2d6116758898
2022-07-12 20:44:10,393 [EndpointStateMachine task thread for /0.0.0.0:45529 - 0 ] INFO  ozoneimpl.OzoneContainer (OzoneContainer.java:start(344)) - Attempting to start container services.
2022-07-12 20:44:10,393 [EndpointStateMachine task thread for /0.0.0.0:45529 - 0 ] INFO  ozoneimpl.OzoneContainer (OzoneContainer.java:startContainerScrub(279)) - Background container scanner has been disabled.
2022-07-12 20:44:10,403 [EndpointStateMachine task thread for /0.0.0.0:45529 - 0 ] INFO  replication.ReplicationServer (ReplicationServer.java:start(111)) - ReplicationServer is started using port 43393
2022-07-12 20:44:10,419 [EndpointStateMachine task thread for /0.0.0.0:45529 - 0 ] INFO  ratis.XceiverServerRatis (XceiverServerRatis.java:start(481)) - Starting XceiverServerRatis 89964798-5625-4a4f-a306-699ecc29e47f
2022-07-12 20:44:10,435 [EndpointStateMachine task thread for /0.0.0.0:45529 - 0 ] INFO  server.RaftServer (RaftServerProxy.java:lambda$start$6(382)) - 89964798-5625-4a4f-a306-699ecc29e47f: start RPC server
2022-07-12 20:44:10,452 [EndpointStateMachine task thread for /0.0.0.0:45529 - 0 ] INFO  server.GrpcService (GrpcService.java:startImpl(260)) - 89964798-5625-4a4f-a306-699ecc29e47f: GrpcService started, listening on 38191
2022-07-12 20:44:10,452 [EndpointStateMachine task thread for /0.0.0.0:45529 - 0 ] INFO  ratis.XceiverServerRatis (XceiverServerRatis.java:getRealPort(502)) - XceiverServerRatis 89964798-5625-4a4f-a306-699ecc29e47f is started using port 38191 for RATIS
2022-07-12 20:44:10,452 [EndpointStateMachine task thread for /0.0.0.0:45529 - 0 ] INFO  ratis.XceiverServerRatis (XceiverServerRatis.java:getRealPort(502)) - XceiverServerRatis 89964798-5625-4a4f-a306-699ecc29e47f is started using port 38191 for RATIS_ADMIN
2022-07-12 20:44:10,452 [EndpointStateMachine task thread for /0.0.0.0:45529 - 0 ] INFO  ratis.XceiverServerRatis (XceiverServerRatis.java:getRealPort(502)) - XceiverServerRatis 89964798-5625-4a4f-a306-699ecc29e47f is started using port 38191 for RATIS_SERVER
2022-07-12 20:44:10,452 [org.apache.ratis.util.JvmPauseMonitor$$Lambda$680/1268395511@25321b92] INFO  util.JvmPauseMonitor (JvmPauseMonitor.java:run(103)) - JvmPauseMonitor-89964798-5625-4a4f-a306-699ecc29e47f: Started
2022-07-12 20:44:10,487 [EndpointStateMachine task thread for /0.0.0.0:45529 - 0 ] INFO  server.XceiverServerGrpc (XceiverServerGrpc.java:start(180)) - XceiverServerGrpc 89964798-5625-4a4f-a306-699ecc29e47f is started using port 33119
2022-07-12 20:44:11,045 [IPC Server handler 0 on default port 45529] INFO  net.NetworkTopologyImpl (NetworkTopologyImpl.java:add(112)) - Added a new node: /default-rack/48a25e45-563c-42d6-b13a-b9125caf58d3
2022-07-12 20:44:11,046 [IPC Server handler 0 on default port 45529] INFO  node.SCMNodeManager (SCMNodeManager.java:register(397)) - Registered Data node : 48a25e45-563c-42d6-b13a-b9125caf58d3{ip: 10.1.0.33, host: fv-az29-983.0gf2enmb5avurc1gjtxldx4mnh.bx.internal.cloudapp.net, ports: [REPLICATION=33289, RATIS=42457, RATIS_ADMIN=42457, RATIS_SERVER=42457, STANDALONE=39995], networkLocation: /default-rack, certSerialId: null, persistedOpState: null, persistedOpStateExpiryEpochSec: 0}
2022-07-12 20:44:11,049 [EventQueue-NodeRegistrationContainerReportForDataNodeSafeModeRule] INFO  safemode.SCMSafeModeManager (DataNodeSafeModeRule.java:process(71)) - SCM in safe mode. 1 DataNodes registered, 3 required.
2022-07-12 20:44:11,050 [EventQueue-NodeRegistrationContainerReportForContainerSafeModeRule] INFO  safemode.SCMSafeModeManager (SCMSafeModeManager.java:validateSafeModeExitRules(204)) - ContainerSafeModeRule rule is successfully validated
2022-07-12 20:44:11,068 [EventQueue-NewNodeForNewNodeHandler] INFO  pipeline.BackgroundPipelineCreator (BackgroundPipelineCreator.java:notifyEventTriggered(275)) - trigger a one-shot run on RatisPipelineUtilsThread.
2022-07-12 20:44:11,068 [RatisPipelineUtilsThread - 0] INFO  pipeline.RatisPipelineProvider (RatisPipelineProvider.java:lambda$create$0(195)) - Sending CreatePipelineCommand for pipeline:PipelineID=81c8ab5a-5909-4da0-9b24-50f2246af944 to datanode:48a25e45-563c-42d6-b13a-b9125caf58d3
2022-07-12 20:44:11,069 [RatisPipelineUtilsThread - 0] INFO  pipeline.PipelineStateManagerImpl (PipelineStateManagerImpl.java:addPipeline(103)) - Created pipeline Pipeline[ Id: 81c8ab5a-5909-4da0-9b24-50f2246af944, Nodes: 48a25e45-563c-42d6-b13a-b9125caf58d3{ip: 10.1.0.33, host: fv-az29-983.0gf2enmb5avurc1gjtxldx4mnh.bx.internal.cloudapp.net, ports: [REPLICATION=33289, RATIS=42457, RATIS_ADMIN=42457, RATIS_SERVER=42457, STANDALONE=39995], networkLocation: /default-rack, certSerialId: null, persistedOpState: IN_SERVICE, persistedOpStateExpiryEpochSec: 0}, ReplicationConfig: RATIS/ONE, State:ALLOCATED, leaderId:, CreationTimestamp2022-07-12T20:44:11.068Z[Etc/UTC]].
2022-07-12 20:44:11,072 [EventQueue-PipelineReportForOneReplicaPipelineSafeModeRule] INFO  safemode.SCMSafeModeManager (SCMSafeModeManager.java:validateSafeModeExitRules(204)) - AtleastOneDatanodeReportedRule rule is successfully validated
2022-07-12 20:44:11,248 [Listener at 127.0.0.1/43871] INFO  ozone.MiniOzoneClusterImpl (MiniOzoneClusterImpl.java:lambda$waitForClusterToBeReady$0(223)) - Waiting for nodes to be ready. Got 1 of 3 DN Heartbeats.
2022-07-12 20:44:11,249 [Listener at 127.0.0.1/43871] INFO  ozone.MiniOzoneClusterImpl (MiniOzoneClusterImpl.java:lambda$waitForClusterToBeReady$0(226)) - Waiting for cluster to exit safe mode
2022-07-12 20:44:11,249 [Listener at 127.0.0.1/43871] INFO  ozone.MiniOzoneClusterImpl (MiniOzoneClusterImpl.java:lambda$waitForClusterToBeReady$0(228)) - SCM became leader
2022-07-12 20:44:11,675 [IPC Server handler 2 on default port 45529] INFO  net.NetworkTopologyImpl (NetworkTopologyImpl.java:add(112)) - Added a new node: /default-rack/f703b3fd-e363-452b-a1ce-6d81fe452714
2022-07-12 20:44:11,675 [IPC Server handler 2 on default port 45529] INFO  node.SCMNodeManager (SCMNodeManager.java:register(397)) - Registered Data node : f703b3fd-e363-452b-a1ce-6d81fe452714{ip: 10.1.0.33, host: fv-az29-983.0gf2enmb5avurc1gjtxldx4mnh.bx.internal.cloudapp.net, ports: [REPLICATION=42467, RATIS=40627, RATIS_ADMIN=40627, RATIS_SERVER=40627, STANDALONE=32799], networkLocation: /default-rack, certSerialId: null, persistedOpState: null, persistedOpStateExpiryEpochSec: 0}
2022-07-12 20:44:11,675 [EventQueue-NewNodeForNewNodeHandler] INFO  pipeline.BackgroundPipelineCreator (BackgroundPipelineCreator.java:notifyEventTriggered(275)) - trigger a one-shot run on RatisPipelineUtilsThread.
2022-07-12 20:44:11,685 [EventQueue-NodeRegistrationContainerReportForDataNodeSafeModeRule] INFO  safemode.SCMSafeModeManager (DataNodeSafeModeRule.java:process(71)) - SCM in safe mode. 2 DataNodes registered, 3 required.
2022-07-12 20:44:11,687 [RatisPipelineUtilsThread - 0] INFO  pipeline.RatisPipelineProvider (RatisPipelineProvider.java:lambda$create$0(195)) - Sending CreatePipelineCommand for pipeline:PipelineID=d604de4b-c9f0-40aa-bde0-a4396cf7ef32 to datanode:f703b3fd-e363-452b-a1ce-6d81fe452714
2022-07-12 20:44:11,688 [RatisPipelineUtilsThread - 0] INFO  pipeline.PipelineStateManagerImpl (PipelineStateManagerImpl.java:addPipeline(103)) - Created pipeline Pipeline[ Id: d604de4b-c9f0-40aa-bde0-a4396cf7ef32, Nodes: f703b3fd-e363-452b-a1ce-6d81fe452714{ip: 10.1.0.33, host: fv-az29-983.0gf2enmb5avurc1gjtxldx4mnh.bx.internal.cloudapp.net, ports: [REPLICATION=42467, RATIS=40627, RATIS_ADMIN=40627, RATIS_SERVER=40627, STANDALONE=32799], networkLocation: /default-rack, certSerialId: null, persistedOpState: IN_SERVICE, persistedOpStateExpiryEpochSec: 0}, ReplicationConfig: RATIS/ONE, State:ALLOCATED, leaderId:, CreationTimestamp2022-07-12T20:44:11.687Z[Etc/UTC]].
2022-07-12 20:44:12,249 [Listener at 127.0.0.1/43871] INFO  ozone.MiniOzoneClusterImpl (MiniOzoneClusterImpl.java:lambda$waitForClusterToBeReady$0(223)) - Waiting for nodes to be ready. Got 2 of 3 DN Heartbeats.
2022-07-12 20:44:12,249 [Listener at 127.0.0.1/43871] INFO  ozone.MiniOzoneClusterImpl (MiniOzoneClusterImpl.java:lambda$waitForClusterToBeReady$0(226)) - Waiting for cluster to exit safe mode
2022-07-12 20:44:12,249 [Listener at 127.0.0.1/43871] INFO  ozone.MiniOzoneClusterImpl (MiniOzoneClusterImpl.java:lambda$waitForClusterToBeReady$0(228)) - SCM became leader
2022-07-12 20:44:12,328 [IPC Server handler 1 on default port 45529] INFO  net.NetworkTopologyImpl (NetworkTopologyImpl.java:add(112)) - Added a new node: /default-rack/89964798-5625-4a4f-a306-699ecc29e47f
2022-07-12 20:44:12,331 [IPC Server handler 1 on default port 45529] INFO  node.SCMNodeManager (SCMNodeManager.java:register(397)) - Registered Data node : 89964798-5625-4a4f-a306-699ecc29e47f{ip: 10.1.0.33, host: fv-az29-983.0gf2enmb5avurc1gjtxldx4mnh.bx.internal.cloudapp.net, ports: [REPLICATION=43393, RATIS=38191, RATIS_ADMIN=38191, RATIS_SERVER=38191, STANDALONE=33119], networkLocation: /default-rack, certSerialId: null, persistedOpState: null, persistedOpStateExpiryEpochSec: 0}
2022-07-12 20:44:12,332 [EventQueue-NewNodeForNewNodeHandler] INFO  pipeline.BackgroundPipelineCreator (BackgroundPipelineCreator.java:notifyEventTriggered(275)) - trigger a one-shot run on RatisPipelineUtilsThread.
2022-07-12 20:44:12,332 [EventQueue-NodeRegistrationContainerReportForDataNodeSafeModeRule] INFO  safemode.SCMSafeModeManager (DataNodeSafeModeRule.java:process(71)) - SCM in safe mode. 3 DataNodes registered, 3 required.
2022-07-12 20:44:12,332 [EventQueue-NodeRegistrationContainerReportForDataNodeSafeModeRule] INFO  safemode.SCMSafeModeManager (SCMSafeModeManager.java:validateSafeModeExitRules(204)) - DataNodeSafeModeRule rule is successfully validated
2022-07-12 20:44:12,332 [EventQueue-NodeRegistrationContainerReportForDataNodeSafeModeRule] INFO  safemode.SCMSafeModeManager (SCMSafeModeManager.java:completePreCheck(233)) - All SCM safe mode pre check rules have passed
2022-07-12 20:44:12,332 [EventQueue-NodeRegistrationContainerReportForDataNodeSafeModeRule] WARN  events.EventQueue (EventQueue.java:fireEvent(216)) - No event handler registered for event TypedEvent{payloadType=SafeModeStatus, name='Safe mode status'}
2022-07-12 20:44:12,332 [RatisPipelineUtilsThread - 0] INFO  pipeline.RatisPipelineProvider (RatisPipelineProvider.java:lambda$create$0(195)) - Sending CreatePipelineCommand for pipeline:PipelineID=46ee754f-1657-4cc8-82f4-fea38d7b7142 to datanode:89964798-5625-4a4f-a306-699ecc29e47f
2022-07-12 20:44:12,332 [EventQueue-NodeRegistrationContainerReportForDataNodeSafeModeRule] INFO  ha.SCMContext (SCMContext.java:updateSafeModeStatus(228)) - Update SafeModeStatus from SafeModeStatus{safeModeStatus=true, preCheckPassed=false} to SafeModeStatus{safeModeStatus=true, preCheckPassed=true}.
2022-07-12 20:44:12,333 [EventQueue-NodeRegistrationContainerReportForDataNodeSafeModeRule] INFO  pipeline.BackgroundPipelineCreator (BackgroundPipelineCreator.java:notifyEventTriggered(275)) - trigger a one-shot run on RatisPipelineUtilsThread.
2022-07-12 20:44:12,333 [RatisPipelineUtilsThread - 0] INFO  pipeline.PipelineStateManagerImpl (PipelineStateManagerImpl.java:addPipeline(103)) - Created pipeline Pipeline[ Id: 46ee754f-1657-4cc8-82f4-fea38d7b7142, Nodes: 89964798-5625-4a4f-a306-699ecc29e47f{ip: 10.1.0.33, host: fv-az29-983.0gf2enmb5avurc1gjtxldx4mnh.bx.internal.cloudapp.net, ports: [REPLICATION=43393, RATIS=38191, RATIS_ADMIN=38191, RATIS_SERVER=38191, STANDALONE=33119], networkLocation: /default-rack, certSerialId: null, persistedOpState: IN_SERVICE, persistedOpStateExpiryEpochSec: 0}, ReplicationConfig: RATIS/ONE, State:ALLOCATED, leaderId:, CreationTimestamp2022-07-12T20:44:12.332Z[Etc/UTC]].
2022-07-12 20:44:12,333 [RatisPipelineUtilsThread - 0] INFO  pipeline.RatisPipelineProvider (RatisPipelineProvider.java:lambda$create$0(195)) - Sending CreatePipelineCommand for pipeline:PipelineID=7e2c4d0f-4cb5-4b49-ab98-5c2e5214eb86 to datanode:48a25e45-563c-42d6-b13a-b9125caf58d3
2022-07-12 20:44:12,333 [RatisPipelineUtilsThread - 0] INFO  pipeline.RatisPipelineProvider (RatisPipelineProvider.java:lambda$create$0(195)) - Sending CreatePipelineCommand for pipeline:PipelineID=7e2c4d0f-4cb5-4b49-ab98-5c2e5214eb86 to datanode:f703b3fd-e363-452b-a1ce-6d81fe452714
2022-07-12 20:44:12,333 [RatisPipelineUtilsThread - 0] INFO  pipeline.RatisPipelineProvider (RatisPipelineProvider.java:lambda$create$0(195)) - Sending CreatePipelineCommand for pipeline:PipelineID=7e2c4d0f-4cb5-4b49-ab98-5c2e5214eb86 to datanode:89964798-5625-4a4f-a306-699ecc29e47f
2022-07-12 20:44:12,334 [RatisPipelineUtilsThread - 0] INFO  pipeline.PipelineStateManagerImpl (PipelineStateManagerImpl.java:addPipeline(103)) - Created pipeline Pipeline[ Id: 7e2c4d0f-4cb5-4b49-ab98-5c2e5214eb86, Nodes: 48a25e45-563c-42d6-b13a-b9125caf58d3{ip: 10.1.0.33, host: fv-az29-983.0gf2enmb5avurc1gjtxldx4mnh.bx.internal.cloudapp.net, ports: [REPLICATION=33289, RATIS=42457, RATIS_ADMIN=42457, RATIS_SERVER=42457, STANDALONE=39995], networkLocation: /default-rack, certSerialId: null, persistedOpState: IN_SERVICE, persistedOpStateExpiryEpochSec: 0}f703b3fd-e363-452b-a1ce-6d81fe452714{ip: 10.1.0.33, host: fv-az29-983.0gf2enmb5avurc1gjtxldx4mnh.bx.internal.cloudapp.net, ports: [REPLICATION=42467, RATIS=40627, RATIS_ADMIN=40627, RATIS_SERVER=40627, STANDALONE=32799], networkLocation: /default-rack, certSerialId: null, persistedOpState: IN_SERVICE, persistedOpStateExpiryEpochSec: 0}89964798-5625-4a4f-a306-699ecc29e47f{ip: 10.1.0.33, host: fv-az29-983.0gf2enmb5avurc1gjtxldx4mnh.bx.internal.cloudapp.net, ports: [REPLICATION=43393, RATIS=38191, RATIS_ADMIN=38191, RATIS_SERVER=38191, STANDALONE=33119], networkLocation: /default-rack, certSerialId: null, persistedOpState: IN_SERVICE, persistedOpStateExpiryEpochSec: 0}, ReplicationConfig: RATIS/THREE, State:ALLOCATED, leaderId:, CreationTimestamp2022-07-12T20:44:12.333Z[Etc/UTC]].
2022-07-12 20:44:12,334 [RatisPipelineUtilsThread - 0] INFO  pipeline.RatisPipelineProvider (RatisPipelineProvider.java:lambda$create$0(195)) - Sending CreatePipelineCommand for pipeline:PipelineID=f6fd52b1-da25-4504-8f93-e4dda8c5c713 to datanode:89964798-5625-4a4f-a306-699ecc29e47f
2022-07-12 20:44:12,334 [RatisPipelineUtilsThread - 0] INFO  pipeline.RatisPipelineProvider (RatisPipelineProvider.java:lambda$create$0(195)) - Sending CreatePipelineCommand for pipeline:PipelineID=f6fd52b1-da25-4504-8f93-e4dda8c5c713 to datanode:48a25e45-563c-42d6-b13a-b9125caf58d3
2022-07-12 20:44:12,334 [RatisPipelineUtilsThread - 0] INFO  pipeline.RatisPipelineProvider (RatisPipelineProvider.java:lambda$create$0(195)) - Sending CreatePipelineCommand for pipeline:PipelineID=f6fd52b1-da25-4504-8f93-e4dda8c5c713 to datanode:f703b3fd-e363-452b-a1ce-6d81fe452714
2022-07-12 20:44:12,337 [RatisPipelineUtilsThread - 0] INFO  pipeline.PipelineStateManagerImpl (PipelineStateManagerImpl.java:addPipeline(103)) - Created pipeline Pipeline[ Id: f6fd52b1-da25-4504-8f93-e4dda8c5c713, Nodes: 89964798-5625-4a4f-a306-699ecc29e47f{ip: 10.1.0.33, host: fv-az29-983.0gf2enmb5avurc1gjtxldx4mnh.bx.internal.cloudapp.net, ports: [REPLICATION=43393, RATIS=38191, RATIS_ADMIN=38191, RATIS_SERVER=38191, STANDALONE=33119], networkLocation: /default-rack, certSerialId: null, persistedOpState: IN_SERVICE, persistedOpStateExpiryEpochSec: 0}48a25e45-563c-42d6-b13a-b9125caf58d3{ip: 10.1.0.33, host: fv-az29-983.0gf2enmb5avurc1gjtxldx4mnh.bx.internal.cloudapp.net, ports: [REPLICATION=33289, RATIS=42457, RATIS_ADMIN=42457, RATIS_SERVER=42457, STANDALONE=39995], networkLocation: /default-rack, certSerialId: null, persistedOpState: IN_SERVICE, persistedOpStateExpiryEpochSec: 0}f703b3fd-e363-452b-a1ce-6d81fe452714{ip: 10.1.0.33, host: fv-az29-983.0gf2enmb5avurc1gjtxldx4mnh.bx.internal.cloudapp.net, ports: [REPLICATION=42467, RATIS=40627, RATIS_ADMIN=40627, RATIS_SERVER=40627, STANDALONE=32799], networkLocation: /default-rack, certSerialId: null, persistedOpState: IN_SERVICE, persistedOpStateExpiryEpochSec: 0}, ReplicationConfig: RATIS/THREE, State:ALLOCATED, leaderId:, CreationTimestamp2022-07-12T20:44:12.334Z[Etc/UTC]].
2022-07-12 20:44:12,337 [RatisPipelineUtilsThread - 0] INFO  pipeline.PipelineManagerImpl (PipelineManagerImpl.java:recordMetricsForPipeline(782)) - Pipeline: PipelineID=f6fd52b1-da25-4504-8f93-e4dda8c5c713 contains same datanodes as previous pipelines: PipelineID=7e2c4d0f-4cb5-4b49-ab98-5c2e5214eb86 nodeIds: 89964798-5625-4a4f-a306-699ecc29e47f, 48a25e45-563c-42d6-b13a-b9125caf58d3, f703b3fd-e363-452b-a1ce-6d81fe452714
2022-07-12 20:44:13,250 [Listener at 127.0.0.1/43871] INFO  ozone.MiniOzoneClusterImpl (MiniOzoneClusterImpl.java:lambda$waitForClusterToBeReady$0(223)) - Nodes are ready. Got 3 of 3 DN Heartbeats.
2022-07-12 20:44:13,251 [Listener at 127.0.0.1/43871] INFO  ozone.MiniOzoneClusterImpl (MiniOzoneClusterImpl.java:lambda$waitForClusterToBeReady$0(226)) - Waiting for cluster to exit safe mode
2022-07-12 20:44:13,251 [Listener at 127.0.0.1/43871] INFO  ozone.MiniOzoneClusterImpl (MiniOzoneClusterImpl.java:lambda$waitForClusterToBeReady$0(228)) - SCM became leader
2022-07-12 20:44:14,044 [Command processor thread] INFO  server.RaftServer (RaftServerProxy.java:addNew(96)) - 48a25e45-563c-42d6-b13a-b9125caf58d3: addNew group-50F2246AF944:[48a25e45-563c-42d6-b13a-b9125caf58d3|rpc:10.1.0.33:42457|priority:1] returns group-50F2246AF944:java.util.concurrent.CompletableFuture@1e21ce38[Not completed]
2022-07-12 20:44:14,047 [pool-218-thread-1] INFO  server.RaftServer$Division (RaftServerImpl.java:<init>(190)) - 48a25e45-563c-42d6-b13a-b9125caf58d3: new RaftServerImpl for group-50F2246AF944:[48a25e45-563c-42d6-b13a-b9125caf58d3|rpc:10.1.0.33:42457|priority:1] with ContainerStateMachine:uninitialized
2022-07-12 20:44:14,048 [pool-218-thread-1] INFO  server.RaftServerConfigKeys (ConfUtils.java:logGet(46)) - raft.server.rpc.timeout.min = 5s (custom)
2022-07-12 20:44:14,048 [pool-218-thread-1] INFO  server.RaftServerConfigKeys (ConfUtils.java:logGet(46)) - raft.server.rpc.timeout.max = 5200ms (custom)
2022-07-12 20:44:14,048 [pool-218-thread-1] INFO  server.RaftServerConfigKeys (ConfUtils.java:logGet(46)) - raft.server.rpc.sleep.time = 25ms (default)
2022-07-12 20:44:14,048 [pool-218-thread-1] INFO  server.RaftServerConfigKeys (ConfUtils.java:logGet(46)) - raft.server.rpc.slowness.timeout = 300s (custom)
2022-07-12 20:44:14,048 [pool-218-thread-1] INFO  server.RaftServerConfigKeys (ConfUtils.java:logGet(46)) - raft.server.leaderelection.leader.step-down.wait-time = 10s (default)
2022-07-12 20:44:14,048 [pool-218-thread-1] INFO  server.RaftServerConfigKeys (ConfUtils.java:logGet(46)) - raft.server.sleep.deviation.threshold = 300ms (default)
2022-07-12 20:44:14,048 [pool-218-thread-1] INFO  server.RaftServer$Division (ServerState.java:<init>(107)) - 48a25e45-563c-42d6-b13a-b9125caf58d3@group-50F2246AF944: ConfigurationManager, init=-1: [48a25e45-563c-42d6-b13a-b9125caf58d3|rpc:10.1.0.33:42457|priority:1], old=null, confs=<EMPTY_MAP>
2022-07-12 20:44:14,048 [pool-218-thread-1] INFO  server.RaftServerConfigKeys (ConfUtils.java:logGet(46)) - raft.server.storage.dir = [/home/runner/work/ozone/ozone/hadoop-ozone/integration-test/target/test-dir/MiniOzoneClusterImpl-3695f4f1-b95b-4fb5-aefd-831056816bde/datanode-0/data/ratis] (custom)
2022-07-12 20:44:14,048 [pool-218-thread-1] INFO  server.RaftServerConfigKeys (ConfUtils.java:logGet(46)) - raft.server.log.corruption.policy = EXCEPTION (default)
2022-07-12 20:44:14,048 [pool-218-thread-1] INFO  server.RaftServerConfigKeys (ConfUtils.java:logGet(46)) - raft.server.storage.free-space.min = 0MB (=0) (default)
2022-07-12 20:44:14,048 [pool-218-thread-1] INFO  storage.RaftStorageDirectory (RaftStorageDirectoryImpl.java:analyzeStorage(135)) - The storage directory /home/runner/work/ozone/ozone/hadoop-ozone/integration-test/target/test-dir/MiniOzoneClusterImpl-3695f4f1-b95b-4fb5-aefd-831056816bde/datanode-0/data/ratis/81c8ab5a-5909-4da0-9b24-50f2246af944 does not exist. Creating ...
2022-07-12 20:44:14,054 [pool-218-thread-1] INFO  storage.RaftStorageDirectory (RaftStorageDirectoryImpl.java:tryLock(230)) - Lock on /home/runner/work/ozone/ozone/hadoop-ozone/integration-test/target/test-dir/MiniOzoneClusterImpl-3695f4f1-b95b-4fb5-aefd-831056816bde/datanode-0/data/ratis/81c8ab5a-5909-4da0-9b24-50f2246af944/in_use.lock acquired by nodename 3147@fv-az29-983
2022-07-12 20:44:14,056 [pool-218-thread-1] INFO  storage.RaftStorage (RaftStorageImpl.java:format(89)) - Storage directory /home/runner/work/ozone/ozone/hadoop-ozone/integration-test/target/test-dir/MiniOzoneClusterImpl-3695f4f1-b95b-4fb5-aefd-831056816bde/datanode-0/data/ratis/81c8ab5a-5909-4da0-9b24-50f2246af944 has been successfully formatted.
2022-07-12 20:44:14,056 [pool-218-thread-1] INFO  ratis.ContainerStateMachine (ContainerStateMachine.java:loadSnapshot(236)) - group-50F2246AF944: The snapshot info is null. Setting the last applied indexto:(t:0, i:~)
2022-07-12 20:44:14,057 [pool-218-thread-1] INFO  server.RaftServerConfigKeys (ConfUtils.java:logGet(46)) - raft.server.notification.no-leader.timeout = 300s (custom)
2022-07-12 20:44:14,057 [pool-218-thread-1] INFO  server.RaftServerConfigKeys (ConfUtils.java:logGet(46)) - raft.server.log.use.memory = false (default)
2022-07-12 20:44:14,057 [pool-218-thread-1] INFO  server.RaftServerConfigKeys (ConfUtils.java:logGet(46)) - raft.server.log.purge.gap = 1000000 (custom)
2022-07-12 20:44:14,057 [pool-218-thread-1] INFO  server.RaftServerConfigKeys (ConfUtils.java:logGet(46)) - raft.server.log.appender.buffer.byte-limit = 33554432 (custom)
2022-07-12 20:44:14,057 [pool-218-thread-1] INFO  server.RaftServerConfigKeys (ConfUtils.java:logGet(46)) - raft.server.log.statemachine.data.read.timeout = 1000ms (default)
2022-07-12 20:44:14,057 [pool-218-thread-1] INFO  server.RaftServerConfigKeys (ConfUtils.java:logGet(46)) - raft.server.log.segment.size.max = 1048576 (custom)
2022-07-12 20:44:14,058 [pool-218-thread-1] INFO  server.RaftServerConfigKeys (ConfUtils.java:logGet(46)) - raft.server.log.segment.cache.num.max = 2 (custom)
2022-07-12 20:44:14,058 [pool-218-thread-1] INFO  server.RaftServerConfigKeys (ConfUtils.java:logGet(46)) - raft.server.log.segment.cache.size.max = 200MB (=209715200) (default)
2022-07-12 20:44:14,058 [pool-218-thread-1] INFO  segmented.SegmentedRaftLogWorker (SegmentedRaftLogWorker.java:<init>(187)) - new 48a25e45-563c-42d6-b13a-b9125caf58d3@group-50F2246AF944-SegmentedRaftLogWorker for RaftStorageImpl:Storage Directory /home/runner/work/ozone/ozone/hadoop-ozone/integration-test/target/test-dir/MiniOzoneClusterImpl-3695f4f1-b95b-4fb5-aefd-831056816bde/datanode-0/data/ratis/81c8ab5a-5909-4da0-9b24-50f2246af944
2022-07-12 20:44:14,058 [pool-218-thread-1] INFO  server.RaftServerConfigKeys (ConfUtils.java:logGet(46)) - raft.server.log.queue.byte-limit = 4294967296 (custom)
2022-07-12 20:44:14,058 [pool-218-thread-1] INFO  server.RaftServerConfigKeys (ConfUtils.java:logGet(46)) - raft.server.log.queue.element-limit = 1024 (custom)
2022-07-12 20:44:14,058 [pool-218-thread-1] INFO  server.RaftServerConfigKeys (ConfUtils.java:logGet(46)) - raft.server.log.segment.size.max = 1048576 (custom)
2022-07-12 20:44:14,058 [pool-218-thread-1] INFO  server.RaftServerConfigKeys (ConfUtils.java:logGet(46)) - raft.server.log.preallocated.size = 16384 (custom)
2022-07-12 20:44:14,058 [pool-218-thread-1] INFO  server.RaftServerConfigKeys (ConfUtils.java:logGet(46)) - raft.server.log.force.sync.num = 128 (default)
2022-07-12 20:44:14,058 [pool-218-thread-1] INFO  server.RaftServerConfigKeys (ConfUtils.java:logGet(46)) - raft.server.log.statemachine.data.sync = true (default)
2022-07-12 20:44:14,058 [pool-218-thread-1] INFO  server.RaftServerConfigKeys (ConfUtils.java:logGet(46)) - raft.server.log.statemachine.data.sync.timeout = 10s (default)
2022-07-12 20:44:14,058 [pool-218-thread-1] INFO  server.RaftServerConfigKeys (ConfUtils.java:logGet(46)) - raft.server.log.statemachine.data.sync.timeout.retry = -1 (default)
2022-07-12 20:44:14,058 [EventQueue-PipelineReportForPipelineReportHandler] INFO  pipeline.PipelineManagerImpl (PipelineManagerImpl.java:openPipeline(359)) - Pipeline Pipeline[ Id: 81c8ab5a-5909-4da0-9b24-50f2246af944, Nodes: 48a25e45-563c-42d6-b13a-b9125caf58d3{ip: 10.1.0.33, host: fv-az29-983.0gf2enmb5avurc1gjtxldx4mnh.bx.internal.cloudapp.net, ports: [REPLICATION=33289, RATIS=42457, RATIS_ADMIN=42457, RATIS_SERVER=42457, STANDALONE=39995], networkLocation: /default-rack, certSerialId: null, persistedOpState: IN_SERVICE, persistedOpStateExpiryEpochSec: 0}, ReplicationConfig: RATIS/ONE, State:ALLOCATED, leaderId:48a25e45-563c-42d6-b13a-b9125caf58d3, CreationTimestamp2022-07-12T20:44:11.068Z[Etc/UTC]] moved to OPEN state
2022-07-12 20:44:14,059 [pool-218-thread-1] INFO  server.RaftServerConfigKeys (ConfUtils.java:logGet(46)) - raft.server.log.write.buffer.size = 1048576 (custom)
2022-07-12 20:44:14,059 [pool-218-thread-1] INFO  server.RaftServerConfigKeys (ConfUtils.java:logGet(46)) - raft.server.log.unsafe-flush.enabled = false (default)
2022-07-12 20:44:14,060 [pool-218-thread-1] INFO  server.RaftServerConfigKeys (ConfUtils.java:logGet(46)) - raft.server.log.statemachine.data.caching.enabled = true (custom)
2022-07-12 20:44:14,060 [pool-218-thread-1] INFO  segmented.SegmentedRaftLogWorker (SegmentedRaftLogWorker.java:lambda$new$0(135)) - 48a25e45-563c-42d6-b13a-b9125caf58d3@group-50F2246AF944-SegmentedRaftLogWorker: flushIndex: setUnconditionally 0 -> -1
2022-07-12 20:44:14,060 [pool-218-thread-1] INFO  segmented.SegmentedRaftLogWorker (SegmentedRaftLogWorker.java:lambda$new$0(135)) - 48a25e45-563c-42d6-b13a-b9125caf58d3@group-50F2246AF944-SegmentedRaftLogWorker: safeCacheEvictIndex: setUnconditionally 0 -> -1
2022-07-12 20:44:14,060 [pool-218-thread-1] INFO  server.RaftServerConfigKeys (ConfUtils.java:logGet(46)) - raft.server.snapshot.auto.trigger.enabled = true (custom)
2022-07-12 20:44:14,060 [pool-218-thread-1] INFO  server.RaftServerConfigKeys (ConfUtils.java:logGet(46)) - raft.server.snapshot.auto.trigger.threshold = 10000 (custom)
2022-07-12 20:44:14,060 [pool-218-thread-1] INFO  server.RaftServerConfigKeys (ConfUtils.java:logGet(46)) - raft.server.snapshot.retention.file.num = 5 (custom)
2022-07-12 20:44:14,060 [pool-218-thread-1] INFO  server.RaftServerConfigKeys (ConfUtils.java:logGet(46)) - raft.server.log.purge.upto.snapshot.index = false (default)
2022-07-12 20:44:14,060 [pool-218-thread-1] INFO  server.RaftServerConfigKeys (ConfUtils.java:logGet(46)) - raft.server.retrycache.expirytime = 600000ms (custom)
2022-07-12 20:44:14,060 [pool-218-thread-1] INFO  server.RaftServerConfigKeys (ConfUtils.java:logGet(46)) - raft.server.retrycache.statistics.expirytime = 100μs (default)
2022-07-12 20:44:14,061 [pool-218-thread-1] INFO  server.RaftServerConfigKeys (ConfUtils.java:logGet(46)) - raft.server.log.appender.install.snapshot.enabled = false (custom)
2022-07-12 20:44:14,061 [pool-218-thread-1] INFO  server.RaftServerConfigKeys (ConfUtils.java:logGet(46)) - raft.server.threadpool.server.cached = true (default)
2022-07-12 20:44:14,061 [pool-218-thread-1] INFO  server.RaftServerConfigKeys (ConfUtils.java:logGet(46)) - raft.server.threadpool.server.size = 0 (default)
2022-07-12 20:44:14,061 [pool-218-thread-1] INFO  server.RaftServerConfigKeys (ConfUtils.java:logGet(46)) - raft.server.threadpool.client.cached = true (default)
2022-07-12 20:44:14,061 [pool-218-thread-1] INFO  server.RaftServerConfigKeys (ConfUtils.java:logGet(46)) - raft.server.threadpool.client.size = 0 (default)
2022-07-12 20:44:14,061 [pool-218-thread-1] INFO  server.RaftServer$Division (RaftServerImpl.java:start(310)) - 48a25e45-563c-42d6-b13a-b9125caf58d3@group-50F2246AF944: start as a follower, conf=-1: [48a25e45-563c-42d6-b13a-b9125caf58d3|rpc:10.1.0.33:42457|priority:1], old=null
2022-07-12 20:44:14,061 [pool-218-thread-1] INFO  server.RaftServer$Division (RaftServerImpl.java:setRole(299)) - 48a25e45-563c-42d6-b13a-b9125caf58d3@group-50F2246AF944: changes role from      null to FOLLOWER at term 0 for startAsFollower
2022-07-12 20:44:14,062 [pool-218-thread-1] INFO  impl.RoleInfo (RoleInfo.java:updateAndGet(139)) - 48a25e45-563c-42d6-b13a-b9125caf58d3: start 48a25e45-563c-42d6-b13a-b9125caf58d3@group-50F2246AF944-FollowerState
2022-07-12 20:44:14,065 [pool-218-thread-1] INFO  util.JmxRegister (JmxRegister.java:tryRegister(44)) - Successfully registered JMX Bean with object name Ratis:service=RaftServer,group=group-50F2246AF944,id=48a25e45-563c-42d6-b13a-b9125caf58d3
2022-07-12 20:44:14,066 [Command processor thread] INFO  ratis.XceiverServerRatis (XceiverServerRatis.java:addGroup(765)) - Created group PipelineID=81c8ab5a-5909-4da0-9b24-50f2246af944
2022-07-12 20:44:14,067 [Command processor thread] INFO  commandhandler.CreatePipelineCommandHandler (CreatePipelineCommandHandler.java:handle(113)) - Created Pipeline RATIS ONE PipelineID=81c8ab5a-5909-4da0-9b24-50f2246af944.
2022-07-12 20:44:14,074 [Command processor thread] INFO  server.RaftServer (RaftServerProxy.java:addNew(96)) - 48a25e45-563c-42d6-b13a-b9125caf58d3: addNew group-5C2E5214EB86:[f703b3fd-e363-452b-a1ce-6d81fe452714|rpc:10.1.0.33:40627|priority:1, 89964798-5625-4a4f-a306-699ecc29e47f|rpc:10.1.0.33:38191|priority:0, 48a25e45-563c-42d6-b13a-b9125caf58d3|rpc:10.1.0.33:42457|priority:0] returns group-5C2E5214EB86:java.util.concurrent.CompletableFuture@1a1e5924[Not completed]
2022-07-12 20:44:14,075 [pool-218-thread-1] INFO  server.RaftServer$Division (RaftServerImpl.java:<init>(190)) - 48a25e45-563c-42d6-b13a-b9125caf58d3: new RaftServerImpl for group-5C2E5214EB86:[f703b3fd-e363-452b-a1ce-6d81fe452714|rpc:10.1.0.33:40627|priority:1, 89964798-5625-4a4f-a306-699ecc29e47f|rpc:10.1.0.33:38191|priority:0, 48a25e45-563c-42d6-b13a-b9125caf58d3|rpc:10.1.0.33:42457|priority:0] with ContainerStateMachine:uninitialized
2022-07-12 20:44:14,076 [pool-218-thread-1] INFO  server.RaftServerConfigKeys (ConfUtils.java:logGet(46)) - raft.server.rpc.timeout.min = 5s (custom)
2022-07-12 20:44:14,076 [pool-218-thread-1] INFO  server.RaftServerConfigKeys (ConfUtils.java:logGet(46)) - raft.server.rpc.timeout.max = 5200ms (custom)
2022-07-12 20:44:14,076 [pool-218-thread-1] INFO  server.RaftServerConfigKeys (ConfUtils.java:logGet(46)) - raft.server.rpc.sleep.time = 25ms (default)
2022-07-12 20:44:14,076 [pool-218-thread-1] INFO  server.RaftServerConfigKeys (ConfUtils.java:logGet(46)) - raft.server.rpc.slowness.timeout = 300s (custom)
2022-07-12 20:44:14,076 [pool-218-thread-1] INFO  server.RaftServerConfigKeys (ConfUtils.java:logGet(46)) - raft.server.leaderelection.leader.step-down.wait-time = 10s (default)
2022-07-12 20:44:14,076 [pool-218-thread-1] INFO  server.RaftServerConfigKeys (ConfUtils.java:logGet(46)) - raft.server.sleep.deviation.threshold = 300ms (default)
2022-07-12 20:44:14,076 [pool-218-thread-1] INFO  server.RaftServer$Division (ServerState.java:<init>(107)) - 48a25e45-563c-42d6-b13a-b9125caf58d3@group-5C2E5214EB86: ConfigurationManager, init=-1: [f703b3fd-e363-452b-a1ce-6d81fe452714|rpc:10.1.0.33:40627|priority:1, 89964798-5625-4a4f-a306-699ecc29e47f|rpc:10.1.0.33:38191|priority:0, 48a25e45-563c-42d6-b13a-b9125caf58d3|rpc:10.1.0.33:42457|priority:0], old=null, confs=<EMPTY_MAP>
2022-07-12 20:44:14,077 [pool-218-thread-1] INFO  server.RaftServerConfigKeys (ConfUtils.java:logGet(46)) - raft.server.storage.dir = [/home/runner/work/ozone/ozone/hadoop-ozone/integration-test/target/test-dir/MiniOzoneClusterImpl-3695f4f1-b95b-4fb5-aefd-831056816bde/datanode-0/data/ratis] (custom)
2022-07-12 20:44:14,077 [pool-218-thread-1] INFO  server.RaftServerConfigKeys (ConfUtils.java:logGet(46)) - raft.server.log.corruption.policy = EXCEPTION (default)
2022-07-12 20:44:14,077 [pool-218-thread-1] INFO  server.RaftServerConfigKeys (ConfUtils.java:logGet(46)) - raft.server.storage.free-space.min = 0MB (=0) (default)
2022-07-12 20:44:14,077 [pool-218-thread-1] INFO  storage.RaftStorageDirectory (RaftStorageDirectoryImpl.java:analyzeStorage(135)) - The storage directory /home/runner/work/ozone/ozone/hadoop-ozone/integration-test/target/test-dir/MiniOzoneClusterImpl-3695f4f1-b95b-4fb5-aefd-831056816bde/datanode-0/data/ratis/7e2c4d0f-4cb5-4b49-ab98-5c2e5214eb86 does not exist. Creating ...
2022-07-12 20:44:14,078 [pool-218-thread-1] INFO  storage.RaftStorageDirectory (RaftStorageDirectoryImpl.java:tryLock(230)) - Lock on /home/runner/work/ozone/ozone/hadoop-ozone/integration-test/target/test-dir/MiniOzoneClusterImpl-3695f4f1-b95b-4fb5-aefd-831056816bde/datanode-0/data/ratis/7e2c4d0f-4cb5-4b49-ab98-5c2e5214eb86/in_use.lock acquired by nodename 3147@fv-az29-983
2022-07-12 20:44:14,079 [pool-218-thread-1] INFO  storage.RaftStorage (RaftStorageImpl.java:format(89)) - Storage directory /home/runner/work/ozone/ozone/hadoop-ozone/integration-test/target/test-dir/MiniOzoneClusterImpl-3695f4f1-b95b-4fb5-aefd-831056816bde/datanode-0/data/ratis/7e2c4d0f-4cb5-4b49-ab98-5c2e5214eb86 has been successfully formatted.
2022-07-12 20:44:14,079 [pool-218-thread-1] INFO  ratis.ContainerStateMachine (ContainerStateMachine.java:loadSnapshot(236)) - group-5C2E5214EB86: The snapshot info is null. Setting the last applied indexto:(t:0, i:~)
2022-07-12 20:44:14,079 [pool-218-thread-1] INFO  server.RaftServerConfigKeys (ConfUtils.java:logGet(46)) - raft.server.notification.no-leader.timeout = 300s (custom)
2022-07-12 20:44:14,079 [pool-218-thread-1] INFO  server.RaftServerConfigKeys (ConfUtils.java:logGet(46)) - raft.server.log.use.memory = false (default)
2022-07-12 20:44:14,079 [pool-218-thread-1] INFO  server.RaftServerConfigKeys (ConfUtils.java:logGet(46)) - raft.server.log.purge.gap = 1000000 (custom)
2022-07-12 20:44:14,080 [pool-218-thread-1] INFO  server.RaftServerConfigKeys (ConfUtils.java:logGet(46)) - raft.server.log.appender.buffer.byte-limit = 33554432 (custom)
2022-07-12 20:44:14,080 [pool-218-thread-1] INFO  server.RaftServerConfigKeys (ConfUtils.java:logGet(46)) - raft.server.log.statemachine.data.read.timeout = 1000ms (default)
2022-07-12 20:44:14,092 [pool-218-thread-1] INFO  server.RaftServerConfigKeys (ConfUtils.java:logGet(46)) - raft.server.log.segment.size.max = 1048576 (custom)
2022-07-12 20:44:14,093 [pool-218-thread-1] INFO  server.RaftServerConfigKeys (ConfUtils.java:logGet(46)) - raft.server.log.segment.cache.num.max = 2 (custom)
2022-07-12 20:44:14,093 [pool-218-thread-1] INFO  server.RaftServerConfigKeys (ConfUtils.java:logGet(46)) - raft.server.log.segment.cache.size.max = 200MB (=209715200) (default)
2022-07-12 20:44:14,093 [pool-218-thread-1] INFO  segmented.SegmentedRaftLogWorker (SegmentedRaftLogWorker.java:<init>(187)) - new 48a25e45-563c-42d6-b13a-b9125caf58d3@group-5C2E5214EB86-SegmentedRaftLogWorker for RaftStorageImpl:Storage Directory /home/runner/work/ozone/ozone/hadoop-ozone/integration-test/target/test-dir/MiniOzoneClusterImpl-3695f4f1-b95b-4fb5-aefd-831056816bde/datanode-0/data/ratis/7e2c4d0f-4cb5-4b49-ab98-5c2e5214eb86
2022-07-12 20:44:14,093 [pool-218-thread-1] INFO  server.RaftServerConfigKeys (ConfUtils.java:logGet(46)) - raft.server.log.queue.byte-limit = 4294967296 (custom)
2022-07-12 20:44:14,093 [pool-218-thread-1] INFO  server.RaftServerConfigKeys (ConfUtils.java:logGet(46)) - raft.server.log.queue.element-limit = 1024 (custom)
2022-07-12 20:44:14,093 [pool-218-thread-1] INFO  server.RaftServerConfigKeys (ConfUtils.java:logGet(46)) - raft.server.log.segment.size.max = 1048576 (custom)
2022-07-12 20:44:14,093 [pool-218-thread-1] INFO  server.RaftServerConfigKeys (ConfUtils.java:logGet(46)) - raft.server.log.preallocated.size = 16384 (custom)
2022-07-12 20:44:14,093 [pool-218-thread-1] INFO  server.RaftServerConfigKeys (ConfUtils.java:logGet(46)) - raft.server.log.force.sync.num = 128 (default)
2022-07-12 20:44:14,093 [pool-218-thread-1] INFO  server.RaftServerConfigKeys (ConfUtils.java:logGet(46)) - raft.server.log.statemachine.data.sync = true (default)
2022-07-12 20:44:14,093 [pool-218-thread-1] INFO  server.RaftServerConfigKeys (ConfUtils.java:logGet(46)) - raft.server.log.statemachine.data.sync.timeout = 10s (default)
2022-07-12 20:44:14,093 [pool-218-thread-1] INFO  server.RaftServerConfigKeys (ConfUtils.java:logGet(46)) - raft.server.log.statemachine.data.sync.timeout.retry = -1 (default)
2022-07-12 20:44:14,094 [pool-218-thread-1] INFO  server.RaftServerConfigKeys (ConfUtils.java:logGet(46)) - raft.server.log.write.buffer.size = 1048576 (custom)
2022-07-12 20:44:14,095 [pool-218-thread-1] INFO  server.RaftServerConfigKeys (ConfUtils.java:logGet(46)) - raft.server.log.unsafe-flush.enabled = false (default)
2022-07-12 20:44:14,095 [pool-218-thread-1] INFO  server.RaftServerConfigKeys (ConfUtils.java:logGet(46)) - raft.server.log.statemachine.data.caching.enabled = true (custom)
2022-07-12 20:44:14,095 [pool-218-thread-1] INFO  segmented.SegmentedRaftLogWorker (SegmentedRaftLogWorker.java:lambda$new$0(135)) - 48a25e45-563c-42d6-b13a-b9125caf58d3@group-5C2E5214EB86-SegmentedRaftLogWorker: flushIndex: setUnconditionally 0 -> -1
2022-07-12 20:44:14,095 [pool-218-thread-1] INFO  segmented.SegmentedRaftLogWorker (SegmentedRaftLogWorker.java:lambda$new$0(135)) - 48a25e45-563c-42d6-b13a-b9125caf58d3@group-5C2E5214EB86-SegmentedRaftLogWorker: safeCacheEvictIndex: setUnconditionally 0 -> -1
2022-07-12 20:44:14,103 [pool-218-thread-1] INFO  server.RaftServerConfigKeys (ConfUtils.java:logGet(46)) - raft.server.snapshot.auto.trigger.enabled = true (custom)
2022-07-12 20:44:14,103 [pool-218-thread-1] INFO  server.RaftServerConfigKeys (ConfUtils.java:logGet(46)) - raft.server.snapshot.auto.trigger.threshold = 10000 (custom)
2022-07-12 20:44:14,103 [pool-218-thread-1] INFO  server.RaftServerConfigKeys (ConfUtils.java:logGet(46)) - raft.server.snapshot.retention.file.num = 5 (custom)
2022-07-12 20:44:14,103 [pool-218-thread-1] INFO  server.RaftServerConfigKeys (ConfUtils.java:logGet(46)) - raft.server.log.purge.upto.snapshot.index = false (default)
2022-07-12 20:44:14,103 [pool-218-thread-1] INFO  server.RaftServerConfigKeys (ConfUtils.java:logGet(46)) - raft.server.retrycache.expirytime = 600000ms (custom)
2022-07-12 20:44:14,103 [pool-218-thread-1] INFO  server.RaftServerConfigKeys (ConfUtils.java:logGet(46)) - raft.server.retrycache.statistics.expirytime = 100μs (default)
2022-07-12 20:44:14,104 [pool-218-thread-1] INFO  server.RaftServerConfigKeys (ConfUtils.java:logGet(46)) - raft.server.log.appender.install.snapshot.enabled = false (custom)
2022-07-12 20:44:14,104 [pool-218-thread-1] INFO  server.RaftServerConfigKeys (ConfUtils.java:logGet(46)) - raft.server.threadpool.server.cached = true (default)
2022-07-12 20:44:14,104 [pool-218-thread-1] INFO  server.RaftServerConfigKeys (ConfUtils.java:logGet(46)) - raft.server.threadpool.server.size = 0 (default)
2022-07-12 20:44:14,104 [pool-218-thread-1] INFO  server.RaftServerConfigKeys (ConfUtils.java:logGet(46)) - raft.server.threadpool.client.cached = true (default)
2022-07-12 20:44:14,104 [pool-218-thread-1] INFO  server.RaftServerConfigKeys (ConfUtils.java:logGet(46)) - raft.server.threadpool.client.size = 0 (default)
2022-07-12 20:44:14,104 [pool-218-thread-1] INFO  server.RaftServer$Division (RaftServerImpl.java:start(310)) - 48a25e45-563c-42d6-b13a-b9125caf58d3@group-5C2E5214EB86: start as a follower, conf=-1: [f703b3fd-e363-452b-a1ce-6d81fe452714|rpc:10.1.0.33:40627|priority:1, 89964798-5625-4a4f-a306-699ecc29e47f|rpc:10.1.0.33:38191|priority:0, 48a25e45-563c-42d6-b13a-b9125caf58d3|rpc:10.1.0.33:42457|priority:0], old=null
2022-07-12 20:44:14,104 [pool-218-thread-1] INFO  server.RaftServer$Division (RaftServerImpl.java:setRole(299)) - 48a25e45-563c-42d6-b13a-b9125caf58d3@group-5C2E5214EB86: changes role from      null to FOLLOWER at term 0 for startAsFollower
2022-07-12 20:44:14,104 [pool-218-thread-1] INFO  impl.RoleInfo (RoleInfo.java:updateAndGet(139)) - 48a25e45-563c-42d6-b13a-b9125caf58d3: start 48a25e45-563c-42d6-b13a-b9125caf58d3@group-5C2E5214EB86-FollowerState
2022-07-12 20:44:14,111 [pool-218-thread-1] INFO  util.JmxRegister (JmxRegister.java:tryRegister(44)) - Successfully registered JMX Bean with object name Ratis:service=RaftServer,group=group-5C2E5214EB86,id=48a25e45-563c-42d6-b13a-b9125caf58d3
2022-07-12 20:44:14,111 [EventQueue-OpenPipelineForHealthyPipelineSafeModeRule] INFO  safemode.SCMSafeModeManager (HealthyPipelineSafeModeRule.java:process(124)) - SCM in safe mode. Healthy pipelines reported count is 0, required healthy pipeline reported count is 1
2022-07-12 20:44:14,112 [EventQueue-OpenPipelineForHealthyPipelineSafeModeRule] INFO  safemode.SCMSafeModeManager (HealthyPipelineSafeModeRule.java:process(124)) - SCM in safe mode. Healthy pipelines reported count is 0, required healthy pipeline reported count is 1
2022-07-12 20:44:14,119 [Command processor thread] INFO  ratis.XceiverServerRatis (XceiverServerRatis.java:addGroup(765)) - Created group PipelineID=7e2c4d0f-4cb5-4b49-ab98-5c2e5214eb86
2022-07-12 20:44:14,175 [grpc-default-executor-0] INFO  server.RaftServer (RaftServerProxy.java:addNew(96)) - f703b3fd-e363-452b-a1ce-6d81fe452714: addNew group-5C2E5214EB86:[f703b3fd-e363-452b-a1ce-6d81fe452714|rpc:10.1.0.33:40627|dataStream:|priority:1, 89964798-5625-4a4f-a306-699ecc29e47f|rpc:10.1.0.33:38191|dataStream:|priority:0, 48a25e45-563c-42d6-b13a-b9125caf58d3|rpc:10.1.0.33:42457|dataStream:|priority:0] returns group-5C2E5214EB86:java.util.concurrent.CompletableFuture@30f35cb4[Not completed]
2022-07-12 20:44:14,183 [pool-241-thread-1] INFO  server.RaftServer$Division (RaftServerImpl.java:<init>(190)) - f703b3fd-e363-452b-a1ce-6d81fe452714: new RaftServerImpl for group-5C2E5214EB86:[f703b3fd-e363-452b-a1ce-6d81fe452714|rpc:10.1.0.33:40627|dataStream:|priority:1, 89964798-5625-4a4f-a306-699ecc29e47f|rpc:10.1.0.33:38191|dataStream:|priority:0, 48a25e45-563c-42d6-b13a-b9125caf58d3|rpc:10.1.0.33:42457|dataStream:|priority:0] with ContainerStateMachine:uninitialized
2022-07-12 20:44:14,184 [pool-241-thread-1] INFO  server.RaftServerConfigKeys (ConfUtils.java:logGet(46)) - raft.server.rpc.timeout.min = 5s (custom)
2022-07-12 20:44:14,184 [pool-241-thread-1] INFO  server.RaftServerConfigKeys (ConfUtils.java:logGet(46)) - raft.server.rpc.timeout.max = 5200ms (custom)
2022-07-12 20:44:14,184 [pool-241-thread-1] INFO  server.RaftServerConfigKeys (ConfUtils.java:logGet(46)) - raft.server.rpc.sleep.time = 25ms (default)
2022-07-12 20:44:14,184 [pool-241-thread-1] INFO  server.RaftServerConfigKeys (ConfUtils.java:logGet(46)) - raft.server.rpc.slowness.timeout = 300s (custom)
2022-07-12 20:44:14,184 [pool-241-thread-1] INFO  server.RaftServerConfigKeys (ConfUtils.java:logGet(46)) - raft.server.leaderelection.leader.step-down.wait-time = 10s (default)
2022-07-12 20:44:14,184 [pool-241-thread-1] INFO  server.RaftServerConfigKeys (ConfUtils.java:logGet(46)) - raft.server.sleep.deviation.threshold = 300ms (default)
2022-07-12 20:44:14,184 [pool-241-thread-1] INFO  server.RaftServer$Division (ServerState.java:<init>(107)) - f703b3fd-e363-452b-a1ce-6d81fe452714@group-5C2E5214EB86: ConfigurationManager, init=-1: [f703b3fd-e363-452b-a1ce-6d81fe452714|rpc:10.1.0.33:40627|dataStream:|priority:1, 89964798-5625-4a4f-a306-699ecc29e47f|rpc:10.1.0.33:38191|dataStream:|priority:0, 48a25e45-563c-42d6-b13a-b9125caf58d3|rpc:10.1.0.33:42457|dataStream:|priority:0], old=null, confs=<EMPTY_MAP>
2022-07-12 20:44:14,184 [pool-241-thread-1] INFO  server.RaftServerConfigKeys (ConfUtils.java:logGet(46)) - raft.server.storage.dir = [/home/runner/work/ozone/ozone/hadoop-ozone/integration-test/target/test-dir/MiniOzoneClusterImpl-3695f4f1-b95b-4fb5-aefd-831056816bde/datanode-1/data/ratis] (custom)
2022-07-12 20:44:14,184 [pool-241-thread-1] INFO  server.RaftServerConfigKeys (ConfUtils.java:logGet(46)) - raft.server.log.corruption.policy = EXCEPTION (default)
2022-07-12 20:44:14,184 [pool-241-thread-1] INFO  server.RaftServerConfigKeys (ConfUtils.java:logGet(46)) - raft.server.storage.free-space.min = 0MB (=0) (default)
2022-07-12 20:44:14,184 [pool-241-thread-1] INFO  storage.RaftStorageDirectory (RaftStorageDirectoryImpl.java:analyzeStorage(135)) - The storage directory /home/runner/work/ozone/ozone/hadoop-ozone/integration-test/target/test-dir/MiniOzoneClusterImpl-3695f4f1-b95b-4fb5-aefd-831056816bde/datanode-1/data/ratis/7e2c4d0f-4cb5-4b49-ab98-5c2e5214eb86 does not exist. Creating ...
2022-07-12 20:44:14,186 [pool-241-thread-1] INFO  storage.RaftStorageDirectory (RaftStorageDirectoryImpl.java:tryLock(230)) - Lock on /home/runner/work/ozone/ozone/hadoop-ozone/integration-test/target/test-dir/MiniOzoneClusterImpl-3695f4f1-b95b-4fb5-aefd-831056816bde/datanode-1/data/ratis/7e2c4d0f-4cb5-4b49-ab98-5c2e5214eb86/in_use.lock acquired by nodename 3147@fv-az29-983
2022-07-12 20:44:14,187 [pool-241-thread-1] INFO  storage.RaftStorage (RaftStorageImpl.java:format(89)) - Storage directory /home/runner/work/ozone/ozone/hadoop-ozone/integration-test/target/test-dir/MiniOzoneClusterImpl-3695f4f1-b95b-4fb5-aefd-831056816bde/datanode-1/data/ratis/7e2c4d0f-4cb5-4b49-ab98-5c2e5214eb86 has been successfully formatted.
2022-07-12 20:44:14,188 [pool-241-thread-1] INFO  ratis.ContainerStateMachine (ContainerStateMachine.java:loadSnapshot(236)) - group-5C2E5214EB86: The snapshot info is null. Setting the last applied indexto:(t:0, i:~)
2022-07-12 20:44:14,188 [pool-241-thread-1] INFO  server.RaftServerConfigKeys (ConfUtils.java:logGet(46)) - raft.server.notification.no-leader.timeout = 300s (custom)
2022-07-12 20:44:14,188 [pool-241-thread-1] INFO  server.RaftServerConfigKeys (ConfUtils.java:logGet(46)) - raft.server.log.use.memory = false (default)
2022-07-12 20:44:14,188 [pool-241-thread-1] INFO  server.RaftServerConfigKeys (ConfUtils.java:logGet(46)) - raft.server.log.purge.gap = 1000000 (custom)
2022-07-12 20:44:14,188 [pool-241-thread-1] INFO  server.RaftServerConfigKeys (ConfUtils.java:logGet(46)) - raft.server.log.appender.buffer.byte-limit = 33554432 (custom)
2022-07-12 20:44:14,188 [pool-241-thread-1] INFO  server.RaftServerConfigKeys (ConfUtils.java:logGet(46)) - raft.server.log.statemachine.data.read.timeout = 1000ms (default)
2022-07-12 20:44:14,188 [pool-241-thread-1] INFO  server.RaftServerConfigKeys (ConfUtils.java:logGet(46)) - raft.server.log.segment.size.max = 1048576 (custom)
2022-07-12 20:44:14,188 [pool-241-thread-1] INFO  server.RaftServerConfigKeys (ConfUtils.java:logGet(46)) - raft.server.log.segment.cache.num.max = 2 (custom)
2022-07-12 20:44:14,189 [pool-241-thread-1] INFO  server.RaftServerConfigKeys (ConfUtils.java:logGet(46)) - raft.server.log.segment.cache.size.max = 200MB (=209715200) (default)
2022-07-12 20:44:14,189 [pool-241-thread-1] INFO  segmented.SegmentedRaftLogWorker (SegmentedRaftLogWorker.java:<init>(187)) - new f703b3fd-e363-452b-a1ce-6d81fe452714@group-5C2E5214EB86-SegmentedRaftLogWorker for RaftStorageImpl:Storage Directory /home/runner/work/ozone/ozone/hadoop-ozone/integration-test/target/test-dir/MiniOzoneClusterImpl-3695f4f1-b95b-4fb5-aefd-831056816bde/datanode-1/data/ratis/7e2c4d0f-4cb5-4b49-ab98-5c2e5214eb86
2022-07-12 20:44:14,189 [pool-241-thread-1] INFO  server.RaftServerConfigKeys (ConfUtils.java:logGet(46)) - raft.server.log.queue.byte-limit = 4294967296 (custom)
2022-07-12 20:44:14,189 [pool-241-thread-1] INFO  server.RaftServerConfigKeys (ConfUtils.java:logGet(46)) - raft.server.log.queue.element-limit = 1024 (custom)
2022-07-12 20:44:14,189 [pool-241-thread-1] INFO  server.RaftServerConfigKeys (ConfUtils.java:logGet(46)) - raft.server.log.segment.size.max = 1048576 (custom)
2022-07-12 20:44:14,189 [pool-241-thread-1] INFO  server.RaftServerConfigKeys (ConfUtils.java:logGet(46)) - raft.server.log.preallocated.size = 16384 (custom)
2022-07-12 20:44:14,189 [pool-241-thread-1] INFO  server.RaftServerConfigKeys (ConfUtils.java:logGet(46)) - raft.server.log.force.sync.num = 128 (default)
2022-07-12 20:44:14,189 [pool-241-thread-1] INFO  server.RaftServerConfigKeys (ConfUtils.java:logGet(46)) - raft.server.log.statemachine.data.sync = true (default)
2022-07-12 20:44:14,189 [pool-241-thread-1] INFO  server.RaftServerConfigKeys (ConfUtils.java:logGet(46)) - raft.server.log.statemachine.data.sync.timeout = 10s (default)
2022-07-12 20:44:14,189 [pool-241-thread-1] INFO  server.RaftServerConfigKeys (ConfUtils.java:logGet(46)) - raft.server.log.statemachine.data.sync.timeout.retry = -1 (default)
2022-07-12 20:44:14,190 [pool-241-thread-1] INFO  server.RaftServerConfigKeys (ConfUtils.java:logGet(46)) - raft.server.log.write.buffer.size = 1048576 (custom)
2022-07-12 20:44:14,190 [pool-241-thread-1] INFO  server.RaftServerConfigKeys (ConfUtils.java:logGet(46)) - raft.server.log.unsafe-flush.enabled = false (default)
2022-07-12 20:44:14,190 [pool-241-thread-1] INFO  server.RaftServerConfigKeys (ConfUtils.java:logGet(46)) - raft.server.log.statemachine.data.caching.enabled = true (custom)
2022-07-12 20:44:14,190 [pool-241-thread-1] INFO  segmented.SegmentedRaftLogWorker (SegmentedRaftLogWorker.java:lambda$new$0(135)) - f703b3fd-e363-452b-a1ce-6d81fe452714@group-5C2E5214EB86-SegmentedRaftLogWorker: flushIndex: setUnconditionally 0 -> -1
2022-07-12 20:44:14,190 [pool-241-thread-1] INFO  segmented.SegmentedRaftLogWorker (SegmentedRaftLogWorker.java:lambda$new$0(135)) - f703b3fd-e363-452b-a1ce-6d81fe452714@group-5C2E5214EB86-SegmentedRaftLogWorker: safeCacheEvictIndex: setUnconditionally 0 -> -1
2022-07-12 20:44:14,192 [pool-241-thread-1] INFO  server.RaftServerConfigKeys (ConfUtils.java:logGet(46)) - raft.server.snapshot.auto.trigger.enabled = true (custom)
2022-07-12 20:44:14,192 [pool-241-thread-1] INFO  server.RaftServerConfigKeys (ConfUtils.java:logGet(46)) - raft.server.snapshot.auto.trigger.threshold = 10000 (custom)
2022-07-12 20:44:14,192 [pool-241-thread-1] INFO  server.RaftServerConfigKeys (ConfUtils.java:logGet(46)) - raft.server.snapshot.retention.file.num = 5 (custom)
2022-07-12 20:44:14,192 [pool-241-thread-1] INFO  server.RaftServerConfigKeys (ConfUtils.java:logGet(46)) - raft.server.log.purge.upto.snapshot.index = false (default)
2022-07-12 20:44:14,193 [pool-241-thread-1] INFO  server.RaftServerConfigKeys (ConfUtils.java:logGet(46)) - raft.server.retrycache.expirytime = 600000ms (custom)
2022-07-12 20:44:14,193 [pool-241-thread-1] INFO  server.RaftServerConfigKeys (ConfUtils.java:logGet(46)) - raft.server.retrycache.statistics.expirytime = 100μs (default)
2022-07-12 20:44:14,194 [pool-241-thread-1] INFO  server.RaftServerConfigKeys (ConfUtils.java:logGet(46)) - raft.server.log.appender.install.snapshot.enabled = false (custom)
2022-07-12 20:44:14,194 [pool-241-thread-1] INFO  server.RaftServerConfigKeys (ConfUtils.java:logGet(46)) - raft.server.threadpool.server.cached = true (default)
2022-07-12 20:44:14,194 [pool-241-thread-1] INFO  server.RaftServerConfigKeys (ConfUtils.java:logGet(46)) - raft.server.threadpool.server.size = 0 (default)
2022-07-12 20:44:14,194 [pool-241-thread-1] INFO  server.RaftServerConfigKeys (ConfUtils.java:logGet(46)) - raft.server.threadpool.client.cached = true (default)
2022-07-12 20:44:14,194 [pool-241-thread-1] INFO  server.RaftServerConfigKeys (ConfUtils.java:logGet(46)) - raft.server.threadpool.client.size = 0 (default)
2022-07-12 20:44:14,194 [pool-241-thread-1] INFO  server.RaftServer$Division (RaftServerImpl.java:start(310)) - f703b3fd-e363-452b-a1ce-6d81fe452714@group-5C2E5214EB86: start as a follower, conf=-1: [f703b3fd-e363-452b-a1ce-6d81fe452714|rpc:10.1.0.33:40627|dataStream:|priority:1, 89964798-5625-4a4f-a306-699ecc29e47f|rpc:10.1.0.33:38191|dataStream:|priority:0, 48a25e45-563c-42d6-b13a-b9125caf58d3|rpc:10.1.0.33:42457|dataStream:|priority:0], old=null
2022-07-12 20:44:14,194 [pool-241-thread-1] INFO  server.RaftServer$Division (RaftServerImpl.java:setRole(299)) - f703b3fd-e363-452b-a1ce-6d81fe452714@group-5C2E5214EB86: changes role from      null to FOLLOWER at term 0 for startAsFollower
2022-07-12 20:44:14,194 [pool-241-thread-1] INFO  impl.RoleInfo (RoleInfo.java:updateAndGet(139)) - f703b3fd-e363-452b-a1ce-6d81fe452714: start f703b3fd-e363-452b-a1ce-6d81fe452714@group-5C2E5214EB86-FollowerState
2022-07-12 20:44:14,199 [pool-241-thread-1] INFO  util.JmxRegister (JmxRegister.java:tryRegister(44)) - Successfully registered JMX Bean with object name Ratis:service=RaftServer,group=group-5C2E5214EB86,id=f703b3fd-e363-452b-a1ce-6d81fe452714
2022-07-12 20:44:14,240 [grpc-default-executor-0] INFO  server.RaftServer (RaftServerProxy.java:addNew(96)) - 89964798-5625-4a4f-a306-699ecc29e47f: addNew group-5C2E5214EB86:[f703b3fd-e363-452b-a1ce-6d81fe452714|rpc:10.1.0.33:40627|dataStream:|priority:1, 89964798-5625-4a4f-a306-699ecc29e47f|rpc:10.1.0.33:38191|dataStream:|priority:0, 48a25e45-563c-42d6-b13a-b9125caf58d3|rpc:10.1.0.33:42457|dataStream:|priority:0] returns group-5C2E5214EB86:java.util.concurrent.CompletableFuture@7790d316[Not completed]
2022-07-12 20:44:14,247 [pool-264-thread-1] INFO  server.RaftServer$Division (RaftServerImpl.java:<init>(190)) - 89964798-5625-4a4f-a306-699ecc29e47f: new RaftServerImpl for group-5C2E5214EB86:[f703b3fd-e363-452b-a1ce-6d81fe452714|rpc:10.1.0.33:40627|dataStream:|priority:1, 89964798-5625-4a4f-a306-699ecc29e47f|rpc:10.1.0.33:38191|dataStream:|priority:0, 48a25e45-563c-42d6-b13a-b9125caf58d3|rpc:10.1.0.33:42457|dataStream:|priority:0] with ContainerStateMachine:uninitialized
2022-07-12 20:44:14,247 [pool-264-thread-1] INFO  server.RaftServerConfigKeys (ConfUtils.java:logGet(46)) - raft.server.rpc.timeout.min = 5s (custom)
2022-07-12 20:44:14,247 [pool-264-thread-1] INFO  server.RaftServerConfigKeys (ConfUtils.java:logGet(46)) - raft.server.rpc.timeout.max = 5200ms (custom)
2022-07-12 20:44:14,247 [pool-264-thread-1] INFO  server.RaftServerConfigKeys (ConfUtils.java:logGet(46)) - raft.server.rpc.sleep.time = 25ms (default)
2022-07-12 20:44:14,247 [pool-264-thread-1] INFO  server.RaftServerConfigKeys (ConfUtils.java:logGet(46)) - raft.server.rpc.slowness.timeout = 300s (custom)
2022-07-12 20:44:14,247 [pool-264-thread-1] INFO  server.RaftServerConfigKeys (ConfUtils.java:logGet(46)) - raft.server.leaderelection.leader.step-down.wait-time = 10s (default)
2022-07-12 20:44:14,247 [pool-264-thread-1] INFO  server.RaftServerConfigKeys (ConfUtils.java:logGet(46)) - raft.server.sleep.deviation.threshold = 300ms (default)
2022-07-12 20:44:14,247 [pool-264-thread-1] INFO  server.RaftServer$Division (ServerState.java:<init>(107)) - 89964798-5625-4a4f-a306-699ecc29e47f@group-5C2E5214EB86: ConfigurationManager, init=-1: [f703b3fd-e363-452b-a1ce-6d81fe452714|rpc:10.1.0.33:40627|dataStream:|priority:1, 89964798-5625-4a4f-a306-699ecc29e47f|rpc:10.1.0.33:38191|dataStream:|priority:0, 48a25e45-563c-42d6-b13a-b9125caf58d3|rpc:10.1.0.33:42457|dataStream:|priority:0], old=null, confs=<EMPTY_MAP>
2022-07-12 20:44:14,247 [pool-264-thread-1] INFO  server.RaftServerConfigKeys (ConfUtils.java:logGet(46)) - raft.server.storage.dir = [/home/runner/work/ozone/ozone/hadoop-ozone/integration-test/target/test-dir/MiniOzoneClusterImpl-3695f4f1-b95b-4fb5-aefd-831056816bde/datanode-2/data/ratis] (custom)
2022-07-12 20:44:14,248 [pool-264-thread-1] INFO  server.RaftServerConfigKeys (ConfUtils.java:logGet(46)) - raft.server.log.corruption.policy = EXCEPTION (default)
2022-07-12 20:44:14,248 [pool-264-thread-1] INFO  server.RaftServerConfigKeys (ConfUtils.java:logGet(46)) - raft.server.storage.free-space.min = 0MB (=0) (default)
2022-07-12 20:44:14,248 [pool-264-thread-1] INFO  storage.RaftStorageDirectory (RaftStorageDirectoryImpl.java:analyzeStorage(135)) - The storage directory /home/runner/work/ozone/ozone/hadoop-ozone/integration-test/target/test-dir/MiniOzoneClusterImpl-3695f4f1-b95b-4fb5-aefd-831056816bde/datanode-2/data/ratis/7e2c4d0f-4cb5-4b49-ab98-5c2e5214eb86 does not exist. Creating ...
2022-07-12 20:44:14,249 [pool-264-thread-1] INFO  storage.RaftStorageDirectory (RaftStorageDirectoryImpl.java:tryLock(230)) - Lock on /home/runner/work/ozone/ozone/hadoop-ozone/integration-test/target/test-dir/MiniOzoneClusterImpl-3695f4f1-b95b-4fb5-aefd-831056816bde/datanode-2/data/ratis/7e2c4d0f-4cb5-4b49-ab98-5c2e5214eb86/in_use.lock acquired by nodename 3147@fv-az29-983
2022-07-12 20:44:14,251 [pool-264-thread-1] INFO  storage.RaftStorage (RaftStorageImpl.java:format(89)) - Storage directory /home/runner/work/ozone/ozone/hadoop-ozone/integration-test/target/test-dir/MiniOzoneClusterImpl-3695f4f1-b95b-4fb5-aefd-831056816bde/datanode-2/data/ratis/7e2c4d0f-4cb5-4b49-ab98-5c2e5214eb86 has been successfully formatted.
2022-07-12 20:44:14,251 [pool-264-thread-1] INFO  ratis.ContainerStateMachine (ContainerStateMachine.java:loadSnapshot(236)) - group-5C2E5214EB86: The snapshot info is null. Setting the last applied indexto:(t:0, i:~)
2022-07-12 20:44:14,251 [pool-264-thread-1] INFO  server.RaftServerConfigKeys (ConfUtils.java:logGet(46)) - raft.server.notification.no-leader.timeout = 300s (custom)
2022-07-12 20:44:14,251 [pool-264-thread-1] INFO  server.RaftServerConfigKeys (ConfUtils.java:logGet(46)) - raft.server.log.use.memory = false (default)
2022-07-12 20:44:14,251 [pool-264-thread-1] INFO  server.RaftServerConfigKeys (ConfUtils.java:logGet(46)) - raft.server.log.purge.gap = 1000000 (custom)
2022-07-12 20:44:14,251 [pool-264-thread-1] INFO  server.RaftServerConfigKeys (ConfUtils.java:logGet(46)) - raft.server.log.appender.buffer.byte-limit = 33554432 (custom)
2022-07-12 20:44:14,251 [pool-264-thread-1] INFO  server.RaftServerConfigKeys (ConfUtils.java:logGet(46)) - raft.server.log.statemachine.data.read.timeout = 1000ms (default)
2022-07-12 20:44:14,252 [pool-264-thread-1] INFO  server.RaftServerConfigKeys (ConfUtils.java:logGet(46)) - raft.server.log.segment.size.max = 1048576 (custom)
2022-07-12 20:44:14,252 [pool-264-thread-1] INFO  server.RaftServerConfigKeys (ConfUtils.java:logGet(46)) - raft.server.log.segment.cache.num.max = 2 (custom)
2022-07-12 20:44:14,252 [pool-264-thread-1] INFO  server.RaftServerConfigKeys (ConfUtils.java:logGet(46)) - raft.server.log.segment.cache.size.max = 200MB (=209715200) (default)
2022-07-12 20:44:14,252 [pool-264-thread-1] INFO  segmented.SegmentedRaftLogWorker (SegmentedRaftLogWorker.java:<init>(187)) - new 89964798-5625-4a4f-a306-699ecc29e47f@group-5C2E5214EB86-SegmentedRaftLogWorker for RaftStorageImpl:Storage Directory /home/runner/work/ozone/ozone/hadoop-ozone/integration-test/target/test-dir/MiniOzoneClusterImpl-3695f4f1-b95b-4fb5-aefd-831056816bde/datanode-2/data/ratis/7e2c4d0f-4cb5-4b49-ab98-5c2e5214eb86
2022-07-12 20:44:14,252 [pool-264-thread-1] INFO  server.RaftServerConfigKeys (ConfUtils.java:logGet(46)) - raft.server.log.queue.byte-limit = 4294967296 (custom)
2022-07-12 20:44:14,252 [pool-264-thread-1] INFO  server.RaftServerConfigKeys (ConfUtils.java:logGet(46)) - raft.server.log.queue.element-limit = 1024 (custom)
2022-07-12 20:44:14,252 [pool-264-thread-1] INFO  server.RaftServerConfigKeys (ConfUtils.java:logGet(46)) - raft.server.log.segment.size.max = 1048576 (custom)
2022-07-12 20:44:14,252 [pool-264-thread-1] INFO  server.RaftServerConfigKeys (ConfUtils.java:logGet(46)) - raft.server.log.preallocated.size = 16384 (custom)
2022-07-12 20:44:14,252 [pool-264-thread-1] INFO  server.RaftServerConfigKeys (ConfUtils.java:logGet(46)) - raft.server.log.force.sync.num = 128 (default)
2022-07-12 20:44:14,252 [pool-264-thread-1] INFO  server.RaftServerConfigKeys (ConfUtils.java:logGet(46)) - raft.server.log.statemachine.data.sync = true (default)
2022-07-12 20:44:14,252 [pool-264-thread-1] INFO  server.RaftServerConfigKeys (ConfUtils.java:logGet(46)) - raft.server.log.statemachine.data.sync.timeout = 10s (default)
2022-07-12 20:44:14,252 [pool-264-thread-1] INFO  server.RaftServerConfigKeys (ConfUtils.java:logGet(46)) - raft.server.log.statemachine.data.sync.timeout.retry = -1 (default)
2022-07-12 20:44:14,253 [pool-264-thread-1] INFO  server.RaftServerConfigKeys (ConfUtils.java:logGet(46)) - raft.server.log.write.buffer.size = 1048576 (custom)
2022-07-12 20:44:14,254 [pool-264-thread-1] INFO  server.RaftServerConfigKeys (ConfUtils.java:logGet(46)) - raft.server.log.unsafe-flush.enabled = false (default)
2022-07-12 20:44:14,254 [pool-264-thread-1] INFO  server.RaftServerConfigKeys (ConfUtils.java:logGet(46)) - raft.server.log.statemachine.data.caching.enabled = true (custom)
2022-07-12 20:44:14,254 [pool-264-thread-1] INFO  segmented.SegmentedRaftLogWorker (SegmentedRaftLogWorker.java:lambda$new$0(135)) - 89964798-5625-4a4f-a306-699ecc29e47f@group-5C2E5214EB86-SegmentedRaftLogWorker: flushIndex: setUnconditionally 0 -> -1
2022-07-12 20:44:14,254 [pool-264-thread-1] INFO  segmented.SegmentedRaftLogWorker (SegmentedRaftLogWorker.java:lambda$new$0(135)) - 89964798-5625-4a4f-a306-699ecc29e47f@group-5C2E5214EB86-SegmentedRaftLogWorker: safeCacheEvictIndex: setUnconditionally 0 -> -1
2022-07-12 20:44:14,255 [Listener at 127.0.0.1/43871] INFO  ozone.MiniOzoneClusterImpl (MiniOzoneClusterImpl.java:lambda$waitForClusterToBeReady$0(223)) - Nodes are ready. Got 3 of 3 DN Heartbeats.
2022-07-12 20:44:14,255 [Listener at 127.0.0.1/43871] INFO  ozone.MiniOzoneClusterImpl (MiniOzoneClusterImpl.java:lambda$waitForClusterToBeReady$0(226)) - Waiting for cluster to exit safe mode
2022-07-12 20:44:14,255 [Listener at 127.0.0.1/43871] INFO  ozone.MiniOzoneClusterImpl (MiniOzoneClusterImpl.java:lambda$waitForClusterToBeReady$0(228)) - SCM became leader
2022-07-12 20:44:14,264 [pool-264-thread-1] INFO  server.RaftServerConfigKeys (ConfUtils.java:logGet(46)) - raft.server.snapshot.auto.trigger.enabled = true (custom)
2022-07-12 20:44:14,264 [pool-264-thread-1] INFO  server.RaftServerConfigKeys (ConfUtils.java:logGet(46)) - raft.server.snapshot.auto.trigger.threshold = 10000 (custom)
2022-07-12 20:44:14,264 [pool-264-thread-1] INFO  server.RaftServerConfigKeys (ConfUtils.java:logGet(46)) - raft.server.snapshot.retention.file.num = 5 (custom)
2022-07-12 20:44:14,264 [pool-264-thread-1] INFO  server.RaftServerConfigKeys (ConfUtils.java:logGet(46)) - raft.server.log.purge.upto.snapshot.index = false (default)
2022-07-12 20:44:14,264 [pool-264-thread-1] INFO  server.RaftServerConfigKeys (ConfUtils.java:logGet(46)) - raft.server.retrycache.expirytime = 600000ms (custom)
2022-07-12 20:44:14,264 [pool-264-thread-1] INFO  server.RaftServerConfigKeys (ConfUtils.java:logGet(46)) - raft.server.retrycache.statistics.expirytime = 100μs (default)
2022-07-12 20:44:14,265 [pool-264-thread-1] INFO  server.RaftServerConfigKeys (ConfUtils.java:logGet(46)) - raft.server.log.appender.install.snapshot.enabled = false (custom)
2022-07-12 20:44:14,266 [pool-264-thread-1] INFO  server.RaftServerConfigKeys (ConfUtils.java:logGet(46)) - raft.server.threadpool.server.cached = true (default)
2022-07-12 20:44:14,266 [pool-264-thread-1] INFO  server.RaftServerConfigKeys (ConfUtils.java:logGet(46)) - raft.server.threadpool.server.size = 0 (default)
2022-07-12 20:44:14,266 [pool-264-thread-1] INFO  server.RaftServerConfigKeys (ConfUtils.java:logGet(46)) - raft.server.threadpool.client.cached = true (default)
2022-07-12 20:44:14,266 [pool-264-thread-1] INFO  server.RaftServerConfigKeys (ConfUtils.java:logGet(46)) - raft.server.threadpool.client.size = 0 (default)
2022-07-12 20:44:14,266 [pool-264-thread-1] INFO  server.RaftServer$Division (RaftServerImpl.java:start(310)) - 89964798-5625-4a4f-a306-699ecc29e47f@group-5C2E5214EB86: start as a follower, conf=-1: [f703b3fd-e363-452b-a1ce-6d81fe452714|rpc:10.1.0.33:40627|dataStream:|priority:1, 89964798-5625-4a4f-a306-699ecc29e47f|rpc:10.1.0.33:38191|dataStream:|priority:0, 48a25e45-563c-42d6-b13a-b9125caf58d3|rpc:10.1.0.33:42457|dataStream:|priority:0], old=null
2022-07-12 20:44:14,266 [pool-264-thread-1] INFO  server.RaftServer$Division (RaftServerImpl.java:setRole(299)) - 89964798-5625-4a4f-a306-699ecc29e47f@group-5C2E5214EB86: changes role from      null to FOLLOWER at term 0 for startAsFollower
2022-07-12 20:44:14,266 [pool-264-thread-1] INFO  impl.RoleInfo (RoleInfo.java:updateAndGet(139)) - 89964798-5625-4a4f-a306-699ecc29e47f: start 89964798-5625-4a4f-a306-699ecc29e47f@group-5C2E5214EB86-FollowerState
2022-07-12 20:44:14,275 [pool-264-thread-1] INFO  util.JmxRegister (JmxRegister.java:tryRegister(44)) - Successfully registered JMX Bean with object name Ratis:service=RaftServer,group=group-5C2E5214EB86,id=89964798-5625-4a4f-a306-699ecc29e47f
2022-07-12 20:44:14,313 [Command processor thread] INFO  commandhandler.CreatePipelineCommandHandler (CreatePipelineCommandHandler.java:handle(113)) - Created Pipeline RATIS THREE PipelineID=7e2c4d0f-4cb5-4b49-ab98-5c2e5214eb86.
2022-07-12 20:44:14,314 [Command processor thread] INFO  server.RaftServer (RaftServerProxy.java:addNew(96)) - 48a25e45-563c-42d6-b13a-b9125caf58d3: addNew group-E4DDA8C5C713:[f703b3fd-e363-452b-a1ce-6d81fe452714|rpc:10.1.0.33:40627|priority:0, 89964798-5625-4a4f-a306-699ecc29e47f|rpc:10.1.0.33:38191|priority:0, 48a25e45-563c-42d6-b13a-b9125caf58d3|rpc:10.1.0.33:42457|priority:1] returns group-E4DDA8C5C713:java.util.concurrent.CompletableFuture@30ae337c[Not completed]
2022-07-12 20:44:14,315 [pool-218-thread-1] INFO  server.RaftServer$Division (RaftServerImpl.java:<init>(190)) - 48a25e45-563c-42d6-b13a-b9125caf58d3: new RaftServerImpl for group-E4DDA8C5C713:[f703b3fd-e363-452b-a1ce-6d81fe452714|rpc:10.1.0.33:40627|priority:0, 89964798-5625-4a4f-a306-699ecc29e47f|rpc:10.1.0.33:38191|priority:0, 48a25e45-563c-42d6-b13a-b9125caf58d3|rpc:10.1.0.33:42457|priority:1] with ContainerStateMachine:uninitialized
2022-07-12 20:44:14,315 [pool-218-thread-1] INFO  server.RaftServerConfigKeys (ConfUtils.java:logGet(46)) - raft.server.rpc.timeout.min = 5s (custom)
2022-07-12 20:44:14,315 [pool-218-thread-1] INFO  server.RaftServerConfigKeys (ConfUtils.java:logGet(46)) - raft.server.rpc.timeout.max = 5200ms (custom)
2022-07-12 20:44:14,315 [pool-218-thread-1] INFO  server.RaftServerConfigKeys (ConfUtils.java:logGet(46)) - raft.server.rpc.sleep.time = 25ms (default)
2022-07-12 20:44:14,315 [pool-218-thread-1] INFO  server.RaftServerConfigKeys (ConfUtils.java:logGet(46)) - raft.server.rpc.slowness.timeout = 300s (custom)
2022-07-12 20:44:14,315 [pool-218-thread-1] INFO  server.RaftServerConfigKeys (ConfUtils.java:logGet(46)) - raft.server.leaderelection.leader.step-down.wait-time = 10s (default)
2022-07-12 20:44:14,315 [pool-218-thread-1] INFO  server.RaftServerConfigKeys (ConfUtils.java:logGet(46)) - raft.server.sleep.deviation.threshold = 300ms (default)
2022-07-12 20:44:14,315 [pool-218-thread-1] INFO  server.RaftServer$Division (ServerState.java:<init>(107)) - 48a25e45-563c-42d6-b13a-b9125caf58d3@group-E4DDA8C5C713: ConfigurationManager, init=-1: [f703b3fd-e363-452b-a1ce-6d81fe452714|rpc:10.1.0.33:40627|priority:0, 89964798-5625-4a4f-a306-699ecc29e47f|rpc:10.1.0.33:38191|priority:0, 48a25e45-563c-42d6-b13a-b9125caf58d3|rpc:10.1.0.33:42457|priority:1], old=null, confs=<EMPTY_MAP>
2022-07-12 20:44:14,315 [pool-218-thread-1] INFO  server.RaftServerConfigKeys (ConfUtils.java:logGet(46)) - raft.server.storage.dir = [/home/runner/work/ozone/ozone/hadoop-ozone/integration-test/target/test-dir/MiniOzoneClusterImpl-3695f4f1-b95b-4fb5-aefd-831056816bde/datanode-0/data/ratis] (custom)
2022-07-12 20:44:14,315 [pool-218-thread-1] INFO  server.RaftServerConfigKeys (ConfUtils.java:logGet(46)) - raft.server.log.corruption.policy = EXCEPTION (default)
2022-07-12 20:44:14,315 [pool-218-thread-1] INFO  server.RaftServerConfigKeys (ConfUtils.java:logGet(46)) - raft.server.storage.free-space.min = 0MB (=0) (default)
2022-07-12 20:44:14,315 [pool-218-thread-1] INFO  storage.RaftStorageDirectory (RaftStorageDirectoryImpl.java:analyzeStorage(135)) - The storage directory /home/runner/work/ozone/ozone/hadoop-ozone/integration-test/target/test-dir/MiniOzoneClusterImpl-3695f4f1-b95b-4fb5-aefd-831056816bde/datanode-0/data/ratis/f6fd52b1-da25-4504-8f93-e4dda8c5c713 does not exist. Creating ...
2022-07-12 20:44:14,316 [pool-218-thread-1] INFO  storage.RaftStorageDirectory (RaftStorageDirectoryImpl.java:tryLock(230)) - Lock on /home/runner/work/ozone/ozone/hadoop-ozone/integration-test/target/test-dir/MiniOzoneClusterImpl-3695f4f1-b95b-4fb5-aefd-831056816bde/datanode-0/data/ratis/f6fd52b1-da25-4504-8f93-e4dda8c5c713/in_use.lock acquired by nodename 3147@fv-az29-983
2022-07-12 20:44:14,317 [pool-218-thread-1] INFO  storage.RaftStorage (RaftStorageImpl.java:format(89)) - Storage directory /home/runner/work/ozone/ozone/hadoop-ozone/integration-test/target/test-dir/MiniOzoneClusterImpl-3695f4f1-b95b-4fb5-aefd-831056816bde/datanode-0/data/ratis/f6fd52b1-da25-4504-8f93-e4dda8c5c713 has been successfully formatted.
2022-07-12 20:44:14,319 [EventQueue-OpenPipelineForHealthyPipelineSafeModeRule] INFO  safemode.SCMSafeModeManager (HealthyPipelineSafeModeRule.java:process(124)) - SCM in safe mode. Healthy pipelines reported count is 0, required healthy pipeline reported count is 1
2022-07-12 20:44:14,319 [pool-218-thread-1] INFO  ratis.ContainerStateMachine (ContainerStateMachine.java:loadSnapshot(236)) - group-E4DDA8C5C713: The snapshot info is null. Setting the last applied indexto:(t:0, i:~)
2022-07-12 20:44:14,320 [pool-218-thread-1] INFO  server.RaftServerConfigKeys (ConfUtils.java:logGet(46)) - raft.server.notification.no-leader.timeout = 300s (custom)
2022-07-12 20:44:14,320 [pool-218-thread-1] INFO  server.RaftServerConfigKeys (ConfUtils.java:logGet(46)) - raft.server.log.use.memory = false (default)
2022-07-12 20:44:14,320 [pool-218-thread-1] INFO  server.RaftServerConfigKeys (ConfUtils.java:logGet(46)) - raft.server.log.purge.gap = 1000000 (custom)
2022-07-12 20:44:14,320 [pool-218-thread-1] INFO  server.RaftServerConfigKeys (ConfUtils.java:logGet(46)) - raft.server.log.appender.buffer.byte-limit = 33554432 (custom)
2022-07-12 20:44:14,320 [pool-218-thread-1] INFO  server.RaftServerConfigKeys (ConfUtils.java:logGet(46)) - raft.server.log.statemachine.data.read.timeout = 1000ms (default)
2022-07-12 20:44:14,320 [pool-218-thread-1] INFO  server.RaftServerConfigKeys (ConfUtils.java:logGet(46)) - raft.server.log.segment.size.max = 1048576 (custom)
2022-07-12 20:44:14,320 [pool-218-thread-1] INFO  server.RaftServerConfigKeys (ConfUtils.java:logGet(46)) - raft.server.log.segment.cache.num.max = 2 (custom)
2022-07-12 20:44:14,320 [pool-218-thread-1] INFO  server.RaftServerConfigKeys (ConfUtils.java:logGet(46)) - raft.server.log.segment.cache.size.max = 200MB (=209715200) (default)
2022-07-12 20:44:14,320 [pool-218-thread-1] INFO  segmented.SegmentedRaftLogWorker (SegmentedRaftLogWorker.java:<init>(187)) - new 48a25e45-563c-42d6-b13a-b9125caf58d3@group-E4DDA8C5C713-SegmentedRaftLogWorker for RaftStorageImpl:Storage Directory /home/runner/work/ozone/ozone/hadoop-ozone/integration-test/target/test-dir/MiniOzoneClusterImpl-3695f4f1-b95b-4fb5-aefd-831056816bde/datanode-0/data/ratis/f6fd52b1-da25-4504-8f93-e4dda8c5c713
2022-07-12 20:44:14,321 [pool-218-thread-1] INFO  server.RaftServerConfigKeys (ConfUtils.java:logGet(46)) - raft.server.log.queue.byte-limit = 4294967296 (custom)
2022-07-12 20:44:14,321 [pool-218-thread-1] INFO  server.RaftServerConfigKeys (ConfUtils.java:logGet(46)) - raft.server.log.queue.element-limit = 1024 (custom)
2022-07-12 20:44:14,321 [pool-218-thread-1] INFO  server.RaftServerConfigKeys (ConfUtils.java:logGet(46)) - raft.server.log.segment.size.max = 1048576 (custom)
2022-07-12 20:44:14,321 [pool-218-thread-1] INFO  server.RaftServerConfigKeys (ConfUtils.java:logGet(46)) - raft.server.log.preallocated.size = 16384 (custom)
2022-07-12 20:44:14,321 [pool-218-thread-1] INFO  server.RaftServerConfigKeys (ConfUtils.java:logGet(46)) - raft.server.log.force.sync.num = 128 (default)
2022-07-12 20:44:14,321 [pool-218-thread-1] INFO  server.RaftServerConfigKeys (ConfUtils.java:logGet(46)) - raft.server.log.statemachine.data.sync = true (default)
2022-07-12 20:44:14,321 [pool-218-thread-1] INFO  server.RaftServerConfigKeys (ConfUtils.java:logGet(46)) - raft.server.log.statemachine.data.sync.timeout = 10s (default)
2022-07-12 20:44:14,321 [pool-218-thread-1] INFO  server.RaftServerConfigKeys (ConfUtils.java:logGet(46)) - raft.server.log.statemachine.data.sync.timeout.retry = -1 (default)
2022-07-12 20:44:14,321 [pool-218-thread-1] INFO  server.RaftServerConfigKeys (ConfUtils.java:logGet(46)) - raft.server.log.write.buffer.size = 1048576 (custom)
2022-07-12 20:44:14,322 [pool-218-thread-1] INFO  server.RaftServerConfigKeys (ConfUtils.java:logGet(46)) - raft.server.log.unsafe-flush.enabled = false (default)
2022-07-12 20:44:14,322 [pool-218-thread-1] INFO  server.RaftServerConfigKeys (ConfUtils.java:logGet(46)) - raft.server.log.statemachine.data.caching.enabled = true (custom)
2022-07-12 20:44:14,322 [pool-218-thread-1] INFO  segmented.SegmentedRaftLogWorker (SegmentedRaftLogWorker.java:lambda$new$0(135)) - 48a25e45-563c-42d6-b13a-b9125caf58d3@group-E4DDA8C5C713-SegmentedRaftLogWorker: flushIndex: setUnconditionally 0 -> -1
2022-07-12 20:44:14,322 [pool-218-thread-1] INFO  segmented.SegmentedRaftLogWorker (SegmentedRaftLogWorker.java:lambda$new$0(135)) - 48a25e45-563c-42d6-b13a-b9125caf58d3@group-E4DDA8C5C713-SegmentedRaftLogWorker: safeCacheEvictIndex: setUnconditionally 0 -> -1
2022-07-12 20:44:14,331 [pool-218-thread-1] INFO  server.RaftServerConfigKeys (ConfUtils.java:logGet(46)) - raft.server.snapshot.auto.trigger.enabled = true (custom)
2022-07-12 20:44:14,331 [pool-218-thread-1] INFO  server.RaftServerConfigKeys (ConfUtils.java:logGet(46)) - raft.server.snapshot.auto.trigger.threshold = 10000 (custom)
2022-07-12 20:44:14,331 [pool-218-thread-1] INFO  server.RaftServerConfigKeys (ConfUtils.java:logGet(46)) - raft.server.snapshot.retention.file.num = 5 (custom)
2022-07-12 20:44:14,331 [pool-218-thread-1] INFO  server.RaftServerConfigKeys (ConfUtils.java:logGet(46)) - raft.server.log.purge.upto.snapshot.index = false (default)
2022-07-12 20:44:14,331 [pool-218-thread-1] INFO  server.RaftServerConfigKeys (ConfUtils.java:logGet(46)) - raft.server.retrycache.expirytime = 600000ms (custom)
2022-07-12 20:44:14,331 [pool-218-thread-1] INFO  server.RaftServerConfigKeys (ConfUtils.java:logGet(46)) - raft.server.retrycache.statistics.expirytime = 100μs (default)
2022-07-12 20:44:14,332 [pool-218-thread-1] INFO  server.RaftServerConfigKeys (ConfUtils.java:logGet(46)) - raft.server.log.appender.install.snapshot.enabled = false (custom)
2022-07-12 20:44:14,332 [pool-218-thread-1] INFO  server.RaftServerConfigKeys (ConfUtils.java:logGet(46)) - raft.server.threadpool.server.cached = true (default)
2022-07-12 20:44:14,332 [pool-218-thread-1] INFO  server.RaftServerConfigKeys (ConfUtils.java:logGet(46)) - raft.server.threadpool.server.size = 0 (default)
2022-07-12 20:44:14,332 [pool-218-thread-1] INFO  server.RaftServerConfigKeys (ConfUtils.java:logGet(46)) - raft.server.threadpool.client.cached = true (default)
2022-07-12 20:44:14,332 [pool-218-thread-1] INFO  server.RaftServerConfigKeys (ConfUtils.java:logGet(46)) - raft.server.threadpool.client.size = 0 (default)
2022-07-12 20:44:14,332 [pool-218-thread-1] INFO  server.RaftServer$Division (RaftServerImpl.java:start(310)) - 48a25e45-563c-42d6-b13a-b9125caf58d3@group-E4DDA8C5C713: start as a follower, conf=-1: [f703b3fd-e363-452b-a1ce-6d81fe452714|rpc:10.1.0.33:40627|priority:0, 89964798-5625-4a4f-a306-699ecc29e47f|rpc:10.1.0.33:38191|priority:0, 48a25e45-563c-42d6-b13a-b9125caf58d3|rpc:10.1.0.33:42457|priority:1], old=null
2022-07-12 20:44:14,332 [pool-218-thread-1] INFO  server.RaftServer$Division (RaftServerImpl.java:setRole(299)) - 48a25e45-563c-42d6-b13a-b9125caf58d3@group-E4DDA8C5C713: changes role from      null to FOLLOWER at term 0 for startAsFollower
2022-07-12 20:44:14,332 [pool-218-thread-1] INFO  impl.RoleInfo (RoleInfo.java:updateAndGet(139)) - 48a25e45-563c-42d6-b13a-b9125caf58d3: start 48a25e45-563c-42d6-b13a-b9125caf58d3@group-E4DDA8C5C713-FollowerState
2022-07-12 20:44:14,347 [pool-218-thread-1] INFO  util.JmxRegister (JmxRegister.java:tryRegister(44)) - Successfully registered JMX Bean with object name Ratis:service=RaftServer,group=group-E4DDA8C5C713,id=48a25e45-563c-42d6-b13a-b9125caf58d3
2022-07-12 20:44:14,347 [Command processor thread] INFO  ratis.XceiverServerRatis (XceiverServerRatis.java:addGroup(765)) - Created group PipelineID=f6fd52b1-da25-4504-8f93-e4dda8c5c713
2022-07-12 20:44:14,365 [grpc-default-executor-0] INFO  server.RaftServer (RaftServerProxy.java:addNew(96)) - 89964798-5625-4a4f-a306-699ecc29e47f: addNew group-E4DDA8C5C713:[f703b3fd-e363-452b-a1ce-6d81fe452714|rpc:10.1.0.33:40627|dataStream:|priority:0, 89964798-5625-4a4f-a306-699ecc29e47f|rpc:10.1.0.33:38191|dataStream:|priority:0, 48a25e45-563c-42d6-b13a-b9125caf58d3|rpc:10.1.0.33:42457|dataStream:|priority:1] returns group-E4DDA8C5C713:java.util.concurrent.CompletableFuture@37d742b0[Not completed]
2022-07-12 20:44:14,379 [pool-264-thread-1] INFO  server.RaftServer$Division (RaftServerImpl.java:<init>(190)) - 89964798-5625-4a4f-a306-699ecc29e47f: new RaftServerImpl for group-E4DDA8C5C713:[f703b3fd-e363-452b-a1ce-6d81fe452714|rpc:10.1.0.33:40627|dataStream:|priority:0, 89964798-5625-4a4f-a306-699ecc29e47f|rpc:10.1.0.33:38191|dataStream:|priority:0, 48a25e45-563c-42d6-b13a-b9125caf58d3|rpc:10.1.0.33:42457|dataStream:|priority:1] with ContainerStateMachine:uninitialized
2022-07-12 20:44:14,379 [pool-264-thread-1] INFO  server.RaftServerConfigKeys (ConfUtils.java:logGet(46)) - raft.server.rpc.timeout.min = 5s (custom)
2022-07-12 20:44:14,379 [pool-264-thread-1] INFO  server.RaftServerConfigKeys (ConfUtils.java:logGet(46)) - raft.server.rpc.timeout.max = 5200ms (custom)
2022-07-12 20:44:14,379 [pool-264-thread-1] INFO  server.RaftServerConfigKeys (ConfUtils.java:logGet(46)) - raft.server.rpc.sleep.time = 25ms (default)
2022-07-12 20:44:14,379 [pool-264-thread-1] INFO  server.RaftServerConfigKeys (ConfUtils.java:logGet(46)) - raft.server.rpc.slowness.timeout = 300s (custom)
2022-07-12 20:44:14,379 [pool-264-thread-1] INFO  server.RaftServerConfigKeys (ConfUtils.java:logGet(46)) - raft.server.leaderelection.leader.step-down.wait-time = 10s (default)
2022-07-12 20:44:14,379 [pool-264-thread-1] INFO  server.RaftServerConfigKeys (ConfUtils.java:logGet(46)) - raft.server.sleep.deviation.threshold = 300ms (default)
2022-07-12 20:44:14,379 [pool-264-thread-1] INFO  server.RaftServer$Division (ServerState.java:<init>(107)) - 89964798-5625-4a4f-a306-699ecc29e47f@group-E4DDA8C5C713: ConfigurationManager, init=-1: [f703b3fd-e363-452b-a1ce-6d81fe452714|rpc:10.1.0.33:40627|dataStream:|priority:0, 89964798-5625-4a4f-a306-699ecc29e47f|rpc:10.1.0.33:38191|dataStream:|priority:0, 48a25e45-563c-42d6-b13a-b9125caf58d3|rpc:10.1.0.33:42457|dataStream:|priority:1], old=null, confs=<EMPTY_MAP>
2022-07-12 20:44:14,379 [pool-264-thread-1] INFO  server.RaftServerConfigKeys (ConfUtils.java:logGet(46)) - raft.server.storage.dir = [/home/runner/work/ozone/ozone/hadoop-ozone/integration-test/target/test-dir/MiniOzoneClusterImpl-3695f4f1-b95b-4fb5-aefd-831056816bde/datanode-2/data/ratis] (custom)
2022-07-12 20:44:14,379 [pool-264-thread-1] INFO  server.RaftServerConfigKeys (ConfUtils.java:logGet(46)) - raft.server.log.corruption.policy = EXCEPTION (default)
2022-07-12 20:44:14,379 [pool-264-thread-1] INFO  server.RaftServerConfigKeys (ConfUtils.java:logGet(46)) - raft.server.storage.free-space.min = 0MB (=0) (default)
2022-07-12 20:44:14,379 [pool-264-thread-1] INFO  storage.RaftStorageDirectory (RaftStorageDirectoryImpl.java:analyzeStorage(135)) - The storage directory /home/runner/work/ozone/ozone/hadoop-ozone/integration-test/target/test-dir/MiniOzoneClusterImpl-3695f4f1-b95b-4fb5-aefd-831056816bde/datanode-2/data/ratis/f6fd52b1-da25-4504-8f93-e4dda8c5c713 does not exist. Creating ...
2022-07-12 20:44:14,381 [pool-264-thread-1] INFO  storage.RaftStorageDirectory (RaftStorageDirectoryImpl.java:tryLock(230)) - Lock on /home/runner/work/ozone/ozone/hadoop-ozone/integration-test/target/test-dir/MiniOzoneClusterImpl-3695f4f1-b95b-4fb5-aefd-831056816bde/datanode-2/data/ratis/f6fd52b1-da25-4504-8f93-e4dda8c5c713/in_use.lock acquired by nodename 3147@fv-az29-983
2022-07-12 20:44:14,382 [pool-264-thread-1] INFO  storage.RaftStorage (RaftStorageImpl.java:format(89)) - Storage directory /home/runner/work/ozone/ozone/hadoop-ozone/integration-test/target/test-dir/MiniOzoneClusterImpl-3695f4f1-b95b-4fb5-aefd-831056816bde/datanode-2/data/ratis/f6fd52b1-da25-4504-8f93-e4dda8c5c713 has been successfully formatted.
2022-07-12 20:44:14,382 [pool-264-thread-1] INFO  ratis.ContainerStateMachine (ContainerStateMachine.java:loadSnapshot(236)) - group-E4DDA8C5C713: The snapshot info is null. Setting the last applied indexto:(t:0, i:~)
2022-07-12 20:44:14,383 [pool-264-thread-1] INFO  server.RaftServerConfigKeys (ConfUtils.java:logGet(46)) - raft.server.notification.no-leader.timeout = 300s (custom)
2022-07-12 20:44:14,383 [pool-264-thread-1] INFO  server.RaftServerConfigKeys (ConfUtils.java:logGet(46)) - raft.server.log.use.memory = false (default)
2022-07-12 20:44:14,383 [pool-264-thread-1] INFO  server.RaftServerConfigKeys (ConfUtils.java:logGet(46)) - raft.server.log.purge.gap = 1000000 (custom)
2022-07-12 20:44:14,383 [pool-264-thread-1] INFO  server.RaftServerConfigKeys (ConfUtils.java:logGet(46)) - raft.server.log.appender.buffer.byte-limit = 33554432 (custom)
2022-07-12 20:44:14,383 [pool-264-thread-1] INFO  server.RaftServerConfigKeys (ConfUtils.java:logGet(46)) - raft.server.log.statemachine.data.read.timeout = 1000ms (default)
2022-07-12 20:44:14,383 [pool-264-thread-1] INFO  server.RaftServerConfigKeys (ConfUtils.java:logGet(46)) - raft.server.log.segment.size.max = 1048576 (custom)
2022-07-12 20:44:14,383 [pool-264-thread-1] INFO  server.RaftServerConfigKeys (ConfUtils.java:logGet(46)) - raft.server.log.segment.cache.num.max = 2 (custom)
2022-07-12 20:44:14,384 [pool-264-thread-1] INFO  server.RaftServerConfigKeys (ConfUtils.java:logGet(46)) - raft.server.log.segment.cache.size.max = 200MB (=209715200) (default)
2022-07-12 20:44:14,384 [pool-264-thread-1] INFO  segmented.SegmentedRaftLogWorker (SegmentedRaftLogWorker.java:<init>(187)) - new 89964798-5625-4a4f-a306-699ecc29e47f@group-E4DDA8C5C713-SegmentedRaftLogWorker for RaftStorageImpl:Storage Directory /home/runner/work/ozone/ozone/hadoop-ozone/integration-test/target/test-dir/MiniOzoneClusterImpl-3695f4f1-b95b-4fb5-aefd-831056816bde/datanode-2/data/ratis/f6fd52b1-da25-4504-8f93-e4dda8c5c713
2022-07-12 20:44:14,384 [pool-264-thread-1] INFO  server.RaftServerConfigKeys (ConfUtils.java:logGet(46)) - raft.server.log.queue.byte-limit = 4294967296 (custom)
2022-07-12 20:44:14,384 [pool-264-thread-1] INFO  server.RaftServerConfigKeys (ConfUtils.java:logGet(46)) - raft.server.log.queue.element-limit = 1024 (custom)
2022-07-12 20:44:14,384 [pool-264-thread-1] INFO  server.RaftServerConfigKeys (ConfUtils.java:logGet(46)) - raft.server.log.segment.size.max = 1048576 (custom)
2022-07-12 20:44:14,384 [pool-264-thread-1] INFO  server.RaftServerConfigKeys (ConfUtils.java:logGet(46)) - raft.server.log.preallocated.size = 16384 (custom)
2022-07-12 20:44:14,384 [pool-264-thread-1] INFO  server.RaftServerConfigKeys (ConfUtils.java:logGet(46)) - raft.server.log.force.sync.num = 128 (default)
2022-07-12 20:44:14,384 [pool-264-thread-1] INFO  server.RaftServerConfigKeys (ConfUtils.java:logGet(46)) - raft.server.log.statemachine.data.sync = true (default)
2022-07-12 20:44:14,384 [pool-264-thread-1] INFO  server.RaftServerConfigKeys (ConfUtils.java:logGet(46)) - raft.server.log.statemachine.data.sync.timeout = 10s (default)
2022-07-12 20:44:14,384 [pool-264-thread-1] INFO  server.RaftServerConfigKeys (ConfUtils.java:logGet(46)) - raft.server.log.statemachine.data.sync.timeout.retry = -1 (default)
2022-07-12 20:44:14,385 [pool-264-thread-1] INFO  server.RaftServerConfigKeys (ConfUtils.java:logGet(46)) - raft.server.log.write.buffer.size = 1048576 (custom)
2022-07-12 20:44:14,385 [pool-264-thread-1] INFO  server.RaftServerConfigKeys (ConfUtils.java:logGet(46)) - raft.server.log.unsafe-flush.enabled = false (default)
2022-07-12 20:44:14,385 [pool-264-thread-1] INFO  server.RaftServerConfigKeys (ConfUtils.java:logGet(46)) - raft.server.log.statemachine.data.caching.enabled = true (custom)
2022-07-12 20:44:14,386 [pool-264-thread-1] INFO  segmented.SegmentedRaftLogWorker (SegmentedRaftLogWorker.java:lambda$new$0(135)) - 89964798-5625-4a4f-a306-699ecc29e47f@group-E4DDA8C5C713-SegmentedRaftLogWorker: flushIndex: setUnconditionally 0 -> -1
2022-07-12 20:44:14,386 [pool-264-thread-1] INFO  segmented.SegmentedRaftLogWorker (SegmentedRaftLogWorker.java:lambda$new$0(135)) - 89964798-5625-4a4f-a306-699ecc29e47f@group-E4DDA8C5C713-SegmentedRaftLogWorker: safeCacheEvictIndex: setUnconditionally 0 -> -1
2022-07-12 20:44:14,399 [pool-264-thread-1] INFO  server.RaftServerConfigKeys (ConfUtils.java:logGet(46)) - raft.server.snapshot.auto.trigger.enabled = true (custom)
2022-07-12 20:44:14,399 [pool-264-thread-1] INFO  server.RaftServerConfigKeys (ConfUtils.java:logGet(46)) - raft.server.snapshot.auto.trigger.threshold = 10000 (custom)
2022-07-12 20:44:14,399 [pool-264-thread-1] INFO  server.RaftServerConfigKeys (ConfUtils.java:logGet(46)) - raft.server.snapshot.retention.file.num = 5 (custom)
2022-07-12 20:44:14,399 [pool-264-thread-1] INFO  server.RaftServerConfigKeys (ConfUtils.java:logGet(46)) - raft.server.log.purge.upto.snapshot.index = false (default)
2022-07-12 20:44:14,399 [pool-264-thread-1] INFO  server.RaftServerConfigKeys (ConfUtils.java:logGet(46)) - raft.server.retrycache.expirytime = 600000ms (custom)
2022-07-12 20:44:14,399 [pool-264-thread-1] INFO  server.RaftServerConfigKeys (ConfUtils.java:logGet(46)) - raft.server.retrycache.statistics.expirytime = 100μs (default)
2022-07-12 20:44:14,400 [pool-264-thread-1] INFO  server.RaftServerConfigKeys (ConfUtils.java:logGet(46)) - raft.server.log.appender.install.snapshot.enabled = false (custom)
2022-07-12 20:44:14,400 [pool-264-thread-1] INFO  server.RaftServerConfigKeys (ConfUtils.java:logGet(46)) - raft.server.threadpool.server.cached = true (default)
2022-07-12 20:44:14,401 [pool-264-thread-1] INFO  server.RaftServerConfigKeys (ConfUtils.java:logGet(46)) - raft.server.threadpool.server.size = 0 (default)
2022-07-12 20:44:14,401 [pool-264-thread-1] INFO  server.RaftServerConfigKeys (ConfUtils.java:logGet(46)) - raft.server.threadpool.client.cached = true (default)
2022-07-12 20:44:14,401 [pool-264-thread-1] INFO  server.RaftServerConfigKeys (ConfUtils.java:logGet(46)) - raft.server.threadpool.client.size = 0 (default)
2022-07-12 20:44:14,401 [pool-264-thread-1] INFO  server.RaftServer$Division (RaftServerImpl.java:start(310)) - 89964798-5625-4a4f-a306-699ecc29e47f@group-E4DDA8C5C713: start as a follower, conf=-1: [f703b3fd-e363-452b-a1ce-6d81fe452714|rpc:10.1.0.33:40627|dataStream:|priority:0, 89964798-5625-4a4f-a306-699ecc29e47f|rpc:10.1.0.33:38191|dataStream:|priority:0, 48a25e45-563c-42d6-b13a-b9125caf58d3|rpc:10.1.0.33:42457|dataStream:|priority:1], old=null
2022-07-12 20:44:14,401 [pool-264-thread-1] INFO  server.RaftServer$Division (RaftServerImpl.java:setRole(299)) - 89964798-5625-4a4f-a306-699ecc29e47f@group-E4DDA8C5C713: changes role from      null to FOLLOWER at term 0 for startAsFollower
2022-07-12 20:44:14,401 [pool-264-thread-1] INFO  impl.RoleInfo (RoleInfo.java:updateAndGet(139)) - 89964798-5625-4a4f-a306-699ecc29e47f: start 89964798-5625-4a4f-a306-699ecc29e47f@group-E4DDA8C5C713-FollowerState
2022-07-12 20:44:14,414 [pool-264-thread-1] INFO  util.JmxRegister (JmxRegister.java:tryRegister(44)) - Successfully registered JMX Bean with object name Ratis:service=RaftServer,group=group-E4DDA8C5C713,id=89964798-5625-4a4f-a306-699ecc29e47f
2022-07-12 20:44:14,469 [grpc-default-executor-0] INFO  server.RaftServer (RaftServerProxy.java:addNew(96)) - f703b3fd-e363-452b-a1ce-6d81fe452714: addNew group-E4DDA8C5C713:[f703b3fd-e363-452b-a1ce-6d81fe452714|rpc:10.1.0.33:40627|dataStream:|priority:0, 89964798-5625-4a4f-a306-699ecc29e47f|rpc:10.1.0.33:38191|dataStream:|priority:0, 48a25e45-563c-42d6-b13a-b9125caf58d3|rpc:10.1.0.33:42457|dataStream:|priority:1] returns group-E4DDA8C5C713:java.util.concurrent.CompletableFuture@4f011885[Not completed]
2022-07-12 20:44:14,482 [pool-241-thread-1] INFO  server.RaftServer$Division (RaftServerImpl.java:<init>(190)) - f703b3fd-e363-452b-a1ce-6d81fe452714: new RaftServerImpl for group-E4DDA8C5C713:[f703b3fd-e363-452b-a1ce-6d81fe452714|rpc:10.1.0.33:40627|dataStream:|priority:0, 89964798-5625-4a4f-a306-699ecc29e47f|rpc:10.1.0.33:38191|dataStream:|priority:0, 48a25e45-563c-42d6-b13a-b9125caf58d3|rpc:10.1.0.33:42457|dataStream:|priority:1] with ContainerStateMachine:uninitialized
2022-07-12 20:44:14,482 [pool-241-thread-1] INFO  server.RaftServerConfigKeys (ConfUtils.java:logGet(46)) - raft.server.rpc.timeout.min = 5s (custom)
2022-07-12 20:44:14,482 [pool-241-thread-1] INFO  server.RaftServerConfigKeys (ConfUtils.java:logGet(46)) - raft.server.rpc.timeout.max = 5200ms (custom)
2022-07-12 20:44:14,482 [pool-241-thread-1] INFO  server.RaftServerConfigKeys (ConfUtils.java:logGet(46)) - raft.server.rpc.sleep.time = 25ms (default)
2022-07-12 20:44:14,482 [pool-241-thread-1] INFO  server.RaftServerConfigKeys (ConfUtils.java:logGet(46)) - raft.server.rpc.slowness.timeout = 300s (custom)
2022-07-12 20:44:14,482 [pool-241-thread-1] INFO  server.RaftServerConfigKeys (ConfUtils.java:logGet(46)) - raft.server.leaderelection.leader.step-down.wait-time = 10s (default)
2022-07-12 20:44:14,482 [pool-241-thread-1] INFO  server.RaftServerConfigKeys (ConfUtils.java:logGet(46)) - raft.server.sleep.deviation.threshold = 300ms (default)
2022-07-12 20:44:14,482 [pool-241-thread-1] INFO  server.RaftServer$Division (ServerState.java:<init>(107)) - f703b3fd-e363-452b-a1ce-6d81fe452714@group-E4DDA8C5C713: ConfigurationManager, init=-1: [f703b3fd-e363-452b-a1ce-6d81fe452714|rpc:10.1.0.33:40627|dataStream:|priority:0, 89964798-5625-4a4f-a306-699ecc29e47f|rpc:10.1.0.33:38191|dataStream:|priority:0, 48a25e45-563c-42d6-b13a-b9125caf58d3|rpc:10.1.0.33:42457|dataStream:|priority:1], old=null, confs=<EMPTY_MAP>
2022-07-12 20:44:14,482 [pool-241-thread-1] INFO  server.RaftServerConfigKeys (ConfUtils.java:logGet(46)) - raft.server.storage.dir = [/home/runner/work/ozone/ozone/hadoop-ozone/integration-test/target/test-dir/MiniOzoneClusterImpl-3695f4f1-b95b-4fb5-aefd-831056816bde/datanode-1/data/ratis] (custom)
2022-07-12 20:44:14,482 [pool-241-thread-1] INFO  server.RaftServerConfigKeys (ConfUtils.java:logGet(46)) - raft.server.log.corruption.policy = EXCEPTION (default)
2022-07-12 20:44:14,482 [pool-241-thread-1] INFO  server.RaftServerConfigKeys (ConfUtils.java:logGet(46)) - raft.server.storage.free-space.min = 0MB (=0) (default)
2022-07-12 20:44:14,482 [pool-241-thread-1] INFO  storage.RaftStorageDirectory (RaftStorageDirectoryImpl.java:analyzeStorage(135)) - The storage directory /home/runner/work/ozone/ozone/hadoop-ozone/integration-test/target/test-dir/MiniOzoneClusterImpl-3695f4f1-b95b-4fb5-aefd-831056816bde/datanode-1/data/ratis/f6fd52b1-da25-4504-8f93-e4dda8c5c713 does not exist. Creating ...
2022-07-12 20:44:14,486 [pool-241-thread-1] INFO  storage.RaftStorageDirectory (RaftStorageDirectoryImpl.java:tryLock(230)) - Lock on /home/runner/work/ozone/ozone/hadoop-ozone/integration-test/target/test-dir/MiniOzoneClusterImpl-3695f4f1-b95b-4fb5-aefd-831056816bde/datanode-1/data/ratis/f6fd52b1-da25-4504-8f93-e4dda8c5c713/in_use.lock acquired by nodename 3147@fv-az29-983
2022-07-12 20:44:14,488 [pool-241-thread-1] INFO  storage.RaftStorage (RaftStorageImpl.java:format(89)) - Storage directory /home/runner/work/ozone/ozone/hadoop-ozone/integration-test/target/test-dir/MiniOzoneClusterImpl-3695f4f1-b95b-4fb5-aefd-831056816bde/datanode-1/data/ratis/f6fd52b1-da25-4504-8f93-e4dda8c5c713 has been successfully formatted.
2022-07-12 20:44:14,488 [pool-241-thread-1] INFO  ratis.ContainerStateMachine (ContainerStateMachine.java:loadSnapshot(236)) - group-E4DDA8C5C713: The snapshot info is null. Setting the last applied indexto:(t:0, i:~)
2022-07-12 20:44:14,488 [pool-241-thread-1] INFO  server.RaftServerConfigKeys (ConfUtils.java:logGet(46)) - raft.server.notification.no-leader.timeout = 300s (custom)
2022-07-12 20:44:14,488 [pool-241-thread-1] INFO  server.RaftServerConfigKeys (ConfUtils.java:logGet(46)) - raft.server.log.use.memory = false (default)
2022-07-12 20:44:14,488 [pool-241-thread-1] INFO  server.RaftServerConfigKeys (ConfUtils.java:logGet(46)) - raft.server.log.purge.gap = 1000000 (custom)
2022-07-12 20:44:14,488 [pool-241-thread-1] INFO  server.RaftServerConfigKeys (ConfUtils.java:logGet(46)) - raft.server.log.appender.buffer.byte-limit = 33554432 (custom)
2022-07-12 20:44:14,488 [pool-241-thread-1] INFO  server.RaftServerConfigKeys (ConfUtils.java:logGet(46)) - raft.server.log.statemachine.data.read.timeout = 1000ms (default)
2022-07-12 20:44:14,489 [pool-241-thread-1] INFO  server.RaftServerConfigKeys (ConfUtils.java:logGet(46)) - raft.server.log.segment.size.max = 1048576 (custom)
2022-07-12 20:44:14,489 [pool-241-thread-1] INFO  server.RaftServerConfigKeys (ConfUtils.java:logGet(46)) - raft.server.log.segment.cache.num.max = 2 (custom)
2022-07-12 20:44:14,489 [pool-241-thread-1] INFO  server.RaftServerConfigKeys (ConfUtils.java:logGet(46)) - raft.server.log.segment.cache.size.max = 200MB (=209715200) (default)
2022-07-12 20:44:14,489 [pool-241-thread-1] INFO  segmented.SegmentedRaftLogWorker (SegmentedRaftLogWorker.java:<init>(187)) - new f703b3fd-e363-452b-a1ce-6d81fe452714@group-E4DDA8C5C713-SegmentedRaftLogWorker for RaftStorageImpl:Storage Directory /home/runner/work/ozone/ozone/hadoop-ozone/integration-test/target/test-dir/MiniOzoneClusterImpl-3695f4f1-b95b-4fb5-aefd-831056816bde/datanode-1/data/ratis/f6fd52b1-da25-4504-8f93-e4dda8c5c713
2022-07-12 20:44:14,489 [pool-241-thread-1] INFO  server.RaftServerConfigKeys (ConfUtils.java:logGet(46)) - raft.server.log.queue.byte-limit = 4294967296 (custom)
2022-07-12 20:44:14,489 [pool-241-thread-1] INFO  server.RaftServerConfigKeys (ConfUtils.java:logGet(46)) - raft.server.log.queue.element-limit = 1024 (custom)
2022-07-12 20:44:14,489 [pool-241-thread-1] INFO  server.RaftServerConfigKeys (ConfUtils.java:logGet(46)) - raft.server.log.segment.size.max = 1048576 (custom)
2022-07-12 20:44:14,489 [pool-241-thread-1] INFO  server.RaftServerConfigKeys (ConfUtils.java:logGet(46)) - raft.server.log.preallocated.size = 16384 (custom)
2022-07-12 20:44:14,489 [pool-241-thread-1] INFO  server.RaftServerConfigKeys (ConfUtils.java:logGet(46)) - raft.server.log.force.sync.num = 128 (default)
2022-07-12 20:44:14,489 [pool-241-thread-1] INFO  server.RaftServerConfigKeys (ConfUtils.java:logGet(46)) - raft.server.log.statemachine.data.sync = true (default)
2022-07-12 20:44:14,489 [pool-241-thread-1] INFO  server.RaftServerConfigKeys (ConfUtils.java:logGet(46)) - raft.server.log.statemachine.data.sync.timeout = 10s (default)
2022-07-12 20:44:14,489 [pool-241-thread-1] INFO  server.RaftServerConfigKeys (ConfUtils.java:logGet(46)) - raft.server.log.statemachine.data.sync.timeout.retry = -1 (default)
2022-07-12 20:44:14,490 [pool-241-thread-1] INFO  server.RaftServerConfigKeys (ConfUtils.java:logGet(46)) - raft.server.log.write.buffer.size = 1048576 (custom)
2022-07-12 20:44:14,490 [pool-241-thread-1] INFO  server.RaftServerConfigKeys (ConfUtils.java:logGet(46)) - raft.server.log.unsafe-flush.enabled = false (default)
2022-07-12 20:44:14,490 [pool-241-thread-1] INFO  server.RaftServerConfigKeys (ConfUtils.java:logGet(46)) - raft.server.log.statemachine.data.caching.enabled = true (custom)
2022-07-12 20:44:14,490 [pool-241-thread-1] INFO  segmented.SegmentedRaftLogWorker (SegmentedRaftLogWorker.java:lambda$new$0(135)) - f703b3fd-e363-452b-a1ce-6d81fe452714@group-E4DDA8C5C713-SegmentedRaftLogWorker: flushIndex: setUnconditionally 0 -> -1
2022-07-12 20:44:14,490 [pool-241-thread-1] INFO  segmented.SegmentedRaftLogWorker (SegmentedRaftLogWorker.java:lambda$new$0(135)) - f703b3fd-e363-452b-a1ce-6d81fe452714@group-E4DDA8C5C713-SegmentedRaftLogWorker: safeCacheEvictIndex: setUnconditionally 0 -> -1
2022-07-12 20:44:14,496 [pool-241-thread-1] INFO  server.RaftServerConfigKeys (ConfUtils.java:logGet(46)) - raft.server.snapshot.auto.trigger.enabled = true (custom)
2022-07-12 20:44:14,496 [pool-241-thread-1] INFO  server.RaftServerConfigKeys (ConfUtils.java:logGet(46)) - raft.server.snapshot.auto.trigger.threshold = 10000 (custom)
2022-07-12 20:44:14,497 [pool-241-thread-1] INFO  server.RaftServerConfigKeys (ConfUtils.java:logGet(46)) - raft.server.snapshot.retention.file.num = 5 (custom)
2022-07-12 20:44:14,497 [pool-241-thread-1] INFO  server.RaftServerConfigKeys (ConfUtils.java:logGet(46)) - raft.server.log.purge.upto.snapshot.index = false (default)
2022-07-12 20:44:14,497 [pool-241-thread-1] INFO  server.RaftServerConfigKeys (ConfUtils.java:logGet(46)) - raft.server.retrycache.expirytime = 600000ms (custom)
2022-07-12 20:44:14,497 [pool-241-thread-1] INFO  server.RaftServerConfigKeys (ConfUtils.java:logGet(46)) - raft.server.retrycache.statistics.expirytime = 100μs (default)
2022-07-12 20:44:14,498 [pool-241-thread-1] INFO  server.RaftServerConfigKeys (ConfUtils.java:logGet(46)) - raft.server.log.appender.install.snapshot.enabled = false (custom)
2022-07-12 20:44:14,498 [pool-241-thread-1] INFO  server.RaftServerConfigKeys (ConfUtils.java:logGet(46)) - raft.server.threadpool.server.cached = true (default)
2022-07-12 20:44:14,498 [pool-241-thread-1] INFO  server.RaftServerConfigKeys (ConfUtils.java:logGet(46)) - raft.server.threadpool.server.size = 0 (default)
2022-07-12 20:44:14,498 [pool-241-thread-1] INFO  server.RaftServerConfigKeys (ConfUtils.java:logGet(46)) - raft.server.threadpool.client.cached = true (default)
2022-07-12 20:44:14,498 [pool-241-thread-1] INFO  server.RaftServerConfigKeys (ConfUtils.java:logGet(46)) - raft.server.threadpool.client.size = 0 (default)
2022-07-12 20:44:14,498 [pool-241-thread-1] INFO  server.RaftServer$Division (RaftServerImpl.java:start(310)) - f703b3fd-e363-452b-a1ce-6d81fe452714@group-E4DDA8C5C713: start as a follower, conf=-1: [f703b3fd-e363-452b-a1ce-6d81fe452714|rpc:10.1.0.33:40627|dataStream:|priority:0, 89964798-5625-4a4f-a306-699ecc29e47f|rpc:10.1.0.33:38191|dataStream:|priority:0, 48a25e45-563c-42d6-b13a-b9125caf58d3|rpc:10.1.0.33:42457|dataStream:|priority:1], old=null
2022-07-12 20:44:14,498 [pool-241-thread-1] INFO  server.RaftServer$Division (RaftServerImpl.java:setRole(299)) - f703b3fd-e363-452b-a1ce-6d81fe452714@group-E4DDA8C5C713: changes role from      null to FOLLOWER at term 0 for startAsFollower
2022-07-12 20:44:14,498 [pool-241-thread-1] INFO  impl.RoleInfo (RoleInfo.java:updateAndGet(139)) - f703b3fd-e363-452b-a1ce-6d81fe452714: start f703b3fd-e363-452b-a1ce-6d81fe452714@group-E4DDA8C5C713-FollowerState
2022-07-12 20:44:14,511 [pool-241-thread-1] INFO  util.JmxRegister (JmxRegister.java:tryRegister(44)) - Successfully registered JMX Bean with object name Ratis:service=RaftServer,group=group-E4DDA8C5C713,id=f703b3fd-e363-452b-a1ce-6d81fe452714
2022-07-12 20:44:14,545 [Command processor thread] INFO  commandhandler.CreatePipelineCommandHandler (CreatePipelineCommandHandler.java:handle(113)) - Created Pipeline RATIS THREE PipelineID=f6fd52b1-da25-4504-8f93-e4dda8c5c713.
2022-07-12 20:44:14,670 [Command processor thread] INFO  server.RaftServer (RaftServerProxy.java:addNew(96)) - f703b3fd-e363-452b-a1ce-6d81fe452714: addNew group-A4396CF7EF32:[f703b3fd-e363-452b-a1ce-6d81fe452714|rpc:10.1.0.33:40627|priority:1] returns group-A4396CF7EF32:java.util.concurrent.CompletableFuture@66d790de[Not completed]
2022-07-12 20:44:14,671 [pool-241-thread-1] INFO  server.RaftServer$Division (RaftServerImpl.java:<init>(190)) - f703b3fd-e363-452b-a1ce-6d81fe452714: new RaftServerImpl for group-A4396CF7EF32:[f703b3fd-e363-452b-a1ce-6d81fe452714|rpc:10.1.0.33:40627|priority:1] with ContainerStateMachine:uninitialized
2022-07-12 20:44:14,672 [pool-241-thread-1] INFO  server.RaftServerConfigKeys (ConfUtils.java:logGet(46)) - raft.server.rpc.timeout.min = 5s (custom)
2022-07-12 20:44:14,672 [pool-241-thread-1] INFO  server.RaftServerConfigKeys (ConfUtils.java:logGet(46)) - raft.server.rpc.timeout.max = 5200ms (custom)
2022-07-12 20:44:14,672 [pool-241-thread-1] INFO  server.RaftServerConfigKeys (ConfUtils.java:logGet(46)) - raft.server.rpc.sleep.time = 25ms (default)
2022-07-12 20:44:14,672 [pool-241-thread-1] INFO  server.RaftServerConfigKeys (ConfUtils.java:logGet(46)) - raft.server.rpc.slowness.timeout = 300s (custom)
2022-07-12 20:44:14,672 [pool-241-thread-1] INFO  server.RaftServerConfigKeys (ConfUtils.java:logGet(46)) - raft.server.leaderelection.leader.step-down.wait-time = 10s (default)
2022-07-12 20:44:14,672 [pool-241-thread-1] INFO  server.RaftServerConfigKeys (ConfUtils.java:logGet(46)) - raft.server.sleep.deviation.threshold = 300ms (default)
2022-07-12 20:44:14,672 [pool-241-thread-1] INFO  server.RaftServer$Division (ServerState.java:<init>(107)) - f703b3fd-e363-452b-a1ce-6d81fe452714@group-A4396CF7EF32: ConfigurationManager, init=-1: [f703b3fd-e363-452b-a1ce-6d81fe452714|rpc:10.1.0.33:40627|priority:1], old=null, confs=<EMPTY_MAP>
2022-07-12 20:44:14,672 [pool-241-thread-1] INFO  server.RaftServerConfigKeys (ConfUtils.java:logGet(46)) - raft.server.storage.dir = [/home/runner/work/ozone/ozone/hadoop-ozone/integration-test/target/test-dir/MiniOzoneClusterImpl-3695f4f1-b95b-4fb5-aefd-831056816bde/datanode-1/data/ratis] (custom)
2022-07-12 20:44:14,672 [pool-241-thread-1] INFO  server.RaftServerConfigKeys (ConfUtils.java:logGet(46)) - raft.server.log.corruption.policy = EXCEPTION (default)
2022-07-12 20:44:14,672 [pool-241-thread-1] INFO  server.RaftServerConfigKeys (ConfUtils.java:logGet(46)) - raft.server.storage.free-space.min = 0MB (=0) (default)
2022-07-12 20:44:14,672 [pool-241-thread-1] INFO  storage.RaftStorageDirectory (RaftStorageDirectoryImpl.java:analyzeStorage(135)) - The storage directory /home/runner/work/ozone/ozone/hadoop-ozone/integration-test/target/test-dir/MiniOzoneClusterImpl-3695f4f1-b95b-4fb5-aefd-831056816bde/datanode-1/data/ratis/d604de4b-c9f0-40aa-bde0-a4396cf7ef32 does not exist. Creating ...
2022-07-12 20:44:14,674 [pool-241-thread-1] INFO  storage.RaftStorageDirectory (RaftStorageDirectoryImpl.java:tryLock(230)) - Lock on /home/runner/work/ozone/ozone/hadoop-ozone/integration-test/target/test-dir/MiniOzoneClusterImpl-3695f4f1-b95b-4fb5-aefd-831056816bde/datanode-1/data/ratis/d604de4b-c9f0-40aa-bde0-a4396cf7ef32/in_use.lock acquired by nodename 3147@fv-az29-983
2022-07-12 20:44:14,674 [pool-241-thread-1] INFO  storage.RaftStorage (RaftStorageImpl.java:format(89)) - Storage directory /home/runner/work/ozone/ozone/hadoop-ozone/integration-test/target/test-dir/MiniOzoneClusterImpl-3695f4f1-b95b-4fb5-aefd-831056816bde/datanode-1/data/ratis/d604de4b-c9f0-40aa-bde0-a4396cf7ef32 has been successfully formatted.
2022-07-12 20:44:14,677 [EventQueue-PipelineReportForPipelineReportHandler] INFO  pipeline.PipelineManagerImpl (PipelineManagerImpl.java:openPipeline(359)) - Pipeline Pipeline[ Id: d604de4b-c9f0-40aa-bde0-a4396cf7ef32, Nodes: f703b3fd-e363-452b-a1ce-6d81fe452714{ip: 10.1.0.33, host: fv-az29-983.0gf2enmb5avurc1gjtxldx4mnh.bx.internal.cloudapp.net, ports: [REPLICATION=42467, RATIS=40627, RATIS_ADMIN=40627, RATIS_SERVER=40627, STANDALONE=32799], networkLocation: /default-rack, certSerialId: null, persistedOpState: IN_SERVICE, persistedOpStateExpiryEpochSec: 0}, ReplicationConfig: RATIS/ONE, State:ALLOCATED, leaderId:f703b3fd-e363-452b-a1ce-6d81fe452714, CreationTimestamp2022-07-12T20:44:11.687Z[Etc/UTC]] moved to OPEN state
2022-07-12 20:44:14,677 [EventQueue-OpenPipelineForHealthyPipelineSafeModeRule] INFO  safemode.SCMSafeModeManager (HealthyPipelineSafeModeRule.java:process(124)) - SCM in safe mode. Healthy pipelines reported count is 0, required healthy pipeline reported count is 1
2022-07-12 20:44:14,677 [pool-241-thread-1] INFO  ratis.ContainerStateMachine (ContainerStateMachine.java:loadSnapshot(236)) - group-A4396CF7EF32: The snapshot info is null. Setting the last applied indexto:(t:0, i:~)
2022-07-12 20:44:14,678 [pool-241-thread-1] INFO  server.RaftServerConfigKeys (ConfUtils.java:logGet(46)) - raft.server.notification.no-leader.timeout = 300s (custom)
2022-07-12 20:44:14,678 [pool-241-thread-1] INFO  server.RaftServerConfigKeys (ConfUtils.java:logGet(46)) - raft.server.log.use.memory = false (default)
2022-07-12 20:44:14,678 [pool-241-thread-1] INFO  server.RaftServerConfigKeys (ConfUtils.java:logGet(46)) - raft.server.log.purge.gap = 1000000 (custom)
2022-07-12 20:44:14,678 [pool-241-thread-1] INFO  server.RaftServerConfigKeys (ConfUtils.java:logGet(46)) - raft.server.log.appender.buffer.byte-limit = 33554432 (custom)
2022-07-12 20:44:14,679 [pool-241-thread-1] INFO  server.RaftServerConfigKeys (ConfUtils.java:logGet(46)) - raft.server.log.statemachine.data.read.timeout = 1000ms (default)
2022-07-12 20:44:14,679 [pool-241-thread-1] INFO  server.RaftServerConfigKeys (ConfUtils.java:logGet(46)) - raft.server.log.segment.size.max = 1048576 (custom)
2022-07-12 20:44:14,679 [pool-241-thread-1] INFO  server.RaftServerConfigKeys (ConfUtils.java:logGet(46)) - raft.server.log.segment.cache.num.max = 2 (custom)
2022-07-12 20:44:14,679 [pool-241-thread-1] INFO  server.RaftServerConfigKeys (ConfUtils.java:logGet(46)) - raft.server.log.segment.cache.size.max = 200MB (=209715200) (default)
2022-07-12 20:44:14,679 [pool-241-thread-1] INFO  segmented.SegmentedRaftLogWorker (SegmentedRaftLogWorker.java:<init>(187)) - new f703b3fd-e363-452b-a1ce-6d81fe452714@group-A4396CF7EF32-SegmentedRaftLogWorker for RaftStorageImpl:Storage Directory /home/runner/work/ozone/ozone/hadoop-ozone/integration-test/target/test-dir/MiniOzoneClusterImpl-3695f4f1-b95b-4fb5-aefd-831056816bde/datanode-1/data/ratis/d604de4b-c9f0-40aa-bde0-a4396cf7ef32
2022-07-12 20:44:14,679 [pool-241-thread-1] INFO  server.RaftServerConfigKeys (ConfUtils.java:logGet(46)) - raft.server.log.queue.byte-limit = 4294967296 (custom)
2022-07-12 20:44:14,679 [pool-241-thread-1] INFO  server.RaftServerConfigKeys (ConfUtils.java:logGet(46)) - raft.server.log.queue.element-limit = 1024 (custom)
2022-07-12 20:44:14,679 [pool-241-thread-1] INFO  server.RaftServerConfigKeys (ConfUtils.java:logGet(46)) - raft.server.log.segment.size.max = 1048576 (custom)
2022-07-12 20:44:14,679 [pool-241-thread-1] INFO  server.RaftServerConfigKeys (ConfUtils.java:logGet(46)) - raft.server.log.preallocated.size = 16384 (custom)
2022-07-12 20:44:14,679 [pool-241-thread-1] INFO  server.RaftServerConfigKeys (ConfUtils.java:logGet(46)) - raft.server.log.force.sync.num = 128 (default)
2022-07-12 20:44:14,679 [pool-241-thread-1] INFO  server.RaftServerConfigKeys (ConfUtils.java:logGet(46)) - raft.server.log.statemachine.data.sync = true (default)
2022-07-12 20:44:14,680 [pool-241-thread-1] INFO  server.RaftServerConfigKeys (ConfUtils.java:logGet(46)) - raft.server.log.statemachine.data.sync.timeout = 10s (default)
2022-07-12 20:44:14,680 [pool-241-thread-1] INFO  server.RaftServerConfigKeys (ConfUtils.java:logGet(46)) - raft.server.log.statemachine.data.sync.timeout.retry = -1 (default)
2022-07-12 20:44:14,680 [pool-241-thread-1] INFO  server.RaftServerConfigKeys (ConfUtils.java:logGet(46)) - raft.server.log.write.buffer.size = 1048576 (custom)
2022-07-12 20:44:14,680 [pool-241-thread-1] INFO  server.RaftServerConfigKeys (ConfUtils.java:logGet(46)) - raft.server.log.unsafe-flush.enabled = false (default)
2022-07-12 20:44:14,680 [pool-241-thread-1] INFO  server.RaftServerConfigKeys (ConfUtils.java:logGet(46)) - raft.server.log.statemachine.data.caching.enabled = true (custom)
2022-07-12 20:44:14,681 [pool-241-thread-1] INFO  segmented.SegmentedRaftLogWorker (SegmentedRaftLogWorker.java:lambda$new$0(135)) - f703b3fd-e363-452b-a1ce-6d81fe452714@group-A4396CF7EF32-SegmentedRaftLogWorker: flushIndex: setUnconditionally 0 -> -1
2022-07-12 20:44:14,681 [pool-241-thread-1] INFO  segmented.SegmentedRaftLogWorker (SegmentedRaftLogWorker.java:lambda$new$0(135)) - f703b3fd-e363-452b-a1ce-6d81fe452714@group-A4396CF7EF32-SegmentedRaftLogWorker: safeCacheEvictIndex: setUnconditionally 0 -> -1
2022-07-12 20:44:14,687 [pool-241-thread-1] INFO  server.RaftServerConfigKeys (ConfUtils.java:logGet(46)) - raft.server.snapshot.auto.trigger.enabled = true (custom)
2022-07-12 20:44:14,687 [pool-241-thread-1] INFO  server.RaftServerConfigKeys (ConfUtils.java:logGet(46)) - raft.server.snapshot.auto.trigger.threshold = 10000 (custom)
2022-07-12 20:44:14,687 [pool-241-thread-1] INFO  server.RaftServerConfigKeys (ConfUtils.java:logGet(46)) - raft.server.snapshot.retention.file.num = 5 (custom)
2022-07-12 20:44:14,687 [pool-241-thread-1] INFO  server.RaftServerConfigKeys (ConfUtils.java:logGet(46)) - raft.server.log.purge.upto.snapshot.index = false (default)
2022-07-12 20:44:14,687 [pool-241-thread-1] INFO  server.RaftServerConfigKeys (ConfUtils.java:logGet(46)) - raft.server.retrycache.expirytime = 600000ms (custom)
2022-07-12 20:44:14,687 [pool-241-thread-1] INFO  server.RaftServerConfigKeys (ConfUtils.java:logGet(46)) - raft.server.retrycache.statistics.expirytime = 100μs (default)
2022-07-12 20:44:14,688 [pool-241-thread-1] INFO  server.RaftServerConfigKeys (ConfUtils.java:logGet(46)) - raft.server.log.appender.install.snapshot.enabled = false (custom)
2022-07-12 20:44:14,688 [pool-241-thread-1] INFO  server.RaftServerConfigKeys (ConfUtils.java:logGet(46)) - raft.server.threadpool.server.cached = true (default)
2022-07-12 20:44:14,688 [pool-241-thread-1] INFO  server.RaftServerConfigKeys (ConfUtils.java:logGet(46)) - raft.server.threadpool.server.size = 0 (default)
2022-07-12 20:44:14,688 [pool-241-thread-1] INFO  server.RaftServerConfigKeys (ConfUtils.java:logGet(46)) - raft.server.threadpool.client.cached = true (default)
2022-07-12 20:44:14,688 [pool-241-thread-1] INFO  server.RaftServerConfigKeys (ConfUtils.java:logGet(46)) - raft.server.threadpool.client.size = 0 (default)
2022-07-12 20:44:14,689 [pool-241-thread-1] INFO  server.RaftServer$Division (RaftServerImpl.java:start(310)) - f703b3fd-e363-452b-a1ce-6d81fe452714@group-A4396CF7EF32: start as a follower, conf=-1: [f703b3fd-e363-452b-a1ce-6d81fe452714|rpc:10.1.0.33:40627|priority:1], old=null
2022-07-12 20:44:14,689 [pool-241-thread-1] INFO  server.RaftServer$Division (RaftServerImpl.java:setRole(299)) - f703b3fd-e363-452b-a1ce-6d81fe452714@group-A4396CF7EF32: changes role from      null to FOLLOWER at term 0 for startAsFollower
2022-07-12 20:44:14,689 [pool-241-thread-1] INFO  impl.RoleInfo (RoleInfo.java:updateAndGet(139)) - f703b3fd-e363-452b-a1ce-6d81fe452714: start f703b3fd-e363-452b-a1ce-6d81fe452714@group-A4396CF7EF32-FollowerState
2022-07-12 20:44:14,691 [pool-241-thread-1] INFO  util.JmxRegister (JmxRegister.java:tryRegister(44)) - Successfully registered JMX Bean with object name Ratis:service=RaftServer,group=group-A4396CF7EF32,id=f703b3fd-e363-452b-a1ce-6d81fe452714
2022-07-12 20:44:14,694 [Command processor thread] INFO  ratis.XceiverServerRatis (XceiverServerRatis.java:addGroup(765)) - Created group PipelineID=d604de4b-c9f0-40aa-bde0-a4396cf7ef32
2022-07-12 20:44:14,694 [Command processor thread] INFO  commandhandler.CreatePipelineCommandHandler (CreatePipelineCommandHandler.java:handle(113)) - Created Pipeline RATIS ONE PipelineID=d604de4b-c9f0-40aa-bde0-a4396cf7ef32.
2022-07-12 20:44:15,255 [Listener at 127.0.0.1/43871] INFO  ozone.MiniOzoneClusterImpl (MiniOzoneClusterImpl.java:lambda$waitForClusterToBeReady$0(223)) - Nodes are ready. Got 3 of 3 DN Heartbeats.
2022-07-12 20:44:15,255 [Listener at 127.0.0.1/43871] INFO  ozone.MiniOzoneClusterImpl (MiniOzoneClusterImpl.java:lambda$waitForClusterToBeReady$0(226)) - Waiting for cluster to exit safe mode
2022-07-12 20:44:15,255 [Listener at 127.0.0.1/43871] INFO  ozone.MiniOzoneClusterImpl (MiniOzoneClusterImpl.java:lambda$waitForClusterToBeReady$0(228)) - SCM became leader
2022-07-12 20:44:15,327 [Command processor thread] INFO  server.RaftServer (RaftServerProxy.java:addNew(96)) - 89964798-5625-4a4f-a306-699ecc29e47f: addNew group-FEA38D7B7142:[89964798-5625-4a4f-a306-699ecc29e47f|rpc:10.1.0.33:38191|priority:1] returns group-FEA38D7B7142:java.util.concurrent.CompletableFuture@32e2d898[Not completed]
2022-07-12 20:44:15,328 [pool-264-thread-1] INFO  server.RaftServer$Division (RaftServerImpl.java:<init>(190)) - 89964798-5625-4a4f-a306-699ecc29e47f: new RaftServerImpl for group-FEA38D7B7142:[89964798-5625-4a4f-a306-699ecc29e47f|rpc:10.1.0.33:38191|priority:1] with ContainerStateMachine:uninitialized
2022-07-12 20:44:15,328 [pool-264-thread-1] INFO  server.RaftServerConfigKeys (ConfUtils.java:logGet(46)) - raft.server.rpc.timeout.min = 5s (custom)
2022-07-12 20:44:15,328 [pool-264-thread-1] INFO  server.RaftServerConfigKeys (ConfUtils.java:logGet(46)) - raft.server.rpc.timeout.max = 5200ms (custom)
2022-07-12 20:44:15,328 [pool-264-thread-1] INFO  server.RaftServerConfigKeys (ConfUtils.java:logGet(46)) - raft.server.rpc.sleep.time = 25ms (default)
2022-07-12 20:44:15,328 [pool-264-thread-1] INFO  server.RaftServerConfigKeys (ConfUtils.java:logGet(46)) - raft.server.rpc.slowness.timeout = 300s (custom)
2022-07-12 20:44:15,328 [pool-264-thread-1] INFO  server.RaftServerConfigKeys (ConfUtils.java:logGet(46)) - raft.server.leaderelection.leader.step-down.wait-time = 10s (default)
2022-07-12 20:44:15,328 [pool-264-thread-1] INFO  server.RaftServerConfigKeys (ConfUtils.java:logGet(46)) - raft.server.sleep.deviation.threshold = 300ms (default)
2022-07-12 20:44:15,328 [pool-264-thread-1] INFO  server.RaftServer$Division (ServerState.java:<init>(107)) - 89964798-5625-4a4f-a306-699ecc29e47f@group-FEA38D7B7142: ConfigurationManager, init=-1: [89964798-5625-4a4f-a306-699ecc29e47f|rpc:10.1.0.33:38191|priority:1], old=null, confs=<EMPTY_MAP>
2022-07-12 20:44:15,328 [pool-264-thread-1] INFO  server.RaftServerConfigKeys (ConfUtils.java:logGet(46)) - raft.server.storage.dir = [/home/runner/work/ozone/ozone/hadoop-ozone/integration-test/target/test-dir/MiniOzoneClusterImpl-3695f4f1-b95b-4fb5-aefd-831056816bde/datanode-2/data/ratis] (custom)
2022-07-12 20:44:15,328 [pool-264-thread-1] INFO  server.RaftServerConfigKeys (ConfUtils.java:logGet(46)) - raft.server.log.corruption.policy = EXCEPTION (default)
2022-07-12 20:44:15,328 [pool-264-thread-1] INFO  server.RaftServerConfigKeys (ConfUtils.java:logGet(46)) - raft.server.storage.free-space.min = 0MB (=0) (default)
2022-07-12 20:44:15,329 [pool-264-thread-1] INFO  storage.RaftStorageDirectory (RaftStorageDirectoryImpl.java:analyzeStorage(135)) - The storage directory /home/runner/work/ozone/ozone/hadoop-ozone/integration-test/target/test-dir/MiniOzoneClusterImpl-3695f4f1-b95b-4fb5-aefd-831056816bde/datanode-2/data/ratis/46ee754f-1657-4cc8-82f4-fea38d7b7142 does not exist. Creating ...
2022-07-12 20:44:15,330 [pool-264-thread-1] INFO  storage.RaftStorageDirectory (RaftStorageDirectoryImpl.java:tryLock(230)) - Lock on /home/runner/work/ozone/ozone/hadoop-ozone/integration-test/target/test-dir/MiniOzoneClusterImpl-3695f4f1-b95b-4fb5-aefd-831056816bde/datanode-2/data/ratis/46ee754f-1657-4cc8-82f4-fea38d7b7142/in_use.lock acquired by nodename 3147@fv-az29-983
2022-07-12 20:44:15,331 [pool-264-thread-1] INFO  storage.RaftStorage (RaftStorageImpl.java:format(89)) - Storage directory /home/runner/work/ozone/ozone/hadoop-ozone/integration-test/target/test-dir/MiniOzoneClusterImpl-3695f4f1-b95b-4fb5-aefd-831056816bde/datanode-2/data/ratis/46ee754f-1657-4cc8-82f4-fea38d7b7142 has been successfully formatted.
2022-07-12 20:44:15,332 [EventQueue-PipelineReportForPipelineReportHandler] INFO  pipeline.PipelineManagerImpl (PipelineManagerImpl.java:openPipeline(359)) - Pipeline Pipeline[ Id: 46ee754f-1657-4cc8-82f4-fea38d7b7142, Nodes: 89964798-5625-4a4f-a306-699ecc29e47f{ip: 10.1.0.33, host: fv-az29-983.0gf2enmb5avurc1gjtxldx4mnh.bx.internal.cloudapp.net, ports: [REPLICATION=43393, RATIS=38191, RATIS_ADMIN=38191, RATIS_SERVER=38191, STANDALONE=33119], networkLocation: /default-rack, certSerialId: null, persistedOpState: IN_SERVICE, persistedOpStateExpiryEpochSec: 0}, ReplicationConfig: RATIS/ONE, State:ALLOCATED, leaderId:89964798-5625-4a4f-a306-699ecc29e47f, CreationTimestamp2022-07-12T20:44:12.332Z[Etc/UTC]] moved to OPEN state
2022-07-12 20:44:15,333 [EventQueue-OpenPipelineForHealthyPipelineSafeModeRule] INFO  safemode.SCMSafeModeManager (HealthyPipelineSafeModeRule.java:process(124)) - SCM in safe mode. Healthy pipelines reported count is 0, required healthy pipeline reported count is 1
2022-07-12 20:44:15,340 [pool-264-thread-1] INFO  ratis.ContainerStateMachine (ContainerStateMachine.java:loadSnapshot(236)) - group-FEA38D7B7142: The snapshot info is null. Setting the last applied indexto:(t:0, i:~)
2022-07-12 20:44:15,345 [pool-264-thread-1] INFO  server.RaftServerConfigKeys (ConfUtils.java:logGet(46)) - raft.server.notification.no-leader.timeout = 300s (custom)
2022-07-12 20:44:15,345 [pool-264-thread-1] INFO  server.RaftServerConfigKeys (ConfUtils.java:logGet(46)) - raft.server.log.use.memory = false (default)
2022-07-12 20:44:15,346 [pool-264-thread-1] INFO  server.RaftServerConfigKeys (ConfUtils.java:logGet(46)) - raft.server.log.purge.gap = 1000000 (custom)
2022-07-12 20:44:15,346 [pool-264-thread-1] INFO  server.RaftServerConfigKeys (ConfUtils.java:logGet(46)) - raft.server.log.appender.buffer.byte-limit = 33554432 (custom)
2022-07-12 20:44:15,346 [pool-264-thread-1] INFO  server.RaftServerConfigKeys (ConfUtils.java:logGet(46)) - raft.server.log.statemachine.data.read.timeout = 1000ms (default)
2022-07-12 20:44:15,346 [pool-264-thread-1] INFO  server.RaftServerConfigKeys (ConfUtils.java:logGet(46)) - raft.server.log.segment.size.max = 1048576 (custom)
2022-07-12 20:44:15,346 [pool-264-thread-1] INFO  server.RaftServerConfigKeys (ConfUtils.java:logGet(46)) - raft.server.log.segment.cache.num.max = 2 (custom)
2022-07-12 20:44:15,346 [pool-264-thread-1] INFO  server.RaftServerConfigKeys (ConfUtils.java:logGet(46)) - raft.server.log.segment.cache.size.max = 200MB (=209715200) (default)
2022-07-12 20:44:15,346 [pool-264-thread-1] INFO  segmented.SegmentedRaftLogWorker (SegmentedRaftLogWorker.java:<init>(187)) - new 89964798-5625-4a4f-a306-699ecc29e47f@group-FEA38D7B7142-SegmentedRaftLogWorker for RaftStorageImpl:Storage Directory /home/runner/work/ozone/ozone/hadoop-ozone/integration-test/target/test-dir/MiniOzoneClusterImpl-3695f4f1-b95b-4fb5-aefd-831056816bde/datanode-2/data/ratis/46ee754f-1657-4cc8-82f4-fea38d7b7142
2022-07-12 20:44:15,346 [pool-264-thread-1] INFO  server.RaftServerConfigKeys (ConfUtils.java:logGet(46)) - raft.server.log.queue.byte-limit = 4294967296 (custom)
2022-07-12 20:44:15,346 [pool-264-thread-1] INFO  server.RaftServerConfigKeys (ConfUtils.java:logGet(46)) - raft.server.log.queue.element-limit = 1024 (custom)
2022-07-12 20:44:15,346 [pool-264-thread-1] INFO  server.RaftServerConfigKeys (ConfUtils.java:logGet(46)) - raft.server.log.segment.size.max = 1048576 (custom)
2022-07-12 20:44:15,347 [pool-264-thread-1] INFO  server.RaftServerConfigKeys (ConfUtils.java:logGet(46)) - raft.server.log.preallocated.size = 16384 (custom)
2022-07-12 20:44:15,348 [pool-264-thread-1] INFO  server.RaftServerConfigKeys (ConfUtils.java:logGet(46)) - raft.server.log.force.sync.num = 128 (default)
2022-07-12 20:44:15,348 [pool-264-thread-1] INFO  server.RaftServerConfigKeys (ConfUtils.java:logGet(46)) - raft.server.log.statemachine.data.sync = true (default)
2022-07-12 20:44:15,348 [pool-264-thread-1] INFO  server.RaftServerConfigKeys (ConfUtils.java:logGet(46)) - raft.server.log.statemachine.data.sync.timeout = 10s (default)
2022-07-12 20:44:15,348 [pool-264-thread-1] INFO  server.RaftServerConfigKeys (ConfUtils.java:logGet(46)) - raft.server.log.statemachine.data.sync.timeout.retry = -1 (default)
2022-07-12 20:44:15,348 [pool-264-thread-1] INFO  server.RaftServerConfigKeys (ConfUtils.java:logGet(46)) - raft.server.log.write.buffer.size = 1048576 (custom)
2022-07-12 20:44:15,349 [pool-264-thread-1] INFO  server.RaftServerConfigKeys (ConfUtils.java:logGet(46)) - raft.server.log.unsafe-flush.enabled = false (default)
2022-07-12 20:44:15,349 [pool-264-thread-1] INFO  server.RaftServerConfigKeys (ConfUtils.java:logGet(46)) - raft.server.log.statemachine.data.caching.enabled = true (custom)
2022-07-12 20:44:15,349 [pool-264-thread-1] INFO  segmented.SegmentedRaftLogWorker (SegmentedRaftLogWorker.java:lambda$new$0(135)) - 89964798-5625-4a4f-a306-699ecc29e47f@group-FEA38D7B7142-SegmentedRaftLogWorker: flushIndex: setUnconditionally 0 -> -1
2022-07-12 20:44:15,349 [pool-264-thread-1] INFO  segmented.SegmentedRaftLogWorker (SegmentedRaftLogWorker.java:lambda$new$0(135)) - 89964798-5625-4a4f-a306-699ecc29e47f@group-FEA38D7B7142-SegmentedRaftLogWorker: safeCacheEvictIndex: setUnconditionally 0 -> -1
2022-07-12 20:44:15,355 [pool-264-thread-1] INFO  server.RaftServerConfigKeys (ConfUtils.java:logGet(46)) - raft.server.snapshot.auto.trigger.enabled = true (custom)
2022-07-12 20:44:15,355 [pool-264-thread-1] INFO  server.RaftServerConfigKeys (ConfUtils.java:logGet(46)) - raft.server.snapshot.auto.trigger.threshold = 10000 (custom)
2022-07-12 20:44:15,355 [pool-264-thread-1] INFO  server.RaftServerConfigKeys (ConfUtils.java:logGet(46)) - raft.server.snapshot.retention.file.num = 5 (custom)
2022-07-12 20:44:15,355 [pool-264-thread-1] INFO  server.RaftServerConfigKeys (ConfUtils.java:logGet(46)) - raft.server.log.purge.upto.snapshot.index = false (default)
2022-07-12 20:44:15,355 [pool-264-thread-1] INFO  server.RaftServerConfigKeys (ConfUtils.java:logGet(46)) - raft.server.retrycache.expirytime = 600000ms (custom)
2022-07-12 20:44:15,355 [pool-264-thread-1] INFO  server.RaftServerConfigKeys (ConfUtils.java:logGet(46)) - raft.server.retrycache.statistics.expirytime = 100μs (default)
2022-07-12 20:44:15,356 [pool-264-thread-1] INFO  server.RaftServerConfigKeys (ConfUtils.java:logGet(46)) - raft.server.log.appender.install.snapshot.enabled = false (custom)
2022-07-12 20:44:15,356 [pool-264-thread-1] INFO  server.RaftServerConfigKeys (ConfUtils.java:logGet(46)) - raft.server.threadpool.server.cached = true (default)
2022-07-12 20:44:15,356 [pool-264-thread-1] INFO  server.RaftServerConfigKeys (ConfUtils.java:logGet(46)) - raft.server.threadpool.server.size = 0 (default)
2022-07-12 20:44:15,356 [pool-264-thread-1] INFO  server.RaftServerConfigKeys (ConfUtils.java:logGet(46)) - raft.server.threadpool.client.cached = true (default)
2022-07-12 20:44:15,356 [pool-264-thread-1] INFO  server.RaftServerConfigKeys (ConfUtils.java:logGet(46)) - raft.server.threadpool.client.size = 0 (default)
2022-07-12 20:44:15,356 [pool-264-thread-1] INFO  server.RaftServer$Division (RaftServerImpl.java:start(310)) - 89964798-5625-4a4f-a306-699ecc29e47f@group-FEA38D7B7142: start as a follower, conf=-1: [89964798-5625-4a4f-a306-699ecc29e47f|rpc:10.1.0.33:38191|priority:1], old=null
2022-07-12 20:44:15,356 [pool-264-thread-1] INFO  server.RaftServer$Division (RaftServerImpl.java:setRole(299)) - 89964798-5625-4a4f-a306-699ecc29e47f@group-FEA38D7B7142: changes role from      null to FOLLOWER at term 0 for startAsFollower
2022-07-12 20:44:15,356 [pool-264-thread-1] INFO  impl.RoleInfo (RoleInfo.java:updateAndGet(139)) - 89964798-5625-4a4f-a306-699ecc29e47f: start 89964798-5625-4a4f-a306-699ecc29e47f@group-FEA38D7B7142-FollowerState
2022-07-12 20:44:15,365 [pool-264-thread-1] INFO  util.JmxRegister (JmxRegister.java:tryRegister(44)) - Successfully registered JMX Bean with object name Ratis:service=RaftServer,group=group-FEA38D7B7142,id=89964798-5625-4a4f-a306-699ecc29e47f
2022-07-12 20:44:15,371 [Command processor thread] INFO  ratis.XceiverServerRatis (XceiverServerRatis.java:addGroup(765)) - Created group PipelineID=46ee754f-1657-4cc8-82f4-fea38d7b7142
2022-07-12 20:44:15,371 [Command processor thread] INFO  commandhandler.CreatePipelineCommandHandler (CreatePipelineCommandHandler.java:handle(113)) - Created Pipeline RATIS ONE PipelineID=46ee754f-1657-4cc8-82f4-fea38d7b7142.
2022-07-12 20:44:16,256 [Listener at 127.0.0.1/43871] INFO  ozone.MiniOzoneClusterImpl (MiniOzoneClusterImpl.java:lambda$waitForClusterToBeReady$0(223)) - Nodes are ready. Got 3 of 3 DN Heartbeats.
2022-07-12 20:44:16,256 [Listener at 127.0.0.1/43871] INFO  ozone.MiniOzoneClusterImpl (MiniOzoneClusterImpl.java:lambda$waitForClusterToBeReady$0(226)) - Waiting for cluster to exit safe mode
2022-07-12 20:44:16,256 [Listener at 127.0.0.1/43871] INFO  ozone.MiniOzoneClusterImpl (MiniOzoneClusterImpl.java:lambda$waitForClusterToBeReady$0(228)) - SCM became leader
2022-07-12 20:44:17,256 [Listener at 127.0.0.1/43871] INFO  ozone.MiniOzoneClusterImpl (MiniOzoneClusterImpl.java:lambda$waitForClusterToBeReady$0(223)) - Nodes are ready. Got 3 of 3 DN Heartbeats.
2022-07-12 20:44:17,257 [Listener at 127.0.0.1/43871] INFO  ozone.MiniOzoneClusterImpl (MiniOzoneClusterImpl.java:lambda$waitForClusterToBeReady$0(226)) - Waiting for cluster to exit safe mode
2022-07-12 20:44:17,257 [Listener at 127.0.0.1/43871] INFO  ozone.MiniOzoneClusterImpl (MiniOzoneClusterImpl.java:lambda$waitForClusterToBeReady$0(228)) - SCM became leader
2022-07-12 20:44:18,257 [Listener at 127.0.0.1/43871] INFO  ozone.MiniOzoneClusterImpl (MiniOzoneClusterImpl.java:lambda$waitForClusterToBeReady$0(223)) - Nodes are ready. Got 3 of 3 DN Heartbeats.
2022-07-12 20:44:18,257 [Listener at 127.0.0.1/43871] INFO  ozone.MiniOzoneClusterImpl (MiniOzoneClusterImpl.java:lambda$waitForClusterToBeReady$0(226)) - Waiting for cluster to exit safe mode
2022-07-12 20:44:18,257 [Listener at 127.0.0.1/43871] INFO  ozone.MiniOzoneClusterImpl (MiniOzoneClusterImpl.java:lambda$waitForClusterToBeReady$0(228)) - SCM became leader
2022-07-12 20:44:19,209 [48a25e45-563c-42d6-b13a-b9125caf58d3@group-5C2E5214EB86-FollowerState] INFO  impl.FollowerState (FollowerState.java:run(143)) - 48a25e45-563c-42d6-b13a-b9125caf58d3@group-5C2E5214EB86-FollowerState: change to CANDIDATE, lastRpcElapsedTime:5104501632ns, electionTimeout:5098ms
2022-07-12 20:44:19,209 [48a25e45-563c-42d6-b13a-b9125caf58d3@group-5C2E5214EB86-FollowerState] INFO  impl.RoleInfo (RoleInfo.java:shutdownFollowerState(110)) - 48a25e45-563c-42d6-b13a-b9125caf58d3: shutdown 48a25e45-563c-42d6-b13a-b9125caf58d3@group-5C2E5214EB86-FollowerState
2022-07-12 20:44:19,209 [48a25e45-563c-42d6-b13a-b9125caf58d3@group-5C2E5214EB86-FollowerState] INFO  server.RaftServer$Division (RaftServerImpl.java:setRole(299)) - 48a25e45-563c-42d6-b13a-b9125caf58d3@group-5C2E5214EB86: changes role from  FOLLOWER to CANDIDATE at term 0 for changeToCandidate
2022-07-12 20:44:19,209 [48a25e45-563c-42d6-b13a-b9125caf58d3@group-5C2E5214EB86-FollowerState] INFO  server.RaftServerConfigKeys (ConfUtils.java:logGet(46)) - raft.server.leaderelection.pre-vote = false (custom)
2022-07-12 20:44:19,209 [48a25e45-563c-42d6-b13a-b9125caf58d3@group-5C2E5214EB86-FollowerState] INFO  impl.RoleInfo (RoleInfo.java:updateAndGet(139)) - 48a25e45-563c-42d6-b13a-b9125caf58d3: start 48a25e45-563c-42d6-b13a-b9125caf58d3@group-5C2E5214EB86-LeaderElection13
2022-07-12 20:44:19,236 [48a25e45-563c-42d6-b13a-b9125caf58d3@group-5C2E5214EB86-LeaderElection13] INFO  impl.LeaderElection (LeaderElection.java:askForVotes(310)) - 48a25e45-563c-42d6-b13a-b9125caf58d3@group-5C2E5214EB86-LeaderElection13 ELECTION round 0: submit vote requests at term 1 for -1: [f703b3fd-e363-452b-a1ce-6d81fe452714|rpc:10.1.0.33:40627|priority:1, 89964798-5625-4a4f-a306-699ecc29e47f|rpc:10.1.0.33:38191|priority:0, 48a25e45-563c-42d6-b13a-b9125caf58d3|rpc:10.1.0.33:42457|priority:0], old=null
2022-07-12 20:44:19,241 [f703b3fd-e363-452b-a1ce-6d81fe452714@group-5C2E5214EB86-FollowerState] INFO  impl.FollowerState (FollowerState.java:run(143)) - f703b3fd-e363-452b-a1ce-6d81fe452714@group-5C2E5214EB86-FollowerState: change to CANDIDATE, lastRpcElapsedTime:5046857179ns, electionTimeout:5036ms
2022-07-12 20:44:19,241 [f703b3fd-e363-452b-a1ce-6d81fe452714@group-5C2E5214EB86-FollowerState] INFO  impl.RoleInfo (RoleInfo.java:shutdownFollowerState(110)) - f703b3fd-e363-452b-a1ce-6d81fe452714: shutdown f703b3fd-e363-452b-a1ce-6d81fe452714@group-5C2E5214EB86-FollowerState
2022-07-12 20:44:19,242 [f703b3fd-e363-452b-a1ce-6d81fe452714@group-5C2E5214EB86-FollowerState] INFO  server.RaftServer$Division (RaftServerImpl.java:setRole(299)) - f703b3fd-e363-452b-a1ce-6d81fe452714@group-5C2E5214EB86: changes role from  FOLLOWER to CANDIDATE at term 0 for changeToCandidate
2022-07-12 20:44:19,245 [48a25e45-563c-42d6-b13a-b9125caf58d3@group-50F2246AF944-FollowerState] INFO  impl.FollowerState (FollowerState.java:run(143)) - 48a25e45-563c-42d6-b13a-b9125caf58d3@group-50F2246AF944-FollowerState: change to CANDIDATE, lastRpcElapsedTime:5182963275ns, electionTimeout:5179ms
2022-07-12 20:44:19,245 [48a25e45-563c-42d6-b13a-b9125caf58d3@group-50F2246AF944-FollowerState] INFO  impl.RoleInfo (RoleInfo.java:shutdownFollowerState(110)) - 48a25e45-563c-42d6-b13a-b9125caf58d3: shutdown 48a25e45-563c-42d6-b13a-b9125caf58d3@group-50F2246AF944-FollowerState
2022-07-12 20:44:19,245 [48a25e45-563c-42d6-b13a-b9125caf58d3@group-50F2246AF944-FollowerState] INFO  server.RaftServer$Division (RaftServerImpl.java:setRole(299)) - 48a25e45-563c-42d6-b13a-b9125caf58d3@group-50F2246AF944: changes role from  FOLLOWER to CANDIDATE at term 0 for changeToCandidate
2022-07-12 20:44:19,251 [48a25e45-563c-42d6-b13a-b9125caf58d3@group-50F2246AF944-FollowerState] INFO  server.RaftServerConfigKeys (ConfUtils.java:logGet(46)) - raft.server.leaderelection.pre-vote = false (custom)
2022-07-12 20:44:19,251 [48a25e45-563c-42d6-b13a-b9125caf58d3@group-50F2246AF944-FollowerState] INFO  impl.RoleInfo (RoleInfo.java:updateAndGet(139)) - 48a25e45-563c-42d6-b13a-b9125caf58d3: start 48a25e45-563c-42d6-b13a-b9125caf58d3@group-50F2246AF944-LeaderElection15
2022-07-12 20:44:19,255 [f703b3fd-e363-452b-a1ce-6d81fe452714@group-5C2E5214EB86-FollowerState] INFO  server.RaftServerConfigKeys (ConfUtils.java:logGet(46)) - raft.server.leaderelection.pre-vote = false (custom)
2022-07-12 20:44:19,255 [f703b3fd-e363-452b-a1ce-6d81fe452714@group-5C2E5214EB86-FollowerState] INFO  impl.RoleInfo (RoleInfo.java:updateAndGet(139)) - f703b3fd-e363-452b-a1ce-6d81fe452714: start f703b3fd-e363-452b-a1ce-6d81fe452714@group-5C2E5214EB86-LeaderElection14
2022-07-12 20:44:19,257 [Listener at 127.0.0.1/43871] INFO  ozone.MiniOzoneClusterImpl (MiniOzoneClusterImpl.java:lambda$waitForClusterToBeReady$0(223)) - Nodes are ready. Got 3 of 3 DN Heartbeats.
2022-07-12 20:44:19,258 [Listener at 127.0.0.1/43871] INFO  ozone.MiniOzoneClusterImpl (MiniOzoneClusterImpl.java:lambda$waitForClusterToBeReady$0(226)) - Waiting for cluster to exit safe mode
2022-07-12 20:44:19,258 [Listener at 127.0.0.1/43871] INFO  ozone.MiniOzoneClusterImpl (MiniOzoneClusterImpl.java:lambda$waitForClusterToBeReady$0(228)) - SCM became leader
2022-07-12 20:44:19,272 [48a25e45-563c-42d6-b13a-b9125caf58d3@group-50F2246AF944-LeaderElection15] INFO  impl.LeaderElection (LeaderElection.java:askForVotes(310)) - 48a25e45-563c-42d6-b13a-b9125caf58d3@group-50F2246AF944-LeaderElection15 ELECTION round 0: submit vote requests at term 1 for -1: [48a25e45-563c-42d6-b13a-b9125caf58d3|rpc:10.1.0.33:42457|priority:1], old=null
2022-07-12 20:44:19,272 [48a25e45-563c-42d6-b13a-b9125caf58d3@group-50F2246AF944-LeaderElection15] INFO  impl.LeaderElection (LeaderElection.java:askForVotes(312)) - 48a25e45-563c-42d6-b13a-b9125caf58d3@group-50F2246AF944-LeaderElection15 ELECTION round 0: result PASSED (term=1)
2022-07-12 20:44:19,272 [48a25e45-563c-42d6-b13a-b9125caf58d3@group-50F2246AF944-LeaderElection15] INFO  impl.RoleInfo (RoleInfo.java:shutdownLeaderElection(130)) - 48a25e45-563c-42d6-b13a-b9125caf58d3: shutdown 48a25e45-563c-42d6-b13a-b9125caf58d3@group-50F2246AF944-LeaderElection15
2022-07-12 20:44:19,272 [48a25e45-563c-42d6-b13a-b9125caf58d3@group-50F2246AF944-LeaderElection15] INFO  server.RaftServer$Division (RaftServerImpl.java:setRole(299)) - 48a25e45-563c-42d6-b13a-b9125caf58d3@group-50F2246AF944: changes role from CANDIDATE to LEADER at term 1 for changeToLeader
2022-07-12 20:44:19,272 [48a25e45-563c-42d6-b13a-b9125caf58d3@group-50F2246AF944-LeaderElection15] INFO  ratis.XceiverServerRatis (XceiverServerRatis.java:handleLeaderChangedNotification(863)) - Leader change notification received for group: group-50F2246AF944 with new leaderId: 48a25e45-563c-42d6-b13a-b9125caf58d3
2022-07-12 20:44:19,283 [48a25e45-563c-42d6-b13a-b9125caf58d3@group-50F2246AF944-LeaderElection15] INFO  server.RaftServer$Division (ServerState.java:setLeader(287)) - 48a25e45-563c-42d6-b13a-b9125caf58d3@group-50F2246AF944: change Leader from null to 48a25e45-563c-42d6-b13a-b9125caf58d3 at term 1 for becomeLeader, leader elected after 5215ms
2022-07-12 20:44:19,283 [48a25e45-563c-42d6-b13a-b9125caf58d3@group-50F2246AF944-LeaderElection15] INFO  server.RaftServerConfigKeys (ConfUtils.java:logGet(46)) - raft.server.staging.catchup.gap = 1000 (default)
2022-07-12 20:44:19,284 [48a25e45-563c-42d6-b13a-b9125caf58d3@group-50F2246AF944-LeaderElection15] INFO  server.RaftServerConfigKeys (ConfUtils.java:logGet(46)) - raft.server.write.element-limit = 1024 (custom)
2022-07-12 20:44:19,284 [48a25e45-563c-42d6-b13a-b9125caf58d3@group-50F2246AF944-LeaderElection15] INFO  server.RaftServerConfigKeys (ConfUtils.java:logGet(46)) - raft.server.write.byte-limit = 1024 M (=1073741824) (custom)
2022-07-12 20:44:19,284 [48a25e45-563c-42d6-b13a-b9125caf58d3@group-50F2246AF944-LeaderElection15] INFO  server.RaftServerConfigKeys (ConfUtils.java:logGet(46)) - raft.server.watch.timeout = 180s (custom)
2022-07-12 20:44:19,284 [48a25e45-563c-42d6-b13a-b9125caf58d3@group-50F2246AF944-LeaderElection15] INFO  server.RaftServerConfigKeys (ConfUtils.java:logGet(46)) - raft.server.watch.timeout.denomination = 1s (default)
2022-07-12 20:44:19,284 [48a25e45-563c-42d6-b13a-b9125caf58d3@group-50F2246AF944-LeaderElection15] INFO  server.RaftServerConfigKeys (ConfUtils.java:logGet(46)) - raft.server.watch.element-limit = 65536 (default)
2022-07-12 20:44:19,284 [48a25e45-563c-42d6-b13a-b9125caf58d3@group-50F2246AF944-LeaderElection15] INFO  server.RaftServerConfigKeys (ConfUtils.java:logGet(46)) - raft.server.write.element-limit = 1024 (custom)
2022-07-12 20:44:19,284 [48a25e45-563c-42d6-b13a-b9125caf58d3@group-50F2246AF944-LeaderElection15] INFO  server.RaftServerConfigKeys (ConfUtils.java:logGet(46)) - raft.server.write.follower.gap.ratio.max = -1.0 (default)
2022-07-12 20:44:19,284 [48a25e45-563c-42d6-b13a-b9125caf58d3@group-50F2246AF944-LeaderElection15] INFO  impl.RoleInfo (RoleInfo.java:updateAndGet(139)) - 48a25e45-563c-42d6-b13a-b9125caf58d3: start 48a25e45-563c-42d6-b13a-b9125caf58d3@group-50F2246AF944-LeaderStateImpl
2022-07-12 20:44:19,284 [48a25e45-563c-42d6-b13a-b9125caf58d3@group-50F2246AF944-LeaderElection15] INFO  segmented.SegmentedRaftLogWorker (SegmentedRaftLogWorker.java:startLogSegment(425)) - 48a25e45-563c-42d6-b13a-b9125caf58d3@group-50F2246AF944-SegmentedRaftLogWorker: Starting segment from index:0
2022-07-12 20:44:19,286 [89964798-5625-4a4f-a306-699ecc29e47f@group-5C2E5214EB86-FollowerState] INFO  impl.FollowerState (FollowerState.java:run(143)) - 89964798-5625-4a4f-a306-699ecc29e47f@group-5C2E5214EB86-FollowerState: change to CANDIDATE, lastRpcElapsedTime:5019893917ns, electionTimeout:5005ms
2022-07-12 20:44:19,286 [89964798-5625-4a4f-a306-699ecc29e47f@group-5C2E5214EB86-FollowerState] INFO  impl.RoleInfo (RoleInfo.java:shutdownFollowerState(110)) - 89964798-5625-4a4f-a306-699ecc29e47f: shutdown 89964798-5625-4a4f-a306-699ecc29e47f@group-5C2E5214EB86-FollowerState
2022-07-12 20:44:19,286 [89964798-5625-4a4f-a306-699ecc29e47f@group-5C2E5214EB86-FollowerState] INFO  server.RaftServer$Division (RaftServerImpl.java:setRole(299)) - 89964798-5625-4a4f-a306-699ecc29e47f@group-5C2E5214EB86: changes role from  FOLLOWER to CANDIDATE at term 0 for changeToCandidate
2022-07-12 20:44:19,288 [48a25e45-563c-42d6-b13a-b9125caf58d3@group-50F2246AF944-SegmentedRaftLogWorker] INFO  segmented.SegmentedRaftLogWorker (SegmentedRaftLogWorker.java:execute(629)) - 48a25e45-563c-42d6-b13a-b9125caf58d3@group-50F2246AF944-SegmentedRaftLogWorker: created new log segment /home/runner/work/ozone/ozone/hadoop-ozone/integration-test/target/test-dir/MiniOzoneClusterImpl-3695f4f1-b95b-4fb5-aefd-831056816bde/datanode-0/data/ratis/81c8ab5a-5909-4da0-9b24-50f2246af944/current/log_inprogress_0
2022-07-12 20:44:19,288 [EventQueue-OpenPipelineForHealthyPipelineSafeModeRule] INFO  safemode.SCMSafeModeManager (HealthyPipelineSafeModeRule.java:process(124)) - SCM in safe mode. Healthy pipelines reported count is 0, required healthy pipeline reported count is 1
2022-07-12 20:44:19,291 [89964798-5625-4a4f-a306-699ecc29e47f@group-5C2E5214EB86-FollowerState] INFO  server.RaftServerConfigKeys (ConfUtils.java:logGet(46)) - raft.server.leaderelection.pre-vote = false (custom)
2022-07-12 20:44:19,291 [89964798-5625-4a4f-a306-699ecc29e47f@group-5C2E5214EB86-FollowerState] INFO  impl.RoleInfo (RoleInfo.java:updateAndGet(139)) - 89964798-5625-4a4f-a306-699ecc29e47f: start 89964798-5625-4a4f-a306-699ecc29e47f@group-5C2E5214EB86-LeaderElection16
2022-07-12 20:44:19,292 [48a25e45-563c-42d6-b13a-b9125caf58d3@group-50F2246AF944-LeaderElection15] INFO  server.RaftServer$Division (ServerState.java:setRaftConf(393)) - 48a25e45-563c-42d6-b13a-b9125caf58d3@group-50F2246AF944: set configuration 0: [48a25e45-563c-42d6-b13a-b9125caf58d3|rpc:10.1.0.33:42457|dataStream:|priority:1], old=null
2022-07-12 20:44:19,300 [89964798-5625-4a4f-a306-699ecc29e47f@group-5C2E5214EB86-LeaderElection16] INFO  impl.LeaderElection (LeaderElection.java:askForVotes(310)) - 89964798-5625-4a4f-a306-699ecc29e47f@group-5C2E5214EB86-LeaderElection16 ELECTION round 0: submit vote requests at term 1 for -1: [f703b3fd-e363-452b-a1ce-6d81fe452714|rpc:10.1.0.33:40627|dataStream:|priority:1, 89964798-5625-4a4f-a306-699ecc29e47f|rpc:10.1.0.33:38191|dataStream:|priority:0, 48a25e45-563c-42d6-b13a-b9125caf58d3|rpc:10.1.0.33:42457|dataStream:|priority:0], old=null
2022-07-12 20:44:19,315 [grpc-default-executor-0] INFO  server.RaftServer$Division (RaftServerImpl.java:requestVote(1152)) - f703b3fd-e363-452b-a1ce-6d81fe452714@group-5C2E5214EB86: receive requestVote(ELECTION, 48a25e45-563c-42d6-b13a-b9125caf58d3, group-5C2E5214EB86, 1, (t:0, i:0))
2022-07-12 20:44:19,316 [f703b3fd-e363-452b-a1ce-6d81fe452714@group-5C2E5214EB86-LeaderElection14] INFO  impl.LeaderElection (LeaderElection.java:askForVotes(310)) - f703b3fd-e363-452b-a1ce-6d81fe452714@group-5C2E5214EB86-LeaderElection14 ELECTION round 0: submit vote requests at term 1 for -1: [f703b3fd-e363-452b-a1ce-6d81fe452714|rpc:10.1.0.33:40627|dataStream:|priority:1, 89964798-5625-4a4f-a306-699ecc29e47f|rpc:10.1.0.33:38191|dataStream:|priority:0, 48a25e45-563c-42d6-b13a-b9125caf58d3|rpc:10.1.0.33:42457|dataStream:|priority:0], old=null
2022-07-12 20:44:19,317 [grpc-default-executor-0] INFO  impl.VoteContext (VoteContext.java:log(48)) - f703b3fd-e363-452b-a1ce-6d81fe452714@group-5C2E5214EB86-CANDIDATE: reject ELECTION from 48a25e45-563c-42d6-b13a-b9125caf58d3: already has voted for f703b3fd-e363-452b-a1ce-6d81fe452714 at current term 1
2022-07-12 20:44:19,323 [grpc-default-executor-0] INFO  server.RaftServer$Division (RaftServerImpl.java:requestVote(1184)) - f703b3fd-e363-452b-a1ce-6d81fe452714@group-5C2E5214EB86 replies to ELECTION vote request: 48a25e45-563c-42d6-b13a-b9125caf58d3<-f703b3fd-e363-452b-a1ce-6d81fe452714#0:FAIL-t1. Peer's state: f703b3fd-e363-452b-a1ce-6d81fe452714@group-5C2E5214EB86:t1, leader=null, voted=f703b3fd-e363-452b-a1ce-6d81fe452714, raftlog=f703b3fd-e363-452b-a1ce-6d81fe452714@group-5C2E5214EB86-SegmentedRaftLog:OPENED:c-1, conf=-1: [f703b3fd-e363-452b-a1ce-6d81fe452714|rpc:10.1.0.33:40627|dataStream:|priority:1, 89964798-5625-4a4f-a306-699ecc29e47f|rpc:10.1.0.33:38191|dataStream:|priority:0, 48a25e45-563c-42d6-b13a-b9125caf58d3|rpc:10.1.0.33:42457|dataStream:|priority:0], old=null
2022-07-12 20:44:19,350 [48a25e45-563c-42d6-b13a-b9125caf58d3@group-5C2E5214EB86-LeaderElection13] INFO  impl.LeaderElection (LeaderElection.java:logAndReturn(90)) - 48a25e45-563c-42d6-b13a-b9125caf58d3@group-5C2E5214EB86-LeaderElection13: ELECTION REJECTED received 1 response(s) and 0 exception(s):
2022-07-12 20:44:19,351 [48a25e45-563c-42d6-b13a-b9125caf58d3@group-5C2E5214EB86-LeaderElection13] INFO  impl.LeaderElection (LeaderElection.java:logAndReturn(94)) -   Response 0: 48a25e45-563c-42d6-b13a-b9125caf58d3<-f703b3fd-e363-452b-a1ce-6d81fe452714#0:FAIL-t1
2022-07-12 20:44:19,351 [48a25e45-563c-42d6-b13a-b9125caf58d3@group-5C2E5214EB86-LeaderElection13] INFO  impl.LeaderElection (LeaderElection.java:askForVotes(312)) - 48a25e45-563c-42d6-b13a-b9125caf58d3@group-5C2E5214EB86-LeaderElection13 ELECTION round 0: result REJECTED
2022-07-12 20:44:19,351 [48a25e45-563c-42d6-b13a-b9125caf58d3@group-5C2E5214EB86-LeaderElection13] INFO  server.RaftServer$Division (RaftServerImpl.java:setRole(299)) - 48a25e45-563c-42d6-b13a-b9125caf58d3@group-5C2E5214EB86: changes role from CANDIDATE to FOLLOWER at term 1 for REJECTED
2022-07-12 20:44:19,356 [48a25e45-563c-42d6-b13a-b9125caf58d3@group-5C2E5214EB86-LeaderElection13] INFO  impl.RoleInfo (RoleInfo.java:shutdownLeaderElection(130)) - 48a25e45-563c-42d6-b13a-b9125caf58d3: shutdown 48a25e45-563c-42d6-b13a-b9125caf58d3@group-5C2E5214EB86-LeaderElection13
2022-07-12 20:44:19,367 [48a25e45-563c-42d6-b13a-b9125caf58d3@group-5C2E5214EB86-LeaderElection13] INFO  impl.RoleInfo (RoleInfo.java:updateAndGet(139)) - 48a25e45-563c-42d6-b13a-b9125caf58d3: start 48a25e45-563c-42d6-b13a-b9125caf58d3@group-5C2E5214EB86-FollowerState
2022-07-12 20:44:19,383 [grpc-default-executor-1] INFO  server.RaftServer$Division (RaftServerImpl.java:requestVote(1152)) - 89964798-5625-4a4f-a306-699ecc29e47f@group-5C2E5214EB86: receive requestVote(ELECTION, 48a25e45-563c-42d6-b13a-b9125caf58d3, group-5C2E5214EB86, 1, (t:0, i:0))
2022-07-12 20:44:19,385 [grpc-default-executor-1] INFO  impl.VoteContext (VoteContext.java:log(48)) - 89964798-5625-4a4f-a306-699ecc29e47f@group-5C2E5214EB86-CANDIDATE: reject ELECTION from 48a25e45-563c-42d6-b13a-b9125caf58d3: already has voted for 89964798-5625-4a4f-a306-699ecc29e47f at current term 1
2022-07-12 20:44:19,385 [grpc-default-executor-1] INFO  server.RaftServer$Division (RaftServerImpl.java:requestVote(1184)) - 89964798-5625-4a4f-a306-699ecc29e47f@group-5C2E5214EB86 replies to ELECTION vote request: 48a25e45-563c-42d6-b13a-b9125caf58d3<-89964798-5625-4a4f-a306-699ecc29e47f#0:FAIL-t1. Peer's state: 89964798-5625-4a4f-a306-699ecc29e47f@group-5C2E5214EB86:t1, leader=null, voted=89964798-5625-4a4f-a306-699ecc29e47f, raftlog=89964798-5625-4a4f-a306-699ecc29e47f@group-5C2E5214EB86-SegmentedRaftLog:OPENED:c-1, conf=-1: [f703b3fd-e363-452b-a1ce-6d81fe452714|rpc:10.1.0.33:40627|dataStream:|priority:1, 89964798-5625-4a4f-a306-699ecc29e47f|rpc:10.1.0.33:38191|dataStream:|priority:0, 48a25e45-563c-42d6-b13a-b9125caf58d3|rpc:10.1.0.33:42457|dataStream:|priority:0], old=null
2022-07-12 20:44:19,398 [grpc-default-executor-1] INFO  server.RaftServer$Division (RaftServerImpl.java:requestVote(1152)) - f703b3fd-e363-452b-a1ce-6d81fe452714@group-5C2E5214EB86: receive requestVote(ELECTION, 89964798-5625-4a4f-a306-699ecc29e47f, group-5C2E5214EB86, 1, (t:0, i:0))
2022-07-12 20:44:19,398 [grpc-default-executor-1] INFO  impl.VoteContext (VoteContext.java:log(48)) - f703b3fd-e363-452b-a1ce-6d81fe452714@group-5C2E5214EB86-CANDIDATE: reject ELECTION from 89964798-5625-4a4f-a306-699ecc29e47f: already has voted for f703b3fd-e363-452b-a1ce-6d81fe452714 at current term 1
2022-07-12 20:44:19,399 [grpc-default-executor-1] INFO  server.RaftServer$Division (RaftServerImpl.java:requestVote(1184)) - f703b3fd-e363-452b-a1ce-6d81fe452714@group-5C2E5214EB86 replies to ELECTION vote request: 89964798-5625-4a4f-a306-699ecc29e47f<-f703b3fd-e363-452b-a1ce-6d81fe452714#0:FAIL-t1. Peer's state: f703b3fd-e363-452b-a1ce-6d81fe452714@group-5C2E5214EB86:t1, leader=null, voted=f703b3fd-e363-452b-a1ce-6d81fe452714, raftlog=f703b3fd-e363-452b-a1ce-6d81fe452714@group-5C2E5214EB86-SegmentedRaftLog:OPENED:c-1, conf=-1: [f703b3fd-e363-452b-a1ce-6d81fe452714|rpc:10.1.0.33:40627|dataStream:|priority:1, 89964798-5625-4a4f-a306-699ecc29e47f|rpc:10.1.0.33:38191|dataStream:|priority:0, 48a25e45-563c-42d6-b13a-b9125caf58d3|rpc:10.1.0.33:42457|dataStream:|priority:0], old=null
2022-07-12 20:44:19,407 [89964798-5625-4a4f-a306-699ecc29e47f@group-5C2E5214EB86-LeaderElection16] INFO  impl.LeaderElection (LeaderElection.java:logAndReturn(90)) - 89964798-5625-4a4f-a306-699ecc29e47f@group-5C2E5214EB86-LeaderElection16: ELECTION REJECTED received 1 response(s) and 0 exception(s):
2022-07-12 20:44:19,408 [89964798-5625-4a4f-a306-699ecc29e47f@group-5C2E5214EB86-LeaderElection16] INFO  impl.LeaderElection (LeaderElection.java:logAndReturn(94)) -   Response 0: 89964798-5625-4a4f-a306-699ecc29e47f<-f703b3fd-e363-452b-a1ce-6d81fe452714#0:FAIL-t1
2022-07-12 20:44:19,408 [89964798-5625-4a4f-a306-699ecc29e47f@group-5C2E5214EB86-LeaderElection16] INFO  impl.LeaderElection (LeaderElection.java:askForVotes(312)) - 89964798-5625-4a4f-a306-699ecc29e47f@group-5C2E5214EB86-LeaderElection16 ELECTION round 0: result REJECTED
2022-07-12 20:44:19,408 [89964798-5625-4a4f-a306-699ecc29e47f@group-5C2E5214EB86-LeaderElection16] INFO  server.RaftServer$Division (RaftServerImpl.java:setRole(299)) - 89964798-5625-4a4f-a306-699ecc29e47f@group-5C2E5214EB86: changes role from CANDIDATE to FOLLOWER at term 1 for REJECTED
2022-07-12 20:44:19,408 [89964798-5625-4a4f-a306-699ecc29e47f@group-5C2E5214EB86-LeaderElection16] INFO  impl.RoleInfo (RoleInfo.java:shutdownLeaderElection(130)) - 89964798-5625-4a4f-a306-699ecc29e47f: shutdown 89964798-5625-4a4f-a306-699ecc29e47f@group-5C2E5214EB86-LeaderElection16
2022-07-12 20:44:19,408 [89964798-5625-4a4f-a306-699ecc29e47f@group-5C2E5214EB86-LeaderElection16] INFO  impl.RoleInfo (RoleInfo.java:updateAndGet(139)) - 89964798-5625-4a4f-a306-699ecc29e47f: start 89964798-5625-4a4f-a306-699ecc29e47f@group-5C2E5214EB86-FollowerState
2022-07-12 20:44:19,427 [grpc-default-executor-3] INFO  server.RaftServer$Division (RaftServerImpl.java:requestVote(1152)) - 48a25e45-563c-42d6-b13a-b9125caf58d3@group-5C2E5214EB86: receive requestVote(ELECTION, 89964798-5625-4a4f-a306-699ecc29e47f, group-5C2E5214EB86, 1, (t:0, i:0))
2022-07-12 20:44:19,435 [grpc-default-executor-3] INFO  impl.VoteContext (VoteContext.java:log(48)) - 48a25e45-563c-42d6-b13a-b9125caf58d3@group-5C2E5214EB86-FOLLOWER: reject ELECTION from 89964798-5625-4a4f-a306-699ecc29e47f: already has voted for 48a25e45-563c-42d6-b13a-b9125caf58d3 at current term 1
2022-07-12 20:44:19,435 [grpc-default-executor-3] INFO  server.RaftServer$Division (RaftServerImpl.java:requestVote(1184)) - 48a25e45-563c-42d6-b13a-b9125caf58d3@group-5C2E5214EB86 replies to ELECTION vote request: 89964798-5625-4a4f-a306-699ecc29e47f<-48a25e45-563c-42d6-b13a-b9125caf58d3#0:FAIL-t1. Peer's state: 48a25e45-563c-42d6-b13a-b9125caf58d3@group-5C2E5214EB86:t1, leader=null, voted=48a25e45-563c-42d6-b13a-b9125caf58d3, raftlog=48a25e45-563c-42d6-b13a-b9125caf58d3@group-5C2E5214EB86-SegmentedRaftLog:OPENED:c-1, conf=-1: [f703b3fd-e363-452b-a1ce-6d81fe452714|rpc:10.1.0.33:40627|priority:1, 89964798-5625-4a4f-a306-699ecc29e47f|rpc:10.1.0.33:38191|priority:0, 48a25e45-563c-42d6-b13a-b9125caf58d3|rpc:10.1.0.33:42457|priority:0], old=null
2022-07-12 20:44:19,435 [grpc-default-executor-2] INFO  server.RaftServer$Division (RaftServerImpl.java:requestVote(1152)) - 89964798-5625-4a4f-a306-699ecc29e47f@group-5C2E5214EB86: receive requestVote(ELECTION, f703b3fd-e363-452b-a1ce-6d81fe452714, group-5C2E5214EB86, 1, (t:0, i:0))
2022-07-12 20:44:19,435 [grpc-default-executor-2] INFO  impl.VoteContext (VoteContext.java:log(48)) - 89964798-5625-4a4f-a306-699ecc29e47f@group-5C2E5214EB86-FOLLOWER: reject ELECTION from f703b3fd-e363-452b-a1ce-6d81fe452714: already has voted for 89964798-5625-4a4f-a306-699ecc29e47f at current term 1
2022-07-12 20:44:19,436 [grpc-default-executor-2] INFO  server.RaftServer$Division (RaftServerImpl.java:requestVote(1184)) - 89964798-5625-4a4f-a306-699ecc29e47f@group-5C2E5214EB86 replies to ELECTION vote request: f703b3fd-e363-452b-a1ce-6d81fe452714<-89964798-5625-4a4f-a306-699ecc29e47f#0:FAIL-t1. Peer's state: 89964798-5625-4a4f-a306-699ecc29e47f@group-5C2E5214EB86:t1, leader=null, voted=89964798-5625-4a4f-a306-699ecc29e47f, raftlog=89964798-5625-4a4f-a306-699ecc29e47f@group-5C2E5214EB86-SegmentedRaftLog:OPENED:c-1, conf=-1: [f703b3fd-e363-452b-a1ce-6d81fe452714|rpc:10.1.0.33:40627|dataStream:|priority:1, 89964798-5625-4a4f-a306-699ecc29e47f|rpc:10.1.0.33:38191|dataStream:|priority:0, 48a25e45-563c-42d6-b13a-b9125caf58d3|rpc:10.1.0.33:42457|dataStream:|priority:0], old=null
2022-07-12 20:44:19,427 [grpc-default-executor-1] INFO  server.RaftServer$Division (RaftServerImpl.java:requestVote(1152)) - 48a25e45-563c-42d6-b13a-b9125caf58d3@group-5C2E5214EB86: receive requestVote(ELECTION, f703b3fd-e363-452b-a1ce-6d81fe452714, group-5C2E5214EB86, 1, (t:0, i:0))
2022-07-12 20:44:19,439 [grpc-default-executor-1] INFO  impl.VoteContext (VoteContext.java:log(48)) - 48a25e45-563c-42d6-b13a-b9125caf58d3@group-5C2E5214EB86-FOLLOWER: reject ELECTION from f703b3fd-e363-452b-a1ce-6d81fe452714: already has voted for 48a25e45-563c-42d6-b13a-b9125caf58d3 at current term 1
2022-07-12 20:44:19,439 [grpc-default-executor-1] INFO  server.RaftServer$Division (RaftServerImpl.java:requestVote(1184)) - 48a25e45-563c-42d6-b13a-b9125caf58d3@group-5C2E5214EB86 replies to ELECTION vote request: f703b3fd-e363-452b-a1ce-6d81fe452714<-48a25e45-563c-42d6-b13a-b9125caf58d3#0:FAIL-t1. Peer's state: 48a25e45-563c-42d6-b13a-b9125caf58d3@group-5C2E5214EB86:t1, leader=null, voted=48a25e45-563c-42d6-b13a-b9125caf58d3, raftlog=48a25e45-563c-42d6-b13a-b9125caf58d3@group-5C2E5214EB86-SegmentedRaftLog:OPENED:c-1, conf=-1: [f703b3fd-e363-452b-a1ce-6d81fe452714|rpc:10.1.0.33:40627|priority:1, 89964798-5625-4a4f-a306-699ecc29e47f|rpc:10.1.0.33:38191|priority:0, 48a25e45-563c-42d6-b13a-b9125caf58d3|rpc:10.1.0.33:42457|priority:0], old=null
2022-07-12 20:44:19,446 [f703b3fd-e363-452b-a1ce-6d81fe452714@group-5C2E5214EB86-LeaderElection14] INFO  impl.LeaderElection (LeaderElection.java:logAndReturn(90)) - f703b3fd-e363-452b-a1ce-6d81fe452714@group-5C2E5214EB86-LeaderElection14: ELECTION REJECTED received 2 response(s) and 0 exception(s):
2022-07-12 20:44:19,447 [f703b3fd-e363-452b-a1ce-6d81fe452714@group-5C2E5214EB86-LeaderElection14] INFO  impl.LeaderElection (LeaderElection.java:logAndReturn(94)) -   Response 0: f703b3fd-e363-452b-a1ce-6d81fe452714<-89964798-5625-4a4f-a306-699ecc29e47f#0:FAIL-t1
2022-07-12 20:44:19,447 [f703b3fd-e363-452b-a1ce-6d81fe452714@group-5C2E5214EB86-LeaderElection14] INFO  impl.LeaderElection (LeaderElection.java:logAndReturn(94)) -   Response 1: f703b3fd-e363-452b-a1ce-6d81fe452714<-48a25e45-563c-42d6-b13a-b9125caf58d3#0:FAIL-t1
2022-07-12 20:44:19,447 [f703b3fd-e363-452b-a1ce-6d81fe452714@group-5C2E5214EB86-LeaderElection14] INFO  impl.LeaderElection (LeaderElection.java:askForVotes(312)) - f703b3fd-e363-452b-a1ce-6d81fe452714@group-5C2E5214EB86-LeaderElection14 ELECTION round 0: result REJECTED
2022-07-12 20:44:19,447 [f703b3fd-e363-452b-a1ce-6d81fe452714@group-5C2E5214EB86-LeaderElection14] INFO  server.RaftServer$Division (RaftServerImpl.java:setRole(299)) - f703b3fd-e363-452b-a1ce-6d81fe452714@group-5C2E5214EB86: changes role from CANDIDATE to FOLLOWER at term 1 for REJECTED
2022-07-12 20:44:19,447 [f703b3fd-e363-452b-a1ce-6d81fe452714@group-5C2E5214EB86-LeaderElection14] INFO  impl.RoleInfo (RoleInfo.java:shutdownLeaderElection(130)) - f703b3fd-e363-452b-a1ce-6d81fe452714: shutdown f703b3fd-e363-452b-a1ce-6d81fe452714@group-5C2E5214EB86-LeaderElection14
2022-07-12 20:44:19,447 [f703b3fd-e363-452b-a1ce-6d81fe452714@group-5C2E5214EB86-LeaderElection14] INFO  impl.RoleInfo (RoleInfo.java:updateAndGet(139)) - f703b3fd-e363-452b-a1ce-6d81fe452714: start f703b3fd-e363-452b-a1ce-6d81fe452714@group-5C2E5214EB86-FollowerState
2022-07-12 20:44:19,459 [89964798-5625-4a4f-a306-699ecc29e47f@group-E4DDA8C5C713-FollowerState] INFO  impl.FollowerState (FollowerState.java:run(143)) - 89964798-5625-4a4f-a306-699ecc29e47f@group-E4DDA8C5C713-FollowerState: change to CANDIDATE, lastRpcElapsedTime:5058243762ns, electionTimeout:5045ms
2022-07-12 20:44:19,471 [89964798-5625-4a4f-a306-699ecc29e47f@group-E4DDA8C5C713-FollowerState] INFO  impl.RoleInfo (RoleInfo.java:shutdownFollowerState(110)) - 89964798-5625-4a4f-a306-699ecc29e47f: shutdown 89964798-5625-4a4f-a306-699ecc29e47f@group-E4DDA8C5C713-FollowerState
2022-07-12 20:44:19,471 [89964798-5625-4a4f-a306-699ecc29e47f@group-E4DDA8C5C713-FollowerState] INFO  server.RaftServer$Division (RaftServerImpl.java:setRole(299)) - 89964798-5625-4a4f-a306-699ecc29e47f@group-E4DDA8C5C713: changes role from  FOLLOWER to CANDIDATE at term 0 for changeToCandidate
2022-07-12 20:44:19,471 [89964798-5625-4a4f-a306-699ecc29e47f@group-E4DDA8C5C713-FollowerState] INFO  server.RaftServerConfigKeys (ConfUtils.java:logGet(46)) - raft.server.leaderelection.pre-vote = false (custom)
2022-07-12 20:44:19,471 [89964798-5625-4a4f-a306-699ecc29e47f@group-E4DDA8C5C713-FollowerState] INFO  impl.RoleInfo (RoleInfo.java:updateAndGet(139)) - 89964798-5625-4a4f-a306-699ecc29e47f: start 89964798-5625-4a4f-a306-699ecc29e47f@group-E4DDA8C5C713-LeaderElection17
2022-07-12 20:44:19,488 [89964798-5625-4a4f-a306-699ecc29e47f@group-E4DDA8C5C713-LeaderElection17] INFO  impl.LeaderElection (LeaderElection.java:askForVotes(310)) - 89964798-5625-4a4f-a306-699ecc29e47f@group-E4DDA8C5C713-LeaderElection17 ELECTION round 0: submit vote requests at term 1 for -1: [f703b3fd-e363-452b-a1ce-6d81fe452714|rpc:10.1.0.33:40627|dataStream:|priority:0, 89964798-5625-4a4f-a306-699ecc29e47f|rpc:10.1.0.33:38191|dataStream:|priority:0, 48a25e45-563c-42d6-b13a-b9125caf58d3|rpc:10.1.0.33:42457|dataStream:|priority:1], old=null
2022-07-12 20:44:19,523 [grpc-default-executor-1] INFO  server.RaftServer$Division (RaftServerImpl.java:requestVote(1152)) - f703b3fd-e363-452b-a1ce-6d81fe452714@group-E4DDA8C5C713: receive requestVote(ELECTION, 89964798-5625-4a4f-a306-699ecc29e47f, group-E4DDA8C5C713, 1, (t:0, i:0))
2022-07-12 20:44:19,523 [grpc-default-executor-1] INFO  impl.VoteContext (VoteContext.java:log(48)) - f703b3fd-e363-452b-a1ce-6d81fe452714@group-E4DDA8C5C713-FOLLOWER: accept ELECTION from 89964798-5625-4a4f-a306-699ecc29e47f: our priority 0 <= candidate's priority 0
2022-07-12 20:44:19,523 [grpc-default-executor-1] INFO  server.RaftServer$Division (RaftServerImpl.java:setRole(299)) - f703b3fd-e363-452b-a1ce-6d81fe452714@group-E4DDA8C5C713: changes role from  FOLLOWER to FOLLOWER at term 1 for candidate:89964798-5625-4a4f-a306-699ecc29e47f
2022-07-12 20:44:19,523 [grpc-default-executor-1] INFO  impl.RoleInfo (RoleInfo.java:shutdownFollowerState(110)) - f703b3fd-e363-452b-a1ce-6d81fe452714: shutdown f703b3fd-e363-452b-a1ce-6d81fe452714@group-E4DDA8C5C713-FollowerState
2022-07-12 20:44:19,523 [grpc-default-executor-1] INFO  impl.RoleInfo (RoleInfo.java:updateAndGet(139)) - f703b3fd-e363-452b-a1ce-6d81fe452714: start f703b3fd-e363-452b-a1ce-6d81fe452714@group-E4DDA8C5C713-FollowerState
2022-07-12 20:44:19,523 [f703b3fd-e363-452b-a1ce-6d81fe452714@group-E4DDA8C5C713-FollowerState] INFO  impl.FollowerState (FollowerState.java:run(152)) - f703b3fd-e363-452b-a1ce-6d81fe452714@group-E4DDA8C5C713-FollowerState was interrupted
2022-07-12 20:44:19,532 [48a25e45-563c-42d6-b13a-b9125caf58d3@group-E4DDA8C5C713-FollowerState] INFO  impl.FollowerState (FollowerState.java:run(143)) - 48a25e45-563c-42d6-b13a-b9125caf58d3@group-E4DDA8C5C713-FollowerState: change to CANDIDATE, lastRpcElapsedTime:5199398297ns, electionTimeout:5184ms
2022-07-12 20:44:19,537 [grpc-default-executor-1] INFO  server.RaftServer$Division (RaftServerImpl.java:requestVote(1184)) - f703b3fd-e363-452b-a1ce-6d81fe452714@group-E4DDA8C5C713 replies to ELECTION vote request: 89964798-5625-4a4f-a306-699ecc29e47f<-f703b3fd-e363-452b-a1ce-6d81fe452714#0:OK-t1. Peer's state: f703b3fd-e363-452b-a1ce-6d81fe452714@group-E4DDA8C5C713:t1, leader=null, voted=89964798-5625-4a4f-a306-699ecc29e47f, raftlog=f703b3fd-e363-452b-a1ce-6d81fe452714@group-E4DDA8C5C713-SegmentedRaftLog:OPENED:c-1, conf=-1: [f703b3fd-e363-452b-a1ce-6d81fe452714|rpc:10.1.0.33:40627|dataStream:|priority:0, 89964798-5625-4a4f-a306-699ecc29e47f|rpc:10.1.0.33:38191|dataStream:|priority:0, 48a25e45-563c-42d6-b13a-b9125caf58d3|rpc:10.1.0.33:42457|dataStream:|priority:1], old=null
2022-07-12 20:44:19,537 [48a25e45-563c-42d6-b13a-b9125caf58d3@group-E4DDA8C5C713-FollowerState] INFO  impl.RoleInfo (RoleInfo.java:shutdownFollowerState(110)) - 48a25e45-563c-42d6-b13a-b9125caf58d3: shutdown 48a25e45-563c-42d6-b13a-b9125caf58d3@group-E4DDA8C5C713-FollowerState
2022-07-12 20:44:19,537 [48a25e45-563c-42d6-b13a-b9125caf58d3@group-E4DDA8C5C713-FollowerState] INFO  server.RaftServer$Division (RaftServerImpl.java:setRole(299)) - 48a25e45-563c-42d6-b13a-b9125caf58d3@group-E4DDA8C5C713: changes role from  FOLLOWER to CANDIDATE at term 0 for changeToCandidate
2022-07-12 20:44:19,538 [48a25e45-563c-42d6-b13a-b9125caf58d3@group-E4DDA8C5C713-FollowerState] INFO  server.RaftServerConfigKeys (ConfUtils.java:logGet(46)) - raft.server.leaderelection.pre-vote = false (custom)
2022-07-12 20:44:19,538 [48a25e45-563c-42d6-b13a-b9125caf58d3@group-E4DDA8C5C713-FollowerState] INFO  impl.RoleInfo (RoleInfo.java:updateAndGet(139)) - 48a25e45-563c-42d6-b13a-b9125caf58d3: start 48a25e45-563c-42d6-b13a-b9125caf58d3@group-E4DDA8C5C713-LeaderElection18
2022-07-12 20:44:19,527 [grpc-default-executor-2] INFO  server.RaftServer$Division (RaftServerImpl.java:requestVote(1152)) - 48a25e45-563c-42d6-b13a-b9125caf58d3@group-E4DDA8C5C713: receive requestVote(ELECTION, 89964798-5625-4a4f-a306-699ecc29e47f, group-E4DDA8C5C713, 1, (t:0, i:0))
2022-07-12 20:44:19,556 [grpc-default-executor-2] INFO  impl.VoteContext (VoteContext.java:log(48)) - 48a25e45-563c-42d6-b13a-b9125caf58d3@group-E4DDA8C5C713-CANDIDATE: reject ELECTION from 89964798-5625-4a4f-a306-699ecc29e47f: our priority 1 > candidate's priority 0
2022-07-12 20:44:19,556 [grpc-default-executor-2] INFO  server.RaftServer$Division (RaftServerImpl.java:setRole(299)) - 48a25e45-563c-42d6-b13a-b9125caf58d3@group-E4DDA8C5C713: changes role from CANDIDATE to FOLLOWER at term 1 for candidate:89964798-5625-4a4f-a306-699ecc29e47f
2022-07-12 20:44:19,556 [grpc-default-executor-2] INFO  impl.RoleInfo (RoleInfo.java:shutdownLeaderElection(130)) - 48a25e45-563c-42d6-b13a-b9125caf58d3: shutdown 48a25e45-563c-42d6-b13a-b9125caf58d3@group-E4DDA8C5C713-LeaderElection18
2022-07-12 20:44:19,556 [grpc-default-executor-2] INFO  impl.RoleInfo (RoleInfo.java:updateAndGet(139)) - 48a25e45-563c-42d6-b13a-b9125caf58d3: start 48a25e45-563c-42d6-b13a-b9125caf58d3@group-E4DDA8C5C713-FollowerState
2022-07-12 20:44:19,568 [grpc-default-executor-2] INFO  server.RaftServer$Division (RaftServerImpl.java:requestVote(1184)) - 48a25e45-563c-42d6-b13a-b9125caf58d3@group-E4DDA8C5C713 replies to ELECTION vote request: 89964798-5625-4a4f-a306-699ecc29e47f<-48a25e45-563c-42d6-b13a-b9125caf58d3#0:FAIL-t1. Peer's state: 48a25e45-563c-42d6-b13a-b9125caf58d3@group-E4DDA8C5C713:t1, leader=null, voted=null, raftlog=48a25e45-563c-42d6-b13a-b9125caf58d3@group-E4DDA8C5C713-SegmentedRaftLog:OPENED:c-1, conf=-1: [f703b3fd-e363-452b-a1ce-6d81fe452714|rpc:10.1.0.33:40627|priority:0, 89964798-5625-4a4f-a306-699ecc29e47f|rpc:10.1.0.33:38191|priority:0, 48a25e45-563c-42d6-b13a-b9125caf58d3|rpc:10.1.0.33:42457|priority:1], old=null
2022-07-12 20:44:19,569 [89964798-5625-4a4f-a306-699ecc29e47f@group-E4DDA8C5C713-LeaderElection17] INFO  impl.LeaderElection (LeaderElection.java:logAndReturn(90)) - 89964798-5625-4a4f-a306-699ecc29e47f@group-E4DDA8C5C713-LeaderElection17: ELECTION REJECTED received 2 response(s) and 0 exception(s):
2022-07-12 20:44:19,569 [89964798-5625-4a4f-a306-699ecc29e47f@group-E4DDA8C5C713-LeaderElection17] INFO  impl.LeaderElection (LeaderElection.java:logAndReturn(94)) -   Response 0: 89964798-5625-4a4f-a306-699ecc29e47f<-f703b3fd-e363-452b-a1ce-6d81fe452714#0:OK-t1
2022-07-12 20:44:19,569 [89964798-5625-4a4f-a306-699ecc29e47f@group-E4DDA8C5C713-LeaderElection17] INFO  impl.LeaderElection (LeaderElection.java:logAndReturn(94)) -   Response 1: 89964798-5625-4a4f-a306-699ecc29e47f<-48a25e45-563c-42d6-b13a-b9125caf58d3#0:FAIL-t1
2022-07-12 20:44:19,569 [89964798-5625-4a4f-a306-699ecc29e47f@group-E4DDA8C5C713-LeaderElection17] INFO  impl.LeaderElection (LeaderElection.java:askForVotes(312)) - 89964798-5625-4a4f-a306-699ecc29e47f@group-E4DDA8C5C713-LeaderElection17 ELECTION round 0: result REJECTED
2022-07-12 20:44:19,569 [89964798-5625-4a4f-a306-699ecc29e47f@group-E4DDA8C5C713-LeaderElection17] INFO  server.RaftServer$Division (RaftServerImpl.java:setRole(299)) - 89964798-5625-4a4f-a306-699ecc29e47f@group-E4DDA8C5C713: changes role from CANDIDATE to FOLLOWER at term 1 for REJECTED
2022-07-12 20:44:19,569 [89964798-5625-4a4f-a306-699ecc29e47f@group-E4DDA8C5C713-LeaderElection17] INFO  impl.RoleInfo (RoleInfo.java:shutdownLeaderElection(130)) - 89964798-5625-4a4f-a306-699ecc29e47f: shutdown 89964798-5625-4a4f-a306-699ecc29e47f@group-E4DDA8C5C713-LeaderElection17
2022-07-12 20:44:19,570 [89964798-5625-4a4f-a306-699ecc29e47f@group-E4DDA8C5C713-LeaderElection17] INFO  impl.RoleInfo (RoleInfo.java:updateAndGet(139)) - 89964798-5625-4a4f-a306-699ecc29e47f: start 89964798-5625-4a4f-a306-699ecc29e47f@group-E4DDA8C5C713-FollowerState
2022-07-12 20:44:19,776 [f703b3fd-e363-452b-a1ce-6d81fe452714@group-A4396CF7EF32-FollowerState] INFO  impl.FollowerState (FollowerState.java:run(143)) - f703b3fd-e363-452b-a1ce-6d81fe452714@group-A4396CF7EF32-FollowerState: change to CANDIDATE, lastRpcElapsedTime:5087051499ns, electionTimeout:5079ms
2022-07-12 20:44:19,777 [f703b3fd-e363-452b-a1ce-6d81fe452714@group-A4396CF7EF32-FollowerState] INFO  impl.RoleInfo (RoleInfo.java:shutdownFollowerState(110)) - f703b3fd-e363-452b-a1ce-6d81fe452714: shutdown f703b3fd-e363-452b-a1ce-6d81fe452714@group-A4396CF7EF32-FollowerState
2022-07-12 20:44:19,777 [f703b3fd-e363-452b-a1ce-6d81fe452714@group-A4396CF7EF32-FollowerState] INFO  server.RaftServer$Division (RaftServerImpl.java:setRole(299)) - f703b3fd-e363-452b-a1ce-6d81fe452714@group-A4396CF7EF32: changes role from  FOLLOWER to CANDIDATE at term 0 for changeToCandidate
2022-07-12 20:44:19,777 [f703b3fd-e363-452b-a1ce-6d81fe452714@group-A4396CF7EF32-FollowerState] INFO  server.RaftServerConfigKeys (ConfUtils.java:logGet(46)) - raft.server.leaderelection.pre-vote = false (custom)
2022-07-12 20:44:19,777 [f703b3fd-e363-452b-a1ce-6d81fe452714@group-A4396CF7EF32-FollowerState] INFO  impl.RoleInfo (RoleInfo.java:updateAndGet(139)) - f703b3fd-e363-452b-a1ce-6d81fe452714: start f703b3fd-e363-452b-a1ce-6d81fe452714@group-A4396CF7EF32-LeaderElection19
2022-07-12 20:44:19,795 [f703b3fd-e363-452b-a1ce-6d81fe452714@group-A4396CF7EF32-LeaderElection19] INFO  impl.LeaderElection (LeaderElection.java:askForVotes(310)) - f703b3fd-e363-452b-a1ce-6d81fe452714@group-A4396CF7EF32-LeaderElection19 ELECTION round 0: submit vote requests at term 1 for -1: [f703b3fd-e363-452b-a1ce-6d81fe452714|rpc:10.1.0.33:40627|priority:1], old=null
2022-07-12 20:44:19,795 [f703b3fd-e363-452b-a1ce-6d81fe452714@group-A4396CF7EF32-LeaderElection19] INFO  impl.LeaderElection (LeaderElection.java:askForVotes(312)) - f703b3fd-e363-452b-a1ce-6d81fe452714@group-A4396CF7EF32-LeaderElection19 ELECTION round 0: result PASSED (term=1)
2022-07-12 20:44:19,795 [f703b3fd-e363-452b-a1ce-6d81fe452714@group-A4396CF7EF32-LeaderElection19] INFO  impl.RoleInfo (RoleInfo.java:shutdownLeaderElection(130)) - f703b3fd-e363-452b-a1ce-6d81fe452714: shutdown f703b3fd-e363-452b-a1ce-6d81fe452714@group-A4396CF7EF32-LeaderElection19
2022-07-12 20:44:19,795 [f703b3fd-e363-452b-a1ce-6d81fe452714@group-A4396CF7EF32-LeaderElection19] INFO  server.RaftServer$Division (RaftServerImpl.java:setRole(299)) - f703b3fd-e363-452b-a1ce-6d81fe452714@group-A4396CF7EF32: changes role from CANDIDATE to LEADER at term 1 for changeToLeader
2022-07-12 20:44:19,795 [f703b3fd-e363-452b-a1ce-6d81fe452714@group-A4396CF7EF32-LeaderElection19] INFO  ratis.XceiverServerRatis (XceiverServerRatis.java:handleLeaderChangedNotification(863)) - Leader change notification received for group: group-A4396CF7EF32 with new leaderId: f703b3fd-e363-452b-a1ce-6d81fe452714
2022-07-12 20:44:19,795 [f703b3fd-e363-452b-a1ce-6d81fe452714@group-A4396CF7EF32-LeaderElection19] INFO  server.RaftServer$Division (ServerState.java:setLeader(287)) - f703b3fd-e363-452b-a1ce-6d81fe452714@group-A4396CF7EF32: change Leader from null to f703b3fd-e363-452b-a1ce-6d81fe452714 at term 1 for becomeLeader, leader elected after 5116ms
2022-07-12 20:44:19,795 [f703b3fd-e363-452b-a1ce-6d81fe452714@group-A4396CF7EF32-LeaderElection19] INFO  server.RaftServerConfigKeys (ConfUtils.java:logGet(46)) - raft.server.staging.catchup.gap = 1000 (default)
2022-07-12 20:44:19,797 [EventQueue-OpenPipelineForHealthyPipelineSafeModeRule] INFO  safemode.SCMSafeModeManager (HealthyPipelineSafeModeRule.java:process(124)) - SCM in safe mode. Healthy pipelines reported count is 0, required healthy pipeline reported count is 1
2022-07-12 20:44:19,797 [f703b3fd-e363-452b-a1ce-6d81fe452714@group-A4396CF7EF32-LeaderElection19] INFO  server.RaftServerConfigKeys (ConfUtils.java:logGet(46)) - raft.server.write.element-limit = 1024 (custom)
2022-07-12 20:44:19,797 [f703b3fd-e363-452b-a1ce-6d81fe452714@group-A4396CF7EF32-LeaderElection19] INFO  server.RaftServerConfigKeys (ConfUtils.java:logGet(46)) - raft.server.write.byte-limit = 1024 M (=1073741824) (custom)
2022-07-12 20:44:19,798 [f703b3fd-e363-452b-a1ce-6d81fe452714@group-A4396CF7EF32-LeaderElection19] INFO  server.RaftServerConfigKeys (ConfUtils.java:logGet(46)) - raft.server.watch.timeout = 180s (custom)
2022-07-12 20:44:19,798 [f703b3fd-e363-452b-a1ce-6d81fe452714@group-A4396CF7EF32-LeaderElection19] INFO  server.RaftServerConfigKeys (ConfUtils.java:logGet(46)) - raft.server.watch.timeout.denomination = 1s (default)
2022-07-12 20:44:19,798 [f703b3fd-e363-452b-a1ce-6d81fe452714@group-A4396CF7EF32-LeaderElection19] INFO  server.RaftServerConfigKeys (ConfUtils.java:logGet(46)) - raft.server.watch.element-limit = 65536 (default)
2022-07-12 20:44:19,798 [f703b3fd-e363-452b-a1ce-6d81fe452714@group-A4396CF7EF32-LeaderElection19] INFO  server.RaftServerConfigKeys (ConfUtils.java:logGet(46)) - raft.server.write.element-limit = 1024 (custom)
2022-07-12 20:44:19,798 [f703b3fd-e363-452b-a1ce-6d81fe452714@group-A4396CF7EF32-LeaderElection19] INFO  server.RaftServerConfigKeys (ConfUtils.java:logGet(46)) - raft.server.write.follower.gap.ratio.max = -1.0 (default)
2022-07-12 20:44:19,798 [f703b3fd-e363-452b-a1ce-6d81fe452714@group-A4396CF7EF32-LeaderElection19] INFO  impl.RoleInfo (RoleInfo.java:updateAndGet(139)) - f703b3fd-e363-452b-a1ce-6d81fe452714: start f703b3fd-e363-452b-a1ce-6d81fe452714@group-A4396CF7EF32-LeaderStateImpl
2022-07-12 20:44:19,798 [f703b3fd-e363-452b-a1ce-6d81fe452714@group-A4396CF7EF32-LeaderElection19] INFO  segmented.SegmentedRaftLogWorker (SegmentedRaftLogWorker.java:startLogSegment(425)) - f703b3fd-e363-452b-a1ce-6d81fe452714@group-A4396CF7EF32-SegmentedRaftLogWorker: Starting segment from index:0
2022-07-12 20:44:19,800 [f703b3fd-e363-452b-a1ce-6d81fe452714@group-A4396CF7EF32-SegmentedRaftLogWorker] INFO  segmented.SegmentedRaftLogWorker (SegmentedRaftLogWorker.java:execute(629)) - f703b3fd-e363-452b-a1ce-6d81fe452714@group-A4396CF7EF32-SegmentedRaftLogWorker: created new log segment /home/runner/work/ozone/ozone/hadoop-ozone/integration-test/target/test-dir/MiniOzoneClusterImpl-3695f4f1-b95b-4fb5-aefd-831056816bde/datanode-1/data/ratis/d604de4b-c9f0-40aa-bde0-a4396cf7ef32/current/log_inprogress_0
2022-07-12 20:44:19,807 [f703b3fd-e363-452b-a1ce-6d81fe452714@group-A4396CF7EF32-LeaderElection19] INFO  server.RaftServer$Division (ServerState.java:setRaftConf(393)) - f703b3fd-e363-452b-a1ce-6d81fe452714@group-A4396CF7EF32: set configuration 0: [f703b3fd-e363-452b-a1ce-6d81fe452714|rpc:10.1.0.33:40627|dataStream:|priority:1], old=null
2022-07-12 20:44:20,258 [Listener at 127.0.0.1/43871] INFO  ozone.MiniOzoneClusterImpl (MiniOzoneClusterImpl.java:lambda$waitForClusterToBeReady$0(223)) - Nodes are ready. Got 3 of 3 DN Heartbeats.
2022-07-12 20:44:20,258 [Listener at 127.0.0.1/43871] INFO  ozone.MiniOzoneClusterImpl (MiniOzoneClusterImpl.java:lambda$waitForClusterToBeReady$0(226)) - Waiting for cluster to exit safe mode
2022-07-12 20:44:20,258 [Listener at 127.0.0.1/43871] INFO  ozone.MiniOzoneClusterImpl (MiniOzoneClusterImpl.java:lambda$waitForClusterToBeReady$0(228)) - SCM became leader
2022-07-12 20:44:20,423 [89964798-5625-4a4f-a306-699ecc29e47f@group-FEA38D7B7142-FollowerState] INFO  impl.FollowerState (FollowerState.java:run(143)) - 89964798-5625-4a4f-a306-699ecc29e47f@group-FEA38D7B7142-FollowerState: change to CANDIDATE, lastRpcElapsedTime:5067397233ns, electionTimeout:5052ms
2022-07-12 20:44:20,424 [89964798-5625-4a4f-a306-699ecc29e47f@group-FEA38D7B7142-FollowerState] INFO  impl.RoleInfo (RoleInfo.java:shutdownFollowerState(110)) - 89964798-5625-4a4f-a306-699ecc29e47f: shutdown 89964798-5625-4a4f-a306-699ecc29e47f@group-FEA38D7B7142-FollowerState
2022-07-12 20:44:20,424 [89964798-5625-4a4f-a306-699ecc29e47f@group-FEA38D7B7142-FollowerState] INFO  server.RaftServer$Division (RaftServerImpl.java:setRole(299)) - 89964798-5625-4a4f-a306-699ecc29e47f@group-FEA38D7B7142: changes role from  FOLLOWER to CANDIDATE at term 0 for changeToCandidate
2022-07-12 20:44:20,424 [89964798-5625-4a4f-a306-699ecc29e47f@group-FEA38D7B7142-FollowerState] INFO  server.RaftServerConfigKeys (ConfUtils.java:logGet(46)) - raft.server.leaderelection.pre-vote = false (custom)
2022-07-12 20:44:20,424 [89964798-5625-4a4f-a306-699ecc29e47f@group-FEA38D7B7142-FollowerState] INFO  impl.RoleInfo (RoleInfo.java:updateAndGet(139)) - 89964798-5625-4a4f-a306-699ecc29e47f: start 89964798-5625-4a4f-a306-699ecc29e47f@group-FEA38D7B7142-LeaderElection20
2022-07-12 20:44:20,447 [89964798-5625-4a4f-a306-699ecc29e47f@group-FEA38D7B7142-LeaderElection20] INFO  impl.LeaderElection (LeaderElection.java:askForVotes(310)) - 89964798-5625-4a4f-a306-699ecc29e47f@group-FEA38D7B7142-LeaderElection20 ELECTION round 0: submit vote requests at term 1 for -1: [89964798-5625-4a4f-a306-699ecc29e47f|rpc:10.1.0.33:38191|priority:1], old=null
2022-07-12 20:44:20,447 [89964798-5625-4a4f-a306-699ecc29e47f@group-FEA38D7B7142-LeaderElection20] INFO  impl.LeaderElection (LeaderElection.java:askForVotes(312)) - 89964798-5625-4a4f-a306-699ecc29e47f@group-FEA38D7B7142-LeaderElection20 ELECTION round 0: result PASSED (term=1)
2022-07-12 20:44:20,447 [89964798-5625-4a4f-a306-699ecc29e47f@group-FEA38D7B7142-LeaderElection20] INFO  impl.RoleInfo (RoleInfo.java:shutdownLeaderElection(130)) - 89964798-5625-4a4f-a306-699ecc29e47f: shutdown 89964798-5625-4a4f-a306-699ecc29e47f@group-FEA38D7B7142-LeaderElection20
2022-07-12 20:44:20,447 [89964798-5625-4a4f-a306-699ecc29e47f@group-FEA38D7B7142-LeaderElection20] INFO  server.RaftServer$Division (RaftServerImpl.java:setRole(299)) - 89964798-5625-4a4f-a306-699ecc29e47f@group-FEA38D7B7142: changes role from CANDIDATE to LEADER at term 1 for changeToLeader
2022-07-12 20:44:20,447 [89964798-5625-4a4f-a306-699ecc29e47f@group-FEA38D7B7142-LeaderElection20] INFO  ratis.XceiverServerRatis (XceiverServerRatis.java:handleLeaderChangedNotification(863)) - Leader change notification received for group: group-FEA38D7B7142 with new leaderId: 89964798-5625-4a4f-a306-699ecc29e47f
2022-07-12 20:44:20,448 [89964798-5625-4a4f-a306-699ecc29e47f@group-FEA38D7B7142-LeaderElection20] INFO  server.RaftServer$Division (ServerState.java:setLeader(287)) - 89964798-5625-4a4f-a306-699ecc29e47f@group-FEA38D7B7142: change Leader from null to 89964798-5625-4a4f-a306-699ecc29e47f at term 1 for becomeLeader, leader elected after 5102ms
2022-07-12 20:44:20,448 [89964798-5625-4a4f-a306-699ecc29e47f@group-FEA38D7B7142-LeaderElection20] INFO  server.RaftServerConfigKeys (ConfUtils.java:logGet(46)) - raft.server.staging.catchup.gap = 1000 (default)
2022-07-12 20:44:20,448 [89964798-5625-4a4f-a306-699ecc29e47f@group-FEA38D7B7142-LeaderElection20] INFO  server.RaftServerConfigKeys (ConfUtils.java:logGet(46)) - raft.server.write.element-limit = 1024 (custom)
2022-07-12 20:44:20,448 [89964798-5625-4a4f-a306-699ecc29e47f@group-FEA38D7B7142-LeaderElection20] INFO  server.RaftServerConfigKeys (ConfUtils.java:logGet(46)) - raft.server.write.byte-limit = 1024 M (=1073741824) (custom)
2022-07-12 20:44:20,448 [89964798-5625-4a4f-a306-699ecc29e47f@group-FEA38D7B7142-LeaderElection20] INFO  server.RaftServerConfigKeys (ConfUtils.java:logGet(46)) - raft.server.watch.timeout = 180s (custom)
2022-07-12 20:44:20,448 [89964798-5625-4a4f-a306-699ecc29e47f@group-FEA38D7B7142-LeaderElection20] INFO  server.RaftServerConfigKeys (ConfUtils.java:logGet(46)) - raft.server.watch.timeout.denomination = 1s (default)
2022-07-12 20:44:20,448 [89964798-5625-4a4f-a306-699ecc29e47f@group-FEA38D7B7142-LeaderElection20] INFO  server.RaftServerConfigKeys (ConfUtils.java:logGet(46)) - raft.server.watch.element-limit = 65536 (default)
2022-07-12 20:44:20,448 [89964798-5625-4a4f-a306-699ecc29e47f@group-FEA38D7B7142-LeaderElection20] INFO  server.RaftServerConfigKeys (ConfUtils.java:logGet(46)) - raft.server.write.element-limit = 1024 (custom)
2022-07-12 20:44:20,448 [89964798-5625-4a4f-a306-699ecc29e47f@group-FEA38D7B7142-LeaderElection20] INFO  server.RaftServerConfigKeys (ConfUtils.java:logGet(46)) - raft.server.write.follower.gap.ratio.max = -1.0 (default)
2022-07-12 20:44:20,449 [89964798-5625-4a4f-a306-699ecc29e47f@group-FEA38D7B7142-LeaderElection20] INFO  impl.RoleInfo (RoleInfo.java:updateAndGet(139)) - 89964798-5625-4a4f-a306-699ecc29e47f: start 89964798-5625-4a4f-a306-699ecc29e47f@group-FEA38D7B7142-LeaderStateImpl
2022-07-12 20:44:20,449 [89964798-5625-4a4f-a306-699ecc29e47f@group-FEA38D7B7142-LeaderElection20] INFO  segmented.SegmentedRaftLogWorker (SegmentedRaftLogWorker.java:startLogSegment(425)) - 89964798-5625-4a4f-a306-699ecc29e47f@group-FEA38D7B7142-SegmentedRaftLogWorker: Starting segment from index:0
2022-07-12 20:44:20,451 [EventQueue-OpenPipelineForHealthyPipelineSafeModeRule] INFO  safemode.SCMSafeModeManager (HealthyPipelineSafeModeRule.java:process(124)) - SCM in safe mode. Healthy pipelines reported count is 0, required healthy pipeline reported count is 1
2022-07-12 20:44:20,454 [89964798-5625-4a4f-a306-699ecc29e47f@group-FEA38D7B7142-SegmentedRaftLogWorker] INFO  segmented.SegmentedRaftLogWorker (SegmentedRaftLogWorker.java:execute(629)) - 89964798-5625-4a4f-a306-699ecc29e47f@group-FEA38D7B7142-SegmentedRaftLogWorker: created new log segment /home/runner/work/ozone/ozone/hadoop-ozone/integration-test/target/test-dir/MiniOzoneClusterImpl-3695f4f1-b95b-4fb5-aefd-831056816bde/datanode-2/data/ratis/46ee754f-1657-4cc8-82f4-fea38d7b7142/current/log_inprogress_0
2022-07-12 20:44:20,456 [89964798-5625-4a4f-a306-699ecc29e47f@group-FEA38D7B7142-LeaderElection20] INFO  server.RaftServer$Division (ServerState.java:setRaftConf(393)) - 89964798-5625-4a4f-a306-699ecc29e47f@group-FEA38D7B7142: set configuration 0: [89964798-5625-4a4f-a306-699ecc29e47f|rpc:10.1.0.33:38191|dataStream:|priority:1], old=null
2022-07-12 20:44:21,259 [Listener at 127.0.0.1/43871] INFO  ozone.MiniOzoneClusterImpl (MiniOzoneClusterImpl.java:lambda$waitForClusterToBeReady$0(223)) - Nodes are ready. Got 3 of 3 DN Heartbeats.
2022-07-12 20:44:21,259 [Listener at 127.0.0.1/43871] INFO  ozone.MiniOzoneClusterImpl (MiniOzoneClusterImpl.java:lambda$waitForClusterToBeReady$0(226)) - Waiting for cluster to exit safe mode
2022-07-12 20:44:21,259 [Listener at 127.0.0.1/43871] INFO  ozone.MiniOzoneClusterImpl (MiniOzoneClusterImpl.java:lambda$waitForClusterToBeReady$0(228)) - SCM became leader
2022-07-12 20:44:22,259 [Listener at 127.0.0.1/43871] INFO  ozone.MiniOzoneClusterImpl (MiniOzoneClusterImpl.java:lambda$waitForClusterToBeReady$0(223)) - Nodes are ready. Got 3 of 3 DN Heartbeats.
2022-07-12 20:44:22,259 [Listener at 127.0.0.1/43871] INFO  ozone.MiniOzoneClusterImpl (MiniOzoneClusterImpl.java:lambda$waitForClusterToBeReady$0(226)) - Waiting for cluster to exit safe mode
2022-07-12 20:44:22,259 [Listener at 127.0.0.1/43871] INFO  ozone.MiniOzoneClusterImpl (MiniOzoneClusterImpl.java:lambda$waitForClusterToBeReady$0(228)) - SCM became leader
2022-07-12 20:44:23,260 [Listener at 127.0.0.1/43871] INFO  ozone.MiniOzoneClusterImpl (MiniOzoneClusterImpl.java:lambda$waitForClusterToBeReady$0(223)) - Nodes are ready. Got 3 of 3 DN Heartbeats.
2022-07-12 20:44:23,260 [Listener at 127.0.0.1/43871] INFO  ozone.MiniOzoneClusterImpl (MiniOzoneClusterImpl.java:lambda$waitForClusterToBeReady$0(226)) - Waiting for cluster to exit safe mode
2022-07-12 20:44:23,260 [Listener at 127.0.0.1/43871] INFO  ozone.MiniOzoneClusterImpl (MiniOzoneClusterImpl.java:lambda$waitForClusterToBeReady$0(228)) - SCM became leader
2022-07-12 20:44:24,260 [Listener at 127.0.0.1/43871] INFO  ozone.MiniOzoneClusterImpl (MiniOzoneClusterImpl.java:lambda$waitForClusterToBeReady$0(223)) - Nodes are ready. Got 3 of 3 DN Heartbeats.
2022-07-12 20:44:24,261 [Listener at 127.0.0.1/43871] INFO  ozone.MiniOzoneClusterImpl (MiniOzoneClusterImpl.java:lambda$waitForClusterToBeReady$0(226)) - Waiting for cluster to exit safe mode
2022-07-12 20:44:24,261 [Listener at 127.0.0.1/43871] INFO  ozone.MiniOzoneClusterImpl (MiniOzoneClusterImpl.java:lambda$waitForClusterToBeReady$0(228)) - SCM became leader
2022-07-12 20:44:24,534 [f703b3fd-e363-452b-a1ce-6d81fe452714@group-5C2E5214EB86-FollowerState] INFO  impl.FollowerState (FollowerState.java:run(143)) - f703b3fd-e363-452b-a1ce-6d81fe452714@group-5C2E5214EB86-FollowerState: change to CANDIDATE, lastRpcElapsedTime:5086879933ns, electionTimeout:5059ms
2022-07-12 20:44:24,534 [f703b3fd-e363-452b-a1ce-6d81fe452714@group-5C2E5214EB86-FollowerState] INFO  impl.RoleInfo (RoleInfo.java:shutdownFollowerState(110)) - f703b3fd-e363-452b-a1ce-6d81fe452714: shutdown f703b3fd-e363-452b-a1ce-6d81fe452714@group-5C2E5214EB86-FollowerState
2022-07-12 20:44:24,534 [f703b3fd-e363-452b-a1ce-6d81fe452714@group-5C2E5214EB86-FollowerState] INFO  server.RaftServer$Division (RaftServerImpl.java:setRole(299)) - f703b3fd-e363-452b-a1ce-6d81fe452714@group-5C2E5214EB86: changes role from  FOLLOWER to CANDIDATE at term 1 for changeToCandidate
2022-07-12 20:44:24,534 [f703b3fd-e363-452b-a1ce-6d81fe452714@group-5C2E5214EB86-FollowerState] INFO  server.RaftServerConfigKeys (ConfUtils.java:logGet(46)) - raft.server.leaderelection.pre-vote = false (custom)
2022-07-12 20:44:24,534 [f703b3fd-e363-452b-a1ce-6d81fe452714@group-5C2E5214EB86-FollowerState] INFO  impl.RoleInfo (RoleInfo.java:updateAndGet(139)) - f703b3fd-e363-452b-a1ce-6d81fe452714: start f703b3fd-e363-452b-a1ce-6d81fe452714@group-5C2E5214EB86-LeaderElection21
2022-07-12 20:44:24,554 [f703b3fd-e363-452b-a1ce-6d81fe452714@group-5C2E5214EB86-LeaderElection21] INFO  impl.LeaderElection (LeaderElection.java:askForVotes(310)) - f703b3fd-e363-452b-a1ce-6d81fe452714@group-5C2E5214EB86-LeaderElection21 ELECTION round 0: submit vote requests at term 2 for -1: [f703b3fd-e363-452b-a1ce-6d81fe452714|rpc:10.1.0.33:40627|dataStream:|priority:1, 89964798-5625-4a4f-a306-699ecc29e47f|rpc:10.1.0.33:38191|dataStream:|priority:0, 48a25e45-563c-42d6-b13a-b9125caf58d3|rpc:10.1.0.33:42457|dataStream:|priority:0], old=null
2022-07-12 20:44:24,567 [48a25e45-563c-42d6-b13a-b9125caf58d3@group-5C2E5214EB86-FollowerState] INFO  impl.FollowerState (FollowerState.java:run(143)) - 48a25e45-563c-42d6-b13a-b9125caf58d3@group-5C2E5214EB86-FollowerState: change to CANDIDATE, lastRpcElapsedTime:5200062294ns, electionTimeout:5195ms
2022-07-12 20:44:24,567 [48a25e45-563c-42d6-b13a-b9125caf58d3@group-5C2E5214EB86-FollowerState] INFO  impl.RoleInfo (RoleInfo.java:shutdownFollowerState(110)) - 48a25e45-563c-42d6-b13a-b9125caf58d3: shutdown 48a25e45-563c-42d6-b13a-b9125caf58d3@group-5C2E5214EB86-FollowerState
2022-07-12 20:44:24,567 [48a25e45-563c-42d6-b13a-b9125caf58d3@group-5C2E5214EB86-FollowerState] INFO  server.RaftServer$Division (RaftServerImpl.java:setRole(299)) - 48a25e45-563c-42d6-b13a-b9125caf58d3@group-5C2E5214EB86: changes role from  FOLLOWER to CANDIDATE at term 1 for changeToCandidate
2022-07-12 20:44:24,571 [48a25e45-563c-42d6-b13a-b9125caf58d3@group-5C2E5214EB86-FollowerState] INFO  server.RaftServerConfigKeys (ConfUtils.java:logGet(46)) - raft.server.leaderelection.pre-vote = false (custom)
2022-07-12 20:44:24,571 [48a25e45-563c-42d6-b13a-b9125caf58d3@group-5C2E5214EB86-FollowerState] INFO  impl.RoleInfo (RoleInfo.java:updateAndGet(139)) - 48a25e45-563c-42d6-b13a-b9125caf58d3: start 48a25e45-563c-42d6-b13a-b9125caf58d3@group-5C2E5214EB86-LeaderElection22
2022-07-12 20:44:24,575 [grpc-default-executor-2] INFO  server.RaftServer$Division (RaftServerImpl.java:requestVote(1152)) - 89964798-5625-4a4f-a306-699ecc29e47f@group-5C2E5214EB86: receive requestVote(ELECTION, f703b3fd-e363-452b-a1ce-6d81fe452714, group-5C2E5214EB86, 2, (t:0, i:0))
2022-07-12 20:44:24,576 [grpc-default-executor-2] INFO  impl.VoteContext (VoteContext.java:log(48)) - 89964798-5625-4a4f-a306-699ecc29e47f@group-5C2E5214EB86-FOLLOWER: accept ELECTION from f703b3fd-e363-452b-a1ce-6d81fe452714: our priority 0 <= candidate's priority 1
2022-07-12 20:44:24,579 [grpc-default-executor-2] INFO  server.RaftServer$Division (RaftServerImpl.java:setRole(299)) - 89964798-5625-4a4f-a306-699ecc29e47f@group-5C2E5214EB86: changes role from  FOLLOWER to FOLLOWER at term 2 for candidate:f703b3fd-e363-452b-a1ce-6d81fe452714
2022-07-12 20:44:24,579 [grpc-default-executor-2] INFO  impl.RoleInfo (RoleInfo.java:shutdownFollowerState(110)) - 89964798-5625-4a4f-a306-699ecc29e47f: shutdown 89964798-5625-4a4f-a306-699ecc29e47f@group-5C2E5214EB86-FollowerState
2022-07-12 20:44:24,579 [grpc-default-executor-2] INFO  impl.RoleInfo (RoleInfo.java:updateAndGet(139)) - 89964798-5625-4a4f-a306-699ecc29e47f: start 89964798-5625-4a4f-a306-699ecc29e47f@group-5C2E5214EB86-FollowerState
2022-07-12 20:44:24,579 [grpc-default-executor-1] INFO  server.RaftServer$Division (RaftServerImpl.java:requestVote(1152)) - 48a25e45-563c-42d6-b13a-b9125caf58d3@group-5C2E5214EB86: receive requestVote(ELECTION, f703b3fd-e363-452b-a1ce-6d81fe452714, group-5C2E5214EB86, 2, (t:0, i:0))
2022-07-12 20:44:24,580 [89964798-5625-4a4f-a306-699ecc29e47f@group-5C2E5214EB86-FollowerState] INFO  impl.FollowerState (FollowerState.java:run(152)) - 89964798-5625-4a4f-a306-699ecc29e47f@group-5C2E5214EB86-FollowerState was interrupted
2022-07-12 20:44:24,593 [48a25e45-563c-42d6-b13a-b9125caf58d3@group-5C2E5214EB86-LeaderElection22] INFO  impl.LeaderElection (LeaderElection.java:askForVotes(310)) - 48a25e45-563c-42d6-b13a-b9125caf58d3@group-5C2E5214EB86-LeaderElection22 ELECTION round 0: submit vote requests at term 2 for -1: [f703b3fd-e363-452b-a1ce-6d81fe452714|rpc:10.1.0.33:40627|priority:1, 89964798-5625-4a4f-a306-699ecc29e47f|rpc:10.1.0.33:38191|priority:0, 48a25e45-563c-42d6-b13a-b9125caf58d3|rpc:10.1.0.33:42457|priority:0], old=null
2022-07-12 20:44:24,593 [grpc-default-executor-2] INFO  server.RaftServer$Division (RaftServerImpl.java:requestVote(1184)) - 89964798-5625-4a4f-a306-699ecc29e47f@group-5C2E5214EB86 replies to ELECTION vote request: f703b3fd-e363-452b-a1ce-6d81fe452714<-89964798-5625-4a4f-a306-699ecc29e47f#0:OK-t2. Peer's state: 89964798-5625-4a4f-a306-699ecc29e47f@group-5C2E5214EB86:t2, leader=null, voted=f703b3fd-e363-452b-a1ce-6d81fe452714, raftlog=89964798-5625-4a4f-a306-699ecc29e47f@group-5C2E5214EB86-SegmentedRaftLog:OPENED:c-1, conf=-1: [f703b3fd-e363-452b-a1ce-6d81fe452714|rpc:10.1.0.33:40627|dataStream:|priority:1, 89964798-5625-4a4f-a306-699ecc29e47f|rpc:10.1.0.33:38191|dataStream:|priority:0, 48a25e45-563c-42d6-b13a-b9125caf58d3|rpc:10.1.0.33:42457|dataStream:|priority:0], old=null
2022-07-12 20:44:24,593 [grpc-default-executor-1] INFO  impl.VoteContext (VoteContext.java:log(48)) - 48a25e45-563c-42d6-b13a-b9125caf58d3@group-5C2E5214EB86-CANDIDATE: reject ELECTION from f703b3fd-e363-452b-a1ce-6d81fe452714: already has voted for 48a25e45-563c-42d6-b13a-b9125caf58d3 at current term 2
2022-07-12 20:44:24,593 [grpc-default-executor-1] INFO  server.RaftServer$Division (RaftServerImpl.java:requestVote(1184)) - 48a25e45-563c-42d6-b13a-b9125caf58d3@group-5C2E5214EB86 replies to ELECTION vote request: f703b3fd-e363-452b-a1ce-6d81fe452714<-48a25e45-563c-42d6-b13a-b9125caf58d3#0:FAIL-t2. Peer's state: 48a25e45-563c-42d6-b13a-b9125caf58d3@group-5C2E5214EB86:t2, leader=null, voted=48a25e45-563c-42d6-b13a-b9125caf58d3, raftlog=48a25e45-563c-42d6-b13a-b9125caf58d3@group-5C2E5214EB86-SegmentedRaftLog:OPENED:c-1, conf=-1: [f703b3fd-e363-452b-a1ce-6d81fe452714|rpc:10.1.0.33:40627|priority:1, 89964798-5625-4a4f-a306-699ecc29e47f|rpc:10.1.0.33:38191|priority:0, 48a25e45-563c-42d6-b13a-b9125caf58d3|rpc:10.1.0.33:42457|priority:0], old=null
2022-07-12 20:44:24,617 [f703b3fd-e363-452b-a1ce-6d81fe452714@group-5C2E5214EB86-LeaderElection21] INFO  impl.LeaderElection (LeaderElection.java:logAndReturn(90)) - f703b3fd-e363-452b-a1ce-6d81fe452714@group-5C2E5214EB86-LeaderElection21: ELECTION PASSED received 1 response(s) and 0 exception(s):
2022-07-12 20:44:24,619 [f703b3fd-e363-452b-a1ce-6d81fe452714@group-5C2E5214EB86-LeaderElection21] INFO  impl.LeaderElection (LeaderElection.java:logAndReturn(94)) -   Response 0: f703b3fd-e363-452b-a1ce-6d81fe452714<-89964798-5625-4a4f-a306-699ecc29e47f#0:OK-t2
2022-07-12 20:44:24,619 [f703b3fd-e363-452b-a1ce-6d81fe452714@group-5C2E5214EB86-LeaderElection21] INFO  impl.LeaderElection (LeaderElection.java:askForVotes(312)) - f703b3fd-e363-452b-a1ce-6d81fe452714@group-5C2E5214EB86-LeaderElection21 ELECTION round 0: result PASSED
2022-07-12 20:44:24,619 [f703b3fd-e363-452b-a1ce-6d81fe452714@group-5C2E5214EB86-LeaderElection21] INFO  impl.RoleInfo (RoleInfo.java:shutdownLeaderElection(130)) - f703b3fd-e363-452b-a1ce-6d81fe452714: shutdown f703b3fd-e363-452b-a1ce-6d81fe452714@group-5C2E5214EB86-LeaderElection21
2022-07-12 20:44:24,626 [89964798-5625-4a4f-a306-699ecc29e47f@group-E4DDA8C5C713-FollowerState] INFO  impl.FollowerState (FollowerState.java:run(143)) - 89964798-5625-4a4f-a306-699ecc29e47f@group-E4DDA8C5C713-FollowerState: change to CANDIDATE, lastRpcElapsedTime:5056328036ns, electionTimeout:5051ms
2022-07-12 20:44:24,626 [89964798-5625-4a4f-a306-699ecc29e47f@group-E4DDA8C5C713-FollowerState] INFO  impl.RoleInfo (RoleInfo.java:shutdownFollowerState(110)) - 89964798-5625-4a4f-a306-699ecc29e47f: shutdown 89964798-5625-4a4f-a306-699ecc29e47f@group-E4DDA8C5C713-FollowerState
2022-07-12 20:44:24,626 [89964798-5625-4a4f-a306-699ecc29e47f@group-E4DDA8C5C713-FollowerState] INFO  server.RaftServer$Division (RaftServerImpl.java:setRole(299)) - 89964798-5625-4a4f-a306-699ecc29e47f@group-E4DDA8C5C713: changes role from  FOLLOWER to CANDIDATE at term 1 for changeToCandidate
2022-07-12 20:44:24,626 [89964798-5625-4a4f-a306-699ecc29e47f@group-E4DDA8C5C713-FollowerState] INFO  server.RaftServerConfigKeys (ConfUtils.java:logGet(46)) - raft.server.leaderelection.pre-vote = false (custom)
2022-07-12 20:44:24,626 [89964798-5625-4a4f-a306-699ecc29e47f@group-E4DDA8C5C713-FollowerState] INFO  impl.RoleInfo (RoleInfo.java:updateAndGet(139)) - 89964798-5625-4a4f-a306-699ecc29e47f: start 89964798-5625-4a4f-a306-699ecc29e47f@group-E4DDA8C5C713-LeaderElection23
2022-07-12 20:44:24,627 [f703b3fd-e363-452b-a1ce-6d81fe452714@group-5C2E5214EB86-LeaderElection21] INFO  server.RaftServer$Division (RaftServerImpl.java:setRole(299)) - f703b3fd-e363-452b-a1ce-6d81fe452714@group-5C2E5214EB86: changes role from CANDIDATE to LEADER at term 2 for changeToLeader
2022-07-12 20:44:24,627 [f703b3fd-e363-452b-a1ce-6d81fe452714@group-5C2E5214EB86-LeaderElection21] INFO  ratis.XceiverServerRatis (XceiverServerRatis.java:handleLeaderChangedNotification(863)) - Leader change notification received for group: group-5C2E5214EB86 with new leaderId: f703b3fd-e363-452b-a1ce-6d81fe452714
2022-07-12 20:44:24,627 [grpc-default-executor-2] INFO  server.RaftServer$Division (RaftServerImpl.java:requestVote(1152)) - f703b3fd-e363-452b-a1ce-6d81fe452714@group-5C2E5214EB86: receive requestVote(ELECTION, 48a25e45-563c-42d6-b13a-b9125caf58d3, group-5C2E5214EB86, 2, (t:0, i:0))
2022-07-12 20:44:24,631 [f703b3fd-e363-452b-a1ce-6d81fe452714@group-5C2E5214EB86-LeaderElection21] INFO  server.RaftServer$Division (ServerState.java:setLeader(287)) - f703b3fd-e363-452b-a1ce-6d81fe452714@group-5C2E5214EB86: change Leader from null to f703b3fd-e363-452b-a1ce-6d81fe452714 at term 2 for becomeLeader, leader elected after 10438ms
2022-07-12 20:44:24,631 [f703b3fd-e363-452b-a1ce-6d81fe452714@group-5C2E5214EB86-LeaderElection21] INFO  server.RaftServerConfigKeys (ConfUtils.java:logGet(46)) - raft.server.staging.catchup.gap = 1000 (default)
2022-07-12 20:44:24,631 [f703b3fd-e363-452b-a1ce-6d81fe452714@group-5C2E5214EB86-LeaderElection21] INFO  server.RaftServerConfigKeys (ConfUtils.java:logGet(46)) - raft.server.write.element-limit = 1024 (custom)
2022-07-12 20:44:24,631 [f703b3fd-e363-452b-a1ce-6d81fe452714@group-5C2E5214EB86-LeaderElection21] INFO  server.RaftServerConfigKeys (ConfUtils.java:logGet(46)) - raft.server.write.byte-limit = 1024 M (=1073741824) (custom)
2022-07-12 20:44:24,631 [f703b3fd-e363-452b-a1ce-6d81fe452714@group-5C2E5214EB86-LeaderElection21] INFO  server.RaftServerConfigKeys (ConfUtils.java:logGet(46)) - raft.server.watch.timeout = 180s (custom)
2022-07-12 20:44:24,631 [f703b3fd-e363-452b-a1ce-6d81fe452714@group-5C2E5214EB86-LeaderElection21] INFO  server.RaftServerConfigKeys (ConfUtils.java:logGet(46)) - raft.server.watch.timeout.denomination = 1s (default)
2022-07-12 20:44:24,634 [f703b3fd-e363-452b-a1ce-6d81fe452714@group-5C2E5214EB86-LeaderElection21] INFO  server.RaftServerConfigKeys (ConfUtils.java:logGet(46)) - raft.server.watch.element-limit = 65536 (default)
2022-07-12 20:44:24,635 [f703b3fd-e363-452b-a1ce-6d81fe452714@group-5C2E5214EB86-LeaderElection21] INFO  server.RaftServerConfigKeys (ConfUtils.java:logGet(46)) - raft.server.write.element-limit = 1024 (custom)
2022-07-12 20:44:24,635 [f703b3fd-e363-452b-a1ce-6d81fe452714@group-5C2E5214EB86-LeaderElection21] INFO  server.RaftServerConfigKeys (ConfUtils.java:logGet(46)) - raft.server.write.follower.gap.ratio.max = -1.0 (default)
2022-07-12 20:44:24,634 [EventQueue-PipelineReportForPipelineReportHandler] INFO  pipeline.PipelineManagerImpl (PipelineManagerImpl.java:openPipeline(359)) - Pipeline Pipeline[ Id: 7e2c4d0f-4cb5-4b49-ab98-5c2e5214eb86, Nodes: 48a25e45-563c-42d6-b13a-b9125caf58d3{ip: 10.1.0.33, host: fv-az29-983.0gf2enmb5avurc1gjtxldx4mnh.bx.internal.cloudapp.net, ports: [REPLICATION=33289, RATIS=42457, RATIS_ADMIN=42457, RATIS_SERVER=42457, STANDALONE=39995], networkLocation: /default-rack, certSerialId: null, persistedOpState: IN_SERVICE, persistedOpStateExpiryEpochSec: 0}f703b3fd-e363-452b-a1ce-6d81fe452714{ip: 10.1.0.33, host: fv-az29-983.0gf2enmb5avurc1gjtxldx4mnh.bx.internal.cloudapp.net, ports: [REPLICATION=42467, RATIS=40627, RATIS_ADMIN=40627, RATIS_SERVER=40627, STANDALONE=32799], networkLocation: /default-rack, certSerialId: null, persistedOpState: IN_SERVICE, persistedOpStateExpiryEpochSec: 0}89964798-5625-4a4f-a306-699ecc29e47f{ip: 10.1.0.33, host: fv-az29-983.0gf2enmb5avurc1gjtxldx4mnh.bx.internal.cloudapp.net, ports: [REPLICATION=43393, RATIS=38191, RATIS_ADMIN=38191, RATIS_SERVER=38191, STANDALONE=33119], networkLocation: /default-rack, certSerialId: null, persistedOpState: IN_SERVICE, persistedOpStateExpiryEpochSec: 0}, ReplicationConfig: RATIS/THREE, State:ALLOCATED, leaderId:f703b3fd-e363-452b-a1ce-6d81fe452714, CreationTimestamp2022-07-12T20:44:12.333Z[Etc/UTC]] moved to OPEN state
2022-07-12 20:44:24,635 [f703b3fd-e363-452b-a1ce-6d81fe452714@group-5C2E5214EB86-LeaderElection21] INFO  server.RaftServerConfigKeys (ConfUtils.java:logGet(46)) - raft.server.log.appender.snapshot.chunk.size.max = 16MB (=16777216) (default)
2022-07-12 20:44:24,635 [f703b3fd-e363-452b-a1ce-6d81fe452714@group-5C2E5214EB86-LeaderElection21] INFO  server.RaftServerConfigKeys (ConfUtils.java:logGet(46)) - raft.server.log.appender.buffer.byte-limit = 33554432 (custom)
2022-07-12 20:44:24,635 [f703b3fd-e363-452b-a1ce-6d81fe452714@group-5C2E5214EB86-LeaderElection21] INFO  server.RaftServerConfigKeys (ConfUtils.java:logGet(46)) - raft.server.log.appender.buffer.element-limit = 1 (custom)
2022-07-12 20:44:24,635 [f703b3fd-e363-452b-a1ce-6d81fe452714@group-5C2E5214EB86-LeaderElection21] INFO  grpc.GrpcConfigKeys (ConfUtils.java:logGet(46)) - raft.grpc.server.leader.outstanding.appends.max = 128 (default)
2022-07-12 20:44:24,635 [f703b3fd-e363-452b-a1ce-6d81fe452714@group-5C2E5214EB86-LeaderElection21] INFO  server.RaftServerConfigKeys (ConfUtils.java:logGet(46)) - raft.server.rpc.request.timeout = 60s (custom)
2022-07-12 20:44:24,635 [f703b3fd-e363-452b-a1ce-6d81fe452714@group-5C2E5214EB86-LeaderElection21] INFO  server.RaftServerConfigKeys (ConfUtils.java:logGet(46)) - raft.server.log.appender.install.snapshot.enabled = false (custom)
2022-07-12 20:44:24,634 [EventQueue-OpenPipelineForHealthyPipelineSafeModeRule] INFO  safemode.SCMSafeModeManager (HealthyPipelineSafeModeRule.java:process(124)) - SCM in safe mode. Healthy pipelines reported count is 0, required healthy pipeline reported count is 1
2022-07-12 20:44:24,636 [f703b3fd-e363-452b-a1ce-6d81fe452714@group-E4DDA8C5C713-FollowerState] INFO  impl.FollowerState (FollowerState.java:run(143)) - f703b3fd-e363-452b-a1ce-6d81fe452714@group-E4DDA8C5C713-FollowerState: change to CANDIDATE, lastRpcElapsedTime:5098591831ns, electionTimeout:5066ms
2022-07-12 20:44:24,636 [f703b3fd-e363-452b-a1ce-6d81fe452714@group-E4DDA8C5C713-FollowerState] INFO  impl.RoleInfo (RoleInfo.java:shutdownFollowerState(110)) - f703b3fd-e363-452b-a1ce-6d81fe452714: shutdown f703b3fd-e363-452b-a1ce-6d81fe452714@group-E4DDA8C5C713-FollowerState
2022-07-12 20:44:24,636 [f703b3fd-e363-452b-a1ce-6d81fe452714@group-E4DDA8C5C713-FollowerState] INFO  server.RaftServer$Division (RaftServerImpl.java:setRole(299)) - f703b3fd-e363-452b-a1ce-6d81fe452714@group-E4DDA8C5C713: changes role from  FOLLOWER to CANDIDATE at term 1 for changeToCandidate
2022-07-12 20:44:24,636 [f703b3fd-e363-452b-a1ce-6d81fe452714@group-E4DDA8C5C713-FollowerState] INFO  server.RaftServerConfigKeys (ConfUtils.java:logGet(46)) - raft.server.leaderelection.pre-vote = false (custom)
2022-07-12 20:44:24,636 [f703b3fd-e363-452b-a1ce-6d81fe452714@group-E4DDA8C5C713-FollowerState] INFO  impl.RoleInfo (RoleInfo.java:updateAndGet(139)) - f703b3fd-e363-452b-a1ce-6d81fe452714: start f703b3fd-e363-452b-a1ce-6d81fe452714@group-E4DDA8C5C713-LeaderElection24
2022-07-12 20:44:24,640 [f703b3fd-e363-452b-a1ce-6d81fe452714@group-5C2E5214EB86-LeaderElection21] INFO  server.RaftServerConfigKeys (ConfUtils.java:logGet(46)) - raft.server.log.appender.snapshot.chunk.size.max = 16MB (=16777216) (default)
2022-07-12 20:44:24,640 [f703b3fd-e363-452b-a1ce-6d81fe452714@group-5C2E5214EB86-LeaderElection21] INFO  server.RaftServerConfigKeys (ConfUtils.java:logGet(46)) - raft.server.log.appender.buffer.byte-limit = 33554432 (custom)
2022-07-12 20:44:24,640 [f703b3fd-e363-452b-a1ce-6d81fe452714@group-5C2E5214EB86-LeaderElection21] INFO  server.RaftServerConfigKeys (ConfUtils.java:logGet(46)) - raft.server.log.appender.buffer.element-limit = 1 (custom)
2022-07-12 20:44:24,647 [grpc-default-executor-1] INFO  server.RaftServer$Division (RaftServerImpl.java:requestVote(1152)) - 89964798-5625-4a4f-a306-699ecc29e47f@group-5C2E5214EB86: receive requestVote(ELECTION, 48a25e45-563c-42d6-b13a-b9125caf58d3, group-5C2E5214EB86, 2, (t:0, i:0))
2022-07-12 20:44:24,647 [grpc-default-executor-1] INFO  impl.VoteContext (VoteContext.java:log(48)) - 89964798-5625-4a4f-a306-699ecc29e47f@group-5C2E5214EB86-FOLLOWER: reject ELECTION from 48a25e45-563c-42d6-b13a-b9125caf58d3: already has voted for f703b3fd-e363-452b-a1ce-6d81fe452714 at current term 2
2022-07-12 20:44:24,647 [grpc-default-executor-1] INFO  server.RaftServer$Division (RaftServerImpl.java:requestVote(1184)) - 89964798-5625-4a4f-a306-699ecc29e47f@group-5C2E5214EB86 replies to ELECTION vote request: 48a25e45-563c-42d6-b13a-b9125caf58d3<-89964798-5625-4a4f-a306-699ecc29e47f#0:FAIL-t2. Peer's state: 89964798-5625-4a4f-a306-699ecc29e47f@group-5C2E5214EB86:t2, leader=null, voted=f703b3fd-e363-452b-a1ce-6d81fe452714, raftlog=89964798-5625-4a4f-a306-699ecc29e47f@group-5C2E5214EB86-SegmentedRaftLog:OPENED:c-1, conf=-1: [f703b3fd-e363-452b-a1ce-6d81fe452714|rpc:10.1.0.33:40627|dataStream:|priority:1, 89964798-5625-4a4f-a306-699ecc29e47f|rpc:10.1.0.33:38191|dataStream:|priority:0, 48a25e45-563c-42d6-b13a-b9125caf58d3|rpc:10.1.0.33:42457|dataStream:|priority:0], old=null
2022-07-12 20:44:24,649 [89964798-5625-4a4f-a306-699ecc29e47f@group-E4DDA8C5C713-LeaderElection23] INFO  impl.LeaderElection (LeaderElection.java:askForVotes(310)) - 89964798-5625-4a4f-a306-699ecc29e47f@group-E4DDA8C5C713-LeaderElection23 ELECTION round 0: submit vote requests at term 2 for -1: [f703b3fd-e363-452b-a1ce-6d81fe452714|rpc:10.1.0.33:40627|dataStream:|priority:0, 89964798-5625-4a4f-a306-699ecc29e47f|rpc:10.1.0.33:38191|dataStream:|priority:0, 48a25e45-563c-42d6-b13a-b9125caf58d3|rpc:10.1.0.33:42457|dataStream:|priority:1], old=null
2022-07-12 20:44:24,651 [EventQueue-OpenPipelineForHealthyPipelineSafeModeRule] INFO  safemode.SCMSafeModeManager (HealthyPipelineSafeModeRule.java:process(124)) - SCM in safe mode. Healthy pipelines reported count is 1, required healthy pipeline reported count is 1
2022-07-12 20:44:24,651 [EventQueue-OpenPipelineForHealthyPipelineSafeModeRule] INFO  safemode.SCMSafeModeManager (SCMSafeModeManager.java:validateSafeModeExitRules(204)) - HealthyPipelineSafeModeRule rule is successfully validated
2022-07-12 20:44:24,651 [EventQueue-OpenPipelineForHealthyPipelineSafeModeRule] INFO  safemode.SCMSafeModeManager (SCMSafeModeManager.java:validateSafeModeExitRules(219)) - ScmSafeModeManager, all rules are successfully validated
2022-07-12 20:44:24,651 [EventQueue-OpenPipelineForHealthyPipelineSafeModeRule] INFO  safemode.SCMSafeModeManager (SCMSafeModeManager.java:exitSafeMode(248)) - SCM exiting safe mode.
2022-07-12 20:44:24,651 [EventQueue-OpenPipelineForHealthyPipelineSafeModeRule] WARN  events.EventQueue (EventQueue.java:fireEvent(216)) - No event handler registered for event TypedEvent{payloadType=SafeModeStatus, name='Safe mode status'}
2022-07-12 20:44:24,651 [EventQueue-OpenPipelineForHealthyPipelineSafeModeRule] INFO  ha.SCMContext (SCMContext.java:updateSafeModeStatus(228)) - Update SafeModeStatus from SafeModeStatus{safeModeStatus=true, preCheckPassed=true} to SafeModeStatus{safeModeStatus=false, preCheckPassed=true}.
2022-07-12 20:44:24,651 [EventQueue-OpenPipelineForHealthyPipelineSafeModeRule] INFO  pipeline.BackgroundPipelineCreator (BackgroundPipelineCreator.java:notifyStatusChanged(253)) - Service BackgroundPipelineCreator transitions to RUNNING.
2022-07-12 20:44:24,651 [EventQueue-OpenPipelineForHealthyPipelineSafeModeRule] INFO  BackgroundPipelineScrubber (BackgroundSCMService.java:notifyStatusChanged(82)) - Service BackgroundPipelineScrubber transitions to RUNNING.
2022-07-12 20:44:24,651 [EventQueue-OpenPipelineForHealthyPipelineSafeModeRule] INFO  ExpiredContainerReplicaOpScrubber (BackgroundSCMService.java:notifyStatusChanged(82)) - Service ExpiredContainerReplicaOpScrubber transitions to RUNNING.
2022-07-12 20:44:24,651 [EventQueue-OpenPipelineForHealthyPipelineSafeModeRule] INFO  replication.ReplicationManager (ReplicationManager.java:notifyStatusChanged(495)) - Service ReplicationManager transitions to RUNNING.
2022-07-12 20:44:24,651 [EventQueue-OpenPipelineForHealthyPipelineSafeModeRule] WARN  balancer.ContainerBalancer (ContainerBalancer.java:shouldRun(894)) - Could not find persisted configuration for ContainerBalancer when checking if ContainerBalancer should run. ContainerBalancer should not run now.
2022-07-12 20:44:24,665 [48a25e45-563c-42d6-b13a-b9125caf58d3@group-E4DDA8C5C713-FollowerState] INFO  impl.FollowerState (FollowerState.java:run(143)) - 48a25e45-563c-42d6-b13a-b9125caf58d3@group-E4DDA8C5C713-FollowerState: change to CANDIDATE, lastRpcElapsedTime:5108567922ns, electionTimeout:5094ms
2022-07-12 20:44:24,665 [48a25e45-563c-42d6-b13a-b9125caf58d3@group-E4DDA8C5C713-FollowerState] INFO  impl.RoleInfo (RoleInfo.java:shutdownFollowerState(110)) - 48a25e45-563c-42d6-b13a-b9125caf58d3: shutdown 48a25e45-563c-42d6-b13a-b9125caf58d3@group-E4DDA8C5C713-FollowerState
2022-07-12 20:44:24,665 [48a25e45-563c-42d6-b13a-b9125caf58d3@group-E4DDA8C5C713-FollowerState] INFO  server.RaftServer$Division (RaftServerImpl.java:setRole(299)) - 48a25e45-563c-42d6-b13a-b9125caf58d3@group-E4DDA8C5C713: changes role from  FOLLOWER to CANDIDATE at term 1 for changeToCandidate
2022-07-12 20:44:24,665 [48a25e45-563c-42d6-b13a-b9125caf58d3@group-E4DDA8C5C713-FollowerState] INFO  server.RaftServerConfigKeys (ConfUtils.java:logGet(46)) - raft.server.leaderelection.pre-vote = false (custom)
2022-07-12 20:44:24,665 [48a25e45-563c-42d6-b13a-b9125caf58d3@group-E4DDA8C5C713-FollowerState] INFO  impl.RoleInfo (RoleInfo.java:updateAndGet(139)) - 48a25e45-563c-42d6-b13a-b9125caf58d3: start 48a25e45-563c-42d6-b13a-b9125caf58d3@group-E4DDA8C5C713-LeaderElection25
2022-07-12 20:44:24,667 [f703b3fd-e363-452b-a1ce-6d81fe452714@group-E4DDA8C5C713-LeaderElection24] INFO  impl.LeaderElection (LeaderElection.java:askForVotes(310)) - f703b3fd-e363-452b-a1ce-6d81fe452714@group-E4DDA8C5C713-LeaderElection24 ELECTION round 0: submit vote requests at term 2 for -1: [f703b3fd-e363-452b-a1ce-6d81fe452714|rpc:10.1.0.33:40627|dataStream:|priority:0, 89964798-5625-4a4f-a306-699ecc29e47f|rpc:10.1.0.33:38191|dataStream:|priority:0, 48a25e45-563c-42d6-b13a-b9125caf58d3|rpc:10.1.0.33:42457|dataStream:|priority:1], old=null
2022-07-12 20:44:24,671 [f703b3fd-e363-452b-a1ce-6d81fe452714@group-5C2E5214EB86-LeaderElection21] INFO  grpc.GrpcConfigKeys (ConfUtils.java:logGet(46)) - raft.grpc.server.leader.outstanding.appends.max = 128 (default)
2022-07-12 20:44:24,671 [f703b3fd-e363-452b-a1ce-6d81fe452714@group-5C2E5214EB86-LeaderElection21] INFO  server.RaftServerConfigKeys (ConfUtils.java:logGet(46)) - raft.server.rpc.request.timeout = 60s (custom)
2022-07-12 20:44:24,671 [f703b3fd-e363-452b-a1ce-6d81fe452714@group-5C2E5214EB86-LeaderElection21] INFO  server.RaftServerConfigKeys (ConfUtils.java:logGet(46)) - raft.server.log.appender.install.snapshot.enabled = false (custom)
2022-07-12 20:44:24,671 [f703b3fd-e363-452b-a1ce-6d81fe452714@group-5C2E5214EB86-LeaderElection21] INFO  impl.RoleInfo (RoleInfo.java:updateAndGet(139)) - f703b3fd-e363-452b-a1ce-6d81fe452714: start f703b3fd-e363-452b-a1ce-6d81fe452714@group-5C2E5214EB86-LeaderStateImpl
2022-07-12 20:44:24,671 [f703b3fd-e363-452b-a1ce-6d81fe452714@group-5C2E5214EB86-LeaderElection21] INFO  segmented.SegmentedRaftLogWorker (SegmentedRaftLogWorker.java:startLogSegment(425)) - f703b3fd-e363-452b-a1ce-6d81fe452714@group-5C2E5214EB86-SegmentedRaftLogWorker: Starting segment from index:0
2022-07-12 20:44:24,672 [grpc-default-executor-1] INFO  server.RaftServer$Division (RaftServerImpl.java:requestVote(1152)) - f703b3fd-e363-452b-a1ce-6d81fe452714@group-E4DDA8C5C713: receive requestVote(ELECTION, 89964798-5625-4a4f-a306-699ecc29e47f, group-E4DDA8C5C713, 2, (t:0, i:0))
2022-07-12 20:44:24,672 [grpc-default-executor-1] INFO  impl.VoteContext (VoteContext.java:log(48)) - f703b3fd-e363-452b-a1ce-6d81fe452714@group-E4DDA8C5C713-CANDIDATE: reject ELECTION from 89964798-5625-4a4f-a306-699ecc29e47f: already has voted for f703b3fd-e363-452b-a1ce-6d81fe452714 at current term 2
2022-07-12 20:44:24,672 [grpc-default-executor-1] INFO  server.RaftServer$Division (RaftServerImpl.java:requestVote(1184)) - f703b3fd-e363-452b-a1ce-6d81fe452714@group-E4DDA8C5C713 replies to ELECTION vote request: 89964798-5625-4a4f-a306-699ecc29e47f<-f703b3fd-e363-452b-a1ce-6d81fe452714#0:FAIL-t2. Peer's state: f703b3fd-e363-452b-a1ce-6d81fe452714@group-E4DDA8C5C713:t2, leader=null, voted=f703b3fd-e363-452b-a1ce-6d81fe452714, raftlog=f703b3fd-e363-452b-a1ce-6d81fe452714@group-E4DDA8C5C713-SegmentedRaftLog:OPENED:c-1, conf=-1: [f703b3fd-e363-452b-a1ce-6d81fe452714|rpc:10.1.0.33:40627|dataStream:|priority:0, 89964798-5625-4a4f-a306-699ecc29e47f|rpc:10.1.0.33:38191|dataStream:|priority:0, 48a25e45-563c-42d6-b13a-b9125caf58d3|rpc:10.1.0.33:42457|dataStream:|priority:1], old=null
2022-07-12 20:44:24,677 [f703b3fd-e363-452b-a1ce-6d81fe452714@group-5C2E5214EB86-SegmentedRaftLogWorker] INFO  segmented.SegmentedRaftLogWorker (SegmentedRaftLogWorker.java:execute(629)) - f703b3fd-e363-452b-a1ce-6d81fe452714@group-5C2E5214EB86-SegmentedRaftLogWorker: created new log segment /home/runner/work/ozone/ozone/hadoop-ozone/integration-test/target/test-dir/MiniOzoneClusterImpl-3695f4f1-b95b-4fb5-aefd-831056816bde/datanode-1/data/ratis/7e2c4d0f-4cb5-4b49-ab98-5c2e5214eb86/current/log_inprogress_0
2022-07-12 20:44:24,685 [48a25e45-563c-42d6-b13a-b9125caf58d3@group-E4DDA8C5C713-LeaderElection25] INFO  impl.LeaderElection (LeaderElection.java:askForVotes(310)) - 48a25e45-563c-42d6-b13a-b9125caf58d3@group-E4DDA8C5C713-LeaderElection25 ELECTION round 0: submit vote requests at term 2 for -1: [f703b3fd-e363-452b-a1ce-6d81fe452714|rpc:10.1.0.33:40627|priority:0, 89964798-5625-4a4f-a306-699ecc29e47f|rpc:10.1.0.33:38191|priority:0, 48a25e45-563c-42d6-b13a-b9125caf58d3|rpc:10.1.0.33:42457|priority:1], old=null
2022-07-12 20:44:24,706 [grpc-default-executor-1] INFO  server.RaftServer$Division (RaftServerImpl.java:requestVote(1152)) - 48a25e45-563c-42d6-b13a-b9125caf58d3@group-E4DDA8C5C713: receive requestVote(ELECTION, 89964798-5625-4a4f-a306-699ecc29e47f, group-E4DDA8C5C713, 2, (t:0, i:0))
2022-07-12 20:44:24,706 [grpc-default-executor-1] INFO  impl.VoteContext (VoteContext.java:log(48)) - 48a25e45-563c-42d6-b13a-b9125caf58d3@group-E4DDA8C5C713-CANDIDATE: reject ELECTION from 89964798-5625-4a4f-a306-699ecc29e47f: already has voted for 48a25e45-563c-42d6-b13a-b9125caf58d3 at current term 2
2022-07-12 20:44:24,706 [grpc-default-executor-1] INFO  server.RaftServer$Division (RaftServerImpl.java:requestVote(1184)) - 48a25e45-563c-42d6-b13a-b9125caf58d3@group-E4DDA8C5C713 replies to ELECTION vote request: 89964798-5625-4a4f-a306-699ecc29e47f<-48a25e45-563c-42d6-b13a-b9125caf58d3#0:FAIL-t2. Peer's state: 48a25e45-563c-42d6-b13a-b9125caf58d3@group-E4DDA8C5C713:t2, leader=null, voted=48a25e45-563c-42d6-b13a-b9125caf58d3, raftlog=48a25e45-563c-42d6-b13a-b9125caf58d3@group-E4DDA8C5C713-SegmentedRaftLog:OPENED:c-1, conf=-1: [f703b3fd-e363-452b-a1ce-6d81fe452714|rpc:10.1.0.33:40627|priority:0, 89964798-5625-4a4f-a306-699ecc29e47f|rpc:10.1.0.33:38191|priority:0, 48a25e45-563c-42d6-b13a-b9125caf58d3|rpc:10.1.0.33:42457|priority:1], old=null
2022-07-12 20:44:24,721 [f703b3fd-e363-452b-a1ce-6d81fe452714@group-5C2E5214EB86-LeaderElection21] INFO  server.RaftServer$Division (ServerState.java:setRaftConf(393)) - f703b3fd-e363-452b-a1ce-6d81fe452714@group-5C2E5214EB86: set configuration 0: [f703b3fd-e363-452b-a1ce-6d81fe452714|rpc:10.1.0.33:40627|dataStream:|priority:1, 89964798-5625-4a4f-a306-699ecc29e47f|rpc:10.1.0.33:38191|dataStream:|priority:0, 48a25e45-563c-42d6-b13a-b9125caf58d3|rpc:10.1.0.33:42457|dataStream:|priority:0], old=null
2022-07-12 20:44:24,721 [grpc-default-executor-2] INFO  impl.VoteContext (VoteContext.java:log(48)) - f703b3fd-e363-452b-a1ce-6d81fe452714@group-5C2E5214EB86-LEADER: reject ELECTION from 48a25e45-563c-42d6-b13a-b9125caf58d3: already has voted for f703b3fd-e363-452b-a1ce-6d81fe452714 at current term 2
2022-07-12 20:44:24,722 [grpc-default-executor-2] INFO  server.RaftServer$Division (RaftServerImpl.java:requestVote(1184)) - f703b3fd-e363-452b-a1ce-6d81fe452714@group-5C2E5214EB86 replies to ELECTION vote request: 48a25e45-563c-42d6-b13a-b9125caf58d3<-f703b3fd-e363-452b-a1ce-6d81fe452714#0:FAIL-t2. Peer's state: f703b3fd-e363-452b-a1ce-6d81fe452714@group-5C2E5214EB86:t2, leader=f703b3fd-e363-452b-a1ce-6d81fe452714, voted=f703b3fd-e363-452b-a1ce-6d81fe452714, raftlog=f703b3fd-e363-452b-a1ce-6d81fe452714@group-5C2E5214EB86-SegmentedRaftLog:OPENED:c0, conf=0: [f703b3fd-e363-452b-a1ce-6d81fe452714|rpc:10.1.0.33:40627|dataStream:|priority:1, 89964798-5625-4a4f-a306-699ecc29e47f|rpc:10.1.0.33:38191|dataStream:|priority:0, 48a25e45-563c-42d6-b13a-b9125caf58d3|rpc:10.1.0.33:42457|dataStream:|priority:0], old=null
2022-07-12 20:44:24,723 [48a25e45-563c-42d6-b13a-b9125caf58d3@group-5C2E5214EB86-LeaderElection22] INFO  impl.LeaderElection (LeaderElection.java:logAndReturn(90)) - 48a25e45-563c-42d6-b13a-b9125caf58d3@group-5C2E5214EB86-LeaderElection22: ELECTION REJECTED received 2 response(s) and 0 exception(s):
2022-07-12 20:44:24,723 [48a25e45-563c-42d6-b13a-b9125caf58d3@group-5C2E5214EB86-LeaderElection22] INFO  impl.LeaderElection (LeaderElection.java:logAndReturn(94)) -   Response 0: 48a25e45-563c-42d6-b13a-b9125caf58d3<-f703b3fd-e363-452b-a1ce-6d81fe452714#0:FAIL-t2
2022-07-12 20:44:24,723 [48a25e45-563c-42d6-b13a-b9125caf58d3@group-5C2E5214EB86-LeaderElection22] INFO  impl.LeaderElection (LeaderElection.java:logAndReturn(94)) -   Response 1: 48a25e45-563c-42d6-b13a-b9125caf58d3<-89964798-5625-4a4f-a306-699ecc29e47f#0:FAIL-t2
2022-07-12 20:44:24,723 [48a25e45-563c-42d6-b13a-b9125caf58d3@group-5C2E5214EB86-LeaderElection22] INFO  impl.LeaderElection (LeaderElection.java:askForVotes(312)) - 48a25e45-563c-42d6-b13a-b9125caf58d3@group-5C2E5214EB86-LeaderElection22 ELECTION round 0: result REJECTED
2022-07-12 20:44:24,723 [48a25e45-563c-42d6-b13a-b9125caf58d3@group-5C2E5214EB86-LeaderElection22] INFO  server.RaftServer$Division (RaftServerImpl.java:setRole(299)) - 48a25e45-563c-42d6-b13a-b9125caf58d3@group-5C2E5214EB86: changes role from CANDIDATE to FOLLOWER at term 2 for REJECTED
2022-07-12 20:44:24,723 [48a25e45-563c-42d6-b13a-b9125caf58d3@group-5C2E5214EB86-LeaderElection22] INFO  impl.RoleInfo (RoleInfo.java:shutdownLeaderElection(130)) - 48a25e45-563c-42d6-b13a-b9125caf58d3: shutdown 48a25e45-563c-42d6-b13a-b9125caf58d3@group-5C2E5214EB86-LeaderElection22
2022-07-12 20:44:24,723 [48a25e45-563c-42d6-b13a-b9125caf58d3@group-5C2E5214EB86-LeaderElection22] INFO  impl.RoleInfo (RoleInfo.java:updateAndGet(139)) - 48a25e45-563c-42d6-b13a-b9125caf58d3: start 48a25e45-563c-42d6-b13a-b9125caf58d3@group-5C2E5214EB86-FollowerState
2022-07-12 20:44:24,739 [89964798-5625-4a4f-a306-699ecc29e47f-server-thread1] INFO  ratis.XceiverServerRatis (XceiverServerRatis.java:handleLeaderChangedNotification(863)) - Leader change notification received for group: group-5C2E5214EB86 with new leaderId: f703b3fd-e363-452b-a1ce-6d81fe452714
2022-07-12 20:44:24,739 [89964798-5625-4a4f-a306-699ecc29e47f-server-thread1] INFO  server.RaftServer$Division (ServerState.java:setLeader(287)) - 89964798-5625-4a4f-a306-699ecc29e47f@group-5C2E5214EB86: change Leader from null to f703b3fd-e363-452b-a1ce-6d81fe452714 at term 2 for appendEntries, leader elected after 10487ms
2022-07-12 20:44:24,764 [grpc-default-executor-0] INFO  server.RaftServer$Division (RaftServerImpl.java:requestVote(1152)) - 89964798-5625-4a4f-a306-699ecc29e47f@group-E4DDA8C5C713: receive requestVote(ELECTION, f703b3fd-e363-452b-a1ce-6d81fe452714, group-E4DDA8C5C713, 2, (t:0, i:0))
2022-07-12 20:44:24,764 [grpc-default-executor-0] INFO  impl.VoteContext (VoteContext.java:log(48)) - 89964798-5625-4a4f-a306-699ecc29e47f@group-E4DDA8C5C713-CANDIDATE: reject ELECTION from f703b3fd-e363-452b-a1ce-6d81fe452714: already has voted for 89964798-5625-4a4f-a306-699ecc29e47f at current term 2
2022-07-12 20:44:24,764 [grpc-default-executor-0] INFO  server.RaftServer$Division (RaftServerImpl.java:requestVote(1184)) - 89964798-5625-4a4f-a306-699ecc29e47f@group-E4DDA8C5C713 replies to ELECTION vote request: f703b3fd-e363-452b-a1ce-6d81fe452714<-89964798-5625-4a4f-a306-699ecc29e47f#0:FAIL-t2. Peer's state: 89964798-5625-4a4f-a306-699ecc29e47f@group-E4DDA8C5C713:t2, leader=null, voted=89964798-5625-4a4f-a306-699ecc29e47f, raftlog=89964798-5625-4a4f-a306-699ecc29e47f@group-E4DDA8C5C713-SegmentedRaftLog:OPENED:c-1, conf=-1: [f703b3fd-e363-452b-a1ce-6d81fe452714|rpc:10.1.0.33:40627|dataStream:|priority:0, 89964798-5625-4a4f-a306-699ecc29e47f|rpc:10.1.0.33:38191|dataStream:|priority:0, 48a25e45-563c-42d6-b13a-b9125caf58d3|rpc:10.1.0.33:42457|dataStream:|priority:1], old=null
2022-07-12 20:44:24,769 [89964798-5625-4a4f-a306-699ecc29e47f@group-E4DDA8C5C713-LeaderElection23] INFO  impl.LeaderElection (LeaderElection.java:logAndReturn(90)) - 89964798-5625-4a4f-a306-699ecc29e47f@group-E4DDA8C5C713-LeaderElection23: ELECTION REJECTED received 2 response(s) and 0 exception(s):
2022-07-12 20:44:24,769 [89964798-5625-4a4f-a306-699ecc29e47f@group-E4DDA8C5C713-LeaderElection23] INFO  impl.LeaderElection (LeaderElection.java:logAndReturn(94)) -   Response 0: 89964798-5625-4a4f-a306-699ecc29e47f<-f703b3fd-e363-452b-a1ce-6d81fe452714#0:FAIL-t2
2022-07-12 20:44:24,775 [89964798-5625-4a4f-a306-699ecc29e47f@group-E4DDA8C5C713-LeaderElection23] INFO  impl.LeaderElection (LeaderElection.java:logAndReturn(94)) -   Response 1: 89964798-5625-4a4f-a306-699ecc29e47f<-48a25e45-563c-42d6-b13a-b9125caf58d3#0:FAIL-t2
2022-07-12 20:44:24,775 [89964798-5625-4a4f-a306-699ecc29e47f@group-E4DDA8C5C713-LeaderElection23] INFO  impl.LeaderElection (LeaderElection.java:askForVotes(312)) - 89964798-5625-4a4f-a306-699ecc29e47f@group-E4DDA8C5C713-LeaderElection23 ELECTION round 0: result REJECTED
2022-07-12 20:44:24,775 [48a25e45-563c-42d6-b13a-b9125caf58d3-server-thread1] INFO  ratis.XceiverServerRatis (XceiverServerRatis.java:handleLeaderChangedNotification(863)) - Leader change notification received for group: group-5C2E5214EB86 with new leaderId: f703b3fd-e363-452b-a1ce-6d81fe452714
2022-07-12 20:44:24,775 [48a25e45-563c-42d6-b13a-b9125caf58d3-server-thread1] INFO  server.RaftServer$Division (ServerState.java:setLeader(287)) - 48a25e45-563c-42d6-b13a-b9125caf58d3@group-5C2E5214EB86: change Leader from null to f703b3fd-e363-452b-a1ce-6d81fe452714 at term 2 for appendEntries, leader elected after 10696ms
2022-07-12 20:44:24,770 [89964798-5625-4a4f-a306-699ecc29e47f-server-thread1] INFO  server.RaftServer$Division (ServerState.java:setRaftConf(393)) - 89964798-5625-4a4f-a306-699ecc29e47f@group-5C2E5214EB86: set configuration 0: [f703b3fd-e363-452b-a1ce-6d81fe452714|rpc:10.1.0.33:40627|dataStream:|priority:1, 89964798-5625-4a4f-a306-699ecc29e47f|rpc:10.1.0.33:38191|dataStream:|priority:0, 48a25e45-563c-42d6-b13a-b9125caf58d3|rpc:10.1.0.33:42457|dataStream:|priority:0], old=null
2022-07-12 20:44:24,770 [grpc-default-executor-2] INFO  server.RaftServer$Division (RaftServerImpl.java:requestVote(1152)) - 48a25e45-563c-42d6-b13a-b9125caf58d3@group-E4DDA8C5C713: receive requestVote(ELECTION, f703b3fd-e363-452b-a1ce-6d81fe452714, group-E4DDA8C5C713, 2, (t:0, i:0))
2022-07-12 20:44:24,776 [grpc-default-executor-2] INFO  impl.VoteContext (VoteContext.java:log(48)) - 48a25e45-563c-42d6-b13a-b9125caf58d3@group-E4DDA8C5C713-CANDIDATE: reject ELECTION from f703b3fd-e363-452b-a1ce-6d81fe452714: already has voted for 48a25e45-563c-42d6-b13a-b9125caf58d3 at current term 2
2022-07-12 20:44:24,776 [89964798-5625-4a4f-a306-699ecc29e47f-server-thread1] INFO  segmented.SegmentedRaftLogWorker (SegmentedRaftLogWorker.java:startLogSegment(425)) - 89964798-5625-4a4f-a306-699ecc29e47f@group-5C2E5214EB86-SegmentedRaftLogWorker: Starting segment from index:0
2022-07-12 20:44:24,776 [grpc-default-executor-2] INFO  server.RaftServer$Division (RaftServerImpl.java:requestVote(1184)) - 48a25e45-563c-42d6-b13a-b9125caf58d3@group-E4DDA8C5C713 replies to ELECTION vote request: f703b3fd-e363-452b-a1ce-6d81fe452714<-48a25e45-563c-42d6-b13a-b9125caf58d3#0:FAIL-t2. Peer's state: 48a25e45-563c-42d6-b13a-b9125caf58d3@group-E4DDA8C5C713:t2, leader=null, voted=48a25e45-563c-42d6-b13a-b9125caf58d3, raftlog=48a25e45-563c-42d6-b13a-b9125caf58d3@group-E4DDA8C5C713-SegmentedRaftLog:OPENED:c-1, conf=-1: [f703b3fd-e363-452b-a1ce-6d81fe452714|rpc:10.1.0.33:40627|priority:0, 89964798-5625-4a4f-a306-699ecc29e47f|rpc:10.1.0.33:38191|priority:0, 48a25e45-563c-42d6-b13a-b9125caf58d3|rpc:10.1.0.33:42457|priority:1], old=null
2022-07-12 20:44:24,775 [89964798-5625-4a4f-a306-699ecc29e47f@group-E4DDA8C5C713-LeaderElection23] INFO  server.RaftServer$Division (RaftServerImpl.java:setRole(299)) - 89964798-5625-4a4f-a306-699ecc29e47f@group-E4DDA8C5C713: changes role from CANDIDATE to FOLLOWER at term 2 for REJECTED
2022-07-12 20:44:24,776 [89964798-5625-4a4f-a306-699ecc29e47f@group-E4DDA8C5C713-LeaderElection23] INFO  impl.RoleInfo (RoleInfo.java:shutdownLeaderElection(130)) - 89964798-5625-4a4f-a306-699ecc29e47f: shutdown 89964798-5625-4a4f-a306-699ecc29e47f@group-E4DDA8C5C713-LeaderElection23
2022-07-12 20:44:24,790 [89964798-5625-4a4f-a306-699ecc29e47f@group-E4DDA8C5C713-LeaderElection23] INFO  impl.RoleInfo (RoleInfo.java:updateAndGet(139)) - 89964798-5625-4a4f-a306-699ecc29e47f: start 89964798-5625-4a4f-a306-699ecc29e47f@group-E4DDA8C5C713-FollowerState
2022-07-12 20:44:24,792 [grpc-default-executor-3] INFO  server.RaftServer$Division (RaftServerImpl.java:requestVote(1152)) - f703b3fd-e363-452b-a1ce-6d81fe452714@group-E4DDA8C5C713: receive requestVote(ELECTION, 48a25e45-563c-42d6-b13a-b9125caf58d3, group-E4DDA8C5C713, 2, (t:0, i:0))
2022-07-12 20:44:24,792 [grpc-default-executor-3] INFO  impl.VoteContext (VoteContext.java:log(48)) - f703b3fd-e363-452b-a1ce-6d81fe452714@group-E4DDA8C5C713-CANDIDATE: reject ELECTION from 48a25e45-563c-42d6-b13a-b9125caf58d3: already has voted for f703b3fd-e363-452b-a1ce-6d81fe452714 at current term 2
2022-07-12 20:44:24,792 [grpc-default-executor-3] INFO  server.RaftServer$Division (RaftServerImpl.java:requestVote(1184)) - f703b3fd-e363-452b-a1ce-6d81fe452714@group-E4DDA8C5C713 replies to ELECTION vote request: 48a25e45-563c-42d6-b13a-b9125caf58d3<-f703b3fd-e363-452b-a1ce-6d81fe452714#0:FAIL-t2. Peer's state: f703b3fd-e363-452b-a1ce-6d81fe452714@group-E4DDA8C5C713:t2, leader=null, voted=f703b3fd-e363-452b-a1ce-6d81fe452714, raftlog=f703b3fd-e363-452b-a1ce-6d81fe452714@group-E4DDA8C5C713-SegmentedRaftLog:OPENED:c-1, conf=-1: [f703b3fd-e363-452b-a1ce-6d81fe452714|rpc:10.1.0.33:40627|dataStream:|priority:0, 89964798-5625-4a4f-a306-699ecc29e47f|rpc:10.1.0.33:38191|dataStream:|priority:0, 48a25e45-563c-42d6-b13a-b9125caf58d3|rpc:10.1.0.33:42457|dataStream:|priority:1], old=null
2022-07-12 20:44:24,804 [48a25e45-563c-42d6-b13a-b9125caf58d3-server-thread1] INFO  server.RaftServer$Division (ServerState.java:setRaftConf(393)) - 48a25e45-563c-42d6-b13a-b9125caf58d3@group-5C2E5214EB86: set configuration 0: [f703b3fd-e363-452b-a1ce-6d81fe452714|rpc:10.1.0.33:40627|dataStream:|priority:1, 89964798-5625-4a4f-a306-699ecc29e47f|rpc:10.1.0.33:38191|dataStream:|priority:0, 48a25e45-563c-42d6-b13a-b9125caf58d3|rpc:10.1.0.33:42457|dataStream:|priority:0], old=null
2022-07-12 20:44:24,804 [48a25e45-563c-42d6-b13a-b9125caf58d3-server-thread1] INFO  segmented.SegmentedRaftLogWorker (SegmentedRaftLogWorker.java:startLogSegment(425)) - 48a25e45-563c-42d6-b13a-b9125caf58d3@group-5C2E5214EB86-SegmentedRaftLogWorker: Starting segment from index:0
2022-07-12 20:44:24,805 [89964798-5625-4a4f-a306-699ecc29e47f@group-5C2E5214EB86-SegmentedRaftLogWorker] INFO  segmented.SegmentedRaftLogWorker (SegmentedRaftLogWorker.java:execute(629)) - 89964798-5625-4a4f-a306-699ecc29e47f@group-5C2E5214EB86-SegmentedRaftLogWorker: created new log segment /home/runner/work/ozone/ozone/hadoop-ozone/integration-test/target/test-dir/MiniOzoneClusterImpl-3695f4f1-b95b-4fb5-aefd-831056816bde/datanode-2/data/ratis/7e2c4d0f-4cb5-4b49-ab98-5c2e5214eb86/current/log_inprogress_0
2022-07-12 20:44:24,805 [48a25e45-563c-42d6-b13a-b9125caf58d3@group-5C2E5214EB86-SegmentedRaftLogWorker] INFO  segmented.SegmentedRaftLogWorker (SegmentedRaftLogWorker.java:execute(629)) - 48a25e45-563c-42d6-b13a-b9125caf58d3@group-5C2E5214EB86-SegmentedRaftLogWorker: created new log segment /home/runner/work/ozone/ozone/hadoop-ozone/integration-test/target/test-dir/MiniOzoneClusterImpl-3695f4f1-b95b-4fb5-aefd-831056816bde/datanode-0/data/ratis/7e2c4d0f-4cb5-4b49-ab98-5c2e5214eb86/current/log_inprogress_0
2022-07-12 20:44:24,819 [f703b3fd-e363-452b-a1ce-6d81fe452714@group-E4DDA8C5C713-LeaderElection24] INFO  impl.LeaderElection (LeaderElection.java:logAndReturn(90)) - f703b3fd-e363-452b-a1ce-6d81fe452714@group-E4DDA8C5C713-LeaderElection24: ELECTION REJECTED received 2 response(s) and 0 exception(s):
2022-07-12 20:44:24,819 [f703b3fd-e363-452b-a1ce-6d81fe452714@group-E4DDA8C5C713-LeaderElection24] INFO  impl.LeaderElection (LeaderElection.java:logAndReturn(94)) -   Response 0: f703b3fd-e363-452b-a1ce-6d81fe452714<-89964798-5625-4a4f-a306-699ecc29e47f#0:FAIL-t2
2022-07-12 20:44:24,819 [f703b3fd-e363-452b-a1ce-6d81fe452714@group-E4DDA8C5C713-LeaderElection24] INFO  impl.LeaderElection (LeaderElection.java:logAndReturn(94)) -   Response 1: f703b3fd-e363-452b-a1ce-6d81fe452714<-48a25e45-563c-42d6-b13a-b9125caf58d3#0:FAIL-t2
2022-07-12 20:44:24,825 [f703b3fd-e363-452b-a1ce-6d81fe452714@group-E4DDA8C5C713-LeaderElection24] INFO  impl.LeaderElection (LeaderElection.java:askForVotes(312)) - f703b3fd-e363-452b-a1ce-6d81fe452714@group-E4DDA8C5C713-LeaderElection24 ELECTION round 0: result REJECTED
2022-07-12 20:44:24,825 [f703b3fd-e363-452b-a1ce-6d81fe452714@group-E4DDA8C5C713-LeaderElection24] INFO  server.RaftServer$Division (RaftServerImpl.java:setRole(299)) - f703b3fd-e363-452b-a1ce-6d81fe452714@group-E4DDA8C5C713: changes role from CANDIDATE to FOLLOWER at term 2 for REJECTED
2022-07-12 20:44:24,825 [f703b3fd-e363-452b-a1ce-6d81fe452714@group-E4DDA8C5C713-LeaderElection24] INFO  impl.RoleInfo (RoleInfo.java:shutdownLeaderElection(130)) - f703b3fd-e363-452b-a1ce-6d81fe452714: shutdown f703b3fd-e363-452b-a1ce-6d81fe452714@group-E4DDA8C5C713-LeaderElection24
2022-07-12 20:44:24,825 [f703b3fd-e363-452b-a1ce-6d81fe452714@group-E4DDA8C5C713-LeaderElection24] INFO  impl.RoleInfo (RoleInfo.java:updateAndGet(139)) - f703b3fd-e363-452b-a1ce-6d81fe452714: start f703b3fd-e363-452b-a1ce-6d81fe452714@group-E4DDA8C5C713-FollowerState
2022-07-12 20:44:24,830 [grpc-default-executor-1] INFO  server.RaftServer$Division (RaftServerImpl.java:requestVote(1152)) - 89964798-5625-4a4f-a306-699ecc29e47f@group-E4DDA8C5C713: receive requestVote(ELECTION, 48a25e45-563c-42d6-b13a-b9125caf58d3, group-E4DDA8C5C713, 2, (t:0, i:0))
2022-07-12 20:44:24,830 [grpc-default-executor-1] INFO  impl.VoteContext (VoteContext.java:log(48)) - 89964798-5625-4a4f-a306-699ecc29e47f@group-E4DDA8C5C713-FOLLOWER: reject ELECTION from 48a25e45-563c-42d6-b13a-b9125caf58d3: already has voted for 89964798-5625-4a4f-a306-699ecc29e47f at current term 2
2022-07-12 20:44:24,830 [grpc-default-executor-1] INFO  server.RaftServer$Division (RaftServerImpl.java:requestVote(1184)) - 89964798-5625-4a4f-a306-699ecc29e47f@group-E4DDA8C5C713 replies to ELECTION vote request: 48a25e45-563c-42d6-b13a-b9125caf58d3<-89964798-5625-4a4f-a306-699ecc29e47f#0:FAIL-t2. Peer's state: 89964798-5625-4a4f-a306-699ecc29e47f@group-E4DDA8C5C713:t2, leader=null, voted=89964798-5625-4a4f-a306-699ecc29e47f, raftlog=89964798-5625-4a4f-a306-699ecc29e47f@group-E4DDA8C5C713-SegmentedRaftLog:OPENED:c-1, conf=-1: [f703b3fd-e363-452b-a1ce-6d81fe452714|rpc:10.1.0.33:40627|dataStream:|priority:0, 89964798-5625-4a4f-a306-699ecc29e47f|rpc:10.1.0.33:38191|dataStream:|priority:0, 48a25e45-563c-42d6-b13a-b9125caf58d3|rpc:10.1.0.33:42457|dataStream:|priority:1], old=null
2022-07-12 20:44:24,832 [48a25e45-563c-42d6-b13a-b9125caf58d3@group-E4DDA8C5C713-LeaderElection25] INFO  impl.LeaderElection (LeaderElection.java:logAndReturn(90)) - 48a25e45-563c-42d6-b13a-b9125caf58d3@group-E4DDA8C5C713-LeaderElection25: ELECTION REJECTED received 2 response(s) and 0 exception(s):
2022-07-12 20:44:24,832 [48a25e45-563c-42d6-b13a-b9125caf58d3@group-E4DDA8C5C713-LeaderElection25] INFO  impl.LeaderElection (LeaderElection.java:logAndReturn(94)) -   Response 0: 48a25e45-563c-42d6-b13a-b9125caf58d3<-f703b3fd-e363-452b-a1ce-6d81fe452714#0:FAIL-t2
2022-07-12 20:44:24,832 [48a25e45-563c-42d6-b13a-b9125caf58d3@group-E4DDA8C5C713-LeaderElection25] INFO  impl.LeaderElection (LeaderElection.java:logAndReturn(94)) -   Response 1: 48a25e45-563c-42d6-b13a-b9125caf58d3<-89964798-5625-4a4f-a306-699ecc29e47f#0:FAIL-t2
2022-07-12 20:44:24,832 [48a25e45-563c-42d6-b13a-b9125caf58d3@group-E4DDA8C5C713-LeaderElection25] INFO  impl.LeaderElection (LeaderElection.java:askForVotes(312)) - 48a25e45-563c-42d6-b13a-b9125caf58d3@group-E4DDA8C5C713-LeaderElection25 ELECTION round 0: result REJECTED
2022-07-12 20:44:24,832 [48a25e45-563c-42d6-b13a-b9125caf58d3@group-E4DDA8C5C713-LeaderElection25] INFO  server.RaftServer$Division (RaftServerImpl.java:setRole(299)) - 48a25e45-563c-42d6-b13a-b9125caf58d3@group-E4DDA8C5C713: changes role from CANDIDATE to FOLLOWER at term 2 for REJECTED
2022-07-12 20:44:24,832 [48a25e45-563c-42d6-b13a-b9125caf58d3@group-E4DDA8C5C713-LeaderElection25] INFO  impl.RoleInfo (RoleInfo.java:shutdownLeaderElection(130)) - 48a25e45-563c-42d6-b13a-b9125caf58d3: shutdown 48a25e45-563c-42d6-b13a-b9125caf58d3@group-E4DDA8C5C713-LeaderElection25
2022-07-12 20:44:24,832 [48a25e45-563c-42d6-b13a-b9125caf58d3@group-E4DDA8C5C713-LeaderElection25] INFO  impl.RoleInfo (RoleInfo.java:updateAndGet(139)) - 48a25e45-563c-42d6-b13a-b9125caf58d3: start 48a25e45-563c-42d6-b13a-b9125caf58d3@group-E4DDA8C5C713-FollowerState
2022-07-12 20:44:25,261 [Listener at 127.0.0.1/43871] INFO  ozone.MiniOzoneClusterImpl (MiniOzoneClusterImpl.java:lambda$waitForClusterToBeReady$0(223)) - Nodes are ready. Got 3 of 3 DN Heartbeats.
2022-07-12 20:44:25,261 [Listener at 127.0.0.1/43871] INFO  ozone.MiniOzoneClusterImpl (MiniOzoneClusterImpl.java:lambda$waitForClusterToBeReady$0(226)) - Cluster exits safe mode
2022-07-12 20:44:25,261 [Listener at 127.0.0.1/43871] INFO  ozone.MiniOzoneClusterImpl (MiniOzoneClusterImpl.java:lambda$waitForClusterToBeReady$0(228)) - SCM became leader
]]></system-out>
    </rerunFailure>
    <rerunFailure type="java.lang.AssertionError">
      <stackTrace><![CDATA[java.lang.AssertionError
	at org.junit.Assert.fail(Assert.java:87)
	at org.junit.Assert.assertTrue(Assert.java:42)
	at org.junit.Assert.assertTrue(Assert.java:53)
	at org.apache.hadoop.hdds.scm.TestRatisPipelineLeader.testLeaderIdAfterLeaderChange(TestRatisPipelineLeader.java:119)
	at sun.reflect.NativeMethodAccessorImpl.invoke0(Native Method)
	at sun.reflect.NativeMethodAccessorImpl.invoke(NativeMethodAccessorImpl.java:62)
	at sun.reflect.DelegatingMethodAccessorImpl.invoke(DelegatingMethodAccessorImpl.java:43)
	at java.lang.reflect.Method.invoke(Method.java:498)
	at org.junit.platform.commons.util.ReflectionUtils.invokeMethod(ReflectionUtils.java:725)
	at org.junit.jupiter.engine.execution.MethodInvocation.proceed(MethodInvocation.java:60)
	at org.junit.jupiter.engine.execution.InvocationInterceptorChain$ValidatingInvocation.proceed(InvocationInterceptorChain.java:131)
	at org.junit.jupiter.engine.extension.TimeoutInvocation.proceed(TimeoutInvocation.java:46)
	at org.junit.jupiter.engine.extension.TimeoutExtension.intercept(TimeoutExtension.java:149)
	at org.junit.jupiter.engine.extension.TimeoutExtension.interceptTestableMethod(TimeoutExtension.java:140)
	at org.junit.jupiter.engine.extension.TimeoutExtension.interceptTestMethod(TimeoutExtension.java:84)
	at org.junit.jupiter.engine.execution.ExecutableInvoker$ReflectiveInterceptorCall.lambda$ofVoidMethod$0(ExecutableInvoker.java:115)
	at org.junit.jupiter.engine.execution.ExecutableInvoker.lambda$invoke$0(ExecutableInvoker.java:105)
	at org.junit.jupiter.engine.execution.InvocationInterceptorChain$InterceptedInvocation.proceed(InvocationInterceptorChain.java:106)
	at org.junit.jupiter.engine.execution.InvocationInterceptorChain.proceed(InvocationInterceptorChain.java:64)
	at org.junit.jupiter.engine.execution.InvocationInterceptorChain.chainAndInvoke(InvocationInterceptorChain.java:45)
	at org.junit.jupiter.engine.execution.InvocationInterceptorChain.invoke(InvocationInterceptorChain.java:37)
	at org.junit.jupiter.engine.execution.ExecutableInvoker.invoke(ExecutableInvoker.java:104)
	at org.junit.jupiter.engine.execution.ExecutableInvoker.invoke(ExecutableInvoker.java:98)
	at org.junit.jupiter.engine.descriptor.TestMethodTestDescriptor.lambda$invokeTestMethod$7(TestMethodTestDescriptor.java:214)
	at org.junit.platform.engine.support.hierarchical.ThrowableCollector.execute(ThrowableCollector.java:73)
	at org.junit.jupiter.engine.descriptor.TestMethodTestDescriptor.invokeTestMethod(TestMethodTestDescriptor.java:210)
	at org.junit.jupiter.engine.descriptor.TestMethodTestDescriptor.execute(TestMethodTestDescriptor.java:135)
	at org.junit.jupiter.engine.descriptor.TestMethodTestDescriptor.execute(TestMethodTestDescriptor.java:66)
	at org.junit.platform.engine.support.hierarchical.NodeTestTask.lambda$executeRecursively$6(NodeTestTask.java:151)
	at org.junit.platform.engine.support.hierarchical.ThrowableCollector.execute(ThrowableCollector.java:73)
	at org.junit.platform.engine.support.hierarchical.NodeTestTask.lambda$executeRecursively$8(NodeTestTask.java:141)
	at org.junit.platform.engine.support.hierarchical.Node.around(Node.java:137)
	at org.junit.platform.engine.support.hierarchical.NodeTestTask.lambda$executeRecursively$9(NodeTestTask.java:139)
	at org.junit.platform.engine.support.hierarchical.ThrowableCollector.execute(ThrowableCollector.java:73)
	at org.junit.platform.engine.support.hierarchical.NodeTestTask.executeRecursively(NodeTestTask.java:138)
	at org.junit.platform.engine.support.hierarchical.NodeTestTask.execute(NodeTestTask.java:95)
	at java.util.ArrayList.forEach(ArrayList.java:1259)
	at org.junit.platform.engine.support.hierarchical.SameThreadHierarchicalTestExecutorService.invokeAll(SameThreadHierarchicalTestExecutorService.java:41)
	at org.junit.platform.engine.support.hierarchical.NodeTestTask.lambda$executeRecursively$6(NodeTestTask.java:155)
	at org.junit.platform.engine.support.hierarchical.ThrowableCollector.execute(ThrowableCollector.java:73)
	at org.junit.platform.engine.support.hierarchical.NodeTestTask.lambda$executeRecursively$8(NodeTestTask.java:141)
	at org.junit.platform.engine.support.hierarchical.Node.around(Node.java:137)
	at org.junit.platform.engine.support.hierarchical.NodeTestTask.lambda$executeRecursively$9(NodeTestTask.java:139)
	at org.junit.platform.engine.support.hierarchical.ThrowableCollector.execute(ThrowableCollector.java:73)
	at org.junit.platform.engine.support.hierarchical.NodeTestTask.executeRecursively(NodeTestTask.java:138)
	at org.junit.platform.engine.support.hierarchical.NodeTestTask.execute(NodeTestTask.java:95)
	at java.util.ArrayList.forEach(ArrayList.java:1259)
	at org.junit.platform.engine.support.hierarchical.SameThreadHierarchicalTestExecutorService.invokeAll(SameThreadHierarchicalTestExecutorService.java:41)
	at org.junit.platform.engine.support.hierarchical.NodeTestTask.lambda$executeRecursively$6(NodeTestTask.java:155)
	at org.junit.platform.engine.support.hierarchical.ThrowableCollector.execute(ThrowableCollector.java:73)
	at org.junit.platform.engine.support.hierarchical.NodeTestTask.lambda$executeRecursively$8(NodeTestTask.java:141)
	at org.junit.platform.engine.support.hierarchical.Node.around(Node.java:137)
	at org.junit.platform.engine.support.hierarchical.NodeTestTask.lambda$executeRecursively$9(NodeTestTask.java:139)
	at org.junit.platform.engine.support.hierarchical.ThrowableCollector.execute(ThrowableCollector.java:73)
	at org.junit.platform.engine.support.hierarchical.NodeTestTask.executeRecursively(NodeTestTask.java:138)
	at org.junit.platform.engine.support.hierarchical.NodeTestTask.execute(NodeTestTask.java:95)
	at org.junit.platform.engine.support.hierarchical.SameThreadHierarchicalTestExecutorService.submit(SameThreadHierarchicalTestExecutorService.java:35)
	at org.junit.platform.engine.support.hierarchical.HierarchicalTestExecutor.execute(HierarchicalTestExecutor.java:57)
	at org.junit.platform.engine.support.hierarchical.HierarchicalTestEngine.execute(HierarchicalTestEngine.java:54)
	at org.junit.platform.launcher.core.EngineExecutionOrchestrator.execute(EngineExecutionOrchestrator.java:107)
	at org.junit.platform.launcher.core.EngineExecutionOrchestrator.execute(EngineExecutionOrchestrator.java:88)
	at org.junit.platform.launcher.core.EngineExecutionOrchestrator.lambda$execute$0(EngineExecutionOrchestrator.java:54)
	at org.junit.platform.launcher.core.EngineExecutionOrchestrator.withInterceptedStreams(EngineExecutionOrchestrator.java:67)
	at org.junit.platform.launcher.core.EngineExecutionOrchestrator.execute(EngineExecutionOrchestrator.java:52)
	at org.junit.platform.launcher.core.DefaultLauncher.execute(DefaultLauncher.java:114)
	at org.junit.platform.launcher.core.DefaultLauncher.execute(DefaultLauncher.java:86)
	at org.junit.platform.launcher.core.DefaultLauncherSession$DelegatingLauncher.execute(DefaultLauncherSession.java:86)
	at org.junit.platform.launcher.core.SessionPerRequestLauncher.execute(SessionPerRequestLauncher.java:53)
	at org.apache.maven.surefire.junitplatform.JUnitPlatformProvider.invokeAllTests(JUnitPlatformProvider.java:165)
	at org.apache.maven.surefire.junitplatform.JUnitPlatformProvider.invoke(JUnitPlatformProvider.java:124)
	at org.apache.maven.surefire.booter.ForkedBooter.runSuitesInProcess(ForkedBooter.java:428)
	at org.apache.maven.surefire.booter.ForkedBooter.execute(ForkedBooter.java:162)
	at org.apache.maven.surefire.booter.ForkedBooter.run(ForkedBooter.java:562)
	at org.apache.maven.surefire.booter.ForkedBooter.main(ForkedBooter.java:548)
]]></stackTrace>
      <system-out><![CDATA[2022-07-12 20:44:45,866 [Listener at 127.0.0.1/43871] WARN  server.ServerUtils (ServerUtils.java:getScmDbDir(148)) - ozone.scm.db.dirs is not configured. We recommend adding this setting. Falling back to ozone.metadata.dirs instead.
2022-07-12 20:44:45,892 [Listener at 127.0.0.1/43871] WARN  server.ServerUtils (ServerUtils.java:getScmDbDir(148)) - ozone.scm.db.dirs is not configured. We recommend adding this setting. Falling back to ozone.metadata.dirs instead.
2022-07-12 20:44:45,892 [Listener at 127.0.0.1/43871] INFO  ha.SCMHANodeDetails (SCMHANodeDetails.java:loadSCMHAConfig(209)) - ServiceID for StorageContainerManager is null
2022-07-12 20:44:45,892 [Listener at 127.0.0.1/43871] INFO  ha.SCMHANodeDetails (SCMHANodeDetails.java:loadSCMHAConfig(214)) - ozone.scm.default.service.id is not defined, falling back to ozone.scm.service.ids to find serviceID for StorageContainerManager if it is HA enabled cluster
2022-07-12 20:44:45,893 [Listener at 127.0.0.1/43871] WARN  utils.HAUtils (HAUtils.java:getMetaDir(342)) - ozone.scm.db.dirs is not configured. We recommend adding this setting. Falling back to ozone.metadata.dirs instead.
2022-07-12 20:44:45,894 [Listener at 127.0.0.1/43871] WARN  db.DBStoreBuilder (DBStoreBuilder.java:applyDBDefinition(145)) - ozone.scm.db.dirs is not configured. We recommend adding this setting. Falling back to ozone.metadata.dirs instead.
2022-07-12 20:44:46,160 [Listener at 127.0.0.1/43871] INFO  net.NodeSchemaLoader (NodeSchemaLoader.java:loadSchemaFromFile(129)) - Loading schema from [jar:file:/home/runner/.m2/repository/org/apache/ozone/hdds-common/1.3.0-SNAPSHOT/hdds-common-1.3.0-SNAPSHOT.jar!/network-topology-default.xml]
2022-07-12 20:44:46,160 [Listener at 127.0.0.1/43871] INFO  net.NodeSchemaLoader (NodeSchemaLoader.java:loadSchema(176)) - Loading network topology layer schema file
2022-07-12 20:44:46,174 [Listener at 127.0.0.1/43871] INFO  upgrade.AbstractLayoutVersionManager (AbstractLayoutVersionManager.java:init(82)) - Initializing Layout version manager with metadata layout = DATANODE_SCHEMA_V3 (version = 4), software layout = DATANODE_SCHEMA_V3 (version = 4)
2022-07-12 20:44:46,279 [Listener at 127.0.0.1/43871] INFO  reflections.Reflections (Reflections.java:scan(232)) - Reflections took 104 ms to scan 7 urls, producing 132 keys and 317 values 
2022-07-12 20:44:46,289 [Listener at 127.0.0.1/43871] INFO  ha.SequenceIdGenerator (SequenceIdGenerator.java:upgradeToSequenceId(349)) - upgrade localId to 109611004723200000
2022-07-12 20:44:46,289 [Listener at 127.0.0.1/43871] INFO  ha.SequenceIdGenerator (SequenceIdGenerator.java:upgradeToSequenceId(359)) - upgrade delTxnId to 0
2022-07-12 20:44:46,290 [Listener at 127.0.0.1/43871] INFO  ha.SequenceIdGenerator (SequenceIdGenerator.java:upgradeToSequenceId(376)) - upgrade containerId to 0
2022-07-12 20:44:46,290 [Listener at 127.0.0.1/43871] INFO  ha.SequenceIdGenerator (SequenceIdGenerator.java:<init>(220)) - Init the HA SequenceIdGenerator.
2022-07-12 20:44:46,290 [Listener at 127.0.0.1/43871] WARN  server.ServerUtils (ServerUtils.java:sanitizeUserArgs(73)) - ozone.scm.stale.node.interval value = 300000 is larger than max = 100000 based on the key value of ozone.scm.heartbeat.thread.interval, reset to the max value 100000.
2022-07-12 20:44:46,290 [Listener at 127.0.0.1/43871] WARN  server.ServerUtils (ServerUtils.java:sanitizeUserArgs(73)) - ozone.scm.stale.node.interval value = 300000 is larger than max = 100000 based on the key value of ozone.scm.heartbeat.thread.interval, reset to the max value 100000.
2022-07-12 20:44:46,291 [Listener at 127.0.0.1/43871] INFO  node.SCMNodeManager (SCMNodeManager.java:<init>(149)) - Entering startup safe mode.
2022-07-12 20:44:46,291 [Listener at 127.0.0.1/43871] INFO  algorithms.ContainerPlacementPolicyFactory (ContainerPlacementPolicyFactory.java:getPolicyInternal(86)) - Create container placement policy of type org.apache.hadoop.hdds.scm.container.placement.algorithms.SCMContainerPlacementRandom
2022-07-12 20:44:46,291 [Listener at 127.0.0.1/43871] INFO  pipeline.PipelineStateManagerImpl (PipelineStateManagerImpl.java:initialize(78)) - No pipeline exists in current db
2022-07-12 20:44:46,291 [Listener at 127.0.0.1/43871] INFO  algorithms.LeaderChoosePolicyFactory (LeaderChoosePolicyFactory.java:getPolicy(57)) - Create leader choose policy of type org.apache.hadoop.hdds.scm.pipeline.leader.choose.algorithms.MinLeaderCountChoosePolicy
2022-07-12 20:44:46,292 [Listener at 127.0.0.1/43871] INFO  algorithms.ContainerPlacementPolicyFactory (ContainerPlacementPolicyFactory.java:getPolicyInternal(86)) - Create container placement policy of type org.apache.hadoop.hdds.scm.container.placement.algorithms.SCMContainerPlacementRackScatter
2022-07-12 20:44:46,292 [Listener at 127.0.0.1/43871] INFO  pipeline.BackgroundPipelineCreator (BackgroundPipelineCreator.java:start(127)) - Starting RatisPipelineUtilsThread.
2022-07-12 20:44:46,292 [Listener at 127.0.0.1/43871] INFO  BackgroundPipelineScrubber (BackgroundSCMService.java:start(68)) - Starting BackgroundPipelineScrubber Service.
2022-07-12 20:44:46,293 [Listener at 127.0.0.1/43871] INFO  ha.SCMServiceManager (SCMServiceManager.java:register(42)) - Registering service BackgroundPipelineCreator.
2022-07-12 20:44:46,293 [Listener at 127.0.0.1/43871] INFO  ha.SCMServiceManager (SCMServiceManager.java:register(42)) - Registering service BackgroundPipelineScrubber.
2022-07-12 20:44:46,293 [Listener at 127.0.0.1/43871] INFO  ExpiredContainerReplicaOpScrubber (BackgroundSCMService.java:start(68)) - Starting ExpiredContainerReplicaOpScrubber Service.
2022-07-12 20:44:46,293 [Listener at 127.0.0.1/43871] INFO  ha.SCMServiceManager (SCMServiceManager.java:register(42)) - Registering service ExpiredContainerReplicaOpScrubber.
2022-07-12 20:44:46,294 [Listener at 127.0.0.1/43871] INFO  algorithms.PipelineChoosePolicyFactory (PipelineChoosePolicyFactory.java:createPipelineChoosePolicyFromClass(73)) - Create pipeline choose policy of type org.apache.hadoop.hdds.scm.pipeline.choose.algorithms.RandomPipelineChoosePolicy
2022-07-12 20:44:46,294 [Listener at 127.0.0.1/43871] INFO  ha.SCMServiceManager (SCMServiceManager.java:register(42)) - Registering service SCMBlockDeletingService.
2022-07-12 20:44:46,294 [Listener at 127.0.0.1/43871] INFO  replication.ReplicationManager (ReplicationManager.java:start(186)) - Starting Replication Monitor Thread.
2022-07-12 20:44:46,295 [Listener at 127.0.0.1/43871] INFO  ha.SCMServiceManager (SCMServiceManager.java:register(42)) - Registering service ReplicationManager.
2022-07-12 20:44:46,295 [Listener at 127.0.0.1/43871] INFO  safemode.ContainerSafeModeRule (ContainerSafeModeRule.java:<init>(89)) - containers with one replica threshold count 0
2022-07-12 20:44:46,295 [Listener at 127.0.0.1/43871] INFO  safemode.HealthyPipelineSafeModeRule (HealthyPipelineSafeModeRule.java:initializeRule(156)) - Total pipeline count is 0, healthy pipeline threshold count is 1
2022-07-12 20:44:46,295 [Listener at 127.0.0.1/43871] INFO  safemode.OneReplicaPipelineSafeModeRule (OneReplicaPipelineSafeModeRule.java:initializeRule(180)) - Total pipeline count is 0, pipeline's with at least one datanode reported threshold count is 0
2022-07-12 20:44:46,296 [Listener at 127.0.0.1/43871] INFO  ipc.CallQueueManager (CallQueueManager.java:<init>(90)) - Using callQueue: class java.util.concurrent.LinkedBlockingQueue, queueCapacity: 2000, scheduler: class org.apache.hadoop.ipc.DefaultRpcScheduler, ipcBackoff: false.
2022-07-12 20:44:46,297 [Socket Reader #1 for port 0] INFO  ipc.Server (Server.java:run(1265)) - Starting Socket Reader #1 for port 0
2022-07-12 20:44:46,297 [Listener at 0.0.0.0/43841] INFO  ipc.CallQueueManager (CallQueueManager.java:<init>(90)) - Using callQueue: class java.util.concurrent.LinkedBlockingQueue, queueCapacity: 2000, scheduler: class org.apache.hadoop.ipc.DefaultRpcScheduler, ipcBackoff: false.
2022-07-12 20:44:46,298 [Socket Reader #1 for port 0] INFO  ipc.Server (Server.java:run(1265)) - Starting Socket Reader #1 for port 0
2022-07-12 20:44:46,298 [Listener at 0.0.0.0/46419] INFO  ipc.CallQueueManager (CallQueueManager.java:<init>(90)) - Using callQueue: class java.util.concurrent.LinkedBlockingQueue, queueCapacity: 2000, scheduler: class org.apache.hadoop.ipc.DefaultRpcScheduler, ipcBackoff: false.
2022-07-12 20:44:46,299 [Socket Reader #1 for port 0] INFO  ipc.Server (Server.java:run(1265)) - Starting Socket Reader #1 for port 0
2022-07-12 20:44:46,303 [ReplicationMonitor] INFO  replication.ReplicationManager (ReplicationManager.java:processAll(235)) - Replication Manager is not ready to run until 3000ms after safemode exit
2022-07-12 20:44:46,352 [Listener at 0.0.0.0/46733] INFO  ha.SCMServiceManager (SCMServiceManager.java:register(42)) - Registering service ContainerBalancer.
2022-07-12 20:44:46,352 [Listener at 0.0.0.0/46733] INFO  server.StorageContainerManager (StorageContainerManager.java:<init>(401)) - 
Container Balancer status:
Key                            Value
Running                        false
Container Balancer Configuration values:
Key                                                Value
Threshold                                          10
Max Datanodes to Involve per Iteration(percent)    20
Max Size to Move per Iteration                     500GB
Max Size Entering Target per Iteration             26GB
Max Size Leaving Source per Iteration              26GB

2022-07-12 20:44:46,352 [Listener at 0.0.0.0/46733] WARN  events.EventQueue (EventQueue.java:fireEvent(216)) - No event handler registered for event TypedEvent{payloadType=SafeModeStatus, name='Safe mode status'}
2022-07-12 20:44:46,352 [Listener at 0.0.0.0/46733] INFO  ha.SCMContext (SCMContext.java:updateSafeModeStatus(228)) - Update SafeModeStatus from SafeModeStatus{safeModeStatus=true, preCheckPassed=false} to SafeModeStatus{safeModeStatus=true, preCheckPassed=false}.
2022-07-12 20:44:46,353 [Listener at 0.0.0.0/46733] INFO  server.StorageContainerManager (StorageContainerManager.java:start(1422)) - StorageContainerLocationProtocol RPC server is listening at /0.0.0.0:46733
2022-07-12 20:44:46,354 [Listener at 0.0.0.0/46733] WARN  impl.MetricsConfig (MetricsConfig.java:loadFirst(136)) - Cannot locate configuration: tried hadoop-metrics2-storagecontainermanager.properties,hadoop-metrics2.properties
2022-07-12 20:44:46,375 [Listener at 0.0.0.0/46733] INFO  impl.MetricsSystemImpl (MetricsSystemImpl.java:startTimer(378)) - Scheduled Metric snapshot period at 10 second(s).
2022-07-12 20:44:46,375 [Listener at 0.0.0.0/46733] INFO  impl.MetricsSystemImpl (MetricsSystemImpl.java:start(191)) - StorageContainerManager metrics system started
2022-07-12 20:44:46,437 [Listener at 0.0.0.0/46733] INFO  impl.MetricsSinkAdapter (MetricsSinkAdapter.java:start(204)) - Sink prometheus started
2022-07-12 20:44:46,437 [Listener at 0.0.0.0/46733] INFO  impl.MetricsSystemImpl (MetricsSystemImpl.java:registerSink(305)) - Registered sink prometheus
2022-07-12 20:44:46,478 [Listener at 0.0.0.0/46733] INFO  server.SCMClientProtocolServer (SCMClientProtocolServer.java:start(170)) - RPC server for Client  is listening at /0.0.0.0:46733
2022-07-12 20:44:46,479 [IPC Server Responder] INFO  ipc.Server (Server.java:run(1507)) - IPC Server Responder: starting
2022-07-12 20:44:46,491 [IPC Server listener on 0] INFO  ipc.Server (Server.java:run(1344)) - IPC Server listener on 0: starting
2022-07-12 20:44:46,544 [Listener at 0.0.0.0/46733] INFO  server.StorageContainerManager (StorageContainerManager.java:start(1437)) - ScmBlockLocationProtocol RPC server is listening at /0.0.0.0:46419
2022-07-12 20:44:46,545 [Listener at 0.0.0.0/46733] INFO  server.SCMBlockProtocolServer (SCMBlockProtocolServer.java:start(152)) - RPC server for Block Protocol is listening at /0.0.0.0:46419
2022-07-12 20:44:46,545 [IPC Server Responder] INFO  ipc.Server (Server.java:run(1507)) - IPC Server Responder: starting
2022-07-12 20:44:46,546 [IPC Server listener on 0] INFO  ipc.Server (Server.java:run(1344)) - IPC Server listener on 0: starting
2022-07-12 20:44:46,588 [Listener at 0.0.0.0/46733] INFO  server.SCMDatanodeProtocolServer (SCMDatanodeProtocolServer.java:start(186)) - ScmDatanodeProtocol RPC server for DataNodes is listening at /0.0.0.0:43841
2022-07-12 20:44:46,589 [IPC Server Responder] INFO  ipc.Server (Server.java:run(1507)) - IPC Server Responder: starting
2022-07-12 20:44:46,589 [IPC Server listener on 0] INFO  ipc.Server (Server.java:run(1344)) - IPC Server listener on 0: starting
2022-07-12 20:44:46,684 [org.apache.hadoop.util.JvmPauseMonitor$Monitor@4b06009d] INFO  util.JvmPauseMonitor (JvmPauseMonitor.java:run(188)) - Starting JVM pause monitor
2022-07-12 20:44:46,687 [Listener at 0.0.0.0/46733] INFO  http.BaseHttpServer (BaseHttpServer.java:newHttpServer2BuilderForOzone(209)) - Starting Web-server for scm at: http://0.0.0.0:0
2022-07-12 20:44:46,687 [Listener at 0.0.0.0/46733] INFO  http.BaseHttpServer (BaseHttpServer.java:<init>(107)) - Hadoop Security Enabled: false Ozone Security Enabled: false Ozone HTTP Security Enabled: false 
2022-07-12 20:44:46,688 [Listener at 0.0.0.0/46733] INFO  server.AuthenticationFilter (AuthenticationFilter.java:constructSecretProvider(240)) - Unable to initialize FileSignerSecretProvider, falling back to use random secrets.
2022-07-12 20:44:46,711 [Listener at 0.0.0.0/46733] WARN  http.HttpRequestLog (HttpRequestLog.java:getRequestLog(103)) - Jetty request log can only be enabled using Log4j
2022-07-12 20:44:46,712 [Listener at 0.0.0.0/46733] INFO  http.HttpServer2 (HttpServer2.java:addGlobalFilter(1029)) - Added global filter 'safety' (class=org.apache.hadoop.hdds.server.http.HttpServer2$QuotingInputFilter)
2022-07-12 20:44:46,713 [Listener at 0.0.0.0/46733] INFO  http.HttpServer2 (HttpServer2.java:addFilter(1005)) - Added filter static_user_filter (class=org.apache.hadoop.http.lib.StaticUserWebFilter$StaticUserFilter) to context scm
2022-07-12 20:44:46,713 [Listener at 0.0.0.0/46733] INFO  http.HttpServer2 (HttpServer2.java:addFilter(1013)) - Added filter static_user_filter (class=org.apache.hadoop.http.lib.StaticUserWebFilter$StaticUserFilter) to context logs
2022-07-12 20:44:46,713 [Listener at 0.0.0.0/46733] INFO  http.HttpServer2 (HttpServer2.java:addFilter(1013)) - Added filter static_user_filter (class=org.apache.hadoop.http.lib.StaticUserWebFilter$StaticUserFilter) to context static
2022-07-12 20:44:46,714 [Listener at 0.0.0.0/46733] INFO  http.HttpServer2 (HttpServer2.java:bindListener(1248)) - Jetty bound to port 45511
2022-07-12 20:44:46,714 [Listener at 0.0.0.0/46733] INFO  server.Server (Server.java:doStart(375)) - jetty-9.4.43.v20210629; built: 2021-06-30T11:07:22.254Z; git: 526006ecfa3af7f1a27ef3a288e2bef7ea9dd7e8; jvm 1.8.0_332-b09
2022-07-12 20:44:46,769 [Listener at 0.0.0.0/46733] INFO  server.session (DefaultSessionIdManager.java:doStart(334)) - DefaultSessionIdManager workerName=node0
2022-07-12 20:44:46,769 [Listener at 0.0.0.0/46733] INFO  server.session (DefaultSessionIdManager.java:doStart(339)) - No SessionScavenger set, using defaults
2022-07-12 20:44:46,769 [Listener at 0.0.0.0/46733] INFO  server.session (HouseKeeper.java:startScavenging(132)) - node0 Scavenging every 600000ms
2022-07-12 20:44:46,779 [Listener at 0.0.0.0/46733] INFO  handler.ContextHandler (ContextHandler.java:doStart(915)) - Started o.e.j.s.ServletContextHandler@1e85cf67{logs,/logs,file:///home/runner/work/ozone/ozone/hadoop-ozone/integration-test/target/log,AVAILABLE}
2022-07-12 20:44:46,779 [Listener at 0.0.0.0/46733] INFO  handler.ContextHandler (ContextHandler.java:doStart(915)) - Started o.e.j.s.ServletContextHandler@634851c1{static,/static,file:///home/runner/work/ozone/ozone/hadoop-ozone/integration-test/target/test-classes/webapps/static,AVAILABLE}
2022-07-12 20:44:46,791 [Listener at 0.0.0.0/46733] INFO  handler.ContextHandler (ContextHandler.java:doStart(915)) - Started o.e.j.w.WebAppContext@160a5e87{scm,/,file:///home/runner/work/ozone/ozone/hadoop-ozone/integration-test/target/test-classes/webapps/scm/,AVAILABLE}{file:/home/runner/work/ozone/ozone/hadoop-ozone/integration-test/target/test-classes/webapps/scm}
2022-07-12 20:44:46,795 [Listener at 0.0.0.0/46733] INFO  server.AbstractConnector (AbstractConnector.java:doStart(331)) - Started ServerConnector@2c41b93{HTTP/1.1, (http/1.1)}{0.0.0.0:45511}
2022-07-12 20:44:46,795 [Listener at 0.0.0.0/46733] INFO  server.Server (Server.java:doStart(415)) - Started @85169ms
2022-07-12 20:44:46,795 [Listener at 0.0.0.0/46733] WARN  impl.MetricsSystemImpl (MetricsSystemImpl.java:register(279)) - Sink prometheus already exists!
2022-07-12 20:44:46,796 [Listener at 0.0.0.0/46733] INFO  http.BaseHttpServer (BaseHttpServer.java:updateConnectorAddress(329)) - HTTP server of scm listening at http://0.0.0.0:45511
2022-07-12 20:44:46,796 [Listener at 0.0.0.0/46733] WARN  server.ServerUtils (ServerUtils.java:getDBPath(225)) - ozone.om.db.dirs is not configured. We recommend adding this setting. Falling back to ozone.metadata.dirs instead.
2022-07-12 20:44:46,803 [Listener at 0.0.0.0/46733] INFO  ha.OMHANodeDetails (OMHANodeDetails.java:loadOMHAConfig(115)) - ozone.om.internal.service.id is not defined, falling back to ozone.om.service.ids to find serviceID for OzoneManager if it is HA enabled cluster
2022-07-12 20:44:46,803 [Listener at 0.0.0.0/46733] INFO  ha.OMHANodeDetails (OMHANodeDetails.java:loadOMHAConfig(226)) - Configuration does not have ozone.om.address set. Falling back to the default OM address /127.0.0.1:0
2022-07-12 20:44:46,803 [Listener at 0.0.0.0/46733] INFO  ha.OMHANodeDetails (OMHANodeDetails.java:getOMNodeDetailsForNonHA(254)) - OM Service ID is not set. Setting it to the default ID: omServiceIdDefault
2022-07-12 20:44:46,804 [Listener at 0.0.0.0/46733] INFO  ha.OMHANodeDetails (OMHANodeDetails.java:getOMNodeDetailsForNonHA(261)) - OM Node ID is not set. Setting it to the default ID: om1
2022-07-12 20:44:46,804 [Listener at 0.0.0.0/46733] WARN  server.ServerUtils (ServerUtils.java:getDBPath(225)) - ozone.om.db.dirs is not configured. We recommend adding this setting. Falling back to ozone.metadata.dirs instead.
2022-07-12 20:44:46,804 [Listener at 0.0.0.0/46733] INFO  upgrade.AbstractLayoutVersionManager (AbstractLayoutVersionManager.java:init(82)) - Initializing Layout version manager with metadata layout = MULTITENANCY_SCHEMA (version = 3), software layout = MULTITENANCY_SCHEMA (version = 3)
2022-07-12 20:44:46,989 [Listener at 0.0.0.0/46733] INFO  reflections.Reflections (Reflections.java:scan(232)) - Reflections took 184 ms to scan 2 urls, producing 153 keys and 430 values [using 2 cores]
2022-07-12 20:44:46,989 [Listener at 0.0.0.0/46733] INFO  upgrade.OMLayoutVersionManager (OMLayoutVersionManager.java:lambda$0(115)) - Skipping Upgrade Action MockOmUpgradeAction since it has been finalized.
2022-07-12 20:44:46,989 [Listener at 0.0.0.0/46733] WARN  server.ServerUtils (ServerUtils.java:getDBPath(225)) - ozone.om.db.dirs is not configured. We recommend adding this setting. Falling back to ozone.metadata.dirs instead.
2022-07-12 20:44:46,991 [Listener at 0.0.0.0/46733] INFO  proxy.SCMBlockLocationFailoverProxyProvider (SCMBlockLocationFailoverProxyProvider.java:<init>(114)) - Created block location fail-over proxy with 1 nodes: [nodeId=scmNodeId,nodeAddress=/0.0.0.0:46419]
2022-07-12 20:44:46,992 [Listener at 0.0.0.0/46733] INFO  proxy.SCMBlockLocationFailoverProxyProvider (SCMBlockLocationFailoverProxyProvider.java:<init>(114)) - Created block location fail-over proxy with 1 nodes: [nodeId=scmNodeId,nodeAddress=/0.0.0.0:46419]
2022-07-12 20:44:47,028 [Listener at 0.0.0.0/46733] WARN  server.ServerUtils (ServerUtils.java:getDBPath(225)) - ozone.om.db.dirs is not configured. We recommend adding this setting. Falling back to ozone.metadata.dirs instead.
2022-07-12 20:44:47,028 [Listener at 0.0.0.0/46733] INFO  codec.OmKeyInfoCodec (OmKeyInfoCodec.java:<init>(49)) - OmKeyInfoCodec ignorePipeline = true
2022-07-12 20:44:47,029 [Listener at 0.0.0.0/46733] INFO  codec.RepeatedOmKeyInfoCodec (RepeatedOmKeyInfoCodec.java:<init>(41)) - RepeatedOmKeyInfoCodec ignorePipeline = true
2022-07-12 20:44:47,383 [Listener at 0.0.0.0/46733] INFO  om.OzoneManager (OzoneManager.java:instantiateServices(692)) - S3 Multi-Tenancy is disabled
2022-07-12 20:44:47,395 [Listener at 0.0.0.0/46733] INFO  om.OzoneManager (OzoneManager.java:addS3GVolumeToDB(4259)) - Created Volume s3v With Owner runner required for S3Gateway operations.
2022-07-12 20:44:47,395 [Listener at 0.0.0.0/46733] WARN  server.ServerUtils (ServerUtils.java:getDefaultRatisDirectory(237)) - Storage directory for Ratis is not configured. It is a good idea to map this to an SSD disk. Falling back to ozone.metadata.dirs
2022-07-12 20:44:47,395 [Listener at 0.0.0.0/46733] WARN  utils.OzoneManagerRatisUtils (OzoneManagerRatisUtils.java:getOMRatisSnapshotDirectory(431)) - ozone.om.ratis.snapshot.dir is not configured. Falling back to ozone.metadata.dirs config
2022-07-12 20:44:47,396 [Listener at 0.0.0.0/46733] WARN  server.ServerUtils (ServerUtils.java:getDefaultRatisDirectory(237)) - Storage directory for Ratis is not configured. It is a good idea to map this to an SSD disk. Falling back to ozone.metadata.dirs
2022-07-12 20:44:47,397 [Listener at 0.0.0.0/46733] INFO  ratis.OzoneManagerRatisServer (OzoneManagerRatisServer.java:<init>(159)) - Instantiating OM Ratis server with groupID: omServiceIdDefault and peers: localhost:9872
2022-07-12 20:44:47,397 [Listener at 0.0.0.0/46733] INFO  ratis.OzoneManagerStateMachine (OzoneManagerStateMachine.java:loadSnapshotInfoFromDB(632)) - LastAppliedIndex is set from TransactionInfo from OM DB as (t:0, i:~)
2022-07-12 20:44:47,411 [Listener at 0.0.0.0/46733] INFO  server.RaftServer (ConfUtils.java:logGet(46)) - raft.rpc.type = GRPC (default)
2022-07-12 20:44:47,411 [Listener at 0.0.0.0/46733] INFO  grpc.GrpcFactory (GrpcFactory.java:checkPooledByteBufAllocatorUseCacheForAllThreads(48)) - PERFORMANCE WARNING: useCacheForAllThreads is true that may cause Netty to create a lot garbage objects and, as a result, trigger GC.
	It is recommended to disable useCacheForAllThreads by setting -Dorg.apache.ratis.thirdparty.io.netty.allocator.useCacheForAllThreads=false in command line.
2022-07-12 20:44:47,411 [Listener at 0.0.0.0/46733] INFO  grpc.GrpcConfigKeys (ConfUtils.java:logGet(46)) - raft.grpc.admin.port = -1 (default)
2022-07-12 20:44:47,411 [Listener at 0.0.0.0/46733] INFO  grpc.GrpcConfigKeys (ConfUtils.java:logGet(46)) - raft.grpc.server.port = 9872 (custom)
2022-07-12 20:44:47,411 [Listener at 0.0.0.0/46733] INFO  grpc.GrpcConfigKeys (ConfUtils.java:logGet(46)) - raft.grpc.client.port = -1 (default)
2022-07-12 20:44:47,411 [Listener at 0.0.0.0/46733] INFO  grpc.GrpcConfigKeys (ConfUtils.java:logGet(46)) - raft.grpc.server.port = 9872 (custom)
2022-07-12 20:44:47,411 [Listener at 0.0.0.0/46733] INFO  grpc.GrpcConfigKeys (ConfUtils.java:logGet(46)) - raft.grpc.server.port = 9872 (custom)
2022-07-12 20:44:47,411 [Listener at 0.0.0.0/46733] INFO  server.GrpcService (ConfUtils.java:logGet(46)) - raft.grpc.message.size.max = 33554432 (custom)
2022-07-12 20:44:47,412 [Listener at 0.0.0.0/46733] INFO  server.RaftServerConfigKeys (ConfUtils.java:logGet(46)) - raft.server.log.appender.buffer.byte-limit = 33554432 (custom)
2022-07-12 20:44:47,412 [Listener at 0.0.0.0/46733] INFO  server.GrpcService (ConfUtils.java:logGet(46)) - raft.grpc.flow.control.window = 1MB (=1048576) (default)
2022-07-12 20:44:47,412 [Listener at 0.0.0.0/46733] INFO  server.RaftServerConfigKeys (ConfUtils.java:logGet(46)) - raft.server.rpc.request.timeout = 3000ms (default)
2022-07-12 20:44:47,412 [Listener at 0.0.0.0/46733] INFO  grpc.GrpcConfigKeys (ConfUtils.java:logGet(46)) - raft.grpc.server.async.request.thread.pool.cached = true (default)
2022-07-12 20:44:47,412 [Listener at 0.0.0.0/46733] INFO  grpc.GrpcConfigKeys (ConfUtils.java:logGet(46)) - raft.grpc.server.async.request.thread.pool.size = 32 (default)
2022-07-12 20:44:47,414 [Listener at 0.0.0.0/46733] INFO  impl.DataStreamServerImpl (ConfUtils.java:logGet(46)) - raft.datastream.type = DISABLED (default)
2022-07-12 20:44:47,414 [Listener at 0.0.0.0/46733] INFO  server.RaftServerConfigKeys (ConfUtils.java:logGet(46)) - raft.server.threadpool.proxy.cached = true (default)
2022-07-12 20:44:47,414 [Listener at 0.0.0.0/46733] INFO  server.RaftServerConfigKeys (ConfUtils.java:logGet(46)) - raft.server.threadpool.proxy.size = 0 (default)
2022-07-12 20:44:47,414 [Listener at 0.0.0.0/46733] INFO  server.RaftServerConfigKeys (ConfUtils.java:logGet(46)) - raft.server.rpc.slowness.timeout = 120s (custom)
2022-07-12 20:44:47,414 [Listener at 0.0.0.0/46733] INFO  server.RaftServerConfigKeys (ConfUtils.java:logGet(46)) - raft.server.leaderelection.leader.step-down.wait-time = 10s (default)
2022-07-12 20:44:47,414 [Listener at 0.0.0.0/46733] INFO  server.RaftServerConfigKeys (ConfUtils.java:logGet(46)) - raft.server.storage.dir = [/home/runner/work/ozone/ozone/hadoop-ozone/integration-test/target/test-dir/MiniOzoneClusterImpl-aeab48a2-5f28-437b-866d-5cf3b392f170/ozone-meta/ratis] (custom)
2022-07-12 20:44:47,431 [Listener at 0.0.0.0/46733] INFO  server.RaftServer (RaftServerProxy.java:addNew(96)) - om1: addNew group-C5BA1605619E:[om1|rpc:localhost:9872|priority:0] returns group-C5BA1605619E:java.util.concurrent.CompletableFuture@6e90958a[Not completed]
2022-07-12 20:44:47,431 [Listener at 0.0.0.0/46733] INFO  om.OzoneManager (OzoneManager.java:initializeRatisServer(1961)) - OzoneManager Ratis server initialized at port 9872
2022-07-12 20:44:47,432 [Listener at 0.0.0.0/46733] INFO  om.OzoneManager (OzoneManager.java:getRpcServer(1081)) - Creating RPC Server
2022-07-12 20:44:47,443 [pool-349-thread-1] INFO  server.RaftServer$Division (RaftServerImpl.java:<init>(190)) - om1: new RaftServerImpl for group-C5BA1605619E:[om1|rpc:localhost:9872|priority:0] with OzoneManagerStateMachine:uninitialized
2022-07-12 20:44:47,443 [pool-349-thread-1] INFO  server.RaftServerConfigKeys (ConfUtils.java:logGet(46)) - raft.server.rpc.timeout.min = 1s (custom)
2022-07-12 20:44:47,443 [pool-349-thread-1] INFO  server.RaftServerConfigKeys (ConfUtils.java:logGet(46)) - raft.server.rpc.timeout.max = 1200ms (custom)
2022-07-12 20:44:47,443 [pool-349-thread-1] INFO  server.RaftServerConfigKeys (ConfUtils.java:logGet(46)) - raft.server.rpc.sleep.time = 25ms (default)
2022-07-12 20:44:47,444 [pool-349-thread-1] INFO  server.RaftServerConfigKeys (ConfUtils.java:logGet(46)) - raft.server.rpc.slowness.timeout = 120s (custom)
2022-07-12 20:44:47,444 [pool-349-thread-1] INFO  server.RaftServerConfigKeys (ConfUtils.java:logGet(46)) - raft.server.leaderelection.leader.step-down.wait-time = 10s (default)
2022-07-12 20:44:47,444 [pool-349-thread-1] INFO  server.RaftServerConfigKeys (ConfUtils.java:logGet(46)) - raft.server.sleep.deviation.threshold = 300ms (default)
2022-07-12 20:44:47,444 [pool-349-thread-1] INFO  server.RaftServer$Division (ServerState.java:<init>(107)) - om1@group-C5BA1605619E: ConfigurationManager, init=-1: [om1|rpc:localhost:9872|priority:0], old=null, confs=<EMPTY_MAP>
2022-07-12 20:44:47,444 [pool-349-thread-1] INFO  server.RaftServerConfigKeys (ConfUtils.java:logGet(46)) - raft.server.storage.dir = [/home/runner/work/ozone/ozone/hadoop-ozone/integration-test/target/test-dir/MiniOzoneClusterImpl-aeab48a2-5f28-437b-866d-5cf3b392f170/ozone-meta/ratis] (custom)
2022-07-12 20:44:47,444 [pool-349-thread-1] INFO  server.RaftServerConfigKeys (ConfUtils.java:logGet(46)) - raft.server.log.corruption.policy = EXCEPTION (default)
2022-07-12 20:44:47,444 [pool-349-thread-1] INFO  server.RaftServerConfigKeys (ConfUtils.java:logGet(46)) - raft.server.storage.free-space.min = 0MB (=0) (default)
2022-07-12 20:44:47,444 [pool-349-thread-1] INFO  storage.RaftStorageDirectory (RaftStorageDirectoryImpl.java:analyzeStorage(135)) - The storage directory /home/runner/work/ozone/ozone/hadoop-ozone/integration-test/target/test-dir/MiniOzoneClusterImpl-aeab48a2-5f28-437b-866d-5cf3b392f170/ozone-meta/ratis/bf265839-605b-3f16-9796-c5ba1605619e does not exist. Creating ...
2022-07-12 20:44:47,446 [pool-349-thread-1] INFO  storage.RaftStorageDirectory (RaftStorageDirectoryImpl.java:tryLock(230)) - Lock on /home/runner/work/ozone/ozone/hadoop-ozone/integration-test/target/test-dir/MiniOzoneClusterImpl-aeab48a2-5f28-437b-866d-5cf3b392f170/ozone-meta/ratis/bf265839-605b-3f16-9796-c5ba1605619e/in_use.lock acquired by nodename 3147@fv-az29-983
2022-07-12 20:44:47,474 [pool-349-thread-1] INFO  storage.RaftStorage (RaftStorageImpl.java:format(89)) - Storage directory /home/runner/work/ozone/ozone/hadoop-ozone/integration-test/target/test-dir/MiniOzoneClusterImpl-aeab48a2-5f28-437b-866d-5cf3b392f170/ozone-meta/ratis/bf265839-605b-3f16-9796-c5ba1605619e has been successfully formatted.
2022-07-12 20:44:47,475 [pool-349-thread-1] INFO  server.RaftServerConfigKeys (ConfUtils.java:logGet(46)) - raft.server.notification.no-leader.timeout = 120s (custom)
2022-07-12 20:44:47,475 [pool-349-thread-1] INFO  server.RaftServerConfigKeys (ConfUtils.java:logGet(46)) - raft.server.log.use.memory = false (default)
2022-07-12 20:44:47,475 [pool-349-thread-1] INFO  server.RaftServerConfigKeys (ConfUtils.java:logGet(46)) - raft.server.log.purge.gap = 1000000 (custom)
2022-07-12 20:44:47,475 [pool-349-thread-1] INFO  server.RaftServerConfigKeys (ConfUtils.java:logGet(46)) - raft.server.log.appender.buffer.byte-limit = 33554432 (custom)
2022-07-12 20:44:47,475 [pool-349-thread-1] INFO  server.RaftServerConfigKeys (ConfUtils.java:logGet(46)) - raft.server.log.statemachine.data.read.timeout = 1000ms (default)
2022-07-12 20:44:47,475 [pool-349-thread-1] INFO  server.RaftServerConfigKeys (ConfUtils.java:logGet(46)) - raft.server.log.segment.size.max = 4194304 (custom)
2022-07-12 20:44:47,476 [pool-349-thread-1] INFO  server.RaftServerConfigKeys (ConfUtils.java:logGet(46)) - raft.server.log.segment.cache.num.max = 2 (custom)
2022-07-12 20:44:47,476 [pool-349-thread-1] INFO  server.RaftServerConfigKeys (ConfUtils.java:logGet(46)) - raft.server.log.segment.cache.size.max = 200MB (=209715200) (default)
2022-07-12 20:44:47,476 [pool-349-thread-1] INFO  segmented.SegmentedRaftLogWorker (SegmentedRaftLogWorker.java:<init>(187)) - new om1@group-C5BA1605619E-SegmentedRaftLogWorker for RaftStorageImpl:Storage Directory /home/runner/work/ozone/ozone/hadoop-ozone/integration-test/target/test-dir/MiniOzoneClusterImpl-aeab48a2-5f28-437b-866d-5cf3b392f170/ozone-meta/ratis/bf265839-605b-3f16-9796-c5ba1605619e
2022-07-12 20:44:47,476 [pool-349-thread-1] INFO  server.RaftServerConfigKeys (ConfUtils.java:logGet(46)) - raft.server.log.queue.byte-limit = 64MB (=67108864) (default)
2022-07-12 20:44:47,476 [pool-349-thread-1] INFO  server.RaftServerConfigKeys (ConfUtils.java:logGet(46)) - raft.server.log.queue.element-limit = 4096 (default)
2022-07-12 20:44:47,476 [pool-349-thread-1] INFO  server.RaftServerConfigKeys (ConfUtils.java:logGet(46)) - raft.server.log.segment.size.max = 4194304 (custom)
2022-07-12 20:44:47,476 [pool-349-thread-1] INFO  server.RaftServerConfigKeys (ConfUtils.java:logGet(46)) - raft.server.log.preallocated.size = 4194304 (custom)
2022-07-12 20:44:47,476 [pool-349-thread-1] INFO  server.RaftServerConfigKeys (ConfUtils.java:logGet(46)) - raft.server.log.force.sync.num = 128 (default)
2022-07-12 20:44:47,476 [pool-349-thread-1] INFO  server.RaftServerConfigKeys (ConfUtils.java:logGet(46)) - raft.server.log.statemachine.data.sync = true (default)
2022-07-12 20:44:47,476 [pool-349-thread-1] INFO  server.RaftServerConfigKeys (ConfUtils.java:logGet(46)) - raft.server.log.statemachine.data.sync.timeout = 10s (default)
2022-07-12 20:44:47,476 [pool-349-thread-1] INFO  server.RaftServerConfigKeys (ConfUtils.java:logGet(46)) - raft.server.log.statemachine.data.sync.timeout.retry = -1 (default)
2022-07-12 20:44:47,477 [pool-349-thread-1] INFO  server.RaftServerConfigKeys (ConfUtils.java:logGet(46)) - raft.server.log.write.buffer.size = 64KB (=65536) (default)
2022-07-12 20:44:47,477 [pool-349-thread-1] INFO  server.RaftServerConfigKeys (ConfUtils.java:logGet(46)) - raft.server.log.unsafe-flush.enabled = false (default)
2022-07-12 20:44:47,477 [pool-349-thread-1] INFO  server.RaftServerConfigKeys (ConfUtils.java:logGet(46)) - raft.server.log.statemachine.data.caching.enabled = false (default)
2022-07-12 20:44:47,477 [pool-349-thread-1] INFO  segmented.SegmentedRaftLogWorker (SegmentedRaftLogWorker.java:lambda$new$0(135)) - om1@group-C5BA1605619E-SegmentedRaftLogWorker: flushIndex: setUnconditionally 0 -> -1
2022-07-12 20:44:47,477 [pool-349-thread-1] INFO  segmented.SegmentedRaftLogWorker (SegmentedRaftLogWorker.java:lambda$new$0(135)) - om1@group-C5BA1605619E-SegmentedRaftLogWorker: safeCacheEvictIndex: setUnconditionally 0 -> -1
2022-07-12 20:44:47,497 [pool-349-thread-1] INFO  server.RaftServerConfigKeys (ConfUtils.java:logGet(46)) - raft.server.snapshot.auto.trigger.enabled = true (custom)
2022-07-12 20:44:47,497 [pool-349-thread-1] INFO  server.RaftServerConfigKeys (ConfUtils.java:logGet(46)) - raft.server.snapshot.auto.trigger.threshold = 400000 (default)
2022-07-12 20:44:47,497 [pool-349-thread-1] INFO  server.RaftServerConfigKeys (ConfUtils.java:logGet(46)) - raft.server.snapshot.retention.file.num = -1 (default)
2022-07-12 20:44:47,497 [pool-349-thread-1] INFO  server.RaftServerConfigKeys (ConfUtils.java:logGet(46)) - raft.server.log.purge.upto.snapshot.index = true (custom)
2022-07-12 20:44:47,498 [pool-349-thread-1] INFO  server.RaftServerConfigKeys (ConfUtils.java:logGet(46)) - raft.server.retrycache.expirytime = 300s (custom)
2022-07-12 20:44:47,498 [pool-349-thread-1] INFO  server.RaftServerConfigKeys (ConfUtils.java:logGet(46)) - raft.server.retrycache.statistics.expirytime = 100μs (default)
2022-07-12 20:44:47,499 [pool-349-thread-1] INFO  server.RaftServerConfigKeys (ConfUtils.java:logGet(46)) - raft.server.log.appender.install.snapshot.enabled = false (custom)
2022-07-12 20:44:47,499 [pool-349-thread-1] INFO  server.RaftServerConfigKeys (ConfUtils.java:logGet(46)) - raft.server.threadpool.server.cached = true (default)
2022-07-12 20:44:47,499 [pool-349-thread-1] INFO  server.RaftServerConfigKeys (ConfUtils.java:logGet(46)) - raft.server.threadpool.server.size = 0 (default)
2022-07-12 20:44:47,499 [pool-349-thread-1] INFO  server.RaftServerConfigKeys (ConfUtils.java:logGet(46)) - raft.server.threadpool.client.cached = true (default)
2022-07-12 20:44:47,499 [pool-349-thread-1] INFO  server.RaftServerConfigKeys (ConfUtils.java:logGet(46)) - raft.server.threadpool.client.size = 0 (default)
2022-07-12 20:44:48,558 [Listener at 0.0.0.0/46733] INFO  reflections.Reflections (Reflections.java:scan(232)) - Reflections took 1125 ms to scan 19 urls, producing 66 keys and 4101 values [using 2 cores]
2022-07-12 20:44:48,560 [Listener at 0.0.0.0/46733] INFO  ipc.CallQueueManager (CallQueueManager.java:<init>(90)) - Using callQueue: class java.util.concurrent.LinkedBlockingQueue, queueCapacity: 2000, scheduler: class org.apache.hadoop.ipc.DefaultRpcScheduler, ipcBackoff: false.
2022-07-12 20:44:48,564 [Socket Reader #1 for port 0] INFO  ipc.Server (Server.java:run(1265)) - Starting Socket Reader #1 for port 0
2022-07-12 20:44:48,613 [Listener at 127.0.0.1/40525] INFO  impl.MetricsSystemImpl (MetricsSystemImpl.java:init(158)) - OzoneManager metrics system started (again)
2022-07-12 20:44:48,644 [Listener at 127.0.0.1/40525] INFO  om.OzoneManager (OzoneManager.java:start(1465)) - OzoneManager RPC server is listening at localhost/127.0.0.1:40525
2022-07-12 20:44:48,644 [Listener at 127.0.0.1/40525] INFO  ratis.OzoneManagerRatisServer (OzoneManagerRatisServer.java:start(554)) - Starting OzoneManagerRatisServer om1 at port 9872
2022-07-12 20:44:48,644 [om1-impl-thread1] INFO  server.RaftServer$Division (RaftServerImpl.java:start(310)) - om1@group-C5BA1605619E: start as a follower, conf=-1: [om1|rpc:localhost:9872|priority:0], old=null
2022-07-12 20:44:48,644 [om1-impl-thread1] INFO  server.RaftServer$Division (RaftServerImpl.java:setRole(299)) - om1@group-C5BA1605619E: changes role from      null to FOLLOWER at term 0 for startAsFollower
2022-07-12 20:44:48,644 [om1-impl-thread1] INFO  impl.RoleInfo (RoleInfo.java:updateAndGet(139)) - om1: start om1@group-C5BA1605619E-FollowerState
2022-07-12 20:44:48,648 [om1-impl-thread1] INFO  util.JmxRegister (JmxRegister.java:tryRegister(44)) - Successfully registered JMX Bean with object name Ratis:service=RaftServer,group=group-C5BA1605619E,id=om1
2022-07-12 20:44:48,663 [Listener at 127.0.0.1/40525] INFO  server.RaftServer (RaftServerProxy.java:lambda$start$6(382)) - om1: start RPC server
2022-07-12 20:44:48,694 [Listener at 127.0.0.1/40525] INFO  server.GrpcService (GrpcService.java:startImpl(260)) - om1: GrpcService started, listening on 9872
2022-07-12 20:44:48,695 [Listener at 127.0.0.1/40525] INFO  om.OzoneManager (OzoneManager.java:start(1481)) - Version File has different layout version (3) than OM DB (null). That is expected if this OM has never been finalized to a newer layout version.
2022-07-12 20:44:48,695 [org.apache.ratis.util.JvmPauseMonitor$$Lambda$680/1268395511@21545457] INFO  util.JvmPauseMonitor (JvmPauseMonitor.java:run(103)) - JvmPauseMonitor-om1: Started
2022-07-12 20:44:48,703 [Listener at 127.0.0.1/40525] INFO  http.BaseHttpServer (BaseHttpServer.java:newHttpServer2BuilderForOzone(209)) - Starting Web-server for ozoneManager at: http://0.0.0.0:0
2022-07-12 20:44:48,703 [Listener at 127.0.0.1/40525] INFO  http.BaseHttpServer (BaseHttpServer.java:<init>(107)) - Hadoop Security Enabled: false Ozone Security Enabled: false Ozone HTTP Security Enabled: false 
2022-07-12 20:44:48,704 [Listener at 127.0.0.1/40525] INFO  server.AuthenticationFilter (AuthenticationFilter.java:constructSecretProvider(240)) - Unable to initialize FileSignerSecretProvider, falling back to use random secrets.
2022-07-12 20:44:48,710 [Listener at 127.0.0.1/40525] WARN  http.HttpRequestLog (HttpRequestLog.java:getRequestLog(103)) - Jetty request log can only be enabled using Log4j
2022-07-12 20:44:48,717 [Listener at 127.0.0.1/40525] INFO  http.HttpServer2 (HttpServer2.java:addGlobalFilter(1029)) - Added global filter 'safety' (class=org.apache.hadoop.hdds.server.http.HttpServer2$QuotingInputFilter)
2022-07-12 20:44:48,718 [Listener at 127.0.0.1/40525] INFO  http.HttpServer2 (HttpServer2.java:addFilter(1005)) - Added filter static_user_filter (class=org.apache.hadoop.http.lib.StaticUserWebFilter$StaticUserFilter) to context ozoneManager
2022-07-12 20:44:48,718 [Listener at 127.0.0.1/40525] INFO  http.HttpServer2 (HttpServer2.java:addFilter(1013)) - Added filter static_user_filter (class=org.apache.hadoop.http.lib.StaticUserWebFilter$StaticUserFilter) to context logs
2022-07-12 20:44:48,718 [Listener at 127.0.0.1/40525] INFO  http.HttpServer2 (HttpServer2.java:addFilter(1013)) - Added filter static_user_filter (class=org.apache.hadoop.http.lib.StaticUserWebFilter$StaticUserFilter) to context static
2022-07-12 20:44:48,725 [Listener at 127.0.0.1/40525] INFO  http.HttpServer2 (HttpServer2.java:bindListener(1248)) - Jetty bound to port 46087
2022-07-12 20:44:48,725 [Listener at 127.0.0.1/40525] INFO  server.Server (Server.java:doStart(375)) - jetty-9.4.43.v20210629; built: 2021-06-30T11:07:22.254Z; git: 526006ecfa3af7f1a27ef3a288e2bef7ea9dd7e8; jvm 1.8.0_332-b09
2022-07-12 20:44:48,795 [Listener at 127.0.0.1/40525] INFO  server.session (DefaultSessionIdManager.java:doStart(334)) - DefaultSessionIdManager workerName=node0
2022-07-12 20:44:48,795 [Listener at 127.0.0.1/40525] INFO  server.session (DefaultSessionIdManager.java:doStart(339)) - No SessionScavenger set, using defaults
2022-07-12 20:44:48,795 [Listener at 127.0.0.1/40525] INFO  server.session (HouseKeeper.java:startScavenging(132)) - node0 Scavenging every 600000ms
2022-07-12 20:44:48,805 [Listener at 127.0.0.1/40525] INFO  handler.ContextHandler (ContextHandler.java:doStart(915)) - Started o.e.j.s.ServletContextHandler@253e291e{logs,/logs,file:///home/runner/work/ozone/ozone/hadoop-ozone/integration-test/target/log,AVAILABLE}
2022-07-12 20:44:48,805 [Listener at 127.0.0.1/40525] INFO  handler.ContextHandler (ContextHandler.java:doStart(915)) - Started o.e.j.s.ServletContextHandler@2f98755d{static,/static,file:///home/runner/work/ozone/ozone/hadoop-ozone/integration-test/target/test-classes/webapps/static,AVAILABLE}
2022-07-12 20:44:48,808 [Listener at 127.0.0.1/40525] INFO  handler.ContextHandler (ContextHandler.java:doStart(915)) - Started o.e.j.w.WebAppContext@14cb3b20{ozoneManager,/,file:///home/runner/work/ozone/ozone/hadoop-ozone/integration-test/target/test-classes/webapps/ozoneManager/,AVAILABLE}{file:/home/runner/work/ozone/ozone/hadoop-ozone/integration-test/target/test-classes/webapps/ozoneManager}
2022-07-12 20:44:48,835 [Listener at 127.0.0.1/40525] INFO  server.AbstractConnector (AbstractConnector.java:doStart(331)) - Started ServerConnector@6d819279{HTTP/1.1, (http/1.1)}{0.0.0.0:46087}
2022-07-12 20:44:48,835 [Listener at 127.0.0.1/40525] INFO  server.Server (Server.java:doStart(415)) - Started @87210ms
2022-07-12 20:44:48,835 [Listener at 127.0.0.1/40525] WARN  impl.MetricsSystemImpl (MetricsSystemImpl.java:register(279)) - Sink prometheus already exists!
2022-07-12 20:44:48,836 [Listener at 127.0.0.1/40525] INFO  http.BaseHttpServer (BaseHttpServer.java:updateConnectorAddress(329)) - HTTP server of ozoneManager listening at http://0.0.0.0:46087
2022-07-12 20:44:48,843 [IPC Server Responder] INFO  ipc.Server (Server.java:run(1507)) - IPC Server Responder: starting
2022-07-12 20:44:48,847 [IPC Server listener on 0] INFO  ipc.Server (Server.java:run(1344)) - IPC Server listener on 0: starting
2022-07-12 20:44:48,879 [Listener at 127.0.0.1/40525] INFO  om.OzoneManager (OzoneManager.java:startTrashEmptier(1905)) - Trash Interval set to 0. Files deleted won't move to trash
2022-07-12 20:44:48,904 [Listener at 127.0.0.1/40525] WARN  impl.MetricRegistriesImpl (MetricRegistriesImpl.java:addReporterRegistration(111)) - New reporters are added after registries were created. Some metrics will be missing from the reporter. Please add reporter before adding any new registry.
2022-07-12 20:44:48,904 [Listener at 127.0.0.1/40525] WARN  impl.MetricRegistriesImpl (MetricRegistriesImpl.java:addReporterRegistration(111)) - New reporters are added after registries were created. Some metrics will be missing from the reporter. Please add reporter before adding any new registry.
2022-07-12 20:44:48,904 [Listener at 127.0.0.1/40525] INFO  impl.MetricsSystemImpl (MetricsSystemImpl.java:init(158)) - HddsDatanode metrics system started (again)
2022-07-12 20:44:48,913 [org.apache.hadoop.util.JvmPauseMonitor$Monitor@505942aa] INFO  util.JvmPauseMonitor (JvmPauseMonitor.java:run(188)) - Starting JVM pause monitor
2022-07-12 20:44:48,938 [Listener at 127.0.0.1/40525] INFO  ozone.HddsDatanodeService (HddsDatanodeService.java:start(236)) - HddsDatanodeService host:fv-az29-983.0gf2enmb5avurc1gjtxldx4mnh.bx.internal.cloudapp.net ip:10.1.0.33
2022-07-12 20:44:49,010 [Listener at 127.0.0.1/40525] INFO  upgrade.AbstractLayoutVersionManager (AbstractLayoutVersionManager.java:init(82)) - Initializing Layout version manager with metadata layout = DATANODE_SCHEMA_V3 (version = 4), software layout = DATANODE_SCHEMA_V3 (version = 4)
2022-07-12 20:44:49,128 [Listener at 127.0.0.1/40525] INFO  reflections.Reflections (Reflections.java:scan(232)) - Reflections took 117 ms to scan 7 urls, producing 132 keys and 317 values 
2022-07-12 20:44:49,130 [Listener at 127.0.0.1/40525] INFO  statemachine.DatanodeStateMachine (DatanodeStateMachine.java:getEndPointTaskThreadPoolSize(237)) - Datanode State Machine Task Thread Pool size 2
2022-07-12 20:44:49,132 [Listener at 127.0.0.1/40525] INFO  volume.HddsVolume (HddsVolume.java:<init>(116)) - Creating HddsVolume: /home/runner/work/ozone/ozone/hadoop-ozone/integration-test/target/test-dir/MiniOzoneClusterImpl-aeab48a2-5f28-437b-866d-5cf3b392f170/datanode-0/data-0/containers/hdds of storage type : DISK capacity : 9223372036854775807
2022-07-12 20:44:49,132 [Listener at 127.0.0.1/40525] INFO  volume.MutableVolumeSet (MutableVolumeSet.java:initializeVolumeSet(174)) - Added Volume : /home/runner/work/ozone/ozone/hadoop-ozone/integration-test/target/test-dir/MiniOzoneClusterImpl-aeab48a2-5f28-437b-866d-5cf3b392f170/datanode-0/data-0/containers/hdds to VolumeSet
2022-07-12 20:44:49,132 [Listener at 127.0.0.1/40525] INFO  volume.ThrottledAsyncChecker (ThrottledAsyncChecker.java:schedule(141)) - Scheduling a check for /home/runner/work/ozone/ozone/hadoop-ozone/integration-test/target/test-dir/MiniOzoneClusterImpl-aeab48a2-5f28-437b-866d-5cf3b392f170/datanode-0/data-0/containers/hdds
2022-07-12 20:44:49,133 [Listener at 127.0.0.1/40525] INFO  volume.StorageVolumeChecker (StorageVolumeChecker.java:checkAllVolumes(202)) - Scheduled health check for volume /home/runner/work/ozone/ozone/hadoop-ozone/integration-test/target/test-dir/MiniOzoneClusterImpl-aeab48a2-5f28-437b-866d-5cf3b392f170/datanode-0/data-0/containers/hdds
2022-07-12 20:44:49,156 [Listener at 127.0.0.1/40525] INFO  volume.MutableVolumeSet (MutableVolumeSet.java:initializeVolumeSet(174)) - Added Volume : /home/runner/work/ozone/ozone/hadoop-ozone/integration-test/target/test-dir/MiniOzoneClusterImpl-aeab48a2-5f28-437b-866d-5cf3b392f170/datanode-0/data/ratis to VolumeSet
2022-07-12 20:44:49,156 [Listener at 127.0.0.1/40525] INFO  volume.ThrottledAsyncChecker (ThrottledAsyncChecker.java:schedule(141)) - Scheduling a check for /home/runner/work/ozone/ozone/hadoop-ozone/integration-test/target/test-dir/MiniOzoneClusterImpl-aeab48a2-5f28-437b-866d-5cf3b392f170/datanode-0/data/ratis
2022-07-12 20:44:49,156 [Listener at 127.0.0.1/40525] INFO  volume.StorageVolumeChecker (StorageVolumeChecker.java:checkAllVolumes(202)) - Scheduled health check for volume /home/runner/work/ozone/ozone/hadoop-ozone/integration-test/target/test-dir/MiniOzoneClusterImpl-aeab48a2-5f28-437b-866d-5cf3b392f170/datanode-0/data/ratis
2022-07-12 20:44:49,187 [Thread-686] INFO  ozoneimpl.ContainerReader (ContainerReader.java:readVolume(175)) - Finish verifying containers on volume /home/runner/work/ozone/ozone/hadoop-ozone/integration-test/target/test-dir/MiniOzoneClusterImpl-aeab48a2-5f28-437b-866d-5cf3b392f170/datanode-0/data-0/containers/hdds
2022-07-12 20:44:49,187 [Listener at 127.0.0.1/40525] INFO  ozoneimpl.OzoneContainer (OzoneContainer.java:buildContainerSet(266)) - Build ContainerSet costs 0s
2022-07-12 20:44:49,191 [Listener at 127.0.0.1/40525] INFO  server.RaftServer (ConfUtils.java:logGet(46)) - raft.rpc.type = GRPC (default)
2022-07-12 20:44:49,192 [Listener at 127.0.0.1/40525] INFO  grpc.GrpcFactory (GrpcFactory.java:checkPooledByteBufAllocatorUseCacheForAllThreads(48)) - PERFORMANCE WARNING: useCacheForAllThreads is true that may cause Netty to create a lot garbage objects and, as a result, trigger GC.
	It is recommended to disable useCacheForAllThreads by setting -Dorg.apache.ratis.thirdparty.io.netty.allocator.useCacheForAllThreads=false in command line.
2022-07-12 20:44:49,192 [Listener at 127.0.0.1/40525] INFO  grpc.GrpcConfigKeys (ConfUtils.java:logGet(46)) - raft.grpc.admin.port = 0 (custom)
2022-07-12 20:44:49,192 [Listener at 127.0.0.1/40525] INFO  grpc.GrpcConfigKeys (ConfUtils.java:logGet(46)) - raft.grpc.client.port = 0 (custom)
2022-07-12 20:44:49,210 [Listener at 127.0.0.1/40525] INFO  grpc.GrpcConfigKeys (ConfUtils.java:logGet(46)) - raft.grpc.server.port = 0 (default)
2022-07-12 20:44:49,211 [Listener at 127.0.0.1/40525] INFO  server.GrpcService (ConfUtils.java:logGet(46)) - raft.grpc.message.size.max = 32MB (=33554432) (custom)
2022-07-12 20:44:49,211 [Listener at 127.0.0.1/40525] INFO  server.RaftServerConfigKeys (ConfUtils.java:logGet(46)) - raft.server.log.appender.buffer.byte-limit = 33554432 (custom)
2022-07-12 20:44:49,211 [Listener at 127.0.0.1/40525] INFO  server.GrpcService (ConfUtils.java:logGet(46)) - raft.grpc.flow.control.window = 5MB (=5242880) (custom)
2022-07-12 20:44:49,211 [Listener at 127.0.0.1/40525] INFO  server.RaftServerConfigKeys (ConfUtils.java:logGet(46)) - raft.server.rpc.request.timeout = 60s (custom)
2022-07-12 20:44:49,211 [Listener at 127.0.0.1/40525] INFO  grpc.GrpcConfigKeys (ConfUtils.java:logGet(46)) - raft.grpc.server.async.request.thread.pool.cached = true (default)
2022-07-12 20:44:49,211 [Listener at 127.0.0.1/40525] INFO  grpc.GrpcConfigKeys (ConfUtils.java:logGet(46)) - raft.grpc.server.async.request.thread.pool.size = 32 (default)
2022-07-12 20:44:49,222 [Listener at 127.0.0.1/40525] INFO  impl.DataStreamServerImpl (ConfUtils.java:logGet(46)) - raft.datastream.type = DISABLED (default)
2022-07-12 20:44:49,222 [Listener at 127.0.0.1/40525] INFO  server.RaftServerConfigKeys (ConfUtils.java:logGet(46)) - raft.server.threadpool.proxy.cached = true (default)
2022-07-12 20:44:49,223 [Listener at 127.0.0.1/40525] INFO  server.RaftServerConfigKeys (ConfUtils.java:logGet(46)) - raft.server.threadpool.proxy.size = 0 (default)
2022-07-12 20:44:49,223 [Listener at 127.0.0.1/40525] INFO  server.RaftServerConfigKeys (ConfUtils.java:logGet(46)) - raft.server.rpc.slowness.timeout = 300s (custom)
2022-07-12 20:44:49,223 [Listener at 127.0.0.1/40525] INFO  server.RaftServerConfigKeys (ConfUtils.java:logGet(46)) - raft.server.leaderelection.leader.step-down.wait-time = 10s (default)
2022-07-12 20:44:49,223 [Listener at 127.0.0.1/40525] INFO  server.RaftServerConfigKeys (ConfUtils.java:logGet(46)) - raft.server.storage.dir = [/home/runner/work/ozone/ozone/hadoop-ozone/integration-test/target/test-dir/MiniOzoneClusterImpl-aeab48a2-5f28-437b-866d-5cf3b392f170/datanode-0/data/ratis] (custom)
2022-07-12 20:44:49,236 [Listener at 127.0.0.1/40525] INFO  server.XceiverServerGrpc (XceiverServerGrpc.java:<init>(132)) - GrpcServer channel type EpollServerSocketChannel
2022-07-12 20:44:49,267 [Listener at 127.0.0.1/40525] INFO  http.BaseHttpServer (BaseHttpServer.java:newHttpServer2BuilderForOzone(209)) - Starting Web-server for hddsDatanode at: http://0.0.0.0:0
2022-07-12 20:44:49,267 [Listener at 127.0.0.1/40525] INFO  http.BaseHttpServer (BaseHttpServer.java:<init>(107)) - Hadoop Security Enabled: false Ozone Security Enabled: false Ozone HTTP Security Enabled: false 
2022-07-12 20:44:49,268 [Listener at 127.0.0.1/40525] INFO  server.AuthenticationFilter (AuthenticationFilter.java:constructSecretProvider(240)) - Unable to initialize FileSignerSecretProvider, falling back to use random secrets.
2022-07-12 20:44:49,287 [Listener at 127.0.0.1/40525] WARN  http.HttpRequestLog (HttpRequestLog.java:getRequestLog(103)) - Jetty request log can only be enabled using Log4j
2022-07-12 20:44:49,289 [Listener at 127.0.0.1/40525] INFO  http.HttpServer2 (HttpServer2.java:addGlobalFilter(1029)) - Added global filter 'safety' (class=org.apache.hadoop.hdds.server.http.HttpServer2$QuotingInputFilter)
2022-07-12 20:44:49,290 [Listener at 127.0.0.1/40525] INFO  http.HttpServer2 (HttpServer2.java:addFilter(1005)) - Added filter static_user_filter (class=org.apache.hadoop.http.lib.StaticUserWebFilter$StaticUserFilter) to context hddsDatanode
2022-07-12 20:44:49,290 [Listener at 127.0.0.1/40525] INFO  http.HttpServer2 (HttpServer2.java:addFilter(1013)) - Added filter static_user_filter (class=org.apache.hadoop.http.lib.StaticUserWebFilter$StaticUserFilter) to context static
2022-07-12 20:44:49,290 [Listener at 127.0.0.1/40525] INFO  http.HttpServer2 (HttpServer2.java:addFilter(1013)) - Added filter static_user_filter (class=org.apache.hadoop.http.lib.StaticUserWebFilter$StaticUserFilter) to context logs
2022-07-12 20:44:49,290 [Listener at 127.0.0.1/40525] INFO  http.HttpServer2 (HttpServer2.java:bindListener(1248)) - Jetty bound to port 41913
2022-07-12 20:44:49,291 [Listener at 127.0.0.1/40525] INFO  server.Server (Server.java:doStart(375)) - jetty-9.4.43.v20210629; built: 2021-06-30T11:07:22.254Z; git: 526006ecfa3af7f1a27ef3a288e2bef7ea9dd7e8; jvm 1.8.0_332-b09
2022-07-12 20:44:49,296 [Listener at 127.0.0.1/40525] INFO  server.session (DefaultSessionIdManager.java:doStart(334)) - DefaultSessionIdManager workerName=node0
2022-07-12 20:44:49,296 [Listener at 127.0.0.1/40525] INFO  server.session (DefaultSessionIdManager.java:doStart(339)) - No SessionScavenger set, using defaults
2022-07-12 20:44:49,296 [Listener at 127.0.0.1/40525] INFO  server.session (HouseKeeper.java:startScavenging(132)) - node0 Scavenging every 660000ms
2022-07-12 20:44:49,297 [Listener at 127.0.0.1/40525] INFO  handler.ContextHandler (ContextHandler.java:doStart(915)) - Started o.e.j.s.ServletContextHandler@e5220bd{logs,/logs,file:///home/runner/work/ozone/ozone/hadoop-ozone/integration-test/target/log,AVAILABLE}
2022-07-12 20:44:49,297 [Listener at 127.0.0.1/40525] INFO  handler.ContextHandler (ContextHandler.java:doStart(915)) - Started o.e.j.s.ServletContextHandler@7f6ca769{static,/static,jar:file:/home/runner/.m2/repository/org/apache/ozone/hdds-container-service/1.3.0-SNAPSHOT/hdds-container-service-1.3.0-SNAPSHOT.jar!/webapps/static,AVAILABLE}
2022-07-12 20:44:49,740 [Listener at 127.0.0.1/40525] INFO  handler.ContextHandler (ContextHandler.java:doStart(915)) - Started o.e.j.w.WebAppContext@7efc8091{hddsDatanode,/,file:///tmp/jetty-0_0_0_0-41913-hdds-container-service-1_3_0-SNAPSHOT_jar-_-any-7641118810774876309/webapp/,AVAILABLE}{jar:file:/home/runner/.m2/repository/org/apache/ozone/hdds-container-service/1.3.0-SNAPSHOT/hdds-container-service-1.3.0-SNAPSHOT.jar!/webapps/hddsDatanode}
2022-07-12 20:44:49,764 [Listener at 127.0.0.1/40525] INFO  server.AbstractConnector (AbstractConnector.java:doStart(331)) - Started ServerConnector@5379a77a{HTTP/1.1, (http/1.1)}{0.0.0.0:41913}
2022-07-12 20:44:49,764 [Listener at 127.0.0.1/40525] INFO  server.Server (Server.java:doStart(415)) - Started @88139ms
2022-07-12 20:44:49,765 [Listener at 127.0.0.1/40525] WARN  impl.MetricsSystemImpl (MetricsSystemImpl.java:register(279)) - Sink prometheus already exists!
2022-07-12 20:44:49,771 [Listener at 127.0.0.1/40525] INFO  http.BaseHttpServer (BaseHttpServer.java:updateConnectorAddress(329)) - HTTP server of hddsDatanode listening at http://0.0.0.0:41913
2022-07-12 20:44:49,783 [Datanode State Machine Daemon Thread] INFO  statemachine.DatanodeStateMachine (DatanodeStateMachine.java:lambda$startDaemon$0(492)) - Ozone container server started.
2022-07-12 20:44:49,784 [Listener at 127.0.0.1/40525] WARN  impl.MetricRegistriesImpl (MetricRegistriesImpl.java:addReporterRegistration(111)) - New reporters are added after registries were created. Some metrics will be missing from the reporter. Please add reporter before adding any new registry.
2022-07-12 20:44:49,784 [Listener at 127.0.0.1/40525] WARN  impl.MetricRegistriesImpl (MetricRegistriesImpl.java:addReporterRegistration(111)) - New reporters are added after registries were created. Some metrics will be missing from the reporter. Please add reporter before adding any new registry.
2022-07-12 20:44:49,784 [Listener at 127.0.0.1/40525] INFO  impl.MetricsSystemImpl (MetricsSystemImpl.java:init(158)) - HddsDatanode metrics system started (again)
2022-07-12 20:44:49,819 [org.apache.hadoop.util.JvmPauseMonitor$Monitor@872e8b6] INFO  util.JvmPauseMonitor (JvmPauseMonitor.java:run(188)) - Starting JVM pause monitor
2022-07-12 20:44:49,833 [om1@group-C5BA1605619E-FollowerState] INFO  impl.FollowerState (FollowerState.java:run(143)) - om1@group-C5BA1605619E-FollowerState: change to CANDIDATE, lastRpcElapsedTime:1189195346ns, electionTimeout:1185ms
2022-07-12 20:44:49,834 [om1@group-C5BA1605619E-FollowerState] INFO  impl.RoleInfo (RoleInfo.java:shutdownFollowerState(110)) - om1: shutdown om1@group-C5BA1605619E-FollowerState
2022-07-12 20:44:49,834 [om1@group-C5BA1605619E-FollowerState] INFO  server.RaftServer$Division (RaftServerImpl.java:setRole(299)) - om1@group-C5BA1605619E: changes role from  FOLLOWER to CANDIDATE at term 0 for changeToCandidate
2022-07-12 20:44:49,834 [om1@group-C5BA1605619E-FollowerState] INFO  server.RaftServerConfigKeys (ConfUtils.java:logGet(46)) - raft.server.leaderelection.pre-vote = false (custom)
2022-07-12 20:44:49,834 [om1@group-C5BA1605619E-FollowerState] INFO  impl.RoleInfo (RoleInfo.java:updateAndGet(139)) - om1: start om1@group-C5BA1605619E-LeaderElection30
2022-07-12 20:44:49,834 [Listener at 127.0.0.1/40525] INFO  ozone.HddsDatanodeService (HddsDatanodeService.java:start(236)) - HddsDatanodeService host:fv-az29-983.0gf2enmb5avurc1gjtxldx4mnh.bx.internal.cloudapp.net ip:10.1.0.33
2022-07-12 20:44:49,851 [Datanode State Machine Task Thread - 0] INFO  datanode.InitDatanodeState (InitDatanodeState.java:persistContainerDatanodeDetails(138)) - DatanodeDetails is persisted to /home/runner/work/ozone/ozone/hadoop-ozone/integration-test/target/test-dir/MiniOzoneClusterImpl-aeab48a2-5f28-437b-866d-5cf3b392f170/datanode-0/meta/datanode.id
2022-07-12 20:44:49,860 [om1@group-C5BA1605619E-LeaderElection30] INFO  impl.LeaderElection (LeaderElection.java:askForVotes(310)) - om1@group-C5BA1605619E-LeaderElection30 ELECTION round 0: submit vote requests at term 1 for -1: [om1|rpc:localhost:9872|priority:0], old=null
2022-07-12 20:44:49,860 [om1@group-C5BA1605619E-LeaderElection30] INFO  impl.LeaderElection (LeaderElection.java:askForVotes(312)) - om1@group-C5BA1605619E-LeaderElection30 ELECTION round 0: result PASSED (term=1)
2022-07-12 20:44:49,860 [om1@group-C5BA1605619E-LeaderElection30] INFO  impl.RoleInfo (RoleInfo.java:shutdownLeaderElection(130)) - om1: shutdown om1@group-C5BA1605619E-LeaderElection30
2022-07-12 20:44:49,860 [om1@group-C5BA1605619E-LeaderElection30] INFO  server.RaftServer$Division (RaftServerImpl.java:setRole(299)) - om1@group-C5BA1605619E: changes role from CANDIDATE to LEADER at term 1 for changeToLeader
2022-07-12 20:44:49,860 [om1@group-C5BA1605619E-LeaderElection30] INFO  server.RaftServer$Division (ServerState.java:setLeader(287)) - om1@group-C5BA1605619E: change Leader from null to om1 at term 1 for becomeLeader, leader elected after 2385ms
2022-07-12 20:44:49,860 [om1@group-C5BA1605619E-LeaderElection30] INFO  server.RaftServerConfigKeys (ConfUtils.java:logGet(46)) - raft.server.staging.catchup.gap = 1000 (default)
2022-07-12 20:44:49,860 [om1@group-C5BA1605619E-LeaderElection30] INFO  server.RaftServerConfigKeys (ConfUtils.java:logGet(46)) - raft.server.write.element-limit = 4096 (default)
2022-07-12 20:44:49,860 [om1@group-C5BA1605619E-LeaderElection30] INFO  server.RaftServerConfigKeys (ConfUtils.java:logGet(46)) - raft.server.write.byte-limit = 64MB (=67108864) (default)
2022-07-12 20:44:49,860 [om1@group-C5BA1605619E-LeaderElection30] INFO  server.RaftServerConfigKeys (ConfUtils.java:logGet(46)) - raft.server.watch.timeout = 10s (default)
2022-07-12 20:44:49,860 [om1@group-C5BA1605619E-LeaderElection30] INFO  server.RaftServerConfigKeys (ConfUtils.java:logGet(46)) - raft.server.watch.timeout.denomination = 1s (default)
2022-07-12 20:44:49,860 [om1@group-C5BA1605619E-LeaderElection30] INFO  server.RaftServerConfigKeys (ConfUtils.java:logGet(46)) - raft.server.watch.element-limit = 65536 (default)
2022-07-12 20:44:49,861 [om1@group-C5BA1605619E-LeaderElection30] INFO  server.RaftServerConfigKeys (ConfUtils.java:logGet(46)) - raft.server.write.element-limit = 4096 (default)
2022-07-12 20:44:49,861 [om1@group-C5BA1605619E-LeaderElection30] INFO  server.RaftServerConfigKeys (ConfUtils.java:logGet(46)) - raft.server.write.follower.gap.ratio.max = -1.0 (default)
2022-07-12 20:44:49,866 [om1@group-C5BA1605619E-LeaderElection30] INFO  impl.RoleInfo (RoleInfo.java:updateAndGet(139)) - om1: start om1@group-C5BA1605619E-LeaderStateImpl
2022-07-12 20:44:49,867 [om1@group-C5BA1605619E-LeaderElection30] INFO  segmented.SegmentedRaftLogWorker (SegmentedRaftLogWorker.java:startLogSegment(425)) - om1@group-C5BA1605619E-SegmentedRaftLogWorker: Starting segment from index:0
2022-07-12 20:44:49,888 [Listener at 127.0.0.1/40525] INFO  upgrade.AbstractLayoutVersionManager (AbstractLayoutVersionManager.java:init(82)) - Initializing Layout version manager with metadata layout = DATANODE_SCHEMA_V3 (version = 4), software layout = DATANODE_SCHEMA_V3 (version = 4)
2022-07-12 20:44:49,897 [om1@group-C5BA1605619E-LeaderElection30] INFO  server.RaftServer$Division (ServerState.java:setRaftConf(393)) - om1@group-C5BA1605619E: set configuration 0: [om1|rpc:localhost:9872|admin:|client:|dataStream:|priority:0], old=null
2022-07-12 20:44:49,899 [om1@group-C5BA1605619E-SegmentedRaftLogWorker] INFO  segmented.SegmentedRaftLogWorker (SegmentedRaftLogWorker.java:execute(629)) - om1@group-C5BA1605619E-SegmentedRaftLogWorker: created new log segment /home/runner/work/ozone/ozone/hadoop-ozone/integration-test/target/test-dir/MiniOzoneClusterImpl-aeab48a2-5f28-437b-866d-5cf3b392f170/ozone-meta/ratis/bf265839-605b-3f16-9796-c5ba1605619e/current/log_inprogress_0
2022-07-12 20:44:49,919 [om1@group-C5BA1605619E-StateMachineUpdater] INFO  ratis.OzoneManagerStateMachine (OzoneManagerStateMachine.java:notifyConfigurationChanged(192)) - Received Configuration change notification from Ratis. New Peer list:
[id: "om1"
address: "localhost:9872"
]
2022-07-12 20:44:50,032 [Listener at 127.0.0.1/40525] INFO  reflections.Reflections (Reflections.java:scan(232)) - Reflections took 142 ms to scan 7 urls, producing 132 keys and 317 values 
2022-07-12 20:44:50,033 [Listener at 127.0.0.1/40525] INFO  statemachine.DatanodeStateMachine (DatanodeStateMachine.java:getEndPointTaskThreadPoolSize(237)) - Datanode State Machine Task Thread Pool size 2
2022-07-12 20:44:50,060 [Listener at 127.0.0.1/40525] INFO  volume.HddsVolume (HddsVolume.java:<init>(116)) - Creating HddsVolume: /home/runner/work/ozone/ozone/hadoop-ozone/integration-test/target/test-dir/MiniOzoneClusterImpl-aeab48a2-5f28-437b-866d-5cf3b392f170/datanode-1/data-0/containers/hdds of storage type : DISK capacity : 9223372036854775807
2022-07-12 20:44:50,061 [Listener at 127.0.0.1/40525] INFO  volume.MutableVolumeSet (MutableVolumeSet.java:initializeVolumeSet(174)) - Added Volume : /home/runner/work/ozone/ozone/hadoop-ozone/integration-test/target/test-dir/MiniOzoneClusterImpl-aeab48a2-5f28-437b-866d-5cf3b392f170/datanode-1/data-0/containers/hdds to VolumeSet
2022-07-12 20:44:50,061 [Listener at 127.0.0.1/40525] INFO  volume.ThrottledAsyncChecker (ThrottledAsyncChecker.java:schedule(141)) - Scheduling a check for /home/runner/work/ozone/ozone/hadoop-ozone/integration-test/target/test-dir/MiniOzoneClusterImpl-aeab48a2-5f28-437b-866d-5cf3b392f170/datanode-1/data-0/containers/hdds
2022-07-12 20:44:50,087 [Listener at 127.0.0.1/40525] INFO  volume.StorageVolumeChecker (StorageVolumeChecker.java:checkAllVolumes(202)) - Scheduled health check for volume /home/runner/work/ozone/ozone/hadoop-ozone/integration-test/target/test-dir/MiniOzoneClusterImpl-aeab48a2-5f28-437b-866d-5cf3b392f170/datanode-1/data-0/containers/hdds
2022-07-12 20:44:50,123 [Listener at 127.0.0.1/40525] INFO  volume.MutableVolumeSet (MutableVolumeSet.java:initializeVolumeSet(174)) - Added Volume : /home/runner/work/ozone/ozone/hadoop-ozone/integration-test/target/test-dir/MiniOzoneClusterImpl-aeab48a2-5f28-437b-866d-5cf3b392f170/datanode-1/data/ratis to VolumeSet
2022-07-12 20:44:50,123 [Listener at 127.0.0.1/40525] INFO  volume.ThrottledAsyncChecker (ThrottledAsyncChecker.java:schedule(141)) - Scheduling a check for /home/runner/work/ozone/ozone/hadoop-ozone/integration-test/target/test-dir/MiniOzoneClusterImpl-aeab48a2-5f28-437b-866d-5cf3b392f170/datanode-1/data/ratis
2022-07-12 20:44:50,125 [Listener at 127.0.0.1/40525] INFO  volume.StorageVolumeChecker (StorageVolumeChecker.java:checkAllVolumes(202)) - Scheduled health check for volume /home/runner/work/ozone/ozone/hadoop-ozone/integration-test/target/test-dir/MiniOzoneClusterImpl-aeab48a2-5f28-437b-866d-5cf3b392f170/datanode-1/data/ratis
2022-07-12 20:44:50,179 [Thread-701] INFO  ozoneimpl.ContainerReader (ContainerReader.java:readVolume(175)) - Finish verifying containers on volume /home/runner/work/ozone/ozone/hadoop-ozone/integration-test/target/test-dir/MiniOzoneClusterImpl-aeab48a2-5f28-437b-866d-5cf3b392f170/datanode-1/data-0/containers/hdds
2022-07-12 20:44:50,179 [Listener at 127.0.0.1/40525] INFO  ozoneimpl.OzoneContainer (OzoneContainer.java:buildContainerSet(266)) - Build ContainerSet costs 0s
2022-07-12 20:44:50,181 [Listener at 127.0.0.1/40525] INFO  server.RaftServer (ConfUtils.java:logGet(46)) - raft.rpc.type = GRPC (default)
2022-07-12 20:44:50,181 [Listener at 127.0.0.1/40525] INFO  grpc.GrpcFactory (GrpcFactory.java:checkPooledByteBufAllocatorUseCacheForAllThreads(48)) - PERFORMANCE WARNING: useCacheForAllThreads is true that may cause Netty to create a lot garbage objects and, as a result, trigger GC.
	It is recommended to disable useCacheForAllThreads by setting -Dorg.apache.ratis.thirdparty.io.netty.allocator.useCacheForAllThreads=false in command line.
2022-07-12 20:44:50,181 [Listener at 127.0.0.1/40525] INFO  grpc.GrpcConfigKeys (ConfUtils.java:logGet(46)) - raft.grpc.admin.port = 0 (custom)
2022-07-12 20:44:50,181 [Listener at 127.0.0.1/40525] INFO  grpc.GrpcConfigKeys (ConfUtils.java:logGet(46)) - raft.grpc.client.port = 0 (custom)
2022-07-12 20:44:50,182 [Listener at 127.0.0.1/40525] INFO  grpc.GrpcConfigKeys (ConfUtils.java:logGet(46)) - raft.grpc.server.port = 0 (default)
2022-07-12 20:44:50,182 [Listener at 127.0.0.1/40525] INFO  server.GrpcService (ConfUtils.java:logGet(46)) - raft.grpc.message.size.max = 32MB (=33554432) (custom)
2022-07-12 20:44:50,182 [Listener at 127.0.0.1/40525] INFO  server.RaftServerConfigKeys (ConfUtils.java:logGet(46)) - raft.server.log.appender.buffer.byte-limit = 33554432 (custom)
2022-07-12 20:44:50,182 [Listener at 127.0.0.1/40525] INFO  server.GrpcService (ConfUtils.java:logGet(46)) - raft.grpc.flow.control.window = 5MB (=5242880) (custom)
2022-07-12 20:44:50,182 [Listener at 127.0.0.1/40525] INFO  server.RaftServerConfigKeys (ConfUtils.java:logGet(46)) - raft.server.rpc.request.timeout = 60s (custom)
2022-07-12 20:44:50,182 [Listener at 127.0.0.1/40525] INFO  grpc.GrpcConfigKeys (ConfUtils.java:logGet(46)) - raft.grpc.server.async.request.thread.pool.cached = true (default)
2022-07-12 20:44:50,182 [Listener at 127.0.0.1/40525] INFO  grpc.GrpcConfigKeys (ConfUtils.java:logGet(46)) - raft.grpc.server.async.request.thread.pool.size = 32 (default)
2022-07-12 20:44:50,183 [Listener at 127.0.0.1/40525] INFO  impl.DataStreamServerImpl (ConfUtils.java:logGet(46)) - raft.datastream.type = DISABLED (default)
2022-07-12 20:44:50,184 [Listener at 127.0.0.1/40525] INFO  server.RaftServerConfigKeys (ConfUtils.java:logGet(46)) - raft.server.threadpool.proxy.cached = true (default)
2022-07-12 20:44:50,184 [Listener at 127.0.0.1/40525] INFO  server.RaftServerConfigKeys (ConfUtils.java:logGet(46)) - raft.server.threadpool.proxy.size = 0 (default)
2022-07-12 20:44:50,184 [Listener at 127.0.0.1/40525] INFO  server.RaftServerConfigKeys (ConfUtils.java:logGet(46)) - raft.server.rpc.slowness.timeout = 300s (custom)
2022-07-12 20:44:50,184 [Listener at 127.0.0.1/40525] INFO  server.RaftServerConfigKeys (ConfUtils.java:logGet(46)) - raft.server.leaderelection.leader.step-down.wait-time = 10s (default)
2022-07-12 20:44:50,184 [Listener at 127.0.0.1/40525] INFO  server.RaftServerConfigKeys (ConfUtils.java:logGet(46)) - raft.server.storage.dir = [/home/runner/work/ozone/ozone/hadoop-ozone/integration-test/target/test-dir/MiniOzoneClusterImpl-aeab48a2-5f28-437b-866d-5cf3b392f170/datanode-1/data/ratis] (custom)
2022-07-12 20:44:50,192 [Listener at 127.0.0.1/40525] INFO  server.XceiverServerGrpc (XceiverServerGrpc.java:<init>(132)) - GrpcServer channel type EpollServerSocketChannel
2022-07-12 20:44:50,203 [Listener at 127.0.0.1/40525] INFO  http.BaseHttpServer (BaseHttpServer.java:newHttpServer2BuilderForOzone(209)) - Starting Web-server for hddsDatanode at: http://0.0.0.0:0
2022-07-12 20:44:50,204 [Listener at 127.0.0.1/40525] INFO  http.BaseHttpServer (BaseHttpServer.java:<init>(107)) - Hadoop Security Enabled: false Ozone Security Enabled: false Ozone HTTP Security Enabled: false 
2022-07-12 20:44:50,205 [Listener at 127.0.0.1/40525] INFO  server.AuthenticationFilter (AuthenticationFilter.java:constructSecretProvider(240)) - Unable to initialize FileSignerSecretProvider, falling back to use random secrets.
2022-07-12 20:44:50,211 [Listener at 127.0.0.1/40525] WARN  http.HttpRequestLog (HttpRequestLog.java:getRequestLog(103)) - Jetty request log can only be enabled using Log4j
2022-07-12 20:44:50,212 [Listener at 127.0.0.1/40525] INFO  http.HttpServer2 (HttpServer2.java:addGlobalFilter(1029)) - Added global filter 'safety' (class=org.apache.hadoop.hdds.server.http.HttpServer2$QuotingInputFilter)
2022-07-12 20:44:50,213 [Listener at 127.0.0.1/40525] INFO  http.HttpServer2 (HttpServer2.java:addFilter(1005)) - Added filter static_user_filter (class=org.apache.hadoop.http.lib.StaticUserWebFilter$StaticUserFilter) to context hddsDatanode
2022-07-12 20:44:50,213 [Listener at 127.0.0.1/40525] INFO  http.HttpServer2 (HttpServer2.java:addFilter(1013)) - Added filter static_user_filter (class=org.apache.hadoop.http.lib.StaticUserWebFilter$StaticUserFilter) to context logs
2022-07-12 20:44:50,213 [Listener at 127.0.0.1/40525] INFO  http.HttpServer2 (HttpServer2.java:addFilter(1013)) - Added filter static_user_filter (class=org.apache.hadoop.http.lib.StaticUserWebFilter$StaticUserFilter) to context static
2022-07-12 20:44:50,213 [Listener at 127.0.0.1/40525] INFO  http.HttpServer2 (HttpServer2.java:bindListener(1248)) - Jetty bound to port 42637
2022-07-12 20:44:50,213 [Listener at 127.0.0.1/40525] INFO  server.Server (Server.java:doStart(375)) - jetty-9.4.43.v20210629; built: 2021-06-30T11:07:22.254Z; git: 526006ecfa3af7f1a27ef3a288e2bef7ea9dd7e8; jvm 1.8.0_332-b09
2022-07-12 20:44:50,241 [Listener at 127.0.0.1/40525] INFO  server.session (DefaultSessionIdManager.java:doStart(334)) - DefaultSessionIdManager workerName=node0
2022-07-12 20:44:50,241 [Listener at 127.0.0.1/40525] INFO  server.session (DefaultSessionIdManager.java:doStart(339)) - No SessionScavenger set, using defaults
2022-07-12 20:44:50,242 [Listener at 127.0.0.1/40525] INFO  server.session (HouseKeeper.java:startScavenging(132)) - node0 Scavenging every 600000ms
2022-07-12 20:44:50,242 [Listener at 127.0.0.1/40525] INFO  handler.ContextHandler (ContextHandler.java:doStart(915)) - Started o.e.j.s.ServletContextHandler@53b2678{logs,/logs,file:///home/runner/work/ozone/ozone/hadoop-ozone/integration-test/target/log,AVAILABLE}
2022-07-12 20:44:50,243 [Listener at 127.0.0.1/40525] INFO  handler.ContextHandler (ContextHandler.java:doStart(915)) - Started o.e.j.s.ServletContextHandler@18d3759c{static,/static,jar:file:/home/runner/.m2/repository/org/apache/ozone/hdds-container-service/1.3.0-SNAPSHOT/hdds-container-service-1.3.0-SNAPSHOT.jar!/webapps/static,AVAILABLE}
2022-07-12 20:44:50,667 [Listener at 127.0.0.1/40525] INFO  handler.ContextHandler (ContextHandler.java:doStart(915)) - Started o.e.j.w.WebAppContext@36792cff{hddsDatanode,/,file:///tmp/jetty-0_0_0_0-42637-hdds-container-service-1_3_0-SNAPSHOT_jar-_-any-4859322435939488428/webapp/,AVAILABLE}{jar:file:/home/runner/.m2/repository/org/apache/ozone/hdds-container-service/1.3.0-SNAPSHOT/hdds-container-service-1.3.0-SNAPSHOT.jar!/webapps/hddsDatanode}
2022-07-12 20:44:50,676 [Listener at 127.0.0.1/40525] INFO  server.AbstractConnector (AbstractConnector.java:doStart(331)) - Started ServerConnector@73129907{HTTP/1.1, (http/1.1)}{0.0.0.0:42637}
2022-07-12 20:44:50,676 [Listener at 127.0.0.1/40525] INFO  server.Server (Server.java:doStart(415)) - Started @89051ms
2022-07-12 20:44:50,677 [Listener at 127.0.0.1/40525] WARN  impl.MetricsSystemImpl (MetricsSystemImpl.java:register(279)) - Sink prometheus already exists!
2022-07-12 20:44:50,677 [Listener at 127.0.0.1/40525] INFO  http.BaseHttpServer (BaseHttpServer.java:updateConnectorAddress(329)) - HTTP server of hddsDatanode listening at http://0.0.0.0:42637
2022-07-12 20:44:50,678 [Listener at 127.0.0.1/40525] WARN  impl.MetricRegistriesImpl (MetricRegistriesImpl.java:addReporterRegistration(111)) - New reporters are added after registries were created. Some metrics will be missing from the reporter. Please add reporter before adding any new registry.
2022-07-12 20:44:50,678 [Listener at 127.0.0.1/40525] WARN  impl.MetricRegistriesImpl (MetricRegistriesImpl.java:addReporterRegistration(111)) - New reporters are added after registries were created. Some metrics will be missing from the reporter. Please add reporter before adding any new registry.
2022-07-12 20:44:50,678 [Listener at 127.0.0.1/40525] INFO  impl.MetricsSystemImpl (MetricsSystemImpl.java:init(158)) - HddsDatanode metrics system started (again)
2022-07-12 20:44:50,686 [Datanode State Machine Daemon Thread] INFO  statemachine.DatanodeStateMachine (DatanodeStateMachine.java:lambda$startDaemon$0(492)) - Ozone container server started.
2022-07-12 20:44:50,714 [Listener at 127.0.0.1/40525] INFO  ozone.HddsDatanodeService (HddsDatanodeService.java:start(236)) - HddsDatanodeService host:fv-az29-983.0gf2enmb5avurc1gjtxldx4mnh.bx.internal.cloudapp.net ip:10.1.0.33
2022-07-12 20:44:50,754 [Listener at 127.0.0.1/40525] INFO  upgrade.AbstractLayoutVersionManager (AbstractLayoutVersionManager.java:init(82)) - Initializing Layout version manager with metadata layout = DATANODE_SCHEMA_V3 (version = 4), software layout = DATANODE_SCHEMA_V3 (version = 4)
2022-07-12 20:44:50,766 [org.apache.hadoop.util.JvmPauseMonitor$Monitor@29d2fcff] INFO  util.JvmPauseMonitor (JvmPauseMonitor.java:run(188)) - Starting JVM pause monitor
2022-07-12 20:44:50,796 [Datanode State Machine Task Thread - 0] INFO  datanode.InitDatanodeState (InitDatanodeState.java:persistContainerDatanodeDetails(138)) - DatanodeDetails is persisted to /home/runner/work/ozone/ozone/hadoop-ozone/integration-test/target/test-dir/MiniOzoneClusterImpl-aeab48a2-5f28-437b-866d-5cf3b392f170/datanode-1/meta/datanode.id
2022-07-12 20:44:50,901 [Listener at 127.0.0.1/40525] INFO  reflections.Reflections (Reflections.java:scan(232)) - Reflections took 143 ms to scan 7 urls, producing 132 keys and 317 values 
2022-07-12 20:44:50,902 [Listener at 127.0.0.1/40525] INFO  statemachine.DatanodeStateMachine (DatanodeStateMachine.java:getEndPointTaskThreadPoolSize(237)) - Datanode State Machine Task Thread Pool size 2
2022-07-12 20:44:50,939 [Listener at 127.0.0.1/40525] INFO  volume.HddsVolume (HddsVolume.java:<init>(116)) - Creating HddsVolume: /home/runner/work/ozone/ozone/hadoop-ozone/integration-test/target/test-dir/MiniOzoneClusterImpl-aeab48a2-5f28-437b-866d-5cf3b392f170/datanode-2/data-0/containers/hdds of storage type : DISK capacity : 9223372036854775807
2022-07-12 20:44:50,940 [Listener at 127.0.0.1/40525] INFO  volume.MutableVolumeSet (MutableVolumeSet.java:initializeVolumeSet(174)) - Added Volume : /home/runner/work/ozone/ozone/hadoop-ozone/integration-test/target/test-dir/MiniOzoneClusterImpl-aeab48a2-5f28-437b-866d-5cf3b392f170/datanode-2/data-0/containers/hdds to VolumeSet
2022-07-12 20:44:50,940 [Listener at 127.0.0.1/40525] INFO  volume.ThrottledAsyncChecker (ThrottledAsyncChecker.java:schedule(141)) - Scheduling a check for /home/runner/work/ozone/ozone/hadoop-ozone/integration-test/target/test-dir/MiniOzoneClusterImpl-aeab48a2-5f28-437b-866d-5cf3b392f170/datanode-2/data-0/containers/hdds
2022-07-12 20:44:50,955 [Listener at 127.0.0.1/40525] INFO  volume.StorageVolumeChecker (StorageVolumeChecker.java:checkAllVolumes(202)) - Scheduled health check for volume /home/runner/work/ozone/ozone/hadoop-ozone/integration-test/target/test-dir/MiniOzoneClusterImpl-aeab48a2-5f28-437b-866d-5cf3b392f170/datanode-2/data-0/containers/hdds
2022-07-12 20:44:50,987 [Listener at 127.0.0.1/40525] INFO  volume.MutableVolumeSet (MutableVolumeSet.java:initializeVolumeSet(174)) - Added Volume : /home/runner/work/ozone/ozone/hadoop-ozone/integration-test/target/test-dir/MiniOzoneClusterImpl-aeab48a2-5f28-437b-866d-5cf3b392f170/datanode-2/data/ratis to VolumeSet
2022-07-12 20:44:50,988 [Listener at 127.0.0.1/40525] INFO  volume.ThrottledAsyncChecker (ThrottledAsyncChecker.java:schedule(141)) - Scheduling a check for /home/runner/work/ozone/ozone/hadoop-ozone/integration-test/target/test-dir/MiniOzoneClusterImpl-aeab48a2-5f28-437b-866d-5cf3b392f170/datanode-2/data/ratis
2022-07-12 20:44:50,989 [Listener at 127.0.0.1/40525] INFO  volume.StorageVolumeChecker (StorageVolumeChecker.java:checkAllVolumes(202)) - Scheduled health check for volume /home/runner/work/ozone/ozone/hadoop-ozone/integration-test/target/test-dir/MiniOzoneClusterImpl-aeab48a2-5f28-437b-866d-5cf3b392f170/datanode-2/data/ratis
2022-07-12 20:44:51,035 [Thread-714] INFO  ozoneimpl.ContainerReader (ContainerReader.java:readVolume(175)) - Finish verifying containers on volume /home/runner/work/ozone/ozone/hadoop-ozone/integration-test/target/test-dir/MiniOzoneClusterImpl-aeab48a2-5f28-437b-866d-5cf3b392f170/datanode-2/data-0/containers/hdds
2022-07-12 20:44:51,035 [Listener at 127.0.0.1/40525] INFO  ozoneimpl.OzoneContainer (OzoneContainer.java:buildContainerSet(266)) - Build ContainerSet costs 0s
2022-07-12 20:44:51,037 [Listener at 127.0.0.1/40525] INFO  server.RaftServer (ConfUtils.java:logGet(46)) - raft.rpc.type = GRPC (default)
2022-07-12 20:44:51,037 [Listener at 127.0.0.1/40525] INFO  grpc.GrpcFactory (GrpcFactory.java:checkPooledByteBufAllocatorUseCacheForAllThreads(48)) - PERFORMANCE WARNING: useCacheForAllThreads is true that may cause Netty to create a lot garbage objects and, as a result, trigger GC.
	It is recommended to disable useCacheForAllThreads by setting -Dorg.apache.ratis.thirdparty.io.netty.allocator.useCacheForAllThreads=false in command line.
2022-07-12 20:44:51,038 [Listener at 127.0.0.1/40525] INFO  grpc.GrpcConfigKeys (ConfUtils.java:logGet(46)) - raft.grpc.admin.port = 0 (custom)
2022-07-12 20:44:51,038 [Listener at 127.0.0.1/40525] INFO  grpc.GrpcConfigKeys (ConfUtils.java:logGet(46)) - raft.grpc.client.port = 0 (custom)
2022-07-12 20:44:51,038 [Listener at 127.0.0.1/40525] INFO  grpc.GrpcConfigKeys (ConfUtils.java:logGet(46)) - raft.grpc.server.port = 0 (default)
2022-07-12 20:44:51,038 [Listener at 127.0.0.1/40525] INFO  server.GrpcService (ConfUtils.java:logGet(46)) - raft.grpc.message.size.max = 32MB (=33554432) (custom)
2022-07-12 20:44:51,038 [Listener at 127.0.0.1/40525] INFO  server.RaftServerConfigKeys (ConfUtils.java:logGet(46)) - raft.server.log.appender.buffer.byte-limit = 33554432 (custom)
2022-07-12 20:44:51,038 [Listener at 127.0.0.1/40525] INFO  server.GrpcService (ConfUtils.java:logGet(46)) - raft.grpc.flow.control.window = 5MB (=5242880) (custom)
2022-07-12 20:44:51,038 [Listener at 127.0.0.1/40525] INFO  server.RaftServerConfigKeys (ConfUtils.java:logGet(46)) - raft.server.rpc.request.timeout = 60s (custom)
2022-07-12 20:44:51,038 [Listener at 127.0.0.1/40525] INFO  grpc.GrpcConfigKeys (ConfUtils.java:logGet(46)) - raft.grpc.server.async.request.thread.pool.cached = true (default)
2022-07-12 20:44:51,048 [Listener at 127.0.0.1/40525] INFO  grpc.GrpcConfigKeys (ConfUtils.java:logGet(46)) - raft.grpc.server.async.request.thread.pool.size = 32 (default)
2022-07-12 20:44:51,050 [Listener at 127.0.0.1/40525] INFO  impl.DataStreamServerImpl (ConfUtils.java:logGet(46)) - raft.datastream.type = DISABLED (default)
2022-07-12 20:44:51,050 [Listener at 127.0.0.1/40525] INFO  server.RaftServerConfigKeys (ConfUtils.java:logGet(46)) - raft.server.threadpool.proxy.cached = true (default)
2022-07-12 20:44:51,050 [Listener at 127.0.0.1/40525] INFO  server.RaftServerConfigKeys (ConfUtils.java:logGet(46)) - raft.server.threadpool.proxy.size = 0 (default)
2022-07-12 20:44:51,050 [Listener at 127.0.0.1/40525] INFO  server.RaftServerConfigKeys (ConfUtils.java:logGet(46)) - raft.server.rpc.slowness.timeout = 300s (custom)
2022-07-12 20:44:51,050 [Listener at 127.0.0.1/40525] INFO  server.RaftServerConfigKeys (ConfUtils.java:logGet(46)) - raft.server.leaderelection.leader.step-down.wait-time = 10s (default)
2022-07-12 20:44:51,050 [Listener at 127.0.0.1/40525] INFO  server.RaftServerConfigKeys (ConfUtils.java:logGet(46)) - raft.server.storage.dir = [/home/runner/work/ozone/ozone/hadoop-ozone/integration-test/target/test-dir/MiniOzoneClusterImpl-aeab48a2-5f28-437b-866d-5cf3b392f170/datanode-2/data/ratis] (custom)
2022-07-12 20:44:51,064 [Listener at 127.0.0.1/40525] INFO  server.XceiverServerGrpc (XceiverServerGrpc.java:<init>(132)) - GrpcServer channel type EpollServerSocketChannel
2022-07-12 20:44:51,085 [Listener at 127.0.0.1/40525] INFO  http.BaseHttpServer (BaseHttpServer.java:newHttpServer2BuilderForOzone(209)) - Starting Web-server for hddsDatanode at: http://0.0.0.0:0
2022-07-12 20:44:51,086 [Listener at 127.0.0.1/40525] INFO  http.BaseHttpServer (BaseHttpServer.java:<init>(107)) - Hadoop Security Enabled: false Ozone Security Enabled: false Ozone HTTP Security Enabled: false 
2022-07-12 20:44:51,087 [Listener at 127.0.0.1/40525] INFO  server.AuthenticationFilter (AuthenticationFilter.java:constructSecretProvider(240)) - Unable to initialize FileSignerSecretProvider, falling back to use random secrets.
2022-07-12 20:44:51,107 [Listener at 127.0.0.1/40525] WARN  http.HttpRequestLog (HttpRequestLog.java:getRequestLog(103)) - Jetty request log can only be enabled using Log4j
2022-07-12 20:44:51,108 [Listener at 127.0.0.1/40525] INFO  http.HttpServer2 (HttpServer2.java:addGlobalFilter(1029)) - Added global filter 'safety' (class=org.apache.hadoop.hdds.server.http.HttpServer2$QuotingInputFilter)
2022-07-12 20:44:51,109 [Listener at 127.0.0.1/40525] INFO  http.HttpServer2 (HttpServer2.java:addFilter(1005)) - Added filter static_user_filter (class=org.apache.hadoop.http.lib.StaticUserWebFilter$StaticUserFilter) to context hddsDatanode
2022-07-12 20:44:51,109 [Listener at 127.0.0.1/40525] INFO  http.HttpServer2 (HttpServer2.java:addFilter(1013)) - Added filter static_user_filter (class=org.apache.hadoop.http.lib.StaticUserWebFilter$StaticUserFilter) to context logs
2022-07-12 20:44:51,109 [Listener at 127.0.0.1/40525] INFO  http.HttpServer2 (HttpServer2.java:addFilter(1013)) - Added filter static_user_filter (class=org.apache.hadoop.http.lib.StaticUserWebFilter$StaticUserFilter) to context static
2022-07-12 20:44:51,110 [Listener at 127.0.0.1/40525] INFO  http.HttpServer2 (HttpServer2.java:bindListener(1248)) - Jetty bound to port 46679
2022-07-12 20:44:51,110 [Listener at 127.0.0.1/40525] INFO  server.Server (Server.java:doStart(375)) - jetty-9.4.43.v20210629; built: 2021-06-30T11:07:22.254Z; git: 526006ecfa3af7f1a27ef3a288e2bef7ea9dd7e8; jvm 1.8.0_332-b09
2022-07-12 20:44:51,215 [Listener at 127.0.0.1/40525] INFO  server.session (DefaultSessionIdManager.java:doStart(334)) - DefaultSessionIdManager workerName=node0
2022-07-12 20:44:51,215 [Listener at 127.0.0.1/40525] INFO  server.session (DefaultSessionIdManager.java:doStart(339)) - No SessionScavenger set, using defaults
2022-07-12 20:44:51,215 [Listener at 127.0.0.1/40525] INFO  server.session (HouseKeeper.java:startScavenging(132)) - node0 Scavenging every 600000ms
2022-07-12 20:44:51,219 [Listener at 127.0.0.1/40525] INFO  handler.ContextHandler (ContextHandler.java:doStart(915)) - Started o.e.j.s.ServletContextHandler@4d71530a{logs,/logs,file:///home/runner/work/ozone/ozone/hadoop-ozone/integration-test/target/log,AVAILABLE}
2022-07-12 20:44:51,219 [Listener at 127.0.0.1/40525] INFO  handler.ContextHandler (ContextHandler.java:doStart(915)) - Started o.e.j.s.ServletContextHandler@7aca8561{static,/static,jar:file:/home/runner/.m2/repository/org/apache/ozone/hdds-container-service/1.3.0-SNAPSHOT/hdds-container-service-1.3.0-SNAPSHOT.jar!/webapps/static,AVAILABLE}
2022-07-12 20:44:51,725 [Listener at 127.0.0.1/40525] INFO  handler.ContextHandler (ContextHandler.java:doStart(915)) - Started o.e.j.w.WebAppContext@5ce8b520{hddsDatanode,/,file:///tmp/jetty-0_0_0_0-46679-hdds-container-service-1_3_0-SNAPSHOT_jar-_-any-215624093515566683/webapp/,AVAILABLE}{jar:file:/home/runner/.m2/repository/org/apache/ozone/hdds-container-service/1.3.0-SNAPSHOT/hdds-container-service-1.3.0-SNAPSHOT.jar!/webapps/hddsDatanode}
2022-07-12 20:44:51,748 [Listener at 127.0.0.1/40525] INFO  server.AbstractConnector (AbstractConnector.java:doStart(331)) - Started ServerConnector@7a932c03{HTTP/1.1, (http/1.1)}{0.0.0.0:46679}
2022-07-12 20:44:51,749 [Listener at 127.0.0.1/40525] INFO  server.Server (Server.java:doStart(415)) - Started @90123ms
2022-07-12 20:44:51,749 [Listener at 127.0.0.1/40525] WARN  impl.MetricsSystemImpl (MetricsSystemImpl.java:register(279)) - Sink prometheus already exists!
2022-07-12 20:44:51,750 [Listener at 127.0.0.1/40525] INFO  http.BaseHttpServer (BaseHttpServer.java:updateConnectorAddress(329)) - HTTP server of hddsDatanode listening at http://0.0.0.0:46679
2022-07-12 20:44:51,783 [Listener at 127.0.0.1/40525] INFO  ozone.MiniOzoneClusterImpl (MiniOzoneClusterImpl.java:lambda$waitForClusterToBeReady$0(223)) - Waiting for nodes to be ready. Got 0 of 3 DN Heartbeats.
2022-07-12 20:44:51,783 [Listener at 127.0.0.1/40525] INFO  ozone.MiniOzoneClusterImpl (MiniOzoneClusterImpl.java:lambda$waitForClusterToBeReady$0(226)) - Waiting for cluster to exit safe mode
2022-07-12 20:44:51,783 [Listener at 127.0.0.1/40525] INFO  ozone.MiniOzoneClusterImpl (MiniOzoneClusterImpl.java:lambda$waitForClusterToBeReady$0(228)) - SCM became leader
2022-07-12 20:44:51,784 [Datanode State Machine Daemon Thread] INFO  statemachine.DatanodeStateMachine (DatanodeStateMachine.java:lambda$startDaemon$0(492)) - Ozone container server started.
2022-07-12 20:44:51,830 [org.apache.hadoop.util.JvmPauseMonitor$Monitor@4687ce8d] INFO  util.JvmPauseMonitor (JvmPauseMonitor.java:run(188)) - Starting JVM pause monitor
2022-07-12 20:44:51,855 [Datanode State Machine Task Thread - 0] INFO  datanode.InitDatanodeState (InitDatanodeState.java:persistContainerDatanodeDetails(138)) - DatanodeDetails is persisted to /home/runner/work/ozone/ozone/hadoop-ozone/integration-test/target/test-dir/MiniOzoneClusterImpl-aeab48a2-5f28-437b-866d-5cf3b392f170/datanode-2/meta/datanode.id
2022-07-12 20:44:51,953 [EndpointStateMachine task thread for /0.0.0.0:43841 - 0 ] INFO  volume.HddsVolume (HddsVolume.java:createDbStore(309)) - SchemaV3 db is created and loaded at /home/runner/work/ozone/ozone/hadoop-ozone/integration-test/target/test-dir/MiniOzoneClusterImpl-aeab48a2-5f28-437b-866d-5cf3b392f170/datanode-0/data-0/containers/hdds/aeab48a2-5f28-437b-866d-5cf3b392f170/DS-924c244c-ea0a-4413-b49c-8ece36266b0f/container.db for volume DS-924c244c-ea0a-4413-b49c-8ece36266b0f
2022-07-12 20:44:51,971 [EndpointStateMachine task thread for /0.0.0.0:43841 - 0 ] INFO  volume.HddsVolume (HddsVolume.java:closeDbStore(340)) - SchemaV3 db is stopped at /home/runner/work/ozone/ozone/hadoop-ozone/integration-test/target/test-dir/MiniOzoneClusterImpl-aeab48a2-5f28-437b-866d-5cf3b392f170/datanode-0/data-0/containers/hdds/aeab48a2-5f28-437b-866d-5cf3b392f170/DS-924c244c-ea0a-4413-b49c-8ece36266b0f/container.db for volume DS-924c244c-ea0a-4413-b49c-8ece36266b0f
2022-07-12 20:44:51,971 [EndpointStateMachine task thread for /0.0.0.0:43841 - 0 ] INFO  ozoneimpl.OzoneContainer (OzoneContainer.java:start(344)) - Attempting to start container services.
2022-07-12 20:44:51,971 [EndpointStateMachine task thread for /0.0.0.0:43841 - 0 ] INFO  ozoneimpl.OzoneContainer (OzoneContainer.java:startContainerScrub(279)) - Background container scanner has been disabled.
2022-07-12 20:44:51,979 [EndpointStateMachine task thread for /0.0.0.0:43841 - 0 ] INFO  replication.ReplicationServer (ReplicationServer.java:start(111)) - ReplicationServer is started using port 40241
2022-07-12 20:44:51,980 [EndpointStateMachine task thread for /0.0.0.0:43841 - 0 ] INFO  ratis.XceiverServerRatis (XceiverServerRatis.java:start(481)) - Starting XceiverServerRatis 37ba2259-f62f-4da5-8096-df445136afb3
2022-07-12 20:44:51,980 [EndpointStateMachine task thread for /0.0.0.0:43841 - 0 ] INFO  server.RaftServer (RaftServerProxy.java:lambda$start$6(382)) - 37ba2259-f62f-4da5-8096-df445136afb3: start RPC server
2022-07-12 20:44:51,984 [EndpointStateMachine task thread for /0.0.0.0:43841 - 0 ] INFO  server.GrpcService (GrpcService.java:startImpl(260)) - 37ba2259-f62f-4da5-8096-df445136afb3: GrpcService started, listening on 36015
2022-07-12 20:44:51,985 [EndpointStateMachine task thread for /0.0.0.0:43841 - 0 ] INFO  ratis.XceiverServerRatis (XceiverServerRatis.java:getRealPort(502)) - XceiverServerRatis 37ba2259-f62f-4da5-8096-df445136afb3 is started using port 36015 for RATIS
2022-07-12 20:44:51,985 [EndpointStateMachine task thread for /0.0.0.0:43841 - 0 ] INFO  ratis.XceiverServerRatis (XceiverServerRatis.java:getRealPort(502)) - XceiverServerRatis 37ba2259-f62f-4da5-8096-df445136afb3 is started using port 36015 for RATIS_ADMIN
2022-07-12 20:44:51,985 [EndpointStateMachine task thread for /0.0.0.0:43841 - 0 ] INFO  ratis.XceiverServerRatis (XceiverServerRatis.java:getRealPort(502)) - XceiverServerRatis 37ba2259-f62f-4da5-8096-df445136afb3 is started using port 36015 for RATIS_SERVER
2022-07-12 20:44:51,985 [org.apache.ratis.util.JvmPauseMonitor$$Lambda$680/1268395511@3d3e03fa] INFO  util.JvmPauseMonitor (JvmPauseMonitor.java:run(103)) - JvmPauseMonitor-37ba2259-f62f-4da5-8096-df445136afb3: Started
2022-07-12 20:44:52,018 [EndpointStateMachine task thread for /0.0.0.0:43841 - 0 ] INFO  server.XceiverServerGrpc (XceiverServerGrpc.java:start(180)) - XceiverServerGrpc 37ba2259-f62f-4da5-8096-df445136afb3 is started using port 46595
2022-07-12 20:44:52,783 [Listener at 127.0.0.1/40525] INFO  ozone.MiniOzoneClusterImpl (MiniOzoneClusterImpl.java:lambda$waitForClusterToBeReady$0(223)) - Waiting for nodes to be ready. Got 0 of 3 DN Heartbeats.
2022-07-12 20:44:52,783 [Listener at 127.0.0.1/40525] INFO  ozone.MiniOzoneClusterImpl (MiniOzoneClusterImpl.java:lambda$waitForClusterToBeReady$0(226)) - Waiting for cluster to exit safe mode
2022-07-12 20:44:52,784 [Listener at 127.0.0.1/40525] INFO  ozone.MiniOzoneClusterImpl (MiniOzoneClusterImpl.java:lambda$waitForClusterToBeReady$0(228)) - SCM became leader
2022-07-12 20:44:52,867 [EndpointStateMachine task thread for /0.0.0.0:43841 - 0 ] INFO  volume.HddsVolume (HddsVolume.java:createDbStore(309)) - SchemaV3 db is created and loaded at /home/runner/work/ozone/ozone/hadoop-ozone/integration-test/target/test-dir/MiniOzoneClusterImpl-aeab48a2-5f28-437b-866d-5cf3b392f170/datanode-1/data-0/containers/hdds/aeab48a2-5f28-437b-866d-5cf3b392f170/DS-d0d02a0c-cca6-4f18-a056-56aa1feae1b3/container.db for volume DS-d0d02a0c-cca6-4f18-a056-56aa1feae1b3
2022-07-12 20:44:52,868 [EndpointStateMachine task thread for /0.0.0.0:43841 - 0 ] INFO  volume.HddsVolume (HddsVolume.java:closeDbStore(340)) - SchemaV3 db is stopped at /home/runner/work/ozone/ozone/hadoop-ozone/integration-test/target/test-dir/MiniOzoneClusterImpl-aeab48a2-5f28-437b-866d-5cf3b392f170/datanode-1/data-0/containers/hdds/aeab48a2-5f28-437b-866d-5cf3b392f170/DS-d0d02a0c-cca6-4f18-a056-56aa1feae1b3/container.db for volume DS-d0d02a0c-cca6-4f18-a056-56aa1feae1b3
2022-07-12 20:44:52,868 [EndpointStateMachine task thread for /0.0.0.0:43841 - 0 ] INFO  ozoneimpl.OzoneContainer (OzoneContainer.java:start(344)) - Attempting to start container services.
2022-07-12 20:44:52,868 [EndpointStateMachine task thread for /0.0.0.0:43841 - 0 ] INFO  ozoneimpl.OzoneContainer (OzoneContainer.java:startContainerScrub(279)) - Background container scanner has been disabled.
2022-07-12 20:44:52,903 [EndpointStateMachine task thread for /0.0.0.0:43841 - 0 ] INFO  replication.ReplicationServer (ReplicationServer.java:start(111)) - ReplicationServer is started using port 43041
2022-07-12 20:44:52,913 [EndpointStateMachine task thread for /0.0.0.0:43841 - 0 ] INFO  ratis.XceiverServerRatis (XceiverServerRatis.java:start(481)) - Starting XceiverServerRatis 2d715fdb-e2dd-4eac-b511-b6b0580c42a8
2022-07-12 20:44:52,943 [EndpointStateMachine task thread for /0.0.0.0:43841 - 0 ] INFO  server.RaftServer (RaftServerProxy.java:lambda$start$6(382)) - 2d715fdb-e2dd-4eac-b511-b6b0580c42a8: start RPC server
2022-07-12 20:44:52,963 [EndpointStateMachine task thread for /0.0.0.0:43841 - 0 ] INFO  server.GrpcService (GrpcService.java:startImpl(260)) - 2d715fdb-e2dd-4eac-b511-b6b0580c42a8: GrpcService started, listening on 38953
2022-07-12 20:44:52,963 [EndpointStateMachine task thread for /0.0.0.0:43841 - 0 ] INFO  ratis.XceiverServerRatis (XceiverServerRatis.java:getRealPort(502)) - XceiverServerRatis 2d715fdb-e2dd-4eac-b511-b6b0580c42a8 is started using port 38953 for RATIS
2022-07-12 20:44:52,963 [EndpointStateMachine task thread for /0.0.0.0:43841 - 0 ] INFO  ratis.XceiverServerRatis (XceiverServerRatis.java:getRealPort(502)) - XceiverServerRatis 2d715fdb-e2dd-4eac-b511-b6b0580c42a8 is started using port 38953 for RATIS_ADMIN
2022-07-12 20:44:52,963 [EndpointStateMachine task thread for /0.0.0.0:43841 - 0 ] INFO  ratis.XceiverServerRatis (XceiverServerRatis.java:getRealPort(502)) - XceiverServerRatis 2d715fdb-e2dd-4eac-b511-b6b0580c42a8 is started using port 38953 for RATIS_SERVER
2022-07-12 20:44:52,963 [org.apache.ratis.util.JvmPauseMonitor$$Lambda$680/1268395511@6328033] INFO  util.JvmPauseMonitor (JvmPauseMonitor.java:run(103)) - JvmPauseMonitor-2d715fdb-e2dd-4eac-b511-b6b0580c42a8: Started
2022-07-12 20:44:52,987 [EndpointStateMachine task thread for /0.0.0.0:43841 - 0 ] INFO  server.XceiverServerGrpc (XceiverServerGrpc.java:start(180)) - XceiverServerGrpc 2d715fdb-e2dd-4eac-b511-b6b0580c42a8 is started using port 46401
2022-07-12 20:44:53,784 [Listener at 127.0.0.1/40525] INFO  ozone.MiniOzoneClusterImpl (MiniOzoneClusterImpl.java:lambda$waitForClusterToBeReady$0(223)) - Waiting for nodes to be ready. Got 0 of 3 DN Heartbeats.
2022-07-12 20:44:53,784 [Listener at 127.0.0.1/40525] INFO  ozone.MiniOzoneClusterImpl (MiniOzoneClusterImpl.java:lambda$waitForClusterToBeReady$0(226)) - Waiting for cluster to exit safe mode
2022-07-12 20:44:53,784 [Listener at 127.0.0.1/40525] INFO  ozone.MiniOzoneClusterImpl (MiniOzoneClusterImpl.java:lambda$waitForClusterToBeReady$0(228)) - SCM became leader
2022-07-12 20:44:53,818 [IPC Server handler 1 on default port 43841] INFO  net.NetworkTopologyImpl (NetworkTopologyImpl.java:add(112)) - Added a new node: /default-rack/37ba2259-f62f-4da5-8096-df445136afb3
2022-07-12 20:44:53,818 [IPC Server handler 1 on default port 43841] INFO  node.SCMNodeManager (SCMNodeManager.java:register(397)) - Registered Data node : 37ba2259-f62f-4da5-8096-df445136afb3{ip: 10.1.0.33, host: fv-az29-983.0gf2enmb5avurc1gjtxldx4mnh.bx.internal.cloudapp.net, ports: [REPLICATION=40241, RATIS=36015, RATIS_ADMIN=36015, RATIS_SERVER=36015, STANDALONE=46595], networkLocation: /default-rack, certSerialId: null, persistedOpState: null, persistedOpStateExpiryEpochSec: 0}
2022-07-12 20:44:53,841 [EventQueue-NodeRegistrationContainerReportForContainerSafeModeRule] INFO  safemode.SCMSafeModeManager (SCMSafeModeManager.java:validateSafeModeExitRules(204)) - ContainerSafeModeRule rule is successfully validated
2022-07-12 20:44:53,847 [EventQueue-NodeRegistrationContainerReportForDataNodeSafeModeRule] INFO  safemode.SCMSafeModeManager (DataNodeSafeModeRule.java:process(71)) - SCM in safe mode. 1 DataNodes registered, 3 required.
2022-07-12 20:44:53,889 [EventQueue-NewNodeForNewNodeHandler] INFO  pipeline.BackgroundPipelineCreator (BackgroundPipelineCreator.java:notifyEventTriggered(275)) - trigger a one-shot run on RatisPipelineUtilsThread.
2022-07-12 20:44:53,889 [RatisPipelineUtilsThread - 0] INFO  pipeline.RatisPipelineProvider (RatisPipelineProvider.java:lambda$create$0(195)) - Sending CreatePipelineCommand for pipeline:PipelineID=5346853e-a0f1-49eb-bb5f-d7b9c1345fc2 to datanode:37ba2259-f62f-4da5-8096-df445136afb3
2022-07-12 20:44:53,890 [EventQueue-PipelineReportForOneReplicaPipelineSafeModeRule] INFO  safemode.SCMSafeModeManager (SCMSafeModeManager.java:validateSafeModeExitRules(204)) - AtleastOneDatanodeReportedRule rule is successfully validated
2022-07-12 20:44:53,892 [RatisPipelineUtilsThread - 0] INFO  pipeline.PipelineStateManagerImpl (PipelineStateManagerImpl.java:addPipeline(103)) - Created pipeline Pipeline[ Id: 5346853e-a0f1-49eb-bb5f-d7b9c1345fc2, Nodes: 37ba2259-f62f-4da5-8096-df445136afb3{ip: 10.1.0.33, host: fv-az29-983.0gf2enmb5avurc1gjtxldx4mnh.bx.internal.cloudapp.net, ports: [REPLICATION=40241, RATIS=36015, RATIS_ADMIN=36015, RATIS_SERVER=36015, STANDALONE=46595], networkLocation: /default-rack, certSerialId: null, persistedOpState: IN_SERVICE, persistedOpStateExpiryEpochSec: 0}, ReplicationConfig: RATIS/ONE, State:ALLOCATED, leaderId:, CreationTimestamp2022-07-12T20:44:53.889Z[Etc/UTC]].
2022-07-12 20:44:53,997 [EndpointStateMachine task thread for /0.0.0.0:43841 - 0 ] INFO  volume.HddsVolume (HddsVolume.java:createDbStore(309)) - SchemaV3 db is created and loaded at /home/runner/work/ozone/ozone/hadoop-ozone/integration-test/target/test-dir/MiniOzoneClusterImpl-aeab48a2-5f28-437b-866d-5cf3b392f170/datanode-2/data-0/containers/hdds/aeab48a2-5f28-437b-866d-5cf3b392f170/DS-b04c87e6-01df-4d45-81e7-e64351f6418c/container.db for volume DS-b04c87e6-01df-4d45-81e7-e64351f6418c
2022-07-12 20:44:53,997 [EndpointStateMachine task thread for /0.0.0.0:43841 - 0 ] INFO  volume.HddsVolume (HddsVolume.java:closeDbStore(340)) - SchemaV3 db is stopped at /home/runner/work/ozone/ozone/hadoop-ozone/integration-test/target/test-dir/MiniOzoneClusterImpl-aeab48a2-5f28-437b-866d-5cf3b392f170/datanode-2/data-0/containers/hdds/aeab48a2-5f28-437b-866d-5cf3b392f170/DS-b04c87e6-01df-4d45-81e7-e64351f6418c/container.db for volume DS-b04c87e6-01df-4d45-81e7-e64351f6418c
2022-07-12 20:44:53,997 [EndpointStateMachine task thread for /0.0.0.0:43841 - 0 ] INFO  ozoneimpl.OzoneContainer (OzoneContainer.java:start(344)) - Attempting to start container services.
2022-07-12 20:44:53,997 [EndpointStateMachine task thread for /0.0.0.0:43841 - 0 ] INFO  ozoneimpl.OzoneContainer (OzoneContainer.java:startContainerScrub(279)) - Background container scanner has been disabled.
2022-07-12 20:44:54,014 [EndpointStateMachine task thread for /0.0.0.0:43841 - 0 ] INFO  replication.ReplicationServer (ReplicationServer.java:start(111)) - ReplicationServer is started using port 43411
2022-07-12 20:44:54,018 [EndpointStateMachine task thread for /0.0.0.0:43841 - 0 ] INFO  ratis.XceiverServerRatis (XceiverServerRatis.java:start(481)) - Starting XceiverServerRatis b8c05ba5-ed49-4c4c-af2c-0aed88b8729a
2022-07-12 20:44:54,023 [EndpointStateMachine task thread for /0.0.0.0:43841 - 0 ] INFO  server.RaftServer (RaftServerProxy.java:lambda$start$6(382)) - b8c05ba5-ed49-4c4c-af2c-0aed88b8729a: start RPC server
2022-07-12 20:44:54,055 [EndpointStateMachine task thread for /0.0.0.0:43841 - 0 ] INFO  server.GrpcService (GrpcService.java:startImpl(260)) - b8c05ba5-ed49-4c4c-af2c-0aed88b8729a: GrpcService started, listening on 45611
2022-07-12 20:44:54,055 [EndpointStateMachine task thread for /0.0.0.0:43841 - 0 ] INFO  ratis.XceiverServerRatis (XceiverServerRatis.java:getRealPort(502)) - XceiverServerRatis b8c05ba5-ed49-4c4c-af2c-0aed88b8729a is started using port 45611 for RATIS
2022-07-12 20:44:54,056 [EndpointStateMachine task thread for /0.0.0.0:43841 - 0 ] INFO  ratis.XceiverServerRatis (XceiverServerRatis.java:getRealPort(502)) - XceiverServerRatis b8c05ba5-ed49-4c4c-af2c-0aed88b8729a is started using port 45611 for RATIS_ADMIN
2022-07-12 20:44:54,056 [EndpointStateMachine task thread for /0.0.0.0:43841 - 0 ] INFO  ratis.XceiverServerRatis (XceiverServerRatis.java:getRealPort(502)) - XceiverServerRatis b8c05ba5-ed49-4c4c-af2c-0aed88b8729a is started using port 45611 for RATIS_SERVER
2022-07-12 20:44:54,059 [org.apache.ratis.util.JvmPauseMonitor$$Lambda$680/1268395511@1ff182f6] INFO  util.JvmPauseMonitor (JvmPauseMonitor.java:run(103)) - JvmPauseMonitor-b8c05ba5-ed49-4c4c-af2c-0aed88b8729a: Started
2022-07-12 20:44:54,087 [EndpointStateMachine task thread for /0.0.0.0:43841 - 0 ] INFO  server.XceiverServerGrpc (XceiverServerGrpc.java:start(180)) - XceiverServerGrpc b8c05ba5-ed49-4c4c-af2c-0aed88b8729a is started using port 37309
2022-07-12 20:44:54,768 [IPC Server handler 0 on default port 43841] INFO  net.NetworkTopologyImpl (NetworkTopologyImpl.java:add(112)) - Added a new node: /default-rack/2d715fdb-e2dd-4eac-b511-b6b0580c42a8
2022-07-12 20:44:54,769 [IPC Server handler 0 on default port 43841] INFO  node.SCMNodeManager (SCMNodeManager.java:register(397)) - Registered Data node : 2d715fdb-e2dd-4eac-b511-b6b0580c42a8{ip: 10.1.0.33, host: fv-az29-983.0gf2enmb5avurc1gjtxldx4mnh.bx.internal.cloudapp.net, ports: [REPLICATION=43041, RATIS=38953, RATIS_ADMIN=38953, RATIS_SERVER=38953, STANDALONE=46401], networkLocation: /default-rack, certSerialId: null, persistedOpState: null, persistedOpStateExpiryEpochSec: 0}
2022-07-12 20:44:54,769 [EventQueue-NewNodeForNewNodeHandler] INFO  pipeline.BackgroundPipelineCreator (BackgroundPipelineCreator.java:notifyEventTriggered(275)) - trigger a one-shot run on RatisPipelineUtilsThread.
2022-07-12 20:44:54,769 [EventQueue-NodeRegistrationContainerReportForDataNodeSafeModeRule] INFO  safemode.SCMSafeModeManager (DataNodeSafeModeRule.java:process(71)) - SCM in safe mode. 2 DataNodes registered, 3 required.
2022-07-12 20:44:54,773 [RatisPipelineUtilsThread - 0] INFO  pipeline.RatisPipelineProvider (RatisPipelineProvider.java:lambda$create$0(195)) - Sending CreatePipelineCommand for pipeline:PipelineID=f24b404b-9e53-4c41-8fe1-78b5aabcb100 to datanode:2d715fdb-e2dd-4eac-b511-b6b0580c42a8
2022-07-12 20:44:54,774 [RatisPipelineUtilsThread - 0] INFO  pipeline.PipelineStateManagerImpl (PipelineStateManagerImpl.java:addPipeline(103)) - Created pipeline Pipeline[ Id: f24b404b-9e53-4c41-8fe1-78b5aabcb100, Nodes: 2d715fdb-e2dd-4eac-b511-b6b0580c42a8{ip: 10.1.0.33, host: fv-az29-983.0gf2enmb5avurc1gjtxldx4mnh.bx.internal.cloudapp.net, ports: [REPLICATION=43041, RATIS=38953, RATIS_ADMIN=38953, RATIS_SERVER=38953, STANDALONE=46401], networkLocation: /default-rack, certSerialId: null, persistedOpState: IN_SERVICE, persistedOpStateExpiryEpochSec: 0}, ReplicationConfig: RATIS/ONE, State:ALLOCATED, leaderId:, CreationTimestamp2022-07-12T20:44:54.773Z[Etc/UTC]].
2022-07-12 20:44:54,784 [Listener at 127.0.0.1/40525] INFO  ozone.MiniOzoneClusterImpl (MiniOzoneClusterImpl.java:lambda$waitForClusterToBeReady$0(223)) - Waiting for nodes to be ready. Got 2 of 3 DN Heartbeats.
2022-07-12 20:44:54,785 [Listener at 127.0.0.1/40525] INFO  ozone.MiniOzoneClusterImpl (MiniOzoneClusterImpl.java:lambda$waitForClusterToBeReady$0(226)) - Waiting for cluster to exit safe mode
2022-07-12 20:44:54,785 [Listener at 127.0.0.1/40525] INFO  ozone.MiniOzoneClusterImpl (MiniOzoneClusterImpl.java:lambda$waitForClusterToBeReady$0(228)) - SCM became leader
2022-07-12 20:44:55,785 [Listener at 127.0.0.1/40525] INFO  ozone.MiniOzoneClusterImpl (MiniOzoneClusterImpl.java:lambda$waitForClusterToBeReady$0(223)) - Waiting for nodes to be ready. Got 2 of 3 DN Heartbeats.
2022-07-12 20:44:55,785 [Listener at 127.0.0.1/40525] INFO  ozone.MiniOzoneClusterImpl (MiniOzoneClusterImpl.java:lambda$waitForClusterToBeReady$0(226)) - Waiting for cluster to exit safe mode
2022-07-12 20:44:55,785 [Listener at 127.0.0.1/40525] INFO  ozone.MiniOzoneClusterImpl (MiniOzoneClusterImpl.java:lambda$waitForClusterToBeReady$0(228)) - SCM became leader
2022-07-12 20:44:55,832 [IPC Server handler 10 on default port 43841] INFO  net.NetworkTopologyImpl (NetworkTopologyImpl.java:add(112)) - Added a new node: /default-rack/b8c05ba5-ed49-4c4c-af2c-0aed88b8729a
2022-07-12 20:44:55,832 [IPC Server handler 10 on default port 43841] INFO  node.SCMNodeManager (SCMNodeManager.java:register(397)) - Registered Data node : b8c05ba5-ed49-4c4c-af2c-0aed88b8729a{ip: 10.1.0.33, host: fv-az29-983.0gf2enmb5avurc1gjtxldx4mnh.bx.internal.cloudapp.net, ports: [REPLICATION=43411, RATIS=45611, RATIS_ADMIN=45611, RATIS_SERVER=45611, STANDALONE=37309], networkLocation: /default-rack, certSerialId: null, persistedOpState: null, persistedOpStateExpiryEpochSec: 0}
2022-07-12 20:44:55,832 [EventQueue-NewNodeForNewNodeHandler] INFO  pipeline.BackgroundPipelineCreator (BackgroundPipelineCreator.java:notifyEventTriggered(275)) - trigger a one-shot run on RatisPipelineUtilsThread.
2022-07-12 20:44:55,835 [RatisPipelineUtilsThread - 0] INFO  pipeline.RatisPipelineProvider (RatisPipelineProvider.java:lambda$create$0(195)) - Sending CreatePipelineCommand for pipeline:PipelineID=2a108650-a21b-4a00-bfd5-5348966e829b to datanode:b8c05ba5-ed49-4c4c-af2c-0aed88b8729a
2022-07-12 20:44:55,835 [EventQueue-NodeRegistrationContainerReportForDataNodeSafeModeRule] INFO  safemode.SCMSafeModeManager (DataNodeSafeModeRule.java:process(71)) - SCM in safe mode. 3 DataNodes registered, 3 required.
2022-07-12 20:44:55,835 [EventQueue-NodeRegistrationContainerReportForDataNodeSafeModeRule] INFO  safemode.SCMSafeModeManager (SCMSafeModeManager.java:validateSafeModeExitRules(204)) - DataNodeSafeModeRule rule is successfully validated
2022-07-12 20:44:55,835 [EventQueue-NodeRegistrationContainerReportForDataNodeSafeModeRule] INFO  safemode.SCMSafeModeManager (SCMSafeModeManager.java:completePreCheck(233)) - All SCM safe mode pre check rules have passed
2022-07-12 20:44:55,835 [EventQueue-NodeRegistrationContainerReportForDataNodeSafeModeRule] WARN  events.EventQueue (EventQueue.java:fireEvent(216)) - No event handler registered for event TypedEvent{payloadType=SafeModeStatus, name='Safe mode status'}
2022-07-12 20:44:55,835 [EventQueue-NodeRegistrationContainerReportForDataNodeSafeModeRule] INFO  ha.SCMContext (SCMContext.java:updateSafeModeStatus(228)) - Update SafeModeStatus from SafeModeStatus{safeModeStatus=true, preCheckPassed=false} to SafeModeStatus{safeModeStatus=true, preCheckPassed=true}.
2022-07-12 20:44:55,835 [EventQueue-NodeRegistrationContainerReportForDataNodeSafeModeRule] INFO  pipeline.BackgroundPipelineCreator (BackgroundPipelineCreator.java:notifyEventTriggered(275)) - trigger a one-shot run on RatisPipelineUtilsThread.
2022-07-12 20:44:55,835 [RatisPipelineUtilsThread - 0] INFO  pipeline.PipelineStateManagerImpl (PipelineStateManagerImpl.java:addPipeline(103)) - Created pipeline Pipeline[ Id: 2a108650-a21b-4a00-bfd5-5348966e829b, Nodes: b8c05ba5-ed49-4c4c-af2c-0aed88b8729a{ip: 10.1.0.33, host: fv-az29-983.0gf2enmb5avurc1gjtxldx4mnh.bx.internal.cloudapp.net, ports: [REPLICATION=43411, RATIS=45611, RATIS_ADMIN=45611, RATIS_SERVER=45611, STANDALONE=37309], networkLocation: /default-rack, certSerialId: null, persistedOpState: IN_SERVICE, persistedOpStateExpiryEpochSec: 0}, ReplicationConfig: RATIS/ONE, State:ALLOCATED, leaderId:, CreationTimestamp2022-07-12T20:44:55.835Z[Etc/UTC]].
2022-07-12 20:44:55,835 [RatisPipelineUtilsThread - 0] INFO  pipeline.RatisPipelineProvider (RatisPipelineProvider.java:lambda$create$0(195)) - Sending CreatePipelineCommand for pipeline:PipelineID=19ef7a9a-bab9-4d4c-a875-193bac8a2e71 to datanode:37ba2259-f62f-4da5-8096-df445136afb3
2022-07-12 20:44:55,836 [RatisPipelineUtilsThread - 0] INFO  pipeline.RatisPipelineProvider (RatisPipelineProvider.java:lambda$create$0(195)) - Sending CreatePipelineCommand for pipeline:PipelineID=19ef7a9a-bab9-4d4c-a875-193bac8a2e71 to datanode:2d715fdb-e2dd-4eac-b511-b6b0580c42a8
2022-07-12 20:44:55,836 [RatisPipelineUtilsThread - 0] INFO  pipeline.RatisPipelineProvider (RatisPipelineProvider.java:lambda$create$0(195)) - Sending CreatePipelineCommand for pipeline:PipelineID=19ef7a9a-bab9-4d4c-a875-193bac8a2e71 to datanode:b8c05ba5-ed49-4c4c-af2c-0aed88b8729a
2022-07-12 20:44:55,836 [RatisPipelineUtilsThread - 0] INFO  pipeline.PipelineStateManagerImpl (PipelineStateManagerImpl.java:addPipeline(103)) - Created pipeline Pipeline[ Id: 19ef7a9a-bab9-4d4c-a875-193bac8a2e71, Nodes: 37ba2259-f62f-4da5-8096-df445136afb3{ip: 10.1.0.33, host: fv-az29-983.0gf2enmb5avurc1gjtxldx4mnh.bx.internal.cloudapp.net, ports: [REPLICATION=40241, RATIS=36015, RATIS_ADMIN=36015, RATIS_SERVER=36015, STANDALONE=46595], networkLocation: /default-rack, certSerialId: null, persistedOpState: IN_SERVICE, persistedOpStateExpiryEpochSec: 0}2d715fdb-e2dd-4eac-b511-b6b0580c42a8{ip: 10.1.0.33, host: fv-az29-983.0gf2enmb5avurc1gjtxldx4mnh.bx.internal.cloudapp.net, ports: [REPLICATION=43041, RATIS=38953, RATIS_ADMIN=38953, RATIS_SERVER=38953, STANDALONE=46401], networkLocation: /default-rack, certSerialId: null, persistedOpState: IN_SERVICE, persistedOpStateExpiryEpochSec: 0}b8c05ba5-ed49-4c4c-af2c-0aed88b8729a{ip: 10.1.0.33, host: fv-az29-983.0gf2enmb5avurc1gjtxldx4mnh.bx.internal.cloudapp.net, ports: [REPLICATION=43411, RATIS=45611, RATIS_ADMIN=45611, RATIS_SERVER=45611, STANDALONE=37309], networkLocation: /default-rack, certSerialId: null, persistedOpState: IN_SERVICE, persistedOpStateExpiryEpochSec: 0}, ReplicationConfig: RATIS/THREE, State:ALLOCATED, leaderId:, CreationTimestamp2022-07-12T20:44:55.835Z[Etc/UTC]].
2022-07-12 20:44:55,837 [RatisPipelineUtilsThread - 0] INFO  pipeline.RatisPipelineProvider (RatisPipelineProvider.java:lambda$create$0(195)) - Sending CreatePipelineCommand for pipeline:PipelineID=a02017be-b760-4940-a392-63408e39f49d to datanode:b8c05ba5-ed49-4c4c-af2c-0aed88b8729a
2022-07-12 20:44:55,837 [RatisPipelineUtilsThread - 0] INFO  pipeline.RatisPipelineProvider (RatisPipelineProvider.java:lambda$create$0(195)) - Sending CreatePipelineCommand for pipeline:PipelineID=a02017be-b760-4940-a392-63408e39f49d to datanode:37ba2259-f62f-4da5-8096-df445136afb3
2022-07-12 20:44:55,837 [RatisPipelineUtilsThread - 0] INFO  pipeline.RatisPipelineProvider (RatisPipelineProvider.java:lambda$create$0(195)) - Sending CreatePipelineCommand for pipeline:PipelineID=a02017be-b760-4940-a392-63408e39f49d to datanode:2d715fdb-e2dd-4eac-b511-b6b0580c42a8
2022-07-12 20:44:55,837 [RatisPipelineUtilsThread - 0] INFO  pipeline.PipelineStateManagerImpl (PipelineStateManagerImpl.java:addPipeline(103)) - Created pipeline Pipeline[ Id: a02017be-b760-4940-a392-63408e39f49d, Nodes: b8c05ba5-ed49-4c4c-af2c-0aed88b8729a{ip: 10.1.0.33, host: fv-az29-983.0gf2enmb5avurc1gjtxldx4mnh.bx.internal.cloudapp.net, ports: [REPLICATION=43411, RATIS=45611, RATIS_ADMIN=45611, RATIS_SERVER=45611, STANDALONE=37309], networkLocation: /default-rack, certSerialId: null, persistedOpState: IN_SERVICE, persistedOpStateExpiryEpochSec: 0}37ba2259-f62f-4da5-8096-df445136afb3{ip: 10.1.0.33, host: fv-az29-983.0gf2enmb5avurc1gjtxldx4mnh.bx.internal.cloudapp.net, ports: [REPLICATION=40241, RATIS=36015, RATIS_ADMIN=36015, RATIS_SERVER=36015, STANDALONE=46595], networkLocation: /default-rack, certSerialId: null, persistedOpState: IN_SERVICE, persistedOpStateExpiryEpochSec: 0}2d715fdb-e2dd-4eac-b511-b6b0580c42a8{ip: 10.1.0.33, host: fv-az29-983.0gf2enmb5avurc1gjtxldx4mnh.bx.internal.cloudapp.net, ports: [REPLICATION=43041, RATIS=38953, RATIS_ADMIN=38953, RATIS_SERVER=38953, STANDALONE=46401], networkLocation: /default-rack, certSerialId: null, persistedOpState: IN_SERVICE, persistedOpStateExpiryEpochSec: 0}, ReplicationConfig: RATIS/THREE, State:ALLOCATED, leaderId:, CreationTimestamp2022-07-12T20:44:55.837Z[Etc/UTC]].
2022-07-12 20:44:55,837 [RatisPipelineUtilsThread - 0] INFO  pipeline.PipelineManagerImpl (PipelineManagerImpl.java:recordMetricsForPipeline(782)) - Pipeline: PipelineID=a02017be-b760-4940-a392-63408e39f49d contains same datanodes as previous pipelines: PipelineID=19ef7a9a-bab9-4d4c-a875-193bac8a2e71 nodeIds: b8c05ba5-ed49-4c4c-af2c-0aed88b8729a, 37ba2259-f62f-4da5-8096-df445136afb3, 2d715fdb-e2dd-4eac-b511-b6b0580c42a8
2022-07-12 20:44:56,785 [Listener at 127.0.0.1/40525] INFO  ozone.MiniOzoneClusterImpl (MiniOzoneClusterImpl.java:lambda$waitForClusterToBeReady$0(223)) - Nodes are ready. Got 3 of 3 DN Heartbeats.
2022-07-12 20:44:56,786 [Listener at 127.0.0.1/40525] INFO  ozone.MiniOzoneClusterImpl (MiniOzoneClusterImpl.java:lambda$waitForClusterToBeReady$0(226)) - Waiting for cluster to exit safe mode
2022-07-12 20:44:56,786 [Listener at 127.0.0.1/40525] INFO  ozone.MiniOzoneClusterImpl (MiniOzoneClusterImpl.java:lambda$waitForClusterToBeReady$0(228)) - SCM became leader
2022-07-12 20:44:56,816 [Command processor thread] INFO  server.RaftServer (RaftServerProxy.java:addNew(96)) - 37ba2259-f62f-4da5-8096-df445136afb3: addNew group-D7B9C1345FC2:[37ba2259-f62f-4da5-8096-df445136afb3|rpc:10.1.0.33:36015|priority:1] returns group-D7B9C1345FC2:java.util.concurrent.CompletableFuture@1614d56d[Not completed]
2022-07-12 20:44:56,839 [pool-364-thread-1] INFO  server.RaftServer$Division (RaftServerImpl.java:<init>(190)) - 37ba2259-f62f-4da5-8096-df445136afb3: new RaftServerImpl for group-D7B9C1345FC2:[37ba2259-f62f-4da5-8096-df445136afb3|rpc:10.1.0.33:36015|priority:1] with ContainerStateMachine:uninitialized
2022-07-12 20:44:56,839 [pool-364-thread-1] INFO  server.RaftServerConfigKeys (ConfUtils.java:logGet(46)) - raft.server.rpc.timeout.min = 5s (custom)
2022-07-12 20:44:56,839 [pool-364-thread-1] INFO  server.RaftServerConfigKeys (ConfUtils.java:logGet(46)) - raft.server.rpc.timeout.max = 5200ms (custom)
2022-07-12 20:44:56,840 [pool-364-thread-1] INFO  server.RaftServerConfigKeys (ConfUtils.java:logGet(46)) - raft.server.rpc.sleep.time = 25ms (default)
2022-07-12 20:44:56,840 [pool-364-thread-1] INFO  server.RaftServerConfigKeys (ConfUtils.java:logGet(46)) - raft.server.rpc.slowness.timeout = 300s (custom)
2022-07-12 20:44:56,840 [pool-364-thread-1] INFO  server.RaftServerConfigKeys (ConfUtils.java:logGet(46)) - raft.server.leaderelection.leader.step-down.wait-time = 10s (default)
2022-07-12 20:44:56,840 [pool-364-thread-1] INFO  server.RaftServerConfigKeys (ConfUtils.java:logGet(46)) - raft.server.sleep.deviation.threshold = 300ms (default)
2022-07-12 20:44:56,840 [pool-364-thread-1] INFO  server.RaftServer$Division (ServerState.java:<init>(107)) - 37ba2259-f62f-4da5-8096-df445136afb3@group-D7B9C1345FC2: ConfigurationManager, init=-1: [37ba2259-f62f-4da5-8096-df445136afb3|rpc:10.1.0.33:36015|priority:1], old=null, confs=<EMPTY_MAP>
2022-07-12 20:44:56,840 [pool-364-thread-1] INFO  server.RaftServerConfigKeys (ConfUtils.java:logGet(46)) - raft.server.storage.dir = [/home/runner/work/ozone/ozone/hadoop-ozone/integration-test/target/test-dir/MiniOzoneClusterImpl-aeab48a2-5f28-437b-866d-5cf3b392f170/datanode-0/data/ratis] (custom)
2022-07-12 20:44:56,843 [pool-364-thread-1] INFO  server.RaftServerConfigKeys (ConfUtils.java:logGet(46)) - raft.server.log.corruption.policy = EXCEPTION (default)
2022-07-12 20:44:56,843 [pool-364-thread-1] INFO  server.RaftServerConfigKeys (ConfUtils.java:logGet(46)) - raft.server.storage.free-space.min = 0MB (=0) (default)
2022-07-12 20:44:56,843 [pool-364-thread-1] INFO  storage.RaftStorageDirectory (RaftStorageDirectoryImpl.java:analyzeStorage(135)) - The storage directory /home/runner/work/ozone/ozone/hadoop-ozone/integration-test/target/test-dir/MiniOzoneClusterImpl-aeab48a2-5f28-437b-866d-5cf3b392f170/datanode-0/data/ratis/5346853e-a0f1-49eb-bb5f-d7b9c1345fc2 does not exist. Creating ...
2022-07-12 20:44:56,850 [pool-364-thread-1] INFO  storage.RaftStorageDirectory (RaftStorageDirectoryImpl.java:tryLock(230)) - Lock on /home/runner/work/ozone/ozone/hadoop-ozone/integration-test/target/test-dir/MiniOzoneClusterImpl-aeab48a2-5f28-437b-866d-5cf3b392f170/datanode-0/data/ratis/5346853e-a0f1-49eb-bb5f-d7b9c1345fc2/in_use.lock acquired by nodename 3147@fv-az29-983
2022-07-12 20:44:56,854 [pool-364-thread-1] INFO  storage.RaftStorage (RaftStorageImpl.java:format(89)) - Storage directory /home/runner/work/ozone/ozone/hadoop-ozone/integration-test/target/test-dir/MiniOzoneClusterImpl-aeab48a2-5f28-437b-866d-5cf3b392f170/datanode-0/data/ratis/5346853e-a0f1-49eb-bb5f-d7b9c1345fc2 has been successfully formatted.
2022-07-12 20:44:56,855 [pool-364-thread-1] INFO  ratis.ContainerStateMachine (ContainerStateMachine.java:loadSnapshot(236)) - group-D7B9C1345FC2: The snapshot info is null. Setting the last applied indexto:(t:0, i:~)
2022-07-12 20:44:56,856 [pool-364-thread-1] INFO  server.RaftServerConfigKeys (ConfUtils.java:logGet(46)) - raft.server.notification.no-leader.timeout = 300s (custom)
2022-07-12 20:44:56,856 [pool-364-thread-1] INFO  server.RaftServerConfigKeys (ConfUtils.java:logGet(46)) - raft.server.log.use.memory = false (default)
2022-07-12 20:44:56,856 [pool-364-thread-1] INFO  server.RaftServerConfigKeys (ConfUtils.java:logGet(46)) - raft.server.log.purge.gap = 1000000 (custom)
2022-07-12 20:44:56,856 [pool-364-thread-1] INFO  server.RaftServerConfigKeys (ConfUtils.java:logGet(46)) - raft.server.log.appender.buffer.byte-limit = 33554432 (custom)
2022-07-12 20:44:56,856 [pool-364-thread-1] INFO  server.RaftServerConfigKeys (ConfUtils.java:logGet(46)) - raft.server.log.statemachine.data.read.timeout = 1000ms (default)
2022-07-12 20:44:56,856 [pool-364-thread-1] INFO  server.RaftServerConfigKeys (ConfUtils.java:logGet(46)) - raft.server.log.segment.size.max = 1048576 (custom)
2022-07-12 20:44:56,856 [pool-364-thread-1] INFO  server.RaftServerConfigKeys (ConfUtils.java:logGet(46)) - raft.server.log.segment.cache.num.max = 2 (custom)
2022-07-12 20:44:56,856 [pool-364-thread-1] INFO  server.RaftServerConfigKeys (ConfUtils.java:logGet(46)) - raft.server.log.segment.cache.size.max = 200MB (=209715200) (default)
2022-07-12 20:44:56,857 [pool-364-thread-1] INFO  segmented.SegmentedRaftLogWorker (SegmentedRaftLogWorker.java:<init>(187)) - new 37ba2259-f62f-4da5-8096-df445136afb3@group-D7B9C1345FC2-SegmentedRaftLogWorker for RaftStorageImpl:Storage Directory /home/runner/work/ozone/ozone/hadoop-ozone/integration-test/target/test-dir/MiniOzoneClusterImpl-aeab48a2-5f28-437b-866d-5cf3b392f170/datanode-0/data/ratis/5346853e-a0f1-49eb-bb5f-d7b9c1345fc2
2022-07-12 20:44:56,857 [pool-364-thread-1] INFO  server.RaftServerConfigKeys (ConfUtils.java:logGet(46)) - raft.server.log.queue.byte-limit = 4294967296 (custom)
2022-07-12 20:44:56,857 [pool-364-thread-1] INFO  server.RaftServerConfigKeys (ConfUtils.java:logGet(46)) - raft.server.log.queue.element-limit = 1024 (custom)
2022-07-12 20:44:56,857 [pool-364-thread-1] INFO  server.RaftServerConfigKeys (ConfUtils.java:logGet(46)) - raft.server.log.segment.size.max = 1048576 (custom)
2022-07-12 20:44:56,857 [pool-364-thread-1] INFO  server.RaftServerConfigKeys (ConfUtils.java:logGet(46)) - raft.server.log.preallocated.size = 16384 (custom)
2022-07-12 20:44:56,857 [pool-364-thread-1] INFO  server.RaftServerConfigKeys (ConfUtils.java:logGet(46)) - raft.server.log.force.sync.num = 128 (default)
2022-07-12 20:44:56,857 [pool-364-thread-1] INFO  server.RaftServerConfigKeys (ConfUtils.java:logGet(46)) - raft.server.log.statemachine.data.sync = true (default)
2022-07-12 20:44:56,857 [pool-364-thread-1] INFO  server.RaftServerConfigKeys (ConfUtils.java:logGet(46)) - raft.server.log.statemachine.data.sync.timeout = 10s (default)
2022-07-12 20:44:56,857 [pool-364-thread-1] INFO  server.RaftServerConfigKeys (ConfUtils.java:logGet(46)) - raft.server.log.statemachine.data.sync.timeout.retry = -1 (default)
2022-07-12 20:44:56,858 [pool-364-thread-1] INFO  server.RaftServerConfigKeys (ConfUtils.java:logGet(46)) - raft.server.log.write.buffer.size = 1048576 (custom)
2022-07-12 20:44:56,859 [pool-364-thread-1] INFO  server.RaftServerConfigKeys (ConfUtils.java:logGet(46)) - raft.server.log.unsafe-flush.enabled = false (default)
2022-07-12 20:44:56,859 [pool-364-thread-1] INFO  server.RaftServerConfigKeys (ConfUtils.java:logGet(46)) - raft.server.log.statemachine.data.caching.enabled = true (custom)
2022-07-12 20:44:56,859 [pool-364-thread-1] INFO  segmented.SegmentedRaftLogWorker (SegmentedRaftLogWorker.java:lambda$new$0(135)) - 37ba2259-f62f-4da5-8096-df445136afb3@group-D7B9C1345FC2-SegmentedRaftLogWorker: flushIndex: setUnconditionally 0 -> -1
2022-07-12 20:44:56,859 [pool-364-thread-1] INFO  segmented.SegmentedRaftLogWorker (SegmentedRaftLogWorker.java:lambda$new$0(135)) - 37ba2259-f62f-4da5-8096-df445136afb3@group-D7B9C1345FC2-SegmentedRaftLogWorker: safeCacheEvictIndex: setUnconditionally 0 -> -1
2022-07-12 20:44:56,859 [pool-364-thread-1] INFO  server.RaftServerConfigKeys (ConfUtils.java:logGet(46)) - raft.server.snapshot.auto.trigger.enabled = true (custom)
2022-07-12 20:44:56,859 [pool-364-thread-1] INFO  server.RaftServerConfigKeys (ConfUtils.java:logGet(46)) - raft.server.snapshot.auto.trigger.threshold = 10000 (custom)
2022-07-12 20:44:56,859 [pool-364-thread-1] INFO  server.RaftServerConfigKeys (ConfUtils.java:logGet(46)) - raft.server.snapshot.retention.file.num = 5 (custom)
2022-07-12 20:44:56,859 [pool-364-thread-1] INFO  server.RaftServerConfigKeys (ConfUtils.java:logGet(46)) - raft.server.log.purge.upto.snapshot.index = false (default)
2022-07-12 20:44:56,859 [pool-364-thread-1] INFO  server.RaftServerConfigKeys (ConfUtils.java:logGet(46)) - raft.server.retrycache.expirytime = 600000ms (custom)
2022-07-12 20:44:56,859 [pool-364-thread-1] INFO  server.RaftServerConfigKeys (ConfUtils.java:logGet(46)) - raft.server.retrycache.statistics.expirytime = 100μs (default)
2022-07-12 20:44:56,859 [EventQueue-PipelineReportForPipelineReportHandler] INFO  pipeline.PipelineManagerImpl (PipelineManagerImpl.java:openPipeline(359)) - Pipeline Pipeline[ Id: 5346853e-a0f1-49eb-bb5f-d7b9c1345fc2, Nodes: 37ba2259-f62f-4da5-8096-df445136afb3{ip: 10.1.0.33, host: fv-az29-983.0gf2enmb5avurc1gjtxldx4mnh.bx.internal.cloudapp.net, ports: [REPLICATION=40241, RATIS=36015, RATIS_ADMIN=36015, RATIS_SERVER=36015, STANDALONE=46595], networkLocation: /default-rack, certSerialId: null, persistedOpState: IN_SERVICE, persistedOpStateExpiryEpochSec: 0}, ReplicationConfig: RATIS/ONE, State:ALLOCATED, leaderId:37ba2259-f62f-4da5-8096-df445136afb3, CreationTimestamp2022-07-12T20:44:53.889Z[Etc/UTC]] moved to OPEN state
2022-07-12 20:44:56,860 [pool-364-thread-1] INFO  server.RaftServerConfigKeys (ConfUtils.java:logGet(46)) - raft.server.log.appender.install.snapshot.enabled = false (custom)
2022-07-12 20:44:56,860 [pool-364-thread-1] INFO  server.RaftServerConfigKeys (ConfUtils.java:logGet(46)) - raft.server.threadpool.server.cached = true (default)
2022-07-12 20:44:56,860 [pool-364-thread-1] INFO  server.RaftServerConfigKeys (ConfUtils.java:logGet(46)) - raft.server.threadpool.server.size = 0 (default)
2022-07-12 20:44:56,861 [pool-364-thread-1] INFO  server.RaftServerConfigKeys (ConfUtils.java:logGet(46)) - raft.server.threadpool.client.cached = true (default)
2022-07-12 20:44:56,861 [pool-364-thread-1] INFO  server.RaftServerConfigKeys (ConfUtils.java:logGet(46)) - raft.server.threadpool.client.size = 0 (default)
2022-07-12 20:44:56,861 [pool-364-thread-1] INFO  server.RaftServer$Division (RaftServerImpl.java:start(310)) - 37ba2259-f62f-4da5-8096-df445136afb3@group-D7B9C1345FC2: start as a follower, conf=-1: [37ba2259-f62f-4da5-8096-df445136afb3|rpc:10.1.0.33:36015|priority:1], old=null
2022-07-12 20:44:56,861 [pool-364-thread-1] INFO  server.RaftServer$Division (RaftServerImpl.java:setRole(299)) - 37ba2259-f62f-4da5-8096-df445136afb3@group-D7B9C1345FC2: changes role from      null to FOLLOWER at term 0 for startAsFollower
2022-07-12 20:44:56,861 [pool-364-thread-1] INFO  impl.RoleInfo (RoleInfo.java:updateAndGet(139)) - 37ba2259-f62f-4da5-8096-df445136afb3: start 37ba2259-f62f-4da5-8096-df445136afb3@group-D7B9C1345FC2-FollowerState
2022-07-12 20:44:56,867 [pool-364-thread-1] INFO  util.JmxRegister (JmxRegister.java:tryRegister(44)) - Successfully registered JMX Bean with object name Ratis:service=RaftServer,group=group-D7B9C1345FC2,id=37ba2259-f62f-4da5-8096-df445136afb3
2022-07-12 20:44:56,870 [Command processor thread] INFO  ratis.XceiverServerRatis (XceiverServerRatis.java:addGroup(765)) - Created group PipelineID=5346853e-a0f1-49eb-bb5f-d7b9c1345fc2
2022-07-12 20:44:56,871 [Command processor thread] INFO  commandhandler.CreatePipelineCommandHandler (CreatePipelineCommandHandler.java:handle(113)) - Created Pipeline RATIS ONE PipelineID=5346853e-a0f1-49eb-bb5f-d7b9c1345fc2.
2022-07-12 20:44:56,871 [Command processor thread] INFO  server.RaftServer (RaftServerProxy.java:addNew(96)) - 37ba2259-f62f-4da5-8096-df445136afb3: addNew group-193BAC8A2E71:[2d715fdb-e2dd-4eac-b511-b6b0580c42a8|rpc:10.1.0.33:38953|priority:0, 37ba2259-f62f-4da5-8096-df445136afb3|rpc:10.1.0.33:36015|priority:0, b8c05ba5-ed49-4c4c-af2c-0aed88b8729a|rpc:10.1.0.33:45611|priority:1] returns group-193BAC8A2E71:java.util.concurrent.CompletableFuture@122b4377[Not completed]
2022-07-12 20:44:56,889 [pool-364-thread-1] INFO  server.RaftServer$Division (RaftServerImpl.java:<init>(190)) - 37ba2259-f62f-4da5-8096-df445136afb3: new RaftServerImpl for group-193BAC8A2E71:[2d715fdb-e2dd-4eac-b511-b6b0580c42a8|rpc:10.1.0.33:38953|priority:0, 37ba2259-f62f-4da5-8096-df445136afb3|rpc:10.1.0.33:36015|priority:0, b8c05ba5-ed49-4c4c-af2c-0aed88b8729a|rpc:10.1.0.33:45611|priority:1] with ContainerStateMachine:uninitialized
2022-07-12 20:44:56,889 [pool-364-thread-1] INFO  server.RaftServerConfigKeys (ConfUtils.java:logGet(46)) - raft.server.rpc.timeout.min = 5s (custom)
2022-07-12 20:44:56,889 [pool-364-thread-1] INFO  server.RaftServerConfigKeys (ConfUtils.java:logGet(46)) - raft.server.rpc.timeout.max = 5200ms (custom)
2022-07-12 20:44:56,889 [pool-364-thread-1] INFO  server.RaftServerConfigKeys (ConfUtils.java:logGet(46)) - raft.server.rpc.sleep.time = 25ms (default)
2022-07-12 20:44:56,889 [pool-364-thread-1] INFO  server.RaftServerConfigKeys (ConfUtils.java:logGet(46)) - raft.server.rpc.slowness.timeout = 300s (custom)
2022-07-12 20:44:56,889 [pool-364-thread-1] INFO  server.RaftServerConfigKeys (ConfUtils.java:logGet(46)) - raft.server.leaderelection.leader.step-down.wait-time = 10s (default)
2022-07-12 20:44:56,889 [pool-364-thread-1] INFO  server.RaftServerConfigKeys (ConfUtils.java:logGet(46)) - raft.server.sleep.deviation.threshold = 300ms (default)
2022-07-12 20:44:56,889 [pool-364-thread-1] INFO  server.RaftServer$Division (ServerState.java:<init>(107)) - 37ba2259-f62f-4da5-8096-df445136afb3@group-193BAC8A2E71: ConfigurationManager, init=-1: [2d715fdb-e2dd-4eac-b511-b6b0580c42a8|rpc:10.1.0.33:38953|priority:0, 37ba2259-f62f-4da5-8096-df445136afb3|rpc:10.1.0.33:36015|priority:0, b8c05ba5-ed49-4c4c-af2c-0aed88b8729a|rpc:10.1.0.33:45611|priority:1], old=null, confs=<EMPTY_MAP>
2022-07-12 20:44:56,889 [pool-364-thread-1] INFO  server.RaftServerConfigKeys (ConfUtils.java:logGet(46)) - raft.server.storage.dir = [/home/runner/work/ozone/ozone/hadoop-ozone/integration-test/target/test-dir/MiniOzoneClusterImpl-aeab48a2-5f28-437b-866d-5cf3b392f170/datanode-0/data/ratis] (custom)
2022-07-12 20:44:56,889 [pool-364-thread-1] INFO  server.RaftServerConfigKeys (ConfUtils.java:logGet(46)) - raft.server.log.corruption.policy = EXCEPTION (default)
2022-07-12 20:44:56,890 [pool-364-thread-1] INFO  server.RaftServerConfigKeys (ConfUtils.java:logGet(46)) - raft.server.storage.free-space.min = 0MB (=0) (default)
2022-07-12 20:44:56,890 [pool-364-thread-1] INFO  storage.RaftStorageDirectory (RaftStorageDirectoryImpl.java:analyzeStorage(135)) - The storage directory /home/runner/work/ozone/ozone/hadoop-ozone/integration-test/target/test-dir/MiniOzoneClusterImpl-aeab48a2-5f28-437b-866d-5cf3b392f170/datanode-0/data/ratis/19ef7a9a-bab9-4d4c-a875-193bac8a2e71 does not exist. Creating ...
2022-07-12 20:44:56,894 [pool-364-thread-1] INFO  storage.RaftStorageDirectory (RaftStorageDirectoryImpl.java:tryLock(230)) - Lock on /home/runner/work/ozone/ozone/hadoop-ozone/integration-test/target/test-dir/MiniOzoneClusterImpl-aeab48a2-5f28-437b-866d-5cf3b392f170/datanode-0/data/ratis/19ef7a9a-bab9-4d4c-a875-193bac8a2e71/in_use.lock acquired by nodename 3147@fv-az29-983
2022-07-12 20:44:56,895 [pool-364-thread-1] INFO  storage.RaftStorage (RaftStorageImpl.java:format(89)) - Storage directory /home/runner/work/ozone/ozone/hadoop-ozone/integration-test/target/test-dir/MiniOzoneClusterImpl-aeab48a2-5f28-437b-866d-5cf3b392f170/datanode-0/data/ratis/19ef7a9a-bab9-4d4c-a875-193bac8a2e71 has been successfully formatted.
2022-07-12 20:44:56,896 [pool-364-thread-1] INFO  ratis.ContainerStateMachine (ContainerStateMachine.java:loadSnapshot(236)) - group-193BAC8A2E71: The snapshot info is null. Setting the last applied indexto:(t:0, i:~)
2022-07-12 20:44:56,896 [pool-364-thread-1] INFO  server.RaftServerConfigKeys (ConfUtils.java:logGet(46)) - raft.server.notification.no-leader.timeout = 300s (custom)
2022-07-12 20:44:56,896 [pool-364-thread-1] INFO  server.RaftServerConfigKeys (ConfUtils.java:logGet(46)) - raft.server.log.use.memory = false (default)
2022-07-12 20:44:56,896 [pool-364-thread-1] INFO  server.RaftServerConfigKeys (ConfUtils.java:logGet(46)) - raft.server.log.purge.gap = 1000000 (custom)
2022-07-12 20:44:56,896 [pool-364-thread-1] INFO  server.RaftServerConfigKeys (ConfUtils.java:logGet(46)) - raft.server.log.appender.buffer.byte-limit = 33554432 (custom)
2022-07-12 20:44:56,896 [pool-364-thread-1] INFO  server.RaftServerConfigKeys (ConfUtils.java:logGet(46)) - raft.server.log.statemachine.data.read.timeout = 1000ms (default)
2022-07-12 20:44:56,896 [pool-364-thread-1] INFO  server.RaftServerConfigKeys (ConfUtils.java:logGet(46)) - raft.server.log.segment.size.max = 1048576 (custom)
2022-07-12 20:44:56,897 [pool-364-thread-1] INFO  server.RaftServerConfigKeys (ConfUtils.java:logGet(46)) - raft.server.log.segment.cache.num.max = 2 (custom)
2022-07-12 20:44:56,897 [pool-364-thread-1] INFO  server.RaftServerConfigKeys (ConfUtils.java:logGet(46)) - raft.server.log.segment.cache.size.max = 200MB (=209715200) (default)
2022-07-12 20:44:56,897 [pool-364-thread-1] INFO  segmented.SegmentedRaftLogWorker (SegmentedRaftLogWorker.java:<init>(187)) - new 37ba2259-f62f-4da5-8096-df445136afb3@group-193BAC8A2E71-SegmentedRaftLogWorker for RaftStorageImpl:Storage Directory /home/runner/work/ozone/ozone/hadoop-ozone/integration-test/target/test-dir/MiniOzoneClusterImpl-aeab48a2-5f28-437b-866d-5cf3b392f170/datanode-0/data/ratis/19ef7a9a-bab9-4d4c-a875-193bac8a2e71
2022-07-12 20:44:56,897 [pool-364-thread-1] INFO  server.RaftServerConfigKeys (ConfUtils.java:logGet(46)) - raft.server.log.queue.byte-limit = 4294967296 (custom)
2022-07-12 20:44:56,897 [pool-364-thread-1] INFO  server.RaftServerConfigKeys (ConfUtils.java:logGet(46)) - raft.server.log.queue.element-limit = 1024 (custom)
2022-07-12 20:44:56,897 [pool-364-thread-1] INFO  server.RaftServerConfigKeys (ConfUtils.java:logGet(46)) - raft.server.log.segment.size.max = 1048576 (custom)
2022-07-12 20:44:56,897 [pool-364-thread-1] INFO  server.RaftServerConfigKeys (ConfUtils.java:logGet(46)) - raft.server.log.preallocated.size = 16384 (custom)
2022-07-12 20:44:56,897 [pool-364-thread-1] INFO  server.RaftServerConfigKeys (ConfUtils.java:logGet(46)) - raft.server.log.force.sync.num = 128 (default)
2022-07-12 20:44:56,897 [pool-364-thread-1] INFO  server.RaftServerConfigKeys (ConfUtils.java:logGet(46)) - raft.server.log.statemachine.data.sync = true (default)
2022-07-12 20:44:56,897 [pool-364-thread-1] INFO  server.RaftServerConfigKeys (ConfUtils.java:logGet(46)) - raft.server.log.statemachine.data.sync.timeout = 10s (default)
2022-07-12 20:44:56,897 [pool-364-thread-1] INFO  server.RaftServerConfigKeys (ConfUtils.java:logGet(46)) - raft.server.log.statemachine.data.sync.timeout.retry = -1 (default)
2022-07-12 20:44:56,898 [pool-364-thread-1] INFO  server.RaftServerConfigKeys (ConfUtils.java:logGet(46)) - raft.server.log.write.buffer.size = 1048576 (custom)
2022-07-12 20:44:56,898 [pool-364-thread-1] INFO  server.RaftServerConfigKeys (ConfUtils.java:logGet(46)) - raft.server.log.unsafe-flush.enabled = false (default)
2022-07-12 20:44:56,898 [pool-364-thread-1] INFO  server.RaftServerConfigKeys (ConfUtils.java:logGet(46)) - raft.server.log.statemachine.data.caching.enabled = true (custom)
2022-07-12 20:44:56,898 [pool-364-thread-1] INFO  segmented.SegmentedRaftLogWorker (SegmentedRaftLogWorker.java:lambda$new$0(135)) - 37ba2259-f62f-4da5-8096-df445136afb3@group-193BAC8A2E71-SegmentedRaftLogWorker: flushIndex: setUnconditionally 0 -> -1
2022-07-12 20:44:56,898 [pool-364-thread-1] INFO  segmented.SegmentedRaftLogWorker (SegmentedRaftLogWorker.java:lambda$new$0(135)) - 37ba2259-f62f-4da5-8096-df445136afb3@group-193BAC8A2E71-SegmentedRaftLogWorker: safeCacheEvictIndex: setUnconditionally 0 -> -1
2022-07-12 20:44:56,907 [pool-364-thread-1] INFO  server.RaftServerConfigKeys (ConfUtils.java:logGet(46)) - raft.server.snapshot.auto.trigger.enabled = true (custom)
2022-07-12 20:44:56,907 [pool-364-thread-1] INFO  server.RaftServerConfigKeys (ConfUtils.java:logGet(46)) - raft.server.snapshot.auto.trigger.threshold = 10000 (custom)
2022-07-12 20:44:56,907 [pool-364-thread-1] INFO  server.RaftServerConfigKeys (ConfUtils.java:logGet(46)) - raft.server.snapshot.retention.file.num = 5 (custom)
2022-07-12 20:44:56,907 [pool-364-thread-1] INFO  server.RaftServerConfigKeys (ConfUtils.java:logGet(46)) - raft.server.log.purge.upto.snapshot.index = false (default)
2022-07-12 20:44:56,907 [pool-364-thread-1] INFO  server.RaftServerConfigKeys (ConfUtils.java:logGet(46)) - raft.server.retrycache.expirytime = 600000ms (custom)
2022-07-12 20:44:56,907 [pool-364-thread-1] INFO  server.RaftServerConfigKeys (ConfUtils.java:logGet(46)) - raft.server.retrycache.statistics.expirytime = 100μs (default)
2022-07-12 20:44:56,908 [pool-364-thread-1] INFO  server.RaftServerConfigKeys (ConfUtils.java:logGet(46)) - raft.server.log.appender.install.snapshot.enabled = false (custom)
2022-07-12 20:44:56,908 [pool-364-thread-1] INFO  server.RaftServerConfigKeys (ConfUtils.java:logGet(46)) - raft.server.threadpool.server.cached = true (default)
2022-07-12 20:44:56,908 [pool-364-thread-1] INFO  server.RaftServerConfigKeys (ConfUtils.java:logGet(46)) - raft.server.threadpool.server.size = 0 (default)
2022-07-12 20:44:56,908 [pool-364-thread-1] INFO  server.RaftServerConfigKeys (ConfUtils.java:logGet(46)) - raft.server.threadpool.client.cached = true (default)
2022-07-12 20:44:56,908 [pool-364-thread-1] INFO  server.RaftServerConfigKeys (ConfUtils.java:logGet(46)) - raft.server.threadpool.client.size = 0 (default)
2022-07-12 20:44:56,908 [pool-364-thread-1] INFO  server.RaftServer$Division (RaftServerImpl.java:start(310)) - 37ba2259-f62f-4da5-8096-df445136afb3@group-193BAC8A2E71: start as a follower, conf=-1: [2d715fdb-e2dd-4eac-b511-b6b0580c42a8|rpc:10.1.0.33:38953|priority:0, 37ba2259-f62f-4da5-8096-df445136afb3|rpc:10.1.0.33:36015|priority:0, b8c05ba5-ed49-4c4c-af2c-0aed88b8729a|rpc:10.1.0.33:45611|priority:1], old=null
2022-07-12 20:44:56,908 [pool-364-thread-1] INFO  server.RaftServer$Division (RaftServerImpl.java:setRole(299)) - 37ba2259-f62f-4da5-8096-df445136afb3@group-193BAC8A2E71: changes role from      null to FOLLOWER at term 0 for startAsFollower
2022-07-12 20:44:56,908 [pool-364-thread-1] INFO  impl.RoleInfo (RoleInfo.java:updateAndGet(139)) - 37ba2259-f62f-4da5-8096-df445136afb3: start 37ba2259-f62f-4da5-8096-df445136afb3@group-193BAC8A2E71-FollowerState
2022-07-12 20:44:56,911 [pool-364-thread-1] INFO  util.JmxRegister (JmxRegister.java:tryRegister(44)) - Successfully registered JMX Bean with object name Ratis:service=RaftServer,group=group-193BAC8A2E71,id=37ba2259-f62f-4da5-8096-df445136afb3
2022-07-12 20:44:56,915 [Command processor thread] INFO  ratis.XceiverServerRatis (XceiverServerRatis.java:addGroup(765)) - Created group PipelineID=19ef7a9a-bab9-4d4c-a875-193bac8a2e71
2022-07-12 20:44:56,958 [EventQueue-OpenPipelineForHealthyPipelineSafeModeRule] INFO  safemode.SCMSafeModeManager (HealthyPipelineSafeModeRule.java:process(124)) - SCM in safe mode. Healthy pipelines reported count is 0, required healthy pipeline reported count is 1
2022-07-12 20:44:56,959 [EventQueue-OpenPipelineForHealthyPipelineSafeModeRule] INFO  safemode.SCMSafeModeManager (HealthyPipelineSafeModeRule.java:process(124)) - SCM in safe mode. Healthy pipelines reported count is 0, required healthy pipeline reported count is 1
2022-07-12 20:44:57,007 [grpc-default-executor-0] INFO  server.RaftServer (RaftServerProxy.java:addNew(96)) - 2d715fdb-e2dd-4eac-b511-b6b0580c42a8: addNew group-193BAC8A2E71:[2d715fdb-e2dd-4eac-b511-b6b0580c42a8|rpc:10.1.0.33:38953|dataStream:|priority:0, 37ba2259-f62f-4da5-8096-df445136afb3|rpc:10.1.0.33:36015|dataStream:|priority:0, b8c05ba5-ed49-4c4c-af2c-0aed88b8729a|rpc:10.1.0.33:45611|dataStream:|priority:1] returns group-193BAC8A2E71:java.util.concurrent.CompletableFuture@665616da[Not completed]
2022-07-12 20:44:57,011 [pool-387-thread-1] INFO  server.RaftServer$Division (RaftServerImpl.java:<init>(190)) - 2d715fdb-e2dd-4eac-b511-b6b0580c42a8: new RaftServerImpl for group-193BAC8A2E71:[2d715fdb-e2dd-4eac-b511-b6b0580c42a8|rpc:10.1.0.33:38953|dataStream:|priority:0, 37ba2259-f62f-4da5-8096-df445136afb3|rpc:10.1.0.33:36015|dataStream:|priority:0, b8c05ba5-ed49-4c4c-af2c-0aed88b8729a|rpc:10.1.0.33:45611|dataStream:|priority:1] with ContainerStateMachine:uninitialized
2022-07-12 20:44:57,011 [pool-387-thread-1] INFO  server.RaftServerConfigKeys (ConfUtils.java:logGet(46)) - raft.server.rpc.timeout.min = 5s (custom)
2022-07-12 20:44:57,012 [pool-387-thread-1] INFO  server.RaftServerConfigKeys (ConfUtils.java:logGet(46)) - raft.server.rpc.timeout.max = 5200ms (custom)
2022-07-12 20:44:57,012 [pool-387-thread-1] INFO  server.RaftServerConfigKeys (ConfUtils.java:logGet(46)) - raft.server.rpc.sleep.time = 25ms (default)
2022-07-12 20:44:57,012 [pool-387-thread-1] INFO  server.RaftServerConfigKeys (ConfUtils.java:logGet(46)) - raft.server.rpc.slowness.timeout = 300s (custom)
2022-07-12 20:44:57,012 [pool-387-thread-1] INFO  server.RaftServerConfigKeys (ConfUtils.java:logGet(46)) - raft.server.leaderelection.leader.step-down.wait-time = 10s (default)
2022-07-12 20:44:57,013 [pool-387-thread-1] INFO  server.RaftServerConfigKeys (ConfUtils.java:logGet(46)) - raft.server.sleep.deviation.threshold = 300ms (default)
2022-07-12 20:44:57,013 [pool-387-thread-1] INFO  server.RaftServer$Division (ServerState.java:<init>(107)) - 2d715fdb-e2dd-4eac-b511-b6b0580c42a8@group-193BAC8A2E71: ConfigurationManager, init=-1: [2d715fdb-e2dd-4eac-b511-b6b0580c42a8|rpc:10.1.0.33:38953|dataStream:|priority:0, 37ba2259-f62f-4da5-8096-df445136afb3|rpc:10.1.0.33:36015|dataStream:|priority:0, b8c05ba5-ed49-4c4c-af2c-0aed88b8729a|rpc:10.1.0.33:45611|dataStream:|priority:1], old=null, confs=<EMPTY_MAP>
2022-07-12 20:44:57,013 [pool-387-thread-1] INFO  server.RaftServerConfigKeys (ConfUtils.java:logGet(46)) - raft.server.storage.dir = [/home/runner/work/ozone/ozone/hadoop-ozone/integration-test/target/test-dir/MiniOzoneClusterImpl-aeab48a2-5f28-437b-866d-5cf3b392f170/datanode-1/data/ratis] (custom)
2022-07-12 20:44:57,013 [pool-387-thread-1] INFO  server.RaftServerConfigKeys (ConfUtils.java:logGet(46)) - raft.server.log.corruption.policy = EXCEPTION (default)
2022-07-12 20:44:57,013 [pool-387-thread-1] INFO  server.RaftServerConfigKeys (ConfUtils.java:logGet(46)) - raft.server.storage.free-space.min = 0MB (=0) (default)
2022-07-12 20:44:57,013 [pool-387-thread-1] INFO  storage.RaftStorageDirectory (RaftStorageDirectoryImpl.java:analyzeStorage(135)) - The storage directory /home/runner/work/ozone/ozone/hadoop-ozone/integration-test/target/test-dir/MiniOzoneClusterImpl-aeab48a2-5f28-437b-866d-5cf3b392f170/datanode-1/data/ratis/19ef7a9a-bab9-4d4c-a875-193bac8a2e71 does not exist. Creating ...
2022-07-12 20:44:57,016 [pool-387-thread-1] INFO  storage.RaftStorageDirectory (RaftStorageDirectoryImpl.java:tryLock(230)) - Lock on /home/runner/work/ozone/ozone/hadoop-ozone/integration-test/target/test-dir/MiniOzoneClusterImpl-aeab48a2-5f28-437b-866d-5cf3b392f170/datanode-1/data/ratis/19ef7a9a-bab9-4d4c-a875-193bac8a2e71/in_use.lock acquired by nodename 3147@fv-az29-983
2022-07-12 20:44:57,022 [pool-387-thread-1] INFO  storage.RaftStorage (RaftStorageImpl.java:format(89)) - Storage directory /home/runner/work/ozone/ozone/hadoop-ozone/integration-test/target/test-dir/MiniOzoneClusterImpl-aeab48a2-5f28-437b-866d-5cf3b392f170/datanode-1/data/ratis/19ef7a9a-bab9-4d4c-a875-193bac8a2e71 has been successfully formatted.
2022-07-12 20:44:57,026 [pool-387-thread-1] INFO  ratis.ContainerStateMachine (ContainerStateMachine.java:loadSnapshot(236)) - group-193BAC8A2E71: The snapshot info is null. Setting the last applied indexto:(t:0, i:~)
2022-07-12 20:44:57,026 [pool-387-thread-1] INFO  server.RaftServerConfigKeys (ConfUtils.java:logGet(46)) - raft.server.notification.no-leader.timeout = 300s (custom)
2022-07-12 20:44:57,026 [pool-387-thread-1] INFO  server.RaftServerConfigKeys (ConfUtils.java:logGet(46)) - raft.server.log.use.memory = false (default)
2022-07-12 20:44:57,026 [pool-387-thread-1] INFO  server.RaftServerConfigKeys (ConfUtils.java:logGet(46)) - raft.server.log.purge.gap = 1000000 (custom)
2022-07-12 20:44:57,026 [pool-387-thread-1] INFO  server.RaftServerConfigKeys (ConfUtils.java:logGet(46)) - raft.server.log.appender.buffer.byte-limit = 33554432 (custom)
2022-07-12 20:44:57,026 [pool-387-thread-1] INFO  server.RaftServerConfigKeys (ConfUtils.java:logGet(46)) - raft.server.log.statemachine.data.read.timeout = 1000ms (default)
2022-07-12 20:44:57,026 [pool-387-thread-1] INFO  server.RaftServerConfigKeys (ConfUtils.java:logGet(46)) - raft.server.log.segment.size.max = 1048576 (custom)
2022-07-12 20:44:57,027 [pool-387-thread-1] INFO  server.RaftServerConfigKeys (ConfUtils.java:logGet(46)) - raft.server.log.segment.cache.num.max = 2 (custom)
2022-07-12 20:44:57,027 [pool-387-thread-1] INFO  server.RaftServerConfigKeys (ConfUtils.java:logGet(46)) - raft.server.log.segment.cache.size.max = 200MB (=209715200) (default)
2022-07-12 20:44:57,027 [pool-387-thread-1] INFO  segmented.SegmentedRaftLogWorker (SegmentedRaftLogWorker.java:<init>(187)) - new 2d715fdb-e2dd-4eac-b511-b6b0580c42a8@group-193BAC8A2E71-SegmentedRaftLogWorker for RaftStorageImpl:Storage Directory /home/runner/work/ozone/ozone/hadoop-ozone/integration-test/target/test-dir/MiniOzoneClusterImpl-aeab48a2-5f28-437b-866d-5cf3b392f170/datanode-1/data/ratis/19ef7a9a-bab9-4d4c-a875-193bac8a2e71
2022-07-12 20:44:57,027 [pool-387-thread-1] INFO  server.RaftServerConfigKeys (ConfUtils.java:logGet(46)) - raft.server.log.queue.byte-limit = 4294967296 (custom)
2022-07-12 20:44:57,027 [pool-387-thread-1] INFO  server.RaftServerConfigKeys (ConfUtils.java:logGet(46)) - raft.server.log.queue.element-limit = 1024 (custom)
2022-07-12 20:44:57,027 [pool-387-thread-1] INFO  server.RaftServerConfigKeys (ConfUtils.java:logGet(46)) - raft.server.log.segment.size.max = 1048576 (custom)
2022-07-12 20:44:57,027 [pool-387-thread-1] INFO  server.RaftServerConfigKeys (ConfUtils.java:logGet(46)) - raft.server.log.preallocated.size = 16384 (custom)
2022-07-12 20:44:57,027 [pool-387-thread-1] INFO  server.RaftServerConfigKeys (ConfUtils.java:logGet(46)) - raft.server.log.force.sync.num = 128 (default)
2022-07-12 20:44:57,027 [pool-387-thread-1] INFO  server.RaftServerConfigKeys (ConfUtils.java:logGet(46)) - raft.server.log.statemachine.data.sync = true (default)
2022-07-12 20:44:57,027 [pool-387-thread-1] INFO  server.RaftServerConfigKeys (ConfUtils.java:logGet(46)) - raft.server.log.statemachine.data.sync.timeout = 10s (default)
2022-07-12 20:44:57,027 [pool-387-thread-1] INFO  server.RaftServerConfigKeys (ConfUtils.java:logGet(46)) - raft.server.log.statemachine.data.sync.timeout.retry = -1 (default)
2022-07-12 20:44:57,028 [pool-387-thread-1] INFO  server.RaftServerConfigKeys (ConfUtils.java:logGet(46)) - raft.server.log.write.buffer.size = 1048576 (custom)
2022-07-12 20:44:57,028 [pool-387-thread-1] INFO  server.RaftServerConfigKeys (ConfUtils.java:logGet(46)) - raft.server.log.unsafe-flush.enabled = false (default)
2022-07-12 20:44:57,028 [pool-387-thread-1] INFO  server.RaftServerConfigKeys (ConfUtils.java:logGet(46)) - raft.server.log.statemachine.data.caching.enabled = true (custom)
2022-07-12 20:44:57,029 [pool-387-thread-1] INFO  segmented.SegmentedRaftLogWorker (SegmentedRaftLogWorker.java:lambda$new$0(135)) - 2d715fdb-e2dd-4eac-b511-b6b0580c42a8@group-193BAC8A2E71-SegmentedRaftLogWorker: flushIndex: setUnconditionally 0 -> -1
2022-07-12 20:44:57,029 [pool-387-thread-1] INFO  segmented.SegmentedRaftLogWorker (SegmentedRaftLogWorker.java:lambda$new$0(135)) - 2d715fdb-e2dd-4eac-b511-b6b0580c42a8@group-193BAC8A2E71-SegmentedRaftLogWorker: safeCacheEvictIndex: setUnconditionally 0 -> -1
2022-07-12 20:44:57,043 [pool-387-thread-1] INFO  server.RaftServerConfigKeys (ConfUtils.java:logGet(46)) - raft.server.snapshot.auto.trigger.enabled = true (custom)
2022-07-12 20:44:57,044 [pool-387-thread-1] INFO  server.RaftServerConfigKeys (ConfUtils.java:logGet(46)) - raft.server.snapshot.auto.trigger.threshold = 10000 (custom)
2022-07-12 20:44:57,044 [pool-387-thread-1] INFO  server.RaftServerConfigKeys (ConfUtils.java:logGet(46)) - raft.server.snapshot.retention.file.num = 5 (custom)
2022-07-12 20:44:57,045 [pool-387-thread-1] INFO  server.RaftServerConfigKeys (ConfUtils.java:logGet(46)) - raft.server.log.purge.upto.snapshot.index = false (default)
2022-07-12 20:44:57,045 [pool-387-thread-1] INFO  server.RaftServerConfigKeys (ConfUtils.java:logGet(46)) - raft.server.retrycache.expirytime = 600000ms (custom)
2022-07-12 20:44:57,045 [pool-387-thread-1] INFO  server.RaftServerConfigKeys (ConfUtils.java:logGet(46)) - raft.server.retrycache.statistics.expirytime = 100μs (default)
2022-07-12 20:44:57,046 [pool-387-thread-1] INFO  server.RaftServerConfigKeys (ConfUtils.java:logGet(46)) - raft.server.log.appender.install.snapshot.enabled = false (custom)
2022-07-12 20:44:57,046 [pool-387-thread-1] INFO  server.RaftServerConfigKeys (ConfUtils.java:logGet(46)) - raft.server.threadpool.server.cached = true (default)
2022-07-12 20:44:57,046 [pool-387-thread-1] INFO  server.RaftServerConfigKeys (ConfUtils.java:logGet(46)) - raft.server.threadpool.server.size = 0 (default)
2022-07-12 20:44:57,046 [pool-387-thread-1] INFO  server.RaftServerConfigKeys (ConfUtils.java:logGet(46)) - raft.server.threadpool.client.cached = true (default)
2022-07-12 20:44:57,046 [pool-387-thread-1] INFO  server.RaftServerConfigKeys (ConfUtils.java:logGet(46)) - raft.server.threadpool.client.size = 0 (default)
2022-07-12 20:44:57,046 [pool-387-thread-1] INFO  server.RaftServer$Division (RaftServerImpl.java:start(310)) - 2d715fdb-e2dd-4eac-b511-b6b0580c42a8@group-193BAC8A2E71: start as a follower, conf=-1: [2d715fdb-e2dd-4eac-b511-b6b0580c42a8|rpc:10.1.0.33:38953|dataStream:|priority:0, 37ba2259-f62f-4da5-8096-df445136afb3|rpc:10.1.0.33:36015|dataStream:|priority:0, b8c05ba5-ed49-4c4c-af2c-0aed88b8729a|rpc:10.1.0.33:45611|dataStream:|priority:1], old=null
2022-07-12 20:44:57,046 [pool-387-thread-1] INFO  server.RaftServer$Division (RaftServerImpl.java:setRole(299)) - 2d715fdb-e2dd-4eac-b511-b6b0580c42a8@group-193BAC8A2E71: changes role from      null to FOLLOWER at term 0 for startAsFollower
2022-07-12 20:44:57,046 [pool-387-thread-1] INFO  impl.RoleInfo (RoleInfo.java:updateAndGet(139)) - 2d715fdb-e2dd-4eac-b511-b6b0580c42a8: start 2d715fdb-e2dd-4eac-b511-b6b0580c42a8@group-193BAC8A2E71-FollowerState
2022-07-12 20:44:57,051 [pool-387-thread-1] INFO  util.JmxRegister (JmxRegister.java:tryRegister(44)) - Successfully registered JMX Bean with object name Ratis:service=RaftServer,group=group-193BAC8A2E71,id=2d715fdb-e2dd-4eac-b511-b6b0580c42a8
2022-07-12 20:44:57,147 [grpc-default-executor-0] INFO  server.RaftServer (RaftServerProxy.java:addNew(96)) - b8c05ba5-ed49-4c4c-af2c-0aed88b8729a: addNew group-193BAC8A2E71:[2d715fdb-e2dd-4eac-b511-b6b0580c42a8|rpc:10.1.0.33:38953|dataStream:|priority:0, 37ba2259-f62f-4da5-8096-df445136afb3|rpc:10.1.0.33:36015|dataStream:|priority:0, b8c05ba5-ed49-4c4c-af2c-0aed88b8729a|rpc:10.1.0.33:45611|dataStream:|priority:1] returns group-193BAC8A2E71:java.util.concurrent.CompletableFuture@10c99b7a[Not completed]
2022-07-12 20:44:57,156 [pool-410-thread-1] INFO  server.RaftServer$Division (RaftServerImpl.java:<init>(190)) - b8c05ba5-ed49-4c4c-af2c-0aed88b8729a: new RaftServerImpl for group-193BAC8A2E71:[2d715fdb-e2dd-4eac-b511-b6b0580c42a8|rpc:10.1.0.33:38953|dataStream:|priority:0, 37ba2259-f62f-4da5-8096-df445136afb3|rpc:10.1.0.33:36015|dataStream:|priority:0, b8c05ba5-ed49-4c4c-af2c-0aed88b8729a|rpc:10.1.0.33:45611|dataStream:|priority:1] with ContainerStateMachine:uninitialized
2022-07-12 20:44:57,156 [pool-410-thread-1] INFO  server.RaftServerConfigKeys (ConfUtils.java:logGet(46)) - raft.server.rpc.timeout.min = 5s (custom)
2022-07-12 20:44:57,156 [pool-410-thread-1] INFO  server.RaftServerConfigKeys (ConfUtils.java:logGet(46)) - raft.server.rpc.timeout.max = 5200ms (custom)
2022-07-12 20:44:57,156 [pool-410-thread-1] INFO  server.RaftServerConfigKeys (ConfUtils.java:logGet(46)) - raft.server.rpc.sleep.time = 25ms (default)
2022-07-12 20:44:57,156 [pool-410-thread-1] INFO  server.RaftServerConfigKeys (ConfUtils.java:logGet(46)) - raft.server.rpc.slowness.timeout = 300s (custom)
2022-07-12 20:44:57,156 [pool-410-thread-1] INFO  server.RaftServerConfigKeys (ConfUtils.java:logGet(46)) - raft.server.leaderelection.leader.step-down.wait-time = 10s (default)
2022-07-12 20:44:57,156 [pool-410-thread-1] INFO  server.RaftServerConfigKeys (ConfUtils.java:logGet(46)) - raft.server.sleep.deviation.threshold = 300ms (default)
2022-07-12 20:44:57,156 [pool-410-thread-1] INFO  server.RaftServer$Division (ServerState.java:<init>(107)) - b8c05ba5-ed49-4c4c-af2c-0aed88b8729a@group-193BAC8A2E71: ConfigurationManager, init=-1: [2d715fdb-e2dd-4eac-b511-b6b0580c42a8|rpc:10.1.0.33:38953|dataStream:|priority:0, 37ba2259-f62f-4da5-8096-df445136afb3|rpc:10.1.0.33:36015|dataStream:|priority:0, b8c05ba5-ed49-4c4c-af2c-0aed88b8729a|rpc:10.1.0.33:45611|dataStream:|priority:1], old=null, confs=<EMPTY_MAP>
2022-07-12 20:44:57,157 [pool-410-thread-1] INFO  server.RaftServerConfigKeys (ConfUtils.java:logGet(46)) - raft.server.storage.dir = [/home/runner/work/ozone/ozone/hadoop-ozone/integration-test/target/test-dir/MiniOzoneClusterImpl-aeab48a2-5f28-437b-866d-5cf3b392f170/datanode-2/data/ratis] (custom)
2022-07-12 20:44:57,157 [pool-410-thread-1] INFO  server.RaftServerConfigKeys (ConfUtils.java:logGet(46)) - raft.server.log.corruption.policy = EXCEPTION (default)
2022-07-12 20:44:57,157 [pool-410-thread-1] INFO  server.RaftServerConfigKeys (ConfUtils.java:logGet(46)) - raft.server.storage.free-space.min = 0MB (=0) (default)
2022-07-12 20:44:57,157 [pool-410-thread-1] INFO  storage.RaftStorageDirectory (RaftStorageDirectoryImpl.java:analyzeStorage(135)) - The storage directory /home/runner/work/ozone/ozone/hadoop-ozone/integration-test/target/test-dir/MiniOzoneClusterImpl-aeab48a2-5f28-437b-866d-5cf3b392f170/datanode-2/data/ratis/19ef7a9a-bab9-4d4c-a875-193bac8a2e71 does not exist. Creating ...
2022-07-12 20:44:57,167 [pool-410-thread-1] INFO  storage.RaftStorageDirectory (RaftStorageDirectoryImpl.java:tryLock(230)) - Lock on /home/runner/work/ozone/ozone/hadoop-ozone/integration-test/target/test-dir/MiniOzoneClusterImpl-aeab48a2-5f28-437b-866d-5cf3b392f170/datanode-2/data/ratis/19ef7a9a-bab9-4d4c-a875-193bac8a2e71/in_use.lock acquired by nodename 3147@fv-az29-983
2022-07-12 20:44:57,168 [pool-410-thread-1] INFO  storage.RaftStorage (RaftStorageImpl.java:format(89)) - Storage directory /home/runner/work/ozone/ozone/hadoop-ozone/integration-test/target/test-dir/MiniOzoneClusterImpl-aeab48a2-5f28-437b-866d-5cf3b392f170/datanode-2/data/ratis/19ef7a9a-bab9-4d4c-a875-193bac8a2e71 has been successfully formatted.
2022-07-12 20:44:57,168 [pool-410-thread-1] INFO  ratis.ContainerStateMachine (ContainerStateMachine.java:loadSnapshot(236)) - group-193BAC8A2E71: The snapshot info is null. Setting the last applied indexto:(t:0, i:~)
2022-07-12 20:44:57,168 [pool-410-thread-1] INFO  server.RaftServerConfigKeys (ConfUtils.java:logGet(46)) - raft.server.notification.no-leader.timeout = 300s (custom)
2022-07-12 20:44:57,168 [pool-410-thread-1] INFO  server.RaftServerConfigKeys (ConfUtils.java:logGet(46)) - raft.server.log.use.memory = false (default)
2022-07-12 20:44:57,168 [pool-410-thread-1] INFO  server.RaftServerConfigKeys (ConfUtils.java:logGet(46)) - raft.server.log.purge.gap = 1000000 (custom)
2022-07-12 20:44:57,168 [pool-410-thread-1] INFO  server.RaftServerConfigKeys (ConfUtils.java:logGet(46)) - raft.server.log.appender.buffer.byte-limit = 33554432 (custom)
2022-07-12 20:44:57,168 [pool-410-thread-1] INFO  server.RaftServerConfigKeys (ConfUtils.java:logGet(46)) - raft.server.log.statemachine.data.read.timeout = 1000ms (default)
2022-07-12 20:44:57,169 [pool-410-thread-1] INFO  server.RaftServerConfigKeys (ConfUtils.java:logGet(46)) - raft.server.log.segment.size.max = 1048576 (custom)
2022-07-12 20:44:57,169 [pool-410-thread-1] INFO  server.RaftServerConfigKeys (ConfUtils.java:logGet(46)) - raft.server.log.segment.cache.num.max = 2 (custom)
2022-07-12 20:44:57,169 [pool-410-thread-1] INFO  server.RaftServerConfigKeys (ConfUtils.java:logGet(46)) - raft.server.log.segment.cache.size.max = 200MB (=209715200) (default)
2022-07-12 20:44:57,169 [pool-410-thread-1] INFO  segmented.SegmentedRaftLogWorker (SegmentedRaftLogWorker.java:<init>(187)) - new b8c05ba5-ed49-4c4c-af2c-0aed88b8729a@group-193BAC8A2E71-SegmentedRaftLogWorker for RaftStorageImpl:Storage Directory /home/runner/work/ozone/ozone/hadoop-ozone/integration-test/target/test-dir/MiniOzoneClusterImpl-aeab48a2-5f28-437b-866d-5cf3b392f170/datanode-2/data/ratis/19ef7a9a-bab9-4d4c-a875-193bac8a2e71
2022-07-12 20:44:57,169 [pool-410-thread-1] INFO  server.RaftServerConfigKeys (ConfUtils.java:logGet(46)) - raft.server.log.queue.byte-limit = 4294967296 (custom)
2022-07-12 20:44:57,169 [pool-410-thread-1] INFO  server.RaftServerConfigKeys (ConfUtils.java:logGet(46)) - raft.server.log.queue.element-limit = 1024 (custom)
2022-07-12 20:44:57,169 [pool-410-thread-1] INFO  server.RaftServerConfigKeys (ConfUtils.java:logGet(46)) - raft.server.log.segment.size.max = 1048576 (custom)
2022-07-12 20:44:57,169 [pool-410-thread-1] INFO  server.RaftServerConfigKeys (ConfUtils.java:logGet(46)) - raft.server.log.preallocated.size = 16384 (custom)
2022-07-12 20:44:57,169 [pool-410-thread-1] INFO  server.RaftServerConfigKeys (ConfUtils.java:logGet(46)) - raft.server.log.force.sync.num = 128 (default)
2022-07-12 20:44:57,169 [pool-410-thread-1] INFO  server.RaftServerConfigKeys (ConfUtils.java:logGet(46)) - raft.server.log.statemachine.data.sync = true (default)
2022-07-12 20:44:57,169 [pool-410-thread-1] INFO  server.RaftServerConfigKeys (ConfUtils.java:logGet(46)) - raft.server.log.statemachine.data.sync.timeout = 10s (default)
2022-07-12 20:44:57,169 [pool-410-thread-1] INFO  server.RaftServerConfigKeys (ConfUtils.java:logGet(46)) - raft.server.log.statemachine.data.sync.timeout.retry = -1 (default)
2022-07-12 20:44:57,170 [pool-410-thread-1] INFO  server.RaftServerConfigKeys (ConfUtils.java:logGet(46)) - raft.server.log.write.buffer.size = 1048576 (custom)
2022-07-12 20:44:57,172 [pool-410-thread-1] INFO  server.RaftServerConfigKeys (ConfUtils.java:logGet(46)) - raft.server.log.unsafe-flush.enabled = false (default)
2022-07-12 20:44:57,172 [pool-410-thread-1] INFO  server.RaftServerConfigKeys (ConfUtils.java:logGet(46)) - raft.server.log.statemachine.data.caching.enabled = true (custom)
2022-07-12 20:44:57,172 [pool-410-thread-1] INFO  segmented.SegmentedRaftLogWorker (SegmentedRaftLogWorker.java:lambda$new$0(135)) - b8c05ba5-ed49-4c4c-af2c-0aed88b8729a@group-193BAC8A2E71-SegmentedRaftLogWorker: flushIndex: setUnconditionally 0 -> -1
2022-07-12 20:44:57,172 [pool-410-thread-1] INFO  segmented.SegmentedRaftLogWorker (SegmentedRaftLogWorker.java:lambda$new$0(135)) - b8c05ba5-ed49-4c4c-af2c-0aed88b8729a@group-193BAC8A2E71-SegmentedRaftLogWorker: safeCacheEvictIndex: setUnconditionally 0 -> -1
2022-07-12 20:44:57,181 [pool-410-thread-1] INFO  server.RaftServerConfigKeys (ConfUtils.java:logGet(46)) - raft.server.snapshot.auto.trigger.enabled = true (custom)
2022-07-12 20:44:57,181 [pool-410-thread-1] INFO  server.RaftServerConfigKeys (ConfUtils.java:logGet(46)) - raft.server.snapshot.auto.trigger.threshold = 10000 (custom)
2022-07-12 20:44:57,181 [pool-410-thread-1] INFO  server.RaftServerConfigKeys (ConfUtils.java:logGet(46)) - raft.server.snapshot.retention.file.num = 5 (custom)
2022-07-12 20:44:57,181 [pool-410-thread-1] INFO  server.RaftServerConfigKeys (ConfUtils.java:logGet(46)) - raft.server.log.purge.upto.snapshot.index = false (default)
2022-07-12 20:44:57,181 [pool-410-thread-1] INFO  server.RaftServerConfigKeys (ConfUtils.java:logGet(46)) - raft.server.retrycache.expirytime = 600000ms (custom)
2022-07-12 20:44:57,181 [pool-410-thread-1] INFO  server.RaftServerConfigKeys (ConfUtils.java:logGet(46)) - raft.server.retrycache.statistics.expirytime = 100μs (default)
2022-07-12 20:44:57,182 [pool-410-thread-1] INFO  server.RaftServerConfigKeys (ConfUtils.java:logGet(46)) - raft.server.log.appender.install.snapshot.enabled = false (custom)
2022-07-12 20:44:57,183 [pool-410-thread-1] INFO  server.RaftServerConfigKeys (ConfUtils.java:logGet(46)) - raft.server.threadpool.server.cached = true (default)
2022-07-12 20:44:57,183 [pool-410-thread-1] INFO  server.RaftServerConfigKeys (ConfUtils.java:logGet(46)) - raft.server.threadpool.server.size = 0 (default)
2022-07-12 20:44:57,183 [pool-410-thread-1] INFO  server.RaftServerConfigKeys (ConfUtils.java:logGet(46)) - raft.server.threadpool.client.cached = true (default)
2022-07-12 20:44:57,183 [pool-410-thread-1] INFO  server.RaftServerConfigKeys (ConfUtils.java:logGet(46)) - raft.server.threadpool.client.size = 0 (default)
2022-07-12 20:44:57,183 [pool-410-thread-1] INFO  server.RaftServer$Division (RaftServerImpl.java:start(310)) - b8c05ba5-ed49-4c4c-af2c-0aed88b8729a@group-193BAC8A2E71: start as a follower, conf=-1: [2d715fdb-e2dd-4eac-b511-b6b0580c42a8|rpc:10.1.0.33:38953|dataStream:|priority:0, 37ba2259-f62f-4da5-8096-df445136afb3|rpc:10.1.0.33:36015|dataStream:|priority:0, b8c05ba5-ed49-4c4c-af2c-0aed88b8729a|rpc:10.1.0.33:45611|dataStream:|priority:1], old=null
2022-07-12 20:44:57,183 [pool-410-thread-1] INFO  server.RaftServer$Division (RaftServerImpl.java:setRole(299)) - b8c05ba5-ed49-4c4c-af2c-0aed88b8729a@group-193BAC8A2E71: changes role from      null to FOLLOWER at term 0 for startAsFollower
2022-07-12 20:44:57,183 [pool-410-thread-1] INFO  impl.RoleInfo (RoleInfo.java:updateAndGet(139)) - b8c05ba5-ed49-4c4c-af2c-0aed88b8729a: start b8c05ba5-ed49-4c4c-af2c-0aed88b8729a@group-193BAC8A2E71-FollowerState
2022-07-12 20:44:57,183 [pool-410-thread-1] INFO  util.JmxRegister (JmxRegister.java:tryRegister(44)) - Successfully registered JMX Bean with object name Ratis:service=RaftServer,group=group-193BAC8A2E71,id=b8c05ba5-ed49-4c4c-af2c-0aed88b8729a
2022-07-12 20:44:57,210 [Command processor thread] INFO  commandhandler.CreatePipelineCommandHandler (CreatePipelineCommandHandler.java:handle(113)) - Created Pipeline RATIS THREE PipelineID=19ef7a9a-bab9-4d4c-a875-193bac8a2e71.
2022-07-12 20:44:57,210 [Command processor thread] INFO  server.RaftServer (RaftServerProxy.java:addNew(96)) - 37ba2259-f62f-4da5-8096-df445136afb3: addNew group-63408E39F49D:[2d715fdb-e2dd-4eac-b511-b6b0580c42a8|rpc:10.1.0.33:38953|priority:0, 37ba2259-f62f-4da5-8096-df445136afb3|rpc:10.1.0.33:36015|priority:1, b8c05ba5-ed49-4c4c-af2c-0aed88b8729a|rpc:10.1.0.33:45611|priority:0] returns group-63408E39F49D:java.util.concurrent.CompletableFuture@5a02c125[Not completed]
2022-07-12 20:44:57,211 [pool-364-thread-1] INFO  server.RaftServer$Division (RaftServerImpl.java:<init>(190)) - 37ba2259-f62f-4da5-8096-df445136afb3: new RaftServerImpl for group-63408E39F49D:[2d715fdb-e2dd-4eac-b511-b6b0580c42a8|rpc:10.1.0.33:38953|priority:0, 37ba2259-f62f-4da5-8096-df445136afb3|rpc:10.1.0.33:36015|priority:1, b8c05ba5-ed49-4c4c-af2c-0aed88b8729a|rpc:10.1.0.33:45611|priority:0] with ContainerStateMachine:uninitialized
2022-07-12 20:44:57,211 [pool-364-thread-1] INFO  server.RaftServerConfigKeys (ConfUtils.java:logGet(46)) - raft.server.rpc.timeout.min = 5s (custom)
2022-07-12 20:44:57,211 [pool-364-thread-1] INFO  server.RaftServerConfigKeys (ConfUtils.java:logGet(46)) - raft.server.rpc.timeout.max = 5200ms (custom)
2022-07-12 20:44:57,211 [pool-364-thread-1] INFO  server.RaftServerConfigKeys (ConfUtils.java:logGet(46)) - raft.server.rpc.sleep.time = 25ms (default)
2022-07-12 20:44:57,211 [pool-364-thread-1] INFO  server.RaftServerConfigKeys (ConfUtils.java:logGet(46)) - raft.server.rpc.slowness.timeout = 300s (custom)
2022-07-12 20:44:57,211 [pool-364-thread-1] INFO  server.RaftServerConfigKeys (ConfUtils.java:logGet(46)) - raft.server.leaderelection.leader.step-down.wait-time = 10s (default)
2022-07-12 20:44:57,211 [pool-364-thread-1] INFO  server.RaftServerConfigKeys (ConfUtils.java:logGet(46)) - raft.server.sleep.deviation.threshold = 300ms (default)
2022-07-12 20:44:57,211 [pool-364-thread-1] INFO  server.RaftServer$Division (ServerState.java:<init>(107)) - 37ba2259-f62f-4da5-8096-df445136afb3@group-63408E39F49D: ConfigurationManager, init=-1: [2d715fdb-e2dd-4eac-b511-b6b0580c42a8|rpc:10.1.0.33:38953|priority:0, 37ba2259-f62f-4da5-8096-df445136afb3|rpc:10.1.0.33:36015|priority:1, b8c05ba5-ed49-4c4c-af2c-0aed88b8729a|rpc:10.1.0.33:45611|priority:0], old=null, confs=<EMPTY_MAP>
2022-07-12 20:44:57,211 [pool-364-thread-1] INFO  server.RaftServerConfigKeys (ConfUtils.java:logGet(46)) - raft.server.storage.dir = [/home/runner/work/ozone/ozone/hadoop-ozone/integration-test/target/test-dir/MiniOzoneClusterImpl-aeab48a2-5f28-437b-866d-5cf3b392f170/datanode-0/data/ratis] (custom)
2022-07-12 20:44:57,212 [pool-364-thread-1] INFO  server.RaftServerConfigKeys (ConfUtils.java:logGet(46)) - raft.server.log.corruption.policy = EXCEPTION (default)
2022-07-12 20:44:57,212 [pool-364-thread-1] INFO  server.RaftServerConfigKeys (ConfUtils.java:logGet(46)) - raft.server.storage.free-space.min = 0MB (=0) (default)
2022-07-12 20:44:57,212 [pool-364-thread-1] INFO  storage.RaftStorageDirectory (RaftStorageDirectoryImpl.java:analyzeStorage(135)) - The storage directory /home/runner/work/ozone/ozone/hadoop-ozone/integration-test/target/test-dir/MiniOzoneClusterImpl-aeab48a2-5f28-437b-866d-5cf3b392f170/datanode-0/data/ratis/a02017be-b760-4940-a392-63408e39f49d does not exist. Creating ...
2022-07-12 20:44:57,222 [pool-364-thread-1] INFO  storage.RaftStorageDirectory (RaftStorageDirectoryImpl.java:tryLock(230)) - Lock on /home/runner/work/ozone/ozone/hadoop-ozone/integration-test/target/test-dir/MiniOzoneClusterImpl-aeab48a2-5f28-437b-866d-5cf3b392f170/datanode-0/data/ratis/a02017be-b760-4940-a392-63408e39f49d/in_use.lock acquired by nodename 3147@fv-az29-983
2022-07-12 20:44:57,227 [pool-364-thread-1] INFO  storage.RaftStorage (RaftStorageImpl.java:format(89)) - Storage directory /home/runner/work/ozone/ozone/hadoop-ozone/integration-test/target/test-dir/MiniOzoneClusterImpl-aeab48a2-5f28-437b-866d-5cf3b392f170/datanode-0/data/ratis/a02017be-b760-4940-a392-63408e39f49d has been successfully formatted.
2022-07-12 20:44:57,227 [pool-364-thread-1] INFO  ratis.ContainerStateMachine (ContainerStateMachine.java:loadSnapshot(236)) - group-63408E39F49D: The snapshot info is null. Setting the last applied indexto:(t:0, i:~)
2022-07-12 20:44:57,231 [pool-364-thread-1] INFO  server.RaftServerConfigKeys (ConfUtils.java:logGet(46)) - raft.server.notification.no-leader.timeout = 300s (custom)
2022-07-12 20:44:57,231 [pool-364-thread-1] INFO  server.RaftServerConfigKeys (ConfUtils.java:logGet(46)) - raft.server.log.use.memory = false (default)
2022-07-12 20:44:57,231 [pool-364-thread-1] INFO  server.RaftServerConfigKeys (ConfUtils.java:logGet(46)) - raft.server.log.purge.gap = 1000000 (custom)
2022-07-12 20:44:57,231 [pool-364-thread-1] INFO  server.RaftServerConfigKeys (ConfUtils.java:logGet(46)) - raft.server.log.appender.buffer.byte-limit = 33554432 (custom)
2022-07-12 20:44:57,231 [pool-364-thread-1] INFO  server.RaftServerConfigKeys (ConfUtils.java:logGet(46)) - raft.server.log.statemachine.data.read.timeout = 1000ms (default)
2022-07-12 20:44:57,231 [pool-364-thread-1] INFO  server.RaftServerConfigKeys (ConfUtils.java:logGet(46)) - raft.server.log.segment.size.max = 1048576 (custom)
2022-07-12 20:44:57,231 [pool-364-thread-1] INFO  server.RaftServerConfigKeys (ConfUtils.java:logGet(46)) - raft.server.log.segment.cache.num.max = 2 (custom)
2022-07-12 20:44:57,231 [pool-364-thread-1] INFO  server.RaftServerConfigKeys (ConfUtils.java:logGet(46)) - raft.server.log.segment.cache.size.max = 200MB (=209715200) (default)
2022-07-12 20:44:57,231 [pool-364-thread-1] INFO  segmented.SegmentedRaftLogWorker (SegmentedRaftLogWorker.java:<init>(187)) - new 37ba2259-f62f-4da5-8096-df445136afb3@group-63408E39F49D-SegmentedRaftLogWorker for RaftStorageImpl:Storage Directory /home/runner/work/ozone/ozone/hadoop-ozone/integration-test/target/test-dir/MiniOzoneClusterImpl-aeab48a2-5f28-437b-866d-5cf3b392f170/datanode-0/data/ratis/a02017be-b760-4940-a392-63408e39f49d
2022-07-12 20:44:57,231 [pool-364-thread-1] INFO  server.RaftServerConfigKeys (ConfUtils.java:logGet(46)) - raft.server.log.queue.byte-limit = 4294967296 (custom)
2022-07-12 20:44:57,231 [pool-364-thread-1] INFO  server.RaftServerConfigKeys (ConfUtils.java:logGet(46)) - raft.server.log.queue.element-limit = 1024 (custom)
2022-07-12 20:44:57,232 [pool-364-thread-1] INFO  server.RaftServerConfigKeys (ConfUtils.java:logGet(46)) - raft.server.log.segment.size.max = 1048576 (custom)
2022-07-12 20:44:57,232 [pool-364-thread-1] INFO  server.RaftServerConfigKeys (ConfUtils.java:logGet(46)) - raft.server.log.preallocated.size = 16384 (custom)
2022-07-12 20:44:57,232 [pool-364-thread-1] INFO  server.RaftServerConfigKeys (ConfUtils.java:logGet(46)) - raft.server.log.force.sync.num = 128 (default)
2022-07-12 20:44:57,232 [pool-364-thread-1] INFO  server.RaftServerConfigKeys (ConfUtils.java:logGet(46)) - raft.server.log.statemachine.data.sync = true (default)
2022-07-12 20:44:57,232 [pool-364-thread-1] INFO  server.RaftServerConfigKeys (ConfUtils.java:logGet(46)) - raft.server.log.statemachine.data.sync.timeout = 10s (default)
2022-07-12 20:44:57,232 [pool-364-thread-1] INFO  server.RaftServerConfigKeys (ConfUtils.java:logGet(46)) - raft.server.log.statemachine.data.sync.timeout.retry = -1 (default)
2022-07-12 20:44:57,232 [pool-364-thread-1] INFO  server.RaftServerConfigKeys (ConfUtils.java:logGet(46)) - raft.server.log.write.buffer.size = 1048576 (custom)
2022-07-12 20:44:57,233 [pool-364-thread-1] INFO  server.RaftServerConfigKeys (ConfUtils.java:logGet(46)) - raft.server.log.unsafe-flush.enabled = false (default)
2022-07-12 20:44:57,233 [pool-364-thread-1] INFO  server.RaftServerConfigKeys (ConfUtils.java:logGet(46)) - raft.server.log.statemachine.data.caching.enabled = true (custom)
2022-07-12 20:44:57,233 [pool-364-thread-1] INFO  segmented.SegmentedRaftLogWorker (SegmentedRaftLogWorker.java:lambda$new$0(135)) - 37ba2259-f62f-4da5-8096-df445136afb3@group-63408E39F49D-SegmentedRaftLogWorker: flushIndex: setUnconditionally 0 -> -1
2022-07-12 20:44:57,233 [pool-364-thread-1] INFO  segmented.SegmentedRaftLogWorker (SegmentedRaftLogWorker.java:lambda$new$0(135)) - 37ba2259-f62f-4da5-8096-df445136afb3@group-63408E39F49D-SegmentedRaftLogWorker: safeCacheEvictIndex: setUnconditionally 0 -> -1
2022-07-12 20:44:57,242 [pool-364-thread-1] INFO  server.RaftServerConfigKeys (ConfUtils.java:logGet(46)) - raft.server.snapshot.auto.trigger.enabled = true (custom)
2022-07-12 20:44:57,242 [pool-364-thread-1] INFO  server.RaftServerConfigKeys (ConfUtils.java:logGet(46)) - raft.server.snapshot.auto.trigger.threshold = 10000 (custom)
2022-07-12 20:44:57,242 [pool-364-thread-1] INFO  server.RaftServerConfigKeys (ConfUtils.java:logGet(46)) - raft.server.snapshot.retention.file.num = 5 (custom)
2022-07-12 20:44:57,242 [pool-364-thread-1] INFO  server.RaftServerConfigKeys (ConfUtils.java:logGet(46)) - raft.server.log.purge.upto.snapshot.index = false (default)
2022-07-12 20:44:57,243 [pool-364-thread-1] INFO  server.RaftServerConfigKeys (ConfUtils.java:logGet(46)) - raft.server.retrycache.expirytime = 600000ms (custom)
2022-07-12 20:44:57,243 [pool-364-thread-1] INFO  server.RaftServerConfigKeys (ConfUtils.java:logGet(46)) - raft.server.retrycache.statistics.expirytime = 100μs (default)
2022-07-12 20:44:57,243 [EventQueue-OpenPipelineForHealthyPipelineSafeModeRule] INFO  safemode.SCMSafeModeManager (HealthyPipelineSafeModeRule.java:process(124)) - SCM in safe mode. Healthy pipelines reported count is 0, required healthy pipeline reported count is 1
2022-07-12 20:44:57,254 [pool-364-thread-1] INFO  server.RaftServerConfigKeys (ConfUtils.java:logGet(46)) - raft.server.log.appender.install.snapshot.enabled = false (custom)
2022-07-12 20:44:57,255 [pool-364-thread-1] INFO  server.RaftServerConfigKeys (ConfUtils.java:logGet(46)) - raft.server.threadpool.server.cached = true (default)
2022-07-12 20:44:57,255 [pool-364-thread-1] INFO  server.RaftServerConfigKeys (ConfUtils.java:logGet(46)) - raft.server.threadpool.server.size = 0 (default)
2022-07-12 20:44:57,255 [pool-364-thread-1] INFO  server.RaftServerConfigKeys (ConfUtils.java:logGet(46)) - raft.server.threadpool.client.cached = true (default)
2022-07-12 20:44:57,255 [pool-364-thread-1] INFO  server.RaftServerConfigKeys (ConfUtils.java:logGet(46)) - raft.server.threadpool.client.size = 0 (default)
2022-07-12 20:44:57,255 [pool-364-thread-1] INFO  server.RaftServer$Division (RaftServerImpl.java:start(310)) - 37ba2259-f62f-4da5-8096-df445136afb3@group-63408E39F49D: start as a follower, conf=-1: [2d715fdb-e2dd-4eac-b511-b6b0580c42a8|rpc:10.1.0.33:38953|priority:0, 37ba2259-f62f-4da5-8096-df445136afb3|rpc:10.1.0.33:36015|priority:1, b8c05ba5-ed49-4c4c-af2c-0aed88b8729a|rpc:10.1.0.33:45611|priority:0], old=null
2022-07-12 20:44:57,255 [pool-364-thread-1] INFO  server.RaftServer$Division (RaftServerImpl.java:setRole(299)) - 37ba2259-f62f-4da5-8096-df445136afb3@group-63408E39F49D: changes role from      null to FOLLOWER at term 0 for startAsFollower
2022-07-12 20:44:57,255 [pool-364-thread-1] INFO  impl.RoleInfo (RoleInfo.java:updateAndGet(139)) - 37ba2259-f62f-4da5-8096-df445136afb3: start 37ba2259-f62f-4da5-8096-df445136afb3@group-63408E39F49D-FollowerState
2022-07-12 20:44:57,259 [pool-364-thread-1] INFO  util.JmxRegister (JmxRegister.java:tryRegister(44)) - Successfully registered JMX Bean with object name Ratis:service=RaftServer,group=group-63408E39F49D,id=37ba2259-f62f-4da5-8096-df445136afb3
2022-07-12 20:44:57,271 [Command processor thread] INFO  ratis.XceiverServerRatis (XceiverServerRatis.java:addGroup(765)) - Created group PipelineID=a02017be-b760-4940-a392-63408e39f49d
2022-07-12 20:44:57,297 [grpc-default-executor-0] INFO  server.RaftServer (RaftServerProxy.java:addNew(96)) - b8c05ba5-ed49-4c4c-af2c-0aed88b8729a: addNew group-63408E39F49D:[2d715fdb-e2dd-4eac-b511-b6b0580c42a8|rpc:10.1.0.33:38953|dataStream:|priority:0, 37ba2259-f62f-4da5-8096-df445136afb3|rpc:10.1.0.33:36015|dataStream:|priority:1, b8c05ba5-ed49-4c4c-af2c-0aed88b8729a|rpc:10.1.0.33:45611|dataStream:|priority:0] returns group-63408E39F49D:java.util.concurrent.CompletableFuture@13736f4c[Not completed]
2022-07-12 20:44:57,303 [pool-410-thread-1] INFO  server.RaftServer$Division (RaftServerImpl.java:<init>(190)) - b8c05ba5-ed49-4c4c-af2c-0aed88b8729a: new RaftServerImpl for group-63408E39F49D:[2d715fdb-e2dd-4eac-b511-b6b0580c42a8|rpc:10.1.0.33:38953|dataStream:|priority:0, 37ba2259-f62f-4da5-8096-df445136afb3|rpc:10.1.0.33:36015|dataStream:|priority:1, b8c05ba5-ed49-4c4c-af2c-0aed88b8729a|rpc:10.1.0.33:45611|dataStream:|priority:0] with ContainerStateMachine:uninitialized
2022-07-12 20:44:57,303 [pool-410-thread-1] INFO  server.RaftServerConfigKeys (ConfUtils.java:logGet(46)) - raft.server.rpc.timeout.min = 5s (custom)
2022-07-12 20:44:57,303 [pool-410-thread-1] INFO  server.RaftServerConfigKeys (ConfUtils.java:logGet(46)) - raft.server.rpc.timeout.max = 5200ms (custom)
2022-07-12 20:44:57,303 [pool-410-thread-1] INFO  server.RaftServerConfigKeys (ConfUtils.java:logGet(46)) - raft.server.rpc.sleep.time = 25ms (default)
2022-07-12 20:44:57,303 [pool-410-thread-1] INFO  server.RaftServerConfigKeys (ConfUtils.java:logGet(46)) - raft.server.rpc.slowness.timeout = 300s (custom)
2022-07-12 20:44:57,303 [pool-410-thread-1] INFO  server.RaftServerConfigKeys (ConfUtils.java:logGet(46)) - raft.server.leaderelection.leader.step-down.wait-time = 10s (default)
2022-07-12 20:44:57,303 [pool-410-thread-1] INFO  server.RaftServerConfigKeys (ConfUtils.java:logGet(46)) - raft.server.sleep.deviation.threshold = 300ms (default)
2022-07-12 20:44:57,303 [pool-410-thread-1] INFO  server.RaftServer$Division (ServerState.java:<init>(107)) - b8c05ba5-ed49-4c4c-af2c-0aed88b8729a@group-63408E39F49D: ConfigurationManager, init=-1: [2d715fdb-e2dd-4eac-b511-b6b0580c42a8|rpc:10.1.0.33:38953|dataStream:|priority:0, 37ba2259-f62f-4da5-8096-df445136afb3|rpc:10.1.0.33:36015|dataStream:|priority:1, b8c05ba5-ed49-4c4c-af2c-0aed88b8729a|rpc:10.1.0.33:45611|dataStream:|priority:0], old=null, confs=<EMPTY_MAP>
2022-07-12 20:44:57,303 [pool-410-thread-1] INFO  server.RaftServerConfigKeys (ConfUtils.java:logGet(46)) - raft.server.storage.dir = [/home/runner/work/ozone/ozone/hadoop-ozone/integration-test/target/test-dir/MiniOzoneClusterImpl-aeab48a2-5f28-437b-866d-5cf3b392f170/datanode-2/data/ratis] (custom)
2022-07-12 20:44:57,303 [pool-410-thread-1] INFO  server.RaftServerConfigKeys (ConfUtils.java:logGet(46)) - raft.server.log.corruption.policy = EXCEPTION (default)
2022-07-12 20:44:57,303 [pool-410-thread-1] INFO  server.RaftServerConfigKeys (ConfUtils.java:logGet(46)) - raft.server.storage.free-space.min = 0MB (=0) (default)
2022-07-12 20:44:57,303 [pool-410-thread-1] INFO  storage.RaftStorageDirectory (RaftStorageDirectoryImpl.java:analyzeStorage(135)) - The storage directory /home/runner/work/ozone/ozone/hadoop-ozone/integration-test/target/test-dir/MiniOzoneClusterImpl-aeab48a2-5f28-437b-866d-5cf3b392f170/datanode-2/data/ratis/a02017be-b760-4940-a392-63408e39f49d does not exist. Creating ...
2022-07-12 20:44:57,304 [pool-410-thread-1] INFO  storage.RaftStorageDirectory (RaftStorageDirectoryImpl.java:tryLock(230)) - Lock on /home/runner/work/ozone/ozone/hadoop-ozone/integration-test/target/test-dir/MiniOzoneClusterImpl-aeab48a2-5f28-437b-866d-5cf3b392f170/datanode-2/data/ratis/a02017be-b760-4940-a392-63408e39f49d/in_use.lock acquired by nodename 3147@fv-az29-983
2022-07-12 20:44:57,306 [pool-410-thread-1] INFO  storage.RaftStorage (RaftStorageImpl.java:format(89)) - Storage directory /home/runner/work/ozone/ozone/hadoop-ozone/integration-test/target/test-dir/MiniOzoneClusterImpl-aeab48a2-5f28-437b-866d-5cf3b392f170/datanode-2/data/ratis/a02017be-b760-4940-a392-63408e39f49d has been successfully formatted.
2022-07-12 20:44:57,307 [pool-410-thread-1] INFO  ratis.ContainerStateMachine (ContainerStateMachine.java:loadSnapshot(236)) - group-63408E39F49D: The snapshot info is null. Setting the last applied indexto:(t:0, i:~)
2022-07-12 20:44:57,307 [pool-410-thread-1] INFO  server.RaftServerConfigKeys (ConfUtils.java:logGet(46)) - raft.server.notification.no-leader.timeout = 300s (custom)
2022-07-12 20:44:57,307 [pool-410-thread-1] INFO  server.RaftServerConfigKeys (ConfUtils.java:logGet(46)) - raft.server.log.use.memory = false (default)
2022-07-12 20:44:57,307 [pool-410-thread-1] INFO  server.RaftServerConfigKeys (ConfUtils.java:logGet(46)) - raft.server.log.purge.gap = 1000000 (custom)
2022-07-12 20:44:57,307 [pool-410-thread-1] INFO  server.RaftServerConfigKeys (ConfUtils.java:logGet(46)) - raft.server.log.appender.buffer.byte-limit = 33554432 (custom)
2022-07-12 20:44:57,307 [pool-410-thread-1] INFO  server.RaftServerConfigKeys (ConfUtils.java:logGet(46)) - raft.server.log.statemachine.data.read.timeout = 1000ms (default)
2022-07-12 20:44:57,307 [pool-410-thread-1] INFO  server.RaftServerConfigKeys (ConfUtils.java:logGet(46)) - raft.server.log.segment.size.max = 1048576 (custom)
2022-07-12 20:44:57,307 [pool-410-thread-1] INFO  server.RaftServerConfigKeys (ConfUtils.java:logGet(46)) - raft.server.log.segment.cache.num.max = 2 (custom)
2022-07-12 20:44:57,307 [pool-410-thread-1] INFO  server.RaftServerConfigKeys (ConfUtils.java:logGet(46)) - raft.server.log.segment.cache.size.max = 200MB (=209715200) (default)
2022-07-12 20:44:57,308 [pool-410-thread-1] INFO  segmented.SegmentedRaftLogWorker (SegmentedRaftLogWorker.java:<init>(187)) - new b8c05ba5-ed49-4c4c-af2c-0aed88b8729a@group-63408E39F49D-SegmentedRaftLogWorker for RaftStorageImpl:Storage Directory /home/runner/work/ozone/ozone/hadoop-ozone/integration-test/target/test-dir/MiniOzoneClusterImpl-aeab48a2-5f28-437b-866d-5cf3b392f170/datanode-2/data/ratis/a02017be-b760-4940-a392-63408e39f49d
2022-07-12 20:44:57,308 [pool-410-thread-1] INFO  server.RaftServerConfigKeys (ConfUtils.java:logGet(46)) - raft.server.log.queue.byte-limit = 4294967296 (custom)
2022-07-12 20:44:57,308 [pool-410-thread-1] INFO  server.RaftServerConfigKeys (ConfUtils.java:logGet(46)) - raft.server.log.queue.element-limit = 1024 (custom)
2022-07-12 20:44:57,308 [pool-410-thread-1] INFO  server.RaftServerConfigKeys (ConfUtils.java:logGet(46)) - raft.server.log.segment.size.max = 1048576 (custom)
2022-07-12 20:44:57,308 [pool-410-thread-1] INFO  server.RaftServerConfigKeys (ConfUtils.java:logGet(46)) - raft.server.log.preallocated.size = 16384 (custom)
2022-07-12 20:44:57,308 [pool-410-thread-1] INFO  server.RaftServerConfigKeys (ConfUtils.java:logGet(46)) - raft.server.log.force.sync.num = 128 (default)
2022-07-12 20:44:57,308 [pool-410-thread-1] INFO  server.RaftServerConfigKeys (ConfUtils.java:logGet(46)) - raft.server.log.statemachine.data.sync = true (default)
2022-07-12 20:44:57,308 [pool-410-thread-1] INFO  server.RaftServerConfigKeys (ConfUtils.java:logGet(46)) - raft.server.log.statemachine.data.sync.timeout = 10s (default)
2022-07-12 20:44:57,308 [pool-410-thread-1] INFO  server.RaftServerConfigKeys (ConfUtils.java:logGet(46)) - raft.server.log.statemachine.data.sync.timeout.retry = -1 (default)
2022-07-12 20:44:57,308 [pool-410-thread-1] INFO  server.RaftServerConfigKeys (ConfUtils.java:logGet(46)) - raft.server.log.write.buffer.size = 1048576 (custom)
2022-07-12 20:44:57,309 [pool-410-thread-1] INFO  server.RaftServerConfigKeys (ConfUtils.java:logGet(46)) - raft.server.log.unsafe-flush.enabled = false (default)
2022-07-12 20:44:57,309 [pool-410-thread-1] INFO  server.RaftServerConfigKeys (ConfUtils.java:logGet(46)) - raft.server.log.statemachine.data.caching.enabled = true (custom)
2022-07-12 20:44:57,309 [pool-410-thread-1] INFO  segmented.SegmentedRaftLogWorker (SegmentedRaftLogWorker.java:lambda$new$0(135)) - b8c05ba5-ed49-4c4c-af2c-0aed88b8729a@group-63408E39F49D-SegmentedRaftLogWorker: flushIndex: setUnconditionally 0 -> -1
2022-07-12 20:44:57,309 [pool-410-thread-1] INFO  segmented.SegmentedRaftLogWorker (SegmentedRaftLogWorker.java:lambda$new$0(135)) - b8c05ba5-ed49-4c4c-af2c-0aed88b8729a@group-63408E39F49D-SegmentedRaftLogWorker: safeCacheEvictIndex: setUnconditionally 0 -> -1
2022-07-12 20:44:57,323 [pool-410-thread-1] INFO  server.RaftServerConfigKeys (ConfUtils.java:logGet(46)) - raft.server.snapshot.auto.trigger.enabled = true (custom)
2022-07-12 20:44:57,323 [pool-410-thread-1] INFO  server.RaftServerConfigKeys (ConfUtils.java:logGet(46)) - raft.server.snapshot.auto.trigger.threshold = 10000 (custom)
2022-07-12 20:44:57,323 [pool-410-thread-1] INFO  server.RaftServerConfigKeys (ConfUtils.java:logGet(46)) - raft.server.snapshot.retention.file.num = 5 (custom)
2022-07-12 20:44:57,323 [pool-410-thread-1] INFO  server.RaftServerConfigKeys (ConfUtils.java:logGet(46)) - raft.server.log.purge.upto.snapshot.index = false (default)
2022-07-12 20:44:57,323 [pool-410-thread-1] INFO  server.RaftServerConfigKeys (ConfUtils.java:logGet(46)) - raft.server.retrycache.expirytime = 600000ms (custom)
2022-07-12 20:44:57,323 [pool-410-thread-1] INFO  server.RaftServerConfigKeys (ConfUtils.java:logGet(46)) - raft.server.retrycache.statistics.expirytime = 100μs (default)
2022-07-12 20:44:57,324 [pool-410-thread-1] INFO  server.RaftServerConfigKeys (ConfUtils.java:logGet(46)) - raft.server.log.appender.install.snapshot.enabled = false (custom)
2022-07-12 20:44:57,324 [pool-410-thread-1] INFO  server.RaftServerConfigKeys (ConfUtils.java:logGet(46)) - raft.server.threadpool.server.cached = true (default)
2022-07-12 20:44:57,324 [pool-410-thread-1] INFO  server.RaftServerConfigKeys (ConfUtils.java:logGet(46)) - raft.server.threadpool.server.size = 0 (default)
2022-07-12 20:44:57,324 [pool-410-thread-1] INFO  server.RaftServerConfigKeys (ConfUtils.java:logGet(46)) - raft.server.threadpool.client.cached = true (default)
2022-07-12 20:44:57,324 [pool-410-thread-1] INFO  server.RaftServerConfigKeys (ConfUtils.java:logGet(46)) - raft.server.threadpool.client.size = 0 (default)
2022-07-12 20:44:57,324 [pool-410-thread-1] INFO  server.RaftServer$Division (RaftServerImpl.java:start(310)) - b8c05ba5-ed49-4c4c-af2c-0aed88b8729a@group-63408E39F49D: start as a follower, conf=-1: [2d715fdb-e2dd-4eac-b511-b6b0580c42a8|rpc:10.1.0.33:38953|dataStream:|priority:0, 37ba2259-f62f-4da5-8096-df445136afb3|rpc:10.1.0.33:36015|dataStream:|priority:1, b8c05ba5-ed49-4c4c-af2c-0aed88b8729a|rpc:10.1.0.33:45611|dataStream:|priority:0], old=null
2022-07-12 20:44:57,324 [pool-410-thread-1] INFO  server.RaftServer$Division (RaftServerImpl.java:setRole(299)) - b8c05ba5-ed49-4c4c-af2c-0aed88b8729a@group-63408E39F49D: changes role from      null to FOLLOWER at term 0 for startAsFollower
2022-07-12 20:44:57,324 [pool-410-thread-1] INFO  impl.RoleInfo (RoleInfo.java:updateAndGet(139)) - b8c05ba5-ed49-4c4c-af2c-0aed88b8729a: start b8c05ba5-ed49-4c4c-af2c-0aed88b8729a@group-63408E39F49D-FollowerState
2022-07-12 20:44:57,327 [pool-410-thread-1] INFO  util.JmxRegister (JmxRegister.java:tryRegister(44)) - Successfully registered JMX Bean with object name Ratis:service=RaftServer,group=group-63408E39F49D,id=b8c05ba5-ed49-4c4c-af2c-0aed88b8729a
2022-07-12 20:44:57,373 [grpc-default-executor-0] INFO  server.RaftServer (RaftServerProxy.java:addNew(96)) - 2d715fdb-e2dd-4eac-b511-b6b0580c42a8: addNew group-63408E39F49D:[2d715fdb-e2dd-4eac-b511-b6b0580c42a8|rpc:10.1.0.33:38953|dataStream:|priority:0, 37ba2259-f62f-4da5-8096-df445136afb3|rpc:10.1.0.33:36015|dataStream:|priority:1, b8c05ba5-ed49-4c4c-af2c-0aed88b8729a|rpc:10.1.0.33:45611|dataStream:|priority:0] returns group-63408E39F49D:java.util.concurrent.CompletableFuture@2bd08736[Not completed]
2022-07-12 20:44:57,374 [pool-387-thread-1] INFO  server.RaftServer$Division (RaftServerImpl.java:<init>(190)) - 2d715fdb-e2dd-4eac-b511-b6b0580c42a8: new RaftServerImpl for group-63408E39F49D:[2d715fdb-e2dd-4eac-b511-b6b0580c42a8|rpc:10.1.0.33:38953|dataStream:|priority:0, 37ba2259-f62f-4da5-8096-df445136afb3|rpc:10.1.0.33:36015|dataStream:|priority:1, b8c05ba5-ed49-4c4c-af2c-0aed88b8729a|rpc:10.1.0.33:45611|dataStream:|priority:0] with ContainerStateMachine:uninitialized
2022-07-12 20:44:57,374 [pool-387-thread-1] INFO  server.RaftServerConfigKeys (ConfUtils.java:logGet(46)) - raft.server.rpc.timeout.min = 5s (custom)
2022-07-12 20:44:57,374 [pool-387-thread-1] INFO  server.RaftServerConfigKeys (ConfUtils.java:logGet(46)) - raft.server.rpc.timeout.max = 5200ms (custom)
2022-07-12 20:44:57,374 [pool-387-thread-1] INFO  server.RaftServerConfigKeys (ConfUtils.java:logGet(46)) - raft.server.rpc.sleep.time = 25ms (default)
2022-07-12 20:44:57,374 [pool-387-thread-1] INFO  server.RaftServerConfigKeys (ConfUtils.java:logGet(46)) - raft.server.rpc.slowness.timeout = 300s (custom)
2022-07-12 20:44:57,374 [pool-387-thread-1] INFO  server.RaftServerConfigKeys (ConfUtils.java:logGet(46)) - raft.server.leaderelection.leader.step-down.wait-time = 10s (default)
2022-07-12 20:44:57,374 [pool-387-thread-1] INFO  server.RaftServerConfigKeys (ConfUtils.java:logGet(46)) - raft.server.sleep.deviation.threshold = 300ms (default)
2022-07-12 20:44:57,374 [pool-387-thread-1] INFO  server.RaftServer$Division (ServerState.java:<init>(107)) - 2d715fdb-e2dd-4eac-b511-b6b0580c42a8@group-63408E39F49D: ConfigurationManager, init=-1: [2d715fdb-e2dd-4eac-b511-b6b0580c42a8|rpc:10.1.0.33:38953|dataStream:|priority:0, 37ba2259-f62f-4da5-8096-df445136afb3|rpc:10.1.0.33:36015|dataStream:|priority:1, b8c05ba5-ed49-4c4c-af2c-0aed88b8729a|rpc:10.1.0.33:45611|dataStream:|priority:0], old=null, confs=<EMPTY_MAP>
2022-07-12 20:44:57,374 [pool-387-thread-1] INFO  server.RaftServerConfigKeys (ConfUtils.java:logGet(46)) - raft.server.storage.dir = [/home/runner/work/ozone/ozone/hadoop-ozone/integration-test/target/test-dir/MiniOzoneClusterImpl-aeab48a2-5f28-437b-866d-5cf3b392f170/datanode-1/data/ratis] (custom)
2022-07-12 20:44:57,375 [pool-387-thread-1] INFO  server.RaftServerConfigKeys (ConfUtils.java:logGet(46)) - raft.server.log.corruption.policy = EXCEPTION (default)
2022-07-12 20:44:57,375 [pool-387-thread-1] INFO  server.RaftServerConfigKeys (ConfUtils.java:logGet(46)) - raft.server.storage.free-space.min = 0MB (=0) (default)
2022-07-12 20:44:57,375 [pool-387-thread-1] INFO  storage.RaftStorageDirectory (RaftStorageDirectoryImpl.java:analyzeStorage(135)) - The storage directory /home/runner/work/ozone/ozone/hadoop-ozone/integration-test/target/test-dir/MiniOzoneClusterImpl-aeab48a2-5f28-437b-866d-5cf3b392f170/datanode-1/data/ratis/a02017be-b760-4940-a392-63408e39f49d does not exist. Creating ...
2022-07-12 20:44:57,376 [pool-387-thread-1] INFO  storage.RaftStorageDirectory (RaftStorageDirectoryImpl.java:tryLock(230)) - Lock on /home/runner/work/ozone/ozone/hadoop-ozone/integration-test/target/test-dir/MiniOzoneClusterImpl-aeab48a2-5f28-437b-866d-5cf3b392f170/datanode-1/data/ratis/a02017be-b760-4940-a392-63408e39f49d/in_use.lock acquired by nodename 3147@fv-az29-983
2022-07-12 20:44:57,377 [pool-387-thread-1] INFO  storage.RaftStorage (RaftStorageImpl.java:format(89)) - Storage directory /home/runner/work/ozone/ozone/hadoop-ozone/integration-test/target/test-dir/MiniOzoneClusterImpl-aeab48a2-5f28-437b-866d-5cf3b392f170/datanode-1/data/ratis/a02017be-b760-4940-a392-63408e39f49d has been successfully formatted.
2022-07-12 20:44:57,377 [pool-387-thread-1] INFO  ratis.ContainerStateMachine (ContainerStateMachine.java:loadSnapshot(236)) - group-63408E39F49D: The snapshot info is null. Setting the last applied indexto:(t:0, i:~)
2022-07-12 20:44:57,377 [pool-387-thread-1] INFO  server.RaftServerConfigKeys (ConfUtils.java:logGet(46)) - raft.server.notification.no-leader.timeout = 300s (custom)
2022-07-12 20:44:57,377 [pool-387-thread-1] INFO  server.RaftServerConfigKeys (ConfUtils.java:logGet(46)) - raft.server.log.use.memory = false (default)
2022-07-12 20:44:57,377 [pool-387-thread-1] INFO  server.RaftServerConfigKeys (ConfUtils.java:logGet(46)) - raft.server.log.purge.gap = 1000000 (custom)
2022-07-12 20:44:57,377 [pool-387-thread-1] INFO  server.RaftServerConfigKeys (ConfUtils.java:logGet(46)) - raft.server.log.appender.buffer.byte-limit = 33554432 (custom)
2022-07-12 20:44:57,377 [pool-387-thread-1] INFO  server.RaftServerConfigKeys (ConfUtils.java:logGet(46)) - raft.server.log.statemachine.data.read.timeout = 1000ms (default)
2022-07-12 20:44:57,377 [pool-387-thread-1] INFO  server.RaftServerConfigKeys (ConfUtils.java:logGet(46)) - raft.server.log.segment.size.max = 1048576 (custom)
2022-07-12 20:44:57,379 [pool-387-thread-1] INFO  server.RaftServerConfigKeys (ConfUtils.java:logGet(46)) - raft.server.log.segment.cache.num.max = 2 (custom)
2022-07-12 20:44:57,379 [pool-387-thread-1] INFO  server.RaftServerConfigKeys (ConfUtils.java:logGet(46)) - raft.server.log.segment.cache.size.max = 200MB (=209715200) (default)
2022-07-12 20:44:57,379 [pool-387-thread-1] INFO  segmented.SegmentedRaftLogWorker (SegmentedRaftLogWorker.java:<init>(187)) - new 2d715fdb-e2dd-4eac-b511-b6b0580c42a8@group-63408E39F49D-SegmentedRaftLogWorker for RaftStorageImpl:Storage Directory /home/runner/work/ozone/ozone/hadoop-ozone/integration-test/target/test-dir/MiniOzoneClusterImpl-aeab48a2-5f28-437b-866d-5cf3b392f170/datanode-1/data/ratis/a02017be-b760-4940-a392-63408e39f49d
2022-07-12 20:44:57,379 [pool-387-thread-1] INFO  server.RaftServerConfigKeys (ConfUtils.java:logGet(46)) - raft.server.log.queue.byte-limit = 4294967296 (custom)
2022-07-12 20:44:57,379 [pool-387-thread-1] INFO  server.RaftServerConfigKeys (ConfUtils.java:logGet(46)) - raft.server.log.queue.element-limit = 1024 (custom)
2022-07-12 20:44:57,379 [pool-387-thread-1] INFO  server.RaftServerConfigKeys (ConfUtils.java:logGet(46)) - raft.server.log.segment.size.max = 1048576 (custom)
2022-07-12 20:44:57,379 [pool-387-thread-1] INFO  server.RaftServerConfigKeys (ConfUtils.java:logGet(46)) - raft.server.log.preallocated.size = 16384 (custom)
2022-07-12 20:44:57,379 [pool-387-thread-1] INFO  server.RaftServerConfigKeys (ConfUtils.java:logGet(46)) - raft.server.log.force.sync.num = 128 (default)
2022-07-12 20:44:57,379 [pool-387-thread-1] INFO  server.RaftServerConfigKeys (ConfUtils.java:logGet(46)) - raft.server.log.statemachine.data.sync = true (default)
2022-07-12 20:44:57,379 [pool-387-thread-1] INFO  server.RaftServerConfigKeys (ConfUtils.java:logGet(46)) - raft.server.log.statemachine.data.sync.timeout = 10s (default)
2022-07-12 20:44:57,379 [pool-387-thread-1] INFO  server.RaftServerConfigKeys (ConfUtils.java:logGet(46)) - raft.server.log.statemachine.data.sync.timeout.retry = -1 (default)
2022-07-12 20:44:57,380 [pool-387-thread-1] INFO  server.RaftServerConfigKeys (ConfUtils.java:logGet(46)) - raft.server.log.write.buffer.size = 1048576 (custom)
2022-07-12 20:44:57,381 [pool-387-thread-1] INFO  server.RaftServerConfigKeys (ConfUtils.java:logGet(46)) - raft.server.log.unsafe-flush.enabled = false (default)
2022-07-12 20:44:57,381 [pool-387-thread-1] INFO  server.RaftServerConfigKeys (ConfUtils.java:logGet(46)) - raft.server.log.statemachine.data.caching.enabled = true (custom)
2022-07-12 20:44:57,381 [pool-387-thread-1] INFO  segmented.SegmentedRaftLogWorker (SegmentedRaftLogWorker.java:lambda$new$0(135)) - 2d715fdb-e2dd-4eac-b511-b6b0580c42a8@group-63408E39F49D-SegmentedRaftLogWorker: flushIndex: setUnconditionally 0 -> -1
2022-07-12 20:44:57,381 [pool-387-thread-1] INFO  segmented.SegmentedRaftLogWorker (SegmentedRaftLogWorker.java:lambda$new$0(135)) - 2d715fdb-e2dd-4eac-b511-b6b0580c42a8@group-63408E39F49D-SegmentedRaftLogWorker: safeCacheEvictIndex: setUnconditionally 0 -> -1
2022-07-12 20:44:57,387 [pool-387-thread-1] INFO  server.RaftServerConfigKeys (ConfUtils.java:logGet(46)) - raft.server.snapshot.auto.trigger.enabled = true (custom)
2022-07-12 20:44:57,387 [pool-387-thread-1] INFO  server.RaftServerConfigKeys (ConfUtils.java:logGet(46)) - raft.server.snapshot.auto.trigger.threshold = 10000 (custom)
2022-07-12 20:44:57,387 [pool-387-thread-1] INFO  server.RaftServerConfigKeys (ConfUtils.java:logGet(46)) - raft.server.snapshot.retention.file.num = 5 (custom)
2022-07-12 20:44:57,387 [pool-387-thread-1] INFO  server.RaftServerConfigKeys (ConfUtils.java:logGet(46)) - raft.server.log.purge.upto.snapshot.index = false (default)
2022-07-12 20:44:57,387 [pool-387-thread-1] INFO  server.RaftServerConfigKeys (ConfUtils.java:logGet(46)) - raft.server.retrycache.expirytime = 600000ms (custom)
2022-07-12 20:44:57,387 [pool-387-thread-1] INFO  server.RaftServerConfigKeys (ConfUtils.java:logGet(46)) - raft.server.retrycache.statistics.expirytime = 100μs (default)
2022-07-12 20:44:57,388 [pool-387-thread-1] INFO  server.RaftServerConfigKeys (ConfUtils.java:logGet(46)) - raft.server.log.appender.install.snapshot.enabled = false (custom)
2022-07-12 20:44:57,388 [pool-387-thread-1] INFO  server.RaftServerConfigKeys (ConfUtils.java:logGet(46)) - raft.server.threadpool.server.cached = true (default)
2022-07-12 20:44:57,388 [pool-387-thread-1] INFO  server.RaftServerConfigKeys (ConfUtils.java:logGet(46)) - raft.server.threadpool.server.size = 0 (default)
2022-07-12 20:44:57,388 [pool-387-thread-1] INFO  server.RaftServerConfigKeys (ConfUtils.java:logGet(46)) - raft.server.threadpool.client.cached = true (default)
2022-07-12 20:44:57,388 [pool-387-thread-1] INFO  server.RaftServerConfigKeys (ConfUtils.java:logGet(46)) - raft.server.threadpool.client.size = 0 (default)
2022-07-12 20:44:57,388 [pool-387-thread-1] INFO  server.RaftServer$Division (RaftServerImpl.java:start(310)) - 2d715fdb-e2dd-4eac-b511-b6b0580c42a8@group-63408E39F49D: start as a follower, conf=-1: [2d715fdb-e2dd-4eac-b511-b6b0580c42a8|rpc:10.1.0.33:38953|dataStream:|priority:0, 37ba2259-f62f-4da5-8096-df445136afb3|rpc:10.1.0.33:36015|dataStream:|priority:1, b8c05ba5-ed49-4c4c-af2c-0aed88b8729a|rpc:10.1.0.33:45611|dataStream:|priority:0], old=null
2022-07-12 20:44:57,388 [pool-387-thread-1] INFO  server.RaftServer$Division (RaftServerImpl.java:setRole(299)) - 2d715fdb-e2dd-4eac-b511-b6b0580c42a8@group-63408E39F49D: changes role from      null to FOLLOWER at term 0 for startAsFollower
2022-07-12 20:44:57,388 [pool-387-thread-1] INFO  impl.RoleInfo (RoleInfo.java:updateAndGet(139)) - 2d715fdb-e2dd-4eac-b511-b6b0580c42a8: start 2d715fdb-e2dd-4eac-b511-b6b0580c42a8@group-63408E39F49D-FollowerState
2022-07-12 20:44:57,391 [pool-387-thread-1] INFO  util.JmxRegister (JmxRegister.java:tryRegister(44)) - Successfully registered JMX Bean with object name Ratis:service=RaftServer,group=group-63408E39F49D,id=2d715fdb-e2dd-4eac-b511-b6b0580c42a8
2022-07-12 20:44:57,427 [Command processor thread] INFO  commandhandler.CreatePipelineCommandHandler (CreatePipelineCommandHandler.java:handle(113)) - Created Pipeline RATIS THREE PipelineID=a02017be-b760-4940-a392-63408e39f49d.
2022-07-12 20:44:57,766 [Command processor thread] INFO  server.RaftServer (RaftServerProxy.java:addNew(96)) - 2d715fdb-e2dd-4eac-b511-b6b0580c42a8: addNew group-78B5AABCB100:[2d715fdb-e2dd-4eac-b511-b6b0580c42a8|rpc:10.1.0.33:38953|priority:1] returns group-78B5AABCB100:java.util.concurrent.CompletableFuture@3c3a34f8[Not completed]
2022-07-12 20:44:57,767 [pool-387-thread-1] INFO  server.RaftServer$Division (RaftServerImpl.java:<init>(190)) - 2d715fdb-e2dd-4eac-b511-b6b0580c42a8: new RaftServerImpl for group-78B5AABCB100:[2d715fdb-e2dd-4eac-b511-b6b0580c42a8|rpc:10.1.0.33:38953|priority:1] with ContainerStateMachine:uninitialized
2022-07-12 20:44:57,767 [pool-387-thread-1] INFO  server.RaftServerConfigKeys (ConfUtils.java:logGet(46)) - raft.server.rpc.timeout.min = 5s (custom)
2022-07-12 20:44:57,767 [pool-387-thread-1] INFO  server.RaftServerConfigKeys (ConfUtils.java:logGet(46)) - raft.server.rpc.timeout.max = 5200ms (custom)
2022-07-12 20:44:57,767 [pool-387-thread-1] INFO  server.RaftServerConfigKeys (ConfUtils.java:logGet(46)) - raft.server.rpc.sleep.time = 25ms (default)
2022-07-12 20:44:57,767 [pool-387-thread-1] INFO  server.RaftServerConfigKeys (ConfUtils.java:logGet(46)) - raft.server.rpc.slowness.timeout = 300s (custom)
2022-07-12 20:44:57,767 [pool-387-thread-1] INFO  server.RaftServerConfigKeys (ConfUtils.java:logGet(46)) - raft.server.leaderelection.leader.step-down.wait-time = 10s (default)
2022-07-12 20:44:57,768 [pool-387-thread-1] INFO  server.RaftServerConfigKeys (ConfUtils.java:logGet(46)) - raft.server.sleep.deviation.threshold = 300ms (default)
2022-07-12 20:44:57,768 [pool-387-thread-1] INFO  server.RaftServer$Division (ServerState.java:<init>(107)) - 2d715fdb-e2dd-4eac-b511-b6b0580c42a8@group-78B5AABCB100: ConfigurationManager, init=-1: [2d715fdb-e2dd-4eac-b511-b6b0580c42a8|rpc:10.1.0.33:38953|priority:1], old=null, confs=<EMPTY_MAP>
2022-07-12 20:44:57,768 [pool-387-thread-1] INFO  server.RaftServerConfigKeys (ConfUtils.java:logGet(46)) - raft.server.storage.dir = [/home/runner/work/ozone/ozone/hadoop-ozone/integration-test/target/test-dir/MiniOzoneClusterImpl-aeab48a2-5f28-437b-866d-5cf3b392f170/datanode-1/data/ratis] (custom)
2022-07-12 20:44:57,768 [pool-387-thread-1] INFO  server.RaftServerConfigKeys (ConfUtils.java:logGet(46)) - raft.server.log.corruption.policy = EXCEPTION (default)
2022-07-12 20:44:57,768 [pool-387-thread-1] INFO  server.RaftServerConfigKeys (ConfUtils.java:logGet(46)) - raft.server.storage.free-space.min = 0MB (=0) (default)
2022-07-12 20:44:57,768 [pool-387-thread-1] INFO  storage.RaftStorageDirectory (RaftStorageDirectoryImpl.java:analyzeStorage(135)) - The storage directory /home/runner/work/ozone/ozone/hadoop-ozone/integration-test/target/test-dir/MiniOzoneClusterImpl-aeab48a2-5f28-437b-866d-5cf3b392f170/datanode-1/data/ratis/f24b404b-9e53-4c41-8fe1-78b5aabcb100 does not exist. Creating ...
2022-07-12 20:44:57,769 [pool-387-thread-1] INFO  storage.RaftStorageDirectory (RaftStorageDirectoryImpl.java:tryLock(230)) - Lock on /home/runner/work/ozone/ozone/hadoop-ozone/integration-test/target/test-dir/MiniOzoneClusterImpl-aeab48a2-5f28-437b-866d-5cf3b392f170/datanode-1/data/ratis/f24b404b-9e53-4c41-8fe1-78b5aabcb100/in_use.lock acquired by nodename 3147@fv-az29-983
2022-07-12 20:44:57,774 [pool-387-thread-1] INFO  storage.RaftStorage (RaftStorageImpl.java:format(89)) - Storage directory /home/runner/work/ozone/ozone/hadoop-ozone/integration-test/target/test-dir/MiniOzoneClusterImpl-aeab48a2-5f28-437b-866d-5cf3b392f170/datanode-1/data/ratis/f24b404b-9e53-4c41-8fe1-78b5aabcb100 has been successfully formatted.
2022-07-12 20:44:57,775 [pool-387-thread-1] INFO  ratis.ContainerStateMachine (ContainerStateMachine.java:loadSnapshot(236)) - group-78B5AABCB100: The snapshot info is null. Setting the last applied indexto:(t:0, i:~)
2022-07-12 20:44:57,775 [pool-387-thread-1] INFO  server.RaftServerConfigKeys (ConfUtils.java:logGet(46)) - raft.server.notification.no-leader.timeout = 300s (custom)
2022-07-12 20:44:57,775 [pool-387-thread-1] INFO  server.RaftServerConfigKeys (ConfUtils.java:logGet(46)) - raft.server.log.use.memory = false (default)
2022-07-12 20:44:57,775 [pool-387-thread-1] INFO  server.RaftServerConfigKeys (ConfUtils.java:logGet(46)) - raft.server.log.purge.gap = 1000000 (custom)
2022-07-12 20:44:57,775 [pool-387-thread-1] INFO  server.RaftServerConfigKeys (ConfUtils.java:logGet(46)) - raft.server.log.appender.buffer.byte-limit = 33554432 (custom)
2022-07-12 20:44:57,775 [pool-387-thread-1] INFO  server.RaftServerConfigKeys (ConfUtils.java:logGet(46)) - raft.server.log.statemachine.data.read.timeout = 1000ms (default)
2022-07-12 20:44:57,775 [pool-387-thread-1] INFO  server.RaftServerConfigKeys (ConfUtils.java:logGet(46)) - raft.server.log.segment.size.max = 1048576 (custom)
2022-07-12 20:44:57,776 [EventQueue-PipelineReportForPipelineReportHandler] INFO  pipeline.PipelineManagerImpl (PipelineManagerImpl.java:openPipeline(359)) - Pipeline Pipeline[ Id: f24b404b-9e53-4c41-8fe1-78b5aabcb100, Nodes: 2d715fdb-e2dd-4eac-b511-b6b0580c42a8{ip: 10.1.0.33, host: fv-az29-983.0gf2enmb5avurc1gjtxldx4mnh.bx.internal.cloudapp.net, ports: [REPLICATION=43041, RATIS=38953, RATIS_ADMIN=38953, RATIS_SERVER=38953, STANDALONE=46401], networkLocation: /default-rack, certSerialId: null, persistedOpState: IN_SERVICE, persistedOpStateExpiryEpochSec: 0}, ReplicationConfig: RATIS/ONE, State:ALLOCATED, leaderId:2d715fdb-e2dd-4eac-b511-b6b0580c42a8, CreationTimestamp2022-07-12T20:44:54.773Z[Etc/UTC]] moved to OPEN state
2022-07-12 20:44:57,777 [EventQueue-OpenPipelineForHealthyPipelineSafeModeRule] INFO  safemode.SCMSafeModeManager (HealthyPipelineSafeModeRule.java:process(124)) - SCM in safe mode. Healthy pipelines reported count is 0, required healthy pipeline reported count is 1
2022-07-12 20:44:57,778 [pool-387-thread-1] INFO  server.RaftServerConfigKeys (ConfUtils.java:logGet(46)) - raft.server.log.segment.cache.num.max = 2 (custom)
2022-07-12 20:44:57,778 [pool-387-thread-1] INFO  server.RaftServerConfigKeys (ConfUtils.java:logGet(46)) - raft.server.log.segment.cache.size.max = 200MB (=209715200) (default)
2022-07-12 20:44:57,778 [pool-387-thread-1] INFO  segmented.SegmentedRaftLogWorker (SegmentedRaftLogWorker.java:<init>(187)) - new 2d715fdb-e2dd-4eac-b511-b6b0580c42a8@group-78B5AABCB100-SegmentedRaftLogWorker for RaftStorageImpl:Storage Directory /home/runner/work/ozone/ozone/hadoop-ozone/integration-test/target/test-dir/MiniOzoneClusterImpl-aeab48a2-5f28-437b-866d-5cf3b392f170/datanode-1/data/ratis/f24b404b-9e53-4c41-8fe1-78b5aabcb100
2022-07-12 20:44:57,778 [pool-387-thread-1] INFO  server.RaftServerConfigKeys (ConfUtils.java:logGet(46)) - raft.server.log.queue.byte-limit = 4294967296 (custom)
2022-07-12 20:44:57,778 [pool-387-thread-1] INFO  server.RaftServerConfigKeys (ConfUtils.java:logGet(46)) - raft.server.log.queue.element-limit = 1024 (custom)
2022-07-12 20:44:57,778 [pool-387-thread-1] INFO  server.RaftServerConfigKeys (ConfUtils.java:logGet(46)) - raft.server.log.segment.size.max = 1048576 (custom)
2022-07-12 20:44:57,779 [pool-387-thread-1] INFO  server.RaftServerConfigKeys (ConfUtils.java:logGet(46)) - raft.server.log.preallocated.size = 16384 (custom)
2022-07-12 20:44:57,779 [pool-387-thread-1] INFO  server.RaftServerConfigKeys (ConfUtils.java:logGet(46)) - raft.server.log.force.sync.num = 128 (default)
2022-07-12 20:44:57,779 [pool-387-thread-1] INFO  server.RaftServerConfigKeys (ConfUtils.java:logGet(46)) - raft.server.log.statemachine.data.sync = true (default)
2022-07-12 20:44:57,779 [pool-387-thread-1] INFO  server.RaftServerConfigKeys (ConfUtils.java:logGet(46)) - raft.server.log.statemachine.data.sync.timeout = 10s (default)
2022-07-12 20:44:57,779 [pool-387-thread-1] INFO  server.RaftServerConfigKeys (ConfUtils.java:logGet(46)) - raft.server.log.statemachine.data.sync.timeout.retry = -1 (default)
2022-07-12 20:44:57,779 [pool-387-thread-1] INFO  server.RaftServerConfigKeys (ConfUtils.java:logGet(46)) - raft.server.log.write.buffer.size = 1048576 (custom)
2022-07-12 20:44:57,780 [pool-387-thread-1] INFO  server.RaftServerConfigKeys (ConfUtils.java:logGet(46)) - raft.server.log.unsafe-flush.enabled = false (default)
2022-07-12 20:44:57,780 [pool-387-thread-1] INFO  server.RaftServerConfigKeys (ConfUtils.java:logGet(46)) - raft.server.log.statemachine.data.caching.enabled = true (custom)
2022-07-12 20:44:57,780 [pool-387-thread-1] INFO  segmented.SegmentedRaftLogWorker (SegmentedRaftLogWorker.java:lambda$new$0(135)) - 2d715fdb-e2dd-4eac-b511-b6b0580c42a8@group-78B5AABCB100-SegmentedRaftLogWorker: flushIndex: setUnconditionally 0 -> -1
2022-07-12 20:44:57,780 [pool-387-thread-1] INFO  segmented.SegmentedRaftLogWorker (SegmentedRaftLogWorker.java:lambda$new$0(135)) - 2d715fdb-e2dd-4eac-b511-b6b0580c42a8@group-78B5AABCB100-SegmentedRaftLogWorker: safeCacheEvictIndex: setUnconditionally 0 -> -1
2022-07-12 20:44:57,786 [Listener at 127.0.0.1/40525] INFO  ozone.MiniOzoneClusterImpl (MiniOzoneClusterImpl.java:lambda$waitForClusterToBeReady$0(223)) - Nodes are ready. Got 3 of 3 DN Heartbeats.
2022-07-12 20:44:57,786 [Listener at 127.0.0.1/40525] INFO  ozone.MiniOzoneClusterImpl (MiniOzoneClusterImpl.java:lambda$waitForClusterToBeReady$0(226)) - Waiting for cluster to exit safe mode
2022-07-12 20:44:57,786 [Listener at 127.0.0.1/40525] INFO  ozone.MiniOzoneClusterImpl (MiniOzoneClusterImpl.java:lambda$waitForClusterToBeReady$0(228)) - SCM became leader
2022-07-12 20:44:57,791 [pool-387-thread-1] INFO  server.RaftServerConfigKeys (ConfUtils.java:logGet(46)) - raft.server.snapshot.auto.trigger.enabled = true (custom)
2022-07-12 20:44:57,791 [pool-387-thread-1] INFO  server.RaftServerConfigKeys (ConfUtils.java:logGet(46)) - raft.server.snapshot.auto.trigger.threshold = 10000 (custom)
2022-07-12 20:44:57,791 [pool-387-thread-1] INFO  server.RaftServerConfigKeys (ConfUtils.java:logGet(46)) - raft.server.snapshot.retention.file.num = 5 (custom)
2022-07-12 20:44:57,791 [pool-387-thread-1] INFO  server.RaftServerConfigKeys (ConfUtils.java:logGet(46)) - raft.server.log.purge.upto.snapshot.index = false (default)
2022-07-12 20:44:57,791 [pool-387-thread-1] INFO  server.RaftServerConfigKeys (ConfUtils.java:logGet(46)) - raft.server.retrycache.expirytime = 600000ms (custom)
2022-07-12 20:44:57,792 [pool-387-thread-1] INFO  server.RaftServerConfigKeys (ConfUtils.java:logGet(46)) - raft.server.retrycache.statistics.expirytime = 100μs (default)
2022-07-12 20:44:57,792 [pool-387-thread-1] INFO  server.RaftServerConfigKeys (ConfUtils.java:logGet(46)) - raft.server.log.appender.install.snapshot.enabled = false (custom)
2022-07-12 20:44:57,793 [pool-387-thread-1] INFO  server.RaftServerConfigKeys (ConfUtils.java:logGet(46)) - raft.server.threadpool.server.cached = true (default)
2022-07-12 20:44:57,793 [pool-387-thread-1] INFO  server.RaftServerConfigKeys (ConfUtils.java:logGet(46)) - raft.server.threadpool.server.size = 0 (default)
2022-07-12 20:44:57,793 [pool-387-thread-1] INFO  server.RaftServerConfigKeys (ConfUtils.java:logGet(46)) - raft.server.threadpool.client.cached = true (default)
2022-07-12 20:44:57,793 [pool-387-thread-1] INFO  server.RaftServerConfigKeys (ConfUtils.java:logGet(46)) - raft.server.threadpool.client.size = 0 (default)
2022-07-12 20:44:57,793 [pool-387-thread-1] INFO  server.RaftServer$Division (RaftServerImpl.java:start(310)) - 2d715fdb-e2dd-4eac-b511-b6b0580c42a8@group-78B5AABCB100: start as a follower, conf=-1: [2d715fdb-e2dd-4eac-b511-b6b0580c42a8|rpc:10.1.0.33:38953|priority:1], old=null
2022-07-12 20:44:57,793 [pool-387-thread-1] INFO  server.RaftServer$Division (RaftServerImpl.java:setRole(299)) - 2d715fdb-e2dd-4eac-b511-b6b0580c42a8@group-78B5AABCB100: changes role from      null to FOLLOWER at term 0 for startAsFollower
2022-07-12 20:44:57,793 [pool-387-thread-1] INFO  impl.RoleInfo (RoleInfo.java:updateAndGet(139)) - 2d715fdb-e2dd-4eac-b511-b6b0580c42a8: start 2d715fdb-e2dd-4eac-b511-b6b0580c42a8@group-78B5AABCB100-FollowerState
2022-07-12 20:44:57,803 [pool-387-thread-1] INFO  util.JmxRegister (JmxRegister.java:tryRegister(44)) - Successfully registered JMX Bean with object name Ratis:service=RaftServer,group=group-78B5AABCB100,id=2d715fdb-e2dd-4eac-b511-b6b0580c42a8
2022-07-12 20:44:57,812 [Command processor thread] INFO  ratis.XceiverServerRatis (XceiverServerRatis.java:addGroup(765)) - Created group PipelineID=f24b404b-9e53-4c41-8fe1-78b5aabcb100
2022-07-12 20:44:57,812 [Command processor thread] INFO  commandhandler.CreatePipelineCommandHandler (CreatePipelineCommandHandler.java:handle(113)) - Created Pipeline RATIS ONE PipelineID=f24b404b-9e53-4c41-8fe1-78b5aabcb100.
2022-07-12 20:44:58,786 [Listener at 127.0.0.1/40525] INFO  ozone.MiniOzoneClusterImpl (MiniOzoneClusterImpl.java:lambda$waitForClusterToBeReady$0(223)) - Nodes are ready. Got 3 of 3 DN Heartbeats.
2022-07-12 20:44:58,787 [Listener at 127.0.0.1/40525] INFO  ozone.MiniOzoneClusterImpl (MiniOzoneClusterImpl.java:lambda$waitForClusterToBeReady$0(226)) - Waiting for cluster to exit safe mode
2022-07-12 20:44:58,787 [Listener at 127.0.0.1/40525] INFO  ozone.MiniOzoneClusterImpl (MiniOzoneClusterImpl.java:lambda$waitForClusterToBeReady$0(228)) - SCM became leader
2022-07-12 20:44:58,831 [Command processor thread] INFO  server.RaftServer (RaftServerProxy.java:addNew(96)) - b8c05ba5-ed49-4c4c-af2c-0aed88b8729a: addNew group-5348966E829B:[b8c05ba5-ed49-4c4c-af2c-0aed88b8729a|rpc:10.1.0.33:45611|priority:1] returns group-5348966E829B:java.util.concurrent.CompletableFuture@75539a1e[Not completed]
2022-07-12 20:44:58,832 [pool-410-thread-1] INFO  server.RaftServer$Division (RaftServerImpl.java:<init>(190)) - b8c05ba5-ed49-4c4c-af2c-0aed88b8729a: new RaftServerImpl for group-5348966E829B:[b8c05ba5-ed49-4c4c-af2c-0aed88b8729a|rpc:10.1.0.33:45611|priority:1] with ContainerStateMachine:uninitialized
2022-07-12 20:44:58,832 [pool-410-thread-1] INFO  server.RaftServerConfigKeys (ConfUtils.java:logGet(46)) - raft.server.rpc.timeout.min = 5s (custom)
2022-07-12 20:44:58,832 [pool-410-thread-1] INFO  server.RaftServerConfigKeys (ConfUtils.java:logGet(46)) - raft.server.rpc.timeout.max = 5200ms (custom)
2022-07-12 20:44:58,832 [pool-410-thread-1] INFO  server.RaftServerConfigKeys (ConfUtils.java:logGet(46)) - raft.server.rpc.sleep.time = 25ms (default)
2022-07-12 20:44:58,832 [pool-410-thread-1] INFO  server.RaftServerConfigKeys (ConfUtils.java:logGet(46)) - raft.server.rpc.slowness.timeout = 300s (custom)
2022-07-12 20:44:58,832 [pool-410-thread-1] INFO  server.RaftServerConfigKeys (ConfUtils.java:logGet(46)) - raft.server.leaderelection.leader.step-down.wait-time = 10s (default)
2022-07-12 20:44:58,832 [pool-410-thread-1] INFO  server.RaftServerConfigKeys (ConfUtils.java:logGet(46)) - raft.server.sleep.deviation.threshold = 300ms (default)
2022-07-12 20:44:58,832 [pool-410-thread-1] INFO  server.RaftServer$Division (ServerState.java:<init>(107)) - b8c05ba5-ed49-4c4c-af2c-0aed88b8729a@group-5348966E829B: ConfigurationManager, init=-1: [b8c05ba5-ed49-4c4c-af2c-0aed88b8729a|rpc:10.1.0.33:45611|priority:1], old=null, confs=<EMPTY_MAP>
2022-07-12 20:44:58,832 [pool-410-thread-1] INFO  server.RaftServerConfigKeys (ConfUtils.java:logGet(46)) - raft.server.storage.dir = [/home/runner/work/ozone/ozone/hadoop-ozone/integration-test/target/test-dir/MiniOzoneClusterImpl-aeab48a2-5f28-437b-866d-5cf3b392f170/datanode-2/data/ratis] (custom)
2022-07-12 20:44:58,832 [pool-410-thread-1] INFO  server.RaftServerConfigKeys (ConfUtils.java:logGet(46)) - raft.server.log.corruption.policy = EXCEPTION (default)
2022-07-12 20:44:58,832 [pool-410-thread-1] INFO  server.RaftServerConfigKeys (ConfUtils.java:logGet(46)) - raft.server.storage.free-space.min = 0MB (=0) (default)
2022-07-12 20:44:58,833 [pool-410-thread-1] INFO  storage.RaftStorageDirectory (RaftStorageDirectoryImpl.java:analyzeStorage(135)) - The storage directory /home/runner/work/ozone/ozone/hadoop-ozone/integration-test/target/test-dir/MiniOzoneClusterImpl-aeab48a2-5f28-437b-866d-5cf3b392f170/datanode-2/data/ratis/2a108650-a21b-4a00-bfd5-5348966e829b does not exist. Creating ...
2022-07-12 20:44:58,838 [pool-410-thread-1] INFO  storage.RaftStorageDirectory (RaftStorageDirectoryImpl.java:tryLock(230)) - Lock on /home/runner/work/ozone/ozone/hadoop-ozone/integration-test/target/test-dir/MiniOzoneClusterImpl-aeab48a2-5f28-437b-866d-5cf3b392f170/datanode-2/data/ratis/2a108650-a21b-4a00-bfd5-5348966e829b/in_use.lock acquired by nodename 3147@fv-az29-983
2022-07-12 20:44:58,839 [pool-410-thread-1] INFO  storage.RaftStorage (RaftStorageImpl.java:format(89)) - Storage directory /home/runner/work/ozone/ozone/hadoop-ozone/integration-test/target/test-dir/MiniOzoneClusterImpl-aeab48a2-5f28-437b-866d-5cf3b392f170/datanode-2/data/ratis/2a108650-a21b-4a00-bfd5-5348966e829b has been successfully formatted.
2022-07-12 20:44:58,841 [EventQueue-PipelineReportForPipelineReportHandler] INFO  pipeline.PipelineManagerImpl (PipelineManagerImpl.java:openPipeline(359)) - Pipeline Pipeline[ Id: 2a108650-a21b-4a00-bfd5-5348966e829b, Nodes: b8c05ba5-ed49-4c4c-af2c-0aed88b8729a{ip: 10.1.0.33, host: fv-az29-983.0gf2enmb5avurc1gjtxldx4mnh.bx.internal.cloudapp.net, ports: [REPLICATION=43411, RATIS=45611, RATIS_ADMIN=45611, RATIS_SERVER=45611, STANDALONE=37309], networkLocation: /default-rack, certSerialId: null, persistedOpState: IN_SERVICE, persistedOpStateExpiryEpochSec: 0}, ReplicationConfig: RATIS/ONE, State:ALLOCATED, leaderId:b8c05ba5-ed49-4c4c-af2c-0aed88b8729a, CreationTimestamp2022-07-12T20:44:55.835Z[Etc/UTC]] moved to OPEN state
2022-07-12 20:44:58,842 [EventQueue-OpenPipelineForHealthyPipelineSafeModeRule] INFO  safemode.SCMSafeModeManager (HealthyPipelineSafeModeRule.java:process(124)) - SCM in safe mode. Healthy pipelines reported count is 0, required healthy pipeline reported count is 1
2022-07-12 20:44:58,842 [pool-410-thread-1] INFO  ratis.ContainerStateMachine (ContainerStateMachine.java:loadSnapshot(236)) - group-5348966E829B: The snapshot info is null. Setting the last applied indexto:(t:0, i:~)
2022-07-12 20:44:58,842 [pool-410-thread-1] INFO  server.RaftServerConfigKeys (ConfUtils.java:logGet(46)) - raft.server.notification.no-leader.timeout = 300s (custom)
2022-07-12 20:44:58,842 [pool-410-thread-1] INFO  server.RaftServerConfigKeys (ConfUtils.java:logGet(46)) - raft.server.log.use.memory = false (default)
2022-07-12 20:44:58,842 [pool-410-thread-1] INFO  server.RaftServerConfigKeys (ConfUtils.java:logGet(46)) - raft.server.log.purge.gap = 1000000 (custom)
2022-07-12 20:44:58,842 [pool-410-thread-1] INFO  server.RaftServerConfigKeys (ConfUtils.java:logGet(46)) - raft.server.log.appender.buffer.byte-limit = 33554432 (custom)
2022-07-12 20:44:58,842 [pool-410-thread-1] INFO  server.RaftServerConfigKeys (ConfUtils.java:logGet(46)) - raft.server.log.statemachine.data.read.timeout = 1000ms (default)
2022-07-12 20:44:58,845 [pool-410-thread-1] INFO  server.RaftServerConfigKeys (ConfUtils.java:logGet(46)) - raft.server.log.segment.size.max = 1048576 (custom)
2022-07-12 20:44:58,845 [pool-410-thread-1] INFO  server.RaftServerConfigKeys (ConfUtils.java:logGet(46)) - raft.server.log.segment.cache.num.max = 2 (custom)
2022-07-12 20:44:58,845 [pool-410-thread-1] INFO  server.RaftServerConfigKeys (ConfUtils.java:logGet(46)) - raft.server.log.segment.cache.size.max = 200MB (=209715200) (default)
2022-07-12 20:44:58,845 [pool-410-thread-1] INFO  segmented.SegmentedRaftLogWorker (SegmentedRaftLogWorker.java:<init>(187)) - new b8c05ba5-ed49-4c4c-af2c-0aed88b8729a@group-5348966E829B-SegmentedRaftLogWorker for RaftStorageImpl:Storage Directory /home/runner/work/ozone/ozone/hadoop-ozone/integration-test/target/test-dir/MiniOzoneClusterImpl-aeab48a2-5f28-437b-866d-5cf3b392f170/datanode-2/data/ratis/2a108650-a21b-4a00-bfd5-5348966e829b
2022-07-12 20:44:58,845 [pool-410-thread-1] INFO  server.RaftServerConfigKeys (ConfUtils.java:logGet(46)) - raft.server.log.queue.byte-limit = 4294967296 (custom)
2022-07-12 20:44:58,845 [pool-410-thread-1] INFO  server.RaftServerConfigKeys (ConfUtils.java:logGet(46)) - raft.server.log.queue.element-limit = 1024 (custom)
2022-07-12 20:44:58,845 [pool-410-thread-1] INFO  server.RaftServerConfigKeys (ConfUtils.java:logGet(46)) - raft.server.log.segment.size.max = 1048576 (custom)
2022-07-12 20:44:58,845 [pool-410-thread-1] INFO  server.RaftServerConfigKeys (ConfUtils.java:logGet(46)) - raft.server.log.preallocated.size = 16384 (custom)
2022-07-12 20:44:58,845 [pool-410-thread-1] INFO  server.RaftServerConfigKeys (ConfUtils.java:logGet(46)) - raft.server.log.force.sync.num = 128 (default)
2022-07-12 20:44:58,845 [pool-410-thread-1] INFO  server.RaftServerConfigKeys (ConfUtils.java:logGet(46)) - raft.server.log.statemachine.data.sync = true (default)
2022-07-12 20:44:58,846 [pool-410-thread-1] INFO  server.RaftServerConfigKeys (ConfUtils.java:logGet(46)) - raft.server.log.statemachine.data.sync.timeout = 10s (default)
2022-07-12 20:44:58,846 [pool-410-thread-1] INFO  server.RaftServerConfigKeys (ConfUtils.java:logGet(46)) - raft.server.log.statemachine.data.sync.timeout.retry = -1 (default)
2022-07-12 20:44:58,846 [pool-410-thread-1] INFO  server.RaftServerConfigKeys (ConfUtils.java:logGet(46)) - raft.server.log.write.buffer.size = 1048576 (custom)
2022-07-12 20:44:58,851 [pool-410-thread-1] INFO  server.RaftServerConfigKeys (ConfUtils.java:logGet(46)) - raft.server.log.unsafe-flush.enabled = false (default)
2022-07-12 20:44:58,851 [pool-410-thread-1] INFO  server.RaftServerConfigKeys (ConfUtils.java:logGet(46)) - raft.server.log.statemachine.data.caching.enabled = true (custom)
2022-07-12 20:44:58,851 [pool-410-thread-1] INFO  segmented.SegmentedRaftLogWorker (SegmentedRaftLogWorker.java:lambda$new$0(135)) - b8c05ba5-ed49-4c4c-af2c-0aed88b8729a@group-5348966E829B-SegmentedRaftLogWorker: flushIndex: setUnconditionally 0 -> -1
2022-07-12 20:44:58,851 [pool-410-thread-1] INFO  segmented.SegmentedRaftLogWorker (SegmentedRaftLogWorker.java:lambda$new$0(135)) - b8c05ba5-ed49-4c4c-af2c-0aed88b8729a@group-5348966E829B-SegmentedRaftLogWorker: safeCacheEvictIndex: setUnconditionally 0 -> -1
2022-07-12 20:44:58,858 [pool-410-thread-1] INFO  server.RaftServerConfigKeys (ConfUtils.java:logGet(46)) - raft.server.snapshot.auto.trigger.enabled = true (custom)
2022-07-12 20:44:58,858 [pool-410-thread-1] INFO  server.RaftServerConfigKeys (ConfUtils.java:logGet(46)) - raft.server.snapshot.auto.trigger.threshold = 10000 (custom)
2022-07-12 20:44:58,858 [pool-410-thread-1] INFO  server.RaftServerConfigKeys (ConfUtils.java:logGet(46)) - raft.server.snapshot.retention.file.num = 5 (custom)
2022-07-12 20:44:58,858 [pool-410-thread-1] INFO  server.RaftServerConfigKeys (ConfUtils.java:logGet(46)) - raft.server.log.purge.upto.snapshot.index = false (default)
2022-07-12 20:44:58,858 [pool-410-thread-1] INFO  server.RaftServerConfigKeys (ConfUtils.java:logGet(46)) - raft.server.retrycache.expirytime = 600000ms (custom)
2022-07-12 20:44:58,858 [pool-410-thread-1] INFO  server.RaftServerConfigKeys (ConfUtils.java:logGet(46)) - raft.server.retrycache.statistics.expirytime = 100μs (default)
2022-07-12 20:44:58,859 [pool-410-thread-1] INFO  server.RaftServerConfigKeys (ConfUtils.java:logGet(46)) - raft.server.log.appender.install.snapshot.enabled = false (custom)
2022-07-12 20:44:58,859 [pool-410-thread-1] INFO  server.RaftServerConfigKeys (ConfUtils.java:logGet(46)) - raft.server.threadpool.server.cached = true (default)
2022-07-12 20:44:58,860 [pool-410-thread-1] INFO  server.RaftServerConfigKeys (ConfUtils.java:logGet(46)) - raft.server.threadpool.server.size = 0 (default)
2022-07-12 20:44:58,860 [pool-410-thread-1] INFO  server.RaftServerConfigKeys (ConfUtils.java:logGet(46)) - raft.server.threadpool.client.cached = true (default)
2022-07-12 20:44:58,860 [pool-410-thread-1] INFO  server.RaftServerConfigKeys (ConfUtils.java:logGet(46)) - raft.server.threadpool.client.size = 0 (default)
2022-07-12 20:44:58,860 [pool-410-thread-1] INFO  server.RaftServer$Division (RaftServerImpl.java:start(310)) - b8c05ba5-ed49-4c4c-af2c-0aed88b8729a@group-5348966E829B: start as a follower, conf=-1: [b8c05ba5-ed49-4c4c-af2c-0aed88b8729a|rpc:10.1.0.33:45611|priority:1], old=null
2022-07-12 20:44:58,860 [pool-410-thread-1] INFO  server.RaftServer$Division (RaftServerImpl.java:setRole(299)) - b8c05ba5-ed49-4c4c-af2c-0aed88b8729a@group-5348966E829B: changes role from      null to FOLLOWER at term 0 for startAsFollower
2022-07-12 20:44:58,860 [pool-410-thread-1] INFO  impl.RoleInfo (RoleInfo.java:updateAndGet(139)) - b8c05ba5-ed49-4c4c-af2c-0aed88b8729a: start b8c05ba5-ed49-4c4c-af2c-0aed88b8729a@group-5348966E829B-FollowerState
2022-07-12 20:44:58,868 [pool-410-thread-1] INFO  util.JmxRegister (JmxRegister.java:tryRegister(44)) - Successfully registered JMX Bean with object name Ratis:service=RaftServer,group=group-5348966E829B,id=b8c05ba5-ed49-4c4c-af2c-0aed88b8729a
2022-07-12 20:44:58,879 [Command processor thread] INFO  ratis.XceiverServerRatis (XceiverServerRatis.java:addGroup(765)) - Created group PipelineID=2a108650-a21b-4a00-bfd5-5348966e829b
2022-07-12 20:44:58,879 [Command processor thread] INFO  commandhandler.CreatePipelineCommandHandler (CreatePipelineCommandHandler.java:handle(113)) - Created Pipeline RATIS ONE PipelineID=2a108650-a21b-4a00-bfd5-5348966e829b.
2022-07-12 20:44:59,791 [Listener at 127.0.0.1/40525] INFO  ozone.MiniOzoneClusterImpl (MiniOzoneClusterImpl.java:lambda$waitForClusterToBeReady$0(223)) - Nodes are ready. Got 3 of 3 DN Heartbeats.
2022-07-12 20:44:59,791 [Listener at 127.0.0.1/40525] INFO  ozone.MiniOzoneClusterImpl (MiniOzoneClusterImpl.java:lambda$waitForClusterToBeReady$0(226)) - Waiting for cluster to exit safe mode
2022-07-12 20:44:59,791 [Listener at 127.0.0.1/40525] INFO  ozone.MiniOzoneClusterImpl (MiniOzoneClusterImpl.java:lambda$waitForClusterToBeReady$0(228)) - SCM became leader
2022-07-12 20:45:00,795 [Listener at 127.0.0.1/40525] INFO  ozone.MiniOzoneClusterImpl (MiniOzoneClusterImpl.java:lambda$waitForClusterToBeReady$0(223)) - Nodes are ready. Got 3 of 3 DN Heartbeats.
2022-07-12 20:45:00,795 [Listener at 127.0.0.1/40525] INFO  ozone.MiniOzoneClusterImpl (MiniOzoneClusterImpl.java:lambda$waitForClusterToBeReady$0(226)) - Waiting for cluster to exit safe mode
2022-07-12 20:45:00,795 [Listener at 127.0.0.1/40525] INFO  ozone.MiniOzoneClusterImpl (MiniOzoneClusterImpl.java:lambda$waitForClusterToBeReady$0(228)) - SCM became leader
2022-07-12 20:45:01,795 [Listener at 127.0.0.1/40525] INFO  ozone.MiniOzoneClusterImpl (MiniOzoneClusterImpl.java:lambda$waitForClusterToBeReady$0(223)) - Nodes are ready. Got 3 of 3 DN Heartbeats.
2022-07-12 20:45:01,795 [Listener at 127.0.0.1/40525] INFO  ozone.MiniOzoneClusterImpl (MiniOzoneClusterImpl.java:lambda$waitForClusterToBeReady$0(226)) - Waiting for cluster to exit safe mode
2022-07-12 20:45:01,795 [Listener at 127.0.0.1/40525] INFO  ozone.MiniOzoneClusterImpl (MiniOzoneClusterImpl.java:lambda$waitForClusterToBeReady$0(228)) - SCM became leader
2022-07-12 20:45:01,952 [37ba2259-f62f-4da5-8096-df445136afb3@group-193BAC8A2E71-FollowerState] INFO  impl.FollowerState (FollowerState.java:run(143)) - 37ba2259-f62f-4da5-8096-df445136afb3@group-193BAC8A2E71-FollowerState: change to CANDIDATE, lastRpcElapsedTime:5044043193ns, electionTimeout:5041ms
2022-07-12 20:45:01,953 [37ba2259-f62f-4da5-8096-df445136afb3@group-193BAC8A2E71-FollowerState] INFO  impl.RoleInfo (RoleInfo.java:shutdownFollowerState(110)) - 37ba2259-f62f-4da5-8096-df445136afb3: shutdown 37ba2259-f62f-4da5-8096-df445136afb3@group-193BAC8A2E71-FollowerState
2022-07-12 20:45:01,953 [37ba2259-f62f-4da5-8096-df445136afb3@group-193BAC8A2E71-FollowerState] INFO  server.RaftServer$Division (RaftServerImpl.java:setRole(299)) - 37ba2259-f62f-4da5-8096-df445136afb3@group-193BAC8A2E71: changes role from  FOLLOWER to CANDIDATE at term 0 for changeToCandidate
2022-07-12 20:45:01,953 [37ba2259-f62f-4da5-8096-df445136afb3@group-193BAC8A2E71-FollowerState] INFO  server.RaftServerConfigKeys (ConfUtils.java:logGet(46)) - raft.server.leaderelection.pre-vote = false (custom)
2022-07-12 20:45:01,953 [37ba2259-f62f-4da5-8096-df445136afb3@group-193BAC8A2E71-FollowerState] INFO  impl.RoleInfo (RoleInfo.java:updateAndGet(139)) - 37ba2259-f62f-4da5-8096-df445136afb3: start 37ba2259-f62f-4da5-8096-df445136afb3@group-193BAC8A2E71-LeaderElection31
2022-07-12 20:45:01,973 [37ba2259-f62f-4da5-8096-df445136afb3@group-D7B9C1345FC2-FollowerState] INFO  impl.FollowerState (FollowerState.java:run(143)) - 37ba2259-f62f-4da5-8096-df445136afb3@group-D7B9C1345FC2-FollowerState: change to CANDIDATE, lastRpcElapsedTime:5112403583ns, electionTimeout:5093ms
2022-07-12 20:45:01,973 [37ba2259-f62f-4da5-8096-df445136afb3@group-D7B9C1345FC2-FollowerState] INFO  impl.RoleInfo (RoleInfo.java:shutdownFollowerState(110)) - 37ba2259-f62f-4da5-8096-df445136afb3: shutdown 37ba2259-f62f-4da5-8096-df445136afb3@group-D7B9C1345FC2-FollowerState
2022-07-12 20:45:01,973 [37ba2259-f62f-4da5-8096-df445136afb3@group-D7B9C1345FC2-FollowerState] INFO  server.RaftServer$Division (RaftServerImpl.java:setRole(299)) - 37ba2259-f62f-4da5-8096-df445136afb3@group-D7B9C1345FC2: changes role from  FOLLOWER to CANDIDATE at term 0 for changeToCandidate
2022-07-12 20:45:01,974 [37ba2259-f62f-4da5-8096-df445136afb3@group-D7B9C1345FC2-FollowerState] INFO  server.RaftServerConfigKeys (ConfUtils.java:logGet(46)) - raft.server.leaderelection.pre-vote = false (custom)
2022-07-12 20:45:01,974 [37ba2259-f62f-4da5-8096-df445136afb3@group-D7B9C1345FC2-FollowerState] INFO  impl.RoleInfo (RoleInfo.java:updateAndGet(139)) - 37ba2259-f62f-4da5-8096-df445136afb3: start 37ba2259-f62f-4da5-8096-df445136afb3@group-D7B9C1345FC2-LeaderElection32
2022-07-12 20:45:02,009 [37ba2259-f62f-4da5-8096-df445136afb3@group-193BAC8A2E71-LeaderElection31] INFO  impl.LeaderElection (LeaderElection.java:askForVotes(310)) - 37ba2259-f62f-4da5-8096-df445136afb3@group-193BAC8A2E71-LeaderElection31 ELECTION round 0: submit vote requests at term 1 for -1: [2d715fdb-e2dd-4eac-b511-b6b0580c42a8|rpc:10.1.0.33:38953|priority:0, 37ba2259-f62f-4da5-8096-df445136afb3|rpc:10.1.0.33:36015|priority:0, b8c05ba5-ed49-4c4c-af2c-0aed88b8729a|rpc:10.1.0.33:45611|priority:1], old=null
2022-07-12 20:45:02,036 [37ba2259-f62f-4da5-8096-df445136afb3@group-D7B9C1345FC2-LeaderElection32] INFO  impl.LeaderElection (LeaderElection.java:askForVotes(310)) - 37ba2259-f62f-4da5-8096-df445136afb3@group-D7B9C1345FC2-LeaderElection32 ELECTION round 0: submit vote requests at term 1 for -1: [37ba2259-f62f-4da5-8096-df445136afb3|rpc:10.1.0.33:36015|priority:1], old=null
2022-07-12 20:45:02,036 [37ba2259-f62f-4da5-8096-df445136afb3@group-D7B9C1345FC2-LeaderElection32] INFO  impl.LeaderElection (LeaderElection.java:askForVotes(312)) - 37ba2259-f62f-4da5-8096-df445136afb3@group-D7B9C1345FC2-LeaderElection32 ELECTION round 0: result PASSED (term=1)
2022-07-12 20:45:02,036 [37ba2259-f62f-4da5-8096-df445136afb3@group-D7B9C1345FC2-LeaderElection32] INFO  impl.RoleInfo (RoleInfo.java:shutdownLeaderElection(130)) - 37ba2259-f62f-4da5-8096-df445136afb3: shutdown 37ba2259-f62f-4da5-8096-df445136afb3@group-D7B9C1345FC2-LeaderElection32
2022-07-12 20:45:02,036 [37ba2259-f62f-4da5-8096-df445136afb3@group-D7B9C1345FC2-LeaderElection32] INFO  server.RaftServer$Division (RaftServerImpl.java:setRole(299)) - 37ba2259-f62f-4da5-8096-df445136afb3@group-D7B9C1345FC2: changes role from CANDIDATE to LEADER at term 1 for changeToLeader
2022-07-12 20:45:02,036 [37ba2259-f62f-4da5-8096-df445136afb3@group-D7B9C1345FC2-LeaderElection32] INFO  ratis.XceiverServerRatis (XceiverServerRatis.java:handleLeaderChangedNotification(863)) - Leader change notification received for group: group-D7B9C1345FC2 with new leaderId: 37ba2259-f62f-4da5-8096-df445136afb3
2022-07-12 20:45:02,037 [37ba2259-f62f-4da5-8096-df445136afb3@group-D7B9C1345FC2-LeaderElection32] INFO  server.RaftServer$Division (ServerState.java:setLeader(287)) - 37ba2259-f62f-4da5-8096-df445136afb3@group-D7B9C1345FC2: change Leader from null to 37ba2259-f62f-4da5-8096-df445136afb3 at term 1 for becomeLeader, leader elected after 5180ms
2022-07-12 20:45:02,037 [37ba2259-f62f-4da5-8096-df445136afb3@group-D7B9C1345FC2-LeaderElection32] INFO  server.RaftServerConfigKeys (ConfUtils.java:logGet(46)) - raft.server.staging.catchup.gap = 1000 (default)
2022-07-12 20:45:02,037 [37ba2259-f62f-4da5-8096-df445136afb3@group-D7B9C1345FC2-LeaderElection32] INFO  server.RaftServerConfigKeys (ConfUtils.java:logGet(46)) - raft.server.write.element-limit = 1024 (custom)
2022-07-12 20:45:02,037 [37ba2259-f62f-4da5-8096-df445136afb3@group-D7B9C1345FC2-LeaderElection32] INFO  server.RaftServerConfigKeys (ConfUtils.java:logGet(46)) - raft.server.write.byte-limit = 1024 M (=1073741824) (custom)
2022-07-12 20:45:02,037 [37ba2259-f62f-4da5-8096-df445136afb3@group-D7B9C1345FC2-LeaderElection32] INFO  server.RaftServerConfigKeys (ConfUtils.java:logGet(46)) - raft.server.watch.timeout = 180s (custom)
2022-07-12 20:45:02,037 [37ba2259-f62f-4da5-8096-df445136afb3@group-D7B9C1345FC2-LeaderElection32] INFO  server.RaftServerConfigKeys (ConfUtils.java:logGet(46)) - raft.server.watch.timeout.denomination = 1s (default)
2022-07-12 20:45:02,037 [37ba2259-f62f-4da5-8096-df445136afb3@group-D7B9C1345FC2-LeaderElection32] INFO  server.RaftServerConfigKeys (ConfUtils.java:logGet(46)) - raft.server.watch.element-limit = 65536 (default)
2022-07-12 20:45:02,037 [37ba2259-f62f-4da5-8096-df445136afb3@group-D7B9C1345FC2-LeaderElection32] INFO  server.RaftServerConfigKeys (ConfUtils.java:logGet(46)) - raft.server.write.element-limit = 1024 (custom)
2022-07-12 20:45:02,037 [37ba2259-f62f-4da5-8096-df445136afb3@group-D7B9C1345FC2-LeaderElection32] INFO  server.RaftServerConfigKeys (ConfUtils.java:logGet(46)) - raft.server.write.follower.gap.ratio.max = -1.0 (default)
2022-07-12 20:45:02,037 [37ba2259-f62f-4da5-8096-df445136afb3@group-D7B9C1345FC2-LeaderElection32] INFO  impl.RoleInfo (RoleInfo.java:updateAndGet(139)) - 37ba2259-f62f-4da5-8096-df445136afb3: start 37ba2259-f62f-4da5-8096-df445136afb3@group-D7B9C1345FC2-LeaderStateImpl
2022-07-12 20:45:02,038 [37ba2259-f62f-4da5-8096-df445136afb3@group-D7B9C1345FC2-LeaderElection32] INFO  segmented.SegmentedRaftLogWorker (SegmentedRaftLogWorker.java:startLogSegment(425)) - 37ba2259-f62f-4da5-8096-df445136afb3@group-D7B9C1345FC2-SegmentedRaftLogWorker: Starting segment from index:0
2022-07-12 20:45:02,039 [37ba2259-f62f-4da5-8096-df445136afb3@group-D7B9C1345FC2-SegmentedRaftLogWorker] INFO  segmented.SegmentedRaftLogWorker (SegmentedRaftLogWorker.java:execute(629)) - 37ba2259-f62f-4da5-8096-df445136afb3@group-D7B9C1345FC2-SegmentedRaftLogWorker: created new log segment /home/runner/work/ozone/ozone/hadoop-ozone/integration-test/target/test-dir/MiniOzoneClusterImpl-aeab48a2-5f28-437b-866d-5cf3b392f170/datanode-0/data/ratis/5346853e-a0f1-49eb-bb5f-d7b9c1345fc2/current/log_inprogress_0
2022-07-12 20:45:02,039 [EventQueue-OpenPipelineForHealthyPipelineSafeModeRule] INFO  safemode.SCMSafeModeManager (HealthyPipelineSafeModeRule.java:process(124)) - SCM in safe mode. Healthy pipelines reported count is 0, required healthy pipeline reported count is 1
2022-07-12 20:45:02,051 [37ba2259-f62f-4da5-8096-df445136afb3@group-D7B9C1345FC2-LeaderElection32] INFO  server.RaftServer$Division (ServerState.java:setRaftConf(393)) - 37ba2259-f62f-4da5-8096-df445136afb3@group-D7B9C1345FC2: set configuration 0: [37ba2259-f62f-4da5-8096-df445136afb3|rpc:10.1.0.33:36015|dataStream:|priority:1], old=null
2022-07-12 20:45:02,102 [grpc-default-executor-0] INFO  server.RaftServer$Division (RaftServerImpl.java:requestVote(1152)) - 2d715fdb-e2dd-4eac-b511-b6b0580c42a8@group-193BAC8A2E71: receive requestVote(ELECTION, 37ba2259-f62f-4da5-8096-df445136afb3, group-193BAC8A2E71, 1, (t:0, i:0))
2022-07-12 20:45:02,102 [grpc-default-executor-0] INFO  impl.VoteContext (VoteContext.java:log(48)) - 2d715fdb-e2dd-4eac-b511-b6b0580c42a8@group-193BAC8A2E71-FOLLOWER: accept ELECTION from 37ba2259-f62f-4da5-8096-df445136afb3: our priority 0 <= candidate's priority 0
2022-07-12 20:45:02,102 [grpc-default-executor-0] INFO  server.RaftServer$Division (RaftServerImpl.java:setRole(299)) - 2d715fdb-e2dd-4eac-b511-b6b0580c42a8@group-193BAC8A2E71: changes role from  FOLLOWER to FOLLOWER at term 1 for candidate:37ba2259-f62f-4da5-8096-df445136afb3
2022-07-12 20:45:02,102 [grpc-default-executor-0] INFO  impl.RoleInfo (RoleInfo.java:shutdownFollowerState(110)) - 2d715fdb-e2dd-4eac-b511-b6b0580c42a8: shutdown 2d715fdb-e2dd-4eac-b511-b6b0580c42a8@group-193BAC8A2E71-FollowerState
2022-07-12 20:45:02,102 [grpc-default-executor-0] INFO  impl.RoleInfo (RoleInfo.java:updateAndGet(139)) - 2d715fdb-e2dd-4eac-b511-b6b0580c42a8: start 2d715fdb-e2dd-4eac-b511-b6b0580c42a8@group-193BAC8A2E71-FollowerState
2022-07-12 20:45:02,102 [2d715fdb-e2dd-4eac-b511-b6b0580c42a8@group-193BAC8A2E71-FollowerState] INFO  impl.FollowerState (FollowerState.java:run(152)) - 2d715fdb-e2dd-4eac-b511-b6b0580c42a8@group-193BAC8A2E71-FollowerState was interrupted
2022-07-12 20:45:02,115 [grpc-default-executor-0] INFO  server.RaftServer$Division (RaftServerImpl.java:requestVote(1184)) - 2d715fdb-e2dd-4eac-b511-b6b0580c42a8@group-193BAC8A2E71 replies to ELECTION vote request: 37ba2259-f62f-4da5-8096-df445136afb3<-2d715fdb-e2dd-4eac-b511-b6b0580c42a8#0:OK-t1. Peer's state: 2d715fdb-e2dd-4eac-b511-b6b0580c42a8@group-193BAC8A2E71:t1, leader=null, voted=37ba2259-f62f-4da5-8096-df445136afb3, raftlog=2d715fdb-e2dd-4eac-b511-b6b0580c42a8@group-193BAC8A2E71-SegmentedRaftLog:OPENED:c-1, conf=-1: [2d715fdb-e2dd-4eac-b511-b6b0580c42a8|rpc:10.1.0.33:38953|dataStream:|priority:0, 37ba2259-f62f-4da5-8096-df445136afb3|rpc:10.1.0.33:36015|dataStream:|priority:0, b8c05ba5-ed49-4c4c-af2c-0aed88b8729a|rpc:10.1.0.33:45611|dataStream:|priority:1], old=null
2022-07-12 20:45:02,145 [grpc-default-executor-1] INFO  server.RaftServer$Division (RaftServerImpl.java:requestVote(1152)) - b8c05ba5-ed49-4c4c-af2c-0aed88b8729a@group-193BAC8A2E71: receive requestVote(ELECTION, 37ba2259-f62f-4da5-8096-df445136afb3, group-193BAC8A2E71, 1, (t:0, i:0))
2022-07-12 20:45:02,145 [grpc-default-executor-1] INFO  impl.VoteContext (VoteContext.java:log(48)) - b8c05ba5-ed49-4c4c-af2c-0aed88b8729a@group-193BAC8A2E71-FOLLOWER: reject ELECTION from 37ba2259-f62f-4da5-8096-df445136afb3: our priority 1 > candidate's priority 0
2022-07-12 20:45:02,145 [grpc-default-executor-1] INFO  server.RaftServer$Division (RaftServerImpl.java:setRole(299)) - b8c05ba5-ed49-4c4c-af2c-0aed88b8729a@group-193BAC8A2E71: changes role from  FOLLOWER to FOLLOWER at term 1 for candidate:37ba2259-f62f-4da5-8096-df445136afb3
2022-07-12 20:45:02,145 [grpc-default-executor-1] INFO  impl.RoleInfo (RoleInfo.java:shutdownFollowerState(110)) - b8c05ba5-ed49-4c4c-af2c-0aed88b8729a: shutdown b8c05ba5-ed49-4c4c-af2c-0aed88b8729a@group-193BAC8A2E71-FollowerState
2022-07-12 20:45:02,145 [grpc-default-executor-1] INFO  impl.RoleInfo (RoleInfo.java:updateAndGet(139)) - b8c05ba5-ed49-4c4c-af2c-0aed88b8729a: start b8c05ba5-ed49-4c4c-af2c-0aed88b8729a@group-193BAC8A2E71-FollowerState
2022-07-12 20:45:02,145 [b8c05ba5-ed49-4c4c-af2c-0aed88b8729a@group-193BAC8A2E71-FollowerState] INFO  impl.FollowerState (FollowerState.java:run(152)) - b8c05ba5-ed49-4c4c-af2c-0aed88b8729a@group-193BAC8A2E71-FollowerState was interrupted
2022-07-12 20:45:02,156 [grpc-default-executor-1] INFO  server.RaftServer$Division (RaftServerImpl.java:requestVote(1184)) - b8c05ba5-ed49-4c4c-af2c-0aed88b8729a@group-193BAC8A2E71 replies to ELECTION vote request: 37ba2259-f62f-4da5-8096-df445136afb3<-b8c05ba5-ed49-4c4c-af2c-0aed88b8729a#0:FAIL-t1. Peer's state: b8c05ba5-ed49-4c4c-af2c-0aed88b8729a@group-193BAC8A2E71:t1, leader=null, voted=null, raftlog=b8c05ba5-ed49-4c4c-af2c-0aed88b8729a@group-193BAC8A2E71-SegmentedRaftLog:OPENED:c-1, conf=-1: [2d715fdb-e2dd-4eac-b511-b6b0580c42a8|rpc:10.1.0.33:38953|dataStream:|priority:0, 37ba2259-f62f-4da5-8096-df445136afb3|rpc:10.1.0.33:36015|dataStream:|priority:0, b8c05ba5-ed49-4c4c-af2c-0aed88b8729a|rpc:10.1.0.33:45611|dataStream:|priority:1], old=null
2022-07-12 20:45:02,167 [37ba2259-f62f-4da5-8096-df445136afb3@group-193BAC8A2E71-LeaderElection31] INFO  impl.LeaderElection (LeaderElection.java:logAndReturn(90)) - 37ba2259-f62f-4da5-8096-df445136afb3@group-193BAC8A2E71-LeaderElection31: ELECTION REJECTED received 2 response(s) and 0 exception(s):
2022-07-12 20:45:02,167 [37ba2259-f62f-4da5-8096-df445136afb3@group-193BAC8A2E71-LeaderElection31] INFO  impl.LeaderElection (LeaderElection.java:logAndReturn(94)) -   Response 0: 37ba2259-f62f-4da5-8096-df445136afb3<-2d715fdb-e2dd-4eac-b511-b6b0580c42a8#0:OK-t1
2022-07-12 20:45:02,167 [37ba2259-f62f-4da5-8096-df445136afb3@group-193BAC8A2E71-LeaderElection31] INFO  impl.LeaderElection (LeaderElection.java:logAndReturn(94)) -   Response 1: 37ba2259-f62f-4da5-8096-df445136afb3<-b8c05ba5-ed49-4c4c-af2c-0aed88b8729a#0:FAIL-t1
2022-07-12 20:45:02,167 [37ba2259-f62f-4da5-8096-df445136afb3@group-193BAC8A2E71-LeaderElection31] INFO  impl.LeaderElection (LeaderElection.java:askForVotes(312)) - 37ba2259-f62f-4da5-8096-df445136afb3@group-193BAC8A2E71-LeaderElection31 ELECTION round 0: result REJECTED
2022-07-12 20:45:02,167 [37ba2259-f62f-4da5-8096-df445136afb3@group-193BAC8A2E71-LeaderElection31] INFO  server.RaftServer$Division (RaftServerImpl.java:setRole(299)) - 37ba2259-f62f-4da5-8096-df445136afb3@group-193BAC8A2E71: changes role from CANDIDATE to FOLLOWER at term 1 for REJECTED
2022-07-12 20:45:02,167 [37ba2259-f62f-4da5-8096-df445136afb3@group-193BAC8A2E71-LeaderElection31] INFO  impl.RoleInfo (RoleInfo.java:shutdownLeaderElection(130)) - 37ba2259-f62f-4da5-8096-df445136afb3: shutdown 37ba2259-f62f-4da5-8096-df445136afb3@group-193BAC8A2E71-LeaderElection31
2022-07-12 20:45:02,167 [37ba2259-f62f-4da5-8096-df445136afb3@group-193BAC8A2E71-LeaderElection31] INFO  impl.RoleInfo (RoleInfo.java:updateAndGet(139)) - 37ba2259-f62f-4da5-8096-df445136afb3: start 37ba2259-f62f-4da5-8096-df445136afb3@group-193BAC8A2E71-FollowerState
2022-07-12 20:45:02,378 [37ba2259-f62f-4da5-8096-df445136afb3@group-63408E39F49D-FollowerState] INFO  impl.FollowerState (FollowerState.java:run(143)) - 37ba2259-f62f-4da5-8096-df445136afb3@group-63408E39F49D-FollowerState: change to CANDIDATE, lastRpcElapsedTime:5122791337ns, electionTimeout:5115ms
2022-07-12 20:45:02,378 [37ba2259-f62f-4da5-8096-df445136afb3@group-63408E39F49D-FollowerState] INFO  impl.RoleInfo (RoleInfo.java:shutdownFollowerState(110)) - 37ba2259-f62f-4da5-8096-df445136afb3: shutdown 37ba2259-f62f-4da5-8096-df445136afb3@group-63408E39F49D-FollowerState
2022-07-12 20:45:02,378 [37ba2259-f62f-4da5-8096-df445136afb3@group-63408E39F49D-FollowerState] INFO  server.RaftServer$Division (RaftServerImpl.java:setRole(299)) - 37ba2259-f62f-4da5-8096-df445136afb3@group-63408E39F49D: changes role from  FOLLOWER to CANDIDATE at term 0 for changeToCandidate
2022-07-12 20:45:02,378 [37ba2259-f62f-4da5-8096-df445136afb3@group-63408E39F49D-FollowerState] INFO  server.RaftServerConfigKeys (ConfUtils.java:logGet(46)) - raft.server.leaderelection.pre-vote = false (custom)
2022-07-12 20:45:02,378 [37ba2259-f62f-4da5-8096-df445136afb3@group-63408E39F49D-FollowerState] INFO  impl.RoleInfo (RoleInfo.java:updateAndGet(139)) - 37ba2259-f62f-4da5-8096-df445136afb3: start 37ba2259-f62f-4da5-8096-df445136afb3@group-63408E39F49D-LeaderElection33
2022-07-12 20:45:02,409 [2d715fdb-e2dd-4eac-b511-b6b0580c42a8@group-63408E39F49D-FollowerState] INFO  impl.FollowerState (FollowerState.java:run(143)) - 2d715fdb-e2dd-4eac-b511-b6b0580c42a8@group-63408E39F49D-FollowerState: change to CANDIDATE, lastRpcElapsedTime:5021248057ns, electionTimeout:5018ms
2022-07-12 20:45:02,410 [2d715fdb-e2dd-4eac-b511-b6b0580c42a8@group-63408E39F49D-FollowerState] INFO  impl.RoleInfo (RoleInfo.java:shutdownFollowerState(110)) - 2d715fdb-e2dd-4eac-b511-b6b0580c42a8: shutdown 2d715fdb-e2dd-4eac-b511-b6b0580c42a8@group-63408E39F49D-FollowerState
2022-07-12 20:45:02,410 [2d715fdb-e2dd-4eac-b511-b6b0580c42a8@group-63408E39F49D-FollowerState] INFO  server.RaftServer$Division (RaftServerImpl.java:setRole(299)) - 2d715fdb-e2dd-4eac-b511-b6b0580c42a8@group-63408E39F49D: changes role from  FOLLOWER to CANDIDATE at term 0 for changeToCandidate
2022-07-12 20:45:02,410 [2d715fdb-e2dd-4eac-b511-b6b0580c42a8@group-63408E39F49D-FollowerState] INFO  server.RaftServerConfigKeys (ConfUtils.java:logGet(46)) - raft.server.leaderelection.pre-vote = false (custom)
2022-07-12 20:45:02,410 [2d715fdb-e2dd-4eac-b511-b6b0580c42a8@group-63408E39F49D-FollowerState] INFO  impl.RoleInfo (RoleInfo.java:updateAndGet(139)) - 2d715fdb-e2dd-4eac-b511-b6b0580c42a8: start 2d715fdb-e2dd-4eac-b511-b6b0580c42a8@group-63408E39F49D-LeaderElection34
2022-07-12 20:45:02,435 [37ba2259-f62f-4da5-8096-df445136afb3@group-63408E39F49D-LeaderElection33] INFO  impl.LeaderElection (LeaderElection.java:askForVotes(310)) - 37ba2259-f62f-4da5-8096-df445136afb3@group-63408E39F49D-LeaderElection33 ELECTION round 0: submit vote requests at term 1 for -1: [2d715fdb-e2dd-4eac-b511-b6b0580c42a8|rpc:10.1.0.33:38953|priority:0, 37ba2259-f62f-4da5-8096-df445136afb3|rpc:10.1.0.33:36015|priority:1, b8c05ba5-ed49-4c4c-af2c-0aed88b8729a|rpc:10.1.0.33:45611|priority:0], old=null
2022-07-12 20:45:02,439 [2d715fdb-e2dd-4eac-b511-b6b0580c42a8@group-63408E39F49D-LeaderElection34] INFO  impl.LeaderElection (LeaderElection.java:askForVotes(310)) - 2d715fdb-e2dd-4eac-b511-b6b0580c42a8@group-63408E39F49D-LeaderElection34 ELECTION round 0: submit vote requests at term 1 for -1: [2d715fdb-e2dd-4eac-b511-b6b0580c42a8|rpc:10.1.0.33:38953|dataStream:|priority:0, 37ba2259-f62f-4da5-8096-df445136afb3|rpc:10.1.0.33:36015|dataStream:|priority:1, b8c05ba5-ed49-4c4c-af2c-0aed88b8729a|rpc:10.1.0.33:45611|dataStream:|priority:0], old=null
2022-07-12 20:45:02,446 [grpc-default-executor-1] INFO  server.RaftServer$Division (RaftServerImpl.java:requestVote(1152)) - 2d715fdb-e2dd-4eac-b511-b6b0580c42a8@group-63408E39F49D: receive requestVote(ELECTION, 37ba2259-f62f-4da5-8096-df445136afb3, group-63408E39F49D, 1, (t:0, i:0))
2022-07-12 20:45:02,446 [grpc-default-executor-1] INFO  impl.VoteContext (VoteContext.java:log(48)) - 2d715fdb-e2dd-4eac-b511-b6b0580c42a8@group-63408E39F49D-CANDIDATE: reject ELECTION from 37ba2259-f62f-4da5-8096-df445136afb3: already has voted for 2d715fdb-e2dd-4eac-b511-b6b0580c42a8 at current term 1
2022-07-12 20:45:02,446 [grpc-default-executor-1] INFO  server.RaftServer$Division (RaftServerImpl.java:requestVote(1184)) - 2d715fdb-e2dd-4eac-b511-b6b0580c42a8@group-63408E39F49D replies to ELECTION vote request: 37ba2259-f62f-4da5-8096-df445136afb3<-2d715fdb-e2dd-4eac-b511-b6b0580c42a8#0:FAIL-t1. Peer's state: 2d715fdb-e2dd-4eac-b511-b6b0580c42a8@group-63408E39F49D:t1, leader=null, voted=2d715fdb-e2dd-4eac-b511-b6b0580c42a8, raftlog=2d715fdb-e2dd-4eac-b511-b6b0580c42a8@group-63408E39F49D-SegmentedRaftLog:OPENED:c-1, conf=-1: [2d715fdb-e2dd-4eac-b511-b6b0580c42a8|rpc:10.1.0.33:38953|dataStream:|priority:0, 37ba2259-f62f-4da5-8096-df445136afb3|rpc:10.1.0.33:36015|dataStream:|priority:1, b8c05ba5-ed49-4c4c-af2c-0aed88b8729a|rpc:10.1.0.33:45611|dataStream:|priority:0], old=null
2022-07-12 20:45:02,468 [grpc-default-executor-0] INFO  server.RaftServer$Division (RaftServerImpl.java:requestVote(1152)) - b8c05ba5-ed49-4c4c-af2c-0aed88b8729a@group-63408E39F49D: receive requestVote(ELECTION, 37ba2259-f62f-4da5-8096-df445136afb3, group-63408E39F49D, 1, (t:0, i:0))
2022-07-12 20:45:02,468 [grpc-default-executor-0] INFO  impl.VoteContext (VoteContext.java:log(48)) - b8c05ba5-ed49-4c4c-af2c-0aed88b8729a@group-63408E39F49D-FOLLOWER: accept ELECTION from 37ba2259-f62f-4da5-8096-df445136afb3: our priority 0 <= candidate's priority 1
2022-07-12 20:45:02,468 [grpc-default-executor-0] INFO  server.RaftServer$Division (RaftServerImpl.java:setRole(299)) - b8c05ba5-ed49-4c4c-af2c-0aed88b8729a@group-63408E39F49D: changes role from  FOLLOWER to FOLLOWER at term 1 for candidate:37ba2259-f62f-4da5-8096-df445136afb3
2022-07-12 20:45:02,468 [grpc-default-executor-0] INFO  impl.RoleInfo (RoleInfo.java:shutdownFollowerState(110)) - b8c05ba5-ed49-4c4c-af2c-0aed88b8729a: shutdown b8c05ba5-ed49-4c4c-af2c-0aed88b8729a@group-63408E39F49D-FollowerState
2022-07-12 20:45:02,476 [grpc-default-executor-0] INFO  impl.RoleInfo (RoleInfo.java:updateAndGet(139)) - b8c05ba5-ed49-4c4c-af2c-0aed88b8729a: start b8c05ba5-ed49-4c4c-af2c-0aed88b8729a@group-63408E39F49D-FollowerState
2022-07-12 20:45:02,476 [b8c05ba5-ed49-4c4c-af2c-0aed88b8729a@group-63408E39F49D-FollowerState] INFO  impl.FollowerState (FollowerState.java:run(152)) - b8c05ba5-ed49-4c4c-af2c-0aed88b8729a@group-63408E39F49D-FollowerState was interrupted
2022-07-12 20:45:02,478 [grpc-default-executor-0] INFO  server.RaftServer$Division (RaftServerImpl.java:requestVote(1184)) - b8c05ba5-ed49-4c4c-af2c-0aed88b8729a@group-63408E39F49D replies to ELECTION vote request: 37ba2259-f62f-4da5-8096-df445136afb3<-b8c05ba5-ed49-4c4c-af2c-0aed88b8729a#0:OK-t1. Peer's state: b8c05ba5-ed49-4c4c-af2c-0aed88b8729a@group-63408E39F49D:t1, leader=null, voted=37ba2259-f62f-4da5-8096-df445136afb3, raftlog=b8c05ba5-ed49-4c4c-af2c-0aed88b8729a@group-63408E39F49D-SegmentedRaftLog:OPENED:c-1, conf=-1: [2d715fdb-e2dd-4eac-b511-b6b0580c42a8|rpc:10.1.0.33:38953|dataStream:|priority:0, 37ba2259-f62f-4da5-8096-df445136afb3|rpc:10.1.0.33:36015|dataStream:|priority:1, b8c05ba5-ed49-4c4c-af2c-0aed88b8729a|rpc:10.1.0.33:45611|dataStream:|priority:0], old=null
2022-07-12 20:45:02,500 [37ba2259-f62f-4da5-8096-df445136afb3@group-63408E39F49D-LeaderElection33] INFO  impl.LeaderElection (LeaderElection.java:logAndReturn(90)) - 37ba2259-f62f-4da5-8096-df445136afb3@group-63408E39F49D-LeaderElection33: ELECTION PASSED received 2 response(s) and 0 exception(s):
2022-07-12 20:45:02,501 [37ba2259-f62f-4da5-8096-df445136afb3@group-63408E39F49D-LeaderElection33] INFO  impl.LeaderElection (LeaderElection.java:logAndReturn(94)) -   Response 0: 37ba2259-f62f-4da5-8096-df445136afb3<-2d715fdb-e2dd-4eac-b511-b6b0580c42a8#0:FAIL-t1
2022-07-12 20:45:02,501 [37ba2259-f62f-4da5-8096-df445136afb3@group-63408E39F49D-LeaderElection33] INFO  impl.LeaderElection (LeaderElection.java:logAndReturn(94)) -   Response 1: 37ba2259-f62f-4da5-8096-df445136afb3<-b8c05ba5-ed49-4c4c-af2c-0aed88b8729a#0:OK-t1
2022-07-12 20:45:02,501 [37ba2259-f62f-4da5-8096-df445136afb3@group-63408E39F49D-LeaderElection33] INFO  impl.LeaderElection (LeaderElection.java:askForVotes(312)) - 37ba2259-f62f-4da5-8096-df445136afb3@group-63408E39F49D-LeaderElection33 ELECTION round 0: result PASSED
2022-07-12 20:45:02,501 [37ba2259-f62f-4da5-8096-df445136afb3@group-63408E39F49D-LeaderElection33] INFO  impl.RoleInfo (RoleInfo.java:shutdownLeaderElection(130)) - 37ba2259-f62f-4da5-8096-df445136afb3: shutdown 37ba2259-f62f-4da5-8096-df445136afb3@group-63408E39F49D-LeaderElection33
2022-07-12 20:45:02,501 [37ba2259-f62f-4da5-8096-df445136afb3@group-63408E39F49D-LeaderElection33] INFO  server.RaftServer$Division (RaftServerImpl.java:setRole(299)) - 37ba2259-f62f-4da5-8096-df445136afb3@group-63408E39F49D: changes role from CANDIDATE to LEADER at term 1 for changeToLeader
2022-07-12 20:45:02,501 [37ba2259-f62f-4da5-8096-df445136afb3@group-63408E39F49D-LeaderElection33] INFO  ratis.XceiverServerRatis (XceiverServerRatis.java:handleLeaderChangedNotification(863)) - Leader change notification received for group: group-63408E39F49D with new leaderId: 37ba2259-f62f-4da5-8096-df445136afb3
2022-07-12 20:45:02,501 [37ba2259-f62f-4da5-8096-df445136afb3@group-63408E39F49D-LeaderElection33] INFO  server.RaftServer$Division (ServerState.java:setLeader(287)) - 37ba2259-f62f-4da5-8096-df445136afb3@group-63408E39F49D: change Leader from null to 37ba2259-f62f-4da5-8096-df445136afb3 at term 1 for becomeLeader, leader elected after 5270ms
2022-07-12 20:45:02,501 [37ba2259-f62f-4da5-8096-df445136afb3@group-63408E39F49D-LeaderElection33] INFO  server.RaftServerConfigKeys (ConfUtils.java:logGet(46)) - raft.server.staging.catchup.gap = 1000 (default)
2022-07-12 20:45:02,501 [37ba2259-f62f-4da5-8096-df445136afb3@group-63408E39F49D-LeaderElection33] INFO  server.RaftServerConfigKeys (ConfUtils.java:logGet(46)) - raft.server.write.element-limit = 1024 (custom)
2022-07-12 20:45:02,501 [37ba2259-f62f-4da5-8096-df445136afb3@group-63408E39F49D-LeaderElection33] INFO  server.RaftServerConfigKeys (ConfUtils.java:logGet(46)) - raft.server.write.byte-limit = 1024 M (=1073741824) (custom)
2022-07-12 20:45:02,502 [37ba2259-f62f-4da5-8096-df445136afb3@group-63408E39F49D-LeaderElection33] INFO  server.RaftServerConfigKeys (ConfUtils.java:logGet(46)) - raft.server.watch.timeout = 180s (custom)
2022-07-12 20:45:02,502 [37ba2259-f62f-4da5-8096-df445136afb3@group-63408E39F49D-LeaderElection33] INFO  server.RaftServerConfigKeys (ConfUtils.java:logGet(46)) - raft.server.watch.timeout.denomination = 1s (default)
2022-07-12 20:45:02,502 [37ba2259-f62f-4da5-8096-df445136afb3@group-63408E39F49D-LeaderElection33] INFO  server.RaftServerConfigKeys (ConfUtils.java:logGet(46)) - raft.server.watch.element-limit = 65536 (default)
2022-07-12 20:45:02,502 [37ba2259-f62f-4da5-8096-df445136afb3@group-63408E39F49D-LeaderElection33] INFO  server.RaftServerConfigKeys (ConfUtils.java:logGet(46)) - raft.server.write.element-limit = 1024 (custom)
2022-07-12 20:45:02,502 [37ba2259-f62f-4da5-8096-df445136afb3@group-63408E39F49D-LeaderElection33] INFO  server.RaftServerConfigKeys (ConfUtils.java:logGet(46)) - raft.server.write.follower.gap.ratio.max = -1.0 (default)
2022-07-12 20:45:02,502 [37ba2259-f62f-4da5-8096-df445136afb3@group-63408E39F49D-LeaderElection33] INFO  server.RaftServerConfigKeys (ConfUtils.java:logGet(46)) - raft.server.log.appender.snapshot.chunk.size.max = 16MB (=16777216) (default)
2022-07-12 20:45:02,511 [37ba2259-f62f-4da5-8096-df445136afb3@group-63408E39F49D-LeaderElection33] INFO  server.RaftServerConfigKeys (ConfUtils.java:logGet(46)) - raft.server.log.appender.buffer.byte-limit = 33554432 (custom)
2022-07-12 20:45:02,511 [37ba2259-f62f-4da5-8096-df445136afb3@group-63408E39F49D-LeaderElection33] INFO  server.RaftServerConfigKeys (ConfUtils.java:logGet(46)) - raft.server.log.appender.buffer.element-limit = 1 (custom)
2022-07-12 20:45:02,511 [37ba2259-f62f-4da5-8096-df445136afb3@group-63408E39F49D-LeaderElection33] INFO  grpc.GrpcConfigKeys (ConfUtils.java:logGet(46)) - raft.grpc.server.leader.outstanding.appends.max = 128 (default)
2022-07-12 20:45:02,511 [37ba2259-f62f-4da5-8096-df445136afb3@group-63408E39F49D-LeaderElection33] INFO  server.RaftServerConfigKeys (ConfUtils.java:logGet(46)) - raft.server.rpc.request.timeout = 60s (custom)
2022-07-12 20:45:02,511 [37ba2259-f62f-4da5-8096-df445136afb3@group-63408E39F49D-LeaderElection33] INFO  server.RaftServerConfigKeys (ConfUtils.java:logGet(46)) - raft.server.log.appender.install.snapshot.enabled = false (custom)
2022-07-12 20:45:02,512 [37ba2259-f62f-4da5-8096-df445136afb3@group-63408E39F49D-LeaderElection33] INFO  server.RaftServerConfigKeys (ConfUtils.java:logGet(46)) - raft.server.log.appender.snapshot.chunk.size.max = 16MB (=16777216) (default)
2022-07-12 20:45:02,512 [37ba2259-f62f-4da5-8096-df445136afb3@group-63408E39F49D-LeaderElection33] INFO  server.RaftServerConfigKeys (ConfUtils.java:logGet(46)) - raft.server.log.appender.buffer.byte-limit = 33554432 (custom)
2022-07-12 20:45:02,512 [37ba2259-f62f-4da5-8096-df445136afb3@group-63408E39F49D-LeaderElection33] INFO  server.RaftServerConfigKeys (ConfUtils.java:logGet(46)) - raft.server.log.appender.buffer.element-limit = 1 (custom)
2022-07-12 20:45:02,512 [37ba2259-f62f-4da5-8096-df445136afb3@group-63408E39F49D-LeaderElection33] INFO  grpc.GrpcConfigKeys (ConfUtils.java:logGet(46)) - raft.grpc.server.leader.outstanding.appends.max = 128 (default)
2022-07-12 20:45:02,512 [37ba2259-f62f-4da5-8096-df445136afb3@group-63408E39F49D-LeaderElection33] INFO  server.RaftServerConfigKeys (ConfUtils.java:logGet(46)) - raft.server.rpc.request.timeout = 60s (custom)
2022-07-12 20:45:02,512 [37ba2259-f62f-4da5-8096-df445136afb3@group-63408E39F49D-LeaderElection33] INFO  server.RaftServerConfigKeys (ConfUtils.java:logGet(46)) - raft.server.log.appender.install.snapshot.enabled = false (custom)
2022-07-12 20:45:02,513 [37ba2259-f62f-4da5-8096-df445136afb3@group-63408E39F49D-LeaderElection33] INFO  impl.RoleInfo (RoleInfo.java:updateAndGet(139)) - 37ba2259-f62f-4da5-8096-df445136afb3: start 37ba2259-f62f-4da5-8096-df445136afb3@group-63408E39F49D-LeaderStateImpl
2022-07-12 20:45:02,513 [37ba2259-f62f-4da5-8096-df445136afb3@group-63408E39F49D-LeaderElection33] INFO  segmented.SegmentedRaftLogWorker (SegmentedRaftLogWorker.java:startLogSegment(425)) - 37ba2259-f62f-4da5-8096-df445136afb3@group-63408E39F49D-SegmentedRaftLogWorker: Starting segment from index:0
2022-07-12 20:45:02,511 [grpc-default-executor-0] INFO  server.RaftServer$Division (RaftServerImpl.java:requestVote(1152)) - 37ba2259-f62f-4da5-8096-df445136afb3@group-63408E39F49D: receive requestVote(ELECTION, 2d715fdb-e2dd-4eac-b511-b6b0580c42a8, group-63408E39F49D, 1, (t:0, i:0))
2022-07-12 20:45:02,510 [EventQueue-OpenPipelineForHealthyPipelineSafeModeRule] INFO  safemode.SCMSafeModeManager (HealthyPipelineSafeModeRule.java:process(124)) - SCM in safe mode. Healthy pipelines reported count is 0, required healthy pipeline reported count is 1
2022-07-12 20:45:02,510 [EventQueue-PipelineReportForPipelineReportHandler] INFO  pipeline.PipelineManagerImpl (PipelineManagerImpl.java:openPipeline(359)) - Pipeline Pipeline[ Id: a02017be-b760-4940-a392-63408e39f49d, Nodes: b8c05ba5-ed49-4c4c-af2c-0aed88b8729a{ip: 10.1.0.33, host: fv-az29-983.0gf2enmb5avurc1gjtxldx4mnh.bx.internal.cloudapp.net, ports: [REPLICATION=43411, RATIS=45611, RATIS_ADMIN=45611, RATIS_SERVER=45611, STANDALONE=37309], networkLocation: /default-rack, certSerialId: null, persistedOpState: IN_SERVICE, persistedOpStateExpiryEpochSec: 0}37ba2259-f62f-4da5-8096-df445136afb3{ip: 10.1.0.33, host: fv-az29-983.0gf2enmb5avurc1gjtxldx4mnh.bx.internal.cloudapp.net, ports: [REPLICATION=40241, RATIS=36015, RATIS_ADMIN=36015, RATIS_SERVER=36015, STANDALONE=46595], networkLocation: /default-rack, certSerialId: null, persistedOpState: IN_SERVICE, persistedOpStateExpiryEpochSec: 0}2d715fdb-e2dd-4eac-b511-b6b0580c42a8{ip: 10.1.0.33, host: fv-az29-983.0gf2enmb5avurc1gjtxldx4mnh.bx.internal.cloudapp.net, ports: [REPLICATION=43041, RATIS=38953, RATIS_ADMIN=38953, RATIS_SERVER=38953, STANDALONE=46401], networkLocation: /default-rack, certSerialId: null, persistedOpState: IN_SERVICE, persistedOpStateExpiryEpochSec: 0}, ReplicationConfig: RATIS/THREE, State:ALLOCATED, leaderId:37ba2259-f62f-4da5-8096-df445136afb3, CreationTimestamp2022-07-12T20:44:55.837Z[Etc/UTC]] moved to OPEN state
2022-07-12 20:45:02,514 [EventQueue-OpenPipelineForHealthyPipelineSafeModeRule] INFO  safemode.SCMSafeModeManager (HealthyPipelineSafeModeRule.java:process(124)) - SCM in safe mode. Healthy pipelines reported count is 1, required healthy pipeline reported count is 1
2022-07-12 20:45:02,514 [EventQueue-OpenPipelineForHealthyPipelineSafeModeRule] INFO  safemode.SCMSafeModeManager (SCMSafeModeManager.java:validateSafeModeExitRules(204)) - HealthyPipelineSafeModeRule rule is successfully validated
2022-07-12 20:45:02,514 [EventQueue-OpenPipelineForHealthyPipelineSafeModeRule] INFO  safemode.SCMSafeModeManager (SCMSafeModeManager.java:validateSafeModeExitRules(219)) - ScmSafeModeManager, all rules are successfully validated
2022-07-12 20:45:02,514 [EventQueue-OpenPipelineForHealthyPipelineSafeModeRule] INFO  safemode.SCMSafeModeManager (SCMSafeModeManager.java:exitSafeMode(248)) - SCM exiting safe mode.
2022-07-12 20:45:02,514 [EventQueue-OpenPipelineForHealthyPipelineSafeModeRule] WARN  events.EventQueue (EventQueue.java:fireEvent(216)) - No event handler registered for event TypedEvent{payloadType=SafeModeStatus, name='Safe mode status'}
2022-07-12 20:45:02,514 [EventQueue-OpenPipelineForHealthyPipelineSafeModeRule] INFO  ha.SCMContext (SCMContext.java:updateSafeModeStatus(228)) - Update SafeModeStatus from SafeModeStatus{safeModeStatus=true, preCheckPassed=true} to SafeModeStatus{safeModeStatus=false, preCheckPassed=true}.
2022-07-12 20:45:02,514 [EventQueue-OpenPipelineForHealthyPipelineSafeModeRule] INFO  pipeline.BackgroundPipelineCreator (BackgroundPipelineCreator.java:notifyStatusChanged(253)) - Service BackgroundPipelineCreator transitions to RUNNING.
2022-07-12 20:45:02,514 [EventQueue-OpenPipelineForHealthyPipelineSafeModeRule] INFO  BackgroundPipelineScrubber (BackgroundSCMService.java:notifyStatusChanged(82)) - Service BackgroundPipelineScrubber transitions to RUNNING.
2022-07-12 20:45:02,514 [EventQueue-OpenPipelineForHealthyPipelineSafeModeRule] INFO  ExpiredContainerReplicaOpScrubber (BackgroundSCMService.java:notifyStatusChanged(82)) - Service ExpiredContainerReplicaOpScrubber transitions to RUNNING.
2022-07-12 20:45:02,514 [EventQueue-OpenPipelineForHealthyPipelineSafeModeRule] INFO  replication.ReplicationManager (ReplicationManager.java:notifyStatusChanged(495)) - Service ReplicationManager transitions to RUNNING.
2022-07-12 20:45:02,514 [EventQueue-OpenPipelineForHealthyPipelineSafeModeRule] WARN  balancer.ContainerBalancer (ContainerBalancer.java:shouldRun(894)) - Could not find persisted configuration for ContainerBalancer when checking if ContainerBalancer should run. ContainerBalancer should not run now.
2022-07-12 20:45:02,520 [grpc-default-executor-1] INFO  server.RaftServer$Division (RaftServerImpl.java:requestVote(1152)) - b8c05ba5-ed49-4c4c-af2c-0aed88b8729a@group-63408E39F49D: receive requestVote(ELECTION, 2d715fdb-e2dd-4eac-b511-b6b0580c42a8, group-63408E39F49D, 1, (t:0, i:0))
2022-07-12 20:45:02,521 [grpc-default-executor-1] INFO  impl.VoteContext (VoteContext.java:log(48)) - b8c05ba5-ed49-4c4c-af2c-0aed88b8729a@group-63408E39F49D-FOLLOWER: reject ELECTION from 2d715fdb-e2dd-4eac-b511-b6b0580c42a8: already has voted for 37ba2259-f62f-4da5-8096-df445136afb3 at current term 1
2022-07-12 20:45:02,521 [grpc-default-executor-1] INFO  server.RaftServer$Division (RaftServerImpl.java:requestVote(1184)) - b8c05ba5-ed49-4c4c-af2c-0aed88b8729a@group-63408E39F49D replies to ELECTION vote request: 2d715fdb-e2dd-4eac-b511-b6b0580c42a8<-b8c05ba5-ed49-4c4c-af2c-0aed88b8729a#0:FAIL-t1. Peer's state: b8c05ba5-ed49-4c4c-af2c-0aed88b8729a@group-63408E39F49D:t1, leader=null, voted=37ba2259-f62f-4da5-8096-df445136afb3, raftlog=b8c05ba5-ed49-4c4c-af2c-0aed88b8729a@group-63408E39F49D-SegmentedRaftLog:OPENED:c-1, conf=-1: [2d715fdb-e2dd-4eac-b511-b6b0580c42a8|rpc:10.1.0.33:38953|dataStream:|priority:0, 37ba2259-f62f-4da5-8096-df445136afb3|rpc:10.1.0.33:36015|dataStream:|priority:1, b8c05ba5-ed49-4c4c-af2c-0aed88b8729a|rpc:10.1.0.33:45611|dataStream:|priority:0], old=null
2022-07-12 20:45:02,525 [37ba2259-f62f-4da5-8096-df445136afb3@group-63408E39F49D-SegmentedRaftLogWorker] INFO  segmented.SegmentedRaftLogWorker (SegmentedRaftLogWorker.java:execute(629)) - 37ba2259-f62f-4da5-8096-df445136afb3@group-63408E39F49D-SegmentedRaftLogWorker: created new log segment /home/runner/work/ozone/ozone/hadoop-ozone/integration-test/target/test-dir/MiniOzoneClusterImpl-aeab48a2-5f28-437b-866d-5cf3b392f170/datanode-0/data/ratis/a02017be-b760-4940-a392-63408e39f49d/current/log_inprogress_0
2022-07-12 20:45:02,555 [37ba2259-f62f-4da5-8096-df445136afb3@group-63408E39F49D-LeaderElection33] INFO  server.RaftServer$Division (ServerState.java:setRaftConf(393)) - 37ba2259-f62f-4da5-8096-df445136afb3@group-63408E39F49D: set configuration 0: [2d715fdb-e2dd-4eac-b511-b6b0580c42a8|rpc:10.1.0.33:38953|dataStream:|priority:0, 37ba2259-f62f-4da5-8096-df445136afb3|rpc:10.1.0.33:36015|dataStream:|priority:1, b8c05ba5-ed49-4c4c-af2c-0aed88b8729a|rpc:10.1.0.33:45611|dataStream:|priority:0], old=null
2022-07-12 20:45:02,556 [grpc-default-executor-0] INFO  impl.VoteContext (VoteContext.java:log(48)) - 37ba2259-f62f-4da5-8096-df445136afb3@group-63408E39F49D-LEADER: reject ELECTION from 2d715fdb-e2dd-4eac-b511-b6b0580c42a8: already has voted for 37ba2259-f62f-4da5-8096-df445136afb3 at current term 1
2022-07-12 20:45:02,556 [grpc-default-executor-0] INFO  server.RaftServer$Division (RaftServerImpl.java:requestVote(1184)) - 37ba2259-f62f-4da5-8096-df445136afb3@group-63408E39F49D replies to ELECTION vote request: 2d715fdb-e2dd-4eac-b511-b6b0580c42a8<-37ba2259-f62f-4da5-8096-df445136afb3#0:FAIL-t1. Peer's state: 37ba2259-f62f-4da5-8096-df445136afb3@group-63408E39F49D:t1, leader=37ba2259-f62f-4da5-8096-df445136afb3, voted=37ba2259-f62f-4da5-8096-df445136afb3, raftlog=37ba2259-f62f-4da5-8096-df445136afb3@group-63408E39F49D-SegmentedRaftLog:OPENED:c0, conf=0: [2d715fdb-e2dd-4eac-b511-b6b0580c42a8|rpc:10.1.0.33:38953|dataStream:|priority:0, 37ba2259-f62f-4da5-8096-df445136afb3|rpc:10.1.0.33:36015|dataStream:|priority:1, b8c05ba5-ed49-4c4c-af2c-0aed88b8729a|rpc:10.1.0.33:45611|dataStream:|priority:0], old=null
2022-07-12 20:45:02,575 [2d715fdb-e2dd-4eac-b511-b6b0580c42a8-server-thread1] INFO  server.RaftServer$Division (RaftServerImpl.java:setRole(299)) - 2d715fdb-e2dd-4eac-b511-b6b0580c42a8@group-63408E39F49D: changes role from CANDIDATE to FOLLOWER at term 1 for appendEntries
2022-07-12 20:45:02,575 [2d715fdb-e2dd-4eac-b511-b6b0580c42a8-server-thread1] INFO  impl.RoleInfo (RoleInfo.java:shutdownLeaderElection(130)) - 2d715fdb-e2dd-4eac-b511-b6b0580c42a8: shutdown 2d715fdb-e2dd-4eac-b511-b6b0580c42a8@group-63408E39F49D-LeaderElection34
2022-07-12 20:45:02,575 [2d715fdb-e2dd-4eac-b511-b6b0580c42a8-server-thread1] INFO  impl.RoleInfo (RoleInfo.java:updateAndGet(139)) - 2d715fdb-e2dd-4eac-b511-b6b0580c42a8: start 2d715fdb-e2dd-4eac-b511-b6b0580c42a8@group-63408E39F49D-FollowerState
2022-07-12 20:45:02,579 [2d715fdb-e2dd-4eac-b511-b6b0580c42a8-server-thread1] INFO  ratis.XceiverServerRatis (XceiverServerRatis.java:handleLeaderChangedNotification(863)) - Leader change notification received for group: group-63408E39F49D with new leaderId: 37ba2259-f62f-4da5-8096-df445136afb3
2022-07-12 20:45:02,579 [2d715fdb-e2dd-4eac-b511-b6b0580c42a8-server-thread1] INFO  server.RaftServer$Division (ServerState.java:setLeader(287)) - 2d715fdb-e2dd-4eac-b511-b6b0580c42a8@group-63408E39F49D: change Leader from null to 37ba2259-f62f-4da5-8096-df445136afb3 at term 1 for appendEntries, leader elected after 5201ms
2022-07-12 20:45:02,592 [2d715fdb-e2dd-4eac-b511-b6b0580c42a8@group-63408E39F49D-LeaderElection34] INFO  impl.LeaderElection (LeaderElection.java:logAndReturn(90)) - 2d715fdb-e2dd-4eac-b511-b6b0580c42a8@group-63408E39F49D-LeaderElection34: ELECTION REJECTED received 2 response(s) and 0 exception(s):
2022-07-12 20:45:02,592 [2d715fdb-e2dd-4eac-b511-b6b0580c42a8@group-63408E39F49D-LeaderElection34] INFO  impl.LeaderElection (LeaderElection.java:logAndReturn(94)) -   Response 0: 2d715fdb-e2dd-4eac-b511-b6b0580c42a8<-37ba2259-f62f-4da5-8096-df445136afb3#0:FAIL-t1
2022-07-12 20:45:02,592 [2d715fdb-e2dd-4eac-b511-b6b0580c42a8@group-63408E39F49D-LeaderElection34] INFO  impl.LeaderElection (LeaderElection.java:logAndReturn(94)) -   Response 1: 2d715fdb-e2dd-4eac-b511-b6b0580c42a8<-b8c05ba5-ed49-4c4c-af2c-0aed88b8729a#0:FAIL-t1
2022-07-12 20:45:02,593 [2d715fdb-e2dd-4eac-b511-b6b0580c42a8@group-63408E39F49D-LeaderElection34] INFO  impl.LeaderElection (LeaderElection.java:askForVotes(312)) - 2d715fdb-e2dd-4eac-b511-b6b0580c42a8@group-63408E39F49D-LeaderElection34 ELECTION round 0: result REJECTED
2022-07-12 20:45:02,613 [b8c05ba5-ed49-4c4c-af2c-0aed88b8729a-server-thread1] INFO  ratis.XceiverServerRatis (XceiverServerRatis.java:handleLeaderChangedNotification(863)) - Leader change notification received for group: group-63408E39F49D with new leaderId: 37ba2259-f62f-4da5-8096-df445136afb3
2022-07-12 20:45:02,613 [b8c05ba5-ed49-4c4c-af2c-0aed88b8729a-server-thread1] INFO  server.RaftServer$Division (ServerState.java:setLeader(287)) - b8c05ba5-ed49-4c4c-af2c-0aed88b8729a@group-63408E39F49D: change Leader from null to 37ba2259-f62f-4da5-8096-df445136afb3 at term 1 for appendEntries, leader elected after 5306ms
2022-07-12 20:45:02,627 [2d715fdb-e2dd-4eac-b511-b6b0580c42a8-server-thread1] INFO  server.RaftServer$Division (ServerState.java:setRaftConf(393)) - 2d715fdb-e2dd-4eac-b511-b6b0580c42a8@group-63408E39F49D: set configuration 0: [2d715fdb-e2dd-4eac-b511-b6b0580c42a8|rpc:10.1.0.33:38953|dataStream:|priority:0, 37ba2259-f62f-4da5-8096-df445136afb3|rpc:10.1.0.33:36015|dataStream:|priority:1, b8c05ba5-ed49-4c4c-af2c-0aed88b8729a|rpc:10.1.0.33:45611|dataStream:|priority:0], old=null
2022-07-12 20:45:02,628 [2d715fdb-e2dd-4eac-b511-b6b0580c42a8-server-thread1] INFO  segmented.SegmentedRaftLogWorker (SegmentedRaftLogWorker.java:startLogSegment(425)) - 2d715fdb-e2dd-4eac-b511-b6b0580c42a8@group-63408E39F49D-SegmentedRaftLogWorker: Starting segment from index:0
2022-07-12 20:45:02,634 [2d715fdb-e2dd-4eac-b511-b6b0580c42a8@group-63408E39F49D-SegmentedRaftLogWorker] INFO  segmented.SegmentedRaftLogWorker (SegmentedRaftLogWorker.java:execute(629)) - 2d715fdb-e2dd-4eac-b511-b6b0580c42a8@group-63408E39F49D-SegmentedRaftLogWorker: created new log segment /home/runner/work/ozone/ozone/hadoop-ozone/integration-test/target/test-dir/MiniOzoneClusterImpl-aeab48a2-5f28-437b-866d-5cf3b392f170/datanode-1/data/ratis/a02017be-b760-4940-a392-63408e39f49d/current/log_inprogress_0
2022-07-12 20:45:02,671 [b8c05ba5-ed49-4c4c-af2c-0aed88b8729a-server-thread1] INFO  server.RaftServer$Division (ServerState.java:setRaftConf(393)) - b8c05ba5-ed49-4c4c-af2c-0aed88b8729a@group-63408E39F49D: set configuration 0: [2d715fdb-e2dd-4eac-b511-b6b0580c42a8|rpc:10.1.0.33:38953|dataStream:|priority:0, 37ba2259-f62f-4da5-8096-df445136afb3|rpc:10.1.0.33:36015|dataStream:|priority:1, b8c05ba5-ed49-4c4c-af2c-0aed88b8729a|rpc:10.1.0.33:45611|dataStream:|priority:0], old=null
2022-07-12 20:45:02,671 [b8c05ba5-ed49-4c4c-af2c-0aed88b8729a-server-thread1] INFO  segmented.SegmentedRaftLogWorker (SegmentedRaftLogWorker.java:startLogSegment(425)) - b8c05ba5-ed49-4c4c-af2c-0aed88b8729a@group-63408E39F49D-SegmentedRaftLogWorker: Starting segment from index:0
2022-07-12 20:45:02,673 [b8c05ba5-ed49-4c4c-af2c-0aed88b8729a@group-63408E39F49D-SegmentedRaftLogWorker] INFO  segmented.SegmentedRaftLogWorker (SegmentedRaftLogWorker.java:execute(629)) - b8c05ba5-ed49-4c4c-af2c-0aed88b8729a@group-63408E39F49D-SegmentedRaftLogWorker: created new log segment /home/runner/work/ozone/ozone/hadoop-ozone/integration-test/target/test-dir/MiniOzoneClusterImpl-aeab48a2-5f28-437b-866d-5cf3b392f170/datanode-2/data/ratis/a02017be-b760-4940-a392-63408e39f49d/current/log_inprogress_0
2022-07-12 20:45:02,796 [Listener at 127.0.0.1/40525] INFO  ozone.MiniOzoneClusterImpl (MiniOzoneClusterImpl.java:lambda$waitForClusterToBeReady$0(223)) - Nodes are ready. Got 3 of 3 DN Heartbeats.
2022-07-12 20:45:02,796 [Listener at 127.0.0.1/40525] INFO  ozone.MiniOzoneClusterImpl (MiniOzoneClusterImpl.java:lambda$waitForClusterToBeReady$0(226)) - Cluster exits safe mode
2022-07-12 20:45:02,796 [Listener at 127.0.0.1/40525] INFO  ozone.MiniOzoneClusterImpl (MiniOzoneClusterImpl.java:lambda$waitForClusterToBeReady$0(228)) - SCM became leader
]]></system-out>
    </rerunFailure>
    <rerunFailure type="java.lang.AssertionError">
      <stackTrace><![CDATA[java.lang.AssertionError
	at org.junit.Assert.fail(Assert.java:87)
	at org.junit.Assert.assertTrue(Assert.java:42)
	at org.junit.Assert.assertTrue(Assert.java:53)
	at org.apache.hadoop.hdds.scm.TestRatisPipelineLeader.testLeaderIdAfterLeaderChange(TestRatisPipelineLeader.java:119)
	at sun.reflect.NativeMethodAccessorImpl.invoke0(Native Method)
	at sun.reflect.NativeMethodAccessorImpl.invoke(NativeMethodAccessorImpl.java:62)
	at sun.reflect.DelegatingMethodAccessorImpl.invoke(DelegatingMethodAccessorImpl.java:43)
	at java.lang.reflect.Method.invoke(Method.java:498)
	at org.junit.platform.commons.util.ReflectionUtils.invokeMethod(ReflectionUtils.java:725)
	at org.junit.jupiter.engine.execution.MethodInvocation.proceed(MethodInvocation.java:60)
	at org.junit.jupiter.engine.execution.InvocationInterceptorChain$ValidatingInvocation.proceed(InvocationInterceptorChain.java:131)
	at org.junit.jupiter.engine.extension.TimeoutInvocation.proceed(TimeoutInvocation.java:46)
	at org.junit.jupiter.engine.extension.TimeoutExtension.intercept(TimeoutExtension.java:149)
	at org.junit.jupiter.engine.extension.TimeoutExtension.interceptTestableMethod(TimeoutExtension.java:140)
	at org.junit.jupiter.engine.extension.TimeoutExtension.interceptTestMethod(TimeoutExtension.java:84)
	at org.junit.jupiter.engine.execution.ExecutableInvoker$ReflectiveInterceptorCall.lambda$ofVoidMethod$0(ExecutableInvoker.java:115)
	at org.junit.jupiter.engine.execution.ExecutableInvoker.lambda$invoke$0(ExecutableInvoker.java:105)
	at org.junit.jupiter.engine.execution.InvocationInterceptorChain$InterceptedInvocation.proceed(InvocationInterceptorChain.java:106)
	at org.junit.jupiter.engine.execution.InvocationInterceptorChain.proceed(InvocationInterceptorChain.java:64)
	at org.junit.jupiter.engine.execution.InvocationInterceptorChain.chainAndInvoke(InvocationInterceptorChain.java:45)
	at org.junit.jupiter.engine.execution.InvocationInterceptorChain.invoke(InvocationInterceptorChain.java:37)
	at org.junit.jupiter.engine.execution.ExecutableInvoker.invoke(ExecutableInvoker.java:104)
	at org.junit.jupiter.engine.execution.ExecutableInvoker.invoke(ExecutableInvoker.java:98)
	at org.junit.jupiter.engine.descriptor.TestMethodTestDescriptor.lambda$invokeTestMethod$7(TestMethodTestDescriptor.java:214)
	at org.junit.platform.engine.support.hierarchical.ThrowableCollector.execute(ThrowableCollector.java:73)
	at org.junit.jupiter.engine.descriptor.TestMethodTestDescriptor.invokeTestMethod(TestMethodTestDescriptor.java:210)
	at org.junit.jupiter.engine.descriptor.TestMethodTestDescriptor.execute(TestMethodTestDescriptor.java:135)
	at org.junit.jupiter.engine.descriptor.TestMethodTestDescriptor.execute(TestMethodTestDescriptor.java:66)
	at org.junit.platform.engine.support.hierarchical.NodeTestTask.lambda$executeRecursively$6(NodeTestTask.java:151)
	at org.junit.platform.engine.support.hierarchical.ThrowableCollector.execute(ThrowableCollector.java:73)
	at org.junit.platform.engine.support.hierarchical.NodeTestTask.lambda$executeRecursively$8(NodeTestTask.java:141)
	at org.junit.platform.engine.support.hierarchical.Node.around(Node.java:137)
	at org.junit.platform.engine.support.hierarchical.NodeTestTask.lambda$executeRecursively$9(NodeTestTask.java:139)
	at org.junit.platform.engine.support.hierarchical.ThrowableCollector.execute(ThrowableCollector.java:73)
	at org.junit.platform.engine.support.hierarchical.NodeTestTask.executeRecursively(NodeTestTask.java:138)
	at org.junit.platform.engine.support.hierarchical.NodeTestTask.execute(NodeTestTask.java:95)
	at java.util.ArrayList.forEach(ArrayList.java:1259)
	at org.junit.platform.engine.support.hierarchical.SameThreadHierarchicalTestExecutorService.invokeAll(SameThreadHierarchicalTestExecutorService.java:41)
	at org.junit.platform.engine.support.hierarchical.NodeTestTask.lambda$executeRecursively$6(NodeTestTask.java:155)
	at org.junit.platform.engine.support.hierarchical.ThrowableCollector.execute(ThrowableCollector.java:73)
	at org.junit.platform.engine.support.hierarchical.NodeTestTask.lambda$executeRecursively$8(NodeTestTask.java:141)
	at org.junit.platform.engine.support.hierarchical.Node.around(Node.java:137)
	at org.junit.platform.engine.support.hierarchical.NodeTestTask.lambda$executeRecursively$9(NodeTestTask.java:139)
	at org.junit.platform.engine.support.hierarchical.ThrowableCollector.execute(ThrowableCollector.java:73)
	at org.junit.platform.engine.support.hierarchical.NodeTestTask.executeRecursively(NodeTestTask.java:138)
	at org.junit.platform.engine.support.hierarchical.NodeTestTask.execute(NodeTestTask.java:95)
	at java.util.ArrayList.forEach(ArrayList.java:1259)
	at org.junit.platform.engine.support.hierarchical.SameThreadHierarchicalTestExecutorService.invokeAll(SameThreadHierarchicalTestExecutorService.java:41)
	at org.junit.platform.engine.support.hierarchical.NodeTestTask.lambda$executeRecursively$6(NodeTestTask.java:155)
	at org.junit.platform.engine.support.hierarchical.ThrowableCollector.execute(ThrowableCollector.java:73)
	at org.junit.platform.engine.support.hierarchical.NodeTestTask.lambda$executeRecursively$8(NodeTestTask.java:141)
	at org.junit.platform.engine.support.hierarchical.Node.around(Node.java:137)
	at org.junit.platform.engine.support.hierarchical.NodeTestTask.lambda$executeRecursively$9(NodeTestTask.java:139)
	at org.junit.platform.engine.support.hierarchical.ThrowableCollector.execute(ThrowableCollector.java:73)
	at org.junit.platform.engine.support.hierarchical.NodeTestTask.executeRecursively(NodeTestTask.java:138)
	at org.junit.platform.engine.support.hierarchical.NodeTestTask.execute(NodeTestTask.java:95)
	at org.junit.platform.engine.support.hierarchical.SameThreadHierarchicalTestExecutorService.submit(SameThreadHierarchicalTestExecutorService.java:35)
	at org.junit.platform.engine.support.hierarchical.HierarchicalTestExecutor.execute(HierarchicalTestExecutor.java:57)
	at org.junit.platform.engine.support.hierarchical.HierarchicalTestEngine.execute(HierarchicalTestEngine.java:54)
	at org.junit.platform.launcher.core.EngineExecutionOrchestrator.execute(EngineExecutionOrchestrator.java:107)
	at org.junit.platform.launcher.core.EngineExecutionOrchestrator.execute(EngineExecutionOrchestrator.java:88)
	at org.junit.platform.launcher.core.EngineExecutionOrchestrator.lambda$execute$0(EngineExecutionOrchestrator.java:54)
	at org.junit.platform.launcher.core.EngineExecutionOrchestrator.withInterceptedStreams(EngineExecutionOrchestrator.java:67)
	at org.junit.platform.launcher.core.EngineExecutionOrchestrator.execute(EngineExecutionOrchestrator.java:52)
	at org.junit.platform.launcher.core.DefaultLauncher.execute(DefaultLauncher.java:114)
	at org.junit.platform.launcher.core.DefaultLauncher.execute(DefaultLauncher.java:86)
	at org.junit.platform.launcher.core.DefaultLauncherSession$DelegatingLauncher.execute(DefaultLauncherSession.java:86)
	at org.junit.platform.launcher.core.SessionPerRequestLauncher.execute(SessionPerRequestLauncher.java:53)
	at org.apache.maven.surefire.junitplatform.JUnitPlatformProvider.invokeAllTests(JUnitPlatformProvider.java:165)
	at org.apache.maven.surefire.junitplatform.JUnitPlatformProvider.invoke(JUnitPlatformProvider.java:124)
	at org.apache.maven.surefire.booter.ForkedBooter.runSuitesInProcess(ForkedBooter.java:428)
	at org.apache.maven.surefire.booter.ForkedBooter.execute(ForkedBooter.java:162)
	at org.apache.maven.surefire.booter.ForkedBooter.run(ForkedBooter.java:562)
	at org.apache.maven.surefire.booter.ForkedBooter.main(ForkedBooter.java:548)
]]></stackTrace>
      <system-out><![CDATA[2022-07-12 20:45:23,675 [Listener at 127.0.0.1/40525] WARN  server.ServerUtils (ServerUtils.java:getScmDbDir(148)) - ozone.scm.db.dirs is not configured. We recommend adding this setting. Falling back to ozone.metadata.dirs instead.
2022-07-12 20:45:23,691 [Listener at 127.0.0.1/40525] WARN  server.ServerUtils (ServerUtils.java:getScmDbDir(148)) - ozone.scm.db.dirs is not configured. We recommend adding this setting. Falling back to ozone.metadata.dirs instead.
2022-07-12 20:45:23,691 [Listener at 127.0.0.1/40525] INFO  ha.SCMHANodeDetails (SCMHANodeDetails.java:loadSCMHAConfig(209)) - ServiceID for StorageContainerManager is null
2022-07-12 20:45:23,691 [Listener at 127.0.0.1/40525] INFO  ha.SCMHANodeDetails (SCMHANodeDetails.java:loadSCMHAConfig(214)) - ozone.scm.default.service.id is not defined, falling back to ozone.scm.service.ids to find serviceID for StorageContainerManager if it is HA enabled cluster
2022-07-12 20:45:23,692 [Listener at 127.0.0.1/40525] WARN  utils.HAUtils (HAUtils.java:getMetaDir(342)) - ozone.scm.db.dirs is not configured. We recommend adding this setting. Falling back to ozone.metadata.dirs instead.
2022-07-12 20:45:23,695 [Listener at 127.0.0.1/40525] WARN  db.DBStoreBuilder (DBStoreBuilder.java:applyDBDefinition(145)) - ozone.scm.db.dirs is not configured. We recommend adding this setting. Falling back to ozone.metadata.dirs instead.
2022-07-12 20:45:24,096 [Listener at 127.0.0.1/40525] INFO  net.NodeSchemaLoader (NodeSchemaLoader.java:loadSchemaFromFile(129)) - Loading schema from [jar:file:/home/runner/.m2/repository/org/apache/ozone/hdds-common/1.3.0-SNAPSHOT/hdds-common-1.3.0-SNAPSHOT.jar!/network-topology-default.xml]
2022-07-12 20:45:24,096 [Listener at 127.0.0.1/40525] INFO  net.NodeSchemaLoader (NodeSchemaLoader.java:loadSchema(176)) - Loading network topology layer schema file
2022-07-12 20:45:24,098 [Listener at 127.0.0.1/40525] INFO  upgrade.AbstractLayoutVersionManager (AbstractLayoutVersionManager.java:init(82)) - Initializing Layout version manager with metadata layout = DATANODE_SCHEMA_V3 (version = 4), software layout = DATANODE_SCHEMA_V3 (version = 4)
2022-07-12 20:45:24,298 [Listener at 127.0.0.1/40525] INFO  reflections.Reflections (Reflections.java:scan(232)) - Reflections took 159 ms to scan 7 urls, producing 132 keys and 317 values 
2022-07-12 20:45:24,349 [Listener at 127.0.0.1/40525] INFO  ha.SequenceIdGenerator (SequenceIdGenerator.java:upgradeToSequenceId(349)) - upgrade localId to 109611004723200000
2022-07-12 20:45:24,349 [Listener at 127.0.0.1/40525] INFO  ha.SequenceIdGenerator (SequenceIdGenerator.java:upgradeToSequenceId(359)) - upgrade delTxnId to 0
2022-07-12 20:45:24,349 [Listener at 127.0.0.1/40525] INFO  ha.SequenceIdGenerator (SequenceIdGenerator.java:upgradeToSequenceId(376)) - upgrade containerId to 0
2022-07-12 20:45:24,349 [Listener at 127.0.0.1/40525] INFO  ha.SequenceIdGenerator (SequenceIdGenerator.java:<init>(220)) - Init the HA SequenceIdGenerator.
2022-07-12 20:45:24,350 [Listener at 127.0.0.1/40525] WARN  server.ServerUtils (ServerUtils.java:sanitizeUserArgs(73)) - ozone.scm.stale.node.interval value = 300000 is larger than max = 100000 based on the key value of ozone.scm.heartbeat.thread.interval, reset to the max value 100000.
2022-07-12 20:45:24,350 [Listener at 127.0.0.1/40525] WARN  server.ServerUtils (ServerUtils.java:sanitizeUserArgs(73)) - ozone.scm.stale.node.interval value = 300000 is larger than max = 100000 based on the key value of ozone.scm.heartbeat.thread.interval, reset to the max value 100000.
2022-07-12 20:45:24,352 [Listener at 127.0.0.1/40525] INFO  node.SCMNodeManager (SCMNodeManager.java:<init>(149)) - Entering startup safe mode.
2022-07-12 20:45:24,353 [Listener at 127.0.0.1/40525] INFO  algorithms.ContainerPlacementPolicyFactory (ContainerPlacementPolicyFactory.java:getPolicyInternal(86)) - Create container placement policy of type org.apache.hadoop.hdds.scm.container.placement.algorithms.SCMContainerPlacementRandom
2022-07-12 20:45:24,353 [Listener at 127.0.0.1/40525] INFO  pipeline.PipelineStateManagerImpl (PipelineStateManagerImpl.java:initialize(78)) - No pipeline exists in current db
2022-07-12 20:45:24,353 [Listener at 127.0.0.1/40525] INFO  algorithms.LeaderChoosePolicyFactory (LeaderChoosePolicyFactory.java:getPolicy(57)) - Create leader choose policy of type org.apache.hadoop.hdds.scm.pipeline.leader.choose.algorithms.MinLeaderCountChoosePolicy
2022-07-12 20:45:24,353 [Listener at 127.0.0.1/40525] INFO  algorithms.ContainerPlacementPolicyFactory (ContainerPlacementPolicyFactory.java:getPolicyInternal(86)) - Create container placement policy of type org.apache.hadoop.hdds.scm.container.placement.algorithms.SCMContainerPlacementRackScatter
2022-07-12 20:45:24,354 [Listener at 127.0.0.1/40525] INFO  pipeline.BackgroundPipelineCreator (BackgroundPipelineCreator.java:start(127)) - Starting RatisPipelineUtilsThread.
2022-07-12 20:45:24,356 [Listener at 127.0.0.1/40525] INFO  BackgroundPipelineScrubber (BackgroundSCMService.java:start(68)) - Starting BackgroundPipelineScrubber Service.
2022-07-12 20:45:24,359 [Listener at 127.0.0.1/40525] INFO  ha.SCMServiceManager (SCMServiceManager.java:register(42)) - Registering service BackgroundPipelineCreator.
2022-07-12 20:45:24,359 [Listener at 127.0.0.1/40525] INFO  ha.SCMServiceManager (SCMServiceManager.java:register(42)) - Registering service BackgroundPipelineScrubber.
2022-07-12 20:45:24,360 [Listener at 127.0.0.1/40525] INFO  ExpiredContainerReplicaOpScrubber (BackgroundSCMService.java:start(68)) - Starting ExpiredContainerReplicaOpScrubber Service.
2022-07-12 20:45:24,369 [Listener at 127.0.0.1/40525] INFO  ha.SCMServiceManager (SCMServiceManager.java:register(42)) - Registering service ExpiredContainerReplicaOpScrubber.
2022-07-12 20:45:24,370 [Listener at 127.0.0.1/40525] INFO  algorithms.PipelineChoosePolicyFactory (PipelineChoosePolicyFactory.java:createPipelineChoosePolicyFromClass(73)) - Create pipeline choose policy of type org.apache.hadoop.hdds.scm.pipeline.choose.algorithms.RandomPipelineChoosePolicy
2022-07-12 20:45:24,376 [Listener at 127.0.0.1/40525] INFO  ha.SCMServiceManager (SCMServiceManager.java:register(42)) - Registering service SCMBlockDeletingService.
2022-07-12 20:45:24,376 [Listener at 127.0.0.1/40525] INFO  replication.ReplicationManager (ReplicationManager.java:start(186)) - Starting Replication Monitor Thread.
2022-07-12 20:45:24,381 [Listener at 127.0.0.1/40525] INFO  ha.SCMServiceManager (SCMServiceManager.java:register(42)) - Registering service ReplicationManager.
2022-07-12 20:45:24,382 [Listener at 127.0.0.1/40525] INFO  safemode.ContainerSafeModeRule (ContainerSafeModeRule.java:<init>(89)) - containers with one replica threshold count 0
2022-07-12 20:45:24,382 [Listener at 127.0.0.1/40525] INFO  safemode.HealthyPipelineSafeModeRule (HealthyPipelineSafeModeRule.java:initializeRule(156)) - Total pipeline count is 0, healthy pipeline threshold count is 1
2022-07-12 20:45:24,382 [Listener at 127.0.0.1/40525] INFO  safemode.OneReplicaPipelineSafeModeRule (OneReplicaPipelineSafeModeRule.java:initializeRule(180)) - Total pipeline count is 0, pipeline's with at least one datanode reported threshold count is 0
2022-07-12 20:45:24,391 [Listener at 127.0.0.1/40525] INFO  ipc.CallQueueManager (CallQueueManager.java:<init>(90)) - Using callQueue: class java.util.concurrent.LinkedBlockingQueue, queueCapacity: 2000, scheduler: class org.apache.hadoop.ipc.DefaultRpcScheduler, ipcBackoff: false.
2022-07-12 20:45:24,415 [Socket Reader #1 for port 0] INFO  ipc.Server (Server.java:run(1265)) - Starting Socket Reader #1 for port 0
2022-07-12 20:45:24,427 [Listener at 0.0.0.0/43217] INFO  ipc.CallQueueManager (CallQueueManager.java:<init>(90)) - Using callQueue: class java.util.concurrent.LinkedBlockingQueue, queueCapacity: 2000, scheduler: class org.apache.hadoop.ipc.DefaultRpcScheduler, ipcBackoff: false.
2022-07-12 20:45:24,448 [Socket Reader #1 for port 0] INFO  ipc.Server (Server.java:run(1265)) - Starting Socket Reader #1 for port 0
2022-07-12 20:45:24,467 [Listener at 0.0.0.0/40285] INFO  ipc.CallQueueManager (CallQueueManager.java:<init>(90)) - Using callQueue: class java.util.concurrent.LinkedBlockingQueue, queueCapacity: 2000, scheduler: class org.apache.hadoop.ipc.DefaultRpcScheduler, ipcBackoff: false.
2022-07-12 20:45:24,468 [Socket Reader #1 for port 0] INFO  ipc.Server (Server.java:run(1265)) - Starting Socket Reader #1 for port 0
2022-07-12 20:45:24,479 [ReplicationMonitor] INFO  replication.ReplicationManager (ReplicationManager.java:processAll(235)) - Replication Manager is not ready to run until 3000ms after safemode exit
2022-07-12 20:45:24,541 [Listener at 0.0.0.0/37959] INFO  ha.SCMServiceManager (SCMServiceManager.java:register(42)) - Registering service ContainerBalancer.
2022-07-12 20:45:24,541 [Listener at 0.0.0.0/37959] INFO  server.StorageContainerManager (StorageContainerManager.java:<init>(401)) - 
Container Balancer status:
Key                            Value
Running                        false
Container Balancer Configuration values:
Key                                                Value
Threshold                                          10
Max Datanodes to Involve per Iteration(percent)    20
Max Size to Move per Iteration                     500GB
Max Size Entering Target per Iteration             26GB
Max Size Leaving Source per Iteration              26GB

2022-07-12 20:45:24,541 [Listener at 0.0.0.0/37959] WARN  events.EventQueue (EventQueue.java:fireEvent(216)) - No event handler registered for event TypedEvent{payloadType=SafeModeStatus, name='Safe mode status'}
2022-07-12 20:45:24,541 [Listener at 0.0.0.0/37959] INFO  ha.SCMContext (SCMContext.java:updateSafeModeStatus(228)) - Update SafeModeStatus from SafeModeStatus{safeModeStatus=true, preCheckPassed=false} to SafeModeStatus{safeModeStatus=true, preCheckPassed=false}.
2022-07-12 20:45:24,542 [Listener at 0.0.0.0/37959] INFO  server.StorageContainerManager (StorageContainerManager.java:start(1422)) - StorageContainerLocationProtocol RPC server is listening at /0.0.0.0:37959
2022-07-12 20:45:24,543 [Listener at 0.0.0.0/37959] WARN  impl.MetricsConfig (MetricsConfig.java:loadFirst(136)) - Cannot locate configuration: tried hadoop-metrics2-storagecontainermanager.properties,hadoop-metrics2.properties
2022-07-12 20:45:24,544 [Listener at 0.0.0.0/37959] INFO  impl.MetricsSystemImpl (MetricsSystemImpl.java:startTimer(378)) - Scheduled Metric snapshot period at 10 second(s).
2022-07-12 20:45:24,544 [Listener at 0.0.0.0/37959] INFO  impl.MetricsSystemImpl (MetricsSystemImpl.java:start(191)) - StorageContainerManager metrics system started
2022-07-12 20:45:24,570 [Listener at 0.0.0.0/37959] INFO  impl.MetricsSinkAdapter (MetricsSinkAdapter.java:start(204)) - Sink prometheus started
2022-07-12 20:45:24,571 [Listener at 0.0.0.0/37959] INFO  impl.MetricsSystemImpl (MetricsSystemImpl.java:registerSink(305)) - Registered sink prometheus
2022-07-12 20:45:24,644 [Listener at 0.0.0.0/37959] INFO  server.SCMClientProtocolServer (SCMClientProtocolServer.java:start(170)) - RPC server for Client  is listening at /0.0.0.0:37959
2022-07-12 20:45:24,645 [IPC Server Responder] INFO  ipc.Server (Server.java:run(1507)) - IPC Server Responder: starting
2022-07-12 20:45:24,655 [IPC Server listener on 0] INFO  ipc.Server (Server.java:run(1344)) - IPC Server listener on 0: starting
2022-07-12 20:45:24,727 [Listener at 0.0.0.0/37959] INFO  server.StorageContainerManager (StorageContainerManager.java:start(1437)) - ScmBlockLocationProtocol RPC server is listening at /0.0.0.0:40285
2022-07-12 20:45:24,727 [Listener at 0.0.0.0/37959] INFO  server.SCMBlockProtocolServer (SCMBlockProtocolServer.java:start(152)) - RPC server for Block Protocol is listening at /0.0.0.0:40285
2022-07-12 20:45:24,728 [IPC Server Responder] INFO  ipc.Server (Server.java:run(1507)) - IPC Server Responder: starting
2022-07-12 20:45:24,728 [IPC Server listener on 0] INFO  ipc.Server (Server.java:run(1344)) - IPC Server listener on 0: starting
2022-07-12 20:45:24,730 [Listener at 0.0.0.0/37959] INFO  server.SCMDatanodeProtocolServer (SCMDatanodeProtocolServer.java:start(186)) - ScmDatanodeProtocol RPC server for DataNodes is listening at /0.0.0.0:43217
2022-07-12 20:45:24,761 [IPC Server Responder] INFO  ipc.Server (Server.java:run(1507)) - IPC Server Responder: starting
2022-07-12 20:45:24,761 [IPC Server listener on 0] INFO  ipc.Server (Server.java:run(1344)) - IPC Server listener on 0: starting
2022-07-12 20:45:24,823 [org.apache.hadoop.util.JvmPauseMonitor$Monitor@43969c2c] INFO  util.JvmPauseMonitor (JvmPauseMonitor.java:run(188)) - Starting JVM pause monitor
2022-07-12 20:45:24,823 [Listener at 0.0.0.0/37959] INFO  http.BaseHttpServer (BaseHttpServer.java:newHttpServer2BuilderForOzone(209)) - Starting Web-server for scm at: http://0.0.0.0:0
2022-07-12 20:45:24,823 [Listener at 0.0.0.0/37959] INFO  http.BaseHttpServer (BaseHttpServer.java:<init>(107)) - Hadoop Security Enabled: false Ozone Security Enabled: false Ozone HTTP Security Enabled: false 
2022-07-12 20:45:24,825 [Listener at 0.0.0.0/37959] INFO  server.AuthenticationFilter (AuthenticationFilter.java:constructSecretProvider(240)) - Unable to initialize FileSignerSecretProvider, falling back to use random secrets.
2022-07-12 20:45:24,831 [Listener at 0.0.0.0/37959] WARN  http.HttpRequestLog (HttpRequestLog.java:getRequestLog(103)) - Jetty request log can only be enabled using Log4j
2022-07-12 20:45:24,832 [Listener at 0.0.0.0/37959] INFO  http.HttpServer2 (HttpServer2.java:addGlobalFilter(1029)) - Added global filter 'safety' (class=org.apache.hadoop.hdds.server.http.HttpServer2$QuotingInputFilter)
2022-07-12 20:45:24,833 [Listener at 0.0.0.0/37959] INFO  http.HttpServer2 (HttpServer2.java:addFilter(1005)) - Added filter static_user_filter (class=org.apache.hadoop.http.lib.StaticUserWebFilter$StaticUserFilter) to context scm
2022-07-12 20:45:24,833 [Listener at 0.0.0.0/37959] INFO  http.HttpServer2 (HttpServer2.java:addFilter(1013)) - Added filter static_user_filter (class=org.apache.hadoop.http.lib.StaticUserWebFilter$StaticUserFilter) to context logs
2022-07-12 20:45:24,833 [Listener at 0.0.0.0/37959] INFO  http.HttpServer2 (HttpServer2.java:addFilter(1013)) - Added filter static_user_filter (class=org.apache.hadoop.http.lib.StaticUserWebFilter$StaticUserFilter) to context static
2022-07-12 20:45:24,834 [Listener at 0.0.0.0/37959] INFO  http.HttpServer2 (HttpServer2.java:bindListener(1248)) - Jetty bound to port 33999
2022-07-12 20:45:24,834 [Listener at 0.0.0.0/37959] INFO  server.Server (Server.java:doStart(375)) - jetty-9.4.43.v20210629; built: 2021-06-30T11:07:22.254Z; git: 526006ecfa3af7f1a27ef3a288e2bef7ea9dd7e8; jvm 1.8.0_332-b09
2022-07-12 20:45:24,871 [Listener at 0.0.0.0/37959] INFO  server.session (DefaultSessionIdManager.java:doStart(334)) - DefaultSessionIdManager workerName=node0
2022-07-12 20:45:24,871 [Listener at 0.0.0.0/37959] INFO  server.session (DefaultSessionIdManager.java:doStart(339)) - No SessionScavenger set, using defaults
2022-07-12 20:45:24,871 [Listener at 0.0.0.0/37959] INFO  server.session (HouseKeeper.java:startScavenging(132)) - node0 Scavenging every 600000ms
2022-07-12 20:45:24,872 [Listener at 0.0.0.0/37959] INFO  handler.ContextHandler (ContextHandler.java:doStart(915)) - Started o.e.j.s.ServletContextHandler@4feead88{logs,/logs,file:///home/runner/work/ozone/ozone/hadoop-ozone/integration-test/target/log,AVAILABLE}
2022-07-12 20:45:24,873 [Listener at 0.0.0.0/37959] INFO  handler.ContextHandler (ContextHandler.java:doStart(915)) - Started o.e.j.s.ServletContextHandler@3c1569b2{static,/static,file:///home/runner/work/ozone/ozone/hadoop-ozone/integration-test/target/test-classes/webapps/static,AVAILABLE}
2022-07-12 20:45:24,894 [Listener at 0.0.0.0/37959] INFO  handler.ContextHandler (ContextHandler.java:doStart(915)) - Started o.e.j.w.WebAppContext@727d612a{scm,/,file:///home/runner/work/ozone/ozone/hadoop-ozone/integration-test/target/test-classes/webapps/scm/,AVAILABLE}{file:/home/runner/work/ozone/ozone/hadoop-ozone/integration-test/target/test-classes/webapps/scm}
2022-07-12 20:45:24,903 [Listener at 0.0.0.0/37959] INFO  server.AbstractConnector (AbstractConnector.java:doStart(331)) - Started ServerConnector@124c77bd{HTTP/1.1, (http/1.1)}{0.0.0.0:33999}
2022-07-12 20:45:24,903 [Listener at 0.0.0.0/37959] INFO  server.Server (Server.java:doStart(415)) - Started @123277ms
2022-07-12 20:45:24,903 [Listener at 0.0.0.0/37959] WARN  impl.MetricsSystemImpl (MetricsSystemImpl.java:register(279)) - Sink prometheus already exists!
2022-07-12 20:45:24,904 [Listener at 0.0.0.0/37959] INFO  http.BaseHttpServer (BaseHttpServer.java:updateConnectorAddress(329)) - HTTP server of scm listening at http://0.0.0.0:33999
2022-07-12 20:45:24,904 [Listener at 0.0.0.0/37959] WARN  server.ServerUtils (ServerUtils.java:getDBPath(225)) - ozone.om.db.dirs is not configured. We recommend adding this setting. Falling back to ozone.metadata.dirs instead.
2022-07-12 20:45:24,915 [Listener at 0.0.0.0/37959] INFO  ha.OMHANodeDetails (OMHANodeDetails.java:loadOMHAConfig(115)) - ozone.om.internal.service.id is not defined, falling back to ozone.om.service.ids to find serviceID for OzoneManager if it is HA enabled cluster
2022-07-12 20:45:24,916 [Listener at 0.0.0.0/37959] INFO  ha.OMHANodeDetails (OMHANodeDetails.java:loadOMHAConfig(226)) - Configuration does not have ozone.om.address set. Falling back to the default OM address /127.0.0.1:0
2022-07-12 20:45:24,916 [Listener at 0.0.0.0/37959] INFO  ha.OMHANodeDetails (OMHANodeDetails.java:getOMNodeDetailsForNonHA(254)) - OM Service ID is not set. Setting it to the default ID: omServiceIdDefault
2022-07-12 20:45:24,916 [Listener at 0.0.0.0/37959] INFO  ha.OMHANodeDetails (OMHANodeDetails.java:getOMNodeDetailsForNonHA(261)) - OM Node ID is not set. Setting it to the default ID: om1
2022-07-12 20:45:24,916 [Listener at 0.0.0.0/37959] WARN  server.ServerUtils (ServerUtils.java:getDBPath(225)) - ozone.om.db.dirs is not configured. We recommend adding this setting. Falling back to ozone.metadata.dirs instead.
2022-07-12 20:45:24,917 [Listener at 0.0.0.0/37959] INFO  upgrade.AbstractLayoutVersionManager (AbstractLayoutVersionManager.java:init(82)) - Initializing Layout version manager with metadata layout = MULTITENANCY_SCHEMA (version = 3), software layout = MULTITENANCY_SCHEMA (version = 3)
2022-07-12 20:45:25,169 [Listener at 0.0.0.0/37959] INFO  reflections.Reflections (Reflections.java:scan(232)) - Reflections took 252 ms to scan 2 urls, producing 153 keys and 430 values [using 2 cores]
2022-07-12 20:45:25,170 [Listener at 0.0.0.0/37959] INFO  upgrade.OMLayoutVersionManager (OMLayoutVersionManager.java:lambda$0(115)) - Skipping Upgrade Action MockOmUpgradeAction since it has been finalized.
2022-07-12 20:45:25,170 [Listener at 0.0.0.0/37959] WARN  server.ServerUtils (ServerUtils.java:getDBPath(225)) - ozone.om.db.dirs is not configured. We recommend adding this setting. Falling back to ozone.metadata.dirs instead.
2022-07-12 20:45:25,171 [Listener at 0.0.0.0/37959] INFO  proxy.SCMBlockLocationFailoverProxyProvider (SCMBlockLocationFailoverProxyProvider.java:<init>(114)) - Created block location fail-over proxy with 1 nodes: [nodeId=scmNodeId,nodeAddress=/0.0.0.0:40285]
2022-07-12 20:45:25,172 [Listener at 0.0.0.0/37959] INFO  proxy.SCMBlockLocationFailoverProxyProvider (SCMBlockLocationFailoverProxyProvider.java:<init>(114)) - Created block location fail-over proxy with 1 nodes: [nodeId=scmNodeId,nodeAddress=/0.0.0.0:40285]
2022-07-12 20:45:25,211 [Listener at 0.0.0.0/37959] WARN  server.ServerUtils (ServerUtils.java:getDBPath(225)) - ozone.om.db.dirs is not configured. We recommend adding this setting. Falling back to ozone.metadata.dirs instead.
2022-07-12 20:45:25,212 [Listener at 0.0.0.0/37959] INFO  codec.OmKeyInfoCodec (OmKeyInfoCodec.java:<init>(49)) - OmKeyInfoCodec ignorePipeline = true
2022-07-12 20:45:25,212 [Listener at 0.0.0.0/37959] INFO  codec.RepeatedOmKeyInfoCodec (RepeatedOmKeyInfoCodec.java:<init>(41)) - RepeatedOmKeyInfoCodec ignorePipeline = true
2022-07-12 20:45:25,608 [Listener at 0.0.0.0/37959] INFO  om.OzoneManager (OzoneManager.java:instantiateServices(692)) - S3 Multi-Tenancy is disabled
2022-07-12 20:45:25,609 [Listener at 0.0.0.0/37959] INFO  om.OzoneManager (OzoneManager.java:addS3GVolumeToDB(4259)) - Created Volume s3v With Owner runner required for S3Gateway operations.
2022-07-12 20:45:25,609 [Listener at 0.0.0.0/37959] WARN  server.ServerUtils (ServerUtils.java:getDefaultRatisDirectory(237)) - Storage directory for Ratis is not configured. It is a good idea to map this to an SSD disk. Falling back to ozone.metadata.dirs
2022-07-12 20:45:25,609 [Listener at 0.0.0.0/37959] WARN  utils.OzoneManagerRatisUtils (OzoneManagerRatisUtils.java:getOMRatisSnapshotDirectory(431)) - ozone.om.ratis.snapshot.dir is not configured. Falling back to ozone.metadata.dirs config
2022-07-12 20:45:25,609 [Listener at 0.0.0.0/37959] WARN  server.ServerUtils (ServerUtils.java:getDefaultRatisDirectory(237)) - Storage directory for Ratis is not configured. It is a good idea to map this to an SSD disk. Falling back to ozone.metadata.dirs
2022-07-12 20:45:25,611 [Listener at 0.0.0.0/37959] INFO  ratis.OzoneManagerRatisServer (OzoneManagerRatisServer.java:<init>(159)) - Instantiating OM Ratis server with groupID: omServiceIdDefault and peers: localhost:9872
2022-07-12 20:45:25,611 [Listener at 0.0.0.0/37959] INFO  ratis.OzoneManagerStateMachine (OzoneManagerStateMachine.java:loadSnapshotInfoFromDB(632)) - LastAppliedIndex is set from TransactionInfo from OM DB as (t:0, i:~)
2022-07-12 20:45:25,611 [Listener at 0.0.0.0/37959] INFO  server.RaftServer (ConfUtils.java:logGet(46)) - raft.rpc.type = GRPC (default)
2022-07-12 20:45:25,611 [Listener at 0.0.0.0/37959] INFO  grpc.GrpcFactory (GrpcFactory.java:checkPooledByteBufAllocatorUseCacheForAllThreads(48)) - PERFORMANCE WARNING: useCacheForAllThreads is true that may cause Netty to create a lot garbage objects and, as a result, trigger GC.
	It is recommended to disable useCacheForAllThreads by setting -Dorg.apache.ratis.thirdparty.io.netty.allocator.useCacheForAllThreads=false in command line.
2022-07-12 20:45:25,611 [Listener at 0.0.0.0/37959] INFO  grpc.GrpcConfigKeys (ConfUtils.java:logGet(46)) - raft.grpc.admin.port = -1 (default)
2022-07-12 20:45:25,611 [Listener at 0.0.0.0/37959] INFO  grpc.GrpcConfigKeys (ConfUtils.java:logGet(46)) - raft.grpc.server.port = 9872 (custom)
2022-07-12 20:45:25,612 [Listener at 0.0.0.0/37959] INFO  grpc.GrpcConfigKeys (ConfUtils.java:logGet(46)) - raft.grpc.client.port = -1 (default)
2022-07-12 20:45:25,612 [Listener at 0.0.0.0/37959] INFO  grpc.GrpcConfigKeys (ConfUtils.java:logGet(46)) - raft.grpc.server.port = 9872 (custom)
2022-07-12 20:45:25,612 [Listener at 0.0.0.0/37959] INFO  grpc.GrpcConfigKeys (ConfUtils.java:logGet(46)) - raft.grpc.server.port = 9872 (custom)
2022-07-12 20:45:25,612 [Listener at 0.0.0.0/37959] INFO  server.GrpcService (ConfUtils.java:logGet(46)) - raft.grpc.message.size.max = 33554432 (custom)
2022-07-12 20:45:25,612 [Listener at 0.0.0.0/37959] INFO  server.RaftServerConfigKeys (ConfUtils.java:logGet(46)) - raft.server.log.appender.buffer.byte-limit = 33554432 (custom)
2022-07-12 20:45:25,612 [Listener at 0.0.0.0/37959] INFO  server.GrpcService (ConfUtils.java:logGet(46)) - raft.grpc.flow.control.window = 1MB (=1048576) (default)
2022-07-12 20:45:25,612 [Listener at 0.0.0.0/37959] INFO  server.RaftServerConfigKeys (ConfUtils.java:logGet(46)) - raft.server.rpc.request.timeout = 3000ms (default)
2022-07-12 20:45:25,612 [Listener at 0.0.0.0/37959] INFO  grpc.GrpcConfigKeys (ConfUtils.java:logGet(46)) - raft.grpc.server.async.request.thread.pool.cached = true (default)
2022-07-12 20:45:25,612 [Listener at 0.0.0.0/37959] INFO  grpc.GrpcConfigKeys (ConfUtils.java:logGet(46)) - raft.grpc.server.async.request.thread.pool.size = 32 (default)
2022-07-12 20:45:25,614 [Listener at 0.0.0.0/37959] INFO  impl.DataStreamServerImpl (ConfUtils.java:logGet(46)) - raft.datastream.type = DISABLED (default)
2022-07-12 20:45:25,614 [Listener at 0.0.0.0/37959] INFO  server.RaftServerConfigKeys (ConfUtils.java:logGet(46)) - raft.server.threadpool.proxy.cached = true (default)
2022-07-12 20:45:25,614 [Listener at 0.0.0.0/37959] INFO  server.RaftServerConfigKeys (ConfUtils.java:logGet(46)) - raft.server.threadpool.proxy.size = 0 (default)
2022-07-12 20:45:25,614 [Listener at 0.0.0.0/37959] INFO  server.RaftServerConfigKeys (ConfUtils.java:logGet(46)) - raft.server.rpc.slowness.timeout = 120s (custom)
2022-07-12 20:45:25,614 [Listener at 0.0.0.0/37959] INFO  server.RaftServerConfigKeys (ConfUtils.java:logGet(46)) - raft.server.leaderelection.leader.step-down.wait-time = 10s (default)
2022-07-12 20:45:25,614 [Listener at 0.0.0.0/37959] INFO  server.RaftServerConfigKeys (ConfUtils.java:logGet(46)) - raft.server.storage.dir = [/home/runner/work/ozone/ozone/hadoop-ozone/integration-test/target/test-dir/MiniOzoneClusterImpl-333fec51-4ba1-426d-9c6c-44177af9cbb2/ozone-meta/ratis] (custom)
2022-07-12 20:45:25,644 [Listener at 0.0.0.0/37959] INFO  server.RaftServer (RaftServerProxy.java:addNew(96)) - om1: addNew group-C5BA1605619E:[om1|rpc:localhost:9872|priority:0] returns group-C5BA1605619E:java.util.concurrent.CompletableFuture@575bb02a[Not completed]
2022-07-12 20:45:25,644 [Listener at 0.0.0.0/37959] INFO  om.OzoneManager (OzoneManager.java:initializeRatisServer(1961)) - OzoneManager Ratis server initialized at port 9872
2022-07-12 20:45:25,645 [Listener at 0.0.0.0/37959] INFO  om.OzoneManager (OzoneManager.java:getRpcServer(1081)) - Creating RPC Server
2022-07-12 20:45:25,646 [pool-495-thread-1] INFO  server.RaftServer$Division (RaftServerImpl.java:<init>(190)) - om1: new RaftServerImpl for group-C5BA1605619E:[om1|rpc:localhost:9872|priority:0] with OzoneManagerStateMachine:uninitialized
2022-07-12 20:45:25,646 [pool-495-thread-1] INFO  server.RaftServerConfigKeys (ConfUtils.java:logGet(46)) - raft.server.rpc.timeout.min = 1s (custom)
2022-07-12 20:45:25,646 [pool-495-thread-1] INFO  server.RaftServerConfigKeys (ConfUtils.java:logGet(46)) - raft.server.rpc.timeout.max = 1200ms (custom)
2022-07-12 20:45:25,646 [pool-495-thread-1] INFO  server.RaftServerConfigKeys (ConfUtils.java:logGet(46)) - raft.server.rpc.sleep.time = 25ms (default)
2022-07-12 20:45:25,647 [pool-495-thread-1] INFO  server.RaftServerConfigKeys (ConfUtils.java:logGet(46)) - raft.server.rpc.slowness.timeout = 120s (custom)
2022-07-12 20:45:25,647 [pool-495-thread-1] INFO  server.RaftServerConfigKeys (ConfUtils.java:logGet(46)) - raft.server.leaderelection.leader.step-down.wait-time = 10s (default)
2022-07-12 20:45:25,647 [pool-495-thread-1] INFO  server.RaftServerConfigKeys (ConfUtils.java:logGet(46)) - raft.server.sleep.deviation.threshold = 300ms (default)
2022-07-12 20:45:25,647 [pool-495-thread-1] INFO  server.RaftServer$Division (ServerState.java:<init>(107)) - om1@group-C5BA1605619E: ConfigurationManager, init=-1: [om1|rpc:localhost:9872|priority:0], old=null, confs=<EMPTY_MAP>
2022-07-12 20:45:25,647 [pool-495-thread-1] INFO  server.RaftServerConfigKeys (ConfUtils.java:logGet(46)) - raft.server.storage.dir = [/home/runner/work/ozone/ozone/hadoop-ozone/integration-test/target/test-dir/MiniOzoneClusterImpl-333fec51-4ba1-426d-9c6c-44177af9cbb2/ozone-meta/ratis] (custom)
2022-07-12 20:45:25,647 [pool-495-thread-1] INFO  server.RaftServerConfigKeys (ConfUtils.java:logGet(46)) - raft.server.log.corruption.policy = EXCEPTION (default)
2022-07-12 20:45:25,647 [pool-495-thread-1] INFO  server.RaftServerConfigKeys (ConfUtils.java:logGet(46)) - raft.server.storage.free-space.min = 0MB (=0) (default)
2022-07-12 20:45:25,647 [pool-495-thread-1] INFO  storage.RaftStorageDirectory (RaftStorageDirectoryImpl.java:analyzeStorage(135)) - The storage directory /home/runner/work/ozone/ozone/hadoop-ozone/integration-test/target/test-dir/MiniOzoneClusterImpl-333fec51-4ba1-426d-9c6c-44177af9cbb2/ozone-meta/ratis/bf265839-605b-3f16-9796-c5ba1605619e does not exist. Creating ...
2022-07-12 20:45:25,659 [pool-495-thread-1] INFO  storage.RaftStorageDirectory (RaftStorageDirectoryImpl.java:tryLock(230)) - Lock on /home/runner/work/ozone/ozone/hadoop-ozone/integration-test/target/test-dir/MiniOzoneClusterImpl-333fec51-4ba1-426d-9c6c-44177af9cbb2/ozone-meta/ratis/bf265839-605b-3f16-9796-c5ba1605619e/in_use.lock acquired by nodename 3147@fv-az29-983
2022-07-12 20:45:25,671 [pool-495-thread-1] INFO  storage.RaftStorage (RaftStorageImpl.java:format(89)) - Storage directory /home/runner/work/ozone/ozone/hadoop-ozone/integration-test/target/test-dir/MiniOzoneClusterImpl-333fec51-4ba1-426d-9c6c-44177af9cbb2/ozone-meta/ratis/bf265839-605b-3f16-9796-c5ba1605619e has been successfully formatted.
2022-07-12 20:45:25,671 [pool-495-thread-1] INFO  server.RaftServerConfigKeys (ConfUtils.java:logGet(46)) - raft.server.notification.no-leader.timeout = 120s (custom)
2022-07-12 20:45:25,671 [pool-495-thread-1] INFO  server.RaftServerConfigKeys (ConfUtils.java:logGet(46)) - raft.server.log.use.memory = false (default)
2022-07-12 20:45:25,671 [pool-495-thread-1] INFO  server.RaftServerConfigKeys (ConfUtils.java:logGet(46)) - raft.server.log.purge.gap = 1000000 (custom)
2022-07-12 20:45:25,672 [pool-495-thread-1] INFO  server.RaftServerConfigKeys (ConfUtils.java:logGet(46)) - raft.server.log.appender.buffer.byte-limit = 33554432 (custom)
2022-07-12 20:45:25,672 [pool-495-thread-1] INFO  server.RaftServerConfigKeys (ConfUtils.java:logGet(46)) - raft.server.log.statemachine.data.read.timeout = 1000ms (default)
2022-07-12 20:45:25,672 [pool-495-thread-1] INFO  server.RaftServerConfigKeys (ConfUtils.java:logGet(46)) - raft.server.log.segment.size.max = 4194304 (custom)
2022-07-12 20:45:25,672 [pool-495-thread-1] INFO  server.RaftServerConfigKeys (ConfUtils.java:logGet(46)) - raft.server.log.segment.cache.num.max = 2 (custom)
2022-07-12 20:45:25,672 [pool-495-thread-1] INFO  server.RaftServerConfigKeys (ConfUtils.java:logGet(46)) - raft.server.log.segment.cache.size.max = 200MB (=209715200) (default)
2022-07-12 20:45:25,672 [pool-495-thread-1] INFO  segmented.SegmentedRaftLogWorker (SegmentedRaftLogWorker.java:<init>(187)) - new om1@group-C5BA1605619E-SegmentedRaftLogWorker for RaftStorageImpl:Storage Directory /home/runner/work/ozone/ozone/hadoop-ozone/integration-test/target/test-dir/MiniOzoneClusterImpl-333fec51-4ba1-426d-9c6c-44177af9cbb2/ozone-meta/ratis/bf265839-605b-3f16-9796-c5ba1605619e
2022-07-12 20:45:25,672 [pool-495-thread-1] INFO  server.RaftServerConfigKeys (ConfUtils.java:logGet(46)) - raft.server.log.queue.byte-limit = 64MB (=67108864) (default)
2022-07-12 20:45:25,672 [pool-495-thread-1] INFO  server.RaftServerConfigKeys (ConfUtils.java:logGet(46)) - raft.server.log.queue.element-limit = 4096 (default)
2022-07-12 20:45:25,672 [pool-495-thread-1] INFO  server.RaftServerConfigKeys (ConfUtils.java:logGet(46)) - raft.server.log.segment.size.max = 4194304 (custom)
2022-07-12 20:45:25,672 [pool-495-thread-1] INFO  server.RaftServerConfigKeys (ConfUtils.java:logGet(46)) - raft.server.log.preallocated.size = 4194304 (custom)
2022-07-12 20:45:25,672 [pool-495-thread-1] INFO  server.RaftServerConfigKeys (ConfUtils.java:logGet(46)) - raft.server.log.force.sync.num = 128 (default)
2022-07-12 20:45:25,672 [pool-495-thread-1] INFO  server.RaftServerConfigKeys (ConfUtils.java:logGet(46)) - raft.server.log.statemachine.data.sync = true (default)
2022-07-12 20:45:25,672 [pool-495-thread-1] INFO  server.RaftServerConfigKeys (ConfUtils.java:logGet(46)) - raft.server.log.statemachine.data.sync.timeout = 10s (default)
2022-07-12 20:45:25,672 [pool-495-thread-1] INFO  server.RaftServerConfigKeys (ConfUtils.java:logGet(46)) - raft.server.log.statemachine.data.sync.timeout.retry = -1 (default)
2022-07-12 20:45:25,703 [pool-495-thread-1] INFO  server.RaftServerConfigKeys (ConfUtils.java:logGet(46)) - raft.server.log.write.buffer.size = 64KB (=65536) (default)
2022-07-12 20:45:25,703 [pool-495-thread-1] INFO  server.RaftServerConfigKeys (ConfUtils.java:logGet(46)) - raft.server.log.unsafe-flush.enabled = false (default)
2022-07-12 20:45:25,703 [pool-495-thread-1] INFO  server.RaftServerConfigKeys (ConfUtils.java:logGet(46)) - raft.server.log.statemachine.data.caching.enabled = false (default)
2022-07-12 20:45:25,703 [pool-495-thread-1] INFO  segmented.SegmentedRaftLogWorker (SegmentedRaftLogWorker.java:lambda$new$0(135)) - om1@group-C5BA1605619E-SegmentedRaftLogWorker: flushIndex: setUnconditionally 0 -> -1
2022-07-12 20:45:25,703 [pool-495-thread-1] INFO  segmented.SegmentedRaftLogWorker (SegmentedRaftLogWorker.java:lambda$new$0(135)) - om1@group-C5BA1605619E-SegmentedRaftLogWorker: safeCacheEvictIndex: setUnconditionally 0 -> -1
2022-07-12 20:45:25,711 [pool-495-thread-1] INFO  server.RaftServerConfigKeys (ConfUtils.java:logGet(46)) - raft.server.snapshot.auto.trigger.enabled = true (custom)
2022-07-12 20:45:25,711 [pool-495-thread-1] INFO  server.RaftServerConfigKeys (ConfUtils.java:logGet(46)) - raft.server.snapshot.auto.trigger.threshold = 400000 (default)
2022-07-12 20:45:25,711 [pool-495-thread-1] INFO  server.RaftServerConfigKeys (ConfUtils.java:logGet(46)) - raft.server.snapshot.retention.file.num = -1 (default)
2022-07-12 20:45:25,711 [pool-495-thread-1] INFO  server.RaftServerConfigKeys (ConfUtils.java:logGet(46)) - raft.server.log.purge.upto.snapshot.index = true (custom)
2022-07-12 20:45:25,711 [pool-495-thread-1] INFO  server.RaftServerConfigKeys (ConfUtils.java:logGet(46)) - raft.server.retrycache.expirytime = 300s (custom)
2022-07-12 20:45:25,711 [pool-495-thread-1] INFO  server.RaftServerConfigKeys (ConfUtils.java:logGet(46)) - raft.server.retrycache.statistics.expirytime = 100μs (default)
2022-07-12 20:45:25,712 [pool-495-thread-1] INFO  server.RaftServerConfigKeys (ConfUtils.java:logGet(46)) - raft.server.log.appender.install.snapshot.enabled = false (custom)
2022-07-12 20:45:25,712 [pool-495-thread-1] INFO  server.RaftServerConfigKeys (ConfUtils.java:logGet(46)) - raft.server.threadpool.server.cached = true (default)
2022-07-12 20:45:25,712 [pool-495-thread-1] INFO  server.RaftServerConfigKeys (ConfUtils.java:logGet(46)) - raft.server.threadpool.server.size = 0 (default)
2022-07-12 20:45:25,712 [pool-495-thread-1] INFO  server.RaftServerConfigKeys (ConfUtils.java:logGet(46)) - raft.server.threadpool.client.cached = true (default)
2022-07-12 20:45:25,712 [pool-495-thread-1] INFO  server.RaftServerConfigKeys (ConfUtils.java:logGet(46)) - raft.server.threadpool.client.size = 0 (default)
2022-07-12 20:45:27,131 [Listener at 0.0.0.0/37959] INFO  reflections.Reflections (Reflections.java:scan(232)) - Reflections took 1484 ms to scan 19 urls, producing 66 keys and 4101 values [using 2 cores]
2022-07-12 20:45:27,133 [Listener at 0.0.0.0/37959] INFO  ipc.CallQueueManager (CallQueueManager.java:<init>(90)) - Using callQueue: class java.util.concurrent.LinkedBlockingQueue, queueCapacity: 2000, scheduler: class org.apache.hadoop.ipc.DefaultRpcScheduler, ipcBackoff: false.
2022-07-12 20:45:27,147 [Socket Reader #1 for port 0] INFO  ipc.Server (Server.java:run(1265)) - Starting Socket Reader #1 for port 0
2022-07-12 20:45:27,206 [Listener at 127.0.0.1/45649] INFO  impl.MetricsSystemImpl (MetricsSystemImpl.java:init(158)) - OzoneManager metrics system started (again)
2022-07-12 20:45:27,276 [Listener at 127.0.0.1/45649] INFO  om.OzoneManager (OzoneManager.java:start(1465)) - OzoneManager RPC server is listening at localhost/127.0.0.1:45649
2022-07-12 20:45:27,276 [Listener at 127.0.0.1/45649] INFO  ratis.OzoneManagerRatisServer (OzoneManagerRatisServer.java:start(554)) - Starting OzoneManagerRatisServer om1 at port 9872
2022-07-12 20:45:27,276 [om1-impl-thread1] INFO  server.RaftServer$Division (RaftServerImpl.java:start(310)) - om1@group-C5BA1605619E: start as a follower, conf=-1: [om1|rpc:localhost:9872|priority:0], old=null
2022-07-12 20:45:27,276 [om1-impl-thread1] INFO  server.RaftServer$Division (RaftServerImpl.java:setRole(299)) - om1@group-C5BA1605619E: changes role from      null to FOLLOWER at term 0 for startAsFollower
2022-07-12 20:45:27,276 [om1-impl-thread1] INFO  impl.RoleInfo (RoleInfo.java:updateAndGet(139)) - om1: start om1@group-C5BA1605619E-FollowerState
2022-07-12 20:45:27,287 [om1-impl-thread1] INFO  util.JmxRegister (JmxRegister.java:tryRegister(44)) - Successfully registered JMX Bean with object name Ratis:service=RaftServer,group=group-C5BA1605619E,id=om1
2022-07-12 20:45:27,289 [Listener at 127.0.0.1/45649] INFO  server.RaftServer (RaftServerProxy.java:lambda$start$6(382)) - om1: start RPC server
2022-07-12 20:45:27,343 [Listener at 127.0.0.1/45649] INFO  server.GrpcService (GrpcService.java:startImpl(260)) - om1: GrpcService started, listening on 9872
2022-07-12 20:45:27,357 [Listener at 127.0.0.1/45649] INFO  om.OzoneManager (OzoneManager.java:start(1481)) - Version File has different layout version (3) than OM DB (null). That is expected if this OM has never been finalized to a newer layout version.
2022-07-12 20:45:27,358 [org.apache.ratis.util.JvmPauseMonitor$$Lambda$680/1268395511@3ee86eb7] INFO  util.JvmPauseMonitor (JvmPauseMonitor.java:run(103)) - JvmPauseMonitor-om1: Started
2022-07-12 20:45:27,412 [Listener at 127.0.0.1/45649] INFO  http.BaseHttpServer (BaseHttpServer.java:newHttpServer2BuilderForOzone(209)) - Starting Web-server for ozoneManager at: http://0.0.0.0:0
2022-07-12 20:45:27,412 [Listener at 127.0.0.1/45649] INFO  http.BaseHttpServer (BaseHttpServer.java:<init>(107)) - Hadoop Security Enabled: false Ozone Security Enabled: false Ozone HTTP Security Enabled: false 
2022-07-12 20:45:27,414 [Listener at 127.0.0.1/45649] INFO  server.AuthenticationFilter (AuthenticationFilter.java:constructSecretProvider(240)) - Unable to initialize FileSignerSecretProvider, falling back to use random secrets.
2022-07-12 20:45:27,433 [Listener at 127.0.0.1/45649] WARN  http.HttpRequestLog (HttpRequestLog.java:getRequestLog(103)) - Jetty request log can only be enabled using Log4j
2022-07-12 20:45:27,468 [Listener at 127.0.0.1/45649] INFO  http.HttpServer2 (HttpServer2.java:addGlobalFilter(1029)) - Added global filter 'safety' (class=org.apache.hadoop.hdds.server.http.HttpServer2$QuotingInputFilter)
2022-07-12 20:45:27,469 [Listener at 127.0.0.1/45649] INFO  http.HttpServer2 (HttpServer2.java:addFilter(1005)) - Added filter static_user_filter (class=org.apache.hadoop.http.lib.StaticUserWebFilter$StaticUserFilter) to context ozoneManager
2022-07-12 20:45:27,469 [Listener at 127.0.0.1/45649] INFO  http.HttpServer2 (HttpServer2.java:addFilter(1013)) - Added filter static_user_filter (class=org.apache.hadoop.http.lib.StaticUserWebFilter$StaticUserFilter) to context logs
2022-07-12 20:45:27,469 [Listener at 127.0.0.1/45649] INFO  http.HttpServer2 (HttpServer2.java:addFilter(1013)) - Added filter static_user_filter (class=org.apache.hadoop.http.lib.StaticUserWebFilter$StaticUserFilter) to context static
2022-07-12 20:45:27,469 [Listener at 127.0.0.1/45649] INFO  http.HttpServer2 (HttpServer2.java:bindListener(1248)) - Jetty bound to port 45157
2022-07-12 20:45:27,469 [Listener at 127.0.0.1/45649] INFO  server.Server (Server.java:doStart(375)) - jetty-9.4.43.v20210629; built: 2021-06-30T11:07:22.254Z; git: 526006ecfa3af7f1a27ef3a288e2bef7ea9dd7e8; jvm 1.8.0_332-b09
2022-07-12 20:45:27,523 [Listener at 127.0.0.1/45649] INFO  server.session (DefaultSessionIdManager.java:doStart(334)) - DefaultSessionIdManager workerName=node0
2022-07-12 20:45:27,523 [Listener at 127.0.0.1/45649] INFO  server.session (DefaultSessionIdManager.java:doStart(339)) - No SessionScavenger set, using defaults
2022-07-12 20:45:27,524 [Listener at 127.0.0.1/45649] INFO  server.session (HouseKeeper.java:startScavenging(132)) - node0 Scavenging every 600000ms
2022-07-12 20:45:27,535 [Listener at 127.0.0.1/45649] INFO  handler.ContextHandler (ContextHandler.java:doStart(915)) - Started o.e.j.s.ServletContextHandler@7d7337d0{logs,/logs,file:///home/runner/work/ozone/ozone/hadoop-ozone/integration-test/target/log,AVAILABLE}
2022-07-12 20:45:27,535 [Listener at 127.0.0.1/45649] INFO  handler.ContextHandler (ContextHandler.java:doStart(915)) - Started o.e.j.s.ServletContextHandler@4da18e2c{static,/static,file:///home/runner/work/ozone/ozone/hadoop-ozone/integration-test/target/test-classes/webapps/static,AVAILABLE}
2022-07-12 20:45:27,553 [Listener at 127.0.0.1/45649] INFO  handler.ContextHandler (ContextHandler.java:doStart(915)) - Started o.e.j.w.WebAppContext@2daa5819{ozoneManager,/,file:///home/runner/work/ozone/ozone/hadoop-ozone/integration-test/target/test-classes/webapps/ozoneManager/,AVAILABLE}{file:/home/runner/work/ozone/ozone/hadoop-ozone/integration-test/target/test-classes/webapps/ozoneManager}
2022-07-12 20:45:27,554 [Listener at 127.0.0.1/45649] INFO  server.AbstractConnector (AbstractConnector.java:doStart(331)) - Started ServerConnector@4cf24837{HTTP/1.1, (http/1.1)}{0.0.0.0:45157}
2022-07-12 20:45:27,554 [Listener at 127.0.0.1/45649] INFO  server.Server (Server.java:doStart(415)) - Started @125929ms
2022-07-12 20:45:27,554 [Listener at 127.0.0.1/45649] WARN  impl.MetricsSystemImpl (MetricsSystemImpl.java:register(279)) - Sink prometheus already exists!
2022-07-12 20:45:27,555 [Listener at 127.0.0.1/45649] INFO  http.BaseHttpServer (BaseHttpServer.java:updateConnectorAddress(329)) - HTTP server of ozoneManager listening at http://0.0.0.0:45157
2022-07-12 20:45:27,587 [IPC Server Responder] INFO  ipc.Server (Server.java:run(1507)) - IPC Server Responder: starting
2022-07-12 20:45:27,615 [IPC Server listener on 0] INFO  ipc.Server (Server.java:run(1344)) - IPC Server listener on 0: starting
2022-07-12 20:45:27,675 [Listener at 127.0.0.1/45649] INFO  om.OzoneManager (OzoneManager.java:startTrashEmptier(1905)) - Trash Interval set to 0. Files deleted won't move to trash
2022-07-12 20:45:27,721 [org.apache.hadoop.util.JvmPauseMonitor$Monitor@40c77f25] INFO  util.JvmPauseMonitor (JvmPauseMonitor.java:run(188)) - Starting JVM pause monitor
2022-07-12 20:45:27,729 [Listener at 127.0.0.1/45649] WARN  impl.MetricRegistriesImpl (MetricRegistriesImpl.java:addReporterRegistration(111)) - New reporters are added after registries were created. Some metrics will be missing from the reporter. Please add reporter before adding any new registry.
2022-07-12 20:45:27,729 [Listener at 127.0.0.1/45649] WARN  impl.MetricRegistriesImpl (MetricRegistriesImpl.java:addReporterRegistration(111)) - New reporters are added after registries were created. Some metrics will be missing from the reporter. Please add reporter before adding any new registry.
2022-07-12 20:45:27,729 [Listener at 127.0.0.1/45649] INFO  impl.MetricsSystemImpl (MetricsSystemImpl.java:init(158)) - HddsDatanode metrics system started (again)
2022-07-12 20:45:27,743 [Listener at 127.0.0.1/45649] INFO  ozone.HddsDatanodeService (HddsDatanodeService.java:start(236)) - HddsDatanodeService host:fv-az29-983.0gf2enmb5avurc1gjtxldx4mnh.bx.internal.cloudapp.net ip:10.1.0.33
2022-07-12 20:45:27,815 [Listener at 127.0.0.1/45649] INFO  upgrade.AbstractLayoutVersionManager (AbstractLayoutVersionManager.java:init(82)) - Initializing Layout version manager with metadata layout = DATANODE_SCHEMA_V3 (version = 4), software layout = DATANODE_SCHEMA_V3 (version = 4)
2022-07-12 20:45:27,926 [Listener at 127.0.0.1/45649] INFO  reflections.Reflections (Reflections.java:scan(232)) - Reflections took 110 ms to scan 7 urls, producing 132 keys and 317 values 
2022-07-12 20:45:27,942 [Listener at 127.0.0.1/45649] INFO  statemachine.DatanodeStateMachine (DatanodeStateMachine.java:getEndPointTaskThreadPoolSize(237)) - Datanode State Machine Task Thread Pool size 2
2022-07-12 20:45:27,967 [Listener at 127.0.0.1/45649] INFO  volume.HddsVolume (HddsVolume.java:<init>(116)) - Creating HddsVolume: /home/runner/work/ozone/ozone/hadoop-ozone/integration-test/target/test-dir/MiniOzoneClusterImpl-333fec51-4ba1-426d-9c6c-44177af9cbb2/datanode-0/data-0/containers/hdds of storage type : DISK capacity : 9223372036854775807
2022-07-12 20:45:27,968 [Listener at 127.0.0.1/45649] INFO  volume.MutableVolumeSet (MutableVolumeSet.java:initializeVolumeSet(174)) - Added Volume : /home/runner/work/ozone/ozone/hadoop-ozone/integration-test/target/test-dir/MiniOzoneClusterImpl-333fec51-4ba1-426d-9c6c-44177af9cbb2/datanode-0/data-0/containers/hdds to VolumeSet
2022-07-12 20:45:27,968 [Listener at 127.0.0.1/45649] INFO  volume.ThrottledAsyncChecker (ThrottledAsyncChecker.java:schedule(141)) - Scheduling a check for /home/runner/work/ozone/ozone/hadoop-ozone/integration-test/target/test-dir/MiniOzoneClusterImpl-333fec51-4ba1-426d-9c6c-44177af9cbb2/datanode-0/data-0/containers/hdds
2022-07-12 20:45:28,003 [Listener at 127.0.0.1/45649] INFO  volume.StorageVolumeChecker (StorageVolumeChecker.java:checkAllVolumes(202)) - Scheduled health check for volume /home/runner/work/ozone/ozone/hadoop-ozone/integration-test/target/test-dir/MiniOzoneClusterImpl-333fec51-4ba1-426d-9c6c-44177af9cbb2/datanode-0/data-0/containers/hdds
2022-07-12 20:45:28,017 [Listener at 127.0.0.1/45649] INFO  volume.MutableVolumeSet (MutableVolumeSet.java:initializeVolumeSet(174)) - Added Volume : /home/runner/work/ozone/ozone/hadoop-ozone/integration-test/target/test-dir/MiniOzoneClusterImpl-333fec51-4ba1-426d-9c6c-44177af9cbb2/datanode-0/data/ratis to VolumeSet
2022-07-12 20:45:28,017 [Listener at 127.0.0.1/45649] INFO  volume.ThrottledAsyncChecker (ThrottledAsyncChecker.java:schedule(141)) - Scheduling a check for /home/runner/work/ozone/ozone/hadoop-ozone/integration-test/target/test-dir/MiniOzoneClusterImpl-333fec51-4ba1-426d-9c6c-44177af9cbb2/datanode-0/data/ratis
2022-07-12 20:45:28,030 [Listener at 127.0.0.1/45649] INFO  volume.StorageVolumeChecker (StorageVolumeChecker.java:checkAllVolumes(202)) - Scheduled health check for volume /home/runner/work/ozone/ozone/hadoop-ozone/integration-test/target/test-dir/MiniOzoneClusterImpl-333fec51-4ba1-426d-9c6c-44177af9cbb2/datanode-0/data/ratis
2022-07-12 20:45:28,115 [Thread-946] INFO  ozoneimpl.ContainerReader (ContainerReader.java:readVolume(175)) - Finish verifying containers on volume /home/runner/work/ozone/ozone/hadoop-ozone/integration-test/target/test-dir/MiniOzoneClusterImpl-333fec51-4ba1-426d-9c6c-44177af9cbb2/datanode-0/data-0/containers/hdds
2022-07-12 20:45:28,115 [Listener at 127.0.0.1/45649] INFO  ozoneimpl.OzoneContainer (OzoneContainer.java:buildContainerSet(266)) - Build ContainerSet costs 0s
2022-07-12 20:45:28,117 [Listener at 127.0.0.1/45649] INFO  server.RaftServer (ConfUtils.java:logGet(46)) - raft.rpc.type = GRPC (default)
2022-07-12 20:45:28,117 [Listener at 127.0.0.1/45649] INFO  grpc.GrpcFactory (GrpcFactory.java:checkPooledByteBufAllocatorUseCacheForAllThreads(48)) - PERFORMANCE WARNING: useCacheForAllThreads is true that may cause Netty to create a lot garbage objects and, as a result, trigger GC.
	It is recommended to disable useCacheForAllThreads by setting -Dorg.apache.ratis.thirdparty.io.netty.allocator.useCacheForAllThreads=false in command line.
2022-07-12 20:45:28,117 [Listener at 127.0.0.1/45649] INFO  grpc.GrpcConfigKeys (ConfUtils.java:logGet(46)) - raft.grpc.admin.port = 0 (custom)
2022-07-12 20:45:28,118 [Listener at 127.0.0.1/45649] INFO  grpc.GrpcConfigKeys (ConfUtils.java:logGet(46)) - raft.grpc.client.port = 0 (custom)
2022-07-12 20:45:28,118 [Listener at 127.0.0.1/45649] INFO  grpc.GrpcConfigKeys (ConfUtils.java:logGet(46)) - raft.grpc.server.port = 0 (default)
2022-07-12 20:45:28,118 [Listener at 127.0.0.1/45649] INFO  server.GrpcService (ConfUtils.java:logGet(46)) - raft.grpc.message.size.max = 32MB (=33554432) (custom)
2022-07-12 20:45:28,118 [Listener at 127.0.0.1/45649] INFO  server.RaftServerConfigKeys (ConfUtils.java:logGet(46)) - raft.server.log.appender.buffer.byte-limit = 33554432 (custom)
2022-07-12 20:45:28,118 [Listener at 127.0.0.1/45649] INFO  server.GrpcService (ConfUtils.java:logGet(46)) - raft.grpc.flow.control.window = 5MB (=5242880) (custom)
2022-07-12 20:45:28,118 [Listener at 127.0.0.1/45649] INFO  server.RaftServerConfigKeys (ConfUtils.java:logGet(46)) - raft.server.rpc.request.timeout = 60s (custom)
2022-07-12 20:45:28,118 [Listener at 127.0.0.1/45649] INFO  grpc.GrpcConfigKeys (ConfUtils.java:logGet(46)) - raft.grpc.server.async.request.thread.pool.cached = true (default)
2022-07-12 20:45:28,118 [Listener at 127.0.0.1/45649] INFO  grpc.GrpcConfigKeys (ConfUtils.java:logGet(46)) - raft.grpc.server.async.request.thread.pool.size = 32 (default)
2022-07-12 20:45:28,120 [Listener at 127.0.0.1/45649] INFO  impl.DataStreamServerImpl (ConfUtils.java:logGet(46)) - raft.datastream.type = DISABLED (default)
2022-07-12 20:45:28,120 [Listener at 127.0.0.1/45649] INFO  server.RaftServerConfigKeys (ConfUtils.java:logGet(46)) - raft.server.threadpool.proxy.cached = true (default)
2022-07-12 20:45:28,120 [Listener at 127.0.0.1/45649] INFO  server.RaftServerConfigKeys (ConfUtils.java:logGet(46)) - raft.server.threadpool.proxy.size = 0 (default)
2022-07-12 20:45:28,120 [Listener at 127.0.0.1/45649] INFO  server.RaftServerConfigKeys (ConfUtils.java:logGet(46)) - raft.server.rpc.slowness.timeout = 300s (custom)
2022-07-12 20:45:28,120 [Listener at 127.0.0.1/45649] INFO  server.RaftServerConfigKeys (ConfUtils.java:logGet(46)) - raft.server.leaderelection.leader.step-down.wait-time = 10s (default)
2022-07-12 20:45:28,120 [Listener at 127.0.0.1/45649] INFO  server.RaftServerConfigKeys (ConfUtils.java:logGet(46)) - raft.server.storage.dir = [/home/runner/work/ozone/ozone/hadoop-ozone/integration-test/target/test-dir/MiniOzoneClusterImpl-333fec51-4ba1-426d-9c6c-44177af9cbb2/datanode-0/data/ratis] (custom)
2022-07-12 20:45:28,136 [Listener at 127.0.0.1/45649] INFO  server.XceiverServerGrpc (XceiverServerGrpc.java:<init>(132)) - GrpcServer channel type EpollServerSocketChannel
2022-07-12 20:45:28,155 [Listener at 127.0.0.1/45649] INFO  http.BaseHttpServer (BaseHttpServer.java:newHttpServer2BuilderForOzone(209)) - Starting Web-server for hddsDatanode at: http://0.0.0.0:0
2022-07-12 20:45:28,155 [Listener at 127.0.0.1/45649] INFO  http.BaseHttpServer (BaseHttpServer.java:<init>(107)) - Hadoop Security Enabled: false Ozone Security Enabled: false Ozone HTTP Security Enabled: false 
2022-07-12 20:45:28,157 [Listener at 127.0.0.1/45649] INFO  server.AuthenticationFilter (AuthenticationFilter.java:constructSecretProvider(240)) - Unable to initialize FileSignerSecretProvider, falling back to use random secrets.
2022-07-12 20:45:28,163 [Listener at 127.0.0.1/45649] WARN  http.HttpRequestLog (HttpRequestLog.java:getRequestLog(103)) - Jetty request log can only be enabled using Log4j
2022-07-12 20:45:28,164 [Listener at 127.0.0.1/45649] INFO  http.HttpServer2 (HttpServer2.java:addGlobalFilter(1029)) - Added global filter 'safety' (class=org.apache.hadoop.hdds.server.http.HttpServer2$QuotingInputFilter)
2022-07-12 20:45:28,164 [Listener at 127.0.0.1/45649] INFO  http.HttpServer2 (HttpServer2.java:addFilter(1005)) - Added filter static_user_filter (class=org.apache.hadoop.http.lib.StaticUserWebFilter$StaticUserFilter) to context hddsDatanode
2022-07-12 20:45:28,164 [Listener at 127.0.0.1/45649] INFO  http.HttpServer2 (HttpServer2.java:addFilter(1013)) - Added filter static_user_filter (class=org.apache.hadoop.http.lib.StaticUserWebFilter$StaticUserFilter) to context static
2022-07-12 20:45:28,164 [Listener at 127.0.0.1/45649] INFO  http.HttpServer2 (HttpServer2.java:addFilter(1013)) - Added filter static_user_filter (class=org.apache.hadoop.http.lib.StaticUserWebFilter$StaticUserFilter) to context logs
2022-07-12 20:45:28,165 [Listener at 127.0.0.1/45649] INFO  http.HttpServer2 (HttpServer2.java:bindListener(1248)) - Jetty bound to port 40705
2022-07-12 20:45:28,165 [Listener at 127.0.0.1/45649] INFO  server.Server (Server.java:doStart(375)) - jetty-9.4.43.v20210629; built: 2021-06-30T11:07:22.254Z; git: 526006ecfa3af7f1a27ef3a288e2bef7ea9dd7e8; jvm 1.8.0_332-b09
2022-07-12 20:45:28,231 [Listener at 127.0.0.1/45649] INFO  server.session (DefaultSessionIdManager.java:doStart(334)) - DefaultSessionIdManager workerName=node0
2022-07-12 20:45:28,232 [Listener at 127.0.0.1/45649] INFO  server.session (DefaultSessionIdManager.java:doStart(339)) - No SessionScavenger set, using defaults
2022-07-12 20:45:28,232 [Listener at 127.0.0.1/45649] INFO  server.session (HouseKeeper.java:startScavenging(132)) - node0 Scavenging every 660000ms
2022-07-12 20:45:28,243 [Listener at 127.0.0.1/45649] INFO  handler.ContextHandler (ContextHandler.java:doStart(915)) - Started o.e.j.s.ServletContextHandler@4ddbfab2{logs,/logs,file:///home/runner/work/ozone/ozone/hadoop-ozone/integration-test/target/log,AVAILABLE}
2022-07-12 20:45:28,244 [Listener at 127.0.0.1/45649] INFO  handler.ContextHandler (ContextHandler.java:doStart(915)) - Started o.e.j.s.ServletContextHandler@7391fee4{static,/static,jar:file:/home/runner/.m2/repository/org/apache/ozone/hdds-container-service/1.3.0-SNAPSHOT/hdds-container-service-1.3.0-SNAPSHOT.jar!/webapps/static,AVAILABLE}
2022-07-12 20:45:28,486 [om1@group-C5BA1605619E-FollowerState] INFO  impl.FollowerState (FollowerState.java:run(143)) - om1@group-C5BA1605619E-FollowerState: change to CANDIDATE, lastRpcElapsedTime:1209322878ns, electionTimeout:1198ms
2022-07-12 20:45:28,486 [om1@group-C5BA1605619E-FollowerState] INFO  impl.RoleInfo (RoleInfo.java:shutdownFollowerState(110)) - om1: shutdown om1@group-C5BA1605619E-FollowerState
2022-07-12 20:45:28,486 [om1@group-C5BA1605619E-FollowerState] INFO  server.RaftServer$Division (RaftServerImpl.java:setRole(299)) - om1@group-C5BA1605619E: changes role from  FOLLOWER to CANDIDATE at term 0 for changeToCandidate
2022-07-12 20:45:28,486 [om1@group-C5BA1605619E-FollowerState] INFO  server.RaftServerConfigKeys (ConfUtils.java:logGet(46)) - raft.server.leaderelection.pre-vote = false (custom)
2022-07-12 20:45:28,486 [om1@group-C5BA1605619E-FollowerState] INFO  impl.RoleInfo (RoleInfo.java:updateAndGet(139)) - om1: start om1@group-C5BA1605619E-LeaderElection41
2022-07-12 20:45:28,519 [om1@group-C5BA1605619E-LeaderElection41] INFO  impl.LeaderElection (LeaderElection.java:askForVotes(310)) - om1@group-C5BA1605619E-LeaderElection41 ELECTION round 0: submit vote requests at term 1 for -1: [om1|rpc:localhost:9872|priority:0], old=null
2022-07-12 20:45:28,520 [om1@group-C5BA1605619E-LeaderElection41] INFO  impl.LeaderElection (LeaderElection.java:askForVotes(312)) - om1@group-C5BA1605619E-LeaderElection41 ELECTION round 0: result PASSED (term=1)
2022-07-12 20:45:28,520 [om1@group-C5BA1605619E-LeaderElection41] INFO  impl.RoleInfo (RoleInfo.java:shutdownLeaderElection(130)) - om1: shutdown om1@group-C5BA1605619E-LeaderElection41
2022-07-12 20:45:28,520 [om1@group-C5BA1605619E-LeaderElection41] INFO  server.RaftServer$Division (RaftServerImpl.java:setRole(299)) - om1@group-C5BA1605619E: changes role from CANDIDATE to LEADER at term 1 for changeToLeader
2022-07-12 20:45:28,520 [om1@group-C5BA1605619E-LeaderElection41] INFO  server.RaftServer$Division (ServerState.java:setLeader(287)) - om1@group-C5BA1605619E: change Leader from null to om1 at term 1 for becomeLeader, leader elected after 2848ms
2022-07-12 20:45:28,520 [om1@group-C5BA1605619E-LeaderElection41] INFO  server.RaftServerConfigKeys (ConfUtils.java:logGet(46)) - raft.server.staging.catchup.gap = 1000 (default)
2022-07-12 20:45:28,520 [om1@group-C5BA1605619E-LeaderElection41] INFO  server.RaftServerConfigKeys (ConfUtils.java:logGet(46)) - raft.server.write.element-limit = 4096 (default)
2022-07-12 20:45:28,520 [om1@group-C5BA1605619E-LeaderElection41] INFO  server.RaftServerConfigKeys (ConfUtils.java:logGet(46)) - raft.server.write.byte-limit = 64MB (=67108864) (default)
2022-07-12 20:45:28,520 [om1@group-C5BA1605619E-LeaderElection41] INFO  server.RaftServerConfigKeys (ConfUtils.java:logGet(46)) - raft.server.watch.timeout = 10s (default)
2022-07-12 20:45:28,520 [om1@group-C5BA1605619E-LeaderElection41] INFO  server.RaftServerConfigKeys (ConfUtils.java:logGet(46)) - raft.server.watch.timeout.denomination = 1s (default)
2022-07-12 20:45:28,520 [om1@group-C5BA1605619E-LeaderElection41] INFO  server.RaftServerConfigKeys (ConfUtils.java:logGet(46)) - raft.server.watch.element-limit = 65536 (default)
2022-07-12 20:45:28,520 [om1@group-C5BA1605619E-LeaderElection41] INFO  server.RaftServerConfigKeys (ConfUtils.java:logGet(46)) - raft.server.write.element-limit = 4096 (default)
2022-07-12 20:45:28,520 [om1@group-C5BA1605619E-LeaderElection41] INFO  server.RaftServerConfigKeys (ConfUtils.java:logGet(46)) - raft.server.write.follower.gap.ratio.max = -1.0 (default)
2022-07-12 20:45:28,521 [om1@group-C5BA1605619E-LeaderElection41] INFO  impl.RoleInfo (RoleInfo.java:updateAndGet(139)) - om1: start om1@group-C5BA1605619E-LeaderStateImpl
2022-07-12 20:45:28,521 [om1@group-C5BA1605619E-LeaderElection41] INFO  segmented.SegmentedRaftLogWorker (SegmentedRaftLogWorker.java:startLogSegment(425)) - om1@group-C5BA1605619E-SegmentedRaftLogWorker: Starting segment from index:0
2022-07-12 20:45:28,531 [om1@group-C5BA1605619E-SegmentedRaftLogWorker] INFO  segmented.SegmentedRaftLogWorker (SegmentedRaftLogWorker.java:execute(629)) - om1@group-C5BA1605619E-SegmentedRaftLogWorker: created new log segment /home/runner/work/ozone/ozone/hadoop-ozone/integration-test/target/test-dir/MiniOzoneClusterImpl-333fec51-4ba1-426d-9c6c-44177af9cbb2/ozone-meta/ratis/bf265839-605b-3f16-9796-c5ba1605619e/current/log_inprogress_0
2022-07-12 20:45:28,551 [om1@group-C5BA1605619E-LeaderElection41] INFO  server.RaftServer$Division (ServerState.java:setRaftConf(393)) - om1@group-C5BA1605619E: set configuration 0: [om1|rpc:localhost:9872|admin:|client:|dataStream:|priority:0], old=null
2022-07-12 20:45:28,586 [om1@group-C5BA1605619E-StateMachineUpdater] INFO  ratis.OzoneManagerStateMachine (OzoneManagerStateMachine.java:notifyConfigurationChanged(192)) - Received Configuration change notification from Ratis. New Peer list:
[id: "om1"
address: "localhost:9872"
]
2022-07-12 20:45:28,839 [Listener at 127.0.0.1/45649] INFO  handler.ContextHandler (ContextHandler.java:doStart(915)) - Started o.e.j.w.WebAppContext@51561b18{hddsDatanode,/,file:///tmp/jetty-0_0_0_0-40705-hdds-container-service-1_3_0-SNAPSHOT_jar-_-any-4981085162131461191/webapp/,AVAILABLE}{jar:file:/home/runner/.m2/repository/org/apache/ozone/hdds-container-service/1.3.0-SNAPSHOT/hdds-container-service-1.3.0-SNAPSHOT.jar!/webapps/hddsDatanode}
2022-07-12 20:45:28,851 [Listener at 127.0.0.1/45649] INFO  server.AbstractConnector (AbstractConnector.java:doStart(331)) - Started ServerConnector@4cf32e16{HTTP/1.1, (http/1.1)}{0.0.0.0:40705}
2022-07-12 20:45:28,851 [Listener at 127.0.0.1/45649] INFO  server.Server (Server.java:doStart(415)) - Started @127225ms
2022-07-12 20:45:28,851 [Listener at 127.0.0.1/45649] WARN  impl.MetricsSystemImpl (MetricsSystemImpl.java:register(279)) - Sink prometheus already exists!
2022-07-12 20:45:28,855 [Listener at 127.0.0.1/45649] INFO  http.BaseHttpServer (BaseHttpServer.java:updateConnectorAddress(329)) - HTTP server of hddsDatanode listening at http://0.0.0.0:40705
2022-07-12 20:45:28,860 [Listener at 127.0.0.1/45649] WARN  impl.MetricRegistriesImpl (MetricRegistriesImpl.java:addReporterRegistration(111)) - New reporters are added after registries were created. Some metrics will be missing from the reporter. Please add reporter before adding any new registry.
2022-07-12 20:45:28,860 [Listener at 127.0.0.1/45649] WARN  impl.MetricRegistriesImpl (MetricRegistriesImpl.java:addReporterRegistration(111)) - New reporters are added after registries were created. Some metrics will be missing from the reporter. Please add reporter before adding any new registry.
2022-07-12 20:45:28,860 [Listener at 127.0.0.1/45649] INFO  impl.MetricsSystemImpl (MetricsSystemImpl.java:init(158)) - HddsDatanode metrics system started (again)
2022-07-12 20:45:28,867 [Datanode State Machine Daemon Thread] INFO  statemachine.DatanodeStateMachine (DatanodeStateMachine.java:lambda$startDaemon$0(492)) - Ozone container server started.
2022-07-12 20:45:28,871 [Listener at 127.0.0.1/45649] INFO  ozone.HddsDatanodeService (HddsDatanodeService.java:start(236)) - HddsDatanodeService host:fv-az29-983.0gf2enmb5avurc1gjtxldx4mnh.bx.internal.cloudapp.net ip:10.1.0.33
2022-07-12 20:45:28,963 [org.apache.hadoop.util.JvmPauseMonitor$Monitor@1e155036] INFO  util.JvmPauseMonitor (JvmPauseMonitor.java:run(188)) - Starting JVM pause monitor
2022-07-12 20:45:28,980 [Datanode State Machine Task Thread - 0] INFO  datanode.InitDatanodeState (InitDatanodeState.java:persistContainerDatanodeDetails(138)) - DatanodeDetails is persisted to /home/runner/work/ozone/ozone/hadoop-ozone/integration-test/target/test-dir/MiniOzoneClusterImpl-333fec51-4ba1-426d-9c6c-44177af9cbb2/datanode-0/meta/datanode.id
2022-07-12 20:45:29,035 [Listener at 127.0.0.1/45649] INFO  upgrade.AbstractLayoutVersionManager (AbstractLayoutVersionManager.java:init(82)) - Initializing Layout version manager with metadata layout = DATANODE_SCHEMA_V3 (version = 4), software layout = DATANODE_SCHEMA_V3 (version = 4)
2022-07-12 20:45:29,135 [Listener at 127.0.0.1/45649] INFO  reflections.Reflections (Reflections.java:scan(232)) - Reflections took 92 ms to scan 7 urls, producing 132 keys and 317 values 
2022-07-12 20:45:29,147 [Listener at 127.0.0.1/45649] INFO  statemachine.DatanodeStateMachine (DatanodeStateMachine.java:getEndPointTaskThreadPoolSize(237)) - Datanode State Machine Task Thread Pool size 2
2022-07-12 20:45:29,171 [Listener at 127.0.0.1/45649] INFO  volume.HddsVolume (HddsVolume.java:<init>(116)) - Creating HddsVolume: /home/runner/work/ozone/ozone/hadoop-ozone/integration-test/target/test-dir/MiniOzoneClusterImpl-333fec51-4ba1-426d-9c6c-44177af9cbb2/datanode-1/data-0/containers/hdds of storage type : DISK capacity : 9223372036854775807
2022-07-12 20:45:29,172 [Listener at 127.0.0.1/45649] INFO  volume.MutableVolumeSet (MutableVolumeSet.java:initializeVolumeSet(174)) - Added Volume : /home/runner/work/ozone/ozone/hadoop-ozone/integration-test/target/test-dir/MiniOzoneClusterImpl-333fec51-4ba1-426d-9c6c-44177af9cbb2/datanode-1/data-0/containers/hdds to VolumeSet
2022-07-12 20:45:29,172 [Listener at 127.0.0.1/45649] INFO  volume.ThrottledAsyncChecker (ThrottledAsyncChecker.java:schedule(141)) - Scheduling a check for /home/runner/work/ozone/ozone/hadoop-ozone/integration-test/target/test-dir/MiniOzoneClusterImpl-333fec51-4ba1-426d-9c6c-44177af9cbb2/datanode-1/data-0/containers/hdds
2022-07-12 20:45:29,205 [Listener at 127.0.0.1/45649] INFO  volume.StorageVolumeChecker (StorageVolumeChecker.java:checkAllVolumes(202)) - Scheduled health check for volume /home/runner/work/ozone/ozone/hadoop-ozone/integration-test/target/test-dir/MiniOzoneClusterImpl-333fec51-4ba1-426d-9c6c-44177af9cbb2/datanode-1/data-0/containers/hdds
2022-07-12 20:45:29,229 [Listener at 127.0.0.1/45649] INFO  volume.MutableVolumeSet (MutableVolumeSet.java:initializeVolumeSet(174)) - Added Volume : /home/runner/work/ozone/ozone/hadoop-ozone/integration-test/target/test-dir/MiniOzoneClusterImpl-333fec51-4ba1-426d-9c6c-44177af9cbb2/datanode-1/data/ratis to VolumeSet
2022-07-12 20:45:29,229 [Listener at 127.0.0.1/45649] INFO  volume.ThrottledAsyncChecker (ThrottledAsyncChecker.java:schedule(141)) - Scheduling a check for /home/runner/work/ozone/ozone/hadoop-ozone/integration-test/target/test-dir/MiniOzoneClusterImpl-333fec51-4ba1-426d-9c6c-44177af9cbb2/datanode-1/data/ratis
2022-07-12 20:45:29,235 [Listener at 127.0.0.1/45649] INFO  volume.StorageVolumeChecker (StorageVolumeChecker.java:checkAllVolumes(202)) - Scheduled health check for volume /home/runner/work/ozone/ozone/hadoop-ozone/integration-test/target/test-dir/MiniOzoneClusterImpl-333fec51-4ba1-426d-9c6c-44177af9cbb2/datanode-1/data/ratis
2022-07-12 20:45:29,287 [Thread-961] INFO  ozoneimpl.ContainerReader (ContainerReader.java:readVolume(175)) - Finish verifying containers on volume /home/runner/work/ozone/ozone/hadoop-ozone/integration-test/target/test-dir/MiniOzoneClusterImpl-333fec51-4ba1-426d-9c6c-44177af9cbb2/datanode-1/data-0/containers/hdds
2022-07-12 20:45:29,287 [Listener at 127.0.0.1/45649] INFO  ozoneimpl.OzoneContainer (OzoneContainer.java:buildContainerSet(266)) - Build ContainerSet costs 0s
2022-07-12 20:45:29,289 [Listener at 127.0.0.1/45649] INFO  server.RaftServer (ConfUtils.java:logGet(46)) - raft.rpc.type = GRPC (default)
2022-07-12 20:45:29,289 [Listener at 127.0.0.1/45649] INFO  grpc.GrpcFactory (GrpcFactory.java:checkPooledByteBufAllocatorUseCacheForAllThreads(48)) - PERFORMANCE WARNING: useCacheForAllThreads is true that may cause Netty to create a lot garbage objects and, as a result, trigger GC.
	It is recommended to disable useCacheForAllThreads by setting -Dorg.apache.ratis.thirdparty.io.netty.allocator.useCacheForAllThreads=false in command line.
2022-07-12 20:45:29,289 [Listener at 127.0.0.1/45649] INFO  grpc.GrpcConfigKeys (ConfUtils.java:logGet(46)) - raft.grpc.admin.port = 0 (custom)
2022-07-12 20:45:29,289 [Listener at 127.0.0.1/45649] INFO  grpc.GrpcConfigKeys (ConfUtils.java:logGet(46)) - raft.grpc.client.port = 0 (custom)
2022-07-12 20:45:29,289 [Listener at 127.0.0.1/45649] INFO  grpc.GrpcConfigKeys (ConfUtils.java:logGet(46)) - raft.grpc.server.port = 0 (default)
2022-07-12 20:45:29,289 [Listener at 127.0.0.1/45649] INFO  server.GrpcService (ConfUtils.java:logGet(46)) - raft.grpc.message.size.max = 32MB (=33554432) (custom)
2022-07-12 20:45:29,290 [Listener at 127.0.0.1/45649] INFO  server.RaftServerConfigKeys (ConfUtils.java:logGet(46)) - raft.server.log.appender.buffer.byte-limit = 33554432 (custom)
2022-07-12 20:45:29,290 [Listener at 127.0.0.1/45649] INFO  server.GrpcService (ConfUtils.java:logGet(46)) - raft.grpc.flow.control.window = 5MB (=5242880) (custom)
2022-07-12 20:45:29,290 [Listener at 127.0.0.1/45649] INFO  server.RaftServerConfigKeys (ConfUtils.java:logGet(46)) - raft.server.rpc.request.timeout = 60s (custom)
2022-07-12 20:45:29,290 [Listener at 127.0.0.1/45649] INFO  grpc.GrpcConfigKeys (ConfUtils.java:logGet(46)) - raft.grpc.server.async.request.thread.pool.cached = true (default)
2022-07-12 20:45:29,290 [Listener at 127.0.0.1/45649] INFO  grpc.GrpcConfigKeys (ConfUtils.java:logGet(46)) - raft.grpc.server.async.request.thread.pool.size = 32 (default)
2022-07-12 20:45:29,298 [Listener at 127.0.0.1/45649] INFO  impl.DataStreamServerImpl (ConfUtils.java:logGet(46)) - raft.datastream.type = DISABLED (default)
2022-07-12 20:45:29,303 [Listener at 127.0.0.1/45649] INFO  server.RaftServerConfigKeys (ConfUtils.java:logGet(46)) - raft.server.threadpool.proxy.cached = true (default)
2022-07-12 20:45:29,303 [Listener at 127.0.0.1/45649] INFO  server.RaftServerConfigKeys (ConfUtils.java:logGet(46)) - raft.server.threadpool.proxy.size = 0 (default)
2022-07-12 20:45:29,303 [Listener at 127.0.0.1/45649] INFO  server.RaftServerConfigKeys (ConfUtils.java:logGet(46)) - raft.server.rpc.slowness.timeout = 300s (custom)
2022-07-12 20:45:29,303 [Listener at 127.0.0.1/45649] INFO  server.RaftServerConfigKeys (ConfUtils.java:logGet(46)) - raft.server.leaderelection.leader.step-down.wait-time = 10s (default)
2022-07-12 20:45:29,303 [Listener at 127.0.0.1/45649] INFO  server.RaftServerConfigKeys (ConfUtils.java:logGet(46)) - raft.server.storage.dir = [/home/runner/work/ozone/ozone/hadoop-ozone/integration-test/target/test-dir/MiniOzoneClusterImpl-333fec51-4ba1-426d-9c6c-44177af9cbb2/datanode-1/data/ratis] (custom)
2022-07-12 20:45:29,324 [Listener at 127.0.0.1/45649] INFO  server.XceiverServerGrpc (XceiverServerGrpc.java:<init>(132)) - GrpcServer channel type EpollServerSocketChannel
2022-07-12 20:45:29,399 [Listener at 127.0.0.1/45649] INFO  http.BaseHttpServer (BaseHttpServer.java:newHttpServer2BuilderForOzone(209)) - Starting Web-server for hddsDatanode at: http://0.0.0.0:0
2022-07-12 20:45:29,399 [Listener at 127.0.0.1/45649] INFO  http.BaseHttpServer (BaseHttpServer.java:<init>(107)) - Hadoop Security Enabled: false Ozone Security Enabled: false Ozone HTTP Security Enabled: false 
2022-07-12 20:45:29,401 [Listener at 127.0.0.1/45649] INFO  server.AuthenticationFilter (AuthenticationFilter.java:constructSecretProvider(240)) - Unable to initialize FileSignerSecretProvider, falling back to use random secrets.
2022-07-12 20:45:29,401 [Listener at 127.0.0.1/45649] WARN  http.HttpRequestLog (HttpRequestLog.java:getRequestLog(103)) - Jetty request log can only be enabled using Log4j
2022-07-12 20:45:29,403 [Listener at 127.0.0.1/45649] INFO  http.HttpServer2 (HttpServer2.java:addGlobalFilter(1029)) - Added global filter 'safety' (class=org.apache.hadoop.hdds.server.http.HttpServer2$QuotingInputFilter)
2022-07-12 20:45:29,403 [Listener at 127.0.0.1/45649] INFO  http.HttpServer2 (HttpServer2.java:addFilter(1005)) - Added filter static_user_filter (class=org.apache.hadoop.http.lib.StaticUserWebFilter$StaticUserFilter) to context hddsDatanode
2022-07-12 20:45:29,403 [Listener at 127.0.0.1/45649] INFO  http.HttpServer2 (HttpServer2.java:addFilter(1013)) - Added filter static_user_filter (class=org.apache.hadoop.http.lib.StaticUserWebFilter$StaticUserFilter) to context static
2022-07-12 20:45:29,403 [Listener at 127.0.0.1/45649] INFO  http.HttpServer2 (HttpServer2.java:addFilter(1013)) - Added filter static_user_filter (class=org.apache.hadoop.http.lib.StaticUserWebFilter$StaticUserFilter) to context logs
2022-07-12 20:45:29,439 [Listener at 127.0.0.1/45649] INFO  http.HttpServer2 (HttpServer2.java:bindListener(1248)) - Jetty bound to port 46249
2022-07-12 20:45:29,439 [Listener at 127.0.0.1/45649] INFO  server.Server (Server.java:doStart(375)) - jetty-9.4.43.v20210629; built: 2021-06-30T11:07:22.254Z; git: 526006ecfa3af7f1a27ef3a288e2bef7ea9dd7e8; jvm 1.8.0_332-b09
2022-07-12 20:45:29,467 [Listener at 127.0.0.1/45649] INFO  server.session (DefaultSessionIdManager.java:doStart(334)) - DefaultSessionIdManager workerName=node0
2022-07-12 20:45:29,467 [Listener at 127.0.0.1/45649] INFO  server.session (DefaultSessionIdManager.java:doStart(339)) - No SessionScavenger set, using defaults
2022-07-12 20:45:29,467 [Listener at 127.0.0.1/45649] INFO  server.session (HouseKeeper.java:startScavenging(132)) - node0 Scavenging every 600000ms
2022-07-12 20:45:29,468 [Listener at 127.0.0.1/45649] INFO  handler.ContextHandler (ContextHandler.java:doStart(915)) - Started o.e.j.s.ServletContextHandler@55e74dde{logs,/logs,file:///home/runner/work/ozone/ozone/hadoop-ozone/integration-test/target/log,AVAILABLE}
2022-07-12 20:45:29,468 [Listener at 127.0.0.1/45649] INFO  handler.ContextHandler (ContextHandler.java:doStart(915)) - Started o.e.j.s.ServletContextHandler@6fca1c7e{static,/static,jar:file:/home/runner/.m2/repository/org/apache/ozone/hdds-container-service/1.3.0-SNAPSHOT/hdds-container-service-1.3.0-SNAPSHOT.jar!/webapps/static,AVAILABLE}
2022-07-12 20:45:30,112 [Listener at 127.0.0.1/45649] INFO  handler.ContextHandler (ContextHandler.java:doStart(915)) - Started o.e.j.w.WebAppContext@43187052{hddsDatanode,/,file:///tmp/jetty-0_0_0_0-46249-hdds-container-service-1_3_0-SNAPSHOT_jar-_-any-1602111141787754393/webapp/,AVAILABLE}{jar:file:/home/runner/.m2/repository/org/apache/ozone/hdds-container-service/1.3.0-SNAPSHOT/hdds-container-service-1.3.0-SNAPSHOT.jar!/webapps/hddsDatanode}
2022-07-12 20:45:30,156 [Listener at 127.0.0.1/45649] INFO  server.AbstractConnector (AbstractConnector.java:doStart(331)) - Started ServerConnector@4d847da5{HTTP/1.1, (http/1.1)}{0.0.0.0:46249}
2022-07-12 20:45:30,156 [Listener at 127.0.0.1/45649] INFO  server.Server (Server.java:doStart(415)) - Started @128530ms
2022-07-12 20:45:30,156 [Listener at 127.0.0.1/45649] WARN  impl.MetricsSystemImpl (MetricsSystemImpl.java:register(279)) - Sink prometheus already exists!
2022-07-12 20:45:30,157 [Listener at 127.0.0.1/45649] INFO  http.BaseHttpServer (BaseHttpServer.java:updateConnectorAddress(329)) - HTTP server of hddsDatanode listening at http://0.0.0.0:46249
2022-07-12 20:45:30,163 [Listener at 127.0.0.1/45649] WARN  impl.MetricRegistriesImpl (MetricRegistriesImpl.java:addReporterRegistration(111)) - New reporters are added after registries were created. Some metrics will be missing from the reporter. Please add reporter before adding any new registry.
2022-07-12 20:45:30,163 [Listener at 127.0.0.1/45649] WARN  impl.MetricRegistriesImpl (MetricRegistriesImpl.java:addReporterRegistration(111)) - New reporters are added after registries were created. Some metrics will be missing from the reporter. Please add reporter before adding any new registry.
2022-07-12 20:45:30,163 [Listener at 127.0.0.1/45649] INFO  impl.MetricsSystemImpl (MetricsSystemImpl.java:init(158)) - HddsDatanode metrics system started (again)
2022-07-12 20:45:30,167 [Datanode State Machine Daemon Thread] INFO  statemachine.DatanodeStateMachine (DatanodeStateMachine.java:lambda$startDaemon$0(492)) - Ozone container server started.
2022-07-12 20:45:30,227 [org.apache.hadoop.util.JvmPauseMonitor$Monitor@4bf1179b] INFO  util.JvmPauseMonitor (JvmPauseMonitor.java:run(188)) - Starting JVM pause monitor
2022-07-12 20:45:30,250 [Listener at 127.0.0.1/45649] INFO  ozone.HddsDatanodeService (HddsDatanodeService.java:start(236)) - HddsDatanodeService host:fv-az29-983.0gf2enmb5avurc1gjtxldx4mnh.bx.internal.cloudapp.net ip:10.1.0.33
2022-07-12 20:45:30,258 [Datanode State Machine Task Thread - 0] INFO  datanode.InitDatanodeState (InitDatanodeState.java:persistContainerDatanodeDetails(138)) - DatanodeDetails is persisted to /home/runner/work/ozone/ozone/hadoop-ozone/integration-test/target/test-dir/MiniOzoneClusterImpl-333fec51-4ba1-426d-9c6c-44177af9cbb2/datanode-1/meta/datanode.id
2022-07-12 20:45:30,347 [Listener at 127.0.0.1/45649] INFO  upgrade.AbstractLayoutVersionManager (AbstractLayoutVersionManager.java:init(82)) - Initializing Layout version manager with metadata layout = DATANODE_SCHEMA_V3 (version = 4), software layout = DATANODE_SCHEMA_V3 (version = 4)
2022-07-12 20:45:30,459 [Listener at 127.0.0.1/45649] INFO  reflections.Reflections (Reflections.java:scan(232)) - Reflections took 111 ms to scan 7 urls, producing 132 keys and 317 values 
2022-07-12 20:45:30,461 [Listener at 127.0.0.1/45649] INFO  statemachine.DatanodeStateMachine (DatanodeStateMachine.java:getEndPointTaskThreadPoolSize(237)) - Datanode State Machine Task Thread Pool size 2
2022-07-12 20:45:30,483 [Listener at 127.0.0.1/45649] INFO  volume.HddsVolume (HddsVolume.java:<init>(116)) - Creating HddsVolume: /home/runner/work/ozone/ozone/hadoop-ozone/integration-test/target/test-dir/MiniOzoneClusterImpl-333fec51-4ba1-426d-9c6c-44177af9cbb2/datanode-2/data-0/containers/hdds of storage type : DISK capacity : 9223372036854775807
2022-07-12 20:45:30,484 [Listener at 127.0.0.1/45649] INFO  volume.MutableVolumeSet (MutableVolumeSet.java:initializeVolumeSet(174)) - Added Volume : /home/runner/work/ozone/ozone/hadoop-ozone/integration-test/target/test-dir/MiniOzoneClusterImpl-333fec51-4ba1-426d-9c6c-44177af9cbb2/datanode-2/data-0/containers/hdds to VolumeSet
2022-07-12 20:45:30,484 [Listener at 127.0.0.1/45649] INFO  volume.ThrottledAsyncChecker (ThrottledAsyncChecker.java:schedule(141)) - Scheduling a check for /home/runner/work/ozone/ozone/hadoop-ozone/integration-test/target/test-dir/MiniOzoneClusterImpl-333fec51-4ba1-426d-9c6c-44177af9cbb2/datanode-2/data-0/containers/hdds
2022-07-12 20:45:30,503 [Listener at 127.0.0.1/45649] INFO  volume.StorageVolumeChecker (StorageVolumeChecker.java:checkAllVolumes(202)) - Scheduled health check for volume /home/runner/work/ozone/ozone/hadoop-ozone/integration-test/target/test-dir/MiniOzoneClusterImpl-333fec51-4ba1-426d-9c6c-44177af9cbb2/datanode-2/data-0/containers/hdds
2022-07-12 20:45:30,517 [Listener at 127.0.0.1/45649] INFO  volume.MutableVolumeSet (MutableVolumeSet.java:initializeVolumeSet(174)) - Added Volume : /home/runner/work/ozone/ozone/hadoop-ozone/integration-test/target/test-dir/MiniOzoneClusterImpl-333fec51-4ba1-426d-9c6c-44177af9cbb2/datanode-2/data/ratis to VolumeSet
2022-07-12 20:45:30,517 [Listener at 127.0.0.1/45649] INFO  volume.ThrottledAsyncChecker (ThrottledAsyncChecker.java:schedule(141)) - Scheduling a check for /home/runner/work/ozone/ozone/hadoop-ozone/integration-test/target/test-dir/MiniOzoneClusterImpl-333fec51-4ba1-426d-9c6c-44177af9cbb2/datanode-2/data/ratis
2022-07-12 20:45:30,517 [Listener at 127.0.0.1/45649] INFO  volume.StorageVolumeChecker (StorageVolumeChecker.java:checkAllVolumes(202)) - Scheduled health check for volume /home/runner/work/ozone/ozone/hadoop-ozone/integration-test/target/test-dir/MiniOzoneClusterImpl-333fec51-4ba1-426d-9c6c-44177af9cbb2/datanode-2/data/ratis
2022-07-12 20:45:30,578 [Thread-974] INFO  ozoneimpl.ContainerReader (ContainerReader.java:readVolume(175)) - Finish verifying containers on volume /home/runner/work/ozone/ozone/hadoop-ozone/integration-test/target/test-dir/MiniOzoneClusterImpl-333fec51-4ba1-426d-9c6c-44177af9cbb2/datanode-2/data-0/containers/hdds
2022-07-12 20:45:30,579 [Listener at 127.0.0.1/45649] INFO  ozoneimpl.OzoneContainer (OzoneContainer.java:buildContainerSet(266)) - Build ContainerSet costs 0s
2022-07-12 20:45:30,584 [Listener at 127.0.0.1/45649] INFO  server.RaftServer (ConfUtils.java:logGet(46)) - raft.rpc.type = GRPC (default)
2022-07-12 20:45:30,584 [Listener at 127.0.0.1/45649] INFO  grpc.GrpcFactory (GrpcFactory.java:checkPooledByteBufAllocatorUseCacheForAllThreads(48)) - PERFORMANCE WARNING: useCacheForAllThreads is true that may cause Netty to create a lot garbage objects and, as a result, trigger GC.
	It is recommended to disable useCacheForAllThreads by setting -Dorg.apache.ratis.thirdparty.io.netty.allocator.useCacheForAllThreads=false in command line.
2022-07-12 20:45:30,584 [Listener at 127.0.0.1/45649] INFO  grpc.GrpcConfigKeys (ConfUtils.java:logGet(46)) - raft.grpc.admin.port = 0 (custom)
2022-07-12 20:45:30,584 [Listener at 127.0.0.1/45649] INFO  grpc.GrpcConfigKeys (ConfUtils.java:logGet(46)) - raft.grpc.client.port = 0 (custom)
2022-07-12 20:45:30,584 [Listener at 127.0.0.1/45649] INFO  grpc.GrpcConfigKeys (ConfUtils.java:logGet(46)) - raft.grpc.server.port = 0 (default)
2022-07-12 20:45:30,584 [Listener at 127.0.0.1/45649] INFO  server.GrpcService (ConfUtils.java:logGet(46)) - raft.grpc.message.size.max = 32MB (=33554432) (custom)
2022-07-12 20:45:30,584 [Listener at 127.0.0.1/45649] INFO  server.RaftServerConfigKeys (ConfUtils.java:logGet(46)) - raft.server.log.appender.buffer.byte-limit = 33554432 (custom)
2022-07-12 20:45:30,584 [Listener at 127.0.0.1/45649] INFO  server.GrpcService (ConfUtils.java:logGet(46)) - raft.grpc.flow.control.window = 5MB (=5242880) (custom)
2022-07-12 20:45:30,585 [Listener at 127.0.0.1/45649] INFO  server.RaftServerConfigKeys (ConfUtils.java:logGet(46)) - raft.server.rpc.request.timeout = 60s (custom)
2022-07-12 20:45:30,585 [Listener at 127.0.0.1/45649] INFO  grpc.GrpcConfigKeys (ConfUtils.java:logGet(46)) - raft.grpc.server.async.request.thread.pool.cached = true (default)
2022-07-12 20:45:30,585 [Listener at 127.0.0.1/45649] INFO  grpc.GrpcConfigKeys (ConfUtils.java:logGet(46)) - raft.grpc.server.async.request.thread.pool.size = 32 (default)
2022-07-12 20:45:30,586 [Listener at 127.0.0.1/45649] INFO  impl.DataStreamServerImpl (ConfUtils.java:logGet(46)) - raft.datastream.type = DISABLED (default)
2022-07-12 20:45:30,586 [Listener at 127.0.0.1/45649] INFO  server.RaftServerConfigKeys (ConfUtils.java:logGet(46)) - raft.server.threadpool.proxy.cached = true (default)
2022-07-12 20:45:30,606 [Listener at 127.0.0.1/45649] INFO  server.RaftServerConfigKeys (ConfUtils.java:logGet(46)) - raft.server.threadpool.proxy.size = 0 (default)
2022-07-12 20:45:30,606 [Listener at 127.0.0.1/45649] INFO  server.RaftServerConfigKeys (ConfUtils.java:logGet(46)) - raft.server.rpc.slowness.timeout = 300s (custom)
2022-07-12 20:45:30,606 [Listener at 127.0.0.1/45649] INFO  server.RaftServerConfigKeys (ConfUtils.java:logGet(46)) - raft.server.leaderelection.leader.step-down.wait-time = 10s (default)
2022-07-12 20:45:30,606 [Listener at 127.0.0.1/45649] INFO  server.RaftServerConfigKeys (ConfUtils.java:logGet(46)) - raft.server.storage.dir = [/home/runner/work/ozone/ozone/hadoop-ozone/integration-test/target/test-dir/MiniOzoneClusterImpl-333fec51-4ba1-426d-9c6c-44177af9cbb2/datanode-2/data/ratis] (custom)
2022-07-12 20:45:30,622 [Listener at 127.0.0.1/45649] INFO  server.XceiverServerGrpc (XceiverServerGrpc.java:<init>(132)) - GrpcServer channel type EpollServerSocketChannel
2022-07-12 20:45:30,625 [Listener at 127.0.0.1/45649] INFO  http.BaseHttpServer (BaseHttpServer.java:newHttpServer2BuilderForOzone(209)) - Starting Web-server for hddsDatanode at: http://0.0.0.0:0
2022-07-12 20:45:30,625 [Listener at 127.0.0.1/45649] INFO  http.BaseHttpServer (BaseHttpServer.java:<init>(107)) - Hadoop Security Enabled: false Ozone Security Enabled: false Ozone HTTP Security Enabled: false 
2022-07-12 20:45:30,626 [Listener at 127.0.0.1/45649] INFO  server.AuthenticationFilter (AuthenticationFilter.java:constructSecretProvider(240)) - Unable to initialize FileSignerSecretProvider, falling back to use random secrets.
2022-07-12 20:45:30,644 [Listener at 127.0.0.1/45649] WARN  http.HttpRequestLog (HttpRequestLog.java:getRequestLog(103)) - Jetty request log can only be enabled using Log4j
2022-07-12 20:45:30,646 [Listener at 127.0.0.1/45649] INFO  http.HttpServer2 (HttpServer2.java:addGlobalFilter(1029)) - Added global filter 'safety' (class=org.apache.hadoop.hdds.server.http.HttpServer2$QuotingInputFilter)
2022-07-12 20:45:30,655 [Listener at 127.0.0.1/45649] INFO  http.HttpServer2 (HttpServer2.java:addFilter(1005)) - Added filter static_user_filter (class=org.apache.hadoop.http.lib.StaticUserWebFilter$StaticUserFilter) to context hddsDatanode
2022-07-12 20:45:30,655 [Listener at 127.0.0.1/45649] INFO  http.HttpServer2 (HttpServer2.java:addFilter(1013)) - Added filter static_user_filter (class=org.apache.hadoop.http.lib.StaticUserWebFilter$StaticUserFilter) to context logs
2022-07-12 20:45:30,655 [Listener at 127.0.0.1/45649] INFO  http.HttpServer2 (HttpServer2.java:addFilter(1013)) - Added filter static_user_filter (class=org.apache.hadoop.http.lib.StaticUserWebFilter$StaticUserFilter) to context static
2022-07-12 20:45:30,655 [Listener at 127.0.0.1/45649] INFO  http.HttpServer2 (HttpServer2.java:bindListener(1248)) - Jetty bound to port 37513
2022-07-12 20:45:30,656 [Listener at 127.0.0.1/45649] INFO  server.Server (Server.java:doStart(375)) - jetty-9.4.43.v20210629; built: 2021-06-30T11:07:22.254Z; git: 526006ecfa3af7f1a27ef3a288e2bef7ea9dd7e8; jvm 1.8.0_332-b09
2022-07-12 20:45:30,703 [Listener at 127.0.0.1/45649] INFO  server.session (DefaultSessionIdManager.java:doStart(334)) - DefaultSessionIdManager workerName=node0
2022-07-12 20:45:30,703 [Listener at 127.0.0.1/45649] INFO  server.session (DefaultSessionIdManager.java:doStart(339)) - No SessionScavenger set, using defaults
2022-07-12 20:45:30,703 [Listener at 127.0.0.1/45649] INFO  server.session (HouseKeeper.java:startScavenging(132)) - node0 Scavenging every 600000ms
2022-07-12 20:45:30,709 [Listener at 127.0.0.1/45649] INFO  handler.ContextHandler (ContextHandler.java:doStart(915)) - Started o.e.j.s.ServletContextHandler@369b99ba{logs,/logs,file:///home/runner/work/ozone/ozone/hadoop-ozone/integration-test/target/log,AVAILABLE}
2022-07-12 20:45:30,709 [Listener at 127.0.0.1/45649] INFO  handler.ContextHandler (ContextHandler.java:doStart(915)) - Started o.e.j.s.ServletContextHandler@5449e498{static,/static,jar:file:/home/runner/.m2/repository/org/apache/ozone/hdds-container-service/1.3.0-SNAPSHOT/hdds-container-service-1.3.0-SNAPSHOT.jar!/webapps/static,AVAILABLE}
2022-07-12 20:45:31,111 [EndpointStateMachine task thread for /0.0.0.0:43217 - 0 ] INFO  volume.HddsVolume (HddsVolume.java:createDbStore(309)) - SchemaV3 db is created and loaded at /home/runner/work/ozone/ozone/hadoop-ozone/integration-test/target/test-dir/MiniOzoneClusterImpl-333fec51-4ba1-426d-9c6c-44177af9cbb2/datanode-0/data-0/containers/hdds/333fec51-4ba1-426d-9c6c-44177af9cbb2/DS-fcbf92a7-d043-45c6-86e2-e7369da8b8c8/container.db for volume DS-fcbf92a7-d043-45c6-86e2-e7369da8b8c8
2022-07-12 20:45:31,112 [EndpointStateMachine task thread for /0.0.0.0:43217 - 0 ] INFO  volume.HddsVolume (HddsVolume.java:closeDbStore(340)) - SchemaV3 db is stopped at /home/runner/work/ozone/ozone/hadoop-ozone/integration-test/target/test-dir/MiniOzoneClusterImpl-333fec51-4ba1-426d-9c6c-44177af9cbb2/datanode-0/data-0/containers/hdds/333fec51-4ba1-426d-9c6c-44177af9cbb2/DS-fcbf92a7-d043-45c6-86e2-e7369da8b8c8/container.db for volume DS-fcbf92a7-d043-45c6-86e2-e7369da8b8c8
2022-07-12 20:45:31,112 [EndpointStateMachine task thread for /0.0.0.0:43217 - 0 ] INFO  ozoneimpl.OzoneContainer (OzoneContainer.java:start(344)) - Attempting to start container services.
2022-07-12 20:45:31,113 [EndpointStateMachine task thread for /0.0.0.0:43217 - 0 ] INFO  ozoneimpl.OzoneContainer (OzoneContainer.java:startContainerScrub(279)) - Background container scanner has been disabled.
2022-07-12 20:45:31,127 [EndpointStateMachine task thread for /0.0.0.0:43217 - 0 ] INFO  replication.ReplicationServer (ReplicationServer.java:start(111)) - ReplicationServer is started using port 37171
2022-07-12 20:45:31,134 [EndpointStateMachine task thread for /0.0.0.0:43217 - 0 ] INFO  ratis.XceiverServerRatis (XceiverServerRatis.java:start(481)) - Starting XceiverServerRatis 78c9189f-838b-4558-b0ec-dc02cb69d32a
2022-07-12 20:45:31,152 [EndpointStateMachine task thread for /0.0.0.0:43217 - 0 ] INFO  server.RaftServer (RaftServerProxy.java:lambda$start$6(382)) - 78c9189f-838b-4558-b0ec-dc02cb69d32a: start RPC server
2022-07-12 20:45:31,183 [EndpointStateMachine task thread for /0.0.0.0:43217 - 0 ] INFO  server.GrpcService (GrpcService.java:startImpl(260)) - 78c9189f-838b-4558-b0ec-dc02cb69d32a: GrpcService started, listening on 36363
2022-07-12 20:45:31,184 [EndpointStateMachine task thread for /0.0.0.0:43217 - 0 ] INFO  ratis.XceiverServerRatis (XceiverServerRatis.java:getRealPort(502)) - XceiverServerRatis 78c9189f-838b-4558-b0ec-dc02cb69d32a is started using port 36363 for RATIS
2022-07-12 20:45:31,184 [EndpointStateMachine task thread for /0.0.0.0:43217 - 0 ] INFO  ratis.XceiverServerRatis (XceiverServerRatis.java:getRealPort(502)) - XceiverServerRatis 78c9189f-838b-4558-b0ec-dc02cb69d32a is started using port 36363 for RATIS_ADMIN
2022-07-12 20:45:31,184 [EndpointStateMachine task thread for /0.0.0.0:43217 - 0 ] INFO  ratis.XceiverServerRatis (XceiverServerRatis.java:getRealPort(502)) - XceiverServerRatis 78c9189f-838b-4558-b0ec-dc02cb69d32a is started using port 36363 for RATIS_SERVER
2022-07-12 20:45:31,191 [org.apache.ratis.util.JvmPauseMonitor$$Lambda$680/1268395511@257758e3] INFO  util.JvmPauseMonitor (JvmPauseMonitor.java:run(103)) - JvmPauseMonitor-78c9189f-838b-4558-b0ec-dc02cb69d32a: Started
2022-07-12 20:45:31,259 [EndpointStateMachine task thread for /0.0.0.0:43217 - 0 ] INFO  server.XceiverServerGrpc (XceiverServerGrpc.java:start(180)) - XceiverServerGrpc 78c9189f-838b-4558-b0ec-dc02cb69d32a is started using port 42875
2022-07-12 20:45:31,464 [Listener at 127.0.0.1/45649] INFO  handler.ContextHandler (ContextHandler.java:doStart(915)) - Started o.e.j.w.WebAppContext@86093db{hddsDatanode,/,file:///tmp/jetty-0_0_0_0-37513-hdds-container-service-1_3_0-SNAPSHOT_jar-_-any-8658953410556811272/webapp/,AVAILABLE}{jar:file:/home/runner/.m2/repository/org/apache/ozone/hdds-container-service/1.3.0-SNAPSHOT/hdds-container-service-1.3.0-SNAPSHOT.jar!/webapps/hddsDatanode}
2022-07-12 20:45:31,500 [Listener at 127.0.0.1/45649] INFO  server.AbstractConnector (AbstractConnector.java:doStart(331)) - Started ServerConnector@efe3ed0{HTTP/1.1, (http/1.1)}{0.0.0.0:37513}
2022-07-12 20:45:31,500 [Listener at 127.0.0.1/45649] INFO  server.Server (Server.java:doStart(415)) - Started @129874ms
2022-07-12 20:45:31,500 [Listener at 127.0.0.1/45649] WARN  impl.MetricsSystemImpl (MetricsSystemImpl.java:register(279)) - Sink prometheus already exists!
2022-07-12 20:45:31,501 [Listener at 127.0.0.1/45649] INFO  http.BaseHttpServer (BaseHttpServer.java:updateConnectorAddress(329)) - HTTP server of hddsDatanode listening at http://0.0.0.0:37513
2022-07-12 20:45:31,507 [Listener at 127.0.0.1/45649] INFO  ozone.MiniOzoneClusterImpl (MiniOzoneClusterImpl.java:lambda$waitForClusterToBeReady$0(223)) - Waiting for nodes to be ready. Got 0 of 3 DN Heartbeats.
2022-07-12 20:45:31,507 [Listener at 127.0.0.1/45649] INFO  ozone.MiniOzoneClusterImpl (MiniOzoneClusterImpl.java:lambda$waitForClusterToBeReady$0(226)) - Waiting for cluster to exit safe mode
2022-07-12 20:45:31,507 [Listener at 127.0.0.1/45649] INFO  ozone.MiniOzoneClusterImpl (MiniOzoneClusterImpl.java:lambda$waitForClusterToBeReady$0(228)) - SCM became leader
2022-07-12 20:45:31,507 [Datanode State Machine Daemon Thread] INFO  statemachine.DatanodeStateMachine (DatanodeStateMachine.java:lambda$startDaemon$0(492)) - Ozone container server started.
2022-07-12 20:45:31,565 [Datanode State Machine Task Thread - 0] INFO  datanode.InitDatanodeState (InitDatanodeState.java:persistContainerDatanodeDetails(138)) - DatanodeDetails is persisted to /home/runner/work/ozone/ozone/hadoop-ozone/integration-test/target/test-dir/MiniOzoneClusterImpl-333fec51-4ba1-426d-9c6c-44177af9cbb2/datanode-2/meta/datanode.id
2022-07-12 20:45:31,589 [org.apache.hadoop.util.JvmPauseMonitor$Monitor@76849381] INFO  util.JvmPauseMonitor (JvmPauseMonitor.java:run(188)) - Starting JVM pause monitor
2022-07-12 20:45:32,343 [EndpointStateMachine task thread for /0.0.0.0:43217 - 0 ] INFO  volume.HddsVolume (HddsVolume.java:createDbStore(309)) - SchemaV3 db is created and loaded at /home/runner/work/ozone/ozone/hadoop-ozone/integration-test/target/test-dir/MiniOzoneClusterImpl-333fec51-4ba1-426d-9c6c-44177af9cbb2/datanode-1/data-0/containers/hdds/333fec51-4ba1-426d-9c6c-44177af9cbb2/DS-f04285c1-e7d9-412b-9144-08546c585091/container.db for volume DS-f04285c1-e7d9-412b-9144-08546c585091
2022-07-12 20:45:32,344 [EndpointStateMachine task thread for /0.0.0.0:43217 - 0 ] INFO  volume.HddsVolume (HddsVolume.java:closeDbStore(340)) - SchemaV3 db is stopped at /home/runner/work/ozone/ozone/hadoop-ozone/integration-test/target/test-dir/MiniOzoneClusterImpl-333fec51-4ba1-426d-9c6c-44177af9cbb2/datanode-1/data-0/containers/hdds/333fec51-4ba1-426d-9c6c-44177af9cbb2/DS-f04285c1-e7d9-412b-9144-08546c585091/container.db for volume DS-f04285c1-e7d9-412b-9144-08546c585091
2022-07-12 20:45:32,344 [EndpointStateMachine task thread for /0.0.0.0:43217 - 0 ] INFO  ozoneimpl.OzoneContainer (OzoneContainer.java:start(344)) - Attempting to start container services.
2022-07-12 20:45:32,344 [EndpointStateMachine task thread for /0.0.0.0:43217 - 0 ] INFO  ozoneimpl.OzoneContainer (OzoneContainer.java:startContainerScrub(279)) - Background container scanner has been disabled.
2022-07-12 20:45:32,359 [EndpointStateMachine task thread for /0.0.0.0:43217 - 0 ] INFO  replication.ReplicationServer (ReplicationServer.java:start(111)) - ReplicationServer is started using port 34379
2022-07-12 20:45:32,359 [EndpointStateMachine task thread for /0.0.0.0:43217 - 0 ] INFO  ratis.XceiverServerRatis (XceiverServerRatis.java:start(481)) - Starting XceiverServerRatis 6ffc9041-e27c-43b9-84cd-343e15cef14a
2022-07-12 20:45:32,360 [EndpointStateMachine task thread for /0.0.0.0:43217 - 0 ] INFO  server.RaftServer (RaftServerProxy.java:lambda$start$6(382)) - 6ffc9041-e27c-43b9-84cd-343e15cef14a: start RPC server
2022-07-12 20:45:32,375 [EndpointStateMachine task thread for /0.0.0.0:43217 - 0 ] INFO  server.GrpcService (GrpcService.java:startImpl(260)) - 6ffc9041-e27c-43b9-84cd-343e15cef14a: GrpcService started, listening on 45399
2022-07-12 20:45:32,379 [EndpointStateMachine task thread for /0.0.0.0:43217 - 0 ] INFO  ratis.XceiverServerRatis (XceiverServerRatis.java:getRealPort(502)) - XceiverServerRatis 6ffc9041-e27c-43b9-84cd-343e15cef14a is started using port 45399 for RATIS
2022-07-12 20:45:32,379 [EndpointStateMachine task thread for /0.0.0.0:43217 - 0 ] INFO  ratis.XceiverServerRatis (XceiverServerRatis.java:getRealPort(502)) - XceiverServerRatis 6ffc9041-e27c-43b9-84cd-343e15cef14a is started using port 45399 for RATIS_ADMIN
2022-07-12 20:45:32,379 [EndpointStateMachine task thread for /0.0.0.0:43217 - 0 ] INFO  ratis.XceiverServerRatis (XceiverServerRatis.java:getRealPort(502)) - XceiverServerRatis 6ffc9041-e27c-43b9-84cd-343e15cef14a is started using port 45399 for RATIS_SERVER
2022-07-12 20:45:32,379 [org.apache.ratis.util.JvmPauseMonitor$$Lambda$680/1268395511@3b141f40] INFO  util.JvmPauseMonitor (JvmPauseMonitor.java:run(103)) - JvmPauseMonitor-6ffc9041-e27c-43b9-84cd-343e15cef14a: Started
2022-07-12 20:45:32,428 [EndpointStateMachine task thread for /0.0.0.0:43217 - 0 ] INFO  server.XceiverServerGrpc (XceiverServerGrpc.java:start(180)) - XceiverServerGrpc 6ffc9041-e27c-43b9-84cd-343e15cef14a is started using port 38779
2022-07-12 20:45:32,507 [Listener at 127.0.0.1/45649] INFO  ozone.MiniOzoneClusterImpl (MiniOzoneClusterImpl.java:lambda$waitForClusterToBeReady$0(223)) - Waiting for nodes to be ready. Got 0 of 3 DN Heartbeats.
2022-07-12 20:45:32,508 [Listener at 127.0.0.1/45649] INFO  ozone.MiniOzoneClusterImpl (MiniOzoneClusterImpl.java:lambda$waitForClusterToBeReady$0(226)) - Waiting for cluster to exit safe mode
2022-07-12 20:45:32,508 [Listener at 127.0.0.1/45649] INFO  ozone.MiniOzoneClusterImpl (MiniOzoneClusterImpl.java:lambda$waitForClusterToBeReady$0(228)) - SCM became leader
2022-07-12 20:45:32,963 [IPC Server handler 1 on default port 43217] INFO  net.NetworkTopologyImpl (NetworkTopologyImpl.java:add(112)) - Added a new node: /default-rack/78c9189f-838b-4558-b0ec-dc02cb69d32a
2022-07-12 20:45:32,964 [IPC Server handler 1 on default port 43217] INFO  node.SCMNodeManager (SCMNodeManager.java:register(397)) - Registered Data node : 78c9189f-838b-4558-b0ec-dc02cb69d32a{ip: 10.1.0.33, host: fv-az29-983.0gf2enmb5avurc1gjtxldx4mnh.bx.internal.cloudapp.net, ports: [REPLICATION=37171, RATIS=36363, RATIS_ADMIN=36363, RATIS_SERVER=36363, STANDALONE=42875], networkLocation: /default-rack, certSerialId: null, persistedOpState: null, persistedOpStateExpiryEpochSec: 0}
2022-07-12 20:45:32,981 [EventQueue-NodeRegistrationContainerReportForContainerSafeModeRule] INFO  safemode.SCMSafeModeManager (SCMSafeModeManager.java:validateSafeModeExitRules(204)) - ContainerSafeModeRule rule is successfully validated
2022-07-12 20:45:32,991 [EventQueue-NodeRegistrationContainerReportForDataNodeSafeModeRule] INFO  safemode.SCMSafeModeManager (DataNodeSafeModeRule.java:process(71)) - SCM in safe mode. 1 DataNodes registered, 3 required.
2022-07-12 20:45:33,007 [EventQueue-PipelineReportForOneReplicaPipelineSafeModeRule] INFO  safemode.SCMSafeModeManager (SCMSafeModeManager.java:validateSafeModeExitRules(204)) - AtleastOneDatanodeReportedRule rule is successfully validated
2022-07-12 20:45:33,007 [EventQueue-NewNodeForNewNodeHandler] INFO  pipeline.BackgroundPipelineCreator (BackgroundPipelineCreator.java:notifyEventTriggered(275)) - trigger a one-shot run on RatisPipelineUtilsThread.
2022-07-12 20:45:33,015 [RatisPipelineUtilsThread - 0] INFO  pipeline.RatisPipelineProvider (RatisPipelineProvider.java:lambda$create$0(195)) - Sending CreatePipelineCommand for pipeline:PipelineID=e4005433-e342-48ba-aa66-c36b520413a5 to datanode:78c9189f-838b-4558-b0ec-dc02cb69d32a
2022-07-12 20:45:33,017 [RatisPipelineUtilsThread - 0] INFO  pipeline.PipelineStateManagerImpl (PipelineStateManagerImpl.java:addPipeline(103)) - Created pipeline Pipeline[ Id: e4005433-e342-48ba-aa66-c36b520413a5, Nodes: 78c9189f-838b-4558-b0ec-dc02cb69d32a{ip: 10.1.0.33, host: fv-az29-983.0gf2enmb5avurc1gjtxldx4mnh.bx.internal.cloudapp.net, ports: [REPLICATION=37171, RATIS=36363, RATIS_ADMIN=36363, RATIS_SERVER=36363, STANDALONE=42875], networkLocation: /default-rack, certSerialId: null, persistedOpState: IN_SERVICE, persistedOpStateExpiryEpochSec: 0}, ReplicationConfig: RATIS/ONE, State:ALLOCATED, leaderId:, CreationTimestamp2022-07-12T20:45:33.015Z[Etc/UTC]].
2022-07-12 20:45:33,508 [Listener at 127.0.0.1/45649] INFO  ozone.MiniOzoneClusterImpl (MiniOzoneClusterImpl.java:lambda$waitForClusterToBeReady$0(223)) - Waiting for nodes to be ready. Got 1 of 3 DN Heartbeats.
2022-07-12 20:45:33,508 [Listener at 127.0.0.1/45649] INFO  ozone.MiniOzoneClusterImpl (MiniOzoneClusterImpl.java:lambda$waitForClusterToBeReady$0(226)) - Waiting for cluster to exit safe mode
2022-07-12 20:45:33,508 [Listener at 127.0.0.1/45649] INFO  ozone.MiniOzoneClusterImpl (MiniOzoneClusterImpl.java:lambda$waitForClusterToBeReady$0(228)) - SCM became leader
2022-07-12 20:45:33,649 [EndpointStateMachine task thread for /0.0.0.0:43217 - 0 ] INFO  volume.HddsVolume (HddsVolume.java:createDbStore(309)) - SchemaV3 db is created and loaded at /home/runner/work/ozone/ozone/hadoop-ozone/integration-test/target/test-dir/MiniOzoneClusterImpl-333fec51-4ba1-426d-9c6c-44177af9cbb2/datanode-2/data-0/containers/hdds/333fec51-4ba1-426d-9c6c-44177af9cbb2/DS-10e7a059-bea7-42a0-b4d4-31b48190ed7e/container.db for volume DS-10e7a059-bea7-42a0-b4d4-31b48190ed7e
2022-07-12 20:45:33,649 [EndpointStateMachine task thread for /0.0.0.0:43217 - 0 ] INFO  volume.HddsVolume (HddsVolume.java:closeDbStore(340)) - SchemaV3 db is stopped at /home/runner/work/ozone/ozone/hadoop-ozone/integration-test/target/test-dir/MiniOzoneClusterImpl-333fec51-4ba1-426d-9c6c-44177af9cbb2/datanode-2/data-0/containers/hdds/333fec51-4ba1-426d-9c6c-44177af9cbb2/DS-10e7a059-bea7-42a0-b4d4-31b48190ed7e/container.db for volume DS-10e7a059-bea7-42a0-b4d4-31b48190ed7e
2022-07-12 20:45:33,649 [EndpointStateMachine task thread for /0.0.0.0:43217 - 0 ] INFO  ozoneimpl.OzoneContainer (OzoneContainer.java:start(344)) - Attempting to start container services.
2022-07-12 20:45:33,649 [EndpointStateMachine task thread for /0.0.0.0:43217 - 0 ] INFO  ozoneimpl.OzoneContainer (OzoneContainer.java:startContainerScrub(279)) - Background container scanner has been disabled.
2022-07-12 20:45:33,683 [EndpointStateMachine task thread for /0.0.0.0:43217 - 0 ] INFO  replication.ReplicationServer (ReplicationServer.java:start(111)) - ReplicationServer is started using port 44077
2022-07-12 20:45:33,689 [EndpointStateMachine task thread for /0.0.0.0:43217 - 0 ] INFO  ratis.XceiverServerRatis (XceiverServerRatis.java:start(481)) - Starting XceiverServerRatis 6d9695d6-757b-418f-8d74-8c74e86c9bf4
2022-07-12 20:45:33,721 [EndpointStateMachine task thread for /0.0.0.0:43217 - 0 ] INFO  server.RaftServer (RaftServerProxy.java:lambda$start$6(382)) - 6d9695d6-757b-418f-8d74-8c74e86c9bf4: start RPC server
2022-07-12 20:45:33,732 [EndpointStateMachine task thread for /0.0.0.0:43217 - 0 ] INFO  server.GrpcService (GrpcService.java:startImpl(260)) - 6d9695d6-757b-418f-8d74-8c74e86c9bf4: GrpcService started, listening on 41905
2022-07-12 20:45:33,732 [EndpointStateMachine task thread for /0.0.0.0:43217 - 0 ] INFO  ratis.XceiverServerRatis (XceiverServerRatis.java:getRealPort(502)) - XceiverServerRatis 6d9695d6-757b-418f-8d74-8c74e86c9bf4 is started using port 41905 for RATIS
2022-07-12 20:45:33,732 [EndpointStateMachine task thread for /0.0.0.0:43217 - 0 ] INFO  ratis.XceiverServerRatis (XceiverServerRatis.java:getRealPort(502)) - XceiverServerRatis 6d9695d6-757b-418f-8d74-8c74e86c9bf4 is started using port 41905 for RATIS_ADMIN
2022-07-12 20:45:33,732 [EndpointStateMachine task thread for /0.0.0.0:43217 - 0 ] INFO  ratis.XceiverServerRatis (XceiverServerRatis.java:getRealPort(502)) - XceiverServerRatis 6d9695d6-757b-418f-8d74-8c74e86c9bf4 is started using port 41905 for RATIS_SERVER
2022-07-12 20:45:33,763 [org.apache.ratis.util.JvmPauseMonitor$$Lambda$680/1268395511@1049aca5] INFO  util.JvmPauseMonitor (JvmPauseMonitor.java:run(103)) - JvmPauseMonitor-6d9695d6-757b-418f-8d74-8c74e86c9bf4: Started
2022-07-12 20:45:33,789 [EndpointStateMachine task thread for /0.0.0.0:43217 - 0 ] INFO  server.XceiverServerGrpc (XceiverServerGrpc.java:start(180)) - XceiverServerGrpc 6d9695d6-757b-418f-8d74-8c74e86c9bf4 is started using port 33029
2022-07-12 20:45:34,234 [IPC Server handler 0 on default port 43217] INFO  net.NetworkTopologyImpl (NetworkTopologyImpl.java:add(112)) - Added a new node: /default-rack/6ffc9041-e27c-43b9-84cd-343e15cef14a
2022-07-12 20:45:34,234 [IPC Server handler 0 on default port 43217] INFO  node.SCMNodeManager (SCMNodeManager.java:register(397)) - Registered Data node : 6ffc9041-e27c-43b9-84cd-343e15cef14a{ip: 10.1.0.33, host: fv-az29-983.0gf2enmb5avurc1gjtxldx4mnh.bx.internal.cloudapp.net, ports: [REPLICATION=34379, RATIS=45399, RATIS_ADMIN=45399, RATIS_SERVER=45399, STANDALONE=38779], networkLocation: /default-rack, certSerialId: null, persistedOpState: null, persistedOpStateExpiryEpochSec: 0}
2022-07-12 20:45:34,236 [EventQueue-NewNodeForNewNodeHandler] INFO  pipeline.BackgroundPipelineCreator (BackgroundPipelineCreator.java:notifyEventTriggered(275)) - trigger a one-shot run on RatisPipelineUtilsThread.
2022-07-12 20:45:34,279 [EventQueue-NodeRegistrationContainerReportForDataNodeSafeModeRule] INFO  safemode.SCMSafeModeManager (DataNodeSafeModeRule.java:process(71)) - SCM in safe mode. 2 DataNodes registered, 3 required.
2022-07-12 20:45:34,285 [RatisPipelineUtilsThread - 0] INFO  pipeline.RatisPipelineProvider (RatisPipelineProvider.java:lambda$create$0(195)) - Sending CreatePipelineCommand for pipeline:PipelineID=163816b1-8e8b-404c-9106-89fce4b0b901 to datanode:6ffc9041-e27c-43b9-84cd-343e15cef14a
2022-07-12 20:45:34,286 [RatisPipelineUtilsThread - 0] INFO  pipeline.PipelineStateManagerImpl (PipelineStateManagerImpl.java:addPipeline(103)) - Created pipeline Pipeline[ Id: 163816b1-8e8b-404c-9106-89fce4b0b901, Nodes: 6ffc9041-e27c-43b9-84cd-343e15cef14a{ip: 10.1.0.33, host: fv-az29-983.0gf2enmb5avurc1gjtxldx4mnh.bx.internal.cloudapp.net, ports: [REPLICATION=34379, RATIS=45399, RATIS_ADMIN=45399, RATIS_SERVER=45399, STANDALONE=38779], networkLocation: /default-rack, certSerialId: null, persistedOpState: IN_SERVICE, persistedOpStateExpiryEpochSec: 0}, ReplicationConfig: RATIS/ONE, State:ALLOCATED, leaderId:, CreationTimestamp2022-07-12T20:45:34.285Z[Etc/UTC]].
2022-07-12 20:45:34,509 [Listener at 127.0.0.1/45649] INFO  ozone.MiniOzoneClusterImpl (MiniOzoneClusterImpl.java:lambda$waitForClusterToBeReady$0(223)) - Waiting for nodes to be ready. Got 2 of 3 DN Heartbeats.
2022-07-12 20:45:34,509 [Listener at 127.0.0.1/45649] INFO  ozone.MiniOzoneClusterImpl (MiniOzoneClusterImpl.java:lambda$waitForClusterToBeReady$0(226)) - Waiting for cluster to exit safe mode
2022-07-12 20:45:34,509 [Listener at 127.0.0.1/45649] INFO  ozone.MiniOzoneClusterImpl (MiniOzoneClusterImpl.java:lambda$waitForClusterToBeReady$0(228)) - SCM became leader
2022-07-12 20:45:35,509 [Listener at 127.0.0.1/45649] INFO  ozone.MiniOzoneClusterImpl (MiniOzoneClusterImpl.java:lambda$waitForClusterToBeReady$0(223)) - Waiting for nodes to be ready. Got 2 of 3 DN Heartbeats.
2022-07-12 20:45:35,510 [Listener at 127.0.0.1/45649] INFO  ozone.MiniOzoneClusterImpl (MiniOzoneClusterImpl.java:lambda$waitForClusterToBeReady$0(226)) - Waiting for cluster to exit safe mode
2022-07-12 20:45:35,510 [Listener at 127.0.0.1/45649] INFO  ozone.MiniOzoneClusterImpl (MiniOzoneClusterImpl.java:lambda$waitForClusterToBeReady$0(228)) - SCM became leader
2022-07-12 20:45:35,562 [IPC Server handler 2 on default port 43217] INFO  net.NetworkTopologyImpl (NetworkTopologyImpl.java:add(112)) - Added a new node: /default-rack/6d9695d6-757b-418f-8d74-8c74e86c9bf4
2022-07-12 20:45:35,562 [IPC Server handler 2 on default port 43217] INFO  node.SCMNodeManager (SCMNodeManager.java:register(397)) - Registered Data node : 6d9695d6-757b-418f-8d74-8c74e86c9bf4{ip: 10.1.0.33, host: fv-az29-983.0gf2enmb5avurc1gjtxldx4mnh.bx.internal.cloudapp.net, ports: [REPLICATION=44077, RATIS=41905, RATIS_ADMIN=41905, RATIS_SERVER=41905, STANDALONE=33029], networkLocation: /default-rack, certSerialId: null, persistedOpState: null, persistedOpStateExpiryEpochSec: 0}
2022-07-12 20:45:35,563 [EventQueue-NewNodeForNewNodeHandler] INFO  pipeline.BackgroundPipelineCreator (BackgroundPipelineCreator.java:notifyEventTriggered(275)) - trigger a one-shot run on RatisPipelineUtilsThread.
2022-07-12 20:45:35,563 [EventQueue-NodeRegistrationContainerReportForDataNodeSafeModeRule] INFO  safemode.SCMSafeModeManager (DataNodeSafeModeRule.java:process(71)) - SCM in safe mode. 3 DataNodes registered, 3 required.
2022-07-12 20:45:35,563 [EventQueue-NodeRegistrationContainerReportForDataNodeSafeModeRule] INFO  safemode.SCMSafeModeManager (SCMSafeModeManager.java:validateSafeModeExitRules(204)) - DataNodeSafeModeRule rule is successfully validated
2022-07-12 20:45:35,563 [EventQueue-NodeRegistrationContainerReportForDataNodeSafeModeRule] INFO  safemode.SCMSafeModeManager (SCMSafeModeManager.java:completePreCheck(233)) - All SCM safe mode pre check rules have passed
2022-07-12 20:45:35,563 [EventQueue-NodeRegistrationContainerReportForDataNodeSafeModeRule] WARN  events.EventQueue (EventQueue.java:fireEvent(216)) - No event handler registered for event TypedEvent{payloadType=SafeModeStatus, name='Safe mode status'}
2022-07-12 20:45:35,563 [EventQueue-NodeRegistrationContainerReportForDataNodeSafeModeRule] INFO  ha.SCMContext (SCMContext.java:updateSafeModeStatus(228)) - Update SafeModeStatus from SafeModeStatus{safeModeStatus=true, preCheckPassed=false} to SafeModeStatus{safeModeStatus=true, preCheckPassed=true}.
2022-07-12 20:45:35,563 [EventQueue-NodeRegistrationContainerReportForDataNodeSafeModeRule] INFO  pipeline.BackgroundPipelineCreator (BackgroundPipelineCreator.java:notifyEventTriggered(275)) - trigger a one-shot run on RatisPipelineUtilsThread.
2022-07-12 20:45:35,563 [RatisPipelineUtilsThread - 0] INFO  pipeline.RatisPipelineProvider (RatisPipelineProvider.java:lambda$create$0(195)) - Sending CreatePipelineCommand for pipeline:PipelineID=e796fd5a-8eb4-481d-a207-d44673b430e1 to datanode:6d9695d6-757b-418f-8d74-8c74e86c9bf4
2022-07-12 20:45:35,564 [RatisPipelineUtilsThread - 0] INFO  pipeline.PipelineStateManagerImpl (PipelineStateManagerImpl.java:addPipeline(103)) - Created pipeline Pipeline[ Id: e796fd5a-8eb4-481d-a207-d44673b430e1, Nodes: 6d9695d6-757b-418f-8d74-8c74e86c9bf4{ip: 10.1.0.33, host: fv-az29-983.0gf2enmb5avurc1gjtxldx4mnh.bx.internal.cloudapp.net, ports: [REPLICATION=44077, RATIS=41905, RATIS_ADMIN=41905, RATIS_SERVER=41905, STANDALONE=33029], networkLocation: /default-rack, certSerialId: null, persistedOpState: IN_SERVICE, persistedOpStateExpiryEpochSec: 0}, ReplicationConfig: RATIS/ONE, State:ALLOCATED, leaderId:, CreationTimestamp2022-07-12T20:45:35.563Z[Etc/UTC]].
2022-07-12 20:45:35,564 [RatisPipelineUtilsThread - 0] INFO  pipeline.RatisPipelineProvider (RatisPipelineProvider.java:lambda$create$0(195)) - Sending CreatePipelineCommand for pipeline:PipelineID=58cea004-ed6e-4ffa-8fb7-58f30c65b0f4 to datanode:78c9189f-838b-4558-b0ec-dc02cb69d32a
2022-07-12 20:45:35,564 [RatisPipelineUtilsThread - 0] INFO  pipeline.RatisPipelineProvider (RatisPipelineProvider.java:lambda$create$0(195)) - Sending CreatePipelineCommand for pipeline:PipelineID=58cea004-ed6e-4ffa-8fb7-58f30c65b0f4 to datanode:6ffc9041-e27c-43b9-84cd-343e15cef14a
2022-07-12 20:45:35,564 [RatisPipelineUtilsThread - 0] INFO  pipeline.RatisPipelineProvider (RatisPipelineProvider.java:lambda$create$0(195)) - Sending CreatePipelineCommand for pipeline:PipelineID=58cea004-ed6e-4ffa-8fb7-58f30c65b0f4 to datanode:6d9695d6-757b-418f-8d74-8c74e86c9bf4
2022-07-12 20:45:35,565 [RatisPipelineUtilsThread - 0] INFO  pipeline.PipelineStateManagerImpl (PipelineStateManagerImpl.java:addPipeline(103)) - Created pipeline Pipeline[ Id: 58cea004-ed6e-4ffa-8fb7-58f30c65b0f4, Nodes: 78c9189f-838b-4558-b0ec-dc02cb69d32a{ip: 10.1.0.33, host: fv-az29-983.0gf2enmb5avurc1gjtxldx4mnh.bx.internal.cloudapp.net, ports: [REPLICATION=37171, RATIS=36363, RATIS_ADMIN=36363, RATIS_SERVER=36363, STANDALONE=42875], networkLocation: /default-rack, certSerialId: null, persistedOpState: IN_SERVICE, persistedOpStateExpiryEpochSec: 0}6ffc9041-e27c-43b9-84cd-343e15cef14a{ip: 10.1.0.33, host: fv-az29-983.0gf2enmb5avurc1gjtxldx4mnh.bx.internal.cloudapp.net, ports: [REPLICATION=34379, RATIS=45399, RATIS_ADMIN=45399, RATIS_SERVER=45399, STANDALONE=38779], networkLocation: /default-rack, certSerialId: null, persistedOpState: IN_SERVICE, persistedOpStateExpiryEpochSec: 0}6d9695d6-757b-418f-8d74-8c74e86c9bf4{ip: 10.1.0.33, host: fv-az29-983.0gf2enmb5avurc1gjtxldx4mnh.bx.internal.cloudapp.net, ports: [REPLICATION=44077, RATIS=41905, RATIS_ADMIN=41905, RATIS_SERVER=41905, STANDALONE=33029], networkLocation: /default-rack, certSerialId: null, persistedOpState: IN_SERVICE, persistedOpStateExpiryEpochSec: 0}, ReplicationConfig: RATIS/THREE, State:ALLOCATED, leaderId:, CreationTimestamp2022-07-12T20:45:35.564Z[Etc/UTC]].
2022-07-12 20:45:35,565 [RatisPipelineUtilsThread - 0] INFO  pipeline.RatisPipelineProvider (RatisPipelineProvider.java:lambda$create$0(195)) - Sending CreatePipelineCommand for pipeline:PipelineID=d803f5dd-503d-41f0-8dcd-9ab3c8e89f36 to datanode:6d9695d6-757b-418f-8d74-8c74e86c9bf4
2022-07-12 20:45:35,565 [RatisPipelineUtilsThread - 0] INFO  pipeline.RatisPipelineProvider (RatisPipelineProvider.java:lambda$create$0(195)) - Sending CreatePipelineCommand for pipeline:PipelineID=d803f5dd-503d-41f0-8dcd-9ab3c8e89f36 to datanode:6ffc9041-e27c-43b9-84cd-343e15cef14a
2022-07-12 20:45:35,565 [RatisPipelineUtilsThread - 0] INFO  pipeline.RatisPipelineProvider (RatisPipelineProvider.java:lambda$create$0(195)) - Sending CreatePipelineCommand for pipeline:PipelineID=d803f5dd-503d-41f0-8dcd-9ab3c8e89f36 to datanode:78c9189f-838b-4558-b0ec-dc02cb69d32a
2022-07-12 20:45:35,566 [RatisPipelineUtilsThread - 0] INFO  pipeline.PipelineStateManagerImpl (PipelineStateManagerImpl.java:addPipeline(103)) - Created pipeline Pipeline[ Id: d803f5dd-503d-41f0-8dcd-9ab3c8e89f36, Nodes: 6d9695d6-757b-418f-8d74-8c74e86c9bf4{ip: 10.1.0.33, host: fv-az29-983.0gf2enmb5avurc1gjtxldx4mnh.bx.internal.cloudapp.net, ports: [REPLICATION=44077, RATIS=41905, RATIS_ADMIN=41905, RATIS_SERVER=41905, STANDALONE=33029], networkLocation: /default-rack, certSerialId: null, persistedOpState: IN_SERVICE, persistedOpStateExpiryEpochSec: 0}6ffc9041-e27c-43b9-84cd-343e15cef14a{ip: 10.1.0.33, host: fv-az29-983.0gf2enmb5avurc1gjtxldx4mnh.bx.internal.cloudapp.net, ports: [REPLICATION=34379, RATIS=45399, RATIS_ADMIN=45399, RATIS_SERVER=45399, STANDALONE=38779], networkLocation: /default-rack, certSerialId: null, persistedOpState: IN_SERVICE, persistedOpStateExpiryEpochSec: 0}78c9189f-838b-4558-b0ec-dc02cb69d32a{ip: 10.1.0.33, host: fv-az29-983.0gf2enmb5avurc1gjtxldx4mnh.bx.internal.cloudapp.net, ports: [REPLICATION=37171, RATIS=36363, RATIS_ADMIN=36363, RATIS_SERVER=36363, STANDALONE=42875], networkLocation: /default-rack, certSerialId: null, persistedOpState: IN_SERVICE, persistedOpStateExpiryEpochSec: 0}, ReplicationConfig: RATIS/THREE, State:ALLOCATED, leaderId:, CreationTimestamp2022-07-12T20:45:35.565Z[Etc/UTC]].
2022-07-12 20:45:35,566 [RatisPipelineUtilsThread - 0] INFO  pipeline.PipelineManagerImpl (PipelineManagerImpl.java:recordMetricsForPipeline(782)) - Pipeline: PipelineID=d803f5dd-503d-41f0-8dcd-9ab3c8e89f36 contains same datanodes as previous pipelines: PipelineID=58cea004-ed6e-4ffa-8fb7-58f30c65b0f4 nodeIds: 6d9695d6-757b-418f-8d74-8c74e86c9bf4, 6ffc9041-e27c-43b9-84cd-343e15cef14a, 78c9189f-838b-4558-b0ec-dc02cb69d32a
2022-07-12 20:45:35,964 [Command processor thread] INFO  server.RaftServer (RaftServerProxy.java:addNew(96)) - 78c9189f-838b-4558-b0ec-dc02cb69d32a: addNew group-C36B520413A5:[78c9189f-838b-4558-b0ec-dc02cb69d32a|rpc:10.1.0.33:36363|priority:1] returns group-C36B520413A5:java.util.concurrent.CompletableFuture@60853118[Not completed]
2022-07-12 20:45:35,965 [pool-510-thread-1] INFO  server.RaftServer$Division (RaftServerImpl.java:<init>(190)) - 78c9189f-838b-4558-b0ec-dc02cb69d32a: new RaftServerImpl for group-C36B520413A5:[78c9189f-838b-4558-b0ec-dc02cb69d32a|rpc:10.1.0.33:36363|priority:1] with ContainerStateMachine:uninitialized
2022-07-12 20:45:35,965 [pool-510-thread-1] INFO  server.RaftServerConfigKeys (ConfUtils.java:logGet(46)) - raft.server.rpc.timeout.min = 5s (custom)
2022-07-12 20:45:35,965 [pool-510-thread-1] INFO  server.RaftServerConfigKeys (ConfUtils.java:logGet(46)) - raft.server.rpc.timeout.max = 5200ms (custom)
2022-07-12 20:45:35,965 [pool-510-thread-1] INFO  server.RaftServerConfigKeys (ConfUtils.java:logGet(46)) - raft.server.rpc.sleep.time = 25ms (default)
2022-07-12 20:45:35,965 [pool-510-thread-1] INFO  server.RaftServerConfigKeys (ConfUtils.java:logGet(46)) - raft.server.rpc.slowness.timeout = 300s (custom)
2022-07-12 20:45:35,965 [pool-510-thread-1] INFO  server.RaftServerConfigKeys (ConfUtils.java:logGet(46)) - raft.server.leaderelection.leader.step-down.wait-time = 10s (default)
2022-07-12 20:45:35,965 [pool-510-thread-1] INFO  server.RaftServerConfigKeys (ConfUtils.java:logGet(46)) - raft.server.sleep.deviation.threshold = 300ms (default)
2022-07-12 20:45:35,965 [pool-510-thread-1] INFO  server.RaftServer$Division (ServerState.java:<init>(107)) - 78c9189f-838b-4558-b0ec-dc02cb69d32a@group-C36B520413A5: ConfigurationManager, init=-1: [78c9189f-838b-4558-b0ec-dc02cb69d32a|rpc:10.1.0.33:36363|priority:1], old=null, confs=<EMPTY_MAP>
2022-07-12 20:45:35,965 [pool-510-thread-1] INFO  server.RaftServerConfigKeys (ConfUtils.java:logGet(46)) - raft.server.storage.dir = [/home/runner/work/ozone/ozone/hadoop-ozone/integration-test/target/test-dir/MiniOzoneClusterImpl-333fec51-4ba1-426d-9c6c-44177af9cbb2/datanode-0/data/ratis] (custom)
2022-07-12 20:45:35,966 [pool-510-thread-1] INFO  server.RaftServerConfigKeys (ConfUtils.java:logGet(46)) - raft.server.log.corruption.policy = EXCEPTION (default)
2022-07-12 20:45:35,966 [pool-510-thread-1] INFO  server.RaftServerConfigKeys (ConfUtils.java:logGet(46)) - raft.server.storage.free-space.min = 0MB (=0) (default)
2022-07-12 20:45:35,966 [pool-510-thread-1] INFO  storage.RaftStorageDirectory (RaftStorageDirectoryImpl.java:analyzeStorage(135)) - The storage directory /home/runner/work/ozone/ozone/hadoop-ozone/integration-test/target/test-dir/MiniOzoneClusterImpl-333fec51-4ba1-426d-9c6c-44177af9cbb2/datanode-0/data/ratis/e4005433-e342-48ba-aa66-c36b520413a5 does not exist. Creating ...
2022-07-12 20:45:35,973 [pool-510-thread-1] INFO  storage.RaftStorageDirectory (RaftStorageDirectoryImpl.java:tryLock(230)) - Lock on /home/runner/work/ozone/ozone/hadoop-ozone/integration-test/target/test-dir/MiniOzoneClusterImpl-333fec51-4ba1-426d-9c6c-44177af9cbb2/datanode-0/data/ratis/e4005433-e342-48ba-aa66-c36b520413a5/in_use.lock acquired by nodename 3147@fv-az29-983
2022-07-12 20:45:35,990 [pool-510-thread-1] INFO  storage.RaftStorage (RaftStorageImpl.java:format(89)) - Storage directory /home/runner/work/ozone/ozone/hadoop-ozone/integration-test/target/test-dir/MiniOzoneClusterImpl-333fec51-4ba1-426d-9c6c-44177af9cbb2/datanode-0/data/ratis/e4005433-e342-48ba-aa66-c36b520413a5 has been successfully formatted.
2022-07-12 20:45:36,007 [pool-510-thread-1] INFO  ratis.ContainerStateMachine (ContainerStateMachine.java:loadSnapshot(236)) - group-C36B520413A5: The snapshot info is null. Setting the last applied indexto:(t:0, i:~)
2022-07-12 20:45:36,007 [pool-510-thread-1] INFO  server.RaftServerConfigKeys (ConfUtils.java:logGet(46)) - raft.server.notification.no-leader.timeout = 300s (custom)
2022-07-12 20:45:36,007 [pool-510-thread-1] INFO  server.RaftServerConfigKeys (ConfUtils.java:logGet(46)) - raft.server.log.use.memory = false (default)
2022-07-12 20:45:36,007 [pool-510-thread-1] INFO  server.RaftServerConfigKeys (ConfUtils.java:logGet(46)) - raft.server.log.purge.gap = 1000000 (custom)
2022-07-12 20:45:36,007 [pool-510-thread-1] INFO  server.RaftServerConfigKeys (ConfUtils.java:logGet(46)) - raft.server.log.appender.buffer.byte-limit = 33554432 (custom)
2022-07-12 20:45:36,007 [pool-510-thread-1] INFO  server.RaftServerConfigKeys (ConfUtils.java:logGet(46)) - raft.server.log.statemachine.data.read.timeout = 1000ms (default)
2022-07-12 20:45:36,007 [pool-510-thread-1] INFO  server.RaftServerConfigKeys (ConfUtils.java:logGet(46)) - raft.server.log.segment.size.max = 1048576 (custom)
2022-07-12 20:45:36,009 [EventQueue-PipelineReportForPipelineReportHandler] INFO  pipeline.PipelineManagerImpl (PipelineManagerImpl.java:openPipeline(359)) - Pipeline Pipeline[ Id: e4005433-e342-48ba-aa66-c36b520413a5, Nodes: 78c9189f-838b-4558-b0ec-dc02cb69d32a{ip: 10.1.0.33, host: fv-az29-983.0gf2enmb5avurc1gjtxldx4mnh.bx.internal.cloudapp.net, ports: [REPLICATION=37171, RATIS=36363, RATIS_ADMIN=36363, RATIS_SERVER=36363, STANDALONE=42875], networkLocation: /default-rack, certSerialId: null, persistedOpState: IN_SERVICE, persistedOpStateExpiryEpochSec: 0}, ReplicationConfig: RATIS/ONE, State:ALLOCATED, leaderId:78c9189f-838b-4558-b0ec-dc02cb69d32a, CreationTimestamp2022-07-12T20:45:33.015Z[Etc/UTC]] moved to OPEN state
2022-07-12 20:45:36,035 [pool-510-thread-1] INFO  server.RaftServerConfigKeys (ConfUtils.java:logGet(46)) - raft.server.log.segment.cache.num.max = 2 (custom)
2022-07-12 20:45:36,035 [pool-510-thread-1] INFO  server.RaftServerConfigKeys (ConfUtils.java:logGet(46)) - raft.server.log.segment.cache.size.max = 200MB (=209715200) (default)
2022-07-12 20:45:36,035 [pool-510-thread-1] INFO  segmented.SegmentedRaftLogWorker (SegmentedRaftLogWorker.java:<init>(187)) - new 78c9189f-838b-4558-b0ec-dc02cb69d32a@group-C36B520413A5-SegmentedRaftLogWorker for RaftStorageImpl:Storage Directory /home/runner/work/ozone/ozone/hadoop-ozone/integration-test/target/test-dir/MiniOzoneClusterImpl-333fec51-4ba1-426d-9c6c-44177af9cbb2/datanode-0/data/ratis/e4005433-e342-48ba-aa66-c36b520413a5
2022-07-12 20:45:36,035 [pool-510-thread-1] INFO  server.RaftServerConfigKeys (ConfUtils.java:logGet(46)) - raft.server.log.queue.byte-limit = 4294967296 (custom)
2022-07-12 20:45:36,035 [pool-510-thread-1] INFO  server.RaftServerConfigKeys (ConfUtils.java:logGet(46)) - raft.server.log.queue.element-limit = 1024 (custom)
2022-07-12 20:45:36,035 [pool-510-thread-1] INFO  server.RaftServerConfigKeys (ConfUtils.java:logGet(46)) - raft.server.log.segment.size.max = 1048576 (custom)
2022-07-12 20:45:36,035 [pool-510-thread-1] INFO  server.RaftServerConfigKeys (ConfUtils.java:logGet(46)) - raft.server.log.preallocated.size = 16384 (custom)
2022-07-12 20:45:36,035 [pool-510-thread-1] INFO  server.RaftServerConfigKeys (ConfUtils.java:logGet(46)) - raft.server.log.force.sync.num = 128 (default)
2022-07-12 20:45:36,035 [pool-510-thread-1] INFO  server.RaftServerConfigKeys (ConfUtils.java:logGet(46)) - raft.server.log.statemachine.data.sync = true (default)
2022-07-12 20:45:36,035 [pool-510-thread-1] INFO  server.RaftServerConfigKeys (ConfUtils.java:logGet(46)) - raft.server.log.statemachine.data.sync.timeout = 10s (default)
2022-07-12 20:45:36,035 [pool-510-thread-1] INFO  server.RaftServerConfigKeys (ConfUtils.java:logGet(46)) - raft.server.log.statemachine.data.sync.timeout.retry = -1 (default)
2022-07-12 20:45:36,036 [pool-510-thread-1] INFO  server.RaftServerConfigKeys (ConfUtils.java:logGet(46)) - raft.server.log.write.buffer.size = 1048576 (custom)
2022-07-12 20:45:36,037 [pool-510-thread-1] INFO  server.RaftServerConfigKeys (ConfUtils.java:logGet(46)) - raft.server.log.unsafe-flush.enabled = false (default)
2022-07-12 20:45:36,037 [pool-510-thread-1] INFO  server.RaftServerConfigKeys (ConfUtils.java:logGet(46)) - raft.server.log.statemachine.data.caching.enabled = true (custom)
2022-07-12 20:45:36,037 [pool-510-thread-1] INFO  segmented.SegmentedRaftLogWorker (SegmentedRaftLogWorker.java:lambda$new$0(135)) - 78c9189f-838b-4558-b0ec-dc02cb69d32a@group-C36B520413A5-SegmentedRaftLogWorker: flushIndex: setUnconditionally 0 -> -1
2022-07-12 20:45:36,037 [pool-510-thread-1] INFO  segmented.SegmentedRaftLogWorker (SegmentedRaftLogWorker.java:lambda$new$0(135)) - 78c9189f-838b-4558-b0ec-dc02cb69d32a@group-C36B520413A5-SegmentedRaftLogWorker: safeCacheEvictIndex: setUnconditionally 0 -> -1
2022-07-12 20:45:36,043 [pool-510-thread-1] INFO  server.RaftServerConfigKeys (ConfUtils.java:logGet(46)) - raft.server.snapshot.auto.trigger.enabled = true (custom)
2022-07-12 20:45:36,043 [pool-510-thread-1] INFO  server.RaftServerConfigKeys (ConfUtils.java:logGet(46)) - raft.server.snapshot.auto.trigger.threshold = 10000 (custom)
2022-07-12 20:45:36,043 [pool-510-thread-1] INFO  server.RaftServerConfigKeys (ConfUtils.java:logGet(46)) - raft.server.snapshot.retention.file.num = 5 (custom)
2022-07-12 20:45:36,043 [pool-510-thread-1] INFO  server.RaftServerConfigKeys (ConfUtils.java:logGet(46)) - raft.server.log.purge.upto.snapshot.index = false (default)
2022-07-12 20:45:36,043 [pool-510-thread-1] INFO  server.RaftServerConfigKeys (ConfUtils.java:logGet(46)) - raft.server.retrycache.expirytime = 600000ms (custom)
2022-07-12 20:45:36,043 [pool-510-thread-1] INFO  server.RaftServerConfigKeys (ConfUtils.java:logGet(46)) - raft.server.retrycache.statistics.expirytime = 100μs (default)
2022-07-12 20:45:36,044 [EventQueue-OpenPipelineForHealthyPipelineSafeModeRule] INFO  safemode.SCMSafeModeManager (HealthyPipelineSafeModeRule.java:process(124)) - SCM in safe mode. Healthy pipelines reported count is 0, required healthy pipeline reported count is 1
2022-07-12 20:45:36,066 [pool-510-thread-1] INFO  server.RaftServerConfigKeys (ConfUtils.java:logGet(46)) - raft.server.log.appender.install.snapshot.enabled = false (custom)
2022-07-12 20:45:36,066 [pool-510-thread-1] INFO  server.RaftServerConfigKeys (ConfUtils.java:logGet(46)) - raft.server.threadpool.server.cached = true (default)
2022-07-12 20:45:36,066 [pool-510-thread-1] INFO  server.RaftServerConfigKeys (ConfUtils.java:logGet(46)) - raft.server.threadpool.server.size = 0 (default)
2022-07-12 20:45:36,066 [pool-510-thread-1] INFO  server.RaftServerConfigKeys (ConfUtils.java:logGet(46)) - raft.server.threadpool.client.cached = true (default)
2022-07-12 20:45:36,066 [pool-510-thread-1] INFO  server.RaftServerConfigKeys (ConfUtils.java:logGet(46)) - raft.server.threadpool.client.size = 0 (default)
2022-07-12 20:45:36,066 [pool-510-thread-1] INFO  server.RaftServer$Division (RaftServerImpl.java:start(310)) - 78c9189f-838b-4558-b0ec-dc02cb69d32a@group-C36B520413A5: start as a follower, conf=-1: [78c9189f-838b-4558-b0ec-dc02cb69d32a|rpc:10.1.0.33:36363|priority:1], old=null
2022-07-12 20:45:36,066 [pool-510-thread-1] INFO  server.RaftServer$Division (RaftServerImpl.java:setRole(299)) - 78c9189f-838b-4558-b0ec-dc02cb69d32a@group-C36B520413A5: changes role from      null to FOLLOWER at term 0 for startAsFollower
2022-07-12 20:45:36,066 [pool-510-thread-1] INFO  impl.RoleInfo (RoleInfo.java:updateAndGet(139)) - 78c9189f-838b-4558-b0ec-dc02cb69d32a: start 78c9189f-838b-4558-b0ec-dc02cb69d32a@group-C36B520413A5-FollowerState
2022-07-12 20:45:36,086 [pool-510-thread-1] INFO  util.JmxRegister (JmxRegister.java:tryRegister(44)) - Successfully registered JMX Bean with object name Ratis:service=RaftServer,group=group-C36B520413A5,id=78c9189f-838b-4558-b0ec-dc02cb69d32a
2022-07-12 20:45:36,110 [Command processor thread] INFO  ratis.XceiverServerRatis (XceiverServerRatis.java:addGroup(765)) - Created group PipelineID=e4005433-e342-48ba-aa66-c36b520413a5
2022-07-12 20:45:36,111 [Command processor thread] INFO  commandhandler.CreatePipelineCommandHandler (CreatePipelineCommandHandler.java:handle(113)) - Created Pipeline RATIS ONE PipelineID=e4005433-e342-48ba-aa66-c36b520413a5.
2022-07-12 20:45:36,111 [Command processor thread] INFO  server.RaftServer (RaftServerProxy.java:addNew(96)) - 78c9189f-838b-4558-b0ec-dc02cb69d32a: addNew group-58F30C65B0F4:[78c9189f-838b-4558-b0ec-dc02cb69d32a|rpc:10.1.0.33:36363|priority:1, 6d9695d6-757b-418f-8d74-8c74e86c9bf4|rpc:10.1.0.33:41905|priority:0, 6ffc9041-e27c-43b9-84cd-343e15cef14a|rpc:10.1.0.33:45399|priority:0] returns group-58F30C65B0F4:java.util.concurrent.CompletableFuture@64baa9d0[Not completed]
2022-07-12 20:45:36,112 [pool-510-thread-1] INFO  server.RaftServer$Division (RaftServerImpl.java:<init>(190)) - 78c9189f-838b-4558-b0ec-dc02cb69d32a: new RaftServerImpl for group-58F30C65B0F4:[78c9189f-838b-4558-b0ec-dc02cb69d32a|rpc:10.1.0.33:36363|priority:1, 6d9695d6-757b-418f-8d74-8c74e86c9bf4|rpc:10.1.0.33:41905|priority:0, 6ffc9041-e27c-43b9-84cd-343e15cef14a|rpc:10.1.0.33:45399|priority:0] with ContainerStateMachine:uninitialized
2022-07-12 20:45:36,112 [pool-510-thread-1] INFO  server.RaftServerConfigKeys (ConfUtils.java:logGet(46)) - raft.server.rpc.timeout.min = 5s (custom)
2022-07-12 20:45:36,112 [pool-510-thread-1] INFO  server.RaftServerConfigKeys (ConfUtils.java:logGet(46)) - raft.server.rpc.timeout.max = 5200ms (custom)
2022-07-12 20:45:36,112 [pool-510-thread-1] INFO  server.RaftServerConfigKeys (ConfUtils.java:logGet(46)) - raft.server.rpc.sleep.time = 25ms (default)
2022-07-12 20:45:36,112 [pool-510-thread-1] INFO  server.RaftServerConfigKeys (ConfUtils.java:logGet(46)) - raft.server.rpc.slowness.timeout = 300s (custom)
2022-07-12 20:45:36,112 [pool-510-thread-1] INFO  server.RaftServerConfigKeys (ConfUtils.java:logGet(46)) - raft.server.leaderelection.leader.step-down.wait-time = 10s (default)
2022-07-12 20:45:36,112 [pool-510-thread-1] INFO  server.RaftServerConfigKeys (ConfUtils.java:logGet(46)) - raft.server.sleep.deviation.threshold = 300ms (default)
2022-07-12 20:45:36,112 [pool-510-thread-1] INFO  server.RaftServer$Division (ServerState.java:<init>(107)) - 78c9189f-838b-4558-b0ec-dc02cb69d32a@group-58F30C65B0F4: ConfigurationManager, init=-1: [78c9189f-838b-4558-b0ec-dc02cb69d32a|rpc:10.1.0.33:36363|priority:1, 6d9695d6-757b-418f-8d74-8c74e86c9bf4|rpc:10.1.0.33:41905|priority:0, 6ffc9041-e27c-43b9-84cd-343e15cef14a|rpc:10.1.0.33:45399|priority:0], old=null, confs=<EMPTY_MAP>
2022-07-12 20:45:36,112 [pool-510-thread-1] INFO  server.RaftServerConfigKeys (ConfUtils.java:logGet(46)) - raft.server.storage.dir = [/home/runner/work/ozone/ozone/hadoop-ozone/integration-test/target/test-dir/MiniOzoneClusterImpl-333fec51-4ba1-426d-9c6c-44177af9cbb2/datanode-0/data/ratis] (custom)
2022-07-12 20:45:36,112 [pool-510-thread-1] INFO  server.RaftServerConfigKeys (ConfUtils.java:logGet(46)) - raft.server.log.corruption.policy = EXCEPTION (default)
2022-07-12 20:45:36,112 [pool-510-thread-1] INFO  server.RaftServerConfigKeys (ConfUtils.java:logGet(46)) - raft.server.storage.free-space.min = 0MB (=0) (default)
2022-07-12 20:45:36,113 [pool-510-thread-1] INFO  storage.RaftStorageDirectory (RaftStorageDirectoryImpl.java:analyzeStorage(135)) - The storage directory /home/runner/work/ozone/ozone/hadoop-ozone/integration-test/target/test-dir/MiniOzoneClusterImpl-333fec51-4ba1-426d-9c6c-44177af9cbb2/datanode-0/data/ratis/58cea004-ed6e-4ffa-8fb7-58f30c65b0f4 does not exist. Creating ...
2022-07-12 20:45:36,113 [pool-510-thread-1] INFO  storage.RaftStorageDirectory (RaftStorageDirectoryImpl.java:tryLock(230)) - Lock on /home/runner/work/ozone/ozone/hadoop-ozone/integration-test/target/test-dir/MiniOzoneClusterImpl-333fec51-4ba1-426d-9c6c-44177af9cbb2/datanode-0/data/ratis/58cea004-ed6e-4ffa-8fb7-58f30c65b0f4/in_use.lock acquired by nodename 3147@fv-az29-983
2022-07-12 20:45:36,114 [pool-510-thread-1] INFO  storage.RaftStorage (RaftStorageImpl.java:format(89)) - Storage directory /home/runner/work/ozone/ozone/hadoop-ozone/integration-test/target/test-dir/MiniOzoneClusterImpl-333fec51-4ba1-426d-9c6c-44177af9cbb2/datanode-0/data/ratis/58cea004-ed6e-4ffa-8fb7-58f30c65b0f4 has been successfully formatted.
2022-07-12 20:45:36,115 [pool-510-thread-1] INFO  ratis.ContainerStateMachine (ContainerStateMachine.java:loadSnapshot(236)) - group-58F30C65B0F4: The snapshot info is null. Setting the last applied indexto:(t:0, i:~)
2022-07-12 20:45:36,115 [pool-510-thread-1] INFO  server.RaftServerConfigKeys (ConfUtils.java:logGet(46)) - raft.server.notification.no-leader.timeout = 300s (custom)
2022-07-12 20:45:36,115 [pool-510-thread-1] INFO  server.RaftServerConfigKeys (ConfUtils.java:logGet(46)) - raft.server.log.use.memory = false (default)
2022-07-12 20:45:36,115 [pool-510-thread-1] INFO  server.RaftServerConfigKeys (ConfUtils.java:logGet(46)) - raft.server.log.purge.gap = 1000000 (custom)
2022-07-12 20:45:36,115 [pool-510-thread-1] INFO  server.RaftServerConfigKeys (ConfUtils.java:logGet(46)) - raft.server.log.appender.buffer.byte-limit = 33554432 (custom)
2022-07-12 20:45:36,115 [pool-510-thread-1] INFO  server.RaftServerConfigKeys (ConfUtils.java:logGet(46)) - raft.server.log.statemachine.data.read.timeout = 1000ms (default)
2022-07-12 20:45:36,115 [pool-510-thread-1] INFO  server.RaftServerConfigKeys (ConfUtils.java:logGet(46)) - raft.server.log.segment.size.max = 1048576 (custom)
2022-07-12 20:45:36,116 [pool-510-thread-1] INFO  server.RaftServerConfigKeys (ConfUtils.java:logGet(46)) - raft.server.log.segment.cache.num.max = 2 (custom)
2022-07-12 20:45:36,116 [pool-510-thread-1] INFO  server.RaftServerConfigKeys (ConfUtils.java:logGet(46)) - raft.server.log.segment.cache.size.max = 200MB (=209715200) (default)
2022-07-12 20:45:36,116 [pool-510-thread-1] INFO  segmented.SegmentedRaftLogWorker (SegmentedRaftLogWorker.java:<init>(187)) - new 78c9189f-838b-4558-b0ec-dc02cb69d32a@group-58F30C65B0F4-SegmentedRaftLogWorker for RaftStorageImpl:Storage Directory /home/runner/work/ozone/ozone/hadoop-ozone/integration-test/target/test-dir/MiniOzoneClusterImpl-333fec51-4ba1-426d-9c6c-44177af9cbb2/datanode-0/data/ratis/58cea004-ed6e-4ffa-8fb7-58f30c65b0f4
2022-07-12 20:45:36,116 [pool-510-thread-1] INFO  server.RaftServerConfigKeys (ConfUtils.java:logGet(46)) - raft.server.log.queue.byte-limit = 4294967296 (custom)
2022-07-12 20:45:36,116 [pool-510-thread-1] INFO  server.RaftServerConfigKeys (ConfUtils.java:logGet(46)) - raft.server.log.queue.element-limit = 1024 (custom)
2022-07-12 20:45:36,116 [pool-510-thread-1] INFO  server.RaftServerConfigKeys (ConfUtils.java:logGet(46)) - raft.server.log.segment.size.max = 1048576 (custom)
2022-07-12 20:45:36,116 [pool-510-thread-1] INFO  server.RaftServerConfigKeys (ConfUtils.java:logGet(46)) - raft.server.log.preallocated.size = 16384 (custom)
2022-07-12 20:45:36,116 [pool-510-thread-1] INFO  server.RaftServerConfigKeys (ConfUtils.java:logGet(46)) - raft.server.log.force.sync.num = 128 (default)
2022-07-12 20:45:36,116 [pool-510-thread-1] INFO  server.RaftServerConfigKeys (ConfUtils.java:logGet(46)) - raft.server.log.statemachine.data.sync = true (default)
2022-07-12 20:45:36,116 [pool-510-thread-1] INFO  server.RaftServerConfigKeys (ConfUtils.java:logGet(46)) - raft.server.log.statemachine.data.sync.timeout = 10s (default)
2022-07-12 20:45:36,116 [pool-510-thread-1] INFO  server.RaftServerConfigKeys (ConfUtils.java:logGet(46)) - raft.server.log.statemachine.data.sync.timeout.retry = -1 (default)
2022-07-12 20:45:36,117 [pool-510-thread-1] INFO  server.RaftServerConfigKeys (ConfUtils.java:logGet(46)) - raft.server.log.write.buffer.size = 1048576 (custom)
2022-07-12 20:45:36,117 [pool-510-thread-1] INFO  server.RaftServerConfigKeys (ConfUtils.java:logGet(46)) - raft.server.log.unsafe-flush.enabled = false (default)
2022-07-12 20:45:36,117 [pool-510-thread-1] INFO  server.RaftServerConfigKeys (ConfUtils.java:logGet(46)) - raft.server.log.statemachine.data.caching.enabled = true (custom)
2022-07-12 20:45:36,118 [pool-510-thread-1] INFO  segmented.SegmentedRaftLogWorker (SegmentedRaftLogWorker.java:lambda$new$0(135)) - 78c9189f-838b-4558-b0ec-dc02cb69d32a@group-58F30C65B0F4-SegmentedRaftLogWorker: flushIndex: setUnconditionally 0 -> -1
2022-07-12 20:45:36,118 [pool-510-thread-1] INFO  segmented.SegmentedRaftLogWorker (SegmentedRaftLogWorker.java:lambda$new$0(135)) - 78c9189f-838b-4558-b0ec-dc02cb69d32a@group-58F30C65B0F4-SegmentedRaftLogWorker: safeCacheEvictIndex: setUnconditionally 0 -> -1
2022-07-12 20:45:36,122 [EventQueue-OpenPipelineForHealthyPipelineSafeModeRule] INFO  safemode.SCMSafeModeManager (HealthyPipelineSafeModeRule.java:process(124)) - SCM in safe mode. Healthy pipelines reported count is 0, required healthy pipeline reported count is 1
2022-07-12 20:45:36,122 [pool-510-thread-1] INFO  server.RaftServerConfigKeys (ConfUtils.java:logGet(46)) - raft.server.snapshot.auto.trigger.enabled = true (custom)
2022-07-12 20:45:36,122 [pool-510-thread-1] INFO  server.RaftServerConfigKeys (ConfUtils.java:logGet(46)) - raft.server.snapshot.auto.trigger.threshold = 10000 (custom)
2022-07-12 20:45:36,122 [pool-510-thread-1] INFO  server.RaftServerConfigKeys (ConfUtils.java:logGet(46)) - raft.server.snapshot.retention.file.num = 5 (custom)
2022-07-12 20:45:36,122 [pool-510-thread-1] INFO  server.RaftServerConfigKeys (ConfUtils.java:logGet(46)) - raft.server.log.purge.upto.snapshot.index = false (default)
2022-07-12 20:45:36,122 [pool-510-thread-1] INFO  server.RaftServerConfigKeys (ConfUtils.java:logGet(46)) - raft.server.retrycache.expirytime = 600000ms (custom)
2022-07-12 20:45:36,122 [pool-510-thread-1] INFO  server.RaftServerConfigKeys (ConfUtils.java:logGet(46)) - raft.server.retrycache.statistics.expirytime = 100μs (default)
2022-07-12 20:45:36,123 [pool-510-thread-1] INFO  server.RaftServerConfigKeys (ConfUtils.java:logGet(46)) - raft.server.log.appender.install.snapshot.enabled = false (custom)
2022-07-12 20:45:36,123 [pool-510-thread-1] INFO  server.RaftServerConfigKeys (ConfUtils.java:logGet(46)) - raft.server.threadpool.server.cached = true (default)
2022-07-12 20:45:36,123 [pool-510-thread-1] INFO  server.RaftServerConfigKeys (ConfUtils.java:logGet(46)) - raft.server.threadpool.server.size = 0 (default)
2022-07-12 20:45:36,124 [pool-510-thread-1] INFO  server.RaftServerConfigKeys (ConfUtils.java:logGet(46)) - raft.server.threadpool.client.cached = true (default)
2022-07-12 20:45:36,124 [pool-510-thread-1] INFO  server.RaftServerConfigKeys (ConfUtils.java:logGet(46)) - raft.server.threadpool.client.size = 0 (default)
2022-07-12 20:45:36,124 [pool-510-thread-1] INFO  server.RaftServer$Division (RaftServerImpl.java:start(310)) - 78c9189f-838b-4558-b0ec-dc02cb69d32a@group-58F30C65B0F4: start as a follower, conf=-1: [78c9189f-838b-4558-b0ec-dc02cb69d32a|rpc:10.1.0.33:36363|priority:1, 6d9695d6-757b-418f-8d74-8c74e86c9bf4|rpc:10.1.0.33:41905|priority:0, 6ffc9041-e27c-43b9-84cd-343e15cef14a|rpc:10.1.0.33:45399|priority:0], old=null
2022-07-12 20:45:36,124 [pool-510-thread-1] INFO  server.RaftServer$Division (RaftServerImpl.java:setRole(299)) - 78c9189f-838b-4558-b0ec-dc02cb69d32a@group-58F30C65B0F4: changes role from      null to FOLLOWER at term 0 for startAsFollower
2022-07-12 20:45:36,124 [pool-510-thread-1] INFO  impl.RoleInfo (RoleInfo.java:updateAndGet(139)) - 78c9189f-838b-4558-b0ec-dc02cb69d32a: start 78c9189f-838b-4558-b0ec-dc02cb69d32a@group-58F30C65B0F4-FollowerState
2022-07-12 20:45:36,131 [pool-510-thread-1] INFO  util.JmxRegister (JmxRegister.java:tryRegister(44)) - Successfully registered JMX Bean with object name Ratis:service=RaftServer,group=group-58F30C65B0F4,id=78c9189f-838b-4558-b0ec-dc02cb69d32a
2022-07-12 20:45:36,139 [Command processor thread] INFO  ratis.XceiverServerRatis (XceiverServerRatis.java:addGroup(765)) - Created group PipelineID=58cea004-ed6e-4ffa-8fb7-58f30c65b0f4
2022-07-12 20:45:36,193 [grpc-default-executor-0] INFO  server.RaftServer (RaftServerProxy.java:addNew(96)) - 6ffc9041-e27c-43b9-84cd-343e15cef14a: addNew group-58F30C65B0F4:[78c9189f-838b-4558-b0ec-dc02cb69d32a|rpc:10.1.0.33:36363|dataStream:|priority:1, 6d9695d6-757b-418f-8d74-8c74e86c9bf4|rpc:10.1.0.33:41905|dataStream:|priority:0, 6ffc9041-e27c-43b9-84cd-343e15cef14a|rpc:10.1.0.33:45399|dataStream:|priority:0] returns group-58F30C65B0F4:java.util.concurrent.CompletableFuture@630acd4b[Not completed]
2022-07-12 20:45:36,211 [pool-533-thread-1] INFO  server.RaftServer$Division (RaftServerImpl.java:<init>(190)) - 6ffc9041-e27c-43b9-84cd-343e15cef14a: new RaftServerImpl for group-58F30C65B0F4:[78c9189f-838b-4558-b0ec-dc02cb69d32a|rpc:10.1.0.33:36363|dataStream:|priority:1, 6d9695d6-757b-418f-8d74-8c74e86c9bf4|rpc:10.1.0.33:41905|dataStream:|priority:0, 6ffc9041-e27c-43b9-84cd-343e15cef14a|rpc:10.1.0.33:45399|dataStream:|priority:0] with ContainerStateMachine:uninitialized
2022-07-12 20:45:36,211 [pool-533-thread-1] INFO  server.RaftServerConfigKeys (ConfUtils.java:logGet(46)) - raft.server.rpc.timeout.min = 5s (custom)
2022-07-12 20:45:36,212 [pool-533-thread-1] INFO  server.RaftServerConfigKeys (ConfUtils.java:logGet(46)) - raft.server.rpc.timeout.max = 5200ms (custom)
2022-07-12 20:45:36,212 [pool-533-thread-1] INFO  server.RaftServerConfigKeys (ConfUtils.java:logGet(46)) - raft.server.rpc.sleep.time = 25ms (default)
2022-07-12 20:45:36,212 [pool-533-thread-1] INFO  server.RaftServerConfigKeys (ConfUtils.java:logGet(46)) - raft.server.rpc.slowness.timeout = 300s (custom)
2022-07-12 20:45:36,212 [pool-533-thread-1] INFO  server.RaftServerConfigKeys (ConfUtils.java:logGet(46)) - raft.server.leaderelection.leader.step-down.wait-time = 10s (default)
2022-07-12 20:45:36,212 [pool-533-thread-1] INFO  server.RaftServerConfigKeys (ConfUtils.java:logGet(46)) - raft.server.sleep.deviation.threshold = 300ms (default)
2022-07-12 20:45:36,212 [pool-533-thread-1] INFO  server.RaftServer$Division (ServerState.java:<init>(107)) - 6ffc9041-e27c-43b9-84cd-343e15cef14a@group-58F30C65B0F4: ConfigurationManager, init=-1: [78c9189f-838b-4558-b0ec-dc02cb69d32a|rpc:10.1.0.33:36363|dataStream:|priority:1, 6d9695d6-757b-418f-8d74-8c74e86c9bf4|rpc:10.1.0.33:41905|dataStream:|priority:0, 6ffc9041-e27c-43b9-84cd-343e15cef14a|rpc:10.1.0.33:45399|dataStream:|priority:0], old=null, confs=<EMPTY_MAP>
2022-07-12 20:45:36,212 [pool-533-thread-1] INFO  server.RaftServerConfigKeys (ConfUtils.java:logGet(46)) - raft.server.storage.dir = [/home/runner/work/ozone/ozone/hadoop-ozone/integration-test/target/test-dir/MiniOzoneClusterImpl-333fec51-4ba1-426d-9c6c-44177af9cbb2/datanode-1/data/ratis] (custom)
2022-07-12 20:45:36,212 [pool-533-thread-1] INFO  server.RaftServerConfigKeys (ConfUtils.java:logGet(46)) - raft.server.log.corruption.policy = EXCEPTION (default)
2022-07-12 20:45:36,212 [pool-533-thread-1] INFO  server.RaftServerConfigKeys (ConfUtils.java:logGet(46)) - raft.server.storage.free-space.min = 0MB (=0) (default)
2022-07-12 20:45:36,212 [pool-533-thread-1] INFO  storage.RaftStorageDirectory (RaftStorageDirectoryImpl.java:analyzeStorage(135)) - The storage directory /home/runner/work/ozone/ozone/hadoop-ozone/integration-test/target/test-dir/MiniOzoneClusterImpl-333fec51-4ba1-426d-9c6c-44177af9cbb2/datanode-1/data/ratis/58cea004-ed6e-4ffa-8fb7-58f30c65b0f4 does not exist. Creating ...
2022-07-12 20:45:36,230 [pool-533-thread-1] INFO  storage.RaftStorageDirectory (RaftStorageDirectoryImpl.java:tryLock(230)) - Lock on /home/runner/work/ozone/ozone/hadoop-ozone/integration-test/target/test-dir/MiniOzoneClusterImpl-333fec51-4ba1-426d-9c6c-44177af9cbb2/datanode-1/data/ratis/58cea004-ed6e-4ffa-8fb7-58f30c65b0f4/in_use.lock acquired by nodename 3147@fv-az29-983
2022-07-12 20:45:36,235 [pool-533-thread-1] INFO  storage.RaftStorage (RaftStorageImpl.java:format(89)) - Storage directory /home/runner/work/ozone/ozone/hadoop-ozone/integration-test/target/test-dir/MiniOzoneClusterImpl-333fec51-4ba1-426d-9c6c-44177af9cbb2/datanode-1/data/ratis/58cea004-ed6e-4ffa-8fb7-58f30c65b0f4 has been successfully formatted.
2022-07-12 20:45:36,242 [pool-533-thread-1] INFO  ratis.ContainerStateMachine (ContainerStateMachine.java:loadSnapshot(236)) - group-58F30C65B0F4: The snapshot info is null. Setting the last applied indexto:(t:0, i:~)
2022-07-12 20:45:36,242 [pool-533-thread-1] INFO  server.RaftServerConfigKeys (ConfUtils.java:logGet(46)) - raft.server.notification.no-leader.timeout = 300s (custom)
2022-07-12 20:45:36,242 [pool-533-thread-1] INFO  server.RaftServerConfigKeys (ConfUtils.java:logGet(46)) - raft.server.log.use.memory = false (default)
2022-07-12 20:45:36,242 [pool-533-thread-1] INFO  server.RaftServerConfigKeys (ConfUtils.java:logGet(46)) - raft.server.log.purge.gap = 1000000 (custom)
2022-07-12 20:45:36,242 [pool-533-thread-1] INFO  server.RaftServerConfigKeys (ConfUtils.java:logGet(46)) - raft.server.log.appender.buffer.byte-limit = 33554432 (custom)
2022-07-12 20:45:36,242 [pool-533-thread-1] INFO  server.RaftServerConfigKeys (ConfUtils.java:logGet(46)) - raft.server.log.statemachine.data.read.timeout = 1000ms (default)
2022-07-12 20:45:36,242 [pool-533-thread-1] INFO  server.RaftServerConfigKeys (ConfUtils.java:logGet(46)) - raft.server.log.segment.size.max = 1048576 (custom)
2022-07-12 20:45:36,243 [pool-533-thread-1] INFO  server.RaftServerConfigKeys (ConfUtils.java:logGet(46)) - raft.server.log.segment.cache.num.max = 2 (custom)
2022-07-12 20:45:36,243 [pool-533-thread-1] INFO  server.RaftServerConfigKeys (ConfUtils.java:logGet(46)) - raft.server.log.segment.cache.size.max = 200MB (=209715200) (default)
2022-07-12 20:45:36,243 [pool-533-thread-1] INFO  segmented.SegmentedRaftLogWorker (SegmentedRaftLogWorker.java:<init>(187)) - new 6ffc9041-e27c-43b9-84cd-343e15cef14a@group-58F30C65B0F4-SegmentedRaftLogWorker for RaftStorageImpl:Storage Directory /home/runner/work/ozone/ozone/hadoop-ozone/integration-test/target/test-dir/MiniOzoneClusterImpl-333fec51-4ba1-426d-9c6c-44177af9cbb2/datanode-1/data/ratis/58cea004-ed6e-4ffa-8fb7-58f30c65b0f4
2022-07-12 20:45:36,243 [pool-533-thread-1] INFO  server.RaftServerConfigKeys (ConfUtils.java:logGet(46)) - raft.server.log.queue.byte-limit = 4294967296 (custom)
2022-07-12 20:45:36,243 [pool-533-thread-1] INFO  server.RaftServerConfigKeys (ConfUtils.java:logGet(46)) - raft.server.log.queue.element-limit = 1024 (custom)
2022-07-12 20:45:36,243 [pool-533-thread-1] INFO  server.RaftServerConfigKeys (ConfUtils.java:logGet(46)) - raft.server.log.segment.size.max = 1048576 (custom)
2022-07-12 20:45:36,243 [pool-533-thread-1] INFO  server.RaftServerConfigKeys (ConfUtils.java:logGet(46)) - raft.server.log.preallocated.size = 16384 (custom)
2022-07-12 20:45:36,243 [pool-533-thread-1] INFO  server.RaftServerConfigKeys (ConfUtils.java:logGet(46)) - raft.server.log.force.sync.num = 128 (default)
2022-07-12 20:45:36,243 [pool-533-thread-1] INFO  server.RaftServerConfigKeys (ConfUtils.java:logGet(46)) - raft.server.log.statemachine.data.sync = true (default)
2022-07-12 20:45:36,243 [pool-533-thread-1] INFO  server.RaftServerConfigKeys (ConfUtils.java:logGet(46)) - raft.server.log.statemachine.data.sync.timeout = 10s (default)
2022-07-12 20:45:36,243 [pool-533-thread-1] INFO  server.RaftServerConfigKeys (ConfUtils.java:logGet(46)) - raft.server.log.statemachine.data.sync.timeout.retry = -1 (default)
2022-07-12 20:45:36,244 [pool-533-thread-1] INFO  server.RaftServerConfigKeys (ConfUtils.java:logGet(46)) - raft.server.log.write.buffer.size = 1048576 (custom)
2022-07-12 20:45:36,244 [pool-533-thread-1] INFO  server.RaftServerConfigKeys (ConfUtils.java:logGet(46)) - raft.server.log.unsafe-flush.enabled = false (default)
2022-07-12 20:45:36,244 [pool-533-thread-1] INFO  server.RaftServerConfigKeys (ConfUtils.java:logGet(46)) - raft.server.log.statemachine.data.caching.enabled = true (custom)
2022-07-12 20:45:36,244 [pool-533-thread-1] INFO  segmented.SegmentedRaftLogWorker (SegmentedRaftLogWorker.java:lambda$new$0(135)) - 6ffc9041-e27c-43b9-84cd-343e15cef14a@group-58F30C65B0F4-SegmentedRaftLogWorker: flushIndex: setUnconditionally 0 -> -1
2022-07-12 20:45:36,244 [pool-533-thread-1] INFO  segmented.SegmentedRaftLogWorker (SegmentedRaftLogWorker.java:lambda$new$0(135)) - 6ffc9041-e27c-43b9-84cd-343e15cef14a@group-58F30C65B0F4-SegmentedRaftLogWorker: safeCacheEvictIndex: setUnconditionally 0 -> -1
2022-07-12 20:45:36,251 [pool-533-thread-1] INFO  server.RaftServerConfigKeys (ConfUtils.java:logGet(46)) - raft.server.snapshot.auto.trigger.enabled = true (custom)
2022-07-12 20:45:36,251 [pool-533-thread-1] INFO  server.RaftServerConfigKeys (ConfUtils.java:logGet(46)) - raft.server.snapshot.auto.trigger.threshold = 10000 (custom)
2022-07-12 20:45:36,251 [pool-533-thread-1] INFO  server.RaftServerConfigKeys (ConfUtils.java:logGet(46)) - raft.server.snapshot.retention.file.num = 5 (custom)
2022-07-12 20:45:36,251 [pool-533-thread-1] INFO  server.RaftServerConfigKeys (ConfUtils.java:logGet(46)) - raft.server.log.purge.upto.snapshot.index = false (default)
2022-07-12 20:45:36,251 [pool-533-thread-1] INFO  server.RaftServerConfigKeys (ConfUtils.java:logGet(46)) - raft.server.retrycache.expirytime = 600000ms (custom)
2022-07-12 20:45:36,251 [pool-533-thread-1] INFO  server.RaftServerConfigKeys (ConfUtils.java:logGet(46)) - raft.server.retrycache.statistics.expirytime = 100μs (default)
2022-07-12 20:45:36,252 [pool-533-thread-1] INFO  server.RaftServerConfigKeys (ConfUtils.java:logGet(46)) - raft.server.log.appender.install.snapshot.enabled = false (custom)
2022-07-12 20:45:36,252 [pool-533-thread-1] INFO  server.RaftServerConfigKeys (ConfUtils.java:logGet(46)) - raft.server.threadpool.server.cached = true (default)
2022-07-12 20:45:36,252 [pool-533-thread-1] INFO  server.RaftServerConfigKeys (ConfUtils.java:logGet(46)) - raft.server.threadpool.server.size = 0 (default)
2022-07-12 20:45:36,252 [pool-533-thread-1] INFO  server.RaftServerConfigKeys (ConfUtils.java:logGet(46)) - raft.server.threadpool.client.cached = true (default)
2022-07-12 20:45:36,252 [pool-533-thread-1] INFO  server.RaftServerConfigKeys (ConfUtils.java:logGet(46)) - raft.server.threadpool.client.size = 0 (default)
2022-07-12 20:45:36,252 [pool-533-thread-1] INFO  server.RaftServer$Division (RaftServerImpl.java:start(310)) - 6ffc9041-e27c-43b9-84cd-343e15cef14a@group-58F30C65B0F4: start as a follower, conf=-1: [78c9189f-838b-4558-b0ec-dc02cb69d32a|rpc:10.1.0.33:36363|dataStream:|priority:1, 6d9695d6-757b-418f-8d74-8c74e86c9bf4|rpc:10.1.0.33:41905|dataStream:|priority:0, 6ffc9041-e27c-43b9-84cd-343e15cef14a|rpc:10.1.0.33:45399|dataStream:|priority:0], old=null
2022-07-12 20:45:36,252 [pool-533-thread-1] INFO  server.RaftServer$Division (RaftServerImpl.java:setRole(299)) - 6ffc9041-e27c-43b9-84cd-343e15cef14a@group-58F30C65B0F4: changes role from      null to FOLLOWER at term 0 for startAsFollower
2022-07-12 20:45:36,252 [pool-533-thread-1] INFO  impl.RoleInfo (RoleInfo.java:updateAndGet(139)) - 6ffc9041-e27c-43b9-84cd-343e15cef14a: start 6ffc9041-e27c-43b9-84cd-343e15cef14a@group-58F30C65B0F4-FollowerState
2022-07-12 20:45:36,268 [pool-533-thread-1] INFO  util.JmxRegister (JmxRegister.java:tryRegister(44)) - Successfully registered JMX Bean with object name Ratis:service=RaftServer,group=group-58F30C65B0F4,id=6ffc9041-e27c-43b9-84cd-343e15cef14a
2022-07-12 20:45:36,356 [grpc-default-executor-0] INFO  server.RaftServer (RaftServerProxy.java:addNew(96)) - 6d9695d6-757b-418f-8d74-8c74e86c9bf4: addNew group-58F30C65B0F4:[78c9189f-838b-4558-b0ec-dc02cb69d32a|rpc:10.1.0.33:36363|dataStream:|priority:1, 6d9695d6-757b-418f-8d74-8c74e86c9bf4|rpc:10.1.0.33:41905|dataStream:|priority:0, 6ffc9041-e27c-43b9-84cd-343e15cef14a|rpc:10.1.0.33:45399|dataStream:|priority:0] returns group-58F30C65B0F4:java.util.concurrent.CompletableFuture@291e4b61[Not completed]
2022-07-12 20:45:36,381 [pool-556-thread-1] INFO  server.RaftServer$Division (RaftServerImpl.java:<init>(190)) - 6d9695d6-757b-418f-8d74-8c74e86c9bf4: new RaftServerImpl for group-58F30C65B0F4:[78c9189f-838b-4558-b0ec-dc02cb69d32a|rpc:10.1.0.33:36363|dataStream:|priority:1, 6d9695d6-757b-418f-8d74-8c74e86c9bf4|rpc:10.1.0.33:41905|dataStream:|priority:0, 6ffc9041-e27c-43b9-84cd-343e15cef14a|rpc:10.1.0.33:45399|dataStream:|priority:0] with ContainerStateMachine:uninitialized
2022-07-12 20:45:36,381 [pool-556-thread-1] INFO  server.RaftServerConfigKeys (ConfUtils.java:logGet(46)) - raft.server.rpc.timeout.min = 5s (custom)
2022-07-12 20:45:36,381 [pool-556-thread-1] INFO  server.RaftServerConfigKeys (ConfUtils.java:logGet(46)) - raft.server.rpc.timeout.max = 5200ms (custom)
2022-07-12 20:45:36,381 [pool-556-thread-1] INFO  server.RaftServerConfigKeys (ConfUtils.java:logGet(46)) - raft.server.rpc.sleep.time = 25ms (default)
2022-07-12 20:45:36,381 [pool-556-thread-1] INFO  server.RaftServerConfigKeys (ConfUtils.java:logGet(46)) - raft.server.rpc.slowness.timeout = 300s (custom)
2022-07-12 20:45:36,381 [pool-556-thread-1] INFO  server.RaftServerConfigKeys (ConfUtils.java:logGet(46)) - raft.server.leaderelection.leader.step-down.wait-time = 10s (default)
2022-07-12 20:45:36,381 [pool-556-thread-1] INFO  server.RaftServerConfigKeys (ConfUtils.java:logGet(46)) - raft.server.sleep.deviation.threshold = 300ms (default)
2022-07-12 20:45:36,381 [pool-556-thread-1] INFO  server.RaftServer$Division (ServerState.java:<init>(107)) - 6d9695d6-757b-418f-8d74-8c74e86c9bf4@group-58F30C65B0F4: ConfigurationManager, init=-1: [78c9189f-838b-4558-b0ec-dc02cb69d32a|rpc:10.1.0.33:36363|dataStream:|priority:1, 6d9695d6-757b-418f-8d74-8c74e86c9bf4|rpc:10.1.0.33:41905|dataStream:|priority:0, 6ffc9041-e27c-43b9-84cd-343e15cef14a|rpc:10.1.0.33:45399|dataStream:|priority:0], old=null, confs=<EMPTY_MAP>
2022-07-12 20:45:36,381 [pool-556-thread-1] INFO  server.RaftServerConfigKeys (ConfUtils.java:logGet(46)) - raft.server.storage.dir = [/home/runner/work/ozone/ozone/hadoop-ozone/integration-test/target/test-dir/MiniOzoneClusterImpl-333fec51-4ba1-426d-9c6c-44177af9cbb2/datanode-2/data/ratis] (custom)
2022-07-12 20:45:36,382 [pool-556-thread-1] INFO  server.RaftServerConfigKeys (ConfUtils.java:logGet(46)) - raft.server.log.corruption.policy = EXCEPTION (default)
2022-07-12 20:45:36,382 [pool-556-thread-1] INFO  server.RaftServerConfigKeys (ConfUtils.java:logGet(46)) - raft.server.storage.free-space.min = 0MB (=0) (default)
2022-07-12 20:45:36,382 [pool-556-thread-1] INFO  storage.RaftStorageDirectory (RaftStorageDirectoryImpl.java:analyzeStorage(135)) - The storage directory /home/runner/work/ozone/ozone/hadoop-ozone/integration-test/target/test-dir/MiniOzoneClusterImpl-333fec51-4ba1-426d-9c6c-44177af9cbb2/datanode-2/data/ratis/58cea004-ed6e-4ffa-8fb7-58f30c65b0f4 does not exist. Creating ...
2022-07-12 20:45:36,395 [pool-556-thread-1] INFO  storage.RaftStorageDirectory (RaftStorageDirectoryImpl.java:tryLock(230)) - Lock on /home/runner/work/ozone/ozone/hadoop-ozone/integration-test/target/test-dir/MiniOzoneClusterImpl-333fec51-4ba1-426d-9c6c-44177af9cbb2/datanode-2/data/ratis/58cea004-ed6e-4ffa-8fb7-58f30c65b0f4/in_use.lock acquired by nodename 3147@fv-az29-983
2022-07-12 20:45:36,400 [pool-556-thread-1] INFO  storage.RaftStorage (RaftStorageImpl.java:format(89)) - Storage directory /home/runner/work/ozone/ozone/hadoop-ozone/integration-test/target/test-dir/MiniOzoneClusterImpl-333fec51-4ba1-426d-9c6c-44177af9cbb2/datanode-2/data/ratis/58cea004-ed6e-4ffa-8fb7-58f30c65b0f4 has been successfully formatted.
2022-07-12 20:45:36,436 [pool-556-thread-1] INFO  ratis.ContainerStateMachine (ContainerStateMachine.java:loadSnapshot(236)) - group-58F30C65B0F4: The snapshot info is null. Setting the last applied indexto:(t:0, i:~)
2022-07-12 20:45:36,436 [pool-556-thread-1] INFO  server.RaftServerConfigKeys (ConfUtils.java:logGet(46)) - raft.server.notification.no-leader.timeout = 300s (custom)
2022-07-12 20:45:36,436 [pool-556-thread-1] INFO  server.RaftServerConfigKeys (ConfUtils.java:logGet(46)) - raft.server.log.use.memory = false (default)
2022-07-12 20:45:36,436 [pool-556-thread-1] INFO  server.RaftServerConfigKeys (ConfUtils.java:logGet(46)) - raft.server.log.purge.gap = 1000000 (custom)
2022-07-12 20:45:36,436 [pool-556-thread-1] INFO  server.RaftServerConfigKeys (ConfUtils.java:logGet(46)) - raft.server.log.appender.buffer.byte-limit = 33554432 (custom)
2022-07-12 20:45:36,436 [pool-556-thread-1] INFO  server.RaftServerConfigKeys (ConfUtils.java:logGet(46)) - raft.server.log.statemachine.data.read.timeout = 1000ms (default)
2022-07-12 20:45:36,436 [pool-556-thread-1] INFO  server.RaftServerConfigKeys (ConfUtils.java:logGet(46)) - raft.server.log.segment.size.max = 1048576 (custom)
2022-07-12 20:45:36,437 [pool-556-thread-1] INFO  server.RaftServerConfigKeys (ConfUtils.java:logGet(46)) - raft.server.log.segment.cache.num.max = 2 (custom)
2022-07-12 20:45:36,437 [pool-556-thread-1] INFO  server.RaftServerConfigKeys (ConfUtils.java:logGet(46)) - raft.server.log.segment.cache.size.max = 200MB (=209715200) (default)
2022-07-12 20:45:36,437 [pool-556-thread-1] INFO  segmented.SegmentedRaftLogWorker (SegmentedRaftLogWorker.java:<init>(187)) - new 6d9695d6-757b-418f-8d74-8c74e86c9bf4@group-58F30C65B0F4-SegmentedRaftLogWorker for RaftStorageImpl:Storage Directory /home/runner/work/ozone/ozone/hadoop-ozone/integration-test/target/test-dir/MiniOzoneClusterImpl-333fec51-4ba1-426d-9c6c-44177af9cbb2/datanode-2/data/ratis/58cea004-ed6e-4ffa-8fb7-58f30c65b0f4
2022-07-12 20:45:36,437 [pool-556-thread-1] INFO  server.RaftServerConfigKeys (ConfUtils.java:logGet(46)) - raft.server.log.queue.byte-limit = 4294967296 (custom)
2022-07-12 20:45:36,437 [pool-556-thread-1] INFO  server.RaftServerConfigKeys (ConfUtils.java:logGet(46)) - raft.server.log.queue.element-limit = 1024 (custom)
2022-07-12 20:45:36,437 [pool-556-thread-1] INFO  server.RaftServerConfigKeys (ConfUtils.java:logGet(46)) - raft.server.log.segment.size.max = 1048576 (custom)
2022-07-12 20:45:36,437 [pool-556-thread-1] INFO  server.RaftServerConfigKeys (ConfUtils.java:logGet(46)) - raft.server.log.preallocated.size = 16384 (custom)
2022-07-12 20:45:36,437 [pool-556-thread-1] INFO  server.RaftServerConfigKeys (ConfUtils.java:logGet(46)) - raft.server.log.force.sync.num = 128 (default)
2022-07-12 20:45:36,437 [pool-556-thread-1] INFO  server.RaftServerConfigKeys (ConfUtils.java:logGet(46)) - raft.server.log.statemachine.data.sync = true (default)
2022-07-12 20:45:36,437 [pool-556-thread-1] INFO  server.RaftServerConfigKeys (ConfUtils.java:logGet(46)) - raft.server.log.statemachine.data.sync.timeout = 10s (default)
2022-07-12 20:45:36,437 [pool-556-thread-1] INFO  server.RaftServerConfigKeys (ConfUtils.java:logGet(46)) - raft.server.log.statemachine.data.sync.timeout.retry = -1 (default)
2022-07-12 20:45:36,438 [pool-556-thread-1] INFO  server.RaftServerConfigKeys (ConfUtils.java:logGet(46)) - raft.server.log.write.buffer.size = 1048576 (custom)
2022-07-12 20:45:36,438 [pool-556-thread-1] INFO  server.RaftServerConfigKeys (ConfUtils.java:logGet(46)) - raft.server.log.unsafe-flush.enabled = false (default)
2022-07-12 20:45:36,439 [pool-556-thread-1] INFO  server.RaftServerConfigKeys (ConfUtils.java:logGet(46)) - raft.server.log.statemachine.data.caching.enabled = true (custom)
2022-07-12 20:45:36,439 [pool-556-thread-1] INFO  segmented.SegmentedRaftLogWorker (SegmentedRaftLogWorker.java:lambda$new$0(135)) - 6d9695d6-757b-418f-8d74-8c74e86c9bf4@group-58F30C65B0F4-SegmentedRaftLogWorker: flushIndex: setUnconditionally 0 -> -1
2022-07-12 20:45:36,439 [pool-556-thread-1] INFO  segmented.SegmentedRaftLogWorker (SegmentedRaftLogWorker.java:lambda$new$0(135)) - 6d9695d6-757b-418f-8d74-8c74e86c9bf4@group-58F30C65B0F4-SegmentedRaftLogWorker: safeCacheEvictIndex: setUnconditionally 0 -> -1
2022-07-12 20:45:36,451 [pool-556-thread-1] INFO  server.RaftServerConfigKeys (ConfUtils.java:logGet(46)) - raft.server.snapshot.auto.trigger.enabled = true (custom)
2022-07-12 20:45:36,451 [pool-556-thread-1] INFO  server.RaftServerConfigKeys (ConfUtils.java:logGet(46)) - raft.server.snapshot.auto.trigger.threshold = 10000 (custom)
2022-07-12 20:45:36,451 [pool-556-thread-1] INFO  server.RaftServerConfigKeys (ConfUtils.java:logGet(46)) - raft.server.snapshot.retention.file.num = 5 (custom)
2022-07-12 20:45:36,451 [pool-556-thread-1] INFO  server.RaftServerConfigKeys (ConfUtils.java:logGet(46)) - raft.server.log.purge.upto.snapshot.index = false (default)
2022-07-12 20:45:36,451 [pool-556-thread-1] INFO  server.RaftServerConfigKeys (ConfUtils.java:logGet(46)) - raft.server.retrycache.expirytime = 600000ms (custom)
2022-07-12 20:45:36,451 [pool-556-thread-1] INFO  server.RaftServerConfigKeys (ConfUtils.java:logGet(46)) - raft.server.retrycache.statistics.expirytime = 100μs (default)
2022-07-12 20:45:36,452 [pool-556-thread-1] INFO  server.RaftServerConfigKeys (ConfUtils.java:logGet(46)) - raft.server.log.appender.install.snapshot.enabled = false (custom)
2022-07-12 20:45:36,452 [pool-556-thread-1] INFO  server.RaftServerConfigKeys (ConfUtils.java:logGet(46)) - raft.server.threadpool.server.cached = true (default)
2022-07-12 20:45:36,452 [pool-556-thread-1] INFO  server.RaftServerConfigKeys (ConfUtils.java:logGet(46)) - raft.server.threadpool.server.size = 0 (default)
2022-07-12 20:45:36,452 [pool-556-thread-1] INFO  server.RaftServerConfigKeys (ConfUtils.java:logGet(46)) - raft.server.threadpool.client.cached = true (default)
2022-07-12 20:45:36,452 [pool-556-thread-1] INFO  server.RaftServerConfigKeys (ConfUtils.java:logGet(46)) - raft.server.threadpool.client.size = 0 (default)
2022-07-12 20:45:36,452 [pool-556-thread-1] INFO  server.RaftServer$Division (RaftServerImpl.java:start(310)) - 6d9695d6-757b-418f-8d74-8c74e86c9bf4@group-58F30C65B0F4: start as a follower, conf=-1: [78c9189f-838b-4558-b0ec-dc02cb69d32a|rpc:10.1.0.33:36363|dataStream:|priority:1, 6d9695d6-757b-418f-8d74-8c74e86c9bf4|rpc:10.1.0.33:41905|dataStream:|priority:0, 6ffc9041-e27c-43b9-84cd-343e15cef14a|rpc:10.1.0.33:45399|dataStream:|priority:0], old=null
2022-07-12 20:45:36,452 [pool-556-thread-1] INFO  server.RaftServer$Division (RaftServerImpl.java:setRole(299)) - 6d9695d6-757b-418f-8d74-8c74e86c9bf4@group-58F30C65B0F4: changes role from      null to FOLLOWER at term 0 for startAsFollower
2022-07-12 20:45:36,452 [pool-556-thread-1] INFO  impl.RoleInfo (RoleInfo.java:updateAndGet(139)) - 6d9695d6-757b-418f-8d74-8c74e86c9bf4: start 6d9695d6-757b-418f-8d74-8c74e86c9bf4@group-58F30C65B0F4-FollowerState
2022-07-12 20:45:36,467 [pool-556-thread-1] INFO  util.JmxRegister (JmxRegister.java:tryRegister(44)) - Successfully registered JMX Bean with object name Ratis:service=RaftServer,group=group-58F30C65B0F4,id=6d9695d6-757b-418f-8d74-8c74e86c9bf4
2022-07-12 20:45:36,532 [Listener at 127.0.0.1/45649] INFO  ozone.MiniOzoneClusterImpl (MiniOzoneClusterImpl.java:lambda$waitForClusterToBeReady$0(223)) - Nodes are ready. Got 3 of 3 DN Heartbeats.
2022-07-12 20:45:36,532 [Listener at 127.0.0.1/45649] INFO  ozone.MiniOzoneClusterImpl (MiniOzoneClusterImpl.java:lambda$waitForClusterToBeReady$0(226)) - Waiting for cluster to exit safe mode
2022-07-12 20:45:36,532 [Listener at 127.0.0.1/45649] INFO  ozone.MiniOzoneClusterImpl (MiniOzoneClusterImpl.java:lambda$waitForClusterToBeReady$0(228)) - SCM became leader
2022-07-12 20:45:36,533 [Command processor thread] INFO  commandhandler.CreatePipelineCommandHandler (CreatePipelineCommandHandler.java:handle(113)) - Created Pipeline RATIS THREE PipelineID=58cea004-ed6e-4ffa-8fb7-58f30c65b0f4.
2022-07-12 20:45:36,533 [Command processor thread] INFO  server.RaftServer (RaftServerProxy.java:addNew(96)) - 78c9189f-838b-4558-b0ec-dc02cb69d32a: addNew group-9AB3C8E89F36:[78c9189f-838b-4558-b0ec-dc02cb69d32a|rpc:10.1.0.33:36363|priority:0, 6d9695d6-757b-418f-8d74-8c74e86c9bf4|rpc:10.1.0.33:41905|priority:1, 6ffc9041-e27c-43b9-84cd-343e15cef14a|rpc:10.1.0.33:45399|priority:0] returns group-9AB3C8E89F36:java.util.concurrent.CompletableFuture@7dee437f[Not completed]
2022-07-12 20:45:36,534 [pool-510-thread-1] INFO  server.RaftServer$Division (RaftServerImpl.java:<init>(190)) - 78c9189f-838b-4558-b0ec-dc02cb69d32a: new RaftServerImpl for group-9AB3C8E89F36:[78c9189f-838b-4558-b0ec-dc02cb69d32a|rpc:10.1.0.33:36363|priority:0, 6d9695d6-757b-418f-8d74-8c74e86c9bf4|rpc:10.1.0.33:41905|priority:1, 6ffc9041-e27c-43b9-84cd-343e15cef14a|rpc:10.1.0.33:45399|priority:0] with ContainerStateMachine:uninitialized
2022-07-12 20:45:36,534 [pool-510-thread-1] INFO  server.RaftServerConfigKeys (ConfUtils.java:logGet(46)) - raft.server.rpc.timeout.min = 5s (custom)
2022-07-12 20:45:36,534 [pool-510-thread-1] INFO  server.RaftServerConfigKeys (ConfUtils.java:logGet(46)) - raft.server.rpc.timeout.max = 5200ms (custom)
2022-07-12 20:45:36,534 [pool-510-thread-1] INFO  server.RaftServerConfigKeys (ConfUtils.java:logGet(46)) - raft.server.rpc.sleep.time = 25ms (default)
2022-07-12 20:45:36,534 [pool-510-thread-1] INFO  server.RaftServerConfigKeys (ConfUtils.java:logGet(46)) - raft.server.rpc.slowness.timeout = 300s (custom)
2022-07-12 20:45:36,534 [pool-510-thread-1] INFO  server.RaftServerConfigKeys (ConfUtils.java:logGet(46)) - raft.server.leaderelection.leader.step-down.wait-time = 10s (default)
2022-07-12 20:45:36,534 [pool-510-thread-1] INFO  server.RaftServerConfigKeys (ConfUtils.java:logGet(46)) - raft.server.sleep.deviation.threshold = 300ms (default)
2022-07-12 20:45:36,534 [pool-510-thread-1] INFO  server.RaftServer$Division (ServerState.java:<init>(107)) - 78c9189f-838b-4558-b0ec-dc02cb69d32a@group-9AB3C8E89F36: ConfigurationManager, init=-1: [78c9189f-838b-4558-b0ec-dc02cb69d32a|rpc:10.1.0.33:36363|priority:0, 6d9695d6-757b-418f-8d74-8c74e86c9bf4|rpc:10.1.0.33:41905|priority:1, 6ffc9041-e27c-43b9-84cd-343e15cef14a|rpc:10.1.0.33:45399|priority:0], old=null, confs=<EMPTY_MAP>
2022-07-12 20:45:36,534 [pool-510-thread-1] INFO  server.RaftServerConfigKeys (ConfUtils.java:logGet(46)) - raft.server.storage.dir = [/home/runner/work/ozone/ozone/hadoop-ozone/integration-test/target/test-dir/MiniOzoneClusterImpl-333fec51-4ba1-426d-9c6c-44177af9cbb2/datanode-0/data/ratis] (custom)
2022-07-12 20:45:36,534 [pool-510-thread-1] INFO  server.RaftServerConfigKeys (ConfUtils.java:logGet(46)) - raft.server.log.corruption.policy = EXCEPTION (default)
2022-07-12 20:45:36,535 [pool-510-thread-1] INFO  server.RaftServerConfigKeys (ConfUtils.java:logGet(46)) - raft.server.storage.free-space.min = 0MB (=0) (default)
2022-07-12 20:45:36,535 [pool-510-thread-1] INFO  storage.RaftStorageDirectory (RaftStorageDirectoryImpl.java:analyzeStorage(135)) - The storage directory /home/runner/work/ozone/ozone/hadoop-ozone/integration-test/target/test-dir/MiniOzoneClusterImpl-333fec51-4ba1-426d-9c6c-44177af9cbb2/datanode-0/data/ratis/d803f5dd-503d-41f0-8dcd-9ab3c8e89f36 does not exist. Creating ...
2022-07-12 20:45:36,539 [pool-510-thread-1] INFO  storage.RaftStorageDirectory (RaftStorageDirectoryImpl.java:tryLock(230)) - Lock on /home/runner/work/ozone/ozone/hadoop-ozone/integration-test/target/test-dir/MiniOzoneClusterImpl-333fec51-4ba1-426d-9c6c-44177af9cbb2/datanode-0/data/ratis/d803f5dd-503d-41f0-8dcd-9ab3c8e89f36/in_use.lock acquired by nodename 3147@fv-az29-983
2022-07-12 20:45:36,542 [pool-510-thread-1] INFO  storage.RaftStorage (RaftStorageImpl.java:format(89)) - Storage directory /home/runner/work/ozone/ozone/hadoop-ozone/integration-test/target/test-dir/MiniOzoneClusterImpl-333fec51-4ba1-426d-9c6c-44177af9cbb2/datanode-0/data/ratis/d803f5dd-503d-41f0-8dcd-9ab3c8e89f36 has been successfully formatted.
2022-07-12 20:45:36,543 [pool-510-thread-1] INFO  ratis.ContainerStateMachine (ContainerStateMachine.java:loadSnapshot(236)) - group-9AB3C8E89F36: The snapshot info is null. Setting the last applied indexto:(t:0, i:~)
2022-07-12 20:45:36,543 [pool-510-thread-1] INFO  server.RaftServerConfigKeys (ConfUtils.java:logGet(46)) - raft.server.notification.no-leader.timeout = 300s (custom)
2022-07-12 20:45:36,543 [pool-510-thread-1] INFO  server.RaftServerConfigKeys (ConfUtils.java:logGet(46)) - raft.server.log.use.memory = false (default)
2022-07-12 20:45:36,543 [pool-510-thread-1] INFO  server.RaftServerConfigKeys (ConfUtils.java:logGet(46)) - raft.server.log.purge.gap = 1000000 (custom)
2022-07-12 20:45:36,544 [EventQueue-OpenPipelineForHealthyPipelineSafeModeRule] INFO  safemode.SCMSafeModeManager (HealthyPipelineSafeModeRule.java:process(124)) - SCM in safe mode. Healthy pipelines reported count is 0, required healthy pipeline reported count is 1
2022-07-12 20:45:36,543 [pool-510-thread-1] INFO  server.RaftServerConfigKeys (ConfUtils.java:logGet(46)) - raft.server.log.appender.buffer.byte-limit = 33554432 (custom)
2022-07-12 20:45:36,544 [pool-510-thread-1] INFO  server.RaftServerConfigKeys (ConfUtils.java:logGet(46)) - raft.server.log.statemachine.data.read.timeout = 1000ms (default)
2022-07-12 20:45:36,544 [pool-510-thread-1] INFO  server.RaftServerConfigKeys (ConfUtils.java:logGet(46)) - raft.server.log.segment.size.max = 1048576 (custom)
2022-07-12 20:45:36,545 [pool-510-thread-1] INFO  server.RaftServerConfigKeys (ConfUtils.java:logGet(46)) - raft.server.log.segment.cache.num.max = 2 (custom)
2022-07-12 20:45:36,545 [pool-510-thread-1] INFO  server.RaftServerConfigKeys (ConfUtils.java:logGet(46)) - raft.server.log.segment.cache.size.max = 200MB (=209715200) (default)
2022-07-12 20:45:36,545 [pool-510-thread-1] INFO  segmented.SegmentedRaftLogWorker (SegmentedRaftLogWorker.java:<init>(187)) - new 78c9189f-838b-4558-b0ec-dc02cb69d32a@group-9AB3C8E89F36-SegmentedRaftLogWorker for RaftStorageImpl:Storage Directory /home/runner/work/ozone/ozone/hadoop-ozone/integration-test/target/test-dir/MiniOzoneClusterImpl-333fec51-4ba1-426d-9c6c-44177af9cbb2/datanode-0/data/ratis/d803f5dd-503d-41f0-8dcd-9ab3c8e89f36
2022-07-12 20:45:36,545 [pool-510-thread-1] INFO  server.RaftServerConfigKeys (ConfUtils.java:logGet(46)) - raft.server.log.queue.byte-limit = 4294967296 (custom)
2022-07-12 20:45:36,545 [pool-510-thread-1] INFO  server.RaftServerConfigKeys (ConfUtils.java:logGet(46)) - raft.server.log.queue.element-limit = 1024 (custom)
2022-07-12 20:45:36,545 [pool-510-thread-1] INFO  server.RaftServerConfigKeys (ConfUtils.java:logGet(46)) - raft.server.log.segment.size.max = 1048576 (custom)
2022-07-12 20:45:36,545 [pool-510-thread-1] INFO  server.RaftServerConfigKeys (ConfUtils.java:logGet(46)) - raft.server.log.preallocated.size = 16384 (custom)
2022-07-12 20:45:36,545 [pool-510-thread-1] INFO  server.RaftServerConfigKeys (ConfUtils.java:logGet(46)) - raft.server.log.force.sync.num = 128 (default)
2022-07-12 20:45:36,545 [pool-510-thread-1] INFO  server.RaftServerConfigKeys (ConfUtils.java:logGet(46)) - raft.server.log.statemachine.data.sync = true (default)
2022-07-12 20:45:36,545 [pool-510-thread-1] INFO  server.RaftServerConfigKeys (ConfUtils.java:logGet(46)) - raft.server.log.statemachine.data.sync.timeout = 10s (default)
2022-07-12 20:45:36,545 [pool-510-thread-1] INFO  server.RaftServerConfigKeys (ConfUtils.java:logGet(46)) - raft.server.log.statemachine.data.sync.timeout.retry = -1 (default)
2022-07-12 20:45:36,546 [pool-510-thread-1] INFO  server.RaftServerConfigKeys (ConfUtils.java:logGet(46)) - raft.server.log.write.buffer.size = 1048576 (custom)
2022-07-12 20:45:36,555 [pool-510-thread-1] INFO  server.RaftServerConfigKeys (ConfUtils.java:logGet(46)) - raft.server.log.unsafe-flush.enabled = false (default)
2022-07-12 20:45:36,555 [pool-510-thread-1] INFO  server.RaftServerConfigKeys (ConfUtils.java:logGet(46)) - raft.server.log.statemachine.data.caching.enabled = true (custom)
2022-07-12 20:45:36,555 [pool-510-thread-1] INFO  segmented.SegmentedRaftLogWorker (SegmentedRaftLogWorker.java:lambda$new$0(135)) - 78c9189f-838b-4558-b0ec-dc02cb69d32a@group-9AB3C8E89F36-SegmentedRaftLogWorker: flushIndex: setUnconditionally 0 -> -1
2022-07-12 20:45:36,555 [pool-510-thread-1] INFO  segmented.SegmentedRaftLogWorker (SegmentedRaftLogWorker.java:lambda$new$0(135)) - 78c9189f-838b-4558-b0ec-dc02cb69d32a@group-9AB3C8E89F36-SegmentedRaftLogWorker: safeCacheEvictIndex: setUnconditionally 0 -> -1
2022-07-12 20:45:36,567 [pool-510-thread-1] INFO  server.RaftServerConfigKeys (ConfUtils.java:logGet(46)) - raft.server.snapshot.auto.trigger.enabled = true (custom)
2022-07-12 20:45:36,567 [pool-510-thread-1] INFO  server.RaftServerConfigKeys (ConfUtils.java:logGet(46)) - raft.server.snapshot.auto.trigger.threshold = 10000 (custom)
2022-07-12 20:45:36,567 [pool-510-thread-1] INFO  server.RaftServerConfigKeys (ConfUtils.java:logGet(46)) - raft.server.snapshot.retention.file.num = 5 (custom)
2022-07-12 20:45:36,567 [pool-510-thread-1] INFO  server.RaftServerConfigKeys (ConfUtils.java:logGet(46)) - raft.server.log.purge.upto.snapshot.index = false (default)
2022-07-12 20:45:36,567 [pool-510-thread-1] INFO  server.RaftServerConfigKeys (ConfUtils.java:logGet(46)) - raft.server.retrycache.expirytime = 600000ms (custom)
2022-07-12 20:45:36,567 [pool-510-thread-1] INFO  server.RaftServerConfigKeys (ConfUtils.java:logGet(46)) - raft.server.retrycache.statistics.expirytime = 100μs (default)
2022-07-12 20:45:36,568 [pool-510-thread-1] INFO  server.RaftServerConfigKeys (ConfUtils.java:logGet(46)) - raft.server.log.appender.install.snapshot.enabled = false (custom)
2022-07-12 20:45:36,568 [pool-510-thread-1] INFO  server.RaftServerConfigKeys (ConfUtils.java:logGet(46)) - raft.server.threadpool.server.cached = true (default)
2022-07-12 20:45:36,568 [pool-510-thread-1] INFO  server.RaftServerConfigKeys (ConfUtils.java:logGet(46)) - raft.server.threadpool.server.size = 0 (default)
2022-07-12 20:45:36,568 [pool-510-thread-1] INFO  server.RaftServerConfigKeys (ConfUtils.java:logGet(46)) - raft.server.threadpool.client.cached = true (default)
2022-07-12 20:45:36,568 [pool-510-thread-1] INFO  server.RaftServerConfigKeys (ConfUtils.java:logGet(46)) - raft.server.threadpool.client.size = 0 (default)
2022-07-12 20:45:36,568 [pool-510-thread-1] INFO  server.RaftServer$Division (RaftServerImpl.java:start(310)) - 78c9189f-838b-4558-b0ec-dc02cb69d32a@group-9AB3C8E89F36: start as a follower, conf=-1: [78c9189f-838b-4558-b0ec-dc02cb69d32a|rpc:10.1.0.33:36363|priority:0, 6d9695d6-757b-418f-8d74-8c74e86c9bf4|rpc:10.1.0.33:41905|priority:1, 6ffc9041-e27c-43b9-84cd-343e15cef14a|rpc:10.1.0.33:45399|priority:0], old=null
2022-07-12 20:45:36,568 [pool-510-thread-1] INFO  server.RaftServer$Division (RaftServerImpl.java:setRole(299)) - 78c9189f-838b-4558-b0ec-dc02cb69d32a@group-9AB3C8E89F36: changes role from      null to FOLLOWER at term 0 for startAsFollower
2022-07-12 20:45:36,568 [pool-510-thread-1] INFO  impl.RoleInfo (RoleInfo.java:updateAndGet(139)) - 78c9189f-838b-4558-b0ec-dc02cb69d32a: start 78c9189f-838b-4558-b0ec-dc02cb69d32a@group-9AB3C8E89F36-FollowerState
2022-07-12 20:45:36,575 [pool-510-thread-1] INFO  util.JmxRegister (JmxRegister.java:tryRegister(44)) - Successfully registered JMX Bean with object name Ratis:service=RaftServer,group=group-9AB3C8E89F36,id=78c9189f-838b-4558-b0ec-dc02cb69d32a
2022-07-12 20:45:36,590 [Command processor thread] INFO  ratis.XceiverServerRatis (XceiverServerRatis.java:addGroup(765)) - Created group PipelineID=d803f5dd-503d-41f0-8dcd-9ab3c8e89f36
2022-07-12 20:45:36,603 [Command processor thread] INFO  server.RaftServer (RaftServerProxy.java:addNew(96)) - 6d9695d6-757b-418f-8d74-8c74e86c9bf4: addNew group-D44673B430E1:[6d9695d6-757b-418f-8d74-8c74e86c9bf4|rpc:10.1.0.33:41905|priority:1] returns group-D44673B430E1:java.util.concurrent.CompletableFuture@7dbd6c40[Not completed]
2022-07-12 20:45:36,608 [grpc-default-executor-0] INFO  server.RaftServer (RaftServerProxy.java:addNew(96)) - 6d9695d6-757b-418f-8d74-8c74e86c9bf4: addNew group-9AB3C8E89F36:[78c9189f-838b-4558-b0ec-dc02cb69d32a|rpc:10.1.0.33:36363|dataStream:|priority:0, 6d9695d6-757b-418f-8d74-8c74e86c9bf4|rpc:10.1.0.33:41905|dataStream:|priority:1, 6ffc9041-e27c-43b9-84cd-343e15cef14a|rpc:10.1.0.33:45399|dataStream:|priority:0] returns group-9AB3C8E89F36:java.util.concurrent.CompletableFuture@26def7f7[Not completed]
2022-07-12 20:45:36,622 [pool-556-thread-1] INFO  server.RaftServer$Division (RaftServerImpl.java:<init>(190)) - 6d9695d6-757b-418f-8d74-8c74e86c9bf4: new RaftServerImpl for group-D44673B430E1:[6d9695d6-757b-418f-8d74-8c74e86c9bf4|rpc:10.1.0.33:41905|priority:1] with ContainerStateMachine:uninitialized
2022-07-12 20:45:36,622 [pool-556-thread-1] INFO  server.RaftServerConfigKeys (ConfUtils.java:logGet(46)) - raft.server.rpc.timeout.min = 5s (custom)
2022-07-12 20:45:36,622 [pool-556-thread-1] INFO  server.RaftServerConfigKeys (ConfUtils.java:logGet(46)) - raft.server.rpc.timeout.max = 5200ms (custom)
2022-07-12 20:45:36,622 [pool-556-thread-1] INFO  server.RaftServerConfigKeys (ConfUtils.java:logGet(46)) - raft.server.rpc.sleep.time = 25ms (default)
2022-07-12 20:45:36,622 [pool-556-thread-1] INFO  server.RaftServerConfigKeys (ConfUtils.java:logGet(46)) - raft.server.rpc.slowness.timeout = 300s (custom)
2022-07-12 20:45:36,622 [pool-556-thread-1] INFO  server.RaftServerConfigKeys (ConfUtils.java:logGet(46)) - raft.server.leaderelection.leader.step-down.wait-time = 10s (default)
2022-07-12 20:45:36,622 [pool-556-thread-1] INFO  server.RaftServerConfigKeys (ConfUtils.java:logGet(46)) - raft.server.sleep.deviation.threshold = 300ms (default)
2022-07-12 20:45:36,622 [pool-556-thread-1] INFO  server.RaftServer$Division (ServerState.java:<init>(107)) - 6d9695d6-757b-418f-8d74-8c74e86c9bf4@group-D44673B430E1: ConfigurationManager, init=-1: [6d9695d6-757b-418f-8d74-8c74e86c9bf4|rpc:10.1.0.33:41905|priority:1], old=null, confs=<EMPTY_MAP>
2022-07-12 20:45:36,623 [pool-556-thread-1] INFO  server.RaftServerConfigKeys (ConfUtils.java:logGet(46)) - raft.server.storage.dir = [/home/runner/work/ozone/ozone/hadoop-ozone/integration-test/target/test-dir/MiniOzoneClusterImpl-333fec51-4ba1-426d-9c6c-44177af9cbb2/datanode-2/data/ratis] (custom)
2022-07-12 20:45:36,623 [pool-556-thread-1] INFO  server.RaftServerConfigKeys (ConfUtils.java:logGet(46)) - raft.server.log.corruption.policy = EXCEPTION (default)
2022-07-12 20:45:36,623 [pool-556-thread-1] INFO  server.RaftServerConfigKeys (ConfUtils.java:logGet(46)) - raft.server.storage.free-space.min = 0MB (=0) (default)
2022-07-12 20:45:36,623 [pool-556-thread-1] INFO  storage.RaftStorageDirectory (RaftStorageDirectoryImpl.java:analyzeStorage(135)) - The storage directory /home/runner/work/ozone/ozone/hadoop-ozone/integration-test/target/test-dir/MiniOzoneClusterImpl-333fec51-4ba1-426d-9c6c-44177af9cbb2/datanode-2/data/ratis/e796fd5a-8eb4-481d-a207-d44673b430e1 does not exist. Creating ...
2022-07-12 20:45:36,624 [pool-556-thread-1] INFO  storage.RaftStorageDirectory (RaftStorageDirectoryImpl.java:tryLock(230)) - Lock on /home/runner/work/ozone/ozone/hadoop-ozone/integration-test/target/test-dir/MiniOzoneClusterImpl-333fec51-4ba1-426d-9c6c-44177af9cbb2/datanode-2/data/ratis/e796fd5a-8eb4-481d-a207-d44673b430e1/in_use.lock acquired by nodename 3147@fv-az29-983
2022-07-12 20:45:36,625 [pool-556-thread-1] INFO  storage.RaftStorage (RaftStorageImpl.java:format(89)) - Storage directory /home/runner/work/ozone/ozone/hadoop-ozone/integration-test/target/test-dir/MiniOzoneClusterImpl-333fec51-4ba1-426d-9c6c-44177af9cbb2/datanode-2/data/ratis/e796fd5a-8eb4-481d-a207-d44673b430e1 has been successfully formatted.
2022-07-12 20:45:36,626 [pool-556-thread-1] INFO  ratis.ContainerStateMachine (ContainerStateMachine.java:loadSnapshot(236)) - group-D44673B430E1: The snapshot info is null. Setting the last applied indexto:(t:0, i:~)
2022-07-12 20:45:36,626 [pool-556-thread-1] INFO  server.RaftServerConfigKeys (ConfUtils.java:logGet(46)) - raft.server.notification.no-leader.timeout = 300s (custom)
2022-07-12 20:45:36,626 [pool-556-thread-1] INFO  server.RaftServerConfigKeys (ConfUtils.java:logGet(46)) - raft.server.log.use.memory = false (default)
2022-07-12 20:45:36,627 [EventQueue-PipelineReportForPipelineReportHandler] INFO  pipeline.PipelineManagerImpl (PipelineManagerImpl.java:openPipeline(359)) - Pipeline Pipeline[ Id: e796fd5a-8eb4-481d-a207-d44673b430e1, Nodes: 6d9695d6-757b-418f-8d74-8c74e86c9bf4{ip: 10.1.0.33, host: fv-az29-983.0gf2enmb5avurc1gjtxldx4mnh.bx.internal.cloudapp.net, ports: [REPLICATION=44077, RATIS=41905, RATIS_ADMIN=41905, RATIS_SERVER=41905, STANDALONE=33029], networkLocation: /default-rack, certSerialId: null, persistedOpState: IN_SERVICE, persistedOpStateExpiryEpochSec: 0}, ReplicationConfig: RATIS/ONE, State:ALLOCATED, leaderId:6d9695d6-757b-418f-8d74-8c74e86c9bf4, CreationTimestamp2022-07-12T20:45:35.563Z[Etc/UTC]] moved to OPEN state
2022-07-12 20:45:36,628 [EventQueue-OpenPipelineForHealthyPipelineSafeModeRule] INFO  safemode.SCMSafeModeManager (HealthyPipelineSafeModeRule.java:process(124)) - SCM in safe mode. Healthy pipelines reported count is 0, required healthy pipeline reported count is 1
2022-07-12 20:45:36,630 [pool-556-thread-1] INFO  server.RaftServerConfigKeys (ConfUtils.java:logGet(46)) - raft.server.log.purge.gap = 1000000 (custom)
2022-07-12 20:45:36,631 [pool-556-thread-1] INFO  server.RaftServerConfigKeys (ConfUtils.java:logGet(46)) - raft.server.log.appender.buffer.byte-limit = 33554432 (custom)
2022-07-12 20:45:36,631 [pool-556-thread-1] INFO  server.RaftServerConfigKeys (ConfUtils.java:logGet(46)) - raft.server.log.statemachine.data.read.timeout = 1000ms (default)
2022-07-12 20:45:36,631 [pool-556-thread-1] INFO  server.RaftServerConfigKeys (ConfUtils.java:logGet(46)) - raft.server.log.segment.size.max = 1048576 (custom)
2022-07-12 20:45:36,631 [pool-556-thread-1] INFO  server.RaftServerConfigKeys (ConfUtils.java:logGet(46)) - raft.server.log.segment.cache.num.max = 2 (custom)
2022-07-12 20:45:36,631 [pool-556-thread-1] INFO  server.RaftServerConfigKeys (ConfUtils.java:logGet(46)) - raft.server.log.segment.cache.size.max = 200MB (=209715200) (default)
2022-07-12 20:45:36,631 [pool-556-thread-1] INFO  segmented.SegmentedRaftLogWorker (SegmentedRaftLogWorker.java:<init>(187)) - new 6d9695d6-757b-418f-8d74-8c74e86c9bf4@group-D44673B430E1-SegmentedRaftLogWorker for RaftStorageImpl:Storage Directory /home/runner/work/ozone/ozone/hadoop-ozone/integration-test/target/test-dir/MiniOzoneClusterImpl-333fec51-4ba1-426d-9c6c-44177af9cbb2/datanode-2/data/ratis/e796fd5a-8eb4-481d-a207-d44673b430e1
2022-07-12 20:45:36,631 [pool-556-thread-1] INFO  server.RaftServerConfigKeys (ConfUtils.java:logGet(46)) - raft.server.log.queue.byte-limit = 4294967296 (custom)
2022-07-12 20:45:36,631 [pool-556-thread-1] INFO  server.RaftServerConfigKeys (ConfUtils.java:logGet(46)) - raft.server.log.queue.element-limit = 1024 (custom)
2022-07-12 20:45:36,631 [pool-556-thread-1] INFO  server.RaftServerConfigKeys (ConfUtils.java:logGet(46)) - raft.server.log.segment.size.max = 1048576 (custom)
2022-07-12 20:45:36,631 [pool-556-thread-1] INFO  server.RaftServerConfigKeys (ConfUtils.java:logGet(46)) - raft.server.log.preallocated.size = 16384 (custom)
2022-07-12 20:45:36,631 [pool-556-thread-1] INFO  server.RaftServerConfigKeys (ConfUtils.java:logGet(46)) - raft.server.log.force.sync.num = 128 (default)
2022-07-12 20:45:36,631 [pool-556-thread-1] INFO  server.RaftServerConfigKeys (ConfUtils.java:logGet(46)) - raft.server.log.statemachine.data.sync = true (default)
2022-07-12 20:45:36,631 [pool-556-thread-1] INFO  server.RaftServerConfigKeys (ConfUtils.java:logGet(46)) - raft.server.log.statemachine.data.sync.timeout = 10s (default)
2022-07-12 20:45:36,632 [pool-556-thread-1] INFO  server.RaftServerConfigKeys (ConfUtils.java:logGet(46)) - raft.server.log.statemachine.data.sync.timeout.retry = -1 (default)
2022-07-12 20:45:36,632 [pool-556-thread-1] INFO  server.RaftServerConfigKeys (ConfUtils.java:logGet(46)) - raft.server.log.write.buffer.size = 1048576 (custom)
2022-07-12 20:45:36,633 [pool-556-thread-1] INFO  server.RaftServerConfigKeys (ConfUtils.java:logGet(46)) - raft.server.log.unsafe-flush.enabled = false (default)
2022-07-12 20:45:36,633 [pool-556-thread-1] INFO  server.RaftServerConfigKeys (ConfUtils.java:logGet(46)) - raft.server.log.statemachine.data.caching.enabled = true (custom)
2022-07-12 20:45:36,633 [pool-556-thread-1] INFO  segmented.SegmentedRaftLogWorker (SegmentedRaftLogWorker.java:lambda$new$0(135)) - 6d9695d6-757b-418f-8d74-8c74e86c9bf4@group-D44673B430E1-SegmentedRaftLogWorker: flushIndex: setUnconditionally 0 -> -1
2022-07-12 20:45:36,633 [pool-556-thread-1] INFO  segmented.SegmentedRaftLogWorker (SegmentedRaftLogWorker.java:lambda$new$0(135)) - 6d9695d6-757b-418f-8d74-8c74e86c9bf4@group-D44673B430E1-SegmentedRaftLogWorker: safeCacheEvictIndex: setUnconditionally 0 -> -1
2022-07-12 20:45:36,639 [pool-556-thread-1] INFO  server.RaftServerConfigKeys (ConfUtils.java:logGet(46)) - raft.server.snapshot.auto.trigger.enabled = true (custom)
2022-07-12 20:45:36,639 [pool-556-thread-1] INFO  server.RaftServerConfigKeys (ConfUtils.java:logGet(46)) - raft.server.snapshot.auto.trigger.threshold = 10000 (custom)
2022-07-12 20:45:36,639 [pool-556-thread-1] INFO  server.RaftServerConfigKeys (ConfUtils.java:logGet(46)) - raft.server.snapshot.retention.file.num = 5 (custom)
2022-07-12 20:45:36,639 [pool-556-thread-1] INFO  server.RaftServerConfigKeys (ConfUtils.java:logGet(46)) - raft.server.log.purge.upto.snapshot.index = false (default)
2022-07-12 20:45:36,639 [pool-556-thread-1] INFO  server.RaftServerConfigKeys (ConfUtils.java:logGet(46)) - raft.server.retrycache.expirytime = 600000ms (custom)
2022-07-12 20:45:36,639 [pool-556-thread-1] INFO  server.RaftServerConfigKeys (ConfUtils.java:logGet(46)) - raft.server.retrycache.statistics.expirytime = 100μs (default)
2022-07-12 20:45:36,640 [pool-556-thread-1] INFO  server.RaftServerConfigKeys (ConfUtils.java:logGet(46)) - raft.server.log.appender.install.snapshot.enabled = false (custom)
2022-07-12 20:45:36,640 [pool-556-thread-1] INFO  server.RaftServerConfigKeys (ConfUtils.java:logGet(46)) - raft.server.threadpool.server.cached = true (default)
2022-07-12 20:45:36,640 [pool-556-thread-1] INFO  server.RaftServerConfigKeys (ConfUtils.java:logGet(46)) - raft.server.threadpool.server.size = 0 (default)
2022-07-12 20:45:36,640 [pool-556-thread-1] INFO  server.RaftServerConfigKeys (ConfUtils.java:logGet(46)) - raft.server.threadpool.client.cached = true (default)
2022-07-12 20:45:36,640 [pool-556-thread-1] INFO  server.RaftServerConfigKeys (ConfUtils.java:logGet(46)) - raft.server.threadpool.client.size = 0 (default)
2022-07-12 20:45:36,641 [pool-556-thread-1] INFO  server.RaftServer$Division (RaftServerImpl.java:<init>(190)) - 6d9695d6-757b-418f-8d74-8c74e86c9bf4: new RaftServerImpl for group-9AB3C8E89F36:[78c9189f-838b-4558-b0ec-dc02cb69d32a|rpc:10.1.0.33:36363|dataStream:|priority:0, 6d9695d6-757b-418f-8d74-8c74e86c9bf4|rpc:10.1.0.33:41905|dataStream:|priority:1, 6ffc9041-e27c-43b9-84cd-343e15cef14a|rpc:10.1.0.33:45399|dataStream:|priority:0] with ContainerStateMachine:uninitialized
2022-07-12 20:45:36,641 [pool-556-thread-1] INFO  server.RaftServerConfigKeys (ConfUtils.java:logGet(46)) - raft.server.rpc.timeout.min = 5s (custom)
2022-07-12 20:45:36,641 [pool-556-thread-1] INFO  server.RaftServerConfigKeys (ConfUtils.java:logGet(46)) - raft.server.rpc.timeout.max = 5200ms (custom)
2022-07-12 20:45:36,641 [pool-556-thread-1] INFO  server.RaftServerConfigKeys (ConfUtils.java:logGet(46)) - raft.server.rpc.sleep.time = 25ms (default)
2022-07-12 20:45:36,641 [pool-556-thread-1] INFO  server.RaftServerConfigKeys (ConfUtils.java:logGet(46)) - raft.server.rpc.slowness.timeout = 300s (custom)
2022-07-12 20:45:36,641 [pool-556-thread-1] INFO  server.RaftServerConfigKeys (ConfUtils.java:logGet(46)) - raft.server.leaderelection.leader.step-down.wait-time = 10s (default)
2022-07-12 20:45:36,641 [pool-556-thread-1] INFO  server.RaftServerConfigKeys (ConfUtils.java:logGet(46)) - raft.server.sleep.deviation.threshold = 300ms (default)
2022-07-12 20:45:36,641 [pool-556-thread-1] INFO  server.RaftServer$Division (ServerState.java:<init>(107)) - 6d9695d6-757b-418f-8d74-8c74e86c9bf4@group-9AB3C8E89F36: ConfigurationManager, init=-1: [78c9189f-838b-4558-b0ec-dc02cb69d32a|rpc:10.1.0.33:36363|dataStream:|priority:0, 6d9695d6-757b-418f-8d74-8c74e86c9bf4|rpc:10.1.0.33:41905|dataStream:|priority:1, 6ffc9041-e27c-43b9-84cd-343e15cef14a|rpc:10.1.0.33:45399|dataStream:|priority:0], old=null, confs=<EMPTY_MAP>
2022-07-12 20:45:36,641 [pool-556-thread-1] INFO  server.RaftServerConfigKeys (ConfUtils.java:logGet(46)) - raft.server.storage.dir = [/home/runner/work/ozone/ozone/hadoop-ozone/integration-test/target/test-dir/MiniOzoneClusterImpl-333fec51-4ba1-426d-9c6c-44177af9cbb2/datanode-2/data/ratis] (custom)
2022-07-12 20:45:36,641 [pool-556-thread-1] INFO  server.RaftServerConfigKeys (ConfUtils.java:logGet(46)) - raft.server.log.corruption.policy = EXCEPTION (default)
2022-07-12 20:45:36,641 [pool-556-thread-1] INFO  server.RaftServerConfigKeys (ConfUtils.java:logGet(46)) - raft.server.storage.free-space.min = 0MB (=0) (default)
2022-07-12 20:45:36,641 [pool-556-thread-1] INFO  storage.RaftStorageDirectory (RaftStorageDirectoryImpl.java:analyzeStorage(135)) - The storage directory /home/runner/work/ozone/ozone/hadoop-ozone/integration-test/target/test-dir/MiniOzoneClusterImpl-333fec51-4ba1-426d-9c6c-44177af9cbb2/datanode-2/data/ratis/d803f5dd-503d-41f0-8dcd-9ab3c8e89f36 does not exist. Creating ...
2022-07-12 20:45:36,658 [pool-556-thread-1] INFO  storage.RaftStorageDirectory (RaftStorageDirectoryImpl.java:tryLock(230)) - Lock on /home/runner/work/ozone/ozone/hadoop-ozone/integration-test/target/test-dir/MiniOzoneClusterImpl-333fec51-4ba1-426d-9c6c-44177af9cbb2/datanode-2/data/ratis/d803f5dd-503d-41f0-8dcd-9ab3c8e89f36/in_use.lock acquired by nodename 3147@fv-az29-983
2022-07-12 20:45:36,663 [pool-556-thread-1] INFO  storage.RaftStorage (RaftStorageImpl.java:format(89)) - Storage directory /home/runner/work/ozone/ozone/hadoop-ozone/integration-test/target/test-dir/MiniOzoneClusterImpl-333fec51-4ba1-426d-9c6c-44177af9cbb2/datanode-2/data/ratis/d803f5dd-503d-41f0-8dcd-9ab3c8e89f36 has been successfully formatted.
2022-07-12 20:45:36,665 [pool-556-thread-1] INFO  ratis.ContainerStateMachine (ContainerStateMachine.java:loadSnapshot(236)) - group-9AB3C8E89F36: The snapshot info is null. Setting the last applied indexto:(t:0, i:~)
2022-07-12 20:45:36,665 [pool-556-thread-1] INFO  server.RaftServerConfigKeys (ConfUtils.java:logGet(46)) - raft.server.notification.no-leader.timeout = 300s (custom)
2022-07-12 20:45:36,665 [pool-556-thread-1] INFO  server.RaftServerConfigKeys (ConfUtils.java:logGet(46)) - raft.server.log.use.memory = false (default)
2022-07-12 20:45:36,665 [pool-556-thread-1] INFO  server.RaftServerConfigKeys (ConfUtils.java:logGet(46)) - raft.server.log.purge.gap = 1000000 (custom)
2022-07-12 20:45:36,665 [pool-556-thread-1] INFO  server.RaftServerConfigKeys (ConfUtils.java:logGet(46)) - raft.server.log.appender.buffer.byte-limit = 33554432 (custom)
2022-07-12 20:45:36,665 [EventQueue-OpenPipelineForHealthyPipelineSafeModeRule] INFO  safemode.SCMSafeModeManager (HealthyPipelineSafeModeRule.java:process(124)) - SCM in safe mode. Healthy pipelines reported count is 0, required healthy pipeline reported count is 1
2022-07-12 20:45:36,665 [pool-556-thread-1] INFO  server.RaftServerConfigKeys (ConfUtils.java:logGet(46)) - raft.server.log.statemachine.data.read.timeout = 1000ms (default)
2022-07-12 20:45:36,665 [pool-556-thread-1] INFO  server.RaftServerConfigKeys (ConfUtils.java:logGet(46)) - raft.server.log.segment.size.max = 1048576 (custom)
2022-07-12 20:45:36,666 [pool-556-thread-1] INFO  server.RaftServerConfigKeys (ConfUtils.java:logGet(46)) - raft.server.log.segment.cache.num.max = 2 (custom)
2022-07-12 20:45:36,666 [pool-556-thread-1] INFO  server.RaftServerConfigKeys (ConfUtils.java:logGet(46)) - raft.server.log.segment.cache.size.max = 200MB (=209715200) (default)
2022-07-12 20:45:36,666 [pool-556-thread-1] INFO  segmented.SegmentedRaftLogWorker (SegmentedRaftLogWorker.java:<init>(187)) - new 6d9695d6-757b-418f-8d74-8c74e86c9bf4@group-9AB3C8E89F36-SegmentedRaftLogWorker for RaftStorageImpl:Storage Directory /home/runner/work/ozone/ozone/hadoop-ozone/integration-test/target/test-dir/MiniOzoneClusterImpl-333fec51-4ba1-426d-9c6c-44177af9cbb2/datanode-2/data/ratis/d803f5dd-503d-41f0-8dcd-9ab3c8e89f36
2022-07-12 20:45:36,666 [pool-556-thread-1] INFO  server.RaftServerConfigKeys (ConfUtils.java:logGet(46)) - raft.server.log.queue.byte-limit = 4294967296 (custom)
2022-07-12 20:45:36,666 [pool-556-thread-1] INFO  server.RaftServerConfigKeys (ConfUtils.java:logGet(46)) - raft.server.log.queue.element-limit = 1024 (custom)
2022-07-12 20:45:36,666 [pool-556-thread-1] INFO  server.RaftServerConfigKeys (ConfUtils.java:logGet(46)) - raft.server.log.segment.size.max = 1048576 (custom)
2022-07-12 20:45:36,666 [pool-556-thread-1] INFO  server.RaftServerConfigKeys (ConfUtils.java:logGet(46)) - raft.server.log.preallocated.size = 16384 (custom)
2022-07-12 20:45:36,666 [pool-556-thread-1] INFO  server.RaftServerConfigKeys (ConfUtils.java:logGet(46)) - raft.server.log.force.sync.num = 128 (default)
2022-07-12 20:45:36,666 [pool-556-thread-1] INFO  server.RaftServerConfigKeys (ConfUtils.java:logGet(46)) - raft.server.log.statemachine.data.sync = true (default)
2022-07-12 20:45:36,666 [pool-556-thread-1] INFO  server.RaftServerConfigKeys (ConfUtils.java:logGet(46)) - raft.server.log.statemachine.data.sync.timeout = 10s (default)
2022-07-12 20:45:36,666 [pool-556-thread-1] INFO  server.RaftServerConfigKeys (ConfUtils.java:logGet(46)) - raft.server.log.statemachine.data.sync.timeout.retry = -1 (default)
2022-07-12 20:45:36,667 [pool-556-thread-1] INFO  server.RaftServerConfigKeys (ConfUtils.java:logGet(46)) - raft.server.log.write.buffer.size = 1048576 (custom)
2022-07-12 20:45:36,668 [pool-556-thread-1] INFO  server.RaftServerConfigKeys (ConfUtils.java:logGet(46)) - raft.server.log.unsafe-flush.enabled = false (default)
2022-07-12 20:45:36,668 [pool-556-thread-1] INFO  server.RaftServerConfigKeys (ConfUtils.java:logGet(46)) - raft.server.log.statemachine.data.caching.enabled = true (custom)
2022-07-12 20:45:36,668 [pool-556-thread-1] INFO  segmented.SegmentedRaftLogWorker (SegmentedRaftLogWorker.java:lambda$new$0(135)) - 6d9695d6-757b-418f-8d74-8c74e86c9bf4@group-9AB3C8E89F36-SegmentedRaftLogWorker: flushIndex: setUnconditionally 0 -> -1
2022-07-12 20:45:36,668 [pool-556-thread-1] INFO  segmented.SegmentedRaftLogWorker (SegmentedRaftLogWorker.java:lambda$new$0(135)) - 6d9695d6-757b-418f-8d74-8c74e86c9bf4@group-9AB3C8E89F36-SegmentedRaftLogWorker: safeCacheEvictIndex: setUnconditionally 0 -> -1
2022-07-12 20:45:36,674 [pool-556-thread-1] INFO  server.RaftServerConfigKeys (ConfUtils.java:logGet(46)) - raft.server.snapshot.auto.trigger.enabled = true (custom)
2022-07-12 20:45:36,674 [pool-556-thread-1] INFO  server.RaftServerConfigKeys (ConfUtils.java:logGet(46)) - raft.server.snapshot.auto.trigger.threshold = 10000 (custom)
2022-07-12 20:45:36,674 [pool-556-thread-1] INFO  server.RaftServerConfigKeys (ConfUtils.java:logGet(46)) - raft.server.snapshot.retention.file.num = 5 (custom)
2022-07-12 20:45:36,674 [pool-556-thread-1] INFO  server.RaftServerConfigKeys (ConfUtils.java:logGet(46)) - raft.server.log.purge.upto.snapshot.index = false (default)
2022-07-12 20:45:36,674 [pool-556-thread-1] INFO  server.RaftServerConfigKeys (ConfUtils.java:logGet(46)) - raft.server.retrycache.expirytime = 600000ms (custom)
2022-07-12 20:45:36,674 [pool-556-thread-1] INFO  server.RaftServerConfigKeys (ConfUtils.java:logGet(46)) - raft.server.retrycache.statistics.expirytime = 100μs (default)
2022-07-12 20:45:36,675 [pool-556-thread-1] INFO  server.RaftServerConfigKeys (ConfUtils.java:logGet(46)) - raft.server.log.appender.install.snapshot.enabled = false (custom)
2022-07-12 20:45:36,675 [pool-556-thread-1] INFO  server.RaftServerConfigKeys (ConfUtils.java:logGet(46)) - raft.server.threadpool.server.cached = true (default)
2022-07-12 20:45:36,676 [pool-556-thread-1] INFO  server.RaftServerConfigKeys (ConfUtils.java:logGet(46)) - raft.server.threadpool.server.size = 0 (default)
2022-07-12 20:45:36,676 [pool-556-thread-1] INFO  server.RaftServerConfigKeys (ConfUtils.java:logGet(46)) - raft.server.threadpool.client.cached = true (default)
2022-07-12 20:45:36,676 [pool-556-thread-1] INFO  server.RaftServerConfigKeys (ConfUtils.java:logGet(46)) - raft.server.threadpool.client.size = 0 (default)
2022-07-12 20:45:36,676 [pool-556-thread-1] INFO  server.RaftServer$Division (RaftServerImpl.java:start(310)) - 6d9695d6-757b-418f-8d74-8c74e86c9bf4@group-D44673B430E1: start as a follower, conf=-1: [6d9695d6-757b-418f-8d74-8c74e86c9bf4|rpc:10.1.0.33:41905|priority:1], old=null
2022-07-12 20:45:36,676 [pool-556-thread-1] INFO  server.RaftServer$Division (RaftServerImpl.java:setRole(299)) - 6d9695d6-757b-418f-8d74-8c74e86c9bf4@group-D44673B430E1: changes role from      null to FOLLOWER at term 0 for startAsFollower
2022-07-12 20:45:36,676 [pool-556-thread-1] INFO  impl.RoleInfo (RoleInfo.java:updateAndGet(139)) - 6d9695d6-757b-418f-8d74-8c74e86c9bf4: start 6d9695d6-757b-418f-8d74-8c74e86c9bf4@group-D44673B430E1-FollowerState
2022-07-12 20:45:36,676 [pool-556-thread-1] INFO  util.JmxRegister (JmxRegister.java:tryRegister(44)) - Successfully registered JMX Bean with object name Ratis:service=RaftServer,group=group-D44673B430E1,id=6d9695d6-757b-418f-8d74-8c74e86c9bf4
2022-07-12 20:45:36,677 [pool-556-thread-1] INFO  server.RaftServer$Division (RaftServerImpl.java:start(310)) - 6d9695d6-757b-418f-8d74-8c74e86c9bf4@group-9AB3C8E89F36: start as a follower, conf=-1: [78c9189f-838b-4558-b0ec-dc02cb69d32a|rpc:10.1.0.33:36363|dataStream:|priority:0, 6d9695d6-757b-418f-8d74-8c74e86c9bf4|rpc:10.1.0.33:41905|dataStream:|priority:1, 6ffc9041-e27c-43b9-84cd-343e15cef14a|rpc:10.1.0.33:45399|dataStream:|priority:0], old=null
2022-07-12 20:45:36,677 [pool-556-thread-1] INFO  server.RaftServer$Division (RaftServerImpl.java:setRole(299)) - 6d9695d6-757b-418f-8d74-8c74e86c9bf4@group-9AB3C8E89F36: changes role from      null to FOLLOWER at term 0 for startAsFollower
2022-07-12 20:45:36,677 [pool-556-thread-1] INFO  impl.RoleInfo (RoleInfo.java:updateAndGet(139)) - 6d9695d6-757b-418f-8d74-8c74e86c9bf4: start 6d9695d6-757b-418f-8d74-8c74e86c9bf4@group-9AB3C8E89F36-FollowerState
2022-07-12 20:45:36,677 [pool-556-thread-1] INFO  util.JmxRegister (JmxRegister.java:tryRegister(44)) - Successfully registered JMX Bean with object name Ratis:service=RaftServer,group=group-9AB3C8E89F36,id=6d9695d6-757b-418f-8d74-8c74e86c9bf4
2022-07-12 20:45:36,677 [Command processor thread] INFO  ratis.XceiverServerRatis (XceiverServerRatis.java:addGroup(765)) - Created group PipelineID=e796fd5a-8eb4-481d-a207-d44673b430e1
2022-07-12 20:45:36,678 [Command processor thread] INFO  commandhandler.CreatePipelineCommandHandler (CreatePipelineCommandHandler.java:handle(113)) - Created Pipeline RATIS ONE PipelineID=e796fd5a-8eb4-481d-a207-d44673b430e1.
2022-07-12 20:45:36,753 [grpc-default-executor-0] INFO  server.RaftServer (RaftServerProxy.java:addNew(96)) - 6ffc9041-e27c-43b9-84cd-343e15cef14a: addNew group-9AB3C8E89F36:[78c9189f-838b-4558-b0ec-dc02cb69d32a|rpc:10.1.0.33:36363|dataStream:|priority:0, 6d9695d6-757b-418f-8d74-8c74e86c9bf4|rpc:10.1.0.33:41905|dataStream:|priority:1, 6ffc9041-e27c-43b9-84cd-343e15cef14a|rpc:10.1.0.33:45399|dataStream:|priority:0] returns group-9AB3C8E89F36:java.util.concurrent.CompletableFuture@1d1f48e3[Not completed]
2022-07-12 20:45:36,754 [pool-533-thread-1] INFO  server.RaftServer$Division (RaftServerImpl.java:<init>(190)) - 6ffc9041-e27c-43b9-84cd-343e15cef14a: new RaftServerImpl for group-9AB3C8E89F36:[78c9189f-838b-4558-b0ec-dc02cb69d32a|rpc:10.1.0.33:36363|dataStream:|priority:0, 6d9695d6-757b-418f-8d74-8c74e86c9bf4|rpc:10.1.0.33:41905|dataStream:|priority:1, 6ffc9041-e27c-43b9-84cd-343e15cef14a|rpc:10.1.0.33:45399|dataStream:|priority:0] with ContainerStateMachine:uninitialized
2022-07-12 20:45:36,754 [pool-533-thread-1] INFO  server.RaftServerConfigKeys (ConfUtils.java:logGet(46)) - raft.server.rpc.timeout.min = 5s (custom)
2022-07-12 20:45:36,754 [pool-533-thread-1] INFO  server.RaftServerConfigKeys (ConfUtils.java:logGet(46)) - raft.server.rpc.timeout.max = 5200ms (custom)
2022-07-12 20:45:36,754 [pool-533-thread-1] INFO  server.RaftServerConfigKeys (ConfUtils.java:logGet(46)) - raft.server.rpc.sleep.time = 25ms (default)
2022-07-12 20:45:36,754 [pool-533-thread-1] INFO  server.RaftServerConfigKeys (ConfUtils.java:logGet(46)) - raft.server.rpc.slowness.timeout = 300s (custom)
2022-07-12 20:45:36,754 [pool-533-thread-1] INFO  server.RaftServerConfigKeys (ConfUtils.java:logGet(46)) - raft.server.leaderelection.leader.step-down.wait-time = 10s (default)
2022-07-12 20:45:36,755 [pool-533-thread-1] INFO  server.RaftServerConfigKeys (ConfUtils.java:logGet(46)) - raft.server.sleep.deviation.threshold = 300ms (default)
2022-07-12 20:45:36,755 [pool-533-thread-1] INFO  server.RaftServer$Division (ServerState.java:<init>(107)) - 6ffc9041-e27c-43b9-84cd-343e15cef14a@group-9AB3C8E89F36: ConfigurationManager, init=-1: [78c9189f-838b-4558-b0ec-dc02cb69d32a|rpc:10.1.0.33:36363|dataStream:|priority:0, 6d9695d6-757b-418f-8d74-8c74e86c9bf4|rpc:10.1.0.33:41905|dataStream:|priority:1, 6ffc9041-e27c-43b9-84cd-343e15cef14a|rpc:10.1.0.33:45399|dataStream:|priority:0], old=null, confs=<EMPTY_MAP>
2022-07-12 20:45:36,755 [pool-533-thread-1] INFO  server.RaftServerConfigKeys (ConfUtils.java:logGet(46)) - raft.server.storage.dir = [/home/runner/work/ozone/ozone/hadoop-ozone/integration-test/target/test-dir/MiniOzoneClusterImpl-333fec51-4ba1-426d-9c6c-44177af9cbb2/datanode-1/data/ratis] (custom)
2022-07-12 20:45:36,755 [pool-533-thread-1] INFO  server.RaftServerConfigKeys (ConfUtils.java:logGet(46)) - raft.server.log.corruption.policy = EXCEPTION (default)
2022-07-12 20:45:36,755 [pool-533-thread-1] INFO  server.RaftServerConfigKeys (ConfUtils.java:logGet(46)) - raft.server.storage.free-space.min = 0MB (=0) (default)
2022-07-12 20:45:36,755 [pool-533-thread-1] INFO  storage.RaftStorageDirectory (RaftStorageDirectoryImpl.java:analyzeStorage(135)) - The storage directory /home/runner/work/ozone/ozone/hadoop-ozone/integration-test/target/test-dir/MiniOzoneClusterImpl-333fec51-4ba1-426d-9c6c-44177af9cbb2/datanode-1/data/ratis/d803f5dd-503d-41f0-8dcd-9ab3c8e89f36 does not exist. Creating ...
2022-07-12 20:45:36,763 [pool-533-thread-1] INFO  storage.RaftStorageDirectory (RaftStorageDirectoryImpl.java:tryLock(230)) - Lock on /home/runner/work/ozone/ozone/hadoop-ozone/integration-test/target/test-dir/MiniOzoneClusterImpl-333fec51-4ba1-426d-9c6c-44177af9cbb2/datanode-1/data/ratis/d803f5dd-503d-41f0-8dcd-9ab3c8e89f36/in_use.lock acquired by nodename 3147@fv-az29-983
2022-07-12 20:45:36,767 [pool-533-thread-1] INFO  storage.RaftStorage (RaftStorageImpl.java:format(89)) - Storage directory /home/runner/work/ozone/ozone/hadoop-ozone/integration-test/target/test-dir/MiniOzoneClusterImpl-333fec51-4ba1-426d-9c6c-44177af9cbb2/datanode-1/data/ratis/d803f5dd-503d-41f0-8dcd-9ab3c8e89f36 has been successfully formatted.
2022-07-12 20:45:36,768 [pool-533-thread-1] INFO  ratis.ContainerStateMachine (ContainerStateMachine.java:loadSnapshot(236)) - group-9AB3C8E89F36: The snapshot info is null. Setting the last applied indexto:(t:0, i:~)
2022-07-12 20:45:36,768 [pool-533-thread-1] INFO  server.RaftServerConfigKeys (ConfUtils.java:logGet(46)) - raft.server.notification.no-leader.timeout = 300s (custom)
2022-07-12 20:45:36,768 [pool-533-thread-1] INFO  server.RaftServerConfigKeys (ConfUtils.java:logGet(46)) - raft.server.log.use.memory = false (default)
2022-07-12 20:45:36,768 [pool-533-thread-1] INFO  server.RaftServerConfigKeys (ConfUtils.java:logGet(46)) - raft.server.log.purge.gap = 1000000 (custom)
2022-07-12 20:45:36,768 [pool-533-thread-1] INFO  server.RaftServerConfigKeys (ConfUtils.java:logGet(46)) - raft.server.log.appender.buffer.byte-limit = 33554432 (custom)
2022-07-12 20:45:36,768 [pool-533-thread-1] INFO  server.RaftServerConfigKeys (ConfUtils.java:logGet(46)) - raft.server.log.statemachine.data.read.timeout = 1000ms (default)
2022-07-12 20:45:36,768 [pool-533-thread-1] INFO  server.RaftServerConfigKeys (ConfUtils.java:logGet(46)) - raft.server.log.segment.size.max = 1048576 (custom)
2022-07-12 20:45:36,768 [pool-533-thread-1] INFO  server.RaftServerConfigKeys (ConfUtils.java:logGet(46)) - raft.server.log.segment.cache.num.max = 2 (custom)
2022-07-12 20:45:36,769 [pool-533-thread-1] INFO  server.RaftServerConfigKeys (ConfUtils.java:logGet(46)) - raft.server.log.segment.cache.size.max = 200MB (=209715200) (default)
2022-07-12 20:45:36,769 [pool-533-thread-1] INFO  segmented.SegmentedRaftLogWorker (SegmentedRaftLogWorker.java:<init>(187)) - new 6ffc9041-e27c-43b9-84cd-343e15cef14a@group-9AB3C8E89F36-SegmentedRaftLogWorker for RaftStorageImpl:Storage Directory /home/runner/work/ozone/ozone/hadoop-ozone/integration-test/target/test-dir/MiniOzoneClusterImpl-333fec51-4ba1-426d-9c6c-44177af9cbb2/datanode-1/data/ratis/d803f5dd-503d-41f0-8dcd-9ab3c8e89f36
2022-07-12 20:45:36,769 [pool-533-thread-1] INFO  server.RaftServerConfigKeys (ConfUtils.java:logGet(46)) - raft.server.log.queue.byte-limit = 4294967296 (custom)
2022-07-12 20:45:36,769 [pool-533-thread-1] INFO  server.RaftServerConfigKeys (ConfUtils.java:logGet(46)) - raft.server.log.queue.element-limit = 1024 (custom)
2022-07-12 20:45:36,769 [pool-533-thread-1] INFO  server.RaftServerConfigKeys (ConfUtils.java:logGet(46)) - raft.server.log.segment.size.max = 1048576 (custom)
2022-07-12 20:45:36,769 [pool-533-thread-1] INFO  server.RaftServerConfigKeys (ConfUtils.java:logGet(46)) - raft.server.log.preallocated.size = 16384 (custom)
2022-07-12 20:45:36,769 [pool-533-thread-1] INFO  server.RaftServerConfigKeys (ConfUtils.java:logGet(46)) - raft.server.log.force.sync.num = 128 (default)
2022-07-12 20:45:36,769 [pool-533-thread-1] INFO  server.RaftServerConfigKeys (ConfUtils.java:logGet(46)) - raft.server.log.statemachine.data.sync = true (default)
2022-07-12 20:45:36,769 [pool-533-thread-1] INFO  server.RaftServerConfigKeys (ConfUtils.java:logGet(46)) - raft.server.log.statemachine.data.sync.timeout = 10s (default)
2022-07-12 20:45:36,769 [pool-533-thread-1] INFO  server.RaftServerConfigKeys (ConfUtils.java:logGet(46)) - raft.server.log.statemachine.data.sync.timeout.retry = -1 (default)
2022-07-12 20:45:36,770 [pool-533-thread-1] INFO  server.RaftServerConfigKeys (ConfUtils.java:logGet(46)) - raft.server.log.write.buffer.size = 1048576 (custom)
2022-07-12 20:45:36,770 [pool-533-thread-1] INFO  server.RaftServerConfigKeys (ConfUtils.java:logGet(46)) - raft.server.log.unsafe-flush.enabled = false (default)
2022-07-12 20:45:36,770 [pool-533-thread-1] INFO  server.RaftServerConfigKeys (ConfUtils.java:logGet(46)) - raft.server.log.statemachine.data.caching.enabled = true (custom)
2022-07-12 20:45:36,770 [pool-533-thread-1] INFO  segmented.SegmentedRaftLogWorker (SegmentedRaftLogWorker.java:lambda$new$0(135)) - 6ffc9041-e27c-43b9-84cd-343e15cef14a@group-9AB3C8E89F36-SegmentedRaftLogWorker: flushIndex: setUnconditionally 0 -> -1
2022-07-12 20:45:36,770 [pool-533-thread-1] INFO  segmented.SegmentedRaftLogWorker (SegmentedRaftLogWorker.java:lambda$new$0(135)) - 6ffc9041-e27c-43b9-84cd-343e15cef14a@group-9AB3C8E89F36-SegmentedRaftLogWorker: safeCacheEvictIndex: setUnconditionally 0 -> -1
2022-07-12 20:45:36,779 [pool-533-thread-1] INFO  server.RaftServerConfigKeys (ConfUtils.java:logGet(46)) - raft.server.snapshot.auto.trigger.enabled = true (custom)
2022-07-12 20:45:36,779 [pool-533-thread-1] INFO  server.RaftServerConfigKeys (ConfUtils.java:logGet(46)) - raft.server.snapshot.auto.trigger.threshold = 10000 (custom)
2022-07-12 20:45:36,779 [pool-533-thread-1] INFO  server.RaftServerConfigKeys (ConfUtils.java:logGet(46)) - raft.server.snapshot.retention.file.num = 5 (custom)
2022-07-12 20:45:36,779 [pool-533-thread-1] INFO  server.RaftServerConfigKeys (ConfUtils.java:logGet(46)) - raft.server.log.purge.upto.snapshot.index = false (default)
2022-07-12 20:45:36,779 [pool-533-thread-1] INFO  server.RaftServerConfigKeys (ConfUtils.java:logGet(46)) - raft.server.retrycache.expirytime = 600000ms (custom)
2022-07-12 20:45:36,779 [pool-533-thread-1] INFO  server.RaftServerConfigKeys (ConfUtils.java:logGet(46)) - raft.server.retrycache.statistics.expirytime = 100μs (default)
2022-07-12 20:45:36,780 [pool-533-thread-1] INFO  server.RaftServerConfigKeys (ConfUtils.java:logGet(46)) - raft.server.log.appender.install.snapshot.enabled = false (custom)
2022-07-12 20:45:36,780 [pool-533-thread-1] INFO  server.RaftServerConfigKeys (ConfUtils.java:logGet(46)) - raft.server.threadpool.server.cached = true (default)
2022-07-12 20:45:36,780 [pool-533-thread-1] INFO  server.RaftServerConfigKeys (ConfUtils.java:logGet(46)) - raft.server.threadpool.server.size = 0 (default)
2022-07-12 20:45:36,780 [pool-533-thread-1] INFO  server.RaftServerConfigKeys (ConfUtils.java:logGet(46)) - raft.server.threadpool.client.cached = true (default)
2022-07-12 20:45:36,780 [pool-533-thread-1] INFO  server.RaftServerConfigKeys (ConfUtils.java:logGet(46)) - raft.server.threadpool.client.size = 0 (default)
2022-07-12 20:45:36,780 [pool-533-thread-1] INFO  server.RaftServer$Division (RaftServerImpl.java:start(310)) - 6ffc9041-e27c-43b9-84cd-343e15cef14a@group-9AB3C8E89F36: start as a follower, conf=-1: [78c9189f-838b-4558-b0ec-dc02cb69d32a|rpc:10.1.0.33:36363|dataStream:|priority:0, 6d9695d6-757b-418f-8d74-8c74e86c9bf4|rpc:10.1.0.33:41905|dataStream:|priority:1, 6ffc9041-e27c-43b9-84cd-343e15cef14a|rpc:10.1.0.33:45399|dataStream:|priority:0], old=null
2022-07-12 20:45:36,780 [pool-533-thread-1] INFO  server.RaftServer$Division (RaftServerImpl.java:setRole(299)) - 6ffc9041-e27c-43b9-84cd-343e15cef14a@group-9AB3C8E89F36: changes role from      null to FOLLOWER at term 0 for startAsFollower
2022-07-12 20:45:36,780 [pool-533-thread-1] INFO  impl.RoleInfo (RoleInfo.java:updateAndGet(139)) - 6ffc9041-e27c-43b9-84cd-343e15cef14a: start 6ffc9041-e27c-43b9-84cd-343e15cef14a@group-9AB3C8E89F36-FollowerState
2022-07-12 20:45:36,799 [pool-533-thread-1] INFO  util.JmxRegister (JmxRegister.java:tryRegister(44)) - Successfully registered JMX Bean with object name Ratis:service=RaftServer,group=group-9AB3C8E89F36,id=6ffc9041-e27c-43b9-84cd-343e15cef14a
2022-07-12 20:45:36,841 [Command processor thread] INFO  commandhandler.CreatePipelineCommandHandler (CreatePipelineCommandHandler.java:handle(113)) - Created Pipeline RATIS THREE PipelineID=d803f5dd-503d-41f0-8dcd-9ab3c8e89f36.
2022-07-12 20:45:37,230 [Command processor thread] INFO  server.RaftServer (RaftServerProxy.java:addNew(96)) - 6ffc9041-e27c-43b9-84cd-343e15cef14a: addNew group-89FCE4B0B901:[6ffc9041-e27c-43b9-84cd-343e15cef14a|rpc:10.1.0.33:45399|priority:1] returns group-89FCE4B0B901:java.util.concurrent.CompletableFuture@29c68059[Not completed]
2022-07-12 20:45:37,231 [pool-533-thread-1] INFO  server.RaftServer$Division (RaftServerImpl.java:<init>(190)) - 6ffc9041-e27c-43b9-84cd-343e15cef14a: new RaftServerImpl for group-89FCE4B0B901:[6ffc9041-e27c-43b9-84cd-343e15cef14a|rpc:10.1.0.33:45399|priority:1] with ContainerStateMachine:uninitialized
2022-07-12 20:45:37,231 [pool-533-thread-1] INFO  server.RaftServerConfigKeys (ConfUtils.java:logGet(46)) - raft.server.rpc.timeout.min = 5s (custom)
2022-07-12 20:45:37,231 [pool-533-thread-1] INFO  server.RaftServerConfigKeys (ConfUtils.java:logGet(46)) - raft.server.rpc.timeout.max = 5200ms (custom)
2022-07-12 20:45:37,231 [pool-533-thread-1] INFO  server.RaftServerConfigKeys (ConfUtils.java:logGet(46)) - raft.server.rpc.sleep.time = 25ms (default)
2022-07-12 20:45:37,231 [pool-533-thread-1] INFO  server.RaftServerConfigKeys (ConfUtils.java:logGet(46)) - raft.server.rpc.slowness.timeout = 300s (custom)
2022-07-12 20:45:37,231 [pool-533-thread-1] INFO  server.RaftServerConfigKeys (ConfUtils.java:logGet(46)) - raft.server.leaderelection.leader.step-down.wait-time = 10s (default)
2022-07-12 20:45:37,231 [pool-533-thread-1] INFO  server.RaftServerConfigKeys (ConfUtils.java:logGet(46)) - raft.server.sleep.deviation.threshold = 300ms (default)
2022-07-12 20:45:37,231 [pool-533-thread-1] INFO  server.RaftServer$Division (ServerState.java:<init>(107)) - 6ffc9041-e27c-43b9-84cd-343e15cef14a@group-89FCE4B0B901: ConfigurationManager, init=-1: [6ffc9041-e27c-43b9-84cd-343e15cef14a|rpc:10.1.0.33:45399|priority:1], old=null, confs=<EMPTY_MAP>
2022-07-12 20:45:37,231 [pool-533-thread-1] INFO  server.RaftServerConfigKeys (ConfUtils.java:logGet(46)) - raft.server.storage.dir = [/home/runner/work/ozone/ozone/hadoop-ozone/integration-test/target/test-dir/MiniOzoneClusterImpl-333fec51-4ba1-426d-9c6c-44177af9cbb2/datanode-1/data/ratis] (custom)
2022-07-12 20:45:37,231 [pool-533-thread-1] INFO  server.RaftServerConfigKeys (ConfUtils.java:logGet(46)) - raft.server.log.corruption.policy = EXCEPTION (default)
2022-07-12 20:45:37,231 [pool-533-thread-1] INFO  server.RaftServerConfigKeys (ConfUtils.java:logGet(46)) - raft.server.storage.free-space.min = 0MB (=0) (default)
2022-07-12 20:45:37,232 [pool-533-thread-1] INFO  storage.RaftStorageDirectory (RaftStorageDirectoryImpl.java:analyzeStorage(135)) - The storage directory /home/runner/work/ozone/ozone/hadoop-ozone/integration-test/target/test-dir/MiniOzoneClusterImpl-333fec51-4ba1-426d-9c6c-44177af9cbb2/datanode-1/data/ratis/163816b1-8e8b-404c-9106-89fce4b0b901 does not exist. Creating ...
2022-07-12 20:45:37,239 [pool-533-thread-1] INFO  storage.RaftStorageDirectory (RaftStorageDirectoryImpl.java:tryLock(230)) - Lock on /home/runner/work/ozone/ozone/hadoop-ozone/integration-test/target/test-dir/MiniOzoneClusterImpl-333fec51-4ba1-426d-9c6c-44177af9cbb2/datanode-1/data/ratis/163816b1-8e8b-404c-9106-89fce4b0b901/in_use.lock acquired by nodename 3147@fv-az29-983
2022-07-12 20:45:37,243 [pool-533-thread-1] INFO  storage.RaftStorage (RaftStorageImpl.java:format(89)) - Storage directory /home/runner/work/ozone/ozone/hadoop-ozone/integration-test/target/test-dir/MiniOzoneClusterImpl-333fec51-4ba1-426d-9c6c-44177af9cbb2/datanode-1/data/ratis/163816b1-8e8b-404c-9106-89fce4b0b901 has been successfully formatted.
2022-07-12 20:45:37,245 [EventQueue-PipelineReportForPipelineReportHandler] INFO  pipeline.PipelineManagerImpl (PipelineManagerImpl.java:openPipeline(359)) - Pipeline Pipeline[ Id: 163816b1-8e8b-404c-9106-89fce4b0b901, Nodes: 6ffc9041-e27c-43b9-84cd-343e15cef14a{ip: 10.1.0.33, host: fv-az29-983.0gf2enmb5avurc1gjtxldx4mnh.bx.internal.cloudapp.net, ports: [REPLICATION=34379, RATIS=45399, RATIS_ADMIN=45399, RATIS_SERVER=45399, STANDALONE=38779], networkLocation: /default-rack, certSerialId: null, persistedOpState: IN_SERVICE, persistedOpStateExpiryEpochSec: 0}, ReplicationConfig: RATIS/ONE, State:ALLOCATED, leaderId:6ffc9041-e27c-43b9-84cd-343e15cef14a, CreationTimestamp2022-07-12T20:45:34.285Z[Etc/UTC]] moved to OPEN state
2022-07-12 20:45:37,245 [pool-533-thread-1] INFO  ratis.ContainerStateMachine (ContainerStateMachine.java:loadSnapshot(236)) - group-89FCE4B0B901: The snapshot info is null. Setting the last applied indexto:(t:0, i:~)
2022-07-12 20:45:37,245 [pool-533-thread-1] INFO  server.RaftServerConfigKeys (ConfUtils.java:logGet(46)) - raft.server.notification.no-leader.timeout = 300s (custom)
2022-07-12 20:45:37,245 [pool-533-thread-1] INFO  server.RaftServerConfigKeys (ConfUtils.java:logGet(46)) - raft.server.log.use.memory = false (default)
2022-07-12 20:45:37,245 [pool-533-thread-1] INFO  server.RaftServerConfigKeys (ConfUtils.java:logGet(46)) - raft.server.log.purge.gap = 1000000 (custom)
2022-07-12 20:45:37,245 [pool-533-thread-1] INFO  server.RaftServerConfigKeys (ConfUtils.java:logGet(46)) - raft.server.log.appender.buffer.byte-limit = 33554432 (custom)
2022-07-12 20:45:37,245 [EventQueue-OpenPipelineForHealthyPipelineSafeModeRule] INFO  safemode.SCMSafeModeManager (HealthyPipelineSafeModeRule.java:process(124)) - SCM in safe mode. Healthy pipelines reported count is 0, required healthy pipeline reported count is 1
2022-07-12 20:45:37,245 [pool-533-thread-1] INFO  server.RaftServerConfigKeys (ConfUtils.java:logGet(46)) - raft.server.log.statemachine.data.read.timeout = 1000ms (default)
2022-07-12 20:45:37,246 [pool-533-thread-1] INFO  server.RaftServerConfigKeys (ConfUtils.java:logGet(46)) - raft.server.log.segment.size.max = 1048576 (custom)
2022-07-12 20:45:37,246 [pool-533-thread-1] INFO  server.RaftServerConfigKeys (ConfUtils.java:logGet(46)) - raft.server.log.segment.cache.num.max = 2 (custom)
2022-07-12 20:45:37,246 [pool-533-thread-1] INFO  server.RaftServerConfigKeys (ConfUtils.java:logGet(46)) - raft.server.log.segment.cache.size.max = 200MB (=209715200) (default)
2022-07-12 20:45:37,246 [pool-533-thread-1] INFO  segmented.SegmentedRaftLogWorker (SegmentedRaftLogWorker.java:<init>(187)) - new 6ffc9041-e27c-43b9-84cd-343e15cef14a@group-89FCE4B0B901-SegmentedRaftLogWorker for RaftStorageImpl:Storage Directory /home/runner/work/ozone/ozone/hadoop-ozone/integration-test/target/test-dir/MiniOzoneClusterImpl-333fec51-4ba1-426d-9c6c-44177af9cbb2/datanode-1/data/ratis/163816b1-8e8b-404c-9106-89fce4b0b901
2022-07-12 20:45:37,246 [pool-533-thread-1] INFO  server.RaftServerConfigKeys (ConfUtils.java:logGet(46)) - raft.server.log.queue.byte-limit = 4294967296 (custom)
2022-07-12 20:45:37,246 [pool-533-thread-1] INFO  server.RaftServerConfigKeys (ConfUtils.java:logGet(46)) - raft.server.log.queue.element-limit = 1024 (custom)
2022-07-12 20:45:37,246 [pool-533-thread-1] INFO  server.RaftServerConfigKeys (ConfUtils.java:logGet(46)) - raft.server.log.segment.size.max = 1048576 (custom)
2022-07-12 20:45:37,246 [pool-533-thread-1] INFO  server.RaftServerConfigKeys (ConfUtils.java:logGet(46)) - raft.server.log.preallocated.size = 16384 (custom)
2022-07-12 20:45:37,246 [pool-533-thread-1] INFO  server.RaftServerConfigKeys (ConfUtils.java:logGet(46)) - raft.server.log.force.sync.num = 128 (default)
2022-07-12 20:45:37,246 [pool-533-thread-1] INFO  server.RaftServerConfigKeys (ConfUtils.java:logGet(46)) - raft.server.log.statemachine.data.sync = true (default)
2022-07-12 20:45:37,246 [pool-533-thread-1] INFO  server.RaftServerConfigKeys (ConfUtils.java:logGet(46)) - raft.server.log.statemachine.data.sync.timeout = 10s (default)
2022-07-12 20:45:37,246 [pool-533-thread-1] INFO  server.RaftServerConfigKeys (ConfUtils.java:logGet(46)) - raft.server.log.statemachine.data.sync.timeout.retry = -1 (default)
2022-07-12 20:45:37,247 [pool-533-thread-1] INFO  server.RaftServerConfigKeys (ConfUtils.java:logGet(46)) - raft.server.log.write.buffer.size = 1048576 (custom)
2022-07-12 20:45:37,247 [pool-533-thread-1] INFO  server.RaftServerConfigKeys (ConfUtils.java:logGet(46)) - raft.server.log.unsafe-flush.enabled = false (default)
2022-07-12 20:45:37,247 [pool-533-thread-1] INFO  server.RaftServerConfigKeys (ConfUtils.java:logGet(46)) - raft.server.log.statemachine.data.caching.enabled = true (custom)
2022-07-12 20:45:37,247 [pool-533-thread-1] INFO  segmented.SegmentedRaftLogWorker (SegmentedRaftLogWorker.java:lambda$new$0(135)) - 6ffc9041-e27c-43b9-84cd-343e15cef14a@group-89FCE4B0B901-SegmentedRaftLogWorker: flushIndex: setUnconditionally 0 -> -1
2022-07-12 20:45:37,247 [pool-533-thread-1] INFO  segmented.SegmentedRaftLogWorker (SegmentedRaftLogWorker.java:lambda$new$0(135)) - 6ffc9041-e27c-43b9-84cd-343e15cef14a@group-89FCE4B0B901-SegmentedRaftLogWorker: safeCacheEvictIndex: setUnconditionally 0 -> -1
2022-07-12 20:45:37,259 [pool-533-thread-1] INFO  server.RaftServerConfigKeys (ConfUtils.java:logGet(46)) - raft.server.snapshot.auto.trigger.enabled = true (custom)
2022-07-12 20:45:37,259 [pool-533-thread-1] INFO  server.RaftServerConfigKeys (ConfUtils.java:logGet(46)) - raft.server.snapshot.auto.trigger.threshold = 10000 (custom)
2022-07-12 20:45:37,259 [pool-533-thread-1] INFO  server.RaftServerConfigKeys (ConfUtils.java:logGet(46)) - raft.server.snapshot.retention.file.num = 5 (custom)
2022-07-12 20:45:37,259 [pool-533-thread-1] INFO  server.RaftServerConfigKeys (ConfUtils.java:logGet(46)) - raft.server.log.purge.upto.snapshot.index = false (default)
2022-07-12 20:45:37,259 [pool-533-thread-1] INFO  server.RaftServerConfigKeys (ConfUtils.java:logGet(46)) - raft.server.retrycache.expirytime = 600000ms (custom)
2022-07-12 20:45:37,259 [pool-533-thread-1] INFO  server.RaftServerConfigKeys (ConfUtils.java:logGet(46)) - raft.server.retrycache.statistics.expirytime = 100μs (default)
2022-07-12 20:45:37,260 [pool-533-thread-1] INFO  server.RaftServerConfigKeys (ConfUtils.java:logGet(46)) - raft.server.log.appender.install.snapshot.enabled = false (custom)
2022-07-12 20:45:37,260 [pool-533-thread-1] INFO  server.RaftServerConfigKeys (ConfUtils.java:logGet(46)) - raft.server.threadpool.server.cached = true (default)
2022-07-12 20:45:37,260 [pool-533-thread-1] INFO  server.RaftServerConfigKeys (ConfUtils.java:logGet(46)) - raft.server.threadpool.server.size = 0 (default)
2022-07-12 20:45:37,260 [pool-533-thread-1] INFO  server.RaftServerConfigKeys (ConfUtils.java:logGet(46)) - raft.server.threadpool.client.cached = true (default)
2022-07-12 20:45:37,260 [pool-533-thread-1] INFO  server.RaftServerConfigKeys (ConfUtils.java:logGet(46)) - raft.server.threadpool.client.size = 0 (default)
2022-07-12 20:45:37,260 [pool-533-thread-1] INFO  server.RaftServer$Division (RaftServerImpl.java:start(310)) - 6ffc9041-e27c-43b9-84cd-343e15cef14a@group-89FCE4B0B901: start as a follower, conf=-1: [6ffc9041-e27c-43b9-84cd-343e15cef14a|rpc:10.1.0.33:45399|priority:1], old=null
2022-07-12 20:45:37,260 [pool-533-thread-1] INFO  server.RaftServer$Division (RaftServerImpl.java:setRole(299)) - 6ffc9041-e27c-43b9-84cd-343e15cef14a@group-89FCE4B0B901: changes role from      null to FOLLOWER at term 0 for startAsFollower
2022-07-12 20:45:37,260 [pool-533-thread-1] INFO  impl.RoleInfo (RoleInfo.java:updateAndGet(139)) - 6ffc9041-e27c-43b9-84cd-343e15cef14a: start 6ffc9041-e27c-43b9-84cd-343e15cef14a@group-89FCE4B0B901-FollowerState
2022-07-12 20:45:37,278 [pool-533-thread-1] INFO  util.JmxRegister (JmxRegister.java:tryRegister(44)) - Successfully registered JMX Bean with object name Ratis:service=RaftServer,group=group-89FCE4B0B901,id=6ffc9041-e27c-43b9-84cd-343e15cef14a
2022-07-12 20:45:37,280 [Command processor thread] INFO  ratis.XceiverServerRatis (XceiverServerRatis.java:addGroup(765)) - Created group PipelineID=163816b1-8e8b-404c-9106-89fce4b0b901
2022-07-12 20:45:37,280 [Command processor thread] INFO  commandhandler.CreatePipelineCommandHandler (CreatePipelineCommandHandler.java:handle(113)) - Created Pipeline RATIS ONE PipelineID=163816b1-8e8b-404c-9106-89fce4b0b901.
2022-07-12 20:45:37,532 [Listener at 127.0.0.1/45649] INFO  ozone.MiniOzoneClusterImpl (MiniOzoneClusterImpl.java:lambda$waitForClusterToBeReady$0(223)) - Nodes are ready. Got 3 of 3 DN Heartbeats.
2022-07-12 20:45:37,533 [Listener at 127.0.0.1/45649] INFO  ozone.MiniOzoneClusterImpl (MiniOzoneClusterImpl.java:lambda$waitForClusterToBeReady$0(226)) - Waiting for cluster to exit safe mode
2022-07-12 20:45:37,533 [Listener at 127.0.0.1/45649] INFO  ozone.MiniOzoneClusterImpl (MiniOzoneClusterImpl.java:lambda$waitForClusterToBeReady$0(228)) - SCM became leader
2022-07-12 20:45:38,533 [Listener at 127.0.0.1/45649] INFO  ozone.MiniOzoneClusterImpl (MiniOzoneClusterImpl.java:lambda$waitForClusterToBeReady$0(223)) - Nodes are ready. Got 3 of 3 DN Heartbeats.
2022-07-12 20:45:38,533 [Listener at 127.0.0.1/45649] INFO  ozone.MiniOzoneClusterImpl (MiniOzoneClusterImpl.java:lambda$waitForClusterToBeReady$0(226)) - Waiting for cluster to exit safe mode
2022-07-12 20:45:38,533 [Listener at 127.0.0.1/45649] INFO  ozone.MiniOzoneClusterImpl (MiniOzoneClusterImpl.java:lambda$waitForClusterToBeReady$0(228)) - SCM became leader
2022-07-12 20:45:39,534 [Listener at 127.0.0.1/45649] INFO  ozone.MiniOzoneClusterImpl (MiniOzoneClusterImpl.java:lambda$waitForClusterToBeReady$0(223)) - Nodes are ready. Got 3 of 3 DN Heartbeats.
2022-07-12 20:45:39,534 [Listener at 127.0.0.1/45649] INFO  ozone.MiniOzoneClusterImpl (MiniOzoneClusterImpl.java:lambda$waitForClusterToBeReady$0(226)) - Waiting for cluster to exit safe mode
2022-07-12 20:45:39,534 [Listener at 127.0.0.1/45649] INFO  ozone.MiniOzoneClusterImpl (MiniOzoneClusterImpl.java:lambda$waitForClusterToBeReady$0(228)) - SCM became leader
2022-07-12 20:45:40,534 [Listener at 127.0.0.1/45649] INFO  ozone.MiniOzoneClusterImpl (MiniOzoneClusterImpl.java:lambda$waitForClusterToBeReady$0(223)) - Nodes are ready. Got 3 of 3 DN Heartbeats.
2022-07-12 20:45:40,534 [Listener at 127.0.0.1/45649] INFO  ozone.MiniOzoneClusterImpl (MiniOzoneClusterImpl.java:lambda$waitForClusterToBeReady$0(226)) - Waiting for cluster to exit safe mode
2022-07-12 20:45:40,534 [Listener at 127.0.0.1/45649] INFO  ozone.MiniOzoneClusterImpl (MiniOzoneClusterImpl.java:lambda$waitForClusterToBeReady$0(228)) - SCM became leader
2022-07-12 20:45:41,204 [78c9189f-838b-4558-b0ec-dc02cb69d32a@group-58F30C65B0F4-FollowerState] INFO  impl.FollowerState (FollowerState.java:run(143)) - 78c9189f-838b-4558-b0ec-dc02cb69d32a@group-58F30C65B0F4-FollowerState: change to CANDIDATE, lastRpcElapsedTime:5080669585ns, electionTimeout:5072ms
2022-07-12 20:45:41,205 [78c9189f-838b-4558-b0ec-dc02cb69d32a@group-58F30C65B0F4-FollowerState] INFO  impl.RoleInfo (RoleInfo.java:shutdownFollowerState(110)) - 78c9189f-838b-4558-b0ec-dc02cb69d32a: shutdown 78c9189f-838b-4558-b0ec-dc02cb69d32a@group-58F30C65B0F4-FollowerState
2022-07-12 20:45:41,205 [78c9189f-838b-4558-b0ec-dc02cb69d32a@group-58F30C65B0F4-FollowerState] INFO  server.RaftServer$Division (RaftServerImpl.java:setRole(299)) - 78c9189f-838b-4558-b0ec-dc02cb69d32a@group-58F30C65B0F4: changes role from  FOLLOWER to CANDIDATE at term 0 for changeToCandidate
2022-07-12 20:45:41,205 [78c9189f-838b-4558-b0ec-dc02cb69d32a@group-58F30C65B0F4-FollowerState] INFO  server.RaftServerConfigKeys (ConfUtils.java:logGet(46)) - raft.server.leaderelection.pre-vote = false (custom)
2022-07-12 20:45:41,205 [78c9189f-838b-4558-b0ec-dc02cb69d32a@group-58F30C65B0F4-FollowerState] INFO  impl.RoleInfo (RoleInfo.java:updateAndGet(139)) - 78c9189f-838b-4558-b0ec-dc02cb69d32a: start 78c9189f-838b-4558-b0ec-dc02cb69d32a@group-58F30C65B0F4-LeaderElection42
2022-07-12 20:45:41,275 [78c9189f-838b-4558-b0ec-dc02cb69d32a@group-C36B520413A5-FollowerState] INFO  impl.FollowerState (FollowerState.java:run(143)) - 78c9189f-838b-4558-b0ec-dc02cb69d32a@group-C36B520413A5-FollowerState: change to CANDIDATE, lastRpcElapsedTime:5209055114ns, electionTimeout:5187ms
2022-07-12 20:45:41,275 [78c9189f-838b-4558-b0ec-dc02cb69d32a@group-C36B520413A5-FollowerState] INFO  impl.RoleInfo (RoleInfo.java:shutdownFollowerState(110)) - 78c9189f-838b-4558-b0ec-dc02cb69d32a: shutdown 78c9189f-838b-4558-b0ec-dc02cb69d32a@group-C36B520413A5-FollowerState
2022-07-12 20:45:41,275 [78c9189f-838b-4558-b0ec-dc02cb69d32a@group-C36B520413A5-FollowerState] INFO  server.RaftServer$Division (RaftServerImpl.java:setRole(299)) - 78c9189f-838b-4558-b0ec-dc02cb69d32a@group-C36B520413A5: changes role from  FOLLOWER to CANDIDATE at term 0 for changeToCandidate
2022-07-12 20:45:41,275 [78c9189f-838b-4558-b0ec-dc02cb69d32a@group-C36B520413A5-FollowerState] INFO  server.RaftServerConfigKeys (ConfUtils.java:logGet(46)) - raft.server.leaderelection.pre-vote = false (custom)
2022-07-12 20:45:41,275 [78c9189f-838b-4558-b0ec-dc02cb69d32a@group-C36B520413A5-FollowerState] INFO  impl.RoleInfo (RoleInfo.java:updateAndGet(139)) - 78c9189f-838b-4558-b0ec-dc02cb69d32a: start 78c9189f-838b-4558-b0ec-dc02cb69d32a@group-C36B520413A5-LeaderElection43
2022-07-12 20:45:41,276 [78c9189f-838b-4558-b0ec-dc02cb69d32a@group-58F30C65B0F4-LeaderElection42] INFO  impl.LeaderElection (LeaderElection.java:askForVotes(310)) - 78c9189f-838b-4558-b0ec-dc02cb69d32a@group-58F30C65B0F4-LeaderElection42 ELECTION round 0: submit vote requests at term 1 for -1: [78c9189f-838b-4558-b0ec-dc02cb69d32a|rpc:10.1.0.33:36363|priority:1, 6d9695d6-757b-418f-8d74-8c74e86c9bf4|rpc:10.1.0.33:41905|priority:0, 6ffc9041-e27c-43b9-84cd-343e15cef14a|rpc:10.1.0.33:45399|priority:0], old=null
2022-07-12 20:45:41,299 [6ffc9041-e27c-43b9-84cd-343e15cef14a@group-58F30C65B0F4-FollowerState] INFO  impl.FollowerState (FollowerState.java:run(143)) - 6ffc9041-e27c-43b9-84cd-343e15cef14a@group-58F30C65B0F4-FollowerState: change to CANDIDATE, lastRpcElapsedTime:5047300810ns, electionTimeout:5031ms
2022-07-12 20:45:41,300 [6ffc9041-e27c-43b9-84cd-343e15cef14a@group-58F30C65B0F4-FollowerState] INFO  impl.RoleInfo (RoleInfo.java:shutdownFollowerState(110)) - 6ffc9041-e27c-43b9-84cd-343e15cef14a: shutdown 6ffc9041-e27c-43b9-84cd-343e15cef14a@group-58F30C65B0F4-FollowerState
2022-07-12 20:45:41,300 [6ffc9041-e27c-43b9-84cd-343e15cef14a@group-58F30C65B0F4-FollowerState] INFO  server.RaftServer$Division (RaftServerImpl.java:setRole(299)) - 6ffc9041-e27c-43b9-84cd-343e15cef14a@group-58F30C65B0F4: changes role from  FOLLOWER to CANDIDATE at term 0 for changeToCandidate
2022-07-12 20:45:41,336 [grpc-default-executor-0] INFO  server.RaftServer$Division (RaftServerImpl.java:requestVote(1152)) - 6d9695d6-757b-418f-8d74-8c74e86c9bf4@group-58F30C65B0F4: receive requestVote(ELECTION, 78c9189f-838b-4558-b0ec-dc02cb69d32a, group-58F30C65B0F4, 1, (t:0, i:0))
2022-07-12 20:45:41,336 [grpc-default-executor-0] INFO  impl.VoteContext (VoteContext.java:log(48)) - 6d9695d6-757b-418f-8d74-8c74e86c9bf4@group-58F30C65B0F4-FOLLOWER: accept ELECTION from 78c9189f-838b-4558-b0ec-dc02cb69d32a: our priority 0 <= candidate's priority 1
2022-07-12 20:45:41,336 [grpc-default-executor-0] INFO  server.RaftServer$Division (RaftServerImpl.java:setRole(299)) - 6d9695d6-757b-418f-8d74-8c74e86c9bf4@group-58F30C65B0F4: changes role from  FOLLOWER to FOLLOWER at term 1 for candidate:78c9189f-838b-4558-b0ec-dc02cb69d32a
2022-07-12 20:45:41,336 [grpc-default-executor-0] INFO  impl.RoleInfo (RoleInfo.java:shutdownFollowerState(110)) - 6d9695d6-757b-418f-8d74-8c74e86c9bf4: shutdown 6d9695d6-757b-418f-8d74-8c74e86c9bf4@group-58F30C65B0F4-FollowerState
2022-07-12 20:45:41,336 [grpc-default-executor-0] INFO  impl.RoleInfo (RoleInfo.java:updateAndGet(139)) - 6d9695d6-757b-418f-8d74-8c74e86c9bf4: start 6d9695d6-757b-418f-8d74-8c74e86c9bf4@group-58F30C65B0F4-FollowerState
2022-07-12 20:45:41,336 [6d9695d6-757b-418f-8d74-8c74e86c9bf4@group-58F30C65B0F4-FollowerState] INFO  impl.FollowerState (FollowerState.java:run(152)) - 6d9695d6-757b-418f-8d74-8c74e86c9bf4@group-58F30C65B0F4-FollowerState was interrupted
2022-07-12 20:45:41,343 [grpc-default-executor-0] INFO  server.RaftServer$Division (RaftServerImpl.java:requestVote(1184)) - 6d9695d6-757b-418f-8d74-8c74e86c9bf4@group-58F30C65B0F4 replies to ELECTION vote request: 78c9189f-838b-4558-b0ec-dc02cb69d32a<-6d9695d6-757b-418f-8d74-8c74e86c9bf4#0:OK-t1. Peer's state: 6d9695d6-757b-418f-8d74-8c74e86c9bf4@group-58F30C65B0F4:t1, leader=null, voted=78c9189f-838b-4558-b0ec-dc02cb69d32a, raftlog=6d9695d6-757b-418f-8d74-8c74e86c9bf4@group-58F30C65B0F4-SegmentedRaftLog:OPENED:c-1, conf=-1: [78c9189f-838b-4558-b0ec-dc02cb69d32a|rpc:10.1.0.33:36363|dataStream:|priority:1, 6d9695d6-757b-418f-8d74-8c74e86c9bf4|rpc:10.1.0.33:41905|dataStream:|priority:0, 6ffc9041-e27c-43b9-84cd-343e15cef14a|rpc:10.1.0.33:45399|dataStream:|priority:0], old=null
2022-07-12 20:45:41,355 [6ffc9041-e27c-43b9-84cd-343e15cef14a@group-58F30C65B0F4-FollowerState] INFO  server.RaftServerConfigKeys (ConfUtils.java:logGet(46)) - raft.server.leaderelection.pre-vote = false (custom)
2022-07-12 20:45:41,355 [6ffc9041-e27c-43b9-84cd-343e15cef14a@group-58F30C65B0F4-FollowerState] INFO  impl.RoleInfo (RoleInfo.java:updateAndGet(139)) - 6ffc9041-e27c-43b9-84cd-343e15cef14a: start 6ffc9041-e27c-43b9-84cd-343e15cef14a@group-58F30C65B0F4-LeaderElection44
2022-07-12 20:45:41,367 [78c9189f-838b-4558-b0ec-dc02cb69d32a@group-C36B520413A5-LeaderElection43] INFO  impl.LeaderElection (LeaderElection.java:askForVotes(310)) - 78c9189f-838b-4558-b0ec-dc02cb69d32a@group-C36B520413A5-LeaderElection43 ELECTION round 0: submit vote requests at term 1 for -1: [78c9189f-838b-4558-b0ec-dc02cb69d32a|rpc:10.1.0.33:36363|priority:1], old=null
2022-07-12 20:45:41,367 [78c9189f-838b-4558-b0ec-dc02cb69d32a@group-C36B520413A5-LeaderElection43] INFO  impl.LeaderElection (LeaderElection.java:askForVotes(312)) - 78c9189f-838b-4558-b0ec-dc02cb69d32a@group-C36B520413A5-LeaderElection43 ELECTION round 0: result PASSED (term=1)
2022-07-12 20:45:41,367 [78c9189f-838b-4558-b0ec-dc02cb69d32a@group-C36B520413A5-LeaderElection43] INFO  impl.RoleInfo (RoleInfo.java:shutdownLeaderElection(130)) - 78c9189f-838b-4558-b0ec-dc02cb69d32a: shutdown 78c9189f-838b-4558-b0ec-dc02cb69d32a@group-C36B520413A5-LeaderElection43
2022-07-12 20:45:41,367 [78c9189f-838b-4558-b0ec-dc02cb69d32a@group-C36B520413A5-LeaderElection43] INFO  server.RaftServer$Division (RaftServerImpl.java:setRole(299)) - 78c9189f-838b-4558-b0ec-dc02cb69d32a@group-C36B520413A5: changes role from CANDIDATE to LEADER at term 1 for changeToLeader
2022-07-12 20:45:41,367 [78c9189f-838b-4558-b0ec-dc02cb69d32a@group-58F30C65B0F4-LeaderElection42] INFO  impl.LeaderElection (LeaderElection.java:logAndReturn(90)) - 78c9189f-838b-4558-b0ec-dc02cb69d32a@group-58F30C65B0F4-LeaderElection42: ELECTION PASSED received 1 response(s) and 0 exception(s):
2022-07-12 20:45:41,367 [78c9189f-838b-4558-b0ec-dc02cb69d32a@group-C36B520413A5-LeaderElection43] INFO  ratis.XceiverServerRatis (XceiverServerRatis.java:handleLeaderChangedNotification(863)) - Leader change notification received for group: group-C36B520413A5 with new leaderId: 78c9189f-838b-4558-b0ec-dc02cb69d32a
2022-07-12 20:45:41,367 [78c9189f-838b-4558-b0ec-dc02cb69d32a@group-C36B520413A5-LeaderElection43] INFO  server.RaftServer$Division (ServerState.java:setLeader(287)) - 78c9189f-838b-4558-b0ec-dc02cb69d32a@group-C36B520413A5: change Leader from null to 78c9189f-838b-4558-b0ec-dc02cb69d32a at term 1 for becomeLeader, leader elected after 5359ms
2022-07-12 20:45:41,367 [78c9189f-838b-4558-b0ec-dc02cb69d32a@group-C36B520413A5-LeaderElection43] INFO  server.RaftServerConfigKeys (ConfUtils.java:logGet(46)) - raft.server.staging.catchup.gap = 1000 (default)
2022-07-12 20:45:41,367 [78c9189f-838b-4558-b0ec-dc02cb69d32a@group-C36B520413A5-LeaderElection43] INFO  server.RaftServerConfigKeys (ConfUtils.java:logGet(46)) - raft.server.write.element-limit = 1024 (custom)
2022-07-12 20:45:41,367 [78c9189f-838b-4558-b0ec-dc02cb69d32a@group-C36B520413A5-LeaderElection43] INFO  server.RaftServerConfigKeys (ConfUtils.java:logGet(46)) - raft.server.write.byte-limit = 1024 M (=1073741824) (custom)
2022-07-12 20:45:41,369 [78c9189f-838b-4558-b0ec-dc02cb69d32a@group-C36B520413A5-LeaderElection43] INFO  server.RaftServerConfigKeys (ConfUtils.java:logGet(46)) - raft.server.watch.timeout = 180s (custom)
2022-07-12 20:45:41,369 [78c9189f-838b-4558-b0ec-dc02cb69d32a@group-C36B520413A5-LeaderElection43] INFO  server.RaftServerConfigKeys (ConfUtils.java:logGet(46)) - raft.server.watch.timeout.denomination = 1s (default)
2022-07-12 20:45:41,370 [78c9189f-838b-4558-b0ec-dc02cb69d32a@group-C36B520413A5-LeaderElection43] INFO  server.RaftServerConfigKeys (ConfUtils.java:logGet(46)) - raft.server.watch.element-limit = 65536 (default)
2022-07-12 20:45:41,370 [78c9189f-838b-4558-b0ec-dc02cb69d32a@group-C36B520413A5-LeaderElection43] INFO  server.RaftServerConfigKeys (ConfUtils.java:logGet(46)) - raft.server.write.element-limit = 1024 (custom)
2022-07-12 20:45:41,370 [78c9189f-838b-4558-b0ec-dc02cb69d32a@group-C36B520413A5-LeaderElection43] INFO  server.RaftServerConfigKeys (ConfUtils.java:logGet(46)) - raft.server.write.follower.gap.ratio.max = -1.0 (default)
2022-07-12 20:45:41,370 [78c9189f-838b-4558-b0ec-dc02cb69d32a@group-C36B520413A5-LeaderElection43] INFO  impl.RoleInfo (RoleInfo.java:updateAndGet(139)) - 78c9189f-838b-4558-b0ec-dc02cb69d32a: start 78c9189f-838b-4558-b0ec-dc02cb69d32a@group-C36B520413A5-LeaderStateImpl
2022-07-12 20:45:41,370 [EventQueue-OpenPipelineForHealthyPipelineSafeModeRule] INFO  safemode.SCMSafeModeManager (HealthyPipelineSafeModeRule.java:process(124)) - SCM in safe mode. Healthy pipelines reported count is 0, required healthy pipeline reported count is 1
2022-07-12 20:45:41,367 [78c9189f-838b-4558-b0ec-dc02cb69d32a@group-58F30C65B0F4-LeaderElection42] INFO  impl.LeaderElection (LeaderElection.java:logAndReturn(94)) -   Response 0: 78c9189f-838b-4558-b0ec-dc02cb69d32a<-6d9695d6-757b-418f-8d74-8c74e86c9bf4#0:OK-t1
2022-07-12 20:45:41,370 [78c9189f-838b-4558-b0ec-dc02cb69d32a@group-58F30C65B0F4-LeaderElection42] INFO  impl.LeaderElection (LeaderElection.java:askForVotes(312)) - 78c9189f-838b-4558-b0ec-dc02cb69d32a@group-58F30C65B0F4-LeaderElection42 ELECTION round 0: result PASSED
2022-07-12 20:45:41,370 [78c9189f-838b-4558-b0ec-dc02cb69d32a@group-58F30C65B0F4-LeaderElection42] INFO  impl.RoleInfo (RoleInfo.java:shutdownLeaderElection(130)) - 78c9189f-838b-4558-b0ec-dc02cb69d32a: shutdown 78c9189f-838b-4558-b0ec-dc02cb69d32a@group-58F30C65B0F4-LeaderElection42
2022-07-12 20:45:41,370 [78c9189f-838b-4558-b0ec-dc02cb69d32a@group-58F30C65B0F4-LeaderElection42] INFO  server.RaftServer$Division (RaftServerImpl.java:setRole(299)) - 78c9189f-838b-4558-b0ec-dc02cb69d32a@group-58F30C65B0F4: changes role from CANDIDATE to LEADER at term 1 for changeToLeader
2022-07-12 20:45:41,370 [78c9189f-838b-4558-b0ec-dc02cb69d32a@group-58F30C65B0F4-LeaderElection42] INFO  ratis.XceiverServerRatis (XceiverServerRatis.java:handleLeaderChangedNotification(863)) - Leader change notification received for group: group-58F30C65B0F4 with new leaderId: 78c9189f-838b-4558-b0ec-dc02cb69d32a
2022-07-12 20:45:41,370 [78c9189f-838b-4558-b0ec-dc02cb69d32a@group-58F30C65B0F4-LeaderElection42] INFO  server.RaftServer$Division (ServerState.java:setLeader(287)) - 78c9189f-838b-4558-b0ec-dc02cb69d32a@group-58F30C65B0F4: change Leader from null to 78c9189f-838b-4558-b0ec-dc02cb69d32a at term 1 for becomeLeader, leader elected after 5255ms
2022-07-12 20:45:41,370 [78c9189f-838b-4558-b0ec-dc02cb69d32a@group-58F30C65B0F4-LeaderElection42] INFO  server.RaftServerConfigKeys (ConfUtils.java:logGet(46)) - raft.server.staging.catchup.gap = 1000 (default)
2022-07-12 20:45:41,370 [78c9189f-838b-4558-b0ec-dc02cb69d32a@group-58F30C65B0F4-LeaderElection42] INFO  server.RaftServerConfigKeys (ConfUtils.java:logGet(46)) - raft.server.write.element-limit = 1024 (custom)
2022-07-12 20:45:41,370 [78c9189f-838b-4558-b0ec-dc02cb69d32a@group-58F30C65B0F4-LeaderElection42] INFO  server.RaftServerConfigKeys (ConfUtils.java:logGet(46)) - raft.server.write.byte-limit = 1024 M (=1073741824) (custom)
2022-07-12 20:45:41,371 [78c9189f-838b-4558-b0ec-dc02cb69d32a@group-58F30C65B0F4-LeaderElection42] INFO  server.RaftServerConfigKeys (ConfUtils.java:logGet(46)) - raft.server.watch.timeout = 180s (custom)
2022-07-12 20:45:41,371 [78c9189f-838b-4558-b0ec-dc02cb69d32a@group-58F30C65B0F4-LeaderElection42] INFO  server.RaftServerConfigKeys (ConfUtils.java:logGet(46)) - raft.server.watch.timeout.denomination = 1s (default)
2022-07-12 20:45:41,371 [78c9189f-838b-4558-b0ec-dc02cb69d32a@group-58F30C65B0F4-LeaderElection42] INFO  server.RaftServerConfigKeys (ConfUtils.java:logGet(46)) - raft.server.watch.element-limit = 65536 (default)
2022-07-12 20:45:41,371 [78c9189f-838b-4558-b0ec-dc02cb69d32a@group-58F30C65B0F4-LeaderElection42] INFO  server.RaftServerConfigKeys (ConfUtils.java:logGet(46)) - raft.server.write.element-limit = 1024 (custom)
2022-07-12 20:45:41,371 [78c9189f-838b-4558-b0ec-dc02cb69d32a@group-58F30C65B0F4-LeaderElection42] INFO  server.RaftServerConfigKeys (ConfUtils.java:logGet(46)) - raft.server.write.follower.gap.ratio.max = -1.0 (default)
2022-07-12 20:45:41,371 [EventQueue-PipelineReportForPipelineReportHandler] INFO  pipeline.PipelineManagerImpl (PipelineManagerImpl.java:openPipeline(359)) - Pipeline Pipeline[ Id: 58cea004-ed6e-4ffa-8fb7-58f30c65b0f4, Nodes: 78c9189f-838b-4558-b0ec-dc02cb69d32a{ip: 10.1.0.33, host: fv-az29-983.0gf2enmb5avurc1gjtxldx4mnh.bx.internal.cloudapp.net, ports: [REPLICATION=37171, RATIS=36363, RATIS_ADMIN=36363, RATIS_SERVER=36363, STANDALONE=42875], networkLocation: /default-rack, certSerialId: null, persistedOpState: IN_SERVICE, persistedOpStateExpiryEpochSec: 0}6ffc9041-e27c-43b9-84cd-343e15cef14a{ip: 10.1.0.33, host: fv-az29-983.0gf2enmb5avurc1gjtxldx4mnh.bx.internal.cloudapp.net, ports: [REPLICATION=34379, RATIS=45399, RATIS_ADMIN=45399, RATIS_SERVER=45399, STANDALONE=38779], networkLocation: /default-rack, certSerialId: null, persistedOpState: IN_SERVICE, persistedOpStateExpiryEpochSec: 0}6d9695d6-757b-418f-8d74-8c74e86c9bf4{ip: 10.1.0.33, host: fv-az29-983.0gf2enmb5avurc1gjtxldx4mnh.bx.internal.cloudapp.net, ports: [REPLICATION=44077, RATIS=41905, RATIS_ADMIN=41905, RATIS_SERVER=41905, STANDALONE=33029], networkLocation: /default-rack, certSerialId: null, persistedOpState: IN_SERVICE, persistedOpStateExpiryEpochSec: 0}, ReplicationConfig: RATIS/THREE, State:ALLOCATED, leaderId:78c9189f-838b-4558-b0ec-dc02cb69d32a, CreationTimestamp2022-07-12T20:45:35.564Z[Etc/UTC]] moved to OPEN state
2022-07-12 20:45:41,371 [EventQueue-OpenPipelineForHealthyPipelineSafeModeRule] INFO  safemode.SCMSafeModeManager (HealthyPipelineSafeModeRule.java:process(124)) - SCM in safe mode. Healthy pipelines reported count is 0, required healthy pipeline reported count is 1
2022-07-12 20:45:41,370 [78c9189f-838b-4558-b0ec-dc02cb69d32a@group-C36B520413A5-LeaderElection43] INFO  segmented.SegmentedRaftLogWorker (SegmentedRaftLogWorker.java:startLogSegment(425)) - 78c9189f-838b-4558-b0ec-dc02cb69d32a@group-C36B520413A5-SegmentedRaftLogWorker: Starting segment from index:0
2022-07-12 20:45:41,373 [EventQueue-OpenPipelineForHealthyPipelineSafeModeRule] INFO  safemode.SCMSafeModeManager (HealthyPipelineSafeModeRule.java:process(124)) - SCM in safe mode. Healthy pipelines reported count is 1, required healthy pipeline reported count is 1
2022-07-12 20:45:41,371 [78c9189f-838b-4558-b0ec-dc02cb69d32a@group-58F30C65B0F4-LeaderElection42] INFO  server.RaftServerConfigKeys (ConfUtils.java:logGet(46)) - raft.server.log.appender.snapshot.chunk.size.max = 16MB (=16777216) (default)
2022-07-12 20:45:41,373 [78c9189f-838b-4558-b0ec-dc02cb69d32a@group-58F30C65B0F4-LeaderElection42] INFO  server.RaftServerConfigKeys (ConfUtils.java:logGet(46)) - raft.server.log.appender.buffer.byte-limit = 33554432 (custom)
2022-07-12 20:45:41,373 [78c9189f-838b-4558-b0ec-dc02cb69d32a@group-58F30C65B0F4-LeaderElection42] INFO  server.RaftServerConfigKeys (ConfUtils.java:logGet(46)) - raft.server.log.appender.buffer.element-limit = 1 (custom)
2022-07-12 20:45:41,373 [EventQueue-OpenPipelineForHealthyPipelineSafeModeRule] INFO  safemode.SCMSafeModeManager (SCMSafeModeManager.java:validateSafeModeExitRules(204)) - HealthyPipelineSafeModeRule rule is successfully validated
2022-07-12 20:45:41,374 [EventQueue-OpenPipelineForHealthyPipelineSafeModeRule] INFO  safemode.SCMSafeModeManager (SCMSafeModeManager.java:validateSafeModeExitRules(219)) - ScmSafeModeManager, all rules are successfully validated
2022-07-12 20:45:41,374 [EventQueue-OpenPipelineForHealthyPipelineSafeModeRule] INFO  safemode.SCMSafeModeManager (SCMSafeModeManager.java:exitSafeMode(248)) - SCM exiting safe mode.
2022-07-12 20:45:41,374 [EventQueue-OpenPipelineForHealthyPipelineSafeModeRule] WARN  events.EventQueue (EventQueue.java:fireEvent(216)) - No event handler registered for event TypedEvent{payloadType=SafeModeStatus, name='Safe mode status'}
2022-07-12 20:45:41,374 [EventQueue-OpenPipelineForHealthyPipelineSafeModeRule] INFO  ha.SCMContext (SCMContext.java:updateSafeModeStatus(228)) - Update SafeModeStatus from SafeModeStatus{safeModeStatus=true, preCheckPassed=true} to SafeModeStatus{safeModeStatus=false, preCheckPassed=true}.
2022-07-12 20:45:41,374 [EventQueue-OpenPipelineForHealthyPipelineSafeModeRule] INFO  pipeline.BackgroundPipelineCreator (BackgroundPipelineCreator.java:notifyStatusChanged(253)) - Service BackgroundPipelineCreator transitions to RUNNING.
2022-07-12 20:45:41,374 [EventQueue-OpenPipelineForHealthyPipelineSafeModeRule] INFO  BackgroundPipelineScrubber (BackgroundSCMService.java:notifyStatusChanged(82)) - Service BackgroundPipelineScrubber transitions to RUNNING.
2022-07-12 20:45:41,374 [EventQueue-OpenPipelineForHealthyPipelineSafeModeRule] INFO  ExpiredContainerReplicaOpScrubber (BackgroundSCMService.java:notifyStatusChanged(82)) - Service ExpiredContainerReplicaOpScrubber transitions to RUNNING.
2022-07-12 20:45:41,374 [EventQueue-OpenPipelineForHealthyPipelineSafeModeRule] INFO  replication.ReplicationManager (ReplicationManager.java:notifyStatusChanged(495)) - Service ReplicationManager transitions to RUNNING.
2022-07-12 20:45:41,374 [78c9189f-838b-4558-b0ec-dc02cb69d32a@group-C36B520413A5-SegmentedRaftLogWorker] INFO  segmented.SegmentedRaftLogWorker (SegmentedRaftLogWorker.java:execute(629)) - 78c9189f-838b-4558-b0ec-dc02cb69d32a@group-C36B520413A5-SegmentedRaftLogWorker: created new log segment /home/runner/work/ozone/ozone/hadoop-ozone/integration-test/target/test-dir/MiniOzoneClusterImpl-333fec51-4ba1-426d-9c6c-44177af9cbb2/datanode-0/data/ratis/e4005433-e342-48ba-aa66-c36b520413a5/current/log_inprogress_0
2022-07-12 20:45:41,374 [EventQueue-OpenPipelineForHealthyPipelineSafeModeRule] WARN  balancer.ContainerBalancer (ContainerBalancer.java:shouldRun(894)) - Could not find persisted configuration for ContainerBalancer when checking if ContainerBalancer should run. ContainerBalancer should not run now.
2022-07-12 20:45:41,386 [78c9189f-838b-4558-b0ec-dc02cb69d32a@group-C36B520413A5-LeaderElection43] INFO  server.RaftServer$Division (ServerState.java:setRaftConf(393)) - 78c9189f-838b-4558-b0ec-dc02cb69d32a@group-C36B520413A5: set configuration 0: [78c9189f-838b-4558-b0ec-dc02cb69d32a|rpc:10.1.0.33:36363|dataStream:|priority:1], old=null
2022-07-12 20:45:41,400 [grpc-default-executor-0] INFO  server.RaftServer$Division (RaftServerImpl.java:requestVote(1152)) - 6ffc9041-e27c-43b9-84cd-343e15cef14a@group-58F30C65B0F4: receive requestVote(ELECTION, 78c9189f-838b-4558-b0ec-dc02cb69d32a, group-58F30C65B0F4, 1, (t:0, i:0))
2022-07-12 20:45:41,400 [78c9189f-838b-4558-b0ec-dc02cb69d32a@group-58F30C65B0F4-LeaderElection42] INFO  grpc.GrpcConfigKeys (ConfUtils.java:logGet(46)) - raft.grpc.server.leader.outstanding.appends.max = 128 (default)
2022-07-12 20:45:41,400 [grpc-default-executor-0] INFO  impl.VoteContext (VoteContext.java:log(48)) - 6ffc9041-e27c-43b9-84cd-343e15cef14a@group-58F30C65B0F4-CANDIDATE: reject ELECTION from 78c9189f-838b-4558-b0ec-dc02cb69d32a: already has voted for 6ffc9041-e27c-43b9-84cd-343e15cef14a at current term 1
2022-07-12 20:45:41,400 [grpc-default-executor-0] INFO  server.RaftServer$Division (RaftServerImpl.java:requestVote(1184)) - 6ffc9041-e27c-43b9-84cd-343e15cef14a@group-58F30C65B0F4 replies to ELECTION vote request: 78c9189f-838b-4558-b0ec-dc02cb69d32a<-6ffc9041-e27c-43b9-84cd-343e15cef14a#0:FAIL-t1. Peer's state: 6ffc9041-e27c-43b9-84cd-343e15cef14a@group-58F30C65B0F4:t1, leader=null, voted=6ffc9041-e27c-43b9-84cd-343e15cef14a, raftlog=6ffc9041-e27c-43b9-84cd-343e15cef14a@group-58F30C65B0F4-SegmentedRaftLog:OPENED:c-1, conf=-1: [78c9189f-838b-4558-b0ec-dc02cb69d32a|rpc:10.1.0.33:36363|dataStream:|priority:1, 6d9695d6-757b-418f-8d74-8c74e86c9bf4|rpc:10.1.0.33:41905|dataStream:|priority:0, 6ffc9041-e27c-43b9-84cd-343e15cef14a|rpc:10.1.0.33:45399|dataStream:|priority:0], old=null
2022-07-12 20:45:41,400 [6ffc9041-e27c-43b9-84cd-343e15cef14a@group-58F30C65B0F4-LeaderElection44] INFO  impl.LeaderElection (LeaderElection.java:askForVotes(310)) - 6ffc9041-e27c-43b9-84cd-343e15cef14a@group-58F30C65B0F4-LeaderElection44 ELECTION round 0: submit vote requests at term 1 for -1: [78c9189f-838b-4558-b0ec-dc02cb69d32a|rpc:10.1.0.33:36363|dataStream:|priority:1, 6d9695d6-757b-418f-8d74-8c74e86c9bf4|rpc:10.1.0.33:41905|dataStream:|priority:0, 6ffc9041-e27c-43b9-84cd-343e15cef14a|rpc:10.1.0.33:45399|dataStream:|priority:0], old=null
2022-07-12 20:45:41,400 [78c9189f-838b-4558-b0ec-dc02cb69d32a@group-58F30C65B0F4-LeaderElection42] INFO  server.RaftServerConfigKeys (ConfUtils.java:logGet(46)) - raft.server.rpc.request.timeout = 60s (custom)
2022-07-12 20:45:41,403 [78c9189f-838b-4558-b0ec-dc02cb69d32a@group-58F30C65B0F4-LeaderElection42] INFO  server.RaftServerConfigKeys (ConfUtils.java:logGet(46)) - raft.server.log.appender.install.snapshot.enabled = false (custom)
2022-07-12 20:45:41,403 [78c9189f-838b-4558-b0ec-dc02cb69d32a@group-58F30C65B0F4-LeaderElection42] INFO  server.RaftServerConfigKeys (ConfUtils.java:logGet(46)) - raft.server.log.appender.snapshot.chunk.size.max = 16MB (=16777216) (default)
2022-07-12 20:45:41,403 [78c9189f-838b-4558-b0ec-dc02cb69d32a@group-58F30C65B0F4-LeaderElection42] INFO  server.RaftServerConfigKeys (ConfUtils.java:logGet(46)) - raft.server.log.appender.buffer.byte-limit = 33554432 (custom)
2022-07-12 20:45:41,403 [78c9189f-838b-4558-b0ec-dc02cb69d32a@group-58F30C65B0F4-LeaderElection42] INFO  server.RaftServerConfigKeys (ConfUtils.java:logGet(46)) - raft.server.log.appender.buffer.element-limit = 1 (custom)
2022-07-12 20:45:41,451 [78c9189f-838b-4558-b0ec-dc02cb69d32a@group-58F30C65B0F4-LeaderElection42] INFO  grpc.GrpcConfigKeys (ConfUtils.java:logGet(46)) - raft.grpc.server.leader.outstanding.appends.max = 128 (default)
2022-07-12 20:45:41,451 [78c9189f-838b-4558-b0ec-dc02cb69d32a@group-58F30C65B0F4-LeaderElection42] INFO  server.RaftServerConfigKeys (ConfUtils.java:logGet(46)) - raft.server.rpc.request.timeout = 60s (custom)
2022-07-12 20:45:41,451 [78c9189f-838b-4558-b0ec-dc02cb69d32a@group-58F30C65B0F4-LeaderElection42] INFO  server.RaftServerConfigKeys (ConfUtils.java:logGet(46)) - raft.server.log.appender.install.snapshot.enabled = false (custom)
2022-07-12 20:45:41,451 [78c9189f-838b-4558-b0ec-dc02cb69d32a@group-58F30C65B0F4-LeaderElection42] INFO  impl.RoleInfo (RoleInfo.java:updateAndGet(139)) - 78c9189f-838b-4558-b0ec-dc02cb69d32a: start 78c9189f-838b-4558-b0ec-dc02cb69d32a@group-58F30C65B0F4-LeaderStateImpl
2022-07-12 20:45:41,451 [78c9189f-838b-4558-b0ec-dc02cb69d32a@group-58F30C65B0F4-LeaderElection42] INFO  segmented.SegmentedRaftLogWorker (SegmentedRaftLogWorker.java:startLogSegment(425)) - 78c9189f-838b-4558-b0ec-dc02cb69d32a@group-58F30C65B0F4-SegmentedRaftLogWorker: Starting segment from index:0
2022-07-12 20:45:41,453 [78c9189f-838b-4558-b0ec-dc02cb69d32a@group-58F30C65B0F4-SegmentedRaftLogWorker] INFO  segmented.SegmentedRaftLogWorker (SegmentedRaftLogWorker.java:execute(629)) - 78c9189f-838b-4558-b0ec-dc02cb69d32a@group-58F30C65B0F4-SegmentedRaftLogWorker: created new log segment /home/runner/work/ozone/ozone/hadoop-ozone/integration-test/target/test-dir/MiniOzoneClusterImpl-333fec51-4ba1-426d-9c6c-44177af9cbb2/datanode-0/data/ratis/58cea004-ed6e-4ffa-8fb7-58f30c65b0f4/current/log_inprogress_0
2022-07-12 20:45:41,535 [78c9189f-838b-4558-b0ec-dc02cb69d32a@group-58F30C65B0F4-LeaderElection42] INFO  server.RaftServer$Division (ServerState.java:setRaftConf(393)) - 78c9189f-838b-4558-b0ec-dc02cb69d32a@group-58F30C65B0F4: set configuration 0: [78c9189f-838b-4558-b0ec-dc02cb69d32a|rpc:10.1.0.33:36363|dataStream:|priority:1, 6d9695d6-757b-418f-8d74-8c74e86c9bf4|rpc:10.1.0.33:41905|dataStream:|priority:0, 6ffc9041-e27c-43b9-84cd-343e15cef14a|rpc:10.1.0.33:45399|dataStream:|priority:0], old=null
2022-07-12 20:45:41,537 [Listener at 127.0.0.1/45649] INFO  ozone.MiniOzoneClusterImpl (MiniOzoneClusterImpl.java:lambda$waitForClusterToBeReady$0(223)) - Nodes are ready. Got 3 of 3 DN Heartbeats.
2022-07-12 20:45:41,537 [Listener at 127.0.0.1/45649] INFO  ozone.MiniOzoneClusterImpl (MiniOzoneClusterImpl.java:lambda$waitForClusterToBeReady$0(226)) - Cluster exits safe mode
2022-07-12 20:45:41,537 [Listener at 127.0.0.1/45649] INFO  ozone.MiniOzoneClusterImpl (MiniOzoneClusterImpl.java:lambda$waitForClusterToBeReady$0(228)) - SCM became leader
]]></system-out>
    </rerunFailure>
    <rerunFailure type="java.lang.AssertionError">
      <stackTrace><![CDATA[java.lang.AssertionError
	at org.junit.Assert.fail(Assert.java:87)
	at org.junit.Assert.assertTrue(Assert.java:42)
	at org.junit.Assert.assertTrue(Assert.java:53)
	at org.apache.hadoop.hdds.scm.TestRatisPipelineLeader.testLeaderIdAfterLeaderChange(TestRatisPipelineLeader.java:119)
	at sun.reflect.NativeMethodAccessorImpl.invoke0(Native Method)
	at sun.reflect.NativeMethodAccessorImpl.invoke(NativeMethodAccessorImpl.java:62)
	at sun.reflect.DelegatingMethodAccessorImpl.invoke(DelegatingMethodAccessorImpl.java:43)
	at java.lang.reflect.Method.invoke(Method.java:498)
	at org.junit.platform.commons.util.ReflectionUtils.invokeMethod(ReflectionUtils.java:725)
	at org.junit.jupiter.engine.execution.MethodInvocation.proceed(MethodInvocation.java:60)
	at org.junit.jupiter.engine.execution.InvocationInterceptorChain$ValidatingInvocation.proceed(InvocationInterceptorChain.java:131)
	at org.junit.jupiter.engine.extension.TimeoutInvocation.proceed(TimeoutInvocation.java:46)
	at org.junit.jupiter.engine.extension.TimeoutExtension.intercept(TimeoutExtension.java:149)
	at org.junit.jupiter.engine.extension.TimeoutExtension.interceptTestableMethod(TimeoutExtension.java:140)
	at org.junit.jupiter.engine.extension.TimeoutExtension.interceptTestMethod(TimeoutExtension.java:84)
	at org.junit.jupiter.engine.execution.ExecutableInvoker$ReflectiveInterceptorCall.lambda$ofVoidMethod$0(ExecutableInvoker.java:115)
	at org.junit.jupiter.engine.execution.ExecutableInvoker.lambda$invoke$0(ExecutableInvoker.java:105)
	at org.junit.jupiter.engine.execution.InvocationInterceptorChain$InterceptedInvocation.proceed(InvocationInterceptorChain.java:106)
	at org.junit.jupiter.engine.execution.InvocationInterceptorChain.proceed(InvocationInterceptorChain.java:64)
	at org.junit.jupiter.engine.execution.InvocationInterceptorChain.chainAndInvoke(InvocationInterceptorChain.java:45)
	at org.junit.jupiter.engine.execution.InvocationInterceptorChain.invoke(InvocationInterceptorChain.java:37)
	at org.junit.jupiter.engine.execution.ExecutableInvoker.invoke(ExecutableInvoker.java:104)
	at org.junit.jupiter.engine.execution.ExecutableInvoker.invoke(ExecutableInvoker.java:98)
	at org.junit.jupiter.engine.descriptor.TestMethodTestDescriptor.lambda$invokeTestMethod$7(TestMethodTestDescriptor.java:214)
	at org.junit.platform.engine.support.hierarchical.ThrowableCollector.execute(ThrowableCollector.java:73)
	at org.junit.jupiter.engine.descriptor.TestMethodTestDescriptor.invokeTestMethod(TestMethodTestDescriptor.java:210)
	at org.junit.jupiter.engine.descriptor.TestMethodTestDescriptor.execute(TestMethodTestDescriptor.java:135)
	at org.junit.jupiter.engine.descriptor.TestMethodTestDescriptor.execute(TestMethodTestDescriptor.java:66)
	at org.junit.platform.engine.support.hierarchical.NodeTestTask.lambda$executeRecursively$6(NodeTestTask.java:151)
	at org.junit.platform.engine.support.hierarchical.ThrowableCollector.execute(ThrowableCollector.java:73)
	at org.junit.platform.engine.support.hierarchical.NodeTestTask.lambda$executeRecursively$8(NodeTestTask.java:141)
	at org.junit.platform.engine.support.hierarchical.Node.around(Node.java:137)
	at org.junit.platform.engine.support.hierarchical.NodeTestTask.lambda$executeRecursively$9(NodeTestTask.java:139)
	at org.junit.platform.engine.support.hierarchical.ThrowableCollector.execute(ThrowableCollector.java:73)
	at org.junit.platform.engine.support.hierarchical.NodeTestTask.executeRecursively(NodeTestTask.java:138)
	at org.junit.platform.engine.support.hierarchical.NodeTestTask.execute(NodeTestTask.java:95)
	at java.util.ArrayList.forEach(ArrayList.java:1259)
	at org.junit.platform.engine.support.hierarchical.SameThreadHierarchicalTestExecutorService.invokeAll(SameThreadHierarchicalTestExecutorService.java:41)
	at org.junit.platform.engine.support.hierarchical.NodeTestTask.lambda$executeRecursively$6(NodeTestTask.java:155)
	at org.junit.platform.engine.support.hierarchical.ThrowableCollector.execute(ThrowableCollector.java:73)
	at org.junit.platform.engine.support.hierarchical.NodeTestTask.lambda$executeRecursively$8(NodeTestTask.java:141)
	at org.junit.platform.engine.support.hierarchical.Node.around(Node.java:137)
	at org.junit.platform.engine.support.hierarchical.NodeTestTask.lambda$executeRecursively$9(NodeTestTask.java:139)
	at org.junit.platform.engine.support.hierarchical.ThrowableCollector.execute(ThrowableCollector.java:73)
	at org.junit.platform.engine.support.hierarchical.NodeTestTask.executeRecursively(NodeTestTask.java:138)
	at org.junit.platform.engine.support.hierarchical.NodeTestTask.execute(NodeTestTask.java:95)
	at java.util.ArrayList.forEach(ArrayList.java:1259)
	at org.junit.platform.engine.support.hierarchical.SameThreadHierarchicalTestExecutorService.invokeAll(SameThreadHierarchicalTestExecutorService.java:41)
	at org.junit.platform.engine.support.hierarchical.NodeTestTask.lambda$executeRecursively$6(NodeTestTask.java:155)
	at org.junit.platform.engine.support.hierarchical.ThrowableCollector.execute(ThrowableCollector.java:73)
	at org.junit.platform.engine.support.hierarchical.NodeTestTask.lambda$executeRecursively$8(NodeTestTask.java:141)
	at org.junit.platform.engine.support.hierarchical.Node.around(Node.java:137)
	at org.junit.platform.engine.support.hierarchical.NodeTestTask.lambda$executeRecursively$9(NodeTestTask.java:139)
	at org.junit.platform.engine.support.hierarchical.ThrowableCollector.execute(ThrowableCollector.java:73)
	at org.junit.platform.engine.support.hierarchical.NodeTestTask.executeRecursively(NodeTestTask.java:138)
	at org.junit.platform.engine.support.hierarchical.NodeTestTask.execute(NodeTestTask.java:95)
	at org.junit.platform.engine.support.hierarchical.SameThreadHierarchicalTestExecutorService.submit(SameThreadHierarchicalTestExecutorService.java:35)
	at org.junit.platform.engine.support.hierarchical.HierarchicalTestExecutor.execute(HierarchicalTestExecutor.java:57)
	at org.junit.platform.engine.support.hierarchical.HierarchicalTestEngine.execute(HierarchicalTestEngine.java:54)
	at org.junit.platform.launcher.core.EngineExecutionOrchestrator.execute(EngineExecutionOrchestrator.java:107)
	at org.junit.platform.launcher.core.EngineExecutionOrchestrator.execute(EngineExecutionOrchestrator.java:88)
	at org.junit.platform.launcher.core.EngineExecutionOrchestrator.lambda$execute$0(EngineExecutionOrchestrator.java:54)
	at org.junit.platform.launcher.core.EngineExecutionOrchestrator.withInterceptedStreams(EngineExecutionOrchestrator.java:67)
	at org.junit.platform.launcher.core.EngineExecutionOrchestrator.execute(EngineExecutionOrchestrator.java:52)
	at org.junit.platform.launcher.core.DefaultLauncher.execute(DefaultLauncher.java:114)
	at org.junit.platform.launcher.core.DefaultLauncher.execute(DefaultLauncher.java:86)
	at org.junit.platform.launcher.core.DefaultLauncherSession$DelegatingLauncher.execute(DefaultLauncherSession.java:86)
	at org.junit.platform.launcher.core.SessionPerRequestLauncher.execute(SessionPerRequestLauncher.java:53)
	at org.apache.maven.surefire.junitplatform.JUnitPlatformProvider.invokeAllTests(JUnitPlatformProvider.java:165)
	at org.apache.maven.surefire.junitplatform.JUnitPlatformProvider.invoke(JUnitPlatformProvider.java:124)
	at org.apache.maven.surefire.booter.ForkedBooter.runSuitesInProcess(ForkedBooter.java:428)
	at org.apache.maven.surefire.booter.ForkedBooter.execute(ForkedBooter.java:162)
	at org.apache.maven.surefire.booter.ForkedBooter.run(ForkedBooter.java:562)
	at org.apache.maven.surefire.booter.ForkedBooter.main(ForkedBooter.java:548)
]]></stackTrace>
      <system-out><![CDATA[2022-07-12 20:46:02,909 [Listener at 127.0.0.1/45649] WARN  server.ServerUtils (ServerUtils.java:getScmDbDir(148)) - ozone.scm.db.dirs is not configured. We recommend adding this setting. Falling back to ozone.metadata.dirs instead.
2022-07-12 20:46:02,941 [Listener at 127.0.0.1/45649] WARN  server.ServerUtils (ServerUtils.java:getScmDbDir(148)) - ozone.scm.db.dirs is not configured. We recommend adding this setting. Falling back to ozone.metadata.dirs instead.
2022-07-12 20:46:02,941 [Listener at 127.0.0.1/45649] INFO  ha.SCMHANodeDetails (SCMHANodeDetails.java:loadSCMHAConfig(209)) - ServiceID for StorageContainerManager is null
2022-07-12 20:46:02,941 [Listener at 127.0.0.1/45649] INFO  ha.SCMHANodeDetails (SCMHANodeDetails.java:loadSCMHAConfig(214)) - ozone.scm.default.service.id is not defined, falling back to ozone.scm.service.ids to find serviceID for StorageContainerManager if it is HA enabled cluster
2022-07-12 20:46:02,942 [Listener at 127.0.0.1/45649] WARN  utils.HAUtils (HAUtils.java:getMetaDir(342)) - ozone.scm.db.dirs is not configured. We recommend adding this setting. Falling back to ozone.metadata.dirs instead.
2022-07-12 20:46:02,943 [Listener at 127.0.0.1/45649] WARN  db.DBStoreBuilder (DBStoreBuilder.java:applyDBDefinition(145)) - ozone.scm.db.dirs is not configured. We recommend adding this setting. Falling back to ozone.metadata.dirs instead.
2022-07-12 20:46:03,244 [Listener at 127.0.0.1/45649] INFO  net.NodeSchemaLoader (NodeSchemaLoader.java:loadSchemaFromFile(129)) - Loading schema from [jar:file:/home/runner/.m2/repository/org/apache/ozone/hdds-common/1.3.0-SNAPSHOT/hdds-common-1.3.0-SNAPSHOT.jar!/network-topology-default.xml]
2022-07-12 20:46:03,245 [Listener at 127.0.0.1/45649] INFO  net.NodeSchemaLoader (NodeSchemaLoader.java:loadSchema(176)) - Loading network topology layer schema file
2022-07-12 20:46:03,247 [Listener at 127.0.0.1/45649] INFO  upgrade.AbstractLayoutVersionManager (AbstractLayoutVersionManager.java:init(82)) - Initializing Layout version manager with metadata layout = DATANODE_SCHEMA_V3 (version = 4), software layout = DATANODE_SCHEMA_V3 (version = 4)
2022-07-12 20:46:03,352 [Listener at 127.0.0.1/45649] INFO  reflections.Reflections (Reflections.java:scan(232)) - Reflections took 104 ms to scan 7 urls, producing 132 keys and 317 values 
2022-07-12 20:46:03,369 [Listener at 127.0.0.1/45649] INFO  ha.SequenceIdGenerator (SequenceIdGenerator.java:upgradeToSequenceId(349)) - upgrade localId to 109611004723200000
2022-07-12 20:46:03,369 [Listener at 127.0.0.1/45649] INFO  ha.SequenceIdGenerator (SequenceIdGenerator.java:upgradeToSequenceId(359)) - upgrade delTxnId to 0
2022-07-12 20:46:03,369 [Listener at 127.0.0.1/45649] INFO  ha.SequenceIdGenerator (SequenceIdGenerator.java:upgradeToSequenceId(376)) - upgrade containerId to 0
2022-07-12 20:46:03,369 [Listener at 127.0.0.1/45649] INFO  ha.SequenceIdGenerator (SequenceIdGenerator.java:<init>(220)) - Init the HA SequenceIdGenerator.
2022-07-12 20:46:03,370 [Listener at 127.0.0.1/45649] WARN  server.ServerUtils (ServerUtils.java:sanitizeUserArgs(73)) - ozone.scm.stale.node.interval value = 300000 is larger than max = 100000 based on the key value of ozone.scm.heartbeat.thread.interval, reset to the max value 100000.
2022-07-12 20:46:03,370 [Listener at 127.0.0.1/45649] WARN  server.ServerUtils (ServerUtils.java:sanitizeUserArgs(73)) - ozone.scm.stale.node.interval value = 300000 is larger than max = 100000 based on the key value of ozone.scm.heartbeat.thread.interval, reset to the max value 100000.
2022-07-12 20:46:03,398 [Listener at 127.0.0.1/45649] INFO  node.SCMNodeManager (SCMNodeManager.java:<init>(149)) - Entering startup safe mode.
2022-07-12 20:46:03,399 [Listener at 127.0.0.1/45649] INFO  algorithms.ContainerPlacementPolicyFactory (ContainerPlacementPolicyFactory.java:getPolicyInternal(86)) - Create container placement policy of type org.apache.hadoop.hdds.scm.container.placement.algorithms.SCMContainerPlacementRandom
2022-07-12 20:46:03,399 [Listener at 127.0.0.1/45649] INFO  pipeline.PipelineStateManagerImpl (PipelineStateManagerImpl.java:initialize(78)) - No pipeline exists in current db
2022-07-12 20:46:03,400 [Listener at 127.0.0.1/45649] INFO  algorithms.LeaderChoosePolicyFactory (LeaderChoosePolicyFactory.java:getPolicy(57)) - Create leader choose policy of type org.apache.hadoop.hdds.scm.pipeline.leader.choose.algorithms.MinLeaderCountChoosePolicy
2022-07-12 20:46:03,400 [Listener at 127.0.0.1/45649] INFO  algorithms.ContainerPlacementPolicyFactory (ContainerPlacementPolicyFactory.java:getPolicyInternal(86)) - Create container placement policy of type org.apache.hadoop.hdds.scm.container.placement.algorithms.SCMContainerPlacementRackScatter
2022-07-12 20:46:03,400 [Listener at 127.0.0.1/45649] INFO  pipeline.BackgroundPipelineCreator (BackgroundPipelineCreator.java:start(127)) - Starting RatisPipelineUtilsThread.
2022-07-12 20:46:03,407 [Listener at 127.0.0.1/45649] INFO  BackgroundPipelineScrubber (BackgroundSCMService.java:start(68)) - Starting BackgroundPipelineScrubber Service.
2022-07-12 20:46:03,411 [Listener at 127.0.0.1/45649] INFO  ha.SCMServiceManager (SCMServiceManager.java:register(42)) - Registering service BackgroundPipelineCreator.
2022-07-12 20:46:03,411 [Listener at 127.0.0.1/45649] INFO  ha.SCMServiceManager (SCMServiceManager.java:register(42)) - Registering service BackgroundPipelineScrubber.
2022-07-12 20:46:03,411 [Listener at 127.0.0.1/45649] INFO  ExpiredContainerReplicaOpScrubber (BackgroundSCMService.java:start(68)) - Starting ExpiredContainerReplicaOpScrubber Service.
2022-07-12 20:46:03,412 [Listener at 127.0.0.1/45649] INFO  ha.SCMServiceManager (SCMServiceManager.java:register(42)) - Registering service ExpiredContainerReplicaOpScrubber.
2022-07-12 20:46:03,412 [Listener at 127.0.0.1/45649] INFO  algorithms.PipelineChoosePolicyFactory (PipelineChoosePolicyFactory.java:createPipelineChoosePolicyFromClass(73)) - Create pipeline choose policy of type org.apache.hadoop.hdds.scm.pipeline.choose.algorithms.RandomPipelineChoosePolicy
2022-07-12 20:46:03,413 [Listener at 127.0.0.1/45649] INFO  ha.SCMServiceManager (SCMServiceManager.java:register(42)) - Registering service SCMBlockDeletingService.
2022-07-12 20:46:03,413 [Listener at 127.0.0.1/45649] INFO  replication.ReplicationManager (ReplicationManager.java:start(186)) - Starting Replication Monitor Thread.
2022-07-12 20:46:03,413 [Listener at 127.0.0.1/45649] INFO  ha.SCMServiceManager (SCMServiceManager.java:register(42)) - Registering service ReplicationManager.
2022-07-12 20:46:03,414 [Listener at 127.0.0.1/45649] INFO  safemode.ContainerSafeModeRule (ContainerSafeModeRule.java:<init>(89)) - containers with one replica threshold count 0
2022-07-12 20:46:03,414 [Listener at 127.0.0.1/45649] INFO  safemode.HealthyPipelineSafeModeRule (HealthyPipelineSafeModeRule.java:initializeRule(156)) - Total pipeline count is 0, healthy pipeline threshold count is 1
2022-07-12 20:46:03,414 [Listener at 127.0.0.1/45649] INFO  safemode.OneReplicaPipelineSafeModeRule (OneReplicaPipelineSafeModeRule.java:initializeRule(180)) - Total pipeline count is 0, pipeline's with at least one datanode reported threshold count is 0
2022-07-12 20:46:03,415 [Listener at 127.0.0.1/45649] INFO  ipc.CallQueueManager (CallQueueManager.java:<init>(90)) - Using callQueue: class java.util.concurrent.LinkedBlockingQueue, queueCapacity: 2000, scheduler: class org.apache.hadoop.ipc.DefaultRpcScheduler, ipcBackoff: false.
2022-07-12 20:46:03,415 [Socket Reader #1 for port 0] INFO  ipc.Server (Server.java:run(1265)) - Starting Socket Reader #1 for port 0
2022-07-12 20:46:03,416 [Listener at 0.0.0.0/43201] INFO  ipc.CallQueueManager (CallQueueManager.java:<init>(90)) - Using callQueue: class java.util.concurrent.LinkedBlockingQueue, queueCapacity: 2000, scheduler: class org.apache.hadoop.ipc.DefaultRpcScheduler, ipcBackoff: false.
2022-07-12 20:46:03,417 [Socket Reader #1 for port 0] INFO  ipc.Server (Server.java:run(1265)) - Starting Socket Reader #1 for port 0
2022-07-12 20:46:03,417 [Listener at 0.0.0.0/40989] INFO  ipc.CallQueueManager (CallQueueManager.java:<init>(90)) - Using callQueue: class java.util.concurrent.LinkedBlockingQueue, queueCapacity: 2000, scheduler: class org.apache.hadoop.ipc.DefaultRpcScheduler, ipcBackoff: false.
2022-07-12 20:46:03,439 [Socket Reader #1 for port 0] INFO  ipc.Server (Server.java:run(1265)) - Starting Socket Reader #1 for port 0
2022-07-12 20:46:03,479 [ReplicationMonitor] INFO  replication.ReplicationManager (ReplicationManager.java:processAll(235)) - Replication Manager is not ready to run until 3000ms after safemode exit
2022-07-12 20:46:03,567 [Listener at 0.0.0.0/38161] INFO  ha.SCMServiceManager (SCMServiceManager.java:register(42)) - Registering service ContainerBalancer.
2022-07-12 20:46:03,568 [Listener at 0.0.0.0/38161] INFO  server.StorageContainerManager (StorageContainerManager.java:<init>(401)) - 
Container Balancer status:
Key                            Value
Running                        false
Container Balancer Configuration values:
Key                                                Value
Threshold                                          10
Max Datanodes to Involve per Iteration(percent)    20
Max Size to Move per Iteration                     500GB
Max Size Entering Target per Iteration             26GB
Max Size Leaving Source per Iteration              26GB

2022-07-12 20:46:03,568 [Listener at 0.0.0.0/38161] WARN  events.EventQueue (EventQueue.java:fireEvent(216)) - No event handler registered for event TypedEvent{payloadType=SafeModeStatus, name='Safe mode status'}
2022-07-12 20:46:03,568 [Listener at 0.0.0.0/38161] INFO  ha.SCMContext (SCMContext.java:updateSafeModeStatus(228)) - Update SafeModeStatus from SafeModeStatus{safeModeStatus=true, preCheckPassed=false} to SafeModeStatus{safeModeStatus=true, preCheckPassed=false}.
2022-07-12 20:46:03,568 [Listener at 0.0.0.0/38161] INFO  server.StorageContainerManager (StorageContainerManager.java:start(1422)) - StorageContainerLocationProtocol RPC server is listening at /0.0.0.0:38161
2022-07-12 20:46:03,570 [Listener at 0.0.0.0/38161] WARN  impl.MetricsConfig (MetricsConfig.java:loadFirst(136)) - Cannot locate configuration: tried hadoop-metrics2-storagecontainermanager.properties,hadoop-metrics2.properties
2022-07-12 20:46:03,580 [Listener at 0.0.0.0/38161] INFO  impl.MetricsSystemImpl (MetricsSystemImpl.java:startTimer(378)) - Scheduled Metric snapshot period at 10 second(s).
2022-07-12 20:46:03,581 [Listener at 0.0.0.0/38161] INFO  impl.MetricsSystemImpl (MetricsSystemImpl.java:start(191)) - StorageContainerManager metrics system started
2022-07-12 20:46:03,623 [Listener at 0.0.0.0/38161] INFO  impl.MetricsSinkAdapter (MetricsSinkAdapter.java:start(204)) - Sink prometheus started
2022-07-12 20:46:03,623 [Listener at 0.0.0.0/38161] INFO  impl.MetricsSystemImpl (MetricsSystemImpl.java:registerSink(305)) - Registered sink prometheus
2022-07-12 20:46:03,687 [Listener at 0.0.0.0/38161] INFO  server.SCMClientProtocolServer (SCMClientProtocolServer.java:start(170)) - RPC server for Client  is listening at /0.0.0.0:38161
2022-07-12 20:46:03,723 [IPC Server Responder] INFO  ipc.Server (Server.java:run(1507)) - IPC Server Responder: starting
2022-07-12 20:46:03,724 [IPC Server listener on 0] INFO  ipc.Server (Server.java:run(1344)) - IPC Server listener on 0: starting
2022-07-12 20:46:03,805 [Listener at 0.0.0.0/38161] INFO  server.StorageContainerManager (StorageContainerManager.java:start(1437)) - ScmBlockLocationProtocol RPC server is listening at /0.0.0.0:40989
2022-07-12 20:46:03,805 [Listener at 0.0.0.0/38161] INFO  server.SCMBlockProtocolServer (SCMBlockProtocolServer.java:start(152)) - RPC server for Block Protocol is listening at /0.0.0.0:40989
2022-07-12 20:46:03,843 [IPC Server Responder] INFO  ipc.Server (Server.java:run(1507)) - IPC Server Responder: starting
2022-07-12 20:46:03,853 [IPC Server listener on 0] INFO  ipc.Server (Server.java:run(1344)) - IPC Server listener on 0: starting
2022-07-12 20:46:03,866 [Listener at 0.0.0.0/38161] INFO  server.SCMDatanodeProtocolServer (SCMDatanodeProtocolServer.java:start(186)) - ScmDatanodeProtocol RPC server for DataNodes is listening at /0.0.0.0:43201
2022-07-12 20:46:03,867 [IPC Server Responder] INFO  ipc.Server (Server.java:run(1507)) - IPC Server Responder: starting
2022-07-12 20:46:03,867 [IPC Server listener on 0] INFO  ipc.Server (Server.java:run(1344)) - IPC Server listener on 0: starting
2022-07-12 20:46:03,891 [org.apache.hadoop.util.JvmPauseMonitor$Monitor@51ed4c3f] INFO  util.JvmPauseMonitor (JvmPauseMonitor.java:run(188)) - Starting JVM pause monitor
2022-07-12 20:46:03,891 [Listener at 0.0.0.0/38161] INFO  http.BaseHttpServer (BaseHttpServer.java:newHttpServer2BuilderForOzone(209)) - Starting Web-server for scm at: http://0.0.0.0:0
2022-07-12 20:46:03,891 [Listener at 0.0.0.0/38161] INFO  http.BaseHttpServer (BaseHttpServer.java:<init>(107)) - Hadoop Security Enabled: false Ozone Security Enabled: false Ozone HTTP Security Enabled: false 
2022-07-12 20:46:03,943 [Listener at 0.0.0.0/38161] INFO  server.AuthenticationFilter (AuthenticationFilter.java:constructSecretProvider(240)) - Unable to initialize FileSignerSecretProvider, falling back to use random secrets.
2022-07-12 20:46:03,945 [Listener at 0.0.0.0/38161] WARN  http.HttpRequestLog (HttpRequestLog.java:getRequestLog(103)) - Jetty request log can only be enabled using Log4j
2022-07-12 20:46:03,947 [Listener at 0.0.0.0/38161] INFO  http.HttpServer2 (HttpServer2.java:addGlobalFilter(1029)) - Added global filter 'safety' (class=org.apache.hadoop.hdds.server.http.HttpServer2$QuotingInputFilter)
2022-07-12 20:46:03,948 [Listener at 0.0.0.0/38161] INFO  http.HttpServer2 (HttpServer2.java:addFilter(1005)) - Added filter static_user_filter (class=org.apache.hadoop.http.lib.StaticUserWebFilter$StaticUserFilter) to context scm
2022-07-12 20:46:03,948 [Listener at 0.0.0.0/38161] INFO  http.HttpServer2 (HttpServer2.java:addFilter(1013)) - Added filter static_user_filter (class=org.apache.hadoop.http.lib.StaticUserWebFilter$StaticUserFilter) to context logs
2022-07-12 20:46:03,948 [Listener at 0.0.0.0/38161] INFO  http.HttpServer2 (HttpServer2.java:addFilter(1013)) - Added filter static_user_filter (class=org.apache.hadoop.http.lib.StaticUserWebFilter$StaticUserFilter) to context static
2022-07-12 20:46:03,949 [Listener at 0.0.0.0/38161] INFO  http.HttpServer2 (HttpServer2.java:bindListener(1248)) - Jetty bound to port 37017
2022-07-12 20:46:03,949 [Listener at 0.0.0.0/38161] INFO  server.Server (Server.java:doStart(375)) - jetty-9.4.43.v20210629; built: 2021-06-30T11:07:22.254Z; git: 526006ecfa3af7f1a27ef3a288e2bef7ea9dd7e8; jvm 1.8.0_332-b09
2022-07-12 20:46:03,952 [Listener at 0.0.0.0/38161] INFO  server.session (DefaultSessionIdManager.java:doStart(334)) - DefaultSessionIdManager workerName=node0
2022-07-12 20:46:03,952 [Listener at 0.0.0.0/38161] INFO  server.session (DefaultSessionIdManager.java:doStart(339)) - No SessionScavenger set, using defaults
2022-07-12 20:46:03,956 [Listener at 0.0.0.0/38161] INFO  server.session (HouseKeeper.java:startScavenging(132)) - node0 Scavenging every 660000ms
2022-07-12 20:46:03,980 [Listener at 0.0.0.0/38161] INFO  handler.ContextHandler (ContextHandler.java:doStart(915)) - Started o.e.j.s.ServletContextHandler@30a8db01{logs,/logs,file:///home/runner/work/ozone/ozone/hadoop-ozone/integration-test/target/log,AVAILABLE}
2022-07-12 20:46:03,980 [Listener at 0.0.0.0/38161] INFO  handler.ContextHandler (ContextHandler.java:doStart(915)) - Started o.e.j.s.ServletContextHandler@26a814e6{static,/static,file:///home/runner/work/ozone/ozone/hadoop-ozone/integration-test/target/test-classes/webapps/static,AVAILABLE}
2022-07-12 20:46:03,987 [Listener at 0.0.0.0/38161] INFO  handler.ContextHandler (ContextHandler.java:doStart(915)) - Started o.e.j.w.WebAppContext@4e1af109{scm,/,file:///home/runner/work/ozone/ozone/hadoop-ozone/integration-test/target/test-classes/webapps/scm/,AVAILABLE}{file:/home/runner/work/ozone/ozone/hadoop-ozone/integration-test/target/test-classes/webapps/scm}
2022-07-12 20:46:03,992 [Listener at 0.0.0.0/38161] INFO  server.AbstractConnector (AbstractConnector.java:doStart(331)) - Started ServerConnector@7e4d743c{HTTP/1.1, (http/1.1)}{0.0.0.0:37017}
2022-07-12 20:46:03,993 [Listener at 0.0.0.0/38161] INFO  server.Server (Server.java:doStart(415)) - Started @162367ms
2022-07-12 20:46:03,993 [Listener at 0.0.0.0/38161] WARN  impl.MetricsSystemImpl (MetricsSystemImpl.java:register(279)) - Sink prometheus already exists!
2022-07-12 20:46:04,002 [Listener at 0.0.0.0/38161] INFO  http.BaseHttpServer (BaseHttpServer.java:updateConnectorAddress(329)) - HTTP server of scm listening at http://0.0.0.0:37017
2022-07-12 20:46:04,002 [Listener at 0.0.0.0/38161] WARN  server.ServerUtils (ServerUtils.java:getDBPath(225)) - ozone.om.db.dirs is not configured. We recommend adding this setting. Falling back to ozone.metadata.dirs instead.
2022-07-12 20:46:04,007 [Listener at 0.0.0.0/38161] INFO  ha.OMHANodeDetails (OMHANodeDetails.java:loadOMHAConfig(115)) - ozone.om.internal.service.id is not defined, falling back to ozone.om.service.ids to find serviceID for OzoneManager if it is HA enabled cluster
2022-07-12 20:46:04,007 [Listener at 0.0.0.0/38161] INFO  ha.OMHANodeDetails (OMHANodeDetails.java:loadOMHAConfig(226)) - Configuration does not have ozone.om.address set. Falling back to the default OM address /127.0.0.1:0
2022-07-12 20:46:04,007 [Listener at 0.0.0.0/38161] INFO  ha.OMHANodeDetails (OMHANodeDetails.java:getOMNodeDetailsForNonHA(254)) - OM Service ID is not set. Setting it to the default ID: omServiceIdDefault
2022-07-12 20:46:04,007 [Listener at 0.0.0.0/38161] INFO  ha.OMHANodeDetails (OMHANodeDetails.java:getOMNodeDetailsForNonHA(261)) - OM Node ID is not set. Setting it to the default ID: om1
2022-07-12 20:46:04,007 [Listener at 0.0.0.0/38161] WARN  server.ServerUtils (ServerUtils.java:getDBPath(225)) - ozone.om.db.dirs is not configured. We recommend adding this setting. Falling back to ozone.metadata.dirs instead.
2022-07-12 20:46:04,015 [Listener at 0.0.0.0/38161] INFO  upgrade.AbstractLayoutVersionManager (AbstractLayoutVersionManager.java:init(82)) - Initializing Layout version manager with metadata layout = MULTITENANCY_SCHEMA (version = 3), software layout = MULTITENANCY_SCHEMA (version = 3)
2022-07-12 20:46:04,400 [Listener at 0.0.0.0/38161] INFO  reflections.Reflections (Reflections.java:scan(232)) - Reflections took 384 ms to scan 2 urls, producing 153 keys and 430 values [using 2 cores]
2022-07-12 20:46:04,400 [Listener at 0.0.0.0/38161] INFO  upgrade.OMLayoutVersionManager (OMLayoutVersionManager.java:lambda$0(115)) - Skipping Upgrade Action MockOmUpgradeAction since it has been finalized.
2022-07-12 20:46:04,400 [Listener at 0.0.0.0/38161] WARN  server.ServerUtils (ServerUtils.java:getDBPath(225)) - ozone.om.db.dirs is not configured. We recommend adding this setting. Falling back to ozone.metadata.dirs instead.
2022-07-12 20:46:04,401 [Listener at 0.0.0.0/38161] INFO  proxy.SCMBlockLocationFailoverProxyProvider (SCMBlockLocationFailoverProxyProvider.java:<init>(114)) - Created block location fail-over proxy with 1 nodes: [nodeId=scmNodeId,nodeAddress=/0.0.0.0:40989]
2022-07-12 20:46:04,402 [Listener at 0.0.0.0/38161] INFO  proxy.SCMBlockLocationFailoverProxyProvider (SCMBlockLocationFailoverProxyProvider.java:<init>(114)) - Created block location fail-over proxy with 1 nodes: [nodeId=scmNodeId,nodeAddress=/0.0.0.0:40989]
2022-07-12 20:46:04,439 [Listener at 0.0.0.0/38161] WARN  server.ServerUtils (ServerUtils.java:getDBPath(225)) - ozone.om.db.dirs is not configured. We recommend adding this setting. Falling back to ozone.metadata.dirs instead.
2022-07-12 20:46:04,440 [Listener at 0.0.0.0/38161] INFO  codec.OmKeyInfoCodec (OmKeyInfoCodec.java:<init>(49)) - OmKeyInfoCodec ignorePipeline = true
2022-07-12 20:46:04,440 [Listener at 0.0.0.0/38161] INFO  codec.RepeatedOmKeyInfoCodec (RepeatedOmKeyInfoCodec.java:<init>(41)) - RepeatedOmKeyInfoCodec ignorePipeline = true
2022-07-12 20:46:05,199 [Listener at 0.0.0.0/38161] INFO  om.OzoneManager (OzoneManager.java:instantiateServices(692)) - S3 Multi-Tenancy is disabled
2022-07-12 20:46:05,201 [Listener at 0.0.0.0/38161] INFO  om.OzoneManager (OzoneManager.java:addS3GVolumeToDB(4259)) - Created Volume s3v With Owner runner required for S3Gateway operations.
2022-07-12 20:46:05,201 [Listener at 0.0.0.0/38161] WARN  server.ServerUtils (ServerUtils.java:getDefaultRatisDirectory(237)) - Storage directory for Ratis is not configured. It is a good idea to map this to an SSD disk. Falling back to ozone.metadata.dirs
2022-07-12 20:46:05,201 [Listener at 0.0.0.0/38161] WARN  utils.OzoneManagerRatisUtils (OzoneManagerRatisUtils.java:getOMRatisSnapshotDirectory(431)) - ozone.om.ratis.snapshot.dir is not configured. Falling back to ozone.metadata.dirs config
2022-07-12 20:46:05,201 [Listener at 0.0.0.0/38161] WARN  server.ServerUtils (ServerUtils.java:getDefaultRatisDirectory(237)) - Storage directory for Ratis is not configured. It is a good idea to map this to an SSD disk. Falling back to ozone.metadata.dirs
2022-07-12 20:46:05,202 [Listener at 0.0.0.0/38161] INFO  ratis.OzoneManagerRatisServer (OzoneManagerRatisServer.java:<init>(159)) - Instantiating OM Ratis server with groupID: omServiceIdDefault and peers: localhost:9872
2022-07-12 20:46:05,202 [Listener at 0.0.0.0/38161] INFO  ratis.OzoneManagerStateMachine (OzoneManagerStateMachine.java:loadSnapshotInfoFromDB(632)) - LastAppliedIndex is set from TransactionInfo from OM DB as (t:0, i:~)
2022-07-12 20:46:05,227 [Listener at 0.0.0.0/38161] INFO  server.RaftServer (ConfUtils.java:logGet(46)) - raft.rpc.type = GRPC (default)
2022-07-12 20:46:05,227 [Listener at 0.0.0.0/38161] INFO  grpc.GrpcFactory (GrpcFactory.java:checkPooledByteBufAllocatorUseCacheForAllThreads(48)) - PERFORMANCE WARNING: useCacheForAllThreads is true that may cause Netty to create a lot garbage objects and, as a result, trigger GC.
	It is recommended to disable useCacheForAllThreads by setting -Dorg.apache.ratis.thirdparty.io.netty.allocator.useCacheForAllThreads=false in command line.
2022-07-12 20:46:05,227 [Listener at 0.0.0.0/38161] INFO  grpc.GrpcConfigKeys (ConfUtils.java:logGet(46)) - raft.grpc.admin.port = -1 (default)
2022-07-12 20:46:05,227 [Listener at 0.0.0.0/38161] INFO  grpc.GrpcConfigKeys (ConfUtils.java:logGet(46)) - raft.grpc.server.port = 9872 (custom)
2022-07-12 20:46:05,227 [Listener at 0.0.0.0/38161] INFO  grpc.GrpcConfigKeys (ConfUtils.java:logGet(46)) - raft.grpc.client.port = -1 (default)
2022-07-12 20:46:05,227 [Listener at 0.0.0.0/38161] INFO  grpc.GrpcConfigKeys (ConfUtils.java:logGet(46)) - raft.grpc.server.port = 9872 (custom)
2022-07-12 20:46:05,227 [Listener at 0.0.0.0/38161] INFO  grpc.GrpcConfigKeys (ConfUtils.java:logGet(46)) - raft.grpc.server.port = 9872 (custom)
2022-07-12 20:46:05,228 [Listener at 0.0.0.0/38161] INFO  server.GrpcService (ConfUtils.java:logGet(46)) - raft.grpc.message.size.max = 33554432 (custom)
2022-07-12 20:46:05,228 [Listener at 0.0.0.0/38161] INFO  server.RaftServerConfigKeys (ConfUtils.java:logGet(46)) - raft.server.log.appender.buffer.byte-limit = 33554432 (custom)
2022-07-12 20:46:05,228 [Listener at 0.0.0.0/38161] INFO  server.GrpcService (ConfUtils.java:logGet(46)) - raft.grpc.flow.control.window = 1MB (=1048576) (default)
2022-07-12 20:46:05,228 [Listener at 0.0.0.0/38161] INFO  server.RaftServerConfigKeys (ConfUtils.java:logGet(46)) - raft.server.rpc.request.timeout = 3000ms (default)
2022-07-12 20:46:05,228 [Listener at 0.0.0.0/38161] INFO  grpc.GrpcConfigKeys (ConfUtils.java:logGet(46)) - raft.grpc.server.async.request.thread.pool.cached = true (default)
2022-07-12 20:46:05,228 [Listener at 0.0.0.0/38161] INFO  grpc.GrpcConfigKeys (ConfUtils.java:logGet(46)) - raft.grpc.server.async.request.thread.pool.size = 32 (default)
2022-07-12 20:46:05,229 [Listener at 0.0.0.0/38161] INFO  impl.DataStreamServerImpl (ConfUtils.java:logGet(46)) - raft.datastream.type = DISABLED (default)
2022-07-12 20:46:05,230 [Listener at 0.0.0.0/38161] INFO  server.RaftServerConfigKeys (ConfUtils.java:logGet(46)) - raft.server.threadpool.proxy.cached = true (default)
2022-07-12 20:46:05,230 [Listener at 0.0.0.0/38161] INFO  server.RaftServerConfigKeys (ConfUtils.java:logGet(46)) - raft.server.threadpool.proxy.size = 0 (default)
2022-07-12 20:46:05,230 [Listener at 0.0.0.0/38161] INFO  server.RaftServerConfigKeys (ConfUtils.java:logGet(46)) - raft.server.rpc.slowness.timeout = 120s (custom)
2022-07-12 20:46:05,230 [Listener at 0.0.0.0/38161] INFO  server.RaftServerConfigKeys (ConfUtils.java:logGet(46)) - raft.server.leaderelection.leader.step-down.wait-time = 10s (default)
2022-07-12 20:46:05,230 [Listener at 0.0.0.0/38161] INFO  server.RaftServerConfigKeys (ConfUtils.java:logGet(46)) - raft.server.storage.dir = [/home/runner/work/ozone/ozone/hadoop-ozone/integration-test/target/test-dir/MiniOzoneClusterImpl-b9e7eea4-f922-42a3-9b78-fa3f1bcfe6c2/ozone-meta/ratis] (custom)
2022-07-12 20:46:05,233 [Listener at 0.0.0.0/38161] INFO  server.RaftServer (RaftServerProxy.java:addNew(96)) - om1: addNew group-C5BA1605619E:[om1|rpc:localhost:9872|priority:0] returns group-C5BA1605619E:java.util.concurrent.CompletableFuture@7a3c0dc6[Not completed]
2022-07-12 20:46:05,234 [Listener at 0.0.0.0/38161] INFO  om.OzoneManager (OzoneManager.java:initializeRatisServer(1961)) - OzoneManager Ratis server initialized at port 9872
2022-07-12 20:46:05,234 [Listener at 0.0.0.0/38161] INFO  om.OzoneManager (OzoneManager.java:getRpcServer(1081)) - Creating RPC Server
2022-07-12 20:46:05,266 [pool-641-thread-1] INFO  server.RaftServer$Division (RaftServerImpl.java:<init>(190)) - om1: new RaftServerImpl for group-C5BA1605619E:[om1|rpc:localhost:9872|priority:0] with OzoneManagerStateMachine:uninitialized
2022-07-12 20:46:05,266 [pool-641-thread-1] INFO  server.RaftServerConfigKeys (ConfUtils.java:logGet(46)) - raft.server.rpc.timeout.min = 1s (custom)
2022-07-12 20:46:05,266 [pool-641-thread-1] INFO  server.RaftServerConfigKeys (ConfUtils.java:logGet(46)) - raft.server.rpc.timeout.max = 1200ms (custom)
2022-07-12 20:46:05,266 [pool-641-thread-1] INFO  server.RaftServerConfigKeys (ConfUtils.java:logGet(46)) - raft.server.rpc.sleep.time = 25ms (default)
2022-07-12 20:46:05,266 [pool-641-thread-1] INFO  server.RaftServerConfigKeys (ConfUtils.java:logGet(46)) - raft.server.rpc.slowness.timeout = 120s (custom)
2022-07-12 20:46:05,266 [pool-641-thread-1] INFO  server.RaftServerConfigKeys (ConfUtils.java:logGet(46)) - raft.server.leaderelection.leader.step-down.wait-time = 10s (default)
2022-07-12 20:46:05,266 [pool-641-thread-1] INFO  server.RaftServerConfigKeys (ConfUtils.java:logGet(46)) - raft.server.sleep.deviation.threshold = 300ms (default)
2022-07-12 20:46:05,266 [pool-641-thread-1] INFO  server.RaftServer$Division (ServerState.java:<init>(107)) - om1@group-C5BA1605619E: ConfigurationManager, init=-1: [om1|rpc:localhost:9872|priority:0], old=null, confs=<EMPTY_MAP>
2022-07-12 20:46:05,266 [pool-641-thread-1] INFO  server.RaftServerConfigKeys (ConfUtils.java:logGet(46)) - raft.server.storage.dir = [/home/runner/work/ozone/ozone/hadoop-ozone/integration-test/target/test-dir/MiniOzoneClusterImpl-b9e7eea4-f922-42a3-9b78-fa3f1bcfe6c2/ozone-meta/ratis] (custom)
2022-07-12 20:46:05,266 [pool-641-thread-1] INFO  server.RaftServerConfigKeys (ConfUtils.java:logGet(46)) - raft.server.log.corruption.policy = EXCEPTION (default)
2022-07-12 20:46:05,275 [pool-641-thread-1] INFO  server.RaftServerConfigKeys (ConfUtils.java:logGet(46)) - raft.server.storage.free-space.min = 0MB (=0) (default)
2022-07-12 20:46:05,275 [pool-641-thread-1] INFO  storage.RaftStorageDirectory (RaftStorageDirectoryImpl.java:analyzeStorage(135)) - The storage directory /home/runner/work/ozone/ozone/hadoop-ozone/integration-test/target/test-dir/MiniOzoneClusterImpl-b9e7eea4-f922-42a3-9b78-fa3f1bcfe6c2/ozone-meta/ratis/bf265839-605b-3f16-9796-c5ba1605619e does not exist. Creating ...
2022-07-12 20:46:05,290 [pool-641-thread-1] INFO  storage.RaftStorageDirectory (RaftStorageDirectoryImpl.java:tryLock(230)) - Lock on /home/runner/work/ozone/ozone/hadoop-ozone/integration-test/target/test-dir/MiniOzoneClusterImpl-b9e7eea4-f922-42a3-9b78-fa3f1bcfe6c2/ozone-meta/ratis/bf265839-605b-3f16-9796-c5ba1605619e/in_use.lock acquired by nodename 3147@fv-az29-983
2022-07-12 20:46:05,298 [pool-641-thread-1] INFO  storage.RaftStorage (RaftStorageImpl.java:format(89)) - Storage directory /home/runner/work/ozone/ozone/hadoop-ozone/integration-test/target/test-dir/MiniOzoneClusterImpl-b9e7eea4-f922-42a3-9b78-fa3f1bcfe6c2/ozone-meta/ratis/bf265839-605b-3f16-9796-c5ba1605619e has been successfully formatted.
2022-07-12 20:46:05,298 [pool-641-thread-1] INFO  server.RaftServerConfigKeys (ConfUtils.java:logGet(46)) - raft.server.notification.no-leader.timeout = 120s (custom)
2022-07-12 20:46:05,298 [pool-641-thread-1] INFO  server.RaftServerConfigKeys (ConfUtils.java:logGet(46)) - raft.server.log.use.memory = false (default)
2022-07-12 20:46:05,298 [pool-641-thread-1] INFO  server.RaftServerConfigKeys (ConfUtils.java:logGet(46)) - raft.server.log.purge.gap = 1000000 (custom)
2022-07-12 20:46:05,298 [pool-641-thread-1] INFO  server.RaftServerConfigKeys (ConfUtils.java:logGet(46)) - raft.server.log.appender.buffer.byte-limit = 33554432 (custom)
2022-07-12 20:46:05,298 [pool-641-thread-1] INFO  server.RaftServerConfigKeys (ConfUtils.java:logGet(46)) - raft.server.log.statemachine.data.read.timeout = 1000ms (default)
2022-07-12 20:46:05,298 [pool-641-thread-1] INFO  server.RaftServerConfigKeys (ConfUtils.java:logGet(46)) - raft.server.log.segment.size.max = 4194304 (custom)
2022-07-12 20:46:05,299 [pool-641-thread-1] INFO  server.RaftServerConfigKeys (ConfUtils.java:logGet(46)) - raft.server.log.segment.cache.num.max = 2 (custom)
2022-07-12 20:46:05,299 [pool-641-thread-1] INFO  server.RaftServerConfigKeys (ConfUtils.java:logGet(46)) - raft.server.log.segment.cache.size.max = 200MB (=209715200) (default)
2022-07-12 20:46:05,299 [pool-641-thread-1] INFO  segmented.SegmentedRaftLogWorker (SegmentedRaftLogWorker.java:<init>(187)) - new om1@group-C5BA1605619E-SegmentedRaftLogWorker for RaftStorageImpl:Storage Directory /home/runner/work/ozone/ozone/hadoop-ozone/integration-test/target/test-dir/MiniOzoneClusterImpl-b9e7eea4-f922-42a3-9b78-fa3f1bcfe6c2/ozone-meta/ratis/bf265839-605b-3f16-9796-c5ba1605619e
2022-07-12 20:46:05,299 [pool-641-thread-1] INFO  server.RaftServerConfigKeys (ConfUtils.java:logGet(46)) - raft.server.log.queue.byte-limit = 64MB (=67108864) (default)
2022-07-12 20:46:05,299 [pool-641-thread-1] INFO  server.RaftServerConfigKeys (ConfUtils.java:logGet(46)) - raft.server.log.queue.element-limit = 4096 (default)
2022-07-12 20:46:05,299 [pool-641-thread-1] INFO  server.RaftServerConfigKeys (ConfUtils.java:logGet(46)) - raft.server.log.segment.size.max = 4194304 (custom)
2022-07-12 20:46:05,299 [pool-641-thread-1] INFO  server.RaftServerConfigKeys (ConfUtils.java:logGet(46)) - raft.server.log.preallocated.size = 4194304 (custom)
2022-07-12 20:46:05,299 [pool-641-thread-1] INFO  server.RaftServerConfigKeys (ConfUtils.java:logGet(46)) - raft.server.log.force.sync.num = 128 (default)
2022-07-12 20:46:05,299 [pool-641-thread-1] INFO  server.RaftServerConfigKeys (ConfUtils.java:logGet(46)) - raft.server.log.statemachine.data.sync = true (default)
2022-07-12 20:46:05,301 [pool-641-thread-1] INFO  server.RaftServerConfigKeys (ConfUtils.java:logGet(46)) - raft.server.log.statemachine.data.sync.timeout = 10s (default)
2022-07-12 20:46:05,301 [pool-641-thread-1] INFO  server.RaftServerConfigKeys (ConfUtils.java:logGet(46)) - raft.server.log.statemachine.data.sync.timeout.retry = -1 (default)
2022-07-12 20:46:05,302 [pool-641-thread-1] INFO  server.RaftServerConfigKeys (ConfUtils.java:logGet(46)) - raft.server.log.write.buffer.size = 64KB (=65536) (default)
2022-07-12 20:46:05,302 [pool-641-thread-1] INFO  server.RaftServerConfigKeys (ConfUtils.java:logGet(46)) - raft.server.log.unsafe-flush.enabled = false (default)
2022-07-12 20:46:05,302 [pool-641-thread-1] INFO  server.RaftServerConfigKeys (ConfUtils.java:logGet(46)) - raft.server.log.statemachine.data.caching.enabled = false (default)
2022-07-12 20:46:05,302 [pool-641-thread-1] INFO  segmented.SegmentedRaftLogWorker (SegmentedRaftLogWorker.java:lambda$new$0(135)) - om1@group-C5BA1605619E-SegmentedRaftLogWorker: flushIndex: setUnconditionally 0 -> -1
2022-07-12 20:46:05,302 [pool-641-thread-1] INFO  segmented.SegmentedRaftLogWorker (SegmentedRaftLogWorker.java:lambda$new$0(135)) - om1@group-C5BA1605619E-SegmentedRaftLogWorker: safeCacheEvictIndex: setUnconditionally 0 -> -1
2022-07-12 20:46:05,367 [pool-641-thread-1] INFO  server.RaftServerConfigKeys (ConfUtils.java:logGet(46)) - raft.server.snapshot.auto.trigger.enabled = true (custom)
2022-07-12 20:46:05,368 [pool-641-thread-1] INFO  server.RaftServerConfigKeys (ConfUtils.java:logGet(46)) - raft.server.snapshot.auto.trigger.threshold = 400000 (default)
2022-07-12 20:46:05,368 [pool-641-thread-1] INFO  server.RaftServerConfigKeys (ConfUtils.java:logGet(46)) - raft.server.snapshot.retention.file.num = -1 (default)
2022-07-12 20:46:05,368 [pool-641-thread-1] INFO  server.RaftServerConfigKeys (ConfUtils.java:logGet(46)) - raft.server.log.purge.upto.snapshot.index = true (custom)
2022-07-12 20:46:05,368 [pool-641-thread-1] INFO  server.RaftServerConfigKeys (ConfUtils.java:logGet(46)) - raft.server.retrycache.expirytime = 300s (custom)
2022-07-12 20:46:05,368 [pool-641-thread-1] INFO  server.RaftServerConfigKeys (ConfUtils.java:logGet(46)) - raft.server.retrycache.statistics.expirytime = 100μs (default)
2022-07-12 20:46:05,369 [pool-641-thread-1] INFO  server.RaftServerConfigKeys (ConfUtils.java:logGet(46)) - raft.server.log.appender.install.snapshot.enabled = false (custom)
2022-07-12 20:46:05,369 [pool-641-thread-1] INFO  server.RaftServerConfigKeys (ConfUtils.java:logGet(46)) - raft.server.threadpool.server.cached = true (default)
2022-07-12 20:46:05,369 [pool-641-thread-1] INFO  server.RaftServerConfigKeys (ConfUtils.java:logGet(46)) - raft.server.threadpool.server.size = 0 (default)
2022-07-12 20:46:05,369 [pool-641-thread-1] INFO  server.RaftServerConfigKeys (ConfUtils.java:logGet(46)) - raft.server.threadpool.client.cached = true (default)
2022-07-12 20:46:05,369 [pool-641-thread-1] INFO  server.RaftServerConfigKeys (ConfUtils.java:logGet(46)) - raft.server.threadpool.client.size = 0 (default)
2022-07-12 20:46:06,901 [Listener at 0.0.0.0/38161] INFO  reflections.Reflections (Reflections.java:scan(232)) - Reflections took 1662 ms to scan 19 urls, producing 66 keys and 4101 values [using 2 cores]
2022-07-12 20:46:06,903 [Listener at 0.0.0.0/38161] INFO  ipc.CallQueueManager (CallQueueManager.java:<init>(90)) - Using callQueue: class java.util.concurrent.LinkedBlockingQueue, queueCapacity: 2000, scheduler: class org.apache.hadoop.ipc.DefaultRpcScheduler, ipcBackoff: false.
2022-07-12 20:46:06,912 [Socket Reader #1 for port 0] INFO  ipc.Server (Server.java:run(1265)) - Starting Socket Reader #1 for port 0
2022-07-12 20:46:06,994 [Listener at 127.0.0.1/39727] INFO  impl.MetricsSystemImpl (MetricsSystemImpl.java:init(158)) - OzoneManager metrics system started (again)
2022-07-12 20:46:07,035 [Listener at 127.0.0.1/39727] INFO  om.OzoneManager (OzoneManager.java:start(1465)) - OzoneManager RPC server is listening at localhost/127.0.0.1:39727
2022-07-12 20:46:07,035 [Listener at 127.0.0.1/39727] INFO  ratis.OzoneManagerRatisServer (OzoneManagerRatisServer.java:start(554)) - Starting OzoneManagerRatisServer om1 at port 9872
2022-07-12 20:46:07,036 [om1-impl-thread1] INFO  server.RaftServer$Division (RaftServerImpl.java:start(310)) - om1@group-C5BA1605619E: start as a follower, conf=-1: [om1|rpc:localhost:9872|priority:0], old=null
2022-07-12 20:46:07,036 [om1-impl-thread1] INFO  server.RaftServer$Division (RaftServerImpl.java:setRole(299)) - om1@group-C5BA1605619E: changes role from      null to FOLLOWER at term 0 for startAsFollower
2022-07-12 20:46:07,036 [om1-impl-thread1] INFO  impl.RoleInfo (RoleInfo.java:updateAndGet(139)) - om1: start om1@group-C5BA1605619E-FollowerState
2022-07-12 20:46:07,036 [om1-impl-thread1] INFO  util.JmxRegister (JmxRegister.java:tryRegister(44)) - Successfully registered JMX Bean with object name Ratis:service=RaftServer,group=group-C5BA1605619E,id=om1
2022-07-12 20:46:07,047 [Listener at 127.0.0.1/39727] INFO  server.RaftServer (RaftServerProxy.java:lambda$start$6(382)) - om1: start RPC server
2022-07-12 20:46:07,116 [Listener at 127.0.0.1/39727] INFO  server.GrpcService (GrpcService.java:startImpl(260)) - om1: GrpcService started, listening on 9872
2022-07-12 20:46:07,117 [Listener at 127.0.0.1/39727] INFO  om.OzoneManager (OzoneManager.java:start(1481)) - Version File has different layout version (3) than OM DB (null). That is expected if this OM has never been finalized to a newer layout version.
2022-07-12 20:46:07,119 [org.apache.ratis.util.JvmPauseMonitor$$Lambda$680/1268395511@78635f79] INFO  util.JvmPauseMonitor (JvmPauseMonitor.java:run(103)) - JvmPauseMonitor-om1: Started
2022-07-12 20:46:07,128 [Listener at 127.0.0.1/39727] INFO  http.BaseHttpServer (BaseHttpServer.java:newHttpServer2BuilderForOzone(209)) - Starting Web-server for ozoneManager at: http://0.0.0.0:0
2022-07-12 20:46:07,128 [Listener at 127.0.0.1/39727] INFO  http.BaseHttpServer (BaseHttpServer.java:<init>(107)) - Hadoop Security Enabled: false Ozone Security Enabled: false Ozone HTTP Security Enabled: false 
2022-07-12 20:46:07,129 [Listener at 127.0.0.1/39727] INFO  server.AuthenticationFilter (AuthenticationFilter.java:constructSecretProvider(240)) - Unable to initialize FileSignerSecretProvider, falling back to use random secrets.
2022-07-12 20:46:07,134 [Listener at 127.0.0.1/39727] WARN  http.HttpRequestLog (HttpRequestLog.java:getRequestLog(103)) - Jetty request log can only be enabled using Log4j
2022-07-12 20:46:07,135 [Listener at 127.0.0.1/39727] INFO  http.HttpServer2 (HttpServer2.java:addGlobalFilter(1029)) - Added global filter 'safety' (class=org.apache.hadoop.hdds.server.http.HttpServer2$QuotingInputFilter)
2022-07-12 20:46:07,136 [Listener at 127.0.0.1/39727] INFO  http.HttpServer2 (HttpServer2.java:addFilter(1005)) - Added filter static_user_filter (class=org.apache.hadoop.http.lib.StaticUserWebFilter$StaticUserFilter) to context ozoneManager
2022-07-12 20:46:07,136 [Listener at 127.0.0.1/39727] INFO  http.HttpServer2 (HttpServer2.java:addFilter(1013)) - Added filter static_user_filter (class=org.apache.hadoop.http.lib.StaticUserWebFilter$StaticUserFilter) to context static
2022-07-12 20:46:07,136 [Listener at 127.0.0.1/39727] INFO  http.HttpServer2 (HttpServer2.java:addFilter(1013)) - Added filter static_user_filter (class=org.apache.hadoop.http.lib.StaticUserWebFilter$StaticUserFilter) to context logs
2022-07-12 20:46:07,136 [Listener at 127.0.0.1/39727] INFO  http.HttpServer2 (HttpServer2.java:bindListener(1248)) - Jetty bound to port 45829
2022-07-12 20:46:07,136 [Listener at 127.0.0.1/39727] INFO  server.Server (Server.java:doStart(375)) - jetty-9.4.43.v20210629; built: 2021-06-30T11:07:22.254Z; git: 526006ecfa3af7f1a27ef3a288e2bef7ea9dd7e8; jvm 1.8.0_332-b09
2022-07-12 20:46:07,159 [Listener at 127.0.0.1/39727] INFO  server.session (DefaultSessionIdManager.java:doStart(334)) - DefaultSessionIdManager workerName=node0
2022-07-12 20:46:07,159 [Listener at 127.0.0.1/39727] INFO  server.session (DefaultSessionIdManager.java:doStart(339)) - No SessionScavenger set, using defaults
2022-07-12 20:46:07,159 [Listener at 127.0.0.1/39727] INFO  server.session (HouseKeeper.java:startScavenging(132)) - node0 Scavenging every 600000ms
2022-07-12 20:46:07,167 [Listener at 127.0.0.1/39727] INFO  handler.ContextHandler (ContextHandler.java:doStart(915)) - Started o.e.j.s.ServletContextHandler@3978cbe6{logs,/logs,file:///home/runner/work/ozone/ozone/hadoop-ozone/integration-test/target/log,AVAILABLE}
2022-07-12 20:46:07,167 [Listener at 127.0.0.1/39727] INFO  handler.ContextHandler (ContextHandler.java:doStart(915)) - Started o.e.j.s.ServletContextHandler@318e5309{static,/static,file:///home/runner/work/ozone/ozone/hadoop-ozone/integration-test/target/test-classes/webapps/static,AVAILABLE}
2022-07-12 20:46:07,170 [Listener at 127.0.0.1/39727] INFO  handler.ContextHandler (ContextHandler.java:doStart(915)) - Started o.e.j.w.WebAppContext@7b41a3f9{ozoneManager,/,file:///home/runner/work/ozone/ozone/hadoop-ozone/integration-test/target/test-classes/webapps/ozoneManager/,AVAILABLE}{file:/home/runner/work/ozone/ozone/hadoop-ozone/integration-test/target/test-classes/webapps/ozoneManager}
2022-07-12 20:46:07,203 [Listener at 127.0.0.1/39727] INFO  server.AbstractConnector (AbstractConnector.java:doStart(331)) - Started ServerConnector@4e29ac60{HTTP/1.1, (http/1.1)}{0.0.0.0:45829}
2022-07-12 20:46:07,203 [Listener at 127.0.0.1/39727] INFO  server.Server (Server.java:doStart(415)) - Started @165577ms
2022-07-12 20:46:07,203 [Listener at 127.0.0.1/39727] WARN  impl.MetricsSystemImpl (MetricsSystemImpl.java:register(279)) - Sink prometheus already exists!
2022-07-12 20:46:07,204 [Listener at 127.0.0.1/39727] INFO  http.BaseHttpServer (BaseHttpServer.java:updateConnectorAddress(329)) - HTTP server of ozoneManager listening at http://0.0.0.0:45829
2022-07-12 20:46:07,219 [IPC Server Responder] INFO  ipc.Server (Server.java:run(1507)) - IPC Server Responder: starting
2022-07-12 20:46:07,225 [IPC Server listener on 0] INFO  ipc.Server (Server.java:run(1344)) - IPC Server listener on 0: starting
2022-07-12 20:46:07,318 [Listener at 127.0.0.1/39727] INFO  om.OzoneManager (OzoneManager.java:startTrashEmptier(1905)) - Trash Interval set to 0. Files deleted won't move to trash
2022-07-12 20:46:07,374 [Listener at 127.0.0.1/39727] WARN  impl.MetricRegistriesImpl (MetricRegistriesImpl.java:addReporterRegistration(111)) - New reporters are added after registries were created. Some metrics will be missing from the reporter. Please add reporter before adding any new registry.
2022-07-12 20:46:07,374 [Listener at 127.0.0.1/39727] WARN  impl.MetricRegistriesImpl (MetricRegistriesImpl.java:addReporterRegistration(111)) - New reporters are added after registries were created. Some metrics will be missing from the reporter. Please add reporter before adding any new registry.
2022-07-12 20:46:07,374 [Listener at 127.0.0.1/39727] INFO  impl.MetricsSystemImpl (MetricsSystemImpl.java:init(158)) - HddsDatanode metrics system started (again)
2022-07-12 20:46:07,376 [org.apache.hadoop.util.JvmPauseMonitor$Monitor@5a0f91b6] INFO  util.JvmPauseMonitor (JvmPauseMonitor.java:run(188)) - Starting JVM pause monitor
2022-07-12 20:46:07,443 [Listener at 127.0.0.1/39727] INFO  ozone.HddsDatanodeService (HddsDatanodeService.java:start(236)) - HddsDatanodeService host:fv-az29-983.0gf2enmb5avurc1gjtxldx4mnh.bx.internal.cloudapp.net ip:10.1.0.33
2022-07-12 20:46:07,516 [Listener at 127.0.0.1/39727] INFO  upgrade.AbstractLayoutVersionManager (AbstractLayoutVersionManager.java:init(82)) - Initializing Layout version manager with metadata layout = DATANODE_SCHEMA_V3 (version = 4), software layout = DATANODE_SCHEMA_V3 (version = 4)
2022-07-12 20:46:07,706 [Listener at 127.0.0.1/39727] INFO  reflections.Reflections (Reflections.java:scan(232)) - Reflections took 188 ms to scan 7 urls, producing 132 keys and 317 values 
2022-07-12 20:46:07,711 [Listener at 127.0.0.1/39727] INFO  statemachine.DatanodeStateMachine (DatanodeStateMachine.java:getEndPointTaskThreadPoolSize(237)) - Datanode State Machine Task Thread Pool size 2
2022-07-12 20:46:07,760 [Listener at 127.0.0.1/39727] INFO  volume.HddsVolume (HddsVolume.java:<init>(116)) - Creating HddsVolume: /home/runner/work/ozone/ozone/hadoop-ozone/integration-test/target/test-dir/MiniOzoneClusterImpl-b9e7eea4-f922-42a3-9b78-fa3f1bcfe6c2/datanode-0/data-0/containers/hdds of storage type : DISK capacity : 9223372036854775807
2022-07-12 20:46:07,760 [Listener at 127.0.0.1/39727] INFO  volume.MutableVolumeSet (MutableVolumeSet.java:initializeVolumeSet(174)) - Added Volume : /home/runner/work/ozone/ozone/hadoop-ozone/integration-test/target/test-dir/MiniOzoneClusterImpl-b9e7eea4-f922-42a3-9b78-fa3f1bcfe6c2/datanode-0/data-0/containers/hdds to VolumeSet
2022-07-12 20:46:07,760 [Listener at 127.0.0.1/39727] INFO  volume.ThrottledAsyncChecker (ThrottledAsyncChecker.java:schedule(141)) - Scheduling a check for /home/runner/work/ozone/ozone/hadoop-ozone/integration-test/target/test-dir/MiniOzoneClusterImpl-b9e7eea4-f922-42a3-9b78-fa3f1bcfe6c2/datanode-0/data-0/containers/hdds
2022-07-12 20:46:07,773 [Listener at 127.0.0.1/39727] INFO  volume.StorageVolumeChecker (StorageVolumeChecker.java:checkAllVolumes(202)) - Scheduled health check for volume /home/runner/work/ozone/ozone/hadoop-ozone/integration-test/target/test-dir/MiniOzoneClusterImpl-b9e7eea4-f922-42a3-9b78-fa3f1bcfe6c2/datanode-0/data-0/containers/hdds
2022-07-12 20:46:07,785 [Listener at 127.0.0.1/39727] INFO  volume.MutableVolumeSet (MutableVolumeSet.java:initializeVolumeSet(174)) - Added Volume : /home/runner/work/ozone/ozone/hadoop-ozone/integration-test/target/test-dir/MiniOzoneClusterImpl-b9e7eea4-f922-42a3-9b78-fa3f1bcfe6c2/datanode-0/data/ratis to VolumeSet
2022-07-12 20:46:07,786 [Listener at 127.0.0.1/39727] INFO  volume.ThrottledAsyncChecker (ThrottledAsyncChecker.java:schedule(141)) - Scheduling a check for /home/runner/work/ozone/ozone/hadoop-ozone/integration-test/target/test-dir/MiniOzoneClusterImpl-b9e7eea4-f922-42a3-9b78-fa3f1bcfe6c2/datanode-0/data/ratis
2022-07-12 20:46:07,786 [Listener at 127.0.0.1/39727] INFO  volume.StorageVolumeChecker (StorageVolumeChecker.java:checkAllVolumes(202)) - Scheduled health check for volume /home/runner/work/ozone/ozone/hadoop-ozone/integration-test/target/test-dir/MiniOzoneClusterImpl-b9e7eea4-f922-42a3-9b78-fa3f1bcfe6c2/datanode-0/data/ratis
2022-07-12 20:46:07,823 [Thread-1204] INFO  ozoneimpl.ContainerReader (ContainerReader.java:readVolume(175)) - Finish verifying containers on volume /home/runner/work/ozone/ozone/hadoop-ozone/integration-test/target/test-dir/MiniOzoneClusterImpl-b9e7eea4-f922-42a3-9b78-fa3f1bcfe6c2/datanode-0/data-0/containers/hdds
2022-07-12 20:46:07,823 [Listener at 127.0.0.1/39727] INFO  ozoneimpl.OzoneContainer (OzoneContainer.java:buildContainerSet(266)) - Build ContainerSet costs 0s
2022-07-12 20:46:07,825 [Listener at 127.0.0.1/39727] INFO  server.RaftServer (ConfUtils.java:logGet(46)) - raft.rpc.type = GRPC (default)
2022-07-12 20:46:07,825 [Listener at 127.0.0.1/39727] INFO  grpc.GrpcFactory (GrpcFactory.java:checkPooledByteBufAllocatorUseCacheForAllThreads(48)) - PERFORMANCE WARNING: useCacheForAllThreads is true that may cause Netty to create a lot garbage objects and, as a result, trigger GC.
	It is recommended to disable useCacheForAllThreads by setting -Dorg.apache.ratis.thirdparty.io.netty.allocator.useCacheForAllThreads=false in command line.
2022-07-12 20:46:07,826 [Listener at 127.0.0.1/39727] INFO  grpc.GrpcConfigKeys (ConfUtils.java:logGet(46)) - raft.grpc.admin.port = 0 (custom)
2022-07-12 20:46:07,826 [Listener at 127.0.0.1/39727] INFO  grpc.GrpcConfigKeys (ConfUtils.java:logGet(46)) - raft.grpc.client.port = 0 (custom)
2022-07-12 20:46:07,826 [Listener at 127.0.0.1/39727] INFO  grpc.GrpcConfigKeys (ConfUtils.java:logGet(46)) - raft.grpc.server.port = 0 (default)
2022-07-12 20:46:07,826 [Listener at 127.0.0.1/39727] INFO  server.GrpcService (ConfUtils.java:logGet(46)) - raft.grpc.message.size.max = 32MB (=33554432) (custom)
2022-07-12 20:46:07,826 [Listener at 127.0.0.1/39727] INFO  server.RaftServerConfigKeys (ConfUtils.java:logGet(46)) - raft.server.log.appender.buffer.byte-limit = 33554432 (custom)
2022-07-12 20:46:07,826 [Listener at 127.0.0.1/39727] INFO  server.GrpcService (ConfUtils.java:logGet(46)) - raft.grpc.flow.control.window = 5MB (=5242880) (custom)
2022-07-12 20:46:07,826 [Listener at 127.0.0.1/39727] INFO  server.RaftServerConfigKeys (ConfUtils.java:logGet(46)) - raft.server.rpc.request.timeout = 60s (custom)
2022-07-12 20:46:07,826 [Listener at 127.0.0.1/39727] INFO  grpc.GrpcConfigKeys (ConfUtils.java:logGet(46)) - raft.grpc.server.async.request.thread.pool.cached = true (default)
2022-07-12 20:46:07,826 [Listener at 127.0.0.1/39727] INFO  grpc.GrpcConfigKeys (ConfUtils.java:logGet(46)) - raft.grpc.server.async.request.thread.pool.size = 32 (default)
2022-07-12 20:46:07,828 [Listener at 127.0.0.1/39727] INFO  impl.DataStreamServerImpl (ConfUtils.java:logGet(46)) - raft.datastream.type = DISABLED (default)
2022-07-12 20:46:07,828 [Listener at 127.0.0.1/39727] INFO  server.RaftServerConfigKeys (ConfUtils.java:logGet(46)) - raft.server.threadpool.proxy.cached = true (default)
2022-07-12 20:46:07,828 [Listener at 127.0.0.1/39727] INFO  server.RaftServerConfigKeys (ConfUtils.java:logGet(46)) - raft.server.threadpool.proxy.size = 0 (default)
2022-07-12 20:46:07,829 [Listener at 127.0.0.1/39727] INFO  server.RaftServerConfigKeys (ConfUtils.java:logGet(46)) - raft.server.rpc.slowness.timeout = 300s (custom)
2022-07-12 20:46:07,829 [Listener at 127.0.0.1/39727] INFO  server.RaftServerConfigKeys (ConfUtils.java:logGet(46)) - raft.server.leaderelection.leader.step-down.wait-time = 10s (default)
2022-07-12 20:46:07,829 [Listener at 127.0.0.1/39727] INFO  server.RaftServerConfigKeys (ConfUtils.java:logGet(46)) - raft.server.storage.dir = [/home/runner/work/ozone/ozone/hadoop-ozone/integration-test/target/test-dir/MiniOzoneClusterImpl-b9e7eea4-f922-42a3-9b78-fa3f1bcfe6c2/datanode-0/data/ratis] (custom)
2022-07-12 20:46:07,851 [Listener at 127.0.0.1/39727] INFO  server.XceiverServerGrpc (XceiverServerGrpc.java:<init>(132)) - GrpcServer channel type EpollServerSocketChannel
2022-07-12 20:46:07,863 [Listener at 127.0.0.1/39727] INFO  http.BaseHttpServer (BaseHttpServer.java:newHttpServer2BuilderForOzone(209)) - Starting Web-server for hddsDatanode at: http://0.0.0.0:0
2022-07-12 20:46:07,864 [Listener at 127.0.0.1/39727] INFO  http.BaseHttpServer (BaseHttpServer.java:<init>(107)) - Hadoop Security Enabled: false Ozone Security Enabled: false Ozone HTTP Security Enabled: false 
2022-07-12 20:46:07,864 [Listener at 127.0.0.1/39727] INFO  server.AuthenticationFilter (AuthenticationFilter.java:constructSecretProvider(240)) - Unable to initialize FileSignerSecretProvider, falling back to use random secrets.
2022-07-12 20:46:07,903 [Listener at 127.0.0.1/39727] WARN  http.HttpRequestLog (HttpRequestLog.java:getRequestLog(103)) - Jetty request log can only be enabled using Log4j
2022-07-12 20:46:07,904 [Listener at 127.0.0.1/39727] INFO  http.HttpServer2 (HttpServer2.java:addGlobalFilter(1029)) - Added global filter 'safety' (class=org.apache.hadoop.hdds.server.http.HttpServer2$QuotingInputFilter)
2022-07-12 20:46:07,905 [Listener at 127.0.0.1/39727] INFO  http.HttpServer2 (HttpServer2.java:addFilter(1005)) - Added filter static_user_filter (class=org.apache.hadoop.http.lib.StaticUserWebFilter$StaticUserFilter) to context hddsDatanode
2022-07-12 20:46:07,905 [Listener at 127.0.0.1/39727] INFO  http.HttpServer2 (HttpServer2.java:addFilter(1013)) - Added filter static_user_filter (class=org.apache.hadoop.http.lib.StaticUserWebFilter$StaticUserFilter) to context static
2022-07-12 20:46:07,905 [Listener at 127.0.0.1/39727] INFO  http.HttpServer2 (HttpServer2.java:addFilter(1013)) - Added filter static_user_filter (class=org.apache.hadoop.http.lib.StaticUserWebFilter$StaticUserFilter) to context logs
2022-07-12 20:46:07,905 [Listener at 127.0.0.1/39727] INFO  http.HttpServer2 (HttpServer2.java:bindListener(1248)) - Jetty bound to port 35415
2022-07-12 20:46:07,906 [Listener at 127.0.0.1/39727] INFO  server.Server (Server.java:doStart(375)) - jetty-9.4.43.v20210629; built: 2021-06-30T11:07:22.254Z; git: 526006ecfa3af7f1a27ef3a288e2bef7ea9dd7e8; jvm 1.8.0_332-b09
2022-07-12 20:46:07,986 [Listener at 127.0.0.1/39727] INFO  server.session (DefaultSessionIdManager.java:doStart(334)) - DefaultSessionIdManager workerName=node0
2022-07-12 20:46:07,987 [Listener at 127.0.0.1/39727] INFO  server.session (DefaultSessionIdManager.java:doStart(339)) - No SessionScavenger set, using defaults
2022-07-12 20:46:07,991 [Listener at 127.0.0.1/39727] INFO  server.session (HouseKeeper.java:startScavenging(132)) - node0 Scavenging every 600000ms
2022-07-12 20:46:08,015 [Listener at 127.0.0.1/39727] INFO  handler.ContextHandler (ContextHandler.java:doStart(915)) - Started o.e.j.s.ServletContextHandler@23690154{logs,/logs,file:///home/runner/work/ozone/ozone/hadoop-ozone/integration-test/target/log,AVAILABLE}
2022-07-12 20:46:08,015 [Listener at 127.0.0.1/39727] INFO  handler.ContextHandler (ContextHandler.java:doStart(915)) - Started o.e.j.s.ServletContextHandler@331f603d{static,/static,jar:file:/home/runner/.m2/repository/org/apache/ozone/hdds-container-service/1.3.0-SNAPSHOT/hdds-container-service-1.3.0-SNAPSHOT.jar!/webapps/static,AVAILABLE}
2022-07-12 20:46:08,223 [om1@group-C5BA1605619E-FollowerState] INFO  impl.FollowerState (FollowerState.java:run(143)) - om1@group-C5BA1605619E-FollowerState: change to CANDIDATE, lastRpcElapsedTime:1187047743ns, electionTimeout:1186ms
2022-07-12 20:46:08,223 [om1@group-C5BA1605619E-FollowerState] INFO  impl.RoleInfo (RoleInfo.java:shutdownFollowerState(110)) - om1: shutdown om1@group-C5BA1605619E-FollowerState
2022-07-12 20:46:08,223 [om1@group-C5BA1605619E-FollowerState] INFO  server.RaftServer$Division (RaftServerImpl.java:setRole(299)) - om1@group-C5BA1605619E: changes role from  FOLLOWER to CANDIDATE at term 0 for changeToCandidate
2022-07-12 20:46:08,223 [om1@group-C5BA1605619E-FollowerState] INFO  server.RaftServerConfigKeys (ConfUtils.java:logGet(46)) - raft.server.leaderelection.pre-vote = false (custom)
2022-07-12 20:46:08,223 [om1@group-C5BA1605619E-FollowerState] INFO  impl.RoleInfo (RoleInfo.java:updateAndGet(139)) - om1: start om1@group-C5BA1605619E-LeaderElection53
2022-07-12 20:46:08,311 [om1@group-C5BA1605619E-LeaderElection53] INFO  impl.LeaderElection (LeaderElection.java:askForVotes(310)) - om1@group-C5BA1605619E-LeaderElection53 ELECTION round 0: submit vote requests at term 1 for -1: [om1|rpc:localhost:9872|priority:0], old=null
2022-07-12 20:46:08,311 [om1@group-C5BA1605619E-LeaderElection53] INFO  impl.LeaderElection (LeaderElection.java:askForVotes(312)) - om1@group-C5BA1605619E-LeaderElection53 ELECTION round 0: result PASSED (term=1)
2022-07-12 20:46:08,311 [om1@group-C5BA1605619E-LeaderElection53] INFO  impl.RoleInfo (RoleInfo.java:shutdownLeaderElection(130)) - om1: shutdown om1@group-C5BA1605619E-LeaderElection53
2022-07-12 20:46:08,311 [om1@group-C5BA1605619E-LeaderElection53] INFO  server.RaftServer$Division (RaftServerImpl.java:setRole(299)) - om1@group-C5BA1605619E: changes role from CANDIDATE to LEADER at term 1 for changeToLeader
2022-07-12 20:46:08,311 [om1@group-C5BA1605619E-LeaderElection53] INFO  server.RaftServer$Division (ServerState.java:setLeader(287)) - om1@group-C5BA1605619E: change Leader from null to om1 at term 1 for becomeLeader, leader elected after 3012ms
2022-07-12 20:46:08,311 [om1@group-C5BA1605619E-LeaderElection53] INFO  server.RaftServerConfigKeys (ConfUtils.java:logGet(46)) - raft.server.staging.catchup.gap = 1000 (default)
2022-07-12 20:46:08,311 [om1@group-C5BA1605619E-LeaderElection53] INFO  server.RaftServerConfigKeys (ConfUtils.java:logGet(46)) - raft.server.write.element-limit = 4096 (default)
2022-07-12 20:46:08,311 [om1@group-C5BA1605619E-LeaderElection53] INFO  server.RaftServerConfigKeys (ConfUtils.java:logGet(46)) - raft.server.write.byte-limit = 64MB (=67108864) (default)
2022-07-12 20:46:08,312 [om1@group-C5BA1605619E-LeaderElection53] INFO  server.RaftServerConfigKeys (ConfUtils.java:logGet(46)) - raft.server.watch.timeout = 10s (default)
2022-07-12 20:46:08,312 [om1@group-C5BA1605619E-LeaderElection53] INFO  server.RaftServerConfigKeys (ConfUtils.java:logGet(46)) - raft.server.watch.timeout.denomination = 1s (default)
2022-07-12 20:46:08,312 [om1@group-C5BA1605619E-LeaderElection53] INFO  server.RaftServerConfigKeys (ConfUtils.java:logGet(46)) - raft.server.watch.element-limit = 65536 (default)
2022-07-12 20:46:08,312 [om1@group-C5BA1605619E-LeaderElection53] INFO  server.RaftServerConfigKeys (ConfUtils.java:logGet(46)) - raft.server.write.element-limit = 4096 (default)
2022-07-12 20:46:08,312 [om1@group-C5BA1605619E-LeaderElection53] INFO  server.RaftServerConfigKeys (ConfUtils.java:logGet(46)) - raft.server.write.follower.gap.ratio.max = -1.0 (default)
2022-07-12 20:46:08,312 [om1@group-C5BA1605619E-LeaderElection53] INFO  impl.RoleInfo (RoleInfo.java:updateAndGet(139)) - om1: start om1@group-C5BA1605619E-LeaderStateImpl
2022-07-12 20:46:08,312 [om1@group-C5BA1605619E-LeaderElection53] INFO  segmented.SegmentedRaftLogWorker (SegmentedRaftLogWorker.java:startLogSegment(425)) - om1@group-C5BA1605619E-SegmentedRaftLogWorker: Starting segment from index:0
2022-07-12 20:46:08,331 [om1@group-C5BA1605619E-LeaderElection53] INFO  server.RaftServer$Division (ServerState.java:setRaftConf(393)) - om1@group-C5BA1605619E: set configuration 0: [om1|rpc:localhost:9872|admin:|client:|dataStream:|priority:0], old=null
2022-07-12 20:46:08,358 [om1@group-C5BA1605619E-SegmentedRaftLogWorker] INFO  segmented.SegmentedRaftLogWorker (SegmentedRaftLogWorker.java:execute(629)) - om1@group-C5BA1605619E-SegmentedRaftLogWorker: created new log segment /home/runner/work/ozone/ozone/hadoop-ozone/integration-test/target/test-dir/MiniOzoneClusterImpl-b9e7eea4-f922-42a3-9b78-fa3f1bcfe6c2/ozone-meta/ratis/bf265839-605b-3f16-9796-c5ba1605619e/current/log_inprogress_0
2022-07-12 20:46:08,363 [om1@group-C5BA1605619E-StateMachineUpdater] INFO  ratis.OzoneManagerStateMachine (OzoneManagerStateMachine.java:notifyConfigurationChanged(192)) - Received Configuration change notification from Ratis. New Peer list:
[id: "om1"
address: "localhost:9872"
]
2022-07-12 20:46:08,750 [Listener at 127.0.0.1/39727] INFO  handler.ContextHandler (ContextHandler.java:doStart(915)) - Started o.e.j.w.WebAppContext@4a4ea586{hddsDatanode,/,file:///tmp/jetty-0_0_0_0-35415-hdds-container-service-1_3_0-SNAPSHOT_jar-_-any-3833521505196682027/webapp/,AVAILABLE}{jar:file:/home/runner/.m2/repository/org/apache/ozone/hdds-container-service/1.3.0-SNAPSHOT/hdds-container-service-1.3.0-SNAPSHOT.jar!/webapps/hddsDatanode}
2022-07-12 20:46:08,755 [Listener at 127.0.0.1/39727] INFO  server.AbstractConnector (AbstractConnector.java:doStart(331)) - Started ServerConnector@5c9eb43f{HTTP/1.1, (http/1.1)}{0.0.0.0:35415}
2022-07-12 20:46:08,755 [Listener at 127.0.0.1/39727] INFO  server.Server (Server.java:doStart(415)) - Started @167129ms
2022-07-12 20:46:08,761 [Listener at 127.0.0.1/39727] WARN  impl.MetricsSystemImpl (MetricsSystemImpl.java:register(279)) - Sink prometheus already exists!
2022-07-12 20:46:08,761 [Listener at 127.0.0.1/39727] INFO  http.BaseHttpServer (BaseHttpServer.java:updateConnectorAddress(329)) - HTTP server of hddsDatanode listening at http://0.0.0.0:35415
2022-07-12 20:46:08,787 [Listener at 127.0.0.1/39727] WARN  impl.MetricRegistriesImpl (MetricRegistriesImpl.java:addReporterRegistration(111)) - New reporters are added after registries were created. Some metrics will be missing from the reporter. Please add reporter before adding any new registry.
2022-07-12 20:46:08,788 [Listener at 127.0.0.1/39727] WARN  impl.MetricRegistriesImpl (MetricRegistriesImpl.java:addReporterRegistration(111)) - New reporters are added after registries were created. Some metrics will be missing from the reporter. Please add reporter before adding any new registry.
2022-07-12 20:46:08,788 [Listener at 127.0.0.1/39727] INFO  impl.MetricsSystemImpl (MetricsSystemImpl.java:init(158)) - HddsDatanode metrics system started (again)
2022-07-12 20:46:08,795 [Datanode State Machine Daemon Thread] INFO  statemachine.DatanodeStateMachine (DatanodeStateMachine.java:lambda$startDaemon$0(492)) - Ozone container server started.
2022-07-12 20:46:08,852 [org.apache.hadoop.util.JvmPauseMonitor$Monitor@74e72038] INFO  util.JvmPauseMonitor (JvmPauseMonitor.java:run(188)) - Starting JVM pause monitor
2022-07-12 20:46:08,864 [Datanode State Machine Task Thread - 0] INFO  datanode.InitDatanodeState (InitDatanodeState.java:persistContainerDatanodeDetails(138)) - DatanodeDetails is persisted to /home/runner/work/ozone/ozone/hadoop-ozone/integration-test/target/test-dir/MiniOzoneClusterImpl-b9e7eea4-f922-42a3-9b78-fa3f1bcfe6c2/datanode-0/meta/datanode.id
2022-07-12 20:46:08,871 [Listener at 127.0.0.1/39727] INFO  ozone.HddsDatanodeService (HddsDatanodeService.java:start(236)) - HddsDatanodeService host:fv-az29-983.0gf2enmb5avurc1gjtxldx4mnh.bx.internal.cloudapp.net ip:10.1.0.33
2022-07-12 20:46:08,935 [Listener at 127.0.0.1/39727] INFO  upgrade.AbstractLayoutVersionManager (AbstractLayoutVersionManager.java:init(82)) - Initializing Layout version manager with metadata layout = DATANODE_SCHEMA_V3 (version = 4), software layout = DATANODE_SCHEMA_V3 (version = 4)
2022-07-12 20:46:09,029 [Listener at 127.0.0.1/39727] INFO  reflections.Reflections (Reflections.java:scan(232)) - Reflections took 93 ms to scan 7 urls, producing 132 keys and 317 values 
2022-07-12 20:46:09,033 [Listener at 127.0.0.1/39727] INFO  statemachine.DatanodeStateMachine (DatanodeStateMachine.java:getEndPointTaskThreadPoolSize(237)) - Datanode State Machine Task Thread Pool size 2
2022-07-12 20:46:09,035 [Listener at 127.0.0.1/39727] INFO  volume.HddsVolume (HddsVolume.java:<init>(116)) - Creating HddsVolume: /home/runner/work/ozone/ozone/hadoop-ozone/integration-test/target/test-dir/MiniOzoneClusterImpl-b9e7eea4-f922-42a3-9b78-fa3f1bcfe6c2/datanode-1/data-0/containers/hdds of storage type : DISK capacity : 9223372036854775807
2022-07-12 20:46:09,035 [Listener at 127.0.0.1/39727] INFO  volume.MutableVolumeSet (MutableVolumeSet.java:initializeVolumeSet(174)) - Added Volume : /home/runner/work/ozone/ozone/hadoop-ozone/integration-test/target/test-dir/MiniOzoneClusterImpl-b9e7eea4-f922-42a3-9b78-fa3f1bcfe6c2/datanode-1/data-0/containers/hdds to VolumeSet
2022-07-12 20:46:09,036 [Listener at 127.0.0.1/39727] INFO  volume.ThrottledAsyncChecker (ThrottledAsyncChecker.java:schedule(141)) - Scheduling a check for /home/runner/work/ozone/ozone/hadoop-ozone/integration-test/target/test-dir/MiniOzoneClusterImpl-b9e7eea4-f922-42a3-9b78-fa3f1bcfe6c2/datanode-1/data-0/containers/hdds
2022-07-12 20:46:09,037 [Listener at 127.0.0.1/39727] INFO  volume.StorageVolumeChecker (StorageVolumeChecker.java:checkAllVolumes(202)) - Scheduled health check for volume /home/runner/work/ozone/ozone/hadoop-ozone/integration-test/target/test-dir/MiniOzoneClusterImpl-b9e7eea4-f922-42a3-9b78-fa3f1bcfe6c2/datanode-1/data-0/containers/hdds
2022-07-12 20:46:09,064 [Listener at 127.0.0.1/39727] INFO  volume.MutableVolumeSet (MutableVolumeSet.java:initializeVolumeSet(174)) - Added Volume : /home/runner/work/ozone/ozone/hadoop-ozone/integration-test/target/test-dir/MiniOzoneClusterImpl-b9e7eea4-f922-42a3-9b78-fa3f1bcfe6c2/datanode-1/data/ratis to VolumeSet
2022-07-12 20:46:09,064 [Listener at 127.0.0.1/39727] INFO  volume.ThrottledAsyncChecker (ThrottledAsyncChecker.java:schedule(141)) - Scheduling a check for /home/runner/work/ozone/ozone/hadoop-ozone/integration-test/target/test-dir/MiniOzoneClusterImpl-b9e7eea4-f922-42a3-9b78-fa3f1bcfe6c2/datanode-1/data/ratis
2022-07-12 20:46:09,064 [Listener at 127.0.0.1/39727] INFO  volume.StorageVolumeChecker (StorageVolumeChecker.java:checkAllVolumes(202)) - Scheduled health check for volume /home/runner/work/ozone/ozone/hadoop-ozone/integration-test/target/test-dir/MiniOzoneClusterImpl-b9e7eea4-f922-42a3-9b78-fa3f1bcfe6c2/datanode-1/data/ratis
2022-07-12 20:46:09,139 [Thread-1219] INFO  ozoneimpl.ContainerReader (ContainerReader.java:readVolume(175)) - Finish verifying containers on volume /home/runner/work/ozone/ozone/hadoop-ozone/integration-test/target/test-dir/MiniOzoneClusterImpl-b9e7eea4-f922-42a3-9b78-fa3f1bcfe6c2/datanode-1/data-0/containers/hdds
2022-07-12 20:46:09,139 [Listener at 127.0.0.1/39727] INFO  ozoneimpl.OzoneContainer (OzoneContainer.java:buildContainerSet(266)) - Build ContainerSet costs 0s
2022-07-12 20:46:09,140 [Listener at 127.0.0.1/39727] INFO  server.RaftServer (ConfUtils.java:logGet(46)) - raft.rpc.type = GRPC (default)
2022-07-12 20:46:09,141 [Listener at 127.0.0.1/39727] INFO  grpc.GrpcFactory (GrpcFactory.java:checkPooledByteBufAllocatorUseCacheForAllThreads(48)) - PERFORMANCE WARNING: useCacheForAllThreads is true that may cause Netty to create a lot garbage objects and, as a result, trigger GC.
	It is recommended to disable useCacheForAllThreads by setting -Dorg.apache.ratis.thirdparty.io.netty.allocator.useCacheForAllThreads=false in command line.
2022-07-12 20:46:09,141 [Listener at 127.0.0.1/39727] INFO  grpc.GrpcConfigKeys (ConfUtils.java:logGet(46)) - raft.grpc.admin.port = 0 (custom)
2022-07-12 20:46:09,141 [Listener at 127.0.0.1/39727] INFO  grpc.GrpcConfigKeys (ConfUtils.java:logGet(46)) - raft.grpc.client.port = 0 (custom)
2022-07-12 20:46:09,141 [Listener at 127.0.0.1/39727] INFO  grpc.GrpcConfigKeys (ConfUtils.java:logGet(46)) - raft.grpc.server.port = 0 (default)
2022-07-12 20:46:09,141 [Listener at 127.0.0.1/39727] INFO  server.GrpcService (ConfUtils.java:logGet(46)) - raft.grpc.message.size.max = 32MB (=33554432) (custom)
2022-07-12 20:46:09,141 [Listener at 127.0.0.1/39727] INFO  server.RaftServerConfigKeys (ConfUtils.java:logGet(46)) - raft.server.log.appender.buffer.byte-limit = 33554432 (custom)
2022-07-12 20:46:09,141 [Listener at 127.0.0.1/39727] INFO  server.GrpcService (ConfUtils.java:logGet(46)) - raft.grpc.flow.control.window = 5MB (=5242880) (custom)
2022-07-12 20:46:09,142 [Listener at 127.0.0.1/39727] INFO  server.RaftServerConfigKeys (ConfUtils.java:logGet(46)) - raft.server.rpc.request.timeout = 60s (custom)
2022-07-12 20:46:09,142 [Listener at 127.0.0.1/39727] INFO  grpc.GrpcConfigKeys (ConfUtils.java:logGet(46)) - raft.grpc.server.async.request.thread.pool.cached = true (default)
2022-07-12 20:46:09,142 [Listener at 127.0.0.1/39727] INFO  grpc.GrpcConfigKeys (ConfUtils.java:logGet(46)) - raft.grpc.server.async.request.thread.pool.size = 32 (default)
2022-07-12 20:46:09,143 [Listener at 127.0.0.1/39727] INFO  impl.DataStreamServerImpl (ConfUtils.java:logGet(46)) - raft.datastream.type = DISABLED (default)
2022-07-12 20:46:09,143 [Listener at 127.0.0.1/39727] INFO  server.RaftServerConfigKeys (ConfUtils.java:logGet(46)) - raft.server.threadpool.proxy.cached = true (default)
2022-07-12 20:46:09,143 [Listener at 127.0.0.1/39727] INFO  server.RaftServerConfigKeys (ConfUtils.java:logGet(46)) - raft.server.threadpool.proxy.size = 0 (default)
2022-07-12 20:46:09,143 [Listener at 127.0.0.1/39727] INFO  server.RaftServerConfigKeys (ConfUtils.java:logGet(46)) - raft.server.rpc.slowness.timeout = 300s (custom)
2022-07-12 20:46:09,143 [Listener at 127.0.0.1/39727] INFO  server.RaftServerConfigKeys (ConfUtils.java:logGet(46)) - raft.server.leaderelection.leader.step-down.wait-time = 10s (default)
2022-07-12 20:46:09,144 [Listener at 127.0.0.1/39727] INFO  server.RaftServerConfigKeys (ConfUtils.java:logGet(46)) - raft.server.storage.dir = [/home/runner/work/ozone/ozone/hadoop-ozone/integration-test/target/test-dir/MiniOzoneClusterImpl-b9e7eea4-f922-42a3-9b78-fa3f1bcfe6c2/datanode-1/data/ratis] (custom)
2022-07-12 20:46:09,151 [Listener at 127.0.0.1/39727] INFO  server.XceiverServerGrpc (XceiverServerGrpc.java:<init>(132)) - GrpcServer channel type EpollServerSocketChannel
2022-07-12 20:46:09,153 [Listener at 127.0.0.1/39727] INFO  http.BaseHttpServer (BaseHttpServer.java:newHttpServer2BuilderForOzone(209)) - Starting Web-server for hddsDatanode at: http://0.0.0.0:0
2022-07-12 20:46:09,154 [Listener at 127.0.0.1/39727] INFO  http.BaseHttpServer (BaseHttpServer.java:<init>(107)) - Hadoop Security Enabled: false Ozone Security Enabled: false Ozone HTTP Security Enabled: false 
2022-07-12 20:46:09,155 [Listener at 127.0.0.1/39727] INFO  server.AuthenticationFilter (AuthenticationFilter.java:constructSecretProvider(240)) - Unable to initialize FileSignerSecretProvider, falling back to use random secrets.
2022-07-12 20:46:09,155 [Listener at 127.0.0.1/39727] WARN  http.HttpRequestLog (HttpRequestLog.java:getRequestLog(103)) - Jetty request log can only be enabled using Log4j
2022-07-12 20:46:09,156 [Listener at 127.0.0.1/39727] INFO  http.HttpServer2 (HttpServer2.java:addGlobalFilter(1029)) - Added global filter 'safety' (class=org.apache.hadoop.hdds.server.http.HttpServer2$QuotingInputFilter)
2022-07-12 20:46:09,156 [Listener at 127.0.0.1/39727] INFO  http.HttpServer2 (HttpServer2.java:addFilter(1005)) - Added filter static_user_filter (class=org.apache.hadoop.http.lib.StaticUserWebFilter$StaticUserFilter) to context hddsDatanode
2022-07-12 20:46:09,157 [Listener at 127.0.0.1/39727] INFO  http.HttpServer2 (HttpServer2.java:addFilter(1013)) - Added filter static_user_filter (class=org.apache.hadoop.http.lib.StaticUserWebFilter$StaticUserFilter) to context static
2022-07-12 20:46:09,157 [Listener at 127.0.0.1/39727] INFO  http.HttpServer2 (HttpServer2.java:addFilter(1013)) - Added filter static_user_filter (class=org.apache.hadoop.http.lib.StaticUserWebFilter$StaticUserFilter) to context logs
2022-07-12 20:46:09,157 [Listener at 127.0.0.1/39727] INFO  http.HttpServer2 (HttpServer2.java:bindListener(1248)) - Jetty bound to port 42237
2022-07-12 20:46:09,157 [Listener at 127.0.0.1/39727] INFO  server.Server (Server.java:doStart(375)) - jetty-9.4.43.v20210629; built: 2021-06-30T11:07:22.254Z; git: 526006ecfa3af7f1a27ef3a288e2bef7ea9dd7e8; jvm 1.8.0_332-b09
2022-07-12 20:46:09,158 [Listener at 127.0.0.1/39727] INFO  server.session (DefaultSessionIdManager.java:doStart(334)) - DefaultSessionIdManager workerName=node0
2022-07-12 20:46:09,159 [Listener at 127.0.0.1/39727] INFO  server.session (DefaultSessionIdManager.java:doStart(339)) - No SessionScavenger set, using defaults
2022-07-12 20:46:09,159 [Listener at 127.0.0.1/39727] INFO  server.session (HouseKeeper.java:startScavenging(132)) - node0 Scavenging every 600000ms
2022-07-12 20:46:09,159 [Listener at 127.0.0.1/39727] INFO  handler.ContextHandler (ContextHandler.java:doStart(915)) - Started o.e.j.s.ServletContextHandler@28f36e9d{logs,/logs,file:///home/runner/work/ozone/ozone/hadoop-ozone/integration-test/target/log,AVAILABLE}
2022-07-12 20:46:09,160 [Listener at 127.0.0.1/39727] INFO  handler.ContextHandler (ContextHandler.java:doStart(915)) - Started o.e.j.s.ServletContextHandler@3230879d{static,/static,jar:file:/home/runner/.m2/repository/org/apache/ozone/hdds-container-service/1.3.0-SNAPSHOT/hdds-container-service-1.3.0-SNAPSHOT.jar!/webapps/static,AVAILABLE}
2022-07-12 20:46:09,713 [Listener at 127.0.0.1/39727] INFO  handler.ContextHandler (ContextHandler.java:doStart(915)) - Started o.e.j.w.WebAppContext@113d324{hddsDatanode,/,file:///tmp/jetty-0_0_0_0-42237-hdds-container-service-1_3_0-SNAPSHOT_jar-_-any-1605346819349694411/webapp/,AVAILABLE}{jar:file:/home/runner/.m2/repository/org/apache/ozone/hdds-container-service/1.3.0-SNAPSHOT/hdds-container-service-1.3.0-SNAPSHOT.jar!/webapps/hddsDatanode}
2022-07-12 20:46:09,723 [Listener at 127.0.0.1/39727] INFO  server.AbstractConnector (AbstractConnector.java:doStart(331)) - Started ServerConnector@50a7ace8{HTTP/1.1, (http/1.1)}{0.0.0.0:42237}
2022-07-12 20:46:09,723 [Listener at 127.0.0.1/39727] INFO  server.Server (Server.java:doStart(415)) - Started @168097ms
2022-07-12 20:46:09,723 [Listener at 127.0.0.1/39727] WARN  impl.MetricsSystemImpl (MetricsSystemImpl.java:register(279)) - Sink prometheus already exists!
2022-07-12 20:46:09,746 [Listener at 127.0.0.1/39727] INFO  http.BaseHttpServer (BaseHttpServer.java:updateConnectorAddress(329)) - HTTP server of hddsDatanode listening at http://0.0.0.0:42237
2022-07-12 20:46:09,756 [Listener at 127.0.0.1/39727] WARN  impl.MetricRegistriesImpl (MetricRegistriesImpl.java:addReporterRegistration(111)) - New reporters are added after registries were created. Some metrics will be missing from the reporter. Please add reporter before adding any new registry.
2022-07-12 20:46:09,756 [Listener at 127.0.0.1/39727] WARN  impl.MetricRegistriesImpl (MetricRegistriesImpl.java:addReporterRegistration(111)) - New reporters are added after registries were created. Some metrics will be missing from the reporter. Please add reporter before adding any new registry.
2022-07-12 20:46:09,756 [Listener at 127.0.0.1/39727] INFO  impl.MetricsSystemImpl (MetricsSystemImpl.java:init(158)) - HddsDatanode metrics system started (again)
2022-07-12 20:46:09,767 [Datanode State Machine Daemon Thread] INFO  statemachine.DatanodeStateMachine (DatanodeStateMachine.java:lambda$startDaemon$0(492)) - Ozone container server started.
2022-07-12 20:46:09,839 [Listener at 127.0.0.1/39727] INFO  ozone.HddsDatanodeService (HddsDatanodeService.java:start(236)) - HddsDatanodeService host:fv-az29-983.0gf2enmb5avurc1gjtxldx4mnh.bx.internal.cloudapp.net ip:10.1.0.33
2022-07-12 20:46:09,875 [org.apache.hadoop.util.JvmPauseMonitor$Monitor@74d85c43] INFO  util.JvmPauseMonitor (JvmPauseMonitor.java:run(188)) - Starting JVM pause monitor
2022-07-12 20:46:09,881 [Datanode State Machine Task Thread - 0] INFO  datanode.InitDatanodeState (InitDatanodeState.java:persistContainerDatanodeDetails(138)) - DatanodeDetails is persisted to /home/runner/work/ozone/ozone/hadoop-ozone/integration-test/target/test-dir/MiniOzoneClusterImpl-b9e7eea4-f922-42a3-9b78-fa3f1bcfe6c2/datanode-1/meta/datanode.id
2022-07-12 20:46:09,921 [Listener at 127.0.0.1/39727] INFO  upgrade.AbstractLayoutVersionManager (AbstractLayoutVersionManager.java:init(82)) - Initializing Layout version manager with metadata layout = DATANODE_SCHEMA_V3 (version = 4), software layout = DATANODE_SCHEMA_V3 (version = 4)
2022-07-12 20:46:10,106 [Listener at 127.0.0.1/39727] INFO  reflections.Reflections (Reflections.java:scan(232)) - Reflections took 184 ms to scan 7 urls, producing 132 keys and 317 values 
2022-07-12 20:46:10,107 [Listener at 127.0.0.1/39727] INFO  statemachine.DatanodeStateMachine (DatanodeStateMachine.java:getEndPointTaskThreadPoolSize(237)) - Datanode State Machine Task Thread Pool size 2
2022-07-12 20:46:10,109 [Listener at 127.0.0.1/39727] INFO  volume.HddsVolume (HddsVolume.java:<init>(116)) - Creating HddsVolume: /home/runner/work/ozone/ozone/hadoop-ozone/integration-test/target/test-dir/MiniOzoneClusterImpl-b9e7eea4-f922-42a3-9b78-fa3f1bcfe6c2/datanode-2/data-0/containers/hdds of storage type : DISK capacity : 9223372036854775807
2022-07-12 20:46:10,109 [Listener at 127.0.0.1/39727] INFO  volume.MutableVolumeSet (MutableVolumeSet.java:initializeVolumeSet(174)) - Added Volume : /home/runner/work/ozone/ozone/hadoop-ozone/integration-test/target/test-dir/MiniOzoneClusterImpl-b9e7eea4-f922-42a3-9b78-fa3f1bcfe6c2/datanode-2/data-0/containers/hdds to VolumeSet
2022-07-12 20:46:10,109 [Listener at 127.0.0.1/39727] INFO  volume.ThrottledAsyncChecker (ThrottledAsyncChecker.java:schedule(141)) - Scheduling a check for /home/runner/work/ozone/ozone/hadoop-ozone/integration-test/target/test-dir/MiniOzoneClusterImpl-b9e7eea4-f922-42a3-9b78-fa3f1bcfe6c2/datanode-2/data-0/containers/hdds
2022-07-12 20:46:10,110 [Listener at 127.0.0.1/39727] INFO  volume.StorageVolumeChecker (StorageVolumeChecker.java:checkAllVolumes(202)) - Scheduled health check for volume /home/runner/work/ozone/ozone/hadoop-ozone/integration-test/target/test-dir/MiniOzoneClusterImpl-b9e7eea4-f922-42a3-9b78-fa3f1bcfe6c2/datanode-2/data-0/containers/hdds
2022-07-12 20:46:10,169 [Listener at 127.0.0.1/39727] INFO  volume.MutableVolumeSet (MutableVolumeSet.java:initializeVolumeSet(174)) - Added Volume : /home/runner/work/ozone/ozone/hadoop-ozone/integration-test/target/test-dir/MiniOzoneClusterImpl-b9e7eea4-f922-42a3-9b78-fa3f1bcfe6c2/datanode-2/data/ratis to VolumeSet
2022-07-12 20:46:10,169 [Listener at 127.0.0.1/39727] INFO  volume.ThrottledAsyncChecker (ThrottledAsyncChecker.java:schedule(141)) - Scheduling a check for /home/runner/work/ozone/ozone/hadoop-ozone/integration-test/target/test-dir/MiniOzoneClusterImpl-b9e7eea4-f922-42a3-9b78-fa3f1bcfe6c2/datanode-2/data/ratis
2022-07-12 20:46:10,171 [Listener at 127.0.0.1/39727] INFO  volume.StorageVolumeChecker (StorageVolumeChecker.java:checkAllVolumes(202)) - Scheduled health check for volume /home/runner/work/ozone/ozone/hadoop-ozone/integration-test/target/test-dir/MiniOzoneClusterImpl-b9e7eea4-f922-42a3-9b78-fa3f1bcfe6c2/datanode-2/data/ratis
2022-07-12 20:46:10,230 [Thread-1232] INFO  ozoneimpl.ContainerReader (ContainerReader.java:readVolume(175)) - Finish verifying containers on volume /home/runner/work/ozone/ozone/hadoop-ozone/integration-test/target/test-dir/MiniOzoneClusterImpl-b9e7eea4-f922-42a3-9b78-fa3f1bcfe6c2/datanode-2/data-0/containers/hdds
2022-07-12 20:46:10,230 [Listener at 127.0.0.1/39727] INFO  ozoneimpl.OzoneContainer (OzoneContainer.java:buildContainerSet(266)) - Build ContainerSet costs 0s
2022-07-12 20:46:10,232 [Listener at 127.0.0.1/39727] INFO  server.RaftServer (ConfUtils.java:logGet(46)) - raft.rpc.type = GRPC (default)
2022-07-12 20:46:10,232 [Listener at 127.0.0.1/39727] INFO  grpc.GrpcFactory (GrpcFactory.java:checkPooledByteBufAllocatorUseCacheForAllThreads(48)) - PERFORMANCE WARNING: useCacheForAllThreads is true that may cause Netty to create a lot garbage objects and, as a result, trigger GC.
	It is recommended to disable useCacheForAllThreads by setting -Dorg.apache.ratis.thirdparty.io.netty.allocator.useCacheForAllThreads=false in command line.
2022-07-12 20:46:10,232 [Listener at 127.0.0.1/39727] INFO  grpc.GrpcConfigKeys (ConfUtils.java:logGet(46)) - raft.grpc.admin.port = 0 (custom)
2022-07-12 20:46:10,232 [Listener at 127.0.0.1/39727] INFO  grpc.GrpcConfigKeys (ConfUtils.java:logGet(46)) - raft.grpc.client.port = 0 (custom)
2022-07-12 20:46:10,232 [Listener at 127.0.0.1/39727] INFO  grpc.GrpcConfigKeys (ConfUtils.java:logGet(46)) - raft.grpc.server.port = 0 (default)
2022-07-12 20:46:10,232 [Listener at 127.0.0.1/39727] INFO  server.GrpcService (ConfUtils.java:logGet(46)) - raft.grpc.message.size.max = 32MB (=33554432) (custom)
2022-07-12 20:46:10,232 [Listener at 127.0.0.1/39727] INFO  server.RaftServerConfigKeys (ConfUtils.java:logGet(46)) - raft.server.log.appender.buffer.byte-limit = 33554432 (custom)
2022-07-12 20:46:10,232 [Listener at 127.0.0.1/39727] INFO  server.GrpcService (ConfUtils.java:logGet(46)) - raft.grpc.flow.control.window = 5MB (=5242880) (custom)
2022-07-12 20:46:10,233 [Listener at 127.0.0.1/39727] INFO  server.RaftServerConfigKeys (ConfUtils.java:logGet(46)) - raft.server.rpc.request.timeout = 60s (custom)
2022-07-12 20:46:10,233 [Listener at 127.0.0.1/39727] INFO  grpc.GrpcConfigKeys (ConfUtils.java:logGet(46)) - raft.grpc.server.async.request.thread.pool.cached = true (default)
2022-07-12 20:46:10,233 [Listener at 127.0.0.1/39727] INFO  grpc.GrpcConfigKeys (ConfUtils.java:logGet(46)) - raft.grpc.server.async.request.thread.pool.size = 32 (default)
2022-07-12 20:46:10,234 [Listener at 127.0.0.1/39727] INFO  impl.DataStreamServerImpl (ConfUtils.java:logGet(46)) - raft.datastream.type = DISABLED (default)
2022-07-12 20:46:10,234 [Listener at 127.0.0.1/39727] INFO  server.RaftServerConfigKeys (ConfUtils.java:logGet(46)) - raft.server.threadpool.proxy.cached = true (default)
2022-07-12 20:46:10,234 [Listener at 127.0.0.1/39727] INFO  server.RaftServerConfigKeys (ConfUtils.java:logGet(46)) - raft.server.threadpool.proxy.size = 0 (default)
2022-07-12 20:46:10,234 [Listener at 127.0.0.1/39727] INFO  server.RaftServerConfigKeys (ConfUtils.java:logGet(46)) - raft.server.rpc.slowness.timeout = 300s (custom)
2022-07-12 20:46:10,248 [Listener at 127.0.0.1/39727] INFO  server.RaftServerConfigKeys (ConfUtils.java:logGet(46)) - raft.server.leaderelection.leader.step-down.wait-time = 10s (default)
2022-07-12 20:46:10,248 [Listener at 127.0.0.1/39727] INFO  server.RaftServerConfigKeys (ConfUtils.java:logGet(46)) - raft.server.storage.dir = [/home/runner/work/ozone/ozone/hadoop-ozone/integration-test/target/test-dir/MiniOzoneClusterImpl-b9e7eea4-f922-42a3-9b78-fa3f1bcfe6c2/datanode-2/data/ratis] (custom)
2022-07-12 20:46:10,253 [Listener at 127.0.0.1/39727] INFO  server.XceiverServerGrpc (XceiverServerGrpc.java:<init>(132)) - GrpcServer channel type EpollServerSocketChannel
2022-07-12 20:46:10,266 [Listener at 127.0.0.1/39727] INFO  http.BaseHttpServer (BaseHttpServer.java:newHttpServer2BuilderForOzone(209)) - Starting Web-server for hddsDatanode at: http://0.0.0.0:0
2022-07-12 20:46:10,266 [Listener at 127.0.0.1/39727] INFO  http.BaseHttpServer (BaseHttpServer.java:<init>(107)) - Hadoop Security Enabled: false Ozone Security Enabled: false Ozone HTTP Security Enabled: false 
2022-07-12 20:46:10,267 [Listener at 127.0.0.1/39727] INFO  server.AuthenticationFilter (AuthenticationFilter.java:constructSecretProvider(240)) - Unable to initialize FileSignerSecretProvider, falling back to use random secrets.
2022-07-12 20:46:10,267 [Listener at 127.0.0.1/39727] WARN  http.HttpRequestLog (HttpRequestLog.java:getRequestLog(103)) - Jetty request log can only be enabled using Log4j
2022-07-12 20:46:10,268 [Listener at 127.0.0.1/39727] INFO  http.HttpServer2 (HttpServer2.java:addGlobalFilter(1029)) - Added global filter 'safety' (class=org.apache.hadoop.hdds.server.http.HttpServer2$QuotingInputFilter)
2022-07-12 20:46:10,279 [Listener at 127.0.0.1/39727] INFO  http.HttpServer2 (HttpServer2.java:addFilter(1005)) - Added filter static_user_filter (class=org.apache.hadoop.http.lib.StaticUserWebFilter$StaticUserFilter) to context hddsDatanode
2022-07-12 20:46:10,279 [Listener at 127.0.0.1/39727] INFO  http.HttpServer2 (HttpServer2.java:addFilter(1013)) - Added filter static_user_filter (class=org.apache.hadoop.http.lib.StaticUserWebFilter$StaticUserFilter) to context logs
2022-07-12 20:46:10,279 [Listener at 127.0.0.1/39727] INFO  http.HttpServer2 (HttpServer2.java:addFilter(1013)) - Added filter static_user_filter (class=org.apache.hadoop.http.lib.StaticUserWebFilter$StaticUserFilter) to context static
2022-07-12 20:46:10,281 [Listener at 127.0.0.1/39727] INFO  http.HttpServer2 (HttpServer2.java:bindListener(1248)) - Jetty bound to port 45405
2022-07-12 20:46:10,281 [Listener at 127.0.0.1/39727] INFO  server.Server (Server.java:doStart(375)) - jetty-9.4.43.v20210629; built: 2021-06-30T11:07:22.254Z; git: 526006ecfa3af7f1a27ef3a288e2bef7ea9dd7e8; jvm 1.8.0_332-b09
2022-07-12 20:46:10,304 [Listener at 127.0.0.1/39727] INFO  server.session (DefaultSessionIdManager.java:doStart(334)) - DefaultSessionIdManager workerName=node0
2022-07-12 20:46:10,304 [Listener at 127.0.0.1/39727] INFO  server.session (DefaultSessionIdManager.java:doStart(339)) - No SessionScavenger set, using defaults
2022-07-12 20:46:10,304 [Listener at 127.0.0.1/39727] INFO  server.session (HouseKeeper.java:startScavenging(132)) - node0 Scavenging every 660000ms
2022-07-12 20:46:10,305 [Listener at 127.0.0.1/39727] INFO  handler.ContextHandler (ContextHandler.java:doStart(915)) - Started o.e.j.s.ServletContextHandler@7b220f39{logs,/logs,file:///home/runner/work/ozone/ozone/hadoop-ozone/integration-test/target/log,AVAILABLE}
2022-07-12 20:46:10,305 [Listener at 127.0.0.1/39727] INFO  handler.ContextHandler (ContextHandler.java:doStart(915)) - Started o.e.j.s.ServletContextHandler@6425d038{static,/static,jar:file:/home/runner/.m2/repository/org/apache/ozone/hdds-container-service/1.3.0-SNAPSHOT/hdds-container-service-1.3.0-SNAPSHOT.jar!/webapps/static,AVAILABLE}
2022-07-12 20:46:10,998 [Listener at 127.0.0.1/39727] INFO  handler.ContextHandler (ContextHandler.java:doStart(915)) - Started o.e.j.w.WebAppContext@17e23aa8{hddsDatanode,/,file:///tmp/jetty-0_0_0_0-45405-hdds-container-service-1_3_0-SNAPSHOT_jar-_-any-1654454370600339270/webapp/,AVAILABLE}{jar:file:/home/runner/.m2/repository/org/apache/ozone/hdds-container-service/1.3.0-SNAPSHOT/hdds-container-service-1.3.0-SNAPSHOT.jar!/webapps/hddsDatanode}
2022-07-12 20:46:11,003 [Listener at 127.0.0.1/39727] INFO  server.AbstractConnector (AbstractConnector.java:doStart(331)) - Started ServerConnector@6de4904f{HTTP/1.1, (http/1.1)}{0.0.0.0:45405}
2022-07-12 20:46:11,004 [Listener at 127.0.0.1/39727] INFO  server.Server (Server.java:doStart(415)) - Started @169378ms
2022-07-12 20:46:11,004 [Listener at 127.0.0.1/39727] WARN  impl.MetricsSystemImpl (MetricsSystemImpl.java:register(279)) - Sink prometheus already exists!
2022-07-12 20:46:11,027 [Listener at 127.0.0.1/39727] INFO  http.BaseHttpServer (BaseHttpServer.java:updateConnectorAddress(329)) - HTTP server of hddsDatanode listening at http://0.0.0.0:45405
2022-07-12 20:46:11,031 [Listener at 127.0.0.1/39727] INFO  ozone.MiniOzoneClusterImpl (MiniOzoneClusterImpl.java:lambda$waitForClusterToBeReady$0(223)) - Waiting for nodes to be ready. Got 0 of 3 DN Heartbeats.
2022-07-12 20:46:11,032 [Listener at 127.0.0.1/39727] INFO  ozone.MiniOzoneClusterImpl (MiniOzoneClusterImpl.java:lambda$waitForClusterToBeReady$0(226)) - Waiting for cluster to exit safe mode
2022-07-12 20:46:11,032 [Listener at 127.0.0.1/39727] INFO  ozone.MiniOzoneClusterImpl (MiniOzoneClusterImpl.java:lambda$waitForClusterToBeReady$0(228)) - SCM became leader
2022-07-12 20:46:11,033 [Datanode State Machine Daemon Thread] INFO  statemachine.DatanodeStateMachine (DatanodeStateMachine.java:lambda$startDaemon$0(492)) - Ozone container server started.
2022-07-12 20:46:11,071 [org.apache.hadoop.util.JvmPauseMonitor$Monitor@3578438f] INFO  util.JvmPauseMonitor (JvmPauseMonitor.java:run(188)) - Starting JVM pause monitor
2022-07-12 20:46:11,096 [Datanode State Machine Task Thread - 0] INFO  datanode.InitDatanodeState (InitDatanodeState.java:persistContainerDatanodeDetails(138)) - DatanodeDetails is persisted to /home/runner/work/ozone/ozone/hadoop-ozone/integration-test/target/test-dir/MiniOzoneClusterImpl-b9e7eea4-f922-42a3-9b78-fa3f1bcfe6c2/datanode-2/meta/datanode.id
2022-07-12 20:46:11,104 [EndpointStateMachine task thread for /0.0.0.0:43201 - 0 ] INFO  volume.HddsVolume (HddsVolume.java:createDbStore(309)) - SchemaV3 db is created and loaded at /home/runner/work/ozone/ozone/hadoop-ozone/integration-test/target/test-dir/MiniOzoneClusterImpl-b9e7eea4-f922-42a3-9b78-fa3f1bcfe6c2/datanode-0/data-0/containers/hdds/b9e7eea4-f922-42a3-9b78-fa3f1bcfe6c2/DS-62c80b42-4efb-40ec-b2ff-a55897862142/container.db for volume DS-62c80b42-4efb-40ec-b2ff-a55897862142
2022-07-12 20:46:11,131 [EndpointStateMachine task thread for /0.0.0.0:43201 - 0 ] INFO  volume.HddsVolume (HddsVolume.java:closeDbStore(340)) - SchemaV3 db is stopped at /home/runner/work/ozone/ozone/hadoop-ozone/integration-test/target/test-dir/MiniOzoneClusterImpl-b9e7eea4-f922-42a3-9b78-fa3f1bcfe6c2/datanode-0/data-0/containers/hdds/b9e7eea4-f922-42a3-9b78-fa3f1bcfe6c2/DS-62c80b42-4efb-40ec-b2ff-a55897862142/container.db for volume DS-62c80b42-4efb-40ec-b2ff-a55897862142
2022-07-12 20:46:11,131 [EndpointStateMachine task thread for /0.0.0.0:43201 - 0 ] INFO  ozoneimpl.OzoneContainer (OzoneContainer.java:start(344)) - Attempting to start container services.
2022-07-12 20:46:11,132 [EndpointStateMachine task thread for /0.0.0.0:43201 - 0 ] INFO  ozoneimpl.OzoneContainer (OzoneContainer.java:startContainerScrub(279)) - Background container scanner has been disabled.
2022-07-12 20:46:11,155 [EndpointStateMachine task thread for /0.0.0.0:43201 - 0 ] INFO  replication.ReplicationServer (ReplicationServer.java:start(111)) - ReplicationServer is started using port 43019
2022-07-12 20:46:11,156 [EndpointStateMachine task thread for /0.0.0.0:43201 - 0 ] INFO  ratis.XceiverServerRatis (XceiverServerRatis.java:start(481)) - Starting XceiverServerRatis da8f3bd6-6313-4743-a67a-92c6eeaa827b
2022-07-12 20:46:11,159 [EndpointStateMachine task thread for /0.0.0.0:43201 - 0 ] INFO  server.RaftServer (RaftServerProxy.java:lambda$start$6(382)) - da8f3bd6-6313-4743-a67a-92c6eeaa827b: start RPC server
2022-07-12 20:46:11,163 [EndpointStateMachine task thread for /0.0.0.0:43201 - 0 ] INFO  server.GrpcService (GrpcService.java:startImpl(260)) - da8f3bd6-6313-4743-a67a-92c6eeaa827b: GrpcService started, listening on 35583
2022-07-12 20:46:11,163 [EndpointStateMachine task thread for /0.0.0.0:43201 - 0 ] INFO  ratis.XceiverServerRatis (XceiverServerRatis.java:getRealPort(502)) - XceiverServerRatis da8f3bd6-6313-4743-a67a-92c6eeaa827b is started using port 35583 for RATIS
2022-07-12 20:46:11,163 [EndpointStateMachine task thread for /0.0.0.0:43201 - 0 ] INFO  ratis.XceiverServerRatis (XceiverServerRatis.java:getRealPort(502)) - XceiverServerRatis da8f3bd6-6313-4743-a67a-92c6eeaa827b is started using port 35583 for RATIS_ADMIN
2022-07-12 20:46:11,163 [EndpointStateMachine task thread for /0.0.0.0:43201 - 0 ] INFO  ratis.XceiverServerRatis (XceiverServerRatis.java:getRealPort(502)) - XceiverServerRatis da8f3bd6-6313-4743-a67a-92c6eeaa827b is started using port 35583 for RATIS_SERVER
2022-07-12 20:46:11,163 [org.apache.ratis.util.JvmPauseMonitor$$Lambda$680/1268395511@6da5ec19] INFO  util.JvmPauseMonitor (JvmPauseMonitor.java:run(103)) - JvmPauseMonitor-da8f3bd6-6313-4743-a67a-92c6eeaa827b: Started
2022-07-12 20:46:11,255 [EndpointStateMachine task thread for /0.0.0.0:43201 - 0 ] INFO  server.XceiverServerGrpc (XceiverServerGrpc.java:start(180)) - XceiverServerGrpc da8f3bd6-6313-4743-a67a-92c6eeaa827b is started using port 39097
2022-07-12 20:46:11,928 [EndpointStateMachine task thread for /0.0.0.0:43201 - 0 ] INFO  volume.HddsVolume (HddsVolume.java:createDbStore(309)) - SchemaV3 db is created and loaded at /home/runner/work/ozone/ozone/hadoop-ozone/integration-test/target/test-dir/MiniOzoneClusterImpl-b9e7eea4-f922-42a3-9b78-fa3f1bcfe6c2/datanode-1/data-0/containers/hdds/b9e7eea4-f922-42a3-9b78-fa3f1bcfe6c2/DS-688a7591-6b58-420c-a1bd-99ae3d9c1c29/container.db for volume DS-688a7591-6b58-420c-a1bd-99ae3d9c1c29
2022-07-12 20:46:11,929 [EndpointStateMachine task thread for /0.0.0.0:43201 - 0 ] INFO  volume.HddsVolume (HddsVolume.java:closeDbStore(340)) - SchemaV3 db is stopped at /home/runner/work/ozone/ozone/hadoop-ozone/integration-test/target/test-dir/MiniOzoneClusterImpl-b9e7eea4-f922-42a3-9b78-fa3f1bcfe6c2/datanode-1/data-0/containers/hdds/b9e7eea4-f922-42a3-9b78-fa3f1bcfe6c2/DS-688a7591-6b58-420c-a1bd-99ae3d9c1c29/container.db for volume DS-688a7591-6b58-420c-a1bd-99ae3d9c1c29
2022-07-12 20:46:11,929 [EndpointStateMachine task thread for /0.0.0.0:43201 - 0 ] INFO  ozoneimpl.OzoneContainer (OzoneContainer.java:start(344)) - Attempting to start container services.
2022-07-12 20:46:11,929 [EndpointStateMachine task thread for /0.0.0.0:43201 - 0 ] INFO  ozoneimpl.OzoneContainer (OzoneContainer.java:startContainerScrub(279)) - Background container scanner has been disabled.
2022-07-12 20:46:11,963 [EndpointStateMachine task thread for /0.0.0.0:43201 - 0 ] INFO  replication.ReplicationServer (ReplicationServer.java:start(111)) - ReplicationServer is started using port 46269
2022-07-12 20:46:11,964 [EndpointStateMachine task thread for /0.0.0.0:43201 - 0 ] INFO  ratis.XceiverServerRatis (XceiverServerRatis.java:start(481)) - Starting XceiverServerRatis 8b72257c-a75e-474b-98b3-56dadc4b3e72
2022-07-12 20:46:11,964 [EndpointStateMachine task thread for /0.0.0.0:43201 - 0 ] INFO  server.RaftServer (RaftServerProxy.java:lambda$start$6(382)) - 8b72257c-a75e-474b-98b3-56dadc4b3e72: start RPC server
2022-07-12 20:46:11,983 [EndpointStateMachine task thread for /0.0.0.0:43201 - 0 ] INFO  server.GrpcService (GrpcService.java:startImpl(260)) - 8b72257c-a75e-474b-98b3-56dadc4b3e72: GrpcService started, listening on 36051
2022-07-12 20:46:11,987 [EndpointStateMachine task thread for /0.0.0.0:43201 - 0 ] INFO  ratis.XceiverServerRatis (XceiverServerRatis.java:getRealPort(502)) - XceiverServerRatis 8b72257c-a75e-474b-98b3-56dadc4b3e72 is started using port 36051 for RATIS
2022-07-12 20:46:11,987 [EndpointStateMachine task thread for /0.0.0.0:43201 - 0 ] INFO  ratis.XceiverServerRatis (XceiverServerRatis.java:getRealPort(502)) - XceiverServerRatis 8b72257c-a75e-474b-98b3-56dadc4b3e72 is started using port 36051 for RATIS_ADMIN
2022-07-12 20:46:11,987 [EndpointStateMachine task thread for /0.0.0.0:43201 - 0 ] INFO  ratis.XceiverServerRatis (XceiverServerRatis.java:getRealPort(502)) - XceiverServerRatis 8b72257c-a75e-474b-98b3-56dadc4b3e72 is started using port 36051 for RATIS_SERVER
2022-07-12 20:46:11,987 [org.apache.ratis.util.JvmPauseMonitor$$Lambda$680/1268395511@574739f9] INFO  util.JvmPauseMonitor (JvmPauseMonitor.java:run(103)) - JvmPauseMonitor-8b72257c-a75e-474b-98b3-56dadc4b3e72: Started
2022-07-12 20:46:12,032 [Listener at 127.0.0.1/39727] INFO  ozone.MiniOzoneClusterImpl (MiniOzoneClusterImpl.java:lambda$waitForClusterToBeReady$0(223)) - Waiting for nodes to be ready. Got 0 of 3 DN Heartbeats.
2022-07-12 20:46:12,032 [Listener at 127.0.0.1/39727] INFO  ozone.MiniOzoneClusterImpl (MiniOzoneClusterImpl.java:lambda$waitForClusterToBeReady$0(226)) - Waiting for cluster to exit safe mode
2022-07-12 20:46:12,032 [Listener at 127.0.0.1/39727] INFO  ozone.MiniOzoneClusterImpl (MiniOzoneClusterImpl.java:lambda$waitForClusterToBeReady$0(228)) - SCM became leader
2022-07-12 20:46:12,060 [EndpointStateMachine task thread for /0.0.0.0:43201 - 0 ] INFO  server.XceiverServerGrpc (XceiverServerGrpc.java:start(180)) - XceiverServerGrpc 8b72257c-a75e-474b-98b3-56dadc4b3e72 is started using port 33445
2022-07-12 20:46:12,855 [IPC Server handler 0 on default port 43201] INFO  net.NetworkTopologyImpl (NetworkTopologyImpl.java:add(112)) - Added a new node: /default-rack/da8f3bd6-6313-4743-a67a-92c6eeaa827b
2022-07-12 20:46:12,855 [IPC Server handler 0 on default port 43201] INFO  node.SCMNodeManager (SCMNodeManager.java:register(397)) - Registered Data node : da8f3bd6-6313-4743-a67a-92c6eeaa827b{ip: 10.1.0.33, host: fv-az29-983.0gf2enmb5avurc1gjtxldx4mnh.bx.internal.cloudapp.net, ports: [REPLICATION=43019, RATIS=35583, RATIS_ADMIN=35583, RATIS_SERVER=35583, STANDALONE=39097], networkLocation: /default-rack, certSerialId: null, persistedOpState: null, persistedOpStateExpiryEpochSec: 0}
2022-07-12 20:46:12,857 [EventQueue-NodeRegistrationContainerReportForContainerSafeModeRule] INFO  safemode.SCMSafeModeManager (SCMSafeModeManager.java:validateSafeModeExitRules(204)) - ContainerSafeModeRule rule is successfully validated
2022-07-12 20:46:12,857 [EventQueue-NodeRegistrationContainerReportForDataNodeSafeModeRule] INFO  safemode.SCMSafeModeManager (DataNodeSafeModeRule.java:process(71)) - SCM in safe mode. 1 DataNodes registered, 3 required.
2022-07-12 20:46:12,880 [EventQueue-NewNodeForNewNodeHandler] INFO  pipeline.BackgroundPipelineCreator (BackgroundPipelineCreator.java:notifyEventTriggered(275)) - trigger a one-shot run on RatisPipelineUtilsThread.
2022-07-12 20:46:12,881 [RatisPipelineUtilsThread - 0] INFO  pipeline.RatisPipelineProvider (RatisPipelineProvider.java:lambda$create$0(195)) - Sending CreatePipelineCommand for pipeline:PipelineID=661c6f28-c3d9-4854-a0e2-e279882fac15 to datanode:da8f3bd6-6313-4743-a67a-92c6eeaa827b
2022-07-12 20:46:12,881 [EventQueue-PipelineReportForOneReplicaPipelineSafeModeRule] INFO  safemode.SCMSafeModeManager (SCMSafeModeManager.java:validateSafeModeExitRules(204)) - AtleastOneDatanodeReportedRule rule is successfully validated
2022-07-12 20:46:12,891 [RatisPipelineUtilsThread - 0] INFO  pipeline.PipelineStateManagerImpl (PipelineStateManagerImpl.java:addPipeline(103)) - Created pipeline Pipeline[ Id: 661c6f28-c3d9-4854-a0e2-e279882fac15, Nodes: da8f3bd6-6313-4743-a67a-92c6eeaa827b{ip: 10.1.0.33, host: fv-az29-983.0gf2enmb5avurc1gjtxldx4mnh.bx.internal.cloudapp.net, ports: [REPLICATION=43019, RATIS=35583, RATIS_ADMIN=35583, RATIS_SERVER=35583, STANDALONE=39097], networkLocation: /default-rack, certSerialId: null, persistedOpState: IN_SERVICE, persistedOpStateExpiryEpochSec: 0}, ReplicationConfig: RATIS/ONE, State:ALLOCATED, leaderId:, CreationTimestamp2022-07-12T20:46:12.881Z[Etc/UTC]].
2022-07-12 20:46:13,033 [Listener at 127.0.0.1/39727] INFO  ozone.MiniOzoneClusterImpl (MiniOzoneClusterImpl.java:lambda$waitForClusterToBeReady$0(223)) - Waiting for nodes to be ready. Got 1 of 3 DN Heartbeats.
2022-07-12 20:46:13,033 [Listener at 127.0.0.1/39727] INFO  ozone.MiniOzoneClusterImpl (MiniOzoneClusterImpl.java:lambda$waitForClusterToBeReady$0(226)) - Waiting for cluster to exit safe mode
2022-07-12 20:46:13,033 [Listener at 127.0.0.1/39727] INFO  ozone.MiniOzoneClusterImpl (MiniOzoneClusterImpl.java:lambda$waitForClusterToBeReady$0(228)) - SCM became leader
2022-07-12 20:46:13,199 [EndpointStateMachine task thread for /0.0.0.0:43201 - 0 ] INFO  volume.HddsVolume (HddsVolume.java:createDbStore(309)) - SchemaV3 db is created and loaded at /home/runner/work/ozone/ozone/hadoop-ozone/integration-test/target/test-dir/MiniOzoneClusterImpl-b9e7eea4-f922-42a3-9b78-fa3f1bcfe6c2/datanode-2/data-0/containers/hdds/b9e7eea4-f922-42a3-9b78-fa3f1bcfe6c2/DS-91564d30-7bad-4b21-946b-6c0b7fbc936e/container.db for volume DS-91564d30-7bad-4b21-946b-6c0b7fbc936e
2022-07-12 20:46:13,199 [EndpointStateMachine task thread for /0.0.0.0:43201 - 0 ] INFO  volume.HddsVolume (HddsVolume.java:closeDbStore(340)) - SchemaV3 db is stopped at /home/runner/work/ozone/ozone/hadoop-ozone/integration-test/target/test-dir/MiniOzoneClusterImpl-b9e7eea4-f922-42a3-9b78-fa3f1bcfe6c2/datanode-2/data-0/containers/hdds/b9e7eea4-f922-42a3-9b78-fa3f1bcfe6c2/DS-91564d30-7bad-4b21-946b-6c0b7fbc936e/container.db for volume DS-91564d30-7bad-4b21-946b-6c0b7fbc936e
2022-07-12 20:46:13,199 [EndpointStateMachine task thread for /0.0.0.0:43201 - 0 ] INFO  ozoneimpl.OzoneContainer (OzoneContainer.java:start(344)) - Attempting to start container services.
2022-07-12 20:46:13,199 [EndpointStateMachine task thread for /0.0.0.0:43201 - 0 ] INFO  ozoneimpl.OzoneContainer (OzoneContainer.java:startContainerScrub(279)) - Background container scanner has been disabled.
2022-07-12 20:46:13,217 [EndpointStateMachine task thread for /0.0.0.0:43201 - 0 ] INFO  replication.ReplicationServer (ReplicationServer.java:start(111)) - ReplicationServer is started using port 35339
2022-07-12 20:46:13,218 [EndpointStateMachine task thread for /0.0.0.0:43201 - 0 ] INFO  ratis.XceiverServerRatis (XceiverServerRatis.java:start(481)) - Starting XceiverServerRatis f384af3f-b43c-4c77-9439-f4423bf7a7c1
2022-07-12 20:46:13,221 [EndpointStateMachine task thread for /0.0.0.0:43201 - 0 ] INFO  server.RaftServer (RaftServerProxy.java:lambda$start$6(382)) - f384af3f-b43c-4c77-9439-f4423bf7a7c1: start RPC server
2022-07-12 20:46:13,247 [EndpointStateMachine task thread for /0.0.0.0:43201 - 0 ] INFO  server.GrpcService (GrpcService.java:startImpl(260)) - f384af3f-b43c-4c77-9439-f4423bf7a7c1: GrpcService started, listening on 35233
2022-07-12 20:46:13,251 [EndpointStateMachine task thread for /0.0.0.0:43201 - 0 ] INFO  ratis.XceiverServerRatis (XceiverServerRatis.java:getRealPort(502)) - XceiverServerRatis f384af3f-b43c-4c77-9439-f4423bf7a7c1 is started using port 35233 for RATIS
2022-07-12 20:46:13,251 [EndpointStateMachine task thread for /0.0.0.0:43201 - 0 ] INFO  ratis.XceiverServerRatis (XceiverServerRatis.java:getRealPort(502)) - XceiverServerRatis f384af3f-b43c-4c77-9439-f4423bf7a7c1 is started using port 35233 for RATIS_ADMIN
2022-07-12 20:46:13,251 [EndpointStateMachine task thread for /0.0.0.0:43201 - 0 ] INFO  ratis.XceiverServerRatis (XceiverServerRatis.java:getRealPort(502)) - XceiverServerRatis f384af3f-b43c-4c77-9439-f4423bf7a7c1 is started using port 35233 for RATIS_SERVER
2022-07-12 20:46:13,251 [org.apache.ratis.util.JvmPauseMonitor$$Lambda$680/1268395511@26af292] INFO  util.JvmPauseMonitor (JvmPauseMonitor.java:run(103)) - JvmPauseMonitor-f384af3f-b43c-4c77-9439-f4423bf7a7c1: Started
2022-07-12 20:46:13,298 [EndpointStateMachine task thread for /0.0.0.0:43201 - 0 ] INFO  server.XceiverServerGrpc (XceiverServerGrpc.java:start(180)) - XceiverServerGrpc f384af3f-b43c-4c77-9439-f4423bf7a7c1 is started using port 42601
2022-07-12 20:46:13,877 [IPC Server handler 15 on default port 43201] INFO  net.NetworkTopologyImpl (NetworkTopologyImpl.java:add(112)) - Added a new node: /default-rack/8b72257c-a75e-474b-98b3-56dadc4b3e72
2022-07-12 20:46:13,877 [IPC Server handler 15 on default port 43201] INFO  node.SCMNodeManager (SCMNodeManager.java:register(397)) - Registered Data node : 8b72257c-a75e-474b-98b3-56dadc4b3e72{ip: 10.1.0.33, host: fv-az29-983.0gf2enmb5avurc1gjtxldx4mnh.bx.internal.cloudapp.net, ports: [REPLICATION=46269, RATIS=36051, RATIS_ADMIN=36051, RATIS_SERVER=36051, STANDALONE=33445], networkLocation: /default-rack, certSerialId: null, persistedOpState: null, persistedOpStateExpiryEpochSec: 0}
2022-07-12 20:46:13,877 [EventQueue-NewNodeForNewNodeHandler] INFO  pipeline.BackgroundPipelineCreator (BackgroundPipelineCreator.java:notifyEventTriggered(275)) - trigger a one-shot run on RatisPipelineUtilsThread.
2022-07-12 20:46:13,916 [RatisPipelineUtilsThread - 0] INFO  pipeline.RatisPipelineProvider (RatisPipelineProvider.java:lambda$create$0(195)) - Sending CreatePipelineCommand for pipeline:PipelineID=949703c7-f3a9-47b2-8d54-48b290496d52 to datanode:8b72257c-a75e-474b-98b3-56dadc4b3e72
2022-07-12 20:46:13,916 [RatisPipelineUtilsThread - 0] INFO  pipeline.PipelineStateManagerImpl (PipelineStateManagerImpl.java:addPipeline(103)) - Created pipeline Pipeline[ Id: 949703c7-f3a9-47b2-8d54-48b290496d52, Nodes: 8b72257c-a75e-474b-98b3-56dadc4b3e72{ip: 10.1.0.33, host: fv-az29-983.0gf2enmb5avurc1gjtxldx4mnh.bx.internal.cloudapp.net, ports: [REPLICATION=46269, RATIS=36051, RATIS_ADMIN=36051, RATIS_SERVER=36051, STANDALONE=33445], networkLocation: /default-rack, certSerialId: null, persistedOpState: IN_SERVICE, persistedOpStateExpiryEpochSec: 0}, ReplicationConfig: RATIS/ONE, State:ALLOCATED, leaderId:, CreationTimestamp2022-07-12T20:46:13.916Z[Etc/UTC]].
2022-07-12 20:46:13,937 [EventQueue-NodeRegistrationContainerReportForDataNodeSafeModeRule] INFO  safemode.SCMSafeModeManager (DataNodeSafeModeRule.java:process(71)) - SCM in safe mode. 2 DataNodes registered, 3 required.
2022-07-12 20:46:14,033 [Listener at 127.0.0.1/39727] INFO  ozone.MiniOzoneClusterImpl (MiniOzoneClusterImpl.java:lambda$waitForClusterToBeReady$0(223)) - Waiting for nodes to be ready. Got 2 of 3 DN Heartbeats.
2022-07-12 20:46:14,033 [Listener at 127.0.0.1/39727] INFO  ozone.MiniOzoneClusterImpl (MiniOzoneClusterImpl.java:lambda$waitForClusterToBeReady$0(226)) - Waiting for cluster to exit safe mode
2022-07-12 20:46:14,033 [Listener at 127.0.0.1/39727] INFO  ozone.MiniOzoneClusterImpl (MiniOzoneClusterImpl.java:lambda$waitForClusterToBeReady$0(228)) - SCM became leader
2022-07-12 20:46:15,039 [Listener at 127.0.0.1/39727] INFO  ozone.MiniOzoneClusterImpl (MiniOzoneClusterImpl.java:lambda$waitForClusterToBeReady$0(223)) - Waiting for nodes to be ready. Got 2 of 3 DN Heartbeats.
2022-07-12 20:46:15,039 [Listener at 127.0.0.1/39727] INFO  ozone.MiniOzoneClusterImpl (MiniOzoneClusterImpl.java:lambda$waitForClusterToBeReady$0(226)) - Waiting for cluster to exit safe mode
2022-07-12 20:46:15,039 [Listener at 127.0.0.1/39727] INFO  ozone.MiniOzoneClusterImpl (MiniOzoneClusterImpl.java:lambda$waitForClusterToBeReady$0(228)) - SCM became leader
2022-07-12 20:46:15,075 [IPC Server handler 2 on default port 43201] INFO  net.NetworkTopologyImpl (NetworkTopologyImpl.java:add(112)) - Added a new node: /default-rack/f384af3f-b43c-4c77-9439-f4423bf7a7c1
2022-07-12 20:46:15,075 [IPC Server handler 2 on default port 43201] INFO  node.SCMNodeManager (SCMNodeManager.java:register(397)) - Registered Data node : f384af3f-b43c-4c77-9439-f4423bf7a7c1{ip: 10.1.0.33, host: fv-az29-983.0gf2enmb5avurc1gjtxldx4mnh.bx.internal.cloudapp.net, ports: [REPLICATION=35339, RATIS=35233, RATIS_ADMIN=35233, RATIS_SERVER=35233, STANDALONE=42601], networkLocation: /default-rack, certSerialId: null, persistedOpState: null, persistedOpStateExpiryEpochSec: 0}
2022-07-12 20:46:15,076 [EventQueue-NewNodeForNewNodeHandler] INFO  pipeline.BackgroundPipelineCreator (BackgroundPipelineCreator.java:notifyEventTriggered(275)) - trigger a one-shot run on RatisPipelineUtilsThread.
2022-07-12 20:46:15,076 [EventQueue-NodeRegistrationContainerReportForDataNodeSafeModeRule] INFO  safemode.SCMSafeModeManager (DataNodeSafeModeRule.java:process(71)) - SCM in safe mode. 3 DataNodes registered, 3 required.
2022-07-12 20:46:15,076 [EventQueue-NodeRegistrationContainerReportForDataNodeSafeModeRule] INFO  safemode.SCMSafeModeManager (SCMSafeModeManager.java:validateSafeModeExitRules(204)) - DataNodeSafeModeRule rule is successfully validated
2022-07-12 20:46:15,076 [EventQueue-NodeRegistrationContainerReportForDataNodeSafeModeRule] INFO  safemode.SCMSafeModeManager (SCMSafeModeManager.java:completePreCheck(233)) - All SCM safe mode pre check rules have passed
2022-07-12 20:46:15,076 [EventQueue-NodeRegistrationContainerReportForDataNodeSafeModeRule] WARN  events.EventQueue (EventQueue.java:fireEvent(216)) - No event handler registered for event TypedEvent{payloadType=SafeModeStatus, name='Safe mode status'}
2022-07-12 20:46:15,076 [EventQueue-NodeRegistrationContainerReportForDataNodeSafeModeRule] INFO  ha.SCMContext (SCMContext.java:updateSafeModeStatus(228)) - Update SafeModeStatus from SafeModeStatus{safeModeStatus=true, preCheckPassed=false} to SafeModeStatus{safeModeStatus=true, preCheckPassed=true}.
2022-07-12 20:46:15,076 [EventQueue-NodeRegistrationContainerReportForDataNodeSafeModeRule] INFO  pipeline.BackgroundPipelineCreator (BackgroundPipelineCreator.java:notifyEventTriggered(275)) - trigger a one-shot run on RatisPipelineUtilsThread.
2022-07-12 20:46:15,080 [RatisPipelineUtilsThread - 0] INFO  pipeline.RatisPipelineProvider (RatisPipelineProvider.java:lambda$create$0(195)) - Sending CreatePipelineCommand for pipeline:PipelineID=dd6c27e2-8f30-41a3-a398-07a58d1c52bc to datanode:f384af3f-b43c-4c77-9439-f4423bf7a7c1
2022-07-12 20:46:15,080 [RatisPipelineUtilsThread - 0] INFO  pipeline.PipelineStateManagerImpl (PipelineStateManagerImpl.java:addPipeline(103)) - Created pipeline Pipeline[ Id: dd6c27e2-8f30-41a3-a398-07a58d1c52bc, Nodes: f384af3f-b43c-4c77-9439-f4423bf7a7c1{ip: 10.1.0.33, host: fv-az29-983.0gf2enmb5avurc1gjtxldx4mnh.bx.internal.cloudapp.net, ports: [REPLICATION=35339, RATIS=35233, RATIS_ADMIN=35233, RATIS_SERVER=35233, STANDALONE=42601], networkLocation: /default-rack, certSerialId: null, persistedOpState: IN_SERVICE, persistedOpStateExpiryEpochSec: 0}, ReplicationConfig: RATIS/ONE, State:ALLOCATED, leaderId:, CreationTimestamp2022-07-12T20:46:15.080Z[Etc/UTC]].
2022-07-12 20:46:15,080 [RatisPipelineUtilsThread - 0] INFO  pipeline.RatisPipelineProvider (RatisPipelineProvider.java:lambda$create$0(195)) - Sending CreatePipelineCommand for pipeline:PipelineID=32fe18c0-3f98-4268-8d73-3848fee6edf4 to datanode:f384af3f-b43c-4c77-9439-f4423bf7a7c1
2022-07-12 20:46:15,080 [RatisPipelineUtilsThread - 0] INFO  pipeline.RatisPipelineProvider (RatisPipelineProvider.java:lambda$create$0(195)) - Sending CreatePipelineCommand for pipeline:PipelineID=32fe18c0-3f98-4268-8d73-3848fee6edf4 to datanode:da8f3bd6-6313-4743-a67a-92c6eeaa827b
2022-07-12 20:46:15,081 [RatisPipelineUtilsThread - 0] INFO  pipeline.RatisPipelineProvider (RatisPipelineProvider.java:lambda$create$0(195)) - Sending CreatePipelineCommand for pipeline:PipelineID=32fe18c0-3f98-4268-8d73-3848fee6edf4 to datanode:8b72257c-a75e-474b-98b3-56dadc4b3e72
2022-07-12 20:46:15,081 [RatisPipelineUtilsThread - 0] INFO  pipeline.PipelineStateManagerImpl (PipelineStateManagerImpl.java:addPipeline(103)) - Created pipeline Pipeline[ Id: 32fe18c0-3f98-4268-8d73-3848fee6edf4, Nodes: f384af3f-b43c-4c77-9439-f4423bf7a7c1{ip: 10.1.0.33, host: fv-az29-983.0gf2enmb5avurc1gjtxldx4mnh.bx.internal.cloudapp.net, ports: [REPLICATION=35339, RATIS=35233, RATIS_ADMIN=35233, RATIS_SERVER=35233, STANDALONE=42601], networkLocation: /default-rack, certSerialId: null, persistedOpState: IN_SERVICE, persistedOpStateExpiryEpochSec: 0}da8f3bd6-6313-4743-a67a-92c6eeaa827b{ip: 10.1.0.33, host: fv-az29-983.0gf2enmb5avurc1gjtxldx4mnh.bx.internal.cloudapp.net, ports: [REPLICATION=43019, RATIS=35583, RATIS_ADMIN=35583, RATIS_SERVER=35583, STANDALONE=39097], networkLocation: /default-rack, certSerialId: null, persistedOpState: IN_SERVICE, persistedOpStateExpiryEpochSec: 0}8b72257c-a75e-474b-98b3-56dadc4b3e72{ip: 10.1.0.33, host: fv-az29-983.0gf2enmb5avurc1gjtxldx4mnh.bx.internal.cloudapp.net, ports: [REPLICATION=46269, RATIS=36051, RATIS_ADMIN=36051, RATIS_SERVER=36051, STANDALONE=33445], networkLocation: /default-rack, certSerialId: null, persistedOpState: IN_SERVICE, persistedOpStateExpiryEpochSec: 0}, ReplicationConfig: RATIS/THREE, State:ALLOCATED, leaderId:, CreationTimestamp2022-07-12T20:46:15.080Z[Etc/UTC]].
2022-07-12 20:46:15,081 [RatisPipelineUtilsThread - 0] INFO  pipeline.RatisPipelineProvider (RatisPipelineProvider.java:lambda$create$0(195)) - Sending CreatePipelineCommand for pipeline:PipelineID=bdf021bf-9405-4d42-899e-f8c6dfbd40ac to datanode:8b72257c-a75e-474b-98b3-56dadc4b3e72
2022-07-12 20:46:15,081 [RatisPipelineUtilsThread - 0] INFO  pipeline.RatisPipelineProvider (RatisPipelineProvider.java:lambda$create$0(195)) - Sending CreatePipelineCommand for pipeline:PipelineID=bdf021bf-9405-4d42-899e-f8c6dfbd40ac to datanode:da8f3bd6-6313-4743-a67a-92c6eeaa827b
2022-07-12 20:46:15,081 [RatisPipelineUtilsThread - 0] INFO  pipeline.RatisPipelineProvider (RatisPipelineProvider.java:lambda$create$0(195)) - Sending CreatePipelineCommand for pipeline:PipelineID=bdf021bf-9405-4d42-899e-f8c6dfbd40ac to datanode:f384af3f-b43c-4c77-9439-f4423bf7a7c1
2022-07-12 20:46:15,082 [RatisPipelineUtilsThread - 0] INFO  pipeline.PipelineStateManagerImpl (PipelineStateManagerImpl.java:addPipeline(103)) - Created pipeline Pipeline[ Id: bdf021bf-9405-4d42-899e-f8c6dfbd40ac, Nodes: 8b72257c-a75e-474b-98b3-56dadc4b3e72{ip: 10.1.0.33, host: fv-az29-983.0gf2enmb5avurc1gjtxldx4mnh.bx.internal.cloudapp.net, ports: [REPLICATION=46269, RATIS=36051, RATIS_ADMIN=36051, RATIS_SERVER=36051, STANDALONE=33445], networkLocation: /default-rack, certSerialId: null, persistedOpState: IN_SERVICE, persistedOpStateExpiryEpochSec: 0}da8f3bd6-6313-4743-a67a-92c6eeaa827b{ip: 10.1.0.33, host: fv-az29-983.0gf2enmb5avurc1gjtxldx4mnh.bx.internal.cloudapp.net, ports: [REPLICATION=43019, RATIS=35583, RATIS_ADMIN=35583, RATIS_SERVER=35583, STANDALONE=39097], networkLocation: /default-rack, certSerialId: null, persistedOpState: IN_SERVICE, persistedOpStateExpiryEpochSec: 0}f384af3f-b43c-4c77-9439-f4423bf7a7c1{ip: 10.1.0.33, host: fv-az29-983.0gf2enmb5avurc1gjtxldx4mnh.bx.internal.cloudapp.net, ports: [REPLICATION=35339, RATIS=35233, RATIS_ADMIN=35233, RATIS_SERVER=35233, STANDALONE=42601], networkLocation: /default-rack, certSerialId: null, persistedOpState: IN_SERVICE, persistedOpStateExpiryEpochSec: 0}, ReplicationConfig: RATIS/THREE, State:ALLOCATED, leaderId:, CreationTimestamp2022-07-12T20:46:15.081Z[Etc/UTC]].
2022-07-12 20:46:15,082 [RatisPipelineUtilsThread - 0] INFO  pipeline.PipelineManagerImpl (PipelineManagerImpl.java:recordMetricsForPipeline(782)) - Pipeline: PipelineID=bdf021bf-9405-4d42-899e-f8c6dfbd40ac contains same datanodes as previous pipelines: PipelineID=32fe18c0-3f98-4268-8d73-3848fee6edf4 nodeIds: 8b72257c-a75e-474b-98b3-56dadc4b3e72, da8f3bd6-6313-4743-a67a-92c6eeaa827b, f384af3f-b43c-4c77-9439-f4423bf7a7c1
2022-07-12 20:46:15,855 [Command processor thread] INFO  server.RaftServer (RaftServerProxy.java:addNew(96)) - da8f3bd6-6313-4743-a67a-92c6eeaa827b: addNew group-E279882FAC15:[da8f3bd6-6313-4743-a67a-92c6eeaa827b|rpc:10.1.0.33:35583|priority:1] returns group-E279882FAC15:java.util.concurrent.CompletableFuture@1864e841[Not completed]
2022-07-12 20:46:15,872 [pool-656-thread-1] INFO  server.RaftServer$Division (RaftServerImpl.java:<init>(190)) - da8f3bd6-6313-4743-a67a-92c6eeaa827b: new RaftServerImpl for group-E279882FAC15:[da8f3bd6-6313-4743-a67a-92c6eeaa827b|rpc:10.1.0.33:35583|priority:1] with ContainerStateMachine:uninitialized
2022-07-12 20:46:15,872 [pool-656-thread-1] INFO  server.RaftServerConfigKeys (ConfUtils.java:logGet(46)) - raft.server.rpc.timeout.min = 5s (custom)
2022-07-12 20:46:15,872 [pool-656-thread-1] INFO  server.RaftServerConfigKeys (ConfUtils.java:logGet(46)) - raft.server.rpc.timeout.max = 5200ms (custom)
2022-07-12 20:46:15,872 [pool-656-thread-1] INFO  server.RaftServerConfigKeys (ConfUtils.java:logGet(46)) - raft.server.rpc.sleep.time = 25ms (default)
2022-07-12 20:46:15,872 [pool-656-thread-1] INFO  server.RaftServerConfigKeys (ConfUtils.java:logGet(46)) - raft.server.rpc.slowness.timeout = 300s (custom)
2022-07-12 20:46:15,872 [pool-656-thread-1] INFO  server.RaftServerConfigKeys (ConfUtils.java:logGet(46)) - raft.server.leaderelection.leader.step-down.wait-time = 10s (default)
2022-07-12 20:46:15,872 [pool-656-thread-1] INFO  server.RaftServerConfigKeys (ConfUtils.java:logGet(46)) - raft.server.sleep.deviation.threshold = 300ms (default)
2022-07-12 20:46:15,872 [pool-656-thread-1] INFO  server.RaftServer$Division (ServerState.java:<init>(107)) - da8f3bd6-6313-4743-a67a-92c6eeaa827b@group-E279882FAC15: ConfigurationManager, init=-1: [da8f3bd6-6313-4743-a67a-92c6eeaa827b|rpc:10.1.0.33:35583|priority:1], old=null, confs=<EMPTY_MAP>
2022-07-12 20:46:15,872 [pool-656-thread-1] INFO  server.RaftServerConfigKeys (ConfUtils.java:logGet(46)) - raft.server.storage.dir = [/home/runner/work/ozone/ozone/hadoop-ozone/integration-test/target/test-dir/MiniOzoneClusterImpl-b9e7eea4-f922-42a3-9b78-fa3f1bcfe6c2/datanode-0/data/ratis] (custom)
2022-07-12 20:46:15,873 [pool-656-thread-1] INFO  server.RaftServerConfigKeys (ConfUtils.java:logGet(46)) - raft.server.log.corruption.policy = EXCEPTION (default)
2022-07-12 20:46:15,873 [pool-656-thread-1] INFO  server.RaftServerConfigKeys (ConfUtils.java:logGet(46)) - raft.server.storage.free-space.min = 0MB (=0) (default)
2022-07-12 20:46:15,873 [pool-656-thread-1] INFO  storage.RaftStorageDirectory (RaftStorageDirectoryImpl.java:analyzeStorage(135)) - The storage directory /home/runner/work/ozone/ozone/hadoop-ozone/integration-test/target/test-dir/MiniOzoneClusterImpl-b9e7eea4-f922-42a3-9b78-fa3f1bcfe6c2/datanode-0/data/ratis/661c6f28-c3d9-4854-a0e2-e279882fac15 does not exist. Creating ...
2022-07-12 20:46:15,890 [pool-656-thread-1] INFO  storage.RaftStorageDirectory (RaftStorageDirectoryImpl.java:tryLock(230)) - Lock on /home/runner/work/ozone/ozone/hadoop-ozone/integration-test/target/test-dir/MiniOzoneClusterImpl-b9e7eea4-f922-42a3-9b78-fa3f1bcfe6c2/datanode-0/data/ratis/661c6f28-c3d9-4854-a0e2-e279882fac15/in_use.lock acquired by nodename 3147@fv-az29-983
2022-07-12 20:46:15,900 [pool-656-thread-1] INFO  storage.RaftStorage (RaftStorageImpl.java:format(89)) - Storage directory /home/runner/work/ozone/ozone/hadoop-ozone/integration-test/target/test-dir/MiniOzoneClusterImpl-b9e7eea4-f922-42a3-9b78-fa3f1bcfe6c2/datanode-0/data/ratis/661c6f28-c3d9-4854-a0e2-e279882fac15 has been successfully formatted.
2022-07-12 20:46:15,901 [pool-656-thread-1] INFO  ratis.ContainerStateMachine (ContainerStateMachine.java:loadSnapshot(236)) - group-E279882FAC15: The snapshot info is null. Setting the last applied indexto:(t:0, i:~)
2022-07-12 20:46:15,901 [pool-656-thread-1] INFO  server.RaftServerConfigKeys (ConfUtils.java:logGet(46)) - raft.server.notification.no-leader.timeout = 300s (custom)
2022-07-12 20:46:15,901 [pool-656-thread-1] INFO  server.RaftServerConfigKeys (ConfUtils.java:logGet(46)) - raft.server.log.use.memory = false (default)
2022-07-12 20:46:15,901 [pool-656-thread-1] INFO  server.RaftServerConfigKeys (ConfUtils.java:logGet(46)) - raft.server.log.purge.gap = 1000000 (custom)
2022-07-12 20:46:15,901 [pool-656-thread-1] INFO  server.RaftServerConfigKeys (ConfUtils.java:logGet(46)) - raft.server.log.appender.buffer.byte-limit = 33554432 (custom)
2022-07-12 20:46:15,901 [pool-656-thread-1] INFO  server.RaftServerConfigKeys (ConfUtils.java:logGet(46)) - raft.server.log.statemachine.data.read.timeout = 1000ms (default)
2022-07-12 20:46:15,902 [pool-656-thread-1] INFO  server.RaftServerConfigKeys (ConfUtils.java:logGet(46)) - raft.server.log.segment.size.max = 1048576 (custom)
2022-07-12 20:46:15,902 [pool-656-thread-1] INFO  server.RaftServerConfigKeys (ConfUtils.java:logGet(46)) - raft.server.log.segment.cache.num.max = 2 (custom)
2022-07-12 20:46:15,902 [pool-656-thread-1] INFO  server.RaftServerConfigKeys (ConfUtils.java:logGet(46)) - raft.server.log.segment.cache.size.max = 200MB (=209715200) (default)
2022-07-12 20:46:15,902 [pool-656-thread-1] INFO  segmented.SegmentedRaftLogWorker (SegmentedRaftLogWorker.java:<init>(187)) - new da8f3bd6-6313-4743-a67a-92c6eeaa827b@group-E279882FAC15-SegmentedRaftLogWorker for RaftStorageImpl:Storage Directory /home/runner/work/ozone/ozone/hadoop-ozone/integration-test/target/test-dir/MiniOzoneClusterImpl-b9e7eea4-f922-42a3-9b78-fa3f1bcfe6c2/datanode-0/data/ratis/661c6f28-c3d9-4854-a0e2-e279882fac15
2022-07-12 20:46:15,902 [pool-656-thread-1] INFO  server.RaftServerConfigKeys (ConfUtils.java:logGet(46)) - raft.server.log.queue.byte-limit = 4294967296 (custom)
2022-07-12 20:46:15,902 [pool-656-thread-1] INFO  server.RaftServerConfigKeys (ConfUtils.java:logGet(46)) - raft.server.log.queue.element-limit = 1024 (custom)
2022-07-12 20:46:15,902 [pool-656-thread-1] INFO  server.RaftServerConfigKeys (ConfUtils.java:logGet(46)) - raft.server.log.segment.size.max = 1048576 (custom)
2022-07-12 20:46:15,902 [pool-656-thread-1] INFO  server.RaftServerConfigKeys (ConfUtils.java:logGet(46)) - raft.server.log.preallocated.size = 16384 (custom)
2022-07-12 20:46:15,902 [pool-656-thread-1] INFO  server.RaftServerConfigKeys (ConfUtils.java:logGet(46)) - raft.server.log.force.sync.num = 128 (default)
2022-07-12 20:46:15,902 [pool-656-thread-1] INFO  server.RaftServerConfigKeys (ConfUtils.java:logGet(46)) - raft.server.log.statemachine.data.sync = true (default)
2022-07-12 20:46:15,902 [pool-656-thread-1] INFO  server.RaftServerConfigKeys (ConfUtils.java:logGet(46)) - raft.server.log.statemachine.data.sync.timeout = 10s (default)
2022-07-12 20:46:15,902 [pool-656-thread-1] INFO  server.RaftServerConfigKeys (ConfUtils.java:logGet(46)) - raft.server.log.statemachine.data.sync.timeout.retry = -1 (default)
2022-07-12 20:46:15,903 [pool-656-thread-1] INFO  server.RaftServerConfigKeys (ConfUtils.java:logGet(46)) - raft.server.log.write.buffer.size = 1048576 (custom)
2022-07-12 20:46:15,904 [pool-656-thread-1] INFO  server.RaftServerConfigKeys (ConfUtils.java:logGet(46)) - raft.server.log.unsafe-flush.enabled = false (default)
2022-07-12 20:46:15,904 [pool-656-thread-1] INFO  server.RaftServerConfigKeys (ConfUtils.java:logGet(46)) - raft.server.log.statemachine.data.caching.enabled = true (custom)
2022-07-12 20:46:15,904 [pool-656-thread-1] INFO  segmented.SegmentedRaftLogWorker (SegmentedRaftLogWorker.java:lambda$new$0(135)) - da8f3bd6-6313-4743-a67a-92c6eeaa827b@group-E279882FAC15-SegmentedRaftLogWorker: flushIndex: setUnconditionally 0 -> -1
2022-07-12 20:46:15,904 [pool-656-thread-1] INFO  segmented.SegmentedRaftLogWorker (SegmentedRaftLogWorker.java:lambda$new$0(135)) - da8f3bd6-6313-4743-a67a-92c6eeaa827b@group-E279882FAC15-SegmentedRaftLogWorker: safeCacheEvictIndex: setUnconditionally 0 -> -1
2022-07-12 20:46:15,904 [pool-656-thread-1] INFO  server.RaftServerConfigKeys (ConfUtils.java:logGet(46)) - raft.server.snapshot.auto.trigger.enabled = true (custom)
2022-07-12 20:46:15,904 [pool-656-thread-1] INFO  server.RaftServerConfigKeys (ConfUtils.java:logGet(46)) - raft.server.snapshot.auto.trigger.threshold = 10000 (custom)
2022-07-12 20:46:15,904 [pool-656-thread-1] INFO  server.RaftServerConfigKeys (ConfUtils.java:logGet(46)) - raft.server.snapshot.retention.file.num = 5 (custom)
2022-07-12 20:46:15,904 [pool-656-thread-1] INFO  server.RaftServerConfigKeys (ConfUtils.java:logGet(46)) - raft.server.log.purge.upto.snapshot.index = false (default)
2022-07-12 20:46:15,904 [pool-656-thread-1] INFO  server.RaftServerConfigKeys (ConfUtils.java:logGet(46)) - raft.server.retrycache.expirytime = 600000ms (custom)
2022-07-12 20:46:15,904 [pool-656-thread-1] INFO  server.RaftServerConfigKeys (ConfUtils.java:logGet(46)) - raft.server.retrycache.statistics.expirytime = 100μs (default)
2022-07-12 20:46:15,906 [pool-656-thread-1] INFO  server.RaftServerConfigKeys (ConfUtils.java:logGet(46)) - raft.server.log.appender.install.snapshot.enabled = false (custom)
2022-07-12 20:46:15,906 [pool-656-thread-1] INFO  server.RaftServerConfigKeys (ConfUtils.java:logGet(46)) - raft.server.threadpool.server.cached = true (default)
2022-07-12 20:46:15,906 [pool-656-thread-1] INFO  server.RaftServerConfigKeys (ConfUtils.java:logGet(46)) - raft.server.threadpool.server.size = 0 (default)
2022-07-12 20:46:15,906 [pool-656-thread-1] INFO  server.RaftServerConfigKeys (ConfUtils.java:logGet(46)) - raft.server.threadpool.client.cached = true (default)
2022-07-12 20:46:15,906 [pool-656-thread-1] INFO  server.RaftServerConfigKeys (ConfUtils.java:logGet(46)) - raft.server.threadpool.client.size = 0 (default)
2022-07-12 20:46:15,906 [EventQueue-PipelineReportForPipelineReportHandler] INFO  pipeline.PipelineManagerImpl (PipelineManagerImpl.java:openPipeline(359)) - Pipeline Pipeline[ Id: 661c6f28-c3d9-4854-a0e2-e279882fac15, Nodes: da8f3bd6-6313-4743-a67a-92c6eeaa827b{ip: 10.1.0.33, host: fv-az29-983.0gf2enmb5avurc1gjtxldx4mnh.bx.internal.cloudapp.net, ports: [REPLICATION=43019, RATIS=35583, RATIS_ADMIN=35583, RATIS_SERVER=35583, STANDALONE=39097], networkLocation: /default-rack, certSerialId: null, persistedOpState: IN_SERVICE, persistedOpStateExpiryEpochSec: 0}, ReplicationConfig: RATIS/ONE, State:ALLOCATED, leaderId:da8f3bd6-6313-4743-a67a-92c6eeaa827b, CreationTimestamp2022-07-12T20:46:12.881Z[Etc/UTC]] moved to OPEN state
2022-07-12 20:46:15,906 [pool-656-thread-1] INFO  server.RaftServer$Division (RaftServerImpl.java:start(310)) - da8f3bd6-6313-4743-a67a-92c6eeaa827b@group-E279882FAC15: start as a follower, conf=-1: [da8f3bd6-6313-4743-a67a-92c6eeaa827b|rpc:10.1.0.33:35583|priority:1], old=null
2022-07-12 20:46:15,941 [pool-656-thread-1] INFO  server.RaftServer$Division (RaftServerImpl.java:setRole(299)) - da8f3bd6-6313-4743-a67a-92c6eeaa827b@group-E279882FAC15: changes role from      null to FOLLOWER at term 0 for startAsFollower
2022-07-12 20:46:15,941 [pool-656-thread-1] INFO  impl.RoleInfo (RoleInfo.java:updateAndGet(139)) - da8f3bd6-6313-4743-a67a-92c6eeaa827b: start da8f3bd6-6313-4743-a67a-92c6eeaa827b@group-E279882FAC15-FollowerState
2022-07-12 20:46:15,910 [EventQueue-OpenPipelineForHealthyPipelineSafeModeRule] INFO  safemode.SCMSafeModeManager (HealthyPipelineSafeModeRule.java:process(124)) - SCM in safe mode. Healthy pipelines reported count is 0, required healthy pipeline reported count is 1
2022-07-12 20:46:15,962 [pool-656-thread-1] INFO  util.JmxRegister (JmxRegister.java:tryRegister(44)) - Successfully registered JMX Bean with object name Ratis:service=RaftServer,group=group-E279882FAC15,id=da8f3bd6-6313-4743-a67a-92c6eeaa827b
2022-07-12 20:46:15,985 [Command processor thread] INFO  ratis.XceiverServerRatis (XceiverServerRatis.java:addGroup(765)) - Created group PipelineID=661c6f28-c3d9-4854-a0e2-e279882fac15
2022-07-12 20:46:15,985 [Command processor thread] INFO  commandhandler.CreatePipelineCommandHandler (CreatePipelineCommandHandler.java:handle(113)) - Created Pipeline RATIS ONE PipelineID=661c6f28-c3d9-4854-a0e2-e279882fac15.
2022-07-12 20:46:15,985 [Command processor thread] INFO  server.RaftServer (RaftServerProxy.java:addNew(96)) - da8f3bd6-6313-4743-a67a-92c6eeaa827b: addNew group-3848FEE6EDF4:[da8f3bd6-6313-4743-a67a-92c6eeaa827b|rpc:10.1.0.33:35583|priority:1, 8b72257c-a75e-474b-98b3-56dadc4b3e72|rpc:10.1.0.33:36051|priority:0, f384af3f-b43c-4c77-9439-f4423bf7a7c1|rpc:10.1.0.33:35233|priority:0] returns group-3848FEE6EDF4:java.util.concurrent.CompletableFuture@1c5b7f95[Not completed]
2022-07-12 20:46:15,991 [pool-656-thread-1] INFO  server.RaftServer$Division (RaftServerImpl.java:<init>(190)) - da8f3bd6-6313-4743-a67a-92c6eeaa827b: new RaftServerImpl for group-3848FEE6EDF4:[da8f3bd6-6313-4743-a67a-92c6eeaa827b|rpc:10.1.0.33:35583|priority:1, 8b72257c-a75e-474b-98b3-56dadc4b3e72|rpc:10.1.0.33:36051|priority:0, f384af3f-b43c-4c77-9439-f4423bf7a7c1|rpc:10.1.0.33:35233|priority:0] with ContainerStateMachine:uninitialized
2022-07-12 20:46:15,991 [pool-656-thread-1] INFO  server.RaftServerConfigKeys (ConfUtils.java:logGet(46)) - raft.server.rpc.timeout.min = 5s (custom)
2022-07-12 20:46:15,991 [pool-656-thread-1] INFO  server.RaftServerConfigKeys (ConfUtils.java:logGet(46)) - raft.server.rpc.timeout.max = 5200ms (custom)
2022-07-12 20:46:15,991 [pool-656-thread-1] INFO  server.RaftServerConfigKeys (ConfUtils.java:logGet(46)) - raft.server.rpc.sleep.time = 25ms (default)
2022-07-12 20:46:15,991 [pool-656-thread-1] INFO  server.RaftServerConfigKeys (ConfUtils.java:logGet(46)) - raft.server.rpc.slowness.timeout = 300s (custom)
2022-07-12 20:46:15,991 [pool-656-thread-1] INFO  server.RaftServerConfigKeys (ConfUtils.java:logGet(46)) - raft.server.leaderelection.leader.step-down.wait-time = 10s (default)
2022-07-12 20:46:15,991 [pool-656-thread-1] INFO  server.RaftServerConfigKeys (ConfUtils.java:logGet(46)) - raft.server.sleep.deviation.threshold = 300ms (default)
2022-07-12 20:46:15,991 [pool-656-thread-1] INFO  server.RaftServer$Division (ServerState.java:<init>(107)) - da8f3bd6-6313-4743-a67a-92c6eeaa827b@group-3848FEE6EDF4: ConfigurationManager, init=-1: [da8f3bd6-6313-4743-a67a-92c6eeaa827b|rpc:10.1.0.33:35583|priority:1, 8b72257c-a75e-474b-98b3-56dadc4b3e72|rpc:10.1.0.33:36051|priority:0, f384af3f-b43c-4c77-9439-f4423bf7a7c1|rpc:10.1.0.33:35233|priority:0], old=null, confs=<EMPTY_MAP>
2022-07-12 20:46:15,992 [pool-656-thread-1] INFO  server.RaftServerConfigKeys (ConfUtils.java:logGet(46)) - raft.server.storage.dir = [/home/runner/work/ozone/ozone/hadoop-ozone/integration-test/target/test-dir/MiniOzoneClusterImpl-b9e7eea4-f922-42a3-9b78-fa3f1bcfe6c2/datanode-0/data/ratis] (custom)
2022-07-12 20:46:15,992 [pool-656-thread-1] INFO  server.RaftServerConfigKeys (ConfUtils.java:logGet(46)) - raft.server.log.corruption.policy = EXCEPTION (default)
2022-07-12 20:46:15,992 [pool-656-thread-1] INFO  server.RaftServerConfigKeys (ConfUtils.java:logGet(46)) - raft.server.storage.free-space.min = 0MB (=0) (default)
2022-07-12 20:46:15,992 [pool-656-thread-1] INFO  storage.RaftStorageDirectory (RaftStorageDirectoryImpl.java:analyzeStorage(135)) - The storage directory /home/runner/work/ozone/ozone/hadoop-ozone/integration-test/target/test-dir/MiniOzoneClusterImpl-b9e7eea4-f922-42a3-9b78-fa3f1bcfe6c2/datanode-0/data/ratis/32fe18c0-3f98-4268-8d73-3848fee6edf4 does not exist. Creating ...
2022-07-12 20:46:15,994 [pool-656-thread-1] INFO  storage.RaftStorageDirectory (RaftStorageDirectoryImpl.java:tryLock(230)) - Lock on /home/runner/work/ozone/ozone/hadoop-ozone/integration-test/target/test-dir/MiniOzoneClusterImpl-b9e7eea4-f922-42a3-9b78-fa3f1bcfe6c2/datanode-0/data/ratis/32fe18c0-3f98-4268-8d73-3848fee6edf4/in_use.lock acquired by nodename 3147@fv-az29-983
2022-07-12 20:46:15,999 [pool-656-thread-1] INFO  storage.RaftStorage (RaftStorageImpl.java:format(89)) - Storage directory /home/runner/work/ozone/ozone/hadoop-ozone/integration-test/target/test-dir/MiniOzoneClusterImpl-b9e7eea4-f922-42a3-9b78-fa3f1bcfe6c2/datanode-0/data/ratis/32fe18c0-3f98-4268-8d73-3848fee6edf4 has been successfully formatted.
2022-07-12 20:46:15,999 [pool-656-thread-1] INFO  ratis.ContainerStateMachine (ContainerStateMachine.java:loadSnapshot(236)) - group-3848FEE6EDF4: The snapshot info is null. Setting the last applied indexto:(t:0, i:~)
2022-07-12 20:46:15,999 [pool-656-thread-1] INFO  server.RaftServerConfigKeys (ConfUtils.java:logGet(46)) - raft.server.notification.no-leader.timeout = 300s (custom)
2022-07-12 20:46:15,999 [pool-656-thread-1] INFO  server.RaftServerConfigKeys (ConfUtils.java:logGet(46)) - raft.server.log.use.memory = false (default)
2022-07-12 20:46:15,999 [pool-656-thread-1] INFO  server.RaftServerConfigKeys (ConfUtils.java:logGet(46)) - raft.server.log.purge.gap = 1000000 (custom)
2022-07-12 20:46:15,999 [pool-656-thread-1] INFO  server.RaftServerConfigKeys (ConfUtils.java:logGet(46)) - raft.server.log.appender.buffer.byte-limit = 33554432 (custom)
2022-07-12 20:46:15,999 [pool-656-thread-1] INFO  server.RaftServerConfigKeys (ConfUtils.java:logGet(46)) - raft.server.log.statemachine.data.read.timeout = 1000ms (default)
2022-07-12 20:46:16,000 [pool-656-thread-1] INFO  server.RaftServerConfigKeys (ConfUtils.java:logGet(46)) - raft.server.log.segment.size.max = 1048576 (custom)
2022-07-12 20:46:16,001 [EventQueue-OpenPipelineForHealthyPipelineSafeModeRule] INFO  safemode.SCMSafeModeManager (HealthyPipelineSafeModeRule.java:process(124)) - SCM in safe mode. Healthy pipelines reported count is 0, required healthy pipeline reported count is 1
2022-07-12 20:46:16,001 [pool-656-thread-1] INFO  server.RaftServerConfigKeys (ConfUtils.java:logGet(46)) - raft.server.log.segment.cache.num.max = 2 (custom)
2022-07-12 20:46:16,001 [pool-656-thread-1] INFO  server.RaftServerConfigKeys (ConfUtils.java:logGet(46)) - raft.server.log.segment.cache.size.max = 200MB (=209715200) (default)
2022-07-12 20:46:16,001 [pool-656-thread-1] INFO  segmented.SegmentedRaftLogWorker (SegmentedRaftLogWorker.java:<init>(187)) - new da8f3bd6-6313-4743-a67a-92c6eeaa827b@group-3848FEE6EDF4-SegmentedRaftLogWorker for RaftStorageImpl:Storage Directory /home/runner/work/ozone/ozone/hadoop-ozone/integration-test/target/test-dir/MiniOzoneClusterImpl-b9e7eea4-f922-42a3-9b78-fa3f1bcfe6c2/datanode-0/data/ratis/32fe18c0-3f98-4268-8d73-3848fee6edf4
2022-07-12 20:46:16,001 [pool-656-thread-1] INFO  server.RaftServerConfigKeys (ConfUtils.java:logGet(46)) - raft.server.log.queue.byte-limit = 4294967296 (custom)
2022-07-12 20:46:16,001 [pool-656-thread-1] INFO  server.RaftServerConfigKeys (ConfUtils.java:logGet(46)) - raft.server.log.queue.element-limit = 1024 (custom)
2022-07-12 20:46:16,001 [pool-656-thread-1] INFO  server.RaftServerConfigKeys (ConfUtils.java:logGet(46)) - raft.server.log.segment.size.max = 1048576 (custom)
2022-07-12 20:46:16,001 [pool-656-thread-1] INFO  server.RaftServerConfigKeys (ConfUtils.java:logGet(46)) - raft.server.log.preallocated.size = 16384 (custom)
2022-07-12 20:46:16,001 [pool-656-thread-1] INFO  server.RaftServerConfigKeys (ConfUtils.java:logGet(46)) - raft.server.log.force.sync.num = 128 (default)
2022-07-12 20:46:16,001 [pool-656-thread-1] INFO  server.RaftServerConfigKeys (ConfUtils.java:logGet(46)) - raft.server.log.statemachine.data.sync = true (default)
2022-07-12 20:46:16,001 [pool-656-thread-1] INFO  server.RaftServerConfigKeys (ConfUtils.java:logGet(46)) - raft.server.log.statemachine.data.sync.timeout = 10s (default)
2022-07-12 20:46:16,001 [pool-656-thread-1] INFO  server.RaftServerConfigKeys (ConfUtils.java:logGet(46)) - raft.server.log.statemachine.data.sync.timeout.retry = -1 (default)
2022-07-12 20:46:16,002 [pool-656-thread-1] INFO  server.RaftServerConfigKeys (ConfUtils.java:logGet(46)) - raft.server.log.write.buffer.size = 1048576 (custom)
2022-07-12 20:46:16,003 [pool-656-thread-1] INFO  server.RaftServerConfigKeys (ConfUtils.java:logGet(46)) - raft.server.log.unsafe-flush.enabled = false (default)
2022-07-12 20:46:16,003 [pool-656-thread-1] INFO  server.RaftServerConfigKeys (ConfUtils.java:logGet(46)) - raft.server.log.statemachine.data.caching.enabled = true (custom)
2022-07-12 20:46:16,003 [pool-656-thread-1] INFO  segmented.SegmentedRaftLogWorker (SegmentedRaftLogWorker.java:lambda$new$0(135)) - da8f3bd6-6313-4743-a67a-92c6eeaa827b@group-3848FEE6EDF4-SegmentedRaftLogWorker: flushIndex: setUnconditionally 0 -> -1
2022-07-12 20:46:16,003 [pool-656-thread-1] INFO  segmented.SegmentedRaftLogWorker (SegmentedRaftLogWorker.java:lambda$new$0(135)) - da8f3bd6-6313-4743-a67a-92c6eeaa827b@group-3848FEE6EDF4-SegmentedRaftLogWorker: safeCacheEvictIndex: setUnconditionally 0 -> -1
2022-07-12 20:46:16,023 [pool-656-thread-1] INFO  server.RaftServerConfigKeys (ConfUtils.java:logGet(46)) - raft.server.snapshot.auto.trigger.enabled = true (custom)
2022-07-12 20:46:16,023 [pool-656-thread-1] INFO  server.RaftServerConfigKeys (ConfUtils.java:logGet(46)) - raft.server.snapshot.auto.trigger.threshold = 10000 (custom)
2022-07-12 20:46:16,023 [pool-656-thread-1] INFO  server.RaftServerConfigKeys (ConfUtils.java:logGet(46)) - raft.server.snapshot.retention.file.num = 5 (custom)
2022-07-12 20:46:16,023 [pool-656-thread-1] INFO  server.RaftServerConfigKeys (ConfUtils.java:logGet(46)) - raft.server.log.purge.upto.snapshot.index = false (default)
2022-07-12 20:46:16,023 [pool-656-thread-1] INFO  server.RaftServerConfigKeys (ConfUtils.java:logGet(46)) - raft.server.retrycache.expirytime = 600000ms (custom)
2022-07-12 20:46:16,023 [pool-656-thread-1] INFO  server.RaftServerConfigKeys (ConfUtils.java:logGet(46)) - raft.server.retrycache.statistics.expirytime = 100μs (default)
2022-07-12 20:46:16,024 [pool-656-thread-1] INFO  server.RaftServerConfigKeys (ConfUtils.java:logGet(46)) - raft.server.log.appender.install.snapshot.enabled = false (custom)
2022-07-12 20:46:16,024 [pool-656-thread-1] INFO  server.RaftServerConfigKeys (ConfUtils.java:logGet(46)) - raft.server.threadpool.server.cached = true (default)
2022-07-12 20:46:16,024 [pool-656-thread-1] INFO  server.RaftServerConfigKeys (ConfUtils.java:logGet(46)) - raft.server.threadpool.server.size = 0 (default)
2022-07-12 20:46:16,024 [pool-656-thread-1] INFO  server.RaftServerConfigKeys (ConfUtils.java:logGet(46)) - raft.server.threadpool.client.cached = true (default)
2022-07-12 20:46:16,024 [pool-656-thread-1] INFO  server.RaftServerConfigKeys (ConfUtils.java:logGet(46)) - raft.server.threadpool.client.size = 0 (default)
2022-07-12 20:46:16,024 [pool-656-thread-1] INFO  server.RaftServer$Division (RaftServerImpl.java:start(310)) - da8f3bd6-6313-4743-a67a-92c6eeaa827b@group-3848FEE6EDF4: start as a follower, conf=-1: [da8f3bd6-6313-4743-a67a-92c6eeaa827b|rpc:10.1.0.33:35583|priority:1, 8b72257c-a75e-474b-98b3-56dadc4b3e72|rpc:10.1.0.33:36051|priority:0, f384af3f-b43c-4c77-9439-f4423bf7a7c1|rpc:10.1.0.33:35233|priority:0], old=null
2022-07-12 20:46:16,024 [pool-656-thread-1] INFO  server.RaftServer$Division (RaftServerImpl.java:setRole(299)) - da8f3bd6-6313-4743-a67a-92c6eeaa827b@group-3848FEE6EDF4: changes role from      null to FOLLOWER at term 0 for startAsFollower
2022-07-12 20:46:16,024 [pool-656-thread-1] INFO  impl.RoleInfo (RoleInfo.java:updateAndGet(139)) - da8f3bd6-6313-4743-a67a-92c6eeaa827b: start da8f3bd6-6313-4743-a67a-92c6eeaa827b@group-3848FEE6EDF4-FollowerState
2022-07-12 20:46:16,025 [pool-656-thread-1] INFO  util.JmxRegister (JmxRegister.java:tryRegister(44)) - Successfully registered JMX Bean with object name Ratis:service=RaftServer,group=group-3848FEE6EDF4,id=da8f3bd6-6313-4743-a67a-92c6eeaa827b
2022-07-12 20:46:16,025 [Command processor thread] INFO  ratis.XceiverServerRatis (XceiverServerRatis.java:addGroup(765)) - Created group PipelineID=32fe18c0-3f98-4268-8d73-3848fee6edf4
2022-07-12 20:46:16,043 [Listener at 127.0.0.1/39727] INFO  ozone.MiniOzoneClusterImpl (MiniOzoneClusterImpl.java:lambda$waitForClusterToBeReady$0(223)) - Nodes are ready. Got 3 of 3 DN Heartbeats.
2022-07-12 20:46:16,043 [Listener at 127.0.0.1/39727] INFO  ozone.MiniOzoneClusterImpl (MiniOzoneClusterImpl.java:lambda$waitForClusterToBeReady$0(226)) - Waiting for cluster to exit safe mode
2022-07-12 20:46:16,043 [Listener at 127.0.0.1/39727] INFO  ozone.MiniOzoneClusterImpl (MiniOzoneClusterImpl.java:lambda$waitForClusterToBeReady$0(228)) - SCM became leader
2022-07-12 20:46:16,048 [grpc-default-executor-0] INFO  server.RaftServer (RaftServerProxy.java:addNew(96)) - f384af3f-b43c-4c77-9439-f4423bf7a7c1: addNew group-3848FEE6EDF4:[da8f3bd6-6313-4743-a67a-92c6eeaa827b|rpc:10.1.0.33:35583|dataStream:|priority:1, 8b72257c-a75e-474b-98b3-56dadc4b3e72|rpc:10.1.0.33:36051|dataStream:|priority:0, f384af3f-b43c-4c77-9439-f4423bf7a7c1|rpc:10.1.0.33:35233|dataStream:|priority:0] returns group-3848FEE6EDF4:java.util.concurrent.CompletableFuture@1400496d[Not completed]
2022-07-12 20:46:16,049 [pool-702-thread-1] INFO  server.RaftServer$Division (RaftServerImpl.java:<init>(190)) - f384af3f-b43c-4c77-9439-f4423bf7a7c1: new RaftServerImpl for group-3848FEE6EDF4:[da8f3bd6-6313-4743-a67a-92c6eeaa827b|rpc:10.1.0.33:35583|dataStream:|priority:1, 8b72257c-a75e-474b-98b3-56dadc4b3e72|rpc:10.1.0.33:36051|dataStream:|priority:0, f384af3f-b43c-4c77-9439-f4423bf7a7c1|rpc:10.1.0.33:35233|dataStream:|priority:0] with ContainerStateMachine:uninitialized
2022-07-12 20:46:16,049 [pool-702-thread-1] INFO  server.RaftServerConfigKeys (ConfUtils.java:logGet(46)) - raft.server.rpc.timeout.min = 5s (custom)
2022-07-12 20:46:16,049 [pool-702-thread-1] INFO  server.RaftServerConfigKeys (ConfUtils.java:logGet(46)) - raft.server.rpc.timeout.max = 5200ms (custom)
2022-07-12 20:46:16,049 [pool-702-thread-1] INFO  server.RaftServerConfigKeys (ConfUtils.java:logGet(46)) - raft.server.rpc.sleep.time = 25ms (default)
2022-07-12 20:46:16,049 [pool-702-thread-1] INFO  server.RaftServerConfigKeys (ConfUtils.java:logGet(46)) - raft.server.rpc.slowness.timeout = 300s (custom)
2022-07-12 20:46:16,049 [pool-702-thread-1] INFO  server.RaftServerConfigKeys (ConfUtils.java:logGet(46)) - raft.server.leaderelection.leader.step-down.wait-time = 10s (default)
2022-07-12 20:46:16,049 [pool-702-thread-1] INFO  server.RaftServerConfigKeys (ConfUtils.java:logGet(46)) - raft.server.sleep.deviation.threshold = 300ms (default)
2022-07-12 20:46:16,049 [pool-702-thread-1] INFO  server.RaftServer$Division (ServerState.java:<init>(107)) - f384af3f-b43c-4c77-9439-f4423bf7a7c1@group-3848FEE6EDF4: ConfigurationManager, init=-1: [da8f3bd6-6313-4743-a67a-92c6eeaa827b|rpc:10.1.0.33:35583|dataStream:|priority:1, 8b72257c-a75e-474b-98b3-56dadc4b3e72|rpc:10.1.0.33:36051|dataStream:|priority:0, f384af3f-b43c-4c77-9439-f4423bf7a7c1|rpc:10.1.0.33:35233|dataStream:|priority:0], old=null, confs=<EMPTY_MAP>
2022-07-12 20:46:16,049 [pool-702-thread-1] INFO  server.RaftServerConfigKeys (ConfUtils.java:logGet(46)) - raft.server.storage.dir = [/home/runner/work/ozone/ozone/hadoop-ozone/integration-test/target/test-dir/MiniOzoneClusterImpl-b9e7eea4-f922-42a3-9b78-fa3f1bcfe6c2/datanode-2/data/ratis] (custom)
2022-07-12 20:46:16,049 [pool-702-thread-1] INFO  server.RaftServerConfigKeys (ConfUtils.java:logGet(46)) - raft.server.log.corruption.policy = EXCEPTION (default)
2022-07-12 20:46:16,049 [pool-702-thread-1] INFO  server.RaftServerConfigKeys (ConfUtils.java:logGet(46)) - raft.server.storage.free-space.min = 0MB (=0) (default)
2022-07-12 20:46:16,049 [pool-702-thread-1] INFO  storage.RaftStorageDirectory (RaftStorageDirectoryImpl.java:analyzeStorage(135)) - The storage directory /home/runner/work/ozone/ozone/hadoop-ozone/integration-test/target/test-dir/MiniOzoneClusterImpl-b9e7eea4-f922-42a3-9b78-fa3f1bcfe6c2/datanode-2/data/ratis/32fe18c0-3f98-4268-8d73-3848fee6edf4 does not exist. Creating ...
2022-07-12 20:46:16,066 [pool-702-thread-1] INFO  storage.RaftStorageDirectory (RaftStorageDirectoryImpl.java:tryLock(230)) - Lock on /home/runner/work/ozone/ozone/hadoop-ozone/integration-test/target/test-dir/MiniOzoneClusterImpl-b9e7eea4-f922-42a3-9b78-fa3f1bcfe6c2/datanode-2/data/ratis/32fe18c0-3f98-4268-8d73-3848fee6edf4/in_use.lock acquired by nodename 3147@fv-az29-983
2022-07-12 20:46:16,071 [pool-702-thread-1] INFO  storage.RaftStorage (RaftStorageImpl.java:format(89)) - Storage directory /home/runner/work/ozone/ozone/hadoop-ozone/integration-test/target/test-dir/MiniOzoneClusterImpl-b9e7eea4-f922-42a3-9b78-fa3f1bcfe6c2/datanode-2/data/ratis/32fe18c0-3f98-4268-8d73-3848fee6edf4 has been successfully formatted.
2022-07-12 20:46:16,071 [pool-702-thread-1] INFO  ratis.ContainerStateMachine (ContainerStateMachine.java:loadSnapshot(236)) - group-3848FEE6EDF4: The snapshot info is null. Setting the last applied indexto:(t:0, i:~)
2022-07-12 20:46:16,071 [pool-702-thread-1] INFO  server.RaftServerConfigKeys (ConfUtils.java:logGet(46)) - raft.server.notification.no-leader.timeout = 300s (custom)
2022-07-12 20:46:16,071 [pool-702-thread-1] INFO  server.RaftServerConfigKeys (ConfUtils.java:logGet(46)) - raft.server.log.use.memory = false (default)
2022-07-12 20:46:16,072 [pool-702-thread-1] INFO  server.RaftServerConfigKeys (ConfUtils.java:logGet(46)) - raft.server.log.purge.gap = 1000000 (custom)
2022-07-12 20:46:16,072 [pool-702-thread-1] INFO  server.RaftServerConfigKeys (ConfUtils.java:logGet(46)) - raft.server.log.appender.buffer.byte-limit = 33554432 (custom)
2022-07-12 20:46:16,072 [pool-702-thread-1] INFO  server.RaftServerConfigKeys (ConfUtils.java:logGet(46)) - raft.server.log.statemachine.data.read.timeout = 1000ms (default)
2022-07-12 20:46:16,072 [pool-702-thread-1] INFO  server.RaftServerConfigKeys (ConfUtils.java:logGet(46)) - raft.server.log.segment.size.max = 1048576 (custom)
2022-07-12 20:46:16,072 [pool-702-thread-1] INFO  server.RaftServerConfigKeys (ConfUtils.java:logGet(46)) - raft.server.log.segment.cache.num.max = 2 (custom)
2022-07-12 20:46:16,072 [pool-702-thread-1] INFO  server.RaftServerConfigKeys (ConfUtils.java:logGet(46)) - raft.server.log.segment.cache.size.max = 200MB (=209715200) (default)
2022-07-12 20:46:16,072 [pool-702-thread-1] INFO  segmented.SegmentedRaftLogWorker (SegmentedRaftLogWorker.java:<init>(187)) - new f384af3f-b43c-4c77-9439-f4423bf7a7c1@group-3848FEE6EDF4-SegmentedRaftLogWorker for RaftStorageImpl:Storage Directory /home/runner/work/ozone/ozone/hadoop-ozone/integration-test/target/test-dir/MiniOzoneClusterImpl-b9e7eea4-f922-42a3-9b78-fa3f1bcfe6c2/datanode-2/data/ratis/32fe18c0-3f98-4268-8d73-3848fee6edf4
2022-07-12 20:46:16,072 [pool-702-thread-1] INFO  server.RaftServerConfigKeys (ConfUtils.java:logGet(46)) - raft.server.log.queue.byte-limit = 4294967296 (custom)
2022-07-12 20:46:16,072 [pool-702-thread-1] INFO  server.RaftServerConfigKeys (ConfUtils.java:logGet(46)) - raft.server.log.queue.element-limit = 1024 (custom)
2022-07-12 20:46:16,072 [pool-702-thread-1] INFO  server.RaftServerConfigKeys (ConfUtils.java:logGet(46)) - raft.server.log.segment.size.max = 1048576 (custom)
2022-07-12 20:46:16,072 [pool-702-thread-1] INFO  server.RaftServerConfigKeys (ConfUtils.java:logGet(46)) - raft.server.log.preallocated.size = 16384 (custom)
2022-07-12 20:46:16,072 [pool-702-thread-1] INFO  server.RaftServerConfigKeys (ConfUtils.java:logGet(46)) - raft.server.log.force.sync.num = 128 (default)
2022-07-12 20:46:16,072 [pool-702-thread-1] INFO  server.RaftServerConfigKeys (ConfUtils.java:logGet(46)) - raft.server.log.statemachine.data.sync = true (default)
2022-07-12 20:46:16,073 [pool-702-thread-1] INFO  server.RaftServerConfigKeys (ConfUtils.java:logGet(46)) - raft.server.log.statemachine.data.sync.timeout = 10s (default)
2022-07-12 20:46:16,073 [pool-702-thread-1] INFO  server.RaftServerConfigKeys (ConfUtils.java:logGet(46)) - raft.server.log.statemachine.data.sync.timeout.retry = -1 (default)
2022-07-12 20:46:16,073 [pool-702-thread-1] INFO  server.RaftServerConfigKeys (ConfUtils.java:logGet(46)) - raft.server.log.write.buffer.size = 1048576 (custom)
2022-07-12 20:46:16,074 [pool-702-thread-1] INFO  server.RaftServerConfigKeys (ConfUtils.java:logGet(46)) - raft.server.log.unsafe-flush.enabled = false (default)
2022-07-12 20:46:16,074 [pool-702-thread-1] INFO  server.RaftServerConfigKeys (ConfUtils.java:logGet(46)) - raft.server.log.statemachine.data.caching.enabled = true (custom)
2022-07-12 20:46:16,074 [pool-702-thread-1] INFO  segmented.SegmentedRaftLogWorker (SegmentedRaftLogWorker.java:lambda$new$0(135)) - f384af3f-b43c-4c77-9439-f4423bf7a7c1@group-3848FEE6EDF4-SegmentedRaftLogWorker: flushIndex: setUnconditionally 0 -> -1
2022-07-12 20:46:16,074 [pool-702-thread-1] INFO  segmented.SegmentedRaftLogWorker (SegmentedRaftLogWorker.java:lambda$new$0(135)) - f384af3f-b43c-4c77-9439-f4423bf7a7c1@group-3848FEE6EDF4-SegmentedRaftLogWorker: safeCacheEvictIndex: setUnconditionally 0 -> -1
2022-07-12 20:46:16,111 [pool-702-thread-1] INFO  server.RaftServerConfigKeys (ConfUtils.java:logGet(46)) - raft.server.snapshot.auto.trigger.enabled = true (custom)
2022-07-12 20:46:16,111 [pool-702-thread-1] INFO  server.RaftServerConfigKeys (ConfUtils.java:logGet(46)) - raft.server.snapshot.auto.trigger.threshold = 10000 (custom)
2022-07-12 20:46:16,111 [pool-702-thread-1] INFO  server.RaftServerConfigKeys (ConfUtils.java:logGet(46)) - raft.server.snapshot.retention.file.num = 5 (custom)
2022-07-12 20:46:16,111 [pool-702-thread-1] INFO  server.RaftServerConfigKeys (ConfUtils.java:logGet(46)) - raft.server.log.purge.upto.snapshot.index = false (default)
2022-07-12 20:46:16,112 [pool-702-thread-1] INFO  server.RaftServerConfigKeys (ConfUtils.java:logGet(46)) - raft.server.retrycache.expirytime = 600000ms (custom)
2022-07-12 20:46:16,112 [pool-702-thread-1] INFO  server.RaftServerConfigKeys (ConfUtils.java:logGet(46)) - raft.server.retrycache.statistics.expirytime = 100μs (default)
2022-07-12 20:46:16,113 [pool-702-thread-1] INFO  server.RaftServerConfigKeys (ConfUtils.java:logGet(46)) - raft.server.log.appender.install.snapshot.enabled = false (custom)
2022-07-12 20:46:16,113 [pool-702-thread-1] INFO  server.RaftServerConfigKeys (ConfUtils.java:logGet(46)) - raft.server.threadpool.server.cached = true (default)
2022-07-12 20:46:16,113 [pool-702-thread-1] INFO  server.RaftServerConfigKeys (ConfUtils.java:logGet(46)) - raft.server.threadpool.server.size = 0 (default)
2022-07-12 20:46:16,113 [pool-702-thread-1] INFO  server.RaftServerConfigKeys (ConfUtils.java:logGet(46)) - raft.server.threadpool.client.cached = true (default)
2022-07-12 20:46:16,113 [pool-702-thread-1] INFO  server.RaftServerConfigKeys (ConfUtils.java:logGet(46)) - raft.server.threadpool.client.size = 0 (default)
2022-07-12 20:46:16,113 [pool-702-thread-1] INFO  server.RaftServer$Division (RaftServerImpl.java:start(310)) - f384af3f-b43c-4c77-9439-f4423bf7a7c1@group-3848FEE6EDF4: start as a follower, conf=-1: [da8f3bd6-6313-4743-a67a-92c6eeaa827b|rpc:10.1.0.33:35583|dataStream:|priority:1, 8b72257c-a75e-474b-98b3-56dadc4b3e72|rpc:10.1.0.33:36051|dataStream:|priority:0, f384af3f-b43c-4c77-9439-f4423bf7a7c1|rpc:10.1.0.33:35233|dataStream:|priority:0], old=null
2022-07-12 20:46:16,113 [pool-702-thread-1] INFO  server.RaftServer$Division (RaftServerImpl.java:setRole(299)) - f384af3f-b43c-4c77-9439-f4423bf7a7c1@group-3848FEE6EDF4: changes role from      null to FOLLOWER at term 0 for startAsFollower
2022-07-12 20:46:16,113 [pool-702-thread-1] INFO  impl.RoleInfo (RoleInfo.java:updateAndGet(139)) - f384af3f-b43c-4c77-9439-f4423bf7a7c1: start f384af3f-b43c-4c77-9439-f4423bf7a7c1@group-3848FEE6EDF4-FollowerState
2022-07-12 20:46:16,113 [pool-702-thread-1] INFO  util.JmxRegister (JmxRegister.java:tryRegister(44)) - Successfully registered JMX Bean with object name Ratis:service=RaftServer,group=group-3848FEE6EDF4,id=f384af3f-b43c-4c77-9439-f4423bf7a7c1
2022-07-12 20:46:16,196 [grpc-default-executor-0] INFO  server.RaftServer (RaftServerProxy.java:addNew(96)) - 8b72257c-a75e-474b-98b3-56dadc4b3e72: addNew group-3848FEE6EDF4:[da8f3bd6-6313-4743-a67a-92c6eeaa827b|rpc:10.1.0.33:35583|dataStream:|priority:1, 8b72257c-a75e-474b-98b3-56dadc4b3e72|rpc:10.1.0.33:36051|dataStream:|priority:0, f384af3f-b43c-4c77-9439-f4423bf7a7c1|rpc:10.1.0.33:35233|dataStream:|priority:0] returns group-3848FEE6EDF4:java.util.concurrent.CompletableFuture@5c0876fe[Not completed]
2022-07-12 20:46:16,203 [pool-679-thread-1] INFO  server.RaftServer$Division (RaftServerImpl.java:<init>(190)) - 8b72257c-a75e-474b-98b3-56dadc4b3e72: new RaftServerImpl for group-3848FEE6EDF4:[da8f3bd6-6313-4743-a67a-92c6eeaa827b|rpc:10.1.0.33:35583|dataStream:|priority:1, 8b72257c-a75e-474b-98b3-56dadc4b3e72|rpc:10.1.0.33:36051|dataStream:|priority:0, f384af3f-b43c-4c77-9439-f4423bf7a7c1|rpc:10.1.0.33:35233|dataStream:|priority:0] with ContainerStateMachine:uninitialized
2022-07-12 20:46:16,203 [pool-679-thread-1] INFO  server.RaftServerConfigKeys (ConfUtils.java:logGet(46)) - raft.server.rpc.timeout.min = 5s (custom)
2022-07-12 20:46:16,203 [pool-679-thread-1] INFO  server.RaftServerConfigKeys (ConfUtils.java:logGet(46)) - raft.server.rpc.timeout.max = 5200ms (custom)
2022-07-12 20:46:16,204 [pool-679-thread-1] INFO  server.RaftServerConfigKeys (ConfUtils.java:logGet(46)) - raft.server.rpc.sleep.time = 25ms (default)
2022-07-12 20:46:16,204 [pool-679-thread-1] INFO  server.RaftServerConfigKeys (ConfUtils.java:logGet(46)) - raft.server.rpc.slowness.timeout = 300s (custom)
2022-07-12 20:46:16,204 [pool-679-thread-1] INFO  server.RaftServerConfigKeys (ConfUtils.java:logGet(46)) - raft.server.leaderelection.leader.step-down.wait-time = 10s (default)
2022-07-12 20:46:16,204 [pool-679-thread-1] INFO  server.RaftServerConfigKeys (ConfUtils.java:logGet(46)) - raft.server.sleep.deviation.threshold = 300ms (default)
2022-07-12 20:46:16,204 [pool-679-thread-1] INFO  server.RaftServer$Division (ServerState.java:<init>(107)) - 8b72257c-a75e-474b-98b3-56dadc4b3e72@group-3848FEE6EDF4: ConfigurationManager, init=-1: [da8f3bd6-6313-4743-a67a-92c6eeaa827b|rpc:10.1.0.33:35583|dataStream:|priority:1, 8b72257c-a75e-474b-98b3-56dadc4b3e72|rpc:10.1.0.33:36051|dataStream:|priority:0, f384af3f-b43c-4c77-9439-f4423bf7a7c1|rpc:10.1.0.33:35233|dataStream:|priority:0], old=null, confs=<EMPTY_MAP>
2022-07-12 20:46:16,204 [pool-679-thread-1] INFO  server.RaftServerConfigKeys (ConfUtils.java:logGet(46)) - raft.server.storage.dir = [/home/runner/work/ozone/ozone/hadoop-ozone/integration-test/target/test-dir/MiniOzoneClusterImpl-b9e7eea4-f922-42a3-9b78-fa3f1bcfe6c2/datanode-1/data/ratis] (custom)
2022-07-12 20:46:16,204 [pool-679-thread-1] INFO  server.RaftServerConfigKeys (ConfUtils.java:logGet(46)) - raft.server.log.corruption.policy = EXCEPTION (default)
2022-07-12 20:46:16,204 [pool-679-thread-1] INFO  server.RaftServerConfigKeys (ConfUtils.java:logGet(46)) - raft.server.storage.free-space.min = 0MB (=0) (default)
2022-07-12 20:46:16,204 [pool-679-thread-1] INFO  storage.RaftStorageDirectory (RaftStorageDirectoryImpl.java:analyzeStorage(135)) - The storage directory /home/runner/work/ozone/ozone/hadoop-ozone/integration-test/target/test-dir/MiniOzoneClusterImpl-b9e7eea4-f922-42a3-9b78-fa3f1bcfe6c2/datanode-1/data/ratis/32fe18c0-3f98-4268-8d73-3848fee6edf4 does not exist. Creating ...
2022-07-12 20:46:16,236 [pool-679-thread-1] INFO  storage.RaftStorageDirectory (RaftStorageDirectoryImpl.java:tryLock(230)) - Lock on /home/runner/work/ozone/ozone/hadoop-ozone/integration-test/target/test-dir/MiniOzoneClusterImpl-b9e7eea4-f922-42a3-9b78-fa3f1bcfe6c2/datanode-1/data/ratis/32fe18c0-3f98-4268-8d73-3848fee6edf4/in_use.lock acquired by nodename 3147@fv-az29-983
2022-07-12 20:46:16,245 [pool-679-thread-1] INFO  storage.RaftStorage (RaftStorageImpl.java:format(89)) - Storage directory /home/runner/work/ozone/ozone/hadoop-ozone/integration-test/target/test-dir/MiniOzoneClusterImpl-b9e7eea4-f922-42a3-9b78-fa3f1bcfe6c2/datanode-1/data/ratis/32fe18c0-3f98-4268-8d73-3848fee6edf4 has been successfully formatted.
2022-07-12 20:46:16,279 [pool-679-thread-1] INFO  ratis.ContainerStateMachine (ContainerStateMachine.java:loadSnapshot(236)) - group-3848FEE6EDF4: The snapshot info is null. Setting the last applied indexto:(t:0, i:~)
2022-07-12 20:46:16,279 [pool-679-thread-1] INFO  server.RaftServerConfigKeys (ConfUtils.java:logGet(46)) - raft.server.notification.no-leader.timeout = 300s (custom)
2022-07-12 20:46:16,279 [pool-679-thread-1] INFO  server.RaftServerConfigKeys (ConfUtils.java:logGet(46)) - raft.server.log.use.memory = false (default)
2022-07-12 20:46:16,279 [pool-679-thread-1] INFO  server.RaftServerConfigKeys (ConfUtils.java:logGet(46)) - raft.server.log.purge.gap = 1000000 (custom)
2022-07-12 20:46:16,279 [pool-679-thread-1] INFO  server.RaftServerConfigKeys (ConfUtils.java:logGet(46)) - raft.server.log.appender.buffer.byte-limit = 33554432 (custom)
2022-07-12 20:46:16,279 [pool-679-thread-1] INFO  server.RaftServerConfigKeys (ConfUtils.java:logGet(46)) - raft.server.log.statemachine.data.read.timeout = 1000ms (default)
2022-07-12 20:46:16,279 [pool-679-thread-1] INFO  server.RaftServerConfigKeys (ConfUtils.java:logGet(46)) - raft.server.log.segment.size.max = 1048576 (custom)
2022-07-12 20:46:16,280 [pool-679-thread-1] INFO  server.RaftServerConfigKeys (ConfUtils.java:logGet(46)) - raft.server.log.segment.cache.num.max = 2 (custom)
2022-07-12 20:46:16,280 [pool-679-thread-1] INFO  server.RaftServerConfigKeys (ConfUtils.java:logGet(46)) - raft.server.log.segment.cache.size.max = 200MB (=209715200) (default)
2022-07-12 20:46:16,280 [pool-679-thread-1] INFO  segmented.SegmentedRaftLogWorker (SegmentedRaftLogWorker.java:<init>(187)) - new 8b72257c-a75e-474b-98b3-56dadc4b3e72@group-3848FEE6EDF4-SegmentedRaftLogWorker for RaftStorageImpl:Storage Directory /home/runner/work/ozone/ozone/hadoop-ozone/integration-test/target/test-dir/MiniOzoneClusterImpl-b9e7eea4-f922-42a3-9b78-fa3f1bcfe6c2/datanode-1/data/ratis/32fe18c0-3f98-4268-8d73-3848fee6edf4
2022-07-12 20:46:16,280 [pool-679-thread-1] INFO  server.RaftServerConfigKeys (ConfUtils.java:logGet(46)) - raft.server.log.queue.byte-limit = 4294967296 (custom)
2022-07-12 20:46:16,280 [pool-679-thread-1] INFO  server.RaftServerConfigKeys (ConfUtils.java:logGet(46)) - raft.server.log.queue.element-limit = 1024 (custom)
2022-07-12 20:46:16,280 [pool-679-thread-1] INFO  server.RaftServerConfigKeys (ConfUtils.java:logGet(46)) - raft.server.log.segment.size.max = 1048576 (custom)
2022-07-12 20:46:16,280 [pool-679-thread-1] INFO  server.RaftServerConfigKeys (ConfUtils.java:logGet(46)) - raft.server.log.preallocated.size = 16384 (custom)
2022-07-12 20:46:16,280 [pool-679-thread-1] INFO  server.RaftServerConfigKeys (ConfUtils.java:logGet(46)) - raft.server.log.force.sync.num = 128 (default)
2022-07-12 20:46:16,280 [pool-679-thread-1] INFO  server.RaftServerConfigKeys (ConfUtils.java:logGet(46)) - raft.server.log.statemachine.data.sync = true (default)
2022-07-12 20:46:16,280 [pool-679-thread-1] INFO  server.RaftServerConfigKeys (ConfUtils.java:logGet(46)) - raft.server.log.statemachine.data.sync.timeout = 10s (default)
2022-07-12 20:46:16,280 [pool-679-thread-1] INFO  server.RaftServerConfigKeys (ConfUtils.java:logGet(46)) - raft.server.log.statemachine.data.sync.timeout.retry = -1 (default)
2022-07-12 20:46:16,281 [pool-679-thread-1] INFO  server.RaftServerConfigKeys (ConfUtils.java:logGet(46)) - raft.server.log.write.buffer.size = 1048576 (custom)
2022-07-12 20:46:16,284 [pool-679-thread-1] INFO  server.RaftServerConfigKeys (ConfUtils.java:logGet(46)) - raft.server.log.unsafe-flush.enabled = false (default)
2022-07-12 20:46:16,284 [pool-679-thread-1] INFO  server.RaftServerConfigKeys (ConfUtils.java:logGet(46)) - raft.server.log.statemachine.data.caching.enabled = true (custom)
2022-07-12 20:46:16,284 [pool-679-thread-1] INFO  segmented.SegmentedRaftLogWorker (SegmentedRaftLogWorker.java:lambda$new$0(135)) - 8b72257c-a75e-474b-98b3-56dadc4b3e72@group-3848FEE6EDF4-SegmentedRaftLogWorker: flushIndex: setUnconditionally 0 -> -1
2022-07-12 20:46:16,284 [pool-679-thread-1] INFO  segmented.SegmentedRaftLogWorker (SegmentedRaftLogWorker.java:lambda$new$0(135)) - 8b72257c-a75e-474b-98b3-56dadc4b3e72@group-3848FEE6EDF4-SegmentedRaftLogWorker: safeCacheEvictIndex: setUnconditionally 0 -> -1
2022-07-12 20:46:16,291 [pool-679-thread-1] INFO  server.RaftServerConfigKeys (ConfUtils.java:logGet(46)) - raft.server.snapshot.auto.trigger.enabled = true (custom)
2022-07-12 20:46:16,291 [pool-679-thread-1] INFO  server.RaftServerConfigKeys (ConfUtils.java:logGet(46)) - raft.server.snapshot.auto.trigger.threshold = 10000 (custom)
2022-07-12 20:46:16,291 [pool-679-thread-1] INFO  server.RaftServerConfigKeys (ConfUtils.java:logGet(46)) - raft.server.snapshot.retention.file.num = 5 (custom)
2022-07-12 20:46:16,291 [pool-679-thread-1] INFO  server.RaftServerConfigKeys (ConfUtils.java:logGet(46)) - raft.server.log.purge.upto.snapshot.index = false (default)
2022-07-12 20:46:16,291 [pool-679-thread-1] INFO  server.RaftServerConfigKeys (ConfUtils.java:logGet(46)) - raft.server.retrycache.expirytime = 600000ms (custom)
2022-07-12 20:46:16,291 [pool-679-thread-1] INFO  server.RaftServerConfigKeys (ConfUtils.java:logGet(46)) - raft.server.retrycache.statistics.expirytime = 100μs (default)
2022-07-12 20:46:16,292 [pool-679-thread-1] INFO  server.RaftServerConfigKeys (ConfUtils.java:logGet(46)) - raft.server.log.appender.install.snapshot.enabled = false (custom)
2022-07-12 20:46:16,292 [pool-679-thread-1] INFO  server.RaftServerConfigKeys (ConfUtils.java:logGet(46)) - raft.server.threadpool.server.cached = true (default)
2022-07-12 20:46:16,292 [pool-679-thread-1] INFO  server.RaftServerConfigKeys (ConfUtils.java:logGet(46)) - raft.server.threadpool.server.size = 0 (default)
2022-07-12 20:46:16,292 [pool-679-thread-1] INFO  server.RaftServerConfigKeys (ConfUtils.java:logGet(46)) - raft.server.threadpool.client.cached = true (default)
2022-07-12 20:46:16,292 [pool-679-thread-1] INFO  server.RaftServerConfigKeys (ConfUtils.java:logGet(46)) - raft.server.threadpool.client.size = 0 (default)
2022-07-12 20:46:16,292 [pool-679-thread-1] INFO  server.RaftServer$Division (RaftServerImpl.java:start(310)) - 8b72257c-a75e-474b-98b3-56dadc4b3e72@group-3848FEE6EDF4: start as a follower, conf=-1: [da8f3bd6-6313-4743-a67a-92c6eeaa827b|rpc:10.1.0.33:35583|dataStream:|priority:1, 8b72257c-a75e-474b-98b3-56dadc4b3e72|rpc:10.1.0.33:36051|dataStream:|priority:0, f384af3f-b43c-4c77-9439-f4423bf7a7c1|rpc:10.1.0.33:35233|dataStream:|priority:0], old=null
2022-07-12 20:46:16,292 [pool-679-thread-1] INFO  server.RaftServer$Division (RaftServerImpl.java:setRole(299)) - 8b72257c-a75e-474b-98b3-56dadc4b3e72@group-3848FEE6EDF4: changes role from      null to FOLLOWER at term 0 for startAsFollower
2022-07-12 20:46:16,292 [pool-679-thread-1] INFO  impl.RoleInfo (RoleInfo.java:updateAndGet(139)) - 8b72257c-a75e-474b-98b3-56dadc4b3e72: start 8b72257c-a75e-474b-98b3-56dadc4b3e72@group-3848FEE6EDF4-FollowerState
2022-07-12 20:46:16,292 [pool-679-thread-1] INFO  util.JmxRegister (JmxRegister.java:tryRegister(44)) - Successfully registered JMX Bean with object name Ratis:service=RaftServer,group=group-3848FEE6EDF4,id=8b72257c-a75e-474b-98b3-56dadc4b3e72
2022-07-12 20:46:16,336 [Command processor thread] INFO  commandhandler.CreatePipelineCommandHandler (CreatePipelineCommandHandler.java:handle(113)) - Created Pipeline RATIS THREE PipelineID=32fe18c0-3f98-4268-8d73-3848fee6edf4.
2022-07-12 20:46:16,336 [Command processor thread] INFO  server.RaftServer (RaftServerProxy.java:addNew(96)) - da8f3bd6-6313-4743-a67a-92c6eeaa827b: addNew group-F8C6DFBD40AC:[da8f3bd6-6313-4743-a67a-92c6eeaa827b|rpc:10.1.0.33:35583|priority:0, 8b72257c-a75e-474b-98b3-56dadc4b3e72|rpc:10.1.0.33:36051|priority:1, f384af3f-b43c-4c77-9439-f4423bf7a7c1|rpc:10.1.0.33:35233|priority:0] returns group-F8C6DFBD40AC:java.util.concurrent.CompletableFuture@6b343469[Not completed]
2022-07-12 20:46:16,337 [pool-656-thread-1] INFO  server.RaftServer$Division (RaftServerImpl.java:<init>(190)) - da8f3bd6-6313-4743-a67a-92c6eeaa827b: new RaftServerImpl for group-F8C6DFBD40AC:[da8f3bd6-6313-4743-a67a-92c6eeaa827b|rpc:10.1.0.33:35583|priority:0, 8b72257c-a75e-474b-98b3-56dadc4b3e72|rpc:10.1.0.33:36051|priority:1, f384af3f-b43c-4c77-9439-f4423bf7a7c1|rpc:10.1.0.33:35233|priority:0] with ContainerStateMachine:uninitialized
2022-07-12 20:46:16,337 [pool-656-thread-1] INFO  server.RaftServerConfigKeys (ConfUtils.java:logGet(46)) - raft.server.rpc.timeout.min = 5s (custom)
2022-07-12 20:46:16,337 [pool-656-thread-1] INFO  server.RaftServerConfigKeys (ConfUtils.java:logGet(46)) - raft.server.rpc.timeout.max = 5200ms (custom)
2022-07-12 20:46:16,337 [pool-656-thread-1] INFO  server.RaftServerConfigKeys (ConfUtils.java:logGet(46)) - raft.server.rpc.sleep.time = 25ms (default)
2022-07-12 20:46:16,337 [pool-656-thread-1] INFO  server.RaftServerConfigKeys (ConfUtils.java:logGet(46)) - raft.server.rpc.slowness.timeout = 300s (custom)
2022-07-12 20:46:16,337 [pool-656-thread-1] INFO  server.RaftServerConfigKeys (ConfUtils.java:logGet(46)) - raft.server.leaderelection.leader.step-down.wait-time = 10s (default)
2022-07-12 20:46:16,337 [pool-656-thread-1] INFO  server.RaftServerConfigKeys (ConfUtils.java:logGet(46)) - raft.server.sleep.deviation.threshold = 300ms (default)
2022-07-12 20:46:16,337 [pool-656-thread-1] INFO  server.RaftServer$Division (ServerState.java:<init>(107)) - da8f3bd6-6313-4743-a67a-92c6eeaa827b@group-F8C6DFBD40AC: ConfigurationManager, init=-1: [da8f3bd6-6313-4743-a67a-92c6eeaa827b|rpc:10.1.0.33:35583|priority:0, 8b72257c-a75e-474b-98b3-56dadc4b3e72|rpc:10.1.0.33:36051|priority:1, f384af3f-b43c-4c77-9439-f4423bf7a7c1|rpc:10.1.0.33:35233|priority:0], old=null, confs=<EMPTY_MAP>
2022-07-12 20:46:16,337 [pool-656-thread-1] INFO  server.RaftServerConfigKeys (ConfUtils.java:logGet(46)) - raft.server.storage.dir = [/home/runner/work/ozone/ozone/hadoop-ozone/integration-test/target/test-dir/MiniOzoneClusterImpl-b9e7eea4-f922-42a3-9b78-fa3f1bcfe6c2/datanode-0/data/ratis] (custom)
2022-07-12 20:46:16,337 [pool-656-thread-1] INFO  server.RaftServerConfigKeys (ConfUtils.java:logGet(46)) - raft.server.log.corruption.policy = EXCEPTION (default)
2022-07-12 20:46:16,337 [pool-656-thread-1] INFO  server.RaftServerConfigKeys (ConfUtils.java:logGet(46)) - raft.server.storage.free-space.min = 0MB (=0) (default)
2022-07-12 20:46:16,338 [pool-656-thread-1] INFO  storage.RaftStorageDirectory (RaftStorageDirectoryImpl.java:analyzeStorage(135)) - The storage directory /home/runner/work/ozone/ozone/hadoop-ozone/integration-test/target/test-dir/MiniOzoneClusterImpl-b9e7eea4-f922-42a3-9b78-fa3f1bcfe6c2/datanode-0/data/ratis/bdf021bf-9405-4d42-899e-f8c6dfbd40ac does not exist. Creating ...
2022-07-12 20:46:16,339 [pool-656-thread-1] INFO  storage.RaftStorageDirectory (RaftStorageDirectoryImpl.java:tryLock(230)) - Lock on /home/runner/work/ozone/ozone/hadoop-ozone/integration-test/target/test-dir/MiniOzoneClusterImpl-b9e7eea4-f922-42a3-9b78-fa3f1bcfe6c2/datanode-0/data/ratis/bdf021bf-9405-4d42-899e-f8c6dfbd40ac/in_use.lock acquired by nodename 3147@fv-az29-983
2022-07-12 20:46:16,343 [pool-656-thread-1] INFO  storage.RaftStorage (RaftStorageImpl.java:format(89)) - Storage directory /home/runner/work/ozone/ozone/hadoop-ozone/integration-test/target/test-dir/MiniOzoneClusterImpl-b9e7eea4-f922-42a3-9b78-fa3f1bcfe6c2/datanode-0/data/ratis/bdf021bf-9405-4d42-899e-f8c6dfbd40ac has been successfully formatted.
2022-07-12 20:46:16,344 [pool-656-thread-1] INFO  ratis.ContainerStateMachine (ContainerStateMachine.java:loadSnapshot(236)) - group-F8C6DFBD40AC: The snapshot info is null. Setting the last applied indexto:(t:0, i:~)
2022-07-12 20:46:16,367 [pool-656-thread-1] INFO  server.RaftServerConfigKeys (ConfUtils.java:logGet(46)) - raft.server.notification.no-leader.timeout = 300s (custom)
2022-07-12 20:46:16,367 [pool-656-thread-1] INFO  server.RaftServerConfigKeys (ConfUtils.java:logGet(46)) - raft.server.log.use.memory = false (default)
2022-07-12 20:46:16,367 [pool-656-thread-1] INFO  server.RaftServerConfigKeys (ConfUtils.java:logGet(46)) - raft.server.log.purge.gap = 1000000 (custom)
2022-07-12 20:46:16,367 [pool-656-thread-1] INFO  server.RaftServerConfigKeys (ConfUtils.java:logGet(46)) - raft.server.log.appender.buffer.byte-limit = 33554432 (custom)
2022-07-12 20:46:16,367 [pool-656-thread-1] INFO  server.RaftServerConfigKeys (ConfUtils.java:logGet(46)) - raft.server.log.statemachine.data.read.timeout = 1000ms (default)
2022-07-12 20:46:16,367 [pool-656-thread-1] INFO  server.RaftServerConfigKeys (ConfUtils.java:logGet(46)) - raft.server.log.segment.size.max = 1048576 (custom)
2022-07-12 20:46:16,370 [pool-656-thread-1] INFO  server.RaftServerConfigKeys (ConfUtils.java:logGet(46)) - raft.server.log.segment.cache.num.max = 2 (custom)
2022-07-12 20:46:16,370 [pool-656-thread-1] INFO  server.RaftServerConfigKeys (ConfUtils.java:logGet(46)) - raft.server.log.segment.cache.size.max = 200MB (=209715200) (default)
2022-07-12 20:46:16,370 [pool-656-thread-1] INFO  segmented.SegmentedRaftLogWorker (SegmentedRaftLogWorker.java:<init>(187)) - new da8f3bd6-6313-4743-a67a-92c6eeaa827b@group-F8C6DFBD40AC-SegmentedRaftLogWorker for RaftStorageImpl:Storage Directory /home/runner/work/ozone/ozone/hadoop-ozone/integration-test/target/test-dir/MiniOzoneClusterImpl-b9e7eea4-f922-42a3-9b78-fa3f1bcfe6c2/datanode-0/data/ratis/bdf021bf-9405-4d42-899e-f8c6dfbd40ac
2022-07-12 20:46:16,370 [pool-656-thread-1] INFO  server.RaftServerConfigKeys (ConfUtils.java:logGet(46)) - raft.server.log.queue.byte-limit = 4294967296 (custom)
2022-07-12 20:46:16,370 [pool-656-thread-1] INFO  server.RaftServerConfigKeys (ConfUtils.java:logGet(46)) - raft.server.log.queue.element-limit = 1024 (custom)
2022-07-12 20:46:16,370 [pool-656-thread-1] INFO  server.RaftServerConfigKeys (ConfUtils.java:logGet(46)) - raft.server.log.segment.size.max = 1048576 (custom)
2022-07-12 20:46:16,370 [pool-656-thread-1] INFO  server.RaftServerConfigKeys (ConfUtils.java:logGet(46)) - raft.server.log.preallocated.size = 16384 (custom)
2022-07-12 20:46:16,370 [pool-656-thread-1] INFO  server.RaftServerConfigKeys (ConfUtils.java:logGet(46)) - raft.server.log.force.sync.num = 128 (default)
2022-07-12 20:46:16,370 [pool-656-thread-1] INFO  server.RaftServerConfigKeys (ConfUtils.java:logGet(46)) - raft.server.log.statemachine.data.sync = true (default)
2022-07-12 20:46:16,370 [pool-656-thread-1] INFO  server.RaftServerConfigKeys (ConfUtils.java:logGet(46)) - raft.server.log.statemachine.data.sync.timeout = 10s (default)
2022-07-12 20:46:16,370 [pool-656-thread-1] INFO  server.RaftServerConfigKeys (ConfUtils.java:logGet(46)) - raft.server.log.statemachine.data.sync.timeout.retry = -1 (default)
2022-07-12 20:46:16,371 [pool-656-thread-1] INFO  server.RaftServerConfigKeys (ConfUtils.java:logGet(46)) - raft.server.log.write.buffer.size = 1048576 (custom)
2022-07-12 20:46:16,372 [pool-656-thread-1] INFO  server.RaftServerConfigKeys (ConfUtils.java:logGet(46)) - raft.server.log.unsafe-flush.enabled = false (default)
2022-07-12 20:46:16,372 [pool-656-thread-1] INFO  server.RaftServerConfigKeys (ConfUtils.java:logGet(46)) - raft.server.log.statemachine.data.caching.enabled = true (custom)
2022-07-12 20:46:16,372 [pool-656-thread-1] INFO  segmented.SegmentedRaftLogWorker (SegmentedRaftLogWorker.java:lambda$new$0(135)) - da8f3bd6-6313-4743-a67a-92c6eeaa827b@group-F8C6DFBD40AC-SegmentedRaftLogWorker: flushIndex: setUnconditionally 0 -> -1
2022-07-12 20:46:16,372 [pool-656-thread-1] INFO  segmented.SegmentedRaftLogWorker (SegmentedRaftLogWorker.java:lambda$new$0(135)) - da8f3bd6-6313-4743-a67a-92c6eeaa827b@group-F8C6DFBD40AC-SegmentedRaftLogWorker: safeCacheEvictIndex: setUnconditionally 0 -> -1
2022-07-12 20:46:16,383 [pool-656-thread-1] INFO  server.RaftServerConfigKeys (ConfUtils.java:logGet(46)) - raft.server.snapshot.auto.trigger.enabled = true (custom)
2022-07-12 20:46:16,383 [pool-656-thread-1] INFO  server.RaftServerConfigKeys (ConfUtils.java:logGet(46)) - raft.server.snapshot.auto.trigger.threshold = 10000 (custom)
2022-07-12 20:46:16,383 [pool-656-thread-1] INFO  server.RaftServerConfigKeys (ConfUtils.java:logGet(46)) - raft.server.snapshot.retention.file.num = 5 (custom)
2022-07-12 20:46:16,383 [pool-656-thread-1] INFO  server.RaftServerConfigKeys (ConfUtils.java:logGet(46)) - raft.server.log.purge.upto.snapshot.index = false (default)
2022-07-12 20:46:16,383 [pool-656-thread-1] INFO  server.RaftServerConfigKeys (ConfUtils.java:logGet(46)) - raft.server.retrycache.expirytime = 600000ms (custom)
2022-07-12 20:46:16,383 [pool-656-thread-1] INFO  server.RaftServerConfigKeys (ConfUtils.java:logGet(46)) - raft.server.retrycache.statistics.expirytime = 100μs (default)
2022-07-12 20:46:16,384 [pool-656-thread-1] INFO  server.RaftServerConfigKeys (ConfUtils.java:logGet(46)) - raft.server.log.appender.install.snapshot.enabled = false (custom)
2022-07-12 20:46:16,384 [pool-656-thread-1] INFO  server.RaftServerConfigKeys (ConfUtils.java:logGet(46)) - raft.server.threadpool.server.cached = true (default)
2022-07-12 20:46:16,384 [pool-656-thread-1] INFO  server.RaftServerConfigKeys (ConfUtils.java:logGet(46)) - raft.server.threadpool.server.size = 0 (default)
2022-07-12 20:46:16,384 [pool-656-thread-1] INFO  server.RaftServerConfigKeys (ConfUtils.java:logGet(46)) - raft.server.threadpool.client.cached = true (default)
2022-07-12 20:46:16,384 [pool-656-thread-1] INFO  server.RaftServerConfigKeys (ConfUtils.java:logGet(46)) - raft.server.threadpool.client.size = 0 (default)
2022-07-12 20:46:16,384 [pool-656-thread-1] INFO  server.RaftServer$Division (RaftServerImpl.java:start(310)) - da8f3bd6-6313-4743-a67a-92c6eeaa827b@group-F8C6DFBD40AC: start as a follower, conf=-1: [da8f3bd6-6313-4743-a67a-92c6eeaa827b|rpc:10.1.0.33:35583|priority:0, 8b72257c-a75e-474b-98b3-56dadc4b3e72|rpc:10.1.0.33:36051|priority:1, f384af3f-b43c-4c77-9439-f4423bf7a7c1|rpc:10.1.0.33:35233|priority:0], old=null
2022-07-12 20:46:16,384 [pool-656-thread-1] INFO  server.RaftServer$Division (RaftServerImpl.java:setRole(299)) - da8f3bd6-6313-4743-a67a-92c6eeaa827b@group-F8C6DFBD40AC: changes role from      null to FOLLOWER at term 0 for startAsFollower
2022-07-12 20:46:16,384 [pool-656-thread-1] INFO  impl.RoleInfo (RoleInfo.java:updateAndGet(139)) - da8f3bd6-6313-4743-a67a-92c6eeaa827b: start da8f3bd6-6313-4743-a67a-92c6eeaa827b@group-F8C6DFBD40AC-FollowerState
2022-07-12 20:46:16,385 [pool-656-thread-1] INFO  util.JmxRegister (JmxRegister.java:tryRegister(44)) - Successfully registered JMX Bean with object name Ratis:service=RaftServer,group=group-F8C6DFBD40AC,id=da8f3bd6-6313-4743-a67a-92c6eeaa827b
2022-07-12 20:46:16,385 [Command processor thread] INFO  ratis.XceiverServerRatis (XceiverServerRatis.java:addGroup(765)) - Created group PipelineID=bdf021bf-9405-4d42-899e-f8c6dfbd40ac
2022-07-12 20:46:16,396 [EventQueue-OpenPipelineForHealthyPipelineSafeModeRule] INFO  safemode.SCMSafeModeManager (HealthyPipelineSafeModeRule.java:process(124)) - SCM in safe mode. Healthy pipelines reported count is 0, required healthy pipeline reported count is 1
2022-07-12 20:46:16,481 [grpc-default-executor-0] INFO  server.RaftServer (RaftServerProxy.java:addNew(96)) - 8b72257c-a75e-474b-98b3-56dadc4b3e72: addNew group-F8C6DFBD40AC:[da8f3bd6-6313-4743-a67a-92c6eeaa827b|rpc:10.1.0.33:35583|dataStream:|priority:0, 8b72257c-a75e-474b-98b3-56dadc4b3e72|rpc:10.1.0.33:36051|dataStream:|priority:1, f384af3f-b43c-4c77-9439-f4423bf7a7c1|rpc:10.1.0.33:35233|dataStream:|priority:0] returns group-F8C6DFBD40AC:java.util.concurrent.CompletableFuture@4e3b6be5[Not completed]
2022-07-12 20:46:16,481 [pool-679-thread-1] INFO  server.RaftServer$Division (RaftServerImpl.java:<init>(190)) - 8b72257c-a75e-474b-98b3-56dadc4b3e72: new RaftServerImpl for group-F8C6DFBD40AC:[da8f3bd6-6313-4743-a67a-92c6eeaa827b|rpc:10.1.0.33:35583|dataStream:|priority:0, 8b72257c-a75e-474b-98b3-56dadc4b3e72|rpc:10.1.0.33:36051|dataStream:|priority:1, f384af3f-b43c-4c77-9439-f4423bf7a7c1|rpc:10.1.0.33:35233|dataStream:|priority:0] with ContainerStateMachine:uninitialized
2022-07-12 20:46:16,481 [pool-679-thread-1] INFO  server.RaftServerConfigKeys (ConfUtils.java:logGet(46)) - raft.server.rpc.timeout.min = 5s (custom)
2022-07-12 20:46:16,481 [pool-679-thread-1] INFO  server.RaftServerConfigKeys (ConfUtils.java:logGet(46)) - raft.server.rpc.timeout.max = 5200ms (custom)
2022-07-12 20:46:16,482 [pool-679-thread-1] INFO  server.RaftServerConfigKeys (ConfUtils.java:logGet(46)) - raft.server.rpc.sleep.time = 25ms (default)
2022-07-12 20:46:16,482 [pool-679-thread-1] INFO  server.RaftServerConfigKeys (ConfUtils.java:logGet(46)) - raft.server.rpc.slowness.timeout = 300s (custom)
2022-07-12 20:46:16,482 [pool-679-thread-1] INFO  server.RaftServerConfigKeys (ConfUtils.java:logGet(46)) - raft.server.leaderelection.leader.step-down.wait-time = 10s (default)
2022-07-12 20:46:16,482 [pool-679-thread-1] INFO  server.RaftServerConfigKeys (ConfUtils.java:logGet(46)) - raft.server.sleep.deviation.threshold = 300ms (default)
2022-07-12 20:46:16,482 [pool-679-thread-1] INFO  server.RaftServer$Division (ServerState.java:<init>(107)) - 8b72257c-a75e-474b-98b3-56dadc4b3e72@group-F8C6DFBD40AC: ConfigurationManager, init=-1: [da8f3bd6-6313-4743-a67a-92c6eeaa827b|rpc:10.1.0.33:35583|dataStream:|priority:0, 8b72257c-a75e-474b-98b3-56dadc4b3e72|rpc:10.1.0.33:36051|dataStream:|priority:1, f384af3f-b43c-4c77-9439-f4423bf7a7c1|rpc:10.1.0.33:35233|dataStream:|priority:0], old=null, confs=<EMPTY_MAP>
2022-07-12 20:46:16,482 [pool-679-thread-1] INFO  server.RaftServerConfigKeys (ConfUtils.java:logGet(46)) - raft.server.storage.dir = [/home/runner/work/ozone/ozone/hadoop-ozone/integration-test/target/test-dir/MiniOzoneClusterImpl-b9e7eea4-f922-42a3-9b78-fa3f1bcfe6c2/datanode-1/data/ratis] (custom)
2022-07-12 20:46:16,482 [pool-679-thread-1] INFO  server.RaftServerConfigKeys (ConfUtils.java:logGet(46)) - raft.server.log.corruption.policy = EXCEPTION (default)
2022-07-12 20:46:16,482 [pool-679-thread-1] INFO  server.RaftServerConfigKeys (ConfUtils.java:logGet(46)) - raft.server.storage.free-space.min = 0MB (=0) (default)
2022-07-12 20:46:16,482 [pool-679-thread-1] INFO  storage.RaftStorageDirectory (RaftStorageDirectoryImpl.java:analyzeStorage(135)) - The storage directory /home/runner/work/ozone/ozone/hadoop-ozone/integration-test/target/test-dir/MiniOzoneClusterImpl-b9e7eea4-f922-42a3-9b78-fa3f1bcfe6c2/datanode-1/data/ratis/bdf021bf-9405-4d42-899e-f8c6dfbd40ac does not exist. Creating ...
2022-07-12 20:46:16,483 [pool-679-thread-1] INFO  storage.RaftStorageDirectory (RaftStorageDirectoryImpl.java:tryLock(230)) - Lock on /home/runner/work/ozone/ozone/hadoop-ozone/integration-test/target/test-dir/MiniOzoneClusterImpl-b9e7eea4-f922-42a3-9b78-fa3f1bcfe6c2/datanode-1/data/ratis/bdf021bf-9405-4d42-899e-f8c6dfbd40ac/in_use.lock acquired by nodename 3147@fv-az29-983
2022-07-12 20:46:16,494 [pool-679-thread-1] INFO  storage.RaftStorage (RaftStorageImpl.java:format(89)) - Storage directory /home/runner/work/ozone/ozone/hadoop-ozone/integration-test/target/test-dir/MiniOzoneClusterImpl-b9e7eea4-f922-42a3-9b78-fa3f1bcfe6c2/datanode-1/data/ratis/bdf021bf-9405-4d42-899e-f8c6dfbd40ac has been successfully formatted.
2022-07-12 20:46:16,499 [pool-679-thread-1] INFO  ratis.ContainerStateMachine (ContainerStateMachine.java:loadSnapshot(236)) - group-F8C6DFBD40AC: The snapshot info is null. Setting the last applied indexto:(t:0, i:~)
2022-07-12 20:46:16,500 [pool-679-thread-1] INFO  server.RaftServerConfigKeys (ConfUtils.java:logGet(46)) - raft.server.notification.no-leader.timeout = 300s (custom)
2022-07-12 20:46:16,500 [pool-679-thread-1] INFO  server.RaftServerConfigKeys (ConfUtils.java:logGet(46)) - raft.server.log.use.memory = false (default)
2022-07-12 20:46:16,500 [pool-679-thread-1] INFO  server.RaftServerConfigKeys (ConfUtils.java:logGet(46)) - raft.server.log.purge.gap = 1000000 (custom)
2022-07-12 20:46:16,500 [pool-679-thread-1] INFO  server.RaftServerConfigKeys (ConfUtils.java:logGet(46)) - raft.server.log.appender.buffer.byte-limit = 33554432 (custom)
2022-07-12 20:46:16,500 [pool-679-thread-1] INFO  server.RaftServerConfigKeys (ConfUtils.java:logGet(46)) - raft.server.log.statemachine.data.read.timeout = 1000ms (default)
2022-07-12 20:46:16,500 [pool-679-thread-1] INFO  server.RaftServerConfigKeys (ConfUtils.java:logGet(46)) - raft.server.log.segment.size.max = 1048576 (custom)
2022-07-12 20:46:16,501 [pool-679-thread-1] INFO  server.RaftServerConfigKeys (ConfUtils.java:logGet(46)) - raft.server.log.segment.cache.num.max = 2 (custom)
2022-07-12 20:46:16,501 [pool-679-thread-1] INFO  server.RaftServerConfigKeys (ConfUtils.java:logGet(46)) - raft.server.log.segment.cache.size.max = 200MB (=209715200) (default)
2022-07-12 20:46:16,501 [pool-679-thread-1] INFO  segmented.SegmentedRaftLogWorker (SegmentedRaftLogWorker.java:<init>(187)) - new 8b72257c-a75e-474b-98b3-56dadc4b3e72@group-F8C6DFBD40AC-SegmentedRaftLogWorker for RaftStorageImpl:Storage Directory /home/runner/work/ozone/ozone/hadoop-ozone/integration-test/target/test-dir/MiniOzoneClusterImpl-b9e7eea4-f922-42a3-9b78-fa3f1bcfe6c2/datanode-1/data/ratis/bdf021bf-9405-4d42-899e-f8c6dfbd40ac
2022-07-12 20:46:16,501 [pool-679-thread-1] INFO  server.RaftServerConfigKeys (ConfUtils.java:logGet(46)) - raft.server.log.queue.byte-limit = 4294967296 (custom)
2022-07-12 20:46:16,501 [pool-679-thread-1] INFO  server.RaftServerConfigKeys (ConfUtils.java:logGet(46)) - raft.server.log.queue.element-limit = 1024 (custom)
2022-07-12 20:46:16,501 [pool-679-thread-1] INFO  server.RaftServerConfigKeys (ConfUtils.java:logGet(46)) - raft.server.log.segment.size.max = 1048576 (custom)
2022-07-12 20:46:16,501 [pool-679-thread-1] INFO  server.RaftServerConfigKeys (ConfUtils.java:logGet(46)) - raft.server.log.preallocated.size = 16384 (custom)
2022-07-12 20:46:16,501 [pool-679-thread-1] INFO  server.RaftServerConfigKeys (ConfUtils.java:logGet(46)) - raft.server.log.force.sync.num = 128 (default)
2022-07-12 20:46:16,501 [pool-679-thread-1] INFO  server.RaftServerConfigKeys (ConfUtils.java:logGet(46)) - raft.server.log.statemachine.data.sync = true (default)
2022-07-12 20:46:16,501 [pool-679-thread-1] INFO  server.RaftServerConfigKeys (ConfUtils.java:logGet(46)) - raft.server.log.statemachine.data.sync.timeout = 10s (default)
2022-07-12 20:46:16,501 [pool-679-thread-1] INFO  server.RaftServerConfigKeys (ConfUtils.java:logGet(46)) - raft.server.log.statemachine.data.sync.timeout.retry = -1 (default)
2022-07-12 20:46:16,502 [pool-679-thread-1] INFO  server.RaftServerConfigKeys (ConfUtils.java:logGet(46)) - raft.server.log.write.buffer.size = 1048576 (custom)
2022-07-12 20:46:16,535 [pool-679-thread-1] INFO  server.RaftServerConfigKeys (ConfUtils.java:logGet(46)) - raft.server.log.unsafe-flush.enabled = false (default)
2022-07-12 20:46:16,535 [pool-679-thread-1] INFO  server.RaftServerConfigKeys (ConfUtils.java:logGet(46)) - raft.server.log.statemachine.data.caching.enabled = true (custom)
2022-07-12 20:46:16,535 [pool-679-thread-1] INFO  segmented.SegmentedRaftLogWorker (SegmentedRaftLogWorker.java:lambda$new$0(135)) - 8b72257c-a75e-474b-98b3-56dadc4b3e72@group-F8C6DFBD40AC-SegmentedRaftLogWorker: flushIndex: setUnconditionally 0 -> -1
2022-07-12 20:46:16,535 [pool-679-thread-1] INFO  segmented.SegmentedRaftLogWorker (SegmentedRaftLogWorker.java:lambda$new$0(135)) - 8b72257c-a75e-474b-98b3-56dadc4b3e72@group-F8C6DFBD40AC-SegmentedRaftLogWorker: safeCacheEvictIndex: setUnconditionally 0 -> -1
2022-07-12 20:46:16,551 [pool-679-thread-1] INFO  server.RaftServerConfigKeys (ConfUtils.java:logGet(46)) - raft.server.snapshot.auto.trigger.enabled = true (custom)
2022-07-12 20:46:16,551 [pool-679-thread-1] INFO  server.RaftServerConfigKeys (ConfUtils.java:logGet(46)) - raft.server.snapshot.auto.trigger.threshold = 10000 (custom)
2022-07-12 20:46:16,551 [pool-679-thread-1] INFO  server.RaftServerConfigKeys (ConfUtils.java:logGet(46)) - raft.server.snapshot.retention.file.num = 5 (custom)
2022-07-12 20:46:16,551 [pool-679-thread-1] INFO  server.RaftServerConfigKeys (ConfUtils.java:logGet(46)) - raft.server.log.purge.upto.snapshot.index = false (default)
2022-07-12 20:46:16,551 [pool-679-thread-1] INFO  server.RaftServerConfigKeys (ConfUtils.java:logGet(46)) - raft.server.retrycache.expirytime = 600000ms (custom)
2022-07-12 20:46:16,551 [pool-679-thread-1] INFO  server.RaftServerConfigKeys (ConfUtils.java:logGet(46)) - raft.server.retrycache.statistics.expirytime = 100μs (default)
2022-07-12 20:46:16,552 [pool-679-thread-1] INFO  server.RaftServerConfigKeys (ConfUtils.java:logGet(46)) - raft.server.log.appender.install.snapshot.enabled = false (custom)
2022-07-12 20:46:16,552 [pool-679-thread-1] INFO  server.RaftServerConfigKeys (ConfUtils.java:logGet(46)) - raft.server.threadpool.server.cached = true (default)
2022-07-12 20:46:16,553 [pool-679-thread-1] INFO  server.RaftServerConfigKeys (ConfUtils.java:logGet(46)) - raft.server.threadpool.server.size = 0 (default)
2022-07-12 20:46:16,553 [pool-679-thread-1] INFO  server.RaftServerConfigKeys (ConfUtils.java:logGet(46)) - raft.server.threadpool.client.cached = true (default)
2022-07-12 20:46:16,553 [pool-679-thread-1] INFO  server.RaftServerConfigKeys (ConfUtils.java:logGet(46)) - raft.server.threadpool.client.size = 0 (default)
2022-07-12 20:46:16,553 [pool-679-thread-1] INFO  server.RaftServer$Division (RaftServerImpl.java:start(310)) - 8b72257c-a75e-474b-98b3-56dadc4b3e72@group-F8C6DFBD40AC: start as a follower, conf=-1: [da8f3bd6-6313-4743-a67a-92c6eeaa827b|rpc:10.1.0.33:35583|dataStream:|priority:0, 8b72257c-a75e-474b-98b3-56dadc4b3e72|rpc:10.1.0.33:36051|dataStream:|priority:1, f384af3f-b43c-4c77-9439-f4423bf7a7c1|rpc:10.1.0.33:35233|dataStream:|priority:0], old=null
2022-07-12 20:46:16,553 [pool-679-thread-1] INFO  server.RaftServer$Division (RaftServerImpl.java:setRole(299)) - 8b72257c-a75e-474b-98b3-56dadc4b3e72@group-F8C6DFBD40AC: changes role from      null to FOLLOWER at term 0 for startAsFollower
2022-07-12 20:46:16,553 [pool-679-thread-1] INFO  impl.RoleInfo (RoleInfo.java:updateAndGet(139)) - 8b72257c-a75e-474b-98b3-56dadc4b3e72: start 8b72257c-a75e-474b-98b3-56dadc4b3e72@group-F8C6DFBD40AC-FollowerState
2022-07-12 20:46:16,559 [pool-679-thread-1] INFO  util.JmxRegister (JmxRegister.java:tryRegister(44)) - Successfully registered JMX Bean with object name Ratis:service=RaftServer,group=group-F8C6DFBD40AC,id=8b72257c-a75e-474b-98b3-56dadc4b3e72
2022-07-12 20:46:16,666 [grpc-default-executor-0] INFO  server.RaftServer (RaftServerProxy.java:addNew(96)) - f384af3f-b43c-4c77-9439-f4423bf7a7c1: addNew group-F8C6DFBD40AC:[da8f3bd6-6313-4743-a67a-92c6eeaa827b|rpc:10.1.0.33:35583|dataStream:|priority:0, 8b72257c-a75e-474b-98b3-56dadc4b3e72|rpc:10.1.0.33:36051|dataStream:|priority:1, f384af3f-b43c-4c77-9439-f4423bf7a7c1|rpc:10.1.0.33:35233|dataStream:|priority:0] returns group-F8C6DFBD40AC:java.util.concurrent.CompletableFuture@55af44f3[Not completed]
2022-07-12 20:46:16,667 [pool-702-thread-1] INFO  server.RaftServer$Division (RaftServerImpl.java:<init>(190)) - f384af3f-b43c-4c77-9439-f4423bf7a7c1: new RaftServerImpl for group-F8C6DFBD40AC:[da8f3bd6-6313-4743-a67a-92c6eeaa827b|rpc:10.1.0.33:35583|dataStream:|priority:0, 8b72257c-a75e-474b-98b3-56dadc4b3e72|rpc:10.1.0.33:36051|dataStream:|priority:1, f384af3f-b43c-4c77-9439-f4423bf7a7c1|rpc:10.1.0.33:35233|dataStream:|priority:0] with ContainerStateMachine:uninitialized
2022-07-12 20:46:16,667 [pool-702-thread-1] INFO  server.RaftServerConfigKeys (ConfUtils.java:logGet(46)) - raft.server.rpc.timeout.min = 5s (custom)
2022-07-12 20:46:16,667 [pool-702-thread-1] INFO  server.RaftServerConfigKeys (ConfUtils.java:logGet(46)) - raft.server.rpc.timeout.max = 5200ms (custom)
2022-07-12 20:46:16,667 [pool-702-thread-1] INFO  server.RaftServerConfigKeys (ConfUtils.java:logGet(46)) - raft.server.rpc.sleep.time = 25ms (default)
2022-07-12 20:46:16,667 [pool-702-thread-1] INFO  server.RaftServerConfigKeys (ConfUtils.java:logGet(46)) - raft.server.rpc.slowness.timeout = 300s (custom)
2022-07-12 20:46:16,667 [pool-702-thread-1] INFO  server.RaftServerConfigKeys (ConfUtils.java:logGet(46)) - raft.server.leaderelection.leader.step-down.wait-time = 10s (default)
2022-07-12 20:46:16,667 [pool-702-thread-1] INFO  server.RaftServerConfigKeys (ConfUtils.java:logGet(46)) - raft.server.sleep.deviation.threshold = 300ms (default)
2022-07-12 20:46:16,667 [pool-702-thread-1] INFO  server.RaftServer$Division (ServerState.java:<init>(107)) - f384af3f-b43c-4c77-9439-f4423bf7a7c1@group-F8C6DFBD40AC: ConfigurationManager, init=-1: [da8f3bd6-6313-4743-a67a-92c6eeaa827b|rpc:10.1.0.33:35583|dataStream:|priority:0, 8b72257c-a75e-474b-98b3-56dadc4b3e72|rpc:10.1.0.33:36051|dataStream:|priority:1, f384af3f-b43c-4c77-9439-f4423bf7a7c1|rpc:10.1.0.33:35233|dataStream:|priority:0], old=null, confs=<EMPTY_MAP>
2022-07-12 20:46:16,667 [pool-702-thread-1] INFO  server.RaftServerConfigKeys (ConfUtils.java:logGet(46)) - raft.server.storage.dir = [/home/runner/work/ozone/ozone/hadoop-ozone/integration-test/target/test-dir/MiniOzoneClusterImpl-b9e7eea4-f922-42a3-9b78-fa3f1bcfe6c2/datanode-2/data/ratis] (custom)
2022-07-12 20:46:16,667 [pool-702-thread-1] INFO  server.RaftServerConfigKeys (ConfUtils.java:logGet(46)) - raft.server.log.corruption.policy = EXCEPTION (default)
2022-07-12 20:46:16,668 [pool-702-thread-1] INFO  server.RaftServerConfigKeys (ConfUtils.java:logGet(46)) - raft.server.storage.free-space.min = 0MB (=0) (default)
2022-07-12 20:46:16,668 [pool-702-thread-1] INFO  storage.RaftStorageDirectory (RaftStorageDirectoryImpl.java:analyzeStorage(135)) - The storage directory /home/runner/work/ozone/ozone/hadoop-ozone/integration-test/target/test-dir/MiniOzoneClusterImpl-b9e7eea4-f922-42a3-9b78-fa3f1bcfe6c2/datanode-2/data/ratis/bdf021bf-9405-4d42-899e-f8c6dfbd40ac does not exist. Creating ...
2022-07-12 20:46:16,678 [pool-702-thread-1] INFO  storage.RaftStorageDirectory (RaftStorageDirectoryImpl.java:tryLock(230)) - Lock on /home/runner/work/ozone/ozone/hadoop-ozone/integration-test/target/test-dir/MiniOzoneClusterImpl-b9e7eea4-f922-42a3-9b78-fa3f1bcfe6c2/datanode-2/data/ratis/bdf021bf-9405-4d42-899e-f8c6dfbd40ac/in_use.lock acquired by nodename 3147@fv-az29-983
2022-07-12 20:46:16,687 [pool-702-thread-1] INFO  storage.RaftStorage (RaftStorageImpl.java:format(89)) - Storage directory /home/runner/work/ozone/ozone/hadoop-ozone/integration-test/target/test-dir/MiniOzoneClusterImpl-b9e7eea4-f922-42a3-9b78-fa3f1bcfe6c2/datanode-2/data/ratis/bdf021bf-9405-4d42-899e-f8c6dfbd40ac has been successfully formatted.
2022-07-12 20:46:16,688 [pool-702-thread-1] INFO  ratis.ContainerStateMachine (ContainerStateMachine.java:loadSnapshot(236)) - group-F8C6DFBD40AC: The snapshot info is null. Setting the last applied indexto:(t:0, i:~)
2022-07-12 20:46:16,688 [pool-702-thread-1] INFO  server.RaftServerConfigKeys (ConfUtils.java:logGet(46)) - raft.server.notification.no-leader.timeout = 300s (custom)
2022-07-12 20:46:16,688 [pool-702-thread-1] INFO  server.RaftServerConfigKeys (ConfUtils.java:logGet(46)) - raft.server.log.use.memory = false (default)
2022-07-12 20:46:16,688 [pool-702-thread-1] INFO  server.RaftServerConfigKeys (ConfUtils.java:logGet(46)) - raft.server.log.purge.gap = 1000000 (custom)
2022-07-12 20:46:16,688 [pool-702-thread-1] INFO  server.RaftServerConfigKeys (ConfUtils.java:logGet(46)) - raft.server.log.appender.buffer.byte-limit = 33554432 (custom)
2022-07-12 20:46:16,688 [pool-702-thread-1] INFO  server.RaftServerConfigKeys (ConfUtils.java:logGet(46)) - raft.server.log.statemachine.data.read.timeout = 1000ms (default)
2022-07-12 20:46:16,688 [pool-702-thread-1] INFO  server.RaftServerConfigKeys (ConfUtils.java:logGet(46)) - raft.server.log.segment.size.max = 1048576 (custom)
2022-07-12 20:46:16,689 [pool-702-thread-1] INFO  server.RaftServerConfigKeys (ConfUtils.java:logGet(46)) - raft.server.log.segment.cache.num.max = 2 (custom)
2022-07-12 20:46:16,689 [pool-702-thread-1] INFO  server.RaftServerConfigKeys (ConfUtils.java:logGet(46)) - raft.server.log.segment.cache.size.max = 200MB (=209715200) (default)
2022-07-12 20:46:16,689 [pool-702-thread-1] INFO  segmented.SegmentedRaftLogWorker (SegmentedRaftLogWorker.java:<init>(187)) - new f384af3f-b43c-4c77-9439-f4423bf7a7c1@group-F8C6DFBD40AC-SegmentedRaftLogWorker for RaftStorageImpl:Storage Directory /home/runner/work/ozone/ozone/hadoop-ozone/integration-test/target/test-dir/MiniOzoneClusterImpl-b9e7eea4-f922-42a3-9b78-fa3f1bcfe6c2/datanode-2/data/ratis/bdf021bf-9405-4d42-899e-f8c6dfbd40ac
2022-07-12 20:46:16,689 [pool-702-thread-1] INFO  server.RaftServerConfigKeys (ConfUtils.java:logGet(46)) - raft.server.log.queue.byte-limit = 4294967296 (custom)
2022-07-12 20:46:16,689 [pool-702-thread-1] INFO  server.RaftServerConfigKeys (ConfUtils.java:logGet(46)) - raft.server.log.queue.element-limit = 1024 (custom)
2022-07-12 20:46:16,689 [pool-702-thread-1] INFO  server.RaftServerConfigKeys (ConfUtils.java:logGet(46)) - raft.server.log.segment.size.max = 1048576 (custom)
2022-07-12 20:46:16,689 [pool-702-thread-1] INFO  server.RaftServerConfigKeys (ConfUtils.java:logGet(46)) - raft.server.log.preallocated.size = 16384 (custom)
2022-07-12 20:46:16,689 [pool-702-thread-1] INFO  server.RaftServerConfigKeys (ConfUtils.java:logGet(46)) - raft.server.log.force.sync.num = 128 (default)
2022-07-12 20:46:16,689 [pool-702-thread-1] INFO  server.RaftServerConfigKeys (ConfUtils.java:logGet(46)) - raft.server.log.statemachine.data.sync = true (default)
2022-07-12 20:46:16,689 [pool-702-thread-1] INFO  server.RaftServerConfigKeys (ConfUtils.java:logGet(46)) - raft.server.log.statemachine.data.sync.timeout = 10s (default)
2022-07-12 20:46:16,689 [pool-702-thread-1] INFO  server.RaftServerConfigKeys (ConfUtils.java:logGet(46)) - raft.server.log.statemachine.data.sync.timeout.retry = -1 (default)
2022-07-12 20:46:16,690 [pool-702-thread-1] INFO  server.RaftServerConfigKeys (ConfUtils.java:logGet(46)) - raft.server.log.write.buffer.size = 1048576 (custom)
2022-07-12 20:46:16,690 [pool-702-thread-1] INFO  server.RaftServerConfigKeys (ConfUtils.java:logGet(46)) - raft.server.log.unsafe-flush.enabled = false (default)
2022-07-12 20:46:16,690 [pool-702-thread-1] INFO  server.RaftServerConfigKeys (ConfUtils.java:logGet(46)) - raft.server.log.statemachine.data.caching.enabled = true (custom)
2022-07-12 20:46:16,707 [pool-702-thread-1] INFO  segmented.SegmentedRaftLogWorker (SegmentedRaftLogWorker.java:lambda$new$0(135)) - f384af3f-b43c-4c77-9439-f4423bf7a7c1@group-F8C6DFBD40AC-SegmentedRaftLogWorker: flushIndex: setUnconditionally 0 -> -1
2022-07-12 20:46:16,707 [pool-702-thread-1] INFO  segmented.SegmentedRaftLogWorker (SegmentedRaftLogWorker.java:lambda$new$0(135)) - f384af3f-b43c-4c77-9439-f4423bf7a7c1@group-F8C6DFBD40AC-SegmentedRaftLogWorker: safeCacheEvictIndex: setUnconditionally 0 -> -1
2022-07-12 20:46:16,715 [pool-702-thread-1] INFO  server.RaftServerConfigKeys (ConfUtils.java:logGet(46)) - raft.server.snapshot.auto.trigger.enabled = true (custom)
2022-07-12 20:46:16,715 [pool-702-thread-1] INFO  server.RaftServerConfigKeys (ConfUtils.java:logGet(46)) - raft.server.snapshot.auto.trigger.threshold = 10000 (custom)
2022-07-12 20:46:16,715 [pool-702-thread-1] INFO  server.RaftServerConfigKeys (ConfUtils.java:logGet(46)) - raft.server.snapshot.retention.file.num = 5 (custom)
2022-07-12 20:46:16,715 [pool-702-thread-1] INFO  server.RaftServerConfigKeys (ConfUtils.java:logGet(46)) - raft.server.log.purge.upto.snapshot.index = false (default)
2022-07-12 20:46:16,715 [pool-702-thread-1] INFO  server.RaftServerConfigKeys (ConfUtils.java:logGet(46)) - raft.server.retrycache.expirytime = 600000ms (custom)
2022-07-12 20:46:16,715 [pool-702-thread-1] INFO  server.RaftServerConfigKeys (ConfUtils.java:logGet(46)) - raft.server.retrycache.statistics.expirytime = 100μs (default)
2022-07-12 20:46:16,716 [pool-702-thread-1] INFO  server.RaftServerConfigKeys (ConfUtils.java:logGet(46)) - raft.server.log.appender.install.snapshot.enabled = false (custom)
2022-07-12 20:46:16,716 [pool-702-thread-1] INFO  server.RaftServerConfigKeys (ConfUtils.java:logGet(46)) - raft.server.threadpool.server.cached = true (default)
2022-07-12 20:46:16,716 [pool-702-thread-1] INFO  server.RaftServerConfigKeys (ConfUtils.java:logGet(46)) - raft.server.threadpool.server.size = 0 (default)
2022-07-12 20:46:16,716 [pool-702-thread-1] INFO  server.RaftServerConfigKeys (ConfUtils.java:logGet(46)) - raft.server.threadpool.client.cached = true (default)
2022-07-12 20:46:16,716 [pool-702-thread-1] INFO  server.RaftServerConfigKeys (ConfUtils.java:logGet(46)) - raft.server.threadpool.client.size = 0 (default)
2022-07-12 20:46:16,716 [pool-702-thread-1] INFO  server.RaftServer$Division (RaftServerImpl.java:start(310)) - f384af3f-b43c-4c77-9439-f4423bf7a7c1@group-F8C6DFBD40AC: start as a follower, conf=-1: [da8f3bd6-6313-4743-a67a-92c6eeaa827b|rpc:10.1.0.33:35583|dataStream:|priority:0, 8b72257c-a75e-474b-98b3-56dadc4b3e72|rpc:10.1.0.33:36051|dataStream:|priority:1, f384af3f-b43c-4c77-9439-f4423bf7a7c1|rpc:10.1.0.33:35233|dataStream:|priority:0], old=null
2022-07-12 20:46:16,716 [pool-702-thread-1] INFO  server.RaftServer$Division (RaftServerImpl.java:setRole(299)) - f384af3f-b43c-4c77-9439-f4423bf7a7c1@group-F8C6DFBD40AC: changes role from      null to FOLLOWER at term 0 for startAsFollower
2022-07-12 20:46:16,716 [pool-702-thread-1] INFO  impl.RoleInfo (RoleInfo.java:updateAndGet(139)) - f384af3f-b43c-4c77-9439-f4423bf7a7c1: start f384af3f-b43c-4c77-9439-f4423bf7a7c1@group-F8C6DFBD40AC-FollowerState
2022-07-12 20:46:16,733 [pool-702-thread-1] INFO  util.JmxRegister (JmxRegister.java:tryRegister(44)) - Successfully registered JMX Bean with object name Ratis:service=RaftServer,group=group-F8C6DFBD40AC,id=f384af3f-b43c-4c77-9439-f4423bf7a7c1
2022-07-12 20:46:16,793 [Command processor thread] INFO  commandhandler.CreatePipelineCommandHandler (CreatePipelineCommandHandler.java:handle(113)) - Created Pipeline RATIS THREE PipelineID=bdf021bf-9405-4d42-899e-f8c6dfbd40ac.
2022-07-12 20:46:16,875 [Command processor thread] INFO  server.RaftServer (RaftServerProxy.java:addNew(96)) - 8b72257c-a75e-474b-98b3-56dadc4b3e72: addNew group-48B290496D52:[8b72257c-a75e-474b-98b3-56dadc4b3e72|rpc:10.1.0.33:36051|priority:1] returns group-48B290496D52:java.util.concurrent.CompletableFuture@1d08f70e[Not completed]
2022-07-12 20:46:16,876 [pool-679-thread-1] INFO  server.RaftServer$Division (RaftServerImpl.java:<init>(190)) - 8b72257c-a75e-474b-98b3-56dadc4b3e72: new RaftServerImpl for group-48B290496D52:[8b72257c-a75e-474b-98b3-56dadc4b3e72|rpc:10.1.0.33:36051|priority:1] with ContainerStateMachine:uninitialized
2022-07-12 20:46:16,876 [pool-679-thread-1] INFO  server.RaftServerConfigKeys (ConfUtils.java:logGet(46)) - raft.server.rpc.timeout.min = 5s (custom)
2022-07-12 20:46:16,876 [pool-679-thread-1] INFO  server.RaftServerConfigKeys (ConfUtils.java:logGet(46)) - raft.server.rpc.timeout.max = 5200ms (custom)
2022-07-12 20:46:16,876 [pool-679-thread-1] INFO  server.RaftServerConfigKeys (ConfUtils.java:logGet(46)) - raft.server.rpc.sleep.time = 25ms (default)
2022-07-12 20:46:16,876 [pool-679-thread-1] INFO  server.RaftServerConfigKeys (ConfUtils.java:logGet(46)) - raft.server.rpc.slowness.timeout = 300s (custom)
2022-07-12 20:46:16,876 [pool-679-thread-1] INFO  server.RaftServerConfigKeys (ConfUtils.java:logGet(46)) - raft.server.leaderelection.leader.step-down.wait-time = 10s (default)
2022-07-12 20:46:16,876 [pool-679-thread-1] INFO  server.RaftServerConfigKeys (ConfUtils.java:logGet(46)) - raft.server.sleep.deviation.threshold = 300ms (default)
2022-07-12 20:46:16,876 [pool-679-thread-1] INFO  server.RaftServer$Division (ServerState.java:<init>(107)) - 8b72257c-a75e-474b-98b3-56dadc4b3e72@group-48B290496D52: ConfigurationManager, init=-1: [8b72257c-a75e-474b-98b3-56dadc4b3e72|rpc:10.1.0.33:36051|priority:1], old=null, confs=<EMPTY_MAP>
2022-07-12 20:46:16,876 [pool-679-thread-1] INFO  server.RaftServerConfigKeys (ConfUtils.java:logGet(46)) - raft.server.storage.dir = [/home/runner/work/ozone/ozone/hadoop-ozone/integration-test/target/test-dir/MiniOzoneClusterImpl-b9e7eea4-f922-42a3-9b78-fa3f1bcfe6c2/datanode-1/data/ratis] (custom)
2022-07-12 20:46:16,876 [pool-679-thread-1] INFO  server.RaftServerConfigKeys (ConfUtils.java:logGet(46)) - raft.server.log.corruption.policy = EXCEPTION (default)
2022-07-12 20:46:16,876 [pool-679-thread-1] INFO  server.RaftServerConfigKeys (ConfUtils.java:logGet(46)) - raft.server.storage.free-space.min = 0MB (=0) (default)
2022-07-12 20:46:16,877 [pool-679-thread-1] INFO  storage.RaftStorageDirectory (RaftStorageDirectoryImpl.java:analyzeStorage(135)) - The storage directory /home/runner/work/ozone/ozone/hadoop-ozone/integration-test/target/test-dir/MiniOzoneClusterImpl-b9e7eea4-f922-42a3-9b78-fa3f1bcfe6c2/datanode-1/data/ratis/949703c7-f3a9-47b2-8d54-48b290496d52 does not exist. Creating ...
2022-07-12 20:46:16,877 [pool-679-thread-1] INFO  storage.RaftStorageDirectory (RaftStorageDirectoryImpl.java:tryLock(230)) - Lock on /home/runner/work/ozone/ozone/hadoop-ozone/integration-test/target/test-dir/MiniOzoneClusterImpl-b9e7eea4-f922-42a3-9b78-fa3f1bcfe6c2/datanode-1/data/ratis/949703c7-f3a9-47b2-8d54-48b290496d52/in_use.lock acquired by nodename 3147@fv-az29-983
2022-07-12 20:46:16,878 [pool-679-thread-1] INFO  storage.RaftStorage (RaftStorageImpl.java:format(89)) - Storage directory /home/runner/work/ozone/ozone/hadoop-ozone/integration-test/target/test-dir/MiniOzoneClusterImpl-b9e7eea4-f922-42a3-9b78-fa3f1bcfe6c2/datanode-1/data/ratis/949703c7-f3a9-47b2-8d54-48b290496d52 has been successfully formatted.
2022-07-12 20:46:16,881 [EventQueue-PipelineReportForPipelineReportHandler] INFO  pipeline.PipelineManagerImpl (PipelineManagerImpl.java:openPipeline(359)) - Pipeline Pipeline[ Id: 949703c7-f3a9-47b2-8d54-48b290496d52, Nodes: 8b72257c-a75e-474b-98b3-56dadc4b3e72{ip: 10.1.0.33, host: fv-az29-983.0gf2enmb5avurc1gjtxldx4mnh.bx.internal.cloudapp.net, ports: [REPLICATION=46269, RATIS=36051, RATIS_ADMIN=36051, RATIS_SERVER=36051, STANDALONE=33445], networkLocation: /default-rack, certSerialId: null, persistedOpState: IN_SERVICE, persistedOpStateExpiryEpochSec: 0}, ReplicationConfig: RATIS/ONE, State:ALLOCATED, leaderId:8b72257c-a75e-474b-98b3-56dadc4b3e72, CreationTimestamp2022-07-12T20:46:13.916Z[Etc/UTC]] moved to OPEN state
2022-07-12 20:46:16,882 [EventQueue-OpenPipelineForHealthyPipelineSafeModeRule] INFO  safemode.SCMSafeModeManager (HealthyPipelineSafeModeRule.java:process(124)) - SCM in safe mode. Healthy pipelines reported count is 0, required healthy pipeline reported count is 1
2022-07-12 20:46:16,883 [pool-679-thread-1] INFO  ratis.ContainerStateMachine (ContainerStateMachine.java:loadSnapshot(236)) - group-48B290496D52: The snapshot info is null. Setting the last applied indexto:(t:0, i:~)
2022-07-12 20:46:16,883 [pool-679-thread-1] INFO  server.RaftServerConfigKeys (ConfUtils.java:logGet(46)) - raft.server.notification.no-leader.timeout = 300s (custom)
2022-07-12 20:46:16,883 [pool-679-thread-1] INFO  server.RaftServerConfigKeys (ConfUtils.java:logGet(46)) - raft.server.log.use.memory = false (default)
2022-07-12 20:46:16,883 [pool-679-thread-1] INFO  server.RaftServerConfigKeys (ConfUtils.java:logGet(46)) - raft.server.log.purge.gap = 1000000 (custom)
2022-07-12 20:46:16,883 [pool-679-thread-1] INFO  server.RaftServerConfigKeys (ConfUtils.java:logGet(46)) - raft.server.log.appender.buffer.byte-limit = 33554432 (custom)
2022-07-12 20:46:16,883 [pool-679-thread-1] INFO  server.RaftServerConfigKeys (ConfUtils.java:logGet(46)) - raft.server.log.statemachine.data.read.timeout = 1000ms (default)
2022-07-12 20:46:16,883 [pool-679-thread-1] INFO  server.RaftServerConfigKeys (ConfUtils.java:logGet(46)) - raft.server.log.segment.size.max = 1048576 (custom)
2022-07-12 20:46:16,884 [pool-679-thread-1] INFO  server.RaftServerConfigKeys (ConfUtils.java:logGet(46)) - raft.server.log.segment.cache.num.max = 2 (custom)
2022-07-12 20:46:16,884 [pool-679-thread-1] INFO  server.RaftServerConfigKeys (ConfUtils.java:logGet(46)) - raft.server.log.segment.cache.size.max = 200MB (=209715200) (default)
2022-07-12 20:46:16,884 [pool-679-thread-1] INFO  segmented.SegmentedRaftLogWorker (SegmentedRaftLogWorker.java:<init>(187)) - new 8b72257c-a75e-474b-98b3-56dadc4b3e72@group-48B290496D52-SegmentedRaftLogWorker for RaftStorageImpl:Storage Directory /home/runner/work/ozone/ozone/hadoop-ozone/integration-test/target/test-dir/MiniOzoneClusterImpl-b9e7eea4-f922-42a3-9b78-fa3f1bcfe6c2/datanode-1/data/ratis/949703c7-f3a9-47b2-8d54-48b290496d52
2022-07-12 20:46:16,884 [pool-679-thread-1] INFO  server.RaftServerConfigKeys (ConfUtils.java:logGet(46)) - raft.server.log.queue.byte-limit = 4294967296 (custom)
2022-07-12 20:46:16,884 [pool-679-thread-1] INFO  server.RaftServerConfigKeys (ConfUtils.java:logGet(46)) - raft.server.log.queue.element-limit = 1024 (custom)
2022-07-12 20:46:16,884 [pool-679-thread-1] INFO  server.RaftServerConfigKeys (ConfUtils.java:logGet(46)) - raft.server.log.segment.size.max = 1048576 (custom)
2022-07-12 20:46:16,884 [pool-679-thread-1] INFO  server.RaftServerConfigKeys (ConfUtils.java:logGet(46)) - raft.server.log.preallocated.size = 16384 (custom)
2022-07-12 20:46:16,884 [pool-679-thread-1] INFO  server.RaftServerConfigKeys (ConfUtils.java:logGet(46)) - raft.server.log.force.sync.num = 128 (default)
2022-07-12 20:46:16,884 [pool-679-thread-1] INFO  server.RaftServerConfigKeys (ConfUtils.java:logGet(46)) - raft.server.log.statemachine.data.sync = true (default)
2022-07-12 20:46:16,884 [pool-679-thread-1] INFO  server.RaftServerConfigKeys (ConfUtils.java:logGet(46)) - raft.server.log.statemachine.data.sync.timeout = 10s (default)
2022-07-12 20:46:16,884 [pool-679-thread-1] INFO  server.RaftServerConfigKeys (ConfUtils.java:logGet(46)) - raft.server.log.statemachine.data.sync.timeout.retry = -1 (default)
2022-07-12 20:46:16,885 [pool-679-thread-1] INFO  server.RaftServerConfigKeys (ConfUtils.java:logGet(46)) - raft.server.log.write.buffer.size = 1048576 (custom)
2022-07-12 20:46:16,885 [pool-679-thread-1] INFO  server.RaftServerConfigKeys (ConfUtils.java:logGet(46)) - raft.server.log.unsafe-flush.enabled = false (default)
2022-07-12 20:46:16,886 [pool-679-thread-1] INFO  server.RaftServerConfigKeys (ConfUtils.java:logGet(46)) - raft.server.log.statemachine.data.caching.enabled = true (custom)
2022-07-12 20:46:16,886 [pool-679-thread-1] INFO  segmented.SegmentedRaftLogWorker (SegmentedRaftLogWorker.java:lambda$new$0(135)) - 8b72257c-a75e-474b-98b3-56dadc4b3e72@group-48B290496D52-SegmentedRaftLogWorker: flushIndex: setUnconditionally 0 -> -1
2022-07-12 20:46:16,886 [pool-679-thread-1] INFO  segmented.SegmentedRaftLogWorker (SegmentedRaftLogWorker.java:lambda$new$0(135)) - 8b72257c-a75e-474b-98b3-56dadc4b3e72@group-48B290496D52-SegmentedRaftLogWorker: safeCacheEvictIndex: setUnconditionally 0 -> -1
2022-07-12 20:46:16,906 [pool-679-thread-1] INFO  server.RaftServerConfigKeys (ConfUtils.java:logGet(46)) - raft.server.snapshot.auto.trigger.enabled = true (custom)
2022-07-12 20:46:16,906 [pool-679-thread-1] INFO  server.RaftServerConfigKeys (ConfUtils.java:logGet(46)) - raft.server.snapshot.auto.trigger.threshold = 10000 (custom)
2022-07-12 20:46:16,906 [pool-679-thread-1] INFO  server.RaftServerConfigKeys (ConfUtils.java:logGet(46)) - raft.server.snapshot.retention.file.num = 5 (custom)
2022-07-12 20:46:16,906 [pool-679-thread-1] INFO  server.RaftServerConfigKeys (ConfUtils.java:logGet(46)) - raft.server.log.purge.upto.snapshot.index = false (default)
2022-07-12 20:46:16,906 [pool-679-thread-1] INFO  server.RaftServerConfigKeys (ConfUtils.java:logGet(46)) - raft.server.retrycache.expirytime = 600000ms (custom)
2022-07-12 20:46:16,906 [pool-679-thread-1] INFO  server.RaftServerConfigKeys (ConfUtils.java:logGet(46)) - raft.server.retrycache.statistics.expirytime = 100μs (default)
2022-07-12 20:46:16,907 [pool-679-thread-1] INFO  server.RaftServerConfigKeys (ConfUtils.java:logGet(46)) - raft.server.log.appender.install.snapshot.enabled = false (custom)
2022-07-12 20:46:16,907 [pool-679-thread-1] INFO  server.RaftServerConfigKeys (ConfUtils.java:logGet(46)) - raft.server.threadpool.server.cached = true (default)
2022-07-12 20:46:16,907 [pool-679-thread-1] INFO  server.RaftServerConfigKeys (ConfUtils.java:logGet(46)) - raft.server.threadpool.server.size = 0 (default)
2022-07-12 20:46:16,907 [pool-679-thread-1] INFO  server.RaftServerConfigKeys (ConfUtils.java:logGet(46)) - raft.server.threadpool.client.cached = true (default)
2022-07-12 20:46:16,907 [pool-679-thread-1] INFO  server.RaftServerConfigKeys (ConfUtils.java:logGet(46)) - raft.server.threadpool.client.size = 0 (default)
2022-07-12 20:46:16,907 [pool-679-thread-1] INFO  server.RaftServer$Division (RaftServerImpl.java:start(310)) - 8b72257c-a75e-474b-98b3-56dadc4b3e72@group-48B290496D52: start as a follower, conf=-1: [8b72257c-a75e-474b-98b3-56dadc4b3e72|rpc:10.1.0.33:36051|priority:1], old=null
2022-07-12 20:46:16,908 [pool-679-thread-1] INFO  server.RaftServer$Division (RaftServerImpl.java:setRole(299)) - 8b72257c-a75e-474b-98b3-56dadc4b3e72@group-48B290496D52: changes role from      null to FOLLOWER at term 0 for startAsFollower
2022-07-12 20:46:16,908 [pool-679-thread-1] INFO  impl.RoleInfo (RoleInfo.java:updateAndGet(139)) - 8b72257c-a75e-474b-98b3-56dadc4b3e72: start 8b72257c-a75e-474b-98b3-56dadc4b3e72@group-48B290496D52-FollowerState
2022-07-12 20:46:16,919 [pool-679-thread-1] INFO  util.JmxRegister (JmxRegister.java:tryRegister(44)) - Successfully registered JMX Bean with object name Ratis:service=RaftServer,group=group-48B290496D52,id=8b72257c-a75e-474b-98b3-56dadc4b3e72
2022-07-12 20:46:16,920 [Command processor thread] INFO  ratis.XceiverServerRatis (XceiverServerRatis.java:addGroup(765)) - Created group PipelineID=949703c7-f3a9-47b2-8d54-48b290496d52
2022-07-12 20:46:16,920 [Command processor thread] INFO  commandhandler.CreatePipelineCommandHandler (CreatePipelineCommandHandler.java:handle(113)) - Created Pipeline RATIS ONE PipelineID=949703c7-f3a9-47b2-8d54-48b290496d52.
2022-07-12 20:46:17,043 [Listener at 127.0.0.1/39727] INFO  ozone.MiniOzoneClusterImpl (MiniOzoneClusterImpl.java:lambda$waitForClusterToBeReady$0(223)) - Nodes are ready. Got 3 of 3 DN Heartbeats.
2022-07-12 20:46:17,043 [Listener at 127.0.0.1/39727] INFO  ozone.MiniOzoneClusterImpl (MiniOzoneClusterImpl.java:lambda$waitForClusterToBeReady$0(226)) - Waiting for cluster to exit safe mode
2022-07-12 20:46:17,043 [Listener at 127.0.0.1/39727] INFO  ozone.MiniOzoneClusterImpl (MiniOzoneClusterImpl.java:lambda$waitForClusterToBeReady$0(228)) - SCM became leader
2022-07-12 20:46:18,044 [Listener at 127.0.0.1/39727] INFO  ozone.MiniOzoneClusterImpl (MiniOzoneClusterImpl.java:lambda$waitForClusterToBeReady$0(223)) - Nodes are ready. Got 3 of 3 DN Heartbeats.
2022-07-12 20:46:18,044 [Listener at 127.0.0.1/39727] INFO  ozone.MiniOzoneClusterImpl (MiniOzoneClusterImpl.java:lambda$waitForClusterToBeReady$0(226)) - Waiting for cluster to exit safe mode
2022-07-12 20:46:18,044 [Listener at 127.0.0.1/39727] INFO  ozone.MiniOzoneClusterImpl (MiniOzoneClusterImpl.java:lambda$waitForClusterToBeReady$0(228)) - SCM became leader
2022-07-12 20:46:18,071 [Command processor thread] INFO  server.RaftServer (RaftServerProxy.java:addNew(96)) - f384af3f-b43c-4c77-9439-f4423bf7a7c1: addNew group-07A58D1C52BC:[f384af3f-b43c-4c77-9439-f4423bf7a7c1|rpc:10.1.0.33:35233|priority:1] returns group-07A58D1C52BC:java.util.concurrent.CompletableFuture@758fbe1[Not completed]
2022-07-12 20:46:18,072 [pool-702-thread-1] INFO  server.RaftServer$Division (RaftServerImpl.java:<init>(190)) - f384af3f-b43c-4c77-9439-f4423bf7a7c1: new RaftServerImpl for group-07A58D1C52BC:[f384af3f-b43c-4c77-9439-f4423bf7a7c1|rpc:10.1.0.33:35233|priority:1] with ContainerStateMachine:uninitialized
2022-07-12 20:46:18,072 [pool-702-thread-1] INFO  server.RaftServerConfigKeys (ConfUtils.java:logGet(46)) - raft.server.rpc.timeout.min = 5s (custom)
2022-07-12 20:46:18,072 [pool-702-thread-1] INFO  server.RaftServerConfigKeys (ConfUtils.java:logGet(46)) - raft.server.rpc.timeout.max = 5200ms (custom)
2022-07-12 20:46:18,072 [pool-702-thread-1] INFO  server.RaftServerConfigKeys (ConfUtils.java:logGet(46)) - raft.server.rpc.sleep.time = 25ms (default)
2022-07-12 20:46:18,072 [pool-702-thread-1] INFO  server.RaftServerConfigKeys (ConfUtils.java:logGet(46)) - raft.server.rpc.slowness.timeout = 300s (custom)
2022-07-12 20:46:18,072 [pool-702-thread-1] INFO  server.RaftServerConfigKeys (ConfUtils.java:logGet(46)) - raft.server.leaderelection.leader.step-down.wait-time = 10s (default)
2022-07-12 20:46:18,072 [pool-702-thread-1] INFO  server.RaftServerConfigKeys (ConfUtils.java:logGet(46)) - raft.server.sleep.deviation.threshold = 300ms (default)
2022-07-12 20:46:18,073 [pool-702-thread-1] INFO  server.RaftServer$Division (ServerState.java:<init>(107)) - f384af3f-b43c-4c77-9439-f4423bf7a7c1@group-07A58D1C52BC: ConfigurationManager, init=-1: [f384af3f-b43c-4c77-9439-f4423bf7a7c1|rpc:10.1.0.33:35233|priority:1], old=null, confs=<EMPTY_MAP>
2022-07-12 20:46:18,073 [pool-702-thread-1] INFO  server.RaftServerConfigKeys (ConfUtils.java:logGet(46)) - raft.server.storage.dir = [/home/runner/work/ozone/ozone/hadoop-ozone/integration-test/target/test-dir/MiniOzoneClusterImpl-b9e7eea4-f922-42a3-9b78-fa3f1bcfe6c2/datanode-2/data/ratis] (custom)
2022-07-12 20:46:18,073 [pool-702-thread-1] INFO  server.RaftServerConfigKeys (ConfUtils.java:logGet(46)) - raft.server.log.corruption.policy = EXCEPTION (default)
2022-07-12 20:46:18,073 [pool-702-thread-1] INFO  server.RaftServerConfigKeys (ConfUtils.java:logGet(46)) - raft.server.storage.free-space.min = 0MB (=0) (default)
2022-07-12 20:46:18,073 [pool-702-thread-1] INFO  storage.RaftStorageDirectory (RaftStorageDirectoryImpl.java:analyzeStorage(135)) - The storage directory /home/runner/work/ozone/ozone/hadoop-ozone/integration-test/target/test-dir/MiniOzoneClusterImpl-b9e7eea4-f922-42a3-9b78-fa3f1bcfe6c2/datanode-2/data/ratis/dd6c27e2-8f30-41a3-a398-07a58d1c52bc does not exist. Creating ...
2022-07-12 20:46:18,080 [pool-702-thread-1] INFO  storage.RaftStorageDirectory (RaftStorageDirectoryImpl.java:tryLock(230)) - Lock on /home/runner/work/ozone/ozone/hadoop-ozone/integration-test/target/test-dir/MiniOzoneClusterImpl-b9e7eea4-f922-42a3-9b78-fa3f1bcfe6c2/datanode-2/data/ratis/dd6c27e2-8f30-41a3-a398-07a58d1c52bc/in_use.lock acquired by nodename 3147@fv-az29-983
2022-07-12 20:46:18,087 [pool-702-thread-1] INFO  storage.RaftStorage (RaftStorageImpl.java:format(89)) - Storage directory /home/runner/work/ozone/ozone/hadoop-ozone/integration-test/target/test-dir/MiniOzoneClusterImpl-b9e7eea4-f922-42a3-9b78-fa3f1bcfe6c2/datanode-2/data/ratis/dd6c27e2-8f30-41a3-a398-07a58d1c52bc has been successfully formatted.
2022-07-12 20:46:18,087 [pool-702-thread-1] INFO  ratis.ContainerStateMachine (ContainerStateMachine.java:loadSnapshot(236)) - group-07A58D1C52BC: The snapshot info is null. Setting the last applied indexto:(t:0, i:~)
2022-07-12 20:46:18,087 [pool-702-thread-1] INFO  server.RaftServerConfigKeys (ConfUtils.java:logGet(46)) - raft.server.notification.no-leader.timeout = 300s (custom)
2022-07-12 20:46:18,087 [pool-702-thread-1] INFO  server.RaftServerConfigKeys (ConfUtils.java:logGet(46)) - raft.server.log.use.memory = false (default)
2022-07-12 20:46:18,087 [pool-702-thread-1] INFO  server.RaftServerConfigKeys (ConfUtils.java:logGet(46)) - raft.server.log.purge.gap = 1000000 (custom)
2022-07-12 20:46:18,087 [pool-702-thread-1] INFO  server.RaftServerConfigKeys (ConfUtils.java:logGet(46)) - raft.server.log.appender.buffer.byte-limit = 33554432 (custom)
2022-07-12 20:46:18,087 [pool-702-thread-1] INFO  server.RaftServerConfigKeys (ConfUtils.java:logGet(46)) - raft.server.log.statemachine.data.read.timeout = 1000ms (default)
2022-07-12 20:46:18,090 [EventQueue-PipelineReportForPipelineReportHandler] INFO  pipeline.PipelineManagerImpl (PipelineManagerImpl.java:openPipeline(359)) - Pipeline Pipeline[ Id: dd6c27e2-8f30-41a3-a398-07a58d1c52bc, Nodes: f384af3f-b43c-4c77-9439-f4423bf7a7c1{ip: 10.1.0.33, host: fv-az29-983.0gf2enmb5avurc1gjtxldx4mnh.bx.internal.cloudapp.net, ports: [REPLICATION=35339, RATIS=35233, RATIS_ADMIN=35233, RATIS_SERVER=35233, STANDALONE=42601], networkLocation: /default-rack, certSerialId: null, persistedOpState: IN_SERVICE, persistedOpStateExpiryEpochSec: 0}, ReplicationConfig: RATIS/ONE, State:ALLOCATED, leaderId:f384af3f-b43c-4c77-9439-f4423bf7a7c1, CreationTimestamp2022-07-12T20:46:15.080Z[Etc/UTC]] moved to OPEN state
2022-07-12 20:46:18,090 [EventQueue-OpenPipelineForHealthyPipelineSafeModeRule] INFO  safemode.SCMSafeModeManager (HealthyPipelineSafeModeRule.java:process(124)) - SCM in safe mode. Healthy pipelines reported count is 0, required healthy pipeline reported count is 1
2022-07-12 20:46:18,091 [pool-702-thread-1] INFO  server.RaftServerConfigKeys (ConfUtils.java:logGet(46)) - raft.server.log.segment.size.max = 1048576 (custom)
2022-07-12 20:46:18,091 [pool-702-thread-1] INFO  server.RaftServerConfigKeys (ConfUtils.java:logGet(46)) - raft.server.log.segment.cache.num.max = 2 (custom)
2022-07-12 20:46:18,091 [pool-702-thread-1] INFO  server.RaftServerConfigKeys (ConfUtils.java:logGet(46)) - raft.server.log.segment.cache.size.max = 200MB (=209715200) (default)
2022-07-12 20:46:18,091 [pool-702-thread-1] INFO  segmented.SegmentedRaftLogWorker (SegmentedRaftLogWorker.java:<init>(187)) - new f384af3f-b43c-4c77-9439-f4423bf7a7c1@group-07A58D1C52BC-SegmentedRaftLogWorker for RaftStorageImpl:Storage Directory /home/runner/work/ozone/ozone/hadoop-ozone/integration-test/target/test-dir/MiniOzoneClusterImpl-b9e7eea4-f922-42a3-9b78-fa3f1bcfe6c2/datanode-2/data/ratis/dd6c27e2-8f30-41a3-a398-07a58d1c52bc
2022-07-12 20:46:18,091 [pool-702-thread-1] INFO  server.RaftServerConfigKeys (ConfUtils.java:logGet(46)) - raft.server.log.queue.byte-limit = 4294967296 (custom)
2022-07-12 20:46:18,091 [pool-702-thread-1] INFO  server.RaftServerConfigKeys (ConfUtils.java:logGet(46)) - raft.server.log.queue.element-limit = 1024 (custom)
2022-07-12 20:46:18,091 [pool-702-thread-1] INFO  server.RaftServerConfigKeys (ConfUtils.java:logGet(46)) - raft.server.log.segment.size.max = 1048576 (custom)
2022-07-12 20:46:18,091 [pool-702-thread-1] INFO  server.RaftServerConfigKeys (ConfUtils.java:logGet(46)) - raft.server.log.preallocated.size = 16384 (custom)
2022-07-12 20:46:18,091 [pool-702-thread-1] INFO  server.RaftServerConfigKeys (ConfUtils.java:logGet(46)) - raft.server.log.force.sync.num = 128 (default)
2022-07-12 20:46:18,091 [pool-702-thread-1] INFO  server.RaftServerConfigKeys (ConfUtils.java:logGet(46)) - raft.server.log.statemachine.data.sync = true (default)
2022-07-12 20:46:18,091 [pool-702-thread-1] INFO  server.RaftServerConfigKeys (ConfUtils.java:logGet(46)) - raft.server.log.statemachine.data.sync.timeout = 10s (default)
2022-07-12 20:46:18,091 [pool-702-thread-1] INFO  server.RaftServerConfigKeys (ConfUtils.java:logGet(46)) - raft.server.log.statemachine.data.sync.timeout.retry = -1 (default)
2022-07-12 20:46:18,097 [pool-702-thread-1] INFO  server.RaftServerConfigKeys (ConfUtils.java:logGet(46)) - raft.server.log.write.buffer.size = 1048576 (custom)
2022-07-12 20:46:18,098 [pool-702-thread-1] INFO  server.RaftServerConfigKeys (ConfUtils.java:logGet(46)) - raft.server.log.unsafe-flush.enabled = false (default)
2022-07-12 20:46:18,098 [pool-702-thread-1] INFO  server.RaftServerConfigKeys (ConfUtils.java:logGet(46)) - raft.server.log.statemachine.data.caching.enabled = true (custom)
2022-07-12 20:46:18,098 [pool-702-thread-1] INFO  segmented.SegmentedRaftLogWorker (SegmentedRaftLogWorker.java:lambda$new$0(135)) - f384af3f-b43c-4c77-9439-f4423bf7a7c1@group-07A58D1C52BC-SegmentedRaftLogWorker: flushIndex: setUnconditionally 0 -> -1
2022-07-12 20:46:18,098 [pool-702-thread-1] INFO  segmented.SegmentedRaftLogWorker (SegmentedRaftLogWorker.java:lambda$new$0(135)) - f384af3f-b43c-4c77-9439-f4423bf7a7c1@group-07A58D1C52BC-SegmentedRaftLogWorker: safeCacheEvictIndex: setUnconditionally 0 -> -1
2022-07-12 20:46:18,103 [pool-702-thread-1] INFO  server.RaftServerConfigKeys (ConfUtils.java:logGet(46)) - raft.server.snapshot.auto.trigger.enabled = true (custom)
2022-07-12 20:46:18,103 [pool-702-thread-1] INFO  server.RaftServerConfigKeys (ConfUtils.java:logGet(46)) - raft.server.snapshot.auto.trigger.threshold = 10000 (custom)
2022-07-12 20:46:18,103 [pool-702-thread-1] INFO  server.RaftServerConfigKeys (ConfUtils.java:logGet(46)) - raft.server.snapshot.retention.file.num = 5 (custom)
2022-07-12 20:46:18,103 [pool-702-thread-1] INFO  server.RaftServerConfigKeys (ConfUtils.java:logGet(46)) - raft.server.log.purge.upto.snapshot.index = false (default)
2022-07-12 20:46:18,103 [pool-702-thread-1] INFO  server.RaftServerConfigKeys (ConfUtils.java:logGet(46)) - raft.server.retrycache.expirytime = 600000ms (custom)
2022-07-12 20:46:18,103 [pool-702-thread-1] INFO  server.RaftServerConfigKeys (ConfUtils.java:logGet(46)) - raft.server.retrycache.statistics.expirytime = 100μs (default)
2022-07-12 20:46:18,104 [pool-702-thread-1] INFO  server.RaftServerConfigKeys (ConfUtils.java:logGet(46)) - raft.server.log.appender.install.snapshot.enabled = false (custom)
2022-07-12 20:46:18,105 [pool-702-thread-1] INFO  server.RaftServerConfigKeys (ConfUtils.java:logGet(46)) - raft.server.threadpool.server.cached = true (default)
2022-07-12 20:46:18,105 [pool-702-thread-1] INFO  server.RaftServerConfigKeys (ConfUtils.java:logGet(46)) - raft.server.threadpool.server.size = 0 (default)
2022-07-12 20:46:18,105 [pool-702-thread-1] INFO  server.RaftServerConfigKeys (ConfUtils.java:logGet(46)) - raft.server.threadpool.client.cached = true (default)
2022-07-12 20:46:18,105 [pool-702-thread-1] INFO  server.RaftServerConfigKeys (ConfUtils.java:logGet(46)) - raft.server.threadpool.client.size = 0 (default)
2022-07-12 20:46:18,105 [pool-702-thread-1] INFO  server.RaftServer$Division (RaftServerImpl.java:start(310)) - f384af3f-b43c-4c77-9439-f4423bf7a7c1@group-07A58D1C52BC: start as a follower, conf=-1: [f384af3f-b43c-4c77-9439-f4423bf7a7c1|rpc:10.1.0.33:35233|priority:1], old=null
2022-07-12 20:46:18,105 [pool-702-thread-1] INFO  server.RaftServer$Division (RaftServerImpl.java:setRole(299)) - f384af3f-b43c-4c77-9439-f4423bf7a7c1@group-07A58D1C52BC: changes role from      null to FOLLOWER at term 0 for startAsFollower
2022-07-12 20:46:18,105 [pool-702-thread-1] INFO  impl.RoleInfo (RoleInfo.java:updateAndGet(139)) - f384af3f-b43c-4c77-9439-f4423bf7a7c1: start f384af3f-b43c-4c77-9439-f4423bf7a7c1@group-07A58D1C52BC-FollowerState
2022-07-12 20:46:18,114 [pool-702-thread-1] INFO  util.JmxRegister (JmxRegister.java:tryRegister(44)) - Successfully registered JMX Bean with object name Ratis:service=RaftServer,group=group-07A58D1C52BC,id=f384af3f-b43c-4c77-9439-f4423bf7a7c1
2022-07-12 20:46:18,117 [Command processor thread] INFO  ratis.XceiverServerRatis (XceiverServerRatis.java:addGroup(765)) - Created group PipelineID=dd6c27e2-8f30-41a3-a398-07a58d1c52bc
2022-07-12 20:46:18,117 [Command processor thread] INFO  commandhandler.CreatePipelineCommandHandler (CreatePipelineCommandHandler.java:handle(113)) - Created Pipeline RATIS ONE PipelineID=dd6c27e2-8f30-41a3-a398-07a58d1c52bc.
2022-07-12 20:46:19,044 [Listener at 127.0.0.1/39727] INFO  ozone.MiniOzoneClusterImpl (MiniOzoneClusterImpl.java:lambda$waitForClusterToBeReady$0(223)) - Nodes are ready. Got 3 of 3 DN Heartbeats.
2022-07-12 20:46:19,044 [Listener at 127.0.0.1/39727] INFO  ozone.MiniOzoneClusterImpl (MiniOzoneClusterImpl.java:lambda$waitForClusterToBeReady$0(226)) - Waiting for cluster to exit safe mode
2022-07-12 20:46:19,044 [Listener at 127.0.0.1/39727] INFO  ozone.MiniOzoneClusterImpl (MiniOzoneClusterImpl.java:lambda$waitForClusterToBeReady$0(228)) - SCM became leader
2022-07-12 20:46:20,047 [Listener at 127.0.0.1/39727] INFO  ozone.MiniOzoneClusterImpl (MiniOzoneClusterImpl.java:lambda$waitForClusterToBeReady$0(223)) - Nodes are ready. Got 3 of 3 DN Heartbeats.
2022-07-12 20:46:20,047 [Listener at 127.0.0.1/39727] INFO  ozone.MiniOzoneClusterImpl (MiniOzoneClusterImpl.java:lambda$waitForClusterToBeReady$0(226)) - Waiting for cluster to exit safe mode
2022-07-12 20:46:20,047 [Listener at 127.0.0.1/39727] INFO  ozone.MiniOzoneClusterImpl (MiniOzoneClusterImpl.java:lambda$waitForClusterToBeReady$0(228)) - SCM became leader
2022-07-12 20:46:21,050 [Listener at 127.0.0.1/39727] INFO  ozone.MiniOzoneClusterImpl (MiniOzoneClusterImpl.java:lambda$waitForClusterToBeReady$0(223)) - Nodes are ready. Got 3 of 3 DN Heartbeats.
2022-07-12 20:46:21,050 [Listener at 127.0.0.1/39727] INFO  ozone.MiniOzoneClusterImpl (MiniOzoneClusterImpl.java:lambda$waitForClusterToBeReady$0(226)) - Waiting for cluster to exit safe mode
2022-07-12 20:46:21,050 [Listener at 127.0.0.1/39727] INFO  ozone.MiniOzoneClusterImpl (MiniOzoneClusterImpl.java:lambda$waitForClusterToBeReady$0(228)) - SCM became leader
2022-07-12 20:46:21,126 [da8f3bd6-6313-4743-a67a-92c6eeaa827b@group-E279882FAC15-FollowerState] INFO  impl.FollowerState (FollowerState.java:run(143)) - da8f3bd6-6313-4743-a67a-92c6eeaa827b@group-E279882FAC15-FollowerState: change to CANDIDATE, lastRpcElapsedTime:5184665996ns, electionTimeout:5164ms
2022-07-12 20:46:21,126 [da8f3bd6-6313-4743-a67a-92c6eeaa827b@group-E279882FAC15-FollowerState] INFO  impl.RoleInfo (RoleInfo.java:shutdownFollowerState(110)) - da8f3bd6-6313-4743-a67a-92c6eeaa827b: shutdown da8f3bd6-6313-4743-a67a-92c6eeaa827b@group-E279882FAC15-FollowerState
2022-07-12 20:46:21,126 [da8f3bd6-6313-4743-a67a-92c6eeaa827b@group-E279882FAC15-FollowerState] INFO  server.RaftServer$Division (RaftServerImpl.java:setRole(299)) - da8f3bd6-6313-4743-a67a-92c6eeaa827b@group-E279882FAC15: changes role from  FOLLOWER to CANDIDATE at term 0 for changeToCandidate
2022-07-12 20:46:21,127 [da8f3bd6-6313-4743-a67a-92c6eeaa827b@group-E279882FAC15-FollowerState] INFO  server.RaftServerConfigKeys (ConfUtils.java:logGet(46)) - raft.server.leaderelection.pre-vote = false (custom)
2022-07-12 20:46:21,127 [da8f3bd6-6313-4743-a67a-92c6eeaa827b@group-E279882FAC15-FollowerState] INFO  impl.RoleInfo (RoleInfo.java:updateAndGet(139)) - da8f3bd6-6313-4743-a67a-92c6eeaa827b: start da8f3bd6-6313-4743-a67a-92c6eeaa827b@group-E279882FAC15-LeaderElection54
2022-07-12 20:46:21,177 [da8f3bd6-6313-4743-a67a-92c6eeaa827b@group-E279882FAC15-LeaderElection54] INFO  impl.LeaderElection (LeaderElection.java:askForVotes(310)) - da8f3bd6-6313-4743-a67a-92c6eeaa827b@group-E279882FAC15-LeaderElection54 ELECTION round 0: submit vote requests at term 1 for -1: [da8f3bd6-6313-4743-a67a-92c6eeaa827b|rpc:10.1.0.33:35583|priority:1], old=null
2022-07-12 20:46:21,177 [da8f3bd6-6313-4743-a67a-92c6eeaa827b@group-E279882FAC15-LeaderElection54] INFO  impl.LeaderElection (LeaderElection.java:askForVotes(312)) - da8f3bd6-6313-4743-a67a-92c6eeaa827b@group-E279882FAC15-LeaderElection54 ELECTION round 0: result PASSED (term=1)
2022-07-12 20:46:21,177 [da8f3bd6-6313-4743-a67a-92c6eeaa827b@group-E279882FAC15-LeaderElection54] INFO  impl.RoleInfo (RoleInfo.java:shutdownLeaderElection(130)) - da8f3bd6-6313-4743-a67a-92c6eeaa827b: shutdown da8f3bd6-6313-4743-a67a-92c6eeaa827b@group-E279882FAC15-LeaderElection54
2022-07-12 20:46:21,177 [da8f3bd6-6313-4743-a67a-92c6eeaa827b@group-E279882FAC15-LeaderElection54] INFO  server.RaftServer$Division (RaftServerImpl.java:setRole(299)) - da8f3bd6-6313-4743-a67a-92c6eeaa827b@group-E279882FAC15: changes role from CANDIDATE to LEADER at term 1 for changeToLeader
2022-07-12 20:46:21,177 [da8f3bd6-6313-4743-a67a-92c6eeaa827b@group-E279882FAC15-LeaderElection54] INFO  ratis.XceiverServerRatis (XceiverServerRatis.java:handleLeaderChangedNotification(863)) - Leader change notification received for group: group-E279882FAC15 with new leaderId: da8f3bd6-6313-4743-a67a-92c6eeaa827b
2022-07-12 20:46:21,177 [da8f3bd6-6313-4743-a67a-92c6eeaa827b@group-E279882FAC15-LeaderElection54] INFO  server.RaftServer$Division (ServerState.java:setLeader(287)) - da8f3bd6-6313-4743-a67a-92c6eeaa827b@group-E279882FAC15: change Leader from null to da8f3bd6-6313-4743-a67a-92c6eeaa827b at term 1 for becomeLeader, leader elected after 5275ms
2022-07-12 20:46:21,177 [da8f3bd6-6313-4743-a67a-92c6eeaa827b@group-E279882FAC15-LeaderElection54] INFO  server.RaftServerConfigKeys (ConfUtils.java:logGet(46)) - raft.server.staging.catchup.gap = 1000 (default)
2022-07-12 20:46:21,179 [EventQueue-OpenPipelineForHealthyPipelineSafeModeRule] INFO  safemode.SCMSafeModeManager (HealthyPipelineSafeModeRule.java:process(124)) - SCM in safe mode. Healthy pipelines reported count is 0, required healthy pipeline reported count is 1
2022-07-12 20:46:21,187 [da8f3bd6-6313-4743-a67a-92c6eeaa827b@group-E279882FAC15-LeaderElection54] INFO  server.RaftServerConfigKeys (ConfUtils.java:logGet(46)) - raft.server.write.element-limit = 1024 (custom)
2022-07-12 20:46:21,187 [da8f3bd6-6313-4743-a67a-92c6eeaa827b@group-E279882FAC15-LeaderElection54] INFO  server.RaftServerConfigKeys (ConfUtils.java:logGet(46)) - raft.server.write.byte-limit = 1024 M (=1073741824) (custom)
2022-07-12 20:46:21,187 [da8f3bd6-6313-4743-a67a-92c6eeaa827b@group-E279882FAC15-LeaderElection54] INFO  server.RaftServerConfigKeys (ConfUtils.java:logGet(46)) - raft.server.watch.timeout = 180s (custom)
2022-07-12 20:46:21,187 [da8f3bd6-6313-4743-a67a-92c6eeaa827b@group-E279882FAC15-LeaderElection54] INFO  server.RaftServerConfigKeys (ConfUtils.java:logGet(46)) - raft.server.watch.timeout.denomination = 1s (default)
2022-07-12 20:46:21,187 [da8f3bd6-6313-4743-a67a-92c6eeaa827b@group-E279882FAC15-LeaderElection54] INFO  server.RaftServerConfigKeys (ConfUtils.java:logGet(46)) - raft.server.watch.element-limit = 65536 (default)
2022-07-12 20:46:21,187 [da8f3bd6-6313-4743-a67a-92c6eeaa827b@group-E279882FAC15-LeaderElection54] INFO  server.RaftServerConfigKeys (ConfUtils.java:logGet(46)) - raft.server.write.element-limit = 1024 (custom)
2022-07-12 20:46:21,187 [da8f3bd6-6313-4743-a67a-92c6eeaa827b@group-E279882FAC15-LeaderElection54] INFO  server.RaftServerConfigKeys (ConfUtils.java:logGet(46)) - raft.server.write.follower.gap.ratio.max = -1.0 (default)
2022-07-12 20:46:21,187 [da8f3bd6-6313-4743-a67a-92c6eeaa827b@group-E279882FAC15-LeaderElection54] INFO  impl.RoleInfo (RoleInfo.java:updateAndGet(139)) - da8f3bd6-6313-4743-a67a-92c6eeaa827b: start da8f3bd6-6313-4743-a67a-92c6eeaa827b@group-E279882FAC15-LeaderStateImpl
2022-07-12 20:46:21,188 [da8f3bd6-6313-4743-a67a-92c6eeaa827b@group-E279882FAC15-LeaderElection54] INFO  segmented.SegmentedRaftLogWorker (SegmentedRaftLogWorker.java:startLogSegment(425)) - da8f3bd6-6313-4743-a67a-92c6eeaa827b@group-E279882FAC15-SegmentedRaftLogWorker: Starting segment from index:0
2022-07-12 20:46:21,189 [da8f3bd6-6313-4743-a67a-92c6eeaa827b@group-E279882FAC15-SegmentedRaftLogWorker] INFO  segmented.SegmentedRaftLogWorker (SegmentedRaftLogWorker.java:execute(629)) - da8f3bd6-6313-4743-a67a-92c6eeaa827b@group-E279882FAC15-SegmentedRaftLogWorker: created new log segment /home/runner/work/ozone/ozone/hadoop-ozone/integration-test/target/test-dir/MiniOzoneClusterImpl-b9e7eea4-f922-42a3-9b78-fa3f1bcfe6c2/datanode-0/data/ratis/661c6f28-c3d9-4854-a0e2-e279882fac15/current/log_inprogress_0
2022-07-12 20:46:21,200 [da8f3bd6-6313-4743-a67a-92c6eeaa827b@group-E279882FAC15-LeaderElection54] INFO  server.RaftServer$Division (ServerState.java:setRaftConf(393)) - da8f3bd6-6313-4743-a67a-92c6eeaa827b@group-E279882FAC15: set configuration 0: [da8f3bd6-6313-4743-a67a-92c6eeaa827b|rpc:10.1.0.33:35583|dataStream:|priority:1], old=null
2022-07-12 20:46:21,210 [da8f3bd6-6313-4743-a67a-92c6eeaa827b@group-3848FEE6EDF4-FollowerState] INFO  impl.FollowerState (FollowerState.java:run(143)) - da8f3bd6-6313-4743-a67a-92c6eeaa827b@group-3848FEE6EDF4-FollowerState: change to CANDIDATE, lastRpcElapsedTime:5185900202ns, electionTimeout:5185ms
2022-07-12 20:46:21,210 [da8f3bd6-6313-4743-a67a-92c6eeaa827b@group-3848FEE6EDF4-FollowerState] INFO  impl.RoleInfo (RoleInfo.java:shutdownFollowerState(110)) - da8f3bd6-6313-4743-a67a-92c6eeaa827b: shutdown da8f3bd6-6313-4743-a67a-92c6eeaa827b@group-3848FEE6EDF4-FollowerState
2022-07-12 20:46:21,210 [da8f3bd6-6313-4743-a67a-92c6eeaa827b@group-3848FEE6EDF4-FollowerState] INFO  server.RaftServer$Division (RaftServerImpl.java:setRole(299)) - da8f3bd6-6313-4743-a67a-92c6eeaa827b@group-3848FEE6EDF4: changes role from  FOLLOWER to CANDIDATE at term 0 for changeToCandidate
2022-07-12 20:46:21,210 [da8f3bd6-6313-4743-a67a-92c6eeaa827b@group-3848FEE6EDF4-FollowerState] INFO  server.RaftServerConfigKeys (ConfUtils.java:logGet(46)) - raft.server.leaderelection.pre-vote = false (custom)
2022-07-12 20:46:21,211 [da8f3bd6-6313-4743-a67a-92c6eeaa827b@group-3848FEE6EDF4-FollowerState] INFO  impl.RoleInfo (RoleInfo.java:updateAndGet(139)) - da8f3bd6-6313-4743-a67a-92c6eeaa827b: start da8f3bd6-6313-4743-a67a-92c6eeaa827b@group-3848FEE6EDF4-LeaderElection55
2022-07-12 20:46:21,225 [f384af3f-b43c-4c77-9439-f4423bf7a7c1@group-3848FEE6EDF4-FollowerState] INFO  impl.FollowerState (FollowerState.java:run(143)) - f384af3f-b43c-4c77-9439-f4423bf7a7c1@group-3848FEE6EDF4-FollowerState: change to CANDIDATE, lastRpcElapsedTime:5112398641ns, electionTimeout:5112ms
2022-07-12 20:46:21,226 [f384af3f-b43c-4c77-9439-f4423bf7a7c1@group-3848FEE6EDF4-FollowerState] INFO  impl.RoleInfo (RoleInfo.java:shutdownFollowerState(110)) - f384af3f-b43c-4c77-9439-f4423bf7a7c1: shutdown f384af3f-b43c-4c77-9439-f4423bf7a7c1@group-3848FEE6EDF4-FollowerState
2022-07-12 20:46:21,226 [f384af3f-b43c-4c77-9439-f4423bf7a7c1@group-3848FEE6EDF4-FollowerState] INFO  server.RaftServer$Division (RaftServerImpl.java:setRole(299)) - f384af3f-b43c-4c77-9439-f4423bf7a7c1@group-3848FEE6EDF4: changes role from  FOLLOWER to CANDIDATE at term 0 for changeToCandidate
2022-07-12 20:46:21,226 [f384af3f-b43c-4c77-9439-f4423bf7a7c1@group-3848FEE6EDF4-FollowerState] INFO  server.RaftServerConfigKeys (ConfUtils.java:logGet(46)) - raft.server.leaderelection.pre-vote = false (custom)
2022-07-12 20:46:21,226 [f384af3f-b43c-4c77-9439-f4423bf7a7c1@group-3848FEE6EDF4-FollowerState] INFO  impl.RoleInfo (RoleInfo.java:updateAndGet(139)) - f384af3f-b43c-4c77-9439-f4423bf7a7c1: start f384af3f-b43c-4c77-9439-f4423bf7a7c1@group-3848FEE6EDF4-LeaderElection56
2022-07-12 20:46:21,258 [da8f3bd6-6313-4743-a67a-92c6eeaa827b@group-3848FEE6EDF4-LeaderElection55] INFO  impl.LeaderElection (LeaderElection.java:askForVotes(310)) - da8f3bd6-6313-4743-a67a-92c6eeaa827b@group-3848FEE6EDF4-LeaderElection55 ELECTION round 0: submit vote requests at term 1 for -1: [da8f3bd6-6313-4743-a67a-92c6eeaa827b|rpc:10.1.0.33:35583|priority:1, 8b72257c-a75e-474b-98b3-56dadc4b3e72|rpc:10.1.0.33:36051|priority:0, f384af3f-b43c-4c77-9439-f4423bf7a7c1|rpc:10.1.0.33:35233|priority:0], old=null
2022-07-12 20:46:21,263 [f384af3f-b43c-4c77-9439-f4423bf7a7c1@group-3848FEE6EDF4-LeaderElection56] INFO  impl.LeaderElection (LeaderElection.java:askForVotes(310)) - f384af3f-b43c-4c77-9439-f4423bf7a7c1@group-3848FEE6EDF4-LeaderElection56 ELECTION round 0: submit vote requests at term 1 for -1: [da8f3bd6-6313-4743-a67a-92c6eeaa827b|rpc:10.1.0.33:35583|dataStream:|priority:1, 8b72257c-a75e-474b-98b3-56dadc4b3e72|rpc:10.1.0.33:36051|dataStream:|priority:0, f384af3f-b43c-4c77-9439-f4423bf7a7c1|rpc:10.1.0.33:35233|dataStream:|priority:0], old=null
2022-07-12 20:46:21,342 [grpc-default-executor-0] INFO  server.RaftServer$Division (RaftServerImpl.java:requestVote(1152)) - da8f3bd6-6313-4743-a67a-92c6eeaa827b@group-3848FEE6EDF4: receive requestVote(ELECTION, f384af3f-b43c-4c77-9439-f4423bf7a7c1, group-3848FEE6EDF4, 1, (t:0, i:0))
2022-07-12 20:46:21,342 [grpc-default-executor-0] INFO  impl.VoteContext (VoteContext.java:log(48)) - da8f3bd6-6313-4743-a67a-92c6eeaa827b@group-3848FEE6EDF4-CANDIDATE: reject ELECTION from f384af3f-b43c-4c77-9439-f4423bf7a7c1: already has voted for da8f3bd6-6313-4743-a67a-92c6eeaa827b at current term 1
2022-07-12 20:46:21,342 [grpc-default-executor-0] INFO  server.RaftServer$Division (RaftServerImpl.java:requestVote(1184)) - da8f3bd6-6313-4743-a67a-92c6eeaa827b@group-3848FEE6EDF4 replies to ELECTION vote request: f384af3f-b43c-4c77-9439-f4423bf7a7c1<-da8f3bd6-6313-4743-a67a-92c6eeaa827b#0:FAIL-t1. Peer's state: da8f3bd6-6313-4743-a67a-92c6eeaa827b@group-3848FEE6EDF4:t1, leader=null, voted=da8f3bd6-6313-4743-a67a-92c6eeaa827b, raftlog=da8f3bd6-6313-4743-a67a-92c6eeaa827b@group-3848FEE6EDF4-SegmentedRaftLog:OPENED:c-1, conf=-1: [da8f3bd6-6313-4743-a67a-92c6eeaa827b|rpc:10.1.0.33:35583|priority:1, 8b72257c-a75e-474b-98b3-56dadc4b3e72|rpc:10.1.0.33:36051|priority:0, f384af3f-b43c-4c77-9439-f4423bf7a7c1|rpc:10.1.0.33:35233|priority:0], old=null
2022-07-12 20:46:21,383 [f384af3f-b43c-4c77-9439-f4423bf7a7c1@group-3848FEE6EDF4-LeaderElection56] INFO  impl.LeaderElection (LeaderElection.java:logAndReturn(90)) - f384af3f-b43c-4c77-9439-f4423bf7a7c1@group-3848FEE6EDF4-LeaderElection56: ELECTION REJECTED received 1 response(s) and 0 exception(s):
2022-07-12 20:46:21,383 [f384af3f-b43c-4c77-9439-f4423bf7a7c1@group-3848FEE6EDF4-LeaderElection56] INFO  impl.LeaderElection (LeaderElection.java:logAndReturn(94)) -   Response 0: f384af3f-b43c-4c77-9439-f4423bf7a7c1<-da8f3bd6-6313-4743-a67a-92c6eeaa827b#0:FAIL-t1
2022-07-12 20:46:21,383 [f384af3f-b43c-4c77-9439-f4423bf7a7c1@group-3848FEE6EDF4-LeaderElection56] INFO  impl.LeaderElection (LeaderElection.java:askForVotes(312)) - f384af3f-b43c-4c77-9439-f4423bf7a7c1@group-3848FEE6EDF4-LeaderElection56 ELECTION round 0: result REJECTED
2022-07-12 20:46:21,383 [f384af3f-b43c-4c77-9439-f4423bf7a7c1@group-3848FEE6EDF4-LeaderElection56] INFO  server.RaftServer$Division (RaftServerImpl.java:setRole(299)) - f384af3f-b43c-4c77-9439-f4423bf7a7c1@group-3848FEE6EDF4: changes role from CANDIDATE to FOLLOWER at term 1 for REJECTED
2022-07-12 20:46:21,383 [f384af3f-b43c-4c77-9439-f4423bf7a7c1@group-3848FEE6EDF4-LeaderElection56] INFO  impl.RoleInfo (RoleInfo.java:shutdownLeaderElection(130)) - f384af3f-b43c-4c77-9439-f4423bf7a7c1: shutdown f384af3f-b43c-4c77-9439-f4423bf7a7c1@group-3848FEE6EDF4-LeaderElection56
2022-07-12 20:46:21,383 [f384af3f-b43c-4c77-9439-f4423bf7a7c1@group-3848FEE6EDF4-LeaderElection56] INFO  impl.RoleInfo (RoleInfo.java:updateAndGet(139)) - f384af3f-b43c-4c77-9439-f4423bf7a7c1: start f384af3f-b43c-4c77-9439-f4423bf7a7c1@group-3848FEE6EDF4-FollowerState
2022-07-12 20:46:21,409 [grpc-default-executor-0] INFO  server.RaftServer$Division (RaftServerImpl.java:requestVote(1152)) - 8b72257c-a75e-474b-98b3-56dadc4b3e72@group-3848FEE6EDF4: receive requestVote(ELECTION, f384af3f-b43c-4c77-9439-f4423bf7a7c1, group-3848FEE6EDF4, 1, (t:0, i:0))
2022-07-12 20:46:21,409 [grpc-default-executor-0] INFO  impl.VoteContext (VoteContext.java:log(48)) - 8b72257c-a75e-474b-98b3-56dadc4b3e72@group-3848FEE6EDF4-FOLLOWER: accept ELECTION from f384af3f-b43c-4c77-9439-f4423bf7a7c1: our priority 0 <= candidate's priority 0
2022-07-12 20:46:21,409 [grpc-default-executor-0] INFO  server.RaftServer$Division (RaftServerImpl.java:setRole(299)) - 8b72257c-a75e-474b-98b3-56dadc4b3e72@group-3848FEE6EDF4: changes role from  FOLLOWER to FOLLOWER at term 1 for candidate:f384af3f-b43c-4c77-9439-f4423bf7a7c1
2022-07-12 20:46:21,409 [grpc-default-executor-0] INFO  impl.RoleInfo (RoleInfo.java:shutdownFollowerState(110)) - 8b72257c-a75e-474b-98b3-56dadc4b3e72: shutdown 8b72257c-a75e-474b-98b3-56dadc4b3e72@group-3848FEE6EDF4-FollowerState
2022-07-12 20:46:21,419 [grpc-default-executor-0] INFO  impl.RoleInfo (RoleInfo.java:updateAndGet(139)) - 8b72257c-a75e-474b-98b3-56dadc4b3e72: start 8b72257c-a75e-474b-98b3-56dadc4b3e72@group-3848FEE6EDF4-FollowerState
2022-07-12 20:46:21,420 [8b72257c-a75e-474b-98b3-56dadc4b3e72@group-3848FEE6EDF4-FollowerState] INFO  impl.FollowerState (FollowerState.java:run(152)) - 8b72257c-a75e-474b-98b3-56dadc4b3e72@group-3848FEE6EDF4-FollowerState was interrupted
2022-07-12 20:46:21,420 [grpc-default-executor-2] INFO  server.RaftServer$Division (RaftServerImpl.java:requestVote(1152)) - 8b72257c-a75e-474b-98b3-56dadc4b3e72@group-3848FEE6EDF4: receive requestVote(ELECTION, da8f3bd6-6313-4743-a67a-92c6eeaa827b, group-3848FEE6EDF4, 1, (t:0, i:0))
2022-07-12 20:46:21,422 [grpc-default-executor-1] INFO  server.RaftServer$Division (RaftServerImpl.java:requestVote(1152)) - f384af3f-b43c-4c77-9439-f4423bf7a7c1@group-3848FEE6EDF4: receive requestVote(ELECTION, da8f3bd6-6313-4743-a67a-92c6eeaa827b, group-3848FEE6EDF4, 1, (t:0, i:0))
2022-07-12 20:46:21,423 [grpc-default-executor-1] INFO  impl.VoteContext (VoteContext.java:log(48)) - f384af3f-b43c-4c77-9439-f4423bf7a7c1@group-3848FEE6EDF4-FOLLOWER: reject ELECTION from da8f3bd6-6313-4743-a67a-92c6eeaa827b: already has voted for f384af3f-b43c-4c77-9439-f4423bf7a7c1 at current term 1
2022-07-12 20:46:21,423 [grpc-default-executor-1] INFO  server.RaftServer$Division (RaftServerImpl.java:requestVote(1184)) - f384af3f-b43c-4c77-9439-f4423bf7a7c1@group-3848FEE6EDF4 replies to ELECTION vote request: da8f3bd6-6313-4743-a67a-92c6eeaa827b<-f384af3f-b43c-4c77-9439-f4423bf7a7c1#0:FAIL-t1. Peer's state: f384af3f-b43c-4c77-9439-f4423bf7a7c1@group-3848FEE6EDF4:t1, leader=null, voted=f384af3f-b43c-4c77-9439-f4423bf7a7c1, raftlog=f384af3f-b43c-4c77-9439-f4423bf7a7c1@group-3848FEE6EDF4-SegmentedRaftLog:OPENED:c-1, conf=-1: [da8f3bd6-6313-4743-a67a-92c6eeaa827b|rpc:10.1.0.33:35583|dataStream:|priority:1, 8b72257c-a75e-474b-98b3-56dadc4b3e72|rpc:10.1.0.33:36051|dataStream:|priority:0, f384af3f-b43c-4c77-9439-f4423bf7a7c1|rpc:10.1.0.33:35233|dataStream:|priority:0], old=null
2022-07-12 20:46:21,436 [grpc-default-executor-0] INFO  server.RaftServer$Division (RaftServerImpl.java:requestVote(1184)) - 8b72257c-a75e-474b-98b3-56dadc4b3e72@group-3848FEE6EDF4 replies to ELECTION vote request: f384af3f-b43c-4c77-9439-f4423bf7a7c1<-8b72257c-a75e-474b-98b3-56dadc4b3e72#0:OK-t1. Peer's state: 8b72257c-a75e-474b-98b3-56dadc4b3e72@group-3848FEE6EDF4:t1, leader=null, voted=f384af3f-b43c-4c77-9439-f4423bf7a7c1, raftlog=8b72257c-a75e-474b-98b3-56dadc4b3e72@group-3848FEE6EDF4-SegmentedRaftLog:OPENED:c-1, conf=-1: [da8f3bd6-6313-4743-a67a-92c6eeaa827b|rpc:10.1.0.33:35583|dataStream:|priority:1, 8b72257c-a75e-474b-98b3-56dadc4b3e72|rpc:10.1.0.33:36051|dataStream:|priority:0, f384af3f-b43c-4c77-9439-f4423bf7a7c1|rpc:10.1.0.33:35233|dataStream:|priority:0], old=null
2022-07-12 20:46:21,436 [grpc-default-executor-2] INFO  impl.VoteContext (VoteContext.java:log(48)) - 8b72257c-a75e-474b-98b3-56dadc4b3e72@group-3848FEE6EDF4-FOLLOWER: reject ELECTION from da8f3bd6-6313-4743-a67a-92c6eeaa827b: already has voted for f384af3f-b43c-4c77-9439-f4423bf7a7c1 at current term 1
2022-07-12 20:46:21,436 [grpc-default-executor-2] INFO  server.RaftServer$Division (RaftServerImpl.java:requestVote(1184)) - 8b72257c-a75e-474b-98b3-56dadc4b3e72@group-3848FEE6EDF4 replies to ELECTION vote request: da8f3bd6-6313-4743-a67a-92c6eeaa827b<-8b72257c-a75e-474b-98b3-56dadc4b3e72#0:FAIL-t1. Peer's state: 8b72257c-a75e-474b-98b3-56dadc4b3e72@group-3848FEE6EDF4:t1, leader=null, voted=f384af3f-b43c-4c77-9439-f4423bf7a7c1, raftlog=8b72257c-a75e-474b-98b3-56dadc4b3e72@group-3848FEE6EDF4-SegmentedRaftLog:OPENED:c-1, conf=-1: [da8f3bd6-6313-4743-a67a-92c6eeaa827b|rpc:10.1.0.33:35583|dataStream:|priority:1, 8b72257c-a75e-474b-98b3-56dadc4b3e72|rpc:10.1.0.33:36051|dataStream:|priority:0, f384af3f-b43c-4c77-9439-f4423bf7a7c1|rpc:10.1.0.33:35233|dataStream:|priority:0], old=null
2022-07-12 20:46:21,470 [da8f3bd6-6313-4743-a67a-92c6eeaa827b@group-3848FEE6EDF4-LeaderElection55] INFO  impl.LeaderElection (LeaderElection.java:logAndReturn(90)) - da8f3bd6-6313-4743-a67a-92c6eeaa827b@group-3848FEE6EDF4-LeaderElection55: ELECTION REJECTED received 2 response(s) and 0 exception(s):
2022-07-12 20:46:21,470 [da8f3bd6-6313-4743-a67a-92c6eeaa827b@group-3848FEE6EDF4-LeaderElection55] INFO  impl.LeaderElection (LeaderElection.java:logAndReturn(94)) -   Response 0: da8f3bd6-6313-4743-a67a-92c6eeaa827b<-8b72257c-a75e-474b-98b3-56dadc4b3e72#0:FAIL-t1
2022-07-12 20:46:21,470 [da8f3bd6-6313-4743-a67a-92c6eeaa827b@group-3848FEE6EDF4-LeaderElection55] INFO  impl.LeaderElection (LeaderElection.java:logAndReturn(94)) -   Response 1: da8f3bd6-6313-4743-a67a-92c6eeaa827b<-f384af3f-b43c-4c77-9439-f4423bf7a7c1#0:FAIL-t1
2022-07-12 20:46:21,470 [da8f3bd6-6313-4743-a67a-92c6eeaa827b@group-3848FEE6EDF4-LeaderElection55] INFO  impl.LeaderElection (LeaderElection.java:askForVotes(312)) - da8f3bd6-6313-4743-a67a-92c6eeaa827b@group-3848FEE6EDF4-LeaderElection55 ELECTION round 0: result REJECTED
2022-07-12 20:46:21,470 [da8f3bd6-6313-4743-a67a-92c6eeaa827b@group-3848FEE6EDF4-LeaderElection55] INFO  server.RaftServer$Division (RaftServerImpl.java:setRole(299)) - da8f3bd6-6313-4743-a67a-92c6eeaa827b@group-3848FEE6EDF4: changes role from CANDIDATE to FOLLOWER at term 1 for REJECTED
2022-07-12 20:46:21,470 [da8f3bd6-6313-4743-a67a-92c6eeaa827b@group-3848FEE6EDF4-LeaderElection55] INFO  impl.RoleInfo (RoleInfo.java:shutdownLeaderElection(130)) - da8f3bd6-6313-4743-a67a-92c6eeaa827b: shutdown da8f3bd6-6313-4743-a67a-92c6eeaa827b@group-3848FEE6EDF4-LeaderElection55
2022-07-12 20:46:21,470 [da8f3bd6-6313-4743-a67a-92c6eeaa827b@group-3848FEE6EDF4-LeaderElection55] INFO  impl.RoleInfo (RoleInfo.java:updateAndGet(139)) - da8f3bd6-6313-4743-a67a-92c6eeaa827b: start da8f3bd6-6313-4743-a67a-92c6eeaa827b@group-3848FEE6EDF4-FollowerState
2022-07-12 20:46:21,540 [da8f3bd6-6313-4743-a67a-92c6eeaa827b@group-F8C6DFBD40AC-FollowerState] INFO  impl.FollowerState (FollowerState.java:run(143)) - da8f3bd6-6313-4743-a67a-92c6eeaa827b@group-F8C6DFBD40AC-FollowerState: change to CANDIDATE, lastRpcElapsedTime:5155947959ns, electionTimeout:5155ms
2022-07-12 20:46:21,541 [da8f3bd6-6313-4743-a67a-92c6eeaa827b@group-F8C6DFBD40AC-FollowerState] INFO  impl.RoleInfo (RoleInfo.java:shutdownFollowerState(110)) - da8f3bd6-6313-4743-a67a-92c6eeaa827b: shutdown da8f3bd6-6313-4743-a67a-92c6eeaa827b@group-F8C6DFBD40AC-FollowerState
2022-07-12 20:46:21,541 [da8f3bd6-6313-4743-a67a-92c6eeaa827b@group-F8C6DFBD40AC-FollowerState] INFO  server.RaftServer$Division (RaftServerImpl.java:setRole(299)) - da8f3bd6-6313-4743-a67a-92c6eeaa827b@group-F8C6DFBD40AC: changes role from  FOLLOWER to CANDIDATE at term 0 for changeToCandidate
2022-07-12 20:46:21,541 [da8f3bd6-6313-4743-a67a-92c6eeaa827b@group-F8C6DFBD40AC-FollowerState] INFO  server.RaftServerConfigKeys (ConfUtils.java:logGet(46)) - raft.server.leaderelection.pre-vote = false (custom)
2022-07-12 20:46:21,541 [da8f3bd6-6313-4743-a67a-92c6eeaa827b@group-F8C6DFBD40AC-FollowerState] INFO  impl.RoleInfo (RoleInfo.java:updateAndGet(139)) - da8f3bd6-6313-4743-a67a-92c6eeaa827b: start da8f3bd6-6313-4743-a67a-92c6eeaa827b@group-F8C6DFBD40AC-LeaderElection57
2022-07-12 20:46:21,561 [da8f3bd6-6313-4743-a67a-92c6eeaa827b@group-F8C6DFBD40AC-LeaderElection57] INFO  impl.LeaderElection (LeaderElection.java:askForVotes(310)) - da8f3bd6-6313-4743-a67a-92c6eeaa827b@group-F8C6DFBD40AC-LeaderElection57 ELECTION round 0: submit vote requests at term 1 for -1: [da8f3bd6-6313-4743-a67a-92c6eeaa827b|rpc:10.1.0.33:35583|priority:0, 8b72257c-a75e-474b-98b3-56dadc4b3e72|rpc:10.1.0.33:36051|priority:1, f384af3f-b43c-4c77-9439-f4423bf7a7c1|rpc:10.1.0.33:35233|priority:0], old=null
2022-07-12 20:46:21,569 [grpc-default-executor-2] INFO  server.RaftServer$Division (RaftServerImpl.java:requestVote(1152)) - 8b72257c-a75e-474b-98b3-56dadc4b3e72@group-F8C6DFBD40AC: receive requestVote(ELECTION, da8f3bd6-6313-4743-a67a-92c6eeaa827b, group-F8C6DFBD40AC, 1, (t:0, i:0))
2022-07-12 20:46:21,569 [grpc-default-executor-2] INFO  impl.VoteContext (VoteContext.java:log(48)) - 8b72257c-a75e-474b-98b3-56dadc4b3e72@group-F8C6DFBD40AC-FOLLOWER: reject ELECTION from da8f3bd6-6313-4743-a67a-92c6eeaa827b: our priority 1 > candidate's priority 0
2022-07-12 20:46:21,569 [grpc-default-executor-2] INFO  server.RaftServer$Division (RaftServerImpl.java:setRole(299)) - 8b72257c-a75e-474b-98b3-56dadc4b3e72@group-F8C6DFBD40AC: changes role from  FOLLOWER to FOLLOWER at term 1 for candidate:da8f3bd6-6313-4743-a67a-92c6eeaa827b
2022-07-12 20:46:21,569 [grpc-default-executor-2] INFO  impl.RoleInfo (RoleInfo.java:shutdownFollowerState(110)) - 8b72257c-a75e-474b-98b3-56dadc4b3e72: shutdown 8b72257c-a75e-474b-98b3-56dadc4b3e72@group-F8C6DFBD40AC-FollowerState
2022-07-12 20:46:21,588 [grpc-default-executor-0] INFO  server.RaftServer$Division (RaftServerImpl.java:requestVote(1152)) - f384af3f-b43c-4c77-9439-f4423bf7a7c1@group-F8C6DFBD40AC: receive requestVote(ELECTION, da8f3bd6-6313-4743-a67a-92c6eeaa827b, group-F8C6DFBD40AC, 1, (t:0, i:0))
2022-07-12 20:46:21,588 [grpc-default-executor-0] INFO  impl.VoteContext (VoteContext.java:log(48)) - f384af3f-b43c-4c77-9439-f4423bf7a7c1@group-F8C6DFBD40AC-FOLLOWER: accept ELECTION from da8f3bd6-6313-4743-a67a-92c6eeaa827b: our priority 0 <= candidate's priority 0
2022-07-12 20:46:21,588 [grpc-default-executor-0] INFO  server.RaftServer$Division (RaftServerImpl.java:setRole(299)) - f384af3f-b43c-4c77-9439-f4423bf7a7c1@group-F8C6DFBD40AC: changes role from  FOLLOWER to FOLLOWER at term 1 for candidate:da8f3bd6-6313-4743-a67a-92c6eeaa827b
2022-07-12 20:46:21,588 [grpc-default-executor-0] INFO  impl.RoleInfo (RoleInfo.java:shutdownFollowerState(110)) - f384af3f-b43c-4c77-9439-f4423bf7a7c1: shutdown f384af3f-b43c-4c77-9439-f4423bf7a7c1@group-F8C6DFBD40AC-FollowerState
2022-07-12 20:46:21,588 [grpc-default-executor-0] INFO  impl.RoleInfo (RoleInfo.java:updateAndGet(139)) - f384af3f-b43c-4c77-9439-f4423bf7a7c1: start f384af3f-b43c-4c77-9439-f4423bf7a7c1@group-F8C6DFBD40AC-FollowerState
2022-07-12 20:46:21,588 [f384af3f-b43c-4c77-9439-f4423bf7a7c1@group-F8C6DFBD40AC-FollowerState] INFO  impl.FollowerState (FollowerState.java:run(152)) - f384af3f-b43c-4c77-9439-f4423bf7a7c1@group-F8C6DFBD40AC-FollowerState was interrupted
2022-07-12 20:46:21,619 [grpc-default-executor-2] INFO  impl.RoleInfo (RoleInfo.java:updateAndGet(139)) - 8b72257c-a75e-474b-98b3-56dadc4b3e72: start 8b72257c-a75e-474b-98b3-56dadc4b3e72@group-F8C6DFBD40AC-FollowerState
2022-07-12 20:46:21,619 [8b72257c-a75e-474b-98b3-56dadc4b3e72@group-F8C6DFBD40AC-FollowerState] INFO  impl.FollowerState (FollowerState.java:run(152)) - 8b72257c-a75e-474b-98b3-56dadc4b3e72@group-F8C6DFBD40AC-FollowerState was interrupted
2022-07-12 20:46:21,619 [grpc-default-executor-0] INFO  server.RaftServer$Division (RaftServerImpl.java:requestVote(1184)) - f384af3f-b43c-4c77-9439-f4423bf7a7c1@group-F8C6DFBD40AC replies to ELECTION vote request: da8f3bd6-6313-4743-a67a-92c6eeaa827b<-f384af3f-b43c-4c77-9439-f4423bf7a7c1#0:OK-t1. Peer's state: f384af3f-b43c-4c77-9439-f4423bf7a7c1@group-F8C6DFBD40AC:t1, leader=null, voted=da8f3bd6-6313-4743-a67a-92c6eeaa827b, raftlog=f384af3f-b43c-4c77-9439-f4423bf7a7c1@group-F8C6DFBD40AC-SegmentedRaftLog:OPENED:c-1, conf=-1: [da8f3bd6-6313-4743-a67a-92c6eeaa827b|rpc:10.1.0.33:35583|dataStream:|priority:0, 8b72257c-a75e-474b-98b3-56dadc4b3e72|rpc:10.1.0.33:36051|dataStream:|priority:1, f384af3f-b43c-4c77-9439-f4423bf7a7c1|rpc:10.1.0.33:35233|dataStream:|priority:0], old=null
2022-07-12 20:46:21,628 [grpc-default-executor-2] INFO  server.RaftServer$Division (RaftServerImpl.java:requestVote(1184)) - 8b72257c-a75e-474b-98b3-56dadc4b3e72@group-F8C6DFBD40AC replies to ELECTION vote request: da8f3bd6-6313-4743-a67a-92c6eeaa827b<-8b72257c-a75e-474b-98b3-56dadc4b3e72#0:FAIL-t1. Peer's state: 8b72257c-a75e-474b-98b3-56dadc4b3e72@group-F8C6DFBD40AC:t1, leader=null, voted=null, raftlog=8b72257c-a75e-474b-98b3-56dadc4b3e72@group-F8C6DFBD40AC-SegmentedRaftLog:OPENED:c-1, conf=-1: [da8f3bd6-6313-4743-a67a-92c6eeaa827b|rpc:10.1.0.33:35583|dataStream:|priority:0, 8b72257c-a75e-474b-98b3-56dadc4b3e72|rpc:10.1.0.33:36051|dataStream:|priority:1, f384af3f-b43c-4c77-9439-f4423bf7a7c1|rpc:10.1.0.33:35233|dataStream:|priority:0], old=null
2022-07-12 20:46:21,634 [da8f3bd6-6313-4743-a67a-92c6eeaa827b@group-F8C6DFBD40AC-LeaderElection57] INFO  impl.LeaderElection (LeaderElection.java:logAndReturn(90)) - da8f3bd6-6313-4743-a67a-92c6eeaa827b@group-F8C6DFBD40AC-LeaderElection57: ELECTION REJECTED received 2 response(s) and 0 exception(s):
2022-07-12 20:46:21,635 [da8f3bd6-6313-4743-a67a-92c6eeaa827b@group-F8C6DFBD40AC-LeaderElection57] INFO  impl.LeaderElection (LeaderElection.java:logAndReturn(94)) -   Response 0: da8f3bd6-6313-4743-a67a-92c6eeaa827b<-8b72257c-a75e-474b-98b3-56dadc4b3e72#0:FAIL-t1
2022-07-12 20:46:21,635 [da8f3bd6-6313-4743-a67a-92c6eeaa827b@group-F8C6DFBD40AC-LeaderElection57] INFO  impl.LeaderElection (LeaderElection.java:logAndReturn(94)) -   Response 1: da8f3bd6-6313-4743-a67a-92c6eeaa827b<-f384af3f-b43c-4c77-9439-f4423bf7a7c1#0:OK-t1
2022-07-12 20:46:21,635 [da8f3bd6-6313-4743-a67a-92c6eeaa827b@group-F8C6DFBD40AC-LeaderElection57] INFO  impl.LeaderElection (LeaderElection.java:askForVotes(312)) - da8f3bd6-6313-4743-a67a-92c6eeaa827b@group-F8C6DFBD40AC-LeaderElection57 ELECTION round 0: result REJECTED
2022-07-12 20:46:21,635 [da8f3bd6-6313-4743-a67a-92c6eeaa827b@group-F8C6DFBD40AC-LeaderElection57] INFO  server.RaftServer$Division (RaftServerImpl.java:setRole(299)) - da8f3bd6-6313-4743-a67a-92c6eeaa827b@group-F8C6DFBD40AC: changes role from CANDIDATE to FOLLOWER at term 1 for REJECTED
2022-07-12 20:46:21,635 [da8f3bd6-6313-4743-a67a-92c6eeaa827b@group-F8C6DFBD40AC-LeaderElection57] INFO  impl.RoleInfo (RoleInfo.java:shutdownLeaderElection(130)) - da8f3bd6-6313-4743-a67a-92c6eeaa827b: shutdown da8f3bd6-6313-4743-a67a-92c6eeaa827b@group-F8C6DFBD40AC-LeaderElection57
2022-07-12 20:46:21,635 [da8f3bd6-6313-4743-a67a-92c6eeaa827b@group-F8C6DFBD40AC-LeaderElection57] INFO  impl.RoleInfo (RoleInfo.java:updateAndGet(139)) - da8f3bd6-6313-4743-a67a-92c6eeaa827b: start da8f3bd6-6313-4743-a67a-92c6eeaa827b@group-F8C6DFBD40AC-FollowerState
2022-07-12 20:46:21,996 [8b72257c-a75e-474b-98b3-56dadc4b3e72@group-48B290496D52-FollowerState] INFO  impl.FollowerState (FollowerState.java:run(143)) - 8b72257c-a75e-474b-98b3-56dadc4b3e72@group-48B290496D52-FollowerState: change to CANDIDATE, lastRpcElapsedTime:5088673525ns, electionTimeout:5077ms
2022-07-12 20:46:21,997 [8b72257c-a75e-474b-98b3-56dadc4b3e72@group-48B290496D52-FollowerState] INFO  impl.RoleInfo (RoleInfo.java:shutdownFollowerState(110)) - 8b72257c-a75e-474b-98b3-56dadc4b3e72: shutdown 8b72257c-a75e-474b-98b3-56dadc4b3e72@group-48B290496D52-FollowerState
2022-07-12 20:46:21,997 [8b72257c-a75e-474b-98b3-56dadc4b3e72@group-48B290496D52-FollowerState] INFO  server.RaftServer$Division (RaftServerImpl.java:setRole(299)) - 8b72257c-a75e-474b-98b3-56dadc4b3e72@group-48B290496D52: changes role from  FOLLOWER to CANDIDATE at term 0 for changeToCandidate
2022-07-12 20:46:21,997 [8b72257c-a75e-474b-98b3-56dadc4b3e72@group-48B290496D52-FollowerState] INFO  server.RaftServerConfigKeys (ConfUtils.java:logGet(46)) - raft.server.leaderelection.pre-vote = false (custom)
2022-07-12 20:46:21,997 [8b72257c-a75e-474b-98b3-56dadc4b3e72@group-48B290496D52-FollowerState] INFO  impl.RoleInfo (RoleInfo.java:updateAndGet(139)) - 8b72257c-a75e-474b-98b3-56dadc4b3e72: start 8b72257c-a75e-474b-98b3-56dadc4b3e72@group-48B290496D52-LeaderElection58
2022-07-12 20:46:22,043 [8b72257c-a75e-474b-98b3-56dadc4b3e72@group-48B290496D52-LeaderElection58] INFO  impl.LeaderElection (LeaderElection.java:askForVotes(310)) - 8b72257c-a75e-474b-98b3-56dadc4b3e72@group-48B290496D52-LeaderElection58 ELECTION round 0: submit vote requests at term 1 for -1: [8b72257c-a75e-474b-98b3-56dadc4b3e72|rpc:10.1.0.33:36051|priority:1], old=null
2022-07-12 20:46:22,043 [8b72257c-a75e-474b-98b3-56dadc4b3e72@group-48B290496D52-LeaderElection58] INFO  impl.LeaderElection (LeaderElection.java:askForVotes(312)) - 8b72257c-a75e-474b-98b3-56dadc4b3e72@group-48B290496D52-LeaderElection58 ELECTION round 0: result PASSED (term=1)
2022-07-12 20:46:22,043 [8b72257c-a75e-474b-98b3-56dadc4b3e72@group-48B290496D52-LeaderElection58] INFO  impl.RoleInfo (RoleInfo.java:shutdownLeaderElection(130)) - 8b72257c-a75e-474b-98b3-56dadc4b3e72: shutdown 8b72257c-a75e-474b-98b3-56dadc4b3e72@group-48B290496D52-LeaderElection58
2022-07-12 20:46:22,043 [8b72257c-a75e-474b-98b3-56dadc4b3e72@group-48B290496D52-LeaderElection58] INFO  server.RaftServer$Division (RaftServerImpl.java:setRole(299)) - 8b72257c-a75e-474b-98b3-56dadc4b3e72@group-48B290496D52: changes role from CANDIDATE to LEADER at term 1 for changeToLeader
2022-07-12 20:46:22,043 [8b72257c-a75e-474b-98b3-56dadc4b3e72@group-48B290496D52-LeaderElection58] INFO  ratis.XceiverServerRatis (XceiverServerRatis.java:handleLeaderChangedNotification(863)) - Leader change notification received for group: group-48B290496D52 with new leaderId: 8b72257c-a75e-474b-98b3-56dadc4b3e72
2022-07-12 20:46:22,044 [8b72257c-a75e-474b-98b3-56dadc4b3e72@group-48B290496D52-LeaderElection58] INFO  server.RaftServer$Division (ServerState.java:setLeader(287)) - 8b72257c-a75e-474b-98b3-56dadc4b3e72@group-48B290496D52: change Leader from null to 8b72257c-a75e-474b-98b3-56dadc4b3e72 at term 1 for becomeLeader, leader elected after 5160ms
2022-07-12 20:46:22,044 [8b72257c-a75e-474b-98b3-56dadc4b3e72@group-48B290496D52-LeaderElection58] INFO  server.RaftServerConfigKeys (ConfUtils.java:logGet(46)) - raft.server.staging.catchup.gap = 1000 (default)
2022-07-12 20:46:22,044 [8b72257c-a75e-474b-98b3-56dadc4b3e72@group-48B290496D52-LeaderElection58] INFO  server.RaftServerConfigKeys (ConfUtils.java:logGet(46)) - raft.server.write.element-limit = 1024 (custom)
2022-07-12 20:46:22,044 [8b72257c-a75e-474b-98b3-56dadc4b3e72@group-48B290496D52-LeaderElection58] INFO  server.RaftServerConfigKeys (ConfUtils.java:logGet(46)) - raft.server.write.byte-limit = 1024 M (=1073741824) (custom)
2022-07-12 20:46:22,044 [8b72257c-a75e-474b-98b3-56dadc4b3e72@group-48B290496D52-LeaderElection58] INFO  server.RaftServerConfigKeys (ConfUtils.java:logGet(46)) - raft.server.watch.timeout = 180s (custom)
2022-07-12 20:46:22,044 [8b72257c-a75e-474b-98b3-56dadc4b3e72@group-48B290496D52-LeaderElection58] INFO  server.RaftServerConfigKeys (ConfUtils.java:logGet(46)) - raft.server.watch.timeout.denomination = 1s (default)
2022-07-12 20:46:22,044 [8b72257c-a75e-474b-98b3-56dadc4b3e72@group-48B290496D52-LeaderElection58] INFO  server.RaftServerConfigKeys (ConfUtils.java:logGet(46)) - raft.server.watch.element-limit = 65536 (default)
2022-07-12 20:46:22,044 [8b72257c-a75e-474b-98b3-56dadc4b3e72@group-48B290496D52-LeaderElection58] INFO  server.RaftServerConfigKeys (ConfUtils.java:logGet(46)) - raft.server.write.element-limit = 1024 (custom)
2022-07-12 20:46:22,044 [8b72257c-a75e-474b-98b3-56dadc4b3e72@group-48B290496D52-LeaderElection58] INFO  server.RaftServerConfigKeys (ConfUtils.java:logGet(46)) - raft.server.write.follower.gap.ratio.max = -1.0 (default)
2022-07-12 20:46:22,044 [8b72257c-a75e-474b-98b3-56dadc4b3e72@group-48B290496D52-LeaderElection58] INFO  impl.RoleInfo (RoleInfo.java:updateAndGet(139)) - 8b72257c-a75e-474b-98b3-56dadc4b3e72: start 8b72257c-a75e-474b-98b3-56dadc4b3e72@group-48B290496D52-LeaderStateImpl
2022-07-12 20:46:22,045 [8b72257c-a75e-474b-98b3-56dadc4b3e72@group-48B290496D52-LeaderElection58] INFO  segmented.SegmentedRaftLogWorker (SegmentedRaftLogWorker.java:startLogSegment(425)) - 8b72257c-a75e-474b-98b3-56dadc4b3e72@group-48B290496D52-SegmentedRaftLogWorker: Starting segment from index:0
2022-07-12 20:46:22,050 [Listener at 127.0.0.1/39727] INFO  ozone.MiniOzoneClusterImpl (MiniOzoneClusterImpl.java:lambda$waitForClusterToBeReady$0(223)) - Nodes are ready. Got 3 of 3 DN Heartbeats.
2022-07-12 20:46:22,051 [Listener at 127.0.0.1/39727] INFO  ozone.MiniOzoneClusterImpl (MiniOzoneClusterImpl.java:lambda$waitForClusterToBeReady$0(226)) - Waiting for cluster to exit safe mode
2022-07-12 20:46:22,051 [Listener at 127.0.0.1/39727] INFO  ozone.MiniOzoneClusterImpl (MiniOzoneClusterImpl.java:lambda$waitForClusterToBeReady$0(228)) - SCM became leader
2022-07-12 20:46:22,052 [8b72257c-a75e-474b-98b3-56dadc4b3e72@group-48B290496D52-SegmentedRaftLogWorker] INFO  segmented.SegmentedRaftLogWorker (SegmentedRaftLogWorker.java:execute(629)) - 8b72257c-a75e-474b-98b3-56dadc4b3e72@group-48B290496D52-SegmentedRaftLogWorker: created new log segment /home/runner/work/ozone/ozone/hadoop-ozone/integration-test/target/test-dir/MiniOzoneClusterImpl-b9e7eea4-f922-42a3-9b78-fa3f1bcfe6c2/datanode-1/data/ratis/949703c7-f3a9-47b2-8d54-48b290496d52/current/log_inprogress_0
2022-07-12 20:46:22,058 [EventQueue-OpenPipelineForHealthyPipelineSafeModeRule] INFO  safemode.SCMSafeModeManager (HealthyPipelineSafeModeRule.java:process(124)) - SCM in safe mode. Healthy pipelines reported count is 0, required healthy pipeline reported count is 1
2022-07-12 20:46:22,075 [8b72257c-a75e-474b-98b3-56dadc4b3e72@group-48B290496D52-LeaderElection58] INFO  server.RaftServer$Division (ServerState.java:setRaftConf(393)) - 8b72257c-a75e-474b-98b3-56dadc4b3e72@group-48B290496D52: set configuration 0: [8b72257c-a75e-474b-98b3-56dadc4b3e72|rpc:10.1.0.33:36051|dataStream:|priority:1], old=null
2022-07-12 20:46:23,051 [Listener at 127.0.0.1/39727] INFO  ozone.MiniOzoneClusterImpl (MiniOzoneClusterImpl.java:lambda$waitForClusterToBeReady$0(223)) - Nodes are ready. Got 3 of 3 DN Heartbeats.
2022-07-12 20:46:23,051 [Listener at 127.0.0.1/39727] INFO  ozone.MiniOzoneClusterImpl (MiniOzoneClusterImpl.java:lambda$waitForClusterToBeReady$0(226)) - Waiting for cluster to exit safe mode
2022-07-12 20:46:23,051 [Listener at 127.0.0.1/39727] INFO  ozone.MiniOzoneClusterImpl (MiniOzoneClusterImpl.java:lambda$waitForClusterToBeReady$0(228)) - SCM became leader
2022-07-12 20:46:23,179 [f384af3f-b43c-4c77-9439-f4423bf7a7c1@group-07A58D1C52BC-FollowerState] INFO  impl.FollowerState (FollowerState.java:run(143)) - f384af3f-b43c-4c77-9439-f4423bf7a7c1@group-07A58D1C52BC-FollowerState: change to CANDIDATE, lastRpcElapsedTime:5074291760ns, electionTimeout:5064ms
2022-07-12 20:46:23,179 [f384af3f-b43c-4c77-9439-f4423bf7a7c1@group-07A58D1C52BC-FollowerState] INFO  impl.RoleInfo (RoleInfo.java:shutdownFollowerState(110)) - f384af3f-b43c-4c77-9439-f4423bf7a7c1: shutdown f384af3f-b43c-4c77-9439-f4423bf7a7c1@group-07A58D1C52BC-FollowerState
2022-07-12 20:46:23,179 [f384af3f-b43c-4c77-9439-f4423bf7a7c1@group-07A58D1C52BC-FollowerState] INFO  server.RaftServer$Division (RaftServerImpl.java:setRole(299)) - f384af3f-b43c-4c77-9439-f4423bf7a7c1@group-07A58D1C52BC: changes role from  FOLLOWER to CANDIDATE at term 0 for changeToCandidate
2022-07-12 20:46:23,179 [f384af3f-b43c-4c77-9439-f4423bf7a7c1@group-07A58D1C52BC-FollowerState] INFO  server.RaftServerConfigKeys (ConfUtils.java:logGet(46)) - raft.server.leaderelection.pre-vote = false (custom)
2022-07-12 20:46:23,180 [f384af3f-b43c-4c77-9439-f4423bf7a7c1@group-07A58D1C52BC-FollowerState] INFO  impl.RoleInfo (RoleInfo.java:updateAndGet(139)) - f384af3f-b43c-4c77-9439-f4423bf7a7c1: start f384af3f-b43c-4c77-9439-f4423bf7a7c1@group-07A58D1C52BC-LeaderElection59
2022-07-12 20:46:23,227 [f384af3f-b43c-4c77-9439-f4423bf7a7c1@group-07A58D1C52BC-LeaderElection59] INFO  impl.LeaderElection (LeaderElection.java:askForVotes(310)) - f384af3f-b43c-4c77-9439-f4423bf7a7c1@group-07A58D1C52BC-LeaderElection59 ELECTION round 0: submit vote requests at term 1 for -1: [f384af3f-b43c-4c77-9439-f4423bf7a7c1|rpc:10.1.0.33:35233|priority:1], old=null
2022-07-12 20:46:23,227 [f384af3f-b43c-4c77-9439-f4423bf7a7c1@group-07A58D1C52BC-LeaderElection59] INFO  impl.LeaderElection (LeaderElection.java:askForVotes(312)) - f384af3f-b43c-4c77-9439-f4423bf7a7c1@group-07A58D1C52BC-LeaderElection59 ELECTION round 0: result PASSED (term=1)
2022-07-12 20:46:23,227 [f384af3f-b43c-4c77-9439-f4423bf7a7c1@group-07A58D1C52BC-LeaderElection59] INFO  impl.RoleInfo (RoleInfo.java:shutdownLeaderElection(130)) - f384af3f-b43c-4c77-9439-f4423bf7a7c1: shutdown f384af3f-b43c-4c77-9439-f4423bf7a7c1@group-07A58D1C52BC-LeaderElection59
2022-07-12 20:46:23,227 [f384af3f-b43c-4c77-9439-f4423bf7a7c1@group-07A58D1C52BC-LeaderElection59] INFO  server.RaftServer$Division (RaftServerImpl.java:setRole(299)) - f384af3f-b43c-4c77-9439-f4423bf7a7c1@group-07A58D1C52BC: changes role from CANDIDATE to LEADER at term 1 for changeToLeader
2022-07-12 20:46:23,227 [f384af3f-b43c-4c77-9439-f4423bf7a7c1@group-07A58D1C52BC-LeaderElection59] INFO  ratis.XceiverServerRatis (XceiverServerRatis.java:handleLeaderChangedNotification(863)) - Leader change notification received for group: group-07A58D1C52BC with new leaderId: f384af3f-b43c-4c77-9439-f4423bf7a7c1
2022-07-12 20:46:23,227 [f384af3f-b43c-4c77-9439-f4423bf7a7c1@group-07A58D1C52BC-LeaderElection59] INFO  server.RaftServer$Division (ServerState.java:setLeader(287)) - f384af3f-b43c-4c77-9439-f4423bf7a7c1@group-07A58D1C52BC: change Leader from null to f384af3f-b43c-4c77-9439-f4423bf7a7c1 at term 1 for becomeLeader, leader elected after 5140ms
2022-07-12 20:46:23,228 [f384af3f-b43c-4c77-9439-f4423bf7a7c1@group-07A58D1C52BC-LeaderElection59] INFO  server.RaftServerConfigKeys (ConfUtils.java:logGet(46)) - raft.server.staging.catchup.gap = 1000 (default)
2022-07-12 20:46:23,228 [f384af3f-b43c-4c77-9439-f4423bf7a7c1@group-07A58D1C52BC-LeaderElection59] INFO  server.RaftServerConfigKeys (ConfUtils.java:logGet(46)) - raft.server.write.element-limit = 1024 (custom)
2022-07-12 20:46:23,228 [f384af3f-b43c-4c77-9439-f4423bf7a7c1@group-07A58D1C52BC-LeaderElection59] INFO  server.RaftServerConfigKeys (ConfUtils.java:logGet(46)) - raft.server.write.byte-limit = 1024 M (=1073741824) (custom)
2022-07-12 20:46:23,228 [f384af3f-b43c-4c77-9439-f4423bf7a7c1@group-07A58D1C52BC-LeaderElection59] INFO  server.RaftServerConfigKeys (ConfUtils.java:logGet(46)) - raft.server.watch.timeout = 180s (custom)
2022-07-12 20:46:23,228 [f384af3f-b43c-4c77-9439-f4423bf7a7c1@group-07A58D1C52BC-LeaderElection59] INFO  server.RaftServerConfigKeys (ConfUtils.java:logGet(46)) - raft.server.watch.timeout.denomination = 1s (default)
2022-07-12 20:46:23,228 [f384af3f-b43c-4c77-9439-f4423bf7a7c1@group-07A58D1C52BC-LeaderElection59] INFO  server.RaftServerConfigKeys (ConfUtils.java:logGet(46)) - raft.server.watch.element-limit = 65536 (default)
2022-07-12 20:46:23,228 [f384af3f-b43c-4c77-9439-f4423bf7a7c1@group-07A58D1C52BC-LeaderElection59] INFO  server.RaftServerConfigKeys (ConfUtils.java:logGet(46)) - raft.server.write.element-limit = 1024 (custom)
2022-07-12 20:46:23,228 [f384af3f-b43c-4c77-9439-f4423bf7a7c1@group-07A58D1C52BC-LeaderElection59] INFO  server.RaftServerConfigKeys (ConfUtils.java:logGet(46)) - raft.server.write.follower.gap.ratio.max = -1.0 (default)
2022-07-12 20:46:23,228 [f384af3f-b43c-4c77-9439-f4423bf7a7c1@group-07A58D1C52BC-LeaderElection59] INFO  impl.RoleInfo (RoleInfo.java:updateAndGet(139)) - f384af3f-b43c-4c77-9439-f4423bf7a7c1: start f384af3f-b43c-4c77-9439-f4423bf7a7c1@group-07A58D1C52BC-LeaderStateImpl
2022-07-12 20:46:23,229 [f384af3f-b43c-4c77-9439-f4423bf7a7c1@group-07A58D1C52BC-LeaderElection59] INFO  segmented.SegmentedRaftLogWorker (SegmentedRaftLogWorker.java:startLogSegment(425)) - f384af3f-b43c-4c77-9439-f4423bf7a7c1@group-07A58D1C52BC-SegmentedRaftLogWorker: Starting segment from index:0
2022-07-12 20:46:23,230 [EventQueue-OpenPipelineForHealthyPipelineSafeModeRule] INFO  safemode.SCMSafeModeManager (HealthyPipelineSafeModeRule.java:process(124)) - SCM in safe mode. Healthy pipelines reported count is 0, required healthy pipeline reported count is 1
2022-07-12 20:46:23,232 [f384af3f-b43c-4c77-9439-f4423bf7a7c1@group-07A58D1C52BC-SegmentedRaftLogWorker] INFO  segmented.SegmentedRaftLogWorker (SegmentedRaftLogWorker.java:execute(629)) - f384af3f-b43c-4c77-9439-f4423bf7a7c1@group-07A58D1C52BC-SegmentedRaftLogWorker: created new log segment /home/runner/work/ozone/ozone/hadoop-ozone/integration-test/target/test-dir/MiniOzoneClusterImpl-b9e7eea4-f922-42a3-9b78-fa3f1bcfe6c2/datanode-2/data/ratis/dd6c27e2-8f30-41a3-a398-07a58d1c52bc/current/log_inprogress_0
2022-07-12 20:46:23,239 [f384af3f-b43c-4c77-9439-f4423bf7a7c1@group-07A58D1C52BC-LeaderElection59] INFO  server.RaftServer$Division (ServerState.java:setRaftConf(393)) - f384af3f-b43c-4c77-9439-f4423bf7a7c1@group-07A58D1C52BC: set configuration 0: [f384af3f-b43c-4c77-9439-f4423bf7a7c1|rpc:10.1.0.33:35233|dataStream:|priority:1], old=null
2022-07-12 20:46:24,051 [Listener at 127.0.0.1/39727] INFO  ozone.MiniOzoneClusterImpl (MiniOzoneClusterImpl.java:lambda$waitForClusterToBeReady$0(223)) - Nodes are ready. Got 3 of 3 DN Heartbeats.
2022-07-12 20:46:24,052 [Listener at 127.0.0.1/39727] INFO  ozone.MiniOzoneClusterImpl (MiniOzoneClusterImpl.java:lambda$waitForClusterToBeReady$0(226)) - Waiting for cluster to exit safe mode
2022-07-12 20:46:24,052 [Listener at 127.0.0.1/39727] INFO  ozone.MiniOzoneClusterImpl (MiniOzoneClusterImpl.java:lambda$waitForClusterToBeReady$0(228)) - SCM became leader
2022-07-12 20:46:25,055 [Listener at 127.0.0.1/39727] INFO  ozone.MiniOzoneClusterImpl (MiniOzoneClusterImpl.java:lambda$waitForClusterToBeReady$0(223)) - Nodes are ready. Got 3 of 3 DN Heartbeats.
2022-07-12 20:46:25,055 [Listener at 127.0.0.1/39727] INFO  ozone.MiniOzoneClusterImpl (MiniOzoneClusterImpl.java:lambda$waitForClusterToBeReady$0(226)) - Waiting for cluster to exit safe mode
2022-07-12 20:46:25,055 [Listener at 127.0.0.1/39727] INFO  ozone.MiniOzoneClusterImpl (MiniOzoneClusterImpl.java:lambda$waitForClusterToBeReady$0(228)) - SCM became leader
2022-07-12 20:46:26,055 [Listener at 127.0.0.1/39727] INFO  ozone.MiniOzoneClusterImpl (MiniOzoneClusterImpl.java:lambda$waitForClusterToBeReady$0(223)) - Nodes are ready. Got 3 of 3 DN Heartbeats.
2022-07-12 20:46:26,055 [Listener at 127.0.0.1/39727] INFO  ozone.MiniOzoneClusterImpl (MiniOzoneClusterImpl.java:lambda$waitForClusterToBeReady$0(226)) - Waiting for cluster to exit safe mode
2022-07-12 20:46:26,055 [Listener at 127.0.0.1/39727] INFO  ozone.MiniOzoneClusterImpl (MiniOzoneClusterImpl.java:lambda$waitForClusterToBeReady$0(228)) - SCM became leader
2022-07-12 20:46:26,433 [f384af3f-b43c-4c77-9439-f4423bf7a7c1@group-3848FEE6EDF4-FollowerState] INFO  impl.FollowerState (FollowerState.java:run(143)) - f384af3f-b43c-4c77-9439-f4423bf7a7c1@group-3848FEE6EDF4-FollowerState: change to CANDIDATE, lastRpcElapsedTime:5050083831ns, electionTimeout:5042ms
2022-07-12 20:46:26,433 [f384af3f-b43c-4c77-9439-f4423bf7a7c1@group-3848FEE6EDF4-FollowerState] INFO  impl.RoleInfo (RoleInfo.java:shutdownFollowerState(110)) - f384af3f-b43c-4c77-9439-f4423bf7a7c1: shutdown f384af3f-b43c-4c77-9439-f4423bf7a7c1@group-3848FEE6EDF4-FollowerState
2022-07-12 20:46:26,433 [f384af3f-b43c-4c77-9439-f4423bf7a7c1@group-3848FEE6EDF4-FollowerState] INFO  server.RaftServer$Division (RaftServerImpl.java:setRole(299)) - f384af3f-b43c-4c77-9439-f4423bf7a7c1@group-3848FEE6EDF4: changes role from  FOLLOWER to CANDIDATE at term 1 for changeToCandidate
2022-07-12 20:46:26,433 [f384af3f-b43c-4c77-9439-f4423bf7a7c1@group-3848FEE6EDF4-FollowerState] INFO  server.RaftServerConfigKeys (ConfUtils.java:logGet(46)) - raft.server.leaderelection.pre-vote = false (custom)
2022-07-12 20:46:26,433 [f384af3f-b43c-4c77-9439-f4423bf7a7c1@group-3848FEE6EDF4-FollowerState] INFO  impl.RoleInfo (RoleInfo.java:updateAndGet(139)) - f384af3f-b43c-4c77-9439-f4423bf7a7c1: start f384af3f-b43c-4c77-9439-f4423bf7a7c1@group-3848FEE6EDF4-LeaderElection60
2022-07-12 20:46:26,508 [f384af3f-b43c-4c77-9439-f4423bf7a7c1@group-3848FEE6EDF4-LeaderElection60] INFO  impl.LeaderElection (LeaderElection.java:askForVotes(310)) - f384af3f-b43c-4c77-9439-f4423bf7a7c1@group-3848FEE6EDF4-LeaderElection60 ELECTION round 0: submit vote requests at term 2 for -1: [da8f3bd6-6313-4743-a67a-92c6eeaa827b|rpc:10.1.0.33:35583|dataStream:|priority:1, 8b72257c-a75e-474b-98b3-56dadc4b3e72|rpc:10.1.0.33:36051|dataStream:|priority:0, f384af3f-b43c-4c77-9439-f4423bf7a7c1|rpc:10.1.0.33:35233|dataStream:|priority:0], old=null
2022-07-12 20:46:26,527 [grpc-default-executor-2] INFO  server.RaftServer$Division (RaftServerImpl.java:requestVote(1152)) - da8f3bd6-6313-4743-a67a-92c6eeaa827b@group-3848FEE6EDF4: receive requestVote(ELECTION, f384af3f-b43c-4c77-9439-f4423bf7a7c1, group-3848FEE6EDF4, 2, (t:0, i:0))
2022-07-12 20:46:26,527 [grpc-default-executor-2] INFO  impl.VoteContext (VoteContext.java:log(48)) - da8f3bd6-6313-4743-a67a-92c6eeaa827b@group-3848FEE6EDF4-FOLLOWER: reject ELECTION from f384af3f-b43c-4c77-9439-f4423bf7a7c1: our priority 1 > candidate's priority 0
2022-07-12 20:46:26,527 [grpc-default-executor-2] INFO  server.RaftServer$Division (RaftServerImpl.java:setRole(299)) - da8f3bd6-6313-4743-a67a-92c6eeaa827b@group-3848FEE6EDF4: changes role from  FOLLOWER to FOLLOWER at term 2 for candidate:f384af3f-b43c-4c77-9439-f4423bf7a7c1
2022-07-12 20:46:26,527 [grpc-default-executor-2] INFO  impl.RoleInfo (RoleInfo.java:shutdownFollowerState(110)) - da8f3bd6-6313-4743-a67a-92c6eeaa827b: shutdown da8f3bd6-6313-4743-a67a-92c6eeaa827b@group-3848FEE6EDF4-FollowerState
2022-07-12 20:46:26,527 [grpc-default-executor-2] INFO  impl.RoleInfo (RoleInfo.java:updateAndGet(139)) - da8f3bd6-6313-4743-a67a-92c6eeaa827b: start da8f3bd6-6313-4743-a67a-92c6eeaa827b@group-3848FEE6EDF4-FollowerState
2022-07-12 20:46:26,528 [da8f3bd6-6313-4743-a67a-92c6eeaa827b@group-3848FEE6EDF4-FollowerState] INFO  impl.FollowerState (FollowerState.java:run(152)) - da8f3bd6-6313-4743-a67a-92c6eeaa827b@group-3848FEE6EDF4-FollowerState was interrupted
2022-07-12 20:46:26,529 [grpc-default-executor-0] INFO  server.RaftServer$Division (RaftServerImpl.java:requestVote(1152)) - 8b72257c-a75e-474b-98b3-56dadc4b3e72@group-3848FEE6EDF4: receive requestVote(ELECTION, f384af3f-b43c-4c77-9439-f4423bf7a7c1, group-3848FEE6EDF4, 2, (t:0, i:0))
2022-07-12 20:46:26,529 [grpc-default-executor-0] INFO  impl.VoteContext (VoteContext.java:log(48)) - 8b72257c-a75e-474b-98b3-56dadc4b3e72@group-3848FEE6EDF4-FOLLOWER: accept ELECTION from f384af3f-b43c-4c77-9439-f4423bf7a7c1: our priority 0 <= candidate's priority 0
2022-07-12 20:46:26,529 [grpc-default-executor-0] INFO  server.RaftServer$Division (RaftServerImpl.java:setRole(299)) - 8b72257c-a75e-474b-98b3-56dadc4b3e72@group-3848FEE6EDF4: changes role from  FOLLOWER to FOLLOWER at term 2 for candidate:f384af3f-b43c-4c77-9439-f4423bf7a7c1
2022-07-12 20:46:26,529 [grpc-default-executor-0] INFO  impl.RoleInfo (RoleInfo.java:shutdownFollowerState(110)) - 8b72257c-a75e-474b-98b3-56dadc4b3e72: shutdown 8b72257c-a75e-474b-98b3-56dadc4b3e72@group-3848FEE6EDF4-FollowerState
2022-07-12 20:46:26,531 [8b72257c-a75e-474b-98b3-56dadc4b3e72@group-3848FEE6EDF4-FollowerState] INFO  impl.FollowerState (FollowerState.java:run(152)) - 8b72257c-a75e-474b-98b3-56dadc4b3e72@group-3848FEE6EDF4-FollowerState was interrupted
2022-07-12 20:46:26,531 [grpc-default-executor-0] INFO  impl.RoleInfo (RoleInfo.java:updateAndGet(139)) - 8b72257c-a75e-474b-98b3-56dadc4b3e72: start 8b72257c-a75e-474b-98b3-56dadc4b3e72@group-3848FEE6EDF4-FollowerState
2022-07-12 20:46:26,532 [grpc-default-executor-2] INFO  server.RaftServer$Division (RaftServerImpl.java:requestVote(1184)) - da8f3bd6-6313-4743-a67a-92c6eeaa827b@group-3848FEE6EDF4 replies to ELECTION vote request: f384af3f-b43c-4c77-9439-f4423bf7a7c1<-da8f3bd6-6313-4743-a67a-92c6eeaa827b#0:FAIL-t2. Peer's state: da8f3bd6-6313-4743-a67a-92c6eeaa827b@group-3848FEE6EDF4:t2, leader=null, voted=null, raftlog=da8f3bd6-6313-4743-a67a-92c6eeaa827b@group-3848FEE6EDF4-SegmentedRaftLog:OPENED:c-1, conf=-1: [da8f3bd6-6313-4743-a67a-92c6eeaa827b|rpc:10.1.0.33:35583|priority:1, 8b72257c-a75e-474b-98b3-56dadc4b3e72|rpc:10.1.0.33:36051|priority:0, f384af3f-b43c-4c77-9439-f4423bf7a7c1|rpc:10.1.0.33:35233|priority:0], old=null
2022-07-12 20:46:26,562 [f384af3f-b43c-4c77-9439-f4423bf7a7c1@group-3848FEE6EDF4-LeaderElection60] INFO  impl.LeaderElection (LeaderElection.java:logAndReturn(90)) - f384af3f-b43c-4c77-9439-f4423bf7a7c1@group-3848FEE6EDF4-LeaderElection60: ELECTION REJECTED received 1 response(s) and 0 exception(s):
2022-07-12 20:46:26,562 [f384af3f-b43c-4c77-9439-f4423bf7a7c1@group-3848FEE6EDF4-LeaderElection60] INFO  impl.LeaderElection (LeaderElection.java:logAndReturn(94)) -   Response 0: f384af3f-b43c-4c77-9439-f4423bf7a7c1<-da8f3bd6-6313-4743-a67a-92c6eeaa827b#0:FAIL-t2
2022-07-12 20:46:26,562 [f384af3f-b43c-4c77-9439-f4423bf7a7c1@group-3848FEE6EDF4-LeaderElection60] INFO  impl.LeaderElection (LeaderElection.java:askForVotes(312)) - f384af3f-b43c-4c77-9439-f4423bf7a7c1@group-3848FEE6EDF4-LeaderElection60 ELECTION round 0: result REJECTED
2022-07-12 20:46:26,562 [f384af3f-b43c-4c77-9439-f4423bf7a7c1@group-3848FEE6EDF4-LeaderElection60] INFO  server.RaftServer$Division (RaftServerImpl.java:setRole(299)) - f384af3f-b43c-4c77-9439-f4423bf7a7c1@group-3848FEE6EDF4: changes role from CANDIDATE to FOLLOWER at term 2 for REJECTED
2022-07-12 20:46:26,562 [f384af3f-b43c-4c77-9439-f4423bf7a7c1@group-3848FEE6EDF4-LeaderElection60] INFO  impl.RoleInfo (RoleInfo.java:shutdownLeaderElection(130)) - f384af3f-b43c-4c77-9439-f4423bf7a7c1: shutdown f384af3f-b43c-4c77-9439-f4423bf7a7c1@group-3848FEE6EDF4-LeaderElection60
2022-07-12 20:46:26,562 [f384af3f-b43c-4c77-9439-f4423bf7a7c1@group-3848FEE6EDF4-LeaderElection60] INFO  impl.RoleInfo (RoleInfo.java:updateAndGet(139)) - f384af3f-b43c-4c77-9439-f4423bf7a7c1: start f384af3f-b43c-4c77-9439-f4423bf7a7c1@group-3848FEE6EDF4-FollowerState
2022-07-12 20:46:26,563 [grpc-default-executor-0] INFO  server.RaftServer$Division (RaftServerImpl.java:requestVote(1184)) - 8b72257c-a75e-474b-98b3-56dadc4b3e72@group-3848FEE6EDF4 replies to ELECTION vote request: f384af3f-b43c-4c77-9439-f4423bf7a7c1<-8b72257c-a75e-474b-98b3-56dadc4b3e72#0:OK-t2. Peer's state: 8b72257c-a75e-474b-98b3-56dadc4b3e72@group-3848FEE6EDF4:t2, leader=null, voted=f384af3f-b43c-4c77-9439-f4423bf7a7c1, raftlog=8b72257c-a75e-474b-98b3-56dadc4b3e72@group-3848FEE6EDF4-SegmentedRaftLog:OPENED:c-1, conf=-1: [da8f3bd6-6313-4743-a67a-92c6eeaa827b|rpc:10.1.0.33:35583|dataStream:|priority:1, 8b72257c-a75e-474b-98b3-56dadc4b3e72|rpc:10.1.0.33:36051|dataStream:|priority:0, f384af3f-b43c-4c77-9439-f4423bf7a7c1|rpc:10.1.0.33:35233|dataStream:|priority:0], old=null
2022-07-12 20:46:26,683 [8b72257c-a75e-474b-98b3-56dadc4b3e72@group-F8C6DFBD40AC-FollowerState] INFO  impl.FollowerState (FollowerState.java:run(143)) - 8b72257c-a75e-474b-98b3-56dadc4b3e72@group-F8C6DFBD40AC-FollowerState: change to CANDIDATE, lastRpcElapsedTime:5064080426ns, electionTimeout:5048ms
2022-07-12 20:46:26,683 [8b72257c-a75e-474b-98b3-56dadc4b3e72@group-F8C6DFBD40AC-FollowerState] INFO  impl.RoleInfo (RoleInfo.java:shutdownFollowerState(110)) - 8b72257c-a75e-474b-98b3-56dadc4b3e72: shutdown 8b72257c-a75e-474b-98b3-56dadc4b3e72@group-F8C6DFBD40AC-FollowerState
2022-07-12 20:46:26,683 [8b72257c-a75e-474b-98b3-56dadc4b3e72@group-F8C6DFBD40AC-FollowerState] INFO  server.RaftServer$Division (RaftServerImpl.java:setRole(299)) - 8b72257c-a75e-474b-98b3-56dadc4b3e72@group-F8C6DFBD40AC: changes role from  FOLLOWER to CANDIDATE at term 1 for changeToCandidate
2022-07-12 20:46:26,683 [8b72257c-a75e-474b-98b3-56dadc4b3e72@group-F8C6DFBD40AC-FollowerState] INFO  server.RaftServerConfigKeys (ConfUtils.java:logGet(46)) - raft.server.leaderelection.pre-vote = false (custom)
2022-07-12 20:46:26,683 [8b72257c-a75e-474b-98b3-56dadc4b3e72@group-F8C6DFBD40AC-FollowerState] INFO  impl.RoleInfo (RoleInfo.java:updateAndGet(139)) - 8b72257c-a75e-474b-98b3-56dadc4b3e72: start 8b72257c-a75e-474b-98b3-56dadc4b3e72@group-F8C6DFBD40AC-LeaderElection61
2022-07-12 20:46:26,729 [da8f3bd6-6313-4743-a67a-92c6eeaa827b@group-F8C6DFBD40AC-FollowerState] INFO  impl.FollowerState (FollowerState.java:run(143)) - da8f3bd6-6313-4743-a67a-92c6eeaa827b@group-F8C6DFBD40AC-FollowerState: change to CANDIDATE, lastRpcElapsedTime:5093861449ns, electionTimeout:5066ms
2022-07-12 20:46:26,729 [da8f3bd6-6313-4743-a67a-92c6eeaa827b@group-F8C6DFBD40AC-FollowerState] INFO  impl.RoleInfo (RoleInfo.java:shutdownFollowerState(110)) - da8f3bd6-6313-4743-a67a-92c6eeaa827b: shutdown da8f3bd6-6313-4743-a67a-92c6eeaa827b@group-F8C6DFBD40AC-FollowerState
2022-07-12 20:46:26,729 [da8f3bd6-6313-4743-a67a-92c6eeaa827b@group-F8C6DFBD40AC-FollowerState] INFO  server.RaftServer$Division (RaftServerImpl.java:setRole(299)) - da8f3bd6-6313-4743-a67a-92c6eeaa827b@group-F8C6DFBD40AC: changes role from  FOLLOWER to CANDIDATE at term 1 for changeToCandidate
2022-07-12 20:46:26,731 [da8f3bd6-6313-4743-a67a-92c6eeaa827b@group-F8C6DFBD40AC-FollowerState] INFO  server.RaftServerConfigKeys (ConfUtils.java:logGet(46)) - raft.server.leaderelection.pre-vote = false (custom)
2022-07-12 20:46:26,731 [da8f3bd6-6313-4743-a67a-92c6eeaa827b@group-F8C6DFBD40AC-FollowerState] INFO  impl.RoleInfo (RoleInfo.java:updateAndGet(139)) - da8f3bd6-6313-4743-a67a-92c6eeaa827b: start da8f3bd6-6313-4743-a67a-92c6eeaa827b@group-F8C6DFBD40AC-LeaderElection62
2022-07-12 20:46:26,758 [8b72257c-a75e-474b-98b3-56dadc4b3e72@group-F8C6DFBD40AC-LeaderElection61] INFO  impl.LeaderElection (LeaderElection.java:askForVotes(310)) - 8b72257c-a75e-474b-98b3-56dadc4b3e72@group-F8C6DFBD40AC-LeaderElection61 ELECTION round 0: submit vote requests at term 2 for -1: [da8f3bd6-6313-4743-a67a-92c6eeaa827b|rpc:10.1.0.33:35583|dataStream:|priority:0, 8b72257c-a75e-474b-98b3-56dadc4b3e72|rpc:10.1.0.33:36051|dataStream:|priority:1, f384af3f-b43c-4c77-9439-f4423bf7a7c1|rpc:10.1.0.33:35233|dataStream:|priority:0], old=null
2022-07-12 20:46:26,767 [da8f3bd6-6313-4743-a67a-92c6eeaa827b@group-F8C6DFBD40AC-LeaderElection62] INFO  impl.LeaderElection (LeaderElection.java:askForVotes(310)) - da8f3bd6-6313-4743-a67a-92c6eeaa827b@group-F8C6DFBD40AC-LeaderElection62 ELECTION round 0: submit vote requests at term 2 for -1: [da8f3bd6-6313-4743-a67a-92c6eeaa827b|rpc:10.1.0.33:35583|priority:0, 8b72257c-a75e-474b-98b3-56dadc4b3e72|rpc:10.1.0.33:36051|priority:1, f384af3f-b43c-4c77-9439-f4423bf7a7c1|rpc:10.1.0.33:35233|priority:0], old=null
2022-07-12 20:46:26,769 [grpc-default-executor-0] INFO  server.RaftServer$Division (RaftServerImpl.java:requestVote(1152)) - 8b72257c-a75e-474b-98b3-56dadc4b3e72@group-F8C6DFBD40AC: receive requestVote(ELECTION, da8f3bd6-6313-4743-a67a-92c6eeaa827b, group-F8C6DFBD40AC, 2, (t:0, i:0))
2022-07-12 20:46:26,769 [grpc-default-executor-0] INFO  impl.VoteContext (VoteContext.java:log(48)) - 8b72257c-a75e-474b-98b3-56dadc4b3e72@group-F8C6DFBD40AC-CANDIDATE: reject ELECTION from da8f3bd6-6313-4743-a67a-92c6eeaa827b: already has voted for 8b72257c-a75e-474b-98b3-56dadc4b3e72 at current term 2
2022-07-12 20:46:26,769 [grpc-default-executor-0] INFO  server.RaftServer$Division (RaftServerImpl.java:requestVote(1184)) - 8b72257c-a75e-474b-98b3-56dadc4b3e72@group-F8C6DFBD40AC replies to ELECTION vote request: da8f3bd6-6313-4743-a67a-92c6eeaa827b<-8b72257c-a75e-474b-98b3-56dadc4b3e72#0:FAIL-t2. Peer's state: 8b72257c-a75e-474b-98b3-56dadc4b3e72@group-F8C6DFBD40AC:t2, leader=null, voted=8b72257c-a75e-474b-98b3-56dadc4b3e72, raftlog=8b72257c-a75e-474b-98b3-56dadc4b3e72@group-F8C6DFBD40AC-SegmentedRaftLog:OPENED:c-1, conf=-1: [da8f3bd6-6313-4743-a67a-92c6eeaa827b|rpc:10.1.0.33:35583|dataStream:|priority:0, 8b72257c-a75e-474b-98b3-56dadc4b3e72|rpc:10.1.0.33:36051|dataStream:|priority:1, f384af3f-b43c-4c77-9439-f4423bf7a7c1|rpc:10.1.0.33:35233|dataStream:|priority:0], old=null
2022-07-12 20:46:26,771 [da8f3bd6-6313-4743-a67a-92c6eeaa827b@group-F8C6DFBD40AC-LeaderElection62] INFO  impl.LeaderElection (LeaderElection.java:logAndReturn(90)) - da8f3bd6-6313-4743-a67a-92c6eeaa827b@group-F8C6DFBD40AC-LeaderElection62: ELECTION REJECTED received 1 response(s) and 0 exception(s):
2022-07-12 20:46:26,771 [da8f3bd6-6313-4743-a67a-92c6eeaa827b@group-F8C6DFBD40AC-LeaderElection62] INFO  impl.LeaderElection (LeaderElection.java:logAndReturn(94)) -   Response 0: da8f3bd6-6313-4743-a67a-92c6eeaa827b<-8b72257c-a75e-474b-98b3-56dadc4b3e72#0:FAIL-t2
2022-07-12 20:46:26,771 [da8f3bd6-6313-4743-a67a-92c6eeaa827b@group-F8C6DFBD40AC-LeaderElection62] INFO  impl.LeaderElection (LeaderElection.java:askForVotes(312)) - da8f3bd6-6313-4743-a67a-92c6eeaa827b@group-F8C6DFBD40AC-LeaderElection62 ELECTION round 0: result REJECTED
2022-07-12 20:46:26,771 [da8f3bd6-6313-4743-a67a-92c6eeaa827b@group-F8C6DFBD40AC-LeaderElection62] INFO  server.RaftServer$Division (RaftServerImpl.java:setRole(299)) - da8f3bd6-6313-4743-a67a-92c6eeaa827b@group-F8C6DFBD40AC: changes role from CANDIDATE to FOLLOWER at term 2 for REJECTED
2022-07-12 20:46:26,771 [da8f3bd6-6313-4743-a67a-92c6eeaa827b@group-F8C6DFBD40AC-LeaderElection62] INFO  impl.RoleInfo (RoleInfo.java:shutdownLeaderElection(130)) - da8f3bd6-6313-4743-a67a-92c6eeaa827b: shutdown da8f3bd6-6313-4743-a67a-92c6eeaa827b@group-F8C6DFBD40AC-LeaderElection62
2022-07-12 20:46:26,771 [da8f3bd6-6313-4743-a67a-92c6eeaa827b@group-F8C6DFBD40AC-LeaderElection62] INFO  impl.RoleInfo (RoleInfo.java:updateAndGet(139)) - da8f3bd6-6313-4743-a67a-92c6eeaa827b: start da8f3bd6-6313-4743-a67a-92c6eeaa827b@group-F8C6DFBD40AC-FollowerState
2022-07-12 20:46:26,772 [grpc-default-executor-0] INFO  server.RaftServer$Division (RaftServerImpl.java:requestVote(1152)) - f384af3f-b43c-4c77-9439-f4423bf7a7c1@group-F8C6DFBD40AC: receive requestVote(ELECTION, da8f3bd6-6313-4743-a67a-92c6eeaa827b, group-F8C6DFBD40AC, 2, (t:0, i:0))
2022-07-12 20:46:26,774 [grpc-default-executor-2] INFO  server.RaftServer$Division (RaftServerImpl.java:requestVote(1152)) - da8f3bd6-6313-4743-a67a-92c6eeaa827b@group-F8C6DFBD40AC: receive requestVote(ELECTION, 8b72257c-a75e-474b-98b3-56dadc4b3e72, group-F8C6DFBD40AC, 2, (t:0, i:0))
2022-07-12 20:46:26,777 [grpc-default-executor-2] INFO  impl.VoteContext (VoteContext.java:log(48)) - da8f3bd6-6313-4743-a67a-92c6eeaa827b@group-F8C6DFBD40AC-FOLLOWER: reject ELECTION from 8b72257c-a75e-474b-98b3-56dadc4b3e72: already has voted for da8f3bd6-6313-4743-a67a-92c6eeaa827b at current term 2
2022-07-12 20:46:26,777 [grpc-default-executor-2] INFO  server.RaftServer$Division (RaftServerImpl.java:requestVote(1184)) - da8f3bd6-6313-4743-a67a-92c6eeaa827b@group-F8C6DFBD40AC replies to ELECTION vote request: 8b72257c-a75e-474b-98b3-56dadc4b3e72<-da8f3bd6-6313-4743-a67a-92c6eeaa827b#0:FAIL-t2. Peer's state: da8f3bd6-6313-4743-a67a-92c6eeaa827b@group-F8C6DFBD40AC:t2, leader=null, voted=da8f3bd6-6313-4743-a67a-92c6eeaa827b, raftlog=da8f3bd6-6313-4743-a67a-92c6eeaa827b@group-F8C6DFBD40AC-SegmentedRaftLog:OPENED:c-1, conf=-1: [da8f3bd6-6313-4743-a67a-92c6eeaa827b|rpc:10.1.0.33:35583|priority:0, 8b72257c-a75e-474b-98b3-56dadc4b3e72|rpc:10.1.0.33:36051|priority:1, f384af3f-b43c-4c77-9439-f4423bf7a7c1|rpc:10.1.0.33:35233|priority:0], old=null
2022-07-12 20:46:26,797 [grpc-default-executor-0] INFO  impl.VoteContext (VoteContext.java:log(48)) - f384af3f-b43c-4c77-9439-f4423bf7a7c1@group-F8C6DFBD40AC-FOLLOWER: accept ELECTION from da8f3bd6-6313-4743-a67a-92c6eeaa827b: our priority 0 <= candidate's priority 0
2022-07-12 20:46:26,797 [grpc-default-executor-0] INFO  server.RaftServer$Division (RaftServerImpl.java:setRole(299)) - f384af3f-b43c-4c77-9439-f4423bf7a7c1@group-F8C6DFBD40AC: changes role from  FOLLOWER to FOLLOWER at term 2 for candidate:da8f3bd6-6313-4743-a67a-92c6eeaa827b
2022-07-12 20:46:26,798 [grpc-default-executor-0] INFO  impl.RoleInfo (RoleInfo.java:shutdownFollowerState(110)) - f384af3f-b43c-4c77-9439-f4423bf7a7c1: shutdown f384af3f-b43c-4c77-9439-f4423bf7a7c1@group-F8C6DFBD40AC-FollowerState
2022-07-12 20:46:26,798 [grpc-default-executor-0] INFO  impl.RoleInfo (RoleInfo.java:updateAndGet(139)) - f384af3f-b43c-4c77-9439-f4423bf7a7c1: start f384af3f-b43c-4c77-9439-f4423bf7a7c1@group-F8C6DFBD40AC-FollowerState
2022-07-12 20:46:26,799 [f384af3f-b43c-4c77-9439-f4423bf7a7c1@group-F8C6DFBD40AC-FollowerState] INFO  impl.FollowerState (FollowerState.java:run(152)) - f384af3f-b43c-4c77-9439-f4423bf7a7c1@group-F8C6DFBD40AC-FollowerState was interrupted
2022-07-12 20:46:26,827 [grpc-default-executor-0] INFO  server.RaftServer$Division (RaftServerImpl.java:requestVote(1184)) - f384af3f-b43c-4c77-9439-f4423bf7a7c1@group-F8C6DFBD40AC replies to ELECTION vote request: da8f3bd6-6313-4743-a67a-92c6eeaa827b<-f384af3f-b43c-4c77-9439-f4423bf7a7c1#0:OK-t2. Peer's state: f384af3f-b43c-4c77-9439-f4423bf7a7c1@group-F8C6DFBD40AC:t2, leader=null, voted=da8f3bd6-6313-4743-a67a-92c6eeaa827b, raftlog=f384af3f-b43c-4c77-9439-f4423bf7a7c1@group-F8C6DFBD40AC-SegmentedRaftLog:OPENED:c-1, conf=-1: [da8f3bd6-6313-4743-a67a-92c6eeaa827b|rpc:10.1.0.33:35583|dataStream:|priority:0, 8b72257c-a75e-474b-98b3-56dadc4b3e72|rpc:10.1.0.33:36051|dataStream:|priority:1, f384af3f-b43c-4c77-9439-f4423bf7a7c1|rpc:10.1.0.33:35233|dataStream:|priority:0], old=null
2022-07-12 20:46:26,840 [grpc-default-executor-0] INFO  server.RaftServer$Division (RaftServerImpl.java:requestVote(1152)) - f384af3f-b43c-4c77-9439-f4423bf7a7c1@group-F8C6DFBD40AC: receive requestVote(ELECTION, 8b72257c-a75e-474b-98b3-56dadc4b3e72, group-F8C6DFBD40AC, 2, (t:0, i:0))
2022-07-12 20:46:26,840 [grpc-default-executor-0] INFO  impl.VoteContext (VoteContext.java:log(48)) - f384af3f-b43c-4c77-9439-f4423bf7a7c1@group-F8C6DFBD40AC-FOLLOWER: reject ELECTION from 8b72257c-a75e-474b-98b3-56dadc4b3e72: already has voted for da8f3bd6-6313-4743-a67a-92c6eeaa827b at current term 2
2022-07-12 20:46:26,841 [grpc-default-executor-0] INFO  server.RaftServer$Division (RaftServerImpl.java:requestVote(1184)) - f384af3f-b43c-4c77-9439-f4423bf7a7c1@group-F8C6DFBD40AC replies to ELECTION vote request: 8b72257c-a75e-474b-98b3-56dadc4b3e72<-f384af3f-b43c-4c77-9439-f4423bf7a7c1#0:FAIL-t2. Peer's state: f384af3f-b43c-4c77-9439-f4423bf7a7c1@group-F8C6DFBD40AC:t2, leader=null, voted=da8f3bd6-6313-4743-a67a-92c6eeaa827b, raftlog=f384af3f-b43c-4c77-9439-f4423bf7a7c1@group-F8C6DFBD40AC-SegmentedRaftLog:OPENED:c-1, conf=-1: [da8f3bd6-6313-4743-a67a-92c6eeaa827b|rpc:10.1.0.33:35583|dataStream:|priority:0, 8b72257c-a75e-474b-98b3-56dadc4b3e72|rpc:10.1.0.33:36051|dataStream:|priority:1, f384af3f-b43c-4c77-9439-f4423bf7a7c1|rpc:10.1.0.33:35233|dataStream:|priority:0], old=null
2022-07-12 20:46:26,855 [8b72257c-a75e-474b-98b3-56dadc4b3e72@group-F8C6DFBD40AC-LeaderElection61] INFO  impl.LeaderElection (LeaderElection.java:logAndReturn(90)) - 8b72257c-a75e-474b-98b3-56dadc4b3e72@group-F8C6DFBD40AC-LeaderElection61: ELECTION REJECTED received 2 response(s) and 0 exception(s):
2022-07-12 20:46:26,855 [8b72257c-a75e-474b-98b3-56dadc4b3e72@group-F8C6DFBD40AC-LeaderElection61] INFO  impl.LeaderElection (LeaderElection.java:logAndReturn(94)) -   Response 0: 8b72257c-a75e-474b-98b3-56dadc4b3e72<-da8f3bd6-6313-4743-a67a-92c6eeaa827b#0:FAIL-t2
2022-07-12 20:46:26,855 [8b72257c-a75e-474b-98b3-56dadc4b3e72@group-F8C6DFBD40AC-LeaderElection61] INFO  impl.LeaderElection (LeaderElection.java:logAndReturn(94)) -   Response 1: 8b72257c-a75e-474b-98b3-56dadc4b3e72<-f384af3f-b43c-4c77-9439-f4423bf7a7c1#0:FAIL-t2
2022-07-12 20:46:26,855 [8b72257c-a75e-474b-98b3-56dadc4b3e72@group-F8C6DFBD40AC-LeaderElection61] INFO  impl.LeaderElection (LeaderElection.java:askForVotes(312)) - 8b72257c-a75e-474b-98b3-56dadc4b3e72@group-F8C6DFBD40AC-LeaderElection61 ELECTION round 0: result REJECTED
2022-07-12 20:46:26,855 [8b72257c-a75e-474b-98b3-56dadc4b3e72@group-F8C6DFBD40AC-LeaderElection61] INFO  server.RaftServer$Division (RaftServerImpl.java:setRole(299)) - 8b72257c-a75e-474b-98b3-56dadc4b3e72@group-F8C6DFBD40AC: changes role from CANDIDATE to FOLLOWER at term 2 for REJECTED
2022-07-12 20:46:26,855 [8b72257c-a75e-474b-98b3-56dadc4b3e72@group-F8C6DFBD40AC-LeaderElection61] INFO  impl.RoleInfo (RoleInfo.java:shutdownLeaderElection(130)) - 8b72257c-a75e-474b-98b3-56dadc4b3e72: shutdown 8b72257c-a75e-474b-98b3-56dadc4b3e72@group-F8C6DFBD40AC-LeaderElection61
2022-07-12 20:46:26,855 [8b72257c-a75e-474b-98b3-56dadc4b3e72@group-F8C6DFBD40AC-LeaderElection61] INFO  impl.RoleInfo (RoleInfo.java:updateAndGet(139)) - 8b72257c-a75e-474b-98b3-56dadc4b3e72: start 8b72257c-a75e-474b-98b3-56dadc4b3e72@group-F8C6DFBD40AC-FollowerState
2022-07-12 20:46:27,057 [Listener at 127.0.0.1/39727] INFO  ozone.MiniOzoneClusterImpl (MiniOzoneClusterImpl.java:lambda$waitForClusterToBeReady$0(223)) - Nodes are ready. Got 3 of 3 DN Heartbeats.
2022-07-12 20:46:27,058 [Listener at 127.0.0.1/39727] INFO  ozone.MiniOzoneClusterImpl (MiniOzoneClusterImpl.java:lambda$waitForClusterToBeReady$0(226)) - Waiting for cluster to exit safe mode
2022-07-12 20:46:27,058 [Listener at 127.0.0.1/39727] INFO  ozone.MiniOzoneClusterImpl (MiniOzoneClusterImpl.java:lambda$waitForClusterToBeReady$0(228)) - SCM became leader
2022-07-12 20:46:28,058 [Listener at 127.0.0.1/39727] INFO  ozone.MiniOzoneClusterImpl (MiniOzoneClusterImpl.java:lambda$waitForClusterToBeReady$0(223)) - Nodes are ready. Got 3 of 3 DN Heartbeats.
2022-07-12 20:46:28,058 [Listener at 127.0.0.1/39727] INFO  ozone.MiniOzoneClusterImpl (MiniOzoneClusterImpl.java:lambda$waitForClusterToBeReady$0(226)) - Waiting for cluster to exit safe mode
2022-07-12 20:46:28,058 [Listener at 127.0.0.1/39727] INFO  ozone.MiniOzoneClusterImpl (MiniOzoneClusterImpl.java:lambda$waitForClusterToBeReady$0(228)) - SCM became leader
2022-07-12 20:46:29,058 [Listener at 127.0.0.1/39727] INFO  ozone.MiniOzoneClusterImpl (MiniOzoneClusterImpl.java:lambda$waitForClusterToBeReady$0(223)) - Nodes are ready. Got 3 of 3 DN Heartbeats.
2022-07-12 20:46:29,060 [Listener at 127.0.0.1/39727] INFO  ozone.MiniOzoneClusterImpl (MiniOzoneClusterImpl.java:lambda$waitForClusterToBeReady$0(226)) - Waiting for cluster to exit safe mode
2022-07-12 20:46:29,060 [Listener at 127.0.0.1/39727] INFO  ozone.MiniOzoneClusterImpl (MiniOzoneClusterImpl.java:lambda$waitForClusterToBeReady$0(228)) - SCM became leader
2022-07-12 20:46:30,060 [Listener at 127.0.0.1/39727] INFO  ozone.MiniOzoneClusterImpl (MiniOzoneClusterImpl.java:lambda$waitForClusterToBeReady$0(223)) - Nodes are ready. Got 3 of 3 DN Heartbeats.
2022-07-12 20:46:30,061 [Listener at 127.0.0.1/39727] INFO  ozone.MiniOzoneClusterImpl (MiniOzoneClusterImpl.java:lambda$waitForClusterToBeReady$0(226)) - Waiting for cluster to exit safe mode
2022-07-12 20:46:30,061 [Listener at 127.0.0.1/39727] INFO  ozone.MiniOzoneClusterImpl (MiniOzoneClusterImpl.java:lambda$waitForClusterToBeReady$0(228)) - SCM became leader
2022-07-12 20:46:31,061 [Listener at 127.0.0.1/39727] INFO  ozone.MiniOzoneClusterImpl (MiniOzoneClusterImpl.java:lambda$waitForClusterToBeReady$0(223)) - Nodes are ready. Got 3 of 3 DN Heartbeats.
2022-07-12 20:46:31,061 [Listener at 127.0.0.1/39727] INFO  ozone.MiniOzoneClusterImpl (MiniOzoneClusterImpl.java:lambda$waitForClusterToBeReady$0(226)) - Waiting for cluster to exit safe mode
2022-07-12 20:46:31,061 [Listener at 127.0.0.1/39727] INFO  ozone.MiniOzoneClusterImpl (MiniOzoneClusterImpl.java:lambda$waitForClusterToBeReady$0(228)) - SCM became leader
2022-07-12 20:46:31,596 [f384af3f-b43c-4c77-9439-f4423bf7a7c1@group-3848FEE6EDF4-FollowerState] INFO  impl.FollowerState (FollowerState.java:run(143)) - f384af3f-b43c-4c77-9439-f4423bf7a7c1@group-3848FEE6EDF4-FollowerState: change to CANDIDATE, lastRpcElapsedTime:5033764083ns, electionTimeout:5031ms
2022-07-12 20:46:31,596 [f384af3f-b43c-4c77-9439-f4423bf7a7c1@group-3848FEE6EDF4-FollowerState] INFO  impl.RoleInfo (RoleInfo.java:shutdownFollowerState(110)) - f384af3f-b43c-4c77-9439-f4423bf7a7c1: shutdown f384af3f-b43c-4c77-9439-f4423bf7a7c1@group-3848FEE6EDF4-FollowerState
2022-07-12 20:46:31,596 [f384af3f-b43c-4c77-9439-f4423bf7a7c1@group-3848FEE6EDF4-FollowerState] INFO  server.RaftServer$Division (RaftServerImpl.java:setRole(299)) - f384af3f-b43c-4c77-9439-f4423bf7a7c1@group-3848FEE6EDF4: changes role from  FOLLOWER to CANDIDATE at term 2 for changeToCandidate
2022-07-12 20:46:31,596 [f384af3f-b43c-4c77-9439-f4423bf7a7c1@group-3848FEE6EDF4-FollowerState] INFO  server.RaftServerConfigKeys (ConfUtils.java:logGet(46)) - raft.server.leaderelection.pre-vote = false (custom)
2022-07-12 20:46:31,596 [f384af3f-b43c-4c77-9439-f4423bf7a7c1@group-3848FEE6EDF4-FollowerState] INFO  impl.RoleInfo (RoleInfo.java:updateAndGet(139)) - f384af3f-b43c-4c77-9439-f4423bf7a7c1: start f384af3f-b43c-4c77-9439-f4423bf7a7c1@group-3848FEE6EDF4-LeaderElection63
2022-07-12 20:46:31,645 [f384af3f-b43c-4c77-9439-f4423bf7a7c1@group-3848FEE6EDF4-LeaderElection63] INFO  impl.LeaderElection (LeaderElection.java:askForVotes(310)) - f384af3f-b43c-4c77-9439-f4423bf7a7c1@group-3848FEE6EDF4-LeaderElection63 ELECTION round 0: submit vote requests at term 3 for -1: [da8f3bd6-6313-4743-a67a-92c6eeaa827b|rpc:10.1.0.33:35583|dataStream:|priority:1, 8b72257c-a75e-474b-98b3-56dadc4b3e72|rpc:10.1.0.33:36051|dataStream:|priority:0, f384af3f-b43c-4c77-9439-f4423bf7a7c1|rpc:10.1.0.33:35233|dataStream:|priority:0], old=null
2022-07-12 20:46:31,656 [grpc-default-executor-0] INFO  server.RaftServer$Division (RaftServerImpl.java:requestVote(1152)) - da8f3bd6-6313-4743-a67a-92c6eeaa827b@group-3848FEE6EDF4: receive requestVote(ELECTION, f384af3f-b43c-4c77-9439-f4423bf7a7c1, group-3848FEE6EDF4, 3, (t:0, i:0))
2022-07-12 20:46:31,657 [grpc-default-executor-0] INFO  impl.VoteContext (VoteContext.java:log(48)) - da8f3bd6-6313-4743-a67a-92c6eeaa827b@group-3848FEE6EDF4-FOLLOWER: reject ELECTION from f384af3f-b43c-4c77-9439-f4423bf7a7c1: our priority 1 > candidate's priority 0
2022-07-12 20:46:31,657 [grpc-default-executor-0] INFO  server.RaftServer$Division (RaftServerImpl.java:setRole(299)) - da8f3bd6-6313-4743-a67a-92c6eeaa827b@group-3848FEE6EDF4: changes role from  FOLLOWER to FOLLOWER at term 3 for candidate:f384af3f-b43c-4c77-9439-f4423bf7a7c1
2022-07-12 20:46:31,657 [grpc-default-executor-0] INFO  impl.RoleInfo (RoleInfo.java:shutdownFollowerState(110)) - da8f3bd6-6313-4743-a67a-92c6eeaa827b: shutdown da8f3bd6-6313-4743-a67a-92c6eeaa827b@group-3848FEE6EDF4-FollowerState
2022-07-12 20:46:31,663 [da8f3bd6-6313-4743-a67a-92c6eeaa827b@group-3848FEE6EDF4-FollowerState] INFO  impl.FollowerState (FollowerState.java:run(152)) - da8f3bd6-6313-4743-a67a-92c6eeaa827b@group-3848FEE6EDF4-FollowerState was interrupted
2022-07-12 20:46:31,663 [grpc-default-executor-0] INFO  impl.RoleInfo (RoleInfo.java:updateAndGet(139)) - da8f3bd6-6313-4743-a67a-92c6eeaa827b: start da8f3bd6-6313-4743-a67a-92c6eeaa827b@group-3848FEE6EDF4-FollowerState
2022-07-12 20:46:31,685 [grpc-default-executor-2] INFO  server.RaftServer$Division (RaftServerImpl.java:requestVote(1152)) - 8b72257c-a75e-474b-98b3-56dadc4b3e72@group-3848FEE6EDF4: receive requestVote(ELECTION, f384af3f-b43c-4c77-9439-f4423bf7a7c1, group-3848FEE6EDF4, 3, (t:0, i:0))
2022-07-12 20:46:31,686 [grpc-default-executor-2] INFO  impl.VoteContext (VoteContext.java:log(48)) - 8b72257c-a75e-474b-98b3-56dadc4b3e72@group-3848FEE6EDF4-FOLLOWER: accept ELECTION from f384af3f-b43c-4c77-9439-f4423bf7a7c1: our priority 0 <= candidate's priority 0
2022-07-12 20:46:31,686 [grpc-default-executor-2] INFO  server.RaftServer$Division (RaftServerImpl.java:setRole(299)) - 8b72257c-a75e-474b-98b3-56dadc4b3e72@group-3848FEE6EDF4: changes role from  FOLLOWER to FOLLOWER at term 3 for candidate:f384af3f-b43c-4c77-9439-f4423bf7a7c1
2022-07-12 20:46:31,686 [grpc-default-executor-2] INFO  impl.RoleInfo (RoleInfo.java:shutdownFollowerState(110)) - 8b72257c-a75e-474b-98b3-56dadc4b3e72: shutdown 8b72257c-a75e-474b-98b3-56dadc4b3e72@group-3848FEE6EDF4-FollowerState
2022-07-12 20:46:31,691 [grpc-default-executor-2] INFO  impl.RoleInfo (RoleInfo.java:updateAndGet(139)) - 8b72257c-a75e-474b-98b3-56dadc4b3e72: start 8b72257c-a75e-474b-98b3-56dadc4b3e72@group-3848FEE6EDF4-FollowerState
2022-07-12 20:46:31,691 [8b72257c-a75e-474b-98b3-56dadc4b3e72@group-3848FEE6EDF4-FollowerState] INFO  impl.FollowerState (FollowerState.java:run(152)) - 8b72257c-a75e-474b-98b3-56dadc4b3e72@group-3848FEE6EDF4-FollowerState was interrupted
2022-07-12 20:46:31,695 [grpc-default-executor-0] INFO  server.RaftServer$Division (RaftServerImpl.java:requestVote(1184)) - da8f3bd6-6313-4743-a67a-92c6eeaa827b@group-3848FEE6EDF4 replies to ELECTION vote request: f384af3f-b43c-4c77-9439-f4423bf7a7c1<-da8f3bd6-6313-4743-a67a-92c6eeaa827b#0:FAIL-t3. Peer's state: da8f3bd6-6313-4743-a67a-92c6eeaa827b@group-3848FEE6EDF4:t3, leader=null, voted=null, raftlog=da8f3bd6-6313-4743-a67a-92c6eeaa827b@group-3848FEE6EDF4-SegmentedRaftLog:OPENED:c-1, conf=-1: [da8f3bd6-6313-4743-a67a-92c6eeaa827b|rpc:10.1.0.33:35583|priority:1, 8b72257c-a75e-474b-98b3-56dadc4b3e72|rpc:10.1.0.33:36051|priority:0, f384af3f-b43c-4c77-9439-f4423bf7a7c1|rpc:10.1.0.33:35233|priority:0], old=null
2022-07-12 20:46:31,733 [f384af3f-b43c-4c77-9439-f4423bf7a7c1@group-3848FEE6EDF4-LeaderElection63] INFO  impl.LeaderElection (LeaderElection.java:logAndReturn(90)) - f384af3f-b43c-4c77-9439-f4423bf7a7c1@group-3848FEE6EDF4-LeaderElection63: ELECTION REJECTED received 1 response(s) and 0 exception(s):
2022-07-12 20:46:31,733 [f384af3f-b43c-4c77-9439-f4423bf7a7c1@group-3848FEE6EDF4-LeaderElection63] INFO  impl.LeaderElection (LeaderElection.java:logAndReturn(94)) -   Response 0: f384af3f-b43c-4c77-9439-f4423bf7a7c1<-da8f3bd6-6313-4743-a67a-92c6eeaa827b#0:FAIL-t3
2022-07-12 20:46:31,733 [f384af3f-b43c-4c77-9439-f4423bf7a7c1@group-3848FEE6EDF4-LeaderElection63] INFO  impl.LeaderElection (LeaderElection.java:askForVotes(312)) - f384af3f-b43c-4c77-9439-f4423bf7a7c1@group-3848FEE6EDF4-LeaderElection63 ELECTION round 0: result REJECTED
2022-07-12 20:46:31,733 [f384af3f-b43c-4c77-9439-f4423bf7a7c1@group-3848FEE6EDF4-LeaderElection63] INFO  server.RaftServer$Division (RaftServerImpl.java:setRole(299)) - f384af3f-b43c-4c77-9439-f4423bf7a7c1@group-3848FEE6EDF4: changes role from CANDIDATE to FOLLOWER at term 3 for REJECTED
2022-07-12 20:46:31,733 [f384af3f-b43c-4c77-9439-f4423bf7a7c1@group-3848FEE6EDF4-LeaderElection63] INFO  impl.RoleInfo (RoleInfo.java:shutdownLeaderElection(130)) - f384af3f-b43c-4c77-9439-f4423bf7a7c1: shutdown f384af3f-b43c-4c77-9439-f4423bf7a7c1@group-3848FEE6EDF4-LeaderElection63
2022-07-12 20:46:31,733 [f384af3f-b43c-4c77-9439-f4423bf7a7c1@group-3848FEE6EDF4-LeaderElection63] INFO  impl.RoleInfo (RoleInfo.java:updateAndGet(139)) - f384af3f-b43c-4c77-9439-f4423bf7a7c1: start f384af3f-b43c-4c77-9439-f4423bf7a7c1@group-3848FEE6EDF4-FollowerState
2022-07-12 20:46:31,734 [grpc-default-executor-2] INFO  server.RaftServer$Division (RaftServerImpl.java:requestVote(1184)) - 8b72257c-a75e-474b-98b3-56dadc4b3e72@group-3848FEE6EDF4 replies to ELECTION vote request: f384af3f-b43c-4c77-9439-f4423bf7a7c1<-8b72257c-a75e-474b-98b3-56dadc4b3e72#0:OK-t3. Peer's state: 8b72257c-a75e-474b-98b3-56dadc4b3e72@group-3848FEE6EDF4:t3, leader=null, voted=f384af3f-b43c-4c77-9439-f4423bf7a7c1, raftlog=8b72257c-a75e-474b-98b3-56dadc4b3e72@group-3848FEE6EDF4-SegmentedRaftLog:OPENED:c-1, conf=-1: [da8f3bd6-6313-4743-a67a-92c6eeaa827b|rpc:10.1.0.33:35583|dataStream:|priority:1, 8b72257c-a75e-474b-98b3-56dadc4b3e72|rpc:10.1.0.33:36051|dataStream:|priority:0, f384af3f-b43c-4c77-9439-f4423bf7a7c1|rpc:10.1.0.33:35233|dataStream:|priority:0], old=null
2022-07-12 20:46:31,779 [da8f3bd6-6313-4743-a67a-92c6eeaa827b@group-F8C6DFBD40AC-FollowerState] INFO  impl.FollowerState (FollowerState.java:run(143)) - da8f3bd6-6313-4743-a67a-92c6eeaa827b@group-F8C6DFBD40AC-FollowerState: change to CANDIDATE, lastRpcElapsedTime:5008083782ns, electionTimeout:5000ms
2022-07-12 20:46:31,779 [da8f3bd6-6313-4743-a67a-92c6eeaa827b@group-F8C6DFBD40AC-FollowerState] INFO  impl.RoleInfo (RoleInfo.java:shutdownFollowerState(110)) - da8f3bd6-6313-4743-a67a-92c6eeaa827b: shutdown da8f3bd6-6313-4743-a67a-92c6eeaa827b@group-F8C6DFBD40AC-FollowerState
2022-07-12 20:46:31,779 [da8f3bd6-6313-4743-a67a-92c6eeaa827b@group-F8C6DFBD40AC-FollowerState] INFO  server.RaftServer$Division (RaftServerImpl.java:setRole(299)) - da8f3bd6-6313-4743-a67a-92c6eeaa827b@group-F8C6DFBD40AC: changes role from  FOLLOWER to CANDIDATE at term 2 for changeToCandidate
2022-07-12 20:46:31,779 [da8f3bd6-6313-4743-a67a-92c6eeaa827b@group-F8C6DFBD40AC-FollowerState] INFO  server.RaftServerConfigKeys (ConfUtils.java:logGet(46)) - raft.server.leaderelection.pre-vote = false (custom)
2022-07-12 20:46:31,779 [da8f3bd6-6313-4743-a67a-92c6eeaa827b@group-F8C6DFBD40AC-FollowerState] INFO  impl.RoleInfo (RoleInfo.java:updateAndGet(139)) - da8f3bd6-6313-4743-a67a-92c6eeaa827b: start da8f3bd6-6313-4743-a67a-92c6eeaa827b@group-F8C6DFBD40AC-LeaderElection64
2022-07-12 20:46:31,815 [da8f3bd6-6313-4743-a67a-92c6eeaa827b@group-F8C6DFBD40AC-LeaderElection64] INFO  impl.LeaderElection (LeaderElection.java:askForVotes(310)) - da8f3bd6-6313-4743-a67a-92c6eeaa827b@group-F8C6DFBD40AC-LeaderElection64 ELECTION round 0: submit vote requests at term 3 for -1: [da8f3bd6-6313-4743-a67a-92c6eeaa827b|rpc:10.1.0.33:35583|priority:0, 8b72257c-a75e-474b-98b3-56dadc4b3e72|rpc:10.1.0.33:36051|priority:1, f384af3f-b43c-4c77-9439-f4423bf7a7c1|rpc:10.1.0.33:35233|priority:0], old=null
2022-07-12 20:46:31,824 [grpc-default-executor-2] INFO  server.RaftServer$Division (RaftServerImpl.java:requestVote(1152)) - 8b72257c-a75e-474b-98b3-56dadc4b3e72@group-F8C6DFBD40AC: receive requestVote(ELECTION, da8f3bd6-6313-4743-a67a-92c6eeaa827b, group-F8C6DFBD40AC, 3, (t:0, i:0))
2022-07-12 20:46:31,824 [grpc-default-executor-2] INFO  impl.VoteContext (VoteContext.java:log(48)) - 8b72257c-a75e-474b-98b3-56dadc4b3e72@group-F8C6DFBD40AC-FOLLOWER: reject ELECTION from da8f3bd6-6313-4743-a67a-92c6eeaa827b: our priority 1 > candidate's priority 0
2022-07-12 20:46:31,824 [grpc-default-executor-2] INFO  server.RaftServer$Division (RaftServerImpl.java:setRole(299)) - 8b72257c-a75e-474b-98b3-56dadc4b3e72@group-F8C6DFBD40AC: changes role from  FOLLOWER to FOLLOWER at term 3 for candidate:da8f3bd6-6313-4743-a67a-92c6eeaa827b
2022-07-12 20:46:31,824 [grpc-default-executor-2] INFO  impl.RoleInfo (RoleInfo.java:shutdownFollowerState(110)) - 8b72257c-a75e-474b-98b3-56dadc4b3e72: shutdown 8b72257c-a75e-474b-98b3-56dadc4b3e72@group-F8C6DFBD40AC-FollowerState
2022-07-12 20:46:31,825 [grpc-default-executor-2] INFO  impl.RoleInfo (RoleInfo.java:updateAndGet(139)) - 8b72257c-a75e-474b-98b3-56dadc4b3e72: start 8b72257c-a75e-474b-98b3-56dadc4b3e72@group-F8C6DFBD40AC-FollowerState
2022-07-12 20:46:31,826 [8b72257c-a75e-474b-98b3-56dadc4b3e72@group-F8C6DFBD40AC-FollowerState] INFO  impl.FollowerState (FollowerState.java:run(152)) - 8b72257c-a75e-474b-98b3-56dadc4b3e72@group-F8C6DFBD40AC-FollowerState was interrupted
2022-07-12 20:46:31,829 [grpc-default-executor-0] INFO  server.RaftServer$Division (RaftServerImpl.java:requestVote(1152)) - f384af3f-b43c-4c77-9439-f4423bf7a7c1@group-F8C6DFBD40AC: receive requestVote(ELECTION, da8f3bd6-6313-4743-a67a-92c6eeaa827b, group-F8C6DFBD40AC, 3, (t:0, i:0))
2022-07-12 20:46:31,829 [grpc-default-executor-0] INFO  impl.VoteContext (VoteContext.java:log(48)) - f384af3f-b43c-4c77-9439-f4423bf7a7c1@group-F8C6DFBD40AC-FOLLOWER: accept ELECTION from da8f3bd6-6313-4743-a67a-92c6eeaa827b: our priority 0 <= candidate's priority 0
2022-07-12 20:46:31,829 [grpc-default-executor-0] INFO  server.RaftServer$Division (RaftServerImpl.java:setRole(299)) - f384af3f-b43c-4c77-9439-f4423bf7a7c1@group-F8C6DFBD40AC: changes role from  FOLLOWER to FOLLOWER at term 3 for candidate:da8f3bd6-6313-4743-a67a-92c6eeaa827b
2022-07-12 20:46:31,829 [grpc-default-executor-0] INFO  impl.RoleInfo (RoleInfo.java:shutdownFollowerState(110)) - f384af3f-b43c-4c77-9439-f4423bf7a7c1: shutdown f384af3f-b43c-4c77-9439-f4423bf7a7c1@group-F8C6DFBD40AC-FollowerState
2022-07-12 20:46:31,842 [grpc-default-executor-0] INFO  impl.RoleInfo (RoleInfo.java:updateAndGet(139)) - f384af3f-b43c-4c77-9439-f4423bf7a7c1: start f384af3f-b43c-4c77-9439-f4423bf7a7c1@group-F8C6DFBD40AC-FollowerState
2022-07-12 20:46:31,843 [grpc-default-executor-2] INFO  server.RaftServer$Division (RaftServerImpl.java:requestVote(1184)) - 8b72257c-a75e-474b-98b3-56dadc4b3e72@group-F8C6DFBD40AC replies to ELECTION vote request: da8f3bd6-6313-4743-a67a-92c6eeaa827b<-8b72257c-a75e-474b-98b3-56dadc4b3e72#0:FAIL-t3. Peer's state: 8b72257c-a75e-474b-98b3-56dadc4b3e72@group-F8C6DFBD40AC:t3, leader=null, voted=null, raftlog=8b72257c-a75e-474b-98b3-56dadc4b3e72@group-F8C6DFBD40AC-SegmentedRaftLog:OPENED:c-1, conf=-1: [da8f3bd6-6313-4743-a67a-92c6eeaa827b|rpc:10.1.0.33:35583|dataStream:|priority:0, 8b72257c-a75e-474b-98b3-56dadc4b3e72|rpc:10.1.0.33:36051|dataStream:|priority:1, f384af3f-b43c-4c77-9439-f4423bf7a7c1|rpc:10.1.0.33:35233|dataStream:|priority:0], old=null
2022-07-12 20:46:31,846 [da8f3bd6-6313-4743-a67a-92c6eeaa827b@group-F8C6DFBD40AC-LeaderElection64] INFO  impl.LeaderElection (LeaderElection.java:logAndReturn(90)) - da8f3bd6-6313-4743-a67a-92c6eeaa827b@group-F8C6DFBD40AC-LeaderElection64: ELECTION REJECTED received 1 response(s) and 0 exception(s):
2022-07-12 20:46:31,846 [da8f3bd6-6313-4743-a67a-92c6eeaa827b@group-F8C6DFBD40AC-LeaderElection64] INFO  impl.LeaderElection (LeaderElection.java:logAndReturn(94)) -   Response 0: da8f3bd6-6313-4743-a67a-92c6eeaa827b<-8b72257c-a75e-474b-98b3-56dadc4b3e72#0:FAIL-t3
2022-07-12 20:46:31,846 [da8f3bd6-6313-4743-a67a-92c6eeaa827b@group-F8C6DFBD40AC-LeaderElection64] INFO  impl.LeaderElection (LeaderElection.java:askForVotes(312)) - da8f3bd6-6313-4743-a67a-92c6eeaa827b@group-F8C6DFBD40AC-LeaderElection64 ELECTION round 0: result REJECTED
2022-07-12 20:46:31,846 [da8f3bd6-6313-4743-a67a-92c6eeaa827b@group-F8C6DFBD40AC-LeaderElection64] INFO  server.RaftServer$Division (RaftServerImpl.java:setRole(299)) - da8f3bd6-6313-4743-a67a-92c6eeaa827b@group-F8C6DFBD40AC: changes role from CANDIDATE to FOLLOWER at term 3 for REJECTED
2022-07-12 20:46:31,846 [da8f3bd6-6313-4743-a67a-92c6eeaa827b@group-F8C6DFBD40AC-LeaderElection64] INFO  impl.RoleInfo (RoleInfo.java:shutdownLeaderElection(130)) - da8f3bd6-6313-4743-a67a-92c6eeaa827b: shutdown da8f3bd6-6313-4743-a67a-92c6eeaa827b@group-F8C6DFBD40AC-LeaderElection64
2022-07-12 20:46:31,846 [da8f3bd6-6313-4743-a67a-92c6eeaa827b@group-F8C6DFBD40AC-LeaderElection64] INFO  impl.RoleInfo (RoleInfo.java:updateAndGet(139)) - da8f3bd6-6313-4743-a67a-92c6eeaa827b: start da8f3bd6-6313-4743-a67a-92c6eeaa827b@group-F8C6DFBD40AC-FollowerState
2022-07-12 20:46:31,847 [grpc-default-executor-0] INFO  server.RaftServer$Division (RaftServerImpl.java:requestVote(1184)) - f384af3f-b43c-4c77-9439-f4423bf7a7c1@group-F8C6DFBD40AC replies to ELECTION vote request: da8f3bd6-6313-4743-a67a-92c6eeaa827b<-f384af3f-b43c-4c77-9439-f4423bf7a7c1#0:OK-t3. Peer's state: f384af3f-b43c-4c77-9439-f4423bf7a7c1@group-F8C6DFBD40AC:t3, leader=null, voted=da8f3bd6-6313-4743-a67a-92c6eeaa827b, raftlog=f384af3f-b43c-4c77-9439-f4423bf7a7c1@group-F8C6DFBD40AC-SegmentedRaftLog:OPENED:c-1, conf=-1: [da8f3bd6-6313-4743-a67a-92c6eeaa827b|rpc:10.1.0.33:35583|dataStream:|priority:0, 8b72257c-a75e-474b-98b3-56dadc4b3e72|rpc:10.1.0.33:36051|dataStream:|priority:1, f384af3f-b43c-4c77-9439-f4423bf7a7c1|rpc:10.1.0.33:35233|dataStream:|priority:0], old=null
2022-07-12 20:46:31,875 [f384af3f-b43c-4c77-9439-f4423bf7a7c1@group-F8C6DFBD40AC-FollowerState] INFO  impl.FollowerState (FollowerState.java:run(152)) - f384af3f-b43c-4c77-9439-f4423bf7a7c1@group-F8C6DFBD40AC-FollowerState was interrupted
2022-07-12 20:46:32,061 [Listener at 127.0.0.1/39727] INFO  ozone.MiniOzoneClusterImpl (MiniOzoneClusterImpl.java:lambda$waitForClusterToBeReady$0(223)) - Nodes are ready. Got 3 of 3 DN Heartbeats.
2022-07-12 20:46:32,062 [Listener at 127.0.0.1/39727] INFO  ozone.MiniOzoneClusterImpl (MiniOzoneClusterImpl.java:lambda$waitForClusterToBeReady$0(226)) - Waiting for cluster to exit safe mode
2022-07-12 20:46:32,062 [Listener at 127.0.0.1/39727] INFO  ozone.MiniOzoneClusterImpl (MiniOzoneClusterImpl.java:lambda$waitForClusterToBeReady$0(228)) - SCM became leader
2022-07-12 20:46:33,062 [Listener at 127.0.0.1/39727] INFO  ozone.MiniOzoneClusterImpl (MiniOzoneClusterImpl.java:lambda$waitForClusterToBeReady$0(223)) - Nodes are ready. Got 3 of 3 DN Heartbeats.
2022-07-12 20:46:33,062 [Listener at 127.0.0.1/39727] INFO  ozone.MiniOzoneClusterImpl (MiniOzoneClusterImpl.java:lambda$waitForClusterToBeReady$0(226)) - Waiting for cluster to exit safe mode
2022-07-12 20:46:33,062 [Listener at 127.0.0.1/39727] INFO  ozone.MiniOzoneClusterImpl (MiniOzoneClusterImpl.java:lambda$waitForClusterToBeReady$0(228)) - SCM became leader
2022-07-12 20:46:34,064 [Listener at 127.0.0.1/39727] INFO  ozone.MiniOzoneClusterImpl (MiniOzoneClusterImpl.java:lambda$waitForClusterToBeReady$0(223)) - Nodes are ready. Got 3 of 3 DN Heartbeats.
2022-07-12 20:46:34,064 [Listener at 127.0.0.1/39727] INFO  ozone.MiniOzoneClusterImpl (MiniOzoneClusterImpl.java:lambda$waitForClusterToBeReady$0(226)) - Waiting for cluster to exit safe mode
2022-07-12 20:46:34,064 [Listener at 127.0.0.1/39727] INFO  ozone.MiniOzoneClusterImpl (MiniOzoneClusterImpl.java:lambda$waitForClusterToBeReady$0(228)) - SCM became leader
2022-07-12 20:46:35,064 [Listener at 127.0.0.1/39727] INFO  ozone.MiniOzoneClusterImpl (MiniOzoneClusterImpl.java:lambda$waitForClusterToBeReady$0(223)) - Nodes are ready. Got 3 of 3 DN Heartbeats.
2022-07-12 20:46:35,065 [Listener at 127.0.0.1/39727] INFO  ozone.MiniOzoneClusterImpl (MiniOzoneClusterImpl.java:lambda$waitForClusterToBeReady$0(226)) - Waiting for cluster to exit safe mode
2022-07-12 20:46:35,065 [Listener at 127.0.0.1/39727] INFO  ozone.MiniOzoneClusterImpl (MiniOzoneClusterImpl.java:lambda$waitForClusterToBeReady$0(228)) - SCM became leader
2022-07-12 20:46:36,065 [Listener at 127.0.0.1/39727] INFO  ozone.MiniOzoneClusterImpl (MiniOzoneClusterImpl.java:lambda$waitForClusterToBeReady$0(223)) - Nodes are ready. Got 3 of 3 DN Heartbeats.
2022-07-12 20:46:36,065 [Listener at 127.0.0.1/39727] INFO  ozone.MiniOzoneClusterImpl (MiniOzoneClusterImpl.java:lambda$waitForClusterToBeReady$0(226)) - Waiting for cluster to exit safe mode
2022-07-12 20:46:36,065 [Listener at 127.0.0.1/39727] INFO  ozone.MiniOzoneClusterImpl (MiniOzoneClusterImpl.java:lambda$waitForClusterToBeReady$0(228)) - SCM became leader
2022-07-12 20:46:36,791 [da8f3bd6-6313-4743-a67a-92c6eeaa827b@group-3848FEE6EDF4-FollowerState] INFO  impl.FollowerState (FollowerState.java:run(143)) - da8f3bd6-6313-4743-a67a-92c6eeaa827b@group-3848FEE6EDF4-FollowerState: change to CANDIDATE, lastRpcElapsedTime:5128055273ns, electionTimeout:5068ms
2022-07-12 20:46:36,791 [da8f3bd6-6313-4743-a67a-92c6eeaa827b@group-3848FEE6EDF4-FollowerState] INFO  impl.RoleInfo (RoleInfo.java:shutdownFollowerState(110)) - da8f3bd6-6313-4743-a67a-92c6eeaa827b: shutdown da8f3bd6-6313-4743-a67a-92c6eeaa827b@group-3848FEE6EDF4-FollowerState
2022-07-12 20:46:36,791 [da8f3bd6-6313-4743-a67a-92c6eeaa827b@group-3848FEE6EDF4-FollowerState] INFO  server.RaftServer$Division (RaftServerImpl.java:setRole(299)) - da8f3bd6-6313-4743-a67a-92c6eeaa827b@group-3848FEE6EDF4: changes role from  FOLLOWER to CANDIDATE at term 3 for changeToCandidate
2022-07-12 20:46:36,791 [da8f3bd6-6313-4743-a67a-92c6eeaa827b@group-3848FEE6EDF4-FollowerState] INFO  server.RaftServerConfigKeys (ConfUtils.java:logGet(46)) - raft.server.leaderelection.pre-vote = false (custom)
2022-07-12 20:46:36,791 [da8f3bd6-6313-4743-a67a-92c6eeaa827b@group-3848FEE6EDF4-FollowerState] INFO  impl.RoleInfo (RoleInfo.java:updateAndGet(139)) - da8f3bd6-6313-4743-a67a-92c6eeaa827b: start da8f3bd6-6313-4743-a67a-92c6eeaa827b@group-3848FEE6EDF4-LeaderElection65
2022-07-12 20:46:36,827 [da8f3bd6-6313-4743-a67a-92c6eeaa827b@group-3848FEE6EDF4-LeaderElection65] INFO  impl.LeaderElection (LeaderElection.java:askForVotes(310)) - da8f3bd6-6313-4743-a67a-92c6eeaa827b@group-3848FEE6EDF4-LeaderElection65 ELECTION round 0: submit vote requests at term 4 for -1: [da8f3bd6-6313-4743-a67a-92c6eeaa827b|rpc:10.1.0.33:35583|priority:1, 8b72257c-a75e-474b-98b3-56dadc4b3e72|rpc:10.1.0.33:36051|priority:0, f384af3f-b43c-4c77-9439-f4423bf7a7c1|rpc:10.1.0.33:35233|priority:0], old=null
2022-07-12 20:46:36,851 [grpc-default-executor-0] INFO  server.RaftServer$Division (RaftServerImpl.java:requestVote(1152)) - 8b72257c-a75e-474b-98b3-56dadc4b3e72@group-3848FEE6EDF4: receive requestVote(ELECTION, da8f3bd6-6313-4743-a67a-92c6eeaa827b, group-3848FEE6EDF4, 4, (t:0, i:0))
2022-07-12 20:46:36,851 [grpc-default-executor-0] INFO  impl.VoteContext (VoteContext.java:log(48)) - 8b72257c-a75e-474b-98b3-56dadc4b3e72@group-3848FEE6EDF4-FOLLOWER: accept ELECTION from da8f3bd6-6313-4743-a67a-92c6eeaa827b: our priority 0 <= candidate's priority 1
2022-07-12 20:46:36,851 [grpc-default-executor-0] INFO  server.RaftServer$Division (RaftServerImpl.java:setRole(299)) - 8b72257c-a75e-474b-98b3-56dadc4b3e72@group-3848FEE6EDF4: changes role from  FOLLOWER to FOLLOWER at term 4 for candidate:da8f3bd6-6313-4743-a67a-92c6eeaa827b
2022-07-12 20:46:36,851 [grpc-default-executor-0] INFO  impl.RoleInfo (RoleInfo.java:shutdownFollowerState(110)) - 8b72257c-a75e-474b-98b3-56dadc4b3e72: shutdown 8b72257c-a75e-474b-98b3-56dadc4b3e72@group-3848FEE6EDF4-FollowerState
2022-07-12 20:46:36,851 [grpc-default-executor-0] INFO  impl.RoleInfo (RoleInfo.java:updateAndGet(139)) - 8b72257c-a75e-474b-98b3-56dadc4b3e72: start 8b72257c-a75e-474b-98b3-56dadc4b3e72@group-3848FEE6EDF4-FollowerState
2022-07-12 20:46:36,851 [8b72257c-a75e-474b-98b3-56dadc4b3e72@group-3848FEE6EDF4-FollowerState] INFO  impl.FollowerState (FollowerState.java:run(152)) - 8b72257c-a75e-474b-98b3-56dadc4b3e72@group-3848FEE6EDF4-FollowerState was interrupted
2022-07-12 20:46:36,854 [grpc-default-executor-2] INFO  server.RaftServer$Division (RaftServerImpl.java:requestVote(1152)) - f384af3f-b43c-4c77-9439-f4423bf7a7c1@group-3848FEE6EDF4: receive requestVote(ELECTION, da8f3bd6-6313-4743-a67a-92c6eeaa827b, group-3848FEE6EDF4, 4, (t:0, i:0))
2022-07-12 20:46:36,854 [grpc-default-executor-2] INFO  impl.VoteContext (VoteContext.java:log(48)) - f384af3f-b43c-4c77-9439-f4423bf7a7c1@group-3848FEE6EDF4-FOLLOWER: accept ELECTION from da8f3bd6-6313-4743-a67a-92c6eeaa827b: our priority 0 <= candidate's priority 1
2022-07-12 20:46:36,854 [grpc-default-executor-2] INFO  server.RaftServer$Division (RaftServerImpl.java:setRole(299)) - f384af3f-b43c-4c77-9439-f4423bf7a7c1@group-3848FEE6EDF4: changes role from  FOLLOWER to FOLLOWER at term 4 for candidate:da8f3bd6-6313-4743-a67a-92c6eeaa827b
2022-07-12 20:46:36,854 [grpc-default-executor-2] INFO  impl.RoleInfo (RoleInfo.java:shutdownFollowerState(110)) - f384af3f-b43c-4c77-9439-f4423bf7a7c1: shutdown f384af3f-b43c-4c77-9439-f4423bf7a7c1@group-3848FEE6EDF4-FollowerState
2022-07-12 20:46:36,875 [grpc-default-executor-2] INFO  impl.RoleInfo (RoleInfo.java:updateAndGet(139)) - f384af3f-b43c-4c77-9439-f4423bf7a7c1: start f384af3f-b43c-4c77-9439-f4423bf7a7c1@group-3848FEE6EDF4-FollowerState
2022-07-12 20:46:36,895 [f384af3f-b43c-4c77-9439-f4423bf7a7c1@group-3848FEE6EDF4-FollowerState] INFO  impl.FollowerState (FollowerState.java:run(152)) - f384af3f-b43c-4c77-9439-f4423bf7a7c1@group-3848FEE6EDF4-FollowerState was interrupted
2022-07-12 20:46:36,899 [grpc-default-executor-2] INFO  server.RaftServer$Division (RaftServerImpl.java:requestVote(1184)) - f384af3f-b43c-4c77-9439-f4423bf7a7c1@group-3848FEE6EDF4 replies to ELECTION vote request: da8f3bd6-6313-4743-a67a-92c6eeaa827b<-f384af3f-b43c-4c77-9439-f4423bf7a7c1#0:OK-t4. Peer's state: f384af3f-b43c-4c77-9439-f4423bf7a7c1@group-3848FEE6EDF4:t4, leader=null, voted=da8f3bd6-6313-4743-a67a-92c6eeaa827b, raftlog=f384af3f-b43c-4c77-9439-f4423bf7a7c1@group-3848FEE6EDF4-SegmentedRaftLog:OPENED:c-1, conf=-1: [da8f3bd6-6313-4743-a67a-92c6eeaa827b|rpc:10.1.0.33:35583|dataStream:|priority:1, 8b72257c-a75e-474b-98b3-56dadc4b3e72|rpc:10.1.0.33:36051|dataStream:|priority:0, f384af3f-b43c-4c77-9439-f4423bf7a7c1|rpc:10.1.0.33:35233|dataStream:|priority:0], old=null
2022-07-12 20:46:36,900 [grpc-default-executor-0] INFO  server.RaftServer$Division (RaftServerImpl.java:requestVote(1184)) - 8b72257c-a75e-474b-98b3-56dadc4b3e72@group-3848FEE6EDF4 replies to ELECTION vote request: da8f3bd6-6313-4743-a67a-92c6eeaa827b<-8b72257c-a75e-474b-98b3-56dadc4b3e72#0:OK-t4. Peer's state: 8b72257c-a75e-474b-98b3-56dadc4b3e72@group-3848FEE6EDF4:t4, leader=null, voted=da8f3bd6-6313-4743-a67a-92c6eeaa827b, raftlog=8b72257c-a75e-474b-98b3-56dadc4b3e72@group-3848FEE6EDF4-SegmentedRaftLog:OPENED:c-1, conf=-1: [da8f3bd6-6313-4743-a67a-92c6eeaa827b|rpc:10.1.0.33:35583|dataStream:|priority:1, 8b72257c-a75e-474b-98b3-56dadc4b3e72|rpc:10.1.0.33:36051|dataStream:|priority:0, f384af3f-b43c-4c77-9439-f4423bf7a7c1|rpc:10.1.0.33:35233|dataStream:|priority:0], old=null
2022-07-12 20:46:36,901 [da8f3bd6-6313-4743-a67a-92c6eeaa827b@group-3848FEE6EDF4-LeaderElection65] INFO  impl.LeaderElection (LeaderElection.java:logAndReturn(90)) - da8f3bd6-6313-4743-a67a-92c6eeaa827b@group-3848FEE6EDF4-LeaderElection65: ELECTION PASSED received 1 response(s) and 0 exception(s):
2022-07-12 20:46:36,901 [da8f3bd6-6313-4743-a67a-92c6eeaa827b@group-3848FEE6EDF4-LeaderElection65] INFO  impl.LeaderElection (LeaderElection.java:logAndReturn(94)) -   Response 0: da8f3bd6-6313-4743-a67a-92c6eeaa827b<-f384af3f-b43c-4c77-9439-f4423bf7a7c1#0:OK-t4
2022-07-12 20:46:36,901 [da8f3bd6-6313-4743-a67a-92c6eeaa827b@group-3848FEE6EDF4-LeaderElection65] INFO  impl.LeaderElection (LeaderElection.java:askForVotes(312)) - da8f3bd6-6313-4743-a67a-92c6eeaa827b@group-3848FEE6EDF4-LeaderElection65 ELECTION round 0: result PASSED
2022-07-12 20:46:36,901 [da8f3bd6-6313-4743-a67a-92c6eeaa827b@group-3848FEE6EDF4-LeaderElection65] INFO  impl.RoleInfo (RoleInfo.java:shutdownLeaderElection(130)) - da8f3bd6-6313-4743-a67a-92c6eeaa827b: shutdown da8f3bd6-6313-4743-a67a-92c6eeaa827b@group-3848FEE6EDF4-LeaderElection65
2022-07-12 20:46:36,901 [da8f3bd6-6313-4743-a67a-92c6eeaa827b@group-3848FEE6EDF4-LeaderElection65] INFO  server.RaftServer$Division (RaftServerImpl.java:setRole(299)) - da8f3bd6-6313-4743-a67a-92c6eeaa827b@group-3848FEE6EDF4: changes role from CANDIDATE to LEADER at term 4 for changeToLeader
2022-07-12 20:46:36,902 [da8f3bd6-6313-4743-a67a-92c6eeaa827b@group-3848FEE6EDF4-LeaderElection65] INFO  ratis.XceiverServerRatis (XceiverServerRatis.java:handleLeaderChangedNotification(863)) - Leader change notification received for group: group-3848FEE6EDF4 with new leaderId: da8f3bd6-6313-4743-a67a-92c6eeaa827b
2022-07-12 20:46:36,902 [da8f3bd6-6313-4743-a67a-92c6eeaa827b@group-3848FEE6EDF4-LeaderElection65] INFO  server.RaftServer$Division (ServerState.java:setLeader(287)) - da8f3bd6-6313-4743-a67a-92c6eeaa827b@group-3848FEE6EDF4: change Leader from null to da8f3bd6-6313-4743-a67a-92c6eeaa827b at term 4 for becomeLeader, leader elected after 20902ms
2022-07-12 20:46:36,902 [da8f3bd6-6313-4743-a67a-92c6eeaa827b@group-3848FEE6EDF4-LeaderElection65] INFO  server.RaftServerConfigKeys (ConfUtils.java:logGet(46)) - raft.server.staging.catchup.gap = 1000 (default)
2022-07-12 20:46:36,902 [da8f3bd6-6313-4743-a67a-92c6eeaa827b@group-3848FEE6EDF4-LeaderElection65] INFO  server.RaftServerConfigKeys (ConfUtils.java:logGet(46)) - raft.server.write.element-limit = 1024 (custom)
2022-07-12 20:46:36,902 [da8f3bd6-6313-4743-a67a-92c6eeaa827b@group-3848FEE6EDF4-LeaderElection65] INFO  server.RaftServerConfigKeys (ConfUtils.java:logGet(46)) - raft.server.write.byte-limit = 1024 M (=1073741824) (custom)
2022-07-12 20:46:36,902 [da8f3bd6-6313-4743-a67a-92c6eeaa827b@group-3848FEE6EDF4-LeaderElection65] INFO  server.RaftServerConfigKeys (ConfUtils.java:logGet(46)) - raft.server.watch.timeout = 180s (custom)
2022-07-12 20:46:36,902 [da8f3bd6-6313-4743-a67a-92c6eeaa827b@group-3848FEE6EDF4-LeaderElection65] INFO  server.RaftServerConfigKeys (ConfUtils.java:logGet(46)) - raft.server.watch.timeout.denomination = 1s (default)
2022-07-12 20:46:36,902 [da8f3bd6-6313-4743-a67a-92c6eeaa827b@group-3848FEE6EDF4-LeaderElection65] INFO  server.RaftServerConfigKeys (ConfUtils.java:logGet(46)) - raft.server.watch.element-limit = 65536 (default)
2022-07-12 20:46:36,902 [da8f3bd6-6313-4743-a67a-92c6eeaa827b@group-3848FEE6EDF4-LeaderElection65] INFO  server.RaftServerConfigKeys (ConfUtils.java:logGet(46)) - raft.server.write.element-limit = 1024 (custom)
2022-07-12 20:46:36,903 [da8f3bd6-6313-4743-a67a-92c6eeaa827b@group-3848FEE6EDF4-LeaderElection65] INFO  server.RaftServerConfigKeys (ConfUtils.java:logGet(46)) - raft.server.write.follower.gap.ratio.max = -1.0 (default)
2022-07-12 20:46:36,903 [da8f3bd6-6313-4743-a67a-92c6eeaa827b@group-3848FEE6EDF4-LeaderElection65] INFO  server.RaftServerConfigKeys (ConfUtils.java:logGet(46)) - raft.server.log.appender.snapshot.chunk.size.max = 16MB (=16777216) (default)
2022-07-12 20:46:36,903 [da8f3bd6-6313-4743-a67a-92c6eeaa827b@group-3848FEE6EDF4-LeaderElection65] INFO  server.RaftServerConfigKeys (ConfUtils.java:logGet(46)) - raft.server.log.appender.buffer.byte-limit = 33554432 (custom)
2022-07-12 20:46:36,903 [da8f3bd6-6313-4743-a67a-92c6eeaa827b@group-3848FEE6EDF4-LeaderElection65] INFO  server.RaftServerConfigKeys (ConfUtils.java:logGet(46)) - raft.server.log.appender.buffer.element-limit = 1 (custom)
2022-07-12 20:46:36,903 [da8f3bd6-6313-4743-a67a-92c6eeaa827b@group-3848FEE6EDF4-LeaderElection65] INFO  grpc.GrpcConfigKeys (ConfUtils.java:logGet(46)) - raft.grpc.server.leader.outstanding.appends.max = 128 (default)
2022-07-12 20:46:36,903 [da8f3bd6-6313-4743-a67a-92c6eeaa827b@group-3848FEE6EDF4-LeaderElection65] INFO  server.RaftServerConfigKeys (ConfUtils.java:logGet(46)) - raft.server.rpc.request.timeout = 60s (custom)
2022-07-12 20:46:36,903 [da8f3bd6-6313-4743-a67a-92c6eeaa827b@group-3848FEE6EDF4-LeaderElection65] INFO  server.RaftServerConfigKeys (ConfUtils.java:logGet(46)) - raft.server.log.appender.install.snapshot.enabled = false (custom)
2022-07-12 20:46:36,904 [da8f3bd6-6313-4743-a67a-92c6eeaa827b@group-3848FEE6EDF4-LeaderElection65] INFO  server.RaftServerConfigKeys (ConfUtils.java:logGet(46)) - raft.server.log.appender.snapshot.chunk.size.max = 16MB (=16777216) (default)
2022-07-12 20:46:36,904 [da8f3bd6-6313-4743-a67a-92c6eeaa827b@group-3848FEE6EDF4-LeaderElection65] INFO  server.RaftServerConfigKeys (ConfUtils.java:logGet(46)) - raft.server.log.appender.buffer.byte-limit = 33554432 (custom)
2022-07-12 20:46:36,904 [da8f3bd6-6313-4743-a67a-92c6eeaa827b@group-3848FEE6EDF4-LeaderElection65] INFO  server.RaftServerConfigKeys (ConfUtils.java:logGet(46)) - raft.server.log.appender.buffer.element-limit = 1 (custom)
2022-07-12 20:46:36,905 [da8f3bd6-6313-4743-a67a-92c6eeaa827b@group-3848FEE6EDF4-LeaderElection65] INFO  grpc.GrpcConfigKeys (ConfUtils.java:logGet(46)) - raft.grpc.server.leader.outstanding.appends.max = 128 (default)
2022-07-12 20:46:36,905 [da8f3bd6-6313-4743-a67a-92c6eeaa827b@group-3848FEE6EDF4-LeaderElection65] INFO  server.RaftServerConfigKeys (ConfUtils.java:logGet(46)) - raft.server.rpc.request.timeout = 60s (custom)
2022-07-12 20:46:36,905 [da8f3bd6-6313-4743-a67a-92c6eeaa827b@group-3848FEE6EDF4-LeaderElection65] INFO  server.RaftServerConfigKeys (ConfUtils.java:logGet(46)) - raft.server.log.appender.install.snapshot.enabled = false (custom)
2022-07-12 20:46:36,905 [da8f3bd6-6313-4743-a67a-92c6eeaa827b@group-3848FEE6EDF4-LeaderElection65] INFO  impl.RoleInfo (RoleInfo.java:updateAndGet(139)) - da8f3bd6-6313-4743-a67a-92c6eeaa827b: start da8f3bd6-6313-4743-a67a-92c6eeaa827b@group-3848FEE6EDF4-LeaderStateImpl
2022-07-12 20:46:36,905 [da8f3bd6-6313-4743-a67a-92c6eeaa827b@group-3848FEE6EDF4-LeaderElection65] INFO  segmented.SegmentedRaftLogWorker (SegmentedRaftLogWorker.java:startLogSegment(425)) - da8f3bd6-6313-4743-a67a-92c6eeaa827b@group-3848FEE6EDF4-SegmentedRaftLogWorker: Starting segment from index:0
2022-07-12 20:46:36,911 [EventQueue-PipelineReportForPipelineReportHandler] INFO  pipeline.PipelineManagerImpl (PipelineManagerImpl.java:openPipeline(359)) - Pipeline Pipeline[ Id: 32fe18c0-3f98-4268-8d73-3848fee6edf4, Nodes: f384af3f-b43c-4c77-9439-f4423bf7a7c1{ip: 10.1.0.33, host: fv-az29-983.0gf2enmb5avurc1gjtxldx4mnh.bx.internal.cloudapp.net, ports: [REPLICATION=35339, RATIS=35233, RATIS_ADMIN=35233, RATIS_SERVER=35233, STANDALONE=42601], networkLocation: /default-rack, certSerialId: null, persistedOpState: IN_SERVICE, persistedOpStateExpiryEpochSec: 0}da8f3bd6-6313-4743-a67a-92c6eeaa827b{ip: 10.1.0.33, host: fv-az29-983.0gf2enmb5avurc1gjtxldx4mnh.bx.internal.cloudapp.net, ports: [REPLICATION=43019, RATIS=35583, RATIS_ADMIN=35583, RATIS_SERVER=35583, STANDALONE=39097], networkLocation: /default-rack, certSerialId: null, persistedOpState: IN_SERVICE, persistedOpStateExpiryEpochSec: 0}8b72257c-a75e-474b-98b3-56dadc4b3e72{ip: 10.1.0.33, host: fv-az29-983.0gf2enmb5avurc1gjtxldx4mnh.bx.internal.cloudapp.net, ports: [REPLICATION=46269, RATIS=36051, RATIS_ADMIN=36051, RATIS_SERVER=36051, STANDALONE=33445], networkLocation: /default-rack, certSerialId: null, persistedOpState: IN_SERVICE, persistedOpStateExpiryEpochSec: 0}, ReplicationConfig: RATIS/THREE, State:ALLOCATED, leaderId:da8f3bd6-6313-4743-a67a-92c6eeaa827b, CreationTimestamp2022-07-12T20:46:15.080Z[Etc/UTC]] moved to OPEN state
2022-07-12 20:46:36,911 [EventQueue-OpenPipelineForHealthyPipelineSafeModeRule] INFO  safemode.SCMSafeModeManager (HealthyPipelineSafeModeRule.java:process(124)) - SCM in safe mode. Healthy pipelines reported count is 1, required healthy pipeline reported count is 1
2022-07-12 20:46:36,911 [EventQueue-OpenPipelineForHealthyPipelineSafeModeRule] INFO  safemode.SCMSafeModeManager (SCMSafeModeManager.java:validateSafeModeExitRules(204)) - HealthyPipelineSafeModeRule rule is successfully validated
2022-07-12 20:46:36,911 [EventQueue-OpenPipelineForHealthyPipelineSafeModeRule] INFO  safemode.SCMSafeModeManager (SCMSafeModeManager.java:validateSafeModeExitRules(219)) - ScmSafeModeManager, all rules are successfully validated
2022-07-12 20:46:36,911 [EventQueue-OpenPipelineForHealthyPipelineSafeModeRule] INFO  safemode.SCMSafeModeManager (SCMSafeModeManager.java:exitSafeMode(248)) - SCM exiting safe mode.
2022-07-12 20:46:36,912 [EventQueue-OpenPipelineForHealthyPipelineSafeModeRule] WARN  events.EventQueue (EventQueue.java:fireEvent(216)) - No event handler registered for event TypedEvent{payloadType=SafeModeStatus, name='Safe mode status'}
2022-07-12 20:46:36,912 [EventQueue-OpenPipelineForHealthyPipelineSafeModeRule] INFO  ha.SCMContext (SCMContext.java:updateSafeModeStatus(228)) - Update SafeModeStatus from SafeModeStatus{safeModeStatus=true, preCheckPassed=true} to SafeModeStatus{safeModeStatus=false, preCheckPassed=true}.
2022-07-12 20:46:36,912 [EventQueue-OpenPipelineForHealthyPipelineSafeModeRule] INFO  pipeline.BackgroundPipelineCreator (BackgroundPipelineCreator.java:notifyStatusChanged(253)) - Service BackgroundPipelineCreator transitions to RUNNING.
2022-07-12 20:46:36,912 [EventQueue-OpenPipelineForHealthyPipelineSafeModeRule] INFO  BackgroundPipelineScrubber (BackgroundSCMService.java:notifyStatusChanged(82)) - Service BackgroundPipelineScrubber transitions to RUNNING.
2022-07-12 20:46:36,912 [EventQueue-OpenPipelineForHealthyPipelineSafeModeRule] INFO  ExpiredContainerReplicaOpScrubber (BackgroundSCMService.java:notifyStatusChanged(82)) - Service ExpiredContainerReplicaOpScrubber transitions to RUNNING.
2022-07-12 20:46:36,912 [EventQueue-OpenPipelineForHealthyPipelineSafeModeRule] INFO  replication.ReplicationManager (ReplicationManager.java:notifyStatusChanged(495)) - Service ReplicationManager transitions to RUNNING.
2022-07-12 20:46:36,912 [EventQueue-OpenPipelineForHealthyPipelineSafeModeRule] WARN  balancer.ContainerBalancer (ContainerBalancer.java:shouldRun(894)) - Could not find persisted configuration for ContainerBalancer when checking if ContainerBalancer should run. ContainerBalancer should not run now.
2022-07-12 20:46:36,912 [da8f3bd6-6313-4743-a67a-92c6eeaa827b@group-3848FEE6EDF4-SegmentedRaftLogWorker] INFO  segmented.SegmentedRaftLogWorker (SegmentedRaftLogWorker.java:execute(629)) - da8f3bd6-6313-4743-a67a-92c6eeaa827b@group-3848FEE6EDF4-SegmentedRaftLogWorker: created new log segment /home/runner/work/ozone/ozone/hadoop-ozone/integration-test/target/test-dir/MiniOzoneClusterImpl-b9e7eea4-f922-42a3-9b78-fa3f1bcfe6c2/datanode-0/data/ratis/32fe18c0-3f98-4268-8d73-3848fee6edf4/current/log_inprogress_0
2022-07-12 20:46:36,917 [da8f3bd6-6313-4743-a67a-92c6eeaa827b@group-F8C6DFBD40AC-FollowerState] INFO  impl.FollowerState (FollowerState.java:run(143)) - da8f3bd6-6313-4743-a67a-92c6eeaa827b@group-F8C6DFBD40AC-FollowerState: change to CANDIDATE, lastRpcElapsedTime:5070837040ns, electionTimeout:5058ms
2022-07-12 20:46:36,917 [da8f3bd6-6313-4743-a67a-92c6eeaa827b@group-F8C6DFBD40AC-FollowerState] INFO  impl.RoleInfo (RoleInfo.java:shutdownFollowerState(110)) - da8f3bd6-6313-4743-a67a-92c6eeaa827b: shutdown da8f3bd6-6313-4743-a67a-92c6eeaa827b@group-F8C6DFBD40AC-FollowerState
2022-07-12 20:46:36,917 [da8f3bd6-6313-4743-a67a-92c6eeaa827b@group-F8C6DFBD40AC-FollowerState] INFO  server.RaftServer$Division (RaftServerImpl.java:setRole(299)) - da8f3bd6-6313-4743-a67a-92c6eeaa827b@group-F8C6DFBD40AC: changes role from  FOLLOWER to CANDIDATE at term 3 for changeToCandidate
2022-07-12 20:46:36,959 [da8f3bd6-6313-4743-a67a-92c6eeaa827b@group-3848FEE6EDF4-LeaderElection65] INFO  server.RaftServer$Division (ServerState.java:setRaftConf(393)) - da8f3bd6-6313-4743-a67a-92c6eeaa827b@group-3848FEE6EDF4: set configuration 0: [da8f3bd6-6313-4743-a67a-92c6eeaa827b|rpc:10.1.0.33:35583|dataStream:|priority:1, 8b72257c-a75e-474b-98b3-56dadc4b3e72|rpc:10.1.0.33:36051|dataStream:|priority:0, f384af3f-b43c-4c77-9439-f4423bf7a7c1|rpc:10.1.0.33:35233|dataStream:|priority:0], old=null
2022-07-12 20:46:36,982 [8b72257c-a75e-474b-98b3-56dadc4b3e72@group-F8C6DFBD40AC-FollowerState] INFO  impl.FollowerState (FollowerState.java:run(143)) - 8b72257c-a75e-474b-98b3-56dadc4b3e72@group-F8C6DFBD40AC-FollowerState: change to CANDIDATE, lastRpcElapsedTime:5157034783ns, electionTimeout:5105ms
2022-07-12 20:46:36,983 [8b72257c-a75e-474b-98b3-56dadc4b3e72@group-F8C6DFBD40AC-FollowerState] INFO  impl.RoleInfo (RoleInfo.java:shutdownFollowerState(110)) - 8b72257c-a75e-474b-98b3-56dadc4b3e72: shutdown 8b72257c-a75e-474b-98b3-56dadc4b3e72@group-F8C6DFBD40AC-FollowerState
2022-07-12 20:46:36,983 [8b72257c-a75e-474b-98b3-56dadc4b3e72@group-F8C6DFBD40AC-FollowerState] INFO  server.RaftServer$Division (RaftServerImpl.java:setRole(299)) - 8b72257c-a75e-474b-98b3-56dadc4b3e72@group-F8C6DFBD40AC: changes role from  FOLLOWER to CANDIDATE at term 3 for changeToCandidate
2022-07-12 20:46:36,991 [f384af3f-b43c-4c77-9439-f4423bf7a7c1-server-thread1] INFO  ratis.XceiverServerRatis (XceiverServerRatis.java:handleLeaderChangedNotification(863)) - Leader change notification received for group: group-3848FEE6EDF4 with new leaderId: da8f3bd6-6313-4743-a67a-92c6eeaa827b
2022-07-12 20:46:36,991 [f384af3f-b43c-4c77-9439-f4423bf7a7c1-server-thread1] INFO  server.RaftServer$Division (ServerState.java:setLeader(287)) - f384af3f-b43c-4c77-9439-f4423bf7a7c1@group-3848FEE6EDF4: change Leader from null to da8f3bd6-6313-4743-a67a-92c6eeaa827b at term 4 for appendEntries, leader elected after 20919ms
2022-07-12 20:46:37,019 [da8f3bd6-6313-4743-a67a-92c6eeaa827b@group-F8C6DFBD40AC-FollowerState] INFO  server.RaftServerConfigKeys (ConfUtils.java:logGet(46)) - raft.server.leaderelection.pre-vote = false (custom)
2022-07-12 20:46:37,019 [da8f3bd6-6313-4743-a67a-92c6eeaa827b@group-F8C6DFBD40AC-FollowerState] INFO  impl.RoleInfo (RoleInfo.java:updateAndGet(139)) - da8f3bd6-6313-4743-a67a-92c6eeaa827b: start da8f3bd6-6313-4743-a67a-92c6eeaa827b@group-F8C6DFBD40AC-LeaderElection66
2022-07-12 20:46:37,020 [8b72257c-a75e-474b-98b3-56dadc4b3e72-server-thread1] INFO  ratis.XceiverServerRatis (XceiverServerRatis.java:handleLeaderChangedNotification(863)) - Leader change notification received for group: group-3848FEE6EDF4 with new leaderId: da8f3bd6-6313-4743-a67a-92c6eeaa827b
2022-07-12 20:46:37,020 [8b72257c-a75e-474b-98b3-56dadc4b3e72-server-thread1] INFO  server.RaftServer$Division (ServerState.java:setLeader(287)) - 8b72257c-a75e-474b-98b3-56dadc4b3e72@group-3848FEE6EDF4: change Leader from null to da8f3bd6-6313-4743-a67a-92c6eeaa827b at term 4 for appendEntries, leader elected after 20741ms
2022-07-12 20:46:37,033 [f384af3f-b43c-4c77-9439-f4423bf7a7c1@group-F8C6DFBD40AC-FollowerState] INFO  impl.FollowerState (FollowerState.java:run(143)) - f384af3f-b43c-4c77-9439-f4423bf7a7c1@group-F8C6DFBD40AC-FollowerState: change to CANDIDATE, lastRpcElapsedTime:5186098898ns, electionTimeout:5174ms
2022-07-12 20:46:37,034 [f384af3f-b43c-4c77-9439-f4423bf7a7c1@group-F8C6DFBD40AC-FollowerState] INFO  impl.RoleInfo (RoleInfo.java:shutdownFollowerState(110)) - f384af3f-b43c-4c77-9439-f4423bf7a7c1: shutdown f384af3f-b43c-4c77-9439-f4423bf7a7c1@group-F8C6DFBD40AC-FollowerState
2022-07-12 20:46:37,034 [f384af3f-b43c-4c77-9439-f4423bf7a7c1@group-F8C6DFBD40AC-FollowerState] INFO  server.RaftServer$Division (RaftServerImpl.java:setRole(299)) - f384af3f-b43c-4c77-9439-f4423bf7a7c1@group-F8C6DFBD40AC: changes role from  FOLLOWER to CANDIDATE at term 3 for changeToCandidate
2022-07-12 20:46:37,043 [da8f3bd6-6313-4743-a67a-92c6eeaa827b@group-F8C6DFBD40AC-LeaderElection66] INFO  impl.LeaderElection (LeaderElection.java:askForVotes(310)) - da8f3bd6-6313-4743-a67a-92c6eeaa827b@group-F8C6DFBD40AC-LeaderElection66 ELECTION round 0: submit vote requests at term 4 for -1: [da8f3bd6-6313-4743-a67a-92c6eeaa827b|rpc:10.1.0.33:35583|priority:0, 8b72257c-a75e-474b-98b3-56dadc4b3e72|rpc:10.1.0.33:36051|priority:1, f384af3f-b43c-4c77-9439-f4423bf7a7c1|rpc:10.1.0.33:35233|priority:0], old=null
2022-07-12 20:46:37,065 [Listener at 127.0.0.1/39727] INFO  ozone.MiniOzoneClusterImpl (MiniOzoneClusterImpl.java:lambda$waitForClusterToBeReady$0(223)) - Nodes are ready. Got 3 of 3 DN Heartbeats.
2022-07-12 20:46:37,066 [Listener at 127.0.0.1/39727] INFO  ozone.MiniOzoneClusterImpl (MiniOzoneClusterImpl.java:lambda$waitForClusterToBeReady$0(226)) - Cluster exits safe mode
2022-07-12 20:46:37,066 [Listener at 127.0.0.1/39727] INFO  ozone.MiniOzoneClusterImpl (MiniOzoneClusterImpl.java:lambda$waitForClusterToBeReady$0(228)) - SCM became leader
2022-07-12 20:46:37,082 [8b72257c-a75e-474b-98b3-56dadc4b3e72@group-F8C6DFBD40AC-FollowerState] INFO  server.RaftServerConfigKeys (ConfUtils.java:logGet(46)) - raft.server.leaderelection.pre-vote = false (custom)
2022-07-12 20:46:37,082 [8b72257c-a75e-474b-98b3-56dadc4b3e72@group-F8C6DFBD40AC-FollowerState] INFO  impl.RoleInfo (RoleInfo.java:updateAndGet(139)) - 8b72257c-a75e-474b-98b3-56dadc4b3e72: start 8b72257c-a75e-474b-98b3-56dadc4b3e72@group-F8C6DFBD40AC-LeaderElection67
]]></system-out>
    </rerunFailure>
    <rerunFailure type="java.lang.AssertionError">
      <stackTrace><![CDATA[java.lang.AssertionError
	at org.junit.Assert.fail(Assert.java:87)
	at org.junit.Assert.assertTrue(Assert.java:42)
	at org.junit.Assert.assertTrue(Assert.java:53)
	at org.apache.hadoop.hdds.scm.TestRatisPipelineLeader.testLeaderIdAfterLeaderChange(TestRatisPipelineLeader.java:119)
	at sun.reflect.NativeMethodAccessorImpl.invoke0(Native Method)
	at sun.reflect.NativeMethodAccessorImpl.invoke(NativeMethodAccessorImpl.java:62)
	at sun.reflect.DelegatingMethodAccessorImpl.invoke(DelegatingMethodAccessorImpl.java:43)
	at java.lang.reflect.Method.invoke(Method.java:498)
	at org.junit.platform.commons.util.ReflectionUtils.invokeMethod(ReflectionUtils.java:725)
	at org.junit.jupiter.engine.execution.MethodInvocation.proceed(MethodInvocation.java:60)
	at org.junit.jupiter.engine.execution.InvocationInterceptorChain$ValidatingInvocation.proceed(InvocationInterceptorChain.java:131)
	at org.junit.jupiter.engine.extension.TimeoutInvocation.proceed(TimeoutInvocation.java:46)
	at org.junit.jupiter.engine.extension.TimeoutExtension.intercept(TimeoutExtension.java:149)
	at org.junit.jupiter.engine.extension.TimeoutExtension.interceptTestableMethod(TimeoutExtension.java:140)
	at org.junit.jupiter.engine.extension.TimeoutExtension.interceptTestMethod(TimeoutExtension.java:84)
	at org.junit.jupiter.engine.execution.ExecutableInvoker$ReflectiveInterceptorCall.lambda$ofVoidMethod$0(ExecutableInvoker.java:115)
	at org.junit.jupiter.engine.execution.ExecutableInvoker.lambda$invoke$0(ExecutableInvoker.java:105)
	at org.junit.jupiter.engine.execution.InvocationInterceptorChain$InterceptedInvocation.proceed(InvocationInterceptorChain.java:106)
	at org.junit.jupiter.engine.execution.InvocationInterceptorChain.proceed(InvocationInterceptorChain.java:64)
	at org.junit.jupiter.engine.execution.InvocationInterceptorChain.chainAndInvoke(InvocationInterceptorChain.java:45)
	at org.junit.jupiter.engine.execution.InvocationInterceptorChain.invoke(InvocationInterceptorChain.java:37)
	at org.junit.jupiter.engine.execution.ExecutableInvoker.invoke(ExecutableInvoker.java:104)
	at org.junit.jupiter.engine.execution.ExecutableInvoker.invoke(ExecutableInvoker.java:98)
	at org.junit.jupiter.engine.descriptor.TestMethodTestDescriptor.lambda$invokeTestMethod$7(TestMethodTestDescriptor.java:214)
	at org.junit.platform.engine.support.hierarchical.ThrowableCollector.execute(ThrowableCollector.java:73)
	at org.junit.jupiter.engine.descriptor.TestMethodTestDescriptor.invokeTestMethod(TestMethodTestDescriptor.java:210)
	at org.junit.jupiter.engine.descriptor.TestMethodTestDescriptor.execute(TestMethodTestDescriptor.java:135)
	at org.junit.jupiter.engine.descriptor.TestMethodTestDescriptor.execute(TestMethodTestDescriptor.java:66)
	at org.junit.platform.engine.support.hierarchical.NodeTestTask.lambda$executeRecursively$6(NodeTestTask.java:151)
	at org.junit.platform.engine.support.hierarchical.ThrowableCollector.execute(ThrowableCollector.java:73)
	at org.junit.platform.engine.support.hierarchical.NodeTestTask.lambda$executeRecursively$8(NodeTestTask.java:141)
	at org.junit.platform.engine.support.hierarchical.Node.around(Node.java:137)
	at org.junit.platform.engine.support.hierarchical.NodeTestTask.lambda$executeRecursively$9(NodeTestTask.java:139)
	at org.junit.platform.engine.support.hierarchical.ThrowableCollector.execute(ThrowableCollector.java:73)
	at org.junit.platform.engine.support.hierarchical.NodeTestTask.executeRecursively(NodeTestTask.java:138)
	at org.junit.platform.engine.support.hierarchical.NodeTestTask.execute(NodeTestTask.java:95)
	at java.util.ArrayList.forEach(ArrayList.java:1259)
	at org.junit.platform.engine.support.hierarchical.SameThreadHierarchicalTestExecutorService.invokeAll(SameThreadHierarchicalTestExecutorService.java:41)
	at org.junit.platform.engine.support.hierarchical.NodeTestTask.lambda$executeRecursively$6(NodeTestTask.java:155)
	at org.junit.platform.engine.support.hierarchical.ThrowableCollector.execute(ThrowableCollector.java:73)
	at org.junit.platform.engine.support.hierarchical.NodeTestTask.lambda$executeRecursively$8(NodeTestTask.java:141)
	at org.junit.platform.engine.support.hierarchical.Node.around(Node.java:137)
	at org.junit.platform.engine.support.hierarchical.NodeTestTask.lambda$executeRecursively$9(NodeTestTask.java:139)
	at org.junit.platform.engine.support.hierarchical.ThrowableCollector.execute(ThrowableCollector.java:73)
	at org.junit.platform.engine.support.hierarchical.NodeTestTask.executeRecursively(NodeTestTask.java:138)
	at org.junit.platform.engine.support.hierarchical.NodeTestTask.execute(NodeTestTask.java:95)
	at java.util.ArrayList.forEach(ArrayList.java:1259)
	at org.junit.platform.engine.support.hierarchical.SameThreadHierarchicalTestExecutorService.invokeAll(SameThreadHierarchicalTestExecutorService.java:41)
	at org.junit.platform.engine.support.hierarchical.NodeTestTask.lambda$executeRecursively$6(NodeTestTask.java:155)
	at org.junit.platform.engine.support.hierarchical.ThrowableCollector.execute(ThrowableCollector.java:73)
	at org.junit.platform.engine.support.hierarchical.NodeTestTask.lambda$executeRecursively$8(NodeTestTask.java:141)
	at org.junit.platform.engine.support.hierarchical.Node.around(Node.java:137)
	at org.junit.platform.engine.support.hierarchical.NodeTestTask.lambda$executeRecursively$9(NodeTestTask.java:139)
	at org.junit.platform.engine.support.hierarchical.ThrowableCollector.execute(ThrowableCollector.java:73)
	at org.junit.platform.engine.support.hierarchical.NodeTestTask.executeRecursively(NodeTestTask.java:138)
	at org.junit.platform.engine.support.hierarchical.NodeTestTask.execute(NodeTestTask.java:95)
	at org.junit.platform.engine.support.hierarchical.SameThreadHierarchicalTestExecutorService.submit(SameThreadHierarchicalTestExecutorService.java:35)
	at org.junit.platform.engine.support.hierarchical.HierarchicalTestExecutor.execute(HierarchicalTestExecutor.java:57)
	at org.junit.platform.engine.support.hierarchical.HierarchicalTestEngine.execute(HierarchicalTestEngine.java:54)
	at org.junit.platform.launcher.core.EngineExecutionOrchestrator.execute(EngineExecutionOrchestrator.java:107)
	at org.junit.platform.launcher.core.EngineExecutionOrchestrator.execute(EngineExecutionOrchestrator.java:88)
	at org.junit.platform.launcher.core.EngineExecutionOrchestrator.lambda$execute$0(EngineExecutionOrchestrator.java:54)
	at org.junit.platform.launcher.core.EngineExecutionOrchestrator.withInterceptedStreams(EngineExecutionOrchestrator.java:67)
	at org.junit.platform.launcher.core.EngineExecutionOrchestrator.execute(EngineExecutionOrchestrator.java:52)
	at org.junit.platform.launcher.core.DefaultLauncher.execute(DefaultLauncher.java:114)
	at org.junit.platform.launcher.core.DefaultLauncher.execute(DefaultLauncher.java:86)
	at org.junit.platform.launcher.core.DefaultLauncherSession$DelegatingLauncher.execute(DefaultLauncherSession.java:86)
	at org.junit.platform.launcher.core.SessionPerRequestLauncher.execute(SessionPerRequestLauncher.java:53)
	at org.apache.maven.surefire.junitplatform.JUnitPlatformProvider.invokeAllTests(JUnitPlatformProvider.java:165)
	at org.apache.maven.surefire.junitplatform.JUnitPlatformProvider.invoke(JUnitPlatformProvider.java:124)
	at org.apache.maven.surefire.booter.ForkedBooter.runSuitesInProcess(ForkedBooter.java:428)
	at org.apache.maven.surefire.booter.ForkedBooter.execute(ForkedBooter.java:162)
	at org.apache.maven.surefire.booter.ForkedBooter.run(ForkedBooter.java:562)
	at org.apache.maven.surefire.booter.ForkedBooter.main(ForkedBooter.java:548)
]]></stackTrace>
      <system-out><![CDATA[2022-07-12 20:46:58,304 [Listener at 127.0.0.1/39727] WARN  server.ServerUtils (ServerUtils.java:getScmDbDir(148)) - ozone.scm.db.dirs is not configured. We recommend adding this setting. Falling back to ozone.metadata.dirs instead.
2022-07-12 20:46:58,336 [Listener at 127.0.0.1/39727] WARN  server.ServerUtils (ServerUtils.java:getScmDbDir(148)) - ozone.scm.db.dirs is not configured. We recommend adding this setting. Falling back to ozone.metadata.dirs instead.
2022-07-12 20:46:58,337 [Listener at 127.0.0.1/39727] INFO  ha.SCMHANodeDetails (SCMHANodeDetails.java:loadSCMHAConfig(209)) - ServiceID for StorageContainerManager is null
2022-07-12 20:46:58,337 [Listener at 127.0.0.1/39727] INFO  ha.SCMHANodeDetails (SCMHANodeDetails.java:loadSCMHAConfig(214)) - ozone.scm.default.service.id is not defined, falling back to ozone.scm.service.ids to find serviceID for StorageContainerManager if it is HA enabled cluster
2022-07-12 20:46:58,337 [Listener at 127.0.0.1/39727] WARN  utils.HAUtils (HAUtils.java:getMetaDir(342)) - ozone.scm.db.dirs is not configured. We recommend adding this setting. Falling back to ozone.metadata.dirs instead.
2022-07-12 20:46:58,351 [Listener at 127.0.0.1/39727] WARN  db.DBStoreBuilder (DBStoreBuilder.java:applyDBDefinition(145)) - ozone.scm.db.dirs is not configured. We recommend adding this setting. Falling back to ozone.metadata.dirs instead.
2022-07-12 20:46:58,848 [Listener at 127.0.0.1/39727] INFO  net.NodeSchemaLoader (NodeSchemaLoader.java:loadSchemaFromFile(129)) - Loading schema from [jar:file:/home/runner/.m2/repository/org/apache/ozone/hdds-common/1.3.0-SNAPSHOT/hdds-common-1.3.0-SNAPSHOT.jar!/network-topology-default.xml]
2022-07-12 20:46:58,848 [Listener at 127.0.0.1/39727] INFO  net.NodeSchemaLoader (NodeSchemaLoader.java:loadSchema(176)) - Loading network topology layer schema file
2022-07-12 20:46:58,879 [Listener at 127.0.0.1/39727] INFO  upgrade.AbstractLayoutVersionManager (AbstractLayoutVersionManager.java:init(82)) - Initializing Layout version manager with metadata layout = DATANODE_SCHEMA_V3 (version = 4), software layout = DATANODE_SCHEMA_V3 (version = 4)
2022-07-12 20:46:59,023 [Listener at 127.0.0.1/39727] INFO  reflections.Reflections (Reflections.java:scan(232)) - Reflections took 143 ms to scan 7 urls, producing 132 keys and 317 values 
2022-07-12 20:46:59,025 [Listener at 127.0.0.1/39727] INFO  ha.SequenceIdGenerator (SequenceIdGenerator.java:upgradeToSequenceId(349)) - upgrade localId to 109611004723200000
2022-07-12 20:46:59,025 [Listener at 127.0.0.1/39727] INFO  ha.SequenceIdGenerator (SequenceIdGenerator.java:upgradeToSequenceId(359)) - upgrade delTxnId to 0
2022-07-12 20:46:59,025 [Listener at 127.0.0.1/39727] INFO  ha.SequenceIdGenerator (SequenceIdGenerator.java:upgradeToSequenceId(376)) - upgrade containerId to 0
2022-07-12 20:46:59,025 [Listener at 127.0.0.1/39727] INFO  ha.SequenceIdGenerator (SequenceIdGenerator.java:<init>(220)) - Init the HA SequenceIdGenerator.
2022-07-12 20:46:59,026 [Listener at 127.0.0.1/39727] WARN  server.ServerUtils (ServerUtils.java:sanitizeUserArgs(73)) - ozone.scm.stale.node.interval value = 300000 is larger than max = 100000 based on the key value of ozone.scm.heartbeat.thread.interval, reset to the max value 100000.
2022-07-12 20:46:59,027 [Listener at 127.0.0.1/39727] WARN  server.ServerUtils (ServerUtils.java:sanitizeUserArgs(73)) - ozone.scm.stale.node.interval value = 300000 is larger than max = 100000 based on the key value of ozone.scm.heartbeat.thread.interval, reset to the max value 100000.
2022-07-12 20:46:59,027 [Listener at 127.0.0.1/39727] INFO  node.SCMNodeManager (SCMNodeManager.java:<init>(149)) - Entering startup safe mode.
2022-07-12 20:46:59,027 [Listener at 127.0.0.1/39727] INFO  algorithms.ContainerPlacementPolicyFactory (ContainerPlacementPolicyFactory.java:getPolicyInternal(86)) - Create container placement policy of type org.apache.hadoop.hdds.scm.container.placement.algorithms.SCMContainerPlacementRandom
2022-07-12 20:46:59,027 [Listener at 127.0.0.1/39727] INFO  pipeline.PipelineStateManagerImpl (PipelineStateManagerImpl.java:initialize(78)) - No pipeline exists in current db
2022-07-12 20:46:59,028 [Listener at 127.0.0.1/39727] INFO  algorithms.LeaderChoosePolicyFactory (LeaderChoosePolicyFactory.java:getPolicy(57)) - Create leader choose policy of type org.apache.hadoop.hdds.scm.pipeline.leader.choose.algorithms.MinLeaderCountChoosePolicy
2022-07-12 20:46:59,028 [Listener at 127.0.0.1/39727] INFO  algorithms.ContainerPlacementPolicyFactory (ContainerPlacementPolicyFactory.java:getPolicyInternal(86)) - Create container placement policy of type org.apache.hadoop.hdds.scm.container.placement.algorithms.SCMContainerPlacementRackScatter
2022-07-12 20:46:59,028 [Listener at 127.0.0.1/39727] INFO  pipeline.BackgroundPipelineCreator (BackgroundPipelineCreator.java:start(127)) - Starting RatisPipelineUtilsThread.
2022-07-12 20:46:59,030 [Listener at 127.0.0.1/39727] INFO  BackgroundPipelineScrubber (BackgroundSCMService.java:start(68)) - Starting BackgroundPipelineScrubber Service.
2022-07-12 20:46:59,030 [Listener at 127.0.0.1/39727] INFO  ha.SCMServiceManager (SCMServiceManager.java:register(42)) - Registering service BackgroundPipelineCreator.
2022-07-12 20:46:59,030 [Listener at 127.0.0.1/39727] INFO  ha.SCMServiceManager (SCMServiceManager.java:register(42)) - Registering service BackgroundPipelineScrubber.
2022-07-12 20:46:59,030 [Listener at 127.0.0.1/39727] INFO  ExpiredContainerReplicaOpScrubber (BackgroundSCMService.java:start(68)) - Starting ExpiredContainerReplicaOpScrubber Service.
2022-07-12 20:46:59,079 [Listener at 127.0.0.1/39727] INFO  ha.SCMServiceManager (SCMServiceManager.java:register(42)) - Registering service ExpiredContainerReplicaOpScrubber.
2022-07-12 20:46:59,080 [Listener at 127.0.0.1/39727] INFO  algorithms.PipelineChoosePolicyFactory (PipelineChoosePolicyFactory.java:createPipelineChoosePolicyFromClass(73)) - Create pipeline choose policy of type org.apache.hadoop.hdds.scm.pipeline.choose.algorithms.RandomPipelineChoosePolicy
2022-07-12 20:46:59,081 [Listener at 127.0.0.1/39727] INFO  ha.SCMServiceManager (SCMServiceManager.java:register(42)) - Registering service SCMBlockDeletingService.
2022-07-12 20:46:59,081 [Listener at 127.0.0.1/39727] INFO  replication.ReplicationManager (ReplicationManager.java:start(186)) - Starting Replication Monitor Thread.
2022-07-12 20:46:59,121 [Listener at 127.0.0.1/39727] INFO  ha.SCMServiceManager (SCMServiceManager.java:register(42)) - Registering service ReplicationManager.
2022-07-12 20:46:59,122 [Listener at 127.0.0.1/39727] INFO  safemode.ContainerSafeModeRule (ContainerSafeModeRule.java:<init>(89)) - containers with one replica threshold count 0
2022-07-12 20:46:59,122 [Listener at 127.0.0.1/39727] INFO  safemode.HealthyPipelineSafeModeRule (HealthyPipelineSafeModeRule.java:initializeRule(156)) - Total pipeline count is 0, healthy pipeline threshold count is 1
2022-07-12 20:46:59,122 [Listener at 127.0.0.1/39727] INFO  safemode.OneReplicaPipelineSafeModeRule (OneReplicaPipelineSafeModeRule.java:initializeRule(180)) - Total pipeline count is 0, pipeline's with at least one datanode reported threshold count is 0
2022-07-12 20:46:59,155 [ReplicationMonitor] INFO  replication.ReplicationManager (ReplicationManager.java:processAll(235)) - Replication Manager is not ready to run until 3000ms after safemode exit
2022-07-12 20:46:59,179 [Listener at 127.0.0.1/39727] INFO  ipc.CallQueueManager (CallQueueManager.java:<init>(90)) - Using callQueue: class java.util.concurrent.LinkedBlockingQueue, queueCapacity: 2000, scheduler: class org.apache.hadoop.ipc.DefaultRpcScheduler, ipcBackoff: false.
2022-07-12 20:46:59,181 [Socket Reader #1 for port 0] INFO  ipc.Server (Server.java:run(1265)) - Starting Socket Reader #1 for port 0
2022-07-12 20:46:59,181 [Listener at 0.0.0.0/38755] INFO  ipc.CallQueueManager (CallQueueManager.java:<init>(90)) - Using callQueue: class java.util.concurrent.LinkedBlockingQueue, queueCapacity: 2000, scheduler: class org.apache.hadoop.ipc.DefaultRpcScheduler, ipcBackoff: false.
2022-07-12 20:46:59,182 [Socket Reader #1 for port 0] INFO  ipc.Server (Server.java:run(1265)) - Starting Socket Reader #1 for port 0
2022-07-12 20:46:59,182 [Listener at 0.0.0.0/44917] INFO  ipc.CallQueueManager (CallQueueManager.java:<init>(90)) - Using callQueue: class java.util.concurrent.LinkedBlockingQueue, queueCapacity: 2000, scheduler: class org.apache.hadoop.ipc.DefaultRpcScheduler, ipcBackoff: false.
2022-07-12 20:46:59,219 [Socket Reader #1 for port 0] INFO  ipc.Server (Server.java:run(1265)) - Starting Socket Reader #1 for port 0
2022-07-12 20:46:59,292 [Listener at 0.0.0.0/36695] INFO  ha.SCMServiceManager (SCMServiceManager.java:register(42)) - Registering service ContainerBalancer.
2022-07-12 20:46:59,292 [Listener at 0.0.0.0/36695] INFO  server.StorageContainerManager (StorageContainerManager.java:<init>(401)) - 
Container Balancer status:
Key                            Value
Running                        false
Container Balancer Configuration values:
Key                                                Value
Threshold                                          10
Max Datanodes to Involve per Iteration(percent)    20
Max Size to Move per Iteration                     500GB
Max Size Entering Target per Iteration             26GB
Max Size Leaving Source per Iteration              26GB

2022-07-12 20:46:59,292 [Listener at 0.0.0.0/36695] WARN  events.EventQueue (EventQueue.java:fireEvent(216)) - No event handler registered for event TypedEvent{payloadType=SafeModeStatus, name='Safe mode status'}
2022-07-12 20:46:59,292 [Listener at 0.0.0.0/36695] INFO  ha.SCMContext (SCMContext.java:updateSafeModeStatus(228)) - Update SafeModeStatus from SafeModeStatus{safeModeStatus=true, preCheckPassed=false} to SafeModeStatus{safeModeStatus=true, preCheckPassed=false}.
2022-07-12 20:46:59,293 [Listener at 0.0.0.0/36695] INFO  server.StorageContainerManager (StorageContainerManager.java:start(1422)) - StorageContainerLocationProtocol RPC server is listening at /0.0.0.0:36695
2022-07-12 20:46:59,334 [Listener at 0.0.0.0/36695] WARN  impl.MetricsConfig (MetricsConfig.java:loadFirst(136)) - Cannot locate configuration: tried hadoop-metrics2-storagecontainermanager.properties,hadoop-metrics2.properties
2022-07-12 20:46:59,364 [Listener at 0.0.0.0/36695] INFO  impl.MetricsSystemImpl (MetricsSystemImpl.java:startTimer(378)) - Scheduled Metric snapshot period at 10 second(s).
2022-07-12 20:46:59,364 [Listener at 0.0.0.0/36695] INFO  impl.MetricsSystemImpl (MetricsSystemImpl.java:start(191)) - StorageContainerManager metrics system started
2022-07-12 20:46:59,415 [Listener at 0.0.0.0/36695] INFO  impl.MetricsSinkAdapter (MetricsSinkAdapter.java:start(204)) - Sink prometheus started
2022-07-12 20:46:59,415 [Listener at 0.0.0.0/36695] INFO  impl.MetricsSystemImpl (MetricsSystemImpl.java:registerSink(305)) - Registered sink prometheus
2022-07-12 20:46:59,459 [Listener at 0.0.0.0/36695] INFO  server.SCMClientProtocolServer (SCMClientProtocolServer.java:start(170)) - RPC server for Client  is listening at /0.0.0.0:36695
2022-07-12 20:46:59,475 [IPC Server Responder] INFO  ipc.Server (Server.java:run(1507)) - IPC Server Responder: starting
2022-07-12 20:46:59,475 [IPC Server listener on 0] INFO  ipc.Server (Server.java:run(1344)) - IPC Server listener on 0: starting
2022-07-12 20:46:59,640 [Listener at 0.0.0.0/36695] INFO  server.StorageContainerManager (StorageContainerManager.java:start(1437)) - ScmBlockLocationProtocol RPC server is listening at /0.0.0.0:44917
2022-07-12 20:46:59,640 [Listener at 0.0.0.0/36695] INFO  server.SCMBlockProtocolServer (SCMBlockProtocolServer.java:start(152)) - RPC server for Block Protocol is listening at /0.0.0.0:44917
2022-07-12 20:46:59,644 [IPC Server Responder] INFO  ipc.Server (Server.java:run(1507)) - IPC Server Responder: starting
2022-07-12 20:46:59,647 [IPC Server listener on 0] INFO  ipc.Server (Server.java:run(1344)) - IPC Server listener on 0: starting
2022-07-12 20:46:59,648 [Listener at 0.0.0.0/36695] INFO  server.SCMDatanodeProtocolServer (SCMDatanodeProtocolServer.java:start(186)) - ScmDatanodeProtocol RPC server for DataNodes is listening at /0.0.0.0:38755
2022-07-12 20:46:59,649 [IPC Server Responder] INFO  ipc.Server (Server.java:run(1507)) - IPC Server Responder: starting
2022-07-12 20:46:59,650 [IPC Server listener on 0] INFO  ipc.Server (Server.java:run(1344)) - IPC Server listener on 0: starting
2022-07-12 20:46:59,739 [Listener at 0.0.0.0/36695] INFO  http.BaseHttpServer (BaseHttpServer.java:newHttpServer2BuilderForOzone(209)) - Starting Web-server for scm at: http://0.0.0.0:0
2022-07-12 20:46:59,739 [Listener at 0.0.0.0/36695] INFO  http.BaseHttpServer (BaseHttpServer.java:<init>(107)) - Hadoop Security Enabled: false Ozone Security Enabled: false Ozone HTTP Security Enabled: false 
2022-07-12 20:46:59,740 [Listener at 0.0.0.0/36695] INFO  server.AuthenticationFilter (AuthenticationFilter.java:constructSecretProvider(240)) - Unable to initialize FileSignerSecretProvider, falling back to use random secrets.
2022-07-12 20:46:59,755 [Listener at 0.0.0.0/36695] WARN  http.HttpRequestLog (HttpRequestLog.java:getRequestLog(103)) - Jetty request log can only be enabled using Log4j
2022-07-12 20:46:59,757 [Listener at 0.0.0.0/36695] INFO  http.HttpServer2 (HttpServer2.java:addGlobalFilter(1029)) - Added global filter 'safety' (class=org.apache.hadoop.hdds.server.http.HttpServer2$QuotingInputFilter)
2022-07-12 20:46:59,757 [Listener at 0.0.0.0/36695] INFO  http.HttpServer2 (HttpServer2.java:addFilter(1005)) - Added filter static_user_filter (class=org.apache.hadoop.http.lib.StaticUserWebFilter$StaticUserFilter) to context scm
2022-07-12 20:46:59,757 [Listener at 0.0.0.0/36695] INFO  http.HttpServer2 (HttpServer2.java:addFilter(1013)) - Added filter static_user_filter (class=org.apache.hadoop.http.lib.StaticUserWebFilter$StaticUserFilter) to context static
2022-07-12 20:46:59,757 [Listener at 0.0.0.0/36695] INFO  http.HttpServer2 (HttpServer2.java:addFilter(1013)) - Added filter static_user_filter (class=org.apache.hadoop.http.lib.StaticUserWebFilter$StaticUserFilter) to context logs
2022-07-12 20:46:59,758 [Listener at 0.0.0.0/36695] INFO  http.HttpServer2 (HttpServer2.java:bindListener(1248)) - Jetty bound to port 41779
2022-07-12 20:46:59,758 [Listener at 0.0.0.0/36695] INFO  server.Server (Server.java:doStart(375)) - jetty-9.4.43.v20210629; built: 2021-06-30T11:07:22.254Z; git: 526006ecfa3af7f1a27ef3a288e2bef7ea9dd7e8; jvm 1.8.0_332-b09
2022-07-12 20:46:59,813 [Listener at 0.0.0.0/36695] INFO  server.session (DefaultSessionIdManager.java:doStart(334)) - DefaultSessionIdManager workerName=node0
2022-07-12 20:46:59,814 [Listener at 0.0.0.0/36695] INFO  server.session (DefaultSessionIdManager.java:doStart(339)) - No SessionScavenger set, using defaults
2022-07-12 20:46:59,814 [Listener at 0.0.0.0/36695] INFO  server.session (HouseKeeper.java:startScavenging(132)) - node0 Scavenging every 660000ms
2022-07-12 20:46:59,815 [Listener at 0.0.0.0/36695] INFO  handler.ContextHandler (ContextHandler.java:doStart(915)) - Started o.e.j.s.ServletContextHandler@6c3e2c3d{logs,/logs,file:///home/runner/work/ozone/ozone/hadoop-ozone/integration-test/target/log,AVAILABLE}
2022-07-12 20:46:59,815 [Listener at 0.0.0.0/36695] INFO  handler.ContextHandler (ContextHandler.java:doStart(915)) - Started o.e.j.s.ServletContextHandler@5a9668d7{static,/static,file:///home/runner/work/ozone/ozone/hadoop-ozone/integration-test/target/test-classes/webapps/static,AVAILABLE}
2022-07-12 20:46:59,818 [Listener at 0.0.0.0/36695] INFO  handler.ContextHandler (ContextHandler.java:doStart(915)) - Started o.e.j.w.WebAppContext@518d91a8{scm,/,file:///home/runner/work/ozone/ozone/hadoop-ozone/integration-test/target/test-classes/webapps/scm/,AVAILABLE}{file:/home/runner/work/ozone/ozone/hadoop-ozone/integration-test/target/test-classes/webapps/scm}
2022-07-12 20:46:59,818 [org.apache.hadoop.util.JvmPauseMonitor$Monitor@d8ed2b3] INFO  util.JvmPauseMonitor (JvmPauseMonitor.java:run(188)) - Starting JVM pause monitor
2022-07-12 20:46:59,852 [Listener at 0.0.0.0/36695] INFO  server.AbstractConnector (AbstractConnector.java:doStart(331)) - Started ServerConnector@1d3004d1{HTTP/1.1, (http/1.1)}{0.0.0.0:41779}
2022-07-12 20:46:59,852 [Listener at 0.0.0.0/36695] INFO  server.Server (Server.java:doStart(415)) - Started @218227ms
2022-07-12 20:46:59,852 [Listener at 0.0.0.0/36695] WARN  impl.MetricsSystemImpl (MetricsSystemImpl.java:register(279)) - Sink prometheus already exists!
2022-07-12 20:46:59,853 [Listener at 0.0.0.0/36695] INFO  http.BaseHttpServer (BaseHttpServer.java:updateConnectorAddress(329)) - HTTP server of scm listening at http://0.0.0.0:41779
2022-07-12 20:46:59,853 [Listener at 0.0.0.0/36695] WARN  server.ServerUtils (ServerUtils.java:getDBPath(225)) - ozone.om.db.dirs is not configured. We recommend adding this setting. Falling back to ozone.metadata.dirs instead.
2022-07-12 20:46:59,855 [Listener at 0.0.0.0/36695] INFO  ha.OMHANodeDetails (OMHANodeDetails.java:loadOMHAConfig(115)) - ozone.om.internal.service.id is not defined, falling back to ozone.om.service.ids to find serviceID for OzoneManager if it is HA enabled cluster
2022-07-12 20:46:59,855 [Listener at 0.0.0.0/36695] INFO  ha.OMHANodeDetails (OMHANodeDetails.java:loadOMHAConfig(226)) - Configuration does not have ozone.om.address set. Falling back to the default OM address /127.0.0.1:0
2022-07-12 20:46:59,855 [Listener at 0.0.0.0/36695] INFO  ha.OMHANodeDetails (OMHANodeDetails.java:getOMNodeDetailsForNonHA(254)) - OM Service ID is not set. Setting it to the default ID: omServiceIdDefault
2022-07-12 20:46:59,855 [Listener at 0.0.0.0/36695] INFO  ha.OMHANodeDetails (OMHANodeDetails.java:getOMNodeDetailsForNonHA(261)) - OM Node ID is not set. Setting it to the default ID: om1
2022-07-12 20:46:59,855 [Listener at 0.0.0.0/36695] WARN  server.ServerUtils (ServerUtils.java:getDBPath(225)) - ozone.om.db.dirs is not configured. We recommend adding this setting. Falling back to ozone.metadata.dirs instead.
2022-07-12 20:46:59,856 [Listener at 0.0.0.0/36695] INFO  upgrade.AbstractLayoutVersionManager (AbstractLayoutVersionManager.java:init(82)) - Initializing Layout version manager with metadata layout = MULTITENANCY_SCHEMA (version = 3), software layout = MULTITENANCY_SCHEMA (version = 3)
2022-07-12 20:47:00,088 [Listener at 0.0.0.0/36695] INFO  reflections.Reflections (Reflections.java:scan(232)) - Reflections took 231 ms to scan 2 urls, producing 153 keys and 430 values [using 2 cores]
2022-07-12 20:47:00,089 [Listener at 0.0.0.0/36695] INFO  upgrade.OMLayoutVersionManager (OMLayoutVersionManager.java:lambda$0(115)) - Skipping Upgrade Action MockOmUpgradeAction since it has been finalized.
2022-07-12 20:47:00,089 [Listener at 0.0.0.0/36695] WARN  server.ServerUtils (ServerUtils.java:getDBPath(225)) - ozone.om.db.dirs is not configured. We recommend adding this setting. Falling back to ozone.metadata.dirs instead.
2022-07-12 20:47:00,090 [Listener at 0.0.0.0/36695] INFO  proxy.SCMBlockLocationFailoverProxyProvider (SCMBlockLocationFailoverProxyProvider.java:<init>(114)) - Created block location fail-over proxy with 1 nodes: [nodeId=scmNodeId,nodeAddress=/0.0.0.0:44917]
2022-07-12 20:47:00,091 [Listener at 0.0.0.0/36695] INFO  proxy.SCMBlockLocationFailoverProxyProvider (SCMBlockLocationFailoverProxyProvider.java:<init>(114)) - Created block location fail-over proxy with 1 nodes: [nodeId=scmNodeId,nodeAddress=/0.0.0.0:44917]
2022-07-12 20:47:00,172 [Listener at 0.0.0.0/36695] WARN  server.ServerUtils (ServerUtils.java:getDBPath(225)) - ozone.om.db.dirs is not configured. We recommend adding this setting. Falling back to ozone.metadata.dirs instead.
2022-07-12 20:47:00,173 [Listener at 0.0.0.0/36695] INFO  codec.OmKeyInfoCodec (OmKeyInfoCodec.java:<init>(49)) - OmKeyInfoCodec ignorePipeline = true
2022-07-12 20:47:00,173 [Listener at 0.0.0.0/36695] INFO  codec.RepeatedOmKeyInfoCodec (RepeatedOmKeyInfoCodec.java:<init>(41)) - RepeatedOmKeyInfoCodec ignorePipeline = true
2022-07-12 20:47:00,903 [Listener at 0.0.0.0/36695] INFO  om.OzoneManager (OzoneManager.java:instantiateServices(692)) - S3 Multi-Tenancy is disabled
2022-07-12 20:47:00,919 [Listener at 0.0.0.0/36695] INFO  om.OzoneManager (OzoneManager.java:addS3GVolumeToDB(4259)) - Created Volume s3v With Owner runner required for S3Gateway operations.
2022-07-12 20:47:00,919 [Listener at 0.0.0.0/36695] WARN  server.ServerUtils (ServerUtils.java:getDefaultRatisDirectory(237)) - Storage directory for Ratis is not configured. It is a good idea to map this to an SSD disk. Falling back to ozone.metadata.dirs
2022-07-12 20:47:00,920 [Listener at 0.0.0.0/36695] WARN  utils.OzoneManagerRatisUtils (OzoneManagerRatisUtils.java:getOMRatisSnapshotDirectory(431)) - ozone.om.ratis.snapshot.dir is not configured. Falling back to ozone.metadata.dirs config
2022-07-12 20:47:00,920 [Listener at 0.0.0.0/36695] WARN  server.ServerUtils (ServerUtils.java:getDefaultRatisDirectory(237)) - Storage directory for Ratis is not configured. It is a good idea to map this to an SSD disk. Falling back to ozone.metadata.dirs
2022-07-12 20:47:00,921 [Listener at 0.0.0.0/36695] INFO  ratis.OzoneManagerRatisServer (OzoneManagerRatisServer.java:<init>(159)) - Instantiating OM Ratis server with groupID: omServiceIdDefault and peers: localhost:9872
2022-07-12 20:47:00,921 [Listener at 0.0.0.0/36695] INFO  ratis.OzoneManagerStateMachine (OzoneManagerStateMachine.java:loadSnapshotInfoFromDB(632)) - LastAppliedIndex is set from TransactionInfo from OM DB as (t:0, i:~)
2022-07-12 20:47:00,923 [Listener at 0.0.0.0/36695] INFO  server.RaftServer (ConfUtils.java:logGet(46)) - raft.rpc.type = GRPC (default)
2022-07-12 20:47:00,923 [Listener at 0.0.0.0/36695] INFO  grpc.GrpcFactory (GrpcFactory.java:checkPooledByteBufAllocatorUseCacheForAllThreads(48)) - PERFORMANCE WARNING: useCacheForAllThreads is true that may cause Netty to create a lot garbage objects and, as a result, trigger GC.
	It is recommended to disable useCacheForAllThreads by setting -Dorg.apache.ratis.thirdparty.io.netty.allocator.useCacheForAllThreads=false in command line.
2022-07-12 20:47:00,923 [Listener at 0.0.0.0/36695] INFO  grpc.GrpcConfigKeys (ConfUtils.java:logGet(46)) - raft.grpc.admin.port = -1 (default)
2022-07-12 20:47:00,923 [Listener at 0.0.0.0/36695] INFO  grpc.GrpcConfigKeys (ConfUtils.java:logGet(46)) - raft.grpc.server.port = 9872 (custom)
2022-07-12 20:47:00,923 [Listener at 0.0.0.0/36695] INFO  grpc.GrpcConfigKeys (ConfUtils.java:logGet(46)) - raft.grpc.client.port = -1 (default)
2022-07-12 20:47:00,924 [Listener at 0.0.0.0/36695] INFO  grpc.GrpcConfigKeys (ConfUtils.java:logGet(46)) - raft.grpc.server.port = 9872 (custom)
2022-07-12 20:47:00,924 [Listener at 0.0.0.0/36695] INFO  grpc.GrpcConfigKeys (ConfUtils.java:logGet(46)) - raft.grpc.server.port = 9872 (custom)
2022-07-12 20:47:00,924 [Listener at 0.0.0.0/36695] INFO  server.GrpcService (ConfUtils.java:logGet(46)) - raft.grpc.message.size.max = 33554432 (custom)
2022-07-12 20:47:00,924 [Listener at 0.0.0.0/36695] INFO  server.RaftServerConfigKeys (ConfUtils.java:logGet(46)) - raft.server.log.appender.buffer.byte-limit = 33554432 (custom)
2022-07-12 20:47:00,924 [Listener at 0.0.0.0/36695] INFO  server.GrpcService (ConfUtils.java:logGet(46)) - raft.grpc.flow.control.window = 1MB (=1048576) (default)
2022-07-12 20:47:00,924 [Listener at 0.0.0.0/36695] INFO  server.RaftServerConfigKeys (ConfUtils.java:logGet(46)) - raft.server.rpc.request.timeout = 3000ms (default)
2022-07-12 20:47:00,924 [Listener at 0.0.0.0/36695] INFO  grpc.GrpcConfigKeys (ConfUtils.java:logGet(46)) - raft.grpc.server.async.request.thread.pool.cached = true (default)
2022-07-12 20:47:00,924 [Listener at 0.0.0.0/36695] INFO  grpc.GrpcConfigKeys (ConfUtils.java:logGet(46)) - raft.grpc.server.async.request.thread.pool.size = 32 (default)
2022-07-12 20:47:00,926 [Listener at 0.0.0.0/36695] INFO  impl.DataStreamServerImpl (ConfUtils.java:logGet(46)) - raft.datastream.type = DISABLED (default)
2022-07-12 20:47:00,926 [Listener at 0.0.0.0/36695] INFO  server.RaftServerConfigKeys (ConfUtils.java:logGet(46)) - raft.server.threadpool.proxy.cached = true (default)
2022-07-12 20:47:00,926 [Listener at 0.0.0.0/36695] INFO  server.RaftServerConfigKeys (ConfUtils.java:logGet(46)) - raft.server.threadpool.proxy.size = 0 (default)
2022-07-12 20:47:00,926 [Listener at 0.0.0.0/36695] INFO  server.RaftServerConfigKeys (ConfUtils.java:logGet(46)) - raft.server.rpc.slowness.timeout = 120s (custom)
2022-07-12 20:47:00,926 [Listener at 0.0.0.0/36695] INFO  server.RaftServerConfigKeys (ConfUtils.java:logGet(46)) - raft.server.leaderelection.leader.step-down.wait-time = 10s (default)
2022-07-12 20:47:00,926 [Listener at 0.0.0.0/36695] INFO  server.RaftServerConfigKeys (ConfUtils.java:logGet(46)) - raft.server.storage.dir = [/home/runner/work/ozone/ozone/hadoop-ozone/integration-test/target/test-dir/MiniOzoneClusterImpl-0bd21523-c128-41c2-8182-978cc9bee6b0/ozone-meta/ratis] (custom)
2022-07-12 20:47:00,975 [Listener at 0.0.0.0/36695] INFO  server.RaftServer (RaftServerProxy.java:addNew(96)) - om1: addNew group-C5BA1605619E:[om1|rpc:localhost:9872|priority:0] returns group-C5BA1605619E:java.util.concurrent.CompletableFuture@2f3f69d0[Not completed]
2022-07-12 20:47:00,975 [Listener at 0.0.0.0/36695] INFO  om.OzoneManager (OzoneManager.java:initializeRatisServer(1961)) - OzoneManager Ratis server initialized at port 9872
2022-07-12 20:47:00,976 [Listener at 0.0.0.0/36695] INFO  om.OzoneManager (OzoneManager.java:getRpcServer(1081)) - Creating RPC Server
2022-07-12 20:47:00,978 [pool-787-thread-1] INFO  server.RaftServer$Division (RaftServerImpl.java:<init>(190)) - om1: new RaftServerImpl for group-C5BA1605619E:[om1|rpc:localhost:9872|priority:0] with OzoneManagerStateMachine:uninitialized
2022-07-12 20:47:00,978 [pool-787-thread-1] INFO  server.RaftServerConfigKeys (ConfUtils.java:logGet(46)) - raft.server.rpc.timeout.min = 1s (custom)
2022-07-12 20:47:00,979 [pool-787-thread-1] INFO  server.RaftServerConfigKeys (ConfUtils.java:logGet(46)) - raft.server.rpc.timeout.max = 1200ms (custom)
2022-07-12 20:47:00,980 [pool-787-thread-1] INFO  server.RaftServerConfigKeys (ConfUtils.java:logGet(46)) - raft.server.rpc.sleep.time = 25ms (default)
2022-07-12 20:47:00,980 [pool-787-thread-1] INFO  server.RaftServerConfigKeys (ConfUtils.java:logGet(46)) - raft.server.rpc.slowness.timeout = 120s (custom)
2022-07-12 20:47:00,980 [pool-787-thread-1] INFO  server.RaftServerConfigKeys (ConfUtils.java:logGet(46)) - raft.server.leaderelection.leader.step-down.wait-time = 10s (default)
2022-07-12 20:47:00,980 [pool-787-thread-1] INFO  server.RaftServerConfigKeys (ConfUtils.java:logGet(46)) - raft.server.sleep.deviation.threshold = 300ms (default)
2022-07-12 20:47:00,980 [pool-787-thread-1] INFO  server.RaftServer$Division (ServerState.java:<init>(107)) - om1@group-C5BA1605619E: ConfigurationManager, init=-1: [om1|rpc:localhost:9872|priority:0], old=null, confs=<EMPTY_MAP>
2022-07-12 20:47:00,980 [pool-787-thread-1] INFO  server.RaftServerConfigKeys (ConfUtils.java:logGet(46)) - raft.server.storage.dir = [/home/runner/work/ozone/ozone/hadoop-ozone/integration-test/target/test-dir/MiniOzoneClusterImpl-0bd21523-c128-41c2-8182-978cc9bee6b0/ozone-meta/ratis] (custom)
2022-07-12 20:47:00,980 [pool-787-thread-1] INFO  server.RaftServerConfigKeys (ConfUtils.java:logGet(46)) - raft.server.log.corruption.policy = EXCEPTION (default)
2022-07-12 20:47:00,980 [pool-787-thread-1] INFO  server.RaftServerConfigKeys (ConfUtils.java:logGet(46)) - raft.server.storage.free-space.min = 0MB (=0) (default)
2022-07-12 20:47:00,980 [pool-787-thread-1] INFO  storage.RaftStorageDirectory (RaftStorageDirectoryImpl.java:analyzeStorage(135)) - The storage directory /home/runner/work/ozone/ozone/hadoop-ozone/integration-test/target/test-dir/MiniOzoneClusterImpl-0bd21523-c128-41c2-8182-978cc9bee6b0/ozone-meta/ratis/bf265839-605b-3f16-9796-c5ba1605619e does not exist. Creating ...
2022-07-12 20:47:00,992 [pool-787-thread-1] INFO  storage.RaftStorageDirectory (RaftStorageDirectoryImpl.java:tryLock(230)) - Lock on /home/runner/work/ozone/ozone/hadoop-ozone/integration-test/target/test-dir/MiniOzoneClusterImpl-0bd21523-c128-41c2-8182-978cc9bee6b0/ozone-meta/ratis/bf265839-605b-3f16-9796-c5ba1605619e/in_use.lock acquired by nodename 3147@fv-az29-983
2022-07-12 20:47:00,999 [pool-787-thread-1] INFO  storage.RaftStorage (RaftStorageImpl.java:format(89)) - Storage directory /home/runner/work/ozone/ozone/hadoop-ozone/integration-test/target/test-dir/MiniOzoneClusterImpl-0bd21523-c128-41c2-8182-978cc9bee6b0/ozone-meta/ratis/bf265839-605b-3f16-9796-c5ba1605619e has been successfully formatted.
2022-07-12 20:47:00,999 [pool-787-thread-1] INFO  server.RaftServerConfigKeys (ConfUtils.java:logGet(46)) - raft.server.notification.no-leader.timeout = 120s (custom)
2022-07-12 20:47:00,999 [pool-787-thread-1] INFO  server.RaftServerConfigKeys (ConfUtils.java:logGet(46)) - raft.server.log.use.memory = false (default)
2022-07-12 20:47:00,999 [pool-787-thread-1] INFO  server.RaftServerConfigKeys (ConfUtils.java:logGet(46)) - raft.server.log.purge.gap = 1000000 (custom)
2022-07-12 20:47:00,999 [pool-787-thread-1] INFO  server.RaftServerConfigKeys (ConfUtils.java:logGet(46)) - raft.server.log.appender.buffer.byte-limit = 33554432 (custom)
2022-07-12 20:47:00,999 [pool-787-thread-1] INFO  server.RaftServerConfigKeys (ConfUtils.java:logGet(46)) - raft.server.log.statemachine.data.read.timeout = 1000ms (default)
2022-07-12 20:47:00,999 [pool-787-thread-1] INFO  server.RaftServerConfigKeys (ConfUtils.java:logGet(46)) - raft.server.log.segment.size.max = 4194304 (custom)
2022-07-12 20:47:01,000 [pool-787-thread-1] INFO  server.RaftServerConfigKeys (ConfUtils.java:logGet(46)) - raft.server.log.segment.cache.num.max = 2 (custom)
2022-07-12 20:47:01,000 [pool-787-thread-1] INFO  server.RaftServerConfigKeys (ConfUtils.java:logGet(46)) - raft.server.log.segment.cache.size.max = 200MB (=209715200) (default)
2022-07-12 20:47:01,000 [pool-787-thread-1] INFO  segmented.SegmentedRaftLogWorker (SegmentedRaftLogWorker.java:<init>(187)) - new om1@group-C5BA1605619E-SegmentedRaftLogWorker for RaftStorageImpl:Storage Directory /home/runner/work/ozone/ozone/hadoop-ozone/integration-test/target/test-dir/MiniOzoneClusterImpl-0bd21523-c128-41c2-8182-978cc9bee6b0/ozone-meta/ratis/bf265839-605b-3f16-9796-c5ba1605619e
2022-07-12 20:47:01,000 [pool-787-thread-1] INFO  server.RaftServerConfigKeys (ConfUtils.java:logGet(46)) - raft.server.log.queue.byte-limit = 64MB (=67108864) (default)
2022-07-12 20:47:01,000 [pool-787-thread-1] INFO  server.RaftServerConfigKeys (ConfUtils.java:logGet(46)) - raft.server.log.queue.element-limit = 4096 (default)
2022-07-12 20:47:01,000 [pool-787-thread-1] INFO  server.RaftServerConfigKeys (ConfUtils.java:logGet(46)) - raft.server.log.segment.size.max = 4194304 (custom)
2022-07-12 20:47:01,000 [pool-787-thread-1] INFO  server.RaftServerConfigKeys (ConfUtils.java:logGet(46)) - raft.server.log.preallocated.size = 4194304 (custom)
2022-07-12 20:47:01,000 [pool-787-thread-1] INFO  server.RaftServerConfigKeys (ConfUtils.java:logGet(46)) - raft.server.log.force.sync.num = 128 (default)
2022-07-12 20:47:01,000 [pool-787-thread-1] INFO  server.RaftServerConfigKeys (ConfUtils.java:logGet(46)) - raft.server.log.statemachine.data.sync = true (default)
2022-07-12 20:47:01,000 [pool-787-thread-1] INFO  server.RaftServerConfigKeys (ConfUtils.java:logGet(46)) - raft.server.log.statemachine.data.sync.timeout = 10s (default)
2022-07-12 20:47:01,000 [pool-787-thread-1] INFO  server.RaftServerConfigKeys (ConfUtils.java:logGet(46)) - raft.server.log.statemachine.data.sync.timeout.retry = -1 (default)
2022-07-12 20:47:01,001 [pool-787-thread-1] INFO  server.RaftServerConfigKeys (ConfUtils.java:logGet(46)) - raft.server.log.write.buffer.size = 64KB (=65536) (default)
2022-07-12 20:47:01,031 [pool-787-thread-1] INFO  server.RaftServerConfigKeys (ConfUtils.java:logGet(46)) - raft.server.log.unsafe-flush.enabled = false (default)
2022-07-12 20:47:01,031 [pool-787-thread-1] INFO  server.RaftServerConfigKeys (ConfUtils.java:logGet(46)) - raft.server.log.statemachine.data.caching.enabled = false (default)
2022-07-12 20:47:01,031 [pool-787-thread-1] INFO  segmented.SegmentedRaftLogWorker (SegmentedRaftLogWorker.java:lambda$new$0(135)) - om1@group-C5BA1605619E-SegmentedRaftLogWorker: flushIndex: setUnconditionally 0 -> -1
2022-07-12 20:47:01,031 [pool-787-thread-1] INFO  segmented.SegmentedRaftLogWorker (SegmentedRaftLogWorker.java:lambda$new$0(135)) - om1@group-C5BA1605619E-SegmentedRaftLogWorker: safeCacheEvictIndex: setUnconditionally 0 -> -1
2022-07-12 20:47:01,035 [pool-787-thread-1] INFO  server.RaftServerConfigKeys (ConfUtils.java:logGet(46)) - raft.server.snapshot.auto.trigger.enabled = true (custom)
2022-07-12 20:47:01,035 [pool-787-thread-1] INFO  server.RaftServerConfigKeys (ConfUtils.java:logGet(46)) - raft.server.snapshot.auto.trigger.threshold = 400000 (default)
2022-07-12 20:47:01,035 [pool-787-thread-1] INFO  server.RaftServerConfigKeys (ConfUtils.java:logGet(46)) - raft.server.snapshot.retention.file.num = -1 (default)
2022-07-12 20:47:01,035 [pool-787-thread-1] INFO  server.RaftServerConfigKeys (ConfUtils.java:logGet(46)) - raft.server.log.purge.upto.snapshot.index = true (custom)
2022-07-12 20:47:01,035 [pool-787-thread-1] INFO  server.RaftServerConfigKeys (ConfUtils.java:logGet(46)) - raft.server.retrycache.expirytime = 300s (custom)
2022-07-12 20:47:01,035 [pool-787-thread-1] INFO  server.RaftServerConfigKeys (ConfUtils.java:logGet(46)) - raft.server.retrycache.statistics.expirytime = 100μs (default)
2022-07-12 20:47:01,036 [pool-787-thread-1] INFO  server.RaftServerConfigKeys (ConfUtils.java:logGet(46)) - raft.server.log.appender.install.snapshot.enabled = false (custom)
2022-07-12 20:47:01,036 [pool-787-thread-1] INFO  server.RaftServerConfigKeys (ConfUtils.java:logGet(46)) - raft.server.threadpool.server.cached = true (default)
2022-07-12 20:47:01,036 [pool-787-thread-1] INFO  server.RaftServerConfigKeys (ConfUtils.java:logGet(46)) - raft.server.threadpool.server.size = 0 (default)
2022-07-12 20:47:01,036 [pool-787-thread-1] INFO  server.RaftServerConfigKeys (ConfUtils.java:logGet(46)) - raft.server.threadpool.client.cached = true (default)
2022-07-12 20:47:01,036 [pool-787-thread-1] INFO  server.RaftServerConfigKeys (ConfUtils.java:logGet(46)) - raft.server.threadpool.client.size = 0 (default)
2022-07-12 20:47:02,413 [Listener at 0.0.0.0/36695] INFO  reflections.Reflections (Reflections.java:scan(232)) - Reflections took 1435 ms to scan 19 urls, producing 66 keys and 4101 values [using 2 cores]
2022-07-12 20:47:02,414 [Listener at 0.0.0.0/36695] INFO  ipc.CallQueueManager (CallQueueManager.java:<init>(90)) - Using callQueue: class java.util.concurrent.LinkedBlockingQueue, queueCapacity: 2000, scheduler: class org.apache.hadoop.ipc.DefaultRpcScheduler, ipcBackoff: false.
2022-07-12 20:47:02,443 [Socket Reader #1 for port 0] INFO  ipc.Server (Server.java:run(1265)) - Starting Socket Reader #1 for port 0
2022-07-12 20:47:02,535 [Listener at 127.0.0.1/43375] INFO  impl.MetricsSystemImpl (MetricsSystemImpl.java:init(158)) - OzoneManager metrics system started (again)
2022-07-12 20:47:02,545 [Listener at 127.0.0.1/43375] INFO  om.OzoneManager (OzoneManager.java:start(1465)) - OzoneManager RPC server is listening at localhost/127.0.0.1:43375
2022-07-12 20:47:02,545 [Listener at 127.0.0.1/43375] INFO  ratis.OzoneManagerRatisServer (OzoneManagerRatisServer.java:start(554)) - Starting OzoneManagerRatisServer om1 at port 9872
2022-07-12 20:47:02,545 [om1-impl-thread1] INFO  server.RaftServer$Division (RaftServerImpl.java:start(310)) - om1@group-C5BA1605619E: start as a follower, conf=-1: [om1|rpc:localhost:9872|priority:0], old=null
2022-07-12 20:47:02,545 [om1-impl-thread1] INFO  server.RaftServer$Division (RaftServerImpl.java:setRole(299)) - om1@group-C5BA1605619E: changes role from      null to FOLLOWER at term 0 for startAsFollower
2022-07-12 20:47:02,545 [om1-impl-thread1] INFO  impl.RoleInfo (RoleInfo.java:updateAndGet(139)) - om1: start om1@group-C5BA1605619E-FollowerState
2022-07-12 20:47:02,545 [om1-impl-thread1] INFO  util.JmxRegister (JmxRegister.java:tryRegister(44)) - Successfully registered JMX Bean with object name Ratis:service=RaftServer,group=group-C5BA1605619E,id=om1
2022-07-12 20:47:02,546 [Listener at 127.0.0.1/43375] INFO  server.RaftServer (RaftServerProxy.java:lambda$start$6(382)) - om1: start RPC server
2022-07-12 20:47:02,589 [Listener at 127.0.0.1/43375] INFO  server.GrpcService (GrpcService.java:startImpl(260)) - om1: GrpcService started, listening on 9872
2022-07-12 20:47:02,590 [Listener at 127.0.0.1/43375] INFO  om.OzoneManager (OzoneManager.java:start(1481)) - Version File has different layout version (3) than OM DB (null). That is expected if this OM has never been finalized to a newer layout version.
2022-07-12 20:47:02,590 [org.apache.ratis.util.JvmPauseMonitor$$Lambda$680/1268395511@52f4963d] INFO  util.JvmPauseMonitor (JvmPauseMonitor.java:run(103)) - JvmPauseMonitor-om1: Started
2022-07-12 20:47:02,598 [Listener at 127.0.0.1/43375] INFO  http.BaseHttpServer (BaseHttpServer.java:newHttpServer2BuilderForOzone(209)) - Starting Web-server for ozoneManager at: http://0.0.0.0:0
2022-07-12 20:47:02,598 [Listener at 127.0.0.1/43375] INFO  http.BaseHttpServer (BaseHttpServer.java:<init>(107)) - Hadoop Security Enabled: false Ozone Security Enabled: false Ozone HTTP Security Enabled: false 
2022-07-12 20:47:02,599 [Listener at 127.0.0.1/43375] INFO  server.AuthenticationFilter (AuthenticationFilter.java:constructSecretProvider(240)) - Unable to initialize FileSignerSecretProvider, falling back to use random secrets.
2022-07-12 20:47:02,619 [Listener at 127.0.0.1/43375] WARN  http.HttpRequestLog (HttpRequestLog.java:getRequestLog(103)) - Jetty request log can only be enabled using Log4j
2022-07-12 20:47:02,620 [Listener at 127.0.0.1/43375] INFO  http.HttpServer2 (HttpServer2.java:addGlobalFilter(1029)) - Added global filter 'safety' (class=org.apache.hadoop.hdds.server.http.HttpServer2$QuotingInputFilter)
2022-07-12 20:47:02,620 [Listener at 127.0.0.1/43375] INFO  http.HttpServer2 (HttpServer2.java:addFilter(1005)) - Added filter static_user_filter (class=org.apache.hadoop.http.lib.StaticUserWebFilter$StaticUserFilter) to context ozoneManager
2022-07-12 20:47:02,620 [Listener at 127.0.0.1/43375] INFO  http.HttpServer2 (HttpServer2.java:addFilter(1013)) - Added filter static_user_filter (class=org.apache.hadoop.http.lib.StaticUserWebFilter$StaticUserFilter) to context logs
2022-07-12 20:47:02,620 [Listener at 127.0.0.1/43375] INFO  http.HttpServer2 (HttpServer2.java:addFilter(1013)) - Added filter static_user_filter (class=org.apache.hadoop.http.lib.StaticUserWebFilter$StaticUserFilter) to context static
2022-07-12 20:47:02,624 [Listener at 127.0.0.1/43375] INFO  http.HttpServer2 (HttpServer2.java:bindListener(1248)) - Jetty bound to port 34499
2022-07-12 20:47:02,625 [Listener at 127.0.0.1/43375] INFO  server.Server (Server.java:doStart(375)) - jetty-9.4.43.v20210629; built: 2021-06-30T11:07:22.254Z; git: 526006ecfa3af7f1a27ef3a288e2bef7ea9dd7e8; jvm 1.8.0_332-b09
2022-07-12 20:47:02,651 [Listener at 127.0.0.1/43375] INFO  server.session (DefaultSessionIdManager.java:doStart(334)) - DefaultSessionIdManager workerName=node0
2022-07-12 20:47:02,651 [Listener at 127.0.0.1/43375] INFO  server.session (DefaultSessionIdManager.java:doStart(339)) - No SessionScavenger set, using defaults
2022-07-12 20:47:02,652 [Listener at 127.0.0.1/43375] INFO  server.session (HouseKeeper.java:startScavenging(132)) - node0 Scavenging every 600000ms
2022-07-12 20:47:02,665 [Listener at 127.0.0.1/43375] INFO  handler.ContextHandler (ContextHandler.java:doStart(915)) - Started o.e.j.s.ServletContextHandler@58e97141{logs,/logs,file:///home/runner/work/ozone/ozone/hadoop-ozone/integration-test/target/log,AVAILABLE}
2022-07-12 20:47:02,665 [Listener at 127.0.0.1/43375] INFO  handler.ContextHandler (ContextHandler.java:doStart(915)) - Started o.e.j.s.ServletContextHandler@50b0cd7{static,/static,file:///home/runner/work/ozone/ozone/hadoop-ozone/integration-test/target/test-classes/webapps/static,AVAILABLE}
2022-07-12 20:47:02,668 [Listener at 127.0.0.1/43375] INFO  handler.ContextHandler (ContextHandler.java:doStart(915)) - Started o.e.j.w.WebAppContext@19fdd8e{ozoneManager,/,file:///home/runner/work/ozone/ozone/hadoop-ozone/integration-test/target/test-classes/webapps/ozoneManager/,AVAILABLE}{file:/home/runner/work/ozone/ozone/hadoop-ozone/integration-test/target/test-classes/webapps/ozoneManager}
2022-07-12 20:47:02,691 [Listener at 127.0.0.1/43375] INFO  server.AbstractConnector (AbstractConnector.java:doStart(331)) - Started ServerConnector@55fe33bd{HTTP/1.1, (http/1.1)}{0.0.0.0:34499}
2022-07-12 20:47:02,692 [Listener at 127.0.0.1/43375] INFO  server.Server (Server.java:doStart(415)) - Started @221066ms
2022-07-12 20:47:02,692 [Listener at 127.0.0.1/43375] WARN  impl.MetricsSystemImpl (MetricsSystemImpl.java:register(279)) - Sink prometheus already exists!
2022-07-12 20:47:02,692 [Listener at 127.0.0.1/43375] INFO  http.BaseHttpServer (BaseHttpServer.java:updateConnectorAddress(329)) - HTTP server of ozoneManager listening at http://0.0.0.0:34499
2022-07-12 20:47:02,703 [IPC Server Responder] INFO  ipc.Server (Server.java:run(1507)) - IPC Server Responder: starting
2022-07-12 20:47:02,707 [IPC Server listener on 0] INFO  ipc.Server (Server.java:run(1344)) - IPC Server listener on 0: starting
2022-07-12 20:47:02,745 [Listener at 127.0.0.1/43375] INFO  om.OzoneManager (OzoneManager.java:startTrashEmptier(1905)) - Trash Interval set to 0. Files deleted won't move to trash
2022-07-12 20:47:02,775 [org.apache.hadoop.util.JvmPauseMonitor$Monitor@2bf0d39d] INFO  util.JvmPauseMonitor (JvmPauseMonitor.java:run(188)) - Starting JVM pause monitor
2022-07-12 20:47:02,779 [Listener at 127.0.0.1/43375] WARN  impl.MetricRegistriesImpl (MetricRegistriesImpl.java:addReporterRegistration(111)) - New reporters are added after registries were created. Some metrics will be missing from the reporter. Please add reporter before adding any new registry.
2022-07-12 20:47:02,779 [Listener at 127.0.0.1/43375] WARN  impl.MetricRegistriesImpl (MetricRegistriesImpl.java:addReporterRegistration(111)) - New reporters are added after registries were created. Some metrics will be missing from the reporter. Please add reporter before adding any new registry.
2022-07-12 20:47:02,779 [Listener at 127.0.0.1/43375] INFO  impl.MetricsSystemImpl (MetricsSystemImpl.java:init(158)) - HddsDatanode metrics system started (again)
2022-07-12 20:47:02,841 [Listener at 127.0.0.1/43375] INFO  ozone.HddsDatanodeService (HddsDatanodeService.java:start(236)) - HddsDatanodeService host:fv-az29-983.0gf2enmb5avurc1gjtxldx4mnh.bx.internal.cloudapp.net ip:10.1.0.33
2022-07-12 20:47:02,999 [Listener at 127.0.0.1/43375] INFO  upgrade.AbstractLayoutVersionManager (AbstractLayoutVersionManager.java:init(82)) - Initializing Layout version manager with metadata layout = DATANODE_SCHEMA_V3 (version = 4), software layout = DATANODE_SCHEMA_V3 (version = 4)
2022-07-12 20:47:03,151 [Listener at 127.0.0.1/43375] INFO  reflections.Reflections (Reflections.java:scan(232)) - Reflections took 151 ms to scan 7 urls, producing 132 keys and 317 values 
2022-07-12 20:47:03,152 [Listener at 127.0.0.1/43375] INFO  statemachine.DatanodeStateMachine (DatanodeStateMachine.java:getEndPointTaskThreadPoolSize(237)) - Datanode State Machine Task Thread Pool size 2
2022-07-12 20:47:03,153 [Listener at 127.0.0.1/43375] INFO  volume.HddsVolume (HddsVolume.java:<init>(116)) - Creating HddsVolume: /home/runner/work/ozone/ozone/hadoop-ozone/integration-test/target/test-dir/MiniOzoneClusterImpl-0bd21523-c128-41c2-8182-978cc9bee6b0/datanode-0/data-0/containers/hdds of storage type : DISK capacity : 9223372036854775807
2022-07-12 20:47:03,154 [Listener at 127.0.0.1/43375] INFO  volume.MutableVolumeSet (MutableVolumeSet.java:initializeVolumeSet(174)) - Added Volume : /home/runner/work/ozone/ozone/hadoop-ozone/integration-test/target/test-dir/MiniOzoneClusterImpl-0bd21523-c128-41c2-8182-978cc9bee6b0/datanode-0/data-0/containers/hdds to VolumeSet
2022-07-12 20:47:03,154 [Listener at 127.0.0.1/43375] INFO  volume.ThrottledAsyncChecker (ThrottledAsyncChecker.java:schedule(141)) - Scheduling a check for /home/runner/work/ozone/ozone/hadoop-ozone/integration-test/target/test-dir/MiniOzoneClusterImpl-0bd21523-c128-41c2-8182-978cc9bee6b0/datanode-0/data-0/containers/hdds
2022-07-12 20:47:03,183 [Listener at 127.0.0.1/43375] INFO  volume.StorageVolumeChecker (StorageVolumeChecker.java:checkAllVolumes(202)) - Scheduled health check for volume /home/runner/work/ozone/ozone/hadoop-ozone/integration-test/target/test-dir/MiniOzoneClusterImpl-0bd21523-c128-41c2-8182-978cc9bee6b0/datanode-0/data-0/containers/hdds
2022-07-12 20:47:03,210 [Listener at 127.0.0.1/43375] INFO  volume.MutableVolumeSet (MutableVolumeSet.java:initializeVolumeSet(174)) - Added Volume : /home/runner/work/ozone/ozone/hadoop-ozone/integration-test/target/test-dir/MiniOzoneClusterImpl-0bd21523-c128-41c2-8182-978cc9bee6b0/datanode-0/data/ratis to VolumeSet
2022-07-12 20:47:03,210 [Listener at 127.0.0.1/43375] INFO  volume.ThrottledAsyncChecker (ThrottledAsyncChecker.java:schedule(141)) - Scheduling a check for /home/runner/work/ozone/ozone/hadoop-ozone/integration-test/target/test-dir/MiniOzoneClusterImpl-0bd21523-c128-41c2-8182-978cc9bee6b0/datanode-0/data/ratis
2022-07-12 20:47:03,215 [Listener at 127.0.0.1/43375] INFO  volume.StorageVolumeChecker (StorageVolumeChecker.java:checkAllVolumes(202)) - Scheduled health check for volume /home/runner/work/ozone/ozone/hadoop-ozone/integration-test/target/test-dir/MiniOzoneClusterImpl-0bd21523-c128-41c2-8182-978cc9bee6b0/datanode-0/data/ratis
2022-07-12 20:47:03,299 [Thread-1496] INFO  ozoneimpl.ContainerReader (ContainerReader.java:readVolume(175)) - Finish verifying containers on volume /home/runner/work/ozone/ozone/hadoop-ozone/integration-test/target/test-dir/MiniOzoneClusterImpl-0bd21523-c128-41c2-8182-978cc9bee6b0/datanode-0/data-0/containers/hdds
2022-07-12 20:47:03,299 [Listener at 127.0.0.1/43375] INFO  ozoneimpl.OzoneContainer (OzoneContainer.java:buildContainerSet(266)) - Build ContainerSet costs 0s
2022-07-12 20:47:03,301 [Listener at 127.0.0.1/43375] INFO  server.RaftServer (ConfUtils.java:logGet(46)) - raft.rpc.type = GRPC (default)
2022-07-12 20:47:03,301 [Listener at 127.0.0.1/43375] INFO  grpc.GrpcFactory (GrpcFactory.java:checkPooledByteBufAllocatorUseCacheForAllThreads(48)) - PERFORMANCE WARNING: useCacheForAllThreads is true that may cause Netty to create a lot garbage objects and, as a result, trigger GC.
	It is recommended to disable useCacheForAllThreads by setting -Dorg.apache.ratis.thirdparty.io.netty.allocator.useCacheForAllThreads=false in command line.
2022-07-12 20:47:03,302 [Listener at 127.0.0.1/43375] INFO  grpc.GrpcConfigKeys (ConfUtils.java:logGet(46)) - raft.grpc.admin.port = 0 (custom)
2022-07-12 20:47:03,302 [Listener at 127.0.0.1/43375] INFO  grpc.GrpcConfigKeys (ConfUtils.java:logGet(46)) - raft.grpc.client.port = 0 (custom)
2022-07-12 20:47:03,302 [Listener at 127.0.0.1/43375] INFO  grpc.GrpcConfigKeys (ConfUtils.java:logGet(46)) - raft.grpc.server.port = 0 (default)
2022-07-12 20:47:03,302 [Listener at 127.0.0.1/43375] INFO  server.GrpcService (ConfUtils.java:logGet(46)) - raft.grpc.message.size.max = 32MB (=33554432) (custom)
2022-07-12 20:47:03,302 [Listener at 127.0.0.1/43375] INFO  server.RaftServerConfigKeys (ConfUtils.java:logGet(46)) - raft.server.log.appender.buffer.byte-limit = 33554432 (custom)
2022-07-12 20:47:03,302 [Listener at 127.0.0.1/43375] INFO  server.GrpcService (ConfUtils.java:logGet(46)) - raft.grpc.flow.control.window = 5MB (=5242880) (custom)
2022-07-12 20:47:03,302 [Listener at 127.0.0.1/43375] INFO  server.RaftServerConfigKeys (ConfUtils.java:logGet(46)) - raft.server.rpc.request.timeout = 60s (custom)
2022-07-12 20:47:03,302 [Listener at 127.0.0.1/43375] INFO  grpc.GrpcConfigKeys (ConfUtils.java:logGet(46)) - raft.grpc.server.async.request.thread.pool.cached = true (default)
2022-07-12 20:47:03,302 [Listener at 127.0.0.1/43375] INFO  grpc.GrpcConfigKeys (ConfUtils.java:logGet(46)) - raft.grpc.server.async.request.thread.pool.size = 32 (default)
2022-07-12 20:47:03,318 [Listener at 127.0.0.1/43375] INFO  impl.DataStreamServerImpl (ConfUtils.java:logGet(46)) - raft.datastream.type = DISABLED (default)
2022-07-12 20:47:03,319 [Listener at 127.0.0.1/43375] INFO  server.RaftServerConfigKeys (ConfUtils.java:logGet(46)) - raft.server.threadpool.proxy.cached = true (default)
2022-07-12 20:47:03,319 [Listener at 127.0.0.1/43375] INFO  server.RaftServerConfigKeys (ConfUtils.java:logGet(46)) - raft.server.threadpool.proxy.size = 0 (default)
2022-07-12 20:47:03,319 [Listener at 127.0.0.1/43375] INFO  server.RaftServerConfigKeys (ConfUtils.java:logGet(46)) - raft.server.rpc.slowness.timeout = 300s (custom)
2022-07-12 20:47:03,319 [Listener at 127.0.0.1/43375] INFO  server.RaftServerConfigKeys (ConfUtils.java:logGet(46)) - raft.server.leaderelection.leader.step-down.wait-time = 10s (default)
2022-07-12 20:47:03,319 [Listener at 127.0.0.1/43375] INFO  server.RaftServerConfigKeys (ConfUtils.java:logGet(46)) - raft.server.storage.dir = [/home/runner/work/ozone/ozone/hadoop-ozone/integration-test/target/test-dir/MiniOzoneClusterImpl-0bd21523-c128-41c2-8182-978cc9bee6b0/datanode-0/data/ratis] (custom)
2022-07-12 20:47:03,321 [Listener at 127.0.0.1/43375] INFO  server.XceiverServerGrpc (XceiverServerGrpc.java:<init>(132)) - GrpcServer channel type EpollServerSocketChannel
2022-07-12 20:47:03,342 [Listener at 127.0.0.1/43375] INFO  http.BaseHttpServer (BaseHttpServer.java:newHttpServer2BuilderForOzone(209)) - Starting Web-server for hddsDatanode at: http://0.0.0.0:0
2022-07-12 20:47:03,342 [Listener at 127.0.0.1/43375] INFO  http.BaseHttpServer (BaseHttpServer.java:<init>(107)) - Hadoop Security Enabled: false Ozone Security Enabled: false Ozone HTTP Security Enabled: false 
2022-07-12 20:47:03,371 [Listener at 127.0.0.1/43375] INFO  server.AuthenticationFilter (AuthenticationFilter.java:constructSecretProvider(240)) - Unable to initialize FileSignerSecretProvider, falling back to use random secrets.
2022-07-12 20:47:03,383 [Listener at 127.0.0.1/43375] WARN  http.HttpRequestLog (HttpRequestLog.java:getRequestLog(103)) - Jetty request log can only be enabled using Log4j
2022-07-12 20:47:03,384 [Listener at 127.0.0.1/43375] INFO  http.HttpServer2 (HttpServer2.java:addGlobalFilter(1029)) - Added global filter 'safety' (class=org.apache.hadoop.hdds.server.http.HttpServer2$QuotingInputFilter)
2022-07-12 20:47:03,384 [Listener at 127.0.0.1/43375] INFO  http.HttpServer2 (HttpServer2.java:addFilter(1005)) - Added filter static_user_filter (class=org.apache.hadoop.http.lib.StaticUserWebFilter$StaticUserFilter) to context hddsDatanode
2022-07-12 20:47:03,384 [Listener at 127.0.0.1/43375] INFO  http.HttpServer2 (HttpServer2.java:addFilter(1013)) - Added filter static_user_filter (class=org.apache.hadoop.http.lib.StaticUserWebFilter$StaticUserFilter) to context logs
2022-07-12 20:47:03,384 [Listener at 127.0.0.1/43375] INFO  http.HttpServer2 (HttpServer2.java:addFilter(1013)) - Added filter static_user_filter (class=org.apache.hadoop.http.lib.StaticUserWebFilter$StaticUserFilter) to context static
2022-07-12 20:47:03,385 [Listener at 127.0.0.1/43375] INFO  http.HttpServer2 (HttpServer2.java:bindListener(1248)) - Jetty bound to port 40313
2022-07-12 20:47:03,385 [Listener at 127.0.0.1/43375] INFO  server.Server (Server.java:doStart(375)) - jetty-9.4.43.v20210629; built: 2021-06-30T11:07:22.254Z; git: 526006ecfa3af7f1a27ef3a288e2bef7ea9dd7e8; jvm 1.8.0_332-b09
2022-07-12 20:47:03,417 [Listener at 127.0.0.1/43375] INFO  server.session (DefaultSessionIdManager.java:doStart(334)) - DefaultSessionIdManager workerName=node0
2022-07-12 20:47:03,417 [Listener at 127.0.0.1/43375] INFO  server.session (DefaultSessionIdManager.java:doStart(339)) - No SessionScavenger set, using defaults
2022-07-12 20:47:03,418 [Listener at 127.0.0.1/43375] INFO  server.session (HouseKeeper.java:startScavenging(132)) - node0 Scavenging every 600000ms
2022-07-12 20:47:03,418 [Listener at 127.0.0.1/43375] INFO  handler.ContextHandler (ContextHandler.java:doStart(915)) - Started o.e.j.s.ServletContextHandler@7015e045{logs,/logs,file:///home/runner/work/ozone/ozone/hadoop-ozone/integration-test/target/log,AVAILABLE}
2022-07-12 20:47:03,418 [Listener at 127.0.0.1/43375] INFO  handler.ContextHandler (ContextHandler.java:doStart(915)) - Started o.e.j.s.ServletContextHandler@7792e75e{static,/static,jar:file:/home/runner/.m2/repository/org/apache/ozone/hdds-container-service/1.3.0-SNAPSHOT/hdds-container-service-1.3.0-SNAPSHOT.jar!/webapps/static,AVAILABLE}
2022-07-12 20:47:03,580 [om1@group-C5BA1605619E-FollowerState] INFO  impl.FollowerState (FollowerState.java:run(143)) - om1@group-C5BA1605619E-FollowerState: change to CANDIDATE, lastRpcElapsedTime:1034885807ns, electionTimeout:1034ms
2022-07-12 20:47:03,580 [om1@group-C5BA1605619E-FollowerState] INFO  impl.RoleInfo (RoleInfo.java:shutdownFollowerState(110)) - om1: shutdown om1@group-C5BA1605619E-FollowerState
2022-07-12 20:47:03,580 [om1@group-C5BA1605619E-FollowerState] INFO  server.RaftServer$Division (RaftServerImpl.java:setRole(299)) - om1@group-C5BA1605619E: changes role from  FOLLOWER to CANDIDATE at term 0 for changeToCandidate
2022-07-12 20:47:03,580 [om1@group-C5BA1605619E-FollowerState] INFO  server.RaftServerConfigKeys (ConfUtils.java:logGet(46)) - raft.server.leaderelection.pre-vote = false (custom)
2022-07-12 20:47:03,580 [om1@group-C5BA1605619E-FollowerState] INFO  impl.RoleInfo (RoleInfo.java:updateAndGet(139)) - om1: start om1@group-C5BA1605619E-LeaderElection72
2022-07-12 20:47:03,623 [om1@group-C5BA1605619E-LeaderElection72] INFO  impl.LeaderElection (LeaderElection.java:askForVotes(310)) - om1@group-C5BA1605619E-LeaderElection72 ELECTION round 0: submit vote requests at term 1 for -1: [om1|rpc:localhost:9872|priority:0], old=null
2022-07-12 20:47:03,623 [om1@group-C5BA1605619E-LeaderElection72] INFO  impl.LeaderElection (LeaderElection.java:askForVotes(312)) - om1@group-C5BA1605619E-LeaderElection72 ELECTION round 0: result PASSED (term=1)
2022-07-12 20:47:03,623 [om1@group-C5BA1605619E-LeaderElection72] INFO  impl.RoleInfo (RoleInfo.java:shutdownLeaderElection(130)) - om1: shutdown om1@group-C5BA1605619E-LeaderElection72
2022-07-12 20:47:03,624 [om1@group-C5BA1605619E-LeaderElection72] INFO  server.RaftServer$Division (RaftServerImpl.java:setRole(299)) - om1@group-C5BA1605619E: changes role from CANDIDATE to LEADER at term 1 for changeToLeader
2022-07-12 20:47:03,624 [om1@group-C5BA1605619E-LeaderElection72] INFO  server.RaftServer$Division (ServerState.java:setLeader(287)) - om1@group-C5BA1605619E: change Leader from null to om1 at term 1 for becomeLeader, leader elected after 2624ms
2022-07-12 20:47:03,624 [om1@group-C5BA1605619E-LeaderElection72] INFO  server.RaftServerConfigKeys (ConfUtils.java:logGet(46)) - raft.server.staging.catchup.gap = 1000 (default)
2022-07-12 20:47:03,624 [om1@group-C5BA1605619E-LeaderElection72] INFO  server.RaftServerConfigKeys (ConfUtils.java:logGet(46)) - raft.server.write.element-limit = 4096 (default)
2022-07-12 20:47:03,624 [om1@group-C5BA1605619E-LeaderElection72] INFO  server.RaftServerConfigKeys (ConfUtils.java:logGet(46)) - raft.server.write.byte-limit = 64MB (=67108864) (default)
2022-07-12 20:47:03,624 [om1@group-C5BA1605619E-LeaderElection72] INFO  server.RaftServerConfigKeys (ConfUtils.java:logGet(46)) - raft.server.watch.timeout = 10s (default)
2022-07-12 20:47:03,624 [om1@group-C5BA1605619E-LeaderElection72] INFO  server.RaftServerConfigKeys (ConfUtils.java:logGet(46)) - raft.server.watch.timeout.denomination = 1s (default)
2022-07-12 20:47:03,624 [om1@group-C5BA1605619E-LeaderElection72] INFO  server.RaftServerConfigKeys (ConfUtils.java:logGet(46)) - raft.server.watch.element-limit = 65536 (default)
2022-07-12 20:47:03,624 [om1@group-C5BA1605619E-LeaderElection72] INFO  server.RaftServerConfigKeys (ConfUtils.java:logGet(46)) - raft.server.write.element-limit = 4096 (default)
2022-07-12 20:47:03,624 [om1@group-C5BA1605619E-LeaderElection72] INFO  server.RaftServerConfigKeys (ConfUtils.java:logGet(46)) - raft.server.write.follower.gap.ratio.max = -1.0 (default)
2022-07-12 20:47:03,624 [om1@group-C5BA1605619E-LeaderElection72] INFO  impl.RoleInfo (RoleInfo.java:updateAndGet(139)) - om1: start om1@group-C5BA1605619E-LeaderStateImpl
2022-07-12 20:47:03,625 [om1@group-C5BA1605619E-LeaderElection72] INFO  segmented.SegmentedRaftLogWorker (SegmentedRaftLogWorker.java:startLogSegment(425)) - om1@group-C5BA1605619E-SegmentedRaftLogWorker: Starting segment from index:0
2022-07-12 20:47:03,654 [om1@group-C5BA1605619E-SegmentedRaftLogWorker] INFO  segmented.SegmentedRaftLogWorker (SegmentedRaftLogWorker.java:execute(629)) - om1@group-C5BA1605619E-SegmentedRaftLogWorker: created new log segment /home/runner/work/ozone/ozone/hadoop-ozone/integration-test/target/test-dir/MiniOzoneClusterImpl-0bd21523-c128-41c2-8182-978cc9bee6b0/ozone-meta/ratis/bf265839-605b-3f16-9796-c5ba1605619e/current/log_inprogress_0
2022-07-12 20:47:03,683 [om1@group-C5BA1605619E-LeaderElection72] INFO  server.RaftServer$Division (ServerState.java:setRaftConf(393)) - om1@group-C5BA1605619E: set configuration 0: [om1|rpc:localhost:9872|admin:|client:|dataStream:|priority:0], old=null
2022-07-12 20:47:03,683 [om1@group-C5BA1605619E-StateMachineUpdater] INFO  ratis.OzoneManagerStateMachine (OzoneManagerStateMachine.java:notifyConfigurationChanged(192)) - Received Configuration change notification from Ratis. New Peer list:
[id: "om1"
address: "localhost:9872"
]
2022-07-12 20:47:04,089 [Listener at 127.0.0.1/43375] INFO  handler.ContextHandler (ContextHandler.java:doStart(915)) - Started o.e.j.w.WebAppContext@7ab61b45{hddsDatanode,/,file:///tmp/jetty-0_0_0_0-40313-hdds-container-service-1_3_0-SNAPSHOT_jar-_-any-4008872672189697645/webapp/,AVAILABLE}{jar:file:/home/runner/.m2/repository/org/apache/ozone/hdds-container-service/1.3.0-SNAPSHOT/hdds-container-service-1.3.0-SNAPSHOT.jar!/webapps/hddsDatanode}
2022-07-12 20:47:04,119 [Listener at 127.0.0.1/43375] INFO  server.AbstractConnector (AbstractConnector.java:doStart(331)) - Started ServerConnector@173f86cc{HTTP/1.1, (http/1.1)}{0.0.0.0:40313}
2022-07-12 20:47:04,119 [Listener at 127.0.0.1/43375] INFO  server.Server (Server.java:doStart(415)) - Started @222493ms
2022-07-12 20:47:04,119 [Listener at 127.0.0.1/43375] WARN  impl.MetricsSystemImpl (MetricsSystemImpl.java:register(279)) - Sink prometheus already exists!
2022-07-12 20:47:04,130 [Listener at 127.0.0.1/43375] INFO  http.BaseHttpServer (BaseHttpServer.java:updateConnectorAddress(329)) - HTTP server of hddsDatanode listening at http://0.0.0.0:40313
2022-07-12 20:47:04,136 [Listener at 127.0.0.1/43375] WARN  impl.MetricRegistriesImpl (MetricRegistriesImpl.java:addReporterRegistration(111)) - New reporters are added after registries were created. Some metrics will be missing from the reporter. Please add reporter before adding any new registry.
2022-07-12 20:47:04,136 [Listener at 127.0.0.1/43375] WARN  impl.MetricRegistriesImpl (MetricRegistriesImpl.java:addReporterRegistration(111)) - New reporters are added after registries were created. Some metrics will be missing from the reporter. Please add reporter before adding any new registry.
2022-07-12 20:47:04,136 [Listener at 127.0.0.1/43375] INFO  impl.MetricsSystemImpl (MetricsSystemImpl.java:init(158)) - HddsDatanode metrics system started (again)
2022-07-12 20:47:04,155 [Datanode State Machine Daemon Thread] INFO  statemachine.DatanodeStateMachine (DatanodeStateMachine.java:lambda$startDaemon$0(492)) - Ozone container server started.
2022-07-12 20:47:04,206 [Listener at 127.0.0.1/43375] INFO  ozone.HddsDatanodeService (HddsDatanodeService.java:start(236)) - HddsDatanodeService host:fv-az29-983.0gf2enmb5avurc1gjtxldx4mnh.bx.internal.cloudapp.net ip:10.1.0.33
2022-07-12 20:47:04,207 [org.apache.hadoop.util.JvmPauseMonitor$Monitor@48952efe] INFO  util.JvmPauseMonitor (JvmPauseMonitor.java:run(188)) - Starting JVM pause monitor
2022-07-12 20:47:04,226 [Datanode State Machine Task Thread - 0] INFO  datanode.InitDatanodeState (InitDatanodeState.java:persistContainerDatanodeDetails(138)) - DatanodeDetails is persisted to /home/runner/work/ozone/ozone/hadoop-ozone/integration-test/target/test-dir/MiniOzoneClusterImpl-0bd21523-c128-41c2-8182-978cc9bee6b0/datanode-0/meta/datanode.id
2022-07-12 20:47:04,309 [Listener at 127.0.0.1/43375] INFO  upgrade.AbstractLayoutVersionManager (AbstractLayoutVersionManager.java:init(82)) - Initializing Layout version manager with metadata layout = DATANODE_SCHEMA_V3 (version = 4), software layout = DATANODE_SCHEMA_V3 (version = 4)
2022-07-12 20:47:04,467 [Listener at 127.0.0.1/43375] INFO  reflections.Reflections (Reflections.java:scan(232)) - Reflections took 157 ms to scan 7 urls, producing 132 keys and 317 values 
2022-07-12 20:47:04,468 [Listener at 127.0.0.1/43375] INFO  statemachine.DatanodeStateMachine (DatanodeStateMachine.java:getEndPointTaskThreadPoolSize(237)) - Datanode State Machine Task Thread Pool size 2
2022-07-12 20:47:04,483 [Listener at 127.0.0.1/43375] INFO  volume.HddsVolume (HddsVolume.java:<init>(116)) - Creating HddsVolume: /home/runner/work/ozone/ozone/hadoop-ozone/integration-test/target/test-dir/MiniOzoneClusterImpl-0bd21523-c128-41c2-8182-978cc9bee6b0/datanode-1/data-0/containers/hdds of storage type : DISK capacity : 9223372036854775807
2022-07-12 20:47:04,485 [Listener at 127.0.0.1/43375] INFO  volume.MutableVolumeSet (MutableVolumeSet.java:initializeVolumeSet(174)) - Added Volume : /home/runner/work/ozone/ozone/hadoop-ozone/integration-test/target/test-dir/MiniOzoneClusterImpl-0bd21523-c128-41c2-8182-978cc9bee6b0/datanode-1/data-0/containers/hdds to VolumeSet
2022-07-12 20:47:04,486 [Listener at 127.0.0.1/43375] INFO  volume.ThrottledAsyncChecker (ThrottledAsyncChecker.java:schedule(141)) - Scheduling a check for /home/runner/work/ozone/ozone/hadoop-ozone/integration-test/target/test-dir/MiniOzoneClusterImpl-0bd21523-c128-41c2-8182-978cc9bee6b0/datanode-1/data-0/containers/hdds
2022-07-12 20:47:04,542 [Listener at 127.0.0.1/43375] INFO  volume.StorageVolumeChecker (StorageVolumeChecker.java:checkAllVolumes(202)) - Scheduled health check for volume /home/runner/work/ozone/ozone/hadoop-ozone/integration-test/target/test-dir/MiniOzoneClusterImpl-0bd21523-c128-41c2-8182-978cc9bee6b0/datanode-1/data-0/containers/hdds
2022-07-12 20:47:04,554 [Listener at 127.0.0.1/43375] INFO  volume.MutableVolumeSet (MutableVolumeSet.java:initializeVolumeSet(174)) - Added Volume : /home/runner/work/ozone/ozone/hadoop-ozone/integration-test/target/test-dir/MiniOzoneClusterImpl-0bd21523-c128-41c2-8182-978cc9bee6b0/datanode-1/data/ratis to VolumeSet
2022-07-12 20:47:04,554 [Listener at 127.0.0.1/43375] INFO  volume.ThrottledAsyncChecker (ThrottledAsyncChecker.java:schedule(141)) - Scheduling a check for /home/runner/work/ozone/ozone/hadoop-ozone/integration-test/target/test-dir/MiniOzoneClusterImpl-0bd21523-c128-41c2-8182-978cc9bee6b0/datanode-1/data/ratis
2022-07-12 20:47:04,554 [Listener at 127.0.0.1/43375] INFO  volume.StorageVolumeChecker (StorageVolumeChecker.java:checkAllVolumes(202)) - Scheduled health check for volume /home/runner/work/ozone/ozone/hadoop-ozone/integration-test/target/test-dir/MiniOzoneClusterImpl-0bd21523-c128-41c2-8182-978cc9bee6b0/datanode-1/data/ratis
2022-07-12 20:47:04,681 [Thread-1511] INFO  ozoneimpl.ContainerReader (ContainerReader.java:readVolume(175)) - Finish verifying containers on volume /home/runner/work/ozone/ozone/hadoop-ozone/integration-test/target/test-dir/MiniOzoneClusterImpl-0bd21523-c128-41c2-8182-978cc9bee6b0/datanode-1/data-0/containers/hdds
2022-07-12 20:47:04,681 [Listener at 127.0.0.1/43375] INFO  ozoneimpl.OzoneContainer (OzoneContainer.java:buildContainerSet(266)) - Build ContainerSet costs 0s
2022-07-12 20:47:04,683 [Listener at 127.0.0.1/43375] INFO  server.RaftServer (ConfUtils.java:logGet(46)) - raft.rpc.type = GRPC (default)
2022-07-12 20:47:04,683 [Listener at 127.0.0.1/43375] INFO  grpc.GrpcFactory (GrpcFactory.java:checkPooledByteBufAllocatorUseCacheForAllThreads(48)) - PERFORMANCE WARNING: useCacheForAllThreads is true that may cause Netty to create a lot garbage objects and, as a result, trigger GC.
	It is recommended to disable useCacheForAllThreads by setting -Dorg.apache.ratis.thirdparty.io.netty.allocator.useCacheForAllThreads=false in command line.
2022-07-12 20:47:04,684 [Listener at 127.0.0.1/43375] INFO  grpc.GrpcConfigKeys (ConfUtils.java:logGet(46)) - raft.grpc.admin.port = 0 (custom)
2022-07-12 20:47:04,684 [Listener at 127.0.0.1/43375] INFO  grpc.GrpcConfigKeys (ConfUtils.java:logGet(46)) - raft.grpc.client.port = 0 (custom)
2022-07-12 20:47:04,684 [Listener at 127.0.0.1/43375] INFO  grpc.GrpcConfigKeys (ConfUtils.java:logGet(46)) - raft.grpc.server.port = 0 (default)
2022-07-12 20:47:04,684 [Listener at 127.0.0.1/43375] INFO  server.GrpcService (ConfUtils.java:logGet(46)) - raft.grpc.message.size.max = 32MB (=33554432) (custom)
2022-07-12 20:47:04,684 [Listener at 127.0.0.1/43375] INFO  server.RaftServerConfigKeys (ConfUtils.java:logGet(46)) - raft.server.log.appender.buffer.byte-limit = 33554432 (custom)
2022-07-12 20:47:04,684 [Listener at 127.0.0.1/43375] INFO  server.GrpcService (ConfUtils.java:logGet(46)) - raft.grpc.flow.control.window = 5MB (=5242880) (custom)
2022-07-12 20:47:04,684 [Listener at 127.0.0.1/43375] INFO  server.RaftServerConfigKeys (ConfUtils.java:logGet(46)) - raft.server.rpc.request.timeout = 60s (custom)
2022-07-12 20:47:04,684 [Listener at 127.0.0.1/43375] INFO  grpc.GrpcConfigKeys (ConfUtils.java:logGet(46)) - raft.grpc.server.async.request.thread.pool.cached = true (default)
2022-07-12 20:47:04,684 [Listener at 127.0.0.1/43375] INFO  grpc.GrpcConfigKeys (ConfUtils.java:logGet(46)) - raft.grpc.server.async.request.thread.pool.size = 32 (default)
2022-07-12 20:47:04,686 [Listener at 127.0.0.1/43375] INFO  impl.DataStreamServerImpl (ConfUtils.java:logGet(46)) - raft.datastream.type = DISABLED (default)
2022-07-12 20:47:04,686 [Listener at 127.0.0.1/43375] INFO  server.RaftServerConfigKeys (ConfUtils.java:logGet(46)) - raft.server.threadpool.proxy.cached = true (default)
2022-07-12 20:47:04,686 [Listener at 127.0.0.1/43375] INFO  server.RaftServerConfigKeys (ConfUtils.java:logGet(46)) - raft.server.threadpool.proxy.size = 0 (default)
2022-07-12 20:47:04,686 [Listener at 127.0.0.1/43375] INFO  server.RaftServerConfigKeys (ConfUtils.java:logGet(46)) - raft.server.rpc.slowness.timeout = 300s (custom)
2022-07-12 20:47:04,686 [Listener at 127.0.0.1/43375] INFO  server.RaftServerConfigKeys (ConfUtils.java:logGet(46)) - raft.server.leaderelection.leader.step-down.wait-time = 10s (default)
2022-07-12 20:47:04,686 [Listener at 127.0.0.1/43375] INFO  server.RaftServerConfigKeys (ConfUtils.java:logGet(46)) - raft.server.storage.dir = [/home/runner/work/ozone/ozone/hadoop-ozone/integration-test/target/test-dir/MiniOzoneClusterImpl-0bd21523-c128-41c2-8182-978cc9bee6b0/datanode-1/data/ratis] (custom)
2022-07-12 20:47:04,729 [Listener at 127.0.0.1/43375] INFO  server.XceiverServerGrpc (XceiverServerGrpc.java:<init>(132)) - GrpcServer channel type EpollServerSocketChannel
2022-07-12 20:47:04,743 [Listener at 127.0.0.1/43375] INFO  http.BaseHttpServer (BaseHttpServer.java:newHttpServer2BuilderForOzone(209)) - Starting Web-server for hddsDatanode at: http://0.0.0.0:0
2022-07-12 20:47:04,744 [Listener at 127.0.0.1/43375] INFO  http.BaseHttpServer (BaseHttpServer.java:<init>(107)) - Hadoop Security Enabled: false Ozone Security Enabled: false Ozone HTTP Security Enabled: false 
2022-07-12 20:47:04,744 [Listener at 127.0.0.1/43375] INFO  server.AuthenticationFilter (AuthenticationFilter.java:constructSecretProvider(240)) - Unable to initialize FileSignerSecretProvider, falling back to use random secrets.
2022-07-12 20:47:04,771 [Listener at 127.0.0.1/43375] WARN  http.HttpRequestLog (HttpRequestLog.java:getRequestLog(103)) - Jetty request log can only be enabled using Log4j
2022-07-12 20:47:04,779 [Listener at 127.0.0.1/43375] INFO  http.HttpServer2 (HttpServer2.java:addGlobalFilter(1029)) - Added global filter 'safety' (class=org.apache.hadoop.hdds.server.http.HttpServer2$QuotingInputFilter)
2022-07-12 20:47:04,779 [Listener at 127.0.0.1/43375] INFO  http.HttpServer2 (HttpServer2.java:addFilter(1005)) - Added filter static_user_filter (class=org.apache.hadoop.http.lib.StaticUserWebFilter$StaticUserFilter) to context hddsDatanode
2022-07-12 20:47:04,779 [Listener at 127.0.0.1/43375] INFO  http.HttpServer2 (HttpServer2.java:addFilter(1013)) - Added filter static_user_filter (class=org.apache.hadoop.http.lib.StaticUserWebFilter$StaticUserFilter) to context static
2022-07-12 20:47:04,779 [Listener at 127.0.0.1/43375] INFO  http.HttpServer2 (HttpServer2.java:addFilter(1013)) - Added filter static_user_filter (class=org.apache.hadoop.http.lib.StaticUserWebFilter$StaticUserFilter) to context logs
2022-07-12 20:47:04,780 [Listener at 127.0.0.1/43375] INFO  http.HttpServer2 (HttpServer2.java:bindListener(1248)) - Jetty bound to port 45741
2022-07-12 20:47:04,780 [Listener at 127.0.0.1/43375] INFO  server.Server (Server.java:doStart(375)) - jetty-9.4.43.v20210629; built: 2021-06-30T11:07:22.254Z; git: 526006ecfa3af7f1a27ef3a288e2bef7ea9dd7e8; jvm 1.8.0_332-b09
2022-07-12 20:47:04,847 [Listener at 127.0.0.1/43375] INFO  server.session (DefaultSessionIdManager.java:doStart(334)) - DefaultSessionIdManager workerName=node0
2022-07-12 20:47:04,847 [Listener at 127.0.0.1/43375] INFO  server.session (DefaultSessionIdManager.java:doStart(339)) - No SessionScavenger set, using defaults
2022-07-12 20:47:04,847 [Listener at 127.0.0.1/43375] INFO  server.session (HouseKeeper.java:startScavenging(132)) - node0 Scavenging every 600000ms
2022-07-12 20:47:04,848 [Listener at 127.0.0.1/43375] INFO  handler.ContextHandler (ContextHandler.java:doStart(915)) - Started o.e.j.s.ServletContextHandler@74b5a79b{logs,/logs,file:///home/runner/work/ozone/ozone/hadoop-ozone/integration-test/target/log,AVAILABLE}
2022-07-12 20:47:04,848 [Listener at 127.0.0.1/43375] INFO  handler.ContextHandler (ContextHandler.java:doStart(915)) - Started o.e.j.s.ServletContextHandler@37675fc7{static,/static,jar:file:/home/runner/.m2/repository/org/apache/ozone/hdds-container-service/1.3.0-SNAPSHOT/hdds-container-service-1.3.0-SNAPSHOT.jar!/webapps/static,AVAILABLE}
2022-07-12 20:47:05,481 [Listener at 127.0.0.1/43375] INFO  handler.ContextHandler (ContextHandler.java:doStart(915)) - Started o.e.j.w.WebAppContext@35729bc3{hddsDatanode,/,file:///tmp/jetty-0_0_0_0-45741-hdds-container-service-1_3_0-SNAPSHOT_jar-_-any-7109509778838687457/webapp/,AVAILABLE}{jar:file:/home/runner/.m2/repository/org/apache/ozone/hdds-container-service/1.3.0-SNAPSHOT/hdds-container-service-1.3.0-SNAPSHOT.jar!/webapps/hddsDatanode}
2022-07-12 20:47:05,535 [Listener at 127.0.0.1/43375] INFO  server.AbstractConnector (AbstractConnector.java:doStart(331)) - Started ServerConnector@4f2fcbe0{HTTP/1.1, (http/1.1)}{0.0.0.0:45741}
2022-07-12 20:47:05,535 [Listener at 127.0.0.1/43375] INFO  server.Server (Server.java:doStart(415)) - Started @223909ms
2022-07-12 20:47:05,535 [Listener at 127.0.0.1/43375] WARN  impl.MetricsSystemImpl (MetricsSystemImpl.java:register(279)) - Sink prometheus already exists!
2022-07-12 20:47:05,536 [Listener at 127.0.0.1/43375] INFO  http.BaseHttpServer (BaseHttpServer.java:updateConnectorAddress(329)) - HTTP server of hddsDatanode listening at http://0.0.0.0:45741
2022-07-12 20:47:05,536 [Listener at 127.0.0.1/43375] WARN  impl.MetricRegistriesImpl (MetricRegistriesImpl.java:addReporterRegistration(111)) - New reporters are added after registries were created. Some metrics will be missing from the reporter. Please add reporter before adding any new registry.
2022-07-12 20:47:05,536 [Listener at 127.0.0.1/43375] WARN  impl.MetricRegistriesImpl (MetricRegistriesImpl.java:addReporterRegistration(111)) - New reporters are added after registries were created. Some metrics will be missing from the reporter. Please add reporter before adding any new registry.
2022-07-12 20:47:05,536 [Listener at 127.0.0.1/43375] INFO  impl.MetricsSystemImpl (MetricsSystemImpl.java:init(158)) - HddsDatanode metrics system started (again)
2022-07-12 20:47:05,572 [Datanode State Machine Daemon Thread] INFO  statemachine.DatanodeStateMachine (DatanodeStateMachine.java:lambda$startDaemon$0(492)) - Ozone container server started.
2022-07-12 20:47:05,629 [Listener at 127.0.0.1/43375] INFO  ozone.HddsDatanodeService (HddsDatanodeService.java:start(236)) - HddsDatanodeService host:fv-az29-983.0gf2enmb5avurc1gjtxldx4mnh.bx.internal.cloudapp.net ip:10.1.0.33
2022-07-12 20:47:05,670 [org.apache.hadoop.util.JvmPauseMonitor$Monitor@5c36acd4] INFO  util.JvmPauseMonitor (JvmPauseMonitor.java:run(188)) - Starting JVM pause monitor
2022-07-12 20:47:05,673 [Datanode State Machine Task Thread - 0] INFO  datanode.InitDatanodeState (InitDatanodeState.java:persistContainerDatanodeDetails(138)) - DatanodeDetails is persisted to /home/runner/work/ozone/ozone/hadoop-ozone/integration-test/target/test-dir/MiniOzoneClusterImpl-0bd21523-c128-41c2-8182-978cc9bee6b0/datanode-1/meta/datanode.id
2022-07-12 20:47:05,681 [Listener at 127.0.0.1/43375] INFO  upgrade.AbstractLayoutVersionManager (AbstractLayoutVersionManager.java:init(82)) - Initializing Layout version manager with metadata layout = DATANODE_SCHEMA_V3 (version = 4), software layout = DATANODE_SCHEMA_V3 (version = 4)
2022-07-12 20:47:05,813 [Listener at 127.0.0.1/43375] INFO  reflections.Reflections (Reflections.java:scan(232)) - Reflections took 131 ms to scan 7 urls, producing 132 keys and 317 values 
2022-07-12 20:47:05,844 [Listener at 127.0.0.1/43375] INFO  statemachine.DatanodeStateMachine (DatanodeStateMachine.java:getEndPointTaskThreadPoolSize(237)) - Datanode State Machine Task Thread Pool size 2
2022-07-12 20:47:05,855 [Listener at 127.0.0.1/43375] INFO  volume.HddsVolume (HddsVolume.java:<init>(116)) - Creating HddsVolume: /home/runner/work/ozone/ozone/hadoop-ozone/integration-test/target/test-dir/MiniOzoneClusterImpl-0bd21523-c128-41c2-8182-978cc9bee6b0/datanode-2/data-0/containers/hdds of storage type : DISK capacity : 9223372036854775807
2022-07-12 20:47:05,855 [Listener at 127.0.0.1/43375] INFO  volume.MutableVolumeSet (MutableVolumeSet.java:initializeVolumeSet(174)) - Added Volume : /home/runner/work/ozone/ozone/hadoop-ozone/integration-test/target/test-dir/MiniOzoneClusterImpl-0bd21523-c128-41c2-8182-978cc9bee6b0/datanode-2/data-0/containers/hdds to VolumeSet
2022-07-12 20:47:05,856 [Listener at 127.0.0.1/43375] INFO  volume.ThrottledAsyncChecker (ThrottledAsyncChecker.java:schedule(141)) - Scheduling a check for /home/runner/work/ozone/ozone/hadoop-ozone/integration-test/target/test-dir/MiniOzoneClusterImpl-0bd21523-c128-41c2-8182-978cc9bee6b0/datanode-2/data-0/containers/hdds
2022-07-12 20:47:05,875 [Listener at 127.0.0.1/43375] INFO  volume.StorageVolumeChecker (StorageVolumeChecker.java:checkAllVolumes(202)) - Scheduled health check for volume /home/runner/work/ozone/ozone/hadoop-ozone/integration-test/target/test-dir/MiniOzoneClusterImpl-0bd21523-c128-41c2-8182-978cc9bee6b0/datanode-2/data-0/containers/hdds
2022-07-12 20:47:05,913 [Listener at 127.0.0.1/43375] INFO  volume.MutableVolumeSet (MutableVolumeSet.java:initializeVolumeSet(174)) - Added Volume : /home/runner/work/ozone/ozone/hadoop-ozone/integration-test/target/test-dir/MiniOzoneClusterImpl-0bd21523-c128-41c2-8182-978cc9bee6b0/datanode-2/data/ratis to VolumeSet
2022-07-12 20:47:05,913 [Listener at 127.0.0.1/43375] INFO  volume.ThrottledAsyncChecker (ThrottledAsyncChecker.java:schedule(141)) - Scheduling a check for /home/runner/work/ozone/ozone/hadoop-ozone/integration-test/target/test-dir/MiniOzoneClusterImpl-0bd21523-c128-41c2-8182-978cc9bee6b0/datanode-2/data/ratis
2022-07-12 20:47:05,931 [Listener at 127.0.0.1/43375] INFO  volume.StorageVolumeChecker (StorageVolumeChecker.java:checkAllVolumes(202)) - Scheduled health check for volume /home/runner/work/ozone/ozone/hadoop-ozone/integration-test/target/test-dir/MiniOzoneClusterImpl-0bd21523-c128-41c2-8182-978cc9bee6b0/datanode-2/data/ratis
2022-07-12 20:47:05,941 [Thread-1524] INFO  ozoneimpl.ContainerReader (ContainerReader.java:readVolume(175)) - Finish verifying containers on volume /home/runner/work/ozone/ozone/hadoop-ozone/integration-test/target/test-dir/MiniOzoneClusterImpl-0bd21523-c128-41c2-8182-978cc9bee6b0/datanode-2/data-0/containers/hdds
2022-07-12 20:47:05,941 [Listener at 127.0.0.1/43375] INFO  ozoneimpl.OzoneContainer (OzoneContainer.java:buildContainerSet(266)) - Build ContainerSet costs 0s
2022-07-12 20:47:05,942 [Listener at 127.0.0.1/43375] INFO  server.RaftServer (ConfUtils.java:logGet(46)) - raft.rpc.type = GRPC (default)
2022-07-12 20:47:05,943 [Listener at 127.0.0.1/43375] INFO  grpc.GrpcFactory (GrpcFactory.java:checkPooledByteBufAllocatorUseCacheForAllThreads(48)) - PERFORMANCE WARNING: useCacheForAllThreads is true that may cause Netty to create a lot garbage objects and, as a result, trigger GC.
	It is recommended to disable useCacheForAllThreads by setting -Dorg.apache.ratis.thirdparty.io.netty.allocator.useCacheForAllThreads=false in command line.
2022-07-12 20:47:05,943 [Listener at 127.0.0.1/43375] INFO  grpc.GrpcConfigKeys (ConfUtils.java:logGet(46)) - raft.grpc.admin.port = 0 (custom)
2022-07-12 20:47:05,943 [Listener at 127.0.0.1/43375] INFO  grpc.GrpcConfigKeys (ConfUtils.java:logGet(46)) - raft.grpc.client.port = 0 (custom)
2022-07-12 20:47:05,943 [Listener at 127.0.0.1/43375] INFO  grpc.GrpcConfigKeys (ConfUtils.java:logGet(46)) - raft.grpc.server.port = 0 (default)
2022-07-12 20:47:05,943 [Listener at 127.0.0.1/43375] INFO  server.GrpcService (ConfUtils.java:logGet(46)) - raft.grpc.message.size.max = 32MB (=33554432) (custom)
2022-07-12 20:47:05,943 [Listener at 127.0.0.1/43375] INFO  server.RaftServerConfigKeys (ConfUtils.java:logGet(46)) - raft.server.log.appender.buffer.byte-limit = 33554432 (custom)
2022-07-12 20:47:05,943 [Listener at 127.0.0.1/43375] INFO  server.GrpcService (ConfUtils.java:logGet(46)) - raft.grpc.flow.control.window = 5MB (=5242880) (custom)
2022-07-12 20:47:05,943 [Listener at 127.0.0.1/43375] INFO  server.RaftServerConfigKeys (ConfUtils.java:logGet(46)) - raft.server.rpc.request.timeout = 60s (custom)
2022-07-12 20:47:05,943 [Listener at 127.0.0.1/43375] INFO  grpc.GrpcConfigKeys (ConfUtils.java:logGet(46)) - raft.grpc.server.async.request.thread.pool.cached = true (default)
2022-07-12 20:47:05,944 [Listener at 127.0.0.1/43375] INFO  grpc.GrpcConfigKeys (ConfUtils.java:logGet(46)) - raft.grpc.server.async.request.thread.pool.size = 32 (default)
2022-07-12 20:47:05,945 [Listener at 127.0.0.1/43375] INFO  impl.DataStreamServerImpl (ConfUtils.java:logGet(46)) - raft.datastream.type = DISABLED (default)
2022-07-12 20:47:05,945 [Listener at 127.0.0.1/43375] INFO  server.RaftServerConfigKeys (ConfUtils.java:logGet(46)) - raft.server.threadpool.proxy.cached = true (default)
2022-07-12 20:47:05,945 [Listener at 127.0.0.1/43375] INFO  server.RaftServerConfigKeys (ConfUtils.java:logGet(46)) - raft.server.threadpool.proxy.size = 0 (default)
2022-07-12 20:47:05,945 [Listener at 127.0.0.1/43375] INFO  server.RaftServerConfigKeys (ConfUtils.java:logGet(46)) - raft.server.rpc.slowness.timeout = 300s (custom)
2022-07-12 20:47:05,945 [Listener at 127.0.0.1/43375] INFO  server.RaftServerConfigKeys (ConfUtils.java:logGet(46)) - raft.server.leaderelection.leader.step-down.wait-time = 10s (default)
2022-07-12 20:47:05,945 [Listener at 127.0.0.1/43375] INFO  server.RaftServerConfigKeys (ConfUtils.java:logGet(46)) - raft.server.storage.dir = [/home/runner/work/ozone/ozone/hadoop-ozone/integration-test/target/test-dir/MiniOzoneClusterImpl-0bd21523-c128-41c2-8182-978cc9bee6b0/datanode-2/data/ratis] (custom)
2022-07-12 20:47:05,968 [Listener at 127.0.0.1/43375] INFO  server.XceiverServerGrpc (XceiverServerGrpc.java:<init>(132)) - GrpcServer channel type EpollServerSocketChannel
2022-07-12 20:47:05,970 [Listener at 127.0.0.1/43375] INFO  http.BaseHttpServer (BaseHttpServer.java:newHttpServer2BuilderForOzone(209)) - Starting Web-server for hddsDatanode at: http://0.0.0.0:0
2022-07-12 20:47:05,970 [Listener at 127.0.0.1/43375] INFO  http.BaseHttpServer (BaseHttpServer.java:<init>(107)) - Hadoop Security Enabled: false Ozone Security Enabled: false Ozone HTTP Security Enabled: false 
2022-07-12 20:47:05,971 [Listener at 127.0.0.1/43375] INFO  server.AuthenticationFilter (AuthenticationFilter.java:constructSecretProvider(240)) - Unable to initialize FileSignerSecretProvider, falling back to use random secrets.
2022-07-12 20:47:05,972 [Listener at 127.0.0.1/43375] WARN  http.HttpRequestLog (HttpRequestLog.java:getRequestLog(103)) - Jetty request log can only be enabled using Log4j
2022-07-12 20:47:05,973 [Listener at 127.0.0.1/43375] INFO  http.HttpServer2 (HttpServer2.java:addGlobalFilter(1029)) - Added global filter 'safety' (class=org.apache.hadoop.hdds.server.http.HttpServer2$QuotingInputFilter)
2022-07-12 20:47:05,973 [Listener at 127.0.0.1/43375] INFO  http.HttpServer2 (HttpServer2.java:addFilter(1005)) - Added filter static_user_filter (class=org.apache.hadoop.http.lib.StaticUserWebFilter$StaticUserFilter) to context hddsDatanode
2022-07-12 20:47:05,973 [Listener at 127.0.0.1/43375] INFO  http.HttpServer2 (HttpServer2.java:addFilter(1013)) - Added filter static_user_filter (class=org.apache.hadoop.http.lib.StaticUserWebFilter$StaticUserFilter) to context logs
2022-07-12 20:47:05,973 [Listener at 127.0.0.1/43375] INFO  http.HttpServer2 (HttpServer2.java:addFilter(1013)) - Added filter static_user_filter (class=org.apache.hadoop.http.lib.StaticUserWebFilter$StaticUserFilter) to context static
2022-07-12 20:47:05,974 [Listener at 127.0.0.1/43375] INFO  http.HttpServer2 (HttpServer2.java:bindListener(1248)) - Jetty bound to port 32867
2022-07-12 20:47:05,974 [Listener at 127.0.0.1/43375] INFO  server.Server (Server.java:doStart(375)) - jetty-9.4.43.v20210629; built: 2021-06-30T11:07:22.254Z; git: 526006ecfa3af7f1a27ef3a288e2bef7ea9dd7e8; jvm 1.8.0_332-b09
2022-07-12 20:47:06,003 [Listener at 127.0.0.1/43375] INFO  server.session (DefaultSessionIdManager.java:doStart(334)) - DefaultSessionIdManager workerName=node0
2022-07-12 20:47:06,004 [Listener at 127.0.0.1/43375] INFO  server.session (DefaultSessionIdManager.java:doStart(339)) - No SessionScavenger set, using defaults
2022-07-12 20:47:06,004 [Listener at 127.0.0.1/43375] INFO  server.session (HouseKeeper.java:startScavenging(132)) - node0 Scavenging every 660000ms
2022-07-12 20:47:06,005 [Listener at 127.0.0.1/43375] INFO  handler.ContextHandler (ContextHandler.java:doStart(915)) - Started o.e.j.s.ServletContextHandler@38330440{logs,/logs,file:///home/runner/work/ozone/ozone/hadoop-ozone/integration-test/target/log,AVAILABLE}
2022-07-12 20:47:06,005 [Listener at 127.0.0.1/43375] INFO  handler.ContextHandler (ContextHandler.java:doStart(915)) - Started o.e.j.s.ServletContextHandler@40bd544{static,/static,jar:file:/home/runner/.m2/repository/org/apache/ozone/hdds-container-service/1.3.0-SNAPSHOT/hdds-container-service-1.3.0-SNAPSHOT.jar!/webapps/static,AVAILABLE}
2022-07-12 20:47:06,499 [EndpointStateMachine task thread for /0.0.0.0:38755 - 0 ] INFO  volume.HddsVolume (HddsVolume.java:createDbStore(309)) - SchemaV3 db is created and loaded at /home/runner/work/ozone/ozone/hadoop-ozone/integration-test/target/test-dir/MiniOzoneClusterImpl-0bd21523-c128-41c2-8182-978cc9bee6b0/datanode-0/data-0/containers/hdds/0bd21523-c128-41c2-8182-978cc9bee6b0/DS-3cefb334-eb82-4df8-a068-b3e5a20afc7c/container.db for volume DS-3cefb334-eb82-4df8-a068-b3e5a20afc7c
2022-07-12 20:47:06,533 [EndpointStateMachine task thread for /0.0.0.0:38755 - 0 ] INFO  volume.HddsVolume (HddsVolume.java:closeDbStore(340)) - SchemaV3 db is stopped at /home/runner/work/ozone/ozone/hadoop-ozone/integration-test/target/test-dir/MiniOzoneClusterImpl-0bd21523-c128-41c2-8182-978cc9bee6b0/datanode-0/data-0/containers/hdds/0bd21523-c128-41c2-8182-978cc9bee6b0/DS-3cefb334-eb82-4df8-a068-b3e5a20afc7c/container.db for volume DS-3cefb334-eb82-4df8-a068-b3e5a20afc7c
2022-07-12 20:47:06,534 [EndpointStateMachine task thread for /0.0.0.0:38755 - 0 ] INFO  ozoneimpl.OzoneContainer (OzoneContainer.java:start(344)) - Attempting to start container services.
2022-07-12 20:47:06,534 [EndpointStateMachine task thread for /0.0.0.0:38755 - 0 ] INFO  ozoneimpl.OzoneContainer (OzoneContainer.java:startContainerScrub(279)) - Background container scanner has been disabled.
2022-07-12 20:47:06,549 [EndpointStateMachine task thread for /0.0.0.0:38755 - 0 ] INFO  replication.ReplicationServer (ReplicationServer.java:start(111)) - ReplicationServer is started using port 37575
2022-07-12 20:47:06,574 [EndpointStateMachine task thread for /0.0.0.0:38755 - 0 ] INFO  ratis.XceiverServerRatis (XceiverServerRatis.java:start(481)) - Starting XceiverServerRatis 4d0729d0-f06c-489e-ab74-62b76a77b6d3
2022-07-12 20:47:06,575 [EndpointStateMachine task thread for /0.0.0.0:38755 - 0 ] INFO  server.RaftServer (RaftServerProxy.java:lambda$start$6(382)) - 4d0729d0-f06c-489e-ab74-62b76a77b6d3: start RPC server
2022-07-12 20:47:06,606 [EndpointStateMachine task thread for /0.0.0.0:38755 - 0 ] INFO  server.GrpcService (GrpcService.java:startImpl(260)) - 4d0729d0-f06c-489e-ab74-62b76a77b6d3: GrpcService started, listening on 35405
2022-07-12 20:47:06,620 [EndpointStateMachine task thread for /0.0.0.0:38755 - 0 ] INFO  ratis.XceiverServerRatis (XceiverServerRatis.java:getRealPort(502)) - XceiverServerRatis 4d0729d0-f06c-489e-ab74-62b76a77b6d3 is started using port 35405 for RATIS
2022-07-12 20:47:06,620 [EndpointStateMachine task thread for /0.0.0.0:38755 - 0 ] INFO  ratis.XceiverServerRatis (XceiverServerRatis.java:getRealPort(502)) - XceiverServerRatis 4d0729d0-f06c-489e-ab74-62b76a77b6d3 is started using port 35405 for RATIS_ADMIN
2022-07-12 20:47:06,620 [EndpointStateMachine task thread for /0.0.0.0:38755 - 0 ] INFO  ratis.XceiverServerRatis (XceiverServerRatis.java:getRealPort(502)) - XceiverServerRatis 4d0729d0-f06c-489e-ab74-62b76a77b6d3 is started using port 35405 for RATIS_SERVER
2022-07-12 20:47:06,620 [org.apache.ratis.util.JvmPauseMonitor$$Lambda$680/1268395511@582adde5] INFO  util.JvmPauseMonitor (JvmPauseMonitor.java:run(103)) - JvmPauseMonitor-4d0729d0-f06c-489e-ab74-62b76a77b6d3: Started
2022-07-12 20:47:06,659 [EndpointStateMachine task thread for /0.0.0.0:38755 - 0 ] INFO  server.XceiverServerGrpc (XceiverServerGrpc.java:start(180)) - XceiverServerGrpc 4d0729d0-f06c-489e-ab74-62b76a77b6d3 is started using port 40953
2022-07-12 20:47:06,775 [Listener at 127.0.0.1/43375] INFO  handler.ContextHandler (ContextHandler.java:doStart(915)) - Started o.e.j.w.WebAppContext@9992404{hddsDatanode,/,file:///tmp/jetty-0_0_0_0-32867-hdds-container-service-1_3_0-SNAPSHOT_jar-_-any-3953774140211761369/webapp/,AVAILABLE}{jar:file:/home/runner/.m2/repository/org/apache/ozone/hdds-container-service/1.3.0-SNAPSHOT/hdds-container-service-1.3.0-SNAPSHOT.jar!/webapps/hddsDatanode}
2022-07-12 20:47:06,801 [Listener at 127.0.0.1/43375] INFO  server.AbstractConnector (AbstractConnector.java:doStart(331)) - Started ServerConnector@7209f69b{HTTP/1.1, (http/1.1)}{0.0.0.0:32867}
2022-07-12 20:47:06,801 [Listener at 127.0.0.1/43375] INFO  server.Server (Server.java:doStart(415)) - Started @225175ms
2022-07-12 20:47:06,801 [Listener at 127.0.0.1/43375] WARN  impl.MetricsSystemImpl (MetricsSystemImpl.java:register(279)) - Sink prometheus already exists!
2022-07-12 20:47:06,802 [Listener at 127.0.0.1/43375] INFO  http.BaseHttpServer (BaseHttpServer.java:updateConnectorAddress(329)) - HTTP server of hddsDatanode listening at http://0.0.0.0:32867
2022-07-12 20:47:06,816 [Listener at 127.0.0.1/43375] INFO  ozone.MiniOzoneClusterImpl (MiniOzoneClusterImpl.java:lambda$waitForClusterToBeReady$0(223)) - Waiting for nodes to be ready. Got 0 of 3 DN Heartbeats.
2022-07-12 20:47:06,816 [Listener at 127.0.0.1/43375] INFO  ozone.MiniOzoneClusterImpl (MiniOzoneClusterImpl.java:lambda$waitForClusterToBeReady$0(226)) - Waiting for cluster to exit safe mode
2022-07-12 20:47:06,816 [Listener at 127.0.0.1/43375] INFO  ozone.MiniOzoneClusterImpl (MiniOzoneClusterImpl.java:lambda$waitForClusterToBeReady$0(228)) - SCM became leader
2022-07-12 20:47:06,818 [Datanode State Machine Daemon Thread] INFO  statemachine.DatanodeStateMachine (DatanodeStateMachine.java:lambda$startDaemon$0(492)) - Ozone container server started.
2022-07-12 20:47:06,915 [org.apache.hadoop.util.JvmPauseMonitor$Monitor@5f4e39e0] INFO  util.JvmPauseMonitor (JvmPauseMonitor.java:run(188)) - Starting JVM pause monitor
2022-07-12 20:47:06,944 [Datanode State Machine Task Thread - 0] INFO  datanode.InitDatanodeState (InitDatanodeState.java:persistContainerDatanodeDetails(138)) - DatanodeDetails is persisted to /home/runner/work/ozone/ozone/hadoop-ozone/integration-test/target/test-dir/MiniOzoneClusterImpl-0bd21523-c128-41c2-8182-978cc9bee6b0/datanode-2/meta/datanode.id
2022-07-12 20:47:07,816 [Listener at 127.0.0.1/43375] INFO  ozone.MiniOzoneClusterImpl (MiniOzoneClusterImpl.java:lambda$waitForClusterToBeReady$0(223)) - Waiting for nodes to be ready. Got 0 of 3 DN Heartbeats.
2022-07-12 20:47:07,817 [Listener at 127.0.0.1/43375] INFO  ozone.MiniOzoneClusterImpl (MiniOzoneClusterImpl.java:lambda$waitForClusterToBeReady$0(226)) - Waiting for cluster to exit safe mode
2022-07-12 20:47:07,817 [Listener at 127.0.0.1/43375] INFO  ozone.MiniOzoneClusterImpl (MiniOzoneClusterImpl.java:lambda$waitForClusterToBeReady$0(228)) - SCM became leader
2022-07-12 20:47:07,863 [EndpointStateMachine task thread for /0.0.0.0:38755 - 0 ] INFO  volume.HddsVolume (HddsVolume.java:createDbStore(309)) - SchemaV3 db is created and loaded at /home/runner/work/ozone/ozone/hadoop-ozone/integration-test/target/test-dir/MiniOzoneClusterImpl-0bd21523-c128-41c2-8182-978cc9bee6b0/datanode-1/data-0/containers/hdds/0bd21523-c128-41c2-8182-978cc9bee6b0/DS-bbf8c4d9-3ed7-4b5e-876c-f2d7a2a71fed/container.db for volume DS-bbf8c4d9-3ed7-4b5e-876c-f2d7a2a71fed
2022-07-12 20:47:07,863 [EndpointStateMachine task thread for /0.0.0.0:38755 - 0 ] INFO  volume.HddsVolume (HddsVolume.java:closeDbStore(340)) - SchemaV3 db is stopped at /home/runner/work/ozone/ozone/hadoop-ozone/integration-test/target/test-dir/MiniOzoneClusterImpl-0bd21523-c128-41c2-8182-978cc9bee6b0/datanode-1/data-0/containers/hdds/0bd21523-c128-41c2-8182-978cc9bee6b0/DS-bbf8c4d9-3ed7-4b5e-876c-f2d7a2a71fed/container.db for volume DS-bbf8c4d9-3ed7-4b5e-876c-f2d7a2a71fed
2022-07-12 20:47:07,863 [EndpointStateMachine task thread for /0.0.0.0:38755 - 0 ] INFO  ozoneimpl.OzoneContainer (OzoneContainer.java:start(344)) - Attempting to start container services.
2022-07-12 20:47:07,864 [EndpointStateMachine task thread for /0.0.0.0:38755 - 0 ] INFO  ozoneimpl.OzoneContainer (OzoneContainer.java:startContainerScrub(279)) - Background container scanner has been disabled.
2022-07-12 20:47:07,923 [EndpointStateMachine task thread for /0.0.0.0:38755 - 0 ] INFO  replication.ReplicationServer (ReplicationServer.java:start(111)) - ReplicationServer is started using port 45083
2022-07-12 20:47:07,923 [EndpointStateMachine task thread for /0.0.0.0:38755 - 0 ] INFO  ratis.XceiverServerRatis (XceiverServerRatis.java:start(481)) - Starting XceiverServerRatis 5f8711a9-ee6b-488e-a0ce-81e9173ee239
2022-07-12 20:47:07,924 [EndpointStateMachine task thread for /0.0.0.0:38755 - 0 ] INFO  server.RaftServer (RaftServerProxy.java:lambda$start$6(382)) - 5f8711a9-ee6b-488e-a0ce-81e9173ee239: start RPC server
2022-07-12 20:47:07,939 [EndpointStateMachine task thread for /0.0.0.0:38755 - 0 ] INFO  server.GrpcService (GrpcService.java:startImpl(260)) - 5f8711a9-ee6b-488e-a0ce-81e9173ee239: GrpcService started, listening on 39581
2022-07-12 20:47:07,943 [EndpointStateMachine task thread for /0.0.0.0:38755 - 0 ] INFO  ratis.XceiverServerRatis (XceiverServerRatis.java:getRealPort(502)) - XceiverServerRatis 5f8711a9-ee6b-488e-a0ce-81e9173ee239 is started using port 39581 for RATIS
2022-07-12 20:47:07,943 [EndpointStateMachine task thread for /0.0.0.0:38755 - 0 ] INFO  ratis.XceiverServerRatis (XceiverServerRatis.java:getRealPort(502)) - XceiverServerRatis 5f8711a9-ee6b-488e-a0ce-81e9173ee239 is started using port 39581 for RATIS_ADMIN
2022-07-12 20:47:07,943 [EndpointStateMachine task thread for /0.0.0.0:38755 - 0 ] INFO  ratis.XceiverServerRatis (XceiverServerRatis.java:getRealPort(502)) - XceiverServerRatis 5f8711a9-ee6b-488e-a0ce-81e9173ee239 is started using port 39581 for RATIS_SERVER
2022-07-12 20:47:07,943 [org.apache.ratis.util.JvmPauseMonitor$$Lambda$680/1268395511@72f90c84] INFO  util.JvmPauseMonitor (JvmPauseMonitor.java:run(103)) - JvmPauseMonitor-5f8711a9-ee6b-488e-a0ce-81e9173ee239: Started
2022-07-12 20:47:08,040 [EndpointStateMachine task thread for /0.0.0.0:38755 - 0 ] INFO  server.XceiverServerGrpc (XceiverServerGrpc.java:start(180)) - XceiverServerGrpc 5f8711a9-ee6b-488e-a0ce-81e9173ee239 is started using port 37681
2022-07-12 20:47:08,215 [IPC Server handler 0 on default port 38755] INFO  net.NetworkTopologyImpl (NetworkTopologyImpl.java:add(112)) - Added a new node: /default-rack/4d0729d0-f06c-489e-ab74-62b76a77b6d3
2022-07-12 20:47:08,215 [IPC Server handler 0 on default port 38755] INFO  node.SCMNodeManager (SCMNodeManager.java:register(397)) - Registered Data node : 4d0729d0-f06c-489e-ab74-62b76a77b6d3{ip: 10.1.0.33, host: fv-az29-983.0gf2enmb5avurc1gjtxldx4mnh.bx.internal.cloudapp.net, ports: [REPLICATION=37575, RATIS=35405, RATIS_ADMIN=35405, RATIS_SERVER=35405, STANDALONE=40953], networkLocation: /default-rack, certSerialId: null, persistedOpState: null, persistedOpStateExpiryEpochSec: 0}
2022-07-12 20:47:08,223 [EventQueue-NodeRegistrationContainerReportForDataNodeSafeModeRule] INFO  safemode.SCMSafeModeManager (DataNodeSafeModeRule.java:process(71)) - SCM in safe mode. 1 DataNodes registered, 3 required.
2022-07-12 20:47:08,223 [EventQueue-NodeRegistrationContainerReportForContainerSafeModeRule] INFO  safemode.SCMSafeModeManager (SCMSafeModeManager.java:validateSafeModeExitRules(204)) - ContainerSafeModeRule rule is successfully validated
2022-07-12 20:47:08,262 [EventQueue-PipelineReportForOneReplicaPipelineSafeModeRule] INFO  safemode.SCMSafeModeManager (SCMSafeModeManager.java:validateSafeModeExitRules(204)) - AtleastOneDatanodeReportedRule rule is successfully validated
2022-07-12 20:47:08,287 [EventQueue-NewNodeForNewNodeHandler] INFO  pipeline.BackgroundPipelineCreator (BackgroundPipelineCreator.java:notifyEventTriggered(275)) - trigger a one-shot run on RatisPipelineUtilsThread.
2022-07-12 20:47:08,287 [RatisPipelineUtilsThread - 0] INFO  pipeline.RatisPipelineProvider (RatisPipelineProvider.java:lambda$create$0(195)) - Sending CreatePipelineCommand for pipeline:PipelineID=3cde6e93-fbe7-4d2d-8434-6a3da1b208c1 to datanode:4d0729d0-f06c-489e-ab74-62b76a77b6d3
2022-07-12 20:47:08,315 [RatisPipelineUtilsThread - 0] INFO  pipeline.PipelineStateManagerImpl (PipelineStateManagerImpl.java:addPipeline(103)) - Created pipeline Pipeline[ Id: 3cde6e93-fbe7-4d2d-8434-6a3da1b208c1, Nodes: 4d0729d0-f06c-489e-ab74-62b76a77b6d3{ip: 10.1.0.33, host: fv-az29-983.0gf2enmb5avurc1gjtxldx4mnh.bx.internal.cloudapp.net, ports: [REPLICATION=37575, RATIS=35405, RATIS_ADMIN=35405, RATIS_SERVER=35405, STANDALONE=40953], networkLocation: /default-rack, certSerialId: null, persistedOpState: IN_SERVICE, persistedOpStateExpiryEpochSec: 0}, ReplicationConfig: RATIS/ONE, State:ALLOCATED, leaderId:, CreationTimestamp2022-07-12T20:47:08.287Z[Etc/UTC]].
2022-07-12 20:47:08,817 [Listener at 127.0.0.1/43375] INFO  ozone.MiniOzoneClusterImpl (MiniOzoneClusterImpl.java:lambda$waitForClusterToBeReady$0(223)) - Waiting for nodes to be ready. Got 1 of 3 DN Heartbeats.
2022-07-12 20:47:08,817 [Listener at 127.0.0.1/43375] INFO  ozone.MiniOzoneClusterImpl (MiniOzoneClusterImpl.java:lambda$waitForClusterToBeReady$0(226)) - Waiting for cluster to exit safe mode
2022-07-12 20:47:08,817 [Listener at 127.0.0.1/43375] INFO  ozone.MiniOzoneClusterImpl (MiniOzoneClusterImpl.java:lambda$waitForClusterToBeReady$0(228)) - SCM became leader
2022-07-12 20:47:09,071 [EndpointStateMachine task thread for /0.0.0.0:38755 - 0 ] INFO  volume.HddsVolume (HddsVolume.java:createDbStore(309)) - SchemaV3 db is created and loaded at /home/runner/work/ozone/ozone/hadoop-ozone/integration-test/target/test-dir/MiniOzoneClusterImpl-0bd21523-c128-41c2-8182-978cc9bee6b0/datanode-2/data-0/containers/hdds/0bd21523-c128-41c2-8182-978cc9bee6b0/DS-74c270d5-7070-43c7-be25-31de9ea4b74e/container.db for volume DS-74c270d5-7070-43c7-be25-31de9ea4b74e
2022-07-12 20:47:09,071 [EndpointStateMachine task thread for /0.0.0.0:38755 - 0 ] INFO  volume.HddsVolume (HddsVolume.java:closeDbStore(340)) - SchemaV3 db is stopped at /home/runner/work/ozone/ozone/hadoop-ozone/integration-test/target/test-dir/MiniOzoneClusterImpl-0bd21523-c128-41c2-8182-978cc9bee6b0/datanode-2/data-0/containers/hdds/0bd21523-c128-41c2-8182-978cc9bee6b0/DS-74c270d5-7070-43c7-be25-31de9ea4b74e/container.db for volume DS-74c270d5-7070-43c7-be25-31de9ea4b74e
2022-07-12 20:47:09,071 [EndpointStateMachine task thread for /0.0.0.0:38755 - 0 ] INFO  ozoneimpl.OzoneContainer (OzoneContainer.java:start(344)) - Attempting to start container services.
2022-07-12 20:47:09,071 [EndpointStateMachine task thread for /0.0.0.0:38755 - 0 ] INFO  ozoneimpl.OzoneContainer (OzoneContainer.java:startContainerScrub(279)) - Background container scanner has been disabled.
2022-07-12 20:47:09,095 [EndpointStateMachine task thread for /0.0.0.0:38755 - 0 ] INFO  replication.ReplicationServer (ReplicationServer.java:start(111)) - ReplicationServer is started using port 36003
2022-07-12 20:47:09,103 [EndpointStateMachine task thread for /0.0.0.0:38755 - 0 ] INFO  ratis.XceiverServerRatis (XceiverServerRatis.java:start(481)) - Starting XceiverServerRatis b14b3941-1205-474b-b441-0392b5c826bd
2022-07-12 20:47:09,139 [EndpointStateMachine task thread for /0.0.0.0:38755 - 0 ] INFO  server.RaftServer (RaftServerProxy.java:lambda$start$6(382)) - b14b3941-1205-474b-b441-0392b5c826bd: start RPC server
2022-07-12 20:47:09,174 [EndpointStateMachine task thread for /0.0.0.0:38755 - 0 ] INFO  server.GrpcService (GrpcService.java:startImpl(260)) - b14b3941-1205-474b-b441-0392b5c826bd: GrpcService started, listening on 43287
2022-07-12 20:47:09,195 [EndpointStateMachine task thread for /0.0.0.0:38755 - 0 ] INFO  ratis.XceiverServerRatis (XceiverServerRatis.java:getRealPort(502)) - XceiverServerRatis b14b3941-1205-474b-b441-0392b5c826bd is started using port 43287 for RATIS
2022-07-12 20:47:09,195 [EndpointStateMachine task thread for /0.0.0.0:38755 - 0 ] INFO  ratis.XceiverServerRatis (XceiverServerRatis.java:getRealPort(502)) - XceiverServerRatis b14b3941-1205-474b-b441-0392b5c826bd is started using port 43287 for RATIS_ADMIN
2022-07-12 20:47:09,195 [EndpointStateMachine task thread for /0.0.0.0:38755 - 0 ] INFO  ratis.XceiverServerRatis (XceiverServerRatis.java:getRealPort(502)) - XceiverServerRatis b14b3941-1205-474b-b441-0392b5c826bd is started using port 43287 for RATIS_SERVER
2022-07-12 20:47:09,195 [org.apache.ratis.util.JvmPauseMonitor$$Lambda$680/1268395511@289fc06a] INFO  util.JvmPauseMonitor (JvmPauseMonitor.java:run(103)) - JvmPauseMonitor-b14b3941-1205-474b-b441-0392b5c826bd: Started
2022-07-12 20:47:09,253 [EndpointStateMachine task thread for /0.0.0.0:38755 - 0 ] INFO  server.XceiverServerGrpc (XceiverServerGrpc.java:start(180)) - XceiverServerGrpc b14b3941-1205-474b-b441-0392b5c826bd is started using port 43791
2022-07-12 20:47:09,674 [IPC Server handler 14 on default port 38755] INFO  net.NetworkTopologyImpl (NetworkTopologyImpl.java:add(112)) - Added a new node: /default-rack/5f8711a9-ee6b-488e-a0ce-81e9173ee239
2022-07-12 20:47:09,674 [IPC Server handler 14 on default port 38755] INFO  node.SCMNodeManager (SCMNodeManager.java:register(397)) - Registered Data node : 5f8711a9-ee6b-488e-a0ce-81e9173ee239{ip: 10.1.0.33, host: fv-az29-983.0gf2enmb5avurc1gjtxldx4mnh.bx.internal.cloudapp.net, ports: [REPLICATION=45083, RATIS=39581, RATIS_ADMIN=39581, RATIS_SERVER=39581, STANDALONE=37681], networkLocation: /default-rack, certSerialId: null, persistedOpState: null, persistedOpStateExpiryEpochSec: 0}
2022-07-12 20:47:09,674 [EventQueue-NewNodeForNewNodeHandler] INFO  pipeline.BackgroundPipelineCreator (BackgroundPipelineCreator.java:notifyEventTriggered(275)) - trigger a one-shot run on RatisPipelineUtilsThread.
2022-07-12 20:47:09,698 [RatisPipelineUtilsThread - 0] INFO  pipeline.RatisPipelineProvider (RatisPipelineProvider.java:lambda$create$0(195)) - Sending CreatePipelineCommand for pipeline:PipelineID=cd5ed793-8a26-49e0-84e3-450e7e192060 to datanode:5f8711a9-ee6b-488e-a0ce-81e9173ee239
2022-07-12 20:47:09,698 [EventQueue-NodeRegistrationContainerReportForDataNodeSafeModeRule] INFO  safemode.SCMSafeModeManager (DataNodeSafeModeRule.java:process(71)) - SCM in safe mode. 2 DataNodes registered, 3 required.
2022-07-12 20:47:09,698 [RatisPipelineUtilsThread - 0] INFO  pipeline.PipelineStateManagerImpl (PipelineStateManagerImpl.java:addPipeline(103)) - Created pipeline Pipeline[ Id: cd5ed793-8a26-49e0-84e3-450e7e192060, Nodes: 5f8711a9-ee6b-488e-a0ce-81e9173ee239{ip: 10.1.0.33, host: fv-az29-983.0gf2enmb5avurc1gjtxldx4mnh.bx.internal.cloudapp.net, ports: [REPLICATION=45083, RATIS=39581, RATIS_ADMIN=39581, RATIS_SERVER=39581, STANDALONE=37681], networkLocation: /default-rack, certSerialId: null, persistedOpState: IN_SERVICE, persistedOpStateExpiryEpochSec: 0}, ReplicationConfig: RATIS/ONE, State:ALLOCATED, leaderId:, CreationTimestamp2022-07-12T20:47:09.698Z[Etc/UTC]].
2022-07-12 20:47:09,817 [Listener at 127.0.0.1/43375] INFO  ozone.MiniOzoneClusterImpl (MiniOzoneClusterImpl.java:lambda$waitForClusterToBeReady$0(223)) - Waiting for nodes to be ready. Got 2 of 3 DN Heartbeats.
2022-07-12 20:47:09,818 [Listener at 127.0.0.1/43375] INFO  ozone.MiniOzoneClusterImpl (MiniOzoneClusterImpl.java:lambda$waitForClusterToBeReady$0(226)) - Waiting for cluster to exit safe mode
2022-07-12 20:47:09,818 [Listener at 127.0.0.1/43375] INFO  ozone.MiniOzoneClusterImpl (MiniOzoneClusterImpl.java:lambda$waitForClusterToBeReady$0(228)) - SCM became leader
2022-07-12 20:47:10,818 [Listener at 127.0.0.1/43375] INFO  ozone.MiniOzoneClusterImpl (MiniOzoneClusterImpl.java:lambda$waitForClusterToBeReady$0(223)) - Waiting for nodes to be ready. Got 2 of 3 DN Heartbeats.
2022-07-12 20:47:10,818 [Listener at 127.0.0.1/43375] INFO  ozone.MiniOzoneClusterImpl (MiniOzoneClusterImpl.java:lambda$waitForClusterToBeReady$0(226)) - Waiting for cluster to exit safe mode
2022-07-12 20:47:10,818 [Listener at 127.0.0.1/43375] INFO  ozone.MiniOzoneClusterImpl (MiniOzoneClusterImpl.java:lambda$waitForClusterToBeReady$0(228)) - SCM became leader
2022-07-12 20:47:10,916 [IPC Server handler 0 on default port 38755] INFO  net.NetworkTopologyImpl (NetworkTopologyImpl.java:add(112)) - Added a new node: /default-rack/b14b3941-1205-474b-b441-0392b5c826bd
2022-07-12 20:47:10,916 [IPC Server handler 0 on default port 38755] INFO  node.SCMNodeManager (SCMNodeManager.java:register(397)) - Registered Data node : b14b3941-1205-474b-b441-0392b5c826bd{ip: 10.1.0.33, host: fv-az29-983.0gf2enmb5avurc1gjtxldx4mnh.bx.internal.cloudapp.net, ports: [REPLICATION=36003, RATIS=43287, RATIS_ADMIN=43287, RATIS_SERVER=43287, STANDALONE=43791], networkLocation: /default-rack, certSerialId: null, persistedOpState: null, persistedOpStateExpiryEpochSec: 0}
2022-07-12 20:47:10,919 [EventQueue-NewNodeForNewNodeHandler] INFO  pipeline.BackgroundPipelineCreator (BackgroundPipelineCreator.java:notifyEventTriggered(275)) - trigger a one-shot run on RatisPipelineUtilsThread.
2022-07-12 20:47:10,919 [EventQueue-NodeRegistrationContainerReportForDataNodeSafeModeRule] INFO  safemode.SCMSafeModeManager (DataNodeSafeModeRule.java:process(71)) - SCM in safe mode. 3 DataNodes registered, 3 required.
2022-07-12 20:47:10,919 [EventQueue-NodeRegistrationContainerReportForDataNodeSafeModeRule] INFO  safemode.SCMSafeModeManager (SCMSafeModeManager.java:validateSafeModeExitRules(204)) - DataNodeSafeModeRule rule is successfully validated
2022-07-12 20:47:10,919 [EventQueue-NodeRegistrationContainerReportForDataNodeSafeModeRule] INFO  safemode.SCMSafeModeManager (SCMSafeModeManager.java:completePreCheck(233)) - All SCM safe mode pre check rules have passed
2022-07-12 20:47:10,919 [EventQueue-NodeRegistrationContainerReportForDataNodeSafeModeRule] WARN  events.EventQueue (EventQueue.java:fireEvent(216)) - No event handler registered for event TypedEvent{payloadType=SafeModeStatus, name='Safe mode status'}
2022-07-12 20:47:10,919 [EventQueue-NodeRegistrationContainerReportForDataNodeSafeModeRule] INFO  ha.SCMContext (SCMContext.java:updateSafeModeStatus(228)) - Update SafeModeStatus from SafeModeStatus{safeModeStatus=true, preCheckPassed=false} to SafeModeStatus{safeModeStatus=true, preCheckPassed=true}.
2022-07-12 20:47:10,919 [RatisPipelineUtilsThread - 0] INFO  pipeline.RatisPipelineProvider (RatisPipelineProvider.java:lambda$create$0(195)) - Sending CreatePipelineCommand for pipeline:PipelineID=ea0a4fc3-0f66-4371-88e7-301fc7e65253 to datanode:b14b3941-1205-474b-b441-0392b5c826bd
2022-07-12 20:47:10,919 [EventQueue-NodeRegistrationContainerReportForDataNodeSafeModeRule] INFO  pipeline.BackgroundPipelineCreator (BackgroundPipelineCreator.java:notifyEventTriggered(275)) - trigger a one-shot run on RatisPipelineUtilsThread.
2022-07-12 20:47:10,919 [RatisPipelineUtilsThread - 0] INFO  pipeline.PipelineStateManagerImpl (PipelineStateManagerImpl.java:addPipeline(103)) - Created pipeline Pipeline[ Id: ea0a4fc3-0f66-4371-88e7-301fc7e65253, Nodes: b14b3941-1205-474b-b441-0392b5c826bd{ip: 10.1.0.33, host: fv-az29-983.0gf2enmb5avurc1gjtxldx4mnh.bx.internal.cloudapp.net, ports: [REPLICATION=36003, RATIS=43287, RATIS_ADMIN=43287, RATIS_SERVER=43287, STANDALONE=43791], networkLocation: /default-rack, certSerialId: null, persistedOpState: IN_SERVICE, persistedOpStateExpiryEpochSec: 0}, ReplicationConfig: RATIS/ONE, State:ALLOCATED, leaderId:, CreationTimestamp2022-07-12T20:47:10.919Z[Etc/UTC]].
2022-07-12 20:47:10,920 [RatisPipelineUtilsThread - 0] INFO  pipeline.RatisPipelineProvider (RatisPipelineProvider.java:lambda$create$0(195)) - Sending CreatePipelineCommand for pipeline:PipelineID=077e3671-0bbd-4a71-98b6-56cb04d72f02 to datanode:5f8711a9-ee6b-488e-a0ce-81e9173ee239
2022-07-12 20:47:10,920 [RatisPipelineUtilsThread - 0] INFO  pipeline.RatisPipelineProvider (RatisPipelineProvider.java:lambda$create$0(195)) - Sending CreatePipelineCommand for pipeline:PipelineID=077e3671-0bbd-4a71-98b6-56cb04d72f02 to datanode:4d0729d0-f06c-489e-ab74-62b76a77b6d3
2022-07-12 20:47:10,920 [RatisPipelineUtilsThread - 0] INFO  pipeline.RatisPipelineProvider (RatisPipelineProvider.java:lambda$create$0(195)) - Sending CreatePipelineCommand for pipeline:PipelineID=077e3671-0bbd-4a71-98b6-56cb04d72f02 to datanode:b14b3941-1205-474b-b441-0392b5c826bd
2022-07-12 20:47:10,920 [RatisPipelineUtilsThread - 0] INFO  pipeline.PipelineStateManagerImpl (PipelineStateManagerImpl.java:addPipeline(103)) - Created pipeline Pipeline[ Id: 077e3671-0bbd-4a71-98b6-56cb04d72f02, Nodes: 5f8711a9-ee6b-488e-a0ce-81e9173ee239{ip: 10.1.0.33, host: fv-az29-983.0gf2enmb5avurc1gjtxldx4mnh.bx.internal.cloudapp.net, ports: [REPLICATION=45083, RATIS=39581, RATIS_ADMIN=39581, RATIS_SERVER=39581, STANDALONE=37681], networkLocation: /default-rack, certSerialId: null, persistedOpState: IN_SERVICE, persistedOpStateExpiryEpochSec: 0}4d0729d0-f06c-489e-ab74-62b76a77b6d3{ip: 10.1.0.33, host: fv-az29-983.0gf2enmb5avurc1gjtxldx4mnh.bx.internal.cloudapp.net, ports: [REPLICATION=37575, RATIS=35405, RATIS_ADMIN=35405, RATIS_SERVER=35405, STANDALONE=40953], networkLocation: /default-rack, certSerialId: null, persistedOpState: IN_SERVICE, persistedOpStateExpiryEpochSec: 0}b14b3941-1205-474b-b441-0392b5c826bd{ip: 10.1.0.33, host: fv-az29-983.0gf2enmb5avurc1gjtxldx4mnh.bx.internal.cloudapp.net, ports: [REPLICATION=36003, RATIS=43287, RATIS_ADMIN=43287, RATIS_SERVER=43287, STANDALONE=43791], networkLocation: /default-rack, certSerialId: null, persistedOpState: IN_SERVICE, persistedOpStateExpiryEpochSec: 0}, ReplicationConfig: RATIS/THREE, State:ALLOCATED, leaderId:, CreationTimestamp2022-07-12T20:47:10.920Z[Etc/UTC]].
2022-07-12 20:47:10,921 [RatisPipelineUtilsThread - 0] INFO  pipeline.RatisPipelineProvider (RatisPipelineProvider.java:lambda$create$0(195)) - Sending CreatePipelineCommand for pipeline:PipelineID=5824d6e6-a85e-4194-9936-f4a893afd40a to datanode:4d0729d0-f06c-489e-ab74-62b76a77b6d3
2022-07-12 20:47:10,921 [RatisPipelineUtilsThread - 0] INFO  pipeline.RatisPipelineProvider (RatisPipelineProvider.java:lambda$create$0(195)) - Sending CreatePipelineCommand for pipeline:PipelineID=5824d6e6-a85e-4194-9936-f4a893afd40a to datanode:5f8711a9-ee6b-488e-a0ce-81e9173ee239
2022-07-12 20:47:10,921 [RatisPipelineUtilsThread - 0] INFO  pipeline.RatisPipelineProvider (RatisPipelineProvider.java:lambda$create$0(195)) - Sending CreatePipelineCommand for pipeline:PipelineID=5824d6e6-a85e-4194-9936-f4a893afd40a to datanode:b14b3941-1205-474b-b441-0392b5c826bd
2022-07-12 20:47:10,921 [RatisPipelineUtilsThread - 0] INFO  pipeline.PipelineStateManagerImpl (PipelineStateManagerImpl.java:addPipeline(103)) - Created pipeline Pipeline[ Id: 5824d6e6-a85e-4194-9936-f4a893afd40a, Nodes: 4d0729d0-f06c-489e-ab74-62b76a77b6d3{ip: 10.1.0.33, host: fv-az29-983.0gf2enmb5avurc1gjtxldx4mnh.bx.internal.cloudapp.net, ports: [REPLICATION=37575, RATIS=35405, RATIS_ADMIN=35405, RATIS_SERVER=35405, STANDALONE=40953], networkLocation: /default-rack, certSerialId: null, persistedOpState: IN_SERVICE, persistedOpStateExpiryEpochSec: 0}5f8711a9-ee6b-488e-a0ce-81e9173ee239{ip: 10.1.0.33, host: fv-az29-983.0gf2enmb5avurc1gjtxldx4mnh.bx.internal.cloudapp.net, ports: [REPLICATION=45083, RATIS=39581, RATIS_ADMIN=39581, RATIS_SERVER=39581, STANDALONE=37681], networkLocation: /default-rack, certSerialId: null, persistedOpState: IN_SERVICE, persistedOpStateExpiryEpochSec: 0}b14b3941-1205-474b-b441-0392b5c826bd{ip: 10.1.0.33, host: fv-az29-983.0gf2enmb5avurc1gjtxldx4mnh.bx.internal.cloudapp.net, ports: [REPLICATION=36003, RATIS=43287, RATIS_ADMIN=43287, RATIS_SERVER=43287, STANDALONE=43791], networkLocation: /default-rack, certSerialId: null, persistedOpState: IN_SERVICE, persistedOpStateExpiryEpochSec: 0}, ReplicationConfig: RATIS/THREE, State:ALLOCATED, leaderId:, CreationTimestamp2022-07-12T20:47:10.921Z[Etc/UTC]].
2022-07-12 20:47:10,921 [RatisPipelineUtilsThread - 0] INFO  pipeline.PipelineManagerImpl (PipelineManagerImpl.java:recordMetricsForPipeline(782)) - Pipeline: PipelineID=5824d6e6-a85e-4194-9936-f4a893afd40a contains same datanodes as previous pipelines: PipelineID=077e3671-0bbd-4a71-98b6-56cb04d72f02 nodeIds: 4d0729d0-f06c-489e-ab74-62b76a77b6d3, 5f8711a9-ee6b-488e-a0ce-81e9173ee239, b14b3941-1205-474b-b441-0392b5c826bd
2022-07-12 20:47:11,211 [Command processor thread] INFO  server.RaftServer (RaftServerProxy.java:addNew(96)) - 4d0729d0-f06c-489e-ab74-62b76a77b6d3: addNew group-6A3DA1B208C1:[4d0729d0-f06c-489e-ab74-62b76a77b6d3|rpc:10.1.0.33:35405|priority:1] returns group-6A3DA1B208C1:java.util.concurrent.CompletableFuture@265ca04f[Not completed]
2022-07-12 20:47:11,220 [pool-802-thread-1] INFO  server.RaftServer$Division (RaftServerImpl.java:<init>(190)) - 4d0729d0-f06c-489e-ab74-62b76a77b6d3: new RaftServerImpl for group-6A3DA1B208C1:[4d0729d0-f06c-489e-ab74-62b76a77b6d3|rpc:10.1.0.33:35405|priority:1] with ContainerStateMachine:uninitialized
2022-07-12 20:47:11,220 [pool-802-thread-1] INFO  server.RaftServerConfigKeys (ConfUtils.java:logGet(46)) - raft.server.rpc.timeout.min = 5s (custom)
2022-07-12 20:47:11,220 [pool-802-thread-1] INFO  server.RaftServerConfigKeys (ConfUtils.java:logGet(46)) - raft.server.rpc.timeout.max = 5200ms (custom)
2022-07-12 20:47:11,220 [pool-802-thread-1] INFO  server.RaftServerConfigKeys (ConfUtils.java:logGet(46)) - raft.server.rpc.sleep.time = 25ms (default)
2022-07-12 20:47:11,220 [pool-802-thread-1] INFO  server.RaftServerConfigKeys (ConfUtils.java:logGet(46)) - raft.server.rpc.slowness.timeout = 300s (custom)
2022-07-12 20:47:11,220 [pool-802-thread-1] INFO  server.RaftServerConfigKeys (ConfUtils.java:logGet(46)) - raft.server.leaderelection.leader.step-down.wait-time = 10s (default)
2022-07-12 20:47:11,220 [pool-802-thread-1] INFO  server.RaftServerConfigKeys (ConfUtils.java:logGet(46)) - raft.server.sleep.deviation.threshold = 300ms (default)
2022-07-12 20:47:11,220 [pool-802-thread-1] INFO  server.RaftServer$Division (ServerState.java:<init>(107)) - 4d0729d0-f06c-489e-ab74-62b76a77b6d3@group-6A3DA1B208C1: ConfigurationManager, init=-1: [4d0729d0-f06c-489e-ab74-62b76a77b6d3|rpc:10.1.0.33:35405|priority:1], old=null, confs=<EMPTY_MAP>
2022-07-12 20:47:11,220 [pool-802-thread-1] INFO  server.RaftServerConfigKeys (ConfUtils.java:logGet(46)) - raft.server.storage.dir = [/home/runner/work/ozone/ozone/hadoop-ozone/integration-test/target/test-dir/MiniOzoneClusterImpl-0bd21523-c128-41c2-8182-978cc9bee6b0/datanode-0/data/ratis] (custom)
2022-07-12 20:47:11,220 [pool-802-thread-1] INFO  server.RaftServerConfigKeys (ConfUtils.java:logGet(46)) - raft.server.log.corruption.policy = EXCEPTION (default)
2022-07-12 20:47:11,220 [pool-802-thread-1] INFO  server.RaftServerConfigKeys (ConfUtils.java:logGet(46)) - raft.server.storage.free-space.min = 0MB (=0) (default)
2022-07-12 20:47:11,220 [pool-802-thread-1] INFO  storage.RaftStorageDirectory (RaftStorageDirectoryImpl.java:analyzeStorage(135)) - The storage directory /home/runner/work/ozone/ozone/hadoop-ozone/integration-test/target/test-dir/MiniOzoneClusterImpl-0bd21523-c128-41c2-8182-978cc9bee6b0/datanode-0/data/ratis/3cde6e93-fbe7-4d2d-8434-6a3da1b208c1 does not exist. Creating ...
2022-07-12 20:47:11,223 [pool-802-thread-1] INFO  storage.RaftStorageDirectory (RaftStorageDirectoryImpl.java:tryLock(230)) - Lock on /home/runner/work/ozone/ozone/hadoop-ozone/integration-test/target/test-dir/MiniOzoneClusterImpl-0bd21523-c128-41c2-8182-978cc9bee6b0/datanode-0/data/ratis/3cde6e93-fbe7-4d2d-8434-6a3da1b208c1/in_use.lock acquired by nodename 3147@fv-az29-983
2022-07-12 20:47:11,236 [pool-802-thread-1] INFO  storage.RaftStorage (RaftStorageImpl.java:format(89)) - Storage directory /home/runner/work/ozone/ozone/hadoop-ozone/integration-test/target/test-dir/MiniOzoneClusterImpl-0bd21523-c128-41c2-8182-978cc9bee6b0/datanode-0/data/ratis/3cde6e93-fbe7-4d2d-8434-6a3da1b208c1 has been successfully formatted.
2022-07-12 20:47:11,247 [pool-802-thread-1] INFO  ratis.ContainerStateMachine (ContainerStateMachine.java:loadSnapshot(236)) - group-6A3DA1B208C1: The snapshot info is null. Setting the last applied indexto:(t:0, i:~)
2022-07-12 20:47:11,247 [pool-802-thread-1] INFO  server.RaftServerConfigKeys (ConfUtils.java:logGet(46)) - raft.server.notification.no-leader.timeout = 300s (custom)
2022-07-12 20:47:11,248 [pool-802-thread-1] INFO  server.RaftServerConfigKeys (ConfUtils.java:logGet(46)) - raft.server.log.use.memory = false (default)
2022-07-12 20:47:11,248 [pool-802-thread-1] INFO  server.RaftServerConfigKeys (ConfUtils.java:logGet(46)) - raft.server.log.purge.gap = 1000000 (custom)
2022-07-12 20:47:11,248 [pool-802-thread-1] INFO  server.RaftServerConfigKeys (ConfUtils.java:logGet(46)) - raft.server.log.appender.buffer.byte-limit = 33554432 (custom)
2022-07-12 20:47:11,248 [pool-802-thread-1] INFO  server.RaftServerConfigKeys (ConfUtils.java:logGet(46)) - raft.server.log.statemachine.data.read.timeout = 1000ms (default)
2022-07-12 20:47:11,248 [pool-802-thread-1] INFO  server.RaftServerConfigKeys (ConfUtils.java:logGet(46)) - raft.server.log.segment.size.max = 1048576 (custom)
2022-07-12 20:47:11,248 [pool-802-thread-1] INFO  server.RaftServerConfigKeys (ConfUtils.java:logGet(46)) - raft.server.log.segment.cache.num.max = 2 (custom)
2022-07-12 20:47:11,248 [pool-802-thread-1] INFO  server.RaftServerConfigKeys (ConfUtils.java:logGet(46)) - raft.server.log.segment.cache.size.max = 200MB (=209715200) (default)
2022-07-12 20:47:11,248 [pool-802-thread-1] INFO  segmented.SegmentedRaftLogWorker (SegmentedRaftLogWorker.java:<init>(187)) - new 4d0729d0-f06c-489e-ab74-62b76a77b6d3@group-6A3DA1B208C1-SegmentedRaftLogWorker for RaftStorageImpl:Storage Directory /home/runner/work/ozone/ozone/hadoop-ozone/integration-test/target/test-dir/MiniOzoneClusterImpl-0bd21523-c128-41c2-8182-978cc9bee6b0/datanode-0/data/ratis/3cde6e93-fbe7-4d2d-8434-6a3da1b208c1
2022-07-12 20:47:11,248 [pool-802-thread-1] INFO  server.RaftServerConfigKeys (ConfUtils.java:logGet(46)) - raft.server.log.queue.byte-limit = 4294967296 (custom)
2022-07-12 20:47:11,248 [pool-802-thread-1] INFO  server.RaftServerConfigKeys (ConfUtils.java:logGet(46)) - raft.server.log.queue.element-limit = 1024 (custom)
2022-07-12 20:47:11,248 [pool-802-thread-1] INFO  server.RaftServerConfigKeys (ConfUtils.java:logGet(46)) - raft.server.log.segment.size.max = 1048576 (custom)
2022-07-12 20:47:11,249 [pool-802-thread-1] INFO  server.RaftServerConfigKeys (ConfUtils.java:logGet(46)) - raft.server.log.preallocated.size = 16384 (custom)
2022-07-12 20:47:11,249 [pool-802-thread-1] INFO  server.RaftServerConfigKeys (ConfUtils.java:logGet(46)) - raft.server.log.force.sync.num = 128 (default)
2022-07-12 20:47:11,249 [pool-802-thread-1] INFO  server.RaftServerConfigKeys (ConfUtils.java:logGet(46)) - raft.server.log.statemachine.data.sync = true (default)
2022-07-12 20:47:11,249 [pool-802-thread-1] INFO  server.RaftServerConfigKeys (ConfUtils.java:logGet(46)) - raft.server.log.statemachine.data.sync.timeout = 10s (default)
2022-07-12 20:47:11,249 [pool-802-thread-1] INFO  server.RaftServerConfigKeys (ConfUtils.java:logGet(46)) - raft.server.log.statemachine.data.sync.timeout.retry = -1 (default)
2022-07-12 20:47:11,250 [pool-802-thread-1] INFO  server.RaftServerConfigKeys (ConfUtils.java:logGet(46)) - raft.server.log.write.buffer.size = 1048576 (custom)
2022-07-12 20:47:11,250 [pool-802-thread-1] INFO  server.RaftServerConfigKeys (ConfUtils.java:logGet(46)) - raft.server.log.unsafe-flush.enabled = false (default)
2022-07-12 20:47:11,250 [pool-802-thread-1] INFO  server.RaftServerConfigKeys (ConfUtils.java:logGet(46)) - raft.server.log.statemachine.data.caching.enabled = true (custom)
2022-07-12 20:47:11,250 [pool-802-thread-1] INFO  segmented.SegmentedRaftLogWorker (SegmentedRaftLogWorker.java:lambda$new$0(135)) - 4d0729d0-f06c-489e-ab74-62b76a77b6d3@group-6A3DA1B208C1-SegmentedRaftLogWorker: flushIndex: setUnconditionally 0 -> -1
2022-07-12 20:47:11,250 [pool-802-thread-1] INFO  segmented.SegmentedRaftLogWorker (SegmentedRaftLogWorker.java:lambda$new$0(135)) - 4d0729d0-f06c-489e-ab74-62b76a77b6d3@group-6A3DA1B208C1-SegmentedRaftLogWorker: safeCacheEvictIndex: setUnconditionally 0 -> -1
2022-07-12 20:47:11,253 [pool-802-thread-1] INFO  server.RaftServerConfigKeys (ConfUtils.java:logGet(46)) - raft.server.snapshot.auto.trigger.enabled = true (custom)
2022-07-12 20:47:11,253 [pool-802-thread-1] INFO  server.RaftServerConfigKeys (ConfUtils.java:logGet(46)) - raft.server.snapshot.auto.trigger.threshold = 10000 (custom)
2022-07-12 20:47:11,253 [pool-802-thread-1] INFO  server.RaftServerConfigKeys (ConfUtils.java:logGet(46)) - raft.server.snapshot.retention.file.num = 5 (custom)
2022-07-12 20:47:11,253 [pool-802-thread-1] INFO  server.RaftServerConfigKeys (ConfUtils.java:logGet(46)) - raft.server.log.purge.upto.snapshot.index = false (default)
2022-07-12 20:47:11,253 [pool-802-thread-1] INFO  server.RaftServerConfigKeys (ConfUtils.java:logGet(46)) - raft.server.retrycache.expirytime = 600000ms (custom)
2022-07-12 20:47:11,253 [pool-802-thread-1] INFO  server.RaftServerConfigKeys (ConfUtils.java:logGet(46)) - raft.server.retrycache.statistics.expirytime = 100μs (default)
2022-07-12 20:47:11,254 [pool-802-thread-1] INFO  server.RaftServerConfigKeys (ConfUtils.java:logGet(46)) - raft.server.log.appender.install.snapshot.enabled = false (custom)
2022-07-12 20:47:11,254 [pool-802-thread-1] INFO  server.RaftServerConfigKeys (ConfUtils.java:logGet(46)) - raft.server.threadpool.server.cached = true (default)
2022-07-12 20:47:11,254 [pool-802-thread-1] INFO  server.RaftServerConfigKeys (ConfUtils.java:logGet(46)) - raft.server.threadpool.server.size = 0 (default)
2022-07-12 20:47:11,254 [pool-802-thread-1] INFO  server.RaftServerConfigKeys (ConfUtils.java:logGet(46)) - raft.server.threadpool.client.cached = true (default)
2022-07-12 20:47:11,254 [pool-802-thread-1] INFO  server.RaftServerConfigKeys (ConfUtils.java:logGet(46)) - raft.server.threadpool.client.size = 0 (default)
2022-07-12 20:47:11,255 [pool-802-thread-1] INFO  server.RaftServer$Division (RaftServerImpl.java:start(310)) - 4d0729d0-f06c-489e-ab74-62b76a77b6d3@group-6A3DA1B208C1: start as a follower, conf=-1: [4d0729d0-f06c-489e-ab74-62b76a77b6d3|rpc:10.1.0.33:35405|priority:1], old=null
2022-07-12 20:47:11,255 [pool-802-thread-1] INFO  server.RaftServer$Division (RaftServerImpl.java:setRole(299)) - 4d0729d0-f06c-489e-ab74-62b76a77b6d3@group-6A3DA1B208C1: changes role from      null to FOLLOWER at term 0 for startAsFollower
2022-07-12 20:47:11,255 [pool-802-thread-1] INFO  impl.RoleInfo (RoleInfo.java:updateAndGet(139)) - 4d0729d0-f06c-489e-ab74-62b76a77b6d3: start 4d0729d0-f06c-489e-ab74-62b76a77b6d3@group-6A3DA1B208C1-FollowerState
2022-07-12 20:47:11,255 [pool-802-thread-1] INFO  util.JmxRegister (JmxRegister.java:tryRegister(44)) - Successfully registered JMX Bean with object name Ratis:service=RaftServer,group=group-6A3DA1B208C1,id=4d0729d0-f06c-489e-ab74-62b76a77b6d3
2022-07-12 20:47:11,256 [Command processor thread] INFO  ratis.XceiverServerRatis (XceiverServerRatis.java:addGroup(765)) - Created group PipelineID=3cde6e93-fbe7-4d2d-8434-6a3da1b208c1
2022-07-12 20:47:11,256 [Command processor thread] INFO  commandhandler.CreatePipelineCommandHandler (CreatePipelineCommandHandler.java:handle(113)) - Created Pipeline RATIS ONE PipelineID=3cde6e93-fbe7-4d2d-8434-6a3da1b208c1.
2022-07-12 20:47:11,256 [Command processor thread] INFO  server.RaftServer (RaftServerProxy.java:addNew(96)) - 4d0729d0-f06c-489e-ab74-62b76a77b6d3: addNew group-56CB04D72F02:[5f8711a9-ee6b-488e-a0ce-81e9173ee239|rpc:10.1.0.33:39581|priority:0, b14b3941-1205-474b-b441-0392b5c826bd|rpc:10.1.0.33:43287|priority:0, 4d0729d0-f06c-489e-ab74-62b76a77b6d3|rpc:10.1.0.33:35405|priority:1] returns group-56CB04D72F02:java.util.concurrent.CompletableFuture@2263305c[Not completed]
2022-07-12 20:47:11,257 [pool-802-thread-1] INFO  server.RaftServer$Division (RaftServerImpl.java:<init>(190)) - 4d0729d0-f06c-489e-ab74-62b76a77b6d3: new RaftServerImpl for group-56CB04D72F02:[5f8711a9-ee6b-488e-a0ce-81e9173ee239|rpc:10.1.0.33:39581|priority:0, b14b3941-1205-474b-b441-0392b5c826bd|rpc:10.1.0.33:43287|priority:0, 4d0729d0-f06c-489e-ab74-62b76a77b6d3|rpc:10.1.0.33:35405|priority:1] with ContainerStateMachine:uninitialized
2022-07-12 20:47:11,257 [pool-802-thread-1] INFO  server.RaftServerConfigKeys (ConfUtils.java:logGet(46)) - raft.server.rpc.timeout.min = 5s (custom)
2022-07-12 20:47:11,257 [pool-802-thread-1] INFO  server.RaftServerConfigKeys (ConfUtils.java:logGet(46)) - raft.server.rpc.timeout.max = 5200ms (custom)
2022-07-12 20:47:11,257 [pool-802-thread-1] INFO  server.RaftServerConfigKeys (ConfUtils.java:logGet(46)) - raft.server.rpc.sleep.time = 25ms (default)
2022-07-12 20:47:11,257 [pool-802-thread-1] INFO  server.RaftServerConfigKeys (ConfUtils.java:logGet(46)) - raft.server.rpc.slowness.timeout = 300s (custom)
2022-07-12 20:47:11,257 [pool-802-thread-1] INFO  server.RaftServerConfigKeys (ConfUtils.java:logGet(46)) - raft.server.leaderelection.leader.step-down.wait-time = 10s (default)
2022-07-12 20:47:11,257 [pool-802-thread-1] INFO  server.RaftServerConfigKeys (ConfUtils.java:logGet(46)) - raft.server.sleep.deviation.threshold = 300ms (default)
2022-07-12 20:47:11,257 [pool-802-thread-1] INFO  server.RaftServer$Division (ServerState.java:<init>(107)) - 4d0729d0-f06c-489e-ab74-62b76a77b6d3@group-56CB04D72F02: ConfigurationManager, init=-1: [5f8711a9-ee6b-488e-a0ce-81e9173ee239|rpc:10.1.0.33:39581|priority:0, b14b3941-1205-474b-b441-0392b5c826bd|rpc:10.1.0.33:43287|priority:0, 4d0729d0-f06c-489e-ab74-62b76a77b6d3|rpc:10.1.0.33:35405|priority:1], old=null, confs=<EMPTY_MAP>
2022-07-12 20:47:11,257 [pool-802-thread-1] INFO  server.RaftServerConfigKeys (ConfUtils.java:logGet(46)) - raft.server.storage.dir = [/home/runner/work/ozone/ozone/hadoop-ozone/integration-test/target/test-dir/MiniOzoneClusterImpl-0bd21523-c128-41c2-8182-978cc9bee6b0/datanode-0/data/ratis] (custom)
2022-07-12 20:47:11,257 [pool-802-thread-1] INFO  server.RaftServerConfigKeys (ConfUtils.java:logGet(46)) - raft.server.log.corruption.policy = EXCEPTION (default)
2022-07-12 20:47:11,257 [pool-802-thread-1] INFO  server.RaftServerConfigKeys (ConfUtils.java:logGet(46)) - raft.server.storage.free-space.min = 0MB (=0) (default)
2022-07-12 20:47:11,257 [pool-802-thread-1] INFO  storage.RaftStorageDirectory (RaftStorageDirectoryImpl.java:analyzeStorage(135)) - The storage directory /home/runner/work/ozone/ozone/hadoop-ozone/integration-test/target/test-dir/MiniOzoneClusterImpl-0bd21523-c128-41c2-8182-978cc9bee6b0/datanode-0/data/ratis/077e3671-0bbd-4a71-98b6-56cb04d72f02 does not exist. Creating ...
2022-07-12 20:47:11,259 [pool-802-thread-1] INFO  storage.RaftStorageDirectory (RaftStorageDirectoryImpl.java:tryLock(230)) - Lock on /home/runner/work/ozone/ozone/hadoop-ozone/integration-test/target/test-dir/MiniOzoneClusterImpl-0bd21523-c128-41c2-8182-978cc9bee6b0/datanode-0/data/ratis/077e3671-0bbd-4a71-98b6-56cb04d72f02/in_use.lock acquired by nodename 3147@fv-az29-983
2022-07-12 20:47:11,260 [pool-802-thread-1] INFO  storage.RaftStorage (RaftStorageImpl.java:format(89)) - Storage directory /home/runner/work/ozone/ozone/hadoop-ozone/integration-test/target/test-dir/MiniOzoneClusterImpl-0bd21523-c128-41c2-8182-978cc9bee6b0/datanode-0/data/ratis/077e3671-0bbd-4a71-98b6-56cb04d72f02 has been successfully formatted.
2022-07-12 20:47:11,260 [pool-802-thread-1] INFO  ratis.ContainerStateMachine (ContainerStateMachine.java:loadSnapshot(236)) - group-56CB04D72F02: The snapshot info is null. Setting the last applied indexto:(t:0, i:~)
2022-07-12 20:47:11,261 [pool-802-thread-1] INFO  server.RaftServerConfigKeys (ConfUtils.java:logGet(46)) - raft.server.notification.no-leader.timeout = 300s (custom)
2022-07-12 20:47:11,261 [pool-802-thread-1] INFO  server.RaftServerConfigKeys (ConfUtils.java:logGet(46)) - raft.server.log.use.memory = false (default)
2022-07-12 20:47:11,261 [pool-802-thread-1] INFO  server.RaftServerConfigKeys (ConfUtils.java:logGet(46)) - raft.server.log.purge.gap = 1000000 (custom)
2022-07-12 20:47:11,261 [pool-802-thread-1] INFO  server.RaftServerConfigKeys (ConfUtils.java:logGet(46)) - raft.server.log.appender.buffer.byte-limit = 33554432 (custom)
2022-07-12 20:47:11,261 [pool-802-thread-1] INFO  server.RaftServerConfigKeys (ConfUtils.java:logGet(46)) - raft.server.log.statemachine.data.read.timeout = 1000ms (default)
2022-07-12 20:47:11,261 [pool-802-thread-1] INFO  server.RaftServerConfigKeys (ConfUtils.java:logGet(46)) - raft.server.log.segment.size.max = 1048576 (custom)
2022-07-12 20:47:11,261 [pool-802-thread-1] INFO  server.RaftServerConfigKeys (ConfUtils.java:logGet(46)) - raft.server.log.segment.cache.num.max = 2 (custom)
2022-07-12 20:47:11,261 [pool-802-thread-1] INFO  server.RaftServerConfigKeys (ConfUtils.java:logGet(46)) - raft.server.log.segment.cache.size.max = 200MB (=209715200) (default)
2022-07-12 20:47:11,261 [pool-802-thread-1] INFO  segmented.SegmentedRaftLogWorker (SegmentedRaftLogWorker.java:<init>(187)) - new 4d0729d0-f06c-489e-ab74-62b76a77b6d3@group-56CB04D72F02-SegmentedRaftLogWorker for RaftStorageImpl:Storage Directory /home/runner/work/ozone/ozone/hadoop-ozone/integration-test/target/test-dir/MiniOzoneClusterImpl-0bd21523-c128-41c2-8182-978cc9bee6b0/datanode-0/data/ratis/077e3671-0bbd-4a71-98b6-56cb04d72f02
2022-07-12 20:47:11,261 [pool-802-thread-1] INFO  server.RaftServerConfigKeys (ConfUtils.java:logGet(46)) - raft.server.log.queue.byte-limit = 4294967296 (custom)
2022-07-12 20:47:11,261 [pool-802-thread-1] INFO  server.RaftServerConfigKeys (ConfUtils.java:logGet(46)) - raft.server.log.queue.element-limit = 1024 (custom)
2022-07-12 20:47:11,261 [pool-802-thread-1] INFO  server.RaftServerConfigKeys (ConfUtils.java:logGet(46)) - raft.server.log.segment.size.max = 1048576 (custom)
2022-07-12 20:47:11,261 [pool-802-thread-1] INFO  server.RaftServerConfigKeys (ConfUtils.java:logGet(46)) - raft.server.log.preallocated.size = 16384 (custom)
2022-07-12 20:47:11,262 [pool-802-thread-1] INFO  server.RaftServerConfigKeys (ConfUtils.java:logGet(46)) - raft.server.log.force.sync.num = 128 (default)
2022-07-12 20:47:11,262 [pool-802-thread-1] INFO  server.RaftServerConfigKeys (ConfUtils.java:logGet(46)) - raft.server.log.statemachine.data.sync = true (default)
2022-07-12 20:47:11,262 [pool-802-thread-1] INFO  server.RaftServerConfigKeys (ConfUtils.java:logGet(46)) - raft.server.log.statemachine.data.sync.timeout = 10s (default)
2022-07-12 20:47:11,262 [pool-802-thread-1] INFO  server.RaftServerConfigKeys (ConfUtils.java:logGet(46)) - raft.server.log.statemachine.data.sync.timeout.retry = -1 (default)
2022-07-12 20:47:11,263 [pool-802-thread-1] INFO  server.RaftServerConfigKeys (ConfUtils.java:logGet(46)) - raft.server.log.write.buffer.size = 1048576 (custom)
2022-07-12 20:47:11,263 [pool-802-thread-1] INFO  server.RaftServerConfigKeys (ConfUtils.java:logGet(46)) - raft.server.log.unsafe-flush.enabled = false (default)
2022-07-12 20:47:11,263 [pool-802-thread-1] INFO  server.RaftServerConfigKeys (ConfUtils.java:logGet(46)) - raft.server.log.statemachine.data.caching.enabled = true (custom)
2022-07-12 20:47:11,263 [pool-802-thread-1] INFO  segmented.SegmentedRaftLogWorker (SegmentedRaftLogWorker.java:lambda$new$0(135)) - 4d0729d0-f06c-489e-ab74-62b76a77b6d3@group-56CB04D72F02-SegmentedRaftLogWorker: flushIndex: setUnconditionally 0 -> -1
2022-07-12 20:47:11,263 [pool-802-thread-1] INFO  segmented.SegmentedRaftLogWorker (SegmentedRaftLogWorker.java:lambda$new$0(135)) - 4d0729d0-f06c-489e-ab74-62b76a77b6d3@group-56CB04D72F02-SegmentedRaftLogWorker: safeCacheEvictIndex: setUnconditionally 0 -> -1
2022-07-12 20:47:11,263 [pool-802-thread-1] INFO  server.RaftServerConfigKeys (ConfUtils.java:logGet(46)) - raft.server.snapshot.auto.trigger.enabled = true (custom)
2022-07-12 20:47:11,263 [pool-802-thread-1] INFO  server.RaftServerConfigKeys (ConfUtils.java:logGet(46)) - raft.server.snapshot.auto.trigger.threshold = 10000 (custom)
2022-07-12 20:47:11,263 [pool-802-thread-1] INFO  server.RaftServerConfigKeys (ConfUtils.java:logGet(46)) - raft.server.snapshot.retention.file.num = 5 (custom)
2022-07-12 20:47:11,263 [pool-802-thread-1] INFO  server.RaftServerConfigKeys (ConfUtils.java:logGet(46)) - raft.server.log.purge.upto.snapshot.index = false (default)
2022-07-12 20:47:11,263 [pool-802-thread-1] INFO  server.RaftServerConfigKeys (ConfUtils.java:logGet(46)) - raft.server.retrycache.expirytime = 600000ms (custom)
2022-07-12 20:47:11,263 [pool-802-thread-1] INFO  server.RaftServerConfigKeys (ConfUtils.java:logGet(46)) - raft.server.retrycache.statistics.expirytime = 100μs (default)
2022-07-12 20:47:11,265 [pool-802-thread-1] INFO  server.RaftServerConfigKeys (ConfUtils.java:logGet(46)) - raft.server.log.appender.install.snapshot.enabled = false (custom)
2022-07-12 20:47:11,265 [pool-802-thread-1] INFO  server.RaftServerConfigKeys (ConfUtils.java:logGet(46)) - raft.server.threadpool.server.cached = true (default)
2022-07-12 20:47:11,265 [pool-802-thread-1] INFO  server.RaftServerConfigKeys (ConfUtils.java:logGet(46)) - raft.server.threadpool.server.size = 0 (default)
2022-07-12 20:47:11,265 [pool-802-thread-1] INFO  server.RaftServerConfigKeys (ConfUtils.java:logGet(46)) - raft.server.threadpool.client.cached = true (default)
2022-07-12 20:47:11,265 [pool-802-thread-1] INFO  server.RaftServerConfigKeys (ConfUtils.java:logGet(46)) - raft.server.threadpool.client.size = 0 (default)
2022-07-12 20:47:11,265 [pool-802-thread-1] INFO  server.RaftServer$Division (RaftServerImpl.java:start(310)) - 4d0729d0-f06c-489e-ab74-62b76a77b6d3@group-56CB04D72F02: start as a follower, conf=-1: [5f8711a9-ee6b-488e-a0ce-81e9173ee239|rpc:10.1.0.33:39581|priority:0, b14b3941-1205-474b-b441-0392b5c826bd|rpc:10.1.0.33:43287|priority:0, 4d0729d0-f06c-489e-ab74-62b76a77b6d3|rpc:10.1.0.33:35405|priority:1], old=null
2022-07-12 20:47:11,265 [pool-802-thread-1] INFO  server.RaftServer$Division (RaftServerImpl.java:setRole(299)) - 4d0729d0-f06c-489e-ab74-62b76a77b6d3@group-56CB04D72F02: changes role from      null to FOLLOWER at term 0 for startAsFollower
2022-07-12 20:47:11,265 [pool-802-thread-1] INFO  impl.RoleInfo (RoleInfo.java:updateAndGet(139)) - 4d0729d0-f06c-489e-ab74-62b76a77b6d3: start 4d0729d0-f06c-489e-ab74-62b76a77b6d3@group-56CB04D72F02-FollowerState
2022-07-12 20:47:11,265 [pool-802-thread-1] INFO  util.JmxRegister (JmxRegister.java:tryRegister(44)) - Successfully registered JMX Bean with object name Ratis:service=RaftServer,group=group-56CB04D72F02,id=4d0729d0-f06c-489e-ab74-62b76a77b6d3
2022-07-12 20:47:11,266 [Command processor thread] INFO  ratis.XceiverServerRatis (XceiverServerRatis.java:addGroup(765)) - Created group PipelineID=077e3671-0bbd-4a71-98b6-56cb04d72f02
2022-07-12 20:47:11,271 [EventQueue-PipelineReportForPipelineReportHandler] INFO  pipeline.PipelineManagerImpl (PipelineManagerImpl.java:openPipeline(359)) - Pipeline Pipeline[ Id: 3cde6e93-fbe7-4d2d-8434-6a3da1b208c1, Nodes: 4d0729d0-f06c-489e-ab74-62b76a77b6d3{ip: 10.1.0.33, host: fv-az29-983.0gf2enmb5avurc1gjtxldx4mnh.bx.internal.cloudapp.net, ports: [REPLICATION=37575, RATIS=35405, RATIS_ADMIN=35405, RATIS_SERVER=35405, STANDALONE=40953], networkLocation: /default-rack, certSerialId: null, persistedOpState: IN_SERVICE, persistedOpStateExpiryEpochSec: 0}, ReplicationConfig: RATIS/ONE, State:ALLOCATED, leaderId:4d0729d0-f06c-489e-ab74-62b76a77b6d3, CreationTimestamp2022-07-12T20:47:08.287Z[Etc/UTC]] moved to OPEN state
2022-07-12 20:47:11,378 [EventQueue-OpenPipelineForHealthyPipelineSafeModeRule] INFO  safemode.SCMSafeModeManager (HealthyPipelineSafeModeRule.java:process(124)) - SCM in safe mode. Healthy pipelines reported count is 0, required healthy pipeline reported count is 1
2022-07-12 20:47:11,388 [grpc-default-executor-0] INFO  server.RaftServer (RaftServerProxy.java:addNew(96)) - 5f8711a9-ee6b-488e-a0ce-81e9173ee239: addNew group-56CB04D72F02:[5f8711a9-ee6b-488e-a0ce-81e9173ee239|rpc:10.1.0.33:39581|dataStream:|priority:0, b14b3941-1205-474b-b441-0392b5c826bd|rpc:10.1.0.33:43287|dataStream:|priority:0, 4d0729d0-f06c-489e-ab74-62b76a77b6d3|rpc:10.1.0.33:35405|dataStream:|priority:1] returns group-56CB04D72F02:java.util.concurrent.CompletableFuture@3c0aea2f[Not completed]
2022-07-12 20:47:11,403 [pool-825-thread-1] INFO  server.RaftServer$Division (RaftServerImpl.java:<init>(190)) - 5f8711a9-ee6b-488e-a0ce-81e9173ee239: new RaftServerImpl for group-56CB04D72F02:[5f8711a9-ee6b-488e-a0ce-81e9173ee239|rpc:10.1.0.33:39581|dataStream:|priority:0, b14b3941-1205-474b-b441-0392b5c826bd|rpc:10.1.0.33:43287|dataStream:|priority:0, 4d0729d0-f06c-489e-ab74-62b76a77b6d3|rpc:10.1.0.33:35405|dataStream:|priority:1] with ContainerStateMachine:uninitialized
2022-07-12 20:47:11,403 [pool-825-thread-1] INFO  server.RaftServerConfigKeys (ConfUtils.java:logGet(46)) - raft.server.rpc.timeout.min = 5s (custom)
2022-07-12 20:47:11,403 [pool-825-thread-1] INFO  server.RaftServerConfigKeys (ConfUtils.java:logGet(46)) - raft.server.rpc.timeout.max = 5200ms (custom)
2022-07-12 20:47:11,403 [pool-825-thread-1] INFO  server.RaftServerConfigKeys (ConfUtils.java:logGet(46)) - raft.server.rpc.sleep.time = 25ms (default)
2022-07-12 20:47:11,404 [pool-825-thread-1] INFO  server.RaftServerConfigKeys (ConfUtils.java:logGet(46)) - raft.server.rpc.slowness.timeout = 300s (custom)
2022-07-12 20:47:11,404 [pool-825-thread-1] INFO  server.RaftServerConfigKeys (ConfUtils.java:logGet(46)) - raft.server.leaderelection.leader.step-down.wait-time = 10s (default)
2022-07-12 20:47:11,404 [pool-825-thread-1] INFO  server.RaftServerConfigKeys (ConfUtils.java:logGet(46)) - raft.server.sleep.deviation.threshold = 300ms (default)
2022-07-12 20:47:11,404 [pool-825-thread-1] INFO  server.RaftServer$Division (ServerState.java:<init>(107)) - 5f8711a9-ee6b-488e-a0ce-81e9173ee239@group-56CB04D72F02: ConfigurationManager, init=-1: [5f8711a9-ee6b-488e-a0ce-81e9173ee239|rpc:10.1.0.33:39581|dataStream:|priority:0, b14b3941-1205-474b-b441-0392b5c826bd|rpc:10.1.0.33:43287|dataStream:|priority:0, 4d0729d0-f06c-489e-ab74-62b76a77b6d3|rpc:10.1.0.33:35405|dataStream:|priority:1], old=null, confs=<EMPTY_MAP>
2022-07-12 20:47:11,404 [pool-825-thread-1] INFO  server.RaftServerConfigKeys (ConfUtils.java:logGet(46)) - raft.server.storage.dir = [/home/runner/work/ozone/ozone/hadoop-ozone/integration-test/target/test-dir/MiniOzoneClusterImpl-0bd21523-c128-41c2-8182-978cc9bee6b0/datanode-1/data/ratis] (custom)
2022-07-12 20:47:11,404 [pool-825-thread-1] INFO  server.RaftServerConfigKeys (ConfUtils.java:logGet(46)) - raft.server.log.corruption.policy = EXCEPTION (default)
2022-07-12 20:47:11,404 [pool-825-thread-1] INFO  server.RaftServerConfigKeys (ConfUtils.java:logGet(46)) - raft.server.storage.free-space.min = 0MB (=0) (default)
2022-07-12 20:47:11,404 [pool-825-thread-1] INFO  storage.RaftStorageDirectory (RaftStorageDirectoryImpl.java:analyzeStorage(135)) - The storage directory /home/runner/work/ozone/ozone/hadoop-ozone/integration-test/target/test-dir/MiniOzoneClusterImpl-0bd21523-c128-41c2-8182-978cc9bee6b0/datanode-1/data/ratis/077e3671-0bbd-4a71-98b6-56cb04d72f02 does not exist. Creating ...
2022-07-12 20:47:11,422 [pool-825-thread-1] INFO  storage.RaftStorageDirectory (RaftStorageDirectoryImpl.java:tryLock(230)) - Lock on /home/runner/work/ozone/ozone/hadoop-ozone/integration-test/target/test-dir/MiniOzoneClusterImpl-0bd21523-c128-41c2-8182-978cc9bee6b0/datanode-1/data/ratis/077e3671-0bbd-4a71-98b6-56cb04d72f02/in_use.lock acquired by nodename 3147@fv-az29-983
2022-07-12 20:47:11,428 [pool-825-thread-1] INFO  storage.RaftStorage (RaftStorageImpl.java:format(89)) - Storage directory /home/runner/work/ozone/ozone/hadoop-ozone/integration-test/target/test-dir/MiniOzoneClusterImpl-0bd21523-c128-41c2-8182-978cc9bee6b0/datanode-1/data/ratis/077e3671-0bbd-4a71-98b6-56cb04d72f02 has been successfully formatted.
2022-07-12 20:47:11,463 [pool-825-thread-1] INFO  ratis.ContainerStateMachine (ContainerStateMachine.java:loadSnapshot(236)) - group-56CB04D72F02: The snapshot info is null. Setting the last applied indexto:(t:0, i:~)
2022-07-12 20:47:11,486 [pool-825-thread-1] INFO  server.RaftServerConfigKeys (ConfUtils.java:logGet(46)) - raft.server.notification.no-leader.timeout = 300s (custom)
2022-07-12 20:47:11,486 [pool-825-thread-1] INFO  server.RaftServerConfigKeys (ConfUtils.java:logGet(46)) - raft.server.log.use.memory = false (default)
2022-07-12 20:47:11,486 [pool-825-thread-1] INFO  server.RaftServerConfigKeys (ConfUtils.java:logGet(46)) - raft.server.log.purge.gap = 1000000 (custom)
2022-07-12 20:47:11,487 [pool-825-thread-1] INFO  server.RaftServerConfigKeys (ConfUtils.java:logGet(46)) - raft.server.log.appender.buffer.byte-limit = 33554432 (custom)
2022-07-12 20:47:11,487 [pool-825-thread-1] INFO  server.RaftServerConfigKeys (ConfUtils.java:logGet(46)) - raft.server.log.statemachine.data.read.timeout = 1000ms (default)
2022-07-12 20:47:11,487 [pool-825-thread-1] INFO  server.RaftServerConfigKeys (ConfUtils.java:logGet(46)) - raft.server.log.segment.size.max = 1048576 (custom)
2022-07-12 20:47:11,487 [pool-825-thread-1] INFO  server.RaftServerConfigKeys (ConfUtils.java:logGet(46)) - raft.server.log.segment.cache.num.max = 2 (custom)
2022-07-12 20:47:11,487 [pool-825-thread-1] INFO  server.RaftServerConfigKeys (ConfUtils.java:logGet(46)) - raft.server.log.segment.cache.size.max = 200MB (=209715200) (default)
2022-07-12 20:47:11,487 [pool-825-thread-1] INFO  segmented.SegmentedRaftLogWorker (SegmentedRaftLogWorker.java:<init>(187)) - new 5f8711a9-ee6b-488e-a0ce-81e9173ee239@group-56CB04D72F02-SegmentedRaftLogWorker for RaftStorageImpl:Storage Directory /home/runner/work/ozone/ozone/hadoop-ozone/integration-test/target/test-dir/MiniOzoneClusterImpl-0bd21523-c128-41c2-8182-978cc9bee6b0/datanode-1/data/ratis/077e3671-0bbd-4a71-98b6-56cb04d72f02
2022-07-12 20:47:11,487 [pool-825-thread-1] INFO  server.RaftServerConfigKeys (ConfUtils.java:logGet(46)) - raft.server.log.queue.byte-limit = 4294967296 (custom)
2022-07-12 20:47:11,487 [pool-825-thread-1] INFO  server.RaftServerConfigKeys (ConfUtils.java:logGet(46)) - raft.server.log.queue.element-limit = 1024 (custom)
2022-07-12 20:47:11,487 [pool-825-thread-1] INFO  server.RaftServerConfigKeys (ConfUtils.java:logGet(46)) - raft.server.log.segment.size.max = 1048576 (custom)
2022-07-12 20:47:11,487 [pool-825-thread-1] INFO  server.RaftServerConfigKeys (ConfUtils.java:logGet(46)) - raft.server.log.preallocated.size = 16384 (custom)
2022-07-12 20:47:11,487 [pool-825-thread-1] INFO  server.RaftServerConfigKeys (ConfUtils.java:logGet(46)) - raft.server.log.force.sync.num = 128 (default)
2022-07-12 20:47:11,487 [pool-825-thread-1] INFO  server.RaftServerConfigKeys (ConfUtils.java:logGet(46)) - raft.server.log.statemachine.data.sync = true (default)
2022-07-12 20:47:11,487 [pool-825-thread-1] INFO  server.RaftServerConfigKeys (ConfUtils.java:logGet(46)) - raft.server.log.statemachine.data.sync.timeout = 10s (default)
2022-07-12 20:47:11,488 [pool-825-thread-1] INFO  server.RaftServerConfigKeys (ConfUtils.java:logGet(46)) - raft.server.log.statemachine.data.sync.timeout.retry = -1 (default)
2022-07-12 20:47:11,488 [pool-825-thread-1] INFO  server.RaftServerConfigKeys (ConfUtils.java:logGet(46)) - raft.server.log.write.buffer.size = 1048576 (custom)
2022-07-12 20:47:11,489 [pool-825-thread-1] INFO  server.RaftServerConfigKeys (ConfUtils.java:logGet(46)) - raft.server.log.unsafe-flush.enabled = false (default)
2022-07-12 20:47:11,489 [pool-825-thread-1] INFO  server.RaftServerConfigKeys (ConfUtils.java:logGet(46)) - raft.server.log.statemachine.data.caching.enabled = true (custom)
2022-07-12 20:47:11,489 [pool-825-thread-1] INFO  segmented.SegmentedRaftLogWorker (SegmentedRaftLogWorker.java:lambda$new$0(135)) - 5f8711a9-ee6b-488e-a0ce-81e9173ee239@group-56CB04D72F02-SegmentedRaftLogWorker: flushIndex: setUnconditionally 0 -> -1
2022-07-12 20:47:11,489 [pool-825-thread-1] INFO  segmented.SegmentedRaftLogWorker (SegmentedRaftLogWorker.java:lambda$new$0(135)) - 5f8711a9-ee6b-488e-a0ce-81e9173ee239@group-56CB04D72F02-SegmentedRaftLogWorker: safeCacheEvictIndex: setUnconditionally 0 -> -1
2022-07-12 20:47:11,494 [pool-825-thread-1] INFO  server.RaftServerConfigKeys (ConfUtils.java:logGet(46)) - raft.server.snapshot.auto.trigger.enabled = true (custom)
2022-07-12 20:47:11,494 [pool-825-thread-1] INFO  server.RaftServerConfigKeys (ConfUtils.java:logGet(46)) - raft.server.snapshot.auto.trigger.threshold = 10000 (custom)
2022-07-12 20:47:11,495 [pool-825-thread-1] INFO  server.RaftServerConfigKeys (ConfUtils.java:logGet(46)) - raft.server.snapshot.retention.file.num = 5 (custom)
2022-07-12 20:47:11,495 [pool-825-thread-1] INFO  server.RaftServerConfigKeys (ConfUtils.java:logGet(46)) - raft.server.log.purge.upto.snapshot.index = false (default)
2022-07-12 20:47:11,495 [pool-825-thread-1] INFO  server.RaftServerConfigKeys (ConfUtils.java:logGet(46)) - raft.server.retrycache.expirytime = 600000ms (custom)
2022-07-12 20:47:11,495 [pool-825-thread-1] INFO  server.RaftServerConfigKeys (ConfUtils.java:logGet(46)) - raft.server.retrycache.statistics.expirytime = 100μs (default)
2022-07-12 20:47:11,496 [pool-825-thread-1] INFO  server.RaftServerConfigKeys (ConfUtils.java:logGet(46)) - raft.server.log.appender.install.snapshot.enabled = false (custom)
2022-07-12 20:47:11,496 [pool-825-thread-1] INFO  server.RaftServerConfigKeys (ConfUtils.java:logGet(46)) - raft.server.threadpool.server.cached = true (default)
2022-07-12 20:47:11,496 [pool-825-thread-1] INFO  server.RaftServerConfigKeys (ConfUtils.java:logGet(46)) - raft.server.threadpool.server.size = 0 (default)
2022-07-12 20:47:11,496 [pool-825-thread-1] INFO  server.RaftServerConfigKeys (ConfUtils.java:logGet(46)) - raft.server.threadpool.client.cached = true (default)
2022-07-12 20:47:11,496 [pool-825-thread-1] INFO  server.RaftServerConfigKeys (ConfUtils.java:logGet(46)) - raft.server.threadpool.client.size = 0 (default)
2022-07-12 20:47:11,496 [pool-825-thread-1] INFO  server.RaftServer$Division (RaftServerImpl.java:start(310)) - 5f8711a9-ee6b-488e-a0ce-81e9173ee239@group-56CB04D72F02: start as a follower, conf=-1: [5f8711a9-ee6b-488e-a0ce-81e9173ee239|rpc:10.1.0.33:39581|dataStream:|priority:0, b14b3941-1205-474b-b441-0392b5c826bd|rpc:10.1.0.33:43287|dataStream:|priority:0, 4d0729d0-f06c-489e-ab74-62b76a77b6d3|rpc:10.1.0.33:35405|dataStream:|priority:1], old=null
2022-07-12 20:47:11,496 [pool-825-thread-1] INFO  server.RaftServer$Division (RaftServerImpl.java:setRole(299)) - 5f8711a9-ee6b-488e-a0ce-81e9173ee239@group-56CB04D72F02: changes role from      null to FOLLOWER at term 0 for startAsFollower
2022-07-12 20:47:11,496 [pool-825-thread-1] INFO  impl.RoleInfo (RoleInfo.java:updateAndGet(139)) - 5f8711a9-ee6b-488e-a0ce-81e9173ee239: start 5f8711a9-ee6b-488e-a0ce-81e9173ee239@group-56CB04D72F02-FollowerState
2022-07-12 20:47:11,515 [pool-825-thread-1] INFO  util.JmxRegister (JmxRegister.java:tryRegister(44)) - Successfully registered JMX Bean with object name Ratis:service=RaftServer,group=group-56CB04D72F02,id=5f8711a9-ee6b-488e-a0ce-81e9173ee239
2022-07-12 20:47:11,654 [grpc-default-executor-0] INFO  server.RaftServer (RaftServerProxy.java:addNew(96)) - b14b3941-1205-474b-b441-0392b5c826bd: addNew group-56CB04D72F02:[5f8711a9-ee6b-488e-a0ce-81e9173ee239|rpc:10.1.0.33:39581|dataStream:|priority:0, b14b3941-1205-474b-b441-0392b5c826bd|rpc:10.1.0.33:43287|dataStream:|priority:0, 4d0729d0-f06c-489e-ab74-62b76a77b6d3|rpc:10.1.0.33:35405|dataStream:|priority:1] returns group-56CB04D72F02:java.util.concurrent.CompletableFuture@2e50af6a[Not completed]
2022-07-12 20:47:11,669 [pool-848-thread-1] INFO  server.RaftServer$Division (RaftServerImpl.java:<init>(190)) - b14b3941-1205-474b-b441-0392b5c826bd: new RaftServerImpl for group-56CB04D72F02:[5f8711a9-ee6b-488e-a0ce-81e9173ee239|rpc:10.1.0.33:39581|dataStream:|priority:0, b14b3941-1205-474b-b441-0392b5c826bd|rpc:10.1.0.33:43287|dataStream:|priority:0, 4d0729d0-f06c-489e-ab74-62b76a77b6d3|rpc:10.1.0.33:35405|dataStream:|priority:1] with ContainerStateMachine:uninitialized
2022-07-12 20:47:11,670 [pool-848-thread-1] INFO  server.RaftServerConfigKeys (ConfUtils.java:logGet(46)) - raft.server.rpc.timeout.min = 5s (custom)
2022-07-12 20:47:11,670 [pool-848-thread-1] INFO  server.RaftServerConfigKeys (ConfUtils.java:logGet(46)) - raft.server.rpc.timeout.max = 5200ms (custom)
2022-07-12 20:47:11,670 [pool-848-thread-1] INFO  server.RaftServerConfigKeys (ConfUtils.java:logGet(46)) - raft.server.rpc.sleep.time = 25ms (default)
2022-07-12 20:47:11,670 [pool-848-thread-1] INFO  server.RaftServerConfigKeys (ConfUtils.java:logGet(46)) - raft.server.rpc.slowness.timeout = 300s (custom)
2022-07-12 20:47:11,670 [pool-848-thread-1] INFO  server.RaftServerConfigKeys (ConfUtils.java:logGet(46)) - raft.server.leaderelection.leader.step-down.wait-time = 10s (default)
2022-07-12 20:47:11,670 [pool-848-thread-1] INFO  server.RaftServerConfigKeys (ConfUtils.java:logGet(46)) - raft.server.sleep.deviation.threshold = 300ms (default)
2022-07-12 20:47:11,670 [pool-848-thread-1] INFO  server.RaftServer$Division (ServerState.java:<init>(107)) - b14b3941-1205-474b-b441-0392b5c826bd@group-56CB04D72F02: ConfigurationManager, init=-1: [5f8711a9-ee6b-488e-a0ce-81e9173ee239|rpc:10.1.0.33:39581|dataStream:|priority:0, b14b3941-1205-474b-b441-0392b5c826bd|rpc:10.1.0.33:43287|dataStream:|priority:0, 4d0729d0-f06c-489e-ab74-62b76a77b6d3|rpc:10.1.0.33:35405|dataStream:|priority:1], old=null, confs=<EMPTY_MAP>
2022-07-12 20:47:11,670 [pool-848-thread-1] INFO  server.RaftServerConfigKeys (ConfUtils.java:logGet(46)) - raft.server.storage.dir = [/home/runner/work/ozone/ozone/hadoop-ozone/integration-test/target/test-dir/MiniOzoneClusterImpl-0bd21523-c128-41c2-8182-978cc9bee6b0/datanode-2/data/ratis] (custom)
2022-07-12 20:47:11,670 [pool-848-thread-1] INFO  server.RaftServerConfigKeys (ConfUtils.java:logGet(46)) - raft.server.log.corruption.policy = EXCEPTION (default)
2022-07-12 20:47:11,670 [pool-848-thread-1] INFO  server.RaftServerConfigKeys (ConfUtils.java:logGet(46)) - raft.server.storage.free-space.min = 0MB (=0) (default)
2022-07-12 20:47:11,670 [pool-848-thread-1] INFO  storage.RaftStorageDirectory (RaftStorageDirectoryImpl.java:analyzeStorage(135)) - The storage directory /home/runner/work/ozone/ozone/hadoop-ozone/integration-test/target/test-dir/MiniOzoneClusterImpl-0bd21523-c128-41c2-8182-978cc9bee6b0/datanode-2/data/ratis/077e3671-0bbd-4a71-98b6-56cb04d72f02 does not exist. Creating ...
2022-07-12 20:47:11,679 [pool-848-thread-1] INFO  storage.RaftStorageDirectory (RaftStorageDirectoryImpl.java:tryLock(230)) - Lock on /home/runner/work/ozone/ozone/hadoop-ozone/integration-test/target/test-dir/MiniOzoneClusterImpl-0bd21523-c128-41c2-8182-978cc9bee6b0/datanode-2/data/ratis/077e3671-0bbd-4a71-98b6-56cb04d72f02/in_use.lock acquired by nodename 3147@fv-az29-983
2022-07-12 20:47:11,681 [pool-848-thread-1] INFO  storage.RaftStorage (RaftStorageImpl.java:format(89)) - Storage directory /home/runner/work/ozone/ozone/hadoop-ozone/integration-test/target/test-dir/MiniOzoneClusterImpl-0bd21523-c128-41c2-8182-978cc9bee6b0/datanode-2/data/ratis/077e3671-0bbd-4a71-98b6-56cb04d72f02 has been successfully formatted.
2022-07-12 20:47:11,715 [pool-848-thread-1] INFO  ratis.ContainerStateMachine (ContainerStateMachine.java:loadSnapshot(236)) - group-56CB04D72F02: The snapshot info is null. Setting the last applied indexto:(t:0, i:~)
2022-07-12 20:47:11,715 [pool-848-thread-1] INFO  server.RaftServerConfigKeys (ConfUtils.java:logGet(46)) - raft.server.notification.no-leader.timeout = 300s (custom)
2022-07-12 20:47:11,715 [pool-848-thread-1] INFO  server.RaftServerConfigKeys (ConfUtils.java:logGet(46)) - raft.server.log.use.memory = false (default)
2022-07-12 20:47:11,715 [pool-848-thread-1] INFO  server.RaftServerConfigKeys (ConfUtils.java:logGet(46)) - raft.server.log.purge.gap = 1000000 (custom)
2022-07-12 20:47:11,715 [pool-848-thread-1] INFO  server.RaftServerConfigKeys (ConfUtils.java:logGet(46)) - raft.server.log.appender.buffer.byte-limit = 33554432 (custom)
2022-07-12 20:47:11,715 [pool-848-thread-1] INFO  server.RaftServerConfigKeys (ConfUtils.java:logGet(46)) - raft.server.log.statemachine.data.read.timeout = 1000ms (default)
2022-07-12 20:47:11,715 [pool-848-thread-1] INFO  server.RaftServerConfigKeys (ConfUtils.java:logGet(46)) - raft.server.log.segment.size.max = 1048576 (custom)
2022-07-12 20:47:11,716 [pool-848-thread-1] INFO  server.RaftServerConfigKeys (ConfUtils.java:logGet(46)) - raft.server.log.segment.cache.num.max = 2 (custom)
2022-07-12 20:47:11,716 [pool-848-thread-1] INFO  server.RaftServerConfigKeys (ConfUtils.java:logGet(46)) - raft.server.log.segment.cache.size.max = 200MB (=209715200) (default)
2022-07-12 20:47:11,716 [pool-848-thread-1] INFO  segmented.SegmentedRaftLogWorker (SegmentedRaftLogWorker.java:<init>(187)) - new b14b3941-1205-474b-b441-0392b5c826bd@group-56CB04D72F02-SegmentedRaftLogWorker for RaftStorageImpl:Storage Directory /home/runner/work/ozone/ozone/hadoop-ozone/integration-test/target/test-dir/MiniOzoneClusterImpl-0bd21523-c128-41c2-8182-978cc9bee6b0/datanode-2/data/ratis/077e3671-0bbd-4a71-98b6-56cb04d72f02
2022-07-12 20:47:11,716 [pool-848-thread-1] INFO  server.RaftServerConfigKeys (ConfUtils.java:logGet(46)) - raft.server.log.queue.byte-limit = 4294967296 (custom)
2022-07-12 20:47:11,716 [pool-848-thread-1] INFO  server.RaftServerConfigKeys (ConfUtils.java:logGet(46)) - raft.server.log.queue.element-limit = 1024 (custom)
2022-07-12 20:47:11,716 [pool-848-thread-1] INFO  server.RaftServerConfigKeys (ConfUtils.java:logGet(46)) - raft.server.log.segment.size.max = 1048576 (custom)
2022-07-12 20:47:11,716 [pool-848-thread-1] INFO  server.RaftServerConfigKeys (ConfUtils.java:logGet(46)) - raft.server.log.preallocated.size = 16384 (custom)
2022-07-12 20:47:11,716 [pool-848-thread-1] INFO  server.RaftServerConfigKeys (ConfUtils.java:logGet(46)) - raft.server.log.force.sync.num = 128 (default)
2022-07-12 20:47:11,716 [pool-848-thread-1] INFO  server.RaftServerConfigKeys (ConfUtils.java:logGet(46)) - raft.server.log.statemachine.data.sync = true (default)
2022-07-12 20:47:11,716 [pool-848-thread-1] INFO  server.RaftServerConfigKeys (ConfUtils.java:logGet(46)) - raft.server.log.statemachine.data.sync.timeout = 10s (default)
2022-07-12 20:47:11,716 [pool-848-thread-1] INFO  server.RaftServerConfigKeys (ConfUtils.java:logGet(46)) - raft.server.log.statemachine.data.sync.timeout.retry = -1 (default)
2022-07-12 20:47:11,717 [pool-848-thread-1] INFO  server.RaftServerConfigKeys (ConfUtils.java:logGet(46)) - raft.server.log.write.buffer.size = 1048576 (custom)
2022-07-12 20:47:11,718 [pool-848-thread-1] INFO  server.RaftServerConfigKeys (ConfUtils.java:logGet(46)) - raft.server.log.unsafe-flush.enabled = false (default)
2022-07-12 20:47:11,718 [pool-848-thread-1] INFO  server.RaftServerConfigKeys (ConfUtils.java:logGet(46)) - raft.server.log.statemachine.data.caching.enabled = true (custom)
2022-07-12 20:47:11,718 [pool-848-thread-1] INFO  segmented.SegmentedRaftLogWorker (SegmentedRaftLogWorker.java:lambda$new$0(135)) - b14b3941-1205-474b-b441-0392b5c826bd@group-56CB04D72F02-SegmentedRaftLogWorker: flushIndex: setUnconditionally 0 -> -1
2022-07-12 20:47:11,718 [pool-848-thread-1] INFO  segmented.SegmentedRaftLogWorker (SegmentedRaftLogWorker.java:lambda$new$0(135)) - b14b3941-1205-474b-b441-0392b5c826bd@group-56CB04D72F02-SegmentedRaftLogWorker: safeCacheEvictIndex: setUnconditionally 0 -> -1
2022-07-12 20:47:11,738 [pool-848-thread-1] INFO  server.RaftServerConfigKeys (ConfUtils.java:logGet(46)) - raft.server.snapshot.auto.trigger.enabled = true (custom)
2022-07-12 20:47:11,738 [pool-848-thread-1] INFO  server.RaftServerConfigKeys (ConfUtils.java:logGet(46)) - raft.server.snapshot.auto.trigger.threshold = 10000 (custom)
2022-07-12 20:47:11,738 [pool-848-thread-1] INFO  server.RaftServerConfigKeys (ConfUtils.java:logGet(46)) - raft.server.snapshot.retention.file.num = 5 (custom)
2022-07-12 20:47:11,738 [pool-848-thread-1] INFO  server.RaftServerConfigKeys (ConfUtils.java:logGet(46)) - raft.server.log.purge.upto.snapshot.index = false (default)
2022-07-12 20:47:11,738 [pool-848-thread-1] INFO  server.RaftServerConfigKeys (ConfUtils.java:logGet(46)) - raft.server.retrycache.expirytime = 600000ms (custom)
2022-07-12 20:47:11,738 [pool-848-thread-1] INFO  server.RaftServerConfigKeys (ConfUtils.java:logGet(46)) - raft.server.retrycache.statistics.expirytime = 100μs (default)
2022-07-12 20:47:11,739 [pool-848-thread-1] INFO  server.RaftServerConfigKeys (ConfUtils.java:logGet(46)) - raft.server.log.appender.install.snapshot.enabled = false (custom)
2022-07-12 20:47:11,739 [pool-848-thread-1] INFO  server.RaftServerConfigKeys (ConfUtils.java:logGet(46)) - raft.server.threadpool.server.cached = true (default)
2022-07-12 20:47:11,739 [pool-848-thread-1] INFO  server.RaftServerConfigKeys (ConfUtils.java:logGet(46)) - raft.server.threadpool.server.size = 0 (default)
2022-07-12 20:47:11,739 [pool-848-thread-1] INFO  server.RaftServerConfigKeys (ConfUtils.java:logGet(46)) - raft.server.threadpool.client.cached = true (default)
2022-07-12 20:47:11,740 [pool-848-thread-1] INFO  server.RaftServerConfigKeys (ConfUtils.java:logGet(46)) - raft.server.threadpool.client.size = 0 (default)
2022-07-12 20:47:11,740 [pool-848-thread-1] INFO  server.RaftServer$Division (RaftServerImpl.java:start(310)) - b14b3941-1205-474b-b441-0392b5c826bd@group-56CB04D72F02: start as a follower, conf=-1: [5f8711a9-ee6b-488e-a0ce-81e9173ee239|rpc:10.1.0.33:39581|dataStream:|priority:0, b14b3941-1205-474b-b441-0392b5c826bd|rpc:10.1.0.33:43287|dataStream:|priority:0, 4d0729d0-f06c-489e-ab74-62b76a77b6d3|rpc:10.1.0.33:35405|dataStream:|priority:1], old=null
2022-07-12 20:47:11,740 [pool-848-thread-1] INFO  server.RaftServer$Division (RaftServerImpl.java:setRole(299)) - b14b3941-1205-474b-b441-0392b5c826bd@group-56CB04D72F02: changes role from      null to FOLLOWER at term 0 for startAsFollower
2022-07-12 20:47:11,740 [pool-848-thread-1] INFO  impl.RoleInfo (RoleInfo.java:updateAndGet(139)) - b14b3941-1205-474b-b441-0392b5c826bd: start b14b3941-1205-474b-b441-0392b5c826bd@group-56CB04D72F02-FollowerState
2022-07-12 20:47:11,751 [pool-848-thread-1] INFO  util.JmxRegister (JmxRegister.java:tryRegister(44)) - Successfully registered JMX Bean with object name Ratis:service=RaftServer,group=group-56CB04D72F02,id=b14b3941-1205-474b-b441-0392b5c826bd
2022-07-12 20:47:11,818 [Listener at 127.0.0.1/43375] INFO  ozone.MiniOzoneClusterImpl (MiniOzoneClusterImpl.java:lambda$waitForClusterToBeReady$0(223)) - Nodes are ready. Got 3 of 3 DN Heartbeats.
2022-07-12 20:47:11,819 [Listener at 127.0.0.1/43375] INFO  ozone.MiniOzoneClusterImpl (MiniOzoneClusterImpl.java:lambda$waitForClusterToBeReady$0(226)) - Waiting for cluster to exit safe mode
2022-07-12 20:47:11,819 [Listener at 127.0.0.1/43375] INFO  ozone.MiniOzoneClusterImpl (MiniOzoneClusterImpl.java:lambda$waitForClusterToBeReady$0(228)) - SCM became leader
2022-07-12 20:47:11,844 [Command processor thread] INFO  commandhandler.CreatePipelineCommandHandler (CreatePipelineCommandHandler.java:handle(113)) - Created Pipeline RATIS THREE PipelineID=077e3671-0bbd-4a71-98b6-56cb04d72f02.
2022-07-12 20:47:11,845 [Command processor thread] INFO  server.RaftServer (RaftServerProxy.java:addNew(96)) - 4d0729d0-f06c-489e-ab74-62b76a77b6d3: addNew group-F4A893AFD40A:[5f8711a9-ee6b-488e-a0ce-81e9173ee239|rpc:10.1.0.33:39581|priority:0, b14b3941-1205-474b-b441-0392b5c826bd|rpc:10.1.0.33:43287|priority:1, 4d0729d0-f06c-489e-ab74-62b76a77b6d3|rpc:10.1.0.33:35405|priority:0] returns group-F4A893AFD40A:java.util.concurrent.CompletableFuture@10a68a7e[Not completed]
2022-07-12 20:47:11,845 [pool-802-thread-1] INFO  server.RaftServer$Division (RaftServerImpl.java:<init>(190)) - 4d0729d0-f06c-489e-ab74-62b76a77b6d3: new RaftServerImpl for group-F4A893AFD40A:[5f8711a9-ee6b-488e-a0ce-81e9173ee239|rpc:10.1.0.33:39581|priority:0, b14b3941-1205-474b-b441-0392b5c826bd|rpc:10.1.0.33:43287|priority:1, 4d0729d0-f06c-489e-ab74-62b76a77b6d3|rpc:10.1.0.33:35405|priority:0] with ContainerStateMachine:uninitialized
2022-07-12 20:47:11,846 [pool-802-thread-1] INFO  server.RaftServerConfigKeys (ConfUtils.java:logGet(46)) - raft.server.rpc.timeout.min = 5s (custom)
2022-07-12 20:47:11,846 [pool-802-thread-1] INFO  server.RaftServerConfigKeys (ConfUtils.java:logGet(46)) - raft.server.rpc.timeout.max = 5200ms (custom)
2022-07-12 20:47:11,846 [pool-802-thread-1] INFO  server.RaftServerConfigKeys (ConfUtils.java:logGet(46)) - raft.server.rpc.sleep.time = 25ms (default)
2022-07-12 20:47:11,846 [pool-802-thread-1] INFO  server.RaftServerConfigKeys (ConfUtils.java:logGet(46)) - raft.server.rpc.slowness.timeout = 300s (custom)
2022-07-12 20:47:11,846 [pool-802-thread-1] INFO  server.RaftServerConfigKeys (ConfUtils.java:logGet(46)) - raft.server.leaderelection.leader.step-down.wait-time = 10s (default)
2022-07-12 20:47:11,846 [pool-802-thread-1] INFO  server.RaftServerConfigKeys (ConfUtils.java:logGet(46)) - raft.server.sleep.deviation.threshold = 300ms (default)
2022-07-12 20:47:11,846 [pool-802-thread-1] INFO  server.RaftServer$Division (ServerState.java:<init>(107)) - 4d0729d0-f06c-489e-ab74-62b76a77b6d3@group-F4A893AFD40A: ConfigurationManager, init=-1: [5f8711a9-ee6b-488e-a0ce-81e9173ee239|rpc:10.1.0.33:39581|priority:0, b14b3941-1205-474b-b441-0392b5c826bd|rpc:10.1.0.33:43287|priority:1, 4d0729d0-f06c-489e-ab74-62b76a77b6d3|rpc:10.1.0.33:35405|priority:0], old=null, confs=<EMPTY_MAP>
2022-07-12 20:47:11,846 [pool-802-thread-1] INFO  server.RaftServerConfigKeys (ConfUtils.java:logGet(46)) - raft.server.storage.dir = [/home/runner/work/ozone/ozone/hadoop-ozone/integration-test/target/test-dir/MiniOzoneClusterImpl-0bd21523-c128-41c2-8182-978cc9bee6b0/datanode-0/data/ratis] (custom)
2022-07-12 20:47:11,846 [pool-802-thread-1] INFO  server.RaftServerConfigKeys (ConfUtils.java:logGet(46)) - raft.server.log.corruption.policy = EXCEPTION (default)
2022-07-12 20:47:11,846 [pool-802-thread-1] INFO  server.RaftServerConfigKeys (ConfUtils.java:logGet(46)) - raft.server.storage.free-space.min = 0MB (=0) (default)
2022-07-12 20:47:11,846 [pool-802-thread-1] INFO  storage.RaftStorageDirectory (RaftStorageDirectoryImpl.java:analyzeStorage(135)) - The storage directory /home/runner/work/ozone/ozone/hadoop-ozone/integration-test/target/test-dir/MiniOzoneClusterImpl-0bd21523-c128-41c2-8182-978cc9bee6b0/datanode-0/data/ratis/5824d6e6-a85e-4194-9936-f4a893afd40a does not exist. Creating ...
2022-07-12 20:47:11,851 [pool-802-thread-1] INFO  storage.RaftStorageDirectory (RaftStorageDirectoryImpl.java:tryLock(230)) - Lock on /home/runner/work/ozone/ozone/hadoop-ozone/integration-test/target/test-dir/MiniOzoneClusterImpl-0bd21523-c128-41c2-8182-978cc9bee6b0/datanode-0/data/ratis/5824d6e6-a85e-4194-9936-f4a893afd40a/in_use.lock acquired by nodename 3147@fv-az29-983
2022-07-12 20:47:11,855 [pool-802-thread-1] INFO  storage.RaftStorage (RaftStorageImpl.java:format(89)) - Storage directory /home/runner/work/ozone/ozone/hadoop-ozone/integration-test/target/test-dir/MiniOzoneClusterImpl-0bd21523-c128-41c2-8182-978cc9bee6b0/datanode-0/data/ratis/5824d6e6-a85e-4194-9936-f4a893afd40a has been successfully formatted.
2022-07-12 20:47:11,856 [pool-802-thread-1] INFO  ratis.ContainerStateMachine (ContainerStateMachine.java:loadSnapshot(236)) - group-F4A893AFD40A: The snapshot info is null. Setting the last applied indexto:(t:0, i:~)
2022-07-12 20:47:11,856 [pool-802-thread-1] INFO  server.RaftServerConfigKeys (ConfUtils.java:logGet(46)) - raft.server.notification.no-leader.timeout = 300s (custom)
2022-07-12 20:47:11,856 [pool-802-thread-1] INFO  server.RaftServerConfigKeys (ConfUtils.java:logGet(46)) - raft.server.log.use.memory = false (default)
2022-07-12 20:47:11,856 [pool-802-thread-1] INFO  server.RaftServerConfigKeys (ConfUtils.java:logGet(46)) - raft.server.log.purge.gap = 1000000 (custom)
2022-07-12 20:47:11,856 [pool-802-thread-1] INFO  server.RaftServerConfigKeys (ConfUtils.java:logGet(46)) - raft.server.log.appender.buffer.byte-limit = 33554432 (custom)
2022-07-12 20:47:11,856 [pool-802-thread-1] INFO  server.RaftServerConfigKeys (ConfUtils.java:logGet(46)) - raft.server.log.statemachine.data.read.timeout = 1000ms (default)
2022-07-12 20:47:11,856 [pool-802-thread-1] INFO  server.RaftServerConfigKeys (ConfUtils.java:logGet(46)) - raft.server.log.segment.size.max = 1048576 (custom)
2022-07-12 20:47:11,857 [pool-802-thread-1] INFO  server.RaftServerConfigKeys (ConfUtils.java:logGet(46)) - raft.server.log.segment.cache.num.max = 2 (custom)
2022-07-12 20:47:11,857 [pool-802-thread-1] INFO  server.RaftServerConfigKeys (ConfUtils.java:logGet(46)) - raft.server.log.segment.cache.size.max = 200MB (=209715200) (default)
2022-07-12 20:47:11,863 [EventQueue-OpenPipelineForHealthyPipelineSafeModeRule] INFO  safemode.SCMSafeModeManager (HealthyPipelineSafeModeRule.java:process(124)) - SCM in safe mode. Healthy pipelines reported count is 0, required healthy pipeline reported count is 1
2022-07-12 20:47:11,869 [pool-802-thread-1] INFO  segmented.SegmentedRaftLogWorker (SegmentedRaftLogWorker.java:<init>(187)) - new 4d0729d0-f06c-489e-ab74-62b76a77b6d3@group-F4A893AFD40A-SegmentedRaftLogWorker for RaftStorageImpl:Storage Directory /home/runner/work/ozone/ozone/hadoop-ozone/integration-test/target/test-dir/MiniOzoneClusterImpl-0bd21523-c128-41c2-8182-978cc9bee6b0/datanode-0/data/ratis/5824d6e6-a85e-4194-9936-f4a893afd40a
2022-07-12 20:47:11,869 [pool-802-thread-1] INFO  server.RaftServerConfigKeys (ConfUtils.java:logGet(46)) - raft.server.log.queue.byte-limit = 4294967296 (custom)
2022-07-12 20:47:11,869 [pool-802-thread-1] INFO  server.RaftServerConfigKeys (ConfUtils.java:logGet(46)) - raft.server.log.queue.element-limit = 1024 (custom)
2022-07-12 20:47:11,869 [pool-802-thread-1] INFO  server.RaftServerConfigKeys (ConfUtils.java:logGet(46)) - raft.server.log.segment.size.max = 1048576 (custom)
2022-07-12 20:47:11,869 [pool-802-thread-1] INFO  server.RaftServerConfigKeys (ConfUtils.java:logGet(46)) - raft.server.log.preallocated.size = 16384 (custom)
2022-07-12 20:47:11,869 [pool-802-thread-1] INFO  server.RaftServerConfigKeys (ConfUtils.java:logGet(46)) - raft.server.log.force.sync.num = 128 (default)
2022-07-12 20:47:11,869 [pool-802-thread-1] INFO  server.RaftServerConfigKeys (ConfUtils.java:logGet(46)) - raft.server.log.statemachine.data.sync = true (default)
2022-07-12 20:47:11,869 [pool-802-thread-1] INFO  server.RaftServerConfigKeys (ConfUtils.java:logGet(46)) - raft.server.log.statemachine.data.sync.timeout = 10s (default)
2022-07-12 20:47:11,869 [pool-802-thread-1] INFO  server.RaftServerConfigKeys (ConfUtils.java:logGet(46)) - raft.server.log.statemachine.data.sync.timeout.retry = -1 (default)
2022-07-12 20:47:11,870 [pool-802-thread-1] INFO  server.RaftServerConfigKeys (ConfUtils.java:logGet(46)) - raft.server.log.write.buffer.size = 1048576 (custom)
2022-07-12 20:47:11,871 [pool-802-thread-1] INFO  server.RaftServerConfigKeys (ConfUtils.java:logGet(46)) - raft.server.log.unsafe-flush.enabled = false (default)
2022-07-12 20:47:11,871 [pool-802-thread-1] INFO  server.RaftServerConfigKeys (ConfUtils.java:logGet(46)) - raft.server.log.statemachine.data.caching.enabled = true (custom)
2022-07-12 20:47:11,871 [pool-802-thread-1] INFO  segmented.SegmentedRaftLogWorker (SegmentedRaftLogWorker.java:lambda$new$0(135)) - 4d0729d0-f06c-489e-ab74-62b76a77b6d3@group-F4A893AFD40A-SegmentedRaftLogWorker: flushIndex: setUnconditionally 0 -> -1
2022-07-12 20:47:11,871 [pool-802-thread-1] INFO  segmented.SegmentedRaftLogWorker (SegmentedRaftLogWorker.java:lambda$new$0(135)) - 4d0729d0-f06c-489e-ab74-62b76a77b6d3@group-F4A893AFD40A-SegmentedRaftLogWorker: safeCacheEvictIndex: setUnconditionally 0 -> -1
2022-07-12 20:47:11,875 [pool-802-thread-1] INFO  server.RaftServerConfigKeys (ConfUtils.java:logGet(46)) - raft.server.snapshot.auto.trigger.enabled = true (custom)
2022-07-12 20:47:11,875 [pool-802-thread-1] INFO  server.RaftServerConfigKeys (ConfUtils.java:logGet(46)) - raft.server.snapshot.auto.trigger.threshold = 10000 (custom)
2022-07-12 20:47:11,875 [pool-802-thread-1] INFO  server.RaftServerConfigKeys (ConfUtils.java:logGet(46)) - raft.server.snapshot.retention.file.num = 5 (custom)
2022-07-12 20:47:11,875 [pool-802-thread-1] INFO  server.RaftServerConfigKeys (ConfUtils.java:logGet(46)) - raft.server.log.purge.upto.snapshot.index = false (default)
2022-07-12 20:47:11,875 [pool-802-thread-1] INFO  server.RaftServerConfigKeys (ConfUtils.java:logGet(46)) - raft.server.retrycache.expirytime = 600000ms (custom)
2022-07-12 20:47:11,875 [pool-802-thread-1] INFO  server.RaftServerConfigKeys (ConfUtils.java:logGet(46)) - raft.server.retrycache.statistics.expirytime = 100μs (default)
2022-07-12 20:47:11,876 [pool-802-thread-1] INFO  server.RaftServerConfigKeys (ConfUtils.java:logGet(46)) - raft.server.log.appender.install.snapshot.enabled = false (custom)
2022-07-12 20:47:11,876 [pool-802-thread-1] INFO  server.RaftServerConfigKeys (ConfUtils.java:logGet(46)) - raft.server.threadpool.server.cached = true (default)
2022-07-12 20:47:11,876 [pool-802-thread-1] INFO  server.RaftServerConfigKeys (ConfUtils.java:logGet(46)) - raft.server.threadpool.server.size = 0 (default)
2022-07-12 20:47:11,876 [pool-802-thread-1] INFO  server.RaftServerConfigKeys (ConfUtils.java:logGet(46)) - raft.server.threadpool.client.cached = true (default)
2022-07-12 20:47:11,876 [pool-802-thread-1] INFO  server.RaftServerConfigKeys (ConfUtils.java:logGet(46)) - raft.server.threadpool.client.size = 0 (default)
2022-07-12 20:47:11,876 [pool-802-thread-1] INFO  server.RaftServer$Division (RaftServerImpl.java:start(310)) - 4d0729d0-f06c-489e-ab74-62b76a77b6d3@group-F4A893AFD40A: start as a follower, conf=-1: [5f8711a9-ee6b-488e-a0ce-81e9173ee239|rpc:10.1.0.33:39581|priority:0, b14b3941-1205-474b-b441-0392b5c826bd|rpc:10.1.0.33:43287|priority:1, 4d0729d0-f06c-489e-ab74-62b76a77b6d3|rpc:10.1.0.33:35405|priority:0], old=null
2022-07-12 20:47:11,876 [pool-802-thread-1] INFO  server.RaftServer$Division (RaftServerImpl.java:setRole(299)) - 4d0729d0-f06c-489e-ab74-62b76a77b6d3@group-F4A893AFD40A: changes role from      null to FOLLOWER at term 0 for startAsFollower
2022-07-12 20:47:11,876 [pool-802-thread-1] INFO  impl.RoleInfo (RoleInfo.java:updateAndGet(139)) - 4d0729d0-f06c-489e-ab74-62b76a77b6d3: start 4d0729d0-f06c-489e-ab74-62b76a77b6d3@group-F4A893AFD40A-FollowerState
2022-07-12 20:47:11,892 [pool-802-thread-1] INFO  util.JmxRegister (JmxRegister.java:tryRegister(44)) - Successfully registered JMX Bean with object name Ratis:service=RaftServer,group=group-F4A893AFD40A,id=4d0729d0-f06c-489e-ab74-62b76a77b6d3
2022-07-12 20:47:11,919 [Command processor thread] INFO  server.RaftServer (RaftServerProxy.java:addNew(96)) - b14b3941-1205-474b-b441-0392b5c826bd: addNew group-301FC7E65253:[b14b3941-1205-474b-b441-0392b5c826bd|rpc:10.1.0.33:43287|priority:1] returns group-301FC7E65253:java.util.concurrent.CompletableFuture@297423bc[Not completed]
2022-07-12 20:47:11,920 [pool-848-thread-1] INFO  server.RaftServer$Division (RaftServerImpl.java:<init>(190)) - b14b3941-1205-474b-b441-0392b5c826bd: new RaftServerImpl for group-301FC7E65253:[b14b3941-1205-474b-b441-0392b5c826bd|rpc:10.1.0.33:43287|priority:1] with ContainerStateMachine:uninitialized
2022-07-12 20:47:11,920 [pool-848-thread-1] INFO  server.RaftServerConfigKeys (ConfUtils.java:logGet(46)) - raft.server.rpc.timeout.min = 5s (custom)
2022-07-12 20:47:11,920 [pool-848-thread-1] INFO  server.RaftServerConfigKeys (ConfUtils.java:logGet(46)) - raft.server.rpc.timeout.max = 5200ms (custom)
2022-07-12 20:47:11,920 [pool-848-thread-1] INFO  server.RaftServerConfigKeys (ConfUtils.java:logGet(46)) - raft.server.rpc.sleep.time = 25ms (default)
2022-07-12 20:47:11,920 [pool-848-thread-1] INFO  server.RaftServerConfigKeys (ConfUtils.java:logGet(46)) - raft.server.rpc.slowness.timeout = 300s (custom)
2022-07-12 20:47:11,920 [pool-848-thread-1] INFO  server.RaftServerConfigKeys (ConfUtils.java:logGet(46)) - raft.server.leaderelection.leader.step-down.wait-time = 10s (default)
2022-07-12 20:47:11,920 [pool-848-thread-1] INFO  server.RaftServerConfigKeys (ConfUtils.java:logGet(46)) - raft.server.sleep.deviation.threshold = 300ms (default)
2022-07-12 20:47:11,920 [pool-848-thread-1] INFO  server.RaftServer$Division (ServerState.java:<init>(107)) - b14b3941-1205-474b-b441-0392b5c826bd@group-301FC7E65253: ConfigurationManager, init=-1: [b14b3941-1205-474b-b441-0392b5c826bd|rpc:10.1.0.33:43287|priority:1], old=null, confs=<EMPTY_MAP>
2022-07-12 20:47:11,920 [pool-848-thread-1] INFO  server.RaftServerConfigKeys (ConfUtils.java:logGet(46)) - raft.server.storage.dir = [/home/runner/work/ozone/ozone/hadoop-ozone/integration-test/target/test-dir/MiniOzoneClusterImpl-0bd21523-c128-41c2-8182-978cc9bee6b0/datanode-2/data/ratis] (custom)
2022-07-12 20:47:11,920 [pool-848-thread-1] INFO  server.RaftServerConfigKeys (ConfUtils.java:logGet(46)) - raft.server.log.corruption.policy = EXCEPTION (default)
2022-07-12 20:47:11,920 [pool-848-thread-1] INFO  server.RaftServerConfigKeys (ConfUtils.java:logGet(46)) - raft.server.storage.free-space.min = 0MB (=0) (default)
2022-07-12 20:47:11,920 [pool-848-thread-1] INFO  storage.RaftStorageDirectory (RaftStorageDirectoryImpl.java:analyzeStorage(135)) - The storage directory /home/runner/work/ozone/ozone/hadoop-ozone/integration-test/target/test-dir/MiniOzoneClusterImpl-0bd21523-c128-41c2-8182-978cc9bee6b0/datanode-2/data/ratis/ea0a4fc3-0f66-4371-88e7-301fc7e65253 does not exist. Creating ...
2022-07-12 20:47:11,921 [Command processor thread] INFO  ratis.XceiverServerRatis (XceiverServerRatis.java:addGroup(765)) - Created group PipelineID=5824d6e6-a85e-4194-9936-f4a893afd40a
2022-07-12 20:47:11,924 [pool-848-thread-1] INFO  storage.RaftStorageDirectory (RaftStorageDirectoryImpl.java:tryLock(230)) - Lock on /home/runner/work/ozone/ozone/hadoop-ozone/integration-test/target/test-dir/MiniOzoneClusterImpl-0bd21523-c128-41c2-8182-978cc9bee6b0/datanode-2/data/ratis/ea0a4fc3-0f66-4371-88e7-301fc7e65253/in_use.lock acquired by nodename 3147@fv-az29-983
2022-07-12 20:47:11,926 [pool-848-thread-1] INFO  storage.RaftStorage (RaftStorageImpl.java:format(89)) - Storage directory /home/runner/work/ozone/ozone/hadoop-ozone/integration-test/target/test-dir/MiniOzoneClusterImpl-0bd21523-c128-41c2-8182-978cc9bee6b0/datanode-2/data/ratis/ea0a4fc3-0f66-4371-88e7-301fc7e65253 has been successfully formatted.
2022-07-12 20:47:11,926 [pool-848-thread-1] INFO  ratis.ContainerStateMachine (ContainerStateMachine.java:loadSnapshot(236)) - group-301FC7E65253: The snapshot info is null. Setting the last applied indexto:(t:0, i:~)
2022-07-12 20:47:11,926 [pool-848-thread-1] INFO  server.RaftServerConfigKeys (ConfUtils.java:logGet(46)) - raft.server.notification.no-leader.timeout = 300s (custom)
2022-07-12 20:47:11,926 [pool-848-thread-1] INFO  server.RaftServerConfigKeys (ConfUtils.java:logGet(46)) - raft.server.log.use.memory = false (default)
2022-07-12 20:47:11,926 [pool-848-thread-1] INFO  server.RaftServerConfigKeys (ConfUtils.java:logGet(46)) - raft.server.log.purge.gap = 1000000 (custom)
2022-07-12 20:47:11,926 [pool-848-thread-1] INFO  server.RaftServerConfigKeys (ConfUtils.java:logGet(46)) - raft.server.log.appender.buffer.byte-limit = 33554432 (custom)
2022-07-12 20:47:11,927 [pool-848-thread-1] INFO  server.RaftServerConfigKeys (ConfUtils.java:logGet(46)) - raft.server.log.statemachine.data.read.timeout = 1000ms (default)
2022-07-12 20:47:11,927 [EventQueue-PipelineReportForPipelineReportHandler] INFO  pipeline.PipelineManagerImpl (PipelineManagerImpl.java:openPipeline(359)) - Pipeline Pipeline[ Id: ea0a4fc3-0f66-4371-88e7-301fc7e65253, Nodes: b14b3941-1205-474b-b441-0392b5c826bd{ip: 10.1.0.33, host: fv-az29-983.0gf2enmb5avurc1gjtxldx4mnh.bx.internal.cloudapp.net, ports: [REPLICATION=36003, RATIS=43287, RATIS_ADMIN=43287, RATIS_SERVER=43287, STANDALONE=43791], networkLocation: /default-rack, certSerialId: null, persistedOpState: IN_SERVICE, persistedOpStateExpiryEpochSec: 0}, ReplicationConfig: RATIS/ONE, State:ALLOCATED, leaderId:b14b3941-1205-474b-b441-0392b5c826bd, CreationTimestamp2022-07-12T20:47:10.919Z[Etc/UTC]] moved to OPEN state
2022-07-12 20:47:11,929 [pool-848-thread-1] INFO  server.RaftServerConfigKeys (ConfUtils.java:logGet(46)) - raft.server.log.segment.size.max = 1048576 (custom)
2022-07-12 20:47:11,929 [EventQueue-OpenPipelineForHealthyPipelineSafeModeRule] INFO  safemode.SCMSafeModeManager (HealthyPipelineSafeModeRule.java:process(124)) - SCM in safe mode. Healthy pipelines reported count is 0, required healthy pipeline reported count is 1
2022-07-12 20:47:11,951 [pool-848-thread-1] INFO  server.RaftServerConfigKeys (ConfUtils.java:logGet(46)) - raft.server.log.segment.cache.num.max = 2 (custom)
2022-07-12 20:47:11,951 [pool-848-thread-1] INFO  server.RaftServerConfigKeys (ConfUtils.java:logGet(46)) - raft.server.log.segment.cache.size.max = 200MB (=209715200) (default)
2022-07-12 20:47:11,951 [pool-848-thread-1] INFO  segmented.SegmentedRaftLogWorker (SegmentedRaftLogWorker.java:<init>(187)) - new b14b3941-1205-474b-b441-0392b5c826bd@group-301FC7E65253-SegmentedRaftLogWorker for RaftStorageImpl:Storage Directory /home/runner/work/ozone/ozone/hadoop-ozone/integration-test/target/test-dir/MiniOzoneClusterImpl-0bd21523-c128-41c2-8182-978cc9bee6b0/datanode-2/data/ratis/ea0a4fc3-0f66-4371-88e7-301fc7e65253
2022-07-12 20:47:11,951 [pool-848-thread-1] INFO  server.RaftServerConfigKeys (ConfUtils.java:logGet(46)) - raft.server.log.queue.byte-limit = 4294967296 (custom)
2022-07-12 20:47:11,951 [pool-848-thread-1] INFO  server.RaftServerConfigKeys (ConfUtils.java:logGet(46)) - raft.server.log.queue.element-limit = 1024 (custom)
2022-07-12 20:47:11,951 [pool-848-thread-1] INFO  server.RaftServerConfigKeys (ConfUtils.java:logGet(46)) - raft.server.log.segment.size.max = 1048576 (custom)
2022-07-12 20:47:11,951 [pool-848-thread-1] INFO  server.RaftServerConfigKeys (ConfUtils.java:logGet(46)) - raft.server.log.preallocated.size = 16384 (custom)
2022-07-12 20:47:11,951 [pool-848-thread-1] INFO  server.RaftServerConfigKeys (ConfUtils.java:logGet(46)) - raft.server.log.force.sync.num = 128 (default)
2022-07-12 20:47:11,951 [pool-848-thread-1] INFO  server.RaftServerConfigKeys (ConfUtils.java:logGet(46)) - raft.server.log.statemachine.data.sync = true (default)
2022-07-12 20:47:11,951 [pool-848-thread-1] INFO  server.RaftServerConfigKeys (ConfUtils.java:logGet(46)) - raft.server.log.statemachine.data.sync.timeout = 10s (default)
2022-07-12 20:47:11,951 [pool-848-thread-1] INFO  server.RaftServerConfigKeys (ConfUtils.java:logGet(46)) - raft.server.log.statemachine.data.sync.timeout.retry = -1 (default)
2022-07-12 20:47:11,952 [pool-848-thread-1] INFO  server.RaftServerConfigKeys (ConfUtils.java:logGet(46)) - raft.server.log.write.buffer.size = 1048576 (custom)
2022-07-12 20:47:11,953 [pool-848-thread-1] INFO  server.RaftServerConfigKeys (ConfUtils.java:logGet(46)) - raft.server.log.unsafe-flush.enabled = false (default)
2022-07-12 20:47:11,953 [pool-848-thread-1] INFO  server.RaftServerConfigKeys (ConfUtils.java:logGet(46)) - raft.server.log.statemachine.data.caching.enabled = true (custom)
2022-07-12 20:47:11,953 [pool-848-thread-1] INFO  segmented.SegmentedRaftLogWorker (SegmentedRaftLogWorker.java:lambda$new$0(135)) - b14b3941-1205-474b-b441-0392b5c826bd@group-301FC7E65253-SegmentedRaftLogWorker: flushIndex: setUnconditionally 0 -> -1
2022-07-12 20:47:11,953 [pool-848-thread-1] INFO  segmented.SegmentedRaftLogWorker (SegmentedRaftLogWorker.java:lambda$new$0(135)) - b14b3941-1205-474b-b441-0392b5c826bd@group-301FC7E65253-SegmentedRaftLogWorker: safeCacheEvictIndex: setUnconditionally 0 -> -1
2022-07-12 20:47:11,957 [pool-848-thread-1] INFO  server.RaftServerConfigKeys (ConfUtils.java:logGet(46)) - raft.server.snapshot.auto.trigger.enabled = true (custom)
2022-07-12 20:47:11,957 [pool-848-thread-1] INFO  server.RaftServerConfigKeys (ConfUtils.java:logGet(46)) - raft.server.snapshot.auto.trigger.threshold = 10000 (custom)
2022-07-12 20:47:11,957 [pool-848-thread-1] INFO  server.RaftServerConfigKeys (ConfUtils.java:logGet(46)) - raft.server.snapshot.retention.file.num = 5 (custom)
2022-07-12 20:47:11,957 [pool-848-thread-1] INFO  server.RaftServerConfigKeys (ConfUtils.java:logGet(46)) - raft.server.log.purge.upto.snapshot.index = false (default)
2022-07-12 20:47:11,957 [pool-848-thread-1] INFO  server.RaftServerConfigKeys (ConfUtils.java:logGet(46)) - raft.server.retrycache.expirytime = 600000ms (custom)
2022-07-12 20:47:11,957 [pool-848-thread-1] INFO  server.RaftServerConfigKeys (ConfUtils.java:logGet(46)) - raft.server.retrycache.statistics.expirytime = 100μs (default)
2022-07-12 20:47:11,959 [pool-848-thread-1] INFO  server.RaftServerConfigKeys (ConfUtils.java:logGet(46)) - raft.server.log.appender.install.snapshot.enabled = false (custom)
2022-07-12 20:47:11,959 [pool-848-thread-1] INFO  server.RaftServerConfigKeys (ConfUtils.java:logGet(46)) - raft.server.threadpool.server.cached = true (default)
2022-07-12 20:47:11,959 [pool-848-thread-1] INFO  server.RaftServerConfigKeys (ConfUtils.java:logGet(46)) - raft.server.threadpool.server.size = 0 (default)
2022-07-12 20:47:11,959 [pool-848-thread-1] INFO  server.RaftServerConfigKeys (ConfUtils.java:logGet(46)) - raft.server.threadpool.client.cached = true (default)
2022-07-12 20:47:11,959 [pool-848-thread-1] INFO  server.RaftServerConfigKeys (ConfUtils.java:logGet(46)) - raft.server.threadpool.client.size = 0 (default)
2022-07-12 20:47:11,959 [pool-848-thread-1] INFO  server.RaftServer$Division (RaftServerImpl.java:start(310)) - b14b3941-1205-474b-b441-0392b5c826bd@group-301FC7E65253: start as a follower, conf=-1: [b14b3941-1205-474b-b441-0392b5c826bd|rpc:10.1.0.33:43287|priority:1], old=null
2022-07-12 20:47:11,959 [pool-848-thread-1] INFO  server.RaftServer$Division (RaftServerImpl.java:setRole(299)) - b14b3941-1205-474b-b441-0392b5c826bd@group-301FC7E65253: changes role from      null to FOLLOWER at term 0 for startAsFollower
2022-07-12 20:47:11,959 [pool-848-thread-1] INFO  impl.RoleInfo (RoleInfo.java:updateAndGet(139)) - b14b3941-1205-474b-b441-0392b5c826bd: start b14b3941-1205-474b-b441-0392b5c826bd@group-301FC7E65253-FollowerState
2022-07-12 20:47:11,980 [pool-848-thread-1] INFO  util.JmxRegister (JmxRegister.java:tryRegister(44)) - Successfully registered JMX Bean with object name Ratis:service=RaftServer,group=group-301FC7E65253,id=b14b3941-1205-474b-b441-0392b5c826bd
2022-07-12 20:47:11,981 [Command processor thread] INFO  ratis.XceiverServerRatis (XceiverServerRatis.java:addGroup(765)) - Created group PipelineID=ea0a4fc3-0f66-4371-88e7-301fc7e65253
2022-07-12 20:47:11,981 [Command processor thread] INFO  commandhandler.CreatePipelineCommandHandler (CreatePipelineCommandHandler.java:handle(113)) - Created Pipeline RATIS ONE PipelineID=ea0a4fc3-0f66-4371-88e7-301fc7e65253.
2022-07-12 20:47:11,981 [Command processor thread] INFO  server.RaftServer (RaftServerProxy.java:addNew(96)) - b14b3941-1205-474b-b441-0392b5c826bd: addNew group-F4A893AFD40A:[5f8711a9-ee6b-488e-a0ce-81e9173ee239|rpc:10.1.0.33:39581|priority:0, b14b3941-1205-474b-b441-0392b5c826bd|rpc:10.1.0.33:43287|priority:1, 4d0729d0-f06c-489e-ab74-62b76a77b6d3|rpc:10.1.0.33:35405|priority:0] returns group-F4A893AFD40A:java.util.concurrent.CompletableFuture@27b3c8e2[Not completed]
2022-07-12 20:47:11,987 [pool-848-thread-1] INFO  server.RaftServer$Division (RaftServerImpl.java:<init>(190)) - b14b3941-1205-474b-b441-0392b5c826bd: new RaftServerImpl for group-F4A893AFD40A:[5f8711a9-ee6b-488e-a0ce-81e9173ee239|rpc:10.1.0.33:39581|priority:0, b14b3941-1205-474b-b441-0392b5c826bd|rpc:10.1.0.33:43287|priority:1, 4d0729d0-f06c-489e-ab74-62b76a77b6d3|rpc:10.1.0.33:35405|priority:0] with ContainerStateMachine:uninitialized
2022-07-12 20:47:11,987 [pool-848-thread-1] INFO  server.RaftServerConfigKeys (ConfUtils.java:logGet(46)) - raft.server.rpc.timeout.min = 5s (custom)
2022-07-12 20:47:11,987 [pool-848-thread-1] INFO  server.RaftServerConfigKeys (ConfUtils.java:logGet(46)) - raft.server.rpc.timeout.max = 5200ms (custom)
2022-07-12 20:47:11,987 [pool-848-thread-1] INFO  server.RaftServerConfigKeys (ConfUtils.java:logGet(46)) - raft.server.rpc.sleep.time = 25ms (default)
2022-07-12 20:47:11,987 [pool-848-thread-1] INFO  server.RaftServerConfigKeys (ConfUtils.java:logGet(46)) - raft.server.rpc.slowness.timeout = 300s (custom)
2022-07-12 20:47:11,987 [pool-848-thread-1] INFO  server.RaftServerConfigKeys (ConfUtils.java:logGet(46)) - raft.server.leaderelection.leader.step-down.wait-time = 10s (default)
2022-07-12 20:47:11,987 [pool-848-thread-1] INFO  server.RaftServerConfigKeys (ConfUtils.java:logGet(46)) - raft.server.sleep.deviation.threshold = 300ms (default)
2022-07-12 20:47:11,987 [pool-848-thread-1] INFO  server.RaftServer$Division (ServerState.java:<init>(107)) - b14b3941-1205-474b-b441-0392b5c826bd@group-F4A893AFD40A: ConfigurationManager, init=-1: [5f8711a9-ee6b-488e-a0ce-81e9173ee239|rpc:10.1.0.33:39581|priority:0, b14b3941-1205-474b-b441-0392b5c826bd|rpc:10.1.0.33:43287|priority:1, 4d0729d0-f06c-489e-ab74-62b76a77b6d3|rpc:10.1.0.33:35405|priority:0], old=null, confs=<EMPTY_MAP>
2022-07-12 20:47:11,987 [pool-848-thread-1] INFO  server.RaftServerConfigKeys (ConfUtils.java:logGet(46)) - raft.server.storage.dir = [/home/runner/work/ozone/ozone/hadoop-ozone/integration-test/target/test-dir/MiniOzoneClusterImpl-0bd21523-c128-41c2-8182-978cc9bee6b0/datanode-2/data/ratis] (custom)
2022-07-12 20:47:11,987 [pool-848-thread-1] INFO  server.RaftServerConfigKeys (ConfUtils.java:logGet(46)) - raft.server.log.corruption.policy = EXCEPTION (default)
2022-07-12 20:47:11,987 [pool-848-thread-1] INFO  server.RaftServerConfigKeys (ConfUtils.java:logGet(46)) - raft.server.storage.free-space.min = 0MB (=0) (default)
2022-07-12 20:47:11,987 [pool-848-thread-1] INFO  storage.RaftStorageDirectory (RaftStorageDirectoryImpl.java:analyzeStorage(135)) - The storage directory /home/runner/work/ozone/ozone/hadoop-ozone/integration-test/target/test-dir/MiniOzoneClusterImpl-0bd21523-c128-41c2-8182-978cc9bee6b0/datanode-2/data/ratis/5824d6e6-a85e-4194-9936-f4a893afd40a does not exist. Creating ...
2022-07-12 20:47:11,989 [grpc-default-executor-0] INFO  server.RaftServer (RaftServerProxy.java:addNew(96)) - 5f8711a9-ee6b-488e-a0ce-81e9173ee239: addNew group-F4A893AFD40A:[5f8711a9-ee6b-488e-a0ce-81e9173ee239|rpc:10.1.0.33:39581|dataStream:|priority:0, b14b3941-1205-474b-b441-0392b5c826bd|rpc:10.1.0.33:43287|dataStream:|priority:1, 4d0729d0-f06c-489e-ab74-62b76a77b6d3|rpc:10.1.0.33:35405|dataStream:|priority:0] returns group-F4A893AFD40A:java.util.concurrent.CompletableFuture@38560bbb[Not completed]
2022-07-12 20:47:11,990 [pool-825-thread-1] INFO  server.RaftServer$Division (RaftServerImpl.java:<init>(190)) - 5f8711a9-ee6b-488e-a0ce-81e9173ee239: new RaftServerImpl for group-F4A893AFD40A:[5f8711a9-ee6b-488e-a0ce-81e9173ee239|rpc:10.1.0.33:39581|dataStream:|priority:0, b14b3941-1205-474b-b441-0392b5c826bd|rpc:10.1.0.33:43287|dataStream:|priority:1, 4d0729d0-f06c-489e-ab74-62b76a77b6d3|rpc:10.1.0.33:35405|dataStream:|priority:0] with ContainerStateMachine:uninitialized
2022-07-12 20:47:11,990 [pool-825-thread-1] INFO  server.RaftServerConfigKeys (ConfUtils.java:logGet(46)) - raft.server.rpc.timeout.min = 5s (custom)
2022-07-12 20:47:11,991 [pool-825-thread-1] INFO  server.RaftServerConfigKeys (ConfUtils.java:logGet(46)) - raft.server.rpc.timeout.max = 5200ms (custom)
2022-07-12 20:47:11,991 [pool-825-thread-1] INFO  server.RaftServerConfigKeys (ConfUtils.java:logGet(46)) - raft.server.rpc.sleep.time = 25ms (default)
2022-07-12 20:47:11,991 [pool-825-thread-1] INFO  server.RaftServerConfigKeys (ConfUtils.java:logGet(46)) - raft.server.rpc.slowness.timeout = 300s (custom)
2022-07-12 20:47:11,991 [pool-825-thread-1] INFO  server.RaftServerConfigKeys (ConfUtils.java:logGet(46)) - raft.server.leaderelection.leader.step-down.wait-time = 10s (default)
2022-07-12 20:47:11,991 [pool-825-thread-1] INFO  server.RaftServerConfigKeys (ConfUtils.java:logGet(46)) - raft.server.sleep.deviation.threshold = 300ms (default)
2022-07-12 20:47:11,991 [pool-825-thread-1] INFO  server.RaftServer$Division (ServerState.java:<init>(107)) - 5f8711a9-ee6b-488e-a0ce-81e9173ee239@group-F4A893AFD40A: ConfigurationManager, init=-1: [5f8711a9-ee6b-488e-a0ce-81e9173ee239|rpc:10.1.0.33:39581|dataStream:|priority:0, b14b3941-1205-474b-b441-0392b5c826bd|rpc:10.1.0.33:43287|dataStream:|priority:1, 4d0729d0-f06c-489e-ab74-62b76a77b6d3|rpc:10.1.0.33:35405|dataStream:|priority:0], old=null, confs=<EMPTY_MAP>
2022-07-12 20:47:11,991 [pool-825-thread-1] INFO  server.RaftServerConfigKeys (ConfUtils.java:logGet(46)) - raft.server.storage.dir = [/home/runner/work/ozone/ozone/hadoop-ozone/integration-test/target/test-dir/MiniOzoneClusterImpl-0bd21523-c128-41c2-8182-978cc9bee6b0/datanode-1/data/ratis] (custom)
2022-07-12 20:47:11,991 [pool-825-thread-1] INFO  server.RaftServerConfigKeys (ConfUtils.java:logGet(46)) - raft.server.log.corruption.policy = EXCEPTION (default)
2022-07-12 20:47:11,991 [pool-825-thread-1] INFO  server.RaftServerConfigKeys (ConfUtils.java:logGet(46)) - raft.server.storage.free-space.min = 0MB (=0) (default)
2022-07-12 20:47:11,991 [pool-825-thread-1] INFO  storage.RaftStorageDirectory (RaftStorageDirectoryImpl.java:analyzeStorage(135)) - The storage directory /home/runner/work/ozone/ozone/hadoop-ozone/integration-test/target/test-dir/MiniOzoneClusterImpl-0bd21523-c128-41c2-8182-978cc9bee6b0/datanode-1/data/ratis/5824d6e6-a85e-4194-9936-f4a893afd40a does not exist. Creating ...
2022-07-12 20:47:11,992 [pool-825-thread-1] INFO  storage.RaftStorageDirectory (RaftStorageDirectoryImpl.java:tryLock(230)) - Lock on /home/runner/work/ozone/ozone/hadoop-ozone/integration-test/target/test-dir/MiniOzoneClusterImpl-0bd21523-c128-41c2-8182-978cc9bee6b0/datanode-1/data/ratis/5824d6e6-a85e-4194-9936-f4a893afd40a/in_use.lock acquired by nodename 3147@fv-az29-983
2022-07-12 20:47:11,992 [pool-825-thread-1] INFO  storage.RaftStorage (RaftStorageImpl.java:format(89)) - Storage directory /home/runner/work/ozone/ozone/hadoop-ozone/integration-test/target/test-dir/MiniOzoneClusterImpl-0bd21523-c128-41c2-8182-978cc9bee6b0/datanode-1/data/ratis/5824d6e6-a85e-4194-9936-f4a893afd40a has been successfully formatted.
2022-07-12 20:47:11,994 [pool-848-thread-1] INFO  storage.RaftStorageDirectory (RaftStorageDirectoryImpl.java:tryLock(230)) - Lock on /home/runner/work/ozone/ozone/hadoop-ozone/integration-test/target/test-dir/MiniOzoneClusterImpl-0bd21523-c128-41c2-8182-978cc9bee6b0/datanode-2/data/ratis/5824d6e6-a85e-4194-9936-f4a893afd40a/in_use.lock acquired by nodename 3147@fv-az29-983
2022-07-12 20:47:11,994 [pool-825-thread-1] INFO  ratis.ContainerStateMachine (ContainerStateMachine.java:loadSnapshot(236)) - group-F4A893AFD40A: The snapshot info is null. Setting the last applied indexto:(t:0, i:~)
2022-07-12 20:47:11,994 [pool-825-thread-1] INFO  server.RaftServerConfigKeys (ConfUtils.java:logGet(46)) - raft.server.notification.no-leader.timeout = 300s (custom)
2022-07-12 20:47:11,994 [pool-825-thread-1] INFO  server.RaftServerConfigKeys (ConfUtils.java:logGet(46)) - raft.server.log.use.memory = false (default)
2022-07-12 20:47:11,994 [pool-825-thread-1] INFO  server.RaftServerConfigKeys (ConfUtils.java:logGet(46)) - raft.server.log.purge.gap = 1000000 (custom)
2022-07-12 20:47:11,994 [pool-825-thread-1] INFO  server.RaftServerConfigKeys (ConfUtils.java:logGet(46)) - raft.server.log.appender.buffer.byte-limit = 33554432 (custom)
2022-07-12 20:47:11,994 [pool-825-thread-1] INFO  server.RaftServerConfigKeys (ConfUtils.java:logGet(46)) - raft.server.log.statemachine.data.read.timeout = 1000ms (default)
2022-07-12 20:47:11,995 [pool-825-thread-1] INFO  server.RaftServerConfigKeys (ConfUtils.java:logGet(46)) - raft.server.log.segment.size.max = 1048576 (custom)
2022-07-12 20:47:11,995 [pool-825-thread-1] INFO  server.RaftServerConfigKeys (ConfUtils.java:logGet(46)) - raft.server.log.segment.cache.num.max = 2 (custom)
2022-07-12 20:47:11,995 [pool-825-thread-1] INFO  server.RaftServerConfigKeys (ConfUtils.java:logGet(46)) - raft.server.log.segment.cache.size.max = 200MB (=209715200) (default)
2022-07-12 20:47:11,995 [pool-825-thread-1] INFO  segmented.SegmentedRaftLogWorker (SegmentedRaftLogWorker.java:<init>(187)) - new 5f8711a9-ee6b-488e-a0ce-81e9173ee239@group-F4A893AFD40A-SegmentedRaftLogWorker for RaftStorageImpl:Storage Directory /home/runner/work/ozone/ozone/hadoop-ozone/integration-test/target/test-dir/MiniOzoneClusterImpl-0bd21523-c128-41c2-8182-978cc9bee6b0/datanode-1/data/ratis/5824d6e6-a85e-4194-9936-f4a893afd40a
2022-07-12 20:47:11,995 [pool-825-thread-1] INFO  server.RaftServerConfigKeys (ConfUtils.java:logGet(46)) - raft.server.log.queue.byte-limit = 4294967296 (custom)
2022-07-12 20:47:11,995 [pool-825-thread-1] INFO  server.RaftServerConfigKeys (ConfUtils.java:logGet(46)) - raft.server.log.queue.element-limit = 1024 (custom)
2022-07-12 20:47:11,995 [pool-825-thread-1] INFO  server.RaftServerConfigKeys (ConfUtils.java:logGet(46)) - raft.server.log.segment.size.max = 1048576 (custom)
2022-07-12 20:47:11,995 [pool-825-thread-1] INFO  server.RaftServerConfigKeys (ConfUtils.java:logGet(46)) - raft.server.log.preallocated.size = 16384 (custom)
2022-07-12 20:47:11,995 [pool-825-thread-1] INFO  server.RaftServerConfigKeys (ConfUtils.java:logGet(46)) - raft.server.log.force.sync.num = 128 (default)
2022-07-12 20:47:11,995 [pool-825-thread-1] INFO  server.RaftServerConfigKeys (ConfUtils.java:logGet(46)) - raft.server.log.statemachine.data.sync = true (default)
2022-07-12 20:47:11,995 [pool-825-thread-1] INFO  server.RaftServerConfigKeys (ConfUtils.java:logGet(46)) - raft.server.log.statemachine.data.sync.timeout = 10s (default)
2022-07-12 20:47:11,995 [pool-825-thread-1] INFO  server.RaftServerConfigKeys (ConfUtils.java:logGet(46)) - raft.server.log.statemachine.data.sync.timeout.retry = -1 (default)
2022-07-12 20:47:11,996 [pool-825-thread-1] INFO  server.RaftServerConfigKeys (ConfUtils.java:logGet(46)) - raft.server.log.write.buffer.size = 1048576 (custom)
2022-07-12 20:47:11,997 [pool-825-thread-1] INFO  server.RaftServerConfigKeys (ConfUtils.java:logGet(46)) - raft.server.log.unsafe-flush.enabled = false (default)
2022-07-12 20:47:11,997 [pool-825-thread-1] INFO  server.RaftServerConfigKeys (ConfUtils.java:logGet(46)) - raft.server.log.statemachine.data.caching.enabled = true (custom)
2022-07-12 20:47:11,997 [pool-825-thread-1] INFO  segmented.SegmentedRaftLogWorker (SegmentedRaftLogWorker.java:lambda$new$0(135)) - 5f8711a9-ee6b-488e-a0ce-81e9173ee239@group-F4A893AFD40A-SegmentedRaftLogWorker: flushIndex: setUnconditionally 0 -> -1
2022-07-12 20:47:11,997 [pool-825-thread-1] INFO  segmented.SegmentedRaftLogWorker (SegmentedRaftLogWorker.java:lambda$new$0(135)) - 5f8711a9-ee6b-488e-a0ce-81e9173ee239@group-F4A893AFD40A-SegmentedRaftLogWorker: safeCacheEvictIndex: setUnconditionally 0 -> -1
2022-07-12 20:47:12,000 [pool-848-thread-1] INFO  storage.RaftStorage (RaftStorageImpl.java:format(89)) - Storage directory /home/runner/work/ozone/ozone/hadoop-ozone/integration-test/target/test-dir/MiniOzoneClusterImpl-0bd21523-c128-41c2-8182-978cc9bee6b0/datanode-2/data/ratis/5824d6e6-a85e-4194-9936-f4a893afd40a has been successfully formatted.
2022-07-12 20:47:12,042 [pool-848-thread-1] INFO  ratis.ContainerStateMachine (ContainerStateMachine.java:loadSnapshot(236)) - group-F4A893AFD40A: The snapshot info is null. Setting the last applied indexto:(t:0, i:~)
2022-07-12 20:47:12,042 [pool-848-thread-1] INFO  server.RaftServerConfigKeys (ConfUtils.java:logGet(46)) - raft.server.notification.no-leader.timeout = 300s (custom)
2022-07-12 20:47:12,042 [pool-848-thread-1] INFO  server.RaftServerConfigKeys (ConfUtils.java:logGet(46)) - raft.server.log.use.memory = false (default)
2022-07-12 20:47:12,042 [pool-848-thread-1] INFO  server.RaftServerConfigKeys (ConfUtils.java:logGet(46)) - raft.server.log.purge.gap = 1000000 (custom)
2022-07-12 20:47:12,042 [pool-848-thread-1] INFO  server.RaftServerConfigKeys (ConfUtils.java:logGet(46)) - raft.server.log.appender.buffer.byte-limit = 33554432 (custom)
2022-07-12 20:47:12,042 [pool-848-thread-1] INFO  server.RaftServerConfigKeys (ConfUtils.java:logGet(46)) - raft.server.log.statemachine.data.read.timeout = 1000ms (default)
2022-07-12 20:47:12,042 [pool-848-thread-1] INFO  server.RaftServerConfigKeys (ConfUtils.java:logGet(46)) - raft.server.log.segment.size.max = 1048576 (custom)
2022-07-12 20:47:12,043 [pool-848-thread-1] INFO  server.RaftServerConfigKeys (ConfUtils.java:logGet(46)) - raft.server.log.segment.cache.num.max = 2 (custom)
2022-07-12 20:47:12,043 [pool-848-thread-1] INFO  server.RaftServerConfigKeys (ConfUtils.java:logGet(46)) - raft.server.log.segment.cache.size.max = 200MB (=209715200) (default)
2022-07-12 20:47:12,043 [pool-848-thread-1] INFO  segmented.SegmentedRaftLogWorker (SegmentedRaftLogWorker.java:<init>(187)) - new b14b3941-1205-474b-b441-0392b5c826bd@group-F4A893AFD40A-SegmentedRaftLogWorker for RaftStorageImpl:Storage Directory /home/runner/work/ozone/ozone/hadoop-ozone/integration-test/target/test-dir/MiniOzoneClusterImpl-0bd21523-c128-41c2-8182-978cc9bee6b0/datanode-2/data/ratis/5824d6e6-a85e-4194-9936-f4a893afd40a
2022-07-12 20:47:12,043 [pool-848-thread-1] INFO  server.RaftServerConfigKeys (ConfUtils.java:logGet(46)) - raft.server.log.queue.byte-limit = 4294967296 (custom)
2022-07-12 20:47:12,043 [pool-848-thread-1] INFO  server.RaftServerConfigKeys (ConfUtils.java:logGet(46)) - raft.server.log.queue.element-limit = 1024 (custom)
2022-07-12 20:47:12,043 [pool-848-thread-1] INFO  server.RaftServerConfigKeys (ConfUtils.java:logGet(46)) - raft.server.log.segment.size.max = 1048576 (custom)
2022-07-12 20:47:12,043 [pool-848-thread-1] INFO  server.RaftServerConfigKeys (ConfUtils.java:logGet(46)) - raft.server.log.preallocated.size = 16384 (custom)
2022-07-12 20:47:12,043 [pool-848-thread-1] INFO  server.RaftServerConfigKeys (ConfUtils.java:logGet(46)) - raft.server.log.force.sync.num = 128 (default)
2022-07-12 20:47:12,043 [pool-848-thread-1] INFO  server.RaftServerConfigKeys (ConfUtils.java:logGet(46)) - raft.server.log.statemachine.data.sync = true (default)
2022-07-12 20:47:12,043 [EventQueue-OpenPipelineForHealthyPipelineSafeModeRule] INFO  safemode.SCMSafeModeManager (HealthyPipelineSafeModeRule.java:process(124)) - SCM in safe mode. Healthy pipelines reported count is 0, required healthy pipeline reported count is 1
2022-07-12 20:47:12,043 [pool-848-thread-1] INFO  server.RaftServerConfigKeys (ConfUtils.java:logGet(46)) - raft.server.log.statemachine.data.sync.timeout = 10s (default)
2022-07-12 20:47:12,043 [pool-848-thread-1] INFO  server.RaftServerConfigKeys (ConfUtils.java:logGet(46)) - raft.server.log.statemachine.data.sync.timeout.retry = -1 (default)
2022-07-12 20:47:12,043 [pool-825-thread-1] INFO  server.RaftServerConfigKeys (ConfUtils.java:logGet(46)) - raft.server.snapshot.auto.trigger.enabled = true (custom)
2022-07-12 20:47:12,043 [pool-825-thread-1] INFO  server.RaftServerConfigKeys (ConfUtils.java:logGet(46)) - raft.server.snapshot.auto.trigger.threshold = 10000 (custom)
2022-07-12 20:47:12,043 [pool-825-thread-1] INFO  server.RaftServerConfigKeys (ConfUtils.java:logGet(46)) - raft.server.snapshot.retention.file.num = 5 (custom)
2022-07-12 20:47:12,043 [pool-825-thread-1] INFO  server.RaftServerConfigKeys (ConfUtils.java:logGet(46)) - raft.server.log.purge.upto.snapshot.index = false (default)
2022-07-12 20:47:12,043 [pool-825-thread-1] INFO  server.RaftServerConfigKeys (ConfUtils.java:logGet(46)) - raft.server.retrycache.expirytime = 600000ms (custom)
2022-07-12 20:47:12,043 [pool-825-thread-1] INFO  server.RaftServerConfigKeys (ConfUtils.java:logGet(46)) - raft.server.retrycache.statistics.expirytime = 100μs (default)
2022-07-12 20:47:12,045 [pool-848-thread-1] INFO  server.RaftServerConfigKeys (ConfUtils.java:logGet(46)) - raft.server.log.write.buffer.size = 1048576 (custom)
2022-07-12 20:47:12,046 [pool-848-thread-1] INFO  server.RaftServerConfigKeys (ConfUtils.java:logGet(46)) - raft.server.log.unsafe-flush.enabled = false (default)
2022-07-12 20:47:12,046 [pool-848-thread-1] INFO  server.RaftServerConfigKeys (ConfUtils.java:logGet(46)) - raft.server.log.statemachine.data.caching.enabled = true (custom)
2022-07-12 20:47:12,046 [pool-848-thread-1] INFO  segmented.SegmentedRaftLogWorker (SegmentedRaftLogWorker.java:lambda$new$0(135)) - b14b3941-1205-474b-b441-0392b5c826bd@group-F4A893AFD40A-SegmentedRaftLogWorker: flushIndex: setUnconditionally 0 -> -1
2022-07-12 20:47:12,046 [pool-848-thread-1] INFO  segmented.SegmentedRaftLogWorker (SegmentedRaftLogWorker.java:lambda$new$0(135)) - b14b3941-1205-474b-b441-0392b5c826bd@group-F4A893AFD40A-SegmentedRaftLogWorker: safeCacheEvictIndex: setUnconditionally 0 -> -1
2022-07-12 20:47:12,047 [pool-825-thread-1] INFO  server.RaftServerConfigKeys (ConfUtils.java:logGet(46)) - raft.server.log.appender.install.snapshot.enabled = false (custom)
2022-07-12 20:47:12,047 [pool-825-thread-1] INFO  server.RaftServerConfigKeys (ConfUtils.java:logGet(46)) - raft.server.threadpool.server.cached = true (default)
2022-07-12 20:47:12,047 [pool-825-thread-1] INFO  server.RaftServerConfigKeys (ConfUtils.java:logGet(46)) - raft.server.threadpool.server.size = 0 (default)
2022-07-12 20:47:12,047 [pool-825-thread-1] INFO  server.RaftServerConfigKeys (ConfUtils.java:logGet(46)) - raft.server.threadpool.client.cached = true (default)
2022-07-12 20:47:12,047 [pool-825-thread-1] INFO  server.RaftServerConfigKeys (ConfUtils.java:logGet(46)) - raft.server.threadpool.client.size = 0 (default)
2022-07-12 20:47:12,047 [pool-825-thread-1] INFO  server.RaftServer$Division (RaftServerImpl.java:start(310)) - 5f8711a9-ee6b-488e-a0ce-81e9173ee239@group-F4A893AFD40A: start as a follower, conf=-1: [5f8711a9-ee6b-488e-a0ce-81e9173ee239|rpc:10.1.0.33:39581|dataStream:|priority:0, b14b3941-1205-474b-b441-0392b5c826bd|rpc:10.1.0.33:43287|dataStream:|priority:1, 4d0729d0-f06c-489e-ab74-62b76a77b6d3|rpc:10.1.0.33:35405|dataStream:|priority:0], old=null
2022-07-12 20:47:12,047 [pool-825-thread-1] INFO  server.RaftServer$Division (RaftServerImpl.java:setRole(299)) - 5f8711a9-ee6b-488e-a0ce-81e9173ee239@group-F4A893AFD40A: changes role from      null to FOLLOWER at term 0 for startAsFollower
2022-07-12 20:47:12,057 [pool-848-thread-1] INFO  server.RaftServerConfigKeys (ConfUtils.java:logGet(46)) - raft.server.snapshot.auto.trigger.enabled = true (custom)
2022-07-12 20:47:12,057 [pool-848-thread-1] INFO  server.RaftServerConfigKeys (ConfUtils.java:logGet(46)) - raft.server.snapshot.auto.trigger.threshold = 10000 (custom)
2022-07-12 20:47:12,057 [pool-848-thread-1] INFO  server.RaftServerConfigKeys (ConfUtils.java:logGet(46)) - raft.server.snapshot.retention.file.num = 5 (custom)
2022-07-12 20:47:12,057 [pool-848-thread-1] INFO  server.RaftServerConfigKeys (ConfUtils.java:logGet(46)) - raft.server.log.purge.upto.snapshot.index = false (default)
2022-07-12 20:47:12,057 [pool-848-thread-1] INFO  server.RaftServerConfigKeys (ConfUtils.java:logGet(46)) - raft.server.retrycache.expirytime = 600000ms (custom)
2022-07-12 20:47:12,057 [pool-848-thread-1] INFO  server.RaftServerConfigKeys (ConfUtils.java:logGet(46)) - raft.server.retrycache.statistics.expirytime = 100μs (default)
2022-07-12 20:47:12,059 [pool-848-thread-1] INFO  server.RaftServerConfigKeys (ConfUtils.java:logGet(46)) - raft.server.log.appender.install.snapshot.enabled = false (custom)
2022-07-12 20:47:12,059 [pool-848-thread-1] INFO  server.RaftServerConfigKeys (ConfUtils.java:logGet(46)) - raft.server.threadpool.server.cached = true (default)
2022-07-12 20:47:12,059 [pool-848-thread-1] INFO  server.RaftServerConfigKeys (ConfUtils.java:logGet(46)) - raft.server.threadpool.server.size = 0 (default)
2022-07-12 20:47:12,059 [pool-848-thread-1] INFO  server.RaftServerConfigKeys (ConfUtils.java:logGet(46)) - raft.server.threadpool.client.cached = true (default)
2022-07-12 20:47:12,059 [pool-848-thread-1] INFO  server.RaftServerConfigKeys (ConfUtils.java:logGet(46)) - raft.server.threadpool.client.size = 0 (default)
2022-07-12 20:47:12,059 [pool-848-thread-1] INFO  server.RaftServer$Division (RaftServerImpl.java:start(310)) - b14b3941-1205-474b-b441-0392b5c826bd@group-F4A893AFD40A: start as a follower, conf=-1: [5f8711a9-ee6b-488e-a0ce-81e9173ee239|rpc:10.1.0.33:39581|priority:0, b14b3941-1205-474b-b441-0392b5c826bd|rpc:10.1.0.33:43287|priority:1, 4d0729d0-f06c-489e-ab74-62b76a77b6d3|rpc:10.1.0.33:35405|priority:0], old=null
2022-07-12 20:47:12,059 [pool-848-thread-1] INFO  server.RaftServer$Division (RaftServerImpl.java:setRole(299)) - b14b3941-1205-474b-b441-0392b5c826bd@group-F4A893AFD40A: changes role from      null to FOLLOWER at term 0 for startAsFollower
2022-07-12 20:47:12,059 [pool-848-thread-1] INFO  impl.RoleInfo (RoleInfo.java:updateAndGet(139)) - b14b3941-1205-474b-b441-0392b5c826bd: start b14b3941-1205-474b-b441-0392b5c826bd@group-F4A893AFD40A-FollowerState
2022-07-12 20:47:12,079 [pool-825-thread-1] INFO  impl.RoleInfo (RoleInfo.java:updateAndGet(139)) - 5f8711a9-ee6b-488e-a0ce-81e9173ee239: start 5f8711a9-ee6b-488e-a0ce-81e9173ee239@group-F4A893AFD40A-FollowerState
2022-07-12 20:47:12,079 [pool-848-thread-1] INFO  util.JmxRegister (JmxRegister.java:tryRegister(44)) - Successfully registered JMX Bean with object name Ratis:service=RaftServer,group=group-F4A893AFD40A,id=b14b3941-1205-474b-b441-0392b5c826bd
2022-07-12 20:47:12,082 [pool-825-thread-1] INFO  util.JmxRegister (JmxRegister.java:tryRegister(44)) - Successfully registered JMX Bean with object name Ratis:service=RaftServer,group=group-F4A893AFD40A,id=5f8711a9-ee6b-488e-a0ce-81e9173ee239
2022-07-12 20:47:12,119 [Command processor thread] INFO  ratis.XceiverServerRatis (XceiverServerRatis.java:addGroup(765)) - Created group PipelineID=5824d6e6-a85e-4194-9936-f4a893afd40a
2022-07-12 20:47:12,396 [Command processor thread] INFO  commandhandler.CreatePipelineCommandHandler (CreatePipelineCommandHandler.java:handle(113)) - Created Pipeline RATIS THREE PipelineID=5824d6e6-a85e-4194-9936-f4a893afd40a.
2022-07-12 20:47:12,399 [Command processor thread] INFO  commandhandler.CreatePipelineCommandHandler (CreatePipelineCommandHandler.java:handle(113)) - Created Pipeline RATIS THREE PipelineID=5824d6e6-a85e-4194-9936-f4a893afd40a.
2022-07-12 20:47:12,671 [Command processor thread] INFO  server.RaftServer (RaftServerProxy.java:addNew(96)) - 5f8711a9-ee6b-488e-a0ce-81e9173ee239: addNew group-450E7E192060:[5f8711a9-ee6b-488e-a0ce-81e9173ee239|rpc:10.1.0.33:39581|priority:1] returns group-450E7E192060:java.util.concurrent.CompletableFuture@10507f53[Not completed]
2022-07-12 20:47:12,671 [pool-825-thread-1] INFO  server.RaftServer$Division (RaftServerImpl.java:<init>(190)) - 5f8711a9-ee6b-488e-a0ce-81e9173ee239: new RaftServerImpl for group-450E7E192060:[5f8711a9-ee6b-488e-a0ce-81e9173ee239|rpc:10.1.0.33:39581|priority:1] with ContainerStateMachine:uninitialized
2022-07-12 20:47:12,672 [pool-825-thread-1] INFO  server.RaftServerConfigKeys (ConfUtils.java:logGet(46)) - raft.server.rpc.timeout.min = 5s (custom)
2022-07-12 20:47:12,672 [pool-825-thread-1] INFO  server.RaftServerConfigKeys (ConfUtils.java:logGet(46)) - raft.server.rpc.timeout.max = 5200ms (custom)
2022-07-12 20:47:12,672 [pool-825-thread-1] INFO  server.RaftServerConfigKeys (ConfUtils.java:logGet(46)) - raft.server.rpc.sleep.time = 25ms (default)
2022-07-12 20:47:12,672 [pool-825-thread-1] INFO  server.RaftServerConfigKeys (ConfUtils.java:logGet(46)) - raft.server.rpc.slowness.timeout = 300s (custom)
2022-07-12 20:47:12,672 [pool-825-thread-1] INFO  server.RaftServerConfigKeys (ConfUtils.java:logGet(46)) - raft.server.leaderelection.leader.step-down.wait-time = 10s (default)
2022-07-12 20:47:12,672 [pool-825-thread-1] INFO  server.RaftServerConfigKeys (ConfUtils.java:logGet(46)) - raft.server.sleep.deviation.threshold = 300ms (default)
2022-07-12 20:47:12,672 [pool-825-thread-1] INFO  server.RaftServer$Division (ServerState.java:<init>(107)) - 5f8711a9-ee6b-488e-a0ce-81e9173ee239@group-450E7E192060: ConfigurationManager, init=-1: [5f8711a9-ee6b-488e-a0ce-81e9173ee239|rpc:10.1.0.33:39581|priority:1], old=null, confs=<EMPTY_MAP>
2022-07-12 20:47:12,672 [pool-825-thread-1] INFO  server.RaftServerConfigKeys (ConfUtils.java:logGet(46)) - raft.server.storage.dir = [/home/runner/work/ozone/ozone/hadoop-ozone/integration-test/target/test-dir/MiniOzoneClusterImpl-0bd21523-c128-41c2-8182-978cc9bee6b0/datanode-1/data/ratis] (custom)
2022-07-12 20:47:12,672 [pool-825-thread-1] INFO  server.RaftServerConfigKeys (ConfUtils.java:logGet(46)) - raft.server.log.corruption.policy = EXCEPTION (default)
2022-07-12 20:47:12,672 [pool-825-thread-1] INFO  server.RaftServerConfigKeys (ConfUtils.java:logGet(46)) - raft.server.storage.free-space.min = 0MB (=0) (default)
2022-07-12 20:47:12,672 [pool-825-thread-1] INFO  storage.RaftStorageDirectory (RaftStorageDirectoryImpl.java:analyzeStorage(135)) - The storage directory /home/runner/work/ozone/ozone/hadoop-ozone/integration-test/target/test-dir/MiniOzoneClusterImpl-0bd21523-c128-41c2-8182-978cc9bee6b0/datanode-1/data/ratis/cd5ed793-8a26-49e0-84e3-450e7e192060 does not exist. Creating ...
2022-07-12 20:47:12,675 [pool-825-thread-1] INFO  storage.RaftStorageDirectory (RaftStorageDirectoryImpl.java:tryLock(230)) - Lock on /home/runner/work/ozone/ozone/hadoop-ozone/integration-test/target/test-dir/MiniOzoneClusterImpl-0bd21523-c128-41c2-8182-978cc9bee6b0/datanode-1/data/ratis/cd5ed793-8a26-49e0-84e3-450e7e192060/in_use.lock acquired by nodename 3147@fv-az29-983
2022-07-12 20:47:12,679 [pool-825-thread-1] INFO  storage.RaftStorage (RaftStorageImpl.java:format(89)) - Storage directory /home/runner/work/ozone/ozone/hadoop-ozone/integration-test/target/test-dir/MiniOzoneClusterImpl-0bd21523-c128-41c2-8182-978cc9bee6b0/datanode-1/data/ratis/cd5ed793-8a26-49e0-84e3-450e7e192060 has been successfully formatted.
2022-07-12 20:47:12,681 [EventQueue-PipelineReportForPipelineReportHandler] INFO  pipeline.PipelineManagerImpl (PipelineManagerImpl.java:openPipeline(359)) - Pipeline Pipeline[ Id: cd5ed793-8a26-49e0-84e3-450e7e192060, Nodes: 5f8711a9-ee6b-488e-a0ce-81e9173ee239{ip: 10.1.0.33, host: fv-az29-983.0gf2enmb5avurc1gjtxldx4mnh.bx.internal.cloudapp.net, ports: [REPLICATION=45083, RATIS=39581, RATIS_ADMIN=39581, RATIS_SERVER=39581, STANDALONE=37681], networkLocation: /default-rack, certSerialId: null, persistedOpState: IN_SERVICE, persistedOpStateExpiryEpochSec: 0}, ReplicationConfig: RATIS/ONE, State:ALLOCATED, leaderId:5f8711a9-ee6b-488e-a0ce-81e9173ee239, CreationTimestamp2022-07-12T20:47:09.698Z[Etc/UTC]] moved to OPEN state
2022-07-12 20:47:12,681 [EventQueue-OpenPipelineForHealthyPipelineSafeModeRule] INFO  safemode.SCMSafeModeManager (HealthyPipelineSafeModeRule.java:process(124)) - SCM in safe mode. Healthy pipelines reported count is 0, required healthy pipeline reported count is 1
2022-07-12 20:47:12,681 [pool-825-thread-1] INFO  ratis.ContainerStateMachine (ContainerStateMachine.java:loadSnapshot(236)) - group-450E7E192060: The snapshot info is null. Setting the last applied indexto:(t:0, i:~)
2022-07-12 20:47:12,690 [pool-825-thread-1] INFO  server.RaftServerConfigKeys (ConfUtils.java:logGet(46)) - raft.server.notification.no-leader.timeout = 300s (custom)
2022-07-12 20:47:12,690 [pool-825-thread-1] INFO  server.RaftServerConfigKeys (ConfUtils.java:logGet(46)) - raft.server.log.use.memory = false (default)
2022-07-12 20:47:12,690 [pool-825-thread-1] INFO  server.RaftServerConfigKeys (ConfUtils.java:logGet(46)) - raft.server.log.purge.gap = 1000000 (custom)
2022-07-12 20:47:12,691 [pool-825-thread-1] INFO  server.RaftServerConfigKeys (ConfUtils.java:logGet(46)) - raft.server.log.appender.buffer.byte-limit = 33554432 (custom)
2022-07-12 20:47:12,691 [pool-825-thread-1] INFO  server.RaftServerConfigKeys (ConfUtils.java:logGet(46)) - raft.server.log.statemachine.data.read.timeout = 1000ms (default)
2022-07-12 20:47:12,691 [pool-825-thread-1] INFO  server.RaftServerConfigKeys (ConfUtils.java:logGet(46)) - raft.server.log.segment.size.max = 1048576 (custom)
2022-07-12 20:47:12,691 [pool-825-thread-1] INFO  server.RaftServerConfigKeys (ConfUtils.java:logGet(46)) - raft.server.log.segment.cache.num.max = 2 (custom)
2022-07-12 20:47:12,691 [pool-825-thread-1] INFO  server.RaftServerConfigKeys (ConfUtils.java:logGet(46)) - raft.server.log.segment.cache.size.max = 200MB (=209715200) (default)
2022-07-12 20:47:12,691 [pool-825-thread-1] INFO  segmented.SegmentedRaftLogWorker (SegmentedRaftLogWorker.java:<init>(187)) - new 5f8711a9-ee6b-488e-a0ce-81e9173ee239@group-450E7E192060-SegmentedRaftLogWorker for RaftStorageImpl:Storage Directory /home/runner/work/ozone/ozone/hadoop-ozone/integration-test/target/test-dir/MiniOzoneClusterImpl-0bd21523-c128-41c2-8182-978cc9bee6b0/datanode-1/data/ratis/cd5ed793-8a26-49e0-84e3-450e7e192060
2022-07-12 20:47:12,691 [pool-825-thread-1] INFO  server.RaftServerConfigKeys (ConfUtils.java:logGet(46)) - raft.server.log.queue.byte-limit = 4294967296 (custom)
2022-07-12 20:47:12,691 [pool-825-thread-1] INFO  server.RaftServerConfigKeys (ConfUtils.java:logGet(46)) - raft.server.log.queue.element-limit = 1024 (custom)
2022-07-12 20:47:12,691 [pool-825-thread-1] INFO  server.RaftServerConfigKeys (ConfUtils.java:logGet(46)) - raft.server.log.segment.size.max = 1048576 (custom)
2022-07-12 20:47:12,691 [pool-825-thread-1] INFO  server.RaftServerConfigKeys (ConfUtils.java:logGet(46)) - raft.server.log.preallocated.size = 16384 (custom)
2022-07-12 20:47:12,691 [pool-825-thread-1] INFO  server.RaftServerConfigKeys (ConfUtils.java:logGet(46)) - raft.server.log.force.sync.num = 128 (default)
2022-07-12 20:47:12,691 [pool-825-thread-1] INFO  server.RaftServerConfigKeys (ConfUtils.java:logGet(46)) - raft.server.log.statemachine.data.sync = true (default)
2022-07-12 20:47:12,691 [pool-825-thread-1] INFO  server.RaftServerConfigKeys (ConfUtils.java:logGet(46)) - raft.server.log.statemachine.data.sync.timeout = 10s (default)
2022-07-12 20:47:12,691 [pool-825-thread-1] INFO  server.RaftServerConfigKeys (ConfUtils.java:logGet(46)) - raft.server.log.statemachine.data.sync.timeout.retry = -1 (default)
2022-07-12 20:47:12,694 [pool-825-thread-1] INFO  server.RaftServerConfigKeys (ConfUtils.java:logGet(46)) - raft.server.log.write.buffer.size = 1048576 (custom)
2022-07-12 20:47:12,708 [pool-825-thread-1] INFO  server.RaftServerConfigKeys (ConfUtils.java:logGet(46)) - raft.server.log.unsafe-flush.enabled = false (default)
2022-07-12 20:47:12,708 [pool-825-thread-1] INFO  server.RaftServerConfigKeys (ConfUtils.java:logGet(46)) - raft.server.log.statemachine.data.caching.enabled = true (custom)
2022-07-12 20:47:12,708 [pool-825-thread-1] INFO  segmented.SegmentedRaftLogWorker (SegmentedRaftLogWorker.java:lambda$new$0(135)) - 5f8711a9-ee6b-488e-a0ce-81e9173ee239@group-450E7E192060-SegmentedRaftLogWorker: flushIndex: setUnconditionally 0 -> -1
2022-07-12 20:47:12,708 [pool-825-thread-1] INFO  segmented.SegmentedRaftLogWorker (SegmentedRaftLogWorker.java:lambda$new$0(135)) - 5f8711a9-ee6b-488e-a0ce-81e9173ee239@group-450E7E192060-SegmentedRaftLogWorker: safeCacheEvictIndex: setUnconditionally 0 -> -1
2022-07-12 20:47:12,714 [pool-825-thread-1] INFO  server.RaftServerConfigKeys (ConfUtils.java:logGet(46)) - raft.server.snapshot.auto.trigger.enabled = true (custom)
2022-07-12 20:47:12,714 [pool-825-thread-1] INFO  server.RaftServerConfigKeys (ConfUtils.java:logGet(46)) - raft.server.snapshot.auto.trigger.threshold = 10000 (custom)
2022-07-12 20:47:12,714 [pool-825-thread-1] INFO  server.RaftServerConfigKeys (ConfUtils.java:logGet(46)) - raft.server.snapshot.retention.file.num = 5 (custom)
2022-07-12 20:47:12,715 [pool-825-thread-1] INFO  server.RaftServerConfigKeys (ConfUtils.java:logGet(46)) - raft.server.log.purge.upto.snapshot.index = false (default)
2022-07-12 20:47:12,715 [pool-825-thread-1] INFO  server.RaftServerConfigKeys (ConfUtils.java:logGet(46)) - raft.server.retrycache.expirytime = 600000ms (custom)
2022-07-12 20:47:12,715 [pool-825-thread-1] INFO  server.RaftServerConfigKeys (ConfUtils.java:logGet(46)) - raft.server.retrycache.statistics.expirytime = 100μs (default)
2022-07-12 20:47:12,717 [pool-825-thread-1] INFO  server.RaftServerConfigKeys (ConfUtils.java:logGet(46)) - raft.server.log.appender.install.snapshot.enabled = false (custom)
2022-07-12 20:47:12,717 [pool-825-thread-1] INFO  server.RaftServerConfigKeys (ConfUtils.java:logGet(46)) - raft.server.threadpool.server.cached = true (default)
2022-07-12 20:47:12,717 [pool-825-thread-1] INFO  server.RaftServerConfigKeys (ConfUtils.java:logGet(46)) - raft.server.threadpool.server.size = 0 (default)
2022-07-12 20:47:12,717 [pool-825-thread-1] INFO  server.RaftServerConfigKeys (ConfUtils.java:logGet(46)) - raft.server.threadpool.client.cached = true (default)
2022-07-12 20:47:12,717 [pool-825-thread-1] INFO  server.RaftServerConfigKeys (ConfUtils.java:logGet(46)) - raft.server.threadpool.client.size = 0 (default)
2022-07-12 20:47:12,717 [pool-825-thread-1] INFO  server.RaftServer$Division (RaftServerImpl.java:start(310)) - 5f8711a9-ee6b-488e-a0ce-81e9173ee239@group-450E7E192060: start as a follower, conf=-1: [5f8711a9-ee6b-488e-a0ce-81e9173ee239|rpc:10.1.0.33:39581|priority:1], old=null
2022-07-12 20:47:12,717 [pool-825-thread-1] INFO  server.RaftServer$Division (RaftServerImpl.java:setRole(299)) - 5f8711a9-ee6b-488e-a0ce-81e9173ee239@group-450E7E192060: changes role from      null to FOLLOWER at term 0 for startAsFollower
2022-07-12 20:47:12,717 [pool-825-thread-1] INFO  impl.RoleInfo (RoleInfo.java:updateAndGet(139)) - 5f8711a9-ee6b-488e-a0ce-81e9173ee239: start 5f8711a9-ee6b-488e-a0ce-81e9173ee239@group-450E7E192060-FollowerState
2022-07-12 20:47:12,742 [pool-825-thread-1] INFO  util.JmxRegister (JmxRegister.java:tryRegister(44)) - Successfully registered JMX Bean with object name Ratis:service=RaftServer,group=group-450E7E192060,id=5f8711a9-ee6b-488e-a0ce-81e9173ee239
2022-07-12 20:47:12,751 [Command processor thread] INFO  ratis.XceiverServerRatis (XceiverServerRatis.java:addGroup(765)) - Created group PipelineID=cd5ed793-8a26-49e0-84e3-450e7e192060
2022-07-12 20:47:12,751 [Command processor thread] INFO  commandhandler.CreatePipelineCommandHandler (CreatePipelineCommandHandler.java:handle(113)) - Created Pipeline RATIS ONE PipelineID=cd5ed793-8a26-49e0-84e3-450e7e192060.
2022-07-12 20:47:12,823 [Listener at 127.0.0.1/43375] INFO  ozone.MiniOzoneClusterImpl (MiniOzoneClusterImpl.java:lambda$waitForClusterToBeReady$0(223)) - Nodes are ready. Got 3 of 3 DN Heartbeats.
2022-07-12 20:47:12,823 [Listener at 127.0.0.1/43375] INFO  ozone.MiniOzoneClusterImpl (MiniOzoneClusterImpl.java:lambda$waitForClusterToBeReady$0(226)) - Waiting for cluster to exit safe mode
2022-07-12 20:47:12,823 [Listener at 127.0.0.1/43375] INFO  ozone.MiniOzoneClusterImpl (MiniOzoneClusterImpl.java:lambda$waitForClusterToBeReady$0(228)) - SCM became leader
2022-07-12 20:47:13,823 [Listener at 127.0.0.1/43375] INFO  ozone.MiniOzoneClusterImpl (MiniOzoneClusterImpl.java:lambda$waitForClusterToBeReady$0(223)) - Nodes are ready. Got 3 of 3 DN Heartbeats.
2022-07-12 20:47:13,823 [Listener at 127.0.0.1/43375] INFO  ozone.MiniOzoneClusterImpl (MiniOzoneClusterImpl.java:lambda$waitForClusterToBeReady$0(226)) - Waiting for cluster to exit safe mode
2022-07-12 20:47:13,824 [Listener at 127.0.0.1/43375] INFO  ozone.MiniOzoneClusterImpl (MiniOzoneClusterImpl.java:lambda$waitForClusterToBeReady$0(228)) - SCM became leader
2022-07-12 20:47:14,824 [Listener at 127.0.0.1/43375] INFO  ozone.MiniOzoneClusterImpl (MiniOzoneClusterImpl.java:lambda$waitForClusterToBeReady$0(223)) - Nodes are ready. Got 3 of 3 DN Heartbeats.
2022-07-12 20:47:14,824 [Listener at 127.0.0.1/43375] INFO  ozone.MiniOzoneClusterImpl (MiniOzoneClusterImpl.java:lambda$waitForClusterToBeReady$0(226)) - Waiting for cluster to exit safe mode
2022-07-12 20:47:14,824 [Listener at 127.0.0.1/43375] INFO  ozone.MiniOzoneClusterImpl (MiniOzoneClusterImpl.java:lambda$waitForClusterToBeReady$0(228)) - SCM became leader
2022-07-12 20:47:15,824 [Listener at 127.0.0.1/43375] INFO  ozone.MiniOzoneClusterImpl (MiniOzoneClusterImpl.java:lambda$waitForClusterToBeReady$0(223)) - Nodes are ready. Got 3 of 3 DN Heartbeats.
2022-07-12 20:47:15,825 [Listener at 127.0.0.1/43375] INFO  ozone.MiniOzoneClusterImpl (MiniOzoneClusterImpl.java:lambda$waitForClusterToBeReady$0(226)) - Waiting for cluster to exit safe mode
2022-07-12 20:47:15,825 [Listener at 127.0.0.1/43375] INFO  ozone.MiniOzoneClusterImpl (MiniOzoneClusterImpl.java:lambda$waitForClusterToBeReady$0(228)) - SCM became leader
2022-07-12 20:47:16,303 [4d0729d0-f06c-489e-ab74-62b76a77b6d3@group-6A3DA1B208C1-FollowerState] INFO  impl.FollowerState (FollowerState.java:run(143)) - 4d0729d0-f06c-489e-ab74-62b76a77b6d3@group-6A3DA1B208C1-FollowerState: change to CANDIDATE, lastRpcElapsedTime:5047830483ns, electionTimeout:5045ms
2022-07-12 20:47:16,303 [4d0729d0-f06c-489e-ab74-62b76a77b6d3@group-6A3DA1B208C1-FollowerState] INFO  impl.RoleInfo (RoleInfo.java:shutdownFollowerState(110)) - 4d0729d0-f06c-489e-ab74-62b76a77b6d3: shutdown 4d0729d0-f06c-489e-ab74-62b76a77b6d3@group-6A3DA1B208C1-FollowerState
2022-07-12 20:47:16,303 [4d0729d0-f06c-489e-ab74-62b76a77b6d3@group-6A3DA1B208C1-FollowerState] INFO  server.RaftServer$Division (RaftServerImpl.java:setRole(299)) - 4d0729d0-f06c-489e-ab74-62b76a77b6d3@group-6A3DA1B208C1: changes role from  FOLLOWER to CANDIDATE at term 0 for changeToCandidate
2022-07-12 20:47:16,303 [4d0729d0-f06c-489e-ab74-62b76a77b6d3@group-6A3DA1B208C1-FollowerState] INFO  server.RaftServerConfigKeys (ConfUtils.java:logGet(46)) - raft.server.leaderelection.pre-vote = false (custom)
2022-07-12 20:47:16,303 [4d0729d0-f06c-489e-ab74-62b76a77b6d3@group-6A3DA1B208C1-FollowerState] INFO  impl.RoleInfo (RoleInfo.java:updateAndGet(139)) - 4d0729d0-f06c-489e-ab74-62b76a77b6d3: start 4d0729d0-f06c-489e-ab74-62b76a77b6d3@group-6A3DA1B208C1-LeaderElection73
2022-07-12 20:47:16,322 [4d0729d0-f06c-489e-ab74-62b76a77b6d3@group-56CB04D72F02-FollowerState] INFO  impl.FollowerState (FollowerState.java:run(143)) - 4d0729d0-f06c-489e-ab74-62b76a77b6d3@group-56CB04D72F02-FollowerState: change to CANDIDATE, lastRpcElapsedTime:5056870248ns, electionTimeout:5056ms
2022-07-12 20:47:16,322 [4d0729d0-f06c-489e-ab74-62b76a77b6d3@group-56CB04D72F02-FollowerState] INFO  impl.RoleInfo (RoleInfo.java:shutdownFollowerState(110)) - 4d0729d0-f06c-489e-ab74-62b76a77b6d3: shutdown 4d0729d0-f06c-489e-ab74-62b76a77b6d3@group-56CB04D72F02-FollowerState
2022-07-12 20:47:16,322 [4d0729d0-f06c-489e-ab74-62b76a77b6d3@group-56CB04D72F02-FollowerState] INFO  server.RaftServer$Division (RaftServerImpl.java:setRole(299)) - 4d0729d0-f06c-489e-ab74-62b76a77b6d3@group-56CB04D72F02: changes role from  FOLLOWER to CANDIDATE at term 0 for changeToCandidate
2022-07-12 20:47:16,327 [4d0729d0-f06c-489e-ab74-62b76a77b6d3@group-56CB04D72F02-FollowerState] INFO  server.RaftServerConfigKeys (ConfUtils.java:logGet(46)) - raft.server.leaderelection.pre-vote = false (custom)
2022-07-12 20:47:16,327 [4d0729d0-f06c-489e-ab74-62b76a77b6d3@group-56CB04D72F02-FollowerState] INFO  impl.RoleInfo (RoleInfo.java:updateAndGet(139)) - 4d0729d0-f06c-489e-ab74-62b76a77b6d3: start 4d0729d0-f06c-489e-ab74-62b76a77b6d3@group-56CB04D72F02-LeaderElection74
2022-07-12 20:47:16,367 [4d0729d0-f06c-489e-ab74-62b76a77b6d3@group-6A3DA1B208C1-LeaderElection73] INFO  impl.LeaderElection (LeaderElection.java:askForVotes(310)) - 4d0729d0-f06c-489e-ab74-62b76a77b6d3@group-6A3DA1B208C1-LeaderElection73 ELECTION round 0: submit vote requests at term 1 for -1: [4d0729d0-f06c-489e-ab74-62b76a77b6d3|rpc:10.1.0.33:35405|priority:1], old=null
2022-07-12 20:47:16,367 [4d0729d0-f06c-489e-ab74-62b76a77b6d3@group-6A3DA1B208C1-LeaderElection73] INFO  impl.LeaderElection (LeaderElection.java:askForVotes(312)) - 4d0729d0-f06c-489e-ab74-62b76a77b6d3@group-6A3DA1B208C1-LeaderElection73 ELECTION round 0: result PASSED (term=1)
2022-07-12 20:47:16,367 [4d0729d0-f06c-489e-ab74-62b76a77b6d3@group-6A3DA1B208C1-LeaderElection73] INFO  impl.RoleInfo (RoleInfo.java:shutdownLeaderElection(130)) - 4d0729d0-f06c-489e-ab74-62b76a77b6d3: shutdown 4d0729d0-f06c-489e-ab74-62b76a77b6d3@group-6A3DA1B208C1-LeaderElection73
2022-07-12 20:47:16,367 [4d0729d0-f06c-489e-ab74-62b76a77b6d3@group-6A3DA1B208C1-LeaderElection73] INFO  server.RaftServer$Division (RaftServerImpl.java:setRole(299)) - 4d0729d0-f06c-489e-ab74-62b76a77b6d3@group-6A3DA1B208C1: changes role from CANDIDATE to LEADER at term 1 for changeToLeader
2022-07-12 20:47:16,367 [4d0729d0-f06c-489e-ab74-62b76a77b6d3@group-6A3DA1B208C1-LeaderElection73] INFO  ratis.XceiverServerRatis (XceiverServerRatis.java:handleLeaderChangedNotification(863)) - Leader change notification received for group: group-6A3DA1B208C1 with new leaderId: 4d0729d0-f06c-489e-ab74-62b76a77b6d3
2022-07-12 20:47:16,368 [4d0729d0-f06c-489e-ab74-62b76a77b6d3@group-6A3DA1B208C1-LeaderElection73] INFO  server.RaftServer$Division (ServerState.java:setLeader(287)) - 4d0729d0-f06c-489e-ab74-62b76a77b6d3@group-6A3DA1B208C1: change Leader from null to 4d0729d0-f06c-489e-ab74-62b76a77b6d3 at term 1 for becomeLeader, leader elected after 5119ms
2022-07-12 20:47:16,368 [4d0729d0-f06c-489e-ab74-62b76a77b6d3@group-6A3DA1B208C1-LeaderElection73] INFO  server.RaftServerConfigKeys (ConfUtils.java:logGet(46)) - raft.server.staging.catchup.gap = 1000 (default)
2022-07-12 20:47:16,368 [4d0729d0-f06c-489e-ab74-62b76a77b6d3@group-6A3DA1B208C1-LeaderElection73] INFO  server.RaftServerConfigKeys (ConfUtils.java:logGet(46)) - raft.server.write.element-limit = 1024 (custom)
2022-07-12 20:47:16,368 [4d0729d0-f06c-489e-ab74-62b76a77b6d3@group-6A3DA1B208C1-LeaderElection73] INFO  server.RaftServerConfigKeys (ConfUtils.java:logGet(46)) - raft.server.write.byte-limit = 1024 M (=1073741824) (custom)
2022-07-12 20:47:16,368 [4d0729d0-f06c-489e-ab74-62b76a77b6d3@group-6A3DA1B208C1-LeaderElection73] INFO  server.RaftServerConfigKeys (ConfUtils.java:logGet(46)) - raft.server.watch.timeout = 180s (custom)
2022-07-12 20:47:16,368 [4d0729d0-f06c-489e-ab74-62b76a77b6d3@group-6A3DA1B208C1-LeaderElection73] INFO  server.RaftServerConfigKeys (ConfUtils.java:logGet(46)) - raft.server.watch.timeout.denomination = 1s (default)
2022-07-12 20:47:16,368 [4d0729d0-f06c-489e-ab74-62b76a77b6d3@group-6A3DA1B208C1-LeaderElection73] INFO  server.RaftServerConfigKeys (ConfUtils.java:logGet(46)) - raft.server.watch.element-limit = 65536 (default)
2022-07-12 20:47:16,368 [4d0729d0-f06c-489e-ab74-62b76a77b6d3@group-6A3DA1B208C1-LeaderElection73] INFO  server.RaftServerConfigKeys (ConfUtils.java:logGet(46)) - raft.server.write.element-limit = 1024 (custom)
2022-07-12 20:47:16,368 [4d0729d0-f06c-489e-ab74-62b76a77b6d3@group-6A3DA1B208C1-LeaderElection73] INFO  server.RaftServerConfigKeys (ConfUtils.java:logGet(46)) - raft.server.write.follower.gap.ratio.max = -1.0 (default)
2022-07-12 20:47:16,369 [4d0729d0-f06c-489e-ab74-62b76a77b6d3@group-6A3DA1B208C1-LeaderElection73] INFO  impl.RoleInfo (RoleInfo.java:updateAndGet(139)) - 4d0729d0-f06c-489e-ab74-62b76a77b6d3: start 4d0729d0-f06c-489e-ab74-62b76a77b6d3@group-6A3DA1B208C1-LeaderStateImpl
2022-07-12 20:47:16,369 [4d0729d0-f06c-489e-ab74-62b76a77b6d3@group-6A3DA1B208C1-LeaderElection73] INFO  segmented.SegmentedRaftLogWorker (SegmentedRaftLogWorker.java:startLogSegment(425)) - 4d0729d0-f06c-489e-ab74-62b76a77b6d3@group-6A3DA1B208C1-SegmentedRaftLogWorker: Starting segment from index:0
2022-07-12 20:47:16,370 [EventQueue-OpenPipelineForHealthyPipelineSafeModeRule] INFO  safemode.SCMSafeModeManager (HealthyPipelineSafeModeRule.java:process(124)) - SCM in safe mode. Healthy pipelines reported count is 0, required healthy pipeline reported count is 1
2022-07-12 20:47:16,372 [4d0729d0-f06c-489e-ab74-62b76a77b6d3@group-6A3DA1B208C1-SegmentedRaftLogWorker] INFO  segmented.SegmentedRaftLogWorker (SegmentedRaftLogWorker.java:execute(629)) - 4d0729d0-f06c-489e-ab74-62b76a77b6d3@group-6A3DA1B208C1-SegmentedRaftLogWorker: created new log segment /home/runner/work/ozone/ozone/hadoop-ozone/integration-test/target/test-dir/MiniOzoneClusterImpl-0bd21523-c128-41c2-8182-978cc9bee6b0/datanode-0/data/ratis/3cde6e93-fbe7-4d2d-8434-6a3da1b208c1/current/log_inprogress_0
2022-07-12 20:47:16,401 [4d0729d0-f06c-489e-ab74-62b76a77b6d3@group-6A3DA1B208C1-LeaderElection73] INFO  server.RaftServer$Division (ServerState.java:setRaftConf(393)) - 4d0729d0-f06c-489e-ab74-62b76a77b6d3@group-6A3DA1B208C1: set configuration 0: [4d0729d0-f06c-489e-ab74-62b76a77b6d3|rpc:10.1.0.33:35405|dataStream:|priority:1], old=null
2022-07-12 20:47:16,415 [4d0729d0-f06c-489e-ab74-62b76a77b6d3@group-56CB04D72F02-LeaderElection74] INFO  impl.LeaderElection (LeaderElection.java:askForVotes(310)) - 4d0729d0-f06c-489e-ab74-62b76a77b6d3@group-56CB04D72F02-LeaderElection74 ELECTION round 0: submit vote requests at term 1 for -1: [5f8711a9-ee6b-488e-a0ce-81e9173ee239|rpc:10.1.0.33:39581|priority:0, b14b3941-1205-474b-b441-0392b5c826bd|rpc:10.1.0.33:43287|priority:0, 4d0729d0-f06c-489e-ab74-62b76a77b6d3|rpc:10.1.0.33:35405|priority:1], old=null
2022-07-12 20:47:16,459 [grpc-default-executor-1] INFO  server.RaftServer$Division (RaftServerImpl.java:requestVote(1152)) - 5f8711a9-ee6b-488e-a0ce-81e9173ee239@group-56CB04D72F02: receive requestVote(ELECTION, 4d0729d0-f06c-489e-ab74-62b76a77b6d3, group-56CB04D72F02, 1, (t:0, i:0))
2022-07-12 20:47:16,459 [grpc-default-executor-1] INFO  impl.VoteContext (VoteContext.java:log(48)) - 5f8711a9-ee6b-488e-a0ce-81e9173ee239@group-56CB04D72F02-FOLLOWER: accept ELECTION from 4d0729d0-f06c-489e-ab74-62b76a77b6d3: our priority 0 <= candidate's priority 1
2022-07-12 20:47:16,459 [grpc-default-executor-1] INFO  server.RaftServer$Division (RaftServerImpl.java:setRole(299)) - 5f8711a9-ee6b-488e-a0ce-81e9173ee239@group-56CB04D72F02: changes role from  FOLLOWER to FOLLOWER at term 1 for candidate:4d0729d0-f06c-489e-ab74-62b76a77b6d3
2022-07-12 20:47:16,459 [grpc-default-executor-1] INFO  impl.RoleInfo (RoleInfo.java:shutdownFollowerState(110)) - 5f8711a9-ee6b-488e-a0ce-81e9173ee239: shutdown 5f8711a9-ee6b-488e-a0ce-81e9173ee239@group-56CB04D72F02-FollowerState
2022-07-12 20:47:16,459 [grpc-default-executor-1] INFO  impl.RoleInfo (RoleInfo.java:updateAndGet(139)) - 5f8711a9-ee6b-488e-a0ce-81e9173ee239: start 5f8711a9-ee6b-488e-a0ce-81e9173ee239@group-56CB04D72F02-FollowerState
2022-07-12 20:47:16,459 [5f8711a9-ee6b-488e-a0ce-81e9173ee239@group-56CB04D72F02-FollowerState] INFO  impl.FollowerState (FollowerState.java:run(152)) - 5f8711a9-ee6b-488e-a0ce-81e9173ee239@group-56CB04D72F02-FollowerState was interrupted
2022-07-12 20:47:16,477 [grpc-default-executor-1] INFO  server.RaftServer$Division (RaftServerImpl.java:requestVote(1184)) - 5f8711a9-ee6b-488e-a0ce-81e9173ee239@group-56CB04D72F02 replies to ELECTION vote request: 4d0729d0-f06c-489e-ab74-62b76a77b6d3<-5f8711a9-ee6b-488e-a0ce-81e9173ee239#0:OK-t1. Peer's state: 5f8711a9-ee6b-488e-a0ce-81e9173ee239@group-56CB04D72F02:t1, leader=null, voted=4d0729d0-f06c-489e-ab74-62b76a77b6d3, raftlog=5f8711a9-ee6b-488e-a0ce-81e9173ee239@group-56CB04D72F02-SegmentedRaftLog:OPENED:c-1, conf=-1: [5f8711a9-ee6b-488e-a0ce-81e9173ee239|rpc:10.1.0.33:39581|dataStream:|priority:0, b14b3941-1205-474b-b441-0392b5c826bd|rpc:10.1.0.33:43287|dataStream:|priority:0, 4d0729d0-f06c-489e-ab74-62b76a77b6d3|rpc:10.1.0.33:35405|dataStream:|priority:1], old=null
2022-07-12 20:47:16,480 [4d0729d0-f06c-489e-ab74-62b76a77b6d3@group-56CB04D72F02-LeaderElection74] INFO  impl.LeaderElection (LeaderElection.java:logAndReturn(90)) - 4d0729d0-f06c-489e-ab74-62b76a77b6d3@group-56CB04D72F02-LeaderElection74: ELECTION PASSED received 1 response(s) and 0 exception(s):
2022-07-12 20:47:16,480 [4d0729d0-f06c-489e-ab74-62b76a77b6d3@group-56CB04D72F02-LeaderElection74] INFO  impl.LeaderElection (LeaderElection.java:logAndReturn(94)) -   Response 0: 4d0729d0-f06c-489e-ab74-62b76a77b6d3<-5f8711a9-ee6b-488e-a0ce-81e9173ee239#0:OK-t1
2022-07-12 20:47:16,480 [4d0729d0-f06c-489e-ab74-62b76a77b6d3@group-56CB04D72F02-LeaderElection74] INFO  impl.LeaderElection (LeaderElection.java:askForVotes(312)) - 4d0729d0-f06c-489e-ab74-62b76a77b6d3@group-56CB04D72F02-LeaderElection74 ELECTION round 0: result PASSED
2022-07-12 20:47:16,480 [4d0729d0-f06c-489e-ab74-62b76a77b6d3@group-56CB04D72F02-LeaderElection74] INFO  impl.RoleInfo (RoleInfo.java:shutdownLeaderElection(130)) - 4d0729d0-f06c-489e-ab74-62b76a77b6d3: shutdown 4d0729d0-f06c-489e-ab74-62b76a77b6d3@group-56CB04D72F02-LeaderElection74
2022-07-12 20:47:16,480 [4d0729d0-f06c-489e-ab74-62b76a77b6d3@group-56CB04D72F02-LeaderElection74] INFO  server.RaftServer$Division (RaftServerImpl.java:setRole(299)) - 4d0729d0-f06c-489e-ab74-62b76a77b6d3@group-56CB04D72F02: changes role from CANDIDATE to LEADER at term 1 for changeToLeader
2022-07-12 20:47:16,480 [4d0729d0-f06c-489e-ab74-62b76a77b6d3@group-56CB04D72F02-LeaderElection74] INFO  ratis.XceiverServerRatis (XceiverServerRatis.java:handleLeaderChangedNotification(863)) - Leader change notification received for group: group-56CB04D72F02 with new leaderId: 4d0729d0-f06c-489e-ab74-62b76a77b6d3
2022-07-12 20:47:16,480 [4d0729d0-f06c-489e-ab74-62b76a77b6d3@group-56CB04D72F02-LeaderElection74] INFO  server.RaftServer$Division (ServerState.java:setLeader(287)) - 4d0729d0-f06c-489e-ab74-62b76a77b6d3@group-56CB04D72F02: change Leader from null to 4d0729d0-f06c-489e-ab74-62b76a77b6d3 at term 1 for becomeLeader, leader elected after 5219ms
2022-07-12 20:47:16,480 [4d0729d0-f06c-489e-ab74-62b76a77b6d3@group-56CB04D72F02-LeaderElection74] INFO  server.RaftServerConfigKeys (ConfUtils.java:logGet(46)) - raft.server.staging.catchup.gap = 1000 (default)
2022-07-12 20:47:16,481 [4d0729d0-f06c-489e-ab74-62b76a77b6d3@group-56CB04D72F02-LeaderElection74] INFO  server.RaftServerConfigKeys (ConfUtils.java:logGet(46)) - raft.server.write.element-limit = 1024 (custom)
2022-07-12 20:47:16,481 [4d0729d0-f06c-489e-ab74-62b76a77b6d3@group-56CB04D72F02-LeaderElection74] INFO  server.RaftServerConfigKeys (ConfUtils.java:logGet(46)) - raft.server.write.byte-limit = 1024 M (=1073741824) (custom)
2022-07-12 20:47:16,481 [4d0729d0-f06c-489e-ab74-62b76a77b6d3@group-56CB04D72F02-LeaderElection74] INFO  server.RaftServerConfigKeys (ConfUtils.java:logGet(46)) - raft.server.watch.timeout = 180s (custom)
2022-07-12 20:47:16,481 [4d0729d0-f06c-489e-ab74-62b76a77b6d3@group-56CB04D72F02-LeaderElection74] INFO  server.RaftServerConfigKeys (ConfUtils.java:logGet(46)) - raft.server.watch.timeout.denomination = 1s (default)
2022-07-12 20:47:16,481 [4d0729d0-f06c-489e-ab74-62b76a77b6d3@group-56CB04D72F02-LeaderElection74] INFO  server.RaftServerConfigKeys (ConfUtils.java:logGet(46)) - raft.server.watch.element-limit = 65536 (default)
2022-07-12 20:47:16,481 [4d0729d0-f06c-489e-ab74-62b76a77b6d3@group-56CB04D72F02-LeaderElection74] INFO  server.RaftServerConfigKeys (ConfUtils.java:logGet(46)) - raft.server.write.element-limit = 1024 (custom)
2022-07-12 20:47:16,481 [4d0729d0-f06c-489e-ab74-62b76a77b6d3@group-56CB04D72F02-LeaderElection74] INFO  server.RaftServerConfigKeys (ConfUtils.java:logGet(46)) - raft.server.write.follower.gap.ratio.max = -1.0 (default)
2022-07-12 20:47:16,482 [4d0729d0-f06c-489e-ab74-62b76a77b6d3@group-56CB04D72F02-LeaderElection74] INFO  server.RaftServerConfigKeys (ConfUtils.java:logGet(46)) - raft.server.log.appender.snapshot.chunk.size.max = 16MB (=16777216) (default)
2022-07-12 20:47:16,482 [4d0729d0-f06c-489e-ab74-62b76a77b6d3@group-56CB04D72F02-LeaderElection74] INFO  server.RaftServerConfigKeys (ConfUtils.java:logGet(46)) - raft.server.log.appender.buffer.byte-limit = 33554432 (custom)
2022-07-12 20:47:16,482 [4d0729d0-f06c-489e-ab74-62b76a77b6d3@group-56CB04D72F02-LeaderElection74] INFO  server.RaftServerConfigKeys (ConfUtils.java:logGet(46)) - raft.server.log.appender.buffer.element-limit = 1 (custom)
2022-07-12 20:47:16,482 [4d0729d0-f06c-489e-ab74-62b76a77b6d3@group-56CB04D72F02-LeaderElection74] INFO  grpc.GrpcConfigKeys (ConfUtils.java:logGet(46)) - raft.grpc.server.leader.outstanding.appends.max = 128 (default)
2022-07-12 20:47:16,482 [4d0729d0-f06c-489e-ab74-62b76a77b6d3@group-56CB04D72F02-LeaderElection74] INFO  server.RaftServerConfigKeys (ConfUtils.java:logGet(46)) - raft.server.rpc.request.timeout = 60s (custom)
2022-07-12 20:47:16,482 [4d0729d0-f06c-489e-ab74-62b76a77b6d3@group-56CB04D72F02-LeaderElection74] INFO  server.RaftServerConfigKeys (ConfUtils.java:logGet(46)) - raft.server.log.appender.install.snapshot.enabled = false (custom)
2022-07-12 20:47:16,483 [4d0729d0-f06c-489e-ab74-62b76a77b6d3@group-56CB04D72F02-LeaderElection74] INFO  server.RaftServerConfigKeys (ConfUtils.java:logGet(46)) - raft.server.log.appender.snapshot.chunk.size.max = 16MB (=16777216) (default)
2022-07-12 20:47:16,483 [4d0729d0-f06c-489e-ab74-62b76a77b6d3@group-56CB04D72F02-LeaderElection74] INFO  server.RaftServerConfigKeys (ConfUtils.java:logGet(46)) - raft.server.log.appender.buffer.byte-limit = 33554432 (custom)
2022-07-12 20:47:16,484 [4d0729d0-f06c-489e-ab74-62b76a77b6d3@group-56CB04D72F02-LeaderElection74] INFO  server.RaftServerConfigKeys (ConfUtils.java:logGet(46)) - raft.server.log.appender.buffer.element-limit = 1 (custom)
2022-07-12 20:47:16,484 [4d0729d0-f06c-489e-ab74-62b76a77b6d3@group-56CB04D72F02-LeaderElection74] INFO  grpc.GrpcConfigKeys (ConfUtils.java:logGet(46)) - raft.grpc.server.leader.outstanding.appends.max = 128 (default)
2022-07-12 20:47:16,484 [4d0729d0-f06c-489e-ab74-62b76a77b6d3@group-56CB04D72F02-LeaderElection74] INFO  server.RaftServerConfigKeys (ConfUtils.java:logGet(46)) - raft.server.rpc.request.timeout = 60s (custom)
2022-07-12 20:47:16,484 [4d0729d0-f06c-489e-ab74-62b76a77b6d3@group-56CB04D72F02-LeaderElection74] INFO  server.RaftServerConfigKeys (ConfUtils.java:logGet(46)) - raft.server.log.appender.install.snapshot.enabled = false (custom)
2022-07-12 20:47:16,484 [4d0729d0-f06c-489e-ab74-62b76a77b6d3@group-56CB04D72F02-LeaderElection74] INFO  impl.RoleInfo (RoleInfo.java:updateAndGet(139)) - 4d0729d0-f06c-489e-ab74-62b76a77b6d3: start 4d0729d0-f06c-489e-ab74-62b76a77b6d3@group-56CB04D72F02-LeaderStateImpl
2022-07-12 20:47:16,485 [EventQueue-PipelineReportForPipelineReportHandler] INFO  pipeline.PipelineManagerImpl (PipelineManagerImpl.java:openPipeline(359)) - Pipeline Pipeline[ Id: 077e3671-0bbd-4a71-98b6-56cb04d72f02, Nodes: 5f8711a9-ee6b-488e-a0ce-81e9173ee239{ip: 10.1.0.33, host: fv-az29-983.0gf2enmb5avurc1gjtxldx4mnh.bx.internal.cloudapp.net, ports: [REPLICATION=45083, RATIS=39581, RATIS_ADMIN=39581, RATIS_SERVER=39581, STANDALONE=37681], networkLocation: /default-rack, certSerialId: null, persistedOpState: IN_SERVICE, persistedOpStateExpiryEpochSec: 0}4d0729d0-f06c-489e-ab74-62b76a77b6d3{ip: 10.1.0.33, host: fv-az29-983.0gf2enmb5avurc1gjtxldx4mnh.bx.internal.cloudapp.net, ports: [REPLICATION=37575, RATIS=35405, RATIS_ADMIN=35405, RATIS_SERVER=35405, STANDALONE=40953], networkLocation: /default-rack, certSerialId: null, persistedOpState: IN_SERVICE, persistedOpStateExpiryEpochSec: 0}b14b3941-1205-474b-b441-0392b5c826bd{ip: 10.1.0.33, host: fv-az29-983.0gf2enmb5avurc1gjtxldx4mnh.bx.internal.cloudapp.net, ports: [REPLICATION=36003, RATIS=43287, RATIS_ADMIN=43287, RATIS_SERVER=43287, STANDALONE=43791], networkLocation: /default-rack, certSerialId: null, persistedOpState: IN_SERVICE, persistedOpStateExpiryEpochSec: 0}, ReplicationConfig: RATIS/THREE, State:ALLOCATED, leaderId:4d0729d0-f06c-489e-ab74-62b76a77b6d3, CreationTimestamp2022-07-12T20:47:10.920Z[Etc/UTC]] moved to OPEN state
2022-07-12 20:47:16,486 [EventQueue-OpenPipelineForHealthyPipelineSafeModeRule] INFO  safemode.SCMSafeModeManager (HealthyPipelineSafeModeRule.java:process(124)) - SCM in safe mode. Healthy pipelines reported count is 1, required healthy pipeline reported count is 1
2022-07-12 20:47:16,486 [EventQueue-OpenPipelineForHealthyPipelineSafeModeRule] INFO  safemode.SCMSafeModeManager (SCMSafeModeManager.java:validateSafeModeExitRules(204)) - HealthyPipelineSafeModeRule rule is successfully validated
2022-07-12 20:47:16,486 [EventQueue-OpenPipelineForHealthyPipelineSafeModeRule] INFO  safemode.SCMSafeModeManager (SCMSafeModeManager.java:validateSafeModeExitRules(219)) - ScmSafeModeManager, all rules are successfully validated
2022-07-12 20:47:16,486 [EventQueue-OpenPipelineForHealthyPipelineSafeModeRule] INFO  safemode.SCMSafeModeManager (SCMSafeModeManager.java:exitSafeMode(248)) - SCM exiting safe mode.
2022-07-12 20:47:16,486 [EventQueue-OpenPipelineForHealthyPipelineSafeModeRule] WARN  events.EventQueue (EventQueue.java:fireEvent(216)) - No event handler registered for event TypedEvent{payloadType=SafeModeStatus, name='Safe mode status'}
2022-07-12 20:47:16,486 [EventQueue-OpenPipelineForHealthyPipelineSafeModeRule] INFO  ha.SCMContext (SCMContext.java:updateSafeModeStatus(228)) - Update SafeModeStatus from SafeModeStatus{safeModeStatus=true, preCheckPassed=true} to SafeModeStatus{safeModeStatus=false, preCheckPassed=true}.
2022-07-12 20:47:16,486 [EventQueue-OpenPipelineForHealthyPipelineSafeModeRule] INFO  pipeline.BackgroundPipelineCreator (BackgroundPipelineCreator.java:notifyStatusChanged(253)) - Service BackgroundPipelineCreator transitions to RUNNING.
2022-07-12 20:47:16,486 [EventQueue-OpenPipelineForHealthyPipelineSafeModeRule] INFO  BackgroundPipelineScrubber (BackgroundSCMService.java:notifyStatusChanged(82)) - Service BackgroundPipelineScrubber transitions to RUNNING.
2022-07-12 20:47:16,486 [EventQueue-OpenPipelineForHealthyPipelineSafeModeRule] INFO  ExpiredContainerReplicaOpScrubber (BackgroundSCMService.java:notifyStatusChanged(82)) - Service ExpiredContainerReplicaOpScrubber transitions to RUNNING.
2022-07-12 20:47:16,486 [EventQueue-OpenPipelineForHealthyPipelineSafeModeRule] INFO  replication.ReplicationManager (ReplicationManager.java:notifyStatusChanged(495)) - Service ReplicationManager transitions to RUNNING.
2022-07-12 20:47:16,486 [EventQueue-OpenPipelineForHealthyPipelineSafeModeRule] WARN  balancer.ContainerBalancer (ContainerBalancer.java:shouldRun(894)) - Could not find persisted configuration for ContainerBalancer when checking if ContainerBalancer should run. ContainerBalancer should not run now.
2022-07-12 20:47:16,487 [4d0729d0-f06c-489e-ab74-62b76a77b6d3@group-56CB04D72F02-LeaderElection74] INFO  segmented.SegmentedRaftLogWorker (SegmentedRaftLogWorker.java:startLogSegment(425)) - 4d0729d0-f06c-489e-ab74-62b76a77b6d3@group-56CB04D72F02-SegmentedRaftLogWorker: Starting segment from index:0
2022-07-12 20:47:16,488 [4d0729d0-f06c-489e-ab74-62b76a77b6d3@group-56CB04D72F02-SegmentedRaftLogWorker] INFO  segmented.SegmentedRaftLogWorker (SegmentedRaftLogWorker.java:execute(629)) - 4d0729d0-f06c-489e-ab74-62b76a77b6d3@group-56CB04D72F02-SegmentedRaftLogWorker: created new log segment /home/runner/work/ozone/ozone/hadoop-ozone/integration-test/target/test-dir/MiniOzoneClusterImpl-0bd21523-c128-41c2-8182-978cc9bee6b0/datanode-0/data/ratis/077e3671-0bbd-4a71-98b6-56cb04d72f02/current/log_inprogress_0
2022-07-12 20:47:16,552 [4d0729d0-f06c-489e-ab74-62b76a77b6d3@group-56CB04D72F02-LeaderElection74] INFO  server.RaftServer$Division (ServerState.java:setRaftConf(393)) - 4d0729d0-f06c-489e-ab74-62b76a77b6d3@group-56CB04D72F02: set configuration 0: [5f8711a9-ee6b-488e-a0ce-81e9173ee239|rpc:10.1.0.33:39581|dataStream:|priority:0, b14b3941-1205-474b-b441-0392b5c826bd|rpc:10.1.0.33:43287|dataStream:|priority:0, 4d0729d0-f06c-489e-ab74-62b76a77b6d3|rpc:10.1.0.33:35405|dataStream:|priority:1], old=null
2022-07-12 20:47:16,562 [grpc-default-executor-0] INFO  server.RaftServer$Division (RaftServerImpl.java:requestVote(1152)) - b14b3941-1205-474b-b441-0392b5c826bd@group-56CB04D72F02: receive requestVote(ELECTION, 4d0729d0-f06c-489e-ab74-62b76a77b6d3, group-56CB04D72F02, 1, (t:0, i:0))
2022-07-12 20:47:16,562 [grpc-default-executor-0] INFO  impl.VoteContext (VoteContext.java:log(48)) - b14b3941-1205-474b-b441-0392b5c826bd@group-56CB04D72F02-FOLLOWER: accept ELECTION from 4d0729d0-f06c-489e-ab74-62b76a77b6d3: our priority 0 <= candidate's priority 1
2022-07-12 20:47:16,562 [grpc-default-executor-0] INFO  server.RaftServer$Division (RaftServerImpl.java:setRole(299)) - b14b3941-1205-474b-b441-0392b5c826bd@group-56CB04D72F02: changes role from  FOLLOWER to FOLLOWER at term 1 for candidate:4d0729d0-f06c-489e-ab74-62b76a77b6d3
2022-07-12 20:47:16,562 [grpc-default-executor-0] INFO  impl.RoleInfo (RoleInfo.java:shutdownFollowerState(110)) - b14b3941-1205-474b-b441-0392b5c826bd: shutdown b14b3941-1205-474b-b441-0392b5c826bd@group-56CB04D72F02-FollowerState
2022-07-12 20:47:16,594 [5f8711a9-ee6b-488e-a0ce-81e9173ee239-server-thread1] INFO  ratis.XceiverServerRatis (XceiverServerRatis.java:handleLeaderChangedNotification(863)) - Leader change notification received for group: group-56CB04D72F02 with new leaderId: 4d0729d0-f06c-489e-ab74-62b76a77b6d3
2022-07-12 20:47:16,595 [5f8711a9-ee6b-488e-a0ce-81e9173ee239-server-thread1] INFO  server.RaftServer$Division (ServerState.java:setLeader(287)) - 5f8711a9-ee6b-488e-a0ce-81e9173ee239@group-56CB04D72F02: change Leader from null to 4d0729d0-f06c-489e-ab74-62b76a77b6d3 at term 1 for appendEntries, leader elected after 5108ms
2022-07-12 20:47:16,636 [grpc-default-executor-0] INFO  impl.RoleInfo (RoleInfo.java:updateAndGet(139)) - b14b3941-1205-474b-b441-0392b5c826bd: start b14b3941-1205-474b-b441-0392b5c826bd@group-56CB04D72F02-FollowerState
2022-07-12 20:47:16,636 [b14b3941-1205-474b-b441-0392b5c826bd@group-56CB04D72F02-FollowerState] INFO  impl.FollowerState (FollowerState.java:run(152)) - b14b3941-1205-474b-b441-0392b5c826bd@group-56CB04D72F02-FollowerState was interrupted
2022-07-12 20:47:16,638 [5f8711a9-ee6b-488e-a0ce-81e9173ee239-server-thread1] INFO  server.RaftServer$Division (ServerState.java:setRaftConf(393)) - 5f8711a9-ee6b-488e-a0ce-81e9173ee239@group-56CB04D72F02: set configuration 0: [5f8711a9-ee6b-488e-a0ce-81e9173ee239|rpc:10.1.0.33:39581|dataStream:|priority:0, b14b3941-1205-474b-b441-0392b5c826bd|rpc:10.1.0.33:43287|dataStream:|priority:0, 4d0729d0-f06c-489e-ab74-62b76a77b6d3|rpc:10.1.0.33:35405|dataStream:|priority:1], old=null
2022-07-12 20:47:16,638 [5f8711a9-ee6b-488e-a0ce-81e9173ee239-server-thread1] INFO  segmented.SegmentedRaftLogWorker (SegmentedRaftLogWorker.java:startLogSegment(425)) - 5f8711a9-ee6b-488e-a0ce-81e9173ee239@group-56CB04D72F02-SegmentedRaftLogWorker: Starting segment from index:0
2022-07-12 20:47:16,639 [5f8711a9-ee6b-488e-a0ce-81e9173ee239@group-56CB04D72F02-SegmentedRaftLogWorker] INFO  segmented.SegmentedRaftLogWorker (SegmentedRaftLogWorker.java:execute(629)) - 5f8711a9-ee6b-488e-a0ce-81e9173ee239@group-56CB04D72F02-SegmentedRaftLogWorker: created new log segment /home/runner/work/ozone/ozone/hadoop-ozone/integration-test/target/test-dir/MiniOzoneClusterImpl-0bd21523-c128-41c2-8182-978cc9bee6b0/datanode-1/data/ratis/077e3671-0bbd-4a71-98b6-56cb04d72f02/current/log_inprogress_0
2022-07-12 20:47:16,701 [grpc-default-executor-0] INFO  server.RaftServer$Division (RaftServerImpl.java:requestVote(1184)) - b14b3941-1205-474b-b441-0392b5c826bd@group-56CB04D72F02 replies to ELECTION vote request: 4d0729d0-f06c-489e-ab74-62b76a77b6d3<-b14b3941-1205-474b-b441-0392b5c826bd#0:OK-t1. Peer's state: b14b3941-1205-474b-b441-0392b5c826bd@group-56CB04D72F02:t1, leader=null, voted=4d0729d0-f06c-489e-ab74-62b76a77b6d3, raftlog=b14b3941-1205-474b-b441-0392b5c826bd@group-56CB04D72F02-SegmentedRaftLog:OPENED:c-1, conf=-1: [5f8711a9-ee6b-488e-a0ce-81e9173ee239|rpc:10.1.0.33:39581|dataStream:|priority:0, b14b3941-1205-474b-b441-0392b5c826bd|rpc:10.1.0.33:43287|dataStream:|priority:0, 4d0729d0-f06c-489e-ab74-62b76a77b6d3|rpc:10.1.0.33:35405|dataStream:|priority:1], old=null
2022-07-12 20:47:16,746 [b14b3941-1205-474b-b441-0392b5c826bd-server-thread1] INFO  ratis.XceiverServerRatis (XceiverServerRatis.java:handleLeaderChangedNotification(863)) - Leader change notification received for group: group-56CB04D72F02 with new leaderId: 4d0729d0-f06c-489e-ab74-62b76a77b6d3
2022-07-12 20:47:16,749 [b14b3941-1205-474b-b441-0392b5c826bd-server-thread1] INFO  server.RaftServer$Division (ServerState.java:setLeader(287)) - b14b3941-1205-474b-b441-0392b5c826bd@group-56CB04D72F02: change Leader from null to 4d0729d0-f06c-489e-ab74-62b76a77b6d3 at term 1 for appendEntries, leader elected after 5031ms
2022-07-12 20:47:16,783 [b14b3941-1205-474b-b441-0392b5c826bd-server-thread1] INFO  server.RaftServer$Division (ServerState.java:setRaftConf(393)) - b14b3941-1205-474b-b441-0392b5c826bd@group-56CB04D72F02: set configuration 0: [5f8711a9-ee6b-488e-a0ce-81e9173ee239|rpc:10.1.0.33:39581|dataStream:|priority:0, b14b3941-1205-474b-b441-0392b5c826bd|rpc:10.1.0.33:43287|dataStream:|priority:0, 4d0729d0-f06c-489e-ab74-62b76a77b6d3|rpc:10.1.0.33:35405|dataStream:|priority:1], old=null
2022-07-12 20:47:16,783 [b14b3941-1205-474b-b441-0392b5c826bd-server-thread1] INFO  segmented.SegmentedRaftLogWorker (SegmentedRaftLogWorker.java:startLogSegment(425)) - b14b3941-1205-474b-b441-0392b5c826bd@group-56CB04D72F02-SegmentedRaftLogWorker: Starting segment from index:0
2022-07-12 20:47:16,789 [b14b3941-1205-474b-b441-0392b5c826bd@group-56CB04D72F02-SegmentedRaftLogWorker] INFO  segmented.SegmentedRaftLogWorker (SegmentedRaftLogWorker.java:execute(629)) - b14b3941-1205-474b-b441-0392b5c826bd@group-56CB04D72F02-SegmentedRaftLogWorker: created new log segment /home/runner/work/ozone/ozone/hadoop-ozone/integration-test/target/test-dir/MiniOzoneClusterImpl-0bd21523-c128-41c2-8182-978cc9bee6b0/datanode-2/data/ratis/077e3671-0bbd-4a71-98b6-56cb04d72f02/current/log_inprogress_0
2022-07-12 20:47:16,825 [Listener at 127.0.0.1/43375] INFO  ozone.MiniOzoneClusterImpl (MiniOzoneClusterImpl.java:lambda$waitForClusterToBeReady$0(223)) - Nodes are ready. Got 3 of 3 DN Heartbeats.
2022-07-12 20:47:16,825 [Listener at 127.0.0.1/43375] INFO  ozone.MiniOzoneClusterImpl (MiniOzoneClusterImpl.java:lambda$waitForClusterToBeReady$0(226)) - Cluster exits safe mode
2022-07-12 20:47:16,825 [Listener at 127.0.0.1/43375] INFO  ozone.MiniOzoneClusterImpl (MiniOzoneClusterImpl.java:lambda$waitForClusterToBeReady$0(228)) - SCM became leader
]]></system-out>
    </rerunFailure>
  </testcase>
  <testcase name="testLeaderIdUsedOnFirstCall" classname="org.apache.hadoop.hdds.scm.TestRatisPipelineLeader" time="0.001">
    <failure type="java.lang.AssertionError"><![CDATA[java.lang.AssertionError
	at org.junit.Assert.fail(Assert.java:87)
	at org.junit.Assert.assertTrue(Assert.java:42)
	at org.junit.Assert.assertTrue(Assert.java:53)
	at org.apache.hadoop.hdds.scm.TestRatisPipelineLeader.testLeaderIdUsedOnFirstCall(TestRatisPipelineLeader.java:85)
	at sun.reflect.NativeMethodAccessorImpl.invoke0(Native Method)
	at sun.reflect.NativeMethodAccessorImpl.invoke(NativeMethodAccessorImpl.java:62)
	at sun.reflect.DelegatingMethodAccessorImpl.invoke(DelegatingMethodAccessorImpl.java:43)
	at java.lang.reflect.Method.invoke(Method.java:498)
	at org.junit.platform.commons.util.ReflectionUtils.invokeMethod(ReflectionUtils.java:725)
	at org.junit.jupiter.engine.execution.MethodInvocation.proceed(MethodInvocation.java:60)
	at org.junit.jupiter.engine.execution.InvocationInterceptorChain$ValidatingInvocation.proceed(InvocationInterceptorChain.java:131)
	at org.junit.jupiter.engine.extension.TimeoutInvocation.proceed(TimeoutInvocation.java:46)
	at org.junit.jupiter.engine.extension.TimeoutExtension.intercept(TimeoutExtension.java:149)
	at org.junit.jupiter.engine.extension.TimeoutExtension.interceptTestableMethod(TimeoutExtension.java:140)
	at org.junit.jupiter.engine.extension.TimeoutExtension.interceptTestMethod(TimeoutExtension.java:84)
	at org.junit.jupiter.engine.execution.ExecutableInvoker$ReflectiveInterceptorCall.lambda$ofVoidMethod$0(ExecutableInvoker.java:115)
	at org.junit.jupiter.engine.execution.ExecutableInvoker.lambda$invoke$0(ExecutableInvoker.java:105)
	at org.junit.jupiter.engine.execution.InvocationInterceptorChain$InterceptedInvocation.proceed(InvocationInterceptorChain.java:106)
	at org.junit.jupiter.engine.execution.InvocationInterceptorChain.proceed(InvocationInterceptorChain.java:64)
	at org.junit.jupiter.engine.execution.InvocationInterceptorChain.chainAndInvoke(InvocationInterceptorChain.java:45)
	at org.junit.jupiter.engine.execution.InvocationInterceptorChain.invoke(InvocationInterceptorChain.java:37)
	at org.junit.jupiter.engine.execution.ExecutableInvoker.invoke(ExecutableInvoker.java:104)
	at org.junit.jupiter.engine.execution.ExecutableInvoker.invoke(ExecutableInvoker.java:98)
	at org.junit.jupiter.engine.descriptor.TestMethodTestDescriptor.lambda$invokeTestMethod$7(TestMethodTestDescriptor.java:214)
	at org.junit.platform.engine.support.hierarchical.ThrowableCollector.execute(ThrowableCollector.java:73)
	at org.junit.jupiter.engine.descriptor.TestMethodTestDescriptor.invokeTestMethod(TestMethodTestDescriptor.java:210)
	at org.junit.jupiter.engine.descriptor.TestMethodTestDescriptor.execute(TestMethodTestDescriptor.java:135)
	at org.junit.jupiter.engine.descriptor.TestMethodTestDescriptor.execute(TestMethodTestDescriptor.java:66)
	at org.junit.platform.engine.support.hierarchical.NodeTestTask.lambda$executeRecursively$6(NodeTestTask.java:151)
	at org.junit.platform.engine.support.hierarchical.ThrowableCollector.execute(ThrowableCollector.java:73)
	at org.junit.platform.engine.support.hierarchical.NodeTestTask.lambda$executeRecursively$8(NodeTestTask.java:141)
	at org.junit.platform.engine.support.hierarchical.Node.around(Node.java:137)
	at org.junit.platform.engine.support.hierarchical.NodeTestTask.lambda$executeRecursively$9(NodeTestTask.java:139)
	at org.junit.platform.engine.support.hierarchical.ThrowableCollector.execute(ThrowableCollector.java:73)
	at org.junit.platform.engine.support.hierarchical.NodeTestTask.executeRecursively(NodeTestTask.java:138)
	at org.junit.platform.engine.support.hierarchical.NodeTestTask.execute(NodeTestTask.java:95)
	at java.util.ArrayList.forEach(ArrayList.java:1259)
	at org.junit.platform.engine.support.hierarchical.SameThreadHierarchicalTestExecutorService.invokeAll(SameThreadHierarchicalTestExecutorService.java:41)
	at org.junit.platform.engine.support.hierarchical.NodeTestTask.lambda$executeRecursively$6(NodeTestTask.java:155)
	at org.junit.platform.engine.support.hierarchical.ThrowableCollector.execute(ThrowableCollector.java:73)
	at org.junit.platform.engine.support.hierarchical.NodeTestTask.lambda$executeRecursively$8(NodeTestTask.java:141)
	at org.junit.platform.engine.support.hierarchical.Node.around(Node.java:137)
	at org.junit.platform.engine.support.hierarchical.NodeTestTask.lambda$executeRecursively$9(NodeTestTask.java:139)
	at org.junit.platform.engine.support.hierarchical.ThrowableCollector.execute(ThrowableCollector.java:73)
	at org.junit.platform.engine.support.hierarchical.NodeTestTask.executeRecursively(NodeTestTask.java:138)
	at org.junit.platform.engine.support.hierarchical.NodeTestTask.execute(NodeTestTask.java:95)
	at java.util.ArrayList.forEach(ArrayList.java:1259)
	at org.junit.platform.engine.support.hierarchical.SameThreadHierarchicalTestExecutorService.invokeAll(SameThreadHierarchicalTestExecutorService.java:41)
	at org.junit.platform.engine.support.hierarchical.NodeTestTask.lambda$executeRecursively$6(NodeTestTask.java:155)
	at org.junit.platform.engine.support.hierarchical.ThrowableCollector.execute(ThrowableCollector.java:73)
	at org.junit.platform.engine.support.hierarchical.NodeTestTask.lambda$executeRecursively$8(NodeTestTask.java:141)
	at org.junit.platform.engine.support.hierarchical.Node.around(Node.java:137)
	at org.junit.platform.engine.support.hierarchical.NodeTestTask.lambda$executeRecursively$9(NodeTestTask.java:139)
	at org.junit.platform.engine.support.hierarchical.ThrowableCollector.execute(ThrowableCollector.java:73)
	at org.junit.platform.engine.support.hierarchical.NodeTestTask.executeRecursively(NodeTestTask.java:138)
	at org.junit.platform.engine.support.hierarchical.NodeTestTask.execute(NodeTestTask.java:95)
	at org.junit.platform.engine.support.hierarchical.SameThreadHierarchicalTestExecutorService.submit(SameThreadHierarchicalTestExecutorService.java:35)
	at org.junit.platform.engine.support.hierarchical.HierarchicalTestExecutor.execute(HierarchicalTestExecutor.java:57)
	at org.junit.platform.engine.support.hierarchical.HierarchicalTestEngine.execute(HierarchicalTestEngine.java:54)
	at org.junit.platform.launcher.core.EngineExecutionOrchestrator.execute(EngineExecutionOrchestrator.java:107)
	at org.junit.platform.launcher.core.EngineExecutionOrchestrator.execute(EngineExecutionOrchestrator.java:88)
	at org.junit.platform.launcher.core.EngineExecutionOrchestrator.lambda$execute$0(EngineExecutionOrchestrator.java:54)
	at org.junit.platform.launcher.core.EngineExecutionOrchestrator.withInterceptedStreams(EngineExecutionOrchestrator.java:67)
	at org.junit.platform.launcher.core.EngineExecutionOrchestrator.execute(EngineExecutionOrchestrator.java:52)
	at org.junit.platform.launcher.core.DefaultLauncher.execute(DefaultLauncher.java:114)
	at org.junit.platform.launcher.core.DefaultLauncher.execute(DefaultLauncher.java:86)
	at org.junit.platform.launcher.core.DefaultLauncherSession$DelegatingLauncher.execute(DefaultLauncherSession.java:86)
	at org.junit.platform.launcher.core.SessionPerRequestLauncher.execute(SessionPerRequestLauncher.java:53)
	at org.apache.maven.surefire.junitplatform.JUnitPlatformProvider.execute(JUnitPlatformProvider.java:188)
	at org.apache.maven.surefire.junitplatform.JUnitPlatformProvider.invokeAllTests(JUnitPlatformProvider.java:154)
	at org.apache.maven.surefire.junitplatform.JUnitPlatformProvider.invoke(JUnitPlatformProvider.java:124)
	at org.apache.maven.surefire.booter.ForkedBooter.runSuitesInProcess(ForkedBooter.java:428)
	at org.apache.maven.surefire.booter.ForkedBooter.execute(ForkedBooter.java:162)
	at org.apache.maven.surefire.booter.ForkedBooter.run(ForkedBooter.java:562)
	at org.apache.maven.surefire.booter.ForkedBooter.main(ForkedBooter.java:548)
]]></failure>
    <rerunFailure type="java.lang.AssertionError">
      <stackTrace><![CDATA[java.lang.AssertionError
	at org.junit.Assert.fail(Assert.java:87)
	at org.junit.Assert.assertTrue(Assert.java:42)
	at org.junit.Assert.assertTrue(Assert.java:53)
	at org.apache.hadoop.hdds.scm.TestRatisPipelineLeader.testLeaderIdUsedOnFirstCall(TestRatisPipelineLeader.java:85)
	at sun.reflect.NativeMethodAccessorImpl.invoke0(Native Method)
	at sun.reflect.NativeMethodAccessorImpl.invoke(NativeMethodAccessorImpl.java:62)
	at sun.reflect.DelegatingMethodAccessorImpl.invoke(DelegatingMethodAccessorImpl.java:43)
	at java.lang.reflect.Method.invoke(Method.java:498)
	at org.junit.platform.commons.util.ReflectionUtils.invokeMethod(ReflectionUtils.java:725)
	at org.junit.jupiter.engine.execution.MethodInvocation.proceed(MethodInvocation.java:60)
	at org.junit.jupiter.engine.execution.InvocationInterceptorChain$ValidatingInvocation.proceed(InvocationInterceptorChain.java:131)
	at org.junit.jupiter.engine.extension.TimeoutInvocation.proceed(TimeoutInvocation.java:46)
	at org.junit.jupiter.engine.extension.TimeoutExtension.intercept(TimeoutExtension.java:149)
	at org.junit.jupiter.engine.extension.TimeoutExtension.interceptTestableMethod(TimeoutExtension.java:140)
	at org.junit.jupiter.engine.extension.TimeoutExtension.interceptTestMethod(TimeoutExtension.java:84)
	at org.junit.jupiter.engine.execution.ExecutableInvoker$ReflectiveInterceptorCall.lambda$ofVoidMethod$0(ExecutableInvoker.java:115)
	at org.junit.jupiter.engine.execution.ExecutableInvoker.lambda$invoke$0(ExecutableInvoker.java:105)
	at org.junit.jupiter.engine.execution.InvocationInterceptorChain$InterceptedInvocation.proceed(InvocationInterceptorChain.java:106)
	at org.junit.jupiter.engine.execution.InvocationInterceptorChain.proceed(InvocationInterceptorChain.java:64)
	at org.junit.jupiter.engine.execution.InvocationInterceptorChain.chainAndInvoke(InvocationInterceptorChain.java:45)
	at org.junit.jupiter.engine.execution.InvocationInterceptorChain.invoke(InvocationInterceptorChain.java:37)
	at org.junit.jupiter.engine.execution.ExecutableInvoker.invoke(ExecutableInvoker.java:104)
	at org.junit.jupiter.engine.execution.ExecutableInvoker.invoke(ExecutableInvoker.java:98)
	at org.junit.jupiter.engine.descriptor.TestMethodTestDescriptor.lambda$invokeTestMethod$7(TestMethodTestDescriptor.java:214)
	at org.junit.platform.engine.support.hierarchical.ThrowableCollector.execute(ThrowableCollector.java:73)
	at org.junit.jupiter.engine.descriptor.TestMethodTestDescriptor.invokeTestMethod(TestMethodTestDescriptor.java:210)
	at org.junit.jupiter.engine.descriptor.TestMethodTestDescriptor.execute(TestMethodTestDescriptor.java:135)
	at org.junit.jupiter.engine.descriptor.TestMethodTestDescriptor.execute(TestMethodTestDescriptor.java:66)
	at org.junit.platform.engine.support.hierarchical.NodeTestTask.lambda$executeRecursively$6(NodeTestTask.java:151)
	at org.junit.platform.engine.support.hierarchical.ThrowableCollector.execute(ThrowableCollector.java:73)
	at org.junit.platform.engine.support.hierarchical.NodeTestTask.lambda$executeRecursively$8(NodeTestTask.java:141)
	at org.junit.platform.engine.support.hierarchical.Node.around(Node.java:137)
	at org.junit.platform.engine.support.hierarchical.NodeTestTask.lambda$executeRecursively$9(NodeTestTask.java:139)
	at org.junit.platform.engine.support.hierarchical.ThrowableCollector.execute(ThrowableCollector.java:73)
	at org.junit.platform.engine.support.hierarchical.NodeTestTask.executeRecursively(NodeTestTask.java:138)
	at org.junit.platform.engine.support.hierarchical.NodeTestTask.execute(NodeTestTask.java:95)
	at java.util.ArrayList.forEach(ArrayList.java:1259)
	at org.junit.platform.engine.support.hierarchical.SameThreadHierarchicalTestExecutorService.invokeAll(SameThreadHierarchicalTestExecutorService.java:41)
	at org.junit.platform.engine.support.hierarchical.NodeTestTask.lambda$executeRecursively$6(NodeTestTask.java:155)
	at org.junit.platform.engine.support.hierarchical.ThrowableCollector.execute(ThrowableCollector.java:73)
	at org.junit.platform.engine.support.hierarchical.NodeTestTask.lambda$executeRecursively$8(NodeTestTask.java:141)
	at org.junit.platform.engine.support.hierarchical.Node.around(Node.java:137)
	at org.junit.platform.engine.support.hierarchical.NodeTestTask.lambda$executeRecursively$9(NodeTestTask.java:139)
	at org.junit.platform.engine.support.hierarchical.ThrowableCollector.execute(ThrowableCollector.java:73)
	at org.junit.platform.engine.support.hierarchical.NodeTestTask.executeRecursively(NodeTestTask.java:138)
	at org.junit.platform.engine.support.hierarchical.NodeTestTask.execute(NodeTestTask.java:95)
	at java.util.ArrayList.forEach(ArrayList.java:1259)
	at org.junit.platform.engine.support.hierarchical.SameThreadHierarchicalTestExecutorService.invokeAll(SameThreadHierarchicalTestExecutorService.java:41)
	at org.junit.platform.engine.support.hierarchical.NodeTestTask.lambda$executeRecursively$6(NodeTestTask.java:155)
	at org.junit.platform.engine.support.hierarchical.ThrowableCollector.execute(ThrowableCollector.java:73)
	at org.junit.platform.engine.support.hierarchical.NodeTestTask.lambda$executeRecursively$8(NodeTestTask.java:141)
	at org.junit.platform.engine.support.hierarchical.Node.around(Node.java:137)
	at org.junit.platform.engine.support.hierarchical.NodeTestTask.lambda$executeRecursively$9(NodeTestTask.java:139)
	at org.junit.platform.engine.support.hierarchical.ThrowableCollector.execute(ThrowableCollector.java:73)
	at org.junit.platform.engine.support.hierarchical.NodeTestTask.executeRecursively(NodeTestTask.java:138)
	at org.junit.platform.engine.support.hierarchical.NodeTestTask.execute(NodeTestTask.java:95)
	at org.junit.platform.engine.support.hierarchical.SameThreadHierarchicalTestExecutorService.submit(SameThreadHierarchicalTestExecutorService.java:35)
	at org.junit.platform.engine.support.hierarchical.HierarchicalTestExecutor.execute(HierarchicalTestExecutor.java:57)
	at org.junit.platform.engine.support.hierarchical.HierarchicalTestEngine.execute(HierarchicalTestEngine.java:54)
	at org.junit.platform.launcher.core.EngineExecutionOrchestrator.execute(EngineExecutionOrchestrator.java:107)
	at org.junit.platform.launcher.core.EngineExecutionOrchestrator.execute(EngineExecutionOrchestrator.java:88)
	at org.junit.platform.launcher.core.EngineExecutionOrchestrator.lambda$execute$0(EngineExecutionOrchestrator.java:54)
	at org.junit.platform.launcher.core.EngineExecutionOrchestrator.withInterceptedStreams(EngineExecutionOrchestrator.java:67)
	at org.junit.platform.launcher.core.EngineExecutionOrchestrator.execute(EngineExecutionOrchestrator.java:52)
	at org.junit.platform.launcher.core.DefaultLauncher.execute(DefaultLauncher.java:114)
	at org.junit.platform.launcher.core.DefaultLauncher.execute(DefaultLauncher.java:86)
	at org.junit.platform.launcher.core.DefaultLauncherSession$DelegatingLauncher.execute(DefaultLauncherSession.java:86)
	at org.junit.platform.launcher.core.SessionPerRequestLauncher.execute(SessionPerRequestLauncher.java:53)
	at org.apache.maven.surefire.junitplatform.JUnitPlatformProvider.invokeAllTests(JUnitPlatformProvider.java:165)
	at org.apache.maven.surefire.junitplatform.JUnitPlatformProvider.invoke(JUnitPlatformProvider.java:124)
	at org.apache.maven.surefire.booter.ForkedBooter.runSuitesInProcess(ForkedBooter.java:428)
	at org.apache.maven.surefire.booter.ForkedBooter.execute(ForkedBooter.java:162)
	at org.apache.maven.surefire.booter.ForkedBooter.run(ForkedBooter.java:562)
	at org.apache.maven.surefire.booter.ForkedBooter.main(ForkedBooter.java:548)
]]></stackTrace>
    </rerunFailure>
    <rerunFailure type="java.lang.AssertionError">
      <stackTrace><![CDATA[java.lang.AssertionError
	at org.junit.Assert.fail(Assert.java:87)
	at org.junit.Assert.assertTrue(Assert.java:42)
	at org.junit.Assert.assertTrue(Assert.java:53)
	at org.apache.hadoop.hdds.scm.TestRatisPipelineLeader.testLeaderIdUsedOnFirstCall(TestRatisPipelineLeader.java:85)
	at sun.reflect.NativeMethodAccessorImpl.invoke0(Native Method)
	at sun.reflect.NativeMethodAccessorImpl.invoke(NativeMethodAccessorImpl.java:62)
	at sun.reflect.DelegatingMethodAccessorImpl.invoke(DelegatingMethodAccessorImpl.java:43)
	at java.lang.reflect.Method.invoke(Method.java:498)
	at org.junit.platform.commons.util.ReflectionUtils.invokeMethod(ReflectionUtils.java:725)
	at org.junit.jupiter.engine.execution.MethodInvocation.proceed(MethodInvocation.java:60)
	at org.junit.jupiter.engine.execution.InvocationInterceptorChain$ValidatingInvocation.proceed(InvocationInterceptorChain.java:131)
	at org.junit.jupiter.engine.extension.TimeoutInvocation.proceed(TimeoutInvocation.java:46)
	at org.junit.jupiter.engine.extension.TimeoutExtension.intercept(TimeoutExtension.java:149)
	at org.junit.jupiter.engine.extension.TimeoutExtension.interceptTestableMethod(TimeoutExtension.java:140)
	at org.junit.jupiter.engine.extension.TimeoutExtension.interceptTestMethod(TimeoutExtension.java:84)
	at org.junit.jupiter.engine.execution.ExecutableInvoker$ReflectiveInterceptorCall.lambda$ofVoidMethod$0(ExecutableInvoker.java:115)
	at org.junit.jupiter.engine.execution.ExecutableInvoker.lambda$invoke$0(ExecutableInvoker.java:105)
	at org.junit.jupiter.engine.execution.InvocationInterceptorChain$InterceptedInvocation.proceed(InvocationInterceptorChain.java:106)
	at org.junit.jupiter.engine.execution.InvocationInterceptorChain.proceed(InvocationInterceptorChain.java:64)
	at org.junit.jupiter.engine.execution.InvocationInterceptorChain.chainAndInvoke(InvocationInterceptorChain.java:45)
	at org.junit.jupiter.engine.execution.InvocationInterceptorChain.invoke(InvocationInterceptorChain.java:37)
	at org.junit.jupiter.engine.execution.ExecutableInvoker.invoke(ExecutableInvoker.java:104)
	at org.junit.jupiter.engine.execution.ExecutableInvoker.invoke(ExecutableInvoker.java:98)
	at org.junit.jupiter.engine.descriptor.TestMethodTestDescriptor.lambda$invokeTestMethod$7(TestMethodTestDescriptor.java:214)
	at org.junit.platform.engine.support.hierarchical.ThrowableCollector.execute(ThrowableCollector.java:73)
	at org.junit.jupiter.engine.descriptor.TestMethodTestDescriptor.invokeTestMethod(TestMethodTestDescriptor.java:210)
	at org.junit.jupiter.engine.descriptor.TestMethodTestDescriptor.execute(TestMethodTestDescriptor.java:135)
	at org.junit.jupiter.engine.descriptor.TestMethodTestDescriptor.execute(TestMethodTestDescriptor.java:66)
	at org.junit.platform.engine.support.hierarchical.NodeTestTask.lambda$executeRecursively$6(NodeTestTask.java:151)
	at org.junit.platform.engine.support.hierarchical.ThrowableCollector.execute(ThrowableCollector.java:73)
	at org.junit.platform.engine.support.hierarchical.NodeTestTask.lambda$executeRecursively$8(NodeTestTask.java:141)
	at org.junit.platform.engine.support.hierarchical.Node.around(Node.java:137)
	at org.junit.platform.engine.support.hierarchical.NodeTestTask.lambda$executeRecursively$9(NodeTestTask.java:139)
	at org.junit.platform.engine.support.hierarchical.ThrowableCollector.execute(ThrowableCollector.java:73)
	at org.junit.platform.engine.support.hierarchical.NodeTestTask.executeRecursively(NodeTestTask.java:138)
	at org.junit.platform.engine.support.hierarchical.NodeTestTask.execute(NodeTestTask.java:95)
	at java.util.ArrayList.forEach(ArrayList.java:1259)
	at org.junit.platform.engine.support.hierarchical.SameThreadHierarchicalTestExecutorService.invokeAll(SameThreadHierarchicalTestExecutorService.java:41)
	at org.junit.platform.engine.support.hierarchical.NodeTestTask.lambda$executeRecursively$6(NodeTestTask.java:155)
	at org.junit.platform.engine.support.hierarchical.ThrowableCollector.execute(ThrowableCollector.java:73)
	at org.junit.platform.engine.support.hierarchical.NodeTestTask.lambda$executeRecursively$8(NodeTestTask.java:141)
	at org.junit.platform.engine.support.hierarchical.Node.around(Node.java:137)
	at org.junit.platform.engine.support.hierarchical.NodeTestTask.lambda$executeRecursively$9(NodeTestTask.java:139)
	at org.junit.platform.engine.support.hierarchical.ThrowableCollector.execute(ThrowableCollector.java:73)
	at org.junit.platform.engine.support.hierarchical.NodeTestTask.executeRecursively(NodeTestTask.java:138)
	at org.junit.platform.engine.support.hierarchical.NodeTestTask.execute(NodeTestTask.java:95)
	at java.util.ArrayList.forEach(ArrayList.java:1259)
	at org.junit.platform.engine.support.hierarchical.SameThreadHierarchicalTestExecutorService.invokeAll(SameThreadHierarchicalTestExecutorService.java:41)
	at org.junit.platform.engine.support.hierarchical.NodeTestTask.lambda$executeRecursively$6(NodeTestTask.java:155)
	at org.junit.platform.engine.support.hierarchical.ThrowableCollector.execute(ThrowableCollector.java:73)
	at org.junit.platform.engine.support.hierarchical.NodeTestTask.lambda$executeRecursively$8(NodeTestTask.java:141)
	at org.junit.platform.engine.support.hierarchical.Node.around(Node.java:137)
	at org.junit.platform.engine.support.hierarchical.NodeTestTask.lambda$executeRecursively$9(NodeTestTask.java:139)
	at org.junit.platform.engine.support.hierarchical.ThrowableCollector.execute(ThrowableCollector.java:73)
	at org.junit.platform.engine.support.hierarchical.NodeTestTask.executeRecursively(NodeTestTask.java:138)
	at org.junit.platform.engine.support.hierarchical.NodeTestTask.execute(NodeTestTask.java:95)
	at org.junit.platform.engine.support.hierarchical.SameThreadHierarchicalTestExecutorService.submit(SameThreadHierarchicalTestExecutorService.java:35)
	at org.junit.platform.engine.support.hierarchical.HierarchicalTestExecutor.execute(HierarchicalTestExecutor.java:57)
	at org.junit.platform.engine.support.hierarchical.HierarchicalTestEngine.execute(HierarchicalTestEngine.java:54)
	at org.junit.platform.launcher.core.EngineExecutionOrchestrator.execute(EngineExecutionOrchestrator.java:107)
	at org.junit.platform.launcher.core.EngineExecutionOrchestrator.execute(EngineExecutionOrchestrator.java:88)
	at org.junit.platform.launcher.core.EngineExecutionOrchestrator.lambda$execute$0(EngineExecutionOrchestrator.java:54)
	at org.junit.platform.launcher.core.EngineExecutionOrchestrator.withInterceptedStreams(EngineExecutionOrchestrator.java:67)
	at org.junit.platform.launcher.core.EngineExecutionOrchestrator.execute(EngineExecutionOrchestrator.java:52)
	at org.junit.platform.launcher.core.DefaultLauncher.execute(DefaultLauncher.java:114)
	at org.junit.platform.launcher.core.DefaultLauncher.execute(DefaultLauncher.java:86)
	at org.junit.platform.launcher.core.DefaultLauncherSession$DelegatingLauncher.execute(DefaultLauncherSession.java:86)
	at org.junit.platform.launcher.core.SessionPerRequestLauncher.execute(SessionPerRequestLauncher.java:53)
	at org.apache.maven.surefire.junitplatform.JUnitPlatformProvider.invokeAllTests(JUnitPlatformProvider.java:165)
	at org.apache.maven.surefire.junitplatform.JUnitPlatformProvider.invoke(JUnitPlatformProvider.java:124)
	at org.apache.maven.surefire.booter.ForkedBooter.runSuitesInProcess(ForkedBooter.java:428)
	at org.apache.maven.surefire.booter.ForkedBooter.execute(ForkedBooter.java:162)
	at org.apache.maven.surefire.booter.ForkedBooter.run(ForkedBooter.java:562)
	at org.apache.maven.surefire.booter.ForkedBooter.main(ForkedBooter.java:548)
]]></stackTrace>
    </rerunFailure>
    <rerunFailure type="java.lang.AssertionError">
      <stackTrace><![CDATA[java.lang.AssertionError
	at org.junit.Assert.fail(Assert.java:87)
	at org.junit.Assert.assertTrue(Assert.java:42)
	at org.junit.Assert.assertTrue(Assert.java:53)
	at org.apache.hadoop.hdds.scm.TestRatisPipelineLeader.testLeaderIdUsedOnFirstCall(TestRatisPipelineLeader.java:85)
	at sun.reflect.NativeMethodAccessorImpl.invoke0(Native Method)
	at sun.reflect.NativeMethodAccessorImpl.invoke(NativeMethodAccessorImpl.java:62)
	at sun.reflect.DelegatingMethodAccessorImpl.invoke(DelegatingMethodAccessorImpl.java:43)
	at java.lang.reflect.Method.invoke(Method.java:498)
	at org.junit.platform.commons.util.ReflectionUtils.invokeMethod(ReflectionUtils.java:725)
	at org.junit.jupiter.engine.execution.MethodInvocation.proceed(MethodInvocation.java:60)
	at org.junit.jupiter.engine.execution.InvocationInterceptorChain$ValidatingInvocation.proceed(InvocationInterceptorChain.java:131)
	at org.junit.jupiter.engine.extension.TimeoutInvocation.proceed(TimeoutInvocation.java:46)
	at org.junit.jupiter.engine.extension.TimeoutExtension.intercept(TimeoutExtension.java:149)
	at org.junit.jupiter.engine.extension.TimeoutExtension.interceptTestableMethod(TimeoutExtension.java:140)
	at org.junit.jupiter.engine.extension.TimeoutExtension.interceptTestMethod(TimeoutExtension.java:84)
	at org.junit.jupiter.engine.execution.ExecutableInvoker$ReflectiveInterceptorCall.lambda$ofVoidMethod$0(ExecutableInvoker.java:115)
	at org.junit.jupiter.engine.execution.ExecutableInvoker.lambda$invoke$0(ExecutableInvoker.java:105)
	at org.junit.jupiter.engine.execution.InvocationInterceptorChain$InterceptedInvocation.proceed(InvocationInterceptorChain.java:106)
	at org.junit.jupiter.engine.execution.InvocationInterceptorChain.proceed(InvocationInterceptorChain.java:64)
	at org.junit.jupiter.engine.execution.InvocationInterceptorChain.chainAndInvoke(InvocationInterceptorChain.java:45)
	at org.junit.jupiter.engine.execution.InvocationInterceptorChain.invoke(InvocationInterceptorChain.java:37)
	at org.junit.jupiter.engine.execution.ExecutableInvoker.invoke(ExecutableInvoker.java:104)
	at org.junit.jupiter.engine.execution.ExecutableInvoker.invoke(ExecutableInvoker.java:98)
	at org.junit.jupiter.engine.descriptor.TestMethodTestDescriptor.lambda$invokeTestMethod$7(TestMethodTestDescriptor.java:214)
	at org.junit.platform.engine.support.hierarchical.ThrowableCollector.execute(ThrowableCollector.java:73)
	at org.junit.jupiter.engine.descriptor.TestMethodTestDescriptor.invokeTestMethod(TestMethodTestDescriptor.java:210)
	at org.junit.jupiter.engine.descriptor.TestMethodTestDescriptor.execute(TestMethodTestDescriptor.java:135)
	at org.junit.jupiter.engine.descriptor.TestMethodTestDescriptor.execute(TestMethodTestDescriptor.java:66)
	at org.junit.platform.engine.support.hierarchical.NodeTestTask.lambda$executeRecursively$6(NodeTestTask.java:151)
	at org.junit.platform.engine.support.hierarchical.ThrowableCollector.execute(ThrowableCollector.java:73)
	at org.junit.platform.engine.support.hierarchical.NodeTestTask.lambda$executeRecursively$8(NodeTestTask.java:141)
	at org.junit.platform.engine.support.hierarchical.Node.around(Node.java:137)
	at org.junit.platform.engine.support.hierarchical.NodeTestTask.lambda$executeRecursively$9(NodeTestTask.java:139)
	at org.junit.platform.engine.support.hierarchical.ThrowableCollector.execute(ThrowableCollector.java:73)
	at org.junit.platform.engine.support.hierarchical.NodeTestTask.executeRecursively(NodeTestTask.java:138)
	at org.junit.platform.engine.support.hierarchical.NodeTestTask.execute(NodeTestTask.java:95)
	at java.util.ArrayList.forEach(ArrayList.java:1259)
	at org.junit.platform.engine.support.hierarchical.SameThreadHierarchicalTestExecutorService.invokeAll(SameThreadHierarchicalTestExecutorService.java:41)
	at org.junit.platform.engine.support.hierarchical.NodeTestTask.lambda$executeRecursively$6(NodeTestTask.java:155)
	at org.junit.platform.engine.support.hierarchical.ThrowableCollector.execute(ThrowableCollector.java:73)
	at org.junit.platform.engine.support.hierarchical.NodeTestTask.lambda$executeRecursively$8(NodeTestTask.java:141)
	at org.junit.platform.engine.support.hierarchical.Node.around(Node.java:137)
	at org.junit.platform.engine.support.hierarchical.NodeTestTask.lambda$executeRecursively$9(NodeTestTask.java:139)
	at org.junit.platform.engine.support.hierarchical.ThrowableCollector.execute(ThrowableCollector.java:73)
	at org.junit.platform.engine.support.hierarchical.NodeTestTask.executeRecursively(NodeTestTask.java:138)
	at org.junit.platform.engine.support.hierarchical.NodeTestTask.execute(NodeTestTask.java:95)
	at java.util.ArrayList.forEach(ArrayList.java:1259)
	at org.junit.platform.engine.support.hierarchical.SameThreadHierarchicalTestExecutorService.invokeAll(SameThreadHierarchicalTestExecutorService.java:41)
	at org.junit.platform.engine.support.hierarchical.NodeTestTask.lambda$executeRecursively$6(NodeTestTask.java:155)
	at org.junit.platform.engine.support.hierarchical.ThrowableCollector.execute(ThrowableCollector.java:73)
	at org.junit.platform.engine.support.hierarchical.NodeTestTask.lambda$executeRecursively$8(NodeTestTask.java:141)
	at org.junit.platform.engine.support.hierarchical.Node.around(Node.java:137)
	at org.junit.platform.engine.support.hierarchical.NodeTestTask.lambda$executeRecursively$9(NodeTestTask.java:139)
	at org.junit.platform.engine.support.hierarchical.ThrowableCollector.execute(ThrowableCollector.java:73)
	at org.junit.platform.engine.support.hierarchical.NodeTestTask.executeRecursively(NodeTestTask.java:138)
	at org.junit.platform.engine.support.hierarchical.NodeTestTask.execute(NodeTestTask.java:95)
	at org.junit.platform.engine.support.hierarchical.SameThreadHierarchicalTestExecutorService.submit(SameThreadHierarchicalTestExecutorService.java:35)
	at org.junit.platform.engine.support.hierarchical.HierarchicalTestExecutor.execute(HierarchicalTestExecutor.java:57)
	at org.junit.platform.engine.support.hierarchical.HierarchicalTestEngine.execute(HierarchicalTestEngine.java:54)
	at org.junit.platform.launcher.core.EngineExecutionOrchestrator.execute(EngineExecutionOrchestrator.java:107)
	at org.junit.platform.launcher.core.EngineExecutionOrchestrator.execute(EngineExecutionOrchestrator.java:88)
	at org.junit.platform.launcher.core.EngineExecutionOrchestrator.lambda$execute$0(EngineExecutionOrchestrator.java:54)
	at org.junit.platform.launcher.core.EngineExecutionOrchestrator.withInterceptedStreams(EngineExecutionOrchestrator.java:67)
	at org.junit.platform.launcher.core.EngineExecutionOrchestrator.execute(EngineExecutionOrchestrator.java:52)
	at org.junit.platform.launcher.core.DefaultLauncher.execute(DefaultLauncher.java:114)
	at org.junit.platform.launcher.core.DefaultLauncher.execute(DefaultLauncher.java:86)
	at org.junit.platform.launcher.core.DefaultLauncherSession$DelegatingLauncher.execute(DefaultLauncherSession.java:86)
	at org.junit.platform.launcher.core.SessionPerRequestLauncher.execute(SessionPerRequestLauncher.java:53)
	at org.apache.maven.surefire.junitplatform.JUnitPlatformProvider.invokeAllTests(JUnitPlatformProvider.java:165)
	at org.apache.maven.surefire.junitplatform.JUnitPlatformProvider.invoke(JUnitPlatformProvider.java:124)
	at org.apache.maven.surefire.booter.ForkedBooter.runSuitesInProcess(ForkedBooter.java:428)
	at org.apache.maven.surefire.booter.ForkedBooter.execute(ForkedBooter.java:162)
	at org.apache.maven.surefire.booter.ForkedBooter.run(ForkedBooter.java:562)
	at org.apache.maven.surefire.booter.ForkedBooter.main(ForkedBooter.java:548)
]]></stackTrace>
    </rerunFailure>
    <rerunFailure type="java.lang.AssertionError">
      <stackTrace><![CDATA[java.lang.AssertionError
	at org.junit.Assert.fail(Assert.java:87)
	at org.junit.Assert.assertTrue(Assert.java:42)
	at org.junit.Assert.assertTrue(Assert.java:53)
	at org.apache.hadoop.hdds.scm.TestRatisPipelineLeader.testLeaderIdUsedOnFirstCall(TestRatisPipelineLeader.java:85)
	at sun.reflect.NativeMethodAccessorImpl.invoke0(Native Method)
	at sun.reflect.NativeMethodAccessorImpl.invoke(NativeMethodAccessorImpl.java:62)
	at sun.reflect.DelegatingMethodAccessorImpl.invoke(DelegatingMethodAccessorImpl.java:43)
	at java.lang.reflect.Method.invoke(Method.java:498)
	at org.junit.platform.commons.util.ReflectionUtils.invokeMethod(ReflectionUtils.java:725)
	at org.junit.jupiter.engine.execution.MethodInvocation.proceed(MethodInvocation.java:60)
	at org.junit.jupiter.engine.execution.InvocationInterceptorChain$ValidatingInvocation.proceed(InvocationInterceptorChain.java:131)
	at org.junit.jupiter.engine.extension.TimeoutInvocation.proceed(TimeoutInvocation.java:46)
	at org.junit.jupiter.engine.extension.TimeoutExtension.intercept(TimeoutExtension.java:149)
	at org.junit.jupiter.engine.extension.TimeoutExtension.interceptTestableMethod(TimeoutExtension.java:140)
	at org.junit.jupiter.engine.extension.TimeoutExtension.interceptTestMethod(TimeoutExtension.java:84)
	at org.junit.jupiter.engine.execution.ExecutableInvoker$ReflectiveInterceptorCall.lambda$ofVoidMethod$0(ExecutableInvoker.java:115)
	at org.junit.jupiter.engine.execution.ExecutableInvoker.lambda$invoke$0(ExecutableInvoker.java:105)
	at org.junit.jupiter.engine.execution.InvocationInterceptorChain$InterceptedInvocation.proceed(InvocationInterceptorChain.java:106)
	at org.junit.jupiter.engine.execution.InvocationInterceptorChain.proceed(InvocationInterceptorChain.java:64)
	at org.junit.jupiter.engine.execution.InvocationInterceptorChain.chainAndInvoke(InvocationInterceptorChain.java:45)
	at org.junit.jupiter.engine.execution.InvocationInterceptorChain.invoke(InvocationInterceptorChain.java:37)
	at org.junit.jupiter.engine.execution.ExecutableInvoker.invoke(ExecutableInvoker.java:104)
	at org.junit.jupiter.engine.execution.ExecutableInvoker.invoke(ExecutableInvoker.java:98)
	at org.junit.jupiter.engine.descriptor.TestMethodTestDescriptor.lambda$invokeTestMethod$7(TestMethodTestDescriptor.java:214)
	at org.junit.platform.engine.support.hierarchical.ThrowableCollector.execute(ThrowableCollector.java:73)
	at org.junit.jupiter.engine.descriptor.TestMethodTestDescriptor.invokeTestMethod(TestMethodTestDescriptor.java:210)
	at org.junit.jupiter.engine.descriptor.TestMethodTestDescriptor.execute(TestMethodTestDescriptor.java:135)
	at org.junit.jupiter.engine.descriptor.TestMethodTestDescriptor.execute(TestMethodTestDescriptor.java:66)
	at org.junit.platform.engine.support.hierarchical.NodeTestTask.lambda$executeRecursively$6(NodeTestTask.java:151)
	at org.junit.platform.engine.support.hierarchical.ThrowableCollector.execute(ThrowableCollector.java:73)
	at org.junit.platform.engine.support.hierarchical.NodeTestTask.lambda$executeRecursively$8(NodeTestTask.java:141)
	at org.junit.platform.engine.support.hierarchical.Node.around(Node.java:137)
	at org.junit.platform.engine.support.hierarchical.NodeTestTask.lambda$executeRecursively$9(NodeTestTask.java:139)
	at org.junit.platform.engine.support.hierarchical.ThrowableCollector.execute(ThrowableCollector.java:73)
	at org.junit.platform.engine.support.hierarchical.NodeTestTask.executeRecursively(NodeTestTask.java:138)
	at org.junit.platform.engine.support.hierarchical.NodeTestTask.execute(NodeTestTask.java:95)
	at java.util.ArrayList.forEach(ArrayList.java:1259)
	at org.junit.platform.engine.support.hierarchical.SameThreadHierarchicalTestExecutorService.invokeAll(SameThreadHierarchicalTestExecutorService.java:41)
	at org.junit.platform.engine.support.hierarchical.NodeTestTask.lambda$executeRecursively$6(NodeTestTask.java:155)
	at org.junit.platform.engine.support.hierarchical.ThrowableCollector.execute(ThrowableCollector.java:73)
	at org.junit.platform.engine.support.hierarchical.NodeTestTask.lambda$executeRecursively$8(NodeTestTask.java:141)
	at org.junit.platform.engine.support.hierarchical.Node.around(Node.java:137)
	at org.junit.platform.engine.support.hierarchical.NodeTestTask.lambda$executeRecursively$9(NodeTestTask.java:139)
	at org.junit.platform.engine.support.hierarchical.ThrowableCollector.execute(ThrowableCollector.java:73)
	at org.junit.platform.engine.support.hierarchical.NodeTestTask.executeRecursively(NodeTestTask.java:138)
	at org.junit.platform.engine.support.hierarchical.NodeTestTask.execute(NodeTestTask.java:95)
	at java.util.ArrayList.forEach(ArrayList.java:1259)
	at org.junit.platform.engine.support.hierarchical.SameThreadHierarchicalTestExecutorService.invokeAll(SameThreadHierarchicalTestExecutorService.java:41)
	at org.junit.platform.engine.support.hierarchical.NodeTestTask.lambda$executeRecursively$6(NodeTestTask.java:155)
	at org.junit.platform.engine.support.hierarchical.ThrowableCollector.execute(ThrowableCollector.java:73)
	at org.junit.platform.engine.support.hierarchical.NodeTestTask.lambda$executeRecursively$8(NodeTestTask.java:141)
	at org.junit.platform.engine.support.hierarchical.Node.around(Node.java:137)
	at org.junit.platform.engine.support.hierarchical.NodeTestTask.lambda$executeRecursively$9(NodeTestTask.java:139)
	at org.junit.platform.engine.support.hierarchical.ThrowableCollector.execute(ThrowableCollector.java:73)
	at org.junit.platform.engine.support.hierarchical.NodeTestTask.executeRecursively(NodeTestTask.java:138)
	at org.junit.platform.engine.support.hierarchical.NodeTestTask.execute(NodeTestTask.java:95)
	at org.junit.platform.engine.support.hierarchical.SameThreadHierarchicalTestExecutorService.submit(SameThreadHierarchicalTestExecutorService.java:35)
	at org.junit.platform.engine.support.hierarchical.HierarchicalTestExecutor.execute(HierarchicalTestExecutor.java:57)
	at org.junit.platform.engine.support.hierarchical.HierarchicalTestEngine.execute(HierarchicalTestEngine.java:54)
	at org.junit.platform.launcher.core.EngineExecutionOrchestrator.execute(EngineExecutionOrchestrator.java:107)
	at org.junit.platform.launcher.core.EngineExecutionOrchestrator.execute(EngineExecutionOrchestrator.java:88)
	at org.junit.platform.launcher.core.EngineExecutionOrchestrator.lambda$execute$0(EngineExecutionOrchestrator.java:54)
	at org.junit.platform.launcher.core.EngineExecutionOrchestrator.withInterceptedStreams(EngineExecutionOrchestrator.java:67)
	at org.junit.platform.launcher.core.EngineExecutionOrchestrator.execute(EngineExecutionOrchestrator.java:52)
	at org.junit.platform.launcher.core.DefaultLauncher.execute(DefaultLauncher.java:114)
	at org.junit.platform.launcher.core.DefaultLauncher.execute(DefaultLauncher.java:86)
	at org.junit.platform.launcher.core.DefaultLauncherSession$DelegatingLauncher.execute(DefaultLauncherSession.java:86)
	at org.junit.platform.launcher.core.SessionPerRequestLauncher.execute(SessionPerRequestLauncher.java:53)
	at org.apache.maven.surefire.junitplatform.JUnitPlatformProvider.invokeAllTests(JUnitPlatformProvider.java:165)
	at org.apache.maven.surefire.junitplatform.JUnitPlatformProvider.invoke(JUnitPlatformProvider.java:124)
	at org.apache.maven.surefire.booter.ForkedBooter.runSuitesInProcess(ForkedBooter.java:428)
	at org.apache.maven.surefire.booter.ForkedBooter.execute(ForkedBooter.java:162)
	at org.apache.maven.surefire.booter.ForkedBooter.run(ForkedBooter.java:562)
	at org.apache.maven.surefire.booter.ForkedBooter.main(ForkedBooter.java:548)
]]></stackTrace>
    </rerunFailure>
    <rerunFailure type="java.lang.AssertionError">
      <stackTrace><![CDATA[java.lang.AssertionError
	at org.junit.Assert.fail(Assert.java:87)
	at org.junit.Assert.assertTrue(Assert.java:42)
	at org.junit.Assert.assertTrue(Assert.java:53)
	at org.apache.hadoop.hdds.scm.TestRatisPipelineLeader.testLeaderIdUsedOnFirstCall(TestRatisPipelineLeader.java:85)
	at sun.reflect.NativeMethodAccessorImpl.invoke0(Native Method)
	at sun.reflect.NativeMethodAccessorImpl.invoke(NativeMethodAccessorImpl.java:62)
	at sun.reflect.DelegatingMethodAccessorImpl.invoke(DelegatingMethodAccessorImpl.java:43)
	at java.lang.reflect.Method.invoke(Method.java:498)
	at org.junit.platform.commons.util.ReflectionUtils.invokeMethod(ReflectionUtils.java:725)
	at org.junit.jupiter.engine.execution.MethodInvocation.proceed(MethodInvocation.java:60)
	at org.junit.jupiter.engine.execution.InvocationInterceptorChain$ValidatingInvocation.proceed(InvocationInterceptorChain.java:131)
	at org.junit.jupiter.engine.extension.TimeoutInvocation.proceed(TimeoutInvocation.java:46)
	at org.junit.jupiter.engine.extension.TimeoutExtension.intercept(TimeoutExtension.java:149)
	at org.junit.jupiter.engine.extension.TimeoutExtension.interceptTestableMethod(TimeoutExtension.java:140)
	at org.junit.jupiter.engine.extension.TimeoutExtension.interceptTestMethod(TimeoutExtension.java:84)
	at org.junit.jupiter.engine.execution.ExecutableInvoker$ReflectiveInterceptorCall.lambda$ofVoidMethod$0(ExecutableInvoker.java:115)
	at org.junit.jupiter.engine.execution.ExecutableInvoker.lambda$invoke$0(ExecutableInvoker.java:105)
	at org.junit.jupiter.engine.execution.InvocationInterceptorChain$InterceptedInvocation.proceed(InvocationInterceptorChain.java:106)
	at org.junit.jupiter.engine.execution.InvocationInterceptorChain.proceed(InvocationInterceptorChain.java:64)
	at org.junit.jupiter.engine.execution.InvocationInterceptorChain.chainAndInvoke(InvocationInterceptorChain.java:45)
	at org.junit.jupiter.engine.execution.InvocationInterceptorChain.invoke(InvocationInterceptorChain.java:37)
	at org.junit.jupiter.engine.execution.ExecutableInvoker.invoke(ExecutableInvoker.java:104)
	at org.junit.jupiter.engine.execution.ExecutableInvoker.invoke(ExecutableInvoker.java:98)
	at org.junit.jupiter.engine.descriptor.TestMethodTestDescriptor.lambda$invokeTestMethod$7(TestMethodTestDescriptor.java:214)
	at org.junit.platform.engine.support.hierarchical.ThrowableCollector.execute(ThrowableCollector.java:73)
	at org.junit.jupiter.engine.descriptor.TestMethodTestDescriptor.invokeTestMethod(TestMethodTestDescriptor.java:210)
	at org.junit.jupiter.engine.descriptor.TestMethodTestDescriptor.execute(TestMethodTestDescriptor.java:135)
	at org.junit.jupiter.engine.descriptor.TestMethodTestDescriptor.execute(TestMethodTestDescriptor.java:66)
	at org.junit.platform.engine.support.hierarchical.NodeTestTask.lambda$executeRecursively$6(NodeTestTask.java:151)
	at org.junit.platform.engine.support.hierarchical.ThrowableCollector.execute(ThrowableCollector.java:73)
	at org.junit.platform.engine.support.hierarchical.NodeTestTask.lambda$executeRecursively$8(NodeTestTask.java:141)
	at org.junit.platform.engine.support.hierarchical.Node.around(Node.java:137)
	at org.junit.platform.engine.support.hierarchical.NodeTestTask.lambda$executeRecursively$9(NodeTestTask.java:139)
	at org.junit.platform.engine.support.hierarchical.ThrowableCollector.execute(ThrowableCollector.java:73)
	at org.junit.platform.engine.support.hierarchical.NodeTestTask.executeRecursively(NodeTestTask.java:138)
	at org.junit.platform.engine.support.hierarchical.NodeTestTask.execute(NodeTestTask.java:95)
	at java.util.ArrayList.forEach(ArrayList.java:1259)
	at org.junit.platform.engine.support.hierarchical.SameThreadHierarchicalTestExecutorService.invokeAll(SameThreadHierarchicalTestExecutorService.java:41)
	at org.junit.platform.engine.support.hierarchical.NodeTestTask.lambda$executeRecursively$6(NodeTestTask.java:155)
	at org.junit.platform.engine.support.hierarchical.ThrowableCollector.execute(ThrowableCollector.java:73)
	at org.junit.platform.engine.support.hierarchical.NodeTestTask.lambda$executeRecursively$8(NodeTestTask.java:141)
	at org.junit.platform.engine.support.hierarchical.Node.around(Node.java:137)
	at org.junit.platform.engine.support.hierarchical.NodeTestTask.lambda$executeRecursively$9(NodeTestTask.java:139)
	at org.junit.platform.engine.support.hierarchical.ThrowableCollector.execute(ThrowableCollector.java:73)
	at org.junit.platform.engine.support.hierarchical.NodeTestTask.executeRecursively(NodeTestTask.java:138)
	at org.junit.platform.engine.support.hierarchical.NodeTestTask.execute(NodeTestTask.java:95)
	at java.util.ArrayList.forEach(ArrayList.java:1259)
	at org.junit.platform.engine.support.hierarchical.SameThreadHierarchicalTestExecutorService.invokeAll(SameThreadHierarchicalTestExecutorService.java:41)
	at org.junit.platform.engine.support.hierarchical.NodeTestTask.lambda$executeRecursively$6(NodeTestTask.java:155)
	at org.junit.platform.engine.support.hierarchical.ThrowableCollector.execute(ThrowableCollector.java:73)
	at org.junit.platform.engine.support.hierarchical.NodeTestTask.lambda$executeRecursively$8(NodeTestTask.java:141)
	at org.junit.platform.engine.support.hierarchical.Node.around(Node.java:137)
	at org.junit.platform.engine.support.hierarchical.NodeTestTask.lambda$executeRecursively$9(NodeTestTask.java:139)
	at org.junit.platform.engine.support.hierarchical.ThrowableCollector.execute(ThrowableCollector.java:73)
	at org.junit.platform.engine.support.hierarchical.NodeTestTask.executeRecursively(NodeTestTask.java:138)
	at org.junit.platform.engine.support.hierarchical.NodeTestTask.execute(NodeTestTask.java:95)
	at org.junit.platform.engine.support.hierarchical.SameThreadHierarchicalTestExecutorService.submit(SameThreadHierarchicalTestExecutorService.java:35)
	at org.junit.platform.engine.support.hierarchical.HierarchicalTestExecutor.execute(HierarchicalTestExecutor.java:57)
	at org.junit.platform.engine.support.hierarchical.HierarchicalTestEngine.execute(HierarchicalTestEngine.java:54)
	at org.junit.platform.launcher.core.EngineExecutionOrchestrator.execute(EngineExecutionOrchestrator.java:107)
	at org.junit.platform.launcher.core.EngineExecutionOrchestrator.execute(EngineExecutionOrchestrator.java:88)
	at org.junit.platform.launcher.core.EngineExecutionOrchestrator.lambda$execute$0(EngineExecutionOrchestrator.java:54)
	at org.junit.platform.launcher.core.EngineExecutionOrchestrator.withInterceptedStreams(EngineExecutionOrchestrator.java:67)
	at org.junit.platform.launcher.core.EngineExecutionOrchestrator.execute(EngineExecutionOrchestrator.java:52)
	at org.junit.platform.launcher.core.DefaultLauncher.execute(DefaultLauncher.java:114)
	at org.junit.platform.launcher.core.DefaultLauncher.execute(DefaultLauncher.java:86)
	at org.junit.platform.launcher.core.DefaultLauncherSession$DelegatingLauncher.execute(DefaultLauncherSession.java:86)
	at org.junit.platform.launcher.core.SessionPerRequestLauncher.execute(SessionPerRequestLauncher.java:53)
	at org.apache.maven.surefire.junitplatform.JUnitPlatformProvider.invokeAllTests(JUnitPlatformProvider.java:165)
	at org.apache.maven.surefire.junitplatform.JUnitPlatformProvider.invoke(JUnitPlatformProvider.java:124)
	at org.apache.maven.surefire.booter.ForkedBooter.runSuitesInProcess(ForkedBooter.java:428)
	at org.apache.maven.surefire.booter.ForkedBooter.execute(ForkedBooter.java:162)
	at org.apache.maven.surefire.booter.ForkedBooter.run(ForkedBooter.java:562)
	at org.apache.maven.surefire.booter.ForkedBooter.main(ForkedBooter.java:548)
]]></stackTrace>
    </rerunFailure>
  </testcase>
</testsuite>