<?xml version="1.0" encoding="UTF-8"?>
<testsuite xmlns:xsi="http://www.w3.org/2001/XMLSchema-instance" xsi:noNamespaceSchemaLocation="https://maven.apache.org/surefire/maven-surefire-plugin/xsd/surefire-test-report.xsd" name="org.apache.hadoop.ozone.TestMiniOzoneCluster" time="238.316" tests="5" errors="1" skipped="0" failures="0">
  <properties>
    <property name="awt.toolkit" value="sun.awt.X11.XToolkit"/>
    <property name="file.encoding.pkg" value="sun.io"/>
    <property name="java.specification.version" value="1.8"/>
    <property name="sun.cpu.isalist" value=""/>
    <property name="sun.jnu.encoding" value="UTF-8"/>
    <property name="java.class.path" value="/home/runner/work/ozone/ozone/hadoop-ozone/integration-test/target/test-classes:/home/runner/work/ozone/ozone/hadoop-ozone/integration-test/target/classes:/home/runner/.m2/repository/org/apache/ozone/ozone-common/1.3.0-SNAPSHOT/ozone-common-1.3.0-SNAPSHOT.jar:/home/runner/.m2/repository/org/apache/commons/commons-compress/1.21/commons-compress-1.21.jar:/home/runner/.m2/repository/org/apache/ozone/hdds-common/1.3.0-SNAPSHOT/hdds-common-1.3.0-SNAPSHOT.jar:/home/runner/.m2/repository/org/apache/ozone/hdds-client/1.3.0-SNAPSHOT/hdds-client-1.3.0-SNAPSHOT.jar:/home/runner/.m2/repository/org/apache/ozone/ozone-interface-client/1.3.0-SNAPSHOT/ozone-interface-client-1.3.0-SNAPSHOT.jar:/home/runner/.m2/repository/org/apache/ozone/hdds-test-utils/1.3.0-SNAPSHOT/hdds-test-utils-1.3.0-SNAPSHOT.jar:/home/runner/.m2/repository/com/google/guava/guava/30.1.1-jre/guava-30.1.1-jre.jar:/home/runner/.m2/repository/com/google/guava/failureaccess/1.0.1/failureaccess-1.0.1.jar:/home/runner/.m2/repository/com/google/guava/listenablefuture/9999.0-empty-to-avoid-conflict-with-guava/listenablefuture-9999.0-empty-to-avoid-conflict-with-guava.jar:/home/runner/.m2/repository/com/google/code/findbugs/jsr305/3.0.0/jsr305-3.0.0.jar:/home/runner/.m2/repository/org/checkerframework/checker-qual/3.8.0/checker-qual-3.8.0.jar:/home/runner/.m2/repository/com/google/errorprone/error_prone_annotations/2.2.0/error_prone_annotations-2.2.0.jar:/home/runner/.m2/repository/com/google/j2objc/j2objc-annotations/1.3/j2objc-annotations-1.3.jar:/home/runner/.m2/repository/commons-io/commons-io/2.11.0/commons-io-2.11.0.jar:/home/runner/.m2/repository/commons-logging/commons-logging/1.2/commons-logging-1.2.jar:/home/runner/.m2/repository/log4j/log4j/1.2.17/log4j-1.2.17.jar:/home/runner/.m2/repository/org/slf4j/slf4j-api/1.7.30/slf4j-api-1.7.30.jar:/home/runner/.m2/repository/org/apache/ozone/hdds-server-scm/1.3.0-SNAPSHOT/hdds-server-scm-1.3.0-SNAPSHOT.jar:/home/runner/.m2/repository/org/apache/ozone/hdds-container-service/1.3.0-SNAPSHOT/hdds-container-service-1.3.0-SNAPSHOT.jar:/home/runner/.m2/repository/org/apache/ozone/hdds-hadoop-dependency-server/1.3.0-SNAPSHOT/hdds-hadoop-dependency-server-1.3.0-SNAPSHOT.jar:/home/runner/.m2/repository/org/apache/hadoop/hadoop-hdfs/3.3.1/hadoop-hdfs-3.3.1.jar:/home/runner/.m2/repository/org/apache/ozone/hdds-server-framework/1.3.0-SNAPSHOT/hdds-server-framework-1.3.0-SNAPSHOT.jar:/home/runner/.m2/repository/org/apache/ozone/hdds-interface-server/1.3.0-SNAPSHOT/hdds-interface-server-1.3.0-SNAPSHOT.jar:/home/runner/.m2/repository/org/eclipse/jetty/jetty-servlet/9.4.43.v20210629/jetty-servlet-9.4.43.v20210629.jar:/home/runner/.m2/repository/org/eclipse/jetty/jetty-security/9.4.43.v20210629/jetty-security-9.4.43.v20210629.jar:/home/runner/.m2/repository/org/rocksdb/rocksdbjni/6.25.3/rocksdbjni-6.25.3.jar:/home/runner/.m2/repository/io/prometheus/simpleclient_dropwizard/0.7.0/simpleclient_dropwizard-0.7.0.jar:/home/runner/.m2/repository/io/prometheus/simpleclient/0.7.0/simpleclient-0.7.0.jar:/home/runner/.m2/repository/io/prometheus/simpleclient_common/0.7.0/simpleclient_common-0.7.0.jar:/home/runner/.m2/repository/com/fasterxml/jackson/datatype/jackson-datatype-jsr310/2.12.1/jackson-datatype-jsr310-2.12.1.jar:/home/runner/.m2/repository/io/dropwizard/metrics/metrics-core/3.2.4/metrics-core-3.2.4.jar:/home/runner/.m2/repository/org/apache/hadoop/hadoop-hdfs-client/3.3.1/hadoop-hdfs-client-3.3.1.jar:/home/runner/.m2/repository/org/bouncycastle/bcprov-jdk15on/1.67/bcprov-jdk15on-1.67.jar:/home/runner/.m2/repository/com/google/protobuf/protobuf-java/2.5.0/protobuf-java-2.5.0.jar:/home/runner/.m2/repository/org/apache/ozone/ozone-manager/1.3.0-SNAPSHOT/ozone-manager-1.3.0-SNAPSHOT.jar:/home/runner/.m2/repository/org/aspectj/aspectjrt/1.9.7/aspectjrt-1.9.7.jar:/home/runner/.m2/repository/org/aspectj/aspectjweaver/1.9.7/aspectjweaver-1.9.7.jar:/home/runner/.m2/repository/org/apache/ozone/hdds-interface-client/1.3.0-SNAPSHOT/hdds-interface-client-1.3.0-SNAPSHOT.jar:/home/runner/.m2/repository/org/apache/hadoop/thirdparty/hadoop-shaded-protobuf_3_7/1.1.1/hadoop-shaded-protobuf_3_7-1.1.1.jar:/home/runner/.m2/repository/org/apache/ozone/ozone-interface-storage/1.3.0-SNAPSHOT/ozone-interface-storage-1.3.0-SNAPSHOT.jar:/home/runner/.m2/repository/org/reflections/reflections/0.9.11/reflections-0.9.11.jar:/home/runner/.m2/repository/org/apache/hadoop/hadoop-minikdc/3.3.1/hadoop-minikdc-3.3.1.jar:/home/runner/.m2/repository/org/apache/kerby/kerb-simplekdc/1.0.1/kerb-simplekdc-1.0.1.jar:/home/runner/.m2/repository/org/apache/kerby/kerb-client/1.0.1/kerb-client-1.0.1.jar:/home/runner/.m2/repository/org/apache/kerby/kerby-config/1.0.1/kerby-config-1.0.1.jar:/home/runner/.m2/repository/org/apache/kerby/kerb-common/1.0.1/kerb-common-1.0.1.jar:/home/runner/.m2/repository/org/apache/kerby/kerb-crypto/1.0.1/kerb-crypto-1.0.1.jar:/home/runner/.m2/repository/org/apache/kerby/kerb-util/1.0.1/kerb-util-1.0.1.jar:/home/runner/.m2/repository/org/apache/kerby/token-provider/1.0.1/token-provider-1.0.1.jar:/home/runner/.m2/repository/org/apache/kerby/kerb-admin/1.0.1/kerb-admin-1.0.1.jar:/home/runner/.m2/repository/org/apache/kerby/kerb-server/1.0.1/kerb-server-1.0.1.jar:/home/runner/.m2/repository/org/apache/kerby/kerb-identity/1.0.1/kerb-identity-1.0.1.jar:/home/runner/.m2/repository/org/apache/kerby/kerby-xdr/1.0.1/kerby-xdr-1.0.1.jar:/home/runner/.m2/repository/org/slf4j/slf4j-log4j12/1.7.30/slf4j-log4j12-1.7.30.jar:/home/runner/.m2/repository/org/apache/ozone/ozone-s3gateway/1.3.0-SNAPSHOT/ozone-s3gateway-1.3.0-SNAPSHOT.jar:/home/runner/.m2/repository/org/javassist/javassist/3.21.0-GA/javassist-3.21.0-GA.jar:/home/runner/.m2/repository/org/jboss/weld/servlet/weld-servlet/2.4.7.Final/weld-servlet-2.4.7.Final.jar:/home/runner/.m2/repository/org/glassfish/jersey/containers/jersey-container-servlet-core/2.33/jersey-container-servlet-core-2.33.jar:/home/runner/.m2/repository/org/glassfish/hk2/external/jakarta.inject/2.6.1/jakarta.inject-2.6.1.jar:/home/runner/.m2/repository/org/glassfish/jersey/core/jersey-common/2.33/jersey-common-2.33.jar:/home/runner/.m2/repository/jakarta/ws/rs/jakarta.ws.rs-api/2.1.6/jakarta.ws.rs-api-2.1.6.jar:/home/runner/.m2/repository/org/glassfish/jersey/ext/cdi/jersey-cdi1x/2.33/jersey-cdi1x-2.33.jar:/home/runner/.m2/repository/org/glassfish/jersey/inject/jersey-hk2/2.33/jersey-hk2-2.33.jar:/home/runner/.m2/repository/org/glassfish/hk2/hk2-locator/2.6.1/hk2-locator-2.6.1.jar:/home/runner/.m2/repository/org/glassfish/jersey/media/jersey-media-jaxb/2.33/jersey-media-jaxb-2.33.jar:/home/runner/.m2/repository/org/glassfish/hk2/osgi-resource-locator/1.0.3/osgi-resource-locator-1.0.3.jar:/home/runner/.m2/repository/org/glassfish/hk2/hk2-api/2.5.0/hk2-api-2.5.0.jar:/home/runner/.m2/repository/org/glassfish/hk2/hk2-utils/2.5.0/hk2-utils-2.5.0.jar:/home/runner/.m2/repository/org/glassfish/hk2/external/aopalliance-repackaged/2.5.0/aopalliance-repackaged-2.5.0.jar:/home/runner/.m2/repository/com/fasterxml/jackson/dataformat/jackson-dataformat-xml/2.12.1/jackson-dataformat-xml-2.12.1.jar:/home/runner/.m2/repository/com/fasterxml/jackson/core/jackson-core/2.12.1/jackson-core-2.12.1.jar:/home/runner/.m2/repository/com/fasterxml/jackson/module/jackson-module-jaxb-annotations/2.12.1/jackson-module-jaxb-annotations-2.12.1.jar:/home/runner/.m2/repository/jakarta/xml/bind/jakarta.xml.bind-api/2.3.2/jakarta.xml.bind-api-2.3.2.jar:/home/runner/.m2/repository/org/codehaus/woodstox/stax2-api/3.1.4/stax2-api-3.1.4.jar:/home/runner/.m2/repository/com/fasterxml/woodstox/woodstox-core/5.0.3/woodstox-core-5.0.3.jar:/home/runner/.m2/repository/javax/enterprise/cdi-api/1.2/cdi-api-1.2.jar:/home/runner/.m2/repository/javax/el/javax.el-api/3.0.0/javax.el-api-3.0.0.jar:/home/runner/.m2/repository/javax/interceptor/javax.interceptor-api/1.2/javax.interceptor-api-1.2.jar:/home/runner/.m2/repository/javax/inject/javax.inject/1/javax.inject-1.jar:/home/runner/.m2/repository/javax/xml/bind/jaxb-api/2.3.0/jaxb-api-2.3.0.jar:/home/runner/.m2/repository/org/glassfish/jaxb/jaxb-runtime/2.3.0.1/jaxb-runtime-2.3.0.1.jar:/home/runner/.m2/repository/org/glassfish/jaxb/jaxb-core/2.3.0.1/jaxb-core-2.3.0.1.jar:/home/runner/.m2/repository/org/glassfish/jaxb/txw2/2.3.0.1/txw2-2.3.0.1.jar:/home/runner/.m2/repository/com/sun/istack/istack-commons-runtime/3.0.5/istack-commons-runtime-3.0.5.jar:/home/runner/.m2/repository/org/jvnet/staxex/stax-ex/1.7.8/stax-ex-1.7.8.jar:/home/runner/.m2/repository/com/sun/xml/fastinfoset/FastInfoset/1.2.13/FastInfoset-1.2.13.jar:/home/runner/.m2/repository/javax/activation/activation/1.1.1/activation-1.1.1.jar:/home/runner/.m2/repository/org/apache/ozone/ozone-csi/1.3.0-SNAPSHOT/ozone-csi-1.3.0-SNAPSHOT.jar:/home/runner/.m2/repository/com/google/protobuf/protobuf-java-util/3.12.0/protobuf-java-util-3.12.0.jar:/home/runner/.m2/repository/com/google/code/gson/gson/2.2.4/gson-2.2.4.jar:/home/runner/.m2/repository/org/apache/ozone/hdds-config/1.3.0-SNAPSHOT/hdds-config-1.3.0-SNAPSHOT.jar:/home/runner/.m2/repository/io/grpc/grpc-netty/1.33.0/grpc-netty-1.33.0.jar:/home/runner/.m2/repository/io/grpc/grpc-core/1.33.0/grpc-core-1.33.0.jar:/home/runner/.m2/repository/com/google/android/annotations/4.1.1.4/annotations-4.1.1.4.jar:/home/runner/.m2/repository/io/netty/netty-codec-http2/4.1.63.Final/netty-codec-http2-4.1.63.Final.jar:/home/runner/.m2/repository/io/netty/netty-codec-http/4.1.63.Final/netty-codec-http-4.1.63.Final.jar:/home/runner/.m2/repository/io/netty/netty-handler-proxy/4.1.63.Final/netty-handler-proxy-4.1.63.Final.jar:/home/runner/.m2/repository/io/netty/netty-codec-socks/4.1.63.Final/netty-codec-socks-4.1.63.Final.jar:/home/runner/.m2/repository/io/perfmark/perfmark-api/0.19.0/perfmark-api-0.19.0.jar:/home/runner/.m2/repository/org/codehaus/mojo/animal-sniffer-annotations/1.18/animal-sniffer-annotations-1.18.jar:/home/runner/.m2/repository/io/netty/netty-transport-native-epoll/4.1.63.Final/netty-transport-native-epoll-4.1.63.Final.jar:/home/runner/.m2/repository/io/netty/netty-common/4.1.63.Final/netty-common-4.1.63.Final.jar:/home/runner/.m2/repository/io/netty/netty-buffer/4.1.63.Final/netty-buffer-4.1.63.Final.jar:/home/runner/.m2/repository/io/netty/netty-transport-native-unix-common/4.1.63.Final/netty-transport-native-unix-common-4.1.63.Final.jar:/home/runner/.m2/repository/io/grpc/grpc-protobuf/1.33.0/grpc-protobuf-1.33.0.jar:/home/runner/.m2/repository/io/grpc/grpc-api/1.33.0/grpc-api-1.33.0.jar:/home/runner/.m2/repository/io/grpc/grpc-context/1.33.0/grpc-context-1.33.0.jar:/home/runner/.m2/repository/com/google/api/grpc/proto-google-common-protos/1.17.0/proto-google-common-protos-1.17.0.jar:/home/runner/.m2/repository/io/grpc/grpc-protobuf-lite/1.33.0/grpc-protobuf-lite-1.33.0.jar:/home/runner/.m2/repository/io/grpc/grpc-stub/1.33.0/grpc-stub-1.33.0.jar:/home/runner/.m2/repository/org/apache/ozone/ozone-recon/1.3.0-SNAPSHOT/ozone-recon-1.3.0-SNAPSHOT.jar:/home/runner/.m2/repository/org/apache/ozone/ozone-reconcodegen/1.3.0-SNAPSHOT/ozone-reconcodegen-1.3.0-SNAPSHOT.jar:/home/runner/.m2/repository/com/google/inject/extensions/guice-multibindings/4.0/guice-multibindings-4.0.jar:/home/runner/.m2/repository/com/google/inject/guice/4.0/guice-4.0.jar:/home/runner/.m2/repository/aopalliance/aopalliance/1.0/aopalliance-1.0.jar:/home/runner/.m2/repository/com/google/inject/extensions/guice-assistedinject/4.0/guice-assistedinject-4.0.jar:/home/runner/.m2/repository/com/google/inject/extensions/guice-servlet/4.0/guice-servlet-4.0.jar:/home/runner/.m2/repository/org/glassfish/jersey/containers/jersey-container-servlet/2.33/jersey-container-servlet-2.33.jar:/home/runner/.m2/repository/org/glassfish/hk2/guice-bridge/2.5.0/guice-bridge-2.5.0.jar:/home/runner/.m2/repository/org/glassfish/jersey/core/jersey-server/2.33/jersey-server-2.33.jar:/home/runner/.m2/repository/org/glassfish/jersey/core/jersey-client/2.33/jersey-client-2.33.jar:/home/runner/.m2/repository/jakarta/annotation/jakarta.annotation-api/1.3.5/jakarta.annotation-api-1.3.5.jar:/home/runner/.m2/repository/jakarta/validation/jakarta.validation-api/2.0.2/jakarta.validation-api-2.0.2.jar:/home/runner/.m2/repository/org/glassfish/jersey/media/jersey-media-json-jackson/2.33/jersey-media-json-jackson-2.33.jar:/home/runner/.m2/repository/org/glassfish/jersey/ext/jersey-entity-filtering/2.33/jersey-entity-filtering-2.33.jar:/home/runner/.m2/repository/org/jooq/jooq/3.11.10/jooq-3.11.10.jar:/home/runner/.m2/repository/org/jooq/jooq-meta/3.11.10/jooq-meta-3.11.10.jar:/home/runner/.m2/repository/org/jooq/jooq-codegen/3.11.10/jooq-codegen-3.11.10.jar:/home/runner/.m2/repository/com/jolbox/bonecp/0.8.0.RELEASE/bonecp-0.8.0.RELEASE.jar:/home/runner/.m2/repository/org/apache/derby/derby/10.14.2.0/derby-10.14.2.0.jar:/home/runner/.m2/repository/org/xerial/sqlite-jdbc/3.25.2/sqlite-jdbc-3.25.2.jar:/home/runner/.m2/repository/org/springframework/spring-jdbc/5.2.18.RELEASE/spring-jdbc-5.2.18.RELEASE.jar:/home/runner/.m2/repository/org/springframework/spring-beans/5.2.18.RELEASE/spring-beans-5.2.18.RELEASE.jar:/home/runner/.m2/repository/org/springframework/spring-core/5.2.18.RELEASE/spring-core-5.2.18.RELEASE.jar:/home/runner/.m2/repository/org/springframework/spring-jcl/5.2.18.RELEASE/spring-jcl-5.2.18.RELEASE.jar:/home/runner/.m2/repository/org/springframework/spring-tx/5.2.18.RELEASE/spring-tx-5.2.18.RELEASE.jar:/home/runner/.m2/repository/org/apache/ozone/ozone-client/1.3.0-SNAPSHOT/ozone-client-1.3.0-SNAPSHOT.jar:/home/runner/.m2/repository/org/apache/ozone/ozone-filesystem/1.3.0-SNAPSHOT/ozone-filesystem-1.3.0-SNAPSHOT.jar:/home/runner/.m2/repository/org/apache/ozone/ozone-filesystem-common/1.3.0-SNAPSHOT/ozone-filesystem-common-1.3.0-SNAPSHOT.jar:/home/runner/.m2/repository/org/apache/ozone/ozone-tools/1.3.0-SNAPSHOT/ozone-tools-1.3.0-SNAPSHOT.jar:/home/runner/.m2/repository/org/apache/ratis/ratis-tools/2.2.0/ratis-tools-2.2.0.jar:/home/runner/.m2/repository/com/amazonaws/aws-java-sdk-core/1.12.124/aws-java-sdk-core-1.12.124.jar:/home/runner/.m2/repository/org/apache/httpcomponents/httpclient/4.5.13/httpclient-4.5.13.jar:/home/runner/.m2/repository/org/apache/httpcomponents/httpcore/4.4.13/httpcore-4.4.13.jar:/home/runner/.m2/repository/software/amazon/ion/ion-java/1.0.2/ion-java-1.0.2.jar:/home/runner/.m2/repository/com/fasterxml/jackson/dataformat/jackson-dataformat-cbor/2.12.1/jackson-dataformat-cbor-2.12.1.jar:/home/runner/.m2/repository/joda-time/joda-time/2.8.1/joda-time-2.8.1.jar:/home/runner/.m2/repository/com/amazonaws/aws-java-sdk-s3/1.12.124/aws-java-sdk-s3-1.12.124.jar:/home/runner/.m2/repository/com/amazonaws/aws-java-sdk-kms/1.12.124/aws-java-sdk-kms-1.12.124.jar:/home/runner/.m2/repository/com/amazonaws/jmespath-java/1.12.124/jmespath-java-1.12.124.jar:/home/runner/.m2/repository/org/kohsuke/metainf-services/metainf-services/1.8/metainf-services-1.8.jar:/home/runner/.m2/repository/org/apache/ozone/hdds-tools/1.3.0-SNAPSHOT/hdds-tools-1.3.0-SNAPSHOT.jar:/home/runner/.m2/repository/commons-cli/commons-cli/1.2/commons-cli-1.2.jar:/home/runner/.m2/repository/org/apache/commons/commons-lang3/3.7/commons-lang3-3.7.jar:/home/runner/.m2/repository/org/apache/ozone/ozone-manager/1.3.0-SNAPSHOT/ozone-manager-1.3.0-SNAPSHOT-tests.jar:/home/runner/.m2/repository/org/apache/ozone/hdds-common/1.3.0-SNAPSHOT/hdds-common-1.3.0-SNAPSHOT-tests.jar:/home/runner/.m2/repository/org/apache/ozone/hdds-hadoop-dependency-client/1.3.0-SNAPSHOT/hdds-hadoop-dependency-client-1.3.0-SNAPSHOT.jar:/home/runner/.m2/repository/info/picocli/picocli/4.6.1/picocli-4.6.1.jar:/home/runner/.m2/repository/com/fasterxml/jackson/core/jackson-annotations/2.12.1/jackson-annotations-2.12.1.jar:/home/runner/.m2/repository/javax/annotation/javax.annotation-api/1.2/javax.annotation-api-1.2.jar:/home/runner/.m2/repository/org/apache/ratis/ratis-server/2.2.0/ratis-server-2.2.0.jar:/home/runner/.m2/repository/org/apache/ratis/ratis-client/2.2.0/ratis-client-2.2.0.jar:/home/runner/.m2/repository/org/apache/ratis/ratis-server-api/2.2.0/ratis-server-api-2.2.0.jar:/home/runner/.m2/repository/org/apache/ratis/ratis-metrics/2.2.0/ratis-metrics-2.2.0.jar:/home/runner/.m2/repository/org/apache/ratis/ratis-netty/2.2.0/ratis-netty-2.2.0.jar:/home/runner/.m2/repository/org/apache/ratis/ratis-grpc/2.2.0/ratis-grpc-2.2.0.jar:/home/runner/.m2/repository/org/apache/logging/log4j/log4j-api/2.17.1/log4j-api-2.17.1.jar:/home/runner/.m2/repository/org/apache/logging/log4j/log4j-core/2.17.1/log4j-core-2.17.1.jar:/home/runner/.m2/repository/com/lmax/disruptor/3.4.2/disruptor-3.4.2.jar:/home/runner/.m2/repository/org/apache/commons/commons-pool2/2.6.0/commons-pool2-2.6.0.jar:/home/runner/.m2/repository/org/bouncycastle/bcpkix-jdk15on/1.67/bcpkix-jdk15on-1.67.jar:/home/runner/.m2/repository/commons-validator/commons-validator/1.6/commons-validator-1.6.jar:/home/runner/.m2/repository/commons-beanutils/commons-beanutils/1.9.4/commons-beanutils-1.9.4.jar:/home/runner/.m2/repository/commons-digester/commons-digester/1.8.1/commons-digester-1.8.1.jar:/home/runner/.m2/repository/commons-collections/commons-collections/3.2.2/commons-collections-3.2.2.jar:/home/runner/.m2/repository/io/jaegertracing/jaeger-client/1.6.0/jaeger-client-1.6.0.jar:/home/runner/.m2/repository/io/jaegertracing/jaeger-thrift/1.6.0/jaeger-thrift-1.6.0.jar:/home/runner/.m2/repository/org/apache/thrift/libthrift/0.14.1/libthrift-0.14.1.jar:/home/runner/.m2/repository/com/squareup/okhttp3/okhttp/4.9.0/okhttp-4.9.0.jar:/home/runner/.m2/repository/com/squareup/okio/okio/2.8.0/okio-2.8.0.jar:/home/runner/.m2/repository/io/jaegertracing/jaeger-core/1.6.0/jaeger-core-1.6.0.jar:/home/runner/.m2/repository/io/jaegertracing/jaeger-tracerresolver/1.6.0/jaeger-tracerresolver-1.6.0.jar:/home/runner/.m2/repository/io/opentracing/contrib/opentracing-tracerresolver/0.1.8/opentracing-tracerresolver-0.1.8.jar:/home/runner/.m2/repository/org/jetbrains/kotlin/kotlin-stdlib/1.4.31/kotlin-stdlib-1.4.31.jar:/home/runner/.m2/repository/org/jetbrains/kotlin/kotlin-stdlib-common/1.4.31/kotlin-stdlib-common-1.4.31.jar:/home/runner/.m2/repository/org/jetbrains/annotations/13.0/annotations-13.0.jar:/home/runner/.m2/repository/io/opentracing/opentracing-util/0.33.0/opentracing-util-0.33.0.jar:/home/runner/.m2/repository/io/opentracing/opentracing-api/0.33.0/opentracing-api-0.33.0.jar:/home/runner/.m2/repository/io/opentracing/opentracing-noop/0.33.0/opentracing-noop-0.33.0.jar:/home/runner/.m2/repository/org/yaml/snakeyaml/1.26/snakeyaml-1.26.jar:/home/runner/.m2/repository/org/apache/ozone/hdds-interface-admin/1.3.0-SNAPSHOT/hdds-interface-admin-1.3.0-SNAPSHOT.jar:/home/runner/.m2/repository/junit/junit/4.13.1/junit-4.13.1.jar:/home/runner/.m2/repository/org/hamcrest/hamcrest-core/1.3/hamcrest-core-1.3.jar:/home/runner/.m2/repository/org/junit/jupiter/junit-jupiter-api/5.7.0/junit-jupiter-api-5.7.0.jar:/home/runner/.m2/repository/org/apiguardian/apiguardian-api/1.1.0/apiguardian-api-1.1.0.jar:/home/runner/.m2/repository/org/opentest4j/opentest4j/1.2.0/opentest4j-1.2.0.jar:/home/runner/.m2/repository/org/junit/platform/junit-platform-commons/1.7.0/junit-platform-commons-1.7.0.jar:/home/runner/.m2/repository/org/junit/jupiter/junit-jupiter-engine/5.7.0/junit-jupiter-engine-5.7.0.jar:/home/runner/.m2/repository/org/junit/platform/junit-platform-engine/1.7.0/junit-platform-engine-1.7.0.jar:/home/runner/.m2/repository/org/junit/vintage/junit-vintage-engine/5.7.0/junit-vintage-engine-5.7.0.jar:/home/runner/.m2/repository/org/junit/platform/junit-platform-launcher/1.7.0/junit-platform-launcher-1.7.0.jar:/home/runner/.m2/repository/org/mockito/mockito-core/2.28.2/mockito-core-2.28.2.jar:/home/runner/.m2/repository/net/bytebuddy/byte-buddy/1.9.10/byte-buddy-1.9.10.jar:/home/runner/.m2/repository/net/bytebuddy/byte-buddy-agent/1.9.10/byte-buddy-agent-1.9.10.jar:/home/runner/.m2/repository/org/objenesis/objenesis/1.0/objenesis-1.0.jar:/home/runner/.m2/repository/org/apache/hadoop/hadoop-kms/3.3.1/hadoop-kms-3.3.1.jar:/home/runner/.m2/repository/org/apache/hadoop/hadoop-auth/3.3.1/hadoop-auth-3.3.1.jar:/home/runner/.m2/repository/com/nimbusds/nimbus-jose-jwt/7.9/nimbus-jose-jwt-7.9.jar:/home/runner/.m2/repository/com/github/stephenc/jcip/jcip-annotations/1.0-1/jcip-annotations-1.0-1.jar:/home/runner/.m2/repository/net/minidev/json-smart/2.3.1/json-smart-2.3.1.jar:/home/runner/.m2/repository/net/minidev/accessors-smart/2.3.1/accessors-smart-2.3.1.jar:/home/runner/.m2/repository/org/ow2/asm/asm/5.0.4/asm-5.0.4.jar:/home/runner/.m2/repository/org/apache/zookeeper/zookeeper/3.5.6/zookeeper-3.5.6.jar:/home/runner/.m2/repository/org/apache/zookeeper/zookeeper-jute/3.5.6/zookeeper-jute-3.5.6.jar:/home/runner/.m2/repository/org/apache/yetus/audience-annotations/0.5.0/audience-annotations-0.5.0.jar:/home/runner/.m2/repository/org/apache/curator/curator-framework/4.2.0/curator-framework-4.2.0.jar:/home/runner/.m2/repository/org/apache/hadoop/thirdparty/hadoop-shaded-guava/1.1.1/hadoop-shaded-guava-1.1.1.jar:/home/runner/.m2/repository/com/sun/jersey/jersey-core/1.19/jersey-core-1.19.jar:/home/runner/.m2/repository/javax/ws/rs/jsr311-api/1.1.1/jsr311-api-1.1.1.jar:/home/runner/.m2/repository/com/sun/jersey/jersey-server/1.19/jersey-server-1.19.jar:/home/runner/.m2/repository/javax/servlet/javax.servlet-api/3.1.0/javax.servlet-api-3.1.0.jar:/home/runner/.m2/repository/org/eclipse/jetty/jetty-server/9.4.43.v20210629/jetty-server-9.4.43.v20210629.jar:/home/runner/.m2/repository/org/eclipse/jetty/jetty-http/9.4.43.v20210629/jetty-http-9.4.43.v20210629.jar:/home/runner/.m2/repository/org/eclipse/jetty/jetty-io/9.4.43.v20210629/jetty-io-9.4.43.v20210629.jar:/home/runner/.m2/repository/org/eclipse/jetty/jetty-webapp/9.4.43.v20210629/jetty-webapp-9.4.43.v20210629.jar:/home/runner/.m2/repository/org/eclipse/jetty/jetty-xml/9.4.43.v20210629/jetty-xml-9.4.43.v20210629.jar:/home/runner/.m2/repository/org/apache/hadoop/hadoop-common/3.3.1/hadoop-common-3.3.1.jar:/home/runner/.m2/repository/org/apache/commons/commons-math3/3.1.1/commons-math3-3.1.1.jar:/home/runner/.m2/repository/commons-net/commons-net/3.6/commons-net-3.6.jar:/home/runner/.m2/repository/jakarta/activation/jakarta.activation-api/1.2.1/jakarta.activation-api-1.2.1.jar:/home/runner/.m2/repository/com/sun/jersey/jersey-servlet/1.19/jersey-servlet-1.19.jar:/home/runner/.m2/repository/com/sun/jersey/jersey-json/1.19/jersey-json-1.19.jar:/home/runner/.m2/repository/org/codehaus/jettison/jettison/1.1/jettison-1.1.jar:/home/runner/.m2/repository/com/sun/xml/bind/jaxb-impl/2.2.3-1/jaxb-impl-2.2.3-1.jar:/home/runner/.m2/repository/org/codehaus/jackson/jackson-jaxrs/1.9.2/jackson-jaxrs-1.9.2.jar:/home/runner/.m2/repository/org/codehaus/jackson/jackson-xc/1.9.2/jackson-xc-1.9.2.jar:/home/runner/.m2/repository/org/apache/commons/commons-configuration2/2.1.1/commons-configuration2-2.1.1.jar:/home/runner/.m2/repository/org/apache/commons/commons-text/1.4/commons-text-1.4.jar:/home/runner/.m2/repository/com/google/re2j/re2j/1.1/re2j-1.1.jar:/home/runner/.m2/repository/com/jcraft/jsch/0.1.54/jsch-0.1.54.jar:/home/runner/.m2/repository/org/apache/curator/curator-client/4.2.0/curator-client-4.2.0.jar:/home/runner/.m2/repository/org/apache/curator/curator-recipes/4.2.0/curator-recipes-4.2.0.jar:/home/runner/.m2/repository/org/apache/kerby/kerb-core/1.0.1/kerb-core-1.0.1.jar:/home/runner/.m2/repository/org/apache/kerby/kerby-pkix/1.0.1/kerby-pkix-1.0.1.jar:/home/runner/.m2/repository/org/apache/kerby/kerby-asn1/1.0.1/kerby-asn1-1.0.1.jar:/home/runner/.m2/repository/org/apache/kerby/kerby-util/1.0.1/kerby-util-1.0.1.jar:/home/runner/.m2/repository/dnsjava/dnsjava/2.1.7/dnsjava-2.1.7.jar:/home/runner/.m2/repository/org/xerial/snappy/snappy-java/1.1.8.2/snappy-java-1.1.8.2.jar:/home/runner/.m2/repository/org/slf4j/jul-to-slf4j/1.7.30/jul-to-slf4j-1.7.30.jar:/home/runner/.m2/repository/org/eclipse/jetty/jetty-util/9.4.43.v20210629/jetty-util-9.4.43.v20210629.jar:/home/runner/.m2/repository/com/fasterxml/jackson/core/jackson-databind/2.12.1/jackson-databind-2.12.1.jar:/home/runner/.m2/repository/org/apache/hadoop/hadoop-kms/3.3.1/hadoop-kms-3.3.1-tests.jar:/home/runner/.m2/repository/org/apache/ozone/hdds-server-scm/1.3.0-SNAPSHOT/hdds-server-scm-1.3.0-SNAPSHOT-tests.jar:/home/runner/.m2/repository/org/apache/ozone/hdds-container-service/1.3.0-SNAPSHOT/hdds-container-service-1.3.0-SNAPSHOT-tests.jar:/home/runner/.m2/repository/commons-codec/commons-codec/1.11/commons-codec-1.11.jar:/home/runner/.m2/repository/io/netty/netty-transport/4.1.63.Final/netty-transport-4.1.63.Final.jar:/home/runner/.m2/repository/io/netty/netty-resolver/4.1.63.Final/netty-resolver-4.1.63.Final.jar:/home/runner/.m2/repository/io/netty/netty-codec/4.1.63.Final/netty-codec-4.1.63.Final.jar:/home/runner/.m2/repository/io/netty/netty-handler/4.1.63.Final/netty-handler-4.1.63.Final.jar:/home/runner/.m2/repository/org/apache/ozone/hdds-hadoop-dependency-test/1.3.0-SNAPSHOT/hdds-hadoop-dependency-test-1.3.0-SNAPSHOT.jar:/home/runner/.m2/repository/org/apache/hadoop/hadoop-common/3.3.1/hadoop-common-3.3.1-tests.jar:/home/runner/.m2/repository/org/assertj/assertj-core/3.12.2/assertj-core-3.12.2.jar:/home/runner/.m2/repository/org/apache/hadoop/hadoop-hdfs/3.3.1/hadoop-hdfs-3.3.1-tests.jar:/home/runner/.m2/repository/org/eclipse/jetty/jetty-util-ajax/9.4.43.v20210629/jetty-util-ajax-9.4.43.v20210629.jar:/home/runner/.m2/repository/commons-daemon/commons-daemon/1.0.13/commons-daemon-1.0.13.jar:/home/runner/.m2/repository/io/netty/netty/3.10.6.Final/netty-3.10.6.Final.jar:/home/runner/.m2/repository/io/netty/netty-all/4.1.63.Final/netty-all-4.1.63.Final.jar:/home/runner/.m2/repository/org/apache/htrace/htrace-core4/4.1.0-incubating/htrace-core4-4.1.0-incubating.jar:/home/runner/.m2/repository/org/fusesource/leveldbjni/leveldbjni-all/1.8/leveldbjni-all-1.8.jar:/home/runner/.m2/repository/org/apache/hadoop/hadoop-distcp/3.3.1/hadoop-distcp-3.3.1.jar:/home/runner/.m2/repository/org/apache/hadoop/hadoop-mapreduce-client-jobclient/3.3.1/hadoop-mapreduce-client-jobclient-3.3.1.jar:/home/runner/.m2/repository/org/apache/hadoop/hadoop-mapreduce-client-common/3.3.1/hadoop-mapreduce-client-common-3.3.1.jar:/home/runner/.m2/repository/org/apache/hadoop/hadoop-yarn-common/3.3.1/hadoop-yarn-common-3.3.1.jar:/home/runner/.m2/repository/org/apache/hadoop/hadoop-yarn-api/3.3.1/hadoop-yarn-api-3.3.1.jar:/home/runner/.m2/repository/com/sun/jersey/jersey-client/1.19/jersey-client-1.19.jar:/home/runner/.m2/repository/com/sun/jersey/contribs/jersey-guice/1.19/jersey-guice-1.19.jar:/home/runner/.m2/repository/com/fasterxml/jackson/jaxrs/jackson-jaxrs-json-provider/2.12.1/jackson-jaxrs-json-provider-2.12.1.jar:/home/runner/.m2/repository/com/fasterxml/jackson/jaxrs/jackson-jaxrs-base/2.12.1/jackson-jaxrs-base-2.12.1.jar:/home/runner/.m2/repository/org/apache/hadoop/hadoop-yarn-client/3.3.1/hadoop-yarn-client-3.3.1.jar:/home/runner/.m2/repository/org/eclipse/jetty/websocket/websocket-client/9.4.40.v20210413/websocket-client-9.4.40.v20210413.jar:/home/runner/.m2/repository/org/eclipse/jetty/jetty-client/9.4.40.v20210413/jetty-client-9.4.40.v20210413.jar:/home/runner/.m2/repository/org/eclipse/jetty/websocket/websocket-common/9.4.40.v20210413/websocket-common-9.4.40.v20210413.jar:/home/runner/.m2/repository/org/eclipse/jetty/websocket/websocket-api/9.4.40.v20210413/websocket-api-9.4.40.v20210413.jar:/home/runner/.m2/repository/org/jline/jline/3.9.0/jline-3.9.0.jar:/home/runner/.m2/repository/org/apache/hadoop/hadoop-mapreduce-client-core/3.3.1/hadoop-mapreduce-client-core-3.3.1.jar:/home/runner/.m2/repository/org/apache/avro/avro/1.7.7/avro-1.7.7.jar:/home/runner/.m2/repository/org/codehaus/jackson/jackson-core-asl/1.9.13/jackson-core-asl-1.9.13.jar:/home/runner/.m2/repository/org/codehaus/jackson/jackson-mapper-asl/1.9.13/jackson-mapper-asl-1.9.13.jar:/home/runner/.m2/repository/com/thoughtworks/paranamer/paranamer/2.3/paranamer-2.3.jar:/home/runner/.m2/repository/org/apache/hadoop/hadoop-annotations/3.3.1/hadoop-annotations-3.3.1.jar:/usr/lib/jvm/temurin-8-jdk-amd64/jre/../lib/tools.jar:/home/runner/.m2/repository/org/apache/hadoop/hadoop-distcp/3.3.1/hadoop-distcp-3.3.1-tests.jar:/home/runner/.m2/repository/org/apache/ratis/ratis-common/2.2.0/ratis-common-2.2.0.jar:/home/runner/.m2/repository/org/apache/ratis/ratis-thirdparty-misc/0.7.0/ratis-thirdparty-misc-0.7.0.jar:/home/runner/.m2/repository/org/apache/ratis/ratis-proto/2.2.0/ratis-proto-2.2.0.jar:"/>
    <property name="java.vm.vendor" value="Temurin"/>
    <property name="sun.arch.data.model" value="64"/>
    <property name="test.build.dir" value="/home/runner/work/ozone/ozone/hadoop-ozone/integration-test/target/test-dir"/>
    <property name="test.cache.data" value=""/>
    <property name="java.vendor.url" value="https://adoptium.net/"/>
    <property name="user.timezone" value=""/>
    <property name="java.vm.specification.version" value="1.8"/>
    <property name="os.name" value="Linux"/>
    <property name="test.build.data" value="/home/runner/work/ozone/ozone/hadoop-ozone/integration-test/target/test-dir"/>
    <property name="sun.java.launcher" value="SUN_STANDARD"/>
    <property name="sun.boot.library.path" value="/usr/lib/jvm/temurin-8-jdk-amd64/jre/lib/amd64"/>
    <property name="sun.java.command" value="/home/runner/work/ozone/ozone/hadoop-ozone/integration-test/target/surefire/surefirebooter4694197379859826467.jar /home/runner/work/ozone/ozone/hadoop-ozone/integration-test/target/surefire 2022-02-10T16-10-35_574-jvmRun1 surefire3933610626545361231tmp surefire_155169692078008718501tmp"/>
    <property name="surefire.test.class.path" value="/home/runner/work/ozone/ozone/hadoop-ozone/integration-test/target/test-classes:/home/runner/work/ozone/ozone/hadoop-ozone/integration-test/target/classes:/home/runner/.m2/repository/org/apache/ozone/ozone-common/1.3.0-SNAPSHOT/ozone-common-1.3.0-SNAPSHOT.jar:/home/runner/.m2/repository/org/apache/commons/commons-compress/1.21/commons-compress-1.21.jar:/home/runner/.m2/repository/org/apache/ozone/hdds-common/1.3.0-SNAPSHOT/hdds-common-1.3.0-SNAPSHOT.jar:/home/runner/.m2/repository/org/apache/ozone/hdds-client/1.3.0-SNAPSHOT/hdds-client-1.3.0-SNAPSHOT.jar:/home/runner/.m2/repository/org/apache/ozone/ozone-interface-client/1.3.0-SNAPSHOT/ozone-interface-client-1.3.0-SNAPSHOT.jar:/home/runner/.m2/repository/org/apache/ozone/hdds-test-utils/1.3.0-SNAPSHOT/hdds-test-utils-1.3.0-SNAPSHOT.jar:/home/runner/.m2/repository/com/google/guava/guava/30.1.1-jre/guava-30.1.1-jre.jar:/home/runner/.m2/repository/com/google/guava/failureaccess/1.0.1/failureaccess-1.0.1.jar:/home/runner/.m2/repository/com/google/guava/listenablefuture/9999.0-empty-to-avoid-conflict-with-guava/listenablefuture-9999.0-empty-to-avoid-conflict-with-guava.jar:/home/runner/.m2/repository/com/google/code/findbugs/jsr305/3.0.0/jsr305-3.0.0.jar:/home/runner/.m2/repository/org/checkerframework/checker-qual/3.8.0/checker-qual-3.8.0.jar:/home/runner/.m2/repository/com/google/errorprone/error_prone_annotations/2.2.0/error_prone_annotations-2.2.0.jar:/home/runner/.m2/repository/com/google/j2objc/j2objc-annotations/1.3/j2objc-annotations-1.3.jar:/home/runner/.m2/repository/commons-io/commons-io/2.11.0/commons-io-2.11.0.jar:/home/runner/.m2/repository/commons-logging/commons-logging/1.2/commons-logging-1.2.jar:/home/runner/.m2/repository/log4j/log4j/1.2.17/log4j-1.2.17.jar:/home/runner/.m2/repository/org/slf4j/slf4j-api/1.7.30/slf4j-api-1.7.30.jar:/home/runner/.m2/repository/org/apache/ozone/hdds-server-scm/1.3.0-SNAPSHOT/hdds-server-scm-1.3.0-SNAPSHOT.jar:/home/runner/.m2/repository/org/apache/ozone/hdds-container-service/1.3.0-SNAPSHOT/hdds-container-service-1.3.0-SNAPSHOT.jar:/home/runner/.m2/repository/org/apache/ozone/hdds-hadoop-dependency-server/1.3.0-SNAPSHOT/hdds-hadoop-dependency-server-1.3.0-SNAPSHOT.jar:/home/runner/.m2/repository/org/apache/hadoop/hadoop-hdfs/3.3.1/hadoop-hdfs-3.3.1.jar:/home/runner/.m2/repository/org/apache/ozone/hdds-server-framework/1.3.0-SNAPSHOT/hdds-server-framework-1.3.0-SNAPSHOT.jar:/home/runner/.m2/repository/org/apache/ozone/hdds-interface-server/1.3.0-SNAPSHOT/hdds-interface-server-1.3.0-SNAPSHOT.jar:/home/runner/.m2/repository/org/eclipse/jetty/jetty-servlet/9.4.43.v20210629/jetty-servlet-9.4.43.v20210629.jar:/home/runner/.m2/repository/org/eclipse/jetty/jetty-security/9.4.43.v20210629/jetty-security-9.4.43.v20210629.jar:/home/runner/.m2/repository/org/rocksdb/rocksdbjni/6.25.3/rocksdbjni-6.25.3.jar:/home/runner/.m2/repository/io/prometheus/simpleclient_dropwizard/0.7.0/simpleclient_dropwizard-0.7.0.jar:/home/runner/.m2/repository/io/prometheus/simpleclient/0.7.0/simpleclient-0.7.0.jar:/home/runner/.m2/repository/io/prometheus/simpleclient_common/0.7.0/simpleclient_common-0.7.0.jar:/home/runner/.m2/repository/com/fasterxml/jackson/datatype/jackson-datatype-jsr310/2.12.1/jackson-datatype-jsr310-2.12.1.jar:/home/runner/.m2/repository/io/dropwizard/metrics/metrics-core/3.2.4/metrics-core-3.2.4.jar:/home/runner/.m2/repository/org/apache/hadoop/hadoop-hdfs-client/3.3.1/hadoop-hdfs-client-3.3.1.jar:/home/runner/.m2/repository/org/bouncycastle/bcprov-jdk15on/1.67/bcprov-jdk15on-1.67.jar:/home/runner/.m2/repository/com/google/protobuf/protobuf-java/2.5.0/protobuf-java-2.5.0.jar:/home/runner/.m2/repository/org/apache/ozone/ozone-manager/1.3.0-SNAPSHOT/ozone-manager-1.3.0-SNAPSHOT.jar:/home/runner/.m2/repository/org/aspectj/aspectjrt/1.9.7/aspectjrt-1.9.7.jar:/home/runner/.m2/repository/org/aspectj/aspectjweaver/1.9.7/aspectjweaver-1.9.7.jar:/home/runner/.m2/repository/org/apache/ozone/hdds-interface-client/1.3.0-SNAPSHOT/hdds-interface-client-1.3.0-SNAPSHOT.jar:/home/runner/.m2/repository/org/apache/hadoop/thirdparty/hadoop-shaded-protobuf_3_7/1.1.1/hadoop-shaded-protobuf_3_7-1.1.1.jar:/home/runner/.m2/repository/org/apache/ozone/ozone-interface-storage/1.3.0-SNAPSHOT/ozone-interface-storage-1.3.0-SNAPSHOT.jar:/home/runner/.m2/repository/org/reflections/reflections/0.9.11/reflections-0.9.11.jar:/home/runner/.m2/repository/org/apache/hadoop/hadoop-minikdc/3.3.1/hadoop-minikdc-3.3.1.jar:/home/runner/.m2/repository/org/apache/kerby/kerb-simplekdc/1.0.1/kerb-simplekdc-1.0.1.jar:/home/runner/.m2/repository/org/apache/kerby/kerb-client/1.0.1/kerb-client-1.0.1.jar:/home/runner/.m2/repository/org/apache/kerby/kerby-config/1.0.1/kerby-config-1.0.1.jar:/home/runner/.m2/repository/org/apache/kerby/kerb-common/1.0.1/kerb-common-1.0.1.jar:/home/runner/.m2/repository/org/apache/kerby/kerb-crypto/1.0.1/kerb-crypto-1.0.1.jar:/home/runner/.m2/repository/org/apache/kerby/kerb-util/1.0.1/kerb-util-1.0.1.jar:/home/runner/.m2/repository/org/apache/kerby/token-provider/1.0.1/token-provider-1.0.1.jar:/home/runner/.m2/repository/org/apache/kerby/kerb-admin/1.0.1/kerb-admin-1.0.1.jar:/home/runner/.m2/repository/org/apache/kerby/kerb-server/1.0.1/kerb-server-1.0.1.jar:/home/runner/.m2/repository/org/apache/kerby/kerb-identity/1.0.1/kerb-identity-1.0.1.jar:/home/runner/.m2/repository/org/apache/kerby/kerby-xdr/1.0.1/kerby-xdr-1.0.1.jar:/home/runner/.m2/repository/org/slf4j/slf4j-log4j12/1.7.30/slf4j-log4j12-1.7.30.jar:/home/runner/.m2/repository/org/apache/ozone/ozone-s3gateway/1.3.0-SNAPSHOT/ozone-s3gateway-1.3.0-SNAPSHOT.jar:/home/runner/.m2/repository/org/javassist/javassist/3.21.0-GA/javassist-3.21.0-GA.jar:/home/runner/.m2/repository/org/jboss/weld/servlet/weld-servlet/2.4.7.Final/weld-servlet-2.4.7.Final.jar:/home/runner/.m2/repository/org/glassfish/jersey/containers/jersey-container-servlet-core/2.33/jersey-container-servlet-core-2.33.jar:/home/runner/.m2/repository/org/glassfish/hk2/external/jakarta.inject/2.6.1/jakarta.inject-2.6.1.jar:/home/runner/.m2/repository/org/glassfish/jersey/core/jersey-common/2.33/jersey-common-2.33.jar:/home/runner/.m2/repository/jakarta/ws/rs/jakarta.ws.rs-api/2.1.6/jakarta.ws.rs-api-2.1.6.jar:/home/runner/.m2/repository/org/glassfish/jersey/ext/cdi/jersey-cdi1x/2.33/jersey-cdi1x-2.33.jar:/home/runner/.m2/repository/org/glassfish/jersey/inject/jersey-hk2/2.33/jersey-hk2-2.33.jar:/home/runner/.m2/repository/org/glassfish/hk2/hk2-locator/2.6.1/hk2-locator-2.6.1.jar:/home/runner/.m2/repository/org/glassfish/jersey/media/jersey-media-jaxb/2.33/jersey-media-jaxb-2.33.jar:/home/runner/.m2/repository/org/glassfish/hk2/osgi-resource-locator/1.0.3/osgi-resource-locator-1.0.3.jar:/home/runner/.m2/repository/org/glassfish/hk2/hk2-api/2.5.0/hk2-api-2.5.0.jar:/home/runner/.m2/repository/org/glassfish/hk2/hk2-utils/2.5.0/hk2-utils-2.5.0.jar:/home/runner/.m2/repository/org/glassfish/hk2/external/aopalliance-repackaged/2.5.0/aopalliance-repackaged-2.5.0.jar:/home/runner/.m2/repository/com/fasterxml/jackson/dataformat/jackson-dataformat-xml/2.12.1/jackson-dataformat-xml-2.12.1.jar:/home/runner/.m2/repository/com/fasterxml/jackson/core/jackson-core/2.12.1/jackson-core-2.12.1.jar:/home/runner/.m2/repository/com/fasterxml/jackson/module/jackson-module-jaxb-annotations/2.12.1/jackson-module-jaxb-annotations-2.12.1.jar:/home/runner/.m2/repository/jakarta/xml/bind/jakarta.xml.bind-api/2.3.2/jakarta.xml.bind-api-2.3.2.jar:/home/runner/.m2/repository/org/codehaus/woodstox/stax2-api/3.1.4/stax2-api-3.1.4.jar:/home/runner/.m2/repository/com/fasterxml/woodstox/woodstox-core/5.0.3/woodstox-core-5.0.3.jar:/home/runner/.m2/repository/javax/enterprise/cdi-api/1.2/cdi-api-1.2.jar:/home/runner/.m2/repository/javax/el/javax.el-api/3.0.0/javax.el-api-3.0.0.jar:/home/runner/.m2/repository/javax/interceptor/javax.interceptor-api/1.2/javax.interceptor-api-1.2.jar:/home/runner/.m2/repository/javax/inject/javax.inject/1/javax.inject-1.jar:/home/runner/.m2/repository/javax/xml/bind/jaxb-api/2.3.0/jaxb-api-2.3.0.jar:/home/runner/.m2/repository/org/glassfish/jaxb/jaxb-runtime/2.3.0.1/jaxb-runtime-2.3.0.1.jar:/home/runner/.m2/repository/org/glassfish/jaxb/jaxb-core/2.3.0.1/jaxb-core-2.3.0.1.jar:/home/runner/.m2/repository/org/glassfish/jaxb/txw2/2.3.0.1/txw2-2.3.0.1.jar:/home/runner/.m2/repository/com/sun/istack/istack-commons-runtime/3.0.5/istack-commons-runtime-3.0.5.jar:/home/runner/.m2/repository/org/jvnet/staxex/stax-ex/1.7.8/stax-ex-1.7.8.jar:/home/runner/.m2/repository/com/sun/xml/fastinfoset/FastInfoset/1.2.13/FastInfoset-1.2.13.jar:/home/runner/.m2/repository/javax/activation/activation/1.1.1/activation-1.1.1.jar:/home/runner/.m2/repository/org/apache/ozone/ozone-csi/1.3.0-SNAPSHOT/ozone-csi-1.3.0-SNAPSHOT.jar:/home/runner/.m2/repository/com/google/protobuf/protobuf-java-util/3.12.0/protobuf-java-util-3.12.0.jar:/home/runner/.m2/repository/com/google/code/gson/gson/2.2.4/gson-2.2.4.jar:/home/runner/.m2/repository/org/apache/ozone/hdds-config/1.3.0-SNAPSHOT/hdds-config-1.3.0-SNAPSHOT.jar:/home/runner/.m2/repository/io/grpc/grpc-netty/1.33.0/grpc-netty-1.33.0.jar:/home/runner/.m2/repository/io/grpc/grpc-core/1.33.0/grpc-core-1.33.0.jar:/home/runner/.m2/repository/com/google/android/annotations/4.1.1.4/annotations-4.1.1.4.jar:/home/runner/.m2/repository/io/netty/netty-codec-http2/4.1.63.Final/netty-codec-http2-4.1.63.Final.jar:/home/runner/.m2/repository/io/netty/netty-codec-http/4.1.63.Final/netty-codec-http-4.1.63.Final.jar:/home/runner/.m2/repository/io/netty/netty-handler-proxy/4.1.63.Final/netty-handler-proxy-4.1.63.Final.jar:/home/runner/.m2/repository/io/netty/netty-codec-socks/4.1.63.Final/netty-codec-socks-4.1.63.Final.jar:/home/runner/.m2/repository/io/perfmark/perfmark-api/0.19.0/perfmark-api-0.19.0.jar:/home/runner/.m2/repository/org/codehaus/mojo/animal-sniffer-annotations/1.18/animal-sniffer-annotations-1.18.jar:/home/runner/.m2/repository/io/netty/netty-transport-native-epoll/4.1.63.Final/netty-transport-native-epoll-4.1.63.Final.jar:/home/runner/.m2/repository/io/netty/netty-common/4.1.63.Final/netty-common-4.1.63.Final.jar:/home/runner/.m2/repository/io/netty/netty-buffer/4.1.63.Final/netty-buffer-4.1.63.Final.jar:/home/runner/.m2/repository/io/netty/netty-transport-native-unix-common/4.1.63.Final/netty-transport-native-unix-common-4.1.63.Final.jar:/home/runner/.m2/repository/io/grpc/grpc-protobuf/1.33.0/grpc-protobuf-1.33.0.jar:/home/runner/.m2/repository/io/grpc/grpc-api/1.33.0/grpc-api-1.33.0.jar:/home/runner/.m2/repository/io/grpc/grpc-context/1.33.0/grpc-context-1.33.0.jar:/home/runner/.m2/repository/com/google/api/grpc/proto-google-common-protos/1.17.0/proto-google-common-protos-1.17.0.jar:/home/runner/.m2/repository/io/grpc/grpc-protobuf-lite/1.33.0/grpc-protobuf-lite-1.33.0.jar:/home/runner/.m2/repository/io/grpc/grpc-stub/1.33.0/grpc-stub-1.33.0.jar:/home/runner/.m2/repository/org/apache/ozone/ozone-recon/1.3.0-SNAPSHOT/ozone-recon-1.3.0-SNAPSHOT.jar:/home/runner/.m2/repository/org/apache/ozone/ozone-reconcodegen/1.3.0-SNAPSHOT/ozone-reconcodegen-1.3.0-SNAPSHOT.jar:/home/runner/.m2/repository/com/google/inject/extensions/guice-multibindings/4.0/guice-multibindings-4.0.jar:/home/runner/.m2/repository/com/google/inject/guice/4.0/guice-4.0.jar:/home/runner/.m2/repository/aopalliance/aopalliance/1.0/aopalliance-1.0.jar:/home/runner/.m2/repository/com/google/inject/extensions/guice-assistedinject/4.0/guice-assistedinject-4.0.jar:/home/runner/.m2/repository/com/google/inject/extensions/guice-servlet/4.0/guice-servlet-4.0.jar:/home/runner/.m2/repository/org/glassfish/jersey/containers/jersey-container-servlet/2.33/jersey-container-servlet-2.33.jar:/home/runner/.m2/repository/org/glassfish/hk2/guice-bridge/2.5.0/guice-bridge-2.5.0.jar:/home/runner/.m2/repository/org/glassfish/jersey/core/jersey-server/2.33/jersey-server-2.33.jar:/home/runner/.m2/repository/org/glassfish/jersey/core/jersey-client/2.33/jersey-client-2.33.jar:/home/runner/.m2/repository/jakarta/annotation/jakarta.annotation-api/1.3.5/jakarta.annotation-api-1.3.5.jar:/home/runner/.m2/repository/jakarta/validation/jakarta.validation-api/2.0.2/jakarta.validation-api-2.0.2.jar:/home/runner/.m2/repository/org/glassfish/jersey/media/jersey-media-json-jackson/2.33/jersey-media-json-jackson-2.33.jar:/home/runner/.m2/repository/org/glassfish/jersey/ext/jersey-entity-filtering/2.33/jersey-entity-filtering-2.33.jar:/home/runner/.m2/repository/org/jooq/jooq/3.11.10/jooq-3.11.10.jar:/home/runner/.m2/repository/org/jooq/jooq-meta/3.11.10/jooq-meta-3.11.10.jar:/home/runner/.m2/repository/org/jooq/jooq-codegen/3.11.10/jooq-codegen-3.11.10.jar:/home/runner/.m2/repository/com/jolbox/bonecp/0.8.0.RELEASE/bonecp-0.8.0.RELEASE.jar:/home/runner/.m2/repository/org/apache/derby/derby/10.14.2.0/derby-10.14.2.0.jar:/home/runner/.m2/repository/org/xerial/sqlite-jdbc/3.25.2/sqlite-jdbc-3.25.2.jar:/home/runner/.m2/repository/org/springframework/spring-jdbc/5.2.18.RELEASE/spring-jdbc-5.2.18.RELEASE.jar:/home/runner/.m2/repository/org/springframework/spring-beans/5.2.18.RELEASE/spring-beans-5.2.18.RELEASE.jar:/home/runner/.m2/repository/org/springframework/spring-core/5.2.18.RELEASE/spring-core-5.2.18.RELEASE.jar:/home/runner/.m2/repository/org/springframework/spring-jcl/5.2.18.RELEASE/spring-jcl-5.2.18.RELEASE.jar:/home/runner/.m2/repository/org/springframework/spring-tx/5.2.18.RELEASE/spring-tx-5.2.18.RELEASE.jar:/home/runner/.m2/repository/org/apache/ozone/ozone-client/1.3.0-SNAPSHOT/ozone-client-1.3.0-SNAPSHOT.jar:/home/runner/.m2/repository/org/apache/ozone/ozone-filesystem/1.3.0-SNAPSHOT/ozone-filesystem-1.3.0-SNAPSHOT.jar:/home/runner/.m2/repository/org/apache/ozone/ozone-filesystem-common/1.3.0-SNAPSHOT/ozone-filesystem-common-1.3.0-SNAPSHOT.jar:/home/runner/.m2/repository/org/apache/ozone/ozone-tools/1.3.0-SNAPSHOT/ozone-tools-1.3.0-SNAPSHOT.jar:/home/runner/.m2/repository/org/apache/ratis/ratis-tools/2.2.0/ratis-tools-2.2.0.jar:/home/runner/.m2/repository/com/amazonaws/aws-java-sdk-core/1.12.124/aws-java-sdk-core-1.12.124.jar:/home/runner/.m2/repository/org/apache/httpcomponents/httpclient/4.5.13/httpclient-4.5.13.jar:/home/runner/.m2/repository/org/apache/httpcomponents/httpcore/4.4.13/httpcore-4.4.13.jar:/home/runner/.m2/repository/software/amazon/ion/ion-java/1.0.2/ion-java-1.0.2.jar:/home/runner/.m2/repository/com/fasterxml/jackson/dataformat/jackson-dataformat-cbor/2.12.1/jackson-dataformat-cbor-2.12.1.jar:/home/runner/.m2/repository/joda-time/joda-time/2.8.1/joda-time-2.8.1.jar:/home/runner/.m2/repository/com/amazonaws/aws-java-sdk-s3/1.12.124/aws-java-sdk-s3-1.12.124.jar:/home/runner/.m2/repository/com/amazonaws/aws-java-sdk-kms/1.12.124/aws-java-sdk-kms-1.12.124.jar:/home/runner/.m2/repository/com/amazonaws/jmespath-java/1.12.124/jmespath-java-1.12.124.jar:/home/runner/.m2/repository/org/kohsuke/metainf-services/metainf-services/1.8/metainf-services-1.8.jar:/home/runner/.m2/repository/org/apache/ozone/hdds-tools/1.3.0-SNAPSHOT/hdds-tools-1.3.0-SNAPSHOT.jar:/home/runner/.m2/repository/commons-cli/commons-cli/1.2/commons-cli-1.2.jar:/home/runner/.m2/repository/org/apache/commons/commons-lang3/3.7/commons-lang3-3.7.jar:/home/runner/.m2/repository/org/apache/ozone/ozone-manager/1.3.0-SNAPSHOT/ozone-manager-1.3.0-SNAPSHOT-tests.jar:/home/runner/.m2/repository/org/apache/ozone/hdds-common/1.3.0-SNAPSHOT/hdds-common-1.3.0-SNAPSHOT-tests.jar:/home/runner/.m2/repository/org/apache/ozone/hdds-hadoop-dependency-client/1.3.0-SNAPSHOT/hdds-hadoop-dependency-client-1.3.0-SNAPSHOT.jar:/home/runner/.m2/repository/info/picocli/picocli/4.6.1/picocli-4.6.1.jar:/home/runner/.m2/repository/com/fasterxml/jackson/core/jackson-annotations/2.12.1/jackson-annotations-2.12.1.jar:/home/runner/.m2/repository/javax/annotation/javax.annotation-api/1.2/javax.annotation-api-1.2.jar:/home/runner/.m2/repository/org/apache/ratis/ratis-server/2.2.0/ratis-server-2.2.0.jar:/home/runner/.m2/repository/org/apache/ratis/ratis-client/2.2.0/ratis-client-2.2.0.jar:/home/runner/.m2/repository/org/apache/ratis/ratis-server-api/2.2.0/ratis-server-api-2.2.0.jar:/home/runner/.m2/repository/org/apache/ratis/ratis-metrics/2.2.0/ratis-metrics-2.2.0.jar:/home/runner/.m2/repository/org/apache/ratis/ratis-netty/2.2.0/ratis-netty-2.2.0.jar:/home/runner/.m2/repository/org/apache/ratis/ratis-grpc/2.2.0/ratis-grpc-2.2.0.jar:/home/runner/.m2/repository/org/apache/logging/log4j/log4j-api/2.17.1/log4j-api-2.17.1.jar:/home/runner/.m2/repository/org/apache/logging/log4j/log4j-core/2.17.1/log4j-core-2.17.1.jar:/home/runner/.m2/repository/com/lmax/disruptor/3.4.2/disruptor-3.4.2.jar:/home/runner/.m2/repository/org/apache/commons/commons-pool2/2.6.0/commons-pool2-2.6.0.jar:/home/runner/.m2/repository/org/bouncycastle/bcpkix-jdk15on/1.67/bcpkix-jdk15on-1.67.jar:/home/runner/.m2/repository/commons-validator/commons-validator/1.6/commons-validator-1.6.jar:/home/runner/.m2/repository/commons-beanutils/commons-beanutils/1.9.4/commons-beanutils-1.9.4.jar:/home/runner/.m2/repository/commons-digester/commons-digester/1.8.1/commons-digester-1.8.1.jar:/home/runner/.m2/repository/commons-collections/commons-collections/3.2.2/commons-collections-3.2.2.jar:/home/runner/.m2/repository/io/jaegertracing/jaeger-client/1.6.0/jaeger-client-1.6.0.jar:/home/runner/.m2/repository/io/jaegertracing/jaeger-thrift/1.6.0/jaeger-thrift-1.6.0.jar:/home/runner/.m2/repository/org/apache/thrift/libthrift/0.14.1/libthrift-0.14.1.jar:/home/runner/.m2/repository/com/squareup/okhttp3/okhttp/4.9.0/okhttp-4.9.0.jar:/home/runner/.m2/repository/com/squareup/okio/okio/2.8.0/okio-2.8.0.jar:/home/runner/.m2/repository/io/jaegertracing/jaeger-core/1.6.0/jaeger-core-1.6.0.jar:/home/runner/.m2/repository/io/jaegertracing/jaeger-tracerresolver/1.6.0/jaeger-tracerresolver-1.6.0.jar:/home/runner/.m2/repository/io/opentracing/contrib/opentracing-tracerresolver/0.1.8/opentracing-tracerresolver-0.1.8.jar:/home/runner/.m2/repository/org/jetbrains/kotlin/kotlin-stdlib/1.4.31/kotlin-stdlib-1.4.31.jar:/home/runner/.m2/repository/org/jetbrains/kotlin/kotlin-stdlib-common/1.4.31/kotlin-stdlib-common-1.4.31.jar:/home/runner/.m2/repository/org/jetbrains/annotations/13.0/annotations-13.0.jar:/home/runner/.m2/repository/io/opentracing/opentracing-util/0.33.0/opentracing-util-0.33.0.jar:/home/runner/.m2/repository/io/opentracing/opentracing-api/0.33.0/opentracing-api-0.33.0.jar:/home/runner/.m2/repository/io/opentracing/opentracing-noop/0.33.0/opentracing-noop-0.33.0.jar:/home/runner/.m2/repository/org/yaml/snakeyaml/1.26/snakeyaml-1.26.jar:/home/runner/.m2/repository/org/apache/ozone/hdds-interface-admin/1.3.0-SNAPSHOT/hdds-interface-admin-1.3.0-SNAPSHOT.jar:/home/runner/.m2/repository/junit/junit/4.13.1/junit-4.13.1.jar:/home/runner/.m2/repository/org/hamcrest/hamcrest-core/1.3/hamcrest-core-1.3.jar:/home/runner/.m2/repository/org/junit/jupiter/junit-jupiter-api/5.7.0/junit-jupiter-api-5.7.0.jar:/home/runner/.m2/repository/org/apiguardian/apiguardian-api/1.1.0/apiguardian-api-1.1.0.jar:/home/runner/.m2/repository/org/opentest4j/opentest4j/1.2.0/opentest4j-1.2.0.jar:/home/runner/.m2/repository/org/junit/platform/junit-platform-commons/1.7.0/junit-platform-commons-1.7.0.jar:/home/runner/.m2/repository/org/junit/jupiter/junit-jupiter-engine/5.7.0/junit-jupiter-engine-5.7.0.jar:/home/runner/.m2/repository/org/junit/platform/junit-platform-engine/1.7.0/junit-platform-engine-1.7.0.jar:/home/runner/.m2/repository/org/junit/vintage/junit-vintage-engine/5.7.0/junit-vintage-engine-5.7.0.jar:/home/runner/.m2/repository/org/junit/platform/junit-platform-launcher/1.7.0/junit-platform-launcher-1.7.0.jar:/home/runner/.m2/repository/org/mockito/mockito-core/2.28.2/mockito-core-2.28.2.jar:/home/runner/.m2/repository/net/bytebuddy/byte-buddy/1.9.10/byte-buddy-1.9.10.jar:/home/runner/.m2/repository/net/bytebuddy/byte-buddy-agent/1.9.10/byte-buddy-agent-1.9.10.jar:/home/runner/.m2/repository/org/objenesis/objenesis/1.0/objenesis-1.0.jar:/home/runner/.m2/repository/org/apache/hadoop/hadoop-kms/3.3.1/hadoop-kms-3.3.1.jar:/home/runner/.m2/repository/org/apache/hadoop/hadoop-auth/3.3.1/hadoop-auth-3.3.1.jar:/home/runner/.m2/repository/com/nimbusds/nimbus-jose-jwt/7.9/nimbus-jose-jwt-7.9.jar:/home/runner/.m2/repository/com/github/stephenc/jcip/jcip-annotations/1.0-1/jcip-annotations-1.0-1.jar:/home/runner/.m2/repository/net/minidev/json-smart/2.3.1/json-smart-2.3.1.jar:/home/runner/.m2/repository/net/minidev/accessors-smart/2.3.1/accessors-smart-2.3.1.jar:/home/runner/.m2/repository/org/ow2/asm/asm/5.0.4/asm-5.0.4.jar:/home/runner/.m2/repository/org/apache/zookeeper/zookeeper/3.5.6/zookeeper-3.5.6.jar:/home/runner/.m2/repository/org/apache/zookeeper/zookeeper-jute/3.5.6/zookeeper-jute-3.5.6.jar:/home/runner/.m2/repository/org/apache/yetus/audience-annotations/0.5.0/audience-annotations-0.5.0.jar:/home/runner/.m2/repository/org/apache/curator/curator-framework/4.2.0/curator-framework-4.2.0.jar:/home/runner/.m2/repository/org/apache/hadoop/thirdparty/hadoop-shaded-guava/1.1.1/hadoop-shaded-guava-1.1.1.jar:/home/runner/.m2/repository/com/sun/jersey/jersey-core/1.19/jersey-core-1.19.jar:/home/runner/.m2/repository/javax/ws/rs/jsr311-api/1.1.1/jsr311-api-1.1.1.jar:/home/runner/.m2/repository/com/sun/jersey/jersey-server/1.19/jersey-server-1.19.jar:/home/runner/.m2/repository/javax/servlet/javax.servlet-api/3.1.0/javax.servlet-api-3.1.0.jar:/home/runner/.m2/repository/org/eclipse/jetty/jetty-server/9.4.43.v20210629/jetty-server-9.4.43.v20210629.jar:/home/runner/.m2/repository/org/eclipse/jetty/jetty-http/9.4.43.v20210629/jetty-http-9.4.43.v20210629.jar:/home/runner/.m2/repository/org/eclipse/jetty/jetty-io/9.4.43.v20210629/jetty-io-9.4.43.v20210629.jar:/home/runner/.m2/repository/org/eclipse/jetty/jetty-webapp/9.4.43.v20210629/jetty-webapp-9.4.43.v20210629.jar:/home/runner/.m2/repository/org/eclipse/jetty/jetty-xml/9.4.43.v20210629/jetty-xml-9.4.43.v20210629.jar:/home/runner/.m2/repository/org/apache/hadoop/hadoop-common/3.3.1/hadoop-common-3.3.1.jar:/home/runner/.m2/repository/org/apache/commons/commons-math3/3.1.1/commons-math3-3.1.1.jar:/home/runner/.m2/repository/commons-net/commons-net/3.6/commons-net-3.6.jar:/home/runner/.m2/repository/jakarta/activation/jakarta.activation-api/1.2.1/jakarta.activation-api-1.2.1.jar:/home/runner/.m2/repository/com/sun/jersey/jersey-servlet/1.19/jersey-servlet-1.19.jar:/home/runner/.m2/repository/com/sun/jersey/jersey-json/1.19/jersey-json-1.19.jar:/home/runner/.m2/repository/org/codehaus/jettison/jettison/1.1/jettison-1.1.jar:/home/runner/.m2/repository/com/sun/xml/bind/jaxb-impl/2.2.3-1/jaxb-impl-2.2.3-1.jar:/home/runner/.m2/repository/org/codehaus/jackson/jackson-jaxrs/1.9.2/jackson-jaxrs-1.9.2.jar:/home/runner/.m2/repository/org/codehaus/jackson/jackson-xc/1.9.2/jackson-xc-1.9.2.jar:/home/runner/.m2/repository/org/apache/commons/commons-configuration2/2.1.1/commons-configuration2-2.1.1.jar:/home/runner/.m2/repository/org/apache/commons/commons-text/1.4/commons-text-1.4.jar:/home/runner/.m2/repository/com/google/re2j/re2j/1.1/re2j-1.1.jar:/home/runner/.m2/repository/com/jcraft/jsch/0.1.54/jsch-0.1.54.jar:/home/runner/.m2/repository/org/apache/curator/curator-client/4.2.0/curator-client-4.2.0.jar:/home/runner/.m2/repository/org/apache/curator/curator-recipes/4.2.0/curator-recipes-4.2.0.jar:/home/runner/.m2/repository/org/apache/kerby/kerb-core/1.0.1/kerb-core-1.0.1.jar:/home/runner/.m2/repository/org/apache/kerby/kerby-pkix/1.0.1/kerby-pkix-1.0.1.jar:/home/runner/.m2/repository/org/apache/kerby/kerby-asn1/1.0.1/kerby-asn1-1.0.1.jar:/home/runner/.m2/repository/org/apache/kerby/kerby-util/1.0.1/kerby-util-1.0.1.jar:/home/runner/.m2/repository/dnsjava/dnsjava/2.1.7/dnsjava-2.1.7.jar:/home/runner/.m2/repository/org/xerial/snappy/snappy-java/1.1.8.2/snappy-java-1.1.8.2.jar:/home/runner/.m2/repository/org/slf4j/jul-to-slf4j/1.7.30/jul-to-slf4j-1.7.30.jar:/home/runner/.m2/repository/org/eclipse/jetty/jetty-util/9.4.43.v20210629/jetty-util-9.4.43.v20210629.jar:/home/runner/.m2/repository/com/fasterxml/jackson/core/jackson-databind/2.12.1/jackson-databind-2.12.1.jar:/home/runner/.m2/repository/org/apache/hadoop/hadoop-kms/3.3.1/hadoop-kms-3.3.1-tests.jar:/home/runner/.m2/repository/org/apache/ozone/hdds-server-scm/1.3.0-SNAPSHOT/hdds-server-scm-1.3.0-SNAPSHOT-tests.jar:/home/runner/.m2/repository/org/apache/ozone/hdds-container-service/1.3.0-SNAPSHOT/hdds-container-service-1.3.0-SNAPSHOT-tests.jar:/home/runner/.m2/repository/commons-codec/commons-codec/1.11/commons-codec-1.11.jar:/home/runner/.m2/repository/io/netty/netty-transport/4.1.63.Final/netty-transport-4.1.63.Final.jar:/home/runner/.m2/repository/io/netty/netty-resolver/4.1.63.Final/netty-resolver-4.1.63.Final.jar:/home/runner/.m2/repository/io/netty/netty-codec/4.1.63.Final/netty-codec-4.1.63.Final.jar:/home/runner/.m2/repository/io/netty/netty-handler/4.1.63.Final/netty-handler-4.1.63.Final.jar:/home/runner/.m2/repository/org/apache/ozone/hdds-hadoop-dependency-test/1.3.0-SNAPSHOT/hdds-hadoop-dependency-test-1.3.0-SNAPSHOT.jar:/home/runner/.m2/repository/org/apache/hadoop/hadoop-common/3.3.1/hadoop-common-3.3.1-tests.jar:/home/runner/.m2/repository/org/assertj/assertj-core/3.12.2/assertj-core-3.12.2.jar:/home/runner/.m2/repository/org/apache/hadoop/hadoop-hdfs/3.3.1/hadoop-hdfs-3.3.1-tests.jar:/home/runner/.m2/repository/org/eclipse/jetty/jetty-util-ajax/9.4.43.v20210629/jetty-util-ajax-9.4.43.v20210629.jar:/home/runner/.m2/repository/commons-daemon/commons-daemon/1.0.13/commons-daemon-1.0.13.jar:/home/runner/.m2/repository/io/netty/netty/3.10.6.Final/netty-3.10.6.Final.jar:/home/runner/.m2/repository/io/netty/netty-all/4.1.63.Final/netty-all-4.1.63.Final.jar:/home/runner/.m2/repository/org/apache/htrace/htrace-core4/4.1.0-incubating/htrace-core4-4.1.0-incubating.jar:/home/runner/.m2/repository/org/fusesource/leveldbjni/leveldbjni-all/1.8/leveldbjni-all-1.8.jar:/home/runner/.m2/repository/org/apache/hadoop/hadoop-distcp/3.3.1/hadoop-distcp-3.3.1.jar:/home/runner/.m2/repository/org/apache/hadoop/hadoop-mapreduce-client-jobclient/3.3.1/hadoop-mapreduce-client-jobclient-3.3.1.jar:/home/runner/.m2/repository/org/apache/hadoop/hadoop-mapreduce-client-common/3.3.1/hadoop-mapreduce-client-common-3.3.1.jar:/home/runner/.m2/repository/org/apache/hadoop/hadoop-yarn-common/3.3.1/hadoop-yarn-common-3.3.1.jar:/home/runner/.m2/repository/org/apache/hadoop/hadoop-yarn-api/3.3.1/hadoop-yarn-api-3.3.1.jar:/home/runner/.m2/repository/com/sun/jersey/jersey-client/1.19/jersey-client-1.19.jar:/home/runner/.m2/repository/com/sun/jersey/contribs/jersey-guice/1.19/jersey-guice-1.19.jar:/home/runner/.m2/repository/com/fasterxml/jackson/jaxrs/jackson-jaxrs-json-provider/2.12.1/jackson-jaxrs-json-provider-2.12.1.jar:/home/runner/.m2/repository/com/fasterxml/jackson/jaxrs/jackson-jaxrs-base/2.12.1/jackson-jaxrs-base-2.12.1.jar:/home/runner/.m2/repository/org/apache/hadoop/hadoop-yarn-client/3.3.1/hadoop-yarn-client-3.3.1.jar:/home/runner/.m2/repository/org/eclipse/jetty/websocket/websocket-client/9.4.40.v20210413/websocket-client-9.4.40.v20210413.jar:/home/runner/.m2/repository/org/eclipse/jetty/jetty-client/9.4.40.v20210413/jetty-client-9.4.40.v20210413.jar:/home/runner/.m2/repository/org/eclipse/jetty/websocket/websocket-common/9.4.40.v20210413/websocket-common-9.4.40.v20210413.jar:/home/runner/.m2/repository/org/eclipse/jetty/websocket/websocket-api/9.4.40.v20210413/websocket-api-9.4.40.v20210413.jar:/home/runner/.m2/repository/org/jline/jline/3.9.0/jline-3.9.0.jar:/home/runner/.m2/repository/org/apache/hadoop/hadoop-mapreduce-client-core/3.3.1/hadoop-mapreduce-client-core-3.3.1.jar:/home/runner/.m2/repository/org/apache/avro/avro/1.7.7/avro-1.7.7.jar:/home/runner/.m2/repository/org/codehaus/jackson/jackson-core-asl/1.9.13/jackson-core-asl-1.9.13.jar:/home/runner/.m2/repository/org/codehaus/jackson/jackson-mapper-asl/1.9.13/jackson-mapper-asl-1.9.13.jar:/home/runner/.m2/repository/com/thoughtworks/paranamer/paranamer/2.3/paranamer-2.3.jar:/home/runner/.m2/repository/org/apache/hadoop/hadoop-annotations/3.3.1/hadoop-annotations-3.3.1.jar:/usr/lib/jvm/temurin-8-jdk-amd64/jre/../lib/tools.jar:/home/runner/.m2/repository/org/apache/hadoop/hadoop-distcp/3.3.1/hadoop-distcp-3.3.1-tests.jar:/home/runner/.m2/repository/org/apache/ratis/ratis-common/2.2.0/ratis-common-2.2.0.jar:/home/runner/.m2/repository/org/apache/ratis/ratis-thirdparty-misc/0.7.0/ratis-thirdparty-misc-0.7.0.jar:/home/runner/.m2/repository/org/apache/ratis/ratis-proto/2.2.0/ratis-proto-2.2.0.jar:"/>
    <property name="sun.cpu.endian" value="little"/>
    <property name="user.home" value="/home/runner"/>
    <property name="user.language" value="en"/>
    <property name="java.specification.vendor" value="Oracle Corporation"/>
    <property name="java.home" value="/usr/lib/jvm/temurin-8-jdk-amd64/jre"/>
    <property name="java.security.krb5.conf" value="/home/runner/work/ozone/ozone/hadoop-ozone/integration-test/target/test-classes/krb5.conf"/>
    <property name="basedir" value="/home/runner/work/ozone/ozone/hadoop-ozone/integration-test"/>
    <property name="file.separator" value="/"/>
    <property name="line.separator" value="&#10;"/>
    <property name="java.vm.specification.vendor" value="Oracle Corporation"/>
    <property name="java.specification.name" value="Java Platform API Specification"/>
    <property name="java.awt.graphicsenv" value="sun.awt.X11GraphicsEnvironment"/>
    <property name="skip.installnpx" value="true"/>
    <property name="surefire.real.class.path" value="/home/runner/work/ozone/ozone/hadoop-ozone/integration-test/target/surefire/surefirebooter4694197379859826467.jar:/home/runner/.m2/repository/org/jacoco/org.jacoco.agent/0.8.5/org.jacoco.agent-0.8.5-runtime.jar"/>
    <property name="hadoop.log.dir" value="/home/runner/work/ozone/ozone/hadoop-ozone/integration-test/target/log"/>
    <property name="sun.boot.class.path" value="/usr/lib/jvm/temurin-8-jdk-amd64/jre/lib/resources.jar:/usr/lib/jvm/temurin-8-jdk-amd64/jre/lib/rt.jar:/usr/lib/jvm/temurin-8-jdk-amd64/jre/lib/sunrsasign.jar:/usr/lib/jvm/temurin-8-jdk-amd64/jre/lib/jsse.jar:/usr/lib/jvm/temurin-8-jdk-amd64/jre/lib/jce.jar:/usr/lib/jvm/temurin-8-jdk-amd64/jre/lib/charsets.jar:/usr/lib/jvm/temurin-8-jdk-amd64/jre/lib/jfr.jar:/usr/lib/jvm/temurin-8-jdk-amd64/jre/classes"/>
    <property name="sun.management.compiler" value="HotSpot 64-Bit Tiered Compilers"/>
    <property name="skip.npx" value="true"/>
    <property name="java.runtime.version" value="1.8.0_312-b07"/>
    <property name="java.net.preferIPv4Stack" value="true"/>
    <property name="user.name" value="runner"/>
    <property name="path.separator" value=":"/>
    <property name="java.security.egd" value="file:///dev/urandom"/>
    <property name="os.version" value="5.4.0-1068-azure"/>
    <property name="java.endorsed.dirs" value="/usr/lib/jvm/temurin-8-jdk-amd64/jre/lib/endorsed"/>
    <property name="java.runtime.name" value="OpenJDK Runtime Environment"/>
    <property name="file.encoding" value="UTF-8"/>
    <property name="java.vm.name" value="OpenJDK 64-Bit Server VM"/>
    <property name="test.build.webapps" value=""/>
    <property name="localRepository" value="/home/runner/.m2/repository"/>
    <property name="java.vendor.url.bug" value="https://github.com/adoptium/adoptium-support/issues"/>
    <property name="java.io.tmpdir" value="/tmp"/>
    <property name="require.test.libhadoop" value=""/>
    <property name="java.version" value="1.8.0_312"/>
    <property name="user.dir" value="/home/runner/work/ozone/ozone/hadoop-ozone/integration-test"/>
    <property name="os.arch" value="amd64"/>
    <property name="java.vm.specification.name" value="Java Virtual Machine Specification"/>
    <property name="test.build.classes" value="/home/runner/work/ozone/ozone/hadoop-ozone/integration-test/target/test-classes"/>
    <property name="java.awt.printerjob" value="sun.print.PSPrinterJob"/>
    <property name="sun.os.patch.level" value="unknown"/>
    <property name="hadoop.tmp.dir" value="/home/runner/work/ozone/ozone/hadoop-ozone/integration-test/target/tmp"/>
    <property name="java.library.path" value="/usr/java/packages/lib/amd64:/usr/lib64:/lib64:/lib:/usr/lib"/>
    <property name="java.vm.info" value="mixed mode"/>
    <property name="java.vendor" value="Temurin"/>
    <property name="java.vm.version" value="25.312-b07"/>
    <property name="java.ext.dirs" value="/usr/lib/jvm/temurin-8-jdk-amd64/jre/lib/ext:/usr/java/packages/lib/ext"/>
    <property name="sun.io.unicode.encoding" value="UnicodeLittle"/>
    <property name="java.class.version" value="52.0"/>
  </properties>
  <testcase name="testMultipleDataDirs" classname="org.apache.hadoop.ozone.TestMiniOzoneCluster" time="31.813"/>
  <testcase name="testStartMultipleDatanodes" classname="org.apache.hadoop.ozone.TestMiniOzoneCluster" time="61.512"/>
  <testcase name="testDNstartAfterSCM" classname="org.apache.hadoop.ozone.TestMiniOzoneCluster" time="118.373">
    <error message="test timed out after 100000 milliseconds" type="org.junit.runners.model.TestTimedOutException">org.junit.runners.model.TestTimedOutException: test timed out after 100000 milliseconds
	at java.lang.Thread.sleep(Native Method)
	at org.apache.hadoop.ozone.TestMiniOzoneCluster.testDNstartAfterSCM(TestMiniOzoneCluster.java:334)
	at sun.reflect.NativeMethodAccessorImpl.invoke0(Native Method)
	at sun.reflect.NativeMethodAccessorImpl.invoke(NativeMethodAccessorImpl.java:62)
	at sun.reflect.DelegatingMethodAccessorImpl.invoke(DelegatingMethodAccessorImpl.java:43)
	at java.lang.reflect.Method.invoke(Method.java:498)
	at org.junit.runners.model.FrameworkMethod$1.runReflectiveCall(FrameworkMethod.java:59)
	at org.junit.internal.runners.model.ReflectiveCallable.run(ReflectiveCallable.java:12)
	at org.junit.runners.model.FrameworkMethod.invokeExplosively(FrameworkMethod.java:56)
	at org.junit.internal.runners.statements.InvokeMethod.evaluate(InvokeMethod.java:17)
	at org.junit.internal.runners.statements.FailOnTimeout$CallableStatement.call(FailOnTimeout.java:288)
	at org.junit.internal.runners.statements.FailOnTimeout$CallableStatement.call(FailOnTimeout.java:282)
	at java.util.concurrent.FutureTask.run(FutureTask.java:266)
	at java.lang.Thread.run(Thread.java:748)
</error>
    <system-out><![CDATA[2022-02-10 16:29:16,399 [Time-limited test] WARN  server.ServerUtils (ServerUtils.java:getScmDbDir(148)) - ozone.scm.db.dirs is not configured. We recommend adding this setting. Falling back to ozone.metadata.dirs instead.
2022-02-10 16:29:16,411 [Time-limited test] INFO  ha.SCMHANodeDetails (SCMHANodeDetails.java:loadSCMHAConfig(157)) - ServiceID for StorageContainerManager is null
2022-02-10 16:29:16,411 [Time-limited test] INFO  ha.SCMHANodeDetails (SCMHANodeDetails.java:loadSCMHAConfig(162)) - ozone.scm.default.service.id is not defined, falling back to ozone.scm.service.ids to find serviceID for StorageContainerManager if it is HA enabled cluster
2022-02-10 16:29:16,412 [Time-limited test] INFO  server.RaftServer (ConfUtils.java:logGet(44)) - raft.rpc.type = GRPC (default)
2022-02-10 16:29:16,412 [Time-limited test] INFO  grpc.GrpcFactory (GrpcFactory.java:checkPooledByteBufAllocatorUseCacheForAllThreads(48)) - PERFORMANCE WARNING: useCacheForAllThreads is true that may cause Netty to create a lot garbage objects and, as a result, trigger GC.
	It is recommended to disable useCacheForAllThreads by setting -Dorg.apache.ratis.thirdparty.io.netty.allocator.useCacheForAllThreads=false in command line.
2022-02-10 16:29:16,412 [Time-limited test] INFO  grpc.GrpcConfigKeys (ConfUtils.java:logGet(44)) - raft.grpc.admin.port = -1 (default)
2022-02-10 16:29:16,412 [Time-limited test] INFO  grpc.GrpcConfigKeys (ConfUtils.java:logGet(44)) - raft.grpc.server.port = 9894 (custom)
2022-02-10 16:29:16,412 [Time-limited test] INFO  grpc.GrpcConfigKeys (ConfUtils.java:logGet(44)) - raft.grpc.client.port = -1 (default)
2022-02-10 16:29:16,412 [Time-limited test] INFO  grpc.GrpcConfigKeys (ConfUtils.java:logGet(44)) - raft.grpc.server.port = 9894 (custom)
2022-02-10 16:29:16,412 [Time-limited test] INFO  grpc.GrpcConfigKeys (ConfUtils.java:logGet(44)) - raft.grpc.server.port = 9894 (custom)
2022-02-10 16:29:16,412 [Time-limited test] INFO  server.GrpcService (ConfUtils.java:logGet(44)) - raft.grpc.message.size.max = 32m (=33554432) (custom)
2022-02-10 16:29:16,412 [Time-limited test] INFO  server.RaftServerConfigKeys (ConfUtils.java:logGet(44)) - raft.server.log.appender.buffer.byte-limit = 33554432 (custom)
2022-02-10 16:29:16,412 [Time-limited test] INFO  server.GrpcService (ConfUtils.java:logGet(44)) - raft.grpc.flow.control.window = 1MB (=1048576) (default)
2022-02-10 16:29:16,412 [Time-limited test] INFO  server.RaftServerConfigKeys (ConfUtils.java:logGet(44)) - raft.server.rpc.request.timeout = 30000ms (custom)
2022-02-10 16:29:16,414 [Time-limited test] INFO  impl.DataStreamServerImpl (ConfUtils.java:logGet(44)) - raft.datastream.type = DISABLED (default)
2022-02-10 16:29:16,414 [Time-limited test] INFO  server.RaftServerConfigKeys (ConfUtils.java:logGet(44)) - raft.server.rpc.slowness.timeout = 120000ms (custom)
2022-02-10 16:29:16,414 [Time-limited test] INFO  server.RaftServerConfigKeys (ConfUtils.java:logGet(44)) - raft.server.leaderelection.leader.step-down.wait-time = 10s (default)
2022-02-10 16:29:16,414 [Time-limited test] INFO  server.RaftServerConfigKeys (ConfUtils.java:logGet(44)) - raft.server.storage.dir = [/home/runner/work/ozone/ozone/hadoop-ozone/integration-test/target/test-dir/MiniOzoneClusterImpl-193d67db-d922-404e-9a90-1d0db3b45fdc/ozone-meta/scm-ha] (custom)
2022-02-10 16:29:16,425 [Time-limited test] INFO  server.RaftServer (RaftServerProxy.java:addNew(95)) - de59fd12-e5d5-4922-a4d0-c48f80cbb7f0: addNew group-1D0DB3B45FDC:[de59fd12-e5d5-4922-a4d0-c48f80cbb7f0|rpc:fv-az184-768:9894|priority:0] returns group-1D0DB3B45FDC:java.util.concurrent.CompletableFuture@141c4c06[Not completed]
2022-02-10 16:29:16,426 [pool-189-thread-1] INFO  server.RaftServer$Division (RaftServerImpl.java:<init>(184)) - de59fd12-e5d5-4922-a4d0-c48f80cbb7f0: new RaftServerImpl for group-1D0DB3B45FDC:[de59fd12-e5d5-4922-a4d0-c48f80cbb7f0|rpc:fv-az184-768:9894|priority:0] with SCMStateMachine:uninitialized
2022-02-10 16:29:16,427 [pool-189-thread-1] INFO  server.RaftServerConfigKeys (ConfUtils.java:logGet(44)) - raft.server.rpc.timeout.min = 5000ms (custom)
2022-02-10 16:29:16,427 [pool-189-thread-1] INFO  server.RaftServerConfigKeys (ConfUtils.java:logGet(44)) - raft.server.rpc.timeout.max = 5200ms (custom)
2022-02-10 16:29:16,427 [pool-189-thread-1] INFO  server.RaftServerConfigKeys (ConfUtils.java:logGet(44)) - raft.server.rpc.sleep.time = 25ms (default)
2022-02-10 16:29:16,427 [pool-189-thread-1] INFO  server.RaftServerConfigKeys (ConfUtils.java:logGet(44)) - raft.server.rpc.slowness.timeout = 120000ms (custom)
2022-02-10 16:29:16,427 [pool-189-thread-1] INFO  server.RaftServerConfigKeys (ConfUtils.java:logGet(44)) - raft.server.leaderelection.leader.step-down.wait-time = 10s (default)
2022-02-10 16:29:16,427 [pool-189-thread-1] INFO  server.RaftServerConfigKeys (ConfUtils.java:logGet(44)) - raft.server.sleep.deviation.threshold = 300ms (default)
2022-02-10 16:29:16,427 [pool-189-thread-1] INFO  server.RaftServerConfigKeys (ConfUtils.java:logGet(44)) - raft.server.log.appender.install.snapshot.enabled = false (custom)
2022-02-10 16:29:16,427 [pool-189-thread-1] INFO  server.RaftServer$Division (ServerState.java:<init>(105)) - de59fd12-e5d5-4922-a4d0-c48f80cbb7f0@group-1D0DB3B45FDC: ConfigurationManager, init=-1: [de59fd12-e5d5-4922-a4d0-c48f80cbb7f0|rpc:fv-az184-768:9894|priority:0], old=null, confs=<EMPTY_MAP>
2022-02-10 16:29:16,427 [pool-189-thread-1] INFO  server.RaftServerConfigKeys (ConfUtils.java:logGet(44)) - raft.server.storage.dir = [/home/runner/work/ozone/ozone/hadoop-ozone/integration-test/target/test-dir/MiniOzoneClusterImpl-193d67db-d922-404e-9a90-1d0db3b45fdc/ozone-meta/scm-ha] (custom)
2022-02-10 16:29:16,427 [pool-189-thread-1] INFO  server.RaftServerConfigKeys (ConfUtils.java:logGet(44)) - raft.server.log.corruption.policy = EXCEPTION (default)
2022-02-10 16:29:16,428 [pool-189-thread-1] INFO  server.RaftServerConfigKeys (ConfUtils.java:logGet(44)) - raft.server.storage.free-space.min = 0MB (=0) (default)
2022-02-10 16:29:16,428 [pool-189-thread-1] INFO  storage.RaftStorageDirectory (RaftStorageDirectoryImpl.java:analyzeStorage(135)) - The storage directory /home/runner/work/ozone/ozone/hadoop-ozone/integration-test/target/test-dir/MiniOzoneClusterImpl-193d67db-d922-404e-9a90-1d0db3b45fdc/ozone-meta/scm-ha/193d67db-d922-404e-9a90-1d0db3b45fdc does not exist. Creating ...
2022-02-10 16:29:16,429 [pool-189-thread-1] INFO  storage.RaftStorageDirectory (RaftStorageDirectoryImpl.java:tryLock(230)) - Lock on /home/runner/work/ozone/ozone/hadoop-ozone/integration-test/target/test-dir/MiniOzoneClusterImpl-193d67db-d922-404e-9a90-1d0db3b45fdc/ozone-meta/scm-ha/193d67db-d922-404e-9a90-1d0db3b45fdc/in_use.lock acquired by nodename 23668@fv-az184-768
2022-02-10 16:29:16,430 [pool-189-thread-1] INFO  storage.RaftStorage (RaftStorageImpl.java:format(89)) - Storage directory /home/runner/work/ozone/ozone/hadoop-ozone/integration-test/target/test-dir/MiniOzoneClusterImpl-193d67db-d922-404e-9a90-1d0db3b45fdc/ozone-meta/scm-ha/193d67db-d922-404e-9a90-1d0db3b45fdc has been successfully formatted.
2022-02-10 16:29:16,430 [pool-189-thread-1] INFO  server.RaftServerConfigKeys (ConfUtils.java:logGet(44)) - raft.server.notification.no-leader.timeout = 60s (default)
2022-02-10 16:29:16,430 [pool-189-thread-1] INFO  server.RaftServerConfigKeys (ConfUtils.java:logGet(44)) - raft.server.log.use.memory = false (default)
2022-02-10 16:29:16,431 [pool-189-thread-1] INFO  server.RaftServerConfigKeys (ConfUtils.java:logGet(44)) - raft.server.log.purge.gap = 1000000 (custom)
2022-02-10 16:29:16,432 [pool-189-thread-1] INFO  server.RaftServerConfigKeys (ConfUtils.java:logGet(44)) - raft.server.log.appender.buffer.byte-limit = 33554432 (custom)
2022-02-10 16:29:16,432 [pool-189-thread-1] INFO  server.RaftServerConfigKeys (ConfUtils.java:logGet(44)) - raft.server.log.segment.size.max = 4194304 (custom)
2022-02-10 16:29:16,432 [pool-189-thread-1] INFO  server.RaftServerConfigKeys (ConfUtils.java:logGet(44)) - raft.server.log.segment.cache.num.max = 2 (custom)
2022-02-10 16:29:16,432 [pool-189-thread-1] INFO  server.RaftServerConfigKeys (ConfUtils.java:logGet(44)) - raft.server.log.segment.cache.size.max = 200MB (=209715200) (default)
2022-02-10 16:29:16,432 [pool-189-thread-1] INFO  segmented.SegmentedRaftLogWorker (SegmentedRaftLogWorker.java:<init>(182)) - new de59fd12-e5d5-4922-a4d0-c48f80cbb7f0@group-1D0DB3B45FDC-SegmentedRaftLogWorker for RaftStorageImpl:Storage Directory /home/runner/work/ozone/ozone/hadoop-ozone/integration-test/target/test-dir/MiniOzoneClusterImpl-193d67db-d922-404e-9a90-1d0db3b45fdc/ozone-meta/scm-ha/193d67db-d922-404e-9a90-1d0db3b45fdc
2022-02-10 16:29:16,432 [pool-189-thread-1] INFO  server.RaftServerConfigKeys (ConfUtils.java:logGet(44)) - raft.server.log.queue.byte-limit = 64MB (=67108864) (default)
2022-02-10 16:29:16,432 [pool-189-thread-1] INFO  server.RaftServerConfigKeys (ConfUtils.java:logGet(44)) - raft.server.log.queue.element-limit = 4096 (default)
2022-02-10 16:29:16,432 [pool-189-thread-1] INFO  server.RaftServerConfigKeys (ConfUtils.java:logGet(44)) - raft.server.log.segment.size.max = 4194304 (custom)
2022-02-10 16:29:16,432 [pool-189-thread-1] INFO  server.RaftServerConfigKeys (ConfUtils.java:logGet(44)) - raft.server.log.preallocated.size = 4194304 (custom)
2022-02-10 16:29:16,433 [pool-189-thread-1] INFO  server.RaftServerConfigKeys (ConfUtils.java:logGet(44)) - raft.server.log.force.sync.num = 128 (default)
2022-02-10 16:29:16,433 [pool-189-thread-1] INFO  server.RaftServerConfigKeys (ConfUtils.java:logGet(44)) - raft.server.log.statemachine.data.sync = true (default)
2022-02-10 16:29:16,433 [pool-189-thread-1] INFO  server.RaftServerConfigKeys (ConfUtils.java:logGet(44)) - raft.server.log.statemachine.data.sync.timeout = 10s (default)
2022-02-10 16:29:16,433 [pool-189-thread-1] INFO  server.RaftServerConfigKeys (ConfUtils.java:logGet(44)) - raft.server.log.statemachine.data.sync.timeout.retry = -1 (default)
2022-02-10 16:29:16,433 [pool-189-thread-1] INFO  server.RaftServerConfigKeys (ConfUtils.java:logGet(44)) - raft.server.log.write.buffer.size = 64KB (=65536) (default)
2022-02-10 16:29:16,433 [pool-189-thread-1] INFO  server.RaftServerConfigKeys (ConfUtils.java:logGet(44)) - raft.server.log.statemachine.data.caching.enabled = false (default)
2022-02-10 16:29:16,434 [pool-189-thread-1] INFO  segmented.SegmentedRaftLogWorker (SegmentedRaftLogWorker.java:lambda$new$0(133)) - de59fd12-e5d5-4922-a4d0-c48f80cbb7f0@group-1D0DB3B45FDC-SegmentedRaftLogWorker: flushIndex: setUnconditionally 0 -> -1
2022-02-10 16:29:16,434 [pool-189-thread-1] INFO  segmented.SegmentedRaftLogWorker (SegmentedRaftLogWorker.java:lambda$new$0(133)) - de59fd12-e5d5-4922-a4d0-c48f80cbb7f0@group-1D0DB3B45FDC-SegmentedRaftLogWorker: safeCacheEvictIndex: setUnconditionally 0 -> -1
2022-02-10 16:29:16,443 [pool-189-thread-1] INFO  server.RaftServerConfigKeys (ConfUtils.java:logGet(44)) - raft.server.snapshot.auto.trigger.enabled = true (custom)
2022-02-10 16:29:16,443 [pool-189-thread-1] INFO  server.RaftServerConfigKeys (ConfUtils.java:logGet(44)) - raft.server.snapshot.auto.trigger.threshold = 1000 (custom)
2022-02-10 16:29:16,443 [pool-189-thread-1] INFO  server.RaftServerConfigKeys (ConfUtils.java:logGet(44)) - raft.server.snapshot.retention.file.num = -1 (default)
2022-02-10 16:29:16,443 [pool-189-thread-1] INFO  server.RaftServerConfigKeys (ConfUtils.java:logGet(44)) - raft.server.log.purge.upto.snapshot.index = false (default)
2022-02-10 16:29:16,443 [pool-189-thread-1] INFO  server.RaftServerConfigKeys (ConfUtils.java:logGet(44)) - raft.server.retrycache.expirytime = 60000ms (default)
2022-02-10 16:29:16,443 [pool-189-thread-1] INFO  server.RaftServerConfigKeys (ConfUtils.java:logGet(44)) - raft.server.retrycache.statistics.expirytime = 100μs (default)
2022-02-10 16:29:16,451 [Time-limited test] INFO  server.RaftServer$Division (RaftServerImpl.java:start(301)) - de59fd12-e5d5-4922-a4d0-c48f80cbb7f0@group-1D0DB3B45FDC: start as a follower, conf=-1: [de59fd12-e5d5-4922-a4d0-c48f80cbb7f0|rpc:fv-az184-768:9894|priority:0], old=null
2022-02-10 16:29:16,451 [Time-limited test] INFO  server.RaftServer$Division (RaftServerImpl.java:setRole(290)) - de59fd12-e5d5-4922-a4d0-c48f80cbb7f0@group-1D0DB3B45FDC: changes role from      null to FOLLOWER at term 0 for startAsFollower
2022-02-10 16:29:16,451 [Time-limited test] INFO  impl.RoleInfo (RoleInfo.java:updateAndGet(130)) - de59fd12-e5d5-4922-a4d0-c48f80cbb7f0: start de59fd12-e5d5-4922-a4d0-c48f80cbb7f0@group-1D0DB3B45FDC-FollowerState
2022-02-10 16:29:16,459 [Time-limited test] INFO  util.JmxRegister (JmxRegister.java:tryRegister(44)) - Successfully registered JMX Bean with object name Ratis:service=RaftServer,group=group-1D0DB3B45FDC,id=de59fd12-e5d5-4922-a4d0-c48f80cbb7f0
2022-02-10 16:29:16,475 [Time-limited test] INFO  server.RaftServer (RaftServerProxy.java:lambda$start$5(374)) - de59fd12-e5d5-4922-a4d0-c48f80cbb7f0: start RPC server
2022-02-10 16:29:16,476 [Time-limited test] INFO  server.GrpcService (GrpcService.java:startImpl(253)) - de59fd12-e5d5-4922-a4d0-c48f80cbb7f0: GrpcService started, listening on 9894
2022-02-10 16:29:16,477 [org.apache.ratis.util.JvmPauseMonitor$$Lambda$431/358420740@3c539574] INFO  util.JvmPauseMonitor (JvmPauseMonitor.java:run(103)) - JvmPauseMonitor-de59fd12-e5d5-4922-a4d0-c48f80cbb7f0: Started
2022-02-10 16:29:21,536 [de59fd12-e5d5-4922-a4d0-c48f80cbb7f0@group-1D0DB3B45FDC-FollowerState] INFO  impl.FollowerState (FollowerState.java:run(134)) - de59fd12-e5d5-4922-a4d0-c48f80cbb7f0@group-1D0DB3B45FDC-FollowerState: change to CANDIDATE, lastRpcElapsedTime:5085277205ns, electionTimeout:5077ms
2022-02-10 16:29:21,536 [de59fd12-e5d5-4922-a4d0-c48f80cbb7f0@group-1D0DB3B45FDC-FollowerState] INFO  impl.RoleInfo (RoleInfo.java:shutdownFollowerState(108)) - de59fd12-e5d5-4922-a4d0-c48f80cbb7f0: shutdown de59fd12-e5d5-4922-a4d0-c48f80cbb7f0@group-1D0DB3B45FDC-FollowerState
2022-02-10 16:29:21,537 [de59fd12-e5d5-4922-a4d0-c48f80cbb7f0@group-1D0DB3B45FDC-FollowerState] INFO  server.RaftServer$Division (RaftServerImpl.java:setRole(290)) - de59fd12-e5d5-4922-a4d0-c48f80cbb7f0@group-1D0DB3B45FDC: changes role from  FOLLOWER to CANDIDATE at term 0 for changeToCandidate
2022-02-10 16:29:21,537 [de59fd12-e5d5-4922-a4d0-c48f80cbb7f0@group-1D0DB3B45FDC-FollowerState] INFO  server.RaftServerConfigKeys (ConfUtils.java:logGet(44)) - raft.server.leaderelection.pre-vote = false (custom)
2022-02-10 16:29:21,537 [de59fd12-e5d5-4922-a4d0-c48f80cbb7f0@group-1D0DB3B45FDC-FollowerState] INFO  impl.RoleInfo (RoleInfo.java:updateAndGet(130)) - de59fd12-e5d5-4922-a4d0-c48f80cbb7f0: start de59fd12-e5d5-4922-a4d0-c48f80cbb7f0@group-1D0DB3B45FDC-LeaderElection16
2022-02-10 16:29:21,563 [de59fd12-e5d5-4922-a4d0-c48f80cbb7f0@group-1D0DB3B45FDC-LeaderElection16] INFO  impl.LeaderElection (LeaderElection.java:askForVotes(306)) - de59fd12-e5d5-4922-a4d0-c48f80cbb7f0@group-1D0DB3B45FDC-LeaderElection16 ELECTION round 0: submit vote requests at term 1 for -1: [de59fd12-e5d5-4922-a4d0-c48f80cbb7f0|rpc:fv-az184-768:9894|priority:0], old=null
2022-02-10 16:29:21,563 [de59fd12-e5d5-4922-a4d0-c48f80cbb7f0@group-1D0DB3B45FDC-LeaderElection16] INFO  impl.LeaderElection (LeaderElection.java:askForVotes(308)) - de59fd12-e5d5-4922-a4d0-c48f80cbb7f0@group-1D0DB3B45FDC-LeaderElection16 ELECTION round 0: result PASSED (term=1)
2022-02-10 16:29:21,563 [de59fd12-e5d5-4922-a4d0-c48f80cbb7f0@group-1D0DB3B45FDC-LeaderElection16] INFO  impl.RoleInfo (RoleInfo.java:shutdownLeaderElection(121)) - de59fd12-e5d5-4922-a4d0-c48f80cbb7f0: shutdown de59fd12-e5d5-4922-a4d0-c48f80cbb7f0@group-1D0DB3B45FDC-LeaderElection16
2022-02-10 16:29:21,563 [de59fd12-e5d5-4922-a4d0-c48f80cbb7f0@group-1D0DB3B45FDC-LeaderElection16] INFO  server.RaftServer$Division (RaftServerImpl.java:setRole(290)) - de59fd12-e5d5-4922-a4d0-c48f80cbb7f0@group-1D0DB3B45FDC: changes role from CANDIDATE to LEADER at term 1 for changeToLeader
2022-02-10 16:29:21,563 [de59fd12-e5d5-4922-a4d0-c48f80cbb7f0@group-1D0DB3B45FDC-LeaderElection16] INFO  server.RaftServer$Division (ServerState.java:setLeader(285)) - de59fd12-e5d5-4922-a4d0-c48f80cbb7f0@group-1D0DB3B45FDC: change Leader from null to de59fd12-e5d5-4922-a4d0-c48f80cbb7f0 at term 1 for becomeLeader, leader elected after 5132ms
2022-02-10 16:29:21,563 [de59fd12-e5d5-4922-a4d0-c48f80cbb7f0@group-1D0DB3B45FDC-LeaderElection16] INFO  server.RaftServerConfigKeys (ConfUtils.java:logGet(44)) - raft.server.staging.catchup.gap = 1000 (default)
2022-02-10 16:29:21,563 [de59fd12-e5d5-4922-a4d0-c48f80cbb7f0@group-1D0DB3B45FDC-LeaderElection16] INFO  server.RaftServerConfigKeys (ConfUtils.java:logGet(44)) - raft.server.write.element-limit = 4096 (default)
2022-02-10 16:29:21,564 [de59fd12-e5d5-4922-a4d0-c48f80cbb7f0@group-1D0DB3B45FDC-LeaderElection16] INFO  server.RaftServerConfigKeys (ConfUtils.java:logGet(44)) - raft.server.write.byte-limit = 64MB (=67108864) (default)
2022-02-10 16:29:21,564 [de59fd12-e5d5-4922-a4d0-c48f80cbb7f0@group-1D0DB3B45FDC-LeaderElection16] INFO  server.RaftServerConfigKeys (ConfUtils.java:logGet(44)) - raft.server.watch.timeout = 10s (default)
2022-02-10 16:29:21,564 [de59fd12-e5d5-4922-a4d0-c48f80cbb7f0@group-1D0DB3B45FDC-LeaderElection16] INFO  server.RaftServerConfigKeys (ConfUtils.java:logGet(44)) - raft.server.watch.timeout.denomination = 1s (default)
2022-02-10 16:29:21,564 [de59fd12-e5d5-4922-a4d0-c48f80cbb7f0@group-1D0DB3B45FDC-LeaderElection16] INFO  server.RaftServerConfigKeys (ConfUtils.java:logGet(44)) - raft.server.watch.element-limit = 65536 (default)
2022-02-10 16:29:21,564 [de59fd12-e5d5-4922-a4d0-c48f80cbb7f0@group-1D0DB3B45FDC-LeaderElection16] INFO  server.RaftServerConfigKeys (ConfUtils.java:logGet(44)) - raft.server.write.element-limit = 4096 (default)
2022-02-10 16:29:21,564 [de59fd12-e5d5-4922-a4d0-c48f80cbb7f0@group-1D0DB3B45FDC-LeaderElection16] INFO  server.RaftServerConfigKeys (ConfUtils.java:logGet(44)) - raft.server.write.follower.gap.ratio.max = -1.0 (default)
2022-02-10 16:29:21,564 [de59fd12-e5d5-4922-a4d0-c48f80cbb7f0@group-1D0DB3B45FDC-LeaderElection16] INFO  impl.RoleInfo (RoleInfo.java:updateAndGet(130)) - de59fd12-e5d5-4922-a4d0-c48f80cbb7f0: start de59fd12-e5d5-4922-a4d0-c48f80cbb7f0@group-1D0DB3B45FDC-LeaderStateImpl
2022-02-10 16:29:21,565 [de59fd12-e5d5-4922-a4d0-c48f80cbb7f0@group-1D0DB3B45FDC-LeaderElection16] INFO  segmented.SegmentedRaftLogWorker (SegmentedRaftLogWorker.java:startLogSegment(394)) - de59fd12-e5d5-4922-a4d0-c48f80cbb7f0@group-1D0DB3B45FDC-SegmentedRaftLogWorker: Starting segment from index:0
2022-02-10 16:29:21,579 [de59fd12-e5d5-4922-a4d0-c48f80cbb7f0@group-1D0DB3B45FDC-SegmentedRaftLogWorker] INFO  segmented.SegmentedRaftLogWorker (SegmentedRaftLogWorker.java:execute(601)) - de59fd12-e5d5-4922-a4d0-c48f80cbb7f0@group-1D0DB3B45FDC-SegmentedRaftLogWorker: created new log segment /home/runner/work/ozone/ozone/hadoop-ozone/integration-test/target/test-dir/MiniOzoneClusterImpl-193d67db-d922-404e-9a90-1d0db3b45fdc/ozone-meta/scm-ha/193d67db-d922-404e-9a90-1d0db3b45fdc/current/log_inprogress_0
2022-02-10 16:29:21,583 [de59fd12-e5d5-4922-a4d0-c48f80cbb7f0@group-1D0DB3B45FDC-LeaderElection16] INFO  server.RaftServer$Division (ServerState.java:setRaftConf(387)) - de59fd12-e5d5-4922-a4d0-c48f80cbb7f0@group-1D0DB3B45FDC: set configuration 0: [de59fd12-e5d5-4922-a4d0-c48f80cbb7f0|rpc:fv-az184-768:9894|admin:|client:|dataStream:|priority:0], old=null
2022-02-10 16:29:22,477 [Time-limited test] INFO  server.RaftServer (RaftServerProxy.java:lambda$close$6(391)) - de59fd12-e5d5-4922-a4d0-c48f80cbb7f0: close
2022-02-10 16:29:22,478 [Time-limited test] INFO  server.RaftServer$Division (RaftServerImpl.java:lambda$close$4(412)) - de59fd12-e5d5-4922-a4d0-c48f80cbb7f0@group-1D0DB3B45FDC: shutdown
2022-02-10 16:29:22,478 [Time-limited test] INFO  util.JmxRegister (JmxRegister.java:unregister(73)) - Successfully un-registered JMX Bean with object name Ratis:service=RaftServer,group=group-1D0DB3B45FDC,id=de59fd12-e5d5-4922-a4d0-c48f80cbb7f0
2022-02-10 16:29:22,478 [Time-limited test] INFO  impl.RoleInfo (RoleInfo.java:shutdownLeaderState(91)) - de59fd12-e5d5-4922-a4d0-c48f80cbb7f0: shutdown de59fd12-e5d5-4922-a4d0-c48f80cbb7f0@group-1D0DB3B45FDC-LeaderStateImpl
2022-02-10 16:29:22,478 [Time-limited test] INFO  impl.PendingRequests (PendingRequests.java:sendNotLeaderResponses(282)) - de59fd12-e5d5-4922-a4d0-c48f80cbb7f0@group-1D0DB3B45FDC-PendingRequests: sendNotLeaderResponses
2022-02-10 16:29:22,479 [Time-limited test] INFO  impl.StateMachineUpdater (StateMachineUpdater.java:stopAndJoin(149)) - de59fd12-e5d5-4922-a4d0-c48f80cbb7f0@group-1D0DB3B45FDC-StateMachineUpdater: set stopIndex = 0
2022-02-10 16:29:22,479 [de59fd12-e5d5-4922-a4d0-c48f80cbb7f0@group-1D0DB3B45FDC-StateMachineUpdater] INFO  impl.StateMachineUpdater (StateMachineUpdater.java:takeSnapshot(281)) - de59fd12-e5d5-4922-a4d0-c48f80cbb7f0@group-1D0DB3B45FDC-StateMachineUpdater: Took a snapshot at index 0
2022-02-10 16:29:22,479 [de59fd12-e5d5-4922-a4d0-c48f80cbb7f0@group-1D0DB3B45FDC-StateMachineUpdater] INFO  impl.StateMachineUpdater (StateMachineUpdater.java:lambda$new$0(89)) - de59fd12-e5d5-4922-a4d0-c48f80cbb7f0@group-1D0DB3B45FDC-StateMachineUpdater: snapshotIndex: updateIncreasingly -1 -> 0
2022-02-10 16:29:22,480 [Time-limited test] INFO  server.RaftServer$Division (ServerState.java:close(419)) - de59fd12-e5d5-4922-a4d0-c48f80cbb7f0@group-1D0DB3B45FDC: closes. applyIndex: 0
2022-02-10 16:29:22,480 [de59fd12-e5d5-4922-a4d0-c48f80cbb7f0@group-1D0DB3B45FDC-SegmentedRaftLogWorker] INFO  segmented.SegmentedRaftLogWorker (SegmentedRaftLogWorker.java:run(327)) - de59fd12-e5d5-4922-a4d0-c48f80cbb7f0@group-1D0DB3B45FDC-SegmentedRaftLogWorker was interrupted, exiting. There are 0 tasks remaining in the queue.
2022-02-10 16:29:22,481 [Time-limited test] INFO  segmented.SegmentedRaftLogWorker (SegmentedRaftLogWorker.java:close(237)) - de59fd12-e5d5-4922-a4d0-c48f80cbb7f0@group-1D0DB3B45FDC-SegmentedRaftLogWorker close()
2022-02-10 16:29:22,502 [Time-limited test] INFO  server.GrpcService (GrpcService.java:closeImpl(262)) - de59fd12-e5d5-4922-a4d0-c48f80cbb7f0: shutdown server with port 9894 now
2022-02-10 16:29:22,503 [Time-limited test] INFO  server.GrpcService (GrpcService.java:closeImpl(271)) - de59fd12-e5d5-4922-a4d0-c48f80cbb7f0: shutdown server with port 9894 successfully
2022-02-10 16:29:22,503 [org.apache.ratis.util.JvmPauseMonitor$$Lambda$431/358420740@3c539574] INFO  util.JvmPauseMonitor (JvmPauseMonitor.java:run(109)) - JvmPauseMonitor-de59fd12-e5d5-4922-a4d0-c48f80cbb7f0: Stopped
2022-02-10 16:29:22,503 [Time-limited test] INFO  ha.SCMHANodeDetails (SCMHANodeDetails.java:loadSCMHAConfig(157)) - ServiceID for StorageContainerManager is null
2022-02-10 16:29:22,503 [Time-limited test] INFO  ha.SCMHANodeDetails (SCMHANodeDetails.java:loadSCMHAConfig(162)) - ozone.scm.default.service.id is not defined, falling back to ozone.scm.service.ids to find serviceID for StorageContainerManager if it is HA enabled cluster
2022-02-10 16:29:22,505 [Time-limited test] WARN  server.ServerUtils (ServerUtils.java:getScmDbDir(148)) - ozone.scm.db.dirs is not configured. We recommend adding this setting. Falling back to ozone.metadata.dirs instead.
2022-02-10 16:29:22,506 [Time-limited test] INFO  upgrade.AbstractLayoutVersionManager (AbstractLayoutVersionManager.java:init(79)) - Initializing Layout version manager with metadata layout = SCM_HA (version = 2), software layout = SCM_HA (version = 2)
2022-02-10 16:29:22,652 [Time-limited test] INFO  reflections.Reflections (Reflections.java:scan(232)) - Reflections took 145 ms to scan 7 urls, producing 119 keys and 279 values 
2022-02-10 16:29:22,666 [Time-limited test] WARN  utils.HAUtils (HAUtils.java:getMetaDir(342)) - ozone.scm.db.dirs is not configured. We recommend adding this setting. Falling back to ozone.metadata.dirs instead.
2022-02-10 16:29:22,671 [Time-limited test] WARN  db.DBStoreBuilder (DBStoreBuilder.java:applyDBDefinition(145)) - ozone.scm.db.dirs is not configured. We recommend adding this setting. Falling back to ozone.metadata.dirs instead.
2022-02-10 16:29:22,920 [Time-limited test] INFO  net.NodeSchemaLoader (NodeSchemaLoader.java:loadSchemaFromFile(129)) - Loading schema from [jar:file:/home/runner/.m2/repository/org/apache/ozone/hdds-common/1.3.0-SNAPSHOT/hdds-common-1.3.0-SNAPSHOT.jar!/network-topology-default.xml]
2022-02-10 16:29:22,943 [Time-limited test] INFO  net.NodeSchemaLoader (NodeSchemaLoader.java:loadSchema(176)) - Loading network topology layer schema file
2022-02-10 16:29:22,954 [Time-limited test] INFO  ha.SCMRatisServerImpl (SCMRatisServerImpl.java:<init>(87)) - starting Raft server for scm:de59fd12-e5d5-4922-a4d0-c48f80cbb7f0
2022-02-10 16:29:22,955 [Time-limited test] INFO  server.RaftServer (ConfUtils.java:logGet(44)) - raft.rpc.type = GRPC (default)
2022-02-10 16:29:22,956 [Time-limited test] INFO  grpc.GrpcFactory (GrpcFactory.java:checkPooledByteBufAllocatorUseCacheForAllThreads(48)) - PERFORMANCE WARNING: useCacheForAllThreads is true that may cause Netty to create a lot garbage objects and, as a result, trigger GC.
	It is recommended to disable useCacheForAllThreads by setting -Dorg.apache.ratis.thirdparty.io.netty.allocator.useCacheForAllThreads=false in command line.
2022-02-10 16:29:22,958 [Time-limited test] INFO  grpc.GrpcConfigKeys (ConfUtils.java:logGet(44)) - raft.grpc.admin.port = -1 (default)
2022-02-10 16:29:22,959 [Time-limited test] INFO  grpc.GrpcConfigKeys (ConfUtils.java:logGet(44)) - raft.grpc.server.port = 9894 (custom)
2022-02-10 16:29:22,959 [Time-limited test] INFO  grpc.GrpcConfigKeys (ConfUtils.java:logGet(44)) - raft.grpc.client.port = -1 (default)
2022-02-10 16:29:22,962 [Time-limited test] INFO  grpc.GrpcConfigKeys (ConfUtils.java:logGet(44)) - raft.grpc.server.port = 9894 (custom)
2022-02-10 16:29:22,963 [Time-limited test] INFO  grpc.GrpcConfigKeys (ConfUtils.java:logGet(44)) - raft.grpc.server.port = 9894 (custom)
2022-02-10 16:29:22,963 [Time-limited test] INFO  server.GrpcService (ConfUtils.java:logGet(44)) - raft.grpc.message.size.max = 32m (=33554432) (custom)
2022-02-10 16:29:22,963 [Time-limited test] INFO  server.RaftServerConfigKeys (ConfUtils.java:logGet(44)) - raft.server.log.appender.buffer.byte-limit = 33554432 (custom)
2022-02-10 16:29:22,963 [Time-limited test] INFO  server.GrpcService (ConfUtils.java:logGet(44)) - raft.grpc.flow.control.window = 1MB (=1048576) (default)
2022-02-10 16:29:22,963 [Time-limited test] INFO  server.RaftServerConfigKeys (ConfUtils.java:logGet(44)) - raft.server.rpc.request.timeout = 30000ms (custom)
2022-02-10 16:29:22,964 [Time-limited test] INFO  impl.DataStreamServerImpl (ConfUtils.java:logGet(44)) - raft.datastream.type = DISABLED (default)
2022-02-10 16:29:22,971 [Time-limited test] INFO  server.RaftServerConfigKeys (ConfUtils.java:logGet(44)) - raft.server.rpc.slowness.timeout = 120000ms (custom)
2022-02-10 16:29:22,971 [Time-limited test] INFO  server.RaftServerConfigKeys (ConfUtils.java:logGet(44)) - raft.server.leaderelection.leader.step-down.wait-time = 10s (default)
2022-02-10 16:29:22,971 [Time-limited test] INFO  server.RaftServerConfigKeys (ConfUtils.java:logGet(44)) - raft.server.storage.dir = [/home/runner/work/ozone/ozone/hadoop-ozone/integration-test/target/test-dir/MiniOzoneClusterImpl-193d67db-d922-404e-9a90-1d0db3b45fdc/ozone-meta/scm-ha] (custom)
2022-02-10 16:29:22,971 [Time-limited test] INFO  server.RaftServer (RaftServerProxy.java:lambda$null$1(235)) - de59fd12-e5d5-4922-a4d0-c48f80cbb7f0: found a subdirectory /home/runner/work/ozone/ozone/hadoop-ozone/integration-test/target/test-dir/MiniOzoneClusterImpl-193d67db-d922-404e-9a90-1d0db3b45fdc/ozone-meta/scm-ha/193d67db-d922-404e-9a90-1d0db3b45fdc
2022-02-10 16:29:22,975 [Time-limited test] INFO  server.RaftServer (RaftServerProxy.java:addNew(95)) - de59fd12-e5d5-4922-a4d0-c48f80cbb7f0: addNew group-1D0DB3B45FDC:[] returns group-1D0DB3B45FDC:java.util.concurrent.CompletableFuture@57e167fa[Not completed]
2022-02-10 16:29:22,975 [pool-202-thread-1] INFO  server.RaftServer$Division (RaftServerImpl.java:<init>(184)) - de59fd12-e5d5-4922-a4d0-c48f80cbb7f0: new RaftServerImpl for group-1D0DB3B45FDC:[] with SCMStateMachine:uninitialized
2022-02-10 16:29:22,987 [pool-202-thread-1] INFO  server.RaftServerConfigKeys (ConfUtils.java:logGet(44)) - raft.server.rpc.timeout.min = 5000ms (custom)
2022-02-10 16:29:22,987 [pool-202-thread-1] INFO  server.RaftServerConfigKeys (ConfUtils.java:logGet(44)) - raft.server.rpc.timeout.max = 5200ms (custom)
2022-02-10 16:29:22,987 [pool-202-thread-1] INFO  server.RaftServerConfigKeys (ConfUtils.java:logGet(44)) - raft.server.rpc.sleep.time = 25ms (default)
2022-02-10 16:29:22,987 [pool-202-thread-1] INFO  server.RaftServerConfigKeys (ConfUtils.java:logGet(44)) - raft.server.rpc.slowness.timeout = 120000ms (custom)
2022-02-10 16:29:22,987 [pool-202-thread-1] INFO  server.RaftServerConfigKeys (ConfUtils.java:logGet(44)) - raft.server.leaderelection.leader.step-down.wait-time = 10s (default)
2022-02-10 16:29:22,987 [pool-202-thread-1] INFO  server.RaftServerConfigKeys (ConfUtils.java:logGet(44)) - raft.server.sleep.deviation.threshold = 300ms (default)
2022-02-10 16:29:22,987 [pool-202-thread-1] INFO  server.RaftServerConfigKeys (ConfUtils.java:logGet(44)) - raft.server.log.appender.install.snapshot.enabled = false (custom)
2022-02-10 16:29:22,987 [pool-202-thread-1] INFO  server.RaftServer$Division (ServerState.java:<init>(105)) - de59fd12-e5d5-4922-a4d0-c48f80cbb7f0@group-1D0DB3B45FDC: ConfigurationManager, init=-1: [], old=null, confs=<EMPTY_MAP>
2022-02-10 16:29:22,988 [pool-202-thread-1] INFO  server.RaftServerConfigKeys (ConfUtils.java:logGet(44)) - raft.server.storage.dir = [/home/runner/work/ozone/ozone/hadoop-ozone/integration-test/target/test-dir/MiniOzoneClusterImpl-193d67db-d922-404e-9a90-1d0db3b45fdc/ozone-meta/scm-ha] (custom)
2022-02-10 16:29:22,988 [pool-202-thread-1] INFO  server.RaftServerConfigKeys (ConfUtils.java:logGet(44)) - raft.server.log.corruption.policy = EXCEPTION (default)
2022-02-10 16:29:22,988 [pool-202-thread-1] INFO  server.RaftServerConfigKeys (ConfUtils.java:logGet(44)) - raft.server.storage.free-space.min = 0MB (=0) (default)
2022-02-10 16:29:22,997 [pool-202-thread-1] INFO  storage.RaftStorageDirectory (RaftStorageDirectoryImpl.java:tryLock(230)) - Lock on /home/runner/work/ozone/ozone/hadoop-ozone/integration-test/target/test-dir/MiniOzoneClusterImpl-193d67db-d922-404e-9a90-1d0db3b45fdc/ozone-meta/scm-ha/193d67db-d922-404e-9a90-1d0db3b45fdc/in_use.lock acquired by nodename 23668@fv-az184-768
2022-02-10 16:29:22,998 [pool-202-thread-1] INFO  storage.RaftStorage (RaftStorageImpl.java:analyzeAndRecoverStorage(110)) - Read RaftStorageMetadata{term=1, votedFor=de59fd12-e5d5-4922-a4d0-c48f80cbb7f0} from /home/runner/work/ozone/ozone/hadoop-ozone/integration-test/target/test-dir/MiniOzoneClusterImpl-193d67db-d922-404e-9a90-1d0db3b45fdc/ozone-meta/scm-ha/193d67db-d922-404e-9a90-1d0db3b45fdc/current/raft-meta
2022-02-10 16:29:22,998 [pool-202-thread-1] INFO  server.RaftServer$Division (ServerState.java:setRaftConf(387)) - de59fd12-e5d5-4922-a4d0-c48f80cbb7f0@group-1D0DB3B45FDC: set configuration 0: [de59fd12-e5d5-4922-a4d0-c48f80cbb7f0|rpc:fv-az184-768:9894|admin:|client:|dataStream:|priority:0], old=null
2022-02-10 16:29:22,998 [pool-202-thread-1] INFO  server.RaftServerConfigKeys (ConfUtils.java:logGet(44)) - raft.server.notification.no-leader.timeout = 60s (default)
2022-02-10 16:29:22,998 [pool-202-thread-1] INFO  server.RaftServerConfigKeys (ConfUtils.java:logGet(44)) - raft.server.log.use.memory = false (default)
2022-02-10 16:29:22,998 [pool-202-thread-1] INFO  server.RaftServerConfigKeys (ConfUtils.java:logGet(44)) - raft.server.log.purge.gap = 1000000 (custom)
2022-02-10 16:29:22,998 [pool-202-thread-1] INFO  server.RaftServerConfigKeys (ConfUtils.java:logGet(44)) - raft.server.log.appender.buffer.byte-limit = 33554432 (custom)
2022-02-10 16:29:22,999 [pool-202-thread-1] INFO  server.RaftServerConfigKeys (ConfUtils.java:logGet(44)) - raft.server.log.segment.size.max = 4194304 (custom)
2022-02-10 16:29:22,999 [pool-202-thread-1] INFO  server.RaftServerConfigKeys (ConfUtils.java:logGet(44)) - raft.server.log.segment.cache.num.max = 2 (custom)
2022-02-10 16:29:22,999 [pool-202-thread-1] INFO  server.RaftServerConfigKeys (ConfUtils.java:logGet(44)) - raft.server.log.segment.cache.size.max = 200MB (=209715200) (default)
2022-02-10 16:29:22,999 [pool-202-thread-1] INFO  segmented.SegmentedRaftLogWorker (SegmentedRaftLogWorker.java:<init>(182)) - new de59fd12-e5d5-4922-a4d0-c48f80cbb7f0@group-1D0DB3B45FDC-SegmentedRaftLogWorker for RaftStorageImpl:Storage Directory /home/runner/work/ozone/ozone/hadoop-ozone/integration-test/target/test-dir/MiniOzoneClusterImpl-193d67db-d922-404e-9a90-1d0db3b45fdc/ozone-meta/scm-ha/193d67db-d922-404e-9a90-1d0db3b45fdc
2022-02-10 16:29:22,999 [pool-202-thread-1] INFO  server.RaftServerConfigKeys (ConfUtils.java:logGet(44)) - raft.server.log.queue.byte-limit = 64MB (=67108864) (default)
2022-02-10 16:29:22,999 [pool-202-thread-1] INFO  server.RaftServerConfigKeys (ConfUtils.java:logGet(44)) - raft.server.log.queue.element-limit = 4096 (default)
2022-02-10 16:29:22,999 [pool-202-thread-1] INFO  server.RaftServerConfigKeys (ConfUtils.java:logGet(44)) - raft.server.log.segment.size.max = 4194304 (custom)
2022-02-10 16:29:22,999 [pool-202-thread-1] INFO  server.RaftServerConfigKeys (ConfUtils.java:logGet(44)) - raft.server.log.preallocated.size = 4194304 (custom)
2022-02-10 16:29:22,999 [pool-202-thread-1] INFO  server.RaftServerConfigKeys (ConfUtils.java:logGet(44)) - raft.server.log.force.sync.num = 128 (default)
2022-02-10 16:29:22,999 [pool-202-thread-1] INFO  server.RaftServerConfigKeys (ConfUtils.java:logGet(44)) - raft.server.log.statemachine.data.sync = true (default)
2022-02-10 16:29:23,000 [pool-202-thread-1] INFO  server.RaftServerConfigKeys (ConfUtils.java:logGet(44)) - raft.server.log.statemachine.data.sync.timeout = 10s (default)
2022-02-10 16:29:23,000 [pool-202-thread-1] INFO  server.RaftServerConfigKeys (ConfUtils.java:logGet(44)) - raft.server.log.statemachine.data.sync.timeout.retry = -1 (default)
2022-02-10 16:29:23,000 [pool-202-thread-1] INFO  server.RaftServerConfigKeys (ConfUtils.java:logGet(44)) - raft.server.log.write.buffer.size = 64KB (=65536) (default)
2022-02-10 16:29:23,000 [pool-202-thread-1] INFO  server.RaftServerConfigKeys (ConfUtils.java:logGet(44)) - raft.server.log.statemachine.data.caching.enabled = false (default)
2022-02-10 16:29:23,001 [pool-202-thread-1] INFO  server.RaftServer$Division (ServerState.java:setRaftConf(387)) - de59fd12-e5d5-4922-a4d0-c48f80cbb7f0@group-1D0DB3B45FDC: set configuration 0: [de59fd12-e5d5-4922-a4d0-c48f80cbb7f0|rpc:fv-az184-768:9894|admin:|client:|dataStream:|priority:0], old=null
2022-02-10 16:29:23,001 [pool-202-thread-1] INFO  segmented.LogSegment (LogSegment.java:loadSegment(173)) - Successfully read 1 entries from segment file /home/runner/work/ozone/ozone/hadoop-ozone/integration-test/target/test-dir/MiniOzoneClusterImpl-193d67db-d922-404e-9a90-1d0db3b45fdc/ozone-meta/scm-ha/193d67db-d922-404e-9a90-1d0db3b45fdc/current/log_inprogress_0
2022-02-10 16:29:23,023 [pool-202-thread-1] INFO  segmented.SegmentedRaftLogWorker (SegmentedRaftLogWorker.java:lambda$new$0(133)) - de59fd12-e5d5-4922-a4d0-c48f80cbb7f0@group-1D0DB3B45FDC-SegmentedRaftLogWorker: flushIndex: setUnconditionally 0 -> 0
2022-02-10 16:29:23,023 [pool-202-thread-1] INFO  segmented.SegmentedRaftLogWorker (SegmentedRaftLogWorker.java:lambda$new$0(133)) - de59fd12-e5d5-4922-a4d0-c48f80cbb7f0@group-1D0DB3B45FDC-SegmentedRaftLogWorker: safeCacheEvictIndex: setUnconditionally 0 -> -1
2022-02-10 16:29:23,039 [pool-202-thread-1] INFO  server.RaftServerConfigKeys (ConfUtils.java:logGet(44)) - raft.server.snapshot.auto.trigger.enabled = true (custom)
2022-02-10 16:29:23,039 [pool-202-thread-1] INFO  server.RaftServerConfigKeys (ConfUtils.java:logGet(44)) - raft.server.snapshot.auto.trigger.threshold = 1000 (custom)
2022-02-10 16:29:23,039 [pool-202-thread-1] INFO  server.RaftServerConfigKeys (ConfUtils.java:logGet(44)) - raft.server.snapshot.retention.file.num = -1 (default)
2022-02-10 16:29:23,039 [pool-202-thread-1] INFO  server.RaftServerConfigKeys (ConfUtils.java:logGet(44)) - raft.server.log.purge.upto.snapshot.index = false (default)
2022-02-10 16:29:23,039 [pool-202-thread-1] INFO  server.RaftServerConfigKeys (ConfUtils.java:logGet(44)) - raft.server.retrycache.expirytime = 60000ms (default)
2022-02-10 16:29:23,039 [pool-202-thread-1] INFO  server.RaftServerConfigKeys (ConfUtils.java:logGet(44)) - raft.server.retrycache.statistics.expirytime = 100μs (default)
2022-02-10 16:29:23,042 [Time-limited test] INFO  ha.SCMSnapshotProvider (SCMSnapshotProvider.java:<init>(66)) - Initializing SCM Snapshot Provider
2022-02-10 16:29:23,044 [Time-limited test] WARN  server.ServerUtils (ServerUtils.java:getDefaultRatisDirectory(237)) - Storage directory for Ratis is not configured. It is a good idea to map this to an SSD disk. Falling back to ozone.metadata.dirs
2022-02-10 16:29:23,044 [Time-limited test] WARN  ha.SCMHAUtils (SCMHAUtils.java:getSCMRatisSnapshotDirectory(146)) - SCM snapshot dir is not configured. Falling back to ozone.metadata.dirs config
2022-02-10 16:29:23,045 [Time-limited test] INFO  ha.SequenceIdGenerator (SequenceIdGenerator.java:upgradeToSequenceId(347)) - upgrade localId to 109611004723200000
2022-02-10 16:29:23,051 [Time-limited test] INFO  ha.SequenceIdGenerator (SequenceIdGenerator.java:upgradeToSequenceId(357)) - upgrade delTxnId to 0
2022-02-10 16:29:23,051 [Time-limited test] INFO  ha.SequenceIdGenerator (SequenceIdGenerator.java:upgradeToSequenceId(371)) - upgrade containerId to 0
2022-02-10 16:29:23,051 [Time-limited test] INFO  ha.SequenceIdGenerator (SequenceIdGenerator.java:<init>(218)) - Init the HA SequenceIdGenerator.
2022-02-10 16:29:23,052 [Time-limited test] WARN  server.ServerUtils (ServerUtils.java:sanitizeUserArgs(73)) - ozone.scm.stale.node.interval value = 300000 is larger than max = 100000 based on the key value of ozone.scm.heartbeat.thread.interval, reset to the max value 100000.
2022-02-10 16:29:23,052 [Time-limited test] WARN  server.ServerUtils (ServerUtils.java:sanitizeUserArgs(73)) - ozone.scm.stale.node.interval value = 300000 is larger than max = 100000 based on the key value of ozone.scm.heartbeat.thread.interval, reset to the max value 100000.
2022-02-10 16:29:23,052 [Time-limited test] INFO  node.SCMNodeManager (SCMNodeManager.java:<init>(144)) - Entering startup safe mode.
2022-02-10 16:29:23,053 [Time-limited test] INFO  algorithms.ContainerPlacementPolicyFactory (ContainerPlacementPolicyFactory.java:getPolicy(60)) - Create container placement policy of type org.apache.hadoop.hdds.scm.container.placement.algorithms.SCMContainerPlacementRandom
2022-02-10 16:29:23,059 [Time-limited test] INFO  pipeline.PipelineStateManagerImpl (PipelineStateManagerImpl.java:initialize(78)) - No pipeline exists in current db
2022-02-10 16:29:23,059 [Time-limited test] INFO  algorithms.LeaderChoosePolicyFactory (LeaderChoosePolicyFactory.java:getPolicy(57)) - Create leader choose policy of type org.apache.hadoop.hdds.scm.pipeline.leader.choose.algorithms.MinLeaderCountChoosePolicy
2022-02-10 16:29:23,060 [Time-limited test] INFO  ha.SCMServiceManager (SCMServiceManager.java:register(43)) - Registering service BackgroundPipelineCreator.
2022-02-10 16:29:23,060 [Time-limited test] INFO  pipeline.BackgroundPipelineCreator (BackgroundPipelineCreator.java:start(130)) - Starting RatisPipelineUtilsThread.
2022-02-10 16:29:23,063 [Time-limited test] INFO  algorithms.PipelineChoosePolicyFactory (PipelineChoosePolicyFactory.java:createPipelineChoosePolicyFromClass(73)) - Create pipeline choose policy of type org.apache.hadoop.hdds.scm.pipeline.choose.algorithms.RandomPipelineChoosePolicy
2022-02-10 16:29:23,064 [Time-limited test] INFO  ha.SCMServiceManager (SCMServiceManager.java:register(43)) - Registering service SCMBlockDeletingService.
2022-02-10 16:29:23,064 [Time-limited test] INFO  ha.SCMServiceManager (SCMServiceManager.java:register(43)) - Registering service ReplicationManager.
2022-02-10 16:29:23,064 [Time-limited test] INFO  container.ReplicationManager (ReplicationManager.java:start(326)) - Starting Replication Monitor Thread.
2022-02-10 16:29:23,067 [Time-limited test] INFO  safemode.ContainerSafeModeRule (ContainerSafeModeRule.java:<init>(89)) - containers with one replica threshold count 0
2022-02-10 16:29:23,075 [Time-limited test] INFO  safemode.HealthyPipelineSafeModeRule (HealthyPipelineSafeModeRule.java:initializeRule(156)) - Total pipeline count is 0, healthy pipeline threshold count is 1
2022-02-10 16:29:23,075 [Time-limited test] INFO  safemode.OneReplicaPipelineSafeModeRule (OneReplicaPipelineSafeModeRule.java:initializeRule(180)) - Total pipeline count is 0, pipeline's with at least one datanode reported threshold count is 0
2022-02-10 16:29:23,094 [ReplicationMonitor] INFO  container.ReplicationManager (ReplicationManager.java:processAll(374)) - Replication Manager is not ready to run until 3000ms after safemode exit
2022-02-10 16:29:23,095 [Time-limited test] INFO  ipc.CallQueueManager (CallQueueManager.java:<init>(90)) - Using callQueue: class java.util.concurrent.LinkedBlockingQueue, queueCapacity: 2000, scheduler: class org.apache.hadoop.ipc.DefaultRpcScheduler, ipcBackoff: false.
2022-02-10 16:29:23,103 [Socket Reader #1 for port 0] INFO  ipc.Server (Server.java:run(1265)) - Starting Socket Reader #1 for port 0
2022-02-10 16:29:23,108 [Listener at 0.0.0.0/40191] INFO  ipc.CallQueueManager (CallQueueManager.java:<init>(90)) - Using callQueue: class java.util.concurrent.LinkedBlockingQueue, queueCapacity: 2000, scheduler: class org.apache.hadoop.ipc.DefaultRpcScheduler, ipcBackoff: false.
2022-02-10 16:29:23,127 [Socket Reader #1 for port 0] INFO  ipc.Server (Server.java:run(1265)) - Starting Socket Reader #1 for port 0
2022-02-10 16:29:23,136 [Listener at 0.0.0.0/43081] INFO  ipc.CallQueueManager (CallQueueManager.java:<init>(90)) - Using callQueue: class java.util.concurrent.LinkedBlockingQueue, queueCapacity: 2000, scheduler: class org.apache.hadoop.ipc.DefaultRpcScheduler, ipcBackoff: false.
2022-02-10 16:29:23,145 [Socket Reader #1 for port 0] INFO  ipc.Server (Server.java:run(1265)) - Starting Socket Reader #1 for port 0
2022-02-10 16:29:23,190 [Listener at 0.0.0.0/34443] INFO  algorithms.ContainerPlacementPolicyFactory (ContainerPlacementPolicyFactory.java:getPolicy(60)) - Create container placement policy of type org.apache.hadoop.hdds.scm.container.placement.algorithms.SCMContainerPlacementRandom
2022-02-10 16:29:23,199 [Listener at 0.0.0.0/34443] INFO  server.StorageContainerManager (StorageContainerManager.java:<init>(388)) - 
Container Balancer status:
Key                            Value
Running                        false
Container Balancer Configuration values:
Key                                                Value
Threshold                                          10
Max Datanodes to Involve per Iteration(percent)    20
Max Size to Move per Iteration                     500GB
Max Size Entering Target per Iteration             26GB
Max Size Leaving Source per Iteration              26GB

2022-02-10 16:29:23,199 [Listener at 0.0.0.0/34443] WARN  events.EventQueue (EventQueue.java:fireEvent(194)) - No event handler registered for event TypedEvent{payloadType=SafeModeStatus, name='Safe mode status'}
2022-02-10 16:29:23,199 [Listener at 0.0.0.0/34443] INFO  ha.SCMContext (SCMContext.java:updateSafeModeStatus(211)) - Update SafeModeStatus from SafeModeStatus{safeModeStatus=true, preCheckPassed=false} to SafeModeStatus{safeModeStatus=true, preCheckPassed=false}.
2022-02-10 16:29:23,200 [Listener at 0.0.0.0/34443] INFO  server.StorageContainerManager (StorageContainerManager.java:start(1303)) - StorageContainerLocationProtocol RPC server is listening at /0.0.0.0:34443
2022-02-10 16:29:23,200 [Listener at 0.0.0.0/34443] INFO  ha.SCMRatisServerImpl (SCMRatisServerImpl.java:start(177)) - starting ratis server 0.0.0.0:9894
2022-02-10 16:29:23,200 [Listener at 0.0.0.0/34443] INFO  server.RaftServer$Division (RaftServerImpl.java:start(301)) - de59fd12-e5d5-4922-a4d0-c48f80cbb7f0@group-1D0DB3B45FDC: start as a follower, conf=0: [de59fd12-e5d5-4922-a4d0-c48f80cbb7f0|rpc:fv-az184-768:9894|admin:|client:|dataStream:|priority:0], old=null
2022-02-10 16:29:23,200 [Listener at 0.0.0.0/34443] INFO  server.RaftServer$Division (RaftServerImpl.java:setRole(290)) - de59fd12-e5d5-4922-a4d0-c48f80cbb7f0@group-1D0DB3B45FDC: changes role from      null to FOLLOWER at term 1 for startAsFollower
2022-02-10 16:29:23,200 [Listener at 0.0.0.0/34443] INFO  impl.RoleInfo (RoleInfo.java:updateAndGet(130)) - de59fd12-e5d5-4922-a4d0-c48f80cbb7f0: start de59fd12-e5d5-4922-a4d0-c48f80cbb7f0@group-1D0DB3B45FDC-FollowerState
2022-02-10 16:29:23,211 [Listener at 0.0.0.0/34443] INFO  util.JmxRegister (JmxRegister.java:tryRegister(44)) - Successfully registered JMX Bean with object name Ratis:service=RaftServer,group=group-1D0DB3B45FDC,id=de59fd12-e5d5-4922-a4d0-c48f80cbb7f0
2022-02-10 16:29:23,212 [Listener at 0.0.0.0/34443] INFO  server.RaftServer (RaftServerProxy.java:lambda$start$5(374)) - de59fd12-e5d5-4922-a4d0-c48f80cbb7f0: start RPC server
2022-02-10 16:29:23,213 [Listener at 0.0.0.0/34443] INFO  server.GrpcService (GrpcService.java:startImpl(253)) - de59fd12-e5d5-4922-a4d0-c48f80cbb7f0: GrpcService started, listening on 9894
2022-02-10 16:29:23,215 [Listener at 0.0.0.0/34443] INFO  ha.SCMHAManagerImpl (SCMHAManagerImpl.java:start(121)) -  scm role is FOLLOWER peers [de59fd12-e5d5-4922-a4d0-c48f80cbb7f0|rpc:fv-az184-768:9894|admin:|client:|dataStream:|priority:0]
2022-02-10 16:29:23,215 [Listener at 0.0.0.0/34443] INFO  ha.InterSCMGrpcService (InterSCMGrpcProtocolService.java:start(94)) - Starting SCM Grpc Service at port 9895
2022-02-10 16:29:23,220 [Listener at 0.0.0.0/34443] WARN  impl.MetricsConfig (MetricsConfig.java:loadFirst(136)) - Cannot locate configuration: tried hadoop-metrics2-storagecontainermanager.properties,hadoop-metrics2.properties
2022-02-10 16:29:23,231 [Listener at 0.0.0.0/34443] INFO  impl.MetricsSystemImpl (MetricsSystemImpl.java:startTimer(378)) - Scheduled Metric snapshot period at 10 second(s).
2022-02-10 16:29:23,231 [Listener at 0.0.0.0/34443] INFO  impl.MetricsSystemImpl (MetricsSystemImpl.java:start(191)) - StorageContainerManager metrics system started
2022-02-10 16:29:23,247 [org.apache.ratis.util.JvmPauseMonitor$$Lambda$431/358420740@1b3f52d6] INFO  util.JvmPauseMonitor (JvmPauseMonitor.java:run(103)) - JvmPauseMonitor-de59fd12-e5d5-4922-a4d0-c48f80cbb7f0: Started
2022-02-10 16:29:23,294 [Listener at 0.0.0.0/34443] INFO  impl.MetricsSinkAdapter (MetricsSinkAdapter.java:start(204)) - Sink prometheus started
2022-02-10 16:29:23,295 [Listener at 0.0.0.0/34443] INFO  impl.MetricsSystemImpl (MetricsSystemImpl.java:registerSink(305)) - Registered sink prometheus
2022-02-10 16:29:23,334 [Listener at 0.0.0.0/34443] INFO  server.SCMClientProtocolServer (SCMClientProtocolServer.java:start(165)) - RPC server for Client  is listening at /0.0.0.0:34443
2022-02-10 16:29:23,335 [IPC Server Responder] INFO  ipc.Server (Server.java:run(1507)) - IPC Server Responder: starting
2022-02-10 16:29:23,335 [IPC Server listener on 0] INFO  ipc.Server (Server.java:run(1344)) - IPC Server listener on 0: starting
2022-02-10 16:29:23,357 [Listener at 0.0.0.0/34443] INFO  server.StorageContainerManager (StorageContainerManager.java:start(1318)) - ScmBlockLocationProtocol RPC server is listening at /0.0.0.0:43081
2022-02-10 16:29:23,357 [Listener at 0.0.0.0/34443] INFO  server.SCMBlockProtocolServer (SCMBlockProtocolServer.java:start(151)) - RPC server for Block Protocol is listening at /0.0.0.0:43081
2022-02-10 16:29:23,357 [IPC Server Responder] INFO  ipc.Server (Server.java:run(1507)) - IPC Server Responder: starting
2022-02-10 16:29:23,358 [IPC Server listener on 0] INFO  ipc.Server (Server.java:run(1344)) - IPC Server listener on 0: starting
2022-02-10 16:29:23,399 [org.apache.hadoop.util.JvmPauseMonitor$Monitor@30f042ad] INFO  util.JvmPauseMonitor (JvmPauseMonitor.java:run(188)) - Starting JVM pause monitor
2022-02-10 16:29:23,400 [Listener at 0.0.0.0/34443] INFO  http.BaseHttpServer (BaseHttpServer.java:newHttpServer2BuilderForOzone(209)) - Starting Web-server for scm at: http://0.0.0.0:0
2022-02-10 16:29:23,400 [Listener at 0.0.0.0/34443] INFO  http.BaseHttpServer (BaseHttpServer.java:<init>(107)) - Hadoop Security Enabled: false Ozone Security Enabled: false Ozone HTTP Security Enabled: false 
2022-02-10 16:29:23,402 [Listener at 0.0.0.0/34443] INFO  server.AuthenticationFilter (AuthenticationFilter.java:constructSecretProvider(240)) - Unable to initialize FileSignerSecretProvider, falling back to use random secrets.
2022-02-10 16:29:23,403 [Listener at 0.0.0.0/34443] WARN  http.HttpRequestLog (HttpRequestLog.java:getRequestLog(103)) - Jetty request log can only be enabled using Log4j
2022-02-10 16:29:23,415 [Listener at 0.0.0.0/34443] INFO  http.HttpServer2 (HttpServer2.java:addGlobalFilter(1030)) - Added global filter 'safety' (class=org.apache.hadoop.hdds.server.http.HttpServer2$QuotingInputFilter)
2022-02-10 16:29:23,416 [Listener at 0.0.0.0/34443] INFO  http.HttpServer2 (HttpServer2.java:addFilter(1006)) - Added filter static_user_filter (class=org.apache.hadoop.http.lib.StaticUserWebFilter$StaticUserFilter) to context scm
2022-02-10 16:29:23,416 [Listener at 0.0.0.0/34443] INFO  http.HttpServer2 (HttpServer2.java:addFilter(1014)) - Added filter static_user_filter (class=org.apache.hadoop.http.lib.StaticUserWebFilter$StaticUserFilter) to context static
2022-02-10 16:29:23,416 [Listener at 0.0.0.0/34443] INFO  http.HttpServer2 (HttpServer2.java:addFilter(1014)) - Added filter static_user_filter (class=org.apache.hadoop.http.lib.StaticUserWebFilter$StaticUserFilter) to context logs
2022-02-10 16:29:23,417 [Listener at 0.0.0.0/34443] INFO  http.HttpServer2 (HttpServer2.java:bindListener(1249)) - Jetty bound to port 43967
2022-02-10 16:29:23,417 [Listener at 0.0.0.0/34443] INFO  server.Server (Server.java:doStart(375)) - jetty-9.4.43.v20210629; built: 2021-06-30T11:07:22.254Z; git: 526006ecfa3af7f1a27ef3a288e2bef7ea9dd7e8; jvm 1.8.0_312-b07
2022-02-10 16:29:23,432 [Listener at 0.0.0.0/34443] INFO  server.session (DefaultSessionIdManager.java:doStart(334)) - DefaultSessionIdManager workerName=node0
2022-02-10 16:29:23,432 [Listener at 0.0.0.0/34443] INFO  server.session (DefaultSessionIdManager.java:doStart(339)) - No SessionScavenger set, using defaults
2022-02-10 16:29:23,432 [Listener at 0.0.0.0/34443] INFO  server.session (HouseKeeper.java:startScavenging(132)) - node0 Scavenging every 660000ms
2022-02-10 16:29:23,435 [Listener at 0.0.0.0/34443] INFO  handler.ContextHandler (ContextHandler.java:doStart(915)) - Started o.e.j.s.ServletContextHandler@456ef56a{logs,/logs,file:///home/runner/work/ozone/ozone/hadoop-ozone/integration-test/target/log,AVAILABLE}
2022-02-10 16:29:23,436 [Listener at 0.0.0.0/34443] INFO  handler.ContextHandler (ContextHandler.java:doStart(915)) - Started o.e.j.s.ServletContextHandler@237ef17{static,/static,file:///home/runner/work/ozone/ozone/hadoop-ozone/integration-test/target/test-classes/webapps/static,AVAILABLE}
2022-02-10 16:29:23,450 [Listener at 0.0.0.0/34443] INFO  handler.ContextHandler (ContextHandler.java:doStart(915)) - Started o.e.j.w.WebAppContext@44b0c149{scm,/,file:///home/runner/work/ozone/ozone/hadoop-ozone/integration-test/target/test-classes/webapps/scm/,AVAILABLE}{file:/home/runner/work/ozone/ozone/hadoop-ozone/integration-test/target/test-classes/webapps/scm}
2022-02-10 16:29:23,471 [Listener at 0.0.0.0/34443] INFO  server.AbstractConnector (AbstractConnector.java:doStart(331)) - Started ServerConnector@a68f89a{HTTP/1.1, (http/1.1)}{0.0.0.0:43967}
2022-02-10 16:29:23,474 [Listener at 0.0.0.0/34443] INFO  server.Server (Server.java:doStart(415)) - Started @101788ms
2022-02-10 16:29:23,474 [Listener at 0.0.0.0/34443] WARN  impl.MetricsSystemImpl (MetricsSystemImpl.java:register(279)) - Sink prometheus already exists!
2022-02-10 16:29:23,475 [Listener at 0.0.0.0/34443] INFO  http.BaseHttpServer (BaseHttpServer.java:updateConnectorAddress(329)) - HTTP server of scm listening at http://0.0.0.0:43967
2022-02-10 16:29:23,475 [Listener at 0.0.0.0/34443] WARN  server.ServerUtils (ServerUtils.java:getDBPath(225)) - ozone.om.db.dirs is not configured. We recommend adding this setting. Falling back to ozone.metadata.dirs instead.
2022-02-10 16:29:23,477 [Listener at 0.0.0.0/34443] INFO  ha.OMHANodeDetails (OMHANodeDetails.java:loadOMHAConfig(112)) - ozone.om.internal.service.id is not defined, falling back to ozone.om.service.ids to find serviceID for OzoneManager if it is HA enabled cluster
2022-02-10 16:29:23,477 [Listener at 0.0.0.0/34443] INFO  ha.OMHANodeDetails (OMHANodeDetails.java:loadOMHAConfig(218)) - Configuration does not have ozone.om.address set. Falling back to the default OM address /127.0.0.1:0
2022-02-10 16:29:23,477 [Listener at 0.0.0.0/34443] INFO  ha.OMHANodeDetails (OMHANodeDetails.java:getOMNodeDetailsForNonHA(246)) - OM Service ID is not set. Setting it to the default ID: omServiceIdDefault
2022-02-10 16:29:23,477 [Listener at 0.0.0.0/34443] INFO  ha.OMHANodeDetails (OMHANodeDetails.java:getOMNodeDetailsForNonHA(253)) - OM Node ID is not set. Setting it to the default ID: om1
2022-02-10 16:29:23,477 [Listener at 0.0.0.0/34443] WARN  server.ServerUtils (ServerUtils.java:getDBPath(225)) - ozone.om.db.dirs is not configured. We recommend adding this setting. Falling back to ozone.metadata.dirs instead.
2022-02-10 16:29:23,478 [Listener at 0.0.0.0/34443] INFO  upgrade.AbstractLayoutVersionManager (AbstractLayoutVersionManager.java:init(79)) - Initializing Layout version manager with metadata layout = INITIAL_VERSION (version = 0), software layout = INITIAL_VERSION (version = 0)
2022-02-10 16:29:23,573 [Listener at 0.0.0.0/34443] INFO  reflections.Reflections (Reflections.java:scan(232)) - Reflections took 95 ms to scan 2 urls, producing 133 keys and 348 values [using 2 cores]
2022-02-10 16:29:23,573 [Listener at 0.0.0.0/34443] INFO  upgrade.OMLayoutVersionManager (OMLayoutVersionManager.java:lambda$0(115)) - Skipping Upgrade Action MockOmUpgradeAction since it has been finalized.
2022-02-10 16:29:23,574 [Listener at 0.0.0.0/34443] WARN  server.ServerUtils (ServerUtils.java:getDBPath(225)) - ozone.om.db.dirs is not configured. We recommend adding this setting. Falling back to ozone.metadata.dirs instead.
2022-02-10 16:29:25,631 [Listener at 0.0.0.0/34443] INFO  retry.RetryInvocationHandler (RetryInvocationHandler.java:log(411)) - com.google.protobuf.ServiceException: org.apache.hadoop.ipc.RemoteException(org.apache.hadoop.hdds.ratis.ServerNotLeaderException): Server:de59fd12-e5d5-4922-a4d0-c48f80cbb7f0 is not the leader. Could not determine the leader node.
	at org.apache.hadoop.hdds.ratis.ServerNotLeaderException.convertToNotLeaderException(ServerNotLeaderException.java:109)
	at org.apache.hadoop.hdds.scm.ha.RatisUtil.checkRatisException(RatisUtil.java:245)
	at org.apache.hadoop.hdds.scm.protocol.ScmBlockLocationProtocolServerSideTranslatorPB.send(ScmBlockLocationProtocolServerSideTranslatorPB.java:108)
	at org.apache.hadoop.hdds.protocol.proto.ScmBlockLocationProtocolProtos$ScmBlockLocationProtocolService$2.callBlockingMethod(ScmBlockLocationProtocolProtos.java:13937)
	at org.apache.hadoop.ipc.ProtobufRpcEngine$Server.processCall(ProtobufRpcEngine.java:466)
	at org.apache.hadoop.ipc.ProtobufRpcEngine2$Server$ProtoBufRpcInvoker.call(ProtobufRpcEngine2.java:574)
	at org.apache.hadoop.ipc.ProtobufRpcEngine2$Server$ProtoBufRpcInvoker.call(ProtobufRpcEngine2.java:552)
	at org.apache.hadoop.ipc.RPC$Server.call(RPC.java:1093)
	at org.apache.hadoop.ipc.Server$RpcCall.run(Server.java:1035)
	at org.apache.hadoop.ipc.Server$RpcCall.run(Server.java:963)
	at java.security.AccessController.doPrivileged(Native Method)
	at javax.security.auth.Subject.doAs(Subject.java:422)
	at org.apache.hadoop.security.UserGroupInformation.doAs(UserGroupInformation.java:1878)
	at org.apache.hadoop.ipc.Server$Handler.run(Server.java:2966)
, while invoking $Proxy44.send over nodeId=scmNodeId,nodeAddress=/0.0.0.0:43081 after 1 failover attempts. Trying to failover after sleeping for 2000ms.
2022-02-10 16:29:27,638 [Listener at 0.0.0.0/34443] INFO  retry.RetryInvocationHandler (RetryInvocationHandler.java:log(411)) - com.google.protobuf.ServiceException: org.apache.hadoop.ipc.RemoteException(org.apache.hadoop.hdds.ratis.ServerNotLeaderException): Server:de59fd12-e5d5-4922-a4d0-c48f80cbb7f0 is not the leader. Could not determine the leader node.
	at org.apache.hadoop.hdds.ratis.ServerNotLeaderException.convertToNotLeaderException(ServerNotLeaderException.java:109)
	at org.apache.hadoop.hdds.scm.ha.RatisUtil.checkRatisException(RatisUtil.java:245)
	at org.apache.hadoop.hdds.scm.protocol.ScmBlockLocationProtocolServerSideTranslatorPB.send(ScmBlockLocationProtocolServerSideTranslatorPB.java:108)
	at org.apache.hadoop.hdds.protocol.proto.ScmBlockLocationProtocolProtos$ScmBlockLocationProtocolService$2.callBlockingMethod(ScmBlockLocationProtocolProtos.java:13937)
	at org.apache.hadoop.ipc.ProtobufRpcEngine$Server.processCall(ProtobufRpcEngine.java:466)
	at org.apache.hadoop.ipc.ProtobufRpcEngine2$Server$ProtoBufRpcInvoker.call(ProtobufRpcEngine2.java:574)
	at org.apache.hadoop.ipc.ProtobufRpcEngine2$Server$ProtoBufRpcInvoker.call(ProtobufRpcEngine2.java:552)
	at org.apache.hadoop.ipc.RPC$Server.call(RPC.java:1093)
	at org.apache.hadoop.ipc.Server$RpcCall.run(Server.java:1035)
	at org.apache.hadoop.ipc.Server$RpcCall.run(Server.java:963)
	at java.security.AccessController.doPrivileged(Native Method)
	at javax.security.auth.Subject.doAs(Subject.java:422)
	at org.apache.hadoop.security.UserGroupInformation.doAs(UserGroupInformation.java:1878)
	at org.apache.hadoop.ipc.Server$Handler.run(Server.java:2966)
, while invoking $Proxy44.send over nodeId=scmNodeId,nodeAddress=/0.0.0.0:43081 after 2 failover attempts. Trying to failover after sleeping for 2000ms.
2022-02-10 16:29:28,242 [de59fd12-e5d5-4922-a4d0-c48f80cbb7f0@group-1D0DB3B45FDC-FollowerState] INFO  impl.FollowerState (FollowerState.java:run(134)) - de59fd12-e5d5-4922-a4d0-c48f80cbb7f0@group-1D0DB3B45FDC-FollowerState: change to CANDIDATE, lastRpcElapsedTime:5041475606ns, electionTimeout:5030ms
2022-02-10 16:29:28,243 [de59fd12-e5d5-4922-a4d0-c48f80cbb7f0@group-1D0DB3B45FDC-FollowerState] INFO  impl.RoleInfo (RoleInfo.java:shutdownFollowerState(108)) - de59fd12-e5d5-4922-a4d0-c48f80cbb7f0: shutdown de59fd12-e5d5-4922-a4d0-c48f80cbb7f0@group-1D0DB3B45FDC-FollowerState
2022-02-10 16:29:28,243 [de59fd12-e5d5-4922-a4d0-c48f80cbb7f0@group-1D0DB3B45FDC-FollowerState] INFO  server.RaftServer$Division (RaftServerImpl.java:setRole(290)) - de59fd12-e5d5-4922-a4d0-c48f80cbb7f0@group-1D0DB3B45FDC: changes role from  FOLLOWER to CANDIDATE at term 1 for changeToCandidate
2022-02-10 16:29:28,243 [de59fd12-e5d5-4922-a4d0-c48f80cbb7f0@group-1D0DB3B45FDC-FollowerState] INFO  server.RaftServerConfigKeys (ConfUtils.java:logGet(44)) - raft.server.leaderelection.pre-vote = false (custom)
2022-02-10 16:29:28,243 [de59fd12-e5d5-4922-a4d0-c48f80cbb7f0@group-1D0DB3B45FDC-FollowerState] INFO  impl.RoleInfo (RoleInfo.java:updateAndGet(130)) - de59fd12-e5d5-4922-a4d0-c48f80cbb7f0: start de59fd12-e5d5-4922-a4d0-c48f80cbb7f0@group-1D0DB3B45FDC-LeaderElection17
2022-02-10 16:29:28,279 [de59fd12-e5d5-4922-a4d0-c48f80cbb7f0@group-1D0DB3B45FDC-LeaderElection17] INFO  impl.LeaderElection (LeaderElection.java:askForVotes(306)) - de59fd12-e5d5-4922-a4d0-c48f80cbb7f0@group-1D0DB3B45FDC-LeaderElection17 ELECTION round 0: submit vote requests at term 2 for 0: [de59fd12-e5d5-4922-a4d0-c48f80cbb7f0|rpc:fv-az184-768:9894|admin:|client:|dataStream:|priority:0], old=null
2022-02-10 16:29:28,281 [de59fd12-e5d5-4922-a4d0-c48f80cbb7f0@group-1D0DB3B45FDC-LeaderElection17] INFO  impl.LeaderElection (LeaderElection.java:askForVotes(308)) - de59fd12-e5d5-4922-a4d0-c48f80cbb7f0@group-1D0DB3B45FDC-LeaderElection17 ELECTION round 0: result PASSED (term=2)
2022-02-10 16:29:28,281 [de59fd12-e5d5-4922-a4d0-c48f80cbb7f0@group-1D0DB3B45FDC-LeaderElection17] INFO  impl.RoleInfo (RoleInfo.java:shutdownLeaderElection(121)) - de59fd12-e5d5-4922-a4d0-c48f80cbb7f0: shutdown de59fd12-e5d5-4922-a4d0-c48f80cbb7f0@group-1D0DB3B45FDC-LeaderElection17
2022-02-10 16:29:28,281 [de59fd12-e5d5-4922-a4d0-c48f80cbb7f0@group-1D0DB3B45FDC-LeaderElection17] INFO  server.RaftServer$Division (RaftServerImpl.java:setRole(290)) - de59fd12-e5d5-4922-a4d0-c48f80cbb7f0@group-1D0DB3B45FDC: changes role from CANDIDATE to LEADER at term 2 for changeToLeader
2022-02-10 16:29:28,281 [de59fd12-e5d5-4922-a4d0-c48f80cbb7f0@group-1D0DB3B45FDC-LeaderElection17] INFO  ha.SCMStateMachine (SCMStateMachine.java:notifyLeaderChanged(259)) - current SCM becomes leader of term 2.
2022-02-10 16:29:28,281 [de59fd12-e5d5-4922-a4d0-c48f80cbb7f0@group-1D0DB3B45FDC-LeaderElection17] INFO  ha.SCMContext (SCMContext.java:updateLeaderAndTerm(90)) - update <isLeader,term> from <false,0> to <true,2>
2022-02-10 16:29:28,281 [de59fd12-e5d5-4922-a4d0-c48f80cbb7f0@group-1D0DB3B45FDC-LeaderElection17] INFO  server.RaftServer$Division (ServerState.java:setLeader(285)) - de59fd12-e5d5-4922-a4d0-c48f80cbb7f0@group-1D0DB3B45FDC: change Leader from null to de59fd12-e5d5-4922-a4d0-c48f80cbb7f0 at term 2 for becomeLeader, leader elected after 5282ms
2022-02-10 16:29:28,281 [de59fd12-e5d5-4922-a4d0-c48f80cbb7f0@group-1D0DB3B45FDC-LeaderElection17] INFO  server.RaftServerConfigKeys (ConfUtils.java:logGet(44)) - raft.server.staging.catchup.gap = 1000 (default)
2022-02-10 16:29:28,281 [de59fd12-e5d5-4922-a4d0-c48f80cbb7f0@group-1D0DB3B45FDC-LeaderElection17] INFO  server.RaftServerConfigKeys (ConfUtils.java:logGet(44)) - raft.server.write.element-limit = 4096 (default)
2022-02-10 16:29:28,281 [de59fd12-e5d5-4922-a4d0-c48f80cbb7f0@group-1D0DB3B45FDC-LeaderElection17] INFO  server.RaftServerConfigKeys (ConfUtils.java:logGet(44)) - raft.server.write.byte-limit = 64MB (=67108864) (default)
2022-02-10 16:29:28,282 [de59fd12-e5d5-4922-a4d0-c48f80cbb7f0@group-1D0DB3B45FDC-LeaderElection17] INFO  server.RaftServerConfigKeys (ConfUtils.java:logGet(44)) - raft.server.watch.timeout = 10s (default)
2022-02-10 16:29:28,282 [de59fd12-e5d5-4922-a4d0-c48f80cbb7f0@group-1D0DB3B45FDC-LeaderElection17] INFO  server.RaftServerConfigKeys (ConfUtils.java:logGet(44)) - raft.server.watch.timeout.denomination = 1s (default)
2022-02-10 16:29:28,282 [de59fd12-e5d5-4922-a4d0-c48f80cbb7f0@group-1D0DB3B45FDC-LeaderElection17] INFO  server.RaftServerConfigKeys (ConfUtils.java:logGet(44)) - raft.server.watch.element-limit = 65536 (default)
2022-02-10 16:29:28,282 [de59fd12-e5d5-4922-a4d0-c48f80cbb7f0@group-1D0DB3B45FDC-LeaderElection17] INFO  server.RaftServerConfigKeys (ConfUtils.java:logGet(44)) - raft.server.write.element-limit = 4096 (default)
2022-02-10 16:29:28,282 [de59fd12-e5d5-4922-a4d0-c48f80cbb7f0@group-1D0DB3B45FDC-LeaderElection17] INFO  server.RaftServerConfigKeys (ConfUtils.java:logGet(44)) - raft.server.write.follower.gap.ratio.max = -1.0 (default)
2022-02-10 16:29:28,282 [de59fd12-e5d5-4922-a4d0-c48f80cbb7f0@group-1D0DB3B45FDC-LeaderElection17] INFO  impl.RoleInfo (RoleInfo.java:updateAndGet(130)) - de59fd12-e5d5-4922-a4d0-c48f80cbb7f0: start de59fd12-e5d5-4922-a4d0-c48f80cbb7f0@group-1D0DB3B45FDC-LeaderStateImpl
2022-02-10 16:29:28,282 [de59fd12-e5d5-4922-a4d0-c48f80cbb7f0@group-1D0DB3B45FDC-LeaderElection17] INFO  segmented.SegmentedRaftLogWorker (SegmentedRaftLogWorker.java:rollLogSegment(399)) - de59fd12-e5d5-4922-a4d0-c48f80cbb7f0@group-1D0DB3B45FDC-SegmentedRaftLogWorker: Rolling segment log-0_0 to index:0
2022-02-10 16:29:28,283 [de59fd12-e5d5-4922-a4d0-c48f80cbb7f0@group-1D0DB3B45FDC-SegmentedRaftLogWorker] INFO  segmented.SegmentedRaftLogWorker (SegmentedRaftLogWorker.java:execute(558)) - de59fd12-e5d5-4922-a4d0-c48f80cbb7f0@group-1D0DB3B45FDC-SegmentedRaftLogWorker: Rolled log segment from /home/runner/work/ozone/ozone/hadoop-ozone/integration-test/target/test-dir/MiniOzoneClusterImpl-193d67db-d922-404e-9a90-1d0db3b45fdc/ozone-meta/scm-ha/193d67db-d922-404e-9a90-1d0db3b45fdc/current/log_inprogress_0 to /home/runner/work/ozone/ozone/hadoop-ozone/integration-test/target/test-dir/MiniOzoneClusterImpl-193d67db-d922-404e-9a90-1d0db3b45fdc/ozone-meta/scm-ha/193d67db-d922-404e-9a90-1d0db3b45fdc/current/log_0-0
2022-02-10 16:29:28,295 [de59fd12-e5d5-4922-a4d0-c48f80cbb7f0@group-1D0DB3B45FDC-LeaderElection17] INFO  server.RaftServer$Division (ServerState.java:setRaftConf(387)) - de59fd12-e5d5-4922-a4d0-c48f80cbb7f0@group-1D0DB3B45FDC: set configuration 1: [de59fd12-e5d5-4922-a4d0-c48f80cbb7f0|rpc:fv-az184-768:9894|admin:|client:|dataStream:|priority:0], old=null
2022-02-10 16:29:28,304 [de59fd12-e5d5-4922-a4d0-c48f80cbb7f0@group-1D0DB3B45FDC-SegmentedRaftLogWorker] INFO  segmented.SegmentedRaftLogWorker (SegmentedRaftLogWorker.java:execute(601)) - de59fd12-e5d5-4922-a4d0-c48f80cbb7f0@group-1D0DB3B45FDC-SegmentedRaftLogWorker: created new log segment /home/runner/work/ozone/ozone/hadoop-ozone/integration-test/target/test-dir/MiniOzoneClusterImpl-193d67db-d922-404e-9a90-1d0db3b45fdc/ozone-meta/scm-ha/193d67db-d922-404e-9a90-1d0db3b45fdc/current/log_inprogress_1
2022-02-10 16:29:28,308 [de59fd12-e5d5-4922-a4d0-c48f80cbb7f0@group-1D0DB3B45FDC-StateMachineUpdater] INFO  ha.SCMContext (SCMContext.java:setLeaderReady(117)) - update <isLeaderReady> from <false> to <true>
2022-02-10 16:29:28,308 [de59fd12-e5d5-4922-a4d0-c48f80cbb7f0@group-1D0DB3B45FDC-StateMachineUpdater] INFO  pipeline.BackgroundPipelineCreator (BackgroundPipelineCreator.java:notifyStatusChanged(264)) - Service BackgroundPipelineCreator transitions to RUNNING.
2022-02-10 16:29:28,309 [de59fd12-e5d5-4922-a4d0-c48f80cbb7f0@group-1D0DB3B45FDC-StateMachineUpdater] INFO  safemode.HealthyPipelineSafeModeRule (HealthyPipelineSafeModeRule.java:initializeRule(152)) - Refreshed total pipeline count is 0, healthy pipeline threshold count is 1
2022-02-10 16:29:28,309 [de59fd12-e5d5-4922-a4d0-c48f80cbb7f0@group-1D0DB3B45FDC-StateMachineUpdater] INFO  safemode.ContainerSafeModeRule (ContainerSafeModeRule.java:reInitializeRule(177)) - Refreshed one replica container threshold 0, currentThreshold 0
2022-02-10 16:29:28,309 [de59fd12-e5d5-4922-a4d0-c48f80cbb7f0@group-1D0DB3B45FDC-StateMachineUpdater] INFO  safemode.OneReplicaPipelineSafeModeRule (OneReplicaPipelineSafeModeRule.java:initializeRule(176)) - Refreshed Total pipeline count is 0, pipeline's with at least one datanode reported threshold count is 0
2022-02-10 16:29:28,309 [de59fd12-e5d5-4922-a4d0-c48f80cbb7f0@group-1D0DB3B45FDC-StateMachineUpdater] INFO  server.SCMDatanodeProtocolServer (SCMDatanodeProtocolServer.java:start(181)) - ScmDatanodeProtocol RPC server for DataNodes is listening at /0.0.0.0:40191
2022-02-10 16:29:28,314 [IPC Server listener on 0] INFO  ipc.Server (Server.java:run(1344)) - IPC Server listener on 0: starting
2022-02-10 16:29:28,333 [IPC Server Responder] INFO  ipc.Server (Server.java:run(1507)) - IPC Server Responder: starting
2022-02-10 16:29:29,642 [Listener at 0.0.0.0/34443] WARN  server.ServerUtils (ServerUtils.java:getDBPath(225)) - ozone.om.db.dirs is not configured. We recommend adding this setting. Falling back to ozone.metadata.dirs instead.
2022-02-10 16:29:29,643 [Listener at 0.0.0.0/34443] INFO  codec.OmKeyInfoCodec (OmKeyInfoCodec.java:<init>(50)) - OmKeyInfoCodec ignorePipeline = true
2022-02-10 16:29:29,643 [Listener at 0.0.0.0/34443] INFO  codec.RepeatedOmKeyInfoCodec (RepeatedOmKeyInfoCodec.java:<init>(42)) - RepeatedOmKeyInfoCodec ignorePipeline = true
2022-02-10 16:29:29,866 [Listener at 0.0.0.0/34443] INFO  om.OzoneManager (OzoneManager.java:addS3GVolumeToDB(3732)) - Created Volume s3v With Owner runner required for S3Gateway operations.
2022-02-10 16:29:29,874 [Listener at 0.0.0.0/34443] WARN  server.ServerUtils (ServerUtils.java:getDefaultRatisDirectory(237)) - Storage directory for Ratis is not configured. It is a good idea to map this to an SSD disk. Falling back to ozone.metadata.dirs
2022-02-10 16:29:29,875 [Listener at 0.0.0.0/34443] WARN  utils.OzoneManagerRatisUtils (OzoneManagerRatisUtils.java:getOMRatisSnapshotDirectory(330)) - ozone.om.ratis.snapshot.dir is not configured. Falling back to ozone.metadata.dirs config
2022-02-10 16:29:29,875 [Listener at 0.0.0.0/34443] WARN  impl.MetricRegistriesImpl (MetricRegistriesImpl.java:addReporterRegistration(111)) - New reporters are added after registries were created. Some metrics will be missing from the reporter. Please add reporter before adding any new registry.
2022-02-10 16:29:29,875 [Listener at 0.0.0.0/34443] WARN  impl.MetricRegistriesImpl (MetricRegistriesImpl.java:addReporterRegistration(111)) - New reporters are added after registries were created. Some metrics will be missing from the reporter. Please add reporter before adding any new registry.
2022-02-10 16:29:29,875 [Listener at 0.0.0.0/34443] WARN  server.ServerUtils (ServerUtils.java:getDefaultRatisDirectory(237)) - Storage directory for Ratis is not configured. It is a good idea to map this to an SSD disk. Falling back to ozone.metadata.dirs
2022-02-10 16:29:29,877 [Listener at 0.0.0.0/34443] INFO  ratis.OzoneManagerRatisServer (OzoneManagerRatisServer.java:<init>(159)) - Instantiating OM Ratis server with groupID: omServiceIdDefault and peers: localhost:9872
2022-02-10 16:29:29,877 [Listener at 0.0.0.0/34443] INFO  ratis.OzoneManagerStateMachine (OzoneManagerStateMachine.java:loadSnapshotInfoFromDB(605)) - LastAppliedIndex is set from TransactionInfo from OM DB as (t:0, i:~)
2022-02-10 16:29:29,878 [Listener at 0.0.0.0/34443] INFO  server.RaftServer (ConfUtils.java:logGet(44)) - raft.rpc.type = GRPC (default)
2022-02-10 16:29:29,878 [Listener at 0.0.0.0/34443] INFO  grpc.GrpcFactory (GrpcFactory.java:checkPooledByteBufAllocatorUseCacheForAllThreads(48)) - PERFORMANCE WARNING: useCacheForAllThreads is true that may cause Netty to create a lot garbage objects and, as a result, trigger GC.
	It is recommended to disable useCacheForAllThreads by setting -Dorg.apache.ratis.thirdparty.io.netty.allocator.useCacheForAllThreads=false in command line.
2022-02-10 16:29:29,878 [Listener at 0.0.0.0/34443] INFO  grpc.GrpcConfigKeys (ConfUtils.java:logGet(44)) - raft.grpc.admin.port = -1 (default)
2022-02-10 16:29:29,878 [Listener at 0.0.0.0/34443] INFO  grpc.GrpcConfigKeys (ConfUtils.java:logGet(44)) - raft.grpc.server.port = 9872 (custom)
2022-02-10 16:29:29,878 [Listener at 0.0.0.0/34443] INFO  grpc.GrpcConfigKeys (ConfUtils.java:logGet(44)) - raft.grpc.client.port = -1 (default)
2022-02-10 16:29:29,879 [Listener at 0.0.0.0/34443] INFO  grpc.GrpcConfigKeys (ConfUtils.java:logGet(44)) - raft.grpc.server.port = 9872 (custom)
2022-02-10 16:29:29,879 [Listener at 0.0.0.0/34443] INFO  grpc.GrpcConfigKeys (ConfUtils.java:logGet(44)) - raft.grpc.server.port = 9872 (custom)
2022-02-10 16:29:29,879 [Listener at 0.0.0.0/34443] INFO  server.GrpcService (ConfUtils.java:logGet(44)) - raft.grpc.message.size.max = 33554432 (custom)
2022-02-10 16:29:29,879 [Listener at 0.0.0.0/34443] INFO  server.RaftServerConfigKeys (ConfUtils.java:logGet(44)) - raft.server.log.appender.buffer.byte-limit = 33554432 (custom)
2022-02-10 16:29:29,879 [Listener at 0.0.0.0/34443] INFO  server.GrpcService (ConfUtils.java:logGet(44)) - raft.grpc.flow.control.window = 1MB (=1048576) (default)
2022-02-10 16:29:29,879 [Listener at 0.0.0.0/34443] INFO  server.RaftServerConfigKeys (ConfUtils.java:logGet(44)) - raft.server.rpc.request.timeout = 3000ms (default)
2022-02-10 16:29:29,880 [Listener at 0.0.0.0/34443] INFO  impl.DataStreamServerImpl (ConfUtils.java:logGet(44)) - raft.datastream.type = DISABLED (default)
2022-02-10 16:29:29,881 [Listener at 0.0.0.0/34443] INFO  server.RaftServerConfigKeys (ConfUtils.java:logGet(44)) - raft.server.rpc.slowness.timeout = 120s (custom)
2022-02-10 16:29:29,881 [Listener at 0.0.0.0/34443] INFO  server.RaftServerConfigKeys (ConfUtils.java:logGet(44)) - raft.server.leaderelection.leader.step-down.wait-time = 10s (default)
2022-02-10 16:29:29,882 [Listener at 0.0.0.0/34443] INFO  server.RaftServerConfigKeys (ConfUtils.java:logGet(44)) - raft.server.storage.dir = [/home/runner/work/ozone/ozone/hadoop-ozone/integration-test/target/test-dir/MiniOzoneClusterImpl-193d67db-d922-404e-9a90-1d0db3b45fdc/ozone-meta/ratis] (custom)
2022-02-10 16:29:29,884 [Listener at 0.0.0.0/34443] INFO  server.RaftServer (RaftServerProxy.java:addNew(95)) - om1: addNew group-C5BA1605619E:[om1|rpc:localhost:9872|priority:0] returns group-C5BA1605619E:java.util.concurrent.CompletableFuture@741f7dd[Not completed]
2022-02-10 16:29:29,884 [Listener at 0.0.0.0/34443] INFO  om.OzoneManager (OzoneManager.java:initializeRatisServer(1834)) - OzoneManager Ratis server initialized at port 9872
2022-02-10 16:29:29,886 [Listener at 0.0.0.0/34443] INFO  ipc.CallQueueManager (CallQueueManager.java:<init>(90)) - Using callQueue: class java.util.concurrent.LinkedBlockingQueue, queueCapacity: 2000, scheduler: class org.apache.hadoop.ipc.DefaultRpcScheduler, ipcBackoff: false.
2022-02-10 16:29:29,886 [pool-228-thread-1] INFO  server.RaftServer$Division (RaftServerImpl.java:<init>(184)) - om1: new RaftServerImpl for group-C5BA1605619E:[om1|rpc:localhost:9872|priority:0] with OzoneManagerStateMachine:uninitialized
2022-02-10 16:29:29,887 [Socket Reader #1 for port 0] INFO  ipc.Server (Server.java:run(1265)) - Starting Socket Reader #1 for port 0
2022-02-10 16:29:29,893 [pool-228-thread-1] INFO  server.RaftServerConfigKeys (ConfUtils.java:logGet(44)) - raft.server.rpc.timeout.min = 1s (custom)
2022-02-10 16:29:29,893 [pool-228-thread-1] INFO  server.RaftServerConfigKeys (ConfUtils.java:logGet(44)) - raft.server.rpc.timeout.max = 1200ms (custom)
2022-02-10 16:29:29,893 [pool-228-thread-1] INFO  server.RaftServerConfigKeys (ConfUtils.java:logGet(44)) - raft.server.rpc.sleep.time = 25ms (default)
2022-02-10 16:29:29,893 [pool-228-thread-1] INFO  server.RaftServerConfigKeys (ConfUtils.java:logGet(44)) - raft.server.rpc.slowness.timeout = 120s (custom)
2022-02-10 16:29:29,893 [pool-228-thread-1] INFO  server.RaftServerConfigKeys (ConfUtils.java:logGet(44)) - raft.server.leaderelection.leader.step-down.wait-time = 10s (default)
2022-02-10 16:29:29,893 [pool-228-thread-1] INFO  server.RaftServerConfigKeys (ConfUtils.java:logGet(44)) - raft.server.sleep.deviation.threshold = 300ms (default)
2022-02-10 16:29:29,893 [pool-228-thread-1] INFO  server.RaftServerConfigKeys (ConfUtils.java:logGet(44)) - raft.server.log.appender.install.snapshot.enabled = false (custom)
2022-02-10 16:29:29,893 [pool-228-thread-1] INFO  server.RaftServer$Division (ServerState.java:<init>(105)) - om1@group-C5BA1605619E: ConfigurationManager, init=-1: [om1|rpc:localhost:9872|priority:0], old=null, confs=<EMPTY_MAP>
2022-02-10 16:29:29,893 [pool-228-thread-1] INFO  server.RaftServerConfigKeys (ConfUtils.java:logGet(44)) - raft.server.storage.dir = [/home/runner/work/ozone/ozone/hadoop-ozone/integration-test/target/test-dir/MiniOzoneClusterImpl-193d67db-d922-404e-9a90-1d0db3b45fdc/ozone-meta/ratis] (custom)
2022-02-10 16:29:29,899 [pool-228-thread-1] INFO  server.RaftServerConfigKeys (ConfUtils.java:logGet(44)) - raft.server.log.corruption.policy = EXCEPTION (default)
2022-02-10 16:29:29,899 [pool-228-thread-1] INFO  server.RaftServerConfigKeys (ConfUtils.java:logGet(44)) - raft.server.storage.free-space.min = 0MB (=0) (default)
2022-02-10 16:29:29,899 [pool-228-thread-1] INFO  storage.RaftStorageDirectory (RaftStorageDirectoryImpl.java:analyzeStorage(135)) - The storage directory /home/runner/work/ozone/ozone/hadoop-ozone/integration-test/target/test-dir/MiniOzoneClusterImpl-193d67db-d922-404e-9a90-1d0db3b45fdc/ozone-meta/ratis/bf265839-605b-3f16-9796-c5ba1605619e does not exist. Creating ...
2022-02-10 16:29:29,900 [pool-228-thread-1] INFO  storage.RaftStorageDirectory (RaftStorageDirectoryImpl.java:tryLock(230)) - Lock on /home/runner/work/ozone/ozone/hadoop-ozone/integration-test/target/test-dir/MiniOzoneClusterImpl-193d67db-d922-404e-9a90-1d0db3b45fdc/ozone-meta/ratis/bf265839-605b-3f16-9796-c5ba1605619e/in_use.lock acquired by nodename 23668@fv-az184-768
2022-02-10 16:29:29,902 [pool-228-thread-1] INFO  storage.RaftStorage (RaftStorageImpl.java:format(89)) - Storage directory /home/runner/work/ozone/ozone/hadoop-ozone/integration-test/target/test-dir/MiniOzoneClusterImpl-193d67db-d922-404e-9a90-1d0db3b45fdc/ozone-meta/ratis/bf265839-605b-3f16-9796-c5ba1605619e has been successfully formatted.
2022-02-10 16:29:29,902 [pool-228-thread-1] INFO  server.RaftServerConfigKeys (ConfUtils.java:logGet(44)) - raft.server.notification.no-leader.timeout = 120s (custom)
2022-02-10 16:29:29,902 [pool-228-thread-1] INFO  server.RaftServerConfigKeys (ConfUtils.java:logGet(44)) - raft.server.log.use.memory = false (default)
2022-02-10 16:29:29,902 [pool-228-thread-1] INFO  server.RaftServerConfigKeys (ConfUtils.java:logGet(44)) - raft.server.log.purge.gap = 1000000 (custom)
2022-02-10 16:29:29,903 [pool-228-thread-1] INFO  server.RaftServerConfigKeys (ConfUtils.java:logGet(44)) - raft.server.log.appender.buffer.byte-limit = 33554432 (custom)
2022-02-10 16:29:29,903 [pool-228-thread-1] INFO  server.RaftServerConfigKeys (ConfUtils.java:logGet(44)) - raft.server.log.segment.size.max = 4194304 (custom)
2022-02-10 16:29:29,903 [pool-228-thread-1] INFO  server.RaftServerConfigKeys (ConfUtils.java:logGet(44)) - raft.server.log.segment.cache.num.max = 2 (custom)
2022-02-10 16:29:29,904 [pool-228-thread-1] INFO  server.RaftServerConfigKeys (ConfUtils.java:logGet(44)) - raft.server.log.segment.cache.size.max = 200MB (=209715200) (default)
2022-02-10 16:29:29,905 [pool-228-thread-1] INFO  segmented.SegmentedRaftLogWorker (SegmentedRaftLogWorker.java:<init>(182)) - new om1@group-C5BA1605619E-SegmentedRaftLogWorker for RaftStorageImpl:Storage Directory /home/runner/work/ozone/ozone/hadoop-ozone/integration-test/target/test-dir/MiniOzoneClusterImpl-193d67db-d922-404e-9a90-1d0db3b45fdc/ozone-meta/ratis/bf265839-605b-3f16-9796-c5ba1605619e
2022-02-10 16:29:29,905 [pool-228-thread-1] INFO  server.RaftServerConfigKeys (ConfUtils.java:logGet(44)) - raft.server.log.queue.byte-limit = 64MB (=67108864) (default)
2022-02-10 16:29:29,905 [pool-228-thread-1] INFO  server.RaftServerConfigKeys (ConfUtils.java:logGet(44)) - raft.server.log.queue.element-limit = 4096 (default)
2022-02-10 16:29:29,905 [pool-228-thread-1] INFO  server.RaftServerConfigKeys (ConfUtils.java:logGet(44)) - raft.server.log.segment.size.max = 4194304 (custom)
2022-02-10 16:29:29,905 [pool-228-thread-1] INFO  server.RaftServerConfigKeys (ConfUtils.java:logGet(44)) - raft.server.log.preallocated.size = 4194304 (custom)
2022-02-10 16:29:29,905 [pool-228-thread-1] INFO  server.RaftServerConfigKeys (ConfUtils.java:logGet(44)) - raft.server.log.force.sync.num = 128 (default)
2022-02-10 16:29:29,905 [pool-228-thread-1] INFO  server.RaftServerConfigKeys (ConfUtils.java:logGet(44)) - raft.server.log.statemachine.data.sync = true (default)
2022-02-10 16:29:29,905 [pool-228-thread-1] INFO  server.RaftServerConfigKeys (ConfUtils.java:logGet(44)) - raft.server.log.statemachine.data.sync.timeout = 10s (default)
2022-02-10 16:29:29,905 [pool-228-thread-1] INFO  server.RaftServerConfigKeys (ConfUtils.java:logGet(44)) - raft.server.log.statemachine.data.sync.timeout.retry = -1 (default)
2022-02-10 16:29:29,907 [pool-228-thread-1] INFO  server.RaftServerConfigKeys (ConfUtils.java:logGet(44)) - raft.server.log.write.buffer.size = 64KB (=65536) (default)
2022-02-10 16:29:29,907 [pool-228-thread-1] INFO  server.RaftServerConfigKeys (ConfUtils.java:logGet(44)) - raft.server.log.statemachine.data.caching.enabled = false (default)
2022-02-10 16:29:29,909 [pool-228-thread-1] INFO  segmented.SegmentedRaftLogWorker (SegmentedRaftLogWorker.java:lambda$new$0(133)) - om1@group-C5BA1605619E-SegmentedRaftLogWorker: flushIndex: setUnconditionally 0 -> -1
2022-02-10 16:29:29,909 [pool-228-thread-1] INFO  segmented.SegmentedRaftLogWorker (SegmentedRaftLogWorker.java:lambda$new$0(133)) - om1@group-C5BA1605619E-SegmentedRaftLogWorker: safeCacheEvictIndex: setUnconditionally 0 -> -1
2022-02-10 16:29:29,917 [pool-228-thread-1] INFO  server.RaftServerConfigKeys (ConfUtils.java:logGet(44)) - raft.server.snapshot.auto.trigger.enabled = true (custom)
2022-02-10 16:29:29,918 [pool-228-thread-1] INFO  server.RaftServerConfigKeys (ConfUtils.java:logGet(44)) - raft.server.snapshot.auto.trigger.threshold = 400000 (default)
2022-02-10 16:29:29,918 [pool-228-thread-1] INFO  server.RaftServerConfigKeys (ConfUtils.java:logGet(44)) - raft.server.snapshot.retention.file.num = -1 (default)
2022-02-10 16:29:29,918 [pool-228-thread-1] INFO  server.RaftServerConfigKeys (ConfUtils.java:logGet(44)) - raft.server.log.purge.upto.snapshot.index = true (custom)
2022-02-10 16:29:29,918 [pool-228-thread-1] INFO  server.RaftServerConfigKeys (ConfUtils.java:logGet(44)) - raft.server.retrycache.expirytime = 300s (custom)
2022-02-10 16:29:29,918 [pool-228-thread-1] INFO  server.RaftServerConfigKeys (ConfUtils.java:logGet(44)) - raft.server.retrycache.statistics.expirytime = 100μs (default)
2022-02-10 16:29:29,950 [Listener at 127.0.0.1/38003] INFO  impl.MetricsSystemImpl (MetricsSystemImpl.java:init(158)) - OzoneManager metrics system started (again)
2022-02-10 16:29:29,978 [Listener at 127.0.0.1/38003] INFO  om.OzoneManager (OzoneManager.java:start(1365)) - OzoneManager RPC server is listening at localhost/127.0.0.1:38003
2022-02-10 16:29:29,983 [Listener at 127.0.0.1/38003] INFO  ratis.OzoneManagerRatisServer (OzoneManagerRatisServer.java:start(554)) - Starting OzoneManagerRatisServer om1 at port 9872
2022-02-10 16:29:29,983 [Listener at 127.0.0.1/38003] INFO  server.RaftServer$Division (RaftServerImpl.java:start(301)) - om1@group-C5BA1605619E: start as a follower, conf=-1: [om1|rpc:localhost:9872|priority:0], old=null
2022-02-10 16:29:29,987 [Listener at 127.0.0.1/38003] INFO  server.RaftServer$Division (RaftServerImpl.java:setRole(290)) - om1@group-C5BA1605619E: changes role from      null to FOLLOWER at term 0 for startAsFollower
2022-02-10 16:29:29,987 [Listener at 127.0.0.1/38003] INFO  impl.RoleInfo (RoleInfo.java:updateAndGet(130)) - om1: start om1@group-C5BA1605619E-FollowerState
2022-02-10 16:29:29,998 [Listener at 127.0.0.1/38003] INFO  util.JmxRegister (JmxRegister.java:tryRegister(44)) - Successfully registered JMX Bean with object name Ratis:service=RaftServer,group=group-C5BA1605619E,id=om1
2022-02-10 16:29:30,006 [Listener at 127.0.0.1/38003] INFO  server.RaftServer (RaftServerProxy.java:lambda$start$5(374)) - om1: start RPC server
2022-02-10 16:29:30,006 [Listener at 127.0.0.1/38003] INFO  server.GrpcService (GrpcService.java:startImpl(253)) - om1: GrpcService started, listening on 9872
2022-02-10 16:29:30,008 [Listener at 127.0.0.1/38003] INFO  om.OzoneManager (OzoneManager.java:start(1381)) - Version File has different layout version (0) than OM DB (null). That is expected if this OM has never been finalized to a newer layout version.
2022-02-10 16:29:30,008 [org.apache.ratis.util.JvmPauseMonitor$$Lambda$431/358420740@62251879] INFO  util.JvmPauseMonitor (JvmPauseMonitor.java:run(103)) - JvmPauseMonitor-om1: Started
2022-02-10 16:29:30,010 [Listener at 127.0.0.1/38003] INFO  http.BaseHttpServer (BaseHttpServer.java:newHttpServer2BuilderForOzone(209)) - Starting Web-server for ozoneManager at: http://0.0.0.0:0
2022-02-10 16:29:30,010 [Listener at 127.0.0.1/38003] INFO  http.BaseHttpServer (BaseHttpServer.java:<init>(107)) - Hadoop Security Enabled: false Ozone Security Enabled: false Ozone HTTP Security Enabled: false 
2022-02-10 16:29:30,011 [Listener at 127.0.0.1/38003] INFO  server.AuthenticationFilter (AuthenticationFilter.java:constructSecretProvider(240)) - Unable to initialize FileSignerSecretProvider, falling back to use random secrets.
2022-02-10 16:29:30,023 [Listener at 127.0.0.1/38003] WARN  http.HttpRequestLog (HttpRequestLog.java:getRequestLog(103)) - Jetty request log can only be enabled using Log4j
2022-02-10 16:29:30,024 [Listener at 127.0.0.1/38003] INFO  http.HttpServer2 (HttpServer2.java:addGlobalFilter(1030)) - Added global filter 'safety' (class=org.apache.hadoop.hdds.server.http.HttpServer2$QuotingInputFilter)
2022-02-10 16:29:30,025 [Listener at 127.0.0.1/38003] INFO  http.HttpServer2 (HttpServer2.java:addFilter(1006)) - Added filter static_user_filter (class=org.apache.hadoop.http.lib.StaticUserWebFilter$StaticUserFilter) to context ozoneManager
2022-02-10 16:29:30,025 [Listener at 127.0.0.1/38003] INFO  http.HttpServer2 (HttpServer2.java:addFilter(1014)) - Added filter static_user_filter (class=org.apache.hadoop.http.lib.StaticUserWebFilter$StaticUserFilter) to context static
2022-02-10 16:29:30,025 [Listener at 127.0.0.1/38003] INFO  http.HttpServer2 (HttpServer2.java:addFilter(1014)) - Added filter static_user_filter (class=org.apache.hadoop.http.lib.StaticUserWebFilter$StaticUserFilter) to context logs
2022-02-10 16:29:30,026 [Listener at 127.0.0.1/38003] INFO  http.HttpServer2 (HttpServer2.java:bindListener(1249)) - Jetty bound to port 46585
2022-02-10 16:29:30,026 [Listener at 127.0.0.1/38003] INFO  server.Server (Server.java:doStart(375)) - jetty-9.4.43.v20210629; built: 2021-06-30T11:07:22.254Z; git: 526006ecfa3af7f1a27ef3a288e2bef7ea9dd7e8; jvm 1.8.0_312-b07
2022-02-10 16:29:30,066 [Listener at 127.0.0.1/38003] INFO  server.session (DefaultSessionIdManager.java:doStart(334)) - DefaultSessionIdManager workerName=node0
2022-02-10 16:29:30,066 [Listener at 127.0.0.1/38003] INFO  server.session (DefaultSessionIdManager.java:doStart(339)) - No SessionScavenger set, using defaults
2022-02-10 16:29:30,066 [Listener at 127.0.0.1/38003] INFO  server.session (HouseKeeper.java:startScavenging(132)) - node0 Scavenging every 660000ms
2022-02-10 16:29:30,077 [Listener at 127.0.0.1/38003] INFO  handler.ContextHandler (ContextHandler.java:doStart(915)) - Started o.e.j.s.ServletContextHandler@302a9796{logs,/logs,file:///home/runner/work/ozone/ozone/hadoop-ozone/integration-test/target/log,AVAILABLE}
2022-02-10 16:29:30,078 [Listener at 127.0.0.1/38003] INFO  handler.ContextHandler (ContextHandler.java:doStart(915)) - Started o.e.j.s.ServletContextHandler@6669e5bc{static,/static,file:///home/runner/work/ozone/ozone/hadoop-ozone/integration-test/target/test-classes/webapps/static,AVAILABLE}
2022-02-10 16:29:30,081 [Listener at 127.0.0.1/38003] INFO  handler.ContextHandler (ContextHandler.java:doStart(915)) - Started o.e.j.w.WebAppContext@8ed187d{ozoneManager,/,file:///home/runner/work/ozone/ozone/hadoop-ozone/integration-test/target/test-classes/webapps/ozoneManager/,AVAILABLE}{file:/home/runner/work/ozone/ozone/hadoop-ozone/integration-test/target/test-classes/webapps/ozoneManager}
2022-02-10 16:29:30,090 [Listener at 127.0.0.1/38003] INFO  server.AbstractConnector (AbstractConnector.java:doStart(331)) - Started ServerConnector@67ebd3af{HTTP/1.1, (http/1.1)}{0.0.0.0:46585}
2022-02-10 16:29:30,091 [Listener at 127.0.0.1/38003] INFO  server.Server (Server.java:doStart(415)) - Started @108404ms
2022-02-10 16:29:30,091 [Listener at 127.0.0.1/38003] WARN  impl.MetricsSystemImpl (MetricsSystemImpl.java:register(279)) - Sink prometheus already exists!
2022-02-10 16:29:30,091 [Listener at 127.0.0.1/38003] INFO  http.BaseHttpServer (BaseHttpServer.java:updateConnectorAddress(329)) - HTTP server of ozoneManager listening at http://0.0.0.0:46585
2022-02-10 16:29:30,099 [IPC Server Responder] INFO  ipc.Server (Server.java:run(1507)) - IPC Server Responder: starting
2022-02-10 16:29:30,109 [IPC Server listener on 0] INFO  ipc.Server (Server.java:run(1344)) - IPC Server listener on 0: starting
2022-02-10 16:29:30,112 [Listener at 127.0.0.1/38003] INFO  om.OzoneManager (OzoneManager.java:startTrashEmptier(1792)) - Trash Interval set to 0. Files deleted will not move to trash
2022-02-10 16:29:30,138 [org.apache.hadoop.util.JvmPauseMonitor$Monitor@363b166a] INFO  util.JvmPauseMonitor (JvmPauseMonitor.java:run(188)) - Starting JVM pause monitor
2022-02-10 16:29:30,153 [Listener at 127.0.0.1/38003] WARN  impl.MetricRegistriesImpl (MetricRegistriesImpl.java:addReporterRegistration(111)) - New reporters are added after registries were created. Some metrics will be missing from the reporter. Please add reporter before adding any new registry.
2022-02-10 16:29:30,154 [Listener at 127.0.0.1/38003] WARN  impl.MetricRegistriesImpl (MetricRegistriesImpl.java:addReporterRegistration(111)) - New reporters are added after registries were created. Some metrics will be missing from the reporter. Please add reporter before adding any new registry.
2022-02-10 16:29:30,154 [Listener at 127.0.0.1/38003] INFO  impl.MetricsSystemImpl (MetricsSystemImpl.java:init(158)) - HddsDatanode metrics system started (again)
2022-02-10 16:29:30,170 [Listener at 127.0.0.1/38003] INFO  ozone.HddsDatanodeService (HddsDatanodeService.java:start(234)) - HddsDatanodeService host:fv-az184-768.3ow45vhwbzuu5incsxmygykede.cx.internal.cloudapp.net ip:10.1.0.22
2022-02-10 16:29:30,221 [Listener at 127.0.0.1/38003] INFO  upgrade.AbstractLayoutVersionManager (AbstractLayoutVersionManager.java:init(79)) - Initializing Layout version manager with metadata layout = SCM_HA (version = 2), software layout = SCM_HA (version = 2)
2022-02-10 16:29:30,317 [Listener at 127.0.0.1/38003] INFO  reflections.Reflections (Reflections.java:scan(232)) - Reflections took 94 ms to scan 7 urls, producing 119 keys and 279 values 
2022-02-10 16:29:30,324 [Listener at 127.0.0.1/38003] INFO  statemachine.DatanodeStateMachine (DatanodeStateMachine.java:getEndPointTaskThreadPoolSize(222)) - Datanode State Machine Task Thread Pool size 2
2022-02-10 16:29:30,338 [Listener at 127.0.0.1/38003] INFO  volume.HddsVolume (HddsVolume.java:<init>(120)) - Creating HddsVolume: /home/runner/work/ozone/ozone/hadoop-ozone/integration-test/target/test-dir/MiniOzoneClusterImpl-193d67db-d922-404e-9a90-1d0db3b45fdc/datanode-0/data-0/containers/hdds of storage type : DISK capacity : 9223372036854775807
2022-02-10 16:29:30,338 [Listener at 127.0.0.1/38003] INFO  volume.MutableVolumeSet (MutableVolumeSet.java:initializeVolumeSet(168)) - Added Volume : /home/runner/work/ozone/ozone/hadoop-ozone/integration-test/target/test-dir/MiniOzoneClusterImpl-193d67db-d922-404e-9a90-1d0db3b45fdc/datanode-0/data-0/containers/hdds to VolumeSet
2022-02-10 16:29:30,338 [Listener at 127.0.0.1/38003] INFO  volume.ThrottledAsyncChecker (ThrottledAsyncChecker.java:schedule(141)) - Scheduling a check for /home/runner/work/ozone/ozone/hadoop-ozone/integration-test/target/test-dir/MiniOzoneClusterImpl-193d67db-d922-404e-9a90-1d0db3b45fdc/datanode-0/data-0/containers/hdds
2022-02-10 16:29:30,352 [Listener at 127.0.0.1/38003] INFO  volume.StorageVolumeChecker (StorageVolumeChecker.java:checkAllVolumes(202)) - Scheduled health check for volume /home/runner/work/ozone/ozone/hadoop-ozone/integration-test/target/test-dir/MiniOzoneClusterImpl-193d67db-d922-404e-9a90-1d0db3b45fdc/datanode-0/data-0/containers/hdds
2022-02-10 16:29:30,380 [Listener at 127.0.0.1/38003] INFO  volume.MutableVolumeSet (MutableVolumeSet.java:initializeVolumeSet(168)) - Added Volume : /home/runner/work/ozone/ozone/hadoop-ozone/integration-test/target/test-dir/MiniOzoneClusterImpl-193d67db-d922-404e-9a90-1d0db3b45fdc/datanode-0/data/ratis to VolumeSet
2022-02-10 16:29:30,381 [Listener at 127.0.0.1/38003] INFO  volume.ThrottledAsyncChecker (ThrottledAsyncChecker.java:schedule(141)) - Scheduling a check for /home/runner/work/ozone/ozone/hadoop-ozone/integration-test/target/test-dir/MiniOzoneClusterImpl-193d67db-d922-404e-9a90-1d0db3b45fdc/datanode-0/data/ratis
2022-02-10 16:29:30,381 [Listener at 127.0.0.1/38003] INFO  volume.StorageVolumeChecker (StorageVolumeChecker.java:checkAllVolumes(202)) - Scheduled health check for volume /home/runner/work/ozone/ozone/hadoop-ozone/integration-test/target/test-dir/MiniOzoneClusterImpl-193d67db-d922-404e-9a90-1d0db3b45fdc/datanode-0/data/ratis
2022-02-10 16:29:30,394 [Thread-556] INFO  ozoneimpl.ContainerReader (ContainerReader.java:readVolume(172)) - Finish verifying containers on volume /home/runner/work/ozone/ozone/hadoop-ozone/integration-test/target/test-dir/MiniOzoneClusterImpl-193d67db-d922-404e-9a90-1d0db3b45fdc/datanode-0/data-0/containers/hdds
2022-02-10 16:29:30,394 [Listener at 127.0.0.1/38003] INFO  ozoneimpl.OzoneContainer (OzoneContainer.java:buildContainerSet(237)) - Build ContainerSet costs 0s
2022-02-10 16:29:30,412 [Listener at 127.0.0.1/38003] INFO  server.RaftServer (ConfUtils.java:logGet(44)) - raft.rpc.type = GRPC (default)
2022-02-10 16:29:30,412 [Listener at 127.0.0.1/38003] INFO  grpc.GrpcFactory (GrpcFactory.java:checkPooledByteBufAllocatorUseCacheForAllThreads(48)) - PERFORMANCE WARNING: useCacheForAllThreads is true that may cause Netty to create a lot garbage objects and, as a result, trigger GC.
	It is recommended to disable useCacheForAllThreads by setting -Dorg.apache.ratis.thirdparty.io.netty.allocator.useCacheForAllThreads=false in command line.
2022-02-10 16:29:30,412 [Listener at 127.0.0.1/38003] INFO  grpc.GrpcConfigKeys (ConfUtils.java:logGet(44)) - raft.grpc.admin.port = 0 (custom)
2022-02-10 16:29:30,412 [Listener at 127.0.0.1/38003] INFO  grpc.GrpcConfigKeys (ConfUtils.java:logGet(44)) - raft.grpc.client.port = 0 (custom)
2022-02-10 16:29:30,413 [Listener at 127.0.0.1/38003] INFO  grpc.GrpcConfigKeys (ConfUtils.java:logGet(44)) - raft.grpc.server.port = 0 (default)
2022-02-10 16:29:30,413 [Listener at 127.0.0.1/38003] INFO  server.GrpcService (ConfUtils.java:logGet(44)) - raft.grpc.message.size.max = 32MB (=33554432) (custom)
2022-02-10 16:29:30,413 [Listener at 127.0.0.1/38003] INFO  server.RaftServerConfigKeys (ConfUtils.java:logGet(44)) - raft.server.log.appender.buffer.byte-limit = 33554432 (custom)
2022-02-10 16:29:30,413 [Listener at 127.0.0.1/38003] INFO  server.GrpcService (ConfUtils.java:logGet(44)) - raft.grpc.flow.control.window = 5MB (=5242880) (custom)
2022-02-10 16:29:30,413 [Listener at 127.0.0.1/38003] INFO  server.RaftServerConfigKeys (ConfUtils.java:logGet(44)) - raft.server.rpc.request.timeout = 60s (custom)
2022-02-10 16:29:30,414 [Listener at 127.0.0.1/38003] INFO  impl.DataStreamServerImpl (ConfUtils.java:logGet(44)) - raft.datastream.type = DISABLED (default)
2022-02-10 16:29:30,414 [Listener at 127.0.0.1/38003] INFO  server.RaftServerConfigKeys (ConfUtils.java:logGet(44)) - raft.server.rpc.slowness.timeout = 300s (custom)
2022-02-10 16:29:30,415 [Listener at 127.0.0.1/38003] INFO  server.RaftServerConfigKeys (ConfUtils.java:logGet(44)) - raft.server.leaderelection.leader.step-down.wait-time = 10s (default)
2022-02-10 16:29:30,415 [Listener at 127.0.0.1/38003] INFO  server.RaftServerConfigKeys (ConfUtils.java:logGet(44)) - raft.server.storage.dir = [/home/runner/work/ozone/ozone/hadoop-ozone/integration-test/target/test-dir/MiniOzoneClusterImpl-193d67db-d922-404e-9a90-1d0db3b45fdc/datanode-0/data/ratis] (custom)
2022-02-10 16:29:30,416 [Listener at 127.0.0.1/38003] INFO  server.XceiverServerGrpc (XceiverServerGrpc.java:<init>(132)) - GrpcServer channel type EpollServerSocketChannel
2022-02-10 16:29:30,423 [Listener at 127.0.0.1/38003] INFO  http.BaseHttpServer (BaseHttpServer.java:newHttpServer2BuilderForOzone(209)) - Starting Web-server for hddsDatanode at: http://0.0.0.0:0
2022-02-10 16:29:30,424 [Listener at 127.0.0.1/38003] INFO  http.BaseHttpServer (BaseHttpServer.java:<init>(107)) - Hadoop Security Enabled: false Ozone Security Enabled: false Ozone HTTP Security Enabled: false 
2022-02-10 16:29:30,425 [Listener at 127.0.0.1/38003] INFO  server.AuthenticationFilter (AuthenticationFilter.java:constructSecretProvider(240)) - Unable to initialize FileSignerSecretProvider, falling back to use random secrets.
2022-02-10 16:29:30,443 [Listener at 127.0.0.1/38003] WARN  http.HttpRequestLog (HttpRequestLog.java:getRequestLog(103)) - Jetty request log can only be enabled using Log4j
2022-02-10 16:29:30,444 [Listener at 127.0.0.1/38003] INFO  http.HttpServer2 (HttpServer2.java:addGlobalFilter(1030)) - Added global filter 'safety' (class=org.apache.hadoop.hdds.server.http.HttpServer2$QuotingInputFilter)
2022-02-10 16:29:30,445 [Listener at 127.0.0.1/38003] INFO  http.HttpServer2 (HttpServer2.java:addFilter(1006)) - Added filter static_user_filter (class=org.apache.hadoop.http.lib.StaticUserWebFilter$StaticUserFilter) to context hddsDatanode
2022-02-10 16:29:30,445 [Listener at 127.0.0.1/38003] INFO  http.HttpServer2 (HttpServer2.java:addFilter(1014)) - Added filter static_user_filter (class=org.apache.hadoop.http.lib.StaticUserWebFilter$StaticUserFilter) to context static
2022-02-10 16:29:30,445 [Listener at 127.0.0.1/38003] INFO  http.HttpServer2 (HttpServer2.java:addFilter(1014)) - Added filter static_user_filter (class=org.apache.hadoop.http.lib.StaticUserWebFilter$StaticUserFilter) to context logs
2022-02-10 16:29:30,445 [Listener at 127.0.0.1/38003] INFO  http.HttpServer2 (HttpServer2.java:bindListener(1249)) - Jetty bound to port 41413
2022-02-10 16:29:30,446 [Listener at 127.0.0.1/38003] INFO  server.Server (Server.java:doStart(375)) - jetty-9.4.43.v20210629; built: 2021-06-30T11:07:22.254Z; git: 526006ecfa3af7f1a27ef3a288e2bef7ea9dd7e8; jvm 1.8.0_312-b07
2022-02-10 16:29:30,497 [Listener at 127.0.0.1/38003] INFO  server.session (DefaultSessionIdManager.java:doStart(334)) - DefaultSessionIdManager workerName=node0
2022-02-10 16:29:30,497 [Listener at 127.0.0.1/38003] INFO  server.session (DefaultSessionIdManager.java:doStart(339)) - No SessionScavenger set, using defaults
2022-02-10 16:29:30,497 [Listener at 127.0.0.1/38003] INFO  server.session (HouseKeeper.java:startScavenging(132)) - node0 Scavenging every 600000ms
2022-02-10 16:29:30,498 [Listener at 127.0.0.1/38003] INFO  handler.ContextHandler (ContextHandler.java:doStart(915)) - Started o.e.j.s.ServletContextHandler@5de990b0{logs,/logs,file:///home/runner/work/ozone/ozone/hadoop-ozone/integration-test/target/log,AVAILABLE}
2022-02-10 16:29:30,498 [Listener at 127.0.0.1/38003] INFO  handler.ContextHandler (ContextHandler.java:doStart(915)) - Started o.e.j.s.ServletContextHandler@4b4d985f{static,/static,jar:file:/home/runner/.m2/repository/org/apache/ozone/hdds-container-service/1.3.0-SNAPSHOT/hdds-container-service-1.3.0-SNAPSHOT.jar!/webapps/static,AVAILABLE}
2022-02-10 16:29:30,618 [Listener at 127.0.0.1/38003] INFO  handler.ContextHandler (ContextHandler.java:doStart(915)) - Started o.e.j.w.WebAppContext@73f12cf2{hddsDatanode,/,file:///tmp/jetty-0_0_0_0-41413-hdds-container-service-1_3_0-SNAPSHOT_jar-_-any-9098878253303447777/webapp/,AVAILABLE}{jar:file:/home/runner/.m2/repository/org/apache/ozone/hdds-container-service/1.3.0-SNAPSHOT/hdds-container-service-1.3.0-SNAPSHOT.jar!/webapps/hddsDatanode}
2022-02-10 16:29:30,639 [Listener at 127.0.0.1/38003] INFO  server.AbstractConnector (AbstractConnector.java:doStart(331)) - Started ServerConnector@79417032{HTTP/1.1, (http/1.1)}{0.0.0.0:41413}
2022-02-10 16:29:30,639 [Listener at 127.0.0.1/38003] INFO  server.Server (Server.java:doStart(415)) - Started @108953ms
2022-02-10 16:29:30,639 [Listener at 127.0.0.1/38003] WARN  impl.MetricsSystemImpl (MetricsSystemImpl.java:register(279)) - Sink prometheus already exists!
2022-02-10 16:29:30,640 [Listener at 127.0.0.1/38003] INFO  http.BaseHttpServer (BaseHttpServer.java:updateConnectorAddress(329)) - HTTP server of hddsDatanode listening at http://0.0.0.0:41413
2022-02-10 16:29:30,654 [Listener at 127.0.0.1/38003] WARN  impl.MetricRegistriesImpl (MetricRegistriesImpl.java:addReporterRegistration(111)) - New reporters are added after registries were created. Some metrics will be missing from the reporter. Please add reporter before adding any new registry.
2022-02-10 16:29:30,654 [Listener at 127.0.0.1/38003] WARN  impl.MetricRegistriesImpl (MetricRegistriesImpl.java:addReporterRegistration(111)) - New reporters are added after registries were created. Some metrics will be missing from the reporter. Please add reporter before adding any new registry.
2022-02-10 16:29:30,654 [Listener at 127.0.0.1/38003] INFO  impl.MetricsSystemImpl (MetricsSystemImpl.java:init(158)) - HddsDatanode metrics system started (again)
2022-02-10 16:29:30,661 [Datanode State Machine Daemon Thread] INFO  statemachine.DatanodeStateMachine (DatanodeStateMachine.java:lambda$startDaemon$0(470)) - Ozone container server started.
2022-02-10 16:29:30,679 [org.apache.hadoop.util.JvmPauseMonitor$Monitor@24321011] INFO  util.JvmPauseMonitor (JvmPauseMonitor.java:run(188)) - Starting JVM pause monitor
2022-02-10 16:29:30,691 [Listener at 127.0.0.1/38003] INFO  ozone.HddsDatanodeService (HddsDatanodeService.java:start(234)) - HddsDatanodeService host:fv-az184-768.3ow45vhwbzuu5incsxmygykede.cx.internal.cloudapp.net ip:10.1.0.22
2022-02-10 16:29:30,702 [Datanode State Machine Task Thread - 0] INFO  datanode.InitDatanodeState (InitDatanodeState.java:persistContainerDatanodeDetails(145)) - DatanodeDetails is persisted to /home/runner/work/ozone/ozone/hadoop-ozone/integration-test/target/test-dir/MiniOzoneClusterImpl-193d67db-d922-404e-9a90-1d0db3b45fdc/datanode-0/meta/datanode.id
2022-02-10 16:29:30,721 [Listener at 127.0.0.1/38003] INFO  upgrade.AbstractLayoutVersionManager (AbstractLayoutVersionManager.java:init(79)) - Initializing Layout version manager with metadata layout = SCM_HA (version = 2), software layout = SCM_HA (version = 2)
2022-02-10 16:29:30,835 [Listener at 127.0.0.1/38003] INFO  reflections.Reflections (Reflections.java:scan(232)) - Reflections took 108 ms to scan 7 urls, producing 119 keys and 279 values 
2022-02-10 16:29:30,837 [Listener at 127.0.0.1/38003] INFO  statemachine.DatanodeStateMachine (DatanodeStateMachine.java:getEndPointTaskThreadPoolSize(222)) - Datanode State Machine Task Thread Pool size 2
2022-02-10 16:29:30,843 [Listener at 127.0.0.1/38003] INFO  volume.HddsVolume (HddsVolume.java:<init>(120)) - Creating HddsVolume: /home/runner/work/ozone/ozone/hadoop-ozone/integration-test/target/test-dir/MiniOzoneClusterImpl-193d67db-d922-404e-9a90-1d0db3b45fdc/datanode-1/data-0/containers/hdds of storage type : DISK capacity : 9223372036854775807
2022-02-10 16:29:30,844 [Listener at 127.0.0.1/38003] INFO  volume.MutableVolumeSet (MutableVolumeSet.java:initializeVolumeSet(168)) - Added Volume : /home/runner/work/ozone/ozone/hadoop-ozone/integration-test/target/test-dir/MiniOzoneClusterImpl-193d67db-d922-404e-9a90-1d0db3b45fdc/datanode-1/data-0/containers/hdds to VolumeSet
2022-02-10 16:29:30,844 [Listener at 127.0.0.1/38003] INFO  volume.ThrottledAsyncChecker (ThrottledAsyncChecker.java:schedule(141)) - Scheduling a check for /home/runner/work/ozone/ozone/hadoop-ozone/integration-test/target/test-dir/MiniOzoneClusterImpl-193d67db-d922-404e-9a90-1d0db3b45fdc/datanode-1/data-0/containers/hdds
2022-02-10 16:29:30,855 [Listener at 127.0.0.1/38003] INFO  volume.StorageVolumeChecker (StorageVolumeChecker.java:checkAllVolumes(202)) - Scheduled health check for volume /home/runner/work/ozone/ozone/hadoop-ozone/integration-test/target/test-dir/MiniOzoneClusterImpl-193d67db-d922-404e-9a90-1d0db3b45fdc/datanode-1/data-0/containers/hdds
2022-02-10 16:29:30,873 [Listener at 127.0.0.1/38003] INFO  volume.MutableVolumeSet (MutableVolumeSet.java:initializeVolumeSet(168)) - Added Volume : /home/runner/work/ozone/ozone/hadoop-ozone/integration-test/target/test-dir/MiniOzoneClusterImpl-193d67db-d922-404e-9a90-1d0db3b45fdc/datanode-1/data/ratis to VolumeSet
2022-02-10 16:29:30,873 [Listener at 127.0.0.1/38003] INFO  volume.ThrottledAsyncChecker (ThrottledAsyncChecker.java:schedule(141)) - Scheduling a check for /home/runner/work/ozone/ozone/hadoop-ozone/integration-test/target/test-dir/MiniOzoneClusterImpl-193d67db-d922-404e-9a90-1d0db3b45fdc/datanode-1/data/ratis
2022-02-10 16:29:30,873 [Listener at 127.0.0.1/38003] INFO  volume.StorageVolumeChecker (StorageVolumeChecker.java:checkAllVolumes(202)) - Scheduled health check for volume /home/runner/work/ozone/ozone/hadoop-ozone/integration-test/target/test-dir/MiniOzoneClusterImpl-193d67db-d922-404e-9a90-1d0db3b45fdc/datanode-1/data/ratis
2022-02-10 16:29:30,920 [Thread-568] INFO  ozoneimpl.ContainerReader (ContainerReader.java:readVolume(172)) - Finish verifying containers on volume /home/runner/work/ozone/ozone/hadoop-ozone/integration-test/target/test-dir/MiniOzoneClusterImpl-193d67db-d922-404e-9a90-1d0db3b45fdc/datanode-1/data-0/containers/hdds
2022-02-10 16:29:30,920 [Listener at 127.0.0.1/38003] INFO  ozoneimpl.OzoneContainer (OzoneContainer.java:buildContainerSet(237)) - Build ContainerSet costs 0s
2022-02-10 16:29:30,923 [Listener at 127.0.0.1/38003] INFO  server.RaftServer (ConfUtils.java:logGet(44)) - raft.rpc.type = GRPC (default)
2022-02-10 16:29:30,923 [Listener at 127.0.0.1/38003] INFO  grpc.GrpcFactory (GrpcFactory.java:checkPooledByteBufAllocatorUseCacheForAllThreads(48)) - PERFORMANCE WARNING: useCacheForAllThreads is true that may cause Netty to create a lot garbage objects and, as a result, trigger GC.
	It is recommended to disable useCacheForAllThreads by setting -Dorg.apache.ratis.thirdparty.io.netty.allocator.useCacheForAllThreads=false in command line.
2022-02-10 16:29:30,923 [Listener at 127.0.0.1/38003] INFO  grpc.GrpcConfigKeys (ConfUtils.java:logGet(44)) - raft.grpc.admin.port = 0 (custom)
2022-02-10 16:29:30,923 [Listener at 127.0.0.1/38003] INFO  grpc.GrpcConfigKeys (ConfUtils.java:logGet(44)) - raft.grpc.client.port = 0 (custom)
2022-02-10 16:29:30,923 [Listener at 127.0.0.1/38003] INFO  grpc.GrpcConfigKeys (ConfUtils.java:logGet(44)) - raft.grpc.server.port = 0 (default)
2022-02-10 16:29:30,923 [Listener at 127.0.0.1/38003] INFO  server.GrpcService (ConfUtils.java:logGet(44)) - raft.grpc.message.size.max = 32MB (=33554432) (custom)
2022-02-10 16:29:30,923 [Listener at 127.0.0.1/38003] INFO  server.RaftServerConfigKeys (ConfUtils.java:logGet(44)) - raft.server.log.appender.buffer.byte-limit = 33554432 (custom)
2022-02-10 16:29:30,924 [Listener at 127.0.0.1/38003] INFO  server.GrpcService (ConfUtils.java:logGet(44)) - raft.grpc.flow.control.window = 5MB (=5242880) (custom)
2022-02-10 16:29:30,924 [Listener at 127.0.0.1/38003] INFO  server.RaftServerConfigKeys (ConfUtils.java:logGet(44)) - raft.server.rpc.request.timeout = 60s (custom)
2022-02-10 16:29:30,925 [Listener at 127.0.0.1/38003] INFO  impl.DataStreamServerImpl (ConfUtils.java:logGet(44)) - raft.datastream.type = DISABLED (default)
2022-02-10 16:29:30,925 [Listener at 127.0.0.1/38003] INFO  server.RaftServerConfigKeys (ConfUtils.java:logGet(44)) - raft.server.rpc.slowness.timeout = 300s (custom)
2022-02-10 16:29:30,925 [Listener at 127.0.0.1/38003] INFO  server.RaftServerConfigKeys (ConfUtils.java:logGet(44)) - raft.server.leaderelection.leader.step-down.wait-time = 10s (default)
2022-02-10 16:29:30,926 [Listener at 127.0.0.1/38003] INFO  server.RaftServerConfigKeys (ConfUtils.java:logGet(44)) - raft.server.storage.dir = [/home/runner/work/ozone/ozone/hadoop-ozone/integration-test/target/test-dir/MiniOzoneClusterImpl-193d67db-d922-404e-9a90-1d0db3b45fdc/datanode-1/data/ratis] (custom)
2022-02-10 16:29:30,927 [Listener at 127.0.0.1/38003] INFO  server.XceiverServerGrpc (XceiverServerGrpc.java:<init>(132)) - GrpcServer channel type EpollServerSocketChannel
2022-02-10 16:29:30,940 [Listener at 127.0.0.1/38003] INFO  http.BaseHttpServer (BaseHttpServer.java:newHttpServer2BuilderForOzone(209)) - Starting Web-server for hddsDatanode at: http://0.0.0.0:0
2022-02-10 16:29:30,940 [Listener at 127.0.0.1/38003] INFO  http.BaseHttpServer (BaseHttpServer.java:<init>(107)) - Hadoop Security Enabled: false Ozone Security Enabled: false Ozone HTTP Security Enabled: false 
2022-02-10 16:29:30,941 [Listener at 127.0.0.1/38003] INFO  server.AuthenticationFilter (AuthenticationFilter.java:constructSecretProvider(240)) - Unable to initialize FileSignerSecretProvider, falling back to use random secrets.
2022-02-10 16:29:30,943 [Listener at 127.0.0.1/38003] WARN  http.HttpRequestLog (HttpRequestLog.java:getRequestLog(103)) - Jetty request log can only be enabled using Log4j
2022-02-10 16:29:30,943 [Listener at 127.0.0.1/38003] INFO  http.HttpServer2 (HttpServer2.java:addGlobalFilter(1030)) - Added global filter 'safety' (class=org.apache.hadoop.hdds.server.http.HttpServer2$QuotingInputFilter)
2022-02-10 16:29:30,944 [Listener at 127.0.0.1/38003] INFO  http.HttpServer2 (HttpServer2.java:addFilter(1006)) - Added filter static_user_filter (class=org.apache.hadoop.http.lib.StaticUserWebFilter$StaticUserFilter) to context hddsDatanode
2022-02-10 16:29:30,944 [Listener at 127.0.0.1/38003] INFO  http.HttpServer2 (HttpServer2.java:addFilter(1014)) - Added filter static_user_filter (class=org.apache.hadoop.http.lib.StaticUserWebFilter$StaticUserFilter) to context static
2022-02-10 16:29:30,944 [Listener at 127.0.0.1/38003] INFO  http.HttpServer2 (HttpServer2.java:addFilter(1014)) - Added filter static_user_filter (class=org.apache.hadoop.http.lib.StaticUserWebFilter$StaticUserFilter) to context logs
2022-02-10 16:29:30,945 [Listener at 127.0.0.1/38003] INFO  http.HttpServer2 (HttpServer2.java:bindListener(1249)) - Jetty bound to port 37451
2022-02-10 16:29:30,945 [Listener at 127.0.0.1/38003] INFO  server.Server (Server.java:doStart(375)) - jetty-9.4.43.v20210629; built: 2021-06-30T11:07:22.254Z; git: 526006ecfa3af7f1a27ef3a288e2bef7ea9dd7e8; jvm 1.8.0_312-b07
2022-02-10 16:29:30,961 [Listener at 127.0.0.1/38003] INFO  server.session (DefaultSessionIdManager.java:doStart(334)) - DefaultSessionIdManager workerName=node0
2022-02-10 16:29:30,962 [Listener at 127.0.0.1/38003] INFO  server.session (DefaultSessionIdManager.java:doStart(339)) - No SessionScavenger set, using defaults
2022-02-10 16:29:30,962 [Listener at 127.0.0.1/38003] INFO  server.session (HouseKeeper.java:startScavenging(132)) - node0 Scavenging every 660000ms
2022-02-10 16:29:30,971 [Listener at 127.0.0.1/38003] INFO  handler.ContextHandler (ContextHandler.java:doStart(915)) - Started o.e.j.s.ServletContextHandler@68a1240b{logs,/logs,file:///home/runner/work/ozone/ozone/hadoop-ozone/integration-test/target/log,AVAILABLE}
2022-02-10 16:29:30,971 [Listener at 127.0.0.1/38003] INFO  handler.ContextHandler (ContextHandler.java:doStart(915)) - Started o.e.j.s.ServletContextHandler@52825ffb{static,/static,jar:file:/home/runner/.m2/repository/org/apache/ozone/hdds-container-service/1.3.0-SNAPSHOT/hdds-container-service-1.3.0-SNAPSHOT.jar!/webapps/static,AVAILABLE}
2022-02-10 16:29:31,056 [om1@group-C5BA1605619E-FollowerState] INFO  impl.FollowerState (FollowerState.java:run(134)) - om1@group-C5BA1605619E-FollowerState: change to CANDIDATE, lastRpcElapsedTime:1068672797ns, electionTimeout:1057ms
2022-02-10 16:29:31,056 [om1@group-C5BA1605619E-FollowerState] INFO  impl.RoleInfo (RoleInfo.java:shutdownFollowerState(108)) - om1: shutdown om1@group-C5BA1605619E-FollowerState
2022-02-10 16:29:31,056 [om1@group-C5BA1605619E-FollowerState] INFO  server.RaftServer$Division (RaftServerImpl.java:setRole(290)) - om1@group-C5BA1605619E: changes role from  FOLLOWER to CANDIDATE at term 0 for changeToCandidate
2022-02-10 16:29:31,056 [om1@group-C5BA1605619E-FollowerState] INFO  server.RaftServerConfigKeys (ConfUtils.java:logGet(44)) - raft.server.leaderelection.pre-vote = false (custom)
2022-02-10 16:29:31,056 [om1@group-C5BA1605619E-FollowerState] INFO  impl.RoleInfo (RoleInfo.java:updateAndGet(130)) - om1: start om1@group-C5BA1605619E-LeaderElection18
2022-02-10 16:29:31,082 [om1@group-C5BA1605619E-LeaderElection18] INFO  impl.LeaderElection (LeaderElection.java:askForVotes(306)) - om1@group-C5BA1605619E-LeaderElection18 ELECTION round 0: submit vote requests at term 1 for -1: [om1|rpc:localhost:9872|priority:0], old=null
2022-02-10 16:29:31,082 [om1@group-C5BA1605619E-LeaderElection18] INFO  impl.LeaderElection (LeaderElection.java:askForVotes(308)) - om1@group-C5BA1605619E-LeaderElection18 ELECTION round 0: result PASSED (term=1)
2022-02-10 16:29:31,082 [om1@group-C5BA1605619E-LeaderElection18] INFO  impl.RoleInfo (RoleInfo.java:shutdownLeaderElection(121)) - om1: shutdown om1@group-C5BA1605619E-LeaderElection18
2022-02-10 16:29:31,082 [om1@group-C5BA1605619E-LeaderElection18] INFO  server.RaftServer$Division (RaftServerImpl.java:setRole(290)) - om1@group-C5BA1605619E: changes role from CANDIDATE to LEADER at term 1 for changeToLeader
2022-02-10 16:29:31,082 [om1@group-C5BA1605619E-LeaderElection18] INFO  server.RaftServer$Division (ServerState.java:setLeader(285)) - om1@group-C5BA1605619E: change Leader from null to om1 at term 1 for becomeLeader, leader elected after 1179ms
2022-02-10 16:29:31,082 [om1@group-C5BA1605619E-LeaderElection18] INFO  server.RaftServerConfigKeys (ConfUtils.java:logGet(44)) - raft.server.staging.catchup.gap = 1000 (default)
2022-02-10 16:29:31,089 [om1@group-C5BA1605619E-LeaderElection18] INFO  server.RaftServerConfigKeys (ConfUtils.java:logGet(44)) - raft.server.write.element-limit = 4096 (default)
2022-02-10 16:29:31,089 [om1@group-C5BA1605619E-LeaderElection18] INFO  server.RaftServerConfigKeys (ConfUtils.java:logGet(44)) - raft.server.write.byte-limit = 64MB (=67108864) (default)
2022-02-10 16:29:31,089 [om1@group-C5BA1605619E-LeaderElection18] INFO  server.RaftServerConfigKeys (ConfUtils.java:logGet(44)) - raft.server.watch.timeout = 10s (default)
2022-02-10 16:29:31,089 [om1@group-C5BA1605619E-LeaderElection18] INFO  server.RaftServerConfigKeys (ConfUtils.java:logGet(44)) - raft.server.watch.timeout.denomination = 1s (default)
2022-02-10 16:29:31,089 [om1@group-C5BA1605619E-LeaderElection18] INFO  server.RaftServerConfigKeys (ConfUtils.java:logGet(44)) - raft.server.watch.element-limit = 65536 (default)
2022-02-10 16:29:31,089 [om1@group-C5BA1605619E-LeaderElection18] INFO  server.RaftServerConfigKeys (ConfUtils.java:logGet(44)) - raft.server.write.element-limit = 4096 (default)
2022-02-10 16:29:31,089 [om1@group-C5BA1605619E-LeaderElection18] INFO  server.RaftServerConfigKeys (ConfUtils.java:logGet(44)) - raft.server.write.follower.gap.ratio.max = -1.0 (default)
2022-02-10 16:29:31,089 [om1@group-C5BA1605619E-LeaderElection18] INFO  impl.RoleInfo (RoleInfo.java:updateAndGet(130)) - om1: start om1@group-C5BA1605619E-LeaderStateImpl
2022-02-10 16:29:31,090 [om1@group-C5BA1605619E-LeaderElection18] INFO  segmented.SegmentedRaftLogWorker (SegmentedRaftLogWorker.java:startLogSegment(394)) - om1@group-C5BA1605619E-SegmentedRaftLogWorker: Starting segment from index:0
2022-02-10 16:29:31,107 [om1@group-C5BA1605619E-LeaderElection18] INFO  server.RaftServer$Division (ServerState.java:setRaftConf(387)) - om1@group-C5BA1605619E: set configuration 0: [om1|rpc:localhost:9872|admin:|client:|dataStream:|priority:0], old=null
2022-02-10 16:29:31,108 [om1@group-C5BA1605619E-SegmentedRaftLogWorker] INFO  segmented.SegmentedRaftLogWorker (SegmentedRaftLogWorker.java:execute(601)) - om1@group-C5BA1605619E-SegmentedRaftLogWorker: created new log segment /home/runner/work/ozone/ozone/hadoop-ozone/integration-test/target/test-dir/MiniOzoneClusterImpl-193d67db-d922-404e-9a90-1d0db3b45fdc/ozone-meta/ratis/bf265839-605b-3f16-9796-c5ba1605619e/current/log_inprogress_0
2022-02-10 16:29:31,115 [om1@group-C5BA1605619E-StateMachineUpdater] INFO  ratis.OzoneManagerStateMachine (OzoneManagerStateMachine.java:notifyConfigurationChanged(188)) - Received Configuration change notification from Ratis. New Peer list:
[id: "om1"
address: "localhost:9872"
]
2022-02-10 16:29:31,146 [Listener at 127.0.0.1/38003] INFO  handler.ContextHandler (ContextHandler.java:doStart(915)) - Started o.e.j.w.WebAppContext@492d1241{hddsDatanode,/,file:///tmp/jetty-0_0_0_0-37451-hdds-container-service-1_3_0-SNAPSHOT_jar-_-any-7414046708024570331/webapp/,AVAILABLE}{jar:file:/home/runner/.m2/repository/org/apache/ozone/hdds-container-service/1.3.0-SNAPSHOT/hdds-container-service-1.3.0-SNAPSHOT.jar!/webapps/hddsDatanode}
2022-02-10 16:29:31,152 [Listener at 127.0.0.1/38003] INFO  server.AbstractConnector (AbstractConnector.java:doStart(331)) - Started ServerConnector@7fdca476{HTTP/1.1, (http/1.1)}{0.0.0.0:37451}
2022-02-10 16:29:31,152 [Listener at 127.0.0.1/38003] INFO  server.Server (Server.java:doStart(415)) - Started @109466ms
2022-02-10 16:29:31,152 [Listener at 127.0.0.1/38003] WARN  impl.MetricsSystemImpl (MetricsSystemImpl.java:register(279)) - Sink prometheus already exists!
2022-02-10 16:29:31,153 [Listener at 127.0.0.1/38003] INFO  http.BaseHttpServer (BaseHttpServer.java:updateConnectorAddress(329)) - HTTP server of hddsDatanode listening at http://0.0.0.0:37451
2022-02-10 16:29:31,160 [Listener at 127.0.0.1/38003] WARN  impl.MetricRegistriesImpl (MetricRegistriesImpl.java:addReporterRegistration(111)) - New reporters are added after registries were created. Some metrics will be missing from the reporter. Please add reporter before adding any new registry.
2022-02-10 16:29:31,160 [Listener at 127.0.0.1/38003] WARN  impl.MetricRegistriesImpl (MetricRegistriesImpl.java:addReporterRegistration(111)) - New reporters are added after registries were created. Some metrics will be missing from the reporter. Please add reporter before adding any new registry.
2022-02-10 16:29:31,161 [Listener at 127.0.0.1/38003] INFO  impl.MetricsSystemImpl (MetricsSystemImpl.java:init(158)) - HddsDatanode metrics system started (again)
2022-02-10 16:29:31,167 [Datanode State Machine Daemon Thread] INFO  statemachine.DatanodeStateMachine (DatanodeStateMachine.java:lambda$startDaemon$0(470)) - Ozone container server started.
2022-02-10 16:29:31,207 [org.apache.hadoop.util.JvmPauseMonitor$Monitor@5cc7adcc] INFO  util.JvmPauseMonitor (JvmPauseMonitor.java:run(188)) - Starting JVM pause monitor
2022-02-10 16:29:31,218 [Listener at 127.0.0.1/38003] INFO  ozone.HddsDatanodeService (HddsDatanodeService.java:start(234)) - HddsDatanodeService host:fv-az184-768.3ow45vhwbzuu5incsxmygykede.cx.internal.cloudapp.net ip:10.1.0.22
2022-02-10 16:29:31,275 [Listener at 127.0.0.1/38003] INFO  upgrade.AbstractLayoutVersionManager (AbstractLayoutVersionManager.java:init(79)) - Initializing Layout version manager with metadata layout = SCM_HA (version = 2), software layout = SCM_HA (version = 2)
2022-02-10 16:29:31,276 [Datanode State Machine Task Thread - 0] INFO  datanode.InitDatanodeState (InitDatanodeState.java:persistContainerDatanodeDetails(145)) - DatanodeDetails is persisted to /home/runner/work/ozone/ozone/hadoop-ozone/integration-test/target/test-dir/MiniOzoneClusterImpl-193d67db-d922-404e-9a90-1d0db3b45fdc/datanode-1/meta/datanode.id
2022-02-10 16:29:31,399 [Listener at 127.0.0.1/38003] INFO  reflections.Reflections (Reflections.java:scan(232)) - Reflections took 120 ms to scan 7 urls, producing 119 keys and 279 values 
2022-02-10 16:29:31,401 [Listener at 127.0.0.1/38003] INFO  statemachine.DatanodeStateMachine (DatanodeStateMachine.java:getEndPointTaskThreadPoolSize(222)) - Datanode State Machine Task Thread Pool size 2
2022-02-10 16:29:31,418 [Listener at 127.0.0.1/38003] INFO  volume.HddsVolume (HddsVolume.java:<init>(120)) - Creating HddsVolume: /home/runner/work/ozone/ozone/hadoop-ozone/integration-test/target/test-dir/MiniOzoneClusterImpl-193d67db-d922-404e-9a90-1d0db3b45fdc/datanode-2/data-0/containers/hdds of storage type : DISK capacity : 9223372036854775807
2022-02-10 16:29:31,419 [Listener at 127.0.0.1/38003] INFO  volume.MutableVolumeSet (MutableVolumeSet.java:initializeVolumeSet(168)) - Added Volume : /home/runner/work/ozone/ozone/hadoop-ozone/integration-test/target/test-dir/MiniOzoneClusterImpl-193d67db-d922-404e-9a90-1d0db3b45fdc/datanode-2/data-0/containers/hdds to VolumeSet
2022-02-10 16:29:31,419 [Listener at 127.0.0.1/38003] INFO  volume.ThrottledAsyncChecker (ThrottledAsyncChecker.java:schedule(141)) - Scheduling a check for /home/runner/work/ozone/ozone/hadoop-ozone/integration-test/target/test-dir/MiniOzoneClusterImpl-193d67db-d922-404e-9a90-1d0db3b45fdc/datanode-2/data-0/containers/hdds
2022-02-10 16:29:31,419 [Listener at 127.0.0.1/38003] INFO  volume.StorageVolumeChecker (StorageVolumeChecker.java:checkAllVolumes(202)) - Scheduled health check for volume /home/runner/work/ozone/ozone/hadoop-ozone/integration-test/target/test-dir/MiniOzoneClusterImpl-193d67db-d922-404e-9a90-1d0db3b45fdc/datanode-2/data-0/containers/hdds
2022-02-10 16:29:31,432 [Listener at 127.0.0.1/38003] INFO  volume.MutableVolumeSet (MutableVolumeSet.java:initializeVolumeSet(168)) - Added Volume : /home/runner/work/ozone/ozone/hadoop-ozone/integration-test/target/test-dir/MiniOzoneClusterImpl-193d67db-d922-404e-9a90-1d0db3b45fdc/datanode-2/data/ratis to VolumeSet
2022-02-10 16:29:31,432 [Listener at 127.0.0.1/38003] INFO  volume.ThrottledAsyncChecker (ThrottledAsyncChecker.java:schedule(141)) - Scheduling a check for /home/runner/work/ozone/ozone/hadoop-ozone/integration-test/target/test-dir/MiniOzoneClusterImpl-193d67db-d922-404e-9a90-1d0db3b45fdc/datanode-2/data/ratis
2022-02-10 16:29:31,432 [Listener at 127.0.0.1/38003] INFO  volume.StorageVolumeChecker (StorageVolumeChecker.java:checkAllVolumes(202)) - Scheduled health check for volume /home/runner/work/ozone/ozone/hadoop-ozone/integration-test/target/test-dir/MiniOzoneClusterImpl-193d67db-d922-404e-9a90-1d0db3b45fdc/datanode-2/data/ratis
2022-02-10 16:29:31,479 [Thread-582] INFO  ozoneimpl.ContainerReader (ContainerReader.java:readVolume(172)) - Finish verifying containers on volume /home/runner/work/ozone/ozone/hadoop-ozone/integration-test/target/test-dir/MiniOzoneClusterImpl-193d67db-d922-404e-9a90-1d0db3b45fdc/datanode-2/data-0/containers/hdds
2022-02-10 16:29:31,479 [Listener at 127.0.0.1/38003] INFO  ozoneimpl.OzoneContainer (OzoneContainer.java:buildContainerSet(237)) - Build ContainerSet costs 0s
2022-02-10 16:29:31,482 [Listener at 127.0.0.1/38003] INFO  server.RaftServer (ConfUtils.java:logGet(44)) - raft.rpc.type = GRPC (default)
2022-02-10 16:29:31,482 [Listener at 127.0.0.1/38003] INFO  grpc.GrpcFactory (GrpcFactory.java:checkPooledByteBufAllocatorUseCacheForAllThreads(48)) - PERFORMANCE WARNING: useCacheForAllThreads is true that may cause Netty to create a lot garbage objects and, as a result, trigger GC.
	It is recommended to disable useCacheForAllThreads by setting -Dorg.apache.ratis.thirdparty.io.netty.allocator.useCacheForAllThreads=false in command line.
2022-02-10 16:29:31,482 [Listener at 127.0.0.1/38003] INFO  grpc.GrpcConfigKeys (ConfUtils.java:logGet(44)) - raft.grpc.admin.port = 0 (custom)
2022-02-10 16:29:31,482 [Listener at 127.0.0.1/38003] INFO  grpc.GrpcConfigKeys (ConfUtils.java:logGet(44)) - raft.grpc.client.port = 0 (custom)
2022-02-10 16:29:31,482 [Listener at 127.0.0.1/38003] INFO  grpc.GrpcConfigKeys (ConfUtils.java:logGet(44)) - raft.grpc.server.port = 0 (default)
2022-02-10 16:29:31,483 [Listener at 127.0.0.1/38003] INFO  server.GrpcService (ConfUtils.java:logGet(44)) - raft.grpc.message.size.max = 32MB (=33554432) (custom)
2022-02-10 16:29:31,483 [Listener at 127.0.0.1/38003] INFO  server.RaftServerConfigKeys (ConfUtils.java:logGet(44)) - raft.server.log.appender.buffer.byte-limit = 33554432 (custom)
2022-02-10 16:29:31,483 [Listener at 127.0.0.1/38003] INFO  server.GrpcService (ConfUtils.java:logGet(44)) - raft.grpc.flow.control.window = 5MB (=5242880) (custom)
2022-02-10 16:29:31,483 [Listener at 127.0.0.1/38003] INFO  server.RaftServerConfigKeys (ConfUtils.java:logGet(44)) - raft.server.rpc.request.timeout = 60s (custom)
2022-02-10 16:29:31,484 [Listener at 127.0.0.1/38003] INFO  impl.DataStreamServerImpl (ConfUtils.java:logGet(44)) - raft.datastream.type = DISABLED (default)
2022-02-10 16:29:31,485 [Listener at 127.0.0.1/38003] INFO  server.RaftServerConfigKeys (ConfUtils.java:logGet(44)) - raft.server.rpc.slowness.timeout = 300s (custom)
2022-02-10 16:29:31,485 [Listener at 127.0.0.1/38003] INFO  server.RaftServerConfigKeys (ConfUtils.java:logGet(44)) - raft.server.leaderelection.leader.step-down.wait-time = 10s (default)
2022-02-10 16:29:31,485 [Listener at 127.0.0.1/38003] INFO  server.RaftServerConfigKeys (ConfUtils.java:logGet(44)) - raft.server.storage.dir = [/home/runner/work/ozone/ozone/hadoop-ozone/integration-test/target/test-dir/MiniOzoneClusterImpl-193d67db-d922-404e-9a90-1d0db3b45fdc/datanode-2/data/ratis] (custom)
2022-02-10 16:29:31,490 [Listener at 127.0.0.1/38003] INFO  server.XceiverServerGrpc (XceiverServerGrpc.java:<init>(132)) - GrpcServer channel type EpollServerSocketChannel
2022-02-10 16:29:31,514 [Listener at 127.0.0.1/38003] INFO  http.BaseHttpServer (BaseHttpServer.java:newHttpServer2BuilderForOzone(209)) - Starting Web-server for hddsDatanode at: http://0.0.0.0:0
2022-02-10 16:29:31,514 [Listener at 127.0.0.1/38003] INFO  http.BaseHttpServer (BaseHttpServer.java:<init>(107)) - Hadoop Security Enabled: false Ozone Security Enabled: false Ozone HTTP Security Enabled: false 
2022-02-10 16:29:31,515 [Listener at 127.0.0.1/38003] INFO  server.AuthenticationFilter (AuthenticationFilter.java:constructSecretProvider(240)) - Unable to initialize FileSignerSecretProvider, falling back to use random secrets.
2022-02-10 16:29:31,517 [Listener at 127.0.0.1/38003] WARN  http.HttpRequestLog (HttpRequestLog.java:getRequestLog(103)) - Jetty request log can only be enabled using Log4j
2022-02-10 16:29:31,518 [Listener at 127.0.0.1/38003] INFO  http.HttpServer2 (HttpServer2.java:addGlobalFilter(1030)) - Added global filter 'safety' (class=org.apache.hadoop.hdds.server.http.HttpServer2$QuotingInputFilter)
2022-02-10 16:29:31,519 [Listener at 127.0.0.1/38003] INFO  http.HttpServer2 (HttpServer2.java:addFilter(1006)) - Added filter static_user_filter (class=org.apache.hadoop.http.lib.StaticUserWebFilter$StaticUserFilter) to context hddsDatanode
2022-02-10 16:29:31,519 [Listener at 127.0.0.1/38003] INFO  http.HttpServer2 (HttpServer2.java:addFilter(1014)) - Added filter static_user_filter (class=org.apache.hadoop.http.lib.StaticUserWebFilter$StaticUserFilter) to context logs
2022-02-10 16:29:31,519 [Listener at 127.0.0.1/38003] INFO  http.HttpServer2 (HttpServer2.java:addFilter(1014)) - Added filter static_user_filter (class=org.apache.hadoop.http.lib.StaticUserWebFilter$StaticUserFilter) to context static
2022-02-10 16:29:31,519 [Listener at 127.0.0.1/38003] INFO  http.HttpServer2 (HttpServer2.java:bindListener(1249)) - Jetty bound to port 43995
2022-02-10 16:29:31,519 [Listener at 127.0.0.1/38003] INFO  server.Server (Server.java:doStart(375)) - jetty-9.4.43.v20210629; built: 2021-06-30T11:07:22.254Z; git: 526006ecfa3af7f1a27ef3a288e2bef7ea9dd7e8; jvm 1.8.0_312-b07
2022-02-10 16:29:31,531 [Listener at 127.0.0.1/38003] INFO  server.session (DefaultSessionIdManager.java:doStart(334)) - DefaultSessionIdManager workerName=node0
2022-02-10 16:29:31,531 [Listener at 127.0.0.1/38003] INFO  server.session (DefaultSessionIdManager.java:doStart(339)) - No SessionScavenger set, using defaults
2022-02-10 16:29:31,532 [Listener at 127.0.0.1/38003] INFO  server.session (HouseKeeper.java:startScavenging(132)) - node0 Scavenging every 660000ms
2022-02-10 16:29:31,532 [Listener at 127.0.0.1/38003] INFO  handler.ContextHandler (ContextHandler.java:doStart(915)) - Started o.e.j.s.ServletContextHandler@6e68862c{logs,/logs,file:///home/runner/work/ozone/ozone/hadoop-ozone/integration-test/target/log,AVAILABLE}
2022-02-10 16:29:31,533 [Listener at 127.0.0.1/38003] INFO  handler.ContextHandler (ContextHandler.java:doStart(915)) - Started o.e.j.s.ServletContextHandler@7f2e17f5{static,/static,jar:file:/home/runner/.m2/repository/org/apache/ozone/hdds-container-service/1.3.0-SNAPSHOT/hdds-container-service-1.3.0-SNAPSHOT.jar!/webapps/static,AVAILABLE}
2022-02-10 16:29:31,660 [Listener at 127.0.0.1/38003] INFO  handler.ContextHandler (ContextHandler.java:doStart(915)) - Started o.e.j.w.WebAppContext@29b59915{hddsDatanode,/,file:///tmp/jetty-0_0_0_0-43995-hdds-container-service-1_3_0-SNAPSHOT_jar-_-any-7672307094958602364/webapp/,AVAILABLE}{jar:file:/home/runner/.m2/repository/org/apache/ozone/hdds-container-service/1.3.0-SNAPSHOT/hdds-container-service-1.3.0-SNAPSHOT.jar!/webapps/hddsDatanode}
2022-02-10 16:29:31,669 [Listener at 127.0.0.1/38003] INFO  server.AbstractConnector (AbstractConnector.java:doStart(331)) - Started ServerConnector@78f1cd09{HTTP/1.1, (http/1.1)}{0.0.0.0:43995}
2022-02-10 16:29:31,679 [Listener at 127.0.0.1/38003] INFO  server.Server (Server.java:doStart(415)) - Started @109983ms
2022-02-10 16:29:31,679 [Listener at 127.0.0.1/38003] WARN  impl.MetricsSystemImpl (MetricsSystemImpl.java:register(279)) - Sink prometheus already exists!
2022-02-10 16:29:31,679 [Listener at 127.0.0.1/38003] INFO  http.BaseHttpServer (BaseHttpServer.java:updateConnectorAddress(329)) - HTTP server of hddsDatanode listening at http://0.0.0.0:43995
2022-02-10 16:29:31,683 [Listener at 127.0.0.1/38003] INFO  ozone.MiniOzoneClusterImpl (MiniOzoneClusterImpl.java:lambda$waitForClusterToBeReady$0(219)) - Waiting for nodes to be ready. Got 0 of 3 DN Heartbeats.
2022-02-10 16:29:31,683 [Listener at 127.0.0.1/38003] INFO  ozone.MiniOzoneClusterImpl (MiniOzoneClusterImpl.java:lambda$waitForClusterToBeReady$0(222)) - Waiting for cluster to exit safe mode
2022-02-10 16:29:31,683 [Listener at 127.0.0.1/38003] INFO  ozone.MiniOzoneClusterImpl (MiniOzoneClusterImpl.java:lambda$waitForClusterToBeReady$0(224)) - SCM became leader
2022-02-10 16:29:31,683 [Datanode State Machine Daemon Thread] INFO  statemachine.DatanodeStateMachine (DatanodeStateMachine.java:lambda$startDaemon$0(470)) - Ozone container server started.
2022-02-10 16:29:31,691 [org.apache.hadoop.util.JvmPauseMonitor$Monitor@97d75a3] INFO  util.JvmPauseMonitor (JvmPauseMonitor.java:run(188)) - Starting JVM pause monitor
2022-02-10 16:29:31,702 [Datanode State Machine Task Thread - 0] INFO  datanode.InitDatanodeState (InitDatanodeState.java:persistContainerDatanodeDetails(145)) - DatanodeDetails is persisted to /home/runner/work/ozone/ozone/hadoop-ozone/integration-test/target/test-dir/MiniOzoneClusterImpl-193d67db-d922-404e-9a90-1d0db3b45fdc/datanode-2/meta/datanode.id
2022-02-10 16:29:32,683 [Listener at 127.0.0.1/38003] INFO  ozone.MiniOzoneClusterImpl (MiniOzoneClusterImpl.java:lambda$waitForClusterToBeReady$0(219)) - Waiting for nodes to be ready. Got 0 of 3 DN Heartbeats.
2022-02-10 16:29:32,683 [Listener at 127.0.0.1/38003] INFO  ozone.MiniOzoneClusterImpl (MiniOzoneClusterImpl.java:lambda$waitForClusterToBeReady$0(222)) - Waiting for cluster to exit safe mode
2022-02-10 16:29:32,683 [Listener at 127.0.0.1/38003] INFO  ozone.MiniOzoneClusterImpl (MiniOzoneClusterImpl.java:lambda$waitForClusterToBeReady$0(224)) - SCM became leader
2022-02-10 16:29:32,721 [EndpointStateMachine task thread for /0.0.0.0:40191 - 0 ] INFO  ozoneimpl.OzoneContainer (OzoneContainer.java:start(315)) - Attempting to start container services.
2022-02-10 16:29:32,721 [EndpointStateMachine task thread for /0.0.0.0:40191 - 0 ] INFO  ozoneimpl.OzoneContainer (OzoneContainer.java:startContainerScrub(250)) - Background container scanner has been disabled.
2022-02-10 16:29:32,722 [EndpointStateMachine task thread for /0.0.0.0:40191 - 0 ] INFO  replication.ReplicationServer (ReplicationServer.java:start(111)) - ReplicationServer is started using port 44551
2022-02-10 16:29:32,723 [EndpointStateMachine task thread for /0.0.0.0:40191 - 0 ] INFO  ratis.XceiverServerRatis (XceiverServerRatis.java:start(484)) - Starting XceiverServerRatis fc70cd66-7abc-4864-8afd-7dbfaf00bb56
2022-02-10 16:29:32,723 [EndpointStateMachine task thread for /0.0.0.0:40191 - 0 ] INFO  server.RaftServer (RaftServerProxy.java:lambda$start$5(374)) - fc70cd66-7abc-4864-8afd-7dbfaf00bb56: start RPC server
2022-02-10 16:29:32,727 [EndpointStateMachine task thread for /0.0.0.0:40191 - 0 ] INFO  server.GrpcService (GrpcService.java:startImpl(253)) - fc70cd66-7abc-4864-8afd-7dbfaf00bb56: GrpcService started, listening on 46709
2022-02-10 16:29:32,735 [EndpointStateMachine task thread for /0.0.0.0:40191 - 0 ] INFO  ratis.XceiverServerRatis (XceiverServerRatis.java:getRealPort(505)) - XceiverServerRatis fc70cd66-7abc-4864-8afd-7dbfaf00bb56 is started using port 46709 for RATIS
2022-02-10 16:29:32,735 [EndpointStateMachine task thread for /0.0.0.0:40191 - 0 ] INFO  ratis.XceiverServerRatis (XceiverServerRatis.java:getRealPort(505)) - XceiverServerRatis fc70cd66-7abc-4864-8afd-7dbfaf00bb56 is started using port 46709 for RATIS_ADMIN
2022-02-10 16:29:32,735 [EndpointStateMachine task thread for /0.0.0.0:40191 - 0 ] INFO  ratis.XceiverServerRatis (XceiverServerRatis.java:getRealPort(505)) - XceiverServerRatis fc70cd66-7abc-4864-8afd-7dbfaf00bb56 is started using port 46709 for RATIS_SERVER
2022-02-10 16:29:32,735 [org.apache.ratis.util.JvmPauseMonitor$$Lambda$431/358420740@1a30a18d] INFO  util.JvmPauseMonitor (JvmPauseMonitor.java:run(103)) - JvmPauseMonitor-fc70cd66-7abc-4864-8afd-7dbfaf00bb56: Started
2022-02-10 16:29:32,748 [EndpointStateMachine task thread for /0.0.0.0:40191 - 0 ] INFO  server.XceiverServerGrpc (XceiverServerGrpc.java:start(180)) - XceiverServerGrpc fc70cd66-7abc-4864-8afd-7dbfaf00bb56 is started using port 44801
2022-02-10 16:29:33,223 [EndpointStateMachine task thread for /0.0.0.0:40191 - 0 ] INFO  ozoneimpl.OzoneContainer (OzoneContainer.java:start(315)) - Attempting to start container services.
2022-02-10 16:29:33,223 [EndpointStateMachine task thread for /0.0.0.0:40191 - 0 ] INFO  ozoneimpl.OzoneContainer (OzoneContainer.java:startContainerScrub(250)) - Background container scanner has been disabled.
2022-02-10 16:29:33,236 [EndpointStateMachine task thread for /0.0.0.0:40191 - 0 ] INFO  replication.ReplicationServer (ReplicationServer.java:start(111)) - ReplicationServer is started using port 46783
2022-02-10 16:29:33,253 [EndpointStateMachine task thread for /0.0.0.0:40191 - 0 ] INFO  ratis.XceiverServerRatis (XceiverServerRatis.java:start(484)) - Starting XceiverServerRatis a7a4031e-e512-44c4-8d8e-0806c768c5a8
2022-02-10 16:29:33,267 [EndpointStateMachine task thread for /0.0.0.0:40191 - 0 ] INFO  server.RaftServer (RaftServerProxy.java:lambda$start$5(374)) - a7a4031e-e512-44c4-8d8e-0806c768c5a8: start RPC server
2022-02-10 16:29:33,272 [EndpointStateMachine task thread for /0.0.0.0:40191 - 0 ] INFO  server.GrpcService (GrpcService.java:startImpl(253)) - a7a4031e-e512-44c4-8d8e-0806c768c5a8: GrpcService started, listening on 36777
2022-02-10 16:29:33,274 [EndpointStateMachine task thread for /0.0.0.0:40191 - 0 ] INFO  ratis.XceiverServerRatis (XceiverServerRatis.java:getRealPort(505)) - XceiverServerRatis a7a4031e-e512-44c4-8d8e-0806c768c5a8 is started using port 36777 for RATIS
2022-02-10 16:29:33,275 [EndpointStateMachine task thread for /0.0.0.0:40191 - 0 ] INFO  ratis.XceiverServerRatis (XceiverServerRatis.java:getRealPort(505)) - XceiverServerRatis a7a4031e-e512-44c4-8d8e-0806c768c5a8 is started using port 36777 for RATIS_ADMIN
2022-02-10 16:29:33,275 [EndpointStateMachine task thread for /0.0.0.0:40191 - 0 ] INFO  ratis.XceiverServerRatis (XceiverServerRatis.java:getRealPort(505)) - XceiverServerRatis a7a4031e-e512-44c4-8d8e-0806c768c5a8 is started using port 36777 for RATIS_SERVER
2022-02-10 16:29:33,274 [org.apache.ratis.util.JvmPauseMonitor$$Lambda$431/358420740@4a8c47d] INFO  util.JvmPauseMonitor (JvmPauseMonitor.java:run(103)) - JvmPauseMonitor-a7a4031e-e512-44c4-8d8e-0806c768c5a8: Started
2022-02-10 16:29:33,278 [EndpointStateMachine task thread for /0.0.0.0:40191 - 0 ] INFO  server.XceiverServerGrpc (XceiverServerGrpc.java:start(180)) - XceiverServerGrpc a7a4031e-e512-44c4-8d8e-0806c768c5a8 is started using port 33395
2022-02-10 16:29:33,684 [Listener at 127.0.0.1/38003] INFO  ozone.MiniOzoneClusterImpl (MiniOzoneClusterImpl.java:lambda$waitForClusterToBeReady$0(219)) - Waiting for nodes to be ready. Got 0 of 3 DN Heartbeats.
2022-02-10 16:29:33,684 [Listener at 127.0.0.1/38003] INFO  ozone.MiniOzoneClusterImpl (MiniOzoneClusterImpl.java:lambda$waitForClusterToBeReady$0(222)) - Waiting for cluster to exit safe mode
2022-02-10 16:29:33,684 [Listener at 127.0.0.1/38003] INFO  ozone.MiniOzoneClusterImpl (MiniOzoneClusterImpl.java:lambda$waitForClusterToBeReady$0(224)) - SCM became leader
2022-02-10 16:29:33,718 [EndpointStateMachine task thread for /0.0.0.0:40191 - 0 ] INFO  ozoneimpl.OzoneContainer (OzoneContainer.java:start(315)) - Attempting to start container services.
2022-02-10 16:29:33,718 [EndpointStateMachine task thread for /0.0.0.0:40191 - 0 ] INFO  ozoneimpl.OzoneContainer (OzoneContainer.java:startContainerScrub(250)) - Background container scanner has been disabled.
2022-02-10 16:29:33,719 [EndpointStateMachine task thread for /0.0.0.0:40191 - 0 ] INFO  replication.ReplicationServer (ReplicationServer.java:start(111)) - ReplicationServer is started using port 38149
2022-02-10 16:29:33,720 [EndpointStateMachine task thread for /0.0.0.0:40191 - 0 ] INFO  ratis.XceiverServerRatis (XceiverServerRatis.java:start(484)) - Starting XceiverServerRatis 4d6136e5-74cd-4f55-94f0-c0ea6e146a4a
2022-02-10 16:29:33,721 [EndpointStateMachine task thread for /0.0.0.0:40191 - 0 ] INFO  server.RaftServer (RaftServerProxy.java:lambda$start$5(374)) - 4d6136e5-74cd-4f55-94f0-c0ea6e146a4a: start RPC server
2022-02-10 16:29:33,723 [EndpointStateMachine task thread for /0.0.0.0:40191 - 0 ] INFO  server.GrpcService (GrpcService.java:startImpl(253)) - 4d6136e5-74cd-4f55-94f0-c0ea6e146a4a: GrpcService started, listening on 37065
2022-02-10 16:29:33,736 [EndpointStateMachine task thread for /0.0.0.0:40191 - 0 ] INFO  ratis.XceiverServerRatis (XceiverServerRatis.java:getRealPort(505)) - XceiverServerRatis 4d6136e5-74cd-4f55-94f0-c0ea6e146a4a is started using port 37065 for RATIS
2022-02-10 16:29:33,736 [EndpointStateMachine task thread for /0.0.0.0:40191 - 0 ] INFO  ratis.XceiverServerRatis (XceiverServerRatis.java:getRealPort(505)) - XceiverServerRatis 4d6136e5-74cd-4f55-94f0-c0ea6e146a4a is started using port 37065 for RATIS_ADMIN
2022-02-10 16:29:33,736 [EndpointStateMachine task thread for /0.0.0.0:40191 - 0 ] INFO  ratis.XceiverServerRatis (XceiverServerRatis.java:getRealPort(505)) - XceiverServerRatis 4d6136e5-74cd-4f55-94f0-c0ea6e146a4a is started using port 37065 for RATIS_SERVER
2022-02-10 16:29:33,737 [org.apache.ratis.util.JvmPauseMonitor$$Lambda$431/358420740@10b64c3b] INFO  util.JvmPauseMonitor (JvmPauseMonitor.java:run(103)) - JvmPauseMonitor-4d6136e5-74cd-4f55-94f0-c0ea6e146a4a: Started
2022-02-10 16:29:33,738 [EndpointStateMachine task thread for /0.0.0.0:40191 - 0 ] INFO  server.XceiverServerGrpc (XceiverServerGrpc.java:start(180)) - XceiverServerGrpc 4d6136e5-74cd-4f55-94f0-c0ea6e146a4a is started using port 42155
2022-02-10 16:29:34,673 [IPC Server handler 0 on default port 40191] INFO  net.NetworkTopologyImpl (NetworkTopologyImpl.java:add(112)) - Added a new node: /default-rack/fc70cd66-7abc-4864-8afd-7dbfaf00bb56
2022-02-10 16:29:34,673 [IPC Server handler 0 on default port 40191] INFO  node.SCMNodeManager (SCMNodeManager.java:register(389)) - Registered Data node : fc70cd66-7abc-4864-8afd-7dbfaf00bb56{ip: 10.1.0.22, host: fv-az184-768.3ow45vhwbzuu5incsxmygykede.cx.internal.cloudapp.net, ports: [REPLICATION=44551, RATIS=46709, RATIS_ADMIN=46709, RATIS_SERVER=46709, STANDALONE=44801], networkLocation: /default-rack, certSerialId: null, persistedOpState: null, persistedOpStateExpiryEpochSec: 0}
2022-02-10 16:29:34,674 [EventQueue-NewNodeForNewNodeHandler] INFO  pipeline.BackgroundPipelineCreator (BackgroundPipelineCreator.java:notifyEventTriggered(285)) - trigger a one-shot run on RatisPipelineUtilsThread.
2022-02-10 16:29:34,675 [RatisPipelineUtilsThread - 0] INFO  pipeline.RatisPipelineProvider (RatisPipelineProvider.java:lambda$create$0(183)) - Sending CreatePipelineCommand for pipeline:PipelineID=9e623b44-9776-49b4-ad47-b1f8669b9121 to datanode:fc70cd66-7abc-4864-8afd-7dbfaf00bb56
2022-02-10 16:29:34,676 [EventQueue-NodeRegistrationContainerReportForDataNodeSafeModeRule] INFO  safemode.SCMSafeModeManager (DataNodeSafeModeRule.java:process(71)) - SCM in safe mode. 1 DataNodes registered, 3 required.
2022-02-10 16:29:34,683 [EventQueue-NodeRegistrationContainerReportForContainerSafeModeRule] INFO  safemode.SCMSafeModeManager (SCMSafeModeManager.java:validateSafeModeExitRules(204)) - ContainerSafeModeRule rule is successfully validated
2022-02-10 16:29:34,684 [Listener at 127.0.0.1/38003] INFO  ozone.MiniOzoneClusterImpl (MiniOzoneClusterImpl.java:lambda$waitForClusterToBeReady$0(219)) - Waiting for nodes to be ready. Got 1 of 3 DN Heartbeats.
2022-02-10 16:29:34,684 [Listener at 127.0.0.1/38003] INFO  ozone.MiniOzoneClusterImpl (MiniOzoneClusterImpl.java:lambda$waitForClusterToBeReady$0(222)) - Waiting for cluster to exit safe mode
2022-02-10 16:29:34,684 [Listener at 127.0.0.1/38003] INFO  ozone.MiniOzoneClusterImpl (MiniOzoneClusterImpl.java:lambda$waitForClusterToBeReady$0(224)) - SCM became leader
2022-02-10 16:29:34,687 [EventQueue-PipelineReportForOneReplicaPipelineSafeModeRule] INFO  safemode.SCMSafeModeManager (SCMSafeModeManager.java:validateSafeModeExitRules(204)) - AtleastOneDatanodeReportedRule rule is successfully validated
2022-02-10 16:29:34,757 [de59fd12-e5d5-4922-a4d0-c48f80cbb7f0@group-1D0DB3B45FDC-StateMachineUpdater] INFO  pipeline.PipelineStateManagerImpl (PipelineStateManagerImpl.java:addPipeline(101)) - Created pipeline Pipeline[ Id: 9e623b44-9776-49b4-ad47-b1f8669b9121, Nodes: fc70cd66-7abc-4864-8afd-7dbfaf00bb56{ip: 10.1.0.22, host: fv-az184-768.3ow45vhwbzuu5incsxmygykede.cx.internal.cloudapp.net, ports: [REPLICATION=44551, RATIS=46709, RATIS_ADMIN=46709, RATIS_SERVER=46709, STANDALONE=44801], networkLocation: /default-rack, certSerialId: null, persistedOpState: IN_SERVICE, persistedOpStateExpiryEpochSec: 0}, ReplicationConfig: RATIS/ONE, State:ALLOCATED, leaderId:, CreationTimestamp2022-02-10T16:29:34.675Z[Etc/UTC]].
2022-02-10 16:29:34,757 [de59fd12-e5d5-4922-a4d0-c48f80cbb7f0@group-1D0DB3B45FDC-StateMachineUpdater] INFO  safemode.HealthyPipelineSafeModeRule (HealthyPipelineSafeModeRule.java:initializeRule(152)) - Refreshed total pipeline count is 0, healthy pipeline threshold count is 1
2022-02-10 16:29:35,210 [IPC Server handler 6 on default port 40191] INFO  net.NetworkTopologyImpl (NetworkTopologyImpl.java:add(112)) - Added a new node: /default-rack/a7a4031e-e512-44c4-8d8e-0806c768c5a8
2022-02-10 16:29:35,211 [IPC Server handler 6 on default port 40191] INFO  node.SCMNodeManager (SCMNodeManager.java:register(389)) - Registered Data node : a7a4031e-e512-44c4-8d8e-0806c768c5a8{ip: 10.1.0.22, host: fv-az184-768.3ow45vhwbzuu5incsxmygykede.cx.internal.cloudapp.net, ports: [REPLICATION=46783, RATIS=36777, RATIS_ADMIN=36777, RATIS_SERVER=36777, STANDALONE=33395], networkLocation: /default-rack, certSerialId: null, persistedOpState: null, persistedOpStateExpiryEpochSec: 0}
2022-02-10 16:29:35,212 [EventQueue-NewNodeForNewNodeHandler] INFO  pipeline.BackgroundPipelineCreator (BackgroundPipelineCreator.java:notifyEventTriggered(285)) - trigger a one-shot run on RatisPipelineUtilsThread.
2022-02-10 16:29:35,212 [EventQueue-NodeRegistrationContainerReportForDataNodeSafeModeRule] INFO  safemode.SCMSafeModeManager (DataNodeSafeModeRule.java:process(71)) - SCM in safe mode. 2 DataNodes registered, 3 required.
2022-02-10 16:29:35,212 [RatisPipelineUtilsThread - 0] INFO  pipeline.RatisPipelineProvider (RatisPipelineProvider.java:lambda$create$0(183)) - Sending CreatePipelineCommand for pipeline:PipelineID=7c3c9c1a-b740-4977-a27b-c9d1f35c4eac to datanode:a7a4031e-e512-44c4-8d8e-0806c768c5a8
2022-02-10 16:29:35,219 [de59fd12-e5d5-4922-a4d0-c48f80cbb7f0@group-1D0DB3B45FDC-StateMachineUpdater] INFO  pipeline.PipelineStateManagerImpl (PipelineStateManagerImpl.java:addPipeline(101)) - Created pipeline Pipeline[ Id: 7c3c9c1a-b740-4977-a27b-c9d1f35c4eac, Nodes: a7a4031e-e512-44c4-8d8e-0806c768c5a8{ip: 10.1.0.22, host: fv-az184-768.3ow45vhwbzuu5incsxmygykede.cx.internal.cloudapp.net, ports: [REPLICATION=46783, RATIS=36777, RATIS_ADMIN=36777, RATIS_SERVER=36777, STANDALONE=33395], networkLocation: /default-rack, certSerialId: null, persistedOpState: IN_SERVICE, persistedOpStateExpiryEpochSec: 0}, ReplicationConfig: RATIS/ONE, State:ALLOCATED, leaderId:, CreationTimestamp2022-02-10T16:29:35.212Z[Etc/UTC]].
2022-02-10 16:29:35,219 [de59fd12-e5d5-4922-a4d0-c48f80cbb7f0@group-1D0DB3B45FDC-StateMachineUpdater] INFO  safemode.HealthyPipelineSafeModeRule (HealthyPipelineSafeModeRule.java:initializeRule(152)) - Refreshed total pipeline count is 0, healthy pipeline threshold count is 1
2022-02-10 16:29:35,684 [Listener at 127.0.0.1/38003] INFO  ozone.MiniOzoneClusterImpl (MiniOzoneClusterImpl.java:lambda$waitForClusterToBeReady$0(219)) - Waiting for nodes to be ready. Got 2 of 3 DN Heartbeats.
2022-02-10 16:29:35,685 [Listener at 127.0.0.1/38003] INFO  ozone.MiniOzoneClusterImpl (MiniOzoneClusterImpl.java:lambda$waitForClusterToBeReady$0(222)) - Waiting for cluster to exit safe mode
2022-02-10 16:29:35,685 [Listener at 127.0.0.1/38003] INFO  ozone.MiniOzoneClusterImpl (MiniOzoneClusterImpl.java:lambda$waitForClusterToBeReady$0(224)) - SCM became leader
2022-02-10 16:29:35,693 [IPC Server handler 0 on default port 40191] INFO  net.NetworkTopologyImpl (NetworkTopologyImpl.java:add(112)) - Added a new node: /default-rack/4d6136e5-74cd-4f55-94f0-c0ea6e146a4a
2022-02-10 16:29:35,693 [IPC Server handler 0 on default port 40191] INFO  node.SCMNodeManager (SCMNodeManager.java:register(389)) - Registered Data node : 4d6136e5-74cd-4f55-94f0-c0ea6e146a4a{ip: 10.1.0.22, host: fv-az184-768.3ow45vhwbzuu5incsxmygykede.cx.internal.cloudapp.net, ports: [REPLICATION=38149, RATIS=37065, RATIS_ADMIN=37065, RATIS_SERVER=37065, STANDALONE=42155], networkLocation: /default-rack, certSerialId: null, persistedOpState: null, persistedOpStateExpiryEpochSec: 0}
2022-02-10 16:29:35,694 [EventQueue-NewNodeForNewNodeHandler] INFO  pipeline.BackgroundPipelineCreator (BackgroundPipelineCreator.java:notifyEventTriggered(285)) - trigger a one-shot run on RatisPipelineUtilsThread.
2022-02-10 16:29:35,703 [RatisPipelineUtilsThread - 0] INFO  pipeline.RatisPipelineProvider (RatisPipelineProvider.java:lambda$create$0(183)) - Sending CreatePipelineCommand for pipeline:PipelineID=76930ac7-3147-44c0-97c2-284d998405a3 to datanode:4d6136e5-74cd-4f55-94f0-c0ea6e146a4a
2022-02-10 16:29:35,704 [EventQueue-NodeRegistrationContainerReportForDataNodeSafeModeRule] INFO  safemode.SCMSafeModeManager (DataNodeSafeModeRule.java:process(71)) - SCM in safe mode. 3 DataNodes registered, 3 required.
2022-02-10 16:29:35,704 [EventQueue-NodeRegistrationContainerReportForDataNodeSafeModeRule] INFO  safemode.SCMSafeModeManager (SCMSafeModeManager.java:validateSafeModeExitRules(204)) - DataNodeSafeModeRule rule is successfully validated
2022-02-10 16:29:35,704 [EventQueue-NodeRegistrationContainerReportForDataNodeSafeModeRule] INFO  safemode.SCMSafeModeManager (SCMSafeModeManager.java:completePreCheck(233)) - All SCM safe mode pre check rules have passed
2022-02-10 16:29:35,704 [EventQueue-NodeRegistrationContainerReportForDataNodeSafeModeRule] WARN  events.EventQueue (EventQueue.java:fireEvent(194)) - No event handler registered for event TypedEvent{payloadType=SafeModeStatus, name='Safe mode status'}
2022-02-10 16:29:35,704 [EventQueue-NodeRegistrationContainerReportForDataNodeSafeModeRule] INFO  ha.SCMContext (SCMContext.java:updateSafeModeStatus(211)) - Update SafeModeStatus from SafeModeStatus{safeModeStatus=true, preCheckPassed=false} to SafeModeStatus{safeModeStatus=true, preCheckPassed=true}.
2022-02-10 16:29:35,704 [EventQueue-NodeRegistrationContainerReportForDataNodeSafeModeRule] INFO  pipeline.BackgroundPipelineCreator (BackgroundPipelineCreator.java:notifyEventTriggered(285)) - trigger a one-shot run on RatisPipelineUtilsThread.
2022-02-10 16:29:35,707 [de59fd12-e5d5-4922-a4d0-c48f80cbb7f0@group-1D0DB3B45FDC-StateMachineUpdater] INFO  pipeline.PipelineStateManagerImpl (PipelineStateManagerImpl.java:addPipeline(101)) - Created pipeline Pipeline[ Id: 76930ac7-3147-44c0-97c2-284d998405a3, Nodes: 4d6136e5-74cd-4f55-94f0-c0ea6e146a4a{ip: 10.1.0.22, host: fv-az184-768.3ow45vhwbzuu5incsxmygykede.cx.internal.cloudapp.net, ports: [REPLICATION=38149, RATIS=37065, RATIS_ADMIN=37065, RATIS_SERVER=37065, STANDALONE=42155], networkLocation: /default-rack, certSerialId: null, persistedOpState: IN_SERVICE, persistedOpStateExpiryEpochSec: 0}, ReplicationConfig: RATIS/ONE, State:ALLOCATED, leaderId:, CreationTimestamp2022-02-10T16:29:35.703Z[Etc/UTC]].
2022-02-10 16:29:35,707 [de59fd12-e5d5-4922-a4d0-c48f80cbb7f0@group-1D0DB3B45FDC-StateMachineUpdater] INFO  safemode.HealthyPipelineSafeModeRule (HealthyPipelineSafeModeRule.java:initializeRule(152)) - Refreshed total pipeline count is 0, healthy pipeline threshold count is 1
2022-02-10 16:29:35,708 [RatisPipelineUtilsThread - 0] INFO  pipeline.RatisPipelineProvider (RatisPipelineProvider.java:lambda$create$0(183)) - Sending CreatePipelineCommand for pipeline:PipelineID=24c4c601-8e38-4742-afeb-c39131684d0f to datanode:4d6136e5-74cd-4f55-94f0-c0ea6e146a4a
2022-02-10 16:29:35,715 [RatisPipelineUtilsThread - 0] INFO  pipeline.RatisPipelineProvider (RatisPipelineProvider.java:lambda$create$0(183)) - Sending CreatePipelineCommand for pipeline:PipelineID=24c4c601-8e38-4742-afeb-c39131684d0f to datanode:a7a4031e-e512-44c4-8d8e-0806c768c5a8
2022-02-10 16:29:35,715 [RatisPipelineUtilsThread - 0] INFO  pipeline.RatisPipelineProvider (RatisPipelineProvider.java:lambda$create$0(183)) - Sending CreatePipelineCommand for pipeline:PipelineID=24c4c601-8e38-4742-afeb-c39131684d0f to datanode:fc70cd66-7abc-4864-8afd-7dbfaf00bb56
2022-02-10 16:29:35,728 [de59fd12-e5d5-4922-a4d0-c48f80cbb7f0@group-1D0DB3B45FDC-StateMachineUpdater] INFO  pipeline.PipelineStateManagerImpl (PipelineStateManagerImpl.java:addPipeline(101)) - Created pipeline Pipeline[ Id: 24c4c601-8e38-4742-afeb-c39131684d0f, Nodes: 4d6136e5-74cd-4f55-94f0-c0ea6e146a4a{ip: 10.1.0.22, host: fv-az184-768.3ow45vhwbzuu5incsxmygykede.cx.internal.cloudapp.net, ports: [REPLICATION=38149, RATIS=37065, RATIS_ADMIN=37065, RATIS_SERVER=37065, STANDALONE=42155], networkLocation: /default-rack, certSerialId: null, persistedOpState: IN_SERVICE, persistedOpStateExpiryEpochSec: 0}a7a4031e-e512-44c4-8d8e-0806c768c5a8{ip: 10.1.0.22, host: fv-az184-768.3ow45vhwbzuu5incsxmygykede.cx.internal.cloudapp.net, ports: [REPLICATION=46783, RATIS=36777, RATIS_ADMIN=36777, RATIS_SERVER=36777, STANDALONE=33395], networkLocation: /default-rack, certSerialId: null, persistedOpState: IN_SERVICE, persistedOpStateExpiryEpochSec: 0}fc70cd66-7abc-4864-8afd-7dbfaf00bb56{ip: 10.1.0.22, host: fv-az184-768.3ow45vhwbzuu5incsxmygykede.cx.internal.cloudapp.net, ports: [REPLICATION=44551, RATIS=46709, RATIS_ADMIN=46709, RATIS_SERVER=46709, STANDALONE=44801], networkLocation: /default-rack, certSerialId: null, persistedOpState: IN_SERVICE, persistedOpStateExpiryEpochSec: 0}, ReplicationConfig: RATIS/THREE, State:ALLOCATED, leaderId:, CreationTimestamp2022-02-10T16:29:35.708Z[Etc/UTC]].
2022-02-10 16:29:35,728 [de59fd12-e5d5-4922-a4d0-c48f80cbb7f0@group-1D0DB3B45FDC-StateMachineUpdater] INFO  safemode.HealthyPipelineSafeModeRule (HealthyPipelineSafeModeRule.java:initializeRule(152)) - Refreshed total pipeline count is 0, healthy pipeline threshold count is 1
2022-02-10 16:29:36,686 [Listener at 127.0.0.1/38003] INFO  ozone.MiniOzoneClusterImpl (MiniOzoneClusterImpl.java:lambda$waitForClusterToBeReady$0(219)) - Nodes are ready. Got 3 of 3 DN Heartbeats.
2022-02-10 16:29:36,687 [Listener at 127.0.0.1/38003] INFO  ozone.MiniOzoneClusterImpl (MiniOzoneClusterImpl.java:lambda$waitForClusterToBeReady$0(222)) - Waiting for cluster to exit safe mode
2022-02-10 16:29:36,687 [Listener at 127.0.0.1/38003] INFO  ozone.MiniOzoneClusterImpl (MiniOzoneClusterImpl.java:lambda$waitForClusterToBeReady$0(224)) - SCM became leader
2022-02-10 16:29:37,671 [Command processor thread] INFO  server.RaftServer (RaftServerProxy.java:addNew(95)) - fc70cd66-7abc-4864-8afd-7dbfaf00bb56: addNew group-B1F8669B9121:[fc70cd66-7abc-4864-8afd-7dbfaf00bb56|rpc:10.1.0.22:46709|priority:1] returns group-B1F8669B9121:java.util.concurrent.CompletableFuture@710813cd[Not completed]
2022-02-10 16:29:37,683 [pool-241-thread-1] INFO  server.RaftServer$Division (RaftServerImpl.java:<init>(184)) - fc70cd66-7abc-4864-8afd-7dbfaf00bb56: new RaftServerImpl for group-B1F8669B9121:[fc70cd66-7abc-4864-8afd-7dbfaf00bb56|rpc:10.1.0.22:46709|priority:1] with ContainerStateMachine:uninitialized
2022-02-10 16:29:37,687 [Listener at 127.0.0.1/38003] INFO  ozone.MiniOzoneClusterImpl (MiniOzoneClusterImpl.java:lambda$waitForClusterToBeReady$0(219)) - Nodes are ready. Got 3 of 3 DN Heartbeats.
2022-02-10 16:29:37,687 [Listener at 127.0.0.1/38003] INFO  ozone.MiniOzoneClusterImpl (MiniOzoneClusterImpl.java:lambda$waitForClusterToBeReady$0(222)) - Waiting for cluster to exit safe mode
2022-02-10 16:29:37,687 [Listener at 127.0.0.1/38003] INFO  ozone.MiniOzoneClusterImpl (MiniOzoneClusterImpl.java:lambda$waitForClusterToBeReady$0(224)) - SCM became leader
2022-02-10 16:29:37,692 [pool-241-thread-1] INFO  server.RaftServerConfigKeys (ConfUtils.java:logGet(44)) - raft.server.rpc.timeout.min = 5s (custom)
2022-02-10 16:29:37,692 [pool-241-thread-1] INFO  server.RaftServerConfigKeys (ConfUtils.java:logGet(44)) - raft.server.rpc.timeout.max = 5200ms (custom)
2022-02-10 16:29:37,692 [pool-241-thread-1] INFO  server.RaftServerConfigKeys (ConfUtils.java:logGet(44)) - raft.server.rpc.sleep.time = 25ms (default)
2022-02-10 16:29:37,692 [pool-241-thread-1] INFO  server.RaftServerConfigKeys (ConfUtils.java:logGet(44)) - raft.server.rpc.slowness.timeout = 300s (custom)
2022-02-10 16:29:37,692 [pool-241-thread-1] INFO  server.RaftServerConfigKeys (ConfUtils.java:logGet(44)) - raft.server.leaderelection.leader.step-down.wait-time = 10s (default)
2022-02-10 16:29:37,692 [pool-241-thread-1] INFO  server.RaftServerConfigKeys (ConfUtils.java:logGet(44)) - raft.server.sleep.deviation.threshold = 300ms (default)
2022-02-10 16:29:37,692 [pool-241-thread-1] INFO  server.RaftServerConfigKeys (ConfUtils.java:logGet(44)) - raft.server.log.appender.install.snapshot.enabled = false (custom)
2022-02-10 16:29:37,693 [pool-241-thread-1] INFO  server.RaftServer$Division (ServerState.java:<init>(105)) - fc70cd66-7abc-4864-8afd-7dbfaf00bb56@group-B1F8669B9121: ConfigurationManager, init=-1: [fc70cd66-7abc-4864-8afd-7dbfaf00bb56|rpc:10.1.0.22:46709|priority:1], old=null, confs=<EMPTY_MAP>
2022-02-10 16:29:37,694 [pool-241-thread-1] INFO  server.RaftServerConfigKeys (ConfUtils.java:logGet(44)) - raft.server.storage.dir = [/home/runner/work/ozone/ozone/hadoop-ozone/integration-test/target/test-dir/MiniOzoneClusterImpl-193d67db-d922-404e-9a90-1d0db3b45fdc/datanode-0/data/ratis] (custom)
2022-02-10 16:29:37,694 [pool-241-thread-1] INFO  server.RaftServerConfigKeys (ConfUtils.java:logGet(44)) - raft.server.log.corruption.policy = EXCEPTION (default)
2022-02-10 16:29:37,694 [pool-241-thread-1] INFO  server.RaftServerConfigKeys (ConfUtils.java:logGet(44)) - raft.server.storage.free-space.min = 0MB (=0) (default)
2022-02-10 16:29:37,694 [pool-241-thread-1] INFO  storage.RaftStorageDirectory (RaftStorageDirectoryImpl.java:analyzeStorage(135)) - The storage directory /home/runner/work/ozone/ozone/hadoop-ozone/integration-test/target/test-dir/MiniOzoneClusterImpl-193d67db-d922-404e-9a90-1d0db3b45fdc/datanode-0/data/ratis/9e623b44-9776-49b4-ad47-b1f8669b9121 does not exist. Creating ...
2022-02-10 16:29:37,696 [pool-241-thread-1] INFO  storage.RaftStorageDirectory (RaftStorageDirectoryImpl.java:tryLock(230)) - Lock on /home/runner/work/ozone/ozone/hadoop-ozone/integration-test/target/test-dir/MiniOzoneClusterImpl-193d67db-d922-404e-9a90-1d0db3b45fdc/datanode-0/data/ratis/9e623b44-9776-49b4-ad47-b1f8669b9121/in_use.lock acquired by nodename 23668@fv-az184-768
2022-02-10 16:29:37,697 [pool-241-thread-1] INFO  storage.RaftStorage (RaftStorageImpl.java:format(89)) - Storage directory /home/runner/work/ozone/ozone/hadoop-ozone/integration-test/target/test-dir/MiniOzoneClusterImpl-193d67db-d922-404e-9a90-1d0db3b45fdc/datanode-0/data/ratis/9e623b44-9776-49b4-ad47-b1f8669b9121 has been successfully formatted.
2022-02-10 16:29:37,698 [pool-241-thread-1] INFO  ratis.ContainerStateMachine (ContainerStateMachine.java:loadSnapshot(231)) - group-B1F8669B9121: The snapshot info is null. Setting the last applied indexto:(t:0, i:~)
2022-02-10 16:29:37,699 [pool-241-thread-1] INFO  server.RaftServerConfigKeys (ConfUtils.java:logGet(44)) - raft.server.notification.no-leader.timeout = 300s (custom)
2022-02-10 16:29:37,699 [EventQueue-PipelineReportForPipelineReportHandler] INFO  pipeline.PipelineManagerImpl (PipelineManagerImpl.java:openPipeline(291)) - Pipeline Pipeline[ Id: 9e623b44-9776-49b4-ad47-b1f8669b9121, Nodes: fc70cd66-7abc-4864-8afd-7dbfaf00bb56{ip: 10.1.0.22, host: fv-az184-768.3ow45vhwbzuu5incsxmygykede.cx.internal.cloudapp.net, ports: [REPLICATION=44551, RATIS=46709, RATIS_ADMIN=46709, RATIS_SERVER=46709, STANDALONE=44801], networkLocation: /default-rack, certSerialId: null, persistedOpState: IN_SERVICE, persistedOpStateExpiryEpochSec: 0}, ReplicationConfig: RATIS/ONE, State:ALLOCATED, leaderId:fc70cd66-7abc-4864-8afd-7dbfaf00bb56, CreationTimestamp2022-02-10T16:29:34.675Z[Etc/UTC]] moved to OPEN state
2022-02-10 16:29:37,710 [de59fd12-e5d5-4922-a4d0-c48f80cbb7f0@group-1D0DB3B45FDC-StateMachineUpdater] INFO  safemode.HealthyPipelineSafeModeRule (HealthyPipelineSafeModeRule.java:initializeRule(152)) - Refreshed total pipeline count is 0, healthy pipeline threshold count is 1
2022-02-10 16:29:37,711 [pool-241-thread-1] INFO  server.RaftServerConfigKeys (ConfUtils.java:logGet(44)) - raft.server.log.use.memory = false (default)
2022-02-10 16:29:37,712 [pool-241-thread-1] INFO  server.RaftServerConfigKeys (ConfUtils.java:logGet(44)) - raft.server.log.purge.gap = 1000000 (custom)
2022-02-10 16:29:37,712 [pool-241-thread-1] INFO  server.RaftServerConfigKeys (ConfUtils.java:logGet(44)) - raft.server.log.appender.buffer.byte-limit = 33554432 (custom)
2022-02-10 16:29:37,712 [pool-241-thread-1] INFO  server.RaftServerConfigKeys (ConfUtils.java:logGet(44)) - raft.server.log.segment.size.max = 1048576 (custom)
2022-02-10 16:29:37,713 [pool-241-thread-1] INFO  server.RaftServerConfigKeys (ConfUtils.java:logGet(44)) - raft.server.log.segment.cache.num.max = 2 (custom)
2022-02-10 16:29:37,713 [pool-241-thread-1] INFO  server.RaftServerConfigKeys (ConfUtils.java:logGet(44)) - raft.server.log.segment.cache.size.max = 200MB (=209715200) (default)
2022-02-10 16:29:37,713 [pool-241-thread-1] INFO  segmented.SegmentedRaftLogWorker (SegmentedRaftLogWorker.java:<init>(182)) - new fc70cd66-7abc-4864-8afd-7dbfaf00bb56@group-B1F8669B9121-SegmentedRaftLogWorker for RaftStorageImpl:Storage Directory /home/runner/work/ozone/ozone/hadoop-ozone/integration-test/target/test-dir/MiniOzoneClusterImpl-193d67db-d922-404e-9a90-1d0db3b45fdc/datanode-0/data/ratis/9e623b44-9776-49b4-ad47-b1f8669b9121
2022-02-10 16:29:37,713 [pool-241-thread-1] INFO  server.RaftServerConfigKeys (ConfUtils.java:logGet(44)) - raft.server.log.queue.byte-limit = 2147483647 (custom)
2022-02-10 16:29:37,713 [pool-241-thread-1] INFO  server.RaftServerConfigKeys (ConfUtils.java:logGet(44)) - raft.server.log.queue.element-limit = 1024 (custom)
2022-02-10 16:29:37,713 [pool-241-thread-1] INFO  server.RaftServerConfigKeys (ConfUtils.java:logGet(44)) - raft.server.log.segment.size.max = 1048576 (custom)
2022-02-10 16:29:37,713 [pool-241-thread-1] INFO  server.RaftServerConfigKeys (ConfUtils.java:logGet(44)) - raft.server.log.preallocated.size = 16384 (custom)
2022-02-10 16:29:37,713 [pool-241-thread-1] INFO  server.RaftServerConfigKeys (ConfUtils.java:logGet(44)) - raft.server.log.force.sync.num = 128 (default)
2022-02-10 16:29:37,713 [pool-241-thread-1] INFO  server.RaftServerConfigKeys (ConfUtils.java:logGet(44)) - raft.server.log.statemachine.data.sync = true (default)
2022-02-10 16:29:37,713 [pool-241-thread-1] INFO  server.RaftServerConfigKeys (ConfUtils.java:logGet(44)) - raft.server.log.statemachine.data.sync.timeout = 10s (default)
2022-02-10 16:29:37,713 [pool-241-thread-1] INFO  server.RaftServerConfigKeys (ConfUtils.java:logGet(44)) - raft.server.log.statemachine.data.sync.timeout.retry = -1 (default)
2022-02-10 16:29:37,714 [pool-241-thread-1] INFO  server.RaftServerConfigKeys (ConfUtils.java:logGet(44)) - raft.server.log.write.buffer.size = 1048576 (custom)
2022-02-10 16:29:37,715 [pool-241-thread-1] INFO  server.RaftServerConfigKeys (ConfUtils.java:logGet(44)) - raft.server.log.statemachine.data.caching.enabled = true (custom)
2022-02-10 16:29:37,715 [pool-241-thread-1] INFO  segmented.SegmentedRaftLogWorker (SegmentedRaftLogWorker.java:lambda$new$0(133)) - fc70cd66-7abc-4864-8afd-7dbfaf00bb56@group-B1F8669B9121-SegmentedRaftLogWorker: flushIndex: setUnconditionally 0 -> -1
2022-02-10 16:29:37,715 [pool-241-thread-1] INFO  segmented.SegmentedRaftLogWorker (SegmentedRaftLogWorker.java:lambda$new$0(133)) - fc70cd66-7abc-4864-8afd-7dbfaf00bb56@group-B1F8669B9121-SegmentedRaftLogWorker: safeCacheEvictIndex: setUnconditionally 0 -> -1
2022-02-10 16:29:37,715 [pool-241-thread-1] INFO  server.RaftServerConfigKeys (ConfUtils.java:logGet(44)) - raft.server.snapshot.auto.trigger.enabled = true (custom)
2022-02-10 16:29:37,715 [pool-241-thread-1] INFO  server.RaftServerConfigKeys (ConfUtils.java:logGet(44)) - raft.server.snapshot.auto.trigger.threshold = 10000 (custom)
2022-02-10 16:29:37,715 [pool-241-thread-1] INFO  server.RaftServerConfigKeys (ConfUtils.java:logGet(44)) - raft.server.snapshot.retention.file.num = 5 (custom)
2022-02-10 16:29:37,716 [pool-241-thread-1] INFO  server.RaftServerConfigKeys (ConfUtils.java:logGet(44)) - raft.server.log.purge.upto.snapshot.index = false (default)
2022-02-10 16:29:37,716 [pool-241-thread-1] INFO  server.RaftServerConfigKeys (ConfUtils.java:logGet(44)) - raft.server.retrycache.expirytime = 600000ms (custom)
2022-02-10 16:29:37,716 [pool-241-thread-1] INFO  server.RaftServerConfigKeys (ConfUtils.java:logGet(44)) - raft.server.retrycache.statistics.expirytime = 100μs (default)
2022-02-10 16:29:37,717 [pool-241-thread-1] INFO  server.RaftServer$Division (RaftServerImpl.java:start(301)) - fc70cd66-7abc-4864-8afd-7dbfaf00bb56@group-B1F8669B9121: start as a follower, conf=-1: [fc70cd66-7abc-4864-8afd-7dbfaf00bb56|rpc:10.1.0.22:46709|priority:1], old=null
2022-02-10 16:29:37,717 [pool-241-thread-1] INFO  server.RaftServer$Division (RaftServerImpl.java:setRole(290)) - fc70cd66-7abc-4864-8afd-7dbfaf00bb56@group-B1F8669B9121: changes role from      null to FOLLOWER at term 0 for startAsFollower
2022-02-10 16:29:37,717 [pool-241-thread-1] INFO  impl.RoleInfo (RoleInfo.java:updateAndGet(130)) - fc70cd66-7abc-4864-8afd-7dbfaf00bb56: start fc70cd66-7abc-4864-8afd-7dbfaf00bb56@group-B1F8669B9121-FollowerState
2022-02-10 16:29:37,718 [pool-241-thread-1] INFO  util.JmxRegister (JmxRegister.java:tryRegister(44)) - Successfully registered JMX Bean with object name Ratis:service=RaftServer,group=group-B1F8669B9121,id=fc70cd66-7abc-4864-8afd-7dbfaf00bb56
2022-02-10 16:29:37,722 [Command processor thread] INFO  ratis.XceiverServerRatis (XceiverServerRatis.java:addGroup(768)) - Created group PipelineID=9e623b44-9776-49b4-ad47-b1f8669b9121
2022-02-10 16:29:37,723 [Command processor thread] INFO  commandhandler.CreatePipelineCommandHandler (CreatePipelineCommandHandler.java:handle(106)) - Created Pipeline RATIS ONE PipelineID=9e623b44-9776-49b4-ad47-b1f8669b9121.
2022-02-10 16:29:37,723 [Command processor thread] INFO  server.RaftServer (RaftServerProxy.java:addNew(95)) - fc70cd66-7abc-4864-8afd-7dbfaf00bb56: addNew group-C39131684D0F:[a7a4031e-e512-44c4-8d8e-0806c768c5a8|rpc:10.1.0.22:36777|priority:1, fc70cd66-7abc-4864-8afd-7dbfaf00bb56|rpc:10.1.0.22:46709|priority:0, 4d6136e5-74cd-4f55-94f0-c0ea6e146a4a|rpc:10.1.0.22:37065|priority:0] returns group-C39131684D0F:java.util.concurrent.CompletableFuture@75379934[Not completed]
2022-02-10 16:29:37,724 [pool-241-thread-1] INFO  server.RaftServer$Division (RaftServerImpl.java:<init>(184)) - fc70cd66-7abc-4864-8afd-7dbfaf00bb56: new RaftServerImpl for group-C39131684D0F:[a7a4031e-e512-44c4-8d8e-0806c768c5a8|rpc:10.1.0.22:36777|priority:1, fc70cd66-7abc-4864-8afd-7dbfaf00bb56|rpc:10.1.0.22:46709|priority:0, 4d6136e5-74cd-4f55-94f0-c0ea6e146a4a|rpc:10.1.0.22:37065|priority:0] with ContainerStateMachine:uninitialized
2022-02-10 16:29:37,724 [pool-241-thread-1] INFO  server.RaftServerConfigKeys (ConfUtils.java:logGet(44)) - raft.server.rpc.timeout.min = 5s (custom)
2022-02-10 16:29:37,724 [pool-241-thread-1] INFO  server.RaftServerConfigKeys (ConfUtils.java:logGet(44)) - raft.server.rpc.timeout.max = 5200ms (custom)
2022-02-10 16:29:37,724 [pool-241-thread-1] INFO  server.RaftServerConfigKeys (ConfUtils.java:logGet(44)) - raft.server.rpc.sleep.time = 25ms (default)
2022-02-10 16:29:37,724 [pool-241-thread-1] INFO  server.RaftServerConfigKeys (ConfUtils.java:logGet(44)) - raft.server.rpc.slowness.timeout = 300s (custom)
2022-02-10 16:29:37,724 [pool-241-thread-1] INFO  server.RaftServerConfigKeys (ConfUtils.java:logGet(44)) - raft.server.leaderelection.leader.step-down.wait-time = 10s (default)
2022-02-10 16:29:37,724 [pool-241-thread-1] INFO  server.RaftServerConfigKeys (ConfUtils.java:logGet(44)) - raft.server.sleep.deviation.threshold = 300ms (default)
2022-02-10 16:29:37,724 [pool-241-thread-1] INFO  server.RaftServerConfigKeys (ConfUtils.java:logGet(44)) - raft.server.log.appender.install.snapshot.enabled = false (custom)
2022-02-10 16:29:37,724 [pool-241-thread-1] INFO  server.RaftServer$Division (ServerState.java:<init>(105)) - fc70cd66-7abc-4864-8afd-7dbfaf00bb56@group-C39131684D0F: ConfigurationManager, init=-1: [a7a4031e-e512-44c4-8d8e-0806c768c5a8|rpc:10.1.0.22:36777|priority:1, fc70cd66-7abc-4864-8afd-7dbfaf00bb56|rpc:10.1.0.22:46709|priority:0, 4d6136e5-74cd-4f55-94f0-c0ea6e146a4a|rpc:10.1.0.22:37065|priority:0], old=null, confs=<EMPTY_MAP>
2022-02-10 16:29:37,724 [pool-241-thread-1] INFO  server.RaftServerConfigKeys (ConfUtils.java:logGet(44)) - raft.server.storage.dir = [/home/runner/work/ozone/ozone/hadoop-ozone/integration-test/target/test-dir/MiniOzoneClusterImpl-193d67db-d922-404e-9a90-1d0db3b45fdc/datanode-0/data/ratis] (custom)
2022-02-10 16:29:37,724 [pool-241-thread-1] INFO  server.RaftServerConfigKeys (ConfUtils.java:logGet(44)) - raft.server.log.corruption.policy = EXCEPTION (default)
2022-02-10 16:29:37,725 [pool-241-thread-1] INFO  server.RaftServerConfigKeys (ConfUtils.java:logGet(44)) - raft.server.storage.free-space.min = 0MB (=0) (default)
2022-02-10 16:29:37,725 [pool-241-thread-1] INFO  storage.RaftStorageDirectory (RaftStorageDirectoryImpl.java:analyzeStorage(135)) - The storage directory /home/runner/work/ozone/ozone/hadoop-ozone/integration-test/target/test-dir/MiniOzoneClusterImpl-193d67db-d922-404e-9a90-1d0db3b45fdc/datanode-0/data/ratis/24c4c601-8e38-4742-afeb-c39131684d0f does not exist. Creating ...
2022-02-10 16:29:37,727 [EventQueue-OpenPipelineForHealthyPipelineSafeModeRule] INFO  safemode.SCMSafeModeManager (HealthyPipelineSafeModeRule.java:process(124)) - SCM in safe mode. Healthy pipelines reported count is 0, required healthy pipeline reported count is 1
2022-02-10 16:29:37,727 [pool-241-thread-1] INFO  storage.RaftStorageDirectory (RaftStorageDirectoryImpl.java:tryLock(230)) - Lock on /home/runner/work/ozone/ozone/hadoop-ozone/integration-test/target/test-dir/MiniOzoneClusterImpl-193d67db-d922-404e-9a90-1d0db3b45fdc/datanode-0/data/ratis/24c4c601-8e38-4742-afeb-c39131684d0f/in_use.lock acquired by nodename 23668@fv-az184-768
2022-02-10 16:29:37,739 [pool-241-thread-1] INFO  storage.RaftStorage (RaftStorageImpl.java:format(89)) - Storage directory /home/runner/work/ozone/ozone/hadoop-ozone/integration-test/target/test-dir/MiniOzoneClusterImpl-193d67db-d922-404e-9a90-1d0db3b45fdc/datanode-0/data/ratis/24c4c601-8e38-4742-afeb-c39131684d0f has been successfully formatted.
2022-02-10 16:29:37,740 [pool-241-thread-1] INFO  ratis.ContainerStateMachine (ContainerStateMachine.java:loadSnapshot(231)) - group-C39131684D0F: The snapshot info is null. Setting the last applied indexto:(t:0, i:~)
2022-02-10 16:29:37,740 [pool-241-thread-1] INFO  server.RaftServerConfigKeys (ConfUtils.java:logGet(44)) - raft.server.notification.no-leader.timeout = 300s (custom)
2022-02-10 16:29:37,740 [pool-241-thread-1] INFO  server.RaftServerConfigKeys (ConfUtils.java:logGet(44)) - raft.server.log.use.memory = false (default)
2022-02-10 16:29:37,740 [pool-241-thread-1] INFO  server.RaftServerConfigKeys (ConfUtils.java:logGet(44)) - raft.server.log.purge.gap = 1000000 (custom)
2022-02-10 16:29:37,741 [pool-241-thread-1] INFO  server.RaftServerConfigKeys (ConfUtils.java:logGet(44)) - raft.server.log.appender.buffer.byte-limit = 33554432 (custom)
2022-02-10 16:29:37,741 [pool-241-thread-1] INFO  server.RaftServerConfigKeys (ConfUtils.java:logGet(44)) - raft.server.log.segment.size.max = 1048576 (custom)
2022-02-10 16:29:37,741 [pool-241-thread-1] INFO  server.RaftServerConfigKeys (ConfUtils.java:logGet(44)) - raft.server.log.segment.cache.num.max = 2 (custom)
2022-02-10 16:29:37,741 [pool-241-thread-1] INFO  server.RaftServerConfigKeys (ConfUtils.java:logGet(44)) - raft.server.log.segment.cache.size.max = 200MB (=209715200) (default)
2022-02-10 16:29:37,742 [pool-241-thread-1] INFO  segmented.SegmentedRaftLogWorker (SegmentedRaftLogWorker.java:<init>(182)) - new fc70cd66-7abc-4864-8afd-7dbfaf00bb56@group-C39131684D0F-SegmentedRaftLogWorker for RaftStorageImpl:Storage Directory /home/runner/work/ozone/ozone/hadoop-ozone/integration-test/target/test-dir/MiniOzoneClusterImpl-193d67db-d922-404e-9a90-1d0db3b45fdc/datanode-0/data/ratis/24c4c601-8e38-4742-afeb-c39131684d0f
2022-02-10 16:29:37,742 [pool-241-thread-1] INFO  server.RaftServerConfigKeys (ConfUtils.java:logGet(44)) - raft.server.log.queue.byte-limit = 2147483647 (custom)
2022-02-10 16:29:37,742 [pool-241-thread-1] INFO  server.RaftServerConfigKeys (ConfUtils.java:logGet(44)) - raft.server.log.queue.element-limit = 1024 (custom)
2022-02-10 16:29:37,742 [EventQueue-OpenPipelineForHealthyPipelineSafeModeRule] INFO  safemode.SCMSafeModeManager (HealthyPipelineSafeModeRule.java:process(124)) - SCM in safe mode. Healthy pipelines reported count is 0, required healthy pipeline reported count is 1
2022-02-10 16:29:37,742 [pool-241-thread-1] INFO  server.RaftServerConfigKeys (ConfUtils.java:logGet(44)) - raft.server.log.segment.size.max = 1048576 (custom)
2022-02-10 16:29:37,742 [pool-241-thread-1] INFO  server.RaftServerConfigKeys (ConfUtils.java:logGet(44)) - raft.server.log.preallocated.size = 16384 (custom)
2022-02-10 16:29:37,742 [pool-241-thread-1] INFO  server.RaftServerConfigKeys (ConfUtils.java:logGet(44)) - raft.server.log.force.sync.num = 128 (default)
2022-02-10 16:29:37,742 [pool-241-thread-1] INFO  server.RaftServerConfigKeys (ConfUtils.java:logGet(44)) - raft.server.log.statemachine.data.sync = true (default)
2022-02-10 16:29:37,742 [pool-241-thread-1] INFO  server.RaftServerConfigKeys (ConfUtils.java:logGet(44)) - raft.server.log.statemachine.data.sync.timeout = 10s (default)
2022-02-10 16:29:37,742 [pool-241-thread-1] INFO  server.RaftServerConfigKeys (ConfUtils.java:logGet(44)) - raft.server.log.statemachine.data.sync.timeout.retry = -1 (default)
2022-02-10 16:29:37,743 [pool-241-thread-1] INFO  server.RaftServerConfigKeys (ConfUtils.java:logGet(44)) - raft.server.log.write.buffer.size = 1048576 (custom)
2022-02-10 16:29:37,744 [pool-241-thread-1] INFO  server.RaftServerConfigKeys (ConfUtils.java:logGet(44)) - raft.server.log.statemachine.data.caching.enabled = true (custom)
2022-02-10 16:29:37,744 [pool-241-thread-1] INFO  segmented.SegmentedRaftLogWorker (SegmentedRaftLogWorker.java:lambda$new$0(133)) - fc70cd66-7abc-4864-8afd-7dbfaf00bb56@group-C39131684D0F-SegmentedRaftLogWorker: flushIndex: setUnconditionally 0 -> -1
2022-02-10 16:29:37,744 [pool-241-thread-1] INFO  segmented.SegmentedRaftLogWorker (SegmentedRaftLogWorker.java:lambda$new$0(133)) - fc70cd66-7abc-4864-8afd-7dbfaf00bb56@group-C39131684D0F-SegmentedRaftLogWorker: safeCacheEvictIndex: setUnconditionally 0 -> -1
2022-02-10 16:29:37,755 [pool-241-thread-1] INFO  server.RaftServerConfigKeys (ConfUtils.java:logGet(44)) - raft.server.snapshot.auto.trigger.enabled = true (custom)
2022-02-10 16:29:37,755 [pool-241-thread-1] INFO  server.RaftServerConfigKeys (ConfUtils.java:logGet(44)) - raft.server.snapshot.auto.trigger.threshold = 10000 (custom)
2022-02-10 16:29:37,755 [pool-241-thread-1] INFO  server.RaftServerConfigKeys (ConfUtils.java:logGet(44)) - raft.server.snapshot.retention.file.num = 5 (custom)
2022-02-10 16:29:37,755 [pool-241-thread-1] INFO  server.RaftServerConfigKeys (ConfUtils.java:logGet(44)) - raft.server.log.purge.upto.snapshot.index = false (default)
2022-02-10 16:29:37,755 [pool-241-thread-1] INFO  server.RaftServerConfigKeys (ConfUtils.java:logGet(44)) - raft.server.retrycache.expirytime = 600000ms (custom)
2022-02-10 16:29:37,755 [pool-241-thread-1] INFO  server.RaftServerConfigKeys (ConfUtils.java:logGet(44)) - raft.server.retrycache.statistics.expirytime = 100μs (default)
2022-02-10 16:29:37,764 [pool-241-thread-1] INFO  server.RaftServer$Division (RaftServerImpl.java:start(301)) - fc70cd66-7abc-4864-8afd-7dbfaf00bb56@group-C39131684D0F: start as a follower, conf=-1: [a7a4031e-e512-44c4-8d8e-0806c768c5a8|rpc:10.1.0.22:36777|priority:1, fc70cd66-7abc-4864-8afd-7dbfaf00bb56|rpc:10.1.0.22:46709|priority:0, 4d6136e5-74cd-4f55-94f0-c0ea6e146a4a|rpc:10.1.0.22:37065|priority:0], old=null
2022-02-10 16:29:37,764 [pool-241-thread-1] INFO  server.RaftServer$Division (RaftServerImpl.java:setRole(290)) - fc70cd66-7abc-4864-8afd-7dbfaf00bb56@group-C39131684D0F: changes role from      null to FOLLOWER at term 0 for startAsFollower
2022-02-10 16:29:37,764 [pool-241-thread-1] INFO  impl.RoleInfo (RoleInfo.java:updateAndGet(130)) - fc70cd66-7abc-4864-8afd-7dbfaf00bb56: start fc70cd66-7abc-4864-8afd-7dbfaf00bb56@group-C39131684D0F-FollowerState
2022-02-10 16:29:37,771 [pool-241-thread-1] INFO  util.JmxRegister (JmxRegister.java:tryRegister(44)) - Successfully registered JMX Bean with object name Ratis:service=RaftServer,group=group-C39131684D0F,id=fc70cd66-7abc-4864-8afd-7dbfaf00bb56
2022-02-10 16:29:37,783 [Command processor thread] INFO  ratis.XceiverServerRatis (XceiverServerRatis.java:addGroup(768)) - Created group PipelineID=24c4c601-8e38-4742-afeb-c39131684d0f
2022-02-10 16:29:37,795 [grpc-default-executor-3] INFO  server.RaftServer (RaftServerProxy.java:addNew(95)) - 4d6136e5-74cd-4f55-94f0-c0ea6e146a4a: addNew group-C39131684D0F:[a7a4031e-e512-44c4-8d8e-0806c768c5a8|rpc:10.1.0.22:36777|dataStream:|priority:1, fc70cd66-7abc-4864-8afd-7dbfaf00bb56|rpc:10.1.0.22:46709|dataStream:|priority:0, 4d6136e5-74cd-4f55-94f0-c0ea6e146a4a|rpc:10.1.0.22:37065|dataStream:|priority:0] returns group-C39131684D0F:java.util.concurrent.CompletableFuture@66c635f8[Not completed]
2022-02-10 16:29:37,815 [pool-283-thread-1] INFO  server.RaftServer$Division (RaftServerImpl.java:<init>(184)) - 4d6136e5-74cd-4f55-94f0-c0ea6e146a4a: new RaftServerImpl for group-C39131684D0F:[a7a4031e-e512-44c4-8d8e-0806c768c5a8|rpc:10.1.0.22:36777|dataStream:|priority:1, fc70cd66-7abc-4864-8afd-7dbfaf00bb56|rpc:10.1.0.22:46709|dataStream:|priority:0, 4d6136e5-74cd-4f55-94f0-c0ea6e146a4a|rpc:10.1.0.22:37065|dataStream:|priority:0] with ContainerStateMachine:uninitialized
2022-02-10 16:29:37,817 [pool-283-thread-1] INFO  server.RaftServerConfigKeys (ConfUtils.java:logGet(44)) - raft.server.rpc.timeout.min = 5s (custom)
2022-02-10 16:29:37,819 [pool-283-thread-1] INFO  server.RaftServerConfigKeys (ConfUtils.java:logGet(44)) - raft.server.rpc.timeout.max = 5200ms (custom)
2022-02-10 16:29:37,819 [pool-283-thread-1] INFO  server.RaftServerConfigKeys (ConfUtils.java:logGet(44)) - raft.server.rpc.sleep.time = 25ms (default)
2022-02-10 16:29:37,819 [pool-283-thread-1] INFO  server.RaftServerConfigKeys (ConfUtils.java:logGet(44)) - raft.server.rpc.slowness.timeout = 300s (custom)
2022-02-10 16:29:37,820 [pool-283-thread-1] INFO  server.RaftServerConfigKeys (ConfUtils.java:logGet(44)) - raft.server.leaderelection.leader.step-down.wait-time = 10s (default)
2022-02-10 16:29:37,820 [pool-283-thread-1] INFO  server.RaftServerConfigKeys (ConfUtils.java:logGet(44)) - raft.server.sleep.deviation.threshold = 300ms (default)
2022-02-10 16:29:37,820 [pool-283-thread-1] INFO  server.RaftServerConfigKeys (ConfUtils.java:logGet(44)) - raft.server.log.appender.install.snapshot.enabled = false (custom)
2022-02-10 16:29:37,820 [pool-283-thread-1] INFO  server.RaftServer$Division (ServerState.java:<init>(105)) - 4d6136e5-74cd-4f55-94f0-c0ea6e146a4a@group-C39131684D0F: ConfigurationManager, init=-1: [a7a4031e-e512-44c4-8d8e-0806c768c5a8|rpc:10.1.0.22:36777|dataStream:|priority:1, fc70cd66-7abc-4864-8afd-7dbfaf00bb56|rpc:10.1.0.22:46709|dataStream:|priority:0, 4d6136e5-74cd-4f55-94f0-c0ea6e146a4a|rpc:10.1.0.22:37065|dataStream:|priority:0], old=null, confs=<EMPTY_MAP>
2022-02-10 16:29:37,820 [pool-283-thread-1] INFO  server.RaftServerConfigKeys (ConfUtils.java:logGet(44)) - raft.server.storage.dir = [/home/runner/work/ozone/ozone/hadoop-ozone/integration-test/target/test-dir/MiniOzoneClusterImpl-193d67db-d922-404e-9a90-1d0db3b45fdc/datanode-2/data/ratis] (custom)
2022-02-10 16:29:37,821 [pool-283-thread-1] INFO  server.RaftServerConfigKeys (ConfUtils.java:logGet(44)) - raft.server.log.corruption.policy = EXCEPTION (default)
2022-02-10 16:29:37,821 [pool-283-thread-1] INFO  server.RaftServerConfigKeys (ConfUtils.java:logGet(44)) - raft.server.storage.free-space.min = 0MB (=0) (default)
2022-02-10 16:29:37,822 [pool-283-thread-1] INFO  storage.RaftStorageDirectory (RaftStorageDirectoryImpl.java:analyzeStorage(135)) - The storage directory /home/runner/work/ozone/ozone/hadoop-ozone/integration-test/target/test-dir/MiniOzoneClusterImpl-193d67db-d922-404e-9a90-1d0db3b45fdc/datanode-2/data/ratis/24c4c601-8e38-4742-afeb-c39131684d0f does not exist. Creating ...
2022-02-10 16:29:37,834 [pool-283-thread-1] INFO  storage.RaftStorageDirectory (RaftStorageDirectoryImpl.java:tryLock(230)) - Lock on /home/runner/work/ozone/ozone/hadoop-ozone/integration-test/target/test-dir/MiniOzoneClusterImpl-193d67db-d922-404e-9a90-1d0db3b45fdc/datanode-2/data/ratis/24c4c601-8e38-4742-afeb-c39131684d0f/in_use.lock acquired by nodename 23668@fv-az184-768
2022-02-10 16:29:37,836 [pool-283-thread-1] INFO  storage.RaftStorage (RaftStorageImpl.java:format(89)) - Storage directory /home/runner/work/ozone/ozone/hadoop-ozone/integration-test/target/test-dir/MiniOzoneClusterImpl-193d67db-d922-404e-9a90-1d0db3b45fdc/datanode-2/data/ratis/24c4c601-8e38-4742-afeb-c39131684d0f has been successfully formatted.
2022-02-10 16:29:37,837 [pool-283-thread-1] INFO  ratis.ContainerStateMachine (ContainerStateMachine.java:loadSnapshot(231)) - group-C39131684D0F: The snapshot info is null. Setting the last applied indexto:(t:0, i:~)
2022-02-10 16:29:37,837 [pool-283-thread-1] INFO  server.RaftServerConfigKeys (ConfUtils.java:logGet(44)) - raft.server.notification.no-leader.timeout = 300s (custom)
2022-02-10 16:29:37,837 [pool-283-thread-1] INFO  server.RaftServerConfigKeys (ConfUtils.java:logGet(44)) - raft.server.log.use.memory = false (default)
2022-02-10 16:29:37,837 [pool-283-thread-1] INFO  server.RaftServerConfigKeys (ConfUtils.java:logGet(44)) - raft.server.log.purge.gap = 1000000 (custom)
2022-02-10 16:29:37,837 [pool-283-thread-1] INFO  server.RaftServerConfigKeys (ConfUtils.java:logGet(44)) - raft.server.log.appender.buffer.byte-limit = 33554432 (custom)
2022-02-10 16:29:37,837 [pool-283-thread-1] INFO  server.RaftServerConfigKeys (ConfUtils.java:logGet(44)) - raft.server.log.segment.size.max = 1048576 (custom)
2022-02-10 16:29:37,838 [pool-283-thread-1] INFO  server.RaftServerConfigKeys (ConfUtils.java:logGet(44)) - raft.server.log.segment.cache.num.max = 2 (custom)
2022-02-10 16:29:37,838 [pool-283-thread-1] INFO  server.RaftServerConfigKeys (ConfUtils.java:logGet(44)) - raft.server.log.segment.cache.size.max = 200MB (=209715200) (default)
2022-02-10 16:29:37,838 [pool-283-thread-1] INFO  segmented.SegmentedRaftLogWorker (SegmentedRaftLogWorker.java:<init>(182)) - new 4d6136e5-74cd-4f55-94f0-c0ea6e146a4a@group-C39131684D0F-SegmentedRaftLogWorker for RaftStorageImpl:Storage Directory /home/runner/work/ozone/ozone/hadoop-ozone/integration-test/target/test-dir/MiniOzoneClusterImpl-193d67db-d922-404e-9a90-1d0db3b45fdc/datanode-2/data/ratis/24c4c601-8e38-4742-afeb-c39131684d0f
2022-02-10 16:29:37,838 [pool-283-thread-1] INFO  server.RaftServerConfigKeys (ConfUtils.java:logGet(44)) - raft.server.log.queue.byte-limit = 2147483647 (custom)
2022-02-10 16:29:37,838 [pool-283-thread-1] INFO  server.RaftServerConfigKeys (ConfUtils.java:logGet(44)) - raft.server.log.queue.element-limit = 1024 (custom)
2022-02-10 16:29:37,838 [pool-283-thread-1] INFO  server.RaftServerConfigKeys (ConfUtils.java:logGet(44)) - raft.server.log.segment.size.max = 1048576 (custom)
2022-02-10 16:29:37,838 [pool-283-thread-1] INFO  server.RaftServerConfigKeys (ConfUtils.java:logGet(44)) - raft.server.log.preallocated.size = 16384 (custom)
2022-02-10 16:29:37,838 [pool-283-thread-1] INFO  server.RaftServerConfigKeys (ConfUtils.java:logGet(44)) - raft.server.log.force.sync.num = 128 (default)
2022-02-10 16:29:37,838 [pool-283-thread-1] INFO  server.RaftServerConfigKeys (ConfUtils.java:logGet(44)) - raft.server.log.statemachine.data.sync = true (default)
2022-02-10 16:29:37,838 [pool-283-thread-1] INFO  server.RaftServerConfigKeys (ConfUtils.java:logGet(44)) - raft.server.log.statemachine.data.sync.timeout = 10s (default)
2022-02-10 16:29:37,838 [pool-283-thread-1] INFO  server.RaftServerConfigKeys (ConfUtils.java:logGet(44)) - raft.server.log.statemachine.data.sync.timeout.retry = -1 (default)
2022-02-10 16:29:37,841 [pool-283-thread-1] INFO  server.RaftServerConfigKeys (ConfUtils.java:logGet(44)) - raft.server.log.write.buffer.size = 1048576 (custom)
2022-02-10 16:29:37,843 [pool-283-thread-1] INFO  server.RaftServerConfigKeys (ConfUtils.java:logGet(44)) - raft.server.log.statemachine.data.caching.enabled = true (custom)
2022-02-10 16:29:37,843 [pool-283-thread-1] INFO  segmented.SegmentedRaftLogWorker (SegmentedRaftLogWorker.java:lambda$new$0(133)) - 4d6136e5-74cd-4f55-94f0-c0ea6e146a4a@group-C39131684D0F-SegmentedRaftLogWorker: flushIndex: setUnconditionally 0 -> -1
2022-02-10 16:29:37,844 [pool-283-thread-1] INFO  segmented.SegmentedRaftLogWorker (SegmentedRaftLogWorker.java:lambda$new$0(133)) - 4d6136e5-74cd-4f55-94f0-c0ea6e146a4a@group-C39131684D0F-SegmentedRaftLogWorker: safeCacheEvictIndex: setUnconditionally 0 -> -1
2022-02-10 16:29:37,844 [pool-283-thread-1] INFO  server.RaftServerConfigKeys (ConfUtils.java:logGet(44)) - raft.server.snapshot.auto.trigger.enabled = true (custom)
2022-02-10 16:29:37,844 [pool-283-thread-1] INFO  server.RaftServerConfigKeys (ConfUtils.java:logGet(44)) - raft.server.snapshot.auto.trigger.threshold = 10000 (custom)
2022-02-10 16:29:37,844 [pool-283-thread-1] INFO  server.RaftServerConfigKeys (ConfUtils.java:logGet(44)) - raft.server.snapshot.retention.file.num = 5 (custom)
2022-02-10 16:29:37,844 [pool-283-thread-1] INFO  server.RaftServerConfigKeys (ConfUtils.java:logGet(44)) - raft.server.log.purge.upto.snapshot.index = false (default)
2022-02-10 16:29:37,844 [pool-283-thread-1] INFO  server.RaftServerConfigKeys (ConfUtils.java:logGet(44)) - raft.server.retrycache.expirytime = 600000ms (custom)
2022-02-10 16:29:37,844 [pool-283-thread-1] INFO  server.RaftServerConfigKeys (ConfUtils.java:logGet(44)) - raft.server.retrycache.statistics.expirytime = 100μs (default)
2022-02-10 16:29:37,845 [pool-283-thread-1] INFO  server.RaftServer$Division (RaftServerImpl.java:start(301)) - 4d6136e5-74cd-4f55-94f0-c0ea6e146a4a@group-C39131684D0F: start as a follower, conf=-1: [a7a4031e-e512-44c4-8d8e-0806c768c5a8|rpc:10.1.0.22:36777|dataStream:|priority:1, fc70cd66-7abc-4864-8afd-7dbfaf00bb56|rpc:10.1.0.22:46709|dataStream:|priority:0, 4d6136e5-74cd-4f55-94f0-c0ea6e146a4a|rpc:10.1.0.22:37065|dataStream:|priority:0], old=null
2022-02-10 16:29:37,845 [pool-283-thread-1] INFO  server.RaftServer$Division (RaftServerImpl.java:setRole(290)) - 4d6136e5-74cd-4f55-94f0-c0ea6e146a4a@group-C39131684D0F: changes role from      null to FOLLOWER at term 0 for startAsFollower
2022-02-10 16:29:37,845 [pool-283-thread-1] INFO  impl.RoleInfo (RoleInfo.java:updateAndGet(130)) - 4d6136e5-74cd-4f55-94f0-c0ea6e146a4a: start 4d6136e5-74cd-4f55-94f0-c0ea6e146a4a@group-C39131684D0F-FollowerState
2022-02-10 16:29:37,847 [pool-283-thread-1] INFO  util.JmxRegister (JmxRegister.java:tryRegister(44)) - Successfully registered JMX Bean with object name Ratis:service=RaftServer,group=group-C39131684D0F,id=4d6136e5-74cd-4f55-94f0-c0ea6e146a4a
2022-02-10 16:29:37,947 [grpc-default-executor-3] INFO  server.RaftServer (RaftServerProxy.java:addNew(95)) - a7a4031e-e512-44c4-8d8e-0806c768c5a8: addNew group-C39131684D0F:[a7a4031e-e512-44c4-8d8e-0806c768c5a8|rpc:10.1.0.22:36777|dataStream:|priority:1, fc70cd66-7abc-4864-8afd-7dbfaf00bb56|rpc:10.1.0.22:46709|dataStream:|priority:0, 4d6136e5-74cd-4f55-94f0-c0ea6e146a4a|rpc:10.1.0.22:37065|dataStream:|priority:0] returns group-C39131684D0F:java.util.concurrent.CompletableFuture@3cd27acf[Not completed]
2022-02-10 16:29:37,968 [pool-262-thread-1] INFO  server.RaftServer$Division (RaftServerImpl.java:<init>(184)) - a7a4031e-e512-44c4-8d8e-0806c768c5a8: new RaftServerImpl for group-C39131684D0F:[a7a4031e-e512-44c4-8d8e-0806c768c5a8|rpc:10.1.0.22:36777|dataStream:|priority:1, fc70cd66-7abc-4864-8afd-7dbfaf00bb56|rpc:10.1.0.22:46709|dataStream:|priority:0, 4d6136e5-74cd-4f55-94f0-c0ea6e146a4a|rpc:10.1.0.22:37065|dataStream:|priority:0] with ContainerStateMachine:uninitialized
2022-02-10 16:29:37,980 [pool-262-thread-1] INFO  server.RaftServerConfigKeys (ConfUtils.java:logGet(44)) - raft.server.rpc.timeout.min = 5s (custom)
2022-02-10 16:29:37,980 [pool-262-thread-1] INFO  server.RaftServerConfigKeys (ConfUtils.java:logGet(44)) - raft.server.rpc.timeout.max = 5200ms (custom)
2022-02-10 16:29:37,980 [pool-262-thread-1] INFO  server.RaftServerConfigKeys (ConfUtils.java:logGet(44)) - raft.server.rpc.sleep.time = 25ms (default)
2022-02-10 16:29:37,980 [pool-262-thread-1] INFO  server.RaftServerConfigKeys (ConfUtils.java:logGet(44)) - raft.server.rpc.slowness.timeout = 300s (custom)
2022-02-10 16:29:37,980 [pool-262-thread-1] INFO  server.RaftServerConfigKeys (ConfUtils.java:logGet(44)) - raft.server.leaderelection.leader.step-down.wait-time = 10s (default)
2022-02-10 16:29:37,980 [pool-262-thread-1] INFO  server.RaftServerConfigKeys (ConfUtils.java:logGet(44)) - raft.server.sleep.deviation.threshold = 300ms (default)
2022-02-10 16:29:37,980 [pool-262-thread-1] INFO  server.RaftServerConfigKeys (ConfUtils.java:logGet(44)) - raft.server.log.appender.install.snapshot.enabled = false (custom)
2022-02-10 16:29:37,980 [pool-262-thread-1] INFO  server.RaftServer$Division (ServerState.java:<init>(105)) - a7a4031e-e512-44c4-8d8e-0806c768c5a8@group-C39131684D0F: ConfigurationManager, init=-1: [a7a4031e-e512-44c4-8d8e-0806c768c5a8|rpc:10.1.0.22:36777|dataStream:|priority:1, fc70cd66-7abc-4864-8afd-7dbfaf00bb56|rpc:10.1.0.22:46709|dataStream:|priority:0, 4d6136e5-74cd-4f55-94f0-c0ea6e146a4a|rpc:10.1.0.22:37065|dataStream:|priority:0], old=null, confs=<EMPTY_MAP>
2022-02-10 16:29:37,981 [pool-262-thread-1] INFO  server.RaftServerConfigKeys (ConfUtils.java:logGet(44)) - raft.server.storage.dir = [/home/runner/work/ozone/ozone/hadoop-ozone/integration-test/target/test-dir/MiniOzoneClusterImpl-193d67db-d922-404e-9a90-1d0db3b45fdc/datanode-1/data/ratis] (custom)
2022-02-10 16:29:37,981 [pool-262-thread-1] INFO  server.RaftServerConfigKeys (ConfUtils.java:logGet(44)) - raft.server.log.corruption.policy = EXCEPTION (default)
2022-02-10 16:29:37,981 [pool-262-thread-1] INFO  server.RaftServerConfigKeys (ConfUtils.java:logGet(44)) - raft.server.storage.free-space.min = 0MB (=0) (default)
2022-02-10 16:29:37,981 [pool-262-thread-1] INFO  storage.RaftStorageDirectory (RaftStorageDirectoryImpl.java:analyzeStorage(135)) - The storage directory /home/runner/work/ozone/ozone/hadoop-ozone/integration-test/target/test-dir/MiniOzoneClusterImpl-193d67db-d922-404e-9a90-1d0db3b45fdc/datanode-1/data/ratis/24c4c601-8e38-4742-afeb-c39131684d0f does not exist. Creating ...
2022-02-10 16:29:37,983 [pool-262-thread-1] INFO  storage.RaftStorageDirectory (RaftStorageDirectoryImpl.java:tryLock(230)) - Lock on /home/runner/work/ozone/ozone/hadoop-ozone/integration-test/target/test-dir/MiniOzoneClusterImpl-193d67db-d922-404e-9a90-1d0db3b45fdc/datanode-1/data/ratis/24c4c601-8e38-4742-afeb-c39131684d0f/in_use.lock acquired by nodename 23668@fv-az184-768
2022-02-10 16:29:37,984 [pool-262-thread-1] INFO  storage.RaftStorage (RaftStorageImpl.java:format(89)) - Storage directory /home/runner/work/ozone/ozone/hadoop-ozone/integration-test/target/test-dir/MiniOzoneClusterImpl-193d67db-d922-404e-9a90-1d0db3b45fdc/datanode-1/data/ratis/24c4c601-8e38-4742-afeb-c39131684d0f has been successfully formatted.
2022-02-10 16:29:37,985 [pool-262-thread-1] INFO  ratis.ContainerStateMachine (ContainerStateMachine.java:loadSnapshot(231)) - group-C39131684D0F: The snapshot info is null. Setting the last applied indexto:(t:0, i:~)
2022-02-10 16:29:37,986 [pool-262-thread-1] INFO  server.RaftServerConfigKeys (ConfUtils.java:logGet(44)) - raft.server.notification.no-leader.timeout = 300s (custom)
2022-02-10 16:29:37,986 [pool-262-thread-1] INFO  server.RaftServerConfigKeys (ConfUtils.java:logGet(44)) - raft.server.log.use.memory = false (default)
2022-02-10 16:29:37,986 [pool-262-thread-1] INFO  server.RaftServerConfigKeys (ConfUtils.java:logGet(44)) - raft.server.log.purge.gap = 1000000 (custom)
2022-02-10 16:29:37,986 [pool-262-thread-1] INFO  server.RaftServerConfigKeys (ConfUtils.java:logGet(44)) - raft.server.log.appender.buffer.byte-limit = 33554432 (custom)
2022-02-10 16:29:37,986 [pool-262-thread-1] INFO  server.RaftServerConfigKeys (ConfUtils.java:logGet(44)) - raft.server.log.segment.size.max = 1048576 (custom)
2022-02-10 16:29:37,987 [pool-262-thread-1] INFO  server.RaftServerConfigKeys (ConfUtils.java:logGet(44)) - raft.server.log.segment.cache.num.max = 2 (custom)
2022-02-10 16:29:37,987 [pool-262-thread-1] INFO  server.RaftServerConfigKeys (ConfUtils.java:logGet(44)) - raft.server.log.segment.cache.size.max = 200MB (=209715200) (default)
2022-02-10 16:29:37,987 [pool-262-thread-1] INFO  segmented.SegmentedRaftLogWorker (SegmentedRaftLogWorker.java:<init>(182)) - new a7a4031e-e512-44c4-8d8e-0806c768c5a8@group-C39131684D0F-SegmentedRaftLogWorker for RaftStorageImpl:Storage Directory /home/runner/work/ozone/ozone/hadoop-ozone/integration-test/target/test-dir/MiniOzoneClusterImpl-193d67db-d922-404e-9a90-1d0db3b45fdc/datanode-1/data/ratis/24c4c601-8e38-4742-afeb-c39131684d0f
2022-02-10 16:29:37,987 [pool-262-thread-1] INFO  server.RaftServerConfigKeys (ConfUtils.java:logGet(44)) - raft.server.log.queue.byte-limit = 2147483647 (custom)
2022-02-10 16:29:37,987 [pool-262-thread-1] INFO  server.RaftServerConfigKeys (ConfUtils.java:logGet(44)) - raft.server.log.queue.element-limit = 1024 (custom)
2022-02-10 16:29:37,987 [pool-262-thread-1] INFO  server.RaftServerConfigKeys (ConfUtils.java:logGet(44)) - raft.server.log.segment.size.max = 1048576 (custom)
2022-02-10 16:29:37,987 [pool-262-thread-1] INFO  server.RaftServerConfigKeys (ConfUtils.java:logGet(44)) - raft.server.log.preallocated.size = 16384 (custom)
2022-02-10 16:29:37,987 [pool-262-thread-1] INFO  server.RaftServerConfigKeys (ConfUtils.java:logGet(44)) - raft.server.log.force.sync.num = 128 (default)
2022-02-10 16:29:37,987 [pool-262-thread-1] INFO  server.RaftServerConfigKeys (ConfUtils.java:logGet(44)) - raft.server.log.statemachine.data.sync = true (default)
2022-02-10 16:29:37,987 [pool-262-thread-1] INFO  server.RaftServerConfigKeys (ConfUtils.java:logGet(44)) - raft.server.log.statemachine.data.sync.timeout = 10s (default)
2022-02-10 16:29:37,987 [pool-262-thread-1] INFO  server.RaftServerConfigKeys (ConfUtils.java:logGet(44)) - raft.server.log.statemachine.data.sync.timeout.retry = -1 (default)
2022-02-10 16:29:37,988 [pool-262-thread-1] INFO  server.RaftServerConfigKeys (ConfUtils.java:logGet(44)) - raft.server.log.write.buffer.size = 1048576 (custom)
2022-02-10 16:29:37,989 [pool-262-thread-1] INFO  server.RaftServerConfigKeys (ConfUtils.java:logGet(44)) - raft.server.log.statemachine.data.caching.enabled = true (custom)
2022-02-10 16:29:37,989 [pool-262-thread-1] INFO  segmented.SegmentedRaftLogWorker (SegmentedRaftLogWorker.java:lambda$new$0(133)) - a7a4031e-e512-44c4-8d8e-0806c768c5a8@group-C39131684D0F-SegmentedRaftLogWorker: flushIndex: setUnconditionally 0 -> -1
2022-02-10 16:29:37,989 [pool-262-thread-1] INFO  segmented.SegmentedRaftLogWorker (SegmentedRaftLogWorker.java:lambda$new$0(133)) - a7a4031e-e512-44c4-8d8e-0806c768c5a8@group-C39131684D0F-SegmentedRaftLogWorker: safeCacheEvictIndex: setUnconditionally 0 -> -1
2022-02-10 16:29:37,991 [pool-262-thread-1] INFO  server.RaftServerConfigKeys (ConfUtils.java:logGet(44)) - raft.server.snapshot.auto.trigger.enabled = true (custom)
2022-02-10 16:29:37,991 [pool-262-thread-1] INFO  server.RaftServerConfigKeys (ConfUtils.java:logGet(44)) - raft.server.snapshot.auto.trigger.threshold = 10000 (custom)
2022-02-10 16:29:37,991 [pool-262-thread-1] INFO  server.RaftServerConfigKeys (ConfUtils.java:logGet(44)) - raft.server.snapshot.retention.file.num = 5 (custom)
2022-02-10 16:29:37,991 [pool-262-thread-1] INFO  server.RaftServerConfigKeys (ConfUtils.java:logGet(44)) - raft.server.log.purge.upto.snapshot.index = false (default)
2022-02-10 16:29:37,991 [pool-262-thread-1] INFO  server.RaftServerConfigKeys (ConfUtils.java:logGet(44)) - raft.server.retrycache.expirytime = 600000ms (custom)
2022-02-10 16:29:37,991 [pool-262-thread-1] INFO  server.RaftServerConfigKeys (ConfUtils.java:logGet(44)) - raft.server.retrycache.statistics.expirytime = 100μs (default)
2022-02-10 16:29:37,993 [pool-262-thread-1] INFO  server.RaftServer$Division (RaftServerImpl.java:start(301)) - a7a4031e-e512-44c4-8d8e-0806c768c5a8@group-C39131684D0F: start as a follower, conf=-1: [a7a4031e-e512-44c4-8d8e-0806c768c5a8|rpc:10.1.0.22:36777|dataStream:|priority:1, fc70cd66-7abc-4864-8afd-7dbfaf00bb56|rpc:10.1.0.22:46709|dataStream:|priority:0, 4d6136e5-74cd-4f55-94f0-c0ea6e146a4a|rpc:10.1.0.22:37065|dataStream:|priority:0], old=null
2022-02-10 16:29:38,000 [pool-262-thread-1] INFO  server.RaftServer$Division (RaftServerImpl.java:setRole(290)) - a7a4031e-e512-44c4-8d8e-0806c768c5a8@group-C39131684D0F: changes role from      null to FOLLOWER at term 0 for startAsFollower
2022-02-10 16:29:38,006 [pool-262-thread-1] INFO  impl.RoleInfo (RoleInfo.java:updateAndGet(130)) - a7a4031e-e512-44c4-8d8e-0806c768c5a8: start a7a4031e-e512-44c4-8d8e-0806c768c5a8@group-C39131684D0F-FollowerState
2022-02-10 16:29:38,015 [pool-262-thread-1] INFO  util.JmxRegister (JmxRegister.java:tryRegister(44)) - Successfully registered JMX Bean with object name Ratis:service=RaftServer,group=group-C39131684D0F,id=a7a4031e-e512-44c4-8d8e-0806c768c5a8
2022-02-10 16:29:38,065 [Command processor thread] INFO  commandhandler.CreatePipelineCommandHandler (CreatePipelineCommandHandler.java:handle(106)) - Created Pipeline RATIS THREE PipelineID=24c4c601-8e38-4742-afeb-c39131684d0f.
2022-02-10 16:29:38,207 [Command processor thread] INFO  server.RaftServer (RaftServerProxy.java:addNew(95)) - a7a4031e-e512-44c4-8d8e-0806c768c5a8: addNew group-C9D1F35C4EAC:[a7a4031e-e512-44c4-8d8e-0806c768c5a8|rpc:10.1.0.22:36777|priority:1] returns group-C9D1F35C4EAC:java.util.concurrent.CompletableFuture@73699b17[Not completed]
2022-02-10 16:29:38,208 [pool-262-thread-1] INFO  server.RaftServer$Division (RaftServerImpl.java:<init>(184)) - a7a4031e-e512-44c4-8d8e-0806c768c5a8: new RaftServerImpl for group-C9D1F35C4EAC:[a7a4031e-e512-44c4-8d8e-0806c768c5a8|rpc:10.1.0.22:36777|priority:1] with ContainerStateMachine:uninitialized
2022-02-10 16:29:38,208 [pool-262-thread-1] INFO  server.RaftServerConfigKeys (ConfUtils.java:logGet(44)) - raft.server.rpc.timeout.min = 5s (custom)
2022-02-10 16:29:38,209 [pool-262-thread-1] INFO  server.RaftServerConfigKeys (ConfUtils.java:logGet(44)) - raft.server.rpc.timeout.max = 5200ms (custom)
2022-02-10 16:29:38,209 [pool-262-thread-1] INFO  server.RaftServerConfigKeys (ConfUtils.java:logGet(44)) - raft.server.rpc.sleep.time = 25ms (default)
2022-02-10 16:29:38,209 [pool-262-thread-1] INFO  server.RaftServerConfigKeys (ConfUtils.java:logGet(44)) - raft.server.rpc.slowness.timeout = 300s (custom)
2022-02-10 16:29:38,209 [pool-262-thread-1] INFO  server.RaftServerConfigKeys (ConfUtils.java:logGet(44)) - raft.server.leaderelection.leader.step-down.wait-time = 10s (default)
2022-02-10 16:29:38,209 [pool-262-thread-1] INFO  server.RaftServerConfigKeys (ConfUtils.java:logGet(44)) - raft.server.sleep.deviation.threshold = 300ms (default)
2022-02-10 16:29:38,209 [pool-262-thread-1] INFO  server.RaftServerConfigKeys (ConfUtils.java:logGet(44)) - raft.server.log.appender.install.snapshot.enabled = false (custom)
2022-02-10 16:29:38,209 [pool-262-thread-1] INFO  server.RaftServer$Division (ServerState.java:<init>(105)) - a7a4031e-e512-44c4-8d8e-0806c768c5a8@group-C9D1F35C4EAC: ConfigurationManager, init=-1: [a7a4031e-e512-44c4-8d8e-0806c768c5a8|rpc:10.1.0.22:36777|priority:1], old=null, confs=<EMPTY_MAP>
2022-02-10 16:29:38,209 [pool-262-thread-1] INFO  server.RaftServerConfigKeys (ConfUtils.java:logGet(44)) - raft.server.storage.dir = [/home/runner/work/ozone/ozone/hadoop-ozone/integration-test/target/test-dir/MiniOzoneClusterImpl-193d67db-d922-404e-9a90-1d0db3b45fdc/datanode-1/data/ratis] (custom)
2022-02-10 16:29:38,209 [pool-262-thread-1] INFO  server.RaftServerConfigKeys (ConfUtils.java:logGet(44)) - raft.server.log.corruption.policy = EXCEPTION (default)
2022-02-10 16:29:38,209 [pool-262-thread-1] INFO  server.RaftServerConfigKeys (ConfUtils.java:logGet(44)) - raft.server.storage.free-space.min = 0MB (=0) (default)
2022-02-10 16:29:38,209 [pool-262-thread-1] INFO  storage.RaftStorageDirectory (RaftStorageDirectoryImpl.java:analyzeStorage(135)) - The storage directory /home/runner/work/ozone/ozone/hadoop-ozone/integration-test/target/test-dir/MiniOzoneClusterImpl-193d67db-d922-404e-9a90-1d0db3b45fdc/datanode-1/data/ratis/7c3c9c1a-b740-4977-a27b-c9d1f35c4eac does not exist. Creating ...
2022-02-10 16:29:38,210 [pool-262-thread-1] INFO  storage.RaftStorageDirectory (RaftStorageDirectoryImpl.java:tryLock(230)) - Lock on /home/runner/work/ozone/ozone/hadoop-ozone/integration-test/target/test-dir/MiniOzoneClusterImpl-193d67db-d922-404e-9a90-1d0db3b45fdc/datanode-1/data/ratis/7c3c9c1a-b740-4977-a27b-c9d1f35c4eac/in_use.lock acquired by nodename 23668@fv-az184-768
2022-02-10 16:29:38,212 [pool-262-thread-1] INFO  storage.RaftStorage (RaftStorageImpl.java:format(89)) - Storage directory /home/runner/work/ozone/ozone/hadoop-ozone/integration-test/target/test-dir/MiniOzoneClusterImpl-193d67db-d922-404e-9a90-1d0db3b45fdc/datanode-1/data/ratis/7c3c9c1a-b740-4977-a27b-c9d1f35c4eac has been successfully formatted.
2022-02-10 16:29:38,212 [pool-262-thread-1] INFO  ratis.ContainerStateMachine (ContainerStateMachine.java:loadSnapshot(231)) - group-C9D1F35C4EAC: The snapshot info is null. Setting the last applied indexto:(t:0, i:~)
2022-02-10 16:29:38,212 [pool-262-thread-1] INFO  server.RaftServerConfigKeys (ConfUtils.java:logGet(44)) - raft.server.notification.no-leader.timeout = 300s (custom)
2022-02-10 16:29:38,212 [pool-262-thread-1] INFO  server.RaftServerConfigKeys (ConfUtils.java:logGet(44)) - raft.server.log.use.memory = false (default)
2022-02-10 16:29:38,212 [pool-262-thread-1] INFO  server.RaftServerConfigKeys (ConfUtils.java:logGet(44)) - raft.server.log.purge.gap = 1000000 (custom)
2022-02-10 16:29:38,212 [pool-262-thread-1] INFO  server.RaftServerConfigKeys (ConfUtils.java:logGet(44)) - raft.server.log.appender.buffer.byte-limit = 33554432 (custom)
2022-02-10 16:29:38,213 [pool-262-thread-1] INFO  server.RaftServerConfigKeys (ConfUtils.java:logGet(44)) - raft.server.log.segment.size.max = 1048576 (custom)
2022-02-10 16:29:38,213 [pool-262-thread-1] INFO  server.RaftServerConfigKeys (ConfUtils.java:logGet(44)) - raft.server.log.segment.cache.num.max = 2 (custom)
2022-02-10 16:29:38,213 [pool-262-thread-1] INFO  server.RaftServerConfigKeys (ConfUtils.java:logGet(44)) - raft.server.log.segment.cache.size.max = 200MB (=209715200) (default)
2022-02-10 16:29:38,213 [pool-262-thread-1] INFO  segmented.SegmentedRaftLogWorker (SegmentedRaftLogWorker.java:<init>(182)) - new a7a4031e-e512-44c4-8d8e-0806c768c5a8@group-C9D1F35C4EAC-SegmentedRaftLogWorker for RaftStorageImpl:Storage Directory /home/runner/work/ozone/ozone/hadoop-ozone/integration-test/target/test-dir/MiniOzoneClusterImpl-193d67db-d922-404e-9a90-1d0db3b45fdc/datanode-1/data/ratis/7c3c9c1a-b740-4977-a27b-c9d1f35c4eac
2022-02-10 16:29:38,213 [pool-262-thread-1] INFO  server.RaftServerConfigKeys (ConfUtils.java:logGet(44)) - raft.server.log.queue.byte-limit = 2147483647 (custom)
2022-02-10 16:29:38,213 [pool-262-thread-1] INFO  server.RaftServerConfigKeys (ConfUtils.java:logGet(44)) - raft.server.log.queue.element-limit = 1024 (custom)
2022-02-10 16:29:38,213 [pool-262-thread-1] INFO  server.RaftServerConfigKeys (ConfUtils.java:logGet(44)) - raft.server.log.segment.size.max = 1048576 (custom)
2022-02-10 16:29:38,213 [pool-262-thread-1] INFO  server.RaftServerConfigKeys (ConfUtils.java:logGet(44)) - raft.server.log.preallocated.size = 16384 (custom)
2022-02-10 16:29:38,213 [pool-262-thread-1] INFO  server.RaftServerConfigKeys (ConfUtils.java:logGet(44)) - raft.server.log.force.sync.num = 128 (default)
2022-02-10 16:29:38,214 [pool-262-thread-1] INFO  server.RaftServerConfigKeys (ConfUtils.java:logGet(44)) - raft.server.log.statemachine.data.sync = true (default)
2022-02-10 16:29:38,214 [pool-262-thread-1] INFO  server.RaftServerConfigKeys (ConfUtils.java:logGet(44)) - raft.server.log.statemachine.data.sync.timeout = 10s (default)
2022-02-10 16:29:38,214 [pool-262-thread-1] INFO  server.RaftServerConfigKeys (ConfUtils.java:logGet(44)) - raft.server.log.statemachine.data.sync.timeout.retry = -1 (default)
2022-02-10 16:29:38,218 [EventQueue-PipelineReportForPipelineReportHandler] INFO  pipeline.PipelineManagerImpl (PipelineManagerImpl.java:openPipeline(291)) - Pipeline Pipeline[ Id: 7c3c9c1a-b740-4977-a27b-c9d1f35c4eac, Nodes: a7a4031e-e512-44c4-8d8e-0806c768c5a8{ip: 10.1.0.22, host: fv-az184-768.3ow45vhwbzuu5incsxmygykede.cx.internal.cloudapp.net, ports: [REPLICATION=46783, RATIS=36777, RATIS_ADMIN=36777, RATIS_SERVER=36777, STANDALONE=33395], networkLocation: /default-rack, certSerialId: null, persistedOpState: IN_SERVICE, persistedOpStateExpiryEpochSec: 0}, ReplicationConfig: RATIS/ONE, State:ALLOCATED, leaderId:a7a4031e-e512-44c4-8d8e-0806c768c5a8, CreationTimestamp2022-02-10T16:29:35.212Z[Etc/UTC]] moved to OPEN state
2022-02-10 16:29:38,219 [pool-262-thread-1] INFO  server.RaftServerConfigKeys (ConfUtils.java:logGet(44)) - raft.server.log.write.buffer.size = 1048576 (custom)
2022-02-10 16:29:38,219 [de59fd12-e5d5-4922-a4d0-c48f80cbb7f0@group-1D0DB3B45FDC-StateMachineUpdater] INFO  safemode.HealthyPipelineSafeModeRule (HealthyPipelineSafeModeRule.java:initializeRule(152)) - Refreshed total pipeline count is 0, healthy pipeline threshold count is 1
2022-02-10 16:29:38,220 [pool-262-thread-1] INFO  server.RaftServerConfigKeys (ConfUtils.java:logGet(44)) - raft.server.log.statemachine.data.caching.enabled = true (custom)
2022-02-10 16:29:38,221 [pool-262-thread-1] INFO  segmented.SegmentedRaftLogWorker (SegmentedRaftLogWorker.java:lambda$new$0(133)) - a7a4031e-e512-44c4-8d8e-0806c768c5a8@group-C9D1F35C4EAC-SegmentedRaftLogWorker: flushIndex: setUnconditionally 0 -> -1
2022-02-10 16:29:38,221 [EventQueue-OpenPipelineForHealthyPipelineSafeModeRule] INFO  safemode.SCMSafeModeManager (HealthyPipelineSafeModeRule.java:process(124)) - SCM in safe mode. Healthy pipelines reported count is 0, required healthy pipeline reported count is 1
2022-02-10 16:29:38,226 [pool-262-thread-1] INFO  segmented.SegmentedRaftLogWorker (SegmentedRaftLogWorker.java:lambda$new$0(133)) - a7a4031e-e512-44c4-8d8e-0806c768c5a8@group-C9D1F35C4EAC-SegmentedRaftLogWorker: safeCacheEvictIndex: setUnconditionally 0 -> -1
2022-02-10 16:29:38,236 [pool-262-thread-1] INFO  server.RaftServerConfigKeys (ConfUtils.java:logGet(44)) - raft.server.snapshot.auto.trigger.enabled = true (custom)
2022-02-10 16:29:38,236 [pool-262-thread-1] INFO  server.RaftServerConfigKeys (ConfUtils.java:logGet(44)) - raft.server.snapshot.auto.trigger.threshold = 10000 (custom)
2022-02-10 16:29:38,236 [pool-262-thread-1] INFO  server.RaftServerConfigKeys (ConfUtils.java:logGet(44)) - raft.server.snapshot.retention.file.num = 5 (custom)
2022-02-10 16:29:38,236 [pool-262-thread-1] INFO  server.RaftServerConfigKeys (ConfUtils.java:logGet(44)) - raft.server.log.purge.upto.snapshot.index = false (default)
2022-02-10 16:29:38,236 [pool-262-thread-1] INFO  server.RaftServerConfigKeys (ConfUtils.java:logGet(44)) - raft.server.retrycache.expirytime = 600000ms (custom)
2022-02-10 16:29:38,236 [pool-262-thread-1] INFO  server.RaftServerConfigKeys (ConfUtils.java:logGet(44)) - raft.server.retrycache.statistics.expirytime = 100μs (default)
2022-02-10 16:29:38,238 [pool-262-thread-1] INFO  server.RaftServer$Division (RaftServerImpl.java:start(301)) - a7a4031e-e512-44c4-8d8e-0806c768c5a8@group-C9D1F35C4EAC: start as a follower, conf=-1: [a7a4031e-e512-44c4-8d8e-0806c768c5a8|rpc:10.1.0.22:36777|priority:1], old=null
2022-02-10 16:29:38,238 [pool-262-thread-1] INFO  server.RaftServer$Division (RaftServerImpl.java:setRole(290)) - a7a4031e-e512-44c4-8d8e-0806c768c5a8@group-C9D1F35C4EAC: changes role from      null to FOLLOWER at term 0 for startAsFollower
2022-02-10 16:29:38,238 [pool-262-thread-1] INFO  impl.RoleInfo (RoleInfo.java:updateAndGet(130)) - a7a4031e-e512-44c4-8d8e-0806c768c5a8: start a7a4031e-e512-44c4-8d8e-0806c768c5a8@group-C9D1F35C4EAC-FollowerState
2022-02-10 16:29:38,247 [pool-262-thread-1] INFO  util.JmxRegister (JmxRegister.java:tryRegister(44)) - Successfully registered JMX Bean with object name Ratis:service=RaftServer,group=group-C9D1F35C4EAC,id=a7a4031e-e512-44c4-8d8e-0806c768c5a8
2022-02-10 16:29:38,258 [Command processor thread] INFO  ratis.XceiverServerRatis (XceiverServerRatis.java:addGroup(768)) - Created group PipelineID=7c3c9c1a-b740-4977-a27b-c9d1f35c4eac
2022-02-10 16:29:38,259 [Command processor thread] INFO  commandhandler.CreatePipelineCommandHandler (CreatePipelineCommandHandler.java:handle(106)) - Created Pipeline RATIS ONE PipelineID=7c3c9c1a-b740-4977-a27b-c9d1f35c4eac.
2022-02-10 16:29:38,687 [Listener at 127.0.0.1/38003] INFO  ozone.MiniOzoneClusterImpl (MiniOzoneClusterImpl.java:lambda$waitForClusterToBeReady$0(219)) - Nodes are ready. Got 3 of 3 DN Heartbeats.
2022-02-10 16:29:38,688 [Listener at 127.0.0.1/38003] INFO  ozone.MiniOzoneClusterImpl (MiniOzoneClusterImpl.java:lambda$waitForClusterToBeReady$0(222)) - Waiting for cluster to exit safe mode
2022-02-10 16:29:38,688 [Listener at 127.0.0.1/38003] INFO  ozone.MiniOzoneClusterImpl (MiniOzoneClusterImpl.java:lambda$waitForClusterToBeReady$0(224)) - SCM became leader
2022-02-10 16:29:38,693 [Command processor thread] INFO  server.RaftServer (RaftServerProxy.java:addNew(95)) - 4d6136e5-74cd-4f55-94f0-c0ea6e146a4a: addNew group-284D998405A3:[4d6136e5-74cd-4f55-94f0-c0ea6e146a4a|rpc:10.1.0.22:37065|priority:1] returns group-284D998405A3:java.util.concurrent.CompletableFuture@7d05b654[Not completed]
2022-02-10 16:29:38,694 [pool-283-thread-1] INFO  server.RaftServer$Division (RaftServerImpl.java:<init>(184)) - 4d6136e5-74cd-4f55-94f0-c0ea6e146a4a: new RaftServerImpl for group-284D998405A3:[4d6136e5-74cd-4f55-94f0-c0ea6e146a4a|rpc:10.1.0.22:37065|priority:1] with ContainerStateMachine:uninitialized
2022-02-10 16:29:38,694 [pool-283-thread-1] INFO  server.RaftServerConfigKeys (ConfUtils.java:logGet(44)) - raft.server.rpc.timeout.min = 5s (custom)
2022-02-10 16:29:38,694 [pool-283-thread-1] INFO  server.RaftServerConfigKeys (ConfUtils.java:logGet(44)) - raft.server.rpc.timeout.max = 5200ms (custom)
2022-02-10 16:29:38,694 [pool-283-thread-1] INFO  server.RaftServerConfigKeys (ConfUtils.java:logGet(44)) - raft.server.rpc.sleep.time = 25ms (default)
2022-02-10 16:29:38,694 [pool-283-thread-1] INFO  server.RaftServerConfigKeys (ConfUtils.java:logGet(44)) - raft.server.rpc.slowness.timeout = 300s (custom)
2022-02-10 16:29:38,694 [pool-283-thread-1] INFO  server.RaftServerConfigKeys (ConfUtils.java:logGet(44)) - raft.server.leaderelection.leader.step-down.wait-time = 10s (default)
2022-02-10 16:29:38,694 [pool-283-thread-1] INFO  server.RaftServerConfigKeys (ConfUtils.java:logGet(44)) - raft.server.sleep.deviation.threshold = 300ms (default)
2022-02-10 16:29:38,694 [pool-283-thread-1] INFO  server.RaftServerConfigKeys (ConfUtils.java:logGet(44)) - raft.server.log.appender.install.snapshot.enabled = false (custom)
2022-02-10 16:29:38,694 [pool-283-thread-1] INFO  server.RaftServer$Division (ServerState.java:<init>(105)) - 4d6136e5-74cd-4f55-94f0-c0ea6e146a4a@group-284D998405A3: ConfigurationManager, init=-1: [4d6136e5-74cd-4f55-94f0-c0ea6e146a4a|rpc:10.1.0.22:37065|priority:1], old=null, confs=<EMPTY_MAP>
2022-02-10 16:29:38,694 [pool-283-thread-1] INFO  server.RaftServerConfigKeys (ConfUtils.java:logGet(44)) - raft.server.storage.dir = [/home/runner/work/ozone/ozone/hadoop-ozone/integration-test/target/test-dir/MiniOzoneClusterImpl-193d67db-d922-404e-9a90-1d0db3b45fdc/datanode-2/data/ratis] (custom)
2022-02-10 16:29:38,695 [pool-283-thread-1] INFO  server.RaftServerConfigKeys (ConfUtils.java:logGet(44)) - raft.server.log.corruption.policy = EXCEPTION (default)
2022-02-10 16:29:38,695 [pool-283-thread-1] INFO  server.RaftServerConfigKeys (ConfUtils.java:logGet(44)) - raft.server.storage.free-space.min = 0MB (=0) (default)
2022-02-10 16:29:38,695 [pool-283-thread-1] INFO  storage.RaftStorageDirectory (RaftStorageDirectoryImpl.java:analyzeStorage(135)) - The storage directory /home/runner/work/ozone/ozone/hadoop-ozone/integration-test/target/test-dir/MiniOzoneClusterImpl-193d67db-d922-404e-9a90-1d0db3b45fdc/datanode-2/data/ratis/76930ac7-3147-44c0-97c2-284d998405a3 does not exist. Creating ...
2022-02-10 16:29:38,703 [pool-283-thread-1] INFO  storage.RaftStorageDirectory (RaftStorageDirectoryImpl.java:tryLock(230)) - Lock on /home/runner/work/ozone/ozone/hadoop-ozone/integration-test/target/test-dir/MiniOzoneClusterImpl-193d67db-d922-404e-9a90-1d0db3b45fdc/datanode-2/data/ratis/76930ac7-3147-44c0-97c2-284d998405a3/in_use.lock acquired by nodename 23668@fv-az184-768
2022-02-10 16:29:38,711 [pool-283-thread-1] INFO  storage.RaftStorage (RaftStorageImpl.java:format(89)) - Storage directory /home/runner/work/ozone/ozone/hadoop-ozone/integration-test/target/test-dir/MiniOzoneClusterImpl-193d67db-d922-404e-9a90-1d0db3b45fdc/datanode-2/data/ratis/76930ac7-3147-44c0-97c2-284d998405a3 has been successfully formatted.
2022-02-10 16:29:38,711 [pool-283-thread-1] INFO  ratis.ContainerStateMachine (ContainerStateMachine.java:loadSnapshot(231)) - group-284D998405A3: The snapshot info is null. Setting the last applied indexto:(t:0, i:~)
2022-02-10 16:29:38,711 [pool-283-thread-1] INFO  server.RaftServerConfigKeys (ConfUtils.java:logGet(44)) - raft.server.notification.no-leader.timeout = 300s (custom)
2022-02-10 16:29:38,712 [pool-283-thread-1] INFO  server.RaftServerConfigKeys (ConfUtils.java:logGet(44)) - raft.server.log.use.memory = false (default)
2022-02-10 16:29:38,712 [pool-283-thread-1] INFO  server.RaftServerConfigKeys (ConfUtils.java:logGet(44)) - raft.server.log.purge.gap = 1000000 (custom)
2022-02-10 16:29:38,712 [pool-283-thread-1] INFO  server.RaftServerConfigKeys (ConfUtils.java:logGet(44)) - raft.server.log.appender.buffer.byte-limit = 33554432 (custom)
2022-02-10 16:29:38,712 [pool-283-thread-1] INFO  server.RaftServerConfigKeys (ConfUtils.java:logGet(44)) - raft.server.log.segment.size.max = 1048576 (custom)
2022-02-10 16:29:38,712 [pool-283-thread-1] INFO  server.RaftServerConfigKeys (ConfUtils.java:logGet(44)) - raft.server.log.segment.cache.num.max = 2 (custom)
2022-02-10 16:29:38,712 [pool-283-thread-1] INFO  server.RaftServerConfigKeys (ConfUtils.java:logGet(44)) - raft.server.log.segment.cache.size.max = 200MB (=209715200) (default)
2022-02-10 16:29:38,713 [pool-283-thread-1] INFO  segmented.SegmentedRaftLogWorker (SegmentedRaftLogWorker.java:<init>(182)) - new 4d6136e5-74cd-4f55-94f0-c0ea6e146a4a@group-284D998405A3-SegmentedRaftLogWorker for RaftStorageImpl:Storage Directory /home/runner/work/ozone/ozone/hadoop-ozone/integration-test/target/test-dir/MiniOzoneClusterImpl-193d67db-d922-404e-9a90-1d0db3b45fdc/datanode-2/data/ratis/76930ac7-3147-44c0-97c2-284d998405a3
2022-02-10 16:29:38,713 [pool-283-thread-1] INFO  server.RaftServerConfigKeys (ConfUtils.java:logGet(44)) - raft.server.log.queue.byte-limit = 2147483647 (custom)
2022-02-10 16:29:38,713 [pool-283-thread-1] INFO  server.RaftServerConfigKeys (ConfUtils.java:logGet(44)) - raft.server.log.queue.element-limit = 1024 (custom)
2022-02-10 16:29:38,713 [pool-283-thread-1] INFO  server.RaftServerConfigKeys (ConfUtils.java:logGet(44)) - raft.server.log.segment.size.max = 1048576 (custom)
2022-02-10 16:29:38,713 [pool-283-thread-1] INFO  server.RaftServerConfigKeys (ConfUtils.java:logGet(44)) - raft.server.log.preallocated.size = 16384 (custom)
2022-02-10 16:29:38,713 [pool-283-thread-1] INFO  server.RaftServerConfigKeys (ConfUtils.java:logGet(44)) - raft.server.log.force.sync.num = 128 (default)
2022-02-10 16:29:38,713 [pool-283-thread-1] INFO  server.RaftServerConfigKeys (ConfUtils.java:logGet(44)) - raft.server.log.statemachine.data.sync = true (default)
2022-02-10 16:29:38,713 [pool-283-thread-1] INFO  server.RaftServerConfigKeys (ConfUtils.java:logGet(44)) - raft.server.log.statemachine.data.sync.timeout = 10s (default)
2022-02-10 16:29:38,713 [pool-283-thread-1] INFO  server.RaftServerConfigKeys (ConfUtils.java:logGet(44)) - raft.server.log.statemachine.data.sync.timeout.retry = -1 (default)
2022-02-10 16:29:38,714 [pool-283-thread-1] INFO  server.RaftServerConfigKeys (ConfUtils.java:logGet(44)) - raft.server.log.write.buffer.size = 1048576 (custom)
2022-02-10 16:29:38,716 [EventQueue-PipelineReportForPipelineReportHandler] INFO  pipeline.PipelineManagerImpl (PipelineManagerImpl.java:openPipeline(291)) - Pipeline Pipeline[ Id: 76930ac7-3147-44c0-97c2-284d998405a3, Nodes: 4d6136e5-74cd-4f55-94f0-c0ea6e146a4a{ip: 10.1.0.22, host: fv-az184-768.3ow45vhwbzuu5incsxmygykede.cx.internal.cloudapp.net, ports: [REPLICATION=38149, RATIS=37065, RATIS_ADMIN=37065, RATIS_SERVER=37065, STANDALONE=42155], networkLocation: /default-rack, certSerialId: null, persistedOpState: IN_SERVICE, persistedOpStateExpiryEpochSec: 0}, ReplicationConfig: RATIS/ONE, State:ALLOCATED, leaderId:4d6136e5-74cd-4f55-94f0-c0ea6e146a4a, CreationTimestamp2022-02-10T16:29:35.703Z[Etc/UTC]] moved to OPEN state
2022-02-10 16:29:38,719 [de59fd12-e5d5-4922-a4d0-c48f80cbb7f0@group-1D0DB3B45FDC-StateMachineUpdater] INFO  safemode.HealthyPipelineSafeModeRule (HealthyPipelineSafeModeRule.java:initializeRule(152)) - Refreshed total pipeline count is 0, healthy pipeline threshold count is 1
2022-02-10 16:29:38,719 [EventQueue-OpenPipelineForHealthyPipelineSafeModeRule] INFO  safemode.SCMSafeModeManager (HealthyPipelineSafeModeRule.java:process(124)) - SCM in safe mode. Healthy pipelines reported count is 0, required healthy pipeline reported count is 1
2022-02-10 16:29:38,726 [pool-283-thread-1] INFO  server.RaftServerConfigKeys (ConfUtils.java:logGet(44)) - raft.server.log.statemachine.data.caching.enabled = true (custom)
2022-02-10 16:29:38,726 [pool-283-thread-1] INFO  segmented.SegmentedRaftLogWorker (SegmentedRaftLogWorker.java:lambda$new$0(133)) - 4d6136e5-74cd-4f55-94f0-c0ea6e146a4a@group-284D998405A3-SegmentedRaftLogWorker: flushIndex: setUnconditionally 0 -> -1
2022-02-10 16:29:38,726 [pool-283-thread-1] INFO  segmented.SegmentedRaftLogWorker (SegmentedRaftLogWorker.java:lambda$new$0(133)) - 4d6136e5-74cd-4f55-94f0-c0ea6e146a4a@group-284D998405A3-SegmentedRaftLogWorker: safeCacheEvictIndex: setUnconditionally 0 -> -1
2022-02-10 16:29:38,738 [pool-283-thread-1] INFO  server.RaftServerConfigKeys (ConfUtils.java:logGet(44)) - raft.server.snapshot.auto.trigger.enabled = true (custom)
2022-02-10 16:29:38,738 [pool-283-thread-1] INFO  server.RaftServerConfigKeys (ConfUtils.java:logGet(44)) - raft.server.snapshot.auto.trigger.threshold = 10000 (custom)
2022-02-10 16:29:38,739 [pool-283-thread-1] INFO  server.RaftServerConfigKeys (ConfUtils.java:logGet(44)) - raft.server.snapshot.retention.file.num = 5 (custom)
2022-02-10 16:29:38,739 [pool-283-thread-1] INFO  server.RaftServerConfigKeys (ConfUtils.java:logGet(44)) - raft.server.log.purge.upto.snapshot.index = false (default)
2022-02-10 16:29:38,739 [pool-283-thread-1] INFO  server.RaftServerConfigKeys (ConfUtils.java:logGet(44)) - raft.server.retrycache.expirytime = 600000ms (custom)
2022-02-10 16:29:38,739 [pool-283-thread-1] INFO  server.RaftServerConfigKeys (ConfUtils.java:logGet(44)) - raft.server.retrycache.statistics.expirytime = 100μs (default)
2022-02-10 16:29:38,741 [pool-283-thread-1] INFO  server.RaftServer$Division (RaftServerImpl.java:start(301)) - 4d6136e5-74cd-4f55-94f0-c0ea6e146a4a@group-284D998405A3: start as a follower, conf=-1: [4d6136e5-74cd-4f55-94f0-c0ea6e146a4a|rpc:10.1.0.22:37065|priority:1], old=null
2022-02-10 16:29:38,741 [pool-283-thread-1] INFO  server.RaftServer$Division (RaftServerImpl.java:setRole(290)) - 4d6136e5-74cd-4f55-94f0-c0ea6e146a4a@group-284D998405A3: changes role from      null to FOLLOWER at term 0 for startAsFollower
2022-02-10 16:29:38,741 [pool-283-thread-1] INFO  impl.RoleInfo (RoleInfo.java:updateAndGet(130)) - 4d6136e5-74cd-4f55-94f0-c0ea6e146a4a: start 4d6136e5-74cd-4f55-94f0-c0ea6e146a4a@group-284D998405A3-FollowerState
2022-02-10 16:29:38,754 [pool-283-thread-1] INFO  util.JmxRegister (JmxRegister.java:tryRegister(44)) - Successfully registered JMX Bean with object name Ratis:service=RaftServer,group=group-284D998405A3,id=4d6136e5-74cd-4f55-94f0-c0ea6e146a4a
2022-02-10 16:29:38,756 [Command processor thread] INFO  ratis.XceiverServerRatis (XceiverServerRatis.java:addGroup(768)) - Created group PipelineID=76930ac7-3147-44c0-97c2-284d998405a3
2022-02-10 16:29:38,756 [Command processor thread] INFO  commandhandler.CreatePipelineCommandHandler (CreatePipelineCommandHandler.java:handle(106)) - Created Pipeline RATIS ONE PipelineID=76930ac7-3147-44c0-97c2-284d998405a3.
2022-02-10 16:29:39,688 [Listener at 127.0.0.1/38003] INFO  ozone.MiniOzoneClusterImpl (MiniOzoneClusterImpl.java:lambda$waitForClusterToBeReady$0(219)) - Nodes are ready. Got 3 of 3 DN Heartbeats.
2022-02-10 16:29:39,688 [Listener at 127.0.0.1/38003] INFO  ozone.MiniOzoneClusterImpl (MiniOzoneClusterImpl.java:lambda$waitForClusterToBeReady$0(222)) - Waiting for cluster to exit safe mode
2022-02-10 16:29:39,688 [Listener at 127.0.0.1/38003] INFO  ozone.MiniOzoneClusterImpl (MiniOzoneClusterImpl.java:lambda$waitForClusterToBeReady$0(224)) - SCM became leader
2022-02-10 16:29:40,688 [Listener at 127.0.0.1/38003] INFO  ozone.MiniOzoneClusterImpl (MiniOzoneClusterImpl.java:lambda$waitForClusterToBeReady$0(219)) - Nodes are ready. Got 3 of 3 DN Heartbeats.
2022-02-10 16:29:40,689 [Listener at 127.0.0.1/38003] INFO  ozone.MiniOzoneClusterImpl (MiniOzoneClusterImpl.java:lambda$waitForClusterToBeReady$0(222)) - Waiting for cluster to exit safe mode
2022-02-10 16:29:40,689 [Listener at 127.0.0.1/38003] INFO  ozone.MiniOzoneClusterImpl (MiniOzoneClusterImpl.java:lambda$waitForClusterToBeReady$0(224)) - SCM became leader
2022-02-10 16:29:41,689 [Listener at 127.0.0.1/38003] INFO  ozone.MiniOzoneClusterImpl (MiniOzoneClusterImpl.java:lambda$waitForClusterToBeReady$0(219)) - Nodes are ready. Got 3 of 3 DN Heartbeats.
2022-02-10 16:29:41,689 [Listener at 127.0.0.1/38003] INFO  ozone.MiniOzoneClusterImpl (MiniOzoneClusterImpl.java:lambda$waitForClusterToBeReady$0(222)) - Waiting for cluster to exit safe mode
2022-02-10 16:29:41,689 [Listener at 127.0.0.1/38003] INFO  ozone.MiniOzoneClusterImpl (MiniOzoneClusterImpl.java:lambda$waitForClusterToBeReady$0(224)) - SCM became leader
2022-02-10 16:29:42,689 [Listener at 127.0.0.1/38003] INFO  ozone.MiniOzoneClusterImpl (MiniOzoneClusterImpl.java:lambda$waitForClusterToBeReady$0(219)) - Nodes are ready. Got 3 of 3 DN Heartbeats.
2022-02-10 16:29:42,690 [Listener at 127.0.0.1/38003] INFO  ozone.MiniOzoneClusterImpl (MiniOzoneClusterImpl.java:lambda$waitForClusterToBeReady$0(222)) - Waiting for cluster to exit safe mode
2022-02-10 16:29:42,690 [Listener at 127.0.0.1/38003] INFO  ozone.MiniOzoneClusterImpl (MiniOzoneClusterImpl.java:lambda$waitForClusterToBeReady$0(224)) - SCM became leader
2022-02-10 16:29:42,765 [fc70cd66-7abc-4864-8afd-7dbfaf00bb56@group-B1F8669B9121-FollowerState] INFO  impl.FollowerState (FollowerState.java:run(134)) - fc70cd66-7abc-4864-8afd-7dbfaf00bb56@group-B1F8669B9121-FollowerState: change to CANDIDATE, lastRpcElapsedTime:5048031848ns, electionTimeout:5047ms
2022-02-10 16:29:42,766 [fc70cd66-7abc-4864-8afd-7dbfaf00bb56@group-B1F8669B9121-FollowerState] INFO  impl.RoleInfo (RoleInfo.java:shutdownFollowerState(108)) - fc70cd66-7abc-4864-8afd-7dbfaf00bb56: shutdown fc70cd66-7abc-4864-8afd-7dbfaf00bb56@group-B1F8669B9121-FollowerState
2022-02-10 16:29:42,766 [fc70cd66-7abc-4864-8afd-7dbfaf00bb56@group-B1F8669B9121-FollowerState] INFO  server.RaftServer$Division (RaftServerImpl.java:setRole(290)) - fc70cd66-7abc-4864-8afd-7dbfaf00bb56@group-B1F8669B9121: changes role from  FOLLOWER to CANDIDATE at term 0 for changeToCandidate
2022-02-10 16:29:42,766 [fc70cd66-7abc-4864-8afd-7dbfaf00bb56@group-B1F8669B9121-FollowerState] INFO  server.RaftServerConfigKeys (ConfUtils.java:logGet(44)) - raft.server.leaderelection.pre-vote = false (custom)
2022-02-10 16:29:42,766 [fc70cd66-7abc-4864-8afd-7dbfaf00bb56@group-B1F8669B9121-FollowerState] INFO  impl.RoleInfo (RoleInfo.java:updateAndGet(130)) - fc70cd66-7abc-4864-8afd-7dbfaf00bb56: start fc70cd66-7abc-4864-8afd-7dbfaf00bb56@group-B1F8669B9121-LeaderElection19
2022-02-10 16:29:42,799 [fc70cd66-7abc-4864-8afd-7dbfaf00bb56@group-B1F8669B9121-LeaderElection19] INFO  impl.LeaderElection (LeaderElection.java:askForVotes(306)) - fc70cd66-7abc-4864-8afd-7dbfaf00bb56@group-B1F8669B9121-LeaderElection19 ELECTION round 0: submit vote requests at term 1 for -1: [fc70cd66-7abc-4864-8afd-7dbfaf00bb56|rpc:10.1.0.22:46709|priority:1], old=null
2022-02-10 16:29:42,799 [fc70cd66-7abc-4864-8afd-7dbfaf00bb56@group-B1F8669B9121-LeaderElection19] INFO  impl.LeaderElection (LeaderElection.java:askForVotes(308)) - fc70cd66-7abc-4864-8afd-7dbfaf00bb56@group-B1F8669B9121-LeaderElection19 ELECTION round 0: result PASSED (term=1)
2022-02-10 16:29:42,799 [fc70cd66-7abc-4864-8afd-7dbfaf00bb56@group-B1F8669B9121-LeaderElection19] INFO  impl.RoleInfo (RoleInfo.java:shutdownLeaderElection(121)) - fc70cd66-7abc-4864-8afd-7dbfaf00bb56: shutdown fc70cd66-7abc-4864-8afd-7dbfaf00bb56@group-B1F8669B9121-LeaderElection19
2022-02-10 16:29:42,799 [fc70cd66-7abc-4864-8afd-7dbfaf00bb56@group-B1F8669B9121-LeaderElection19] INFO  server.RaftServer$Division (RaftServerImpl.java:setRole(290)) - fc70cd66-7abc-4864-8afd-7dbfaf00bb56@group-B1F8669B9121: changes role from CANDIDATE to LEADER at term 1 for changeToLeader
2022-02-10 16:29:42,799 [fc70cd66-7abc-4864-8afd-7dbfaf00bb56@group-B1F8669B9121-LeaderElection19] INFO  ratis.XceiverServerRatis (XceiverServerRatis.java:handleLeaderChangedNotification(866)) - Leader change notification received for group: group-B1F8669B9121 with new leaderId: fc70cd66-7abc-4864-8afd-7dbfaf00bb56
2022-02-10 16:29:42,799 [fc70cd66-7abc-4864-8afd-7dbfaf00bb56@group-B1F8669B9121-LeaderElection19] INFO  server.RaftServer$Division (ServerState.java:setLeader(285)) - fc70cd66-7abc-4864-8afd-7dbfaf00bb56@group-B1F8669B9121: change Leader from null to fc70cd66-7abc-4864-8afd-7dbfaf00bb56 at term 1 for becomeLeader, leader elected after 5100ms
2022-02-10 16:29:42,799 [fc70cd66-7abc-4864-8afd-7dbfaf00bb56@group-B1F8669B9121-LeaderElection19] INFO  server.RaftServerConfigKeys (ConfUtils.java:logGet(44)) - raft.server.staging.catchup.gap = 1000 (default)
2022-02-10 16:29:42,799 [fc70cd66-7abc-4864-8afd-7dbfaf00bb56@group-B1F8669B9121-LeaderElection19] INFO  server.RaftServerConfigKeys (ConfUtils.java:logGet(44)) - raft.server.write.element-limit = 1024 (custom)
2022-02-10 16:29:42,799 [fc70cd66-7abc-4864-8afd-7dbfaf00bb56@group-B1F8669B9121-LeaderElection19] INFO  server.RaftServerConfigKeys (ConfUtils.java:logGet(44)) - raft.server.write.byte-limit = 1024 M (=1073741824) (custom)
2022-02-10 16:29:42,800 [fc70cd66-7abc-4864-8afd-7dbfaf00bb56@group-B1F8669B9121-LeaderElection19] INFO  server.RaftServerConfigKeys (ConfUtils.java:logGet(44)) - raft.server.watch.timeout = 180s (custom)
2022-02-10 16:29:42,800 [fc70cd66-7abc-4864-8afd-7dbfaf00bb56@group-B1F8669B9121-LeaderElection19] INFO  server.RaftServerConfigKeys (ConfUtils.java:logGet(44)) - raft.server.watch.timeout.denomination = 1s (default)
2022-02-10 16:29:42,800 [fc70cd66-7abc-4864-8afd-7dbfaf00bb56@group-B1F8669B9121-LeaderElection19] INFO  server.RaftServerConfigKeys (ConfUtils.java:logGet(44)) - raft.server.watch.element-limit = 65536 (default)
2022-02-10 16:29:42,800 [fc70cd66-7abc-4864-8afd-7dbfaf00bb56@group-B1F8669B9121-LeaderElection19] INFO  server.RaftServerConfigKeys (ConfUtils.java:logGet(44)) - raft.server.write.element-limit = 1024 (custom)
2022-02-10 16:29:42,800 [fc70cd66-7abc-4864-8afd-7dbfaf00bb56@group-B1F8669B9121-LeaderElection19] INFO  server.RaftServerConfigKeys (ConfUtils.java:logGet(44)) - raft.server.write.follower.gap.ratio.max = -1.0 (default)
2022-02-10 16:29:42,800 [fc70cd66-7abc-4864-8afd-7dbfaf00bb56@group-B1F8669B9121-LeaderElection19] INFO  impl.RoleInfo (RoleInfo.java:updateAndGet(130)) - fc70cd66-7abc-4864-8afd-7dbfaf00bb56: start fc70cd66-7abc-4864-8afd-7dbfaf00bb56@group-B1F8669B9121-LeaderStateImpl
2022-02-10 16:29:42,801 [fc70cd66-7abc-4864-8afd-7dbfaf00bb56@group-B1F8669B9121-LeaderElection19] INFO  segmented.SegmentedRaftLogWorker (SegmentedRaftLogWorker.java:startLogSegment(394)) - fc70cd66-7abc-4864-8afd-7dbfaf00bb56@group-B1F8669B9121-SegmentedRaftLogWorker: Starting segment from index:0
2022-02-10 16:29:42,802 [EventQueue-OpenPipelineForHealthyPipelineSafeModeRule] INFO  safemode.SCMSafeModeManager (HealthyPipelineSafeModeRule.java:process(124)) - SCM in safe mode. Healthy pipelines reported count is 0, required healthy pipeline reported count is 1
2022-02-10 16:29:42,807 [fc70cd66-7abc-4864-8afd-7dbfaf00bb56@group-B1F8669B9121-SegmentedRaftLogWorker] INFO  segmented.SegmentedRaftLogWorker (SegmentedRaftLogWorker.java:execute(601)) - fc70cd66-7abc-4864-8afd-7dbfaf00bb56@group-B1F8669B9121-SegmentedRaftLogWorker: created new log segment /home/runner/work/ozone/ozone/hadoop-ozone/integration-test/target/test-dir/MiniOzoneClusterImpl-193d67db-d922-404e-9a90-1d0db3b45fdc/datanode-0/data/ratis/9e623b44-9776-49b4-ad47-b1f8669b9121/current/log_inprogress_0
2022-02-10 16:29:42,815 [fc70cd66-7abc-4864-8afd-7dbfaf00bb56@group-B1F8669B9121-LeaderElection19] INFO  server.RaftServer$Division (ServerState.java:setRaftConf(387)) - fc70cd66-7abc-4864-8afd-7dbfaf00bb56@group-B1F8669B9121: set configuration 0: [fc70cd66-7abc-4864-8afd-7dbfaf00bb56|rpc:10.1.0.22:46709|dataStream:|priority:1], old=null
2022-02-10 16:29:42,944 [fc70cd66-7abc-4864-8afd-7dbfaf00bb56@group-C39131684D0F-FollowerState] INFO  impl.FollowerState (FollowerState.java:run(134)) - fc70cd66-7abc-4864-8afd-7dbfaf00bb56@group-C39131684D0F-FollowerState: change to CANDIDATE, lastRpcElapsedTime:5179780608ns, electionTimeout:5169ms
2022-02-10 16:29:42,944 [fc70cd66-7abc-4864-8afd-7dbfaf00bb56@group-C39131684D0F-FollowerState] INFO  impl.RoleInfo (RoleInfo.java:shutdownFollowerState(108)) - fc70cd66-7abc-4864-8afd-7dbfaf00bb56: shutdown fc70cd66-7abc-4864-8afd-7dbfaf00bb56@group-C39131684D0F-FollowerState
2022-02-10 16:29:42,944 [fc70cd66-7abc-4864-8afd-7dbfaf00bb56@group-C39131684D0F-FollowerState] INFO  server.RaftServer$Division (RaftServerImpl.java:setRole(290)) - fc70cd66-7abc-4864-8afd-7dbfaf00bb56@group-C39131684D0F: changes role from  FOLLOWER to CANDIDATE at term 0 for changeToCandidate
2022-02-10 16:29:42,944 [fc70cd66-7abc-4864-8afd-7dbfaf00bb56@group-C39131684D0F-FollowerState] INFO  server.RaftServerConfigKeys (ConfUtils.java:logGet(44)) - raft.server.leaderelection.pre-vote = false (custom)
2022-02-10 16:29:42,944 [fc70cd66-7abc-4864-8afd-7dbfaf00bb56@group-C39131684D0F-FollowerState] INFO  impl.RoleInfo (RoleInfo.java:updateAndGet(130)) - fc70cd66-7abc-4864-8afd-7dbfaf00bb56: start fc70cd66-7abc-4864-8afd-7dbfaf00bb56@group-C39131684D0F-LeaderElection20
2022-02-10 16:29:42,965 [fc70cd66-7abc-4864-8afd-7dbfaf00bb56@group-C39131684D0F-LeaderElection20] INFO  impl.LeaderElection (LeaderElection.java:askForVotes(306)) - fc70cd66-7abc-4864-8afd-7dbfaf00bb56@group-C39131684D0F-LeaderElection20 ELECTION round 0: submit vote requests at term 1 for -1: [a7a4031e-e512-44c4-8d8e-0806c768c5a8|rpc:10.1.0.22:36777|priority:1, fc70cd66-7abc-4864-8afd-7dbfaf00bb56|rpc:10.1.0.22:46709|priority:0, 4d6136e5-74cd-4f55-94f0-c0ea6e146a4a|rpc:10.1.0.22:37065|priority:0], old=null
2022-02-10 16:29:43,002 [grpc-default-executor-3] INFO  server.RaftServer$Division (RaftServerImpl.java:requestVote(1046)) - 4d6136e5-74cd-4f55-94f0-c0ea6e146a4a@group-C39131684D0F: receive requestVote(ELECTION, fc70cd66-7abc-4864-8afd-7dbfaf00bb56, group-C39131684D0F, 1, (t:0, i:0))
2022-02-10 16:29:43,002 [grpc-default-executor-3] INFO  impl.VoteContext (VoteContext.java:log(48)) - 4d6136e5-74cd-4f55-94f0-c0ea6e146a4a@group-C39131684D0F-FOLLOWER: accept ELECTION from fc70cd66-7abc-4864-8afd-7dbfaf00bb56: our priority 0 <= candidate's priority 0
2022-02-10 16:29:43,002 [grpc-default-executor-3] INFO  server.RaftServer$Division (RaftServerImpl.java:setRole(290)) - 4d6136e5-74cd-4f55-94f0-c0ea6e146a4a@group-C39131684D0F: changes role from  FOLLOWER to FOLLOWER at term 1 for candidate:fc70cd66-7abc-4864-8afd-7dbfaf00bb56
2022-02-10 16:29:43,002 [grpc-default-executor-3] INFO  impl.RoleInfo (RoleInfo.java:shutdownFollowerState(108)) - 4d6136e5-74cd-4f55-94f0-c0ea6e146a4a: shutdown 4d6136e5-74cd-4f55-94f0-c0ea6e146a4a@group-C39131684D0F-FollowerState
2022-02-10 16:29:43,002 [grpc-default-executor-3] INFO  impl.RoleInfo (RoleInfo.java:updateAndGet(130)) - 4d6136e5-74cd-4f55-94f0-c0ea6e146a4a: start 4d6136e5-74cd-4f55-94f0-c0ea6e146a4a@group-C39131684D0F-FollowerState
2022-02-10 16:29:43,002 [4d6136e5-74cd-4f55-94f0-c0ea6e146a4a@group-C39131684D0F-FollowerState] INFO  impl.FollowerState (FollowerState.java:run(143)) - 4d6136e5-74cd-4f55-94f0-c0ea6e146a4a@group-C39131684D0F-FollowerState was interrupted: {}
java.lang.InterruptedException: sleep interrupted
	at java.lang.Thread.sleep(Native Method)
	at java.lang.Thread.sleep(Thread.java:340)
	at java.util.concurrent.TimeUnit.sleep(TimeUnit.java:386)
	at org.apache.ratis.util.TimeDuration.sleep(TimeDuration.java:324)
	at org.apache.ratis.util.TimeDuration.sleep(TimeDuration.java:309)
	at org.apache.ratis.server.impl.FollowerState.run(FollowerState.java:118)
2022-02-10 16:29:43,027 [grpc-default-executor-2] INFO  server.RaftServer$Division (RaftServerImpl.java:requestVote(1046)) - a7a4031e-e512-44c4-8d8e-0806c768c5a8@group-C39131684D0F: receive requestVote(ELECTION, fc70cd66-7abc-4864-8afd-7dbfaf00bb56, group-C39131684D0F, 1, (t:0, i:0))
2022-02-10 16:29:43,028 [grpc-default-executor-2] INFO  impl.VoteContext (VoteContext.java:log(48)) - a7a4031e-e512-44c4-8d8e-0806c768c5a8@group-C39131684D0F-FOLLOWER: reject ELECTION from fc70cd66-7abc-4864-8afd-7dbfaf00bb56: our priority 1 > candidate's priority 0
2022-02-10 16:29:43,028 [grpc-default-executor-2] INFO  server.RaftServer$Division (RaftServerImpl.java:setRole(290)) - a7a4031e-e512-44c4-8d8e-0806c768c5a8@group-C39131684D0F: changes role from  FOLLOWER to FOLLOWER at term 1 for candidate:fc70cd66-7abc-4864-8afd-7dbfaf00bb56
2022-02-10 16:29:43,028 [grpc-default-executor-2] INFO  impl.RoleInfo (RoleInfo.java:shutdownFollowerState(108)) - a7a4031e-e512-44c4-8d8e-0806c768c5a8: shutdown a7a4031e-e512-44c4-8d8e-0806c768c5a8@group-C39131684D0F-FollowerState
2022-02-10 16:29:43,028 [grpc-default-executor-2] INFO  impl.RoleInfo (RoleInfo.java:updateAndGet(130)) - a7a4031e-e512-44c4-8d8e-0806c768c5a8: start a7a4031e-e512-44c4-8d8e-0806c768c5a8@group-C39131684D0F-FollowerState
2022-02-10 16:29:43,028 [a7a4031e-e512-44c4-8d8e-0806c768c5a8@group-C39131684D0F-FollowerState] INFO  impl.FollowerState (FollowerState.java:run(143)) - a7a4031e-e512-44c4-8d8e-0806c768c5a8@group-C39131684D0F-FollowerState was interrupted: {}
java.lang.InterruptedException: sleep interrupted
	at java.lang.Thread.sleep(Native Method)
	at java.lang.Thread.sleep(Thread.java:340)
	at java.util.concurrent.TimeUnit.sleep(TimeUnit.java:386)
	at org.apache.ratis.util.TimeDuration.sleep(TimeDuration.java:324)
	at org.apache.ratis.util.TimeDuration.sleep(TimeDuration.java:309)
	at org.apache.ratis.server.impl.FollowerState.run(FollowerState.java:118)
2022-02-10 16:29:43,031 [grpc-default-executor-2] INFO  server.RaftServer$Division (RaftServerImpl.java:requestVote(1078)) - a7a4031e-e512-44c4-8d8e-0806c768c5a8@group-C39131684D0F replies to ELECTION vote request: fc70cd66-7abc-4864-8afd-7dbfaf00bb56<-a7a4031e-e512-44c4-8d8e-0806c768c5a8#0:FAIL-t1. Peer's state: a7a4031e-e512-44c4-8d8e-0806c768c5a8@group-C39131684D0F:t1, leader=null, voted=null, raftlog=a7a4031e-e512-44c4-8d8e-0806c768c5a8@group-C39131684D0F-SegmentedRaftLog:OPENED:c-1, conf=-1: [a7a4031e-e512-44c4-8d8e-0806c768c5a8|rpc:10.1.0.22:36777|dataStream:|priority:1, fc70cd66-7abc-4864-8afd-7dbfaf00bb56|rpc:10.1.0.22:46709|dataStream:|priority:0, 4d6136e5-74cd-4f55-94f0-c0ea6e146a4a|rpc:10.1.0.22:37065|dataStream:|priority:0], old=null
2022-02-10 16:29:43,031 [grpc-default-executor-3] INFO  server.RaftServer$Division (RaftServerImpl.java:requestVote(1078)) - 4d6136e5-74cd-4f55-94f0-c0ea6e146a4a@group-C39131684D0F replies to ELECTION vote request: fc70cd66-7abc-4864-8afd-7dbfaf00bb56<-4d6136e5-74cd-4f55-94f0-c0ea6e146a4a#0:OK-t1. Peer's state: 4d6136e5-74cd-4f55-94f0-c0ea6e146a4a@group-C39131684D0F:t1, leader=null, voted=fc70cd66-7abc-4864-8afd-7dbfaf00bb56, raftlog=4d6136e5-74cd-4f55-94f0-c0ea6e146a4a@group-C39131684D0F-SegmentedRaftLog:OPENED:c-1, conf=-1: [a7a4031e-e512-44c4-8d8e-0806c768c5a8|rpc:10.1.0.22:36777|dataStream:|priority:1, fc70cd66-7abc-4864-8afd-7dbfaf00bb56|rpc:10.1.0.22:46709|dataStream:|priority:0, 4d6136e5-74cd-4f55-94f0-c0ea6e146a4a|rpc:10.1.0.22:37065|dataStream:|priority:0], old=null
2022-02-10 16:29:43,044 [fc70cd66-7abc-4864-8afd-7dbfaf00bb56@group-C39131684D0F-LeaderElection20] INFO  impl.LeaderElection (LeaderElection.java:logAndReturn(89)) - fc70cd66-7abc-4864-8afd-7dbfaf00bb56@group-C39131684D0F-LeaderElection20: ELECTION REJECTED received 1 response(s) and 0 exception(s):
2022-02-10 16:29:43,063 [fc70cd66-7abc-4864-8afd-7dbfaf00bb56@group-C39131684D0F-LeaderElection20] INFO  impl.LeaderElection (LeaderElection.java:logAndReturn(93)) -   Response 0: fc70cd66-7abc-4864-8afd-7dbfaf00bb56<-a7a4031e-e512-44c4-8d8e-0806c768c5a8#0:FAIL-t1
2022-02-10 16:29:43,063 [fc70cd66-7abc-4864-8afd-7dbfaf00bb56@group-C39131684D0F-LeaderElection20] INFO  impl.LeaderElection (LeaderElection.java:askForVotes(308)) - fc70cd66-7abc-4864-8afd-7dbfaf00bb56@group-C39131684D0F-LeaderElection20 ELECTION round 0: result REJECTED
2022-02-10 16:29:43,064 [fc70cd66-7abc-4864-8afd-7dbfaf00bb56@group-C39131684D0F-LeaderElection20] INFO  server.RaftServer$Division (RaftServerImpl.java:setRole(290)) - fc70cd66-7abc-4864-8afd-7dbfaf00bb56@group-C39131684D0F: changes role from CANDIDATE to FOLLOWER at term 1 for REJECTED
2022-02-10 16:29:43,064 [fc70cd66-7abc-4864-8afd-7dbfaf00bb56@group-C39131684D0F-LeaderElection20] INFO  impl.RoleInfo (RoleInfo.java:shutdownLeaderElection(121)) - fc70cd66-7abc-4864-8afd-7dbfaf00bb56: shutdown fc70cd66-7abc-4864-8afd-7dbfaf00bb56@group-C39131684D0F-LeaderElection20
2022-02-10 16:29:43,064 [fc70cd66-7abc-4864-8afd-7dbfaf00bb56@group-C39131684D0F-LeaderElection20] INFO  impl.RoleInfo (RoleInfo.java:updateAndGet(130)) - fc70cd66-7abc-4864-8afd-7dbfaf00bb56: start fc70cd66-7abc-4864-8afd-7dbfaf00bb56@group-C39131684D0F-FollowerState
2022-02-10 16:29:43,283 [a7a4031e-e512-44c4-8d8e-0806c768c5a8@group-C9D1F35C4EAC-FollowerState] INFO  impl.FollowerState (FollowerState.java:run(134)) - a7a4031e-e512-44c4-8d8e-0806c768c5a8@group-C9D1F35C4EAC-FollowerState: change to CANDIDATE, lastRpcElapsedTime:5045034451ns, electionTimeout:5034ms
2022-02-10 16:29:43,284 [a7a4031e-e512-44c4-8d8e-0806c768c5a8@group-C9D1F35C4EAC-FollowerState] INFO  impl.RoleInfo (RoleInfo.java:shutdownFollowerState(108)) - a7a4031e-e512-44c4-8d8e-0806c768c5a8: shutdown a7a4031e-e512-44c4-8d8e-0806c768c5a8@group-C9D1F35C4EAC-FollowerState
2022-02-10 16:29:43,284 [a7a4031e-e512-44c4-8d8e-0806c768c5a8@group-C9D1F35C4EAC-FollowerState] INFO  server.RaftServer$Division (RaftServerImpl.java:setRole(290)) - a7a4031e-e512-44c4-8d8e-0806c768c5a8@group-C9D1F35C4EAC: changes role from  FOLLOWER to CANDIDATE at term 0 for changeToCandidate
2022-02-10 16:29:43,284 [a7a4031e-e512-44c4-8d8e-0806c768c5a8@group-C9D1F35C4EAC-FollowerState] INFO  server.RaftServerConfigKeys (ConfUtils.java:logGet(44)) - raft.server.leaderelection.pre-vote = false (custom)
2022-02-10 16:29:43,285 [a7a4031e-e512-44c4-8d8e-0806c768c5a8@group-C9D1F35C4EAC-FollowerState] INFO  impl.RoleInfo (RoleInfo.java:updateAndGet(130)) - a7a4031e-e512-44c4-8d8e-0806c768c5a8: start a7a4031e-e512-44c4-8d8e-0806c768c5a8@group-C9D1F35C4EAC-LeaderElection21
2022-02-10 16:29:43,305 [a7a4031e-e512-44c4-8d8e-0806c768c5a8@group-C9D1F35C4EAC-LeaderElection21] INFO  impl.LeaderElection (LeaderElection.java:askForVotes(306)) - a7a4031e-e512-44c4-8d8e-0806c768c5a8@group-C9D1F35C4EAC-LeaderElection21 ELECTION round 0: submit vote requests at term 1 for -1: [a7a4031e-e512-44c4-8d8e-0806c768c5a8|rpc:10.1.0.22:36777|priority:1], old=null
2022-02-10 16:29:43,305 [a7a4031e-e512-44c4-8d8e-0806c768c5a8@group-C9D1F35C4EAC-LeaderElection21] INFO  impl.LeaderElection (LeaderElection.java:askForVotes(308)) - a7a4031e-e512-44c4-8d8e-0806c768c5a8@group-C9D1F35C4EAC-LeaderElection21 ELECTION round 0: result PASSED (term=1)
2022-02-10 16:29:43,305 [a7a4031e-e512-44c4-8d8e-0806c768c5a8@group-C9D1F35C4EAC-LeaderElection21] INFO  impl.RoleInfo (RoleInfo.java:shutdownLeaderElection(121)) - a7a4031e-e512-44c4-8d8e-0806c768c5a8: shutdown a7a4031e-e512-44c4-8d8e-0806c768c5a8@group-C9D1F35C4EAC-LeaderElection21
2022-02-10 16:29:43,305 [a7a4031e-e512-44c4-8d8e-0806c768c5a8@group-C9D1F35C4EAC-LeaderElection21] INFO  server.RaftServer$Division (RaftServerImpl.java:setRole(290)) - a7a4031e-e512-44c4-8d8e-0806c768c5a8@group-C9D1F35C4EAC: changes role from CANDIDATE to LEADER at term 1 for changeToLeader
2022-02-10 16:29:43,305 [a7a4031e-e512-44c4-8d8e-0806c768c5a8@group-C9D1F35C4EAC-LeaderElection21] INFO  ratis.XceiverServerRatis (XceiverServerRatis.java:handleLeaderChangedNotification(866)) - Leader change notification received for group: group-C9D1F35C4EAC with new leaderId: a7a4031e-e512-44c4-8d8e-0806c768c5a8
2022-02-10 16:29:43,307 [a7a4031e-e512-44c4-8d8e-0806c768c5a8@group-C9D1F35C4EAC-LeaderElection21] INFO  server.RaftServer$Division (ServerState.java:setLeader(285)) - a7a4031e-e512-44c4-8d8e-0806c768c5a8@group-C9D1F35C4EAC: change Leader from null to a7a4031e-e512-44c4-8d8e-0806c768c5a8 at term 1 for becomeLeader, leader elected after 5092ms
2022-02-10 16:29:43,307 [a7a4031e-e512-44c4-8d8e-0806c768c5a8@group-C9D1F35C4EAC-LeaderElection21] INFO  server.RaftServerConfigKeys (ConfUtils.java:logGet(44)) - raft.server.staging.catchup.gap = 1000 (default)
2022-02-10 16:29:43,307 [a7a4031e-e512-44c4-8d8e-0806c768c5a8@group-C9D1F35C4EAC-LeaderElection21] INFO  server.RaftServerConfigKeys (ConfUtils.java:logGet(44)) - raft.server.write.element-limit = 1024 (custom)
2022-02-10 16:29:43,307 [a7a4031e-e512-44c4-8d8e-0806c768c5a8@group-C9D1F35C4EAC-LeaderElection21] INFO  server.RaftServerConfigKeys (ConfUtils.java:logGet(44)) - raft.server.write.byte-limit = 1024 M (=1073741824) (custom)
2022-02-10 16:29:43,308 [a7a4031e-e512-44c4-8d8e-0806c768c5a8@group-C9D1F35C4EAC-LeaderElection21] INFO  server.RaftServerConfigKeys (ConfUtils.java:logGet(44)) - raft.server.watch.timeout = 180s (custom)
2022-02-10 16:29:43,308 [a7a4031e-e512-44c4-8d8e-0806c768c5a8@group-C9D1F35C4EAC-LeaderElection21] INFO  server.RaftServerConfigKeys (ConfUtils.java:logGet(44)) - raft.server.watch.timeout.denomination = 1s (default)
2022-02-10 16:29:43,308 [a7a4031e-e512-44c4-8d8e-0806c768c5a8@group-C9D1F35C4EAC-LeaderElection21] INFO  server.RaftServerConfigKeys (ConfUtils.java:logGet(44)) - raft.server.watch.element-limit = 65536 (default)
2022-02-10 16:29:43,308 [a7a4031e-e512-44c4-8d8e-0806c768c5a8@group-C9D1F35C4EAC-LeaderElection21] INFO  server.RaftServerConfigKeys (ConfUtils.java:logGet(44)) - raft.server.write.element-limit = 1024 (custom)
2022-02-10 16:29:43,308 [a7a4031e-e512-44c4-8d8e-0806c768c5a8@group-C9D1F35C4EAC-LeaderElection21] INFO  server.RaftServerConfigKeys (ConfUtils.java:logGet(44)) - raft.server.write.follower.gap.ratio.max = -1.0 (default)
2022-02-10 16:29:43,308 [EventQueue-OpenPipelineForHealthyPipelineSafeModeRule] INFO  safemode.SCMSafeModeManager (HealthyPipelineSafeModeRule.java:process(124)) - SCM in safe mode. Healthy pipelines reported count is 0, required healthy pipeline reported count is 1
2022-02-10 16:29:43,309 [a7a4031e-e512-44c4-8d8e-0806c768c5a8@group-C9D1F35C4EAC-LeaderElection21] INFO  impl.RoleInfo (RoleInfo.java:updateAndGet(130)) - a7a4031e-e512-44c4-8d8e-0806c768c5a8: start a7a4031e-e512-44c4-8d8e-0806c768c5a8@group-C9D1F35C4EAC-LeaderStateImpl
2022-02-10 16:29:43,309 [a7a4031e-e512-44c4-8d8e-0806c768c5a8@group-C9D1F35C4EAC-LeaderElection21] INFO  segmented.SegmentedRaftLogWorker (SegmentedRaftLogWorker.java:startLogSegment(394)) - a7a4031e-e512-44c4-8d8e-0806c768c5a8@group-C9D1F35C4EAC-SegmentedRaftLogWorker: Starting segment from index:0
2022-02-10 16:29:43,310 [a7a4031e-e512-44c4-8d8e-0806c768c5a8@group-C9D1F35C4EAC-SegmentedRaftLogWorker] INFO  segmented.SegmentedRaftLogWorker (SegmentedRaftLogWorker.java:execute(601)) - a7a4031e-e512-44c4-8d8e-0806c768c5a8@group-C9D1F35C4EAC-SegmentedRaftLogWorker: created new log segment /home/runner/work/ozone/ozone/hadoop-ozone/integration-test/target/test-dir/MiniOzoneClusterImpl-193d67db-d922-404e-9a90-1d0db3b45fdc/datanode-1/data/ratis/7c3c9c1a-b740-4977-a27b-c9d1f35c4eac/current/log_inprogress_0
2022-02-10 16:29:43,331 [a7a4031e-e512-44c4-8d8e-0806c768c5a8@group-C9D1F35C4EAC-LeaderElection21] INFO  server.RaftServer$Division (ServerState.java:setRaftConf(387)) - a7a4031e-e512-44c4-8d8e-0806c768c5a8@group-C9D1F35C4EAC: set configuration 0: [a7a4031e-e512-44c4-8d8e-0806c768c5a8|rpc:10.1.0.22:36777|dataStream:|priority:1], old=null
2022-02-10 16:29:43,690 [Listener at 127.0.0.1/38003] INFO  ozone.MiniOzoneClusterImpl (MiniOzoneClusterImpl.java:lambda$waitForClusterToBeReady$0(219)) - Nodes are ready. Got 3 of 3 DN Heartbeats.
2022-02-10 16:29:43,690 [Listener at 127.0.0.1/38003] INFO  ozone.MiniOzoneClusterImpl (MiniOzoneClusterImpl.java:lambda$waitForClusterToBeReady$0(222)) - Waiting for cluster to exit safe mode
2022-02-10 16:29:43,690 [Listener at 127.0.0.1/38003] INFO  ozone.MiniOzoneClusterImpl (MiniOzoneClusterImpl.java:lambda$waitForClusterToBeReady$0(224)) - SCM became leader
2022-02-10 16:29:43,935 [4d6136e5-74cd-4f55-94f0-c0ea6e146a4a@group-284D998405A3-FollowerState] INFO  impl.FollowerState (FollowerState.java:run(134)) - 4d6136e5-74cd-4f55-94f0-c0ea6e146a4a@group-284D998405A3-FollowerState: change to CANDIDATE, lastRpcElapsedTime:5194449060ns, electionTimeout:5176ms
2022-02-10 16:29:43,936 [4d6136e5-74cd-4f55-94f0-c0ea6e146a4a@group-284D998405A3-FollowerState] INFO  impl.RoleInfo (RoleInfo.java:shutdownFollowerState(108)) - 4d6136e5-74cd-4f55-94f0-c0ea6e146a4a: shutdown 4d6136e5-74cd-4f55-94f0-c0ea6e146a4a@group-284D998405A3-FollowerState
2022-02-10 16:29:43,936 [4d6136e5-74cd-4f55-94f0-c0ea6e146a4a@group-284D998405A3-FollowerState] INFO  server.RaftServer$Division (RaftServerImpl.java:setRole(290)) - 4d6136e5-74cd-4f55-94f0-c0ea6e146a4a@group-284D998405A3: changes role from  FOLLOWER to CANDIDATE at term 0 for changeToCandidate
2022-02-10 16:29:43,936 [4d6136e5-74cd-4f55-94f0-c0ea6e146a4a@group-284D998405A3-FollowerState] INFO  server.RaftServerConfigKeys (ConfUtils.java:logGet(44)) - raft.server.leaderelection.pre-vote = false (custom)
2022-02-10 16:29:43,936 [4d6136e5-74cd-4f55-94f0-c0ea6e146a4a@group-284D998405A3-FollowerState] INFO  impl.RoleInfo (RoleInfo.java:updateAndGet(130)) - 4d6136e5-74cd-4f55-94f0-c0ea6e146a4a: start 4d6136e5-74cd-4f55-94f0-c0ea6e146a4a@group-284D998405A3-LeaderElection22
2022-02-10 16:29:43,953 [4d6136e5-74cd-4f55-94f0-c0ea6e146a4a@group-284D998405A3-LeaderElection22] INFO  impl.LeaderElection (LeaderElection.java:askForVotes(306)) - 4d6136e5-74cd-4f55-94f0-c0ea6e146a4a@group-284D998405A3-LeaderElection22 ELECTION round 0: submit vote requests at term 1 for -1: [4d6136e5-74cd-4f55-94f0-c0ea6e146a4a|rpc:10.1.0.22:37065|priority:1], old=null
2022-02-10 16:29:43,953 [4d6136e5-74cd-4f55-94f0-c0ea6e146a4a@group-284D998405A3-LeaderElection22] INFO  impl.LeaderElection (LeaderElection.java:askForVotes(308)) - 4d6136e5-74cd-4f55-94f0-c0ea6e146a4a@group-284D998405A3-LeaderElection22 ELECTION round 0: result PASSED (term=1)
2022-02-10 16:29:43,953 [4d6136e5-74cd-4f55-94f0-c0ea6e146a4a@group-284D998405A3-LeaderElection22] INFO  impl.RoleInfo (RoleInfo.java:shutdownLeaderElection(121)) - 4d6136e5-74cd-4f55-94f0-c0ea6e146a4a: shutdown 4d6136e5-74cd-4f55-94f0-c0ea6e146a4a@group-284D998405A3-LeaderElection22
2022-02-10 16:29:43,954 [4d6136e5-74cd-4f55-94f0-c0ea6e146a4a@group-284D998405A3-LeaderElection22] INFO  server.RaftServer$Division (RaftServerImpl.java:setRole(290)) - 4d6136e5-74cd-4f55-94f0-c0ea6e146a4a@group-284D998405A3: changes role from CANDIDATE to LEADER at term 1 for changeToLeader
2022-02-10 16:29:43,954 [4d6136e5-74cd-4f55-94f0-c0ea6e146a4a@group-284D998405A3-LeaderElection22] INFO  ratis.XceiverServerRatis (XceiverServerRatis.java:handleLeaderChangedNotification(866)) - Leader change notification received for group: group-284D998405A3 with new leaderId: 4d6136e5-74cd-4f55-94f0-c0ea6e146a4a
2022-02-10 16:29:43,954 [4d6136e5-74cd-4f55-94f0-c0ea6e146a4a@group-284D998405A3-LeaderElection22] INFO  server.RaftServer$Division (ServerState.java:setLeader(285)) - 4d6136e5-74cd-4f55-94f0-c0ea6e146a4a@group-284D998405A3: change Leader from null to 4d6136e5-74cd-4f55-94f0-c0ea6e146a4a at term 1 for becomeLeader, leader elected after 5242ms
2022-02-10 16:29:43,954 [4d6136e5-74cd-4f55-94f0-c0ea6e146a4a@group-284D998405A3-LeaderElection22] INFO  server.RaftServerConfigKeys (ConfUtils.java:logGet(44)) - raft.server.staging.catchup.gap = 1000 (default)
2022-02-10 16:29:43,956 [4d6136e5-74cd-4f55-94f0-c0ea6e146a4a@group-284D998405A3-LeaderElection22] INFO  server.RaftServerConfigKeys (ConfUtils.java:logGet(44)) - raft.server.write.element-limit = 1024 (custom)
2022-02-10 16:29:43,956 [4d6136e5-74cd-4f55-94f0-c0ea6e146a4a@group-284D998405A3-LeaderElection22] INFO  server.RaftServerConfigKeys (ConfUtils.java:logGet(44)) - raft.server.write.byte-limit = 1024 M (=1073741824) (custom)
2022-02-10 16:29:43,956 [4d6136e5-74cd-4f55-94f0-c0ea6e146a4a@group-284D998405A3-LeaderElection22] INFO  server.RaftServerConfigKeys (ConfUtils.java:logGet(44)) - raft.server.watch.timeout = 180s (custom)
2022-02-10 16:29:43,957 [4d6136e5-74cd-4f55-94f0-c0ea6e146a4a@group-284D998405A3-LeaderElection22] INFO  server.RaftServerConfigKeys (ConfUtils.java:logGet(44)) - raft.server.watch.timeout.denomination = 1s (default)
2022-02-10 16:29:43,957 [4d6136e5-74cd-4f55-94f0-c0ea6e146a4a@group-284D998405A3-LeaderElection22] INFO  server.RaftServerConfigKeys (ConfUtils.java:logGet(44)) - raft.server.watch.element-limit = 65536 (default)
2022-02-10 16:29:43,957 [4d6136e5-74cd-4f55-94f0-c0ea6e146a4a@group-284D998405A3-LeaderElection22] INFO  server.RaftServerConfigKeys (ConfUtils.java:logGet(44)) - raft.server.write.element-limit = 1024 (custom)
2022-02-10 16:29:43,957 [4d6136e5-74cd-4f55-94f0-c0ea6e146a4a@group-284D998405A3-LeaderElection22] INFO  server.RaftServerConfigKeys (ConfUtils.java:logGet(44)) - raft.server.write.follower.gap.ratio.max = -1.0 (default)
2022-02-10 16:29:43,957 [4d6136e5-74cd-4f55-94f0-c0ea6e146a4a@group-284D998405A3-LeaderElection22] INFO  impl.RoleInfo (RoleInfo.java:updateAndGet(130)) - 4d6136e5-74cd-4f55-94f0-c0ea6e146a4a: start 4d6136e5-74cd-4f55-94f0-c0ea6e146a4a@group-284D998405A3-LeaderStateImpl
2022-02-10 16:29:43,957 [4d6136e5-74cd-4f55-94f0-c0ea6e146a4a@group-284D998405A3-LeaderElection22] INFO  segmented.SegmentedRaftLogWorker (SegmentedRaftLogWorker.java:startLogSegment(394)) - 4d6136e5-74cd-4f55-94f0-c0ea6e146a4a@group-284D998405A3-SegmentedRaftLogWorker: Starting segment from index:0
2022-02-10 16:29:43,959 [EventQueue-OpenPipelineForHealthyPipelineSafeModeRule] INFO  safemode.SCMSafeModeManager (HealthyPipelineSafeModeRule.java:process(124)) - SCM in safe mode. Healthy pipelines reported count is 0, required healthy pipeline reported count is 1
2022-02-10 16:29:43,960 [4d6136e5-74cd-4f55-94f0-c0ea6e146a4a@group-284D998405A3-SegmentedRaftLogWorker] INFO  segmented.SegmentedRaftLogWorker (SegmentedRaftLogWorker.java:execute(601)) - 4d6136e5-74cd-4f55-94f0-c0ea6e146a4a@group-284D998405A3-SegmentedRaftLogWorker: created new log segment /home/runner/work/ozone/ozone/hadoop-ozone/integration-test/target/test-dir/MiniOzoneClusterImpl-193d67db-d922-404e-9a90-1d0db3b45fdc/datanode-2/data/ratis/76930ac7-3147-44c0-97c2-284d998405a3/current/log_inprogress_0
2022-02-10 16:29:43,980 [4d6136e5-74cd-4f55-94f0-c0ea6e146a4a@group-284D998405A3-LeaderElection22] INFO  server.RaftServer$Division (ServerState.java:setRaftConf(387)) - 4d6136e5-74cd-4f55-94f0-c0ea6e146a4a@group-284D998405A3: set configuration 0: [4d6136e5-74cd-4f55-94f0-c0ea6e146a4a|rpc:10.1.0.22:37065|dataStream:|priority:1], old=null
2022-02-10 16:29:44,690 [Listener at 127.0.0.1/38003] INFO  ozone.MiniOzoneClusterImpl (MiniOzoneClusterImpl.java:lambda$waitForClusterToBeReady$0(219)) - Nodes are ready. Got 3 of 3 DN Heartbeats.
2022-02-10 16:29:44,691 [Listener at 127.0.0.1/38003] INFO  ozone.MiniOzoneClusterImpl (MiniOzoneClusterImpl.java:lambda$waitForClusterToBeReady$0(222)) - Waiting for cluster to exit safe mode
2022-02-10 16:29:44,691 [Listener at 127.0.0.1/38003] INFO  ozone.MiniOzoneClusterImpl (MiniOzoneClusterImpl.java:lambda$waitForClusterToBeReady$0(224)) - SCM became leader
2022-02-10 16:29:45,691 [Listener at 127.0.0.1/38003] INFO  ozone.MiniOzoneClusterImpl (MiniOzoneClusterImpl.java:lambda$waitForClusterToBeReady$0(219)) - Nodes are ready. Got 3 of 3 DN Heartbeats.
2022-02-10 16:29:45,691 [Listener at 127.0.0.1/38003] INFO  ozone.MiniOzoneClusterImpl (MiniOzoneClusterImpl.java:lambda$waitForClusterToBeReady$0(222)) - Waiting for cluster to exit safe mode
2022-02-10 16:29:45,691 [Listener at 127.0.0.1/38003] INFO  ozone.MiniOzoneClusterImpl (MiniOzoneClusterImpl.java:lambda$waitForClusterToBeReady$0(224)) - SCM became leader
2022-02-10 16:29:46,691 [Listener at 127.0.0.1/38003] INFO  ozone.MiniOzoneClusterImpl (MiniOzoneClusterImpl.java:lambda$waitForClusterToBeReady$0(219)) - Nodes are ready. Got 3 of 3 DN Heartbeats.
2022-02-10 16:29:46,692 [Listener at 127.0.0.1/38003] INFO  ozone.MiniOzoneClusterImpl (MiniOzoneClusterImpl.java:lambda$waitForClusterToBeReady$0(222)) - Waiting for cluster to exit safe mode
2022-02-10 16:29:46,692 [Listener at 127.0.0.1/38003] INFO  ozone.MiniOzoneClusterImpl (MiniOzoneClusterImpl.java:lambda$waitForClusterToBeReady$0(224)) - SCM became leader
2022-02-10 16:29:47,692 [Listener at 127.0.0.1/38003] INFO  ozone.MiniOzoneClusterImpl (MiniOzoneClusterImpl.java:lambda$waitForClusterToBeReady$0(219)) - Nodes are ready. Got 3 of 3 DN Heartbeats.
2022-02-10 16:29:47,692 [Listener at 127.0.0.1/38003] INFO  ozone.MiniOzoneClusterImpl (MiniOzoneClusterImpl.java:lambda$waitForClusterToBeReady$0(222)) - Waiting for cluster to exit safe mode
2022-02-10 16:29:47,692 [Listener at 127.0.0.1/38003] INFO  ozone.MiniOzoneClusterImpl (MiniOzoneClusterImpl.java:lambda$waitForClusterToBeReady$0(224)) - SCM became leader
2022-02-10 16:29:48,084 [fc70cd66-7abc-4864-8afd-7dbfaf00bb56@group-C39131684D0F-FollowerState] INFO  impl.FollowerState (FollowerState.java:run(134)) - fc70cd66-7abc-4864-8afd-7dbfaf00bb56@group-C39131684D0F-FollowerState: change to CANDIDATE, lastRpcElapsedTime:5019892103ns, electionTimeout:5017ms
2022-02-10 16:29:48,084 [fc70cd66-7abc-4864-8afd-7dbfaf00bb56@group-C39131684D0F-FollowerState] INFO  impl.RoleInfo (RoleInfo.java:shutdownFollowerState(108)) - fc70cd66-7abc-4864-8afd-7dbfaf00bb56: shutdown fc70cd66-7abc-4864-8afd-7dbfaf00bb56@group-C39131684D0F-FollowerState
2022-02-10 16:29:48,084 [fc70cd66-7abc-4864-8afd-7dbfaf00bb56@group-C39131684D0F-FollowerState] INFO  server.RaftServer$Division (RaftServerImpl.java:setRole(290)) - fc70cd66-7abc-4864-8afd-7dbfaf00bb56@group-C39131684D0F: changes role from  FOLLOWER to CANDIDATE at term 1 for changeToCandidate
2022-02-10 16:29:48,084 [fc70cd66-7abc-4864-8afd-7dbfaf00bb56@group-C39131684D0F-FollowerState] INFO  server.RaftServerConfigKeys (ConfUtils.java:logGet(44)) - raft.server.leaderelection.pre-vote = false (custom)
2022-02-10 16:29:48,084 [fc70cd66-7abc-4864-8afd-7dbfaf00bb56@group-C39131684D0F-FollowerState] INFO  impl.RoleInfo (RoleInfo.java:updateAndGet(130)) - fc70cd66-7abc-4864-8afd-7dbfaf00bb56: start fc70cd66-7abc-4864-8afd-7dbfaf00bb56@group-C39131684D0F-LeaderElection23
2022-02-10 16:29:48,101 [fc70cd66-7abc-4864-8afd-7dbfaf00bb56@group-C39131684D0F-LeaderElection23] INFO  impl.LeaderElection (LeaderElection.java:askForVotes(306)) - fc70cd66-7abc-4864-8afd-7dbfaf00bb56@group-C39131684D0F-LeaderElection23 ELECTION round 0: submit vote requests at term 2 for -1: [a7a4031e-e512-44c4-8d8e-0806c768c5a8|rpc:10.1.0.22:36777|priority:1, fc70cd66-7abc-4864-8afd-7dbfaf00bb56|rpc:10.1.0.22:46709|priority:0, 4d6136e5-74cd-4f55-94f0-c0ea6e146a4a|rpc:10.1.0.22:37065|priority:0], old=null
2022-02-10 16:29:48,119 [grpc-default-executor-2] INFO  server.RaftServer$Division (RaftServerImpl.java:requestVote(1046)) - a7a4031e-e512-44c4-8d8e-0806c768c5a8@group-C39131684D0F: receive requestVote(ELECTION, fc70cd66-7abc-4864-8afd-7dbfaf00bb56, group-C39131684D0F, 2, (t:0, i:0))
2022-02-10 16:29:48,119 [grpc-default-executor-2] INFO  impl.VoteContext (VoteContext.java:log(48)) - a7a4031e-e512-44c4-8d8e-0806c768c5a8@group-C39131684D0F-FOLLOWER: reject ELECTION from fc70cd66-7abc-4864-8afd-7dbfaf00bb56: our priority 1 > candidate's priority 0
2022-02-10 16:29:48,120 [grpc-default-executor-2] INFO  server.RaftServer$Division (RaftServerImpl.java:setRole(290)) - a7a4031e-e512-44c4-8d8e-0806c768c5a8@group-C39131684D0F: changes role from  FOLLOWER to FOLLOWER at term 2 for candidate:fc70cd66-7abc-4864-8afd-7dbfaf00bb56
2022-02-10 16:29:48,120 [grpc-default-executor-2] INFO  impl.RoleInfo (RoleInfo.java:shutdownFollowerState(108)) - a7a4031e-e512-44c4-8d8e-0806c768c5a8: shutdown a7a4031e-e512-44c4-8d8e-0806c768c5a8@group-C39131684D0F-FollowerState
2022-02-10 16:29:48,120 [grpc-default-executor-2] INFO  impl.RoleInfo (RoleInfo.java:updateAndGet(130)) - a7a4031e-e512-44c4-8d8e-0806c768c5a8: start a7a4031e-e512-44c4-8d8e-0806c768c5a8@group-C39131684D0F-FollowerState
2022-02-10 16:29:48,120 [a7a4031e-e512-44c4-8d8e-0806c768c5a8@group-C39131684D0F-FollowerState] INFO  impl.FollowerState (FollowerState.java:run(143)) - a7a4031e-e512-44c4-8d8e-0806c768c5a8@group-C39131684D0F-FollowerState was interrupted: {}
java.lang.InterruptedException: sleep interrupted
	at java.lang.Thread.sleep(Native Method)
	at java.lang.Thread.sleep(Thread.java:340)
	at java.util.concurrent.TimeUnit.sleep(TimeUnit.java:386)
	at org.apache.ratis.util.TimeDuration.sleep(TimeDuration.java:324)
	at org.apache.ratis.util.TimeDuration.sleep(TimeDuration.java:309)
	at org.apache.ratis.server.impl.FollowerState.run(FollowerState.java:118)
2022-02-10 16:29:48,138 [grpc-default-executor-2] INFO  server.RaftServer$Division (RaftServerImpl.java:requestVote(1078)) - a7a4031e-e512-44c4-8d8e-0806c768c5a8@group-C39131684D0F replies to ELECTION vote request: fc70cd66-7abc-4864-8afd-7dbfaf00bb56<-a7a4031e-e512-44c4-8d8e-0806c768c5a8#0:FAIL-t2. Peer's state: a7a4031e-e512-44c4-8d8e-0806c768c5a8@group-C39131684D0F:t2, leader=null, voted=null, raftlog=a7a4031e-e512-44c4-8d8e-0806c768c5a8@group-C39131684D0F-SegmentedRaftLog:OPENED:c-1, conf=-1: [a7a4031e-e512-44c4-8d8e-0806c768c5a8|rpc:10.1.0.22:36777|dataStream:|priority:1, fc70cd66-7abc-4864-8afd-7dbfaf00bb56|rpc:10.1.0.22:46709|dataStream:|priority:0, 4d6136e5-74cd-4f55-94f0-c0ea6e146a4a|rpc:10.1.0.22:37065|dataStream:|priority:0], old=null
2022-02-10 16:29:48,138 [grpc-default-executor-3] INFO  server.RaftServer$Division (RaftServerImpl.java:requestVote(1046)) - 4d6136e5-74cd-4f55-94f0-c0ea6e146a4a@group-C39131684D0F: receive requestVote(ELECTION, fc70cd66-7abc-4864-8afd-7dbfaf00bb56, group-C39131684D0F, 2, (t:0, i:0))
2022-02-10 16:29:48,140 [grpc-default-executor-3] INFO  impl.VoteContext (VoteContext.java:log(48)) - 4d6136e5-74cd-4f55-94f0-c0ea6e146a4a@group-C39131684D0F-FOLLOWER: accept ELECTION from fc70cd66-7abc-4864-8afd-7dbfaf00bb56: our priority 0 <= candidate's priority 0
2022-02-10 16:29:48,140 [grpc-default-executor-3] INFO  server.RaftServer$Division (RaftServerImpl.java:setRole(290)) - 4d6136e5-74cd-4f55-94f0-c0ea6e146a4a@group-C39131684D0F: changes role from  FOLLOWER to FOLLOWER at term 2 for candidate:fc70cd66-7abc-4864-8afd-7dbfaf00bb56
2022-02-10 16:29:48,140 [grpc-default-executor-3] INFO  impl.RoleInfo (RoleInfo.java:shutdownFollowerState(108)) - 4d6136e5-74cd-4f55-94f0-c0ea6e146a4a: shutdown 4d6136e5-74cd-4f55-94f0-c0ea6e146a4a@group-C39131684D0F-FollowerState
2022-02-10 16:29:48,140 [grpc-default-executor-3] INFO  impl.RoleInfo (RoleInfo.java:updateAndGet(130)) - 4d6136e5-74cd-4f55-94f0-c0ea6e146a4a: start 4d6136e5-74cd-4f55-94f0-c0ea6e146a4a@group-C39131684D0F-FollowerState
2022-02-10 16:29:48,140 [4d6136e5-74cd-4f55-94f0-c0ea6e146a4a@group-C39131684D0F-FollowerState] INFO  impl.FollowerState (FollowerState.java:run(143)) - 4d6136e5-74cd-4f55-94f0-c0ea6e146a4a@group-C39131684D0F-FollowerState was interrupted: {}
java.lang.InterruptedException: sleep interrupted
	at java.lang.Thread.sleep(Native Method)
	at java.lang.Thread.sleep(Thread.java:340)
	at java.util.concurrent.TimeUnit.sleep(TimeUnit.java:386)
	at org.apache.ratis.util.TimeDuration.sleep(TimeDuration.java:324)
	at org.apache.ratis.util.TimeDuration.sleep(TimeDuration.java:309)
	at org.apache.ratis.server.impl.FollowerState.run(FollowerState.java:118)
2022-02-10 16:29:48,140 [fc70cd66-7abc-4864-8afd-7dbfaf00bb56@group-C39131684D0F-LeaderElection23] INFO  impl.LeaderElection (LeaderElection.java:logAndReturn(89)) - fc70cd66-7abc-4864-8afd-7dbfaf00bb56@group-C39131684D0F-LeaderElection23: ELECTION REJECTED received 1 response(s) and 0 exception(s):
2022-02-10 16:29:48,155 [fc70cd66-7abc-4864-8afd-7dbfaf00bb56@group-C39131684D0F-LeaderElection23] INFO  impl.LeaderElection (LeaderElection.java:logAndReturn(93)) -   Response 0: fc70cd66-7abc-4864-8afd-7dbfaf00bb56<-a7a4031e-e512-44c4-8d8e-0806c768c5a8#0:FAIL-t2
2022-02-10 16:29:48,156 [fc70cd66-7abc-4864-8afd-7dbfaf00bb56@group-C39131684D0F-LeaderElection23] INFO  impl.LeaderElection (LeaderElection.java:askForVotes(308)) - fc70cd66-7abc-4864-8afd-7dbfaf00bb56@group-C39131684D0F-LeaderElection23 ELECTION round 0: result REJECTED
2022-02-10 16:29:48,156 [fc70cd66-7abc-4864-8afd-7dbfaf00bb56@group-C39131684D0F-LeaderElection23] INFO  server.RaftServer$Division (RaftServerImpl.java:setRole(290)) - fc70cd66-7abc-4864-8afd-7dbfaf00bb56@group-C39131684D0F: changes role from CANDIDATE to FOLLOWER at term 2 for REJECTED
2022-02-10 16:29:48,156 [fc70cd66-7abc-4864-8afd-7dbfaf00bb56@group-C39131684D0F-LeaderElection23] INFO  impl.RoleInfo (RoleInfo.java:shutdownLeaderElection(121)) - fc70cd66-7abc-4864-8afd-7dbfaf00bb56: shutdown fc70cd66-7abc-4864-8afd-7dbfaf00bb56@group-C39131684D0F-LeaderElection23
2022-02-10 16:29:48,156 [fc70cd66-7abc-4864-8afd-7dbfaf00bb56@group-C39131684D0F-LeaderElection23] INFO  impl.RoleInfo (RoleInfo.java:updateAndGet(130)) - fc70cd66-7abc-4864-8afd-7dbfaf00bb56: start fc70cd66-7abc-4864-8afd-7dbfaf00bb56@group-C39131684D0F-FollowerState
2022-02-10 16:29:48,142 [grpc-default-executor-3] INFO  server.RaftServer$Division (RaftServerImpl.java:requestVote(1078)) - 4d6136e5-74cd-4f55-94f0-c0ea6e146a4a@group-C39131684D0F replies to ELECTION vote request: fc70cd66-7abc-4864-8afd-7dbfaf00bb56<-4d6136e5-74cd-4f55-94f0-c0ea6e146a4a#0:OK-t2. Peer's state: 4d6136e5-74cd-4f55-94f0-c0ea6e146a4a@group-C39131684D0F:t2, leader=null, voted=fc70cd66-7abc-4864-8afd-7dbfaf00bb56, raftlog=4d6136e5-74cd-4f55-94f0-c0ea6e146a4a@group-C39131684D0F-SegmentedRaftLog:OPENED:c-1, conf=-1: [a7a4031e-e512-44c4-8d8e-0806c768c5a8|rpc:10.1.0.22:36777|dataStream:|priority:1, fc70cd66-7abc-4864-8afd-7dbfaf00bb56|rpc:10.1.0.22:46709|dataStream:|priority:0, 4d6136e5-74cd-4f55-94f0-c0ea6e146a4a|rpc:10.1.0.22:37065|dataStream:|priority:0], old=null
2022-02-10 16:29:48,692 [Listener at 127.0.0.1/38003] INFO  ozone.MiniOzoneClusterImpl (MiniOzoneClusterImpl.java:lambda$waitForClusterToBeReady$0(219)) - Nodes are ready. Got 3 of 3 DN Heartbeats.
2022-02-10 16:29:48,693 [Listener at 127.0.0.1/38003] INFO  ozone.MiniOzoneClusterImpl (MiniOzoneClusterImpl.java:lambda$waitForClusterToBeReady$0(222)) - Waiting for cluster to exit safe mode
2022-02-10 16:29:48,693 [Listener at 127.0.0.1/38003] INFO  ozone.MiniOzoneClusterImpl (MiniOzoneClusterImpl.java:lambda$waitForClusterToBeReady$0(224)) - SCM became leader
2022-02-10 16:29:49,693 [Listener at 127.0.0.1/38003] INFO  ozone.MiniOzoneClusterImpl (MiniOzoneClusterImpl.java:lambda$waitForClusterToBeReady$0(219)) - Nodes are ready. Got 3 of 3 DN Heartbeats.
2022-02-10 16:29:49,693 [Listener at 127.0.0.1/38003] INFO  ozone.MiniOzoneClusterImpl (MiniOzoneClusterImpl.java:lambda$waitForClusterToBeReady$0(222)) - Waiting for cluster to exit safe mode
2022-02-10 16:29:49,693 [Listener at 127.0.0.1/38003] INFO  ozone.MiniOzoneClusterImpl (MiniOzoneClusterImpl.java:lambda$waitForClusterToBeReady$0(224)) - SCM became leader
2022-02-10 16:29:50,693 [Listener at 127.0.0.1/38003] INFO  ozone.MiniOzoneClusterImpl (MiniOzoneClusterImpl.java:lambda$waitForClusterToBeReady$0(219)) - Nodes are ready. Got 3 of 3 DN Heartbeats.
2022-02-10 16:29:50,694 [Listener at 127.0.0.1/38003] INFO  ozone.MiniOzoneClusterImpl (MiniOzoneClusterImpl.java:lambda$waitForClusterToBeReady$0(222)) - Waiting for cluster to exit safe mode
2022-02-10 16:29:50,694 [Listener at 127.0.0.1/38003] INFO  ozone.MiniOzoneClusterImpl (MiniOzoneClusterImpl.java:lambda$waitForClusterToBeReady$0(224)) - SCM became leader
2022-02-10 16:29:51,694 [Listener at 127.0.0.1/38003] INFO  ozone.MiniOzoneClusterImpl (MiniOzoneClusterImpl.java:lambda$waitForClusterToBeReady$0(219)) - Nodes are ready. Got 3 of 3 DN Heartbeats.
2022-02-10 16:29:51,694 [Listener at 127.0.0.1/38003] INFO  ozone.MiniOzoneClusterImpl (MiniOzoneClusterImpl.java:lambda$waitForClusterToBeReady$0(222)) - Waiting for cluster to exit safe mode
2022-02-10 16:29:51,694 [Listener at 127.0.0.1/38003] INFO  ozone.MiniOzoneClusterImpl (MiniOzoneClusterImpl.java:lambda$waitForClusterToBeReady$0(224)) - SCM became leader
2022-02-10 16:29:52,694 [Listener at 127.0.0.1/38003] INFO  ozone.MiniOzoneClusterImpl (MiniOzoneClusterImpl.java:lambda$waitForClusterToBeReady$0(219)) - Nodes are ready. Got 3 of 3 DN Heartbeats.
2022-02-10 16:29:52,695 [Listener at 127.0.0.1/38003] INFO  ozone.MiniOzoneClusterImpl (MiniOzoneClusterImpl.java:lambda$waitForClusterToBeReady$0(222)) - Waiting for cluster to exit safe mode
2022-02-10 16:29:52,695 [Listener at 127.0.0.1/38003] INFO  ozone.MiniOzoneClusterImpl (MiniOzoneClusterImpl.java:lambda$waitForClusterToBeReady$0(224)) - SCM became leader
2022-02-10 16:29:53,271 [4d6136e5-74cd-4f55-94f0-c0ea6e146a4a@group-C39131684D0F-FollowerState] INFO  impl.FollowerState (FollowerState.java:run(134)) - 4d6136e5-74cd-4f55-94f0-c0ea6e146a4a@group-C39131684D0F-FollowerState: change to CANDIDATE, lastRpcElapsedTime:5128932326ns, electionTimeout:5107ms
2022-02-10 16:29:53,272 [4d6136e5-74cd-4f55-94f0-c0ea6e146a4a@group-C39131684D0F-FollowerState] INFO  impl.RoleInfo (RoleInfo.java:shutdownFollowerState(108)) - 4d6136e5-74cd-4f55-94f0-c0ea6e146a4a: shutdown 4d6136e5-74cd-4f55-94f0-c0ea6e146a4a@group-C39131684D0F-FollowerState
2022-02-10 16:29:53,272 [4d6136e5-74cd-4f55-94f0-c0ea6e146a4a@group-C39131684D0F-FollowerState] INFO  server.RaftServer$Division (RaftServerImpl.java:setRole(290)) - 4d6136e5-74cd-4f55-94f0-c0ea6e146a4a@group-C39131684D0F: changes role from  FOLLOWER to CANDIDATE at term 2 for changeToCandidate
2022-02-10 16:29:53,272 [4d6136e5-74cd-4f55-94f0-c0ea6e146a4a@group-C39131684D0F-FollowerState] INFO  server.RaftServerConfigKeys (ConfUtils.java:logGet(44)) - raft.server.leaderelection.pre-vote = false (custom)
2022-02-10 16:29:53,272 [4d6136e5-74cd-4f55-94f0-c0ea6e146a4a@group-C39131684D0F-FollowerState] INFO  impl.RoleInfo (RoleInfo.java:updateAndGet(130)) - 4d6136e5-74cd-4f55-94f0-c0ea6e146a4a: start 4d6136e5-74cd-4f55-94f0-c0ea6e146a4a@group-C39131684D0F-LeaderElection24
2022-02-10 16:29:53,292 [4d6136e5-74cd-4f55-94f0-c0ea6e146a4a@group-C39131684D0F-LeaderElection24] INFO  impl.LeaderElection (LeaderElection.java:askForVotes(306)) - 4d6136e5-74cd-4f55-94f0-c0ea6e146a4a@group-C39131684D0F-LeaderElection24 ELECTION round 0: submit vote requests at term 3 for -1: [a7a4031e-e512-44c4-8d8e-0806c768c5a8|rpc:10.1.0.22:36777|dataStream:|priority:1, fc70cd66-7abc-4864-8afd-7dbfaf00bb56|rpc:10.1.0.22:46709|dataStream:|priority:0, 4d6136e5-74cd-4f55-94f0-c0ea6e146a4a|rpc:10.1.0.22:37065|dataStream:|priority:0], old=null
2022-02-10 16:29:53,327 [grpc-default-executor-3] INFO  server.RaftServer$Division (RaftServerImpl.java:requestVote(1046)) - fc70cd66-7abc-4864-8afd-7dbfaf00bb56@group-C39131684D0F: receive requestVote(ELECTION, 4d6136e5-74cd-4f55-94f0-c0ea6e146a4a, group-C39131684D0F, 3, (t:0, i:0))
2022-02-10 16:29:53,327 [grpc-default-executor-3] INFO  impl.VoteContext (VoteContext.java:log(48)) - fc70cd66-7abc-4864-8afd-7dbfaf00bb56@group-C39131684D0F-FOLLOWER: accept ELECTION from 4d6136e5-74cd-4f55-94f0-c0ea6e146a4a: our priority 0 <= candidate's priority 0
2022-02-10 16:29:53,327 [grpc-default-executor-3] INFO  server.RaftServer$Division (RaftServerImpl.java:setRole(290)) - fc70cd66-7abc-4864-8afd-7dbfaf00bb56@group-C39131684D0F: changes role from  FOLLOWER to FOLLOWER at term 3 for candidate:4d6136e5-74cd-4f55-94f0-c0ea6e146a4a
2022-02-10 16:29:53,327 [grpc-default-executor-3] INFO  impl.RoleInfo (RoleInfo.java:shutdownFollowerState(108)) - fc70cd66-7abc-4864-8afd-7dbfaf00bb56: shutdown fc70cd66-7abc-4864-8afd-7dbfaf00bb56@group-C39131684D0F-FollowerState
2022-02-10 16:29:53,327 [grpc-default-executor-3] INFO  impl.RoleInfo (RoleInfo.java:updateAndGet(130)) - fc70cd66-7abc-4864-8afd-7dbfaf00bb56: start fc70cd66-7abc-4864-8afd-7dbfaf00bb56@group-C39131684D0F-FollowerState
2022-02-10 16:29:53,328 [fc70cd66-7abc-4864-8afd-7dbfaf00bb56@group-C39131684D0F-FollowerState] INFO  impl.FollowerState (FollowerState.java:run(143)) - fc70cd66-7abc-4864-8afd-7dbfaf00bb56@group-C39131684D0F-FollowerState was interrupted: {}
java.lang.InterruptedException: sleep interrupted
	at java.lang.Thread.sleep(Native Method)
	at java.lang.Thread.sleep(Thread.java:340)
	at java.util.concurrent.TimeUnit.sleep(TimeUnit.java:386)
	at org.apache.ratis.util.TimeDuration.sleep(TimeDuration.java:324)
	at org.apache.ratis.util.TimeDuration.sleep(TimeDuration.java:309)
	at org.apache.ratis.server.impl.FollowerState.run(FollowerState.java:118)
2022-02-10 16:29:53,344 [grpc-default-executor-3] INFO  server.RaftServer$Division (RaftServerImpl.java:requestVote(1078)) - fc70cd66-7abc-4864-8afd-7dbfaf00bb56@group-C39131684D0F replies to ELECTION vote request: 4d6136e5-74cd-4f55-94f0-c0ea6e146a4a<-fc70cd66-7abc-4864-8afd-7dbfaf00bb56#0:OK-t3. Peer's state: fc70cd66-7abc-4864-8afd-7dbfaf00bb56@group-C39131684D0F:t3, leader=null, voted=4d6136e5-74cd-4f55-94f0-c0ea6e146a4a, raftlog=fc70cd66-7abc-4864-8afd-7dbfaf00bb56@group-C39131684D0F-SegmentedRaftLog:OPENED:c-1, conf=-1: [a7a4031e-e512-44c4-8d8e-0806c768c5a8|rpc:10.1.0.22:36777|priority:1, fc70cd66-7abc-4864-8afd-7dbfaf00bb56|rpc:10.1.0.22:46709|priority:0, 4d6136e5-74cd-4f55-94f0-c0ea6e146a4a|rpc:10.1.0.22:37065|priority:0], old=null
2022-02-10 16:29:53,353 [a7a4031e-e512-44c4-8d8e-0806c768c5a8@group-C39131684D0F-FollowerState] INFO  impl.FollowerState (FollowerState.java:run(134)) - a7a4031e-e512-44c4-8d8e-0806c768c5a8@group-C39131684D0F-FollowerState: change to CANDIDATE, lastRpcElapsedTime:5233709783ns, electionTimeout:5184ms
2022-02-10 16:29:53,354 [a7a4031e-e512-44c4-8d8e-0806c768c5a8@group-C39131684D0F-FollowerState] INFO  impl.RoleInfo (RoleInfo.java:shutdownFollowerState(108)) - a7a4031e-e512-44c4-8d8e-0806c768c5a8: shutdown a7a4031e-e512-44c4-8d8e-0806c768c5a8@group-C39131684D0F-FollowerState
2022-02-10 16:29:53,354 [a7a4031e-e512-44c4-8d8e-0806c768c5a8@group-C39131684D0F-FollowerState] INFO  server.RaftServer$Division (RaftServerImpl.java:setRole(290)) - a7a4031e-e512-44c4-8d8e-0806c768c5a8@group-C39131684D0F: changes role from  FOLLOWER to CANDIDATE at term 2 for changeToCandidate
2022-02-10 16:29:53,354 [a7a4031e-e512-44c4-8d8e-0806c768c5a8@group-C39131684D0F-FollowerState] INFO  server.RaftServerConfigKeys (ConfUtils.java:logGet(44)) - raft.server.leaderelection.pre-vote = false (custom)
2022-02-10 16:29:53,354 [a7a4031e-e512-44c4-8d8e-0806c768c5a8@group-C39131684D0F-FollowerState] INFO  impl.RoleInfo (RoleInfo.java:updateAndGet(130)) - a7a4031e-e512-44c4-8d8e-0806c768c5a8: start a7a4031e-e512-44c4-8d8e-0806c768c5a8@group-C39131684D0F-LeaderElection25
2022-02-10 16:29:53,363 [grpc-default-executor-3] INFO  server.RaftServer$Division (RaftServerImpl.java:requestVote(1046)) - a7a4031e-e512-44c4-8d8e-0806c768c5a8@group-C39131684D0F: receive requestVote(ELECTION, 4d6136e5-74cd-4f55-94f0-c0ea6e146a4a, group-C39131684D0F, 3, (t:0, i:0))
2022-02-10 16:29:53,380 [grpc-default-executor-3] INFO  impl.VoteContext (VoteContext.java:log(48)) - a7a4031e-e512-44c4-8d8e-0806c768c5a8@group-C39131684D0F-CANDIDATE: reject ELECTION from 4d6136e5-74cd-4f55-94f0-c0ea6e146a4a: our priority 1 > candidate's priority 0
2022-02-10 16:29:53,380 [grpc-default-executor-3] INFO  server.RaftServer$Division (RaftServerImpl.java:setRole(290)) - a7a4031e-e512-44c4-8d8e-0806c768c5a8@group-C39131684D0F: changes role from CANDIDATE to FOLLOWER at term 3 for candidate:4d6136e5-74cd-4f55-94f0-c0ea6e146a4a
2022-02-10 16:29:53,380 [grpc-default-executor-3] INFO  impl.RoleInfo (RoleInfo.java:shutdownLeaderElection(121)) - a7a4031e-e512-44c4-8d8e-0806c768c5a8: shutdown a7a4031e-e512-44c4-8d8e-0806c768c5a8@group-C39131684D0F-LeaderElection25
2022-02-10 16:29:53,380 [grpc-default-executor-3] INFO  impl.RoleInfo (RoleInfo.java:updateAndGet(130)) - a7a4031e-e512-44c4-8d8e-0806c768c5a8: start a7a4031e-e512-44c4-8d8e-0806c768c5a8@group-C39131684D0F-FollowerState
2022-02-10 16:29:53,388 [grpc-default-executor-3] INFO  server.RaftServer$Division (RaftServerImpl.java:requestVote(1078)) - a7a4031e-e512-44c4-8d8e-0806c768c5a8@group-C39131684D0F replies to ELECTION vote request: 4d6136e5-74cd-4f55-94f0-c0ea6e146a4a<-a7a4031e-e512-44c4-8d8e-0806c768c5a8#0:FAIL-t3. Peer's state: a7a4031e-e512-44c4-8d8e-0806c768c5a8@group-C39131684D0F:t3, leader=null, voted=null, raftlog=a7a4031e-e512-44c4-8d8e-0806c768c5a8@group-C39131684D0F-SegmentedRaftLog:OPENED:c-1, conf=-1: [a7a4031e-e512-44c4-8d8e-0806c768c5a8|rpc:10.1.0.22:36777|dataStream:|priority:1, fc70cd66-7abc-4864-8afd-7dbfaf00bb56|rpc:10.1.0.22:46709|dataStream:|priority:0, 4d6136e5-74cd-4f55-94f0-c0ea6e146a4a|rpc:10.1.0.22:37065|dataStream:|priority:0], old=null
2022-02-10 16:29:53,393 [4d6136e5-74cd-4f55-94f0-c0ea6e146a4a@group-C39131684D0F-LeaderElection24] INFO  impl.LeaderElection (LeaderElection.java:logAndReturn(89)) - 4d6136e5-74cd-4f55-94f0-c0ea6e146a4a@group-C39131684D0F-LeaderElection24: ELECTION REJECTED received 2 response(s) and 0 exception(s):
2022-02-10 16:29:53,393 [4d6136e5-74cd-4f55-94f0-c0ea6e146a4a@group-C39131684D0F-LeaderElection24] INFO  impl.LeaderElection (LeaderElection.java:logAndReturn(93)) -   Response 0: 4d6136e5-74cd-4f55-94f0-c0ea6e146a4a<-a7a4031e-e512-44c4-8d8e-0806c768c5a8#0:FAIL-t3
2022-02-10 16:29:53,393 [4d6136e5-74cd-4f55-94f0-c0ea6e146a4a@group-C39131684D0F-LeaderElection24] INFO  impl.LeaderElection (LeaderElection.java:logAndReturn(93)) -   Response 1: 4d6136e5-74cd-4f55-94f0-c0ea6e146a4a<-fc70cd66-7abc-4864-8afd-7dbfaf00bb56#0:OK-t3
2022-02-10 16:29:53,393 [4d6136e5-74cd-4f55-94f0-c0ea6e146a4a@group-C39131684D0F-LeaderElection24] INFO  impl.LeaderElection (LeaderElection.java:askForVotes(308)) - 4d6136e5-74cd-4f55-94f0-c0ea6e146a4a@group-C39131684D0F-LeaderElection24 ELECTION round 0: result REJECTED
2022-02-10 16:29:53,393 [4d6136e5-74cd-4f55-94f0-c0ea6e146a4a@group-C39131684D0F-LeaderElection24] INFO  server.RaftServer$Division (RaftServerImpl.java:setRole(290)) - 4d6136e5-74cd-4f55-94f0-c0ea6e146a4a@group-C39131684D0F: changes role from CANDIDATE to FOLLOWER at term 3 for REJECTED
2022-02-10 16:29:53,393 [4d6136e5-74cd-4f55-94f0-c0ea6e146a4a@group-C39131684D0F-LeaderElection24] INFO  impl.RoleInfo (RoleInfo.java:shutdownLeaderElection(121)) - 4d6136e5-74cd-4f55-94f0-c0ea6e146a4a: shutdown 4d6136e5-74cd-4f55-94f0-c0ea6e146a4a@group-C39131684D0F-LeaderElection24
2022-02-10 16:29:53,393 [4d6136e5-74cd-4f55-94f0-c0ea6e146a4a@group-C39131684D0F-LeaderElection24] INFO  impl.RoleInfo (RoleInfo.java:updateAndGet(130)) - 4d6136e5-74cd-4f55-94f0-c0ea6e146a4a: start 4d6136e5-74cd-4f55-94f0-c0ea6e146a4a@group-C39131684D0F-FollowerState
2022-02-10 16:29:53,695 [Listener at 127.0.0.1/38003] INFO  ozone.MiniOzoneClusterImpl (MiniOzoneClusterImpl.java:lambda$waitForClusterToBeReady$0(219)) - Nodes are ready. Got 3 of 3 DN Heartbeats.
2022-02-10 16:29:53,696 [Listener at 127.0.0.1/38003] INFO  ozone.MiniOzoneClusterImpl (MiniOzoneClusterImpl.java:lambda$waitForClusterToBeReady$0(222)) - Waiting for cluster to exit safe mode
2022-02-10 16:29:53,696 [Listener at 127.0.0.1/38003] INFO  ozone.MiniOzoneClusterImpl (MiniOzoneClusterImpl.java:lambda$waitForClusterToBeReady$0(224)) - SCM became leader
2022-02-10 16:29:54,697 [Listener at 127.0.0.1/38003] INFO  ozone.MiniOzoneClusterImpl (MiniOzoneClusterImpl.java:lambda$waitForClusterToBeReady$0(219)) - Nodes are ready. Got 3 of 3 DN Heartbeats.
2022-02-10 16:29:54,697 [Listener at 127.0.0.1/38003] INFO  ozone.MiniOzoneClusterImpl (MiniOzoneClusterImpl.java:lambda$waitForClusterToBeReady$0(222)) - Waiting for cluster to exit safe mode
2022-02-10 16:29:54,697 [Listener at 127.0.0.1/38003] INFO  ozone.MiniOzoneClusterImpl (MiniOzoneClusterImpl.java:lambda$waitForClusterToBeReady$0(224)) - SCM became leader
2022-02-10 16:29:55,698 [Listener at 127.0.0.1/38003] INFO  ozone.MiniOzoneClusterImpl (MiniOzoneClusterImpl.java:lambda$waitForClusterToBeReady$0(219)) - Nodes are ready. Got 3 of 3 DN Heartbeats.
2022-02-10 16:29:55,698 [Listener at 127.0.0.1/38003] INFO  ozone.MiniOzoneClusterImpl (MiniOzoneClusterImpl.java:lambda$waitForClusterToBeReady$0(222)) - Waiting for cluster to exit safe mode
2022-02-10 16:29:55,698 [Listener at 127.0.0.1/38003] INFO  ozone.MiniOzoneClusterImpl (MiniOzoneClusterImpl.java:lambda$waitForClusterToBeReady$0(224)) - SCM became leader
2022-02-10 16:29:56,698 [Listener at 127.0.0.1/38003] INFO  ozone.MiniOzoneClusterImpl (MiniOzoneClusterImpl.java:lambda$waitForClusterToBeReady$0(219)) - Nodes are ready. Got 3 of 3 DN Heartbeats.
2022-02-10 16:29:56,698 [Listener at 127.0.0.1/38003] INFO  ozone.MiniOzoneClusterImpl (MiniOzoneClusterImpl.java:lambda$waitForClusterToBeReady$0(222)) - Waiting for cluster to exit safe mode
2022-02-10 16:29:56,698 [Listener at 127.0.0.1/38003] INFO  ozone.MiniOzoneClusterImpl (MiniOzoneClusterImpl.java:lambda$waitForClusterToBeReady$0(224)) - SCM became leader
2022-02-10 16:29:57,699 [Listener at 127.0.0.1/38003] INFO  ozone.MiniOzoneClusterImpl (MiniOzoneClusterImpl.java:lambda$waitForClusterToBeReady$0(219)) - Nodes are ready. Got 3 of 3 DN Heartbeats.
2022-02-10 16:29:57,699 [Listener at 127.0.0.1/38003] INFO  ozone.MiniOzoneClusterImpl (MiniOzoneClusterImpl.java:lambda$waitForClusterToBeReady$0(222)) - Waiting for cluster to exit safe mode
2022-02-10 16:29:57,699 [Listener at 127.0.0.1/38003] INFO  ozone.MiniOzoneClusterImpl (MiniOzoneClusterImpl.java:lambda$waitForClusterToBeReady$0(224)) - SCM became leader
2022-02-10 16:29:58,433 [4d6136e5-74cd-4f55-94f0-c0ea6e146a4a@group-C39131684D0F-FollowerState] INFO  impl.FollowerState (FollowerState.java:run(134)) - 4d6136e5-74cd-4f55-94f0-c0ea6e146a4a@group-C39131684D0F-FollowerState: change to CANDIDATE, lastRpcElapsedTime:5040331652ns, electionTimeout:5035ms
2022-02-10 16:29:58,434 [4d6136e5-74cd-4f55-94f0-c0ea6e146a4a@group-C39131684D0F-FollowerState] INFO  impl.RoleInfo (RoleInfo.java:shutdownFollowerState(108)) - 4d6136e5-74cd-4f55-94f0-c0ea6e146a4a: shutdown 4d6136e5-74cd-4f55-94f0-c0ea6e146a4a@group-C39131684D0F-FollowerState
2022-02-10 16:29:58,434 [4d6136e5-74cd-4f55-94f0-c0ea6e146a4a@group-C39131684D0F-FollowerState] INFO  server.RaftServer$Division (RaftServerImpl.java:setRole(290)) - 4d6136e5-74cd-4f55-94f0-c0ea6e146a4a@group-C39131684D0F: changes role from  FOLLOWER to CANDIDATE at term 3 for changeToCandidate
2022-02-10 16:29:58,434 [4d6136e5-74cd-4f55-94f0-c0ea6e146a4a@group-C39131684D0F-FollowerState] INFO  server.RaftServerConfigKeys (ConfUtils.java:logGet(44)) - raft.server.leaderelection.pre-vote = false (custom)
2022-02-10 16:29:58,434 [4d6136e5-74cd-4f55-94f0-c0ea6e146a4a@group-C39131684D0F-FollowerState] INFO  impl.RoleInfo (RoleInfo.java:updateAndGet(130)) - 4d6136e5-74cd-4f55-94f0-c0ea6e146a4a: start 4d6136e5-74cd-4f55-94f0-c0ea6e146a4a@group-C39131684D0F-LeaderElection26
2022-02-10 16:29:58,447 [4d6136e5-74cd-4f55-94f0-c0ea6e146a4a@group-C39131684D0F-LeaderElection26] INFO  impl.LeaderElection (LeaderElection.java:askForVotes(306)) - 4d6136e5-74cd-4f55-94f0-c0ea6e146a4a@group-C39131684D0F-LeaderElection26 ELECTION round 0: submit vote requests at term 4 for -1: [a7a4031e-e512-44c4-8d8e-0806c768c5a8|rpc:10.1.0.22:36777|dataStream:|priority:1, fc70cd66-7abc-4864-8afd-7dbfaf00bb56|rpc:10.1.0.22:46709|dataStream:|priority:0, 4d6136e5-74cd-4f55-94f0-c0ea6e146a4a|rpc:10.1.0.22:37065|dataStream:|priority:0], old=null
2022-02-10 16:29:58,483 [grpc-default-executor-3] INFO  server.RaftServer$Division (RaftServerImpl.java:requestVote(1046)) - a7a4031e-e512-44c4-8d8e-0806c768c5a8@group-C39131684D0F: receive requestVote(ELECTION, 4d6136e5-74cd-4f55-94f0-c0ea6e146a4a, group-C39131684D0F, 4, (t:0, i:0))
2022-02-10 16:29:58,484 [grpc-default-executor-3] INFO  impl.VoteContext (VoteContext.java:log(48)) - a7a4031e-e512-44c4-8d8e-0806c768c5a8@group-C39131684D0F-FOLLOWER: reject ELECTION from 4d6136e5-74cd-4f55-94f0-c0ea6e146a4a: our priority 1 > candidate's priority 0
2022-02-10 16:29:58,484 [grpc-default-executor-3] INFO  server.RaftServer$Division (RaftServerImpl.java:setRole(290)) - a7a4031e-e512-44c4-8d8e-0806c768c5a8@group-C39131684D0F: changes role from  FOLLOWER to FOLLOWER at term 4 for candidate:4d6136e5-74cd-4f55-94f0-c0ea6e146a4a
2022-02-10 16:29:58,484 [grpc-default-executor-3] INFO  impl.RoleInfo (RoleInfo.java:shutdownFollowerState(108)) - a7a4031e-e512-44c4-8d8e-0806c768c5a8: shutdown a7a4031e-e512-44c4-8d8e-0806c768c5a8@group-C39131684D0F-FollowerState
2022-02-10 16:29:58,484 [grpc-default-executor-3] INFO  impl.RoleInfo (RoleInfo.java:updateAndGet(130)) - a7a4031e-e512-44c4-8d8e-0806c768c5a8: start a7a4031e-e512-44c4-8d8e-0806c768c5a8@group-C39131684D0F-FollowerState
2022-02-10 16:29:58,484 [a7a4031e-e512-44c4-8d8e-0806c768c5a8@group-C39131684D0F-FollowerState] INFO  impl.FollowerState (FollowerState.java:run(143)) - a7a4031e-e512-44c4-8d8e-0806c768c5a8@group-C39131684D0F-FollowerState was interrupted: {}
java.lang.InterruptedException: sleep interrupted
	at java.lang.Thread.sleep(Native Method)
	at java.lang.Thread.sleep(Thread.java:340)
	at java.util.concurrent.TimeUnit.sleep(TimeUnit.java:386)
	at org.apache.ratis.util.TimeDuration.sleep(TimeDuration.java:324)
	at org.apache.ratis.util.TimeDuration.sleep(TimeDuration.java:309)
	at org.apache.ratis.server.impl.FollowerState.run(FollowerState.java:118)
2022-02-10 16:29:58,489 [grpc-default-executor-3] INFO  server.RaftServer$Division (RaftServerImpl.java:requestVote(1078)) - a7a4031e-e512-44c4-8d8e-0806c768c5a8@group-C39131684D0F replies to ELECTION vote request: 4d6136e5-74cd-4f55-94f0-c0ea6e146a4a<-a7a4031e-e512-44c4-8d8e-0806c768c5a8#0:FAIL-t4. Peer's state: a7a4031e-e512-44c4-8d8e-0806c768c5a8@group-C39131684D0F:t4, leader=null, voted=null, raftlog=a7a4031e-e512-44c4-8d8e-0806c768c5a8@group-C39131684D0F-SegmentedRaftLog:OPENED:c-1, conf=-1: [a7a4031e-e512-44c4-8d8e-0806c768c5a8|rpc:10.1.0.22:36777|dataStream:|priority:1, fc70cd66-7abc-4864-8afd-7dbfaf00bb56|rpc:10.1.0.22:46709|dataStream:|priority:0, 4d6136e5-74cd-4f55-94f0-c0ea6e146a4a|rpc:10.1.0.22:37065|dataStream:|priority:0], old=null
2022-02-10 16:29:58,490 [4d6136e5-74cd-4f55-94f0-c0ea6e146a4a@group-C39131684D0F-LeaderElection26] INFO  impl.LeaderElection (LeaderElection.java:logAndReturn(89)) - 4d6136e5-74cd-4f55-94f0-c0ea6e146a4a@group-C39131684D0F-LeaderElection26: ELECTION REJECTED received 1 response(s) and 0 exception(s):
2022-02-10 16:29:58,491 [4d6136e5-74cd-4f55-94f0-c0ea6e146a4a@group-C39131684D0F-LeaderElection26] INFO  impl.LeaderElection (LeaderElection.java:logAndReturn(93)) -   Response 0: 4d6136e5-74cd-4f55-94f0-c0ea6e146a4a<-a7a4031e-e512-44c4-8d8e-0806c768c5a8#0:FAIL-t4
2022-02-10 16:29:58,491 [4d6136e5-74cd-4f55-94f0-c0ea6e146a4a@group-C39131684D0F-LeaderElection26] INFO  impl.LeaderElection (LeaderElection.java:askForVotes(308)) - 4d6136e5-74cd-4f55-94f0-c0ea6e146a4a@group-C39131684D0F-LeaderElection26 ELECTION round 0: result REJECTED
2022-02-10 16:29:58,491 [4d6136e5-74cd-4f55-94f0-c0ea6e146a4a@group-C39131684D0F-LeaderElection26] INFO  server.RaftServer$Division (RaftServerImpl.java:setRole(290)) - 4d6136e5-74cd-4f55-94f0-c0ea6e146a4a@group-C39131684D0F: changes role from CANDIDATE to FOLLOWER at term 4 for REJECTED
2022-02-10 16:29:58,491 [4d6136e5-74cd-4f55-94f0-c0ea6e146a4a@group-C39131684D0F-LeaderElection26] INFO  impl.RoleInfo (RoleInfo.java:shutdownLeaderElection(121)) - 4d6136e5-74cd-4f55-94f0-c0ea6e146a4a: shutdown 4d6136e5-74cd-4f55-94f0-c0ea6e146a4a@group-C39131684D0F-LeaderElection26
2022-02-10 16:29:58,491 [4d6136e5-74cd-4f55-94f0-c0ea6e146a4a@group-C39131684D0F-LeaderElection26] INFO  impl.RoleInfo (RoleInfo.java:updateAndGet(130)) - 4d6136e5-74cd-4f55-94f0-c0ea6e146a4a: start 4d6136e5-74cd-4f55-94f0-c0ea6e146a4a@group-C39131684D0F-FollowerState
2022-02-10 16:29:58,499 [grpc-default-executor-3] INFO  server.RaftServer$Division (RaftServerImpl.java:requestVote(1046)) - fc70cd66-7abc-4864-8afd-7dbfaf00bb56@group-C39131684D0F: receive requestVote(ELECTION, 4d6136e5-74cd-4f55-94f0-c0ea6e146a4a, group-C39131684D0F, 4, (t:0, i:0))
2022-02-10 16:29:58,504 [grpc-default-executor-3] INFO  impl.VoteContext (VoteContext.java:log(48)) - fc70cd66-7abc-4864-8afd-7dbfaf00bb56@group-C39131684D0F-FOLLOWER: accept ELECTION from 4d6136e5-74cd-4f55-94f0-c0ea6e146a4a: our priority 0 <= candidate's priority 0
2022-02-10 16:29:58,504 [grpc-default-executor-3] INFO  server.RaftServer$Division (RaftServerImpl.java:setRole(290)) - fc70cd66-7abc-4864-8afd-7dbfaf00bb56@group-C39131684D0F: changes role from  FOLLOWER to FOLLOWER at term 4 for candidate:4d6136e5-74cd-4f55-94f0-c0ea6e146a4a
2022-02-10 16:29:58,504 [grpc-default-executor-3] INFO  impl.RoleInfo (RoleInfo.java:shutdownFollowerState(108)) - fc70cd66-7abc-4864-8afd-7dbfaf00bb56: shutdown fc70cd66-7abc-4864-8afd-7dbfaf00bb56@group-C39131684D0F-FollowerState
2022-02-10 16:29:58,504 [grpc-default-executor-3] INFO  impl.RoleInfo (RoleInfo.java:updateAndGet(130)) - fc70cd66-7abc-4864-8afd-7dbfaf00bb56: start fc70cd66-7abc-4864-8afd-7dbfaf00bb56@group-C39131684D0F-FollowerState
2022-02-10 16:29:58,505 [fc70cd66-7abc-4864-8afd-7dbfaf00bb56@group-C39131684D0F-FollowerState] INFO  impl.FollowerState (FollowerState.java:run(143)) - fc70cd66-7abc-4864-8afd-7dbfaf00bb56@group-C39131684D0F-FollowerState was interrupted: {}
java.lang.InterruptedException: sleep interrupted
	at java.lang.Thread.sleep(Native Method)
	at java.lang.Thread.sleep(Thread.java:340)
	at java.util.concurrent.TimeUnit.sleep(TimeUnit.java:386)
	at org.apache.ratis.util.TimeDuration.sleep(TimeDuration.java:324)
	at org.apache.ratis.util.TimeDuration.sleep(TimeDuration.java:309)
	at org.apache.ratis.server.impl.FollowerState.run(FollowerState.java:118)
2022-02-10 16:29:58,511 [grpc-default-executor-3] INFO  server.RaftServer$Division (RaftServerImpl.java:requestVote(1078)) - fc70cd66-7abc-4864-8afd-7dbfaf00bb56@group-C39131684D0F replies to ELECTION vote request: 4d6136e5-74cd-4f55-94f0-c0ea6e146a4a<-fc70cd66-7abc-4864-8afd-7dbfaf00bb56#0:OK-t4. Peer's state: fc70cd66-7abc-4864-8afd-7dbfaf00bb56@group-C39131684D0F:t4, leader=null, voted=4d6136e5-74cd-4f55-94f0-c0ea6e146a4a, raftlog=fc70cd66-7abc-4864-8afd-7dbfaf00bb56@group-C39131684D0F-SegmentedRaftLog:OPENED:c-1, conf=-1: [a7a4031e-e512-44c4-8d8e-0806c768c5a8|rpc:10.1.0.22:36777|priority:1, fc70cd66-7abc-4864-8afd-7dbfaf00bb56|rpc:10.1.0.22:46709|priority:0, 4d6136e5-74cd-4f55-94f0-c0ea6e146a4a|rpc:10.1.0.22:37065|priority:0], old=null
2022-02-10 16:29:58,699 [Listener at 127.0.0.1/38003] INFO  ozone.MiniOzoneClusterImpl (MiniOzoneClusterImpl.java:lambda$waitForClusterToBeReady$0(219)) - Nodes are ready. Got 3 of 3 DN Heartbeats.
2022-02-10 16:29:58,699 [Listener at 127.0.0.1/38003] INFO  ozone.MiniOzoneClusterImpl (MiniOzoneClusterImpl.java:lambda$waitForClusterToBeReady$0(222)) - Waiting for cluster to exit safe mode
2022-02-10 16:29:58,699 [Listener at 127.0.0.1/38003] INFO  ozone.MiniOzoneClusterImpl (MiniOzoneClusterImpl.java:lambda$waitForClusterToBeReady$0(224)) - SCM became leader
2022-02-10 16:29:59,700 [Listener at 127.0.0.1/38003] INFO  ozone.MiniOzoneClusterImpl (MiniOzoneClusterImpl.java:lambda$waitForClusterToBeReady$0(219)) - Nodes are ready. Got 3 of 3 DN Heartbeats.
2022-02-10 16:29:59,700 [Listener at 127.0.0.1/38003] INFO  ozone.MiniOzoneClusterImpl (MiniOzoneClusterImpl.java:lambda$waitForClusterToBeReady$0(222)) - Waiting for cluster to exit safe mode
2022-02-10 16:29:59,700 [Listener at 127.0.0.1/38003] INFO  ozone.MiniOzoneClusterImpl (MiniOzoneClusterImpl.java:lambda$waitForClusterToBeReady$0(224)) - SCM became leader
2022-02-10 16:30:00,700 [Listener at 127.0.0.1/38003] INFO  ozone.MiniOzoneClusterImpl (MiniOzoneClusterImpl.java:lambda$waitForClusterToBeReady$0(219)) - Nodes are ready. Got 3 of 3 DN Heartbeats.
2022-02-10 16:30:00,700 [Listener at 127.0.0.1/38003] INFO  ozone.MiniOzoneClusterImpl (MiniOzoneClusterImpl.java:lambda$waitForClusterToBeReady$0(222)) - Waiting for cluster to exit safe mode
2022-02-10 16:30:00,700 [Listener at 127.0.0.1/38003] INFO  ozone.MiniOzoneClusterImpl (MiniOzoneClusterImpl.java:lambda$waitForClusterToBeReady$0(224)) - SCM became leader
2022-02-10 16:30:01,701 [Listener at 127.0.0.1/38003] INFO  ozone.MiniOzoneClusterImpl (MiniOzoneClusterImpl.java:lambda$waitForClusterToBeReady$0(219)) - Nodes are ready. Got 3 of 3 DN Heartbeats.
2022-02-10 16:30:01,701 [Listener at 127.0.0.1/38003] INFO  ozone.MiniOzoneClusterImpl (MiniOzoneClusterImpl.java:lambda$waitForClusterToBeReady$0(222)) - Waiting for cluster to exit safe mode
2022-02-10 16:30:01,701 [Listener at 127.0.0.1/38003] INFO  ozone.MiniOzoneClusterImpl (MiniOzoneClusterImpl.java:lambda$waitForClusterToBeReady$0(224)) - SCM became leader
2022-02-10 16:30:02,703 [Listener at 127.0.0.1/38003] INFO  ozone.MiniOzoneClusterImpl (MiniOzoneClusterImpl.java:lambda$waitForClusterToBeReady$0(219)) - Nodes are ready. Got 3 of 3 DN Heartbeats.
2022-02-10 16:30:02,703 [Listener at 127.0.0.1/38003] INFO  ozone.MiniOzoneClusterImpl (MiniOzoneClusterImpl.java:lambda$waitForClusterToBeReady$0(222)) - Waiting for cluster to exit safe mode
2022-02-10 16:30:02,703 [Listener at 127.0.0.1/38003] INFO  ozone.MiniOzoneClusterImpl (MiniOzoneClusterImpl.java:lambda$waitForClusterToBeReady$0(224)) - SCM became leader
2022-02-10 16:30:03,566 [4d6136e5-74cd-4f55-94f0-c0ea6e146a4a@group-C39131684D0F-FollowerState] INFO  impl.FollowerState (FollowerState.java:run(134)) - 4d6136e5-74cd-4f55-94f0-c0ea6e146a4a@group-C39131684D0F-FollowerState: change to CANDIDATE, lastRpcElapsedTime:5074786429ns, electionTimeout:5054ms
2022-02-10 16:30:03,580 [4d6136e5-74cd-4f55-94f0-c0ea6e146a4a@group-C39131684D0F-FollowerState] INFO  impl.RoleInfo (RoleInfo.java:shutdownFollowerState(108)) - 4d6136e5-74cd-4f55-94f0-c0ea6e146a4a: shutdown 4d6136e5-74cd-4f55-94f0-c0ea6e146a4a@group-C39131684D0F-FollowerState
2022-02-10 16:30:03,574 [a7a4031e-e512-44c4-8d8e-0806c768c5a8@group-C39131684D0F-FollowerState] INFO  impl.FollowerState (FollowerState.java:run(134)) - a7a4031e-e512-44c4-8d8e-0806c768c5a8@group-C39131684D0F-FollowerState: change to CANDIDATE, lastRpcElapsedTime:5090664525ns, electionTimeout:5085ms
2022-02-10 16:30:03,580 [a7a4031e-e512-44c4-8d8e-0806c768c5a8@group-C39131684D0F-FollowerState] INFO  impl.RoleInfo (RoleInfo.java:shutdownFollowerState(108)) - a7a4031e-e512-44c4-8d8e-0806c768c5a8: shutdown a7a4031e-e512-44c4-8d8e-0806c768c5a8@group-C39131684D0F-FollowerState
2022-02-10 16:30:03,580 [a7a4031e-e512-44c4-8d8e-0806c768c5a8@group-C39131684D0F-FollowerState] INFO  server.RaftServer$Division (RaftServerImpl.java:setRole(290)) - a7a4031e-e512-44c4-8d8e-0806c768c5a8@group-C39131684D0F: changes role from  FOLLOWER to CANDIDATE at term 4 for changeToCandidate
2022-02-10 16:30:03,580 [a7a4031e-e512-44c4-8d8e-0806c768c5a8@group-C39131684D0F-FollowerState] INFO  server.RaftServerConfigKeys (ConfUtils.java:logGet(44)) - raft.server.leaderelection.pre-vote = false (custom)
2022-02-10 16:30:03,580 [a7a4031e-e512-44c4-8d8e-0806c768c5a8@group-C39131684D0F-FollowerState] INFO  impl.RoleInfo (RoleInfo.java:updateAndGet(130)) - a7a4031e-e512-44c4-8d8e-0806c768c5a8: start a7a4031e-e512-44c4-8d8e-0806c768c5a8@group-C39131684D0F-LeaderElection27
2022-02-10 16:30:03,580 [4d6136e5-74cd-4f55-94f0-c0ea6e146a4a@group-C39131684D0F-FollowerState] INFO  server.RaftServer$Division (RaftServerImpl.java:setRole(290)) - 4d6136e5-74cd-4f55-94f0-c0ea6e146a4a@group-C39131684D0F: changes role from  FOLLOWER to CANDIDATE at term 4 for changeToCandidate
2022-02-10 16:30:03,587 [4d6136e5-74cd-4f55-94f0-c0ea6e146a4a@group-C39131684D0F-FollowerState] INFO  server.RaftServerConfigKeys (ConfUtils.java:logGet(44)) - raft.server.leaderelection.pre-vote = false (custom)
2022-02-10 16:30:03,587 [4d6136e5-74cd-4f55-94f0-c0ea6e146a4a@group-C39131684D0F-FollowerState] INFO  impl.RoleInfo (RoleInfo.java:updateAndGet(130)) - 4d6136e5-74cd-4f55-94f0-c0ea6e146a4a: start 4d6136e5-74cd-4f55-94f0-c0ea6e146a4a@group-C39131684D0F-LeaderElection28
2022-02-10 16:30:03,591 [a7a4031e-e512-44c4-8d8e-0806c768c5a8@group-C39131684D0F-LeaderElection27] INFO  impl.LeaderElection (LeaderElection.java:askForVotes(306)) - a7a4031e-e512-44c4-8d8e-0806c768c5a8@group-C39131684D0F-LeaderElection27 ELECTION round 0: submit vote requests at term 5 for -1: [a7a4031e-e512-44c4-8d8e-0806c768c5a8|rpc:10.1.0.22:36777|dataStream:|priority:1, fc70cd66-7abc-4864-8afd-7dbfaf00bb56|rpc:10.1.0.22:46709|dataStream:|priority:0, 4d6136e5-74cd-4f55-94f0-c0ea6e146a4a|rpc:10.1.0.22:37065|dataStream:|priority:0], old=null
2022-02-10 16:30:03,596 [4d6136e5-74cd-4f55-94f0-c0ea6e146a4a@group-C39131684D0F-LeaderElection28] INFO  impl.LeaderElection (LeaderElection.java:askForVotes(306)) - 4d6136e5-74cd-4f55-94f0-c0ea6e146a4a@group-C39131684D0F-LeaderElection28 ELECTION round 0: submit vote requests at term 5 for -1: [a7a4031e-e512-44c4-8d8e-0806c768c5a8|rpc:10.1.0.22:36777|dataStream:|priority:1, fc70cd66-7abc-4864-8afd-7dbfaf00bb56|rpc:10.1.0.22:46709|dataStream:|priority:0, 4d6136e5-74cd-4f55-94f0-c0ea6e146a4a|rpc:10.1.0.22:37065|dataStream:|priority:0], old=null
2022-02-10 16:30:03,615 [fc70cd66-7abc-4864-8afd-7dbfaf00bb56@group-C39131684D0F-FollowerState] INFO  impl.FollowerState (FollowerState.java:run(134)) - fc70cd66-7abc-4864-8afd-7dbfaf00bb56@group-C39131684D0F-FollowerState: change to CANDIDATE, lastRpcElapsedTime:5104081945ns, electionTimeout:5092ms
2022-02-10 16:30:03,620 [fc70cd66-7abc-4864-8afd-7dbfaf00bb56@group-C39131684D0F-FollowerState] INFO  impl.RoleInfo (RoleInfo.java:shutdownFollowerState(108)) - fc70cd66-7abc-4864-8afd-7dbfaf00bb56: shutdown fc70cd66-7abc-4864-8afd-7dbfaf00bb56@group-C39131684D0F-FollowerState
2022-02-10 16:30:03,620 [fc70cd66-7abc-4864-8afd-7dbfaf00bb56@group-C39131684D0F-FollowerState] INFO  server.RaftServer$Division (RaftServerImpl.java:setRole(290)) - fc70cd66-7abc-4864-8afd-7dbfaf00bb56@group-C39131684D0F: changes role from  FOLLOWER to CANDIDATE at term 4 for changeToCandidate
2022-02-10 16:30:03,620 [fc70cd66-7abc-4864-8afd-7dbfaf00bb56@group-C39131684D0F-FollowerState] INFO  server.RaftServerConfigKeys (ConfUtils.java:logGet(44)) - raft.server.leaderelection.pre-vote = false (custom)
2022-02-10 16:30:03,620 [fc70cd66-7abc-4864-8afd-7dbfaf00bb56@group-C39131684D0F-FollowerState] INFO  impl.RoleInfo (RoleInfo.java:updateAndGet(130)) - fc70cd66-7abc-4864-8afd-7dbfaf00bb56: start fc70cd66-7abc-4864-8afd-7dbfaf00bb56@group-C39131684D0F-LeaderElection29
2022-02-10 16:30:03,620 [grpc-default-executor-2] INFO  server.RaftServer$Division (RaftServerImpl.java:requestVote(1046)) - a7a4031e-e512-44c4-8d8e-0806c768c5a8@group-C39131684D0F: receive requestVote(ELECTION, 4d6136e5-74cd-4f55-94f0-c0ea6e146a4a, group-C39131684D0F, 5, (t:0, i:0))
2022-02-10 16:30:03,636 [grpc-default-executor-2] INFO  impl.VoteContext (VoteContext.java:log(48)) - a7a4031e-e512-44c4-8d8e-0806c768c5a8@group-C39131684D0F-CANDIDATE: reject ELECTION from 4d6136e5-74cd-4f55-94f0-c0ea6e146a4a: already has voted for a7a4031e-e512-44c4-8d8e-0806c768c5a8 at current term 5
2022-02-10 16:30:03,635 [fc70cd66-7abc-4864-8afd-7dbfaf00bb56@group-C39131684D0F-LeaderElection29] INFO  impl.LeaderElection (LeaderElection.java:askForVotes(306)) - fc70cd66-7abc-4864-8afd-7dbfaf00bb56@group-C39131684D0F-LeaderElection29 ELECTION round 0: submit vote requests at term 5 for -1: [a7a4031e-e512-44c4-8d8e-0806c768c5a8|rpc:10.1.0.22:36777|priority:1, fc70cd66-7abc-4864-8afd-7dbfaf00bb56|rpc:10.1.0.22:46709|priority:0, 4d6136e5-74cd-4f55-94f0-c0ea6e146a4a|rpc:10.1.0.22:37065|priority:0], old=null
2022-02-10 16:30:03,636 [grpc-default-executor-2] INFO  server.RaftServer$Division (RaftServerImpl.java:requestVote(1078)) - a7a4031e-e512-44c4-8d8e-0806c768c5a8@group-C39131684D0F replies to ELECTION vote request: 4d6136e5-74cd-4f55-94f0-c0ea6e146a4a<-a7a4031e-e512-44c4-8d8e-0806c768c5a8#0:FAIL-t5. Peer's state: a7a4031e-e512-44c4-8d8e-0806c768c5a8@group-C39131684D0F:t5, leader=null, voted=a7a4031e-e512-44c4-8d8e-0806c768c5a8, raftlog=a7a4031e-e512-44c4-8d8e-0806c768c5a8@group-C39131684D0F-SegmentedRaftLog:OPENED:c-1, conf=-1: [a7a4031e-e512-44c4-8d8e-0806c768c5a8|rpc:10.1.0.22:36777|dataStream:|priority:1, fc70cd66-7abc-4864-8afd-7dbfaf00bb56|rpc:10.1.0.22:46709|dataStream:|priority:0, 4d6136e5-74cd-4f55-94f0-c0ea6e146a4a|rpc:10.1.0.22:37065|dataStream:|priority:0], old=null
2022-02-10 16:30:03,650 [grpc-default-executor-3] INFO  server.RaftServer$Division (RaftServerImpl.java:requestVote(1046)) - 4d6136e5-74cd-4f55-94f0-c0ea6e146a4a@group-C39131684D0F: receive requestVote(ELECTION, a7a4031e-e512-44c4-8d8e-0806c768c5a8, group-C39131684D0F, 5, (t:0, i:0))
2022-02-10 16:30:03,650 [grpc-default-executor-3] INFO  impl.VoteContext (VoteContext.java:log(48)) - 4d6136e5-74cd-4f55-94f0-c0ea6e146a4a@group-C39131684D0F-CANDIDATE: reject ELECTION from a7a4031e-e512-44c4-8d8e-0806c768c5a8: already has voted for 4d6136e5-74cd-4f55-94f0-c0ea6e146a4a at current term 5
2022-02-10 16:30:03,650 [grpc-default-executor-3] INFO  server.RaftServer$Division (RaftServerImpl.java:requestVote(1078)) - 4d6136e5-74cd-4f55-94f0-c0ea6e146a4a@group-C39131684D0F replies to ELECTION vote request: a7a4031e-e512-44c4-8d8e-0806c768c5a8<-4d6136e5-74cd-4f55-94f0-c0ea6e146a4a#0:FAIL-t5. Peer's state: 4d6136e5-74cd-4f55-94f0-c0ea6e146a4a@group-C39131684D0F:t5, leader=null, voted=4d6136e5-74cd-4f55-94f0-c0ea6e146a4a, raftlog=4d6136e5-74cd-4f55-94f0-c0ea6e146a4a@group-C39131684D0F-SegmentedRaftLog:OPENED:c-1, conf=-1: [a7a4031e-e512-44c4-8d8e-0806c768c5a8|rpc:10.1.0.22:36777|dataStream:|priority:1, fc70cd66-7abc-4864-8afd-7dbfaf00bb56|rpc:10.1.0.22:46709|dataStream:|priority:0, 4d6136e5-74cd-4f55-94f0-c0ea6e146a4a|rpc:10.1.0.22:37065|dataStream:|priority:0], old=null
2022-02-10 16:30:03,651 [grpc-default-executor-2] INFO  server.RaftServer$Division (RaftServerImpl.java:requestVote(1046)) - fc70cd66-7abc-4864-8afd-7dbfaf00bb56@group-C39131684D0F: receive requestVote(ELECTION, a7a4031e-e512-44c4-8d8e-0806c768c5a8, group-C39131684D0F, 5, (t:0, i:0))
2022-02-10 16:30:03,655 [grpc-default-executor-2] INFO  impl.VoteContext (VoteContext.java:log(48)) - fc70cd66-7abc-4864-8afd-7dbfaf00bb56@group-C39131684D0F-CANDIDATE: reject ELECTION from a7a4031e-e512-44c4-8d8e-0806c768c5a8: already has voted for fc70cd66-7abc-4864-8afd-7dbfaf00bb56 at current term 5
2022-02-10 16:30:03,655 [grpc-default-executor-2] INFO  server.RaftServer$Division (RaftServerImpl.java:requestVote(1078)) - fc70cd66-7abc-4864-8afd-7dbfaf00bb56@group-C39131684D0F replies to ELECTION vote request: a7a4031e-e512-44c4-8d8e-0806c768c5a8<-fc70cd66-7abc-4864-8afd-7dbfaf00bb56#0:FAIL-t5. Peer's state: fc70cd66-7abc-4864-8afd-7dbfaf00bb56@group-C39131684D0F:t5, leader=null, voted=fc70cd66-7abc-4864-8afd-7dbfaf00bb56, raftlog=fc70cd66-7abc-4864-8afd-7dbfaf00bb56@group-C39131684D0F-SegmentedRaftLog:OPENED:c-1, conf=-1: [a7a4031e-e512-44c4-8d8e-0806c768c5a8|rpc:10.1.0.22:36777|priority:1, fc70cd66-7abc-4864-8afd-7dbfaf00bb56|rpc:10.1.0.22:46709|priority:0, 4d6136e5-74cd-4f55-94f0-c0ea6e146a4a|rpc:10.1.0.22:37065|priority:0], old=null
2022-02-10 16:30:03,653 [4d6136e5-74cd-4f55-94f0-c0ea6e146a4a@group-C39131684D0F-LeaderElection28] INFO  impl.LeaderElection (LeaderElection.java:logAndReturn(89)) - 4d6136e5-74cd-4f55-94f0-c0ea6e146a4a@group-C39131684D0F-LeaderElection28: ELECTION REJECTED received 1 response(s) and 0 exception(s):
2022-02-10 16:30:03,681 [4d6136e5-74cd-4f55-94f0-c0ea6e146a4a@group-C39131684D0F-LeaderElection28] INFO  impl.LeaderElection (LeaderElection.java:logAndReturn(93)) -   Response 0: 4d6136e5-74cd-4f55-94f0-c0ea6e146a4a<-a7a4031e-e512-44c4-8d8e-0806c768c5a8#0:FAIL-t5
2022-02-10 16:30:03,681 [4d6136e5-74cd-4f55-94f0-c0ea6e146a4a@group-C39131684D0F-LeaderElection28] INFO  impl.LeaderElection (LeaderElection.java:askForVotes(308)) - 4d6136e5-74cd-4f55-94f0-c0ea6e146a4a@group-C39131684D0F-LeaderElection28 ELECTION round 0: result REJECTED
2022-02-10 16:30:03,681 [4d6136e5-74cd-4f55-94f0-c0ea6e146a4a@group-C39131684D0F-LeaderElection28] INFO  server.RaftServer$Division (RaftServerImpl.java:setRole(290)) - 4d6136e5-74cd-4f55-94f0-c0ea6e146a4a@group-C39131684D0F: changes role from CANDIDATE to FOLLOWER at term 5 for REJECTED
2022-02-10 16:30:03,681 [4d6136e5-74cd-4f55-94f0-c0ea6e146a4a@group-C39131684D0F-LeaderElection28] INFO  impl.RoleInfo (RoleInfo.java:shutdownLeaderElection(121)) - 4d6136e5-74cd-4f55-94f0-c0ea6e146a4a: shutdown 4d6136e5-74cd-4f55-94f0-c0ea6e146a4a@group-C39131684D0F-LeaderElection28
2022-02-10 16:30:03,681 [4d6136e5-74cd-4f55-94f0-c0ea6e146a4a@group-C39131684D0F-LeaderElection28] INFO  impl.RoleInfo (RoleInfo.java:updateAndGet(130)) - 4d6136e5-74cd-4f55-94f0-c0ea6e146a4a: start 4d6136e5-74cd-4f55-94f0-c0ea6e146a4a@group-C39131684D0F-FollowerState
2022-02-10 16:30:03,681 [grpc-default-executor-3] INFO  server.RaftServer$Division (RaftServerImpl.java:requestVote(1046)) - a7a4031e-e512-44c4-8d8e-0806c768c5a8@group-C39131684D0F: receive requestVote(ELECTION, fc70cd66-7abc-4864-8afd-7dbfaf00bb56, group-C39131684D0F, 5, (t:0, i:0))
2022-02-10 16:30:03,679 [grpc-default-executor-5] INFO  server.RaftServer$Division (RaftServerImpl.java:requestVote(1046)) - 4d6136e5-74cd-4f55-94f0-c0ea6e146a4a@group-C39131684D0F: receive requestVote(ELECTION, fc70cd66-7abc-4864-8afd-7dbfaf00bb56, group-C39131684D0F, 5, (t:0, i:0))
2022-02-10 16:30:03,700 [grpc-default-executor-5] INFO  impl.VoteContext (VoteContext.java:log(48)) - 4d6136e5-74cd-4f55-94f0-c0ea6e146a4a@group-C39131684D0F-FOLLOWER: reject ELECTION from fc70cd66-7abc-4864-8afd-7dbfaf00bb56: already has voted for 4d6136e5-74cd-4f55-94f0-c0ea6e146a4a at current term 5
2022-02-10 16:30:03,700 [grpc-default-executor-5] INFO  server.RaftServer$Division (RaftServerImpl.java:requestVote(1078)) - 4d6136e5-74cd-4f55-94f0-c0ea6e146a4a@group-C39131684D0F replies to ELECTION vote request: fc70cd66-7abc-4864-8afd-7dbfaf00bb56<-4d6136e5-74cd-4f55-94f0-c0ea6e146a4a#0:FAIL-t5. Peer's state: 4d6136e5-74cd-4f55-94f0-c0ea6e146a4a@group-C39131684D0F:t5, leader=null, voted=4d6136e5-74cd-4f55-94f0-c0ea6e146a4a, raftlog=4d6136e5-74cd-4f55-94f0-c0ea6e146a4a@group-C39131684D0F-SegmentedRaftLog:OPENED:c-1, conf=-1: [a7a4031e-e512-44c4-8d8e-0806c768c5a8|rpc:10.1.0.22:36777|dataStream:|priority:1, fc70cd66-7abc-4864-8afd-7dbfaf00bb56|rpc:10.1.0.22:46709|dataStream:|priority:0, 4d6136e5-74cd-4f55-94f0-c0ea6e146a4a|rpc:10.1.0.22:37065|dataStream:|priority:0], old=null
2022-02-10 16:30:03,655 [grpc-default-executor-4] INFO  server.RaftServer$Division (RaftServerImpl.java:requestVote(1046)) - fc70cd66-7abc-4864-8afd-7dbfaf00bb56@group-C39131684D0F: receive requestVote(ELECTION, 4d6136e5-74cd-4f55-94f0-c0ea6e146a4a, group-C39131684D0F, 5, (t:0, i:0))
2022-02-10 16:30:03,700 [grpc-default-executor-3] INFO  impl.VoteContext (VoteContext.java:log(48)) - a7a4031e-e512-44c4-8d8e-0806c768c5a8@group-C39131684D0F-CANDIDATE: reject ELECTION from fc70cd66-7abc-4864-8afd-7dbfaf00bb56: already has voted for a7a4031e-e512-44c4-8d8e-0806c768c5a8 at current term 5
2022-02-10 16:30:03,682 [a7a4031e-e512-44c4-8d8e-0806c768c5a8@group-C39131684D0F-LeaderElection27] INFO  impl.LeaderElection (LeaderElection.java:logAndReturn(89)) - a7a4031e-e512-44c4-8d8e-0806c768c5a8@group-C39131684D0F-LeaderElection27: ELECTION REJECTED received 2 response(s) and 0 exception(s):
2022-02-10 16:30:03,712 [grpc-default-executor-3] INFO  server.RaftServer$Division (RaftServerImpl.java:requestVote(1078)) - a7a4031e-e512-44c4-8d8e-0806c768c5a8@group-C39131684D0F replies to ELECTION vote request: fc70cd66-7abc-4864-8afd-7dbfaf00bb56<-a7a4031e-e512-44c4-8d8e-0806c768c5a8#0:FAIL-t5. Peer's state: a7a4031e-e512-44c4-8d8e-0806c768c5a8@group-C39131684D0F:t5, leader=null, voted=a7a4031e-e512-44c4-8d8e-0806c768c5a8, raftlog=a7a4031e-e512-44c4-8d8e-0806c768c5a8@group-C39131684D0F-SegmentedRaftLog:OPENED:c-1, conf=-1: [a7a4031e-e512-44c4-8d8e-0806c768c5a8|rpc:10.1.0.22:36777|dataStream:|priority:1, fc70cd66-7abc-4864-8afd-7dbfaf00bb56|rpc:10.1.0.22:46709|dataStream:|priority:0, 4d6136e5-74cd-4f55-94f0-c0ea6e146a4a|rpc:10.1.0.22:37065|dataStream:|priority:0], old=null
2022-02-10 16:30:03,703 [Listener at 127.0.0.1/38003] INFO  ozone.MiniOzoneClusterImpl (MiniOzoneClusterImpl.java:lambda$waitForClusterToBeReady$0(219)) - Nodes are ready. Got 3 of 3 DN Heartbeats.
2022-02-10 16:30:03,713 [Listener at 127.0.0.1/38003] INFO  ozone.MiniOzoneClusterImpl (MiniOzoneClusterImpl.java:lambda$waitForClusterToBeReady$0(222)) - Waiting for cluster to exit safe mode
2022-02-10 16:30:03,713 [Listener at 127.0.0.1/38003] INFO  ozone.MiniOzoneClusterImpl (MiniOzoneClusterImpl.java:lambda$waitForClusterToBeReady$0(224)) - SCM became leader
2022-02-10 16:30:03,701 [grpc-default-executor-4] INFO  impl.VoteContext (VoteContext.java:log(48)) - fc70cd66-7abc-4864-8afd-7dbfaf00bb56@group-C39131684D0F-CANDIDATE: reject ELECTION from 4d6136e5-74cd-4f55-94f0-c0ea6e146a4a: already has voted for fc70cd66-7abc-4864-8afd-7dbfaf00bb56 at current term 5
2022-02-10 16:30:03,714 [grpc-default-executor-4] INFO  server.RaftServer$Division (RaftServerImpl.java:requestVote(1078)) - fc70cd66-7abc-4864-8afd-7dbfaf00bb56@group-C39131684D0F replies to ELECTION vote request: 4d6136e5-74cd-4f55-94f0-c0ea6e146a4a<-fc70cd66-7abc-4864-8afd-7dbfaf00bb56#0:FAIL-t5. Peer's state: fc70cd66-7abc-4864-8afd-7dbfaf00bb56@group-C39131684D0F:t5, leader=null, voted=fc70cd66-7abc-4864-8afd-7dbfaf00bb56, raftlog=fc70cd66-7abc-4864-8afd-7dbfaf00bb56@group-C39131684D0F-SegmentedRaftLog:OPENED:c-1, conf=-1: [a7a4031e-e512-44c4-8d8e-0806c768c5a8|rpc:10.1.0.22:36777|priority:1, fc70cd66-7abc-4864-8afd-7dbfaf00bb56|rpc:10.1.0.22:46709|priority:0, 4d6136e5-74cd-4f55-94f0-c0ea6e146a4a|rpc:10.1.0.22:37065|priority:0], old=null
2022-02-10 16:30:03,712 [a7a4031e-e512-44c4-8d8e-0806c768c5a8@group-C39131684D0F-LeaderElection27] INFO  impl.LeaderElection (LeaderElection.java:logAndReturn(93)) -   Response 0: a7a4031e-e512-44c4-8d8e-0806c768c5a8<-fc70cd66-7abc-4864-8afd-7dbfaf00bb56#0:FAIL-t5
2022-02-10 16:30:03,714 [a7a4031e-e512-44c4-8d8e-0806c768c5a8@group-C39131684D0F-LeaderElection27] INFO  impl.LeaderElection (LeaderElection.java:logAndReturn(93)) -   Response 1: a7a4031e-e512-44c4-8d8e-0806c768c5a8<-4d6136e5-74cd-4f55-94f0-c0ea6e146a4a#0:FAIL-t5
2022-02-10 16:30:03,715 [a7a4031e-e512-44c4-8d8e-0806c768c5a8@group-C39131684D0F-LeaderElection27] INFO  impl.LeaderElection (LeaderElection.java:askForVotes(308)) - a7a4031e-e512-44c4-8d8e-0806c768c5a8@group-C39131684D0F-LeaderElection27 ELECTION round 0: result REJECTED
2022-02-10 16:30:03,715 [a7a4031e-e512-44c4-8d8e-0806c768c5a8@group-C39131684D0F-LeaderElection27] INFO  server.RaftServer$Division (RaftServerImpl.java:setRole(290)) - a7a4031e-e512-44c4-8d8e-0806c768c5a8@group-C39131684D0F: changes role from CANDIDATE to FOLLOWER at term 5 for REJECTED
2022-02-10 16:30:03,715 [a7a4031e-e512-44c4-8d8e-0806c768c5a8@group-C39131684D0F-LeaderElection27] INFO  impl.RoleInfo (RoleInfo.java:shutdownLeaderElection(121)) - a7a4031e-e512-44c4-8d8e-0806c768c5a8: shutdown a7a4031e-e512-44c4-8d8e-0806c768c5a8@group-C39131684D0F-LeaderElection27
2022-02-10 16:30:03,715 [a7a4031e-e512-44c4-8d8e-0806c768c5a8@group-C39131684D0F-LeaderElection27] INFO  impl.RoleInfo (RoleInfo.java:updateAndGet(130)) - a7a4031e-e512-44c4-8d8e-0806c768c5a8: start a7a4031e-e512-44c4-8d8e-0806c768c5a8@group-C39131684D0F-FollowerState
2022-02-10 16:30:03,721 [fc70cd66-7abc-4864-8afd-7dbfaf00bb56@group-C39131684D0F-LeaderElection29] INFO  impl.LeaderElection (LeaderElection.java:logAndReturn(89)) - fc70cd66-7abc-4864-8afd-7dbfaf00bb56@group-C39131684D0F-LeaderElection29: ELECTION REJECTED received 2 response(s) and 0 exception(s):
2022-02-10 16:30:03,722 [fc70cd66-7abc-4864-8afd-7dbfaf00bb56@group-C39131684D0F-LeaderElection29] INFO  impl.LeaderElection (LeaderElection.java:logAndReturn(93)) -   Response 0: fc70cd66-7abc-4864-8afd-7dbfaf00bb56<-a7a4031e-e512-44c4-8d8e-0806c768c5a8#0:FAIL-t5
2022-02-10 16:30:03,722 [fc70cd66-7abc-4864-8afd-7dbfaf00bb56@group-C39131684D0F-LeaderElection29] INFO  impl.LeaderElection (LeaderElection.java:logAndReturn(93)) -   Response 1: fc70cd66-7abc-4864-8afd-7dbfaf00bb56<-4d6136e5-74cd-4f55-94f0-c0ea6e146a4a#0:FAIL-t5
2022-02-10 16:30:03,722 [fc70cd66-7abc-4864-8afd-7dbfaf00bb56@group-C39131684D0F-LeaderElection29] INFO  impl.LeaderElection (LeaderElection.java:askForVotes(308)) - fc70cd66-7abc-4864-8afd-7dbfaf00bb56@group-C39131684D0F-LeaderElection29 ELECTION round 0: result REJECTED
2022-02-10 16:30:03,722 [fc70cd66-7abc-4864-8afd-7dbfaf00bb56@group-C39131684D0F-LeaderElection29] INFO  server.RaftServer$Division (RaftServerImpl.java:setRole(290)) - fc70cd66-7abc-4864-8afd-7dbfaf00bb56@group-C39131684D0F: changes role from CANDIDATE to FOLLOWER at term 5 for REJECTED
2022-02-10 16:30:03,722 [fc70cd66-7abc-4864-8afd-7dbfaf00bb56@group-C39131684D0F-LeaderElection29] INFO  impl.RoleInfo (RoleInfo.java:shutdownLeaderElection(121)) - fc70cd66-7abc-4864-8afd-7dbfaf00bb56: shutdown fc70cd66-7abc-4864-8afd-7dbfaf00bb56@group-C39131684D0F-LeaderElection29
2022-02-10 16:30:03,722 [fc70cd66-7abc-4864-8afd-7dbfaf00bb56@group-C39131684D0F-LeaderElection29] INFO  impl.RoleInfo (RoleInfo.java:updateAndGet(130)) - fc70cd66-7abc-4864-8afd-7dbfaf00bb56: start fc70cd66-7abc-4864-8afd-7dbfaf00bb56@group-C39131684D0F-FollowerState
2022-02-10 16:30:04,713 [Listener at 127.0.0.1/38003] INFO  ozone.MiniOzoneClusterImpl (MiniOzoneClusterImpl.java:lambda$waitForClusterToBeReady$0(219)) - Nodes are ready. Got 3 of 3 DN Heartbeats.
2022-02-10 16:30:04,713 [Listener at 127.0.0.1/38003] INFO  ozone.MiniOzoneClusterImpl (MiniOzoneClusterImpl.java:lambda$waitForClusterToBeReady$0(222)) - Waiting for cluster to exit safe mode
2022-02-10 16:30:04,713 [Listener at 127.0.0.1/38003] INFO  ozone.MiniOzoneClusterImpl (MiniOzoneClusterImpl.java:lambda$waitForClusterToBeReady$0(224)) - SCM became leader
2022-02-10 16:30:05,714 [Listener at 127.0.0.1/38003] INFO  ozone.MiniOzoneClusterImpl (MiniOzoneClusterImpl.java:lambda$waitForClusterToBeReady$0(219)) - Nodes are ready. Got 3 of 3 DN Heartbeats.
2022-02-10 16:30:05,714 [Listener at 127.0.0.1/38003] INFO  ozone.MiniOzoneClusterImpl (MiniOzoneClusterImpl.java:lambda$waitForClusterToBeReady$0(222)) - Waiting for cluster to exit safe mode
2022-02-10 16:30:05,714 [Listener at 127.0.0.1/38003] INFO  ozone.MiniOzoneClusterImpl (MiniOzoneClusterImpl.java:lambda$waitForClusterToBeReady$0(224)) - SCM became leader
2022-02-10 16:30:06,714 [Listener at 127.0.0.1/38003] INFO  ozone.MiniOzoneClusterImpl (MiniOzoneClusterImpl.java:lambda$waitForClusterToBeReady$0(219)) - Nodes are ready. Got 3 of 3 DN Heartbeats.
2022-02-10 16:30:06,714 [Listener at 127.0.0.1/38003] INFO  ozone.MiniOzoneClusterImpl (MiniOzoneClusterImpl.java:lambda$waitForClusterToBeReady$0(222)) - Waiting for cluster to exit safe mode
2022-02-10 16:30:06,715 [Listener at 127.0.0.1/38003] INFO  ozone.MiniOzoneClusterImpl (MiniOzoneClusterImpl.java:lambda$waitForClusterToBeReady$0(224)) - SCM became leader
2022-02-10 16:30:07,715 [Listener at 127.0.0.1/38003] INFO  ozone.MiniOzoneClusterImpl (MiniOzoneClusterImpl.java:lambda$waitForClusterToBeReady$0(219)) - Nodes are ready. Got 3 of 3 DN Heartbeats.
2022-02-10 16:30:07,715 [Listener at 127.0.0.1/38003] INFO  ozone.MiniOzoneClusterImpl (MiniOzoneClusterImpl.java:lambda$waitForClusterToBeReady$0(222)) - Waiting for cluster to exit safe mode
2022-02-10 16:30:07,715 [Listener at 127.0.0.1/38003] INFO  ozone.MiniOzoneClusterImpl (MiniOzoneClusterImpl.java:lambda$waitForClusterToBeReady$0(224)) - SCM became leader
2022-02-10 16:30:08,715 [Listener at 127.0.0.1/38003] INFO  ozone.MiniOzoneClusterImpl (MiniOzoneClusterImpl.java:lambda$waitForClusterToBeReady$0(219)) - Nodes are ready. Got 3 of 3 DN Heartbeats.
2022-02-10 16:30:08,715 [Listener at 127.0.0.1/38003] INFO  ozone.MiniOzoneClusterImpl (MiniOzoneClusterImpl.java:lambda$waitForClusterToBeReady$0(222)) - Waiting for cluster to exit safe mode
2022-02-10 16:30:08,716 [Listener at 127.0.0.1/38003] INFO  ozone.MiniOzoneClusterImpl (MiniOzoneClusterImpl.java:lambda$waitForClusterToBeReady$0(224)) - SCM became leader
2022-02-10 16:30:08,859 [4d6136e5-74cd-4f55-94f0-c0ea6e146a4a@group-C39131684D0F-FollowerState] INFO  impl.FollowerState (FollowerState.java:run(134)) - 4d6136e5-74cd-4f55-94f0-c0ea6e146a4a@group-C39131684D0F-FollowerState: change to CANDIDATE, lastRpcElapsedTime:5178125333ns, electionTimeout:5175ms
2022-02-10 16:30:08,859 [4d6136e5-74cd-4f55-94f0-c0ea6e146a4a@group-C39131684D0F-FollowerState] INFO  impl.RoleInfo (RoleInfo.java:shutdownFollowerState(108)) - 4d6136e5-74cd-4f55-94f0-c0ea6e146a4a: shutdown 4d6136e5-74cd-4f55-94f0-c0ea6e146a4a@group-C39131684D0F-FollowerState
2022-02-10 16:30:08,859 [4d6136e5-74cd-4f55-94f0-c0ea6e146a4a@group-C39131684D0F-FollowerState] INFO  server.RaftServer$Division (RaftServerImpl.java:setRole(290)) - 4d6136e5-74cd-4f55-94f0-c0ea6e146a4a@group-C39131684D0F: changes role from  FOLLOWER to CANDIDATE at term 5 for changeToCandidate
2022-02-10 16:30:08,860 [4d6136e5-74cd-4f55-94f0-c0ea6e146a4a@group-C39131684D0F-FollowerState] INFO  server.RaftServerConfigKeys (ConfUtils.java:logGet(44)) - raft.server.leaderelection.pre-vote = false (custom)
2022-02-10 16:30:08,860 [4d6136e5-74cd-4f55-94f0-c0ea6e146a4a@group-C39131684D0F-FollowerState] INFO  impl.RoleInfo (RoleInfo.java:updateAndGet(130)) - 4d6136e5-74cd-4f55-94f0-c0ea6e146a4a: start 4d6136e5-74cd-4f55-94f0-c0ea6e146a4a@group-C39131684D0F-LeaderElection30
2022-02-10 16:30:08,876 [4d6136e5-74cd-4f55-94f0-c0ea6e146a4a@group-C39131684D0F-LeaderElection30] INFO  impl.LeaderElection (LeaderElection.java:askForVotes(306)) - 4d6136e5-74cd-4f55-94f0-c0ea6e146a4a@group-C39131684D0F-LeaderElection30 ELECTION round 0: submit vote requests at term 6 for -1: [a7a4031e-e512-44c4-8d8e-0806c768c5a8|rpc:10.1.0.22:36777|dataStream:|priority:1, fc70cd66-7abc-4864-8afd-7dbfaf00bb56|rpc:10.1.0.22:46709|dataStream:|priority:0, 4d6136e5-74cd-4f55-94f0-c0ea6e146a4a|rpc:10.1.0.22:37065|dataStream:|priority:0], old=null
2022-02-10 16:30:08,887 [a7a4031e-e512-44c4-8d8e-0806c768c5a8@group-C39131684D0F-FollowerState] INFO  impl.FollowerState (FollowerState.java:run(134)) - a7a4031e-e512-44c4-8d8e-0806c768c5a8@group-C39131684D0F-FollowerState: change to CANDIDATE, lastRpcElapsedTime:5172716455ns, electionTimeout:5172ms
2022-02-10 16:30:08,888 [a7a4031e-e512-44c4-8d8e-0806c768c5a8@group-C39131684D0F-FollowerState] INFO  impl.RoleInfo (RoleInfo.java:shutdownFollowerState(108)) - a7a4031e-e512-44c4-8d8e-0806c768c5a8: shutdown a7a4031e-e512-44c4-8d8e-0806c768c5a8@group-C39131684D0F-FollowerState
2022-02-10 16:30:08,888 [a7a4031e-e512-44c4-8d8e-0806c768c5a8@group-C39131684D0F-FollowerState] INFO  server.RaftServer$Division (RaftServerImpl.java:setRole(290)) - a7a4031e-e512-44c4-8d8e-0806c768c5a8@group-C39131684D0F: changes role from  FOLLOWER to CANDIDATE at term 5 for changeToCandidate
2022-02-10 16:30:08,889 [a7a4031e-e512-44c4-8d8e-0806c768c5a8@group-C39131684D0F-FollowerState] INFO  server.RaftServerConfigKeys (ConfUtils.java:logGet(44)) - raft.server.leaderelection.pre-vote = false (custom)
2022-02-10 16:30:08,890 [a7a4031e-e512-44c4-8d8e-0806c768c5a8@group-C39131684D0F-FollowerState] INFO  impl.RoleInfo (RoleInfo.java:updateAndGet(130)) - a7a4031e-e512-44c4-8d8e-0806c768c5a8: start a7a4031e-e512-44c4-8d8e-0806c768c5a8@group-C39131684D0F-LeaderElection31
2022-02-10 16:30:08,900 [grpc-default-executor-4] INFO  server.RaftServer$Division (RaftServerImpl.java:requestVote(1046)) - a7a4031e-e512-44c4-8d8e-0806c768c5a8@group-C39131684D0F: receive requestVote(ELECTION, 4d6136e5-74cd-4f55-94f0-c0ea6e146a4a, group-C39131684D0F, 6, (t:0, i:0))
2022-02-10 16:30:08,900 [grpc-default-executor-3] INFO  server.RaftServer$Division (RaftServerImpl.java:requestVote(1046)) - fc70cd66-7abc-4864-8afd-7dbfaf00bb56@group-C39131684D0F: receive requestVote(ELECTION, 4d6136e5-74cd-4f55-94f0-c0ea6e146a4a, group-C39131684D0F, 6, (t:0, i:0))
2022-02-10 16:30:08,904 [grpc-default-executor-3] INFO  impl.VoteContext (VoteContext.java:log(48)) - fc70cd66-7abc-4864-8afd-7dbfaf00bb56@group-C39131684D0F-FOLLOWER: accept ELECTION from 4d6136e5-74cd-4f55-94f0-c0ea6e146a4a: our priority 0 <= candidate's priority 0
2022-02-10 16:30:08,904 [grpc-default-executor-3] INFO  server.RaftServer$Division (RaftServerImpl.java:setRole(290)) - fc70cd66-7abc-4864-8afd-7dbfaf00bb56@group-C39131684D0F: changes role from  FOLLOWER to FOLLOWER at term 6 for candidate:4d6136e5-74cd-4f55-94f0-c0ea6e146a4a
2022-02-10 16:30:08,904 [grpc-default-executor-3] INFO  impl.RoleInfo (RoleInfo.java:shutdownFollowerState(108)) - fc70cd66-7abc-4864-8afd-7dbfaf00bb56: shutdown fc70cd66-7abc-4864-8afd-7dbfaf00bb56@group-C39131684D0F-FollowerState
2022-02-10 16:30:08,904 [grpc-default-executor-3] INFO  impl.RoleInfo (RoleInfo.java:updateAndGet(130)) - fc70cd66-7abc-4864-8afd-7dbfaf00bb56: start fc70cd66-7abc-4864-8afd-7dbfaf00bb56@group-C39131684D0F-FollowerState
2022-02-10 16:30:08,904 [fc70cd66-7abc-4864-8afd-7dbfaf00bb56@group-C39131684D0F-FollowerState] INFO  impl.FollowerState (FollowerState.java:run(143)) - fc70cd66-7abc-4864-8afd-7dbfaf00bb56@group-C39131684D0F-FollowerState was interrupted: {}
java.lang.InterruptedException: sleep interrupted
	at java.lang.Thread.sleep(Native Method)
	at java.lang.Thread.sleep(Thread.java:340)
	at java.util.concurrent.TimeUnit.sleep(TimeUnit.java:386)
	at org.apache.ratis.util.TimeDuration.sleep(TimeDuration.java:324)
	at org.apache.ratis.util.TimeDuration.sleep(TimeDuration.java:309)
	at org.apache.ratis.server.impl.FollowerState.run(FollowerState.java:118)
2022-02-10 16:30:08,905 [grpc-default-executor-4] INFO  impl.VoteContext (VoteContext.java:log(48)) - a7a4031e-e512-44c4-8d8e-0806c768c5a8@group-C39131684D0F-CANDIDATE: reject ELECTION from 4d6136e5-74cd-4f55-94f0-c0ea6e146a4a: already has voted for a7a4031e-e512-44c4-8d8e-0806c768c5a8 at current term 6
2022-02-10 16:30:08,905 [grpc-default-executor-4] INFO  server.RaftServer$Division (RaftServerImpl.java:requestVote(1078)) - a7a4031e-e512-44c4-8d8e-0806c768c5a8@group-C39131684D0F replies to ELECTION vote request: 4d6136e5-74cd-4f55-94f0-c0ea6e146a4a<-a7a4031e-e512-44c4-8d8e-0806c768c5a8#0:FAIL-t6. Peer's state: a7a4031e-e512-44c4-8d8e-0806c768c5a8@group-C39131684D0F:t6, leader=null, voted=a7a4031e-e512-44c4-8d8e-0806c768c5a8, raftlog=a7a4031e-e512-44c4-8d8e-0806c768c5a8@group-C39131684D0F-SegmentedRaftLog:OPENED:c-1, conf=-1: [a7a4031e-e512-44c4-8d8e-0806c768c5a8|rpc:10.1.0.22:36777|dataStream:|priority:1, fc70cd66-7abc-4864-8afd-7dbfaf00bb56|rpc:10.1.0.22:46709|dataStream:|priority:0, 4d6136e5-74cd-4f55-94f0-c0ea6e146a4a|rpc:10.1.0.22:37065|dataStream:|priority:0], old=null
2022-02-10 16:30:08,907 [a7a4031e-e512-44c4-8d8e-0806c768c5a8@group-C39131684D0F-LeaderElection31] INFO  impl.LeaderElection (LeaderElection.java:askForVotes(306)) - a7a4031e-e512-44c4-8d8e-0806c768c5a8@group-C39131684D0F-LeaderElection31 ELECTION round 0: submit vote requests at term 6 for -1: [a7a4031e-e512-44c4-8d8e-0806c768c5a8|rpc:10.1.0.22:36777|dataStream:|priority:1, fc70cd66-7abc-4864-8afd-7dbfaf00bb56|rpc:10.1.0.22:46709|dataStream:|priority:0, 4d6136e5-74cd-4f55-94f0-c0ea6e146a4a|rpc:10.1.0.22:37065|dataStream:|priority:0], old=null
2022-02-10 16:30:08,913 [grpc-default-executor-3] INFO  server.RaftServer$Division (RaftServerImpl.java:requestVote(1078)) - fc70cd66-7abc-4864-8afd-7dbfaf00bb56@group-C39131684D0F replies to ELECTION vote request: 4d6136e5-74cd-4f55-94f0-c0ea6e146a4a<-fc70cd66-7abc-4864-8afd-7dbfaf00bb56#0:OK-t6. Peer's state: fc70cd66-7abc-4864-8afd-7dbfaf00bb56@group-C39131684D0F:t6, leader=null, voted=4d6136e5-74cd-4f55-94f0-c0ea6e146a4a, raftlog=fc70cd66-7abc-4864-8afd-7dbfaf00bb56@group-C39131684D0F-SegmentedRaftLog:OPENED:c-1, conf=-1: [a7a4031e-e512-44c4-8d8e-0806c768c5a8|rpc:10.1.0.22:36777|priority:1, fc70cd66-7abc-4864-8afd-7dbfaf00bb56|rpc:10.1.0.22:46709|priority:0, 4d6136e5-74cd-4f55-94f0-c0ea6e146a4a|rpc:10.1.0.22:37065|priority:0], old=null
2022-02-10 16:30:08,922 [4d6136e5-74cd-4f55-94f0-c0ea6e146a4a@group-C39131684D0F-LeaderElection30] INFO  impl.LeaderElection (LeaderElection.java:logAndReturn(89)) - 4d6136e5-74cd-4f55-94f0-c0ea6e146a4a@group-C39131684D0F-LeaderElection30: ELECTION REJECTED received 1 response(s) and 0 exception(s):
2022-02-10 16:30:08,925 [4d6136e5-74cd-4f55-94f0-c0ea6e146a4a@group-C39131684D0F-LeaderElection30] INFO  impl.LeaderElection (LeaderElection.java:logAndReturn(93)) -   Response 0: 4d6136e5-74cd-4f55-94f0-c0ea6e146a4a<-a7a4031e-e512-44c4-8d8e-0806c768c5a8#0:FAIL-t6
2022-02-10 16:30:08,925 [4d6136e5-74cd-4f55-94f0-c0ea6e146a4a@group-C39131684D0F-LeaderElection30] INFO  impl.LeaderElection (LeaderElection.java:askForVotes(308)) - 4d6136e5-74cd-4f55-94f0-c0ea6e146a4a@group-C39131684D0F-LeaderElection30 ELECTION round 0: result REJECTED
2022-02-10 16:30:08,925 [4d6136e5-74cd-4f55-94f0-c0ea6e146a4a@group-C39131684D0F-LeaderElection30] INFO  server.RaftServer$Division (RaftServerImpl.java:setRole(290)) - 4d6136e5-74cd-4f55-94f0-c0ea6e146a4a@group-C39131684D0F: changes role from CANDIDATE to FOLLOWER at term 6 for REJECTED
2022-02-10 16:30:08,925 [4d6136e5-74cd-4f55-94f0-c0ea6e146a4a@group-C39131684D0F-LeaderElection30] INFO  impl.RoleInfo (RoleInfo.java:shutdownLeaderElection(121)) - 4d6136e5-74cd-4f55-94f0-c0ea6e146a4a: shutdown 4d6136e5-74cd-4f55-94f0-c0ea6e146a4a@group-C39131684D0F-LeaderElection30
2022-02-10 16:30:08,925 [4d6136e5-74cd-4f55-94f0-c0ea6e146a4a@group-C39131684D0F-LeaderElection30] INFO  impl.RoleInfo (RoleInfo.java:updateAndGet(130)) - 4d6136e5-74cd-4f55-94f0-c0ea6e146a4a: start 4d6136e5-74cd-4f55-94f0-c0ea6e146a4a@group-C39131684D0F-FollowerState
2022-02-10 16:30:08,945 [grpc-default-executor-3] INFO  server.RaftServer$Division (RaftServerImpl.java:requestVote(1046)) - fc70cd66-7abc-4864-8afd-7dbfaf00bb56@group-C39131684D0F: receive requestVote(ELECTION, a7a4031e-e512-44c4-8d8e-0806c768c5a8, group-C39131684D0F, 6, (t:0, i:0))
2022-02-10 16:30:08,946 [grpc-default-executor-3] INFO  impl.VoteContext (VoteContext.java:log(48)) - fc70cd66-7abc-4864-8afd-7dbfaf00bb56@group-C39131684D0F-FOLLOWER: reject ELECTION from a7a4031e-e512-44c4-8d8e-0806c768c5a8: already has voted for 4d6136e5-74cd-4f55-94f0-c0ea6e146a4a at current term 6
2022-02-10 16:30:08,946 [grpc-default-executor-3] INFO  server.RaftServer$Division (RaftServerImpl.java:requestVote(1078)) - fc70cd66-7abc-4864-8afd-7dbfaf00bb56@group-C39131684D0F replies to ELECTION vote request: a7a4031e-e512-44c4-8d8e-0806c768c5a8<-fc70cd66-7abc-4864-8afd-7dbfaf00bb56#0:FAIL-t6. Peer's state: fc70cd66-7abc-4864-8afd-7dbfaf00bb56@group-C39131684D0F:t6, leader=null, voted=4d6136e5-74cd-4f55-94f0-c0ea6e146a4a, raftlog=fc70cd66-7abc-4864-8afd-7dbfaf00bb56@group-C39131684D0F-SegmentedRaftLog:OPENED:c-1, conf=-1: [a7a4031e-e512-44c4-8d8e-0806c768c5a8|rpc:10.1.0.22:36777|priority:1, fc70cd66-7abc-4864-8afd-7dbfaf00bb56|rpc:10.1.0.22:46709|priority:0, 4d6136e5-74cd-4f55-94f0-c0ea6e146a4a|rpc:10.1.0.22:37065|priority:0], old=null
2022-02-10 16:30:08,967 [grpc-default-executor-3] INFO  server.RaftServer$Division (RaftServerImpl.java:requestVote(1046)) - 4d6136e5-74cd-4f55-94f0-c0ea6e146a4a@group-C39131684D0F: receive requestVote(ELECTION, a7a4031e-e512-44c4-8d8e-0806c768c5a8, group-C39131684D0F, 6, (t:0, i:0))
2022-02-10 16:30:08,967 [grpc-default-executor-3] INFO  impl.VoteContext (VoteContext.java:log(48)) - 4d6136e5-74cd-4f55-94f0-c0ea6e146a4a@group-C39131684D0F-FOLLOWER: reject ELECTION from a7a4031e-e512-44c4-8d8e-0806c768c5a8: already has voted for 4d6136e5-74cd-4f55-94f0-c0ea6e146a4a at current term 6
2022-02-10 16:30:08,967 [grpc-default-executor-3] INFO  server.RaftServer$Division (RaftServerImpl.java:requestVote(1078)) - 4d6136e5-74cd-4f55-94f0-c0ea6e146a4a@group-C39131684D0F replies to ELECTION vote request: a7a4031e-e512-44c4-8d8e-0806c768c5a8<-4d6136e5-74cd-4f55-94f0-c0ea6e146a4a#0:FAIL-t6. Peer's state: 4d6136e5-74cd-4f55-94f0-c0ea6e146a4a@group-C39131684D0F:t6, leader=null, voted=4d6136e5-74cd-4f55-94f0-c0ea6e146a4a, raftlog=4d6136e5-74cd-4f55-94f0-c0ea6e146a4a@group-C39131684D0F-SegmentedRaftLog:OPENED:c-1, conf=-1: [a7a4031e-e512-44c4-8d8e-0806c768c5a8|rpc:10.1.0.22:36777|dataStream:|priority:1, fc70cd66-7abc-4864-8afd-7dbfaf00bb56|rpc:10.1.0.22:46709|dataStream:|priority:0, 4d6136e5-74cd-4f55-94f0-c0ea6e146a4a|rpc:10.1.0.22:37065|dataStream:|priority:0], old=null
2022-02-10 16:30:08,968 [a7a4031e-e512-44c4-8d8e-0806c768c5a8@group-C39131684D0F-LeaderElection31] INFO  impl.LeaderElection (LeaderElection.java:logAndReturn(89)) - a7a4031e-e512-44c4-8d8e-0806c768c5a8@group-C39131684D0F-LeaderElection31: ELECTION REJECTED received 2 response(s) and 0 exception(s):
2022-02-10 16:30:08,969 [a7a4031e-e512-44c4-8d8e-0806c768c5a8@group-C39131684D0F-LeaderElection31] INFO  impl.LeaderElection (LeaderElection.java:logAndReturn(93)) -   Response 0: a7a4031e-e512-44c4-8d8e-0806c768c5a8<-fc70cd66-7abc-4864-8afd-7dbfaf00bb56#0:FAIL-t6
2022-02-10 16:30:08,969 [a7a4031e-e512-44c4-8d8e-0806c768c5a8@group-C39131684D0F-LeaderElection31] INFO  impl.LeaderElection (LeaderElection.java:logAndReturn(93)) -   Response 1: a7a4031e-e512-44c4-8d8e-0806c768c5a8<-4d6136e5-74cd-4f55-94f0-c0ea6e146a4a#0:FAIL-t6
2022-02-10 16:30:08,969 [a7a4031e-e512-44c4-8d8e-0806c768c5a8@group-C39131684D0F-LeaderElection31] INFO  impl.LeaderElection (LeaderElection.java:askForVotes(308)) - a7a4031e-e512-44c4-8d8e-0806c768c5a8@group-C39131684D0F-LeaderElection31 ELECTION round 0: result REJECTED
2022-02-10 16:30:08,969 [a7a4031e-e512-44c4-8d8e-0806c768c5a8@group-C39131684D0F-LeaderElection31] INFO  server.RaftServer$Division (RaftServerImpl.java:setRole(290)) - a7a4031e-e512-44c4-8d8e-0806c768c5a8@group-C39131684D0F: changes role from CANDIDATE to FOLLOWER at term 6 for REJECTED
2022-02-10 16:30:08,969 [a7a4031e-e512-44c4-8d8e-0806c768c5a8@group-C39131684D0F-LeaderElection31] INFO  impl.RoleInfo (RoleInfo.java:shutdownLeaderElection(121)) - a7a4031e-e512-44c4-8d8e-0806c768c5a8: shutdown a7a4031e-e512-44c4-8d8e-0806c768c5a8@group-C39131684D0F-LeaderElection31
2022-02-10 16:30:08,969 [a7a4031e-e512-44c4-8d8e-0806c768c5a8@group-C39131684D0F-LeaderElection31] INFO  impl.RoleInfo (RoleInfo.java:updateAndGet(130)) - a7a4031e-e512-44c4-8d8e-0806c768c5a8: start a7a4031e-e512-44c4-8d8e-0806c768c5a8@group-C39131684D0F-FollowerState
2022-02-10 16:30:09,716 [Listener at 127.0.0.1/38003] INFO  ozone.MiniOzoneClusterImpl (MiniOzoneClusterImpl.java:lambda$waitForClusterToBeReady$0(219)) - Nodes are ready. Got 3 of 3 DN Heartbeats.
2022-02-10 16:30:09,718 [Listener at 127.0.0.1/38003] INFO  ozone.MiniOzoneClusterImpl (MiniOzoneClusterImpl.java:lambda$waitForClusterToBeReady$0(222)) - Waiting for cluster to exit safe mode
2022-02-10 16:30:09,718 [Listener at 127.0.0.1/38003] INFO  ozone.MiniOzoneClusterImpl (MiniOzoneClusterImpl.java:lambda$waitForClusterToBeReady$0(224)) - SCM became leader
2022-02-10 16:30:10,718 [Listener at 127.0.0.1/38003] INFO  ozone.MiniOzoneClusterImpl (MiniOzoneClusterImpl.java:lambda$waitForClusterToBeReady$0(219)) - Nodes are ready. Got 3 of 3 DN Heartbeats.
2022-02-10 16:30:10,718 [Listener at 127.0.0.1/38003] INFO  ozone.MiniOzoneClusterImpl (MiniOzoneClusterImpl.java:lambda$waitForClusterToBeReady$0(222)) - Waiting for cluster to exit safe mode
2022-02-10 16:30:10,718 [Listener at 127.0.0.1/38003] INFO  ozone.MiniOzoneClusterImpl (MiniOzoneClusterImpl.java:lambda$waitForClusterToBeReady$0(224)) - SCM became leader
2022-02-10 16:30:11,719 [Listener at 127.0.0.1/38003] INFO  ozone.MiniOzoneClusterImpl (MiniOzoneClusterImpl.java:lambda$waitForClusterToBeReady$0(219)) - Nodes are ready. Got 3 of 3 DN Heartbeats.
2022-02-10 16:30:11,719 [Listener at 127.0.0.1/38003] INFO  ozone.MiniOzoneClusterImpl (MiniOzoneClusterImpl.java:lambda$waitForClusterToBeReady$0(222)) - Waiting for cluster to exit safe mode
2022-02-10 16:30:11,719 [Listener at 127.0.0.1/38003] INFO  ozone.MiniOzoneClusterImpl (MiniOzoneClusterImpl.java:lambda$waitForClusterToBeReady$0(224)) - SCM became leader
2022-02-10 16:30:12,719 [Listener at 127.0.0.1/38003] INFO  ozone.MiniOzoneClusterImpl (MiniOzoneClusterImpl.java:lambda$waitForClusterToBeReady$0(219)) - Nodes are ready. Got 3 of 3 DN Heartbeats.
2022-02-10 16:30:12,719 [Listener at 127.0.0.1/38003] INFO  ozone.MiniOzoneClusterImpl (MiniOzoneClusterImpl.java:lambda$waitForClusterToBeReady$0(222)) - Waiting for cluster to exit safe mode
2022-02-10 16:30:12,719 [Listener at 127.0.0.1/38003] INFO  ozone.MiniOzoneClusterImpl (MiniOzoneClusterImpl.java:lambda$waitForClusterToBeReady$0(224)) - SCM became leader
2022-02-10 16:30:13,720 [Listener at 127.0.0.1/38003] INFO  ozone.MiniOzoneClusterImpl (MiniOzoneClusterImpl.java:lambda$waitForClusterToBeReady$0(219)) - Nodes are ready. Got 3 of 3 DN Heartbeats.
2022-02-10 16:30:13,720 [Listener at 127.0.0.1/38003] INFO  ozone.MiniOzoneClusterImpl (MiniOzoneClusterImpl.java:lambda$waitForClusterToBeReady$0(222)) - Waiting for cluster to exit safe mode
2022-02-10 16:30:13,720 [Listener at 127.0.0.1/38003] INFO  ozone.MiniOzoneClusterImpl (MiniOzoneClusterImpl.java:lambda$waitForClusterToBeReady$0(224)) - SCM became leader
2022-02-10 16:30:14,064 [4d6136e5-74cd-4f55-94f0-c0ea6e146a4a@group-C39131684D0F-FollowerState] INFO  impl.FollowerState (FollowerState.java:run(134)) - 4d6136e5-74cd-4f55-94f0-c0ea6e146a4a@group-C39131684D0F-FollowerState: change to CANDIDATE, lastRpcElapsedTime:5138425597ns, electionTimeout:5113ms
2022-02-10 16:30:14,064 [4d6136e5-74cd-4f55-94f0-c0ea6e146a4a@group-C39131684D0F-FollowerState] INFO  impl.RoleInfo (RoleInfo.java:shutdownFollowerState(108)) - 4d6136e5-74cd-4f55-94f0-c0ea6e146a4a: shutdown 4d6136e5-74cd-4f55-94f0-c0ea6e146a4a@group-C39131684D0F-FollowerState
2022-02-10 16:30:14,064 [4d6136e5-74cd-4f55-94f0-c0ea6e146a4a@group-C39131684D0F-FollowerState] INFO  server.RaftServer$Division (RaftServerImpl.java:setRole(290)) - 4d6136e5-74cd-4f55-94f0-c0ea6e146a4a@group-C39131684D0F: changes role from  FOLLOWER to CANDIDATE at term 6 for changeToCandidate
2022-02-10 16:30:14,064 [4d6136e5-74cd-4f55-94f0-c0ea6e146a4a@group-C39131684D0F-FollowerState] INFO  server.RaftServerConfigKeys (ConfUtils.java:logGet(44)) - raft.server.leaderelection.pre-vote = false (custom)
2022-02-10 16:30:14,064 [4d6136e5-74cd-4f55-94f0-c0ea6e146a4a@group-C39131684D0F-FollowerState] INFO  impl.RoleInfo (RoleInfo.java:updateAndGet(130)) - 4d6136e5-74cd-4f55-94f0-c0ea6e146a4a: start 4d6136e5-74cd-4f55-94f0-c0ea6e146a4a@group-C39131684D0F-LeaderElection32
2022-02-10 16:30:14,079 [4d6136e5-74cd-4f55-94f0-c0ea6e146a4a@group-C39131684D0F-LeaderElection32] INFO  impl.LeaderElection (LeaderElection.java:askForVotes(306)) - 4d6136e5-74cd-4f55-94f0-c0ea6e146a4a@group-C39131684D0F-LeaderElection32 ELECTION round 0: submit vote requests at term 7 for -1: [a7a4031e-e512-44c4-8d8e-0806c768c5a8|rpc:10.1.0.22:36777|dataStream:|priority:1, fc70cd66-7abc-4864-8afd-7dbfaf00bb56|rpc:10.1.0.22:46709|dataStream:|priority:0, 4d6136e5-74cd-4f55-94f0-c0ea6e146a4a|rpc:10.1.0.22:37065|dataStream:|priority:0], old=null
2022-02-10 16:30:14,103 [grpc-default-executor-3] INFO  server.RaftServer$Division (RaftServerImpl.java:requestVote(1046)) - a7a4031e-e512-44c4-8d8e-0806c768c5a8@group-C39131684D0F: receive requestVote(ELECTION, 4d6136e5-74cd-4f55-94f0-c0ea6e146a4a, group-C39131684D0F, 7, (t:0, i:0))
2022-02-10 16:30:14,103 [grpc-default-executor-3] INFO  impl.VoteContext (VoteContext.java:log(48)) - a7a4031e-e512-44c4-8d8e-0806c768c5a8@group-C39131684D0F-FOLLOWER: reject ELECTION from 4d6136e5-74cd-4f55-94f0-c0ea6e146a4a: our priority 1 > candidate's priority 0
2022-02-10 16:30:14,103 [grpc-default-executor-3] INFO  server.RaftServer$Division (RaftServerImpl.java:setRole(290)) - a7a4031e-e512-44c4-8d8e-0806c768c5a8@group-C39131684D0F: changes role from  FOLLOWER to FOLLOWER at term 7 for candidate:4d6136e5-74cd-4f55-94f0-c0ea6e146a4a
2022-02-10 16:30:14,103 [grpc-default-executor-3] INFO  impl.RoleInfo (RoleInfo.java:shutdownFollowerState(108)) - a7a4031e-e512-44c4-8d8e-0806c768c5a8: shutdown a7a4031e-e512-44c4-8d8e-0806c768c5a8@group-C39131684D0F-FollowerState
2022-02-10 16:30:14,103 [grpc-default-executor-3] INFO  impl.RoleInfo (RoleInfo.java:updateAndGet(130)) - a7a4031e-e512-44c4-8d8e-0806c768c5a8: start a7a4031e-e512-44c4-8d8e-0806c768c5a8@group-C39131684D0F-FollowerState
2022-02-10 16:30:14,103 [a7a4031e-e512-44c4-8d8e-0806c768c5a8@group-C39131684D0F-FollowerState] INFO  impl.FollowerState (FollowerState.java:run(143)) - a7a4031e-e512-44c4-8d8e-0806c768c5a8@group-C39131684D0F-FollowerState was interrupted: {}
java.lang.InterruptedException: sleep interrupted
	at java.lang.Thread.sleep(Native Method)
	at java.lang.Thread.sleep(Thread.java:340)
	at java.util.concurrent.TimeUnit.sleep(TimeUnit.java:386)
	at org.apache.ratis.util.TimeDuration.sleep(TimeDuration.java:324)
	at org.apache.ratis.util.TimeDuration.sleep(TimeDuration.java:309)
	at org.apache.ratis.server.impl.FollowerState.run(FollowerState.java:118)
2022-02-10 16:30:14,116 [grpc-default-executor-3] INFO  server.RaftServer$Division (RaftServerImpl.java:requestVote(1078)) - a7a4031e-e512-44c4-8d8e-0806c768c5a8@group-C39131684D0F replies to ELECTION vote request: 4d6136e5-74cd-4f55-94f0-c0ea6e146a4a<-a7a4031e-e512-44c4-8d8e-0806c768c5a8#0:FAIL-t7. Peer's state: a7a4031e-e512-44c4-8d8e-0806c768c5a8@group-C39131684D0F:t7, leader=null, voted=null, raftlog=a7a4031e-e512-44c4-8d8e-0806c768c5a8@group-C39131684D0F-SegmentedRaftLog:OPENED:c-1, conf=-1: [a7a4031e-e512-44c4-8d8e-0806c768c5a8|rpc:10.1.0.22:36777|dataStream:|priority:1, fc70cd66-7abc-4864-8afd-7dbfaf00bb56|rpc:10.1.0.22:46709|dataStream:|priority:0, 4d6136e5-74cd-4f55-94f0-c0ea6e146a4a|rpc:10.1.0.22:37065|dataStream:|priority:0], old=null
2022-02-10 16:30:14,118 [4d6136e5-74cd-4f55-94f0-c0ea6e146a4a@group-C39131684D0F-LeaderElection32] INFO  impl.LeaderElection (LeaderElection.java:logAndReturn(89)) - 4d6136e5-74cd-4f55-94f0-c0ea6e146a4a@group-C39131684D0F-LeaderElection32: ELECTION REJECTED received 1 response(s) and 0 exception(s):
2022-02-10 16:30:14,119 [4d6136e5-74cd-4f55-94f0-c0ea6e146a4a@group-C39131684D0F-LeaderElection32] INFO  impl.LeaderElection (LeaderElection.java:logAndReturn(93)) -   Response 0: 4d6136e5-74cd-4f55-94f0-c0ea6e146a4a<-a7a4031e-e512-44c4-8d8e-0806c768c5a8#0:FAIL-t7
2022-02-10 16:30:14,119 [4d6136e5-74cd-4f55-94f0-c0ea6e146a4a@group-C39131684D0F-LeaderElection32] INFO  impl.LeaderElection (LeaderElection.java:askForVotes(308)) - 4d6136e5-74cd-4f55-94f0-c0ea6e146a4a@group-C39131684D0F-LeaderElection32 ELECTION round 0: result REJECTED
2022-02-10 16:30:14,119 [4d6136e5-74cd-4f55-94f0-c0ea6e146a4a@group-C39131684D0F-LeaderElection32] INFO  server.RaftServer$Division (RaftServerImpl.java:setRole(290)) - 4d6136e5-74cd-4f55-94f0-c0ea6e146a4a@group-C39131684D0F: changes role from CANDIDATE to FOLLOWER at term 7 for REJECTED
2022-02-10 16:30:14,119 [4d6136e5-74cd-4f55-94f0-c0ea6e146a4a@group-C39131684D0F-LeaderElection32] INFO  impl.RoleInfo (RoleInfo.java:shutdownLeaderElection(121)) - 4d6136e5-74cd-4f55-94f0-c0ea6e146a4a: shutdown 4d6136e5-74cd-4f55-94f0-c0ea6e146a4a@group-C39131684D0F-LeaderElection32
2022-02-10 16:30:14,119 [4d6136e5-74cd-4f55-94f0-c0ea6e146a4a@group-C39131684D0F-LeaderElection32] INFO  impl.RoleInfo (RoleInfo.java:updateAndGet(130)) - 4d6136e5-74cd-4f55-94f0-c0ea6e146a4a: start 4d6136e5-74cd-4f55-94f0-c0ea6e146a4a@group-C39131684D0F-FollowerState
2022-02-10 16:30:14,132 [grpc-default-executor-4] INFO  server.RaftServer$Division (RaftServerImpl.java:requestVote(1046)) - fc70cd66-7abc-4864-8afd-7dbfaf00bb56@group-C39131684D0F: receive requestVote(ELECTION, 4d6136e5-74cd-4f55-94f0-c0ea6e146a4a, group-C39131684D0F, 7, (t:0, i:0))
2022-02-10 16:30:14,132 [grpc-default-executor-4] INFO  impl.VoteContext (VoteContext.java:log(48)) - fc70cd66-7abc-4864-8afd-7dbfaf00bb56@group-C39131684D0F-FOLLOWER: accept ELECTION from 4d6136e5-74cd-4f55-94f0-c0ea6e146a4a: our priority 0 <= candidate's priority 0
2022-02-10 16:30:14,133 [grpc-default-executor-4] INFO  server.RaftServer$Division (RaftServerImpl.java:setRole(290)) - fc70cd66-7abc-4864-8afd-7dbfaf00bb56@group-C39131684D0F: changes role from  FOLLOWER to FOLLOWER at term 7 for candidate:4d6136e5-74cd-4f55-94f0-c0ea6e146a4a
2022-02-10 16:30:14,133 [grpc-default-executor-4] INFO  impl.RoleInfo (RoleInfo.java:shutdownFollowerState(108)) - fc70cd66-7abc-4864-8afd-7dbfaf00bb56: shutdown fc70cd66-7abc-4864-8afd-7dbfaf00bb56@group-C39131684D0F-FollowerState
2022-02-10 16:30:14,133 [grpc-default-executor-4] INFO  impl.RoleInfo (RoleInfo.java:updateAndGet(130)) - fc70cd66-7abc-4864-8afd-7dbfaf00bb56: start fc70cd66-7abc-4864-8afd-7dbfaf00bb56@group-C39131684D0F-FollowerState
2022-02-10 16:30:14,133 [fc70cd66-7abc-4864-8afd-7dbfaf00bb56@group-C39131684D0F-FollowerState] INFO  impl.FollowerState (FollowerState.java:run(143)) - fc70cd66-7abc-4864-8afd-7dbfaf00bb56@group-C39131684D0F-FollowerState was interrupted: {}
java.lang.InterruptedException: sleep interrupted
	at java.lang.Thread.sleep(Native Method)
	at java.lang.Thread.sleep(Thread.java:340)
	at java.util.concurrent.TimeUnit.sleep(TimeUnit.java:386)
	at org.apache.ratis.util.TimeDuration.sleep(TimeDuration.java:324)
	at org.apache.ratis.util.TimeDuration.sleep(TimeDuration.java:309)
	at org.apache.ratis.server.impl.FollowerState.run(FollowerState.java:118)
2022-02-10 16:30:14,151 [grpc-default-executor-4] INFO  server.RaftServer$Division (RaftServerImpl.java:requestVote(1078)) - fc70cd66-7abc-4864-8afd-7dbfaf00bb56@group-C39131684D0F replies to ELECTION vote request: 4d6136e5-74cd-4f55-94f0-c0ea6e146a4a<-fc70cd66-7abc-4864-8afd-7dbfaf00bb56#0:OK-t7. Peer's state: fc70cd66-7abc-4864-8afd-7dbfaf00bb56@group-C39131684D0F:t7, leader=null, voted=4d6136e5-74cd-4f55-94f0-c0ea6e146a4a, raftlog=fc70cd66-7abc-4864-8afd-7dbfaf00bb56@group-C39131684D0F-SegmentedRaftLog:OPENED:c-1, conf=-1: [a7a4031e-e512-44c4-8d8e-0806c768c5a8|rpc:10.1.0.22:36777|priority:1, fc70cd66-7abc-4864-8afd-7dbfaf00bb56|rpc:10.1.0.22:46709|priority:0, 4d6136e5-74cd-4f55-94f0-c0ea6e146a4a|rpc:10.1.0.22:37065|priority:0], old=null
2022-02-10 16:30:14,721 [Listener at 127.0.0.1/38003] INFO  ozone.MiniOzoneClusterImpl (MiniOzoneClusterImpl.java:lambda$waitForClusterToBeReady$0(219)) - Nodes are ready. Got 3 of 3 DN Heartbeats.
2022-02-10 16:30:14,721 [Listener at 127.0.0.1/38003] INFO  ozone.MiniOzoneClusterImpl (MiniOzoneClusterImpl.java:lambda$waitForClusterToBeReady$0(222)) - Waiting for cluster to exit safe mode
2022-02-10 16:30:14,721 [Listener at 127.0.0.1/38003] INFO  ozone.MiniOzoneClusterImpl (MiniOzoneClusterImpl.java:lambda$waitForClusterToBeReady$0(224)) - SCM became leader
2022-02-10 16:30:15,721 [Listener at 127.0.0.1/38003] INFO  ozone.MiniOzoneClusterImpl (MiniOzoneClusterImpl.java:lambda$waitForClusterToBeReady$0(219)) - Nodes are ready. Got 3 of 3 DN Heartbeats.
2022-02-10 16:30:15,722 [Listener at 127.0.0.1/38003] INFO  ozone.MiniOzoneClusterImpl (MiniOzoneClusterImpl.java:lambda$waitForClusterToBeReady$0(222)) - Waiting for cluster to exit safe mode
2022-02-10 16:30:15,722 [Listener at 127.0.0.1/38003] INFO  ozone.MiniOzoneClusterImpl (MiniOzoneClusterImpl.java:lambda$waitForClusterToBeReady$0(224)) - SCM became leader
2022-02-10 16:30:16,722 [Listener at 127.0.0.1/38003] INFO  ozone.MiniOzoneClusterImpl (MiniOzoneClusterImpl.java:lambda$waitForClusterToBeReady$0(219)) - Nodes are ready. Got 3 of 3 DN Heartbeats.
2022-02-10 16:30:16,722 [Listener at 127.0.0.1/38003] INFO  ozone.MiniOzoneClusterImpl (MiniOzoneClusterImpl.java:lambda$waitForClusterToBeReady$0(222)) - Waiting for cluster to exit safe mode
2022-02-10 16:30:16,722 [Listener at 127.0.0.1/38003] INFO  ozone.MiniOzoneClusterImpl (MiniOzoneClusterImpl.java:lambda$waitForClusterToBeReady$0(224)) - SCM became leader
2022-02-10 16:30:17,722 [Listener at 127.0.0.1/38003] INFO  ozone.MiniOzoneClusterImpl (MiniOzoneClusterImpl.java:lambda$waitForClusterToBeReady$0(219)) - Nodes are ready. Got 3 of 3 DN Heartbeats.
2022-02-10 16:30:17,723 [Listener at 127.0.0.1/38003] INFO  ozone.MiniOzoneClusterImpl (MiniOzoneClusterImpl.java:lambda$waitForClusterToBeReady$0(222)) - Waiting for cluster to exit safe mode
2022-02-10 16:30:17,723 [Listener at 127.0.0.1/38003] INFO  ozone.MiniOzoneClusterImpl (MiniOzoneClusterImpl.java:lambda$waitForClusterToBeReady$0(224)) - SCM became leader
2022-02-10 16:30:18,723 [Listener at 127.0.0.1/38003] INFO  ozone.MiniOzoneClusterImpl (MiniOzoneClusterImpl.java:lambda$waitForClusterToBeReady$0(219)) - Nodes are ready. Got 3 of 3 DN Heartbeats.
2022-02-10 16:30:18,723 [Listener at 127.0.0.1/38003] INFO  ozone.MiniOzoneClusterImpl (MiniOzoneClusterImpl.java:lambda$waitForClusterToBeReady$0(222)) - Waiting for cluster to exit safe mode
2022-02-10 16:30:18,723 [Listener at 127.0.0.1/38003] INFO  ozone.MiniOzoneClusterImpl (MiniOzoneClusterImpl.java:lambda$waitForClusterToBeReady$0(224)) - SCM became leader
2022-02-10 16:30:19,232 [fc70cd66-7abc-4864-8afd-7dbfaf00bb56@group-C39131684D0F-FollowerState] INFO  impl.FollowerState (FollowerState.java:run(134)) - fc70cd66-7abc-4864-8afd-7dbfaf00bb56@group-C39131684D0F-FollowerState: change to CANDIDATE, lastRpcElapsedTime:5081032082ns, electionTimeout:5081ms
2022-02-10 16:30:19,233 [fc70cd66-7abc-4864-8afd-7dbfaf00bb56@group-C39131684D0F-FollowerState] INFO  impl.RoleInfo (RoleInfo.java:shutdownFollowerState(108)) - fc70cd66-7abc-4864-8afd-7dbfaf00bb56: shutdown fc70cd66-7abc-4864-8afd-7dbfaf00bb56@group-C39131684D0F-FollowerState
2022-02-10 16:30:19,233 [fc70cd66-7abc-4864-8afd-7dbfaf00bb56@group-C39131684D0F-FollowerState] INFO  server.RaftServer$Division (RaftServerImpl.java:setRole(290)) - fc70cd66-7abc-4864-8afd-7dbfaf00bb56@group-C39131684D0F: changes role from  FOLLOWER to CANDIDATE at term 7 for changeToCandidate
2022-02-10 16:30:19,233 [fc70cd66-7abc-4864-8afd-7dbfaf00bb56@group-C39131684D0F-FollowerState] INFO  server.RaftServerConfigKeys (ConfUtils.java:logGet(44)) - raft.server.leaderelection.pre-vote = false (custom)
2022-02-10 16:30:19,233 [fc70cd66-7abc-4864-8afd-7dbfaf00bb56@group-C39131684D0F-FollowerState] INFO  impl.RoleInfo (RoleInfo.java:updateAndGet(130)) - fc70cd66-7abc-4864-8afd-7dbfaf00bb56: start fc70cd66-7abc-4864-8afd-7dbfaf00bb56@group-C39131684D0F-LeaderElection33
2022-02-10 16:30:19,235 [a7a4031e-e512-44c4-8d8e-0806c768c5a8@group-C39131684D0F-FollowerState] INFO  impl.FollowerState (FollowerState.java:run(134)) - a7a4031e-e512-44c4-8d8e-0806c768c5a8@group-C39131684D0F-FollowerState: change to CANDIDATE, lastRpcElapsedTime:5131306530ns, electionTimeout:5103ms
2022-02-10 16:30:19,235 [a7a4031e-e512-44c4-8d8e-0806c768c5a8@group-C39131684D0F-FollowerState] INFO  impl.RoleInfo (RoleInfo.java:shutdownFollowerState(108)) - a7a4031e-e512-44c4-8d8e-0806c768c5a8: shutdown a7a4031e-e512-44c4-8d8e-0806c768c5a8@group-C39131684D0F-FollowerState
2022-02-10 16:30:19,235 [a7a4031e-e512-44c4-8d8e-0806c768c5a8@group-C39131684D0F-FollowerState] INFO  server.RaftServer$Division (RaftServerImpl.java:setRole(290)) - a7a4031e-e512-44c4-8d8e-0806c768c5a8@group-C39131684D0F: changes role from  FOLLOWER to CANDIDATE at term 7 for changeToCandidate
2022-02-10 16:30:19,235 [a7a4031e-e512-44c4-8d8e-0806c768c5a8@group-C39131684D0F-FollowerState] INFO  server.RaftServerConfigKeys (ConfUtils.java:logGet(44)) - raft.server.leaderelection.pre-vote = false (custom)
2022-02-10 16:30:19,235 [a7a4031e-e512-44c4-8d8e-0806c768c5a8@group-C39131684D0F-FollowerState] INFO  impl.RoleInfo (RoleInfo.java:updateAndGet(130)) - a7a4031e-e512-44c4-8d8e-0806c768c5a8: start a7a4031e-e512-44c4-8d8e-0806c768c5a8@group-C39131684D0F-LeaderElection34
2022-02-10 16:30:19,237 [fc70cd66-7abc-4864-8afd-7dbfaf00bb56@group-C39131684D0F-LeaderElection33] INFO  impl.LeaderElection (LeaderElection.java:askForVotes(306)) - fc70cd66-7abc-4864-8afd-7dbfaf00bb56@group-C39131684D0F-LeaderElection33 ELECTION round 0: submit vote requests at term 8 for -1: [a7a4031e-e512-44c4-8d8e-0806c768c5a8|rpc:10.1.0.22:36777|priority:1, fc70cd66-7abc-4864-8afd-7dbfaf00bb56|rpc:10.1.0.22:46709|priority:0, 4d6136e5-74cd-4f55-94f0-c0ea6e146a4a|rpc:10.1.0.22:37065|priority:0], old=null
2022-02-10 16:30:19,262 [a7a4031e-e512-44c4-8d8e-0806c768c5a8@group-C39131684D0F-LeaderElection34] INFO  impl.LeaderElection (LeaderElection.java:askForVotes(306)) - a7a4031e-e512-44c4-8d8e-0806c768c5a8@group-C39131684D0F-LeaderElection34 ELECTION round 0: submit vote requests at term 8 for -1: [a7a4031e-e512-44c4-8d8e-0806c768c5a8|rpc:10.1.0.22:36777|dataStream:|priority:1, fc70cd66-7abc-4864-8afd-7dbfaf00bb56|rpc:10.1.0.22:46709|dataStream:|priority:0, 4d6136e5-74cd-4f55-94f0-c0ea6e146a4a|rpc:10.1.0.22:37065|dataStream:|priority:0], old=null
2022-02-10 16:30:19,262 [grpc-default-executor-4] INFO  server.RaftServer$Division (RaftServerImpl.java:requestVote(1046)) - a7a4031e-e512-44c4-8d8e-0806c768c5a8@group-C39131684D0F: receive requestVote(ELECTION, fc70cd66-7abc-4864-8afd-7dbfaf00bb56, group-C39131684D0F, 8, (t:0, i:0))
2022-02-10 16:30:19,262 [grpc-default-executor-4] INFO  impl.VoteContext (VoteContext.java:log(48)) - a7a4031e-e512-44c4-8d8e-0806c768c5a8@group-C39131684D0F-CANDIDATE: reject ELECTION from fc70cd66-7abc-4864-8afd-7dbfaf00bb56: already has voted for a7a4031e-e512-44c4-8d8e-0806c768c5a8 at current term 8
2022-02-10 16:30:19,262 [grpc-default-executor-4] INFO  server.RaftServer$Division (RaftServerImpl.java:requestVote(1078)) - a7a4031e-e512-44c4-8d8e-0806c768c5a8@group-C39131684D0F replies to ELECTION vote request: fc70cd66-7abc-4864-8afd-7dbfaf00bb56<-a7a4031e-e512-44c4-8d8e-0806c768c5a8#0:FAIL-t8. Peer's state: a7a4031e-e512-44c4-8d8e-0806c768c5a8@group-C39131684D0F:t8, leader=null, voted=a7a4031e-e512-44c4-8d8e-0806c768c5a8, raftlog=a7a4031e-e512-44c4-8d8e-0806c768c5a8@group-C39131684D0F-SegmentedRaftLog:OPENED:c-1, conf=-1: [a7a4031e-e512-44c4-8d8e-0806c768c5a8|rpc:10.1.0.22:36777|dataStream:|priority:1, fc70cd66-7abc-4864-8afd-7dbfaf00bb56|rpc:10.1.0.22:46709|dataStream:|priority:0, 4d6136e5-74cd-4f55-94f0-c0ea6e146a4a|rpc:10.1.0.22:37065|dataStream:|priority:0], old=null
2022-02-10 16:30:19,271 [grpc-default-executor-4] INFO  server.RaftServer$Division (RaftServerImpl.java:requestVote(1046)) - 4d6136e5-74cd-4f55-94f0-c0ea6e146a4a@group-C39131684D0F: receive requestVote(ELECTION, fc70cd66-7abc-4864-8afd-7dbfaf00bb56, group-C39131684D0F, 8, (t:0, i:0))
2022-02-10 16:30:19,271 [grpc-default-executor-4] INFO  impl.VoteContext (VoteContext.java:log(48)) - 4d6136e5-74cd-4f55-94f0-c0ea6e146a4a@group-C39131684D0F-FOLLOWER: accept ELECTION from fc70cd66-7abc-4864-8afd-7dbfaf00bb56: our priority 0 <= candidate's priority 0
2022-02-10 16:30:19,271 [grpc-default-executor-4] INFO  server.RaftServer$Division (RaftServerImpl.java:setRole(290)) - 4d6136e5-74cd-4f55-94f0-c0ea6e146a4a@group-C39131684D0F: changes role from  FOLLOWER to FOLLOWER at term 8 for candidate:fc70cd66-7abc-4864-8afd-7dbfaf00bb56
2022-02-10 16:30:19,272 [grpc-default-executor-4] INFO  impl.RoleInfo (RoleInfo.java:shutdownFollowerState(108)) - 4d6136e5-74cd-4f55-94f0-c0ea6e146a4a: shutdown 4d6136e5-74cd-4f55-94f0-c0ea6e146a4a@group-C39131684D0F-FollowerState
2022-02-10 16:30:19,272 [grpc-default-executor-4] INFO  impl.RoleInfo (RoleInfo.java:updateAndGet(130)) - 4d6136e5-74cd-4f55-94f0-c0ea6e146a4a: start 4d6136e5-74cd-4f55-94f0-c0ea6e146a4a@group-C39131684D0F-FollowerState
2022-02-10 16:30:19,272 [4d6136e5-74cd-4f55-94f0-c0ea6e146a4a@group-C39131684D0F-FollowerState] INFO  impl.FollowerState (FollowerState.java:run(143)) - 4d6136e5-74cd-4f55-94f0-c0ea6e146a4a@group-C39131684D0F-FollowerState was interrupted: {}
java.lang.InterruptedException: sleep interrupted
	at java.lang.Thread.sleep(Native Method)
	at java.lang.Thread.sleep(Thread.java:340)
	at java.util.concurrent.TimeUnit.sleep(TimeUnit.java:386)
	at org.apache.ratis.util.TimeDuration.sleep(TimeDuration.java:324)
	at org.apache.ratis.util.TimeDuration.sleep(TimeDuration.java:309)
	at org.apache.ratis.server.impl.FollowerState.run(FollowerState.java:118)
2022-02-10 16:30:19,274 [grpc-default-executor-3] INFO  server.RaftServer$Division (RaftServerImpl.java:requestVote(1046)) - fc70cd66-7abc-4864-8afd-7dbfaf00bb56@group-C39131684D0F: receive requestVote(ELECTION, a7a4031e-e512-44c4-8d8e-0806c768c5a8, group-C39131684D0F, 8, (t:0, i:0))
2022-02-10 16:30:19,280 [grpc-default-executor-3] INFO  impl.VoteContext (VoteContext.java:log(48)) - fc70cd66-7abc-4864-8afd-7dbfaf00bb56@group-C39131684D0F-CANDIDATE: reject ELECTION from a7a4031e-e512-44c4-8d8e-0806c768c5a8: already has voted for fc70cd66-7abc-4864-8afd-7dbfaf00bb56 at current term 8
2022-02-10 16:30:19,280 [grpc-default-executor-3] INFO  server.RaftServer$Division (RaftServerImpl.java:requestVote(1078)) - fc70cd66-7abc-4864-8afd-7dbfaf00bb56@group-C39131684D0F replies to ELECTION vote request: a7a4031e-e512-44c4-8d8e-0806c768c5a8<-fc70cd66-7abc-4864-8afd-7dbfaf00bb56#0:FAIL-t8. Peer's state: fc70cd66-7abc-4864-8afd-7dbfaf00bb56@group-C39131684D0F:t8, leader=null, voted=fc70cd66-7abc-4864-8afd-7dbfaf00bb56, raftlog=fc70cd66-7abc-4864-8afd-7dbfaf00bb56@group-C39131684D0F-SegmentedRaftLog:OPENED:c-1, conf=-1: [a7a4031e-e512-44c4-8d8e-0806c768c5a8|rpc:10.1.0.22:36777|priority:1, fc70cd66-7abc-4864-8afd-7dbfaf00bb56|rpc:10.1.0.22:46709|priority:0, 4d6136e5-74cd-4f55-94f0-c0ea6e146a4a|rpc:10.1.0.22:37065|priority:0], old=null
2022-02-10 16:30:19,291 [grpc-default-executor-4] INFO  server.RaftServer$Division (RaftServerImpl.java:requestVote(1078)) - 4d6136e5-74cd-4f55-94f0-c0ea6e146a4a@group-C39131684D0F replies to ELECTION vote request: fc70cd66-7abc-4864-8afd-7dbfaf00bb56<-4d6136e5-74cd-4f55-94f0-c0ea6e146a4a#0:OK-t8. Peer's state: 4d6136e5-74cd-4f55-94f0-c0ea6e146a4a@group-C39131684D0F:t8, leader=null, voted=fc70cd66-7abc-4864-8afd-7dbfaf00bb56, raftlog=4d6136e5-74cd-4f55-94f0-c0ea6e146a4a@group-C39131684D0F-SegmentedRaftLog:OPENED:c-1, conf=-1: [a7a4031e-e512-44c4-8d8e-0806c768c5a8|rpc:10.1.0.22:36777|dataStream:|priority:1, fc70cd66-7abc-4864-8afd-7dbfaf00bb56|rpc:10.1.0.22:46709|dataStream:|priority:0, 4d6136e5-74cd-4f55-94f0-c0ea6e146a4a|rpc:10.1.0.22:37065|dataStream:|priority:0], old=null
2022-02-10 16:30:19,295 [fc70cd66-7abc-4864-8afd-7dbfaf00bb56@group-C39131684D0F-LeaderElection33] INFO  impl.LeaderElection (LeaderElection.java:logAndReturn(89)) - fc70cd66-7abc-4864-8afd-7dbfaf00bb56@group-C39131684D0F-LeaderElection33: ELECTION REJECTED received 1 response(s) and 0 exception(s):
2022-02-10 16:30:19,295 [fc70cd66-7abc-4864-8afd-7dbfaf00bb56@group-C39131684D0F-LeaderElection33] INFO  impl.LeaderElection (LeaderElection.java:logAndReturn(93)) -   Response 0: fc70cd66-7abc-4864-8afd-7dbfaf00bb56<-a7a4031e-e512-44c4-8d8e-0806c768c5a8#0:FAIL-t8
2022-02-10 16:30:19,295 [fc70cd66-7abc-4864-8afd-7dbfaf00bb56@group-C39131684D0F-LeaderElection33] INFO  impl.LeaderElection (LeaderElection.java:askForVotes(308)) - fc70cd66-7abc-4864-8afd-7dbfaf00bb56@group-C39131684D0F-LeaderElection33 ELECTION round 0: result REJECTED
2022-02-10 16:30:19,295 [fc70cd66-7abc-4864-8afd-7dbfaf00bb56@group-C39131684D0F-LeaderElection33] INFO  server.RaftServer$Division (RaftServerImpl.java:setRole(290)) - fc70cd66-7abc-4864-8afd-7dbfaf00bb56@group-C39131684D0F: changes role from CANDIDATE to FOLLOWER at term 8 for REJECTED
2022-02-10 16:30:19,295 [fc70cd66-7abc-4864-8afd-7dbfaf00bb56@group-C39131684D0F-LeaderElection33] INFO  impl.RoleInfo (RoleInfo.java:shutdownLeaderElection(121)) - fc70cd66-7abc-4864-8afd-7dbfaf00bb56: shutdown fc70cd66-7abc-4864-8afd-7dbfaf00bb56@group-C39131684D0F-LeaderElection33
2022-02-10 16:30:19,295 [fc70cd66-7abc-4864-8afd-7dbfaf00bb56@group-C39131684D0F-LeaderElection33] INFO  impl.RoleInfo (RoleInfo.java:updateAndGet(130)) - fc70cd66-7abc-4864-8afd-7dbfaf00bb56: start fc70cd66-7abc-4864-8afd-7dbfaf00bb56@group-C39131684D0F-FollowerState
2022-02-10 16:30:19,321 [grpc-default-executor-4] INFO  server.RaftServer$Division (RaftServerImpl.java:requestVote(1046)) - 4d6136e5-74cd-4f55-94f0-c0ea6e146a4a@group-C39131684D0F: receive requestVote(ELECTION, a7a4031e-e512-44c4-8d8e-0806c768c5a8, group-C39131684D0F, 8, (t:0, i:0))
2022-02-10 16:30:19,321 [grpc-default-executor-4] INFO  impl.VoteContext (VoteContext.java:log(48)) - 4d6136e5-74cd-4f55-94f0-c0ea6e146a4a@group-C39131684D0F-FOLLOWER: reject ELECTION from a7a4031e-e512-44c4-8d8e-0806c768c5a8: already has voted for fc70cd66-7abc-4864-8afd-7dbfaf00bb56 at current term 8
2022-02-10 16:30:19,321 [grpc-default-executor-4] INFO  server.RaftServer$Division (RaftServerImpl.java:requestVote(1078)) - 4d6136e5-74cd-4f55-94f0-c0ea6e146a4a@group-C39131684D0F replies to ELECTION vote request: a7a4031e-e512-44c4-8d8e-0806c768c5a8<-4d6136e5-74cd-4f55-94f0-c0ea6e146a4a#0:FAIL-t8. Peer's state: 4d6136e5-74cd-4f55-94f0-c0ea6e146a4a@group-C39131684D0F:t8, leader=null, voted=fc70cd66-7abc-4864-8afd-7dbfaf00bb56, raftlog=4d6136e5-74cd-4f55-94f0-c0ea6e146a4a@group-C39131684D0F-SegmentedRaftLog:OPENED:c-1, conf=-1: [a7a4031e-e512-44c4-8d8e-0806c768c5a8|rpc:10.1.0.22:36777|dataStream:|priority:1, fc70cd66-7abc-4864-8afd-7dbfaf00bb56|rpc:10.1.0.22:46709|dataStream:|priority:0, 4d6136e5-74cd-4f55-94f0-c0ea6e146a4a|rpc:10.1.0.22:37065|dataStream:|priority:0], old=null
2022-02-10 16:30:19,326 [a7a4031e-e512-44c4-8d8e-0806c768c5a8@group-C39131684D0F-LeaderElection34] INFO  impl.LeaderElection (LeaderElection.java:logAndReturn(89)) - a7a4031e-e512-44c4-8d8e-0806c768c5a8@group-C39131684D0F-LeaderElection34: ELECTION REJECTED received 2 response(s) and 0 exception(s):
2022-02-10 16:30:19,326 [a7a4031e-e512-44c4-8d8e-0806c768c5a8@group-C39131684D0F-LeaderElection34] INFO  impl.LeaderElection (LeaderElection.java:logAndReturn(93)) -   Response 0: a7a4031e-e512-44c4-8d8e-0806c768c5a8<-fc70cd66-7abc-4864-8afd-7dbfaf00bb56#0:FAIL-t8
2022-02-10 16:30:19,326 [a7a4031e-e512-44c4-8d8e-0806c768c5a8@group-C39131684D0F-LeaderElection34] INFO  impl.LeaderElection (LeaderElection.java:logAndReturn(93)) -   Response 1: a7a4031e-e512-44c4-8d8e-0806c768c5a8<-4d6136e5-74cd-4f55-94f0-c0ea6e146a4a#0:FAIL-t8
2022-02-10 16:30:19,326 [a7a4031e-e512-44c4-8d8e-0806c768c5a8@group-C39131684D0F-LeaderElection34] INFO  impl.LeaderElection (LeaderElection.java:askForVotes(308)) - a7a4031e-e512-44c4-8d8e-0806c768c5a8@group-C39131684D0F-LeaderElection34 ELECTION round 0: result REJECTED
2022-02-10 16:30:19,326 [a7a4031e-e512-44c4-8d8e-0806c768c5a8@group-C39131684D0F-LeaderElection34] INFO  server.RaftServer$Division (RaftServerImpl.java:setRole(290)) - a7a4031e-e512-44c4-8d8e-0806c768c5a8@group-C39131684D0F: changes role from CANDIDATE to FOLLOWER at term 8 for REJECTED
2022-02-10 16:30:19,326 [a7a4031e-e512-44c4-8d8e-0806c768c5a8@group-C39131684D0F-LeaderElection34] INFO  impl.RoleInfo (RoleInfo.java:shutdownLeaderElection(121)) - a7a4031e-e512-44c4-8d8e-0806c768c5a8: shutdown a7a4031e-e512-44c4-8d8e-0806c768c5a8@group-C39131684D0F-LeaderElection34
2022-02-10 16:30:19,327 [a7a4031e-e512-44c4-8d8e-0806c768c5a8@group-C39131684D0F-LeaderElection34] INFO  impl.RoleInfo (RoleInfo.java:updateAndGet(130)) - a7a4031e-e512-44c4-8d8e-0806c768c5a8: start a7a4031e-e512-44c4-8d8e-0806c768c5a8@group-C39131684D0F-FollowerState
2022-02-10 16:30:19,723 [Listener at 127.0.0.1/38003] INFO  ozone.MiniOzoneClusterImpl (MiniOzoneClusterImpl.java:lambda$waitForClusterToBeReady$0(219)) - Nodes are ready. Got 3 of 3 DN Heartbeats.
2022-02-10 16:30:19,724 [Listener at 127.0.0.1/38003] INFO  ozone.MiniOzoneClusterImpl (MiniOzoneClusterImpl.java:lambda$waitForClusterToBeReady$0(222)) - Waiting for cluster to exit safe mode
2022-02-10 16:30:19,724 [Listener at 127.0.0.1/38003] INFO  ozone.MiniOzoneClusterImpl (MiniOzoneClusterImpl.java:lambda$waitForClusterToBeReady$0(224)) - SCM became leader
2022-02-10 16:30:20,724 [Listener at 127.0.0.1/38003] INFO  ozone.MiniOzoneClusterImpl (MiniOzoneClusterImpl.java:lambda$waitForClusterToBeReady$0(219)) - Nodes are ready. Got 3 of 3 DN Heartbeats.
2022-02-10 16:30:20,724 [Listener at 127.0.0.1/38003] INFO  ozone.MiniOzoneClusterImpl (MiniOzoneClusterImpl.java:lambda$waitForClusterToBeReady$0(222)) - Waiting for cluster to exit safe mode
2022-02-10 16:30:20,724 [Listener at 127.0.0.1/38003] INFO  ozone.MiniOzoneClusterImpl (MiniOzoneClusterImpl.java:lambda$waitForClusterToBeReady$0(224)) - SCM became leader
2022-02-10 16:30:21,724 [Listener at 127.0.0.1/38003] INFO  ozone.MiniOzoneClusterImpl (MiniOzoneClusterImpl.java:lambda$waitForClusterToBeReady$0(219)) - Nodes are ready. Got 3 of 3 DN Heartbeats.
2022-02-10 16:30:21,725 [Listener at 127.0.0.1/38003] INFO  ozone.MiniOzoneClusterImpl (MiniOzoneClusterImpl.java:lambda$waitForClusterToBeReady$0(222)) - Waiting for cluster to exit safe mode
2022-02-10 16:30:21,725 [Listener at 127.0.0.1/38003] INFO  ozone.MiniOzoneClusterImpl (MiniOzoneClusterImpl.java:lambda$waitForClusterToBeReady$0(224)) - SCM became leader
2022-02-10 16:30:22,725 [Listener at 127.0.0.1/38003] INFO  ozone.MiniOzoneClusterImpl (MiniOzoneClusterImpl.java:lambda$waitForClusterToBeReady$0(219)) - Nodes are ready. Got 3 of 3 DN Heartbeats.
2022-02-10 16:30:22,725 [Listener at 127.0.0.1/38003] INFO  ozone.MiniOzoneClusterImpl (MiniOzoneClusterImpl.java:lambda$waitForClusterToBeReady$0(222)) - Waiting for cluster to exit safe mode
2022-02-10 16:30:22,725 [Listener at 127.0.0.1/38003] INFO  ozone.MiniOzoneClusterImpl (MiniOzoneClusterImpl.java:lambda$waitForClusterToBeReady$0(224)) - SCM became leader
2022-02-10 16:30:23,725 [Listener at 127.0.0.1/38003] INFO  ozone.MiniOzoneClusterImpl (MiniOzoneClusterImpl.java:lambda$waitForClusterToBeReady$0(219)) - Nodes are ready. Got 3 of 3 DN Heartbeats.
2022-02-10 16:30:23,726 [Listener at 127.0.0.1/38003] INFO  ozone.MiniOzoneClusterImpl (MiniOzoneClusterImpl.java:lambda$waitForClusterToBeReady$0(222)) - Waiting for cluster to exit safe mode
2022-02-10 16:30:23,726 [Listener at 127.0.0.1/38003] INFO  ozone.MiniOzoneClusterImpl (MiniOzoneClusterImpl.java:lambda$waitForClusterToBeReady$0(224)) - SCM became leader
2022-02-10 16:30:24,338 [4d6136e5-74cd-4f55-94f0-c0ea6e146a4a@group-C39131684D0F-FollowerState] INFO  impl.FollowerState (FollowerState.java:run(134)) - 4d6136e5-74cd-4f55-94f0-c0ea6e146a4a@group-C39131684D0F-FollowerState: change to CANDIDATE, lastRpcElapsedTime:5047447939ns, electionTimeout:5041ms
2022-02-10 16:30:24,338 [4d6136e5-74cd-4f55-94f0-c0ea6e146a4a@group-C39131684D0F-FollowerState] INFO  impl.RoleInfo (RoleInfo.java:shutdownFollowerState(108)) - 4d6136e5-74cd-4f55-94f0-c0ea6e146a4a: shutdown 4d6136e5-74cd-4f55-94f0-c0ea6e146a4a@group-C39131684D0F-FollowerState
2022-02-10 16:30:24,338 [4d6136e5-74cd-4f55-94f0-c0ea6e146a4a@group-C39131684D0F-FollowerState] INFO  server.RaftServer$Division (RaftServerImpl.java:setRole(290)) - 4d6136e5-74cd-4f55-94f0-c0ea6e146a4a@group-C39131684D0F: changes role from  FOLLOWER to CANDIDATE at term 8 for changeToCandidate
2022-02-10 16:30:24,338 [4d6136e5-74cd-4f55-94f0-c0ea6e146a4a@group-C39131684D0F-FollowerState] INFO  server.RaftServerConfigKeys (ConfUtils.java:logGet(44)) - raft.server.leaderelection.pre-vote = false (custom)
2022-02-10 16:30:24,338 [4d6136e5-74cd-4f55-94f0-c0ea6e146a4a@group-C39131684D0F-FollowerState] INFO  impl.RoleInfo (RoleInfo.java:updateAndGet(130)) - 4d6136e5-74cd-4f55-94f0-c0ea6e146a4a: start 4d6136e5-74cd-4f55-94f0-c0ea6e146a4a@group-C39131684D0F-LeaderElection35
2022-02-10 16:30:24,345 [4d6136e5-74cd-4f55-94f0-c0ea6e146a4a@group-C39131684D0F-LeaderElection35] INFO  impl.LeaderElection (LeaderElection.java:askForVotes(306)) - 4d6136e5-74cd-4f55-94f0-c0ea6e146a4a@group-C39131684D0F-LeaderElection35 ELECTION round 0: submit vote requests at term 9 for -1: [a7a4031e-e512-44c4-8d8e-0806c768c5a8|rpc:10.1.0.22:36777|dataStream:|priority:1, fc70cd66-7abc-4864-8afd-7dbfaf00bb56|rpc:10.1.0.22:46709|dataStream:|priority:0, 4d6136e5-74cd-4f55-94f0-c0ea6e146a4a|rpc:10.1.0.22:37065|dataStream:|priority:0], old=null
2022-02-10 16:30:24,364 [grpc-default-executor-4] INFO  server.RaftServer$Division (RaftServerImpl.java:requestVote(1046)) - a7a4031e-e512-44c4-8d8e-0806c768c5a8@group-C39131684D0F: receive requestVote(ELECTION, 4d6136e5-74cd-4f55-94f0-c0ea6e146a4a, group-C39131684D0F, 9, (t:0, i:0))
2022-02-10 16:30:24,364 [grpc-default-executor-4] INFO  impl.VoteContext (VoteContext.java:log(48)) - a7a4031e-e512-44c4-8d8e-0806c768c5a8@group-C39131684D0F-FOLLOWER: reject ELECTION from 4d6136e5-74cd-4f55-94f0-c0ea6e146a4a: our priority 1 > candidate's priority 0
2022-02-10 16:30:24,364 [grpc-default-executor-4] INFO  server.RaftServer$Division (RaftServerImpl.java:setRole(290)) - a7a4031e-e512-44c4-8d8e-0806c768c5a8@group-C39131684D0F: changes role from  FOLLOWER to FOLLOWER at term 9 for candidate:4d6136e5-74cd-4f55-94f0-c0ea6e146a4a
2022-02-10 16:30:24,364 [grpc-default-executor-4] INFO  impl.RoleInfo (RoleInfo.java:shutdownFollowerState(108)) - a7a4031e-e512-44c4-8d8e-0806c768c5a8: shutdown a7a4031e-e512-44c4-8d8e-0806c768c5a8@group-C39131684D0F-FollowerState
2022-02-10 16:30:24,364 [grpc-default-executor-4] INFO  impl.RoleInfo (RoleInfo.java:updateAndGet(130)) - a7a4031e-e512-44c4-8d8e-0806c768c5a8: start a7a4031e-e512-44c4-8d8e-0806c768c5a8@group-C39131684D0F-FollowerState
2022-02-10 16:30:24,364 [a7a4031e-e512-44c4-8d8e-0806c768c5a8@group-C39131684D0F-FollowerState] INFO  impl.FollowerState (FollowerState.java:run(143)) - a7a4031e-e512-44c4-8d8e-0806c768c5a8@group-C39131684D0F-FollowerState was interrupted: {}
java.lang.InterruptedException: sleep interrupted
	at java.lang.Thread.sleep(Native Method)
	at java.lang.Thread.sleep(Thread.java:340)
	at java.util.concurrent.TimeUnit.sleep(TimeUnit.java:386)
	at org.apache.ratis.util.TimeDuration.sleep(TimeDuration.java:324)
	at org.apache.ratis.util.TimeDuration.sleep(TimeDuration.java:309)
	at org.apache.ratis.server.impl.FollowerState.run(FollowerState.java:118)
2022-02-10 16:30:24,373 [grpc-default-executor-4] INFO  server.RaftServer$Division (RaftServerImpl.java:requestVote(1078)) - a7a4031e-e512-44c4-8d8e-0806c768c5a8@group-C39131684D0F replies to ELECTION vote request: 4d6136e5-74cd-4f55-94f0-c0ea6e146a4a<-a7a4031e-e512-44c4-8d8e-0806c768c5a8#0:FAIL-t9. Peer's state: a7a4031e-e512-44c4-8d8e-0806c768c5a8@group-C39131684D0F:t9, leader=null, voted=null, raftlog=a7a4031e-e512-44c4-8d8e-0806c768c5a8@group-C39131684D0F-SegmentedRaftLog:OPENED:c-1, conf=-1: [a7a4031e-e512-44c4-8d8e-0806c768c5a8|rpc:10.1.0.22:36777|dataStream:|priority:1, fc70cd66-7abc-4864-8afd-7dbfaf00bb56|rpc:10.1.0.22:46709|dataStream:|priority:0, 4d6136e5-74cd-4f55-94f0-c0ea6e146a4a|rpc:10.1.0.22:37065|dataStream:|priority:0], old=null
2022-02-10 16:30:24,376 [4d6136e5-74cd-4f55-94f0-c0ea6e146a4a@group-C39131684D0F-LeaderElection35] INFO  impl.LeaderElection (LeaderElection.java:logAndReturn(89)) - 4d6136e5-74cd-4f55-94f0-c0ea6e146a4a@group-C39131684D0F-LeaderElection35: ELECTION REJECTED received 1 response(s) and 0 exception(s):
2022-02-10 16:30:24,376 [4d6136e5-74cd-4f55-94f0-c0ea6e146a4a@group-C39131684D0F-LeaderElection35] INFO  impl.LeaderElection (LeaderElection.java:logAndReturn(93)) -   Response 0: 4d6136e5-74cd-4f55-94f0-c0ea6e146a4a<-a7a4031e-e512-44c4-8d8e-0806c768c5a8#0:FAIL-t9
2022-02-10 16:30:24,376 [4d6136e5-74cd-4f55-94f0-c0ea6e146a4a@group-C39131684D0F-LeaderElection35] INFO  impl.LeaderElection (LeaderElection.java:askForVotes(308)) - 4d6136e5-74cd-4f55-94f0-c0ea6e146a4a@group-C39131684D0F-LeaderElection35 ELECTION round 0: result REJECTED
2022-02-10 16:30:24,376 [4d6136e5-74cd-4f55-94f0-c0ea6e146a4a@group-C39131684D0F-LeaderElection35] INFO  server.RaftServer$Division (RaftServerImpl.java:setRole(290)) - 4d6136e5-74cd-4f55-94f0-c0ea6e146a4a@group-C39131684D0F: changes role from CANDIDATE to FOLLOWER at term 9 for REJECTED
2022-02-10 16:30:24,376 [4d6136e5-74cd-4f55-94f0-c0ea6e146a4a@group-C39131684D0F-LeaderElection35] INFO  impl.RoleInfo (RoleInfo.java:shutdownLeaderElection(121)) - 4d6136e5-74cd-4f55-94f0-c0ea6e146a4a: shutdown 4d6136e5-74cd-4f55-94f0-c0ea6e146a4a@group-C39131684D0F-LeaderElection35
2022-02-10 16:30:24,376 [4d6136e5-74cd-4f55-94f0-c0ea6e146a4a@group-C39131684D0F-LeaderElection35] INFO  impl.RoleInfo (RoleInfo.java:updateAndGet(130)) - 4d6136e5-74cd-4f55-94f0-c0ea6e146a4a: start 4d6136e5-74cd-4f55-94f0-c0ea6e146a4a@group-C39131684D0F-FollowerState
2022-02-10 16:30:24,401 [grpc-default-executor-3] INFO  server.RaftServer$Division (RaftServerImpl.java:requestVote(1046)) - fc70cd66-7abc-4864-8afd-7dbfaf00bb56@group-C39131684D0F: receive requestVote(ELECTION, 4d6136e5-74cd-4f55-94f0-c0ea6e146a4a, group-C39131684D0F, 9, (t:0, i:0))
2022-02-10 16:30:24,401 [grpc-default-executor-3] INFO  impl.VoteContext (VoteContext.java:log(48)) - fc70cd66-7abc-4864-8afd-7dbfaf00bb56@group-C39131684D0F-FOLLOWER: accept ELECTION from 4d6136e5-74cd-4f55-94f0-c0ea6e146a4a: our priority 0 <= candidate's priority 0
2022-02-10 16:30:24,401 [grpc-default-executor-3] INFO  server.RaftServer$Division (RaftServerImpl.java:setRole(290)) - fc70cd66-7abc-4864-8afd-7dbfaf00bb56@group-C39131684D0F: changes role from  FOLLOWER to FOLLOWER at term 9 for candidate:4d6136e5-74cd-4f55-94f0-c0ea6e146a4a
2022-02-10 16:30:24,401 [grpc-default-executor-3] INFO  impl.RoleInfo (RoleInfo.java:shutdownFollowerState(108)) - fc70cd66-7abc-4864-8afd-7dbfaf00bb56: shutdown fc70cd66-7abc-4864-8afd-7dbfaf00bb56@group-C39131684D0F-FollowerState
2022-02-10 16:30:24,402 [grpc-default-executor-3] INFO  impl.RoleInfo (RoleInfo.java:updateAndGet(130)) - fc70cd66-7abc-4864-8afd-7dbfaf00bb56: start fc70cd66-7abc-4864-8afd-7dbfaf00bb56@group-C39131684D0F-FollowerState
2022-02-10 16:30:24,402 [fc70cd66-7abc-4864-8afd-7dbfaf00bb56@group-C39131684D0F-FollowerState] INFO  impl.FollowerState (FollowerState.java:run(143)) - fc70cd66-7abc-4864-8afd-7dbfaf00bb56@group-C39131684D0F-FollowerState was interrupted: {}
java.lang.InterruptedException: sleep interrupted
	at java.lang.Thread.sleep(Native Method)
	at java.lang.Thread.sleep(Thread.java:340)
	at java.util.concurrent.TimeUnit.sleep(TimeUnit.java:386)
	at org.apache.ratis.util.TimeDuration.sleep(TimeDuration.java:324)
	at org.apache.ratis.util.TimeDuration.sleep(TimeDuration.java:309)
	at org.apache.ratis.server.impl.FollowerState.run(FollowerState.java:118)
2022-02-10 16:30:24,416 [grpc-default-executor-3] INFO  server.RaftServer$Division (RaftServerImpl.java:requestVote(1078)) - fc70cd66-7abc-4864-8afd-7dbfaf00bb56@group-C39131684D0F replies to ELECTION vote request: 4d6136e5-74cd-4f55-94f0-c0ea6e146a4a<-fc70cd66-7abc-4864-8afd-7dbfaf00bb56#0:OK-t9. Peer's state: fc70cd66-7abc-4864-8afd-7dbfaf00bb56@group-C39131684D0F:t9, leader=null, voted=4d6136e5-74cd-4f55-94f0-c0ea6e146a4a, raftlog=fc70cd66-7abc-4864-8afd-7dbfaf00bb56@group-C39131684D0F-SegmentedRaftLog:OPENED:c-1, conf=-1: [a7a4031e-e512-44c4-8d8e-0806c768c5a8|rpc:10.1.0.22:36777|priority:1, fc70cd66-7abc-4864-8afd-7dbfaf00bb56|rpc:10.1.0.22:46709|priority:0, 4d6136e5-74cd-4f55-94f0-c0ea6e146a4a|rpc:10.1.0.22:37065|priority:0], old=null
2022-02-10 16:30:24,726 [Listener at 127.0.0.1/38003] INFO  ozone.MiniOzoneClusterImpl (MiniOzoneClusterImpl.java:lambda$waitForClusterToBeReady$0(219)) - Nodes are ready. Got 3 of 3 DN Heartbeats.
2022-02-10 16:30:24,726 [Listener at 127.0.0.1/38003] INFO  ozone.MiniOzoneClusterImpl (MiniOzoneClusterImpl.java:lambda$waitForClusterToBeReady$0(222)) - Waiting for cluster to exit safe mode
2022-02-10 16:30:24,726 [Listener at 127.0.0.1/38003] INFO  ozone.MiniOzoneClusterImpl (MiniOzoneClusterImpl.java:lambda$waitForClusterToBeReady$0(224)) - SCM became leader
2022-02-10 16:30:25,726 [Listener at 127.0.0.1/38003] INFO  ozone.MiniOzoneClusterImpl (MiniOzoneClusterImpl.java:lambda$waitForClusterToBeReady$0(219)) - Nodes are ready. Got 3 of 3 DN Heartbeats.
2022-02-10 16:30:25,727 [Listener at 127.0.0.1/38003] INFO  ozone.MiniOzoneClusterImpl (MiniOzoneClusterImpl.java:lambda$waitForClusterToBeReady$0(222)) - Waiting for cluster to exit safe mode
2022-02-10 16:30:25,727 [Listener at 127.0.0.1/38003] INFO  ozone.MiniOzoneClusterImpl (MiniOzoneClusterImpl.java:lambda$waitForClusterToBeReady$0(224)) - SCM became leader
2022-02-10 16:30:26,727 [Listener at 127.0.0.1/38003] INFO  ozone.MiniOzoneClusterImpl (MiniOzoneClusterImpl.java:lambda$waitForClusterToBeReady$0(219)) - Nodes are ready. Got 3 of 3 DN Heartbeats.
2022-02-10 16:30:26,727 [Listener at 127.0.0.1/38003] INFO  ozone.MiniOzoneClusterImpl (MiniOzoneClusterImpl.java:lambda$waitForClusterToBeReady$0(222)) - Waiting for cluster to exit safe mode
2022-02-10 16:30:26,727 [Listener at 127.0.0.1/38003] INFO  ozone.MiniOzoneClusterImpl (MiniOzoneClusterImpl.java:lambda$waitForClusterToBeReady$0(224)) - SCM became leader
2022-02-10 16:30:27,727 [Listener at 127.0.0.1/38003] INFO  ozone.MiniOzoneClusterImpl (MiniOzoneClusterImpl.java:lambda$waitForClusterToBeReady$0(219)) - Nodes are ready. Got 3 of 3 DN Heartbeats.
2022-02-10 16:30:27,728 [Listener at 127.0.0.1/38003] INFO  ozone.MiniOzoneClusterImpl (MiniOzoneClusterImpl.java:lambda$waitForClusterToBeReady$0(222)) - Waiting for cluster to exit safe mode
2022-02-10 16:30:27,728 [Listener at 127.0.0.1/38003] INFO  ozone.MiniOzoneClusterImpl (MiniOzoneClusterImpl.java:lambda$waitForClusterToBeReady$0(224)) - SCM became leader
2022-02-10 16:30:28,728 [Listener at 127.0.0.1/38003] INFO  ozone.MiniOzoneClusterImpl (MiniOzoneClusterImpl.java:lambda$waitForClusterToBeReady$0(219)) - Nodes are ready. Got 3 of 3 DN Heartbeats.
2022-02-10 16:30:28,728 [Listener at 127.0.0.1/38003] INFO  ozone.MiniOzoneClusterImpl (MiniOzoneClusterImpl.java:lambda$waitForClusterToBeReady$0(222)) - Waiting for cluster to exit safe mode
2022-02-10 16:30:28,728 [Listener at 127.0.0.1/38003] INFO  ozone.MiniOzoneClusterImpl (MiniOzoneClusterImpl.java:lambda$waitForClusterToBeReady$0(224)) - SCM became leader
2022-02-10 16:30:29,428 [fc70cd66-7abc-4864-8afd-7dbfaf00bb56@group-C39131684D0F-FollowerState] INFO  impl.FollowerState (FollowerState.java:run(134)) - fc70cd66-7abc-4864-8afd-7dbfaf00bb56@group-C39131684D0F-FollowerState: change to CANDIDATE, lastRpcElapsedTime:5011661874ns, electionTimeout:5011ms
2022-02-10 16:30:29,428 [fc70cd66-7abc-4864-8afd-7dbfaf00bb56@group-C39131684D0F-FollowerState] INFO  impl.RoleInfo (RoleInfo.java:shutdownFollowerState(108)) - fc70cd66-7abc-4864-8afd-7dbfaf00bb56: shutdown fc70cd66-7abc-4864-8afd-7dbfaf00bb56@group-C39131684D0F-FollowerState
2022-02-10 16:30:29,428 [fc70cd66-7abc-4864-8afd-7dbfaf00bb56@group-C39131684D0F-FollowerState] INFO  server.RaftServer$Division (RaftServerImpl.java:setRole(290)) - fc70cd66-7abc-4864-8afd-7dbfaf00bb56@group-C39131684D0F: changes role from  FOLLOWER to CANDIDATE at term 9 for changeToCandidate
2022-02-10 16:30:29,428 [fc70cd66-7abc-4864-8afd-7dbfaf00bb56@group-C39131684D0F-FollowerState] INFO  server.RaftServerConfigKeys (ConfUtils.java:logGet(44)) - raft.server.leaderelection.pre-vote = false (custom)
2022-02-10 16:30:29,428 [fc70cd66-7abc-4864-8afd-7dbfaf00bb56@group-C39131684D0F-FollowerState] INFO  impl.RoleInfo (RoleInfo.java:updateAndGet(130)) - fc70cd66-7abc-4864-8afd-7dbfaf00bb56: start fc70cd66-7abc-4864-8afd-7dbfaf00bb56@group-C39131684D0F-LeaderElection36
2022-02-10 16:30:29,448 [a7a4031e-e512-44c4-8d8e-0806c768c5a8@group-C39131684D0F-FollowerState] INFO  impl.FollowerState (FollowerState.java:run(134)) - a7a4031e-e512-44c4-8d8e-0806c768c5a8@group-C39131684D0F-FollowerState: change to CANDIDATE, lastRpcElapsedTime:5084322634ns, electionTimeout:5075ms
2022-02-10 16:30:29,448 [a7a4031e-e512-44c4-8d8e-0806c768c5a8@group-C39131684D0F-FollowerState] INFO  impl.RoleInfo (RoleInfo.java:shutdownFollowerState(108)) - a7a4031e-e512-44c4-8d8e-0806c768c5a8: shutdown a7a4031e-e512-44c4-8d8e-0806c768c5a8@group-C39131684D0F-FollowerState
2022-02-10 16:30:29,449 [a7a4031e-e512-44c4-8d8e-0806c768c5a8@group-C39131684D0F-FollowerState] INFO  server.RaftServer$Division (RaftServerImpl.java:setRole(290)) - a7a4031e-e512-44c4-8d8e-0806c768c5a8@group-C39131684D0F: changes role from  FOLLOWER to CANDIDATE at term 9 for changeToCandidate
2022-02-10 16:30:29,449 [a7a4031e-e512-44c4-8d8e-0806c768c5a8@group-C39131684D0F-FollowerState] INFO  server.RaftServerConfigKeys (ConfUtils.java:logGet(44)) - raft.server.leaderelection.pre-vote = false (custom)
2022-02-10 16:30:29,449 [a7a4031e-e512-44c4-8d8e-0806c768c5a8@group-C39131684D0F-FollowerState] INFO  impl.RoleInfo (RoleInfo.java:updateAndGet(130)) - a7a4031e-e512-44c4-8d8e-0806c768c5a8: start a7a4031e-e512-44c4-8d8e-0806c768c5a8@group-C39131684D0F-LeaderElection37
2022-02-10 16:30:29,451 [fc70cd66-7abc-4864-8afd-7dbfaf00bb56@group-C39131684D0F-LeaderElection36] INFO  impl.LeaderElection (LeaderElection.java:askForVotes(306)) - fc70cd66-7abc-4864-8afd-7dbfaf00bb56@group-C39131684D0F-LeaderElection36 ELECTION round 0: submit vote requests at term 10 for -1: [a7a4031e-e512-44c4-8d8e-0806c768c5a8|rpc:10.1.0.22:36777|priority:1, fc70cd66-7abc-4864-8afd-7dbfaf00bb56|rpc:10.1.0.22:46709|priority:0, 4d6136e5-74cd-4f55-94f0-c0ea6e146a4a|rpc:10.1.0.22:37065|priority:0], old=null
2022-02-10 16:30:29,470 [a7a4031e-e512-44c4-8d8e-0806c768c5a8@group-C39131684D0F-LeaderElection37] INFO  impl.LeaderElection (LeaderElection.java:askForVotes(306)) - a7a4031e-e512-44c4-8d8e-0806c768c5a8@group-C39131684D0F-LeaderElection37 ELECTION round 0: submit vote requests at term 10 for -1: [a7a4031e-e512-44c4-8d8e-0806c768c5a8|rpc:10.1.0.22:36777|dataStream:|priority:1, fc70cd66-7abc-4864-8afd-7dbfaf00bb56|rpc:10.1.0.22:46709|dataStream:|priority:0, 4d6136e5-74cd-4f55-94f0-c0ea6e146a4a|rpc:10.1.0.22:37065|dataStream:|priority:0], old=null
2022-02-10 16:30:29,511 [grpc-default-executor-3] INFO  server.RaftServer$Division (RaftServerImpl.java:requestVote(1046)) - a7a4031e-e512-44c4-8d8e-0806c768c5a8@group-C39131684D0F: receive requestVote(ELECTION, fc70cd66-7abc-4864-8afd-7dbfaf00bb56, group-C39131684D0F, 10, (t:0, i:0))
2022-02-10 16:30:29,511 [grpc-default-executor-3] INFO  impl.VoteContext (VoteContext.java:log(48)) - a7a4031e-e512-44c4-8d8e-0806c768c5a8@group-C39131684D0F-CANDIDATE: reject ELECTION from fc70cd66-7abc-4864-8afd-7dbfaf00bb56: already has voted for a7a4031e-e512-44c4-8d8e-0806c768c5a8 at current term 10
2022-02-10 16:30:29,511 [grpc-default-executor-3] INFO  server.RaftServer$Division (RaftServerImpl.java:requestVote(1078)) - a7a4031e-e512-44c4-8d8e-0806c768c5a8@group-C39131684D0F replies to ELECTION vote request: fc70cd66-7abc-4864-8afd-7dbfaf00bb56<-a7a4031e-e512-44c4-8d8e-0806c768c5a8#0:FAIL-t10. Peer's state: a7a4031e-e512-44c4-8d8e-0806c768c5a8@group-C39131684D0F:t10, leader=null, voted=a7a4031e-e512-44c4-8d8e-0806c768c5a8, raftlog=a7a4031e-e512-44c4-8d8e-0806c768c5a8@group-C39131684D0F-SegmentedRaftLog:OPENED:c-1, conf=-1: [a7a4031e-e512-44c4-8d8e-0806c768c5a8|rpc:10.1.0.22:36777|dataStream:|priority:1, fc70cd66-7abc-4864-8afd-7dbfaf00bb56|rpc:10.1.0.22:46709|dataStream:|priority:0, 4d6136e5-74cd-4f55-94f0-c0ea6e146a4a|rpc:10.1.0.22:37065|dataStream:|priority:0], old=null
2022-02-10 16:30:29,511 [grpc-default-executor-4] INFO  server.RaftServer$Division (RaftServerImpl.java:requestVote(1046)) - 4d6136e5-74cd-4f55-94f0-c0ea6e146a4a@group-C39131684D0F: receive requestVote(ELECTION, fc70cd66-7abc-4864-8afd-7dbfaf00bb56, group-C39131684D0F, 10, (t:0, i:0))
2022-02-10 16:30:29,512 [grpc-default-executor-4] INFO  impl.VoteContext (VoteContext.java:log(48)) - 4d6136e5-74cd-4f55-94f0-c0ea6e146a4a@group-C39131684D0F-FOLLOWER: accept ELECTION from fc70cd66-7abc-4864-8afd-7dbfaf00bb56: our priority 0 <= candidate's priority 0
2022-02-10 16:30:29,512 [grpc-default-executor-4] INFO  server.RaftServer$Division (RaftServerImpl.java:setRole(290)) - 4d6136e5-74cd-4f55-94f0-c0ea6e146a4a@group-C39131684D0F: changes role from  FOLLOWER to FOLLOWER at term 10 for candidate:fc70cd66-7abc-4864-8afd-7dbfaf00bb56
2022-02-10 16:30:29,512 [grpc-default-executor-4] INFO  impl.RoleInfo (RoleInfo.java:shutdownFollowerState(108)) - 4d6136e5-74cd-4f55-94f0-c0ea6e146a4a: shutdown 4d6136e5-74cd-4f55-94f0-c0ea6e146a4a@group-C39131684D0F-FollowerState
2022-02-10 16:30:29,512 [grpc-default-executor-4] INFO  impl.RoleInfo (RoleInfo.java:updateAndGet(130)) - 4d6136e5-74cd-4f55-94f0-c0ea6e146a4a: start 4d6136e5-74cd-4f55-94f0-c0ea6e146a4a@group-C39131684D0F-FollowerState
2022-02-10 16:30:29,512 [4d6136e5-74cd-4f55-94f0-c0ea6e146a4a@group-C39131684D0F-FollowerState] INFO  impl.FollowerState (FollowerState.java:run(143)) - 4d6136e5-74cd-4f55-94f0-c0ea6e146a4a@group-C39131684D0F-FollowerState was interrupted: {}
java.lang.InterruptedException: sleep interrupted
	at java.lang.Thread.sleep(Native Method)
	at java.lang.Thread.sleep(Thread.java:340)
	at java.util.concurrent.TimeUnit.sleep(TimeUnit.java:386)
	at org.apache.ratis.util.TimeDuration.sleep(TimeDuration.java:324)
	at org.apache.ratis.util.TimeDuration.sleep(TimeDuration.java:309)
	at org.apache.ratis.server.impl.FollowerState.run(FollowerState.java:118)
2022-02-10 16:30:29,527 [grpc-default-executor-5] INFO  server.RaftServer$Division (RaftServerImpl.java:requestVote(1046)) - fc70cd66-7abc-4864-8afd-7dbfaf00bb56@group-C39131684D0F: receive requestVote(ELECTION, a7a4031e-e512-44c4-8d8e-0806c768c5a8, group-C39131684D0F, 10, (t:0, i:0))
2022-02-10 16:30:29,528 [grpc-default-executor-5] INFO  impl.VoteContext (VoteContext.java:log(48)) - fc70cd66-7abc-4864-8afd-7dbfaf00bb56@group-C39131684D0F-CANDIDATE: reject ELECTION from a7a4031e-e512-44c4-8d8e-0806c768c5a8: already has voted for fc70cd66-7abc-4864-8afd-7dbfaf00bb56 at current term 10
2022-02-10 16:30:29,528 [grpc-default-executor-5] INFO  server.RaftServer$Division (RaftServerImpl.java:requestVote(1078)) - fc70cd66-7abc-4864-8afd-7dbfaf00bb56@group-C39131684D0F replies to ELECTION vote request: a7a4031e-e512-44c4-8d8e-0806c768c5a8<-fc70cd66-7abc-4864-8afd-7dbfaf00bb56#0:FAIL-t10. Peer's state: fc70cd66-7abc-4864-8afd-7dbfaf00bb56@group-C39131684D0F:t10, leader=null, voted=fc70cd66-7abc-4864-8afd-7dbfaf00bb56, raftlog=fc70cd66-7abc-4864-8afd-7dbfaf00bb56@group-C39131684D0F-SegmentedRaftLog:OPENED:c-1, conf=-1: [a7a4031e-e512-44c4-8d8e-0806c768c5a8|rpc:10.1.0.22:36777|priority:1, fc70cd66-7abc-4864-8afd-7dbfaf00bb56|rpc:10.1.0.22:46709|priority:0, 4d6136e5-74cd-4f55-94f0-c0ea6e146a4a|rpc:10.1.0.22:37065|priority:0], old=null
2022-02-10 16:30:29,528 [fc70cd66-7abc-4864-8afd-7dbfaf00bb56@group-C39131684D0F-LeaderElection36] INFO  impl.LeaderElection (LeaderElection.java:logAndReturn(89)) - fc70cd66-7abc-4864-8afd-7dbfaf00bb56@group-C39131684D0F-LeaderElection36: ELECTION REJECTED received 1 response(s) and 0 exception(s):
2022-02-10 16:30:29,529 [fc70cd66-7abc-4864-8afd-7dbfaf00bb56@group-C39131684D0F-LeaderElection36] INFO  impl.LeaderElection (LeaderElection.java:logAndReturn(93)) -   Response 0: fc70cd66-7abc-4864-8afd-7dbfaf00bb56<-a7a4031e-e512-44c4-8d8e-0806c768c5a8#0:FAIL-t10
2022-02-10 16:30:29,529 [fc70cd66-7abc-4864-8afd-7dbfaf00bb56@group-C39131684D0F-LeaderElection36] INFO  impl.LeaderElection (LeaderElection.java:askForVotes(308)) - fc70cd66-7abc-4864-8afd-7dbfaf00bb56@group-C39131684D0F-LeaderElection36 ELECTION round 0: result REJECTED
2022-02-10 16:30:29,529 [fc70cd66-7abc-4864-8afd-7dbfaf00bb56@group-C39131684D0F-LeaderElection36] INFO  server.RaftServer$Division (RaftServerImpl.java:setRole(290)) - fc70cd66-7abc-4864-8afd-7dbfaf00bb56@group-C39131684D0F: changes role from CANDIDATE to FOLLOWER at term 10 for REJECTED
2022-02-10 16:30:29,529 [fc70cd66-7abc-4864-8afd-7dbfaf00bb56@group-C39131684D0F-LeaderElection36] INFO  impl.RoleInfo (RoleInfo.java:shutdownLeaderElection(121)) - fc70cd66-7abc-4864-8afd-7dbfaf00bb56: shutdown fc70cd66-7abc-4864-8afd-7dbfaf00bb56@group-C39131684D0F-LeaderElection36
2022-02-10 16:30:29,529 [fc70cd66-7abc-4864-8afd-7dbfaf00bb56@group-C39131684D0F-LeaderElection36] INFO  impl.RoleInfo (RoleInfo.java:updateAndGet(130)) - fc70cd66-7abc-4864-8afd-7dbfaf00bb56: start fc70cd66-7abc-4864-8afd-7dbfaf00bb56@group-C39131684D0F-FollowerState
2022-02-10 16:30:29,547 [grpc-default-executor-4] INFO  server.RaftServer$Division (RaftServerImpl.java:requestVote(1078)) - 4d6136e5-74cd-4f55-94f0-c0ea6e146a4a@group-C39131684D0F replies to ELECTION vote request: fc70cd66-7abc-4864-8afd-7dbfaf00bb56<-4d6136e5-74cd-4f55-94f0-c0ea6e146a4a#0:OK-t10. Peer's state: 4d6136e5-74cd-4f55-94f0-c0ea6e146a4a@group-C39131684D0F:t10, leader=null, voted=fc70cd66-7abc-4864-8afd-7dbfaf00bb56, raftlog=4d6136e5-74cd-4f55-94f0-c0ea6e146a4a@group-C39131684D0F-SegmentedRaftLog:OPENED:c-1, conf=-1: [a7a4031e-e512-44c4-8d8e-0806c768c5a8|rpc:10.1.0.22:36777|dataStream:|priority:1, fc70cd66-7abc-4864-8afd-7dbfaf00bb56|rpc:10.1.0.22:46709|dataStream:|priority:0, 4d6136e5-74cd-4f55-94f0-c0ea6e146a4a|rpc:10.1.0.22:37065|dataStream:|priority:0], old=null
2022-02-10 16:30:29,557 [grpc-default-executor-4] INFO  server.RaftServer$Division (RaftServerImpl.java:requestVote(1046)) - 4d6136e5-74cd-4f55-94f0-c0ea6e146a4a@group-C39131684D0F: receive requestVote(ELECTION, a7a4031e-e512-44c4-8d8e-0806c768c5a8, group-C39131684D0F, 10, (t:0, i:0))
2022-02-10 16:30:29,557 [grpc-default-executor-4] INFO  impl.VoteContext (VoteContext.java:log(48)) - 4d6136e5-74cd-4f55-94f0-c0ea6e146a4a@group-C39131684D0F-FOLLOWER: reject ELECTION from a7a4031e-e512-44c4-8d8e-0806c768c5a8: already has voted for fc70cd66-7abc-4864-8afd-7dbfaf00bb56 at current term 10
2022-02-10 16:30:29,557 [grpc-default-executor-4] INFO  server.RaftServer$Division (RaftServerImpl.java:requestVote(1078)) - 4d6136e5-74cd-4f55-94f0-c0ea6e146a4a@group-C39131684D0F replies to ELECTION vote request: a7a4031e-e512-44c4-8d8e-0806c768c5a8<-4d6136e5-74cd-4f55-94f0-c0ea6e146a4a#0:FAIL-t10. Peer's state: 4d6136e5-74cd-4f55-94f0-c0ea6e146a4a@group-C39131684D0F:t10, leader=null, voted=fc70cd66-7abc-4864-8afd-7dbfaf00bb56, raftlog=4d6136e5-74cd-4f55-94f0-c0ea6e146a4a@group-C39131684D0F-SegmentedRaftLog:OPENED:c-1, conf=-1: [a7a4031e-e512-44c4-8d8e-0806c768c5a8|rpc:10.1.0.22:36777|dataStream:|priority:1, fc70cd66-7abc-4864-8afd-7dbfaf00bb56|rpc:10.1.0.22:46709|dataStream:|priority:0, 4d6136e5-74cd-4f55-94f0-c0ea6e146a4a|rpc:10.1.0.22:37065|dataStream:|priority:0], old=null
2022-02-10 16:30:29,558 [a7a4031e-e512-44c4-8d8e-0806c768c5a8@group-C39131684D0F-LeaderElection37] INFO  impl.LeaderElection (LeaderElection.java:logAndReturn(89)) - a7a4031e-e512-44c4-8d8e-0806c768c5a8@group-C39131684D0F-LeaderElection37: ELECTION REJECTED received 2 response(s) and 0 exception(s):
2022-02-10 16:30:29,558 [a7a4031e-e512-44c4-8d8e-0806c768c5a8@group-C39131684D0F-LeaderElection37] INFO  impl.LeaderElection (LeaderElection.java:logAndReturn(93)) -   Response 0: a7a4031e-e512-44c4-8d8e-0806c768c5a8<-fc70cd66-7abc-4864-8afd-7dbfaf00bb56#0:FAIL-t10
2022-02-10 16:30:29,558 [a7a4031e-e512-44c4-8d8e-0806c768c5a8@group-C39131684D0F-LeaderElection37] INFO  impl.LeaderElection (LeaderElection.java:logAndReturn(93)) -   Response 1: a7a4031e-e512-44c4-8d8e-0806c768c5a8<-4d6136e5-74cd-4f55-94f0-c0ea6e146a4a#0:FAIL-t10
2022-02-10 16:30:29,559 [a7a4031e-e512-44c4-8d8e-0806c768c5a8@group-C39131684D0F-LeaderElection37] INFO  impl.LeaderElection (LeaderElection.java:askForVotes(308)) - a7a4031e-e512-44c4-8d8e-0806c768c5a8@group-C39131684D0F-LeaderElection37 ELECTION round 0: result REJECTED
2022-02-10 16:30:29,559 [a7a4031e-e512-44c4-8d8e-0806c768c5a8@group-C39131684D0F-LeaderElection37] INFO  server.RaftServer$Division (RaftServerImpl.java:setRole(290)) - a7a4031e-e512-44c4-8d8e-0806c768c5a8@group-C39131684D0F: changes role from CANDIDATE to FOLLOWER at term 10 for REJECTED
2022-02-10 16:30:29,559 [a7a4031e-e512-44c4-8d8e-0806c768c5a8@group-C39131684D0F-LeaderElection37] INFO  impl.RoleInfo (RoleInfo.java:shutdownLeaderElection(121)) - a7a4031e-e512-44c4-8d8e-0806c768c5a8: shutdown a7a4031e-e512-44c4-8d8e-0806c768c5a8@group-C39131684D0F-LeaderElection37
2022-02-10 16:30:29,559 [a7a4031e-e512-44c4-8d8e-0806c768c5a8@group-C39131684D0F-LeaderElection37] INFO  impl.RoleInfo (RoleInfo.java:updateAndGet(130)) - a7a4031e-e512-44c4-8d8e-0806c768c5a8: start a7a4031e-e512-44c4-8d8e-0806c768c5a8@group-C39131684D0F-FollowerState
2022-02-10 16:30:29,729 [Listener at 127.0.0.1/38003] INFO  ozone.MiniOzoneClusterImpl (MiniOzoneClusterImpl.java:lambda$waitForClusterToBeReady$0(219)) - Nodes are ready. Got 3 of 3 DN Heartbeats.
2022-02-10 16:30:29,729 [Listener at 127.0.0.1/38003] INFO  ozone.MiniOzoneClusterImpl (MiniOzoneClusterImpl.java:lambda$waitForClusterToBeReady$0(222)) - Waiting for cluster to exit safe mode
2022-02-10 16:30:29,729 [Listener at 127.0.0.1/38003] INFO  ozone.MiniOzoneClusterImpl (MiniOzoneClusterImpl.java:lambda$waitForClusterToBeReady$0(224)) - SCM became leader
2022-02-10 16:30:30,729 [Listener at 127.0.0.1/38003] INFO  ozone.MiniOzoneClusterImpl (MiniOzoneClusterImpl.java:lambda$waitForClusterToBeReady$0(219)) - Nodes are ready. Got 3 of 3 DN Heartbeats.
2022-02-10 16:30:30,729 [Listener at 127.0.0.1/38003] INFO  ozone.MiniOzoneClusterImpl (MiniOzoneClusterImpl.java:lambda$waitForClusterToBeReady$0(222)) - Waiting for cluster to exit safe mode
2022-02-10 16:30:30,729 [Listener at 127.0.0.1/38003] INFO  ozone.MiniOzoneClusterImpl (MiniOzoneClusterImpl.java:lambda$waitForClusterToBeReady$0(224)) - SCM became leader
2022-02-10 16:30:31,729 [Listener at 127.0.0.1/38003] INFO  ozone.MiniOzoneClusterImpl (MiniOzoneClusterImpl.java:lambda$waitForClusterToBeReady$0(219)) - Nodes are ready. Got 3 of 3 DN Heartbeats.
2022-02-10 16:30:31,730 [Listener at 127.0.0.1/38003] INFO  ozone.MiniOzoneClusterImpl (MiniOzoneClusterImpl.java:lambda$waitForClusterToBeReady$0(222)) - Waiting for cluster to exit safe mode
2022-02-10 16:30:31,730 [Listener at 127.0.0.1/38003] INFO  ozone.MiniOzoneClusterImpl (MiniOzoneClusterImpl.java:lambda$waitForClusterToBeReady$0(224)) - SCM became leader
2022-02-10 16:30:32,730 [Listener at 127.0.0.1/38003] INFO  ozone.MiniOzoneClusterImpl (MiniOzoneClusterImpl.java:lambda$waitForClusterToBeReady$0(219)) - Nodes are ready. Got 3 of 3 DN Heartbeats.
2022-02-10 16:30:32,730 [Listener at 127.0.0.1/38003] INFO  ozone.MiniOzoneClusterImpl (MiniOzoneClusterImpl.java:lambda$waitForClusterToBeReady$0(222)) - Waiting for cluster to exit safe mode
2022-02-10 16:30:32,730 [Listener at 127.0.0.1/38003] INFO  ozone.MiniOzoneClusterImpl (MiniOzoneClusterImpl.java:lambda$waitForClusterToBeReady$0(224)) - SCM became leader
2022-02-10 16:30:33,731 [Listener at 127.0.0.1/38003] INFO  ozone.MiniOzoneClusterImpl (MiniOzoneClusterImpl.java:lambda$waitForClusterToBeReady$0(219)) - Nodes are ready. Got 3 of 3 DN Heartbeats.
2022-02-10 16:30:33,731 [Listener at 127.0.0.1/38003] INFO  ozone.MiniOzoneClusterImpl (MiniOzoneClusterImpl.java:lambda$waitForClusterToBeReady$0(222)) - Waiting for cluster to exit safe mode
2022-02-10 16:30:33,731 [Listener at 127.0.0.1/38003] INFO  ozone.MiniOzoneClusterImpl (MiniOzoneClusterImpl.java:lambda$waitForClusterToBeReady$0(224)) - SCM became leader
2022-02-10 16:30:34,641 [fc70cd66-7abc-4864-8afd-7dbfaf00bb56@group-C39131684D0F-FollowerState] INFO  impl.FollowerState (FollowerState.java:run(134)) - fc70cd66-7abc-4864-8afd-7dbfaf00bb56@group-C39131684D0F-FollowerState: change to CANDIDATE, lastRpcElapsedTime:5112642138ns, electionTimeout:5112ms
2022-02-10 16:30:34,642 [fc70cd66-7abc-4864-8afd-7dbfaf00bb56@group-C39131684D0F-FollowerState] INFO  impl.RoleInfo (RoleInfo.java:shutdownFollowerState(108)) - fc70cd66-7abc-4864-8afd-7dbfaf00bb56: shutdown fc70cd66-7abc-4864-8afd-7dbfaf00bb56@group-C39131684D0F-FollowerState
2022-02-10 16:30:34,642 [fc70cd66-7abc-4864-8afd-7dbfaf00bb56@group-C39131684D0F-FollowerState] INFO  server.RaftServer$Division (RaftServerImpl.java:setRole(290)) - fc70cd66-7abc-4864-8afd-7dbfaf00bb56@group-C39131684D0F: changes role from  FOLLOWER to CANDIDATE at term 10 for changeToCandidate
2022-02-10 16:30:34,642 [fc70cd66-7abc-4864-8afd-7dbfaf00bb56@group-C39131684D0F-FollowerState] INFO  server.RaftServerConfigKeys (ConfUtils.java:logGet(44)) - raft.server.leaderelection.pre-vote = false (custom)
2022-02-10 16:30:34,642 [fc70cd66-7abc-4864-8afd-7dbfaf00bb56@group-C39131684D0F-FollowerState] INFO  impl.RoleInfo (RoleInfo.java:updateAndGet(130)) - fc70cd66-7abc-4864-8afd-7dbfaf00bb56: start fc70cd66-7abc-4864-8afd-7dbfaf00bb56@group-C39131684D0F-LeaderElection38
2022-02-10 16:30:34,657 [fc70cd66-7abc-4864-8afd-7dbfaf00bb56@group-C39131684D0F-LeaderElection38] INFO  impl.LeaderElection (LeaderElection.java:askForVotes(306)) - fc70cd66-7abc-4864-8afd-7dbfaf00bb56@group-C39131684D0F-LeaderElection38 ELECTION round 0: submit vote requests at term 11 for -1: [a7a4031e-e512-44c4-8d8e-0806c768c5a8|rpc:10.1.0.22:36777|priority:1, fc70cd66-7abc-4864-8afd-7dbfaf00bb56|rpc:10.1.0.22:46709|priority:0, 4d6136e5-74cd-4f55-94f0-c0ea6e146a4a|rpc:10.1.0.22:37065|priority:0], old=null
2022-02-10 16:30:34,675 [grpc-default-executor-4] INFO  server.RaftServer$Division (RaftServerImpl.java:requestVote(1046)) - a7a4031e-e512-44c4-8d8e-0806c768c5a8@group-C39131684D0F: receive requestVote(ELECTION, fc70cd66-7abc-4864-8afd-7dbfaf00bb56, group-C39131684D0F, 11, (t:0, i:0))
2022-02-10 16:30:34,675 [grpc-default-executor-4] INFO  impl.VoteContext (VoteContext.java:log(48)) - a7a4031e-e512-44c4-8d8e-0806c768c5a8@group-C39131684D0F-FOLLOWER: reject ELECTION from fc70cd66-7abc-4864-8afd-7dbfaf00bb56: our priority 1 > candidate's priority 0
2022-02-10 16:30:34,675 [grpc-default-executor-4] INFO  server.RaftServer$Division (RaftServerImpl.java:setRole(290)) - a7a4031e-e512-44c4-8d8e-0806c768c5a8@group-C39131684D0F: changes role from  FOLLOWER to FOLLOWER at term 11 for candidate:fc70cd66-7abc-4864-8afd-7dbfaf00bb56
2022-02-10 16:30:34,675 [grpc-default-executor-4] INFO  impl.RoleInfo (RoleInfo.java:shutdownFollowerState(108)) - a7a4031e-e512-44c4-8d8e-0806c768c5a8: shutdown a7a4031e-e512-44c4-8d8e-0806c768c5a8@group-C39131684D0F-FollowerState
2022-02-10 16:30:34,675 [grpc-default-executor-4] INFO  impl.RoleInfo (RoleInfo.java:updateAndGet(130)) - a7a4031e-e512-44c4-8d8e-0806c768c5a8: start a7a4031e-e512-44c4-8d8e-0806c768c5a8@group-C39131684D0F-FollowerState
2022-02-10 16:30:34,675 [a7a4031e-e512-44c4-8d8e-0806c768c5a8@group-C39131684D0F-FollowerState] INFO  impl.FollowerState (FollowerState.java:run(143)) - a7a4031e-e512-44c4-8d8e-0806c768c5a8@group-C39131684D0F-FollowerState was interrupted: {}
java.lang.InterruptedException: sleep interrupted
	at java.lang.Thread.sleep(Native Method)
	at java.lang.Thread.sleep(Thread.java:340)
	at java.util.concurrent.TimeUnit.sleep(TimeUnit.java:386)
	at org.apache.ratis.util.TimeDuration.sleep(TimeDuration.java:324)
	at org.apache.ratis.util.TimeDuration.sleep(TimeDuration.java:309)
	at org.apache.ratis.server.impl.FollowerState.run(FollowerState.java:118)
2022-02-10 16:30:34,679 [grpc-default-executor-4] INFO  server.RaftServer$Division (RaftServerImpl.java:requestVote(1078)) - a7a4031e-e512-44c4-8d8e-0806c768c5a8@group-C39131684D0F replies to ELECTION vote request: fc70cd66-7abc-4864-8afd-7dbfaf00bb56<-a7a4031e-e512-44c4-8d8e-0806c768c5a8#0:FAIL-t11. Peer's state: a7a4031e-e512-44c4-8d8e-0806c768c5a8@group-C39131684D0F:t11, leader=null, voted=null, raftlog=a7a4031e-e512-44c4-8d8e-0806c768c5a8@group-C39131684D0F-SegmentedRaftLog:OPENED:c-1, conf=-1: [a7a4031e-e512-44c4-8d8e-0806c768c5a8|rpc:10.1.0.22:36777|dataStream:|priority:1, fc70cd66-7abc-4864-8afd-7dbfaf00bb56|rpc:10.1.0.22:46709|dataStream:|priority:0, 4d6136e5-74cd-4f55-94f0-c0ea6e146a4a|rpc:10.1.0.22:37065|dataStream:|priority:0], old=null
2022-02-10 16:30:34,680 [fc70cd66-7abc-4864-8afd-7dbfaf00bb56@group-C39131684D0F-LeaderElection38] INFO  impl.LeaderElection (LeaderElection.java:logAndReturn(89)) - fc70cd66-7abc-4864-8afd-7dbfaf00bb56@group-C39131684D0F-LeaderElection38: ELECTION REJECTED received 1 response(s) and 0 exception(s):
2022-02-10 16:30:34,681 [fc70cd66-7abc-4864-8afd-7dbfaf00bb56@group-C39131684D0F-LeaderElection38] INFO  impl.LeaderElection (LeaderElection.java:logAndReturn(93)) -   Response 0: fc70cd66-7abc-4864-8afd-7dbfaf00bb56<-a7a4031e-e512-44c4-8d8e-0806c768c5a8#0:FAIL-t11
2022-02-10 16:30:34,681 [fc70cd66-7abc-4864-8afd-7dbfaf00bb56@group-C39131684D0F-LeaderElection38] INFO  impl.LeaderElection (LeaderElection.java:askForVotes(308)) - fc70cd66-7abc-4864-8afd-7dbfaf00bb56@group-C39131684D0F-LeaderElection38 ELECTION round 0: result REJECTED
2022-02-10 16:30:34,681 [fc70cd66-7abc-4864-8afd-7dbfaf00bb56@group-C39131684D0F-LeaderElection38] INFO  server.RaftServer$Division (RaftServerImpl.java:setRole(290)) - fc70cd66-7abc-4864-8afd-7dbfaf00bb56@group-C39131684D0F: changes role from CANDIDATE to FOLLOWER at term 11 for REJECTED
2022-02-10 16:30:34,681 [fc70cd66-7abc-4864-8afd-7dbfaf00bb56@group-C39131684D0F-LeaderElection38] INFO  impl.RoleInfo (RoleInfo.java:shutdownLeaderElection(121)) - fc70cd66-7abc-4864-8afd-7dbfaf00bb56: shutdown fc70cd66-7abc-4864-8afd-7dbfaf00bb56@group-C39131684D0F-LeaderElection38
2022-02-10 16:30:34,681 [fc70cd66-7abc-4864-8afd-7dbfaf00bb56@group-C39131684D0F-LeaderElection38] INFO  impl.RoleInfo (RoleInfo.java:updateAndGet(130)) - fc70cd66-7abc-4864-8afd-7dbfaf00bb56: start fc70cd66-7abc-4864-8afd-7dbfaf00bb56@group-C39131684D0F-FollowerState
2022-02-10 16:30:34,687 [grpc-default-executor-4] INFO  server.RaftServer$Division (RaftServerImpl.java:requestVote(1046)) - 4d6136e5-74cd-4f55-94f0-c0ea6e146a4a@group-C39131684D0F: receive requestVote(ELECTION, fc70cd66-7abc-4864-8afd-7dbfaf00bb56, group-C39131684D0F, 11, (t:0, i:0))
2022-02-10 16:30:34,687 [grpc-default-executor-4] INFO  impl.VoteContext (VoteContext.java:log(48)) - 4d6136e5-74cd-4f55-94f0-c0ea6e146a4a@group-C39131684D0F-FOLLOWER: accept ELECTION from fc70cd66-7abc-4864-8afd-7dbfaf00bb56: our priority 0 <= candidate's priority 0
2022-02-10 16:30:34,688 [grpc-default-executor-4] INFO  server.RaftServer$Division (RaftServerImpl.java:setRole(290)) - 4d6136e5-74cd-4f55-94f0-c0ea6e146a4a@group-C39131684D0F: changes role from  FOLLOWER to FOLLOWER at term 11 for candidate:fc70cd66-7abc-4864-8afd-7dbfaf00bb56
2022-02-10 16:30:34,688 [grpc-default-executor-4] INFO  impl.RoleInfo (RoleInfo.java:shutdownFollowerState(108)) - 4d6136e5-74cd-4f55-94f0-c0ea6e146a4a: shutdown 4d6136e5-74cd-4f55-94f0-c0ea6e146a4a@group-C39131684D0F-FollowerState
2022-02-10 16:30:34,688 [grpc-default-executor-4] INFO  impl.RoleInfo (RoleInfo.java:updateAndGet(130)) - 4d6136e5-74cd-4f55-94f0-c0ea6e146a4a: start 4d6136e5-74cd-4f55-94f0-c0ea6e146a4a@group-C39131684D0F-FollowerState
2022-02-10 16:30:34,688 [4d6136e5-74cd-4f55-94f0-c0ea6e146a4a@group-C39131684D0F-FollowerState] INFO  impl.FollowerState (FollowerState.java:run(143)) - 4d6136e5-74cd-4f55-94f0-c0ea6e146a4a@group-C39131684D0F-FollowerState was interrupted: {}
java.lang.InterruptedException: sleep interrupted
	at java.lang.Thread.sleep(Native Method)
	at java.lang.Thread.sleep(Thread.java:340)
	at java.util.concurrent.TimeUnit.sleep(TimeUnit.java:386)
	at org.apache.ratis.util.TimeDuration.sleep(TimeDuration.java:324)
	at org.apache.ratis.util.TimeDuration.sleep(TimeDuration.java:309)
	at org.apache.ratis.server.impl.FollowerState.run(FollowerState.java:118)
2022-02-10 16:30:34,690 [grpc-default-executor-4] INFO  server.RaftServer$Division (RaftServerImpl.java:requestVote(1078)) - 4d6136e5-74cd-4f55-94f0-c0ea6e146a4a@group-C39131684D0F replies to ELECTION vote request: fc70cd66-7abc-4864-8afd-7dbfaf00bb56<-4d6136e5-74cd-4f55-94f0-c0ea6e146a4a#0:OK-t11. Peer's state: 4d6136e5-74cd-4f55-94f0-c0ea6e146a4a@group-C39131684D0F:t11, leader=null, voted=fc70cd66-7abc-4864-8afd-7dbfaf00bb56, raftlog=4d6136e5-74cd-4f55-94f0-c0ea6e146a4a@group-C39131684D0F-SegmentedRaftLog:OPENED:c-1, conf=-1: [a7a4031e-e512-44c4-8d8e-0806c768c5a8|rpc:10.1.0.22:36777|dataStream:|priority:1, fc70cd66-7abc-4864-8afd-7dbfaf00bb56|rpc:10.1.0.22:46709|dataStream:|priority:0, 4d6136e5-74cd-4f55-94f0-c0ea6e146a4a|rpc:10.1.0.22:37065|dataStream:|priority:0], old=null
2022-02-10 16:30:34,731 [Listener at 127.0.0.1/38003] INFO  ozone.MiniOzoneClusterImpl (MiniOzoneClusterImpl.java:lambda$waitForClusterToBeReady$0(219)) - Nodes are ready. Got 3 of 3 DN Heartbeats.
2022-02-10 16:30:34,732 [Listener at 127.0.0.1/38003] INFO  ozone.MiniOzoneClusterImpl (MiniOzoneClusterImpl.java:lambda$waitForClusterToBeReady$0(222)) - Waiting for cluster to exit safe mode
2022-02-10 16:30:34,732 [Listener at 127.0.0.1/38003] INFO  ozone.MiniOzoneClusterImpl (MiniOzoneClusterImpl.java:lambda$waitForClusterToBeReady$0(224)) - SCM became leader
2022-02-10 16:30:35,732 [Listener at 127.0.0.1/38003] INFO  ozone.MiniOzoneClusterImpl (MiniOzoneClusterImpl.java:lambda$waitForClusterToBeReady$0(219)) - Nodes are ready. Got 3 of 3 DN Heartbeats.
2022-02-10 16:30:35,732 [Listener at 127.0.0.1/38003] INFO  ozone.MiniOzoneClusterImpl (MiniOzoneClusterImpl.java:lambda$waitForClusterToBeReady$0(222)) - Waiting for cluster to exit safe mode
2022-02-10 16:30:35,732 [Listener at 127.0.0.1/38003] INFO  ozone.MiniOzoneClusterImpl (MiniOzoneClusterImpl.java:lambda$waitForClusterToBeReady$0(224)) - SCM became leader
2022-02-10 16:30:36,732 [Listener at 127.0.0.1/38003] INFO  ozone.MiniOzoneClusterImpl (MiniOzoneClusterImpl.java:lambda$waitForClusterToBeReady$0(219)) - Nodes are ready. Got 3 of 3 DN Heartbeats.
2022-02-10 16:30:36,733 [Listener at 127.0.0.1/38003] INFO  ozone.MiniOzoneClusterImpl (MiniOzoneClusterImpl.java:lambda$waitForClusterToBeReady$0(222)) - Waiting for cluster to exit safe mode
2022-02-10 16:30:36,733 [Listener at 127.0.0.1/38003] INFO  ozone.MiniOzoneClusterImpl (MiniOzoneClusterImpl.java:lambda$waitForClusterToBeReady$0(224)) - SCM became leader
2022-02-10 16:30:37,733 [Listener at 127.0.0.1/38003] INFO  ozone.MiniOzoneClusterImpl (MiniOzoneClusterImpl.java:lambda$waitForClusterToBeReady$0(219)) - Nodes are ready. Got 3 of 3 DN Heartbeats.
2022-02-10 16:30:37,733 [Listener at 127.0.0.1/38003] INFO  ozone.MiniOzoneClusterImpl (MiniOzoneClusterImpl.java:lambda$waitForClusterToBeReady$0(222)) - Waiting for cluster to exit safe mode
2022-02-10 16:30:37,733 [Listener at 127.0.0.1/38003] INFO  ozone.MiniOzoneClusterImpl (MiniOzoneClusterImpl.java:lambda$waitForClusterToBeReady$0(224)) - SCM became leader
2022-02-10 16:30:38,733 [Listener at 127.0.0.1/38003] INFO  ozone.MiniOzoneClusterImpl (MiniOzoneClusterImpl.java:lambda$waitForClusterToBeReady$0(219)) - Nodes are ready. Got 3 of 3 DN Heartbeats.
2022-02-10 16:30:38,734 [Listener at 127.0.0.1/38003] INFO  ozone.MiniOzoneClusterImpl (MiniOzoneClusterImpl.java:lambda$waitForClusterToBeReady$0(222)) - Waiting for cluster to exit safe mode
2022-02-10 16:30:38,734 [Listener at 127.0.0.1/38003] INFO  ozone.MiniOzoneClusterImpl (MiniOzoneClusterImpl.java:lambda$waitForClusterToBeReady$0(224)) - SCM became leader
2022-02-10 16:30:39,734 [Listener at 127.0.0.1/38003] INFO  ozone.MiniOzoneClusterImpl (MiniOzoneClusterImpl.java:lambda$waitForClusterToBeReady$0(219)) - Nodes are ready. Got 3 of 3 DN Heartbeats.
2022-02-10 16:30:39,734 [Listener at 127.0.0.1/38003] INFO  ozone.MiniOzoneClusterImpl (MiniOzoneClusterImpl.java:lambda$waitForClusterToBeReady$0(222)) - Waiting for cluster to exit safe mode
2022-02-10 16:30:39,734 [Listener at 127.0.0.1/38003] INFO  ozone.MiniOzoneClusterImpl (MiniOzoneClusterImpl.java:lambda$waitForClusterToBeReady$0(224)) - SCM became leader
2022-02-10 16:30:39,772 [a7a4031e-e512-44c4-8d8e-0806c768c5a8@group-C39131684D0F-FollowerState] INFO  impl.FollowerState (FollowerState.java:run(134)) - a7a4031e-e512-44c4-8d8e-0806c768c5a8@group-C39131684D0F-FollowerState: change to CANDIDATE, lastRpcElapsedTime:5096828754ns, electionTimeout:5095ms
2022-02-10 16:30:39,772 [a7a4031e-e512-44c4-8d8e-0806c768c5a8@group-C39131684D0F-FollowerState] INFO  impl.RoleInfo (RoleInfo.java:shutdownFollowerState(108)) - a7a4031e-e512-44c4-8d8e-0806c768c5a8: shutdown a7a4031e-e512-44c4-8d8e-0806c768c5a8@group-C39131684D0F-FollowerState
2022-02-10 16:30:39,772 [a7a4031e-e512-44c4-8d8e-0806c768c5a8@group-C39131684D0F-FollowerState] INFO  server.RaftServer$Division (RaftServerImpl.java:setRole(290)) - a7a4031e-e512-44c4-8d8e-0806c768c5a8@group-C39131684D0F: changes role from  FOLLOWER to CANDIDATE at term 11 for changeToCandidate
2022-02-10 16:30:39,773 [a7a4031e-e512-44c4-8d8e-0806c768c5a8@group-C39131684D0F-FollowerState] INFO  server.RaftServerConfigKeys (ConfUtils.java:logGet(44)) - raft.server.leaderelection.pre-vote = false (custom)
2022-02-10 16:30:39,773 [a7a4031e-e512-44c4-8d8e-0806c768c5a8@group-C39131684D0F-FollowerState] INFO  impl.RoleInfo (RoleInfo.java:updateAndGet(130)) - a7a4031e-e512-44c4-8d8e-0806c768c5a8: start a7a4031e-e512-44c4-8d8e-0806c768c5a8@group-C39131684D0F-LeaderElection39
2022-02-10 16:30:39,788 [a7a4031e-e512-44c4-8d8e-0806c768c5a8@group-C39131684D0F-LeaderElection39] INFO  impl.LeaderElection (LeaderElection.java:askForVotes(306)) - a7a4031e-e512-44c4-8d8e-0806c768c5a8@group-C39131684D0F-LeaderElection39 ELECTION round 0: submit vote requests at term 12 for -1: [a7a4031e-e512-44c4-8d8e-0806c768c5a8|rpc:10.1.0.22:36777|dataStream:|priority:1, fc70cd66-7abc-4864-8afd-7dbfaf00bb56|rpc:10.1.0.22:46709|dataStream:|priority:0, 4d6136e5-74cd-4f55-94f0-c0ea6e146a4a|rpc:10.1.0.22:37065|dataStream:|priority:0], old=null
2022-02-10 16:30:39,824 [grpc-default-executor-4] INFO  server.RaftServer$Division (RaftServerImpl.java:requestVote(1046)) - fc70cd66-7abc-4864-8afd-7dbfaf00bb56@group-C39131684D0F: receive requestVote(ELECTION, a7a4031e-e512-44c4-8d8e-0806c768c5a8, group-C39131684D0F, 12, (t:0, i:0))
2022-02-10 16:30:39,824 [grpc-default-executor-4] INFO  impl.VoteContext (VoteContext.java:log(48)) - fc70cd66-7abc-4864-8afd-7dbfaf00bb56@group-C39131684D0F-FOLLOWER: accept ELECTION from a7a4031e-e512-44c4-8d8e-0806c768c5a8: our priority 0 <= candidate's priority 1
2022-02-10 16:30:39,824 [grpc-default-executor-4] INFO  server.RaftServer$Division (RaftServerImpl.java:setRole(290)) - fc70cd66-7abc-4864-8afd-7dbfaf00bb56@group-C39131684D0F: changes role from  FOLLOWER to FOLLOWER at term 12 for candidate:a7a4031e-e512-44c4-8d8e-0806c768c5a8
2022-02-10 16:30:39,824 [grpc-default-executor-4] INFO  impl.RoleInfo (RoleInfo.java:shutdownFollowerState(108)) - fc70cd66-7abc-4864-8afd-7dbfaf00bb56: shutdown fc70cd66-7abc-4864-8afd-7dbfaf00bb56@group-C39131684D0F-FollowerState
2022-02-10 16:30:39,824 [grpc-default-executor-4] INFO  impl.RoleInfo (RoleInfo.java:updateAndGet(130)) - fc70cd66-7abc-4864-8afd-7dbfaf00bb56: start fc70cd66-7abc-4864-8afd-7dbfaf00bb56@group-C39131684D0F-FollowerState
2022-02-10 16:30:39,824 [fc70cd66-7abc-4864-8afd-7dbfaf00bb56@group-C39131684D0F-FollowerState] INFO  impl.FollowerState (FollowerState.java:run(143)) - fc70cd66-7abc-4864-8afd-7dbfaf00bb56@group-C39131684D0F-FollowerState was interrupted: {}
java.lang.InterruptedException: sleep interrupted
	at java.lang.Thread.sleep(Native Method)
	at java.lang.Thread.sleep(Thread.java:340)
	at java.util.concurrent.TimeUnit.sleep(TimeUnit.java:386)
	at org.apache.ratis.util.TimeDuration.sleep(TimeDuration.java:324)
	at org.apache.ratis.util.TimeDuration.sleep(TimeDuration.java:309)
	at org.apache.ratis.server.impl.FollowerState.run(FollowerState.java:118)
2022-02-10 16:30:39,830 [grpc-default-executor-4] INFO  server.RaftServer$Division (RaftServerImpl.java:requestVote(1078)) - fc70cd66-7abc-4864-8afd-7dbfaf00bb56@group-C39131684D0F replies to ELECTION vote request: a7a4031e-e512-44c4-8d8e-0806c768c5a8<-fc70cd66-7abc-4864-8afd-7dbfaf00bb56#0:OK-t12. Peer's state: fc70cd66-7abc-4864-8afd-7dbfaf00bb56@group-C39131684D0F:t12, leader=null, voted=a7a4031e-e512-44c4-8d8e-0806c768c5a8, raftlog=fc70cd66-7abc-4864-8afd-7dbfaf00bb56@group-C39131684D0F-SegmentedRaftLog:OPENED:c-1, conf=-1: [a7a4031e-e512-44c4-8d8e-0806c768c5a8|rpc:10.1.0.22:36777|priority:1, fc70cd66-7abc-4864-8afd-7dbfaf00bb56|rpc:10.1.0.22:46709|priority:0, 4d6136e5-74cd-4f55-94f0-c0ea6e146a4a|rpc:10.1.0.22:37065|priority:0], old=null
2022-02-10 16:30:39,840 [grpc-default-executor-4] INFO  server.RaftServer$Division (RaftServerImpl.java:requestVote(1046)) - 4d6136e5-74cd-4f55-94f0-c0ea6e146a4a@group-C39131684D0F: receive requestVote(ELECTION, a7a4031e-e512-44c4-8d8e-0806c768c5a8, group-C39131684D0F, 12, (t:0, i:0))
2022-02-10 16:30:39,840 [grpc-default-executor-4] INFO  impl.VoteContext (VoteContext.java:log(48)) - 4d6136e5-74cd-4f55-94f0-c0ea6e146a4a@group-C39131684D0F-FOLLOWER: accept ELECTION from a7a4031e-e512-44c4-8d8e-0806c768c5a8: our priority 0 <= candidate's priority 1
2022-02-10 16:30:39,840 [grpc-default-executor-4] INFO  server.RaftServer$Division (RaftServerImpl.java:setRole(290)) - 4d6136e5-74cd-4f55-94f0-c0ea6e146a4a@group-C39131684D0F: changes role from  FOLLOWER to FOLLOWER at term 12 for candidate:a7a4031e-e512-44c4-8d8e-0806c768c5a8
2022-02-10 16:30:39,840 [grpc-default-executor-4] INFO  impl.RoleInfo (RoleInfo.java:shutdownFollowerState(108)) - 4d6136e5-74cd-4f55-94f0-c0ea6e146a4a: shutdown 4d6136e5-74cd-4f55-94f0-c0ea6e146a4a@group-C39131684D0F-FollowerState
2022-02-10 16:30:39,840 [grpc-default-executor-4] INFO  impl.RoleInfo (RoleInfo.java:updateAndGet(130)) - 4d6136e5-74cd-4f55-94f0-c0ea6e146a4a: start 4d6136e5-74cd-4f55-94f0-c0ea6e146a4a@group-C39131684D0F-FollowerState
2022-02-10 16:30:39,841 [4d6136e5-74cd-4f55-94f0-c0ea6e146a4a@group-C39131684D0F-FollowerState] INFO  impl.FollowerState (FollowerState.java:run(143)) - 4d6136e5-74cd-4f55-94f0-c0ea6e146a4a@group-C39131684D0F-FollowerState was interrupted: {}
java.lang.InterruptedException: sleep interrupted
	at java.lang.Thread.sleep(Native Method)
	at java.lang.Thread.sleep(Thread.java:340)
	at java.util.concurrent.TimeUnit.sleep(TimeUnit.java:386)
	at org.apache.ratis.util.TimeDuration.sleep(TimeDuration.java:324)
	at org.apache.ratis.util.TimeDuration.sleep(TimeDuration.java:309)
	at org.apache.ratis.server.impl.FollowerState.run(FollowerState.java:118)
2022-02-10 16:30:39,847 [a7a4031e-e512-44c4-8d8e-0806c768c5a8@group-C39131684D0F-LeaderElection39] INFO  impl.LeaderElection (LeaderElection.java:logAndReturn(89)) - a7a4031e-e512-44c4-8d8e-0806c768c5a8@group-C39131684D0F-LeaderElection39: ELECTION PASSED received 1 response(s) and 0 exception(s):
2022-02-10 16:30:39,847 [a7a4031e-e512-44c4-8d8e-0806c768c5a8@group-C39131684D0F-LeaderElection39] INFO  impl.LeaderElection (LeaderElection.java:logAndReturn(93)) -   Response 0: a7a4031e-e512-44c4-8d8e-0806c768c5a8<-fc70cd66-7abc-4864-8afd-7dbfaf00bb56#0:OK-t12
2022-02-10 16:30:39,847 [a7a4031e-e512-44c4-8d8e-0806c768c5a8@group-C39131684D0F-LeaderElection39] INFO  impl.LeaderElection (LeaderElection.java:askForVotes(308)) - a7a4031e-e512-44c4-8d8e-0806c768c5a8@group-C39131684D0F-LeaderElection39 ELECTION round 0: result PASSED
2022-02-10 16:30:39,847 [a7a4031e-e512-44c4-8d8e-0806c768c5a8@group-C39131684D0F-LeaderElection39] INFO  impl.RoleInfo (RoleInfo.java:shutdownLeaderElection(121)) - a7a4031e-e512-44c4-8d8e-0806c768c5a8: shutdown a7a4031e-e512-44c4-8d8e-0806c768c5a8@group-C39131684D0F-LeaderElection39
2022-02-10 16:30:39,847 [a7a4031e-e512-44c4-8d8e-0806c768c5a8@group-C39131684D0F-LeaderElection39] INFO  server.RaftServer$Division (RaftServerImpl.java:setRole(290)) - a7a4031e-e512-44c4-8d8e-0806c768c5a8@group-C39131684D0F: changes role from CANDIDATE to LEADER at term 12 for changeToLeader
2022-02-10 16:30:39,847 [a7a4031e-e512-44c4-8d8e-0806c768c5a8@group-C39131684D0F-LeaderElection39] INFO  ratis.XceiverServerRatis (XceiverServerRatis.java:handleLeaderChangedNotification(866)) - Leader change notification received for group: group-C39131684D0F with new leaderId: a7a4031e-e512-44c4-8d8e-0806c768c5a8
2022-02-10 16:30:39,847 [a7a4031e-e512-44c4-8d8e-0806c768c5a8@group-C39131684D0F-LeaderElection39] INFO  server.RaftServer$Division (ServerState.java:setLeader(285)) - a7a4031e-e512-44c4-8d8e-0806c768c5a8@group-C39131684D0F: change Leader from null to a7a4031e-e512-44c4-8d8e-0806c768c5a8 at term 12 for becomeLeader, leader elected after 61861ms
2022-02-10 16:30:39,847 [a7a4031e-e512-44c4-8d8e-0806c768c5a8@group-C39131684D0F-LeaderElection39] INFO  server.RaftServerConfigKeys (ConfUtils.java:logGet(44)) - raft.server.staging.catchup.gap = 1000 (default)
2022-02-10 16:30:39,847 [a7a4031e-e512-44c4-8d8e-0806c768c5a8@group-C39131684D0F-LeaderElection39] INFO  server.RaftServerConfigKeys (ConfUtils.java:logGet(44)) - raft.server.write.element-limit = 1024 (custom)
2022-02-10 16:30:39,847 [a7a4031e-e512-44c4-8d8e-0806c768c5a8@group-C39131684D0F-LeaderElection39] INFO  server.RaftServerConfigKeys (ConfUtils.java:logGet(44)) - raft.server.write.byte-limit = 1024 M (=1073741824) (custom)
2022-02-10 16:30:39,848 [a7a4031e-e512-44c4-8d8e-0806c768c5a8@group-C39131684D0F-LeaderElection39] INFO  server.RaftServerConfigKeys (ConfUtils.java:logGet(44)) - raft.server.watch.timeout = 180s (custom)
2022-02-10 16:30:39,848 [a7a4031e-e512-44c4-8d8e-0806c768c5a8@group-C39131684D0F-LeaderElection39] INFO  server.RaftServerConfigKeys (ConfUtils.java:logGet(44)) - raft.server.watch.timeout.denomination = 1s (default)
2022-02-10 16:30:39,848 [a7a4031e-e512-44c4-8d8e-0806c768c5a8@group-C39131684D0F-LeaderElection39] INFO  server.RaftServerConfigKeys (ConfUtils.java:logGet(44)) - raft.server.watch.element-limit = 65536 (default)
2022-02-10 16:30:39,848 [a7a4031e-e512-44c4-8d8e-0806c768c5a8@group-C39131684D0F-LeaderElection39] INFO  server.RaftServerConfigKeys (ConfUtils.java:logGet(44)) - raft.server.write.element-limit = 1024 (custom)
2022-02-10 16:30:39,848 [a7a4031e-e512-44c4-8d8e-0806c768c5a8@group-C39131684D0F-LeaderElection39] INFO  server.RaftServerConfigKeys (ConfUtils.java:logGet(44)) - raft.server.write.follower.gap.ratio.max = -1.0 (default)
2022-02-10 16:30:39,848 [a7a4031e-e512-44c4-8d8e-0806c768c5a8@group-C39131684D0F-LeaderElection39] INFO  server.RaftServerConfigKeys (ConfUtils.java:logGet(44)) - raft.server.log.appender.snapshot.chunk.size.max = 16MB (=16777216) (default)
2022-02-10 16:30:39,848 [a7a4031e-e512-44c4-8d8e-0806c768c5a8@group-C39131684D0F-LeaderElection39] INFO  server.RaftServerConfigKeys (ConfUtils.java:logGet(44)) - raft.server.log.appender.buffer.byte-limit = 33554432 (custom)
2022-02-10 16:30:39,848 [a7a4031e-e512-44c4-8d8e-0806c768c5a8@group-C39131684D0F-LeaderElection39] INFO  server.RaftServerConfigKeys (ConfUtils.java:logGet(44)) - raft.server.log.appender.buffer.element-limit = 1 (custom)
2022-02-10 16:30:39,848 [a7a4031e-e512-44c4-8d8e-0806c768c5a8@group-C39131684D0F-LeaderElection39] INFO  grpc.GrpcConfigKeys (ConfUtils.java:logGet(44)) - raft.grpc.server.leader.outstanding.appends.max = 128 (default)
2022-02-10 16:30:39,848 [a7a4031e-e512-44c4-8d8e-0806c768c5a8@group-C39131684D0F-LeaderElection39] INFO  server.RaftServerConfigKeys (ConfUtils.java:logGet(44)) - raft.server.rpc.request.timeout = 60s (custom)
2022-02-10 16:30:39,849 [a7a4031e-e512-44c4-8d8e-0806c768c5a8@group-C39131684D0F-LeaderElection39] INFO  server.RaftServerConfigKeys (ConfUtils.java:logGet(44)) - raft.server.log.appender.install.snapshot.enabled = false (custom)
2022-02-10 16:30:39,849 [a7a4031e-e512-44c4-8d8e-0806c768c5a8@group-C39131684D0F-LeaderElection39] INFO  server.RaftServerConfigKeys (ConfUtils.java:logGet(44)) - raft.server.log.appender.snapshot.chunk.size.max = 16MB (=16777216) (default)
2022-02-10 16:30:39,850 [a7a4031e-e512-44c4-8d8e-0806c768c5a8@group-C39131684D0F-LeaderElection39] INFO  server.RaftServerConfigKeys (ConfUtils.java:logGet(44)) - raft.server.log.appender.buffer.byte-limit = 33554432 (custom)
2022-02-10 16:30:39,850 [a7a4031e-e512-44c4-8d8e-0806c768c5a8@group-C39131684D0F-LeaderElection39] INFO  server.RaftServerConfigKeys (ConfUtils.java:logGet(44)) - raft.server.log.appender.buffer.element-limit = 1 (custom)
2022-02-10 16:30:39,850 [a7a4031e-e512-44c4-8d8e-0806c768c5a8@group-C39131684D0F-LeaderElection39] INFO  grpc.GrpcConfigKeys (ConfUtils.java:logGet(44)) - raft.grpc.server.leader.outstanding.appends.max = 128 (default)
2022-02-10 16:30:39,850 [a7a4031e-e512-44c4-8d8e-0806c768c5a8@group-C39131684D0F-LeaderElection39] INFO  server.RaftServerConfigKeys (ConfUtils.java:logGet(44)) - raft.server.rpc.request.timeout = 60s (custom)
2022-02-10 16:30:39,850 [a7a4031e-e512-44c4-8d8e-0806c768c5a8@group-C39131684D0F-LeaderElection39] INFO  server.RaftServerConfigKeys (ConfUtils.java:logGet(44)) - raft.server.log.appender.install.snapshot.enabled = false (custom)
2022-02-10 16:30:39,853 [EventQueue-PipelineReportForPipelineReportHandler] INFO  pipeline.PipelineManagerImpl (PipelineManagerImpl.java:openPipeline(291)) - Pipeline Pipeline[ Id: 24c4c601-8e38-4742-afeb-c39131684d0f, Nodes: 4d6136e5-74cd-4f55-94f0-c0ea6e146a4a{ip: 10.1.0.22, host: fv-az184-768.3ow45vhwbzuu5incsxmygykede.cx.internal.cloudapp.net, ports: [REPLICATION=38149, RATIS=37065, RATIS_ADMIN=37065, RATIS_SERVER=37065, STANDALONE=42155], networkLocation: /default-rack, certSerialId: null, persistedOpState: IN_SERVICE, persistedOpStateExpiryEpochSec: 0}a7a4031e-e512-44c4-8d8e-0806c768c5a8{ip: 10.1.0.22, host: fv-az184-768.3ow45vhwbzuu5incsxmygykede.cx.internal.cloudapp.net, ports: [REPLICATION=46783, RATIS=36777, RATIS_ADMIN=36777, RATIS_SERVER=36777, STANDALONE=33395], networkLocation: /default-rack, certSerialId: null, persistedOpState: IN_SERVICE, persistedOpStateExpiryEpochSec: 0}fc70cd66-7abc-4864-8afd-7dbfaf00bb56{ip: 10.1.0.22, host: fv-az184-768.3ow45vhwbzuu5incsxmygykede.cx.internal.cloudapp.net, ports: [REPLICATION=44551, RATIS=46709, RATIS_ADMIN=46709, RATIS_SERVER=46709, STANDALONE=44801], networkLocation: /default-rack, certSerialId: null, persistedOpState: IN_SERVICE, persistedOpStateExpiryEpochSec: 0}, ReplicationConfig: RATIS/THREE, State:ALLOCATED, leaderId:a7a4031e-e512-44c4-8d8e-0806c768c5a8, CreationTimestamp2022-02-10T16:29:35.708Z[Etc/UTC]] moved to OPEN state
2022-02-10 16:30:39,868 [a7a4031e-e512-44c4-8d8e-0806c768c5a8@group-C39131684D0F-LeaderElection39] INFO  impl.RoleInfo (RoleInfo.java:updateAndGet(130)) - a7a4031e-e512-44c4-8d8e-0806c768c5a8: start a7a4031e-e512-44c4-8d8e-0806c768c5a8@group-C39131684D0F-LeaderStateImpl
2022-02-10 16:30:39,868 [grpc-default-executor-4] INFO  server.RaftServer$Division (RaftServerImpl.java:requestVote(1078)) - 4d6136e5-74cd-4f55-94f0-c0ea6e146a4a@group-C39131684D0F replies to ELECTION vote request: a7a4031e-e512-44c4-8d8e-0806c768c5a8<-4d6136e5-74cd-4f55-94f0-c0ea6e146a4a#0:OK-t12. Peer's state: 4d6136e5-74cd-4f55-94f0-c0ea6e146a4a@group-C39131684D0F:t12, leader=null, voted=a7a4031e-e512-44c4-8d8e-0806c768c5a8, raftlog=4d6136e5-74cd-4f55-94f0-c0ea6e146a4a@group-C39131684D0F-SegmentedRaftLog:OPENED:c-1, conf=-1: [a7a4031e-e512-44c4-8d8e-0806c768c5a8|rpc:10.1.0.22:36777|dataStream:|priority:1, fc70cd66-7abc-4864-8afd-7dbfaf00bb56|rpc:10.1.0.22:46709|dataStream:|priority:0, 4d6136e5-74cd-4f55-94f0-c0ea6e146a4a|rpc:10.1.0.22:37065|dataStream:|priority:0], old=null
2022-02-10 16:30:39,869 [a7a4031e-e512-44c4-8d8e-0806c768c5a8@group-C39131684D0F-LeaderElection39] INFO  segmented.SegmentedRaftLogWorker (SegmentedRaftLogWorker.java:startLogSegment(394)) - a7a4031e-e512-44c4-8d8e-0806c768c5a8@group-C39131684D0F-SegmentedRaftLogWorker: Starting segment from index:0
2022-02-10 16:30:39,876 [a7a4031e-e512-44c4-8d8e-0806c768c5a8@group-C39131684D0F-SegmentedRaftLogWorker] INFO  segmented.SegmentedRaftLogWorker (SegmentedRaftLogWorker.java:execute(601)) - a7a4031e-e512-44c4-8d8e-0806c768c5a8@group-C39131684D0F-SegmentedRaftLogWorker: created new log segment /home/runner/work/ozone/ozone/hadoop-ozone/integration-test/target/test-dir/MiniOzoneClusterImpl-193d67db-d922-404e-9a90-1d0db3b45fdc/datanode-1/data/ratis/24c4c601-8e38-4742-afeb-c39131684d0f/current/log_inprogress_0
2022-02-10 16:30:39,894 [de59fd12-e5d5-4922-a4d0-c48f80cbb7f0@group-1D0DB3B45FDC-StateMachineUpdater] INFO  safemode.HealthyPipelineSafeModeRule (HealthyPipelineSafeModeRule.java:initializeRule(152)) - Refreshed total pipeline count is 1, healthy pipeline threshold count is 1
2022-02-10 16:30:39,899 [EventQueue-OpenPipelineForHealthyPipelineSafeModeRule] INFO  safemode.SCMSafeModeManager (HealthyPipelineSafeModeRule.java:process(124)) - SCM in safe mode. Healthy pipelines reported count is 1, required healthy pipeline reported count is 1
2022-02-10 16:30:39,899 [EventQueue-OpenPipelineForHealthyPipelineSafeModeRule] INFO  safemode.SCMSafeModeManager (SCMSafeModeManager.java:validateSafeModeExitRules(204)) - HealthyPipelineSafeModeRule rule is successfully validated
2022-02-10 16:30:39,899 [EventQueue-OpenPipelineForHealthyPipelineSafeModeRule] INFO  safemode.SCMSafeModeManager (SCMSafeModeManager.java:validateSafeModeExitRules(219)) - ScmSafeModeManager, all rules are successfully validated
2022-02-10 16:30:39,899 [EventQueue-OpenPipelineForHealthyPipelineSafeModeRule] INFO  safemode.SCMSafeModeManager (SCMSafeModeManager.java:exitSafeMode(248)) - SCM exiting safe mode.
2022-02-10 16:30:39,899 [EventQueue-OpenPipelineForHealthyPipelineSafeModeRule] WARN  events.EventQueue (EventQueue.java:fireEvent(194)) - No event handler registered for event TypedEvent{payloadType=SafeModeStatus, name='Safe mode status'}
2022-02-10 16:30:39,899 [EventQueue-OpenPipelineForHealthyPipelineSafeModeRule] INFO  ha.SCMContext (SCMContext.java:updateSafeModeStatus(211)) - Update SafeModeStatus from SafeModeStatus{safeModeStatus=true, preCheckPassed=true} to SafeModeStatus{safeModeStatus=false, preCheckPassed=true}.
2022-02-10 16:30:39,899 [EventQueue-OpenPipelineForHealthyPipelineSafeModeRule] INFO  container.ReplicationManager (ReplicationManager.java:notifyStatusChanged(1807)) - Service ReplicationManager transitions to RUNNING.
2022-02-10 16:30:39,903 [grpc-default-executor-4] INFO  ratis.XceiverServerRatis (XceiverServerRatis.java:handleLeaderChangedNotification(866)) - Leader change notification received for group: group-C39131684D0F with new leaderId: a7a4031e-e512-44c4-8d8e-0806c768c5a8
2022-02-10 16:30:39,903 [grpc-default-executor-4] INFO  server.RaftServer$Division (ServerState.java:setLeader(285)) - 4d6136e5-74cd-4f55-94f0-c0ea6e146a4a@group-C39131684D0F: change Leader from null to a7a4031e-e512-44c4-8d8e-0806c768c5a8 at term 12 for appendEntries, leader elected after 62066ms
2022-02-10 16:30:39,912 [grpc-default-executor-5] INFO  ratis.XceiverServerRatis (XceiverServerRatis.java:handleLeaderChangedNotification(866)) - Leader change notification received for group: group-C39131684D0F with new leaderId: a7a4031e-e512-44c4-8d8e-0806c768c5a8
2022-02-10 16:30:39,913 [grpc-default-executor-5] INFO  server.RaftServer$Division (ServerState.java:setLeader(285)) - fc70cd66-7abc-4864-8afd-7dbfaf00bb56@group-C39131684D0F: change Leader from null to a7a4031e-e512-44c4-8d8e-0806c768c5a8 at term 12 for appendEntries, leader elected after 62172ms
2022-02-10 16:30:39,935 [a7a4031e-e512-44c4-8d8e-0806c768c5a8@group-C39131684D0F-LeaderElection39] INFO  server.RaftServer$Division (ServerState.java:setRaftConf(387)) - a7a4031e-e512-44c4-8d8e-0806c768c5a8@group-C39131684D0F: set configuration 0: [a7a4031e-e512-44c4-8d8e-0806c768c5a8|rpc:10.1.0.22:36777|dataStream:|priority:1, fc70cd66-7abc-4864-8afd-7dbfaf00bb56|rpc:10.1.0.22:46709|dataStream:|priority:0, 4d6136e5-74cd-4f55-94f0-c0ea6e146a4a|rpc:10.1.0.22:37065|dataStream:|priority:0], old=null
2022-02-10 16:30:39,935 [grpc-default-executor-4] INFO  server.RaftServer$Division (ServerState.java:setRaftConf(387)) - 4d6136e5-74cd-4f55-94f0-c0ea6e146a4a@group-C39131684D0F: set configuration 0: [a7a4031e-e512-44c4-8d8e-0806c768c5a8|rpc:10.1.0.22:36777|dataStream:|priority:1, fc70cd66-7abc-4864-8afd-7dbfaf00bb56|rpc:10.1.0.22:46709|dataStream:|priority:0, 4d6136e5-74cd-4f55-94f0-c0ea6e146a4a|rpc:10.1.0.22:37065|dataStream:|priority:0], old=null
2022-02-10 16:30:39,935 [grpc-default-executor-4] INFO  segmented.SegmentedRaftLogWorker (SegmentedRaftLogWorker.java:startLogSegment(394)) - 4d6136e5-74cd-4f55-94f0-c0ea6e146a4a@group-C39131684D0F-SegmentedRaftLogWorker: Starting segment from index:0
2022-02-10 16:30:39,941 [4d6136e5-74cd-4f55-94f0-c0ea6e146a4a@group-C39131684D0F-SegmentedRaftLogWorker] INFO  segmented.SegmentedRaftLogWorker (SegmentedRaftLogWorker.java:execute(601)) - 4d6136e5-74cd-4f55-94f0-c0ea6e146a4a@group-C39131684D0F-SegmentedRaftLogWorker: created new log segment /home/runner/work/ozone/ozone/hadoop-ozone/integration-test/target/test-dir/MiniOzoneClusterImpl-193d67db-d922-404e-9a90-1d0db3b45fdc/datanode-2/data/ratis/24c4c601-8e38-4742-afeb-c39131684d0f/current/log_inprogress_0
2022-02-10 16:30:39,969 [grpc-default-executor-4] INFO  server.RaftServer$Division (ServerState.java:setRaftConf(387)) - fc70cd66-7abc-4864-8afd-7dbfaf00bb56@group-C39131684D0F: set configuration 0: [a7a4031e-e512-44c4-8d8e-0806c768c5a8|rpc:10.1.0.22:36777|dataStream:|priority:1, fc70cd66-7abc-4864-8afd-7dbfaf00bb56|rpc:10.1.0.22:46709|dataStream:|priority:0, 4d6136e5-74cd-4f55-94f0-c0ea6e146a4a|rpc:10.1.0.22:37065|dataStream:|priority:0], old=null
2022-02-10 16:30:39,970 [grpc-default-executor-4] INFO  segmented.SegmentedRaftLogWorker (SegmentedRaftLogWorker.java:startLogSegment(394)) - fc70cd66-7abc-4864-8afd-7dbfaf00bb56@group-C39131684D0F-SegmentedRaftLogWorker: Starting segment from index:0
2022-02-10 16:30:39,974 [fc70cd66-7abc-4864-8afd-7dbfaf00bb56@group-C39131684D0F-SegmentedRaftLogWorker] INFO  segmented.SegmentedRaftLogWorker (SegmentedRaftLogWorker.java:execute(601)) - fc70cd66-7abc-4864-8afd-7dbfaf00bb56@group-C39131684D0F-SegmentedRaftLogWorker: created new log segment /home/runner/work/ozone/ozone/hadoop-ozone/integration-test/target/test-dir/MiniOzoneClusterImpl-193d67db-d922-404e-9a90-1d0db3b45fdc/datanode-0/data/ratis/24c4c601-8e38-4742-afeb-c39131684d0f/current/log_inprogress_0
2022-02-10 16:30:40,734 [Listener at 127.0.0.1/38003] INFO  ozone.MiniOzoneClusterImpl (MiniOzoneClusterImpl.java:lambda$waitForClusterToBeReady$0(219)) - Nodes are ready. Got 3 of 3 DN Heartbeats.
2022-02-10 16:30:40,735 [Listener at 127.0.0.1/38003] INFO  ozone.MiniOzoneClusterImpl (MiniOzoneClusterImpl.java:lambda$waitForClusterToBeReady$0(222)) - Cluster exits safe mode
2022-02-10 16:30:40,735 [Listener at 127.0.0.1/38003] INFO  ozone.MiniOzoneClusterImpl (MiniOzoneClusterImpl.java:lambda$waitForClusterToBeReady$0(224)) - SCM became leader
2022-02-10 16:30:40,735 [Listener at 127.0.0.1/38003] INFO  server.StorageContainerManager (StorageContainerManager.java:stop(1390)) - Stopping Container Balancer service.
2022-02-10 16:30:40,735 [Listener at 127.0.0.1/38003] INFO  balancer.ContainerBalancer (ContainerBalancer.java:stop(751)) - Container Balancer is not running.
2022-02-10 16:30:40,735 [Listener at 127.0.0.1/38003] INFO  server.StorageContainerManager (StorageContainerManager.java:stop(1397)) - Stopping Replication Manager Service.
2022-02-10 16:30:40,735 [Listener at 127.0.0.1/38003] INFO  container.ReplicationManager (ReplicationManager.java:stop(357)) - Stopping Replication Monitor Thread.
2022-02-10 16:30:40,735 [Listener at 127.0.0.1/38003] INFO  server.StorageContainerManager (StorageContainerManager.java:stop(1404)) - Stopping the Datanode Admin Monitor.
2022-02-10 16:30:40,735 [Listener at 127.0.0.1/38003] INFO  server.StorageContainerManager (StorageContainerManager.java:stop(1411)) - Stopping Lease Manager of the command watchers
2022-02-10 16:30:40,736 [Listener at 127.0.0.1/38003] INFO  server.StorageContainerManager (StorageContainerManager.java:stop(1418)) - Stopping datanode service RPC server
2022-02-10 16:30:40,736 [Listener at 127.0.0.1/38003] INFO  server.SCMDatanodeProtocolServer (SCMDatanodeProtocolServer.java:stop(390)) - Stopping the RPC server for DataNodes
2022-02-10 16:30:40,736 [Listener at 127.0.0.1/38003] INFO  ipc.Server (Server.java:stop(3414)) - Stopping server on 40191
2022-02-10 16:30:40,740 [IPC Server Responder] INFO  ipc.Server (Server.java:run(1512)) - Stopping IPC Server Responder
2022-02-10 16:30:40,741 [IPC Server listener on 0] INFO  ipc.Server (Server.java:run(1376)) - Stopping IPC Server listener on 0
2022-02-10 16:30:40,770 [SCM Heartbeat Processing Thread - 0] WARN  node.NodeStateManager (NodeStateManager.java:scheduleNextHealthCheck(799)) - Current Thread is interrupted, shutting down HB processing thread for Node Manager.
2022-02-10 16:30:40,775 [Listener at 127.0.0.1/38003] INFO  server.StorageContainerManager (StorageContainerManager.java:stop(1426)) - Stopping block service RPC server
2022-02-10 16:30:40,775 [Listener at 127.0.0.1/38003] INFO  server.SCMBlockProtocolServer (SCMBlockProtocolServer.java:stop(160)) - Stopping the RPC server for Block Protocol
2022-02-10 16:30:40,775 [Listener at 127.0.0.1/38003] INFO  ipc.Server (Server.java:stop(3414)) - Stopping server on 43081
2022-02-10 16:30:40,780 [Listener at 127.0.0.1/38003] INFO  server.StorageContainerManager (StorageContainerManager.java:stop(1433)) - Stopping the StorageContainerLocationProtocol RPC server
2022-02-10 16:30:40,781 [Listener at 127.0.0.1/38003] INFO  server.SCMClientProtocolServer (SCMClientProtocolServer.java:stop(174)) - Stopping the RPC server for Client Protocol
2022-02-10 16:30:40,781 [Listener at 127.0.0.1/38003] INFO  ipc.Server (Server.java:stop(3414)) - Stopping server on 34443
2022-02-10 16:30:40,781 [IPC Server Responder] INFO  ipc.Server (Server.java:run(1512)) - Stopping IPC Server Responder
2022-02-10 16:30:40,782 [IPC Server listener on 0] INFO  ipc.Server (Server.java:run(1376)) - Stopping IPC Server listener on 0
2022-02-10 16:30:40,785 [IPC Server Responder] INFO  ipc.Server (Server.java:run(1512)) - Stopping IPC Server Responder
2022-02-10 16:30:40,785 [Listener at 127.0.0.1/38003] INFO  server.StorageContainerManager (StorageContainerManager.java:stop(1440)) - Stopping Storage Container Manager HTTP server.
2022-02-10 16:30:40,786 [Listener at 127.0.0.1/38003] INFO  handler.ContextHandler (ContextHandler.java:doStop(1153)) - Stopped o.e.j.w.WebAppContext@44b0c149{scm,/,null,STOPPED}{file:/home/runner/work/ozone/ozone/hadoop-ozone/integration-test/target/test-classes/webapps/scm}
2022-02-10 16:30:40,786 [IPC Server listener on 0] INFO  ipc.Server (Server.java:run(1376)) - Stopping IPC Server listener on 0
2022-02-10 16:30:40,788 [Listener at 127.0.0.1/38003] INFO  server.AbstractConnector (AbstractConnector.java:doStop(381)) - Stopped ServerConnector@a68f89a{HTTP/1.1, (http/1.1)}{0.0.0.0:0}
2022-02-10 16:30:40,788 [Listener at 127.0.0.1/38003] INFO  server.session (HouseKeeper.java:stopScavenging(149)) - node0 Stopped scavenging
2022-02-10 16:30:40,788 [Listener at 127.0.0.1/38003] INFO  handler.ContextHandler (ContextHandler.java:doStop(1153)) - Stopped o.e.j.s.ServletContextHandler@237ef17{static,/static,file:///home/runner/work/ozone/ozone/hadoop-ozone/integration-test/target/test-classes/webapps/static,STOPPED}
2022-02-10 16:30:40,789 [Listener at 127.0.0.1/38003] INFO  handler.ContextHandler (ContextHandler.java:doStop(1153)) - Stopped o.e.j.s.ServletContextHandler@456ef56a{logs,/logs,file:///home/runner/work/ozone/ozone/hadoop-ozone/integration-test/target/log,STOPPED}
2022-02-10 16:30:40,797 [Listener at 127.0.0.1/38003] INFO  server.StorageContainerManager (StorageContainerManager.java:stop(1451)) - Stopping Block Manager Service.
2022-02-10 16:30:40,797 [Listener at 127.0.0.1/38003] INFO  utils.BackgroundService (BackgroundService.java:shutdown(132)) - Shutting down service SCMBlockDeletingService
2022-02-10 16:30:40,797 [Listener at 127.0.0.1/38003] INFO  utils.BackgroundService (BackgroundService.java:shutdown(132)) - Shutting down service SCMBlockDeletingService
2022-02-10 16:30:40,797 [Listener at 127.0.0.1/38003] INFO  server.StorageContainerManager (StorageContainerManager.java:stop(1478)) - Stopping SCM Event Queue.
2022-02-10 16:30:40,809 [Listener at 127.0.0.1/38003] INFO  server.StorageContainerManager (StorageContainerManager.java:stop(1489)) - Stopping SCM HA services.
2022-02-10 16:30:40,809 [Listener at 127.0.0.1/38003] INFO  ha.SCMRatisServerImpl (SCMRatisServerImpl.java:stop(236)) - stopping ratis server 0.0.0.0:9894
2022-02-10 16:30:40,810 [Listener at 127.0.0.1/38003] INFO  server.RaftServer (RaftServerProxy.java:lambda$close$6(391)) - de59fd12-e5d5-4922-a4d0-c48f80cbb7f0: close
2022-02-10 16:30:40,810 [Listener at 127.0.0.1/38003] INFO  server.RaftServer$Division (RaftServerImpl.java:lambda$close$4(412)) - de59fd12-e5d5-4922-a4d0-c48f80cbb7f0@group-1D0DB3B45FDC: shutdown
2022-02-10 16:30:40,810 [Listener at 127.0.0.1/38003] INFO  util.JmxRegister (JmxRegister.java:unregister(73)) - Successfully un-registered JMX Bean with object name Ratis:service=RaftServer,group=group-1D0DB3B45FDC,id=de59fd12-e5d5-4922-a4d0-c48f80cbb7f0
2022-02-10 16:30:40,810 [Listener at 127.0.0.1/38003] INFO  impl.RoleInfo (RoleInfo.java:shutdownLeaderState(91)) - de59fd12-e5d5-4922-a4d0-c48f80cbb7f0: shutdown de59fd12-e5d5-4922-a4d0-c48f80cbb7f0@group-1D0DB3B45FDC-LeaderStateImpl
2022-02-10 16:30:40,810 [Listener at 127.0.0.1/38003] INFO  impl.PendingRequests (PendingRequests.java:sendNotLeaderResponses(282)) - de59fd12-e5d5-4922-a4d0-c48f80cbb7f0@group-1D0DB3B45FDC-PendingRequests: sendNotLeaderResponses
2022-02-10 16:30:40,810 [Listener at 127.0.0.1/38003] INFO  ha.SCMStateMachine (SCMStateMachine.java:notifyNotLeader(190)) - current leader SCM steps down.
2022-02-10 16:30:40,810 [Listener at 127.0.0.1/38003] INFO  ha.SCMContext (SCMContext.java:updateLeaderAndTerm(90)) - update <isLeader,term> from <true,2> to <false,0>
2022-02-10 16:30:40,810 [Listener at 127.0.0.1/38003] INFO  ha.SCMContext (SCMContext.java:updateLeaderAndTerm(97)) - update <isLeaderReady> from <false> to <false>
2022-02-10 16:30:40,825 [EndpointStateMachine task thread for /0.0.0.0:40191 - 0 ] WARN  statemachine.EndpointStateMachine (EndpointStateMachine.java:logIfNeeded(236)) - Unable to communicate to SCM server at 0.0.0.0:40191 for past 0 seconds.
java.io.EOFException: End of File Exception between local host is: "fv-az184-768/10.1.0.22"; destination host is: "0.0.0.0":40191; : java.io.EOFException; For more details see:  http://wiki.apache.org/hadoop/EOFException
	at sun.reflect.NativeConstructorAccessorImpl.newInstance0(Native Method)
	at sun.reflect.NativeConstructorAccessorImpl.newInstance(NativeConstructorAccessorImpl.java:62)
	at sun.reflect.DelegatingConstructorAccessorImpl.newInstance(DelegatingConstructorAccessorImpl.java:45)
	at java.lang.reflect.Constructor.newInstance(Constructor.java:423)
	at org.apache.hadoop.net.NetUtils.wrapWithMessage(NetUtils.java:913)
	at org.apache.hadoop.net.NetUtils.wrapException(NetUtils.java:862)
	at org.apache.hadoop.ipc.Client.getRpcResponse(Client.java:1577)
	at org.apache.hadoop.ipc.Client.call(Client.java:1519)
	at org.apache.hadoop.ipc.Client.call(Client.java:1416)
	at org.apache.hadoop.ipc.ProtobufRpcEngine$Invoker.invoke(ProtobufRpcEngine.java:236)
	at org.apache.hadoop.ipc.ProtobufRpcEngine$Invoker.invoke(ProtobufRpcEngine.java:123)
	at com.sun.proxy.$Proxy49.submitRequest(Unknown Source)
	at org.apache.hadoop.ozone.protocolPB.StorageContainerDatanodeProtocolClientSideTranslatorPB.submitRequest(StorageContainerDatanodeProtocolClientSideTranslatorPB.java:117)
	at org.apache.hadoop.ozone.protocolPB.StorageContainerDatanodeProtocolClientSideTranslatorPB.sendHeartbeat(StorageContainerDatanodeProtocolClientSideTranslatorPB.java:149)
	at org.apache.hadoop.ozone.container.common.states.endpoint.HeartbeatEndpointTask.call(HeartbeatEndpointTask.java:179)
	at org.apache.hadoop.ozone.container.common.states.endpoint.HeartbeatEndpointTask.call(HeartbeatEndpointTask.java:82)
	at java.util.concurrent.FutureTask.run(FutureTask.java:266)
	at java.util.concurrent.ThreadPoolExecutor.runWorker(ThreadPoolExecutor.java:1149)
	at java.util.concurrent.ThreadPoolExecutor$Worker.run(ThreadPoolExecutor.java:624)
	at java.lang.Thread.run(Thread.java:748)
Caused by: java.io.EOFException
	at java.io.DataInputStream.readInt(DataInputStream.java:392)
	at org.apache.hadoop.ipc.Client$IpcStreams.readResponse(Client.java:1892)
	at org.apache.hadoop.ipc.Client$Connection.receiveRpcResponse(Client.java:1202)
	at org.apache.hadoop.ipc.Client$Connection.run(Client.java:1098)
2022-02-10 16:30:40,833 [de59fd12-e5d5-4922-a4d0-c48f80cbb7f0@group-1D0DB3B45FDC-StateMachineUpdater] INFO  ha.SCMStateMachine (SCMStateMachine.java:takeSnapshot(297)) - Current Snapshot Index 18, takeSnapshot took 0 ms
2022-02-10 16:30:40,832 [Listener at 127.0.0.1/38003] INFO  impl.StateMachineUpdater (StateMachineUpdater.java:stopAndJoin(149)) - de59fd12-e5d5-4922-a4d0-c48f80cbb7f0@group-1D0DB3B45FDC-StateMachineUpdater: set stopIndex = 18
2022-02-10 16:30:40,839 [de59fd12-e5d5-4922-a4d0-c48f80cbb7f0@group-1D0DB3B45FDC-StateMachineUpdater] INFO  impl.StateMachineUpdater (StateMachineUpdater.java:takeSnapshot(281)) - de59fd12-e5d5-4922-a4d0-c48f80cbb7f0@group-1D0DB3B45FDC-StateMachineUpdater: Took a snapshot at index 18
2022-02-10 16:30:40,839 [de59fd12-e5d5-4922-a4d0-c48f80cbb7f0@group-1D0DB3B45FDC-StateMachineUpdater] INFO  impl.StateMachineUpdater (StateMachineUpdater.java:lambda$new$0(89)) - de59fd12-e5d5-4922-a4d0-c48f80cbb7f0@group-1D0DB3B45FDC-StateMachineUpdater: snapshotIndex: updateIncreasingly -1 -> 18
2022-02-10 16:30:40,839 [Listener at 127.0.0.1/38003] INFO  server.RaftServer$Division (ServerState.java:close(419)) - de59fd12-e5d5-4922-a4d0-c48f80cbb7f0@group-1D0DB3B45FDC: closes. applyIndex: 18
2022-02-10 16:30:40,840 [de59fd12-e5d5-4922-a4d0-c48f80cbb7f0@group-1D0DB3B45FDC-SegmentedRaftLogWorker] INFO  segmented.SegmentedRaftLogWorker (SegmentedRaftLogWorker.java:run(327)) - de59fd12-e5d5-4922-a4d0-c48f80cbb7f0@group-1D0DB3B45FDC-SegmentedRaftLogWorker was interrupted, exiting. There are 0 tasks remaining in the queue.
2022-02-10 16:30:40,844 [Listener at 127.0.0.1/38003] INFO  segmented.SegmentedRaftLogWorker (SegmentedRaftLogWorker.java:close(237)) - de59fd12-e5d5-4922-a4d0-c48f80cbb7f0@group-1D0DB3B45FDC-SegmentedRaftLogWorker close()
2022-02-10 16:30:40,850 [Listener at 127.0.0.1/38003] INFO  server.GrpcService (GrpcService.java:closeImpl(262)) - de59fd12-e5d5-4922-a4d0-c48f80cbb7f0: shutdown server with port 9894 now
2022-02-10 16:30:40,851 [Listener at 127.0.0.1/38003] INFO  server.GrpcService (GrpcService.java:closeImpl(271)) - de59fd12-e5d5-4922-a4d0-c48f80cbb7f0: shutdown server with port 9894 successfully
2022-02-10 16:30:40,854 [org.apache.ratis.util.JvmPauseMonitor$$Lambda$431/358420740@1b3f52d6] INFO  util.JvmPauseMonitor (JvmPauseMonitor.java:run(109)) - JvmPauseMonitor-de59fd12-e5d5-4922-a4d0-c48f80cbb7f0: Stopped
2022-02-10 16:30:40,854 [Listener at 127.0.0.1/38003] INFO  pipeline.BackgroundPipelineCreator (BackgroundPipelineCreator.java:stop(158)) - Stopping RatisPipelineUtilsThread.
2022-02-10 16:30:40,855 [Listener at 127.0.0.1/38003] INFO  server.StorageContainerManager (StorageContainerManager.java:stop(1499)) - Stopping SCM MetadataStore.
2022-02-10 16:30:40,856 [Listener at 127.0.0.1/38003] INFO  impl.MetricsSystemImpl (MetricsSystemImpl.java:stop(210)) - Stopping HddsDatanode metrics system...
2022-02-10 16:30:40,874 [prometheus] INFO  impl.MetricsSinkAdapter (MetricsSinkAdapter.java:publishMetricsFromQueue(141)) - prometheus thread interrupted.
2022-02-10 16:30:40,878 [Listener at 127.0.0.1/38003] INFO  impl.MetricsSystemImpl (MetricsSystemImpl.java:stop(216)) - HddsDatanode metrics system stopped.
2022-02-10 16:30:41,849 [EndpointStateMachine task thread for /0.0.0.0:40191 - 0 ] INFO  ipc.Client (Client.java:handleConnectionFailure(977)) - Retrying connect to server: 0.0.0.0/0.0.0.0:40191. Already tried 0 time(s); retry policy is RetryUpToMaximumCountWithFixedSleep(maxRetries=15, sleepTime=1000 MILLISECONDS)
2022-02-10 16:30:42,850 [EndpointStateMachine task thread for /0.0.0.0:40191 - 0 ] INFO  ipc.Client (Client.java:handleConnectionFailure(977)) - Retrying connect to server: 0.0.0.0/0.0.0.0:40191. Already tried 1 time(s); retry policy is RetryUpToMaximumCountWithFixedSleep(maxRetries=15, sleepTime=1000 MILLISECONDS)
2022-02-10 16:30:43,850 [EndpointStateMachine task thread for /0.0.0.0:40191 - 0 ] INFO  ipc.Client (Client.java:handleConnectionFailure(977)) - Retrying connect to server: 0.0.0.0/0.0.0.0:40191. Already tried 2 time(s); retry policy is RetryUpToMaximumCountWithFixedSleep(maxRetries=15, sleepTime=1000 MILLISECONDS)
2022-02-10 16:30:44,851 [EndpointStateMachine task thread for /0.0.0.0:40191 - 0 ] INFO  ipc.Client (Client.java:handleConnectionFailure(977)) - Retrying connect to server: 0.0.0.0/0.0.0.0:40191. Already tried 3 time(s); retry policy is RetryUpToMaximumCountWithFixedSleep(maxRetries=15, sleepTime=1000 MILLISECONDS)
2022-02-10 16:30:45,008 [Datanode State Machine Daemon Thread] ERROR datanode.RunningDatanodeState (RunningDatanodeState.java:computeNextContainerState(199)) - Error in executing end point task.
java.util.concurrent.ExecutionException: java.util.concurrent.TimeoutException
	at java.util.concurrent.FutureTask.report(FutureTask.java:122)
	at java.util.concurrent.FutureTask.get(FutureTask.java:192)
	at org.apache.hadoop.ozone.container.common.states.datanode.RunningDatanodeState.computeNextContainerState(RunningDatanodeState.java:191)
	at org.apache.hadoop.ozone.container.common.states.datanode.RunningDatanodeState.await(RunningDatanodeState.java:231)
	at org.apache.hadoop.ozone.container.common.states.datanode.RunningDatanodeState.await(RunningDatanodeState.java:50)
	at org.apache.hadoop.ozone.container.common.statemachine.StateContext.execute(StateContext.java:633)
	at org.apache.hadoop.ozone.container.common.statemachine.DatanodeStateMachine.start(DatanodeStateMachine.java:283)
	at org.apache.hadoop.ozone.container.common.statemachine.DatanodeStateMachine.lambda$startDaemon$0(DatanodeStateMachine.java:471)
	at java.lang.Thread.run(Thread.java:748)
Caused by: java.util.concurrent.TimeoutException
	at java.util.concurrent.FutureTask.get(FutureTask.java:205)
	at org.apache.hadoop.ozone.container.common.states.datanode.RunningDatanodeState.lambda$execute$0(RunningDatanodeState.java:149)
	at java.util.concurrent.FutureTask.run(FutureTask.java:266)
	at java.util.concurrent.Executors$RunnableAdapter.call(Executors.java:511)
	at java.util.concurrent.FutureTask.run(FutureTask.java:266)
	at java.util.concurrent.ThreadPoolExecutor.runWorker(ThreadPoolExecutor.java:1149)
	at java.util.concurrent.ThreadPoolExecutor$Worker.run(ThreadPoolExecutor.java:624)
	... 1 more
2022-02-10 16:30:45,852 [EndpointStateMachine task thread for /0.0.0.0:40191 - 0 ] INFO  ipc.Client (Client.java:handleConnectionFailure(977)) - Retrying connect to server: 0.0.0.0/0.0.0.0:40191. Already tried 4 time(s); retry policy is RetryUpToMaximumCountWithFixedSleep(maxRetries=15, sleepTime=1000 MILLISECONDS)
2022-02-10 16:30:45,879 [Listener at 127.0.0.1/38003] INFO  ozoneimpl.OzoneContainer (OzoneContainer.java:stop(336)) - Attempting to stop container services.
2022-02-10 16:30:45,895 [Listener at 127.0.0.1/38003] INFO  server.RaftServer (RaftServerProxy.java:lambda$close$6(391)) - fc70cd66-7abc-4864-8afd-7dbfaf00bb56: close
2022-02-10 16:30:45,907 [Listener at 127.0.0.1/38003] INFO  server.RaftServer$Division (RaftServerImpl.java:lambda$close$4(412)) - fc70cd66-7abc-4864-8afd-7dbfaf00bb56@group-B1F8669B9121: shutdown
2022-02-10 16:30:45,907 [Listener at 127.0.0.1/38003] INFO  util.JmxRegister (JmxRegister.java:unregister(73)) - Successfully un-registered JMX Bean with object name Ratis:service=RaftServer,group=group-B1F8669B9121,id=fc70cd66-7abc-4864-8afd-7dbfaf00bb56
2022-02-10 16:30:45,907 [Listener at 127.0.0.1/38003] INFO  impl.RoleInfo (RoleInfo.java:shutdownLeaderState(91)) - fc70cd66-7abc-4864-8afd-7dbfaf00bb56: shutdown fc70cd66-7abc-4864-8afd-7dbfaf00bb56@group-B1F8669B9121-LeaderStateImpl
2022-02-10 16:30:45,907 [Listener at 127.0.0.1/38003] INFO  impl.PendingRequests (PendingRequests.java:sendNotLeaderResponses(282)) - fc70cd66-7abc-4864-8afd-7dbfaf00bb56@group-B1F8669B9121-PendingRequests: sendNotLeaderResponses
2022-02-10 16:30:45,908 [Listener at 127.0.0.1/38003] INFO  impl.StateMachineUpdater (StateMachineUpdater.java:stopAndJoin(149)) - fc70cd66-7abc-4864-8afd-7dbfaf00bb56@group-B1F8669B9121-StateMachineUpdater: set stopIndex = 0
2022-02-10 16:30:45,908 [fc70cd66-7abc-4864-8afd-7dbfaf00bb56@group-B1F8669B9121-StateMachineUpdater] INFO  ratis.ContainerStateMachine (ContainerStateMachine.java:takeSnapshot(299)) - group-B1F8669B9121: Taking a snapshot at:(t:1, i:0) file /home/runner/work/ozone/ozone/hadoop-ozone/integration-test/target/test-dir/MiniOzoneClusterImpl-193d67db-d922-404e-9a90-1d0db3b45fdc/datanode-0/data/ratis/9e623b44-9776-49b4-ad47-b1f8669b9121/sm/snapshot.1_0
2022-02-10 16:30:45,909 [fc70cd66-7abc-4864-8afd-7dbfaf00bb56@group-B1F8669B9121-StateMachineUpdater] INFO  ratis.ContainerStateMachine (ContainerStateMachine.java:takeSnapshot(310)) - group-B1F8669B9121: Finished taking a snapshot at:(t:1, i:0) file:/home/runner/work/ozone/ozone/hadoop-ozone/integration-test/target/test-dir/MiniOzoneClusterImpl-193d67db-d922-404e-9a90-1d0db3b45fdc/datanode-0/data/ratis/9e623b44-9776-49b4-ad47-b1f8669b9121/sm/snapshot.1_0 took: 1 ms
2022-02-10 16:30:45,910 [fc70cd66-7abc-4864-8afd-7dbfaf00bb56@group-B1F8669B9121-StateMachineUpdater] INFO  impl.StateMachineUpdater (StateMachineUpdater.java:takeSnapshot(281)) - fc70cd66-7abc-4864-8afd-7dbfaf00bb56@group-B1F8669B9121-StateMachineUpdater: Took a snapshot at index 0
2022-02-10 16:30:45,910 [fc70cd66-7abc-4864-8afd-7dbfaf00bb56@group-B1F8669B9121-StateMachineUpdater] INFO  impl.StateMachineUpdater (StateMachineUpdater.java:lambda$new$0(89)) - fc70cd66-7abc-4864-8afd-7dbfaf00bb56@group-B1F8669B9121-StateMachineUpdater: snapshotIndex: updateIncreasingly -1 -> 0
2022-02-10 16:30:45,910 [Listener at 127.0.0.1/38003] INFO  server.RaftServer$Division (ServerState.java:close(419)) - fc70cd66-7abc-4864-8afd-7dbfaf00bb56@group-B1F8669B9121: closes. applyIndex: 0
2022-02-10 16:30:45,910 [fc70cd66-7abc-4864-8afd-7dbfaf00bb56@group-B1F8669B9121-SegmentedRaftLogWorker] INFO  segmented.SegmentedRaftLogWorker (SegmentedRaftLogWorker.java:run(327)) - fc70cd66-7abc-4864-8afd-7dbfaf00bb56@group-B1F8669B9121-SegmentedRaftLogWorker was interrupted, exiting. There are 0 tasks remaining in the queue.
2022-02-10 16:30:45,915 [Listener at 127.0.0.1/38003] INFO  segmented.SegmentedRaftLogWorker (SegmentedRaftLogWorker.java:close(237)) - fc70cd66-7abc-4864-8afd-7dbfaf00bb56@group-B1F8669B9121-SegmentedRaftLogWorker close()
2022-02-10 16:30:45,915 [Listener at 127.0.0.1/38003] INFO  server.RaftServer$Division (RaftServerImpl.java:lambda$close$4(412)) - fc70cd66-7abc-4864-8afd-7dbfaf00bb56@group-C39131684D0F: shutdown
2022-02-10 16:30:45,915 [Listener at 127.0.0.1/38003] INFO  util.JmxRegister (JmxRegister.java:unregister(73)) - Successfully un-registered JMX Bean with object name Ratis:service=RaftServer,group=group-C39131684D0F,id=fc70cd66-7abc-4864-8afd-7dbfaf00bb56
2022-02-10 16:30:45,916 [Listener at 127.0.0.1/38003] INFO  impl.RoleInfo (RoleInfo.java:shutdownFollowerState(108)) - fc70cd66-7abc-4864-8afd-7dbfaf00bb56: shutdown fc70cd66-7abc-4864-8afd-7dbfaf00bb56@group-C39131684D0F-FollowerState
2022-02-10 16:30:45,916 [Listener at 127.0.0.1/38003] INFO  impl.StateMachineUpdater (StateMachineUpdater.java:stopAndJoin(149)) - fc70cd66-7abc-4864-8afd-7dbfaf00bb56@group-C39131684D0F-StateMachineUpdater: set stopIndex = 0
2022-02-10 16:30:45,916 [fc70cd66-7abc-4864-8afd-7dbfaf00bb56@group-C39131684D0F-FollowerState] INFO  impl.FollowerState (FollowerState.java:run(143)) - fc70cd66-7abc-4864-8afd-7dbfaf00bb56@group-C39131684D0F-FollowerState was interrupted: {}
java.lang.InterruptedException: sleep interrupted
	at java.lang.Thread.sleep(Native Method)
	at java.lang.Thread.sleep(Thread.java:340)
	at java.util.concurrent.TimeUnit.sleep(TimeUnit.java:386)
	at org.apache.ratis.util.TimeDuration.sleep(TimeDuration.java:324)
	at org.apache.ratis.util.TimeDuration.sleep(TimeDuration.java:309)
	at org.apache.ratis.server.impl.FollowerState.run(FollowerState.java:118)
2022-02-10 16:30:45,916 [fc70cd66-7abc-4864-8afd-7dbfaf00bb56@group-C39131684D0F-StateMachineUpdater] INFO  ratis.ContainerStateMachine (ContainerStateMachine.java:takeSnapshot(299)) - group-C39131684D0F: Taking a snapshot at:(t:12, i:0) file /home/runner/work/ozone/ozone/hadoop-ozone/integration-test/target/test-dir/MiniOzoneClusterImpl-193d67db-d922-404e-9a90-1d0db3b45fdc/datanode-0/data/ratis/24c4c601-8e38-4742-afeb-c39131684d0f/sm/snapshot.12_0
2022-02-10 16:30:45,919 [fc70cd66-7abc-4864-8afd-7dbfaf00bb56@group-C39131684D0F-StateMachineUpdater] INFO  ratis.ContainerStateMachine (ContainerStateMachine.java:takeSnapshot(310)) - group-C39131684D0F: Finished taking a snapshot at:(t:12, i:0) file:/home/runner/work/ozone/ozone/hadoop-ozone/integration-test/target/test-dir/MiniOzoneClusterImpl-193d67db-d922-404e-9a90-1d0db3b45fdc/datanode-0/data/ratis/24c4c601-8e38-4742-afeb-c39131684d0f/sm/snapshot.12_0 took: 4 ms
2022-02-10 16:30:45,919 [fc70cd66-7abc-4864-8afd-7dbfaf00bb56@group-C39131684D0F-StateMachineUpdater] INFO  impl.StateMachineUpdater (StateMachineUpdater.java:takeSnapshot(281)) - fc70cd66-7abc-4864-8afd-7dbfaf00bb56@group-C39131684D0F-StateMachineUpdater: Took a snapshot at index 0
2022-02-10 16:30:45,919 [fc70cd66-7abc-4864-8afd-7dbfaf00bb56@group-C39131684D0F-StateMachineUpdater] INFO  impl.StateMachineUpdater (StateMachineUpdater.java:lambda$new$0(89)) - fc70cd66-7abc-4864-8afd-7dbfaf00bb56@group-C39131684D0F-StateMachineUpdater: snapshotIndex: updateIncreasingly -1 -> 0
2022-02-10 16:30:45,920 [Listener at 127.0.0.1/38003] INFO  server.RaftServer$Division (ServerState.java:close(419)) - fc70cd66-7abc-4864-8afd-7dbfaf00bb56@group-C39131684D0F: closes. applyIndex: 0
2022-02-10 16:30:45,920 [fc70cd66-7abc-4864-8afd-7dbfaf00bb56@group-C39131684D0F-SegmentedRaftLogWorker] INFO  segmented.SegmentedRaftLogWorker (SegmentedRaftLogWorker.java:run(327)) - fc70cd66-7abc-4864-8afd-7dbfaf00bb56@group-C39131684D0F-SegmentedRaftLogWorker was interrupted, exiting. There are 0 tasks remaining in the queue.
2022-02-10 16:30:45,920 [Listener at 127.0.0.1/38003] INFO  segmented.SegmentedRaftLogWorker (SegmentedRaftLogWorker.java:close(237)) - fc70cd66-7abc-4864-8afd-7dbfaf00bb56@group-C39131684D0F-SegmentedRaftLogWorker close()
2022-02-10 16:30:45,921 [Listener at 127.0.0.1/38003] INFO  server.GrpcService (GrpcService.java:closeImpl(262)) - fc70cd66-7abc-4864-8afd-7dbfaf00bb56: shutdown server with port 46709 now
2022-02-10 16:30:45,937 [grpc-default-executor-3] WARN  server.GrpcServerProtocolService (LogUtils.java:warn(122)) - fc70cd66-7abc-4864-8afd-7dbfaf00bb56: installSnapshot onError, lastRequest: a7a4031e-e512-44c4-8d8e-0806c768c5a8->fc70cd66-7abc-4864-8afd-7dbfaf00bb56#1-t12,previous=(t:0, i:0),leaderCommit=-1,initializing? true,entries: size=1, first=(t:12, i:0), CONFIGURATIONENTRY: org.apache.ratis.thirdparty.io.grpc.StatusRuntimeException: CANCELLED: client cancelled
2022-02-10 16:30:45,954 [Listener at 127.0.0.1/38003] INFO  server.GrpcService (GrpcService.java:closeImpl(271)) - fc70cd66-7abc-4864-8afd-7dbfaf00bb56: shutdown server with port 46709 successfully
2022-02-10 16:30:45,963 [org.apache.ratis.util.JvmPauseMonitor$$Lambda$431/358420740@1a30a18d] INFO  util.JvmPauseMonitor (JvmPauseMonitor.java:run(109)) - JvmPauseMonitor-fc70cd66-7abc-4864-8afd-7dbfaf00bb56: Stopped
2022-02-10 16:30:45,959 [grpc-default-executor-4] WARN  server.GrpcLogAppender (LogUtils.java:warn(122)) - a7a4031e-e512-44c4-8d8e-0806c768c5a8@group-C39131684D0F->fc70cd66-7abc-4864-8afd-7dbfaf00bb56-AppendLogResponseHandler: Failed appendEntries: org.apache.ratis.thirdparty.io.grpc.StatusRuntimeException: CANCELLED: HTTP/2 error code: CANCEL
Received Rst Stream
2022-02-10 16:30:45,965 [grpc-default-executor-4] WARN  server.GrpcLogAppender (GrpcLogAppender.java:resetClient(110)) - a7a4031e-e512-44c4-8d8e-0806c768c5a8@group-C39131684D0F->fc70cd66-7abc-4864-8afd-7dbfaf00bb56-GrpcLogAppender: Leader has not got in touch with Follower a7a4031e-e512-44c4-8d8e-0806c768c5a8@group-C39131684D0F->fc70cd66-7abc-4864-8afd-7dbfaf00bb56(c0,m0,n1, attendVote=true, lastRpcSendTime=948, lastRpcResponseTime=936) yet, just keep nextIndex unchanged and retry.
2022-02-10 16:30:46,853 [EndpointStateMachine task thread for /0.0.0.0:40191 - 0 ] INFO  ipc.Client (Client.java:handleConnectionFailure(977)) - Retrying connect to server: 0.0.0.0/0.0.0.0:40191. Already tried 5 time(s); retry policy is RetryUpToMaximumCountWithFixedSleep(maxRetries=15, sleepTime=1000 MILLISECONDS)
2022-02-10 16:30:47,530 [grpc-default-executor-3] WARN  server.GrpcLogAppender (LogUtils.java:warn(122)) - a7a4031e-e512-44c4-8d8e-0806c768c5a8@group-C39131684D0F->fc70cd66-7abc-4864-8afd-7dbfaf00bb56-AppendLogResponseHandler: Failed appendEntries: org.apache.ratis.thirdparty.io.grpc.StatusRuntimeException: UNAVAILABLE: io exception
2022-02-10 16:30:47,531 [grpc-default-executor-3] WARN  server.GrpcLogAppender (GrpcLogAppender.java:resetClient(110)) - a7a4031e-e512-44c4-8d8e-0806c768c5a8@group-C39131684D0F->fc70cd66-7abc-4864-8afd-7dbfaf00bb56-GrpcLogAppender: Leader has not got in touch with Follower a7a4031e-e512-44c4-8d8e-0806c768c5a8@group-C39131684D0F->fc70cd66-7abc-4864-8afd-7dbfaf00bb56(c0,m0,n1, attendVote=true, lastRpcSendTime=2514, lastRpcResponseTime=2502) yet, just keep nextIndex unchanged and retry.
2022-02-10 16:30:47,853 [EndpointStateMachine task thread for /0.0.0.0:40191 - 0 ] INFO  ipc.Client (Client.java:handleConnectionFailure(977)) - Retrying connect to server: 0.0.0.0/0.0.0.0:40191. Already tried 6 time(s); retry policy is RetryUpToMaximumCountWithFixedSleep(maxRetries=15, sleepTime=1000 MILLISECONDS)
2022-02-10 16:30:48,003 [Listener at 127.0.0.1/38003] INFO  utils.BackgroundService (BackgroundService.java:shutdown(132)) - Shutting down service BlockDeletingService
2022-02-10 16:30:48,854 [EndpointStateMachine task thread for /0.0.0.0:40191 - 0 ] INFO  ipc.Client (Client.java:handleConnectionFailure(977)) - Retrying connect to server: 0.0.0.0/0.0.0.0:40191. Already tried 7 time(s); retry policy is RetryUpToMaximumCountWithFixedSleep(maxRetries=15, sleepTime=1000 MILLISECONDS)
2022-02-10 16:30:49,855 [EndpointStateMachine task thread for /0.0.0.0:40191 - 0 ] INFO  ipc.Client (Client.java:handleConnectionFailure(977)) - Retrying connect to server: 0.0.0.0/0.0.0.0:40191. Already tried 8 time(s); retry policy is RetryUpToMaximumCountWithFixedSleep(maxRetries=15, sleepTime=1000 MILLISECONDS)
2022-02-10 16:30:50,041 [grpc-default-executor-4] WARN  server.GrpcLogAppender (LogUtils.java:warn(122)) - a7a4031e-e512-44c4-8d8e-0806c768c5a8@group-C39131684D0F->fc70cd66-7abc-4864-8afd-7dbfaf00bb56-AppendLogResponseHandler: Failed appendEntries: org.apache.ratis.thirdparty.io.grpc.StatusRuntimeException: UNAVAILABLE: io exception
2022-02-10 16:30:50,042 [grpc-default-executor-4] WARN  server.GrpcLogAppender (GrpcLogAppender.java:resetClient(110)) - a7a4031e-e512-44c4-8d8e-0806c768c5a8@group-C39131684D0F->fc70cd66-7abc-4864-8afd-7dbfaf00bb56-GrpcLogAppender: Leader has not got in touch with Follower a7a4031e-e512-44c4-8d8e-0806c768c5a8@group-C39131684D0F->fc70cd66-7abc-4864-8afd-7dbfaf00bb56(c0,m0,n1, attendVote=true, lastRpcSendTime=2510, lastRpcResponseTime=5013) yet, just keep nextIndex unchanged and retry.
2022-02-10 16:30:50,857 [EndpointStateMachine task thread for /0.0.0.0:40191 - 0 ] INFO  ipc.Client (Client.java:handleConnectionFailure(977)) - Retrying connect to server: 0.0.0.0/0.0.0.0:40191. Already tried 9 time(s); retry policy is RetryUpToMaximumCountWithFixedSleep(maxRetries=15, sleepTime=1000 MILLISECONDS)
2022-02-10 16:30:50,858 [Datanode State Machine Daemon Thread] ERROR datanode.RunningDatanodeState (RunningDatanodeState.java:computeNextContainerState(199)) - Error in executing end point task.
java.util.concurrent.ExecutionException: java.util.concurrent.TimeoutException
	at java.util.concurrent.FutureTask.report(FutureTask.java:122)
	at java.util.concurrent.FutureTask.get(FutureTask.java:192)
	at org.apache.hadoop.ozone.container.common.states.datanode.RunningDatanodeState.computeNextContainerState(RunningDatanodeState.java:191)
	at org.apache.hadoop.ozone.container.common.states.datanode.RunningDatanodeState.await(RunningDatanodeState.java:231)
	at org.apache.hadoop.ozone.container.common.states.datanode.RunningDatanodeState.await(RunningDatanodeState.java:50)
	at org.apache.hadoop.ozone.container.common.statemachine.StateContext.execute(StateContext.java:633)
	at org.apache.hadoop.ozone.container.common.statemachine.DatanodeStateMachine.start(DatanodeStateMachine.java:283)
	at org.apache.hadoop.ozone.container.common.statemachine.DatanodeStateMachine.lambda$startDaemon$0(DatanodeStateMachine.java:471)
	at java.lang.Thread.run(Thread.java:748)
Caused by: java.util.concurrent.TimeoutException
	at java.util.concurrent.FutureTask.get(FutureTask.java:205)
	at org.apache.hadoop.ozone.container.common.states.datanode.RunningDatanodeState.lambda$execute$0(RunningDatanodeState.java:149)
	at java.util.concurrent.FutureTask.run(FutureTask.java:266)
	at java.util.concurrent.Executors$RunnableAdapter.call(Executors.java:511)
	at java.util.concurrent.FutureTask.run(FutureTask.java:266)
	at java.util.concurrent.ThreadPoolExecutor.runWorker(ThreadPoolExecutor.java:1149)
	at java.util.concurrent.ThreadPoolExecutor$Worker.run(ThreadPoolExecutor.java:624)
	... 1 more
2022-02-10 16:30:51,024 [Listener at 127.0.0.1/38003] INFO  statemachine.DatanodeStateMachine (DatanodeStateMachine.java:stopDaemon(529)) - Ozone container server stopped.
2022-02-10 16:30:51,025 [Listener at 127.0.0.1/38003] INFO  handler.ContextHandler (ContextHandler.java:doStop(1153)) - Stopped o.e.j.w.WebAppContext@73f12cf2{hddsDatanode,/,null,STOPPED}{jar:file:/home/runner/.m2/repository/org/apache/ozone/hdds-container-service/1.3.0-SNAPSHOT/hdds-container-service-1.3.0-SNAPSHOT.jar!/webapps/hddsDatanode}
2022-02-10 16:30:51,025 [Listener at 127.0.0.1/38003] INFO  server.AbstractConnector (AbstractConnector.java:doStop(381)) - Stopped ServerConnector@79417032{HTTP/1.1, (http/1.1)}{0.0.0.0:0}
2022-02-10 16:30:51,027 [Listener at 127.0.0.1/38003] INFO  server.session (HouseKeeper.java:stopScavenging(149)) - node0 Stopped scavenging
2022-02-10 16:30:51,027 [Listener at 127.0.0.1/38003] INFO  handler.ContextHandler (ContextHandler.java:doStop(1153)) - Stopped o.e.j.s.ServletContextHandler@4b4d985f{static,/static,jar:file:/home/runner/.m2/repository/org/apache/ozone/hdds-container-service/1.3.0-SNAPSHOT/hdds-container-service-1.3.0-SNAPSHOT.jar!/webapps/static,STOPPED}
2022-02-10 16:30:51,027 [Listener at 127.0.0.1/38003] INFO  handler.ContextHandler (ContextHandler.java:doStop(1153)) - Stopped o.e.j.s.ServletContextHandler@5de990b0{logs,/logs,file:///home/runner/work/ozone/ozone/hadoop-ozone/integration-test/target/log,STOPPED}
2022-02-10 16:30:51,031 [Listener at 127.0.0.1/38003] WARN  impl.MetricRegistriesImpl (MetricRegistriesImpl.java:addReporterRegistration(111)) - New reporters are added after registries were created. Some metrics will be missing from the reporter. Please add reporter before adding any new registry.
2022-02-10 16:30:51,031 [Listener at 127.0.0.1/38003] WARN  impl.MetricRegistriesImpl (MetricRegistriesImpl.java:addReporterRegistration(111)) - New reporters are added after registries were created. Some metrics will be missing from the reporter. Please add reporter before adding any new registry.
2022-02-10 16:30:51,032 [Listener at 127.0.0.1/38003] WARN  impl.MetricsConfig (MetricsConfig.java:loadFirst(136)) - Cannot locate configuration: tried hadoop-metrics2-hddsdatanode.properties,hadoop-metrics2.properties
2022-02-10 16:30:51,047 [Listener at 127.0.0.1/38003] INFO  impl.MetricsSystemImpl (MetricsSystemImpl.java:startTimer(378)) - Scheduled Metric snapshot period at 10 second(s).
2022-02-10 16:30:51,047 [Listener at 127.0.0.1/38003] INFO  impl.MetricsSystemImpl (MetricsSystemImpl.java:start(191)) - HddsDatanode metrics system started
2022-02-10 16:30:51,060 [Listener at 127.0.0.1/38003] INFO  impl.MetricsSinkAdapter (MetricsSinkAdapter.java:start(204)) - Sink prometheus started
2022-02-10 16:30:51,060 [Listener at 127.0.0.1/38003] INFO  impl.MetricsSystemImpl (MetricsSystemImpl.java:registerSink(305)) - Registered sink prometheus
2022-02-10 16:30:51,214 [Listener at 127.0.0.1/38003] INFO  ozone.HddsDatanodeService (HddsDatanodeService.java:start(234)) - HddsDatanodeService host:fv-az184-768.3ow45vhwbzuu5incsxmygykede.cx.internal.cloudapp.net ip:10.1.0.22
2022-02-10 16:30:51,297 [Listener at 127.0.0.1/38003] INFO  upgrade.AbstractLayoutVersionManager (AbstractLayoutVersionManager.java:init(79)) - Initializing Layout version manager with metadata layout = SCM_HA (version = 2), software layout = SCM_HA (version = 2)
2022-02-10 16:30:51,453 [Listener at 127.0.0.1/38003] INFO  reflections.Reflections (Reflections.java:scan(232)) - Reflections took 154 ms to scan 7 urls, producing 119 keys and 279 values 
2022-02-10 16:30:51,466 [Listener at 127.0.0.1/38003] INFO  statemachine.DatanodeStateMachine (DatanodeStateMachine.java:getEndPointTaskThreadPoolSize(222)) - Datanode State Machine Task Thread Pool size 2
2022-02-10 16:30:51,480 [Listener at 127.0.0.1/38003] INFO  volume.HddsVolume (HddsVolume.java:<init>(120)) - Creating HddsVolume: /home/runner/work/ozone/ozone/hadoop-ozone/integration-test/target/test-dir/MiniOzoneClusterImpl-193d67db-d922-404e-9a90-1d0db3b45fdc/datanode-0/data-0/containers/hdds of storage type : DISK capacity : 9223372036854775807
2022-02-10 16:30:51,480 [Listener at 127.0.0.1/38003] INFO  volume.MutableVolumeSet (MutableVolumeSet.java:initializeVolumeSet(168)) - Added Volume : /home/runner/work/ozone/ozone/hadoop-ozone/integration-test/target/test-dir/MiniOzoneClusterImpl-193d67db-d922-404e-9a90-1d0db3b45fdc/datanode-0/data-0/containers/hdds to VolumeSet
2022-02-10 16:30:51,480 [Listener at 127.0.0.1/38003] INFO  volume.ThrottledAsyncChecker (ThrottledAsyncChecker.java:schedule(141)) - Scheduling a check for /home/runner/work/ozone/ozone/hadoop-ozone/integration-test/target/test-dir/MiniOzoneClusterImpl-193d67db-d922-404e-9a90-1d0db3b45fdc/datanode-0/data-0/containers/hdds
2022-02-10 16:30:51,494 [Listener at 127.0.0.1/38003] INFO  volume.StorageVolumeChecker (StorageVolumeChecker.java:checkAllVolumes(202)) - Scheduled health check for volume /home/runner/work/ozone/ozone/hadoop-ozone/integration-test/target/test-dir/MiniOzoneClusterImpl-193d67db-d922-404e-9a90-1d0db3b45fdc/datanode-0/data-0/containers/hdds
2022-02-10 16:30:51,543 [Listener at 127.0.0.1/38003] INFO  volume.MutableVolumeSet (MutableVolumeSet.java:initializeVolumeSet(168)) - Added Volume : /home/runner/work/ozone/ozone/hadoop-ozone/integration-test/target/test-dir/MiniOzoneClusterImpl-193d67db-d922-404e-9a90-1d0db3b45fdc/datanode-0/data/ratis to VolumeSet
2022-02-10 16:30:51,543 [Listener at 127.0.0.1/38003] INFO  volume.ThrottledAsyncChecker (ThrottledAsyncChecker.java:schedule(141)) - Scheduling a check for /home/runner/work/ozone/ozone/hadoop-ozone/integration-test/target/test-dir/MiniOzoneClusterImpl-193d67db-d922-404e-9a90-1d0db3b45fdc/datanode-0/data/ratis
2022-02-10 16:30:51,547 [Listener at 127.0.0.1/38003] INFO  volume.StorageVolumeChecker (StorageVolumeChecker.java:checkAllVolumes(202)) - Scheduled health check for volume /home/runner/work/ozone/ozone/hadoop-ozone/integration-test/target/test-dir/MiniOzoneClusterImpl-193d67db-d922-404e-9a90-1d0db3b45fdc/datanode-0/data/ratis
2022-02-10 16:30:51,595 [Thread-744] INFO  ozoneimpl.ContainerReader (ContainerReader.java:readVolume(142)) - Start to verify containers on volume /home/runner/work/ozone/ozone/hadoop-ozone/integration-test/target/test-dir/MiniOzoneClusterImpl-193d67db-d922-404e-9a90-1d0db3b45fdc/datanode-0/data-0/containers/hdds
2022-02-10 16:30:51,595 [Thread-744] INFO  ozoneimpl.ContainerReader (ContainerReader.java:readVolume(172)) - Finish verifying containers on volume /home/runner/work/ozone/ozone/hadoop-ozone/integration-test/target/test-dir/MiniOzoneClusterImpl-193d67db-d922-404e-9a90-1d0db3b45fdc/datanode-0/data-0/containers/hdds
2022-02-10 16:30:51,595 [Listener at 127.0.0.1/38003] INFO  ozoneimpl.OzoneContainer (OzoneContainer.java:buildContainerSet(237)) - Build ContainerSet costs 0s
2022-02-10 16:30:51,601 [Listener at 127.0.0.1/38003] INFO  server.RaftServer (ConfUtils.java:logGet(44)) - raft.rpc.type = GRPC (default)
2022-02-10 16:30:51,601 [Listener at 127.0.0.1/38003] INFO  grpc.GrpcFactory (GrpcFactory.java:checkPooledByteBufAllocatorUseCacheForAllThreads(48)) - PERFORMANCE WARNING: useCacheForAllThreads is true that may cause Netty to create a lot garbage objects and, as a result, trigger GC.
	It is recommended to disable useCacheForAllThreads by setting -Dorg.apache.ratis.thirdparty.io.netty.allocator.useCacheForAllThreads=false in command line.
2022-02-10 16:30:51,601 [Listener at 127.0.0.1/38003] INFO  grpc.GrpcConfigKeys (ConfUtils.java:logGet(44)) - raft.grpc.admin.port = 46709 (custom)
2022-02-10 16:30:51,601 [Listener at 127.0.0.1/38003] INFO  grpc.GrpcConfigKeys (ConfUtils.java:logGet(44)) - raft.grpc.client.port = 46709 (custom)
2022-02-10 16:30:51,601 [Listener at 127.0.0.1/38003] INFO  grpc.GrpcConfigKeys (ConfUtils.java:logGet(44)) - raft.grpc.server.port = 46709 (custom)
2022-02-10 16:30:51,601 [Listener at 127.0.0.1/38003] INFO  server.GrpcService (ConfUtils.java:logGet(44)) - raft.grpc.message.size.max = 32MB (=33554432) (custom)
2022-02-10 16:30:51,601 [Listener at 127.0.0.1/38003] INFO  server.RaftServerConfigKeys (ConfUtils.java:logGet(44)) - raft.server.log.appender.buffer.byte-limit = 33554432 (custom)
2022-02-10 16:30:51,601 [Listener at 127.0.0.1/38003] INFO  server.GrpcService (ConfUtils.java:logGet(44)) - raft.grpc.flow.control.window = 5MB (=5242880) (custom)
2022-02-10 16:30:51,601 [Listener at 127.0.0.1/38003] INFO  server.RaftServerConfigKeys (ConfUtils.java:logGet(44)) - raft.server.rpc.request.timeout = 60s (custom)
2022-02-10 16:30:51,605 [Listener at 127.0.0.1/38003] INFO  impl.DataStreamServerImpl (ConfUtils.java:logGet(44)) - raft.datastream.type = DISABLED (default)
2022-02-10 16:30:51,623 [Listener at 127.0.0.1/38003] INFO  server.RaftServerConfigKeys (ConfUtils.java:logGet(44)) - raft.server.rpc.slowness.timeout = 300s (custom)
2022-02-10 16:30:51,623 [Listener at 127.0.0.1/38003] INFO  server.RaftServerConfigKeys (ConfUtils.java:logGet(44)) - raft.server.leaderelection.leader.step-down.wait-time = 10s (default)
2022-02-10 16:30:51,627 [Listener at 127.0.0.1/38003] INFO  server.RaftServerConfigKeys (ConfUtils.java:logGet(44)) - raft.server.storage.dir = [/home/runner/work/ozone/ozone/hadoop-ozone/integration-test/target/test-dir/MiniOzoneClusterImpl-193d67db-d922-404e-9a90-1d0db3b45fdc/datanode-0/data/ratis] (custom)
2022-02-10 16:30:51,627 [Listener at 127.0.0.1/38003] INFO  server.RaftServer (RaftServerProxy.java:lambda$null$1(235)) - fc70cd66-7abc-4864-8afd-7dbfaf00bb56: found a subdirectory /home/runner/work/ozone/ozone/hadoop-ozone/integration-test/target/test-dir/MiniOzoneClusterImpl-193d67db-d922-404e-9a90-1d0db3b45fdc/datanode-0/data/ratis/24c4c601-8e38-4742-afeb-c39131684d0f
2022-02-10 16:30:51,632 [Listener at 127.0.0.1/38003] INFO  server.RaftServer (RaftServerProxy.java:addNew(95)) - fc70cd66-7abc-4864-8afd-7dbfaf00bb56: addNew group-C39131684D0F:[] returns group-C39131684D0F:java.util.concurrent.CompletableFuture@1d51d4c[Not completed]
2022-02-10 16:30:51,632 [Listener at 127.0.0.1/38003] INFO  server.RaftServer (RaftServerProxy.java:lambda$null$1(235)) - fc70cd66-7abc-4864-8afd-7dbfaf00bb56: found a subdirectory /home/runner/work/ozone/ozone/hadoop-ozone/integration-test/target/test-dir/MiniOzoneClusterImpl-193d67db-d922-404e-9a90-1d0db3b45fdc/datanode-0/data/ratis/9e623b44-9776-49b4-ad47-b1f8669b9121
2022-02-10 16:30:51,632 [Listener at 127.0.0.1/38003] INFO  server.RaftServer (RaftServerProxy.java:addNew(95)) - fc70cd66-7abc-4864-8afd-7dbfaf00bb56: addNew group-B1F8669B9121:[] returns group-B1F8669B9121:java.util.concurrent.CompletableFuture@531e88df[Not completed]
2022-02-10 16:30:51,634 [Listener at 127.0.0.1/38003] INFO  server.XceiverServerGrpc (XceiverServerGrpc.java:<init>(132)) - GrpcServer channel type EpollServerSocketChannel
2022-02-10 16:30:51,636 [pool-310-thread-1] INFO  server.RaftServer$Division (RaftServerImpl.java:<init>(184)) - fc70cd66-7abc-4864-8afd-7dbfaf00bb56: new RaftServerImpl for group-C39131684D0F:[] with ContainerStateMachine:uninitialized
2022-02-10 16:30:51,659 [pool-310-thread-1] INFO  server.RaftServerConfigKeys (ConfUtils.java:logGet(44)) - raft.server.rpc.timeout.min = 5s (custom)
2022-02-10 16:30:51,659 [pool-310-thread-1] INFO  server.RaftServerConfigKeys (ConfUtils.java:logGet(44)) - raft.server.rpc.timeout.max = 5200ms (custom)
2022-02-10 16:30:51,659 [pool-310-thread-1] INFO  server.RaftServerConfigKeys (ConfUtils.java:logGet(44)) - raft.server.rpc.sleep.time = 25ms (default)
2022-02-10 16:30:51,659 [pool-310-thread-1] INFO  server.RaftServerConfigKeys (ConfUtils.java:logGet(44)) - raft.server.rpc.slowness.timeout = 300s (custom)
2022-02-10 16:30:51,659 [pool-310-thread-1] INFO  server.RaftServerConfigKeys (ConfUtils.java:logGet(44)) - raft.server.leaderelection.leader.step-down.wait-time = 10s (default)
2022-02-10 16:30:51,659 [pool-310-thread-1] INFO  server.RaftServerConfigKeys (ConfUtils.java:logGet(44)) - raft.server.sleep.deviation.threshold = 300ms (default)
2022-02-10 16:30:51,659 [pool-310-thread-1] INFO  server.RaftServerConfigKeys (ConfUtils.java:logGet(44)) - raft.server.log.appender.install.snapshot.enabled = false (custom)
2022-02-10 16:30:51,659 [pool-310-thread-1] INFO  server.RaftServer$Division (ServerState.java:<init>(105)) - fc70cd66-7abc-4864-8afd-7dbfaf00bb56@group-C39131684D0F: ConfigurationManager, init=-1: [], old=null, confs=<EMPTY_MAP>
2022-02-10 16:30:51,659 [pool-310-thread-1] INFO  server.RaftServerConfigKeys (ConfUtils.java:logGet(44)) - raft.server.storage.dir = [/home/runner/work/ozone/ozone/hadoop-ozone/integration-test/target/test-dir/MiniOzoneClusterImpl-193d67db-d922-404e-9a90-1d0db3b45fdc/datanode-0/data/ratis] (custom)
2022-02-10 16:30:51,660 [pool-310-thread-1] INFO  server.RaftServerConfigKeys (ConfUtils.java:logGet(44)) - raft.server.log.corruption.policy = EXCEPTION (default)
2022-02-10 16:30:51,660 [pool-310-thread-1] INFO  server.RaftServerConfigKeys (ConfUtils.java:logGet(44)) - raft.server.storage.free-space.min = 0MB (=0) (default)
2022-02-10 16:30:51,666 [pool-310-thread-1] INFO  storage.RaftStorageDirectory (RaftStorageDirectoryImpl.java:tryLock(230)) - Lock on /home/runner/work/ozone/ozone/hadoop-ozone/integration-test/target/test-dir/MiniOzoneClusterImpl-193d67db-d922-404e-9a90-1d0db3b45fdc/datanode-0/data/ratis/24c4c601-8e38-4742-afeb-c39131684d0f/in_use.lock acquired by nodename 23668@fv-az184-768
2022-02-10 16:30:51,666 [pool-310-thread-1] INFO  storage.RaftStorage (RaftStorageImpl.java:analyzeAndRecoverStorage(110)) - Read RaftStorageMetadata{term=12, votedFor=a7a4031e-e512-44c4-8d8e-0806c768c5a8} from /home/runner/work/ozone/ozone/hadoop-ozone/integration-test/target/test-dir/MiniOzoneClusterImpl-193d67db-d922-404e-9a90-1d0db3b45fdc/datanode-0/data/ratis/24c4c601-8e38-4742-afeb-c39131684d0f/current/raft-meta
2022-02-10 16:30:51,671 [pool-310-thread-1] INFO  ratis.ContainerStateMachine (ContainerStateMachine.java:loadSnapshot(240)) - group-C39131684D0F: Setting the last applied index to (t:12, i:0)
2022-02-10 16:30:51,672 [pool-310-thread-1] INFO  server.RaftServer$Division (ServerState.java:setRaftConf(387)) - fc70cd66-7abc-4864-8afd-7dbfaf00bb56@group-C39131684D0F: set configuration 0: [a7a4031e-e512-44c4-8d8e-0806c768c5a8|rpc:10.1.0.22:36777|dataStream:|priority:1, fc70cd66-7abc-4864-8afd-7dbfaf00bb56|rpc:10.1.0.22:46709|dataStream:|priority:0, 4d6136e5-74cd-4f55-94f0-c0ea6e146a4a|rpc:10.1.0.22:37065|dataStream:|priority:0], old=null
2022-02-10 16:30:51,672 [pool-310-thread-1] INFO  server.RaftServerConfigKeys (ConfUtils.java:logGet(44)) - raft.server.notification.no-leader.timeout = 300s (custom)
2022-02-10 16:30:51,672 [pool-310-thread-1] INFO  server.RaftServerConfigKeys (ConfUtils.java:logGet(44)) - raft.server.log.use.memory = false (default)
2022-02-10 16:30:51,672 [pool-310-thread-1] INFO  server.RaftServerConfigKeys (ConfUtils.java:logGet(44)) - raft.server.log.purge.gap = 1000000 (custom)
2022-02-10 16:30:51,672 [pool-310-thread-1] INFO  server.RaftServerConfigKeys (ConfUtils.java:logGet(44)) - raft.server.log.appender.buffer.byte-limit = 33554432 (custom)
2022-02-10 16:30:51,673 [pool-310-thread-1] INFO  server.RaftServerConfigKeys (ConfUtils.java:logGet(44)) - raft.server.log.segment.size.max = 1048576 (custom)
2022-02-10 16:30:51,673 [pool-310-thread-1] INFO  server.RaftServerConfigKeys (ConfUtils.java:logGet(44)) - raft.server.log.segment.cache.num.max = 2 (custom)
2022-02-10 16:30:51,673 [pool-310-thread-1] INFO  server.RaftServerConfigKeys (ConfUtils.java:logGet(44)) - raft.server.log.segment.cache.size.max = 200MB (=209715200) (default)
2022-02-10 16:30:51,673 [pool-310-thread-1] INFO  segmented.SegmentedRaftLogWorker (SegmentedRaftLogWorker.java:<init>(182)) - new fc70cd66-7abc-4864-8afd-7dbfaf00bb56@group-C39131684D0F-SegmentedRaftLogWorker for RaftStorageImpl:Storage Directory /home/runner/work/ozone/ozone/hadoop-ozone/integration-test/target/test-dir/MiniOzoneClusterImpl-193d67db-d922-404e-9a90-1d0db3b45fdc/datanode-0/data/ratis/24c4c601-8e38-4742-afeb-c39131684d0f
2022-02-10 16:30:51,673 [pool-310-thread-1] INFO  server.RaftServerConfigKeys (ConfUtils.java:logGet(44)) - raft.server.log.queue.byte-limit = 2147483647 (custom)
2022-02-10 16:30:51,673 [pool-310-thread-1] INFO  server.RaftServerConfigKeys (ConfUtils.java:logGet(44)) - raft.server.log.queue.element-limit = 1024 (custom)
2022-02-10 16:30:51,673 [pool-310-thread-1] INFO  server.RaftServerConfigKeys (ConfUtils.java:logGet(44)) - raft.server.log.segment.size.max = 1048576 (custom)
2022-02-10 16:30:51,673 [pool-310-thread-1] INFO  server.RaftServerConfigKeys (ConfUtils.java:logGet(44)) - raft.server.log.preallocated.size = 16384 (custom)
2022-02-10 16:30:51,673 [pool-310-thread-1] INFO  server.RaftServerConfigKeys (ConfUtils.java:logGet(44)) - raft.server.log.force.sync.num = 128 (default)
2022-02-10 16:30:51,674 [pool-310-thread-1] INFO  server.RaftServerConfigKeys (ConfUtils.java:logGet(44)) - raft.server.log.statemachine.data.sync = true (default)
2022-02-10 16:30:51,674 [pool-310-thread-1] INFO  server.RaftServerConfigKeys (ConfUtils.java:logGet(44)) - raft.server.log.statemachine.data.sync.timeout = 10s (default)
2022-02-10 16:30:51,674 [pool-310-thread-1] INFO  server.RaftServerConfigKeys (ConfUtils.java:logGet(44)) - raft.server.log.statemachine.data.sync.timeout.retry = -1 (default)
2022-02-10 16:30:51,675 [Listener at 127.0.0.1/38003] INFO  http.BaseHttpServer (BaseHttpServer.java:newHttpServer2BuilderForOzone(209)) - Starting Web-server for hddsDatanode at: http://0.0.0.0:41413
2022-02-10 16:30:51,675 [Listener at 127.0.0.1/38003] INFO  http.BaseHttpServer (BaseHttpServer.java:<init>(107)) - Hadoop Security Enabled: false Ozone Security Enabled: false Ozone HTTP Security Enabled: false 
2022-02-10 16:30:51,677 [Listener at 127.0.0.1/38003] INFO  server.AuthenticationFilter (AuthenticationFilter.java:constructSecretProvider(240)) - Unable to initialize FileSignerSecretProvider, falling back to use random secrets.
2022-02-10 16:30:51,680 [pool-310-thread-1] INFO  server.RaftServerConfigKeys (ConfUtils.java:logGet(44)) - raft.server.log.write.buffer.size = 1048576 (custom)
2022-02-10 16:30:51,681 [pool-310-thread-1] INFO  server.RaftServerConfigKeys (ConfUtils.java:logGet(44)) - raft.server.log.statemachine.data.caching.enabled = true (custom)
2022-02-10 16:30:51,682 [pool-310-thread-1] INFO  server.RaftServer$Division (ServerState.java:setRaftConf(387)) - fc70cd66-7abc-4864-8afd-7dbfaf00bb56@group-C39131684D0F: set configuration 0: [a7a4031e-e512-44c4-8d8e-0806c768c5a8|rpc:10.1.0.22:36777|dataStream:|priority:1, fc70cd66-7abc-4864-8afd-7dbfaf00bb56|rpc:10.1.0.22:46709|dataStream:|priority:0, 4d6136e5-74cd-4f55-94f0-c0ea6e146a4a|rpc:10.1.0.22:37065|dataStream:|priority:0], old=null
2022-02-10 16:30:51,684 [Listener at 127.0.0.1/38003] WARN  http.HttpRequestLog (HttpRequestLog.java:getRequestLog(103)) - Jetty request log can only be enabled using Log4j
2022-02-10 16:30:51,695 [Listener at 127.0.0.1/38003] INFO  http.HttpServer2 (HttpServer2.java:addGlobalFilter(1030)) - Added global filter 'safety' (class=org.apache.hadoop.hdds.server.http.HttpServer2$QuotingInputFilter)
2022-02-10 16:30:51,696 [Listener at 127.0.0.1/38003] INFO  http.HttpServer2 (HttpServer2.java:addFilter(1006)) - Added filter static_user_filter (class=org.apache.hadoop.http.lib.StaticUserWebFilter$StaticUserFilter) to context hddsDatanode
2022-02-10 16:30:51,696 [Listener at 127.0.0.1/38003] INFO  http.HttpServer2 (HttpServer2.java:addFilter(1014)) - Added filter static_user_filter (class=org.apache.hadoop.http.lib.StaticUserWebFilter$StaticUserFilter) to context logs
2022-02-10 16:30:51,696 [Listener at 127.0.0.1/38003] INFO  http.HttpServer2 (HttpServer2.java:addFilter(1014)) - Added filter static_user_filter (class=org.apache.hadoop.http.lib.StaticUserWebFilter$StaticUserFilter) to context static
2022-02-10 16:30:51,697 [Listener at 127.0.0.1/38003] INFO  http.HttpServer2 (HttpServer2.java:bindListener(1249)) - Jetty bound to port 41413
2022-02-10 16:30:51,697 [Listener at 127.0.0.1/38003] INFO  server.Server (Server.java:doStart(375)) - jetty-9.4.43.v20210629; built: 2021-06-30T11:07:22.254Z; git: 526006ecfa3af7f1a27ef3a288e2bef7ea9dd7e8; jvm 1.8.0_312-b07
2022-02-10 16:30:51,697 [pool-310-thread-1] INFO  segmented.LogSegment (LogSegment.java:loadSegment(173)) - Successfully read 1 entries from segment file /home/runner/work/ozone/ozone/hadoop-ozone/integration-test/target/test-dir/MiniOzoneClusterImpl-193d67db-d922-404e-9a90-1d0db3b45fdc/datanode-0/data/ratis/24c4c601-8e38-4742-afeb-c39131684d0f/current/log_inprogress_0
2022-02-10 16:30:51,698 [pool-310-thread-1] INFO  segmented.SegmentedRaftLogWorker (SegmentedRaftLogWorker.java:lambda$new$0(133)) - fc70cd66-7abc-4864-8afd-7dbfaf00bb56@group-C39131684D0F-SegmentedRaftLogWorker: flushIndex: setUnconditionally 0 -> 0
2022-02-10 16:30:51,698 [pool-310-thread-1] INFO  segmented.SegmentedRaftLogWorker (SegmentedRaftLogWorker.java:lambda$new$0(133)) - fc70cd66-7abc-4864-8afd-7dbfaf00bb56@group-C39131684D0F-SegmentedRaftLogWorker: safeCacheEvictIndex: setUnconditionally 0 -> -1
2022-02-10 16:30:51,748 [Listener at 127.0.0.1/38003] INFO  server.session (DefaultSessionIdManager.java:doStart(334)) - DefaultSessionIdManager workerName=node0
2022-02-10 16:30:51,748 [Listener at 127.0.0.1/38003] INFO  server.session (DefaultSessionIdManager.java:doStart(339)) - No SessionScavenger set, using defaults
2022-02-10 16:30:51,748 [Listener at 127.0.0.1/38003] INFO  server.session (HouseKeeper.java:startScavenging(132)) - node0 Scavenging every 660000ms
2022-02-10 16:30:51,749 [Listener at 127.0.0.1/38003] INFO  handler.ContextHandler (ContextHandler.java:doStart(915)) - Started o.e.j.s.ServletContextHandler@7fd0c7e0{logs,/logs,file:///home/runner/work/ozone/ozone/hadoop-ozone/integration-test/target/log,AVAILABLE}
2022-02-10 16:30:51,750 [Listener at 127.0.0.1/38003] INFO  handler.ContextHandler (ContextHandler.java:doStart(915)) - Started o.e.j.s.ServletContextHandler@46848cd{static,/static,jar:file:/home/runner/.m2/repository/org/apache/ozone/hdds-container-service/1.3.0-SNAPSHOT/hdds-container-service-1.3.0-SNAPSHOT.jar!/webapps/static,AVAILABLE}
2022-02-10 16:30:51,773 [pool-310-thread-1] INFO  server.RaftServerConfigKeys (ConfUtils.java:logGet(44)) - raft.server.snapshot.auto.trigger.enabled = true (custom)
2022-02-10 16:30:51,773 [pool-310-thread-1] INFO  server.RaftServerConfigKeys (ConfUtils.java:logGet(44)) - raft.server.snapshot.auto.trigger.threshold = 10000 (custom)
2022-02-10 16:30:51,773 [pool-310-thread-1] INFO  server.RaftServerConfigKeys (ConfUtils.java:logGet(44)) - raft.server.snapshot.retention.file.num = 5 (custom)
2022-02-10 16:30:51,773 [pool-310-thread-1] INFO  server.RaftServerConfigKeys (ConfUtils.java:logGet(44)) - raft.server.log.purge.upto.snapshot.index = false (default)
2022-02-10 16:30:51,773 [pool-310-thread-1] INFO  server.RaftServerConfigKeys (ConfUtils.java:logGet(44)) - raft.server.retrycache.expirytime = 600000ms (custom)
2022-02-10 16:30:51,773 [pool-310-thread-1] INFO  server.RaftServerConfigKeys (ConfUtils.java:logGet(44)) - raft.server.retrycache.statistics.expirytime = 100μs (default)
2022-02-10 16:30:51,775 [pool-310-thread-1] INFO  server.RaftServer$Division (RaftServerImpl.java:<init>(184)) - fc70cd66-7abc-4864-8afd-7dbfaf00bb56: new RaftServerImpl for group-B1F8669B9121:[] with ContainerStateMachine:uninitialized
2022-02-10 16:30:51,776 [pool-310-thread-1] INFO  server.RaftServerConfigKeys (ConfUtils.java:logGet(44)) - raft.server.rpc.timeout.min = 5s (custom)
2022-02-10 16:30:51,776 [pool-310-thread-1] INFO  server.RaftServerConfigKeys (ConfUtils.java:logGet(44)) - raft.server.rpc.timeout.max = 5200ms (custom)
2022-02-10 16:30:51,776 [pool-310-thread-1] INFO  server.RaftServerConfigKeys (ConfUtils.java:logGet(44)) - raft.server.rpc.sleep.time = 25ms (default)
2022-02-10 16:30:51,776 [pool-310-thread-1] INFO  server.RaftServerConfigKeys (ConfUtils.java:logGet(44)) - raft.server.rpc.slowness.timeout = 300s (custom)
2022-02-10 16:30:51,776 [pool-310-thread-1] INFO  server.RaftServerConfigKeys (ConfUtils.java:logGet(44)) - raft.server.leaderelection.leader.step-down.wait-time = 10s (default)
2022-02-10 16:30:51,776 [pool-310-thread-1] INFO  server.RaftServerConfigKeys (ConfUtils.java:logGet(44)) - raft.server.sleep.deviation.threshold = 300ms (default)
2022-02-10 16:30:51,776 [pool-310-thread-1] INFO  server.RaftServerConfigKeys (ConfUtils.java:logGet(44)) - raft.server.log.appender.install.snapshot.enabled = false (custom)
2022-02-10 16:30:51,776 [pool-310-thread-1] INFO  server.RaftServer$Division (ServerState.java:<init>(105)) - fc70cd66-7abc-4864-8afd-7dbfaf00bb56@group-B1F8669B9121: ConfigurationManager, init=-1: [], old=null, confs=<EMPTY_MAP>
2022-02-10 16:30:51,776 [pool-310-thread-1] INFO  server.RaftServerConfigKeys (ConfUtils.java:logGet(44)) - raft.server.storage.dir = [/home/runner/work/ozone/ozone/hadoop-ozone/integration-test/target/test-dir/MiniOzoneClusterImpl-193d67db-d922-404e-9a90-1d0db3b45fdc/datanode-0/data/ratis] (custom)
2022-02-10 16:30:51,776 [pool-310-thread-1] INFO  server.RaftServerConfigKeys (ConfUtils.java:logGet(44)) - raft.server.log.corruption.policy = EXCEPTION (default)
2022-02-10 16:30:51,776 [pool-310-thread-1] INFO  server.RaftServerConfigKeys (ConfUtils.java:logGet(44)) - raft.server.storage.free-space.min = 0MB (=0) (default)
2022-02-10 16:30:51,777 [pool-310-thread-1] INFO  storage.RaftStorageDirectory (RaftStorageDirectoryImpl.java:tryLock(230)) - Lock on /home/runner/work/ozone/ozone/hadoop-ozone/integration-test/target/test-dir/MiniOzoneClusterImpl-193d67db-d922-404e-9a90-1d0db3b45fdc/datanode-0/data/ratis/9e623b44-9776-49b4-ad47-b1f8669b9121/in_use.lock acquired by nodename 23668@fv-az184-768
2022-02-10 16:30:51,778 [pool-310-thread-1] INFO  storage.RaftStorage (RaftStorageImpl.java:analyzeAndRecoverStorage(110)) - Read RaftStorageMetadata{term=1, votedFor=fc70cd66-7abc-4864-8afd-7dbfaf00bb56} from /home/runner/work/ozone/ozone/hadoop-ozone/integration-test/target/test-dir/MiniOzoneClusterImpl-193d67db-d922-404e-9a90-1d0db3b45fdc/datanode-0/data/ratis/9e623b44-9776-49b4-ad47-b1f8669b9121/current/raft-meta
2022-02-10 16:30:51,778 [pool-310-thread-1] INFO  ratis.ContainerStateMachine (ContainerStateMachine.java:loadSnapshot(240)) - group-B1F8669B9121: Setting the last applied index to (t:1, i:0)
2022-02-10 16:30:51,778 [pool-310-thread-1] INFO  server.RaftServer$Division (ServerState.java:setRaftConf(387)) - fc70cd66-7abc-4864-8afd-7dbfaf00bb56@group-B1F8669B9121: set configuration 0: [fc70cd66-7abc-4864-8afd-7dbfaf00bb56|rpc:10.1.0.22:46709|dataStream:|priority:1], old=null
2022-02-10 16:30:51,779 [pool-310-thread-1] INFO  server.RaftServerConfigKeys (ConfUtils.java:logGet(44)) - raft.server.notification.no-leader.timeout = 300s (custom)
2022-02-10 16:30:51,779 [pool-310-thread-1] INFO  server.RaftServerConfigKeys (ConfUtils.java:logGet(44)) - raft.server.log.use.memory = false (default)
2022-02-10 16:30:51,779 [pool-310-thread-1] INFO  server.RaftServerConfigKeys (ConfUtils.java:logGet(44)) - raft.server.log.purge.gap = 1000000 (custom)
2022-02-10 16:30:51,779 [pool-310-thread-1] INFO  server.RaftServerConfigKeys (ConfUtils.java:logGet(44)) - raft.server.log.appender.buffer.byte-limit = 33554432 (custom)
2022-02-10 16:30:51,779 [pool-310-thread-1] INFO  server.RaftServerConfigKeys (ConfUtils.java:logGet(44)) - raft.server.log.segment.size.max = 1048576 (custom)
2022-02-10 16:30:51,780 [pool-310-thread-1] INFO  server.RaftServerConfigKeys (ConfUtils.java:logGet(44)) - raft.server.log.segment.cache.num.max = 2 (custom)
2022-02-10 16:30:51,780 [pool-310-thread-1] INFO  server.RaftServerConfigKeys (ConfUtils.java:logGet(44)) - raft.server.log.segment.cache.size.max = 200MB (=209715200) (default)
2022-02-10 16:30:51,780 [pool-310-thread-1] INFO  segmented.SegmentedRaftLogWorker (SegmentedRaftLogWorker.java:<init>(182)) - new fc70cd66-7abc-4864-8afd-7dbfaf00bb56@group-B1F8669B9121-SegmentedRaftLogWorker for RaftStorageImpl:Storage Directory /home/runner/work/ozone/ozone/hadoop-ozone/integration-test/target/test-dir/MiniOzoneClusterImpl-193d67db-d922-404e-9a90-1d0db3b45fdc/datanode-0/data/ratis/9e623b44-9776-49b4-ad47-b1f8669b9121
2022-02-10 16:30:51,780 [pool-310-thread-1] INFO  server.RaftServerConfigKeys (ConfUtils.java:logGet(44)) - raft.server.log.queue.byte-limit = 2147483647 (custom)
2022-02-10 16:30:51,780 [pool-310-thread-1] INFO  server.RaftServerConfigKeys (ConfUtils.java:logGet(44)) - raft.server.log.queue.element-limit = 1024 (custom)
2022-02-10 16:30:51,780 [pool-310-thread-1] INFO  server.RaftServerConfigKeys (ConfUtils.java:logGet(44)) - raft.server.log.segment.size.max = 1048576 (custom)
2022-02-10 16:30:51,780 [pool-310-thread-1] INFO  server.RaftServerConfigKeys (ConfUtils.java:logGet(44)) - raft.server.log.preallocated.size = 16384 (custom)
2022-02-10 16:30:51,780 [pool-310-thread-1] INFO  server.RaftServerConfigKeys (ConfUtils.java:logGet(44)) - raft.server.log.force.sync.num = 128 (default)
2022-02-10 16:30:51,780 [pool-310-thread-1] INFO  server.RaftServerConfigKeys (ConfUtils.java:logGet(44)) - raft.server.log.statemachine.data.sync = true (default)
2022-02-10 16:30:51,780 [pool-310-thread-1] INFO  server.RaftServerConfigKeys (ConfUtils.java:logGet(44)) - raft.server.log.statemachine.data.sync.timeout = 10s (default)
2022-02-10 16:30:51,780 [pool-310-thread-1] INFO  server.RaftServerConfigKeys (ConfUtils.java:logGet(44)) - raft.server.log.statemachine.data.sync.timeout.retry = -1 (default)
2022-02-10 16:30:51,781 [pool-310-thread-1] INFO  server.RaftServerConfigKeys (ConfUtils.java:logGet(44)) - raft.server.log.write.buffer.size = 1048576 (custom)
2022-02-10 16:30:51,787 [pool-310-thread-1] INFO  server.RaftServerConfigKeys (ConfUtils.java:logGet(44)) - raft.server.log.statemachine.data.caching.enabled = true (custom)
2022-02-10 16:30:51,795 [pool-310-thread-1] INFO  server.RaftServer$Division (ServerState.java:setRaftConf(387)) - fc70cd66-7abc-4864-8afd-7dbfaf00bb56@group-B1F8669B9121: set configuration 0: [fc70cd66-7abc-4864-8afd-7dbfaf00bb56|rpc:10.1.0.22:46709|dataStream:|priority:1], old=null
2022-02-10 16:30:51,796 [pool-310-thread-1] INFO  segmented.LogSegment (LogSegment.java:loadSegment(173)) - Successfully read 1 entries from segment file /home/runner/work/ozone/ozone/hadoop-ozone/integration-test/target/test-dir/MiniOzoneClusterImpl-193d67db-d922-404e-9a90-1d0db3b45fdc/datanode-0/data/ratis/9e623b44-9776-49b4-ad47-b1f8669b9121/current/log_inprogress_0
2022-02-10 16:30:51,796 [pool-310-thread-1] INFO  segmented.SegmentedRaftLogWorker (SegmentedRaftLogWorker.java:lambda$new$0(133)) - fc70cd66-7abc-4864-8afd-7dbfaf00bb56@group-B1F8669B9121-SegmentedRaftLogWorker: flushIndex: setUnconditionally 0 -> 0
2022-02-10 16:30:51,796 [pool-310-thread-1] INFO  segmented.SegmentedRaftLogWorker (SegmentedRaftLogWorker.java:lambda$new$0(133)) - fc70cd66-7abc-4864-8afd-7dbfaf00bb56@group-B1F8669B9121-SegmentedRaftLogWorker: safeCacheEvictIndex: setUnconditionally 0 -> -1
2022-02-10 16:30:51,796 [pool-310-thread-1] INFO  server.RaftServerConfigKeys (ConfUtils.java:logGet(44)) - raft.server.snapshot.auto.trigger.enabled = true (custom)
2022-02-10 16:30:51,796 [pool-310-thread-1] INFO  server.RaftServerConfigKeys (ConfUtils.java:logGet(44)) - raft.server.snapshot.auto.trigger.threshold = 10000 (custom)
2022-02-10 16:30:51,796 [pool-310-thread-1] INFO  server.RaftServerConfigKeys (ConfUtils.java:logGet(44)) - raft.server.snapshot.retention.file.num = 5 (custom)
2022-02-10 16:30:51,799 [pool-310-thread-1] INFO  server.RaftServerConfigKeys (ConfUtils.java:logGet(44)) - raft.server.log.purge.upto.snapshot.index = false (default)
2022-02-10 16:30:51,799 [pool-310-thread-1] INFO  server.RaftServerConfigKeys (ConfUtils.java:logGet(44)) - raft.server.retrycache.expirytime = 600000ms (custom)
2022-02-10 16:30:51,802 [pool-310-thread-1] INFO  server.RaftServerConfigKeys (ConfUtils.java:logGet(44)) - raft.server.retrycache.statistics.expirytime = 100μs (default)
2022-02-10 16:30:51,867 [EndpointStateMachine task thread for /0.0.0.0:40191 - 0 ] INFO  ipc.Client (Client.java:handleConnectionFailure(977)) - Retrying connect to server: 0.0.0.0/0.0.0.0:40191. Already tried 10 time(s); retry policy is RetryUpToMaximumCountWithFixedSleep(maxRetries=15, sleepTime=1000 MILLISECONDS)
2022-02-10 16:30:51,902 [Listener at 127.0.0.1/38003] INFO  handler.ContextHandler (ContextHandler.java:doStart(915)) - Started o.e.j.w.WebAppContext@6cf2c83d{hddsDatanode,/,file:///tmp/jetty-0_0_0_0-41413-hdds-container-service-1_3_0-SNAPSHOT_jar-_-any-2285201921675681770/webapp/,AVAILABLE}{jar:file:/home/runner/.m2/repository/org/apache/ozone/hdds-container-service/1.3.0-SNAPSHOT/hdds-container-service-1.3.0-SNAPSHOT.jar!/webapps/hddsDatanode}
2022-02-10 16:30:51,909 [Listener at 127.0.0.1/38003] INFO  server.AbstractConnector (AbstractConnector.java:doStart(331)) - Started ServerConnector@12a47380{HTTP/1.1, (http/1.1)}{0.0.0.0:41413}
2022-02-10 16:30:51,909 [Listener at 127.0.0.1/38003] INFO  server.Server (Server.java:doStart(415)) - Started @190222ms
2022-02-10 16:30:51,909 [Listener at 127.0.0.1/38003] WARN  impl.MetricsSystemImpl (MetricsSystemImpl.java:register(279)) - Sink prometheus already exists!
2022-02-10 16:30:51,915 [Listener at 127.0.0.1/38003] INFO  http.BaseHttpServer (BaseHttpServer.java:updateConnectorAddress(329)) - HTTP server of hddsDatanode listening at http://0.0.0.0:41413
2022-02-10 16:30:51,919 [Datanode State Machine Daemon Thread] INFO  statemachine.DatanodeStateMachine (DatanodeStateMachine.java:lambda$startDaemon$0(470)) - Ozone container server started.
2022-02-10 16:30:51,951 [org.apache.hadoop.util.JvmPauseMonitor$Monitor@28655e73] INFO  util.JvmPauseMonitor (JvmPauseMonitor.java:run(188)) - Starting JVM pause monitor
2022-02-10 16:30:52,557 [grpc-default-executor-4] WARN  server.GrpcLogAppender (LogUtils.java:warn(122)) - a7a4031e-e512-44c4-8d8e-0806c768c5a8@group-C39131684D0F->fc70cd66-7abc-4864-8afd-7dbfaf00bb56-AppendLogResponseHandler: Failed appendEntries: org.apache.ratis.thirdparty.io.grpc.StatusRuntimeException: UNAVAILABLE: io exception
2022-02-10 16:30:52,558 [grpc-default-executor-4] WARN  server.GrpcLogAppender (GrpcLogAppender.java:resetClient(110)) - a7a4031e-e512-44c4-8d8e-0806c768c5a8@group-C39131684D0F->fc70cd66-7abc-4864-8afd-7dbfaf00bb56-GrpcLogAppender: Leader has not got in touch with Follower a7a4031e-e512-44c4-8d8e-0806c768c5a8@group-C39131684D0F->fc70cd66-7abc-4864-8afd-7dbfaf00bb56(c0,m0,n1, attendVote=true, lastRpcSendTime=0, lastRpcResponseTime=7529) yet, just keep nextIndex unchanged and retry.
2022-02-10 16:30:52,868 [EndpointStateMachine task thread for /0.0.0.0:40191 - 0 ] INFO  ipc.Client (Client.java:handleConnectionFailure(977)) - Retrying connect to server: 0.0.0.0/0.0.0.0:40191. Already tried 11 time(s); retry policy is RetryUpToMaximumCountWithFixedSleep(maxRetries=15, sleepTime=1000 MILLISECONDS)
2022-02-10 16:30:53,871 [EndpointStateMachine task thread for /0.0.0.0:40191 - 0 ] INFO  ipc.Client (Client.java:handleConnectionFailure(977)) - Retrying connect to server: 0.0.0.0/0.0.0.0:40191. Already tried 12 time(s); retry policy is RetryUpToMaximumCountWithFixedSleep(maxRetries=15, sleepTime=1000 MILLISECONDS)
2022-02-10 16:30:54,871 [EndpointStateMachine task thread for /0.0.0.0:40191 - 0 ] INFO  ipc.Client (Client.java:handleConnectionFailure(977)) - Retrying connect to server: 0.0.0.0/0.0.0.0:40191. Already tried 13 time(s); retry policy is RetryUpToMaximumCountWithFixedSleep(maxRetries=15, sleepTime=1000 MILLISECONDS)
2022-02-10 16:30:55,057 [grpc-default-executor-3] WARN  server.GrpcLogAppender (LogUtils.java:warn(122)) - a7a4031e-e512-44c4-8d8e-0806c768c5a8@group-C39131684D0F->fc70cd66-7abc-4864-8afd-7dbfaf00bb56-AppendLogResponseHandler: Failed appendEntries: org.apache.ratis.thirdparty.io.grpc.StatusRuntimeException: UNAVAILABLE: io exception
2022-02-10 16:30:55,058 [grpc-default-executor-3] WARN  server.GrpcLogAppender (GrpcLogAppender.java:resetClient(110)) - a7a4031e-e512-44c4-8d8e-0806c768c5a8@group-C39131684D0F->fc70cd66-7abc-4864-8afd-7dbfaf00bb56-GrpcLogAppender: Leader has not got in touch with Follower a7a4031e-e512-44c4-8d8e-0806c768c5a8@group-C39131684D0F->fc70cd66-7abc-4864-8afd-7dbfaf00bb56(c0,m0,n1, attendVote=true, lastRpcSendTime=0, lastRpcResponseTime=10030) yet, just keep nextIndex unchanged and retry.
2022-02-10 16:30:55,872 [EndpointStateMachine task thread for /0.0.0.0:40191 - 0 ] INFO  ipc.Client (Client.java:handleConnectionFailure(977)) - Retrying connect to server: 0.0.0.0/0.0.0.0:40191. Already tried 14 time(s); retry policy is RetryUpToMaximumCountWithFixedSleep(maxRetries=15, sleepTime=1000 MILLISECONDS)
2022-02-10 16:30:55,879 [EndpointStateMachine task thread for /0.0.0.0:40191 - 0 ] WARN  statemachine.EndpointStateMachine (EndpointStateMachine.java:logIfNeeded(236)) - Unable to communicate to SCM server at 0.0.0.0:40191 for past 0 seconds.
java.net.ConnectException: Your endpoint configuration is wrong; For more details see:  http://wiki.apache.org/hadoop/UnsetHostnameOrPort
	at sun.reflect.NativeConstructorAccessorImpl.newInstance0(Native Method)
	at sun.reflect.NativeConstructorAccessorImpl.newInstance(NativeConstructorAccessorImpl.java:62)
	at sun.reflect.DelegatingConstructorAccessorImpl.newInstance(DelegatingConstructorAccessorImpl.java:45)
	at java.lang.reflect.Constructor.newInstance(Constructor.java:423)
	at org.apache.hadoop.net.NetUtils.wrapWithMessage(NetUtils.java:913)
	at org.apache.hadoop.net.NetUtils.wrapException(NetUtils.java:824)
	at org.apache.hadoop.ipc.Client.getRpcResponse(Client.java:1577)
	at org.apache.hadoop.ipc.Client.call(Client.java:1519)
	at org.apache.hadoop.ipc.Client.call(Client.java:1416)
	at org.apache.hadoop.ipc.ProtobufRpcEngine$Invoker.invoke(ProtobufRpcEngine.java:236)
	at org.apache.hadoop.ipc.ProtobufRpcEngine$Invoker.invoke(ProtobufRpcEngine.java:123)
	at com.sun.proxy.$Proxy49.submitRequest(Unknown Source)
	at org.apache.hadoop.ozone.protocolPB.StorageContainerDatanodeProtocolClientSideTranslatorPB.submitRequest(StorageContainerDatanodeProtocolClientSideTranslatorPB.java:117)
	at org.apache.hadoop.ozone.protocolPB.StorageContainerDatanodeProtocolClientSideTranslatorPB.sendHeartbeat(StorageContainerDatanodeProtocolClientSideTranslatorPB.java:149)
	at org.apache.hadoop.ozone.container.common.states.endpoint.HeartbeatEndpointTask.call(HeartbeatEndpointTask.java:179)
	at org.apache.hadoop.ozone.container.common.states.endpoint.HeartbeatEndpointTask.call(HeartbeatEndpointTask.java:82)
	at java.util.concurrent.FutureTask.run(FutureTask.java:266)
	at java.util.concurrent.ThreadPoolExecutor.runWorker(ThreadPoolExecutor.java:1149)
	at java.util.concurrent.ThreadPoolExecutor$Worker.run(ThreadPoolExecutor.java:624)
	at java.lang.Thread.run(Thread.java:748)
Caused by: java.net.ConnectException: Connection refused
	at sun.nio.ch.SocketChannelImpl.checkConnect(Native Method)
	at sun.nio.ch.SocketChannelImpl.finishConnect(SocketChannelImpl.java:716)
	at org.apache.hadoop.net.SocketIOWithTimeout.connect(SocketIOWithTimeout.java:206)
	at org.apache.hadoop.net.NetUtils.connect(NetUtils.java:586)
	at org.apache.hadoop.ipc.Client$Connection.setupConnection(Client.java:701)
	at org.apache.hadoop.ipc.Client$Connection.setupIOstreams(Client.java:822)
	at org.apache.hadoop.ipc.Client$Connection.access$3800(Client.java:414)
	at org.apache.hadoop.ipc.Client.getConnection(Client.java:1647)
	at org.apache.hadoop.ipc.Client.call(Client.java:1463)
	... 12 more
2022-02-10 16:30:56,399 [Time-limited test] INFO  ozone.MiniOzoneClusterImpl (MiniOzoneClusterImpl.java:shutdown(437)) - Shutting down the Mini Ozone Cluster
2022-02-10 16:30:56,400 [Time-limited test] INFO  ozone.MiniOzoneClusterImpl (MiniOzoneClusterImpl.java:stop(452)) - Stopping the Mini Ozone Cluster
2022-02-10 16:30:56,400 [Time-limited test] INFO  ozone.MiniOzoneClusterImpl (MiniOzoneClusterImpl.java:stopOM(534)) - Stopping the OzoneManager
2022-02-10 16:30:56,400 [Time-limited test] INFO  om.OzoneManager (OzoneManager.java:stop(1893)) - om1[localhost:0]: Stopping Ozone Manager
2022-02-10 16:30:56,401 [Time-limited test] INFO  ipc.Server (Server.java:stop(3414)) - Stopping server on 38003
2022-02-10 16:30:56,402 [IPC Server Responder] INFO  ipc.Server (Server.java:run(1512)) - Stopping IPC Server Responder
2022-02-10 16:30:56,402 [IPC Server listener on 0] INFO  ipc.Server (Server.java:run(1376)) - Stopping IPC Server listener on 0
2022-02-10 16:30:56,403 [Time-limited test] INFO  server.RaftServer (RaftServerProxy.java:lambda$close$6(391)) - om1: close
2022-02-10 16:30:56,404 [Time-limited test] INFO  server.RaftServer$Division (RaftServerImpl.java:lambda$close$4(412)) - om1@group-C5BA1605619E: shutdown
2022-02-10 16:30:56,406 [Time-limited test] INFO  util.JmxRegister (JmxRegister.java:unregister(73)) - Successfully un-registered JMX Bean with object name Ratis:service=RaftServer,group=group-C5BA1605619E,id=om1
2022-02-10 16:30:56,406 [Time-limited test] INFO  impl.RoleInfo (RoleInfo.java:shutdownLeaderState(91)) - om1: shutdown om1@group-C5BA1605619E-LeaderStateImpl
2022-02-10 16:30:56,407 [Time-limited test] INFO  impl.PendingRequests (PendingRequests.java:sendNotLeaderResponses(282)) - om1@group-C5BA1605619E-PendingRequests: sendNotLeaderResponses
2022-02-10 16:30:56,411 [om1@group-C5BA1605619E-StateMachineUpdater] INFO  ratis.OzoneManagerStateMachine (OzoneManagerStateMachine.java:takeSnapshot(417)) - Current Snapshot Index (t:1, i:0)
2022-02-10 16:30:56,411 [om1@group-C5BA1605619E-StateMachineUpdater] INFO  impl.StateMachineUpdater (StateMachineUpdater.java:takeSnapshot(281)) - om1@group-C5BA1605619E-StateMachineUpdater: Took a snapshot at index 0
2022-02-10 16:30:56,411 [om1@group-C5BA1605619E-StateMachineUpdater] INFO  impl.StateMachineUpdater (StateMachineUpdater.java:lambda$new$0(89)) - om1@group-C5BA1605619E-StateMachineUpdater: snapshotIndex: updateIncreasingly -1 -> 0
2022-02-10 16:30:56,411 [om1@group-C5BA1605619E-StateMachineUpdater] INFO  ratis.OzoneManagerStateMachine (OzoneManagerStateMachine.java:close(471)) - StateMachine has shutdown. Shutdown OzoneManager if not already shutdown.
2022-02-10 16:30:56,411 [Time-limited test] INFO  impl.StateMachineUpdater (StateMachineUpdater.java:stopAndJoin(149)) - om1@group-C5BA1605619E-StateMachineUpdater: set stopIndex = 0
2022-02-10 16:30:56,411 [Time-limited test] INFO  server.RaftServer$Division (ServerState.java:close(419)) - om1@group-C5BA1605619E: closes. applyIndex: 0
2022-02-10 16:30:56,412 [om1@group-C5BA1605619E-SegmentedRaftLogWorker] INFO  segmented.SegmentedRaftLogWorker (SegmentedRaftLogWorker.java:run(327)) - om1@group-C5BA1605619E-SegmentedRaftLogWorker was interrupted, exiting. There are 0 tasks remaining in the queue.
2022-02-10 16:30:56,416 [Time-limited test] INFO  segmented.SegmentedRaftLogWorker (SegmentedRaftLogWorker.java:close(237)) - om1@group-C5BA1605619E-SegmentedRaftLogWorker close()
2022-02-10 16:30:56,417 [Time-limited test] INFO  server.GrpcService (GrpcService.java:closeImpl(262)) - om1: shutdown server with port 9872 now
2022-02-10 16:30:56,420 [Time-limited test] INFO  server.GrpcService (GrpcService.java:closeImpl(271)) - om1: shutdown server with port 9872 successfully
2022-02-10 16:30:56,420 [org.apache.ratis.util.JvmPauseMonitor$$Lambda$431/358420740@62251879] INFO  util.JvmPauseMonitor (JvmPauseMonitor.java:run(109)) - JvmPauseMonitor-om1: Stopped
2022-02-10 16:30:56,426 [Time-limited test] INFO  ratis.OzoneManagerDoubleBuffer (OzoneManagerDoubleBuffer.java:stop(437)) - Stopping OMDoubleBuffer flush thread
2022-02-10 16:30:56,427 [OMDoubleBufferFlushThread] INFO  ratis.OzoneManagerDoubleBuffer (OzoneManagerDoubleBuffer.java:flushTransactions(356)) - OMDoubleBuffer flush thread OMDoubleBufferFlushThread is interrupted and will exit. OMDoubleBufferFlushThread
2022-02-10 16:30:56,427 [Time-limited test] INFO  utils.BackgroundService (BackgroundService.java:shutdown(132)) - Shutting down service KeyDeletingService
2022-02-10 16:30:56,428 [Time-limited test] INFO  utils.BackgroundService (BackgroundService.java:shutdown(132)) - Shutting down service DirectoryDeletingService
2022-02-10 16:30:56,431 [Time-limited test] INFO  handler.ContextHandler (ContextHandler.java:doStop(1153)) - Stopped o.e.j.w.WebAppContext@8ed187d{ozoneManager,/,null,STOPPED}{file:/home/runner/work/ozone/ozone/hadoop-ozone/integration-test/target/test-classes/webapps/ozoneManager}
2022-02-10 16:30:56,431 [Time-limited test] INFO  server.AbstractConnector (AbstractConnector.java:doStop(381)) - Stopped ServerConnector@67ebd3af{HTTP/1.1, (http/1.1)}{0.0.0.0:0}
2022-02-10 16:30:56,432 [Time-limited test] INFO  server.session (HouseKeeper.java:stopScavenging(149)) - node0 Stopped scavenging
2022-02-10 16:30:56,448 [Time-limited test] INFO  handler.ContextHandler (ContextHandler.java:doStop(1153)) - Stopped o.e.j.s.ServletContextHandler@6669e5bc{static,/static,file:///home/runner/work/ozone/ozone/hadoop-ozone/integration-test/target/test-classes/webapps/static,STOPPED}
2022-02-10 16:30:56,452 [Time-limited test] INFO  handler.ContextHandler (ContextHandler.java:doStop(1153)) - Stopped o.e.j.s.ServletContextHandler@302a9796{logs,/logs,file:///home/runner/work/ozone/ozone/hadoop-ozone/integration-test/target/log,STOPPED}
2022-02-10 16:30:56,465 [Time-limited test] INFO  ozone.MiniOzoneClusterImpl (MiniOzoneClusterImpl.java:stopDatanodes(511)) - Stopping the HddsDatanodes
2022-02-10 16:30:56,881 [EndpointStateMachine task thread for /0.0.0.0:40191 - 0 ] INFO  ipc.Client (Client.java:handleConnectionFailure(977)) - Retrying connect to server: 0.0.0.0/0.0.0.0:40191. Already tried 0 time(s); retry policy is RetryUpToMaximumCountWithFixedSleep(maxRetries=15, sleepTime=1000 MILLISECONDS)
2022-02-10 16:30:56,907 [Datanode State Machine Daemon Thread] WARN  statemachine.StateContext (StateContext.java:setState(249)) - Ignore disallowed transition from SHUTDOWN to RUNNING
2022-02-10 16:30:57,571 [grpc-default-executor-3] WARN  server.GrpcLogAppender (LogUtils.java:warn(122)) - a7a4031e-e512-44c4-8d8e-0806c768c5a8@group-C39131684D0F->fc70cd66-7abc-4864-8afd-7dbfaf00bb56-AppendLogResponseHandler: Failed appendEntries: org.apache.ratis.thirdparty.io.grpc.StatusRuntimeException: UNAVAILABLE: io exception
2022-02-10 16:30:57,573 [grpc-default-executor-3] WARN  server.GrpcLogAppender (GrpcLogAppender.java:resetClient(110)) - a7a4031e-e512-44c4-8d8e-0806c768c5a8@group-C39131684D0F->fc70cd66-7abc-4864-8afd-7dbfaf00bb56-GrpcLogAppender: Leader has not got in touch with Follower a7a4031e-e512-44c4-8d8e-0806c768c5a8@group-C39131684D0F->fc70cd66-7abc-4864-8afd-7dbfaf00bb56(c0,m0,n1, attendVote=true, lastRpcSendTime=2515, lastRpcResponseTime=12545) yet, just keep nextIndex unchanged and retry.
2022-02-10 16:30:57,882 [EndpointStateMachine task thread for /0.0.0.0:40191 - 0 ] INFO  ipc.Client (Client.java:handleConnectionFailure(977)) - Retrying connect to server: 0.0.0.0/0.0.0.0:40191. Already tried 1 time(s); retry policy is RetryUpToMaximumCountWithFixedSleep(maxRetries=15, sleepTime=1000 MILLISECONDS)
2022-02-10 16:30:57,974 [Datanode State Machine Daemon Thread] WARN  statemachine.StateContext (StateContext.java:setState(249)) - Ignore disallowed transition from SHUTDOWN to RUNNING
2022-02-10 16:30:58,883 [EndpointStateMachine task thread for /0.0.0.0:40191 - 0 ] INFO  ipc.Client (Client.java:handleConnectionFailure(977)) - Retrying connect to server: 0.0.0.0/0.0.0.0:40191. Already tried 2 time(s); retry policy is RetryUpToMaximumCountWithFixedSleep(maxRetries=15, sleepTime=1000 MILLISECONDS)
2022-02-10 16:30:59,884 [EndpointStateMachine task thread for /0.0.0.0:40191 - 0 ] INFO  ipc.Client (Client.java:handleConnectionFailure(977)) - Retrying connect to server: 0.0.0.0/0.0.0.0:40191. Already tried 3 time(s); retry policy is RetryUpToMaximumCountWithFixedSleep(maxRetries=15, sleepTime=1000 MILLISECONDS)
2022-02-10 16:31:00,074 [grpc-default-executor-4] WARN  server.GrpcLogAppender (LogUtils.java:warn(122)) - a7a4031e-e512-44c4-8d8e-0806c768c5a8@group-C39131684D0F->fc70cd66-7abc-4864-8afd-7dbfaf00bb56-AppendLogResponseHandler: Failed appendEntries: org.apache.ratis.thirdparty.io.grpc.StatusRuntimeException: UNAVAILABLE: io exception
2022-02-10 16:31:00,075 [grpc-default-executor-4] WARN  server.GrpcLogAppender (GrpcLogAppender.java:resetClient(110)) - a7a4031e-e512-44c4-8d8e-0806c768c5a8@group-C39131684D0F->fc70cd66-7abc-4864-8afd-7dbfaf00bb56-GrpcLogAppender: Leader has not got in touch with Follower a7a4031e-e512-44c4-8d8e-0806c768c5a8@group-C39131684D0F->fc70cd66-7abc-4864-8afd-7dbfaf00bb56(c0,m0,n1, attendVote=true, lastRpcSendTime=1, lastRpcResponseTime=15047) yet, just keep nextIndex unchanged and retry.
2022-02-10 16:31:00,885 [EndpointStateMachine task thread for /0.0.0.0:40191 - 0 ] INFO  ipc.Client (Client.java:handleConnectionFailure(977)) - Retrying connect to server: 0.0.0.0/0.0.0.0:40191. Already tried 4 time(s); retry policy is RetryUpToMaximumCountWithFixedSleep(maxRetries=15, sleepTime=1000 MILLISECONDS)
2022-02-10 16:31:01,475 [Time-limited test] INFO  ozoneimpl.OzoneContainer (OzoneContainer.java:stop(336)) - Attempting to stop container services.
2022-02-10 16:31:01,479 [Time-limited test] INFO  server.RaftServer (RaftServerProxy.java:lambda$close$6(391)) - a7a4031e-e512-44c4-8d8e-0806c768c5a8: close
2022-02-10 16:31:01,479 [Time-limited test] INFO  server.RaftServer$Division (RaftServerImpl.java:lambda$close$4(412)) - a7a4031e-e512-44c4-8d8e-0806c768c5a8@group-C39131684D0F: shutdown
2022-02-10 16:31:01,479 [Time-limited test] INFO  util.JmxRegister (JmxRegister.java:unregister(73)) - Successfully un-registered JMX Bean with object name Ratis:service=RaftServer,group=group-C39131684D0F,id=a7a4031e-e512-44c4-8d8e-0806c768c5a8
2022-02-10 16:31:01,479 [Time-limited test] INFO  impl.RoleInfo (RoleInfo.java:shutdownLeaderState(91)) - a7a4031e-e512-44c4-8d8e-0806c768c5a8: shutdown a7a4031e-e512-44c4-8d8e-0806c768c5a8@group-C39131684D0F-LeaderStateImpl
2022-02-10 16:31:01,479 [Time-limited test] INFO  impl.PendingRequests (PendingRequests.java:sendNotLeaderResponses(282)) - a7a4031e-e512-44c4-8d8e-0806c768c5a8@group-C39131684D0F-PendingRequests: sendNotLeaderResponses
2022-02-10 16:31:01,480 [a7a4031e-e512-44c4-8d8e-0806c768c5a8@group-C39131684D0F->4d6136e5-74cd-4f55-94f0-c0ea6e146a4a-GrpcLogAppender-LogAppenderDaemon] WARN  server.GrpcLogAppender (GrpcLogAppender.java:mayWait(177)) - a7a4031e-e512-44c4-8d8e-0806c768c5a8@group-C39131684D0F->4d6136e5-74cd-4f55-94f0-c0ea6e146a4a-GrpcLogAppender: Wait interrupted by java.lang.InterruptedException
2022-02-10 16:31:01,481 [grpc-default-executor-4] INFO  server.GrpcServerProtocolService (GrpcServerProtocolService.java:onCompleted(140)) - 4d6136e5-74cd-4f55-94f0-c0ea6e146a4a: Completed APPEND_ENTRIES, lastRequest: a7a4031e-e512-44c4-8d8e-0806c768c5a8->4d6136e5-74cd-4f55-94f0-c0ea6e146a4a#1-t12,previous=(t:0, i:0),leaderCommit=-1,initializing? true,entries: size=1, first=(t:12, i:0), CONFIGURATIONENTRY
2022-02-10 16:31:01,483 [grpc-default-executor-3] INFO  server.GrpcLogAppender (GrpcLogAppender.java:onCompleted(346)) - a7a4031e-e512-44c4-8d8e-0806c768c5a8@group-C39131684D0F->4d6136e5-74cd-4f55-94f0-c0ea6e146a4a-AppendLogResponseHandler: follower responses appendEntries COMPLETED
2022-02-10 16:31:01,483 [grpc-default-executor-3] INFO  leader.FollowerInfo (FollowerInfoImpl.java:lambda$new$0(47)) - a7a4031e-e512-44c4-8d8e-0806c768c5a8@group-C39131684D0F->4d6136e5-74cd-4f55-94f0-c0ea6e146a4a: nextIndex: updateUnconditionally 1 -> 0
2022-02-10 16:31:01,491 [a7a4031e-e512-44c4-8d8e-0806c768c5a8@group-C39131684D0F-StateMachineUpdater] INFO  ratis.ContainerStateMachine (ContainerStateMachine.java:takeSnapshot(299)) - group-C39131684D0F: Taking a snapshot at:(t:12, i:0) file /home/runner/work/ozone/ozone/hadoop-ozone/integration-test/target/test-dir/MiniOzoneClusterImpl-193d67db-d922-404e-9a90-1d0db3b45fdc/datanode-1/data/ratis/24c4c601-8e38-4742-afeb-c39131684d0f/sm/snapshot.12_0
2022-02-10 16:31:01,491 [Time-limited test] INFO  impl.StateMachineUpdater (StateMachineUpdater.java:stopAndJoin(149)) - a7a4031e-e512-44c4-8d8e-0806c768c5a8@group-C39131684D0F-StateMachineUpdater: set stopIndex = 0
2022-02-10 16:31:01,492 [a7a4031e-e512-44c4-8d8e-0806c768c5a8@group-C39131684D0F-StateMachineUpdater] INFO  ratis.ContainerStateMachine (ContainerStateMachine.java:takeSnapshot(310)) - group-C39131684D0F: Finished taking a snapshot at:(t:12, i:0) file:/home/runner/work/ozone/ozone/hadoop-ozone/integration-test/target/test-dir/MiniOzoneClusterImpl-193d67db-d922-404e-9a90-1d0db3b45fdc/datanode-1/data/ratis/24c4c601-8e38-4742-afeb-c39131684d0f/sm/snapshot.12_0 took: 1 ms
2022-02-10 16:31:01,492 [a7a4031e-e512-44c4-8d8e-0806c768c5a8@group-C39131684D0F-StateMachineUpdater] INFO  impl.StateMachineUpdater (StateMachineUpdater.java:takeSnapshot(281)) - a7a4031e-e512-44c4-8d8e-0806c768c5a8@group-C39131684D0F-StateMachineUpdater: Took a snapshot at index 0
2022-02-10 16:31:01,492 [a7a4031e-e512-44c4-8d8e-0806c768c5a8@group-C39131684D0F-StateMachineUpdater] INFO  impl.StateMachineUpdater (StateMachineUpdater.java:lambda$new$0(89)) - a7a4031e-e512-44c4-8d8e-0806c768c5a8@group-C39131684D0F-StateMachineUpdater: snapshotIndex: updateIncreasingly -1 -> 0
2022-02-10 16:31:01,493 [Time-limited test] INFO  server.RaftServer$Division (ServerState.java:close(419)) - a7a4031e-e512-44c4-8d8e-0806c768c5a8@group-C39131684D0F: closes. applyIndex: 0
2022-02-10 16:31:01,493 [a7a4031e-e512-44c4-8d8e-0806c768c5a8@group-C39131684D0F-SegmentedRaftLogWorker] INFO  segmented.SegmentedRaftLogWorker (SegmentedRaftLogWorker.java:run(327)) - a7a4031e-e512-44c4-8d8e-0806c768c5a8@group-C39131684D0F-SegmentedRaftLogWorker was interrupted, exiting. There are 0 tasks remaining in the queue.
2022-02-10 16:31:01,494 [Time-limited test] INFO  segmented.SegmentedRaftLogWorker (SegmentedRaftLogWorker.java:close(237)) - a7a4031e-e512-44c4-8d8e-0806c768c5a8@group-C39131684D0F-SegmentedRaftLogWorker close()
2022-02-10 16:31:01,495 [Time-limited test] INFO  server.RaftServer$Division (RaftServerImpl.java:lambda$close$4(412)) - a7a4031e-e512-44c4-8d8e-0806c768c5a8@group-C9D1F35C4EAC: shutdown
2022-02-10 16:31:01,495 [Time-limited test] INFO  util.JmxRegister (JmxRegister.java:unregister(73)) - Successfully un-registered JMX Bean with object name Ratis:service=RaftServer,group=group-C9D1F35C4EAC,id=a7a4031e-e512-44c4-8d8e-0806c768c5a8
2022-02-10 16:31:01,495 [Time-limited test] INFO  impl.RoleInfo (RoleInfo.java:shutdownLeaderState(91)) - a7a4031e-e512-44c4-8d8e-0806c768c5a8: shutdown a7a4031e-e512-44c4-8d8e-0806c768c5a8@group-C9D1F35C4EAC-LeaderStateImpl
2022-02-10 16:31:01,495 [Time-limited test] INFO  impl.PendingRequests (PendingRequests.java:sendNotLeaderResponses(282)) - a7a4031e-e512-44c4-8d8e-0806c768c5a8@group-C9D1F35C4EAC-PendingRequests: sendNotLeaderResponses
2022-02-10 16:31:01,498 [a7a4031e-e512-44c4-8d8e-0806c768c5a8@group-C9D1F35C4EAC-StateMachineUpdater] INFO  ratis.ContainerStateMachine (ContainerStateMachine.java:takeSnapshot(299)) - group-C9D1F35C4EAC: Taking a snapshot at:(t:1, i:0) file /home/runner/work/ozone/ozone/hadoop-ozone/integration-test/target/test-dir/MiniOzoneClusterImpl-193d67db-d922-404e-9a90-1d0db3b45fdc/datanode-1/data/ratis/7c3c9c1a-b740-4977-a27b-c9d1f35c4eac/sm/snapshot.1_0
2022-02-10 16:31:01,499 [Time-limited test] INFO  impl.StateMachineUpdater (StateMachineUpdater.java:stopAndJoin(149)) - a7a4031e-e512-44c4-8d8e-0806c768c5a8@group-C9D1F35C4EAC-StateMachineUpdater: set stopIndex = 0
2022-02-10 16:31:01,499 [a7a4031e-e512-44c4-8d8e-0806c768c5a8@group-C9D1F35C4EAC-StateMachineUpdater] INFO  ratis.ContainerStateMachine (ContainerStateMachine.java:takeSnapshot(310)) - group-C9D1F35C4EAC: Finished taking a snapshot at:(t:1, i:0) file:/home/runner/work/ozone/ozone/hadoop-ozone/integration-test/target/test-dir/MiniOzoneClusterImpl-193d67db-d922-404e-9a90-1d0db3b45fdc/datanode-1/data/ratis/7c3c9c1a-b740-4977-a27b-c9d1f35c4eac/sm/snapshot.1_0 took: 1 ms
2022-02-10 16:31:01,499 [a7a4031e-e512-44c4-8d8e-0806c768c5a8@group-C9D1F35C4EAC-StateMachineUpdater] INFO  impl.StateMachineUpdater (StateMachineUpdater.java:takeSnapshot(281)) - a7a4031e-e512-44c4-8d8e-0806c768c5a8@group-C9D1F35C4EAC-StateMachineUpdater: Took a snapshot at index 0
2022-02-10 16:31:01,499 [a7a4031e-e512-44c4-8d8e-0806c768c5a8@group-C9D1F35C4EAC-StateMachineUpdater] INFO  impl.StateMachineUpdater (StateMachineUpdater.java:lambda$new$0(89)) - a7a4031e-e512-44c4-8d8e-0806c768c5a8@group-C9D1F35C4EAC-StateMachineUpdater: snapshotIndex: updateIncreasingly -1 -> 0
2022-02-10 16:31:01,500 [Time-limited test] INFO  server.RaftServer$Division (ServerState.java:close(419)) - a7a4031e-e512-44c4-8d8e-0806c768c5a8@group-C9D1F35C4EAC: closes. applyIndex: 0
2022-02-10 16:31:01,500 [a7a4031e-e512-44c4-8d8e-0806c768c5a8@group-C9D1F35C4EAC-SegmentedRaftLogWorker] INFO  segmented.SegmentedRaftLogWorker (SegmentedRaftLogWorker.java:run(327)) - a7a4031e-e512-44c4-8d8e-0806c768c5a8@group-C9D1F35C4EAC-SegmentedRaftLogWorker was interrupted, exiting. There are 0 tasks remaining in the queue.
2022-02-10 16:31:01,503 [ForkJoinPool.commonPool-worker-1] INFO  ozoneimpl.OzoneContainer (OzoneContainer.java:stop(336)) - Attempting to stop container services.
2022-02-10 16:31:01,515 [Time-limited test] INFO  segmented.SegmentedRaftLogWorker (SegmentedRaftLogWorker.java:close(237)) - a7a4031e-e512-44c4-8d8e-0806c768c5a8@group-C9D1F35C4EAC-SegmentedRaftLogWorker close()
2022-02-10 16:31:01,531 [Time-limited test] INFO  server.GrpcService (GrpcService.java:closeImpl(262)) - a7a4031e-e512-44c4-8d8e-0806c768c5a8: shutdown server with port 36777 now
2022-02-10 16:31:01,539 [ForkJoinPool.commonPool-worker-1] INFO  utils.BackgroundService (BackgroundService.java:shutdown(132)) - Shutting down service BlockDeletingService
2022-02-10 16:31:01,557 [Time-limited test] INFO  server.GrpcService (GrpcService.java:closeImpl(271)) - a7a4031e-e512-44c4-8d8e-0806c768c5a8: shutdown server with port 36777 successfully
2022-02-10 16:31:01,557 [org.apache.ratis.util.JvmPauseMonitor$$Lambda$431/358420740@4a8c47d] INFO  util.JvmPauseMonitor (JvmPauseMonitor.java:run(109)) - JvmPauseMonitor-a7a4031e-e512-44c4-8d8e-0806c768c5a8: Stopped
2022-02-10 16:31:01,885 [EndpointStateMachine task thread for /0.0.0.0:40191 - 0 ] INFO  ipc.Client (Client.java:handleConnectionFailure(977)) - Retrying connect to server: 0.0.0.0/0.0.0.0:40191. Already tried 5 time(s); retry policy is RetryUpToMaximumCountWithFixedSleep(maxRetries=15, sleepTime=1000 MILLISECONDS)
2022-02-10 16:31:02,886 [EndpointStateMachine task thread for /0.0.0.0:40191 - 0 ] INFO  ipc.Client (Client.java:handleConnectionFailure(977)) - Retrying connect to server: 0.0.0.0/0.0.0.0:40191. Already tried 6 time(s); retry policy is RetryUpToMaximumCountWithFixedSleep(maxRetries=15, sleepTime=1000 MILLISECONDS)
2022-02-10 16:31:03,583 [Time-limited test] INFO  utils.BackgroundService (BackgroundService.java:shutdown(132)) - Shutting down service BlockDeletingService
2022-02-10 16:31:03,887 [EndpointStateMachine task thread for /0.0.0.0:40191 - 0 ] INFO  ipc.Client (Client.java:handleConnectionFailure(977)) - Retrying connect to server: 0.0.0.0/0.0.0.0:40191. Already tried 7 time(s); retry policy is RetryUpToMaximumCountWithFixedSleep(maxRetries=15, sleepTime=1000 MILLISECONDS)
2022-02-10 16:31:04,564 [ForkJoinPool.commonPool-worker-1] INFO  statemachine.DatanodeStateMachine (DatanodeStateMachine.java:stopDaemon(529)) - Ozone container server stopped.
2022-02-10 16:31:04,570 [ForkJoinPool.commonPool-worker-1] INFO  handler.ContextHandler (ContextHandler.java:doStop(1153)) - Stopped o.e.j.w.WebAppContext@6cf2c83d{hddsDatanode,/,null,STOPPED}{jar:file:/home/runner/.m2/repository/org/apache/ozone/hdds-container-service/1.3.0-SNAPSHOT/hdds-container-service-1.3.0-SNAPSHOT.jar!/webapps/hddsDatanode}
2022-02-10 16:31:04,571 [ForkJoinPool.commonPool-worker-1] INFO  server.AbstractConnector (AbstractConnector.java:doStop(381)) - Stopped ServerConnector@12a47380{HTTP/1.1, (http/1.1)}{0.0.0.0:41413}
2022-02-10 16:31:04,571 [ForkJoinPool.commonPool-worker-1] INFO  server.session (HouseKeeper.java:stopScavenging(149)) - node0 Stopped scavenging
2022-02-10 16:31:04,571 [ForkJoinPool.commonPool-worker-1] INFO  handler.ContextHandler (ContextHandler.java:doStop(1153)) - Stopped o.e.j.s.ServletContextHandler@46848cd{static,/static,jar:file:/home/runner/.m2/repository/org/apache/ozone/hdds-container-service/1.3.0-SNAPSHOT/hdds-container-service-1.3.0-SNAPSHOT.jar!/webapps/static,STOPPED}
2022-02-10 16:31:04,572 [ForkJoinPool.commonPool-worker-1] INFO  handler.ContextHandler (ContextHandler.java:doStop(1153)) - Stopped o.e.j.s.ServletContextHandler@7fd0c7e0{logs,/logs,file:///home/runner/work/ozone/ozone/hadoop-ozone/integration-test/target/log,STOPPED}
2022-02-10 16:31:04,887 [EndpointStateMachine task thread for /0.0.0.0:40191 - 0 ] INFO  ipc.Client (Client.java:handleConnectionFailure(977)) - Retrying connect to server: 0.0.0.0/0.0.0.0:40191. Already tried 8 time(s); retry policy is RetryUpToMaximumCountWithFixedSleep(maxRetries=15, sleepTime=1000 MILLISECONDS)
2022-02-10 16:31:05,051 [Datanode State Machine Daemon Thread] WARN  statemachine.StateContext (StateContext.java:setState(249)) - Ignore disallowed transition from SHUTDOWN to RUNNING
2022-02-10 16:31:05,231 [4d6136e5-74cd-4f55-94f0-c0ea6e146a4a@group-C39131684D0F-FollowerState] INFO  impl.FollowerState (FollowerState.java:run(134)) - 4d6136e5-74cd-4f55-94f0-c0ea6e146a4a@group-C39131684D0F-FollowerState: change to CANDIDATE, lastRpcElapsedTime:5138733276ns, electionTimeout:5078ms
2022-02-10 16:31:05,231 [4d6136e5-74cd-4f55-94f0-c0ea6e146a4a@group-C39131684D0F-FollowerState] INFO  impl.RoleInfo (RoleInfo.java:shutdownFollowerState(108)) - 4d6136e5-74cd-4f55-94f0-c0ea6e146a4a: shutdown 4d6136e5-74cd-4f55-94f0-c0ea6e146a4a@group-C39131684D0F-FollowerState
2022-02-10 16:31:05,232 [4d6136e5-74cd-4f55-94f0-c0ea6e146a4a@group-C39131684D0F-FollowerState] INFO  server.RaftServer$Division (RaftServerImpl.java:setRole(290)) - 4d6136e5-74cd-4f55-94f0-c0ea6e146a4a@group-C39131684D0F: changes role from  FOLLOWER to CANDIDATE at term 12 for changeToCandidate
2022-02-10 16:31:05,232 [4d6136e5-74cd-4f55-94f0-c0ea6e146a4a@group-C39131684D0F-FollowerState] INFO  server.RaftServerConfigKeys (ConfUtils.java:logGet(44)) - raft.server.leaderelection.pre-vote = false (custom)
2022-02-10 16:31:05,232 [4d6136e5-74cd-4f55-94f0-c0ea6e146a4a@group-C39131684D0F-FollowerState] INFO  impl.RoleInfo (RoleInfo.java:updateAndGet(130)) - 4d6136e5-74cd-4f55-94f0-c0ea6e146a4a: start 4d6136e5-74cd-4f55-94f0-c0ea6e146a4a@group-C39131684D0F-LeaderElection40
2022-02-10 16:31:05,247 [4d6136e5-74cd-4f55-94f0-c0ea6e146a4a@group-C39131684D0F-LeaderElection40] INFO  server.RaftServer$Division (ServerState.java:setLeader(285)) - 4d6136e5-74cd-4f55-94f0-c0ea6e146a4a@group-C39131684D0F: change Leader from a7a4031e-e512-44c4-8d8e-0806c768c5a8 to null at term 12 for ELECTION
2022-02-10 16:31:05,249 [4d6136e5-74cd-4f55-94f0-c0ea6e146a4a@group-C39131684D0F-LeaderElection40] INFO  impl.LeaderElection (LeaderElection.java:askForVotes(306)) - 4d6136e5-74cd-4f55-94f0-c0ea6e146a4a@group-C39131684D0F-LeaderElection40 ELECTION round 0: submit vote requests at term 13 for 0: [a7a4031e-e512-44c4-8d8e-0806c768c5a8|rpc:10.1.0.22:36777|dataStream:|priority:1, fc70cd66-7abc-4864-8afd-7dbfaf00bb56|rpc:10.1.0.22:46709|dataStream:|priority:0, 4d6136e5-74cd-4f55-94f0-c0ea6e146a4a|rpc:10.1.0.22:37065|dataStream:|priority:0], old=null
2022-02-10 16:31:05,290 [4d6136e5-74cd-4f55-94f0-c0ea6e146a4a@group-C39131684D0F-LeaderElection40] INFO  impl.LeaderElection (LogUtils.java:infoOrTrace(137)) - 4d6136e5-74cd-4f55-94f0-c0ea6e146a4a@group-C39131684D0F-LeaderElection40 got exception when requesting votes: java.util.concurrent.ExecutionException: org.apache.ratis.thirdparty.io.grpc.StatusRuntimeException: UNAVAILABLE: io exception
2022-02-10 16:31:05,295 [4d6136e5-74cd-4f55-94f0-c0ea6e146a4a@group-C39131684D0F-LeaderElection40] INFO  impl.LeaderElection (LogUtils.java:infoOrTrace(137)) - 4d6136e5-74cd-4f55-94f0-c0ea6e146a4a@group-C39131684D0F-LeaderElection40 got exception when requesting votes: java.util.concurrent.ExecutionException: org.apache.ratis.thirdparty.io.grpc.StatusRuntimeException: UNAVAILABLE: io exception
2022-02-10 16:31:05,295 [4d6136e5-74cd-4f55-94f0-c0ea6e146a4a@group-C39131684D0F-LeaderElection40] INFO  impl.LeaderElection (LeaderElection.java:logAndReturn(89)) - 4d6136e5-74cd-4f55-94f0-c0ea6e146a4a@group-C39131684D0F-LeaderElection40: ELECTION REJECTED received 0 response(s) and 2 exception(s):
2022-02-10 16:31:05,296 [4d6136e5-74cd-4f55-94f0-c0ea6e146a4a@group-C39131684D0F-LeaderElection40] INFO  impl.LeaderElection (LogUtils.java:infoOrTrace(137)) -   Exception 0: java.util.concurrent.ExecutionException: org.apache.ratis.thirdparty.io.grpc.StatusRuntimeException: UNAVAILABLE: io exception
2022-02-10 16:31:05,296 [4d6136e5-74cd-4f55-94f0-c0ea6e146a4a@group-C39131684D0F-LeaderElection40] INFO  impl.LeaderElection (LogUtils.java:infoOrTrace(137)) -   Exception 1: java.util.concurrent.ExecutionException: org.apache.ratis.thirdparty.io.grpc.StatusRuntimeException: UNAVAILABLE: io exception
2022-02-10 16:31:05,296 [4d6136e5-74cd-4f55-94f0-c0ea6e146a4a@group-C39131684D0F-LeaderElection40] INFO  impl.LeaderElection (LeaderElection.java:askForVotes(308)) - 4d6136e5-74cd-4f55-94f0-c0ea6e146a4a@group-C39131684D0F-LeaderElection40 ELECTION round 0: result REJECTED
2022-02-10 16:31:05,296 [4d6136e5-74cd-4f55-94f0-c0ea6e146a4a@group-C39131684D0F-LeaderElection40] INFO  server.RaftServer$Division (RaftServerImpl.java:setRole(290)) - 4d6136e5-74cd-4f55-94f0-c0ea6e146a4a@group-C39131684D0F: changes role from CANDIDATE to FOLLOWER at term 13 for REJECTED
2022-02-10 16:31:05,296 [4d6136e5-74cd-4f55-94f0-c0ea6e146a4a@group-C39131684D0F-LeaderElection40] INFO  impl.RoleInfo (RoleInfo.java:shutdownLeaderElection(121)) - 4d6136e5-74cd-4f55-94f0-c0ea6e146a4a: shutdown 4d6136e5-74cd-4f55-94f0-c0ea6e146a4a@group-C39131684D0F-LeaderElection40
2022-02-10 16:31:05,296 [4d6136e5-74cd-4f55-94f0-c0ea6e146a4a@group-C39131684D0F-LeaderElection40] INFO  impl.RoleInfo (RoleInfo.java:updateAndGet(130)) - 4d6136e5-74cd-4f55-94f0-c0ea6e146a4a: start 4d6136e5-74cd-4f55-94f0-c0ea6e146a4a@group-C39131684D0F-FollowerState
2022-02-10 16:31:05,888 [EndpointStateMachine task thread for /0.0.0.0:40191 - 0 ] INFO  ipc.Client (Client.java:handleConnectionFailure(977)) - Retrying connect to server: 0.0.0.0/0.0.0.0:40191. Already tried 9 time(s); retry policy is RetryUpToMaximumCountWithFixedSleep(maxRetries=15, sleepTime=1000 MILLISECONDS)
2022-02-10 16:31:06,584 [Time-limited test] INFO  statemachine.DatanodeStateMachine (DatanodeStateMachine.java:stopDaemon(529)) - Ozone container server stopped.
2022-02-10 16:31:06,586 [Time-limited test] INFO  handler.ContextHandler (ContextHandler.java:doStop(1153)) - Stopped o.e.j.w.WebAppContext@492d1241{hddsDatanode,/,null,STOPPED}{jar:file:/home/runner/.m2/repository/org/apache/ozone/hdds-container-service/1.3.0-SNAPSHOT/hdds-container-service-1.3.0-SNAPSHOT.jar!/webapps/hddsDatanode}
2022-02-10 16:31:06,587 [Time-limited test] INFO  server.AbstractConnector (AbstractConnector.java:doStop(381)) - Stopped ServerConnector@7fdca476{HTTP/1.1, (http/1.1)}{0.0.0.0:0}
2022-02-10 16:31:06,587 [Time-limited test] INFO  server.session (HouseKeeper.java:stopScavenging(149)) - node0 Stopped scavenging
2022-02-10 16:31:06,588 [Time-limited test] INFO  handler.ContextHandler (ContextHandler.java:doStop(1153)) - Stopped o.e.j.s.ServletContextHandler@52825ffb{static,/static,jar:file:/home/runner/.m2/repository/org/apache/ozone/hdds-container-service/1.3.0-SNAPSHOT/hdds-container-service-1.3.0-SNAPSHOT.jar!/webapps/static,STOPPED}
2022-02-10 16:31:06,589 [Time-limited test] INFO  handler.ContextHandler (ContextHandler.java:doStop(1153)) - Stopped o.e.j.s.ServletContextHandler@68a1240b{logs,/logs,file:///home/runner/work/ozone/ozone/hadoop-ozone/integration-test/target/log,STOPPED}
2022-02-10 16:31:06,889 [EndpointStateMachine task thread for /0.0.0.0:40191 - 0 ] INFO  ipc.Client (Client.java:handleConnectionFailure(977)) - Retrying connect to server: 0.0.0.0/0.0.0.0:40191. Already tried 10 time(s); retry policy is RetryUpToMaximumCountWithFixedSleep(maxRetries=15, sleepTime=1000 MILLISECONDS)
2022-02-10 16:31:07,889 [EndpointStateMachine task thread for /0.0.0.0:40191 - 0 ] INFO  ipc.Client (Client.java:handleConnectionFailure(977)) - Retrying connect to server: 0.0.0.0/0.0.0.0:40191. Already tried 11 time(s); retry policy is RetryUpToMaximumCountWithFixedSleep(maxRetries=15, sleepTime=1000 MILLISECONDS)
2022-02-10 16:31:08,890 [EndpointStateMachine task thread for /0.0.0.0:40191 - 0 ] INFO  ipc.Client (Client.java:handleConnectionFailure(977)) - Retrying connect to server: 0.0.0.0/0.0.0.0:40191. Already tried 12 time(s); retry policy is RetryUpToMaximumCountWithFixedSleep(maxRetries=15, sleepTime=1000 MILLISECONDS)
2022-02-10 16:31:09,574 [ForkJoinPool.commonPool-worker-1] INFO  ozoneimpl.OzoneContainer (OzoneContainer.java:stop(336)) - Attempting to stop container services.
2022-02-10 16:31:09,575 [ForkJoinPool.commonPool-worker-1] INFO  server.RaftServer (RaftServerProxy.java:lambda$close$6(391)) - 4d6136e5-74cd-4f55-94f0-c0ea6e146a4a: close
2022-02-10 16:31:09,575 [ForkJoinPool.commonPool-worker-1] INFO  server.RaftServer$Division (RaftServerImpl.java:lambda$close$4(412)) - 4d6136e5-74cd-4f55-94f0-c0ea6e146a4a@group-C39131684D0F: shutdown
2022-02-10 16:31:09,575 [ForkJoinPool.commonPool-worker-1] INFO  util.JmxRegister (JmxRegister.java:unregister(73)) - Successfully un-registered JMX Bean with object name Ratis:service=RaftServer,group=group-C39131684D0F,id=4d6136e5-74cd-4f55-94f0-c0ea6e146a4a
2022-02-10 16:31:09,575 [ForkJoinPool.commonPool-worker-1] INFO  impl.RoleInfo (RoleInfo.java:shutdownFollowerState(108)) - 4d6136e5-74cd-4f55-94f0-c0ea6e146a4a: shutdown 4d6136e5-74cd-4f55-94f0-c0ea6e146a4a@group-C39131684D0F-FollowerState
2022-02-10 16:31:09,575 [ForkJoinPool.commonPool-worker-1] INFO  impl.StateMachineUpdater (StateMachineUpdater.java:stopAndJoin(149)) - 4d6136e5-74cd-4f55-94f0-c0ea6e146a4a@group-C39131684D0F-StateMachineUpdater: set stopIndex = 0
2022-02-10 16:31:09,575 [4d6136e5-74cd-4f55-94f0-c0ea6e146a4a@group-C39131684D0F-FollowerState] INFO  impl.FollowerState (FollowerState.java:run(143)) - 4d6136e5-74cd-4f55-94f0-c0ea6e146a4a@group-C39131684D0F-FollowerState was interrupted: {}
java.lang.InterruptedException: sleep interrupted
	at java.lang.Thread.sleep(Native Method)
	at java.lang.Thread.sleep(Thread.java:340)
	at java.util.concurrent.TimeUnit.sleep(TimeUnit.java:386)
	at org.apache.ratis.util.TimeDuration.sleep(TimeDuration.java:324)
	at org.apache.ratis.util.TimeDuration.sleep(TimeDuration.java:309)
	at org.apache.ratis.server.impl.FollowerState.run(FollowerState.java:118)
2022-02-10 16:31:09,576 [4d6136e5-74cd-4f55-94f0-c0ea6e146a4a@group-C39131684D0F-StateMachineUpdater] INFO  ratis.ContainerStateMachine (ContainerStateMachine.java:takeSnapshot(299)) - group-C39131684D0F: Taking a snapshot at:(t:12, i:0) file /home/runner/work/ozone/ozone/hadoop-ozone/integration-test/target/test-dir/MiniOzoneClusterImpl-193d67db-d922-404e-9a90-1d0db3b45fdc/datanode-2/data/ratis/24c4c601-8e38-4742-afeb-c39131684d0f/sm/snapshot.12_0
2022-02-10 16:31:09,587 [4d6136e5-74cd-4f55-94f0-c0ea6e146a4a@group-C39131684D0F-StateMachineUpdater] INFO  ratis.ContainerStateMachine (ContainerStateMachine.java:takeSnapshot(310)) - group-C39131684D0F: Finished taking a snapshot at:(t:12, i:0) file:/home/runner/work/ozone/ozone/hadoop-ozone/integration-test/target/test-dir/MiniOzoneClusterImpl-193d67db-d922-404e-9a90-1d0db3b45fdc/datanode-2/data/ratis/24c4c601-8e38-4742-afeb-c39131684d0f/sm/snapshot.12_0 took: 11 ms
2022-02-10 16:31:09,587 [4d6136e5-74cd-4f55-94f0-c0ea6e146a4a@group-C39131684D0F-StateMachineUpdater] INFO  impl.StateMachineUpdater (StateMachineUpdater.java:takeSnapshot(281)) - 4d6136e5-74cd-4f55-94f0-c0ea6e146a4a@group-C39131684D0F-StateMachineUpdater: Took a snapshot at index 0
2022-02-10 16:31:09,587 [4d6136e5-74cd-4f55-94f0-c0ea6e146a4a@group-C39131684D0F-StateMachineUpdater] INFO  impl.StateMachineUpdater (StateMachineUpdater.java:lambda$new$0(89)) - 4d6136e5-74cd-4f55-94f0-c0ea6e146a4a@group-C39131684D0F-StateMachineUpdater: snapshotIndex: updateIncreasingly -1 -> 0
2022-02-10 16:31:09,587 [ForkJoinPool.commonPool-worker-1] INFO  server.RaftServer$Division (ServerState.java:close(419)) - 4d6136e5-74cd-4f55-94f0-c0ea6e146a4a@group-C39131684D0F: closes. applyIndex: 0
2022-02-10 16:31:09,588 [4d6136e5-74cd-4f55-94f0-c0ea6e146a4a@group-C39131684D0F-SegmentedRaftLogWorker] INFO  segmented.SegmentedRaftLogWorker (SegmentedRaftLogWorker.java:run(327)) - 4d6136e5-74cd-4f55-94f0-c0ea6e146a4a@group-C39131684D0F-SegmentedRaftLogWorker was interrupted, exiting. There are 0 tasks remaining in the queue.
2022-02-10 16:31:09,588 [ForkJoinPool.commonPool-worker-1] INFO  segmented.SegmentedRaftLogWorker (SegmentedRaftLogWorker.java:close(237)) - 4d6136e5-74cd-4f55-94f0-c0ea6e146a4a@group-C39131684D0F-SegmentedRaftLogWorker close()
2022-02-10 16:31:09,589 [ForkJoinPool.commonPool-worker-1] INFO  server.RaftServer$Division (RaftServerImpl.java:lambda$close$4(412)) - 4d6136e5-74cd-4f55-94f0-c0ea6e146a4a@group-284D998405A3: shutdown
2022-02-10 16:31:09,589 [ForkJoinPool.commonPool-worker-1] INFO  util.JmxRegister (JmxRegister.java:unregister(73)) - Successfully un-registered JMX Bean with object name Ratis:service=RaftServer,group=group-284D998405A3,id=4d6136e5-74cd-4f55-94f0-c0ea6e146a4a
2022-02-10 16:31:09,590 [ForkJoinPool.commonPool-worker-1] INFO  impl.RoleInfo (RoleInfo.java:shutdownLeaderState(91)) - 4d6136e5-74cd-4f55-94f0-c0ea6e146a4a: shutdown 4d6136e5-74cd-4f55-94f0-c0ea6e146a4a@group-284D998405A3-LeaderStateImpl
2022-02-10 16:31:09,590 [ForkJoinPool.commonPool-worker-1] INFO  impl.PendingRequests (PendingRequests.java:sendNotLeaderResponses(282)) - 4d6136e5-74cd-4f55-94f0-c0ea6e146a4a@group-284D998405A3-PendingRequests: sendNotLeaderResponses
2022-02-10 16:31:09,590 [ForkJoinPool.commonPool-worker-1] INFO  impl.StateMachineUpdater (StateMachineUpdater.java:stopAndJoin(149)) - 4d6136e5-74cd-4f55-94f0-c0ea6e146a4a@group-284D998405A3-StateMachineUpdater: set stopIndex = 0
2022-02-10 16:31:09,590 [4d6136e5-74cd-4f55-94f0-c0ea6e146a4a@group-284D998405A3-StateMachineUpdater] INFO  ratis.ContainerStateMachine (ContainerStateMachine.java:takeSnapshot(299)) - group-284D998405A3: Taking a snapshot at:(t:1, i:0) file /home/runner/work/ozone/ozone/hadoop-ozone/integration-test/target/test-dir/MiniOzoneClusterImpl-193d67db-d922-404e-9a90-1d0db3b45fdc/datanode-2/data/ratis/76930ac7-3147-44c0-97c2-284d998405a3/sm/snapshot.1_0
2022-02-10 16:31:09,591 [4d6136e5-74cd-4f55-94f0-c0ea6e146a4a@group-284D998405A3-StateMachineUpdater] INFO  ratis.ContainerStateMachine (ContainerStateMachine.java:takeSnapshot(310)) - group-284D998405A3: Finished taking a snapshot at:(t:1, i:0) file:/home/runner/work/ozone/ozone/hadoop-ozone/integration-test/target/test-dir/MiniOzoneClusterImpl-193d67db-d922-404e-9a90-1d0db3b45fdc/datanode-2/data/ratis/76930ac7-3147-44c0-97c2-284d998405a3/sm/snapshot.1_0 took: 1 ms
2022-02-10 16:31:09,591 [4d6136e5-74cd-4f55-94f0-c0ea6e146a4a@group-284D998405A3-StateMachineUpdater] INFO  impl.StateMachineUpdater (StateMachineUpdater.java:takeSnapshot(281)) - 4d6136e5-74cd-4f55-94f0-c0ea6e146a4a@group-284D998405A3-StateMachineUpdater: Took a snapshot at index 0
2022-02-10 16:31:09,591 [4d6136e5-74cd-4f55-94f0-c0ea6e146a4a@group-284D998405A3-StateMachineUpdater] INFO  impl.StateMachineUpdater (StateMachineUpdater.java:lambda$new$0(89)) - 4d6136e5-74cd-4f55-94f0-c0ea6e146a4a@group-284D998405A3-StateMachineUpdater: snapshotIndex: updateIncreasingly -1 -> 0
2022-02-10 16:31:09,592 [ForkJoinPool.commonPool-worker-1] INFO  server.RaftServer$Division (ServerState.java:close(419)) - 4d6136e5-74cd-4f55-94f0-c0ea6e146a4a@group-284D998405A3: closes. applyIndex: 0
2022-02-10 16:31:09,592 [4d6136e5-74cd-4f55-94f0-c0ea6e146a4a@group-284D998405A3-SegmentedRaftLogWorker] INFO  segmented.SegmentedRaftLogWorker (SegmentedRaftLogWorker.java:run(327)) - 4d6136e5-74cd-4f55-94f0-c0ea6e146a4a@group-284D998405A3-SegmentedRaftLogWorker was interrupted, exiting. There are 0 tasks remaining in the queue.
2022-02-10 16:31:09,593 [ForkJoinPool.commonPool-worker-1] INFO  segmented.SegmentedRaftLogWorker (SegmentedRaftLogWorker.java:close(237)) - 4d6136e5-74cd-4f55-94f0-c0ea6e146a4a@group-284D998405A3-SegmentedRaftLogWorker close()
2022-02-10 16:31:09,596 [ForkJoinPool.commonPool-worker-1] INFO  server.GrpcService (GrpcService.java:closeImpl(262)) - 4d6136e5-74cd-4f55-94f0-c0ea6e146a4a: shutdown server with port 37065 now
2022-02-10 16:31:09,611 [ForkJoinPool.commonPool-worker-1] INFO  server.GrpcService (GrpcService.java:closeImpl(271)) - 4d6136e5-74cd-4f55-94f0-c0ea6e146a4a: shutdown server with port 37065 successfully
2022-02-10 16:31:09,611 [org.apache.ratis.util.JvmPauseMonitor$$Lambda$431/358420740@10b64c3b] INFO  util.JvmPauseMonitor (JvmPauseMonitor.java:run(109)) - JvmPauseMonitor-4d6136e5-74cd-4f55-94f0-c0ea6e146a4a: Stopped
2022-02-10 16:31:09,895 [EndpointStateMachine task thread for /0.0.0.0:40191 - 0 ] INFO  ipc.Client (Client.java:handleConnectionFailure(977)) - Retrying connect to server: 0.0.0.0/0.0.0.0:40191. Already tried 13 time(s); retry policy is RetryUpToMaximumCountWithFixedSleep(maxRetries=15, sleepTime=1000 MILLISECONDS)
2022-02-10 16:31:10,895 [EndpointStateMachine task thread for /0.0.0.0:40191 - 0 ] INFO  ipc.Client (Client.java:handleConnectionFailure(977)) - Retrying connect to server: 0.0.0.0/0.0.0.0:40191. Already tried 14 time(s); retry policy is RetryUpToMaximumCountWithFixedSleep(maxRetries=15, sleepTime=1000 MILLISECONDS)
2022-02-10 16:31:10,896 [EndpointStateMachine task thread for /0.0.0.0:40191 - 0 ] WARN  statemachine.EndpointStateMachine (EndpointStateMachine.java:logIfNeeded(236)) - Unable to communicate to SCM server at 0.0.0.0:40191 for past 0 seconds.
java.net.ConnectException: Your endpoint configuration is wrong; For more details see:  http://wiki.apache.org/hadoop/UnsetHostnameOrPort
	at sun.reflect.NativeConstructorAccessorImpl.newInstance0(Native Method)
	at sun.reflect.NativeConstructorAccessorImpl.newInstance(NativeConstructorAccessorImpl.java:62)
	at sun.reflect.DelegatingConstructorAccessorImpl.newInstance(DelegatingConstructorAccessorImpl.java:45)
	at java.lang.reflect.Constructor.newInstance(Constructor.java:423)
	at org.apache.hadoop.net.NetUtils.wrapWithMessage(NetUtils.java:913)
	at org.apache.hadoop.net.NetUtils.wrapException(NetUtils.java:824)
	at org.apache.hadoop.ipc.Client.getRpcResponse(Client.java:1577)
	at org.apache.hadoop.ipc.Client.call(Client.java:1519)
	at org.apache.hadoop.ipc.Client.call(Client.java:1416)
	at org.apache.hadoop.ipc.ProtobufRpcEngine$Invoker.invoke(ProtobufRpcEngine.java:236)
	at org.apache.hadoop.ipc.ProtobufRpcEngine$Invoker.invoke(ProtobufRpcEngine.java:123)
	at com.sun.proxy.$Proxy49.submitRequest(Unknown Source)
	at org.apache.hadoop.ozone.protocolPB.StorageContainerDatanodeProtocolClientSideTranslatorPB.submitRequest(StorageContainerDatanodeProtocolClientSideTranslatorPB.java:117)
	at org.apache.hadoop.ozone.protocolPB.StorageContainerDatanodeProtocolClientSideTranslatorPB.getVersion(StorageContainerDatanodeProtocolClientSideTranslatorPB.java:133)
	at org.apache.hadoop.ozone.container.common.states.endpoint.VersionEndpointTask.call(VersionEndpointTask.java:71)
	at org.apache.hadoop.ozone.container.common.states.endpoint.VersionEndpointTask.call(VersionEndpointTask.java:42)
	at java.util.concurrent.FutureTask.run(FutureTask.java:266)
	at java.util.concurrent.ThreadPoolExecutor.runWorker(ThreadPoolExecutor.java:1149)
	at java.util.concurrent.ThreadPoolExecutor$Worker.run(ThreadPoolExecutor.java:624)
	at java.lang.Thread.run(Thread.java:748)
Caused by: java.net.ConnectException: Connection refused
	at sun.nio.ch.SocketChannelImpl.checkConnect(Native Method)
	at sun.nio.ch.SocketChannelImpl.finishConnect(SocketChannelImpl.java:716)
	at org.apache.hadoop.net.SocketIOWithTimeout.connect(SocketIOWithTimeout.java:206)
	at org.apache.hadoop.net.NetUtils.connect(NetUtils.java:586)
	at org.apache.hadoop.ipc.Client$Connection.setupConnection(Client.java:701)
	at org.apache.hadoop.ipc.Client$Connection.setupIOstreams(Client.java:822)
	at org.apache.hadoop.ipc.Client$Connection.access$3800(Client.java:414)
	at org.apache.hadoop.ipc.Client.getConnection(Client.java:1647)
	at org.apache.hadoop.ipc.Client.call(Client.java:1463)
	... 12 more
2022-02-10 16:31:11,655 [ForkJoinPool.commonPool-worker-1] INFO  utils.BackgroundService (BackgroundService.java:shutdown(132)) - Shutting down service BlockDeletingService
2022-02-10 16:31:11,897 [EndpointStateMachine task thread for /0.0.0.0:40191 - 0 ] INFO  ipc.Client (Client.java:handleConnectionFailure(977)) - Retrying connect to server: 0.0.0.0/0.0.0.0:40191. Already tried 0 time(s); retry policy is RetryUpToMaximumCountWithFixedSleep(maxRetries=15, sleepTime=1000 MILLISECONDS)
2022-02-10 16:31:12,898 [EndpointStateMachine task thread for /0.0.0.0:40191 - 0 ] INFO  ipc.Client (Client.java:handleConnectionFailure(977)) - Retrying connect to server: 0.0.0.0/0.0.0.0:40191. Already tried 1 time(s); retry policy is RetryUpToMaximumCountWithFixedSleep(maxRetries=15, sleepTime=1000 MILLISECONDS)
2022-02-10 16:31:13,899 [EndpointStateMachine task thread for /0.0.0.0:40191 - 0 ] INFO  ipc.Client (Client.java:handleConnectionFailure(977)) - Retrying connect to server: 0.0.0.0/0.0.0.0:40191. Already tried 2 time(s); retry policy is RetryUpToMaximumCountWithFixedSleep(maxRetries=15, sleepTime=1000 MILLISECONDS)
2022-02-10 16:31:14,659 [ForkJoinPool.commonPool-worker-1] INFO  statemachine.DatanodeStateMachine (DatanodeStateMachine.java:stopDaemon(529)) - Ozone container server stopped.
2022-02-10 16:31:14,666 [ForkJoinPool.commonPool-worker-1] INFO  handler.ContextHandler (ContextHandler.java:doStop(1153)) - Stopped o.e.j.w.WebAppContext@29b59915{hddsDatanode,/,null,STOPPED}{jar:file:/home/runner/.m2/repository/org/apache/ozone/hdds-container-service/1.3.0-SNAPSHOT/hdds-container-service-1.3.0-SNAPSHOT.jar!/webapps/hddsDatanode}
2022-02-10 16:31:14,671 [ForkJoinPool.commonPool-worker-1] INFO  server.AbstractConnector (AbstractConnector.java:doStop(381)) - Stopped ServerConnector@78f1cd09{HTTP/1.1, (http/1.1)}{0.0.0.0:0}
2022-02-10 16:31:14,671 [ForkJoinPool.commonPool-worker-1] INFO  server.session (HouseKeeper.java:stopScavenging(149)) - node0 Stopped scavenging
2022-02-10 16:31:14,671 [ForkJoinPool.commonPool-worker-1] INFO  handler.ContextHandler (ContextHandler.java:doStop(1153)) - Stopped o.e.j.s.ServletContextHandler@7f2e17f5{static,/static,jar:file:/home/runner/.m2/repository/org/apache/ozone/hdds-container-service/1.3.0-SNAPSHOT/hdds-container-service-1.3.0-SNAPSHOT.jar!/webapps/static,STOPPED}
2022-02-10 16:31:14,672 [ForkJoinPool.commonPool-worker-1] INFO  handler.ContextHandler (ContextHandler.java:doStop(1153)) - Stopped o.e.j.s.ServletContextHandler@6e68862c{logs,/logs,file:///home/runner/work/ozone/ozone/hadoop-ozone/integration-test/target/log,STOPPED}
2022-02-10 16:31:14,683 [Time-limited test] INFO  ozone.MiniOzoneClusterImpl (MiniOzoneClusterImpl.java:stopSCM(526)) - Stopping the StorageContainerManager
2022-02-10 16:31:14,683 [Time-limited test] INFO  server.StorageContainerManager (StorageContainerManager.java:stop(1390)) - Stopping Container Balancer service.
2022-02-10 16:31:14,683 [Time-limited test] INFO  balancer.ContainerBalancer (ContainerBalancer.java:stop(751)) - Container Balancer is not running.
2022-02-10 16:31:14,683 [Time-limited test] INFO  server.StorageContainerManager (StorageContainerManager.java:stop(1397)) - Stopping Replication Manager Service.
2022-02-10 16:31:14,684 [Time-limited test] INFO  container.ReplicationManager (ReplicationManager.java:stop(364)) - Replication Monitor Thread is not running.
2022-02-10 16:31:14,684 [Time-limited test] INFO  server.StorageContainerManager (StorageContainerManager.java:stop(1404)) - Stopping the Datanode Admin Monitor.
2022-02-10 16:31:14,684 [Time-limited test] INFO  server.StorageContainerManager (StorageContainerManager.java:stop(1411)) - Stopping Lease Manager of the command watchers
2022-02-10 16:31:14,684 [Time-limited test] ERROR server.StorageContainerManager (StorageContainerManager.java:stop(1414)) - Lease Manager of the command watchers stop failed
2022-02-10 16:31:14,684 [Time-limited test] INFO  server.StorageContainerManager (StorageContainerManager.java:stop(1418)) - Stopping datanode service RPC server
2022-02-10 16:31:14,684 [Time-limited test] INFO  server.SCMDatanodeProtocolServer (SCMDatanodeProtocolServer.java:stop(390)) - Stopping the RPC server for DataNodes
2022-02-10 16:31:14,684 [Time-limited test] INFO  ipc.Server (Server.java:stop(3414)) - Stopping server on 40191
2022-02-10 16:31:14,684 [Time-limited test] INFO  server.StorageContainerManager (StorageContainerManager.java:stop(1426)) - Stopping block service RPC server
2022-02-10 16:31:14,684 [Time-limited test] INFO  server.SCMBlockProtocolServer (SCMBlockProtocolServer.java:stop(160)) - Stopping the RPC server for Block Protocol
2022-02-10 16:31:14,684 [Time-limited test] INFO  ipc.Server (Server.java:stop(3414)) - Stopping server on 43081
2022-02-10 16:31:14,684 [Time-limited test] INFO  server.StorageContainerManager (StorageContainerManager.java:stop(1433)) - Stopping the StorageContainerLocationProtocol RPC server
2022-02-10 16:31:14,684 [Time-limited test] INFO  server.SCMClientProtocolServer (SCMClientProtocolServer.java:stop(174)) - Stopping the RPC server for Client Protocol
2022-02-10 16:31:14,684 [Time-limited test] INFO  ipc.Server (Server.java:stop(3414)) - Stopping server on 34443
2022-02-10 16:31:14,684 [Time-limited test] INFO  server.StorageContainerManager (StorageContainerManager.java:stop(1440)) - Stopping Storage Container Manager HTTP server.
2022-02-10 16:31:14,685 [Time-limited test] INFO  server.StorageContainerManager (StorageContainerManager.java:stop(1451)) - Stopping Block Manager Service.
2022-02-10 16:31:14,685 [Time-limited test] INFO  utils.BackgroundService (BackgroundService.java:shutdown(132)) - Shutting down service SCMBlockDeletingService
2022-02-10 16:31:14,685 [Time-limited test] INFO  utils.BackgroundService (BackgroundService.java:shutdown(132)) - Shutting down service SCMBlockDeletingService
2022-02-10 16:31:14,685 [Time-limited test] INFO  server.StorageContainerManager (StorageContainerManager.java:stop(1478)) - Stopping SCM Event Queue.
2022-02-10 16:31:14,685 [Time-limited test] INFO  server.StorageContainerManager (StorageContainerManager.java:stop(1489)) - Stopping SCM HA services.
2022-02-10 16:31:14,685 [Time-limited test] INFO  ha.SCMRatisServerImpl (SCMRatisServerImpl.java:stop(236)) - stopping ratis server 0.0.0.0:9894
2022-02-10 16:31:14,685 [Time-limited test] WARN  pipeline.BackgroundPipelineCreator (BackgroundPipelineCreator.java:stop(154)) - RatisPipelineUtilsThread is not running, just ignore.
2022-02-10 16:31:14,685 [Time-limited test] INFO  server.StorageContainerManager (StorageContainerManager.java:stop(1499)) - Stopping SCM MetadataStore.
2022-02-10 16:31:14,685 [Time-limited test] INFO  impl.MetricsSystemImpl (MetricsSystemImpl.java:stop(210)) - Stopping HddsDatanode metrics system...
2022-02-10 16:31:14,686 [prometheus] INFO  impl.MetricsSinkAdapter (MetricsSinkAdapter.java:publishMetricsFromQueue(141)) - prometheus thread interrupted.
2022-02-10 16:31:14,686 [Time-limited test] INFO  impl.MetricsSystemImpl (MetricsSystemImpl.java:stop(216)) - HddsDatanode metrics system stopped.
]]></system-out>
  </testcase>
  <testcase name="testDatanodeIDPersistent" classname="org.apache.hadoop.ozone.TestMiniOzoneCluster" time="0.127"/>
  <testcase name="testContainerRandomPort" classname="org.apache.hadoop.ozone.TestMiniOzoneCluster" time="26.221"/>
</testsuite>