<?xml version="1.0" encoding="UTF-8"?>
<testsuite xmlns:xsi="http://www.w3.org/2001/XMLSchema-instance" xsi:noNamespaceSchemaLocation="https://maven.apache.org/surefire/maven-surefire-plugin/xsd/surefire-test-report.xsd" name="org.apache.hadoop.ozone.om.TestAddRemoveOzoneManager" time="272.915" tests="4" errors="0" skipped="0" failures="1">
  <properties>
    <property name="awt.toolkit" value="sun.awt.X11.XToolkit"/>
    <property name="file.encoding.pkg" value="sun.io"/>
    <property name="java.specification.version" value="1.8"/>
    <property name="sun.cpu.isalist" value=""/>
    <property name="sun.jnu.encoding" value="UTF-8"/>
    <property name="java.class.path" value="/home/runner/work/ozone/ozone/hadoop-ozone/integration-test/target/test-classes:/home/runner/work/ozone/ozone/hadoop-ozone/integration-test/target/classes:/home/runner/.m2/repository/org/apache/ozone/ozone-common/1.3.0-SNAPSHOT/ozone-common-1.3.0-SNAPSHOT.jar:/home/runner/.m2/repository/org/apache/commons/commons-compress/1.21/commons-compress-1.21.jar:/home/runner/.m2/repository/org/apache/ozone/hdds-common/1.3.0-SNAPSHOT/hdds-common-1.3.0-SNAPSHOT.jar:/home/runner/.m2/repository/org/apache/ozone/hdds-client/1.3.0-SNAPSHOT/hdds-client-1.3.0-SNAPSHOT.jar:/home/runner/.m2/repository/org/apache/ozone/ozone-interface-client/1.3.0-SNAPSHOT/ozone-interface-client-1.3.0-SNAPSHOT.jar:/home/runner/.m2/repository/org/apache/ozone/hdds-test-utils/1.3.0-SNAPSHOT/hdds-test-utils-1.3.0-SNAPSHOT.jar:/home/runner/.m2/repository/com/google/guava/guava/30.1.1-jre/guava-30.1.1-jre.jar:/home/runner/.m2/repository/com/google/guava/failureaccess/1.0.1/failureaccess-1.0.1.jar:/home/runner/.m2/repository/com/google/guava/listenablefuture/9999.0-empty-to-avoid-conflict-with-guava/listenablefuture-9999.0-empty-to-avoid-conflict-with-guava.jar:/home/runner/.m2/repository/com/google/code/findbugs/jsr305/3.0.0/jsr305-3.0.0.jar:/home/runner/.m2/repository/org/checkerframework/checker-qual/3.8.0/checker-qual-3.8.0.jar:/home/runner/.m2/repository/com/google/errorprone/error_prone_annotations/2.2.0/error_prone_annotations-2.2.0.jar:/home/runner/.m2/repository/com/google/j2objc/j2objc-annotations/1.3/j2objc-annotations-1.3.jar:/home/runner/.m2/repository/commons-io/commons-io/2.11.0/commons-io-2.11.0.jar:/home/runner/.m2/repository/commons-logging/commons-logging/1.2/commons-logging-1.2.jar:/home/runner/.m2/repository/log4j/log4j/1.2.17/log4j-1.2.17.jar:/home/runner/.m2/repository/org/slf4j/slf4j-api/1.7.30/slf4j-api-1.7.30.jar:/home/runner/.m2/repository/org/apache/ozone/hdds-server-scm/1.3.0-SNAPSHOT/hdds-server-scm-1.3.0-SNAPSHOT.jar:/home/runner/.m2/repository/org/apache/ozone/hdds-container-service/1.3.0-SNAPSHOT/hdds-container-service-1.3.0-SNAPSHOT.jar:/home/runner/.m2/repository/org/apache/ozone/hdds-hadoop-dependency-server/1.3.0-SNAPSHOT/hdds-hadoop-dependency-server-1.3.0-SNAPSHOT.jar:/home/runner/.m2/repository/org/apache/hadoop/hadoop-hdfs/3.3.1/hadoop-hdfs-3.3.1.jar:/home/runner/.m2/repository/org/apache/ozone/hdds-server-framework/1.3.0-SNAPSHOT/hdds-server-framework-1.3.0-SNAPSHOT.jar:/home/runner/.m2/repository/org/apache/ozone/hdds-interface-server/1.3.0-SNAPSHOT/hdds-interface-server-1.3.0-SNAPSHOT.jar:/home/runner/.m2/repository/org/eclipse/jetty/jetty-servlet/9.4.43.v20210629/jetty-servlet-9.4.43.v20210629.jar:/home/runner/.m2/repository/org/eclipse/jetty/jetty-security/9.4.43.v20210629/jetty-security-9.4.43.v20210629.jar:/home/runner/.m2/repository/org/rocksdb/rocksdbjni/6.25.3/rocksdbjni-6.25.3.jar:/home/runner/.m2/repository/io/prometheus/simpleclient_dropwizard/0.7.0/simpleclient_dropwizard-0.7.0.jar:/home/runner/.m2/repository/io/prometheus/simpleclient/0.7.0/simpleclient-0.7.0.jar:/home/runner/.m2/repository/io/prometheus/simpleclient_common/0.7.0/simpleclient_common-0.7.0.jar:/home/runner/.m2/repository/com/fasterxml/jackson/datatype/jackson-datatype-jsr310/2.12.1/jackson-datatype-jsr310-2.12.1.jar:/home/runner/.m2/repository/io/dropwizard/metrics/metrics-core/3.2.4/metrics-core-3.2.4.jar:/home/runner/.m2/repository/org/apache/hadoop/hadoop-hdfs-client/3.3.1/hadoop-hdfs-client-3.3.1.jar:/home/runner/.m2/repository/org/bouncycastle/bcprov-jdk15on/1.67/bcprov-jdk15on-1.67.jar:/home/runner/.m2/repository/com/google/protobuf/protobuf-java/2.5.0/protobuf-java-2.5.0.jar:/home/runner/.m2/repository/org/apache/ozone/ozone-manager/1.3.0-SNAPSHOT/ozone-manager-1.3.0-SNAPSHOT.jar:/home/runner/.m2/repository/org/aspectj/aspectjrt/1.9.7/aspectjrt-1.9.7.jar:/home/runner/.m2/repository/org/aspectj/aspectjweaver/1.9.7/aspectjweaver-1.9.7.jar:/home/runner/.m2/repository/org/apache/ozone/hdds-interface-client/1.3.0-SNAPSHOT/hdds-interface-client-1.3.0-SNAPSHOT.jar:/home/runner/.m2/repository/org/apache/hadoop/thirdparty/hadoop-shaded-protobuf_3_7/1.1.1/hadoop-shaded-protobuf_3_7-1.1.1.jar:/home/runner/.m2/repository/org/apache/ozone/ozone-interface-storage/1.3.0-SNAPSHOT/ozone-interface-storage-1.3.0-SNAPSHOT.jar:/home/runner/.m2/repository/org/reflections/reflections/0.9.11/reflections-0.9.11.jar:/home/runner/.m2/repository/org/apache/hadoop/hadoop-minikdc/3.3.1/hadoop-minikdc-3.3.1.jar:/home/runner/.m2/repository/org/apache/kerby/kerb-simplekdc/1.0.1/kerb-simplekdc-1.0.1.jar:/home/runner/.m2/repository/org/apache/kerby/kerb-client/1.0.1/kerb-client-1.0.1.jar:/home/runner/.m2/repository/org/apache/kerby/kerby-config/1.0.1/kerby-config-1.0.1.jar:/home/runner/.m2/repository/org/apache/kerby/kerb-common/1.0.1/kerb-common-1.0.1.jar:/home/runner/.m2/repository/org/apache/kerby/kerb-crypto/1.0.1/kerb-crypto-1.0.1.jar:/home/runner/.m2/repository/org/apache/kerby/kerb-util/1.0.1/kerb-util-1.0.1.jar:/home/runner/.m2/repository/org/apache/kerby/token-provider/1.0.1/token-provider-1.0.1.jar:/home/runner/.m2/repository/org/apache/kerby/kerb-admin/1.0.1/kerb-admin-1.0.1.jar:/home/runner/.m2/repository/org/apache/kerby/kerb-server/1.0.1/kerb-server-1.0.1.jar:/home/runner/.m2/repository/org/apache/kerby/kerb-identity/1.0.1/kerb-identity-1.0.1.jar:/home/runner/.m2/repository/org/apache/kerby/kerby-xdr/1.0.1/kerby-xdr-1.0.1.jar:/home/runner/.m2/repository/org/slf4j/slf4j-log4j12/1.7.30/slf4j-log4j12-1.7.30.jar:/home/runner/.m2/repository/org/apache/ozone/ozone-s3gateway/1.3.0-SNAPSHOT/ozone-s3gateway-1.3.0-SNAPSHOT.jar:/home/runner/.m2/repository/org/javassist/javassist/3.21.0-GA/javassist-3.21.0-GA.jar:/home/runner/.m2/repository/org/jboss/weld/servlet/weld-servlet/2.4.7.Final/weld-servlet-2.4.7.Final.jar:/home/runner/.m2/repository/org/glassfish/jersey/containers/jersey-container-servlet-core/2.33/jersey-container-servlet-core-2.33.jar:/home/runner/.m2/repository/org/glassfish/hk2/external/jakarta.inject/2.6.1/jakarta.inject-2.6.1.jar:/home/runner/.m2/repository/org/glassfish/jersey/core/jersey-common/2.33/jersey-common-2.33.jar:/home/runner/.m2/repository/jakarta/ws/rs/jakarta.ws.rs-api/2.1.6/jakarta.ws.rs-api-2.1.6.jar:/home/runner/.m2/repository/org/glassfish/jersey/ext/cdi/jersey-cdi1x/2.33/jersey-cdi1x-2.33.jar:/home/runner/.m2/repository/org/glassfish/jersey/inject/jersey-hk2/2.33/jersey-hk2-2.33.jar:/home/runner/.m2/repository/org/glassfish/hk2/hk2-locator/2.6.1/hk2-locator-2.6.1.jar:/home/runner/.m2/repository/org/glassfish/jersey/media/jersey-media-jaxb/2.33/jersey-media-jaxb-2.33.jar:/home/runner/.m2/repository/org/glassfish/hk2/osgi-resource-locator/1.0.3/osgi-resource-locator-1.0.3.jar:/home/runner/.m2/repository/org/glassfish/hk2/hk2-api/2.5.0/hk2-api-2.5.0.jar:/home/runner/.m2/repository/org/glassfish/hk2/hk2-utils/2.5.0/hk2-utils-2.5.0.jar:/home/runner/.m2/repository/org/glassfish/hk2/external/aopalliance-repackaged/2.5.0/aopalliance-repackaged-2.5.0.jar:/home/runner/.m2/repository/com/fasterxml/jackson/dataformat/jackson-dataformat-xml/2.12.1/jackson-dataformat-xml-2.12.1.jar:/home/runner/.m2/repository/com/fasterxml/jackson/core/jackson-core/2.12.1/jackson-core-2.12.1.jar:/home/runner/.m2/repository/com/fasterxml/jackson/module/jackson-module-jaxb-annotations/2.12.1/jackson-module-jaxb-annotations-2.12.1.jar:/home/runner/.m2/repository/jakarta/xml/bind/jakarta.xml.bind-api/2.3.2/jakarta.xml.bind-api-2.3.2.jar:/home/runner/.m2/repository/org/codehaus/woodstox/stax2-api/3.1.4/stax2-api-3.1.4.jar:/home/runner/.m2/repository/com/fasterxml/woodstox/woodstox-core/5.0.3/woodstox-core-5.0.3.jar:/home/runner/.m2/repository/javax/enterprise/cdi-api/1.2/cdi-api-1.2.jar:/home/runner/.m2/repository/javax/el/javax.el-api/3.0.0/javax.el-api-3.0.0.jar:/home/runner/.m2/repository/javax/interceptor/javax.interceptor-api/1.2/javax.interceptor-api-1.2.jar:/home/runner/.m2/repository/javax/inject/javax.inject/1/javax.inject-1.jar:/home/runner/.m2/repository/javax/xml/bind/jaxb-api/2.3.0/jaxb-api-2.3.0.jar:/home/runner/.m2/repository/org/glassfish/jaxb/jaxb-runtime/2.3.0.1/jaxb-runtime-2.3.0.1.jar:/home/runner/.m2/repository/org/glassfish/jaxb/jaxb-core/2.3.0.1/jaxb-core-2.3.0.1.jar:/home/runner/.m2/repository/org/glassfish/jaxb/txw2/2.3.0.1/txw2-2.3.0.1.jar:/home/runner/.m2/repository/com/sun/istack/istack-commons-runtime/3.0.5/istack-commons-runtime-3.0.5.jar:/home/runner/.m2/repository/org/jvnet/staxex/stax-ex/1.7.8/stax-ex-1.7.8.jar:/home/runner/.m2/repository/com/sun/xml/fastinfoset/FastInfoset/1.2.13/FastInfoset-1.2.13.jar:/home/runner/.m2/repository/javax/activation/activation/1.1.1/activation-1.1.1.jar:/home/runner/.m2/repository/org/apache/ozone/ozone-csi/1.3.0-SNAPSHOT/ozone-csi-1.3.0-SNAPSHOT.jar:/home/runner/.m2/repository/com/google/protobuf/protobuf-java-util/3.12.0/protobuf-java-util-3.12.0.jar:/home/runner/.m2/repository/com/google/code/gson/gson/2.2.4/gson-2.2.4.jar:/home/runner/.m2/repository/org/apache/ozone/hdds-config/1.3.0-SNAPSHOT/hdds-config-1.3.0-SNAPSHOT.jar:/home/runner/.m2/repository/io/grpc/grpc-netty/1.33.0/grpc-netty-1.33.0.jar:/home/runner/.m2/repository/io/grpc/grpc-core/1.33.0/grpc-core-1.33.0.jar:/home/runner/.m2/repository/com/google/android/annotations/4.1.1.4/annotations-4.1.1.4.jar:/home/runner/.m2/repository/io/netty/netty-codec-http2/4.1.63.Final/netty-codec-http2-4.1.63.Final.jar:/home/runner/.m2/repository/io/netty/netty-codec-http/4.1.63.Final/netty-codec-http-4.1.63.Final.jar:/home/runner/.m2/repository/io/netty/netty-handler-proxy/4.1.63.Final/netty-handler-proxy-4.1.63.Final.jar:/home/runner/.m2/repository/io/netty/netty-codec-socks/4.1.63.Final/netty-codec-socks-4.1.63.Final.jar:/home/runner/.m2/repository/io/perfmark/perfmark-api/0.19.0/perfmark-api-0.19.0.jar:/home/runner/.m2/repository/org/codehaus/mojo/animal-sniffer-annotations/1.18/animal-sniffer-annotations-1.18.jar:/home/runner/.m2/repository/io/netty/netty-transport-native-epoll/4.1.63.Final/netty-transport-native-epoll-4.1.63.Final.jar:/home/runner/.m2/repository/io/netty/netty-common/4.1.63.Final/netty-common-4.1.63.Final.jar:/home/runner/.m2/repository/io/netty/netty-buffer/4.1.63.Final/netty-buffer-4.1.63.Final.jar:/home/runner/.m2/repository/io/netty/netty-transport-native-unix-common/4.1.63.Final/netty-transport-native-unix-common-4.1.63.Final.jar:/home/runner/.m2/repository/io/grpc/grpc-protobuf/1.33.0/grpc-protobuf-1.33.0.jar:/home/runner/.m2/repository/io/grpc/grpc-api/1.33.0/grpc-api-1.33.0.jar:/home/runner/.m2/repository/io/grpc/grpc-context/1.33.0/grpc-context-1.33.0.jar:/home/runner/.m2/repository/com/google/api/grpc/proto-google-common-protos/1.17.0/proto-google-common-protos-1.17.0.jar:/home/runner/.m2/repository/io/grpc/grpc-protobuf-lite/1.33.0/grpc-protobuf-lite-1.33.0.jar:/home/runner/.m2/repository/io/grpc/grpc-stub/1.33.0/grpc-stub-1.33.0.jar:/home/runner/.m2/repository/org/apache/ozone/ozone-recon/1.3.0-SNAPSHOT/ozone-recon-1.3.0-SNAPSHOT.jar:/home/runner/.m2/repository/org/apache/ozone/ozone-reconcodegen/1.3.0-SNAPSHOT/ozone-reconcodegen-1.3.0-SNAPSHOT.jar:/home/runner/.m2/repository/com/google/inject/extensions/guice-multibindings/4.0/guice-multibindings-4.0.jar:/home/runner/.m2/repository/com/google/inject/guice/4.0/guice-4.0.jar:/home/runner/.m2/repository/aopalliance/aopalliance/1.0/aopalliance-1.0.jar:/home/runner/.m2/repository/com/google/inject/extensions/guice-assistedinject/4.0/guice-assistedinject-4.0.jar:/home/runner/.m2/repository/com/google/inject/extensions/guice-servlet/4.0/guice-servlet-4.0.jar:/home/runner/.m2/repository/org/glassfish/jersey/containers/jersey-container-servlet/2.33/jersey-container-servlet-2.33.jar:/home/runner/.m2/repository/org/glassfish/hk2/guice-bridge/2.5.0/guice-bridge-2.5.0.jar:/home/runner/.m2/repository/org/glassfish/jersey/core/jersey-server/2.33/jersey-server-2.33.jar:/home/runner/.m2/repository/org/glassfish/jersey/core/jersey-client/2.33/jersey-client-2.33.jar:/home/runner/.m2/repository/jakarta/annotation/jakarta.annotation-api/1.3.5/jakarta.annotation-api-1.3.5.jar:/home/runner/.m2/repository/jakarta/validation/jakarta.validation-api/2.0.2/jakarta.validation-api-2.0.2.jar:/home/runner/.m2/repository/org/glassfish/jersey/media/jersey-media-json-jackson/2.33/jersey-media-json-jackson-2.33.jar:/home/runner/.m2/repository/org/glassfish/jersey/ext/jersey-entity-filtering/2.33/jersey-entity-filtering-2.33.jar:/home/runner/.m2/repository/org/jooq/jooq/3.11.10/jooq-3.11.10.jar:/home/runner/.m2/repository/org/jooq/jooq-meta/3.11.10/jooq-meta-3.11.10.jar:/home/runner/.m2/repository/org/jooq/jooq-codegen/3.11.10/jooq-codegen-3.11.10.jar:/home/runner/.m2/repository/com/jolbox/bonecp/0.8.0.RELEASE/bonecp-0.8.0.RELEASE.jar:/home/runner/.m2/repository/org/apache/derby/derby/10.14.2.0/derby-10.14.2.0.jar:/home/runner/.m2/repository/org/xerial/sqlite-jdbc/3.25.2/sqlite-jdbc-3.25.2.jar:/home/runner/.m2/repository/org/springframework/spring-jdbc/5.2.18.RELEASE/spring-jdbc-5.2.18.RELEASE.jar:/home/runner/.m2/repository/org/springframework/spring-beans/5.2.18.RELEASE/spring-beans-5.2.18.RELEASE.jar:/home/runner/.m2/repository/org/springframework/spring-core/5.2.18.RELEASE/spring-core-5.2.18.RELEASE.jar:/home/runner/.m2/repository/org/springframework/spring-jcl/5.2.18.RELEASE/spring-jcl-5.2.18.RELEASE.jar:/home/runner/.m2/repository/org/springframework/spring-tx/5.2.18.RELEASE/spring-tx-5.2.18.RELEASE.jar:/home/runner/.m2/repository/org/apache/ozone/ozone-client/1.3.0-SNAPSHOT/ozone-client-1.3.0-SNAPSHOT.jar:/home/runner/.m2/repository/org/apache/ozone/ozone-filesystem/1.3.0-SNAPSHOT/ozone-filesystem-1.3.0-SNAPSHOT.jar:/home/runner/.m2/repository/org/apache/ozone/ozone-filesystem-common/1.3.0-SNAPSHOT/ozone-filesystem-common-1.3.0-SNAPSHOT.jar:/home/runner/.m2/repository/org/apache/ozone/ozone-tools/1.3.0-SNAPSHOT/ozone-tools-1.3.0-SNAPSHOT.jar:/home/runner/.m2/repository/org/apache/ratis/ratis-tools/2.2.0/ratis-tools-2.2.0.jar:/home/runner/.m2/repository/com/amazonaws/aws-java-sdk-core/1.12.124/aws-java-sdk-core-1.12.124.jar:/home/runner/.m2/repository/org/apache/httpcomponents/httpclient/4.5.13/httpclient-4.5.13.jar:/home/runner/.m2/repository/org/apache/httpcomponents/httpcore/4.4.13/httpcore-4.4.13.jar:/home/runner/.m2/repository/software/amazon/ion/ion-java/1.0.2/ion-java-1.0.2.jar:/home/runner/.m2/repository/com/fasterxml/jackson/dataformat/jackson-dataformat-cbor/2.12.1/jackson-dataformat-cbor-2.12.1.jar:/home/runner/.m2/repository/joda-time/joda-time/2.8.1/joda-time-2.8.1.jar:/home/runner/.m2/repository/com/amazonaws/aws-java-sdk-s3/1.12.124/aws-java-sdk-s3-1.12.124.jar:/home/runner/.m2/repository/com/amazonaws/aws-java-sdk-kms/1.12.124/aws-java-sdk-kms-1.12.124.jar:/home/runner/.m2/repository/com/amazonaws/jmespath-java/1.12.124/jmespath-java-1.12.124.jar:/home/runner/.m2/repository/org/kohsuke/metainf-services/metainf-services/1.8/metainf-services-1.8.jar:/home/runner/.m2/repository/org/apache/ozone/hdds-tools/1.3.0-SNAPSHOT/hdds-tools-1.3.0-SNAPSHOT.jar:/home/runner/.m2/repository/commons-cli/commons-cli/1.2/commons-cli-1.2.jar:/home/runner/.m2/repository/org/apache/commons/commons-lang3/3.7/commons-lang3-3.7.jar:/home/runner/.m2/repository/org/apache/ozone/ozone-manager/1.3.0-SNAPSHOT/ozone-manager-1.3.0-SNAPSHOT-tests.jar:/home/runner/.m2/repository/org/apache/ozone/hdds-common/1.3.0-SNAPSHOT/hdds-common-1.3.0-SNAPSHOT-tests.jar:/home/runner/.m2/repository/org/apache/ozone/hdds-hadoop-dependency-client/1.3.0-SNAPSHOT/hdds-hadoop-dependency-client-1.3.0-SNAPSHOT.jar:/home/runner/.m2/repository/info/picocli/picocli/4.6.1/picocli-4.6.1.jar:/home/runner/.m2/repository/com/fasterxml/jackson/core/jackson-annotations/2.12.1/jackson-annotations-2.12.1.jar:/home/runner/.m2/repository/javax/annotation/javax.annotation-api/1.2/javax.annotation-api-1.2.jar:/home/runner/.m2/repository/org/apache/ratis/ratis-server/2.2.0/ratis-server-2.2.0.jar:/home/runner/.m2/repository/org/apache/ratis/ratis-client/2.2.0/ratis-client-2.2.0.jar:/home/runner/.m2/repository/org/apache/ratis/ratis-server-api/2.2.0/ratis-server-api-2.2.0.jar:/home/runner/.m2/repository/org/apache/ratis/ratis-metrics/2.2.0/ratis-metrics-2.2.0.jar:/home/runner/.m2/repository/org/apache/ratis/ratis-netty/2.2.0/ratis-netty-2.2.0.jar:/home/runner/.m2/repository/org/apache/ratis/ratis-grpc/2.2.0/ratis-grpc-2.2.0.jar:/home/runner/.m2/repository/org/apache/logging/log4j/log4j-api/2.17.1/log4j-api-2.17.1.jar:/home/runner/.m2/repository/org/apache/logging/log4j/log4j-core/2.17.1/log4j-core-2.17.1.jar:/home/runner/.m2/repository/com/lmax/disruptor/3.4.2/disruptor-3.4.2.jar:/home/runner/.m2/repository/org/apache/commons/commons-pool2/2.6.0/commons-pool2-2.6.0.jar:/home/runner/.m2/repository/org/bouncycastle/bcpkix-jdk15on/1.67/bcpkix-jdk15on-1.67.jar:/home/runner/.m2/repository/commons-validator/commons-validator/1.6/commons-validator-1.6.jar:/home/runner/.m2/repository/commons-beanutils/commons-beanutils/1.9.4/commons-beanutils-1.9.4.jar:/home/runner/.m2/repository/commons-digester/commons-digester/1.8.1/commons-digester-1.8.1.jar:/home/runner/.m2/repository/commons-collections/commons-collections/3.2.2/commons-collections-3.2.2.jar:/home/runner/.m2/repository/io/jaegertracing/jaeger-client/1.6.0/jaeger-client-1.6.0.jar:/home/runner/.m2/repository/io/jaegertracing/jaeger-thrift/1.6.0/jaeger-thrift-1.6.0.jar:/home/runner/.m2/repository/org/apache/thrift/libthrift/0.14.1/libthrift-0.14.1.jar:/home/runner/.m2/repository/com/squareup/okhttp3/okhttp/4.9.0/okhttp-4.9.0.jar:/home/runner/.m2/repository/com/squareup/okio/okio/2.8.0/okio-2.8.0.jar:/home/runner/.m2/repository/io/jaegertracing/jaeger-core/1.6.0/jaeger-core-1.6.0.jar:/home/runner/.m2/repository/io/jaegertracing/jaeger-tracerresolver/1.6.0/jaeger-tracerresolver-1.6.0.jar:/home/runner/.m2/repository/io/opentracing/contrib/opentracing-tracerresolver/0.1.8/opentracing-tracerresolver-0.1.8.jar:/home/runner/.m2/repository/org/jetbrains/kotlin/kotlin-stdlib/1.4.31/kotlin-stdlib-1.4.31.jar:/home/runner/.m2/repository/org/jetbrains/kotlin/kotlin-stdlib-common/1.4.31/kotlin-stdlib-common-1.4.31.jar:/home/runner/.m2/repository/org/jetbrains/annotations/13.0/annotations-13.0.jar:/home/runner/.m2/repository/io/opentracing/opentracing-util/0.33.0/opentracing-util-0.33.0.jar:/home/runner/.m2/repository/io/opentracing/opentracing-api/0.33.0/opentracing-api-0.33.0.jar:/home/runner/.m2/repository/io/opentracing/opentracing-noop/0.33.0/opentracing-noop-0.33.0.jar:/home/runner/.m2/repository/org/yaml/snakeyaml/1.26/snakeyaml-1.26.jar:/home/runner/.m2/repository/org/apache/ozone/hdds-interface-admin/1.3.0-SNAPSHOT/hdds-interface-admin-1.3.0-SNAPSHOT.jar:/home/runner/.m2/repository/junit/junit/4.13.1/junit-4.13.1.jar:/home/runner/.m2/repository/org/hamcrest/hamcrest-core/1.3/hamcrest-core-1.3.jar:/home/runner/.m2/repository/org/junit/jupiter/junit-jupiter-api/5.7.0/junit-jupiter-api-5.7.0.jar:/home/runner/.m2/repository/org/apiguardian/apiguardian-api/1.1.0/apiguardian-api-1.1.0.jar:/home/runner/.m2/repository/org/opentest4j/opentest4j/1.2.0/opentest4j-1.2.0.jar:/home/runner/.m2/repository/org/junit/platform/junit-platform-commons/1.7.0/junit-platform-commons-1.7.0.jar:/home/runner/.m2/repository/org/junit/jupiter/junit-jupiter-engine/5.7.0/junit-jupiter-engine-5.7.0.jar:/home/runner/.m2/repository/org/junit/platform/junit-platform-engine/1.7.0/junit-platform-engine-1.7.0.jar:/home/runner/.m2/repository/org/junit/vintage/junit-vintage-engine/5.7.0/junit-vintage-engine-5.7.0.jar:/home/runner/.m2/repository/org/junit/platform/junit-platform-launcher/1.7.0/junit-platform-launcher-1.7.0.jar:/home/runner/.m2/repository/org/mockito/mockito-core/2.28.2/mockito-core-2.28.2.jar:/home/runner/.m2/repository/net/bytebuddy/byte-buddy/1.9.10/byte-buddy-1.9.10.jar:/home/runner/.m2/repository/net/bytebuddy/byte-buddy-agent/1.9.10/byte-buddy-agent-1.9.10.jar:/home/runner/.m2/repository/org/objenesis/objenesis/1.0/objenesis-1.0.jar:/home/runner/.m2/repository/org/apache/hadoop/hadoop-kms/3.3.1/hadoop-kms-3.3.1.jar:/home/runner/.m2/repository/org/apache/hadoop/hadoop-auth/3.3.1/hadoop-auth-3.3.1.jar:/home/runner/.m2/repository/com/nimbusds/nimbus-jose-jwt/7.9/nimbus-jose-jwt-7.9.jar:/home/runner/.m2/repository/com/github/stephenc/jcip/jcip-annotations/1.0-1/jcip-annotations-1.0-1.jar:/home/runner/.m2/repository/net/minidev/json-smart/2.3.1/json-smart-2.3.1.jar:/home/runner/.m2/repository/net/minidev/accessors-smart/2.3.1/accessors-smart-2.3.1.jar:/home/runner/.m2/repository/org/ow2/asm/asm/5.0.4/asm-5.0.4.jar:/home/runner/.m2/repository/org/apache/zookeeper/zookeeper/3.5.6/zookeeper-3.5.6.jar:/home/runner/.m2/repository/org/apache/zookeeper/zookeeper-jute/3.5.6/zookeeper-jute-3.5.6.jar:/home/runner/.m2/repository/org/apache/yetus/audience-annotations/0.5.0/audience-annotations-0.5.0.jar:/home/runner/.m2/repository/org/apache/curator/curator-framework/4.2.0/curator-framework-4.2.0.jar:/home/runner/.m2/repository/org/apache/hadoop/thirdparty/hadoop-shaded-guava/1.1.1/hadoop-shaded-guava-1.1.1.jar:/home/runner/.m2/repository/com/sun/jersey/jersey-core/1.19/jersey-core-1.19.jar:/home/runner/.m2/repository/javax/ws/rs/jsr311-api/1.1.1/jsr311-api-1.1.1.jar:/home/runner/.m2/repository/com/sun/jersey/jersey-server/1.19/jersey-server-1.19.jar:/home/runner/.m2/repository/javax/servlet/javax.servlet-api/3.1.0/javax.servlet-api-3.1.0.jar:/home/runner/.m2/repository/org/eclipse/jetty/jetty-server/9.4.43.v20210629/jetty-server-9.4.43.v20210629.jar:/home/runner/.m2/repository/org/eclipse/jetty/jetty-http/9.4.43.v20210629/jetty-http-9.4.43.v20210629.jar:/home/runner/.m2/repository/org/eclipse/jetty/jetty-io/9.4.43.v20210629/jetty-io-9.4.43.v20210629.jar:/home/runner/.m2/repository/org/eclipse/jetty/jetty-webapp/9.4.43.v20210629/jetty-webapp-9.4.43.v20210629.jar:/home/runner/.m2/repository/org/eclipse/jetty/jetty-xml/9.4.43.v20210629/jetty-xml-9.4.43.v20210629.jar:/home/runner/.m2/repository/org/apache/hadoop/hadoop-common/3.3.1/hadoop-common-3.3.1.jar:/home/runner/.m2/repository/org/apache/commons/commons-math3/3.1.1/commons-math3-3.1.1.jar:/home/runner/.m2/repository/commons-net/commons-net/3.6/commons-net-3.6.jar:/home/runner/.m2/repository/jakarta/activation/jakarta.activation-api/1.2.1/jakarta.activation-api-1.2.1.jar:/home/runner/.m2/repository/com/sun/jersey/jersey-servlet/1.19/jersey-servlet-1.19.jar:/home/runner/.m2/repository/com/sun/jersey/jersey-json/1.19/jersey-json-1.19.jar:/home/runner/.m2/repository/org/codehaus/jettison/jettison/1.1/jettison-1.1.jar:/home/runner/.m2/repository/com/sun/xml/bind/jaxb-impl/2.2.3-1/jaxb-impl-2.2.3-1.jar:/home/runner/.m2/repository/org/codehaus/jackson/jackson-jaxrs/1.9.2/jackson-jaxrs-1.9.2.jar:/home/runner/.m2/repository/org/codehaus/jackson/jackson-xc/1.9.2/jackson-xc-1.9.2.jar:/home/runner/.m2/repository/org/apache/commons/commons-configuration2/2.1.1/commons-configuration2-2.1.1.jar:/home/runner/.m2/repository/org/apache/commons/commons-text/1.4/commons-text-1.4.jar:/home/runner/.m2/repository/com/google/re2j/re2j/1.1/re2j-1.1.jar:/home/runner/.m2/repository/com/jcraft/jsch/0.1.54/jsch-0.1.54.jar:/home/runner/.m2/repository/org/apache/curator/curator-client/4.2.0/curator-client-4.2.0.jar:/home/runner/.m2/repository/org/apache/curator/curator-recipes/4.2.0/curator-recipes-4.2.0.jar:/home/runner/.m2/repository/org/apache/kerby/kerb-core/1.0.1/kerb-core-1.0.1.jar:/home/runner/.m2/repository/org/apache/kerby/kerby-pkix/1.0.1/kerby-pkix-1.0.1.jar:/home/runner/.m2/repository/org/apache/kerby/kerby-asn1/1.0.1/kerby-asn1-1.0.1.jar:/home/runner/.m2/repository/org/apache/kerby/kerby-util/1.0.1/kerby-util-1.0.1.jar:/home/runner/.m2/repository/dnsjava/dnsjava/2.1.7/dnsjava-2.1.7.jar:/home/runner/.m2/repository/org/xerial/snappy/snappy-java/1.1.8.2/snappy-java-1.1.8.2.jar:/home/runner/.m2/repository/org/slf4j/jul-to-slf4j/1.7.30/jul-to-slf4j-1.7.30.jar:/home/runner/.m2/repository/org/eclipse/jetty/jetty-util/9.4.43.v20210629/jetty-util-9.4.43.v20210629.jar:/home/runner/.m2/repository/com/fasterxml/jackson/core/jackson-databind/2.12.1/jackson-databind-2.12.1.jar:/home/runner/.m2/repository/org/apache/hadoop/hadoop-kms/3.3.1/hadoop-kms-3.3.1-tests.jar:/home/runner/.m2/repository/org/apache/ozone/hdds-server-scm/1.3.0-SNAPSHOT/hdds-server-scm-1.3.0-SNAPSHOT-tests.jar:/home/runner/.m2/repository/org/apache/ozone/hdds-container-service/1.3.0-SNAPSHOT/hdds-container-service-1.3.0-SNAPSHOT-tests.jar:/home/runner/.m2/repository/commons-codec/commons-codec/1.11/commons-codec-1.11.jar:/home/runner/.m2/repository/io/netty/netty-transport/4.1.63.Final/netty-transport-4.1.63.Final.jar:/home/runner/.m2/repository/io/netty/netty-resolver/4.1.63.Final/netty-resolver-4.1.63.Final.jar:/home/runner/.m2/repository/io/netty/netty-codec/4.1.63.Final/netty-codec-4.1.63.Final.jar:/home/runner/.m2/repository/io/netty/netty-handler/4.1.63.Final/netty-handler-4.1.63.Final.jar:/home/runner/.m2/repository/org/apache/ozone/hdds-hadoop-dependency-test/1.3.0-SNAPSHOT/hdds-hadoop-dependency-test-1.3.0-SNAPSHOT.jar:/home/runner/.m2/repository/org/apache/hadoop/hadoop-common/3.3.1/hadoop-common-3.3.1-tests.jar:/home/runner/.m2/repository/org/assertj/assertj-core/3.12.2/assertj-core-3.12.2.jar:/home/runner/.m2/repository/org/apache/hadoop/hadoop-hdfs/3.3.1/hadoop-hdfs-3.3.1-tests.jar:/home/runner/.m2/repository/org/eclipse/jetty/jetty-util-ajax/9.4.43.v20210629/jetty-util-ajax-9.4.43.v20210629.jar:/home/runner/.m2/repository/commons-daemon/commons-daemon/1.0.13/commons-daemon-1.0.13.jar:/home/runner/.m2/repository/io/netty/netty/3.10.6.Final/netty-3.10.6.Final.jar:/home/runner/.m2/repository/io/netty/netty-all/4.1.63.Final/netty-all-4.1.63.Final.jar:/home/runner/.m2/repository/org/apache/htrace/htrace-core4/4.1.0-incubating/htrace-core4-4.1.0-incubating.jar:/home/runner/.m2/repository/org/fusesource/leveldbjni/leveldbjni-all/1.8/leveldbjni-all-1.8.jar:/home/runner/.m2/repository/org/apache/hadoop/hadoop-distcp/3.3.1/hadoop-distcp-3.3.1.jar:/home/runner/.m2/repository/org/apache/hadoop/hadoop-mapreduce-client-jobclient/3.3.1/hadoop-mapreduce-client-jobclient-3.3.1.jar:/home/runner/.m2/repository/org/apache/hadoop/hadoop-mapreduce-client-common/3.3.1/hadoop-mapreduce-client-common-3.3.1.jar:/home/runner/.m2/repository/org/apache/hadoop/hadoop-yarn-common/3.3.1/hadoop-yarn-common-3.3.1.jar:/home/runner/.m2/repository/org/apache/hadoop/hadoop-yarn-api/3.3.1/hadoop-yarn-api-3.3.1.jar:/home/runner/.m2/repository/com/sun/jersey/jersey-client/1.19/jersey-client-1.19.jar:/home/runner/.m2/repository/com/sun/jersey/contribs/jersey-guice/1.19/jersey-guice-1.19.jar:/home/runner/.m2/repository/com/fasterxml/jackson/jaxrs/jackson-jaxrs-json-provider/2.12.1/jackson-jaxrs-json-provider-2.12.1.jar:/home/runner/.m2/repository/com/fasterxml/jackson/jaxrs/jackson-jaxrs-base/2.12.1/jackson-jaxrs-base-2.12.1.jar:/home/runner/.m2/repository/org/apache/hadoop/hadoop-yarn-client/3.3.1/hadoop-yarn-client-3.3.1.jar:/home/runner/.m2/repository/org/eclipse/jetty/websocket/websocket-client/9.4.40.v20210413/websocket-client-9.4.40.v20210413.jar:/home/runner/.m2/repository/org/eclipse/jetty/jetty-client/9.4.40.v20210413/jetty-client-9.4.40.v20210413.jar:/home/runner/.m2/repository/org/eclipse/jetty/websocket/websocket-common/9.4.40.v20210413/websocket-common-9.4.40.v20210413.jar:/home/runner/.m2/repository/org/eclipse/jetty/websocket/websocket-api/9.4.40.v20210413/websocket-api-9.4.40.v20210413.jar:/home/runner/.m2/repository/org/jline/jline/3.9.0/jline-3.9.0.jar:/home/runner/.m2/repository/org/apache/hadoop/hadoop-mapreduce-client-core/3.3.1/hadoop-mapreduce-client-core-3.3.1.jar:/home/runner/.m2/repository/org/apache/avro/avro/1.7.7/avro-1.7.7.jar:/home/runner/.m2/repository/org/codehaus/jackson/jackson-core-asl/1.9.13/jackson-core-asl-1.9.13.jar:/home/runner/.m2/repository/org/codehaus/jackson/jackson-mapper-asl/1.9.13/jackson-mapper-asl-1.9.13.jar:/home/runner/.m2/repository/com/thoughtworks/paranamer/paranamer/2.3/paranamer-2.3.jar:/home/runner/.m2/repository/org/apache/hadoop/hadoop-annotations/3.3.1/hadoop-annotations-3.3.1.jar:/usr/lib/jvm/temurin-8-jdk-amd64/jre/../lib/tools.jar:/home/runner/.m2/repository/org/apache/hadoop/hadoop-distcp/3.3.1/hadoop-distcp-3.3.1-tests.jar:/home/runner/.m2/repository/org/apache/ratis/ratis-common/2.2.0/ratis-common-2.2.0.jar:/home/runner/.m2/repository/org/apache/ratis/ratis-thirdparty-misc/0.7.0/ratis-thirdparty-misc-0.7.0.jar:/home/runner/.m2/repository/org/apache/ratis/ratis-proto/2.2.0/ratis-proto-2.2.0.jar:"/>
    <property name="java.vm.vendor" value="Temurin"/>
    <property name="sun.arch.data.model" value="64"/>
    <property name="test.build.dir" value="/home/runner/work/ozone/ozone/hadoop-ozone/integration-test/target/test-dir"/>
    <property name="test.cache.data" value=""/>
    <property name="java.vendor.url" value="https://adoptium.net/"/>
    <property name="user.timezone" value=""/>
    <property name="java.vm.specification.version" value="1.8"/>
    <property name="os.name" value="Linux"/>
    <property name="test.build.data" value="/home/runner/work/ozone/ozone/hadoop-ozone/integration-test/target/test-dir"/>
    <property name="sun.java.launcher" value="SUN_STANDARD"/>
    <property name="sun.boot.library.path" value="/usr/lib/jvm/temurin-8-jdk-amd64/jre/lib/amd64"/>
    <property name="sun.java.command" value="/home/runner/work/ozone/ozone/hadoop-ozone/integration-test/target/surefire/surefirebooter3495339133326001480.jar /home/runner/work/ozone/ozone/hadoop-ozone/integration-test/target/surefire 2022-02-10T16-10-35_574-jvmRun1 surefire661077024567982966tmp surefire_511927282279706508780tmp"/>
    <property name="surefire.test.class.path" value="/home/runner/work/ozone/ozone/hadoop-ozone/integration-test/target/test-classes:/home/runner/work/ozone/ozone/hadoop-ozone/integration-test/target/classes:/home/runner/.m2/repository/org/apache/ozone/ozone-common/1.3.0-SNAPSHOT/ozone-common-1.3.0-SNAPSHOT.jar:/home/runner/.m2/repository/org/apache/commons/commons-compress/1.21/commons-compress-1.21.jar:/home/runner/.m2/repository/org/apache/ozone/hdds-common/1.3.0-SNAPSHOT/hdds-common-1.3.0-SNAPSHOT.jar:/home/runner/.m2/repository/org/apache/ozone/hdds-client/1.3.0-SNAPSHOT/hdds-client-1.3.0-SNAPSHOT.jar:/home/runner/.m2/repository/org/apache/ozone/ozone-interface-client/1.3.0-SNAPSHOT/ozone-interface-client-1.3.0-SNAPSHOT.jar:/home/runner/.m2/repository/org/apache/ozone/hdds-test-utils/1.3.0-SNAPSHOT/hdds-test-utils-1.3.0-SNAPSHOT.jar:/home/runner/.m2/repository/com/google/guava/guava/30.1.1-jre/guava-30.1.1-jre.jar:/home/runner/.m2/repository/com/google/guava/failureaccess/1.0.1/failureaccess-1.0.1.jar:/home/runner/.m2/repository/com/google/guava/listenablefuture/9999.0-empty-to-avoid-conflict-with-guava/listenablefuture-9999.0-empty-to-avoid-conflict-with-guava.jar:/home/runner/.m2/repository/com/google/code/findbugs/jsr305/3.0.0/jsr305-3.0.0.jar:/home/runner/.m2/repository/org/checkerframework/checker-qual/3.8.0/checker-qual-3.8.0.jar:/home/runner/.m2/repository/com/google/errorprone/error_prone_annotations/2.2.0/error_prone_annotations-2.2.0.jar:/home/runner/.m2/repository/com/google/j2objc/j2objc-annotations/1.3/j2objc-annotations-1.3.jar:/home/runner/.m2/repository/commons-io/commons-io/2.11.0/commons-io-2.11.0.jar:/home/runner/.m2/repository/commons-logging/commons-logging/1.2/commons-logging-1.2.jar:/home/runner/.m2/repository/log4j/log4j/1.2.17/log4j-1.2.17.jar:/home/runner/.m2/repository/org/slf4j/slf4j-api/1.7.30/slf4j-api-1.7.30.jar:/home/runner/.m2/repository/org/apache/ozone/hdds-server-scm/1.3.0-SNAPSHOT/hdds-server-scm-1.3.0-SNAPSHOT.jar:/home/runner/.m2/repository/org/apache/ozone/hdds-container-service/1.3.0-SNAPSHOT/hdds-container-service-1.3.0-SNAPSHOT.jar:/home/runner/.m2/repository/org/apache/ozone/hdds-hadoop-dependency-server/1.3.0-SNAPSHOT/hdds-hadoop-dependency-server-1.3.0-SNAPSHOT.jar:/home/runner/.m2/repository/org/apache/hadoop/hadoop-hdfs/3.3.1/hadoop-hdfs-3.3.1.jar:/home/runner/.m2/repository/org/apache/ozone/hdds-server-framework/1.3.0-SNAPSHOT/hdds-server-framework-1.3.0-SNAPSHOT.jar:/home/runner/.m2/repository/org/apache/ozone/hdds-interface-server/1.3.0-SNAPSHOT/hdds-interface-server-1.3.0-SNAPSHOT.jar:/home/runner/.m2/repository/org/eclipse/jetty/jetty-servlet/9.4.43.v20210629/jetty-servlet-9.4.43.v20210629.jar:/home/runner/.m2/repository/org/eclipse/jetty/jetty-security/9.4.43.v20210629/jetty-security-9.4.43.v20210629.jar:/home/runner/.m2/repository/org/rocksdb/rocksdbjni/6.25.3/rocksdbjni-6.25.3.jar:/home/runner/.m2/repository/io/prometheus/simpleclient_dropwizard/0.7.0/simpleclient_dropwizard-0.7.0.jar:/home/runner/.m2/repository/io/prometheus/simpleclient/0.7.0/simpleclient-0.7.0.jar:/home/runner/.m2/repository/io/prometheus/simpleclient_common/0.7.0/simpleclient_common-0.7.0.jar:/home/runner/.m2/repository/com/fasterxml/jackson/datatype/jackson-datatype-jsr310/2.12.1/jackson-datatype-jsr310-2.12.1.jar:/home/runner/.m2/repository/io/dropwizard/metrics/metrics-core/3.2.4/metrics-core-3.2.4.jar:/home/runner/.m2/repository/org/apache/hadoop/hadoop-hdfs-client/3.3.1/hadoop-hdfs-client-3.3.1.jar:/home/runner/.m2/repository/org/bouncycastle/bcprov-jdk15on/1.67/bcprov-jdk15on-1.67.jar:/home/runner/.m2/repository/com/google/protobuf/protobuf-java/2.5.0/protobuf-java-2.5.0.jar:/home/runner/.m2/repository/org/apache/ozone/ozone-manager/1.3.0-SNAPSHOT/ozone-manager-1.3.0-SNAPSHOT.jar:/home/runner/.m2/repository/org/aspectj/aspectjrt/1.9.7/aspectjrt-1.9.7.jar:/home/runner/.m2/repository/org/aspectj/aspectjweaver/1.9.7/aspectjweaver-1.9.7.jar:/home/runner/.m2/repository/org/apache/ozone/hdds-interface-client/1.3.0-SNAPSHOT/hdds-interface-client-1.3.0-SNAPSHOT.jar:/home/runner/.m2/repository/org/apache/hadoop/thirdparty/hadoop-shaded-protobuf_3_7/1.1.1/hadoop-shaded-protobuf_3_7-1.1.1.jar:/home/runner/.m2/repository/org/apache/ozone/ozone-interface-storage/1.3.0-SNAPSHOT/ozone-interface-storage-1.3.0-SNAPSHOT.jar:/home/runner/.m2/repository/org/reflections/reflections/0.9.11/reflections-0.9.11.jar:/home/runner/.m2/repository/org/apache/hadoop/hadoop-minikdc/3.3.1/hadoop-minikdc-3.3.1.jar:/home/runner/.m2/repository/org/apache/kerby/kerb-simplekdc/1.0.1/kerb-simplekdc-1.0.1.jar:/home/runner/.m2/repository/org/apache/kerby/kerb-client/1.0.1/kerb-client-1.0.1.jar:/home/runner/.m2/repository/org/apache/kerby/kerby-config/1.0.1/kerby-config-1.0.1.jar:/home/runner/.m2/repository/org/apache/kerby/kerb-common/1.0.1/kerb-common-1.0.1.jar:/home/runner/.m2/repository/org/apache/kerby/kerb-crypto/1.0.1/kerb-crypto-1.0.1.jar:/home/runner/.m2/repository/org/apache/kerby/kerb-util/1.0.1/kerb-util-1.0.1.jar:/home/runner/.m2/repository/org/apache/kerby/token-provider/1.0.1/token-provider-1.0.1.jar:/home/runner/.m2/repository/org/apache/kerby/kerb-admin/1.0.1/kerb-admin-1.0.1.jar:/home/runner/.m2/repository/org/apache/kerby/kerb-server/1.0.1/kerb-server-1.0.1.jar:/home/runner/.m2/repository/org/apache/kerby/kerb-identity/1.0.1/kerb-identity-1.0.1.jar:/home/runner/.m2/repository/org/apache/kerby/kerby-xdr/1.0.1/kerby-xdr-1.0.1.jar:/home/runner/.m2/repository/org/slf4j/slf4j-log4j12/1.7.30/slf4j-log4j12-1.7.30.jar:/home/runner/.m2/repository/org/apache/ozone/ozone-s3gateway/1.3.0-SNAPSHOT/ozone-s3gateway-1.3.0-SNAPSHOT.jar:/home/runner/.m2/repository/org/javassist/javassist/3.21.0-GA/javassist-3.21.0-GA.jar:/home/runner/.m2/repository/org/jboss/weld/servlet/weld-servlet/2.4.7.Final/weld-servlet-2.4.7.Final.jar:/home/runner/.m2/repository/org/glassfish/jersey/containers/jersey-container-servlet-core/2.33/jersey-container-servlet-core-2.33.jar:/home/runner/.m2/repository/org/glassfish/hk2/external/jakarta.inject/2.6.1/jakarta.inject-2.6.1.jar:/home/runner/.m2/repository/org/glassfish/jersey/core/jersey-common/2.33/jersey-common-2.33.jar:/home/runner/.m2/repository/jakarta/ws/rs/jakarta.ws.rs-api/2.1.6/jakarta.ws.rs-api-2.1.6.jar:/home/runner/.m2/repository/org/glassfish/jersey/ext/cdi/jersey-cdi1x/2.33/jersey-cdi1x-2.33.jar:/home/runner/.m2/repository/org/glassfish/jersey/inject/jersey-hk2/2.33/jersey-hk2-2.33.jar:/home/runner/.m2/repository/org/glassfish/hk2/hk2-locator/2.6.1/hk2-locator-2.6.1.jar:/home/runner/.m2/repository/org/glassfish/jersey/media/jersey-media-jaxb/2.33/jersey-media-jaxb-2.33.jar:/home/runner/.m2/repository/org/glassfish/hk2/osgi-resource-locator/1.0.3/osgi-resource-locator-1.0.3.jar:/home/runner/.m2/repository/org/glassfish/hk2/hk2-api/2.5.0/hk2-api-2.5.0.jar:/home/runner/.m2/repository/org/glassfish/hk2/hk2-utils/2.5.0/hk2-utils-2.5.0.jar:/home/runner/.m2/repository/org/glassfish/hk2/external/aopalliance-repackaged/2.5.0/aopalliance-repackaged-2.5.0.jar:/home/runner/.m2/repository/com/fasterxml/jackson/dataformat/jackson-dataformat-xml/2.12.1/jackson-dataformat-xml-2.12.1.jar:/home/runner/.m2/repository/com/fasterxml/jackson/core/jackson-core/2.12.1/jackson-core-2.12.1.jar:/home/runner/.m2/repository/com/fasterxml/jackson/module/jackson-module-jaxb-annotations/2.12.1/jackson-module-jaxb-annotations-2.12.1.jar:/home/runner/.m2/repository/jakarta/xml/bind/jakarta.xml.bind-api/2.3.2/jakarta.xml.bind-api-2.3.2.jar:/home/runner/.m2/repository/org/codehaus/woodstox/stax2-api/3.1.4/stax2-api-3.1.4.jar:/home/runner/.m2/repository/com/fasterxml/woodstox/woodstox-core/5.0.3/woodstox-core-5.0.3.jar:/home/runner/.m2/repository/javax/enterprise/cdi-api/1.2/cdi-api-1.2.jar:/home/runner/.m2/repository/javax/el/javax.el-api/3.0.0/javax.el-api-3.0.0.jar:/home/runner/.m2/repository/javax/interceptor/javax.interceptor-api/1.2/javax.interceptor-api-1.2.jar:/home/runner/.m2/repository/javax/inject/javax.inject/1/javax.inject-1.jar:/home/runner/.m2/repository/javax/xml/bind/jaxb-api/2.3.0/jaxb-api-2.3.0.jar:/home/runner/.m2/repository/org/glassfish/jaxb/jaxb-runtime/2.3.0.1/jaxb-runtime-2.3.0.1.jar:/home/runner/.m2/repository/org/glassfish/jaxb/jaxb-core/2.3.0.1/jaxb-core-2.3.0.1.jar:/home/runner/.m2/repository/org/glassfish/jaxb/txw2/2.3.0.1/txw2-2.3.0.1.jar:/home/runner/.m2/repository/com/sun/istack/istack-commons-runtime/3.0.5/istack-commons-runtime-3.0.5.jar:/home/runner/.m2/repository/org/jvnet/staxex/stax-ex/1.7.8/stax-ex-1.7.8.jar:/home/runner/.m2/repository/com/sun/xml/fastinfoset/FastInfoset/1.2.13/FastInfoset-1.2.13.jar:/home/runner/.m2/repository/javax/activation/activation/1.1.1/activation-1.1.1.jar:/home/runner/.m2/repository/org/apache/ozone/ozone-csi/1.3.0-SNAPSHOT/ozone-csi-1.3.0-SNAPSHOT.jar:/home/runner/.m2/repository/com/google/protobuf/protobuf-java-util/3.12.0/protobuf-java-util-3.12.0.jar:/home/runner/.m2/repository/com/google/code/gson/gson/2.2.4/gson-2.2.4.jar:/home/runner/.m2/repository/org/apache/ozone/hdds-config/1.3.0-SNAPSHOT/hdds-config-1.3.0-SNAPSHOT.jar:/home/runner/.m2/repository/io/grpc/grpc-netty/1.33.0/grpc-netty-1.33.0.jar:/home/runner/.m2/repository/io/grpc/grpc-core/1.33.0/grpc-core-1.33.0.jar:/home/runner/.m2/repository/com/google/android/annotations/4.1.1.4/annotations-4.1.1.4.jar:/home/runner/.m2/repository/io/netty/netty-codec-http2/4.1.63.Final/netty-codec-http2-4.1.63.Final.jar:/home/runner/.m2/repository/io/netty/netty-codec-http/4.1.63.Final/netty-codec-http-4.1.63.Final.jar:/home/runner/.m2/repository/io/netty/netty-handler-proxy/4.1.63.Final/netty-handler-proxy-4.1.63.Final.jar:/home/runner/.m2/repository/io/netty/netty-codec-socks/4.1.63.Final/netty-codec-socks-4.1.63.Final.jar:/home/runner/.m2/repository/io/perfmark/perfmark-api/0.19.0/perfmark-api-0.19.0.jar:/home/runner/.m2/repository/org/codehaus/mojo/animal-sniffer-annotations/1.18/animal-sniffer-annotations-1.18.jar:/home/runner/.m2/repository/io/netty/netty-transport-native-epoll/4.1.63.Final/netty-transport-native-epoll-4.1.63.Final.jar:/home/runner/.m2/repository/io/netty/netty-common/4.1.63.Final/netty-common-4.1.63.Final.jar:/home/runner/.m2/repository/io/netty/netty-buffer/4.1.63.Final/netty-buffer-4.1.63.Final.jar:/home/runner/.m2/repository/io/netty/netty-transport-native-unix-common/4.1.63.Final/netty-transport-native-unix-common-4.1.63.Final.jar:/home/runner/.m2/repository/io/grpc/grpc-protobuf/1.33.0/grpc-protobuf-1.33.0.jar:/home/runner/.m2/repository/io/grpc/grpc-api/1.33.0/grpc-api-1.33.0.jar:/home/runner/.m2/repository/io/grpc/grpc-context/1.33.0/grpc-context-1.33.0.jar:/home/runner/.m2/repository/com/google/api/grpc/proto-google-common-protos/1.17.0/proto-google-common-protos-1.17.0.jar:/home/runner/.m2/repository/io/grpc/grpc-protobuf-lite/1.33.0/grpc-protobuf-lite-1.33.0.jar:/home/runner/.m2/repository/io/grpc/grpc-stub/1.33.0/grpc-stub-1.33.0.jar:/home/runner/.m2/repository/org/apache/ozone/ozone-recon/1.3.0-SNAPSHOT/ozone-recon-1.3.0-SNAPSHOT.jar:/home/runner/.m2/repository/org/apache/ozone/ozone-reconcodegen/1.3.0-SNAPSHOT/ozone-reconcodegen-1.3.0-SNAPSHOT.jar:/home/runner/.m2/repository/com/google/inject/extensions/guice-multibindings/4.0/guice-multibindings-4.0.jar:/home/runner/.m2/repository/com/google/inject/guice/4.0/guice-4.0.jar:/home/runner/.m2/repository/aopalliance/aopalliance/1.0/aopalliance-1.0.jar:/home/runner/.m2/repository/com/google/inject/extensions/guice-assistedinject/4.0/guice-assistedinject-4.0.jar:/home/runner/.m2/repository/com/google/inject/extensions/guice-servlet/4.0/guice-servlet-4.0.jar:/home/runner/.m2/repository/org/glassfish/jersey/containers/jersey-container-servlet/2.33/jersey-container-servlet-2.33.jar:/home/runner/.m2/repository/org/glassfish/hk2/guice-bridge/2.5.0/guice-bridge-2.5.0.jar:/home/runner/.m2/repository/org/glassfish/jersey/core/jersey-server/2.33/jersey-server-2.33.jar:/home/runner/.m2/repository/org/glassfish/jersey/core/jersey-client/2.33/jersey-client-2.33.jar:/home/runner/.m2/repository/jakarta/annotation/jakarta.annotation-api/1.3.5/jakarta.annotation-api-1.3.5.jar:/home/runner/.m2/repository/jakarta/validation/jakarta.validation-api/2.0.2/jakarta.validation-api-2.0.2.jar:/home/runner/.m2/repository/org/glassfish/jersey/media/jersey-media-json-jackson/2.33/jersey-media-json-jackson-2.33.jar:/home/runner/.m2/repository/org/glassfish/jersey/ext/jersey-entity-filtering/2.33/jersey-entity-filtering-2.33.jar:/home/runner/.m2/repository/org/jooq/jooq/3.11.10/jooq-3.11.10.jar:/home/runner/.m2/repository/org/jooq/jooq-meta/3.11.10/jooq-meta-3.11.10.jar:/home/runner/.m2/repository/org/jooq/jooq-codegen/3.11.10/jooq-codegen-3.11.10.jar:/home/runner/.m2/repository/com/jolbox/bonecp/0.8.0.RELEASE/bonecp-0.8.0.RELEASE.jar:/home/runner/.m2/repository/org/apache/derby/derby/10.14.2.0/derby-10.14.2.0.jar:/home/runner/.m2/repository/org/xerial/sqlite-jdbc/3.25.2/sqlite-jdbc-3.25.2.jar:/home/runner/.m2/repository/org/springframework/spring-jdbc/5.2.18.RELEASE/spring-jdbc-5.2.18.RELEASE.jar:/home/runner/.m2/repository/org/springframework/spring-beans/5.2.18.RELEASE/spring-beans-5.2.18.RELEASE.jar:/home/runner/.m2/repository/org/springframework/spring-core/5.2.18.RELEASE/spring-core-5.2.18.RELEASE.jar:/home/runner/.m2/repository/org/springframework/spring-jcl/5.2.18.RELEASE/spring-jcl-5.2.18.RELEASE.jar:/home/runner/.m2/repository/org/springframework/spring-tx/5.2.18.RELEASE/spring-tx-5.2.18.RELEASE.jar:/home/runner/.m2/repository/org/apache/ozone/ozone-client/1.3.0-SNAPSHOT/ozone-client-1.3.0-SNAPSHOT.jar:/home/runner/.m2/repository/org/apache/ozone/ozone-filesystem/1.3.0-SNAPSHOT/ozone-filesystem-1.3.0-SNAPSHOT.jar:/home/runner/.m2/repository/org/apache/ozone/ozone-filesystem-common/1.3.0-SNAPSHOT/ozone-filesystem-common-1.3.0-SNAPSHOT.jar:/home/runner/.m2/repository/org/apache/ozone/ozone-tools/1.3.0-SNAPSHOT/ozone-tools-1.3.0-SNAPSHOT.jar:/home/runner/.m2/repository/org/apache/ratis/ratis-tools/2.2.0/ratis-tools-2.2.0.jar:/home/runner/.m2/repository/com/amazonaws/aws-java-sdk-core/1.12.124/aws-java-sdk-core-1.12.124.jar:/home/runner/.m2/repository/org/apache/httpcomponents/httpclient/4.5.13/httpclient-4.5.13.jar:/home/runner/.m2/repository/org/apache/httpcomponents/httpcore/4.4.13/httpcore-4.4.13.jar:/home/runner/.m2/repository/software/amazon/ion/ion-java/1.0.2/ion-java-1.0.2.jar:/home/runner/.m2/repository/com/fasterxml/jackson/dataformat/jackson-dataformat-cbor/2.12.1/jackson-dataformat-cbor-2.12.1.jar:/home/runner/.m2/repository/joda-time/joda-time/2.8.1/joda-time-2.8.1.jar:/home/runner/.m2/repository/com/amazonaws/aws-java-sdk-s3/1.12.124/aws-java-sdk-s3-1.12.124.jar:/home/runner/.m2/repository/com/amazonaws/aws-java-sdk-kms/1.12.124/aws-java-sdk-kms-1.12.124.jar:/home/runner/.m2/repository/com/amazonaws/jmespath-java/1.12.124/jmespath-java-1.12.124.jar:/home/runner/.m2/repository/org/kohsuke/metainf-services/metainf-services/1.8/metainf-services-1.8.jar:/home/runner/.m2/repository/org/apache/ozone/hdds-tools/1.3.0-SNAPSHOT/hdds-tools-1.3.0-SNAPSHOT.jar:/home/runner/.m2/repository/commons-cli/commons-cli/1.2/commons-cli-1.2.jar:/home/runner/.m2/repository/org/apache/commons/commons-lang3/3.7/commons-lang3-3.7.jar:/home/runner/.m2/repository/org/apache/ozone/ozone-manager/1.3.0-SNAPSHOT/ozone-manager-1.3.0-SNAPSHOT-tests.jar:/home/runner/.m2/repository/org/apache/ozone/hdds-common/1.3.0-SNAPSHOT/hdds-common-1.3.0-SNAPSHOT-tests.jar:/home/runner/.m2/repository/org/apache/ozone/hdds-hadoop-dependency-client/1.3.0-SNAPSHOT/hdds-hadoop-dependency-client-1.3.0-SNAPSHOT.jar:/home/runner/.m2/repository/info/picocli/picocli/4.6.1/picocli-4.6.1.jar:/home/runner/.m2/repository/com/fasterxml/jackson/core/jackson-annotations/2.12.1/jackson-annotations-2.12.1.jar:/home/runner/.m2/repository/javax/annotation/javax.annotation-api/1.2/javax.annotation-api-1.2.jar:/home/runner/.m2/repository/org/apache/ratis/ratis-server/2.2.0/ratis-server-2.2.0.jar:/home/runner/.m2/repository/org/apache/ratis/ratis-client/2.2.0/ratis-client-2.2.0.jar:/home/runner/.m2/repository/org/apache/ratis/ratis-server-api/2.2.0/ratis-server-api-2.2.0.jar:/home/runner/.m2/repository/org/apache/ratis/ratis-metrics/2.2.0/ratis-metrics-2.2.0.jar:/home/runner/.m2/repository/org/apache/ratis/ratis-netty/2.2.0/ratis-netty-2.2.0.jar:/home/runner/.m2/repository/org/apache/ratis/ratis-grpc/2.2.0/ratis-grpc-2.2.0.jar:/home/runner/.m2/repository/org/apache/logging/log4j/log4j-api/2.17.1/log4j-api-2.17.1.jar:/home/runner/.m2/repository/org/apache/logging/log4j/log4j-core/2.17.1/log4j-core-2.17.1.jar:/home/runner/.m2/repository/com/lmax/disruptor/3.4.2/disruptor-3.4.2.jar:/home/runner/.m2/repository/org/apache/commons/commons-pool2/2.6.0/commons-pool2-2.6.0.jar:/home/runner/.m2/repository/org/bouncycastle/bcpkix-jdk15on/1.67/bcpkix-jdk15on-1.67.jar:/home/runner/.m2/repository/commons-validator/commons-validator/1.6/commons-validator-1.6.jar:/home/runner/.m2/repository/commons-beanutils/commons-beanutils/1.9.4/commons-beanutils-1.9.4.jar:/home/runner/.m2/repository/commons-digester/commons-digester/1.8.1/commons-digester-1.8.1.jar:/home/runner/.m2/repository/commons-collections/commons-collections/3.2.2/commons-collections-3.2.2.jar:/home/runner/.m2/repository/io/jaegertracing/jaeger-client/1.6.0/jaeger-client-1.6.0.jar:/home/runner/.m2/repository/io/jaegertracing/jaeger-thrift/1.6.0/jaeger-thrift-1.6.0.jar:/home/runner/.m2/repository/org/apache/thrift/libthrift/0.14.1/libthrift-0.14.1.jar:/home/runner/.m2/repository/com/squareup/okhttp3/okhttp/4.9.0/okhttp-4.9.0.jar:/home/runner/.m2/repository/com/squareup/okio/okio/2.8.0/okio-2.8.0.jar:/home/runner/.m2/repository/io/jaegertracing/jaeger-core/1.6.0/jaeger-core-1.6.0.jar:/home/runner/.m2/repository/io/jaegertracing/jaeger-tracerresolver/1.6.0/jaeger-tracerresolver-1.6.0.jar:/home/runner/.m2/repository/io/opentracing/contrib/opentracing-tracerresolver/0.1.8/opentracing-tracerresolver-0.1.8.jar:/home/runner/.m2/repository/org/jetbrains/kotlin/kotlin-stdlib/1.4.31/kotlin-stdlib-1.4.31.jar:/home/runner/.m2/repository/org/jetbrains/kotlin/kotlin-stdlib-common/1.4.31/kotlin-stdlib-common-1.4.31.jar:/home/runner/.m2/repository/org/jetbrains/annotations/13.0/annotations-13.0.jar:/home/runner/.m2/repository/io/opentracing/opentracing-util/0.33.0/opentracing-util-0.33.0.jar:/home/runner/.m2/repository/io/opentracing/opentracing-api/0.33.0/opentracing-api-0.33.0.jar:/home/runner/.m2/repository/io/opentracing/opentracing-noop/0.33.0/opentracing-noop-0.33.0.jar:/home/runner/.m2/repository/org/yaml/snakeyaml/1.26/snakeyaml-1.26.jar:/home/runner/.m2/repository/org/apache/ozone/hdds-interface-admin/1.3.0-SNAPSHOT/hdds-interface-admin-1.3.0-SNAPSHOT.jar:/home/runner/.m2/repository/junit/junit/4.13.1/junit-4.13.1.jar:/home/runner/.m2/repository/org/hamcrest/hamcrest-core/1.3/hamcrest-core-1.3.jar:/home/runner/.m2/repository/org/junit/jupiter/junit-jupiter-api/5.7.0/junit-jupiter-api-5.7.0.jar:/home/runner/.m2/repository/org/apiguardian/apiguardian-api/1.1.0/apiguardian-api-1.1.0.jar:/home/runner/.m2/repository/org/opentest4j/opentest4j/1.2.0/opentest4j-1.2.0.jar:/home/runner/.m2/repository/org/junit/platform/junit-platform-commons/1.7.0/junit-platform-commons-1.7.0.jar:/home/runner/.m2/repository/org/junit/jupiter/junit-jupiter-engine/5.7.0/junit-jupiter-engine-5.7.0.jar:/home/runner/.m2/repository/org/junit/platform/junit-platform-engine/1.7.0/junit-platform-engine-1.7.0.jar:/home/runner/.m2/repository/org/junit/vintage/junit-vintage-engine/5.7.0/junit-vintage-engine-5.7.0.jar:/home/runner/.m2/repository/org/junit/platform/junit-platform-launcher/1.7.0/junit-platform-launcher-1.7.0.jar:/home/runner/.m2/repository/org/mockito/mockito-core/2.28.2/mockito-core-2.28.2.jar:/home/runner/.m2/repository/net/bytebuddy/byte-buddy/1.9.10/byte-buddy-1.9.10.jar:/home/runner/.m2/repository/net/bytebuddy/byte-buddy-agent/1.9.10/byte-buddy-agent-1.9.10.jar:/home/runner/.m2/repository/org/objenesis/objenesis/1.0/objenesis-1.0.jar:/home/runner/.m2/repository/org/apache/hadoop/hadoop-kms/3.3.1/hadoop-kms-3.3.1.jar:/home/runner/.m2/repository/org/apache/hadoop/hadoop-auth/3.3.1/hadoop-auth-3.3.1.jar:/home/runner/.m2/repository/com/nimbusds/nimbus-jose-jwt/7.9/nimbus-jose-jwt-7.9.jar:/home/runner/.m2/repository/com/github/stephenc/jcip/jcip-annotations/1.0-1/jcip-annotations-1.0-1.jar:/home/runner/.m2/repository/net/minidev/json-smart/2.3.1/json-smart-2.3.1.jar:/home/runner/.m2/repository/net/minidev/accessors-smart/2.3.1/accessors-smart-2.3.1.jar:/home/runner/.m2/repository/org/ow2/asm/asm/5.0.4/asm-5.0.4.jar:/home/runner/.m2/repository/org/apache/zookeeper/zookeeper/3.5.6/zookeeper-3.5.6.jar:/home/runner/.m2/repository/org/apache/zookeeper/zookeeper-jute/3.5.6/zookeeper-jute-3.5.6.jar:/home/runner/.m2/repository/org/apache/yetus/audience-annotations/0.5.0/audience-annotations-0.5.0.jar:/home/runner/.m2/repository/org/apache/curator/curator-framework/4.2.0/curator-framework-4.2.0.jar:/home/runner/.m2/repository/org/apache/hadoop/thirdparty/hadoop-shaded-guava/1.1.1/hadoop-shaded-guava-1.1.1.jar:/home/runner/.m2/repository/com/sun/jersey/jersey-core/1.19/jersey-core-1.19.jar:/home/runner/.m2/repository/javax/ws/rs/jsr311-api/1.1.1/jsr311-api-1.1.1.jar:/home/runner/.m2/repository/com/sun/jersey/jersey-server/1.19/jersey-server-1.19.jar:/home/runner/.m2/repository/javax/servlet/javax.servlet-api/3.1.0/javax.servlet-api-3.1.0.jar:/home/runner/.m2/repository/org/eclipse/jetty/jetty-server/9.4.43.v20210629/jetty-server-9.4.43.v20210629.jar:/home/runner/.m2/repository/org/eclipse/jetty/jetty-http/9.4.43.v20210629/jetty-http-9.4.43.v20210629.jar:/home/runner/.m2/repository/org/eclipse/jetty/jetty-io/9.4.43.v20210629/jetty-io-9.4.43.v20210629.jar:/home/runner/.m2/repository/org/eclipse/jetty/jetty-webapp/9.4.43.v20210629/jetty-webapp-9.4.43.v20210629.jar:/home/runner/.m2/repository/org/eclipse/jetty/jetty-xml/9.4.43.v20210629/jetty-xml-9.4.43.v20210629.jar:/home/runner/.m2/repository/org/apache/hadoop/hadoop-common/3.3.1/hadoop-common-3.3.1.jar:/home/runner/.m2/repository/org/apache/commons/commons-math3/3.1.1/commons-math3-3.1.1.jar:/home/runner/.m2/repository/commons-net/commons-net/3.6/commons-net-3.6.jar:/home/runner/.m2/repository/jakarta/activation/jakarta.activation-api/1.2.1/jakarta.activation-api-1.2.1.jar:/home/runner/.m2/repository/com/sun/jersey/jersey-servlet/1.19/jersey-servlet-1.19.jar:/home/runner/.m2/repository/com/sun/jersey/jersey-json/1.19/jersey-json-1.19.jar:/home/runner/.m2/repository/org/codehaus/jettison/jettison/1.1/jettison-1.1.jar:/home/runner/.m2/repository/com/sun/xml/bind/jaxb-impl/2.2.3-1/jaxb-impl-2.2.3-1.jar:/home/runner/.m2/repository/org/codehaus/jackson/jackson-jaxrs/1.9.2/jackson-jaxrs-1.9.2.jar:/home/runner/.m2/repository/org/codehaus/jackson/jackson-xc/1.9.2/jackson-xc-1.9.2.jar:/home/runner/.m2/repository/org/apache/commons/commons-configuration2/2.1.1/commons-configuration2-2.1.1.jar:/home/runner/.m2/repository/org/apache/commons/commons-text/1.4/commons-text-1.4.jar:/home/runner/.m2/repository/com/google/re2j/re2j/1.1/re2j-1.1.jar:/home/runner/.m2/repository/com/jcraft/jsch/0.1.54/jsch-0.1.54.jar:/home/runner/.m2/repository/org/apache/curator/curator-client/4.2.0/curator-client-4.2.0.jar:/home/runner/.m2/repository/org/apache/curator/curator-recipes/4.2.0/curator-recipes-4.2.0.jar:/home/runner/.m2/repository/org/apache/kerby/kerb-core/1.0.1/kerb-core-1.0.1.jar:/home/runner/.m2/repository/org/apache/kerby/kerby-pkix/1.0.1/kerby-pkix-1.0.1.jar:/home/runner/.m2/repository/org/apache/kerby/kerby-asn1/1.0.1/kerby-asn1-1.0.1.jar:/home/runner/.m2/repository/org/apache/kerby/kerby-util/1.0.1/kerby-util-1.0.1.jar:/home/runner/.m2/repository/dnsjava/dnsjava/2.1.7/dnsjava-2.1.7.jar:/home/runner/.m2/repository/org/xerial/snappy/snappy-java/1.1.8.2/snappy-java-1.1.8.2.jar:/home/runner/.m2/repository/org/slf4j/jul-to-slf4j/1.7.30/jul-to-slf4j-1.7.30.jar:/home/runner/.m2/repository/org/eclipse/jetty/jetty-util/9.4.43.v20210629/jetty-util-9.4.43.v20210629.jar:/home/runner/.m2/repository/com/fasterxml/jackson/core/jackson-databind/2.12.1/jackson-databind-2.12.1.jar:/home/runner/.m2/repository/org/apache/hadoop/hadoop-kms/3.3.1/hadoop-kms-3.3.1-tests.jar:/home/runner/.m2/repository/org/apache/ozone/hdds-server-scm/1.3.0-SNAPSHOT/hdds-server-scm-1.3.0-SNAPSHOT-tests.jar:/home/runner/.m2/repository/org/apache/ozone/hdds-container-service/1.3.0-SNAPSHOT/hdds-container-service-1.3.0-SNAPSHOT-tests.jar:/home/runner/.m2/repository/commons-codec/commons-codec/1.11/commons-codec-1.11.jar:/home/runner/.m2/repository/io/netty/netty-transport/4.1.63.Final/netty-transport-4.1.63.Final.jar:/home/runner/.m2/repository/io/netty/netty-resolver/4.1.63.Final/netty-resolver-4.1.63.Final.jar:/home/runner/.m2/repository/io/netty/netty-codec/4.1.63.Final/netty-codec-4.1.63.Final.jar:/home/runner/.m2/repository/io/netty/netty-handler/4.1.63.Final/netty-handler-4.1.63.Final.jar:/home/runner/.m2/repository/org/apache/ozone/hdds-hadoop-dependency-test/1.3.0-SNAPSHOT/hdds-hadoop-dependency-test-1.3.0-SNAPSHOT.jar:/home/runner/.m2/repository/org/apache/hadoop/hadoop-common/3.3.1/hadoop-common-3.3.1-tests.jar:/home/runner/.m2/repository/org/assertj/assertj-core/3.12.2/assertj-core-3.12.2.jar:/home/runner/.m2/repository/org/apache/hadoop/hadoop-hdfs/3.3.1/hadoop-hdfs-3.3.1-tests.jar:/home/runner/.m2/repository/org/eclipse/jetty/jetty-util-ajax/9.4.43.v20210629/jetty-util-ajax-9.4.43.v20210629.jar:/home/runner/.m2/repository/commons-daemon/commons-daemon/1.0.13/commons-daemon-1.0.13.jar:/home/runner/.m2/repository/io/netty/netty/3.10.6.Final/netty-3.10.6.Final.jar:/home/runner/.m2/repository/io/netty/netty-all/4.1.63.Final/netty-all-4.1.63.Final.jar:/home/runner/.m2/repository/org/apache/htrace/htrace-core4/4.1.0-incubating/htrace-core4-4.1.0-incubating.jar:/home/runner/.m2/repository/org/fusesource/leveldbjni/leveldbjni-all/1.8/leveldbjni-all-1.8.jar:/home/runner/.m2/repository/org/apache/hadoop/hadoop-distcp/3.3.1/hadoop-distcp-3.3.1.jar:/home/runner/.m2/repository/org/apache/hadoop/hadoop-mapreduce-client-jobclient/3.3.1/hadoop-mapreduce-client-jobclient-3.3.1.jar:/home/runner/.m2/repository/org/apache/hadoop/hadoop-mapreduce-client-common/3.3.1/hadoop-mapreduce-client-common-3.3.1.jar:/home/runner/.m2/repository/org/apache/hadoop/hadoop-yarn-common/3.3.1/hadoop-yarn-common-3.3.1.jar:/home/runner/.m2/repository/org/apache/hadoop/hadoop-yarn-api/3.3.1/hadoop-yarn-api-3.3.1.jar:/home/runner/.m2/repository/com/sun/jersey/jersey-client/1.19/jersey-client-1.19.jar:/home/runner/.m2/repository/com/sun/jersey/contribs/jersey-guice/1.19/jersey-guice-1.19.jar:/home/runner/.m2/repository/com/fasterxml/jackson/jaxrs/jackson-jaxrs-json-provider/2.12.1/jackson-jaxrs-json-provider-2.12.1.jar:/home/runner/.m2/repository/com/fasterxml/jackson/jaxrs/jackson-jaxrs-base/2.12.1/jackson-jaxrs-base-2.12.1.jar:/home/runner/.m2/repository/org/apache/hadoop/hadoop-yarn-client/3.3.1/hadoop-yarn-client-3.3.1.jar:/home/runner/.m2/repository/org/eclipse/jetty/websocket/websocket-client/9.4.40.v20210413/websocket-client-9.4.40.v20210413.jar:/home/runner/.m2/repository/org/eclipse/jetty/jetty-client/9.4.40.v20210413/jetty-client-9.4.40.v20210413.jar:/home/runner/.m2/repository/org/eclipse/jetty/websocket/websocket-common/9.4.40.v20210413/websocket-common-9.4.40.v20210413.jar:/home/runner/.m2/repository/org/eclipse/jetty/websocket/websocket-api/9.4.40.v20210413/websocket-api-9.4.40.v20210413.jar:/home/runner/.m2/repository/org/jline/jline/3.9.0/jline-3.9.0.jar:/home/runner/.m2/repository/org/apache/hadoop/hadoop-mapreduce-client-core/3.3.1/hadoop-mapreduce-client-core-3.3.1.jar:/home/runner/.m2/repository/org/apache/avro/avro/1.7.7/avro-1.7.7.jar:/home/runner/.m2/repository/org/codehaus/jackson/jackson-core-asl/1.9.13/jackson-core-asl-1.9.13.jar:/home/runner/.m2/repository/org/codehaus/jackson/jackson-mapper-asl/1.9.13/jackson-mapper-asl-1.9.13.jar:/home/runner/.m2/repository/com/thoughtworks/paranamer/paranamer/2.3/paranamer-2.3.jar:/home/runner/.m2/repository/org/apache/hadoop/hadoop-annotations/3.3.1/hadoop-annotations-3.3.1.jar:/usr/lib/jvm/temurin-8-jdk-amd64/jre/../lib/tools.jar:/home/runner/.m2/repository/org/apache/hadoop/hadoop-distcp/3.3.1/hadoop-distcp-3.3.1-tests.jar:/home/runner/.m2/repository/org/apache/ratis/ratis-common/2.2.0/ratis-common-2.2.0.jar:/home/runner/.m2/repository/org/apache/ratis/ratis-thirdparty-misc/0.7.0/ratis-thirdparty-misc-0.7.0.jar:/home/runner/.m2/repository/org/apache/ratis/ratis-proto/2.2.0/ratis-proto-2.2.0.jar:"/>
    <property name="sun.cpu.endian" value="little"/>
    <property name="user.home" value="/home/runner"/>
    <property name="user.language" value="en"/>
    <property name="java.specification.vendor" value="Oracle Corporation"/>
    <property name="java.home" value="/usr/lib/jvm/temurin-8-jdk-amd64/jre"/>
    <property name="java.security.krb5.conf" value="/home/runner/work/ozone/ozone/hadoop-ozone/integration-test/target/test-classes/krb5.conf"/>
    <property name="basedir" value="/home/runner/work/ozone/ozone/hadoop-ozone/integration-test"/>
    <property name="file.separator" value="/"/>
    <property name="line.separator" value="&#10;"/>
    <property name="java.vm.specification.vendor" value="Oracle Corporation"/>
    <property name="java.specification.name" value="Java Platform API Specification"/>
    <property name="java.awt.graphicsenv" value="sun.awt.X11GraphicsEnvironment"/>
    <property name="skip.installnpx" value="true"/>
    <property name="surefire.real.class.path" value="/home/runner/work/ozone/ozone/hadoop-ozone/integration-test/target/surefire/surefirebooter3495339133326001480.jar:/home/runner/.m2/repository/org/jacoco/org.jacoco.agent/0.8.5/org.jacoco.agent-0.8.5-runtime.jar"/>
    <property name="hadoop.log.dir" value="/home/runner/work/ozone/ozone/hadoop-ozone/integration-test/target/log"/>
    <property name="sun.boot.class.path" value="/usr/lib/jvm/temurin-8-jdk-amd64/jre/lib/resources.jar:/usr/lib/jvm/temurin-8-jdk-amd64/jre/lib/rt.jar:/usr/lib/jvm/temurin-8-jdk-amd64/jre/lib/sunrsasign.jar:/usr/lib/jvm/temurin-8-jdk-amd64/jre/lib/jsse.jar:/usr/lib/jvm/temurin-8-jdk-amd64/jre/lib/jce.jar:/usr/lib/jvm/temurin-8-jdk-amd64/jre/lib/charsets.jar:/usr/lib/jvm/temurin-8-jdk-amd64/jre/lib/jfr.jar:/usr/lib/jvm/temurin-8-jdk-amd64/jre/classes"/>
    <property name="sun.management.compiler" value="HotSpot 64-Bit Tiered Compilers"/>
    <property name="skip.npx" value="true"/>
    <property name="java.runtime.version" value="1.8.0_312-b07"/>
    <property name="java.net.preferIPv4Stack" value="true"/>
    <property name="user.name" value="runner"/>
    <property name="path.separator" value=":"/>
    <property name="java.security.egd" value="file:///dev/urandom"/>
    <property name="os.version" value="5.4.0-1068-azure"/>
    <property name="java.endorsed.dirs" value="/usr/lib/jvm/temurin-8-jdk-amd64/jre/lib/endorsed"/>
    <property name="java.runtime.name" value="OpenJDK Runtime Environment"/>
    <property name="file.encoding" value="UTF-8"/>
    <property name="java.vm.name" value="OpenJDK 64-Bit Server VM"/>
    <property name="test.build.webapps" value=""/>
    <property name="localRepository" value="/home/runner/.m2/repository"/>
    <property name="java.vendor.url.bug" value="https://github.com/adoptium/adoptium-support/issues"/>
    <property name="java.io.tmpdir" value="/tmp"/>
    <property name="require.test.libhadoop" value=""/>
    <property name="java.version" value="1.8.0_312"/>
    <property name="user.dir" value="/home/runner/work/ozone/ozone/hadoop-ozone/integration-test"/>
    <property name="os.arch" value="amd64"/>
    <property name="java.vm.specification.name" value="Java Virtual Machine Specification"/>
    <property name="test.build.classes" value="/home/runner/work/ozone/ozone/hadoop-ozone/integration-test/target/test-classes"/>
    <property name="java.awt.printerjob" value="sun.print.PSPrinterJob"/>
    <property name="sun.os.patch.level" value="unknown"/>
    <property name="hadoop.tmp.dir" value="/home/runner/work/ozone/ozone/hadoop-ozone/integration-test/target/tmp"/>
    <property name="java.library.path" value="/usr/java/packages/lib/amd64:/usr/lib64:/lib64:/lib:/usr/lib"/>
    <property name="java.vm.info" value="mixed mode"/>
    <property name="java.vendor" value="Temurin"/>
    <property name="java.vm.version" value="25.312-b07"/>
    <property name="java.ext.dirs" value="/usr/lib/jvm/temurin-8-jdk-amd64/jre/lib/ext:/usr/java/packages/lib/ext"/>
    <property name="sun.io.unicode.encoding" value="UnicodeLittle"/>
    <property name="java.class.version" value="52.0"/>
  </properties>
  <testcase name="testForceBootstrap" classname="org.apache.hadoop.ozone.om.TestAddRemoveOzoneManager" time="71.503"/>
  <testcase name="testBootstrapWithoutConfigUpdate" classname="org.apache.hadoop.ozone.om.TestAddRemoveOzoneManager" time="56.834">
    <failure type="java.lang.AssertionError">java.lang.AssertionError
	at org.junit.Assert.fail(Assert.java:87)
	at org.junit.Assert.fail(Assert.java:96)
	at org.apache.hadoop.ozone.om.TestAddRemoveOzoneManager.testBootstrapWithoutConfigUpdate(TestAddRemoveOzoneManager.java:265)
	at sun.reflect.NativeMethodAccessorImpl.invoke0(Native Method)
	at sun.reflect.NativeMethodAccessorImpl.invoke(NativeMethodAccessorImpl.java:62)
	at sun.reflect.DelegatingMethodAccessorImpl.invoke(DelegatingMethodAccessorImpl.java:43)
	at java.lang.reflect.Method.invoke(Method.java:498)
	at org.junit.runners.model.FrameworkMethod$1.runReflectiveCall(FrameworkMethod.java:59)
	at org.junit.internal.runners.model.ReflectiveCallable.run(ReflectiveCallable.java:12)
	at org.junit.runners.model.FrameworkMethod.invokeExplosively(FrameworkMethod.java:56)
	at org.junit.internal.runners.statements.InvokeMethod.evaluate(InvokeMethod.java:17)
	at org.junit.internal.runners.statements.RunAfters.evaluate(RunAfters.java:27)
	at org.junit.rules.ExpectedException$ExpectedExceptionStatement.evaluate(ExpectedException.java:258)
	at org.junit.internal.runners.statements.FailOnTimeout$CallableStatement.call(FailOnTimeout.java:288)
	at org.junit.internal.runners.statements.FailOnTimeout$CallableStatement.call(FailOnTimeout.java:282)
	at java.util.concurrent.FutureTask.run(FutureTask.java:266)
	at java.lang.Thread.run(Thread.java:748)
</failure>
    <system-out><![CDATA[2022-02-10 17:16:07,197 [Time-limited test] WARN  server.ServerUtils (ServerUtils.java:getScmDbDir(148)) - ozone.scm.db.dirs is not configured. We recommend adding this setting. Falling back to ozone.metadata.dirs instead.
2022-02-10 17:16:07,197 [Time-limited test] INFO  ha.SCMHANodeDetails (SCMHANodeDetails.java:loadSCMHAConfig(157)) - ServiceID for StorageContainerManager is scmServiceId
2022-02-10 17:16:07,197 [Time-limited test] INFO  ha.SCMHANodeDetails (SCMHANodeDetails.java:loadSCMHAConfig(168)) - ServiceID for StorageContainerManager is scmServiceId
2022-02-10 17:16:07,198 [Time-limited test] INFO  ha.SCMHANodeDetails (SCMHANodeDetails.java:loadSCMHAConfig(250)) - Found matching SCM address with SCMServiceId: scmServiceId, SCMNodeId: scmNode-1, RPC Address: localhost:46039 and Ratis port: 46039
2022-02-10 17:16:07,198 [Time-limited test] INFO  ha.SCMHANodeDetails (ConfUtils.java:setNodeSpecificConfigs(108)) - Setting configuration key ozone.scm.datanode.address with value of key ozone.scm.datanode.address.scmServiceId.scmNode-1: 127.0.0.1:36035
2022-02-10 17:16:07,198 [Time-limited test] INFO  ha.SCMHANodeDetails (ConfUtils.java:setNodeSpecificConfigs(108)) - Setting configuration key ozone.scm.block.client.address with value of key ozone.scm.block.client.address.scmServiceId.scmNode-1: 127.0.0.1:42073
2022-02-10 17:16:07,198 [Time-limited test] INFO  ha.SCMHANodeDetails (ConfUtils.java:setNodeSpecificConfigs(108)) - Setting configuration key ozone.scm.client.address with value of key ozone.scm.client.address.scmServiceId.scmNode-1: 127.0.0.1:34207
2022-02-10 17:16:07,198 [Time-limited test] INFO  ha.SCMHANodeDetails (ConfUtils.java:setNodeSpecificConfigs(108)) - Setting configuration key ozone.scm.ratis.port with value of key ozone.scm.ratis.port.scmServiceId.scmNode-1: 46039
2022-02-10 17:16:07,198 [Time-limited test] INFO  ha.SCMHANodeDetails (ConfUtils.java:setNodeSpecificConfigs(108)) - Setting configuration key ozone.scm.grpc.port with value of key ozone.scm.grpc.port.scmServiceId.scmNode-1: 37789
2022-02-10 17:16:07,198 [Time-limited test] INFO  ha.SCMHANodeDetails (ConfUtils.java:setNodeSpecificConfigs(108)) - Setting configuration key ozone.scm.http-address with value of key ozone.scm.http-address.scmServiceId.scmNode-1: 127.0.0.1:39171
2022-02-10 17:16:07,198 [Time-limited test] INFO  ha.SCMHANodeDetails (ConfUtils.java:setNodeSpecificConfigs(108)) - Setting configuration key ozone.scm.https-address with value of key ozone.scm.https-address.scmServiceId.scmNode-1: 127.0.0.1:42667
2022-02-10 17:16:07,198 [Time-limited test] INFO  ha.SCMHANodeDetails (ConfUtils.java:setNodeSpecificConfigs(108)) - Setting configuration key ozone.scm.address with value of key ozone.scm.address.scmServiceId.scmNode-1: 127.0.0.1
2022-02-10 17:16:07,198 [Time-limited test] WARN  scm.ScmUtils (ScmUtils.java:logWarn(179)) - ConfigKey ozone.scm.block.client.address is deprecated, For configuring different ports for each SCM use PortConfigKey ozone.scm.block.client.port appended with serviceId and nodeId. If want to configure same port configure ozone.scm.block.client.port
2022-02-10 17:16:07,199 [Time-limited test] WARN  scm.ScmUtils (ScmUtils.java:logWarn(179)) - ConfigKey ozone.scm.client.address is deprecated, For configuring different ports for each SCM use PortConfigKey ozone.scm.client.port appended with serviceId and nodeId. If want to configure same port configure ozone.scm.client.port
2022-02-10 17:16:07,199 [Time-limited test] WARN  scm.ScmUtils (ScmUtils.java:logWarn(179)) - ConfigKey ozone.scm.datanode.address is deprecated, For configuring different ports for each SCM use PortConfigKey ozone.scm.datanode.port appended with serviceId and nodeId. If want to configure same port configure ozone.scm.datanode.port
2022-02-10 17:16:07,211 [Time-limited test] INFO  server.RaftServer (ConfUtils.java:logGet(44)) - raft.rpc.type = GRPC (default)
2022-02-10 17:16:07,212 [Time-limited test] INFO  grpc.GrpcFactory (GrpcFactory.java:checkPooledByteBufAllocatorUseCacheForAllThreads(48)) - PERFORMANCE WARNING: useCacheForAllThreads is true that may cause Netty to create a lot garbage objects and, as a result, trigger GC.
	It is recommended to disable useCacheForAllThreads by setting -Dorg.apache.ratis.thirdparty.io.netty.allocator.useCacheForAllThreads=false in command line.
2022-02-10 17:16:07,212 [Time-limited test] INFO  grpc.GrpcConfigKeys (ConfUtils.java:logGet(44)) - raft.grpc.admin.port = -1 (default)
2022-02-10 17:16:07,212 [Time-limited test] INFO  grpc.GrpcConfigKeys (ConfUtils.java:logGet(44)) - raft.grpc.server.port = 46039 (custom)
2022-02-10 17:16:07,212 [Time-limited test] INFO  grpc.GrpcConfigKeys (ConfUtils.java:logGet(44)) - raft.grpc.client.port = -1 (default)
2022-02-10 17:16:07,212 [Time-limited test] INFO  grpc.GrpcConfigKeys (ConfUtils.java:logGet(44)) - raft.grpc.server.port = 46039 (custom)
2022-02-10 17:16:07,213 [Time-limited test] INFO  grpc.GrpcConfigKeys (ConfUtils.java:logGet(44)) - raft.grpc.server.port = 46039 (custom)
2022-02-10 17:16:07,213 [Time-limited test] INFO  server.GrpcService (ConfUtils.java:logGet(44)) - raft.grpc.message.size.max = 32m (=33554432) (custom)
2022-02-10 17:16:07,213 [Time-limited test] INFO  server.RaftServerConfigKeys (ConfUtils.java:logGet(44)) - raft.server.log.appender.buffer.byte-limit = 33554432 (custom)
2022-02-10 17:16:07,213 [Time-limited test] INFO  server.GrpcService (ConfUtils.java:logGet(44)) - raft.grpc.flow.control.window = 1MB (=1048576) (default)
2022-02-10 17:16:07,213 [Time-limited test] INFO  server.RaftServerConfigKeys (ConfUtils.java:logGet(44)) - raft.server.rpc.request.timeout = 30000ms (custom)
2022-02-10 17:16:07,214 [Time-limited test] INFO  impl.DataStreamServerImpl (ConfUtils.java:logGet(44)) - raft.datastream.type = DISABLED (default)
2022-02-10 17:16:07,215 [Time-limited test] INFO  server.RaftServerConfigKeys (ConfUtils.java:logGet(44)) - raft.server.rpc.slowness.timeout = 120000ms (custom)
2022-02-10 17:16:07,215 [Time-limited test] INFO  server.RaftServerConfigKeys (ConfUtils.java:logGet(44)) - raft.server.leaderelection.leader.step-down.wait-time = 10s (default)
2022-02-10 17:16:07,215 [Time-limited test] INFO  server.RaftServerConfigKeys (ConfUtils.java:logGet(44)) - raft.server.storage.dir = [/home/runner/work/ozone/ozone/hadoop-ozone/integration-test/target/test-dir/MiniOzoneClusterImpl-adca7f43-f686-4ef5-81ed-33e1f333fc0f/scmNode-1/scm-ha] (custom)
2022-02-10 17:16:07,231 [Time-limited test] INFO  server.RaftServer (RaftServerProxy.java:addNew(95)) - 0a9802c5-9e82-4a55-ac1b-01a1cb3fb90c: addNew group-33E1F333FC0F:[0a9802c5-9e82-4a55-ac1b-01a1cb3fb90c|rpc:localhost:46039|priority:0] returns group-33E1F333FC0F:java.util.concurrent.CompletableFuture@4b0b540f[Not completed]
2022-02-10 17:16:07,231 [pool-226-thread-1] INFO  server.RaftServer$Division (RaftServerImpl.java:<init>(184)) - 0a9802c5-9e82-4a55-ac1b-01a1cb3fb90c: new RaftServerImpl for group-33E1F333FC0F:[0a9802c5-9e82-4a55-ac1b-01a1cb3fb90c|rpc:localhost:46039|priority:0] with SCMStateMachine:uninitialized
2022-02-10 17:16:07,239 [pool-226-thread-1] INFO  server.RaftServerConfigKeys (ConfUtils.java:logGet(44)) - raft.server.rpc.timeout.min = 5000ms (custom)
2022-02-10 17:16:07,239 [pool-226-thread-1] INFO  server.RaftServerConfigKeys (ConfUtils.java:logGet(44)) - raft.server.rpc.timeout.max = 5200ms (custom)
2022-02-10 17:16:07,239 [pool-226-thread-1] INFO  server.RaftServerConfigKeys (ConfUtils.java:logGet(44)) - raft.server.rpc.sleep.time = 25ms (default)
2022-02-10 17:16:07,239 [pool-226-thread-1] INFO  server.RaftServerConfigKeys (ConfUtils.java:logGet(44)) - raft.server.rpc.slowness.timeout = 120000ms (custom)
2022-02-10 17:16:07,239 [pool-226-thread-1] INFO  server.RaftServerConfigKeys (ConfUtils.java:logGet(44)) - raft.server.leaderelection.leader.step-down.wait-time = 10s (default)
2022-02-10 17:16:07,239 [pool-226-thread-1] INFO  server.RaftServerConfigKeys (ConfUtils.java:logGet(44)) - raft.server.sleep.deviation.threshold = 300ms (default)
2022-02-10 17:16:07,239 [pool-226-thread-1] INFO  server.RaftServerConfigKeys (ConfUtils.java:logGet(44)) - raft.server.log.appender.install.snapshot.enabled = false (custom)
2022-02-10 17:16:07,239 [pool-226-thread-1] INFO  server.RaftServer$Division (ServerState.java:<init>(105)) - 0a9802c5-9e82-4a55-ac1b-01a1cb3fb90c@group-33E1F333FC0F: ConfigurationManager, init=-1: [0a9802c5-9e82-4a55-ac1b-01a1cb3fb90c|rpc:localhost:46039|priority:0], old=null, confs=<EMPTY_MAP>
2022-02-10 17:16:07,239 [pool-226-thread-1] INFO  server.RaftServerConfigKeys (ConfUtils.java:logGet(44)) - raft.server.storage.dir = [/home/runner/work/ozone/ozone/hadoop-ozone/integration-test/target/test-dir/MiniOzoneClusterImpl-adca7f43-f686-4ef5-81ed-33e1f333fc0f/scmNode-1/scm-ha] (custom)
2022-02-10 17:16:07,240 [pool-226-thread-1] INFO  server.RaftServerConfigKeys (ConfUtils.java:logGet(44)) - raft.server.log.corruption.policy = EXCEPTION (default)
2022-02-10 17:16:07,240 [pool-226-thread-1] INFO  server.RaftServerConfigKeys (ConfUtils.java:logGet(44)) - raft.server.storage.free-space.min = 0MB (=0) (default)
2022-02-10 17:16:07,240 [pool-226-thread-1] INFO  storage.RaftStorageDirectory (RaftStorageDirectoryImpl.java:analyzeStorage(135)) - The storage directory /home/runner/work/ozone/ozone/hadoop-ozone/integration-test/target/test-dir/MiniOzoneClusterImpl-adca7f43-f686-4ef5-81ed-33e1f333fc0f/scmNode-1/scm-ha/adca7f43-f686-4ef5-81ed-33e1f333fc0f does not exist. Creating ...
2022-02-10 17:16:07,241 [pool-226-thread-1] INFO  storage.RaftStorageDirectory (RaftStorageDirectoryImpl.java:tryLock(230)) - Lock on /home/runner/work/ozone/ozone/hadoop-ozone/integration-test/target/test-dir/MiniOzoneClusterImpl-adca7f43-f686-4ef5-81ed-33e1f333fc0f/scmNode-1/scm-ha/adca7f43-f686-4ef5-81ed-33e1f333fc0f/in_use.lock acquired by nodename 23291@fv-az184-768
2022-02-10 17:16:07,242 [pool-226-thread-1] INFO  storage.RaftStorage (RaftStorageImpl.java:format(89)) - Storage directory /home/runner/work/ozone/ozone/hadoop-ozone/integration-test/target/test-dir/MiniOzoneClusterImpl-adca7f43-f686-4ef5-81ed-33e1f333fc0f/scmNode-1/scm-ha/adca7f43-f686-4ef5-81ed-33e1f333fc0f has been successfully formatted.
2022-02-10 17:16:07,242 [pool-226-thread-1] INFO  server.RaftServerConfigKeys (ConfUtils.java:logGet(44)) - raft.server.notification.no-leader.timeout = 60s (default)
2022-02-10 17:16:07,243 [pool-226-thread-1] INFO  server.RaftServerConfigKeys (ConfUtils.java:logGet(44)) - raft.server.log.use.memory = false (default)
2022-02-10 17:16:07,243 [pool-226-thread-1] INFO  server.RaftServerConfigKeys (ConfUtils.java:logGet(44)) - raft.server.log.purge.gap = 1000000 (custom)
2022-02-10 17:16:07,243 [pool-226-thread-1] INFO  server.RaftServerConfigKeys (ConfUtils.java:logGet(44)) - raft.server.log.appender.buffer.byte-limit = 33554432 (custom)
2022-02-10 17:16:07,243 [pool-226-thread-1] INFO  server.RaftServerConfigKeys (ConfUtils.java:logGet(44)) - raft.server.log.segment.size.max = 4194304 (custom)
2022-02-10 17:16:07,244 [pool-226-thread-1] INFO  server.RaftServerConfigKeys (ConfUtils.java:logGet(44)) - raft.server.log.segment.cache.num.max = 2 (custom)
2022-02-10 17:16:07,244 [pool-226-thread-1] INFO  server.RaftServerConfigKeys (ConfUtils.java:logGet(44)) - raft.server.log.segment.cache.size.max = 200MB (=209715200) (default)
2022-02-10 17:16:07,244 [pool-226-thread-1] INFO  segmented.SegmentedRaftLogWorker (SegmentedRaftLogWorker.java:<init>(182)) - new 0a9802c5-9e82-4a55-ac1b-01a1cb3fb90c@group-33E1F333FC0F-SegmentedRaftLogWorker for RaftStorageImpl:Storage Directory /home/runner/work/ozone/ozone/hadoop-ozone/integration-test/target/test-dir/MiniOzoneClusterImpl-adca7f43-f686-4ef5-81ed-33e1f333fc0f/scmNode-1/scm-ha/adca7f43-f686-4ef5-81ed-33e1f333fc0f
2022-02-10 17:16:07,244 [pool-226-thread-1] INFO  server.RaftServerConfigKeys (ConfUtils.java:logGet(44)) - raft.server.log.queue.byte-limit = 64MB (=67108864) (default)
2022-02-10 17:16:07,244 [pool-226-thread-1] INFO  server.RaftServerConfigKeys (ConfUtils.java:logGet(44)) - raft.server.log.queue.element-limit = 4096 (default)
2022-02-10 17:16:07,244 [pool-226-thread-1] INFO  server.RaftServerConfigKeys (ConfUtils.java:logGet(44)) - raft.server.log.segment.size.max = 4194304 (custom)
2022-02-10 17:16:07,244 [pool-226-thread-1] INFO  server.RaftServerConfigKeys (ConfUtils.java:logGet(44)) - raft.server.log.preallocated.size = 4194304 (custom)
2022-02-10 17:16:07,244 [pool-226-thread-1] INFO  server.RaftServerConfigKeys (ConfUtils.java:logGet(44)) - raft.server.log.force.sync.num = 128 (default)
2022-02-10 17:16:07,244 [pool-226-thread-1] INFO  server.RaftServerConfigKeys (ConfUtils.java:logGet(44)) - raft.server.log.statemachine.data.sync = true (default)
2022-02-10 17:16:07,244 [pool-226-thread-1] INFO  server.RaftServerConfigKeys (ConfUtils.java:logGet(44)) - raft.server.log.statemachine.data.sync.timeout = 10s (default)
2022-02-10 17:16:07,244 [pool-226-thread-1] INFO  server.RaftServerConfigKeys (ConfUtils.java:logGet(44)) - raft.server.log.statemachine.data.sync.timeout.retry = -1 (default)
2022-02-10 17:16:07,245 [pool-226-thread-1] INFO  server.RaftServerConfigKeys (ConfUtils.java:logGet(44)) - raft.server.log.write.buffer.size = 64KB (=65536) (default)
2022-02-10 17:16:07,245 [pool-226-thread-1] INFO  server.RaftServerConfigKeys (ConfUtils.java:logGet(44)) - raft.server.log.statemachine.data.caching.enabled = false (default)
2022-02-10 17:16:07,245 [pool-226-thread-1] INFO  segmented.SegmentedRaftLogWorker (SegmentedRaftLogWorker.java:lambda$new$0(133)) - 0a9802c5-9e82-4a55-ac1b-01a1cb3fb90c@group-33E1F333FC0F-SegmentedRaftLogWorker: flushIndex: setUnconditionally 0 -> -1
2022-02-10 17:16:07,246 [pool-226-thread-1] INFO  segmented.SegmentedRaftLogWorker (SegmentedRaftLogWorker.java:lambda$new$0(133)) - 0a9802c5-9e82-4a55-ac1b-01a1cb3fb90c@group-33E1F333FC0F-SegmentedRaftLogWorker: safeCacheEvictIndex: setUnconditionally 0 -> -1
2022-02-10 17:16:07,246 [pool-226-thread-1] INFO  server.RaftServerConfigKeys (ConfUtils.java:logGet(44)) - raft.server.snapshot.auto.trigger.enabled = true (custom)
2022-02-10 17:16:07,246 [pool-226-thread-1] INFO  server.RaftServerConfigKeys (ConfUtils.java:logGet(44)) - raft.server.snapshot.auto.trigger.threshold = 1000 (custom)
2022-02-10 17:16:07,246 [pool-226-thread-1] INFO  server.RaftServerConfigKeys (ConfUtils.java:logGet(44)) - raft.server.snapshot.retention.file.num = -1 (default)
2022-02-10 17:16:07,246 [pool-226-thread-1] INFO  server.RaftServerConfigKeys (ConfUtils.java:logGet(44)) - raft.server.log.purge.upto.snapshot.index = false (default)
2022-02-10 17:16:07,246 [pool-226-thread-1] INFO  server.RaftServerConfigKeys (ConfUtils.java:logGet(44)) - raft.server.retrycache.expirytime = 60000ms (default)
2022-02-10 17:16:07,246 [pool-226-thread-1] INFO  server.RaftServerConfigKeys (ConfUtils.java:logGet(44)) - raft.server.retrycache.statistics.expirytime = 100μs (default)
2022-02-10 17:16:07,251 [Time-limited test] INFO  server.RaftServer$Division (RaftServerImpl.java:start(301)) - 0a9802c5-9e82-4a55-ac1b-01a1cb3fb90c@group-33E1F333FC0F: start as a follower, conf=-1: [0a9802c5-9e82-4a55-ac1b-01a1cb3fb90c|rpc:localhost:46039|priority:0], old=null
2022-02-10 17:16:07,251 [Time-limited test] INFO  server.RaftServer$Division (RaftServerImpl.java:setRole(290)) - 0a9802c5-9e82-4a55-ac1b-01a1cb3fb90c@group-33E1F333FC0F: changes role from      null to FOLLOWER at term 0 for startAsFollower
2022-02-10 17:16:07,251 [Time-limited test] INFO  impl.RoleInfo (RoleInfo.java:updateAndGet(130)) - 0a9802c5-9e82-4a55-ac1b-01a1cb3fb90c: start 0a9802c5-9e82-4a55-ac1b-01a1cb3fb90c@group-33E1F333FC0F-FollowerState
2022-02-10 17:16:07,259 [Time-limited test] INFO  util.JmxRegister (JmxRegister.java:tryRegister(44)) - Successfully registered JMX Bean with object name Ratis:service=RaftServer,group=group-33E1F333FC0F,id=0a9802c5-9e82-4a55-ac1b-01a1cb3fb90c
2022-02-10 17:16:07,263 [Time-limited test] INFO  server.RaftServer (RaftServerProxy.java:lambda$start$5(374)) - 0a9802c5-9e82-4a55-ac1b-01a1cb3fb90c: start RPC server
2022-02-10 17:16:07,265 [Time-limited test] INFO  server.GrpcService (GrpcService.java:startImpl(253)) - 0a9802c5-9e82-4a55-ac1b-01a1cb3fb90c: GrpcService started, listening on 46039
2022-02-10 17:16:07,265 [org.apache.ratis.util.JvmPauseMonitor$$Lambda$435/2121963301@d5e232c] INFO  util.JvmPauseMonitor (JvmPauseMonitor.java:run(103)) - JvmPauseMonitor-0a9802c5-9e82-4a55-ac1b-01a1cb3fb90c: Started
2022-02-10 17:16:07,436 [EndpointStateMachine task thread for /127.0.0.1:33255 - 0 ] INFO  ipc.Client (Client.java:handleConnectionFailure(977)) - Retrying connect to server: localhost/127.0.0.1:33255. Already tried 4 time(s); retry policy is RetryUpToMaximumCountWithFixedSleep(maxRetries=15, sleepTime=1000 MILLISECONDS)
2022-02-10 17:16:08,437 [EndpointStateMachine task thread for /127.0.0.1:33255 - 0 ] INFO  ipc.Client (Client.java:handleConnectionFailure(977)) - Retrying connect to server: localhost/127.0.0.1:33255. Already tried 5 time(s); retry policy is RetryUpToMaximumCountWithFixedSleep(maxRetries=15, sleepTime=1000 MILLISECONDS)
2022-02-10 17:16:09,438 [EndpointStateMachine task thread for /127.0.0.1:33255 - 0 ] INFO  ipc.Client (Client.java:handleConnectionFailure(977)) - Retrying connect to server: localhost/127.0.0.1:33255. Already tried 6 time(s); retry policy is RetryUpToMaximumCountWithFixedSleep(maxRetries=15, sleepTime=1000 MILLISECONDS)
2022-02-10 17:16:10,438 [EndpointStateMachine task thread for /127.0.0.1:33255 - 0 ] INFO  ipc.Client (Client.java:handleConnectionFailure(977)) - Retrying connect to server: localhost/127.0.0.1:33255. Already tried 7 time(s); retry policy is RetryUpToMaximumCountWithFixedSleep(maxRetries=15, sleepTime=1000 MILLISECONDS)
2022-02-10 17:16:11,439 [EndpointStateMachine task thread for /127.0.0.1:33255 - 0 ] INFO  ipc.Client (Client.java:handleConnectionFailure(977)) - Retrying connect to server: localhost/127.0.0.1:33255. Already tried 8 time(s); retry policy is RetryUpToMaximumCountWithFixedSleep(maxRetries=15, sleepTime=1000 MILLISECONDS)
2022-02-10 17:16:12,419 [0a9802c5-9e82-4a55-ac1b-01a1cb3fb90c@group-33E1F333FC0F-FollowerState] INFO  impl.FollowerState (FollowerState.java:run(134)) - 0a9802c5-9e82-4a55-ac1b-01a1cb3fb90c@group-33E1F333FC0F-FollowerState: change to CANDIDATE, lastRpcElapsedTime:5167946359ns, electionTimeout:5159ms
2022-02-10 17:16:12,419 [0a9802c5-9e82-4a55-ac1b-01a1cb3fb90c@group-33E1F333FC0F-FollowerState] INFO  impl.RoleInfo (RoleInfo.java:shutdownFollowerState(108)) - 0a9802c5-9e82-4a55-ac1b-01a1cb3fb90c: shutdown 0a9802c5-9e82-4a55-ac1b-01a1cb3fb90c@group-33E1F333FC0F-FollowerState
2022-02-10 17:16:12,419 [0a9802c5-9e82-4a55-ac1b-01a1cb3fb90c@group-33E1F333FC0F-FollowerState] INFO  server.RaftServer$Division (RaftServerImpl.java:setRole(290)) - 0a9802c5-9e82-4a55-ac1b-01a1cb3fb90c@group-33E1F333FC0F: changes role from  FOLLOWER to CANDIDATE at term 0 for changeToCandidate
2022-02-10 17:16:12,419 [0a9802c5-9e82-4a55-ac1b-01a1cb3fb90c@group-33E1F333FC0F-FollowerState] INFO  server.RaftServerConfigKeys (ConfUtils.java:logGet(44)) - raft.server.leaderelection.pre-vote = false (custom)
2022-02-10 17:16:12,419 [0a9802c5-9e82-4a55-ac1b-01a1cb3fb90c@group-33E1F333FC0F-FollowerState] INFO  impl.RoleInfo (RoleInfo.java:updateAndGet(130)) - 0a9802c5-9e82-4a55-ac1b-01a1cb3fb90c: start 0a9802c5-9e82-4a55-ac1b-01a1cb3fb90c@group-33E1F333FC0F-LeaderElection18
2022-02-10 17:16:12,440 [EndpointStateMachine task thread for /127.0.0.1:33255 - 0 ] INFO  ipc.Client (Client.java:handleConnectionFailure(977)) - Retrying connect to server: localhost/127.0.0.1:33255. Already tried 9 time(s); retry policy is RetryUpToMaximumCountWithFixedSleep(maxRetries=15, sleepTime=1000 MILLISECONDS)
2022-02-10 17:16:12,448 [0a9802c5-9e82-4a55-ac1b-01a1cb3fb90c@group-33E1F333FC0F-LeaderElection18] INFO  impl.LeaderElection (LeaderElection.java:askForVotes(306)) - 0a9802c5-9e82-4a55-ac1b-01a1cb3fb90c@group-33E1F333FC0F-LeaderElection18 ELECTION round 0: submit vote requests at term 1 for -1: [0a9802c5-9e82-4a55-ac1b-01a1cb3fb90c|rpc:localhost:46039|priority:0], old=null
2022-02-10 17:16:12,448 [0a9802c5-9e82-4a55-ac1b-01a1cb3fb90c@group-33E1F333FC0F-LeaderElection18] INFO  impl.LeaderElection (LeaderElection.java:askForVotes(308)) - 0a9802c5-9e82-4a55-ac1b-01a1cb3fb90c@group-33E1F333FC0F-LeaderElection18 ELECTION round 0: result PASSED (term=1)
2022-02-10 17:16:12,448 [0a9802c5-9e82-4a55-ac1b-01a1cb3fb90c@group-33E1F333FC0F-LeaderElection18] INFO  impl.RoleInfo (RoleInfo.java:shutdownLeaderElection(121)) - 0a9802c5-9e82-4a55-ac1b-01a1cb3fb90c: shutdown 0a9802c5-9e82-4a55-ac1b-01a1cb3fb90c@group-33E1F333FC0F-LeaderElection18
2022-02-10 17:16:12,448 [0a9802c5-9e82-4a55-ac1b-01a1cb3fb90c@group-33E1F333FC0F-LeaderElection18] INFO  server.RaftServer$Division (RaftServerImpl.java:setRole(290)) - 0a9802c5-9e82-4a55-ac1b-01a1cb3fb90c@group-33E1F333FC0F: changes role from CANDIDATE to LEADER at term 1 for changeToLeader
2022-02-10 17:16:12,448 [0a9802c5-9e82-4a55-ac1b-01a1cb3fb90c@group-33E1F333FC0F-LeaderElection18] INFO  server.RaftServer$Division (ServerState.java:setLeader(285)) - 0a9802c5-9e82-4a55-ac1b-01a1cb3fb90c@group-33E1F333FC0F: change Leader from null to 0a9802c5-9e82-4a55-ac1b-01a1cb3fb90c at term 1 for becomeLeader, leader elected after 5205ms
2022-02-10 17:16:12,448 [0a9802c5-9e82-4a55-ac1b-01a1cb3fb90c@group-33E1F333FC0F-LeaderElection18] INFO  server.RaftServerConfigKeys (ConfUtils.java:logGet(44)) - raft.server.staging.catchup.gap = 1000 (default)
2022-02-10 17:16:12,449 [0a9802c5-9e82-4a55-ac1b-01a1cb3fb90c@group-33E1F333FC0F-LeaderElection18] INFO  server.RaftServerConfigKeys (ConfUtils.java:logGet(44)) - raft.server.write.element-limit = 4096 (default)
2022-02-10 17:16:12,449 [0a9802c5-9e82-4a55-ac1b-01a1cb3fb90c@group-33E1F333FC0F-LeaderElection18] INFO  server.RaftServerConfigKeys (ConfUtils.java:logGet(44)) - raft.server.write.byte-limit = 64MB (=67108864) (default)
2022-02-10 17:16:12,449 [0a9802c5-9e82-4a55-ac1b-01a1cb3fb90c@group-33E1F333FC0F-LeaderElection18] INFO  server.RaftServerConfigKeys (ConfUtils.java:logGet(44)) - raft.server.watch.timeout = 10s (default)
2022-02-10 17:16:12,449 [0a9802c5-9e82-4a55-ac1b-01a1cb3fb90c@group-33E1F333FC0F-LeaderElection18] INFO  server.RaftServerConfigKeys (ConfUtils.java:logGet(44)) - raft.server.watch.timeout.denomination = 1s (default)
2022-02-10 17:16:12,449 [0a9802c5-9e82-4a55-ac1b-01a1cb3fb90c@group-33E1F333FC0F-LeaderElection18] INFO  server.RaftServerConfigKeys (ConfUtils.java:logGet(44)) - raft.server.watch.element-limit = 65536 (default)
2022-02-10 17:16:12,449 [0a9802c5-9e82-4a55-ac1b-01a1cb3fb90c@group-33E1F333FC0F-LeaderElection18] INFO  server.RaftServerConfigKeys (ConfUtils.java:logGet(44)) - raft.server.write.element-limit = 4096 (default)
2022-02-10 17:16:12,449 [0a9802c5-9e82-4a55-ac1b-01a1cb3fb90c@group-33E1F333FC0F-LeaderElection18] INFO  server.RaftServerConfigKeys (ConfUtils.java:logGet(44)) - raft.server.write.follower.gap.ratio.max = -1.0 (default)
2022-02-10 17:16:12,449 [0a9802c5-9e82-4a55-ac1b-01a1cb3fb90c@group-33E1F333FC0F-LeaderElection18] INFO  impl.RoleInfo (RoleInfo.java:updateAndGet(130)) - 0a9802c5-9e82-4a55-ac1b-01a1cb3fb90c: start 0a9802c5-9e82-4a55-ac1b-01a1cb3fb90c@group-33E1F333FC0F-LeaderStateImpl
2022-02-10 17:16:12,450 [0a9802c5-9e82-4a55-ac1b-01a1cb3fb90c@group-33E1F333FC0F-LeaderElection18] INFO  segmented.SegmentedRaftLogWorker (SegmentedRaftLogWorker.java:startLogSegment(394)) - 0a9802c5-9e82-4a55-ac1b-01a1cb3fb90c@group-33E1F333FC0F-SegmentedRaftLogWorker: Starting segment from index:0
2022-02-10 17:16:12,463 [0a9802c5-9e82-4a55-ac1b-01a1cb3fb90c@group-33E1F333FC0F-LeaderElection18] INFO  server.RaftServer$Division (ServerState.java:setRaftConf(387)) - 0a9802c5-9e82-4a55-ac1b-01a1cb3fb90c@group-33E1F333FC0F: set configuration 0: [0a9802c5-9e82-4a55-ac1b-01a1cb3fb90c|rpc:localhost:46039|admin:|client:|dataStream:|priority:0], old=null
2022-02-10 17:16:12,467 [0a9802c5-9e82-4a55-ac1b-01a1cb3fb90c@group-33E1F333FC0F-SegmentedRaftLogWorker] INFO  segmented.SegmentedRaftLogWorker (SegmentedRaftLogWorker.java:execute(601)) - 0a9802c5-9e82-4a55-ac1b-01a1cb3fb90c@group-33E1F333FC0F-SegmentedRaftLogWorker: created new log segment /home/runner/work/ozone/ozone/hadoop-ozone/integration-test/target/test-dir/MiniOzoneClusterImpl-adca7f43-f686-4ef5-81ed-33e1f333fc0f/scmNode-1/scm-ha/adca7f43-f686-4ef5-81ed-33e1f333fc0f/current/log_inprogress_0
2022-02-10 17:16:13,266 [Time-limited test] INFO  server.RaftServer (RaftServerProxy.java:lambda$close$6(391)) - 0a9802c5-9e82-4a55-ac1b-01a1cb3fb90c: close
2022-02-10 17:16:13,266 [Time-limited test] INFO  server.RaftServer$Division (RaftServerImpl.java:lambda$close$4(412)) - 0a9802c5-9e82-4a55-ac1b-01a1cb3fb90c@group-33E1F333FC0F: shutdown
2022-02-10 17:16:13,266 [Time-limited test] INFO  util.JmxRegister (JmxRegister.java:unregister(73)) - Successfully un-registered JMX Bean with object name Ratis:service=RaftServer,group=group-33E1F333FC0F,id=0a9802c5-9e82-4a55-ac1b-01a1cb3fb90c
2022-02-10 17:16:13,266 [Time-limited test] INFO  impl.RoleInfo (RoleInfo.java:shutdownLeaderState(91)) - 0a9802c5-9e82-4a55-ac1b-01a1cb3fb90c: shutdown 0a9802c5-9e82-4a55-ac1b-01a1cb3fb90c@group-33E1F333FC0F-LeaderStateImpl
2022-02-10 17:16:13,266 [Time-limited test] INFO  impl.PendingRequests (PendingRequests.java:sendNotLeaderResponses(282)) - 0a9802c5-9e82-4a55-ac1b-01a1cb3fb90c@group-33E1F333FC0F-PendingRequests: sendNotLeaderResponses
2022-02-10 17:16:13,267 [Time-limited test] INFO  impl.StateMachineUpdater (StateMachineUpdater.java:stopAndJoin(149)) - 0a9802c5-9e82-4a55-ac1b-01a1cb3fb90c@group-33E1F333FC0F-StateMachineUpdater: set stopIndex = 0
2022-02-10 17:16:13,267 [0a9802c5-9e82-4a55-ac1b-01a1cb3fb90c@group-33E1F333FC0F-StateMachineUpdater] INFO  impl.StateMachineUpdater (StateMachineUpdater.java:takeSnapshot(281)) - 0a9802c5-9e82-4a55-ac1b-01a1cb3fb90c@group-33E1F333FC0F-StateMachineUpdater: Took a snapshot at index 0
2022-02-10 17:16:13,267 [0a9802c5-9e82-4a55-ac1b-01a1cb3fb90c@group-33E1F333FC0F-StateMachineUpdater] INFO  impl.StateMachineUpdater (StateMachineUpdater.java:lambda$new$0(89)) - 0a9802c5-9e82-4a55-ac1b-01a1cb3fb90c@group-33E1F333FC0F-StateMachineUpdater: snapshotIndex: updateIncreasingly -1 -> 0
2022-02-10 17:16:13,268 [Time-limited test] INFO  server.RaftServer$Division (ServerState.java:close(419)) - 0a9802c5-9e82-4a55-ac1b-01a1cb3fb90c@group-33E1F333FC0F: closes. applyIndex: 0
2022-02-10 17:16:13,268 [0a9802c5-9e82-4a55-ac1b-01a1cb3fb90c@group-33E1F333FC0F-SegmentedRaftLogWorker] INFO  segmented.SegmentedRaftLogWorker (SegmentedRaftLogWorker.java:run(327)) - 0a9802c5-9e82-4a55-ac1b-01a1cb3fb90c@group-33E1F333FC0F-SegmentedRaftLogWorker was interrupted, exiting. There are 0 tasks remaining in the queue.
2022-02-10 17:16:13,269 [Time-limited test] INFO  segmented.SegmentedRaftLogWorker (SegmentedRaftLogWorker.java:close(237)) - 0a9802c5-9e82-4a55-ac1b-01a1cb3fb90c@group-33E1F333FC0F-SegmentedRaftLogWorker close()
2022-02-10 17:16:13,270 [Time-limited test] INFO  server.GrpcService (GrpcService.java:closeImpl(262)) - 0a9802c5-9e82-4a55-ac1b-01a1cb3fb90c: shutdown server with port 46039 now
2022-02-10 17:16:13,271 [Time-limited test] INFO  server.GrpcService (GrpcService.java:closeImpl(271)) - 0a9802c5-9e82-4a55-ac1b-01a1cb3fb90c: shutdown server with port 46039 successfully
2022-02-10 17:16:13,271 [org.apache.ratis.util.JvmPauseMonitor$$Lambda$435/2121963301@d5e232c] INFO  util.JvmPauseMonitor (JvmPauseMonitor.java:run(109)) - JvmPauseMonitor-0a9802c5-9e82-4a55-ac1b-01a1cb3fb90c: Stopped
2022-02-10 17:16:13,271 [Time-limited test] WARN  server.ServerUtils (ServerUtils.java:getScmDbDir(148)) - ozone.scm.db.dirs is not configured. We recommend adding this setting. Falling back to ozone.metadata.dirs instead.
2022-02-10 17:16:13,272 [Time-limited test] INFO  server.StorageContainerManager (StorageContainerManager.java:scmInit(1083)) - SCM initialization succeeded. Current cluster id for sd=/home/runner/work/ozone/ozone/hadoop-ozone/integration-test/target/test-dir/MiniOzoneClusterImpl-adca7f43-f686-4ef5-81ed-33e1f333fc0f/scmNode-1/scm; cid=adca7f43-f686-4ef5-81ed-33e1f333fc0f; layoutVersion=2; scmId=0a9802c5-9e82-4a55-ac1b-01a1cb3fb90c
2022-02-10 17:16:13,272 [Time-limited test] INFO  ha.SCMHANodeDetails (SCMHANodeDetails.java:loadSCMHAConfig(157)) - ServiceID for StorageContainerManager is scmServiceId
2022-02-10 17:16:13,272 [Time-limited test] INFO  ha.SCMHANodeDetails (SCMHANodeDetails.java:loadSCMHAConfig(168)) - ServiceID for StorageContainerManager is scmServiceId
2022-02-10 17:16:13,273 [Time-limited test] INFO  ha.SCMHANodeDetails (SCMHANodeDetails.java:loadSCMHAConfig(250)) - Found matching SCM address with SCMServiceId: scmServiceId, SCMNodeId: scmNode-1, RPC Address: localhost:46039 and Ratis port: 46039
2022-02-10 17:16:13,273 [Time-limited test] INFO  ha.SCMHANodeDetails (ConfUtils.java:setNodeSpecificConfigs(108)) - Setting configuration key ozone.scm.datanode.address with value of key ozone.scm.datanode.address.scmServiceId.scmNode-1: 127.0.0.1:36035
2022-02-10 17:16:13,273 [Time-limited test] INFO  ha.SCMHANodeDetails (ConfUtils.java:setNodeSpecificConfigs(108)) - Setting configuration key ozone.scm.block.client.address with value of key ozone.scm.block.client.address.scmServiceId.scmNode-1: 127.0.0.1:42073
2022-02-10 17:16:13,273 [Time-limited test] INFO  ha.SCMHANodeDetails (ConfUtils.java:setNodeSpecificConfigs(108)) - Setting configuration key ozone.scm.client.address with value of key ozone.scm.client.address.scmServiceId.scmNode-1: 127.0.0.1:34207
2022-02-10 17:16:13,273 [Time-limited test] INFO  ha.SCMHANodeDetails (ConfUtils.java:setNodeSpecificConfigs(108)) - Setting configuration key ozone.scm.ratis.port with value of key ozone.scm.ratis.port.scmServiceId.scmNode-1: 46039
2022-02-10 17:16:13,273 [Time-limited test] INFO  ha.SCMHANodeDetails (ConfUtils.java:setNodeSpecificConfigs(108)) - Setting configuration key ozone.scm.grpc.port with value of key ozone.scm.grpc.port.scmServiceId.scmNode-1: 37789
2022-02-10 17:16:13,273 [Time-limited test] INFO  ha.SCMHANodeDetails (ConfUtils.java:setNodeSpecificConfigs(108)) - Setting configuration key ozone.scm.http-address with value of key ozone.scm.http-address.scmServiceId.scmNode-1: 127.0.0.1:39171
2022-02-10 17:16:13,273 [Time-limited test] INFO  ha.SCMHANodeDetails (ConfUtils.java:setNodeSpecificConfigs(108)) - Setting configuration key ozone.scm.https-address with value of key ozone.scm.https-address.scmServiceId.scmNode-1: 127.0.0.1:42667
2022-02-10 17:16:13,273 [Time-limited test] INFO  ha.SCMHANodeDetails (ConfUtils.java:setNodeSpecificConfigs(108)) - Setting configuration key ozone.scm.address with value of key ozone.scm.address.scmServiceId.scmNode-1: 127.0.0.1
2022-02-10 17:16:13,273 [Time-limited test] WARN  scm.ScmUtils (ScmUtils.java:logWarn(179)) - ConfigKey ozone.scm.block.client.address is deprecated, For configuring different ports for each SCM use PortConfigKey ozone.scm.block.client.port appended with serviceId and nodeId. If want to configure same port configure ozone.scm.block.client.port
2022-02-10 17:16:13,273 [Time-limited test] WARN  scm.ScmUtils (ScmUtils.java:logWarn(179)) - ConfigKey ozone.scm.client.address is deprecated, For configuring different ports for each SCM use PortConfigKey ozone.scm.client.port appended with serviceId and nodeId. If want to configure same port configure ozone.scm.client.port
2022-02-10 17:16:13,273 [Time-limited test] WARN  scm.ScmUtils (ScmUtils.java:logWarn(179)) - ConfigKey ozone.scm.datanode.address is deprecated, For configuring different ports for each SCM use PortConfigKey ozone.scm.datanode.port appended with serviceId and nodeId. If want to configure same port configure ozone.scm.datanode.port
2022-02-10 17:16:13,274 [Time-limited test] WARN  server.ServerUtils (ServerUtils.java:getScmDbDir(148)) - ozone.scm.db.dirs is not configured. We recommend adding this setting. Falling back to ozone.metadata.dirs instead.
2022-02-10 17:16:13,274 [Time-limited test] INFO  upgrade.AbstractLayoutVersionManager (AbstractLayoutVersionManager.java:init(79)) - Initializing Layout version manager with metadata layout = SCM_HA (version = 2), software layout = SCM_HA (version = 2)
2022-02-10 17:16:13,373 [Time-limited test] INFO  reflections.Reflections (Reflections.java:scan(232)) - Reflections took 98 ms to scan 7 urls, producing 119 keys and 279 values 
2022-02-10 17:16:13,375 [Time-limited test] WARN  utils.HAUtils (HAUtils.java:getMetaDir(342)) - ozone.scm.db.dirs is not configured. We recommend adding this setting. Falling back to ozone.metadata.dirs instead.
2022-02-10 17:16:13,383 [Time-limited test] WARN  db.DBStoreBuilder (DBStoreBuilder.java:applyDBDefinition(145)) - ozone.scm.db.dirs is not configured. We recommend adding this setting. Falling back to ozone.metadata.dirs instead.
2022-02-10 17:16:13,441 [EndpointStateMachine task thread for /127.0.0.1:33255 - 0 ] INFO  ipc.Client (Client.java:handleConnectionFailure(977)) - Retrying connect to server: localhost/127.0.0.1:33255. Already tried 10 time(s); retry policy is RetryUpToMaximumCountWithFixedSleep(maxRetries=15, sleepTime=1000 MILLISECONDS)
2022-02-10 17:16:13,541 [Time-limited test] INFO  net.NodeSchemaLoader (NodeSchemaLoader.java:loadSchemaFromFile(129)) - Loading schema from [jar:file:/home/runner/.m2/repository/org/apache/ozone/hdds-common/1.3.0-SNAPSHOT/hdds-common-1.3.0-SNAPSHOT.jar!/network-topology-default.xml]
2022-02-10 17:16:13,541 [Time-limited test] INFO  net.NodeSchemaLoader (NodeSchemaLoader.java:loadSchema(176)) - Loading network topology layer schema file
2022-02-10 17:16:13,543 [Time-limited test] WARN  impl.MetricRegistriesImpl (MetricRegistriesImpl.java:addReporterRegistration(111)) - New reporters are added after registries were created. Some metrics will be missing from the reporter. Please add reporter before adding any new registry.
2022-02-10 17:16:13,543 [Time-limited test] WARN  impl.MetricRegistriesImpl (MetricRegistriesImpl.java:addReporterRegistration(111)) - New reporters are added after registries were created. Some metrics will be missing from the reporter. Please add reporter before adding any new registry.
2022-02-10 17:16:13,544 [Time-limited test] INFO  ha.SCMRatisServerImpl (SCMRatisServerImpl.java:<init>(87)) - starting Raft server for scm:0a9802c5-9e82-4a55-ac1b-01a1cb3fb90c
2022-02-10 17:16:13,545 [Time-limited test] INFO  server.RaftServer (ConfUtils.java:logGet(44)) - raft.rpc.type = GRPC (default)
2022-02-10 17:16:13,545 [Time-limited test] INFO  grpc.GrpcFactory (GrpcFactory.java:checkPooledByteBufAllocatorUseCacheForAllThreads(48)) - PERFORMANCE WARNING: useCacheForAllThreads is true that may cause Netty to create a lot garbage objects and, as a result, trigger GC.
	It is recommended to disable useCacheForAllThreads by setting -Dorg.apache.ratis.thirdparty.io.netty.allocator.useCacheForAllThreads=false in command line.
2022-02-10 17:16:13,545 [Time-limited test] INFO  grpc.GrpcConfigKeys (ConfUtils.java:logGet(44)) - raft.grpc.admin.port = -1 (default)
2022-02-10 17:16:13,545 [Time-limited test] INFO  grpc.GrpcConfigKeys (ConfUtils.java:logGet(44)) - raft.grpc.server.port = 46039 (custom)
2022-02-10 17:16:13,546 [Time-limited test] INFO  grpc.GrpcConfigKeys (ConfUtils.java:logGet(44)) - raft.grpc.client.port = -1 (default)
2022-02-10 17:16:13,546 [Time-limited test] INFO  grpc.GrpcConfigKeys (ConfUtils.java:logGet(44)) - raft.grpc.server.port = 46039 (custom)
2022-02-10 17:16:13,546 [Time-limited test] INFO  grpc.GrpcConfigKeys (ConfUtils.java:logGet(44)) - raft.grpc.server.port = 46039 (custom)
2022-02-10 17:16:13,546 [Time-limited test] INFO  server.GrpcService (ConfUtils.java:logGet(44)) - raft.grpc.message.size.max = 32m (=33554432) (custom)
2022-02-10 17:16:13,546 [Time-limited test] INFO  server.RaftServerConfigKeys (ConfUtils.java:logGet(44)) - raft.server.log.appender.buffer.byte-limit = 33554432 (custom)
2022-02-10 17:16:13,546 [Time-limited test] INFO  server.GrpcService (ConfUtils.java:logGet(44)) - raft.grpc.flow.control.window = 1MB (=1048576) (default)
2022-02-10 17:16:13,546 [Time-limited test] INFO  server.RaftServerConfigKeys (ConfUtils.java:logGet(44)) - raft.server.rpc.request.timeout = 30000ms (custom)
2022-02-10 17:16:13,547 [Time-limited test] INFO  impl.DataStreamServerImpl (ConfUtils.java:logGet(44)) - raft.datastream.type = DISABLED (default)
2022-02-10 17:16:13,547 [Time-limited test] INFO  server.RaftServerConfigKeys (ConfUtils.java:logGet(44)) - raft.server.rpc.slowness.timeout = 120000ms (custom)
2022-02-10 17:16:13,548 [Time-limited test] INFO  server.RaftServerConfigKeys (ConfUtils.java:logGet(44)) - raft.server.leaderelection.leader.step-down.wait-time = 10s (default)
2022-02-10 17:16:13,548 [Time-limited test] INFO  server.RaftServerConfigKeys (ConfUtils.java:logGet(44)) - raft.server.storage.dir = [/home/runner/work/ozone/ozone/hadoop-ozone/integration-test/target/test-dir/MiniOzoneClusterImpl-adca7f43-f686-4ef5-81ed-33e1f333fc0f/scmNode-1/scm-ha] (custom)
2022-02-10 17:16:13,548 [Time-limited test] INFO  server.RaftServer (RaftServerProxy.java:lambda$null$1(235)) - 0a9802c5-9e82-4a55-ac1b-01a1cb3fb90c: found a subdirectory /home/runner/work/ozone/ozone/hadoop-ozone/integration-test/target/test-dir/MiniOzoneClusterImpl-adca7f43-f686-4ef5-81ed-33e1f333fc0f/scmNode-1/scm-ha/adca7f43-f686-4ef5-81ed-33e1f333fc0f
2022-02-10 17:16:13,548 [Time-limited test] INFO  server.RaftServer (RaftServerProxy.java:addNew(95)) - 0a9802c5-9e82-4a55-ac1b-01a1cb3fb90c: addNew group-33E1F333FC0F:[] returns group-33E1F333FC0F:java.util.concurrent.CompletableFuture@4a98edfb[Not completed]
2022-02-10 17:16:13,549 [pool-239-thread-1] INFO  server.RaftServer$Division (RaftServerImpl.java:<init>(184)) - 0a9802c5-9e82-4a55-ac1b-01a1cb3fb90c: new RaftServerImpl for group-33E1F333FC0F:[] with SCMStateMachine:uninitialized
2022-02-10 17:16:13,549 [pool-239-thread-1] INFO  server.RaftServerConfigKeys (ConfUtils.java:logGet(44)) - raft.server.rpc.timeout.min = 5000ms (custom)
2022-02-10 17:16:13,549 [pool-239-thread-1] INFO  server.RaftServerConfigKeys (ConfUtils.java:logGet(44)) - raft.server.rpc.timeout.max = 5200ms (custom)
2022-02-10 17:16:13,549 [pool-239-thread-1] INFO  server.RaftServerConfigKeys (ConfUtils.java:logGet(44)) - raft.server.rpc.sleep.time = 25ms (default)
2022-02-10 17:16:13,549 [pool-239-thread-1] INFO  server.RaftServerConfigKeys (ConfUtils.java:logGet(44)) - raft.server.rpc.slowness.timeout = 120000ms (custom)
2022-02-10 17:16:13,549 [pool-239-thread-1] INFO  server.RaftServerConfigKeys (ConfUtils.java:logGet(44)) - raft.server.leaderelection.leader.step-down.wait-time = 10s (default)
2022-02-10 17:16:13,550 [pool-239-thread-1] INFO  server.RaftServerConfigKeys (ConfUtils.java:logGet(44)) - raft.server.sleep.deviation.threshold = 300ms (default)
2022-02-10 17:16:13,550 [pool-239-thread-1] INFO  server.RaftServerConfigKeys (ConfUtils.java:logGet(44)) - raft.server.log.appender.install.snapshot.enabled = false (custom)
2022-02-10 17:16:13,550 [pool-239-thread-1] INFO  server.RaftServer$Division (ServerState.java:<init>(105)) - 0a9802c5-9e82-4a55-ac1b-01a1cb3fb90c@group-33E1F333FC0F: ConfigurationManager, init=-1: [], old=null, confs=<EMPTY_MAP>
2022-02-10 17:16:13,550 [pool-239-thread-1] INFO  server.RaftServerConfigKeys (ConfUtils.java:logGet(44)) - raft.server.storage.dir = [/home/runner/work/ozone/ozone/hadoop-ozone/integration-test/target/test-dir/MiniOzoneClusterImpl-adca7f43-f686-4ef5-81ed-33e1f333fc0f/scmNode-1/scm-ha] (custom)
2022-02-10 17:16:13,550 [pool-239-thread-1] INFO  server.RaftServerConfigKeys (ConfUtils.java:logGet(44)) - raft.server.log.corruption.policy = EXCEPTION (default)
2022-02-10 17:16:13,550 [pool-239-thread-1] INFO  server.RaftServerConfigKeys (ConfUtils.java:logGet(44)) - raft.server.storage.free-space.min = 0MB (=0) (default)
2022-02-10 17:16:13,552 [pool-239-thread-1] INFO  storage.RaftStorageDirectory (RaftStorageDirectoryImpl.java:tryLock(230)) - Lock on /home/runner/work/ozone/ozone/hadoop-ozone/integration-test/target/test-dir/MiniOzoneClusterImpl-adca7f43-f686-4ef5-81ed-33e1f333fc0f/scmNode-1/scm-ha/adca7f43-f686-4ef5-81ed-33e1f333fc0f/in_use.lock acquired by nodename 23291@fv-az184-768
2022-02-10 17:16:13,552 [pool-239-thread-1] INFO  storage.RaftStorage (RaftStorageImpl.java:analyzeAndRecoverStorage(110)) - Read RaftStorageMetadata{term=1, votedFor=0a9802c5-9e82-4a55-ac1b-01a1cb3fb90c} from /home/runner/work/ozone/ozone/hadoop-ozone/integration-test/target/test-dir/MiniOzoneClusterImpl-adca7f43-f686-4ef5-81ed-33e1f333fc0f/scmNode-1/scm-ha/adca7f43-f686-4ef5-81ed-33e1f333fc0f/current/raft-meta
2022-02-10 17:16:13,552 [pool-239-thread-1] INFO  server.RaftServer$Division (ServerState.java:setRaftConf(387)) - 0a9802c5-9e82-4a55-ac1b-01a1cb3fb90c@group-33E1F333FC0F: set configuration 0: [0a9802c5-9e82-4a55-ac1b-01a1cb3fb90c|rpc:localhost:46039|admin:|client:|dataStream:|priority:0], old=null
2022-02-10 17:16:13,552 [pool-239-thread-1] INFO  server.RaftServerConfigKeys (ConfUtils.java:logGet(44)) - raft.server.notification.no-leader.timeout = 60s (default)
2022-02-10 17:16:13,552 [pool-239-thread-1] INFO  server.RaftServerConfigKeys (ConfUtils.java:logGet(44)) - raft.server.log.use.memory = false (default)
2022-02-10 17:16:13,553 [pool-239-thread-1] INFO  server.RaftServerConfigKeys (ConfUtils.java:logGet(44)) - raft.server.log.purge.gap = 1000000 (custom)
2022-02-10 17:16:13,553 [pool-239-thread-1] INFO  server.RaftServerConfigKeys (ConfUtils.java:logGet(44)) - raft.server.log.appender.buffer.byte-limit = 33554432 (custom)
2022-02-10 17:16:13,553 [pool-239-thread-1] INFO  server.RaftServerConfigKeys (ConfUtils.java:logGet(44)) - raft.server.log.segment.size.max = 4194304 (custom)
2022-02-10 17:16:13,553 [pool-239-thread-1] INFO  server.RaftServerConfigKeys (ConfUtils.java:logGet(44)) - raft.server.log.segment.cache.num.max = 2 (custom)
2022-02-10 17:16:13,553 [pool-239-thread-1] INFO  server.RaftServerConfigKeys (ConfUtils.java:logGet(44)) - raft.server.log.segment.cache.size.max = 200MB (=209715200) (default)
2022-02-10 17:16:13,553 [pool-239-thread-1] INFO  segmented.SegmentedRaftLogWorker (SegmentedRaftLogWorker.java:<init>(182)) - new 0a9802c5-9e82-4a55-ac1b-01a1cb3fb90c@group-33E1F333FC0F-SegmentedRaftLogWorker for RaftStorageImpl:Storage Directory /home/runner/work/ozone/ozone/hadoop-ozone/integration-test/target/test-dir/MiniOzoneClusterImpl-adca7f43-f686-4ef5-81ed-33e1f333fc0f/scmNode-1/scm-ha/adca7f43-f686-4ef5-81ed-33e1f333fc0f
2022-02-10 17:16:13,554 [pool-239-thread-1] INFO  server.RaftServerConfigKeys (ConfUtils.java:logGet(44)) - raft.server.log.queue.byte-limit = 64MB (=67108864) (default)
2022-02-10 17:16:13,554 [pool-239-thread-1] INFO  server.RaftServerConfigKeys (ConfUtils.java:logGet(44)) - raft.server.log.queue.element-limit = 4096 (default)
2022-02-10 17:16:13,554 [pool-239-thread-1] INFO  server.RaftServerConfigKeys (ConfUtils.java:logGet(44)) - raft.server.log.segment.size.max = 4194304 (custom)
2022-02-10 17:16:13,554 [pool-239-thread-1] INFO  server.RaftServerConfigKeys (ConfUtils.java:logGet(44)) - raft.server.log.preallocated.size = 4194304 (custom)
2022-02-10 17:16:13,554 [pool-239-thread-1] INFO  server.RaftServerConfigKeys (ConfUtils.java:logGet(44)) - raft.server.log.force.sync.num = 128 (default)
2022-02-10 17:16:13,554 [pool-239-thread-1] INFO  server.RaftServerConfigKeys (ConfUtils.java:logGet(44)) - raft.server.log.statemachine.data.sync = true (default)
2022-02-10 17:16:13,554 [pool-239-thread-1] INFO  server.RaftServerConfigKeys (ConfUtils.java:logGet(44)) - raft.server.log.statemachine.data.sync.timeout = 10s (default)
2022-02-10 17:16:13,554 [pool-239-thread-1] INFO  server.RaftServerConfigKeys (ConfUtils.java:logGet(44)) - raft.server.log.statemachine.data.sync.timeout.retry = -1 (default)
2022-02-10 17:16:13,555 [pool-239-thread-1] INFO  server.RaftServerConfigKeys (ConfUtils.java:logGet(44)) - raft.server.log.write.buffer.size = 64KB (=65536) (default)
2022-02-10 17:16:13,555 [pool-239-thread-1] INFO  server.RaftServerConfigKeys (ConfUtils.java:logGet(44)) - raft.server.log.statemachine.data.caching.enabled = false (default)
2022-02-10 17:16:13,556 [pool-239-thread-1] INFO  server.RaftServer$Division (ServerState.java:setRaftConf(387)) - 0a9802c5-9e82-4a55-ac1b-01a1cb3fb90c@group-33E1F333FC0F: set configuration 0: [0a9802c5-9e82-4a55-ac1b-01a1cb3fb90c|rpc:localhost:46039|admin:|client:|dataStream:|priority:0], old=null
2022-02-10 17:16:13,556 [pool-239-thread-1] INFO  segmented.LogSegment (LogSegment.java:loadSegment(173)) - Successfully read 1 entries from segment file /home/runner/work/ozone/ozone/hadoop-ozone/integration-test/target/test-dir/MiniOzoneClusterImpl-adca7f43-f686-4ef5-81ed-33e1f333fc0f/scmNode-1/scm-ha/adca7f43-f686-4ef5-81ed-33e1f333fc0f/current/log_inprogress_0
2022-02-10 17:16:13,556 [pool-239-thread-1] INFO  segmented.SegmentedRaftLogWorker (SegmentedRaftLogWorker.java:lambda$new$0(133)) - 0a9802c5-9e82-4a55-ac1b-01a1cb3fb90c@group-33E1F333FC0F-SegmentedRaftLogWorker: flushIndex: setUnconditionally 0 -> 0
2022-02-10 17:16:13,556 [pool-239-thread-1] INFO  segmented.SegmentedRaftLogWorker (SegmentedRaftLogWorker.java:lambda$new$0(133)) - 0a9802c5-9e82-4a55-ac1b-01a1cb3fb90c@group-33E1F333FC0F-SegmentedRaftLogWorker: safeCacheEvictIndex: setUnconditionally 0 -> -1
2022-02-10 17:16:13,556 [pool-239-thread-1] INFO  server.RaftServerConfigKeys (ConfUtils.java:logGet(44)) - raft.server.snapshot.auto.trigger.enabled = true (custom)
2022-02-10 17:16:13,556 [pool-239-thread-1] INFO  server.RaftServerConfigKeys (ConfUtils.java:logGet(44)) - raft.server.snapshot.auto.trigger.threshold = 1000 (custom)
2022-02-10 17:16:13,556 [pool-239-thread-1] INFO  server.RaftServerConfigKeys (ConfUtils.java:logGet(44)) - raft.server.snapshot.retention.file.num = -1 (default)
2022-02-10 17:16:13,556 [pool-239-thread-1] INFO  server.RaftServerConfigKeys (ConfUtils.java:logGet(44)) - raft.server.log.purge.upto.snapshot.index = false (default)
2022-02-10 17:16:13,557 [pool-239-thread-1] INFO  server.RaftServerConfigKeys (ConfUtils.java:logGet(44)) - raft.server.retrycache.expirytime = 60000ms (default)
2022-02-10 17:16:13,557 [pool-239-thread-1] INFO  server.RaftServerConfigKeys (ConfUtils.java:logGet(44)) - raft.server.retrycache.statistics.expirytime = 100μs (default)
2022-02-10 17:16:13,558 [Time-limited test] INFO  ha.SCMSnapshotProvider (SCMSnapshotProvider.java:<init>(66)) - Initializing SCM Snapshot Provider
2022-02-10 17:16:13,558 [Time-limited test] WARN  server.ServerUtils (ServerUtils.java:getDefaultRatisDirectory(237)) - Storage directory for Ratis is not configured. It is a good idea to map this to an SSD disk. Falling back to ozone.metadata.dirs
2022-02-10 17:16:13,559 [Time-limited test] WARN  ha.SCMHAUtils (SCMHAUtils.java:getSCMRatisSnapshotDirectory(146)) - SCM snapshot dir is not configured. Falling back to ozone.metadata.dirs config
2022-02-10 17:16:13,560 [Time-limited test] INFO  ha.SequenceIdGenerator (SequenceIdGenerator.java:upgradeToSequenceId(347)) - upgrade localId to 109611004723200000
2022-02-10 17:16:13,560 [Time-limited test] INFO  ha.SequenceIdGenerator (SequenceIdGenerator.java:upgradeToSequenceId(357)) - upgrade delTxnId to 0
2022-02-10 17:16:13,560 [Time-limited test] INFO  ha.SequenceIdGenerator (SequenceIdGenerator.java:upgradeToSequenceId(371)) - upgrade containerId to 0
2022-02-10 17:16:13,560 [Time-limited test] INFO  ha.SequenceIdGenerator (SequenceIdGenerator.java:<init>(218)) - Init the HA SequenceIdGenerator.
2022-02-10 17:16:13,573 [Time-limited test] INFO  node.SCMNodeManager (SCMNodeManager.java:<init>(144)) - Entering startup safe mode.
2022-02-10 17:16:13,574 [Time-limited test] INFO  algorithms.ContainerPlacementPolicyFactory (ContainerPlacementPolicyFactory.java:getPolicy(60)) - Create container placement policy of type org.apache.hadoop.hdds.scm.container.placement.algorithms.SCMContainerPlacementRandom
2022-02-10 17:16:13,574 [Time-limited test] INFO  pipeline.PipelineStateManagerImpl (PipelineStateManagerImpl.java:initialize(78)) - No pipeline exists in current db
2022-02-10 17:16:13,575 [Time-limited test] INFO  algorithms.LeaderChoosePolicyFactory (LeaderChoosePolicyFactory.java:getPolicy(57)) - Create leader choose policy of type org.apache.hadoop.hdds.scm.pipeline.leader.choose.algorithms.MinLeaderCountChoosePolicy
2022-02-10 17:16:13,575 [Time-limited test] INFO  ha.SCMServiceManager (SCMServiceManager.java:register(43)) - Registering service BackgroundPipelineCreator.
2022-02-10 17:16:13,576 [Time-limited test] INFO  pipeline.BackgroundPipelineCreator (BackgroundPipelineCreator.java:start(130)) - Starting RatisPipelineUtilsThread.
2022-02-10 17:16:13,576 [Time-limited test] INFO  algorithms.PipelineChoosePolicyFactory (PipelineChoosePolicyFactory.java:createPipelineChoosePolicyFromClass(73)) - Create pipeline choose policy of type org.apache.hadoop.hdds.scm.pipeline.choose.algorithms.RandomPipelineChoosePolicy
2022-02-10 17:16:13,578 [Time-limited test] INFO  ha.SCMServiceManager (SCMServiceManager.java:register(43)) - Registering service SCMBlockDeletingService.
2022-02-10 17:16:13,578 [Time-limited test] INFO  ha.SCMServiceManager (SCMServiceManager.java:register(43)) - Registering service ReplicationManager.
2022-02-10 17:16:13,578 [Time-limited test] INFO  container.ReplicationManager (ReplicationManager.java:start(326)) - Starting Replication Monitor Thread.
2022-02-10 17:16:13,580 [Time-limited test] INFO  safemode.ContainerSafeModeRule (ContainerSafeModeRule.java:<init>(89)) - containers with one replica threshold count 0
2022-02-10 17:16:13,581 [Time-limited test] INFO  safemode.HealthyPipelineSafeModeRule (HealthyPipelineSafeModeRule.java:initializeRule(156)) - Total pipeline count is 0, healthy pipeline threshold count is 1
2022-02-10 17:16:13,581 [Time-limited test] INFO  safemode.OneReplicaPipelineSafeModeRule (OneReplicaPipelineSafeModeRule.java:initializeRule(180)) - Total pipeline count is 0, pipeline's with at least one datanode reported threshold count is 0
2022-02-10 17:16:13,599 [Time-limited test] INFO  ipc.CallQueueManager (CallQueueManager.java:<init>(90)) - Using callQueue: class java.util.concurrent.LinkedBlockingQueue, queueCapacity: 10000, scheduler: class org.apache.hadoop.ipc.DefaultRpcScheduler, ipcBackoff: false.
2022-02-10 17:16:13,600 [Socket Reader #1 for port 36035] INFO  ipc.Server (Server.java:run(1265)) - Starting Socket Reader #1 for port 36035
2022-02-10 17:16:13,600 [Listener at 0.0.0.0/36035] INFO  ipc.CallQueueManager (CallQueueManager.java:<init>(90)) - Using callQueue: class java.util.concurrent.LinkedBlockingQueue, queueCapacity: 10000, scheduler: class org.apache.hadoop.ipc.DefaultRpcScheduler, ipcBackoff: false.
2022-02-10 17:16:13,609 [Socket Reader #1 for port 42073] INFO  ipc.Server (Server.java:run(1265)) - Starting Socket Reader #1 for port 42073
2022-02-10 17:16:13,615 [Listener at 0.0.0.0/42073] INFO  ipc.CallQueueManager (CallQueueManager.java:<init>(90)) - Using callQueue: class java.util.concurrent.LinkedBlockingQueue, queueCapacity: 10000, scheduler: class org.apache.hadoop.ipc.DefaultRpcScheduler, ipcBackoff: false.
2022-02-10 17:16:13,619 [Socket Reader #1 for port 34207] INFO  ipc.Server (Server.java:run(1265)) - Starting Socket Reader #1 for port 34207
2022-02-10 17:16:13,631 [ReplicationMonitor] INFO  container.ReplicationManager (ReplicationManager.java:processAll(374)) - Replication Manager is not ready to run until 300000ms after safemode exit
2022-02-10 17:16:13,654 [Listener at 0.0.0.0/34207] INFO  algorithms.ContainerPlacementPolicyFactory (ContainerPlacementPolicyFactory.java:getPolicy(60)) - Create container placement policy of type org.apache.hadoop.hdds.scm.container.placement.algorithms.SCMContainerPlacementRandom
2022-02-10 17:16:13,662 [Listener at 0.0.0.0/34207] INFO  server.StorageContainerManager (StorageContainerManager.java:<init>(388)) - 
Container Balancer status:
Key                            Value
Running                        false
Container Balancer Configuration values:
Key                                                Value
Threshold                                          10
Max Datanodes to Involve per Iteration(percent)    20
Max Size to Move per Iteration                     500GB
Max Size Entering Target per Iteration             26GB
Max Size Leaving Source per Iteration              26GB

2022-02-10 17:16:13,662 [Listener at 0.0.0.0/34207] WARN  events.EventQueue (EventQueue.java:fireEvent(194)) - No event handler registered for event TypedEvent{payloadType=SafeModeStatus, name='Safe mode status'}
2022-02-10 17:16:13,662 [Listener at 0.0.0.0/34207] INFO  ha.SCMContext (SCMContext.java:updateSafeModeStatus(211)) - Update SafeModeStatus from SafeModeStatus{safeModeStatus=true, preCheckPassed=false} to SafeModeStatus{safeModeStatus=true, preCheckPassed=false}.
2022-02-10 17:16:13,664 [Listener at 0.0.0.0/34207] INFO  server.StorageContainerManager (StorageContainerManager.java:start(1303)) - StorageContainerLocationProtocol RPC server is listening at /0.0.0.0:34207
2022-02-10 17:16:13,664 [Listener at 0.0.0.0/34207] INFO  ha.SCMRatisServerImpl (SCMRatisServerImpl.java:start(177)) - starting ratis server 0.0.0.0:46039
2022-02-10 17:16:13,664 [Listener at 0.0.0.0/34207] INFO  server.RaftServer$Division (RaftServerImpl.java:start(301)) - 0a9802c5-9e82-4a55-ac1b-01a1cb3fb90c@group-33E1F333FC0F: start as a follower, conf=0: [0a9802c5-9e82-4a55-ac1b-01a1cb3fb90c|rpc:localhost:46039|admin:|client:|dataStream:|priority:0], old=null
2022-02-10 17:16:13,664 [Listener at 0.0.0.0/34207] INFO  server.RaftServer$Division (RaftServerImpl.java:setRole(290)) - 0a9802c5-9e82-4a55-ac1b-01a1cb3fb90c@group-33E1F333FC0F: changes role from      null to FOLLOWER at term 1 for startAsFollower
2022-02-10 17:16:13,664 [Listener at 0.0.0.0/34207] INFO  impl.RoleInfo (RoleInfo.java:updateAndGet(130)) - 0a9802c5-9e82-4a55-ac1b-01a1cb3fb90c: start 0a9802c5-9e82-4a55-ac1b-01a1cb3fb90c@group-33E1F333FC0F-FollowerState
2022-02-10 17:16:13,665 [Listener at 0.0.0.0/34207] INFO  util.JmxRegister (JmxRegister.java:tryRegister(44)) - Successfully registered JMX Bean with object name Ratis:service=RaftServer,group=group-33E1F333FC0F,id=0a9802c5-9e82-4a55-ac1b-01a1cb3fb90c
2022-02-10 17:16:13,677 [Listener at 0.0.0.0/34207] INFO  server.RaftServer (RaftServerProxy.java:lambda$start$5(374)) - 0a9802c5-9e82-4a55-ac1b-01a1cb3fb90c: start RPC server
2022-02-10 17:16:13,678 [Listener at 0.0.0.0/34207] INFO  server.GrpcService (GrpcService.java:startImpl(253)) - 0a9802c5-9e82-4a55-ac1b-01a1cb3fb90c: GrpcService started, listening on 46039
2022-02-10 17:16:13,687 [Listener at 0.0.0.0/34207] INFO  ha.SCMHAManagerImpl (SCMHAManagerImpl.java:start(121)) -  scm role is FOLLOWER peers [0a9802c5-9e82-4a55-ac1b-01a1cb3fb90c|rpc:localhost:46039|admin:|client:|dataStream:|priority:0]
2022-02-10 17:16:13,687 [Listener at 0.0.0.0/34207] INFO  ha.InterSCMGrpcService (InterSCMGrpcProtocolService.java:start(94)) - Starting SCM Grpc Service at port 37789
2022-02-10 17:16:13,689 [org.apache.ratis.util.JvmPauseMonitor$$Lambda$435/2121963301@7a24ea5b] INFO  util.JvmPauseMonitor (JvmPauseMonitor.java:run(103)) - JvmPauseMonitor-0a9802c5-9e82-4a55-ac1b-01a1cb3fb90c: Started
2022-02-10 17:16:13,691 [Listener at 0.0.0.0/34207] WARN  impl.MetricsConfig (MetricsConfig.java:loadFirst(136)) - Cannot locate configuration: tried hadoop-metrics2-storagecontainermanager.properties,hadoop-metrics2.properties
2022-02-10 17:16:13,711 [Listener at 0.0.0.0/34207] INFO  impl.MetricsSystemImpl (MetricsSystemImpl.java:startTimer(378)) - Scheduled Metric snapshot period at 10 second(s).
2022-02-10 17:16:13,711 [Listener at 0.0.0.0/34207] INFO  impl.MetricsSystemImpl (MetricsSystemImpl.java:start(191)) - StorageContainerManager metrics system started
2022-02-10 17:16:13,739 [Listener at 0.0.0.0/34207] INFO  impl.MetricsSinkAdapter (MetricsSinkAdapter.java:start(204)) - Sink prometheus started
2022-02-10 17:16:13,751 [Listener at 0.0.0.0/34207] INFO  impl.MetricsSystemImpl (MetricsSystemImpl.java:registerSink(305)) - Registered sink prometheus
2022-02-10 17:16:13,810 [Listener at 0.0.0.0/34207] INFO  server.SCMClientProtocolServer (SCMClientProtocolServer.java:start(165)) - RPC server for Client  is listening at /0.0.0.0:34207
2022-02-10 17:16:13,813 [IPC Server Responder] INFO  ipc.Server (Server.java:run(1507)) - IPC Server Responder: starting
2022-02-10 17:16:13,831 [IPC Server listener on 34207] INFO  ipc.Server (Server.java:run(1344)) - IPC Server listener on 34207: starting
2022-02-10 17:16:14,038 [Listener at 0.0.0.0/34207] INFO  server.StorageContainerManager (StorageContainerManager.java:start(1318)) - ScmBlockLocationProtocol RPC server is listening at /0.0.0.0:42073
2022-02-10 17:16:14,039 [Listener at 0.0.0.0/34207] INFO  server.SCMBlockProtocolServer (SCMBlockProtocolServer.java:start(151)) - RPC server for Block Protocol is listening at /0.0.0.0:42073
2022-02-10 17:16:14,047 [IPC Server Responder] INFO  ipc.Server (Server.java:run(1507)) - IPC Server Responder: starting
2022-02-10 17:16:14,055 [IPC Server listener on 42073] INFO  ipc.Server (Server.java:run(1344)) - IPC Server listener on 42073: starting
2022-02-10 17:16:14,139 [org.apache.hadoop.util.JvmPauseMonitor$Monitor@2d819cd7] INFO  util.JvmPauseMonitor (JvmPauseMonitor.java:run(188)) - Starting JVM pause monitor
2022-02-10 17:16:14,144 [Listener at 0.0.0.0/34207] INFO  http.BaseHttpServer (BaseHttpServer.java:newHttpServer2BuilderForOzone(209)) - Starting Web-server for scm at: http://0.0.0.0:39171
2022-02-10 17:16:14,153 [Listener at 0.0.0.0/34207] INFO  http.BaseHttpServer (BaseHttpServer.java:<init>(107)) - Hadoop Security Enabled: false Ozone Security Enabled: false Ozone HTTP Security Enabled: false 
2022-02-10 17:16:14,155 [Listener at 0.0.0.0/34207] INFO  server.AuthenticationFilter (AuthenticationFilter.java:constructSecretProvider(240)) - Unable to initialize FileSignerSecretProvider, falling back to use random secrets.
2022-02-10 17:16:14,162 [Listener at 0.0.0.0/34207] WARN  http.HttpRequestLog (HttpRequestLog.java:getRequestLog(103)) - Jetty request log can only be enabled using Log4j
2022-02-10 17:16:14,163 [Listener at 0.0.0.0/34207] INFO  http.HttpServer2 (HttpServer2.java:addGlobalFilter(1030)) - Added global filter 'safety' (class=org.apache.hadoop.hdds.server.http.HttpServer2$QuotingInputFilter)
2022-02-10 17:16:14,164 [Listener at 0.0.0.0/34207] INFO  http.HttpServer2 (HttpServer2.java:addFilter(1006)) - Added filter static_user_filter (class=org.apache.hadoop.http.lib.StaticUserWebFilter$StaticUserFilter) to context scm
2022-02-10 17:16:14,164 [Listener at 0.0.0.0/34207] INFO  http.HttpServer2 (HttpServer2.java:addFilter(1014)) - Added filter static_user_filter (class=org.apache.hadoop.http.lib.StaticUserWebFilter$StaticUserFilter) to context logs
2022-02-10 17:16:14,164 [Listener at 0.0.0.0/34207] INFO  http.HttpServer2 (HttpServer2.java:addFilter(1014)) - Added filter static_user_filter (class=org.apache.hadoop.http.lib.StaticUserWebFilter$StaticUserFilter) to context static
2022-02-10 17:16:14,165 [Listener at 0.0.0.0/34207] INFO  http.HttpServer2 (HttpServer2.java:bindListener(1249)) - Jetty bound to port 39171
2022-02-10 17:16:14,165 [Listener at 0.0.0.0/34207] INFO  server.Server (Server.java:doStart(375)) - jetty-9.4.43.v20210629; built: 2021-06-30T11:07:22.254Z; git: 526006ecfa3af7f1a27ef3a288e2bef7ea9dd7e8; jvm 1.8.0_312-b07
2022-02-10 17:16:14,194 [Listener at 0.0.0.0/34207] INFO  server.session (DefaultSessionIdManager.java:doStart(334)) - DefaultSessionIdManager workerName=node0
2022-02-10 17:16:14,194 [Listener at 0.0.0.0/34207] INFO  server.session (DefaultSessionIdManager.java:doStart(339)) - No SessionScavenger set, using defaults
2022-02-10 17:16:14,195 [Listener at 0.0.0.0/34207] INFO  server.session (HouseKeeper.java:startScavenging(132)) - node0 Scavenging every 600000ms
2022-02-10 17:16:14,205 [Listener at 0.0.0.0/34207] INFO  handler.ContextHandler (ContextHandler.java:doStart(915)) - Started o.e.j.s.ServletContextHandler@2e9c0534{logs,/logs,file:///home/runner/work/ozone/ozone/hadoop-ozone/integration-test/target/log,AVAILABLE}
2022-02-10 17:16:14,206 [Listener at 0.0.0.0/34207] INFO  handler.ContextHandler (ContextHandler.java:doStart(915)) - Started o.e.j.s.ServletContextHandler@2715b1dc{static,/static,file:///home/runner/work/ozone/ozone/hadoop-ozone/integration-test/target/test-classes/webapps/static,AVAILABLE}
2022-02-10 17:16:14,209 [Listener at 0.0.0.0/34207] INFO  handler.ContextHandler (ContextHandler.java:doStart(915)) - Started o.e.j.w.WebAppContext@5001a22{scm,/,file:///home/runner/work/ozone/ozone/hadoop-ozone/integration-test/target/test-classes/webapps/scm/,AVAILABLE}{file:/home/runner/work/ozone/ozone/hadoop-ozone/integration-test/target/test-classes/webapps/scm}
2022-02-10 17:16:14,219 [Listener at 0.0.0.0/34207] INFO  server.AbstractConnector (AbstractConnector.java:doStart(331)) - Started ServerConnector@24fc97b7{HTTP/1.1, (http/1.1)}{0.0.0.0:39171}
2022-02-10 17:16:14,219 [Listener at 0.0.0.0/34207] INFO  server.Server (Server.java:doStart(415)) - Started @79758ms
2022-02-10 17:16:14,219 [Listener at 0.0.0.0/34207] WARN  impl.MetricsSystemImpl (MetricsSystemImpl.java:register(279)) - Sink prometheus already exists!
2022-02-10 17:16:14,223 [Listener at 0.0.0.0/34207] INFO  http.BaseHttpServer (BaseHttpServer.java:updateConnectorAddress(329)) - HTTP server of scm listening at http://0.0.0.0:39171
2022-02-10 17:16:14,223 [Listener at 0.0.0.0/34207] INFO  ozone.MiniOzoneHAClusterImpl (MiniOzoneHAClusterImpl.java:createSCMService(600)) - Started SCM RPC server at /0.0.0.0:34207
2022-02-10 17:16:14,224 [Listener at 0.0.0.0/34207] INFO  ha.OMHANodeDetails (OMHANodeDetails.java:loadOMHAConfig(118)) - ServiceID for OzoneManager is om-add-remove
2022-02-10 17:16:14,224 [Listener at 0.0.0.0/34207] INFO  ha.OMHANodeDetails (OMHANodeDetails.java:loadOMHAConfig(193)) - Found matching OM address with OMServiceId: om-add-remove, OMNodeId: omNode-1, RPC Address: localhost:46543 and Ratis port: 35135
2022-02-10 17:16:14,224 [Listener at 0.0.0.0/34207] INFO  ha.OMHANodeDetails (ConfUtils.java:setNodeSpecificConfigs(108)) - Setting configuration key ozone.om.http-address with value of key ozone.om.http-address.om-add-remove.omNode-1: 127.0.0.1:39111
2022-02-10 17:16:14,224 [Listener at 0.0.0.0/34207] INFO  ha.OMHANodeDetails (ConfUtils.java:setNodeSpecificConfigs(108)) - Setting configuration key ozone.om.https-address with value of key ozone.om.https-address.om-add-remove.omNode-1: 127.0.0.1:45347
2022-02-10 17:16:14,224 [Listener at 0.0.0.0/34207] INFO  ha.OMHANodeDetails (ConfUtils.java:setNodeSpecificConfigs(108)) - Setting configuration key ozone.om.address with value of key ozone.om.address.om-add-remove.omNode-1: 127.0.0.1:46543
2022-02-10 17:16:14,224 [Listener at 0.0.0.0/34207] WARN  server.ServerUtils (ServerUtils.java:getDBPath(225)) - ozone.om.db.dirs is not configured. We recommend adding this setting. Falling back to ozone.metadata.dirs instead.
2022-02-10 17:16:14,225 [Listener at 0.0.0.0/34207] INFO  ha.SCMNodeInfo (SCMNodeInfo.java:getPort(197)) - ConfigKey ozone.scm.client.address is deprecated, For configuring different ports for each SCM use PortConfigKey ozone.scm.client.port appended with serviceId and nodeId
2022-02-10 17:16:14,225 [Listener at 0.0.0.0/34207] INFO  ha.SCMNodeInfo (SCMNodeInfo.java:getPort(197)) - ConfigKey ozone.scm.block.client.address is deprecated, For configuring different ports for each SCM use PortConfigKey ozone.scm.block.client.port appended with serviceId and nodeId
2022-02-10 17:16:14,225 [Listener at 0.0.0.0/34207] INFO  ha.SCMNodeInfo (SCMNodeInfo.java:getPort(197)) - ConfigKey ozone.scm.datanode.address is deprecated, For configuring different ports for each SCM use PortConfigKey ozone.scm.datanode.port appended with serviceId and nodeId
2022-02-10 17:16:14,441 [EndpointStateMachine task thread for /127.0.0.1:33255 - 0 ] INFO  ipc.Client (Client.java:handleConnectionFailure(977)) - Retrying connect to server: localhost/127.0.0.1:33255. Already tried 11 time(s); retry policy is RetryUpToMaximumCountWithFixedSleep(maxRetries=15, sleepTime=1000 MILLISECONDS)
2022-02-10 17:16:15,442 [EndpointStateMachine task thread for /127.0.0.1:33255 - 0 ] INFO  ipc.Client (Client.java:handleConnectionFailure(977)) - Retrying connect to server: localhost/127.0.0.1:33255. Already tried 12 time(s); retry policy is RetryUpToMaximumCountWithFixedSleep(maxRetries=15, sleepTime=1000 MILLISECONDS)
2022-02-10 17:16:16,249 [Listener at 0.0.0.0/34207] INFO  retry.RetryInvocationHandler (RetryInvocationHandler.java:log(411)) - com.google.protobuf.ServiceException: org.apache.hadoop.ipc.RemoteException(org.apache.hadoop.hdds.ratis.ServerNotLeaderException): Server:0a9802c5-9e82-4a55-ac1b-01a1cb3fb90c is not the leader. Could not determine the leader node.
	at org.apache.hadoop.hdds.ratis.ServerNotLeaderException.convertToNotLeaderException(ServerNotLeaderException.java:109)
	at org.apache.hadoop.hdds.scm.ha.RatisUtil.checkRatisException(RatisUtil.java:245)
	at org.apache.hadoop.hdds.scm.protocol.ScmBlockLocationProtocolServerSideTranslatorPB.send(ScmBlockLocationProtocolServerSideTranslatorPB.java:108)
	at org.apache.hadoop.hdds.protocol.proto.ScmBlockLocationProtocolProtos$ScmBlockLocationProtocolService$2.callBlockingMethod(ScmBlockLocationProtocolProtos.java:13937)
	at org.apache.hadoop.ipc.ProtobufRpcEngine$Server.processCall(ProtobufRpcEngine.java:466)
	at org.apache.hadoop.ipc.ProtobufRpcEngine2$Server$ProtoBufRpcInvoker.call(ProtobufRpcEngine2.java:574)
	at org.apache.hadoop.ipc.ProtobufRpcEngine2$Server$ProtoBufRpcInvoker.call(ProtobufRpcEngine2.java:552)
	at org.apache.hadoop.ipc.RPC$Server.call(RPC.java:1093)
	at org.apache.hadoop.ipc.Server$RpcCall.run(Server.java:1035)
	at org.apache.hadoop.ipc.Server$RpcCall.run(Server.java:963)
	at java.security.AccessController.doPrivileged(Native Method)
	at javax.security.auth.Subject.doAs(Subject.java:422)
	at org.apache.hadoop.security.UserGroupInformation.doAs(UserGroupInformation.java:1878)
	at org.apache.hadoop.ipc.Server$Handler.run(Server.java:2966)
, while invoking $Proxy40.send over nodeId=scmNode-1,nodeAddress=/127.0.0.1:42073 after 1 failover attempts. Trying to failover after sleeping for 2000ms.
2022-02-10 17:16:16,443 [EndpointStateMachine task thread for /127.0.0.1:33255 - 0 ] INFO  ipc.Client (Client.java:handleConnectionFailure(977)) - Retrying connect to server: localhost/127.0.0.1:33255. Already tried 13 time(s); retry policy is RetryUpToMaximumCountWithFixedSleep(maxRetries=15, sleepTime=1000 MILLISECONDS)
2022-02-10 17:16:17,443 [EndpointStateMachine task thread for /127.0.0.1:33255 - 0 ] INFO  ipc.Client (Client.java:handleConnectionFailure(977)) - Retrying connect to server: localhost/127.0.0.1:33255. Already tried 14 time(s); retry policy is RetryUpToMaximumCountWithFixedSleep(maxRetries=15, sleepTime=1000 MILLISECONDS)
2022-02-10 17:16:18,253 [Listener at 0.0.0.0/34207] INFO  retry.RetryInvocationHandler (RetryInvocationHandler.java:log(411)) - com.google.protobuf.ServiceException: org.apache.hadoop.ipc.RemoteException(org.apache.hadoop.hdds.ratis.ServerNotLeaderException): Server:0a9802c5-9e82-4a55-ac1b-01a1cb3fb90c is not the leader. Could not determine the leader node.
	at org.apache.hadoop.hdds.ratis.ServerNotLeaderException.convertToNotLeaderException(ServerNotLeaderException.java:109)
	at org.apache.hadoop.hdds.scm.ha.RatisUtil.checkRatisException(RatisUtil.java:245)
	at org.apache.hadoop.hdds.scm.protocol.ScmBlockLocationProtocolServerSideTranslatorPB.send(ScmBlockLocationProtocolServerSideTranslatorPB.java:108)
	at org.apache.hadoop.hdds.protocol.proto.ScmBlockLocationProtocolProtos$ScmBlockLocationProtocolService$2.callBlockingMethod(ScmBlockLocationProtocolProtos.java:13937)
	at org.apache.hadoop.ipc.ProtobufRpcEngine$Server.processCall(ProtobufRpcEngine.java:466)
	at org.apache.hadoop.ipc.ProtobufRpcEngine2$Server$ProtoBufRpcInvoker.call(ProtobufRpcEngine2.java:574)
	at org.apache.hadoop.ipc.ProtobufRpcEngine2$Server$ProtoBufRpcInvoker.call(ProtobufRpcEngine2.java:552)
	at org.apache.hadoop.ipc.RPC$Server.call(RPC.java:1093)
	at org.apache.hadoop.ipc.Server$RpcCall.run(Server.java:1035)
	at org.apache.hadoop.ipc.Server$RpcCall.run(Server.java:963)
	at java.security.AccessController.doPrivileged(Native Method)
	at javax.security.auth.Subject.doAs(Subject.java:422)
	at org.apache.hadoop.security.UserGroupInformation.doAs(UserGroupInformation.java:1878)
	at org.apache.hadoop.ipc.Server$Handler.run(Server.java:2966)
, while invoking $Proxy40.send over nodeId=scmNode-1,nodeAddress=/127.0.0.1:42073 after 2 failover attempts. Trying to failover after sleeping for 2000ms.
2022-02-10 17:16:18,445 [EndpointStateMachine task thread for /127.0.0.1:33255 - 0 ] INFO  ipc.Client (Client.java:handleConnectionFailure(977)) - Retrying connect to server: localhost/127.0.0.1:33255. Already tried 0 time(s); retry policy is RetryUpToMaximumCountWithFixedSleep(maxRetries=15, sleepTime=1000 MILLISECONDS)
2022-02-10 17:16:18,837 [0a9802c5-9e82-4a55-ac1b-01a1cb3fb90c@group-33E1F333FC0F-FollowerState] INFO  impl.FollowerState (FollowerState.java:run(134)) - 0a9802c5-9e82-4a55-ac1b-01a1cb3fb90c@group-33E1F333FC0F-FollowerState: change to CANDIDATE, lastRpcElapsedTime:5172914234ns, electionTimeout:5164ms
2022-02-10 17:16:18,838 [0a9802c5-9e82-4a55-ac1b-01a1cb3fb90c@group-33E1F333FC0F-FollowerState] INFO  impl.RoleInfo (RoleInfo.java:shutdownFollowerState(108)) - 0a9802c5-9e82-4a55-ac1b-01a1cb3fb90c: shutdown 0a9802c5-9e82-4a55-ac1b-01a1cb3fb90c@group-33E1F333FC0F-FollowerState
2022-02-10 17:16:18,839 [0a9802c5-9e82-4a55-ac1b-01a1cb3fb90c@group-33E1F333FC0F-FollowerState] INFO  server.RaftServer$Division (RaftServerImpl.java:setRole(290)) - 0a9802c5-9e82-4a55-ac1b-01a1cb3fb90c@group-33E1F333FC0F: changes role from  FOLLOWER to CANDIDATE at term 1 for changeToCandidate
2022-02-10 17:16:18,839 [0a9802c5-9e82-4a55-ac1b-01a1cb3fb90c@group-33E1F333FC0F-FollowerState] INFO  server.RaftServerConfigKeys (ConfUtils.java:logGet(44)) - raft.server.leaderelection.pre-vote = false (custom)
2022-02-10 17:16:18,839 [0a9802c5-9e82-4a55-ac1b-01a1cb3fb90c@group-33E1F333FC0F-FollowerState] INFO  impl.RoleInfo (RoleInfo.java:updateAndGet(130)) - 0a9802c5-9e82-4a55-ac1b-01a1cb3fb90c: start 0a9802c5-9e82-4a55-ac1b-01a1cb3fb90c@group-33E1F333FC0F-LeaderElection19
2022-02-10 17:16:18,868 [0a9802c5-9e82-4a55-ac1b-01a1cb3fb90c@group-33E1F333FC0F-LeaderElection19] INFO  impl.LeaderElection (LeaderElection.java:askForVotes(306)) - 0a9802c5-9e82-4a55-ac1b-01a1cb3fb90c@group-33E1F333FC0F-LeaderElection19 ELECTION round 0: submit vote requests at term 2 for 0: [0a9802c5-9e82-4a55-ac1b-01a1cb3fb90c|rpc:localhost:46039|admin:|client:|dataStream:|priority:0], old=null
2022-02-10 17:16:18,868 [0a9802c5-9e82-4a55-ac1b-01a1cb3fb90c@group-33E1F333FC0F-LeaderElection19] INFO  impl.LeaderElection (LeaderElection.java:askForVotes(308)) - 0a9802c5-9e82-4a55-ac1b-01a1cb3fb90c@group-33E1F333FC0F-LeaderElection19 ELECTION round 0: result PASSED (term=2)
2022-02-10 17:16:18,868 [0a9802c5-9e82-4a55-ac1b-01a1cb3fb90c@group-33E1F333FC0F-LeaderElection19] INFO  impl.RoleInfo (RoleInfo.java:shutdownLeaderElection(121)) - 0a9802c5-9e82-4a55-ac1b-01a1cb3fb90c: shutdown 0a9802c5-9e82-4a55-ac1b-01a1cb3fb90c@group-33E1F333FC0F-LeaderElection19
2022-02-10 17:16:18,868 [0a9802c5-9e82-4a55-ac1b-01a1cb3fb90c@group-33E1F333FC0F-LeaderElection19] INFO  server.RaftServer$Division (RaftServerImpl.java:setRole(290)) - 0a9802c5-9e82-4a55-ac1b-01a1cb3fb90c@group-33E1F333FC0F: changes role from CANDIDATE to LEADER at term 2 for changeToLeader
2022-02-10 17:16:18,868 [0a9802c5-9e82-4a55-ac1b-01a1cb3fb90c@group-33E1F333FC0F-LeaderElection19] INFO  ha.SCMStateMachine (SCMStateMachine.java:notifyLeaderChanged(259)) - current SCM becomes leader of term 2.
2022-02-10 17:16:18,869 [0a9802c5-9e82-4a55-ac1b-01a1cb3fb90c@group-33E1F333FC0F-LeaderElection19] INFO  ha.SCMContext (SCMContext.java:updateLeaderAndTerm(90)) - update <isLeader,term> from <false,0> to <true,2>
2022-02-10 17:16:18,869 [0a9802c5-9e82-4a55-ac1b-01a1cb3fb90c@group-33E1F333FC0F-LeaderElection19] INFO  server.RaftServer$Division (ServerState.java:setLeader(285)) - 0a9802c5-9e82-4a55-ac1b-01a1cb3fb90c@group-33E1F333FC0F: change Leader from null to 0a9802c5-9e82-4a55-ac1b-01a1cb3fb90c at term 2 for becomeLeader, leader elected after 5316ms
2022-02-10 17:16:18,869 [0a9802c5-9e82-4a55-ac1b-01a1cb3fb90c@group-33E1F333FC0F-LeaderElection19] INFO  server.RaftServerConfigKeys (ConfUtils.java:logGet(44)) - raft.server.staging.catchup.gap = 1000 (default)
2022-02-10 17:16:18,869 [0a9802c5-9e82-4a55-ac1b-01a1cb3fb90c@group-33E1F333FC0F-LeaderElection19] INFO  server.RaftServerConfigKeys (ConfUtils.java:logGet(44)) - raft.server.write.element-limit = 4096 (default)
2022-02-10 17:16:18,869 [0a9802c5-9e82-4a55-ac1b-01a1cb3fb90c@group-33E1F333FC0F-LeaderElection19] INFO  server.RaftServerConfigKeys (ConfUtils.java:logGet(44)) - raft.server.write.byte-limit = 64MB (=67108864) (default)
2022-02-10 17:16:18,869 [0a9802c5-9e82-4a55-ac1b-01a1cb3fb90c@group-33E1F333FC0F-LeaderElection19] INFO  server.RaftServerConfigKeys (ConfUtils.java:logGet(44)) - raft.server.watch.timeout = 10s (default)
2022-02-10 17:16:18,869 [0a9802c5-9e82-4a55-ac1b-01a1cb3fb90c@group-33E1F333FC0F-LeaderElection19] INFO  server.RaftServerConfigKeys (ConfUtils.java:logGet(44)) - raft.server.watch.timeout.denomination = 1s (default)
2022-02-10 17:16:18,869 [0a9802c5-9e82-4a55-ac1b-01a1cb3fb90c@group-33E1F333FC0F-LeaderElection19] INFO  server.RaftServerConfigKeys (ConfUtils.java:logGet(44)) - raft.server.watch.element-limit = 65536 (default)
2022-02-10 17:16:18,869 [0a9802c5-9e82-4a55-ac1b-01a1cb3fb90c@group-33E1F333FC0F-LeaderElection19] INFO  server.RaftServerConfigKeys (ConfUtils.java:logGet(44)) - raft.server.write.element-limit = 4096 (default)
2022-02-10 17:16:18,869 [0a9802c5-9e82-4a55-ac1b-01a1cb3fb90c@group-33E1F333FC0F-LeaderElection19] INFO  server.RaftServerConfigKeys (ConfUtils.java:logGet(44)) - raft.server.write.follower.gap.ratio.max = -1.0 (default)
2022-02-10 17:16:18,870 [0a9802c5-9e82-4a55-ac1b-01a1cb3fb90c@group-33E1F333FC0F-LeaderElection19] INFO  impl.RoleInfo (RoleInfo.java:updateAndGet(130)) - 0a9802c5-9e82-4a55-ac1b-01a1cb3fb90c: start 0a9802c5-9e82-4a55-ac1b-01a1cb3fb90c@group-33E1F333FC0F-LeaderStateImpl
2022-02-10 17:16:18,870 [0a9802c5-9e82-4a55-ac1b-01a1cb3fb90c@group-33E1F333FC0F-LeaderElection19] INFO  segmented.SegmentedRaftLogWorker (SegmentedRaftLogWorker.java:rollLogSegment(399)) - 0a9802c5-9e82-4a55-ac1b-01a1cb3fb90c@group-33E1F333FC0F-SegmentedRaftLogWorker: Rolling segment log-0_0 to index:0
2022-02-10 17:16:18,880 [0a9802c5-9e82-4a55-ac1b-01a1cb3fb90c@group-33E1F333FC0F-SegmentedRaftLogWorker] INFO  segmented.SegmentedRaftLogWorker (SegmentedRaftLogWorker.java:execute(558)) - 0a9802c5-9e82-4a55-ac1b-01a1cb3fb90c@group-33E1F333FC0F-SegmentedRaftLogWorker: Rolled log segment from /home/runner/work/ozone/ozone/hadoop-ozone/integration-test/target/test-dir/MiniOzoneClusterImpl-adca7f43-f686-4ef5-81ed-33e1f333fc0f/scmNode-1/scm-ha/adca7f43-f686-4ef5-81ed-33e1f333fc0f/current/log_inprogress_0 to /home/runner/work/ozone/ozone/hadoop-ozone/integration-test/target/test-dir/MiniOzoneClusterImpl-adca7f43-f686-4ef5-81ed-33e1f333fc0f/scmNode-1/scm-ha/adca7f43-f686-4ef5-81ed-33e1f333fc0f/current/log_0-0
2022-02-10 17:16:18,880 [0a9802c5-9e82-4a55-ac1b-01a1cb3fb90c@group-33E1F333FC0F-LeaderElection19] INFO  server.RaftServer$Division (ServerState.java:setRaftConf(387)) - 0a9802c5-9e82-4a55-ac1b-01a1cb3fb90c@group-33E1F333FC0F: set configuration 1: [0a9802c5-9e82-4a55-ac1b-01a1cb3fb90c|rpc:localhost:46039|admin:|client:|dataStream:|priority:0], old=null
2022-02-10 17:16:18,904 [0a9802c5-9e82-4a55-ac1b-01a1cb3fb90c@group-33E1F333FC0F-SegmentedRaftLogWorker] INFO  segmented.SegmentedRaftLogWorker (SegmentedRaftLogWorker.java:execute(601)) - 0a9802c5-9e82-4a55-ac1b-01a1cb3fb90c@group-33E1F333FC0F-SegmentedRaftLogWorker: created new log segment /home/runner/work/ozone/ozone/hadoop-ozone/integration-test/target/test-dir/MiniOzoneClusterImpl-adca7f43-f686-4ef5-81ed-33e1f333fc0f/scmNode-1/scm-ha/adca7f43-f686-4ef5-81ed-33e1f333fc0f/current/log_inprogress_1
2022-02-10 17:16:18,906 [0a9802c5-9e82-4a55-ac1b-01a1cb3fb90c@group-33E1F333FC0F-StateMachineUpdater] INFO  ha.SCMContext (SCMContext.java:setLeaderReady(117)) - update <isLeaderReady> from <false> to <true>
2022-02-10 17:16:18,908 [0a9802c5-9e82-4a55-ac1b-01a1cb3fb90c@group-33E1F333FC0F-StateMachineUpdater] INFO  pipeline.BackgroundPipelineCreator (BackgroundPipelineCreator.java:notifyStatusChanged(264)) - Service BackgroundPipelineCreator transitions to RUNNING.
2022-02-10 17:16:18,908 [0a9802c5-9e82-4a55-ac1b-01a1cb3fb90c@group-33E1F333FC0F-StateMachineUpdater] INFO  safemode.HealthyPipelineSafeModeRule (HealthyPipelineSafeModeRule.java:initializeRule(152)) - Refreshed total pipeline count is 0, healthy pipeline threshold count is 1
2022-02-10 17:16:18,908 [0a9802c5-9e82-4a55-ac1b-01a1cb3fb90c@group-33E1F333FC0F-StateMachineUpdater] INFO  safemode.ContainerSafeModeRule (ContainerSafeModeRule.java:reInitializeRule(177)) - Refreshed one replica container threshold 0, currentThreshold 0
2022-02-10 17:16:18,908 [0a9802c5-9e82-4a55-ac1b-01a1cb3fb90c@group-33E1F333FC0F-StateMachineUpdater] INFO  safemode.OneReplicaPipelineSafeModeRule (OneReplicaPipelineSafeModeRule.java:initializeRule(176)) - Refreshed Total pipeline count is 0, pipeline's with at least one datanode reported threshold count is 0
2022-02-10 17:16:18,909 [0a9802c5-9e82-4a55-ac1b-01a1cb3fb90c@group-33E1F333FC0F-StateMachineUpdater] INFO  server.SCMDatanodeProtocolServer (SCMDatanodeProtocolServer.java:start(181)) - ScmDatanodeProtocol RPC server for DataNodes is listening at /0.0.0.0:36035
2022-02-10 17:16:18,922 [IPC Server listener on 36035] INFO  ipc.Server (Server.java:run(1344)) - IPC Server listener on 36035: starting
2022-02-10 17:16:18,948 [IPC Server Responder] INFO  ipc.Server (Server.java:run(1507)) - IPC Server Responder: starting
2022-02-10 17:16:19,445 [EndpointStateMachine task thread for /127.0.0.1:33255 - 0 ] INFO  ipc.Client (Client.java:handleConnectionFailure(977)) - Retrying connect to server: localhost/127.0.0.1:33255. Already tried 1 time(s); retry policy is RetryUpToMaximumCountWithFixedSleep(maxRetries=15, sleepTime=1000 MILLISECONDS)
OM initialization succeeded.Current cluster id for sd=/home/runner/work/ozone/ozone/hadoop-ozone/integration-test/target/test-dir/MiniOzoneClusterImpl-adca7f43-f686-4ef5-81ed-33e1f333fc0f/omNode-1/om;cid=adca7f43-f686-4ef5-81ed-33e1f333fc0f;layoutVersion=0
2022-02-10 17:16:20,259 [Listener at 0.0.0.0/34207] INFO  ha.OMHANodeDetails (OMHANodeDetails.java:loadOMHAConfig(118)) - ServiceID for OzoneManager is om-add-remove
2022-02-10 17:16:20,259 [Listener at 0.0.0.0/34207] INFO  ha.OMHANodeDetails (OMHANodeDetails.java:loadOMHAConfig(193)) - Found matching OM address with OMServiceId: om-add-remove, OMNodeId: omNode-1, RPC Address: localhost:46543 and Ratis port: 35135
2022-02-10 17:16:20,259 [Listener at 0.0.0.0/34207] INFO  ha.OMHANodeDetails (ConfUtils.java:setNodeSpecificConfigs(108)) - Setting configuration key ozone.om.http-address with value of key ozone.om.http-address.om-add-remove.omNode-1: 127.0.0.1:39111
2022-02-10 17:16:20,259 [Listener at 0.0.0.0/34207] INFO  ha.OMHANodeDetails (ConfUtils.java:setNodeSpecificConfigs(108)) - Setting configuration key ozone.om.https-address with value of key ozone.om.https-address.om-add-remove.omNode-1: 127.0.0.1:45347
2022-02-10 17:16:20,259 [Listener at 0.0.0.0/34207] INFO  ha.OMHANodeDetails (ConfUtils.java:setNodeSpecificConfigs(108)) - Setting configuration key ozone.om.address with value of key ozone.om.address.om-add-remove.omNode-1: 127.0.0.1:46543
2022-02-10 17:16:20,260 [Listener at 0.0.0.0/34207] WARN  server.ServerUtils (ServerUtils.java:getDBPath(225)) - ozone.om.db.dirs is not configured. We recommend adding this setting. Falling back to ozone.metadata.dirs instead.
2022-02-10 17:16:20,260 [Listener at 0.0.0.0/34207] INFO  upgrade.AbstractLayoutVersionManager (AbstractLayoutVersionManager.java:init(79)) - Initializing Layout version manager with metadata layout = INITIAL_VERSION (version = 0), software layout = INITIAL_VERSION (version = 0)
2022-02-10 17:16:20,341 [Listener at 0.0.0.0/34207] INFO  reflections.Reflections (Reflections.java:scan(232)) - Reflections took 80 ms to scan 2 urls, producing 133 keys and 348 values [using 2 cores]
2022-02-10 17:16:20,341 [Listener at 0.0.0.0/34207] INFO  upgrade.OMLayoutVersionManager (OMLayoutVersionManager.java:lambda$0(115)) - Skipping Upgrade Action MockOmUpgradeAction since it has been finalized.
2022-02-10 17:16:20,341 [Listener at 0.0.0.0/34207] WARN  server.ServerUtils (ServerUtils.java:getDBPath(225)) - ozone.om.db.dirs is not configured. We recommend adding this setting. Falling back to ozone.metadata.dirs instead.
2022-02-10 17:16:20,342 [Listener at 0.0.0.0/34207] INFO  ha.SCMNodeInfo (SCMNodeInfo.java:getPort(197)) - ConfigKey ozone.scm.client.address is deprecated, For configuring different ports for each SCM use PortConfigKey ozone.scm.client.port appended with serviceId and nodeId
2022-02-10 17:16:20,342 [Listener at 0.0.0.0/34207] INFO  ha.SCMNodeInfo (SCMNodeInfo.java:getPort(197)) - ConfigKey ozone.scm.block.client.address is deprecated, For configuring different ports for each SCM use PortConfigKey ozone.scm.block.client.port appended with serviceId and nodeId
2022-02-10 17:16:20,342 [Listener at 0.0.0.0/34207] INFO  ha.SCMNodeInfo (SCMNodeInfo.java:getPort(197)) - ConfigKey ozone.scm.datanode.address is deprecated, For configuring different ports for each SCM use PortConfigKey ozone.scm.datanode.port appended with serviceId and nodeId
2022-02-10 17:16:20,342 [Listener at 0.0.0.0/34207] INFO  ha.SCMNodeInfo (SCMNodeInfo.java:getPort(197)) - ConfigKey ozone.scm.client.address is deprecated, For configuring different ports for each SCM use PortConfigKey ozone.scm.client.port appended with serviceId and nodeId
2022-02-10 17:16:20,342 [Listener at 0.0.0.0/34207] INFO  ha.SCMNodeInfo (SCMNodeInfo.java:getPort(197)) - ConfigKey ozone.scm.block.client.address is deprecated, For configuring different ports for each SCM use PortConfigKey ozone.scm.block.client.port appended with serviceId and nodeId
2022-02-10 17:16:20,342 [Listener at 0.0.0.0/34207] INFO  ha.SCMNodeInfo (SCMNodeInfo.java:getPort(197)) - ConfigKey ozone.scm.datanode.address is deprecated, For configuring different ports for each SCM use PortConfigKey ozone.scm.datanode.port appended with serviceId and nodeId
2022-02-10 17:16:20,343 [Listener at 0.0.0.0/34207] INFO  ha.SCMNodeInfo (SCMNodeInfo.java:getPort(197)) - ConfigKey ozone.scm.client.address is deprecated, For configuring different ports for each SCM use PortConfigKey ozone.scm.client.port appended with serviceId and nodeId
2022-02-10 17:16:20,343 [Listener at 0.0.0.0/34207] INFO  ha.SCMNodeInfo (SCMNodeInfo.java:getPort(197)) - ConfigKey ozone.scm.block.client.address is deprecated, For configuring different ports for each SCM use PortConfigKey ozone.scm.block.client.port appended with serviceId and nodeId
2022-02-10 17:16:20,343 [Listener at 0.0.0.0/34207] INFO  ha.SCMNodeInfo (SCMNodeInfo.java:getPort(197)) - ConfigKey ozone.scm.datanode.address is deprecated, For configuring different ports for each SCM use PortConfigKey ozone.scm.datanode.port appended with serviceId and nodeId
2022-02-10 17:16:20,370 [Listener at 0.0.0.0/34207] WARN  server.ServerUtils (ServerUtils.java:getDBPath(225)) - ozone.om.db.dirs is not configured. We recommend adding this setting. Falling back to ozone.metadata.dirs instead.
2022-02-10 17:16:20,371 [Listener at 0.0.0.0/34207] INFO  codec.OmKeyInfoCodec (OmKeyInfoCodec.java:<init>(50)) - OmKeyInfoCodec ignorePipeline = true
2022-02-10 17:16:20,371 [Listener at 0.0.0.0/34207] INFO  codec.RepeatedOmKeyInfoCodec (RepeatedOmKeyInfoCodec.java:<init>(42)) - RepeatedOmKeyInfoCodec ignorePipeline = true
2022-02-10 17:16:20,446 [EndpointStateMachine task thread for /127.0.0.1:33255 - 0 ] INFO  ipc.Client (Client.java:handleConnectionFailure(977)) - Retrying connect to server: localhost/127.0.0.1:33255. Already tried 2 time(s); retry policy is RetryUpToMaximumCountWithFixedSleep(maxRetries=15, sleepTime=1000 MILLISECONDS)
2022-02-10 17:16:20,585 [Listener at 0.0.0.0/34207] INFO  om.OzoneManager (OzoneManager.java:addS3GVolumeToDB(3732)) - Created Volume s3v With Owner runner required for S3Gateway operations.
2022-02-10 17:16:20,585 [Listener at 0.0.0.0/34207] WARN  server.ServerUtils (ServerUtils.java:getDefaultRatisDirectory(237)) - Storage directory for Ratis is not configured. It is a good idea to map this to an SSD disk. Falling back to ozone.metadata.dirs
2022-02-10 17:16:20,585 [Listener at 0.0.0.0/34207] WARN  utils.OzoneManagerRatisUtils (OzoneManagerRatisUtils.java:getOMRatisSnapshotDirectory(330)) - ozone.om.ratis.snapshot.dir is not configured. Falling back to ozone.metadata.dirs config
2022-02-10 17:16:20,585 [Listener at 0.0.0.0/34207] WARN  impl.MetricRegistriesImpl (MetricRegistriesImpl.java:addReporterRegistration(111)) - New reporters are added after registries were created. Some metrics will be missing from the reporter. Please add reporter before adding any new registry.
2022-02-10 17:16:20,585 [Listener at 0.0.0.0/34207] WARN  impl.MetricRegistriesImpl (MetricRegistriesImpl.java:addReporterRegistration(111)) - New reporters are added after registries were created. Some metrics will be missing from the reporter. Please add reporter before adding any new registry.
2022-02-10 17:16:20,586 [Listener at 0.0.0.0/34207] WARN  server.ServerUtils (ServerUtils.java:getDefaultRatisDirectory(237)) - Storage directory for Ratis is not configured. It is a good idea to map this to an SSD disk. Falling back to ozone.metadata.dirs
2022-02-10 17:16:20,588 [Listener at 0.0.0.0/34207] INFO  ratis.OzoneManagerRatisServer (OzoneManagerRatisServer.java:<init>(159)) - Instantiating OM Ratis server with groupID: om-add-remove and peers: localhost:35135
2022-02-10 17:16:20,588 [Listener at 0.0.0.0/34207] INFO  ratis.OzoneManagerStateMachine (OzoneManagerStateMachine.java:loadSnapshotInfoFromDB(605)) - LastAppliedIndex is set from TransactionInfo from OM DB as (t:0, i:~)
2022-02-10 17:16:20,597 [Listener at 0.0.0.0/34207] INFO  server.RaftServer (ConfUtils.java:logGet(44)) - raft.rpc.type = GRPC (default)
2022-02-10 17:16:20,597 [Listener at 0.0.0.0/34207] INFO  grpc.GrpcFactory (GrpcFactory.java:checkPooledByteBufAllocatorUseCacheForAllThreads(48)) - PERFORMANCE WARNING: useCacheForAllThreads is true that may cause Netty to create a lot garbage objects and, as a result, trigger GC.
	It is recommended to disable useCacheForAllThreads by setting -Dorg.apache.ratis.thirdparty.io.netty.allocator.useCacheForAllThreads=false in command line.
2022-02-10 17:16:20,597 [Listener at 0.0.0.0/34207] INFO  grpc.GrpcConfigKeys (ConfUtils.java:logGet(44)) - raft.grpc.admin.port = -1 (default)
2022-02-10 17:16:20,597 [Listener at 0.0.0.0/34207] INFO  grpc.GrpcConfigKeys (ConfUtils.java:logGet(44)) - raft.grpc.server.port = 35135 (custom)
2022-02-10 17:16:20,597 [Listener at 0.0.0.0/34207] INFO  grpc.GrpcConfigKeys (ConfUtils.java:logGet(44)) - raft.grpc.client.port = -1 (default)
2022-02-10 17:16:20,597 [Listener at 0.0.0.0/34207] INFO  grpc.GrpcConfigKeys (ConfUtils.java:logGet(44)) - raft.grpc.server.port = 35135 (custom)
2022-02-10 17:16:20,598 [Listener at 0.0.0.0/34207] INFO  grpc.GrpcConfigKeys (ConfUtils.java:logGet(44)) - raft.grpc.server.port = 35135 (custom)
2022-02-10 17:16:20,598 [Listener at 0.0.0.0/34207] INFO  server.GrpcService (ConfUtils.java:logGet(44)) - raft.grpc.message.size.max = 33554432 (custom)
2022-02-10 17:16:20,598 [Listener at 0.0.0.0/34207] INFO  server.RaftServerConfigKeys (ConfUtils.java:logGet(44)) - raft.server.log.appender.buffer.byte-limit = 33554432 (custom)
2022-02-10 17:16:20,598 [Listener at 0.0.0.0/34207] INFO  server.GrpcService (ConfUtils.java:logGet(44)) - raft.grpc.flow.control.window = 1MB (=1048576) (default)
2022-02-10 17:16:20,598 [Listener at 0.0.0.0/34207] INFO  server.RaftServerConfigKeys (ConfUtils.java:logGet(44)) - raft.server.rpc.request.timeout = 3000ms (default)
2022-02-10 17:16:20,599 [Listener at 0.0.0.0/34207] INFO  impl.DataStreamServerImpl (ConfUtils.java:logGet(44)) - raft.datastream.type = DISABLED (default)
2022-02-10 17:16:20,599 [Listener at 0.0.0.0/34207] INFO  server.RaftServerConfigKeys (ConfUtils.java:logGet(44)) - raft.server.rpc.slowness.timeout = 2s (custom)
2022-02-10 17:16:20,600 [Listener at 0.0.0.0/34207] INFO  server.RaftServerConfigKeys (ConfUtils.java:logGet(44)) - raft.server.leaderelection.leader.step-down.wait-time = 10s (default)
2022-02-10 17:16:20,600 [Listener at 0.0.0.0/34207] INFO  server.RaftServerConfigKeys (ConfUtils.java:logGet(44)) - raft.server.storage.dir = [/home/runner/work/ozone/ozone/hadoop-ozone/integration-test/target/test-dir/MiniOzoneClusterImpl-adca7f43-f686-4ef5-81ed-33e1f333fc0f/omNode-1/ratis] (custom)
2022-02-10 17:16:20,607 [Listener at 0.0.0.0/34207] INFO  server.RaftServer (RaftServerProxy.java:addNew(95)) - omNode-1: addNew group-0AAC5367B30E:[omNode-1|rpc:localhost:35135|priority:0] returns group-0AAC5367B30E:java.util.concurrent.CompletableFuture@140fa93e[Not completed]
2022-02-10 17:16:20,607 [Listener at 0.0.0.0/34207] INFO  om.OzoneManager (OzoneManager.java:initializeRatisServer(1834)) - OzoneManager Ratis server initialized at port 35135
2022-02-10 17:16:20,607 [pool-265-thread-1] INFO  server.RaftServer$Division (RaftServerImpl.java:<init>(184)) - omNode-1: new RaftServerImpl for group-0AAC5367B30E:[omNode-1|rpc:localhost:35135|priority:0] with OzoneManagerStateMachine:uninitialized
2022-02-10 17:16:20,609 [Listener at 0.0.0.0/34207] INFO  ipc.CallQueueManager (CallQueueManager.java:<init>(90)) - Using callQueue: class java.util.concurrent.LinkedBlockingQueue, queueCapacity: 2000, scheduler: class org.apache.hadoop.ipc.DefaultRpcScheduler, ipcBackoff: false.
2022-02-10 17:16:20,611 [Socket Reader #1 for port 46543] INFO  ipc.Server (Server.java:run(1265)) - Starting Socket Reader #1 for port 46543
2022-02-10 17:16:20,637 [pool-265-thread-1] INFO  server.RaftServerConfigKeys (ConfUtils.java:logGet(44)) - raft.server.rpc.timeout.min = 1s (custom)
2022-02-10 17:16:20,637 [pool-265-thread-1] INFO  server.RaftServerConfigKeys (ConfUtils.java:logGet(44)) - raft.server.rpc.timeout.max = 1200ms (custom)
2022-02-10 17:16:20,637 [pool-265-thread-1] INFO  server.RaftServerConfigKeys (ConfUtils.java:logGet(44)) - raft.server.rpc.sleep.time = 25ms (default)
2022-02-10 17:16:20,637 [pool-265-thread-1] INFO  server.RaftServerConfigKeys (ConfUtils.java:logGet(44)) - raft.server.rpc.slowness.timeout = 2s (custom)
2022-02-10 17:16:20,637 [pool-265-thread-1] INFO  server.RaftServerConfigKeys (ConfUtils.java:logGet(44)) - raft.server.leaderelection.leader.step-down.wait-time = 10s (default)
2022-02-10 17:16:20,638 [pool-265-thread-1] INFO  server.RaftServerConfigKeys (ConfUtils.java:logGet(44)) - raft.server.sleep.deviation.threshold = 300ms (default)
2022-02-10 17:16:20,638 [pool-265-thread-1] INFO  server.RaftServerConfigKeys (ConfUtils.java:logGet(44)) - raft.server.log.appender.install.snapshot.enabled = false (custom)
2022-02-10 17:16:20,638 [pool-265-thread-1] INFO  server.RaftServer$Division (ServerState.java:<init>(105)) - omNode-1@group-0AAC5367B30E: ConfigurationManager, init=-1: [omNode-1|rpc:localhost:35135|priority:0], old=null, confs=<EMPTY_MAP>
2022-02-10 17:16:20,638 [pool-265-thread-1] INFO  server.RaftServerConfigKeys (ConfUtils.java:logGet(44)) - raft.server.storage.dir = [/home/runner/work/ozone/ozone/hadoop-ozone/integration-test/target/test-dir/MiniOzoneClusterImpl-adca7f43-f686-4ef5-81ed-33e1f333fc0f/omNode-1/ratis] (custom)
2022-02-10 17:16:20,638 [pool-265-thread-1] INFO  server.RaftServerConfigKeys (ConfUtils.java:logGet(44)) - raft.server.log.corruption.policy = EXCEPTION (default)
2022-02-10 17:16:20,638 [pool-265-thread-1] INFO  server.RaftServerConfigKeys (ConfUtils.java:logGet(44)) - raft.server.storage.free-space.min = 0MB (=0) (default)
2022-02-10 17:16:20,638 [pool-265-thread-1] INFO  storage.RaftStorageDirectory (RaftStorageDirectoryImpl.java:analyzeStorage(135)) - The storage directory /home/runner/work/ozone/ozone/hadoop-ozone/integration-test/target/test-dir/MiniOzoneClusterImpl-adca7f43-f686-4ef5-81ed-33e1f333fc0f/omNode-1/ratis/0718e334-ffa1-36bc-8e9a-0aac5367b30e does not exist. Creating ...
2022-02-10 17:16:20,644 [pool-265-thread-1] INFO  storage.RaftStorageDirectory (RaftStorageDirectoryImpl.java:tryLock(230)) - Lock on /home/runner/work/ozone/ozone/hadoop-ozone/integration-test/target/test-dir/MiniOzoneClusterImpl-adca7f43-f686-4ef5-81ed-33e1f333fc0f/omNode-1/ratis/0718e334-ffa1-36bc-8e9a-0aac5367b30e/in_use.lock acquired by nodename 23291@fv-az184-768
2022-02-10 17:16:20,646 [pool-265-thread-1] INFO  storage.RaftStorage (RaftStorageImpl.java:format(89)) - Storage directory /home/runner/work/ozone/ozone/hadoop-ozone/integration-test/target/test-dir/MiniOzoneClusterImpl-adca7f43-f686-4ef5-81ed-33e1f333fc0f/omNode-1/ratis/0718e334-ffa1-36bc-8e9a-0aac5367b30e has been successfully formatted.
2022-02-10 17:16:20,647 [pool-265-thread-1] INFO  server.RaftServerConfigKeys (ConfUtils.java:logGet(44)) - raft.server.notification.no-leader.timeout = 2s (custom)
2022-02-10 17:16:20,647 [pool-265-thread-1] INFO  server.RaftServerConfigKeys (ConfUtils.java:logGet(44)) - raft.server.log.use.memory = false (default)
2022-02-10 17:16:20,647 [pool-265-thread-1] INFO  server.RaftServerConfigKeys (ConfUtils.java:logGet(44)) - raft.server.log.purge.gap = 1000000 (custom)
2022-02-10 17:16:20,647 [pool-265-thread-1] INFO  server.RaftServerConfigKeys (ConfUtils.java:logGet(44)) - raft.server.log.appender.buffer.byte-limit = 33554432 (custom)
2022-02-10 17:16:20,648 [pool-265-thread-1] INFO  server.RaftServerConfigKeys (ConfUtils.java:logGet(44)) - raft.server.log.segment.size.max = 4194304 (custom)
2022-02-10 17:16:20,648 [pool-265-thread-1] INFO  server.RaftServerConfigKeys (ConfUtils.java:logGet(44)) - raft.server.log.segment.cache.num.max = 2 (custom)
2022-02-10 17:16:20,648 [pool-265-thread-1] INFO  server.RaftServerConfigKeys (ConfUtils.java:logGet(44)) - raft.server.log.segment.cache.size.max = 200MB (=209715200) (default)
2022-02-10 17:16:20,648 [pool-265-thread-1] INFO  segmented.SegmentedRaftLogWorker (SegmentedRaftLogWorker.java:<init>(182)) - new omNode-1@group-0AAC5367B30E-SegmentedRaftLogWorker for RaftStorageImpl:Storage Directory /home/runner/work/ozone/ozone/hadoop-ozone/integration-test/target/test-dir/MiniOzoneClusterImpl-adca7f43-f686-4ef5-81ed-33e1f333fc0f/omNode-1/ratis/0718e334-ffa1-36bc-8e9a-0aac5367b30e
2022-02-10 17:16:20,648 [pool-265-thread-1] INFO  server.RaftServerConfigKeys (ConfUtils.java:logGet(44)) - raft.server.log.queue.byte-limit = 64MB (=67108864) (default)
2022-02-10 17:16:20,648 [pool-265-thread-1] INFO  server.RaftServerConfigKeys (ConfUtils.java:logGet(44)) - raft.server.log.queue.element-limit = 4096 (default)
2022-02-10 17:16:20,648 [pool-265-thread-1] INFO  server.RaftServerConfigKeys (ConfUtils.java:logGet(44)) - raft.server.log.segment.size.max = 4194304 (custom)
2022-02-10 17:16:20,648 [pool-265-thread-1] INFO  server.RaftServerConfigKeys (ConfUtils.java:logGet(44)) - raft.server.log.preallocated.size = 4194304 (custom)
2022-02-10 17:16:20,649 [pool-265-thread-1] INFO  server.RaftServerConfigKeys (ConfUtils.java:logGet(44)) - raft.server.log.force.sync.num = 128 (default)
2022-02-10 17:16:20,649 [pool-265-thread-1] INFO  server.RaftServerConfigKeys (ConfUtils.java:logGet(44)) - raft.server.log.statemachine.data.sync = true (default)
2022-02-10 17:16:20,649 [pool-265-thread-1] INFO  server.RaftServerConfigKeys (ConfUtils.java:logGet(44)) - raft.server.log.statemachine.data.sync.timeout = 10s (default)
2022-02-10 17:16:20,649 [pool-265-thread-1] INFO  server.RaftServerConfigKeys (ConfUtils.java:logGet(44)) - raft.server.log.statemachine.data.sync.timeout.retry = -1 (default)
2022-02-10 17:16:20,650 [pool-265-thread-1] INFO  server.RaftServerConfigKeys (ConfUtils.java:logGet(44)) - raft.server.log.write.buffer.size = 64KB (=65536) (default)
2022-02-10 17:16:20,650 [pool-265-thread-1] INFO  server.RaftServerConfigKeys (ConfUtils.java:logGet(44)) - raft.server.log.statemachine.data.caching.enabled = false (default)
2022-02-10 17:16:20,650 [pool-265-thread-1] INFO  segmented.SegmentedRaftLogWorker (SegmentedRaftLogWorker.java:lambda$new$0(133)) - omNode-1@group-0AAC5367B30E-SegmentedRaftLogWorker: flushIndex: setUnconditionally 0 -> -1
2022-02-10 17:16:20,650 [pool-265-thread-1] INFO  segmented.SegmentedRaftLogWorker (SegmentedRaftLogWorker.java:lambda$new$0(133)) - omNode-1@group-0AAC5367B30E-SegmentedRaftLogWorker: safeCacheEvictIndex: setUnconditionally 0 -> -1
2022-02-10 17:16:20,663 [pool-265-thread-1] INFO  server.RaftServerConfigKeys (ConfUtils.java:logGet(44)) - raft.server.snapshot.auto.trigger.enabled = true (custom)
2022-02-10 17:16:20,663 [pool-265-thread-1] INFO  server.RaftServerConfigKeys (ConfUtils.java:logGet(44)) - raft.server.snapshot.auto.trigger.threshold = 400000 (default)
2022-02-10 17:16:20,663 [pool-265-thread-1] INFO  server.RaftServerConfigKeys (ConfUtils.java:logGet(44)) - raft.server.snapshot.retention.file.num = -1 (default)
2022-02-10 17:16:20,663 [pool-265-thread-1] INFO  server.RaftServerConfigKeys (ConfUtils.java:logGet(44)) - raft.server.log.purge.upto.snapshot.index = true (custom)
2022-02-10 17:16:20,663 [pool-265-thread-1] INFO  server.RaftServerConfigKeys (ConfUtils.java:logGet(44)) - raft.server.retrycache.expirytime = 300s (custom)
2022-02-10 17:16:20,663 [pool-265-thread-1] INFO  server.RaftServerConfigKeys (ConfUtils.java:logGet(44)) - raft.server.retrycache.statistics.expirytime = 100μs (default)
2022-02-10 17:16:20,665 [Listener at 127.0.0.1/46543] INFO  impl.MetricsSystemImpl (MetricsSystemImpl.java:init(158)) - OzoneManager metrics system started (again)
2022-02-10 17:16:20,685 [Listener at 127.0.0.1/46543] INFO  om.OzoneManager (OzoneManager.java:start(1365)) - OzoneManager RPC server is listening at localhost/127.0.0.1:46543
2022-02-10 17:16:20,698 [Listener at 127.0.0.1/46543] INFO  ratis.OzoneManagerRatisServer (OzoneManagerRatisServer.java:start(554)) - Starting OzoneManagerRatisServer omNode-1 at port 35135
2022-02-10 17:16:20,698 [Listener at 127.0.0.1/46543] INFO  server.RaftServer$Division (RaftServerImpl.java:start(301)) - omNode-1@group-0AAC5367B30E: start as a follower, conf=-1: [omNode-1|rpc:localhost:35135|priority:0], old=null
2022-02-10 17:16:20,698 [Listener at 127.0.0.1/46543] INFO  server.RaftServer$Division (RaftServerImpl.java:setRole(290)) - omNode-1@group-0AAC5367B30E: changes role from      null to FOLLOWER at term 0 for startAsFollower
2022-02-10 17:16:20,698 [Listener at 127.0.0.1/46543] INFO  impl.RoleInfo (RoleInfo.java:updateAndGet(130)) - omNode-1: start omNode-1@group-0AAC5367B30E-FollowerState
2022-02-10 17:16:20,703 [Listener at 127.0.0.1/46543] INFO  util.JmxRegister (JmxRegister.java:tryRegister(44)) - Successfully registered JMX Bean with object name Ratis:service=RaftServer,group=group-0AAC5367B30E,id=omNode-1
2022-02-10 17:16:20,715 [Listener at 127.0.0.1/46543] INFO  server.RaftServer (RaftServerProxy.java:lambda$start$5(374)) - omNode-1: start RPC server
2022-02-10 17:16:20,715 [Listener at 127.0.0.1/46543] INFO  server.GrpcService (GrpcService.java:startImpl(253)) - omNode-1: GrpcService started, listening on 35135
2022-02-10 17:16:20,719 [Listener at 127.0.0.1/46543] INFO  om.OzoneManager (OzoneManager.java:start(1381)) - Version File has different layout version (0) than OM DB (null). That is expected if this OM has never been finalized to a newer layout version.
2022-02-10 17:16:20,720 [org.apache.ratis.util.JvmPauseMonitor$$Lambda$435/2121963301@67fc9be0] INFO  util.JvmPauseMonitor (JvmPauseMonitor.java:run(103)) - JvmPauseMonitor-omNode-1: Started
2022-02-10 17:16:20,728 [Listener at 127.0.0.1/46543] INFO  http.BaseHttpServer (BaseHttpServer.java:newHttpServer2BuilderForOzone(209)) - Starting Web-server for ozoneManager at: http://0.0.0.0:39111
2022-02-10 17:16:20,728 [Listener at 127.0.0.1/46543] INFO  http.BaseHttpServer (BaseHttpServer.java:<init>(107)) - Hadoop Security Enabled: false Ozone Security Enabled: false Ozone HTTP Security Enabled: false 
2022-02-10 17:16:20,730 [Listener at 127.0.0.1/46543] INFO  server.AuthenticationFilter (AuthenticationFilter.java:constructSecretProvider(240)) - Unable to initialize FileSignerSecretProvider, falling back to use random secrets.
2022-02-10 17:16:20,741 [Listener at 127.0.0.1/46543] WARN  http.HttpRequestLog (HttpRequestLog.java:getRequestLog(103)) - Jetty request log can only be enabled using Log4j
2022-02-10 17:16:20,742 [Listener at 127.0.0.1/46543] INFO  http.HttpServer2 (HttpServer2.java:addGlobalFilter(1030)) - Added global filter 'safety' (class=org.apache.hadoop.hdds.server.http.HttpServer2$QuotingInputFilter)
2022-02-10 17:16:20,759 [Listener at 127.0.0.1/46543] INFO  http.HttpServer2 (HttpServer2.java:addFilter(1006)) - Added filter static_user_filter (class=org.apache.hadoop.http.lib.StaticUserWebFilter$StaticUserFilter) to context ozoneManager
2022-02-10 17:16:20,759 [Listener at 127.0.0.1/46543] INFO  http.HttpServer2 (HttpServer2.java:addFilter(1014)) - Added filter static_user_filter (class=org.apache.hadoop.http.lib.StaticUserWebFilter$StaticUserFilter) to context logs
2022-02-10 17:16:20,760 [Listener at 127.0.0.1/46543] INFO  http.HttpServer2 (HttpServer2.java:addFilter(1014)) - Added filter static_user_filter (class=org.apache.hadoop.http.lib.StaticUserWebFilter$StaticUserFilter) to context static
2022-02-10 17:16:20,763 [Listener at 127.0.0.1/46543] INFO  http.HttpServer2 (HttpServer2.java:bindListener(1249)) - Jetty bound to port 39111
2022-02-10 17:16:20,764 [Listener at 127.0.0.1/46543] INFO  server.Server (Server.java:doStart(375)) - jetty-9.4.43.v20210629; built: 2021-06-30T11:07:22.254Z; git: 526006ecfa3af7f1a27ef3a288e2bef7ea9dd7e8; jvm 1.8.0_312-b07
2022-02-10 17:16:20,769 [Listener at 127.0.0.1/46543] INFO  server.session (DefaultSessionIdManager.java:doStart(334)) - DefaultSessionIdManager workerName=node0
2022-02-10 17:16:20,769 [Listener at 127.0.0.1/46543] INFO  server.session (DefaultSessionIdManager.java:doStart(339)) - No SessionScavenger set, using defaults
2022-02-10 17:16:20,769 [Listener at 127.0.0.1/46543] INFO  server.session (HouseKeeper.java:startScavenging(132)) - node0 Scavenging every 600000ms
2022-02-10 17:16:20,778 [Listener at 127.0.0.1/46543] INFO  handler.ContextHandler (ContextHandler.java:doStart(915)) - Started o.e.j.s.ServletContextHandler@39fa72d7{logs,/logs,file:///home/runner/work/ozone/ozone/hadoop-ozone/integration-test/target/log,AVAILABLE}
2022-02-10 17:16:20,778 [Listener at 127.0.0.1/46543] INFO  handler.ContextHandler (ContextHandler.java:doStart(915)) - Started o.e.j.s.ServletContextHandler@2e2aee77{static,/static,file:///home/runner/work/ozone/ozone/hadoop-ozone/integration-test/target/test-classes/webapps/static,AVAILABLE}
2022-02-10 17:16:20,782 [Listener at 127.0.0.1/46543] INFO  handler.ContextHandler (ContextHandler.java:doStart(915)) - Started o.e.j.w.WebAppContext@650b7aef{ozoneManager,/,file:///home/runner/work/ozone/ozone/hadoop-ozone/integration-test/target/test-classes/webapps/ozoneManager/,AVAILABLE}{file:/home/runner/work/ozone/ozone/hadoop-ozone/integration-test/target/test-classes/webapps/ozoneManager}
2022-02-10 17:16:20,784 [Listener at 127.0.0.1/46543] INFO  server.AbstractConnector (AbstractConnector.java:doStart(331)) - Started ServerConnector@1570f81c{HTTP/1.1, (http/1.1)}{0.0.0.0:39111}
2022-02-10 17:16:20,784 [Listener at 127.0.0.1/46543] INFO  server.Server (Server.java:doStart(415)) - Started @86323ms
2022-02-10 17:16:20,784 [Listener at 127.0.0.1/46543] WARN  impl.MetricsSystemImpl (MetricsSystemImpl.java:register(279)) - Sink prometheus already exists!
2022-02-10 17:16:20,785 [Listener at 127.0.0.1/46543] INFO  http.BaseHttpServer (BaseHttpServer.java:updateConnectorAddress(329)) - HTTP server of ozoneManager listening at http://0.0.0.0:39111
2022-02-10 17:16:20,787 [IPC Server Responder] INFO  ipc.Server (Server.java:run(1507)) - IPC Server Responder: starting
2022-02-10 17:16:20,788 [IPC Server listener on 46543] INFO  ipc.Server (Server.java:run(1344)) - IPC Server listener on 46543: starting
2022-02-10 17:16:20,789 [Listener at 127.0.0.1/46543] INFO  om.OzoneManager (OzoneManager.java:startTrashEmptier(1792)) - Trash Interval set to 0. Files deleted will not move to trash
2022-02-10 17:16:20,790 [Listener at 127.0.0.1/46543] INFO  ozone.MiniOzoneHAClusterImpl (MiniOzoneHAClusterImpl.java:createOMService(522)) - Started OzoneManager omNode-1 RPC server at localhost/127.0.0.1:46543
2022-02-10 17:16:20,822 [Listener at 127.0.0.1/46543] WARN  impl.MetricRegistriesImpl (MetricRegistriesImpl.java:addReporterRegistration(111)) - New reporters are added after registries were created. Some metrics will be missing from the reporter. Please add reporter before adding any new registry.
2022-02-10 17:16:20,830 [Listener at 127.0.0.1/46543] WARN  impl.MetricRegistriesImpl (MetricRegistriesImpl.java:addReporterRegistration(111)) - New reporters are added after registries were created. Some metrics will be missing from the reporter. Please add reporter before adding any new registry.
2022-02-10 17:16:20,831 [Listener at 127.0.0.1/46543] INFO  impl.MetricsSystemImpl (MetricsSystemImpl.java:init(158)) - HddsDatanode metrics system started (again)
2022-02-10 17:16:20,823 [org.apache.hadoop.util.JvmPauseMonitor$Monitor@456de3ff] INFO  util.JvmPauseMonitor (JvmPauseMonitor.java:run(188)) - Starting JVM pause monitor
2022-02-10 17:16:20,853 [Listener at 127.0.0.1/46543] INFO  ozone.HddsDatanodeService (HddsDatanodeService.java:start(234)) - HddsDatanodeService host:fv-az184-768.3ow45vhwbzuu5incsxmygykede.cx.internal.cloudapp.net ip:10.1.0.22
2022-02-10 17:16:20,896 [Listener at 127.0.0.1/46543] INFO  upgrade.AbstractLayoutVersionManager (AbstractLayoutVersionManager.java:init(79)) - Initializing Layout version manager with metadata layout = SCM_HA (version = 2), software layout = SCM_HA (version = 2)
2022-02-10 17:16:20,994 [Listener at 127.0.0.1/46543] INFO  reflections.Reflections (Reflections.java:scan(232)) - Reflections took 97 ms to scan 7 urls, producing 119 keys and 279 values 
2022-02-10 17:16:20,996 [Listener at 127.0.0.1/46543] INFO  ha.SCMNodeInfo (SCMNodeInfo.java:getPort(197)) - ConfigKey ozone.scm.client.address is deprecated, For configuring different ports for each SCM use PortConfigKey ozone.scm.client.port appended with serviceId and nodeId
2022-02-10 17:16:20,996 [Listener at 127.0.0.1/46543] INFO  ha.SCMNodeInfo (SCMNodeInfo.java:getPort(197)) - ConfigKey ozone.scm.block.client.address is deprecated, For configuring different ports for each SCM use PortConfigKey ozone.scm.block.client.port appended with serviceId and nodeId
2022-02-10 17:16:20,996 [Listener at 127.0.0.1/46543] INFO  ha.SCMNodeInfo (SCMNodeInfo.java:getPort(197)) - ConfigKey ozone.scm.datanode.address is deprecated, For configuring different ports for each SCM use PortConfigKey ozone.scm.datanode.port appended with serviceId and nodeId
2022-02-10 17:16:20,996 [Listener at 127.0.0.1/46543] INFO  statemachine.DatanodeStateMachine (DatanodeStateMachine.java:getEndPointTaskThreadPoolSize(222)) - Datanode State Machine Task Thread Pool size 2
2022-02-10 17:16:20,997 [Listener at 127.0.0.1/46543] INFO  volume.HddsVolume (HddsVolume.java:<init>(120)) - Creating HddsVolume: /home/runner/work/ozone/ozone/hadoop-ozone/integration-test/target/test-dir/MiniOzoneClusterImpl-adca7f43-f686-4ef5-81ed-33e1f333fc0f/datanode-0/data-0/containers/hdds of storage type : DISK capacity : 9223372036854775807
2022-02-10 17:16:20,998 [Listener at 127.0.0.1/46543] INFO  volume.MutableVolumeSet (MutableVolumeSet.java:initializeVolumeSet(168)) - Added Volume : /home/runner/work/ozone/ozone/hadoop-ozone/integration-test/target/test-dir/MiniOzoneClusterImpl-adca7f43-f686-4ef5-81ed-33e1f333fc0f/datanode-0/data-0/containers/hdds to VolumeSet
2022-02-10 17:16:20,998 [Listener at 127.0.0.1/46543] INFO  volume.ThrottledAsyncChecker (ThrottledAsyncChecker.java:schedule(141)) - Scheduling a check for /home/runner/work/ozone/ozone/hadoop-ozone/integration-test/target/test-dir/MiniOzoneClusterImpl-adca7f43-f686-4ef5-81ed-33e1f333fc0f/datanode-0/data-0/containers/hdds
2022-02-10 17:16:21,019 [Listener at 127.0.0.1/46543] INFO  volume.StorageVolumeChecker (StorageVolumeChecker.java:checkAllVolumes(202)) - Scheduled health check for volume /home/runner/work/ozone/ozone/hadoop-ozone/integration-test/target/test-dir/MiniOzoneClusterImpl-adca7f43-f686-4ef5-81ed-33e1f333fc0f/datanode-0/data-0/containers/hdds
2022-02-10 17:16:21,043 [Listener at 127.0.0.1/46543] INFO  volume.MutableVolumeSet (MutableVolumeSet.java:initializeVolumeSet(168)) - Added Volume : /home/runner/work/ozone/ozone/hadoop-ozone/integration-test/target/test-dir/MiniOzoneClusterImpl-adca7f43-f686-4ef5-81ed-33e1f333fc0f/datanode-0/data/ratis to VolumeSet
2022-02-10 17:16:21,043 [Listener at 127.0.0.1/46543] INFO  volume.ThrottledAsyncChecker (ThrottledAsyncChecker.java:schedule(141)) - Scheduling a check for /home/runner/work/ozone/ozone/hadoop-ozone/integration-test/target/test-dir/MiniOzoneClusterImpl-adca7f43-f686-4ef5-81ed-33e1f333fc0f/datanode-0/data/ratis
2022-02-10 17:16:21,044 [Listener at 127.0.0.1/46543] INFO  volume.StorageVolumeChecker (StorageVolumeChecker.java:checkAllVolumes(202)) - Scheduled health check for volume /home/runner/work/ozone/ozone/hadoop-ozone/integration-test/target/test-dir/MiniOzoneClusterImpl-adca7f43-f686-4ef5-81ed-33e1f333fc0f/datanode-0/data/ratis
2022-02-10 17:16:21,064 [Thread-1232] INFO  ozoneimpl.ContainerReader (ContainerReader.java:readVolume(172)) - Finish verifying containers on volume /home/runner/work/ozone/ozone/hadoop-ozone/integration-test/target/test-dir/MiniOzoneClusterImpl-adca7f43-f686-4ef5-81ed-33e1f333fc0f/datanode-0/data-0/containers/hdds
2022-02-10 17:16:21,064 [Listener at 127.0.0.1/46543] INFO  ozoneimpl.OzoneContainer (OzoneContainer.java:buildContainerSet(237)) - Build ContainerSet costs 0s
2022-02-10 17:16:21,068 [Listener at 127.0.0.1/46543] INFO  server.RaftServer (ConfUtils.java:logGet(44)) - raft.rpc.type = GRPC (default)
2022-02-10 17:16:21,069 [Listener at 127.0.0.1/46543] INFO  grpc.GrpcFactory (GrpcFactory.java:checkPooledByteBufAllocatorUseCacheForAllThreads(48)) - PERFORMANCE WARNING: useCacheForAllThreads is true that may cause Netty to create a lot garbage objects and, as a result, trigger GC.
	It is recommended to disable useCacheForAllThreads by setting -Dorg.apache.ratis.thirdparty.io.netty.allocator.useCacheForAllThreads=false in command line.
2022-02-10 17:16:21,069 [Listener at 127.0.0.1/46543] INFO  grpc.GrpcConfigKeys (ConfUtils.java:logGet(44)) - raft.grpc.admin.port = 0 (custom)
2022-02-10 17:16:21,069 [Listener at 127.0.0.1/46543] INFO  grpc.GrpcConfigKeys (ConfUtils.java:logGet(44)) - raft.grpc.client.port = 0 (custom)
2022-02-10 17:16:21,069 [Listener at 127.0.0.1/46543] INFO  grpc.GrpcConfigKeys (ConfUtils.java:logGet(44)) - raft.grpc.server.port = 0 (default)
2022-02-10 17:16:21,069 [Listener at 127.0.0.1/46543] INFO  server.GrpcService (ConfUtils.java:logGet(44)) - raft.grpc.message.size.max = 32MB (=33554432) (custom)
2022-02-10 17:16:21,069 [Listener at 127.0.0.1/46543] INFO  server.RaftServerConfigKeys (ConfUtils.java:logGet(44)) - raft.server.log.appender.buffer.byte-limit = 33554432 (custom)
2022-02-10 17:16:21,069 [Listener at 127.0.0.1/46543] INFO  server.GrpcService (ConfUtils.java:logGet(44)) - raft.grpc.flow.control.window = 5MB (=5242880) (custom)
2022-02-10 17:16:21,069 [Listener at 127.0.0.1/46543] INFO  server.RaftServerConfigKeys (ConfUtils.java:logGet(44)) - raft.server.rpc.request.timeout = 60s (custom)
2022-02-10 17:16:21,070 [Listener at 127.0.0.1/46543] INFO  impl.DataStreamServerImpl (ConfUtils.java:logGet(44)) - raft.datastream.type = DISABLED (default)
2022-02-10 17:16:21,070 [Listener at 127.0.0.1/46543] INFO  server.RaftServerConfigKeys (ConfUtils.java:logGet(44)) - raft.server.rpc.slowness.timeout = 300s (custom)
2022-02-10 17:16:21,070 [Listener at 127.0.0.1/46543] INFO  server.RaftServerConfigKeys (ConfUtils.java:logGet(44)) - raft.server.leaderelection.leader.step-down.wait-time = 10s (default)
2022-02-10 17:16:21,071 [Listener at 127.0.0.1/46543] INFO  server.RaftServerConfigKeys (ConfUtils.java:logGet(44)) - raft.server.storage.dir = [/home/runner/work/ozone/ozone/hadoop-ozone/integration-test/target/test-dir/MiniOzoneClusterImpl-adca7f43-f686-4ef5-81ed-33e1f333fc0f/datanode-0/data/ratis] (custom)
2022-02-10 17:16:21,072 [Listener at 127.0.0.1/46543] INFO  server.XceiverServerGrpc (XceiverServerGrpc.java:<init>(132)) - GrpcServer channel type EpollServerSocketChannel
2022-02-10 17:16:21,083 [Listener at 127.0.0.1/46543] INFO  http.BaseHttpServer (BaseHttpServer.java:newHttpServer2BuilderForOzone(209)) - Starting Web-server for hddsDatanode at: http://0.0.0.0:0
2022-02-10 17:16:21,084 [Listener at 127.0.0.1/46543] INFO  http.BaseHttpServer (BaseHttpServer.java:<init>(107)) - Hadoop Security Enabled: false Ozone Security Enabled: false Ozone HTTP Security Enabled: false 
2022-02-10 17:16:21,085 [Listener at 127.0.0.1/46543] INFO  server.AuthenticationFilter (AuthenticationFilter.java:constructSecretProvider(240)) - Unable to initialize FileSignerSecretProvider, falling back to use random secrets.
2022-02-10 17:16:21,086 [Listener at 127.0.0.1/46543] WARN  http.HttpRequestLog (HttpRequestLog.java:getRequestLog(103)) - Jetty request log can only be enabled using Log4j
2022-02-10 17:16:21,086 [Listener at 127.0.0.1/46543] INFO  http.HttpServer2 (HttpServer2.java:addGlobalFilter(1030)) - Added global filter 'safety' (class=org.apache.hadoop.hdds.server.http.HttpServer2$QuotingInputFilter)
2022-02-10 17:16:21,087 [Listener at 127.0.0.1/46543] INFO  http.HttpServer2 (HttpServer2.java:addFilter(1006)) - Added filter static_user_filter (class=org.apache.hadoop.http.lib.StaticUserWebFilter$StaticUserFilter) to context hddsDatanode
2022-02-10 17:16:21,087 [Listener at 127.0.0.1/46543] INFO  http.HttpServer2 (HttpServer2.java:addFilter(1014)) - Added filter static_user_filter (class=org.apache.hadoop.http.lib.StaticUserWebFilter$StaticUserFilter) to context logs
2022-02-10 17:16:21,087 [Listener at 127.0.0.1/46543] INFO  http.HttpServer2 (HttpServer2.java:addFilter(1014)) - Added filter static_user_filter (class=org.apache.hadoop.http.lib.StaticUserWebFilter$StaticUserFilter) to context static
2022-02-10 17:16:21,088 [Listener at 127.0.0.1/46543] INFO  http.HttpServer2 (HttpServer2.java:bindListener(1249)) - Jetty bound to port 44327
2022-02-10 17:16:21,088 [Listener at 127.0.0.1/46543] INFO  server.Server (Server.java:doStart(375)) - jetty-9.4.43.v20210629; built: 2021-06-30T11:07:22.254Z; git: 526006ecfa3af7f1a27ef3a288e2bef7ea9dd7e8; jvm 1.8.0_312-b07
2022-02-10 17:16:21,138 [Listener at 127.0.0.1/46543] INFO  server.session (DefaultSessionIdManager.java:doStart(334)) - DefaultSessionIdManager workerName=node0
2022-02-10 17:16:21,138 [Listener at 127.0.0.1/46543] INFO  server.session (DefaultSessionIdManager.java:doStart(339)) - No SessionScavenger set, using defaults
2022-02-10 17:16:21,138 [Listener at 127.0.0.1/46543] INFO  server.session (HouseKeeper.java:startScavenging(132)) - node0 Scavenging every 660000ms
2022-02-10 17:16:21,142 [Listener at 127.0.0.1/46543] INFO  handler.ContextHandler (ContextHandler.java:doStart(915)) - Started o.e.j.s.ServletContextHandler@453f37bc{logs,/logs,file:///home/runner/work/ozone/ozone/hadoop-ozone/integration-test/target/log,AVAILABLE}
2022-02-10 17:16:21,142 [Listener at 127.0.0.1/46543] INFO  handler.ContextHandler (ContextHandler.java:doStart(915)) - Started o.e.j.s.ServletContextHandler@18a92cd6{static,/static,jar:file:/home/runner/.m2/repository/org/apache/ozone/hdds-container-service/1.3.0-SNAPSHOT/hdds-container-service-1.3.0-SNAPSHOT.jar!/webapps/static,AVAILABLE}
2022-02-10 17:16:21,197 [Listener at 127.0.0.1/46543] INFO  handler.ContextHandler (ContextHandler.java:doStart(915)) - Started o.e.j.w.WebAppContext@52ce75f5{hddsDatanode,/,file:///tmp/jetty-0_0_0_0-44327-hdds-container-service-1_3_0-SNAPSHOT_jar-_-any-8301625101675144858/webapp/,AVAILABLE}{jar:file:/home/runner/.m2/repository/org/apache/ozone/hdds-container-service/1.3.0-SNAPSHOT/hdds-container-service-1.3.0-SNAPSHOT.jar!/webapps/hddsDatanode}
2022-02-10 17:16:21,207 [Listener at 127.0.0.1/46543] INFO  server.AbstractConnector (AbstractConnector.java:doStart(331)) - Started ServerConnector@6f98718c{HTTP/1.1, (http/1.1)}{0.0.0.0:44327}
2022-02-10 17:16:21,207 [Listener at 127.0.0.1/46543] INFO  server.Server (Server.java:doStart(415)) - Started @86746ms
2022-02-10 17:16:21,207 [Listener at 127.0.0.1/46543] WARN  impl.MetricsSystemImpl (MetricsSystemImpl.java:register(279)) - Sink prometheus already exists!
2022-02-10 17:16:21,208 [Listener at 127.0.0.1/46543] INFO  http.BaseHttpServer (BaseHttpServer.java:updateConnectorAddress(329)) - HTTP server of hddsDatanode listening at http://0.0.0.0:44327
2022-02-10 17:16:21,209 [Datanode State Machine Daemon Thread] INFO  statemachine.DatanodeStateMachine (DatanodeStateMachine.java:lambda$startDaemon$0(470)) - Ozone container server started.
2022-02-10 17:16:21,209 [Listener at 127.0.0.1/46543] WARN  impl.MetricRegistriesImpl (MetricRegistriesImpl.java:addReporterRegistration(111)) - New reporters are added after registries were created. Some metrics will be missing from the reporter. Please add reporter before adding any new registry.
2022-02-10 17:16:21,210 [Listener at 127.0.0.1/46543] WARN  impl.MetricRegistriesImpl (MetricRegistriesImpl.java:addReporterRegistration(111)) - New reporters are added after registries were created. Some metrics will be missing from the reporter. Please add reporter before adding any new registry.
2022-02-10 17:16:21,210 [Listener at 127.0.0.1/46543] INFO  impl.MetricsSystemImpl (MetricsSystemImpl.java:init(158)) - HddsDatanode metrics system started (again)
2022-02-10 17:16:21,263 [Listener at 127.0.0.1/46543] INFO  ozone.HddsDatanodeService (HddsDatanodeService.java:start(234)) - HddsDatanodeService host:fv-az184-768.3ow45vhwbzuu5incsxmygykede.cx.internal.cloudapp.net ip:10.1.0.22
2022-02-10 17:16:21,281 [org.apache.hadoop.util.JvmPauseMonitor$Monitor@56caa981] INFO  util.JvmPauseMonitor (JvmPauseMonitor.java:run(188)) - Starting JVM pause monitor
2022-02-10 17:16:21,291 [Datanode State Machine Task Thread - 0] INFO  ha.SCMNodeInfo (SCMNodeInfo.java:getPort(197)) - ConfigKey ozone.scm.client.address is deprecated, For configuring different ports for each SCM use PortConfigKey ozone.scm.client.port appended with serviceId and nodeId
2022-02-10 17:16:21,291 [Datanode State Machine Task Thread - 0] INFO  ha.SCMNodeInfo (SCMNodeInfo.java:getPort(197)) - ConfigKey ozone.scm.block.client.address is deprecated, For configuring different ports for each SCM use PortConfigKey ozone.scm.block.client.port appended with serviceId and nodeId
2022-02-10 17:16:21,291 [Datanode State Machine Task Thread - 0] INFO  ha.SCMNodeInfo (SCMNodeInfo.java:getPort(197)) - ConfigKey ozone.scm.datanode.address is deprecated, For configuring different ports for each SCM use PortConfigKey ozone.scm.datanode.port appended with serviceId and nodeId
2022-02-10 17:16:21,325 [Datanode State Machine Task Thread - 0] INFO  datanode.InitDatanodeState (InitDatanodeState.java:persistContainerDatanodeDetails(145)) - DatanodeDetails is persisted to /home/runner/work/ozone/ozone/hadoop-ozone/integration-test/target/test-dir/MiniOzoneClusterImpl-adca7f43-f686-4ef5-81ed-33e1f333fc0f/datanode-0/meta/datanode.id
2022-02-10 17:16:21,340 [Listener at 127.0.0.1/46543] INFO  upgrade.AbstractLayoutVersionManager (AbstractLayoutVersionManager.java:init(79)) - Initializing Layout version manager with metadata layout = SCM_HA (version = 2), software layout = SCM_HA (version = 2)
2022-02-10 17:16:21,447 [EndpointStateMachine task thread for /127.0.0.1:33255 - 0 ] INFO  ipc.Client (Client.java:handleConnectionFailure(977)) - Retrying connect to server: localhost/127.0.0.1:33255. Already tried 3 time(s); retry policy is RetryUpToMaximumCountWithFixedSleep(maxRetries=15, sleepTime=1000 MILLISECONDS)
2022-02-10 17:16:21,469 [Listener at 127.0.0.1/46543] INFO  reflections.Reflections (Reflections.java:scan(232)) - Reflections took 114 ms to scan 7 urls, producing 119 keys and 279 values 
2022-02-10 17:16:21,470 [Listener at 127.0.0.1/46543] INFO  ha.SCMNodeInfo (SCMNodeInfo.java:getPort(197)) - ConfigKey ozone.scm.client.address is deprecated, For configuring different ports for each SCM use PortConfigKey ozone.scm.client.port appended with serviceId and nodeId
2022-02-10 17:16:21,470 [Listener at 127.0.0.1/46543] INFO  ha.SCMNodeInfo (SCMNodeInfo.java:getPort(197)) - ConfigKey ozone.scm.block.client.address is deprecated, For configuring different ports for each SCM use PortConfigKey ozone.scm.block.client.port appended with serviceId and nodeId
2022-02-10 17:16:21,471 [Listener at 127.0.0.1/46543] INFO  ha.SCMNodeInfo (SCMNodeInfo.java:getPort(197)) - ConfigKey ozone.scm.datanode.address is deprecated, For configuring different ports for each SCM use PortConfigKey ozone.scm.datanode.port appended with serviceId and nodeId
2022-02-10 17:16:21,471 [Listener at 127.0.0.1/46543] INFO  statemachine.DatanodeStateMachine (DatanodeStateMachine.java:getEndPointTaskThreadPoolSize(222)) - Datanode State Machine Task Thread Pool size 2
2022-02-10 17:16:21,474 [Listener at 127.0.0.1/46543] INFO  volume.HddsVolume (HddsVolume.java:<init>(120)) - Creating HddsVolume: /home/runner/work/ozone/ozone/hadoop-ozone/integration-test/target/test-dir/MiniOzoneClusterImpl-adca7f43-f686-4ef5-81ed-33e1f333fc0f/datanode-1/data-0/containers/hdds of storage type : DISK capacity : 9223372036854775807
2022-02-10 17:16:21,474 [Listener at 127.0.0.1/46543] INFO  volume.MutableVolumeSet (MutableVolumeSet.java:initializeVolumeSet(168)) - Added Volume : /home/runner/work/ozone/ozone/hadoop-ozone/integration-test/target/test-dir/MiniOzoneClusterImpl-adca7f43-f686-4ef5-81ed-33e1f333fc0f/datanode-1/data-0/containers/hdds to VolumeSet
2022-02-10 17:16:21,474 [Listener at 127.0.0.1/46543] INFO  volume.ThrottledAsyncChecker (ThrottledAsyncChecker.java:schedule(141)) - Scheduling a check for /home/runner/work/ozone/ozone/hadoop-ozone/integration-test/target/test-dir/MiniOzoneClusterImpl-adca7f43-f686-4ef5-81ed-33e1f333fc0f/datanode-1/data-0/containers/hdds
2022-02-10 17:16:21,483 [Listener at 127.0.0.1/46543] INFO  volume.StorageVolumeChecker (StorageVolumeChecker.java:checkAllVolumes(202)) - Scheduled health check for volume /home/runner/work/ozone/ozone/hadoop-ozone/integration-test/target/test-dir/MiniOzoneClusterImpl-adca7f43-f686-4ef5-81ed-33e1f333fc0f/datanode-1/data-0/containers/hdds
2022-02-10 17:16:21,504 [Listener at 127.0.0.1/46543] INFO  volume.MutableVolumeSet (MutableVolumeSet.java:initializeVolumeSet(168)) - Added Volume : /home/runner/work/ozone/ozone/hadoop-ozone/integration-test/target/test-dir/MiniOzoneClusterImpl-adca7f43-f686-4ef5-81ed-33e1f333fc0f/datanode-1/data/ratis to VolumeSet
2022-02-10 17:16:21,504 [Listener at 127.0.0.1/46543] INFO  volume.ThrottledAsyncChecker (ThrottledAsyncChecker.java:schedule(141)) - Scheduling a check for /home/runner/work/ozone/ozone/hadoop-ozone/integration-test/target/test-dir/MiniOzoneClusterImpl-adca7f43-f686-4ef5-81ed-33e1f333fc0f/datanode-1/data/ratis
2022-02-10 17:16:21,504 [Listener at 127.0.0.1/46543] INFO  volume.StorageVolumeChecker (StorageVolumeChecker.java:checkAllVolumes(202)) - Scheduled health check for volume /home/runner/work/ozone/ozone/hadoop-ozone/integration-test/target/test-dir/MiniOzoneClusterImpl-adca7f43-f686-4ef5-81ed-33e1f333fc0f/datanode-1/data/ratis
2022-02-10 17:16:21,533 [Thread-1244] INFO  ozoneimpl.ContainerReader (ContainerReader.java:readVolume(172)) - Finish verifying containers on volume /home/runner/work/ozone/ozone/hadoop-ozone/integration-test/target/test-dir/MiniOzoneClusterImpl-adca7f43-f686-4ef5-81ed-33e1f333fc0f/datanode-1/data-0/containers/hdds
2022-02-10 17:16:21,533 [Listener at 127.0.0.1/46543] INFO  ozoneimpl.OzoneContainer (OzoneContainer.java:buildContainerSet(237)) - Build ContainerSet costs 0s
2022-02-10 17:16:21,536 [Listener at 127.0.0.1/46543] INFO  server.RaftServer (ConfUtils.java:logGet(44)) - raft.rpc.type = GRPC (default)
2022-02-10 17:16:21,536 [Listener at 127.0.0.1/46543] INFO  grpc.GrpcFactory (GrpcFactory.java:checkPooledByteBufAllocatorUseCacheForAllThreads(48)) - PERFORMANCE WARNING: useCacheForAllThreads is true that may cause Netty to create a lot garbage objects and, as a result, trigger GC.
	It is recommended to disable useCacheForAllThreads by setting -Dorg.apache.ratis.thirdparty.io.netty.allocator.useCacheForAllThreads=false in command line.
2022-02-10 17:16:21,536 [Listener at 127.0.0.1/46543] INFO  grpc.GrpcConfigKeys (ConfUtils.java:logGet(44)) - raft.grpc.admin.port = 0 (custom)
2022-02-10 17:16:21,536 [Listener at 127.0.0.1/46543] INFO  grpc.GrpcConfigKeys (ConfUtils.java:logGet(44)) - raft.grpc.client.port = 0 (custom)
2022-02-10 17:16:21,536 [Listener at 127.0.0.1/46543] INFO  grpc.GrpcConfigKeys (ConfUtils.java:logGet(44)) - raft.grpc.server.port = 0 (default)
2022-02-10 17:16:21,536 [Listener at 127.0.0.1/46543] INFO  server.GrpcService (ConfUtils.java:logGet(44)) - raft.grpc.message.size.max = 32MB (=33554432) (custom)
2022-02-10 17:16:21,536 [Listener at 127.0.0.1/46543] INFO  server.RaftServerConfigKeys (ConfUtils.java:logGet(44)) - raft.server.log.appender.buffer.byte-limit = 33554432 (custom)
2022-02-10 17:16:21,537 [Listener at 127.0.0.1/46543] INFO  server.GrpcService (ConfUtils.java:logGet(44)) - raft.grpc.flow.control.window = 5MB (=5242880) (custom)
2022-02-10 17:16:21,537 [Listener at 127.0.0.1/46543] INFO  server.RaftServerConfigKeys (ConfUtils.java:logGet(44)) - raft.server.rpc.request.timeout = 60s (custom)
2022-02-10 17:16:21,538 [Listener at 127.0.0.1/46543] INFO  impl.DataStreamServerImpl (ConfUtils.java:logGet(44)) - raft.datastream.type = DISABLED (default)
2022-02-10 17:16:21,538 [Listener at 127.0.0.1/46543] INFO  server.RaftServerConfigKeys (ConfUtils.java:logGet(44)) - raft.server.rpc.slowness.timeout = 300s (custom)
2022-02-10 17:16:21,539 [Listener at 127.0.0.1/46543] INFO  server.RaftServerConfigKeys (ConfUtils.java:logGet(44)) - raft.server.leaderelection.leader.step-down.wait-time = 10s (default)
2022-02-10 17:16:21,539 [Listener at 127.0.0.1/46543] INFO  server.RaftServerConfigKeys (ConfUtils.java:logGet(44)) - raft.server.storage.dir = [/home/runner/work/ozone/ozone/hadoop-ozone/integration-test/target/test-dir/MiniOzoneClusterImpl-adca7f43-f686-4ef5-81ed-33e1f333fc0f/datanode-1/data/ratis] (custom)
2022-02-10 17:16:21,544 [Listener at 127.0.0.1/46543] INFO  server.XceiverServerGrpc (XceiverServerGrpc.java:<init>(132)) - GrpcServer channel type EpollServerSocketChannel
2022-02-10 17:16:21,559 [Listener at 127.0.0.1/46543] INFO  http.BaseHttpServer (BaseHttpServer.java:newHttpServer2BuilderForOzone(209)) - Starting Web-server for hddsDatanode at: http://0.0.0.0:0
2022-02-10 17:16:21,560 [Listener at 127.0.0.1/46543] INFO  http.BaseHttpServer (BaseHttpServer.java:<init>(107)) - Hadoop Security Enabled: false Ozone Security Enabled: false Ozone HTTP Security Enabled: false 
2022-02-10 17:16:21,561 [Listener at 127.0.0.1/46543] INFO  server.AuthenticationFilter (AuthenticationFilter.java:constructSecretProvider(240)) - Unable to initialize FileSignerSecretProvider, falling back to use random secrets.
2022-02-10 17:16:21,575 [Listener at 127.0.0.1/46543] WARN  http.HttpRequestLog (HttpRequestLog.java:getRequestLog(103)) - Jetty request log can only be enabled using Log4j
2022-02-10 17:16:21,576 [Listener at 127.0.0.1/46543] INFO  http.HttpServer2 (HttpServer2.java:addGlobalFilter(1030)) - Added global filter 'safety' (class=org.apache.hadoop.hdds.server.http.HttpServer2$QuotingInputFilter)
2022-02-10 17:16:21,576 [Listener at 127.0.0.1/46543] INFO  http.HttpServer2 (HttpServer2.java:addFilter(1006)) - Added filter static_user_filter (class=org.apache.hadoop.http.lib.StaticUserWebFilter$StaticUserFilter) to context hddsDatanode
2022-02-10 17:16:21,576 [Listener at 127.0.0.1/46543] INFO  http.HttpServer2 (HttpServer2.java:addFilter(1014)) - Added filter static_user_filter (class=org.apache.hadoop.http.lib.StaticUserWebFilter$StaticUserFilter) to context logs
2022-02-10 17:16:21,576 [Listener at 127.0.0.1/46543] INFO  http.HttpServer2 (HttpServer2.java:addFilter(1014)) - Added filter static_user_filter (class=org.apache.hadoop.http.lib.StaticUserWebFilter$StaticUserFilter) to context static
2022-02-10 17:16:21,577 [Listener at 127.0.0.1/46543] INFO  http.HttpServer2 (HttpServer2.java:bindListener(1249)) - Jetty bound to port 40931
2022-02-10 17:16:21,577 [Listener at 127.0.0.1/46543] INFO  server.Server (Server.java:doStart(375)) - jetty-9.4.43.v20210629; built: 2021-06-30T11:07:22.254Z; git: 526006ecfa3af7f1a27ef3a288e2bef7ea9dd7e8; jvm 1.8.0_312-b07
2022-02-10 17:16:21,607 [Listener at 127.0.0.1/46543] INFO  server.session (DefaultSessionIdManager.java:doStart(334)) - DefaultSessionIdManager workerName=node0
2022-02-10 17:16:21,607 [Listener at 127.0.0.1/46543] INFO  server.session (DefaultSessionIdManager.java:doStart(339)) - No SessionScavenger set, using defaults
2022-02-10 17:16:21,607 [Listener at 127.0.0.1/46543] INFO  server.session (HouseKeeper.java:startScavenging(132)) - node0 Scavenging every 600000ms
2022-02-10 17:16:21,615 [Listener at 127.0.0.1/46543] INFO  handler.ContextHandler (ContextHandler.java:doStart(915)) - Started o.e.j.s.ServletContextHandler@4956dc51{logs,/logs,file:///home/runner/work/ozone/ozone/hadoop-ozone/integration-test/target/log,AVAILABLE}
2022-02-10 17:16:21,616 [Listener at 127.0.0.1/46543] INFO  handler.ContextHandler (ContextHandler.java:doStart(915)) - Started o.e.j.s.ServletContextHandler@28455b3a{static,/static,jar:file:/home/runner/.m2/repository/org/apache/ozone/hdds-container-service/1.3.0-SNAPSHOT/hdds-container-service-1.3.0-SNAPSHOT.jar!/webapps/static,AVAILABLE}
2022-02-10 17:16:21,740 [Listener at 127.0.0.1/46543] INFO  handler.ContextHandler (ContextHandler.java:doStart(915)) - Started o.e.j.w.WebAppContext@4a2cdd91{hddsDatanode,/,file:///tmp/jetty-0_0_0_0-40931-hdds-container-service-1_3_0-SNAPSHOT_jar-_-any-8211734400367334782/webapp/,AVAILABLE}{jar:file:/home/runner/.m2/repository/org/apache/ozone/hdds-container-service/1.3.0-SNAPSHOT/hdds-container-service-1.3.0-SNAPSHOT.jar!/webapps/hddsDatanode}
2022-02-10 17:16:21,742 [Listener at 127.0.0.1/46543] INFO  server.AbstractConnector (AbstractConnector.java:doStart(331)) - Started ServerConnector@7173f4ec{HTTP/1.1, (http/1.1)}{0.0.0.0:40931}
2022-02-10 17:16:21,742 [Listener at 127.0.0.1/46543] INFO  server.Server (Server.java:doStart(415)) - Started @87282ms
2022-02-10 17:16:21,743 [Listener at 127.0.0.1/46543] WARN  impl.MetricsSystemImpl (MetricsSystemImpl.java:register(279)) - Sink prometheus already exists!
2022-02-10 17:16:21,743 [Listener at 127.0.0.1/46543] INFO  http.BaseHttpServer (BaseHttpServer.java:updateConnectorAddress(329)) - HTTP server of hddsDatanode listening at http://0.0.0.0:40931
2022-02-10 17:16:21,744 [Listener at 127.0.0.1/46543] WARN  impl.MetricRegistriesImpl (MetricRegistriesImpl.java:addReporterRegistration(111)) - New reporters are added after registries were created. Some metrics will be missing from the reporter. Please add reporter before adding any new registry.
2022-02-10 17:16:21,744 [Listener at 127.0.0.1/46543] WARN  impl.MetricRegistriesImpl (MetricRegistriesImpl.java:addReporterRegistration(111)) - New reporters are added after registries were created. Some metrics will be missing from the reporter. Please add reporter before adding any new registry.
2022-02-10 17:16:21,744 [Listener at 127.0.0.1/46543] INFO  impl.MetricsSystemImpl (MetricsSystemImpl.java:init(158)) - HddsDatanode metrics system started (again)
2022-02-10 17:16:21,755 [Datanode State Machine Daemon Thread] INFO  statemachine.DatanodeStateMachine (DatanodeStateMachine.java:lambda$startDaemon$0(470)) - Ozone container server started.
2022-02-10 17:16:21,771 [org.apache.hadoop.util.JvmPauseMonitor$Monitor@277c3f93] INFO  util.JvmPauseMonitor (JvmPauseMonitor.java:run(188)) - Starting JVM pause monitor
2022-02-10 17:16:21,781 [Datanode State Machine Task Thread - 0] INFO  ha.SCMNodeInfo (SCMNodeInfo.java:getPort(197)) - ConfigKey ozone.scm.client.address is deprecated, For configuring different ports for each SCM use PortConfigKey ozone.scm.client.port appended with serviceId and nodeId
2022-02-10 17:16:21,782 [Datanode State Machine Task Thread - 0] INFO  ha.SCMNodeInfo (SCMNodeInfo.java:getPort(197)) - ConfigKey ozone.scm.block.client.address is deprecated, For configuring different ports for each SCM use PortConfigKey ozone.scm.block.client.port appended with serviceId and nodeId
2022-02-10 17:16:21,782 [Datanode State Machine Task Thread - 0] INFO  ha.SCMNodeInfo (SCMNodeInfo.java:getPort(197)) - ConfigKey ozone.scm.datanode.address is deprecated, For configuring different ports for each SCM use PortConfigKey ozone.scm.datanode.port appended with serviceId and nodeId
2022-02-10 17:16:21,786 [omNode-1@group-0AAC5367B30E-FollowerState] INFO  impl.FollowerState (FollowerState.java:run(134)) - omNode-1@group-0AAC5367B30E-FollowerState: change to CANDIDATE, lastRpcElapsedTime:1087353519ns, electionTimeout:1078ms
2022-02-10 17:16:21,786 [omNode-1@group-0AAC5367B30E-FollowerState] INFO  impl.RoleInfo (RoleInfo.java:shutdownFollowerState(108)) - omNode-1: shutdown omNode-1@group-0AAC5367B30E-FollowerState
2022-02-10 17:16:21,786 [omNode-1@group-0AAC5367B30E-FollowerState] INFO  server.RaftServer$Division (RaftServerImpl.java:setRole(290)) - omNode-1@group-0AAC5367B30E: changes role from  FOLLOWER to CANDIDATE at term 0 for changeToCandidate
2022-02-10 17:16:21,786 [omNode-1@group-0AAC5367B30E-FollowerState] INFO  server.RaftServerConfigKeys (ConfUtils.java:logGet(44)) - raft.server.leaderelection.pre-vote = false (custom)
2022-02-10 17:16:21,786 [omNode-1@group-0AAC5367B30E-FollowerState] INFO  impl.RoleInfo (RoleInfo.java:updateAndGet(130)) - omNode-1: start omNode-1@group-0AAC5367B30E-LeaderElection20
2022-02-10 17:16:21,810 [Datanode State Machine Task Thread - 0] INFO  datanode.InitDatanodeState (InitDatanodeState.java:persistContainerDatanodeDetails(145)) - DatanodeDetails is persisted to /home/runner/work/ozone/ozone/hadoop-ozone/integration-test/target/test-dir/MiniOzoneClusterImpl-adca7f43-f686-4ef5-81ed-33e1f333fc0f/datanode-1/meta/datanode.id
2022-02-10 17:16:21,816 [Listener at 127.0.0.1/46543] INFO  ozone.HddsDatanodeService (HddsDatanodeService.java:start(234)) - HddsDatanodeService host:fv-az184-768.3ow45vhwbzuu5incsxmygykede.cx.internal.cloudapp.net ip:10.1.0.22
2022-02-10 17:16:21,826 [omNode-1@group-0AAC5367B30E-LeaderElection20] INFO  impl.LeaderElection (LeaderElection.java:askForVotes(306)) - omNode-1@group-0AAC5367B30E-LeaderElection20 ELECTION round 0: submit vote requests at term 1 for -1: [omNode-1|rpc:localhost:35135|priority:0], old=null
2022-02-10 17:16:21,827 [omNode-1@group-0AAC5367B30E-LeaderElection20] INFO  impl.LeaderElection (LeaderElection.java:askForVotes(308)) - omNode-1@group-0AAC5367B30E-LeaderElection20 ELECTION round 0: result PASSED (term=1)
2022-02-10 17:16:21,827 [omNode-1@group-0AAC5367B30E-LeaderElection20] INFO  impl.RoleInfo (RoleInfo.java:shutdownLeaderElection(121)) - omNode-1: shutdown omNode-1@group-0AAC5367B30E-LeaderElection20
2022-02-10 17:16:21,827 [omNode-1@group-0AAC5367B30E-LeaderElection20] INFO  server.RaftServer$Division (RaftServerImpl.java:setRole(290)) - omNode-1@group-0AAC5367B30E: changes role from CANDIDATE to LEADER at term 1 for changeToLeader
2022-02-10 17:16:21,827 [omNode-1@group-0AAC5367B30E-LeaderElection20] INFO  server.RaftServer$Division (ServerState.java:setLeader(285)) - omNode-1@group-0AAC5367B30E: change Leader from null to omNode-1 at term 1 for becomeLeader, leader elected after 1180ms
2022-02-10 17:16:21,827 [omNode-1@group-0AAC5367B30E-LeaderElection20] INFO  server.RaftServerConfigKeys (ConfUtils.java:logGet(44)) - raft.server.staging.catchup.gap = 1000 (default)
2022-02-10 17:16:21,827 [omNode-1@group-0AAC5367B30E-LeaderElection20] INFO  server.RaftServerConfigKeys (ConfUtils.java:logGet(44)) - raft.server.write.element-limit = 4096 (default)
2022-02-10 17:16:21,828 [omNode-1@group-0AAC5367B30E-LeaderElection20] INFO  server.RaftServerConfigKeys (ConfUtils.java:logGet(44)) - raft.server.write.byte-limit = 64MB (=67108864) (default)
2022-02-10 17:16:21,828 [omNode-1@group-0AAC5367B30E-LeaderElection20] INFO  server.RaftServerConfigKeys (ConfUtils.java:logGet(44)) - raft.server.watch.timeout = 10s (default)
2022-02-10 17:16:21,828 [omNode-1@group-0AAC5367B30E-LeaderElection20] INFO  server.RaftServerConfigKeys (ConfUtils.java:logGet(44)) - raft.server.watch.timeout.denomination = 1s (default)
2022-02-10 17:16:21,828 [omNode-1@group-0AAC5367B30E-LeaderElection20] INFO  server.RaftServerConfigKeys (ConfUtils.java:logGet(44)) - raft.server.watch.element-limit = 65536 (default)
2022-02-10 17:16:21,828 [omNode-1@group-0AAC5367B30E-LeaderElection20] INFO  server.RaftServerConfigKeys (ConfUtils.java:logGet(44)) - raft.server.write.element-limit = 4096 (default)
2022-02-10 17:16:21,828 [omNode-1@group-0AAC5367B30E-LeaderElection20] INFO  server.RaftServerConfigKeys (ConfUtils.java:logGet(44)) - raft.server.write.follower.gap.ratio.max = -1.0 (default)
2022-02-10 17:16:21,828 [omNode-1@group-0AAC5367B30E-LeaderElection20] INFO  impl.RoleInfo (RoleInfo.java:updateAndGet(130)) - omNode-1: start omNode-1@group-0AAC5367B30E-LeaderStateImpl
2022-02-10 17:16:21,829 [omNode-1@group-0AAC5367B30E-LeaderElection20] INFO  segmented.SegmentedRaftLogWorker (SegmentedRaftLogWorker.java:startLogSegment(394)) - omNode-1@group-0AAC5367B30E-SegmentedRaftLogWorker: Starting segment from index:0
2022-02-10 17:16:21,842 [omNode-1@group-0AAC5367B30E-SegmentedRaftLogWorker] INFO  segmented.SegmentedRaftLogWorker (SegmentedRaftLogWorker.java:execute(601)) - omNode-1@group-0AAC5367B30E-SegmentedRaftLogWorker: created new log segment /home/runner/work/ozone/ozone/hadoop-ozone/integration-test/target/test-dir/MiniOzoneClusterImpl-adca7f43-f686-4ef5-81ed-33e1f333fc0f/omNode-1/ratis/0718e334-ffa1-36bc-8e9a-0aac5367b30e/current/log_inprogress_0
2022-02-10 17:16:21,847 [omNode-1@group-0AAC5367B30E-LeaderElection20] INFO  server.RaftServer$Division (ServerState.java:setRaftConf(387)) - omNode-1@group-0AAC5367B30E: set configuration 0: [omNode-1|rpc:localhost:35135|admin:|client:|dataStream:|priority:0], old=null
2022-02-10 17:16:21,848 [omNode-1@group-0AAC5367B30E-StateMachineUpdater] INFO  ratis.OzoneManagerStateMachine (OzoneManagerStateMachine.java:notifyConfigurationChanged(188)) - Received Configuration change notification from Ratis. New Peer list:
[id: "omNode-1"
address: "localhost:35135"
]
2022-02-10 17:16:21,862 [Listener at 127.0.0.1/46543] INFO  upgrade.AbstractLayoutVersionManager (AbstractLayoutVersionManager.java:init(79)) - Initializing Layout version manager with metadata layout = SCM_HA (version = 2), software layout = SCM_HA (version = 2)
2022-02-10 17:16:21,948 [Listener at 127.0.0.1/46543] INFO  reflections.Reflections (Reflections.java:scan(232)) - Reflections took 84 ms to scan 7 urls, producing 119 keys and 279 values 
2022-02-10 17:16:21,956 [Listener at 127.0.0.1/46543] INFO  ha.SCMNodeInfo (SCMNodeInfo.java:getPort(197)) - ConfigKey ozone.scm.client.address is deprecated, For configuring different ports for each SCM use PortConfigKey ozone.scm.client.port appended with serviceId and nodeId
2022-02-10 17:16:21,956 [Listener at 127.0.0.1/46543] INFO  ha.SCMNodeInfo (SCMNodeInfo.java:getPort(197)) - ConfigKey ozone.scm.block.client.address is deprecated, For configuring different ports for each SCM use PortConfigKey ozone.scm.block.client.port appended with serviceId and nodeId
2022-02-10 17:16:21,956 [Listener at 127.0.0.1/46543] INFO  ha.SCMNodeInfo (SCMNodeInfo.java:getPort(197)) - ConfigKey ozone.scm.datanode.address is deprecated, For configuring different ports for each SCM use PortConfigKey ozone.scm.datanode.port appended with serviceId and nodeId
2022-02-10 17:16:21,956 [Listener at 127.0.0.1/46543] INFO  statemachine.DatanodeStateMachine (DatanodeStateMachine.java:getEndPointTaskThreadPoolSize(222)) - Datanode State Machine Task Thread Pool size 2
2022-02-10 17:16:21,964 [Listener at 127.0.0.1/46543] INFO  volume.HddsVolume (HddsVolume.java:<init>(120)) - Creating HddsVolume: /home/runner/work/ozone/ozone/hadoop-ozone/integration-test/target/test-dir/MiniOzoneClusterImpl-adca7f43-f686-4ef5-81ed-33e1f333fc0f/datanode-2/data-0/containers/hdds of storage type : DISK capacity : 9223372036854775807
2022-02-10 17:16:21,964 [Listener at 127.0.0.1/46543] INFO  volume.MutableVolumeSet (MutableVolumeSet.java:initializeVolumeSet(168)) - Added Volume : /home/runner/work/ozone/ozone/hadoop-ozone/integration-test/target/test-dir/MiniOzoneClusterImpl-adca7f43-f686-4ef5-81ed-33e1f333fc0f/datanode-2/data-0/containers/hdds to VolumeSet
2022-02-10 17:16:21,965 [Listener at 127.0.0.1/46543] INFO  volume.ThrottledAsyncChecker (ThrottledAsyncChecker.java:schedule(141)) - Scheduling a check for /home/runner/work/ozone/ozone/hadoop-ozone/integration-test/target/test-dir/MiniOzoneClusterImpl-adca7f43-f686-4ef5-81ed-33e1f333fc0f/datanode-2/data-0/containers/hdds
2022-02-10 17:16:21,965 [Listener at 127.0.0.1/46543] INFO  volume.StorageVolumeChecker (StorageVolumeChecker.java:checkAllVolumes(202)) - Scheduled health check for volume /home/runner/work/ozone/ozone/hadoop-ozone/integration-test/target/test-dir/MiniOzoneClusterImpl-adca7f43-f686-4ef5-81ed-33e1f333fc0f/datanode-2/data-0/containers/hdds
2022-02-10 17:16:21,988 [Listener at 127.0.0.1/46543] INFO  volume.MutableVolumeSet (MutableVolumeSet.java:initializeVolumeSet(168)) - Added Volume : /home/runner/work/ozone/ozone/hadoop-ozone/integration-test/target/test-dir/MiniOzoneClusterImpl-adca7f43-f686-4ef5-81ed-33e1f333fc0f/datanode-2/data/ratis to VolumeSet
2022-02-10 17:16:21,995 [Listener at 127.0.0.1/46543] INFO  volume.ThrottledAsyncChecker (ThrottledAsyncChecker.java:schedule(141)) - Scheduling a check for /home/runner/work/ozone/ozone/hadoop-ozone/integration-test/target/test-dir/MiniOzoneClusterImpl-adca7f43-f686-4ef5-81ed-33e1f333fc0f/datanode-2/data/ratis
2022-02-10 17:16:21,995 [Listener at 127.0.0.1/46543] INFO  volume.StorageVolumeChecker (StorageVolumeChecker.java:checkAllVolumes(202)) - Scheduled health check for volume /home/runner/work/ozone/ozone/hadoop-ozone/integration-test/target/test-dir/MiniOzoneClusterImpl-adca7f43-f686-4ef5-81ed-33e1f333fc0f/datanode-2/data/ratis
2022-02-10 17:16:22,028 [Thread-1258] INFO  ozoneimpl.ContainerReader (ContainerReader.java:readVolume(172)) - Finish verifying containers on volume /home/runner/work/ozone/ozone/hadoop-ozone/integration-test/target/test-dir/MiniOzoneClusterImpl-adca7f43-f686-4ef5-81ed-33e1f333fc0f/datanode-2/data-0/containers/hdds
2022-02-10 17:16:22,028 [Listener at 127.0.0.1/46543] INFO  ozoneimpl.OzoneContainer (OzoneContainer.java:buildContainerSet(237)) - Build ContainerSet costs 0s
2022-02-10 17:16:22,031 [Listener at 127.0.0.1/46543] INFO  server.RaftServer (ConfUtils.java:logGet(44)) - raft.rpc.type = GRPC (default)
2022-02-10 17:16:22,031 [Listener at 127.0.0.1/46543] INFO  grpc.GrpcFactory (GrpcFactory.java:checkPooledByteBufAllocatorUseCacheForAllThreads(48)) - PERFORMANCE WARNING: useCacheForAllThreads is true that may cause Netty to create a lot garbage objects and, as a result, trigger GC.
	It is recommended to disable useCacheForAllThreads by setting -Dorg.apache.ratis.thirdparty.io.netty.allocator.useCacheForAllThreads=false in command line.
2022-02-10 17:16:22,031 [Listener at 127.0.0.1/46543] INFO  grpc.GrpcConfigKeys (ConfUtils.java:logGet(44)) - raft.grpc.admin.port = 0 (custom)
2022-02-10 17:16:22,031 [Listener at 127.0.0.1/46543] INFO  grpc.GrpcConfigKeys (ConfUtils.java:logGet(44)) - raft.grpc.client.port = 0 (custom)
2022-02-10 17:16:22,032 [Listener at 127.0.0.1/46543] INFO  grpc.GrpcConfigKeys (ConfUtils.java:logGet(44)) - raft.grpc.server.port = 0 (default)
2022-02-10 17:16:22,032 [Listener at 127.0.0.1/46543] INFO  server.GrpcService (ConfUtils.java:logGet(44)) - raft.grpc.message.size.max = 32MB (=33554432) (custom)
2022-02-10 17:16:22,032 [Listener at 127.0.0.1/46543] INFO  server.RaftServerConfigKeys (ConfUtils.java:logGet(44)) - raft.server.log.appender.buffer.byte-limit = 33554432 (custom)
2022-02-10 17:16:22,032 [Listener at 127.0.0.1/46543] INFO  server.GrpcService (ConfUtils.java:logGet(44)) - raft.grpc.flow.control.window = 5MB (=5242880) (custom)
2022-02-10 17:16:22,032 [Listener at 127.0.0.1/46543] INFO  server.RaftServerConfigKeys (ConfUtils.java:logGet(44)) - raft.server.rpc.request.timeout = 60s (custom)
2022-02-10 17:16:22,033 [Listener at 127.0.0.1/46543] INFO  impl.DataStreamServerImpl (ConfUtils.java:logGet(44)) - raft.datastream.type = DISABLED (default)
2022-02-10 17:16:22,043 [Listener at 127.0.0.1/46543] INFO  server.RaftServerConfigKeys (ConfUtils.java:logGet(44)) - raft.server.rpc.slowness.timeout = 300s (custom)
2022-02-10 17:16:22,043 [Listener at 127.0.0.1/46543] INFO  server.RaftServerConfigKeys (ConfUtils.java:logGet(44)) - raft.server.leaderelection.leader.step-down.wait-time = 10s (default)
2022-02-10 17:16:22,043 [Listener at 127.0.0.1/46543] INFO  server.RaftServerConfigKeys (ConfUtils.java:logGet(44)) - raft.server.storage.dir = [/home/runner/work/ozone/ozone/hadoop-ozone/integration-test/target/test-dir/MiniOzoneClusterImpl-adca7f43-f686-4ef5-81ed-33e1f333fc0f/datanode-2/data/ratis] (custom)
2022-02-10 17:16:22,045 [Listener at 127.0.0.1/46543] INFO  server.XceiverServerGrpc (XceiverServerGrpc.java:<init>(132)) - GrpcServer channel type EpollServerSocketChannel
2022-02-10 17:16:22,056 [Listener at 127.0.0.1/46543] INFO  http.BaseHttpServer (BaseHttpServer.java:newHttpServer2BuilderForOzone(209)) - Starting Web-server for hddsDatanode at: http://0.0.0.0:0
2022-02-10 17:16:22,057 [Listener at 127.0.0.1/46543] INFO  http.BaseHttpServer (BaseHttpServer.java:<init>(107)) - Hadoop Security Enabled: false Ozone Security Enabled: false Ozone HTTP Security Enabled: false 
2022-02-10 17:16:22,058 [Listener at 127.0.0.1/46543] INFO  server.AuthenticationFilter (AuthenticationFilter.java:constructSecretProvider(240)) - Unable to initialize FileSignerSecretProvider, falling back to use random secrets.
2022-02-10 17:16:22,062 [Listener at 127.0.0.1/46543] WARN  http.HttpRequestLog (HttpRequestLog.java:getRequestLog(103)) - Jetty request log can only be enabled using Log4j
2022-02-10 17:16:22,063 [Listener at 127.0.0.1/46543] INFO  http.HttpServer2 (HttpServer2.java:addGlobalFilter(1030)) - Added global filter 'safety' (class=org.apache.hadoop.hdds.server.http.HttpServer2$QuotingInputFilter)
2022-02-10 17:16:22,065 [Listener at 127.0.0.1/46543] INFO  http.HttpServer2 (HttpServer2.java:addFilter(1006)) - Added filter static_user_filter (class=org.apache.hadoop.http.lib.StaticUserWebFilter$StaticUserFilter) to context hddsDatanode
2022-02-10 17:16:22,065 [Listener at 127.0.0.1/46543] INFO  http.HttpServer2 (HttpServer2.java:addFilter(1014)) - Added filter static_user_filter (class=org.apache.hadoop.http.lib.StaticUserWebFilter$StaticUserFilter) to context static
2022-02-10 17:16:22,065 [Listener at 127.0.0.1/46543] INFO  http.HttpServer2 (HttpServer2.java:addFilter(1014)) - Added filter static_user_filter (class=org.apache.hadoop.http.lib.StaticUserWebFilter$StaticUserFilter) to context logs
2022-02-10 17:16:22,066 [Listener at 127.0.0.1/46543] INFO  http.HttpServer2 (HttpServer2.java:bindListener(1249)) - Jetty bound to port 43757
2022-02-10 17:16:22,066 [Listener at 127.0.0.1/46543] INFO  server.Server (Server.java:doStart(375)) - jetty-9.4.43.v20210629; built: 2021-06-30T11:07:22.254Z; git: 526006ecfa3af7f1a27ef3a288e2bef7ea9dd7e8; jvm 1.8.0_312-b07
2022-02-10 17:16:22,069 [Listener at 127.0.0.1/46543] INFO  server.session (DefaultSessionIdManager.java:doStart(334)) - DefaultSessionIdManager workerName=node0
2022-02-10 17:16:22,069 [Listener at 127.0.0.1/46543] INFO  server.session (DefaultSessionIdManager.java:doStart(339)) - No SessionScavenger set, using defaults
2022-02-10 17:16:22,070 [Listener at 127.0.0.1/46543] INFO  server.session (HouseKeeper.java:startScavenging(132)) - node0 Scavenging every 600000ms
2022-02-10 17:16:22,070 [Listener at 127.0.0.1/46543] INFO  handler.ContextHandler (ContextHandler.java:doStart(915)) - Started o.e.j.s.ServletContextHandler@6464d59f{logs,/logs,file:///home/runner/work/ozone/ozone/hadoop-ozone/integration-test/target/log,AVAILABLE}
2022-02-10 17:16:22,071 [Listener at 127.0.0.1/46543] INFO  handler.ContextHandler (ContextHandler.java:doStart(915)) - Started o.e.j.s.ServletContextHandler@7e6c8b3d{static,/static,jar:file:/home/runner/.m2/repository/org/apache/ozone/hdds-container-service/1.3.0-SNAPSHOT/hdds-container-service-1.3.0-SNAPSHOT.jar!/webapps/static,AVAILABLE}
2022-02-10 17:16:22,132 [Listener at 127.0.0.1/46543] INFO  handler.ContextHandler (ContextHandler.java:doStart(915)) - Started o.e.j.w.WebAppContext@4dc2fb0f{hddsDatanode,/,file:///tmp/jetty-0_0_0_0-43757-hdds-container-service-1_3_0-SNAPSHOT_jar-_-any-59229234089176001/webapp/,AVAILABLE}{jar:file:/home/runner/.m2/repository/org/apache/ozone/hdds-container-service/1.3.0-SNAPSHOT/hdds-container-service-1.3.0-SNAPSHOT.jar!/webapps/hddsDatanode}
2022-02-10 17:16:22,135 [Listener at 127.0.0.1/46543] INFO  server.AbstractConnector (AbstractConnector.java:doStart(331)) - Started ServerConnector@5d55e253{HTTP/1.1, (http/1.1)}{0.0.0.0:43757}
2022-02-10 17:16:22,135 [Listener at 127.0.0.1/46543] INFO  server.Server (Server.java:doStart(415)) - Started @87674ms
2022-02-10 17:16:22,135 [Listener at 127.0.0.1/46543] WARN  impl.MetricsSystemImpl (MetricsSystemImpl.java:register(279)) - Sink prometheus already exists!
2022-02-10 17:16:22,138 [Listener at 127.0.0.1/46543] INFO  http.BaseHttpServer (BaseHttpServer.java:updateConnectorAddress(329)) - HTTP server of hddsDatanode listening at http://0.0.0.0:43757
2022-02-10 17:16:22,155 [Listener at 127.0.0.1/46543] INFO  ozone.MiniOzoneClusterImpl (MiniOzoneClusterImpl.java:lambda$waitForClusterToBeReady$0(219)) - Waiting for nodes to be ready. Got 0 of 3 DN Heartbeats.
2022-02-10 17:16:22,155 [Listener at 127.0.0.1/46543] INFO  ozone.MiniOzoneClusterImpl (MiniOzoneClusterImpl.java:lambda$waitForClusterToBeReady$0(222)) - Waiting for cluster to exit safe mode
2022-02-10 17:16:22,155 [Listener at 127.0.0.1/46543] INFO  ozone.MiniOzoneClusterImpl (MiniOzoneClusterImpl.java:lambda$waitForClusterToBeReady$0(224)) - SCM became leader
2022-02-10 17:16:22,155 [Datanode State Machine Daemon Thread] INFO  statemachine.DatanodeStateMachine (DatanodeStateMachine.java:lambda$startDaemon$0(470)) - Ozone container server started.
2022-02-10 17:16:22,183 [org.apache.hadoop.util.JvmPauseMonitor$Monitor@7cdc33ff] INFO  util.JvmPauseMonitor (JvmPauseMonitor.java:run(188)) - Starting JVM pause monitor
2022-02-10 17:16:22,185 [Datanode State Machine Task Thread - 0] INFO  ha.SCMNodeInfo (SCMNodeInfo.java:getPort(197)) - ConfigKey ozone.scm.client.address is deprecated, For configuring different ports for each SCM use PortConfigKey ozone.scm.client.port appended with serviceId and nodeId
2022-02-10 17:16:22,187 [Datanode State Machine Task Thread - 0] INFO  ha.SCMNodeInfo (SCMNodeInfo.java:getPort(197)) - ConfigKey ozone.scm.block.client.address is deprecated, For configuring different ports for each SCM use PortConfigKey ozone.scm.block.client.port appended with serviceId and nodeId
2022-02-10 17:16:22,187 [Datanode State Machine Task Thread - 0] INFO  ha.SCMNodeInfo (SCMNodeInfo.java:getPort(197)) - ConfigKey ozone.scm.datanode.address is deprecated, For configuring different ports for each SCM use PortConfigKey ozone.scm.datanode.port appended with serviceId and nodeId
2022-02-10 17:16:22,194 [Datanode State Machine Task Thread - 0] INFO  datanode.InitDatanodeState (InitDatanodeState.java:persistContainerDatanodeDetails(145)) - DatanodeDetails is persisted to /home/runner/work/ozone/ozone/hadoop-ozone/integration-test/target/test-dir/MiniOzoneClusterImpl-adca7f43-f686-4ef5-81ed-33e1f333fc0f/datanode-2/meta/datanode.id
2022-02-10 17:16:22,448 [EndpointStateMachine task thread for /127.0.0.1:33255 - 0 ] INFO  ipc.Client (Client.java:handleConnectionFailure(977)) - Retrying connect to server: localhost/127.0.0.1:33255. Already tried 4 time(s); retry policy is RetryUpToMaximumCountWithFixedSleep(maxRetries=15, sleepTime=1000 MILLISECONDS)
2022-02-10 17:16:23,155 [Listener at 127.0.0.1/46543] INFO  ozone.MiniOzoneClusterImpl (MiniOzoneClusterImpl.java:lambda$waitForClusterToBeReady$0(219)) - Waiting for nodes to be ready. Got 0 of 3 DN Heartbeats.
2022-02-10 17:16:23,155 [Listener at 127.0.0.1/46543] INFO  ozone.MiniOzoneClusterImpl (MiniOzoneClusterImpl.java:lambda$waitForClusterToBeReady$0(222)) - Waiting for cluster to exit safe mode
2022-02-10 17:16:23,155 [Listener at 127.0.0.1/46543] INFO  ozone.MiniOzoneClusterImpl (MiniOzoneClusterImpl.java:lambda$waitForClusterToBeReady$0(224)) - SCM became leader
2022-02-10 17:16:23,330 [EndpointStateMachine task thread for /127.0.0.1:36035 - 0 ] INFO  ozoneimpl.OzoneContainer (OzoneContainer.java:start(315)) - Attempting to start container services.
2022-02-10 17:16:23,330 [EndpointStateMachine task thread for /127.0.0.1:36035 - 0 ] INFO  ozoneimpl.OzoneContainer (OzoneContainer.java:startContainerScrub(250)) - Background container scanner has been disabled.
2022-02-10 17:16:23,331 [EndpointStateMachine task thread for /127.0.0.1:36035 - 0 ] INFO  replication.ReplicationServer (ReplicationServer.java:start(111)) - ReplicationServer is started using port 33725
2022-02-10 17:16:23,332 [EndpointStateMachine task thread for /127.0.0.1:36035 - 0 ] INFO  ratis.XceiverServerRatis (XceiverServerRatis.java:start(484)) - Starting XceiverServerRatis d1437619-3fac-44a6-ae3d-075107d274e3
2022-02-10 17:16:23,335 [EndpointStateMachine task thread for /127.0.0.1:36035 - 0 ] INFO  server.RaftServer (RaftServerProxy.java:lambda$start$5(374)) - d1437619-3fac-44a6-ae3d-075107d274e3: start RPC server
2022-02-10 17:16:23,345 [EndpointStateMachine task thread for /127.0.0.1:36035 - 0 ] INFO  server.GrpcService (GrpcService.java:startImpl(253)) - d1437619-3fac-44a6-ae3d-075107d274e3: GrpcService started, listening on 41341
2022-02-10 17:16:23,347 [EndpointStateMachine task thread for /127.0.0.1:36035 - 0 ] INFO  ratis.XceiverServerRatis (XceiverServerRatis.java:getRealPort(505)) - XceiverServerRatis d1437619-3fac-44a6-ae3d-075107d274e3 is started using port 41341 for RATIS
2022-02-10 17:16:23,347 [EndpointStateMachine task thread for /127.0.0.1:36035 - 0 ] INFO  ratis.XceiverServerRatis (XceiverServerRatis.java:getRealPort(505)) - XceiverServerRatis d1437619-3fac-44a6-ae3d-075107d274e3 is started using port 41341 for RATIS_ADMIN
2022-02-10 17:16:23,347 [EndpointStateMachine task thread for /127.0.0.1:36035 - 0 ] INFO  ratis.XceiverServerRatis (XceiverServerRatis.java:getRealPort(505)) - XceiverServerRatis d1437619-3fac-44a6-ae3d-075107d274e3 is started using port 41341 for RATIS_SERVER
2022-02-10 17:16:23,347 [org.apache.ratis.util.JvmPauseMonitor$$Lambda$435/2121963301@724d3077] INFO  util.JvmPauseMonitor (JvmPauseMonitor.java:run(103)) - JvmPauseMonitor-d1437619-3fac-44a6-ae3d-075107d274e3: Started
2022-02-10 17:16:23,355 [EndpointStateMachine task thread for /127.0.0.1:36035 - 0 ] INFO  server.XceiverServerGrpc (XceiverServerGrpc.java:start(180)) - XceiverServerGrpc d1437619-3fac-44a6-ae3d-075107d274e3 is started using port 40911
2022-02-10 17:16:23,448 [EndpointStateMachine task thread for /127.0.0.1:33255 - 0 ] INFO  ipc.Client (Client.java:handleConnectionFailure(977)) - Retrying connect to server: localhost/127.0.0.1:33255. Already tried 5 time(s); retry policy is RetryUpToMaximumCountWithFixedSleep(maxRetries=15, sleepTime=1000 MILLISECONDS)
2022-02-10 17:16:23,816 [EndpointStateMachine task thread for /127.0.0.1:36035 - 0 ] INFO  ozoneimpl.OzoneContainer (OzoneContainer.java:start(315)) - Attempting to start container services.
2022-02-10 17:16:23,816 [EndpointStateMachine task thread for /127.0.0.1:36035 - 0 ] INFO  ozoneimpl.OzoneContainer (OzoneContainer.java:startContainerScrub(250)) - Background container scanner has been disabled.
2022-02-10 17:16:23,817 [EndpointStateMachine task thread for /127.0.0.1:36035 - 0 ] INFO  replication.ReplicationServer (ReplicationServer.java:start(111)) - ReplicationServer is started using port 46755
2022-02-10 17:16:23,827 [EndpointStateMachine task thread for /127.0.0.1:36035 - 0 ] INFO  ratis.XceiverServerRatis (XceiverServerRatis.java:start(484)) - Starting XceiverServerRatis f6245613-14ba-4d4d-b898-c08ac71d98ac
2022-02-10 17:16:23,828 [EndpointStateMachine task thread for /127.0.0.1:36035 - 0 ] INFO  server.RaftServer (RaftServerProxy.java:lambda$start$5(374)) - f6245613-14ba-4d4d-b898-c08ac71d98ac: start RPC server
2022-02-10 17:16:23,828 [EndpointStateMachine task thread for /127.0.0.1:36035 - 0 ] INFO  server.GrpcService (GrpcService.java:startImpl(253)) - f6245613-14ba-4d4d-b898-c08ac71d98ac: GrpcService started, listening on 38519
2022-02-10 17:16:23,840 [EndpointStateMachine task thread for /127.0.0.1:36035 - 0 ] INFO  ratis.XceiverServerRatis (XceiverServerRatis.java:getRealPort(505)) - XceiverServerRatis f6245613-14ba-4d4d-b898-c08ac71d98ac is started using port 38519 for RATIS
2022-02-10 17:16:23,840 [EndpointStateMachine task thread for /127.0.0.1:36035 - 0 ] INFO  ratis.XceiverServerRatis (XceiverServerRatis.java:getRealPort(505)) - XceiverServerRatis f6245613-14ba-4d4d-b898-c08ac71d98ac is started using port 38519 for RATIS_ADMIN
2022-02-10 17:16:23,840 [EndpointStateMachine task thread for /127.0.0.1:36035 - 0 ] INFO  ratis.XceiverServerRatis (XceiverServerRatis.java:getRealPort(505)) - XceiverServerRatis f6245613-14ba-4d4d-b898-c08ac71d98ac is started using port 38519 for RATIS_SERVER
2022-02-10 17:16:23,847 [org.apache.ratis.util.JvmPauseMonitor$$Lambda$435/2121963301@4a3c2862] INFO  util.JvmPauseMonitor (JvmPauseMonitor.java:run(103)) - JvmPauseMonitor-f6245613-14ba-4d4d-b898-c08ac71d98ac: Started
2022-02-10 17:16:23,856 [EndpointStateMachine task thread for /127.0.0.1:36035 - 0 ] INFO  server.XceiverServerGrpc (XceiverServerGrpc.java:start(180)) - XceiverServerGrpc f6245613-14ba-4d4d-b898-c08ac71d98ac is started using port 41183
2022-02-10 17:16:24,156 [Listener at 127.0.0.1/46543] INFO  ozone.MiniOzoneClusterImpl (MiniOzoneClusterImpl.java:lambda$waitForClusterToBeReady$0(219)) - Waiting for nodes to be ready. Got 0 of 3 DN Heartbeats.
2022-02-10 17:16:24,156 [Listener at 127.0.0.1/46543] INFO  ozone.MiniOzoneClusterImpl (MiniOzoneClusterImpl.java:lambda$waitForClusterToBeReady$0(222)) - Waiting for cluster to exit safe mode
2022-02-10 17:16:24,156 [Listener at 127.0.0.1/46543] INFO  ozone.MiniOzoneClusterImpl (MiniOzoneClusterImpl.java:lambda$waitForClusterToBeReady$0(224)) - SCM became leader
2022-02-10 17:16:24,203 [EndpointStateMachine task thread for /127.0.0.1:36035 - 0 ] INFO  ozoneimpl.OzoneContainer (OzoneContainer.java:start(315)) - Attempting to start container services.
2022-02-10 17:16:24,203 [EndpointStateMachine task thread for /127.0.0.1:36035 - 0 ] INFO  ozoneimpl.OzoneContainer (OzoneContainer.java:startContainerScrub(250)) - Background container scanner has been disabled.
2022-02-10 17:16:24,209 [EndpointStateMachine task thread for /127.0.0.1:36035 - 0 ] INFO  replication.ReplicationServer (ReplicationServer.java:start(111)) - ReplicationServer is started using port 33791
2022-02-10 17:16:24,210 [EndpointStateMachine task thread for /127.0.0.1:36035 - 0 ] INFO  ratis.XceiverServerRatis (XceiverServerRatis.java:start(484)) - Starting XceiverServerRatis 61d42259-4cfd-40d6-918e-44f81e16f570
2022-02-10 17:16:24,214 [EndpointStateMachine task thread for /127.0.0.1:36035 - 0 ] INFO  server.RaftServer (RaftServerProxy.java:lambda$start$5(374)) - 61d42259-4cfd-40d6-918e-44f81e16f570: start RPC server
2022-02-10 17:16:24,219 [EndpointStateMachine task thread for /127.0.0.1:36035 - 0 ] INFO  server.GrpcService (GrpcService.java:startImpl(253)) - 61d42259-4cfd-40d6-918e-44f81e16f570: GrpcService started, listening on 33511
2022-02-10 17:16:24,225 [EndpointStateMachine task thread for /127.0.0.1:36035 - 0 ] INFO  ratis.XceiverServerRatis (XceiverServerRatis.java:getRealPort(505)) - XceiverServerRatis 61d42259-4cfd-40d6-918e-44f81e16f570 is started using port 33511 for RATIS
2022-02-10 17:16:24,225 [EndpointStateMachine task thread for /127.0.0.1:36035 - 0 ] INFO  ratis.XceiverServerRatis (XceiverServerRatis.java:getRealPort(505)) - XceiverServerRatis 61d42259-4cfd-40d6-918e-44f81e16f570 is started using port 33511 for RATIS_ADMIN
2022-02-10 17:16:24,225 [EndpointStateMachine task thread for /127.0.0.1:36035 - 0 ] INFO  ratis.XceiverServerRatis (XceiverServerRatis.java:getRealPort(505)) - XceiverServerRatis 61d42259-4cfd-40d6-918e-44f81e16f570 is started using port 33511 for RATIS_SERVER
2022-02-10 17:16:24,225 [org.apache.ratis.util.JvmPauseMonitor$$Lambda$435/2121963301@6ace4a8a] INFO  util.JvmPauseMonitor (JvmPauseMonitor.java:run(103)) - JvmPauseMonitor-61d42259-4cfd-40d6-918e-44f81e16f570: Started
2022-02-10 17:16:24,239 [EndpointStateMachine task thread for /127.0.0.1:36035 - 0 ] INFO  server.XceiverServerGrpc (XceiverServerGrpc.java:start(180)) - XceiverServerGrpc 61d42259-4cfd-40d6-918e-44f81e16f570 is started using port 40033
2022-02-10 17:16:24,449 [EndpointStateMachine task thread for /127.0.0.1:33255 - 0 ] INFO  ipc.Client (Client.java:handleConnectionFailure(977)) - Retrying connect to server: localhost/127.0.0.1:33255. Already tried 6 time(s); retry policy is RetryUpToMaximumCountWithFixedSleep(maxRetries=15, sleepTime=1000 MILLISECONDS)
2022-02-10 17:16:25,156 [Listener at 127.0.0.1/46543] INFO  ozone.MiniOzoneClusterImpl (MiniOzoneClusterImpl.java:lambda$waitForClusterToBeReady$0(219)) - Waiting for nodes to be ready. Got 0 of 3 DN Heartbeats.
2022-02-10 17:16:25,156 [Listener at 127.0.0.1/46543] INFO  ozone.MiniOzoneClusterImpl (MiniOzoneClusterImpl.java:lambda$waitForClusterToBeReady$0(222)) - Waiting for cluster to exit safe mode
2022-02-10 17:16:25,157 [Listener at 127.0.0.1/46543] INFO  ozone.MiniOzoneClusterImpl (MiniOzoneClusterImpl.java:lambda$waitForClusterToBeReady$0(224)) - SCM became leader
2022-02-10 17:16:25,283 [IPC Server handler 1 on default port 36035] INFO  net.NetworkTopologyImpl (NetworkTopologyImpl.java:add(112)) - Added a new node: /default-rack/d1437619-3fac-44a6-ae3d-075107d274e3
2022-02-10 17:16:25,283 [IPC Server handler 1 on default port 36035] INFO  node.SCMNodeManager (SCMNodeManager.java:register(389)) - Registered Data node : d1437619-3fac-44a6-ae3d-075107d274e3{ip: 127.0.0.1, host: localhost, ports: [REPLICATION=33725, RATIS=41341, RATIS_ADMIN=41341, RATIS_SERVER=41341, STANDALONE=40911], networkLocation: /default-rack, certSerialId: null, persistedOpState: null, persistedOpStateExpiryEpochSec: 0}
2022-02-10 17:16:25,285 [EventQueue-NewNodeForNewNodeHandler] INFO  pipeline.BackgroundPipelineCreator (BackgroundPipelineCreator.java:notifyEventTriggered(285)) - trigger a one-shot run on RatisPipelineUtilsThread.
2022-02-10 17:16:25,286 [EventQueue-NodeRegistrationContainerReportForDataNodeSafeModeRule] INFO  safemode.SCMSafeModeManager (DataNodeSafeModeRule.java:process(71)) - SCM in safe mode. 1 DataNodes registered, 3 required.
2022-02-10 17:16:25,285 [RatisPipelineUtilsThread - 0] INFO  pipeline.RatisPipelineProvider (RatisPipelineProvider.java:lambda$create$0(183)) - Sending CreatePipelineCommand for pipeline:PipelineID=4636b5ff-363a-4593-8ffb-22024095878f to datanode:d1437619-3fac-44a6-ae3d-075107d274e3
2022-02-10 17:16:25,296 [EventQueue-NodeRegistrationContainerReportForContainerSafeModeRule] INFO  safemode.SCMSafeModeManager (SCMSafeModeManager.java:validateSafeModeExitRules(204)) - ContainerSafeModeRule rule is successfully validated
2022-02-10 17:16:25,306 [EventQueue-PipelineReportForOneReplicaPipelineSafeModeRule] INFO  safemode.SCMSafeModeManager (SCMSafeModeManager.java:validateSafeModeExitRules(204)) - AtleastOneDatanodeReportedRule rule is successfully validated
2022-02-10 17:16:25,372 [0a9802c5-9e82-4a55-ac1b-01a1cb3fb90c@group-33E1F333FC0F-StateMachineUpdater] INFO  pipeline.PipelineStateManagerImpl (PipelineStateManagerImpl.java:addPipeline(101)) - Created pipeline Pipeline[ Id: 4636b5ff-363a-4593-8ffb-22024095878f, Nodes: d1437619-3fac-44a6-ae3d-075107d274e3{ip: 127.0.0.1, host: localhost, ports: [REPLICATION=33725, RATIS=41341, RATIS_ADMIN=41341, RATIS_SERVER=41341, STANDALONE=40911], networkLocation: /default-rack, certSerialId: null, persistedOpState: IN_SERVICE, persistedOpStateExpiryEpochSec: 0}, ReplicationConfig: RATIS/ONE, State:ALLOCATED, leaderId:, CreationTimestamp2022-02-10T17:16:25.285Z[Etc/UTC]].
2022-02-10 17:16:25,372 [0a9802c5-9e82-4a55-ac1b-01a1cb3fb90c@group-33E1F333FC0F-StateMachineUpdater] INFO  safemode.HealthyPipelineSafeModeRule (HealthyPipelineSafeModeRule.java:initializeRule(152)) - Refreshed total pipeline count is 0, healthy pipeline threshold count is 1
2022-02-10 17:16:25,450 [EndpointStateMachine task thread for /127.0.0.1:33255 - 0 ] INFO  ipc.Client (Client.java:handleConnectionFailure(977)) - Retrying connect to server: localhost/127.0.0.1:33255. Already tried 7 time(s); retry policy is RetryUpToMaximumCountWithFixedSleep(maxRetries=15, sleepTime=1000 MILLISECONDS)
2022-02-10 17:16:25,775 [IPC Server handler 2 on default port 36035] INFO  net.NetworkTopologyImpl (NetworkTopologyImpl.java:add(112)) - Added a new node: /default-rack/f6245613-14ba-4d4d-b898-c08ac71d98ac
2022-02-10 17:16:25,775 [IPC Server handler 2 on default port 36035] INFO  node.SCMNodeManager (SCMNodeManager.java:register(389)) - Registered Data node : f6245613-14ba-4d4d-b898-c08ac71d98ac{ip: 127.0.0.1, host: localhost, ports: [REPLICATION=46755, RATIS=38519, RATIS_ADMIN=38519, RATIS_SERVER=38519, STANDALONE=41183], networkLocation: /default-rack, certSerialId: null, persistedOpState: null, persistedOpStateExpiryEpochSec: 0}
2022-02-10 17:16:25,775 [EventQueue-NewNodeForNewNodeHandler] INFO  pipeline.BackgroundPipelineCreator (BackgroundPipelineCreator.java:notifyEventTriggered(285)) - trigger a one-shot run on RatisPipelineUtilsThread.
2022-02-10 17:16:25,782 [EventQueue-NodeRegistrationContainerReportForDataNodeSafeModeRule] INFO  safemode.SCMSafeModeManager (DataNodeSafeModeRule.java:process(71)) - SCM in safe mode. 2 DataNodes registered, 3 required.
2022-02-10 17:16:25,783 [RatisPipelineUtilsThread - 0] INFO  pipeline.RatisPipelineProvider (RatisPipelineProvider.java:lambda$create$0(183)) - Sending CreatePipelineCommand for pipeline:PipelineID=a88855d8-2b14-4932-aa55-c8b3b1dbec7a to datanode:f6245613-14ba-4d4d-b898-c08ac71d98ac
2022-02-10 17:16:25,785 [0a9802c5-9e82-4a55-ac1b-01a1cb3fb90c@group-33E1F333FC0F-StateMachineUpdater] INFO  pipeline.PipelineStateManagerImpl (PipelineStateManagerImpl.java:addPipeline(101)) - Created pipeline Pipeline[ Id: a88855d8-2b14-4932-aa55-c8b3b1dbec7a, Nodes: f6245613-14ba-4d4d-b898-c08ac71d98ac{ip: 127.0.0.1, host: localhost, ports: [REPLICATION=46755, RATIS=38519, RATIS_ADMIN=38519, RATIS_SERVER=38519, STANDALONE=41183], networkLocation: /default-rack, certSerialId: null, persistedOpState: IN_SERVICE, persistedOpStateExpiryEpochSec: 0}, ReplicationConfig: RATIS/ONE, State:ALLOCATED, leaderId:, CreationTimestamp2022-02-10T17:16:25.783Z[Etc/UTC]].
2022-02-10 17:16:25,785 [0a9802c5-9e82-4a55-ac1b-01a1cb3fb90c@group-33E1F333FC0F-StateMachineUpdater] INFO  safemode.HealthyPipelineSafeModeRule (HealthyPipelineSafeModeRule.java:initializeRule(152)) - Refreshed total pipeline count is 0, healthy pipeline threshold count is 1
2022-02-10 17:16:26,157 [Listener at 127.0.0.1/46543] INFO  ozone.MiniOzoneClusterImpl (MiniOzoneClusterImpl.java:lambda$waitForClusterToBeReady$0(219)) - Waiting for nodes to be ready. Got 2 of 3 DN Heartbeats.
2022-02-10 17:16:26,158 [Listener at 127.0.0.1/46543] INFO  ozone.MiniOzoneClusterImpl (MiniOzoneClusterImpl.java:lambda$waitForClusterToBeReady$0(222)) - Waiting for cluster to exit safe mode
2022-02-10 17:16:26,158 [Listener at 127.0.0.1/46543] INFO  ozone.MiniOzoneClusterImpl (MiniOzoneClusterImpl.java:lambda$waitForClusterToBeReady$0(224)) - SCM became leader
2022-02-10 17:16:26,185 [IPC Server handler 0 on default port 36035] INFO  net.NetworkTopologyImpl (NetworkTopologyImpl.java:add(112)) - Added a new node: /default-rack/61d42259-4cfd-40d6-918e-44f81e16f570
2022-02-10 17:16:26,185 [IPC Server handler 0 on default port 36035] INFO  node.SCMNodeManager (SCMNodeManager.java:register(389)) - Registered Data node : 61d42259-4cfd-40d6-918e-44f81e16f570{ip: 127.0.0.1, host: localhost, ports: [REPLICATION=33791, RATIS=33511, RATIS_ADMIN=33511, RATIS_SERVER=33511, STANDALONE=40033], networkLocation: /default-rack, certSerialId: null, persistedOpState: null, persistedOpStateExpiryEpochSec: 0}
2022-02-10 17:16:26,186 [EventQueue-NewNodeForNewNodeHandler] INFO  pipeline.BackgroundPipelineCreator (BackgroundPipelineCreator.java:notifyEventTriggered(285)) - trigger a one-shot run on RatisPipelineUtilsThread.
2022-02-10 17:16:26,186 [RatisPipelineUtilsThread - 0] INFO  pipeline.RatisPipelineProvider (RatisPipelineProvider.java:lambda$create$0(183)) - Sending CreatePipelineCommand for pipeline:PipelineID=70af909a-0f2d-48a5-a29b-bdd902b70378 to datanode:61d42259-4cfd-40d6-918e-44f81e16f570
2022-02-10 17:16:26,189 [0a9802c5-9e82-4a55-ac1b-01a1cb3fb90c@group-33E1F333FC0F-StateMachineUpdater] INFO  pipeline.PipelineStateManagerImpl (PipelineStateManagerImpl.java:addPipeline(101)) - Created pipeline Pipeline[ Id: 70af909a-0f2d-48a5-a29b-bdd902b70378, Nodes: 61d42259-4cfd-40d6-918e-44f81e16f570{ip: 127.0.0.1, host: localhost, ports: [REPLICATION=33791, RATIS=33511, RATIS_ADMIN=33511, RATIS_SERVER=33511, STANDALONE=40033], networkLocation: /default-rack, certSerialId: null, persistedOpState: IN_SERVICE, persistedOpStateExpiryEpochSec: 0}, ReplicationConfig: RATIS/ONE, State:ALLOCATED, leaderId:, CreationTimestamp2022-02-10T17:16:26.186Z[Etc/UTC]].
2022-02-10 17:16:26,189 [0a9802c5-9e82-4a55-ac1b-01a1cb3fb90c@group-33E1F333FC0F-StateMachineUpdater] INFO  safemode.HealthyPipelineSafeModeRule (HealthyPipelineSafeModeRule.java:initializeRule(152)) - Refreshed total pipeline count is 0, healthy pipeline threshold count is 1
2022-02-10 17:16:26,190 [EventQueue-NodeRegistrationContainerReportForDataNodeSafeModeRule] INFO  safemode.SCMSafeModeManager (DataNodeSafeModeRule.java:process(71)) - SCM in safe mode. 3 DataNodes registered, 3 required.
2022-02-10 17:16:26,192 [EventQueue-NodeRegistrationContainerReportForDataNodeSafeModeRule] INFO  safemode.SCMSafeModeManager (SCMSafeModeManager.java:validateSafeModeExitRules(204)) - DataNodeSafeModeRule rule is successfully validated
2022-02-10 17:16:26,192 [EventQueue-NodeRegistrationContainerReportForDataNodeSafeModeRule] INFO  safemode.SCMSafeModeManager (SCMSafeModeManager.java:completePreCheck(233)) - All SCM safe mode pre check rules have passed
2022-02-10 17:16:26,192 [EventQueue-NodeRegistrationContainerReportForDataNodeSafeModeRule] WARN  events.EventQueue (EventQueue.java:fireEvent(194)) - No event handler registered for event TypedEvent{payloadType=SafeModeStatus, name='Safe mode status'}
2022-02-10 17:16:26,192 [EventQueue-NodeRegistrationContainerReportForDataNodeSafeModeRule] INFO  ha.SCMContext (SCMContext.java:updateSafeModeStatus(211)) - Update SafeModeStatus from SafeModeStatus{safeModeStatus=true, preCheckPassed=false} to SafeModeStatus{safeModeStatus=true, preCheckPassed=true}.
2022-02-10 17:16:26,192 [EventQueue-NodeRegistrationContainerReportForDataNodeSafeModeRule] INFO  pipeline.BackgroundPipelineCreator (BackgroundPipelineCreator.java:notifyEventTriggered(285)) - trigger a one-shot run on RatisPipelineUtilsThread.
2022-02-10 17:16:26,192 [RatisPipelineUtilsThread - 0] INFO  pipeline.RatisPipelineProvider (RatisPipelineProvider.java:lambda$create$0(183)) - Sending CreatePipelineCommand for pipeline:PipelineID=90841546-1731-4e52-8317-38d07942653a to datanode:61d42259-4cfd-40d6-918e-44f81e16f570
2022-02-10 17:16:26,192 [RatisPipelineUtilsThread - 0] INFO  pipeline.RatisPipelineProvider (RatisPipelineProvider.java:lambda$create$0(183)) - Sending CreatePipelineCommand for pipeline:PipelineID=90841546-1731-4e52-8317-38d07942653a to datanode:d1437619-3fac-44a6-ae3d-075107d274e3
2022-02-10 17:16:26,192 [RatisPipelineUtilsThread - 0] INFO  pipeline.RatisPipelineProvider (RatisPipelineProvider.java:lambda$create$0(183)) - Sending CreatePipelineCommand for pipeline:PipelineID=90841546-1731-4e52-8317-38d07942653a to datanode:f6245613-14ba-4d4d-b898-c08ac71d98ac
2022-02-10 17:16:26,202 [0a9802c5-9e82-4a55-ac1b-01a1cb3fb90c@group-33E1F333FC0F-StateMachineUpdater] INFO  pipeline.PipelineStateManagerImpl (PipelineStateManagerImpl.java:addPipeline(101)) - Created pipeline Pipeline[ Id: 90841546-1731-4e52-8317-38d07942653a, Nodes: 61d42259-4cfd-40d6-918e-44f81e16f570{ip: 127.0.0.1, host: localhost, ports: [REPLICATION=33791, RATIS=33511, RATIS_ADMIN=33511, RATIS_SERVER=33511, STANDALONE=40033], networkLocation: /default-rack, certSerialId: null, persistedOpState: IN_SERVICE, persistedOpStateExpiryEpochSec: 0}d1437619-3fac-44a6-ae3d-075107d274e3{ip: 127.0.0.1, host: localhost, ports: [REPLICATION=33725, RATIS=41341, RATIS_ADMIN=41341, RATIS_SERVER=41341, STANDALONE=40911], networkLocation: /default-rack, certSerialId: null, persistedOpState: IN_SERVICE, persistedOpStateExpiryEpochSec: 0}f6245613-14ba-4d4d-b898-c08ac71d98ac{ip: 127.0.0.1, host: localhost, ports: [REPLICATION=46755, RATIS=38519, RATIS_ADMIN=38519, RATIS_SERVER=38519, STANDALONE=41183], networkLocation: /default-rack, certSerialId: null, persistedOpState: IN_SERVICE, persistedOpStateExpiryEpochSec: 0}, ReplicationConfig: RATIS/THREE, State:ALLOCATED, leaderId:, CreationTimestamp2022-02-10T17:16:26.192Z[Etc/UTC]].
2022-02-10 17:16:26,202 [0a9802c5-9e82-4a55-ac1b-01a1cb3fb90c@group-33E1F333FC0F-StateMachineUpdater] INFO  safemode.HealthyPipelineSafeModeRule (HealthyPipelineSafeModeRule.java:initializeRule(152)) - Refreshed total pipeline count is 0, healthy pipeline threshold count is 1
2022-02-10 17:16:26,205 [RatisPipelineUtilsThread - 0] INFO  pipeline.RatisPipelineProvider (RatisPipelineProvider.java:lambda$create$0(183)) - Sending CreatePipelineCommand for pipeline:PipelineID=acede841-f26d-4e3b-8220-c8e65bbe6c27 to datanode:f6245613-14ba-4d4d-b898-c08ac71d98ac
2022-02-10 17:16:26,206 [RatisPipelineUtilsThread - 0] INFO  pipeline.RatisPipelineProvider (RatisPipelineProvider.java:lambda$create$0(183)) - Sending CreatePipelineCommand for pipeline:PipelineID=acede841-f26d-4e3b-8220-c8e65bbe6c27 to datanode:61d42259-4cfd-40d6-918e-44f81e16f570
2022-02-10 17:16:26,207 [RatisPipelineUtilsThread - 0] INFO  pipeline.RatisPipelineProvider (RatisPipelineProvider.java:lambda$create$0(183)) - Sending CreatePipelineCommand for pipeline:PipelineID=acede841-f26d-4e3b-8220-c8e65bbe6c27 to datanode:d1437619-3fac-44a6-ae3d-075107d274e3
2022-02-10 17:16:26,215 [0a9802c5-9e82-4a55-ac1b-01a1cb3fb90c@group-33E1F333FC0F-StateMachineUpdater] INFO  pipeline.PipelineStateManagerImpl (PipelineStateManagerImpl.java:addPipeline(101)) - Created pipeline Pipeline[ Id: acede841-f26d-4e3b-8220-c8e65bbe6c27, Nodes: f6245613-14ba-4d4d-b898-c08ac71d98ac{ip: 127.0.0.1, host: localhost, ports: [REPLICATION=46755, RATIS=38519, RATIS_ADMIN=38519, RATIS_SERVER=38519, STANDALONE=41183], networkLocation: /default-rack, certSerialId: null, persistedOpState: IN_SERVICE, persistedOpStateExpiryEpochSec: 0}61d42259-4cfd-40d6-918e-44f81e16f570{ip: 127.0.0.1, host: localhost, ports: [REPLICATION=33791, RATIS=33511, RATIS_ADMIN=33511, RATIS_SERVER=33511, STANDALONE=40033], networkLocation: /default-rack, certSerialId: null, persistedOpState: IN_SERVICE, persistedOpStateExpiryEpochSec: 0}d1437619-3fac-44a6-ae3d-075107d274e3{ip: 127.0.0.1, host: localhost, ports: [REPLICATION=33725, RATIS=41341, RATIS_ADMIN=41341, RATIS_SERVER=41341, STANDALONE=40911], networkLocation: /default-rack, certSerialId: null, persistedOpState: IN_SERVICE, persistedOpStateExpiryEpochSec: 0}, ReplicationConfig: RATIS/THREE, State:ALLOCATED, leaderId:, CreationTimestamp2022-02-10T17:16:26.205Z[Etc/UTC]].
2022-02-10 17:16:26,216 [0a9802c5-9e82-4a55-ac1b-01a1cb3fb90c@group-33E1F333FC0F-StateMachineUpdater] INFO  safemode.HealthyPipelineSafeModeRule (HealthyPipelineSafeModeRule.java:initializeRule(152)) - Refreshed total pipeline count is 0, healthy pipeline threshold count is 1
2022-02-10 17:16:26,216 [RatisPipelineUtilsThread - 0] INFO  pipeline.PipelineManagerImpl (PipelineManagerImpl.java:recordMetricsForPipeline(639)) - Pipeline: PipelineID=acede841-f26d-4e3b-8220-c8e65bbe6c27 contains same datanodes as previous pipelines: PipelineID=90841546-1731-4e52-8317-38d07942653a nodeIds: f6245613-14ba-4d4d-b898-c08ac71d98ac, 61d42259-4cfd-40d6-918e-44f81e16f570, d1437619-3fac-44a6-ae3d-075107d274e3
2022-02-10 17:16:26,452 [EndpointStateMachine task thread for /127.0.0.1:33255 - 0 ] INFO  ipc.Client (Client.java:handleConnectionFailure(977)) - Retrying connect to server: localhost/127.0.0.1:33255. Already tried 8 time(s); retry policy is RetryUpToMaximumCountWithFixedSleep(maxRetries=15, sleepTime=1000 MILLISECONDS)
2022-02-10 17:16:27,159 [Listener at 127.0.0.1/46543] INFO  ozone.MiniOzoneClusterImpl (MiniOzoneClusterImpl.java:lambda$waitForClusterToBeReady$0(219)) - Nodes are ready. Got 3 of 3 DN Heartbeats.
2022-02-10 17:16:27,159 [Listener at 127.0.0.1/46543] INFO  ozone.MiniOzoneClusterImpl (MiniOzoneClusterImpl.java:lambda$waitForClusterToBeReady$0(222)) - Waiting for cluster to exit safe mode
2022-02-10 17:16:27,159 [Listener at 127.0.0.1/46543] INFO  ozone.MiniOzoneClusterImpl (MiniOzoneClusterImpl.java:lambda$waitForClusterToBeReady$0(224)) - SCM became leader
2022-02-10 17:16:27,452 [EndpointStateMachine task thread for /127.0.0.1:33255 - 0 ] INFO  ipc.Client (Client.java:handleConnectionFailure(977)) - Retrying connect to server: localhost/127.0.0.1:33255. Already tried 9 time(s); retry policy is RetryUpToMaximumCountWithFixedSleep(maxRetries=15, sleepTime=1000 MILLISECONDS)
2022-02-10 17:16:28,159 [Listener at 127.0.0.1/46543] INFO  ozone.MiniOzoneClusterImpl (MiniOzoneClusterImpl.java:lambda$waitForClusterToBeReady$0(219)) - Nodes are ready. Got 3 of 3 DN Heartbeats.
2022-02-10 17:16:28,159 [Listener at 127.0.0.1/46543] INFO  ozone.MiniOzoneClusterImpl (MiniOzoneClusterImpl.java:lambda$waitForClusterToBeReady$0(222)) - Waiting for cluster to exit safe mode
2022-02-10 17:16:28,159 [Listener at 127.0.0.1/46543] INFO  ozone.MiniOzoneClusterImpl (MiniOzoneClusterImpl.java:lambda$waitForClusterToBeReady$0(224)) - SCM became leader
2022-02-10 17:16:28,282 [Command processor thread] INFO  server.RaftServer (RaftServerProxy.java:addNew(95)) - d1437619-3fac-44a6-ae3d-075107d274e3: addNew group-22024095878F:[d1437619-3fac-44a6-ae3d-075107d274e3|rpc:127.0.0.1:41341|priority:1] returns group-22024095878F:java.util.concurrent.CompletableFuture@555134bc[Not completed]
2022-02-10 17:16:28,301 [pool-278-thread-1] INFO  server.RaftServer$Division (RaftServerImpl.java:<init>(184)) - d1437619-3fac-44a6-ae3d-075107d274e3: new RaftServerImpl for group-22024095878F:[d1437619-3fac-44a6-ae3d-075107d274e3|rpc:127.0.0.1:41341|priority:1] with ContainerStateMachine:uninitialized
2022-02-10 17:16:28,311 [pool-278-thread-1] INFO  server.RaftServerConfigKeys (ConfUtils.java:logGet(44)) - raft.server.rpc.timeout.min = 5s (custom)
2022-02-10 17:16:28,311 [pool-278-thread-1] INFO  server.RaftServerConfigKeys (ConfUtils.java:logGet(44)) - raft.server.rpc.timeout.max = 5200ms (custom)
2022-02-10 17:16:28,311 [pool-278-thread-1] INFO  server.RaftServerConfigKeys (ConfUtils.java:logGet(44)) - raft.server.rpc.sleep.time = 25ms (default)
2022-02-10 17:16:28,311 [pool-278-thread-1] INFO  server.RaftServerConfigKeys (ConfUtils.java:logGet(44)) - raft.server.rpc.slowness.timeout = 300s (custom)
2022-02-10 17:16:28,311 [pool-278-thread-1] INFO  server.RaftServerConfigKeys (ConfUtils.java:logGet(44)) - raft.server.leaderelection.leader.step-down.wait-time = 10s (default)
2022-02-10 17:16:28,311 [pool-278-thread-1] INFO  server.RaftServerConfigKeys (ConfUtils.java:logGet(44)) - raft.server.sleep.deviation.threshold = 300ms (default)
2022-02-10 17:16:28,311 [pool-278-thread-1] INFO  server.RaftServerConfigKeys (ConfUtils.java:logGet(44)) - raft.server.log.appender.install.snapshot.enabled = false (custom)
2022-02-10 17:16:28,311 [pool-278-thread-1] INFO  server.RaftServer$Division (ServerState.java:<init>(105)) - d1437619-3fac-44a6-ae3d-075107d274e3@group-22024095878F: ConfigurationManager, init=-1: [d1437619-3fac-44a6-ae3d-075107d274e3|rpc:127.0.0.1:41341|priority:1], old=null, confs=<EMPTY_MAP>
2022-02-10 17:16:28,311 [pool-278-thread-1] INFO  server.RaftServerConfigKeys (ConfUtils.java:logGet(44)) - raft.server.storage.dir = [/home/runner/work/ozone/ozone/hadoop-ozone/integration-test/target/test-dir/MiniOzoneClusterImpl-adca7f43-f686-4ef5-81ed-33e1f333fc0f/datanode-0/data/ratis] (custom)
2022-02-10 17:16:28,312 [pool-278-thread-1] INFO  server.RaftServerConfigKeys (ConfUtils.java:logGet(44)) - raft.server.log.corruption.policy = EXCEPTION (default)
2022-02-10 17:16:28,312 [pool-278-thread-1] INFO  server.RaftServerConfigKeys (ConfUtils.java:logGet(44)) - raft.server.storage.free-space.min = 0MB (=0) (default)
2022-02-10 17:16:28,312 [pool-278-thread-1] INFO  storage.RaftStorageDirectory (RaftStorageDirectoryImpl.java:analyzeStorage(135)) - The storage directory /home/runner/work/ozone/ozone/hadoop-ozone/integration-test/target/test-dir/MiniOzoneClusterImpl-adca7f43-f686-4ef5-81ed-33e1f333fc0f/datanode-0/data/ratis/4636b5ff-363a-4593-8ffb-22024095878f does not exist. Creating ...
2022-02-10 17:16:28,313 [pool-278-thread-1] INFO  storage.RaftStorageDirectory (RaftStorageDirectoryImpl.java:tryLock(230)) - Lock on /home/runner/work/ozone/ozone/hadoop-ozone/integration-test/target/test-dir/MiniOzoneClusterImpl-adca7f43-f686-4ef5-81ed-33e1f333fc0f/datanode-0/data/ratis/4636b5ff-363a-4593-8ffb-22024095878f/in_use.lock acquired by nodename 23291@fv-az184-768
2022-02-10 17:16:28,314 [pool-278-thread-1] INFO  storage.RaftStorage (RaftStorageImpl.java:format(89)) - Storage directory /home/runner/work/ozone/ozone/hadoop-ozone/integration-test/target/test-dir/MiniOzoneClusterImpl-adca7f43-f686-4ef5-81ed-33e1f333fc0f/datanode-0/data/ratis/4636b5ff-363a-4593-8ffb-22024095878f has been successfully formatted.
2022-02-10 17:16:28,319 [pool-278-thread-1] INFO  ratis.ContainerStateMachine (ContainerStateMachine.java:loadSnapshot(231)) - group-22024095878F: The snapshot info is null. Setting the last applied indexto:(t:0, i:~)
2022-02-10 17:16:28,319 [pool-278-thread-1] INFO  server.RaftServerConfigKeys (ConfUtils.java:logGet(44)) - raft.server.notification.no-leader.timeout = 300s (custom)
2022-02-10 17:16:28,319 [pool-278-thread-1] INFO  server.RaftServerConfigKeys (ConfUtils.java:logGet(44)) - raft.server.log.use.memory = false (default)
2022-02-10 17:16:28,320 [pool-278-thread-1] INFO  server.RaftServerConfigKeys (ConfUtils.java:logGet(44)) - raft.server.log.purge.gap = 1000000 (custom)
2022-02-10 17:16:28,320 [EventQueue-PipelineReportForPipelineReportHandler] INFO  pipeline.PipelineManagerImpl (PipelineManagerImpl.java:openPipeline(291)) - Pipeline Pipeline[ Id: 4636b5ff-363a-4593-8ffb-22024095878f, Nodes: d1437619-3fac-44a6-ae3d-075107d274e3{ip: 127.0.0.1, host: localhost, ports: [REPLICATION=33725, RATIS=41341, RATIS_ADMIN=41341, RATIS_SERVER=41341, STANDALONE=40911], networkLocation: /default-rack, certSerialId: null, persistedOpState: IN_SERVICE, persistedOpStateExpiryEpochSec: 0}, ReplicationConfig: RATIS/ONE, State:ALLOCATED, leaderId:d1437619-3fac-44a6-ae3d-075107d274e3, CreationTimestamp2022-02-10T17:16:25.285Z[Etc/UTC]] moved to OPEN state
2022-02-10 17:16:28,320 [pool-278-thread-1] INFO  server.RaftServerConfigKeys (ConfUtils.java:logGet(44)) - raft.server.log.appender.buffer.byte-limit = 33554432 (custom)
2022-02-10 17:16:28,328 [0a9802c5-9e82-4a55-ac1b-01a1cb3fb90c@group-33E1F333FC0F-StateMachineUpdater] INFO  safemode.HealthyPipelineSafeModeRule (HealthyPipelineSafeModeRule.java:initializeRule(152)) - Refreshed total pipeline count is 0, healthy pipeline threshold count is 1
2022-02-10 17:16:28,329 [pool-278-thread-1] INFO  server.RaftServerConfigKeys (ConfUtils.java:logGet(44)) - raft.server.log.segment.size.max = 1048576 (custom)
2022-02-10 17:16:28,331 [pool-278-thread-1] INFO  server.RaftServerConfigKeys (ConfUtils.java:logGet(44)) - raft.server.log.segment.cache.num.max = 2 (custom)
2022-02-10 17:16:28,331 [pool-278-thread-1] INFO  server.RaftServerConfigKeys (ConfUtils.java:logGet(44)) - raft.server.log.segment.cache.size.max = 200MB (=209715200) (default)
2022-02-10 17:16:28,332 [pool-278-thread-1] INFO  segmented.SegmentedRaftLogWorker (SegmentedRaftLogWorker.java:<init>(182)) - new d1437619-3fac-44a6-ae3d-075107d274e3@group-22024095878F-SegmentedRaftLogWorker for RaftStorageImpl:Storage Directory /home/runner/work/ozone/ozone/hadoop-ozone/integration-test/target/test-dir/MiniOzoneClusterImpl-adca7f43-f686-4ef5-81ed-33e1f333fc0f/datanode-0/data/ratis/4636b5ff-363a-4593-8ffb-22024095878f
2022-02-10 17:16:28,332 [pool-278-thread-1] INFO  server.RaftServerConfigKeys (ConfUtils.java:logGet(44)) - raft.server.log.queue.byte-limit = 2147483647 (custom)
2022-02-10 17:16:28,332 [pool-278-thread-1] INFO  server.RaftServerConfigKeys (ConfUtils.java:logGet(44)) - raft.server.log.queue.element-limit = 1024 (custom)
2022-02-10 17:16:28,332 [pool-278-thread-1] INFO  server.RaftServerConfigKeys (ConfUtils.java:logGet(44)) - raft.server.log.segment.size.max = 1048576 (custom)
2022-02-10 17:16:28,332 [pool-278-thread-1] INFO  server.RaftServerConfigKeys (ConfUtils.java:logGet(44)) - raft.server.log.preallocated.size = 16384 (custom)
2022-02-10 17:16:28,332 [pool-278-thread-1] INFO  server.RaftServerConfigKeys (ConfUtils.java:logGet(44)) - raft.server.log.force.sync.num = 128 (default)
2022-02-10 17:16:28,332 [pool-278-thread-1] INFO  server.RaftServerConfigKeys (ConfUtils.java:logGet(44)) - raft.server.log.statemachine.data.sync = true (default)
2022-02-10 17:16:28,332 [pool-278-thread-1] INFO  server.RaftServerConfigKeys (ConfUtils.java:logGet(44)) - raft.server.log.statemachine.data.sync.timeout = 10s (default)
2022-02-10 17:16:28,332 [pool-278-thread-1] INFO  server.RaftServerConfigKeys (ConfUtils.java:logGet(44)) - raft.server.log.statemachine.data.sync.timeout.retry = -1 (default)
2022-02-10 17:16:28,340 [pool-278-thread-1] INFO  server.RaftServerConfigKeys (ConfUtils.java:logGet(44)) - raft.server.log.write.buffer.size = 1048576 (custom)
2022-02-10 17:16:28,340 [pool-278-thread-1] INFO  server.RaftServerConfigKeys (ConfUtils.java:logGet(44)) - raft.server.log.statemachine.data.caching.enabled = true (custom)
2022-02-10 17:16:28,355 [pool-278-thread-1] INFO  segmented.SegmentedRaftLogWorker (SegmentedRaftLogWorker.java:lambda$new$0(133)) - d1437619-3fac-44a6-ae3d-075107d274e3@group-22024095878F-SegmentedRaftLogWorker: flushIndex: setUnconditionally 0 -> -1
2022-02-10 17:16:28,355 [pool-278-thread-1] INFO  segmented.SegmentedRaftLogWorker (SegmentedRaftLogWorker.java:lambda$new$0(133)) - d1437619-3fac-44a6-ae3d-075107d274e3@group-22024095878F-SegmentedRaftLogWorker: safeCacheEvictIndex: setUnconditionally 0 -> -1
2022-02-10 17:16:28,356 [EventQueue-OpenPipelineForHealthyPipelineSafeModeRule] INFO  safemode.SCMSafeModeManager (HealthyPipelineSafeModeRule.java:process(124)) - SCM in safe mode. Healthy pipelines reported count is 0, required healthy pipeline reported count is 1
2022-02-10 17:16:28,359 [pool-278-thread-1] INFO  server.RaftServerConfigKeys (ConfUtils.java:logGet(44)) - raft.server.snapshot.auto.trigger.enabled = true (custom)
2022-02-10 17:16:28,359 [pool-278-thread-1] INFO  server.RaftServerConfigKeys (ConfUtils.java:logGet(44)) - raft.server.snapshot.auto.trigger.threshold = 10000 (custom)
2022-02-10 17:16:28,359 [pool-278-thread-1] INFO  server.RaftServerConfigKeys (ConfUtils.java:logGet(44)) - raft.server.snapshot.retention.file.num = 5 (custom)
2022-02-10 17:16:28,359 [pool-278-thread-1] INFO  server.RaftServerConfigKeys (ConfUtils.java:logGet(44)) - raft.server.log.purge.upto.snapshot.index = false (default)
2022-02-10 17:16:28,359 [pool-278-thread-1] INFO  server.RaftServerConfigKeys (ConfUtils.java:logGet(44)) - raft.server.retrycache.expirytime = 600000ms (custom)
2022-02-10 17:16:28,359 [pool-278-thread-1] INFO  server.RaftServerConfigKeys (ConfUtils.java:logGet(44)) - raft.server.retrycache.statistics.expirytime = 100μs (default)
2022-02-10 17:16:28,360 [pool-278-thread-1] INFO  server.RaftServer$Division (RaftServerImpl.java:start(301)) - d1437619-3fac-44a6-ae3d-075107d274e3@group-22024095878F: start as a follower, conf=-1: [d1437619-3fac-44a6-ae3d-075107d274e3|rpc:127.0.0.1:41341|priority:1], old=null
2022-02-10 17:16:28,360 [pool-278-thread-1] INFO  server.RaftServer$Division (RaftServerImpl.java:setRole(290)) - d1437619-3fac-44a6-ae3d-075107d274e3@group-22024095878F: changes role from      null to FOLLOWER at term 0 for startAsFollower
2022-02-10 17:16:28,361 [pool-278-thread-1] INFO  impl.RoleInfo (RoleInfo.java:updateAndGet(130)) - d1437619-3fac-44a6-ae3d-075107d274e3: start d1437619-3fac-44a6-ae3d-075107d274e3@group-22024095878F-FollowerState
2022-02-10 17:16:28,363 [pool-278-thread-1] INFO  util.JmxRegister (JmxRegister.java:tryRegister(44)) - Successfully registered JMX Bean with object name Ratis:service=RaftServer,group=group-22024095878F,id=d1437619-3fac-44a6-ae3d-075107d274e3
2022-02-10 17:16:28,364 [Command processor thread] INFO  ratis.XceiverServerRatis (XceiverServerRatis.java:addGroup(768)) - Created group PipelineID=4636b5ff-363a-4593-8ffb-22024095878f
2022-02-10 17:16:28,364 [Command processor thread] INFO  commandhandler.CreatePipelineCommandHandler (CreatePipelineCommandHandler.java:handle(106)) - Created Pipeline RATIS ONE PipelineID=4636b5ff-363a-4593-8ffb-22024095878f.
2022-02-10 17:16:28,364 [Command processor thread] INFO  server.RaftServer (RaftServerProxy.java:addNew(95)) - d1437619-3fac-44a6-ae3d-075107d274e3: addNew group-38D07942653A:[f6245613-14ba-4d4d-b898-c08ac71d98ac|rpc:127.0.0.1:38519|priority:1, d1437619-3fac-44a6-ae3d-075107d274e3|rpc:127.0.0.1:41341|priority:0, 61d42259-4cfd-40d6-918e-44f81e16f570|rpc:127.0.0.1:33511|priority:0] returns group-38D07942653A:java.util.concurrent.CompletableFuture@516ebace[Not completed]
2022-02-10 17:16:28,367 [pool-278-thread-1] INFO  server.RaftServer$Division (RaftServerImpl.java:<init>(184)) - d1437619-3fac-44a6-ae3d-075107d274e3: new RaftServerImpl for group-38D07942653A:[f6245613-14ba-4d4d-b898-c08ac71d98ac|rpc:127.0.0.1:38519|priority:1, d1437619-3fac-44a6-ae3d-075107d274e3|rpc:127.0.0.1:41341|priority:0, 61d42259-4cfd-40d6-918e-44f81e16f570|rpc:127.0.0.1:33511|priority:0] with ContainerStateMachine:uninitialized
2022-02-10 17:16:28,367 [pool-278-thread-1] INFO  server.RaftServerConfigKeys (ConfUtils.java:logGet(44)) - raft.server.rpc.timeout.min = 5s (custom)
2022-02-10 17:16:28,368 [pool-278-thread-1] INFO  server.RaftServerConfigKeys (ConfUtils.java:logGet(44)) - raft.server.rpc.timeout.max = 5200ms (custom)
2022-02-10 17:16:28,368 [pool-278-thread-1] INFO  server.RaftServerConfigKeys (ConfUtils.java:logGet(44)) - raft.server.rpc.sleep.time = 25ms (default)
2022-02-10 17:16:28,368 [pool-278-thread-1] INFO  server.RaftServerConfigKeys (ConfUtils.java:logGet(44)) - raft.server.rpc.slowness.timeout = 300s (custom)
2022-02-10 17:16:28,368 [pool-278-thread-1] INFO  server.RaftServerConfigKeys (ConfUtils.java:logGet(44)) - raft.server.leaderelection.leader.step-down.wait-time = 10s (default)
2022-02-10 17:16:28,368 [pool-278-thread-1] INFO  server.RaftServerConfigKeys (ConfUtils.java:logGet(44)) - raft.server.sleep.deviation.threshold = 300ms (default)
2022-02-10 17:16:28,368 [pool-278-thread-1] INFO  server.RaftServerConfigKeys (ConfUtils.java:logGet(44)) - raft.server.log.appender.install.snapshot.enabled = false (custom)
2022-02-10 17:16:28,368 [pool-278-thread-1] INFO  server.RaftServer$Division (ServerState.java:<init>(105)) - d1437619-3fac-44a6-ae3d-075107d274e3@group-38D07942653A: ConfigurationManager, init=-1: [f6245613-14ba-4d4d-b898-c08ac71d98ac|rpc:127.0.0.1:38519|priority:1, d1437619-3fac-44a6-ae3d-075107d274e3|rpc:127.0.0.1:41341|priority:0, 61d42259-4cfd-40d6-918e-44f81e16f570|rpc:127.0.0.1:33511|priority:0], old=null, confs=<EMPTY_MAP>
2022-02-10 17:16:28,368 [pool-278-thread-1] INFO  server.RaftServerConfigKeys (ConfUtils.java:logGet(44)) - raft.server.storage.dir = [/home/runner/work/ozone/ozone/hadoop-ozone/integration-test/target/test-dir/MiniOzoneClusterImpl-adca7f43-f686-4ef5-81ed-33e1f333fc0f/datanode-0/data/ratis] (custom)
2022-02-10 17:16:28,368 [pool-278-thread-1] INFO  server.RaftServerConfigKeys (ConfUtils.java:logGet(44)) - raft.server.log.corruption.policy = EXCEPTION (default)
2022-02-10 17:16:28,368 [pool-278-thread-1] INFO  server.RaftServerConfigKeys (ConfUtils.java:logGet(44)) - raft.server.storage.free-space.min = 0MB (=0) (default)
2022-02-10 17:16:28,368 [pool-278-thread-1] INFO  storage.RaftStorageDirectory (RaftStorageDirectoryImpl.java:analyzeStorage(135)) - The storage directory /home/runner/work/ozone/ozone/hadoop-ozone/integration-test/target/test-dir/MiniOzoneClusterImpl-adca7f43-f686-4ef5-81ed-33e1f333fc0f/datanode-0/data/ratis/90841546-1731-4e52-8317-38d07942653a does not exist. Creating ...
2022-02-10 17:16:28,370 [pool-278-thread-1] INFO  storage.RaftStorageDirectory (RaftStorageDirectoryImpl.java:tryLock(230)) - Lock on /home/runner/work/ozone/ozone/hadoop-ozone/integration-test/target/test-dir/MiniOzoneClusterImpl-adca7f43-f686-4ef5-81ed-33e1f333fc0f/datanode-0/data/ratis/90841546-1731-4e52-8317-38d07942653a/in_use.lock acquired by nodename 23291@fv-az184-768
2022-02-10 17:16:28,375 [pool-278-thread-1] INFO  storage.RaftStorage (RaftStorageImpl.java:format(89)) - Storage directory /home/runner/work/ozone/ozone/hadoop-ozone/integration-test/target/test-dir/MiniOzoneClusterImpl-adca7f43-f686-4ef5-81ed-33e1f333fc0f/datanode-0/data/ratis/90841546-1731-4e52-8317-38d07942653a has been successfully formatted.
2022-02-10 17:16:28,376 [pool-278-thread-1] INFO  ratis.ContainerStateMachine (ContainerStateMachine.java:loadSnapshot(231)) - group-38D07942653A: The snapshot info is null. Setting the last applied indexto:(t:0, i:~)
2022-02-10 17:16:28,378 [pool-278-thread-1] INFO  server.RaftServerConfigKeys (ConfUtils.java:logGet(44)) - raft.server.notification.no-leader.timeout = 300s (custom)
2022-02-10 17:16:28,379 [pool-278-thread-1] INFO  server.RaftServerConfigKeys (ConfUtils.java:logGet(44)) - raft.server.log.use.memory = false (default)
2022-02-10 17:16:28,379 [pool-278-thread-1] INFO  server.RaftServerConfigKeys (ConfUtils.java:logGet(44)) - raft.server.log.purge.gap = 1000000 (custom)
2022-02-10 17:16:28,379 [pool-278-thread-1] INFO  server.RaftServerConfigKeys (ConfUtils.java:logGet(44)) - raft.server.log.appender.buffer.byte-limit = 33554432 (custom)
2022-02-10 17:16:28,379 [pool-278-thread-1] INFO  server.RaftServerConfigKeys (ConfUtils.java:logGet(44)) - raft.server.log.segment.size.max = 1048576 (custom)
2022-02-10 17:16:28,379 [pool-278-thread-1] INFO  server.RaftServerConfigKeys (ConfUtils.java:logGet(44)) - raft.server.log.segment.cache.num.max = 2 (custom)
2022-02-10 17:16:28,379 [pool-278-thread-1] INFO  server.RaftServerConfigKeys (ConfUtils.java:logGet(44)) - raft.server.log.segment.cache.size.max = 200MB (=209715200) (default)
2022-02-10 17:16:28,379 [pool-278-thread-1] INFO  segmented.SegmentedRaftLogWorker (SegmentedRaftLogWorker.java:<init>(182)) - new d1437619-3fac-44a6-ae3d-075107d274e3@group-38D07942653A-SegmentedRaftLogWorker for RaftStorageImpl:Storage Directory /home/runner/work/ozone/ozone/hadoop-ozone/integration-test/target/test-dir/MiniOzoneClusterImpl-adca7f43-f686-4ef5-81ed-33e1f333fc0f/datanode-0/data/ratis/90841546-1731-4e52-8317-38d07942653a
2022-02-10 17:16:28,379 [pool-278-thread-1] INFO  server.RaftServerConfigKeys (ConfUtils.java:logGet(44)) - raft.server.log.queue.byte-limit = 2147483647 (custom)
2022-02-10 17:16:28,380 [pool-278-thread-1] INFO  server.RaftServerConfigKeys (ConfUtils.java:logGet(44)) - raft.server.log.queue.element-limit = 1024 (custom)
2022-02-10 17:16:28,380 [pool-278-thread-1] INFO  server.RaftServerConfigKeys (ConfUtils.java:logGet(44)) - raft.server.log.segment.size.max = 1048576 (custom)
2022-02-10 17:16:28,380 [pool-278-thread-1] INFO  server.RaftServerConfigKeys (ConfUtils.java:logGet(44)) - raft.server.log.preallocated.size = 16384 (custom)
2022-02-10 17:16:28,380 [pool-278-thread-1] INFO  server.RaftServerConfigKeys (ConfUtils.java:logGet(44)) - raft.server.log.force.sync.num = 128 (default)
2022-02-10 17:16:28,380 [pool-278-thread-1] INFO  server.RaftServerConfigKeys (ConfUtils.java:logGet(44)) - raft.server.log.statemachine.data.sync = true (default)
2022-02-10 17:16:28,380 [pool-278-thread-1] INFO  server.RaftServerConfigKeys (ConfUtils.java:logGet(44)) - raft.server.log.statemachine.data.sync.timeout = 10s (default)
2022-02-10 17:16:28,380 [pool-278-thread-1] INFO  server.RaftServerConfigKeys (ConfUtils.java:logGet(44)) - raft.server.log.statemachine.data.sync.timeout.retry = -1 (default)
2022-02-10 17:16:28,381 [pool-278-thread-1] INFO  server.RaftServerConfigKeys (ConfUtils.java:logGet(44)) - raft.server.log.write.buffer.size = 1048576 (custom)
2022-02-10 17:16:28,381 [pool-278-thread-1] INFO  server.RaftServerConfigKeys (ConfUtils.java:logGet(44)) - raft.server.log.statemachine.data.caching.enabled = true (custom)
2022-02-10 17:16:28,382 [pool-278-thread-1] INFO  segmented.SegmentedRaftLogWorker (SegmentedRaftLogWorker.java:lambda$new$0(133)) - d1437619-3fac-44a6-ae3d-075107d274e3@group-38D07942653A-SegmentedRaftLogWorker: flushIndex: setUnconditionally 0 -> -1
2022-02-10 17:16:28,382 [pool-278-thread-1] INFO  segmented.SegmentedRaftLogWorker (SegmentedRaftLogWorker.java:lambda$new$0(133)) - d1437619-3fac-44a6-ae3d-075107d274e3@group-38D07942653A-SegmentedRaftLogWorker: safeCacheEvictIndex: setUnconditionally 0 -> -1
2022-02-10 17:16:28,385 [pool-278-thread-1] INFO  server.RaftServerConfigKeys (ConfUtils.java:logGet(44)) - raft.server.snapshot.auto.trigger.enabled = true (custom)
2022-02-10 17:16:28,385 [pool-278-thread-1] INFO  server.RaftServerConfigKeys (ConfUtils.java:logGet(44)) - raft.server.snapshot.auto.trigger.threshold = 10000 (custom)
2022-02-10 17:16:28,385 [pool-278-thread-1] INFO  server.RaftServerConfigKeys (ConfUtils.java:logGet(44)) - raft.server.snapshot.retention.file.num = 5 (custom)
2022-02-10 17:16:28,385 [pool-278-thread-1] INFO  server.RaftServerConfigKeys (ConfUtils.java:logGet(44)) - raft.server.log.purge.upto.snapshot.index = false (default)
2022-02-10 17:16:28,385 [pool-278-thread-1] INFO  server.RaftServerConfigKeys (ConfUtils.java:logGet(44)) - raft.server.retrycache.expirytime = 600000ms (custom)
2022-02-10 17:16:28,385 [pool-278-thread-1] INFO  server.RaftServerConfigKeys (ConfUtils.java:logGet(44)) - raft.server.retrycache.statistics.expirytime = 100μs (default)
2022-02-10 17:16:28,386 [pool-278-thread-1] INFO  server.RaftServer$Division (RaftServerImpl.java:start(301)) - d1437619-3fac-44a6-ae3d-075107d274e3@group-38D07942653A: start as a follower, conf=-1: [f6245613-14ba-4d4d-b898-c08ac71d98ac|rpc:127.0.0.1:38519|priority:1, d1437619-3fac-44a6-ae3d-075107d274e3|rpc:127.0.0.1:41341|priority:0, 61d42259-4cfd-40d6-918e-44f81e16f570|rpc:127.0.0.1:33511|priority:0], old=null
2022-02-10 17:16:28,387 [pool-278-thread-1] INFO  server.RaftServer$Division (RaftServerImpl.java:setRole(290)) - d1437619-3fac-44a6-ae3d-075107d274e3@group-38D07942653A: changes role from      null to FOLLOWER at term 0 for startAsFollower
2022-02-10 17:16:28,387 [pool-278-thread-1] INFO  impl.RoleInfo (RoleInfo.java:updateAndGet(130)) - d1437619-3fac-44a6-ae3d-075107d274e3: start d1437619-3fac-44a6-ae3d-075107d274e3@group-38D07942653A-FollowerState
2022-02-10 17:16:28,394 [EventQueue-OpenPipelineForHealthyPipelineSafeModeRule] INFO  safemode.SCMSafeModeManager (HealthyPipelineSafeModeRule.java:process(124)) - SCM in safe mode. Healthy pipelines reported count is 0, required healthy pipeline reported count is 1
2022-02-10 17:16:28,394 [pool-278-thread-1] INFO  util.JmxRegister (JmxRegister.java:tryRegister(44)) - Successfully registered JMX Bean with object name Ratis:service=RaftServer,group=group-38D07942653A,id=d1437619-3fac-44a6-ae3d-075107d274e3
2022-02-10 17:16:28,407 [Command processor thread] INFO  ratis.XceiverServerRatis (XceiverServerRatis.java:addGroup(768)) - Created group PipelineID=90841546-1731-4e52-8317-38d07942653a
2022-02-10 17:16:28,427 [grpc-default-executor-2] INFO  server.RaftServer (RaftServerProxy.java:addNew(95)) - 61d42259-4cfd-40d6-918e-44f81e16f570: addNew group-38D07942653A:[f6245613-14ba-4d4d-b898-c08ac71d98ac|rpc:127.0.0.1:38519|dataStream:|priority:1, d1437619-3fac-44a6-ae3d-075107d274e3|rpc:127.0.0.1:41341|dataStream:|priority:0, 61d42259-4cfd-40d6-918e-44f81e16f570|rpc:127.0.0.1:33511|dataStream:|priority:0] returns group-38D07942653A:java.util.concurrent.CompletableFuture@5ac0e8d3[Not completed]
2022-02-10 17:16:28,433 [pool-320-thread-1] INFO  server.RaftServer$Division (RaftServerImpl.java:<init>(184)) - 61d42259-4cfd-40d6-918e-44f81e16f570: new RaftServerImpl for group-38D07942653A:[f6245613-14ba-4d4d-b898-c08ac71d98ac|rpc:127.0.0.1:38519|dataStream:|priority:1, d1437619-3fac-44a6-ae3d-075107d274e3|rpc:127.0.0.1:41341|dataStream:|priority:0, 61d42259-4cfd-40d6-918e-44f81e16f570|rpc:127.0.0.1:33511|dataStream:|priority:0] with ContainerStateMachine:uninitialized
2022-02-10 17:16:28,451 [pool-320-thread-1] INFO  server.RaftServerConfigKeys (ConfUtils.java:logGet(44)) - raft.server.rpc.timeout.min = 5s (custom)
2022-02-10 17:16:28,451 [pool-320-thread-1] INFO  server.RaftServerConfigKeys (ConfUtils.java:logGet(44)) - raft.server.rpc.timeout.max = 5200ms (custom)
2022-02-10 17:16:28,451 [pool-320-thread-1] INFO  server.RaftServerConfigKeys (ConfUtils.java:logGet(44)) - raft.server.rpc.sleep.time = 25ms (default)
2022-02-10 17:16:28,451 [pool-320-thread-1] INFO  server.RaftServerConfigKeys (ConfUtils.java:logGet(44)) - raft.server.rpc.slowness.timeout = 300s (custom)
2022-02-10 17:16:28,451 [pool-320-thread-1] INFO  server.RaftServerConfigKeys (ConfUtils.java:logGet(44)) - raft.server.leaderelection.leader.step-down.wait-time = 10s (default)
2022-02-10 17:16:28,451 [pool-320-thread-1] INFO  server.RaftServerConfigKeys (ConfUtils.java:logGet(44)) - raft.server.sleep.deviation.threshold = 300ms (default)
2022-02-10 17:16:28,451 [pool-320-thread-1] INFO  server.RaftServerConfigKeys (ConfUtils.java:logGet(44)) - raft.server.log.appender.install.snapshot.enabled = false (custom)
2022-02-10 17:16:28,451 [pool-320-thread-1] INFO  server.RaftServer$Division (ServerState.java:<init>(105)) - 61d42259-4cfd-40d6-918e-44f81e16f570@group-38D07942653A: ConfigurationManager, init=-1: [f6245613-14ba-4d4d-b898-c08ac71d98ac|rpc:127.0.0.1:38519|dataStream:|priority:1, d1437619-3fac-44a6-ae3d-075107d274e3|rpc:127.0.0.1:41341|dataStream:|priority:0, 61d42259-4cfd-40d6-918e-44f81e16f570|rpc:127.0.0.1:33511|dataStream:|priority:0], old=null, confs=<EMPTY_MAP>
2022-02-10 17:16:28,451 [pool-320-thread-1] INFO  server.RaftServerConfigKeys (ConfUtils.java:logGet(44)) - raft.server.storage.dir = [/home/runner/work/ozone/ozone/hadoop-ozone/integration-test/target/test-dir/MiniOzoneClusterImpl-adca7f43-f686-4ef5-81ed-33e1f333fc0f/datanode-2/data/ratis] (custom)
2022-02-10 17:16:28,451 [pool-320-thread-1] INFO  server.RaftServerConfigKeys (ConfUtils.java:logGet(44)) - raft.server.log.corruption.policy = EXCEPTION (default)
2022-02-10 17:16:28,451 [pool-320-thread-1] INFO  server.RaftServerConfigKeys (ConfUtils.java:logGet(44)) - raft.server.storage.free-space.min = 0MB (=0) (default)
2022-02-10 17:16:28,451 [pool-320-thread-1] INFO  storage.RaftStorageDirectory (RaftStorageDirectoryImpl.java:analyzeStorage(135)) - The storage directory /home/runner/work/ozone/ozone/hadoop-ozone/integration-test/target/test-dir/MiniOzoneClusterImpl-adca7f43-f686-4ef5-81ed-33e1f333fc0f/datanode-2/data/ratis/90841546-1731-4e52-8317-38d07942653a does not exist. Creating ...
2022-02-10 17:16:28,453 [pool-320-thread-1] INFO  storage.RaftStorageDirectory (RaftStorageDirectoryImpl.java:tryLock(230)) - Lock on /home/runner/work/ozone/ozone/hadoop-ozone/integration-test/target/test-dir/MiniOzoneClusterImpl-adca7f43-f686-4ef5-81ed-33e1f333fc0f/datanode-2/data/ratis/90841546-1731-4e52-8317-38d07942653a/in_use.lock acquired by nodename 23291@fv-az184-768
2022-02-10 17:16:28,453 [EndpointStateMachine task thread for /127.0.0.1:33255 - 0 ] INFO  ipc.Client (Client.java:handleConnectionFailure(977)) - Retrying connect to server: localhost/127.0.0.1:33255. Already tried 10 time(s); retry policy is RetryUpToMaximumCountWithFixedSleep(maxRetries=15, sleepTime=1000 MILLISECONDS)
2022-02-10 17:16:28,458 [pool-320-thread-1] INFO  storage.RaftStorage (RaftStorageImpl.java:format(89)) - Storage directory /home/runner/work/ozone/ozone/hadoop-ozone/integration-test/target/test-dir/MiniOzoneClusterImpl-adca7f43-f686-4ef5-81ed-33e1f333fc0f/datanode-2/data/ratis/90841546-1731-4e52-8317-38d07942653a has been successfully formatted.
2022-02-10 17:16:28,459 [pool-320-thread-1] INFO  ratis.ContainerStateMachine (ContainerStateMachine.java:loadSnapshot(231)) - group-38D07942653A: The snapshot info is null. Setting the last applied indexto:(t:0, i:~)
2022-02-10 17:16:28,459 [pool-320-thread-1] INFO  server.RaftServerConfigKeys (ConfUtils.java:logGet(44)) - raft.server.notification.no-leader.timeout = 300s (custom)
2022-02-10 17:16:28,459 [pool-320-thread-1] INFO  server.RaftServerConfigKeys (ConfUtils.java:logGet(44)) - raft.server.log.use.memory = false (default)
2022-02-10 17:16:28,460 [pool-320-thread-1] INFO  server.RaftServerConfigKeys (ConfUtils.java:logGet(44)) - raft.server.log.purge.gap = 1000000 (custom)
2022-02-10 17:16:28,460 [pool-320-thread-1] INFO  server.RaftServerConfigKeys (ConfUtils.java:logGet(44)) - raft.server.log.appender.buffer.byte-limit = 33554432 (custom)
2022-02-10 17:16:28,460 [pool-320-thread-1] INFO  server.RaftServerConfigKeys (ConfUtils.java:logGet(44)) - raft.server.log.segment.size.max = 1048576 (custom)
2022-02-10 17:16:28,460 [pool-320-thread-1] INFO  server.RaftServerConfigKeys (ConfUtils.java:logGet(44)) - raft.server.log.segment.cache.num.max = 2 (custom)
2022-02-10 17:16:28,460 [pool-320-thread-1] INFO  server.RaftServerConfigKeys (ConfUtils.java:logGet(44)) - raft.server.log.segment.cache.size.max = 200MB (=209715200) (default)
2022-02-10 17:16:28,460 [pool-320-thread-1] INFO  segmented.SegmentedRaftLogWorker (SegmentedRaftLogWorker.java:<init>(182)) - new 61d42259-4cfd-40d6-918e-44f81e16f570@group-38D07942653A-SegmentedRaftLogWorker for RaftStorageImpl:Storage Directory /home/runner/work/ozone/ozone/hadoop-ozone/integration-test/target/test-dir/MiniOzoneClusterImpl-adca7f43-f686-4ef5-81ed-33e1f333fc0f/datanode-2/data/ratis/90841546-1731-4e52-8317-38d07942653a
2022-02-10 17:16:28,460 [pool-320-thread-1] INFO  server.RaftServerConfigKeys (ConfUtils.java:logGet(44)) - raft.server.log.queue.byte-limit = 2147483647 (custom)
2022-02-10 17:16:28,460 [pool-320-thread-1] INFO  server.RaftServerConfigKeys (ConfUtils.java:logGet(44)) - raft.server.log.queue.element-limit = 1024 (custom)
2022-02-10 17:16:28,461 [pool-320-thread-1] INFO  server.RaftServerConfigKeys (ConfUtils.java:logGet(44)) - raft.server.log.segment.size.max = 1048576 (custom)
2022-02-10 17:16:28,461 [pool-320-thread-1] INFO  server.RaftServerConfigKeys (ConfUtils.java:logGet(44)) - raft.server.log.preallocated.size = 16384 (custom)
2022-02-10 17:16:28,461 [pool-320-thread-1] INFO  server.RaftServerConfigKeys (ConfUtils.java:logGet(44)) - raft.server.log.force.sync.num = 128 (default)
2022-02-10 17:16:28,461 [pool-320-thread-1] INFO  server.RaftServerConfigKeys (ConfUtils.java:logGet(44)) - raft.server.log.statemachine.data.sync = true (default)
2022-02-10 17:16:28,461 [pool-320-thread-1] INFO  server.RaftServerConfigKeys (ConfUtils.java:logGet(44)) - raft.server.log.statemachine.data.sync.timeout = 10s (default)
2022-02-10 17:16:28,461 [pool-320-thread-1] INFO  server.RaftServerConfigKeys (ConfUtils.java:logGet(44)) - raft.server.log.statemachine.data.sync.timeout.retry = -1 (default)
2022-02-10 17:16:28,462 [pool-320-thread-1] INFO  server.RaftServerConfigKeys (ConfUtils.java:logGet(44)) - raft.server.log.write.buffer.size = 1048576 (custom)
2022-02-10 17:16:28,473 [pool-320-thread-1] INFO  server.RaftServerConfigKeys (ConfUtils.java:logGet(44)) - raft.server.log.statemachine.data.caching.enabled = true (custom)
2022-02-10 17:16:28,473 [pool-320-thread-1] INFO  segmented.SegmentedRaftLogWorker (SegmentedRaftLogWorker.java:lambda$new$0(133)) - 61d42259-4cfd-40d6-918e-44f81e16f570@group-38D07942653A-SegmentedRaftLogWorker: flushIndex: setUnconditionally 0 -> -1
2022-02-10 17:16:28,473 [pool-320-thread-1] INFO  segmented.SegmentedRaftLogWorker (SegmentedRaftLogWorker.java:lambda$new$0(133)) - 61d42259-4cfd-40d6-918e-44f81e16f570@group-38D07942653A-SegmentedRaftLogWorker: safeCacheEvictIndex: setUnconditionally 0 -> -1
2022-02-10 17:16:28,483 [pool-320-thread-1] INFO  server.RaftServerConfigKeys (ConfUtils.java:logGet(44)) - raft.server.snapshot.auto.trigger.enabled = true (custom)
2022-02-10 17:16:28,483 [pool-320-thread-1] INFO  server.RaftServerConfigKeys (ConfUtils.java:logGet(44)) - raft.server.snapshot.auto.trigger.threshold = 10000 (custom)
2022-02-10 17:16:28,483 [pool-320-thread-1] INFO  server.RaftServerConfigKeys (ConfUtils.java:logGet(44)) - raft.server.snapshot.retention.file.num = 5 (custom)
2022-02-10 17:16:28,483 [pool-320-thread-1] INFO  server.RaftServerConfigKeys (ConfUtils.java:logGet(44)) - raft.server.log.purge.upto.snapshot.index = false (default)
2022-02-10 17:16:28,483 [pool-320-thread-1] INFO  server.RaftServerConfigKeys (ConfUtils.java:logGet(44)) - raft.server.retrycache.expirytime = 600000ms (custom)
2022-02-10 17:16:28,483 [pool-320-thread-1] INFO  server.RaftServerConfigKeys (ConfUtils.java:logGet(44)) - raft.server.retrycache.statistics.expirytime = 100μs (default)
2022-02-10 17:16:28,484 [pool-320-thread-1] INFO  server.RaftServer$Division (RaftServerImpl.java:start(301)) - 61d42259-4cfd-40d6-918e-44f81e16f570@group-38D07942653A: start as a follower, conf=-1: [f6245613-14ba-4d4d-b898-c08ac71d98ac|rpc:127.0.0.1:38519|dataStream:|priority:1, d1437619-3fac-44a6-ae3d-075107d274e3|rpc:127.0.0.1:41341|dataStream:|priority:0, 61d42259-4cfd-40d6-918e-44f81e16f570|rpc:127.0.0.1:33511|dataStream:|priority:0], old=null
2022-02-10 17:16:28,485 [pool-320-thread-1] INFO  server.RaftServer$Division (RaftServerImpl.java:setRole(290)) - 61d42259-4cfd-40d6-918e-44f81e16f570@group-38D07942653A: changes role from      null to FOLLOWER at term 0 for startAsFollower
2022-02-10 17:16:28,485 [pool-320-thread-1] INFO  impl.RoleInfo (RoleInfo.java:updateAndGet(130)) - 61d42259-4cfd-40d6-918e-44f81e16f570: start 61d42259-4cfd-40d6-918e-44f81e16f570@group-38D07942653A-FollowerState
2022-02-10 17:16:28,500 [pool-320-thread-1] INFO  util.JmxRegister (JmxRegister.java:tryRegister(44)) - Successfully registered JMX Bean with object name Ratis:service=RaftServer,group=group-38D07942653A,id=61d42259-4cfd-40d6-918e-44f81e16f570
2022-02-10 17:16:28,571 [grpc-default-executor-2] INFO  server.RaftServer (RaftServerProxy.java:addNew(95)) - f6245613-14ba-4d4d-b898-c08ac71d98ac: addNew group-38D07942653A:[f6245613-14ba-4d4d-b898-c08ac71d98ac|rpc:127.0.0.1:38519|dataStream:|priority:1, d1437619-3fac-44a6-ae3d-075107d274e3|rpc:127.0.0.1:41341|dataStream:|priority:0, 61d42259-4cfd-40d6-918e-44f81e16f570|rpc:127.0.0.1:33511|dataStream:|priority:0] returns group-38D07942653A:java.util.concurrent.CompletableFuture@789fa37[Not completed]
2022-02-10 17:16:28,580 [pool-299-thread-1] INFO  server.RaftServer$Division (RaftServerImpl.java:<init>(184)) - f6245613-14ba-4d4d-b898-c08ac71d98ac: new RaftServerImpl for group-38D07942653A:[f6245613-14ba-4d4d-b898-c08ac71d98ac|rpc:127.0.0.1:38519|dataStream:|priority:1, d1437619-3fac-44a6-ae3d-075107d274e3|rpc:127.0.0.1:41341|dataStream:|priority:0, 61d42259-4cfd-40d6-918e-44f81e16f570|rpc:127.0.0.1:33511|dataStream:|priority:0] with ContainerStateMachine:uninitialized
2022-02-10 17:16:28,595 [pool-299-thread-1] INFO  server.RaftServerConfigKeys (ConfUtils.java:logGet(44)) - raft.server.rpc.timeout.min = 5s (custom)
2022-02-10 17:16:28,595 [pool-299-thread-1] INFO  server.RaftServerConfigKeys (ConfUtils.java:logGet(44)) - raft.server.rpc.timeout.max = 5200ms (custom)
2022-02-10 17:16:28,595 [pool-299-thread-1] INFO  server.RaftServerConfigKeys (ConfUtils.java:logGet(44)) - raft.server.rpc.sleep.time = 25ms (default)
2022-02-10 17:16:28,595 [pool-299-thread-1] INFO  server.RaftServerConfigKeys (ConfUtils.java:logGet(44)) - raft.server.rpc.slowness.timeout = 300s (custom)
2022-02-10 17:16:28,595 [pool-299-thread-1] INFO  server.RaftServerConfigKeys (ConfUtils.java:logGet(44)) - raft.server.leaderelection.leader.step-down.wait-time = 10s (default)
2022-02-10 17:16:28,595 [pool-299-thread-1] INFO  server.RaftServerConfigKeys (ConfUtils.java:logGet(44)) - raft.server.sleep.deviation.threshold = 300ms (default)
2022-02-10 17:16:28,595 [pool-299-thread-1] INFO  server.RaftServerConfigKeys (ConfUtils.java:logGet(44)) - raft.server.log.appender.install.snapshot.enabled = false (custom)
2022-02-10 17:16:28,595 [pool-299-thread-1] INFO  server.RaftServer$Division (ServerState.java:<init>(105)) - f6245613-14ba-4d4d-b898-c08ac71d98ac@group-38D07942653A: ConfigurationManager, init=-1: [f6245613-14ba-4d4d-b898-c08ac71d98ac|rpc:127.0.0.1:38519|dataStream:|priority:1, d1437619-3fac-44a6-ae3d-075107d274e3|rpc:127.0.0.1:41341|dataStream:|priority:0, 61d42259-4cfd-40d6-918e-44f81e16f570|rpc:127.0.0.1:33511|dataStream:|priority:0], old=null, confs=<EMPTY_MAP>
2022-02-10 17:16:28,595 [pool-299-thread-1] INFO  server.RaftServerConfigKeys (ConfUtils.java:logGet(44)) - raft.server.storage.dir = [/home/runner/work/ozone/ozone/hadoop-ozone/integration-test/target/test-dir/MiniOzoneClusterImpl-adca7f43-f686-4ef5-81ed-33e1f333fc0f/datanode-1/data/ratis] (custom)
2022-02-10 17:16:28,595 [pool-299-thread-1] INFO  server.RaftServerConfigKeys (ConfUtils.java:logGet(44)) - raft.server.log.corruption.policy = EXCEPTION (default)
2022-02-10 17:16:28,595 [pool-299-thread-1] INFO  server.RaftServerConfigKeys (ConfUtils.java:logGet(44)) - raft.server.storage.free-space.min = 0MB (=0) (default)
2022-02-10 17:16:28,595 [pool-299-thread-1] INFO  storage.RaftStorageDirectory (RaftStorageDirectoryImpl.java:analyzeStorage(135)) - The storage directory /home/runner/work/ozone/ozone/hadoop-ozone/integration-test/target/test-dir/MiniOzoneClusterImpl-adca7f43-f686-4ef5-81ed-33e1f333fc0f/datanode-1/data/ratis/90841546-1731-4e52-8317-38d07942653a does not exist. Creating ...
2022-02-10 17:16:28,597 [pool-299-thread-1] INFO  storage.RaftStorageDirectory (RaftStorageDirectoryImpl.java:tryLock(230)) - Lock on /home/runner/work/ozone/ozone/hadoop-ozone/integration-test/target/test-dir/MiniOzoneClusterImpl-adca7f43-f686-4ef5-81ed-33e1f333fc0f/datanode-1/data/ratis/90841546-1731-4e52-8317-38d07942653a/in_use.lock acquired by nodename 23291@fv-az184-768
2022-02-10 17:16:28,598 [pool-299-thread-1] INFO  storage.RaftStorage (RaftStorageImpl.java:format(89)) - Storage directory /home/runner/work/ozone/ozone/hadoop-ozone/integration-test/target/test-dir/MiniOzoneClusterImpl-adca7f43-f686-4ef5-81ed-33e1f333fc0f/datanode-1/data/ratis/90841546-1731-4e52-8317-38d07942653a has been successfully formatted.
2022-02-10 17:16:28,599 [pool-299-thread-1] INFO  ratis.ContainerStateMachine (ContainerStateMachine.java:loadSnapshot(231)) - group-38D07942653A: The snapshot info is null. Setting the last applied indexto:(t:0, i:~)
2022-02-10 17:16:28,600 [pool-299-thread-1] INFO  server.RaftServerConfigKeys (ConfUtils.java:logGet(44)) - raft.server.notification.no-leader.timeout = 300s (custom)
2022-02-10 17:16:28,600 [pool-299-thread-1] INFO  server.RaftServerConfigKeys (ConfUtils.java:logGet(44)) - raft.server.log.use.memory = false (default)
2022-02-10 17:16:28,600 [pool-299-thread-1] INFO  server.RaftServerConfigKeys (ConfUtils.java:logGet(44)) - raft.server.log.purge.gap = 1000000 (custom)
2022-02-10 17:16:28,600 [pool-299-thread-1] INFO  server.RaftServerConfigKeys (ConfUtils.java:logGet(44)) - raft.server.log.appender.buffer.byte-limit = 33554432 (custom)
2022-02-10 17:16:28,600 [pool-299-thread-1] INFO  server.RaftServerConfigKeys (ConfUtils.java:logGet(44)) - raft.server.log.segment.size.max = 1048576 (custom)
2022-02-10 17:16:28,600 [pool-299-thread-1] INFO  server.RaftServerConfigKeys (ConfUtils.java:logGet(44)) - raft.server.log.segment.cache.num.max = 2 (custom)
2022-02-10 17:16:28,601 [pool-299-thread-1] INFO  server.RaftServerConfigKeys (ConfUtils.java:logGet(44)) - raft.server.log.segment.cache.size.max = 200MB (=209715200) (default)
2022-02-10 17:16:28,601 [pool-299-thread-1] INFO  segmented.SegmentedRaftLogWorker (SegmentedRaftLogWorker.java:<init>(182)) - new f6245613-14ba-4d4d-b898-c08ac71d98ac@group-38D07942653A-SegmentedRaftLogWorker for RaftStorageImpl:Storage Directory /home/runner/work/ozone/ozone/hadoop-ozone/integration-test/target/test-dir/MiniOzoneClusterImpl-adca7f43-f686-4ef5-81ed-33e1f333fc0f/datanode-1/data/ratis/90841546-1731-4e52-8317-38d07942653a
2022-02-10 17:16:28,601 [pool-299-thread-1] INFO  server.RaftServerConfigKeys (ConfUtils.java:logGet(44)) - raft.server.log.queue.byte-limit = 2147483647 (custom)
2022-02-10 17:16:28,601 [pool-299-thread-1] INFO  server.RaftServerConfigKeys (ConfUtils.java:logGet(44)) - raft.server.log.queue.element-limit = 1024 (custom)
2022-02-10 17:16:28,601 [pool-299-thread-1] INFO  server.RaftServerConfigKeys (ConfUtils.java:logGet(44)) - raft.server.log.segment.size.max = 1048576 (custom)
2022-02-10 17:16:28,601 [pool-299-thread-1] INFO  server.RaftServerConfigKeys (ConfUtils.java:logGet(44)) - raft.server.log.preallocated.size = 16384 (custom)
2022-02-10 17:16:28,601 [pool-299-thread-1] INFO  server.RaftServerConfigKeys (ConfUtils.java:logGet(44)) - raft.server.log.force.sync.num = 128 (default)
2022-02-10 17:16:28,601 [pool-299-thread-1] INFO  server.RaftServerConfigKeys (ConfUtils.java:logGet(44)) - raft.server.log.statemachine.data.sync = true (default)
2022-02-10 17:16:28,601 [pool-299-thread-1] INFO  server.RaftServerConfigKeys (ConfUtils.java:logGet(44)) - raft.server.log.statemachine.data.sync.timeout = 10s (default)
2022-02-10 17:16:28,601 [pool-299-thread-1] INFO  server.RaftServerConfigKeys (ConfUtils.java:logGet(44)) - raft.server.log.statemachine.data.sync.timeout.retry = -1 (default)
2022-02-10 17:16:28,602 [pool-299-thread-1] INFO  server.RaftServerConfigKeys (ConfUtils.java:logGet(44)) - raft.server.log.write.buffer.size = 1048576 (custom)
2022-02-10 17:16:28,605 [pool-299-thread-1] INFO  server.RaftServerConfigKeys (ConfUtils.java:logGet(44)) - raft.server.log.statemachine.data.caching.enabled = true (custom)
2022-02-10 17:16:28,606 [pool-299-thread-1] INFO  segmented.SegmentedRaftLogWorker (SegmentedRaftLogWorker.java:lambda$new$0(133)) - f6245613-14ba-4d4d-b898-c08ac71d98ac@group-38D07942653A-SegmentedRaftLogWorker: flushIndex: setUnconditionally 0 -> -1
2022-02-10 17:16:28,606 [pool-299-thread-1] INFO  segmented.SegmentedRaftLogWorker (SegmentedRaftLogWorker.java:lambda$new$0(133)) - f6245613-14ba-4d4d-b898-c08ac71d98ac@group-38D07942653A-SegmentedRaftLogWorker: safeCacheEvictIndex: setUnconditionally 0 -> -1
2022-02-10 17:16:28,606 [pool-299-thread-1] INFO  server.RaftServerConfigKeys (ConfUtils.java:logGet(44)) - raft.server.snapshot.auto.trigger.enabled = true (custom)
2022-02-10 17:16:28,606 [pool-299-thread-1] INFO  server.RaftServerConfigKeys (ConfUtils.java:logGet(44)) - raft.server.snapshot.auto.trigger.threshold = 10000 (custom)
2022-02-10 17:16:28,606 [pool-299-thread-1] INFO  server.RaftServerConfigKeys (ConfUtils.java:logGet(44)) - raft.server.snapshot.retention.file.num = 5 (custom)
2022-02-10 17:16:28,606 [pool-299-thread-1] INFO  server.RaftServerConfigKeys (ConfUtils.java:logGet(44)) - raft.server.log.purge.upto.snapshot.index = false (default)
2022-02-10 17:16:28,606 [pool-299-thread-1] INFO  server.RaftServerConfigKeys (ConfUtils.java:logGet(44)) - raft.server.retrycache.expirytime = 600000ms (custom)
2022-02-10 17:16:28,606 [pool-299-thread-1] INFO  server.RaftServerConfigKeys (ConfUtils.java:logGet(44)) - raft.server.retrycache.statistics.expirytime = 100μs (default)
2022-02-10 17:16:28,608 [pool-299-thread-1] INFO  server.RaftServer$Division (RaftServerImpl.java:start(301)) - f6245613-14ba-4d4d-b898-c08ac71d98ac@group-38D07942653A: start as a follower, conf=-1: [f6245613-14ba-4d4d-b898-c08ac71d98ac|rpc:127.0.0.1:38519|dataStream:|priority:1, d1437619-3fac-44a6-ae3d-075107d274e3|rpc:127.0.0.1:41341|dataStream:|priority:0, 61d42259-4cfd-40d6-918e-44f81e16f570|rpc:127.0.0.1:33511|dataStream:|priority:0], old=null
2022-02-10 17:16:28,608 [pool-299-thread-1] INFO  server.RaftServer$Division (RaftServerImpl.java:setRole(290)) - f6245613-14ba-4d4d-b898-c08ac71d98ac@group-38D07942653A: changes role from      null to FOLLOWER at term 0 for startAsFollower
2022-02-10 17:16:28,608 [pool-299-thread-1] INFO  impl.RoleInfo (RoleInfo.java:updateAndGet(130)) - f6245613-14ba-4d4d-b898-c08ac71d98ac: start f6245613-14ba-4d4d-b898-c08ac71d98ac@group-38D07942653A-FollowerState
2022-02-10 17:16:28,608 [pool-299-thread-1] INFO  util.JmxRegister (JmxRegister.java:tryRegister(44)) - Successfully registered JMX Bean with object name Ratis:service=RaftServer,group=group-38D07942653A,id=f6245613-14ba-4d4d-b898-c08ac71d98ac
2022-02-10 17:16:28,619 [Command processor thread] INFO  commandhandler.CreatePipelineCommandHandler (CreatePipelineCommandHandler.java:handle(106)) - Created Pipeline RATIS THREE PipelineID=90841546-1731-4e52-8317-38d07942653a.
2022-02-10 17:16:28,619 [Command processor thread] INFO  server.RaftServer (RaftServerProxy.java:addNew(95)) - d1437619-3fac-44a6-ae3d-075107d274e3: addNew group-C8E65BBE6C27:[f6245613-14ba-4d4d-b898-c08ac71d98ac|rpc:127.0.0.1:38519|priority:0, d1437619-3fac-44a6-ae3d-075107d274e3|rpc:127.0.0.1:41341|priority:0, 61d42259-4cfd-40d6-918e-44f81e16f570|rpc:127.0.0.1:33511|priority:1] returns group-C8E65BBE6C27:java.util.concurrent.CompletableFuture@70f509d[Not completed]
2022-02-10 17:16:28,620 [pool-278-thread-1] INFO  server.RaftServer$Division (RaftServerImpl.java:<init>(184)) - d1437619-3fac-44a6-ae3d-075107d274e3: new RaftServerImpl for group-C8E65BBE6C27:[f6245613-14ba-4d4d-b898-c08ac71d98ac|rpc:127.0.0.1:38519|priority:0, d1437619-3fac-44a6-ae3d-075107d274e3|rpc:127.0.0.1:41341|priority:0, 61d42259-4cfd-40d6-918e-44f81e16f570|rpc:127.0.0.1:33511|priority:1] with ContainerStateMachine:uninitialized
2022-02-10 17:16:28,620 [pool-278-thread-1] INFO  server.RaftServerConfigKeys (ConfUtils.java:logGet(44)) - raft.server.rpc.timeout.min = 5s (custom)
2022-02-10 17:16:28,620 [pool-278-thread-1] INFO  server.RaftServerConfigKeys (ConfUtils.java:logGet(44)) - raft.server.rpc.timeout.max = 5200ms (custom)
2022-02-10 17:16:28,620 [pool-278-thread-1] INFO  server.RaftServerConfigKeys (ConfUtils.java:logGet(44)) - raft.server.rpc.sleep.time = 25ms (default)
2022-02-10 17:16:28,620 [pool-278-thread-1] INFO  server.RaftServerConfigKeys (ConfUtils.java:logGet(44)) - raft.server.rpc.slowness.timeout = 300s (custom)
2022-02-10 17:16:28,621 [pool-278-thread-1] INFO  server.RaftServerConfigKeys (ConfUtils.java:logGet(44)) - raft.server.leaderelection.leader.step-down.wait-time = 10s (default)
2022-02-10 17:16:28,621 [pool-278-thread-1] INFO  server.RaftServerConfigKeys (ConfUtils.java:logGet(44)) - raft.server.sleep.deviation.threshold = 300ms (default)
2022-02-10 17:16:28,621 [pool-278-thread-1] INFO  server.RaftServerConfigKeys (ConfUtils.java:logGet(44)) - raft.server.log.appender.install.snapshot.enabled = false (custom)
2022-02-10 17:16:28,621 [pool-278-thread-1] INFO  server.RaftServer$Division (ServerState.java:<init>(105)) - d1437619-3fac-44a6-ae3d-075107d274e3@group-C8E65BBE6C27: ConfigurationManager, init=-1: [f6245613-14ba-4d4d-b898-c08ac71d98ac|rpc:127.0.0.1:38519|priority:0, d1437619-3fac-44a6-ae3d-075107d274e3|rpc:127.0.0.1:41341|priority:0, 61d42259-4cfd-40d6-918e-44f81e16f570|rpc:127.0.0.1:33511|priority:1], old=null, confs=<EMPTY_MAP>
2022-02-10 17:16:28,621 [pool-278-thread-1] INFO  server.RaftServerConfigKeys (ConfUtils.java:logGet(44)) - raft.server.storage.dir = [/home/runner/work/ozone/ozone/hadoop-ozone/integration-test/target/test-dir/MiniOzoneClusterImpl-adca7f43-f686-4ef5-81ed-33e1f333fc0f/datanode-0/data/ratis] (custom)
2022-02-10 17:16:28,621 [pool-278-thread-1] INFO  server.RaftServerConfigKeys (ConfUtils.java:logGet(44)) - raft.server.log.corruption.policy = EXCEPTION (default)
2022-02-10 17:16:28,621 [pool-278-thread-1] INFO  server.RaftServerConfigKeys (ConfUtils.java:logGet(44)) - raft.server.storage.free-space.min = 0MB (=0) (default)
2022-02-10 17:16:28,621 [pool-278-thread-1] INFO  storage.RaftStorageDirectory (RaftStorageDirectoryImpl.java:analyzeStorage(135)) - The storage directory /home/runner/work/ozone/ozone/hadoop-ozone/integration-test/target/test-dir/MiniOzoneClusterImpl-adca7f43-f686-4ef5-81ed-33e1f333fc0f/datanode-0/data/ratis/acede841-f26d-4e3b-8220-c8e65bbe6c27 does not exist. Creating ...
2022-02-10 17:16:28,626 [pool-278-thread-1] INFO  storage.RaftStorageDirectory (RaftStorageDirectoryImpl.java:tryLock(230)) - Lock on /home/runner/work/ozone/ozone/hadoop-ozone/integration-test/target/test-dir/MiniOzoneClusterImpl-adca7f43-f686-4ef5-81ed-33e1f333fc0f/datanode-0/data/ratis/acede841-f26d-4e3b-8220-c8e65bbe6c27/in_use.lock acquired by nodename 23291@fv-az184-768
2022-02-10 17:16:28,629 [pool-278-thread-1] INFO  storage.RaftStorage (RaftStorageImpl.java:format(89)) - Storage directory /home/runner/work/ozone/ozone/hadoop-ozone/integration-test/target/test-dir/MiniOzoneClusterImpl-adca7f43-f686-4ef5-81ed-33e1f333fc0f/datanode-0/data/ratis/acede841-f26d-4e3b-8220-c8e65bbe6c27 has been successfully formatted.
2022-02-10 17:16:28,629 [pool-278-thread-1] INFO  ratis.ContainerStateMachine (ContainerStateMachine.java:loadSnapshot(231)) - group-C8E65BBE6C27: The snapshot info is null. Setting the last applied indexto:(t:0, i:~)
2022-02-10 17:16:28,629 [pool-278-thread-1] INFO  server.RaftServerConfigKeys (ConfUtils.java:logGet(44)) - raft.server.notification.no-leader.timeout = 300s (custom)
2022-02-10 17:16:28,629 [pool-278-thread-1] INFO  server.RaftServerConfigKeys (ConfUtils.java:logGet(44)) - raft.server.log.use.memory = false (default)
2022-02-10 17:16:28,629 [pool-278-thread-1] INFO  server.RaftServerConfigKeys (ConfUtils.java:logGet(44)) - raft.server.log.purge.gap = 1000000 (custom)
2022-02-10 17:16:28,629 [pool-278-thread-1] INFO  server.RaftServerConfigKeys (ConfUtils.java:logGet(44)) - raft.server.log.appender.buffer.byte-limit = 33554432 (custom)
2022-02-10 17:16:28,630 [pool-278-thread-1] INFO  server.RaftServerConfigKeys (ConfUtils.java:logGet(44)) - raft.server.log.segment.size.max = 1048576 (custom)
2022-02-10 17:16:28,630 [pool-278-thread-1] INFO  server.RaftServerConfigKeys (ConfUtils.java:logGet(44)) - raft.server.log.segment.cache.num.max = 2 (custom)
2022-02-10 17:16:28,630 [pool-278-thread-1] INFO  server.RaftServerConfigKeys (ConfUtils.java:logGet(44)) - raft.server.log.segment.cache.size.max = 200MB (=209715200) (default)
2022-02-10 17:16:28,630 [pool-278-thread-1] INFO  segmented.SegmentedRaftLogWorker (SegmentedRaftLogWorker.java:<init>(182)) - new d1437619-3fac-44a6-ae3d-075107d274e3@group-C8E65BBE6C27-SegmentedRaftLogWorker for RaftStorageImpl:Storage Directory /home/runner/work/ozone/ozone/hadoop-ozone/integration-test/target/test-dir/MiniOzoneClusterImpl-adca7f43-f686-4ef5-81ed-33e1f333fc0f/datanode-0/data/ratis/acede841-f26d-4e3b-8220-c8e65bbe6c27
2022-02-10 17:16:28,630 [pool-278-thread-1] INFO  server.RaftServerConfigKeys (ConfUtils.java:logGet(44)) - raft.server.log.queue.byte-limit = 2147483647 (custom)
2022-02-10 17:16:28,630 [pool-278-thread-1] INFO  server.RaftServerConfigKeys (ConfUtils.java:logGet(44)) - raft.server.log.queue.element-limit = 1024 (custom)
2022-02-10 17:16:28,631 [pool-278-thread-1] INFO  server.RaftServerConfigKeys (ConfUtils.java:logGet(44)) - raft.server.log.segment.size.max = 1048576 (custom)
2022-02-10 17:16:28,631 [pool-278-thread-1] INFO  server.RaftServerConfigKeys (ConfUtils.java:logGet(44)) - raft.server.log.preallocated.size = 16384 (custom)
2022-02-10 17:16:28,631 [EventQueue-OpenPipelineForHealthyPipelineSafeModeRule] INFO  safemode.SCMSafeModeManager (HealthyPipelineSafeModeRule.java:process(124)) - SCM in safe mode. Healthy pipelines reported count is 0, required healthy pipeline reported count is 1
2022-02-10 17:16:28,631 [pool-278-thread-1] INFO  server.RaftServerConfigKeys (ConfUtils.java:logGet(44)) - raft.server.log.force.sync.num = 128 (default)
2022-02-10 17:16:28,631 [pool-278-thread-1] INFO  server.RaftServerConfigKeys (ConfUtils.java:logGet(44)) - raft.server.log.statemachine.data.sync = true (default)
2022-02-10 17:16:28,631 [pool-278-thread-1] INFO  server.RaftServerConfigKeys (ConfUtils.java:logGet(44)) - raft.server.log.statemachine.data.sync.timeout = 10s (default)
2022-02-10 17:16:28,631 [pool-278-thread-1] INFO  server.RaftServerConfigKeys (ConfUtils.java:logGet(44)) - raft.server.log.statemachine.data.sync.timeout.retry = -1 (default)
2022-02-10 17:16:28,632 [pool-278-thread-1] INFO  server.RaftServerConfigKeys (ConfUtils.java:logGet(44)) - raft.server.log.write.buffer.size = 1048576 (custom)
2022-02-10 17:16:28,633 [pool-278-thread-1] INFO  server.RaftServerConfigKeys (ConfUtils.java:logGet(44)) - raft.server.log.statemachine.data.caching.enabled = true (custom)
2022-02-10 17:16:28,634 [pool-278-thread-1] INFO  segmented.SegmentedRaftLogWorker (SegmentedRaftLogWorker.java:lambda$new$0(133)) - d1437619-3fac-44a6-ae3d-075107d274e3@group-C8E65BBE6C27-SegmentedRaftLogWorker: flushIndex: setUnconditionally 0 -> -1
2022-02-10 17:16:28,634 [pool-278-thread-1] INFO  segmented.SegmentedRaftLogWorker (SegmentedRaftLogWorker.java:lambda$new$0(133)) - d1437619-3fac-44a6-ae3d-075107d274e3@group-C8E65BBE6C27-SegmentedRaftLogWorker: safeCacheEvictIndex: setUnconditionally 0 -> -1
2022-02-10 17:16:28,641 [pool-278-thread-1] INFO  server.RaftServerConfigKeys (ConfUtils.java:logGet(44)) - raft.server.snapshot.auto.trigger.enabled = true (custom)
2022-02-10 17:16:28,641 [pool-278-thread-1] INFO  server.RaftServerConfigKeys (ConfUtils.java:logGet(44)) - raft.server.snapshot.auto.trigger.threshold = 10000 (custom)
2022-02-10 17:16:28,641 [pool-278-thread-1] INFO  server.RaftServerConfigKeys (ConfUtils.java:logGet(44)) - raft.server.snapshot.retention.file.num = 5 (custom)
2022-02-10 17:16:28,642 [pool-278-thread-1] INFO  server.RaftServerConfigKeys (ConfUtils.java:logGet(44)) - raft.server.log.purge.upto.snapshot.index = false (default)
2022-02-10 17:16:28,642 [pool-278-thread-1] INFO  server.RaftServerConfigKeys (ConfUtils.java:logGet(44)) - raft.server.retrycache.expirytime = 600000ms (custom)
2022-02-10 17:16:28,642 [pool-278-thread-1] INFO  server.RaftServerConfigKeys (ConfUtils.java:logGet(44)) - raft.server.retrycache.statistics.expirytime = 100μs (default)
2022-02-10 17:16:28,647 [pool-278-thread-1] INFO  server.RaftServer$Division (RaftServerImpl.java:start(301)) - d1437619-3fac-44a6-ae3d-075107d274e3@group-C8E65BBE6C27: start as a follower, conf=-1: [f6245613-14ba-4d4d-b898-c08ac71d98ac|rpc:127.0.0.1:38519|priority:0, d1437619-3fac-44a6-ae3d-075107d274e3|rpc:127.0.0.1:41341|priority:0, 61d42259-4cfd-40d6-918e-44f81e16f570|rpc:127.0.0.1:33511|priority:1], old=null
2022-02-10 17:16:28,647 [pool-278-thread-1] INFO  server.RaftServer$Division (RaftServerImpl.java:setRole(290)) - d1437619-3fac-44a6-ae3d-075107d274e3@group-C8E65BBE6C27: changes role from      null to FOLLOWER at term 0 for startAsFollower
2022-02-10 17:16:28,647 [pool-278-thread-1] INFO  impl.RoleInfo (RoleInfo.java:updateAndGet(130)) - d1437619-3fac-44a6-ae3d-075107d274e3: start d1437619-3fac-44a6-ae3d-075107d274e3@group-C8E65BBE6C27-FollowerState
2022-02-10 17:16:28,659 [pool-278-thread-1] INFO  util.JmxRegister (JmxRegister.java:tryRegister(44)) - Successfully registered JMX Bean with object name Ratis:service=RaftServer,group=group-C8E65BBE6C27,id=d1437619-3fac-44a6-ae3d-075107d274e3
2022-02-10 17:16:28,660 [Command processor thread] INFO  ratis.XceiverServerRatis (XceiverServerRatis.java:addGroup(768)) - Created group PipelineID=acede841-f26d-4e3b-8220-c8e65bbe6c27
2022-02-10 17:16:28,673 [grpc-default-executor-2] INFO  server.RaftServer (RaftServerProxy.java:addNew(95)) - f6245613-14ba-4d4d-b898-c08ac71d98ac: addNew group-C8E65BBE6C27:[f6245613-14ba-4d4d-b898-c08ac71d98ac|rpc:127.0.0.1:38519|dataStream:|priority:0, d1437619-3fac-44a6-ae3d-075107d274e3|rpc:127.0.0.1:41341|dataStream:|priority:0, 61d42259-4cfd-40d6-918e-44f81e16f570|rpc:127.0.0.1:33511|dataStream:|priority:1] returns group-C8E65BBE6C27:java.util.concurrent.CompletableFuture@48526c45[Not completed]
2022-02-10 17:16:28,674 [pool-299-thread-1] INFO  server.RaftServer$Division (RaftServerImpl.java:<init>(184)) - f6245613-14ba-4d4d-b898-c08ac71d98ac: new RaftServerImpl for group-C8E65BBE6C27:[f6245613-14ba-4d4d-b898-c08ac71d98ac|rpc:127.0.0.1:38519|dataStream:|priority:0, d1437619-3fac-44a6-ae3d-075107d274e3|rpc:127.0.0.1:41341|dataStream:|priority:0, 61d42259-4cfd-40d6-918e-44f81e16f570|rpc:127.0.0.1:33511|dataStream:|priority:1] with ContainerStateMachine:uninitialized
2022-02-10 17:16:28,674 [pool-299-thread-1] INFO  server.RaftServerConfigKeys (ConfUtils.java:logGet(44)) - raft.server.rpc.timeout.min = 5s (custom)
2022-02-10 17:16:28,674 [pool-299-thread-1] INFO  server.RaftServerConfigKeys (ConfUtils.java:logGet(44)) - raft.server.rpc.timeout.max = 5200ms (custom)
2022-02-10 17:16:28,674 [pool-299-thread-1] INFO  server.RaftServerConfigKeys (ConfUtils.java:logGet(44)) - raft.server.rpc.sleep.time = 25ms (default)
2022-02-10 17:16:28,674 [pool-299-thread-1] INFO  server.RaftServerConfigKeys (ConfUtils.java:logGet(44)) - raft.server.rpc.slowness.timeout = 300s (custom)
2022-02-10 17:16:28,674 [pool-299-thread-1] INFO  server.RaftServerConfigKeys (ConfUtils.java:logGet(44)) - raft.server.leaderelection.leader.step-down.wait-time = 10s (default)
2022-02-10 17:16:28,674 [pool-299-thread-1] INFO  server.RaftServerConfigKeys (ConfUtils.java:logGet(44)) - raft.server.sleep.deviation.threshold = 300ms (default)
2022-02-10 17:16:28,674 [pool-299-thread-1] INFO  server.RaftServerConfigKeys (ConfUtils.java:logGet(44)) - raft.server.log.appender.install.snapshot.enabled = false (custom)
2022-02-10 17:16:28,674 [pool-299-thread-1] INFO  server.RaftServer$Division (ServerState.java:<init>(105)) - f6245613-14ba-4d4d-b898-c08ac71d98ac@group-C8E65BBE6C27: ConfigurationManager, init=-1: [f6245613-14ba-4d4d-b898-c08ac71d98ac|rpc:127.0.0.1:38519|dataStream:|priority:0, d1437619-3fac-44a6-ae3d-075107d274e3|rpc:127.0.0.1:41341|dataStream:|priority:0, 61d42259-4cfd-40d6-918e-44f81e16f570|rpc:127.0.0.1:33511|dataStream:|priority:1], old=null, confs=<EMPTY_MAP>
2022-02-10 17:16:28,675 [pool-299-thread-1] INFO  server.RaftServerConfigKeys (ConfUtils.java:logGet(44)) - raft.server.storage.dir = [/home/runner/work/ozone/ozone/hadoop-ozone/integration-test/target/test-dir/MiniOzoneClusterImpl-adca7f43-f686-4ef5-81ed-33e1f333fc0f/datanode-1/data/ratis] (custom)
2022-02-10 17:16:28,675 [pool-299-thread-1] INFO  server.RaftServerConfigKeys (ConfUtils.java:logGet(44)) - raft.server.log.corruption.policy = EXCEPTION (default)
2022-02-10 17:16:28,675 [pool-299-thread-1] INFO  server.RaftServerConfigKeys (ConfUtils.java:logGet(44)) - raft.server.storage.free-space.min = 0MB (=0) (default)
2022-02-10 17:16:28,675 [pool-299-thread-1] INFO  storage.RaftStorageDirectory (RaftStorageDirectoryImpl.java:analyzeStorage(135)) - The storage directory /home/runner/work/ozone/ozone/hadoop-ozone/integration-test/target/test-dir/MiniOzoneClusterImpl-adca7f43-f686-4ef5-81ed-33e1f333fc0f/datanode-1/data/ratis/acede841-f26d-4e3b-8220-c8e65bbe6c27 does not exist. Creating ...
2022-02-10 17:16:28,683 [pool-299-thread-1] INFO  storage.RaftStorageDirectory (RaftStorageDirectoryImpl.java:tryLock(230)) - Lock on /home/runner/work/ozone/ozone/hadoop-ozone/integration-test/target/test-dir/MiniOzoneClusterImpl-adca7f43-f686-4ef5-81ed-33e1f333fc0f/datanode-1/data/ratis/acede841-f26d-4e3b-8220-c8e65bbe6c27/in_use.lock acquired by nodename 23291@fv-az184-768
2022-02-10 17:16:28,684 [pool-299-thread-1] INFO  storage.RaftStorage (RaftStorageImpl.java:format(89)) - Storage directory /home/runner/work/ozone/ozone/hadoop-ozone/integration-test/target/test-dir/MiniOzoneClusterImpl-adca7f43-f686-4ef5-81ed-33e1f333fc0f/datanode-1/data/ratis/acede841-f26d-4e3b-8220-c8e65bbe6c27 has been successfully formatted.
2022-02-10 17:16:28,684 [pool-299-thread-1] INFO  ratis.ContainerStateMachine (ContainerStateMachine.java:loadSnapshot(231)) - group-C8E65BBE6C27: The snapshot info is null. Setting the last applied indexto:(t:0, i:~)
2022-02-10 17:16:28,684 [pool-299-thread-1] INFO  server.RaftServerConfigKeys (ConfUtils.java:logGet(44)) - raft.server.notification.no-leader.timeout = 300s (custom)
2022-02-10 17:16:28,684 [pool-299-thread-1] INFO  server.RaftServerConfigKeys (ConfUtils.java:logGet(44)) - raft.server.log.use.memory = false (default)
2022-02-10 17:16:28,684 [pool-299-thread-1] INFO  server.RaftServerConfigKeys (ConfUtils.java:logGet(44)) - raft.server.log.purge.gap = 1000000 (custom)
2022-02-10 17:16:28,685 [pool-299-thread-1] INFO  server.RaftServerConfigKeys (ConfUtils.java:logGet(44)) - raft.server.log.appender.buffer.byte-limit = 33554432 (custom)
2022-02-10 17:16:28,685 [pool-299-thread-1] INFO  server.RaftServerConfigKeys (ConfUtils.java:logGet(44)) - raft.server.log.segment.size.max = 1048576 (custom)
2022-02-10 17:16:28,685 [pool-299-thread-1] INFO  server.RaftServerConfigKeys (ConfUtils.java:logGet(44)) - raft.server.log.segment.cache.num.max = 2 (custom)
2022-02-10 17:16:28,685 [pool-299-thread-1] INFO  server.RaftServerConfigKeys (ConfUtils.java:logGet(44)) - raft.server.log.segment.cache.size.max = 200MB (=209715200) (default)
2022-02-10 17:16:28,685 [pool-299-thread-1] INFO  segmented.SegmentedRaftLogWorker (SegmentedRaftLogWorker.java:<init>(182)) - new f6245613-14ba-4d4d-b898-c08ac71d98ac@group-C8E65BBE6C27-SegmentedRaftLogWorker for RaftStorageImpl:Storage Directory /home/runner/work/ozone/ozone/hadoop-ozone/integration-test/target/test-dir/MiniOzoneClusterImpl-adca7f43-f686-4ef5-81ed-33e1f333fc0f/datanode-1/data/ratis/acede841-f26d-4e3b-8220-c8e65bbe6c27
2022-02-10 17:16:28,685 [pool-299-thread-1] INFO  server.RaftServerConfigKeys (ConfUtils.java:logGet(44)) - raft.server.log.queue.byte-limit = 2147483647 (custom)
2022-02-10 17:16:28,685 [pool-299-thread-1] INFO  server.RaftServerConfigKeys (ConfUtils.java:logGet(44)) - raft.server.log.queue.element-limit = 1024 (custom)
2022-02-10 17:16:28,685 [pool-299-thread-1] INFO  server.RaftServerConfigKeys (ConfUtils.java:logGet(44)) - raft.server.log.segment.size.max = 1048576 (custom)
2022-02-10 17:16:28,685 [pool-299-thread-1] INFO  server.RaftServerConfigKeys (ConfUtils.java:logGet(44)) - raft.server.log.preallocated.size = 16384 (custom)
2022-02-10 17:16:28,686 [pool-299-thread-1] INFO  server.RaftServerConfigKeys (ConfUtils.java:logGet(44)) - raft.server.log.force.sync.num = 128 (default)
2022-02-10 17:16:28,686 [pool-299-thread-1] INFO  server.RaftServerConfigKeys (ConfUtils.java:logGet(44)) - raft.server.log.statemachine.data.sync = true (default)
2022-02-10 17:16:28,686 [pool-299-thread-1] INFO  server.RaftServerConfigKeys (ConfUtils.java:logGet(44)) - raft.server.log.statemachine.data.sync.timeout = 10s (default)
2022-02-10 17:16:28,686 [pool-299-thread-1] INFO  server.RaftServerConfigKeys (ConfUtils.java:logGet(44)) - raft.server.log.statemachine.data.sync.timeout.retry = -1 (default)
2022-02-10 17:16:28,688 [pool-299-thread-1] INFO  server.RaftServerConfigKeys (ConfUtils.java:logGet(44)) - raft.server.log.write.buffer.size = 1048576 (custom)
2022-02-10 17:16:28,688 [pool-299-thread-1] INFO  server.RaftServerConfigKeys (ConfUtils.java:logGet(44)) - raft.server.log.statemachine.data.caching.enabled = true (custom)
2022-02-10 17:16:28,689 [pool-299-thread-1] INFO  segmented.SegmentedRaftLogWorker (SegmentedRaftLogWorker.java:lambda$new$0(133)) - f6245613-14ba-4d4d-b898-c08ac71d98ac@group-C8E65BBE6C27-SegmentedRaftLogWorker: flushIndex: setUnconditionally 0 -> -1
2022-02-10 17:16:28,689 [pool-299-thread-1] INFO  segmented.SegmentedRaftLogWorker (SegmentedRaftLogWorker.java:lambda$new$0(133)) - f6245613-14ba-4d4d-b898-c08ac71d98ac@group-C8E65BBE6C27-SegmentedRaftLogWorker: safeCacheEvictIndex: setUnconditionally 0 -> -1
2022-02-10 17:16:28,689 [pool-299-thread-1] INFO  server.RaftServerConfigKeys (ConfUtils.java:logGet(44)) - raft.server.snapshot.auto.trigger.enabled = true (custom)
2022-02-10 17:16:28,689 [pool-299-thread-1] INFO  server.RaftServerConfigKeys (ConfUtils.java:logGet(44)) - raft.server.snapshot.auto.trigger.threshold = 10000 (custom)
2022-02-10 17:16:28,689 [pool-299-thread-1] INFO  server.RaftServerConfigKeys (ConfUtils.java:logGet(44)) - raft.server.snapshot.retention.file.num = 5 (custom)
2022-02-10 17:16:28,689 [pool-299-thread-1] INFO  server.RaftServerConfigKeys (ConfUtils.java:logGet(44)) - raft.server.log.purge.upto.snapshot.index = false (default)
2022-02-10 17:16:28,689 [pool-299-thread-1] INFO  server.RaftServerConfigKeys (ConfUtils.java:logGet(44)) - raft.server.retrycache.expirytime = 600000ms (custom)
2022-02-10 17:16:28,689 [pool-299-thread-1] INFO  server.RaftServerConfigKeys (ConfUtils.java:logGet(44)) - raft.server.retrycache.statistics.expirytime = 100μs (default)
2022-02-10 17:16:28,691 [pool-299-thread-1] INFO  server.RaftServer$Division (RaftServerImpl.java:start(301)) - f6245613-14ba-4d4d-b898-c08ac71d98ac@group-C8E65BBE6C27: start as a follower, conf=-1: [f6245613-14ba-4d4d-b898-c08ac71d98ac|rpc:127.0.0.1:38519|dataStream:|priority:0, d1437619-3fac-44a6-ae3d-075107d274e3|rpc:127.0.0.1:41341|dataStream:|priority:0, 61d42259-4cfd-40d6-918e-44f81e16f570|rpc:127.0.0.1:33511|dataStream:|priority:1], old=null
2022-02-10 17:16:28,691 [pool-299-thread-1] INFO  server.RaftServer$Division (RaftServerImpl.java:setRole(290)) - f6245613-14ba-4d4d-b898-c08ac71d98ac@group-C8E65BBE6C27: changes role from      null to FOLLOWER at term 0 for startAsFollower
2022-02-10 17:16:28,691 [pool-299-thread-1] INFO  impl.RoleInfo (RoleInfo.java:updateAndGet(130)) - f6245613-14ba-4d4d-b898-c08ac71d98ac: start f6245613-14ba-4d4d-b898-c08ac71d98ac@group-C8E65BBE6C27-FollowerState
2022-02-10 17:16:28,715 [pool-299-thread-1] INFO  util.JmxRegister (JmxRegister.java:tryRegister(44)) - Successfully registered JMX Bean with object name Ratis:service=RaftServer,group=group-C8E65BBE6C27,id=f6245613-14ba-4d4d-b898-c08ac71d98ac
2022-02-10 17:16:28,763 [grpc-default-executor-2] INFO  server.RaftServer (RaftServerProxy.java:addNew(95)) - 61d42259-4cfd-40d6-918e-44f81e16f570: addNew group-C8E65BBE6C27:[f6245613-14ba-4d4d-b898-c08ac71d98ac|rpc:127.0.0.1:38519|dataStream:|priority:0, d1437619-3fac-44a6-ae3d-075107d274e3|rpc:127.0.0.1:41341|dataStream:|priority:0, 61d42259-4cfd-40d6-918e-44f81e16f570|rpc:127.0.0.1:33511|dataStream:|priority:1] returns group-C8E65BBE6C27:java.util.concurrent.CompletableFuture@767b3ef9[Not completed]
2022-02-10 17:16:28,764 [pool-320-thread-1] INFO  server.RaftServer$Division (RaftServerImpl.java:<init>(184)) - 61d42259-4cfd-40d6-918e-44f81e16f570: new RaftServerImpl for group-C8E65BBE6C27:[f6245613-14ba-4d4d-b898-c08ac71d98ac|rpc:127.0.0.1:38519|dataStream:|priority:0, d1437619-3fac-44a6-ae3d-075107d274e3|rpc:127.0.0.1:41341|dataStream:|priority:0, 61d42259-4cfd-40d6-918e-44f81e16f570|rpc:127.0.0.1:33511|dataStream:|priority:1] with ContainerStateMachine:uninitialized
2022-02-10 17:16:28,764 [pool-320-thread-1] INFO  server.RaftServerConfigKeys (ConfUtils.java:logGet(44)) - raft.server.rpc.timeout.min = 5s (custom)
2022-02-10 17:16:28,764 [pool-320-thread-1] INFO  server.RaftServerConfigKeys (ConfUtils.java:logGet(44)) - raft.server.rpc.timeout.max = 5200ms (custom)
2022-02-10 17:16:28,765 [pool-320-thread-1] INFO  server.RaftServerConfigKeys (ConfUtils.java:logGet(44)) - raft.server.rpc.sleep.time = 25ms (default)
2022-02-10 17:16:28,765 [pool-320-thread-1] INFO  server.RaftServerConfigKeys (ConfUtils.java:logGet(44)) - raft.server.rpc.slowness.timeout = 300s (custom)
2022-02-10 17:16:28,765 [pool-320-thread-1] INFO  server.RaftServerConfigKeys (ConfUtils.java:logGet(44)) - raft.server.leaderelection.leader.step-down.wait-time = 10s (default)
2022-02-10 17:16:28,765 [pool-320-thread-1] INFO  server.RaftServerConfigKeys (ConfUtils.java:logGet(44)) - raft.server.sleep.deviation.threshold = 300ms (default)
2022-02-10 17:16:28,765 [pool-320-thread-1] INFO  server.RaftServerConfigKeys (ConfUtils.java:logGet(44)) - raft.server.log.appender.install.snapshot.enabled = false (custom)
2022-02-10 17:16:28,765 [pool-320-thread-1] INFO  server.RaftServer$Division (ServerState.java:<init>(105)) - 61d42259-4cfd-40d6-918e-44f81e16f570@group-C8E65BBE6C27: ConfigurationManager, init=-1: [f6245613-14ba-4d4d-b898-c08ac71d98ac|rpc:127.0.0.1:38519|dataStream:|priority:0, d1437619-3fac-44a6-ae3d-075107d274e3|rpc:127.0.0.1:41341|dataStream:|priority:0, 61d42259-4cfd-40d6-918e-44f81e16f570|rpc:127.0.0.1:33511|dataStream:|priority:1], old=null, confs=<EMPTY_MAP>
2022-02-10 17:16:28,765 [pool-320-thread-1] INFO  server.RaftServerConfigKeys (ConfUtils.java:logGet(44)) - raft.server.storage.dir = [/home/runner/work/ozone/ozone/hadoop-ozone/integration-test/target/test-dir/MiniOzoneClusterImpl-adca7f43-f686-4ef5-81ed-33e1f333fc0f/datanode-2/data/ratis] (custom)
2022-02-10 17:16:28,765 [pool-320-thread-1] INFO  server.RaftServerConfigKeys (ConfUtils.java:logGet(44)) - raft.server.log.corruption.policy = EXCEPTION (default)
2022-02-10 17:16:28,765 [pool-320-thread-1] INFO  server.RaftServerConfigKeys (ConfUtils.java:logGet(44)) - raft.server.storage.free-space.min = 0MB (=0) (default)
2022-02-10 17:16:28,765 [pool-320-thread-1] INFO  storage.RaftStorageDirectory (RaftStorageDirectoryImpl.java:analyzeStorage(135)) - The storage directory /home/runner/work/ozone/ozone/hadoop-ozone/integration-test/target/test-dir/MiniOzoneClusterImpl-adca7f43-f686-4ef5-81ed-33e1f333fc0f/datanode-2/data/ratis/acede841-f26d-4e3b-8220-c8e65bbe6c27 does not exist. Creating ...
2022-02-10 17:16:28,769 [pool-320-thread-1] INFO  storage.RaftStorageDirectory (RaftStorageDirectoryImpl.java:tryLock(230)) - Lock on /home/runner/work/ozone/ozone/hadoop-ozone/integration-test/target/test-dir/MiniOzoneClusterImpl-adca7f43-f686-4ef5-81ed-33e1f333fc0f/datanode-2/data/ratis/acede841-f26d-4e3b-8220-c8e65bbe6c27/in_use.lock acquired by nodename 23291@fv-az184-768
2022-02-10 17:16:28,771 [pool-320-thread-1] INFO  storage.RaftStorage (RaftStorageImpl.java:format(89)) - Storage directory /home/runner/work/ozone/ozone/hadoop-ozone/integration-test/target/test-dir/MiniOzoneClusterImpl-adca7f43-f686-4ef5-81ed-33e1f333fc0f/datanode-2/data/ratis/acede841-f26d-4e3b-8220-c8e65bbe6c27 has been successfully formatted.
2022-02-10 17:16:28,771 [pool-320-thread-1] INFO  ratis.ContainerStateMachine (ContainerStateMachine.java:loadSnapshot(231)) - group-C8E65BBE6C27: The snapshot info is null. Setting the last applied indexto:(t:0, i:~)
2022-02-10 17:16:28,771 [pool-320-thread-1] INFO  server.RaftServerConfigKeys (ConfUtils.java:logGet(44)) - raft.server.notification.no-leader.timeout = 300s (custom)
2022-02-10 17:16:28,771 [pool-320-thread-1] INFO  server.RaftServerConfigKeys (ConfUtils.java:logGet(44)) - raft.server.log.use.memory = false (default)
2022-02-10 17:16:28,771 [pool-320-thread-1] INFO  server.RaftServerConfigKeys (ConfUtils.java:logGet(44)) - raft.server.log.purge.gap = 1000000 (custom)
2022-02-10 17:16:28,771 [pool-320-thread-1] INFO  server.RaftServerConfigKeys (ConfUtils.java:logGet(44)) - raft.server.log.appender.buffer.byte-limit = 33554432 (custom)
2022-02-10 17:16:28,771 [pool-320-thread-1] INFO  server.RaftServerConfigKeys (ConfUtils.java:logGet(44)) - raft.server.log.segment.size.max = 1048576 (custom)
2022-02-10 17:16:28,772 [pool-320-thread-1] INFO  server.RaftServerConfigKeys (ConfUtils.java:logGet(44)) - raft.server.log.segment.cache.num.max = 2 (custom)
2022-02-10 17:16:28,772 [pool-320-thread-1] INFO  server.RaftServerConfigKeys (ConfUtils.java:logGet(44)) - raft.server.log.segment.cache.size.max = 200MB (=209715200) (default)
2022-02-10 17:16:28,772 [pool-320-thread-1] INFO  segmented.SegmentedRaftLogWorker (SegmentedRaftLogWorker.java:<init>(182)) - new 61d42259-4cfd-40d6-918e-44f81e16f570@group-C8E65BBE6C27-SegmentedRaftLogWorker for RaftStorageImpl:Storage Directory /home/runner/work/ozone/ozone/hadoop-ozone/integration-test/target/test-dir/MiniOzoneClusterImpl-adca7f43-f686-4ef5-81ed-33e1f333fc0f/datanode-2/data/ratis/acede841-f26d-4e3b-8220-c8e65bbe6c27
2022-02-10 17:16:28,772 [pool-320-thread-1] INFO  server.RaftServerConfigKeys (ConfUtils.java:logGet(44)) - raft.server.log.queue.byte-limit = 2147483647 (custom)
2022-02-10 17:16:28,772 [pool-320-thread-1] INFO  server.RaftServerConfigKeys (ConfUtils.java:logGet(44)) - raft.server.log.queue.element-limit = 1024 (custom)
2022-02-10 17:16:28,772 [pool-320-thread-1] INFO  server.RaftServerConfigKeys (ConfUtils.java:logGet(44)) - raft.server.log.segment.size.max = 1048576 (custom)
2022-02-10 17:16:28,772 [pool-320-thread-1] INFO  server.RaftServerConfigKeys (ConfUtils.java:logGet(44)) - raft.server.log.preallocated.size = 16384 (custom)
2022-02-10 17:16:28,772 [pool-320-thread-1] INFO  server.RaftServerConfigKeys (ConfUtils.java:logGet(44)) - raft.server.log.force.sync.num = 128 (default)
2022-02-10 17:16:28,772 [pool-320-thread-1] INFO  server.RaftServerConfigKeys (ConfUtils.java:logGet(44)) - raft.server.log.statemachine.data.sync = true (default)
2022-02-10 17:16:28,772 [pool-320-thread-1] INFO  server.RaftServerConfigKeys (ConfUtils.java:logGet(44)) - raft.server.log.statemachine.data.sync.timeout = 10s (default)
2022-02-10 17:16:28,772 [pool-320-thread-1] INFO  server.RaftServerConfigKeys (ConfUtils.java:logGet(44)) - raft.server.log.statemachine.data.sync.timeout.retry = -1 (default)
2022-02-10 17:16:28,773 [pool-320-thread-1] INFO  server.RaftServerConfigKeys (ConfUtils.java:logGet(44)) - raft.server.log.write.buffer.size = 1048576 (custom)
2022-02-10 17:16:28,774 [pool-320-thread-1] INFO  server.RaftServerConfigKeys (ConfUtils.java:logGet(44)) - raft.server.log.statemachine.data.caching.enabled = true (custom)
2022-02-10 17:16:28,774 [pool-320-thread-1] INFO  segmented.SegmentedRaftLogWorker (SegmentedRaftLogWorker.java:lambda$new$0(133)) - 61d42259-4cfd-40d6-918e-44f81e16f570@group-C8E65BBE6C27-SegmentedRaftLogWorker: flushIndex: setUnconditionally 0 -> -1
2022-02-10 17:16:28,774 [pool-320-thread-1] INFO  segmented.SegmentedRaftLogWorker (SegmentedRaftLogWorker.java:lambda$new$0(133)) - 61d42259-4cfd-40d6-918e-44f81e16f570@group-C8E65BBE6C27-SegmentedRaftLogWorker: safeCacheEvictIndex: setUnconditionally 0 -> -1
2022-02-10 17:16:28,779 [Command processor thread] INFO  server.RaftServer (RaftServerProxy.java:addNew(95)) - f6245613-14ba-4d4d-b898-c08ac71d98ac: addNew group-C8B3B1DBEC7A:[f6245613-14ba-4d4d-b898-c08ac71d98ac|rpc:127.0.0.1:38519|priority:1] returns group-C8B3B1DBEC7A:java.util.concurrent.CompletableFuture@14297cc8[Not completed]
2022-02-10 17:16:28,780 [pool-299-thread-1] INFO  server.RaftServer$Division (RaftServerImpl.java:<init>(184)) - f6245613-14ba-4d4d-b898-c08ac71d98ac: new RaftServerImpl for group-C8B3B1DBEC7A:[f6245613-14ba-4d4d-b898-c08ac71d98ac|rpc:127.0.0.1:38519|priority:1] with ContainerStateMachine:uninitialized
2022-02-10 17:16:28,780 [pool-299-thread-1] INFO  server.RaftServerConfigKeys (ConfUtils.java:logGet(44)) - raft.server.rpc.timeout.min = 5s (custom)
2022-02-10 17:16:28,780 [pool-299-thread-1] INFO  server.RaftServerConfigKeys (ConfUtils.java:logGet(44)) - raft.server.rpc.timeout.max = 5200ms (custom)
2022-02-10 17:16:28,781 [pool-299-thread-1] INFO  server.RaftServerConfigKeys (ConfUtils.java:logGet(44)) - raft.server.rpc.sleep.time = 25ms (default)
2022-02-10 17:16:28,781 [pool-299-thread-1] INFO  server.RaftServerConfigKeys (ConfUtils.java:logGet(44)) - raft.server.rpc.slowness.timeout = 300s (custom)
2022-02-10 17:16:28,781 [pool-299-thread-1] INFO  server.RaftServerConfigKeys (ConfUtils.java:logGet(44)) - raft.server.leaderelection.leader.step-down.wait-time = 10s (default)
2022-02-10 17:16:28,781 [pool-299-thread-1] INFO  server.RaftServerConfigKeys (ConfUtils.java:logGet(44)) - raft.server.sleep.deviation.threshold = 300ms (default)
2022-02-10 17:16:28,781 [pool-299-thread-1] INFO  server.RaftServerConfigKeys (ConfUtils.java:logGet(44)) - raft.server.log.appender.install.snapshot.enabled = false (custom)
2022-02-10 17:16:28,781 [pool-299-thread-1] INFO  server.RaftServer$Division (ServerState.java:<init>(105)) - f6245613-14ba-4d4d-b898-c08ac71d98ac@group-C8B3B1DBEC7A: ConfigurationManager, init=-1: [f6245613-14ba-4d4d-b898-c08ac71d98ac|rpc:127.0.0.1:38519|priority:1], old=null, confs=<EMPTY_MAP>
2022-02-10 17:16:28,781 [pool-299-thread-1] INFO  server.RaftServerConfigKeys (ConfUtils.java:logGet(44)) - raft.server.storage.dir = [/home/runner/work/ozone/ozone/hadoop-ozone/integration-test/target/test-dir/MiniOzoneClusterImpl-adca7f43-f686-4ef5-81ed-33e1f333fc0f/datanode-1/data/ratis] (custom)
2022-02-10 17:16:28,781 [pool-299-thread-1] INFO  server.RaftServerConfigKeys (ConfUtils.java:logGet(44)) - raft.server.log.corruption.policy = EXCEPTION (default)
2022-02-10 17:16:28,781 [pool-299-thread-1] INFO  server.RaftServerConfigKeys (ConfUtils.java:logGet(44)) - raft.server.storage.free-space.min = 0MB (=0) (default)
2022-02-10 17:16:28,781 [pool-299-thread-1] INFO  storage.RaftStorageDirectory (RaftStorageDirectoryImpl.java:analyzeStorage(135)) - The storage directory /home/runner/work/ozone/ozone/hadoop-ozone/integration-test/target/test-dir/MiniOzoneClusterImpl-adca7f43-f686-4ef5-81ed-33e1f333fc0f/datanode-1/data/ratis/a88855d8-2b14-4932-aa55-c8b3b1dbec7a does not exist. Creating ...
2022-02-10 17:16:28,783 [pool-320-thread-1] INFO  server.RaftServerConfigKeys (ConfUtils.java:logGet(44)) - raft.server.snapshot.auto.trigger.enabled = true (custom)
2022-02-10 17:16:28,783 [pool-320-thread-1] INFO  server.RaftServerConfigKeys (ConfUtils.java:logGet(44)) - raft.server.snapshot.auto.trigger.threshold = 10000 (custom)
2022-02-10 17:16:28,783 [pool-320-thread-1] INFO  server.RaftServerConfigKeys (ConfUtils.java:logGet(44)) - raft.server.snapshot.retention.file.num = 5 (custom)
2022-02-10 17:16:28,783 [pool-320-thread-1] INFO  server.RaftServerConfigKeys (ConfUtils.java:logGet(44)) - raft.server.log.purge.upto.snapshot.index = false (default)
2022-02-10 17:16:28,783 [pool-299-thread-1] INFO  storage.RaftStorageDirectory (RaftStorageDirectoryImpl.java:tryLock(230)) - Lock on /home/runner/work/ozone/ozone/hadoop-ozone/integration-test/target/test-dir/MiniOzoneClusterImpl-adca7f43-f686-4ef5-81ed-33e1f333fc0f/datanode-1/data/ratis/a88855d8-2b14-4932-aa55-c8b3b1dbec7a/in_use.lock acquired by nodename 23291@fv-az184-768
2022-02-10 17:16:28,785 [pool-320-thread-1] INFO  server.RaftServerConfigKeys (ConfUtils.java:logGet(44)) - raft.server.retrycache.expirytime = 600000ms (custom)
2022-02-10 17:16:28,786 [pool-320-thread-1] INFO  server.RaftServerConfigKeys (ConfUtils.java:logGet(44)) - raft.server.retrycache.statistics.expirytime = 100μs (default)
2022-02-10 17:16:28,786 [pool-299-thread-1] INFO  storage.RaftStorage (RaftStorageImpl.java:format(89)) - Storage directory /home/runner/work/ozone/ozone/hadoop-ozone/integration-test/target/test-dir/MiniOzoneClusterImpl-adca7f43-f686-4ef5-81ed-33e1f333fc0f/datanode-1/data/ratis/a88855d8-2b14-4932-aa55-c8b3b1dbec7a has been successfully formatted.
2022-02-10 17:16:28,787 [pool-299-thread-1] INFO  ratis.ContainerStateMachine (ContainerStateMachine.java:loadSnapshot(231)) - group-C8B3B1DBEC7A: The snapshot info is null. Setting the last applied indexto:(t:0, i:~)
2022-02-10 17:16:28,788 [pool-299-thread-1] INFO  server.RaftServerConfigKeys (ConfUtils.java:logGet(44)) - raft.server.notification.no-leader.timeout = 300s (custom)
2022-02-10 17:16:28,788 [pool-299-thread-1] INFO  server.RaftServerConfigKeys (ConfUtils.java:logGet(44)) - raft.server.log.use.memory = false (default)
2022-02-10 17:16:28,788 [pool-299-thread-1] INFO  server.RaftServerConfigKeys (ConfUtils.java:logGet(44)) - raft.server.log.purge.gap = 1000000 (custom)
2022-02-10 17:16:28,788 [pool-299-thread-1] INFO  server.RaftServerConfigKeys (ConfUtils.java:logGet(44)) - raft.server.log.appender.buffer.byte-limit = 33554432 (custom)
2022-02-10 17:16:28,788 [EventQueue-PipelineReportForPipelineReportHandler] INFO  pipeline.PipelineManagerImpl (PipelineManagerImpl.java:openPipeline(291)) - Pipeline Pipeline[ Id: a88855d8-2b14-4932-aa55-c8b3b1dbec7a, Nodes: f6245613-14ba-4d4d-b898-c08ac71d98ac{ip: 127.0.0.1, host: localhost, ports: [REPLICATION=46755, RATIS=38519, RATIS_ADMIN=38519, RATIS_SERVER=38519, STANDALONE=41183], networkLocation: /default-rack, certSerialId: null, persistedOpState: IN_SERVICE, persistedOpStateExpiryEpochSec: 0}, ReplicationConfig: RATIS/ONE, State:ALLOCATED, leaderId:f6245613-14ba-4d4d-b898-c08ac71d98ac, CreationTimestamp2022-02-10T17:16:25.783Z[Etc/UTC]] moved to OPEN state
2022-02-10 17:16:28,788 [pool-299-thread-1] INFO  server.RaftServerConfigKeys (ConfUtils.java:logGet(44)) - raft.server.log.segment.size.max = 1048576 (custom)
2022-02-10 17:16:28,790 [0a9802c5-9e82-4a55-ac1b-01a1cb3fb90c@group-33E1F333FC0F-StateMachineUpdater] INFO  safemode.HealthyPipelineSafeModeRule (HealthyPipelineSafeModeRule.java:initializeRule(152)) - Refreshed total pipeline count is 0, healthy pipeline threshold count is 1
2022-02-10 17:16:28,792 [EventQueue-OpenPipelineForHealthyPipelineSafeModeRule] INFO  safemode.SCMSafeModeManager (HealthyPipelineSafeModeRule.java:process(124)) - SCM in safe mode. Healthy pipelines reported count is 0, required healthy pipeline reported count is 1
2022-02-10 17:16:28,800 [pool-299-thread-1] INFO  server.RaftServerConfigKeys (ConfUtils.java:logGet(44)) - raft.server.log.segment.cache.num.max = 2 (custom)
2022-02-10 17:16:28,800 [pool-299-thread-1] INFO  server.RaftServerConfigKeys (ConfUtils.java:logGet(44)) - raft.server.log.segment.cache.size.max = 200MB (=209715200) (default)
2022-02-10 17:16:28,800 [pool-299-thread-1] INFO  segmented.SegmentedRaftLogWorker (SegmentedRaftLogWorker.java:<init>(182)) - new f6245613-14ba-4d4d-b898-c08ac71d98ac@group-C8B3B1DBEC7A-SegmentedRaftLogWorker for RaftStorageImpl:Storage Directory /home/runner/work/ozone/ozone/hadoop-ozone/integration-test/target/test-dir/MiniOzoneClusterImpl-adca7f43-f686-4ef5-81ed-33e1f333fc0f/datanode-1/data/ratis/a88855d8-2b14-4932-aa55-c8b3b1dbec7a
2022-02-10 17:16:28,800 [pool-299-thread-1] INFO  server.RaftServerConfigKeys (ConfUtils.java:logGet(44)) - raft.server.log.queue.byte-limit = 2147483647 (custom)
2022-02-10 17:16:28,800 [pool-299-thread-1] INFO  server.RaftServerConfigKeys (ConfUtils.java:logGet(44)) - raft.server.log.queue.element-limit = 1024 (custom)
2022-02-10 17:16:28,800 [pool-299-thread-1] INFO  server.RaftServerConfigKeys (ConfUtils.java:logGet(44)) - raft.server.log.segment.size.max = 1048576 (custom)
2022-02-10 17:16:28,800 [pool-299-thread-1] INFO  server.RaftServerConfigKeys (ConfUtils.java:logGet(44)) - raft.server.log.preallocated.size = 16384 (custom)
2022-02-10 17:16:28,800 [pool-299-thread-1] INFO  server.RaftServerConfigKeys (ConfUtils.java:logGet(44)) - raft.server.log.force.sync.num = 128 (default)
2022-02-10 17:16:28,800 [pool-299-thread-1] INFO  server.RaftServerConfigKeys (ConfUtils.java:logGet(44)) - raft.server.log.statemachine.data.sync = true (default)
2022-02-10 17:16:28,800 [pool-299-thread-1] INFO  server.RaftServerConfigKeys (ConfUtils.java:logGet(44)) - raft.server.log.statemachine.data.sync.timeout = 10s (default)
2022-02-10 17:16:28,801 [pool-299-thread-1] INFO  server.RaftServerConfigKeys (ConfUtils.java:logGet(44)) - raft.server.log.statemachine.data.sync.timeout.retry = -1 (default)
2022-02-10 17:16:28,801 [pool-299-thread-1] INFO  server.RaftServerConfigKeys (ConfUtils.java:logGet(44)) - raft.server.log.write.buffer.size = 1048576 (custom)
2022-02-10 17:16:28,803 [pool-299-thread-1] INFO  server.RaftServerConfigKeys (ConfUtils.java:logGet(44)) - raft.server.log.statemachine.data.caching.enabled = true (custom)
2022-02-10 17:16:28,805 [pool-299-thread-1] INFO  segmented.SegmentedRaftLogWorker (SegmentedRaftLogWorker.java:lambda$new$0(133)) - f6245613-14ba-4d4d-b898-c08ac71d98ac@group-C8B3B1DBEC7A-SegmentedRaftLogWorker: flushIndex: setUnconditionally 0 -> -1
2022-02-10 17:16:28,805 [pool-299-thread-1] INFO  segmented.SegmentedRaftLogWorker (SegmentedRaftLogWorker.java:lambda$new$0(133)) - f6245613-14ba-4d4d-b898-c08ac71d98ac@group-C8B3B1DBEC7A-SegmentedRaftLogWorker: safeCacheEvictIndex: setUnconditionally 0 -> -1
2022-02-10 17:16:28,802 [pool-320-thread-1] INFO  server.RaftServer$Division (RaftServerImpl.java:start(301)) - 61d42259-4cfd-40d6-918e-44f81e16f570@group-C8E65BBE6C27: start as a follower, conf=-1: [f6245613-14ba-4d4d-b898-c08ac71d98ac|rpc:127.0.0.1:38519|dataStream:|priority:0, d1437619-3fac-44a6-ae3d-075107d274e3|rpc:127.0.0.1:41341|dataStream:|priority:0, 61d42259-4cfd-40d6-918e-44f81e16f570|rpc:127.0.0.1:33511|dataStream:|priority:1], old=null
2022-02-10 17:16:28,805 [pool-320-thread-1] INFO  server.RaftServer$Division (RaftServerImpl.java:setRole(290)) - 61d42259-4cfd-40d6-918e-44f81e16f570@group-C8E65BBE6C27: changes role from      null to FOLLOWER at term 0 for startAsFollower
2022-02-10 17:16:28,815 [pool-299-thread-1] INFO  server.RaftServerConfigKeys (ConfUtils.java:logGet(44)) - raft.server.snapshot.auto.trigger.enabled = true (custom)
2022-02-10 17:16:28,816 [pool-299-thread-1] INFO  server.RaftServerConfigKeys (ConfUtils.java:logGet(44)) - raft.server.snapshot.auto.trigger.threshold = 10000 (custom)
2022-02-10 17:16:28,816 [pool-299-thread-1] INFO  server.RaftServerConfigKeys (ConfUtils.java:logGet(44)) - raft.server.snapshot.retention.file.num = 5 (custom)
2022-02-10 17:16:28,816 [pool-299-thread-1] INFO  server.RaftServerConfigKeys (ConfUtils.java:logGet(44)) - raft.server.log.purge.upto.snapshot.index = false (default)
2022-02-10 17:16:28,816 [pool-299-thread-1] INFO  server.RaftServerConfigKeys (ConfUtils.java:logGet(44)) - raft.server.retrycache.expirytime = 600000ms (custom)
2022-02-10 17:16:28,816 [pool-299-thread-1] INFO  server.RaftServerConfigKeys (ConfUtils.java:logGet(44)) - raft.server.retrycache.statistics.expirytime = 100μs (default)
2022-02-10 17:16:28,818 [pool-299-thread-1] INFO  server.RaftServer$Division (RaftServerImpl.java:start(301)) - f6245613-14ba-4d4d-b898-c08ac71d98ac@group-C8B3B1DBEC7A: start as a follower, conf=-1: [f6245613-14ba-4d4d-b898-c08ac71d98ac|rpc:127.0.0.1:38519|priority:1], old=null
2022-02-10 17:16:28,815 [pool-320-thread-1] INFO  impl.RoleInfo (RoleInfo.java:updateAndGet(130)) - 61d42259-4cfd-40d6-918e-44f81e16f570: start 61d42259-4cfd-40d6-918e-44f81e16f570@group-C8E65BBE6C27-FollowerState
2022-02-10 17:16:28,823 [pool-299-thread-1] INFO  server.RaftServer$Division (RaftServerImpl.java:setRole(290)) - f6245613-14ba-4d4d-b898-c08ac71d98ac@group-C8B3B1DBEC7A: changes role from      null to FOLLOWER at term 0 for startAsFollower
2022-02-10 17:16:28,825 [pool-320-thread-1] INFO  util.JmxRegister (JmxRegister.java:tryRegister(44)) - Successfully registered JMX Bean with object name Ratis:service=RaftServer,group=group-C8E65BBE6C27,id=61d42259-4cfd-40d6-918e-44f81e16f570
2022-02-10 17:16:28,845 [pool-299-thread-1] INFO  impl.RoleInfo (RoleInfo.java:updateAndGet(130)) - f6245613-14ba-4d4d-b898-c08ac71d98ac: start f6245613-14ba-4d4d-b898-c08ac71d98ac@group-C8B3B1DBEC7A-FollowerState
2022-02-10 17:16:28,846 [pool-299-thread-1] INFO  util.JmxRegister (JmxRegister.java:tryRegister(44)) - Successfully registered JMX Bean with object name Ratis:service=RaftServer,group=group-C8B3B1DBEC7A,id=f6245613-14ba-4d4d-b898-c08ac71d98ac
2022-02-10 17:16:28,855 [Command processor thread] INFO  ratis.XceiverServerRatis (XceiverServerRatis.java:addGroup(768)) - Created group PipelineID=a88855d8-2b14-4932-aa55-c8b3b1dbec7a
2022-02-10 17:16:28,855 [Command processor thread] INFO  commandhandler.CreatePipelineCommandHandler (CreatePipelineCommandHandler.java:handle(106)) - Created Pipeline RATIS ONE PipelineID=a88855d8-2b14-4932-aa55-c8b3b1dbec7a.
2022-02-10 17:16:28,859 [Command processor thread] INFO  commandhandler.CreatePipelineCommandHandler (CreatePipelineCommandHandler.java:handle(106)) - Created Pipeline RATIS THREE PipelineID=acede841-f26d-4e3b-8220-c8e65bbe6c27.
2022-02-10 17:16:29,160 [Listener at 127.0.0.1/46543] INFO  ozone.MiniOzoneClusterImpl (MiniOzoneClusterImpl.java:lambda$waitForClusterToBeReady$0(219)) - Nodes are ready. Got 3 of 3 DN Heartbeats.
2022-02-10 17:16:29,160 [Listener at 127.0.0.1/46543] INFO  ozone.MiniOzoneClusterImpl (MiniOzoneClusterImpl.java:lambda$waitForClusterToBeReady$0(222)) - Waiting for cluster to exit safe mode
2022-02-10 17:16:29,160 [Listener at 127.0.0.1/46543] INFO  ozone.MiniOzoneClusterImpl (MiniOzoneClusterImpl.java:lambda$waitForClusterToBeReady$0(224)) - SCM became leader
2022-02-10 17:16:29,183 [Command processor thread] INFO  server.RaftServer (RaftServerProxy.java:addNew(95)) - 61d42259-4cfd-40d6-918e-44f81e16f570: addNew group-BDD902B70378:[61d42259-4cfd-40d6-918e-44f81e16f570|rpc:127.0.0.1:33511|priority:1] returns group-BDD902B70378:java.util.concurrent.CompletableFuture@21cb6292[Not completed]
2022-02-10 17:16:29,184 [pool-320-thread-1] INFO  server.RaftServer$Division (RaftServerImpl.java:<init>(184)) - 61d42259-4cfd-40d6-918e-44f81e16f570: new RaftServerImpl for group-BDD902B70378:[61d42259-4cfd-40d6-918e-44f81e16f570|rpc:127.0.0.1:33511|priority:1] with ContainerStateMachine:uninitialized
2022-02-10 17:16:29,184 [pool-320-thread-1] INFO  server.RaftServerConfigKeys (ConfUtils.java:logGet(44)) - raft.server.rpc.timeout.min = 5s (custom)
2022-02-10 17:16:29,184 [pool-320-thread-1] INFO  server.RaftServerConfigKeys (ConfUtils.java:logGet(44)) - raft.server.rpc.timeout.max = 5200ms (custom)
2022-02-10 17:16:29,184 [pool-320-thread-1] INFO  server.RaftServerConfigKeys (ConfUtils.java:logGet(44)) - raft.server.rpc.sleep.time = 25ms (default)
2022-02-10 17:16:29,184 [pool-320-thread-1] INFO  server.RaftServerConfigKeys (ConfUtils.java:logGet(44)) - raft.server.rpc.slowness.timeout = 300s (custom)
2022-02-10 17:16:29,184 [pool-320-thread-1] INFO  server.RaftServerConfigKeys (ConfUtils.java:logGet(44)) - raft.server.leaderelection.leader.step-down.wait-time = 10s (default)
2022-02-10 17:16:29,184 [pool-320-thread-1] INFO  server.RaftServerConfigKeys (ConfUtils.java:logGet(44)) - raft.server.sleep.deviation.threshold = 300ms (default)
2022-02-10 17:16:29,185 [pool-320-thread-1] INFO  server.RaftServerConfigKeys (ConfUtils.java:logGet(44)) - raft.server.log.appender.install.snapshot.enabled = false (custom)
2022-02-10 17:16:29,185 [pool-320-thread-1] INFO  server.RaftServer$Division (ServerState.java:<init>(105)) - 61d42259-4cfd-40d6-918e-44f81e16f570@group-BDD902B70378: ConfigurationManager, init=-1: [61d42259-4cfd-40d6-918e-44f81e16f570|rpc:127.0.0.1:33511|priority:1], old=null, confs=<EMPTY_MAP>
2022-02-10 17:16:29,185 [pool-320-thread-1] INFO  server.RaftServerConfigKeys (ConfUtils.java:logGet(44)) - raft.server.storage.dir = [/home/runner/work/ozone/ozone/hadoop-ozone/integration-test/target/test-dir/MiniOzoneClusterImpl-adca7f43-f686-4ef5-81ed-33e1f333fc0f/datanode-2/data/ratis] (custom)
2022-02-10 17:16:29,185 [pool-320-thread-1] INFO  server.RaftServerConfigKeys (ConfUtils.java:logGet(44)) - raft.server.log.corruption.policy = EXCEPTION (default)
2022-02-10 17:16:29,185 [pool-320-thread-1] INFO  server.RaftServerConfigKeys (ConfUtils.java:logGet(44)) - raft.server.storage.free-space.min = 0MB (=0) (default)
2022-02-10 17:16:29,185 [pool-320-thread-1] INFO  storage.RaftStorageDirectory (RaftStorageDirectoryImpl.java:analyzeStorage(135)) - The storage directory /home/runner/work/ozone/ozone/hadoop-ozone/integration-test/target/test-dir/MiniOzoneClusterImpl-adca7f43-f686-4ef5-81ed-33e1f333fc0f/datanode-2/data/ratis/70af909a-0f2d-48a5-a29b-bdd902b70378 does not exist. Creating ...
2022-02-10 17:16:29,187 [pool-320-thread-1] INFO  storage.RaftStorageDirectory (RaftStorageDirectoryImpl.java:tryLock(230)) - Lock on /home/runner/work/ozone/ozone/hadoop-ozone/integration-test/target/test-dir/MiniOzoneClusterImpl-adca7f43-f686-4ef5-81ed-33e1f333fc0f/datanode-2/data/ratis/70af909a-0f2d-48a5-a29b-bdd902b70378/in_use.lock acquired by nodename 23291@fv-az184-768
2022-02-10 17:16:29,188 [pool-320-thread-1] INFO  storage.RaftStorage (RaftStorageImpl.java:format(89)) - Storage directory /home/runner/work/ozone/ozone/hadoop-ozone/integration-test/target/test-dir/MiniOzoneClusterImpl-adca7f43-f686-4ef5-81ed-33e1f333fc0f/datanode-2/data/ratis/70af909a-0f2d-48a5-a29b-bdd902b70378 has been successfully formatted.
2022-02-10 17:16:29,189 [pool-320-thread-1] INFO  ratis.ContainerStateMachine (ContainerStateMachine.java:loadSnapshot(231)) - group-BDD902B70378: The snapshot info is null. Setting the last applied indexto:(t:0, i:~)
2022-02-10 17:16:29,189 [pool-320-thread-1] INFO  server.RaftServerConfigKeys (ConfUtils.java:logGet(44)) - raft.server.notification.no-leader.timeout = 300s (custom)
2022-02-10 17:16:29,189 [pool-320-thread-1] INFO  server.RaftServerConfigKeys (ConfUtils.java:logGet(44)) - raft.server.log.use.memory = false (default)
2022-02-10 17:16:29,189 [pool-320-thread-1] INFO  server.RaftServerConfigKeys (ConfUtils.java:logGet(44)) - raft.server.log.purge.gap = 1000000 (custom)
2022-02-10 17:16:29,189 [pool-320-thread-1] INFO  server.RaftServerConfigKeys (ConfUtils.java:logGet(44)) - raft.server.log.appender.buffer.byte-limit = 33554432 (custom)
2022-02-10 17:16:29,189 [pool-320-thread-1] INFO  server.RaftServerConfigKeys (ConfUtils.java:logGet(44)) - raft.server.log.segment.size.max = 1048576 (custom)
2022-02-10 17:16:29,190 [pool-320-thread-1] INFO  server.RaftServerConfigKeys (ConfUtils.java:logGet(44)) - raft.server.log.segment.cache.num.max = 2 (custom)
2022-02-10 17:16:29,190 [pool-320-thread-1] INFO  server.RaftServerConfigKeys (ConfUtils.java:logGet(44)) - raft.server.log.segment.cache.size.max = 200MB (=209715200) (default)
2022-02-10 17:16:29,190 [pool-320-thread-1] INFO  segmented.SegmentedRaftLogWorker (SegmentedRaftLogWorker.java:<init>(182)) - new 61d42259-4cfd-40d6-918e-44f81e16f570@group-BDD902B70378-SegmentedRaftLogWorker for RaftStorageImpl:Storage Directory /home/runner/work/ozone/ozone/hadoop-ozone/integration-test/target/test-dir/MiniOzoneClusterImpl-adca7f43-f686-4ef5-81ed-33e1f333fc0f/datanode-2/data/ratis/70af909a-0f2d-48a5-a29b-bdd902b70378
2022-02-10 17:16:29,190 [pool-320-thread-1] INFO  server.RaftServerConfigKeys (ConfUtils.java:logGet(44)) - raft.server.log.queue.byte-limit = 2147483647 (custom)
2022-02-10 17:16:29,190 [pool-320-thread-1] INFO  server.RaftServerConfigKeys (ConfUtils.java:logGet(44)) - raft.server.log.queue.element-limit = 1024 (custom)
2022-02-10 17:16:29,190 [pool-320-thread-1] INFO  server.RaftServerConfigKeys (ConfUtils.java:logGet(44)) - raft.server.log.segment.size.max = 1048576 (custom)
2022-02-10 17:16:29,190 [pool-320-thread-1] INFO  server.RaftServerConfigKeys (ConfUtils.java:logGet(44)) - raft.server.log.preallocated.size = 16384 (custom)
2022-02-10 17:16:29,190 [pool-320-thread-1] INFO  server.RaftServerConfigKeys (ConfUtils.java:logGet(44)) - raft.server.log.force.sync.num = 128 (default)
2022-02-10 17:16:29,190 [pool-320-thread-1] INFO  server.RaftServerConfigKeys (ConfUtils.java:logGet(44)) - raft.server.log.statemachine.data.sync = true (default)
2022-02-10 17:16:29,190 [pool-320-thread-1] INFO  server.RaftServerConfigKeys (ConfUtils.java:logGet(44)) - raft.server.log.statemachine.data.sync.timeout = 10s (default)
2022-02-10 17:16:29,190 [pool-320-thread-1] INFO  server.RaftServerConfigKeys (ConfUtils.java:logGet(44)) - raft.server.log.statemachine.data.sync.timeout.retry = -1 (default)
2022-02-10 17:16:29,191 [pool-320-thread-1] INFO  server.RaftServerConfigKeys (ConfUtils.java:logGet(44)) - raft.server.log.write.buffer.size = 1048576 (custom)
2022-02-10 17:16:29,193 [EventQueue-PipelineReportForPipelineReportHandler] INFO  pipeline.PipelineManagerImpl (PipelineManagerImpl.java:openPipeline(291)) - Pipeline Pipeline[ Id: 70af909a-0f2d-48a5-a29b-bdd902b70378, Nodes: 61d42259-4cfd-40d6-918e-44f81e16f570{ip: 127.0.0.1, host: localhost, ports: [REPLICATION=33791, RATIS=33511, RATIS_ADMIN=33511, RATIS_SERVER=33511, STANDALONE=40033], networkLocation: /default-rack, certSerialId: null, persistedOpState: IN_SERVICE, persistedOpStateExpiryEpochSec: 0}, ReplicationConfig: RATIS/ONE, State:ALLOCATED, leaderId:61d42259-4cfd-40d6-918e-44f81e16f570, CreationTimestamp2022-02-10T17:16:26.186Z[Etc/UTC]] moved to OPEN state
2022-02-10 17:16:29,195 [0a9802c5-9e82-4a55-ac1b-01a1cb3fb90c@group-33E1F333FC0F-StateMachineUpdater] INFO  safemode.HealthyPipelineSafeModeRule (HealthyPipelineSafeModeRule.java:initializeRule(152)) - Refreshed total pipeline count is 0, healthy pipeline threshold count is 1
2022-02-10 17:16:29,199 [EventQueue-OpenPipelineForHealthyPipelineSafeModeRule] INFO  safemode.SCMSafeModeManager (HealthyPipelineSafeModeRule.java:process(124)) - SCM in safe mode. Healthy pipelines reported count is 0, required healthy pipeline reported count is 1
2022-02-10 17:16:29,203 [pool-320-thread-1] INFO  server.RaftServerConfigKeys (ConfUtils.java:logGet(44)) - raft.server.log.statemachine.data.caching.enabled = true (custom)
2022-02-10 17:16:29,203 [pool-320-thread-1] INFO  segmented.SegmentedRaftLogWorker (SegmentedRaftLogWorker.java:lambda$new$0(133)) - 61d42259-4cfd-40d6-918e-44f81e16f570@group-BDD902B70378-SegmentedRaftLogWorker: flushIndex: setUnconditionally 0 -> -1
2022-02-10 17:16:29,204 [pool-320-thread-1] INFO  segmented.SegmentedRaftLogWorker (SegmentedRaftLogWorker.java:lambda$new$0(133)) - 61d42259-4cfd-40d6-918e-44f81e16f570@group-BDD902B70378-SegmentedRaftLogWorker: safeCacheEvictIndex: setUnconditionally 0 -> -1
2022-02-10 17:16:29,211 [pool-320-thread-1] INFO  server.RaftServerConfigKeys (ConfUtils.java:logGet(44)) - raft.server.snapshot.auto.trigger.enabled = true (custom)
2022-02-10 17:16:29,211 [pool-320-thread-1] INFO  server.RaftServerConfigKeys (ConfUtils.java:logGet(44)) - raft.server.snapshot.auto.trigger.threshold = 10000 (custom)
2022-02-10 17:16:29,211 [pool-320-thread-1] INFO  server.RaftServerConfigKeys (ConfUtils.java:logGet(44)) - raft.server.snapshot.retention.file.num = 5 (custom)
2022-02-10 17:16:29,211 [pool-320-thread-1] INFO  server.RaftServerConfigKeys (ConfUtils.java:logGet(44)) - raft.server.log.purge.upto.snapshot.index = false (default)
2022-02-10 17:16:29,211 [pool-320-thread-1] INFO  server.RaftServerConfigKeys (ConfUtils.java:logGet(44)) - raft.server.retrycache.expirytime = 600000ms (custom)
2022-02-10 17:16:29,211 [pool-320-thread-1] INFO  server.RaftServerConfigKeys (ConfUtils.java:logGet(44)) - raft.server.retrycache.statistics.expirytime = 100μs (default)
2022-02-10 17:16:29,212 [pool-320-thread-1] INFO  server.RaftServer$Division (RaftServerImpl.java:start(301)) - 61d42259-4cfd-40d6-918e-44f81e16f570@group-BDD902B70378: start as a follower, conf=-1: [61d42259-4cfd-40d6-918e-44f81e16f570|rpc:127.0.0.1:33511|priority:1], old=null
2022-02-10 17:16:29,212 [pool-320-thread-1] INFO  server.RaftServer$Division (RaftServerImpl.java:setRole(290)) - 61d42259-4cfd-40d6-918e-44f81e16f570@group-BDD902B70378: changes role from      null to FOLLOWER at term 0 for startAsFollower
2022-02-10 17:16:29,212 [pool-320-thread-1] INFO  impl.RoleInfo (RoleInfo.java:updateAndGet(130)) - 61d42259-4cfd-40d6-918e-44f81e16f570: start 61d42259-4cfd-40d6-918e-44f81e16f570@group-BDD902B70378-FollowerState
2022-02-10 17:16:29,218 [pool-320-thread-1] INFO  util.JmxRegister (JmxRegister.java:tryRegister(44)) - Successfully registered JMX Bean with object name Ratis:service=RaftServer,group=group-BDD902B70378,id=61d42259-4cfd-40d6-918e-44f81e16f570
2022-02-10 17:16:29,228 [Command processor thread] INFO  ratis.XceiverServerRatis (XceiverServerRatis.java:addGroup(768)) - Created group PipelineID=70af909a-0f2d-48a5-a29b-bdd902b70378
2022-02-10 17:16:29,228 [Command processor thread] INFO  commandhandler.CreatePipelineCommandHandler (CreatePipelineCommandHandler.java:handle(106)) - Created Pipeline RATIS ONE PipelineID=70af909a-0f2d-48a5-a29b-bdd902b70378.
2022-02-10 17:16:29,454 [EndpointStateMachine task thread for /127.0.0.1:33255 - 0 ] INFO  ipc.Client (Client.java:handleConnectionFailure(977)) - Retrying connect to server: localhost/127.0.0.1:33255. Already tried 11 time(s); retry policy is RetryUpToMaximumCountWithFixedSleep(maxRetries=15, sleepTime=1000 MILLISECONDS)
2022-02-10 17:16:30,160 [Listener at 127.0.0.1/46543] INFO  ozone.MiniOzoneClusterImpl (MiniOzoneClusterImpl.java:lambda$waitForClusterToBeReady$0(219)) - Nodes are ready. Got 3 of 3 DN Heartbeats.
2022-02-10 17:16:30,160 [Listener at 127.0.0.1/46543] INFO  ozone.MiniOzoneClusterImpl (MiniOzoneClusterImpl.java:lambda$waitForClusterToBeReady$0(222)) - Waiting for cluster to exit safe mode
2022-02-10 17:16:30,161 [Listener at 127.0.0.1/46543] INFO  ozone.MiniOzoneClusterImpl (MiniOzoneClusterImpl.java:lambda$waitForClusterToBeReady$0(224)) - SCM became leader
2022-02-10 17:16:30,455 [EndpointStateMachine task thread for /127.0.0.1:33255 - 0 ] INFO  ipc.Client (Client.java:handleConnectionFailure(977)) - Retrying connect to server: localhost/127.0.0.1:33255. Already tried 12 time(s); retry policy is RetryUpToMaximumCountWithFixedSleep(maxRetries=15, sleepTime=1000 MILLISECONDS)
2022-02-10 17:16:31,161 [Listener at 127.0.0.1/46543] INFO  ozone.MiniOzoneClusterImpl (MiniOzoneClusterImpl.java:lambda$waitForClusterToBeReady$0(219)) - Nodes are ready. Got 3 of 3 DN Heartbeats.
2022-02-10 17:16:31,161 [Listener at 127.0.0.1/46543] INFO  ozone.MiniOzoneClusterImpl (MiniOzoneClusterImpl.java:lambda$waitForClusterToBeReady$0(222)) - Waiting for cluster to exit safe mode
2022-02-10 17:16:31,161 [Listener at 127.0.0.1/46543] INFO  ozone.MiniOzoneClusterImpl (MiniOzoneClusterImpl.java:lambda$waitForClusterToBeReady$0(224)) - SCM became leader
2022-02-10 17:16:31,456 [EndpointStateMachine task thread for /127.0.0.1:33255 - 0 ] INFO  ipc.Client (Client.java:handleConnectionFailure(977)) - Retrying connect to server: localhost/127.0.0.1:33255. Already tried 13 time(s); retry policy is RetryUpToMaximumCountWithFixedSleep(maxRetries=15, sleepTime=1000 MILLISECONDS)
2022-02-10 17:16:32,161 [Listener at 127.0.0.1/46543] INFO  ozone.MiniOzoneClusterImpl (MiniOzoneClusterImpl.java:lambda$waitForClusterToBeReady$0(219)) - Nodes are ready. Got 3 of 3 DN Heartbeats.
2022-02-10 17:16:32,162 [Listener at 127.0.0.1/46543] INFO  ozone.MiniOzoneClusterImpl (MiniOzoneClusterImpl.java:lambda$waitForClusterToBeReady$0(222)) - Waiting for cluster to exit safe mode
2022-02-10 17:16:32,162 [Listener at 127.0.0.1/46543] INFO  ozone.MiniOzoneClusterImpl (MiniOzoneClusterImpl.java:lambda$waitForClusterToBeReady$0(224)) - SCM became leader
2022-02-10 17:16:32,457 [EndpointStateMachine task thread for /127.0.0.1:33255 - 0 ] INFO  ipc.Client (Client.java:handleConnectionFailure(977)) - Retrying connect to server: localhost/127.0.0.1:33255. Already tried 14 time(s); retry policy is RetryUpToMaximumCountWithFixedSleep(maxRetries=15, sleepTime=1000 MILLISECONDS)
2022-02-10 17:16:33,162 [Listener at 127.0.0.1/46543] INFO  ozone.MiniOzoneClusterImpl (MiniOzoneClusterImpl.java:lambda$waitForClusterToBeReady$0(219)) - Nodes are ready. Got 3 of 3 DN Heartbeats.
2022-02-10 17:16:33,162 [Listener at 127.0.0.1/46543] INFO  ozone.MiniOzoneClusterImpl (MiniOzoneClusterImpl.java:lambda$waitForClusterToBeReady$0(222)) - Waiting for cluster to exit safe mode
2022-02-10 17:16:33,162 [Listener at 127.0.0.1/46543] INFO  ozone.MiniOzoneClusterImpl (MiniOzoneClusterImpl.java:lambda$waitForClusterToBeReady$0(224)) - SCM became leader
2022-02-10 17:16:33,412 [d1437619-3fac-44a6-ae3d-075107d274e3@group-22024095878F-FollowerState] INFO  impl.FollowerState (FollowerState.java:run(134)) - d1437619-3fac-44a6-ae3d-075107d274e3@group-22024095878F-FollowerState: change to CANDIDATE, lastRpcElapsedTime:5051424481ns, electionTimeout:5048ms
2022-02-10 17:16:33,412 [d1437619-3fac-44a6-ae3d-075107d274e3@group-22024095878F-FollowerState] INFO  impl.RoleInfo (RoleInfo.java:shutdownFollowerState(108)) - d1437619-3fac-44a6-ae3d-075107d274e3: shutdown d1437619-3fac-44a6-ae3d-075107d274e3@group-22024095878F-FollowerState
2022-02-10 17:16:33,412 [d1437619-3fac-44a6-ae3d-075107d274e3@group-22024095878F-FollowerState] INFO  server.RaftServer$Division (RaftServerImpl.java:setRole(290)) - d1437619-3fac-44a6-ae3d-075107d274e3@group-22024095878F: changes role from  FOLLOWER to CANDIDATE at term 0 for changeToCandidate
2022-02-10 17:16:33,412 [d1437619-3fac-44a6-ae3d-075107d274e3@group-22024095878F-FollowerState] INFO  server.RaftServerConfigKeys (ConfUtils.java:logGet(44)) - raft.server.leaderelection.pre-vote = false (custom)
2022-02-10 17:16:33,413 [d1437619-3fac-44a6-ae3d-075107d274e3@group-22024095878F-FollowerState] INFO  impl.RoleInfo (RoleInfo.java:updateAndGet(130)) - d1437619-3fac-44a6-ae3d-075107d274e3: start d1437619-3fac-44a6-ae3d-075107d274e3@group-22024095878F-LeaderElection21
2022-02-10 17:16:33,428 [d1437619-3fac-44a6-ae3d-075107d274e3@group-22024095878F-LeaderElection21] INFO  impl.LeaderElection (LeaderElection.java:askForVotes(306)) - d1437619-3fac-44a6-ae3d-075107d274e3@group-22024095878F-LeaderElection21 ELECTION round 0: submit vote requests at term 1 for -1: [d1437619-3fac-44a6-ae3d-075107d274e3|rpc:127.0.0.1:41341|priority:1], old=null
2022-02-10 17:16:33,429 [d1437619-3fac-44a6-ae3d-075107d274e3@group-22024095878F-LeaderElection21] INFO  impl.LeaderElection (LeaderElection.java:askForVotes(308)) - d1437619-3fac-44a6-ae3d-075107d274e3@group-22024095878F-LeaderElection21 ELECTION round 0: result PASSED (term=1)
2022-02-10 17:16:33,429 [d1437619-3fac-44a6-ae3d-075107d274e3@group-22024095878F-LeaderElection21] INFO  impl.RoleInfo (RoleInfo.java:shutdownLeaderElection(121)) - d1437619-3fac-44a6-ae3d-075107d274e3: shutdown d1437619-3fac-44a6-ae3d-075107d274e3@group-22024095878F-LeaderElection21
2022-02-10 17:16:33,429 [d1437619-3fac-44a6-ae3d-075107d274e3@group-22024095878F-LeaderElection21] INFO  server.RaftServer$Division (RaftServerImpl.java:setRole(290)) - d1437619-3fac-44a6-ae3d-075107d274e3@group-22024095878F: changes role from CANDIDATE to LEADER at term 1 for changeToLeader
2022-02-10 17:16:33,429 [d1437619-3fac-44a6-ae3d-075107d274e3@group-22024095878F-LeaderElection21] INFO  ratis.XceiverServerRatis (XceiverServerRatis.java:handleLeaderChangedNotification(866)) - Leader change notification received for group: group-22024095878F with new leaderId: d1437619-3fac-44a6-ae3d-075107d274e3
2022-02-10 17:16:33,429 [d1437619-3fac-44a6-ae3d-075107d274e3@group-22024095878F-LeaderElection21] INFO  server.RaftServer$Division (ServerState.java:setLeader(285)) - d1437619-3fac-44a6-ae3d-075107d274e3@group-22024095878F: change Leader from null to d1437619-3fac-44a6-ae3d-075107d274e3 at term 1 for becomeLeader, leader elected after 5109ms
2022-02-10 17:16:33,429 [d1437619-3fac-44a6-ae3d-075107d274e3@group-22024095878F-LeaderElection21] INFO  server.RaftServerConfigKeys (ConfUtils.java:logGet(44)) - raft.server.staging.catchup.gap = 1000 (default)
2022-02-10 17:16:33,429 [d1437619-3fac-44a6-ae3d-075107d274e3@group-22024095878F-LeaderElection21] INFO  server.RaftServerConfigKeys (ConfUtils.java:logGet(44)) - raft.server.write.element-limit = 1024 (custom)
2022-02-10 17:16:33,429 [d1437619-3fac-44a6-ae3d-075107d274e3@group-22024095878F-LeaderElection21] INFO  server.RaftServerConfigKeys (ConfUtils.java:logGet(44)) - raft.server.write.byte-limit = 1024 M (=1073741824) (custom)
2022-02-10 17:16:33,430 [d1437619-3fac-44a6-ae3d-075107d274e3@group-22024095878F-LeaderElection21] INFO  server.RaftServerConfigKeys (ConfUtils.java:logGet(44)) - raft.server.watch.timeout = 180s (custom)
2022-02-10 17:16:33,430 [d1437619-3fac-44a6-ae3d-075107d274e3@group-22024095878F-LeaderElection21] INFO  server.RaftServerConfigKeys (ConfUtils.java:logGet(44)) - raft.server.watch.timeout.denomination = 1s (default)
2022-02-10 17:16:33,430 [d1437619-3fac-44a6-ae3d-075107d274e3@group-22024095878F-LeaderElection21] INFO  server.RaftServerConfigKeys (ConfUtils.java:logGet(44)) - raft.server.watch.element-limit = 65536 (default)
2022-02-10 17:16:33,430 [d1437619-3fac-44a6-ae3d-075107d274e3@group-22024095878F-LeaderElection21] INFO  server.RaftServerConfigKeys (ConfUtils.java:logGet(44)) - raft.server.write.element-limit = 1024 (custom)
2022-02-10 17:16:33,430 [d1437619-3fac-44a6-ae3d-075107d274e3@group-22024095878F-LeaderElection21] INFO  server.RaftServerConfigKeys (ConfUtils.java:logGet(44)) - raft.server.write.follower.gap.ratio.max = -1.0 (default)
2022-02-10 17:16:33,430 [d1437619-3fac-44a6-ae3d-075107d274e3@group-22024095878F-LeaderElection21] INFO  impl.RoleInfo (RoleInfo.java:updateAndGet(130)) - d1437619-3fac-44a6-ae3d-075107d274e3: start d1437619-3fac-44a6-ae3d-075107d274e3@group-22024095878F-LeaderStateImpl
2022-02-10 17:16:33,430 [d1437619-3fac-44a6-ae3d-075107d274e3@group-22024095878F-LeaderElection21] INFO  segmented.SegmentedRaftLogWorker (SegmentedRaftLogWorker.java:startLogSegment(394)) - d1437619-3fac-44a6-ae3d-075107d274e3@group-22024095878F-SegmentedRaftLogWorker: Starting segment from index:0
2022-02-10 17:16:33,432 [EventQueue-OpenPipelineForHealthyPipelineSafeModeRule] INFO  safemode.SCMSafeModeManager (HealthyPipelineSafeModeRule.java:process(124)) - SCM in safe mode. Healthy pipelines reported count is 0, required healthy pipeline reported count is 1
2022-02-10 17:16:33,433 [d1437619-3fac-44a6-ae3d-075107d274e3@group-22024095878F-SegmentedRaftLogWorker] INFO  segmented.SegmentedRaftLogWorker (SegmentedRaftLogWorker.java:execute(601)) - d1437619-3fac-44a6-ae3d-075107d274e3@group-22024095878F-SegmentedRaftLogWorker: created new log segment /home/runner/work/ozone/ozone/hadoop-ozone/integration-test/target/test-dir/MiniOzoneClusterImpl-adca7f43-f686-4ef5-81ed-33e1f333fc0f/datanode-0/data/ratis/4636b5ff-363a-4593-8ffb-22024095878f/current/log_inprogress_0
2022-02-10 17:16:33,440 [d1437619-3fac-44a6-ae3d-075107d274e3@group-22024095878F-LeaderElection21] INFO  server.RaftServer$Division (ServerState.java:setRaftConf(387)) - d1437619-3fac-44a6-ae3d-075107d274e3@group-22024095878F: set configuration 0: [d1437619-3fac-44a6-ae3d-075107d274e3|rpc:127.0.0.1:41341|dataStream:|priority:1], old=null
2022-02-10 17:16:33,459 [EndpointStateMachine task thread for /127.0.0.1:33255 - 0 ] INFO  ipc.Client (Client.java:handleConnectionFailure(977)) - Retrying connect to server: localhost/127.0.0.1:33255. Already tried 0 time(s); retry policy is RetryUpToMaximumCountWithFixedSleep(maxRetries=15, sleepTime=1000 MILLISECONDS)
2022-02-10 17:16:33,473 [d1437619-3fac-44a6-ae3d-075107d274e3@group-38D07942653A-FollowerState] INFO  impl.FollowerState (FollowerState.java:run(134)) - d1437619-3fac-44a6-ae3d-075107d274e3@group-38D07942653A-FollowerState: change to CANDIDATE, lastRpcElapsedTime:5086060213ns, electionTimeout:5078ms
2022-02-10 17:16:33,473 [d1437619-3fac-44a6-ae3d-075107d274e3@group-38D07942653A-FollowerState] INFO  impl.RoleInfo (RoleInfo.java:shutdownFollowerState(108)) - d1437619-3fac-44a6-ae3d-075107d274e3: shutdown d1437619-3fac-44a6-ae3d-075107d274e3@group-38D07942653A-FollowerState
2022-02-10 17:16:33,473 [d1437619-3fac-44a6-ae3d-075107d274e3@group-38D07942653A-FollowerState] INFO  server.RaftServer$Division (RaftServerImpl.java:setRole(290)) - d1437619-3fac-44a6-ae3d-075107d274e3@group-38D07942653A: changes role from  FOLLOWER to CANDIDATE at term 0 for changeToCandidate
2022-02-10 17:16:33,473 [d1437619-3fac-44a6-ae3d-075107d274e3@group-38D07942653A-FollowerState] INFO  server.RaftServerConfigKeys (ConfUtils.java:logGet(44)) - raft.server.leaderelection.pre-vote = false (custom)
2022-02-10 17:16:33,473 [d1437619-3fac-44a6-ae3d-075107d274e3@group-38D07942653A-FollowerState] INFO  impl.RoleInfo (RoleInfo.java:updateAndGet(130)) - d1437619-3fac-44a6-ae3d-075107d274e3: start d1437619-3fac-44a6-ae3d-075107d274e3@group-38D07942653A-LeaderElection22
2022-02-10 17:16:33,499 [d1437619-3fac-44a6-ae3d-075107d274e3@group-38D07942653A-LeaderElection22] INFO  impl.LeaderElection (LeaderElection.java:askForVotes(306)) - d1437619-3fac-44a6-ae3d-075107d274e3@group-38D07942653A-LeaderElection22 ELECTION round 0: submit vote requests at term 1 for -1: [f6245613-14ba-4d4d-b898-c08ac71d98ac|rpc:127.0.0.1:38519|priority:1, d1437619-3fac-44a6-ae3d-075107d274e3|rpc:127.0.0.1:41341|priority:0, 61d42259-4cfd-40d6-918e-44f81e16f570|rpc:127.0.0.1:33511|priority:0], old=null
2022-02-10 17:16:33,518 [grpc-default-executor-2] INFO  server.RaftServer$Division (RaftServerImpl.java:requestVote(1046)) - f6245613-14ba-4d4d-b898-c08ac71d98ac@group-38D07942653A: receive requestVote(ELECTION, d1437619-3fac-44a6-ae3d-075107d274e3, group-38D07942653A, 1, (t:0, i:0))
2022-02-10 17:16:33,518 [grpc-default-executor-2] INFO  impl.VoteContext (VoteContext.java:log(48)) - f6245613-14ba-4d4d-b898-c08ac71d98ac@group-38D07942653A-FOLLOWER: reject ELECTION from d1437619-3fac-44a6-ae3d-075107d274e3: our priority 1 > candidate's priority 0
2022-02-10 17:16:33,519 [grpc-default-executor-2] INFO  server.RaftServer$Division (RaftServerImpl.java:setRole(290)) - f6245613-14ba-4d4d-b898-c08ac71d98ac@group-38D07942653A: changes role from  FOLLOWER to FOLLOWER at term 1 for candidate:d1437619-3fac-44a6-ae3d-075107d274e3
2022-02-10 17:16:33,519 [grpc-default-executor-2] INFO  impl.RoleInfo (RoleInfo.java:shutdownFollowerState(108)) - f6245613-14ba-4d4d-b898-c08ac71d98ac: shutdown f6245613-14ba-4d4d-b898-c08ac71d98ac@group-38D07942653A-FollowerState
2022-02-10 17:16:33,519 [grpc-default-executor-2] INFO  impl.RoleInfo (RoleInfo.java:updateAndGet(130)) - f6245613-14ba-4d4d-b898-c08ac71d98ac: start f6245613-14ba-4d4d-b898-c08ac71d98ac@group-38D07942653A-FollowerState
2022-02-10 17:16:33,519 [f6245613-14ba-4d4d-b898-c08ac71d98ac@group-38D07942653A-FollowerState] INFO  impl.FollowerState (FollowerState.java:run(143)) - f6245613-14ba-4d4d-b898-c08ac71d98ac@group-38D07942653A-FollowerState was interrupted: {}
java.lang.InterruptedException: sleep interrupted
	at java.lang.Thread.sleep(Native Method)
	at java.lang.Thread.sleep(Thread.java:340)
	at java.util.concurrent.TimeUnit.sleep(TimeUnit.java:386)
	at org.apache.ratis.util.TimeDuration.sleep(TimeDuration.java:324)
	at org.apache.ratis.util.TimeDuration.sleep(TimeDuration.java:309)
	at org.apache.ratis.server.impl.FollowerState.run(FollowerState.java:118)
2022-02-10 17:16:33,539 [grpc-default-executor-2] INFO  server.RaftServer$Division (RaftServerImpl.java:requestVote(1078)) - f6245613-14ba-4d4d-b898-c08ac71d98ac@group-38D07942653A replies to ELECTION vote request: d1437619-3fac-44a6-ae3d-075107d274e3<-f6245613-14ba-4d4d-b898-c08ac71d98ac#0:FAIL-t1. Peer's state: f6245613-14ba-4d4d-b898-c08ac71d98ac@group-38D07942653A:t1, leader=null, voted=null, raftlog=f6245613-14ba-4d4d-b898-c08ac71d98ac@group-38D07942653A-SegmentedRaftLog:OPENED:c-1, conf=-1: [f6245613-14ba-4d4d-b898-c08ac71d98ac|rpc:127.0.0.1:38519|dataStream:|priority:1, d1437619-3fac-44a6-ae3d-075107d274e3|rpc:127.0.0.1:41341|dataStream:|priority:0, 61d42259-4cfd-40d6-918e-44f81e16f570|rpc:127.0.0.1:33511|dataStream:|priority:0], old=null
2022-02-10 17:16:33,542 [d1437619-3fac-44a6-ae3d-075107d274e3@group-38D07942653A-LeaderElection22] INFO  impl.LeaderElection (LeaderElection.java:logAndReturn(89)) - d1437619-3fac-44a6-ae3d-075107d274e3@group-38D07942653A-LeaderElection22: ELECTION REJECTED received 1 response(s) and 0 exception(s):
2022-02-10 17:16:33,542 [d1437619-3fac-44a6-ae3d-075107d274e3@group-38D07942653A-LeaderElection22] INFO  impl.LeaderElection (LeaderElection.java:logAndReturn(93)) -   Response 0: d1437619-3fac-44a6-ae3d-075107d274e3<-f6245613-14ba-4d4d-b898-c08ac71d98ac#0:FAIL-t1
2022-02-10 17:16:33,542 [d1437619-3fac-44a6-ae3d-075107d274e3@group-38D07942653A-LeaderElection22] INFO  impl.LeaderElection (LeaderElection.java:askForVotes(308)) - d1437619-3fac-44a6-ae3d-075107d274e3@group-38D07942653A-LeaderElection22 ELECTION round 0: result REJECTED
2022-02-10 17:16:33,542 [d1437619-3fac-44a6-ae3d-075107d274e3@group-38D07942653A-LeaderElection22] INFO  server.RaftServer$Division (RaftServerImpl.java:setRole(290)) - d1437619-3fac-44a6-ae3d-075107d274e3@group-38D07942653A: changes role from CANDIDATE to FOLLOWER at term 1 for REJECTED
2022-02-10 17:16:33,542 [d1437619-3fac-44a6-ae3d-075107d274e3@group-38D07942653A-LeaderElection22] INFO  impl.RoleInfo (RoleInfo.java:shutdownLeaderElection(121)) - d1437619-3fac-44a6-ae3d-075107d274e3: shutdown d1437619-3fac-44a6-ae3d-075107d274e3@group-38D07942653A-LeaderElection22
2022-02-10 17:16:33,542 [d1437619-3fac-44a6-ae3d-075107d274e3@group-38D07942653A-LeaderElection22] INFO  impl.RoleInfo (RoleInfo.java:updateAndGet(130)) - d1437619-3fac-44a6-ae3d-075107d274e3: start d1437619-3fac-44a6-ae3d-075107d274e3@group-38D07942653A-FollowerState
2022-02-10 17:16:33,560 [grpc-default-executor-0] INFO  server.RaftServer$Division (RaftServerImpl.java:requestVote(1046)) - 61d42259-4cfd-40d6-918e-44f81e16f570@group-38D07942653A: receive requestVote(ELECTION, d1437619-3fac-44a6-ae3d-075107d274e3, group-38D07942653A, 1, (t:0, i:0))
2022-02-10 17:16:33,572 [grpc-default-executor-0] INFO  impl.VoteContext (VoteContext.java:log(48)) - 61d42259-4cfd-40d6-918e-44f81e16f570@group-38D07942653A-FOLLOWER: accept ELECTION from d1437619-3fac-44a6-ae3d-075107d274e3: our priority 0 <= candidate's priority 0
2022-02-10 17:16:33,572 [grpc-default-executor-0] INFO  server.RaftServer$Division (RaftServerImpl.java:setRole(290)) - 61d42259-4cfd-40d6-918e-44f81e16f570@group-38D07942653A: changes role from  FOLLOWER to FOLLOWER at term 1 for candidate:d1437619-3fac-44a6-ae3d-075107d274e3
2022-02-10 17:16:33,572 [grpc-default-executor-0] INFO  impl.RoleInfo (RoleInfo.java:shutdownFollowerState(108)) - 61d42259-4cfd-40d6-918e-44f81e16f570: shutdown 61d42259-4cfd-40d6-918e-44f81e16f570@group-38D07942653A-FollowerState
2022-02-10 17:16:33,572 [grpc-default-executor-0] INFO  impl.RoleInfo (RoleInfo.java:updateAndGet(130)) - 61d42259-4cfd-40d6-918e-44f81e16f570: start 61d42259-4cfd-40d6-918e-44f81e16f570@group-38D07942653A-FollowerState
2022-02-10 17:16:33,572 [61d42259-4cfd-40d6-918e-44f81e16f570@group-38D07942653A-FollowerState] INFO  impl.FollowerState (FollowerState.java:run(143)) - 61d42259-4cfd-40d6-918e-44f81e16f570@group-38D07942653A-FollowerState was interrupted: {}
java.lang.InterruptedException: sleep interrupted
	at java.lang.Thread.sleep(Native Method)
	at java.lang.Thread.sleep(Thread.java:340)
	at java.util.concurrent.TimeUnit.sleep(TimeUnit.java:386)
	at org.apache.ratis.util.TimeDuration.sleep(TimeDuration.java:324)
	at org.apache.ratis.util.TimeDuration.sleep(TimeDuration.java:309)
	at org.apache.ratis.server.impl.FollowerState.run(FollowerState.java:118)
2022-02-10 17:16:33,581 [grpc-default-executor-0] INFO  server.RaftServer$Division (RaftServerImpl.java:requestVote(1078)) - 61d42259-4cfd-40d6-918e-44f81e16f570@group-38D07942653A replies to ELECTION vote request: d1437619-3fac-44a6-ae3d-075107d274e3<-61d42259-4cfd-40d6-918e-44f81e16f570#0:OK-t1. Peer's state: 61d42259-4cfd-40d6-918e-44f81e16f570@group-38D07942653A:t1, leader=null, voted=d1437619-3fac-44a6-ae3d-075107d274e3, raftlog=61d42259-4cfd-40d6-918e-44f81e16f570@group-38D07942653A-SegmentedRaftLog:OPENED:c-1, conf=-1: [f6245613-14ba-4d4d-b898-c08ac71d98ac|rpc:127.0.0.1:38519|dataStream:|priority:1, d1437619-3fac-44a6-ae3d-075107d274e3|rpc:127.0.0.1:41341|dataStream:|priority:0, 61d42259-4cfd-40d6-918e-44f81e16f570|rpc:127.0.0.1:33511|dataStream:|priority:0], old=null
2022-02-10 17:16:33,786 [d1437619-3fac-44a6-ae3d-075107d274e3@group-C8E65BBE6C27-FollowerState] INFO  impl.FollowerState (FollowerState.java:run(134)) - d1437619-3fac-44a6-ae3d-075107d274e3@group-C8E65BBE6C27-FollowerState: change to CANDIDATE, lastRpcElapsedTime:5139130350ns, electionTimeout:5127ms
2022-02-10 17:16:33,787 [d1437619-3fac-44a6-ae3d-075107d274e3@group-C8E65BBE6C27-FollowerState] INFO  impl.RoleInfo (RoleInfo.java:shutdownFollowerState(108)) - d1437619-3fac-44a6-ae3d-075107d274e3: shutdown d1437619-3fac-44a6-ae3d-075107d274e3@group-C8E65BBE6C27-FollowerState
2022-02-10 17:16:33,787 [d1437619-3fac-44a6-ae3d-075107d274e3@group-C8E65BBE6C27-FollowerState] INFO  server.RaftServer$Division (RaftServerImpl.java:setRole(290)) - d1437619-3fac-44a6-ae3d-075107d274e3@group-C8E65BBE6C27: changes role from  FOLLOWER to CANDIDATE at term 0 for changeToCandidate
2022-02-10 17:16:33,787 [d1437619-3fac-44a6-ae3d-075107d274e3@group-C8E65BBE6C27-FollowerState] INFO  server.RaftServerConfigKeys (ConfUtils.java:logGet(44)) - raft.server.leaderelection.pre-vote = false (custom)
2022-02-10 17:16:33,787 [d1437619-3fac-44a6-ae3d-075107d274e3@group-C8E65BBE6C27-FollowerState] INFO  impl.RoleInfo (RoleInfo.java:updateAndGet(130)) - d1437619-3fac-44a6-ae3d-075107d274e3: start d1437619-3fac-44a6-ae3d-075107d274e3@group-C8E65BBE6C27-LeaderElection23
2022-02-10 17:16:33,815 [d1437619-3fac-44a6-ae3d-075107d274e3@group-C8E65BBE6C27-LeaderElection23] INFO  impl.LeaderElection (LeaderElection.java:askForVotes(306)) - d1437619-3fac-44a6-ae3d-075107d274e3@group-C8E65BBE6C27-LeaderElection23 ELECTION round 0: submit vote requests at term 1 for -1: [f6245613-14ba-4d4d-b898-c08ac71d98ac|rpc:127.0.0.1:38519|priority:0, d1437619-3fac-44a6-ae3d-075107d274e3|rpc:127.0.0.1:41341|priority:0, 61d42259-4cfd-40d6-918e-44f81e16f570|rpc:127.0.0.1:33511|priority:1], old=null
2022-02-10 17:16:33,840 [grpc-default-executor-0] INFO  server.RaftServer$Division (RaftServerImpl.java:requestVote(1046)) - f6245613-14ba-4d4d-b898-c08ac71d98ac@group-C8E65BBE6C27: receive requestVote(ELECTION, d1437619-3fac-44a6-ae3d-075107d274e3, group-C8E65BBE6C27, 1, (t:0, i:0))
2022-02-10 17:16:33,840 [grpc-default-executor-0] INFO  impl.VoteContext (VoteContext.java:log(48)) - f6245613-14ba-4d4d-b898-c08ac71d98ac@group-C8E65BBE6C27-FOLLOWER: accept ELECTION from d1437619-3fac-44a6-ae3d-075107d274e3: our priority 0 <= candidate's priority 0
2022-02-10 17:16:33,840 [grpc-default-executor-0] INFO  server.RaftServer$Division (RaftServerImpl.java:setRole(290)) - f6245613-14ba-4d4d-b898-c08ac71d98ac@group-C8E65BBE6C27: changes role from  FOLLOWER to FOLLOWER at term 1 for candidate:d1437619-3fac-44a6-ae3d-075107d274e3
2022-02-10 17:16:33,840 [grpc-default-executor-0] INFO  impl.RoleInfo (RoleInfo.java:shutdownFollowerState(108)) - f6245613-14ba-4d4d-b898-c08ac71d98ac: shutdown f6245613-14ba-4d4d-b898-c08ac71d98ac@group-C8E65BBE6C27-FollowerState
2022-02-10 17:16:33,840 [grpc-default-executor-0] INFO  impl.RoleInfo (RoleInfo.java:updateAndGet(130)) - f6245613-14ba-4d4d-b898-c08ac71d98ac: start f6245613-14ba-4d4d-b898-c08ac71d98ac@group-C8E65BBE6C27-FollowerState
2022-02-10 17:16:33,840 [f6245613-14ba-4d4d-b898-c08ac71d98ac@group-C8E65BBE6C27-FollowerState] INFO  impl.FollowerState (FollowerState.java:run(143)) - f6245613-14ba-4d4d-b898-c08ac71d98ac@group-C8E65BBE6C27-FollowerState was interrupted: {}
java.lang.InterruptedException: sleep interrupted
	at java.lang.Thread.sleep(Native Method)
	at java.lang.Thread.sleep(Thread.java:340)
	at java.util.concurrent.TimeUnit.sleep(TimeUnit.java:386)
	at org.apache.ratis.util.TimeDuration.sleep(TimeDuration.java:324)
	at org.apache.ratis.util.TimeDuration.sleep(TimeDuration.java:309)
	at org.apache.ratis.server.impl.FollowerState.run(FollowerState.java:118)
2022-02-10 17:16:33,852 [grpc-default-executor-0] INFO  server.RaftServer$Division (RaftServerImpl.java:requestVote(1078)) - f6245613-14ba-4d4d-b898-c08ac71d98ac@group-C8E65BBE6C27 replies to ELECTION vote request: d1437619-3fac-44a6-ae3d-075107d274e3<-f6245613-14ba-4d4d-b898-c08ac71d98ac#0:OK-t1. Peer's state: f6245613-14ba-4d4d-b898-c08ac71d98ac@group-C8E65BBE6C27:t1, leader=null, voted=d1437619-3fac-44a6-ae3d-075107d274e3, raftlog=f6245613-14ba-4d4d-b898-c08ac71d98ac@group-C8E65BBE6C27-SegmentedRaftLog:OPENED:c-1, conf=-1: [f6245613-14ba-4d4d-b898-c08ac71d98ac|rpc:127.0.0.1:38519|dataStream:|priority:0, d1437619-3fac-44a6-ae3d-075107d274e3|rpc:127.0.0.1:41341|dataStream:|priority:0, 61d42259-4cfd-40d6-918e-44f81e16f570|rpc:127.0.0.1:33511|dataStream:|priority:1], old=null
2022-02-10 17:16:33,863 [grpc-default-executor-0] INFO  server.RaftServer$Division (RaftServerImpl.java:requestVote(1046)) - 61d42259-4cfd-40d6-918e-44f81e16f570@group-C8E65BBE6C27: receive requestVote(ELECTION, d1437619-3fac-44a6-ae3d-075107d274e3, group-C8E65BBE6C27, 1, (t:0, i:0))
2022-02-10 17:16:33,863 [grpc-default-executor-0] INFO  impl.VoteContext (VoteContext.java:log(48)) - 61d42259-4cfd-40d6-918e-44f81e16f570@group-C8E65BBE6C27-FOLLOWER: reject ELECTION from d1437619-3fac-44a6-ae3d-075107d274e3: our priority 1 > candidate's priority 0
2022-02-10 17:16:33,863 [grpc-default-executor-0] INFO  server.RaftServer$Division (RaftServerImpl.java:setRole(290)) - 61d42259-4cfd-40d6-918e-44f81e16f570@group-C8E65BBE6C27: changes role from  FOLLOWER to FOLLOWER at term 1 for candidate:d1437619-3fac-44a6-ae3d-075107d274e3
2022-02-10 17:16:33,863 [grpc-default-executor-0] INFO  impl.RoleInfo (RoleInfo.java:shutdownFollowerState(108)) - 61d42259-4cfd-40d6-918e-44f81e16f570: shutdown 61d42259-4cfd-40d6-918e-44f81e16f570@group-C8E65BBE6C27-FollowerState
2022-02-10 17:16:33,863 [grpc-default-executor-0] INFO  impl.RoleInfo (RoleInfo.java:updateAndGet(130)) - 61d42259-4cfd-40d6-918e-44f81e16f570: start 61d42259-4cfd-40d6-918e-44f81e16f570@group-C8E65BBE6C27-FollowerState
2022-02-10 17:16:33,863 [61d42259-4cfd-40d6-918e-44f81e16f570@group-C8E65BBE6C27-FollowerState] INFO  impl.FollowerState (FollowerState.java:run(143)) - 61d42259-4cfd-40d6-918e-44f81e16f570@group-C8E65BBE6C27-FollowerState was interrupted: {}
java.lang.InterruptedException: sleep interrupted
	at java.lang.Thread.sleep(Native Method)
	at java.lang.Thread.sleep(Thread.java:340)
	at java.util.concurrent.TimeUnit.sleep(TimeUnit.java:386)
	at org.apache.ratis.util.TimeDuration.sleep(TimeDuration.java:324)
	at org.apache.ratis.util.TimeDuration.sleep(TimeDuration.java:309)
	at org.apache.ratis.server.impl.FollowerState.run(FollowerState.java:118)
2022-02-10 17:16:33,872 [grpc-default-executor-0] INFO  server.RaftServer$Division (RaftServerImpl.java:requestVote(1078)) - 61d42259-4cfd-40d6-918e-44f81e16f570@group-C8E65BBE6C27 replies to ELECTION vote request: d1437619-3fac-44a6-ae3d-075107d274e3<-61d42259-4cfd-40d6-918e-44f81e16f570#0:FAIL-t1. Peer's state: 61d42259-4cfd-40d6-918e-44f81e16f570@group-C8E65BBE6C27:t1, leader=null, voted=null, raftlog=61d42259-4cfd-40d6-918e-44f81e16f570@group-C8E65BBE6C27-SegmentedRaftLog:OPENED:c-1, conf=-1: [f6245613-14ba-4d4d-b898-c08ac71d98ac|rpc:127.0.0.1:38519|dataStream:|priority:0, d1437619-3fac-44a6-ae3d-075107d274e3|rpc:127.0.0.1:41341|dataStream:|priority:0, 61d42259-4cfd-40d6-918e-44f81e16f570|rpc:127.0.0.1:33511|dataStream:|priority:1], old=null
2022-02-10 17:16:33,873 [d1437619-3fac-44a6-ae3d-075107d274e3@group-C8E65BBE6C27-LeaderElection23] INFO  impl.LeaderElection (LeaderElection.java:logAndReturn(89)) - d1437619-3fac-44a6-ae3d-075107d274e3@group-C8E65BBE6C27-LeaderElection23: ELECTION REJECTED received 2 response(s) and 0 exception(s):
2022-02-10 17:16:33,873 [d1437619-3fac-44a6-ae3d-075107d274e3@group-C8E65BBE6C27-LeaderElection23] INFO  impl.LeaderElection (LeaderElection.java:logAndReturn(93)) -   Response 0: d1437619-3fac-44a6-ae3d-075107d274e3<-f6245613-14ba-4d4d-b898-c08ac71d98ac#0:OK-t1
2022-02-10 17:16:33,873 [d1437619-3fac-44a6-ae3d-075107d274e3@group-C8E65BBE6C27-LeaderElection23] INFO  impl.LeaderElection (LeaderElection.java:logAndReturn(93)) -   Response 1: d1437619-3fac-44a6-ae3d-075107d274e3<-61d42259-4cfd-40d6-918e-44f81e16f570#0:FAIL-t1
2022-02-10 17:16:33,873 [d1437619-3fac-44a6-ae3d-075107d274e3@group-C8E65BBE6C27-LeaderElection23] INFO  impl.LeaderElection (LeaderElection.java:askForVotes(308)) - d1437619-3fac-44a6-ae3d-075107d274e3@group-C8E65BBE6C27-LeaderElection23 ELECTION round 0: result REJECTED
2022-02-10 17:16:33,873 [d1437619-3fac-44a6-ae3d-075107d274e3@group-C8E65BBE6C27-LeaderElection23] INFO  server.RaftServer$Division (RaftServerImpl.java:setRole(290)) - d1437619-3fac-44a6-ae3d-075107d274e3@group-C8E65BBE6C27: changes role from CANDIDATE to FOLLOWER at term 1 for REJECTED
2022-02-10 17:16:33,873 [d1437619-3fac-44a6-ae3d-075107d274e3@group-C8E65BBE6C27-LeaderElection23] INFO  impl.RoleInfo (RoleInfo.java:shutdownLeaderElection(121)) - d1437619-3fac-44a6-ae3d-075107d274e3: shutdown d1437619-3fac-44a6-ae3d-075107d274e3@group-C8E65BBE6C27-LeaderElection23
2022-02-10 17:16:33,873 [d1437619-3fac-44a6-ae3d-075107d274e3@group-C8E65BBE6C27-LeaderElection23] INFO  impl.RoleInfo (RoleInfo.java:updateAndGet(130)) - d1437619-3fac-44a6-ae3d-075107d274e3: start d1437619-3fac-44a6-ae3d-075107d274e3@group-C8E65BBE6C27-FollowerState
2022-02-10 17:16:33,897 [f6245613-14ba-4d4d-b898-c08ac71d98ac@group-C8B3B1DBEC7A-FollowerState] INFO  impl.FollowerState (FollowerState.java:run(134)) - f6245613-14ba-4d4d-b898-c08ac71d98ac@group-C8B3B1DBEC7A-FollowerState: change to CANDIDATE, lastRpcElapsedTime:5051791704ns, electionTimeout:5042ms
2022-02-10 17:16:33,898 [f6245613-14ba-4d4d-b898-c08ac71d98ac@group-C8B3B1DBEC7A-FollowerState] INFO  impl.RoleInfo (RoleInfo.java:shutdownFollowerState(108)) - f6245613-14ba-4d4d-b898-c08ac71d98ac: shutdown f6245613-14ba-4d4d-b898-c08ac71d98ac@group-C8B3B1DBEC7A-FollowerState
2022-02-10 17:16:33,898 [f6245613-14ba-4d4d-b898-c08ac71d98ac@group-C8B3B1DBEC7A-FollowerState] INFO  server.RaftServer$Division (RaftServerImpl.java:setRole(290)) - f6245613-14ba-4d4d-b898-c08ac71d98ac@group-C8B3B1DBEC7A: changes role from  FOLLOWER to CANDIDATE at term 0 for changeToCandidate
2022-02-10 17:16:33,899 [f6245613-14ba-4d4d-b898-c08ac71d98ac@group-C8B3B1DBEC7A-FollowerState] INFO  server.RaftServerConfigKeys (ConfUtils.java:logGet(44)) - raft.server.leaderelection.pre-vote = false (custom)
2022-02-10 17:16:33,899 [f6245613-14ba-4d4d-b898-c08ac71d98ac@group-C8B3B1DBEC7A-FollowerState] INFO  impl.RoleInfo (RoleInfo.java:updateAndGet(130)) - f6245613-14ba-4d4d-b898-c08ac71d98ac: start f6245613-14ba-4d4d-b898-c08ac71d98ac@group-C8B3B1DBEC7A-LeaderElection24
2022-02-10 17:16:33,919 [f6245613-14ba-4d4d-b898-c08ac71d98ac@group-C8B3B1DBEC7A-LeaderElection24] INFO  impl.LeaderElection (LeaderElection.java:askForVotes(306)) - f6245613-14ba-4d4d-b898-c08ac71d98ac@group-C8B3B1DBEC7A-LeaderElection24 ELECTION round 0: submit vote requests at term 1 for -1: [f6245613-14ba-4d4d-b898-c08ac71d98ac|rpc:127.0.0.1:38519|priority:1], old=null
2022-02-10 17:16:33,919 [f6245613-14ba-4d4d-b898-c08ac71d98ac@group-C8B3B1DBEC7A-LeaderElection24] INFO  impl.LeaderElection (LeaderElection.java:askForVotes(308)) - f6245613-14ba-4d4d-b898-c08ac71d98ac@group-C8B3B1DBEC7A-LeaderElection24 ELECTION round 0: result PASSED (term=1)
2022-02-10 17:16:33,919 [f6245613-14ba-4d4d-b898-c08ac71d98ac@group-C8B3B1DBEC7A-LeaderElection24] INFO  impl.RoleInfo (RoleInfo.java:shutdownLeaderElection(121)) - f6245613-14ba-4d4d-b898-c08ac71d98ac: shutdown f6245613-14ba-4d4d-b898-c08ac71d98ac@group-C8B3B1DBEC7A-LeaderElection24
2022-02-10 17:16:33,919 [f6245613-14ba-4d4d-b898-c08ac71d98ac@group-C8B3B1DBEC7A-LeaderElection24] INFO  server.RaftServer$Division (RaftServerImpl.java:setRole(290)) - f6245613-14ba-4d4d-b898-c08ac71d98ac@group-C8B3B1DBEC7A: changes role from CANDIDATE to LEADER at term 1 for changeToLeader
2022-02-10 17:16:33,919 [f6245613-14ba-4d4d-b898-c08ac71d98ac@group-C8B3B1DBEC7A-LeaderElection24] INFO  ratis.XceiverServerRatis (XceiverServerRatis.java:handleLeaderChangedNotification(866)) - Leader change notification received for group: group-C8B3B1DBEC7A with new leaderId: f6245613-14ba-4d4d-b898-c08ac71d98ac
2022-02-10 17:16:33,920 [f6245613-14ba-4d4d-b898-c08ac71d98ac@group-C8B3B1DBEC7A-LeaderElection24] INFO  server.RaftServer$Division (ServerState.java:setLeader(285)) - f6245613-14ba-4d4d-b898-c08ac71d98ac@group-C8B3B1DBEC7A: change Leader from null to f6245613-14ba-4d4d-b898-c08ac71d98ac at term 1 for becomeLeader, leader elected after 5131ms
2022-02-10 17:16:33,920 [f6245613-14ba-4d4d-b898-c08ac71d98ac@group-C8B3B1DBEC7A-LeaderElection24] INFO  server.RaftServerConfigKeys (ConfUtils.java:logGet(44)) - raft.server.staging.catchup.gap = 1000 (default)
2022-02-10 17:16:33,920 [f6245613-14ba-4d4d-b898-c08ac71d98ac@group-C8B3B1DBEC7A-LeaderElection24] INFO  server.RaftServerConfigKeys (ConfUtils.java:logGet(44)) - raft.server.write.element-limit = 1024 (custom)
2022-02-10 17:16:33,920 [f6245613-14ba-4d4d-b898-c08ac71d98ac@group-C8B3B1DBEC7A-LeaderElection24] INFO  server.RaftServerConfigKeys (ConfUtils.java:logGet(44)) - raft.server.write.byte-limit = 1024 M (=1073741824) (custom)
2022-02-10 17:16:33,920 [f6245613-14ba-4d4d-b898-c08ac71d98ac@group-C8B3B1DBEC7A-LeaderElection24] INFO  server.RaftServerConfigKeys (ConfUtils.java:logGet(44)) - raft.server.watch.timeout = 180s (custom)
2022-02-10 17:16:33,920 [f6245613-14ba-4d4d-b898-c08ac71d98ac@group-C8B3B1DBEC7A-LeaderElection24] INFO  server.RaftServerConfigKeys (ConfUtils.java:logGet(44)) - raft.server.watch.timeout.denomination = 1s (default)
2022-02-10 17:16:33,920 [f6245613-14ba-4d4d-b898-c08ac71d98ac@group-C8B3B1DBEC7A-LeaderElection24] INFO  server.RaftServerConfigKeys (ConfUtils.java:logGet(44)) - raft.server.watch.element-limit = 65536 (default)
2022-02-10 17:16:33,920 [f6245613-14ba-4d4d-b898-c08ac71d98ac@group-C8B3B1DBEC7A-LeaderElection24] INFO  server.RaftServerConfigKeys (ConfUtils.java:logGet(44)) - raft.server.write.element-limit = 1024 (custom)
2022-02-10 17:16:33,920 [f6245613-14ba-4d4d-b898-c08ac71d98ac@group-C8B3B1DBEC7A-LeaderElection24] INFO  server.RaftServerConfigKeys (ConfUtils.java:logGet(44)) - raft.server.write.follower.gap.ratio.max = -1.0 (default)
2022-02-10 17:16:33,921 [f6245613-14ba-4d4d-b898-c08ac71d98ac@group-C8B3B1DBEC7A-LeaderElection24] INFO  impl.RoleInfo (RoleInfo.java:updateAndGet(130)) - f6245613-14ba-4d4d-b898-c08ac71d98ac: start f6245613-14ba-4d4d-b898-c08ac71d98ac@group-C8B3B1DBEC7A-LeaderStateImpl
2022-02-10 17:16:33,921 [f6245613-14ba-4d4d-b898-c08ac71d98ac@group-C8B3B1DBEC7A-LeaderElection24] INFO  segmented.SegmentedRaftLogWorker (SegmentedRaftLogWorker.java:startLogSegment(394)) - f6245613-14ba-4d4d-b898-c08ac71d98ac@group-C8B3B1DBEC7A-SegmentedRaftLogWorker: Starting segment from index:0
2022-02-10 17:16:33,928 [f6245613-14ba-4d4d-b898-c08ac71d98ac@group-C8B3B1DBEC7A-SegmentedRaftLogWorker] INFO  segmented.SegmentedRaftLogWorker (SegmentedRaftLogWorker.java:execute(601)) - f6245613-14ba-4d4d-b898-c08ac71d98ac@group-C8B3B1DBEC7A-SegmentedRaftLogWorker: created new log segment /home/runner/work/ozone/ozone/hadoop-ozone/integration-test/target/test-dir/MiniOzoneClusterImpl-adca7f43-f686-4ef5-81ed-33e1f333fc0f/datanode-1/data/ratis/a88855d8-2b14-4932-aa55-c8b3b1dbec7a/current/log_inprogress_0
2022-02-10 17:16:33,929 [EventQueue-OpenPipelineForHealthyPipelineSafeModeRule] INFO  safemode.SCMSafeModeManager (HealthyPipelineSafeModeRule.java:process(124)) - SCM in safe mode. Healthy pipelines reported count is 0, required healthy pipeline reported count is 1
2022-02-10 17:16:33,968 [f6245613-14ba-4d4d-b898-c08ac71d98ac@group-C8B3B1DBEC7A-LeaderElection24] INFO  server.RaftServer$Division (ServerState.java:setRaftConf(387)) - f6245613-14ba-4d4d-b898-c08ac71d98ac@group-C8B3B1DBEC7A: set configuration 0: [f6245613-14ba-4d4d-b898-c08ac71d98ac|rpc:127.0.0.1:38519|dataStream:|priority:1], old=null
2022-02-10 17:16:34,162 [Listener at 127.0.0.1/46543] INFO  ozone.MiniOzoneClusterImpl (MiniOzoneClusterImpl.java:lambda$waitForClusterToBeReady$0(219)) - Nodes are ready. Got 3 of 3 DN Heartbeats.
2022-02-10 17:16:34,163 [Listener at 127.0.0.1/46543] INFO  ozone.MiniOzoneClusterImpl (MiniOzoneClusterImpl.java:lambda$waitForClusterToBeReady$0(222)) - Waiting for cluster to exit safe mode
2022-02-10 17:16:34,163 [Listener at 127.0.0.1/46543] INFO  ozone.MiniOzoneClusterImpl (MiniOzoneClusterImpl.java:lambda$waitForClusterToBeReady$0(224)) - SCM became leader
2022-02-10 17:16:34,383 [61d42259-4cfd-40d6-918e-44f81e16f570@group-BDD902B70378-FollowerState] INFO  impl.FollowerState (FollowerState.java:run(134)) - 61d42259-4cfd-40d6-918e-44f81e16f570@group-BDD902B70378-FollowerState: change to CANDIDATE, lastRpcElapsedTime:5170594820ns, electionTimeout:5165ms
2022-02-10 17:16:34,383 [61d42259-4cfd-40d6-918e-44f81e16f570@group-BDD902B70378-FollowerState] INFO  impl.RoleInfo (RoleInfo.java:shutdownFollowerState(108)) - 61d42259-4cfd-40d6-918e-44f81e16f570: shutdown 61d42259-4cfd-40d6-918e-44f81e16f570@group-BDD902B70378-FollowerState
2022-02-10 17:16:34,383 [61d42259-4cfd-40d6-918e-44f81e16f570@group-BDD902B70378-FollowerState] INFO  server.RaftServer$Division (RaftServerImpl.java:setRole(290)) - 61d42259-4cfd-40d6-918e-44f81e16f570@group-BDD902B70378: changes role from  FOLLOWER to CANDIDATE at term 0 for changeToCandidate
2022-02-10 17:16:34,383 [61d42259-4cfd-40d6-918e-44f81e16f570@group-BDD902B70378-FollowerState] INFO  server.RaftServerConfigKeys (ConfUtils.java:logGet(44)) - raft.server.leaderelection.pre-vote = false (custom)
2022-02-10 17:16:34,383 [61d42259-4cfd-40d6-918e-44f81e16f570@group-BDD902B70378-FollowerState] INFO  impl.RoleInfo (RoleInfo.java:updateAndGet(130)) - 61d42259-4cfd-40d6-918e-44f81e16f570: start 61d42259-4cfd-40d6-918e-44f81e16f570@group-BDD902B70378-LeaderElection25
2022-02-10 17:16:34,400 [61d42259-4cfd-40d6-918e-44f81e16f570@group-BDD902B70378-LeaderElection25] INFO  impl.LeaderElection (LeaderElection.java:askForVotes(306)) - 61d42259-4cfd-40d6-918e-44f81e16f570@group-BDD902B70378-LeaderElection25 ELECTION round 0: submit vote requests at term 1 for -1: [61d42259-4cfd-40d6-918e-44f81e16f570|rpc:127.0.0.1:33511|priority:1], old=null
2022-02-10 17:16:34,400 [61d42259-4cfd-40d6-918e-44f81e16f570@group-BDD902B70378-LeaderElection25] INFO  impl.LeaderElection (LeaderElection.java:askForVotes(308)) - 61d42259-4cfd-40d6-918e-44f81e16f570@group-BDD902B70378-LeaderElection25 ELECTION round 0: result PASSED (term=1)
2022-02-10 17:16:34,400 [61d42259-4cfd-40d6-918e-44f81e16f570@group-BDD902B70378-LeaderElection25] INFO  impl.RoleInfo (RoleInfo.java:shutdownLeaderElection(121)) - 61d42259-4cfd-40d6-918e-44f81e16f570: shutdown 61d42259-4cfd-40d6-918e-44f81e16f570@group-BDD902B70378-LeaderElection25
2022-02-10 17:16:34,400 [61d42259-4cfd-40d6-918e-44f81e16f570@group-BDD902B70378-LeaderElection25] INFO  server.RaftServer$Division (RaftServerImpl.java:setRole(290)) - 61d42259-4cfd-40d6-918e-44f81e16f570@group-BDD902B70378: changes role from CANDIDATE to LEADER at term 1 for changeToLeader
2022-02-10 17:16:34,401 [61d42259-4cfd-40d6-918e-44f81e16f570@group-BDD902B70378-LeaderElection25] INFO  ratis.XceiverServerRatis (XceiverServerRatis.java:handleLeaderChangedNotification(866)) - Leader change notification received for group: group-BDD902B70378 with new leaderId: 61d42259-4cfd-40d6-918e-44f81e16f570
2022-02-10 17:16:34,403 [EventQueue-OpenPipelineForHealthyPipelineSafeModeRule] INFO  safemode.SCMSafeModeManager (HealthyPipelineSafeModeRule.java:process(124)) - SCM in safe mode. Healthy pipelines reported count is 0, required healthy pipeline reported count is 1
2022-02-10 17:16:34,406 [61d42259-4cfd-40d6-918e-44f81e16f570@group-BDD902B70378-LeaderElection25] INFO  server.RaftServer$Division (ServerState.java:setLeader(285)) - 61d42259-4cfd-40d6-918e-44f81e16f570@group-BDD902B70378: change Leader from null to 61d42259-4cfd-40d6-918e-44f81e16f570 at term 1 for becomeLeader, leader elected after 5211ms
2022-02-10 17:16:34,406 [61d42259-4cfd-40d6-918e-44f81e16f570@group-BDD902B70378-LeaderElection25] INFO  server.RaftServerConfigKeys (ConfUtils.java:logGet(44)) - raft.server.staging.catchup.gap = 1000 (default)
2022-02-10 17:16:34,411 [61d42259-4cfd-40d6-918e-44f81e16f570@group-BDD902B70378-LeaderElection25] INFO  server.RaftServerConfigKeys (ConfUtils.java:logGet(44)) - raft.server.write.element-limit = 1024 (custom)
2022-02-10 17:16:34,411 [61d42259-4cfd-40d6-918e-44f81e16f570@group-BDD902B70378-LeaderElection25] INFO  server.RaftServerConfigKeys (ConfUtils.java:logGet(44)) - raft.server.write.byte-limit = 1024 M (=1073741824) (custom)
2022-02-10 17:16:34,411 [61d42259-4cfd-40d6-918e-44f81e16f570@group-BDD902B70378-LeaderElection25] INFO  server.RaftServerConfigKeys (ConfUtils.java:logGet(44)) - raft.server.watch.timeout = 180s (custom)
2022-02-10 17:16:34,411 [61d42259-4cfd-40d6-918e-44f81e16f570@group-BDD902B70378-LeaderElection25] INFO  server.RaftServerConfigKeys (ConfUtils.java:logGet(44)) - raft.server.watch.timeout.denomination = 1s (default)
2022-02-10 17:16:34,411 [61d42259-4cfd-40d6-918e-44f81e16f570@group-BDD902B70378-LeaderElection25] INFO  server.RaftServerConfigKeys (ConfUtils.java:logGet(44)) - raft.server.watch.element-limit = 65536 (default)
2022-02-10 17:16:34,411 [61d42259-4cfd-40d6-918e-44f81e16f570@group-BDD902B70378-LeaderElection25] INFO  server.RaftServerConfigKeys (ConfUtils.java:logGet(44)) - raft.server.write.element-limit = 1024 (custom)
2022-02-10 17:16:34,412 [61d42259-4cfd-40d6-918e-44f81e16f570@group-BDD902B70378-LeaderElection25] INFO  server.RaftServerConfigKeys (ConfUtils.java:logGet(44)) - raft.server.write.follower.gap.ratio.max = -1.0 (default)
2022-02-10 17:16:34,412 [61d42259-4cfd-40d6-918e-44f81e16f570@group-BDD902B70378-LeaderElection25] INFO  impl.RoleInfo (RoleInfo.java:updateAndGet(130)) - 61d42259-4cfd-40d6-918e-44f81e16f570: start 61d42259-4cfd-40d6-918e-44f81e16f570@group-BDD902B70378-LeaderStateImpl
2022-02-10 17:16:34,412 [61d42259-4cfd-40d6-918e-44f81e16f570@group-BDD902B70378-LeaderElection25] INFO  segmented.SegmentedRaftLogWorker (SegmentedRaftLogWorker.java:startLogSegment(394)) - 61d42259-4cfd-40d6-918e-44f81e16f570@group-BDD902B70378-SegmentedRaftLogWorker: Starting segment from index:0
2022-02-10 17:16:34,422 [61d42259-4cfd-40d6-918e-44f81e16f570@group-BDD902B70378-SegmentedRaftLogWorker] INFO  segmented.SegmentedRaftLogWorker (SegmentedRaftLogWorker.java:execute(601)) - 61d42259-4cfd-40d6-918e-44f81e16f570@group-BDD902B70378-SegmentedRaftLogWorker: created new log segment /home/runner/work/ozone/ozone/hadoop-ozone/integration-test/target/test-dir/MiniOzoneClusterImpl-adca7f43-f686-4ef5-81ed-33e1f333fc0f/datanode-2/data/ratis/70af909a-0f2d-48a5-a29b-bdd902b70378/current/log_inprogress_0
2022-02-10 17:16:34,427 [61d42259-4cfd-40d6-918e-44f81e16f570@group-BDD902B70378-LeaderElection25] INFO  server.RaftServer$Division (ServerState.java:setRaftConf(387)) - 61d42259-4cfd-40d6-918e-44f81e16f570@group-BDD902B70378: set configuration 0: [61d42259-4cfd-40d6-918e-44f81e16f570|rpc:127.0.0.1:33511|dataStream:|priority:1], old=null
2022-02-10 17:16:34,459 [EndpointStateMachine task thread for /127.0.0.1:33255 - 0 ] INFO  ipc.Client (Client.java:handleConnectionFailure(977)) - Retrying connect to server: localhost/127.0.0.1:33255. Already tried 1 time(s); retry policy is RetryUpToMaximumCountWithFixedSleep(maxRetries=15, sleepTime=1000 MILLISECONDS)
2022-02-10 17:16:35,163 [Listener at 127.0.0.1/46543] INFO  ozone.MiniOzoneClusterImpl (MiniOzoneClusterImpl.java:lambda$waitForClusterToBeReady$0(219)) - Nodes are ready. Got 3 of 3 DN Heartbeats.
2022-02-10 17:16:35,163 [Listener at 127.0.0.1/46543] INFO  ozone.MiniOzoneClusterImpl (MiniOzoneClusterImpl.java:lambda$waitForClusterToBeReady$0(222)) - Waiting for cluster to exit safe mode
2022-02-10 17:16:35,163 [Listener at 127.0.0.1/46543] INFO  ozone.MiniOzoneClusterImpl (MiniOzoneClusterImpl.java:lambda$waitForClusterToBeReady$0(224)) - SCM became leader
2022-02-10 17:16:35,460 [EndpointStateMachine task thread for /127.0.0.1:33255 - 0 ] INFO  ipc.Client (Client.java:handleConnectionFailure(977)) - Retrying connect to server: localhost/127.0.0.1:33255. Already tried 2 time(s); retry policy is RetryUpToMaximumCountWithFixedSleep(maxRetries=15, sleepTime=1000 MILLISECONDS)
2022-02-10 17:16:36,164 [Listener at 127.0.0.1/46543] INFO  ozone.MiniOzoneClusterImpl (MiniOzoneClusterImpl.java:lambda$waitForClusterToBeReady$0(219)) - Nodes are ready. Got 3 of 3 DN Heartbeats.
2022-02-10 17:16:36,164 [Listener at 127.0.0.1/46543] INFO  ozone.MiniOzoneClusterImpl (MiniOzoneClusterImpl.java:lambda$waitForClusterToBeReady$0(222)) - Waiting for cluster to exit safe mode
2022-02-10 17:16:36,164 [Listener at 127.0.0.1/46543] INFO  ozone.MiniOzoneClusterImpl (MiniOzoneClusterImpl.java:lambda$waitForClusterToBeReady$0(224)) - SCM became leader
2022-02-10 17:16:36,461 [EndpointStateMachine task thread for /127.0.0.1:33255 - 0 ] INFO  ipc.Client (Client.java:handleConnectionFailure(977)) - Retrying connect to server: localhost/127.0.0.1:33255. Already tried 3 time(s); retry policy is RetryUpToMaximumCountWithFixedSleep(maxRetries=15, sleepTime=1000 MILLISECONDS)
2022-02-10 17:16:37,164 [Listener at 127.0.0.1/46543] INFO  ozone.MiniOzoneClusterImpl (MiniOzoneClusterImpl.java:lambda$waitForClusterToBeReady$0(219)) - Nodes are ready. Got 3 of 3 DN Heartbeats.
2022-02-10 17:16:37,164 [Listener at 127.0.0.1/46543] INFO  ozone.MiniOzoneClusterImpl (MiniOzoneClusterImpl.java:lambda$waitForClusterToBeReady$0(222)) - Waiting for cluster to exit safe mode
2022-02-10 17:16:37,164 [Listener at 127.0.0.1/46543] INFO  ozone.MiniOzoneClusterImpl (MiniOzoneClusterImpl.java:lambda$waitForClusterToBeReady$0(224)) - SCM became leader
2022-02-10 17:16:37,461 [EndpointStateMachine task thread for /127.0.0.1:33255 - 0 ] INFO  ipc.Client (Client.java:handleConnectionFailure(977)) - Retrying connect to server: localhost/127.0.0.1:33255. Already tried 4 time(s); retry policy is RetryUpToMaximumCountWithFixedSleep(maxRetries=15, sleepTime=1000 MILLISECONDS)
2022-02-10 17:16:38,165 [Listener at 127.0.0.1/46543] INFO  ozone.MiniOzoneClusterImpl (MiniOzoneClusterImpl.java:lambda$waitForClusterToBeReady$0(219)) - Nodes are ready. Got 3 of 3 DN Heartbeats.
2022-02-10 17:16:38,165 [Listener at 127.0.0.1/46543] INFO  ozone.MiniOzoneClusterImpl (MiniOzoneClusterImpl.java:lambda$waitForClusterToBeReady$0(222)) - Waiting for cluster to exit safe mode
2022-02-10 17:16:38,165 [Listener at 127.0.0.1/46543] INFO  ozone.MiniOzoneClusterImpl (MiniOzoneClusterImpl.java:lambda$waitForClusterToBeReady$0(224)) - SCM became leader
2022-02-10 17:16:38,462 [EndpointStateMachine task thread for /127.0.0.1:33255 - 0 ] INFO  ipc.Client (Client.java:handleConnectionFailure(977)) - Retrying connect to server: localhost/127.0.0.1:33255. Already tried 5 time(s); retry policy is RetryUpToMaximumCountWithFixedSleep(maxRetries=15, sleepTime=1000 MILLISECONDS)
2022-02-10 17:16:38,615 [d1437619-3fac-44a6-ae3d-075107d274e3@group-38D07942653A-FollowerState] INFO  impl.FollowerState (FollowerState.java:run(134)) - d1437619-3fac-44a6-ae3d-075107d274e3@group-38D07942653A-FollowerState: change to CANDIDATE, lastRpcElapsedTime:5073160199ns, electionTimeout:5067ms
2022-02-10 17:16:38,615 [d1437619-3fac-44a6-ae3d-075107d274e3@group-38D07942653A-FollowerState] INFO  impl.RoleInfo (RoleInfo.java:shutdownFollowerState(108)) - d1437619-3fac-44a6-ae3d-075107d274e3: shutdown d1437619-3fac-44a6-ae3d-075107d274e3@group-38D07942653A-FollowerState
2022-02-10 17:16:38,615 [d1437619-3fac-44a6-ae3d-075107d274e3@group-38D07942653A-FollowerState] INFO  server.RaftServer$Division (RaftServerImpl.java:setRole(290)) - d1437619-3fac-44a6-ae3d-075107d274e3@group-38D07942653A: changes role from  FOLLOWER to CANDIDATE at term 1 for changeToCandidate
2022-02-10 17:16:38,615 [d1437619-3fac-44a6-ae3d-075107d274e3@group-38D07942653A-FollowerState] INFO  server.RaftServerConfigKeys (ConfUtils.java:logGet(44)) - raft.server.leaderelection.pre-vote = false (custom)
2022-02-10 17:16:38,615 [d1437619-3fac-44a6-ae3d-075107d274e3@group-38D07942653A-FollowerState] INFO  impl.RoleInfo (RoleInfo.java:updateAndGet(130)) - d1437619-3fac-44a6-ae3d-075107d274e3: start d1437619-3fac-44a6-ae3d-075107d274e3@group-38D07942653A-LeaderElection26
2022-02-10 17:16:38,636 [d1437619-3fac-44a6-ae3d-075107d274e3@group-38D07942653A-LeaderElection26] INFO  impl.LeaderElection (LeaderElection.java:askForVotes(306)) - d1437619-3fac-44a6-ae3d-075107d274e3@group-38D07942653A-LeaderElection26 ELECTION round 0: submit vote requests at term 2 for -1: [f6245613-14ba-4d4d-b898-c08ac71d98ac|rpc:127.0.0.1:38519|priority:1, d1437619-3fac-44a6-ae3d-075107d274e3|rpc:127.0.0.1:41341|priority:0, 61d42259-4cfd-40d6-918e-44f81e16f570|rpc:127.0.0.1:33511|priority:0], old=null
2022-02-10 17:16:38,651 [grpc-default-executor-0] INFO  server.RaftServer$Division (RaftServerImpl.java:requestVote(1046)) - f6245613-14ba-4d4d-b898-c08ac71d98ac@group-38D07942653A: receive requestVote(ELECTION, d1437619-3fac-44a6-ae3d-075107d274e3, group-38D07942653A, 2, (t:0, i:0))
2022-02-10 17:16:38,660 [grpc-default-executor-0] INFO  impl.VoteContext (VoteContext.java:log(48)) - f6245613-14ba-4d4d-b898-c08ac71d98ac@group-38D07942653A-FOLLOWER: reject ELECTION from d1437619-3fac-44a6-ae3d-075107d274e3: our priority 1 > candidate's priority 0
2022-02-10 17:16:38,660 [grpc-default-executor-0] INFO  server.RaftServer$Division (RaftServerImpl.java:setRole(290)) - f6245613-14ba-4d4d-b898-c08ac71d98ac@group-38D07942653A: changes role from  FOLLOWER to FOLLOWER at term 2 for candidate:d1437619-3fac-44a6-ae3d-075107d274e3
2022-02-10 17:16:38,660 [grpc-default-executor-0] INFO  impl.RoleInfo (RoleInfo.java:shutdownFollowerState(108)) - f6245613-14ba-4d4d-b898-c08ac71d98ac: shutdown f6245613-14ba-4d4d-b898-c08ac71d98ac@group-38D07942653A-FollowerState
2022-02-10 17:16:38,660 [grpc-default-executor-0] INFO  impl.RoleInfo (RoleInfo.java:updateAndGet(130)) - f6245613-14ba-4d4d-b898-c08ac71d98ac: start f6245613-14ba-4d4d-b898-c08ac71d98ac@group-38D07942653A-FollowerState
2022-02-10 17:16:38,660 [f6245613-14ba-4d4d-b898-c08ac71d98ac@group-38D07942653A-FollowerState] INFO  impl.FollowerState (FollowerState.java:run(143)) - f6245613-14ba-4d4d-b898-c08ac71d98ac@group-38D07942653A-FollowerState was interrupted: {}
java.lang.InterruptedException: sleep interrupted
	at java.lang.Thread.sleep(Native Method)
	at java.lang.Thread.sleep(Thread.java:340)
	at java.util.concurrent.TimeUnit.sleep(TimeUnit.java:386)
	at org.apache.ratis.util.TimeDuration.sleep(TimeDuration.java:324)
	at org.apache.ratis.util.TimeDuration.sleep(TimeDuration.java:309)
	at org.apache.ratis.server.impl.FollowerState.run(FollowerState.java:118)
2022-02-10 17:16:38,664 [grpc-default-executor-0] INFO  server.RaftServer$Division (RaftServerImpl.java:requestVote(1078)) - f6245613-14ba-4d4d-b898-c08ac71d98ac@group-38D07942653A replies to ELECTION vote request: d1437619-3fac-44a6-ae3d-075107d274e3<-f6245613-14ba-4d4d-b898-c08ac71d98ac#0:FAIL-t2. Peer's state: f6245613-14ba-4d4d-b898-c08ac71d98ac@group-38D07942653A:t2, leader=null, voted=null, raftlog=f6245613-14ba-4d4d-b898-c08ac71d98ac@group-38D07942653A-SegmentedRaftLog:OPENED:c-1, conf=-1: [f6245613-14ba-4d4d-b898-c08ac71d98ac|rpc:127.0.0.1:38519|dataStream:|priority:1, d1437619-3fac-44a6-ae3d-075107d274e3|rpc:127.0.0.1:41341|dataStream:|priority:0, 61d42259-4cfd-40d6-918e-44f81e16f570|rpc:127.0.0.1:33511|dataStream:|priority:0], old=null
2022-02-10 17:16:38,665 [d1437619-3fac-44a6-ae3d-075107d274e3@group-38D07942653A-LeaderElection26] INFO  impl.LeaderElection (LeaderElection.java:logAndReturn(89)) - d1437619-3fac-44a6-ae3d-075107d274e3@group-38D07942653A-LeaderElection26: ELECTION REJECTED received 1 response(s) and 0 exception(s):
2022-02-10 17:16:38,665 [d1437619-3fac-44a6-ae3d-075107d274e3@group-38D07942653A-LeaderElection26] INFO  impl.LeaderElection (LeaderElection.java:logAndReturn(93)) -   Response 0: d1437619-3fac-44a6-ae3d-075107d274e3<-f6245613-14ba-4d4d-b898-c08ac71d98ac#0:FAIL-t2
2022-02-10 17:16:38,665 [d1437619-3fac-44a6-ae3d-075107d274e3@group-38D07942653A-LeaderElection26] INFO  impl.LeaderElection (LeaderElection.java:askForVotes(308)) - d1437619-3fac-44a6-ae3d-075107d274e3@group-38D07942653A-LeaderElection26 ELECTION round 0: result REJECTED
2022-02-10 17:16:38,666 [d1437619-3fac-44a6-ae3d-075107d274e3@group-38D07942653A-LeaderElection26] INFO  server.RaftServer$Division (RaftServerImpl.java:setRole(290)) - d1437619-3fac-44a6-ae3d-075107d274e3@group-38D07942653A: changes role from CANDIDATE to FOLLOWER at term 2 for REJECTED
2022-02-10 17:16:38,666 [d1437619-3fac-44a6-ae3d-075107d274e3@group-38D07942653A-LeaderElection26] INFO  impl.RoleInfo (RoleInfo.java:shutdownLeaderElection(121)) - d1437619-3fac-44a6-ae3d-075107d274e3: shutdown d1437619-3fac-44a6-ae3d-075107d274e3@group-38D07942653A-LeaderElection26
2022-02-10 17:16:38,666 [d1437619-3fac-44a6-ae3d-075107d274e3@group-38D07942653A-LeaderElection26] INFO  impl.RoleInfo (RoleInfo.java:updateAndGet(130)) - d1437619-3fac-44a6-ae3d-075107d274e3: start d1437619-3fac-44a6-ae3d-075107d274e3@group-38D07942653A-FollowerState
2022-02-10 17:16:38,679 [grpc-default-executor-0] INFO  server.RaftServer$Division (RaftServerImpl.java:requestVote(1046)) - 61d42259-4cfd-40d6-918e-44f81e16f570@group-38D07942653A: receive requestVote(ELECTION, d1437619-3fac-44a6-ae3d-075107d274e3, group-38D07942653A, 2, (t:0, i:0))
2022-02-10 17:16:38,682 [grpc-default-executor-0] INFO  impl.VoteContext (VoteContext.java:log(48)) - 61d42259-4cfd-40d6-918e-44f81e16f570@group-38D07942653A-FOLLOWER: accept ELECTION from d1437619-3fac-44a6-ae3d-075107d274e3: our priority 0 <= candidate's priority 0
2022-02-10 17:16:38,682 [grpc-default-executor-0] INFO  server.RaftServer$Division (RaftServerImpl.java:setRole(290)) - 61d42259-4cfd-40d6-918e-44f81e16f570@group-38D07942653A: changes role from  FOLLOWER to FOLLOWER at term 2 for candidate:d1437619-3fac-44a6-ae3d-075107d274e3
2022-02-10 17:16:38,682 [grpc-default-executor-0] INFO  impl.RoleInfo (RoleInfo.java:shutdownFollowerState(108)) - 61d42259-4cfd-40d6-918e-44f81e16f570: shutdown 61d42259-4cfd-40d6-918e-44f81e16f570@group-38D07942653A-FollowerState
2022-02-10 17:16:38,682 [grpc-default-executor-0] INFO  impl.RoleInfo (RoleInfo.java:updateAndGet(130)) - 61d42259-4cfd-40d6-918e-44f81e16f570: start 61d42259-4cfd-40d6-918e-44f81e16f570@group-38D07942653A-FollowerState
2022-02-10 17:16:38,682 [61d42259-4cfd-40d6-918e-44f81e16f570@group-38D07942653A-FollowerState] INFO  impl.FollowerState (FollowerState.java:run(143)) - 61d42259-4cfd-40d6-918e-44f81e16f570@group-38D07942653A-FollowerState was interrupted: {}
java.lang.InterruptedException: sleep interrupted
	at java.lang.Thread.sleep(Native Method)
	at java.lang.Thread.sleep(Thread.java:340)
	at java.util.concurrent.TimeUnit.sleep(TimeUnit.java:386)
	at org.apache.ratis.util.TimeDuration.sleep(TimeDuration.java:324)
	at org.apache.ratis.util.TimeDuration.sleep(TimeDuration.java:309)
	at org.apache.ratis.server.impl.FollowerState.run(FollowerState.java:118)
2022-02-10 17:16:38,688 [grpc-default-executor-0] INFO  server.RaftServer$Division (RaftServerImpl.java:requestVote(1078)) - 61d42259-4cfd-40d6-918e-44f81e16f570@group-38D07942653A replies to ELECTION vote request: d1437619-3fac-44a6-ae3d-075107d274e3<-61d42259-4cfd-40d6-918e-44f81e16f570#0:OK-t2. Peer's state: 61d42259-4cfd-40d6-918e-44f81e16f570@group-38D07942653A:t2, leader=null, voted=d1437619-3fac-44a6-ae3d-075107d274e3, raftlog=61d42259-4cfd-40d6-918e-44f81e16f570@group-38D07942653A-SegmentedRaftLog:OPENED:c-1, conf=-1: [f6245613-14ba-4d4d-b898-c08ac71d98ac|rpc:127.0.0.1:38519|dataStream:|priority:1, d1437619-3fac-44a6-ae3d-075107d274e3|rpc:127.0.0.1:41341|dataStream:|priority:0, 61d42259-4cfd-40d6-918e-44f81e16f570|rpc:127.0.0.1:33511|dataStream:|priority:0], old=null
2022-02-10 17:16:38,952 [61d42259-4cfd-40d6-918e-44f81e16f570@group-C8E65BBE6C27-FollowerState] INFO  impl.FollowerState (FollowerState.java:run(134)) - 61d42259-4cfd-40d6-918e-44f81e16f570@group-C8E65BBE6C27-FollowerState: change to CANDIDATE, lastRpcElapsedTime:5089025335ns, electionTimeout:5081ms
2022-02-10 17:16:38,952 [61d42259-4cfd-40d6-918e-44f81e16f570@group-C8E65BBE6C27-FollowerState] INFO  impl.RoleInfo (RoleInfo.java:shutdownFollowerState(108)) - 61d42259-4cfd-40d6-918e-44f81e16f570: shutdown 61d42259-4cfd-40d6-918e-44f81e16f570@group-C8E65BBE6C27-FollowerState
2022-02-10 17:16:38,953 [61d42259-4cfd-40d6-918e-44f81e16f570@group-C8E65BBE6C27-FollowerState] INFO  server.RaftServer$Division (RaftServerImpl.java:setRole(290)) - 61d42259-4cfd-40d6-918e-44f81e16f570@group-C8E65BBE6C27: changes role from  FOLLOWER to CANDIDATE at term 1 for changeToCandidate
2022-02-10 17:16:38,953 [61d42259-4cfd-40d6-918e-44f81e16f570@group-C8E65BBE6C27-FollowerState] INFO  server.RaftServerConfigKeys (ConfUtils.java:logGet(44)) - raft.server.leaderelection.pre-vote = false (custom)
2022-02-10 17:16:38,953 [61d42259-4cfd-40d6-918e-44f81e16f570@group-C8E65BBE6C27-FollowerState] INFO  impl.RoleInfo (RoleInfo.java:updateAndGet(130)) - 61d42259-4cfd-40d6-918e-44f81e16f570: start 61d42259-4cfd-40d6-918e-44f81e16f570@group-C8E65BBE6C27-LeaderElection27
2022-02-10 17:16:38,970 [61d42259-4cfd-40d6-918e-44f81e16f570@group-C8E65BBE6C27-LeaderElection27] INFO  impl.LeaderElection (LeaderElection.java:askForVotes(306)) - 61d42259-4cfd-40d6-918e-44f81e16f570@group-C8E65BBE6C27-LeaderElection27 ELECTION round 0: submit vote requests at term 2 for -1: [f6245613-14ba-4d4d-b898-c08ac71d98ac|rpc:127.0.0.1:38519|dataStream:|priority:0, d1437619-3fac-44a6-ae3d-075107d274e3|rpc:127.0.0.1:41341|dataStream:|priority:0, 61d42259-4cfd-40d6-918e-44f81e16f570|rpc:127.0.0.1:33511|dataStream:|priority:1], old=null
2022-02-10 17:16:38,987 [grpc-default-executor-0] INFO  server.RaftServer$Division (RaftServerImpl.java:requestVote(1046)) - d1437619-3fac-44a6-ae3d-075107d274e3@group-C8E65BBE6C27: receive requestVote(ELECTION, 61d42259-4cfd-40d6-918e-44f81e16f570, group-C8E65BBE6C27, 2, (t:0, i:0))
2022-02-10 17:16:38,987 [grpc-default-executor-0] INFO  impl.VoteContext (VoteContext.java:log(48)) - d1437619-3fac-44a6-ae3d-075107d274e3@group-C8E65BBE6C27-FOLLOWER: accept ELECTION from 61d42259-4cfd-40d6-918e-44f81e16f570: our priority 0 <= candidate's priority 1
2022-02-10 17:16:38,987 [grpc-default-executor-0] INFO  server.RaftServer$Division (RaftServerImpl.java:setRole(290)) - d1437619-3fac-44a6-ae3d-075107d274e3@group-C8E65BBE6C27: changes role from  FOLLOWER to FOLLOWER at term 2 for candidate:61d42259-4cfd-40d6-918e-44f81e16f570
2022-02-10 17:16:38,987 [grpc-default-executor-0] INFO  impl.RoleInfo (RoleInfo.java:shutdownFollowerState(108)) - d1437619-3fac-44a6-ae3d-075107d274e3: shutdown d1437619-3fac-44a6-ae3d-075107d274e3@group-C8E65BBE6C27-FollowerState
2022-02-10 17:16:38,987 [grpc-default-executor-0] INFO  impl.RoleInfo (RoleInfo.java:updateAndGet(130)) - d1437619-3fac-44a6-ae3d-075107d274e3: start d1437619-3fac-44a6-ae3d-075107d274e3@group-C8E65BBE6C27-FollowerState
2022-02-10 17:16:38,987 [d1437619-3fac-44a6-ae3d-075107d274e3@group-C8E65BBE6C27-FollowerState] INFO  impl.FollowerState (FollowerState.java:run(143)) - d1437619-3fac-44a6-ae3d-075107d274e3@group-C8E65BBE6C27-FollowerState was interrupted: {}
java.lang.InterruptedException: sleep interrupted
	at java.lang.Thread.sleep(Native Method)
	at java.lang.Thread.sleep(Thread.java:340)
	at java.util.concurrent.TimeUnit.sleep(TimeUnit.java:386)
	at org.apache.ratis.util.TimeDuration.sleep(TimeDuration.java:324)
	at org.apache.ratis.util.TimeDuration.sleep(TimeDuration.java:309)
	at org.apache.ratis.server.impl.FollowerState.run(FollowerState.java:118)
2022-02-10 17:16:38,994 [f6245613-14ba-4d4d-b898-c08ac71d98ac@group-C8E65BBE6C27-FollowerState] INFO  impl.FollowerState (FollowerState.java:run(134)) - f6245613-14ba-4d4d-b898-c08ac71d98ac@group-C8E65BBE6C27-FollowerState: change to CANDIDATE, lastRpcElapsedTime:5142485220ns, electionTimeout:5133ms
2022-02-10 17:16:38,995 [f6245613-14ba-4d4d-b898-c08ac71d98ac@group-C8E65BBE6C27-FollowerState] INFO  impl.RoleInfo (RoleInfo.java:shutdownFollowerState(108)) - f6245613-14ba-4d4d-b898-c08ac71d98ac: shutdown f6245613-14ba-4d4d-b898-c08ac71d98ac@group-C8E65BBE6C27-FollowerState
2022-02-10 17:16:38,995 [f6245613-14ba-4d4d-b898-c08ac71d98ac@group-C8E65BBE6C27-FollowerState] INFO  server.RaftServer$Division (RaftServerImpl.java:setRole(290)) - f6245613-14ba-4d4d-b898-c08ac71d98ac@group-C8E65BBE6C27: changes role from  FOLLOWER to CANDIDATE at term 1 for changeToCandidate
2022-02-10 17:16:38,995 [f6245613-14ba-4d4d-b898-c08ac71d98ac@group-C8E65BBE6C27-FollowerState] INFO  server.RaftServerConfigKeys (ConfUtils.java:logGet(44)) - raft.server.leaderelection.pre-vote = false (custom)
2022-02-10 17:16:38,995 [f6245613-14ba-4d4d-b898-c08ac71d98ac@group-C8E65BBE6C27-FollowerState] INFO  impl.RoleInfo (RoleInfo.java:updateAndGet(130)) - f6245613-14ba-4d4d-b898-c08ac71d98ac: start f6245613-14ba-4d4d-b898-c08ac71d98ac@group-C8E65BBE6C27-LeaderElection28
2022-02-10 17:16:39,000 [grpc-default-executor-0] INFO  server.RaftServer$Division (RaftServerImpl.java:requestVote(1078)) - d1437619-3fac-44a6-ae3d-075107d274e3@group-C8E65BBE6C27 replies to ELECTION vote request: 61d42259-4cfd-40d6-918e-44f81e16f570<-d1437619-3fac-44a6-ae3d-075107d274e3#0:OK-t2. Peer's state: d1437619-3fac-44a6-ae3d-075107d274e3@group-C8E65BBE6C27:t2, leader=null, voted=61d42259-4cfd-40d6-918e-44f81e16f570, raftlog=d1437619-3fac-44a6-ae3d-075107d274e3@group-C8E65BBE6C27-SegmentedRaftLog:OPENED:c-1, conf=-1: [f6245613-14ba-4d4d-b898-c08ac71d98ac|rpc:127.0.0.1:38519|priority:0, d1437619-3fac-44a6-ae3d-075107d274e3|rpc:127.0.0.1:41341|priority:0, 61d42259-4cfd-40d6-918e-44f81e16f570|rpc:127.0.0.1:33511|priority:1], old=null
2022-02-10 17:16:39,001 [61d42259-4cfd-40d6-918e-44f81e16f570@group-C8E65BBE6C27-LeaderElection27] INFO  impl.LeaderElection (LeaderElection.java:logAndReturn(89)) - 61d42259-4cfd-40d6-918e-44f81e16f570@group-C8E65BBE6C27-LeaderElection27: ELECTION PASSED received 1 response(s) and 0 exception(s):
2022-02-10 17:16:39,001 [61d42259-4cfd-40d6-918e-44f81e16f570@group-C8E65BBE6C27-LeaderElection27] INFO  impl.LeaderElection (LeaderElection.java:logAndReturn(93)) -   Response 0: 61d42259-4cfd-40d6-918e-44f81e16f570<-d1437619-3fac-44a6-ae3d-075107d274e3#0:OK-t2
2022-02-10 17:16:39,001 [61d42259-4cfd-40d6-918e-44f81e16f570@group-C8E65BBE6C27-LeaderElection27] INFO  impl.LeaderElection (LeaderElection.java:askForVotes(308)) - 61d42259-4cfd-40d6-918e-44f81e16f570@group-C8E65BBE6C27-LeaderElection27 ELECTION round 0: result PASSED
2022-02-10 17:16:39,001 [61d42259-4cfd-40d6-918e-44f81e16f570@group-C8E65BBE6C27-LeaderElection27] INFO  impl.RoleInfo (RoleInfo.java:shutdownLeaderElection(121)) - 61d42259-4cfd-40d6-918e-44f81e16f570: shutdown 61d42259-4cfd-40d6-918e-44f81e16f570@group-C8E65BBE6C27-LeaderElection27
2022-02-10 17:16:39,001 [61d42259-4cfd-40d6-918e-44f81e16f570@group-C8E65BBE6C27-LeaderElection27] INFO  server.RaftServer$Division (RaftServerImpl.java:setRole(290)) - 61d42259-4cfd-40d6-918e-44f81e16f570@group-C8E65BBE6C27: changes role from CANDIDATE to LEADER at term 2 for changeToLeader
2022-02-10 17:16:39,001 [61d42259-4cfd-40d6-918e-44f81e16f570@group-C8E65BBE6C27-LeaderElection27] INFO  ratis.XceiverServerRatis (XceiverServerRatis.java:handleLeaderChangedNotification(866)) - Leader change notification received for group: group-C8E65BBE6C27 with new leaderId: 61d42259-4cfd-40d6-918e-44f81e16f570
2022-02-10 17:16:39,001 [61d42259-4cfd-40d6-918e-44f81e16f570@group-C8E65BBE6C27-LeaderElection27] INFO  server.RaftServer$Division (ServerState.java:setLeader(285)) - 61d42259-4cfd-40d6-918e-44f81e16f570@group-C8E65BBE6C27: change Leader from null to 61d42259-4cfd-40d6-918e-44f81e16f570 at term 2 for becomeLeader, leader elected after 10230ms
2022-02-10 17:16:39,001 [61d42259-4cfd-40d6-918e-44f81e16f570@group-C8E65BBE6C27-LeaderElection27] INFO  server.RaftServerConfigKeys (ConfUtils.java:logGet(44)) - raft.server.staging.catchup.gap = 1000 (default)
2022-02-10 17:16:39,002 [61d42259-4cfd-40d6-918e-44f81e16f570@group-C8E65BBE6C27-LeaderElection27] INFO  server.RaftServerConfigKeys (ConfUtils.java:logGet(44)) - raft.server.write.element-limit = 1024 (custom)
2022-02-10 17:16:39,002 [61d42259-4cfd-40d6-918e-44f81e16f570@group-C8E65BBE6C27-LeaderElection27] INFO  server.RaftServerConfigKeys (ConfUtils.java:logGet(44)) - raft.server.write.byte-limit = 1024 M (=1073741824) (custom)
2022-02-10 17:16:39,002 [61d42259-4cfd-40d6-918e-44f81e16f570@group-C8E65BBE6C27-LeaderElection27] INFO  server.RaftServerConfigKeys (ConfUtils.java:logGet(44)) - raft.server.watch.timeout = 180s (custom)
2022-02-10 17:16:39,002 [61d42259-4cfd-40d6-918e-44f81e16f570@group-C8E65BBE6C27-LeaderElection27] INFO  server.RaftServerConfigKeys (ConfUtils.java:logGet(44)) - raft.server.watch.timeout.denomination = 1s (default)
2022-02-10 17:16:39,002 [61d42259-4cfd-40d6-918e-44f81e16f570@group-C8E65BBE6C27-LeaderElection27] INFO  server.RaftServerConfigKeys (ConfUtils.java:logGet(44)) - raft.server.watch.element-limit = 65536 (default)
2022-02-10 17:16:39,002 [61d42259-4cfd-40d6-918e-44f81e16f570@group-C8E65BBE6C27-LeaderElection27] INFO  server.RaftServerConfigKeys (ConfUtils.java:logGet(44)) - raft.server.write.element-limit = 1024 (custom)
2022-02-10 17:16:39,002 [61d42259-4cfd-40d6-918e-44f81e16f570@group-C8E65BBE6C27-LeaderElection27] INFO  server.RaftServerConfigKeys (ConfUtils.java:logGet(44)) - raft.server.write.follower.gap.ratio.max = -1.0 (default)
2022-02-10 17:16:39,002 [61d42259-4cfd-40d6-918e-44f81e16f570@group-C8E65BBE6C27-LeaderElection27] INFO  server.RaftServerConfigKeys (ConfUtils.java:logGet(44)) - raft.server.log.appender.snapshot.chunk.size.max = 16MB (=16777216) (default)
2022-02-10 17:16:39,003 [61d42259-4cfd-40d6-918e-44f81e16f570@group-C8E65BBE6C27-LeaderElection27] INFO  server.RaftServerConfigKeys (ConfUtils.java:logGet(44)) - raft.server.log.appender.buffer.byte-limit = 33554432 (custom)
2022-02-10 17:16:39,003 [61d42259-4cfd-40d6-918e-44f81e16f570@group-C8E65BBE6C27-LeaderElection27] INFO  server.RaftServerConfigKeys (ConfUtils.java:logGet(44)) - raft.server.log.appender.buffer.element-limit = 1 (custom)
2022-02-10 17:16:39,003 [61d42259-4cfd-40d6-918e-44f81e16f570@group-C8E65BBE6C27-LeaderElection27] INFO  grpc.GrpcConfigKeys (ConfUtils.java:logGet(44)) - raft.grpc.server.leader.outstanding.appends.max = 128 (default)
2022-02-10 17:16:39,003 [61d42259-4cfd-40d6-918e-44f81e16f570@group-C8E65BBE6C27-LeaderElection27] INFO  server.RaftServerConfigKeys (ConfUtils.java:logGet(44)) - raft.server.rpc.request.timeout = 60s (custom)
2022-02-10 17:16:39,003 [61d42259-4cfd-40d6-918e-44f81e16f570@group-C8E65BBE6C27-LeaderElection27] INFO  server.RaftServerConfigKeys (ConfUtils.java:logGet(44)) - raft.server.log.appender.install.snapshot.enabled = false (custom)
2022-02-10 17:16:39,004 [61d42259-4cfd-40d6-918e-44f81e16f570@group-C8E65BBE6C27-LeaderElection27] INFO  server.RaftServerConfigKeys (ConfUtils.java:logGet(44)) - raft.server.log.appender.snapshot.chunk.size.max = 16MB (=16777216) (default)
2022-02-10 17:16:39,004 [61d42259-4cfd-40d6-918e-44f81e16f570@group-C8E65BBE6C27-LeaderElection27] INFO  server.RaftServerConfigKeys (ConfUtils.java:logGet(44)) - raft.server.log.appender.buffer.byte-limit = 33554432 (custom)
2022-02-10 17:16:39,004 [61d42259-4cfd-40d6-918e-44f81e16f570@group-C8E65BBE6C27-LeaderElection27] INFO  server.RaftServerConfigKeys (ConfUtils.java:logGet(44)) - raft.server.log.appender.buffer.element-limit = 1 (custom)
2022-02-10 17:16:39,004 [61d42259-4cfd-40d6-918e-44f81e16f570@group-C8E65BBE6C27-LeaderElection27] INFO  grpc.GrpcConfigKeys (ConfUtils.java:logGet(44)) - raft.grpc.server.leader.outstanding.appends.max = 128 (default)
2022-02-10 17:16:39,004 [61d42259-4cfd-40d6-918e-44f81e16f570@group-C8E65BBE6C27-LeaderElection27] INFO  server.RaftServerConfigKeys (ConfUtils.java:logGet(44)) - raft.server.rpc.request.timeout = 60s (custom)
2022-02-10 17:16:39,004 [61d42259-4cfd-40d6-918e-44f81e16f570@group-C8E65BBE6C27-LeaderElection27] INFO  server.RaftServerConfigKeys (ConfUtils.java:logGet(44)) - raft.server.log.appender.install.snapshot.enabled = false (custom)
2022-02-10 17:16:39,005 [61d42259-4cfd-40d6-918e-44f81e16f570@group-C8E65BBE6C27-LeaderElection27] INFO  impl.RoleInfo (RoleInfo.java:updateAndGet(130)) - 61d42259-4cfd-40d6-918e-44f81e16f570: start 61d42259-4cfd-40d6-918e-44f81e16f570@group-C8E65BBE6C27-LeaderStateImpl
2022-02-10 17:16:39,005 [61d42259-4cfd-40d6-918e-44f81e16f570@group-C8E65BBE6C27-LeaderElection27] INFO  segmented.SegmentedRaftLogWorker (SegmentedRaftLogWorker.java:startLogSegment(394)) - 61d42259-4cfd-40d6-918e-44f81e16f570@group-C8E65BBE6C27-SegmentedRaftLogWorker: Starting segment from index:0
2022-02-10 17:16:39,007 [61d42259-4cfd-40d6-918e-44f81e16f570@group-C8E65BBE6C27-SegmentedRaftLogWorker] INFO  segmented.SegmentedRaftLogWorker (SegmentedRaftLogWorker.java:execute(601)) - 61d42259-4cfd-40d6-918e-44f81e16f570@group-C8E65BBE6C27-SegmentedRaftLogWorker: created new log segment /home/runner/work/ozone/ozone/hadoop-ozone/integration-test/target/test-dir/MiniOzoneClusterImpl-adca7f43-f686-4ef5-81ed-33e1f333fc0f/datanode-2/data/ratis/acede841-f26d-4e3b-8220-c8e65bbe6c27/current/log_inprogress_0
2022-02-10 17:16:39,041 [grpc-default-executor-0] INFO  server.RaftServer$Division (RaftServerImpl.java:requestVote(1046)) - f6245613-14ba-4d4d-b898-c08ac71d98ac@group-C8E65BBE6C27: receive requestVote(ELECTION, 61d42259-4cfd-40d6-918e-44f81e16f570, group-C8E65BBE6C27, 2, (t:0, i:0))
2022-02-10 17:16:39,042 [grpc-default-executor-0] INFO  impl.VoteContext (VoteContext.java:log(48)) - f6245613-14ba-4d4d-b898-c08ac71d98ac@group-C8E65BBE6C27-CANDIDATE: reject ELECTION from 61d42259-4cfd-40d6-918e-44f81e16f570: already has voted for f6245613-14ba-4d4d-b898-c08ac71d98ac at current term 2
2022-02-10 17:16:39,042 [grpc-default-executor-0] INFO  server.RaftServer$Division (RaftServerImpl.java:requestVote(1078)) - f6245613-14ba-4d4d-b898-c08ac71d98ac@group-C8E65BBE6C27 replies to ELECTION vote request: 61d42259-4cfd-40d6-918e-44f81e16f570<-f6245613-14ba-4d4d-b898-c08ac71d98ac#0:FAIL-t2. Peer's state: f6245613-14ba-4d4d-b898-c08ac71d98ac@group-C8E65BBE6C27:t2, leader=null, voted=f6245613-14ba-4d4d-b898-c08ac71d98ac, raftlog=f6245613-14ba-4d4d-b898-c08ac71d98ac@group-C8E65BBE6C27-SegmentedRaftLog:OPENED:c-1, conf=-1: [f6245613-14ba-4d4d-b898-c08ac71d98ac|rpc:127.0.0.1:38519|dataStream:|priority:0, d1437619-3fac-44a6-ae3d-075107d274e3|rpc:127.0.0.1:41341|dataStream:|priority:0, 61d42259-4cfd-40d6-918e-44f81e16f570|rpc:127.0.0.1:33511|dataStream:|priority:1], old=null
2022-02-10 17:16:39,023 [f6245613-14ba-4d4d-b898-c08ac71d98ac@group-C8E65BBE6C27-LeaderElection28] INFO  impl.LeaderElection (LeaderElection.java:askForVotes(306)) - f6245613-14ba-4d4d-b898-c08ac71d98ac@group-C8E65BBE6C27-LeaderElection28 ELECTION round 0: submit vote requests at term 2 for -1: [f6245613-14ba-4d4d-b898-c08ac71d98ac|rpc:127.0.0.1:38519|dataStream:|priority:0, d1437619-3fac-44a6-ae3d-075107d274e3|rpc:127.0.0.1:41341|dataStream:|priority:0, 61d42259-4cfd-40d6-918e-44f81e16f570|rpc:127.0.0.1:33511|dataStream:|priority:1], old=null
2022-02-10 17:16:39,012 [EventQueue-OpenPipelineForHealthyPipelineSafeModeRule] INFO  safemode.SCMSafeModeManager (HealthyPipelineSafeModeRule.java:process(124)) - SCM in safe mode. Healthy pipelines reported count is 0, required healthy pipeline reported count is 1
2022-02-10 17:16:39,012 [EventQueue-PipelineReportForPipelineReportHandler] INFO  pipeline.PipelineManagerImpl (PipelineManagerImpl.java:openPipeline(291)) - Pipeline Pipeline[ Id: acede841-f26d-4e3b-8220-c8e65bbe6c27, Nodes: f6245613-14ba-4d4d-b898-c08ac71d98ac{ip: 127.0.0.1, host: localhost, ports: [REPLICATION=46755, RATIS=38519, RATIS_ADMIN=38519, RATIS_SERVER=38519, STANDALONE=41183], networkLocation: /default-rack, certSerialId: null, persistedOpState: IN_SERVICE, persistedOpStateExpiryEpochSec: 0}61d42259-4cfd-40d6-918e-44f81e16f570{ip: 127.0.0.1, host: localhost, ports: [REPLICATION=33791, RATIS=33511, RATIS_ADMIN=33511, RATIS_SERVER=33511, STANDALONE=40033], networkLocation: /default-rack, certSerialId: null, persistedOpState: IN_SERVICE, persistedOpStateExpiryEpochSec: 0}d1437619-3fac-44a6-ae3d-075107d274e3{ip: 127.0.0.1, host: localhost, ports: [REPLICATION=33725, RATIS=41341, RATIS_ADMIN=41341, RATIS_SERVER=41341, STANDALONE=40911], networkLocation: /default-rack, certSerialId: null, persistedOpState: IN_SERVICE, persistedOpStateExpiryEpochSec: 0}, ReplicationConfig: RATIS/THREE, State:ALLOCATED, leaderId:61d42259-4cfd-40d6-918e-44f81e16f570, CreationTimestamp2022-02-10T17:16:26.205Z[Etc/UTC]] moved to OPEN state
2022-02-10 17:16:39,069 [grpc-default-executor-0] INFO  server.RaftServer$Division (RaftServerImpl.java:requestVote(1046)) - d1437619-3fac-44a6-ae3d-075107d274e3@group-C8E65BBE6C27: receive requestVote(ELECTION, f6245613-14ba-4d4d-b898-c08ac71d98ac, group-C8E65BBE6C27, 2, (t:0, i:0))
2022-02-10 17:16:39,070 [grpc-default-executor-1] INFO  server.RaftServer$Division (RaftServerImpl.java:setRole(290)) - f6245613-14ba-4d4d-b898-c08ac71d98ac@group-C8E65BBE6C27: changes role from CANDIDATE to FOLLOWER at term 2 for appendEntries
2022-02-10 17:16:39,077 [grpc-default-executor-1] INFO  impl.RoleInfo (RoleInfo.java:shutdownLeaderElection(121)) - f6245613-14ba-4d4d-b898-c08ac71d98ac: shutdown f6245613-14ba-4d4d-b898-c08ac71d98ac@group-C8E65BBE6C27-LeaderElection28
2022-02-10 17:16:39,065 [grpc-default-executor-2] INFO  ratis.XceiverServerRatis (XceiverServerRatis.java:handleLeaderChangedNotification(866)) - Leader change notification received for group: group-C8E65BBE6C27 with new leaderId: 61d42259-4cfd-40d6-918e-44f81e16f570
2022-02-10 17:16:39,077 [grpc-default-executor-2] INFO  server.RaftServer$Division (ServerState.java:setLeader(285)) - d1437619-3fac-44a6-ae3d-075107d274e3@group-C8E65BBE6C27: change Leader from null to 61d42259-4cfd-40d6-918e-44f81e16f570 at term 2 for appendEntries, leader elected after 10436ms
2022-02-10 17:16:39,052 [61d42259-4cfd-40d6-918e-44f81e16f570@group-C8E65BBE6C27-LeaderElection27] INFO  server.RaftServer$Division (ServerState.java:setRaftConf(387)) - 61d42259-4cfd-40d6-918e-44f81e16f570@group-C8E65BBE6C27: set configuration 0: [f6245613-14ba-4d4d-b898-c08ac71d98ac|rpc:127.0.0.1:38519|dataStream:|priority:0, d1437619-3fac-44a6-ae3d-075107d274e3|rpc:127.0.0.1:41341|dataStream:|priority:0, 61d42259-4cfd-40d6-918e-44f81e16f570|rpc:127.0.0.1:33511|dataStream:|priority:1], old=null
2022-02-10 17:16:39,077 [grpc-default-executor-0] INFO  impl.VoteContext (VoteContext.java:log(48)) - d1437619-3fac-44a6-ae3d-075107d274e3@group-C8E65BBE6C27-FOLLOWER: reject ELECTION from f6245613-14ba-4d4d-b898-c08ac71d98ac: already has voted for 61d42259-4cfd-40d6-918e-44f81e16f570 at current term 2
2022-02-10 17:16:39,078 [grpc-default-executor-0] INFO  server.RaftServer$Division (RaftServerImpl.java:requestVote(1078)) - d1437619-3fac-44a6-ae3d-075107d274e3@group-C8E65BBE6C27 replies to ELECTION vote request: f6245613-14ba-4d4d-b898-c08ac71d98ac<-d1437619-3fac-44a6-ae3d-075107d274e3#0:FAIL-t2. Peer's state: d1437619-3fac-44a6-ae3d-075107d274e3@group-C8E65BBE6C27:t2, leader=61d42259-4cfd-40d6-918e-44f81e16f570, voted=61d42259-4cfd-40d6-918e-44f81e16f570, raftlog=d1437619-3fac-44a6-ae3d-075107d274e3@group-C8E65BBE6C27-SegmentedRaftLog:OPENED:c-1, conf=-1: [f6245613-14ba-4d4d-b898-c08ac71d98ac|rpc:127.0.0.1:38519|priority:0, d1437619-3fac-44a6-ae3d-075107d274e3|rpc:127.0.0.1:41341|priority:0, 61d42259-4cfd-40d6-918e-44f81e16f570|rpc:127.0.0.1:33511|priority:1], old=null
2022-02-10 17:16:39,077 [grpc-default-executor-1] INFO  impl.RoleInfo (RoleInfo.java:updateAndGet(130)) - f6245613-14ba-4d4d-b898-c08ac71d98ac: start f6245613-14ba-4d4d-b898-c08ac71d98ac@group-C8E65BBE6C27-FollowerState
2022-02-10 17:16:39,071 [0a9802c5-9e82-4a55-ac1b-01a1cb3fb90c@group-33E1F333FC0F-StateMachineUpdater] INFO  safemode.HealthyPipelineSafeModeRule (HealthyPipelineSafeModeRule.java:initializeRule(152)) - Refreshed total pipeline count is 1, healthy pipeline threshold count is 1
2022-02-10 17:16:39,089 [EventQueue-OpenPipelineForHealthyPipelineSafeModeRule] INFO  safemode.SCMSafeModeManager (HealthyPipelineSafeModeRule.java:process(124)) - SCM in safe mode. Healthy pipelines reported count is 1, required healthy pipeline reported count is 1
2022-02-10 17:16:39,089 [EventQueue-OpenPipelineForHealthyPipelineSafeModeRule] INFO  safemode.SCMSafeModeManager (SCMSafeModeManager.java:validateSafeModeExitRules(204)) - HealthyPipelineSafeModeRule rule is successfully validated
2022-02-10 17:16:39,089 [EventQueue-OpenPipelineForHealthyPipelineSafeModeRule] INFO  safemode.SCMSafeModeManager (SCMSafeModeManager.java:validateSafeModeExitRules(219)) - ScmSafeModeManager, all rules are successfully validated
2022-02-10 17:16:39,089 [EventQueue-OpenPipelineForHealthyPipelineSafeModeRule] INFO  safemode.SCMSafeModeManager (SCMSafeModeManager.java:exitSafeMode(248)) - SCM exiting safe mode.
2022-02-10 17:16:39,089 [EventQueue-OpenPipelineForHealthyPipelineSafeModeRule] WARN  events.EventQueue (EventQueue.java:fireEvent(194)) - No event handler registered for event TypedEvent{payloadType=SafeModeStatus, name='Safe mode status'}
2022-02-10 17:16:39,089 [EventQueue-OpenPipelineForHealthyPipelineSafeModeRule] INFO  ha.SCMContext (SCMContext.java:updateSafeModeStatus(211)) - Update SafeModeStatus from SafeModeStatus{safeModeStatus=true, preCheckPassed=true} to SafeModeStatus{safeModeStatus=false, preCheckPassed=true}.
2022-02-10 17:16:39,089 [EventQueue-OpenPipelineForHealthyPipelineSafeModeRule] INFO  container.ReplicationManager (ReplicationManager.java:notifyStatusChanged(1807)) - Service ReplicationManager transitions to RUNNING.
2022-02-10 17:16:39,089 [grpc-default-executor-2] INFO  server.RaftServer$Division (ServerState.java:setRaftConf(387)) - d1437619-3fac-44a6-ae3d-075107d274e3@group-C8E65BBE6C27: set configuration 0: [f6245613-14ba-4d4d-b898-c08ac71d98ac|rpc:127.0.0.1:38519|dataStream:|priority:0, d1437619-3fac-44a6-ae3d-075107d274e3|rpc:127.0.0.1:41341|dataStream:|priority:0, 61d42259-4cfd-40d6-918e-44f81e16f570|rpc:127.0.0.1:33511|dataStream:|priority:1], old=null
2022-02-10 17:16:39,090 [grpc-default-executor-2] INFO  segmented.SegmentedRaftLogWorker (SegmentedRaftLogWorker.java:startLogSegment(394)) - d1437619-3fac-44a6-ae3d-075107d274e3@group-C8E65BBE6C27-SegmentedRaftLogWorker: Starting segment from index:0
2022-02-10 17:16:39,091 [grpc-default-executor-1] INFO  ratis.XceiverServerRatis (XceiverServerRatis.java:handleLeaderChangedNotification(866)) - Leader change notification received for group: group-C8E65BBE6C27 with new leaderId: 61d42259-4cfd-40d6-918e-44f81e16f570
2022-02-10 17:16:39,091 [grpc-default-executor-1] INFO  server.RaftServer$Division (ServerState.java:setLeader(285)) - f6245613-14ba-4d4d-b898-c08ac71d98ac@group-C8E65BBE6C27: change Leader from null to 61d42259-4cfd-40d6-918e-44f81e16f570 at term 2 for appendEntries, leader elected after 10406ms
2022-02-10 17:16:39,092 [f6245613-14ba-4d4d-b898-c08ac71d98ac@group-C8E65BBE6C27-LeaderElection28] INFO  impl.LeaderElection (LeaderElection.java:logAndReturn(89)) - f6245613-14ba-4d4d-b898-c08ac71d98ac@group-C8E65BBE6C27-LeaderElection28: ELECTION REJECTED received 1 response(s) and 0 exception(s):
2022-02-10 17:16:39,092 [f6245613-14ba-4d4d-b898-c08ac71d98ac@group-C8E65BBE6C27-LeaderElection28] INFO  impl.LeaderElection (LeaderElection.java:logAndReturn(93)) -   Response 0: f6245613-14ba-4d4d-b898-c08ac71d98ac<-d1437619-3fac-44a6-ae3d-075107d274e3#0:FAIL-t2
2022-02-10 17:16:39,092 [f6245613-14ba-4d4d-b898-c08ac71d98ac@group-C8E65BBE6C27-LeaderElection28] INFO  impl.LeaderElection (LeaderElection.java:askForVotes(308)) - f6245613-14ba-4d4d-b898-c08ac71d98ac@group-C8E65BBE6C27-LeaderElection28 ELECTION round 0: result REJECTED
2022-02-10 17:16:39,093 [grpc-default-executor-1] INFO  server.RaftServer$Division (ServerState.java:setRaftConf(387)) - f6245613-14ba-4d4d-b898-c08ac71d98ac@group-C8E65BBE6C27: set configuration 0: [f6245613-14ba-4d4d-b898-c08ac71d98ac|rpc:127.0.0.1:38519|dataStream:|priority:0, d1437619-3fac-44a6-ae3d-075107d274e3|rpc:127.0.0.1:41341|dataStream:|priority:0, 61d42259-4cfd-40d6-918e-44f81e16f570|rpc:127.0.0.1:33511|dataStream:|priority:1], old=null
2022-02-10 17:16:39,093 [grpc-default-executor-1] INFO  segmented.SegmentedRaftLogWorker (SegmentedRaftLogWorker.java:startLogSegment(394)) - f6245613-14ba-4d4d-b898-c08ac71d98ac@group-C8E65BBE6C27-SegmentedRaftLogWorker: Starting segment from index:0
2022-02-10 17:16:39,095 [f6245613-14ba-4d4d-b898-c08ac71d98ac@group-C8E65BBE6C27-SegmentedRaftLogWorker] INFO  segmented.SegmentedRaftLogWorker (SegmentedRaftLogWorker.java:execute(601)) - f6245613-14ba-4d4d-b898-c08ac71d98ac@group-C8E65BBE6C27-SegmentedRaftLogWorker: created new log segment /home/runner/work/ozone/ozone/hadoop-ozone/integration-test/target/test-dir/MiniOzoneClusterImpl-adca7f43-f686-4ef5-81ed-33e1f333fc0f/datanode-1/data/ratis/acede841-f26d-4e3b-8220-c8e65bbe6c27/current/log_inprogress_0
2022-02-10 17:16:39,099 [d1437619-3fac-44a6-ae3d-075107d274e3@group-C8E65BBE6C27-SegmentedRaftLogWorker] INFO  segmented.SegmentedRaftLogWorker (SegmentedRaftLogWorker.java:execute(601)) - d1437619-3fac-44a6-ae3d-075107d274e3@group-C8E65BBE6C27-SegmentedRaftLogWorker: created new log segment /home/runner/work/ozone/ozone/hadoop-ozone/integration-test/target/test-dir/MiniOzoneClusterImpl-adca7f43-f686-4ef5-81ed-33e1f333fc0f/datanode-0/data/ratis/acede841-f26d-4e3b-8220-c8e65bbe6c27/current/log_inprogress_0
2022-02-10 17:16:39,116 [grpc-default-executor-4] INFO  server.RaftServer$Division (RaftServerImpl.java:requestVote(1046)) - 61d42259-4cfd-40d6-918e-44f81e16f570@group-C8E65BBE6C27: receive requestVote(ELECTION, f6245613-14ba-4d4d-b898-c08ac71d98ac, group-C8E65BBE6C27, 2, (t:0, i:0))
2022-02-10 17:16:39,116 [grpc-default-executor-4] INFO  impl.VoteContext (VoteContext.java:log(48)) - 61d42259-4cfd-40d6-918e-44f81e16f570@group-C8E65BBE6C27-LEADER: reject ELECTION from f6245613-14ba-4d4d-b898-c08ac71d98ac: already has voted for 61d42259-4cfd-40d6-918e-44f81e16f570 at current term 2
2022-02-10 17:16:39,116 [grpc-default-executor-4] INFO  server.RaftServer$Division (RaftServerImpl.java:requestVote(1078)) - 61d42259-4cfd-40d6-918e-44f81e16f570@group-C8E65BBE6C27 replies to ELECTION vote request: f6245613-14ba-4d4d-b898-c08ac71d98ac<-61d42259-4cfd-40d6-918e-44f81e16f570#0:FAIL-t2. Peer's state: 61d42259-4cfd-40d6-918e-44f81e16f570@group-C8E65BBE6C27:t2, leader=61d42259-4cfd-40d6-918e-44f81e16f570, voted=61d42259-4cfd-40d6-918e-44f81e16f570, raftlog=61d42259-4cfd-40d6-918e-44f81e16f570@group-C8E65BBE6C27-SegmentedRaftLog:OPENED:c0, conf=0: [f6245613-14ba-4d4d-b898-c08ac71d98ac|rpc:127.0.0.1:38519|dataStream:|priority:0, d1437619-3fac-44a6-ae3d-075107d274e3|rpc:127.0.0.1:41341|dataStream:|priority:0, 61d42259-4cfd-40d6-918e-44f81e16f570|rpc:127.0.0.1:33511|dataStream:|priority:1], old=null
2022-02-10 17:16:39,165 [Listener at 127.0.0.1/46543] INFO  ozone.MiniOzoneClusterImpl (MiniOzoneClusterImpl.java:lambda$waitForClusterToBeReady$0(219)) - Nodes are ready. Got 3 of 3 DN Heartbeats.
2022-02-10 17:16:39,165 [Listener at 127.0.0.1/46543] INFO  ozone.MiniOzoneClusterImpl (MiniOzoneClusterImpl.java:lambda$waitForClusterToBeReady$0(222)) - Cluster exits safe mode
2022-02-10 17:16:39,165 [Listener at 127.0.0.1/46543] INFO  ozone.MiniOzoneClusterImpl (MiniOzoneClusterImpl.java:lambda$waitForClusterToBeReady$0(224)) - SCM became leader
2022-02-10 17:16:39,167 [Listener at 127.0.0.1/46543] INFO  rpc.RpcClient (RpcClient.java:createVolume(399)) - Creating Volume: volume02040, with runner as owner and space quota set to -1 bytes, counts quota set to -1
2022-02-10 17:16:39,200 [OM StateMachine ApplyTransaction Thread - 0] INFO  volume.OMVolumeCreateRequest (OMVolumeCreateRequest.java:validateAndUpdateCache(195)) - created volume:volume02040 for user:runner
2022-02-10 17:16:39,217 [Listener at 127.0.0.1/46543] INFO  rpc.RpcClient (RpcClient.java:createBucket(562)) - Creating Bucket: volume02040/bucket75689, with runner as owner and Versioning false and Storage Type set to DISK and Encryption set to false 
2022-02-10 17:16:39,254 [IPC Server handler 1 on default port 42073] INFO  ha.SequenceIdGenerator (SequenceIdGenerator.java:getNextId(127)) - Allocate a batch for containerId, change lastId from 0 to 1000.
2022-02-10 17:16:39,261 [0a9802c5-9e82-4a55-ac1b-01a1cb3fb90c@group-33E1F333FC0F-StateMachineUpdater] WARN  ha.SequenceIdGenerator (SequenceIdGenerator.java:allocateBatch(235)) - Failed to allocate a batch for localId, expected lastId is 0, actual lastId is 109611004723200000.
2022-02-10 17:16:39,264 [IPC Server handler 1 on default port 42073] INFO  ha.SequenceIdGenerator (SequenceIdGenerator.java:getNextId(127)) - Allocate a batch for localId, change lastId from 109611004723200000 to 109611004723201000.
2022-02-10 17:16:39,439 [Listener at 127.0.0.1/46543] INFO  ha.OMHANodeDetails (OMHANodeDetails.java:loadOMHAConfig(118)) - ServiceID for OzoneManager is om-add-remove
2022-02-10 17:16:39,439 [Listener at 127.0.0.1/46543] INFO  ha.OMHANodeDetails (OMHANodeDetails.java:loadOMHAConfig(193)) - Found matching OM address with OMServiceId: om-add-remove, OMNodeId: omNode-bootstrap-1, RPC Address: localhost:39761 and Ratis port: 44867
2022-02-10 17:16:39,439 [Listener at 127.0.0.1/46543] INFO  ha.OMHANodeDetails (ConfUtils.java:setNodeSpecificConfigs(108)) - Setting configuration key ozone.om.http-address with value of key ozone.om.http-address.om-add-remove.omNode-bootstrap-1: 127.0.0.1:39095
2022-02-10 17:16:39,440 [Listener at 127.0.0.1/46543] INFO  ha.OMHANodeDetails (ConfUtils.java:setNodeSpecificConfigs(108)) - Setting configuration key ozone.om.https-address with value of key ozone.om.https-address.om-add-remove.omNode-bootstrap-1: 127.0.0.1:45253
2022-02-10 17:16:39,440 [Listener at 127.0.0.1/46543] INFO  ha.OMHANodeDetails (ConfUtils.java:setNodeSpecificConfigs(108)) - Setting configuration key ozone.om.address with value of key ozone.om.address.om-add-remove.omNode-bootstrap-1: 127.0.0.1:39761
2022-02-10 17:16:39,440 [Listener at 127.0.0.1/46543] WARN  server.ServerUtils (ServerUtils.java:getDBPath(225)) - ozone.om.db.dirs is not configured. We recommend adding this setting. Falling back to ozone.metadata.dirs instead.
2022-02-10 17:16:39,443 [Listener at 127.0.0.1/46543] INFO  ha.SCMNodeInfo (SCMNodeInfo.java:getPort(197)) - ConfigKey ozone.scm.client.address is deprecated, For configuring different ports for each SCM use PortConfigKey ozone.scm.client.port appended with serviceId and nodeId
2022-02-10 17:16:39,443 [Listener at 127.0.0.1/46543] INFO  ha.SCMNodeInfo (SCMNodeInfo.java:getPort(197)) - ConfigKey ozone.scm.block.client.address is deprecated, For configuring different ports for each SCM use PortConfigKey ozone.scm.block.client.port appended with serviceId and nodeId
2022-02-10 17:16:39,443 [Listener at 127.0.0.1/46543] INFO  ha.SCMNodeInfo (SCMNodeInfo.java:getPort(197)) - ConfigKey ozone.scm.datanode.address is deprecated, For configuring different ports for each SCM use PortConfigKey ozone.scm.datanode.port appended with serviceId and nodeId
OM initialization succeeded.Current cluster id for sd=/home/runner/work/ozone/ozone/hadoop-ozone/integration-test/target/test-dir/MiniOzoneClusterImpl-adca7f43-f686-4ef5-81ed-33e1f333fc0f/omNode-bootstrap-1/om;cid=adca7f43-f686-4ef5-81ed-33e1f333fc0f;layoutVersion=0
2022-02-10 17:16:39,453 [Listener at 127.0.0.1/46543] INFO  ha.OMHANodeDetails (OMHANodeDetails.java:loadOMHAConfig(118)) - ServiceID for OzoneManager is om-add-remove
2022-02-10 17:16:39,453 [Listener at 127.0.0.1/46543] INFO  ha.OMHANodeDetails (OMHANodeDetails.java:loadOMHAConfig(193)) - Found matching OM address with OMServiceId: om-add-remove, OMNodeId: omNode-bootstrap-1, RPC Address: localhost:39761 and Ratis port: 44867
2022-02-10 17:16:39,454 [Listener at 127.0.0.1/46543] INFO  ha.OMHANodeDetails (ConfUtils.java:setNodeSpecificConfigs(108)) - Setting configuration key ozone.om.http-address with value of key ozone.om.http-address.om-add-remove.omNode-bootstrap-1: 127.0.0.1:39095
2022-02-10 17:16:39,454 [Listener at 127.0.0.1/46543] INFO  ha.OMHANodeDetails (ConfUtils.java:setNodeSpecificConfigs(108)) - Setting configuration key ozone.om.https-address with value of key ozone.om.https-address.om-add-remove.omNode-bootstrap-1: 127.0.0.1:45253
2022-02-10 17:16:39,454 [Listener at 127.0.0.1/46543] INFO  ha.OMHANodeDetails (ConfUtils.java:setNodeSpecificConfigs(108)) - Setting configuration key ozone.om.address with value of key ozone.om.address.om-add-remove.omNode-bootstrap-1: 127.0.0.1:39761
2022-02-10 17:16:39,454 [Listener at 127.0.0.1/46543] WARN  server.ServerUtils (ServerUtils.java:getDBPath(225)) - ozone.om.db.dirs is not configured. We recommend adding this setting. Falling back to ozone.metadata.dirs instead.
2022-02-10 17:16:39,454 [Listener at 127.0.0.1/46543] INFO  upgrade.AbstractLayoutVersionManager (AbstractLayoutVersionManager.java:init(79)) - Initializing Layout version manager with metadata layout = INITIAL_VERSION (version = 0), software layout = INITIAL_VERSION (version = 0)
2022-02-10 17:16:39,469 [EndpointStateMachine task thread for /127.0.0.1:33255 - 0 ] INFO  ipc.Client (Client.java:handleConnectionFailure(977)) - Retrying connect to server: localhost/127.0.0.1:33255. Already tried 6 time(s); retry policy is RetryUpToMaximumCountWithFixedSleep(maxRetries=15, sleepTime=1000 MILLISECONDS)
2022-02-10 17:16:39,549 [Listener at 127.0.0.1/46543] INFO  reflections.Reflections (Reflections.java:scan(232)) - Reflections took 94 ms to scan 2 urls, producing 133 keys and 348 values [using 2 cores]
2022-02-10 17:16:39,550 [Listener at 127.0.0.1/46543] INFO  upgrade.OMLayoutVersionManager (OMLayoutVersionManager.java:lambda$0(115)) - Skipping Upgrade Action MockOmUpgradeAction since it has been finalized.
2022-02-10 17:16:39,550 [Listener at 127.0.0.1/46543] WARN  server.ServerUtils (ServerUtils.java:getDBPath(225)) - ozone.om.db.dirs is not configured. We recommend adding this setting. Falling back to ozone.metadata.dirs instead.
2022-02-10 17:16:39,550 [Listener at 127.0.0.1/46543] INFO  ha.SCMNodeInfo (SCMNodeInfo.java:getPort(197)) - ConfigKey ozone.scm.client.address is deprecated, For configuring different ports for each SCM use PortConfigKey ozone.scm.client.port appended with serviceId and nodeId
2022-02-10 17:16:39,550 [Listener at 127.0.0.1/46543] INFO  ha.SCMNodeInfo (SCMNodeInfo.java:getPort(197)) - ConfigKey ozone.scm.block.client.address is deprecated, For configuring different ports for each SCM use PortConfigKey ozone.scm.block.client.port appended with serviceId and nodeId
2022-02-10 17:16:39,550 [Listener at 127.0.0.1/46543] INFO  ha.SCMNodeInfo (SCMNodeInfo.java:getPort(197)) - ConfigKey ozone.scm.datanode.address is deprecated, For configuring different ports for each SCM use PortConfigKey ozone.scm.datanode.port appended with serviceId and nodeId
2022-02-10 17:16:39,555 [Listener at 127.0.0.1/46543] INFO  ha.SCMNodeInfo (SCMNodeInfo.java:getPort(197)) - ConfigKey ozone.scm.client.address is deprecated, For configuring different ports for each SCM use PortConfigKey ozone.scm.client.port appended with serviceId and nodeId
2022-02-10 17:16:39,555 [Listener at 127.0.0.1/46543] INFO  ha.SCMNodeInfo (SCMNodeInfo.java:getPort(197)) - ConfigKey ozone.scm.block.client.address is deprecated, For configuring different ports for each SCM use PortConfigKey ozone.scm.block.client.port appended with serviceId and nodeId
2022-02-10 17:16:39,555 [Listener at 127.0.0.1/46543] INFO  ha.SCMNodeInfo (SCMNodeInfo.java:getPort(197)) - ConfigKey ozone.scm.datanode.address is deprecated, For configuring different ports for each SCM use PortConfigKey ozone.scm.datanode.port appended with serviceId and nodeId
2022-02-10 17:16:39,556 [Listener at 127.0.0.1/46543] INFO  ha.SCMNodeInfo (SCMNodeInfo.java:getPort(197)) - ConfigKey ozone.scm.client.address is deprecated, For configuring different ports for each SCM use PortConfigKey ozone.scm.client.port appended with serviceId and nodeId
2022-02-10 17:16:39,556 [Listener at 127.0.0.1/46543] INFO  ha.SCMNodeInfo (SCMNodeInfo.java:getPort(197)) - ConfigKey ozone.scm.block.client.address is deprecated, For configuring different ports for each SCM use PortConfigKey ozone.scm.block.client.port appended with serviceId and nodeId
2022-02-10 17:16:39,556 [Listener at 127.0.0.1/46543] INFO  ha.SCMNodeInfo (SCMNodeInfo.java:getPort(197)) - ConfigKey ozone.scm.datanode.address is deprecated, For configuring different ports for each SCM use PortConfigKey ozone.scm.datanode.port appended with serviceId and nodeId
2022-02-10 17:16:39,597 [Listener at 127.0.0.1/46543] WARN  server.ServerUtils (ServerUtils.java:getDBPath(225)) - ozone.om.db.dirs is not configured. We recommend adding this setting. Falling back to ozone.metadata.dirs instead.
2022-02-10 17:16:39,598 [Listener at 127.0.0.1/46543] INFO  codec.OmKeyInfoCodec (OmKeyInfoCodec.java:<init>(50)) - OmKeyInfoCodec ignorePipeline = true
2022-02-10 17:16:39,598 [Listener at 127.0.0.1/46543] INFO  codec.RepeatedOmKeyInfoCodec (RepeatedOmKeyInfoCodec.java:<init>(42)) - RepeatedOmKeyInfoCodec ignorePipeline = true
2022-02-10 17:16:39,812 [Listener at 127.0.0.1/46543] INFO  om.OzoneManager (OzoneManager.java:addS3GVolumeToDB(3732)) - Created Volume s3v With Owner runner required for S3Gateway operations.
2022-02-10 17:16:39,813 [Listener at 127.0.0.1/46543] WARN  server.ServerUtils (ServerUtils.java:getDefaultRatisDirectory(237)) - Storage directory for Ratis is not configured. It is a good idea to map this to an SSD disk. Falling back to ozone.metadata.dirs
2022-02-10 17:16:39,813 [Listener at 127.0.0.1/46543] WARN  utils.OzoneManagerRatisUtils (OzoneManagerRatisUtils.java:getOMRatisSnapshotDirectory(330)) - ozone.om.ratis.snapshot.dir is not configured. Falling back to ozone.metadata.dirs config
2022-02-10 17:16:39,813 [Listener at 127.0.0.1/46543] INFO  snapshot.OzoneManagerSnapshotProvider (OzoneManagerSnapshotProvider.java:<init>(76)) - Initializing OM Snapshot Provider
2022-02-10 17:16:39,823 [Listener at 127.0.0.1/46543] WARN  impl.MetricRegistriesImpl (MetricRegistriesImpl.java:addReporterRegistration(111)) - New reporters are added after registries were created. Some metrics will be missing from the reporter. Please add reporter before adding any new registry.
2022-02-10 17:16:39,823 [Listener at 127.0.0.1/46543] WARN  impl.MetricRegistriesImpl (MetricRegistriesImpl.java:addReporterRegistration(111)) - New reporters are added after registries were created. Some metrics will be missing from the reporter. Please add reporter before adding any new registry.
2022-02-10 17:16:39,823 [Listener at 127.0.0.1/46543] WARN  server.ServerUtils (ServerUtils.java:getDefaultRatisDirectory(237)) - Storage directory for Ratis is not configured. It is a good idea to map this to an SSD disk. Falling back to ozone.metadata.dirs
2022-02-10 17:16:39,826 [Listener at 127.0.0.1/46543] INFO  ratis.OzoneManagerRatisServer (OzoneManagerRatisServer.java:<init>(152)) - OM started in Bootstrap mode. Instantiating OM Ratis server with groupID: om-add-remove
2022-02-10 17:16:39,826 [Listener at 127.0.0.1/46543] INFO  ratis.OzoneManagerStateMachine (OzoneManagerStateMachine.java:loadSnapshotInfoFromDB(605)) - LastAppliedIndex is set from TransactionInfo from OM DB as (t:0, i:~)
2022-02-10 17:16:39,835 [Listener at 127.0.0.1/46543] INFO  server.RaftServer (ConfUtils.java:logGet(44)) - raft.rpc.type = GRPC (default)
2022-02-10 17:16:39,835 [Listener at 127.0.0.1/46543] INFO  grpc.GrpcFactory (GrpcFactory.java:checkPooledByteBufAllocatorUseCacheForAllThreads(48)) - PERFORMANCE WARNING: useCacheForAllThreads is true that may cause Netty to create a lot garbage objects and, as a result, trigger GC.
	It is recommended to disable useCacheForAllThreads by setting -Dorg.apache.ratis.thirdparty.io.netty.allocator.useCacheForAllThreads=false in command line.
2022-02-10 17:16:39,835 [Listener at 127.0.0.1/46543] INFO  grpc.GrpcConfigKeys (ConfUtils.java:logGet(44)) - raft.grpc.admin.port = -1 (default)
2022-02-10 17:16:39,835 [Listener at 127.0.0.1/46543] INFO  grpc.GrpcConfigKeys (ConfUtils.java:logGet(44)) - raft.grpc.server.port = 44867 (custom)
2022-02-10 17:16:39,835 [Listener at 127.0.0.1/46543] INFO  grpc.GrpcConfigKeys (ConfUtils.java:logGet(44)) - raft.grpc.client.port = -1 (default)
2022-02-10 17:16:39,835 [Listener at 127.0.0.1/46543] INFO  grpc.GrpcConfigKeys (ConfUtils.java:logGet(44)) - raft.grpc.server.port = 44867 (custom)
2022-02-10 17:16:39,835 [Listener at 127.0.0.1/46543] INFO  grpc.GrpcConfigKeys (ConfUtils.java:logGet(44)) - raft.grpc.server.port = 44867 (custom)
2022-02-10 17:16:39,835 [Listener at 127.0.0.1/46543] INFO  server.GrpcService (ConfUtils.java:logGet(44)) - raft.grpc.message.size.max = 33554432 (custom)
2022-02-10 17:16:39,835 [Listener at 127.0.0.1/46543] INFO  server.RaftServerConfigKeys (ConfUtils.java:logGet(44)) - raft.server.log.appender.buffer.byte-limit = 33554432 (custom)
2022-02-10 17:16:39,836 [Listener at 127.0.0.1/46543] INFO  server.GrpcService (ConfUtils.java:logGet(44)) - raft.grpc.flow.control.window = 1MB (=1048576) (default)
2022-02-10 17:16:39,836 [Listener at 127.0.0.1/46543] INFO  server.RaftServerConfigKeys (ConfUtils.java:logGet(44)) - raft.server.rpc.request.timeout = 3000ms (default)
2022-02-10 17:16:39,837 [Listener at 127.0.0.1/46543] INFO  impl.DataStreamServerImpl (ConfUtils.java:logGet(44)) - raft.datastream.type = DISABLED (default)
2022-02-10 17:16:39,837 [Listener at 127.0.0.1/46543] INFO  server.RaftServerConfigKeys (ConfUtils.java:logGet(44)) - raft.server.rpc.slowness.timeout = 2s (custom)
2022-02-10 17:16:39,837 [Listener at 127.0.0.1/46543] INFO  server.RaftServerConfigKeys (ConfUtils.java:logGet(44)) - raft.server.leaderelection.leader.step-down.wait-time = 10s (default)
2022-02-10 17:16:39,837 [Listener at 127.0.0.1/46543] INFO  server.RaftServerConfigKeys (ConfUtils.java:logGet(44)) - raft.server.storage.dir = [/home/runner/work/ozone/ozone/hadoop-ozone/integration-test/target/test-dir/MiniOzoneClusterImpl-adca7f43-f686-4ef5-81ed-33e1f333fc0f/omNode-bootstrap-1/ratis] (custom)
2022-02-10 17:16:39,840 [Listener at 127.0.0.1/46543] INFO  server.RaftServer (RaftServerProxy.java:addNew(95)) - omNode-bootstrap-1: addNew group-0AAC5367B30E:[] returns group-0AAC5367B30E:java.util.concurrent.CompletableFuture@6acf1965[Not completed]
2022-02-10 17:16:39,840 [Listener at 127.0.0.1/46543] INFO  om.OzoneManager (OzoneManager.java:initializeRatisServer(1834)) - OzoneManager Ratis server initialized at port 44867
2022-02-10 17:16:39,841 [Listener at 127.0.0.1/46543] INFO  ipc.CallQueueManager (CallQueueManager.java:<init>(90)) - Using callQueue: class java.util.concurrent.LinkedBlockingQueue, queueCapacity: 2000, scheduler: class org.apache.hadoop.ipc.DefaultRpcScheduler, ipcBackoff: false.
2022-02-10 17:16:39,842 [pool-363-thread-1] INFO  server.RaftServer$Division (RaftServerImpl.java:<init>(184)) - omNode-bootstrap-1: new RaftServerImpl for group-0AAC5367B30E:[] with OzoneManagerStateMachine:uninitialized
2022-02-10 17:16:39,851 [Socket Reader #1 for port 39761] INFO  ipc.Server (Server.java:run(1265)) - Starting Socket Reader #1 for port 39761
2022-02-10 17:16:39,866 [pool-363-thread-1] INFO  server.RaftServerConfigKeys (ConfUtils.java:logGet(44)) - raft.server.rpc.timeout.min = 1s (custom)
2022-02-10 17:16:39,866 [pool-363-thread-1] INFO  server.RaftServerConfigKeys (ConfUtils.java:logGet(44)) - raft.server.rpc.timeout.max = 1200ms (custom)
2022-02-10 17:16:39,866 [pool-363-thread-1] INFO  server.RaftServerConfigKeys (ConfUtils.java:logGet(44)) - raft.server.rpc.sleep.time = 25ms (default)
2022-02-10 17:16:39,866 [pool-363-thread-1] INFO  server.RaftServerConfigKeys (ConfUtils.java:logGet(44)) - raft.server.rpc.slowness.timeout = 2s (custom)
2022-02-10 17:16:39,866 [pool-363-thread-1] INFO  server.RaftServerConfigKeys (ConfUtils.java:logGet(44)) - raft.server.leaderelection.leader.step-down.wait-time = 10s (default)
2022-02-10 17:16:39,866 [pool-363-thread-1] INFO  server.RaftServerConfigKeys (ConfUtils.java:logGet(44)) - raft.server.sleep.deviation.threshold = 300ms (default)
2022-02-10 17:16:39,866 [pool-363-thread-1] INFO  server.RaftServerConfigKeys (ConfUtils.java:logGet(44)) - raft.server.log.appender.install.snapshot.enabled = false (custom)
2022-02-10 17:16:39,867 [pool-363-thread-1] INFO  server.RaftServer$Division (ServerState.java:<init>(105)) - omNode-bootstrap-1@group-0AAC5367B30E: ConfigurationManager, init=-1: [], old=null, confs=<EMPTY_MAP>
2022-02-10 17:16:39,867 [pool-363-thread-1] INFO  server.RaftServerConfigKeys (ConfUtils.java:logGet(44)) - raft.server.storage.dir = [/home/runner/work/ozone/ozone/hadoop-ozone/integration-test/target/test-dir/MiniOzoneClusterImpl-adca7f43-f686-4ef5-81ed-33e1f333fc0f/omNode-bootstrap-1/ratis] (custom)
2022-02-10 17:16:39,867 [pool-363-thread-1] INFO  server.RaftServerConfigKeys (ConfUtils.java:logGet(44)) - raft.server.log.corruption.policy = EXCEPTION (default)
2022-02-10 17:16:39,867 [pool-363-thread-1] INFO  server.RaftServerConfigKeys (ConfUtils.java:logGet(44)) - raft.server.storage.free-space.min = 0MB (=0) (default)
2022-02-10 17:16:39,867 [pool-363-thread-1] INFO  storage.RaftStorageDirectory (RaftStorageDirectoryImpl.java:analyzeStorage(135)) - The storage directory /home/runner/work/ozone/ozone/hadoop-ozone/integration-test/target/test-dir/MiniOzoneClusterImpl-adca7f43-f686-4ef5-81ed-33e1f333fc0f/omNode-bootstrap-1/ratis/0718e334-ffa1-36bc-8e9a-0aac5367b30e does not exist. Creating ...
2022-02-10 17:16:39,868 [pool-363-thread-1] INFO  storage.RaftStorageDirectory (RaftStorageDirectoryImpl.java:tryLock(230)) - Lock on /home/runner/work/ozone/ozone/hadoop-ozone/integration-test/target/test-dir/MiniOzoneClusterImpl-adca7f43-f686-4ef5-81ed-33e1f333fc0f/omNode-bootstrap-1/ratis/0718e334-ffa1-36bc-8e9a-0aac5367b30e/in_use.lock acquired by nodename 23291@fv-az184-768
2022-02-10 17:16:39,870 [pool-363-thread-1] INFO  storage.RaftStorage (RaftStorageImpl.java:format(89)) - Storage directory /home/runner/work/ozone/ozone/hadoop-ozone/integration-test/target/test-dir/MiniOzoneClusterImpl-adca7f43-f686-4ef5-81ed-33e1f333fc0f/omNode-bootstrap-1/ratis/0718e334-ffa1-36bc-8e9a-0aac5367b30e has been successfully formatted.
2022-02-10 17:16:39,873 [pool-363-thread-1] INFO  server.RaftServerConfigKeys (ConfUtils.java:logGet(44)) - raft.server.notification.no-leader.timeout = 2s (custom)
2022-02-10 17:16:39,873 [pool-363-thread-1] INFO  server.RaftServerConfigKeys (ConfUtils.java:logGet(44)) - raft.server.log.use.memory = false (default)
2022-02-10 17:16:39,873 [pool-363-thread-1] INFO  server.RaftServerConfigKeys (ConfUtils.java:logGet(44)) - raft.server.log.purge.gap = 1000000 (custom)
2022-02-10 17:16:39,873 [pool-363-thread-1] INFO  server.RaftServerConfigKeys (ConfUtils.java:logGet(44)) - raft.server.log.appender.buffer.byte-limit = 33554432 (custom)
2022-02-10 17:16:39,873 [pool-363-thread-1] INFO  server.RaftServerConfigKeys (ConfUtils.java:logGet(44)) - raft.server.log.segment.size.max = 4194304 (custom)
2022-02-10 17:16:39,874 [pool-363-thread-1] INFO  server.RaftServerConfigKeys (ConfUtils.java:logGet(44)) - raft.server.log.segment.cache.num.max = 2 (custom)
2022-02-10 17:16:39,874 [pool-363-thread-1] INFO  server.RaftServerConfigKeys (ConfUtils.java:logGet(44)) - raft.server.log.segment.cache.size.max = 200MB (=209715200) (default)
2022-02-10 17:16:39,874 [pool-363-thread-1] INFO  segmented.SegmentedRaftLogWorker (SegmentedRaftLogWorker.java:<init>(182)) - new omNode-bootstrap-1@group-0AAC5367B30E-SegmentedRaftLogWorker for RaftStorageImpl:Storage Directory /home/runner/work/ozone/ozone/hadoop-ozone/integration-test/target/test-dir/MiniOzoneClusterImpl-adca7f43-f686-4ef5-81ed-33e1f333fc0f/omNode-bootstrap-1/ratis/0718e334-ffa1-36bc-8e9a-0aac5367b30e
2022-02-10 17:16:39,874 [pool-363-thread-1] INFO  server.RaftServerConfigKeys (ConfUtils.java:logGet(44)) - raft.server.log.queue.byte-limit = 64MB (=67108864) (default)
2022-02-10 17:16:39,874 [pool-363-thread-1] INFO  server.RaftServerConfigKeys (ConfUtils.java:logGet(44)) - raft.server.log.queue.element-limit = 4096 (default)
2022-02-10 17:16:39,874 [pool-363-thread-1] INFO  server.RaftServerConfigKeys (ConfUtils.java:logGet(44)) - raft.server.log.segment.size.max = 4194304 (custom)
2022-02-10 17:16:39,874 [pool-363-thread-1] INFO  server.RaftServerConfigKeys (ConfUtils.java:logGet(44)) - raft.server.log.preallocated.size = 4194304 (custom)
2022-02-10 17:16:39,874 [pool-363-thread-1] INFO  server.RaftServerConfigKeys (ConfUtils.java:logGet(44)) - raft.server.log.force.sync.num = 128 (default)
2022-02-10 17:16:39,874 [pool-363-thread-1] INFO  server.RaftServerConfigKeys (ConfUtils.java:logGet(44)) - raft.server.log.statemachine.data.sync = true (default)
2022-02-10 17:16:39,874 [pool-363-thread-1] INFO  server.RaftServerConfigKeys (ConfUtils.java:logGet(44)) - raft.server.log.statemachine.data.sync.timeout = 10s (default)
2022-02-10 17:16:39,874 [pool-363-thread-1] INFO  server.RaftServerConfigKeys (ConfUtils.java:logGet(44)) - raft.server.log.statemachine.data.sync.timeout.retry = -1 (default)
2022-02-10 17:16:39,874 [pool-363-thread-1] INFO  server.RaftServerConfigKeys (ConfUtils.java:logGet(44)) - raft.server.log.write.buffer.size = 64KB (=65536) (default)
2022-02-10 17:16:39,874 [pool-363-thread-1] INFO  server.RaftServerConfigKeys (ConfUtils.java:logGet(44)) - raft.server.log.statemachine.data.caching.enabled = false (default)
2022-02-10 17:16:39,875 [pool-363-thread-1] INFO  segmented.SegmentedRaftLogWorker (SegmentedRaftLogWorker.java:lambda$new$0(133)) - omNode-bootstrap-1@group-0AAC5367B30E-SegmentedRaftLogWorker: flushIndex: setUnconditionally 0 -> -1
2022-02-10 17:16:39,875 [pool-363-thread-1] INFO  segmented.SegmentedRaftLogWorker (SegmentedRaftLogWorker.java:lambda$new$0(133)) - omNode-bootstrap-1@group-0AAC5367B30E-SegmentedRaftLogWorker: safeCacheEvictIndex: setUnconditionally 0 -> -1
2022-02-10 17:16:39,884 [pool-363-thread-1] INFO  server.RaftServerConfigKeys (ConfUtils.java:logGet(44)) - raft.server.snapshot.auto.trigger.enabled = true (custom)
2022-02-10 17:16:39,884 [pool-363-thread-1] INFO  server.RaftServerConfigKeys (ConfUtils.java:logGet(44)) - raft.server.snapshot.auto.trigger.threshold = 400000 (default)
2022-02-10 17:16:39,884 [pool-363-thread-1] INFO  server.RaftServerConfigKeys (ConfUtils.java:logGet(44)) - raft.server.snapshot.retention.file.num = -1 (default)
2022-02-10 17:16:39,884 [pool-363-thread-1] INFO  server.RaftServerConfigKeys (ConfUtils.java:logGet(44)) - raft.server.log.purge.upto.snapshot.index = true (custom)
2022-02-10 17:16:39,885 [pool-363-thread-1] INFO  server.RaftServerConfigKeys (ConfUtils.java:logGet(44)) - raft.server.retrycache.expirytime = 300s (custom)
2022-02-10 17:16:39,885 [pool-363-thread-1] INFO  server.RaftServerConfigKeys (ConfUtils.java:logGet(44)) - raft.server.retrycache.statistics.expirytime = 100μs (default)
2022-02-10 17:16:39,948 [Listener at 127.0.0.1/39761] ERROR om.OzoneManager (OzoneManager.java:checkConfigBeforeBootstrap(1522)) - Remote OM config check failed on OM omNode-1
java.io.IOException: Remote OM omNode-1 does not have the bootstrapping OM(omNode-bootstrap-1) information on reloading configs or it could not resolve the address.
	at org.apache.hadoop.ozone.om.OzoneManager.checkRemoteOMConfig(OzoneManager.java:1554)
	at org.apache.hadoop.ozone.om.OzoneManager.checkConfigBeforeBootstrap(OzoneManager.java:1520)
	at org.apache.hadoop.ozone.om.OzoneManager.start(OzoneManager.java:1355)
	at org.apache.hadoop.ozone.MiniOzoneHAClusterImpl$MiniOzoneHAService.startInactiveService(MiniOzoneHAClusterImpl.java:1026)
	at org.apache.hadoop.ozone.MiniOzoneHAClusterImpl.startInactiveOM(MiniOzoneHAClusterImpl.java:212)
	at org.apache.hadoop.ozone.MiniOzoneHAClusterImpl.bootstrapNewOM(MiniOzoneHAClusterImpl.java:864)
	at org.apache.hadoop.ozone.MiniOzoneHAClusterImpl.bootstrapOzoneManager(MiniOzoneHAClusterImpl.java:774)
	at org.apache.hadoop.ozone.om.TestAddRemoveOzoneManager.testBootstrapWithoutConfigUpdate(TestAddRemoveOzoneManager.java:237)
	at sun.reflect.NativeMethodAccessorImpl.invoke0(Native Method)
	at sun.reflect.NativeMethodAccessorImpl.invoke(NativeMethodAccessorImpl.java:62)
	at sun.reflect.DelegatingMethodAccessorImpl.invoke(DelegatingMethodAccessorImpl.java:43)
	at java.lang.reflect.Method.invoke(Method.java:498)
	at org.junit.runners.model.FrameworkMethod$1.runReflectiveCall(FrameworkMethod.java:59)
	at org.junit.internal.runners.model.ReflectiveCallable.run(ReflectiveCallable.java:12)
	at org.junit.runners.model.FrameworkMethod.invokeExplosively(FrameworkMethod.java:56)
	at org.junit.internal.runners.statements.InvokeMethod.evaluate(InvokeMethod.java:17)
	at org.junit.internal.runners.statements.RunAfters.evaluate(RunAfters.java:27)
	at org.junit.rules.ExpectedException$ExpectedExceptionStatement.evaluate(ExpectedException.java:258)
	at org.junit.internal.runners.statements.FailOnTimeout$CallableStatement.call(FailOnTimeout.java:288)
	at org.junit.internal.runners.statements.FailOnTimeout$CallableStatement.call(FailOnTimeout.java:282)
	at java.util.concurrent.FutureTask.run(FutureTask.java:266)
	at java.lang.Thread.run(Thread.java:748)
2022-02-10 17:16:39,948 [Listener at 127.0.0.1/39761] ERROR ozone.MiniOzoneHAClusterImpl (MiniOzoneHAClusterImpl.java:exitSystem(1084)) - omNode-bootstrap-1 - System Exit: OM [omNode-1[localhost:46543]] do not have or have incorrect information of the bootstrapping OM. Update their ozone-site.xml before proceeding.
2022-02-10 17:16:39,948 [Listener at 127.0.0.1/39761] INFO  om.OzoneManager (OzoneManager.java:stop(1893)) - omNode-bootstrap-1[localhost:39761]: Stopping Ozone Manager
2022-02-10 17:16:39,948 [Listener at 127.0.0.1/39761] INFO  ipc.Server (Server.java:stop(3414)) - Stopping server on 39761
2022-02-10 17:16:39,950 [Listener at 127.0.0.1/39761] INFO  ratis.OzoneManagerDoubleBuffer (OzoneManagerDoubleBuffer.java:stop(437)) - Stopping OMDoubleBuffer flush thread
2022-02-10 17:16:39,950 [OMDoubleBufferFlushThread] INFO  ratis.OzoneManagerDoubleBuffer (OzoneManagerDoubleBuffer.java:flushTransactions(356)) - OMDoubleBuffer flush thread OMDoubleBufferFlushThread is interrupted and will exit. OMDoubleBufferFlushThread
2022-02-10 17:16:39,952 [Listener at 127.0.0.1/39761] INFO  ha.OMHANodeDetails (OMHANodeDetails.java:loadOMHAConfig(118)) - ServiceID for OzoneManager is om-add-remove
2022-02-10 17:16:39,953 [Listener at 127.0.0.1/39761] INFO  ha.OMHANodeDetails (OMHANodeDetails.java:loadOMHAConfig(193)) - Found matching OM address with OMServiceId: om-add-remove, OMNodeId: omNode-bootstrap-2, RPC Address: localhost:33429 and Ratis port: 42211
2022-02-10 17:16:39,953 [Listener at 127.0.0.1/39761] INFO  ha.OMHANodeDetails (ConfUtils.java:setNodeSpecificConfigs(108)) - Setting configuration key ozone.om.http-address with value of key ozone.om.http-address.om-add-remove.omNode-bootstrap-2: 127.0.0.1:40689
2022-02-10 17:16:39,953 [Listener at 127.0.0.1/39761] INFO  ha.OMHANodeDetails (ConfUtils.java:setNodeSpecificConfigs(108)) - Setting configuration key ozone.om.https-address with value of key ozone.om.https-address.om-add-remove.omNode-bootstrap-2: 127.0.0.1:40171
2022-02-10 17:16:39,953 [Listener at 127.0.0.1/39761] INFO  ha.OMHANodeDetails (ConfUtils.java:setNodeSpecificConfigs(108)) - Setting configuration key ozone.om.address with value of key ozone.om.address.om-add-remove.omNode-bootstrap-2: 127.0.0.1:33429
2022-02-10 17:16:39,953 [Listener at 127.0.0.1/39761] WARN  server.ServerUtils (ServerUtils.java:getDBPath(225)) - ozone.om.db.dirs is not configured. We recommend adding this setting. Falling back to ozone.metadata.dirs instead.
2022-02-10 17:16:39,956 [Listener at 127.0.0.1/39761] INFO  ha.SCMNodeInfo (SCMNodeInfo.java:getPort(197)) - ConfigKey ozone.scm.client.address is deprecated, For configuring different ports for each SCM use PortConfigKey ozone.scm.client.port appended with serviceId and nodeId
2022-02-10 17:16:39,956 [Listener at 127.0.0.1/39761] INFO  ha.SCMNodeInfo (SCMNodeInfo.java:getPort(197)) - ConfigKey ozone.scm.block.client.address is deprecated, For configuring different ports for each SCM use PortConfigKey ozone.scm.block.client.port appended with serviceId and nodeId
2022-02-10 17:16:39,956 [Listener at 127.0.0.1/39761] INFO  ha.SCMNodeInfo (SCMNodeInfo.java:getPort(197)) - ConfigKey ozone.scm.datanode.address is deprecated, For configuring different ports for each SCM use PortConfigKey ozone.scm.datanode.port appended with serviceId and nodeId
OM initialization succeeded.Current cluster id for sd=/home/runner/work/ozone/ozone/hadoop-ozone/integration-test/target/test-dir/MiniOzoneClusterImpl-adca7f43-f686-4ef5-81ed-33e1f333fc0f/omNode-bootstrap-2/om;cid=adca7f43-f686-4ef5-81ed-33e1f333fc0f;layoutVersion=0
2022-02-10 17:16:39,979 [Listener at 127.0.0.1/39761] INFO  ha.OMHANodeDetails (OMHANodeDetails.java:loadOMHAConfig(118)) - ServiceID for OzoneManager is om-add-remove
2022-02-10 17:16:39,979 [Listener at 127.0.0.1/39761] INFO  ha.OMHANodeDetails (OMHANodeDetails.java:loadOMHAConfig(193)) - Found matching OM address with OMServiceId: om-add-remove, OMNodeId: omNode-bootstrap-2, RPC Address: localhost:33429 and Ratis port: 42211
2022-02-10 17:16:39,979 [Listener at 127.0.0.1/39761] INFO  ha.OMHANodeDetails (ConfUtils.java:setNodeSpecificConfigs(108)) - Setting configuration key ozone.om.http-address with value of key ozone.om.http-address.om-add-remove.omNode-bootstrap-2: 127.0.0.1:40689
2022-02-10 17:16:39,980 [Listener at 127.0.0.1/39761] INFO  ha.OMHANodeDetails (ConfUtils.java:setNodeSpecificConfigs(108)) - Setting configuration key ozone.om.https-address with value of key ozone.om.https-address.om-add-remove.omNode-bootstrap-2: 127.0.0.1:40171
2022-02-10 17:16:39,980 [Listener at 127.0.0.1/39761] INFO  ha.OMHANodeDetails (ConfUtils.java:setNodeSpecificConfigs(108)) - Setting configuration key ozone.om.address with value of key ozone.om.address.om-add-remove.omNode-bootstrap-2: 127.0.0.1:33429
2022-02-10 17:16:39,980 [Listener at 127.0.0.1/39761] WARN  server.ServerUtils (ServerUtils.java:getDBPath(225)) - ozone.om.db.dirs is not configured. We recommend adding this setting. Falling back to ozone.metadata.dirs instead.
2022-02-10 17:16:39,980 [Listener at 127.0.0.1/39761] INFO  upgrade.AbstractLayoutVersionManager (AbstractLayoutVersionManager.java:init(79)) - Initializing Layout version manager with metadata layout = INITIAL_VERSION (version = 0), software layout = INITIAL_VERSION (version = 0)
2022-02-10 17:16:40,087 [Listener at 127.0.0.1/39761] INFO  reflections.Reflections (Reflections.java:scan(232)) - Reflections took 106 ms to scan 2 urls, producing 133 keys and 348 values [using 2 cores]
2022-02-10 17:16:40,088 [Listener at 127.0.0.1/39761] INFO  upgrade.OMLayoutVersionManager (OMLayoutVersionManager.java:lambda$0(115)) - Skipping Upgrade Action MockOmUpgradeAction since it has been finalized.
2022-02-10 17:16:40,088 [Listener at 127.0.0.1/39761] WARN  server.ServerUtils (ServerUtils.java:getDBPath(225)) - ozone.om.db.dirs is not configured. We recommend adding this setting. Falling back to ozone.metadata.dirs instead.
2022-02-10 17:16:40,088 [Listener at 127.0.0.1/39761] INFO  ha.SCMNodeInfo (SCMNodeInfo.java:getPort(197)) - ConfigKey ozone.scm.client.address is deprecated, For configuring different ports for each SCM use PortConfigKey ozone.scm.client.port appended with serviceId and nodeId
2022-02-10 17:16:40,088 [Listener at 127.0.0.1/39761] INFO  ha.SCMNodeInfo (SCMNodeInfo.java:getPort(197)) - ConfigKey ozone.scm.block.client.address is deprecated, For configuring different ports for each SCM use PortConfigKey ozone.scm.block.client.port appended with serviceId and nodeId
2022-02-10 17:16:40,088 [Listener at 127.0.0.1/39761] INFO  ha.SCMNodeInfo (SCMNodeInfo.java:getPort(197)) - ConfigKey ozone.scm.datanode.address is deprecated, For configuring different ports for each SCM use PortConfigKey ozone.scm.datanode.port appended with serviceId and nodeId
2022-02-10 17:16:40,089 [Listener at 127.0.0.1/39761] INFO  ha.SCMNodeInfo (SCMNodeInfo.java:getPort(197)) - ConfigKey ozone.scm.client.address is deprecated, For configuring different ports for each SCM use PortConfigKey ozone.scm.client.port appended with serviceId and nodeId
2022-02-10 17:16:40,089 [Listener at 127.0.0.1/39761] INFO  ha.SCMNodeInfo (SCMNodeInfo.java:getPort(197)) - ConfigKey ozone.scm.block.client.address is deprecated, For configuring different ports for each SCM use PortConfigKey ozone.scm.block.client.port appended with serviceId and nodeId
2022-02-10 17:16:40,089 [Listener at 127.0.0.1/39761] INFO  ha.SCMNodeInfo (SCMNodeInfo.java:getPort(197)) - ConfigKey ozone.scm.datanode.address is deprecated, For configuring different ports for each SCM use PortConfigKey ozone.scm.datanode.port appended with serviceId and nodeId
2022-02-10 17:16:40,090 [Listener at 127.0.0.1/39761] INFO  ha.SCMNodeInfo (SCMNodeInfo.java:getPort(197)) - ConfigKey ozone.scm.client.address is deprecated, For configuring different ports for each SCM use PortConfigKey ozone.scm.client.port appended with serviceId and nodeId
2022-02-10 17:16:40,090 [Listener at 127.0.0.1/39761] INFO  ha.SCMNodeInfo (SCMNodeInfo.java:getPort(197)) - ConfigKey ozone.scm.block.client.address is deprecated, For configuring different ports for each SCM use PortConfigKey ozone.scm.block.client.port appended with serviceId and nodeId
2022-02-10 17:16:40,090 [Listener at 127.0.0.1/39761] INFO  ha.SCMNodeInfo (SCMNodeInfo.java:getPort(197)) - ConfigKey ozone.scm.datanode.address is deprecated, For configuring different ports for each SCM use PortConfigKey ozone.scm.datanode.port appended with serviceId and nodeId
2022-02-10 17:16:40,104 [Listener at 127.0.0.1/39761] WARN  server.ServerUtils (ServerUtils.java:getDBPath(225)) - ozone.om.db.dirs is not configured. We recommend adding this setting. Falling back to ozone.metadata.dirs instead.
2022-02-10 17:16:40,105 [Listener at 127.0.0.1/39761] INFO  codec.OmKeyInfoCodec (OmKeyInfoCodec.java:<init>(50)) - OmKeyInfoCodec ignorePipeline = true
2022-02-10 17:16:40,105 [Listener at 127.0.0.1/39761] INFO  codec.RepeatedOmKeyInfoCodec (RepeatedOmKeyInfoCodec.java:<init>(42)) - RepeatedOmKeyInfoCodec ignorePipeline = true
2022-02-10 17:16:40,305 [Listener at 127.0.0.1/39761] INFO  om.OzoneManager (OzoneManager.java:addS3GVolumeToDB(3732)) - Created Volume s3v With Owner runner required for S3Gateway operations.
2022-02-10 17:16:40,305 [Listener at 127.0.0.1/39761] WARN  server.ServerUtils (ServerUtils.java:getDefaultRatisDirectory(237)) - Storage directory for Ratis is not configured. It is a good idea to map this to an SSD disk. Falling back to ozone.metadata.dirs
2022-02-10 17:16:40,305 [Listener at 127.0.0.1/39761] WARN  utils.OzoneManagerRatisUtils (OzoneManagerRatisUtils.java:getOMRatisSnapshotDirectory(330)) - ozone.om.ratis.snapshot.dir is not configured. Falling back to ozone.metadata.dirs config
2022-02-10 17:16:40,306 [Listener at 127.0.0.1/39761] INFO  snapshot.OzoneManagerSnapshotProvider (OzoneManagerSnapshotProvider.java:<init>(76)) - Initializing OM Snapshot Provider
2022-02-10 17:16:40,307 [Listener at 127.0.0.1/39761] WARN  impl.MetricRegistriesImpl (MetricRegistriesImpl.java:addReporterRegistration(111)) - New reporters are added after registries were created. Some metrics will be missing from the reporter. Please add reporter before adding any new registry.
2022-02-10 17:16:40,307 [Listener at 127.0.0.1/39761] WARN  impl.MetricRegistriesImpl (MetricRegistriesImpl.java:addReporterRegistration(111)) - New reporters are added after registries were created. Some metrics will be missing from the reporter. Please add reporter before adding any new registry.
2022-02-10 17:16:40,307 [Listener at 127.0.0.1/39761] WARN  server.ServerUtils (ServerUtils.java:getDefaultRatisDirectory(237)) - Storage directory for Ratis is not configured. It is a good idea to map this to an SSD disk. Falling back to ozone.metadata.dirs
2022-02-10 17:16:40,308 [Listener at 127.0.0.1/39761] INFO  ratis.OzoneManagerRatisServer (OzoneManagerRatisServer.java:<init>(152)) - OM started in Bootstrap mode. Instantiating OM Ratis server with groupID: om-add-remove
2022-02-10 17:16:40,309 [Listener at 127.0.0.1/39761] INFO  ratis.OzoneManagerStateMachine (OzoneManagerStateMachine.java:loadSnapshotInfoFromDB(605)) - LastAppliedIndex is set from TransactionInfo from OM DB as (t:0, i:~)
2022-02-10 17:16:40,313 [Listener at 127.0.0.1/39761] INFO  server.RaftServer (ConfUtils.java:logGet(44)) - raft.rpc.type = GRPC (default)
2022-02-10 17:16:40,313 [Listener at 127.0.0.1/39761] INFO  grpc.GrpcFactory (GrpcFactory.java:checkPooledByteBufAllocatorUseCacheForAllThreads(48)) - PERFORMANCE WARNING: useCacheForAllThreads is true that may cause Netty to create a lot garbage objects and, as a result, trigger GC.
	It is recommended to disable useCacheForAllThreads by setting -Dorg.apache.ratis.thirdparty.io.netty.allocator.useCacheForAllThreads=false in command line.
2022-02-10 17:16:40,313 [Listener at 127.0.0.1/39761] INFO  grpc.GrpcConfigKeys (ConfUtils.java:logGet(44)) - raft.grpc.admin.port = -1 (default)
2022-02-10 17:16:40,313 [Listener at 127.0.0.1/39761] INFO  grpc.GrpcConfigKeys (ConfUtils.java:logGet(44)) - raft.grpc.server.port = 42211 (custom)
2022-02-10 17:16:40,313 [Listener at 127.0.0.1/39761] INFO  grpc.GrpcConfigKeys (ConfUtils.java:logGet(44)) - raft.grpc.client.port = -1 (default)
2022-02-10 17:16:40,314 [Listener at 127.0.0.1/39761] INFO  grpc.GrpcConfigKeys (ConfUtils.java:logGet(44)) - raft.grpc.server.port = 42211 (custom)
2022-02-10 17:16:40,314 [Listener at 127.0.0.1/39761] INFO  grpc.GrpcConfigKeys (ConfUtils.java:logGet(44)) - raft.grpc.server.port = 42211 (custom)
2022-02-10 17:16:40,314 [Listener at 127.0.0.1/39761] INFO  server.GrpcService (ConfUtils.java:logGet(44)) - raft.grpc.message.size.max = 33554432 (custom)
2022-02-10 17:16:40,314 [Listener at 127.0.0.1/39761] INFO  server.RaftServerConfigKeys (ConfUtils.java:logGet(44)) - raft.server.log.appender.buffer.byte-limit = 33554432 (custom)
2022-02-10 17:16:40,314 [Listener at 127.0.0.1/39761] INFO  server.GrpcService (ConfUtils.java:logGet(44)) - raft.grpc.flow.control.window = 1MB (=1048576) (default)
2022-02-10 17:16:40,314 [Listener at 127.0.0.1/39761] INFO  server.RaftServerConfigKeys (ConfUtils.java:logGet(44)) - raft.server.rpc.request.timeout = 3000ms (default)
2022-02-10 17:16:40,316 [Listener at 127.0.0.1/39761] INFO  impl.DataStreamServerImpl (ConfUtils.java:logGet(44)) - raft.datastream.type = DISABLED (default)
2022-02-10 17:16:40,321 [Listener at 127.0.0.1/39761] INFO  server.RaftServerConfigKeys (ConfUtils.java:logGet(44)) - raft.server.rpc.slowness.timeout = 2s (custom)
2022-02-10 17:16:40,321 [Listener at 127.0.0.1/39761] INFO  server.RaftServerConfigKeys (ConfUtils.java:logGet(44)) - raft.server.leaderelection.leader.step-down.wait-time = 10s (default)
2022-02-10 17:16:40,321 [Listener at 127.0.0.1/39761] INFO  server.RaftServerConfigKeys (ConfUtils.java:logGet(44)) - raft.server.storage.dir = [/home/runner/work/ozone/ozone/hadoop-ozone/integration-test/target/test-dir/MiniOzoneClusterImpl-adca7f43-f686-4ef5-81ed-33e1f333fc0f/omNode-bootstrap-2/ratis] (custom)
2022-02-10 17:16:40,329 [Listener at 127.0.0.1/39761] INFO  server.RaftServer (RaftServerProxy.java:addNew(95)) - omNode-bootstrap-2: addNew group-0AAC5367B30E:[] returns group-0AAC5367B30E:java.util.concurrent.CompletableFuture@66ed68c7[Not completed]
2022-02-10 17:16:40,329 [Listener at 127.0.0.1/39761] INFO  om.OzoneManager (OzoneManager.java:initializeRatisServer(1834)) - OzoneManager Ratis server initialized at port 42211
2022-02-10 17:16:40,331 [Listener at 127.0.0.1/39761] INFO  ipc.CallQueueManager (CallQueueManager.java:<init>(90)) - Using callQueue: class java.util.concurrent.LinkedBlockingQueue, queueCapacity: 2000, scheduler: class org.apache.hadoop.ipc.DefaultRpcScheduler, ipcBackoff: false.
2022-02-10 17:16:40,331 [pool-383-thread-1] INFO  server.RaftServer$Division (RaftServerImpl.java:<init>(184)) - omNode-bootstrap-2: new RaftServerImpl for group-0AAC5367B30E:[] with OzoneManagerStateMachine:uninitialized
2022-02-10 17:16:40,346 [pool-383-thread-1] INFO  server.RaftServerConfigKeys (ConfUtils.java:logGet(44)) - raft.server.rpc.timeout.min = 1s (custom)
2022-02-10 17:16:40,346 [pool-383-thread-1] INFO  server.RaftServerConfigKeys (ConfUtils.java:logGet(44)) - raft.server.rpc.timeout.max = 1200ms (custom)
2022-02-10 17:16:40,346 [pool-383-thread-1] INFO  server.RaftServerConfigKeys (ConfUtils.java:logGet(44)) - raft.server.rpc.sleep.time = 25ms (default)
2022-02-10 17:16:40,346 [pool-383-thread-1] INFO  server.RaftServerConfigKeys (ConfUtils.java:logGet(44)) - raft.server.rpc.slowness.timeout = 2s (custom)
2022-02-10 17:16:40,346 [pool-383-thread-1] INFO  server.RaftServerConfigKeys (ConfUtils.java:logGet(44)) - raft.server.leaderelection.leader.step-down.wait-time = 10s (default)
2022-02-10 17:16:40,347 [pool-383-thread-1] INFO  server.RaftServerConfigKeys (ConfUtils.java:logGet(44)) - raft.server.sleep.deviation.threshold = 300ms (default)
2022-02-10 17:16:40,347 [pool-383-thread-1] INFO  server.RaftServerConfigKeys (ConfUtils.java:logGet(44)) - raft.server.log.appender.install.snapshot.enabled = false (custom)
2022-02-10 17:16:40,347 [pool-383-thread-1] INFO  server.RaftServer$Division (ServerState.java:<init>(105)) - omNode-bootstrap-2@group-0AAC5367B30E: ConfigurationManager, init=-1: [], old=null, confs=<EMPTY_MAP>
2022-02-10 17:16:40,347 [pool-383-thread-1] INFO  server.RaftServerConfigKeys (ConfUtils.java:logGet(44)) - raft.server.storage.dir = [/home/runner/work/ozone/ozone/hadoop-ozone/integration-test/target/test-dir/MiniOzoneClusterImpl-adca7f43-f686-4ef5-81ed-33e1f333fc0f/omNode-bootstrap-2/ratis] (custom)
2022-02-10 17:16:40,347 [pool-383-thread-1] INFO  server.RaftServerConfigKeys (ConfUtils.java:logGet(44)) - raft.server.log.corruption.policy = EXCEPTION (default)
2022-02-10 17:16:40,347 [pool-383-thread-1] INFO  server.RaftServerConfigKeys (ConfUtils.java:logGet(44)) - raft.server.storage.free-space.min = 0MB (=0) (default)
2022-02-10 17:16:40,347 [pool-383-thread-1] INFO  storage.RaftStorageDirectory (RaftStorageDirectoryImpl.java:analyzeStorage(135)) - The storage directory /home/runner/work/ozone/ozone/hadoop-ozone/integration-test/target/test-dir/MiniOzoneClusterImpl-adca7f43-f686-4ef5-81ed-33e1f333fc0f/omNode-bootstrap-2/ratis/0718e334-ffa1-36bc-8e9a-0aac5367b30e does not exist. Creating ...
2022-02-10 17:16:40,350 [Socket Reader #1 for port 33429] INFO  ipc.Server (Server.java:run(1265)) - Starting Socket Reader #1 for port 33429
2022-02-10 17:16:40,355 [pool-383-thread-1] INFO  storage.RaftStorageDirectory (RaftStorageDirectoryImpl.java:tryLock(230)) - Lock on /home/runner/work/ozone/ozone/hadoop-ozone/integration-test/target/test-dir/MiniOzoneClusterImpl-adca7f43-f686-4ef5-81ed-33e1f333fc0f/omNode-bootstrap-2/ratis/0718e334-ffa1-36bc-8e9a-0aac5367b30e/in_use.lock acquired by nodename 23291@fv-az184-768
2022-02-10 17:16:40,358 [pool-383-thread-1] INFO  storage.RaftStorage (RaftStorageImpl.java:format(89)) - Storage directory /home/runner/work/ozone/ozone/hadoop-ozone/integration-test/target/test-dir/MiniOzoneClusterImpl-adca7f43-f686-4ef5-81ed-33e1f333fc0f/omNode-bootstrap-2/ratis/0718e334-ffa1-36bc-8e9a-0aac5367b30e has been successfully formatted.
2022-02-10 17:16:40,358 [pool-383-thread-1] INFO  server.RaftServerConfigKeys (ConfUtils.java:logGet(44)) - raft.server.notification.no-leader.timeout = 2s (custom)
2022-02-10 17:16:40,359 [pool-383-thread-1] INFO  server.RaftServerConfigKeys (ConfUtils.java:logGet(44)) - raft.server.log.use.memory = false (default)
2022-02-10 17:16:40,359 [pool-383-thread-1] INFO  server.RaftServerConfigKeys (ConfUtils.java:logGet(44)) - raft.server.log.purge.gap = 1000000 (custom)
2022-02-10 17:16:40,359 [pool-383-thread-1] INFO  server.RaftServerConfigKeys (ConfUtils.java:logGet(44)) - raft.server.log.appender.buffer.byte-limit = 33554432 (custom)
2022-02-10 17:16:40,359 [pool-383-thread-1] INFO  server.RaftServerConfigKeys (ConfUtils.java:logGet(44)) - raft.server.log.segment.size.max = 4194304 (custom)
2022-02-10 17:16:40,359 [pool-383-thread-1] INFO  server.RaftServerConfigKeys (ConfUtils.java:logGet(44)) - raft.server.log.segment.cache.num.max = 2 (custom)
2022-02-10 17:16:40,359 [pool-383-thread-1] INFO  server.RaftServerConfigKeys (ConfUtils.java:logGet(44)) - raft.server.log.segment.cache.size.max = 200MB (=209715200) (default)
2022-02-10 17:16:40,359 [pool-383-thread-1] INFO  segmented.SegmentedRaftLogWorker (SegmentedRaftLogWorker.java:<init>(182)) - new omNode-bootstrap-2@group-0AAC5367B30E-SegmentedRaftLogWorker for RaftStorageImpl:Storage Directory /home/runner/work/ozone/ozone/hadoop-ozone/integration-test/target/test-dir/MiniOzoneClusterImpl-adca7f43-f686-4ef5-81ed-33e1f333fc0f/omNode-bootstrap-2/ratis/0718e334-ffa1-36bc-8e9a-0aac5367b30e
2022-02-10 17:16:40,360 [pool-383-thread-1] INFO  server.RaftServerConfigKeys (ConfUtils.java:logGet(44)) - raft.server.log.queue.byte-limit = 64MB (=67108864) (default)
2022-02-10 17:16:40,360 [pool-383-thread-1] INFO  server.RaftServerConfigKeys (ConfUtils.java:logGet(44)) - raft.server.log.queue.element-limit = 4096 (default)
2022-02-10 17:16:40,360 [pool-383-thread-1] INFO  server.RaftServerConfigKeys (ConfUtils.java:logGet(44)) - raft.server.log.segment.size.max = 4194304 (custom)
2022-02-10 17:16:40,360 [pool-383-thread-1] INFO  server.RaftServerConfigKeys (ConfUtils.java:logGet(44)) - raft.server.log.preallocated.size = 4194304 (custom)
2022-02-10 17:16:40,360 [pool-383-thread-1] INFO  server.RaftServerConfigKeys (ConfUtils.java:logGet(44)) - raft.server.log.force.sync.num = 128 (default)
2022-02-10 17:16:40,360 [pool-383-thread-1] INFO  server.RaftServerConfigKeys (ConfUtils.java:logGet(44)) - raft.server.log.statemachine.data.sync = true (default)
2022-02-10 17:16:40,360 [pool-383-thread-1] INFO  server.RaftServerConfigKeys (ConfUtils.java:logGet(44)) - raft.server.log.statemachine.data.sync.timeout = 10s (default)
2022-02-10 17:16:40,360 [pool-383-thread-1] INFO  server.RaftServerConfigKeys (ConfUtils.java:logGet(44)) - raft.server.log.statemachine.data.sync.timeout.retry = -1 (default)
2022-02-10 17:16:40,367 [pool-383-thread-1] INFO  server.RaftServerConfigKeys (ConfUtils.java:logGet(44)) - raft.server.log.write.buffer.size = 64KB (=65536) (default)
2022-02-10 17:16:40,367 [pool-383-thread-1] INFO  server.RaftServerConfigKeys (ConfUtils.java:logGet(44)) - raft.server.log.statemachine.data.caching.enabled = false (default)
2022-02-10 17:16:40,367 [pool-383-thread-1] INFO  segmented.SegmentedRaftLogWorker (SegmentedRaftLogWorker.java:lambda$new$0(133)) - omNode-bootstrap-2@group-0AAC5367B30E-SegmentedRaftLogWorker: flushIndex: setUnconditionally 0 -> -1
2022-02-10 17:16:40,368 [pool-383-thread-1] INFO  segmented.SegmentedRaftLogWorker (SegmentedRaftLogWorker.java:lambda$new$0(133)) - omNode-bootstrap-2@group-0AAC5367B30E-SegmentedRaftLogWorker: safeCacheEvictIndex: setUnconditionally 0 -> -1
2022-02-10 17:16:40,371 [pool-383-thread-1] INFO  server.RaftServerConfigKeys (ConfUtils.java:logGet(44)) - raft.server.snapshot.auto.trigger.enabled = true (custom)
2022-02-10 17:16:40,371 [pool-383-thread-1] INFO  server.RaftServerConfigKeys (ConfUtils.java:logGet(44)) - raft.server.snapshot.auto.trigger.threshold = 400000 (default)
2022-02-10 17:16:40,371 [pool-383-thread-1] INFO  server.RaftServerConfigKeys (ConfUtils.java:logGet(44)) - raft.server.snapshot.retention.file.num = -1 (default)
2022-02-10 17:16:40,371 [pool-383-thread-1] INFO  server.RaftServerConfigKeys (ConfUtils.java:logGet(44)) - raft.server.log.purge.upto.snapshot.index = true (custom)
2022-02-10 17:16:40,371 [pool-383-thread-1] INFO  server.RaftServerConfigKeys (ConfUtils.java:logGet(44)) - raft.server.retrycache.expirytime = 300s (custom)
2022-02-10 17:16:40,371 [pool-383-thread-1] INFO  server.RaftServerConfigKeys (ConfUtils.java:logGet(44)) - raft.server.retrycache.statistics.expirytime = 100μs (default)
2022-02-10 17:16:40,406 [Listener at 127.0.0.1/33429] WARN  om.OzoneManager (OzoneManager.java:start(1357)) - Skipped checking whether existing OM configs have been updated with this OM information as force bootstrap is called.
2022-02-10 17:16:40,423 [Listener at 127.0.0.1/33429] INFO  impl.MetricsSystemImpl (MetricsSystemImpl.java:init(158)) - OzoneManager metrics system started (again)
2022-02-10 17:16:40,452 [Listener at 127.0.0.1/33429] INFO  om.OzoneManager (OzoneManager.java:start(1365)) - OzoneManager RPC server is listening at localhost/127.0.0.1:33429
2022-02-10 17:16:40,452 [Listener at 127.0.0.1/33429] INFO  ratis.OzoneManagerRatisServer (OzoneManagerRatisServer.java:start(554)) - Starting OzoneManagerRatisServer omNode-bootstrap-2 at port 42211
2022-02-10 17:16:40,452 [Listener at 127.0.0.1/33429] INFO  server.RaftServer$Division (RaftServerImpl.java:start(304)) - omNode-bootstrap-2@group-0AAC5367B30E: start with initializing state, conf=-1: [], old=null
2022-02-10 17:16:40,452 [Listener at 127.0.0.1/33429] INFO  server.RaftServer$Division (RaftServerImpl.java:setRole(290)) - omNode-bootstrap-2@group-0AAC5367B30E: changes role from      null to FOLLOWER at term 0 for startInitializing
2022-02-10 17:16:40,453 [Listener at 127.0.0.1/33429] INFO  util.JmxRegister (JmxRegister.java:tryRegister(44)) - Successfully registered JMX Bean with object name Ratis:service=RaftServer,group=group-0AAC5367B30E,id=omNode-bootstrap-2
2022-02-10 17:16:40,455 [Listener at 127.0.0.1/33429] INFO  server.RaftServer (RaftServerProxy.java:lambda$start$5(374)) - omNode-bootstrap-2: start RPC server
2022-02-10 17:16:40,467 [Listener at 127.0.0.1/33429] INFO  server.GrpcService (GrpcService.java:startImpl(253)) - omNode-bootstrap-2: GrpcService started, listening on 42211
2022-02-10 17:16:40,471 [EndpointStateMachine task thread for /127.0.0.1:33255 - 0 ] INFO  ipc.Client (Client.java:handleConnectionFailure(977)) - Retrying connect to server: localhost/127.0.0.1:33255. Already tried 7 time(s); retry policy is RetryUpToMaximumCountWithFixedSleep(maxRetries=15, sleepTime=1000 MILLISECONDS)
2022-02-10 17:16:40,472 [Listener at 127.0.0.1/33429] INFO  om.OzoneManager (OzoneManager.java:start(1381)) - Version File has different layout version (0) than OM DB (null). That is expected if this OM has never been finalized to a newer layout version.
2022-02-10 17:16:40,472 [org.apache.ratis.util.JvmPauseMonitor$$Lambda$435/2121963301@53f5b45f] INFO  util.JvmPauseMonitor (JvmPauseMonitor.java:run(103)) - JvmPauseMonitor-omNode-bootstrap-2: Started
2022-02-10 17:16:40,483 [Listener at 127.0.0.1/33429] INFO  http.BaseHttpServer (BaseHttpServer.java:newHttpServer2BuilderForOzone(209)) - Starting Web-server for ozoneManager at: http://0.0.0.0:40689
2022-02-10 17:16:40,484 [Listener at 127.0.0.1/33429] INFO  http.BaseHttpServer (BaseHttpServer.java:<init>(107)) - Hadoop Security Enabled: false Ozone Security Enabled: false Ozone HTTP Security Enabled: false 
2022-02-10 17:16:40,485 [Listener at 127.0.0.1/33429] INFO  server.AuthenticationFilter (AuthenticationFilter.java:constructSecretProvider(240)) - Unable to initialize FileSignerSecretProvider, falling back to use random secrets.
2022-02-10 17:16:40,485 [Listener at 127.0.0.1/33429] WARN  http.HttpRequestLog (HttpRequestLog.java:getRequestLog(103)) - Jetty request log can only be enabled using Log4j
2022-02-10 17:16:40,486 [Listener at 127.0.0.1/33429] INFO  http.HttpServer2 (HttpServer2.java:addGlobalFilter(1030)) - Added global filter 'safety' (class=org.apache.hadoop.hdds.server.http.HttpServer2$QuotingInputFilter)
2022-02-10 17:16:40,487 [Listener at 127.0.0.1/33429] INFO  http.HttpServer2 (HttpServer2.java:addFilter(1006)) - Added filter static_user_filter (class=org.apache.hadoop.http.lib.StaticUserWebFilter$StaticUserFilter) to context ozoneManager
2022-02-10 17:16:40,487 [Listener at 127.0.0.1/33429] INFO  http.HttpServer2 (HttpServer2.java:addFilter(1014)) - Added filter static_user_filter (class=org.apache.hadoop.http.lib.StaticUserWebFilter$StaticUserFilter) to context static
2022-02-10 17:16:40,487 [Listener at 127.0.0.1/33429] INFO  http.HttpServer2 (HttpServer2.java:addFilter(1014)) - Added filter static_user_filter (class=org.apache.hadoop.http.lib.StaticUserWebFilter$StaticUserFilter) to context logs
2022-02-10 17:16:40,487 [Listener at 127.0.0.1/33429] INFO  http.HttpServer2 (HttpServer2.java:bindListener(1249)) - Jetty bound to port 40689
2022-02-10 17:16:40,487 [Listener at 127.0.0.1/33429] INFO  server.Server (Server.java:doStart(375)) - jetty-9.4.43.v20210629; built: 2021-06-30T11:07:22.254Z; git: 526006ecfa3af7f1a27ef3a288e2bef7ea9dd7e8; jvm 1.8.0_312-b07
2022-02-10 17:16:40,497 [Listener at 127.0.0.1/33429] INFO  server.session (DefaultSessionIdManager.java:doStart(334)) - DefaultSessionIdManager workerName=node0
2022-02-10 17:16:40,498 [Listener at 127.0.0.1/33429] INFO  server.session (DefaultSessionIdManager.java:doStart(339)) - No SessionScavenger set, using defaults
2022-02-10 17:16:40,498 [Listener at 127.0.0.1/33429] INFO  server.session (HouseKeeper.java:startScavenging(132)) - node0 Scavenging every 660000ms
2022-02-10 17:16:40,499 [Listener at 127.0.0.1/33429] INFO  handler.ContextHandler (ContextHandler.java:doStart(915)) - Started o.e.j.s.ServletContextHandler@4a76f100{logs,/logs,file:///home/runner/work/ozone/ozone/hadoop-ozone/integration-test/target/log,AVAILABLE}
2022-02-10 17:16:40,499 [Listener at 127.0.0.1/33429] INFO  handler.ContextHandler (ContextHandler.java:doStart(915)) - Started o.e.j.s.ServletContextHandler@e04ede7{static,/static,file:///home/runner/work/ozone/ozone/hadoop-ozone/integration-test/target/test-classes/webapps/static,AVAILABLE}
2022-02-10 17:16:40,502 [Listener at 127.0.0.1/33429] INFO  handler.ContextHandler (ContextHandler.java:doStart(915)) - Started o.e.j.w.WebAppContext@4987728a{ozoneManager,/,file:///home/runner/work/ozone/ozone/hadoop-ozone/integration-test/target/test-classes/webapps/ozoneManager/,AVAILABLE}{file:/home/runner/work/ozone/ozone/hadoop-ozone/integration-test/target/test-classes/webapps/ozoneManager}
2022-02-10 17:16:40,507 [Listener at 127.0.0.1/33429] INFO  server.AbstractConnector (AbstractConnector.java:doStart(331)) - Started ServerConnector@77bc1803{HTTP/1.1, (http/1.1)}{0.0.0.0:40689}
2022-02-10 17:16:40,508 [Listener at 127.0.0.1/33429] INFO  server.Server (Server.java:doStart(415)) - Started @106047ms
2022-02-10 17:16:40,508 [Listener at 127.0.0.1/33429] WARN  impl.MetricsSystemImpl (MetricsSystemImpl.java:register(279)) - Sink prometheus already exists!
2022-02-10 17:16:40,509 [Listener at 127.0.0.1/33429] INFO  http.BaseHttpServer (BaseHttpServer.java:updateConnectorAddress(329)) - HTTP server of ozoneManager listening at http://0.0.0.0:40689
2022-02-10 17:16:40,509 [IPC Server Responder] INFO  ipc.Server (Server.java:run(1507)) - IPC Server Responder: starting
2022-02-10 17:16:40,509 [IPC Server listener on 33429] INFO  ipc.Server (Server.java:run(1344)) - IPC Server listener on 33429: starting
2022-02-10 17:16:40,513 [Listener at 127.0.0.1/33429] INFO  om.OzoneManager (OzoneManager.java:startTrashEmptier(1792)) - Trash Interval set to 0. Files deleted will not move to trash
2022-02-10 17:16:40,519 [org.apache.hadoop.util.JvmPauseMonitor$Monitor@14b08e70] INFO  util.JvmPauseMonitor (JvmPauseMonitor.java:run(188)) - Starting JVM pause monitor
2022-02-10 17:16:40,545 [IPC Server handler 3 on default port 46543] INFO  ratis.OzoneManagerRatisServer (OzoneManagerRatisServer.java:addOMToRatisRing(309)) - omNode-1: Submitting SetConfiguration request to Ratis server to add new OM peer omNode-bootstrap-2|rpc:localhost:42211|priority:0 to the Ratis group group-0AAC5367B30E:[omNode-1|rpc:localhost:35135|priority:0]
2022-02-10 17:16:40,546 [IPC Server handler 3 on default port 46543] INFO  server.RaftServer$Division (RaftServerImpl.java:setConfigurationAsync(974)) - omNode-1@group-0AAC5367B30E: receive setConfiguration SetConfigurationRequest:client-832D0EFF2E2D->omNode-1@group-0AAC5367B30E, cid=1, seq=0, RW, null, peers:[omNode-1|rpc:localhost:35135|priority:0, omNode-bootstrap-2|rpc:localhost:42211|priority:0]
2022-02-10 17:16:40,546 [IPC Server handler 3 on default port 46543] INFO  server.RaftServer$Division (LeaderStateImpl.java:startSetConfiguration(358)) - omNode-1@group-0AAC5367B30E-LeaderStateImpl: startSetConfiguration SetConfigurationRequest:client-832D0EFF2E2D->omNode-1@group-0AAC5367B30E, cid=1, seq=0, RW, null, peers:[omNode-1|rpc:localhost:35135|priority:0, omNode-bootstrap-2|rpc:localhost:42211|priority:0]
2022-02-10 17:16:40,546 [IPC Server handler 3 on default port 46543] INFO  server.RaftServerConfigKeys (ConfUtils.java:logGet(44)) - raft.server.log.appender.snapshot.chunk.size.max = 16MB (=16777216) (default)
2022-02-10 17:16:40,546 [IPC Server handler 3 on default port 46543] INFO  server.RaftServerConfigKeys (ConfUtils.java:logGet(44)) - raft.server.log.appender.buffer.byte-limit = 33554432 (custom)
2022-02-10 17:16:40,546 [IPC Server handler 3 on default port 46543] INFO  server.RaftServerConfigKeys (ConfUtils.java:logGet(44)) - raft.server.log.appender.buffer.element-limit = 1024 (custom)
2022-02-10 17:16:40,550 [IPC Server handler 3 on default port 46543] INFO  grpc.GrpcConfigKeys (ConfUtils.java:logGet(44)) - raft.grpc.server.leader.outstanding.appends.max = 128 (default)
2022-02-10 17:16:40,550 [IPC Server handler 3 on default port 46543] INFO  server.RaftServerConfigKeys (ConfUtils.java:logGet(44)) - raft.server.rpc.request.timeout = 3000ms (default)
2022-02-10 17:16:40,550 [IPC Server handler 3 on default port 46543] INFO  server.RaftServerConfigKeys (ConfUtils.java:logGet(44)) - raft.server.log.appender.install.snapshot.enabled = false (custom)
2022-02-10 17:16:40,571 [grpc-default-executor-2] INFO  server.RaftServer$Division (RaftServerImpl.java:installSnapshot(1332)) - omNode-bootstrap-2@group-0AAC5367B30E: receive installSnapshot: omNode-1->omNode-bootstrap-2#0-t1,notify:(t:1, i:8)
2022-02-10 17:16:40,573 [grpc-default-executor-2] INFO  server.RaftServer$Division (ServerState.java:setLeader(285)) - omNode-bootstrap-2@group-0AAC5367B30E: change Leader from null to omNode-1 at term 1 for installSnapshot, leader elected after 214ms
2022-02-10 17:16:40,573 [grpc-default-executor-2] INFO  server.RaftServer$Division (RaftServerImpl.java:notifyStateMachineToInstallSnapshot(1551)) - omNode-bootstrap-2@group-0AAC5367B30E: Received notification to install snapshot at index 8
2022-02-10 17:16:40,573 [grpc-default-executor-2] INFO  server.RaftServer$Division (RaftServerImpl.java:notifyStateMachineToInstallSnapshot(1582)) - omNode-bootstrap-2@group-0AAC5367B30E: notifyInstallSnapshot: nextIndex is 0 but the leader's first available index is 8.
2022-02-10 17:16:40,573 [grpc-default-executor-2] INFO  ratis.OzoneManagerStateMachine (OzoneManagerStateMachine.java:notifyInstallSnapshotFromLeader(446)) - Received install snapshot notification from OM leader: omNode-1 with term index: (t:1, i:8)
2022-02-10 17:16:40,583 [pool-382-thread-1] INFO  om.OzoneManager (OzoneManager.java:getDBCheckpointFromLeader(3276)) - Downloading checkpoint from leader OM omNode-1 and reloading state from the checkpoint.
2022-02-10 17:16:40,585 [pool-382-thread-1] INFO  snapshot.OzoneManagerSnapshotProvider (OzoneManagerSnapshotProvider.java:getOzoneManagerDBSnapshot(122)) - Downloading latest checkpoint from Leader OM omNode-1. Checkpoint URL: http://127.0.0.1:39111/dbCheckpoint?flushBeforeCheckpoint=true
2022-02-10 17:16:40,597 [qtp683234723-1404] INFO  utils.DBCheckpointServlet (DBCheckpointServlet.java:doGet(110)) - Received request to obtain DB checkpoint snapshot
2022-02-10 17:16:40,618 [qtp683234723-1404] INFO  db.RDBCheckpointManager (RDBCheckpointManager.java:createCheckpoint(86)) - Created checkpoint at /home/runner/work/ozone/ozone/hadoop-ozone/integration-test/target/test-dir/MiniOzoneClusterImpl-adca7f43-f686-4ef5-81ed-33e1f333fc0f/omNode-1/db.checkpoints/om.db_checkpoint_1644513400598 in 19 milliseconds
2022-02-10 17:16:40,633 [qtp683234723-1404] INFO  utils.DBCheckpointServlet (DBCheckpointServlet.java:doGet(183)) - Time taken to write the checkpoint to response output stream: 9 milliseconds
2022-02-10 17:16:40,638 [qtp683234723-1404] INFO  db.RocksDBCheckpoint (RocksDBCheckpoint.java:cleanupCheckpoint(78)) - Cleaning up RocksDB checkpoint at /home/runner/work/ozone/ozone/hadoop-ozone/integration-test/target/test-dir/MiniOzoneClusterImpl-adca7f43-f686-4ef5-81ed-33e1f333fc0f/omNode-1/db.checkpoints/om.db_checkpoint_1644513400598
2022-02-10 17:16:40,692 [pool-382-thread-1] INFO  snapshot.OzoneManagerSnapshotProvider (OzoneManagerSnapshotProvider.java:getOzoneManagerDBSnapshot(147)) - Successfully downloaded latest checkpoint from leader OM: omNode-1
2022-02-10 17:16:40,692 [pool-382-thread-1] INFO  om.OzoneManager (OzoneManager.java:installSnapshotFromLeader(3151)) - Downloaded checkpoint from Leader omNode-1 to the location /home/runner/work/ozone/ozone/hadoop-ozone/integration-test/target/test-dir/MiniOzoneClusterImpl-adca7f43-f686-4ef5-81ed-33e1f333fc0f/omNode-bootstrap-2/snapshot/om.db-omNode-1-1644513400585
2022-02-10 17:16:40,792 [pool-382-thread-1] INFO  om.OzoneManager (OzoneManager.java:installCheckpoint(3176)) - Installing checkpoint with OMTransactionInfo 1#7
2022-02-10 17:16:40,792 [pool-382-thread-1] INFO  utils.BackgroundService (BackgroundService.java:shutdown(132)) - Shutting down service KeyDeletingService
2022-02-10 17:16:40,794 [pool-382-thread-1] INFO  utils.BackgroundService (BackgroundService.java:shutdown(132)) - Shutting down service DirectoryDeletingService
2022-02-10 17:16:40,796 [pool-382-thread-1] INFO  ratis.OzoneManagerDoubleBuffer (OzoneManagerDoubleBuffer.java:stop(437)) - Stopping OMDoubleBuffer flush thread
2022-02-10 17:16:40,796 [OMDoubleBufferFlushThread] INFO  ratis.OzoneManagerDoubleBuffer (OzoneManagerDoubleBuffer.java:flushTransactions(356)) - OMDoubleBuffer flush thread OMDoubleBufferFlushThread is interrupted and will exit. OMDoubleBufferFlushThread
2022-02-10 17:16:40,803 [pool-382-thread-1] INFO  om.OzoneManager (OzoneManager.java:installCheckpoint(3222)) - Replaced DB with checkpoint from OM: omNode-1, term: 1, index: 7
2022-02-10 17:16:40,804 [pool-382-thread-1] WARN  server.ServerUtils (ServerUtils.java:getDBPath(225)) - ozone.om.db.dirs is not configured. We recommend adding this setting. Falling back to ozone.metadata.dirs instead.
2022-02-10 17:16:40,804 [pool-382-thread-1] INFO  codec.OmKeyInfoCodec (OmKeyInfoCodec.java:<init>(50)) - OmKeyInfoCodec ignorePipeline = true
2022-02-10 17:16:40,814 [pool-382-thread-1] INFO  codec.RepeatedOmKeyInfoCodec (RepeatedOmKeyInfoCodec.java:<init>(42)) - RepeatedOmKeyInfoCodec ignorePipeline = true
2022-02-10 17:16:40,923 [pool-382-thread-1] INFO  om.OzoneManager (OzoneManager.java:startTrashEmptier(1792)) - Trash Interval set to 0. Files deleted will not move to trash
2022-02-10 17:16:40,927 [pool-382-thread-1] INFO  om.OzoneManager (OzoneManager.java:installCheckpoint(3240)) - Reloaded OM state with Term: 1 and Index: 7
2022-02-10 17:16:40,927 [pool-382-thread-1] INFO  server.RaftServer$Division (RaftServerImpl.java:lambda$notifyStateMachineToInstallSnapshot$30(1595)) - omNode-bootstrap-2@group-0AAC5367B30E: StateMachine successfully installed snapshot index 7. Reloading the StateMachine.
2022-02-10 17:16:40,927 [pool-382-thread-1] INFO  ratis.OzoneManagerDoubleBuffer (OzoneManagerDoubleBuffer.java:stop(437)) - Stopping OMDoubleBuffer flush thread
2022-02-10 17:16:40,928 [pool-382-thread-1] INFO  segmented.SegmentedRaftLogWorker (SegmentedRaftLogWorker.java:lambda$new$0(133)) - omNode-bootstrap-2@group-0AAC5367B30E-SegmentedRaftLogWorker: flushIndex: setUnconditionally -1 -> 7
2022-02-10 17:16:40,928 [pool-382-thread-1] INFO  segmented.SegmentedRaftLogWorker (SegmentedRaftLogWorker.java:lambda$new$0(133)) - omNode-bootstrap-2@group-0AAC5367B30E-SegmentedRaftLogWorker: safeCacheEvictIndex: setUnconditionally -1 -> 7
2022-02-10 17:16:40,928 [pool-382-thread-1] INFO  raftlog.RaftLog (RaftLogBase.java:lambda$new$0(53)) - omNode-bootstrap-2@group-0AAC5367B30E-SegmentedRaftLog: snapshotIndex: updateIncreasingly -1 -> 7
2022-02-10 17:16:40,928 [omNode-bootstrap-2@group-0AAC5367B30E-StateMachineUpdater] INFO  ratis.OzoneManagerStateMachine (OzoneManagerStateMachine.java:loadSnapshotInfoFromDB(605)) - LastAppliedIndex is set from TransactionInfo from OM DB as (t:1, i:7)
2022-02-10 17:16:40,929 [grpc-default-executor-2] INFO  server.RaftServer$Division (RaftServerImpl.java:notifyStateMachineToInstallSnapshot(1638)) - omNode-bootstrap-2@group-0AAC5367B30E: InstallSnapshot notification result: SNAPSHOT_INSTALLED, at index: 7
2022-02-10 17:16:40,929 [grpc-default-executor-2] INFO  server.RaftServer$Division (RaftServerImpl.java:installSnapshotImpl(1462)) - omNode-bootstrap-2@group-0AAC5367B30E: set new configuration configurationEntry {
  peers {
    id: "omNode-1"
    address: "localhost:35135"
  }
}
 from snapshot
2022-02-10 17:16:40,930 [omNode-bootstrap-2@group-0AAC5367B30E-StateMachineUpdater] INFO  impl.StateMachineUpdater (StateMachineUpdater.java:lambda$new$0(89)) - omNode-bootstrap-2@group-0AAC5367B30E-StateMachineUpdater: snapshotIndex: setUnconditionally -1 -> 7
2022-02-10 17:16:40,930 [omNode-bootstrap-2@group-0AAC5367B30E-StateMachineUpdater] INFO  impl.StateMachineUpdater (StateMachineUpdater.java:lambda$new$0(89)) - omNode-bootstrap-2@group-0AAC5367B30E-StateMachineUpdater: appliedIndex: setUnconditionally -1 -> 7
2022-02-10 17:16:40,932 [grpc-default-executor-2] INFO  server.RaftServer$Division (ServerState.java:setRaftConf(387)) - omNode-bootstrap-2@group-0AAC5367B30E: set configuration 0: [omNode-1|rpc:localhost:35135|admin:|client:|dataStream:|priority:0], old=null
2022-02-10 17:16:40,932 [grpc-default-executor-2] INFO  ratis.OzoneManagerStateMachine (OzoneManagerStateMachine.java:notifyConfigurationChanged(188)) - Received Configuration change notification from Ratis. New Peer list:
[id: "omNode-1"
address: "localhost:35135"
]
2022-02-10 17:16:40,932 [grpc-default-executor-2] INFO  ratis.OzoneManagerRatisServer (OzoneManagerRatisServer.java:addRaftPeer(400)) - Added OM omNode-1 to Ratis Peers list.
2022-02-10 17:16:40,933 [grpc-default-executor-2] INFO  om.OzoneManager (OzoneManager.java:addOMNodeToPeers(1712)) - Added OM omNode-1 to the Peer list.
2022-02-10 17:16:40,933 [grpc-default-executor-2] INFO  server.RaftServer$Division (RaftServerImpl.java:installSnapshot(1343)) - omNode-bootstrap-2@group-0AAC5367B30E: reply installSnapshot: omNode-1<-omNode-bootstrap-2#0:FAIL-t0,SNAPSHOT_INSTALLED,snapshotIndex=7
2022-02-10 17:16:40,933 [grpc-default-executor-2] INFO  server.GrpcServerProtocolService (GrpcServerProtocolService.java:onCompleted(140)) - omNode-bootstrap-2: Completed INSTALL_SNAPSHOT, lastRequest: omNode-1->omNode-bootstrap-2#0-t1,notify:(t:1, i:8)
2022-02-10 17:16:40,944 [grpc-default-executor-1] INFO  impl.RoleInfo (RoleInfo.java:updateAndGet(130)) - omNode-bootstrap-2: start omNode-bootstrap-2@group-0AAC5367B30E-FollowerState
2022-02-10 17:16:40,956 [grpc-default-executor-1] INFO  segmented.SegmentedRaftLogWorker (SegmentedRaftLogWorker.java:startLogSegment(394)) - omNode-bootstrap-2@group-0AAC5367B30E-SegmentedRaftLogWorker: Starting segment from index:8
2022-02-10 17:16:41,011 [omNode-bootstrap-2@group-0AAC5367B30E-SegmentedRaftLogWorker] INFO  segmented.SegmentedRaftLogWorker (SegmentedRaftLogWorker.java:execute(601)) - omNode-bootstrap-2@group-0AAC5367B30E-SegmentedRaftLogWorker: created new log segment /home/runner/work/ozone/ozone/hadoop-ozone/integration-test/target/test-dir/MiniOzoneClusterImpl-adca7f43-f686-4ef5-81ed-33e1f333fc0f/omNode-bootstrap-2/ratis/0718e334-ffa1-36bc-8e9a-0aac5367b30e/current/log_inprogress_8
2022-02-10 17:16:41,034 [omNode-1@group-0AAC5367B30E-LeaderStateImpl] INFO  server.RaftServer$Division (ServerState.java:setRaftConf(387)) - omNode-1@group-0AAC5367B30E: set configuration 9: [omNode-bootstrap-2|rpc:localhost:42211|priority:0, omNode-1|rpc:localhost:35135|priority:0], old=[omNode-1|rpc:localhost:35135|admin:|client:|dataStream:|priority:0]
2022-02-10 17:16:41,035 [grpc-default-executor-1] INFO  server.RaftServer$Division (ServerState.java:setRaftConf(387)) - omNode-bootstrap-2@group-0AAC5367B30E: set configuration 9: [omNode-bootstrap-2|rpc:localhost:42211|admin:|client:|dataStream:|priority:0, omNode-1|rpc:localhost:35135|admin:|client:|dataStream:|priority:0], old=[omNode-1|rpc:localhost:35135|admin:|client:|dataStream:|priority:0]
2022-02-10 17:16:41,046 [omNode-1@group-0AAC5367B30E-LeaderStateImpl] INFO  server.RaftServer$Division (ServerState.java:setRaftConf(387)) - omNode-1@group-0AAC5367B30E: set configuration 11: [omNode-bootstrap-2|rpc:localhost:42211|priority:0, omNode-1|rpc:localhost:35135|priority:0], old=null
2022-02-10 17:16:41,047 [omNode-1@group-0AAC5367B30E-StateMachineUpdater] INFO  ratis.OzoneManagerStateMachine (OzoneManagerStateMachine.java:notifyConfigurationChanged(188)) - Received Configuration change notification from Ratis. New Peer list:
[id: "omNode-bootstrap-2"
address: "localhost:42211"
, id: "omNode-1"
address: "localhost:35135"
]
2022-02-10 17:16:41,047 [omNode-1@group-0AAC5367B30E-StateMachineUpdater] ERROR om.OzoneManager (OzoneManager.java:addOMNodeToPeers(1699)) - omNode-1: Couldn't add OM omNode-bootstrap-2 to peer list.
2022-02-10 17:16:41,054 [grpc-default-executor-1] INFO  server.RaftServer$Division (ServerState.java:setRaftConf(387)) - omNode-bootstrap-2@group-0AAC5367B30E: set configuration 11: [omNode-bootstrap-2|rpc:localhost:42211|admin:|client:|dataStream:|priority:0, omNode-1|rpc:localhost:35135|admin:|client:|dataStream:|priority:0], old=null
2022-02-10 17:16:41,056 [omNode-bootstrap-2@group-0AAC5367B30E-StateMachineUpdater] INFO  ratis.OzoneManagerStateMachine (OzoneManagerStateMachine.java:notifyConfigurationChanged(188)) - Received Configuration change notification from Ratis. New Peer list:
[id: "omNode-bootstrap-2"
address: "localhost:42211"
, id: "omNode-1"
address: "localhost:35135"
]
2022-02-10 17:16:41,056 [omNode-bootstrap-2@group-0AAC5367B30E-StateMachineUpdater] INFO  ratis.OzoneManagerRatisServer (OzoneManagerRatisServer.java:addRaftPeer(400)) - Added OM omNode-bootstrap-2 to Ratis Peers list.
2022-02-10 17:16:41,056 [omNode-bootstrap-2@group-0AAC5367B30E-StateMachineUpdater] INFO  ratis.OzoneManagerRatisServer (OzoneManagerRatisServer.java:addRaftPeer(400)) - Added OM omNode-1 to Ratis Peers list.
2022-02-10 17:16:41,047 [omNode-1@group-0AAC5367B30E-StateMachineUpdater] ERROR ozone.MiniOzoneHAClusterImpl (MiniOzoneHAClusterImpl.java:exitSystem(1076)) - omNode-1 - System Exit: There is no OM configuration for node ID omNode-bootstrap-2 in ozone-site.xml.
java.io.IOException: There is no OM configuration for node ID omNode-bootstrap-2 in ozone-site.xml.
	at org.apache.hadoop.ozone.om.OzoneManager.addOMNodeToPeers(OzoneManager.java:1694)
	at org.apache.hadoop.ozone.om.OzoneManager.updatePeerList(OzoneManager.java:1635)
	at org.apache.hadoop.ozone.om.ratis.OzoneManagerStateMachine.notifyConfigurationChanged(OzoneManagerStateMachine.java:196)
	at org.apache.ratis.server.impl.RaftServerImpl.applyLogToStateMachine(RaftServerImpl.java:1708)
	at org.apache.ratis.server.impl.StateMachineUpdater.applyLog(StateMachineUpdater.java:234)
	at org.apache.ratis.server.impl.StateMachineUpdater.run(StateMachineUpdater.java:179)
	at java.lang.Thread.run(Thread.java:748)
2022-02-10 17:16:41,071 [omNode-1@group-0AAC5367B30E-StateMachineUpdater] INFO  om.OzoneManager (OzoneManager.java:stop(1893)) - omNode-1[localhost:46543]: Stopping Ozone Manager
2022-02-10 17:16:41,061 [IPC Server handler 3 on default port 46543] INFO  ratis.OzoneManagerRatisServer (OzoneManagerRatisServer.java:addOMToRatisRing(323)) - Added OM omNode-bootstrap-2 to Ratis group group-0AAC5367B30E.
2022-02-10 17:16:41,071 [Listener at 127.0.0.1/33429] INFO  om.OzoneManager (OzoneManager.java:bootstrap(1584)) - Successfully bootstrapped OM omNode-bootstrap-2 and joined the Ratis group group-0AAC5367B30E:[]
2022-02-10 17:16:41,072 [Listener at 127.0.0.1/33429] INFO  ozone.MiniOzoneHAClusterImpl (MiniOzoneHAClusterImpl.java:bootstrapOzoneManager(776)) - Bootstrapped OzoneManager omNode-bootstrap-2 RPC server at localhost/127.0.0.1:33429
2022-02-10 17:16:41,073 [omNode-1@group-0AAC5367B30E-StateMachineUpdater] INFO  ipc.Server (Server.java:stop(3414)) - Stopping server on 46543
2022-02-10 17:16:41,073 [Listener at 127.0.0.1/33429] INFO  ozone.MiniOzoneClusterImpl (MiniOzoneClusterImpl.java:shutdown(437)) - Shutting down the Mini Ozone Cluster
2022-02-10 17:16:41,074 [Listener at 127.0.0.1/33429] INFO  ozone.MiniOzoneHAClusterImpl (MiniOzoneHAClusterImpl.java:stop(308)) - Stopping the OzoneManager omNode-1
2022-02-10 17:16:41,074 [Listener at 127.0.0.1/33429] INFO  om.OzoneManager (OzoneManager.java:stop(1893)) - omNode-1[localhost:46543]: Stopping Ozone Manager
2022-02-10 17:16:41,075 [IPC Server Responder] INFO  ipc.Server (Server.java:run(1512)) - Stopping IPC Server Responder
2022-02-10 17:16:41,077 [IPC Server listener on 46543] INFO  ipc.Server (Server.java:run(1376)) - Stopping IPC Server listener on 46543
2022-02-10 17:16:41,080 [omNode-bootstrap-2@group-0AAC5367B30E-StateMachineUpdater] INFO  ratis.OzoneManagerStateMachine (OzoneManagerStateMachine.java:notifyConfigurationChanged(188)) - Received Configuration change notification from Ratis. New Peer list:
[id: "omNode-bootstrap-2"
address: "localhost:42211"
, id: "omNode-1"
address: "localhost:35135"
]
2022-02-10 17:16:41,082 [Listener at 127.0.0.1/33429] INFO  ipc.Server (Server.java:stop(3414)) - Stopping server on 46543
2022-02-10 17:16:41,082 [omNode-1@group-0AAC5367B30E-StateMachineUpdater] INFO  server.RaftServer (RaftServerProxy.java:lambda$close$6(391)) - omNode-1: close
2022-02-10 17:16:41,083 [org.apache.ratis.util.JvmPauseMonitor$$Lambda$435/2121963301@67fc9be0] INFO  util.JvmPauseMonitor (JvmPauseMonitor.java:run(109)) - JvmPauseMonitor-omNode-1: Stopped
2022-02-10 17:16:41,084 [Listener at 127.0.0.1/33429] INFO  ratis.OzoneManagerDoubleBuffer (OzoneManagerDoubleBuffer.java:stop(437)) - Stopping OMDoubleBuffer flush thread
2022-02-10 17:16:41,084 [OMDoubleBufferFlushThread] INFO  ratis.OzoneManagerDoubleBuffer (OzoneManagerDoubleBuffer.java:flushTransactions(356)) - OMDoubleBuffer flush thread OMDoubleBufferFlushThread is interrupted and will exit. OMDoubleBufferFlushThread
2022-02-10 17:16:41,084 [Listener at 127.0.0.1/33429] INFO  utils.BackgroundService (BackgroundService.java:shutdown(132)) - Shutting down service KeyDeletingService
2022-02-10 17:16:41,085 [Listener at 127.0.0.1/33429] INFO  utils.BackgroundService (BackgroundService.java:shutdown(132)) - Shutting down service DirectoryDeletingService
2022-02-10 17:16:41,085 [Listener at 127.0.0.1/33429] INFO  handler.ContextHandler (ContextHandler.java:doStop(1153)) - Stopped o.e.j.w.WebAppContext@650b7aef{ozoneManager,/,null,STOPPED}{file:/home/runner/work/ozone/ozone/hadoop-ozone/integration-test/target/test-classes/webapps/ozoneManager}
2022-02-10 17:16:41,086 [Listener at 127.0.0.1/33429] INFO  server.AbstractConnector (AbstractConnector.java:doStop(381)) - Stopped ServerConnector@1570f81c{HTTP/1.1, (http/1.1)}{0.0.0.0:39111}
2022-02-10 17:16:41,086 [Listener at 127.0.0.1/33429] INFO  server.session (HouseKeeper.java:stopScavenging(149)) - node0 Stopped scavenging
2022-02-10 17:16:41,086 [Listener at 127.0.0.1/33429] INFO  handler.ContextHandler (ContextHandler.java:doStop(1153)) - Stopped o.e.j.s.ServletContextHandler@2e2aee77{static,/static,file:///home/runner/work/ozone/ozone/hadoop-ozone/integration-test/target/test-classes/webapps/static,STOPPED}
2022-02-10 17:16:41,086 [Listener at 127.0.0.1/33429] INFO  handler.ContextHandler (ContextHandler.java:doStop(1153)) - Stopped o.e.j.s.ServletContextHandler@39fa72d7{logs,/logs,file:///home/runner/work/ozone/ozone/hadoop-ozone/integration-test/target/log,STOPPED}
2022-02-10 17:16:41,096 [omNode-1@group-0AAC5367B30E-StateMachineUpdater] INFO  server.RaftServer$Division (RaftServerImpl.java:lambda$close$4(412)) - omNode-1@group-0AAC5367B30E: shutdown
2022-02-10 17:16:41,096 [omNode-1@group-0AAC5367B30E-StateMachineUpdater] INFO  util.JmxRegister (JmxRegister.java:unregister(73)) - Successfully un-registered JMX Bean with object name Ratis:service=RaftServer,group=group-0AAC5367B30E,id=omNode-1
2022-02-10 17:16:41,096 [omNode-1@group-0AAC5367B30E-StateMachineUpdater] INFO  impl.RoleInfo (RoleInfo.java:shutdownLeaderState(91)) - omNode-1: shutdown omNode-1@group-0AAC5367B30E-LeaderStateImpl
2022-02-10 17:16:41,096 [omNode-1@group-0AAC5367B30E-StateMachineUpdater] INFO  impl.PendingRequests (PendingRequests.java:sendNotLeaderResponses(282)) - omNode-1@group-0AAC5367B30E-PendingRequests: sendNotLeaderResponses
2022-02-10 17:16:41,103 [omNode-1@group-0AAC5367B30E-StateMachineUpdater] INFO  impl.StateMachineUpdater (StateMachineUpdater.java:stopAndJoin(149)) - omNode-1@group-0AAC5367B30E-StateMachineUpdater: set stopIndex = 12
2022-02-10 17:16:41,104 [grpc-default-executor-1] INFO  server.GrpcServerProtocolService (GrpcServerProtocolService.java:onCompleted(140)) - omNode-bootstrap-2: Completed APPEND_ENTRIES, lastRequest: omNode-1->omNode-bootstrap-2#14-t1,previous=(t:1, i:11),leaderCommit=11,initializing? true,entries: size=1, first=(t:1, i:12), METADATAENTRY(c:11)
2022-02-10 17:16:41,108 [Listener at 127.0.0.1/33429] INFO  ozone.MiniOzoneHAClusterImpl (MiniOzoneHAClusterImpl.java:stop(308)) - Stopping the OzoneManager omNode-bootstrap-1
2022-02-10 17:16:41,108 [Listener at 127.0.0.1/33429] INFO  om.OzoneManager (OzoneManager.java:stop(1893)) - omNode-bootstrap-1[localhost:39761]: Stopping Ozone Manager
2022-02-10 17:16:41,108 [Listener at 127.0.0.1/33429] INFO  ipc.Server (Server.java:stop(3414)) - Stopping server on 39761
2022-02-10 17:16:41,108 [Listener at 127.0.0.1/33429] INFO  ozone.MiniOzoneHAClusterImpl (MiniOzoneHAClusterImpl.java:stop(308)) - Stopping the OzoneManager omNode-bootstrap-2
2022-02-10 17:16:41,108 [Listener at 127.0.0.1/33429] INFO  om.OzoneManager (OzoneManager.java:stop(1893)) - omNode-bootstrap-2[localhost:33429]: Stopping Ozone Manager
2022-02-10 17:16:41,108 [Listener at 127.0.0.1/33429] INFO  ipc.Server (Server.java:stop(3414)) - Stopping server on 33429
2022-02-10 17:16:41,109 [IPC Server listener on 33429] INFO  ipc.Server (Server.java:run(1376)) - Stopping IPC Server listener on 33429
2022-02-10 17:16:41,109 [IPC Server Responder] INFO  ipc.Server (Server.java:run(1512)) - Stopping IPC Server Responder
2022-02-10 17:16:41,110 [Listener at 127.0.0.1/33429] INFO  server.RaftServer (RaftServerProxy.java:lambda$close$6(391)) - omNode-bootstrap-2: close
2022-02-10 17:16:41,110 [Listener at 127.0.0.1/33429] INFO  server.RaftServer$Division (RaftServerImpl.java:lambda$close$4(412)) - omNode-bootstrap-2@group-0AAC5367B30E: shutdown
2022-02-10 17:16:41,110 [Listener at 127.0.0.1/33429] INFO  util.JmxRegister (JmxRegister.java:unregister(73)) - Successfully un-registered JMX Bean with object name Ratis:service=RaftServer,group=group-0AAC5367B30E,id=omNode-bootstrap-2
2022-02-10 17:16:41,110 [Listener at 127.0.0.1/33429] INFO  impl.RoleInfo (RoleInfo.java:shutdownFollowerState(108)) - omNode-bootstrap-2: shutdown omNode-bootstrap-2@group-0AAC5367B30E-FollowerState
2022-02-10 17:16:41,110 [Listener at 127.0.0.1/33429] INFO  impl.StateMachineUpdater (StateMachineUpdater.java:stopAndJoin(149)) - omNode-bootstrap-2@group-0AAC5367B30E-StateMachineUpdater: set stopIndex = 11
2022-02-10 17:16:41,110 [omNode-bootstrap-2@group-0AAC5367B30E-FollowerState] INFO  impl.FollowerState (FollowerState.java:run(143)) - omNode-bootstrap-2@group-0AAC5367B30E-FollowerState was interrupted: {}
java.lang.InterruptedException: sleep interrupted
	at java.lang.Thread.sleep(Native Method)
	at java.lang.Thread.sleep(Thread.java:340)
	at java.util.concurrent.TimeUnit.sleep(TimeUnit.java:386)
	at org.apache.ratis.util.TimeDuration.sleep(TimeDuration.java:324)
	at org.apache.ratis.util.TimeDuration.sleep(TimeDuration.java:309)
	at org.apache.ratis.server.impl.FollowerState.run(FollowerState.java:118)
2022-02-10 17:16:41,111 [omNode-bootstrap-2@group-0AAC5367B30E-StateMachineUpdater] INFO  ratis.OzoneManagerStateMachine (OzoneManagerStateMachine.java:takeSnapshot(417)) - Current Snapshot Index (t:1, i:11)
2022-02-10 17:16:41,111 [omNode-bootstrap-2@group-0AAC5367B30E-StateMachineUpdater] INFO  impl.StateMachineUpdater (StateMachineUpdater.java:takeSnapshot(281)) - omNode-bootstrap-2@group-0AAC5367B30E-StateMachineUpdater: Took a snapshot at index 11
2022-02-10 17:16:41,111 [omNode-bootstrap-2@group-0AAC5367B30E-StateMachineUpdater] INFO  impl.StateMachineUpdater (StateMachineUpdater.java:lambda$new$0(89)) - omNode-bootstrap-2@group-0AAC5367B30E-StateMachineUpdater: snapshotIndex: updateIncreasingly 7 -> 11
2022-02-10 17:16:41,111 [omNode-bootstrap-2@group-0AAC5367B30E-StateMachineUpdater] INFO  ratis.OzoneManagerStateMachine (OzoneManagerStateMachine.java:close(471)) - StateMachine has shutdown. Shutdown OzoneManager if not already shutdown.
2022-02-10 17:16:41,111 [Listener at 127.0.0.1/33429] INFO  server.RaftServer$Division (ServerState.java:close(419)) - omNode-bootstrap-2@group-0AAC5367B30E: closes. applyIndex: 11
2022-02-10 17:16:41,112 [omNode-bootstrap-2@group-0AAC5367B30E-SegmentedRaftLogWorker] INFO  segmented.SegmentedRaftLogWorker (SegmentedRaftLogWorker.java:run(327)) - omNode-bootstrap-2@group-0AAC5367B30E-SegmentedRaftLogWorker was interrupted, exiting. There are 0 tasks remaining in the queue.
2022-02-10 17:16:41,115 [Listener at 127.0.0.1/33429] INFO  segmented.SegmentedRaftLogWorker (SegmentedRaftLogWorker.java:close(237)) - omNode-bootstrap-2@group-0AAC5367B30E-SegmentedRaftLogWorker close()
2022-02-10 17:16:41,117 [Listener at 127.0.0.1/33429] INFO  server.GrpcService (GrpcService.java:closeImpl(262)) - omNode-bootstrap-2: shutdown server with port 42211 now
2022-02-10 17:16:41,128 [Listener at 127.0.0.1/33429] INFO  server.GrpcService (GrpcService.java:closeImpl(271)) - omNode-bootstrap-2: shutdown server with port 42211 successfully
2022-02-10 17:16:41,128 [org.apache.ratis.util.JvmPauseMonitor$$Lambda$435/2121963301@53f5b45f] INFO  util.JvmPauseMonitor (JvmPauseMonitor.java:run(109)) - JvmPauseMonitor-omNode-bootstrap-2: Stopped
2022-02-10 17:16:41,128 [Listener at 127.0.0.1/33429] INFO  ratis.OzoneManagerDoubleBuffer (OzoneManagerDoubleBuffer.java:stop(437)) - Stopping OMDoubleBuffer flush thread
2022-02-10 17:16:41,128 [OMDoubleBufferFlushThread] INFO  ratis.OzoneManagerDoubleBuffer (OzoneManagerDoubleBuffer.java:flushTransactions(356)) - OMDoubleBuffer flush thread OMDoubleBufferFlushThread is interrupted and will exit. OMDoubleBufferFlushThread
2022-02-10 17:16:41,131 [Listener at 127.0.0.1/33429] INFO  utils.BackgroundService (BackgroundService.java:shutdown(132)) - Shutting down service KeyDeletingService
2022-02-10 17:16:41,132 [Listener at 127.0.0.1/33429] INFO  utils.BackgroundService (BackgroundService.java:shutdown(132)) - Shutting down service DirectoryDeletingService
2022-02-10 17:16:41,133 [Listener at 127.0.0.1/33429] INFO  handler.ContextHandler (ContextHandler.java:doStop(1153)) - Stopped o.e.j.w.WebAppContext@4987728a{ozoneManager,/,null,STOPPED}{file:/home/runner/work/ozone/ozone/hadoop-ozone/integration-test/target/test-classes/webapps/ozoneManager}
2022-02-10 17:16:41,134 [Listener at 127.0.0.1/33429] INFO  server.AbstractConnector (AbstractConnector.java:doStop(381)) - Stopped ServerConnector@77bc1803{HTTP/1.1, (http/1.1)}{0.0.0.0:40689}
2022-02-10 17:16:41,134 [Listener at 127.0.0.1/33429] INFO  server.session (HouseKeeper.java:stopScavenging(149)) - node0 Stopped scavenging
2022-02-10 17:16:41,134 [Listener at 127.0.0.1/33429] INFO  handler.ContextHandler (ContextHandler.java:doStop(1153)) - Stopped o.e.j.s.ServletContextHandler@e04ede7{static,/static,file:///home/runner/work/ozone/ozone/hadoop-ozone/integration-test/target/test-classes/webapps/static,STOPPED}
2022-02-10 17:16:41,134 [Listener at 127.0.0.1/33429] INFO  handler.ContextHandler (ContextHandler.java:doStop(1153)) - Stopped o.e.j.s.ServletContextHandler@4a76f100{logs,/logs,file:///home/runner/work/ozone/ozone/hadoop-ozone/integration-test/target/log,STOPPED}
2022-02-10 17:16:41,139 [Listener at 127.0.0.1/33429] INFO  ozone.MiniOzoneHAClusterImpl (MiniOzoneHAClusterImpl.java:stop(316)) - Stopping the StorageContainerManager 0a9802c5-9e82-4a55-ac1b-01a1cb3fb90c
2022-02-10 17:16:41,139 [Listener at 127.0.0.1/33429] INFO  server.StorageContainerManager (StorageContainerManager.java:stop(1390)) - Stopping Container Balancer service.
2022-02-10 17:16:41,139 [Listener at 127.0.0.1/33429] INFO  balancer.ContainerBalancer (ContainerBalancer.java:stop(751)) - Container Balancer is not running.
2022-02-10 17:16:41,139 [Listener at 127.0.0.1/33429] INFO  server.StorageContainerManager (StorageContainerManager.java:stop(1397)) - Stopping Replication Manager Service.
2022-02-10 17:16:41,139 [Listener at 127.0.0.1/33429] INFO  container.ReplicationManager (ReplicationManager.java:stop(357)) - Stopping Replication Monitor Thread.
2022-02-10 17:16:41,140 [Listener at 127.0.0.1/33429] INFO  server.StorageContainerManager (StorageContainerManager.java:stop(1404)) - Stopping the Datanode Admin Monitor.
2022-02-10 17:16:41,140 [Listener at 127.0.0.1/33429] INFO  server.StorageContainerManager (StorageContainerManager.java:stop(1411)) - Stopping Lease Manager of the command watchers
2022-02-10 17:16:41,140 [Listener at 127.0.0.1/33429] INFO  server.StorageContainerManager (StorageContainerManager.java:stop(1418)) - Stopping datanode service RPC server
2022-02-10 17:16:41,140 [Listener at 127.0.0.1/33429] INFO  server.SCMDatanodeProtocolServer (SCMDatanodeProtocolServer.java:stop(390)) - Stopping the RPC server for DataNodes
2022-02-10 17:16:41,140 [Listener at 127.0.0.1/33429] INFO  ipc.Server (Server.java:stop(3414)) - Stopping server on 36035
2022-02-10 17:16:41,147 [IPC Server listener on 36035] INFO  ipc.Server (Server.java:run(1376)) - Stopping IPC Server listener on 36035
2022-02-10 17:16:41,151 [IPC Server Responder] INFO  ipc.Server (Server.java:run(1512)) - Stopping IPC Server Responder
2022-02-10 17:16:41,386 [EndpointStateMachine task thread for /127.0.0.1:36035 - 0 ] WARN  statemachine.EndpointStateMachine (EndpointStateMachine.java:logIfNeeded(236)) - Unable to communicate to SCM server at 127.0.0.1:36035 for past 0 seconds.
java.io.EOFException: End of File Exception between local host is: "fv-az184-768/10.1.0.22"; destination host is: "localhost":36035; : java.io.EOFException; For more details see:  http://wiki.apache.org/hadoop/EOFException
	at sun.reflect.NativeConstructorAccessorImpl.newInstance0(Native Method)
	at sun.reflect.NativeConstructorAccessorImpl.newInstance(NativeConstructorAccessorImpl.java:62)
	at sun.reflect.DelegatingConstructorAccessorImpl.newInstance(DelegatingConstructorAccessorImpl.java:45)
	at java.lang.reflect.Constructor.newInstance(Constructor.java:423)
	at org.apache.hadoop.net.NetUtils.wrapWithMessage(NetUtils.java:913)
	at org.apache.hadoop.net.NetUtils.wrapException(NetUtils.java:862)
	at org.apache.hadoop.ipc.Client.getRpcResponse(Client.java:1577)
	at org.apache.hadoop.ipc.Client.call(Client.java:1519)
	at org.apache.hadoop.ipc.Client.call(Client.java:1416)
	at org.apache.hadoop.ipc.ProtobufRpcEngine$Invoker.invoke(ProtobufRpcEngine.java:236)
	at org.apache.hadoop.ipc.ProtobufRpcEngine$Invoker.invoke(ProtobufRpcEngine.java:123)
	at com.sun.proxy.$Proxy47.submitRequest(Unknown Source)
	at org.apache.hadoop.ozone.protocolPB.StorageContainerDatanodeProtocolClientSideTranslatorPB.submitRequest(StorageContainerDatanodeProtocolClientSideTranslatorPB.java:117)
	at org.apache.hadoop.ozone.protocolPB.StorageContainerDatanodeProtocolClientSideTranslatorPB.sendHeartbeat(StorageContainerDatanodeProtocolClientSideTranslatorPB.java:149)
	at org.apache.hadoop.ozone.container.common.states.endpoint.HeartbeatEndpointTask.call(HeartbeatEndpointTask.java:179)
	at org.apache.hadoop.ozone.container.common.states.endpoint.HeartbeatEndpointTask.call(HeartbeatEndpointTask.java:82)
	at java.util.concurrent.FutureTask.run(FutureTask.java:266)
	at java.util.concurrent.ThreadPoolExecutor.runWorker(ThreadPoolExecutor.java:1149)
	at java.util.concurrent.ThreadPoolExecutor$Worker.run(ThreadPoolExecutor.java:624)
	at java.lang.Thread.run(Thread.java:748)
Caused by: java.io.EOFException
	at java.io.DataInputStream.readInt(DataInputStream.java:392)
	at org.apache.hadoop.ipc.Client$IpcStreams.readResponse(Client.java:1892)
	at org.apache.hadoop.ipc.Client$Connection.receiveRpcResponse(Client.java:1202)
	at org.apache.hadoop.ipc.Client$Connection.run(Client.java:1098)
2022-02-10 17:16:41,472 [EndpointStateMachine task thread for /127.0.0.1:33255 - 0 ] INFO  ipc.Client (Client.java:handleConnectionFailure(977)) - Retrying connect to server: localhost/127.0.0.1:33255. Already tried 8 time(s); retry policy is RetryUpToMaximumCountWithFixedSleep(maxRetries=15, sleepTime=1000 MILLISECONDS)
2022-02-10 17:16:42,436 [EndpointStateMachine task thread for /127.0.0.1:36035 - 0 ] INFO  ipc.Client (Client.java:handleConnectionFailure(977)) - Retrying connect to server: localhost/127.0.0.1:36035. Already tried 0 time(s); retry policy is RetryUpToMaximumCountWithFixedSleep(maxRetries=15, sleepTime=1000 MILLISECONDS)
2022-02-10 17:16:42,472 [EndpointStateMachine task thread for /127.0.0.1:33255 - 0 ] INFO  ipc.Client (Client.java:handleConnectionFailure(977)) - Retrying connect to server: localhost/127.0.0.1:33255. Already tried 9 time(s); retry policy is RetryUpToMaximumCountWithFixedSleep(maxRetries=15, sleepTime=1000 MILLISECONDS)
2022-02-10 17:16:43,436 [EndpointStateMachine task thread for /127.0.0.1:36035 - 0 ] INFO  ipc.Client (Client.java:handleConnectionFailure(977)) - Retrying connect to server: localhost/127.0.0.1:36035. Already tried 1 time(s); retry policy is RetryUpToMaximumCountWithFixedSleep(maxRetries=15, sleepTime=1000 MILLISECONDS)
2022-02-10 17:16:43,473 [EndpointStateMachine task thread for /127.0.0.1:33255 - 0 ] INFO  ipc.Client (Client.java:handleConnectionFailure(977)) - Retrying connect to server: localhost/127.0.0.1:33255. Already tried 10 time(s); retry policy is RetryUpToMaximumCountWithFixedSleep(maxRetries=15, sleepTime=1000 MILLISECONDS)
2022-02-10 17:16:43,562 [SCM Heartbeat Processing Thread - 0] WARN  node.NodeStateManager (NodeStateManager.java:scheduleNextHealthCheck(799)) - Current Thread is interrupted, shutting down HB processing thread for Node Manager.
2022-02-10 17:16:43,564 [Listener at 127.0.0.1/33429] INFO  server.StorageContainerManager (StorageContainerManager.java:stop(1426)) - Stopping block service RPC server
2022-02-10 17:16:43,564 [Listener at 127.0.0.1/33429] INFO  server.SCMBlockProtocolServer (SCMBlockProtocolServer.java:stop(160)) - Stopping the RPC server for Block Protocol
2022-02-10 17:16:43,564 [Listener at 127.0.0.1/33429] INFO  ipc.Server (Server.java:stop(3414)) - Stopping server on 42073
2022-02-10 17:16:43,581 [Listener at 127.0.0.1/33429] INFO  server.StorageContainerManager (StorageContainerManager.java:stop(1433)) - Stopping the StorageContainerLocationProtocol RPC server
2022-02-10 17:16:43,581 [Listener at 127.0.0.1/33429] INFO  server.SCMClientProtocolServer (SCMClientProtocolServer.java:stop(174)) - Stopping the RPC server for Client Protocol
2022-02-10 17:16:43,581 [Listener at 127.0.0.1/33429] INFO  ipc.Server (Server.java:stop(3414)) - Stopping server on 34207
2022-02-10 17:16:43,581 [IPC Server listener on 42073] INFO  ipc.Server (Server.java:run(1376)) - Stopping IPC Server listener on 42073
2022-02-10 17:16:43,582 [IPC Server Responder] INFO  ipc.Server (Server.java:run(1512)) - Stopping IPC Server Responder
2022-02-10 17:16:43,593 [Listener at 127.0.0.1/33429] INFO  server.StorageContainerManager (StorageContainerManager.java:stop(1440)) - Stopping Storage Container Manager HTTP server.
2022-02-10 17:16:43,594 [Listener at 127.0.0.1/33429] INFO  handler.ContextHandler (ContextHandler.java:doStop(1153)) - Stopped o.e.j.w.WebAppContext@5001a22{scm,/,null,STOPPED}{file:/home/runner/work/ozone/ozone/hadoop-ozone/integration-test/target/test-classes/webapps/scm}
2022-02-10 17:16:43,594 [IPC Server Responder] INFO  ipc.Server (Server.java:run(1512)) - Stopping IPC Server Responder
2022-02-10 17:16:43,595 [IPC Server listener on 34207] INFO  ipc.Server (Server.java:run(1376)) - Stopping IPC Server listener on 34207
2022-02-10 17:16:43,598 [Listener at 127.0.0.1/33429] INFO  server.AbstractConnector (AbstractConnector.java:doStop(381)) - Stopped ServerConnector@24fc97b7{HTTP/1.1, (http/1.1)}{0.0.0.0:39171}
2022-02-10 17:16:43,598 [Listener at 127.0.0.1/33429] INFO  server.session (HouseKeeper.java:stopScavenging(149)) - node0 Stopped scavenging
2022-02-10 17:16:43,598 [Listener at 127.0.0.1/33429] INFO  handler.ContextHandler (ContextHandler.java:doStop(1153)) - Stopped o.e.j.s.ServletContextHandler@2715b1dc{static,/static,file:///home/runner/work/ozone/ozone/hadoop-ozone/integration-test/target/test-classes/webapps/static,STOPPED}
2022-02-10 17:16:43,598 [Listener at 127.0.0.1/33429] INFO  handler.ContextHandler (ContextHandler.java:doStop(1153)) - Stopped o.e.j.s.ServletContextHandler@2e9c0534{logs,/logs,file:///home/runner/work/ozone/ozone/hadoop-ozone/integration-test/target/log,STOPPED}
2022-02-10 17:16:43,601 [Listener at 127.0.0.1/33429] INFO  server.StorageContainerManager (StorageContainerManager.java:stop(1451)) - Stopping Block Manager Service.
2022-02-10 17:16:43,602 [Listener at 127.0.0.1/33429] INFO  utils.BackgroundService (BackgroundService.java:shutdown(132)) - Shutting down service SCMBlockDeletingService
2022-02-10 17:16:43,602 [Listener at 127.0.0.1/33429] INFO  utils.BackgroundService (BackgroundService.java:shutdown(132)) - Shutting down service SCMBlockDeletingService
2022-02-10 17:16:43,602 [Listener at 127.0.0.1/33429] INFO  server.StorageContainerManager (StorageContainerManager.java:stop(1478)) - Stopping SCM Event Queue.
2022-02-10 17:16:43,605 [Listener at 127.0.0.1/33429] INFO  server.StorageContainerManager (StorageContainerManager.java:stop(1489)) - Stopping SCM HA services.
2022-02-10 17:16:43,605 [Listener at 127.0.0.1/33429] INFO  ha.SCMRatisServerImpl (SCMRatisServerImpl.java:stop(236)) - stopping ratis server 0.0.0.0:46039
2022-02-10 17:16:43,605 [Listener at 127.0.0.1/33429] INFO  server.RaftServer (RaftServerProxy.java:lambda$close$6(391)) - 0a9802c5-9e82-4a55-ac1b-01a1cb3fb90c: close
2022-02-10 17:16:43,605 [Listener at 127.0.0.1/33429] INFO  server.RaftServer$Division (RaftServerImpl.java:lambda$close$4(412)) - 0a9802c5-9e82-4a55-ac1b-01a1cb3fb90c@group-33E1F333FC0F: shutdown
2022-02-10 17:16:43,605 [Listener at 127.0.0.1/33429] INFO  util.JmxRegister (JmxRegister.java:unregister(73)) - Successfully un-registered JMX Bean with object name Ratis:service=RaftServer,group=group-33E1F333FC0F,id=0a9802c5-9e82-4a55-ac1b-01a1cb3fb90c
2022-02-10 17:16:43,606 [Listener at 127.0.0.1/33429] INFO  impl.RoleInfo (RoleInfo.java:shutdownLeaderState(91)) - 0a9802c5-9e82-4a55-ac1b-01a1cb3fb90c: shutdown 0a9802c5-9e82-4a55-ac1b-01a1cb3fb90c@group-33E1F333FC0F-LeaderStateImpl
2022-02-10 17:16:43,606 [Listener at 127.0.0.1/33429] INFO  impl.PendingRequests (PendingRequests.java:sendNotLeaderResponses(282)) - 0a9802c5-9e82-4a55-ac1b-01a1cb3fb90c@group-33E1F333FC0F-PendingRequests: sendNotLeaderResponses
2022-02-10 17:16:43,606 [Listener at 127.0.0.1/33429] INFO  ha.SCMStateMachine (SCMStateMachine.java:notifyNotLeader(190)) - current leader SCM steps down.
2022-02-10 17:16:43,606 [Listener at 127.0.0.1/33429] INFO  ha.SCMContext (SCMContext.java:updateLeaderAndTerm(90)) - update <isLeader,term> from <true,2> to <false,0>
2022-02-10 17:16:43,606 [Listener at 127.0.0.1/33429] INFO  ha.SCMContext (SCMContext.java:updateLeaderAndTerm(97)) - update <isLeaderReady> from <false> to <false>
2022-02-10 17:16:43,613 [0a9802c5-9e82-4a55-ac1b-01a1cb3fb90c@group-33E1F333FC0F-StateMachineUpdater] INFO  ha.SCMStateMachine (SCMStateMachine.java:takeSnapshot(297)) - Current Snapshot Index 28, takeSnapshot took 0 ms
2022-02-10 17:16:43,613 [0a9802c5-9e82-4a55-ac1b-01a1cb3fb90c@group-33E1F333FC0F-StateMachineUpdater] INFO  impl.StateMachineUpdater (StateMachineUpdater.java:takeSnapshot(281)) - 0a9802c5-9e82-4a55-ac1b-01a1cb3fb90c@group-33E1F333FC0F-StateMachineUpdater: Took a snapshot at index 28
2022-02-10 17:16:43,613 [0a9802c5-9e82-4a55-ac1b-01a1cb3fb90c@group-33E1F333FC0F-StateMachineUpdater] INFO  impl.StateMachineUpdater (StateMachineUpdater.java:lambda$new$0(89)) - 0a9802c5-9e82-4a55-ac1b-01a1cb3fb90c@group-33E1F333FC0F-StateMachineUpdater: snapshotIndex: updateIncreasingly -1 -> 28
2022-02-10 17:16:43,613 [Listener at 127.0.0.1/33429] INFO  impl.StateMachineUpdater (StateMachineUpdater.java:stopAndJoin(149)) - 0a9802c5-9e82-4a55-ac1b-01a1cb3fb90c@group-33E1F333FC0F-StateMachineUpdater: set stopIndex = 28
2022-02-10 17:16:43,613 [Listener at 127.0.0.1/33429] INFO  server.RaftServer$Division (ServerState.java:close(419)) - 0a9802c5-9e82-4a55-ac1b-01a1cb3fb90c@group-33E1F333FC0F: closes. applyIndex: 28
2022-02-10 17:16:43,613 [0a9802c5-9e82-4a55-ac1b-01a1cb3fb90c@group-33E1F333FC0F-SegmentedRaftLogWorker] INFO  segmented.SegmentedRaftLogWorker (SegmentedRaftLogWorker.java:run(327)) - 0a9802c5-9e82-4a55-ac1b-01a1cb3fb90c@group-33E1F333FC0F-SegmentedRaftLogWorker was interrupted, exiting. There are 0 tasks remaining in the queue.
2022-02-10 17:16:43,615 [Listener at 127.0.0.1/33429] INFO  segmented.SegmentedRaftLogWorker (SegmentedRaftLogWorker.java:close(237)) - 0a9802c5-9e82-4a55-ac1b-01a1cb3fb90c@group-33E1F333FC0F-SegmentedRaftLogWorker close()
2022-02-10 17:16:43,616 [Listener at 127.0.0.1/33429] INFO  server.GrpcService (GrpcService.java:closeImpl(262)) - 0a9802c5-9e82-4a55-ac1b-01a1cb3fb90c: shutdown server with port 46039 now
2022-02-10 17:16:43,617 [Listener at 127.0.0.1/33429] INFO  server.GrpcService (GrpcService.java:closeImpl(271)) - 0a9802c5-9e82-4a55-ac1b-01a1cb3fb90c: shutdown server with port 46039 successfully
2022-02-10 17:16:43,627 [org.apache.ratis.util.JvmPauseMonitor$$Lambda$435/2121963301@7a24ea5b] INFO  util.JvmPauseMonitor (JvmPauseMonitor.java:run(109)) - JvmPauseMonitor-0a9802c5-9e82-4a55-ac1b-01a1cb3fb90c: Stopped
2022-02-10 17:16:43,631 [Listener at 127.0.0.1/33429] INFO  pipeline.BackgroundPipelineCreator (BackgroundPipelineCreator.java:stop(158)) - Stopping RatisPipelineUtilsThread.
2022-02-10 17:16:43,631 [Listener at 127.0.0.1/33429] INFO  server.StorageContainerManager (StorageContainerManager.java:stop(1499)) - Stopping SCM MetadataStore.
2022-02-10 17:16:43,632 [Listener at 127.0.0.1/33429] INFO  impl.MetricsSystemImpl (MetricsSystemImpl.java:stop(210)) - Stopping OzoneManager metrics system...
2022-02-10 17:16:43,643 [prometheus] INFO  impl.MetricsSinkAdapter (MetricsSinkAdapter.java:publishMetricsFromQueue(141)) - prometheus thread interrupted.
2022-02-10 17:16:43,643 [Listener at 127.0.0.1/33429] INFO  impl.MetricsSystemImpl (MetricsSystemImpl.java:stop(216)) - OzoneManager metrics system stopped.
2022-02-10 17:16:43,643 [Listener at 127.0.0.1/33429] INFO  ozone.MiniOzoneClusterImpl (MiniOzoneClusterImpl.java:stop(452)) - Stopping the Mini Ozone Cluster
2022-02-10 17:16:43,643 [Listener at 127.0.0.1/33429] INFO  ozone.MiniOzoneClusterImpl (MiniOzoneClusterImpl.java:stopDatanodes(511)) - Stopping the HddsDatanodes
2022-02-10 17:16:43,694 [d1437619-3fac-44a6-ae3d-075107d274e3@group-38D07942653A-FollowerState] INFO  impl.FollowerState (FollowerState.java:run(134)) - d1437619-3fac-44a6-ae3d-075107d274e3@group-38D07942653A-FollowerState: change to CANDIDATE, lastRpcElapsedTime:5028219743ns, electionTimeout:5002ms
2022-02-10 17:16:43,694 [d1437619-3fac-44a6-ae3d-075107d274e3@group-38D07942653A-FollowerState] INFO  impl.RoleInfo (RoleInfo.java:shutdownFollowerState(108)) - d1437619-3fac-44a6-ae3d-075107d274e3: shutdown d1437619-3fac-44a6-ae3d-075107d274e3@group-38D07942653A-FollowerState
2022-02-10 17:16:43,694 [d1437619-3fac-44a6-ae3d-075107d274e3@group-38D07942653A-FollowerState] INFO  server.RaftServer$Division (RaftServerImpl.java:setRole(290)) - d1437619-3fac-44a6-ae3d-075107d274e3@group-38D07942653A: changes role from  FOLLOWER to CANDIDATE at term 2 for changeToCandidate
2022-02-10 17:16:43,694 [d1437619-3fac-44a6-ae3d-075107d274e3@group-38D07942653A-FollowerState] INFO  server.RaftServerConfigKeys (ConfUtils.java:logGet(44)) - raft.server.leaderelection.pre-vote = false (custom)
2022-02-10 17:16:43,694 [d1437619-3fac-44a6-ae3d-075107d274e3@group-38D07942653A-FollowerState] INFO  impl.RoleInfo (RoleInfo.java:updateAndGet(130)) - d1437619-3fac-44a6-ae3d-075107d274e3: start d1437619-3fac-44a6-ae3d-075107d274e3@group-38D07942653A-LeaderElection29
2022-02-10 17:16:43,705 [d1437619-3fac-44a6-ae3d-075107d274e3@group-38D07942653A-LeaderElection29] INFO  impl.LeaderElection (LeaderElection.java:askForVotes(306)) - d1437619-3fac-44a6-ae3d-075107d274e3@group-38D07942653A-LeaderElection29 ELECTION round 0: submit vote requests at term 3 for -1: [f6245613-14ba-4d4d-b898-c08ac71d98ac|rpc:127.0.0.1:38519|priority:1, d1437619-3fac-44a6-ae3d-075107d274e3|rpc:127.0.0.1:41341|priority:0, 61d42259-4cfd-40d6-918e-44f81e16f570|rpc:127.0.0.1:33511|priority:0], old=null
2022-02-10 17:16:43,712 [61d42259-4cfd-40d6-918e-44f81e16f570@group-38D07942653A-FollowerState] INFO  impl.FollowerState (FollowerState.java:run(134)) - 61d42259-4cfd-40d6-918e-44f81e16f570@group-38D07942653A-FollowerState: change to CANDIDATE, lastRpcElapsedTime:5023444338ns, electionTimeout:5020ms
2022-02-10 17:16:43,712 [61d42259-4cfd-40d6-918e-44f81e16f570@group-38D07942653A-FollowerState] INFO  impl.RoleInfo (RoleInfo.java:shutdownFollowerState(108)) - 61d42259-4cfd-40d6-918e-44f81e16f570: shutdown 61d42259-4cfd-40d6-918e-44f81e16f570@group-38D07942653A-FollowerState
2022-02-10 17:16:43,712 [61d42259-4cfd-40d6-918e-44f81e16f570@group-38D07942653A-FollowerState] INFO  server.RaftServer$Division (RaftServerImpl.java:setRole(290)) - 61d42259-4cfd-40d6-918e-44f81e16f570@group-38D07942653A: changes role from  FOLLOWER to CANDIDATE at term 2 for changeToCandidate
2022-02-10 17:16:43,712 [61d42259-4cfd-40d6-918e-44f81e16f570@group-38D07942653A-FollowerState] INFO  server.RaftServerConfigKeys (ConfUtils.java:logGet(44)) - raft.server.leaderelection.pre-vote = false (custom)
2022-02-10 17:16:43,712 [61d42259-4cfd-40d6-918e-44f81e16f570@group-38D07942653A-FollowerState] INFO  impl.RoleInfo (RoleInfo.java:updateAndGet(130)) - 61d42259-4cfd-40d6-918e-44f81e16f570: start 61d42259-4cfd-40d6-918e-44f81e16f570@group-38D07942653A-LeaderElection30
2022-02-10 17:16:43,723 [grpc-default-executor-1] INFO  server.RaftServer$Division (RaftServerImpl.java:requestVote(1046)) - f6245613-14ba-4d4d-b898-c08ac71d98ac@group-38D07942653A: receive requestVote(ELECTION, d1437619-3fac-44a6-ae3d-075107d274e3, group-38D07942653A, 3, (t:0, i:0))
2022-02-10 17:16:43,723 [grpc-default-executor-1] INFO  impl.VoteContext (VoteContext.java:log(48)) - f6245613-14ba-4d4d-b898-c08ac71d98ac@group-38D07942653A-FOLLOWER: reject ELECTION from d1437619-3fac-44a6-ae3d-075107d274e3: our priority 1 > candidate's priority 0
2022-02-10 17:16:43,723 [grpc-default-executor-1] INFO  server.RaftServer$Division (RaftServerImpl.java:setRole(290)) - f6245613-14ba-4d4d-b898-c08ac71d98ac@group-38D07942653A: changes role from  FOLLOWER to FOLLOWER at term 3 for candidate:d1437619-3fac-44a6-ae3d-075107d274e3
2022-02-10 17:16:43,723 [grpc-default-executor-1] INFO  impl.RoleInfo (RoleInfo.java:shutdownFollowerState(108)) - f6245613-14ba-4d4d-b898-c08ac71d98ac: shutdown f6245613-14ba-4d4d-b898-c08ac71d98ac@group-38D07942653A-FollowerState
2022-02-10 17:16:43,723 [grpc-default-executor-1] INFO  impl.RoleInfo (RoleInfo.java:updateAndGet(130)) - f6245613-14ba-4d4d-b898-c08ac71d98ac: start f6245613-14ba-4d4d-b898-c08ac71d98ac@group-38D07942653A-FollowerState
2022-02-10 17:16:43,723 [f6245613-14ba-4d4d-b898-c08ac71d98ac@group-38D07942653A-FollowerState] INFO  impl.FollowerState (FollowerState.java:run(143)) - f6245613-14ba-4d4d-b898-c08ac71d98ac@group-38D07942653A-FollowerState was interrupted: {}
java.lang.InterruptedException: sleep interrupted
	at java.lang.Thread.sleep(Native Method)
	at java.lang.Thread.sleep(Thread.java:340)
	at java.util.concurrent.TimeUnit.sleep(TimeUnit.java:386)
	at org.apache.ratis.util.TimeDuration.sleep(TimeDuration.java:324)
	at org.apache.ratis.util.TimeDuration.sleep(TimeDuration.java:309)
	at org.apache.ratis.server.impl.FollowerState.run(FollowerState.java:118)
2022-02-10 17:16:43,727 [61d42259-4cfd-40d6-918e-44f81e16f570@group-38D07942653A-LeaderElection30] INFO  impl.LeaderElection (LeaderElection.java:askForVotes(306)) - 61d42259-4cfd-40d6-918e-44f81e16f570@group-38D07942653A-LeaderElection30 ELECTION round 0: submit vote requests at term 3 for -1: [f6245613-14ba-4d4d-b898-c08ac71d98ac|rpc:127.0.0.1:38519|dataStream:|priority:1, d1437619-3fac-44a6-ae3d-075107d274e3|rpc:127.0.0.1:41341|dataStream:|priority:0, 61d42259-4cfd-40d6-918e-44f81e16f570|rpc:127.0.0.1:33511|dataStream:|priority:0], old=null
2022-02-10 17:16:43,736 [grpc-default-executor-1] INFO  server.RaftServer$Division (RaftServerImpl.java:requestVote(1078)) - f6245613-14ba-4d4d-b898-c08ac71d98ac@group-38D07942653A replies to ELECTION vote request: d1437619-3fac-44a6-ae3d-075107d274e3<-f6245613-14ba-4d4d-b898-c08ac71d98ac#0:FAIL-t3. Peer's state: f6245613-14ba-4d4d-b898-c08ac71d98ac@group-38D07942653A:t3, leader=null, voted=null, raftlog=f6245613-14ba-4d4d-b898-c08ac71d98ac@group-38D07942653A-SegmentedRaftLog:OPENED:c-1, conf=-1: [f6245613-14ba-4d4d-b898-c08ac71d98ac|rpc:127.0.0.1:38519|dataStream:|priority:1, d1437619-3fac-44a6-ae3d-075107d274e3|rpc:127.0.0.1:41341|dataStream:|priority:0, 61d42259-4cfd-40d6-918e-44f81e16f570|rpc:127.0.0.1:33511|dataStream:|priority:0], old=null
2022-02-10 17:16:43,744 [grpc-default-executor-2] INFO  server.RaftServer$Division (RaftServerImpl.java:requestVote(1046)) - 61d42259-4cfd-40d6-918e-44f81e16f570@group-38D07942653A: receive requestVote(ELECTION, d1437619-3fac-44a6-ae3d-075107d274e3, group-38D07942653A, 3, (t:0, i:0))
2022-02-10 17:16:43,744 [grpc-default-executor-2] INFO  impl.VoteContext (VoteContext.java:log(48)) - 61d42259-4cfd-40d6-918e-44f81e16f570@group-38D07942653A-CANDIDATE: reject ELECTION from d1437619-3fac-44a6-ae3d-075107d274e3: already has voted for 61d42259-4cfd-40d6-918e-44f81e16f570 at current term 3
2022-02-10 17:16:43,744 [grpc-default-executor-2] INFO  server.RaftServer$Division (RaftServerImpl.java:requestVote(1078)) - 61d42259-4cfd-40d6-918e-44f81e16f570@group-38D07942653A replies to ELECTION vote request: d1437619-3fac-44a6-ae3d-075107d274e3<-61d42259-4cfd-40d6-918e-44f81e16f570#0:FAIL-t3. Peer's state: 61d42259-4cfd-40d6-918e-44f81e16f570@group-38D07942653A:t3, leader=null, voted=61d42259-4cfd-40d6-918e-44f81e16f570, raftlog=61d42259-4cfd-40d6-918e-44f81e16f570@group-38D07942653A-SegmentedRaftLog:OPENED:c-1, conf=-1: [f6245613-14ba-4d4d-b898-c08ac71d98ac|rpc:127.0.0.1:38519|dataStream:|priority:1, d1437619-3fac-44a6-ae3d-075107d274e3|rpc:127.0.0.1:41341|dataStream:|priority:0, 61d42259-4cfd-40d6-918e-44f81e16f570|rpc:127.0.0.1:33511|dataStream:|priority:0], old=null
2022-02-10 17:16:43,747 [grpc-default-executor-2] INFO  server.RaftServer$Division (RaftServerImpl.java:requestVote(1046)) - f6245613-14ba-4d4d-b898-c08ac71d98ac@group-38D07942653A: receive requestVote(ELECTION, 61d42259-4cfd-40d6-918e-44f81e16f570, group-38D07942653A, 3, (t:0, i:0))
2022-02-10 17:16:43,747 [grpc-default-executor-2] INFO  impl.VoteContext (VoteContext.java:log(48)) - f6245613-14ba-4d4d-b898-c08ac71d98ac@group-38D07942653A-FOLLOWER: reject ELECTION from 61d42259-4cfd-40d6-918e-44f81e16f570: our priority 1 > candidate's priority 0
2022-02-10 17:16:43,748 [grpc-default-executor-2] INFO  server.RaftServer$Division (RaftServerImpl.java:setRole(290)) - f6245613-14ba-4d4d-b898-c08ac71d98ac@group-38D07942653A: changes role from  FOLLOWER to FOLLOWER at term 3 for candidate:61d42259-4cfd-40d6-918e-44f81e16f570
2022-02-10 17:16:43,748 [grpc-default-executor-2] INFO  impl.RoleInfo (RoleInfo.java:shutdownFollowerState(108)) - f6245613-14ba-4d4d-b898-c08ac71d98ac: shutdown f6245613-14ba-4d4d-b898-c08ac71d98ac@group-38D07942653A-FollowerState
2022-02-10 17:16:43,748 [grpc-default-executor-2] INFO  impl.RoleInfo (RoleInfo.java:updateAndGet(130)) - f6245613-14ba-4d4d-b898-c08ac71d98ac: start f6245613-14ba-4d4d-b898-c08ac71d98ac@group-38D07942653A-FollowerState
2022-02-10 17:16:43,748 [f6245613-14ba-4d4d-b898-c08ac71d98ac@group-38D07942653A-FollowerState] INFO  impl.FollowerState (FollowerState.java:run(143)) - f6245613-14ba-4d4d-b898-c08ac71d98ac@group-38D07942653A-FollowerState was interrupted: {}
java.lang.InterruptedException: sleep interrupted
	at java.lang.Thread.sleep(Native Method)
	at java.lang.Thread.sleep(Thread.java:340)
	at java.util.concurrent.TimeUnit.sleep(TimeUnit.java:386)
	at org.apache.ratis.util.TimeDuration.sleep(TimeDuration.java:324)
	at org.apache.ratis.util.TimeDuration.sleep(TimeDuration.java:309)
	at org.apache.ratis.server.impl.FollowerState.run(FollowerState.java:118)
2022-02-10 17:16:43,748 [grpc-default-executor-2] INFO  server.RaftServer$Division (RaftServerImpl.java:requestVote(1078)) - f6245613-14ba-4d4d-b898-c08ac71d98ac@group-38D07942653A replies to ELECTION vote request: 61d42259-4cfd-40d6-918e-44f81e16f570<-f6245613-14ba-4d4d-b898-c08ac71d98ac#0:FAIL-t3. Peer's state: f6245613-14ba-4d4d-b898-c08ac71d98ac@group-38D07942653A:t3, leader=null, voted=null, raftlog=f6245613-14ba-4d4d-b898-c08ac71d98ac@group-38D07942653A-SegmentedRaftLog:OPENED:c-1, conf=-1: [f6245613-14ba-4d4d-b898-c08ac71d98ac|rpc:127.0.0.1:38519|dataStream:|priority:1, d1437619-3fac-44a6-ae3d-075107d274e3|rpc:127.0.0.1:41341|dataStream:|priority:0, 61d42259-4cfd-40d6-918e-44f81e16f570|rpc:127.0.0.1:33511|dataStream:|priority:0], old=null
2022-02-10 17:16:43,752 [d1437619-3fac-44a6-ae3d-075107d274e3@group-38D07942653A-LeaderElection29] INFO  impl.LeaderElection (LeaderElection.java:logAndReturn(89)) - d1437619-3fac-44a6-ae3d-075107d274e3@group-38D07942653A-LeaderElection29: ELECTION REJECTED received 2 response(s) and 0 exception(s):
2022-02-10 17:16:43,752 [d1437619-3fac-44a6-ae3d-075107d274e3@group-38D07942653A-LeaderElection29] INFO  impl.LeaderElection (LeaderElection.java:logAndReturn(93)) -   Response 0: d1437619-3fac-44a6-ae3d-075107d274e3<-f6245613-14ba-4d4d-b898-c08ac71d98ac#0:FAIL-t3
2022-02-10 17:16:43,752 [d1437619-3fac-44a6-ae3d-075107d274e3@group-38D07942653A-LeaderElection29] INFO  impl.LeaderElection (LeaderElection.java:logAndReturn(93)) -   Response 1: d1437619-3fac-44a6-ae3d-075107d274e3<-61d42259-4cfd-40d6-918e-44f81e16f570#0:FAIL-t3
2022-02-10 17:16:43,752 [d1437619-3fac-44a6-ae3d-075107d274e3@group-38D07942653A-LeaderElection29] INFO  impl.LeaderElection (LeaderElection.java:askForVotes(308)) - d1437619-3fac-44a6-ae3d-075107d274e3@group-38D07942653A-LeaderElection29 ELECTION round 0: result REJECTED
2022-02-10 17:16:43,752 [d1437619-3fac-44a6-ae3d-075107d274e3@group-38D07942653A-LeaderElection29] INFO  server.RaftServer$Division (RaftServerImpl.java:setRole(290)) - d1437619-3fac-44a6-ae3d-075107d274e3@group-38D07942653A: changes role from CANDIDATE to FOLLOWER at term 3 for REJECTED
2022-02-10 17:16:43,752 [d1437619-3fac-44a6-ae3d-075107d274e3@group-38D07942653A-LeaderElection29] INFO  impl.RoleInfo (RoleInfo.java:shutdownLeaderElection(121)) - d1437619-3fac-44a6-ae3d-075107d274e3: shutdown d1437619-3fac-44a6-ae3d-075107d274e3@group-38D07942653A-LeaderElection29
2022-02-10 17:16:43,752 [d1437619-3fac-44a6-ae3d-075107d274e3@group-38D07942653A-LeaderElection29] INFO  impl.RoleInfo (RoleInfo.java:updateAndGet(130)) - d1437619-3fac-44a6-ae3d-075107d274e3: start d1437619-3fac-44a6-ae3d-075107d274e3@group-38D07942653A-FollowerState
2022-02-10 17:16:43,762 [grpc-default-executor-2] INFO  server.RaftServer$Division (RaftServerImpl.java:requestVote(1046)) - d1437619-3fac-44a6-ae3d-075107d274e3@group-38D07942653A: receive requestVote(ELECTION, 61d42259-4cfd-40d6-918e-44f81e16f570, group-38D07942653A, 3, (t:0, i:0))
2022-02-10 17:16:43,763 [grpc-default-executor-2] INFO  impl.VoteContext (VoteContext.java:log(48)) - d1437619-3fac-44a6-ae3d-075107d274e3@group-38D07942653A-FOLLOWER: reject ELECTION from 61d42259-4cfd-40d6-918e-44f81e16f570: already has voted for d1437619-3fac-44a6-ae3d-075107d274e3 at current term 3
2022-02-10 17:16:43,763 [grpc-default-executor-2] INFO  server.RaftServer$Division (RaftServerImpl.java:requestVote(1078)) - d1437619-3fac-44a6-ae3d-075107d274e3@group-38D07942653A replies to ELECTION vote request: 61d42259-4cfd-40d6-918e-44f81e16f570<-d1437619-3fac-44a6-ae3d-075107d274e3#0:FAIL-t3. Peer's state: d1437619-3fac-44a6-ae3d-075107d274e3@group-38D07942653A:t3, leader=null, voted=d1437619-3fac-44a6-ae3d-075107d274e3, raftlog=d1437619-3fac-44a6-ae3d-075107d274e3@group-38D07942653A-SegmentedRaftLog:OPENED:c-1, conf=-1: [f6245613-14ba-4d4d-b898-c08ac71d98ac|rpc:127.0.0.1:38519|priority:1, d1437619-3fac-44a6-ae3d-075107d274e3|rpc:127.0.0.1:41341|priority:0, 61d42259-4cfd-40d6-918e-44f81e16f570|rpc:127.0.0.1:33511|priority:0], old=null
2022-02-10 17:16:43,763 [61d42259-4cfd-40d6-918e-44f81e16f570@group-38D07942653A-LeaderElection30] INFO  impl.LeaderElection (LeaderElection.java:logAndReturn(89)) - 61d42259-4cfd-40d6-918e-44f81e16f570@group-38D07942653A-LeaderElection30: ELECTION REJECTED received 1 response(s) and 0 exception(s):
2022-02-10 17:16:43,763 [61d42259-4cfd-40d6-918e-44f81e16f570@group-38D07942653A-LeaderElection30] INFO  impl.LeaderElection (LeaderElection.java:logAndReturn(93)) -   Response 0: 61d42259-4cfd-40d6-918e-44f81e16f570<-f6245613-14ba-4d4d-b898-c08ac71d98ac#0:FAIL-t3
2022-02-10 17:16:43,763 [61d42259-4cfd-40d6-918e-44f81e16f570@group-38D07942653A-LeaderElection30] INFO  impl.LeaderElection (LeaderElection.java:askForVotes(308)) - 61d42259-4cfd-40d6-918e-44f81e16f570@group-38D07942653A-LeaderElection30 ELECTION round 0: result REJECTED
2022-02-10 17:16:43,763 [61d42259-4cfd-40d6-918e-44f81e16f570@group-38D07942653A-LeaderElection30] INFO  server.RaftServer$Division (RaftServerImpl.java:setRole(290)) - 61d42259-4cfd-40d6-918e-44f81e16f570@group-38D07942653A: changes role from CANDIDATE to FOLLOWER at term 3 for REJECTED
2022-02-10 17:16:43,763 [61d42259-4cfd-40d6-918e-44f81e16f570@group-38D07942653A-LeaderElection30] INFO  impl.RoleInfo (RoleInfo.java:shutdownLeaderElection(121)) - 61d42259-4cfd-40d6-918e-44f81e16f570: shutdown 61d42259-4cfd-40d6-918e-44f81e16f570@group-38D07942653A-LeaderElection30
2022-02-10 17:16:43,763 [61d42259-4cfd-40d6-918e-44f81e16f570@group-38D07942653A-LeaderElection30] INFO  impl.RoleInfo (RoleInfo.java:updateAndGet(130)) - 61d42259-4cfd-40d6-918e-44f81e16f570: start 61d42259-4cfd-40d6-918e-44f81e16f570@group-38D07942653A-FollowerState
2022-02-10 17:16:44,016 [Datanode State Machine Daemon Thread] ERROR datanode.RunningDatanodeState (RunningDatanodeState.java:computeNextContainerState(199)) - Error in executing end point task.
java.util.concurrent.ExecutionException: java.util.concurrent.TimeoutException
	at java.util.concurrent.FutureTask.report(FutureTask.java:122)
	at java.util.concurrent.FutureTask.get(FutureTask.java:192)
	at org.apache.hadoop.ozone.container.common.states.datanode.RunningDatanodeState.computeNextContainerState(RunningDatanodeState.java:191)
	at org.apache.hadoop.ozone.container.common.states.datanode.RunningDatanodeState.await(RunningDatanodeState.java:231)
	at org.apache.hadoop.ozone.container.common.states.datanode.RunningDatanodeState.await(RunningDatanodeState.java:50)
	at org.apache.hadoop.ozone.container.common.statemachine.StateContext.execute(StateContext.java:633)
	at org.apache.hadoop.ozone.container.common.statemachine.DatanodeStateMachine.start(DatanodeStateMachine.java:283)
	at org.apache.hadoop.ozone.container.common.statemachine.DatanodeStateMachine.lambda$startDaemon$0(DatanodeStateMachine.java:471)
	at java.lang.Thread.run(Thread.java:748)
Caused by: java.util.concurrent.TimeoutException
	at java.util.concurrent.FutureTask.get(FutureTask.java:205)
	at org.apache.hadoop.ozone.container.common.states.datanode.RunningDatanodeState.lambda$execute$0(RunningDatanodeState.java:149)
	at java.util.concurrent.FutureTask.run(FutureTask.java:266)
	at java.util.concurrent.Executors$RunnableAdapter.call(Executors.java:511)
	at java.util.concurrent.FutureTask.run(FutureTask.java:266)
	at java.util.concurrent.ThreadPoolExecutor.runWorker(ThreadPoolExecutor.java:1149)
	at java.util.concurrent.ThreadPoolExecutor$Worker.run(ThreadPoolExecutor.java:624)
	... 1 more
2022-02-10 17:16:44,389 [Datanode State Machine Daemon Thread] WARN  statemachine.StateContext (StateContext.java:setState(249)) - Ignore disallowed transition from SHUTDOWN to RUNNING
2022-02-10 17:16:44,436 [Datanode State Machine Daemon Thread] WARN  statemachine.StateContext (StateContext.java:setState(249)) - Ignore disallowed transition from SHUTDOWN to RUNNING
2022-02-10 17:16:44,439 [EndpointStateMachine task thread for /127.0.0.1:36035 - 0 ] INFO  ipc.Client (Client.java:handleConnectionFailure(977)) - Retrying connect to server: localhost/127.0.0.1:36035. Already tried 2 time(s); retry policy is RetryUpToMaximumCountWithFixedSleep(maxRetries=15, sleepTime=1000 MILLISECONDS)
2022-02-10 17:16:44,474 [EndpointStateMachine task thread for /127.0.0.1:33255 - 0 ] INFO  ipc.Client (Client.java:handleConnectionFailure(977)) - Retrying connect to server: localhost/127.0.0.1:33255. Already tried 11 time(s); retry policy is RetryUpToMaximumCountWithFixedSleep(maxRetries=15, sleepTime=1000 MILLISECONDS)
2022-02-10 17:16:45,439 [EndpointStateMachine task thread for /127.0.0.1:36035 - 0 ] INFO  ipc.Client (Client.java:handleConnectionFailure(977)) - Retrying connect to server: localhost/127.0.0.1:36035. Already tried 3 time(s); retry policy is RetryUpToMaximumCountWithFixedSleep(maxRetries=15, sleepTime=1000 MILLISECONDS)
2022-02-10 17:16:45,483 [EndpointStateMachine task thread for /127.0.0.1:33255 - 0 ] INFO  ipc.Client (Client.java:handleConnectionFailure(977)) - Retrying connect to server: localhost/127.0.0.1:33255. Already tried 12 time(s); retry policy is RetryUpToMaximumCountWithFixedSleep(maxRetries=15, sleepTime=1000 MILLISECONDS)
2022-02-10 17:16:46,440 [EndpointStateMachine task thread for /127.0.0.1:36035 - 0 ] INFO  ipc.Client (Client.java:handleConnectionFailure(977)) - Retrying connect to server: localhost/127.0.0.1:36035. Already tried 4 time(s); retry policy is RetryUpToMaximumCountWithFixedSleep(maxRetries=15, sleepTime=1000 MILLISECONDS)
2022-02-10 17:16:46,483 [EndpointStateMachine task thread for /127.0.0.1:33255 - 0 ] INFO  ipc.Client (Client.java:handleConnectionFailure(977)) - Retrying connect to server: localhost/127.0.0.1:33255. Already tried 13 time(s); retry policy is RetryUpToMaximumCountWithFixedSleep(maxRetries=15, sleepTime=1000 MILLISECONDS)
2022-02-10 17:16:47,441 [EndpointStateMachine task thread for /127.0.0.1:36035 - 0 ] INFO  ipc.Client (Client.java:handleConnectionFailure(977)) - Retrying connect to server: localhost/127.0.0.1:36035. Already tried 5 time(s); retry policy is RetryUpToMaximumCountWithFixedSleep(maxRetries=15, sleepTime=1000 MILLISECONDS)
2022-02-10 17:16:47,484 [EndpointStateMachine task thread for /127.0.0.1:33255 - 0 ] INFO  ipc.Client (Client.java:handleConnectionFailure(977)) - Retrying connect to server: localhost/127.0.0.1:33255. Already tried 14 time(s); retry policy is RetryUpToMaximumCountWithFixedSleep(maxRetries=15, sleepTime=1000 MILLISECONDS)
2022-02-10 17:16:48,442 [EndpointStateMachine task thread for /127.0.0.1:36035 - 0 ] INFO  ipc.Client (Client.java:handleConnectionFailure(977)) - Retrying connect to server: localhost/127.0.0.1:36035. Already tried 6 time(s); retry policy is RetryUpToMaximumCountWithFixedSleep(maxRetries=15, sleepTime=1000 MILLISECONDS)
2022-02-10 17:16:48,485 [EndpointStateMachine task thread for /127.0.0.1:33255 - 0 ] INFO  ipc.Client (Client.java:handleConnectionFailure(977)) - Retrying connect to server: localhost/127.0.0.1:33255. Already tried 0 time(s); retry policy is RetryUpToMaximumCountWithFixedSleep(maxRetries=15, sleepTime=1000 MILLISECONDS)
2022-02-10 17:16:48,649 [Listener at 127.0.0.1/33429] INFO  ozoneimpl.OzoneContainer (OzoneContainer.java:stop(336)) - Attempting to stop container services.
2022-02-10 17:16:48,649 [ForkJoinPool.commonPool-worker-0] INFO  ozoneimpl.OzoneContainer (OzoneContainer.java:stop(336)) - Attempting to stop container services.
2022-02-10 17:16:48,650 [Listener at 127.0.0.1/33429] INFO  server.RaftServer (RaftServerProxy.java:lambda$close$6(391)) - f6245613-14ba-4d4d-b898-c08ac71d98ac: close
2022-02-10 17:16:48,650 [Listener at 127.0.0.1/33429] INFO  server.RaftServer$Division (RaftServerImpl.java:lambda$close$4(412)) - f6245613-14ba-4d4d-b898-c08ac71d98ac@group-C8B3B1DBEC7A: shutdown
2022-02-10 17:16:48,650 [Listener at 127.0.0.1/33429] INFO  util.JmxRegister (JmxRegister.java:unregister(73)) - Successfully un-registered JMX Bean with object name Ratis:service=RaftServer,group=group-C8B3B1DBEC7A,id=f6245613-14ba-4d4d-b898-c08ac71d98ac
2022-02-10 17:16:48,650 [Listener at 127.0.0.1/33429] INFO  impl.RoleInfo (RoleInfo.java:shutdownLeaderState(91)) - f6245613-14ba-4d4d-b898-c08ac71d98ac: shutdown f6245613-14ba-4d4d-b898-c08ac71d98ac@group-C8B3B1DBEC7A-LeaderStateImpl
2022-02-10 17:16:48,650 [Listener at 127.0.0.1/33429] INFO  impl.PendingRequests (PendingRequests.java:sendNotLeaderResponses(282)) - f6245613-14ba-4d4d-b898-c08ac71d98ac@group-C8B3B1DBEC7A-PendingRequests: sendNotLeaderResponses
2022-02-10 17:16:48,653 [f6245613-14ba-4d4d-b898-c08ac71d98ac@group-C8B3B1DBEC7A-StateMachineUpdater] INFO  ratis.ContainerStateMachine (ContainerStateMachine.java:takeSnapshot(299)) - group-C8B3B1DBEC7A: Taking a snapshot at:(t:1, i:3) file /home/runner/work/ozone/ozone/hadoop-ozone/integration-test/target/test-dir/MiniOzoneClusterImpl-adca7f43-f686-4ef5-81ed-33e1f333fc0f/datanode-1/data/ratis/a88855d8-2b14-4932-aa55-c8b3b1dbec7a/sm/snapshot.1_3
2022-02-10 17:16:48,653 [Listener at 127.0.0.1/33429] INFO  impl.StateMachineUpdater (StateMachineUpdater.java:stopAndJoin(149)) - f6245613-14ba-4d4d-b898-c08ac71d98ac@group-C8B3B1DBEC7A-StateMachineUpdater: set stopIndex = 3
2022-02-10 17:16:48,663 [f6245613-14ba-4d4d-b898-c08ac71d98ac@group-C8B3B1DBEC7A-StateMachineUpdater] INFO  ratis.ContainerStateMachine (ContainerStateMachine.java:takeSnapshot(310)) - group-C8B3B1DBEC7A: Finished taking a snapshot at:(t:1, i:3) file:/home/runner/work/ozone/ozone/hadoop-ozone/integration-test/target/test-dir/MiniOzoneClusterImpl-adca7f43-f686-4ef5-81ed-33e1f333fc0f/datanode-1/data/ratis/a88855d8-2b14-4932-aa55-c8b3b1dbec7a/sm/snapshot.1_3 took: 11 ms
2022-02-10 17:16:48,664 [f6245613-14ba-4d4d-b898-c08ac71d98ac@group-C8B3B1DBEC7A-StateMachineUpdater] INFO  impl.StateMachineUpdater (StateMachineUpdater.java:takeSnapshot(281)) - f6245613-14ba-4d4d-b898-c08ac71d98ac@group-C8B3B1DBEC7A-StateMachineUpdater: Took a snapshot at index 3
2022-02-10 17:16:48,664 [f6245613-14ba-4d4d-b898-c08ac71d98ac@group-C8B3B1DBEC7A-StateMachineUpdater] INFO  impl.StateMachineUpdater (StateMachineUpdater.java:lambda$new$0(89)) - f6245613-14ba-4d4d-b898-c08ac71d98ac@group-C8B3B1DBEC7A-StateMachineUpdater: snapshotIndex: updateIncreasingly -1 -> 3
2022-02-10 17:16:48,663 [ForkJoinPool.commonPool-worker-0] INFO  server.RaftServer (RaftServerProxy.java:lambda$close$6(391)) - d1437619-3fac-44a6-ae3d-075107d274e3: close
2022-02-10 17:16:48,664 [ForkJoinPool.commonPool-worker-0] INFO  server.RaftServer$Division (RaftServerImpl.java:lambda$close$4(412)) - d1437619-3fac-44a6-ae3d-075107d274e3@group-22024095878F: shutdown
2022-02-10 17:16:48,664 [ForkJoinPool.commonPool-worker-0] INFO  util.JmxRegister (JmxRegister.java:unregister(73)) - Successfully un-registered JMX Bean with object name Ratis:service=RaftServer,group=group-22024095878F,id=d1437619-3fac-44a6-ae3d-075107d274e3
2022-02-10 17:16:48,664 [ForkJoinPool.commonPool-worker-0] INFO  impl.RoleInfo (RoleInfo.java:shutdownLeaderState(91)) - d1437619-3fac-44a6-ae3d-075107d274e3: shutdown d1437619-3fac-44a6-ae3d-075107d274e3@group-22024095878F-LeaderStateImpl
2022-02-10 17:16:48,664 [ForkJoinPool.commonPool-worker-0] INFO  impl.PendingRequests (PendingRequests.java:sendNotLeaderResponses(282)) - d1437619-3fac-44a6-ae3d-075107d274e3@group-22024095878F-PendingRequests: sendNotLeaderResponses
2022-02-10 17:16:48,665 [ForkJoinPool.commonPool-worker-0] INFO  impl.StateMachineUpdater (StateMachineUpdater.java:stopAndJoin(149)) - d1437619-3fac-44a6-ae3d-075107d274e3@group-22024095878F-StateMachineUpdater: set stopIndex = 0
2022-02-10 17:16:48,665 [d1437619-3fac-44a6-ae3d-075107d274e3@group-22024095878F-StateMachineUpdater] INFO  ratis.ContainerStateMachine (ContainerStateMachine.java:takeSnapshot(299)) - group-22024095878F: Taking a snapshot at:(t:1, i:0) file /home/runner/work/ozone/ozone/hadoop-ozone/integration-test/target/test-dir/MiniOzoneClusterImpl-adca7f43-f686-4ef5-81ed-33e1f333fc0f/datanode-0/data/ratis/4636b5ff-363a-4593-8ffb-22024095878f/sm/snapshot.1_0
2022-02-10 17:16:48,666 [Listener at 127.0.0.1/33429] INFO  server.RaftServer$Division (ServerState.java:close(419)) - f6245613-14ba-4d4d-b898-c08ac71d98ac@group-C8B3B1DBEC7A: closes. applyIndex: 3
2022-02-10 17:16:48,666 [f6245613-14ba-4d4d-b898-c08ac71d98ac@group-C8B3B1DBEC7A-SegmentedRaftLogWorker] INFO  segmented.SegmentedRaftLogWorker (SegmentedRaftLogWorker.java:run(327)) - f6245613-14ba-4d4d-b898-c08ac71d98ac@group-C8B3B1DBEC7A-SegmentedRaftLogWorker was interrupted, exiting. There are 0 tasks remaining in the queue.
2022-02-10 17:16:48,668 [Listener at 127.0.0.1/33429] INFO  segmented.SegmentedRaftLogWorker (SegmentedRaftLogWorker.java:close(237)) - f6245613-14ba-4d4d-b898-c08ac71d98ac@group-C8B3B1DBEC7A-SegmentedRaftLogWorker close()
2022-02-10 17:16:48,668 [d1437619-3fac-44a6-ae3d-075107d274e3@group-22024095878F-StateMachineUpdater] INFO  ratis.ContainerStateMachine (ContainerStateMachine.java:takeSnapshot(310)) - group-22024095878F: Finished taking a snapshot at:(t:1, i:0) file:/home/runner/work/ozone/ozone/hadoop-ozone/integration-test/target/test-dir/MiniOzoneClusterImpl-adca7f43-f686-4ef5-81ed-33e1f333fc0f/datanode-0/data/ratis/4636b5ff-363a-4593-8ffb-22024095878f/sm/snapshot.1_0 took: 3 ms
2022-02-10 17:16:48,668 [d1437619-3fac-44a6-ae3d-075107d274e3@group-22024095878F-StateMachineUpdater] INFO  impl.StateMachineUpdater (StateMachineUpdater.java:takeSnapshot(281)) - d1437619-3fac-44a6-ae3d-075107d274e3@group-22024095878F-StateMachineUpdater: Took a snapshot at index 0
2022-02-10 17:16:48,668 [d1437619-3fac-44a6-ae3d-075107d274e3@group-22024095878F-StateMachineUpdater] INFO  impl.StateMachineUpdater (StateMachineUpdater.java:lambda$new$0(89)) - d1437619-3fac-44a6-ae3d-075107d274e3@group-22024095878F-StateMachineUpdater: snapshotIndex: updateIncreasingly -1 -> 0
2022-02-10 17:16:48,669 [ForkJoinPool.commonPool-worker-0] INFO  server.RaftServer$Division (ServerState.java:close(419)) - d1437619-3fac-44a6-ae3d-075107d274e3@group-22024095878F: closes. applyIndex: 0
2022-02-10 17:16:48,669 [d1437619-3fac-44a6-ae3d-075107d274e3@group-22024095878F-SegmentedRaftLogWorker] INFO  segmented.SegmentedRaftLogWorker (SegmentedRaftLogWorker.java:run(327)) - d1437619-3fac-44a6-ae3d-075107d274e3@group-22024095878F-SegmentedRaftLogWorker was interrupted, exiting. There are 0 tasks remaining in the queue.
2022-02-10 17:16:48,673 [ForkJoinPool.commonPool-worker-0] INFO  segmented.SegmentedRaftLogWorker (SegmentedRaftLogWorker.java:close(237)) - d1437619-3fac-44a6-ae3d-075107d274e3@group-22024095878F-SegmentedRaftLogWorker close()
2022-02-10 17:16:48,673 [Listener at 127.0.0.1/33429] INFO  server.RaftServer$Division (RaftServerImpl.java:lambda$close$4(412)) - f6245613-14ba-4d4d-b898-c08ac71d98ac@group-C8E65BBE6C27: shutdown
2022-02-10 17:16:48,674 [ForkJoinPool.commonPool-worker-0] INFO  server.RaftServer$Division (RaftServerImpl.java:lambda$close$4(412)) - d1437619-3fac-44a6-ae3d-075107d274e3@group-C8E65BBE6C27: shutdown
2022-02-10 17:16:48,683 [Listener at 127.0.0.1/33429] INFO  util.JmxRegister (JmxRegister.java:unregister(73)) - Successfully un-registered JMX Bean with object name Ratis:service=RaftServer,group=group-C8E65BBE6C27,id=f6245613-14ba-4d4d-b898-c08ac71d98ac
2022-02-10 17:16:48,683 [Listener at 127.0.0.1/33429] INFO  impl.RoleInfo (RoleInfo.java:shutdownFollowerState(108)) - f6245613-14ba-4d4d-b898-c08ac71d98ac: shutdown f6245613-14ba-4d4d-b898-c08ac71d98ac@group-C8E65BBE6C27-FollowerState
2022-02-10 17:16:48,683 [ForkJoinPool.commonPool-worker-0] INFO  util.JmxRegister (JmxRegister.java:unregister(73)) - Successfully un-registered JMX Bean with object name Ratis:service=RaftServer,group=group-C8E65BBE6C27,id=d1437619-3fac-44a6-ae3d-075107d274e3
2022-02-10 17:16:48,683 [ForkJoinPool.commonPool-worker-0] INFO  impl.RoleInfo (RoleInfo.java:shutdownFollowerState(108)) - d1437619-3fac-44a6-ae3d-075107d274e3: shutdown d1437619-3fac-44a6-ae3d-075107d274e3@group-C8E65BBE6C27-FollowerState
2022-02-10 17:16:48,683 [ForkJoinPool.commonPool-worker-0] INFO  impl.StateMachineUpdater (StateMachineUpdater.java:stopAndJoin(149)) - d1437619-3fac-44a6-ae3d-075107d274e3@group-C8E65BBE6C27-StateMachineUpdater: set stopIndex = 0
2022-02-10 17:16:48,683 [d1437619-3fac-44a6-ae3d-075107d274e3@group-C8E65BBE6C27-FollowerState] INFO  impl.FollowerState (FollowerState.java:run(143)) - d1437619-3fac-44a6-ae3d-075107d274e3@group-C8E65BBE6C27-FollowerState was interrupted: {}
java.lang.InterruptedException: sleep interrupted
	at java.lang.Thread.sleep(Native Method)
	at java.lang.Thread.sleep(Thread.java:340)
	at java.util.concurrent.TimeUnit.sleep(TimeUnit.java:386)
	at org.apache.ratis.util.TimeDuration.sleep(TimeDuration.java:324)
	at org.apache.ratis.util.TimeDuration.sleep(TimeDuration.java:309)
	at org.apache.ratis.server.impl.FollowerState.run(FollowerState.java:118)
2022-02-10 17:16:48,684 [d1437619-3fac-44a6-ae3d-075107d274e3@group-C8E65BBE6C27-StateMachineUpdater] INFO  ratis.ContainerStateMachine (ContainerStateMachine.java:takeSnapshot(299)) - group-C8E65BBE6C27: Taking a snapshot at:(t:2, i:0) file /home/runner/work/ozone/ozone/hadoop-ozone/integration-test/target/test-dir/MiniOzoneClusterImpl-adca7f43-f686-4ef5-81ed-33e1f333fc0f/datanode-0/data/ratis/acede841-f26d-4e3b-8220-c8e65bbe6c27/sm/snapshot.2_0
2022-02-10 17:16:48,683 [f6245613-14ba-4d4d-b898-c08ac71d98ac@group-C8E65BBE6C27-FollowerState] INFO  impl.FollowerState (FollowerState.java:run(143)) - f6245613-14ba-4d4d-b898-c08ac71d98ac@group-C8E65BBE6C27-FollowerState was interrupted: {}
java.lang.InterruptedException: sleep interrupted
	at java.lang.Thread.sleep(Native Method)
	at java.lang.Thread.sleep(Thread.java:340)
	at java.util.concurrent.TimeUnit.sleep(TimeUnit.java:386)
	at org.apache.ratis.util.TimeDuration.sleep(TimeDuration.java:324)
	at org.apache.ratis.util.TimeDuration.sleep(TimeDuration.java:309)
	at org.apache.ratis.server.impl.FollowerState.run(FollowerState.java:118)
2022-02-10 17:16:48,683 [Listener at 127.0.0.1/33429] INFO  impl.StateMachineUpdater (StateMachineUpdater.java:stopAndJoin(149)) - f6245613-14ba-4d4d-b898-c08ac71d98ac@group-C8E65BBE6C27-StateMachineUpdater: set stopIndex = 0
2022-02-10 17:16:48,685 [d1437619-3fac-44a6-ae3d-075107d274e3@group-C8E65BBE6C27-StateMachineUpdater] INFO  ratis.ContainerStateMachine (ContainerStateMachine.java:takeSnapshot(310)) - group-C8E65BBE6C27: Finished taking a snapshot at:(t:2, i:0) file:/home/runner/work/ozone/ozone/hadoop-ozone/integration-test/target/test-dir/MiniOzoneClusterImpl-adca7f43-f686-4ef5-81ed-33e1f333fc0f/datanode-0/data/ratis/acede841-f26d-4e3b-8220-c8e65bbe6c27/sm/snapshot.2_0 took: 2 ms
2022-02-10 17:16:48,685 [d1437619-3fac-44a6-ae3d-075107d274e3@group-C8E65BBE6C27-StateMachineUpdater] INFO  impl.StateMachineUpdater (StateMachineUpdater.java:takeSnapshot(281)) - d1437619-3fac-44a6-ae3d-075107d274e3@group-C8E65BBE6C27-StateMachineUpdater: Took a snapshot at index 0
2022-02-10 17:16:48,685 [d1437619-3fac-44a6-ae3d-075107d274e3@group-C8E65BBE6C27-StateMachineUpdater] INFO  impl.StateMachineUpdater (StateMachineUpdater.java:lambda$new$0(89)) - d1437619-3fac-44a6-ae3d-075107d274e3@group-C8E65BBE6C27-StateMachineUpdater: snapshotIndex: updateIncreasingly -1 -> 0
2022-02-10 17:16:48,686 [ForkJoinPool.commonPool-worker-0] INFO  server.RaftServer$Division (ServerState.java:close(419)) - d1437619-3fac-44a6-ae3d-075107d274e3@group-C8E65BBE6C27: closes. applyIndex: 0
2022-02-10 17:16:48,686 [d1437619-3fac-44a6-ae3d-075107d274e3@group-C8E65BBE6C27-SegmentedRaftLogWorker] INFO  segmented.SegmentedRaftLogWorker (SegmentedRaftLogWorker.java:run(327)) - d1437619-3fac-44a6-ae3d-075107d274e3@group-C8E65BBE6C27-SegmentedRaftLogWorker was interrupted, exiting. There are 0 tasks remaining in the queue.
2022-02-10 17:16:48,683 [f6245613-14ba-4d4d-b898-c08ac71d98ac@group-C8E65BBE6C27-StateMachineUpdater] INFO  ratis.ContainerStateMachine (ContainerStateMachine.java:takeSnapshot(299)) - group-C8E65BBE6C27: Taking a snapshot at:(t:2, i:0) file /home/runner/work/ozone/ozone/hadoop-ozone/integration-test/target/test-dir/MiniOzoneClusterImpl-adca7f43-f686-4ef5-81ed-33e1f333fc0f/datanode-1/data/ratis/acede841-f26d-4e3b-8220-c8e65bbe6c27/sm/snapshot.2_0
2022-02-10 17:16:48,687 [ForkJoinPool.commonPool-worker-0] INFO  segmented.SegmentedRaftLogWorker (SegmentedRaftLogWorker.java:close(237)) - d1437619-3fac-44a6-ae3d-075107d274e3@group-C8E65BBE6C27-SegmentedRaftLogWorker close()
2022-02-10 17:16:48,692 [ForkJoinPool.commonPool-worker-0] INFO  server.RaftServer$Division (RaftServerImpl.java:lambda$close$4(412)) - d1437619-3fac-44a6-ae3d-075107d274e3@group-38D07942653A: shutdown
2022-02-10 17:16:48,693 [ForkJoinPool.commonPool-worker-0] INFO  util.JmxRegister (JmxRegister.java:unregister(73)) - Successfully un-registered JMX Bean with object name Ratis:service=RaftServer,group=group-38D07942653A,id=d1437619-3fac-44a6-ae3d-075107d274e3
2022-02-10 17:16:48,693 [ForkJoinPool.commonPool-worker-0] INFO  impl.RoleInfo (RoleInfo.java:shutdownFollowerState(108)) - d1437619-3fac-44a6-ae3d-075107d274e3: shutdown d1437619-3fac-44a6-ae3d-075107d274e3@group-38D07942653A-FollowerState
2022-02-10 17:16:48,693 [ForkJoinPool.commonPool-worker-0] INFO  impl.StateMachineUpdater (StateMachineUpdater.java:stopAndJoin(149)) - d1437619-3fac-44a6-ae3d-075107d274e3@group-38D07942653A-StateMachineUpdater: set stopIndex = -1
2022-02-10 17:16:48,693 [d1437619-3fac-44a6-ae3d-075107d274e3@group-38D07942653A-FollowerState] INFO  impl.FollowerState (FollowerState.java:run(143)) - d1437619-3fac-44a6-ae3d-075107d274e3@group-38D07942653A-FollowerState was interrupted: {}
java.lang.InterruptedException: sleep interrupted
	at java.lang.Thread.sleep(Native Method)
	at java.lang.Thread.sleep(Thread.java:340)
	at java.util.concurrent.TimeUnit.sleep(TimeUnit.java:386)
	at org.apache.ratis.util.TimeDuration.sleep(TimeDuration.java:324)
	at org.apache.ratis.util.TimeDuration.sleep(TimeDuration.java:309)
	at org.apache.ratis.server.impl.FollowerState.run(FollowerState.java:118)
2022-02-10 17:16:48,693 [ForkJoinPool.commonPool-worker-0] INFO  server.RaftServer$Division (ServerState.java:close(419)) - d1437619-3fac-44a6-ae3d-075107d274e3@group-38D07942653A: closes. applyIndex: -1
2022-02-10 17:16:48,693 [d1437619-3fac-44a6-ae3d-075107d274e3@group-38D07942653A-SegmentedRaftLogWorker] INFO  segmented.SegmentedRaftLogWorker (SegmentedRaftLogWorker.java:run(327)) - d1437619-3fac-44a6-ae3d-075107d274e3@group-38D07942653A-SegmentedRaftLogWorker was interrupted, exiting. There are 0 tasks remaining in the queue.
2022-02-10 17:16:48,693 [ForkJoinPool.commonPool-worker-0] INFO  segmented.SegmentedRaftLogWorker (SegmentedRaftLogWorker.java:close(237)) - d1437619-3fac-44a6-ae3d-075107d274e3@group-38D07942653A-SegmentedRaftLogWorker close()
2022-02-10 17:16:48,694 [ForkJoinPool.commonPool-worker-0] INFO  server.GrpcService (GrpcService.java:closeImpl(262)) - d1437619-3fac-44a6-ae3d-075107d274e3: shutdown server with port 41341 now
2022-02-10 17:16:48,695 [f6245613-14ba-4d4d-b898-c08ac71d98ac@group-C8E65BBE6C27-StateMachineUpdater] INFO  ratis.ContainerStateMachine (ContainerStateMachine.java:takeSnapshot(310)) - group-C8E65BBE6C27: Finished taking a snapshot at:(t:2, i:0) file:/home/runner/work/ozone/ozone/hadoop-ozone/integration-test/target/test-dir/MiniOzoneClusterImpl-adca7f43-f686-4ef5-81ed-33e1f333fc0f/datanode-1/data/ratis/acede841-f26d-4e3b-8220-c8e65bbe6c27/sm/snapshot.2_0 took: 12 ms
2022-02-10 17:16:48,695 [f6245613-14ba-4d4d-b898-c08ac71d98ac@group-C8E65BBE6C27-StateMachineUpdater] INFO  impl.StateMachineUpdater (StateMachineUpdater.java:takeSnapshot(281)) - f6245613-14ba-4d4d-b898-c08ac71d98ac@group-C8E65BBE6C27-StateMachineUpdater: Took a snapshot at index 0
2022-02-10 17:16:48,695 [f6245613-14ba-4d4d-b898-c08ac71d98ac@group-C8E65BBE6C27-StateMachineUpdater] INFO  impl.StateMachineUpdater (StateMachineUpdater.java:lambda$new$0(89)) - f6245613-14ba-4d4d-b898-c08ac71d98ac@group-C8E65BBE6C27-StateMachineUpdater: snapshotIndex: updateIncreasingly -1 -> 0
2022-02-10 17:16:48,696 [grpc-default-executor-1] WARN  server.GrpcServerProtocolService (LogUtils.java:warn(122)) - d1437619-3fac-44a6-ae3d-075107d274e3: installSnapshot onError, lastRequest: 61d42259-4cfd-40d6-918e-44f81e16f570->d1437619-3fac-44a6-ae3d-075107d274e3#1-t2,previous=(t:0, i:0),leaderCommit=-1,initializing? true,entries: size=1, first=(t:2, i:0), CONFIGURATIONENTRY: org.apache.ratis.thirdparty.io.grpc.StatusRuntimeException: CANCELLED: client cancelled
2022-02-10 17:16:48,696 [Listener at 127.0.0.1/33429] INFO  server.RaftServer$Division (ServerState.java:close(419)) - f6245613-14ba-4d4d-b898-c08ac71d98ac@group-C8E65BBE6C27: closes. applyIndex: 0
2022-02-10 17:16:48,696 [f6245613-14ba-4d4d-b898-c08ac71d98ac@group-C8E65BBE6C27-SegmentedRaftLogWorker] INFO  segmented.SegmentedRaftLogWorker (SegmentedRaftLogWorker.java:run(327)) - f6245613-14ba-4d4d-b898-c08ac71d98ac@group-C8E65BBE6C27-SegmentedRaftLogWorker was interrupted, exiting. There are 0 tasks remaining in the queue.
2022-02-10 17:16:48,699 [Listener at 127.0.0.1/33429] INFO  segmented.SegmentedRaftLogWorker (SegmentedRaftLogWorker.java:close(237)) - f6245613-14ba-4d4d-b898-c08ac71d98ac@group-C8E65BBE6C27-SegmentedRaftLogWorker close()
2022-02-10 17:16:48,700 [Listener at 127.0.0.1/33429] INFO  server.RaftServer$Division (RaftServerImpl.java:lambda$close$4(412)) - f6245613-14ba-4d4d-b898-c08ac71d98ac@group-38D07942653A: shutdown
2022-02-10 17:16:48,701 [Listener at 127.0.0.1/33429] INFO  util.JmxRegister (JmxRegister.java:unregister(73)) - Successfully un-registered JMX Bean with object name Ratis:service=RaftServer,group=group-38D07942653A,id=f6245613-14ba-4d4d-b898-c08ac71d98ac
2022-02-10 17:16:48,701 [Listener at 127.0.0.1/33429] INFO  impl.RoleInfo (RoleInfo.java:shutdownFollowerState(108)) - f6245613-14ba-4d4d-b898-c08ac71d98ac: shutdown f6245613-14ba-4d4d-b898-c08ac71d98ac@group-38D07942653A-FollowerState
2022-02-10 17:16:48,701 [Listener at 127.0.0.1/33429] INFO  impl.StateMachineUpdater (StateMachineUpdater.java:stopAndJoin(149)) - f6245613-14ba-4d4d-b898-c08ac71d98ac@group-38D07942653A-StateMachineUpdater: set stopIndex = -1
2022-02-10 17:16:48,701 [f6245613-14ba-4d4d-b898-c08ac71d98ac@group-38D07942653A-FollowerState] INFO  impl.FollowerState (FollowerState.java:run(143)) - f6245613-14ba-4d4d-b898-c08ac71d98ac@group-38D07942653A-FollowerState was interrupted: {}
java.lang.InterruptedException: sleep interrupted
	at java.lang.Thread.sleep(Native Method)
	at java.lang.Thread.sleep(Thread.java:340)
	at java.util.concurrent.TimeUnit.sleep(TimeUnit.java:386)
	at org.apache.ratis.util.TimeDuration.sleep(TimeDuration.java:324)
	at org.apache.ratis.util.TimeDuration.sleep(TimeDuration.java:309)
	at org.apache.ratis.server.impl.FollowerState.run(FollowerState.java:118)
2022-02-10 17:16:48,701 [Listener at 127.0.0.1/33429] INFO  server.RaftServer$Division (ServerState.java:close(419)) - f6245613-14ba-4d4d-b898-c08ac71d98ac@group-38D07942653A: closes. applyIndex: -1
2022-02-10 17:16:48,701 [f6245613-14ba-4d4d-b898-c08ac71d98ac@group-38D07942653A-SegmentedRaftLogWorker] INFO  segmented.SegmentedRaftLogWorker (SegmentedRaftLogWorker.java:run(327)) - f6245613-14ba-4d4d-b898-c08ac71d98ac@group-38D07942653A-SegmentedRaftLogWorker was interrupted, exiting. There are 0 tasks remaining in the queue.
2022-02-10 17:16:48,701 [Listener at 127.0.0.1/33429] INFO  segmented.SegmentedRaftLogWorker (SegmentedRaftLogWorker.java:close(237)) - f6245613-14ba-4d4d-b898-c08ac71d98ac@group-38D07942653A-SegmentedRaftLogWorker close()
2022-02-10 17:16:48,702 [ForkJoinPool.commonPool-worker-0] INFO  server.GrpcService (GrpcService.java:closeImpl(271)) - d1437619-3fac-44a6-ae3d-075107d274e3: shutdown server with port 41341 successfully
2022-02-10 17:16:48,702 [org.apache.ratis.util.JvmPauseMonitor$$Lambda$435/2121963301@724d3077] INFO  util.JvmPauseMonitor (JvmPauseMonitor.java:run(109)) - JvmPauseMonitor-d1437619-3fac-44a6-ae3d-075107d274e3: Stopped
2022-02-10 17:16:48,707 [Listener at 127.0.0.1/33429] INFO  server.GrpcService (GrpcService.java:closeImpl(262)) - f6245613-14ba-4d4d-b898-c08ac71d98ac: shutdown server with port 38519 now
2022-02-10 17:16:48,710 [grpc-default-executor-2] WARN  server.GrpcServerProtocolService (LogUtils.java:warn(122)) - f6245613-14ba-4d4d-b898-c08ac71d98ac: installSnapshot onError, lastRequest: 61d42259-4cfd-40d6-918e-44f81e16f570->f6245613-14ba-4d4d-b898-c08ac71d98ac#1-t2,previous=(t:0, i:0),leaderCommit=-1,initializing? true,entries: size=1, first=(t:2, i:0), CONFIGURATIONENTRY: org.apache.ratis.thirdparty.io.grpc.StatusRuntimeException: CANCELLED: client cancelled
2022-02-10 17:16:48,729 [Listener at 127.0.0.1/33429] INFO  server.GrpcService (GrpcService.java:closeImpl(271)) - f6245613-14ba-4d4d-b898-c08ac71d98ac: shutdown server with port 38519 successfully
2022-02-10 17:16:48,729 [org.apache.ratis.util.JvmPauseMonitor$$Lambda$435/2121963301@4a3c2862] INFO  util.JvmPauseMonitor (JvmPauseMonitor.java:run(109)) - JvmPauseMonitor-f6245613-14ba-4d4d-b898-c08ac71d98ac: Stopped
2022-02-10 17:16:48,795 [61d42259-4cfd-40d6-918e-44f81e16f570@group-38D07942653A-FollowerState] INFO  impl.FollowerState (FollowerState.java:run(134)) - 61d42259-4cfd-40d6-918e-44f81e16f570@group-38D07942653A-FollowerState: change to CANDIDATE, lastRpcElapsedTime:5031618363ns, electionTimeout:5031ms
2022-02-10 17:16:48,795 [61d42259-4cfd-40d6-918e-44f81e16f570@group-38D07942653A-FollowerState] INFO  impl.RoleInfo (RoleInfo.java:shutdownFollowerState(108)) - 61d42259-4cfd-40d6-918e-44f81e16f570: shutdown 61d42259-4cfd-40d6-918e-44f81e16f570@group-38D07942653A-FollowerState
2022-02-10 17:16:48,795 [61d42259-4cfd-40d6-918e-44f81e16f570@group-38D07942653A-FollowerState] INFO  server.RaftServer$Division (RaftServerImpl.java:setRole(290)) - 61d42259-4cfd-40d6-918e-44f81e16f570@group-38D07942653A: changes role from  FOLLOWER to CANDIDATE at term 3 for changeToCandidate
2022-02-10 17:16:48,795 [61d42259-4cfd-40d6-918e-44f81e16f570@group-38D07942653A-FollowerState] INFO  server.RaftServerConfigKeys (ConfUtils.java:logGet(44)) - raft.server.leaderelection.pre-vote = false (custom)
2022-02-10 17:16:48,795 [61d42259-4cfd-40d6-918e-44f81e16f570@group-38D07942653A-FollowerState] INFO  impl.RoleInfo (RoleInfo.java:updateAndGet(130)) - 61d42259-4cfd-40d6-918e-44f81e16f570: start 61d42259-4cfd-40d6-918e-44f81e16f570@group-38D07942653A-LeaderElection31
2022-02-10 17:16:48,824 [61d42259-4cfd-40d6-918e-44f81e16f570@group-38D07942653A-LeaderElection31] INFO  impl.LeaderElection (LeaderElection.java:askForVotes(306)) - 61d42259-4cfd-40d6-918e-44f81e16f570@group-38D07942653A-LeaderElection31 ELECTION round 0: submit vote requests at term 4 for -1: [f6245613-14ba-4d4d-b898-c08ac71d98ac|rpc:127.0.0.1:38519|dataStream:|priority:1, d1437619-3fac-44a6-ae3d-075107d274e3|rpc:127.0.0.1:41341|dataStream:|priority:0, 61d42259-4cfd-40d6-918e-44f81e16f570|rpc:127.0.0.1:33511|dataStream:|priority:0], old=null
2022-02-10 17:16:48,844 [61d42259-4cfd-40d6-918e-44f81e16f570@group-38D07942653A-LeaderElection31] INFO  impl.LeaderElection (LogUtils.java:infoOrTrace(137)) - 61d42259-4cfd-40d6-918e-44f81e16f570@group-38D07942653A-LeaderElection31 got exception when requesting votes: java.util.concurrent.ExecutionException: org.apache.ratis.thirdparty.io.grpc.StatusRuntimeException: UNAVAILABLE: io exception
2022-02-10 17:16:48,851 [61d42259-4cfd-40d6-918e-44f81e16f570@group-38D07942653A-LeaderElection31] INFO  impl.LeaderElection (LogUtils.java:infoOrTrace(137)) - 61d42259-4cfd-40d6-918e-44f81e16f570@group-38D07942653A-LeaderElection31 got exception when requesting votes: java.util.concurrent.ExecutionException: org.apache.ratis.thirdparty.io.grpc.StatusRuntimeException: UNAVAILABLE: io exception
2022-02-10 17:16:48,851 [61d42259-4cfd-40d6-918e-44f81e16f570@group-38D07942653A-LeaderElection31] INFO  impl.LeaderElection (LeaderElection.java:logAndReturn(89)) - 61d42259-4cfd-40d6-918e-44f81e16f570@group-38D07942653A-LeaderElection31: ELECTION REJECTED received 0 response(s) and 2 exception(s):
2022-02-10 17:16:48,851 [61d42259-4cfd-40d6-918e-44f81e16f570@group-38D07942653A-LeaderElection31] INFO  impl.LeaderElection (LogUtils.java:infoOrTrace(137)) -   Exception 0: java.util.concurrent.ExecutionException: org.apache.ratis.thirdparty.io.grpc.StatusRuntimeException: UNAVAILABLE: io exception
2022-02-10 17:16:48,851 [61d42259-4cfd-40d6-918e-44f81e16f570@group-38D07942653A-LeaderElection31] INFO  impl.LeaderElection (LogUtils.java:infoOrTrace(137)) -   Exception 1: java.util.concurrent.ExecutionException: org.apache.ratis.thirdparty.io.grpc.StatusRuntimeException: UNAVAILABLE: io exception
2022-02-10 17:16:48,851 [61d42259-4cfd-40d6-918e-44f81e16f570@group-38D07942653A-LeaderElection31] INFO  impl.LeaderElection (LeaderElection.java:askForVotes(308)) - 61d42259-4cfd-40d6-918e-44f81e16f570@group-38D07942653A-LeaderElection31 ELECTION round 0: result REJECTED
2022-02-10 17:16:48,851 [61d42259-4cfd-40d6-918e-44f81e16f570@group-38D07942653A-LeaderElection31] INFO  server.RaftServer$Division (RaftServerImpl.java:setRole(290)) - 61d42259-4cfd-40d6-918e-44f81e16f570@group-38D07942653A: changes role from CANDIDATE to FOLLOWER at term 4 for REJECTED
2022-02-10 17:16:48,851 [61d42259-4cfd-40d6-918e-44f81e16f570@group-38D07942653A-LeaderElection31] INFO  impl.RoleInfo (RoleInfo.java:shutdownLeaderElection(121)) - 61d42259-4cfd-40d6-918e-44f81e16f570: shutdown 61d42259-4cfd-40d6-918e-44f81e16f570@group-38D07942653A-LeaderElection31
2022-02-10 17:16:48,851 [61d42259-4cfd-40d6-918e-44f81e16f570@group-38D07942653A-LeaderElection31] INFO  impl.RoleInfo (RoleInfo.java:updateAndGet(130)) - 61d42259-4cfd-40d6-918e-44f81e16f570: start 61d42259-4cfd-40d6-918e-44f81e16f570@group-38D07942653A-FollowerState
2022-02-10 17:16:49,442 [EndpointStateMachine task thread for /127.0.0.1:36035 - 0 ] INFO  ipc.Client (Client.java:handleConnectionFailure(977)) - Retrying connect to server: localhost/127.0.0.1:36035. Already tried 7 time(s); retry policy is RetryUpToMaximumCountWithFixedSleep(maxRetries=15, sleepTime=1000 MILLISECONDS)
2022-02-10 17:16:49,486 [EndpointStateMachine task thread for /127.0.0.1:33255 - 0 ] INFO  ipc.Client (Client.java:handleConnectionFailure(977)) - Retrying connect to server: localhost/127.0.0.1:33255. Already tried 1 time(s); retry policy is RetryUpToMaximumCountWithFixedSleep(maxRetries=15, sleepTime=1000 MILLISECONDS)
2022-02-10 17:16:50,444 [EndpointStateMachine task thread for /127.0.0.1:36035 - 0 ] INFO  ipc.Client (Client.java:handleConnectionFailure(977)) - Retrying connect to server: localhost/127.0.0.1:36035. Already tried 8 time(s); retry policy is RetryUpToMaximumCountWithFixedSleep(maxRetries=15, sleepTime=1000 MILLISECONDS)
2022-02-10 17:16:50,487 [EndpointStateMachine task thread for /127.0.0.1:33255 - 0 ] INFO  ipc.Client (Client.java:handleConnectionFailure(977)) - Retrying connect to server: localhost/127.0.0.1:33255. Already tried 2 time(s); retry policy is RetryUpToMaximumCountWithFixedSleep(maxRetries=15, sleepTime=1000 MILLISECONDS)
2022-02-10 17:16:50,719 [ForkJoinPool.commonPool-worker-0] INFO  utils.BackgroundService (BackgroundService.java:shutdown(132)) - Shutting down service BlockDeletingService
2022-02-10 17:16:50,779 [Listener at 127.0.0.1/33429] INFO  utils.BackgroundService (BackgroundService.java:shutdown(132)) - Shutting down service BlockDeletingService
2022-02-10 17:16:51,452 [EndpointStateMachine task thread for /127.0.0.1:36035 - 0 ] INFO  ipc.Client (Client.java:handleConnectionFailure(977)) - Retrying connect to server: localhost/127.0.0.1:36035. Already tried 9 time(s); retry policy is RetryUpToMaximumCountWithFixedSleep(maxRetries=15, sleepTime=1000 MILLISECONDS)
2022-02-10 17:16:51,490 [EndpointStateMachine task thread for /127.0.0.1:33255 - 0 ] INFO  ipc.Client (Client.java:handleConnectionFailure(977)) - Retrying connect to server: localhost/127.0.0.1:33255. Already tried 3 time(s); retry policy is RetryUpToMaximumCountWithFixedSleep(maxRetries=15, sleepTime=1000 MILLISECONDS)
2022-02-10 17:16:52,453 [EndpointStateMachine task thread for /127.0.0.1:36035 - 0 ] INFO  ipc.Client (Client.java:handleConnectionFailure(977)) - Retrying connect to server: localhost/127.0.0.1:36035. Already tried 10 time(s); retry policy is RetryUpToMaximumCountWithFixedSleep(maxRetries=15, sleepTime=1000 MILLISECONDS)
2022-02-10 17:16:52,491 [EndpointStateMachine task thread for /127.0.0.1:33255 - 0 ] INFO  ipc.Client (Client.java:handleConnectionFailure(977)) - Retrying connect to server: localhost/127.0.0.1:33255. Already tried 4 time(s); retry policy is RetryUpToMaximumCountWithFixedSleep(maxRetries=15, sleepTime=1000 MILLISECONDS)
2022-02-10 17:16:53,453 [EndpointStateMachine task thread for /127.0.0.1:36035 - 0 ] INFO  ipc.Client (Client.java:handleConnectionFailure(977)) - Retrying connect to server: localhost/127.0.0.1:36035. Already tried 11 time(s); retry policy is RetryUpToMaximumCountWithFixedSleep(maxRetries=15, sleepTime=1000 MILLISECONDS)
2022-02-10 17:16:53,491 [EndpointStateMachine task thread for /127.0.0.1:33255 - 0 ] INFO  ipc.Client (Client.java:handleConnectionFailure(977)) - Retrying connect to server: localhost/127.0.0.1:33255. Already tried 5 time(s); retry policy is RetryUpToMaximumCountWithFixedSleep(maxRetries=15, sleepTime=1000 MILLISECONDS)
2022-02-10 17:16:53,739 [ForkJoinPool.commonPool-worker-0] INFO  statemachine.DatanodeStateMachine (DatanodeStateMachine.java:stopDaemon(529)) - Ozone container server stopped.
2022-02-10 17:16:53,744 [ForkJoinPool.commonPool-worker-0] INFO  handler.ContextHandler (ContextHandler.java:doStop(1153)) - Stopped o.e.j.w.WebAppContext@52ce75f5{hddsDatanode,/,null,STOPPED}{jar:file:/home/runner/.m2/repository/org/apache/ozone/hdds-container-service/1.3.0-SNAPSHOT/hdds-container-service-1.3.0-SNAPSHOT.jar!/webapps/hddsDatanode}
2022-02-10 17:16:53,755 [ForkJoinPool.commonPool-worker-0] INFO  server.AbstractConnector (AbstractConnector.java:doStop(381)) - Stopped ServerConnector@6f98718c{HTTP/1.1, (http/1.1)}{0.0.0.0:0}
2022-02-10 17:16:53,755 [ForkJoinPool.commonPool-worker-0] INFO  server.session (HouseKeeper.java:stopScavenging(149)) - node0 Stopped scavenging
2022-02-10 17:16:53,758 [ForkJoinPool.commonPool-worker-0] INFO  handler.ContextHandler (ContextHandler.java:doStop(1153)) - Stopped o.e.j.s.ServletContextHandler@18a92cd6{static,/static,jar:file:/home/runner/.m2/repository/org/apache/ozone/hdds-container-service/1.3.0-SNAPSHOT/hdds-container-service-1.3.0-SNAPSHOT.jar!/webapps/static,STOPPED}
2022-02-10 17:16:53,763 [ForkJoinPool.commonPool-worker-0] INFO  handler.ContextHandler (ContextHandler.java:doStop(1153)) - Stopped o.e.j.s.ServletContextHandler@453f37bc{logs,/logs,file:///home/runner/work/ozone/ozone/hadoop-ozone/integration-test/target/log,STOPPED}
2022-02-10 17:16:53,799 [Listener at 127.0.0.1/33429] INFO  statemachine.DatanodeStateMachine (DatanodeStateMachine.java:stopDaemon(529)) - Ozone container server stopped.
2022-02-10 17:16:53,800 [Listener at 127.0.0.1/33429] INFO  handler.ContextHandler (ContextHandler.java:doStop(1153)) - Stopped o.e.j.w.WebAppContext@4a2cdd91{hddsDatanode,/,null,STOPPED}{jar:file:/home/runner/.m2/repository/org/apache/ozone/hdds-container-service/1.3.0-SNAPSHOT/hdds-container-service-1.3.0-SNAPSHOT.jar!/webapps/hddsDatanode}
2022-02-10 17:16:53,800 [Listener at 127.0.0.1/33429] INFO  server.AbstractConnector (AbstractConnector.java:doStop(381)) - Stopped ServerConnector@7173f4ec{HTTP/1.1, (http/1.1)}{0.0.0.0:0}
2022-02-10 17:16:53,801 [Listener at 127.0.0.1/33429] INFO  server.session (HouseKeeper.java:stopScavenging(149)) - node0 Stopped scavenging
2022-02-10 17:16:53,801 [Listener at 127.0.0.1/33429] INFO  handler.ContextHandler (ContextHandler.java:doStop(1153)) - Stopped o.e.j.s.ServletContextHandler@28455b3a{static,/static,jar:file:/home/runner/.m2/repository/org/apache/ozone/hdds-container-service/1.3.0-SNAPSHOT/hdds-container-service-1.3.0-SNAPSHOT.jar!/webapps/static,STOPPED}
2022-02-10 17:16:53,801 [Listener at 127.0.0.1/33429] INFO  handler.ContextHandler (ContextHandler.java:doStop(1153)) - Stopped o.e.j.s.ServletContextHandler@4956dc51{logs,/logs,file:///home/runner/work/ozone/ozone/hadoop-ozone/integration-test/target/log,STOPPED}
2022-02-10 17:16:53,942 [61d42259-4cfd-40d6-918e-44f81e16f570@group-38D07942653A-FollowerState] INFO  impl.FollowerState (FollowerState.java:run(134)) - 61d42259-4cfd-40d6-918e-44f81e16f570@group-38D07942653A-FollowerState: change to CANDIDATE, lastRpcElapsedTime:5091451182ns, electionTimeout:5077ms
2022-02-10 17:16:53,943 [61d42259-4cfd-40d6-918e-44f81e16f570@group-38D07942653A-FollowerState] INFO  impl.RoleInfo (RoleInfo.java:shutdownFollowerState(108)) - 61d42259-4cfd-40d6-918e-44f81e16f570: shutdown 61d42259-4cfd-40d6-918e-44f81e16f570@group-38D07942653A-FollowerState
2022-02-10 17:16:53,943 [61d42259-4cfd-40d6-918e-44f81e16f570@group-38D07942653A-FollowerState] INFO  server.RaftServer$Division (RaftServerImpl.java:setRole(290)) - 61d42259-4cfd-40d6-918e-44f81e16f570@group-38D07942653A: changes role from  FOLLOWER to CANDIDATE at term 4 for changeToCandidate
2022-02-10 17:16:53,943 [61d42259-4cfd-40d6-918e-44f81e16f570@group-38D07942653A-FollowerState] INFO  server.RaftServerConfigKeys (ConfUtils.java:logGet(44)) - raft.server.leaderelection.pre-vote = false (custom)
2022-02-10 17:16:53,943 [61d42259-4cfd-40d6-918e-44f81e16f570@group-38D07942653A-FollowerState] INFO  impl.RoleInfo (RoleInfo.java:updateAndGet(130)) - 61d42259-4cfd-40d6-918e-44f81e16f570: start 61d42259-4cfd-40d6-918e-44f81e16f570@group-38D07942653A-LeaderElection32
2022-02-10 17:16:53,977 [61d42259-4cfd-40d6-918e-44f81e16f570@group-38D07942653A-LeaderElection32] INFO  impl.LeaderElection (LeaderElection.java:askForVotes(306)) - 61d42259-4cfd-40d6-918e-44f81e16f570@group-38D07942653A-LeaderElection32 ELECTION round 0: submit vote requests at term 5 for -1: [f6245613-14ba-4d4d-b898-c08ac71d98ac|rpc:127.0.0.1:38519|dataStream:|priority:1, d1437619-3fac-44a6-ae3d-075107d274e3|rpc:127.0.0.1:41341|dataStream:|priority:0, 61d42259-4cfd-40d6-918e-44f81e16f570|rpc:127.0.0.1:33511|dataStream:|priority:0], old=null
2022-02-10 17:16:53,995 [61d42259-4cfd-40d6-918e-44f81e16f570@group-38D07942653A-LeaderElection32] INFO  impl.LeaderElection (LogUtils.java:infoOrTrace(137)) - 61d42259-4cfd-40d6-918e-44f81e16f570@group-38D07942653A-LeaderElection32 got exception when requesting votes: java.util.concurrent.ExecutionException: org.apache.ratis.thirdparty.io.grpc.StatusRuntimeException: UNAVAILABLE: io exception
2022-02-10 17:16:53,995 [61d42259-4cfd-40d6-918e-44f81e16f570@group-38D07942653A-LeaderElection32] INFO  impl.LeaderElection (LogUtils.java:infoOrTrace(137)) - 61d42259-4cfd-40d6-918e-44f81e16f570@group-38D07942653A-LeaderElection32 got exception when requesting votes: java.util.concurrent.ExecutionException: org.apache.ratis.thirdparty.io.grpc.StatusRuntimeException: UNAVAILABLE: io exception
2022-02-10 17:16:53,995 [61d42259-4cfd-40d6-918e-44f81e16f570@group-38D07942653A-LeaderElection32] INFO  impl.LeaderElection (LeaderElection.java:logAndReturn(89)) - 61d42259-4cfd-40d6-918e-44f81e16f570@group-38D07942653A-LeaderElection32: ELECTION REJECTED received 0 response(s) and 2 exception(s):
2022-02-10 17:16:53,996 [61d42259-4cfd-40d6-918e-44f81e16f570@group-38D07942653A-LeaderElection32] INFO  impl.LeaderElection (LogUtils.java:infoOrTrace(137)) -   Exception 0: java.util.concurrent.ExecutionException: org.apache.ratis.thirdparty.io.grpc.StatusRuntimeException: UNAVAILABLE: io exception
2022-02-10 17:16:53,996 [61d42259-4cfd-40d6-918e-44f81e16f570@group-38D07942653A-LeaderElection32] INFO  impl.LeaderElection (LogUtils.java:infoOrTrace(137)) -   Exception 1: java.util.concurrent.ExecutionException: org.apache.ratis.thirdparty.io.grpc.StatusRuntimeException: UNAVAILABLE: io exception
2022-02-10 17:16:53,996 [61d42259-4cfd-40d6-918e-44f81e16f570@group-38D07942653A-LeaderElection32] INFO  impl.LeaderElection (LeaderElection.java:askForVotes(308)) - 61d42259-4cfd-40d6-918e-44f81e16f570@group-38D07942653A-LeaderElection32 ELECTION round 0: result REJECTED
2022-02-10 17:16:53,996 [61d42259-4cfd-40d6-918e-44f81e16f570@group-38D07942653A-LeaderElection32] INFO  server.RaftServer$Division (RaftServerImpl.java:setRole(290)) - 61d42259-4cfd-40d6-918e-44f81e16f570@group-38D07942653A: changes role from CANDIDATE to FOLLOWER at term 5 for REJECTED
2022-02-10 17:16:53,996 [61d42259-4cfd-40d6-918e-44f81e16f570@group-38D07942653A-LeaderElection32] INFO  impl.RoleInfo (RoleInfo.java:shutdownLeaderElection(121)) - 61d42259-4cfd-40d6-918e-44f81e16f570: shutdown 61d42259-4cfd-40d6-918e-44f81e16f570@group-38D07942653A-LeaderElection32
2022-02-10 17:16:53,996 [61d42259-4cfd-40d6-918e-44f81e16f570@group-38D07942653A-LeaderElection32] INFO  impl.RoleInfo (RoleInfo.java:updateAndGet(130)) - 61d42259-4cfd-40d6-918e-44f81e16f570: start 61d42259-4cfd-40d6-918e-44f81e16f570@group-38D07942653A-FollowerState
2022-02-10 17:16:54,036 [Datanode State Machine Daemon Thread] WARN  statemachine.StateContext (StateContext.java:setState(249)) - Ignore disallowed transition from SHUTDOWN to RUNNING
2022-02-10 17:16:54,454 [EndpointStateMachine task thread for /127.0.0.1:36035 - 0 ] INFO  ipc.Client (Client.java:handleConnectionFailure(977)) - Retrying connect to server: localhost/127.0.0.1:36035. Already tried 12 time(s); retry policy is RetryUpToMaximumCountWithFixedSleep(maxRetries=15, sleepTime=1000 MILLISECONDS)
2022-02-10 17:16:54,492 [EndpointStateMachine task thread for /127.0.0.1:33255 - 0 ] INFO  ipc.Client (Client.java:handleConnectionFailure(977)) - Retrying connect to server: localhost/127.0.0.1:33255. Already tried 6 time(s); retry policy is RetryUpToMaximumCountWithFixedSleep(maxRetries=15, sleepTime=1000 MILLISECONDS)
2022-02-10 17:16:54,691 [61d42259-4cfd-40d6-918e-44f81e16f570@group-C8E65BBE6C27-LeaderStateImpl] WARN  server.RaftServer$Division (LeaderStateImpl.java:checkLeadership(974)) - 61d42259-4cfd-40d6-918e-44f81e16f570@group-C8E65BBE6C27-LeaderStateImpl: Lost leadership on term: 2. Election timeout: 5200ms. In charge for: 15690ms. Conf: 0: [f6245613-14ba-4d4d-b898-c08ac71d98ac|rpc:127.0.0.1:38519|dataStream:|priority:0, d1437619-3fac-44a6-ae3d-075107d274e3|rpc:127.0.0.1:41341|dataStream:|priority:0, 61d42259-4cfd-40d6-918e-44f81e16f570|rpc:127.0.0.1:33511|dataStream:|priority:1], old=null
2022-02-10 17:16:54,691 [61d42259-4cfd-40d6-918e-44f81e16f570@group-C8E65BBE6C27-LeaderStateImpl] WARN  server.RaftServer$Division (LeaderStateImpl.java:lambda$checkLeadership$15(978)) - Follower 61d42259-4cfd-40d6-918e-44f81e16f570@group-C8E65BBE6C27->f6245613-14ba-4d4d-b898-c08ac71d98ac(c0,m0,n1, attendVote=true, lastRpcSendTime=506, lastRpcResponseTime=8020)
2022-02-10 17:16:54,691 [61d42259-4cfd-40d6-918e-44f81e16f570@group-C8E65BBE6C27-LeaderStateImpl] WARN  server.RaftServer$Division (LeaderStateImpl.java:lambda$checkLeadership$15(978)) - Follower 61d42259-4cfd-40d6-918e-44f81e16f570@group-C8E65BBE6C27->d1437619-3fac-44a6-ae3d-075107d274e3(c0,m0,n1, attendVote=true, lastRpcSendTime=510, lastRpcResponseTime=8025)
2022-02-10 17:16:54,692 [61d42259-4cfd-40d6-918e-44f81e16f570@group-C8E65BBE6C27-LeaderStateImpl] INFO  server.RaftServer$Division (RaftServerImpl.java:setRole(290)) - 61d42259-4cfd-40d6-918e-44f81e16f570@group-C8E65BBE6C27: changes role from    LEADER to FOLLOWER at term 2 for StepDownReason:LOST_MAJORITY_HEARTBEATS
2022-02-10 17:16:54,692 [61d42259-4cfd-40d6-918e-44f81e16f570@group-C8E65BBE6C27-LeaderStateImpl] INFO  impl.RoleInfo (RoleInfo.java:shutdownLeaderState(91)) - 61d42259-4cfd-40d6-918e-44f81e16f570: shutdown 61d42259-4cfd-40d6-918e-44f81e16f570@group-C8E65BBE6C27-LeaderStateImpl
2022-02-10 17:16:54,692 [61d42259-4cfd-40d6-918e-44f81e16f570@group-C8E65BBE6C27-LeaderStateImpl] INFO  impl.PendingRequests (PendingRequests.java:sendNotLeaderResponses(282)) - 61d42259-4cfd-40d6-918e-44f81e16f570@group-C8E65BBE6C27-PendingRequests: sendNotLeaderResponses
2022-02-10 17:16:54,692 [61d42259-4cfd-40d6-918e-44f81e16f570@group-C8E65BBE6C27-LeaderStateImpl] INFO  impl.RoleInfo (RoleInfo.java:updateAndGet(130)) - 61d42259-4cfd-40d6-918e-44f81e16f570: start 61d42259-4cfd-40d6-918e-44f81e16f570@group-C8E65BBE6C27-FollowerState
2022-02-10 17:16:55,455 [EndpointStateMachine task thread for /127.0.0.1:36035 - 0 ] INFO  ipc.Client (Client.java:handleConnectionFailure(977)) - Retrying connect to server: localhost/127.0.0.1:36035. Already tried 13 time(s); retry policy is RetryUpToMaximumCountWithFixedSleep(maxRetries=15, sleepTime=1000 MILLISECONDS)
2022-02-10 17:16:55,493 [EndpointStateMachine task thread for /127.0.0.1:33255 - 0 ] INFO  ipc.Client (Client.java:handleConnectionFailure(977)) - Retrying connect to server: localhost/127.0.0.1:33255. Already tried 7 time(s); retry policy is RetryUpToMaximumCountWithFixedSleep(maxRetries=15, sleepTime=1000 MILLISECONDS)
2022-02-10 17:16:56,456 [EndpointStateMachine task thread for /127.0.0.1:36035 - 0 ] INFO  ipc.Client (Client.java:handleConnectionFailure(977)) - Retrying connect to server: localhost/127.0.0.1:36035. Already tried 14 time(s); retry policy is RetryUpToMaximumCountWithFixedSleep(maxRetries=15, sleepTime=1000 MILLISECONDS)
2022-02-10 17:16:56,457 [EndpointStateMachine task thread for /127.0.0.1:36035 - 0 ] WARN  statemachine.EndpointStateMachine (EndpointStateMachine.java:logIfNeeded(236)) - Unable to communicate to SCM server at localhost:36035 for past 0 seconds.
java.net.ConnectException: Call From fv-az184-768/10.1.0.22 to localhost:36035 failed on connection exception: java.net.ConnectException: Connection refused; For more details see:  http://wiki.apache.org/hadoop/ConnectionRefused
	at sun.reflect.NativeConstructorAccessorImpl.newInstance0(Native Method)
	at sun.reflect.NativeConstructorAccessorImpl.newInstance(NativeConstructorAccessorImpl.java:62)
	at sun.reflect.DelegatingConstructorAccessorImpl.newInstance(DelegatingConstructorAccessorImpl.java:45)
	at java.lang.reflect.Constructor.newInstance(Constructor.java:423)
	at org.apache.hadoop.net.NetUtils.wrapWithMessage(NetUtils.java:913)
	at org.apache.hadoop.net.NetUtils.wrapException(NetUtils.java:828)
	at org.apache.hadoop.ipc.Client.getRpcResponse(Client.java:1577)
	at org.apache.hadoop.ipc.Client.call(Client.java:1519)
	at org.apache.hadoop.ipc.Client.call(Client.java:1416)
	at org.apache.hadoop.ipc.ProtobufRpcEngine$Invoker.invoke(ProtobufRpcEngine.java:236)
	at org.apache.hadoop.ipc.ProtobufRpcEngine$Invoker.invoke(ProtobufRpcEngine.java:123)
	at com.sun.proxy.$Proxy47.submitRequest(Unknown Source)
	at org.apache.hadoop.ozone.protocolPB.StorageContainerDatanodeProtocolClientSideTranslatorPB.submitRequest(StorageContainerDatanodeProtocolClientSideTranslatorPB.java:117)
	at org.apache.hadoop.ozone.protocolPB.StorageContainerDatanodeProtocolClientSideTranslatorPB.sendHeartbeat(StorageContainerDatanodeProtocolClientSideTranslatorPB.java:149)
	at org.apache.hadoop.ozone.container.common.states.endpoint.HeartbeatEndpointTask.call(HeartbeatEndpointTask.java:179)
	at org.apache.hadoop.ozone.container.common.states.endpoint.HeartbeatEndpointTask.call(HeartbeatEndpointTask.java:82)
	at java.util.concurrent.FutureTask.run(FutureTask.java:266)
	at java.util.concurrent.ThreadPoolExecutor.runWorker(ThreadPoolExecutor.java:1149)
	at java.util.concurrent.ThreadPoolExecutor$Worker.run(ThreadPoolExecutor.java:624)
	at java.lang.Thread.run(Thread.java:748)
Caused by: java.net.ConnectException: Connection refused
	at sun.nio.ch.SocketChannelImpl.checkConnect(Native Method)
	at sun.nio.ch.SocketChannelImpl.finishConnect(SocketChannelImpl.java:716)
	at org.apache.hadoop.net.SocketIOWithTimeout.connect(SocketIOWithTimeout.java:206)
	at org.apache.hadoop.net.NetUtils.connect(NetUtils.java:586)
	at org.apache.hadoop.ipc.Client$Connection.setupConnection(Client.java:701)
	at org.apache.hadoop.ipc.Client$Connection.setupIOstreams(Client.java:822)
	at org.apache.hadoop.ipc.Client$Connection.access$3800(Client.java:414)
	at org.apache.hadoop.ipc.Client.getConnection(Client.java:1647)
	at org.apache.hadoop.ipc.Client.call(Client.java:1463)
	... 12 more
2022-02-10 17:16:56,493 [EndpointStateMachine task thread for /127.0.0.1:33255 - 0 ] INFO  ipc.Client (Client.java:handleConnectionFailure(977)) - Retrying connect to server: localhost/127.0.0.1:33255. Already tried 8 time(s); retry policy is RetryUpToMaximumCountWithFixedSleep(maxRetries=15, sleepTime=1000 MILLISECONDS)
2022-02-10 17:16:57,458 [EndpointStateMachine task thread for /127.0.0.1:36035 - 0 ] INFO  ipc.Client (Client.java:handleConnectionFailure(977)) - Retrying connect to server: localhost/127.0.0.1:36035. Already tried 0 time(s); retry policy is RetryUpToMaximumCountWithFixedSleep(maxRetries=15, sleepTime=1000 MILLISECONDS)
2022-02-10 17:16:57,494 [EndpointStateMachine task thread for /127.0.0.1:33255 - 0 ] INFO  ipc.Client (Client.java:handleConnectionFailure(977)) - Retrying connect to server: localhost/127.0.0.1:33255. Already tried 9 time(s); retry policy is RetryUpToMaximumCountWithFixedSleep(maxRetries=15, sleepTime=1000 MILLISECONDS)
2022-02-10 17:16:58,458 [EndpointStateMachine task thread for /127.0.0.1:36035 - 0 ] INFO  ipc.Client (Client.java:handleConnectionFailure(977)) - Retrying connect to server: localhost/127.0.0.1:36035. Already tried 1 time(s); retry policy is RetryUpToMaximumCountWithFixedSleep(maxRetries=15, sleepTime=1000 MILLISECONDS)
2022-02-10 17:16:58,495 [EndpointStateMachine task thread for /127.0.0.1:33255 - 0 ] INFO  ipc.Client (Client.java:handleConnectionFailure(977)) - Retrying connect to server: localhost/127.0.0.1:33255. Already tried 10 time(s); retry policy is RetryUpToMaximumCountWithFixedSleep(maxRetries=15, sleepTime=1000 MILLISECONDS)
2022-02-10 17:16:58,768 [ForkJoinPool.commonPool-worker-0] INFO  ozoneimpl.OzoneContainer (OzoneContainer.java:stop(336)) - Attempting to stop container services.
2022-02-10 17:16:58,769 [ForkJoinPool.commonPool-worker-0] INFO  server.RaftServer (RaftServerProxy.java:lambda$close$6(391)) - 61d42259-4cfd-40d6-918e-44f81e16f570: close
2022-02-10 17:16:58,769 [ForkJoinPool.commonPool-worker-0] INFO  server.RaftServer$Division (RaftServerImpl.java:lambda$close$4(412)) - 61d42259-4cfd-40d6-918e-44f81e16f570@group-BDD902B70378: shutdown
2022-02-10 17:16:58,769 [ForkJoinPool.commonPool-worker-0] INFO  util.JmxRegister (JmxRegister.java:unregister(73)) - Successfully un-registered JMX Bean with object name Ratis:service=RaftServer,group=group-BDD902B70378,id=61d42259-4cfd-40d6-918e-44f81e16f570
2022-02-10 17:16:58,769 [ForkJoinPool.commonPool-worker-0] INFO  impl.RoleInfo (RoleInfo.java:shutdownLeaderState(91)) - 61d42259-4cfd-40d6-918e-44f81e16f570: shutdown 61d42259-4cfd-40d6-918e-44f81e16f570@group-BDD902B70378-LeaderStateImpl
2022-02-10 17:16:58,770 [ForkJoinPool.commonPool-worker-0] INFO  impl.PendingRequests (PendingRequests.java:sendNotLeaderResponses(282)) - 61d42259-4cfd-40d6-918e-44f81e16f570@group-BDD902B70378-PendingRequests: sendNotLeaderResponses
2022-02-10 17:16:58,770 [ForkJoinPool.commonPool-worker-0] INFO  impl.StateMachineUpdater (StateMachineUpdater.java:stopAndJoin(149)) - 61d42259-4cfd-40d6-918e-44f81e16f570@group-BDD902B70378-StateMachineUpdater: set stopIndex = 0
2022-02-10 17:16:58,770 [61d42259-4cfd-40d6-918e-44f81e16f570@group-BDD902B70378-StateMachineUpdater] INFO  ratis.ContainerStateMachine (ContainerStateMachine.java:takeSnapshot(299)) - group-BDD902B70378: Taking a snapshot at:(t:1, i:0) file /home/runner/work/ozone/ozone/hadoop-ozone/integration-test/target/test-dir/MiniOzoneClusterImpl-adca7f43-f686-4ef5-81ed-33e1f333fc0f/datanode-2/data/ratis/70af909a-0f2d-48a5-a29b-bdd902b70378/sm/snapshot.1_0
2022-02-10 17:16:58,772 [61d42259-4cfd-40d6-918e-44f81e16f570@group-BDD902B70378-StateMachineUpdater] INFO  ratis.ContainerStateMachine (ContainerStateMachine.java:takeSnapshot(310)) - group-BDD902B70378: Finished taking a snapshot at:(t:1, i:0) file:/home/runner/work/ozone/ozone/hadoop-ozone/integration-test/target/test-dir/MiniOzoneClusterImpl-adca7f43-f686-4ef5-81ed-33e1f333fc0f/datanode-2/data/ratis/70af909a-0f2d-48a5-a29b-bdd902b70378/sm/snapshot.1_0 took: 1 ms
2022-02-10 17:16:58,772 [61d42259-4cfd-40d6-918e-44f81e16f570@group-BDD902B70378-StateMachineUpdater] INFO  impl.StateMachineUpdater (StateMachineUpdater.java:takeSnapshot(281)) - 61d42259-4cfd-40d6-918e-44f81e16f570@group-BDD902B70378-StateMachineUpdater: Took a snapshot at index 0
2022-02-10 17:16:58,772 [61d42259-4cfd-40d6-918e-44f81e16f570@group-BDD902B70378-StateMachineUpdater] INFO  impl.StateMachineUpdater (StateMachineUpdater.java:lambda$new$0(89)) - 61d42259-4cfd-40d6-918e-44f81e16f570@group-BDD902B70378-StateMachineUpdater: snapshotIndex: updateIncreasingly -1 -> 0
2022-02-10 17:16:58,772 [ForkJoinPool.commonPool-worker-0] INFO  server.RaftServer$Division (ServerState.java:close(419)) - 61d42259-4cfd-40d6-918e-44f81e16f570@group-BDD902B70378: closes. applyIndex: 0
2022-02-10 17:16:58,772 [61d42259-4cfd-40d6-918e-44f81e16f570@group-BDD902B70378-SegmentedRaftLogWorker] INFO  segmented.SegmentedRaftLogWorker (SegmentedRaftLogWorker.java:run(327)) - 61d42259-4cfd-40d6-918e-44f81e16f570@group-BDD902B70378-SegmentedRaftLogWorker was interrupted, exiting. There are 0 tasks remaining in the queue.
2022-02-10 17:16:58,773 [ForkJoinPool.commonPool-worker-0] INFO  segmented.SegmentedRaftLogWorker (SegmentedRaftLogWorker.java:close(237)) - 61d42259-4cfd-40d6-918e-44f81e16f570@group-BDD902B70378-SegmentedRaftLogWorker close()
2022-02-10 17:16:58,774 [ForkJoinPool.commonPool-worker-0] INFO  server.RaftServer$Division (RaftServerImpl.java:lambda$close$4(412)) - 61d42259-4cfd-40d6-918e-44f81e16f570@group-C8E65BBE6C27: shutdown
2022-02-10 17:16:58,774 [ForkJoinPool.commonPool-worker-0] INFO  util.JmxRegister (JmxRegister.java:unregister(73)) - Successfully un-registered JMX Bean with object name Ratis:service=RaftServer,group=group-C8E65BBE6C27,id=61d42259-4cfd-40d6-918e-44f81e16f570
2022-02-10 17:16:58,774 [ForkJoinPool.commonPool-worker-0] INFO  impl.RoleInfo (RoleInfo.java:shutdownFollowerState(108)) - 61d42259-4cfd-40d6-918e-44f81e16f570: shutdown 61d42259-4cfd-40d6-918e-44f81e16f570@group-C8E65BBE6C27-FollowerState
2022-02-10 17:16:58,774 [ForkJoinPool.commonPool-worker-0] INFO  impl.StateMachineUpdater (StateMachineUpdater.java:stopAndJoin(149)) - 61d42259-4cfd-40d6-918e-44f81e16f570@group-C8E65BBE6C27-StateMachineUpdater: set stopIndex = 0
2022-02-10 17:16:58,774 [61d42259-4cfd-40d6-918e-44f81e16f570@group-C8E65BBE6C27-FollowerState] INFO  impl.FollowerState (FollowerState.java:run(143)) - 61d42259-4cfd-40d6-918e-44f81e16f570@group-C8E65BBE6C27-FollowerState was interrupted: {}
java.lang.InterruptedException: sleep interrupted
	at java.lang.Thread.sleep(Native Method)
	at java.lang.Thread.sleep(Thread.java:340)
	at java.util.concurrent.TimeUnit.sleep(TimeUnit.java:386)
	at org.apache.ratis.util.TimeDuration.sleep(TimeDuration.java:324)
	at org.apache.ratis.util.TimeDuration.sleep(TimeDuration.java:309)
	at org.apache.ratis.server.impl.FollowerState.run(FollowerState.java:118)
2022-02-10 17:16:58,774 [61d42259-4cfd-40d6-918e-44f81e16f570@group-C8E65BBE6C27-StateMachineUpdater] INFO  ratis.ContainerStateMachine (ContainerStateMachine.java:takeSnapshot(299)) - group-C8E65BBE6C27: Taking a snapshot at:(t:2, i:0) file /home/runner/work/ozone/ozone/hadoop-ozone/integration-test/target/test-dir/MiniOzoneClusterImpl-adca7f43-f686-4ef5-81ed-33e1f333fc0f/datanode-2/data/ratis/acede841-f26d-4e3b-8220-c8e65bbe6c27/sm/snapshot.2_0
2022-02-10 17:16:58,775 [61d42259-4cfd-40d6-918e-44f81e16f570@group-C8E65BBE6C27-StateMachineUpdater] INFO  ratis.ContainerStateMachine (ContainerStateMachine.java:takeSnapshot(310)) - group-C8E65BBE6C27: Finished taking a snapshot at:(t:2, i:0) file:/home/runner/work/ozone/ozone/hadoop-ozone/integration-test/target/test-dir/MiniOzoneClusterImpl-adca7f43-f686-4ef5-81ed-33e1f333fc0f/datanode-2/data/ratis/acede841-f26d-4e3b-8220-c8e65bbe6c27/sm/snapshot.2_0 took: 1 ms
2022-02-10 17:16:58,775 [61d42259-4cfd-40d6-918e-44f81e16f570@group-C8E65BBE6C27-StateMachineUpdater] INFO  impl.StateMachineUpdater (StateMachineUpdater.java:takeSnapshot(281)) - 61d42259-4cfd-40d6-918e-44f81e16f570@group-C8E65BBE6C27-StateMachineUpdater: Took a snapshot at index 0
2022-02-10 17:16:58,775 [61d42259-4cfd-40d6-918e-44f81e16f570@group-C8E65BBE6C27-StateMachineUpdater] INFO  impl.StateMachineUpdater (StateMachineUpdater.java:lambda$new$0(89)) - 61d42259-4cfd-40d6-918e-44f81e16f570@group-C8E65BBE6C27-StateMachineUpdater: snapshotIndex: updateIncreasingly -1 -> 0
2022-02-10 17:16:58,776 [ForkJoinPool.commonPool-worker-0] INFO  server.RaftServer$Division (ServerState.java:close(419)) - 61d42259-4cfd-40d6-918e-44f81e16f570@group-C8E65BBE6C27: closes. applyIndex: 0
2022-02-10 17:16:58,776 [61d42259-4cfd-40d6-918e-44f81e16f570@group-C8E65BBE6C27-SegmentedRaftLogWorker] INFO  segmented.SegmentedRaftLogWorker (SegmentedRaftLogWorker.java:run(327)) - 61d42259-4cfd-40d6-918e-44f81e16f570@group-C8E65BBE6C27-SegmentedRaftLogWorker was interrupted, exiting. There are 0 tasks remaining in the queue.
2022-02-10 17:16:58,776 [ForkJoinPool.commonPool-worker-0] INFO  segmented.SegmentedRaftLogWorker (SegmentedRaftLogWorker.java:close(237)) - 61d42259-4cfd-40d6-918e-44f81e16f570@group-C8E65BBE6C27-SegmentedRaftLogWorker close()
2022-02-10 17:16:58,778 [ForkJoinPool.commonPool-worker-0] INFO  server.RaftServer$Division (RaftServerImpl.java:lambda$close$4(412)) - 61d42259-4cfd-40d6-918e-44f81e16f570@group-38D07942653A: shutdown
2022-02-10 17:16:58,778 [ForkJoinPool.commonPool-worker-0] INFO  util.JmxRegister (JmxRegister.java:unregister(73)) - Successfully un-registered JMX Bean with object name Ratis:service=RaftServer,group=group-38D07942653A,id=61d42259-4cfd-40d6-918e-44f81e16f570
2022-02-10 17:16:58,778 [ForkJoinPool.commonPool-worker-0] INFO  impl.RoleInfo (RoleInfo.java:shutdownFollowerState(108)) - 61d42259-4cfd-40d6-918e-44f81e16f570: shutdown 61d42259-4cfd-40d6-918e-44f81e16f570@group-38D07942653A-FollowerState
2022-02-10 17:16:58,778 [ForkJoinPool.commonPool-worker-0] INFO  impl.StateMachineUpdater (StateMachineUpdater.java:stopAndJoin(149)) - 61d42259-4cfd-40d6-918e-44f81e16f570@group-38D07942653A-StateMachineUpdater: set stopIndex = -1
2022-02-10 17:16:58,779 [61d42259-4cfd-40d6-918e-44f81e16f570@group-38D07942653A-FollowerState] INFO  impl.FollowerState (FollowerState.java:run(143)) - 61d42259-4cfd-40d6-918e-44f81e16f570@group-38D07942653A-FollowerState was interrupted: {}
java.lang.InterruptedException: sleep interrupted
	at java.lang.Thread.sleep(Native Method)
	at java.lang.Thread.sleep(Thread.java:340)
	at java.util.concurrent.TimeUnit.sleep(TimeUnit.java:386)
	at org.apache.ratis.util.TimeDuration.sleep(TimeDuration.java:324)
	at org.apache.ratis.util.TimeDuration.sleep(TimeDuration.java:309)
	at org.apache.ratis.server.impl.FollowerState.run(FollowerState.java:118)
2022-02-10 17:16:58,780 [ForkJoinPool.commonPool-worker-0] INFO  server.RaftServer$Division (ServerState.java:close(419)) - 61d42259-4cfd-40d6-918e-44f81e16f570@group-38D07942653A: closes. applyIndex: -1
2022-02-10 17:16:58,780 [61d42259-4cfd-40d6-918e-44f81e16f570@group-38D07942653A-SegmentedRaftLogWorker] INFO  segmented.SegmentedRaftLogWorker (SegmentedRaftLogWorker.java:run(327)) - 61d42259-4cfd-40d6-918e-44f81e16f570@group-38D07942653A-SegmentedRaftLogWorker was interrupted, exiting. There are 0 tasks remaining in the queue.
2022-02-10 17:16:58,780 [ForkJoinPool.commonPool-worker-0] INFO  segmented.SegmentedRaftLogWorker (SegmentedRaftLogWorker.java:close(237)) - 61d42259-4cfd-40d6-918e-44f81e16f570@group-38D07942653A-SegmentedRaftLogWorker close()
2022-02-10 17:16:58,780 [ForkJoinPool.commonPool-worker-0] INFO  server.GrpcService (GrpcService.java:closeImpl(262)) - 61d42259-4cfd-40d6-918e-44f81e16f570: shutdown server with port 33511 now
2022-02-10 17:16:58,782 [ForkJoinPool.commonPool-worker-0] INFO  server.GrpcService (GrpcService.java:closeImpl(271)) - 61d42259-4cfd-40d6-918e-44f81e16f570: shutdown server with port 33511 successfully
2022-02-10 17:16:58,782 [org.apache.ratis.util.JvmPauseMonitor$$Lambda$435/2121963301@6ace4a8a] INFO  util.JvmPauseMonitor (JvmPauseMonitor.java:run(109)) - JvmPauseMonitor-61d42259-4cfd-40d6-918e-44f81e16f570: Stopped
2022-02-10 17:16:59,459 [EndpointStateMachine task thread for /127.0.0.1:36035 - 0 ] INFO  ipc.Client (Client.java:handleConnectionFailure(977)) - Retrying connect to server: localhost/127.0.0.1:36035. Already tried 2 time(s); retry policy is RetryUpToMaximumCountWithFixedSleep(maxRetries=15, sleepTime=1000 MILLISECONDS)
2022-02-10 17:16:59,496 [EndpointStateMachine task thread for /127.0.0.1:33255 - 0 ] INFO  ipc.Client (Client.java:handleConnectionFailure(977)) - Retrying connect to server: localhost/127.0.0.1:33255. Already tried 11 time(s); retry policy is RetryUpToMaximumCountWithFixedSleep(maxRetries=15, sleepTime=1000 MILLISECONDS)
2022-02-10 17:17:00,460 [EndpointStateMachine task thread for /127.0.0.1:36035 - 0 ] INFO  ipc.Client (Client.java:handleConnectionFailure(977)) - Retrying connect to server: localhost/127.0.0.1:36035. Already tried 3 time(s); retry policy is RetryUpToMaximumCountWithFixedSleep(maxRetries=15, sleepTime=1000 MILLISECONDS)
2022-02-10 17:17:00,496 [EndpointStateMachine task thread for /127.0.0.1:33255 - 0 ] INFO  ipc.Client (Client.java:handleConnectionFailure(977)) - Retrying connect to server: localhost/127.0.0.1:33255. Already tried 12 time(s); retry policy is RetryUpToMaximumCountWithFixedSleep(maxRetries=15, sleepTime=1000 MILLISECONDS)
2022-02-10 17:17:00,803 [ForkJoinPool.commonPool-worker-0] INFO  utils.BackgroundService (BackgroundService.java:shutdown(132)) - Shutting down service BlockDeletingService
2022-02-10 17:17:01,460 [EndpointStateMachine task thread for /127.0.0.1:36035 - 0 ] INFO  ipc.Client (Client.java:handleConnectionFailure(977)) - Retrying connect to server: localhost/127.0.0.1:36035. Already tried 4 time(s); retry policy is RetryUpToMaximumCountWithFixedSleep(maxRetries=15, sleepTime=1000 MILLISECONDS)
2022-02-10 17:17:01,498 [EndpointStateMachine task thread for /127.0.0.1:33255 - 0 ] INFO  ipc.Client (Client.java:handleConnectionFailure(977)) - Retrying connect to server: localhost/127.0.0.1:33255. Already tried 13 time(s); retry policy is RetryUpToMaximumCountWithFixedSleep(maxRetries=15, sleepTime=1000 MILLISECONDS)
2022-02-10 17:17:02,461 [EndpointStateMachine task thread for /127.0.0.1:36035 - 0 ] INFO  ipc.Client (Client.java:handleConnectionFailure(977)) - Retrying connect to server: localhost/127.0.0.1:36035. Already tried 5 time(s); retry policy is RetryUpToMaximumCountWithFixedSleep(maxRetries=15, sleepTime=1000 MILLISECONDS)
2022-02-10 17:17:02,499 [EndpointStateMachine task thread for /127.0.0.1:33255 - 0 ] INFO  ipc.Client (Client.java:handleConnectionFailure(977)) - Retrying connect to server: localhost/127.0.0.1:33255. Already tried 14 time(s); retry policy is RetryUpToMaximumCountWithFixedSleep(maxRetries=15, sleepTime=1000 MILLISECONDS)
2022-02-10 17:17:03,462 [EndpointStateMachine task thread for /127.0.0.1:36035 - 0 ] INFO  ipc.Client (Client.java:handleConnectionFailure(977)) - Retrying connect to server: localhost/127.0.0.1:36035. Already tried 6 time(s); retry policy is RetryUpToMaximumCountWithFixedSleep(maxRetries=15, sleepTime=1000 MILLISECONDS)
2022-02-10 17:17:03,500 [EndpointStateMachine task thread for /127.0.0.1:33255 - 0 ] INFO  ipc.Client (Client.java:handleConnectionFailure(977)) - Retrying connect to server: localhost/127.0.0.1:33255. Already tried 0 time(s); retry policy is RetryUpToMaximumCountWithFixedSleep(maxRetries=15, sleepTime=1000 MILLISECONDS)
2022-02-10 17:17:03,823 [ForkJoinPool.commonPool-worker-0] INFO  statemachine.DatanodeStateMachine (DatanodeStateMachine.java:stopDaemon(529)) - Ozone container server stopped.
2022-02-10 17:17:03,830 [ForkJoinPool.commonPool-worker-0] INFO  handler.ContextHandler (ContextHandler.java:doStop(1153)) - Stopped o.e.j.w.WebAppContext@4dc2fb0f{hddsDatanode,/,null,STOPPED}{jar:file:/home/runner/.m2/repository/org/apache/ozone/hdds-container-service/1.3.0-SNAPSHOT/hdds-container-service-1.3.0-SNAPSHOT.jar!/webapps/hddsDatanode}
2022-02-10 17:17:03,832 [ForkJoinPool.commonPool-worker-0] INFO  server.AbstractConnector (AbstractConnector.java:doStop(381)) - Stopped ServerConnector@5d55e253{HTTP/1.1, (http/1.1)}{0.0.0.0:0}
2022-02-10 17:17:03,832 [ForkJoinPool.commonPool-worker-0] INFO  server.session (HouseKeeper.java:stopScavenging(149)) - node0 Stopped scavenging
2022-02-10 17:17:03,833 [ForkJoinPool.commonPool-worker-0] INFO  handler.ContextHandler (ContextHandler.java:doStop(1153)) - Stopped o.e.j.s.ServletContextHandler@7e6c8b3d{static,/static,jar:file:/home/runner/.m2/repository/org/apache/ozone/hdds-container-service/1.3.0-SNAPSHOT/hdds-container-service-1.3.0-SNAPSHOT.jar!/webapps/static,STOPPED}
2022-02-10 17:17:03,833 [ForkJoinPool.commonPool-worker-0] INFO  handler.ContextHandler (ContextHandler.java:doStop(1153)) - Stopped o.e.j.s.ServletContextHandler@6464d59f{logs,/logs,file:///home/runner/work/ozone/ozone/hadoop-ozone/integration-test/target/log,STOPPED}
]]></system-out>
  </testcase>
  <testcase name="testBootstrap" classname="org.apache.hadoop.ozone.om.TestAddRemoveOzoneManager" time="75.072"/>
  <testcase name="testDecommission" classname="org.apache.hadoop.ozone.om.TestAddRemoveOzoneManager" time="69.489"/>
</testsuite>