<?xml version="1.0" encoding="UTF-8"?>
<testsuite xmlns:xsi="http://www.w3.org/2001/XMLSchema-instance" xsi:noNamespaceSchemaLocation="https://maven.apache.org/surefire/maven-surefire-plugin/xsd/surefire-test-report.xsd" name="org.apache.hadoop.ozone.client.rpc.TestWatchForCommit" time="217.745" tests="4" errors="0" skipped="0" failures="1">
  <properties>
    <property name="awt.toolkit" value="sun.awt.X11.XToolkit"/>
    <property name="file.encoding.pkg" value="sun.io"/>
    <property name="java.specification.version" value="1.8"/>
    <property name="sun.cpu.isalist" value=""/>
    <property name="sun.jnu.encoding" value="UTF-8"/>
    <property name="java.class.path" value="/home/runner/work/ozone/ozone/mnt/ozone/hadoop-ozone/integration-test/target/test-classes:/home/runner/work/ozone/ozone/mnt/ozone/hadoop-ozone/integration-test/target/classes:/home/runner/.m2/repository/org/apache/ozone/ozone-common/1.2.0-SNAPSHOT/ozone-common-1.2.0-SNAPSHOT.jar:/home/runner/.m2/repository/org/apache/commons/commons-compress/1.20/commons-compress-1.20.jar:/home/runner/.m2/repository/org/apache/ozone/hdds-common/1.2.0-SNAPSHOT/hdds-common-1.2.0-SNAPSHOT.jar:/home/runner/.m2/repository/org/apache/ozone/hdds-client/1.2.0-SNAPSHOT/hdds-client-1.2.0-SNAPSHOT.jar:/home/runner/.m2/repository/org/apache/ozone/ozone-interface-client/1.2.0-SNAPSHOT/ozone-interface-client-1.2.0-SNAPSHOT.jar:/home/runner/.m2/repository/org/apache/ozone/hdds-server-framework/1.2.0-SNAPSHOT/hdds-server-framework-1.2.0-SNAPSHOT.jar:/home/runner/.m2/repository/org/apache/ozone/hdds-interface-server/1.2.0-SNAPSHOT/hdds-interface-server-1.2.0-SNAPSHOT.jar:/home/runner/.m2/repository/org/eclipse/jetty/jetty-servlet/9.4.35.v20201120/jetty-servlet-9.4.35.v20201120.jar:/home/runner/.m2/repository/org/eclipse/jetty/jetty-security/9.4.35.v20201120/jetty-security-9.4.35.v20201120.jar:/home/runner/.m2/repository/org/rocksdb/rocksdbjni/6.20.3/rocksdbjni-6.20.3.jar:/home/runner/.m2/repository/io/prometheus/simpleclient_dropwizard/0.7.0/simpleclient_dropwizard-0.7.0.jar:/home/runner/.m2/repository/io/prometheus/simpleclient/0.7.0/simpleclient-0.7.0.jar:/home/runner/.m2/repository/io/prometheus/simpleclient_common/0.7.0/simpleclient_common-0.7.0.jar:/home/runner/.m2/repository/com/fasterxml/jackson/datatype/jackson-datatype-jsr310/2.12.1/jackson-datatype-jsr310-2.12.1.jar:/home/runner/.m2/repository/org/apache/ozone/hdds-test-utils/1.2.0-SNAPSHOT/hdds-test-utils-1.2.0-SNAPSHOT.jar:/home/runner/.m2/repository/com/google/guava/guava/30.1.1-jre/guava-30.1.1-jre.jar:/home/runner/.m2/repository/com/google/guava/failureaccess/1.0.1/failureaccess-1.0.1.jar:/home/runner/.m2/repository/com/google/guava/listenablefuture/9999.0-empty-to-avoid-conflict-with-guava/listenablefuture-9999.0-empty-to-avoid-conflict-with-guava.jar:/home/runner/.m2/repository/com/google/code/findbugs/jsr305/3.0.0/jsr305-3.0.0.jar:/home/runner/.m2/repository/org/checkerframework/checker-qual/3.8.0/checker-qual-3.8.0.jar:/home/runner/.m2/repository/com/google/errorprone/error_prone_annotations/2.2.0/error_prone_annotations-2.2.0.jar:/home/runner/.m2/repository/com/google/j2objc/j2objc-annotations/1.3/j2objc-annotations-1.3.jar:/home/runner/.m2/repository/commons-io/commons-io/2.8.0/commons-io-2.8.0.jar:/home/runner/.m2/repository/commons-logging/commons-logging/1.2/commons-logging-1.2.jar:/home/runner/.m2/repository/log4j/log4j/1.2.17/log4j-1.2.17.jar:/home/runner/.m2/repository/org/slf4j/slf4j-api/1.7.30/slf4j-api-1.7.30.jar:/home/runner/.m2/repository/org/apache/ozone/hdds-server-scm/1.2.0-SNAPSHOT/hdds-server-scm-1.2.0-SNAPSHOT.jar:/home/runner/.m2/repository/org/apache/ozone/hdds-container-service/1.2.0-SNAPSHOT/hdds-container-service-1.2.0-SNAPSHOT.jar:/home/runner/.m2/repository/org/apache/ozone/hdds-hadoop-dependency-server/1.2.0-SNAPSHOT/hdds-hadoop-dependency-server-1.2.0-SNAPSHOT.jar:/home/runner/.m2/repository/org/apache/hadoop/hadoop-hdfs/3.3.1/hadoop-hdfs-3.3.1.jar:/home/runner/.m2/repository/io/dropwizard/metrics/metrics-core/3.2.4/metrics-core-3.2.4.jar:/home/runner/.m2/repository/org/apache/hadoop/hadoop-hdfs-client/3.3.1/hadoop-hdfs-client-3.3.1.jar:/home/runner/.m2/repository/org/bouncycastle/bcprov-jdk15on/1.67/bcprov-jdk15on-1.67.jar:/home/runner/.m2/repository/com/google/protobuf/protobuf-java/2.5.0/protobuf-java-2.5.0.jar:/home/runner/.m2/repository/org/apache/ozone/ozone-manager/1.2.0-SNAPSHOT/ozone-manager-1.2.0-SNAPSHOT.jar:/home/runner/.m2/repository/org/aspectj/aspectjrt/1.8.9/aspectjrt-1.8.9.jar:/home/runner/.m2/repository/org/aspectj/aspectjweaver/1.8.9/aspectjweaver-1.8.9.jar:/home/runner/.m2/repository/org/apache/ozone/hdds-interface-client/1.2.0-SNAPSHOT/hdds-interface-client-1.2.0-SNAPSHOT.jar:/home/runner/.m2/repository/org/apache/hadoop/thirdparty/hadoop-shaded-protobuf_3_7/1.1.1/hadoop-shaded-protobuf_3_7-1.1.1.jar:/home/runner/.m2/repository/org/apache/ratis/ratis-thirdparty-misc/0.7.0/ratis-thirdparty-misc-0.7.0.jar:/home/runner/.m2/repository/org/apache/ozone/ozone-interface-storage/1.2.0-SNAPSHOT/ozone-interface-storage-1.2.0-SNAPSHOT.jar:/home/runner/.m2/repository/org/reflections/reflections/0.9.11/reflections-0.9.11.jar:/home/runner/.m2/repository/org/apache/hadoop/hadoop-minikdc/3.3.1/hadoop-minikdc-3.3.1.jar:/home/runner/.m2/repository/org/apache/kerby/kerb-simplekdc/1.0.1/kerb-simplekdc-1.0.1.jar:/home/runner/.m2/repository/org/apache/kerby/kerb-client/1.0.1/kerb-client-1.0.1.jar:/home/runner/.m2/repository/org/apache/kerby/kerby-config/1.0.1/kerby-config-1.0.1.jar:/home/runner/.m2/repository/org/apache/kerby/kerb-common/1.0.1/kerb-common-1.0.1.jar:/home/runner/.m2/repository/org/apache/kerby/kerb-crypto/1.0.1/kerb-crypto-1.0.1.jar:/home/runner/.m2/repository/org/apache/kerby/kerb-util/1.0.1/kerb-util-1.0.1.jar:/home/runner/.m2/repository/org/apache/kerby/token-provider/1.0.1/token-provider-1.0.1.jar:/home/runner/.m2/repository/org/apache/kerby/kerb-admin/1.0.1/kerb-admin-1.0.1.jar:/home/runner/.m2/repository/org/apache/kerby/kerb-server/1.0.1/kerb-server-1.0.1.jar:/home/runner/.m2/repository/org/apache/kerby/kerb-identity/1.0.1/kerb-identity-1.0.1.jar:/home/runner/.m2/repository/org/apache/kerby/kerby-xdr/1.0.1/kerby-xdr-1.0.1.jar:/home/runner/.m2/repository/org/slf4j/slf4j-log4j12/1.7.30/slf4j-log4j12-1.7.30.jar:/home/runner/.m2/repository/org/apache/ozone/ozone-s3gateway/1.2.0-SNAPSHOT/ozone-s3gateway-1.2.0-SNAPSHOT.jar:/home/runner/.m2/repository/org/javassist/javassist/3.21.0-GA/javassist-3.21.0-GA.jar:/home/runner/.m2/repository/org/jboss/weld/servlet/weld-servlet/2.4.7.Final/weld-servlet-2.4.7.Final.jar:/home/runner/.m2/repository/org/glassfish/jersey/containers/jersey-container-servlet-core/2.33/jersey-container-servlet-core-2.33.jar:/home/runner/.m2/repository/org/glassfish/hk2/external/jakarta.inject/2.6.1/jakarta.inject-2.6.1.jar:/home/runner/.m2/repository/org/glassfish/jersey/core/jersey-common/2.33/jersey-common-2.33.jar:/home/runner/.m2/repository/jakarta/ws/rs/jakarta.ws.rs-api/2.1.6/jakarta.ws.rs-api-2.1.6.jar:/home/runner/.m2/repository/org/glassfish/jersey/ext/cdi/jersey-cdi1x/2.33/jersey-cdi1x-2.33.jar:/home/runner/.m2/repository/org/glassfish/jersey/inject/jersey-hk2/2.33/jersey-hk2-2.33.jar:/home/runner/.m2/repository/org/glassfish/hk2/hk2-locator/2.6.1/hk2-locator-2.6.1.jar:/home/runner/.m2/repository/org/glassfish/jersey/media/jersey-media-jaxb/2.33/jersey-media-jaxb-2.33.jar:/home/runner/.m2/repository/org/glassfish/hk2/osgi-resource-locator/1.0.3/osgi-resource-locator-1.0.3.jar:/home/runner/.m2/repository/org/glassfish/hk2/hk2-api/2.5.0/hk2-api-2.5.0.jar:/home/runner/.m2/repository/org/glassfish/hk2/hk2-utils/2.5.0/hk2-utils-2.5.0.jar:/home/runner/.m2/repository/org/glassfish/hk2/external/aopalliance-repackaged/2.5.0/aopalliance-repackaged-2.5.0.jar:/home/runner/.m2/repository/com/fasterxml/jackson/dataformat/jackson-dataformat-xml/2.12.1/jackson-dataformat-xml-2.12.1.jar:/home/runner/.m2/repository/com/fasterxml/jackson/core/jackson-core/2.12.1/jackson-core-2.12.1.jar:/home/runner/.m2/repository/com/fasterxml/jackson/module/jackson-module-jaxb-annotations/2.12.1/jackson-module-jaxb-annotations-2.12.1.jar:/home/runner/.m2/repository/jakarta/xml/bind/jakarta.xml.bind-api/2.3.2/jakarta.xml.bind-api-2.3.2.jar:/home/runner/.m2/repository/org/codehaus/woodstox/stax2-api/3.1.4/stax2-api-3.1.4.jar:/home/runner/.m2/repository/com/fasterxml/woodstox/woodstox-core/5.0.3/woodstox-core-5.0.3.jar:/home/runner/.m2/repository/javax/enterprise/cdi-api/1.2/cdi-api-1.2.jar:/home/runner/.m2/repository/javax/el/javax.el-api/3.0.0/javax.el-api-3.0.0.jar:/home/runner/.m2/repository/javax/interceptor/javax.interceptor-api/1.2/javax.interceptor-api-1.2.jar:/home/runner/.m2/repository/javax/inject/javax.inject/1/javax.inject-1.jar:/home/runner/.m2/repository/javax/xml/bind/jaxb-api/2.3.0/jaxb-api-2.3.0.jar:/home/runner/.m2/repository/org/glassfish/jaxb/jaxb-runtime/2.3.0.1/jaxb-runtime-2.3.0.1.jar:/home/runner/.m2/repository/org/glassfish/jaxb/jaxb-core/2.3.0.1/jaxb-core-2.3.0.1.jar:/home/runner/.m2/repository/org/glassfish/jaxb/txw2/2.3.0.1/txw2-2.3.0.1.jar:/home/runner/.m2/repository/com/sun/istack/istack-commons-runtime/3.0.5/istack-commons-runtime-3.0.5.jar:/home/runner/.m2/repository/org/jvnet/staxex/stax-ex/1.7.8/stax-ex-1.7.8.jar:/home/runner/.m2/repository/com/sun/xml/fastinfoset/FastInfoset/1.2.13/FastInfoset-1.2.13.jar:/home/runner/.m2/repository/javax/activation/activation/1.1.1/activation-1.1.1.jar:/home/runner/.m2/repository/org/apache/ozone/ozone-csi/1.2.0-SNAPSHOT/ozone-csi-1.2.0-SNAPSHOT.jar:/home/runner/.m2/repository/com/google/protobuf/protobuf-java-util/3.12.0/protobuf-java-util-3.12.0.jar:/home/runner/.m2/repository/com/google/code/gson/gson/2.2.4/gson-2.2.4.jar:/home/runner/.m2/repository/org/apache/ozone/hdds-config/1.2.0-SNAPSHOT/hdds-config-1.2.0-SNAPSHOT.jar:/home/runner/.m2/repository/io/grpc/grpc-netty/1.33.0/grpc-netty-1.33.0.jar:/home/runner/.m2/repository/io/grpc/grpc-core/1.33.0/grpc-core-1.33.0.jar:/home/runner/.m2/repository/com/google/android/annotations/4.1.1.4/annotations-4.1.1.4.jar:/home/runner/.m2/repository/io/netty/netty-codec-http2/4.1.63.Final/netty-codec-http2-4.1.63.Final.jar:/home/runner/.m2/repository/io/netty/netty-codec-http/4.1.63.Final/netty-codec-http-4.1.63.Final.jar:/home/runner/.m2/repository/io/netty/netty-handler-proxy/4.1.63.Final/netty-handler-proxy-4.1.63.Final.jar:/home/runner/.m2/repository/io/netty/netty-codec-socks/4.1.63.Final/netty-codec-socks-4.1.63.Final.jar:/home/runner/.m2/repository/io/perfmark/perfmark-api/0.19.0/perfmark-api-0.19.0.jar:/home/runner/.m2/repository/org/codehaus/mojo/animal-sniffer-annotations/1.18/animal-sniffer-annotations-1.18.jar:/home/runner/.m2/repository/io/netty/netty-transport-native-epoll/4.1.63.Final/netty-transport-native-epoll-4.1.63.Final.jar:/home/runner/.m2/repository/io/netty/netty-common/4.1.63.Final/netty-common-4.1.63.Final.jar:/home/runner/.m2/repository/io/netty/netty-buffer/4.1.63.Final/netty-buffer-4.1.63.Final.jar:/home/runner/.m2/repository/io/netty/netty-transport-native-unix-common/4.1.63.Final/netty-transport-native-unix-common-4.1.63.Final.jar:/home/runner/.m2/repository/io/grpc/grpc-protobuf/1.33.0/grpc-protobuf-1.33.0.jar:/home/runner/.m2/repository/io/grpc/grpc-api/1.33.0/grpc-api-1.33.0.jar:/home/runner/.m2/repository/io/grpc/grpc-context/1.33.0/grpc-context-1.33.0.jar:/home/runner/.m2/repository/com/google/api/grpc/proto-google-common-protos/1.17.0/proto-google-common-protos-1.17.0.jar:/home/runner/.m2/repository/io/grpc/grpc-protobuf-lite/1.33.0/grpc-protobuf-lite-1.33.0.jar:/home/runner/.m2/repository/io/grpc/grpc-stub/1.33.0/grpc-stub-1.33.0.jar:/home/runner/.m2/repository/org/apache/ozone/ozone-recon/1.2.0-SNAPSHOT/ozone-recon-1.2.0-SNAPSHOT.jar:/home/runner/.m2/repository/org/apache/ozone/ozone-reconcodegen/1.2.0-SNAPSHOT/ozone-reconcodegen-1.2.0-SNAPSHOT.jar:/home/runner/.m2/repository/com/google/inject/extensions/guice-multibindings/4.0/guice-multibindings-4.0.jar:/home/runner/.m2/repository/com/google/inject/guice/4.0/guice-4.0.jar:/home/runner/.m2/repository/aopalliance/aopalliance/1.0/aopalliance-1.0.jar:/home/runner/.m2/repository/com/google/inject/extensions/guice-assistedinject/4.0/guice-assistedinject-4.0.jar:/home/runner/.m2/repository/com/google/inject/extensions/guice-servlet/4.0/guice-servlet-4.0.jar:/home/runner/.m2/repository/org/glassfish/jersey/containers/jersey-container-servlet/2.33/jersey-container-servlet-2.33.jar:/home/runner/.m2/repository/org/glassfish/hk2/guice-bridge/2.5.0/guice-bridge-2.5.0.jar:/home/runner/.m2/repository/org/glassfish/jersey/core/jersey-server/2.33/jersey-server-2.33.jar:/home/runner/.m2/repository/org/glassfish/jersey/core/jersey-client/2.33/jersey-client-2.33.jar:/home/runner/.m2/repository/jakarta/annotation/jakarta.annotation-api/1.3.5/jakarta.annotation-api-1.3.5.jar:/home/runner/.m2/repository/jakarta/validation/jakarta.validation-api/2.0.2/jakarta.validation-api-2.0.2.jar:/home/runner/.m2/repository/org/glassfish/jersey/media/jersey-media-json-jackson/2.33/jersey-media-json-jackson-2.33.jar:/home/runner/.m2/repository/org/glassfish/jersey/ext/jersey-entity-filtering/2.33/jersey-entity-filtering-2.33.jar:/home/runner/.m2/repository/org/jooq/jooq/3.11.10/jooq-3.11.10.jar:/home/runner/.m2/repository/org/jooq/jooq-meta/3.11.10/jooq-meta-3.11.10.jar:/home/runner/.m2/repository/org/jooq/jooq-codegen/3.11.10/jooq-codegen-3.11.10.jar:/home/runner/.m2/repository/com/jolbox/bonecp/0.8.0.RELEASE/bonecp-0.8.0.RELEASE.jar:/home/runner/.m2/repository/org/apache/derby/derby/10.14.2.0/derby-10.14.2.0.jar:/home/runner/.m2/repository/org/xerial/sqlite-jdbc/3.25.2/sqlite-jdbc-3.25.2.jar:/home/runner/.m2/repository/org/springframework/spring-jdbc/5.2.11.RELEASE/spring-jdbc-5.2.11.RELEASE.jar:/home/runner/.m2/repository/org/springframework/spring-beans/5.2.11.RELEASE/spring-beans-5.2.11.RELEASE.jar:/home/runner/.m2/repository/org/springframework/spring-core/5.2.11.RELEASE/spring-core-5.2.11.RELEASE.jar:/home/runner/.m2/repository/org/springframework/spring-jcl/5.2.11.RELEASE/spring-jcl-5.2.11.RELEASE.jar:/home/runner/.m2/repository/org/springframework/spring-tx/5.2.11.RELEASE/spring-tx-5.2.11.RELEASE.jar:/home/runner/.m2/repository/org/apache/ozone/ozone-client/1.2.0-SNAPSHOT/ozone-client-1.2.0-SNAPSHOT.jar:/home/runner/.m2/repository/org/apache/ozone/ozone-filesystem/1.2.0-SNAPSHOT/ozone-filesystem-1.2.0-SNAPSHOT.jar:/home/runner/.m2/repository/org/apache/ozone/ozone-filesystem-common/1.2.0-SNAPSHOT/ozone-filesystem-common-1.2.0-SNAPSHOT.jar:/home/runner/.m2/repository/org/apache/ozone/ozone-tools/1.2.0-SNAPSHOT/ozone-tools-1.2.0-SNAPSHOT.jar:/home/runner/.m2/repository/org/apache/ratis/ratis-tools/2.1.0/ratis-tools-2.1.0.jar:/home/runner/.m2/repository/org/apache/ratis/ratis-proto/2.1.0/ratis-proto-2.1.0.jar:/home/runner/.m2/repository/org/apache/ratis/ratis-common/2.1.0/ratis-common-2.1.0.jar:/home/runner/.m2/repository/com/amazonaws/aws-java-sdk-core/1.11.901/aws-java-sdk-core-1.11.901.jar:/home/runner/.m2/repository/org/apache/httpcomponents/httpclient/4.5.13/httpclient-4.5.13.jar:/home/runner/.m2/repository/org/apache/httpcomponents/httpcore/4.4.13/httpcore-4.4.13.jar:/home/runner/.m2/repository/software/amazon/ion/ion-java/1.0.2/ion-java-1.0.2.jar:/home/runner/.m2/repository/com/fasterxml/jackson/dataformat/jackson-dataformat-cbor/2.12.1/jackson-dataformat-cbor-2.12.1.jar:/home/runner/.m2/repository/joda-time/joda-time/2.8.1/joda-time-2.8.1.jar:/home/runner/.m2/repository/com/amazonaws/aws-java-sdk-s3/1.11.901/aws-java-sdk-s3-1.11.901.jar:/home/runner/.m2/repository/com/amazonaws/aws-java-sdk-kms/1.11.901/aws-java-sdk-kms-1.11.901.jar:/home/runner/.m2/repository/com/amazonaws/jmespath-java/1.11.901/jmespath-java-1.11.901.jar:/home/runner/.m2/repository/org/kohsuke/metainf-services/metainf-services/1.8/metainf-services-1.8.jar:/home/runner/.m2/repository/org/apache/ozone/hdds-tools/1.2.0-SNAPSHOT/hdds-tools-1.2.0-SNAPSHOT.jar:/home/runner/.m2/repository/commons-cli/commons-cli/1.2/commons-cli-1.2.jar:/home/runner/.m2/repository/org/apache/commons/commons-lang3/3.7/commons-lang3-3.7.jar:/home/runner/.m2/repository/org/apache/ozone/ozone-manager/1.2.0-SNAPSHOT/ozone-manager-1.2.0-SNAPSHOT-tests.jar:/home/runner/.m2/repository/org/apache/ozone/hdds-common/1.2.0-SNAPSHOT/hdds-common-1.2.0-SNAPSHOT-tests.jar:/home/runner/.m2/repository/org/apache/ozone/hdds-hadoop-dependency-client/1.2.0-SNAPSHOT/hdds-hadoop-dependency-client-1.2.0-SNAPSHOT.jar:/home/runner/.m2/repository/info/picocli/picocli/4.4.0/picocli-4.4.0.jar:/home/runner/.m2/repository/com/fasterxml/jackson/core/jackson-annotations/2.12.1/jackson-annotations-2.12.1.jar:/home/runner/.m2/repository/javax/annotation/javax.annotation-api/1.2/javax.annotation-api-1.2.jar:/home/runner/.m2/repository/org/apache/ratis/ratis-server/2.1.0/ratis-server-2.1.0.jar:/home/runner/.m2/repository/org/apache/ratis/ratis-client/2.1.0/ratis-client-2.1.0.jar:/home/runner/.m2/repository/org/apache/ratis/ratis-server-api/2.1.0/ratis-server-api-2.1.0.jar:/home/runner/.m2/repository/org/apache/ratis/ratis-metrics/2.1.0/ratis-metrics-2.1.0.jar:/home/runner/.m2/repository/org/apache/ratis/ratis-netty/2.1.0/ratis-netty-2.1.0.jar:/home/runner/.m2/repository/org/apache/ratis/ratis-grpc/2.1.0/ratis-grpc-2.1.0.jar:/home/runner/.m2/repository/org/apache/logging/log4j/log4j-api/2.13.3/log4j-api-2.13.3.jar:/home/runner/.m2/repository/org/apache/logging/log4j/log4j-core/2.13.3/log4j-core-2.13.3.jar:/home/runner/.m2/repository/com/lmax/disruptor/3.4.2/disruptor-3.4.2.jar:/home/runner/.m2/repository/org/apache/commons/commons-pool2/2.6.0/commons-pool2-2.6.0.jar:/home/runner/.m2/repository/org/bouncycastle/bcpkix-jdk15on/1.67/bcpkix-jdk15on-1.67.jar:/home/runner/.m2/repository/commons-validator/commons-validator/1.6/commons-validator-1.6.jar:/home/runner/.m2/repository/commons-beanutils/commons-beanutils/1.9.4/commons-beanutils-1.9.4.jar:/home/runner/.m2/repository/commons-digester/commons-digester/1.8.1/commons-digester-1.8.1.jar:/home/runner/.m2/repository/commons-collections/commons-collections/3.2.2/commons-collections-3.2.2.jar:/home/runner/.m2/repository/io/jaegertracing/jaeger-client/1.6.0/jaeger-client-1.6.0.jar:/home/runner/.m2/repository/io/jaegertracing/jaeger-thrift/1.6.0/jaeger-thrift-1.6.0.jar:/home/runner/.m2/repository/org/apache/thrift/libthrift/0.14.1/libthrift-0.14.1.jar:/home/runner/.m2/repository/com/squareup/okhttp3/okhttp/4.9.0/okhttp-4.9.0.jar:/home/runner/.m2/repository/com/squareup/okio/okio/2.8.0/okio-2.8.0.jar:/home/runner/.m2/repository/io/jaegertracing/jaeger-core/1.6.0/jaeger-core-1.6.0.jar:/home/runner/.m2/repository/io/jaegertracing/jaeger-tracerresolver/1.6.0/jaeger-tracerresolver-1.6.0.jar:/home/runner/.m2/repository/io/opentracing/contrib/opentracing-tracerresolver/0.1.8/opentracing-tracerresolver-0.1.8.jar:/home/runner/.m2/repository/org/jetbrains/kotlin/kotlin-stdlib/1.4.31/kotlin-stdlib-1.4.31.jar:/home/runner/.m2/repository/org/jetbrains/kotlin/kotlin-stdlib-common/1.4.31/kotlin-stdlib-common-1.4.31.jar:/home/runner/.m2/repository/org/jetbrains/annotations/13.0/annotations-13.0.jar:/home/runner/.m2/repository/io/opentracing/opentracing-util/0.33.0/opentracing-util-0.33.0.jar:/home/runner/.m2/repository/io/opentracing/opentracing-api/0.33.0/opentracing-api-0.33.0.jar:/home/runner/.m2/repository/io/opentracing/opentracing-noop/0.33.0/opentracing-noop-0.33.0.jar:/home/runner/.m2/repository/org/yaml/snakeyaml/1.26/snakeyaml-1.26.jar:/home/runner/.m2/repository/org/apache/ozone/hdds-interface-admin/1.2.0-SNAPSHOT/hdds-interface-admin-1.2.0-SNAPSHOT.jar:/home/runner/.m2/repository/junit/junit/4.13.1/junit-4.13.1.jar:/home/runner/.m2/repository/org/hamcrest/hamcrest-core/1.3/hamcrest-core-1.3.jar:/home/runner/.m2/repository/org/junit/jupiter/junit-jupiter-api/5.7.0/junit-jupiter-api-5.7.0.jar:/home/runner/.m2/repository/org/apiguardian/apiguardian-api/1.1.0/apiguardian-api-1.1.0.jar:/home/runner/.m2/repository/org/opentest4j/opentest4j/1.2.0/opentest4j-1.2.0.jar:/home/runner/.m2/repository/org/junit/platform/junit-platform-commons/1.7.0/junit-platform-commons-1.7.0.jar:/home/runner/.m2/repository/org/junit/jupiter/junit-jupiter-engine/5.7.0/junit-jupiter-engine-5.7.0.jar:/home/runner/.m2/repository/org/junit/platform/junit-platform-engine/1.7.0/junit-platform-engine-1.7.0.jar:/home/runner/.m2/repository/org/junit/vintage/junit-vintage-engine/5.7.0/junit-vintage-engine-5.7.0.jar:/home/runner/.m2/repository/org/junit/platform/junit-platform-launcher/1.7.0/junit-platform-launcher-1.7.0.jar:/home/runner/.m2/repository/org/openjdk/jmh/jmh-core/1.19/jmh-core-1.19.jar:/home/runner/.m2/repository/net/sf/jopt-simple/jopt-simple/4.6/jopt-simple-4.6.jar:/home/runner/.m2/repository/org/apache/commons/commons-math3/3.1.1/commons-math3-3.1.1.jar:/home/runner/.m2/repository/org/openjdk/jmh/jmh-generator-annprocess/1.19/jmh-generator-annprocess-1.19.jar:/home/runner/.m2/repository/org/mockito/mockito-core/2.28.2/mockito-core-2.28.2.jar:/home/runner/.m2/repository/net/bytebuddy/byte-buddy/1.9.10/byte-buddy-1.9.10.jar:/home/runner/.m2/repository/net/bytebuddy/byte-buddy-agent/1.9.10/byte-buddy-agent-1.9.10.jar:/home/runner/.m2/repository/org/objenesis/objenesis/1.0/objenesis-1.0.jar:/home/runner/.m2/repository/org/apache/hadoop/hadoop-kms/3.3.1/hadoop-kms-3.3.1.jar:/home/runner/.m2/repository/org/apache/hadoop/hadoop-auth/3.3.1/hadoop-auth-3.3.1.jar:/home/runner/.m2/repository/com/nimbusds/nimbus-jose-jwt/7.9/nimbus-jose-jwt-7.9.jar:/home/runner/.m2/repository/com/github/stephenc/jcip/jcip-annotations/1.0-1/jcip-annotations-1.0-1.jar:/home/runner/.m2/repository/net/minidev/json-smart/2.3/json-smart-2.3.jar:/home/runner/.m2/repository/net/minidev/accessors-smart/1.2/accessors-smart-1.2.jar:/home/runner/.m2/repository/org/ow2/asm/asm/5.0.4/asm-5.0.4.jar:/home/runner/.m2/repository/org/apache/zookeeper/zookeeper/3.5.6/zookeeper-3.5.6.jar:/home/runner/.m2/repository/org/apache/zookeeper/zookeeper-jute/3.5.6/zookeeper-jute-3.5.6.jar:/home/runner/.m2/repository/org/apache/yetus/audience-annotations/0.5.0/audience-annotations-0.5.0.jar:/home/runner/.m2/repository/org/apache/curator/curator-framework/4.2.0/curator-framework-4.2.0.jar:/home/runner/.m2/repository/org/apache/hadoop/thirdparty/hadoop-shaded-guava/1.1.1/hadoop-shaded-guava-1.1.1.jar:/home/runner/.m2/repository/com/sun/jersey/jersey-core/1.19/jersey-core-1.19.jar:/home/runner/.m2/repository/javax/ws/rs/jsr311-api/1.1.1/jsr311-api-1.1.1.jar:/home/runner/.m2/repository/com/sun/jersey/jersey-server/1.19/jersey-server-1.19.jar:/home/runner/.m2/repository/javax/servlet/javax.servlet-api/3.1.0/javax.servlet-api-3.1.0.jar:/home/runner/.m2/repository/org/eclipse/jetty/jetty-server/9.4.35.v20201120/jetty-server-9.4.35.v20201120.jar:/home/runner/.m2/repository/org/eclipse/jetty/jetty-http/9.4.35.v20201120/jetty-http-9.4.35.v20201120.jar:/home/runner/.m2/repository/org/eclipse/jetty/jetty-io/9.4.35.v20201120/jetty-io-9.4.35.v20201120.jar:/home/runner/.m2/repository/org/eclipse/jetty/jetty-webapp/9.4.35.v20201120/jetty-webapp-9.4.35.v20201120.jar:/home/runner/.m2/repository/org/eclipse/jetty/jetty-xml/9.4.35.v20201120/jetty-xml-9.4.35.v20201120.jar:/home/runner/.m2/repository/org/apache/hadoop/hadoop-common/3.3.1/hadoop-common-3.3.1.jar:/home/runner/.m2/repository/commons-net/commons-net/3.6/commons-net-3.6.jar:/home/runner/.m2/repository/jakarta/activation/jakarta.activation-api/1.2.1/jakarta.activation-api-1.2.1.jar:/home/runner/.m2/repository/com/sun/jersey/jersey-servlet/1.19/jersey-servlet-1.19.jar:/home/runner/.m2/repository/com/sun/jersey/jersey-json/1.19/jersey-json-1.19.jar:/home/runner/.m2/repository/org/codehaus/jettison/jettison/1.1/jettison-1.1.jar:/home/runner/.m2/repository/com/sun/xml/bind/jaxb-impl/2.2.3-1/jaxb-impl-2.2.3-1.jar:/home/runner/.m2/repository/org/codehaus/jackson/jackson-jaxrs/1.9.2/jackson-jaxrs-1.9.2.jar:/home/runner/.m2/repository/org/codehaus/jackson/jackson-xc/1.9.2/jackson-xc-1.9.2.jar:/home/runner/.m2/repository/org/apache/commons/commons-configuration2/2.1.1/commons-configuration2-2.1.1.jar:/home/runner/.m2/repository/org/apache/commons/commons-text/1.4/commons-text-1.4.jar:/home/runner/.m2/repository/com/google/re2j/re2j/1.1/re2j-1.1.jar:/home/runner/.m2/repository/com/jcraft/jsch/0.1.54/jsch-0.1.54.jar:/home/runner/.m2/repository/org/apache/curator/curator-client/4.2.0/curator-client-4.2.0.jar:/home/runner/.m2/repository/org/apache/curator/curator-recipes/4.2.0/curator-recipes-4.2.0.jar:/home/runner/.m2/repository/org/apache/kerby/kerb-core/1.0.1/kerb-core-1.0.1.jar:/home/runner/.m2/repository/org/apache/kerby/kerby-pkix/1.0.1/kerby-pkix-1.0.1.jar:/home/runner/.m2/repository/org/apache/kerby/kerby-asn1/1.0.1/kerby-asn1-1.0.1.jar:/home/runner/.m2/repository/org/apache/kerby/kerby-util/1.0.1/kerby-util-1.0.1.jar:/home/runner/.m2/repository/dnsjava/dnsjava/2.1.7/dnsjava-2.1.7.jar:/home/runner/.m2/repository/org/xerial/snappy/snappy-java/1.1.8.2/snappy-java-1.1.8.2.jar:/home/runner/.m2/repository/org/slf4j/jul-to-slf4j/1.7.30/jul-to-slf4j-1.7.30.jar:/home/runner/.m2/repository/org/eclipse/jetty/jetty-util/9.4.35.v20201120/jetty-util-9.4.35.v20201120.jar:/home/runner/.m2/repository/com/fasterxml/jackson/core/jackson-databind/2.12.1/jackson-databind-2.12.1.jar:/home/runner/.m2/repository/org/apache/hadoop/hadoop-kms/3.3.1/hadoop-kms-3.3.1-tests.jar:/home/runner/.m2/repository/org/apache/ozone/hdds-server-scm/1.2.0-SNAPSHOT/hdds-server-scm-1.2.0-SNAPSHOT-tests.jar:/home/runner/.m2/repository/org/apache/ozone/hdds-container-service/1.2.0-SNAPSHOT/hdds-container-service-1.2.0-SNAPSHOT-tests.jar:/home/runner/.m2/repository/commons-codec/commons-codec/1.11/commons-codec-1.11.jar:/home/runner/.m2/repository/io/netty/netty-transport/4.1.63.Final/netty-transport-4.1.63.Final.jar:/home/runner/.m2/repository/io/netty/netty-resolver/4.1.63.Final/netty-resolver-4.1.63.Final.jar:/home/runner/.m2/repository/io/netty/netty-codec/4.1.63.Final/netty-codec-4.1.63.Final.jar:/home/runner/.m2/repository/io/netty/netty-handler/4.1.63.Final/netty-handler-4.1.63.Final.jar:/home/runner/.m2/repository/org/apache/ozone/hdds-hadoop-dependency-test/1.2.0-SNAPSHOT/hdds-hadoop-dependency-test-1.2.0-SNAPSHOT.jar:/home/runner/.m2/repository/org/apache/hadoop/hadoop-common/3.3.1/hadoop-common-3.3.1-tests.jar:/home/runner/.m2/repository/org/assertj/assertj-core/3.12.2/assertj-core-3.12.2.jar:/home/runner/.m2/repository/org/apache/hadoop/hadoop-hdfs/3.3.1/hadoop-hdfs-3.3.1-tests.jar:/home/runner/.m2/repository/org/eclipse/jetty/jetty-util-ajax/9.4.35.v20201120/jetty-util-ajax-9.4.35.v20201120.jar:/home/runner/.m2/repository/commons-daemon/commons-daemon/1.0.13/commons-daemon-1.0.13.jar:/home/runner/.m2/repository/io/netty/netty/3.10.6.Final/netty-3.10.6.Final.jar:/home/runner/.m2/repository/io/netty/netty-all/4.1.63.Final/netty-all-4.1.63.Final.jar:/home/runner/.m2/repository/org/apache/htrace/htrace-core4/4.1.0-incubating/htrace-core4-4.1.0-incubating.jar:/home/runner/.m2/repository/org/fusesource/leveldbjni/leveldbjni-all/1.8/leveldbjni-all-1.8.jar:/home/runner/.m2/repository/org/apache/hadoop/hadoop-distcp/3.3.1/hadoop-distcp-3.3.1.jar:/home/runner/.m2/repository/org/apache/hadoop/hadoop-mapreduce-client-jobclient/3.3.1/hadoop-mapreduce-client-jobclient-3.3.1.jar:/home/runner/.m2/repository/org/apache/hadoop/hadoop-mapreduce-client-common/3.3.1/hadoop-mapreduce-client-common-3.3.1.jar:/home/runner/.m2/repository/org/apache/hadoop/hadoop-yarn-common/3.3.1/hadoop-yarn-common-3.3.1.jar:/home/runner/.m2/repository/org/apache/hadoop/hadoop-yarn-api/3.3.1/hadoop-yarn-api-3.3.1.jar:/home/runner/.m2/repository/com/sun/jersey/jersey-client/1.19/jersey-client-1.19.jar:/home/runner/.m2/repository/com/sun/jersey/contribs/jersey-guice/1.19/jersey-guice-1.19.jar:/home/runner/.m2/repository/com/fasterxml/jackson/jaxrs/jackson-jaxrs-json-provider/2.12.1/jackson-jaxrs-json-provider-2.12.1.jar:/home/runner/.m2/repository/com/fasterxml/jackson/jaxrs/jackson-jaxrs-base/2.12.1/jackson-jaxrs-base-2.12.1.jar:/home/runner/.m2/repository/org/apache/hadoop/hadoop-yarn-client/3.3.1/hadoop-yarn-client-3.3.1.jar:/home/runner/.m2/repository/org/eclipse/jetty/websocket/websocket-client/9.4.40.v20210413/websocket-client-9.4.40.v20210413.jar:/home/runner/.m2/repository/org/eclipse/jetty/jetty-client/9.4.40.v20210413/jetty-client-9.4.40.v20210413.jar:/home/runner/.m2/repository/org/eclipse/jetty/websocket/websocket-common/9.4.40.v20210413/websocket-common-9.4.40.v20210413.jar:/home/runner/.m2/repository/org/eclipse/jetty/websocket/websocket-api/9.4.40.v20210413/websocket-api-9.4.40.v20210413.jar:/home/runner/.m2/repository/org/jline/jline/3.9.0/jline-3.9.0.jar:/home/runner/.m2/repository/org/apache/hadoop/hadoop-mapreduce-client-core/3.3.1/hadoop-mapreduce-client-core-3.3.1.jar:/home/runner/.m2/repository/org/apache/avro/avro/1.7.7/avro-1.7.7.jar:/home/runner/.m2/repository/org/codehaus/jackson/jackson-core-asl/1.9.13/jackson-core-asl-1.9.13.jar:/home/runner/.m2/repository/org/codehaus/jackson/jackson-mapper-asl/1.9.13/jackson-mapper-asl-1.9.13.jar:/home/runner/.m2/repository/com/thoughtworks/paranamer/paranamer/2.3/paranamer-2.3.jar:/home/runner/.m2/repository/org/apache/hadoop/hadoop-annotations/3.3.1/hadoop-annotations-3.3.1.jar:/usr/lib/jvm/adoptopenjdk-8-hotspot-amd64/jre/../lib/tools.jar:/home/runner/.m2/repository/org/apache/hadoop/hadoop-distcp/3.3.1/hadoop-distcp-3.3.1-tests.jar:"/>
    <property name="java.vm.vendor" value="AdoptOpenJDK"/>
    <property name="sun.arch.data.model" value="64"/>
    <property name="test.build.dir" value="/home/runner/work/ozone/ozone/mnt/ozone/hadoop-ozone/integration-test/target/test-dir"/>
    <property name="test.cache.data" value=""/>
    <property name="java.vendor.url" value="https://adoptopenjdk.net/"/>
    <property name="user.timezone" value=""/>
    <property name="java.vm.specification.version" value="1.8"/>
    <property name="os.name" value="Linux"/>
    <property name="test.build.data" value="/home/runner/work/ozone/ozone/mnt/ozone/hadoop-ozone/integration-test/target/test-dir"/>
    <property name="sun.java.launcher" value="SUN_STANDARD"/>
    <property name="sun.boot.library.path" value="/usr/lib/jvm/adoptopenjdk-8-hotspot-amd64/jre/lib/amd64"/>
    <property name="sun.java.command" value="/home/runner/work/ozone/ozone/mnt/ozone/hadoop-ozone/integration-test/target/surefire/surefirebooter3820059401829368401.jar /home/runner/work/ozone/ozone/mnt/ozone/hadoop-ozone/integration-test/target/surefire 2021-08-02T05-00-45_536-jvmRun1 surefire4723561519734185188tmp surefire_225249221671561093926tmp"/>
    <property name="surefire.test.class.path" value="/home/runner/work/ozone/ozone/mnt/ozone/hadoop-ozone/integration-test/target/test-classes:/home/runner/work/ozone/ozone/mnt/ozone/hadoop-ozone/integration-test/target/classes:/home/runner/.m2/repository/org/apache/ozone/ozone-common/1.2.0-SNAPSHOT/ozone-common-1.2.0-SNAPSHOT.jar:/home/runner/.m2/repository/org/apache/commons/commons-compress/1.20/commons-compress-1.20.jar:/home/runner/.m2/repository/org/apache/ozone/hdds-common/1.2.0-SNAPSHOT/hdds-common-1.2.0-SNAPSHOT.jar:/home/runner/.m2/repository/org/apache/ozone/hdds-client/1.2.0-SNAPSHOT/hdds-client-1.2.0-SNAPSHOT.jar:/home/runner/.m2/repository/org/apache/ozone/ozone-interface-client/1.2.0-SNAPSHOT/ozone-interface-client-1.2.0-SNAPSHOT.jar:/home/runner/.m2/repository/org/apache/ozone/hdds-server-framework/1.2.0-SNAPSHOT/hdds-server-framework-1.2.0-SNAPSHOT.jar:/home/runner/.m2/repository/org/apache/ozone/hdds-interface-server/1.2.0-SNAPSHOT/hdds-interface-server-1.2.0-SNAPSHOT.jar:/home/runner/.m2/repository/org/eclipse/jetty/jetty-servlet/9.4.35.v20201120/jetty-servlet-9.4.35.v20201120.jar:/home/runner/.m2/repository/org/eclipse/jetty/jetty-security/9.4.35.v20201120/jetty-security-9.4.35.v20201120.jar:/home/runner/.m2/repository/org/rocksdb/rocksdbjni/6.20.3/rocksdbjni-6.20.3.jar:/home/runner/.m2/repository/io/prometheus/simpleclient_dropwizard/0.7.0/simpleclient_dropwizard-0.7.0.jar:/home/runner/.m2/repository/io/prometheus/simpleclient/0.7.0/simpleclient-0.7.0.jar:/home/runner/.m2/repository/io/prometheus/simpleclient_common/0.7.0/simpleclient_common-0.7.0.jar:/home/runner/.m2/repository/com/fasterxml/jackson/datatype/jackson-datatype-jsr310/2.12.1/jackson-datatype-jsr310-2.12.1.jar:/home/runner/.m2/repository/org/apache/ozone/hdds-test-utils/1.2.0-SNAPSHOT/hdds-test-utils-1.2.0-SNAPSHOT.jar:/home/runner/.m2/repository/com/google/guava/guava/30.1.1-jre/guava-30.1.1-jre.jar:/home/runner/.m2/repository/com/google/guava/failureaccess/1.0.1/failureaccess-1.0.1.jar:/home/runner/.m2/repository/com/google/guava/listenablefuture/9999.0-empty-to-avoid-conflict-with-guava/listenablefuture-9999.0-empty-to-avoid-conflict-with-guava.jar:/home/runner/.m2/repository/com/google/code/findbugs/jsr305/3.0.0/jsr305-3.0.0.jar:/home/runner/.m2/repository/org/checkerframework/checker-qual/3.8.0/checker-qual-3.8.0.jar:/home/runner/.m2/repository/com/google/errorprone/error_prone_annotations/2.2.0/error_prone_annotations-2.2.0.jar:/home/runner/.m2/repository/com/google/j2objc/j2objc-annotations/1.3/j2objc-annotations-1.3.jar:/home/runner/.m2/repository/commons-io/commons-io/2.8.0/commons-io-2.8.0.jar:/home/runner/.m2/repository/commons-logging/commons-logging/1.2/commons-logging-1.2.jar:/home/runner/.m2/repository/log4j/log4j/1.2.17/log4j-1.2.17.jar:/home/runner/.m2/repository/org/slf4j/slf4j-api/1.7.30/slf4j-api-1.7.30.jar:/home/runner/.m2/repository/org/apache/ozone/hdds-server-scm/1.2.0-SNAPSHOT/hdds-server-scm-1.2.0-SNAPSHOT.jar:/home/runner/.m2/repository/org/apache/ozone/hdds-container-service/1.2.0-SNAPSHOT/hdds-container-service-1.2.0-SNAPSHOT.jar:/home/runner/.m2/repository/org/apache/ozone/hdds-hadoop-dependency-server/1.2.0-SNAPSHOT/hdds-hadoop-dependency-server-1.2.0-SNAPSHOT.jar:/home/runner/.m2/repository/org/apache/hadoop/hadoop-hdfs/3.3.1/hadoop-hdfs-3.3.1.jar:/home/runner/.m2/repository/io/dropwizard/metrics/metrics-core/3.2.4/metrics-core-3.2.4.jar:/home/runner/.m2/repository/org/apache/hadoop/hadoop-hdfs-client/3.3.1/hadoop-hdfs-client-3.3.1.jar:/home/runner/.m2/repository/org/bouncycastle/bcprov-jdk15on/1.67/bcprov-jdk15on-1.67.jar:/home/runner/.m2/repository/com/google/protobuf/protobuf-java/2.5.0/protobuf-java-2.5.0.jar:/home/runner/.m2/repository/org/apache/ozone/ozone-manager/1.2.0-SNAPSHOT/ozone-manager-1.2.0-SNAPSHOT.jar:/home/runner/.m2/repository/org/aspectj/aspectjrt/1.8.9/aspectjrt-1.8.9.jar:/home/runner/.m2/repository/org/aspectj/aspectjweaver/1.8.9/aspectjweaver-1.8.9.jar:/home/runner/.m2/repository/org/apache/ozone/hdds-interface-client/1.2.0-SNAPSHOT/hdds-interface-client-1.2.0-SNAPSHOT.jar:/home/runner/.m2/repository/org/apache/hadoop/thirdparty/hadoop-shaded-protobuf_3_7/1.1.1/hadoop-shaded-protobuf_3_7-1.1.1.jar:/home/runner/.m2/repository/org/apache/ratis/ratis-thirdparty-misc/0.7.0/ratis-thirdparty-misc-0.7.0.jar:/home/runner/.m2/repository/org/apache/ozone/ozone-interface-storage/1.2.0-SNAPSHOT/ozone-interface-storage-1.2.0-SNAPSHOT.jar:/home/runner/.m2/repository/org/reflections/reflections/0.9.11/reflections-0.9.11.jar:/home/runner/.m2/repository/org/apache/hadoop/hadoop-minikdc/3.3.1/hadoop-minikdc-3.3.1.jar:/home/runner/.m2/repository/org/apache/kerby/kerb-simplekdc/1.0.1/kerb-simplekdc-1.0.1.jar:/home/runner/.m2/repository/org/apache/kerby/kerb-client/1.0.1/kerb-client-1.0.1.jar:/home/runner/.m2/repository/org/apache/kerby/kerby-config/1.0.1/kerby-config-1.0.1.jar:/home/runner/.m2/repository/org/apache/kerby/kerb-common/1.0.1/kerb-common-1.0.1.jar:/home/runner/.m2/repository/org/apache/kerby/kerb-crypto/1.0.1/kerb-crypto-1.0.1.jar:/home/runner/.m2/repository/org/apache/kerby/kerb-util/1.0.1/kerb-util-1.0.1.jar:/home/runner/.m2/repository/org/apache/kerby/token-provider/1.0.1/token-provider-1.0.1.jar:/home/runner/.m2/repository/org/apache/kerby/kerb-admin/1.0.1/kerb-admin-1.0.1.jar:/home/runner/.m2/repository/org/apache/kerby/kerb-server/1.0.1/kerb-server-1.0.1.jar:/home/runner/.m2/repository/org/apache/kerby/kerb-identity/1.0.1/kerb-identity-1.0.1.jar:/home/runner/.m2/repository/org/apache/kerby/kerby-xdr/1.0.1/kerby-xdr-1.0.1.jar:/home/runner/.m2/repository/org/slf4j/slf4j-log4j12/1.7.30/slf4j-log4j12-1.7.30.jar:/home/runner/.m2/repository/org/apache/ozone/ozone-s3gateway/1.2.0-SNAPSHOT/ozone-s3gateway-1.2.0-SNAPSHOT.jar:/home/runner/.m2/repository/org/javassist/javassist/3.21.0-GA/javassist-3.21.0-GA.jar:/home/runner/.m2/repository/org/jboss/weld/servlet/weld-servlet/2.4.7.Final/weld-servlet-2.4.7.Final.jar:/home/runner/.m2/repository/org/glassfish/jersey/containers/jersey-container-servlet-core/2.33/jersey-container-servlet-core-2.33.jar:/home/runner/.m2/repository/org/glassfish/hk2/external/jakarta.inject/2.6.1/jakarta.inject-2.6.1.jar:/home/runner/.m2/repository/org/glassfish/jersey/core/jersey-common/2.33/jersey-common-2.33.jar:/home/runner/.m2/repository/jakarta/ws/rs/jakarta.ws.rs-api/2.1.6/jakarta.ws.rs-api-2.1.6.jar:/home/runner/.m2/repository/org/glassfish/jersey/ext/cdi/jersey-cdi1x/2.33/jersey-cdi1x-2.33.jar:/home/runner/.m2/repository/org/glassfish/jersey/inject/jersey-hk2/2.33/jersey-hk2-2.33.jar:/home/runner/.m2/repository/org/glassfish/hk2/hk2-locator/2.6.1/hk2-locator-2.6.1.jar:/home/runner/.m2/repository/org/glassfish/jersey/media/jersey-media-jaxb/2.33/jersey-media-jaxb-2.33.jar:/home/runner/.m2/repository/org/glassfish/hk2/osgi-resource-locator/1.0.3/osgi-resource-locator-1.0.3.jar:/home/runner/.m2/repository/org/glassfish/hk2/hk2-api/2.5.0/hk2-api-2.5.0.jar:/home/runner/.m2/repository/org/glassfish/hk2/hk2-utils/2.5.0/hk2-utils-2.5.0.jar:/home/runner/.m2/repository/org/glassfish/hk2/external/aopalliance-repackaged/2.5.0/aopalliance-repackaged-2.5.0.jar:/home/runner/.m2/repository/com/fasterxml/jackson/dataformat/jackson-dataformat-xml/2.12.1/jackson-dataformat-xml-2.12.1.jar:/home/runner/.m2/repository/com/fasterxml/jackson/core/jackson-core/2.12.1/jackson-core-2.12.1.jar:/home/runner/.m2/repository/com/fasterxml/jackson/module/jackson-module-jaxb-annotations/2.12.1/jackson-module-jaxb-annotations-2.12.1.jar:/home/runner/.m2/repository/jakarta/xml/bind/jakarta.xml.bind-api/2.3.2/jakarta.xml.bind-api-2.3.2.jar:/home/runner/.m2/repository/org/codehaus/woodstox/stax2-api/3.1.4/stax2-api-3.1.4.jar:/home/runner/.m2/repository/com/fasterxml/woodstox/woodstox-core/5.0.3/woodstox-core-5.0.3.jar:/home/runner/.m2/repository/javax/enterprise/cdi-api/1.2/cdi-api-1.2.jar:/home/runner/.m2/repository/javax/el/javax.el-api/3.0.0/javax.el-api-3.0.0.jar:/home/runner/.m2/repository/javax/interceptor/javax.interceptor-api/1.2/javax.interceptor-api-1.2.jar:/home/runner/.m2/repository/javax/inject/javax.inject/1/javax.inject-1.jar:/home/runner/.m2/repository/javax/xml/bind/jaxb-api/2.3.0/jaxb-api-2.3.0.jar:/home/runner/.m2/repository/org/glassfish/jaxb/jaxb-runtime/2.3.0.1/jaxb-runtime-2.3.0.1.jar:/home/runner/.m2/repository/org/glassfish/jaxb/jaxb-core/2.3.0.1/jaxb-core-2.3.0.1.jar:/home/runner/.m2/repository/org/glassfish/jaxb/txw2/2.3.0.1/txw2-2.3.0.1.jar:/home/runner/.m2/repository/com/sun/istack/istack-commons-runtime/3.0.5/istack-commons-runtime-3.0.5.jar:/home/runner/.m2/repository/org/jvnet/staxex/stax-ex/1.7.8/stax-ex-1.7.8.jar:/home/runner/.m2/repository/com/sun/xml/fastinfoset/FastInfoset/1.2.13/FastInfoset-1.2.13.jar:/home/runner/.m2/repository/javax/activation/activation/1.1.1/activation-1.1.1.jar:/home/runner/.m2/repository/org/apache/ozone/ozone-csi/1.2.0-SNAPSHOT/ozone-csi-1.2.0-SNAPSHOT.jar:/home/runner/.m2/repository/com/google/protobuf/protobuf-java-util/3.12.0/protobuf-java-util-3.12.0.jar:/home/runner/.m2/repository/com/google/code/gson/gson/2.2.4/gson-2.2.4.jar:/home/runner/.m2/repository/org/apache/ozone/hdds-config/1.2.0-SNAPSHOT/hdds-config-1.2.0-SNAPSHOT.jar:/home/runner/.m2/repository/io/grpc/grpc-netty/1.33.0/grpc-netty-1.33.0.jar:/home/runner/.m2/repository/io/grpc/grpc-core/1.33.0/grpc-core-1.33.0.jar:/home/runner/.m2/repository/com/google/android/annotations/4.1.1.4/annotations-4.1.1.4.jar:/home/runner/.m2/repository/io/netty/netty-codec-http2/4.1.63.Final/netty-codec-http2-4.1.63.Final.jar:/home/runner/.m2/repository/io/netty/netty-codec-http/4.1.63.Final/netty-codec-http-4.1.63.Final.jar:/home/runner/.m2/repository/io/netty/netty-handler-proxy/4.1.63.Final/netty-handler-proxy-4.1.63.Final.jar:/home/runner/.m2/repository/io/netty/netty-codec-socks/4.1.63.Final/netty-codec-socks-4.1.63.Final.jar:/home/runner/.m2/repository/io/perfmark/perfmark-api/0.19.0/perfmark-api-0.19.0.jar:/home/runner/.m2/repository/org/codehaus/mojo/animal-sniffer-annotations/1.18/animal-sniffer-annotations-1.18.jar:/home/runner/.m2/repository/io/netty/netty-transport-native-epoll/4.1.63.Final/netty-transport-native-epoll-4.1.63.Final.jar:/home/runner/.m2/repository/io/netty/netty-common/4.1.63.Final/netty-common-4.1.63.Final.jar:/home/runner/.m2/repository/io/netty/netty-buffer/4.1.63.Final/netty-buffer-4.1.63.Final.jar:/home/runner/.m2/repository/io/netty/netty-transport-native-unix-common/4.1.63.Final/netty-transport-native-unix-common-4.1.63.Final.jar:/home/runner/.m2/repository/io/grpc/grpc-protobuf/1.33.0/grpc-protobuf-1.33.0.jar:/home/runner/.m2/repository/io/grpc/grpc-api/1.33.0/grpc-api-1.33.0.jar:/home/runner/.m2/repository/io/grpc/grpc-context/1.33.0/grpc-context-1.33.0.jar:/home/runner/.m2/repository/com/google/api/grpc/proto-google-common-protos/1.17.0/proto-google-common-protos-1.17.0.jar:/home/runner/.m2/repository/io/grpc/grpc-protobuf-lite/1.33.0/grpc-protobuf-lite-1.33.0.jar:/home/runner/.m2/repository/io/grpc/grpc-stub/1.33.0/grpc-stub-1.33.0.jar:/home/runner/.m2/repository/org/apache/ozone/ozone-recon/1.2.0-SNAPSHOT/ozone-recon-1.2.0-SNAPSHOT.jar:/home/runner/.m2/repository/org/apache/ozone/ozone-reconcodegen/1.2.0-SNAPSHOT/ozone-reconcodegen-1.2.0-SNAPSHOT.jar:/home/runner/.m2/repository/com/google/inject/extensions/guice-multibindings/4.0/guice-multibindings-4.0.jar:/home/runner/.m2/repository/com/google/inject/guice/4.0/guice-4.0.jar:/home/runner/.m2/repository/aopalliance/aopalliance/1.0/aopalliance-1.0.jar:/home/runner/.m2/repository/com/google/inject/extensions/guice-assistedinject/4.0/guice-assistedinject-4.0.jar:/home/runner/.m2/repository/com/google/inject/extensions/guice-servlet/4.0/guice-servlet-4.0.jar:/home/runner/.m2/repository/org/glassfish/jersey/containers/jersey-container-servlet/2.33/jersey-container-servlet-2.33.jar:/home/runner/.m2/repository/org/glassfish/hk2/guice-bridge/2.5.0/guice-bridge-2.5.0.jar:/home/runner/.m2/repository/org/glassfish/jersey/core/jersey-server/2.33/jersey-server-2.33.jar:/home/runner/.m2/repository/org/glassfish/jersey/core/jersey-client/2.33/jersey-client-2.33.jar:/home/runner/.m2/repository/jakarta/annotation/jakarta.annotation-api/1.3.5/jakarta.annotation-api-1.3.5.jar:/home/runner/.m2/repository/jakarta/validation/jakarta.validation-api/2.0.2/jakarta.validation-api-2.0.2.jar:/home/runner/.m2/repository/org/glassfish/jersey/media/jersey-media-json-jackson/2.33/jersey-media-json-jackson-2.33.jar:/home/runner/.m2/repository/org/glassfish/jersey/ext/jersey-entity-filtering/2.33/jersey-entity-filtering-2.33.jar:/home/runner/.m2/repository/org/jooq/jooq/3.11.10/jooq-3.11.10.jar:/home/runner/.m2/repository/org/jooq/jooq-meta/3.11.10/jooq-meta-3.11.10.jar:/home/runner/.m2/repository/org/jooq/jooq-codegen/3.11.10/jooq-codegen-3.11.10.jar:/home/runner/.m2/repository/com/jolbox/bonecp/0.8.0.RELEASE/bonecp-0.8.0.RELEASE.jar:/home/runner/.m2/repository/org/apache/derby/derby/10.14.2.0/derby-10.14.2.0.jar:/home/runner/.m2/repository/org/xerial/sqlite-jdbc/3.25.2/sqlite-jdbc-3.25.2.jar:/home/runner/.m2/repository/org/springframework/spring-jdbc/5.2.11.RELEASE/spring-jdbc-5.2.11.RELEASE.jar:/home/runner/.m2/repository/org/springframework/spring-beans/5.2.11.RELEASE/spring-beans-5.2.11.RELEASE.jar:/home/runner/.m2/repository/org/springframework/spring-core/5.2.11.RELEASE/spring-core-5.2.11.RELEASE.jar:/home/runner/.m2/repository/org/springframework/spring-jcl/5.2.11.RELEASE/spring-jcl-5.2.11.RELEASE.jar:/home/runner/.m2/repository/org/springframework/spring-tx/5.2.11.RELEASE/spring-tx-5.2.11.RELEASE.jar:/home/runner/.m2/repository/org/apache/ozone/ozone-client/1.2.0-SNAPSHOT/ozone-client-1.2.0-SNAPSHOT.jar:/home/runner/.m2/repository/org/apache/ozone/ozone-filesystem/1.2.0-SNAPSHOT/ozone-filesystem-1.2.0-SNAPSHOT.jar:/home/runner/.m2/repository/org/apache/ozone/ozone-filesystem-common/1.2.0-SNAPSHOT/ozone-filesystem-common-1.2.0-SNAPSHOT.jar:/home/runner/.m2/repository/org/apache/ozone/ozone-tools/1.2.0-SNAPSHOT/ozone-tools-1.2.0-SNAPSHOT.jar:/home/runner/.m2/repository/org/apache/ratis/ratis-tools/2.1.0/ratis-tools-2.1.0.jar:/home/runner/.m2/repository/org/apache/ratis/ratis-proto/2.1.0/ratis-proto-2.1.0.jar:/home/runner/.m2/repository/org/apache/ratis/ratis-common/2.1.0/ratis-common-2.1.0.jar:/home/runner/.m2/repository/com/amazonaws/aws-java-sdk-core/1.11.901/aws-java-sdk-core-1.11.901.jar:/home/runner/.m2/repository/org/apache/httpcomponents/httpclient/4.5.13/httpclient-4.5.13.jar:/home/runner/.m2/repository/org/apache/httpcomponents/httpcore/4.4.13/httpcore-4.4.13.jar:/home/runner/.m2/repository/software/amazon/ion/ion-java/1.0.2/ion-java-1.0.2.jar:/home/runner/.m2/repository/com/fasterxml/jackson/dataformat/jackson-dataformat-cbor/2.12.1/jackson-dataformat-cbor-2.12.1.jar:/home/runner/.m2/repository/joda-time/joda-time/2.8.1/joda-time-2.8.1.jar:/home/runner/.m2/repository/com/amazonaws/aws-java-sdk-s3/1.11.901/aws-java-sdk-s3-1.11.901.jar:/home/runner/.m2/repository/com/amazonaws/aws-java-sdk-kms/1.11.901/aws-java-sdk-kms-1.11.901.jar:/home/runner/.m2/repository/com/amazonaws/jmespath-java/1.11.901/jmespath-java-1.11.901.jar:/home/runner/.m2/repository/org/kohsuke/metainf-services/metainf-services/1.8/metainf-services-1.8.jar:/home/runner/.m2/repository/org/apache/ozone/hdds-tools/1.2.0-SNAPSHOT/hdds-tools-1.2.0-SNAPSHOT.jar:/home/runner/.m2/repository/commons-cli/commons-cli/1.2/commons-cli-1.2.jar:/home/runner/.m2/repository/org/apache/commons/commons-lang3/3.7/commons-lang3-3.7.jar:/home/runner/.m2/repository/org/apache/ozone/ozone-manager/1.2.0-SNAPSHOT/ozone-manager-1.2.0-SNAPSHOT-tests.jar:/home/runner/.m2/repository/org/apache/ozone/hdds-common/1.2.0-SNAPSHOT/hdds-common-1.2.0-SNAPSHOT-tests.jar:/home/runner/.m2/repository/org/apache/ozone/hdds-hadoop-dependency-client/1.2.0-SNAPSHOT/hdds-hadoop-dependency-client-1.2.0-SNAPSHOT.jar:/home/runner/.m2/repository/info/picocli/picocli/4.4.0/picocli-4.4.0.jar:/home/runner/.m2/repository/com/fasterxml/jackson/core/jackson-annotations/2.12.1/jackson-annotations-2.12.1.jar:/home/runner/.m2/repository/javax/annotation/javax.annotation-api/1.2/javax.annotation-api-1.2.jar:/home/runner/.m2/repository/org/apache/ratis/ratis-server/2.1.0/ratis-server-2.1.0.jar:/home/runner/.m2/repository/org/apache/ratis/ratis-client/2.1.0/ratis-client-2.1.0.jar:/home/runner/.m2/repository/org/apache/ratis/ratis-server-api/2.1.0/ratis-server-api-2.1.0.jar:/home/runner/.m2/repository/org/apache/ratis/ratis-metrics/2.1.0/ratis-metrics-2.1.0.jar:/home/runner/.m2/repository/org/apache/ratis/ratis-netty/2.1.0/ratis-netty-2.1.0.jar:/home/runner/.m2/repository/org/apache/ratis/ratis-grpc/2.1.0/ratis-grpc-2.1.0.jar:/home/runner/.m2/repository/org/apache/logging/log4j/log4j-api/2.13.3/log4j-api-2.13.3.jar:/home/runner/.m2/repository/org/apache/logging/log4j/log4j-core/2.13.3/log4j-core-2.13.3.jar:/home/runner/.m2/repository/com/lmax/disruptor/3.4.2/disruptor-3.4.2.jar:/home/runner/.m2/repository/org/apache/commons/commons-pool2/2.6.0/commons-pool2-2.6.0.jar:/home/runner/.m2/repository/org/bouncycastle/bcpkix-jdk15on/1.67/bcpkix-jdk15on-1.67.jar:/home/runner/.m2/repository/commons-validator/commons-validator/1.6/commons-validator-1.6.jar:/home/runner/.m2/repository/commons-beanutils/commons-beanutils/1.9.4/commons-beanutils-1.9.4.jar:/home/runner/.m2/repository/commons-digester/commons-digester/1.8.1/commons-digester-1.8.1.jar:/home/runner/.m2/repository/commons-collections/commons-collections/3.2.2/commons-collections-3.2.2.jar:/home/runner/.m2/repository/io/jaegertracing/jaeger-client/1.6.0/jaeger-client-1.6.0.jar:/home/runner/.m2/repository/io/jaegertracing/jaeger-thrift/1.6.0/jaeger-thrift-1.6.0.jar:/home/runner/.m2/repository/org/apache/thrift/libthrift/0.14.1/libthrift-0.14.1.jar:/home/runner/.m2/repository/com/squareup/okhttp3/okhttp/4.9.0/okhttp-4.9.0.jar:/home/runner/.m2/repository/com/squareup/okio/okio/2.8.0/okio-2.8.0.jar:/home/runner/.m2/repository/io/jaegertracing/jaeger-core/1.6.0/jaeger-core-1.6.0.jar:/home/runner/.m2/repository/io/jaegertracing/jaeger-tracerresolver/1.6.0/jaeger-tracerresolver-1.6.0.jar:/home/runner/.m2/repository/io/opentracing/contrib/opentracing-tracerresolver/0.1.8/opentracing-tracerresolver-0.1.8.jar:/home/runner/.m2/repository/org/jetbrains/kotlin/kotlin-stdlib/1.4.31/kotlin-stdlib-1.4.31.jar:/home/runner/.m2/repository/org/jetbrains/kotlin/kotlin-stdlib-common/1.4.31/kotlin-stdlib-common-1.4.31.jar:/home/runner/.m2/repository/org/jetbrains/annotations/13.0/annotations-13.0.jar:/home/runner/.m2/repository/io/opentracing/opentracing-util/0.33.0/opentracing-util-0.33.0.jar:/home/runner/.m2/repository/io/opentracing/opentracing-api/0.33.0/opentracing-api-0.33.0.jar:/home/runner/.m2/repository/io/opentracing/opentracing-noop/0.33.0/opentracing-noop-0.33.0.jar:/home/runner/.m2/repository/org/yaml/snakeyaml/1.26/snakeyaml-1.26.jar:/home/runner/.m2/repository/org/apache/ozone/hdds-interface-admin/1.2.0-SNAPSHOT/hdds-interface-admin-1.2.0-SNAPSHOT.jar:/home/runner/.m2/repository/junit/junit/4.13.1/junit-4.13.1.jar:/home/runner/.m2/repository/org/hamcrest/hamcrest-core/1.3/hamcrest-core-1.3.jar:/home/runner/.m2/repository/org/junit/jupiter/junit-jupiter-api/5.7.0/junit-jupiter-api-5.7.0.jar:/home/runner/.m2/repository/org/apiguardian/apiguardian-api/1.1.0/apiguardian-api-1.1.0.jar:/home/runner/.m2/repository/org/opentest4j/opentest4j/1.2.0/opentest4j-1.2.0.jar:/home/runner/.m2/repository/org/junit/platform/junit-platform-commons/1.7.0/junit-platform-commons-1.7.0.jar:/home/runner/.m2/repository/org/junit/jupiter/junit-jupiter-engine/5.7.0/junit-jupiter-engine-5.7.0.jar:/home/runner/.m2/repository/org/junit/platform/junit-platform-engine/1.7.0/junit-platform-engine-1.7.0.jar:/home/runner/.m2/repository/org/junit/vintage/junit-vintage-engine/5.7.0/junit-vintage-engine-5.7.0.jar:/home/runner/.m2/repository/org/junit/platform/junit-platform-launcher/1.7.0/junit-platform-launcher-1.7.0.jar:/home/runner/.m2/repository/org/openjdk/jmh/jmh-core/1.19/jmh-core-1.19.jar:/home/runner/.m2/repository/net/sf/jopt-simple/jopt-simple/4.6/jopt-simple-4.6.jar:/home/runner/.m2/repository/org/apache/commons/commons-math3/3.1.1/commons-math3-3.1.1.jar:/home/runner/.m2/repository/org/openjdk/jmh/jmh-generator-annprocess/1.19/jmh-generator-annprocess-1.19.jar:/home/runner/.m2/repository/org/mockito/mockito-core/2.28.2/mockito-core-2.28.2.jar:/home/runner/.m2/repository/net/bytebuddy/byte-buddy/1.9.10/byte-buddy-1.9.10.jar:/home/runner/.m2/repository/net/bytebuddy/byte-buddy-agent/1.9.10/byte-buddy-agent-1.9.10.jar:/home/runner/.m2/repository/org/objenesis/objenesis/1.0/objenesis-1.0.jar:/home/runner/.m2/repository/org/apache/hadoop/hadoop-kms/3.3.1/hadoop-kms-3.3.1.jar:/home/runner/.m2/repository/org/apache/hadoop/hadoop-auth/3.3.1/hadoop-auth-3.3.1.jar:/home/runner/.m2/repository/com/nimbusds/nimbus-jose-jwt/7.9/nimbus-jose-jwt-7.9.jar:/home/runner/.m2/repository/com/github/stephenc/jcip/jcip-annotations/1.0-1/jcip-annotations-1.0-1.jar:/home/runner/.m2/repository/net/minidev/json-smart/2.3/json-smart-2.3.jar:/home/runner/.m2/repository/net/minidev/accessors-smart/1.2/accessors-smart-1.2.jar:/home/runner/.m2/repository/org/ow2/asm/asm/5.0.4/asm-5.0.4.jar:/home/runner/.m2/repository/org/apache/zookeeper/zookeeper/3.5.6/zookeeper-3.5.6.jar:/home/runner/.m2/repository/org/apache/zookeeper/zookeeper-jute/3.5.6/zookeeper-jute-3.5.6.jar:/home/runner/.m2/repository/org/apache/yetus/audience-annotations/0.5.0/audience-annotations-0.5.0.jar:/home/runner/.m2/repository/org/apache/curator/curator-framework/4.2.0/curator-framework-4.2.0.jar:/home/runner/.m2/repository/org/apache/hadoop/thirdparty/hadoop-shaded-guava/1.1.1/hadoop-shaded-guava-1.1.1.jar:/home/runner/.m2/repository/com/sun/jersey/jersey-core/1.19/jersey-core-1.19.jar:/home/runner/.m2/repository/javax/ws/rs/jsr311-api/1.1.1/jsr311-api-1.1.1.jar:/home/runner/.m2/repository/com/sun/jersey/jersey-server/1.19/jersey-server-1.19.jar:/home/runner/.m2/repository/javax/servlet/javax.servlet-api/3.1.0/javax.servlet-api-3.1.0.jar:/home/runner/.m2/repository/org/eclipse/jetty/jetty-server/9.4.35.v20201120/jetty-server-9.4.35.v20201120.jar:/home/runner/.m2/repository/org/eclipse/jetty/jetty-http/9.4.35.v20201120/jetty-http-9.4.35.v20201120.jar:/home/runner/.m2/repository/org/eclipse/jetty/jetty-io/9.4.35.v20201120/jetty-io-9.4.35.v20201120.jar:/home/runner/.m2/repository/org/eclipse/jetty/jetty-webapp/9.4.35.v20201120/jetty-webapp-9.4.35.v20201120.jar:/home/runner/.m2/repository/org/eclipse/jetty/jetty-xml/9.4.35.v20201120/jetty-xml-9.4.35.v20201120.jar:/home/runner/.m2/repository/org/apache/hadoop/hadoop-common/3.3.1/hadoop-common-3.3.1.jar:/home/runner/.m2/repository/commons-net/commons-net/3.6/commons-net-3.6.jar:/home/runner/.m2/repository/jakarta/activation/jakarta.activation-api/1.2.1/jakarta.activation-api-1.2.1.jar:/home/runner/.m2/repository/com/sun/jersey/jersey-servlet/1.19/jersey-servlet-1.19.jar:/home/runner/.m2/repository/com/sun/jersey/jersey-json/1.19/jersey-json-1.19.jar:/home/runner/.m2/repository/org/codehaus/jettison/jettison/1.1/jettison-1.1.jar:/home/runner/.m2/repository/com/sun/xml/bind/jaxb-impl/2.2.3-1/jaxb-impl-2.2.3-1.jar:/home/runner/.m2/repository/org/codehaus/jackson/jackson-jaxrs/1.9.2/jackson-jaxrs-1.9.2.jar:/home/runner/.m2/repository/org/codehaus/jackson/jackson-xc/1.9.2/jackson-xc-1.9.2.jar:/home/runner/.m2/repository/org/apache/commons/commons-configuration2/2.1.1/commons-configuration2-2.1.1.jar:/home/runner/.m2/repository/org/apache/commons/commons-text/1.4/commons-text-1.4.jar:/home/runner/.m2/repository/com/google/re2j/re2j/1.1/re2j-1.1.jar:/home/runner/.m2/repository/com/jcraft/jsch/0.1.54/jsch-0.1.54.jar:/home/runner/.m2/repository/org/apache/curator/curator-client/4.2.0/curator-client-4.2.0.jar:/home/runner/.m2/repository/org/apache/curator/curator-recipes/4.2.0/curator-recipes-4.2.0.jar:/home/runner/.m2/repository/org/apache/kerby/kerb-core/1.0.1/kerb-core-1.0.1.jar:/home/runner/.m2/repository/org/apache/kerby/kerby-pkix/1.0.1/kerby-pkix-1.0.1.jar:/home/runner/.m2/repository/org/apache/kerby/kerby-asn1/1.0.1/kerby-asn1-1.0.1.jar:/home/runner/.m2/repository/org/apache/kerby/kerby-util/1.0.1/kerby-util-1.0.1.jar:/home/runner/.m2/repository/dnsjava/dnsjava/2.1.7/dnsjava-2.1.7.jar:/home/runner/.m2/repository/org/xerial/snappy/snappy-java/1.1.8.2/snappy-java-1.1.8.2.jar:/home/runner/.m2/repository/org/slf4j/jul-to-slf4j/1.7.30/jul-to-slf4j-1.7.30.jar:/home/runner/.m2/repository/org/eclipse/jetty/jetty-util/9.4.35.v20201120/jetty-util-9.4.35.v20201120.jar:/home/runner/.m2/repository/com/fasterxml/jackson/core/jackson-databind/2.12.1/jackson-databind-2.12.1.jar:/home/runner/.m2/repository/org/apache/hadoop/hadoop-kms/3.3.1/hadoop-kms-3.3.1-tests.jar:/home/runner/.m2/repository/org/apache/ozone/hdds-server-scm/1.2.0-SNAPSHOT/hdds-server-scm-1.2.0-SNAPSHOT-tests.jar:/home/runner/.m2/repository/org/apache/ozone/hdds-container-service/1.2.0-SNAPSHOT/hdds-container-service-1.2.0-SNAPSHOT-tests.jar:/home/runner/.m2/repository/commons-codec/commons-codec/1.11/commons-codec-1.11.jar:/home/runner/.m2/repository/io/netty/netty-transport/4.1.63.Final/netty-transport-4.1.63.Final.jar:/home/runner/.m2/repository/io/netty/netty-resolver/4.1.63.Final/netty-resolver-4.1.63.Final.jar:/home/runner/.m2/repository/io/netty/netty-codec/4.1.63.Final/netty-codec-4.1.63.Final.jar:/home/runner/.m2/repository/io/netty/netty-handler/4.1.63.Final/netty-handler-4.1.63.Final.jar:/home/runner/.m2/repository/org/apache/ozone/hdds-hadoop-dependency-test/1.2.0-SNAPSHOT/hdds-hadoop-dependency-test-1.2.0-SNAPSHOT.jar:/home/runner/.m2/repository/org/apache/hadoop/hadoop-common/3.3.1/hadoop-common-3.3.1-tests.jar:/home/runner/.m2/repository/org/assertj/assertj-core/3.12.2/assertj-core-3.12.2.jar:/home/runner/.m2/repository/org/apache/hadoop/hadoop-hdfs/3.3.1/hadoop-hdfs-3.3.1-tests.jar:/home/runner/.m2/repository/org/eclipse/jetty/jetty-util-ajax/9.4.35.v20201120/jetty-util-ajax-9.4.35.v20201120.jar:/home/runner/.m2/repository/commons-daemon/commons-daemon/1.0.13/commons-daemon-1.0.13.jar:/home/runner/.m2/repository/io/netty/netty/3.10.6.Final/netty-3.10.6.Final.jar:/home/runner/.m2/repository/io/netty/netty-all/4.1.63.Final/netty-all-4.1.63.Final.jar:/home/runner/.m2/repository/org/apache/htrace/htrace-core4/4.1.0-incubating/htrace-core4-4.1.0-incubating.jar:/home/runner/.m2/repository/org/fusesource/leveldbjni/leveldbjni-all/1.8/leveldbjni-all-1.8.jar:/home/runner/.m2/repository/org/apache/hadoop/hadoop-distcp/3.3.1/hadoop-distcp-3.3.1.jar:/home/runner/.m2/repository/org/apache/hadoop/hadoop-mapreduce-client-jobclient/3.3.1/hadoop-mapreduce-client-jobclient-3.3.1.jar:/home/runner/.m2/repository/org/apache/hadoop/hadoop-mapreduce-client-common/3.3.1/hadoop-mapreduce-client-common-3.3.1.jar:/home/runner/.m2/repository/org/apache/hadoop/hadoop-yarn-common/3.3.1/hadoop-yarn-common-3.3.1.jar:/home/runner/.m2/repository/org/apache/hadoop/hadoop-yarn-api/3.3.1/hadoop-yarn-api-3.3.1.jar:/home/runner/.m2/repository/com/sun/jersey/jersey-client/1.19/jersey-client-1.19.jar:/home/runner/.m2/repository/com/sun/jersey/contribs/jersey-guice/1.19/jersey-guice-1.19.jar:/home/runner/.m2/repository/com/fasterxml/jackson/jaxrs/jackson-jaxrs-json-provider/2.12.1/jackson-jaxrs-json-provider-2.12.1.jar:/home/runner/.m2/repository/com/fasterxml/jackson/jaxrs/jackson-jaxrs-base/2.12.1/jackson-jaxrs-base-2.12.1.jar:/home/runner/.m2/repository/org/apache/hadoop/hadoop-yarn-client/3.3.1/hadoop-yarn-client-3.3.1.jar:/home/runner/.m2/repository/org/eclipse/jetty/websocket/websocket-client/9.4.40.v20210413/websocket-client-9.4.40.v20210413.jar:/home/runner/.m2/repository/org/eclipse/jetty/jetty-client/9.4.40.v20210413/jetty-client-9.4.40.v20210413.jar:/home/runner/.m2/repository/org/eclipse/jetty/websocket/websocket-common/9.4.40.v20210413/websocket-common-9.4.40.v20210413.jar:/home/runner/.m2/repository/org/eclipse/jetty/websocket/websocket-api/9.4.40.v20210413/websocket-api-9.4.40.v20210413.jar:/home/runner/.m2/repository/org/jline/jline/3.9.0/jline-3.9.0.jar:/home/runner/.m2/repository/org/apache/hadoop/hadoop-mapreduce-client-core/3.3.1/hadoop-mapreduce-client-core-3.3.1.jar:/home/runner/.m2/repository/org/apache/avro/avro/1.7.7/avro-1.7.7.jar:/home/runner/.m2/repository/org/codehaus/jackson/jackson-core-asl/1.9.13/jackson-core-asl-1.9.13.jar:/home/runner/.m2/repository/org/codehaus/jackson/jackson-mapper-asl/1.9.13/jackson-mapper-asl-1.9.13.jar:/home/runner/.m2/repository/com/thoughtworks/paranamer/paranamer/2.3/paranamer-2.3.jar:/home/runner/.m2/repository/org/apache/hadoop/hadoop-annotations/3.3.1/hadoop-annotations-3.3.1.jar:/usr/lib/jvm/adoptopenjdk-8-hotspot-amd64/jre/../lib/tools.jar:/home/runner/.m2/repository/org/apache/hadoop/hadoop-distcp/3.3.1/hadoop-distcp-3.3.1-tests.jar:"/>
    <property name="sun.cpu.endian" value="little"/>
    <property name="user.home" value="/home/runner"/>
    <property name="user.language" value="en"/>
    <property name="java.specification.vendor" value="Oracle Corporation"/>
    <property name="java.home" value="/usr/lib/jvm/adoptopenjdk-8-hotspot-amd64/jre"/>
    <property name="java.security.krb5.conf" value="/home/runner/work/ozone/ozone/mnt/ozone/hadoop-ozone/integration-test/target/test-classes/krb5.conf"/>
    <property name="basedir" value="/home/runner/work/ozone/ozone/mnt/ozone/hadoop-ozone/integration-test"/>
    <property name="file.separator" value="/"/>
    <property name="line.separator" value="&#10;"/>
    <property name="java.vm.specification.vendor" value="Oracle Corporation"/>
    <property name="java.specification.name" value="Java Platform API Specification"/>
    <property name="java.awt.graphicsenv" value="sun.awt.X11GraphicsEnvironment"/>
    <property name="skip.installnpx" value="true"/>
    <property name="surefire.real.class.path" value="/home/runner/work/ozone/ozone/mnt/ozone/hadoop-ozone/integration-test/target/surefire/surefirebooter3820059401829368401.jar:/home/runner/.m2/repository/org/jacoco/org.jacoco.agent/0.8.5/org.jacoco.agent-0.8.5-runtime.jar"/>
    <property name="hadoop.log.dir" value="/home/runner/work/ozone/ozone/mnt/ozone/hadoop-ozone/integration-test/target/log"/>
    <property name="sun.boot.class.path" value="/usr/lib/jvm/adoptopenjdk-8-hotspot-amd64/jre/lib/resources.jar:/usr/lib/jvm/adoptopenjdk-8-hotspot-amd64/jre/lib/rt.jar:/usr/lib/jvm/adoptopenjdk-8-hotspot-amd64/jre/lib/sunrsasign.jar:/usr/lib/jvm/adoptopenjdk-8-hotspot-amd64/jre/lib/jsse.jar:/usr/lib/jvm/adoptopenjdk-8-hotspot-amd64/jre/lib/jce.jar:/usr/lib/jvm/adoptopenjdk-8-hotspot-amd64/jre/lib/charsets.jar:/usr/lib/jvm/adoptopenjdk-8-hotspot-amd64/jre/lib/jfr.jar:/usr/lib/jvm/adoptopenjdk-8-hotspot-amd64/jre/classes"/>
    <property name="sun.management.compiler" value="HotSpot 64-Bit Tiered Compilers"/>
    <property name="skip.npx" value="true"/>
    <property name="java.runtime.version" value="1.8.0_292-b10"/>
    <property name="java.net.preferIPv4Stack" value="true"/>
    <property name="user.name" value="runner"/>
    <property name="path.separator" value=":"/>
    <property name="java.security.egd" value="file:///dev/urandom"/>
    <property name="os.version" value="5.4.0-1055-azure"/>
    <property name="java.endorsed.dirs" value="/usr/lib/jvm/adoptopenjdk-8-hotspot-amd64/jre/lib/endorsed"/>
    <property name="java.runtime.name" value="OpenJDK Runtime Environment"/>
    <property name="file.encoding" value="UTF-8"/>
    <property name="java.vm.name" value="OpenJDK 64-Bit Server VM"/>
    <property name="test.build.webapps" value=""/>
    <property name="localRepository" value="/home/runner/.m2/repository"/>
    <property name="java.vendor.url.bug" value="https://github.com/AdoptOpenJDK/openjdk-support/issues"/>
    <property name="java.io.tmpdir" value="/tmp"/>
    <property name="require.test.libhadoop" value=""/>
    <property name="java.version" value="1.8.0_292"/>
    <property name="user.dir" value="/home/runner/work/ozone/ozone/mnt/ozone/hadoop-ozone/integration-test"/>
    <property name="os.arch" value="amd64"/>
    <property name="java.vm.specification.name" value="Java Virtual Machine Specification"/>
    <property name="test.build.classes" value="/home/runner/work/ozone/ozone/mnt/ozone/hadoop-ozone/integration-test/target/test-classes"/>
    <property name="java.awt.printerjob" value="sun.print.PSPrinterJob"/>
    <property name="sun.os.patch.level" value="unknown"/>
    <property name="hadoop.tmp.dir" value="/home/runner/work/ozone/ozone/mnt/ozone/hadoop-ozone/integration-test/target/tmp"/>
    <property name="java.library.path" value="/usr/java/packages/lib/amd64:/usr/lib64:/lib64:/lib:/usr/lib"/>
    <property name="java.vm.info" value="mixed mode"/>
    <property name="java.vendor" value="AdoptOpenJDK"/>
    <property name="java.vm.version" value="25.292-b10"/>
    <property name="java.ext.dirs" value="/usr/lib/jvm/adoptopenjdk-8-hotspot-amd64/jre/lib/ext:/usr/java/packages/lib/ext"/>
    <property name="sun.io.unicode.encoding" value="UnicodeLittle"/>
    <property name="java.class.version" value="52.0"/>
  </properties>
  <testcase name="testWatchForCommitWithKeyWrite" classname="org.apache.hadoop.ozone.client.rpc.TestWatchForCommit" time="62.898">
    <failure message="expected:&lt;450&gt; but was:&lt;400&gt;" type="java.lang.AssertionError"><![CDATA[java.lang.AssertionError: expected:<450> but was:<400>
	at org.junit.Assert.fail(Assert.java:89)
	at org.junit.Assert.failNotEquals(Assert.java:835)
	at org.junit.Assert.assertEquals(Assert.java:647)
	at org.junit.Assert.assertEquals(Assert.java:633)
	at org.apache.hadoop.ozone.client.rpc.TestWatchForCommit.testWatchForCommitWithKeyWrite(TestWatchForCommit.java:192)
	at sun.reflect.NativeMethodAccessorImpl.invoke0(Native Method)
	at sun.reflect.NativeMethodAccessorImpl.invoke(NativeMethodAccessorImpl.java:62)
	at sun.reflect.DelegatingMethodAccessorImpl.invoke(DelegatingMethodAccessorImpl.java:43)
	at java.lang.reflect.Method.invoke(Method.java:498)
	at org.junit.runners.model.FrameworkMethod$1.runReflectiveCall(FrameworkMethod.java:59)
	at org.junit.internal.runners.model.ReflectiveCallable.run(ReflectiveCallable.java:12)
	at org.junit.runners.model.FrameworkMethod.invokeExplosively(FrameworkMethod.java:56)
	at org.junit.internal.runners.statements.InvokeMethod.evaluate(InvokeMethod.java:17)
	at org.junit.internal.runners.statements.RunBefores.evaluate(RunBefores.java:26)
	at org.junit.internal.runners.statements.RunAfters.evaluate(RunAfters.java:27)
	at org.junit.runners.ParentRunner$3.evaluate(ParentRunner.java:306)
	at org.junit.runners.BlockJUnit4ClassRunner$1.evaluate(BlockJUnit4ClassRunner.java:100)
	at org.junit.runners.ParentRunner.runLeaf(ParentRunner.java:366)
	at org.junit.runners.BlockJUnit4ClassRunner.runChild(BlockJUnit4ClassRunner.java:103)
	at org.junit.runners.BlockJUnit4ClassRunner.runChild(BlockJUnit4ClassRunner.java:63)
	at org.junit.runners.ParentRunner$4.run(ParentRunner.java:331)
	at org.junit.runners.ParentRunner$1.schedule(ParentRunner.java:79)
	at org.junit.runners.ParentRunner.runChildren(ParentRunner.java:329)
	at org.junit.runners.ParentRunner.access$100(ParentRunner.java:66)
	at org.junit.runners.ParentRunner$2.evaluate(ParentRunner.java:293)
	at org.junit.runners.ParentRunner$3.evaluate(ParentRunner.java:306)
	at org.junit.runners.ParentRunner.run(ParentRunner.java:413)
	at org.junit.runner.JUnitCore.run(JUnitCore.java:137)
	at org.junit.runner.JUnitCore.run(JUnitCore.java:115)
	at org.junit.vintage.engine.execution.RunnerExecutor.execute(RunnerExecutor.java:43)
	at java.util.stream.ForEachOps$ForEachOp$OfRef.accept(ForEachOps.java:183)
	at java.util.stream.ReferencePipeline$3$1.accept(ReferencePipeline.java:193)
	at java.util.Iterator.forEachRemaining(Iterator.java:116)
	at java.util.Spliterators$IteratorSpliterator.forEachRemaining(Spliterators.java:1801)
	at java.util.stream.AbstractPipeline.copyInto(AbstractPipeline.java:482)
	at java.util.stream.AbstractPipeline.wrapAndCopyInto(AbstractPipeline.java:472)
	at java.util.stream.ForEachOps$ForEachOp.evaluateSequential(ForEachOps.java:150)
	at java.util.stream.ForEachOps$ForEachOp$OfRef.evaluateSequential(ForEachOps.java:173)
	at java.util.stream.AbstractPipeline.evaluate(AbstractPipeline.java:234)
	at java.util.stream.ReferencePipeline.forEach(ReferencePipeline.java:485)
	at org.junit.vintage.engine.VintageTestEngine.executeAllChildren(VintageTestEngine.java:82)
	at org.junit.vintage.engine.VintageTestEngine.execute(VintageTestEngine.java:73)
	at org.junit.platform.launcher.core.EngineExecutionOrchestrator.execute(EngineExecutionOrchestrator.java:108)
	at org.junit.platform.launcher.core.EngineExecutionOrchestrator.execute(EngineExecutionOrchestrator.java:88)
	at org.junit.platform.launcher.core.EngineExecutionOrchestrator.lambda$execute$0(EngineExecutionOrchestrator.java:54)
	at org.junit.platform.launcher.core.EngineExecutionOrchestrator.withInterceptedStreams(EngineExecutionOrchestrator.java:67)
	at org.junit.platform.launcher.core.EngineExecutionOrchestrator.execute(EngineExecutionOrchestrator.java:52)
	at org.junit.platform.launcher.core.DefaultLauncher.execute(DefaultLauncher.java:96)
	at org.junit.platform.launcher.core.DefaultLauncher.execute(DefaultLauncher.java:75)
	at org.apache.maven.surefire.junitplatform.JUnitPlatformProvider.invokeAllTests(JUnitPlatformProvider.java:142)
	at org.apache.maven.surefire.junitplatform.JUnitPlatformProvider.invoke(JUnitPlatformProvider.java:113)
	at org.apache.maven.surefire.booter.ForkedBooter.invokeProviderInSameClassLoader(ForkedBooter.java:384)
	at org.apache.maven.surefire.booter.ForkedBooter.runSuitesInProcess(ForkedBooter.java:345)
	at org.apache.maven.surefire.booter.ForkedBooter.execute(ForkedBooter.java:126)
	at org.apache.maven.surefire.booter.ForkedBooter.main(ForkedBooter.java:418)
]]></failure>
    <system-out><![CDATA[2021-08-02 05:52:19,343 [main] WARN  server.ServerUtils (ServerUtils.java:getScmDbDir(148)) - ozone.scm.db.dirs is not configured. We recommend adding this setting. Falling back to ozone.metadata.dirs instead.
2021-08-02 05:52:19,412 [main] INFO  ha.SCMHANodeDetails (SCMHANodeDetails.java:loadSCMHAConfig(157)) - ServiceID for StorageContainerManager is null
2021-08-02 05:52:19,412 [main] INFO  ha.SCMHANodeDetails (SCMHANodeDetails.java:loadSCMHAConfig(162)) - ozone.scm.default.service.id is not defined, falling back to ozone.scm.service.ids to find serviceID for StorageContainerManager if it is HA enabled cluster
2021-08-02 05:52:19,489 [main] WARN  server.ServerUtils (ServerUtils.java:getScmDbDir(148)) - ozone.scm.db.dirs is not configured. We recommend adding this setting. Falling back to ozone.metadata.dirs instead.
2021-08-02 05:52:19,491 [main] INFO  upgrade.AbstractLayoutVersionManager (AbstractLayoutVersionManager.java:init(70)) - Initializing Layout version manager with metadata layout = SCM_HA (version = 2), software layout = SCM_HA (version = 2)
2021-08-02 05:52:19,641 [main] INFO  reflections.Reflections (Reflections.java:scan(232)) - Reflections took 95 ms to scan 7 urls, producing 120 keys and 273 values 
2021-08-02 05:52:20,101 [main] WARN  utils.HAUtils (HAUtils.java:getMetaDir(342)) - ozone.scm.db.dirs is not configured. We recommend adding this setting. Falling back to ozone.metadata.dirs instead.
2021-08-02 05:52:20,224 [main] WARN  db.DBStoreBuilder (DBStoreBuilder.java:applyDBDefinition(145)) - ozone.scm.db.dirs is not configured. We recommend adding this setting. Falling back to ozone.metadata.dirs instead.
2021-08-02 05:52:20,381 [main] INFO  net.NodeSchemaLoader (NodeSchemaLoader.java:loadSchemaFromFile(129)) - Loading schema from [jar:file:/home/runner/.m2/repository/org/apache/ozone/hdds-common/1.2.0-SNAPSHOT/hdds-common-1.2.0-SNAPSHOT.jar!/network-topology-default.xml]
2021-08-02 05:52:20,383 [main] INFO  net.NodeSchemaLoader (NodeSchemaLoader.java:loadSchema(176)) - Loading network topology layer schema file
2021-08-02 05:52:20,426 [main] INFO  ha.SequenceIdGenerator (SequenceIdGenerator.java:upgradeToSequenceId(327)) - upgrade localId to 107544261427200000
2021-08-02 05:52:20,426 [main] INFO  ha.SequenceIdGenerator (SequenceIdGenerator.java:upgradeToSequenceId(337)) - upgrade delTxnId to 0
2021-08-02 05:52:20,433 [main] INFO  ha.SequenceIdGenerator (SequenceIdGenerator.java:upgradeToSequenceId(351)) - upgrade containerId to 0
2021-08-02 05:52:20,435 [main] INFO  ha.SequenceIdGenerator (SequenceIdGenerator.java:<init>(217)) - Init the HA SequenceIdGenerator.
2021-08-02 05:52:20,476 [main] INFO  node.SCMNodeManager (SCMNodeManager.java:<init>(141)) - Entering startup safe mode.
2021-08-02 05:52:20,531 [main] INFO  algorithms.ContainerPlacementPolicyFactory (ContainerPlacementPolicyFactory.java:getPolicy(60)) - Create container placement policy of type org.apache.hadoop.hdds.scm.container.placement.algorithms.SCMContainerPlacementRandom
2021-08-02 05:52:20,540 [main] INFO  pipeline.PipelineStateManager (PipelineStateManagerV2Impl.java:initialize(78)) - No pipeline exists in current db
2021-08-02 05:52:20,569 [main] INFO  algorithms.LeaderChoosePolicyFactory (LeaderChoosePolicyFactory.java:getPolicy(57)) - Create leader choose policy of type org.apache.hadoop.hdds.scm.pipeline.leader.choose.algorithms.MinLeaderCountChoosePolicy
2021-08-02 05:52:20,580 [main] INFO  ha.SCMServiceManager (SCMServiceManager.java:register(43)) - Registering service BackgroundPipelineCreator.
2021-08-02 05:52:20,581 [main] INFO  pipeline.BackgroundPipelineCreator (BackgroundPipelineCreatorV2.java:start(130)) - Starting RatisPipelineUtilsThread.
2021-08-02 05:52:20,612 [main] INFO  algorithms.PipelineChoosePolicyFactory (PipelineChoosePolicyFactory.java:createPipelineChoosePolicyFromClass(73)) - Create pipeline choose policy of type org.apache.hadoop.hdds.scm.pipeline.choose.algorithms.RandomPipelineChoosePolicy
2021-08-02 05:52:20,629 [main] INFO  ha.SCMServiceManager (SCMServiceManager.java:register(43)) - Registering service SCMBlockDeletingService.
2021-08-02 05:52:20,640 [main] INFO  ha.SCMServiceManager (SCMServiceManager.java:register(43)) - Registering service ReplicationManager.
2021-08-02 05:52:20,642 [main] INFO  container.ReplicationManager (ReplicationManager.java:start(286)) - Starting Replication Monitor Thread.
2021-08-02 05:52:20,653 [ReplicationMonitor] INFO  container.ReplicationManager (ReplicationManager.java:processAll(341)) - Replication Monitor Thread took 1 milliseconds for processing 0 containers.
2021-08-02 05:52:20,654 [main] INFO  safemode.ContainerSafeModeRule (ContainerSafeModeRule.java:<init>(89)) - containers with one replica threshold count 0
2021-08-02 05:52:20,657 [main] INFO  safemode.HealthyPipelineSafeModeRule (HealthyPipelineSafeModeRule.java:initializeRule(156)) - Total pipeline count is 0, healthy pipeline threshold count is 1
2021-08-02 05:52:20,660 [main] INFO  safemode.OneReplicaPipelineSafeModeRule (OneReplicaPipelineSafeModeRule.java:initializeRule(180)) - Total pipeline count is 0, pipeline's with at least one datanode reported threshold count is 0
2021-08-02 05:52:21,014 [main] INFO  ipc.CallQueueManager (CallQueueManager.java:<init>(90)) - Using callQueue: class java.util.concurrent.LinkedBlockingQueue, queueCapacity: 2000, scheduler: class org.apache.hadoop.ipc.DefaultRpcScheduler, ipcBackoff: false.
2021-08-02 05:52:21,046 [Socket Reader #1 for port 0] INFO  ipc.Server (Server.java:run(1265)) - Starting Socket Reader #1 for port 0
2021-08-02 05:52:21,087 [Listener at 0.0.0.0/40863] INFO  ipc.CallQueueManager (CallQueueManager.java:<init>(90)) - Using callQueue: class java.util.concurrent.LinkedBlockingQueue, queueCapacity: 2000, scheduler: class org.apache.hadoop.ipc.DefaultRpcScheduler, ipcBackoff: false.
2021-08-02 05:52:21,088 [Socket Reader #1 for port 0] INFO  ipc.Server (Server.java:run(1265)) - Starting Socket Reader #1 for port 0
2021-08-02 05:52:21,106 [Listener at 0.0.0.0/44051] INFO  ipc.CallQueueManager (CallQueueManager.java:<init>(90)) - Using callQueue: class java.util.concurrent.LinkedBlockingQueue, queueCapacity: 2000, scheduler: class org.apache.hadoop.ipc.DefaultRpcScheduler, ipcBackoff: false.
2021-08-02 05:52:21,107 [Socket Reader #1 for port 0] INFO  ipc.Server (Server.java:run(1265)) - Starting Socket Reader #1 for port 0
2021-08-02 05:52:21,152 [Listener at 0.0.0.0/43099] INFO  server.StorageContainerManager (StorageContainerManager.java:<init>(380)) - 
Container Balancer status:
Key                            Value
Running                        true
Container Balancer Configuration values:
Key                            Value
Threshold                      0.1
Max Datanodes to Balance       5
Max Size to Move               10737418240B

2021-08-02 05:52:21,152 [Listener at 0.0.0.0/43099] WARN  events.EventQueue (EventQueue.java:fireEvent(194)) - No event handler registered for event TypedEvent{payloadType=SafeModeStatus, name='Safe mode status'}
2021-08-02 05:52:21,152 [Listener at 0.0.0.0/43099] INFO  ha.SCMContext (SCMContext.java:updateSafeModeStatus(205)) - Update SafeModeStatus from SafeModeStatus{safeModeStatus=true, preCheckPassed=false} to SafeModeStatus{safeModeStatus=true, preCheckPassed=false}.
2021-08-02 05:52:21,156 [Listener at 0.0.0.0/43099] INFO  server.StorageContainerManager (StorageContainerManager.java:start(1245)) - StorageContainerLocationProtocol RPC server is listening at /0.0.0.0:43099
2021-08-02 05:52:21,212 [Listener at 0.0.0.0/43099] WARN  impl.MetricsConfig (MetricsConfig.java:loadFirst(136)) - Cannot locate configuration: tried hadoop-metrics2-storagecontainermanager.properties,hadoop-metrics2.properties
2021-08-02 05:52:21,223 [Listener at 0.0.0.0/43099] INFO  impl.MetricsSystemImpl (MetricsSystemImpl.java:startTimer(378)) - Scheduled Metric snapshot period at 10 second(s).
2021-08-02 05:52:21,223 [Listener at 0.0.0.0/43099] INFO  impl.MetricsSystemImpl (MetricsSystemImpl.java:start(191)) - StorageContainerManager metrics system started
2021-08-02 05:52:21,499 [Listener at 0.0.0.0/43099] INFO  server.SCMClientProtocolServer (SCMClientProtocolServer.java:start(165)) - RPC server for Client  is listening at /0.0.0.0:43099
2021-08-02 05:52:21,503 [IPC Server Responder] INFO  ipc.Server (Server.java:run(1507)) - IPC Server Responder: starting
2021-08-02 05:52:21,504 [IPC Server listener on 0] INFO  ipc.Server (Server.java:run(1344)) - IPC Server listener on 0: starting
2021-08-02 05:52:21,512 [Listener at 0.0.0.0/43099] INFO  server.StorageContainerManager (StorageContainerManager.java:start(1260)) - ScmBlockLocationProtocol RPC server is listening at /0.0.0.0:44051
2021-08-02 05:52:21,512 [Listener at 0.0.0.0/43099] INFO  server.SCMBlockProtocolServer (SCMBlockProtocolServer.java:start(151)) - RPC server for Block Protocol is listening at /0.0.0.0:44051
2021-08-02 05:52:21,513 [IPC Server Responder] INFO  ipc.Server (Server.java:run(1507)) - IPC Server Responder: starting
2021-08-02 05:52:21,513 [IPC Server listener on 0] INFO  ipc.Server (Server.java:run(1344)) - IPC Server listener on 0: starting
2021-08-02 05:52:21,515 [Listener at 0.0.0.0/43099] INFO  server.StorageContainerManager (StorageContainerManager.java:start(1266)) - ScmDatanodeProtocl RPC server is listening at /0.0.0.0:40863
2021-08-02 05:52:21,516 [Listener at 0.0.0.0/43099] INFO  server.SCMDatanodeProtocolServer (SCMDatanodeProtocolServer.java:start(181)) - RPC server for DataNodes is listening at /0.0.0.0:40863
2021-08-02 05:52:21,516 [IPC Server Responder] INFO  ipc.Server (Server.java:run(1507)) - IPC Server Responder: starting
2021-08-02 05:52:21,516 [IPC Server listener on 0] INFO  ipc.Server (Server.java:run(1344)) - IPC Server listener on 0: starting
2021-08-02 05:52:21,533 [org.apache.hadoop.util.JvmPauseMonitor$Monitor@32069394] INFO  util.JvmPauseMonitor (JvmPauseMonitor.java:run(188)) - Starting JVM pause monitor
2021-08-02 05:52:21,541 [Listener at 0.0.0.0/43099] INFO  http.BaseHttpServer (BaseHttpServer.java:newHttpServer2BuilderForOzone(209)) - Starting Web-server for scm at: http://0.0.0.0:0
2021-08-02 05:52:21,542 [Listener at 0.0.0.0/43099] INFO  http.BaseHttpServer (BaseHttpServer.java:<init>(107)) - Hadoop Security Enabled: false Ozone Security Enabled: false Ozone HTTP Security Enabled: false 
2021-08-02 05:52:21,566 [Listener at 0.0.0.0/43099] INFO  util.log (Log.java:initialized(169)) - Logging initialized @3469ms to org.eclipse.jetty.util.log.Slf4jLog
2021-08-02 05:52:21,659 [Listener at 0.0.0.0/43099] INFO  server.AuthenticationFilter (AuthenticationFilter.java:constructSecretProvider(240)) - Unable to initialize FileSignerSecretProvider, falling back to use random secrets.
2021-08-02 05:52:21,664 [Listener at 0.0.0.0/43099] WARN  http.HttpRequestLog (HttpRequestLog.java:getRequestLog(103)) - Jetty request log can only be enabled using Log4j
2021-08-02 05:52:21,670 [Listener at 0.0.0.0/43099] INFO  http.HttpServer2 (HttpServer2.java:addGlobalFilter(1020)) - Added global filter 'safety' (class=org.apache.hadoop.hdds.server.http.HttpServer2$QuotingInputFilter)
2021-08-02 05:52:21,673 [Listener at 0.0.0.0/43099] INFO  http.HttpServer2 (HttpServer2.java:addFilter(996)) - Added filter static_user_filter (class=org.apache.hadoop.http.lib.StaticUserWebFilter$StaticUserFilter) to context scm
2021-08-02 05:52:21,673 [Listener at 0.0.0.0/43099] INFO  http.HttpServer2 (HttpServer2.java:addFilter(1004)) - Added filter static_user_filter (class=org.apache.hadoop.http.lib.StaticUserWebFilter$StaticUserFilter) to context static
2021-08-02 05:52:21,673 [Listener at 0.0.0.0/43099] INFO  http.HttpServer2 (HttpServer2.java:addFilter(1004)) - Added filter static_user_filter (class=org.apache.hadoop.http.lib.StaticUserWebFilter$StaticUserFilter) to context logs
2021-08-02 05:52:21,706 [Listener at 0.0.0.0/43099] INFO  http.HttpServer2 (HttpServer2.java:bindListener(1239)) - Jetty bound to port 42107
2021-08-02 05:52:21,708 [Listener at 0.0.0.0/43099] INFO  server.Server (Server.java:doStart(375)) - jetty-9.4.35.v20201120; built: 2020-11-20T21:17:03.964Z; git: bdc54f03a5e0a7e280fab27f55c3c75ee8da89fb; jvm 1.8.0_292-b10
2021-08-02 05:52:21,733 [Listener at 0.0.0.0/43099] INFO  server.session (DefaultSessionIdManager.java:doStart(334)) - DefaultSessionIdManager workerName=node0
2021-08-02 05:52:21,733 [Listener at 0.0.0.0/43099] INFO  server.session (DefaultSessionIdManager.java:doStart(339)) - No SessionScavenger set, using defaults
2021-08-02 05:52:21,735 [Listener at 0.0.0.0/43099] INFO  server.session (HouseKeeper.java:startScavenging(132)) - node0 Scavenging every 660000ms
2021-08-02 05:52:21,747 [Listener at 0.0.0.0/43099] INFO  handler.ContextHandler (ContextHandler.java:doStart(916)) - Started o.e.j.s.ServletContextHandler@5030997b{logs,/logs,file:///home/runner/work/ozone/ozone/mnt/ozone/hadoop-ozone/integration-test/target/log,AVAILABLE}
2021-08-02 05:52:21,747 [Listener at 0.0.0.0/43099] INFO  handler.ContextHandler (ContextHandler.java:doStart(916)) - Started o.e.j.s.ServletContextHandler@1554eaa4{static,/static,file:///home/runner/work/ozone/ozone/mnt/ozone/hadoop-ozone/integration-test/target/test-classes/webapps/static,AVAILABLE}
2021-08-02 05:52:21,786 [Listener at 0.0.0.0/43099] INFO  handler.ContextHandler (ContextHandler.java:doStart(916)) - Started o.e.j.w.WebAppContext@6c225adb{scm,/,file:///home/runner/work/ozone/ozone/mnt/ozone/hadoop-ozone/integration-test/target/test-classes/webapps/scm/,AVAILABLE}{file:/home/runner/work/ozone/ozone/mnt/ozone/hadoop-ozone/integration-test/target/test-classes/webapps/scm}
2021-08-02 05:52:21,795 [Listener at 0.0.0.0/43099] INFO  server.AbstractConnector (AbstractConnector.java:doStart(331)) - Started ServerConnector@fe13916{HTTP/1.1, (http/1.1)}{0.0.0.0:42107}
2021-08-02 05:52:21,795 [Listener at 0.0.0.0/43099] INFO  server.Server (Server.java:doStart(415)) - Started @3698ms
2021-08-02 05:52:21,798 [Listener at 0.0.0.0/43099] INFO  impl.MetricsSinkAdapter (MetricsSinkAdapter.java:start(204)) - Sink prometheus started
2021-08-02 05:52:21,798 [Listener at 0.0.0.0/43099] INFO  impl.MetricsSystemImpl (MetricsSystemImpl.java:registerSink(305)) - Registered sink prometheus
2021-08-02 05:52:21,799 [Listener at 0.0.0.0/43099] INFO  http.BaseHttpServer (BaseHttpServer.java:updateConnectorAddress(329)) - HTTP server of scm listening at http://0.0.0.0:42107
2021-08-02 05:52:21,800 [Listener at 0.0.0.0/43099] WARN  server.ServerUtils (ServerUtils.java:getDBPath(225)) - ozone.om.db.dirs is not configured. We recommend adding this setting. Falling back to ozone.metadata.dirs instead.
2021-08-02 05:52:21,895 [Listener at 0.0.0.0/43099] INFO  ha.OMHANodeDetails (OMHANodeDetails.java:loadOMHAConfig(112)) - ozone.om.internal.service.id is not defined, falling back to ozone.om.service.ids to find serviceID for OzoneManager if it is HA enabled cluster
2021-08-02 05:52:21,897 [Listener at 0.0.0.0/43099] INFO  ha.OMHANodeDetails (OMHANodeDetails.java:loadOMHAConfig(219)) - Configuration does not have ozone.om.address set. Falling back to the default OM address /127.0.0.1:0
2021-08-02 05:52:21,897 [Listener at 0.0.0.0/43099] INFO  ha.OMHANodeDetails (OMHANodeDetails.java:getOMNodeDetails(247)) - OM Service ID is not set. Setting it to the default ID: omServiceIdDefault
2021-08-02 05:52:21,897 [Listener at 0.0.0.0/43099] INFO  ha.OMHANodeDetails (OMHANodeDetails.java:getOMNodeDetails(254)) - OM Node ID is not set. Setting it to the default ID: om1
2021-08-02 05:52:21,901 [Listener at 0.0.0.0/43099] WARN  server.ServerUtils (ServerUtils.java:getDBPath(225)) - ozone.om.db.dirs is not configured. We recommend adding this setting. Falling back to ozone.metadata.dirs instead.
2021-08-02 05:52:21,903 [Listener at 0.0.0.0/43099] INFO  upgrade.AbstractLayoutVersionManager (AbstractLayoutVersionManager.java:init(70)) - Initializing Layout version manager with metadata layout = INITIAL_VERSION (version = 0), software layout = INITIAL_VERSION (version = 0)
2021-08-02 05:52:21,962 [Listener at 0.0.0.0/43099] INFO  reflections.Reflections (Reflections.java:scan(232)) - Reflections took 55 ms to scan 2 urls, producing 131 keys and 342 values [using 2 cores]
2021-08-02 05:52:21,966 [Listener at 0.0.0.0/43099] INFO  upgrade.OMLayoutVersionManager (OMLayoutVersionManager.java:lambda$0(116)) - Skipping Upgrade Action MockOmUpgradeAction since it has been finalized.
2021-08-02 05:52:21,967 [Listener at 0.0.0.0/43099] WARN  server.ServerUtils (ServerUtils.java:getDBPath(225)) - ozone.om.db.dirs is not configured. We recommend adding this setting. Falling back to ozone.metadata.dirs instead.
2021-08-02 05:52:22,297 [Listener at 0.0.0.0/43099] WARN  server.ServerUtils (ServerUtils.java:getDBPath(225)) - ozone.om.db.dirs is not configured. We recommend adding this setting. Falling back to ozone.metadata.dirs instead.
2021-08-02 05:52:22,302 [Listener at 0.0.0.0/43099] INFO  codec.OmKeyInfoCodec (OmKeyInfoCodec.java:<init>(51)) - OmKeyInfoCodec ignorePipeline = true
2021-08-02 05:52:22,303 [Listener at 0.0.0.0/43099] INFO  codec.RepeatedOmKeyInfoCodec (RepeatedOmKeyInfoCodec.java:<init>(42)) - RepeatedOmKeyInfoCodec ignorePipeline = true
2021-08-02 05:52:22,477 [Listener at 0.0.0.0/43099] INFO  om.OzoneManager (OzoneManager.java:addS3GVolumeToDB(4084)) - Created Volume s3v With Owner runner required for S3Gateway operations.
2021-08-02 05:52:22,537 [Listener at 0.0.0.0/43099] WARN  server.ServerUtils (ServerUtils.java:getDefaultRatisDirectory(237)) - Storage directory for Ratis is not configured. It is a good idea to map this to an SSD disk. Falling back to ozone.metadata.dirs
2021-08-02 05:52:22,537 [Listener at 0.0.0.0/43099] WARN  utils.OzoneManagerRatisUtils (OzoneManagerRatisUtils.java:getOMRatisSnapshotDirectory(391)) - ozone.om.ratis.snapshot.dir is not configured. Falling back to ozone.metadata.dirs config
2021-08-02 05:52:22,543 [Listener at 0.0.0.0/43099] INFO  metrics.MetricRegistries (MetricRegistriesLoader.java:load(64)) - Loaded MetricRegistries class org.apache.ratis.metrics.impl.MetricRegistriesImpl
2021-08-02 05:52:22,565 [Listener at 0.0.0.0/43099] WARN  server.ServerUtils (ServerUtils.java:getDefaultRatisDirectory(237)) - Storage directory for Ratis is not configured. It is a good idea to map this to an SSD disk. Falling back to ozone.metadata.dirs
2021-08-02 05:52:22,598 [Listener at 0.0.0.0/43099] INFO  ratis.OzoneManagerRatisServer (OzoneManagerRatisServer.java:<init>(158)) - Instantiating OM Ratis server with groupID: omServiceIdDefault and peers: localhost:9872
2021-08-02 05:52:22,605 [Listener at 0.0.0.0/43099] INFO  ratis.OzoneManagerStateMachine (OzoneManagerStateMachine.java:loadSnapshotInfoFromDB(605)) - LastAppliedIndex is set from TransactionInfo from OM DB as (t:0, i:~)
2021-08-02 05:52:22,637 [Listener at 0.0.0.0/43099] INFO  server.RaftServer (ConfUtils.java:logGet(44)) - raft.rpc.type = GRPC (default)
2021-08-02 05:52:22,688 [Listener at 0.0.0.0/43099] INFO  grpc.GrpcFactory (GrpcFactory.java:checkPooledByteBufAllocatorUseCacheForAllThreads(48)) - PERFORMANCE WARNING: useCacheForAllThreads is true that may cause Netty to create a lot garbage objects and, as a result, trigger GC.
	It is recommended to disable useCacheForAllThreads by setting -Dorg.apache.ratis.thirdparty.io.netty.allocator.useCacheForAllThreads=false in command line.
2021-08-02 05:52:22,693 [Listener at 0.0.0.0/43099] INFO  grpc.GrpcConfigKeys (ConfUtils.java:logGet(44)) - raft.grpc.admin.port = -1 (default)
2021-08-02 05:52:22,693 [Listener at 0.0.0.0/43099] INFO  grpc.GrpcConfigKeys (ConfUtils.java:logGet(44)) - raft.grpc.server.port = 9872 (custom)
2021-08-02 05:52:22,694 [Listener at 0.0.0.0/43099] INFO  grpc.GrpcConfigKeys (ConfUtils.java:logGet(44)) - raft.grpc.client.port = -1 (default)
2021-08-02 05:52:22,694 [Listener at 0.0.0.0/43099] INFO  grpc.GrpcConfigKeys (ConfUtils.java:logGet(44)) - raft.grpc.server.port = 9872 (custom)
2021-08-02 05:52:22,694 [Listener at 0.0.0.0/43099] INFO  grpc.GrpcConfigKeys (ConfUtils.java:logGet(44)) - raft.grpc.server.port = 9872 (custom)
2021-08-02 05:52:22,697 [Listener at 0.0.0.0/43099] INFO  server.GrpcService (ConfUtils.java:logGet(44)) - raft.grpc.message.size.max = 33554432 (custom)
2021-08-02 05:52:22,698 [Listener at 0.0.0.0/43099] INFO  server.RaftServerConfigKeys (ConfUtils.java:logGet(44)) - raft.server.log.appender.buffer.byte-limit = 33554432 (custom)
2021-08-02 05:52:22,703 [Listener at 0.0.0.0/43099] INFO  server.GrpcService (ConfUtils.java:logGet(44)) - raft.grpc.flow.control.window = 1MB (=1048576) (default)
2021-08-02 05:52:22,705 [Listener at 0.0.0.0/43099] INFO  server.RaftServerConfigKeys (ConfUtils.java:logGet(44)) - raft.server.rpc.request.timeout = 3000ms (default)
2021-08-02 05:52:22,875 [Listener at 0.0.0.0/43099] INFO  impl.DataStreamServerImpl (ConfUtils.java:logGet(44)) - raft.datastream.type = DISABLED (default)
2021-08-02 05:52:22,876 [Listener at 0.0.0.0/43099] INFO  server.RaftServerConfigKeys (ConfUtils.java:logGet(44)) - raft.server.rpc.slowness.timeout = 120s (custom)
2021-08-02 05:52:22,877 [Listener at 0.0.0.0/43099] INFO  server.RaftServerConfigKeys (ConfUtils.java:logGet(44)) - raft.server.leaderelection.leader.step-down.wait-time = 10s (default)
2021-08-02 05:52:22,886 [Listener at 0.0.0.0/43099] INFO  server.RaftServerConfigKeys (ConfUtils.java:logGet(44)) - raft.server.storage.dir = [/home/runner/work/ozone/ozone/mnt/ozone/hadoop-ozone/integration-test/target/test-dir/MiniOzoneClusterImpl-4f335ae8-e577-43f0-9715-84c03d5ccb1a/ozone-meta/ratis] (custom)
2021-08-02 05:52:22,896 [Listener at 0.0.0.0/43099] INFO  server.RaftServer (RaftServerProxy.java:addNew(95)) - om1: addNew group-C5BA1605619E:[om1|rpc:localhost:9872|priority:0] returns group-C5BA1605619E:java.util.concurrent.CompletableFuture@58d291c1[Not completed]
2021-08-02 05:52:22,896 [Listener at 0.0.0.0/43099] INFO  om.OzoneManager (OzoneManager.java:initializeRatisServer(1542)) - OzoneManager Ratis server initialized at port 9872
2021-08-02 05:52:22,912 [Listener at 0.0.0.0/43099] INFO  ipc.CallQueueManager (CallQueueManager.java:<init>(90)) - Using callQueue: class java.util.concurrent.LinkedBlockingQueue, queueCapacity: 2000, scheduler: class org.apache.hadoop.ipc.DefaultRpcScheduler, ipcBackoff: false.
2021-08-02 05:52:22,913 [Socket Reader #1 for port 0] INFO  ipc.Server (Server.java:run(1265)) - Starting Socket Reader #1 for port 0
2021-08-02 05:52:22,925 [pool-38-thread-1] INFO  server.RaftServer$Division (RaftServerImpl.java:<init>(181)) - om1: new RaftServerImpl for group-C5BA1605619E:[om1|rpc:localhost:9872|priority:0] with OzoneManagerStateMachine:uninitialized
2021-08-02 05:52:22,929 [pool-38-thread-1] INFO  server.RaftServerConfigKeys (ConfUtils.java:logGet(44)) - raft.server.rpc.timeout.min = 1s (custom)
2021-08-02 05:52:22,930 [pool-38-thread-1] INFO  server.RaftServerConfigKeys (ConfUtils.java:logGet(44)) - raft.server.rpc.timeout.max = 1200ms (custom)
2021-08-02 05:52:22,930 [pool-38-thread-1] INFO  server.RaftServerConfigKeys (ConfUtils.java:logGet(44)) - raft.server.rpc.sleep.time = 25ms (default)
2021-08-02 05:52:22,930 [pool-38-thread-1] INFO  server.RaftServerConfigKeys (ConfUtils.java:logGet(44)) - raft.server.rpc.slowness.timeout = 120s (custom)
2021-08-02 05:52:22,930 [pool-38-thread-1] INFO  server.RaftServerConfigKeys (ConfUtils.java:logGet(44)) - raft.server.leaderelection.leader.step-down.wait-time = 10s (default)
2021-08-02 05:52:22,930 [pool-38-thread-1] INFO  server.RaftServerConfigKeys (ConfUtils.java:logGet(44)) - raft.server.sleep.deviation.threshold = 300ms (default)
2021-08-02 05:52:22,931 [pool-38-thread-1] INFO  server.RaftServerConfigKeys (ConfUtils.java:logGet(44)) - raft.server.log.appender.install.snapshot.enabled = false (custom)
2021-08-02 05:52:22,935 [pool-38-thread-1] INFO  server.RaftServer$Division (ServerState.java:<init>(105)) - om1@group-C5BA1605619E: ConfigurationManager, init=-1: [om1|rpc:localhost:9872|priority:0], old=null, confs=<EMPTY_MAP>
2021-08-02 05:52:22,955 [pool-38-thread-1] INFO  server.RaftServerConfigKeys (ConfUtils.java:logGet(44)) - raft.server.storage.dir = [/home/runner/work/ozone/ozone/mnt/ozone/hadoop-ozone/integration-test/target/test-dir/MiniOzoneClusterImpl-4f335ae8-e577-43f0-9715-84c03d5ccb1a/ozone-meta/ratis] (custom)
2021-08-02 05:52:22,970 [pool-38-thread-1] INFO  server.RaftServerConfigKeys (ConfUtils.java:logGet(44)) - raft.server.log.corruption.policy = EXCEPTION (default)
2021-08-02 05:52:22,971 [pool-38-thread-1] INFO  server.RaftServerConfigKeys (ConfUtils.java:logGet(44)) - raft.server.storage.free-space.min = 0MB (=0) (default)
2021-08-02 05:52:22,973 [pool-38-thread-1] INFO  storage.RaftStorageDirectory (RaftStorageDirectoryImpl.java:analyzeStorage(135)) - The storage directory /home/runner/work/ozone/ozone/mnt/ozone/hadoop-ozone/integration-test/target/test-dir/MiniOzoneClusterImpl-4f335ae8-e577-43f0-9715-84c03d5ccb1a/ozone-meta/ratis/bf265839-605b-3f16-9796-c5ba1605619e does not exist. Creating ...
2021-08-02 05:52:22,978 [Listener at 127.0.0.1/35629] INFO  om.OzoneManager (OzoneManager.java:initFSOLayout(4290)) - Configured ozone.om.metadata.layout=SIMPLE and disabled optimized OM FS operations
2021-08-02 05:52:22,980 [pool-38-thread-1] INFO  storage.RaftStorageDirectory (RaftStorageDirectoryImpl.java:tryLock(230)) - Lock on /home/runner/work/ozone/ozone/mnt/ozone/hadoop-ozone/integration-test/target/test-dir/MiniOzoneClusterImpl-4f335ae8-e577-43f0-9715-84c03d5ccb1a/ozone-meta/ratis/bf265839-605b-3f16-9796-c5ba1605619e/in_use.lock acquired by nodename 11535@fv-az12-406
2021-08-02 05:52:22,988 [Listener at 127.0.0.1/35629] INFO  impl.MetricsSystemImpl (MetricsSystemImpl.java:init(158)) - OzoneManager metrics system started (again)
2021-08-02 05:52:22,996 [pool-38-thread-1] INFO  storage.RaftStorage (RaftStorageImpl.java:format(89)) - Storage directory /home/runner/work/ozone/ozone/mnt/ozone/hadoop-ozone/integration-test/target/test-dir/MiniOzoneClusterImpl-4f335ae8-e577-43f0-9715-84c03d5ccb1a/ozone-meta/ratis/bf265839-605b-3f16-9796-c5ba1605619e has been successfully formatted.
2021-08-02 05:52:22,998 [pool-38-thread-1] INFO  server.RaftServerConfigKeys (ConfUtils.java:logGet(44)) - raft.server.notification.no-leader.timeout = 120s (custom)
2021-08-02 05:52:23,003 [pool-38-thread-1] INFO  server.RaftServerConfigKeys (ConfUtils.java:logGet(44)) - raft.server.log.use.memory = false (default)
2021-08-02 05:52:23,010 [pool-38-thread-1] INFO  server.RaftServerConfigKeys (ConfUtils.java:logGet(44)) - raft.server.log.purge.gap = 1000000 (custom)
2021-08-02 05:52:23,015 [pool-38-thread-1] INFO  server.RaftServerConfigKeys (ConfUtils.java:logGet(44)) - raft.server.log.appender.buffer.byte-limit = 33554432 (custom)
2021-08-02 05:52:23,015 [Listener at 127.0.0.1/35629] INFO  om.OzoneManager (OzoneManager.java:start(1239)) - OzoneManager RPC server is listening at localhost/127.0.0.1:35629
2021-08-02 05:52:23,016 [Listener at 127.0.0.1/35629] INFO  ratis.OzoneManagerRatisServer (OzoneManagerRatisServer.java:start(516)) - Starting OzoneManagerRatisServer om1 at port 9872
2021-08-02 05:52:23,029 [pool-38-thread-1] INFO  server.RaftServerConfigKeys (ConfUtils.java:logGet(44)) - raft.server.log.segment.size.max = 4194304 (custom)
2021-08-02 05:52:23,036 [pool-38-thread-1] INFO  server.RaftServerConfigKeys (ConfUtils.java:logGet(44)) - raft.server.log.segment.cache.num.max = 2 (custom)
2021-08-02 05:52:23,036 [pool-38-thread-1] INFO  server.RaftServerConfigKeys (ConfUtils.java:logGet(44)) - raft.server.log.segment.cache.size.max = 200MB (=209715200) (default)
2021-08-02 05:52:23,041 [pool-38-thread-1] INFO  segmented.SegmentedRaftLogWorker (SegmentedRaftLogWorker.java:<init>(182)) - new om1@group-C5BA1605619E-SegmentedRaftLogWorker for RaftStorageImpl:Storage Directory /home/runner/work/ozone/ozone/mnt/ozone/hadoop-ozone/integration-test/target/test-dir/MiniOzoneClusterImpl-4f335ae8-e577-43f0-9715-84c03d5ccb1a/ozone-meta/ratis/bf265839-605b-3f16-9796-c5ba1605619e
2021-08-02 05:52:23,041 [pool-38-thread-1] INFO  server.RaftServerConfigKeys (ConfUtils.java:logGet(44)) - raft.server.log.queue.byte-limit = 64MB (=67108864) (default)
2021-08-02 05:52:23,042 [pool-38-thread-1] INFO  server.RaftServerConfigKeys (ConfUtils.java:logGet(44)) - raft.server.log.queue.element-limit = 4096 (default)
2021-08-02 05:52:23,042 [pool-38-thread-1] INFO  server.RaftServerConfigKeys (ConfUtils.java:logGet(44)) - raft.server.log.segment.size.max = 4194304 (custom)
2021-08-02 05:52:23,043 [pool-38-thread-1] INFO  server.RaftServerConfigKeys (ConfUtils.java:logGet(44)) - raft.server.log.preallocated.size = 4194304 (custom)
2021-08-02 05:52:23,043 [pool-38-thread-1] INFO  server.RaftServerConfigKeys (ConfUtils.java:logGet(44)) - raft.server.log.force.sync.num = 128 (default)
2021-08-02 05:52:23,044 [pool-38-thread-1] INFO  server.RaftServerConfigKeys (ConfUtils.java:logGet(44)) - raft.server.log.statemachine.data.sync = true (default)
2021-08-02 05:52:23,044 [pool-38-thread-1] INFO  server.RaftServerConfigKeys (ConfUtils.java:logGet(44)) - raft.server.log.statemachine.data.sync.timeout = 10s (default)
2021-08-02 05:52:23,045 [pool-38-thread-1] INFO  server.RaftServerConfigKeys (ConfUtils.java:logGet(44)) - raft.server.log.statemachine.data.sync.timeout.retry = -1 (default)
2021-08-02 05:52:23,052 [pool-38-thread-1] INFO  server.RaftServerConfigKeys (ConfUtils.java:logGet(44)) - raft.server.log.write.buffer.size = 64KB (=65536) (default)
2021-08-02 05:52:23,053 [pool-38-thread-1] INFO  server.RaftServerConfigKeys (ConfUtils.java:logGet(44)) - raft.server.log.statemachine.data.caching.enabled = false (default)
2021-08-02 05:52:23,061 [pool-38-thread-1] INFO  segmented.SegmentedRaftLogWorker (SegmentedRaftLogWorker.java:lambda$new$0(133)) - om1@group-C5BA1605619E-SegmentedRaftLogWorker: flushIndex: setUnconditionally 0 -> -1
2021-08-02 05:52:23,062 [pool-38-thread-1] INFO  segmented.SegmentedRaftLogWorker (SegmentedRaftLogWorker.java:lambda$new$0(133)) - om1@group-C5BA1605619E-SegmentedRaftLogWorker: safeCacheEvictIndex: setUnconditionally 0 -> -1
2021-08-02 05:52:23,065 [pool-38-thread-1] INFO  server.RaftServerConfigKeys (ConfUtils.java:logGet(44)) - raft.server.snapshot.auto.trigger.enabled = true (custom)
2021-08-02 05:52:23,065 [pool-38-thread-1] INFO  server.RaftServerConfigKeys (ConfUtils.java:logGet(44)) - raft.server.snapshot.auto.trigger.threshold = 400000 (default)
2021-08-02 05:52:23,066 [pool-38-thread-1] INFO  server.RaftServerConfigKeys (ConfUtils.java:logGet(44)) - raft.server.snapshot.retention.file.num = -1 (default)
2021-08-02 05:52:23,068 [pool-38-thread-1] INFO  server.RaftServerConfigKeys (ConfUtils.java:logGet(44)) - raft.server.log.purge.upto.snapshot.index = true (custom)
2021-08-02 05:52:23,069 [pool-38-thread-1] INFO  server.RaftServerConfigKeys (ConfUtils.java:logGet(44)) - raft.server.retrycache.expirytime = 300s (custom)
2021-08-02 05:52:23,069 [pool-38-thread-1] INFO  server.RaftServerConfigKeys (ConfUtils.java:logGet(44)) - raft.server.retrycache.statistics.expirytime = 100μs (default)
2021-08-02 05:52:23,093 [Listener at 127.0.0.1/35629] INFO  server.RaftServer$Division (RaftServerImpl.java:start(296)) - om1@group-C5BA1605619E: start as a follower, conf=-1: [om1|rpc:localhost:9872|priority:0], old=null
2021-08-02 05:52:23,094 [Listener at 127.0.0.1/35629] INFO  server.RaftServer$Division (RaftServerImpl.java:setRole(285)) - om1@group-C5BA1605619E: changes role from      null to FOLLOWER at term 0 for startAsFollower
2021-08-02 05:52:23,095 [Listener at 127.0.0.1/35629] INFO  impl.RoleInfo (RoleInfo.java:updateAndGet(130)) - om1: start om1@group-C5BA1605619E-FollowerState
2021-08-02 05:52:23,097 [Listener at 127.0.0.1/35629] INFO  util.JmxRegister (JmxRegister.java:tryRegister(44)) - Successfully registered JMX Bean with object name Ratis:service=RaftServer,group=group-C5BA1605619E,id=om1
2021-08-02 05:52:23,100 [Listener at 127.0.0.1/35629] INFO  server.RaftServer (RaftServerProxy.java:lambda$start$5(374)) - om1: start RPC server
2021-08-02 05:52:23,134 [Listener at 127.0.0.1/35629] INFO  server.GrpcService (GrpcService.java:startImpl(253)) - om1: GrpcService started, listening on 9872
2021-08-02 05:52:23,136 [Listener at 127.0.0.1/35629] INFO  om.OzoneManager (OzoneManager.java:start(1257)) - Version File has different layout version (0) than OM DB (null). That is expected if this OM has never been finalized to a newer layout version.
2021-08-02 05:52:23,137 [org.apache.ratis.util.JvmPauseMonitor$$Lambda$526/571419931@2ee16a4e] INFO  util.JvmPauseMonitor (JvmPauseMonitor.java:run(103)) - JvmPauseMonitor-om1: Started
2021-08-02 05:52:23,145 [Listener at 127.0.0.1/35629] INFO  http.BaseHttpServer (BaseHttpServer.java:newHttpServer2BuilderForOzone(209)) - Starting Web-server for ozoneManager at: http://0.0.0.0:0
2021-08-02 05:52:23,145 [Listener at 127.0.0.1/35629] INFO  http.BaseHttpServer (BaseHttpServer.java:<init>(107)) - Hadoop Security Enabled: false Ozone Security Enabled: false Ozone HTTP Security Enabled: false 
2021-08-02 05:52:23,146 [Listener at 127.0.0.1/35629] INFO  server.AuthenticationFilter (AuthenticationFilter.java:constructSecretProvider(240)) - Unable to initialize FileSignerSecretProvider, falling back to use random secrets.
2021-08-02 05:52:23,155 [Listener at 127.0.0.1/35629] WARN  http.HttpRequestLog (HttpRequestLog.java:getRequestLog(103)) - Jetty request log can only be enabled using Log4j
2021-08-02 05:52:23,156 [Listener at 127.0.0.1/35629] INFO  http.HttpServer2 (HttpServer2.java:addGlobalFilter(1020)) - Added global filter 'safety' (class=org.apache.hadoop.hdds.server.http.HttpServer2$QuotingInputFilter)
2021-08-02 05:52:23,157 [Listener at 127.0.0.1/35629] INFO  http.HttpServer2 (HttpServer2.java:addFilter(996)) - Added filter static_user_filter (class=org.apache.hadoop.http.lib.StaticUserWebFilter$StaticUserFilter) to context ozoneManager
2021-08-02 05:52:23,158 [Listener at 127.0.0.1/35629] INFO  http.HttpServer2 (HttpServer2.java:addFilter(1004)) - Added filter static_user_filter (class=org.apache.hadoop.http.lib.StaticUserWebFilter$StaticUserFilter) to context static
2021-08-02 05:52:23,158 [Listener at 127.0.0.1/35629] INFO  http.HttpServer2 (HttpServer2.java:addFilter(1004)) - Added filter static_user_filter (class=org.apache.hadoop.http.lib.StaticUserWebFilter$StaticUserFilter) to context logs
2021-08-02 05:52:23,161 [Listener at 127.0.0.1/35629] INFO  http.HttpServer2 (HttpServer2.java:bindListener(1239)) - Jetty bound to port 40469
2021-08-02 05:52:23,161 [Listener at 127.0.0.1/35629] INFO  server.Server (Server.java:doStart(375)) - jetty-9.4.35.v20201120; built: 2020-11-20T21:17:03.964Z; git: bdc54f03a5e0a7e280fab27f55c3c75ee8da89fb; jvm 1.8.0_292-b10
2021-08-02 05:52:23,163 [Listener at 127.0.0.1/35629] INFO  server.session (DefaultSessionIdManager.java:doStart(334)) - DefaultSessionIdManager workerName=node0
2021-08-02 05:52:23,163 [Listener at 127.0.0.1/35629] INFO  server.session (DefaultSessionIdManager.java:doStart(339)) - No SessionScavenger set, using defaults
2021-08-02 05:52:23,163 [Listener at 127.0.0.1/35629] INFO  server.session (HouseKeeper.java:startScavenging(132)) - node0 Scavenging every 600000ms
2021-08-02 05:52:23,164 [Listener at 127.0.0.1/35629] INFO  handler.ContextHandler (ContextHandler.java:doStart(916)) - Started o.e.j.s.ServletContextHandler@72e1a349{logs,/logs,file:///home/runner/work/ozone/ozone/mnt/ozone/hadoop-ozone/integration-test/target/log,AVAILABLE}
2021-08-02 05:52:23,164 [Listener at 127.0.0.1/35629] INFO  handler.ContextHandler (ContextHandler.java:doStart(916)) - Started o.e.j.s.ServletContextHandler@1daf79ab{static,/static,file:///home/runner/work/ozone/ozone/mnt/ozone/hadoop-ozone/integration-test/target/test-classes/webapps/static,AVAILABLE}
2021-08-02 05:52:23,167 [Listener at 127.0.0.1/35629] INFO  handler.ContextHandler (ContextHandler.java:doStart(916)) - Started o.e.j.w.WebAppContext@6d2fe236{ozoneManager,/,file:///home/runner/work/ozone/ozone/mnt/ozone/hadoop-ozone/integration-test/target/test-classes/webapps/ozoneManager/,AVAILABLE}{file:/home/runner/work/ozone/ozone/mnt/ozone/hadoop-ozone/integration-test/target/test-classes/webapps/ozoneManager}
2021-08-02 05:52:23,168 [Listener at 127.0.0.1/35629] INFO  server.AbstractConnector (AbstractConnector.java:doStart(331)) - Started ServerConnector@54d20609{HTTP/1.1, (http/1.1)}{0.0.0.0:40469}
2021-08-02 05:52:23,172 [Listener at 127.0.0.1/35629] INFO  server.Server (Server.java:doStart(415)) - Started @5075ms
2021-08-02 05:52:23,172 [Listener at 127.0.0.1/35629] WARN  impl.MetricsSystemImpl (MetricsSystemImpl.java:register(279)) - Sink prometheus already exists!
2021-08-02 05:52:23,173 [Listener at 127.0.0.1/35629] INFO  http.BaseHttpServer (BaseHttpServer.java:updateConnectorAddress(329)) - HTTP server of ozoneManager listening at http://0.0.0.0:40469
2021-08-02 05:52:23,175 [IPC Server Responder] INFO  ipc.Server (Server.java:run(1507)) - IPC Server Responder: starting
2021-08-02 05:52:23,176 [IPC Server listener on 0] INFO  ipc.Server (Server.java:run(1344)) - IPC Server listener on 0: starting
2021-08-02 05:52:23,181 [Listener at 127.0.0.1/35629] INFO  om.OzoneManager (OzoneManager.java:startTrashEmptier(1500)) - Trash Interval set to 0. Files deleted will not move to trash
2021-08-02 05:52:23,182 [org.apache.hadoop.util.JvmPauseMonitor$Monitor@4b29f03e] INFO  util.JvmPauseMonitor (JvmPauseMonitor.java:run(188)) - Starting JVM pause monitor
2021-08-02 05:52:23,315 [Listener at 127.0.0.1/35629] WARN  impl.MetricRegistriesImpl (MetricRegistriesImpl.java:addReporterRegistration(111)) - New reporters are added after registries were created. Some metrics will be missing from the reporter. Please add reporter before adding any new registry.
2021-08-02 05:52:23,315 [Listener at 127.0.0.1/35629] WARN  impl.MetricRegistriesImpl (MetricRegistriesImpl.java:addReporterRegistration(111)) - New reporters are added after registries were created. Some metrics will be missing from the reporter. Please add reporter before adding any new registry.
2021-08-02 05:52:23,315 [Listener at 127.0.0.1/35629] INFO  impl.MetricsSystemImpl (MetricsSystemImpl.java:init(158)) - HddsDatanode metrics system started (again)
2021-08-02 05:52:23,331 [Listener at 127.0.0.1/35629] INFO  ozone.HddsDatanodeService (HddsDatanodeService.java:start(234)) - HddsDatanodeService host:fv-az12-406.exdb2aeach2ezidoxz41lk3bwg.cx.internal.cloudapp.net ip:10.1.0.32
2021-08-02 05:52:23,363 [Listener at 127.0.0.1/35629] INFO  upgrade.AbstractLayoutVersionManager (AbstractLayoutVersionManager.java:init(70)) - Initializing Layout version manager with metadata layout = SCM_HA (version = 2), software layout = SCM_HA (version = 2)
2021-08-02 05:52:23,400 [Listener at 127.0.0.1/35629] INFO  reflections.Reflections (Reflections.java:scan(232)) - Reflections took 35 ms to scan 7 urls, producing 120 keys and 273 values 
2021-08-02 05:52:23,447 [Listener at 127.0.0.1/35629] INFO  volume.HddsVolume (HddsVolume.java:<init>(120)) - Creating HddsVolume: /home/runner/work/ozone/ozone/mnt/ozone/hadoop-ozone/integration-test/target/test-dir/MiniOzoneClusterImpl-4f335ae8-e577-43f0-9715-84c03d5ccb1a/datanode-0/data-0/containers/hdds of storage type : DISK capacity : 9223372036854775807
2021-08-02 05:52:23,449 [Listener at 127.0.0.1/35629] INFO  volume.MutableVolumeSet (MutableVolumeSet.java:initializeVolumeSet(181)) - Added Volume : /home/runner/work/ozone/ozone/mnt/ozone/hadoop-ozone/integration-test/target/test-dir/MiniOzoneClusterImpl-4f335ae8-e577-43f0-9715-84c03d5ccb1a/datanode-0/data-0/containers/hdds to VolumeSet
2021-08-02 05:52:23,450 [Listener at 127.0.0.1/35629] INFO  volume.ThrottledAsyncChecker (ThrottledAsyncChecker.java:schedule(141)) - Scheduling a check for /home/runner/work/ozone/ozone/mnt/ozone/hadoop-ozone/integration-test/target/test-dir/MiniOzoneClusterImpl-4f335ae8-e577-43f0-9715-84c03d5ccb1a/datanode-0/data-0/containers/hdds
2021-08-02 05:52:23,465 [Listener at 127.0.0.1/35629] INFO  volume.StorageVolumeChecker (StorageVolumeChecker.java:checkAllVolumes(202)) - Scheduled health check for volume /home/runner/work/ozone/ozone/mnt/ozone/hadoop-ozone/integration-test/target/test-dir/MiniOzoneClusterImpl-4f335ae8-e577-43f0-9715-84c03d5ccb1a/datanode-0/data-0/containers/hdds
2021-08-02 05:52:23,482 [Listener at 127.0.0.1/35629] INFO  volume.MutableVolumeSet (MutableVolumeSet.java:initializeVolumeSet(181)) - Added Volume : /home/runner/work/ozone/ozone/mnt/ozone/hadoop-ozone/integration-test/target/test-dir/MiniOzoneClusterImpl-4f335ae8-e577-43f0-9715-84c03d5ccb1a/datanode-0/data/ratis to VolumeSet
2021-08-02 05:52:23,482 [Listener at 127.0.0.1/35629] INFO  volume.ThrottledAsyncChecker (ThrottledAsyncChecker.java:schedule(141)) - Scheduling a check for /home/runner/work/ozone/ozone/mnt/ozone/hadoop-ozone/integration-test/target/test-dir/MiniOzoneClusterImpl-4f335ae8-e577-43f0-9715-84c03d5ccb1a/datanode-0/data/ratis
2021-08-02 05:52:23,483 [Listener at 127.0.0.1/35629] INFO  volume.StorageVolumeChecker (StorageVolumeChecker.java:checkAllVolumes(202)) - Scheduled health check for volume /home/runner/work/ozone/ozone/mnt/ozone/hadoop-ozone/integration-test/target/test-dir/MiniOzoneClusterImpl-4f335ae8-e577-43f0-9715-84c03d5ccb1a/datanode-0/data/ratis
2021-08-02 05:52:23,497 [Listener at 127.0.0.1/35629] INFO  ozoneimpl.ContainerReader (ContainerReader.java:<init>(98)) - Running in upgrade mode:true
2021-08-02 05:52:23,501 [Thread-128] INFO  ozoneimpl.ContainerReader (ContainerReader.java:readVolume(142)) - Start to verify containers on volume /home/runner/work/ozone/ozone/mnt/ozone/hadoop-ozone/integration-test/target/test-dir/MiniOzoneClusterImpl-4f335ae8-e577-43f0-9715-84c03d5ccb1a/datanode-0/data-0/containers/hdds
2021-08-02 05:52:23,501 [Thread-128] INFO  ozoneimpl.ContainerReader (ContainerReader.java:readVolume(174)) - Finish verifying containers on volume /home/runner/work/ozone/ozone/mnt/ozone/hadoop-ozone/integration-test/target/test-dir/MiniOzoneClusterImpl-4f335ae8-e577-43f0-9715-84c03d5ccb1a/datanode-0/data-0/containers/hdds
2021-08-02 05:52:23,502 [Listener at 127.0.0.1/35629] INFO  ozoneimpl.OzoneContainer (OzoneContainer.java:buildContainerSet(237)) - Build ContainerSet costs 0s
2021-08-02 05:52:23,563 [Listener at 127.0.0.1/35629] INFO  server.RaftServer (ConfUtils.java:logGet(44)) - raft.rpc.type = GRPC (default)
2021-08-02 05:52:23,564 [Listener at 127.0.0.1/35629] INFO  grpc.GrpcFactory (GrpcFactory.java:checkPooledByteBufAllocatorUseCacheForAllThreads(48)) - PERFORMANCE WARNING: useCacheForAllThreads is true that may cause Netty to create a lot garbage objects and, as a result, trigger GC.
	It is recommended to disable useCacheForAllThreads by setting -Dorg.apache.ratis.thirdparty.io.netty.allocator.useCacheForAllThreads=false in command line.
2021-08-02 05:52:23,564 [Listener at 127.0.0.1/35629] INFO  grpc.GrpcConfigKeys (ConfUtils.java:logGet(44)) - raft.grpc.admin.port = 0 (custom)
2021-08-02 05:52:23,564 [Listener at 127.0.0.1/35629] INFO  grpc.GrpcConfigKeys (ConfUtils.java:logGet(44)) - raft.grpc.client.port = 0 (custom)
2021-08-02 05:52:23,564 [Listener at 127.0.0.1/35629] INFO  grpc.GrpcConfigKeys (ConfUtils.java:logGet(44)) - raft.grpc.server.port = 0 (default)
2021-08-02 05:52:23,564 [Listener at 127.0.0.1/35629] INFO  server.GrpcService (ConfUtils.java:logGet(44)) - raft.grpc.message.size.max = 32MB (=33554432) (custom)
2021-08-02 05:52:23,566 [Listener at 127.0.0.1/35629] INFO  server.RaftServerConfigKeys (ConfUtils.java:logGet(44)) - raft.server.log.appender.buffer.byte-limit = 33554432 (custom)
2021-08-02 05:52:23,567 [Listener at 127.0.0.1/35629] INFO  server.GrpcService (ConfUtils.java:logGet(44)) - raft.grpc.flow.control.window = 5MB (=5242880) (custom)
2021-08-02 05:52:23,567 [Listener at 127.0.0.1/35629] INFO  server.RaftServerConfigKeys (ConfUtils.java:logGet(44)) - raft.server.rpc.request.timeout = 3000ms (default)
2021-08-02 05:52:23,568 [Listener at 127.0.0.1/35629] INFO  impl.DataStreamServerImpl (ConfUtils.java:logGet(44)) - raft.datastream.type = DISABLED (default)
2021-08-02 05:52:23,568 [Listener at 127.0.0.1/35629] INFO  server.RaftServerConfigKeys (ConfUtils.java:logGet(44)) - raft.server.rpc.slowness.timeout = 300000ms (custom)
2021-08-02 05:52:23,569 [Listener at 127.0.0.1/35629] INFO  server.RaftServerConfigKeys (ConfUtils.java:logGet(44)) - raft.server.leaderelection.leader.step-down.wait-time = 10s (default)
2021-08-02 05:52:23,569 [Listener at 127.0.0.1/35629] INFO  server.RaftServerConfigKeys (ConfUtils.java:logGet(44)) - raft.server.storage.dir = [/home/runner/work/ozone/ozone/mnt/ozone/hadoop-ozone/integration-test/target/test-dir/MiniOzoneClusterImpl-4f335ae8-e577-43f0-9715-84c03d5ccb1a/datanode-0/data/ratis] (custom)
2021-08-02 05:52:23,616 [Listener at 127.0.0.1/35629] INFO  http.BaseHttpServer (BaseHttpServer.java:newHttpServer2BuilderForOzone(209)) - Starting Web-server for hddsDatanode at: http://0.0.0.0:0
2021-08-02 05:52:23,616 [Listener at 127.0.0.1/35629] INFO  http.BaseHttpServer (BaseHttpServer.java:<init>(107)) - Hadoop Security Enabled: false Ozone Security Enabled: false Ozone HTTP Security Enabled: false 
2021-08-02 05:52:23,621 [Listener at 127.0.0.1/35629] INFO  server.AuthenticationFilter (AuthenticationFilter.java:constructSecretProvider(240)) - Unable to initialize FileSignerSecretProvider, falling back to use random secrets.
2021-08-02 05:52:23,621 [Listener at 127.0.0.1/35629] WARN  http.HttpRequestLog (HttpRequestLog.java:getRequestLog(103)) - Jetty request log can only be enabled using Log4j
2021-08-02 05:52:23,622 [Listener at 127.0.0.1/35629] INFO  http.HttpServer2 (HttpServer2.java:addGlobalFilter(1020)) - Added global filter 'safety' (class=org.apache.hadoop.hdds.server.http.HttpServer2$QuotingInputFilter)
2021-08-02 05:52:23,623 [Listener at 127.0.0.1/35629] INFO  http.HttpServer2 (HttpServer2.java:addFilter(996)) - Added filter static_user_filter (class=org.apache.hadoop.http.lib.StaticUserWebFilter$StaticUserFilter) to context hddsDatanode
2021-08-02 05:52:23,623 [Listener at 127.0.0.1/35629] INFO  http.HttpServer2 (HttpServer2.java:addFilter(1004)) - Added filter static_user_filter (class=org.apache.hadoop.http.lib.StaticUserWebFilter$StaticUserFilter) to context static
2021-08-02 05:52:23,623 [Listener at 127.0.0.1/35629] INFO  http.HttpServer2 (HttpServer2.java:addFilter(1004)) - Added filter static_user_filter (class=org.apache.hadoop.http.lib.StaticUserWebFilter$StaticUserFilter) to context logs
2021-08-02 05:52:23,624 [Listener at 127.0.0.1/35629] INFO  http.HttpServer2 (HttpServer2.java:bindListener(1239)) - Jetty bound to port 33209
2021-08-02 05:52:23,624 [Listener at 127.0.0.1/35629] INFO  server.Server (Server.java:doStart(375)) - jetty-9.4.35.v20201120; built: 2020-11-20T21:17:03.964Z; git: bdc54f03a5e0a7e280fab27f55c3c75ee8da89fb; jvm 1.8.0_292-b10
2021-08-02 05:52:23,628 [Listener at 127.0.0.1/35629] INFO  server.session (DefaultSessionIdManager.java:doStart(334)) - DefaultSessionIdManager workerName=node0
2021-08-02 05:52:23,628 [Listener at 127.0.0.1/35629] INFO  server.session (DefaultSessionIdManager.java:doStart(339)) - No SessionScavenger set, using defaults
2021-08-02 05:52:23,628 [Listener at 127.0.0.1/35629] INFO  server.session (HouseKeeper.java:startScavenging(132)) - node0 Scavenging every 660000ms
2021-08-02 05:52:23,629 [Listener at 127.0.0.1/35629] INFO  handler.ContextHandler (ContextHandler.java:doStart(916)) - Started o.e.j.s.ServletContextHandler@668c8c55{logs,/logs,file:///home/runner/work/ozone/ozone/mnt/ozone/hadoop-ozone/integration-test/target/log,AVAILABLE}
2021-08-02 05:52:23,629 [Listener at 127.0.0.1/35629] INFO  handler.ContextHandler (ContextHandler.java:doStart(916)) - Started o.e.j.s.ServletContextHandler@45f854e9{static,/static,jar:file:/home/runner/.m2/repository/org/apache/ozone/hdds-container-service/1.2.0-SNAPSHOT/hdds-container-service-1.2.0-SNAPSHOT.jar!/webapps/static,AVAILABLE}
2021-08-02 05:52:23,675 [Listener at 127.0.0.1/35629] INFO  handler.ContextHandler (ContextHandler.java:doStart(916)) - Started o.e.j.w.WebAppContext@67bf0d91{hddsDatanode,/,file:///tmp/jetty-0_0_0_0-33209-hdds-container-service-1_2_0-SNAPSHOT_jar-_-any-6695786963125023748/webapp/,AVAILABLE}{jar:file:/home/runner/.m2/repository/org/apache/ozone/hdds-container-service/1.2.0-SNAPSHOT/hdds-container-service-1.2.0-SNAPSHOT.jar!/webapps/hddsDatanode}
2021-08-02 05:52:23,676 [Listener at 127.0.0.1/35629] INFO  server.AbstractConnector (AbstractConnector.java:doStart(331)) - Started ServerConnector@4c49471c{HTTP/1.1, (http/1.1)}{0.0.0.0:33209}
2021-08-02 05:52:23,679 [Listener at 127.0.0.1/35629] INFO  server.Server (Server.java:doStart(415)) - Started @5582ms
2021-08-02 05:52:23,679 [Listener at 127.0.0.1/35629] WARN  impl.MetricsSystemImpl (MetricsSystemImpl.java:register(279)) - Sink prometheus already exists!
2021-08-02 05:52:23,680 [Listener at 127.0.0.1/35629] INFO  http.BaseHttpServer (BaseHttpServer.java:updateConnectorAddress(329)) - HTTP server of hddsDatanode listening at http://0.0.0.0:33209
2021-08-02 05:52:23,683 [Listener at 127.0.0.1/35629] WARN  impl.MetricRegistriesImpl (MetricRegistriesImpl.java:addReporterRegistration(111)) - New reporters are added after registries were created. Some metrics will be missing from the reporter. Please add reporter before adding any new registry.
2021-08-02 05:52:23,683 [Listener at 127.0.0.1/35629] WARN  impl.MetricRegistriesImpl (MetricRegistriesImpl.java:addReporterRegistration(111)) - New reporters are added after registries were created. Some metrics will be missing from the reporter. Please add reporter before adding any new registry.
2021-08-02 05:52:23,683 [Listener at 127.0.0.1/35629] INFO  impl.MetricsSystemImpl (MetricsSystemImpl.java:init(158)) - HddsDatanode metrics system started (again)
2021-08-02 05:52:23,704 [Listener at 127.0.0.1/35629] INFO  ozone.HddsDatanodeService (HddsDatanodeService.java:start(234)) - HddsDatanodeService host:fv-az12-406.exdb2aeach2ezidoxz41lk3bwg.cx.internal.cloudapp.net ip:10.1.0.32
2021-08-02 05:52:23,704 [org.apache.hadoop.util.JvmPauseMonitor$Monitor@caf7318] INFO  util.JvmPauseMonitor (JvmPauseMonitor.java:run(188)) - Starting JVM pause monitor
2021-08-02 05:52:23,737 [Listener at 127.0.0.1/35629] INFO  upgrade.AbstractLayoutVersionManager (AbstractLayoutVersionManager.java:init(70)) - Initializing Layout version manager with metadata layout = SCM_HA (version = 2), software layout = SCM_HA (version = 2)
2021-08-02 05:52:23,810 [Listener at 127.0.0.1/35629] INFO  reflections.Reflections (Reflections.java:scan(232)) - Reflections took 72 ms to scan 7 urls, producing 120 keys and 273 values 
2021-08-02 05:52:23,820 [Listener at 127.0.0.1/35629] INFO  volume.HddsVolume (HddsVolume.java:<init>(120)) - Creating HddsVolume: /home/runner/work/ozone/ozone/mnt/ozone/hadoop-ozone/integration-test/target/test-dir/MiniOzoneClusterImpl-4f335ae8-e577-43f0-9715-84c03d5ccb1a/datanode-1/data-0/containers/hdds of storage type : DISK capacity : 9223372036854775807
2021-08-02 05:52:23,821 [Listener at 127.0.0.1/35629] INFO  volume.MutableVolumeSet (MutableVolumeSet.java:initializeVolumeSet(181)) - Added Volume : /home/runner/work/ozone/ozone/mnt/ozone/hadoop-ozone/integration-test/target/test-dir/MiniOzoneClusterImpl-4f335ae8-e577-43f0-9715-84c03d5ccb1a/datanode-1/data-0/containers/hdds to VolumeSet
2021-08-02 05:52:23,821 [Listener at 127.0.0.1/35629] INFO  volume.ThrottledAsyncChecker (ThrottledAsyncChecker.java:schedule(141)) - Scheduling a check for /home/runner/work/ozone/ozone/mnt/ozone/hadoop-ozone/integration-test/target/test-dir/MiniOzoneClusterImpl-4f335ae8-e577-43f0-9715-84c03d5ccb1a/datanode-1/data-0/containers/hdds
2021-08-02 05:52:23,826 [Listener at 127.0.0.1/35629] INFO  volume.StorageVolumeChecker (StorageVolumeChecker.java:checkAllVolumes(202)) - Scheduled health check for volume /home/runner/work/ozone/ozone/mnt/ozone/hadoop-ozone/integration-test/target/test-dir/MiniOzoneClusterImpl-4f335ae8-e577-43f0-9715-84c03d5ccb1a/datanode-1/data-0/containers/hdds
2021-08-02 05:52:23,843 [Datanode State Machine Task Thread - 0] INFO  datanode.InitDatanodeState (InitDatanodeState.java:persistContainerDatanodeDetails(145)) - DatanodeDetails is persisted to /home/runner/work/ozone/ozone/mnt/ozone/hadoop-ozone/integration-test/target/test-dir/MiniOzoneClusterImpl-4f335ae8-e577-43f0-9715-84c03d5ccb1a/datanode-0/meta/datanode.id
2021-08-02 05:52:23,847 [Listener at 127.0.0.1/35629] INFO  volume.MutableVolumeSet (MutableVolumeSet.java:initializeVolumeSet(181)) - Added Volume : /home/runner/work/ozone/ozone/mnt/ozone/hadoop-ozone/integration-test/target/test-dir/MiniOzoneClusterImpl-4f335ae8-e577-43f0-9715-84c03d5ccb1a/datanode-1/data/ratis to VolumeSet
2021-08-02 05:52:23,847 [Listener at 127.0.0.1/35629] INFO  volume.ThrottledAsyncChecker (ThrottledAsyncChecker.java:schedule(141)) - Scheduling a check for /home/runner/work/ozone/ozone/mnt/ozone/hadoop-ozone/integration-test/target/test-dir/MiniOzoneClusterImpl-4f335ae8-e577-43f0-9715-84c03d5ccb1a/datanode-1/data/ratis
2021-08-02 05:52:23,848 [Listener at 127.0.0.1/35629] INFO  volume.StorageVolumeChecker (StorageVolumeChecker.java:checkAllVolumes(202)) - Scheduled health check for volume /home/runner/work/ozone/ozone/mnt/ozone/hadoop-ozone/integration-test/target/test-dir/MiniOzoneClusterImpl-4f335ae8-e577-43f0-9715-84c03d5ccb1a/datanode-1/data/ratis
2021-08-02 05:52:23,862 [Listener at 127.0.0.1/35629] INFO  ozoneimpl.ContainerReader (ContainerReader.java:<init>(98)) - Running in upgrade mode:true
2021-08-02 05:52:23,863 [Thread-139] INFO  ozoneimpl.ContainerReader (ContainerReader.java:readVolume(142)) - Start to verify containers on volume /home/runner/work/ozone/ozone/mnt/ozone/hadoop-ozone/integration-test/target/test-dir/MiniOzoneClusterImpl-4f335ae8-e577-43f0-9715-84c03d5ccb1a/datanode-1/data-0/containers/hdds
2021-08-02 05:52:23,863 [Thread-139] INFO  ozoneimpl.ContainerReader (ContainerReader.java:readVolume(174)) - Finish verifying containers on volume /home/runner/work/ozone/ozone/mnt/ozone/hadoop-ozone/integration-test/target/test-dir/MiniOzoneClusterImpl-4f335ae8-e577-43f0-9715-84c03d5ccb1a/datanode-1/data-0/containers/hdds
2021-08-02 05:52:23,863 [Listener at 127.0.0.1/35629] INFO  ozoneimpl.OzoneContainer (OzoneContainer.java:buildContainerSet(237)) - Build ContainerSet costs 0s
2021-08-02 05:52:23,866 [Listener at 127.0.0.1/35629] INFO  server.RaftServer (ConfUtils.java:logGet(44)) - raft.rpc.type = GRPC (default)
2021-08-02 05:52:23,866 [Listener at 127.0.0.1/35629] INFO  grpc.GrpcFactory (GrpcFactory.java:checkPooledByteBufAllocatorUseCacheForAllThreads(48)) - PERFORMANCE WARNING: useCacheForAllThreads is true that may cause Netty to create a lot garbage objects and, as a result, trigger GC.
	It is recommended to disable useCacheForAllThreads by setting -Dorg.apache.ratis.thirdparty.io.netty.allocator.useCacheForAllThreads=false in command line.
2021-08-02 05:52:23,866 [Listener at 127.0.0.1/35629] INFO  grpc.GrpcConfigKeys (ConfUtils.java:logGet(44)) - raft.grpc.admin.port = 0 (custom)
2021-08-02 05:52:23,867 [Listener at 127.0.0.1/35629] INFO  grpc.GrpcConfigKeys (ConfUtils.java:logGet(44)) - raft.grpc.client.port = 0 (custom)
2021-08-02 05:52:23,867 [Listener at 127.0.0.1/35629] INFO  grpc.GrpcConfigKeys (ConfUtils.java:logGet(44)) - raft.grpc.server.port = 0 (default)
2021-08-02 05:52:23,867 [Listener at 127.0.0.1/35629] INFO  server.GrpcService (ConfUtils.java:logGet(44)) - raft.grpc.message.size.max = 32MB (=33554432) (custom)
2021-08-02 05:52:23,867 [Listener at 127.0.0.1/35629] INFO  server.RaftServerConfigKeys (ConfUtils.java:logGet(44)) - raft.server.log.appender.buffer.byte-limit = 33554432 (custom)
2021-08-02 05:52:23,867 [Listener at 127.0.0.1/35629] INFO  server.GrpcService (ConfUtils.java:logGet(44)) - raft.grpc.flow.control.window = 5MB (=5242880) (custom)
2021-08-02 05:52:23,867 [Listener at 127.0.0.1/35629] INFO  server.RaftServerConfigKeys (ConfUtils.java:logGet(44)) - raft.server.rpc.request.timeout = 3000ms (default)
2021-08-02 05:52:23,868 [Listener at 127.0.0.1/35629] INFO  impl.DataStreamServerImpl (ConfUtils.java:logGet(44)) - raft.datastream.type = DISABLED (default)
2021-08-02 05:52:23,868 [Listener at 127.0.0.1/35629] INFO  server.RaftServerConfigKeys (ConfUtils.java:logGet(44)) - raft.server.rpc.slowness.timeout = 300000ms (custom)
2021-08-02 05:52:23,869 [Listener at 127.0.0.1/35629] INFO  server.RaftServerConfigKeys (ConfUtils.java:logGet(44)) - raft.server.leaderelection.leader.step-down.wait-time = 10s (default)
2021-08-02 05:52:23,869 [Listener at 127.0.0.1/35629] INFO  server.RaftServerConfigKeys (ConfUtils.java:logGet(44)) - raft.server.storage.dir = [/home/runner/work/ozone/ozone/mnt/ozone/hadoop-ozone/integration-test/target/test-dir/MiniOzoneClusterImpl-4f335ae8-e577-43f0-9715-84c03d5ccb1a/datanode-1/data/ratis] (custom)
2021-08-02 05:52:23,876 [Listener at 127.0.0.1/35629] INFO  http.BaseHttpServer (BaseHttpServer.java:newHttpServer2BuilderForOzone(209)) - Starting Web-server for hddsDatanode at: http://0.0.0.0:0
2021-08-02 05:52:23,876 [Listener at 127.0.0.1/35629] INFO  http.BaseHttpServer (BaseHttpServer.java:<init>(107)) - Hadoop Security Enabled: false Ozone Security Enabled: false Ozone HTTP Security Enabled: false 
2021-08-02 05:52:23,878 [Listener at 127.0.0.1/35629] INFO  server.AuthenticationFilter (AuthenticationFilter.java:constructSecretProvider(240)) - Unable to initialize FileSignerSecretProvider, falling back to use random secrets.
2021-08-02 05:52:23,879 [Listener at 127.0.0.1/35629] WARN  http.HttpRequestLog (HttpRequestLog.java:getRequestLog(103)) - Jetty request log can only be enabled using Log4j
2021-08-02 05:52:23,880 [Listener at 127.0.0.1/35629] INFO  http.HttpServer2 (HttpServer2.java:addGlobalFilter(1020)) - Added global filter 'safety' (class=org.apache.hadoop.hdds.server.http.HttpServer2$QuotingInputFilter)
2021-08-02 05:52:23,882 [Listener at 127.0.0.1/35629] INFO  http.HttpServer2 (HttpServer2.java:addFilter(996)) - Added filter static_user_filter (class=org.apache.hadoop.http.lib.StaticUserWebFilter$StaticUserFilter) to context hddsDatanode
2021-08-02 05:52:23,882 [Listener at 127.0.0.1/35629] INFO  http.HttpServer2 (HttpServer2.java:addFilter(1004)) - Added filter static_user_filter (class=org.apache.hadoop.http.lib.StaticUserWebFilter$StaticUserFilter) to context logs
2021-08-02 05:52:23,882 [Listener at 127.0.0.1/35629] INFO  http.HttpServer2 (HttpServer2.java:addFilter(1004)) - Added filter static_user_filter (class=org.apache.hadoop.http.lib.StaticUserWebFilter$StaticUserFilter) to context static
2021-08-02 05:52:23,884 [Listener at 127.0.0.1/35629] INFO  http.HttpServer2 (HttpServer2.java:bindListener(1239)) - Jetty bound to port 36719
2021-08-02 05:52:23,884 [Listener at 127.0.0.1/35629] INFO  server.Server (Server.java:doStart(375)) - jetty-9.4.35.v20201120; built: 2020-11-20T21:17:03.964Z; git: bdc54f03a5e0a7e280fab27f55c3c75ee8da89fb; jvm 1.8.0_292-b10
2021-08-02 05:52:23,885 [Listener at 127.0.0.1/35629] INFO  server.session (DefaultSessionIdManager.java:doStart(334)) - DefaultSessionIdManager workerName=node0
2021-08-02 05:52:23,885 [Listener at 127.0.0.1/35629] INFO  server.session (DefaultSessionIdManager.java:doStart(339)) - No SessionScavenger set, using defaults
2021-08-02 05:52:23,886 [Listener at 127.0.0.1/35629] INFO  server.session (HouseKeeper.java:startScavenging(132)) - node0 Scavenging every 660000ms
2021-08-02 05:52:23,887 [Listener at 127.0.0.1/35629] INFO  handler.ContextHandler (ContextHandler.java:doStart(916)) - Started o.e.j.s.ServletContextHandler@52e7bed1{logs,/logs,file:///home/runner/work/ozone/ozone/mnt/ozone/hadoop-ozone/integration-test/target/log,AVAILABLE}
2021-08-02 05:52:23,887 [Listener at 127.0.0.1/35629] INFO  handler.ContextHandler (ContextHandler.java:doStart(916)) - Started o.e.j.s.ServletContextHandler@2b686050{static,/static,jar:file:/home/runner/.m2/repository/org/apache/ozone/hdds-container-service/1.2.0-SNAPSHOT/hdds-container-service-1.2.0-SNAPSHOT.jar!/webapps/static,AVAILABLE}
2021-08-02 05:52:23,934 [Listener at 127.0.0.1/35629] INFO  handler.ContextHandler (ContextHandler.java:doStart(916)) - Started o.e.j.w.WebAppContext@62885131{hddsDatanode,/,file:///tmp/jetty-0_0_0_0-36719-hdds-container-service-1_2_0-SNAPSHOT_jar-_-any-313469774294781105/webapp/,AVAILABLE}{jar:file:/home/runner/.m2/repository/org/apache/ozone/hdds-container-service/1.2.0-SNAPSHOT/hdds-container-service-1.2.0-SNAPSHOT.jar!/webapps/hddsDatanode}
2021-08-02 05:52:23,937 [Listener at 127.0.0.1/35629] INFO  server.AbstractConnector (AbstractConnector.java:doStart(331)) - Started ServerConnector@47f4d61{HTTP/1.1, (http/1.1)}{0.0.0.0:36719}
2021-08-02 05:52:23,937 [Listener at 127.0.0.1/35629] INFO  server.Server (Server.java:doStart(415)) - Started @5839ms
2021-08-02 05:52:23,937 [Listener at 127.0.0.1/35629] WARN  impl.MetricsSystemImpl (MetricsSystemImpl.java:register(279)) - Sink prometheus already exists!
2021-08-02 05:52:23,937 [Listener at 127.0.0.1/35629] INFO  http.BaseHttpServer (BaseHttpServer.java:updateConnectorAddress(329)) - HTTP server of hddsDatanode listening at http://0.0.0.0:36719
2021-08-02 05:52:23,940 [Listener at 127.0.0.1/35629] WARN  impl.MetricRegistriesImpl (MetricRegistriesImpl.java:addReporterRegistration(111)) - New reporters are added after registries were created. Some metrics will be missing from the reporter. Please add reporter before adding any new registry.
2021-08-02 05:52:23,940 [Listener at 127.0.0.1/35629] WARN  impl.MetricRegistriesImpl (MetricRegistriesImpl.java:addReporterRegistration(111)) - New reporters are added after registries were created. Some metrics will be missing from the reporter. Please add reporter before adding any new registry.
2021-08-02 05:52:23,940 [Listener at 127.0.0.1/35629] INFO  impl.MetricsSystemImpl (MetricsSystemImpl.java:init(158)) - HddsDatanode metrics system started (again)
2021-08-02 05:52:23,961 [Listener at 127.0.0.1/35629] INFO  ozone.HddsDatanodeService (HddsDatanodeService.java:start(234)) - HddsDatanodeService host:fv-az12-406.exdb2aeach2ezidoxz41lk3bwg.cx.internal.cloudapp.net ip:10.1.0.32
2021-08-02 05:52:23,961 [org.apache.hadoop.util.JvmPauseMonitor$Monitor@21b5657b] INFO  util.JvmPauseMonitor (JvmPauseMonitor.java:run(188)) - Starting JVM pause monitor
2021-08-02 05:52:23,965 [Datanode State Machine Task Thread - 0] INFO  datanode.InitDatanodeState (InitDatanodeState.java:persistContainerDatanodeDetails(145)) - DatanodeDetails is persisted to /home/runner/work/ozone/ozone/mnt/ozone/hadoop-ozone/integration-test/target/test-dir/MiniOzoneClusterImpl-4f335ae8-e577-43f0-9715-84c03d5ccb1a/datanode-1/meta/datanode.id
2021-08-02 05:52:23,988 [Listener at 127.0.0.1/35629] INFO  upgrade.AbstractLayoutVersionManager (AbstractLayoutVersionManager.java:init(70)) - Initializing Layout version manager with metadata layout = SCM_HA (version = 2), software layout = SCM_HA (version = 2)
2021-08-02 05:52:24,029 [Listener at 127.0.0.1/35629] INFO  reflections.Reflections (Reflections.java:scan(232)) - Reflections took 40 ms to scan 7 urls, producing 120 keys and 273 values 
2021-08-02 05:52:24,032 [Listener at 127.0.0.1/35629] INFO  volume.HddsVolume (HddsVolume.java:<init>(120)) - Creating HddsVolume: /home/runner/work/ozone/ozone/mnt/ozone/hadoop-ozone/integration-test/target/test-dir/MiniOzoneClusterImpl-4f335ae8-e577-43f0-9715-84c03d5ccb1a/datanode-2/data-0/containers/hdds of storage type : DISK capacity : 9223372036854775807
2021-08-02 05:52:24,033 [Listener at 127.0.0.1/35629] INFO  volume.MutableVolumeSet (MutableVolumeSet.java:initializeVolumeSet(181)) - Added Volume : /home/runner/work/ozone/ozone/mnt/ozone/hadoop-ozone/integration-test/target/test-dir/MiniOzoneClusterImpl-4f335ae8-e577-43f0-9715-84c03d5ccb1a/datanode-2/data-0/containers/hdds to VolumeSet
2021-08-02 05:52:24,033 [Listener at 127.0.0.1/35629] INFO  volume.ThrottledAsyncChecker (ThrottledAsyncChecker.java:schedule(141)) - Scheduling a check for /home/runner/work/ozone/ozone/mnt/ozone/hadoop-ozone/integration-test/target/test-dir/MiniOzoneClusterImpl-4f335ae8-e577-43f0-9715-84c03d5ccb1a/datanode-2/data-0/containers/hdds
2021-08-02 05:52:24,036 [Listener at 127.0.0.1/35629] INFO  volume.StorageVolumeChecker (StorageVolumeChecker.java:checkAllVolumes(202)) - Scheduled health check for volume /home/runner/work/ozone/ozone/mnt/ozone/hadoop-ozone/integration-test/target/test-dir/MiniOzoneClusterImpl-4f335ae8-e577-43f0-9715-84c03d5ccb1a/datanode-2/data-0/containers/hdds
2021-08-02 05:52:24,049 [Listener at 127.0.0.1/35629] INFO  volume.MutableVolumeSet (MutableVolumeSet.java:initializeVolumeSet(181)) - Added Volume : /home/runner/work/ozone/ozone/mnt/ozone/hadoop-ozone/integration-test/target/test-dir/MiniOzoneClusterImpl-4f335ae8-e577-43f0-9715-84c03d5ccb1a/datanode-2/data/ratis to VolumeSet
2021-08-02 05:52:24,049 [Listener at 127.0.0.1/35629] INFO  volume.ThrottledAsyncChecker (ThrottledAsyncChecker.java:schedule(141)) - Scheduling a check for /home/runner/work/ozone/ozone/mnt/ozone/hadoop-ozone/integration-test/target/test-dir/MiniOzoneClusterImpl-4f335ae8-e577-43f0-9715-84c03d5ccb1a/datanode-2/data/ratis
2021-08-02 05:52:24,050 [Listener at 127.0.0.1/35629] INFO  volume.StorageVolumeChecker (StorageVolumeChecker.java:checkAllVolumes(202)) - Scheduled health check for volume /home/runner/work/ozone/ozone/mnt/ozone/hadoop-ozone/integration-test/target/test-dir/MiniOzoneClusterImpl-4f335ae8-e577-43f0-9715-84c03d5ccb1a/datanode-2/data/ratis
2021-08-02 05:52:24,061 [Listener at 127.0.0.1/35629] INFO  ozoneimpl.ContainerReader (ContainerReader.java:<init>(98)) - Running in upgrade mode:true
2021-08-02 05:52:24,064 [Thread-150] INFO  ozoneimpl.ContainerReader (ContainerReader.java:readVolume(142)) - Start to verify containers on volume /home/runner/work/ozone/ozone/mnt/ozone/hadoop-ozone/integration-test/target/test-dir/MiniOzoneClusterImpl-4f335ae8-e577-43f0-9715-84c03d5ccb1a/datanode-2/data-0/containers/hdds
2021-08-02 05:52:24,064 [Thread-150] INFO  ozoneimpl.ContainerReader (ContainerReader.java:readVolume(174)) - Finish verifying containers on volume /home/runner/work/ozone/ozone/mnt/ozone/hadoop-ozone/integration-test/target/test-dir/MiniOzoneClusterImpl-4f335ae8-e577-43f0-9715-84c03d5ccb1a/datanode-2/data-0/containers/hdds
2021-08-02 05:52:24,064 [Listener at 127.0.0.1/35629] INFO  ozoneimpl.OzoneContainer (OzoneContainer.java:buildContainerSet(237)) - Build ContainerSet costs 0s
2021-08-02 05:52:24,067 [Listener at 127.0.0.1/35629] INFO  server.RaftServer (ConfUtils.java:logGet(44)) - raft.rpc.type = GRPC (default)
2021-08-02 05:52:24,067 [Listener at 127.0.0.1/35629] INFO  grpc.GrpcFactory (GrpcFactory.java:checkPooledByteBufAllocatorUseCacheForAllThreads(48)) - PERFORMANCE WARNING: useCacheForAllThreads is true that may cause Netty to create a lot garbage objects and, as a result, trigger GC.
	It is recommended to disable useCacheForAllThreads by setting -Dorg.apache.ratis.thirdparty.io.netty.allocator.useCacheForAllThreads=false in command line.
2021-08-02 05:52:24,067 [Listener at 127.0.0.1/35629] INFO  grpc.GrpcConfigKeys (ConfUtils.java:logGet(44)) - raft.grpc.admin.port = 0 (custom)
2021-08-02 05:52:24,067 [Listener at 127.0.0.1/35629] INFO  grpc.GrpcConfigKeys (ConfUtils.java:logGet(44)) - raft.grpc.client.port = 0 (custom)
2021-08-02 05:52:24,068 [Listener at 127.0.0.1/35629] INFO  grpc.GrpcConfigKeys (ConfUtils.java:logGet(44)) - raft.grpc.server.port = 0 (default)
2021-08-02 05:52:24,068 [Listener at 127.0.0.1/35629] INFO  server.GrpcService (ConfUtils.java:logGet(44)) - raft.grpc.message.size.max = 32MB (=33554432) (custom)
2021-08-02 05:52:24,068 [Listener at 127.0.0.1/35629] INFO  server.RaftServerConfigKeys (ConfUtils.java:logGet(44)) - raft.server.log.appender.buffer.byte-limit = 33554432 (custom)
2021-08-02 05:52:24,068 [Listener at 127.0.0.1/35629] INFO  server.GrpcService (ConfUtils.java:logGet(44)) - raft.grpc.flow.control.window = 5MB (=5242880) (custom)
2021-08-02 05:52:24,068 [Listener at 127.0.0.1/35629] INFO  server.RaftServerConfigKeys (ConfUtils.java:logGet(44)) - raft.server.rpc.request.timeout = 3000ms (default)
2021-08-02 05:52:24,069 [Listener at 127.0.0.1/35629] INFO  impl.DataStreamServerImpl (ConfUtils.java:logGet(44)) - raft.datastream.type = DISABLED (default)
2021-08-02 05:52:24,069 [Listener at 127.0.0.1/35629] INFO  server.RaftServerConfigKeys (ConfUtils.java:logGet(44)) - raft.server.rpc.slowness.timeout = 300000ms (custom)
2021-08-02 05:52:24,069 [Listener at 127.0.0.1/35629] INFO  server.RaftServerConfigKeys (ConfUtils.java:logGet(44)) - raft.server.leaderelection.leader.step-down.wait-time = 10s (default)
2021-08-02 05:52:24,070 [Listener at 127.0.0.1/35629] INFO  server.RaftServerConfigKeys (ConfUtils.java:logGet(44)) - raft.server.storage.dir = [/home/runner/work/ozone/ozone/mnt/ozone/hadoop-ozone/integration-test/target/test-dir/MiniOzoneClusterImpl-4f335ae8-e577-43f0-9715-84c03d5ccb1a/datanode-2/data/ratis] (custom)
2021-08-02 05:52:24,073 [Listener at 127.0.0.1/35629] INFO  http.BaseHttpServer (BaseHttpServer.java:newHttpServer2BuilderForOzone(209)) - Starting Web-server for hddsDatanode at: http://0.0.0.0:0
2021-08-02 05:52:24,073 [Listener at 127.0.0.1/35629] INFO  http.BaseHttpServer (BaseHttpServer.java:<init>(107)) - Hadoop Security Enabled: false Ozone Security Enabled: false Ozone HTTP Security Enabled: false 
2021-08-02 05:52:24,075 [Listener at 127.0.0.1/35629] INFO  server.AuthenticationFilter (AuthenticationFilter.java:constructSecretProvider(240)) - Unable to initialize FileSignerSecretProvider, falling back to use random secrets.
2021-08-02 05:52:24,075 [Listener at 127.0.0.1/35629] WARN  http.HttpRequestLog (HttpRequestLog.java:getRequestLog(103)) - Jetty request log can only be enabled using Log4j
2021-08-02 05:52:24,076 [Listener at 127.0.0.1/35629] INFO  http.HttpServer2 (HttpServer2.java:addGlobalFilter(1020)) - Added global filter 'safety' (class=org.apache.hadoop.hdds.server.http.HttpServer2$QuotingInputFilter)
2021-08-02 05:52:24,077 [Listener at 127.0.0.1/35629] INFO  http.HttpServer2 (HttpServer2.java:addFilter(996)) - Added filter static_user_filter (class=org.apache.hadoop.http.lib.StaticUserWebFilter$StaticUserFilter) to context hddsDatanode
2021-08-02 05:52:24,077 [Listener at 127.0.0.1/35629] INFO  http.HttpServer2 (HttpServer2.java:addFilter(1004)) - Added filter static_user_filter (class=org.apache.hadoop.http.lib.StaticUserWebFilter$StaticUserFilter) to context static
2021-08-02 05:52:24,077 [Listener at 127.0.0.1/35629] INFO  http.HttpServer2 (HttpServer2.java:addFilter(1004)) - Added filter static_user_filter (class=org.apache.hadoop.http.lib.StaticUserWebFilter$StaticUserFilter) to context logs
2021-08-02 05:52:24,078 [Listener at 127.0.0.1/35629] INFO  http.HttpServer2 (HttpServer2.java:bindListener(1239)) - Jetty bound to port 42683
2021-08-02 05:52:24,078 [Listener at 127.0.0.1/35629] INFO  server.Server (Server.java:doStart(375)) - jetty-9.4.35.v20201120; built: 2020-11-20T21:17:03.964Z; git: bdc54f03a5e0a7e280fab27f55c3c75ee8da89fb; jvm 1.8.0_292-b10
2021-08-02 05:52:24,085 [Listener at 127.0.0.1/35629] INFO  server.session (DefaultSessionIdManager.java:doStart(334)) - DefaultSessionIdManager workerName=node0
2021-08-02 05:52:24,085 [Listener at 127.0.0.1/35629] INFO  server.session (DefaultSessionIdManager.java:doStart(339)) - No SessionScavenger set, using defaults
2021-08-02 05:52:24,085 [Listener at 127.0.0.1/35629] INFO  server.session (HouseKeeper.java:startScavenging(132)) - node0 Scavenging every 600000ms
2021-08-02 05:52:24,086 [Listener at 127.0.0.1/35629] INFO  handler.ContextHandler (ContextHandler.java:doStart(916)) - Started o.e.j.s.ServletContextHandler@4124e201{logs,/logs,file:///home/runner/work/ozone/ozone/mnt/ozone/hadoop-ozone/integration-test/target/log,AVAILABLE}
2021-08-02 05:52:24,087 [Listener at 127.0.0.1/35629] INFO  handler.ContextHandler (ContextHandler.java:doStart(916)) - Started o.e.j.s.ServletContextHandler@4d7f34dd{static,/static,jar:file:/home/runner/.m2/repository/org/apache/ozone/hdds-container-service/1.2.0-SNAPSHOT/hdds-container-service-1.2.0-SNAPSHOT.jar!/webapps/static,AVAILABLE}
2021-08-02 05:52:24,124 [Listener at 127.0.0.1/35629] INFO  handler.ContextHandler (ContextHandler.java:doStart(916)) - Started o.e.j.w.WebAppContext@64e08192{hddsDatanode,/,file:///tmp/jetty-0_0_0_0-42683-hdds-container-service-1_2_0-SNAPSHOT_jar-_-any-4114024682961849324/webapp/,AVAILABLE}{jar:file:/home/runner/.m2/repository/org/apache/ozone/hdds-container-service/1.2.0-SNAPSHOT/hdds-container-service-1.2.0-SNAPSHOT.jar!/webapps/hddsDatanode}
2021-08-02 05:52:24,126 [Listener at 127.0.0.1/35629] INFO  server.AbstractConnector (AbstractConnector.java:doStart(331)) - Started ServerConnector@349ff599{HTTP/1.1, (http/1.1)}{0.0.0.0:42683}
2021-08-02 05:52:24,126 [Listener at 127.0.0.1/35629] INFO  server.Server (Server.java:doStart(415)) - Started @6029ms
2021-08-02 05:52:24,126 [Listener at 127.0.0.1/35629] WARN  impl.MetricsSystemImpl (MetricsSystemImpl.java:register(279)) - Sink prometheus already exists!
2021-08-02 05:52:24,131 [Listener at 127.0.0.1/35629] INFO  http.BaseHttpServer (BaseHttpServer.java:updateConnectorAddress(329)) - HTTP server of hddsDatanode listening at http://0.0.0.0:42683
2021-08-02 05:52:24,132 [Listener at 127.0.0.1/35629] WARN  impl.MetricRegistriesImpl (MetricRegistriesImpl.java:addReporterRegistration(111)) - New reporters are added after registries were created. Some metrics will be missing from the reporter. Please add reporter before adding any new registry.
2021-08-02 05:52:24,132 [Listener at 127.0.0.1/35629] WARN  impl.MetricRegistriesImpl (MetricRegistriesImpl.java:addReporterRegistration(111)) - New reporters are added after registries were created. Some metrics will be missing from the reporter. Please add reporter before adding any new registry.
2021-08-02 05:52:24,132 [Listener at 127.0.0.1/35629] INFO  impl.MetricsSystemImpl (MetricsSystemImpl.java:init(158)) - HddsDatanode metrics system started (again)
2021-08-02 05:52:24,149 [org.apache.hadoop.util.JvmPauseMonitor$Monitor@7849486b] INFO  util.JvmPauseMonitor (JvmPauseMonitor.java:run(188)) - Starting JVM pause monitor
2021-08-02 05:52:24,158 [Listener at 127.0.0.1/35629] INFO  ozone.HddsDatanodeService (HddsDatanodeService.java:start(234)) - HddsDatanodeService host:fv-az12-406.exdb2aeach2ezidoxz41lk3bwg.cx.internal.cloudapp.net ip:10.1.0.32
2021-08-02 05:52:24,164 [Datanode State Machine Task Thread - 0] INFO  datanode.InitDatanodeState (InitDatanodeState.java:persistContainerDatanodeDetails(145)) - DatanodeDetails is persisted to /home/runner/work/ozone/ozone/mnt/ozone/hadoop-ozone/integration-test/target/test-dir/MiniOzoneClusterImpl-4f335ae8-e577-43f0-9715-84c03d5ccb1a/datanode-2/meta/datanode.id
2021-08-02 05:52:24,188 [Listener at 127.0.0.1/35629] INFO  upgrade.AbstractLayoutVersionManager (AbstractLayoutVersionManager.java:init(70)) - Initializing Layout version manager with metadata layout = SCM_HA (version = 2), software layout = SCM_HA (version = 2)
2021-08-02 05:52:24,230 [Listener at 127.0.0.1/35629] INFO  reflections.Reflections (Reflections.java:scan(232)) - Reflections took 41 ms to scan 7 urls, producing 120 keys and 273 values 
2021-08-02 05:52:24,232 [om1@group-C5BA1605619E-FollowerState] INFO  impl.FollowerState (FollowerState.java:run(134)) - om1@group-C5BA1605619E-FollowerState: change to CANDIDATE, lastRpcElapsedTime:1136735367ns, electionTimeout:1134ms
2021-08-02 05:52:24,233 [om1@group-C5BA1605619E-FollowerState] INFO  impl.RoleInfo (RoleInfo.java:shutdownFollowerState(108)) - om1: shutdown om1@group-C5BA1605619E-FollowerState
2021-08-02 05:52:24,233 [om1@group-C5BA1605619E-FollowerState] INFO  server.RaftServer$Division (RaftServerImpl.java:setRole(285)) - om1@group-C5BA1605619E: changes role from  FOLLOWER to CANDIDATE at term 0 for changeToCandidate
2021-08-02 05:52:24,236 [om1@group-C5BA1605619E-FollowerState] INFO  server.RaftServerConfigKeys (ConfUtils.java:logGet(44)) - raft.server.leaderelection.pre-vote = false (custom)
2021-08-02 05:52:24,236 [om1@group-C5BA1605619E-FollowerState] INFO  impl.RoleInfo (RoleInfo.java:updateAndGet(130)) - om1: start om1@group-C5BA1605619E-LeaderElection1
2021-08-02 05:52:24,246 [om1@group-C5BA1605619E-LeaderElection1] INFO  impl.LeaderElection (LeaderElection.java:askForVotes(306)) - om1@group-C5BA1605619E-LeaderElection1 ELECTION round 0: submit vote requests at term 1 for -1: [om1|rpc:localhost:9872|priority:0], old=null
2021-08-02 05:52:24,247 [om1@group-C5BA1605619E-LeaderElection1] INFO  impl.LeaderElection (LeaderElection.java:askForVotes(308)) - om1@group-C5BA1605619E-LeaderElection1 ELECTION round 0: result PASSED (term=1)
2021-08-02 05:52:24,247 [om1@group-C5BA1605619E-LeaderElection1] INFO  impl.RoleInfo (RoleInfo.java:shutdownLeaderElection(121)) - om1: shutdown om1@group-C5BA1605619E-LeaderElection1
2021-08-02 05:52:24,253 [om1@group-C5BA1605619E-LeaderElection1] INFO  server.RaftServer$Division (RaftServerImpl.java:setRole(285)) - om1@group-C5BA1605619E: changes role from CANDIDATE to LEADER at term 1 for changeToLeader
2021-08-02 05:52:24,253 [om1@group-C5BA1605619E-LeaderElection1] INFO  server.RaftServer$Division (ServerState.java:setLeader(285)) - om1@group-C5BA1605619E: change Leader from null to om1 at term 1 for becomeLeader, leader elected after 1255ms
2021-08-02 05:52:24,254 [Listener at 127.0.0.1/35629] INFO  volume.HddsVolume (HddsVolume.java:<init>(120)) - Creating HddsVolume: /home/runner/work/ozone/ozone/mnt/ozone/hadoop-ozone/integration-test/target/test-dir/MiniOzoneClusterImpl-4f335ae8-e577-43f0-9715-84c03d5ccb1a/datanode-3/data-0/containers/hdds of storage type : DISK capacity : 9223372036854775807
2021-08-02 05:52:24,255 [Listener at 127.0.0.1/35629] INFO  volume.MutableVolumeSet (MutableVolumeSet.java:initializeVolumeSet(181)) - Added Volume : /home/runner/work/ozone/ozone/mnt/ozone/hadoop-ozone/integration-test/target/test-dir/MiniOzoneClusterImpl-4f335ae8-e577-43f0-9715-84c03d5ccb1a/datanode-3/data-0/containers/hdds to VolumeSet
2021-08-02 05:52:24,255 [Listener at 127.0.0.1/35629] INFO  volume.ThrottledAsyncChecker (ThrottledAsyncChecker.java:schedule(141)) - Scheduling a check for /home/runner/work/ozone/ozone/mnt/ozone/hadoop-ozone/integration-test/target/test-dir/MiniOzoneClusterImpl-4f335ae8-e577-43f0-9715-84c03d5ccb1a/datanode-3/data-0/containers/hdds
2021-08-02 05:52:24,256 [Listener at 127.0.0.1/35629] INFO  volume.StorageVolumeChecker (StorageVolumeChecker.java:checkAllVolumes(202)) - Scheduled health check for volume /home/runner/work/ozone/ozone/mnt/ozone/hadoop-ozone/integration-test/target/test-dir/MiniOzoneClusterImpl-4f335ae8-e577-43f0-9715-84c03d5ccb1a/datanode-3/data-0/containers/hdds
2021-08-02 05:52:24,259 [om1@group-C5BA1605619E-LeaderElection1] INFO  server.RaftServerConfigKeys (ConfUtils.java:logGet(44)) - raft.server.staging.catchup.gap = 1000 (default)
2021-08-02 05:52:24,263 [om1@group-C5BA1605619E-LeaderElection1] INFO  server.RaftServerConfigKeys (ConfUtils.java:logGet(44)) - raft.server.write.element-limit = 4096 (default)
2021-08-02 05:52:24,263 [om1@group-C5BA1605619E-LeaderElection1] INFO  server.RaftServerConfigKeys (ConfUtils.java:logGet(44)) - raft.server.write.byte-limit = 64MB (=67108864) (default)
2021-08-02 05:52:24,276 [Listener at 127.0.0.1/35629] INFO  volume.MutableVolumeSet (MutableVolumeSet.java:initializeVolumeSet(181)) - Added Volume : /home/runner/work/ozone/ozone/mnt/ozone/hadoop-ozone/integration-test/target/test-dir/MiniOzoneClusterImpl-4f335ae8-e577-43f0-9715-84c03d5ccb1a/datanode-3/data/ratis to VolumeSet
2021-08-02 05:52:24,421 [Listener at 127.0.0.1/35629] INFO  volume.ThrottledAsyncChecker (ThrottledAsyncChecker.java:schedule(141)) - Scheduling a check for /home/runner/work/ozone/ozone/mnt/ozone/hadoop-ozone/integration-test/target/test-dir/MiniOzoneClusterImpl-4f335ae8-e577-43f0-9715-84c03d5ccb1a/datanode-3/data/ratis
2021-08-02 05:52:24,421 [Listener at 127.0.0.1/35629] INFO  volume.StorageVolumeChecker (StorageVolumeChecker.java:checkAllVolumes(202)) - Scheduled health check for volume /home/runner/work/ozone/ozone/mnt/ozone/hadoop-ozone/integration-test/target/test-dir/MiniOzoneClusterImpl-4f335ae8-e577-43f0-9715-84c03d5ccb1a/datanode-3/data/ratis
2021-08-02 05:52:24,437 [om1@group-C5BA1605619E-LeaderElection1] INFO  server.RaftServerConfigKeys (ConfUtils.java:logGet(44)) - raft.server.watch.timeout = 10s (default)
2021-08-02 05:52:24,437 [om1@group-C5BA1605619E-LeaderElection1] INFO  server.RaftServerConfigKeys (ConfUtils.java:logGet(44)) - raft.server.watch.timeout.denomination = 1s (default)
2021-08-02 05:52:24,439 [om1@group-C5BA1605619E-LeaderElection1] INFO  server.RaftServerConfigKeys (ConfUtils.java:logGet(44)) - raft.server.watch.element-limit = 65536 (default)
2021-08-02 05:52:24,451 [Listener at 127.0.0.1/35629] INFO  ozoneimpl.ContainerReader (ContainerReader.java:<init>(98)) - Running in upgrade mode:true
2021-08-02 05:52:24,464 [om1@group-C5BA1605619E-LeaderElection1] INFO  impl.RoleInfo (RoleInfo.java:updateAndGet(130)) - om1: start om1@group-C5BA1605619E-LeaderStateImpl
2021-08-02 05:52:24,467 [Thread-163] INFO  ozoneimpl.ContainerReader (ContainerReader.java:readVolume(142)) - Start to verify containers on volume /home/runner/work/ozone/ozone/mnt/ozone/hadoop-ozone/integration-test/target/test-dir/MiniOzoneClusterImpl-4f335ae8-e577-43f0-9715-84c03d5ccb1a/datanode-3/data-0/containers/hdds
2021-08-02 05:52:24,467 [Thread-163] INFO  ozoneimpl.ContainerReader (ContainerReader.java:readVolume(174)) - Finish verifying containers on volume /home/runner/work/ozone/ozone/mnt/ozone/hadoop-ozone/integration-test/target/test-dir/MiniOzoneClusterImpl-4f335ae8-e577-43f0-9715-84c03d5ccb1a/datanode-3/data-0/containers/hdds
2021-08-02 05:52:24,467 [Listener at 127.0.0.1/35629] INFO  ozoneimpl.OzoneContainer (OzoneContainer.java:buildContainerSet(237)) - Build ContainerSet costs 0s
2021-08-02 05:52:24,472 [Listener at 127.0.0.1/35629] INFO  server.RaftServer (ConfUtils.java:logGet(44)) - raft.rpc.type = GRPC (default)
2021-08-02 05:52:24,472 [Listener at 127.0.0.1/35629] INFO  grpc.GrpcFactory (GrpcFactory.java:checkPooledByteBufAllocatorUseCacheForAllThreads(48)) - PERFORMANCE WARNING: useCacheForAllThreads is true that may cause Netty to create a lot garbage objects and, as a result, trigger GC.
	It is recommended to disable useCacheForAllThreads by setting -Dorg.apache.ratis.thirdparty.io.netty.allocator.useCacheForAllThreads=false in command line.
2021-08-02 05:52:24,473 [Listener at 127.0.0.1/35629] INFO  grpc.GrpcConfigKeys (ConfUtils.java:logGet(44)) - raft.grpc.admin.port = 0 (custom)
2021-08-02 05:52:24,475 [Listener at 127.0.0.1/35629] INFO  grpc.GrpcConfigKeys (ConfUtils.java:logGet(44)) - raft.grpc.client.port = 0 (custom)
2021-08-02 05:52:24,478 [Listener at 127.0.0.1/35629] INFO  grpc.GrpcConfigKeys (ConfUtils.java:logGet(44)) - raft.grpc.server.port = 0 (default)
2021-08-02 05:52:24,478 [Listener at 127.0.0.1/35629] INFO  server.GrpcService (ConfUtils.java:logGet(44)) - raft.grpc.message.size.max = 32MB (=33554432) (custom)
2021-08-02 05:52:24,478 [Listener at 127.0.0.1/35629] INFO  server.RaftServerConfigKeys (ConfUtils.java:logGet(44)) - raft.server.log.appender.buffer.byte-limit = 33554432 (custom)
2021-08-02 05:52:24,478 [Listener at 127.0.0.1/35629] INFO  server.GrpcService (ConfUtils.java:logGet(44)) - raft.grpc.flow.control.window = 5MB (=5242880) (custom)
2021-08-02 05:52:24,478 [Listener at 127.0.0.1/35629] INFO  server.RaftServerConfigKeys (ConfUtils.java:logGet(44)) - raft.server.rpc.request.timeout = 3000ms (default)
2021-08-02 05:52:24,479 [Listener at 127.0.0.1/35629] INFO  impl.DataStreamServerImpl (ConfUtils.java:logGet(44)) - raft.datastream.type = DISABLED (default)
2021-08-02 05:52:24,479 [Listener at 127.0.0.1/35629] INFO  server.RaftServerConfigKeys (ConfUtils.java:logGet(44)) - raft.server.rpc.slowness.timeout = 300000ms (custom)
2021-08-02 05:52:24,479 [Listener at 127.0.0.1/35629] INFO  server.RaftServerConfigKeys (ConfUtils.java:logGet(44)) - raft.server.leaderelection.leader.step-down.wait-time = 10s (default)
2021-08-02 05:52:24,480 [Listener at 127.0.0.1/35629] INFO  server.RaftServerConfigKeys (ConfUtils.java:logGet(44)) - raft.server.storage.dir = [/home/runner/work/ozone/ozone/mnt/ozone/hadoop-ozone/integration-test/target/test-dir/MiniOzoneClusterImpl-4f335ae8-e577-43f0-9715-84c03d5ccb1a/datanode-3/data/ratis] (custom)
2021-08-02 05:52:24,488 [Listener at 127.0.0.1/35629] INFO  http.BaseHttpServer (BaseHttpServer.java:newHttpServer2BuilderForOzone(209)) - Starting Web-server for hddsDatanode at: http://0.0.0.0:0
2021-08-02 05:52:24,488 [Listener at 127.0.0.1/35629] INFO  http.BaseHttpServer (BaseHttpServer.java:<init>(107)) - Hadoop Security Enabled: false Ozone Security Enabled: false Ozone HTTP Security Enabled: false 
2021-08-02 05:52:24,489 [Listener at 127.0.0.1/35629] INFO  server.AuthenticationFilter (AuthenticationFilter.java:constructSecretProvider(240)) - Unable to initialize FileSignerSecretProvider, falling back to use random secrets.
2021-08-02 05:52:24,492 [Listener at 127.0.0.1/35629] WARN  http.HttpRequestLog (HttpRequestLog.java:getRequestLog(103)) - Jetty request log can only be enabled using Log4j
2021-08-02 05:52:24,492 [Listener at 127.0.0.1/35629] INFO  http.HttpServer2 (HttpServer2.java:addGlobalFilter(1020)) - Added global filter 'safety' (class=org.apache.hadoop.hdds.server.http.HttpServer2$QuotingInputFilter)
2021-08-02 05:52:24,493 [Listener at 127.0.0.1/35629] INFO  http.HttpServer2 (HttpServer2.java:addFilter(996)) - Added filter static_user_filter (class=org.apache.hadoop.http.lib.StaticUserWebFilter$StaticUserFilter) to context hddsDatanode
2021-08-02 05:52:24,493 [Listener at 127.0.0.1/35629] INFO  http.HttpServer2 (HttpServer2.java:addFilter(1004)) - Added filter static_user_filter (class=org.apache.hadoop.http.lib.StaticUserWebFilter$StaticUserFilter) to context logs
2021-08-02 05:52:24,493 [Listener at 127.0.0.1/35629] INFO  http.HttpServer2 (HttpServer2.java:addFilter(1004)) - Added filter static_user_filter (class=org.apache.hadoop.http.lib.StaticUserWebFilter$StaticUserFilter) to context static
2021-08-02 05:52:24,494 [Listener at 127.0.0.1/35629] INFO  http.HttpServer2 (HttpServer2.java:bindListener(1239)) - Jetty bound to port 38657
2021-08-02 05:52:24,494 [Listener at 127.0.0.1/35629] INFO  server.Server (Server.java:doStart(375)) - jetty-9.4.35.v20201120; built: 2020-11-20T21:17:03.964Z; git: bdc54f03a5e0a7e280fab27f55c3c75ee8da89fb; jvm 1.8.0_292-b10
2021-08-02 05:52:24,501 [om1@group-C5BA1605619E-LeaderElection1] INFO  segmented.SegmentedRaftLogWorker (SegmentedRaftLogWorker.java:startLogSegment(394)) - om1@group-C5BA1605619E-SegmentedRaftLogWorker: Starting segment from index:0
2021-08-02 05:52:24,526 [Listener at 127.0.0.1/35629] INFO  server.session (DefaultSessionIdManager.java:doStart(334)) - DefaultSessionIdManager workerName=node0
2021-08-02 05:52:24,526 [Listener at 127.0.0.1/35629] INFO  server.session (DefaultSessionIdManager.java:doStart(339)) - No SessionScavenger set, using defaults
2021-08-02 05:52:24,527 [Listener at 127.0.0.1/35629] INFO  server.session (HouseKeeper.java:startScavenging(132)) - node0 Scavenging every 600000ms
2021-08-02 05:52:24,529 [Listener at 127.0.0.1/35629] INFO  handler.ContextHandler (ContextHandler.java:doStart(916)) - Started o.e.j.s.ServletContextHandler@66e33cea{logs,/logs,file:///home/runner/work/ozone/ozone/mnt/ozone/hadoop-ozone/integration-test/target/log,AVAILABLE}
2021-08-02 05:52:24,529 [Listener at 127.0.0.1/35629] INFO  handler.ContextHandler (ContextHandler.java:doStart(916)) - Started o.e.j.s.ServletContextHandler@2676ac68{static,/static,jar:file:/home/runner/.m2/repository/org/apache/ozone/hdds-container-service/1.2.0-SNAPSHOT/hdds-container-service-1.2.0-SNAPSHOT.jar!/webapps/static,AVAILABLE}
2021-08-02 05:52:24,546 [om1@group-C5BA1605619E-LeaderElection1] INFO  server.RaftServer$Division (ServerState.java:setRaftConf(387)) - om1@group-C5BA1605619E: set configuration 0: [om1|rpc:localhost:9872|admin:|client:|dataStream:|priority:0], old=null
2021-08-02 05:52:24,574 [Listener at 127.0.0.1/35629] INFO  handler.ContextHandler (ContextHandler.java:doStart(916)) - Started o.e.j.w.WebAppContext@7aa45a14{hddsDatanode,/,file:///tmp/jetty-0_0_0_0-38657-hdds-container-service-1_2_0-SNAPSHOT_jar-_-any-7818072302759048102/webapp/,AVAILABLE}{jar:file:/home/runner/.m2/repository/org/apache/ozone/hdds-container-service/1.2.0-SNAPSHOT/hdds-container-service-1.2.0-SNAPSHOT.jar!/webapps/hddsDatanode}
2021-08-02 05:52:24,579 [Listener at 127.0.0.1/35629] INFO  server.AbstractConnector (AbstractConnector.java:doStart(331)) - Started ServerConnector@66e8fa2c{HTTP/1.1, (http/1.1)}{0.0.0.0:38657}
2021-08-02 05:52:24,582 [Listener at 127.0.0.1/35629] INFO  server.Server (Server.java:doStart(415)) - Started @6482ms
2021-08-02 05:52:24,582 [Listener at 127.0.0.1/35629] WARN  impl.MetricsSystemImpl (MetricsSystemImpl.java:register(279)) - Sink prometheus already exists!
2021-08-02 05:52:24,582 [Listener at 127.0.0.1/35629] INFO  http.BaseHttpServer (BaseHttpServer.java:updateConnectorAddress(329)) - HTTP server of hddsDatanode listening at http://0.0.0.0:38657
2021-08-02 05:52:24,583 [Listener at 127.0.0.1/35629] WARN  impl.MetricRegistriesImpl (MetricRegistriesImpl.java:addReporterRegistration(111)) - New reporters are added after registries were created. Some metrics will be missing from the reporter. Please add reporter before adding any new registry.
2021-08-02 05:52:24,583 [Listener at 127.0.0.1/35629] WARN  impl.MetricRegistriesImpl (MetricRegistriesImpl.java:addReporterRegistration(111)) - New reporters are added after registries were created. Some metrics will be missing from the reporter. Please add reporter before adding any new registry.
2021-08-02 05:52:24,583 [Listener at 127.0.0.1/35629] INFO  impl.MetricsSystemImpl (MetricsSystemImpl.java:init(158)) - HddsDatanode metrics system started (again)
2021-08-02 05:52:24,603 [org.apache.hadoop.util.JvmPauseMonitor$Monitor@2cf4826a] INFO  util.JvmPauseMonitor (JvmPauseMonitor.java:run(188)) - Starting JVM pause monitor
2021-08-02 05:52:24,614 [Datanode State Machine Task Thread - 0] INFO  datanode.InitDatanodeState (InitDatanodeState.java:persistContainerDatanodeDetails(145)) - DatanodeDetails is persisted to /home/runner/work/ozone/ozone/mnt/ozone/hadoop-ozone/integration-test/target/test-dir/MiniOzoneClusterImpl-4f335ae8-e577-43f0-9715-84c03d5ccb1a/datanode-3/meta/datanode.id
2021-08-02 05:52:24,615 [Listener at 127.0.0.1/35629] INFO  ozone.HddsDatanodeService (HddsDatanodeService.java:start(234)) - HddsDatanodeService host:fv-az12-406.exdb2aeach2ezidoxz41lk3bwg.cx.internal.cloudapp.net ip:10.1.0.32
2021-08-02 05:52:24,616 [om1@group-C5BA1605619E-SegmentedRaftLogWorker] INFO  segmented.SegmentedRaftLogWorker (SegmentedRaftLogWorker.java:execute(601)) - om1@group-C5BA1605619E-SegmentedRaftLogWorker: created new log segment /home/runner/work/ozone/ozone/mnt/ozone/hadoop-ozone/integration-test/target/test-dir/MiniOzoneClusterImpl-4f335ae8-e577-43f0-9715-84c03d5ccb1a/ozone-meta/ratis/bf265839-605b-3f16-9796-c5ba1605619e/current/log_inprogress_0
2021-08-02 05:52:24,647 [Listener at 127.0.0.1/35629] INFO  upgrade.AbstractLayoutVersionManager (AbstractLayoutVersionManager.java:init(70)) - Initializing Layout version manager with metadata layout = SCM_HA (version = 2), software layout = SCM_HA (version = 2)
2021-08-02 05:52:24,670 [om1@group-C5BA1605619E-StateMachineUpdater] INFO  ratis.OzoneManagerStateMachine (OzoneManagerStateMachine.java:notifyConfigurationChanged(188)) - Received Configuration change notification from Ratis. New Peer list:
[id: "om1"
address: "localhost:9872"
]
2021-08-02 05:52:24,704 [Listener at 127.0.0.1/35629] INFO  reflections.Reflections (Reflections.java:scan(232)) - Reflections took 54 ms to scan 7 urls, producing 120 keys and 273 values 
2021-08-02 05:52:24,706 [Listener at 127.0.0.1/35629] INFO  volume.HddsVolume (HddsVolume.java:<init>(120)) - Creating HddsVolume: /home/runner/work/ozone/ozone/mnt/ozone/hadoop-ozone/integration-test/target/test-dir/MiniOzoneClusterImpl-4f335ae8-e577-43f0-9715-84c03d5ccb1a/datanode-4/data-0/containers/hdds of storage type : DISK capacity : 9223372036854775807
2021-08-02 05:52:24,707 [Listener at 127.0.0.1/35629] INFO  volume.MutableVolumeSet (MutableVolumeSet.java:initializeVolumeSet(181)) - Added Volume : /home/runner/work/ozone/ozone/mnt/ozone/hadoop-ozone/integration-test/target/test-dir/MiniOzoneClusterImpl-4f335ae8-e577-43f0-9715-84c03d5ccb1a/datanode-4/data-0/containers/hdds to VolumeSet
2021-08-02 05:52:24,707 [Listener at 127.0.0.1/35629] INFO  volume.ThrottledAsyncChecker (ThrottledAsyncChecker.java:schedule(141)) - Scheduling a check for /home/runner/work/ozone/ozone/mnt/ozone/hadoop-ozone/integration-test/target/test-dir/MiniOzoneClusterImpl-4f335ae8-e577-43f0-9715-84c03d5ccb1a/datanode-4/data-0/containers/hdds
2021-08-02 05:52:24,709 [Listener at 127.0.0.1/35629] INFO  volume.StorageVolumeChecker (StorageVolumeChecker.java:checkAllVolumes(202)) - Scheduled health check for volume /home/runner/work/ozone/ozone/mnt/ozone/hadoop-ozone/integration-test/target/test-dir/MiniOzoneClusterImpl-4f335ae8-e577-43f0-9715-84c03d5ccb1a/datanode-4/data-0/containers/hdds
2021-08-02 05:52:24,721 [Listener at 127.0.0.1/35629] INFO  volume.MutableVolumeSet (MutableVolumeSet.java:initializeVolumeSet(181)) - Added Volume : /home/runner/work/ozone/ozone/mnt/ozone/hadoop-ozone/integration-test/target/test-dir/MiniOzoneClusterImpl-4f335ae8-e577-43f0-9715-84c03d5ccb1a/datanode-4/data/ratis to VolumeSet
2021-08-02 05:52:24,721 [Listener at 127.0.0.1/35629] INFO  volume.ThrottledAsyncChecker (ThrottledAsyncChecker.java:schedule(141)) - Scheduling a check for /home/runner/work/ozone/ozone/mnt/ozone/hadoop-ozone/integration-test/target/test-dir/MiniOzoneClusterImpl-4f335ae8-e577-43f0-9715-84c03d5ccb1a/datanode-4/data/ratis
2021-08-02 05:52:24,721 [Listener at 127.0.0.1/35629] INFO  volume.StorageVolumeChecker (StorageVolumeChecker.java:checkAllVolumes(202)) - Scheduled health check for volume /home/runner/work/ozone/ozone/mnt/ozone/hadoop-ozone/integration-test/target/test-dir/MiniOzoneClusterImpl-4f335ae8-e577-43f0-9715-84c03d5ccb1a/datanode-4/data/ratis
2021-08-02 05:52:24,732 [Listener at 127.0.0.1/35629] INFO  ozoneimpl.ContainerReader (ContainerReader.java:<init>(98)) - Running in upgrade mode:true
2021-08-02 05:52:24,733 [Thread-174] INFO  ozoneimpl.ContainerReader (ContainerReader.java:readVolume(142)) - Start to verify containers on volume /home/runner/work/ozone/ozone/mnt/ozone/hadoop-ozone/integration-test/target/test-dir/MiniOzoneClusterImpl-4f335ae8-e577-43f0-9715-84c03d5ccb1a/datanode-4/data-0/containers/hdds
2021-08-02 05:52:24,733 [Thread-174] INFO  ozoneimpl.ContainerReader (ContainerReader.java:readVolume(174)) - Finish verifying containers on volume /home/runner/work/ozone/ozone/mnt/ozone/hadoop-ozone/integration-test/target/test-dir/MiniOzoneClusterImpl-4f335ae8-e577-43f0-9715-84c03d5ccb1a/datanode-4/data-0/containers/hdds
2021-08-02 05:52:24,733 [Listener at 127.0.0.1/35629] INFO  ozoneimpl.OzoneContainer (OzoneContainer.java:buildContainerSet(237)) - Build ContainerSet costs 0s
2021-08-02 05:52:24,735 [Listener at 127.0.0.1/35629] INFO  server.RaftServer (ConfUtils.java:logGet(44)) - raft.rpc.type = GRPC (default)
2021-08-02 05:52:24,736 [Listener at 127.0.0.1/35629] INFO  grpc.GrpcFactory (GrpcFactory.java:checkPooledByteBufAllocatorUseCacheForAllThreads(48)) - PERFORMANCE WARNING: useCacheForAllThreads is true that may cause Netty to create a lot garbage objects and, as a result, trigger GC.
	It is recommended to disable useCacheForAllThreads by setting -Dorg.apache.ratis.thirdparty.io.netty.allocator.useCacheForAllThreads=false in command line.
2021-08-02 05:52:24,736 [Listener at 127.0.0.1/35629] INFO  grpc.GrpcConfigKeys (ConfUtils.java:logGet(44)) - raft.grpc.admin.port = 0 (custom)
2021-08-02 05:52:24,736 [Listener at 127.0.0.1/35629] INFO  grpc.GrpcConfigKeys (ConfUtils.java:logGet(44)) - raft.grpc.client.port = 0 (custom)
2021-08-02 05:52:24,736 [Listener at 127.0.0.1/35629] INFO  grpc.GrpcConfigKeys (ConfUtils.java:logGet(44)) - raft.grpc.server.port = 0 (default)
2021-08-02 05:52:24,736 [Listener at 127.0.0.1/35629] INFO  server.GrpcService (ConfUtils.java:logGet(44)) - raft.grpc.message.size.max = 32MB (=33554432) (custom)
2021-08-02 05:52:24,736 [Listener at 127.0.0.1/35629] INFO  server.RaftServerConfigKeys (ConfUtils.java:logGet(44)) - raft.server.log.appender.buffer.byte-limit = 33554432 (custom)
2021-08-02 05:52:24,736 [Listener at 127.0.0.1/35629] INFO  server.GrpcService (ConfUtils.java:logGet(44)) - raft.grpc.flow.control.window = 5MB (=5242880) (custom)
2021-08-02 05:52:24,736 [Listener at 127.0.0.1/35629] INFO  server.RaftServerConfigKeys (ConfUtils.java:logGet(44)) - raft.server.rpc.request.timeout = 3000ms (default)
2021-08-02 05:52:24,737 [Listener at 127.0.0.1/35629] INFO  impl.DataStreamServerImpl (ConfUtils.java:logGet(44)) - raft.datastream.type = DISABLED (default)
2021-08-02 05:52:24,738 [Listener at 127.0.0.1/35629] INFO  server.RaftServerConfigKeys (ConfUtils.java:logGet(44)) - raft.server.rpc.slowness.timeout = 300000ms (custom)
2021-08-02 05:52:24,738 [Listener at 127.0.0.1/35629] INFO  server.RaftServerConfigKeys (ConfUtils.java:logGet(44)) - raft.server.leaderelection.leader.step-down.wait-time = 10s (default)
2021-08-02 05:52:24,738 [Listener at 127.0.0.1/35629] INFO  server.RaftServerConfigKeys (ConfUtils.java:logGet(44)) - raft.server.storage.dir = [/home/runner/work/ozone/ozone/mnt/ozone/hadoop-ozone/integration-test/target/test-dir/MiniOzoneClusterImpl-4f335ae8-e577-43f0-9715-84c03d5ccb1a/datanode-4/data/ratis] (custom)
2021-08-02 05:52:24,740 [Listener at 127.0.0.1/35629] INFO  http.BaseHttpServer (BaseHttpServer.java:newHttpServer2BuilderForOzone(209)) - Starting Web-server for hddsDatanode at: http://0.0.0.0:0
2021-08-02 05:52:24,741 [Listener at 127.0.0.1/35629] INFO  http.BaseHttpServer (BaseHttpServer.java:<init>(107)) - Hadoop Security Enabled: false Ozone Security Enabled: false Ozone HTTP Security Enabled: false 
2021-08-02 05:52:24,742 [Listener at 127.0.0.1/35629] INFO  server.AuthenticationFilter (AuthenticationFilter.java:constructSecretProvider(240)) - Unable to initialize FileSignerSecretProvider, falling back to use random secrets.
2021-08-02 05:52:24,742 [Listener at 127.0.0.1/35629] WARN  http.HttpRequestLog (HttpRequestLog.java:getRequestLog(103)) - Jetty request log can only be enabled using Log4j
2021-08-02 05:52:24,743 [Listener at 127.0.0.1/35629] INFO  http.HttpServer2 (HttpServer2.java:addGlobalFilter(1020)) - Added global filter 'safety' (class=org.apache.hadoop.hdds.server.http.HttpServer2$QuotingInputFilter)
2021-08-02 05:52:24,744 [Listener at 127.0.0.1/35629] INFO  http.HttpServer2 (HttpServer2.java:addFilter(996)) - Added filter static_user_filter (class=org.apache.hadoop.http.lib.StaticUserWebFilter$StaticUserFilter) to context hddsDatanode
2021-08-02 05:52:24,744 [Listener at 127.0.0.1/35629] INFO  http.HttpServer2 (HttpServer2.java:addFilter(1004)) - Added filter static_user_filter (class=org.apache.hadoop.http.lib.StaticUserWebFilter$StaticUserFilter) to context static
2021-08-02 05:52:24,744 [Listener at 127.0.0.1/35629] INFO  http.HttpServer2 (HttpServer2.java:addFilter(1004)) - Added filter static_user_filter (class=org.apache.hadoop.http.lib.StaticUserWebFilter$StaticUserFilter) to context logs
2021-08-02 05:52:24,744 [Listener at 127.0.0.1/35629] INFO  http.HttpServer2 (HttpServer2.java:bindListener(1239)) - Jetty bound to port 41705
2021-08-02 05:52:24,744 [Listener at 127.0.0.1/35629] INFO  server.Server (Server.java:doStart(375)) - jetty-9.4.35.v20201120; built: 2020-11-20T21:17:03.964Z; git: bdc54f03a5e0a7e280fab27f55c3c75ee8da89fb; jvm 1.8.0_292-b10
2021-08-02 05:52:24,748 [Listener at 127.0.0.1/35629] INFO  server.session (DefaultSessionIdManager.java:doStart(334)) - DefaultSessionIdManager workerName=node0
2021-08-02 05:52:24,749 [Listener at 127.0.0.1/35629] INFO  server.session (DefaultSessionIdManager.java:doStart(339)) - No SessionScavenger set, using defaults
2021-08-02 05:52:24,749 [Listener at 127.0.0.1/35629] INFO  server.session (HouseKeeper.java:startScavenging(132)) - node0 Scavenging every 600000ms
2021-08-02 05:52:24,749 [Listener at 127.0.0.1/35629] INFO  handler.ContextHandler (ContextHandler.java:doStart(916)) - Started o.e.j.s.ServletContextHandler@5eb20abb{logs,/logs,file:///home/runner/work/ozone/ozone/mnt/ozone/hadoop-ozone/integration-test/target/log,AVAILABLE}
2021-08-02 05:52:24,750 [Listener at 127.0.0.1/35629] INFO  handler.ContextHandler (ContextHandler.java:doStart(916)) - Started o.e.j.s.ServletContextHandler@2762e667{static,/static,jar:file:/home/runner/.m2/repository/org/apache/ozone/hdds-container-service/1.2.0-SNAPSHOT/hdds-container-service-1.2.0-SNAPSHOT.jar!/webapps/static,AVAILABLE}
2021-08-02 05:52:24,787 [Listener at 127.0.0.1/35629] INFO  handler.ContextHandler (ContextHandler.java:doStart(916)) - Started o.e.j.w.WebAppContext@24d18d17{hddsDatanode,/,file:///tmp/jetty-0_0_0_0-41705-hdds-container-service-1_2_0-SNAPSHOT_jar-_-any-3538088902893681564/webapp/,AVAILABLE}{jar:file:/home/runner/.m2/repository/org/apache/ozone/hdds-container-service/1.2.0-SNAPSHOT/hdds-container-service-1.2.0-SNAPSHOT.jar!/webapps/hddsDatanode}
2021-08-02 05:52:24,789 [Listener at 127.0.0.1/35629] INFO  server.AbstractConnector (AbstractConnector.java:doStart(331)) - Started ServerConnector@50f77755{HTTP/1.1, (http/1.1)}{0.0.0.0:41705}
2021-08-02 05:52:24,789 [Listener at 127.0.0.1/35629] INFO  server.Server (Server.java:doStart(415)) - Started @6692ms
2021-08-02 05:52:24,789 [Listener at 127.0.0.1/35629] WARN  impl.MetricsSystemImpl (MetricsSystemImpl.java:register(279)) - Sink prometheus already exists!
2021-08-02 05:52:24,789 [Listener at 127.0.0.1/35629] INFO  http.BaseHttpServer (BaseHttpServer.java:updateConnectorAddress(329)) - HTTP server of hddsDatanode listening at http://0.0.0.0:41705
2021-08-02 05:52:24,790 [Listener at 127.0.0.1/35629] WARN  impl.MetricRegistriesImpl (MetricRegistriesImpl.java:addReporterRegistration(111)) - New reporters are added after registries were created. Some metrics will be missing from the reporter. Please add reporter before adding any new registry.
2021-08-02 05:52:24,790 [Listener at 127.0.0.1/35629] WARN  impl.MetricRegistriesImpl (MetricRegistriesImpl.java:addReporterRegistration(111)) - New reporters are added after registries were created. Some metrics will be missing from the reporter. Please add reporter before adding any new registry.
2021-08-02 05:52:24,790 [Listener at 127.0.0.1/35629] INFO  impl.MetricsSystemImpl (MetricsSystemImpl.java:init(158)) - HddsDatanode metrics system started (again)
2021-08-02 05:52:24,803 [Listener at 127.0.0.1/35629] INFO  ozone.HddsDatanodeService (HddsDatanodeService.java:start(234)) - HddsDatanodeService host:fv-az12-406.exdb2aeach2ezidoxz41lk3bwg.cx.internal.cloudapp.net ip:10.1.0.32
2021-08-02 05:52:24,811 [org.apache.hadoop.util.JvmPauseMonitor$Monitor@403d2bc4] INFO  util.JvmPauseMonitor (JvmPauseMonitor.java:run(188)) - Starting JVM pause monitor
2021-08-02 05:52:24,816 [Datanode State Machine Task Thread - 0] INFO  datanode.InitDatanodeState (InitDatanodeState.java:persistContainerDatanodeDetails(145)) - DatanodeDetails is persisted to /home/runner/work/ozone/ozone/mnt/ozone/hadoop-ozone/integration-test/target/test-dir/MiniOzoneClusterImpl-4f335ae8-e577-43f0-9715-84c03d5ccb1a/datanode-4/meta/datanode.id
2021-08-02 05:52:24,840 [Listener at 127.0.0.1/35629] INFO  upgrade.AbstractLayoutVersionManager (AbstractLayoutVersionManager.java:init(70)) - Initializing Layout version manager with metadata layout = SCM_HA (version = 2), software layout = SCM_HA (version = 2)
2021-08-02 05:52:24,875 [Listener at 127.0.0.1/35629] INFO  reflections.Reflections (Reflections.java:scan(232)) - Reflections took 33 ms to scan 7 urls, producing 120 keys and 273 values 
2021-08-02 05:52:24,880 [Listener at 127.0.0.1/35629] INFO  volume.HddsVolume (HddsVolume.java:<init>(120)) - Creating HddsVolume: /home/runner/work/ozone/ozone/mnt/ozone/hadoop-ozone/integration-test/target/test-dir/MiniOzoneClusterImpl-4f335ae8-e577-43f0-9715-84c03d5ccb1a/datanode-5/data-0/containers/hdds of storage type : DISK capacity : 9223372036854775807
2021-08-02 05:52:24,881 [Listener at 127.0.0.1/35629] INFO  volume.MutableVolumeSet (MutableVolumeSet.java:initializeVolumeSet(181)) - Added Volume : /home/runner/work/ozone/ozone/mnt/ozone/hadoop-ozone/integration-test/target/test-dir/MiniOzoneClusterImpl-4f335ae8-e577-43f0-9715-84c03d5ccb1a/datanode-5/data-0/containers/hdds to VolumeSet
2021-08-02 05:52:24,881 [Listener at 127.0.0.1/35629] INFO  volume.ThrottledAsyncChecker (ThrottledAsyncChecker.java:schedule(141)) - Scheduling a check for /home/runner/work/ozone/ozone/mnt/ozone/hadoop-ozone/integration-test/target/test-dir/MiniOzoneClusterImpl-4f335ae8-e577-43f0-9715-84c03d5ccb1a/datanode-5/data-0/containers/hdds
2021-08-02 05:52:24,881 [Listener at 127.0.0.1/35629] INFO  volume.StorageVolumeChecker (StorageVolumeChecker.java:checkAllVolumes(202)) - Scheduled health check for volume /home/runner/work/ozone/ozone/mnt/ozone/hadoop-ozone/integration-test/target/test-dir/MiniOzoneClusterImpl-4f335ae8-e577-43f0-9715-84c03d5ccb1a/datanode-5/data-0/containers/hdds
2021-08-02 05:52:24,894 [Listener at 127.0.0.1/35629] INFO  volume.MutableVolumeSet (MutableVolumeSet.java:initializeVolumeSet(181)) - Added Volume : /home/runner/work/ozone/ozone/mnt/ozone/hadoop-ozone/integration-test/target/test-dir/MiniOzoneClusterImpl-4f335ae8-e577-43f0-9715-84c03d5ccb1a/datanode-5/data/ratis to VolumeSet
2021-08-02 05:52:24,894 [Listener at 127.0.0.1/35629] INFO  volume.ThrottledAsyncChecker (ThrottledAsyncChecker.java:schedule(141)) - Scheduling a check for /home/runner/work/ozone/ozone/mnt/ozone/hadoop-ozone/integration-test/target/test-dir/MiniOzoneClusterImpl-4f335ae8-e577-43f0-9715-84c03d5ccb1a/datanode-5/data/ratis
2021-08-02 05:52:24,894 [Listener at 127.0.0.1/35629] INFO  volume.StorageVolumeChecker (StorageVolumeChecker.java:checkAllVolumes(202)) - Scheduled health check for volume /home/runner/work/ozone/ozone/mnt/ozone/hadoop-ozone/integration-test/target/test-dir/MiniOzoneClusterImpl-4f335ae8-e577-43f0-9715-84c03d5ccb1a/datanode-5/data/ratis
2021-08-02 05:52:24,905 [Listener at 127.0.0.1/35629] INFO  ozoneimpl.ContainerReader (ContainerReader.java:<init>(98)) - Running in upgrade mode:true
2021-08-02 05:52:24,906 [Thread-185] INFO  ozoneimpl.ContainerReader (ContainerReader.java:readVolume(142)) - Start to verify containers on volume /home/runner/work/ozone/ozone/mnt/ozone/hadoop-ozone/integration-test/target/test-dir/MiniOzoneClusterImpl-4f335ae8-e577-43f0-9715-84c03d5ccb1a/datanode-5/data-0/containers/hdds
2021-08-02 05:52:24,906 [Thread-185] INFO  ozoneimpl.ContainerReader (ContainerReader.java:readVolume(174)) - Finish verifying containers on volume /home/runner/work/ozone/ozone/mnt/ozone/hadoop-ozone/integration-test/target/test-dir/MiniOzoneClusterImpl-4f335ae8-e577-43f0-9715-84c03d5ccb1a/datanode-5/data-0/containers/hdds
2021-08-02 05:52:24,906 [Listener at 127.0.0.1/35629] INFO  ozoneimpl.OzoneContainer (OzoneContainer.java:buildContainerSet(237)) - Build ContainerSet costs 0s
2021-08-02 05:52:24,908 [Listener at 127.0.0.1/35629] INFO  server.RaftServer (ConfUtils.java:logGet(44)) - raft.rpc.type = GRPC (default)
2021-08-02 05:52:24,908 [Listener at 127.0.0.1/35629] INFO  grpc.GrpcFactory (GrpcFactory.java:checkPooledByteBufAllocatorUseCacheForAllThreads(48)) - PERFORMANCE WARNING: useCacheForAllThreads is true that may cause Netty to create a lot garbage objects and, as a result, trigger GC.
	It is recommended to disable useCacheForAllThreads by setting -Dorg.apache.ratis.thirdparty.io.netty.allocator.useCacheForAllThreads=false in command line.
2021-08-02 05:52:24,909 [Listener at 127.0.0.1/35629] INFO  grpc.GrpcConfigKeys (ConfUtils.java:logGet(44)) - raft.grpc.admin.port = 0 (custom)
2021-08-02 05:52:24,909 [Listener at 127.0.0.1/35629] INFO  grpc.GrpcConfigKeys (ConfUtils.java:logGet(44)) - raft.grpc.client.port = 0 (custom)
2021-08-02 05:52:24,909 [Listener at 127.0.0.1/35629] INFO  grpc.GrpcConfigKeys (ConfUtils.java:logGet(44)) - raft.grpc.server.port = 0 (default)
2021-08-02 05:52:24,909 [Listener at 127.0.0.1/35629] INFO  server.GrpcService (ConfUtils.java:logGet(44)) - raft.grpc.message.size.max = 32MB (=33554432) (custom)
2021-08-02 05:52:24,910 [Listener at 127.0.0.1/35629] INFO  server.RaftServerConfigKeys (ConfUtils.java:logGet(44)) - raft.server.log.appender.buffer.byte-limit = 33554432 (custom)
2021-08-02 05:52:24,910 [Listener at 127.0.0.1/35629] INFO  server.GrpcService (ConfUtils.java:logGet(44)) - raft.grpc.flow.control.window = 5MB (=5242880) (custom)
2021-08-02 05:52:24,910 [Listener at 127.0.0.1/35629] INFO  server.RaftServerConfigKeys (ConfUtils.java:logGet(44)) - raft.server.rpc.request.timeout = 3000ms (default)
2021-08-02 05:52:24,911 [Listener at 127.0.0.1/35629] INFO  impl.DataStreamServerImpl (ConfUtils.java:logGet(44)) - raft.datastream.type = DISABLED (default)
2021-08-02 05:52:24,911 [Listener at 127.0.0.1/35629] INFO  server.RaftServerConfigKeys (ConfUtils.java:logGet(44)) - raft.server.rpc.slowness.timeout = 300000ms (custom)
2021-08-02 05:52:24,911 [Listener at 127.0.0.1/35629] INFO  server.RaftServerConfigKeys (ConfUtils.java:logGet(44)) - raft.server.leaderelection.leader.step-down.wait-time = 10s (default)
2021-08-02 05:52:24,911 [Listener at 127.0.0.1/35629] INFO  server.RaftServerConfigKeys (ConfUtils.java:logGet(44)) - raft.server.storage.dir = [/home/runner/work/ozone/ozone/mnt/ozone/hadoop-ozone/integration-test/target/test-dir/MiniOzoneClusterImpl-4f335ae8-e577-43f0-9715-84c03d5ccb1a/datanode-5/data/ratis] (custom)
2021-08-02 05:52:24,914 [Listener at 127.0.0.1/35629] INFO  http.BaseHttpServer (BaseHttpServer.java:newHttpServer2BuilderForOzone(209)) - Starting Web-server for hddsDatanode at: http://0.0.0.0:0
2021-08-02 05:52:24,914 [Listener at 127.0.0.1/35629] INFO  http.BaseHttpServer (BaseHttpServer.java:<init>(107)) - Hadoop Security Enabled: false Ozone Security Enabled: false Ozone HTTP Security Enabled: false 
2021-08-02 05:52:24,915 [Listener at 127.0.0.1/35629] INFO  server.AuthenticationFilter (AuthenticationFilter.java:constructSecretProvider(240)) - Unable to initialize FileSignerSecretProvider, falling back to use random secrets.
2021-08-02 05:52:24,915 [Listener at 127.0.0.1/35629] WARN  http.HttpRequestLog (HttpRequestLog.java:getRequestLog(103)) - Jetty request log can only be enabled using Log4j
2021-08-02 05:52:24,916 [Listener at 127.0.0.1/35629] INFO  http.HttpServer2 (HttpServer2.java:addGlobalFilter(1020)) - Added global filter 'safety' (class=org.apache.hadoop.hdds.server.http.HttpServer2$QuotingInputFilter)
2021-08-02 05:52:24,917 [Listener at 127.0.0.1/35629] INFO  http.HttpServer2 (HttpServer2.java:addFilter(996)) - Added filter static_user_filter (class=org.apache.hadoop.http.lib.StaticUserWebFilter$StaticUserFilter) to context hddsDatanode
2021-08-02 05:52:24,917 [Listener at 127.0.0.1/35629] INFO  http.HttpServer2 (HttpServer2.java:addFilter(1004)) - Added filter static_user_filter (class=org.apache.hadoop.http.lib.StaticUserWebFilter$StaticUserFilter) to context static
2021-08-02 05:52:24,917 [Listener at 127.0.0.1/35629] INFO  http.HttpServer2 (HttpServer2.java:addFilter(1004)) - Added filter static_user_filter (class=org.apache.hadoop.http.lib.StaticUserWebFilter$StaticUserFilter) to context logs
2021-08-02 05:52:24,918 [Listener at 127.0.0.1/35629] INFO  http.HttpServer2 (HttpServer2.java:bindListener(1239)) - Jetty bound to port 41291
2021-08-02 05:52:24,918 [Listener at 127.0.0.1/35629] INFO  server.Server (Server.java:doStart(375)) - jetty-9.4.35.v20201120; built: 2020-11-20T21:17:03.964Z; git: bdc54f03a5e0a7e280fab27f55c3c75ee8da89fb; jvm 1.8.0_292-b10
2021-08-02 05:52:24,921 [Listener at 127.0.0.1/35629] INFO  server.session (DefaultSessionIdManager.java:doStart(334)) - DefaultSessionIdManager workerName=node0
2021-08-02 05:52:24,921 [Listener at 127.0.0.1/35629] INFO  server.session (DefaultSessionIdManager.java:doStart(339)) - No SessionScavenger set, using defaults
2021-08-02 05:52:24,921 [Listener at 127.0.0.1/35629] INFO  server.session (HouseKeeper.java:startScavenging(132)) - node0 Scavenging every 600000ms
2021-08-02 05:52:24,922 [Listener at 127.0.0.1/35629] INFO  handler.ContextHandler (ContextHandler.java:doStart(916)) - Started o.e.j.s.ServletContextHandler@1d5f1fa5{logs,/logs,file:///home/runner/work/ozone/ozone/mnt/ozone/hadoop-ozone/integration-test/target/log,AVAILABLE}
2021-08-02 05:52:24,922 [Listener at 127.0.0.1/35629] INFO  handler.ContextHandler (ContextHandler.java:doStart(916)) - Started o.e.j.s.ServletContextHandler@33a8ae90{static,/static,jar:file:/home/runner/.m2/repository/org/apache/ozone/hdds-container-service/1.2.0-SNAPSHOT/hdds-container-service-1.2.0-SNAPSHOT.jar!/webapps/static,AVAILABLE}
2021-08-02 05:52:24,960 [Listener at 127.0.0.1/35629] INFO  handler.ContextHandler (ContextHandler.java:doStart(916)) - Started o.e.j.w.WebAppContext@3b606079{hddsDatanode,/,file:///tmp/jetty-0_0_0_0-41291-hdds-container-service-1_2_0-SNAPSHOT_jar-_-any-6128089953625859089/webapp/,AVAILABLE}{jar:file:/home/runner/.m2/repository/org/apache/ozone/hdds-container-service/1.2.0-SNAPSHOT/hdds-container-service-1.2.0-SNAPSHOT.jar!/webapps/hddsDatanode}
2021-08-02 05:52:24,961 [Listener at 127.0.0.1/35629] INFO  server.AbstractConnector (AbstractConnector.java:doStart(331)) - Started ServerConnector@704091b4{HTTP/1.1, (http/1.1)}{0.0.0.0:41291}
2021-08-02 05:52:24,961 [Listener at 127.0.0.1/35629] INFO  server.Server (Server.java:doStart(415)) - Started @6864ms
2021-08-02 05:52:24,961 [Listener at 127.0.0.1/35629] WARN  impl.MetricsSystemImpl (MetricsSystemImpl.java:register(279)) - Sink prometheus already exists!
2021-08-02 05:52:24,962 [Listener at 127.0.0.1/35629] INFO  http.BaseHttpServer (BaseHttpServer.java:updateConnectorAddress(329)) - HTTP server of hddsDatanode listening at http://0.0.0.0:41291
2021-08-02 05:52:24,963 [Listener at 127.0.0.1/35629] WARN  impl.MetricRegistriesImpl (MetricRegistriesImpl.java:addReporterRegistration(111)) - New reporters are added after registries were created. Some metrics will be missing from the reporter. Please add reporter before adding any new registry.
2021-08-02 05:52:24,963 [Listener at 127.0.0.1/35629] WARN  impl.MetricRegistriesImpl (MetricRegistriesImpl.java:addReporterRegistration(111)) - New reporters are added after registries were created. Some metrics will be missing from the reporter. Please add reporter before adding any new registry.
2021-08-02 05:52:24,963 [Listener at 127.0.0.1/35629] INFO  impl.MetricsSystemImpl (MetricsSystemImpl.java:init(158)) - HddsDatanode metrics system started (again)
2021-08-02 05:52:24,975 [org.apache.hadoop.util.JvmPauseMonitor$Monitor@3b6c8d2] INFO  util.JvmPauseMonitor (JvmPauseMonitor.java:run(188)) - Starting JVM pause monitor
2021-08-02 05:52:24,976 [Listener at 127.0.0.1/35629] INFO  ozone.HddsDatanodeService (HddsDatanodeService.java:start(234)) - HddsDatanodeService host:fv-az12-406.exdb2aeach2ezidoxz41lk3bwg.cx.internal.cloudapp.net ip:10.1.0.32
2021-08-02 05:52:25,000 [Datanode State Machine Task Thread - 0] INFO  datanode.InitDatanodeState (InitDatanodeState.java:persistContainerDatanodeDetails(145)) - DatanodeDetails is persisted to /home/runner/work/ozone/ozone/mnt/ozone/hadoop-ozone/integration-test/target/test-dir/MiniOzoneClusterImpl-4f335ae8-e577-43f0-9715-84c03d5ccb1a/datanode-5/meta/datanode.id
2021-08-02 05:52:25,020 [Listener at 127.0.0.1/35629] INFO  upgrade.AbstractLayoutVersionManager (AbstractLayoutVersionManager.java:init(70)) - Initializing Layout version manager with metadata layout = SCM_HA (version = 2), software layout = SCM_HA (version = 2)
2021-08-02 05:52:25,054 [Listener at 127.0.0.1/35629] INFO  reflections.Reflections (Reflections.java:scan(232)) - Reflections took 32 ms to scan 7 urls, producing 120 keys and 273 values 
2021-08-02 05:52:25,062 [Listener at 127.0.0.1/35629] INFO  volume.HddsVolume (HddsVolume.java:<init>(120)) - Creating HddsVolume: /home/runner/work/ozone/ozone/mnt/ozone/hadoop-ozone/integration-test/target/test-dir/MiniOzoneClusterImpl-4f335ae8-e577-43f0-9715-84c03d5ccb1a/datanode-6/data-0/containers/hdds of storage type : DISK capacity : 9223372036854775807
2021-08-02 05:52:25,063 [Listener at 127.0.0.1/35629] INFO  volume.MutableVolumeSet (MutableVolumeSet.java:initializeVolumeSet(181)) - Added Volume : /home/runner/work/ozone/ozone/mnt/ozone/hadoop-ozone/integration-test/target/test-dir/MiniOzoneClusterImpl-4f335ae8-e577-43f0-9715-84c03d5ccb1a/datanode-6/data-0/containers/hdds to VolumeSet
2021-08-02 05:52:25,063 [Listener at 127.0.0.1/35629] INFO  volume.ThrottledAsyncChecker (ThrottledAsyncChecker.java:schedule(141)) - Scheduling a check for /home/runner/work/ozone/ozone/mnt/ozone/hadoop-ozone/integration-test/target/test-dir/MiniOzoneClusterImpl-4f335ae8-e577-43f0-9715-84c03d5ccb1a/datanode-6/data-0/containers/hdds
2021-08-02 05:52:25,063 [Listener at 127.0.0.1/35629] INFO  volume.StorageVolumeChecker (StorageVolumeChecker.java:checkAllVolumes(202)) - Scheduled health check for volume /home/runner/work/ozone/ozone/mnt/ozone/hadoop-ozone/integration-test/target/test-dir/MiniOzoneClusterImpl-4f335ae8-e577-43f0-9715-84c03d5ccb1a/datanode-6/data-0/containers/hdds
2021-08-02 05:52:25,075 [Listener at 127.0.0.1/35629] INFO  volume.MutableVolumeSet (MutableVolumeSet.java:initializeVolumeSet(181)) - Added Volume : /home/runner/work/ozone/ozone/mnt/ozone/hadoop-ozone/integration-test/target/test-dir/MiniOzoneClusterImpl-4f335ae8-e577-43f0-9715-84c03d5ccb1a/datanode-6/data/ratis to VolumeSet
2021-08-02 05:52:25,075 [Listener at 127.0.0.1/35629] INFO  volume.ThrottledAsyncChecker (ThrottledAsyncChecker.java:schedule(141)) - Scheduling a check for /home/runner/work/ozone/ozone/mnt/ozone/hadoop-ozone/integration-test/target/test-dir/MiniOzoneClusterImpl-4f335ae8-e577-43f0-9715-84c03d5ccb1a/datanode-6/data/ratis
2021-08-02 05:52:25,076 [Listener at 127.0.0.1/35629] INFO  volume.StorageVolumeChecker (StorageVolumeChecker.java:checkAllVolumes(202)) - Scheduled health check for volume /home/runner/work/ozone/ozone/mnt/ozone/hadoop-ozone/integration-test/target/test-dir/MiniOzoneClusterImpl-4f335ae8-e577-43f0-9715-84c03d5ccb1a/datanode-6/data/ratis
2021-08-02 05:52:25,087 [Listener at 127.0.0.1/35629] INFO  ozoneimpl.ContainerReader (ContainerReader.java:<init>(98)) - Running in upgrade mode:true
2021-08-02 05:52:25,088 [Thread-196] INFO  ozoneimpl.ContainerReader (ContainerReader.java:readVolume(142)) - Start to verify containers on volume /home/runner/work/ozone/ozone/mnt/ozone/hadoop-ozone/integration-test/target/test-dir/MiniOzoneClusterImpl-4f335ae8-e577-43f0-9715-84c03d5ccb1a/datanode-6/data-0/containers/hdds
2021-08-02 05:52:25,088 [Thread-196] INFO  ozoneimpl.ContainerReader (ContainerReader.java:readVolume(174)) - Finish verifying containers on volume /home/runner/work/ozone/ozone/mnt/ozone/hadoop-ozone/integration-test/target/test-dir/MiniOzoneClusterImpl-4f335ae8-e577-43f0-9715-84c03d5ccb1a/datanode-6/data-0/containers/hdds
2021-08-02 05:52:25,088 [Listener at 127.0.0.1/35629] INFO  ozoneimpl.OzoneContainer (OzoneContainer.java:buildContainerSet(237)) - Build ContainerSet costs 0s
2021-08-02 05:52:25,090 [Listener at 127.0.0.1/35629] INFO  server.RaftServer (ConfUtils.java:logGet(44)) - raft.rpc.type = GRPC (default)
2021-08-02 05:52:25,091 [Listener at 127.0.0.1/35629] INFO  grpc.GrpcFactory (GrpcFactory.java:checkPooledByteBufAllocatorUseCacheForAllThreads(48)) - PERFORMANCE WARNING: useCacheForAllThreads is true that may cause Netty to create a lot garbage objects and, as a result, trigger GC.
	It is recommended to disable useCacheForAllThreads by setting -Dorg.apache.ratis.thirdparty.io.netty.allocator.useCacheForAllThreads=false in command line.
2021-08-02 05:52:25,091 [Listener at 127.0.0.1/35629] INFO  grpc.GrpcConfigKeys (ConfUtils.java:logGet(44)) - raft.grpc.admin.port = 0 (custom)
2021-08-02 05:52:25,091 [Listener at 127.0.0.1/35629] INFO  grpc.GrpcConfigKeys (ConfUtils.java:logGet(44)) - raft.grpc.client.port = 0 (custom)
2021-08-02 05:52:25,091 [Listener at 127.0.0.1/35629] INFO  grpc.GrpcConfigKeys (ConfUtils.java:logGet(44)) - raft.grpc.server.port = 0 (default)
2021-08-02 05:52:25,091 [Listener at 127.0.0.1/35629] INFO  server.GrpcService (ConfUtils.java:logGet(44)) - raft.grpc.message.size.max = 32MB (=33554432) (custom)
2021-08-02 05:52:25,091 [Listener at 127.0.0.1/35629] INFO  server.RaftServerConfigKeys (ConfUtils.java:logGet(44)) - raft.server.log.appender.buffer.byte-limit = 33554432 (custom)
2021-08-02 05:52:25,091 [Listener at 127.0.0.1/35629] INFO  server.GrpcService (ConfUtils.java:logGet(44)) - raft.grpc.flow.control.window = 5MB (=5242880) (custom)
2021-08-02 05:52:25,091 [Listener at 127.0.0.1/35629] INFO  server.RaftServerConfigKeys (ConfUtils.java:logGet(44)) - raft.server.rpc.request.timeout = 3000ms (default)
2021-08-02 05:52:25,092 [Listener at 127.0.0.1/35629] INFO  impl.DataStreamServerImpl (ConfUtils.java:logGet(44)) - raft.datastream.type = DISABLED (default)
2021-08-02 05:52:25,092 [Listener at 127.0.0.1/35629] INFO  server.RaftServerConfigKeys (ConfUtils.java:logGet(44)) - raft.server.rpc.slowness.timeout = 300000ms (custom)
2021-08-02 05:52:25,093 [Listener at 127.0.0.1/35629] INFO  server.RaftServerConfigKeys (ConfUtils.java:logGet(44)) - raft.server.leaderelection.leader.step-down.wait-time = 10s (default)
2021-08-02 05:52:25,093 [Listener at 127.0.0.1/35629] INFO  server.RaftServerConfigKeys (ConfUtils.java:logGet(44)) - raft.server.storage.dir = [/home/runner/work/ozone/ozone/mnt/ozone/hadoop-ozone/integration-test/target/test-dir/MiniOzoneClusterImpl-4f335ae8-e577-43f0-9715-84c03d5ccb1a/datanode-6/data/ratis] (custom)
2021-08-02 05:52:25,095 [Listener at 127.0.0.1/35629] INFO  http.BaseHttpServer (BaseHttpServer.java:newHttpServer2BuilderForOzone(209)) - Starting Web-server for hddsDatanode at: http://0.0.0.0:0
2021-08-02 05:52:25,095 [Listener at 127.0.0.1/35629] INFO  http.BaseHttpServer (BaseHttpServer.java:<init>(107)) - Hadoop Security Enabled: false Ozone Security Enabled: false Ozone HTTP Security Enabled: false 
2021-08-02 05:52:25,096 [Listener at 127.0.0.1/35629] INFO  server.AuthenticationFilter (AuthenticationFilter.java:constructSecretProvider(240)) - Unable to initialize FileSignerSecretProvider, falling back to use random secrets.
2021-08-02 05:52:25,097 [Listener at 127.0.0.1/35629] WARN  http.HttpRequestLog (HttpRequestLog.java:getRequestLog(103)) - Jetty request log can only be enabled using Log4j
2021-08-02 05:52:25,097 [Listener at 127.0.0.1/35629] INFO  http.HttpServer2 (HttpServer2.java:addGlobalFilter(1020)) - Added global filter 'safety' (class=org.apache.hadoop.hdds.server.http.HttpServer2$QuotingInputFilter)
2021-08-02 05:52:25,098 [Listener at 127.0.0.1/35629] INFO  http.HttpServer2 (HttpServer2.java:addFilter(996)) - Added filter static_user_filter (class=org.apache.hadoop.http.lib.StaticUserWebFilter$StaticUserFilter) to context hddsDatanode
2021-08-02 05:52:25,098 [Listener at 127.0.0.1/35629] INFO  http.HttpServer2 (HttpServer2.java:addFilter(1004)) - Added filter static_user_filter (class=org.apache.hadoop.http.lib.StaticUserWebFilter$StaticUserFilter) to context logs
2021-08-02 05:52:25,098 [Listener at 127.0.0.1/35629] INFO  http.HttpServer2 (HttpServer2.java:addFilter(1004)) - Added filter static_user_filter (class=org.apache.hadoop.http.lib.StaticUserWebFilter$StaticUserFilter) to context static
2021-08-02 05:52:25,099 [Listener at 127.0.0.1/35629] INFO  http.HttpServer2 (HttpServer2.java:bindListener(1239)) - Jetty bound to port 37899
2021-08-02 05:52:25,099 [Listener at 127.0.0.1/35629] INFO  server.Server (Server.java:doStart(375)) - jetty-9.4.35.v20201120; built: 2020-11-20T21:17:03.964Z; git: bdc54f03a5e0a7e280fab27f55c3c75ee8da89fb; jvm 1.8.0_292-b10
2021-08-02 05:52:25,101 [Listener at 127.0.0.1/35629] INFO  server.session (DefaultSessionIdManager.java:doStart(334)) - DefaultSessionIdManager workerName=node0
2021-08-02 05:52:25,101 [Listener at 127.0.0.1/35629] INFO  server.session (DefaultSessionIdManager.java:doStart(339)) - No SessionScavenger set, using defaults
2021-08-02 05:52:25,102 [Listener at 127.0.0.1/35629] INFO  server.session (HouseKeeper.java:startScavenging(132)) - node0 Scavenging every 660000ms
2021-08-02 05:52:25,102 [Listener at 127.0.0.1/35629] INFO  handler.ContextHandler (ContextHandler.java:doStart(916)) - Started o.e.j.s.ServletContextHandler@2021c352{logs,/logs,file:///home/runner/work/ozone/ozone/mnt/ozone/hadoop-ozone/integration-test/target/log,AVAILABLE}
2021-08-02 05:52:25,103 [Listener at 127.0.0.1/35629] INFO  handler.ContextHandler (ContextHandler.java:doStart(916)) - Started o.e.j.s.ServletContextHandler@2fe6a72d{static,/static,jar:file:/home/runner/.m2/repository/org/apache/ozone/hdds-container-service/1.2.0-SNAPSHOT/hdds-container-service-1.2.0-SNAPSHOT.jar!/webapps/static,AVAILABLE}
2021-08-02 05:52:25,141 [Listener at 127.0.0.1/35629] INFO  handler.ContextHandler (ContextHandler.java:doStart(916)) - Started o.e.j.w.WebAppContext@463ca434{hddsDatanode,/,file:///tmp/jetty-0_0_0_0-37899-hdds-container-service-1_2_0-SNAPSHOT_jar-_-any-7059178800151697061/webapp/,AVAILABLE}{jar:file:/home/runner/.m2/repository/org/apache/ozone/hdds-container-service/1.2.0-SNAPSHOT/hdds-container-service-1.2.0-SNAPSHOT.jar!/webapps/hddsDatanode}
2021-08-02 05:52:25,143 [Listener at 127.0.0.1/35629] INFO  server.AbstractConnector (AbstractConnector.java:doStart(331)) - Started ServerConnector@6bf9c657{HTTP/1.1, (http/1.1)}{0.0.0.0:37899}
2021-08-02 05:52:25,143 [Listener at 127.0.0.1/35629] INFO  server.Server (Server.java:doStart(415)) - Started @7046ms
2021-08-02 05:52:25,144 [Listener at 127.0.0.1/35629] WARN  impl.MetricsSystemImpl (MetricsSystemImpl.java:register(279)) - Sink prometheus already exists!
2021-08-02 05:52:25,144 [Listener at 127.0.0.1/35629] INFO  http.BaseHttpServer (BaseHttpServer.java:updateConnectorAddress(329)) - HTTP server of hddsDatanode listening at http://0.0.0.0:37899
2021-08-02 05:52:25,148 [Listener at 127.0.0.1/35629] WARN  impl.MetricRegistriesImpl (MetricRegistriesImpl.java:addReporterRegistration(111)) - New reporters are added after registries were created. Some metrics will be missing from the reporter. Please add reporter before adding any new registry.
2021-08-02 05:52:25,148 [Listener at 127.0.0.1/35629] WARN  impl.MetricRegistriesImpl (MetricRegistriesImpl.java:addReporterRegistration(111)) - New reporters are added after registries were created. Some metrics will be missing from the reporter. Please add reporter before adding any new registry.
2021-08-02 05:52:25,148 [Listener at 127.0.0.1/35629] INFO  impl.MetricsSystemImpl (MetricsSystemImpl.java:init(158)) - HddsDatanode metrics system started (again)
2021-08-02 05:52:25,161 [Listener at 127.0.0.1/35629] INFO  ozone.HddsDatanodeService (HddsDatanodeService.java:start(234)) - HddsDatanodeService host:fv-az12-406.exdb2aeach2ezidoxz41lk3bwg.cx.internal.cloudapp.net ip:10.1.0.32
2021-08-02 05:52:25,172 [org.apache.hadoop.util.JvmPauseMonitor$Monitor@2b22f6da] INFO  util.JvmPauseMonitor (JvmPauseMonitor.java:run(188)) - Starting JVM pause monitor
2021-08-02 05:52:25,181 [Datanode State Machine Task Thread - 0] INFO  datanode.InitDatanodeState (InitDatanodeState.java:persistContainerDatanodeDetails(145)) - DatanodeDetails is persisted to /home/runner/work/ozone/ozone/mnt/ozone/hadoop-ozone/integration-test/target/test-dir/MiniOzoneClusterImpl-4f335ae8-e577-43f0-9715-84c03d5ccb1a/datanode-6/meta/datanode.id
2021-08-02 05:52:25,182 [Listener at 127.0.0.1/35629] INFO  upgrade.AbstractLayoutVersionManager (AbstractLayoutVersionManager.java:init(70)) - Initializing Layout version manager with metadata layout = SCM_HA (version = 2), software layout = SCM_HA (version = 2)
2021-08-02 05:52:25,221 [Listener at 127.0.0.1/35629] INFO  reflections.Reflections (Reflections.java:scan(232)) - Reflections took 37 ms to scan 7 urls, producing 120 keys and 273 values 
2021-08-02 05:52:25,224 [Listener at 127.0.0.1/35629] INFO  volume.HddsVolume (HddsVolume.java:<init>(120)) - Creating HddsVolume: /home/runner/work/ozone/ozone/mnt/ozone/hadoop-ozone/integration-test/target/test-dir/MiniOzoneClusterImpl-4f335ae8-e577-43f0-9715-84c03d5ccb1a/datanode-7/data-0/containers/hdds of storage type : DISK capacity : 9223372036854775807
2021-08-02 05:52:25,224 [Listener at 127.0.0.1/35629] INFO  volume.MutableVolumeSet (MutableVolumeSet.java:initializeVolumeSet(181)) - Added Volume : /home/runner/work/ozone/ozone/mnt/ozone/hadoop-ozone/integration-test/target/test-dir/MiniOzoneClusterImpl-4f335ae8-e577-43f0-9715-84c03d5ccb1a/datanode-7/data-0/containers/hdds to VolumeSet
2021-08-02 05:52:25,224 [Listener at 127.0.0.1/35629] INFO  volume.ThrottledAsyncChecker (ThrottledAsyncChecker.java:schedule(141)) - Scheduling a check for /home/runner/work/ozone/ozone/mnt/ozone/hadoop-ozone/integration-test/target/test-dir/MiniOzoneClusterImpl-4f335ae8-e577-43f0-9715-84c03d5ccb1a/datanode-7/data-0/containers/hdds
2021-08-02 05:52:25,225 [Listener at 127.0.0.1/35629] INFO  volume.StorageVolumeChecker (StorageVolumeChecker.java:checkAllVolumes(202)) - Scheduled health check for volume /home/runner/work/ozone/ozone/mnt/ozone/hadoop-ozone/integration-test/target/test-dir/MiniOzoneClusterImpl-4f335ae8-e577-43f0-9715-84c03d5ccb1a/datanode-7/data-0/containers/hdds
2021-08-02 05:52:25,237 [Listener at 127.0.0.1/35629] INFO  volume.MutableVolumeSet (MutableVolumeSet.java:initializeVolumeSet(181)) - Added Volume : /home/runner/work/ozone/ozone/mnt/ozone/hadoop-ozone/integration-test/target/test-dir/MiniOzoneClusterImpl-4f335ae8-e577-43f0-9715-84c03d5ccb1a/datanode-7/data/ratis to VolumeSet
2021-08-02 05:52:25,237 [Listener at 127.0.0.1/35629] INFO  volume.ThrottledAsyncChecker (ThrottledAsyncChecker.java:schedule(141)) - Scheduling a check for /home/runner/work/ozone/ozone/mnt/ozone/hadoop-ozone/integration-test/target/test-dir/MiniOzoneClusterImpl-4f335ae8-e577-43f0-9715-84c03d5ccb1a/datanode-7/data/ratis
2021-08-02 05:52:25,238 [Listener at 127.0.0.1/35629] INFO  volume.StorageVolumeChecker (StorageVolumeChecker.java:checkAllVolumes(202)) - Scheduled health check for volume /home/runner/work/ozone/ozone/mnt/ozone/hadoop-ozone/integration-test/target/test-dir/MiniOzoneClusterImpl-4f335ae8-e577-43f0-9715-84c03d5ccb1a/datanode-7/data/ratis
2021-08-02 05:52:25,249 [Listener at 127.0.0.1/35629] INFO  ozoneimpl.ContainerReader (ContainerReader.java:<init>(98)) - Running in upgrade mode:true
2021-08-02 05:52:25,250 [Thread-207] INFO  ozoneimpl.ContainerReader (ContainerReader.java:readVolume(142)) - Start to verify containers on volume /home/runner/work/ozone/ozone/mnt/ozone/hadoop-ozone/integration-test/target/test-dir/MiniOzoneClusterImpl-4f335ae8-e577-43f0-9715-84c03d5ccb1a/datanode-7/data-0/containers/hdds
2021-08-02 05:52:25,250 [Thread-207] INFO  ozoneimpl.ContainerReader (ContainerReader.java:readVolume(174)) - Finish verifying containers on volume /home/runner/work/ozone/ozone/mnt/ozone/hadoop-ozone/integration-test/target/test-dir/MiniOzoneClusterImpl-4f335ae8-e577-43f0-9715-84c03d5ccb1a/datanode-7/data-0/containers/hdds
2021-08-02 05:52:25,250 [Listener at 127.0.0.1/35629] INFO  ozoneimpl.OzoneContainer (OzoneContainer.java:buildContainerSet(237)) - Build ContainerSet costs 0s
2021-08-02 05:52:25,253 [Listener at 127.0.0.1/35629] INFO  server.RaftServer (ConfUtils.java:logGet(44)) - raft.rpc.type = GRPC (default)
2021-08-02 05:52:25,253 [Listener at 127.0.0.1/35629] INFO  grpc.GrpcFactory (GrpcFactory.java:checkPooledByteBufAllocatorUseCacheForAllThreads(48)) - PERFORMANCE WARNING: useCacheForAllThreads is true that may cause Netty to create a lot garbage objects and, as a result, trigger GC.
	It is recommended to disable useCacheForAllThreads by setting -Dorg.apache.ratis.thirdparty.io.netty.allocator.useCacheForAllThreads=false in command line.
2021-08-02 05:52:25,253 [Listener at 127.0.0.1/35629] INFO  grpc.GrpcConfigKeys (ConfUtils.java:logGet(44)) - raft.grpc.admin.port = 0 (custom)
2021-08-02 05:52:25,253 [Listener at 127.0.0.1/35629] INFO  grpc.GrpcConfigKeys (ConfUtils.java:logGet(44)) - raft.grpc.client.port = 0 (custom)
2021-08-02 05:52:25,253 [Listener at 127.0.0.1/35629] INFO  grpc.GrpcConfigKeys (ConfUtils.java:logGet(44)) - raft.grpc.server.port = 0 (default)
2021-08-02 05:52:25,253 [Listener at 127.0.0.1/35629] INFO  server.GrpcService (ConfUtils.java:logGet(44)) - raft.grpc.message.size.max = 32MB (=33554432) (custom)
2021-08-02 05:52:25,254 [Listener at 127.0.0.1/35629] INFO  server.RaftServerConfigKeys (ConfUtils.java:logGet(44)) - raft.server.log.appender.buffer.byte-limit = 33554432 (custom)
2021-08-02 05:52:25,254 [Listener at 127.0.0.1/35629] INFO  server.GrpcService (ConfUtils.java:logGet(44)) - raft.grpc.flow.control.window = 5MB (=5242880) (custom)
2021-08-02 05:52:25,254 [Listener at 127.0.0.1/35629] INFO  server.RaftServerConfigKeys (ConfUtils.java:logGet(44)) - raft.server.rpc.request.timeout = 3000ms (default)
2021-08-02 05:52:25,255 [Listener at 127.0.0.1/35629] INFO  impl.DataStreamServerImpl (ConfUtils.java:logGet(44)) - raft.datastream.type = DISABLED (default)
2021-08-02 05:52:25,255 [Listener at 127.0.0.1/35629] INFO  server.RaftServerConfigKeys (ConfUtils.java:logGet(44)) - raft.server.rpc.slowness.timeout = 300000ms (custom)
2021-08-02 05:52:25,255 [Listener at 127.0.0.1/35629] INFO  server.RaftServerConfigKeys (ConfUtils.java:logGet(44)) - raft.server.leaderelection.leader.step-down.wait-time = 10s (default)
2021-08-02 05:52:25,255 [Listener at 127.0.0.1/35629] INFO  server.RaftServerConfigKeys (ConfUtils.java:logGet(44)) - raft.server.storage.dir = [/home/runner/work/ozone/ozone/mnt/ozone/hadoop-ozone/integration-test/target/test-dir/MiniOzoneClusterImpl-4f335ae8-e577-43f0-9715-84c03d5ccb1a/datanode-7/data/ratis] (custom)
2021-08-02 05:52:25,258 [Listener at 127.0.0.1/35629] INFO  http.BaseHttpServer (BaseHttpServer.java:newHttpServer2BuilderForOzone(209)) - Starting Web-server for hddsDatanode at: http://0.0.0.0:0
2021-08-02 05:52:25,258 [Listener at 127.0.0.1/35629] INFO  http.BaseHttpServer (BaseHttpServer.java:<init>(107)) - Hadoop Security Enabled: false Ozone Security Enabled: false Ozone HTTP Security Enabled: false 
2021-08-02 05:52:25,259 [Listener at 127.0.0.1/35629] INFO  server.AuthenticationFilter (AuthenticationFilter.java:constructSecretProvider(240)) - Unable to initialize FileSignerSecretProvider, falling back to use random secrets.
2021-08-02 05:52:25,259 [Listener at 127.0.0.1/35629] WARN  http.HttpRequestLog (HttpRequestLog.java:getRequestLog(103)) - Jetty request log can only be enabled using Log4j
2021-08-02 05:52:25,260 [Listener at 127.0.0.1/35629] INFO  http.HttpServer2 (HttpServer2.java:addGlobalFilter(1020)) - Added global filter 'safety' (class=org.apache.hadoop.hdds.server.http.HttpServer2$QuotingInputFilter)
2021-08-02 05:52:25,261 [Listener at 127.0.0.1/35629] INFO  http.HttpServer2 (HttpServer2.java:addFilter(996)) - Added filter static_user_filter (class=org.apache.hadoop.http.lib.StaticUserWebFilter$StaticUserFilter) to context hddsDatanode
2021-08-02 05:52:25,261 [Listener at 127.0.0.1/35629] INFO  http.HttpServer2 (HttpServer2.java:addFilter(1004)) - Added filter static_user_filter (class=org.apache.hadoop.http.lib.StaticUserWebFilter$StaticUserFilter) to context logs
2021-08-02 05:52:25,261 [Listener at 127.0.0.1/35629] INFO  http.HttpServer2 (HttpServer2.java:addFilter(1004)) - Added filter static_user_filter (class=org.apache.hadoop.http.lib.StaticUserWebFilter$StaticUserFilter) to context static
2021-08-02 05:52:25,261 [Listener at 127.0.0.1/35629] INFO  http.HttpServer2 (HttpServer2.java:bindListener(1239)) - Jetty bound to port 40903
2021-08-02 05:52:25,262 [Listener at 127.0.0.1/35629] INFO  server.Server (Server.java:doStart(375)) - jetty-9.4.35.v20201120; built: 2020-11-20T21:17:03.964Z; git: bdc54f03a5e0a7e280fab27f55c3c75ee8da89fb; jvm 1.8.0_292-b10
2021-08-02 05:52:25,266 [Listener at 127.0.0.1/35629] INFO  server.session (DefaultSessionIdManager.java:doStart(334)) - DefaultSessionIdManager workerName=node0
2021-08-02 05:52:25,266 [Listener at 127.0.0.1/35629] INFO  server.session (DefaultSessionIdManager.java:doStart(339)) - No SessionScavenger set, using defaults
2021-08-02 05:52:25,268 [Listener at 127.0.0.1/35629] INFO  server.session (HouseKeeper.java:startScavenging(132)) - node0 Scavenging every 660000ms
2021-08-02 05:52:25,269 [Listener at 127.0.0.1/35629] INFO  handler.ContextHandler (ContextHandler.java:doStart(916)) - Started o.e.j.s.ServletContextHandler@30a3c1e1{logs,/logs,file:///home/runner/work/ozone/ozone/mnt/ozone/hadoop-ozone/integration-test/target/log,AVAILABLE}
2021-08-02 05:52:25,270 [Listener at 127.0.0.1/35629] INFO  handler.ContextHandler (ContextHandler.java:doStart(916)) - Started o.e.j.s.ServletContextHandler@4f3db580{static,/static,jar:file:/home/runner/.m2/repository/org/apache/ozone/hdds-container-service/1.2.0-SNAPSHOT/hdds-container-service-1.2.0-SNAPSHOT.jar!/webapps/static,AVAILABLE}
2021-08-02 05:52:25,307 [Listener at 127.0.0.1/35629] INFO  handler.ContextHandler (ContextHandler.java:doStart(916)) - Started o.e.j.w.WebAppContext@446454af{hddsDatanode,/,file:///tmp/jetty-0_0_0_0-40903-hdds-container-service-1_2_0-SNAPSHOT_jar-_-any-1050755975159227523/webapp/,AVAILABLE}{jar:file:/home/runner/.m2/repository/org/apache/ozone/hdds-container-service/1.2.0-SNAPSHOT/hdds-container-service-1.2.0-SNAPSHOT.jar!/webapps/hddsDatanode}
2021-08-02 05:52:25,310 [Listener at 127.0.0.1/35629] INFO  server.AbstractConnector (AbstractConnector.java:doStart(331)) - Started ServerConnector@6769ea39{HTTP/1.1, (http/1.1)}{0.0.0.0:40903}
2021-08-02 05:52:25,310 [Listener at 127.0.0.1/35629] INFO  server.Server (Server.java:doStart(415)) - Started @7213ms
2021-08-02 05:52:25,310 [Listener at 127.0.0.1/35629] WARN  impl.MetricsSystemImpl (MetricsSystemImpl.java:register(279)) - Sink prometheus already exists!
2021-08-02 05:52:25,311 [Listener at 127.0.0.1/35629] INFO  http.BaseHttpServer (BaseHttpServer.java:updateConnectorAddress(329)) - HTTP server of hddsDatanode listening at http://0.0.0.0:40903
2021-08-02 05:52:25,312 [Listener at 127.0.0.1/35629] WARN  impl.MetricRegistriesImpl (MetricRegistriesImpl.java:addReporterRegistration(111)) - New reporters are added after registries were created. Some metrics will be missing from the reporter. Please add reporter before adding any new registry.
2021-08-02 05:52:25,312 [Listener at 127.0.0.1/35629] WARN  impl.MetricRegistriesImpl (MetricRegistriesImpl.java:addReporterRegistration(111)) - New reporters are added after registries were created. Some metrics will be missing from the reporter. Please add reporter before adding any new registry.
2021-08-02 05:52:25,312 [Listener at 127.0.0.1/35629] INFO  impl.MetricsSystemImpl (MetricsSystemImpl.java:init(158)) - HddsDatanode metrics system started (again)
2021-08-02 05:52:25,324 [Listener at 127.0.0.1/35629] INFO  ozone.HddsDatanodeService (HddsDatanodeService.java:start(234)) - HddsDatanodeService host:fv-az12-406.exdb2aeach2ezidoxz41lk3bwg.cx.internal.cloudapp.net ip:10.1.0.32
2021-08-02 05:52:25,328 [org.apache.hadoop.util.JvmPauseMonitor$Monitor@67d1b6be] INFO  util.JvmPauseMonitor (JvmPauseMonitor.java:run(188)) - Starting JVM pause monitor
2021-08-02 05:52:25,333 [Datanode State Machine Task Thread - 0] INFO  datanode.InitDatanodeState (InitDatanodeState.java:persistContainerDatanodeDetails(145)) - DatanodeDetails is persisted to /home/runner/work/ozone/ozone/mnt/ozone/hadoop-ozone/integration-test/target/test-dir/MiniOzoneClusterImpl-4f335ae8-e577-43f0-9715-84c03d5ccb1a/datanode-7/meta/datanode.id
2021-08-02 05:52:25,348 [Listener at 127.0.0.1/35629] INFO  upgrade.AbstractLayoutVersionManager (AbstractLayoutVersionManager.java:init(70)) - Initializing Layout version manager with metadata layout = SCM_HA (version = 2), software layout = SCM_HA (version = 2)
2021-08-02 05:52:25,382 [Listener at 127.0.0.1/35629] INFO  reflections.Reflections (Reflections.java:scan(232)) - Reflections took 33 ms to scan 7 urls, producing 120 keys and 273 values 
2021-08-02 05:52:25,388 [Listener at 127.0.0.1/35629] INFO  volume.HddsVolume (HddsVolume.java:<init>(120)) - Creating HddsVolume: /home/runner/work/ozone/ozone/mnt/ozone/hadoop-ozone/integration-test/target/test-dir/MiniOzoneClusterImpl-4f335ae8-e577-43f0-9715-84c03d5ccb1a/datanode-8/data-0/containers/hdds of storage type : DISK capacity : 9223372036854775807
2021-08-02 05:52:25,388 [Listener at 127.0.0.1/35629] INFO  volume.MutableVolumeSet (MutableVolumeSet.java:initializeVolumeSet(181)) - Added Volume : /home/runner/work/ozone/ozone/mnt/ozone/hadoop-ozone/integration-test/target/test-dir/MiniOzoneClusterImpl-4f335ae8-e577-43f0-9715-84c03d5ccb1a/datanode-8/data-0/containers/hdds to VolumeSet
2021-08-02 05:52:25,389 [Listener at 127.0.0.1/35629] INFO  volume.ThrottledAsyncChecker (ThrottledAsyncChecker.java:schedule(141)) - Scheduling a check for /home/runner/work/ozone/ozone/mnt/ozone/hadoop-ozone/integration-test/target/test-dir/MiniOzoneClusterImpl-4f335ae8-e577-43f0-9715-84c03d5ccb1a/datanode-8/data-0/containers/hdds
2021-08-02 05:52:25,389 [Listener at 127.0.0.1/35629] INFO  volume.StorageVolumeChecker (StorageVolumeChecker.java:checkAllVolumes(202)) - Scheduled health check for volume /home/runner/work/ozone/ozone/mnt/ozone/hadoop-ozone/integration-test/target/test-dir/MiniOzoneClusterImpl-4f335ae8-e577-43f0-9715-84c03d5ccb1a/datanode-8/data-0/containers/hdds
2021-08-02 05:52:25,401 [Listener at 127.0.0.1/35629] INFO  volume.MutableVolumeSet (MutableVolumeSet.java:initializeVolumeSet(181)) - Added Volume : /home/runner/work/ozone/ozone/mnt/ozone/hadoop-ozone/integration-test/target/test-dir/MiniOzoneClusterImpl-4f335ae8-e577-43f0-9715-84c03d5ccb1a/datanode-8/data/ratis to VolumeSet
2021-08-02 05:52:25,401 [Listener at 127.0.0.1/35629] INFO  volume.ThrottledAsyncChecker (ThrottledAsyncChecker.java:schedule(141)) - Scheduling a check for /home/runner/work/ozone/ozone/mnt/ozone/hadoop-ozone/integration-test/target/test-dir/MiniOzoneClusterImpl-4f335ae8-e577-43f0-9715-84c03d5ccb1a/datanode-8/data/ratis
2021-08-02 05:52:25,401 [Listener at 127.0.0.1/35629] INFO  volume.StorageVolumeChecker (StorageVolumeChecker.java:checkAllVolumes(202)) - Scheduled health check for volume /home/runner/work/ozone/ozone/mnt/ozone/hadoop-ozone/integration-test/target/test-dir/MiniOzoneClusterImpl-4f335ae8-e577-43f0-9715-84c03d5ccb1a/datanode-8/data/ratis
2021-08-02 05:52:25,412 [Listener at 127.0.0.1/35629] INFO  ozoneimpl.ContainerReader (ContainerReader.java:<init>(98)) - Running in upgrade mode:true
2021-08-02 05:52:25,412 [Thread-218] INFO  ozoneimpl.ContainerReader (ContainerReader.java:readVolume(142)) - Start to verify containers on volume /home/runner/work/ozone/ozone/mnt/ozone/hadoop-ozone/integration-test/target/test-dir/MiniOzoneClusterImpl-4f335ae8-e577-43f0-9715-84c03d5ccb1a/datanode-8/data-0/containers/hdds
2021-08-02 05:52:25,413 [Thread-218] INFO  ozoneimpl.ContainerReader (ContainerReader.java:readVolume(174)) - Finish verifying containers on volume /home/runner/work/ozone/ozone/mnt/ozone/hadoop-ozone/integration-test/target/test-dir/MiniOzoneClusterImpl-4f335ae8-e577-43f0-9715-84c03d5ccb1a/datanode-8/data-0/containers/hdds
2021-08-02 05:52:25,413 [Listener at 127.0.0.1/35629] INFO  ozoneimpl.OzoneContainer (OzoneContainer.java:buildContainerSet(237)) - Build ContainerSet costs 0s
2021-08-02 05:52:25,415 [Listener at 127.0.0.1/35629] INFO  server.RaftServer (ConfUtils.java:logGet(44)) - raft.rpc.type = GRPC (default)
2021-08-02 05:52:25,415 [Listener at 127.0.0.1/35629] INFO  grpc.GrpcFactory (GrpcFactory.java:checkPooledByteBufAllocatorUseCacheForAllThreads(48)) - PERFORMANCE WARNING: useCacheForAllThreads is true that may cause Netty to create a lot garbage objects and, as a result, trigger GC.
	It is recommended to disable useCacheForAllThreads by setting -Dorg.apache.ratis.thirdparty.io.netty.allocator.useCacheForAllThreads=false in command line.
2021-08-02 05:52:25,415 [Listener at 127.0.0.1/35629] INFO  grpc.GrpcConfigKeys (ConfUtils.java:logGet(44)) - raft.grpc.admin.port = 0 (custom)
2021-08-02 05:52:25,415 [Listener at 127.0.0.1/35629] INFO  grpc.GrpcConfigKeys (ConfUtils.java:logGet(44)) - raft.grpc.client.port = 0 (custom)
2021-08-02 05:52:25,415 [Listener at 127.0.0.1/35629] INFO  grpc.GrpcConfigKeys (ConfUtils.java:logGet(44)) - raft.grpc.server.port = 0 (default)
2021-08-02 05:52:25,416 [Listener at 127.0.0.1/35629] INFO  server.GrpcService (ConfUtils.java:logGet(44)) - raft.grpc.message.size.max = 32MB (=33554432) (custom)
2021-08-02 05:52:25,416 [Listener at 127.0.0.1/35629] INFO  server.RaftServerConfigKeys (ConfUtils.java:logGet(44)) - raft.server.log.appender.buffer.byte-limit = 33554432 (custom)
2021-08-02 05:52:25,416 [Listener at 127.0.0.1/35629] INFO  server.GrpcService (ConfUtils.java:logGet(44)) - raft.grpc.flow.control.window = 5MB (=5242880) (custom)
2021-08-02 05:52:25,416 [Listener at 127.0.0.1/35629] INFO  server.RaftServerConfigKeys (ConfUtils.java:logGet(44)) - raft.server.rpc.request.timeout = 3000ms (default)
2021-08-02 05:52:25,417 [Listener at 127.0.0.1/35629] INFO  impl.DataStreamServerImpl (ConfUtils.java:logGet(44)) - raft.datastream.type = DISABLED (default)
2021-08-02 05:52:25,417 [Listener at 127.0.0.1/35629] INFO  server.RaftServerConfigKeys (ConfUtils.java:logGet(44)) - raft.server.rpc.slowness.timeout = 300000ms (custom)
2021-08-02 05:52:25,417 [Listener at 127.0.0.1/35629] INFO  server.RaftServerConfigKeys (ConfUtils.java:logGet(44)) - raft.server.leaderelection.leader.step-down.wait-time = 10s (default)
2021-08-02 05:52:25,417 [Listener at 127.0.0.1/35629] INFO  server.RaftServerConfigKeys (ConfUtils.java:logGet(44)) - raft.server.storage.dir = [/home/runner/work/ozone/ozone/mnt/ozone/hadoop-ozone/integration-test/target/test-dir/MiniOzoneClusterImpl-4f335ae8-e577-43f0-9715-84c03d5ccb1a/datanode-8/data/ratis] (custom)
2021-08-02 05:52:25,420 [Listener at 127.0.0.1/35629] INFO  http.BaseHttpServer (BaseHttpServer.java:newHttpServer2BuilderForOzone(209)) - Starting Web-server for hddsDatanode at: http://0.0.0.0:0
2021-08-02 05:52:25,420 [Listener at 127.0.0.1/35629] INFO  http.BaseHttpServer (BaseHttpServer.java:<init>(107)) - Hadoop Security Enabled: false Ozone Security Enabled: false Ozone HTTP Security Enabled: false 
2021-08-02 05:52:25,421 [Listener at 127.0.0.1/35629] INFO  server.AuthenticationFilter (AuthenticationFilter.java:constructSecretProvider(240)) - Unable to initialize FileSignerSecretProvider, falling back to use random secrets.
2021-08-02 05:52:25,421 [Listener at 127.0.0.1/35629] WARN  http.HttpRequestLog (HttpRequestLog.java:getRequestLog(103)) - Jetty request log can only be enabled using Log4j
2021-08-02 05:52:25,422 [Listener at 127.0.0.1/35629] INFO  http.HttpServer2 (HttpServer2.java:addGlobalFilter(1020)) - Added global filter 'safety' (class=org.apache.hadoop.hdds.server.http.HttpServer2$QuotingInputFilter)
2021-08-02 05:52:25,423 [Listener at 127.0.0.1/35629] INFO  http.HttpServer2 (HttpServer2.java:addFilter(996)) - Added filter static_user_filter (class=org.apache.hadoop.http.lib.StaticUserWebFilter$StaticUserFilter) to context hddsDatanode
2021-08-02 05:52:25,423 [Listener at 127.0.0.1/35629] INFO  http.HttpServer2 (HttpServer2.java:addFilter(1004)) - Added filter static_user_filter (class=org.apache.hadoop.http.lib.StaticUserWebFilter$StaticUserFilter) to context logs
2021-08-02 05:52:25,423 [Listener at 127.0.0.1/35629] INFO  http.HttpServer2 (HttpServer2.java:addFilter(1004)) - Added filter static_user_filter (class=org.apache.hadoop.http.lib.StaticUserWebFilter$StaticUserFilter) to context static
2021-08-02 05:52:25,423 [Listener at 127.0.0.1/35629] INFO  http.HttpServer2 (HttpServer2.java:bindListener(1239)) - Jetty bound to port 46637
2021-08-02 05:52:25,423 [Listener at 127.0.0.1/35629] INFO  server.Server (Server.java:doStart(375)) - jetty-9.4.35.v20201120; built: 2020-11-20T21:17:03.964Z; git: bdc54f03a5e0a7e280fab27f55c3c75ee8da89fb; jvm 1.8.0_292-b10
2021-08-02 05:52:25,429 [Listener at 127.0.0.1/35629] INFO  server.session (DefaultSessionIdManager.java:doStart(334)) - DefaultSessionIdManager workerName=node0
2021-08-02 05:52:25,429 [Listener at 127.0.0.1/35629] INFO  server.session (DefaultSessionIdManager.java:doStart(339)) - No SessionScavenger set, using defaults
2021-08-02 05:52:25,429 [Listener at 127.0.0.1/35629] INFO  server.session (HouseKeeper.java:startScavenging(132)) - node0 Scavenging every 600000ms
2021-08-02 05:52:25,430 [Listener at 127.0.0.1/35629] INFO  handler.ContextHandler (ContextHandler.java:doStart(916)) - Started o.e.j.s.ServletContextHandler@15c76b50{logs,/logs,file:///home/runner/work/ozone/ozone/mnt/ozone/hadoop-ozone/integration-test/target/log,AVAILABLE}
2021-08-02 05:52:25,430 [Listener at 127.0.0.1/35629] INFO  handler.ContextHandler (ContextHandler.java:doStart(916)) - Started o.e.j.s.ServletContextHandler@3ff19826{static,/static,jar:file:/home/runner/.m2/repository/org/apache/ozone/hdds-container-service/1.2.0-SNAPSHOT/hdds-container-service-1.2.0-SNAPSHOT.jar!/webapps/static,AVAILABLE}
2021-08-02 05:52:25,468 [Listener at 127.0.0.1/35629] INFO  handler.ContextHandler (ContextHandler.java:doStart(916)) - Started o.e.j.w.WebAppContext@4ce8ca9f{hddsDatanode,/,file:///tmp/jetty-0_0_0_0-46637-hdds-container-service-1_2_0-SNAPSHOT_jar-_-any-5820552339836345168/webapp/,AVAILABLE}{jar:file:/home/runner/.m2/repository/org/apache/ozone/hdds-container-service/1.2.0-SNAPSHOT/hdds-container-service-1.2.0-SNAPSHOT.jar!/webapps/hddsDatanode}
2021-08-02 05:52:25,469 [Listener at 127.0.0.1/35629] INFO  server.AbstractConnector (AbstractConnector.java:doStart(331)) - Started ServerConnector@9bd2d60{HTTP/1.1, (http/1.1)}{0.0.0.0:46637}
2021-08-02 05:52:25,469 [Listener at 127.0.0.1/35629] INFO  server.Server (Server.java:doStart(415)) - Started @7372ms
2021-08-02 05:52:25,469 [Listener at 127.0.0.1/35629] WARN  impl.MetricsSystemImpl (MetricsSystemImpl.java:register(279)) - Sink prometheus already exists!
2021-08-02 05:52:25,470 [Listener at 127.0.0.1/35629] INFO  http.BaseHttpServer (BaseHttpServer.java:updateConnectorAddress(329)) - HTTP server of hddsDatanode listening at http://0.0.0.0:46637
2021-08-02 05:52:25,471 [Listener at 127.0.0.1/35629] INFO  ozone.MiniOzoneClusterImpl (MiniOzoneClusterImpl.java:lambda$waitForClusterToBeReady$0(235)) - Waiting for nodes to be ready. Got 0 of 9 DN Heartbeats.
2021-08-02 05:52:25,472 [Listener at 127.0.0.1/35629] INFO  ozone.MiniOzoneClusterImpl (MiniOzoneClusterImpl.java:lambda$waitForClusterToBeReady$0(238)) - Waiting for cluster to exit safe mode
2021-08-02 05:52:25,472 [Listener at 127.0.0.1/35629] INFO  ozone.MiniOzoneClusterImpl (MiniOzoneClusterImpl.java:lambda$waitForClusterToBeReady$0(240)) - SCM became leader
2021-08-02 05:52:25,477 [org.apache.hadoop.util.JvmPauseMonitor$Monitor@51c27a1b] INFO  util.JvmPauseMonitor (JvmPauseMonitor.java:run(188)) - Starting JVM pause monitor
2021-08-02 05:52:25,481 [Datanode State Machine Task Thread - 0] INFO  datanode.InitDatanodeState (InitDatanodeState.java:persistContainerDatanodeDetails(145)) - DatanodeDetails is persisted to /home/runner/work/ozone/ozone/mnt/ozone/hadoop-ozone/integration-test/target/test-dir/MiniOzoneClusterImpl-4f335ae8-e577-43f0-9715-84c03d5ccb1a/datanode-8/meta/datanode.id
2021-08-02 05:52:25,762 [EndpointStateMachine task thread for /0.0.0.0:40863 - 0 ] INFO  ozoneimpl.OzoneContainer (OzoneContainer.java:start(305)) - Attempting to start container services.
2021-08-02 05:52:25,763 [EndpointStateMachine task thread for /0.0.0.0:40863 - 0 ] INFO  ozoneimpl.OzoneContainer (OzoneContainer.java:startContainerScrub(250)) - Background container scanner has been disabled.
2021-08-02 05:52:25,765 [EndpointStateMachine task thread for /0.0.0.0:40863 - 0 ] INFO  replication.ReplicationServer (ReplicationServer.java:start(106)) - ReplicationServer is started using port 38687
2021-08-02 05:52:25,768 [EndpointStateMachine task thread for /0.0.0.0:40863 - 0 ] INFO  ratis.XceiverServerRatis (XceiverServerRatis.java:start(478)) - Starting XceiverServerRatis 752ad5df-a7ba-47cd-a255-c78e9754ce7f
2021-08-02 05:52:25,770 [EndpointStateMachine task thread for /0.0.0.0:40863 - 0 ] INFO  server.RaftServer (RaftServerProxy.java:lambda$start$5(374)) - 752ad5df-a7ba-47cd-a255-c78e9754ce7f: start RPC server
2021-08-02 05:52:25,778 [EndpointStateMachine task thread for /0.0.0.0:40863 - 0 ] INFO  server.GrpcService (GrpcService.java:startImpl(253)) - 752ad5df-a7ba-47cd-a255-c78e9754ce7f: GrpcService started, listening on 36497
2021-08-02 05:52:25,778 [EndpointStateMachine task thread for /0.0.0.0:40863 - 0 ] INFO  ratis.XceiverServerRatis (XceiverServerRatis.java:getRealPort(499)) - XceiverServerRatis 752ad5df-a7ba-47cd-a255-c78e9754ce7f is started using port 36497 for RATIS
2021-08-02 05:52:25,778 [EndpointStateMachine task thread for /0.0.0.0:40863 - 0 ] INFO  ratis.XceiverServerRatis (XceiverServerRatis.java:getRealPort(499)) - XceiverServerRatis 752ad5df-a7ba-47cd-a255-c78e9754ce7f is started using port 36497 for RATIS_ADMIN
2021-08-02 05:52:25,779 [EndpointStateMachine task thread for /0.0.0.0:40863 - 0 ] INFO  ratis.XceiverServerRatis (XceiverServerRatis.java:getRealPort(499)) - XceiverServerRatis 752ad5df-a7ba-47cd-a255-c78e9754ce7f is started using port 36497 for RATIS_SERVER
2021-08-02 05:52:25,787 [EndpointStateMachine task thread for /0.0.0.0:40863 - 0 ] INFO  server.XceiverServerGrpc (XceiverServerGrpc.java:start(135)) - XceiverServerGrpc 752ad5df-a7ba-47cd-a255-c78e9754ce7f is started using port 35347
2021-08-02 05:52:25,786 [org.apache.ratis.util.JvmPauseMonitor$$Lambda$526/571419931@1cf63d2c] INFO  util.JvmPauseMonitor (JvmPauseMonitor.java:run(103)) - JvmPauseMonitor-752ad5df-a7ba-47cd-a255-c78e9754ce7f: Started
2021-08-02 05:52:25,959 [EndpointStateMachine task thread for /0.0.0.0:40863 - 0 ] INFO  ozoneimpl.OzoneContainer (OzoneContainer.java:start(305)) - Attempting to start container services.
2021-08-02 05:52:25,959 [EndpointStateMachine task thread for /0.0.0.0:40863 - 0 ] INFO  ozoneimpl.OzoneContainer (OzoneContainer.java:startContainerScrub(250)) - Background container scanner has been disabled.
2021-08-02 05:52:25,960 [EndpointStateMachine task thread for /0.0.0.0:40863 - 0 ] INFO  replication.ReplicationServer (ReplicationServer.java:start(106)) - ReplicationServer is started using port 41083
2021-08-02 05:52:25,961 [EndpointStateMachine task thread for /0.0.0.0:40863 - 0 ] INFO  ratis.XceiverServerRatis (XceiverServerRatis.java:start(478)) - Starting XceiverServerRatis 7c89729d-205d-42d4-b264-d61f860a411d
2021-08-02 05:52:25,962 [EndpointStateMachine task thread for /0.0.0.0:40863 - 0 ] INFO  server.RaftServer (RaftServerProxy.java:lambda$start$5(374)) - 7c89729d-205d-42d4-b264-d61f860a411d: start RPC server
2021-08-02 05:52:25,964 [EndpointStateMachine task thread for /0.0.0.0:40863 - 0 ] INFO  server.GrpcService (GrpcService.java:startImpl(253)) - 7c89729d-205d-42d4-b264-d61f860a411d: GrpcService started, listening on 45115
2021-08-02 05:52:25,964 [EndpointStateMachine task thread for /0.0.0.0:40863 - 0 ] INFO  ratis.XceiverServerRatis (XceiverServerRatis.java:getRealPort(499)) - XceiverServerRatis 7c89729d-205d-42d4-b264-d61f860a411d is started using port 45115 for RATIS
2021-08-02 05:52:25,964 [EndpointStateMachine task thread for /0.0.0.0:40863 - 0 ] INFO  ratis.XceiverServerRatis (XceiverServerRatis.java:getRealPort(499)) - XceiverServerRatis 7c89729d-205d-42d4-b264-d61f860a411d is started using port 45115 for RATIS_ADMIN
2021-08-02 05:52:25,964 [org.apache.ratis.util.JvmPauseMonitor$$Lambda$526/571419931@421c4538] INFO  util.JvmPauseMonitor (JvmPauseMonitor.java:run(103)) - JvmPauseMonitor-7c89729d-205d-42d4-b264-d61f860a411d: Started
2021-08-02 05:52:25,964 [EndpointStateMachine task thread for /0.0.0.0:40863 - 0 ] INFO  ratis.XceiverServerRatis (XceiverServerRatis.java:getRealPort(499)) - XceiverServerRatis 7c89729d-205d-42d4-b264-d61f860a411d is started using port 45115 for RATIS_SERVER
2021-08-02 05:52:25,965 [EndpointStateMachine task thread for /0.0.0.0:40863 - 0 ] INFO  server.XceiverServerGrpc (XceiverServerGrpc.java:start(135)) - XceiverServerGrpc 7c89729d-205d-42d4-b264-d61f860a411d is started using port 38999
2021-08-02 05:52:26,154 [EndpointStateMachine task thread for /0.0.0.0:40863 - 0 ] INFO  ozoneimpl.OzoneContainer (OzoneContainer.java:start(305)) - Attempting to start container services.
2021-08-02 05:52:26,154 [EndpointStateMachine task thread for /0.0.0.0:40863 - 0 ] INFO  ozoneimpl.OzoneContainer (OzoneContainer.java:startContainerScrub(250)) - Background container scanner has been disabled.
2021-08-02 05:52:26,157 [EndpointStateMachine task thread for /0.0.0.0:40863 - 0 ] INFO  replication.ReplicationServer (ReplicationServer.java:start(106)) - ReplicationServer is started using port 44319
2021-08-02 05:52:26,157 [EndpointStateMachine task thread for /0.0.0.0:40863 - 0 ] INFO  ratis.XceiverServerRatis (XceiverServerRatis.java:start(478)) - Starting XceiverServerRatis d23be368-b70e-4d1a-afe3-0bdcf6fd1c46
2021-08-02 05:52:26,158 [EndpointStateMachine task thread for /0.0.0.0:40863 - 0 ] INFO  server.RaftServer (RaftServerProxy.java:lambda$start$5(374)) - d23be368-b70e-4d1a-afe3-0bdcf6fd1c46: start RPC server
2021-08-02 05:52:26,163 [EndpointStateMachine task thread for /0.0.0.0:40863 - 0 ] INFO  server.GrpcService (GrpcService.java:startImpl(253)) - d23be368-b70e-4d1a-afe3-0bdcf6fd1c46: GrpcService started, listening on 37789
2021-08-02 05:52:26,164 [EndpointStateMachine task thread for /0.0.0.0:40863 - 0 ] INFO  ratis.XceiverServerRatis (XceiverServerRatis.java:getRealPort(499)) - XceiverServerRatis d23be368-b70e-4d1a-afe3-0bdcf6fd1c46 is started using port 37789 for RATIS
2021-08-02 05:52:26,164 [EndpointStateMachine task thread for /0.0.0.0:40863 - 0 ] INFO  ratis.XceiverServerRatis (XceiverServerRatis.java:getRealPort(499)) - XceiverServerRatis d23be368-b70e-4d1a-afe3-0bdcf6fd1c46 is started using port 37789 for RATIS_ADMIN
2021-08-02 05:52:26,164 [EndpointStateMachine task thread for /0.0.0.0:40863 - 0 ] INFO  ratis.XceiverServerRatis (XceiverServerRatis.java:getRealPort(499)) - XceiverServerRatis d23be368-b70e-4d1a-afe3-0bdcf6fd1c46 is started using port 37789 for RATIS_SERVER
2021-08-02 05:52:26,168 [org.apache.ratis.util.JvmPauseMonitor$$Lambda$526/571419931@246ef273] INFO  util.JvmPauseMonitor (JvmPauseMonitor.java:run(103)) - JvmPauseMonitor-d23be368-b70e-4d1a-afe3-0bdcf6fd1c46: Started
2021-08-02 05:52:26,168 [EndpointStateMachine task thread for /0.0.0.0:40863 - 0 ] INFO  server.XceiverServerGrpc (XceiverServerGrpc.java:start(135)) - XceiverServerGrpc d23be368-b70e-4d1a-afe3-0bdcf6fd1c46 is started using port 36523
2021-08-02 05:52:26,472 [Listener at 127.0.0.1/35629] INFO  ozone.MiniOzoneClusterImpl (MiniOzoneClusterImpl.java:lambda$waitForClusterToBeReady$0(235)) - Waiting for nodes to be ready. Got 0 of 9 DN Heartbeats.
2021-08-02 05:52:26,472 [Listener at 127.0.0.1/35629] INFO  ozone.MiniOzoneClusterImpl (MiniOzoneClusterImpl.java:lambda$waitForClusterToBeReady$0(238)) - Waiting for cluster to exit safe mode
2021-08-02 05:52:26,472 [Listener at 127.0.0.1/35629] INFO  ozone.MiniOzoneClusterImpl (MiniOzoneClusterImpl.java:lambda$waitForClusterToBeReady$0(240)) - SCM became leader
2021-08-02 05:52:26,607 [EndpointStateMachine task thread for /0.0.0.0:40863 - 0 ] INFO  ozoneimpl.OzoneContainer (OzoneContainer.java:start(305)) - Attempting to start container services.
2021-08-02 05:52:26,607 [EndpointStateMachine task thread for /0.0.0.0:40863 - 0 ] INFO  ozoneimpl.OzoneContainer (OzoneContainer.java:startContainerScrub(250)) - Background container scanner has been disabled.
2021-08-02 05:52:26,609 [EndpointStateMachine task thread for /0.0.0.0:40863 - 0 ] INFO  replication.ReplicationServer (ReplicationServer.java:start(106)) - ReplicationServer is started using port 40025
2021-08-02 05:52:26,610 [EndpointStateMachine task thread for /0.0.0.0:40863 - 0 ] INFO  ratis.XceiverServerRatis (XceiverServerRatis.java:start(478)) - Starting XceiverServerRatis 38187496-3904-43e8-b49b-0f08099c5d11
2021-08-02 05:52:26,611 [EndpointStateMachine task thread for /0.0.0.0:40863 - 0 ] INFO  server.RaftServer (RaftServerProxy.java:lambda$start$5(374)) - 38187496-3904-43e8-b49b-0f08099c5d11: start RPC server
2021-08-02 05:52:26,612 [EndpointStateMachine task thread for /0.0.0.0:40863 - 0 ] INFO  server.GrpcService (GrpcService.java:startImpl(253)) - 38187496-3904-43e8-b49b-0f08099c5d11: GrpcService started, listening on 42039
2021-08-02 05:52:26,613 [EndpointStateMachine task thread for /0.0.0.0:40863 - 0 ] INFO  ratis.XceiverServerRatis (XceiverServerRatis.java:getRealPort(499)) - XceiverServerRatis 38187496-3904-43e8-b49b-0f08099c5d11 is started using port 42039 for RATIS
2021-08-02 05:52:26,613 [org.apache.ratis.util.JvmPauseMonitor$$Lambda$526/571419931@123fa463] INFO  util.JvmPauseMonitor (JvmPauseMonitor.java:run(103)) - JvmPauseMonitor-38187496-3904-43e8-b49b-0f08099c5d11: Started
2021-08-02 05:52:26,613 [EndpointStateMachine task thread for /0.0.0.0:40863 - 0 ] INFO  ratis.XceiverServerRatis (XceiverServerRatis.java:getRealPort(499)) - XceiverServerRatis 38187496-3904-43e8-b49b-0f08099c5d11 is started using port 42039 for RATIS_ADMIN
2021-08-02 05:52:26,613 [EndpointStateMachine task thread for /0.0.0.0:40863 - 0 ] INFO  ratis.XceiverServerRatis (XceiverServerRatis.java:getRealPort(499)) - XceiverServerRatis 38187496-3904-43e8-b49b-0f08099c5d11 is started using port 42039 for RATIS_SERVER
2021-08-02 05:52:26,614 [EndpointStateMachine task thread for /0.0.0.0:40863 - 0 ] INFO  server.XceiverServerGrpc (XceiverServerGrpc.java:start(135)) - XceiverServerGrpc 38187496-3904-43e8-b49b-0f08099c5d11 is started using port 43281
2021-08-02 05:52:26,815 [EndpointStateMachine task thread for /0.0.0.0:40863 - 0 ] INFO  ozoneimpl.OzoneContainer (OzoneContainer.java:start(305)) - Attempting to start container services.
2021-08-02 05:52:26,816 [EndpointStateMachine task thread for /0.0.0.0:40863 - 0 ] INFO  ozoneimpl.OzoneContainer (OzoneContainer.java:startContainerScrub(250)) - Background container scanner has been disabled.
2021-08-02 05:52:26,818 [EndpointStateMachine task thread for /0.0.0.0:40863 - 0 ] INFO  replication.ReplicationServer (ReplicationServer.java:start(106)) - ReplicationServer is started using port 45573
2021-08-02 05:52:26,818 [EndpointStateMachine task thread for /0.0.0.0:40863 - 0 ] INFO  ratis.XceiverServerRatis (XceiverServerRatis.java:start(478)) - Starting XceiverServerRatis 013291a6-5e4a-44b3-a8d9-818cf48fb66e
2021-08-02 05:52:26,819 [EndpointStateMachine task thread for /0.0.0.0:40863 - 0 ] INFO  server.RaftServer (RaftServerProxy.java:lambda$start$5(374)) - 013291a6-5e4a-44b3-a8d9-818cf48fb66e: start RPC server
2021-08-02 05:52:26,820 [EndpointStateMachine task thread for /0.0.0.0:40863 - 0 ] INFO  server.GrpcService (GrpcService.java:startImpl(253)) - 013291a6-5e4a-44b3-a8d9-818cf48fb66e: GrpcService started, listening on 46845
2021-08-02 05:52:26,820 [EndpointStateMachine task thread for /0.0.0.0:40863 - 0 ] INFO  ratis.XceiverServerRatis (XceiverServerRatis.java:getRealPort(499)) - XceiverServerRatis 013291a6-5e4a-44b3-a8d9-818cf48fb66e is started using port 46845 for RATIS
2021-08-02 05:52:26,820 [EndpointStateMachine task thread for /0.0.0.0:40863 - 0 ] INFO  ratis.XceiverServerRatis (XceiverServerRatis.java:getRealPort(499)) - XceiverServerRatis 013291a6-5e4a-44b3-a8d9-818cf48fb66e is started using port 46845 for RATIS_ADMIN
2021-08-02 05:52:26,820 [org.apache.ratis.util.JvmPauseMonitor$$Lambda$526/571419931@78c4f618] INFO  util.JvmPauseMonitor (JvmPauseMonitor.java:run(103)) - JvmPauseMonitor-013291a6-5e4a-44b3-a8d9-818cf48fb66e: Started
2021-08-02 05:52:26,820 [EndpointStateMachine task thread for /0.0.0.0:40863 - 0 ] INFO  ratis.XceiverServerRatis (XceiverServerRatis.java:getRealPort(499)) - XceiverServerRatis 013291a6-5e4a-44b3-a8d9-818cf48fb66e is started using port 46845 for RATIS_SERVER
2021-08-02 05:52:26,822 [EndpointStateMachine task thread for /0.0.0.0:40863 - 0 ] INFO  server.XceiverServerGrpc (XceiverServerGrpc.java:start(135)) - XceiverServerGrpc 013291a6-5e4a-44b3-a8d9-818cf48fb66e is started using port 42307
2021-08-02 05:52:26,984 [EndpointStateMachine task thread for /0.0.0.0:40863 - 0 ] INFO  ozoneimpl.OzoneContainer (OzoneContainer.java:start(305)) - Attempting to start container services.
2021-08-02 05:52:26,985 [EndpointStateMachine task thread for /0.0.0.0:40863 - 0 ] INFO  ozoneimpl.OzoneContainer (OzoneContainer.java:startContainerScrub(250)) - Background container scanner has been disabled.
2021-08-02 05:52:26,986 [EndpointStateMachine task thread for /0.0.0.0:40863 - 0 ] INFO  replication.ReplicationServer (ReplicationServer.java:start(106)) - ReplicationServer is started using port 45841
2021-08-02 05:52:26,987 [EndpointStateMachine task thread for /0.0.0.0:40863 - 0 ] INFO  ratis.XceiverServerRatis (XceiverServerRatis.java:start(478)) - Starting XceiverServerRatis fcafdf01-72b7-43de-af91-2233768a6b5f
2021-08-02 05:52:26,987 [EndpointStateMachine task thread for /0.0.0.0:40863 - 0 ] INFO  server.RaftServer (RaftServerProxy.java:lambda$start$5(374)) - fcafdf01-72b7-43de-af91-2233768a6b5f: start RPC server
2021-08-02 05:52:26,988 [EndpointStateMachine task thread for /0.0.0.0:40863 - 0 ] INFO  server.GrpcService (GrpcService.java:startImpl(253)) - fcafdf01-72b7-43de-af91-2233768a6b5f: GrpcService started, listening on 37819
2021-08-02 05:52:26,989 [EndpointStateMachine task thread for /0.0.0.0:40863 - 0 ] INFO  ratis.XceiverServerRatis (XceiverServerRatis.java:getRealPort(499)) - XceiverServerRatis fcafdf01-72b7-43de-af91-2233768a6b5f is started using port 37819 for RATIS
2021-08-02 05:52:26,989 [EndpointStateMachine task thread for /0.0.0.0:40863 - 0 ] INFO  ratis.XceiverServerRatis (XceiverServerRatis.java:getRealPort(499)) - XceiverServerRatis fcafdf01-72b7-43de-af91-2233768a6b5f is started using port 37819 for RATIS_ADMIN
2021-08-02 05:52:26,989 [org.apache.ratis.util.JvmPauseMonitor$$Lambda$526/571419931@3ce31619] INFO  util.JvmPauseMonitor (JvmPauseMonitor.java:run(103)) - JvmPauseMonitor-fcafdf01-72b7-43de-af91-2233768a6b5f: Started
2021-08-02 05:52:26,989 [EndpointStateMachine task thread for /0.0.0.0:40863 - 0 ] INFO  ratis.XceiverServerRatis (XceiverServerRatis.java:getRealPort(499)) - XceiverServerRatis fcafdf01-72b7-43de-af91-2233768a6b5f is started using port 37819 for RATIS_SERVER
2021-08-02 05:52:26,990 [EndpointStateMachine task thread for /0.0.0.0:40863 - 0 ] INFO  server.XceiverServerGrpc (XceiverServerGrpc.java:start(135)) - XceiverServerGrpc fcafdf01-72b7-43de-af91-2233768a6b5f is started using port 39001
2021-08-02 05:52:27,176 [EndpointStateMachine task thread for /0.0.0.0:40863 - 0 ] INFO  ozoneimpl.OzoneContainer (OzoneContainer.java:start(305)) - Attempting to start container services.
2021-08-02 05:52:27,176 [EndpointStateMachine task thread for /0.0.0.0:40863 - 0 ] INFO  ozoneimpl.OzoneContainer (OzoneContainer.java:startContainerScrub(250)) - Background container scanner has been disabled.
2021-08-02 05:52:27,179 [EndpointStateMachine task thread for /0.0.0.0:40863 - 0 ] INFO  replication.ReplicationServer (ReplicationServer.java:start(106)) - ReplicationServer is started using port 36345
2021-08-02 05:52:27,179 [EndpointStateMachine task thread for /0.0.0.0:40863 - 0 ] INFO  ratis.XceiverServerRatis (XceiverServerRatis.java:start(478)) - Starting XceiverServerRatis aac07b4a-b510-4ee2-b953-6b798ab874ed
2021-08-02 05:52:27,180 [EndpointStateMachine task thread for /0.0.0.0:40863 - 0 ] INFO  server.RaftServer (RaftServerProxy.java:lambda$start$5(374)) - aac07b4a-b510-4ee2-b953-6b798ab874ed: start RPC server
2021-08-02 05:52:27,181 [EndpointStateMachine task thread for /0.0.0.0:40863 - 0 ] INFO  server.GrpcService (GrpcService.java:startImpl(253)) - aac07b4a-b510-4ee2-b953-6b798ab874ed: GrpcService started, listening on 43755
2021-08-02 05:52:27,182 [EndpointStateMachine task thread for /0.0.0.0:40863 - 0 ] INFO  ratis.XceiverServerRatis (XceiverServerRatis.java:getRealPort(499)) - XceiverServerRatis aac07b4a-b510-4ee2-b953-6b798ab874ed is started using port 43755 for RATIS
2021-08-02 05:52:27,182 [org.apache.ratis.util.JvmPauseMonitor$$Lambda$526/571419931@645df816] INFO  util.JvmPauseMonitor (JvmPauseMonitor.java:run(103)) - JvmPauseMonitor-aac07b4a-b510-4ee2-b953-6b798ab874ed: Started
2021-08-02 05:52:27,182 [EndpointStateMachine task thread for /0.0.0.0:40863 - 0 ] INFO  ratis.XceiverServerRatis (XceiverServerRatis.java:getRealPort(499)) - XceiverServerRatis aac07b4a-b510-4ee2-b953-6b798ab874ed is started using port 43755 for RATIS_ADMIN
2021-08-02 05:52:27,182 [EndpointStateMachine task thread for /0.0.0.0:40863 - 0 ] INFO  ratis.XceiverServerRatis (XceiverServerRatis.java:getRealPort(499)) - XceiverServerRatis aac07b4a-b510-4ee2-b953-6b798ab874ed is started using port 43755 for RATIS_SERVER
2021-08-02 05:52:27,185 [EndpointStateMachine task thread for /0.0.0.0:40863 - 0 ] INFO  server.XceiverServerGrpc (XceiverServerGrpc.java:start(135)) - XceiverServerGrpc aac07b4a-b510-4ee2-b953-6b798ab874ed is started using port 36145
2021-08-02 05:52:27,332 [EndpointStateMachine task thread for /0.0.0.0:40863 - 0 ] INFO  ozoneimpl.OzoneContainer (OzoneContainer.java:start(305)) - Attempting to start container services.
2021-08-02 05:52:27,332 [EndpointStateMachine task thread for /0.0.0.0:40863 - 0 ] INFO  ozoneimpl.OzoneContainer (OzoneContainer.java:startContainerScrub(250)) - Background container scanner has been disabled.
2021-08-02 05:52:27,334 [EndpointStateMachine task thread for /0.0.0.0:40863 - 0 ] INFO  replication.ReplicationServer (ReplicationServer.java:start(106)) - ReplicationServer is started using port 40613
2021-08-02 05:52:27,334 [EndpointStateMachine task thread for /0.0.0.0:40863 - 0 ] INFO  ratis.XceiverServerRatis (XceiverServerRatis.java:start(478)) - Starting XceiverServerRatis 1036d1ad-a7a2-43d7-9de2-11c3d66cdde8
2021-08-02 05:52:27,335 [EndpointStateMachine task thread for /0.0.0.0:40863 - 0 ] INFO  server.RaftServer (RaftServerProxy.java:lambda$start$5(374)) - 1036d1ad-a7a2-43d7-9de2-11c3d66cdde8: start RPC server
2021-08-02 05:52:27,336 [EndpointStateMachine task thread for /0.0.0.0:40863 - 0 ] INFO  server.GrpcService (GrpcService.java:startImpl(253)) - 1036d1ad-a7a2-43d7-9de2-11c3d66cdde8: GrpcService started, listening on 39139
2021-08-02 05:52:27,337 [EndpointStateMachine task thread for /0.0.0.0:40863 - 0 ] INFO  ratis.XceiverServerRatis (XceiverServerRatis.java:getRealPort(499)) - XceiverServerRatis 1036d1ad-a7a2-43d7-9de2-11c3d66cdde8 is started using port 39139 for RATIS
2021-08-02 05:52:27,337 [EndpointStateMachine task thread for /0.0.0.0:40863 - 0 ] INFO  ratis.XceiverServerRatis (XceiverServerRatis.java:getRealPort(499)) - XceiverServerRatis 1036d1ad-a7a2-43d7-9de2-11c3d66cdde8 is started using port 39139 for RATIS_ADMIN
2021-08-02 05:52:27,337 [org.apache.ratis.util.JvmPauseMonitor$$Lambda$526/571419931@1a87d4b] INFO  util.JvmPauseMonitor (JvmPauseMonitor.java:run(103)) - JvmPauseMonitor-1036d1ad-a7a2-43d7-9de2-11c3d66cdde8: Started
2021-08-02 05:52:27,337 [EndpointStateMachine task thread for /0.0.0.0:40863 - 0 ] INFO  ratis.XceiverServerRatis (XceiverServerRatis.java:getRealPort(499)) - XceiverServerRatis 1036d1ad-a7a2-43d7-9de2-11c3d66cdde8 is started using port 39139 for RATIS_SERVER
2021-08-02 05:52:27,338 [EndpointStateMachine task thread for /0.0.0.0:40863 - 0 ] INFO  server.XceiverServerGrpc (XceiverServerGrpc.java:start(135)) - XceiverServerGrpc 1036d1ad-a7a2-43d7-9de2-11c3d66cdde8 is started using port 33267
2021-08-02 05:52:27,472 [Listener at 127.0.0.1/35629] INFO  ozone.MiniOzoneClusterImpl (MiniOzoneClusterImpl.java:lambda$waitForClusterToBeReady$0(235)) - Waiting for nodes to be ready. Got 0 of 9 DN Heartbeats.
2021-08-02 05:52:27,473 [Listener at 127.0.0.1/35629] INFO  ozone.MiniOzoneClusterImpl (MiniOzoneClusterImpl.java:lambda$waitForClusterToBeReady$0(238)) - Waiting for cluster to exit safe mode
2021-08-02 05:52:27,473 [Listener at 127.0.0.1/35629] INFO  ozone.MiniOzoneClusterImpl (MiniOzoneClusterImpl.java:lambda$waitForClusterToBeReady$0(240)) - SCM became leader
2021-08-02 05:52:27,483 [EndpointStateMachine task thread for /0.0.0.0:40863 - 0 ] INFO  ozoneimpl.OzoneContainer (OzoneContainer.java:start(305)) - Attempting to start container services.
2021-08-02 05:52:27,484 [EndpointStateMachine task thread for /0.0.0.0:40863 - 0 ] INFO  ozoneimpl.OzoneContainer (OzoneContainer.java:startContainerScrub(250)) - Background container scanner has been disabled.
2021-08-02 05:52:27,485 [EndpointStateMachine task thread for /0.0.0.0:40863 - 0 ] INFO  replication.ReplicationServer (ReplicationServer.java:start(106)) - ReplicationServer is started using port 36763
2021-08-02 05:52:27,485 [EndpointStateMachine task thread for /0.0.0.0:40863 - 0 ] INFO  ratis.XceiverServerRatis (XceiverServerRatis.java:start(478)) - Starting XceiverServerRatis c97b6c06-cd07-4cdb-ae41-9a711d8ab883
2021-08-02 05:52:27,487 [EndpointStateMachine task thread for /0.0.0.0:40863 - 0 ] INFO  server.RaftServer (RaftServerProxy.java:lambda$start$5(374)) - c97b6c06-cd07-4cdb-ae41-9a711d8ab883: start RPC server
2021-08-02 05:52:27,488 [EndpointStateMachine task thread for /0.0.0.0:40863 - 0 ] INFO  server.GrpcService (GrpcService.java:startImpl(253)) - c97b6c06-cd07-4cdb-ae41-9a711d8ab883: GrpcService started, listening on 40085
2021-08-02 05:52:27,489 [EndpointStateMachine task thread for /0.0.0.0:40863 - 0 ] INFO  ratis.XceiverServerRatis (XceiverServerRatis.java:getRealPort(499)) - XceiverServerRatis c97b6c06-cd07-4cdb-ae41-9a711d8ab883 is started using port 40085 for RATIS
2021-08-02 05:52:27,489 [org.apache.ratis.util.JvmPauseMonitor$$Lambda$526/571419931@7e554177] INFO  util.JvmPauseMonitor (JvmPauseMonitor.java:run(103)) - JvmPauseMonitor-c97b6c06-cd07-4cdb-ae41-9a711d8ab883: Started
2021-08-02 05:52:27,489 [EndpointStateMachine task thread for /0.0.0.0:40863 - 0 ] INFO  ratis.XceiverServerRatis (XceiverServerRatis.java:getRealPort(499)) - XceiverServerRatis c97b6c06-cd07-4cdb-ae41-9a711d8ab883 is started using port 40085 for RATIS_ADMIN
2021-08-02 05:52:27,489 [EndpointStateMachine task thread for /0.0.0.0:40863 - 0 ] INFO  ratis.XceiverServerRatis (XceiverServerRatis.java:getRealPort(499)) - XceiverServerRatis c97b6c06-cd07-4cdb-ae41-9a711d8ab883 is started using port 40085 for RATIS_SERVER
2021-08-02 05:52:27,490 [EndpointStateMachine task thread for /0.0.0.0:40863 - 0 ] INFO  server.XceiverServerGrpc (XceiverServerGrpc.java:start(135)) - XceiverServerGrpc c97b6c06-cd07-4cdb-ae41-9a711d8ab883 is started using port 41103
2021-08-02 05:52:27,736 [IPC Server handler 1 on default port 40863] INFO  net.NetworkTopologyImpl (NetworkTopologyImpl.java:add(112)) - Added a new node: /default-rack/752ad5df-a7ba-47cd-a255-c78e9754ce7f
2021-08-02 05:52:27,738 [IPC Server handler 1 on default port 40863] INFO  node.SCMNodeManager (SCMNodeManager.java:register(386)) - Registered Data node : 752ad5df-a7ba-47cd-a255-c78e9754ce7f{ip: 10.1.0.32, host: fv-az12-406.exdb2aeach2ezidoxz41lk3bwg.cx.internal.cloudapp.net, ports: [REPLICATION=38687, RATIS=36497, RATIS_ADMIN=36497, RATIS_SERVER=36497, STANDALONE=35347], networkLocation: /default-rack, certSerialId: null, persistedOpState: null, persistedOpStateExpiryEpochSec: 0}
2021-08-02 05:52:27,741 [EventQueue-NewNodeForNewNodeHandler] INFO  pipeline.BackgroundPipelineCreator (BackgroundPipelineCreatorV2.java:notifyEventTriggered(285)) - trigger a one-shot run on RatisPipelineUtilsThread.
2021-08-02 05:52:27,750 [RatisPipelineUtilsThread - 0] INFO  pipeline.RatisPipelineProvider (RatisPipelineProvider.java:lambda$create$0(183)) - Sending CreatePipelineCommand for pipeline:PipelineID=25743c8d-7fce-4dd4-9c08-ccb4b94bc867 to datanode:752ad5df-a7ba-47cd-a255-c78e9754ce7f
2021-08-02 05:52:27,750 [EventQueue-NodeRegistrationContainerReportForContainerSafeModeRule] INFO  safemode.SCMSafeModeManager (SCMSafeModeManager.java:validateSafeModeExitRules(204)) - ContainerSafeModeRule rule is successfully validated
2021-08-02 05:52:27,751 [EventQueue-NodeRegistrationContainerReportForDataNodeSafeModeRule] INFO  safemode.SCMSafeModeManager (DataNodeSafeModeRule.java:process(71)) - SCM in safe mode. 1 DataNodes registered, 3 required.
2021-08-02 05:52:27,751 [EventQueue-PipelineReportForOneReplicaPipelineSafeModeRule] INFO  safemode.SCMSafeModeManager (SCMSafeModeManager.java:validateSafeModeExitRules(204)) - AtleastOneDatanodeReportedRule rule is successfully validated
2021-08-02 05:52:27,779 [RatisPipelineUtilsThread - 0] INFO  pipeline.PipelineStateManager (PipelineStateManagerV2Impl.java:addPipeline(101)) - Created pipeline Pipeline[ Id: 25743c8d-7fce-4dd4-9c08-ccb4b94bc867, Nodes: 752ad5df-a7ba-47cd-a255-c78e9754ce7f{ip: 10.1.0.32, host: fv-az12-406.exdb2aeach2ezidoxz41lk3bwg.cx.internal.cloudapp.net, ports: [REPLICATION=38687, RATIS=36497, RATIS_ADMIN=36497, RATIS_SERVER=36497, STANDALONE=35347], networkLocation: /default-rack, certSerialId: null, persistedOpState: IN_SERVICE, persistedOpStateExpiryEpochSec: 0}, ReplicationConfig: RATIS/ONE, State:ALLOCATED, leaderId:, CreationTimestamp2021-08-02T05:52:27.747Z[Etc/UTC]].
2021-08-02 05:52:27,957 [IPC Server handler 2 on default port 40863] INFO  net.NetworkTopologyImpl (NetworkTopologyImpl.java:add(112)) - Added a new node: /default-rack/7c89729d-205d-42d4-b264-d61f860a411d
2021-08-02 05:52:27,957 [IPC Server handler 2 on default port 40863] INFO  node.SCMNodeManager (SCMNodeManager.java:register(386)) - Registered Data node : 7c89729d-205d-42d4-b264-d61f860a411d{ip: 10.1.0.32, host: fv-az12-406.exdb2aeach2ezidoxz41lk3bwg.cx.internal.cloudapp.net, ports: [REPLICATION=41083, RATIS=45115, RATIS_ADMIN=45115, RATIS_SERVER=45115, STANDALONE=38999], networkLocation: /default-rack, certSerialId: null, persistedOpState: null, persistedOpStateExpiryEpochSec: 0}
2021-08-02 05:52:27,958 [EventQueue-NewNodeForNewNodeHandler] INFO  pipeline.BackgroundPipelineCreator (BackgroundPipelineCreatorV2.java:notifyEventTriggered(285)) - trigger a one-shot run on RatisPipelineUtilsThread.
2021-08-02 05:52:27,959 [EventQueue-NodeRegistrationContainerReportForDataNodeSafeModeRule] INFO  safemode.SCMSafeModeManager (DataNodeSafeModeRule.java:process(71)) - SCM in safe mode. 2 DataNodes registered, 3 required.
2021-08-02 05:52:27,971 [RatisPipelineUtilsThread - 0] INFO  pipeline.RatisPipelineProvider (RatisPipelineProvider.java:lambda$create$0(183)) - Sending CreatePipelineCommand for pipeline:PipelineID=4472f2bd-9b5d-4636-a791-8f3bc002433d to datanode:7c89729d-205d-42d4-b264-d61f860a411d
2021-08-02 05:52:27,971 [RatisPipelineUtilsThread - 0] INFO  pipeline.PipelineStateManager (PipelineStateManagerV2Impl.java:addPipeline(101)) - Created pipeline Pipeline[ Id: 4472f2bd-9b5d-4636-a791-8f3bc002433d, Nodes: 7c89729d-205d-42d4-b264-d61f860a411d{ip: 10.1.0.32, host: fv-az12-406.exdb2aeach2ezidoxz41lk3bwg.cx.internal.cloudapp.net, ports: [REPLICATION=41083, RATIS=45115, RATIS_ADMIN=45115, RATIS_SERVER=45115, STANDALONE=38999], networkLocation: /default-rack, certSerialId: null, persistedOpState: IN_SERVICE, persistedOpStateExpiryEpochSec: 0}, ReplicationConfig: RATIS/ONE, State:ALLOCATED, leaderId:, CreationTimestamp2021-08-02T05:52:27.971Z[Etc/UTC]].
2021-08-02 05:52:28,152 [IPC Server handler 3 on default port 40863] INFO  net.NetworkTopologyImpl (NetworkTopologyImpl.java:add(112)) - Added a new node: /default-rack/d23be368-b70e-4d1a-afe3-0bdcf6fd1c46
2021-08-02 05:52:28,153 [IPC Server handler 3 on default port 40863] INFO  node.SCMNodeManager (SCMNodeManager.java:register(386)) - Registered Data node : d23be368-b70e-4d1a-afe3-0bdcf6fd1c46{ip: 10.1.0.32, host: fv-az12-406.exdb2aeach2ezidoxz41lk3bwg.cx.internal.cloudapp.net, ports: [REPLICATION=44319, RATIS=37789, RATIS_ADMIN=37789, RATIS_SERVER=37789, STANDALONE=36523], networkLocation: /default-rack, certSerialId: null, persistedOpState: null, persistedOpStateExpiryEpochSec: 0}
2021-08-02 05:52:28,153 [EventQueue-NewNodeForNewNodeHandler] INFO  pipeline.BackgroundPipelineCreator (BackgroundPipelineCreatorV2.java:notifyEventTriggered(285)) - trigger a one-shot run on RatisPipelineUtilsThread.
2021-08-02 05:52:28,154 [EventQueue-NodeRegistrationContainerReportForDataNodeSafeModeRule] INFO  safemode.SCMSafeModeManager (DataNodeSafeModeRule.java:process(71)) - SCM in safe mode. 3 DataNodes registered, 3 required.
2021-08-02 05:52:28,154 [EventQueue-NodeRegistrationContainerReportForDataNodeSafeModeRule] INFO  safemode.SCMSafeModeManager (SCMSafeModeManager.java:validateSafeModeExitRules(204)) - DataNodeSafeModeRule rule is successfully validated
2021-08-02 05:52:28,154 [EventQueue-NodeRegistrationContainerReportForDataNodeSafeModeRule] INFO  safemode.SCMSafeModeManager (SCMSafeModeManager.java:completePreCheck(233)) - All SCM safe mode pre check rules have passed
2021-08-02 05:52:28,154 [EventQueue-NodeRegistrationContainerReportForDataNodeSafeModeRule] WARN  events.EventQueue (EventQueue.java:fireEvent(194)) - No event handler registered for event TypedEvent{payloadType=SafeModeStatus, name='Safe mode status'}
2021-08-02 05:52:28,154 [EventQueue-NodeRegistrationContainerReportForDataNodeSafeModeRule] INFO  ha.SCMContext (SCMContext.java:updateSafeModeStatus(205)) - Update SafeModeStatus from SafeModeStatus{safeModeStatus=true, preCheckPassed=false} to SafeModeStatus{safeModeStatus=true, preCheckPassed=true}.
2021-08-02 05:52:28,154 [EventQueue-NodeRegistrationContainerReportForDataNodeSafeModeRule] INFO  pipeline.BackgroundPipelineCreator (BackgroundPipelineCreatorV2.java:notifyEventTriggered(285)) - trigger a one-shot run on RatisPipelineUtilsThread.
2021-08-02 05:52:28,154 [RatisPipelineUtilsThread - 0] INFO  pipeline.RatisPipelineProvider (RatisPipelineProvider.java:lambda$create$0(183)) - Sending CreatePipelineCommand for pipeline:PipelineID=90e41eba-2b82-4f8f-b312-39348f835775 to datanode:d23be368-b70e-4d1a-afe3-0bdcf6fd1c46
2021-08-02 05:52:28,156 [RatisPipelineUtilsThread - 0] INFO  pipeline.PipelineStateManager (PipelineStateManagerV2Impl.java:addPipeline(101)) - Created pipeline Pipeline[ Id: 90e41eba-2b82-4f8f-b312-39348f835775, Nodes: d23be368-b70e-4d1a-afe3-0bdcf6fd1c46{ip: 10.1.0.32, host: fv-az12-406.exdb2aeach2ezidoxz41lk3bwg.cx.internal.cloudapp.net, ports: [REPLICATION=44319, RATIS=37789, RATIS_ADMIN=37789, RATIS_SERVER=37789, STANDALONE=36523], networkLocation: /default-rack, certSerialId: null, persistedOpState: IN_SERVICE, persistedOpStateExpiryEpochSec: 0}, ReplicationConfig: RATIS/ONE, State:ALLOCATED, leaderId:, CreationTimestamp2021-08-02T05:52:28.154Z[Etc/UTC]].
2021-08-02 05:52:28,159 [RatisPipelineUtilsThread - 0] INFO  pipeline.RatisPipelineProvider (RatisPipelineProvider.java:lambda$create$0(183)) - Sending CreatePipelineCommand for pipeline:PipelineID=77f5a219-a291-4767-982d-67f92b9e78e8 to datanode:7c89729d-205d-42d4-b264-d61f860a411d
2021-08-02 05:52:28,159 [RatisPipelineUtilsThread - 0] INFO  pipeline.RatisPipelineProvider (RatisPipelineProvider.java:lambda$create$0(183)) - Sending CreatePipelineCommand for pipeline:PipelineID=77f5a219-a291-4767-982d-67f92b9e78e8 to datanode:d23be368-b70e-4d1a-afe3-0bdcf6fd1c46
2021-08-02 05:52:28,159 [RatisPipelineUtilsThread - 0] INFO  pipeline.RatisPipelineProvider (RatisPipelineProvider.java:lambda$create$0(183)) - Sending CreatePipelineCommand for pipeline:PipelineID=77f5a219-a291-4767-982d-67f92b9e78e8 to datanode:752ad5df-a7ba-47cd-a255-c78e9754ce7f
2021-08-02 05:52:28,161 [RatisPipelineUtilsThread - 0] INFO  pipeline.PipelineStateManager (PipelineStateManagerV2Impl.java:addPipeline(101)) - Created pipeline Pipeline[ Id: 77f5a219-a291-4767-982d-67f92b9e78e8, Nodes: 7c89729d-205d-42d4-b264-d61f860a411d{ip: 10.1.0.32, host: fv-az12-406.exdb2aeach2ezidoxz41lk3bwg.cx.internal.cloudapp.net, ports: [REPLICATION=41083, RATIS=45115, RATIS_ADMIN=45115, RATIS_SERVER=45115, STANDALONE=38999], networkLocation: /default-rack, certSerialId: null, persistedOpState: IN_SERVICE, persistedOpStateExpiryEpochSec: 0}d23be368-b70e-4d1a-afe3-0bdcf6fd1c46{ip: 10.1.0.32, host: fv-az12-406.exdb2aeach2ezidoxz41lk3bwg.cx.internal.cloudapp.net, ports: [REPLICATION=44319, RATIS=37789, RATIS_ADMIN=37789, RATIS_SERVER=37789, STANDALONE=36523], networkLocation: /default-rack, certSerialId: null, persistedOpState: IN_SERVICE, persistedOpStateExpiryEpochSec: 0}752ad5df-a7ba-47cd-a255-c78e9754ce7f{ip: 10.1.0.32, host: fv-az12-406.exdb2aeach2ezidoxz41lk3bwg.cx.internal.cloudapp.net, ports: [REPLICATION=38687, RATIS=36497, RATIS_ADMIN=36497, RATIS_SERVER=36497, STANDALONE=35347], networkLocation: /default-rack, certSerialId: null, persistedOpState: IN_SERVICE, persistedOpStateExpiryEpochSec: 0}, ReplicationConfig: RATIS/THREE, State:ALLOCATED, leaderId:, CreationTimestamp2021-08-02T05:52:28.159Z[Etc/UTC]].
2021-08-02 05:52:28,473 [Listener at 127.0.0.1/35629] INFO  ozone.MiniOzoneClusterImpl (MiniOzoneClusterImpl.java:lambda$waitForClusterToBeReady$0(235)) - Waiting for nodes to be ready. Got 3 of 9 DN Heartbeats.
2021-08-02 05:52:28,474 [Listener at 127.0.0.1/35629] INFO  ozone.MiniOzoneClusterImpl (MiniOzoneClusterImpl.java:lambda$waitForClusterToBeReady$0(238)) - Waiting for cluster to exit safe mode
2021-08-02 05:52:28,474 [Listener at 127.0.0.1/35629] INFO  ozone.MiniOzoneClusterImpl (MiniOzoneClusterImpl.java:lambda$waitForClusterToBeReady$0(240)) - SCM became leader
2021-08-02 05:52:28,605 [IPC Server handler 0 on default port 40863] INFO  net.NetworkTopologyImpl (NetworkTopologyImpl.java:add(112)) - Added a new node: /default-rack/38187496-3904-43e8-b49b-0f08099c5d11
2021-08-02 05:52:28,606 [IPC Server handler 0 on default port 40863] INFO  node.SCMNodeManager (SCMNodeManager.java:register(386)) - Registered Data node : 38187496-3904-43e8-b49b-0f08099c5d11{ip: 10.1.0.32, host: fv-az12-406.exdb2aeach2ezidoxz41lk3bwg.cx.internal.cloudapp.net, ports: [REPLICATION=40025, RATIS=42039, RATIS_ADMIN=42039, RATIS_SERVER=42039, STANDALONE=43281], networkLocation: /default-rack, certSerialId: null, persistedOpState: null, persistedOpStateExpiryEpochSec: 0}
2021-08-02 05:52:28,606 [EventQueue-NewNodeForNewNodeHandler] INFO  pipeline.BackgroundPipelineCreator (BackgroundPipelineCreatorV2.java:notifyEventTriggered(285)) - trigger a one-shot run on RatisPipelineUtilsThread.
2021-08-02 05:52:28,606 [RatisPipelineUtilsThread - 0] INFO  pipeline.RatisPipelineProvider (RatisPipelineProvider.java:lambda$create$0(183)) - Sending CreatePipelineCommand for pipeline:PipelineID=07c7f945-662c-4671-b57f-af506d060399 to datanode:38187496-3904-43e8-b49b-0f08099c5d11
2021-08-02 05:52:28,607 [RatisPipelineUtilsThread - 0] INFO  pipeline.PipelineStateManager (PipelineStateManagerV2Impl.java:addPipeline(101)) - Created pipeline Pipeline[ Id: 07c7f945-662c-4671-b57f-af506d060399, Nodes: 38187496-3904-43e8-b49b-0f08099c5d11{ip: 10.1.0.32, host: fv-az12-406.exdb2aeach2ezidoxz41lk3bwg.cx.internal.cloudapp.net, ports: [REPLICATION=40025, RATIS=42039, RATIS_ADMIN=42039, RATIS_SERVER=42039, STANDALONE=43281], networkLocation: /default-rack, certSerialId: null, persistedOpState: IN_SERVICE, persistedOpStateExpiryEpochSec: 0}, ReplicationConfig: RATIS/ONE, State:ALLOCATED, leaderId:, CreationTimestamp2021-08-02T05:52:28.606Z[Etc/UTC]].
2021-08-02 05:52:28,814 [IPC Server handler 2 on default port 40863] INFO  net.NetworkTopologyImpl (NetworkTopologyImpl.java:add(112)) - Added a new node: /default-rack/013291a6-5e4a-44b3-a8d9-818cf48fb66e
2021-08-02 05:52:28,814 [IPC Server handler 2 on default port 40863] INFO  node.SCMNodeManager (SCMNodeManager.java:register(386)) - Registered Data node : 013291a6-5e4a-44b3-a8d9-818cf48fb66e{ip: 10.1.0.32, host: fv-az12-406.exdb2aeach2ezidoxz41lk3bwg.cx.internal.cloudapp.net, ports: [REPLICATION=45573, RATIS=46845, RATIS_ADMIN=46845, RATIS_SERVER=46845, STANDALONE=42307], networkLocation: /default-rack, certSerialId: null, persistedOpState: null, persistedOpStateExpiryEpochSec: 0}
2021-08-02 05:52:28,814 [EventQueue-NewNodeForNewNodeHandler] INFO  pipeline.BackgroundPipelineCreator (BackgroundPipelineCreatorV2.java:notifyEventTriggered(285)) - trigger a one-shot run on RatisPipelineUtilsThread.
2021-08-02 05:52:28,816 [RatisPipelineUtilsThread - 0] INFO  pipeline.RatisPipelineProvider (RatisPipelineProvider.java:lambda$create$0(183)) - Sending CreatePipelineCommand for pipeline:PipelineID=0bf55a1a-03e0-424f-b1f3-cffbad837d27 to datanode:013291a6-5e4a-44b3-a8d9-818cf48fb66e
2021-08-02 05:52:28,817 [RatisPipelineUtilsThread - 0] INFO  pipeline.PipelineStateManager (PipelineStateManagerV2Impl.java:addPipeline(101)) - Created pipeline Pipeline[ Id: 0bf55a1a-03e0-424f-b1f3-cffbad837d27, Nodes: 013291a6-5e4a-44b3-a8d9-818cf48fb66e{ip: 10.1.0.32, host: fv-az12-406.exdb2aeach2ezidoxz41lk3bwg.cx.internal.cloudapp.net, ports: [REPLICATION=45573, RATIS=46845, RATIS_ADMIN=46845, RATIS_SERVER=46845, STANDALONE=42307], networkLocation: /default-rack, certSerialId: null, persistedOpState: IN_SERVICE, persistedOpStateExpiryEpochSec: 0}, ReplicationConfig: RATIS/ONE, State:ALLOCATED, leaderId:, CreationTimestamp2021-08-02T05:52:28.816Z[Etc/UTC]].
2021-08-02 05:52:28,978 [IPC Server handler 3 on default port 40863] INFO  net.NetworkTopologyImpl (NetworkTopologyImpl.java:add(112)) - Added a new node: /default-rack/fcafdf01-72b7-43de-af91-2233768a6b5f
2021-08-02 05:52:28,978 [IPC Server handler 3 on default port 40863] INFO  node.SCMNodeManager (SCMNodeManager.java:register(386)) - Registered Data node : fcafdf01-72b7-43de-af91-2233768a6b5f{ip: 10.1.0.32, host: fv-az12-406.exdb2aeach2ezidoxz41lk3bwg.cx.internal.cloudapp.net, ports: [REPLICATION=45841, RATIS=37819, RATIS_ADMIN=37819, RATIS_SERVER=37819, STANDALONE=39001], networkLocation: /default-rack, certSerialId: null, persistedOpState: null, persistedOpStateExpiryEpochSec: 0}
2021-08-02 05:52:28,978 [EventQueue-NewNodeForNewNodeHandler] INFO  pipeline.BackgroundPipelineCreator (BackgroundPipelineCreatorV2.java:notifyEventTriggered(285)) - trigger a one-shot run on RatisPipelineUtilsThread.
2021-08-02 05:52:28,981 [RatisPipelineUtilsThread - 0] INFO  pipeline.RatisPipelineProvider (RatisPipelineProvider.java:lambda$create$0(183)) - Sending CreatePipelineCommand for pipeline:PipelineID=776bd8c8-019a-4cb5-8c93-56a97c016115 to datanode:fcafdf01-72b7-43de-af91-2233768a6b5f
2021-08-02 05:52:28,981 [RatisPipelineUtilsThread - 0] INFO  pipeline.PipelineStateManager (PipelineStateManagerV2Impl.java:addPipeline(101)) - Created pipeline Pipeline[ Id: 776bd8c8-019a-4cb5-8c93-56a97c016115, Nodes: fcafdf01-72b7-43de-af91-2233768a6b5f{ip: 10.1.0.32, host: fv-az12-406.exdb2aeach2ezidoxz41lk3bwg.cx.internal.cloudapp.net, ports: [REPLICATION=45841, RATIS=37819, RATIS_ADMIN=37819, RATIS_SERVER=37819, STANDALONE=39001], networkLocation: /default-rack, certSerialId: null, persistedOpState: IN_SERVICE, persistedOpStateExpiryEpochSec: 0}, ReplicationConfig: RATIS/ONE, State:ALLOCATED, leaderId:, CreationTimestamp2021-08-02T05:52:28.981Z[Etc/UTC]].
2021-08-02 05:52:28,982 [RatisPipelineUtilsThread - 0] INFO  pipeline.RatisPipelineProvider (RatisPipelineProvider.java:lambda$create$0(183)) - Sending CreatePipelineCommand for pipeline:PipelineID=17ac55dc-98f0-46e9-846b-509ff8d45528 to datanode:38187496-3904-43e8-b49b-0f08099c5d11
2021-08-02 05:52:28,982 [RatisPipelineUtilsThread - 0] INFO  pipeline.RatisPipelineProvider (RatisPipelineProvider.java:lambda$create$0(183)) - Sending CreatePipelineCommand for pipeline:PipelineID=17ac55dc-98f0-46e9-846b-509ff8d45528 to datanode:fcafdf01-72b7-43de-af91-2233768a6b5f
2021-08-02 05:52:28,982 [RatisPipelineUtilsThread - 0] INFO  pipeline.RatisPipelineProvider (RatisPipelineProvider.java:lambda$create$0(183)) - Sending CreatePipelineCommand for pipeline:PipelineID=17ac55dc-98f0-46e9-846b-509ff8d45528 to datanode:013291a6-5e4a-44b3-a8d9-818cf48fb66e
2021-08-02 05:52:28,982 [RatisPipelineUtilsThread - 0] INFO  pipeline.PipelineStateManager (PipelineStateManagerV2Impl.java:addPipeline(101)) - Created pipeline Pipeline[ Id: 17ac55dc-98f0-46e9-846b-509ff8d45528, Nodes: 38187496-3904-43e8-b49b-0f08099c5d11{ip: 10.1.0.32, host: fv-az12-406.exdb2aeach2ezidoxz41lk3bwg.cx.internal.cloudapp.net, ports: [REPLICATION=40025, RATIS=42039, RATIS_ADMIN=42039, RATIS_SERVER=42039, STANDALONE=43281], networkLocation: /default-rack, certSerialId: null, persistedOpState: IN_SERVICE, persistedOpStateExpiryEpochSec: 0}fcafdf01-72b7-43de-af91-2233768a6b5f{ip: 10.1.0.32, host: fv-az12-406.exdb2aeach2ezidoxz41lk3bwg.cx.internal.cloudapp.net, ports: [REPLICATION=45841, RATIS=37819, RATIS_ADMIN=37819, RATIS_SERVER=37819, STANDALONE=39001], networkLocation: /default-rack, certSerialId: null, persistedOpState: IN_SERVICE, persistedOpStateExpiryEpochSec: 0}013291a6-5e4a-44b3-a8d9-818cf48fb66e{ip: 10.1.0.32, host: fv-az12-406.exdb2aeach2ezidoxz41lk3bwg.cx.internal.cloudapp.net, ports: [REPLICATION=45573, RATIS=46845, RATIS_ADMIN=46845, RATIS_SERVER=46845, STANDALONE=42307], networkLocation: /default-rack, certSerialId: null, persistedOpState: IN_SERVICE, persistedOpStateExpiryEpochSec: 0}, ReplicationConfig: RATIS/THREE, State:ALLOCATED, leaderId:, CreationTimestamp2021-08-02T05:52:28.982Z[Etc/UTC]].
2021-08-02 05:52:29,174 [IPC Server handler 4 on default port 40863] INFO  net.NetworkTopologyImpl (NetworkTopologyImpl.java:add(112)) - Added a new node: /default-rack/aac07b4a-b510-4ee2-b953-6b798ab874ed
2021-08-02 05:52:29,174 [IPC Server handler 4 on default port 40863] INFO  node.SCMNodeManager (SCMNodeManager.java:register(386)) - Registered Data node : aac07b4a-b510-4ee2-b953-6b798ab874ed{ip: 10.1.0.32, host: fv-az12-406.exdb2aeach2ezidoxz41lk3bwg.cx.internal.cloudapp.net, ports: [REPLICATION=36345, RATIS=43755, RATIS_ADMIN=43755, RATIS_SERVER=43755, STANDALONE=36145], networkLocation: /default-rack, certSerialId: null, persistedOpState: null, persistedOpStateExpiryEpochSec: 0}
2021-08-02 05:52:29,175 [EventQueue-NewNodeForNewNodeHandler] INFO  pipeline.BackgroundPipelineCreator (BackgroundPipelineCreatorV2.java:notifyEventTriggered(285)) - trigger a one-shot run on RatisPipelineUtilsThread.
2021-08-02 05:52:29,176 [RatisPipelineUtilsThread - 0] INFO  pipeline.RatisPipelineProvider (RatisPipelineProvider.java:lambda$create$0(183)) - Sending CreatePipelineCommand for pipeline:PipelineID=94541117-41ee-43a7-8157-6462aa00a1ee to datanode:aac07b4a-b510-4ee2-b953-6b798ab874ed
2021-08-02 05:52:29,177 [RatisPipelineUtilsThread - 0] INFO  pipeline.PipelineStateManager (PipelineStateManagerV2Impl.java:addPipeline(101)) - Created pipeline Pipeline[ Id: 94541117-41ee-43a7-8157-6462aa00a1ee, Nodes: aac07b4a-b510-4ee2-b953-6b798ab874ed{ip: 10.1.0.32, host: fv-az12-406.exdb2aeach2ezidoxz41lk3bwg.cx.internal.cloudapp.net, ports: [REPLICATION=36345, RATIS=43755, RATIS_ADMIN=43755, RATIS_SERVER=43755, STANDALONE=36145], networkLocation: /default-rack, certSerialId: null, persistedOpState: IN_SERVICE, persistedOpStateExpiryEpochSec: 0}, ReplicationConfig: RATIS/ONE, State:ALLOCATED, leaderId:, CreationTimestamp2021-08-02T05:52:29.176Z[Etc/UTC]].
2021-08-02 05:52:29,334 [IPC Server handler 5 on default port 40863] INFO  net.NetworkTopologyImpl (NetworkTopologyImpl.java:add(112)) - Added a new node: /default-rack/1036d1ad-a7a2-43d7-9de2-11c3d66cdde8
2021-08-02 05:52:29,334 [IPC Server handler 5 on default port 40863] INFO  node.SCMNodeManager (SCMNodeManager.java:register(386)) - Registered Data node : 1036d1ad-a7a2-43d7-9de2-11c3d66cdde8{ip: 10.1.0.32, host: fv-az12-406.exdb2aeach2ezidoxz41lk3bwg.cx.internal.cloudapp.net, ports: [REPLICATION=40613, RATIS=39139, RATIS_ADMIN=39139, RATIS_SERVER=39139, STANDALONE=33267], networkLocation: /default-rack, certSerialId: null, persistedOpState: null, persistedOpStateExpiryEpochSec: 0}
2021-08-02 05:52:29,335 [EventQueue-NewNodeForNewNodeHandler] INFO  pipeline.BackgroundPipelineCreator (BackgroundPipelineCreatorV2.java:notifyEventTriggered(285)) - trigger a one-shot run on RatisPipelineUtilsThread.
2021-08-02 05:52:29,336 [RatisPipelineUtilsThread - 0] INFO  pipeline.RatisPipelineProvider (RatisPipelineProvider.java:lambda$create$0(183)) - Sending CreatePipelineCommand for pipeline:PipelineID=c7c63290-17ba-47dc-8bfc-d07181496fac to datanode:1036d1ad-a7a2-43d7-9de2-11c3d66cdde8
2021-08-02 05:52:29,337 [RatisPipelineUtilsThread - 0] INFO  pipeline.PipelineStateManager (PipelineStateManagerV2Impl.java:addPipeline(101)) - Created pipeline Pipeline[ Id: c7c63290-17ba-47dc-8bfc-d07181496fac, Nodes: 1036d1ad-a7a2-43d7-9de2-11c3d66cdde8{ip: 10.1.0.32, host: fv-az12-406.exdb2aeach2ezidoxz41lk3bwg.cx.internal.cloudapp.net, ports: [REPLICATION=40613, RATIS=39139, RATIS_ADMIN=39139, RATIS_SERVER=39139, STANDALONE=33267], networkLocation: /default-rack, certSerialId: null, persistedOpState: IN_SERVICE, persistedOpStateExpiryEpochSec: 0}, ReplicationConfig: RATIS/ONE, State:ALLOCATED, leaderId:, CreationTimestamp2021-08-02T05:52:29.336Z[Etc/UTC]].
2021-08-02 05:52:29,475 [Listener at 127.0.0.1/35629] INFO  ozone.MiniOzoneClusterImpl (MiniOzoneClusterImpl.java:lambda$waitForClusterToBeReady$0(235)) - Waiting for nodes to be ready. Got 8 of 9 DN Heartbeats.
2021-08-02 05:52:29,475 [Listener at 127.0.0.1/35629] INFO  ozone.MiniOzoneClusterImpl (MiniOzoneClusterImpl.java:lambda$waitForClusterToBeReady$0(238)) - Waiting for cluster to exit safe mode
2021-08-02 05:52:29,475 [Listener at 127.0.0.1/35629] INFO  ozone.MiniOzoneClusterImpl (MiniOzoneClusterImpl.java:lambda$waitForClusterToBeReady$0(240)) - SCM became leader
2021-08-02 05:52:29,479 [IPC Server handler 6 on default port 40863] INFO  net.NetworkTopologyImpl (NetworkTopologyImpl.java:add(112)) - Added a new node: /default-rack/c97b6c06-cd07-4cdb-ae41-9a711d8ab883
2021-08-02 05:52:29,480 [IPC Server handler 6 on default port 40863] INFO  node.SCMNodeManager (SCMNodeManager.java:register(386)) - Registered Data node : c97b6c06-cd07-4cdb-ae41-9a711d8ab883{ip: 10.1.0.32, host: fv-az12-406.exdb2aeach2ezidoxz41lk3bwg.cx.internal.cloudapp.net, ports: [REPLICATION=36763, RATIS=40085, RATIS_ADMIN=40085, RATIS_SERVER=40085, STANDALONE=41103], networkLocation: /default-rack, certSerialId: null, persistedOpState: null, persistedOpStateExpiryEpochSec: 0}
2021-08-02 05:52:29,480 [EventQueue-NewNodeForNewNodeHandler] INFO  pipeline.BackgroundPipelineCreator (BackgroundPipelineCreatorV2.java:notifyEventTriggered(285)) - trigger a one-shot run on RatisPipelineUtilsThread.
2021-08-02 05:52:29,481 [RatisPipelineUtilsThread - 0] INFO  pipeline.RatisPipelineProvider (RatisPipelineProvider.java:lambda$create$0(183)) - Sending CreatePipelineCommand for pipeline:PipelineID=70d7f31a-4a57-45b1-a329-addc33eb017b to datanode:c97b6c06-cd07-4cdb-ae41-9a711d8ab883
2021-08-02 05:52:29,481 [RatisPipelineUtilsThread - 0] INFO  pipeline.PipelineStateManager (PipelineStateManagerV2Impl.java:addPipeline(101)) - Created pipeline Pipeline[ Id: 70d7f31a-4a57-45b1-a329-addc33eb017b, Nodes: c97b6c06-cd07-4cdb-ae41-9a711d8ab883{ip: 10.1.0.32, host: fv-az12-406.exdb2aeach2ezidoxz41lk3bwg.cx.internal.cloudapp.net, ports: [REPLICATION=36763, RATIS=40085, RATIS_ADMIN=40085, RATIS_SERVER=40085, STANDALONE=41103], networkLocation: /default-rack, certSerialId: null, persistedOpState: IN_SERVICE, persistedOpStateExpiryEpochSec: 0}, ReplicationConfig: RATIS/ONE, State:ALLOCATED, leaderId:, CreationTimestamp2021-08-02T05:52:29.481Z[Etc/UTC]].
2021-08-02 05:52:29,482 [RatisPipelineUtilsThread - 0] INFO  pipeline.RatisPipelineProvider (RatisPipelineProvider.java:lambda$create$0(183)) - Sending CreatePipelineCommand for pipeline:PipelineID=0e8a7799-27a7-4147-95bd-dd91c07a3e90 to datanode:aac07b4a-b510-4ee2-b953-6b798ab874ed
2021-08-02 05:52:29,482 [RatisPipelineUtilsThread - 0] INFO  pipeline.RatisPipelineProvider (RatisPipelineProvider.java:lambda$create$0(183)) - Sending CreatePipelineCommand for pipeline:PipelineID=0e8a7799-27a7-4147-95bd-dd91c07a3e90 to datanode:1036d1ad-a7a2-43d7-9de2-11c3d66cdde8
2021-08-02 05:52:29,482 [RatisPipelineUtilsThread - 0] INFO  pipeline.RatisPipelineProvider (RatisPipelineProvider.java:lambda$create$0(183)) - Sending CreatePipelineCommand for pipeline:PipelineID=0e8a7799-27a7-4147-95bd-dd91c07a3e90 to datanode:c97b6c06-cd07-4cdb-ae41-9a711d8ab883
2021-08-02 05:52:29,482 [RatisPipelineUtilsThread - 0] INFO  pipeline.PipelineStateManager (PipelineStateManagerV2Impl.java:addPipeline(101)) - Created pipeline Pipeline[ Id: 0e8a7799-27a7-4147-95bd-dd91c07a3e90, Nodes: aac07b4a-b510-4ee2-b953-6b798ab874ed{ip: 10.1.0.32, host: fv-az12-406.exdb2aeach2ezidoxz41lk3bwg.cx.internal.cloudapp.net, ports: [REPLICATION=36345, RATIS=43755, RATIS_ADMIN=43755, RATIS_SERVER=43755, STANDALONE=36145], networkLocation: /default-rack, certSerialId: null, persistedOpState: IN_SERVICE, persistedOpStateExpiryEpochSec: 0}1036d1ad-a7a2-43d7-9de2-11c3d66cdde8{ip: 10.1.0.32, host: fv-az12-406.exdb2aeach2ezidoxz41lk3bwg.cx.internal.cloudapp.net, ports: [REPLICATION=40613, RATIS=39139, RATIS_ADMIN=39139, RATIS_SERVER=39139, STANDALONE=33267], networkLocation: /default-rack, certSerialId: null, persistedOpState: IN_SERVICE, persistedOpStateExpiryEpochSec: 0}c97b6c06-cd07-4cdb-ae41-9a711d8ab883{ip: 10.1.0.32, host: fv-az12-406.exdb2aeach2ezidoxz41lk3bwg.cx.internal.cloudapp.net, ports: [REPLICATION=36763, RATIS=40085, RATIS_ADMIN=40085, RATIS_SERVER=40085, STANDALONE=41103], networkLocation: /default-rack, certSerialId: null, persistedOpState: IN_SERVICE, persistedOpStateExpiryEpochSec: 0}, ReplicationConfig: RATIS/THREE, State:ALLOCATED, leaderId:, CreationTimestamp2021-08-02T05:52:29.482Z[Etc/UTC]].
2021-08-02 05:52:30,476 [Listener at 127.0.0.1/35629] INFO  ozone.MiniOzoneClusterImpl (MiniOzoneClusterImpl.java:lambda$waitForClusterToBeReady$0(235)) - Nodes are ready. Got 9 of 9 DN Heartbeats.
2021-08-02 05:52:30,477 [Listener at 127.0.0.1/35629] INFO  ozone.MiniOzoneClusterImpl (MiniOzoneClusterImpl.java:lambda$waitForClusterToBeReady$0(238)) - Waiting for cluster to exit safe mode
2021-08-02 05:52:30,477 [Listener at 127.0.0.1/35629] INFO  ozone.MiniOzoneClusterImpl (MiniOzoneClusterImpl.java:lambda$waitForClusterToBeReady$0(240)) - SCM became leader
2021-08-02 05:52:30,718 [Command processor thread] INFO  server.RaftServer (RaftServerProxy.java:addNew(95)) - 752ad5df-a7ba-47cd-a255-c78e9754ce7f: addNew group-CCB4B94BC867:[752ad5df-a7ba-47cd-a255-c78e9754ce7f|rpc:10.1.0.32:36497|priority:1] returns group-CCB4B94BC867:java.util.concurrent.CompletableFuture@5c357486[Not completed]
2021-08-02 05:52:30,727 [pool-54-thread-1] INFO  server.RaftServer$Division (RaftServerImpl.java:<init>(181)) - 752ad5df-a7ba-47cd-a255-c78e9754ce7f: new RaftServerImpl for group-CCB4B94BC867:[752ad5df-a7ba-47cd-a255-c78e9754ce7f|rpc:10.1.0.32:36497|priority:1] with ContainerStateMachine:uninitialized
2021-08-02 05:52:30,729 [pool-54-thread-1] INFO  server.RaftServerConfigKeys (ConfUtils.java:logGet(44)) - raft.server.rpc.timeout.min = 5s (custom)
2021-08-02 05:52:30,729 [pool-54-thread-1] INFO  server.RaftServerConfigKeys (ConfUtils.java:logGet(44)) - raft.server.rpc.timeout.max = 5200ms (custom)
2021-08-02 05:52:30,729 [pool-54-thread-1] INFO  server.RaftServerConfigKeys (ConfUtils.java:logGet(44)) - raft.server.rpc.sleep.time = 25ms (default)
2021-08-02 05:52:30,729 [pool-54-thread-1] INFO  server.RaftServerConfigKeys (ConfUtils.java:logGet(44)) - raft.server.rpc.slowness.timeout = 300000ms (custom)
2021-08-02 05:52:30,729 [pool-54-thread-1] INFO  server.RaftServerConfigKeys (ConfUtils.java:logGet(44)) - raft.server.leaderelection.leader.step-down.wait-time = 10s (default)
2021-08-02 05:52:30,729 [pool-54-thread-1] INFO  server.RaftServerConfigKeys (ConfUtils.java:logGet(44)) - raft.server.sleep.deviation.threshold = 300ms (default)
2021-08-02 05:52:30,729 [pool-54-thread-1] INFO  server.RaftServerConfigKeys (ConfUtils.java:logGet(44)) - raft.server.log.appender.install.snapshot.enabled = false (custom)
2021-08-02 05:52:30,729 [pool-54-thread-1] INFO  server.RaftServer$Division (ServerState.java:<init>(105)) - 752ad5df-a7ba-47cd-a255-c78e9754ce7f@group-CCB4B94BC867: ConfigurationManager, init=-1: [752ad5df-a7ba-47cd-a255-c78e9754ce7f|rpc:10.1.0.32:36497|priority:1], old=null, confs=<EMPTY_MAP>
2021-08-02 05:52:30,729 [pool-54-thread-1] INFO  server.RaftServerConfigKeys (ConfUtils.java:logGet(44)) - raft.server.storage.dir = [/home/runner/work/ozone/ozone/mnt/ozone/hadoop-ozone/integration-test/target/test-dir/MiniOzoneClusterImpl-4f335ae8-e577-43f0-9715-84c03d5ccb1a/datanode-0/data/ratis] (custom)
2021-08-02 05:52:30,729 [pool-54-thread-1] INFO  server.RaftServerConfigKeys (ConfUtils.java:logGet(44)) - raft.server.log.corruption.policy = EXCEPTION (default)
2021-08-02 05:52:30,729 [pool-54-thread-1] INFO  server.RaftServerConfigKeys (ConfUtils.java:logGet(44)) - raft.server.storage.free-space.min = 0MB (=0) (default)
2021-08-02 05:52:30,730 [pool-54-thread-1] INFO  storage.RaftStorageDirectory (RaftStorageDirectoryImpl.java:analyzeStorage(135)) - The storage directory /home/runner/work/ozone/ozone/mnt/ozone/hadoop-ozone/integration-test/target/test-dir/MiniOzoneClusterImpl-4f335ae8-e577-43f0-9715-84c03d5ccb1a/datanode-0/data/ratis/25743c8d-7fce-4dd4-9c08-ccb4b94bc867 does not exist. Creating ...
2021-08-02 05:52:30,731 [pool-54-thread-1] INFO  storage.RaftStorageDirectory (RaftStorageDirectoryImpl.java:tryLock(230)) - Lock on /home/runner/work/ozone/ozone/mnt/ozone/hadoop-ozone/integration-test/target/test-dir/MiniOzoneClusterImpl-4f335ae8-e577-43f0-9715-84c03d5ccb1a/datanode-0/data/ratis/25743c8d-7fce-4dd4-9c08-ccb4b94bc867/in_use.lock acquired by nodename 11535@fv-az12-406
2021-08-02 05:52:30,734 [pool-54-thread-1] INFO  storage.RaftStorage (RaftStorageImpl.java:format(89)) - Storage directory /home/runner/work/ozone/ozone/mnt/ozone/hadoop-ozone/integration-test/target/test-dir/MiniOzoneClusterImpl-4f335ae8-e577-43f0-9715-84c03d5ccb1a/datanode-0/data/ratis/25743c8d-7fce-4dd4-9c08-ccb4b94bc867 has been successfully formatted.
2021-08-02 05:52:30,738 [pool-54-thread-1] INFO  ratis.ContainerStateMachine (ContainerStateMachine.java:loadSnapshot(223)) - group-CCB4B94BC867: The snapshot info is null. Setting the last applied indexto:(t:0, i:~)
2021-08-02 05:52:30,738 [pool-54-thread-1] INFO  server.RaftServerConfigKeys (ConfUtils.java:logGet(44)) - raft.server.notification.no-leader.timeout = 300000ms (custom)
2021-08-02 05:52:30,738 [Datanode State Machine Thread - 0] WARN  statemachine.StateContext (StateContext.java:execute(621)) - No available thread in pool for past 1 seconds.
2021-08-02 05:52:30,738 [pool-54-thread-1] INFO  server.RaftServerConfigKeys (ConfUtils.java:logGet(44)) - raft.server.log.use.memory = false (default)
2021-08-02 05:52:30,738 [pool-54-thread-1] INFO  server.RaftServerConfigKeys (ConfUtils.java:logGet(44)) - raft.server.log.purge.gap = 1000000 (custom)
2021-08-02 05:52:30,738 [pool-54-thread-1] INFO  server.RaftServerConfigKeys (ConfUtils.java:logGet(44)) - raft.server.log.appender.buffer.byte-limit = 33554432 (custom)
2021-08-02 05:52:30,739 [pool-54-thread-1] INFO  server.RaftServerConfigKeys (ConfUtils.java:logGet(44)) - raft.server.log.segment.size.max = 1048576 (custom)
2021-08-02 05:52:30,740 [pool-54-thread-1] INFO  server.RaftServerConfigKeys (ConfUtils.java:logGet(44)) - raft.server.log.segment.cache.num.max = 2 (custom)
2021-08-02 05:52:30,740 [pool-54-thread-1] INFO  server.RaftServerConfigKeys (ConfUtils.java:logGet(44)) - raft.server.log.segment.cache.size.max = 200MB (=209715200) (default)
2021-08-02 05:52:30,740 [pool-54-thread-1] INFO  segmented.SegmentedRaftLogWorker (SegmentedRaftLogWorker.java:<init>(182)) - new 752ad5df-a7ba-47cd-a255-c78e9754ce7f@group-CCB4B94BC867-SegmentedRaftLogWorker for RaftStorageImpl:Storage Directory /home/runner/work/ozone/ozone/mnt/ozone/hadoop-ozone/integration-test/target/test-dir/MiniOzoneClusterImpl-4f335ae8-e577-43f0-9715-84c03d5ccb1a/datanode-0/data/ratis/25743c8d-7fce-4dd4-9c08-ccb4b94bc867
2021-08-02 05:52:30,740 [pool-54-thread-1] INFO  server.RaftServerConfigKeys (ConfUtils.java:logGet(44)) - raft.server.log.queue.byte-limit = 2147483647 (custom)
2021-08-02 05:52:30,740 [pool-54-thread-1] INFO  server.RaftServerConfigKeys (ConfUtils.java:logGet(44)) - raft.server.log.queue.element-limit = 1024 (custom)
2021-08-02 05:52:30,740 [pool-54-thread-1] INFO  server.RaftServerConfigKeys (ConfUtils.java:logGet(44)) - raft.server.log.segment.size.max = 1048576 (custom)
2021-08-02 05:52:30,740 [pool-54-thread-1] INFO  server.RaftServerConfigKeys (ConfUtils.java:logGet(44)) - raft.server.log.preallocated.size = 16384 (custom)
2021-08-02 05:52:30,740 [pool-54-thread-1] INFO  server.RaftServerConfigKeys (ConfUtils.java:logGet(44)) - raft.server.log.force.sync.num = 128 (default)
2021-08-02 05:52:30,740 [pool-54-thread-1] INFO  server.RaftServerConfigKeys (ConfUtils.java:logGet(44)) - raft.server.log.statemachine.data.sync = true (default)
2021-08-02 05:52:30,740 [pool-54-thread-1] INFO  server.RaftServerConfigKeys (ConfUtils.java:logGet(44)) - raft.server.log.statemachine.data.sync.timeout = 10s (default)
2021-08-02 05:52:30,740 [pool-54-thread-1] INFO  server.RaftServerConfigKeys (ConfUtils.java:logGet(44)) - raft.server.log.statemachine.data.sync.timeout.retry = -1 (default)
2021-08-02 05:52:30,742 [pool-54-thread-1] INFO  server.RaftServerConfigKeys (ConfUtils.java:logGet(44)) - raft.server.log.write.buffer.size = 1048576 (custom)
2021-08-02 05:52:30,743 [pool-54-thread-1] INFO  server.RaftServerConfigKeys (ConfUtils.java:logGet(44)) - raft.server.log.statemachine.data.caching.enabled = true (custom)
2021-08-02 05:52:30,743 [pool-54-thread-1] INFO  segmented.SegmentedRaftLogWorker (SegmentedRaftLogWorker.java:lambda$new$0(133)) - 752ad5df-a7ba-47cd-a255-c78e9754ce7f@group-CCB4B94BC867-SegmentedRaftLogWorker: flushIndex: setUnconditionally 0 -> -1
2021-08-02 05:52:30,743 [pool-54-thread-1] INFO  segmented.SegmentedRaftLogWorker (SegmentedRaftLogWorker.java:lambda$new$0(133)) - 752ad5df-a7ba-47cd-a255-c78e9754ce7f@group-CCB4B94BC867-SegmentedRaftLogWorker: safeCacheEvictIndex: setUnconditionally 0 -> -1
2021-08-02 05:52:30,752 [pool-54-thread-1] INFO  server.RaftServerConfigKeys (ConfUtils.java:logGet(44)) - raft.server.snapshot.auto.trigger.enabled = true (custom)
2021-08-02 05:52:30,753 [pool-54-thread-1] INFO  server.RaftServerConfigKeys (ConfUtils.java:logGet(44)) - raft.server.snapshot.auto.trigger.threshold = 10000 (custom)
2021-08-02 05:52:30,753 [pool-54-thread-1] INFO  server.RaftServerConfigKeys (ConfUtils.java:logGet(44)) - raft.server.snapshot.retention.file.num = 5 (custom)
2021-08-02 05:52:30,753 [pool-54-thread-1] INFO  server.RaftServerConfigKeys (ConfUtils.java:logGet(44)) - raft.server.log.purge.upto.snapshot.index = false (default)
2021-08-02 05:52:30,753 [pool-54-thread-1] INFO  server.RaftServerConfigKeys (ConfUtils.java:logGet(44)) - raft.server.retrycache.expirytime = 600000ms (custom)
2021-08-02 05:52:30,753 [pool-54-thread-1] INFO  server.RaftServerConfigKeys (ConfUtils.java:logGet(44)) - raft.server.retrycache.statistics.expirytime = 100μs (default)
2021-08-02 05:52:30,756 [EventQueue-PipelineReportForPipelineReportHandler] INFO  pipeline.PipelineManagerV2Impl (PipelineManagerV2Impl.java:openPipeline(283)) - Pipeline Pipeline[ Id: 25743c8d-7fce-4dd4-9c08-ccb4b94bc867, Nodes: 752ad5df-a7ba-47cd-a255-c78e9754ce7f{ip: 10.1.0.32, host: fv-az12-406.exdb2aeach2ezidoxz41lk3bwg.cx.internal.cloudapp.net, ports: [REPLICATION=38687, RATIS=36497, RATIS_ADMIN=36497, RATIS_SERVER=36497, STANDALONE=35347], networkLocation: /default-rack, certSerialId: null, persistedOpState: IN_SERVICE, persistedOpStateExpiryEpochSec: 0}, ReplicationConfig: RATIS/ONE, State:ALLOCATED, leaderId:752ad5df-a7ba-47cd-a255-c78e9754ce7f, CreationTimestamp2021-08-02T05:52:27.747Z[Etc/UTC]] moved to OPEN state
2021-08-02 05:52:30,758 [pool-54-thread-1] INFO  server.RaftServer$Division (RaftServerImpl.java:start(296)) - 752ad5df-a7ba-47cd-a255-c78e9754ce7f@group-CCB4B94BC867: start as a follower, conf=-1: [752ad5df-a7ba-47cd-a255-c78e9754ce7f|rpc:10.1.0.32:36497|priority:1], old=null
2021-08-02 05:52:30,758 [pool-54-thread-1] INFO  server.RaftServer$Division (RaftServerImpl.java:setRole(285)) - 752ad5df-a7ba-47cd-a255-c78e9754ce7f@group-CCB4B94BC867: changes role from      null to FOLLOWER at term 0 for startAsFollower
2021-08-02 05:52:30,761 [EventQueue-OpenPipelineForHealthyPipelineSafeModeRule] INFO  safemode.SCMSafeModeManager (HealthyPipelineSafeModeRule.java:process(124)) - SCM in safe mode. Healthy pipelines reported count is 0, required healthy pipeline reported count is 1
2021-08-02 05:52:30,764 [pool-54-thread-1] INFO  impl.RoleInfo (RoleInfo.java:updateAndGet(130)) - 752ad5df-a7ba-47cd-a255-c78e9754ce7f: start 752ad5df-a7ba-47cd-a255-c78e9754ce7f@group-CCB4B94BC867-FollowerState
2021-08-02 05:52:30,764 [pool-54-thread-1] INFO  util.JmxRegister (JmxRegister.java:tryRegister(44)) - Successfully registered JMX Bean with object name Ratis:service=RaftServer,group=group-CCB4B94BC867,id=752ad5df-a7ba-47cd-a255-c78e9754ce7f
2021-08-02 05:52:30,775 [Command processor thread] INFO  ratis.XceiverServerRatis (XceiverServerRatis.java:addGroup(759)) - Created group PipelineID=25743c8d-7fce-4dd4-9c08-ccb4b94bc867
2021-08-02 05:52:30,775 [Command processor thread] INFO  commandhandler.CreatePipelineCommandHandler (CreatePipelineCommandHandler.java:handle(106)) - Created Pipeline RATIS ONE PipelineID=25743c8d-7fce-4dd4-9c08-ccb4b94bc867.
2021-08-02 05:52:30,776 [Command processor thread] INFO  server.RaftServer (RaftServerProxy.java:addNew(95)) - 752ad5df-a7ba-47cd-a255-c78e9754ce7f: addNew group-67F92B9E78E8:[7c89729d-205d-42d4-b264-d61f860a411d|rpc:10.1.0.32:45115|priority:1, d23be368-b70e-4d1a-afe3-0bdcf6fd1c46|rpc:10.1.0.32:37789|priority:0, 752ad5df-a7ba-47cd-a255-c78e9754ce7f|rpc:10.1.0.32:36497|priority:0] returns group-67F92B9E78E8:java.util.concurrent.CompletableFuture@6d5959e0[Not completed]
2021-08-02 05:52:30,777 [pool-54-thread-1] INFO  server.RaftServer$Division (RaftServerImpl.java:<init>(181)) - 752ad5df-a7ba-47cd-a255-c78e9754ce7f: new RaftServerImpl for group-67F92B9E78E8:[7c89729d-205d-42d4-b264-d61f860a411d|rpc:10.1.0.32:45115|priority:1, d23be368-b70e-4d1a-afe3-0bdcf6fd1c46|rpc:10.1.0.32:37789|priority:0, 752ad5df-a7ba-47cd-a255-c78e9754ce7f|rpc:10.1.0.32:36497|priority:0] with ContainerStateMachine:uninitialized
2021-08-02 05:52:30,777 [pool-54-thread-1] INFO  server.RaftServerConfigKeys (ConfUtils.java:logGet(44)) - raft.server.rpc.timeout.min = 5s (custom)
2021-08-02 05:52:30,777 [pool-54-thread-1] INFO  server.RaftServerConfigKeys (ConfUtils.java:logGet(44)) - raft.server.rpc.timeout.max = 5200ms (custom)
2021-08-02 05:52:30,777 [pool-54-thread-1] INFO  server.RaftServerConfigKeys (ConfUtils.java:logGet(44)) - raft.server.rpc.sleep.time = 25ms (default)
2021-08-02 05:52:30,777 [pool-54-thread-1] INFO  server.RaftServerConfigKeys (ConfUtils.java:logGet(44)) - raft.server.rpc.slowness.timeout = 300000ms (custom)
2021-08-02 05:52:30,777 [pool-54-thread-1] INFO  server.RaftServerConfigKeys (ConfUtils.java:logGet(44)) - raft.server.leaderelection.leader.step-down.wait-time = 10s (default)
2021-08-02 05:52:30,777 [pool-54-thread-1] INFO  server.RaftServerConfigKeys (ConfUtils.java:logGet(44)) - raft.server.sleep.deviation.threshold = 300ms (default)
2021-08-02 05:52:30,777 [pool-54-thread-1] INFO  server.RaftServerConfigKeys (ConfUtils.java:logGet(44)) - raft.server.log.appender.install.snapshot.enabled = false (custom)
2021-08-02 05:52:30,777 [pool-54-thread-1] INFO  server.RaftServer$Division (ServerState.java:<init>(105)) - 752ad5df-a7ba-47cd-a255-c78e9754ce7f@group-67F92B9E78E8: ConfigurationManager, init=-1: [7c89729d-205d-42d4-b264-d61f860a411d|rpc:10.1.0.32:45115|priority:1, d23be368-b70e-4d1a-afe3-0bdcf6fd1c46|rpc:10.1.0.32:37789|priority:0, 752ad5df-a7ba-47cd-a255-c78e9754ce7f|rpc:10.1.0.32:36497|priority:0], old=null, confs=<EMPTY_MAP>
2021-08-02 05:52:30,778 [pool-54-thread-1] INFO  server.RaftServerConfigKeys (ConfUtils.java:logGet(44)) - raft.server.storage.dir = [/home/runner/work/ozone/ozone/mnt/ozone/hadoop-ozone/integration-test/target/test-dir/MiniOzoneClusterImpl-4f335ae8-e577-43f0-9715-84c03d5ccb1a/datanode-0/data/ratis] (custom)
2021-08-02 05:52:30,778 [pool-54-thread-1] INFO  server.RaftServerConfigKeys (ConfUtils.java:logGet(44)) - raft.server.log.corruption.policy = EXCEPTION (default)
2021-08-02 05:52:30,778 [pool-54-thread-1] INFO  server.RaftServerConfigKeys (ConfUtils.java:logGet(44)) - raft.server.storage.free-space.min = 0MB (=0) (default)
2021-08-02 05:52:30,778 [pool-54-thread-1] INFO  storage.RaftStorageDirectory (RaftStorageDirectoryImpl.java:analyzeStorage(135)) - The storage directory /home/runner/work/ozone/ozone/mnt/ozone/hadoop-ozone/integration-test/target/test-dir/MiniOzoneClusterImpl-4f335ae8-e577-43f0-9715-84c03d5ccb1a/datanode-0/data/ratis/77f5a219-a291-4767-982d-67f92b9e78e8 does not exist. Creating ...
2021-08-02 05:52:30,779 [pool-54-thread-1] INFO  storage.RaftStorageDirectory (RaftStorageDirectoryImpl.java:tryLock(230)) - Lock on /home/runner/work/ozone/ozone/mnt/ozone/hadoop-ozone/integration-test/target/test-dir/MiniOzoneClusterImpl-4f335ae8-e577-43f0-9715-84c03d5ccb1a/datanode-0/data/ratis/77f5a219-a291-4767-982d-67f92b9e78e8/in_use.lock acquired by nodename 11535@fv-az12-406
2021-08-02 05:52:30,782 [pool-54-thread-1] INFO  storage.RaftStorage (RaftStorageImpl.java:format(89)) - Storage directory /home/runner/work/ozone/ozone/mnt/ozone/hadoop-ozone/integration-test/target/test-dir/MiniOzoneClusterImpl-4f335ae8-e577-43f0-9715-84c03d5ccb1a/datanode-0/data/ratis/77f5a219-a291-4767-982d-67f92b9e78e8 has been successfully formatted.
2021-08-02 05:52:30,782 [pool-54-thread-1] INFO  ratis.ContainerStateMachine (ContainerStateMachine.java:loadSnapshot(223)) - group-67F92B9E78E8: The snapshot info is null. Setting the last applied indexto:(t:0, i:~)
2021-08-02 05:52:30,785 [EventQueue-OpenPipelineForHealthyPipelineSafeModeRule] INFO  safemode.SCMSafeModeManager (HealthyPipelineSafeModeRule.java:process(124)) - SCM in safe mode. Healthy pipelines reported count is 0, required healthy pipeline reported count is 1
2021-08-02 05:52:30,787 [pool-54-thread-1] INFO  server.RaftServerConfigKeys (ConfUtils.java:logGet(44)) - raft.server.notification.no-leader.timeout = 300000ms (custom)
2021-08-02 05:52:30,788 [pool-54-thread-1] INFO  server.RaftServerConfigKeys (ConfUtils.java:logGet(44)) - raft.server.log.use.memory = false (default)
2021-08-02 05:52:30,791 [pool-54-thread-1] INFO  server.RaftServerConfigKeys (ConfUtils.java:logGet(44)) - raft.server.log.purge.gap = 1000000 (custom)
2021-08-02 05:52:30,791 [pool-54-thread-1] INFO  server.RaftServerConfigKeys (ConfUtils.java:logGet(44)) - raft.server.log.appender.buffer.byte-limit = 33554432 (custom)
2021-08-02 05:52:30,791 [pool-54-thread-1] INFO  server.RaftServerConfigKeys (ConfUtils.java:logGet(44)) - raft.server.log.segment.size.max = 1048576 (custom)
2021-08-02 05:52:30,795 [pool-54-thread-1] INFO  server.RaftServerConfigKeys (ConfUtils.java:logGet(44)) - raft.server.log.segment.cache.num.max = 2 (custom)
2021-08-02 05:52:30,795 [pool-54-thread-1] INFO  server.RaftServerConfigKeys (ConfUtils.java:logGet(44)) - raft.server.log.segment.cache.size.max = 200MB (=209715200) (default)
2021-08-02 05:52:30,795 [pool-54-thread-1] INFO  segmented.SegmentedRaftLogWorker (SegmentedRaftLogWorker.java:<init>(182)) - new 752ad5df-a7ba-47cd-a255-c78e9754ce7f@group-67F92B9E78E8-SegmentedRaftLogWorker for RaftStorageImpl:Storage Directory /home/runner/work/ozone/ozone/mnt/ozone/hadoop-ozone/integration-test/target/test-dir/MiniOzoneClusterImpl-4f335ae8-e577-43f0-9715-84c03d5ccb1a/datanode-0/data/ratis/77f5a219-a291-4767-982d-67f92b9e78e8
2021-08-02 05:52:30,795 [pool-54-thread-1] INFO  server.RaftServerConfigKeys (ConfUtils.java:logGet(44)) - raft.server.log.queue.byte-limit = 2147483647 (custom)
2021-08-02 05:52:30,795 [pool-54-thread-1] INFO  server.RaftServerConfigKeys (ConfUtils.java:logGet(44)) - raft.server.log.queue.element-limit = 1024 (custom)
2021-08-02 05:52:30,795 [pool-54-thread-1] INFO  server.RaftServerConfigKeys (ConfUtils.java:logGet(44)) - raft.server.log.segment.size.max = 1048576 (custom)
2021-08-02 05:52:30,795 [pool-54-thread-1] INFO  server.RaftServerConfigKeys (ConfUtils.java:logGet(44)) - raft.server.log.preallocated.size = 16384 (custom)
2021-08-02 05:52:30,795 [pool-54-thread-1] INFO  server.RaftServerConfigKeys (ConfUtils.java:logGet(44)) - raft.server.log.force.sync.num = 128 (default)
2021-08-02 05:52:30,795 [pool-54-thread-1] INFO  server.RaftServerConfigKeys (ConfUtils.java:logGet(44)) - raft.server.log.statemachine.data.sync = true (default)
2021-08-02 05:52:30,795 [pool-54-thread-1] INFO  server.RaftServerConfigKeys (ConfUtils.java:logGet(44)) - raft.server.log.statemachine.data.sync.timeout = 10s (default)
2021-08-02 05:52:30,795 [pool-54-thread-1] INFO  server.RaftServerConfigKeys (ConfUtils.java:logGet(44)) - raft.server.log.statemachine.data.sync.timeout.retry = -1 (default)
2021-08-02 05:52:30,797 [pool-54-thread-1] INFO  server.RaftServerConfigKeys (ConfUtils.java:logGet(44)) - raft.server.log.write.buffer.size = 1048576 (custom)
2021-08-02 05:52:30,797 [pool-54-thread-1] INFO  server.RaftServerConfigKeys (ConfUtils.java:logGet(44)) - raft.server.log.statemachine.data.caching.enabled = true (custom)
2021-08-02 05:52:30,797 [pool-54-thread-1] INFO  segmented.SegmentedRaftLogWorker (SegmentedRaftLogWorker.java:lambda$new$0(133)) - 752ad5df-a7ba-47cd-a255-c78e9754ce7f@group-67F92B9E78E8-SegmentedRaftLogWorker: flushIndex: setUnconditionally 0 -> -1
2021-08-02 05:52:30,797 [pool-54-thread-1] INFO  segmented.SegmentedRaftLogWorker (SegmentedRaftLogWorker.java:lambda$new$0(133)) - 752ad5df-a7ba-47cd-a255-c78e9754ce7f@group-67F92B9E78E8-SegmentedRaftLogWorker: safeCacheEvictIndex: setUnconditionally 0 -> -1
2021-08-02 05:52:30,799 [pool-54-thread-1] INFO  server.RaftServerConfigKeys (ConfUtils.java:logGet(44)) - raft.server.snapshot.auto.trigger.enabled = true (custom)
2021-08-02 05:52:30,799 [pool-54-thread-1] INFO  server.RaftServerConfigKeys (ConfUtils.java:logGet(44)) - raft.server.snapshot.auto.trigger.threshold = 10000 (custom)
2021-08-02 05:52:30,799 [pool-54-thread-1] INFO  server.RaftServerConfigKeys (ConfUtils.java:logGet(44)) - raft.server.snapshot.retention.file.num = 5 (custom)
2021-08-02 05:52:30,799 [pool-54-thread-1] INFO  server.RaftServerConfigKeys (ConfUtils.java:logGet(44)) - raft.server.log.purge.upto.snapshot.index = false (default)
2021-08-02 05:52:30,800 [pool-54-thread-1] INFO  server.RaftServerConfigKeys (ConfUtils.java:logGet(44)) - raft.server.retrycache.expirytime = 600000ms (custom)
2021-08-02 05:52:30,800 [pool-54-thread-1] INFO  server.RaftServerConfigKeys (ConfUtils.java:logGet(44)) - raft.server.retrycache.statistics.expirytime = 100μs (default)
2021-08-02 05:52:30,804 [pool-54-thread-1] INFO  server.RaftServer$Division (RaftServerImpl.java:start(296)) - 752ad5df-a7ba-47cd-a255-c78e9754ce7f@group-67F92B9E78E8: start as a follower, conf=-1: [7c89729d-205d-42d4-b264-d61f860a411d|rpc:10.1.0.32:45115|priority:1, d23be368-b70e-4d1a-afe3-0bdcf6fd1c46|rpc:10.1.0.32:37789|priority:0, 752ad5df-a7ba-47cd-a255-c78e9754ce7f|rpc:10.1.0.32:36497|priority:0], old=null
2021-08-02 05:52:30,805 [pool-54-thread-1] INFO  server.RaftServer$Division (RaftServerImpl.java:setRole(285)) - 752ad5df-a7ba-47cd-a255-c78e9754ce7f@group-67F92B9E78E8: changes role from      null to FOLLOWER at term 0 for startAsFollower
2021-08-02 05:52:30,805 [pool-54-thread-1] INFO  impl.RoleInfo (RoleInfo.java:updateAndGet(130)) - 752ad5df-a7ba-47cd-a255-c78e9754ce7f: start 752ad5df-a7ba-47cd-a255-c78e9754ce7f@group-67F92B9E78E8-FollowerState
2021-08-02 05:52:30,805 [pool-54-thread-1] INFO  util.JmxRegister (JmxRegister.java:tryRegister(44)) - Successfully registered JMX Bean with object name Ratis:service=RaftServer,group=group-67F92B9E78E8,id=752ad5df-a7ba-47cd-a255-c78e9754ce7f
2021-08-02 05:52:30,806 [Command processor thread] INFO  ratis.XceiverServerRatis (XceiverServerRatis.java:addGroup(759)) - Created group PipelineID=77f5a219-a291-4767-982d-67f92b9e78e8
2021-08-02 05:52:30,955 [Command processor thread] INFO  server.RaftServer (RaftServerProxy.java:addNew(95)) - 7c89729d-205d-42d4-b264-d61f860a411d: addNew group-8F3BC002433D:[7c89729d-205d-42d4-b264-d61f860a411d|rpc:10.1.0.32:45115|priority:1] returns group-8F3BC002433D:java.util.concurrent.CompletableFuture@35c7a8e5[Not completed]
2021-08-02 05:52:30,969 [pool-72-thread-1] INFO  server.RaftServer$Division (RaftServerImpl.java:<init>(181)) - 7c89729d-205d-42d4-b264-d61f860a411d: new RaftServerImpl for group-8F3BC002433D:[7c89729d-205d-42d4-b264-d61f860a411d|rpc:10.1.0.32:45115|priority:1] with ContainerStateMachine:uninitialized
2021-08-02 05:52:30,969 [pool-72-thread-1] INFO  server.RaftServerConfigKeys (ConfUtils.java:logGet(44)) - raft.server.rpc.timeout.min = 5s (custom)
2021-08-02 05:52:30,969 [pool-72-thread-1] INFO  server.RaftServerConfigKeys (ConfUtils.java:logGet(44)) - raft.server.rpc.timeout.max = 5200ms (custom)
2021-08-02 05:52:30,969 [pool-72-thread-1] INFO  server.RaftServerConfigKeys (ConfUtils.java:logGet(44)) - raft.server.rpc.sleep.time = 25ms (default)
2021-08-02 05:52:30,969 [pool-72-thread-1] INFO  server.RaftServerConfigKeys (ConfUtils.java:logGet(44)) - raft.server.rpc.slowness.timeout = 300000ms (custom)
2021-08-02 05:52:30,969 [pool-72-thread-1] INFO  server.RaftServerConfigKeys (ConfUtils.java:logGet(44)) - raft.server.leaderelection.leader.step-down.wait-time = 10s (default)
2021-08-02 05:52:30,969 [pool-72-thread-1] INFO  server.RaftServerConfigKeys (ConfUtils.java:logGet(44)) - raft.server.sleep.deviation.threshold = 300ms (default)
2021-08-02 05:52:30,969 [pool-72-thread-1] INFO  server.RaftServerConfigKeys (ConfUtils.java:logGet(44)) - raft.server.log.appender.install.snapshot.enabled = false (custom)
2021-08-02 05:52:30,970 [pool-72-thread-1] INFO  server.RaftServer$Division (ServerState.java:<init>(105)) - 7c89729d-205d-42d4-b264-d61f860a411d@group-8F3BC002433D: ConfigurationManager, init=-1: [7c89729d-205d-42d4-b264-d61f860a411d|rpc:10.1.0.32:45115|priority:1], old=null, confs=<EMPTY_MAP>
2021-08-02 05:52:30,970 [pool-72-thread-1] INFO  server.RaftServerConfigKeys (ConfUtils.java:logGet(44)) - raft.server.storage.dir = [/home/runner/work/ozone/ozone/mnt/ozone/hadoop-ozone/integration-test/target/test-dir/MiniOzoneClusterImpl-4f335ae8-e577-43f0-9715-84c03d5ccb1a/datanode-1/data/ratis] (custom)
2021-08-02 05:52:30,970 [pool-72-thread-1] INFO  server.RaftServerConfigKeys (ConfUtils.java:logGet(44)) - raft.server.log.corruption.policy = EXCEPTION (default)
2021-08-02 05:52:30,970 [pool-72-thread-1] INFO  server.RaftServerConfigKeys (ConfUtils.java:logGet(44)) - raft.server.storage.free-space.min = 0MB (=0) (default)
2021-08-02 05:52:30,970 [pool-72-thread-1] INFO  storage.RaftStorageDirectory (RaftStorageDirectoryImpl.java:analyzeStorage(135)) - The storage directory /home/runner/work/ozone/ozone/mnt/ozone/hadoop-ozone/integration-test/target/test-dir/MiniOzoneClusterImpl-4f335ae8-e577-43f0-9715-84c03d5ccb1a/datanode-1/data/ratis/4472f2bd-9b5d-4636-a791-8f3bc002433d does not exist. Creating ...
2021-08-02 05:52:30,973 [pool-72-thread-1] INFO  storage.RaftStorageDirectory (RaftStorageDirectoryImpl.java:tryLock(230)) - Lock on /home/runner/work/ozone/ozone/mnt/ozone/hadoop-ozone/integration-test/target/test-dir/MiniOzoneClusterImpl-4f335ae8-e577-43f0-9715-84c03d5ccb1a/datanode-1/data/ratis/4472f2bd-9b5d-4636-a791-8f3bc002433d/in_use.lock acquired by nodename 11535@fv-az12-406
2021-08-02 05:52:30,977 [pool-72-thread-1] INFO  storage.RaftStorage (RaftStorageImpl.java:format(89)) - Storage directory /home/runner/work/ozone/ozone/mnt/ozone/hadoop-ozone/integration-test/target/test-dir/MiniOzoneClusterImpl-4f335ae8-e577-43f0-9715-84c03d5ccb1a/datanode-1/data/ratis/4472f2bd-9b5d-4636-a791-8f3bc002433d has been successfully formatted.
2021-08-02 05:52:30,984 [Datanode State Machine Thread - 0] WARN  statemachine.StateContext (StateContext.java:execute(621)) - No available thread in pool for past 1 seconds.
2021-08-02 05:52:30,984 [pool-72-thread-1] INFO  ratis.ContainerStateMachine (ContainerStateMachine.java:loadSnapshot(223)) - group-8F3BC002433D: The snapshot info is null. Setting the last applied indexto:(t:0, i:~)
2021-08-02 05:52:30,986 [pool-72-thread-1] INFO  server.RaftServerConfigKeys (ConfUtils.java:logGet(44)) - raft.server.notification.no-leader.timeout = 300000ms (custom)
2021-08-02 05:52:30,986 [pool-72-thread-1] INFO  server.RaftServerConfigKeys (ConfUtils.java:logGet(44)) - raft.server.log.use.memory = false (default)
2021-08-02 05:52:30,986 [EventQueue-PipelineReportForPipelineReportHandler] INFO  pipeline.PipelineManagerV2Impl (PipelineManagerV2Impl.java:openPipeline(283)) - Pipeline Pipeline[ Id: 4472f2bd-9b5d-4636-a791-8f3bc002433d, Nodes: 7c89729d-205d-42d4-b264-d61f860a411d{ip: 10.1.0.32, host: fv-az12-406.exdb2aeach2ezidoxz41lk3bwg.cx.internal.cloudapp.net, ports: [REPLICATION=41083, RATIS=45115, RATIS_ADMIN=45115, RATIS_SERVER=45115, STANDALONE=38999], networkLocation: /default-rack, certSerialId: null, persistedOpState: IN_SERVICE, persistedOpStateExpiryEpochSec: 0}, ReplicationConfig: RATIS/ONE, State:ALLOCATED, leaderId:7c89729d-205d-42d4-b264-d61f860a411d, CreationTimestamp2021-08-02T05:52:27.971Z[Etc/UTC]] moved to OPEN state
2021-08-02 05:52:30,987 [EventQueue-OpenPipelineForHealthyPipelineSafeModeRule] INFO  safemode.SCMSafeModeManager (HealthyPipelineSafeModeRule.java:process(124)) - SCM in safe mode. Healthy pipelines reported count is 0, required healthy pipeline reported count is 1
2021-08-02 05:52:30,988 [pool-72-thread-1] INFO  server.RaftServerConfigKeys (ConfUtils.java:logGet(44)) - raft.server.log.purge.gap = 1000000 (custom)
2021-08-02 05:52:30,988 [pool-72-thread-1] INFO  server.RaftServerConfigKeys (ConfUtils.java:logGet(44)) - raft.server.log.appender.buffer.byte-limit = 33554432 (custom)
2021-08-02 05:52:30,991 [pool-72-thread-1] INFO  server.RaftServerConfigKeys (ConfUtils.java:logGet(44)) - raft.server.log.segment.size.max = 1048576 (custom)
2021-08-02 05:52:30,992 [pool-72-thread-1] INFO  server.RaftServerConfigKeys (ConfUtils.java:logGet(44)) - raft.server.log.segment.cache.num.max = 2 (custom)
2021-08-02 05:52:30,995 [pool-72-thread-1] INFO  server.RaftServerConfigKeys (ConfUtils.java:logGet(44)) - raft.server.log.segment.cache.size.max = 200MB (=209715200) (default)
2021-08-02 05:52:30,995 [pool-72-thread-1] INFO  segmented.SegmentedRaftLogWorker (SegmentedRaftLogWorker.java:<init>(182)) - new 7c89729d-205d-42d4-b264-d61f860a411d@group-8F3BC002433D-SegmentedRaftLogWorker for RaftStorageImpl:Storage Directory /home/runner/work/ozone/ozone/mnt/ozone/hadoop-ozone/integration-test/target/test-dir/MiniOzoneClusterImpl-4f335ae8-e577-43f0-9715-84c03d5ccb1a/datanode-1/data/ratis/4472f2bd-9b5d-4636-a791-8f3bc002433d
2021-08-02 05:52:30,996 [pool-72-thread-1] INFO  server.RaftServerConfigKeys (ConfUtils.java:logGet(44)) - raft.server.log.queue.byte-limit = 2147483647 (custom)
2021-08-02 05:52:30,996 [pool-72-thread-1] INFO  server.RaftServerConfigKeys (ConfUtils.java:logGet(44)) - raft.server.log.queue.element-limit = 1024 (custom)
2021-08-02 05:52:30,996 [pool-72-thread-1] INFO  server.RaftServerConfigKeys (ConfUtils.java:logGet(44)) - raft.server.log.segment.size.max = 1048576 (custom)
2021-08-02 05:52:30,996 [pool-72-thread-1] INFO  server.RaftServerConfigKeys (ConfUtils.java:logGet(44)) - raft.server.log.preallocated.size = 16384 (custom)
2021-08-02 05:52:30,996 [pool-72-thread-1] INFO  server.RaftServerConfigKeys (ConfUtils.java:logGet(44)) - raft.server.log.force.sync.num = 128 (default)
2021-08-02 05:52:30,996 [pool-72-thread-1] INFO  server.RaftServerConfigKeys (ConfUtils.java:logGet(44)) - raft.server.log.statemachine.data.sync = true (default)
2021-08-02 05:52:30,996 [pool-72-thread-1] INFO  server.RaftServerConfigKeys (ConfUtils.java:logGet(44)) - raft.server.log.statemachine.data.sync.timeout = 10s (default)
2021-08-02 05:52:30,996 [pool-72-thread-1] INFO  server.RaftServerConfigKeys (ConfUtils.java:logGet(44)) - raft.server.log.statemachine.data.sync.timeout.retry = -1 (default)
2021-08-02 05:52:30,997 [pool-72-thread-1] INFO  server.RaftServerConfigKeys (ConfUtils.java:logGet(44)) - raft.server.log.write.buffer.size = 1048576 (custom)
2021-08-02 05:52:31,002 [pool-72-thread-1] INFO  server.RaftServerConfigKeys (ConfUtils.java:logGet(44)) - raft.server.log.statemachine.data.caching.enabled = true (custom)
2021-08-02 05:52:31,002 [pool-72-thread-1] INFO  segmented.SegmentedRaftLogWorker (SegmentedRaftLogWorker.java:lambda$new$0(133)) - 7c89729d-205d-42d4-b264-d61f860a411d@group-8F3BC002433D-SegmentedRaftLogWorker: flushIndex: setUnconditionally 0 -> -1
2021-08-02 05:52:31,005 [pool-72-thread-1] INFO  segmented.SegmentedRaftLogWorker (SegmentedRaftLogWorker.java:lambda$new$0(133)) - 7c89729d-205d-42d4-b264-d61f860a411d@group-8F3BC002433D-SegmentedRaftLogWorker: safeCacheEvictIndex: setUnconditionally 0 -> -1
2021-08-02 05:52:31,016 [pool-72-thread-1] INFO  server.RaftServerConfigKeys (ConfUtils.java:logGet(44)) - raft.server.snapshot.auto.trigger.enabled = true (custom)
2021-08-02 05:52:31,016 [pool-72-thread-1] INFO  server.RaftServerConfigKeys (ConfUtils.java:logGet(44)) - raft.server.snapshot.auto.trigger.threshold = 10000 (custom)
2021-08-02 05:52:31,016 [pool-72-thread-1] INFO  server.RaftServerConfigKeys (ConfUtils.java:logGet(44)) - raft.server.snapshot.retention.file.num = 5 (custom)
2021-08-02 05:52:31,016 [pool-72-thread-1] INFO  server.RaftServerConfigKeys (ConfUtils.java:logGet(44)) - raft.server.log.purge.upto.snapshot.index = false (default)
2021-08-02 05:52:31,016 [pool-72-thread-1] INFO  server.RaftServerConfigKeys (ConfUtils.java:logGet(44)) - raft.server.retrycache.expirytime = 600000ms (custom)
2021-08-02 05:52:31,016 [pool-72-thread-1] INFO  server.RaftServerConfigKeys (ConfUtils.java:logGet(44)) - raft.server.retrycache.statistics.expirytime = 100μs (default)
2021-08-02 05:52:31,018 [pool-72-thread-1] INFO  server.RaftServer$Division (RaftServerImpl.java:start(296)) - 7c89729d-205d-42d4-b264-d61f860a411d@group-8F3BC002433D: start as a follower, conf=-1: [7c89729d-205d-42d4-b264-d61f860a411d|rpc:10.1.0.32:45115|priority:1], old=null
2021-08-02 05:52:31,018 [pool-72-thread-1] INFO  server.RaftServer$Division (RaftServerImpl.java:setRole(285)) - 7c89729d-205d-42d4-b264-d61f860a411d@group-8F3BC002433D: changes role from      null to FOLLOWER at term 0 for startAsFollower
2021-08-02 05:52:31,018 [pool-72-thread-1] INFO  impl.RoleInfo (RoleInfo.java:updateAndGet(130)) - 7c89729d-205d-42d4-b264-d61f860a411d: start 7c89729d-205d-42d4-b264-d61f860a411d@group-8F3BC002433D-FollowerState
2021-08-02 05:52:31,024 [pool-72-thread-1] INFO  util.JmxRegister (JmxRegister.java:tryRegister(44)) - Successfully registered JMX Bean with object name Ratis:service=RaftServer,group=group-8F3BC002433D,id=7c89729d-205d-42d4-b264-d61f860a411d
2021-08-02 05:52:31,026 [Command processor thread] INFO  ratis.XceiverServerRatis (XceiverServerRatis.java:addGroup(759)) - Created group PipelineID=4472f2bd-9b5d-4636-a791-8f3bc002433d
2021-08-02 05:52:31,026 [Command processor thread] INFO  commandhandler.CreatePipelineCommandHandler (CreatePipelineCommandHandler.java:handle(106)) - Created Pipeline RATIS ONE PipelineID=4472f2bd-9b5d-4636-a791-8f3bc002433d.
2021-08-02 05:52:31,028 [Command processor thread] INFO  server.RaftServer (RaftServerProxy.java:addNew(95)) - 7c89729d-205d-42d4-b264-d61f860a411d: addNew group-67F92B9E78E8:[7c89729d-205d-42d4-b264-d61f860a411d|rpc:10.1.0.32:45115|priority:1, d23be368-b70e-4d1a-afe3-0bdcf6fd1c46|rpc:10.1.0.32:37789|priority:0, 752ad5df-a7ba-47cd-a255-c78e9754ce7f|rpc:10.1.0.32:36497|priority:0] returns group-67F92B9E78E8:java.util.concurrent.CompletableFuture@31f82a85[Not completed]
2021-08-02 05:52:31,029 [pool-72-thread-1] INFO  server.RaftServer$Division (RaftServerImpl.java:<init>(181)) - 7c89729d-205d-42d4-b264-d61f860a411d: new RaftServerImpl for group-67F92B9E78E8:[7c89729d-205d-42d4-b264-d61f860a411d|rpc:10.1.0.32:45115|priority:1, d23be368-b70e-4d1a-afe3-0bdcf6fd1c46|rpc:10.1.0.32:37789|priority:0, 752ad5df-a7ba-47cd-a255-c78e9754ce7f|rpc:10.1.0.32:36497|priority:0] with ContainerStateMachine:uninitialized
2021-08-02 05:52:31,032 [pool-72-thread-1] INFO  server.RaftServerConfigKeys (ConfUtils.java:logGet(44)) - raft.server.rpc.timeout.min = 5s (custom)
2021-08-02 05:52:31,032 [pool-72-thread-1] INFO  server.RaftServerConfigKeys (ConfUtils.java:logGet(44)) - raft.server.rpc.timeout.max = 5200ms (custom)
2021-08-02 05:52:31,032 [pool-72-thread-1] INFO  server.RaftServerConfigKeys (ConfUtils.java:logGet(44)) - raft.server.rpc.sleep.time = 25ms (default)
2021-08-02 05:52:31,032 [pool-72-thread-1] INFO  server.RaftServerConfigKeys (ConfUtils.java:logGet(44)) - raft.server.rpc.slowness.timeout = 300000ms (custom)
2021-08-02 05:52:31,032 [pool-72-thread-1] INFO  server.RaftServerConfigKeys (ConfUtils.java:logGet(44)) - raft.server.leaderelection.leader.step-down.wait-time = 10s (default)
2021-08-02 05:52:31,032 [pool-72-thread-1] INFO  server.RaftServerConfigKeys (ConfUtils.java:logGet(44)) - raft.server.sleep.deviation.threshold = 300ms (default)
2021-08-02 05:52:31,032 [pool-72-thread-1] INFO  server.RaftServerConfigKeys (ConfUtils.java:logGet(44)) - raft.server.log.appender.install.snapshot.enabled = false (custom)
2021-08-02 05:52:31,032 [pool-72-thread-1] INFO  server.RaftServer$Division (ServerState.java:<init>(105)) - 7c89729d-205d-42d4-b264-d61f860a411d@group-67F92B9E78E8: ConfigurationManager, init=-1: [7c89729d-205d-42d4-b264-d61f860a411d|rpc:10.1.0.32:45115|priority:1, d23be368-b70e-4d1a-afe3-0bdcf6fd1c46|rpc:10.1.0.32:37789|priority:0, 752ad5df-a7ba-47cd-a255-c78e9754ce7f|rpc:10.1.0.32:36497|priority:0], old=null, confs=<EMPTY_MAP>
2021-08-02 05:52:31,032 [pool-72-thread-1] INFO  server.RaftServerConfigKeys (ConfUtils.java:logGet(44)) - raft.server.storage.dir = [/home/runner/work/ozone/ozone/mnt/ozone/hadoop-ozone/integration-test/target/test-dir/MiniOzoneClusterImpl-4f335ae8-e577-43f0-9715-84c03d5ccb1a/datanode-1/data/ratis] (custom)
2021-08-02 05:52:31,032 [pool-72-thread-1] INFO  server.RaftServerConfigKeys (ConfUtils.java:logGet(44)) - raft.server.log.corruption.policy = EXCEPTION (default)
2021-08-02 05:52:31,032 [pool-72-thread-1] INFO  server.RaftServerConfigKeys (ConfUtils.java:logGet(44)) - raft.server.storage.free-space.min = 0MB (=0) (default)
2021-08-02 05:52:31,032 [pool-72-thread-1] INFO  storage.RaftStorageDirectory (RaftStorageDirectoryImpl.java:analyzeStorage(135)) - The storage directory /home/runner/work/ozone/ozone/mnt/ozone/hadoop-ozone/integration-test/target/test-dir/MiniOzoneClusterImpl-4f335ae8-e577-43f0-9715-84c03d5ccb1a/datanode-1/data/ratis/77f5a219-a291-4767-982d-67f92b9e78e8 does not exist. Creating ...
2021-08-02 05:52:31,033 [pool-72-thread-1] INFO  storage.RaftStorageDirectory (RaftStorageDirectoryImpl.java:tryLock(230)) - Lock on /home/runner/work/ozone/ozone/mnt/ozone/hadoop-ozone/integration-test/target/test-dir/MiniOzoneClusterImpl-4f335ae8-e577-43f0-9715-84c03d5ccb1a/datanode-1/data/ratis/77f5a219-a291-4767-982d-67f92b9e78e8/in_use.lock acquired by nodename 11535@fv-az12-406
2021-08-02 05:52:31,035 [pool-72-thread-1] INFO  storage.RaftStorage (RaftStorageImpl.java:format(89)) - Storage directory /home/runner/work/ozone/ozone/mnt/ozone/hadoop-ozone/integration-test/target/test-dir/MiniOzoneClusterImpl-4f335ae8-e577-43f0-9715-84c03d5ccb1a/datanode-1/data/ratis/77f5a219-a291-4767-982d-67f92b9e78e8 has been successfully formatted.
2021-08-02 05:52:31,035 [pool-72-thread-1] INFO  ratis.ContainerStateMachine (ContainerStateMachine.java:loadSnapshot(223)) - group-67F92B9E78E8: The snapshot info is null. Setting the last applied indexto:(t:0, i:~)
2021-08-02 05:52:31,035 [pool-72-thread-1] INFO  server.RaftServerConfigKeys (ConfUtils.java:logGet(44)) - raft.server.notification.no-leader.timeout = 300000ms (custom)
2021-08-02 05:52:31,035 [pool-72-thread-1] INFO  server.RaftServerConfigKeys (ConfUtils.java:logGet(44)) - raft.server.log.use.memory = false (default)
2021-08-02 05:52:31,035 [Datanode State Machine Thread - 0] WARN  statemachine.StateContext (StateContext.java:execute(621)) - No available thread in pool for past 1 seconds.
2021-08-02 05:52:31,035 [pool-72-thread-1] INFO  server.RaftServerConfigKeys (ConfUtils.java:logGet(44)) - raft.server.log.purge.gap = 1000000 (custom)
2021-08-02 05:52:31,036 [pool-72-thread-1] INFO  server.RaftServerConfigKeys (ConfUtils.java:logGet(44)) - raft.server.log.appender.buffer.byte-limit = 33554432 (custom)
2021-08-02 05:52:31,036 [pool-72-thread-1] INFO  server.RaftServerConfigKeys (ConfUtils.java:logGet(44)) - raft.server.log.segment.size.max = 1048576 (custom)
2021-08-02 05:52:31,038 [EventQueue-OpenPipelineForHealthyPipelineSafeModeRule] INFO  safemode.SCMSafeModeManager (HealthyPipelineSafeModeRule.java:process(124)) - SCM in safe mode. Healthy pipelines reported count is 0, required healthy pipeline reported count is 1
2021-08-02 05:52:31,042 [pool-72-thread-1] INFO  server.RaftServerConfigKeys (ConfUtils.java:logGet(44)) - raft.server.log.segment.cache.num.max = 2 (custom)
2021-08-02 05:52:31,042 [pool-72-thread-1] INFO  server.RaftServerConfigKeys (ConfUtils.java:logGet(44)) - raft.server.log.segment.cache.size.max = 200MB (=209715200) (default)
2021-08-02 05:52:31,042 [pool-72-thread-1] INFO  segmented.SegmentedRaftLogWorker (SegmentedRaftLogWorker.java:<init>(182)) - new 7c89729d-205d-42d4-b264-d61f860a411d@group-67F92B9E78E8-SegmentedRaftLogWorker for RaftStorageImpl:Storage Directory /home/runner/work/ozone/ozone/mnt/ozone/hadoop-ozone/integration-test/target/test-dir/MiniOzoneClusterImpl-4f335ae8-e577-43f0-9715-84c03d5ccb1a/datanode-1/data/ratis/77f5a219-a291-4767-982d-67f92b9e78e8
2021-08-02 05:52:31,042 [pool-72-thread-1] INFO  server.RaftServerConfigKeys (ConfUtils.java:logGet(44)) - raft.server.log.queue.byte-limit = 2147483647 (custom)
2021-08-02 05:52:31,042 [pool-72-thread-1] INFO  server.RaftServerConfigKeys (ConfUtils.java:logGet(44)) - raft.server.log.queue.element-limit = 1024 (custom)
2021-08-02 05:52:31,042 [pool-72-thread-1] INFO  server.RaftServerConfigKeys (ConfUtils.java:logGet(44)) - raft.server.log.segment.size.max = 1048576 (custom)
2021-08-02 05:52:31,042 [pool-72-thread-1] INFO  server.RaftServerConfigKeys (ConfUtils.java:logGet(44)) - raft.server.log.preallocated.size = 16384 (custom)
2021-08-02 05:52:31,042 [pool-72-thread-1] INFO  server.RaftServerConfigKeys (ConfUtils.java:logGet(44)) - raft.server.log.force.sync.num = 128 (default)
2021-08-02 05:52:31,042 [pool-72-thread-1] INFO  server.RaftServerConfigKeys (ConfUtils.java:logGet(44)) - raft.server.log.statemachine.data.sync = true (default)
2021-08-02 05:52:31,042 [pool-72-thread-1] INFO  server.RaftServerConfigKeys (ConfUtils.java:logGet(44)) - raft.server.log.statemachine.data.sync.timeout = 10s (default)
2021-08-02 05:52:31,042 [pool-72-thread-1] INFO  server.RaftServerConfigKeys (ConfUtils.java:logGet(44)) - raft.server.log.statemachine.data.sync.timeout.retry = -1 (default)
2021-08-02 05:52:31,043 [pool-72-thread-1] INFO  server.RaftServerConfigKeys (ConfUtils.java:logGet(44)) - raft.server.log.write.buffer.size = 1048576 (custom)
2021-08-02 05:52:31,044 [pool-72-thread-1] INFO  server.RaftServerConfigKeys (ConfUtils.java:logGet(44)) - raft.server.log.statemachine.data.caching.enabled = true (custom)
2021-08-02 05:52:31,044 [pool-72-thread-1] INFO  segmented.SegmentedRaftLogWorker (SegmentedRaftLogWorker.java:lambda$new$0(133)) - 7c89729d-205d-42d4-b264-d61f860a411d@group-67F92B9E78E8-SegmentedRaftLogWorker: flushIndex: setUnconditionally 0 -> -1
2021-08-02 05:52:31,044 [pool-72-thread-1] INFO  segmented.SegmentedRaftLogWorker (SegmentedRaftLogWorker.java:lambda$new$0(133)) - 7c89729d-205d-42d4-b264-d61f860a411d@group-67F92B9E78E8-SegmentedRaftLogWorker: safeCacheEvictIndex: setUnconditionally 0 -> -1
2021-08-02 05:52:31,056 [pool-72-thread-1] INFO  server.RaftServerConfigKeys (ConfUtils.java:logGet(44)) - raft.server.snapshot.auto.trigger.enabled = true (custom)
2021-08-02 05:52:31,056 [pool-72-thread-1] INFO  server.RaftServerConfigKeys (ConfUtils.java:logGet(44)) - raft.server.snapshot.auto.trigger.threshold = 10000 (custom)
2021-08-02 05:52:31,056 [pool-72-thread-1] INFO  server.RaftServerConfigKeys (ConfUtils.java:logGet(44)) - raft.server.snapshot.retention.file.num = 5 (custom)
2021-08-02 05:52:31,056 [pool-72-thread-1] INFO  server.RaftServerConfigKeys (ConfUtils.java:logGet(44)) - raft.server.log.purge.upto.snapshot.index = false (default)
2021-08-02 05:52:31,057 [pool-72-thread-1] INFO  server.RaftServerConfigKeys (ConfUtils.java:logGet(44)) - raft.server.retrycache.expirytime = 600000ms (custom)
2021-08-02 05:52:31,057 [pool-72-thread-1] INFO  server.RaftServerConfigKeys (ConfUtils.java:logGet(44)) - raft.server.retrycache.statistics.expirytime = 100μs (default)
2021-08-02 05:52:31,058 [pool-72-thread-1] INFO  server.RaftServer$Division (RaftServerImpl.java:start(296)) - 7c89729d-205d-42d4-b264-d61f860a411d@group-67F92B9E78E8: start as a follower, conf=-1: [7c89729d-205d-42d4-b264-d61f860a411d|rpc:10.1.0.32:45115|priority:1, d23be368-b70e-4d1a-afe3-0bdcf6fd1c46|rpc:10.1.0.32:37789|priority:0, 752ad5df-a7ba-47cd-a255-c78e9754ce7f|rpc:10.1.0.32:36497|priority:0], old=null
2021-08-02 05:52:31,058 [pool-72-thread-1] INFO  server.RaftServer$Division (RaftServerImpl.java:setRole(285)) - 7c89729d-205d-42d4-b264-d61f860a411d@group-67F92B9E78E8: changes role from      null to FOLLOWER at term 0 for startAsFollower
2021-08-02 05:52:31,058 [pool-72-thread-1] INFO  impl.RoleInfo (RoleInfo.java:updateAndGet(130)) - 7c89729d-205d-42d4-b264-d61f860a411d: start 7c89729d-205d-42d4-b264-d61f860a411d@group-67F92B9E78E8-FollowerState
2021-08-02 05:52:31,062 [pool-72-thread-1] INFO  util.JmxRegister (JmxRegister.java:tryRegister(44)) - Successfully registered JMX Bean with object name Ratis:service=RaftServer,group=group-67F92B9E78E8,id=7c89729d-205d-42d4-b264-d61f860a411d
2021-08-02 05:52:31,063 [Command processor thread] INFO  ratis.XceiverServerRatis (XceiverServerRatis.java:addGroup(759)) - Created group PipelineID=77f5a219-a291-4767-982d-67f92b9e78e8
2021-08-02 05:52:31,122 [grpc-default-executor-1] INFO  server.RaftServer (RaftServerProxy.java:addNew(95)) - d23be368-b70e-4d1a-afe3-0bdcf6fd1c46: addNew group-67F92B9E78E8:[7c89729d-205d-42d4-b264-d61f860a411d|rpc:10.1.0.32:45115|dataStream:|priority:1, d23be368-b70e-4d1a-afe3-0bdcf6fd1c46|rpc:10.1.0.32:37789|dataStream:|priority:0, 752ad5df-a7ba-47cd-a255-c78e9754ce7f|rpc:10.1.0.32:36497|dataStream:|priority:0] returns group-67F92B9E78E8:java.util.concurrent.CompletableFuture@4706e425[Not completed]
2021-08-02 05:52:31,123 [pool-90-thread-1] INFO  server.RaftServer$Division (RaftServerImpl.java:<init>(181)) - d23be368-b70e-4d1a-afe3-0bdcf6fd1c46: new RaftServerImpl for group-67F92B9E78E8:[7c89729d-205d-42d4-b264-d61f860a411d|rpc:10.1.0.32:45115|dataStream:|priority:1, d23be368-b70e-4d1a-afe3-0bdcf6fd1c46|rpc:10.1.0.32:37789|dataStream:|priority:0, 752ad5df-a7ba-47cd-a255-c78e9754ce7f|rpc:10.1.0.32:36497|dataStream:|priority:0] with ContainerStateMachine:uninitialized
2021-08-02 05:52:31,123 [pool-90-thread-1] INFO  server.RaftServerConfigKeys (ConfUtils.java:logGet(44)) - raft.server.rpc.timeout.min = 5s (custom)
2021-08-02 05:52:31,123 [pool-90-thread-1] INFO  server.RaftServerConfigKeys (ConfUtils.java:logGet(44)) - raft.server.rpc.timeout.max = 5200ms (custom)
2021-08-02 05:52:31,124 [pool-90-thread-1] INFO  server.RaftServerConfigKeys (ConfUtils.java:logGet(44)) - raft.server.rpc.sleep.time = 25ms (default)
2021-08-02 05:52:31,124 [pool-90-thread-1] INFO  server.RaftServerConfigKeys (ConfUtils.java:logGet(44)) - raft.server.rpc.slowness.timeout = 300000ms (custom)
2021-08-02 05:52:31,124 [pool-90-thread-1] INFO  server.RaftServerConfigKeys (ConfUtils.java:logGet(44)) - raft.server.leaderelection.leader.step-down.wait-time = 10s (default)
2021-08-02 05:52:31,124 [pool-90-thread-1] INFO  server.RaftServerConfigKeys (ConfUtils.java:logGet(44)) - raft.server.sleep.deviation.threshold = 300ms (default)
2021-08-02 05:52:31,124 [pool-90-thread-1] INFO  server.RaftServerConfigKeys (ConfUtils.java:logGet(44)) - raft.server.log.appender.install.snapshot.enabled = false (custom)
2021-08-02 05:52:31,124 [pool-90-thread-1] INFO  server.RaftServer$Division (ServerState.java:<init>(105)) - d23be368-b70e-4d1a-afe3-0bdcf6fd1c46@group-67F92B9E78E8: ConfigurationManager, init=-1: [7c89729d-205d-42d4-b264-d61f860a411d|rpc:10.1.0.32:45115|dataStream:|priority:1, d23be368-b70e-4d1a-afe3-0bdcf6fd1c46|rpc:10.1.0.32:37789|dataStream:|priority:0, 752ad5df-a7ba-47cd-a255-c78e9754ce7f|rpc:10.1.0.32:36497|dataStream:|priority:0], old=null, confs=<EMPTY_MAP>
2021-08-02 05:52:31,124 [pool-90-thread-1] INFO  server.RaftServerConfigKeys (ConfUtils.java:logGet(44)) - raft.server.storage.dir = [/home/runner/work/ozone/ozone/mnt/ozone/hadoop-ozone/integration-test/target/test-dir/MiniOzoneClusterImpl-4f335ae8-e577-43f0-9715-84c03d5ccb1a/datanode-2/data/ratis] (custom)
2021-08-02 05:52:31,124 [pool-90-thread-1] INFO  server.RaftServerConfigKeys (ConfUtils.java:logGet(44)) - raft.server.log.corruption.policy = EXCEPTION (default)
2021-08-02 05:52:31,124 [pool-90-thread-1] INFO  server.RaftServerConfigKeys (ConfUtils.java:logGet(44)) - raft.server.storage.free-space.min = 0MB (=0) (default)
2021-08-02 05:52:31,124 [pool-90-thread-1] INFO  storage.RaftStorageDirectory (RaftStorageDirectoryImpl.java:analyzeStorage(135)) - The storage directory /home/runner/work/ozone/ozone/mnt/ozone/hadoop-ozone/integration-test/target/test-dir/MiniOzoneClusterImpl-4f335ae8-e577-43f0-9715-84c03d5ccb1a/datanode-2/data/ratis/77f5a219-a291-4767-982d-67f92b9e78e8 does not exist. Creating ...
2021-08-02 05:52:31,125 [pool-90-thread-1] INFO  storage.RaftStorageDirectory (RaftStorageDirectoryImpl.java:tryLock(230)) - Lock on /home/runner/work/ozone/ozone/mnt/ozone/hadoop-ozone/integration-test/target/test-dir/MiniOzoneClusterImpl-4f335ae8-e577-43f0-9715-84c03d5ccb1a/datanode-2/data/ratis/77f5a219-a291-4767-982d-67f92b9e78e8/in_use.lock acquired by nodename 11535@fv-az12-406
2021-08-02 05:52:31,126 [pool-90-thread-1] INFO  storage.RaftStorage (RaftStorageImpl.java:format(89)) - Storage directory /home/runner/work/ozone/ozone/mnt/ozone/hadoop-ozone/integration-test/target/test-dir/MiniOzoneClusterImpl-4f335ae8-e577-43f0-9715-84c03d5ccb1a/datanode-2/data/ratis/77f5a219-a291-4767-982d-67f92b9e78e8 has been successfully formatted.
2021-08-02 05:52:31,131 [pool-90-thread-1] INFO  ratis.ContainerStateMachine (ContainerStateMachine.java:loadSnapshot(223)) - group-67F92B9E78E8: The snapshot info is null. Setting the last applied indexto:(t:0, i:~)
2021-08-02 05:52:31,132 [pool-90-thread-1] INFO  server.RaftServerConfigKeys (ConfUtils.java:logGet(44)) - raft.server.notification.no-leader.timeout = 300000ms (custom)
2021-08-02 05:52:31,132 [pool-90-thread-1] INFO  server.RaftServerConfigKeys (ConfUtils.java:logGet(44)) - raft.server.log.use.memory = false (default)
2021-08-02 05:52:31,132 [pool-90-thread-1] INFO  server.RaftServerConfigKeys (ConfUtils.java:logGet(44)) - raft.server.log.purge.gap = 1000000 (custom)
2021-08-02 05:52:31,132 [pool-90-thread-1] INFO  server.RaftServerConfigKeys (ConfUtils.java:logGet(44)) - raft.server.log.appender.buffer.byte-limit = 33554432 (custom)
2021-08-02 05:52:31,132 [pool-90-thread-1] INFO  server.RaftServerConfigKeys (ConfUtils.java:logGet(44)) - raft.server.log.segment.size.max = 1048576 (custom)
2021-08-02 05:52:31,132 [Datanode State Machine Thread - 0] WARN  statemachine.StateContext (StateContext.java:execute(621)) - No available thread in pool for past 1 seconds.
2021-08-02 05:52:31,133 [pool-90-thread-1] INFO  server.RaftServerConfigKeys (ConfUtils.java:logGet(44)) - raft.server.log.segment.cache.num.max = 2 (custom)
2021-08-02 05:52:31,136 [pool-90-thread-1] INFO  server.RaftServerConfigKeys (ConfUtils.java:logGet(44)) - raft.server.log.segment.cache.size.max = 200MB (=209715200) (default)
2021-08-02 05:52:31,137 [pool-90-thread-1] INFO  segmented.SegmentedRaftLogWorker (SegmentedRaftLogWorker.java:<init>(182)) - new d23be368-b70e-4d1a-afe3-0bdcf6fd1c46@group-67F92B9E78E8-SegmentedRaftLogWorker for RaftStorageImpl:Storage Directory /home/runner/work/ozone/ozone/mnt/ozone/hadoop-ozone/integration-test/target/test-dir/MiniOzoneClusterImpl-4f335ae8-e577-43f0-9715-84c03d5ccb1a/datanode-2/data/ratis/77f5a219-a291-4767-982d-67f92b9e78e8
2021-08-02 05:52:31,137 [pool-90-thread-1] INFO  server.RaftServerConfigKeys (ConfUtils.java:logGet(44)) - raft.server.log.queue.byte-limit = 2147483647 (custom)
2021-08-02 05:52:31,137 [pool-90-thread-1] INFO  server.RaftServerConfigKeys (ConfUtils.java:logGet(44)) - raft.server.log.queue.element-limit = 1024 (custom)
2021-08-02 05:52:31,137 [pool-90-thread-1] INFO  server.RaftServerConfigKeys (ConfUtils.java:logGet(44)) - raft.server.log.segment.size.max = 1048576 (custom)
2021-08-02 05:52:31,137 [pool-90-thread-1] INFO  server.RaftServerConfigKeys (ConfUtils.java:logGet(44)) - raft.server.log.preallocated.size = 16384 (custom)
2021-08-02 05:52:31,137 [pool-90-thread-1] INFO  server.RaftServerConfigKeys (ConfUtils.java:logGet(44)) - raft.server.log.force.sync.num = 128 (default)
2021-08-02 05:52:31,137 [pool-90-thread-1] INFO  server.RaftServerConfigKeys (ConfUtils.java:logGet(44)) - raft.server.log.statemachine.data.sync = true (default)
2021-08-02 05:52:31,137 [pool-90-thread-1] INFO  server.RaftServerConfigKeys (ConfUtils.java:logGet(44)) - raft.server.log.statemachine.data.sync.timeout = 10s (default)
2021-08-02 05:52:31,137 [pool-90-thread-1] INFO  server.RaftServerConfigKeys (ConfUtils.java:logGet(44)) - raft.server.log.statemachine.data.sync.timeout.retry = -1 (default)
2021-08-02 05:52:31,138 [pool-90-thread-1] INFO  server.RaftServerConfigKeys (ConfUtils.java:logGet(44)) - raft.server.log.write.buffer.size = 1048576 (custom)
2021-08-02 05:52:31,139 [pool-90-thread-1] INFO  server.RaftServerConfigKeys (ConfUtils.java:logGet(44)) - raft.server.log.statemachine.data.caching.enabled = true (custom)
2021-08-02 05:52:31,140 [pool-90-thread-1] INFO  segmented.SegmentedRaftLogWorker (SegmentedRaftLogWorker.java:lambda$new$0(133)) - d23be368-b70e-4d1a-afe3-0bdcf6fd1c46@group-67F92B9E78E8-SegmentedRaftLogWorker: flushIndex: setUnconditionally 0 -> -1
2021-08-02 05:52:31,140 [pool-90-thread-1] INFO  segmented.SegmentedRaftLogWorker (SegmentedRaftLogWorker.java:lambda$new$0(133)) - d23be368-b70e-4d1a-afe3-0bdcf6fd1c46@group-67F92B9E78E8-SegmentedRaftLogWorker: safeCacheEvictIndex: setUnconditionally 0 -> -1
2021-08-02 05:52:31,141 [pool-90-thread-1] INFO  server.RaftServerConfigKeys (ConfUtils.java:logGet(44)) - raft.server.snapshot.auto.trigger.enabled = true (custom)
2021-08-02 05:52:31,141 [pool-90-thread-1] INFO  server.RaftServerConfigKeys (ConfUtils.java:logGet(44)) - raft.server.snapshot.auto.trigger.threshold = 10000 (custom)
2021-08-02 05:52:31,141 [pool-90-thread-1] INFO  server.RaftServerConfigKeys (ConfUtils.java:logGet(44)) - raft.server.snapshot.retention.file.num = 5 (custom)
2021-08-02 05:52:31,141 [pool-90-thread-1] INFO  server.RaftServerConfigKeys (ConfUtils.java:logGet(44)) - raft.server.log.purge.upto.snapshot.index = false (default)
2021-08-02 05:52:31,141 [pool-90-thread-1] INFO  server.RaftServerConfigKeys (ConfUtils.java:logGet(44)) - raft.server.retrycache.expirytime = 600000ms (custom)
2021-08-02 05:52:31,141 [pool-90-thread-1] INFO  server.RaftServerConfigKeys (ConfUtils.java:logGet(44)) - raft.server.retrycache.statistics.expirytime = 100μs (default)
2021-08-02 05:52:31,148 [pool-90-thread-1] INFO  server.RaftServer$Division (RaftServerImpl.java:start(296)) - d23be368-b70e-4d1a-afe3-0bdcf6fd1c46@group-67F92B9E78E8: start as a follower, conf=-1: [7c89729d-205d-42d4-b264-d61f860a411d|rpc:10.1.0.32:45115|dataStream:|priority:1, d23be368-b70e-4d1a-afe3-0bdcf6fd1c46|rpc:10.1.0.32:37789|dataStream:|priority:0, 752ad5df-a7ba-47cd-a255-c78e9754ce7f|rpc:10.1.0.32:36497|dataStream:|priority:0], old=null
2021-08-02 05:52:31,148 [pool-90-thread-1] INFO  server.RaftServer$Division (RaftServerImpl.java:setRole(285)) - d23be368-b70e-4d1a-afe3-0bdcf6fd1c46@group-67F92B9E78E8: changes role from      null to FOLLOWER at term 0 for startAsFollower
2021-08-02 05:52:31,148 [pool-90-thread-1] INFO  impl.RoleInfo (RoleInfo.java:updateAndGet(130)) - d23be368-b70e-4d1a-afe3-0bdcf6fd1c46: start d23be368-b70e-4d1a-afe3-0bdcf6fd1c46@group-67F92B9E78E8-FollowerState
2021-08-02 05:52:31,150 [Command processor thread] INFO  server.RaftServer (RaftServerProxy.java:addNew(95)) - d23be368-b70e-4d1a-afe3-0bdcf6fd1c46: addNew group-39348F835775:[d23be368-b70e-4d1a-afe3-0bdcf6fd1c46|rpc:10.1.0.32:37789|priority:1] returns group-39348F835775:java.util.concurrent.CompletableFuture@1831079b[Not completed]
2021-08-02 05:52:31,156 [pool-90-thread-1] INFO  util.JmxRegister (JmxRegister.java:tryRegister(44)) - Successfully registered JMX Bean with object name Ratis:service=RaftServer,group=group-67F92B9E78E8,id=d23be368-b70e-4d1a-afe3-0bdcf6fd1c46
2021-08-02 05:52:31,175 [pool-90-thread-1] INFO  server.RaftServer$Division (RaftServerImpl.java:<init>(181)) - d23be368-b70e-4d1a-afe3-0bdcf6fd1c46: new RaftServerImpl for group-39348F835775:[d23be368-b70e-4d1a-afe3-0bdcf6fd1c46|rpc:10.1.0.32:37789|priority:1] with ContainerStateMachine:uninitialized
2021-08-02 05:52:31,175 [pool-90-thread-1] INFO  server.RaftServerConfigKeys (ConfUtils.java:logGet(44)) - raft.server.rpc.timeout.min = 5s (custom)
2021-08-02 05:52:31,175 [pool-90-thread-1] INFO  server.RaftServerConfigKeys (ConfUtils.java:logGet(44)) - raft.server.rpc.timeout.max = 5200ms (custom)
2021-08-02 05:52:31,175 [pool-90-thread-1] INFO  server.RaftServerConfigKeys (ConfUtils.java:logGet(44)) - raft.server.rpc.sleep.time = 25ms (default)
2021-08-02 05:52:31,175 [pool-90-thread-1] INFO  server.RaftServerConfigKeys (ConfUtils.java:logGet(44)) - raft.server.rpc.slowness.timeout = 300000ms (custom)
2021-08-02 05:52:31,175 [pool-90-thread-1] INFO  server.RaftServerConfigKeys (ConfUtils.java:logGet(44)) - raft.server.leaderelection.leader.step-down.wait-time = 10s (default)
2021-08-02 05:52:31,175 [pool-90-thread-1] INFO  server.RaftServerConfigKeys (ConfUtils.java:logGet(44)) - raft.server.sleep.deviation.threshold = 300ms (default)
2021-08-02 05:52:31,175 [pool-90-thread-1] INFO  server.RaftServerConfigKeys (ConfUtils.java:logGet(44)) - raft.server.log.appender.install.snapshot.enabled = false (custom)
2021-08-02 05:52:31,175 [pool-90-thread-1] INFO  server.RaftServer$Division (ServerState.java:<init>(105)) - d23be368-b70e-4d1a-afe3-0bdcf6fd1c46@group-39348F835775: ConfigurationManager, init=-1: [d23be368-b70e-4d1a-afe3-0bdcf6fd1c46|rpc:10.1.0.32:37789|priority:1], old=null, confs=<EMPTY_MAP>
2021-08-02 05:52:31,176 [pool-90-thread-1] INFO  server.RaftServerConfigKeys (ConfUtils.java:logGet(44)) - raft.server.storage.dir = [/home/runner/work/ozone/ozone/mnt/ozone/hadoop-ozone/integration-test/target/test-dir/MiniOzoneClusterImpl-4f335ae8-e577-43f0-9715-84c03d5ccb1a/datanode-2/data/ratis] (custom)
2021-08-02 05:52:31,176 [pool-90-thread-1] INFO  server.RaftServerConfigKeys (ConfUtils.java:logGet(44)) - raft.server.log.corruption.policy = EXCEPTION (default)
2021-08-02 05:52:31,176 [pool-90-thread-1] INFO  server.RaftServerConfigKeys (ConfUtils.java:logGet(44)) - raft.server.storage.free-space.min = 0MB (=0) (default)
2021-08-02 05:52:31,176 [pool-90-thread-1] INFO  storage.RaftStorageDirectory (RaftStorageDirectoryImpl.java:analyzeStorage(135)) - The storage directory /home/runner/work/ozone/ozone/mnt/ozone/hadoop-ozone/integration-test/target/test-dir/MiniOzoneClusterImpl-4f335ae8-e577-43f0-9715-84c03d5ccb1a/datanode-2/data/ratis/90e41eba-2b82-4f8f-b312-39348f835775 does not exist. Creating ...
2021-08-02 05:52:31,177 [pool-90-thread-1] INFO  storage.RaftStorageDirectory (RaftStorageDirectoryImpl.java:tryLock(230)) - Lock on /home/runner/work/ozone/ozone/mnt/ozone/hadoop-ozone/integration-test/target/test-dir/MiniOzoneClusterImpl-4f335ae8-e577-43f0-9715-84c03d5ccb1a/datanode-2/data/ratis/90e41eba-2b82-4f8f-b312-39348f835775/in_use.lock acquired by nodename 11535@fv-az12-406
2021-08-02 05:52:31,180 [pool-90-thread-1] INFO  storage.RaftStorage (RaftStorageImpl.java:format(89)) - Storage directory /home/runner/work/ozone/ozone/mnt/ozone/hadoop-ozone/integration-test/target/test-dir/MiniOzoneClusterImpl-4f335ae8-e577-43f0-9715-84c03d5ccb1a/datanode-2/data/ratis/90e41eba-2b82-4f8f-b312-39348f835775 has been successfully formatted.
2021-08-02 05:52:31,180 [pool-90-thread-1] INFO  ratis.ContainerStateMachine (ContainerStateMachine.java:loadSnapshot(223)) - group-39348F835775: The snapshot info is null. Setting the last applied indexto:(t:0, i:~)
2021-08-02 05:52:31,181 [pool-90-thread-1] INFO  server.RaftServerConfigKeys (ConfUtils.java:logGet(44)) - raft.server.notification.no-leader.timeout = 300000ms (custom)
2021-08-02 05:52:31,181 [pool-90-thread-1] INFO  server.RaftServerConfigKeys (ConfUtils.java:logGet(44)) - raft.server.log.use.memory = false (default)
2021-08-02 05:52:31,181 [pool-90-thread-1] INFO  server.RaftServerConfigKeys (ConfUtils.java:logGet(44)) - raft.server.log.purge.gap = 1000000 (custom)
2021-08-02 05:52:31,181 [pool-90-thread-1] INFO  server.RaftServerConfigKeys (ConfUtils.java:logGet(44)) - raft.server.log.appender.buffer.byte-limit = 33554432 (custom)
2021-08-02 05:52:31,182 [pool-90-thread-1] INFO  server.RaftServerConfigKeys (ConfUtils.java:logGet(44)) - raft.server.log.segment.size.max = 1048576 (custom)
2021-08-02 05:52:31,182 [EventQueue-PipelineReportForPipelineReportHandler] INFO  pipeline.PipelineManagerV2Impl (PipelineManagerV2Impl.java:openPipeline(283)) - Pipeline Pipeline[ Id: 90e41eba-2b82-4f8f-b312-39348f835775, Nodes: d23be368-b70e-4d1a-afe3-0bdcf6fd1c46{ip: 10.1.0.32, host: fv-az12-406.exdb2aeach2ezidoxz41lk3bwg.cx.internal.cloudapp.net, ports: [REPLICATION=44319, RATIS=37789, RATIS_ADMIN=37789, RATIS_SERVER=37789, STANDALONE=36523], networkLocation: /default-rack, certSerialId: null, persistedOpState: IN_SERVICE, persistedOpStateExpiryEpochSec: 0}, ReplicationConfig: RATIS/ONE, State:ALLOCATED, leaderId:d23be368-b70e-4d1a-afe3-0bdcf6fd1c46, CreationTimestamp2021-08-02T05:52:28.154Z[Etc/UTC]] moved to OPEN state
2021-08-02 05:52:31,183 [EventQueue-OpenPipelineForHealthyPipelineSafeModeRule] INFO  safemode.SCMSafeModeManager (HealthyPipelineSafeModeRule.java:process(124)) - SCM in safe mode. Healthy pipelines reported count is 0, required healthy pipeline reported count is 1
2021-08-02 05:52:31,189 [pool-90-thread-1] INFO  server.RaftServerConfigKeys (ConfUtils.java:logGet(44)) - raft.server.log.segment.cache.num.max = 2 (custom)
2021-08-02 05:52:31,190 [pool-90-thread-1] INFO  server.RaftServerConfigKeys (ConfUtils.java:logGet(44)) - raft.server.log.segment.cache.size.max = 200MB (=209715200) (default)
2021-08-02 05:52:31,190 [pool-90-thread-1] INFO  segmented.SegmentedRaftLogWorker (SegmentedRaftLogWorker.java:<init>(182)) - new d23be368-b70e-4d1a-afe3-0bdcf6fd1c46@group-39348F835775-SegmentedRaftLogWorker for RaftStorageImpl:Storage Directory /home/runner/work/ozone/ozone/mnt/ozone/hadoop-ozone/integration-test/target/test-dir/MiniOzoneClusterImpl-4f335ae8-e577-43f0-9715-84c03d5ccb1a/datanode-2/data/ratis/90e41eba-2b82-4f8f-b312-39348f835775
2021-08-02 05:52:31,190 [pool-90-thread-1] INFO  server.RaftServerConfigKeys (ConfUtils.java:logGet(44)) - raft.server.log.queue.byte-limit = 2147483647 (custom)
2021-08-02 05:52:31,190 [pool-90-thread-1] INFO  server.RaftServerConfigKeys (ConfUtils.java:logGet(44)) - raft.server.log.queue.element-limit = 1024 (custom)
2021-08-02 05:52:31,190 [pool-90-thread-1] INFO  server.RaftServerConfigKeys (ConfUtils.java:logGet(44)) - raft.server.log.segment.size.max = 1048576 (custom)
2021-08-02 05:52:31,190 [pool-90-thread-1] INFO  server.RaftServerConfigKeys (ConfUtils.java:logGet(44)) - raft.server.log.preallocated.size = 16384 (custom)
2021-08-02 05:52:31,190 [pool-90-thread-1] INFO  server.RaftServerConfigKeys (ConfUtils.java:logGet(44)) - raft.server.log.force.sync.num = 128 (default)
2021-08-02 05:52:31,190 [pool-90-thread-1] INFO  server.RaftServerConfigKeys (ConfUtils.java:logGet(44)) - raft.server.log.statemachine.data.sync = true (default)
2021-08-02 05:52:31,190 [pool-90-thread-1] INFO  server.RaftServerConfigKeys (ConfUtils.java:logGet(44)) - raft.server.log.statemachine.data.sync.timeout = 10s (default)
2021-08-02 05:52:31,190 [pool-90-thread-1] INFO  server.RaftServerConfigKeys (ConfUtils.java:logGet(44)) - raft.server.log.statemachine.data.sync.timeout.retry = -1 (default)
2021-08-02 05:52:31,191 [pool-90-thread-1] INFO  server.RaftServerConfigKeys (ConfUtils.java:logGet(44)) - raft.server.log.write.buffer.size = 1048576 (custom)
2021-08-02 05:52:31,192 [pool-90-thread-1] INFO  server.RaftServerConfigKeys (ConfUtils.java:logGet(44)) - raft.server.log.statemachine.data.caching.enabled = true (custom)
2021-08-02 05:52:31,192 [pool-90-thread-1] INFO  segmented.SegmentedRaftLogWorker (SegmentedRaftLogWorker.java:lambda$new$0(133)) - d23be368-b70e-4d1a-afe3-0bdcf6fd1c46@group-39348F835775-SegmentedRaftLogWorker: flushIndex: setUnconditionally 0 -> -1
2021-08-02 05:52:31,192 [pool-90-thread-1] INFO  segmented.SegmentedRaftLogWorker (SegmentedRaftLogWorker.java:lambda$new$0(133)) - d23be368-b70e-4d1a-afe3-0bdcf6fd1c46@group-39348F835775-SegmentedRaftLogWorker: safeCacheEvictIndex: setUnconditionally 0 -> -1
2021-08-02 05:52:31,192 [pool-90-thread-1] INFO  server.RaftServerConfigKeys (ConfUtils.java:logGet(44)) - raft.server.snapshot.auto.trigger.enabled = true (custom)
2021-08-02 05:52:31,192 [pool-90-thread-1] INFO  server.RaftServerConfigKeys (ConfUtils.java:logGet(44)) - raft.server.snapshot.auto.trigger.threshold = 10000 (custom)
2021-08-02 05:52:31,192 [pool-90-thread-1] INFO  server.RaftServerConfigKeys (ConfUtils.java:logGet(44)) - raft.server.snapshot.retention.file.num = 5 (custom)
2021-08-02 05:52:31,192 [pool-90-thread-1] INFO  server.RaftServerConfigKeys (ConfUtils.java:logGet(44)) - raft.server.log.purge.upto.snapshot.index = false (default)
2021-08-02 05:52:31,192 [pool-90-thread-1] INFO  server.RaftServerConfigKeys (ConfUtils.java:logGet(44)) - raft.server.retrycache.expirytime = 600000ms (custom)
2021-08-02 05:52:31,192 [pool-90-thread-1] INFO  server.RaftServerConfigKeys (ConfUtils.java:logGet(44)) - raft.server.retrycache.statistics.expirytime = 100μs (default)
2021-08-02 05:52:31,194 [pool-90-thread-1] INFO  server.RaftServer$Division (RaftServerImpl.java:start(296)) - d23be368-b70e-4d1a-afe3-0bdcf6fd1c46@group-39348F835775: start as a follower, conf=-1: [d23be368-b70e-4d1a-afe3-0bdcf6fd1c46|rpc:10.1.0.32:37789|priority:1], old=null
2021-08-02 05:52:31,194 [pool-90-thread-1] INFO  server.RaftServer$Division (RaftServerImpl.java:setRole(285)) - d23be368-b70e-4d1a-afe3-0bdcf6fd1c46@group-39348F835775: changes role from      null to FOLLOWER at term 0 for startAsFollower
2021-08-02 05:52:31,194 [pool-90-thread-1] INFO  impl.RoleInfo (RoleInfo.java:updateAndGet(130)) - d23be368-b70e-4d1a-afe3-0bdcf6fd1c46: start d23be368-b70e-4d1a-afe3-0bdcf6fd1c46@group-39348F835775-FollowerState
2021-08-02 05:52:31,194 [pool-90-thread-1] INFO  util.JmxRegister (JmxRegister.java:tryRegister(44)) - Successfully registered JMX Bean with object name Ratis:service=RaftServer,group=group-39348F835775,id=d23be368-b70e-4d1a-afe3-0bdcf6fd1c46
2021-08-02 05:52:31,199 [Command processor thread] INFO  ratis.XceiverServerRatis (XceiverServerRatis.java:addGroup(759)) - Created group PipelineID=90e41eba-2b82-4f8f-b312-39348f835775
2021-08-02 05:52:31,199 [Command processor thread] INFO  commandhandler.CreatePipelineCommandHandler (CreatePipelineCommandHandler.java:handle(106)) - Created Pipeline RATIS ONE PipelineID=90e41eba-2b82-4f8f-b312-39348f835775.
2021-08-02 05:52:31,264 [Command processor thread] INFO  commandhandler.CreatePipelineCommandHandler (CreatePipelineCommandHandler.java:handle(106)) - Created Pipeline RATIS THREE PipelineID=77f5a219-a291-4767-982d-67f92b9e78e8.
2021-08-02 05:52:31,311 [Command processor thread] INFO  commandhandler.CreatePipelineCommandHandler (CreatePipelineCommandHandler.java:handle(106)) - Created Pipeline RATIS THREE PipelineID=77f5a219-a291-4767-982d-67f92b9e78e8.
2021-08-02 05:52:31,477 [Listener at 127.0.0.1/35629] INFO  ozone.MiniOzoneClusterImpl (MiniOzoneClusterImpl.java:lambda$waitForClusterToBeReady$0(235)) - Nodes are ready. Got 9 of 9 DN Heartbeats.
2021-08-02 05:52:31,477 [Listener at 127.0.0.1/35629] INFO  ozone.MiniOzoneClusterImpl (MiniOzoneClusterImpl.java:lambda$waitForClusterToBeReady$0(238)) - Waiting for cluster to exit safe mode
2021-08-02 05:52:31,477 [Listener at 127.0.0.1/35629] INFO  ozone.MiniOzoneClusterImpl (MiniOzoneClusterImpl.java:lambda$waitForClusterToBeReady$0(240)) - SCM became leader
2021-08-02 05:52:31,604 [Command processor thread] INFO  server.RaftServer (RaftServerProxy.java:addNew(95)) - 38187496-3904-43e8-b49b-0f08099c5d11: addNew group-AF506D060399:[38187496-3904-43e8-b49b-0f08099c5d11|rpc:10.1.0.32:42039|priority:1] returns group-AF506D060399:java.util.concurrent.CompletableFuture@1fb826e2[Not completed]
2021-08-02 05:52:31,610 [pool-108-thread-1] INFO  server.RaftServer$Division (RaftServerImpl.java:<init>(181)) - 38187496-3904-43e8-b49b-0f08099c5d11: new RaftServerImpl for group-AF506D060399:[38187496-3904-43e8-b49b-0f08099c5d11|rpc:10.1.0.32:42039|priority:1] with ContainerStateMachine:uninitialized
2021-08-02 05:52:31,610 [pool-108-thread-1] INFO  server.RaftServerConfigKeys (ConfUtils.java:logGet(44)) - raft.server.rpc.timeout.min = 5s (custom)
2021-08-02 05:52:31,610 [pool-108-thread-1] INFO  server.RaftServerConfigKeys (ConfUtils.java:logGet(44)) - raft.server.rpc.timeout.max = 5200ms (custom)
2021-08-02 05:52:31,610 [pool-108-thread-1] INFO  server.RaftServerConfigKeys (ConfUtils.java:logGet(44)) - raft.server.rpc.sleep.time = 25ms (default)
2021-08-02 05:52:31,610 [pool-108-thread-1] INFO  server.RaftServerConfigKeys (ConfUtils.java:logGet(44)) - raft.server.rpc.slowness.timeout = 300000ms (custom)
2021-08-02 05:52:31,610 [pool-108-thread-1] INFO  server.RaftServerConfigKeys (ConfUtils.java:logGet(44)) - raft.server.leaderelection.leader.step-down.wait-time = 10s (default)
2021-08-02 05:52:31,610 [pool-108-thread-1] INFO  server.RaftServerConfigKeys (ConfUtils.java:logGet(44)) - raft.server.sleep.deviation.threshold = 300ms (default)
2021-08-02 05:52:31,610 [pool-108-thread-1] INFO  server.RaftServerConfigKeys (ConfUtils.java:logGet(44)) - raft.server.log.appender.install.snapshot.enabled = false (custom)
2021-08-02 05:52:31,610 [pool-108-thread-1] INFO  server.RaftServer$Division (ServerState.java:<init>(105)) - 38187496-3904-43e8-b49b-0f08099c5d11@group-AF506D060399: ConfigurationManager, init=-1: [38187496-3904-43e8-b49b-0f08099c5d11|rpc:10.1.0.32:42039|priority:1], old=null, confs=<EMPTY_MAP>
2021-08-02 05:52:31,610 [pool-108-thread-1] INFO  server.RaftServerConfigKeys (ConfUtils.java:logGet(44)) - raft.server.storage.dir = [/home/runner/work/ozone/ozone/mnt/ozone/hadoop-ozone/integration-test/target/test-dir/MiniOzoneClusterImpl-4f335ae8-e577-43f0-9715-84c03d5ccb1a/datanode-3/data/ratis] (custom)
2021-08-02 05:52:31,611 [pool-108-thread-1] INFO  server.RaftServerConfigKeys (ConfUtils.java:logGet(44)) - raft.server.log.corruption.policy = EXCEPTION (default)
2021-08-02 05:52:31,611 [pool-108-thread-1] INFO  server.RaftServerConfigKeys (ConfUtils.java:logGet(44)) - raft.server.storage.free-space.min = 0MB (=0) (default)
2021-08-02 05:52:31,611 [pool-108-thread-1] INFO  storage.RaftStorageDirectory (RaftStorageDirectoryImpl.java:analyzeStorage(135)) - The storage directory /home/runner/work/ozone/ozone/mnt/ozone/hadoop-ozone/integration-test/target/test-dir/MiniOzoneClusterImpl-4f335ae8-e577-43f0-9715-84c03d5ccb1a/datanode-3/data/ratis/07c7f945-662c-4671-b57f-af506d060399 does not exist. Creating ...
2021-08-02 05:52:31,612 [pool-108-thread-1] INFO  storage.RaftStorageDirectory (RaftStorageDirectoryImpl.java:tryLock(230)) - Lock on /home/runner/work/ozone/ozone/mnt/ozone/hadoop-ozone/integration-test/target/test-dir/MiniOzoneClusterImpl-4f335ae8-e577-43f0-9715-84c03d5ccb1a/datanode-3/data/ratis/07c7f945-662c-4671-b57f-af506d060399/in_use.lock acquired by nodename 11535@fv-az12-406
2021-08-02 05:52:31,614 [pool-108-thread-1] INFO  storage.RaftStorage (RaftStorageImpl.java:format(89)) - Storage directory /home/runner/work/ozone/ozone/mnt/ozone/hadoop-ozone/integration-test/target/test-dir/MiniOzoneClusterImpl-4f335ae8-e577-43f0-9715-84c03d5ccb1a/datanode-3/data/ratis/07c7f945-662c-4671-b57f-af506d060399 has been successfully formatted.
2021-08-02 05:52:31,614 [pool-108-thread-1] INFO  ratis.ContainerStateMachine (ContainerStateMachine.java:loadSnapshot(223)) - group-AF506D060399: The snapshot info is null. Setting the last applied indexto:(t:0, i:~)
2021-08-02 05:52:31,615 [Datanode State Machine Thread - 0] WARN  statemachine.StateContext (StateContext.java:execute(621)) - No available thread in pool for past 1 seconds.
2021-08-02 05:52:31,615 [pool-108-thread-1] INFO  server.RaftServerConfigKeys (ConfUtils.java:logGet(44)) - raft.server.notification.no-leader.timeout = 300000ms (custom)
2021-08-02 05:52:31,617 [EventQueue-PipelineReportForPipelineReportHandler] INFO  pipeline.PipelineManagerV2Impl (PipelineManagerV2Impl.java:openPipeline(283)) - Pipeline Pipeline[ Id: 07c7f945-662c-4671-b57f-af506d060399, Nodes: 38187496-3904-43e8-b49b-0f08099c5d11{ip: 10.1.0.32, host: fv-az12-406.exdb2aeach2ezidoxz41lk3bwg.cx.internal.cloudapp.net, ports: [REPLICATION=40025, RATIS=42039, RATIS_ADMIN=42039, RATIS_SERVER=42039, STANDALONE=43281], networkLocation: /default-rack, certSerialId: null, persistedOpState: IN_SERVICE, persistedOpStateExpiryEpochSec: 0}, ReplicationConfig: RATIS/ONE, State:ALLOCATED, leaderId:38187496-3904-43e8-b49b-0f08099c5d11, CreationTimestamp2021-08-02T05:52:28.606Z[Etc/UTC]] moved to OPEN state
2021-08-02 05:52:31,617 [EventQueue-OpenPipelineForHealthyPipelineSafeModeRule] INFO  safemode.SCMSafeModeManager (HealthyPipelineSafeModeRule.java:process(124)) - SCM in safe mode. Healthy pipelines reported count is 0, required healthy pipeline reported count is 1
2021-08-02 05:52:31,617 [pool-108-thread-1] INFO  server.RaftServerConfigKeys (ConfUtils.java:logGet(44)) - raft.server.log.use.memory = false (default)
2021-08-02 05:52:31,618 [pool-108-thread-1] INFO  server.RaftServerConfigKeys (ConfUtils.java:logGet(44)) - raft.server.log.purge.gap = 1000000 (custom)
2021-08-02 05:52:31,618 [pool-108-thread-1] INFO  server.RaftServerConfigKeys (ConfUtils.java:logGet(44)) - raft.server.log.appender.buffer.byte-limit = 33554432 (custom)
2021-08-02 05:52:31,618 [pool-108-thread-1] INFO  server.RaftServerConfigKeys (ConfUtils.java:logGet(44)) - raft.server.log.segment.size.max = 1048576 (custom)
2021-08-02 05:52:31,619 [pool-108-thread-1] INFO  server.RaftServerConfigKeys (ConfUtils.java:logGet(44)) - raft.server.log.segment.cache.num.max = 2 (custom)
2021-08-02 05:52:31,619 [pool-108-thread-1] INFO  server.RaftServerConfigKeys (ConfUtils.java:logGet(44)) - raft.server.log.segment.cache.size.max = 200MB (=209715200) (default)
2021-08-02 05:52:31,619 [pool-108-thread-1] INFO  segmented.SegmentedRaftLogWorker (SegmentedRaftLogWorker.java:<init>(182)) - new 38187496-3904-43e8-b49b-0f08099c5d11@group-AF506D060399-SegmentedRaftLogWorker for RaftStorageImpl:Storage Directory /home/runner/work/ozone/ozone/mnt/ozone/hadoop-ozone/integration-test/target/test-dir/MiniOzoneClusterImpl-4f335ae8-e577-43f0-9715-84c03d5ccb1a/datanode-3/data/ratis/07c7f945-662c-4671-b57f-af506d060399
2021-08-02 05:52:31,619 [pool-108-thread-1] INFO  server.RaftServerConfigKeys (ConfUtils.java:logGet(44)) - raft.server.log.queue.byte-limit = 2147483647 (custom)
2021-08-02 05:52:31,619 [pool-108-thread-1] INFO  server.RaftServerConfigKeys (ConfUtils.java:logGet(44)) - raft.server.log.queue.element-limit = 1024 (custom)
2021-08-02 05:52:31,619 [pool-108-thread-1] INFO  server.RaftServerConfigKeys (ConfUtils.java:logGet(44)) - raft.server.log.segment.size.max = 1048576 (custom)
2021-08-02 05:52:31,619 [pool-108-thread-1] INFO  server.RaftServerConfigKeys (ConfUtils.java:logGet(44)) - raft.server.log.preallocated.size = 16384 (custom)
2021-08-02 05:52:31,619 [pool-108-thread-1] INFO  server.RaftServerConfigKeys (ConfUtils.java:logGet(44)) - raft.server.log.force.sync.num = 128 (default)
2021-08-02 05:52:31,619 [pool-108-thread-1] INFO  server.RaftServerConfigKeys (ConfUtils.java:logGet(44)) - raft.server.log.statemachine.data.sync = true (default)
2021-08-02 05:52:31,619 [pool-108-thread-1] INFO  server.RaftServerConfigKeys (ConfUtils.java:logGet(44)) - raft.server.log.statemachine.data.sync.timeout = 10s (default)
2021-08-02 05:52:31,619 [pool-108-thread-1] INFO  server.RaftServerConfigKeys (ConfUtils.java:logGet(44)) - raft.server.log.statemachine.data.sync.timeout.retry = -1 (default)
2021-08-02 05:52:31,620 [pool-108-thread-1] INFO  server.RaftServerConfigKeys (ConfUtils.java:logGet(44)) - raft.server.log.write.buffer.size = 1048576 (custom)
2021-08-02 05:52:31,621 [pool-108-thread-1] INFO  server.RaftServerConfigKeys (ConfUtils.java:logGet(44)) - raft.server.log.statemachine.data.caching.enabled = true (custom)
2021-08-02 05:52:31,621 [pool-108-thread-1] INFO  segmented.SegmentedRaftLogWorker (SegmentedRaftLogWorker.java:lambda$new$0(133)) - 38187496-3904-43e8-b49b-0f08099c5d11@group-AF506D060399-SegmentedRaftLogWorker: flushIndex: setUnconditionally 0 -> -1
2021-08-02 05:52:31,621 [pool-108-thread-1] INFO  segmented.SegmentedRaftLogWorker (SegmentedRaftLogWorker.java:lambda$new$0(133)) - 38187496-3904-43e8-b49b-0f08099c5d11@group-AF506D060399-SegmentedRaftLogWorker: safeCacheEvictIndex: setUnconditionally 0 -> -1
2021-08-02 05:52:31,624 [pool-108-thread-1] INFO  server.RaftServerConfigKeys (ConfUtils.java:logGet(44)) - raft.server.snapshot.auto.trigger.enabled = true (custom)
2021-08-02 05:52:31,624 [pool-108-thread-1] INFO  server.RaftServerConfigKeys (ConfUtils.java:logGet(44)) - raft.server.snapshot.auto.trigger.threshold = 10000 (custom)
2021-08-02 05:52:31,624 [pool-108-thread-1] INFO  server.RaftServerConfigKeys (ConfUtils.java:logGet(44)) - raft.server.snapshot.retention.file.num = 5 (custom)
2021-08-02 05:52:31,624 [pool-108-thread-1] INFO  server.RaftServerConfigKeys (ConfUtils.java:logGet(44)) - raft.server.log.purge.upto.snapshot.index = false (default)
2021-08-02 05:52:31,624 [pool-108-thread-1] INFO  server.RaftServerConfigKeys (ConfUtils.java:logGet(44)) - raft.server.retrycache.expirytime = 600000ms (custom)
2021-08-02 05:52:31,624 [pool-108-thread-1] INFO  server.RaftServerConfigKeys (ConfUtils.java:logGet(44)) - raft.server.retrycache.statistics.expirytime = 100μs (default)
2021-08-02 05:52:31,625 [pool-108-thread-1] INFO  server.RaftServer$Division (RaftServerImpl.java:start(296)) - 38187496-3904-43e8-b49b-0f08099c5d11@group-AF506D060399: start as a follower, conf=-1: [38187496-3904-43e8-b49b-0f08099c5d11|rpc:10.1.0.32:42039|priority:1], old=null
2021-08-02 05:52:31,625 [pool-108-thread-1] INFO  server.RaftServer$Division (RaftServerImpl.java:setRole(285)) - 38187496-3904-43e8-b49b-0f08099c5d11@group-AF506D060399: changes role from      null to FOLLOWER at term 0 for startAsFollower
2021-08-02 05:52:31,625 [pool-108-thread-1] INFO  impl.RoleInfo (RoleInfo.java:updateAndGet(130)) - 38187496-3904-43e8-b49b-0f08099c5d11: start 38187496-3904-43e8-b49b-0f08099c5d11@group-AF506D060399-FollowerState
2021-08-02 05:52:31,627 [pool-108-thread-1] INFO  util.JmxRegister (JmxRegister.java:tryRegister(44)) - Successfully registered JMX Bean with object name Ratis:service=RaftServer,group=group-AF506D060399,id=38187496-3904-43e8-b49b-0f08099c5d11
2021-08-02 05:52:31,628 [Command processor thread] INFO  ratis.XceiverServerRatis (XceiverServerRatis.java:addGroup(759)) - Created group PipelineID=07c7f945-662c-4671-b57f-af506d060399
2021-08-02 05:52:31,628 [Command processor thread] INFO  commandhandler.CreatePipelineCommandHandler (CreatePipelineCommandHandler.java:handle(106)) - Created Pipeline RATIS ONE PipelineID=07c7f945-662c-4671-b57f-af506d060399.
2021-08-02 05:52:31,628 [Command processor thread] INFO  server.RaftServer (RaftServerProxy.java:addNew(95)) - 38187496-3904-43e8-b49b-0f08099c5d11: addNew group-509FF8D45528:[013291a6-5e4a-44b3-a8d9-818cf48fb66e|rpc:10.1.0.32:46845|priority:0, 38187496-3904-43e8-b49b-0f08099c5d11|rpc:10.1.0.32:42039|priority:0, fcafdf01-72b7-43de-af91-2233768a6b5f|rpc:10.1.0.32:37819|priority:1] returns group-509FF8D45528:java.util.concurrent.CompletableFuture@1b87a1cd[Not completed]
2021-08-02 05:52:31,629 [pool-108-thread-1] INFO  server.RaftServer$Division (RaftServerImpl.java:<init>(181)) - 38187496-3904-43e8-b49b-0f08099c5d11: new RaftServerImpl for group-509FF8D45528:[013291a6-5e4a-44b3-a8d9-818cf48fb66e|rpc:10.1.0.32:46845|priority:0, 38187496-3904-43e8-b49b-0f08099c5d11|rpc:10.1.0.32:42039|priority:0, fcafdf01-72b7-43de-af91-2233768a6b5f|rpc:10.1.0.32:37819|priority:1] with ContainerStateMachine:uninitialized
2021-08-02 05:52:31,629 [pool-108-thread-1] INFO  server.RaftServerConfigKeys (ConfUtils.java:logGet(44)) - raft.server.rpc.timeout.min = 5s (custom)
2021-08-02 05:52:31,629 [pool-108-thread-1] INFO  server.RaftServerConfigKeys (ConfUtils.java:logGet(44)) - raft.server.rpc.timeout.max = 5200ms (custom)
2021-08-02 05:52:31,629 [pool-108-thread-1] INFO  server.RaftServerConfigKeys (ConfUtils.java:logGet(44)) - raft.server.rpc.sleep.time = 25ms (default)
2021-08-02 05:52:31,629 [pool-108-thread-1] INFO  server.RaftServerConfigKeys (ConfUtils.java:logGet(44)) - raft.server.rpc.slowness.timeout = 300000ms (custom)
2021-08-02 05:52:31,629 [pool-108-thread-1] INFO  server.RaftServerConfigKeys (ConfUtils.java:logGet(44)) - raft.server.leaderelection.leader.step-down.wait-time = 10s (default)
2021-08-02 05:52:31,629 [pool-108-thread-1] INFO  server.RaftServerConfigKeys (ConfUtils.java:logGet(44)) - raft.server.sleep.deviation.threshold = 300ms (default)
2021-08-02 05:52:31,629 [pool-108-thread-1] INFO  server.RaftServerConfigKeys (ConfUtils.java:logGet(44)) - raft.server.log.appender.install.snapshot.enabled = false (custom)
2021-08-02 05:52:31,629 [pool-108-thread-1] INFO  server.RaftServer$Division (ServerState.java:<init>(105)) - 38187496-3904-43e8-b49b-0f08099c5d11@group-509FF8D45528: ConfigurationManager, init=-1: [013291a6-5e4a-44b3-a8d9-818cf48fb66e|rpc:10.1.0.32:46845|priority:0, 38187496-3904-43e8-b49b-0f08099c5d11|rpc:10.1.0.32:42039|priority:0, fcafdf01-72b7-43de-af91-2233768a6b5f|rpc:10.1.0.32:37819|priority:1], old=null, confs=<EMPTY_MAP>
2021-08-02 05:52:31,630 [pool-108-thread-1] INFO  server.RaftServerConfigKeys (ConfUtils.java:logGet(44)) - raft.server.storage.dir = [/home/runner/work/ozone/ozone/mnt/ozone/hadoop-ozone/integration-test/target/test-dir/MiniOzoneClusterImpl-4f335ae8-e577-43f0-9715-84c03d5ccb1a/datanode-3/data/ratis] (custom)
2021-08-02 05:52:31,630 [pool-108-thread-1] INFO  server.RaftServerConfigKeys (ConfUtils.java:logGet(44)) - raft.server.log.corruption.policy = EXCEPTION (default)
2021-08-02 05:52:31,630 [pool-108-thread-1] INFO  server.RaftServerConfigKeys (ConfUtils.java:logGet(44)) - raft.server.storage.free-space.min = 0MB (=0) (default)
2021-08-02 05:52:31,630 [pool-108-thread-1] INFO  storage.RaftStorageDirectory (RaftStorageDirectoryImpl.java:analyzeStorage(135)) - The storage directory /home/runner/work/ozone/ozone/mnt/ozone/hadoop-ozone/integration-test/target/test-dir/MiniOzoneClusterImpl-4f335ae8-e577-43f0-9715-84c03d5ccb1a/datanode-3/data/ratis/17ac55dc-98f0-46e9-846b-509ff8d45528 does not exist. Creating ...
2021-08-02 05:52:31,631 [pool-108-thread-1] INFO  storage.RaftStorageDirectory (RaftStorageDirectoryImpl.java:tryLock(230)) - Lock on /home/runner/work/ozone/ozone/mnt/ozone/hadoop-ozone/integration-test/target/test-dir/MiniOzoneClusterImpl-4f335ae8-e577-43f0-9715-84c03d5ccb1a/datanode-3/data/ratis/17ac55dc-98f0-46e9-846b-509ff8d45528/in_use.lock acquired by nodename 11535@fv-az12-406
2021-08-02 05:52:31,633 [pool-108-thread-1] INFO  storage.RaftStorage (RaftStorageImpl.java:format(89)) - Storage directory /home/runner/work/ozone/ozone/mnt/ozone/hadoop-ozone/integration-test/target/test-dir/MiniOzoneClusterImpl-4f335ae8-e577-43f0-9715-84c03d5ccb1a/datanode-3/data/ratis/17ac55dc-98f0-46e9-846b-509ff8d45528 has been successfully formatted.
2021-08-02 05:52:31,636 [pool-108-thread-1] INFO  ratis.ContainerStateMachine (ContainerStateMachine.java:loadSnapshot(223)) - group-509FF8D45528: The snapshot info is null. Setting the last applied indexto:(t:0, i:~)
2021-08-02 05:52:31,636 [pool-108-thread-1] INFO  server.RaftServerConfigKeys (ConfUtils.java:logGet(44)) - raft.server.notification.no-leader.timeout = 300000ms (custom)
2021-08-02 05:52:31,636 [pool-108-thread-1] INFO  server.RaftServerConfigKeys (ConfUtils.java:logGet(44)) - raft.server.log.use.memory = false (default)
2021-08-02 05:52:31,636 [pool-108-thread-1] INFO  server.RaftServerConfigKeys (ConfUtils.java:logGet(44)) - raft.server.log.purge.gap = 1000000 (custom)
2021-08-02 05:52:31,636 [pool-108-thread-1] INFO  server.RaftServerConfigKeys (ConfUtils.java:logGet(44)) - raft.server.log.appender.buffer.byte-limit = 33554432 (custom)
2021-08-02 05:52:31,636 [pool-108-thread-1] INFO  server.RaftServerConfigKeys (ConfUtils.java:logGet(44)) - raft.server.log.segment.size.max = 1048576 (custom)
2021-08-02 05:52:31,636 [EventQueue-OpenPipelineForHealthyPipelineSafeModeRule] INFO  safemode.SCMSafeModeManager (HealthyPipelineSafeModeRule.java:process(124)) - SCM in safe mode. Healthy pipelines reported count is 0, required healthy pipeline reported count is 1
2021-08-02 05:52:31,637 [pool-108-thread-1] INFO  server.RaftServerConfigKeys (ConfUtils.java:logGet(44)) - raft.server.log.segment.cache.num.max = 2 (custom)
2021-08-02 05:52:31,637 [pool-108-thread-1] INFO  server.RaftServerConfigKeys (ConfUtils.java:logGet(44)) - raft.server.log.segment.cache.size.max = 200MB (=209715200) (default)
2021-08-02 05:52:31,637 [pool-108-thread-1] INFO  segmented.SegmentedRaftLogWorker (SegmentedRaftLogWorker.java:<init>(182)) - new 38187496-3904-43e8-b49b-0f08099c5d11@group-509FF8D45528-SegmentedRaftLogWorker for RaftStorageImpl:Storage Directory /home/runner/work/ozone/ozone/mnt/ozone/hadoop-ozone/integration-test/target/test-dir/MiniOzoneClusterImpl-4f335ae8-e577-43f0-9715-84c03d5ccb1a/datanode-3/data/ratis/17ac55dc-98f0-46e9-846b-509ff8d45528
2021-08-02 05:52:31,637 [pool-108-thread-1] INFO  server.RaftServerConfigKeys (ConfUtils.java:logGet(44)) - raft.server.log.queue.byte-limit = 2147483647 (custom)
2021-08-02 05:52:31,637 [pool-108-thread-1] INFO  server.RaftServerConfigKeys (ConfUtils.java:logGet(44)) - raft.server.log.queue.element-limit = 1024 (custom)
2021-08-02 05:52:31,637 [pool-108-thread-1] INFO  server.RaftServerConfigKeys (ConfUtils.java:logGet(44)) - raft.server.log.segment.size.max = 1048576 (custom)
2021-08-02 05:52:31,637 [pool-108-thread-1] INFO  server.RaftServerConfigKeys (ConfUtils.java:logGet(44)) - raft.server.log.preallocated.size = 16384 (custom)
2021-08-02 05:52:31,637 [pool-108-thread-1] INFO  server.RaftServerConfigKeys (ConfUtils.java:logGet(44)) - raft.server.log.force.sync.num = 128 (default)
2021-08-02 05:52:31,637 [pool-108-thread-1] INFO  server.RaftServerConfigKeys (ConfUtils.java:logGet(44)) - raft.server.log.statemachine.data.sync = true (default)
2021-08-02 05:52:31,637 [pool-108-thread-1] INFO  server.RaftServerConfigKeys (ConfUtils.java:logGet(44)) - raft.server.log.statemachine.data.sync.timeout = 10s (default)
2021-08-02 05:52:31,637 [pool-108-thread-1] INFO  server.RaftServerConfigKeys (ConfUtils.java:logGet(44)) - raft.server.log.statemachine.data.sync.timeout.retry = -1 (default)
2021-08-02 05:52:31,638 [pool-108-thread-1] INFO  server.RaftServerConfigKeys (ConfUtils.java:logGet(44)) - raft.server.log.write.buffer.size = 1048576 (custom)
2021-08-02 05:52:31,638 [pool-108-thread-1] INFO  server.RaftServerConfigKeys (ConfUtils.java:logGet(44)) - raft.server.log.statemachine.data.caching.enabled = true (custom)
2021-08-02 05:52:31,639 [pool-108-thread-1] INFO  segmented.SegmentedRaftLogWorker (SegmentedRaftLogWorker.java:lambda$new$0(133)) - 38187496-3904-43e8-b49b-0f08099c5d11@group-509FF8D45528-SegmentedRaftLogWorker: flushIndex: setUnconditionally 0 -> -1
2021-08-02 05:52:31,639 [pool-108-thread-1] INFO  segmented.SegmentedRaftLogWorker (SegmentedRaftLogWorker.java:lambda$new$0(133)) - 38187496-3904-43e8-b49b-0f08099c5d11@group-509FF8D45528-SegmentedRaftLogWorker: safeCacheEvictIndex: setUnconditionally 0 -> -1
2021-08-02 05:52:31,643 [pool-108-thread-1] INFO  server.RaftServerConfigKeys (ConfUtils.java:logGet(44)) - raft.server.snapshot.auto.trigger.enabled = true (custom)
2021-08-02 05:52:31,643 [pool-108-thread-1] INFO  server.RaftServerConfigKeys (ConfUtils.java:logGet(44)) - raft.server.snapshot.auto.trigger.threshold = 10000 (custom)
2021-08-02 05:52:31,643 [pool-108-thread-1] INFO  server.RaftServerConfigKeys (ConfUtils.java:logGet(44)) - raft.server.snapshot.retention.file.num = 5 (custom)
2021-08-02 05:52:31,643 [pool-108-thread-1] INFO  server.RaftServerConfigKeys (ConfUtils.java:logGet(44)) - raft.server.log.purge.upto.snapshot.index = false (default)
2021-08-02 05:52:31,643 [pool-108-thread-1] INFO  server.RaftServerConfigKeys (ConfUtils.java:logGet(44)) - raft.server.retrycache.expirytime = 600000ms (custom)
2021-08-02 05:52:31,643 [pool-108-thread-1] INFO  server.RaftServerConfigKeys (ConfUtils.java:logGet(44)) - raft.server.retrycache.statistics.expirytime = 100μs (default)
2021-08-02 05:52:31,644 [pool-108-thread-1] INFO  server.RaftServer$Division (RaftServerImpl.java:start(296)) - 38187496-3904-43e8-b49b-0f08099c5d11@group-509FF8D45528: start as a follower, conf=-1: [013291a6-5e4a-44b3-a8d9-818cf48fb66e|rpc:10.1.0.32:46845|priority:0, 38187496-3904-43e8-b49b-0f08099c5d11|rpc:10.1.0.32:42039|priority:0, fcafdf01-72b7-43de-af91-2233768a6b5f|rpc:10.1.0.32:37819|priority:1], old=null
2021-08-02 05:52:31,644 [pool-108-thread-1] INFO  server.RaftServer$Division (RaftServerImpl.java:setRole(285)) - 38187496-3904-43e8-b49b-0f08099c5d11@group-509FF8D45528: changes role from      null to FOLLOWER at term 0 for startAsFollower
2021-08-02 05:52:31,644 [pool-108-thread-1] INFO  impl.RoleInfo (RoleInfo.java:updateAndGet(130)) - 38187496-3904-43e8-b49b-0f08099c5d11: start 38187496-3904-43e8-b49b-0f08099c5d11@group-509FF8D45528-FollowerState
2021-08-02 05:52:31,647 [pool-108-thread-1] INFO  util.JmxRegister (JmxRegister.java:tryRegister(44)) - Successfully registered JMX Bean with object name Ratis:service=RaftServer,group=group-509FF8D45528,id=38187496-3904-43e8-b49b-0f08099c5d11
2021-08-02 05:52:31,647 [Command processor thread] INFO  ratis.XceiverServerRatis (XceiverServerRatis.java:addGroup(759)) - Created group PipelineID=17ac55dc-98f0-46e9-846b-509ff8d45528
2021-08-02 05:52:31,659 [grpc-default-executor-1] INFO  server.RaftServer (RaftServerProxy.java:addNew(95)) - fcafdf01-72b7-43de-af91-2233768a6b5f: addNew group-509FF8D45528:[013291a6-5e4a-44b3-a8d9-818cf48fb66e|rpc:10.1.0.32:46845|dataStream:|priority:0, 38187496-3904-43e8-b49b-0f08099c5d11|rpc:10.1.0.32:42039|dataStream:|priority:0, fcafdf01-72b7-43de-af91-2233768a6b5f|rpc:10.1.0.32:37819|dataStream:|priority:1] returns group-509FF8D45528:java.util.concurrent.CompletableFuture@10880690[Not completed]
2021-08-02 05:52:31,660 [pool-144-thread-1] INFO  server.RaftServer$Division (RaftServerImpl.java:<init>(181)) - fcafdf01-72b7-43de-af91-2233768a6b5f: new RaftServerImpl for group-509FF8D45528:[013291a6-5e4a-44b3-a8d9-818cf48fb66e|rpc:10.1.0.32:46845|dataStream:|priority:0, 38187496-3904-43e8-b49b-0f08099c5d11|rpc:10.1.0.32:42039|dataStream:|priority:0, fcafdf01-72b7-43de-af91-2233768a6b5f|rpc:10.1.0.32:37819|dataStream:|priority:1] with ContainerStateMachine:uninitialized
2021-08-02 05:52:31,660 [pool-144-thread-1] INFO  server.RaftServerConfigKeys (ConfUtils.java:logGet(44)) - raft.server.rpc.timeout.min = 5s (custom)
2021-08-02 05:52:31,660 [pool-144-thread-1] INFO  server.RaftServerConfigKeys (ConfUtils.java:logGet(44)) - raft.server.rpc.timeout.max = 5200ms (custom)
2021-08-02 05:52:31,660 [pool-144-thread-1] INFO  server.RaftServerConfigKeys (ConfUtils.java:logGet(44)) - raft.server.rpc.sleep.time = 25ms (default)
2021-08-02 05:52:31,660 [pool-144-thread-1] INFO  server.RaftServerConfigKeys (ConfUtils.java:logGet(44)) - raft.server.rpc.slowness.timeout = 300000ms (custom)
2021-08-02 05:52:31,660 [pool-144-thread-1] INFO  server.RaftServerConfigKeys (ConfUtils.java:logGet(44)) - raft.server.leaderelection.leader.step-down.wait-time = 10s (default)
2021-08-02 05:52:31,661 [pool-144-thread-1] INFO  server.RaftServerConfigKeys (ConfUtils.java:logGet(44)) - raft.server.sleep.deviation.threshold = 300ms (default)
2021-08-02 05:52:31,661 [pool-144-thread-1] INFO  server.RaftServerConfigKeys (ConfUtils.java:logGet(44)) - raft.server.log.appender.install.snapshot.enabled = false (custom)
2021-08-02 05:52:31,661 [pool-144-thread-1] INFO  server.RaftServer$Division (ServerState.java:<init>(105)) - fcafdf01-72b7-43de-af91-2233768a6b5f@group-509FF8D45528: ConfigurationManager, init=-1: [013291a6-5e4a-44b3-a8d9-818cf48fb66e|rpc:10.1.0.32:46845|dataStream:|priority:0, 38187496-3904-43e8-b49b-0f08099c5d11|rpc:10.1.0.32:42039|dataStream:|priority:0, fcafdf01-72b7-43de-af91-2233768a6b5f|rpc:10.1.0.32:37819|dataStream:|priority:1], old=null, confs=<EMPTY_MAP>
2021-08-02 05:52:31,661 [pool-144-thread-1] INFO  server.RaftServerConfigKeys (ConfUtils.java:logGet(44)) - raft.server.storage.dir = [/home/runner/work/ozone/ozone/mnt/ozone/hadoop-ozone/integration-test/target/test-dir/MiniOzoneClusterImpl-4f335ae8-e577-43f0-9715-84c03d5ccb1a/datanode-5/data/ratis] (custom)
2021-08-02 05:52:31,661 [pool-144-thread-1] INFO  server.RaftServerConfigKeys (ConfUtils.java:logGet(44)) - raft.server.log.corruption.policy = EXCEPTION (default)
2021-08-02 05:52:31,661 [pool-144-thread-1] INFO  server.RaftServerConfigKeys (ConfUtils.java:logGet(44)) - raft.server.storage.free-space.min = 0MB (=0) (default)
2021-08-02 05:52:31,661 [pool-144-thread-1] INFO  storage.RaftStorageDirectory (RaftStorageDirectoryImpl.java:analyzeStorage(135)) - The storage directory /home/runner/work/ozone/ozone/mnt/ozone/hadoop-ozone/integration-test/target/test-dir/MiniOzoneClusterImpl-4f335ae8-e577-43f0-9715-84c03d5ccb1a/datanode-5/data/ratis/17ac55dc-98f0-46e9-846b-509ff8d45528 does not exist. Creating ...
2021-08-02 05:52:31,662 [pool-144-thread-1] INFO  storage.RaftStorageDirectory (RaftStorageDirectoryImpl.java:tryLock(230)) - Lock on /home/runner/work/ozone/ozone/mnt/ozone/hadoop-ozone/integration-test/target/test-dir/MiniOzoneClusterImpl-4f335ae8-e577-43f0-9715-84c03d5ccb1a/datanode-5/data/ratis/17ac55dc-98f0-46e9-846b-509ff8d45528/in_use.lock acquired by nodename 11535@fv-az12-406
2021-08-02 05:52:31,663 [pool-144-thread-1] INFO  storage.RaftStorage (RaftStorageImpl.java:format(89)) - Storage directory /home/runner/work/ozone/ozone/mnt/ozone/hadoop-ozone/integration-test/target/test-dir/MiniOzoneClusterImpl-4f335ae8-e577-43f0-9715-84c03d5ccb1a/datanode-5/data/ratis/17ac55dc-98f0-46e9-846b-509ff8d45528 has been successfully formatted.
2021-08-02 05:52:31,664 [pool-144-thread-1] INFO  ratis.ContainerStateMachine (ContainerStateMachine.java:loadSnapshot(223)) - group-509FF8D45528: The snapshot info is null. Setting the last applied indexto:(t:0, i:~)
2021-08-02 05:52:31,664 [pool-144-thread-1] INFO  server.RaftServerConfigKeys (ConfUtils.java:logGet(44)) - raft.server.notification.no-leader.timeout = 300000ms (custom)
2021-08-02 05:52:31,664 [pool-144-thread-1] INFO  server.RaftServerConfigKeys (ConfUtils.java:logGet(44)) - raft.server.log.use.memory = false (default)
2021-08-02 05:52:31,664 [pool-144-thread-1] INFO  server.RaftServerConfigKeys (ConfUtils.java:logGet(44)) - raft.server.log.purge.gap = 1000000 (custom)
2021-08-02 05:52:31,664 [pool-144-thread-1] INFO  server.RaftServerConfigKeys (ConfUtils.java:logGet(44)) - raft.server.log.appender.buffer.byte-limit = 33554432 (custom)
2021-08-02 05:52:31,664 [Datanode State Machine Thread - 0] WARN  statemachine.StateContext (StateContext.java:execute(621)) - No available thread in pool for past 1 seconds.
2021-08-02 05:52:31,665 [pool-144-thread-1] INFO  server.RaftServerConfigKeys (ConfUtils.java:logGet(44)) - raft.server.log.segment.size.max = 1048576 (custom)
2021-08-02 05:52:31,667 [pool-144-thread-1] INFO  server.RaftServerConfigKeys (ConfUtils.java:logGet(44)) - raft.server.log.segment.cache.num.max = 2 (custom)
2021-08-02 05:52:31,667 [pool-144-thread-1] INFO  server.RaftServerConfigKeys (ConfUtils.java:logGet(44)) - raft.server.log.segment.cache.size.max = 200MB (=209715200) (default)
2021-08-02 05:52:31,667 [pool-144-thread-1] INFO  segmented.SegmentedRaftLogWorker (SegmentedRaftLogWorker.java:<init>(182)) - new fcafdf01-72b7-43de-af91-2233768a6b5f@group-509FF8D45528-SegmentedRaftLogWorker for RaftStorageImpl:Storage Directory /home/runner/work/ozone/ozone/mnt/ozone/hadoop-ozone/integration-test/target/test-dir/MiniOzoneClusterImpl-4f335ae8-e577-43f0-9715-84c03d5ccb1a/datanode-5/data/ratis/17ac55dc-98f0-46e9-846b-509ff8d45528
2021-08-02 05:52:31,667 [pool-144-thread-1] INFO  server.RaftServerConfigKeys (ConfUtils.java:logGet(44)) - raft.server.log.queue.byte-limit = 2147483647 (custom)
2021-08-02 05:52:31,667 [pool-144-thread-1] INFO  server.RaftServerConfigKeys (ConfUtils.java:logGet(44)) - raft.server.log.queue.element-limit = 1024 (custom)
2021-08-02 05:52:31,667 [pool-144-thread-1] INFO  server.RaftServerConfigKeys (ConfUtils.java:logGet(44)) - raft.server.log.segment.size.max = 1048576 (custom)
2021-08-02 05:52:31,667 [pool-144-thread-1] INFO  server.RaftServerConfigKeys (ConfUtils.java:logGet(44)) - raft.server.log.preallocated.size = 16384 (custom)
2021-08-02 05:52:31,668 [pool-144-thread-1] INFO  server.RaftServerConfigKeys (ConfUtils.java:logGet(44)) - raft.server.log.force.sync.num = 128 (default)
2021-08-02 05:52:31,668 [pool-144-thread-1] INFO  server.RaftServerConfigKeys (ConfUtils.java:logGet(44)) - raft.server.log.statemachine.data.sync = true (default)
2021-08-02 05:52:31,668 [pool-144-thread-1] INFO  server.RaftServerConfigKeys (ConfUtils.java:logGet(44)) - raft.server.log.statemachine.data.sync.timeout = 10s (default)
2021-08-02 05:52:31,668 [pool-144-thread-1] INFO  server.RaftServerConfigKeys (ConfUtils.java:logGet(44)) - raft.server.log.statemachine.data.sync.timeout.retry = -1 (default)
2021-08-02 05:52:31,669 [pool-144-thread-1] INFO  server.RaftServerConfigKeys (ConfUtils.java:logGet(44)) - raft.server.log.write.buffer.size = 1048576 (custom)
2021-08-02 05:52:31,670 [pool-144-thread-1] INFO  server.RaftServerConfigKeys (ConfUtils.java:logGet(44)) - raft.server.log.statemachine.data.caching.enabled = true (custom)
2021-08-02 05:52:31,670 [pool-144-thread-1] INFO  segmented.SegmentedRaftLogWorker (SegmentedRaftLogWorker.java:lambda$new$0(133)) - fcafdf01-72b7-43de-af91-2233768a6b5f@group-509FF8D45528-SegmentedRaftLogWorker: flushIndex: setUnconditionally 0 -> -1
2021-08-02 05:52:31,670 [pool-144-thread-1] INFO  segmented.SegmentedRaftLogWorker (SegmentedRaftLogWorker.java:lambda$new$0(133)) - fcafdf01-72b7-43de-af91-2233768a6b5f@group-509FF8D45528-SegmentedRaftLogWorker: safeCacheEvictIndex: setUnconditionally 0 -> -1
2021-08-02 05:52:31,670 [pool-144-thread-1] INFO  server.RaftServerConfigKeys (ConfUtils.java:logGet(44)) - raft.server.snapshot.auto.trigger.enabled = true (custom)
2021-08-02 05:52:31,670 [pool-144-thread-1] INFO  server.RaftServerConfigKeys (ConfUtils.java:logGet(44)) - raft.server.snapshot.auto.trigger.threshold = 10000 (custom)
2021-08-02 05:52:31,671 [pool-144-thread-1] INFO  server.RaftServerConfigKeys (ConfUtils.java:logGet(44)) - raft.server.snapshot.retention.file.num = 5 (custom)
2021-08-02 05:52:31,671 [pool-144-thread-1] INFO  server.RaftServerConfigKeys (ConfUtils.java:logGet(44)) - raft.server.log.purge.upto.snapshot.index = false (default)
2021-08-02 05:52:31,671 [pool-144-thread-1] INFO  server.RaftServerConfigKeys (ConfUtils.java:logGet(44)) - raft.server.retrycache.expirytime = 600000ms (custom)
2021-08-02 05:52:31,671 [pool-144-thread-1] INFO  server.RaftServerConfigKeys (ConfUtils.java:logGet(44)) - raft.server.retrycache.statistics.expirytime = 100μs (default)
2021-08-02 05:52:31,672 [pool-144-thread-1] INFO  server.RaftServer$Division (RaftServerImpl.java:start(296)) - fcafdf01-72b7-43de-af91-2233768a6b5f@group-509FF8D45528: start as a follower, conf=-1: [013291a6-5e4a-44b3-a8d9-818cf48fb66e|rpc:10.1.0.32:46845|dataStream:|priority:0, 38187496-3904-43e8-b49b-0f08099c5d11|rpc:10.1.0.32:42039|dataStream:|priority:0, fcafdf01-72b7-43de-af91-2233768a6b5f|rpc:10.1.0.32:37819|dataStream:|priority:1], old=null
2021-08-02 05:52:31,672 [pool-144-thread-1] INFO  server.RaftServer$Division (RaftServerImpl.java:setRole(285)) - fcafdf01-72b7-43de-af91-2233768a6b5f@group-509FF8D45528: changes role from      null to FOLLOWER at term 0 for startAsFollower
2021-08-02 05:52:31,672 [pool-144-thread-1] INFO  impl.RoleInfo (RoleInfo.java:updateAndGet(130)) - fcafdf01-72b7-43de-af91-2233768a6b5f: start fcafdf01-72b7-43de-af91-2233768a6b5f@group-509FF8D45528-FollowerState
2021-08-02 05:52:31,672 [pool-144-thread-1] INFO  util.JmxRegister (JmxRegister.java:tryRegister(44)) - Successfully registered JMX Bean with object name Ratis:service=RaftServer,group=group-509FF8D45528,id=fcafdf01-72b7-43de-af91-2233768a6b5f
2021-08-02 05:52:31,694 [grpc-default-executor-1] INFO  server.RaftServer (RaftServerProxy.java:addNew(95)) - 013291a6-5e4a-44b3-a8d9-818cf48fb66e: addNew group-509FF8D45528:[013291a6-5e4a-44b3-a8d9-818cf48fb66e|rpc:10.1.0.32:46845|dataStream:|priority:0, 38187496-3904-43e8-b49b-0f08099c5d11|rpc:10.1.0.32:42039|dataStream:|priority:0, fcafdf01-72b7-43de-af91-2233768a6b5f|rpc:10.1.0.32:37819|dataStream:|priority:1] returns group-509FF8D45528:java.util.concurrent.CompletableFuture@65f10f63[Not completed]
2021-08-02 05:52:31,695 [pool-126-thread-1] INFO  server.RaftServer$Division (RaftServerImpl.java:<init>(181)) - 013291a6-5e4a-44b3-a8d9-818cf48fb66e: new RaftServerImpl for group-509FF8D45528:[013291a6-5e4a-44b3-a8d9-818cf48fb66e|rpc:10.1.0.32:46845|dataStream:|priority:0, 38187496-3904-43e8-b49b-0f08099c5d11|rpc:10.1.0.32:42039|dataStream:|priority:0, fcafdf01-72b7-43de-af91-2233768a6b5f|rpc:10.1.0.32:37819|dataStream:|priority:1] with ContainerStateMachine:uninitialized
2021-08-02 05:52:31,695 [pool-126-thread-1] INFO  server.RaftServerConfigKeys (ConfUtils.java:logGet(44)) - raft.server.rpc.timeout.min = 5s (custom)
2021-08-02 05:52:31,696 [pool-126-thread-1] INFO  server.RaftServerConfigKeys (ConfUtils.java:logGet(44)) - raft.server.rpc.timeout.max = 5200ms (custom)
2021-08-02 05:52:31,696 [pool-126-thread-1] INFO  server.RaftServerConfigKeys (ConfUtils.java:logGet(44)) - raft.server.rpc.sleep.time = 25ms (default)
2021-08-02 05:52:31,696 [pool-126-thread-1] INFO  server.RaftServerConfigKeys (ConfUtils.java:logGet(44)) - raft.server.rpc.slowness.timeout = 300000ms (custom)
2021-08-02 05:52:31,696 [pool-126-thread-1] INFO  server.RaftServerConfigKeys (ConfUtils.java:logGet(44)) - raft.server.leaderelection.leader.step-down.wait-time = 10s (default)
2021-08-02 05:52:31,696 [pool-126-thread-1] INFO  server.RaftServerConfigKeys (ConfUtils.java:logGet(44)) - raft.server.sleep.deviation.threshold = 300ms (default)
2021-08-02 05:52:31,696 [pool-126-thread-1] INFO  server.RaftServerConfigKeys (ConfUtils.java:logGet(44)) - raft.server.log.appender.install.snapshot.enabled = false (custom)
2021-08-02 05:52:31,696 [pool-126-thread-1] INFO  server.RaftServer$Division (ServerState.java:<init>(105)) - 013291a6-5e4a-44b3-a8d9-818cf48fb66e@group-509FF8D45528: ConfigurationManager, init=-1: [013291a6-5e4a-44b3-a8d9-818cf48fb66e|rpc:10.1.0.32:46845|dataStream:|priority:0, 38187496-3904-43e8-b49b-0f08099c5d11|rpc:10.1.0.32:42039|dataStream:|priority:0, fcafdf01-72b7-43de-af91-2233768a6b5f|rpc:10.1.0.32:37819|dataStream:|priority:1], old=null, confs=<EMPTY_MAP>
2021-08-02 05:52:31,696 [pool-126-thread-1] INFO  server.RaftServerConfigKeys (ConfUtils.java:logGet(44)) - raft.server.storage.dir = [/home/runner/work/ozone/ozone/mnt/ozone/hadoop-ozone/integration-test/target/test-dir/MiniOzoneClusterImpl-4f335ae8-e577-43f0-9715-84c03d5ccb1a/datanode-4/data/ratis] (custom)
2021-08-02 05:52:31,696 [pool-126-thread-1] INFO  server.RaftServerConfigKeys (ConfUtils.java:logGet(44)) - raft.server.log.corruption.policy = EXCEPTION (default)
2021-08-02 05:52:31,696 [pool-126-thread-1] INFO  server.RaftServerConfigKeys (ConfUtils.java:logGet(44)) - raft.server.storage.free-space.min = 0MB (=0) (default)
2021-08-02 05:52:31,696 [pool-126-thread-1] INFO  storage.RaftStorageDirectory (RaftStorageDirectoryImpl.java:analyzeStorage(135)) - The storage directory /home/runner/work/ozone/ozone/mnt/ozone/hadoop-ozone/integration-test/target/test-dir/MiniOzoneClusterImpl-4f335ae8-e577-43f0-9715-84c03d5ccb1a/datanode-4/data/ratis/17ac55dc-98f0-46e9-846b-509ff8d45528 does not exist. Creating ...
2021-08-02 05:52:31,697 [pool-126-thread-1] INFO  storage.RaftStorageDirectory (RaftStorageDirectoryImpl.java:tryLock(230)) - Lock on /home/runner/work/ozone/ozone/mnt/ozone/hadoop-ozone/integration-test/target/test-dir/MiniOzoneClusterImpl-4f335ae8-e577-43f0-9715-84c03d5ccb1a/datanode-4/data/ratis/17ac55dc-98f0-46e9-846b-509ff8d45528/in_use.lock acquired by nodename 11535@fv-az12-406
2021-08-02 05:52:31,698 [pool-126-thread-1] INFO  storage.RaftStorage (RaftStorageImpl.java:format(89)) - Storage directory /home/runner/work/ozone/ozone/mnt/ozone/hadoop-ozone/integration-test/target/test-dir/MiniOzoneClusterImpl-4f335ae8-e577-43f0-9715-84c03d5ccb1a/datanode-4/data/ratis/17ac55dc-98f0-46e9-846b-509ff8d45528 has been successfully formatted.
2021-08-02 05:52:31,700 [pool-126-thread-1] INFO  ratis.ContainerStateMachine (ContainerStateMachine.java:loadSnapshot(223)) - group-509FF8D45528: The snapshot info is null. Setting the last applied indexto:(t:0, i:~)
2021-08-02 05:52:31,701 [pool-126-thread-1] INFO  server.RaftServerConfigKeys (ConfUtils.java:logGet(44)) - raft.server.notification.no-leader.timeout = 300000ms (custom)
2021-08-02 05:52:31,701 [pool-126-thread-1] INFO  server.RaftServerConfigKeys (ConfUtils.java:logGet(44)) - raft.server.log.use.memory = false (default)
2021-08-02 05:52:31,701 [pool-126-thread-1] INFO  server.RaftServerConfigKeys (ConfUtils.java:logGet(44)) - raft.server.log.purge.gap = 1000000 (custom)
2021-08-02 05:52:31,701 [pool-126-thread-1] INFO  server.RaftServerConfigKeys (ConfUtils.java:logGet(44)) - raft.server.log.appender.buffer.byte-limit = 33554432 (custom)
2021-08-02 05:52:31,701 [pool-126-thread-1] INFO  server.RaftServerConfigKeys (ConfUtils.java:logGet(44)) - raft.server.log.segment.size.max = 1048576 (custom)
2021-08-02 05:52:31,702 [pool-126-thread-1] INFO  server.RaftServerConfigKeys (ConfUtils.java:logGet(44)) - raft.server.log.segment.cache.num.max = 2 (custom)
2021-08-02 05:52:31,702 [pool-126-thread-1] INFO  server.RaftServerConfigKeys (ConfUtils.java:logGet(44)) - raft.server.log.segment.cache.size.max = 200MB (=209715200) (default)
2021-08-02 05:52:31,702 [pool-126-thread-1] INFO  segmented.SegmentedRaftLogWorker (SegmentedRaftLogWorker.java:<init>(182)) - new 013291a6-5e4a-44b3-a8d9-818cf48fb66e@group-509FF8D45528-SegmentedRaftLogWorker for RaftStorageImpl:Storage Directory /home/runner/work/ozone/ozone/mnt/ozone/hadoop-ozone/integration-test/target/test-dir/MiniOzoneClusterImpl-4f335ae8-e577-43f0-9715-84c03d5ccb1a/datanode-4/data/ratis/17ac55dc-98f0-46e9-846b-509ff8d45528
2021-08-02 05:52:31,702 [pool-126-thread-1] INFO  server.RaftServerConfigKeys (ConfUtils.java:logGet(44)) - raft.server.log.queue.byte-limit = 2147483647 (custom)
2021-08-02 05:52:31,702 [pool-126-thread-1] INFO  server.RaftServerConfigKeys (ConfUtils.java:logGet(44)) - raft.server.log.queue.element-limit = 1024 (custom)
2021-08-02 05:52:31,702 [pool-126-thread-1] INFO  server.RaftServerConfigKeys (ConfUtils.java:logGet(44)) - raft.server.log.segment.size.max = 1048576 (custom)
2021-08-02 05:52:31,702 [pool-126-thread-1] INFO  server.RaftServerConfigKeys (ConfUtils.java:logGet(44)) - raft.server.log.preallocated.size = 16384 (custom)
2021-08-02 05:52:31,702 [pool-126-thread-1] INFO  server.RaftServerConfigKeys (ConfUtils.java:logGet(44)) - raft.server.log.force.sync.num = 128 (default)
2021-08-02 05:52:31,702 [pool-126-thread-1] INFO  server.RaftServerConfigKeys (ConfUtils.java:logGet(44)) - raft.server.log.statemachine.data.sync = true (default)
2021-08-02 05:52:31,702 [pool-126-thread-1] INFO  server.RaftServerConfigKeys (ConfUtils.java:logGet(44)) - raft.server.log.statemachine.data.sync.timeout = 10s (default)
2021-08-02 05:52:31,702 [pool-126-thread-1] INFO  server.RaftServerConfigKeys (ConfUtils.java:logGet(44)) - raft.server.log.statemachine.data.sync.timeout.retry = -1 (default)
2021-08-02 05:52:31,703 [pool-126-thread-1] INFO  server.RaftServerConfigKeys (ConfUtils.java:logGet(44)) - raft.server.log.write.buffer.size = 1048576 (custom)
2021-08-02 05:52:31,704 [pool-126-thread-1] INFO  server.RaftServerConfigKeys (ConfUtils.java:logGet(44)) - raft.server.log.statemachine.data.caching.enabled = true (custom)
2021-08-02 05:52:31,704 [pool-126-thread-1] INFO  segmented.SegmentedRaftLogWorker (SegmentedRaftLogWorker.java:lambda$new$0(133)) - 013291a6-5e4a-44b3-a8d9-818cf48fb66e@group-509FF8D45528-SegmentedRaftLogWorker: flushIndex: setUnconditionally 0 -> -1
2021-08-02 05:52:31,704 [pool-126-thread-1] INFO  segmented.SegmentedRaftLogWorker (SegmentedRaftLogWorker.java:lambda$new$0(133)) - 013291a6-5e4a-44b3-a8d9-818cf48fb66e@group-509FF8D45528-SegmentedRaftLogWorker: safeCacheEvictIndex: setUnconditionally 0 -> -1
2021-08-02 05:52:31,704 [pool-126-thread-1] INFO  server.RaftServerConfigKeys (ConfUtils.java:logGet(44)) - raft.server.snapshot.auto.trigger.enabled = true (custom)
2021-08-02 05:52:31,704 [pool-126-thread-1] INFO  server.RaftServerConfigKeys (ConfUtils.java:logGet(44)) - raft.server.snapshot.auto.trigger.threshold = 10000 (custom)
2021-08-02 05:52:31,704 [pool-126-thread-1] INFO  server.RaftServerConfigKeys (ConfUtils.java:logGet(44)) - raft.server.snapshot.retention.file.num = 5 (custom)
2021-08-02 05:52:31,704 [pool-126-thread-1] INFO  server.RaftServerConfigKeys (ConfUtils.java:logGet(44)) - raft.server.log.purge.upto.snapshot.index = false (default)
2021-08-02 05:52:31,704 [pool-126-thread-1] INFO  server.RaftServerConfigKeys (ConfUtils.java:logGet(44)) - raft.server.retrycache.expirytime = 600000ms (custom)
2021-08-02 05:52:31,704 [pool-126-thread-1] INFO  server.RaftServerConfigKeys (ConfUtils.java:logGet(44)) - raft.server.retrycache.statistics.expirytime = 100μs (default)
2021-08-02 05:52:31,705 [pool-126-thread-1] INFO  server.RaftServer$Division (RaftServerImpl.java:start(296)) - 013291a6-5e4a-44b3-a8d9-818cf48fb66e@group-509FF8D45528: start as a follower, conf=-1: [013291a6-5e4a-44b3-a8d9-818cf48fb66e|rpc:10.1.0.32:46845|dataStream:|priority:0, 38187496-3904-43e8-b49b-0f08099c5d11|rpc:10.1.0.32:42039|dataStream:|priority:0, fcafdf01-72b7-43de-af91-2233768a6b5f|rpc:10.1.0.32:37819|dataStream:|priority:1], old=null
2021-08-02 05:52:31,706 [pool-126-thread-1] INFO  server.RaftServer$Division (RaftServerImpl.java:setRole(285)) - 013291a6-5e4a-44b3-a8d9-818cf48fb66e@group-509FF8D45528: changes role from      null to FOLLOWER at term 0 for startAsFollower
2021-08-02 05:52:31,706 [pool-126-thread-1] INFO  impl.RoleInfo (RoleInfo.java:updateAndGet(130)) - 013291a6-5e4a-44b3-a8d9-818cf48fb66e: start 013291a6-5e4a-44b3-a8d9-818cf48fb66e@group-509FF8D45528-FollowerState
2021-08-02 05:52:31,707 [pool-126-thread-1] INFO  util.JmxRegister (JmxRegister.java:tryRegister(44)) - Successfully registered JMX Bean with object name Ratis:service=RaftServer,group=group-509FF8D45528,id=013291a6-5e4a-44b3-a8d9-818cf48fb66e
2021-08-02 05:52:31,711 [Command processor thread] INFO  commandhandler.CreatePipelineCommandHandler (CreatePipelineCommandHandler.java:handle(106)) - Created Pipeline RATIS THREE PipelineID=17ac55dc-98f0-46e9-846b-509ff8d45528.
2021-08-02 05:52:31,813 [Command processor thread] INFO  server.RaftServer (RaftServerProxy.java:addNew(95)) - 013291a6-5e4a-44b3-a8d9-818cf48fb66e: addNew group-CFFBAD837D27:[013291a6-5e4a-44b3-a8d9-818cf48fb66e|rpc:10.1.0.32:46845|priority:1] returns group-CFFBAD837D27:java.util.concurrent.CompletableFuture@4ae31852[Not completed]
2021-08-02 05:52:31,814 [pool-126-thread-1] INFO  server.RaftServer$Division (RaftServerImpl.java:<init>(181)) - 013291a6-5e4a-44b3-a8d9-818cf48fb66e: new RaftServerImpl for group-CFFBAD837D27:[013291a6-5e4a-44b3-a8d9-818cf48fb66e|rpc:10.1.0.32:46845|priority:1] with ContainerStateMachine:uninitialized
2021-08-02 05:52:31,814 [pool-126-thread-1] INFO  server.RaftServerConfigKeys (ConfUtils.java:logGet(44)) - raft.server.rpc.timeout.min = 5s (custom)
2021-08-02 05:52:31,814 [pool-126-thread-1] INFO  server.RaftServerConfigKeys (ConfUtils.java:logGet(44)) - raft.server.rpc.timeout.max = 5200ms (custom)
2021-08-02 05:52:31,814 [pool-126-thread-1] INFO  server.RaftServerConfigKeys (ConfUtils.java:logGet(44)) - raft.server.rpc.sleep.time = 25ms (default)
2021-08-02 05:52:31,814 [pool-126-thread-1] INFO  server.RaftServerConfigKeys (ConfUtils.java:logGet(44)) - raft.server.rpc.slowness.timeout = 300000ms (custom)
2021-08-02 05:52:31,814 [pool-126-thread-1] INFO  server.RaftServerConfigKeys (ConfUtils.java:logGet(44)) - raft.server.leaderelection.leader.step-down.wait-time = 10s (default)
2021-08-02 05:52:31,814 [pool-126-thread-1] INFO  server.RaftServerConfigKeys (ConfUtils.java:logGet(44)) - raft.server.sleep.deviation.threshold = 300ms (default)
2021-08-02 05:52:31,814 [pool-126-thread-1] INFO  server.RaftServerConfigKeys (ConfUtils.java:logGet(44)) - raft.server.log.appender.install.snapshot.enabled = false (custom)
2021-08-02 05:52:31,814 [pool-126-thread-1] INFO  server.RaftServer$Division (ServerState.java:<init>(105)) - 013291a6-5e4a-44b3-a8d9-818cf48fb66e@group-CFFBAD837D27: ConfigurationManager, init=-1: [013291a6-5e4a-44b3-a8d9-818cf48fb66e|rpc:10.1.0.32:46845|priority:1], old=null, confs=<EMPTY_MAP>
2021-08-02 05:52:31,814 [pool-126-thread-1] INFO  server.RaftServerConfigKeys (ConfUtils.java:logGet(44)) - raft.server.storage.dir = [/home/runner/work/ozone/ozone/mnt/ozone/hadoop-ozone/integration-test/target/test-dir/MiniOzoneClusterImpl-4f335ae8-e577-43f0-9715-84c03d5ccb1a/datanode-4/data/ratis] (custom)
2021-08-02 05:52:31,814 [pool-126-thread-1] INFO  server.RaftServerConfigKeys (ConfUtils.java:logGet(44)) - raft.server.log.corruption.policy = EXCEPTION (default)
2021-08-02 05:52:31,814 [pool-126-thread-1] INFO  server.RaftServerConfigKeys (ConfUtils.java:logGet(44)) - raft.server.storage.free-space.min = 0MB (=0) (default)
2021-08-02 05:52:31,815 [pool-126-thread-1] INFO  storage.RaftStorageDirectory (RaftStorageDirectoryImpl.java:analyzeStorage(135)) - The storage directory /home/runner/work/ozone/ozone/mnt/ozone/hadoop-ozone/integration-test/target/test-dir/MiniOzoneClusterImpl-4f335ae8-e577-43f0-9715-84c03d5ccb1a/datanode-4/data/ratis/0bf55a1a-03e0-424f-b1f3-cffbad837d27 does not exist. Creating ...
2021-08-02 05:52:31,816 [pool-126-thread-1] INFO  storage.RaftStorageDirectory (RaftStorageDirectoryImpl.java:tryLock(230)) - Lock on /home/runner/work/ozone/ozone/mnt/ozone/hadoop-ozone/integration-test/target/test-dir/MiniOzoneClusterImpl-4f335ae8-e577-43f0-9715-84c03d5ccb1a/datanode-4/data/ratis/0bf55a1a-03e0-424f-b1f3-cffbad837d27/in_use.lock acquired by nodename 11535@fv-az12-406
2021-08-02 05:52:31,817 [pool-126-thread-1] INFO  storage.RaftStorage (RaftStorageImpl.java:format(89)) - Storage directory /home/runner/work/ozone/ozone/mnt/ozone/hadoop-ozone/integration-test/target/test-dir/MiniOzoneClusterImpl-4f335ae8-e577-43f0-9715-84c03d5ccb1a/datanode-4/data/ratis/0bf55a1a-03e0-424f-b1f3-cffbad837d27 has been successfully formatted.
2021-08-02 05:52:31,817 [pool-126-thread-1] INFO  ratis.ContainerStateMachine (ContainerStateMachine.java:loadSnapshot(223)) - group-CFFBAD837D27: The snapshot info is null. Setting the last applied indexto:(t:0, i:~)
2021-08-02 05:52:31,817 [Datanode State Machine Thread - 0] WARN  statemachine.StateContext (StateContext.java:execute(621)) - No available thread in pool for past 1 seconds.
2021-08-02 05:52:31,817 [pool-126-thread-1] INFO  server.RaftServerConfigKeys (ConfUtils.java:logGet(44)) - raft.server.notification.no-leader.timeout = 300000ms (custom)
2021-08-02 05:52:31,818 [pool-126-thread-1] INFO  server.RaftServerConfigKeys (ConfUtils.java:logGet(44)) - raft.server.log.use.memory = false (default)
2021-08-02 05:52:31,818 [pool-126-thread-1] INFO  server.RaftServerConfigKeys (ConfUtils.java:logGet(44)) - raft.server.log.purge.gap = 1000000 (custom)
2021-08-02 05:52:31,818 [pool-126-thread-1] INFO  server.RaftServerConfigKeys (ConfUtils.java:logGet(44)) - raft.server.log.appender.buffer.byte-limit = 33554432 (custom)
2021-08-02 05:52:31,818 [pool-126-thread-1] INFO  server.RaftServerConfigKeys (ConfUtils.java:logGet(44)) - raft.server.log.segment.size.max = 1048576 (custom)
2021-08-02 05:52:31,819 [pool-126-thread-1] INFO  server.RaftServerConfigKeys (ConfUtils.java:logGet(44)) - raft.server.log.segment.cache.num.max = 2 (custom)
2021-08-02 05:52:31,819 [pool-126-thread-1] INFO  server.RaftServerConfigKeys (ConfUtils.java:logGet(44)) - raft.server.log.segment.cache.size.max = 200MB (=209715200) (default)
2021-08-02 05:52:31,819 [pool-126-thread-1] INFO  segmented.SegmentedRaftLogWorker (SegmentedRaftLogWorker.java:<init>(182)) - new 013291a6-5e4a-44b3-a8d9-818cf48fb66e@group-CFFBAD837D27-SegmentedRaftLogWorker for RaftStorageImpl:Storage Directory /home/runner/work/ozone/ozone/mnt/ozone/hadoop-ozone/integration-test/target/test-dir/MiniOzoneClusterImpl-4f335ae8-e577-43f0-9715-84c03d5ccb1a/datanode-4/data/ratis/0bf55a1a-03e0-424f-b1f3-cffbad837d27
2021-08-02 05:52:31,819 [EventQueue-PipelineReportForPipelineReportHandler] INFO  pipeline.PipelineManagerV2Impl (PipelineManagerV2Impl.java:openPipeline(283)) - Pipeline Pipeline[ Id: 0bf55a1a-03e0-424f-b1f3-cffbad837d27, Nodes: 013291a6-5e4a-44b3-a8d9-818cf48fb66e{ip: 10.1.0.32, host: fv-az12-406.exdb2aeach2ezidoxz41lk3bwg.cx.internal.cloudapp.net, ports: [REPLICATION=45573, RATIS=46845, RATIS_ADMIN=46845, RATIS_SERVER=46845, STANDALONE=42307], networkLocation: /default-rack, certSerialId: null, persistedOpState: IN_SERVICE, persistedOpStateExpiryEpochSec: 0}, ReplicationConfig: RATIS/ONE, State:ALLOCATED, leaderId:013291a6-5e4a-44b3-a8d9-818cf48fb66e, CreationTimestamp2021-08-02T05:52:28.816Z[Etc/UTC]] moved to OPEN state
2021-08-02 05:52:31,819 [pool-126-thread-1] INFO  server.RaftServerConfigKeys (ConfUtils.java:logGet(44)) - raft.server.log.queue.byte-limit = 2147483647 (custom)
2021-08-02 05:52:31,819 [pool-126-thread-1] INFO  server.RaftServerConfigKeys (ConfUtils.java:logGet(44)) - raft.server.log.queue.element-limit = 1024 (custom)
2021-08-02 05:52:31,819 [pool-126-thread-1] INFO  server.RaftServerConfigKeys (ConfUtils.java:logGet(44)) - raft.server.log.segment.size.max = 1048576 (custom)
2021-08-02 05:52:31,819 [pool-126-thread-1] INFO  server.RaftServerConfigKeys (ConfUtils.java:logGet(44)) - raft.server.log.preallocated.size = 16384 (custom)
2021-08-02 05:52:31,820 [pool-126-thread-1] INFO  server.RaftServerConfigKeys (ConfUtils.java:logGet(44)) - raft.server.log.force.sync.num = 128 (default)
2021-08-02 05:52:31,820 [pool-126-thread-1] INFO  server.RaftServerConfigKeys (ConfUtils.java:logGet(44)) - raft.server.log.statemachine.data.sync = true (default)
2021-08-02 05:52:31,820 [pool-126-thread-1] INFO  server.RaftServerConfigKeys (ConfUtils.java:logGet(44)) - raft.server.log.statemachine.data.sync.timeout = 10s (default)
2021-08-02 05:52:31,820 [pool-126-thread-1] INFO  server.RaftServerConfigKeys (ConfUtils.java:logGet(44)) - raft.server.log.statemachine.data.sync.timeout.retry = -1 (default)
2021-08-02 05:52:31,821 [pool-126-thread-1] INFO  server.RaftServerConfigKeys (ConfUtils.java:logGet(44)) - raft.server.log.write.buffer.size = 1048576 (custom)
2021-08-02 05:52:31,821 [pool-126-thread-1] INFO  server.RaftServerConfigKeys (ConfUtils.java:logGet(44)) - raft.server.log.statemachine.data.caching.enabled = true (custom)
2021-08-02 05:52:31,822 [pool-126-thread-1] INFO  segmented.SegmentedRaftLogWorker (SegmentedRaftLogWorker.java:lambda$new$0(133)) - 013291a6-5e4a-44b3-a8d9-818cf48fb66e@group-CFFBAD837D27-SegmentedRaftLogWorker: flushIndex: setUnconditionally 0 -> -1
2021-08-02 05:52:31,822 [pool-126-thread-1] INFO  segmented.SegmentedRaftLogWorker (SegmentedRaftLogWorker.java:lambda$new$0(133)) - 013291a6-5e4a-44b3-a8d9-818cf48fb66e@group-CFFBAD837D27-SegmentedRaftLogWorker: safeCacheEvictIndex: setUnconditionally 0 -> -1
2021-08-02 05:52:31,822 [pool-126-thread-1] INFO  server.RaftServerConfigKeys (ConfUtils.java:logGet(44)) - raft.server.snapshot.auto.trigger.enabled = true (custom)
2021-08-02 05:52:31,822 [pool-126-thread-1] INFO  server.RaftServerConfigKeys (ConfUtils.java:logGet(44)) - raft.server.snapshot.auto.trigger.threshold = 10000 (custom)
2021-08-02 05:52:31,822 [pool-126-thread-1] INFO  server.RaftServerConfigKeys (ConfUtils.java:logGet(44)) - raft.server.snapshot.retention.file.num = 5 (custom)
2021-08-02 05:52:31,822 [pool-126-thread-1] INFO  server.RaftServerConfigKeys (ConfUtils.java:logGet(44)) - raft.server.log.purge.upto.snapshot.index = false (default)
2021-08-02 05:52:31,822 [pool-126-thread-1] INFO  server.RaftServerConfigKeys (ConfUtils.java:logGet(44)) - raft.server.retrycache.expirytime = 600000ms (custom)
2021-08-02 05:52:31,822 [pool-126-thread-1] INFO  server.RaftServerConfigKeys (ConfUtils.java:logGet(44)) - raft.server.retrycache.statistics.expirytime = 100μs (default)
2021-08-02 05:52:31,823 [pool-126-thread-1] INFO  server.RaftServer$Division (RaftServerImpl.java:start(296)) - 013291a6-5e4a-44b3-a8d9-818cf48fb66e@group-CFFBAD837D27: start as a follower, conf=-1: [013291a6-5e4a-44b3-a8d9-818cf48fb66e|rpc:10.1.0.32:46845|priority:1], old=null
2021-08-02 05:52:31,823 [pool-126-thread-1] INFO  server.RaftServer$Division (RaftServerImpl.java:setRole(285)) - 013291a6-5e4a-44b3-a8d9-818cf48fb66e@group-CFFBAD837D27: changes role from      null to FOLLOWER at term 0 for startAsFollower
2021-08-02 05:52:31,823 [pool-126-thread-1] INFO  impl.RoleInfo (RoleInfo.java:updateAndGet(130)) - 013291a6-5e4a-44b3-a8d9-818cf48fb66e: start 013291a6-5e4a-44b3-a8d9-818cf48fb66e@group-CFFBAD837D27-FollowerState
2021-08-02 05:52:31,823 [EventQueue-OpenPipelineForHealthyPipelineSafeModeRule] INFO  safemode.SCMSafeModeManager (HealthyPipelineSafeModeRule.java:process(124)) - SCM in safe mode. Healthy pipelines reported count is 0, required healthy pipeline reported count is 1
2021-08-02 05:52:31,829 [pool-126-thread-1] INFO  util.JmxRegister (JmxRegister.java:tryRegister(44)) - Successfully registered JMX Bean with object name Ratis:service=RaftServer,group=group-CFFBAD837D27,id=013291a6-5e4a-44b3-a8d9-818cf48fb66e
2021-08-02 05:52:31,837 [Command processor thread] INFO  ratis.XceiverServerRatis (XceiverServerRatis.java:addGroup(759)) - Created group PipelineID=0bf55a1a-03e0-424f-b1f3-cffbad837d27
2021-08-02 05:52:31,837 [Command processor thread] INFO  commandhandler.CreatePipelineCommandHandler (CreatePipelineCommandHandler.java:handle(106)) - Created Pipeline RATIS ONE PipelineID=0bf55a1a-03e0-424f-b1f3-cffbad837d27.
2021-08-02 05:52:31,976 [Command processor thread] INFO  server.RaftServer (RaftServerProxy.java:addNew(95)) - fcafdf01-72b7-43de-af91-2233768a6b5f: addNew group-56A97C016115:[fcafdf01-72b7-43de-af91-2233768a6b5f|rpc:10.1.0.32:37819|priority:1] returns group-56A97C016115:java.util.concurrent.CompletableFuture@31a446bc[Not completed]
2021-08-02 05:52:31,977 [pool-144-thread-1] INFO  server.RaftServer$Division (RaftServerImpl.java:<init>(181)) - fcafdf01-72b7-43de-af91-2233768a6b5f: new RaftServerImpl for group-56A97C016115:[fcafdf01-72b7-43de-af91-2233768a6b5f|rpc:10.1.0.32:37819|priority:1] with ContainerStateMachine:uninitialized
2021-08-02 05:52:31,977 [pool-144-thread-1] INFO  server.RaftServerConfigKeys (ConfUtils.java:logGet(44)) - raft.server.rpc.timeout.min = 5s (custom)
2021-08-02 05:52:31,977 [pool-144-thread-1] INFO  server.RaftServerConfigKeys (ConfUtils.java:logGet(44)) - raft.server.rpc.timeout.max = 5200ms (custom)
2021-08-02 05:52:31,978 [pool-144-thread-1] INFO  server.RaftServerConfigKeys (ConfUtils.java:logGet(44)) - raft.server.rpc.sleep.time = 25ms (default)
2021-08-02 05:52:31,978 [pool-144-thread-1] INFO  server.RaftServerConfigKeys (ConfUtils.java:logGet(44)) - raft.server.rpc.slowness.timeout = 300000ms (custom)
2021-08-02 05:52:31,978 [pool-144-thread-1] INFO  server.RaftServerConfigKeys (ConfUtils.java:logGet(44)) - raft.server.leaderelection.leader.step-down.wait-time = 10s (default)
2021-08-02 05:52:31,978 [pool-144-thread-1] INFO  server.RaftServerConfigKeys (ConfUtils.java:logGet(44)) - raft.server.sleep.deviation.threshold = 300ms (default)
2021-08-02 05:52:31,978 [pool-144-thread-1] INFO  server.RaftServerConfigKeys (ConfUtils.java:logGet(44)) - raft.server.log.appender.install.snapshot.enabled = false (custom)
2021-08-02 05:52:31,978 [pool-144-thread-1] INFO  server.RaftServer$Division (ServerState.java:<init>(105)) - fcafdf01-72b7-43de-af91-2233768a6b5f@group-56A97C016115: ConfigurationManager, init=-1: [fcafdf01-72b7-43de-af91-2233768a6b5f|rpc:10.1.0.32:37819|priority:1], old=null, confs=<EMPTY_MAP>
2021-08-02 05:52:31,978 [pool-144-thread-1] INFO  server.RaftServerConfigKeys (ConfUtils.java:logGet(44)) - raft.server.storage.dir = [/home/runner/work/ozone/ozone/mnt/ozone/hadoop-ozone/integration-test/target/test-dir/MiniOzoneClusterImpl-4f335ae8-e577-43f0-9715-84c03d5ccb1a/datanode-5/data/ratis] (custom)
2021-08-02 05:52:31,978 [pool-144-thread-1] INFO  server.RaftServerConfigKeys (ConfUtils.java:logGet(44)) - raft.server.log.corruption.policy = EXCEPTION (default)
2021-08-02 05:52:31,978 [pool-144-thread-1] INFO  server.RaftServerConfigKeys (ConfUtils.java:logGet(44)) - raft.server.storage.free-space.min = 0MB (=0) (default)
2021-08-02 05:52:31,978 [pool-144-thread-1] INFO  storage.RaftStorageDirectory (RaftStorageDirectoryImpl.java:analyzeStorage(135)) - The storage directory /home/runner/work/ozone/ozone/mnt/ozone/hadoop-ozone/integration-test/target/test-dir/MiniOzoneClusterImpl-4f335ae8-e577-43f0-9715-84c03d5ccb1a/datanode-5/data/ratis/776bd8c8-019a-4cb5-8c93-56a97c016115 does not exist. Creating ...
2021-08-02 05:52:31,980 [pool-144-thread-1] INFO  storage.RaftStorageDirectory (RaftStorageDirectoryImpl.java:tryLock(230)) - Lock on /home/runner/work/ozone/ozone/mnt/ozone/hadoop-ozone/integration-test/target/test-dir/MiniOzoneClusterImpl-4f335ae8-e577-43f0-9715-84c03d5ccb1a/datanode-5/data/ratis/776bd8c8-019a-4cb5-8c93-56a97c016115/in_use.lock acquired by nodename 11535@fv-az12-406
2021-08-02 05:52:31,981 [pool-144-thread-1] INFO  storage.RaftStorage (RaftStorageImpl.java:format(89)) - Storage directory /home/runner/work/ozone/ozone/mnt/ozone/hadoop-ozone/integration-test/target/test-dir/MiniOzoneClusterImpl-4f335ae8-e577-43f0-9715-84c03d5ccb1a/datanode-5/data/ratis/776bd8c8-019a-4cb5-8c93-56a97c016115 has been successfully formatted.
2021-08-02 05:52:31,981 [pool-144-thread-1] INFO  ratis.ContainerStateMachine (ContainerStateMachine.java:loadSnapshot(223)) - group-56A97C016115: The snapshot info is null. Setting the last applied indexto:(t:0, i:~)
2021-08-02 05:52:31,982 [pool-144-thread-1] INFO  server.RaftServerConfigKeys (ConfUtils.java:logGet(44)) - raft.server.notification.no-leader.timeout = 300000ms (custom)
2021-08-02 05:52:31,982 [pool-144-thread-1] INFO  server.RaftServerConfigKeys (ConfUtils.java:logGet(44)) - raft.server.log.use.memory = false (default)
2021-08-02 05:52:31,982 [pool-144-thread-1] INFO  server.RaftServerConfigKeys (ConfUtils.java:logGet(44)) - raft.server.log.purge.gap = 1000000 (custom)
2021-08-02 05:52:31,982 [EventQueue-PipelineReportForPipelineReportHandler] INFO  pipeline.PipelineManagerV2Impl (PipelineManagerV2Impl.java:openPipeline(283)) - Pipeline Pipeline[ Id: 776bd8c8-019a-4cb5-8c93-56a97c016115, Nodes: fcafdf01-72b7-43de-af91-2233768a6b5f{ip: 10.1.0.32, host: fv-az12-406.exdb2aeach2ezidoxz41lk3bwg.cx.internal.cloudapp.net, ports: [REPLICATION=45841, RATIS=37819, RATIS_ADMIN=37819, RATIS_SERVER=37819, STANDALONE=39001], networkLocation: /default-rack, certSerialId: null, persistedOpState: IN_SERVICE, persistedOpStateExpiryEpochSec: 0}, ReplicationConfig: RATIS/ONE, State:ALLOCATED, leaderId:fcafdf01-72b7-43de-af91-2233768a6b5f, CreationTimestamp2021-08-02T05:52:28.981Z[Etc/UTC]] moved to OPEN state
2021-08-02 05:52:31,982 [pool-144-thread-1] INFO  server.RaftServerConfigKeys (ConfUtils.java:logGet(44)) - raft.server.log.appender.buffer.byte-limit = 33554432 (custom)
2021-08-02 05:52:31,983 [pool-144-thread-1] INFO  server.RaftServerConfigKeys (ConfUtils.java:logGet(44)) - raft.server.log.segment.size.max = 1048576 (custom)
2021-08-02 05:52:31,983 [EventQueue-OpenPipelineForHealthyPipelineSafeModeRule] INFO  safemode.SCMSafeModeManager (HealthyPipelineSafeModeRule.java:process(124)) - SCM in safe mode. Healthy pipelines reported count is 0, required healthy pipeline reported count is 1
2021-08-02 05:52:31,983 [pool-144-thread-1] INFO  server.RaftServerConfigKeys (ConfUtils.java:logGet(44)) - raft.server.log.segment.cache.num.max = 2 (custom)
2021-08-02 05:52:31,987 [pool-144-thread-1] INFO  server.RaftServerConfigKeys (ConfUtils.java:logGet(44)) - raft.server.log.segment.cache.size.max = 200MB (=209715200) (default)
2021-08-02 05:52:31,987 [pool-144-thread-1] INFO  segmented.SegmentedRaftLogWorker (SegmentedRaftLogWorker.java:<init>(182)) - new fcafdf01-72b7-43de-af91-2233768a6b5f@group-56A97C016115-SegmentedRaftLogWorker for RaftStorageImpl:Storage Directory /home/runner/work/ozone/ozone/mnt/ozone/hadoop-ozone/integration-test/target/test-dir/MiniOzoneClusterImpl-4f335ae8-e577-43f0-9715-84c03d5ccb1a/datanode-5/data/ratis/776bd8c8-019a-4cb5-8c93-56a97c016115
2021-08-02 05:52:31,987 [pool-144-thread-1] INFO  server.RaftServerConfigKeys (ConfUtils.java:logGet(44)) - raft.server.log.queue.byte-limit = 2147483647 (custom)
2021-08-02 05:52:31,987 [pool-144-thread-1] INFO  server.RaftServerConfigKeys (ConfUtils.java:logGet(44)) - raft.server.log.queue.element-limit = 1024 (custom)
2021-08-02 05:52:31,987 [pool-144-thread-1] INFO  server.RaftServerConfigKeys (ConfUtils.java:logGet(44)) - raft.server.log.segment.size.max = 1048576 (custom)
2021-08-02 05:52:31,987 [pool-144-thread-1] INFO  server.RaftServerConfigKeys (ConfUtils.java:logGet(44)) - raft.server.log.preallocated.size = 16384 (custom)
2021-08-02 05:52:31,987 [pool-144-thread-1] INFO  server.RaftServerConfigKeys (ConfUtils.java:logGet(44)) - raft.server.log.force.sync.num = 128 (default)
2021-08-02 05:52:31,987 [pool-144-thread-1] INFO  server.RaftServerConfigKeys (ConfUtils.java:logGet(44)) - raft.server.log.statemachine.data.sync = true (default)
2021-08-02 05:52:31,987 [pool-144-thread-1] INFO  server.RaftServerConfigKeys (ConfUtils.java:logGet(44)) - raft.server.log.statemachine.data.sync.timeout = 10s (default)
2021-08-02 05:52:31,987 [pool-144-thread-1] INFO  server.RaftServerConfigKeys (ConfUtils.java:logGet(44)) - raft.server.log.statemachine.data.sync.timeout.retry = -1 (default)
2021-08-02 05:52:31,988 [pool-144-thread-1] INFO  server.RaftServerConfigKeys (ConfUtils.java:logGet(44)) - raft.server.log.write.buffer.size = 1048576 (custom)
2021-08-02 05:52:31,988 [pool-144-thread-1] INFO  server.RaftServerConfigKeys (ConfUtils.java:logGet(44)) - raft.server.log.statemachine.data.caching.enabled = true (custom)
2021-08-02 05:52:31,989 [pool-144-thread-1] INFO  segmented.SegmentedRaftLogWorker (SegmentedRaftLogWorker.java:lambda$new$0(133)) - fcafdf01-72b7-43de-af91-2233768a6b5f@group-56A97C016115-SegmentedRaftLogWorker: flushIndex: setUnconditionally 0 -> -1
2021-08-02 05:52:31,989 [pool-144-thread-1] INFO  segmented.SegmentedRaftLogWorker (SegmentedRaftLogWorker.java:lambda$new$0(133)) - fcafdf01-72b7-43de-af91-2233768a6b5f@group-56A97C016115-SegmentedRaftLogWorker: safeCacheEvictIndex: setUnconditionally 0 -> -1
2021-08-02 05:52:31,989 [pool-144-thread-1] INFO  server.RaftServerConfigKeys (ConfUtils.java:logGet(44)) - raft.server.snapshot.auto.trigger.enabled = true (custom)
2021-08-02 05:52:31,989 [pool-144-thread-1] INFO  server.RaftServerConfigKeys (ConfUtils.java:logGet(44)) - raft.server.snapshot.auto.trigger.threshold = 10000 (custom)
2021-08-02 05:52:31,989 [pool-144-thread-1] INFO  server.RaftServerConfigKeys (ConfUtils.java:logGet(44)) - raft.server.snapshot.retention.file.num = 5 (custom)
2021-08-02 05:52:31,989 [pool-144-thread-1] INFO  server.RaftServerConfigKeys (ConfUtils.java:logGet(44)) - raft.server.log.purge.upto.snapshot.index = false (default)
2021-08-02 05:52:31,989 [pool-144-thread-1] INFO  server.RaftServerConfigKeys (ConfUtils.java:logGet(44)) - raft.server.retrycache.expirytime = 600000ms (custom)
2021-08-02 05:52:31,990 [pool-144-thread-1] INFO  server.RaftServerConfigKeys (ConfUtils.java:logGet(44)) - raft.server.retrycache.statistics.expirytime = 100μs (default)
2021-08-02 05:52:31,990 [pool-144-thread-1] INFO  server.RaftServer$Division (RaftServerImpl.java:start(296)) - fcafdf01-72b7-43de-af91-2233768a6b5f@group-56A97C016115: start as a follower, conf=-1: [fcafdf01-72b7-43de-af91-2233768a6b5f|rpc:10.1.0.32:37819|priority:1], old=null
2021-08-02 05:52:31,991 [pool-144-thread-1] INFO  server.RaftServer$Division (RaftServerImpl.java:setRole(285)) - fcafdf01-72b7-43de-af91-2233768a6b5f@group-56A97C016115: changes role from      null to FOLLOWER at term 0 for startAsFollower
2021-08-02 05:52:31,991 [pool-144-thread-1] INFO  impl.RoleInfo (RoleInfo.java:updateAndGet(130)) - fcafdf01-72b7-43de-af91-2233768a6b5f: start fcafdf01-72b7-43de-af91-2233768a6b5f@group-56A97C016115-FollowerState
2021-08-02 05:52:31,991 [pool-144-thread-1] INFO  util.JmxRegister (JmxRegister.java:tryRegister(44)) - Successfully registered JMX Bean with object name Ratis:service=RaftServer,group=group-56A97C016115,id=fcafdf01-72b7-43de-af91-2233768a6b5f
2021-08-02 05:52:31,992 [Command processor thread] INFO  ratis.XceiverServerRatis (XceiverServerRatis.java:addGroup(759)) - Created group PipelineID=776bd8c8-019a-4cb5-8c93-56a97c016115
2021-08-02 05:52:31,992 [Command processor thread] INFO  commandhandler.CreatePipelineCommandHandler (CreatePipelineCommandHandler.java:handle(106)) - Created Pipeline RATIS ONE PipelineID=776bd8c8-019a-4cb5-8c93-56a97c016115.
2021-08-02 05:52:32,173 [Command processor thread] INFO  server.RaftServer (RaftServerProxy.java:addNew(95)) - aac07b4a-b510-4ee2-b953-6b798ab874ed: addNew group-6462AA00A1EE:[aac07b4a-b510-4ee2-b953-6b798ab874ed|rpc:10.1.0.32:43755|priority:1] returns group-6462AA00A1EE:java.util.concurrent.CompletableFuture@7e128b8a[Not completed]
2021-08-02 05:52:32,174 [pool-162-thread-1] INFO  server.RaftServer$Division (RaftServerImpl.java:<init>(181)) - aac07b4a-b510-4ee2-b953-6b798ab874ed: new RaftServerImpl for group-6462AA00A1EE:[aac07b4a-b510-4ee2-b953-6b798ab874ed|rpc:10.1.0.32:43755|priority:1] with ContainerStateMachine:uninitialized
2021-08-02 05:52:32,174 [pool-162-thread-1] INFO  server.RaftServerConfigKeys (ConfUtils.java:logGet(44)) - raft.server.rpc.timeout.min = 5s (custom)
2021-08-02 05:52:32,175 [pool-162-thread-1] INFO  server.RaftServerConfigKeys (ConfUtils.java:logGet(44)) - raft.server.rpc.timeout.max = 5200ms (custom)
2021-08-02 05:52:32,175 [pool-162-thread-1] INFO  server.RaftServerConfigKeys (ConfUtils.java:logGet(44)) - raft.server.rpc.sleep.time = 25ms (default)
2021-08-02 05:52:32,175 [pool-162-thread-1] INFO  server.RaftServerConfigKeys (ConfUtils.java:logGet(44)) - raft.server.rpc.slowness.timeout = 300000ms (custom)
2021-08-02 05:52:32,175 [pool-162-thread-1] INFO  server.RaftServerConfigKeys (ConfUtils.java:logGet(44)) - raft.server.leaderelection.leader.step-down.wait-time = 10s (default)
2021-08-02 05:52:32,175 [pool-162-thread-1] INFO  server.RaftServerConfigKeys (ConfUtils.java:logGet(44)) - raft.server.sleep.deviation.threshold = 300ms (default)
2021-08-02 05:52:32,175 [pool-162-thread-1] INFO  server.RaftServerConfigKeys (ConfUtils.java:logGet(44)) - raft.server.log.appender.install.snapshot.enabled = false (custom)
2021-08-02 05:52:32,175 [pool-162-thread-1] INFO  server.RaftServer$Division (ServerState.java:<init>(105)) - aac07b4a-b510-4ee2-b953-6b798ab874ed@group-6462AA00A1EE: ConfigurationManager, init=-1: [aac07b4a-b510-4ee2-b953-6b798ab874ed|rpc:10.1.0.32:43755|priority:1], old=null, confs=<EMPTY_MAP>
2021-08-02 05:52:32,175 [pool-162-thread-1] INFO  server.RaftServerConfigKeys (ConfUtils.java:logGet(44)) - raft.server.storage.dir = [/home/runner/work/ozone/ozone/mnt/ozone/hadoop-ozone/integration-test/target/test-dir/MiniOzoneClusterImpl-4f335ae8-e577-43f0-9715-84c03d5ccb1a/datanode-6/data/ratis] (custom)
2021-08-02 05:52:32,175 [pool-162-thread-1] INFO  server.RaftServerConfigKeys (ConfUtils.java:logGet(44)) - raft.server.log.corruption.policy = EXCEPTION (default)
2021-08-02 05:52:32,175 [pool-162-thread-1] INFO  server.RaftServerConfigKeys (ConfUtils.java:logGet(44)) - raft.server.storage.free-space.min = 0MB (=0) (default)
2021-08-02 05:52:32,175 [pool-162-thread-1] INFO  storage.RaftStorageDirectory (RaftStorageDirectoryImpl.java:analyzeStorage(135)) - The storage directory /home/runner/work/ozone/ozone/mnt/ozone/hadoop-ozone/integration-test/target/test-dir/MiniOzoneClusterImpl-4f335ae8-e577-43f0-9715-84c03d5ccb1a/datanode-6/data/ratis/94541117-41ee-43a7-8157-6462aa00a1ee does not exist. Creating ...
2021-08-02 05:52:32,176 [pool-162-thread-1] INFO  storage.RaftStorageDirectory (RaftStorageDirectoryImpl.java:tryLock(230)) - Lock on /home/runner/work/ozone/ozone/mnt/ozone/hadoop-ozone/integration-test/target/test-dir/MiniOzoneClusterImpl-4f335ae8-e577-43f0-9715-84c03d5ccb1a/datanode-6/data/ratis/94541117-41ee-43a7-8157-6462aa00a1ee/in_use.lock acquired by nodename 11535@fv-az12-406
2021-08-02 05:52:32,178 [pool-162-thread-1] INFO  storage.RaftStorage (RaftStorageImpl.java:format(89)) - Storage directory /home/runner/work/ozone/ozone/mnt/ozone/hadoop-ozone/integration-test/target/test-dir/MiniOzoneClusterImpl-4f335ae8-e577-43f0-9715-84c03d5ccb1a/datanode-6/data/ratis/94541117-41ee-43a7-8157-6462aa00a1ee has been successfully formatted.
2021-08-02 05:52:32,179 [pool-162-thread-1] INFO  ratis.ContainerStateMachine (ContainerStateMachine.java:loadSnapshot(223)) - group-6462AA00A1EE: The snapshot info is null. Setting the last applied indexto:(t:0, i:~)
2021-08-02 05:52:32,179 [pool-162-thread-1] INFO  server.RaftServerConfigKeys (ConfUtils.java:logGet(44)) - raft.server.notification.no-leader.timeout = 300000ms (custom)
2021-08-02 05:52:32,179 [pool-162-thread-1] INFO  server.RaftServerConfigKeys (ConfUtils.java:logGet(44)) - raft.server.log.use.memory = false (default)
2021-08-02 05:52:32,179 [pool-162-thread-1] INFO  server.RaftServerConfigKeys (ConfUtils.java:logGet(44)) - raft.server.log.purge.gap = 1000000 (custom)
2021-08-02 05:52:32,179 [pool-162-thread-1] INFO  server.RaftServerConfigKeys (ConfUtils.java:logGet(44)) - raft.server.log.appender.buffer.byte-limit = 33554432 (custom)
2021-08-02 05:52:32,179 [pool-162-thread-1] INFO  server.RaftServerConfigKeys (ConfUtils.java:logGet(44)) - raft.server.log.segment.size.max = 1048576 (custom)
2021-08-02 05:52:32,180 [pool-162-thread-1] INFO  server.RaftServerConfigKeys (ConfUtils.java:logGet(44)) - raft.server.log.segment.cache.num.max = 2 (custom)
2021-08-02 05:52:32,180 [pool-162-thread-1] INFO  server.RaftServerConfigKeys (ConfUtils.java:logGet(44)) - raft.server.log.segment.cache.size.max = 200MB (=209715200) (default)
2021-08-02 05:52:32,180 [pool-162-thread-1] INFO  segmented.SegmentedRaftLogWorker (SegmentedRaftLogWorker.java:<init>(182)) - new aac07b4a-b510-4ee2-b953-6b798ab874ed@group-6462AA00A1EE-SegmentedRaftLogWorker for RaftStorageImpl:Storage Directory /home/runner/work/ozone/ozone/mnt/ozone/hadoop-ozone/integration-test/target/test-dir/MiniOzoneClusterImpl-4f335ae8-e577-43f0-9715-84c03d5ccb1a/datanode-6/data/ratis/94541117-41ee-43a7-8157-6462aa00a1ee
2021-08-02 05:52:32,180 [pool-162-thread-1] INFO  server.RaftServerConfigKeys (ConfUtils.java:logGet(44)) - raft.server.log.queue.byte-limit = 2147483647 (custom)
2021-08-02 05:52:32,180 [pool-162-thread-1] INFO  server.RaftServerConfigKeys (ConfUtils.java:logGet(44)) - raft.server.log.queue.element-limit = 1024 (custom)
2021-08-02 05:52:32,180 [pool-162-thread-1] INFO  server.RaftServerConfigKeys (ConfUtils.java:logGet(44)) - raft.server.log.segment.size.max = 1048576 (custom)
2021-08-02 05:52:32,180 [pool-162-thread-1] INFO  server.RaftServerConfigKeys (ConfUtils.java:logGet(44)) - raft.server.log.preallocated.size = 16384 (custom)
2021-08-02 05:52:32,180 [pool-162-thread-1] INFO  server.RaftServerConfigKeys (ConfUtils.java:logGet(44)) - raft.server.log.force.sync.num = 128 (default)
2021-08-02 05:52:32,180 [pool-162-thread-1] INFO  server.RaftServerConfigKeys (ConfUtils.java:logGet(44)) - raft.server.log.statemachine.data.sync = true (default)
2021-08-02 05:52:32,180 [EventQueue-PipelineReportForPipelineReportHandler] INFO  pipeline.PipelineManagerV2Impl (PipelineManagerV2Impl.java:openPipeline(283)) - Pipeline Pipeline[ Id: 94541117-41ee-43a7-8157-6462aa00a1ee, Nodes: aac07b4a-b510-4ee2-b953-6b798ab874ed{ip: 10.1.0.32, host: fv-az12-406.exdb2aeach2ezidoxz41lk3bwg.cx.internal.cloudapp.net, ports: [REPLICATION=36345, RATIS=43755, RATIS_ADMIN=43755, RATIS_SERVER=43755, STANDALONE=36145], networkLocation: /default-rack, certSerialId: null, persistedOpState: IN_SERVICE, persistedOpStateExpiryEpochSec: 0}, ReplicationConfig: RATIS/ONE, State:ALLOCATED, leaderId:aac07b4a-b510-4ee2-b953-6b798ab874ed, CreationTimestamp2021-08-02T05:52:29.176Z[Etc/UTC]] moved to OPEN state
2021-08-02 05:52:32,179 [Datanode State Machine Thread - 0] WARN  statemachine.StateContext (StateContext.java:execute(621)) - No available thread in pool for past 1 seconds.
2021-08-02 05:52:32,181 [EventQueue-OpenPipelineForHealthyPipelineSafeModeRule] INFO  safemode.SCMSafeModeManager (HealthyPipelineSafeModeRule.java:process(124)) - SCM in safe mode. Healthy pipelines reported count is 0, required healthy pipeline reported count is 1
2021-08-02 05:52:32,180 [pool-162-thread-1] INFO  server.RaftServerConfigKeys (ConfUtils.java:logGet(44)) - raft.server.log.statemachine.data.sync.timeout = 10s (default)
2021-08-02 05:52:32,183 [pool-162-thread-1] INFO  server.RaftServerConfigKeys (ConfUtils.java:logGet(44)) - raft.server.log.statemachine.data.sync.timeout.retry = -1 (default)
2021-08-02 05:52:32,184 [pool-162-thread-1] INFO  server.RaftServerConfigKeys (ConfUtils.java:logGet(44)) - raft.server.log.write.buffer.size = 1048576 (custom)
2021-08-02 05:52:32,184 [pool-162-thread-1] INFO  server.RaftServerConfigKeys (ConfUtils.java:logGet(44)) - raft.server.log.statemachine.data.caching.enabled = true (custom)
2021-08-02 05:52:32,185 [pool-162-thread-1] INFO  segmented.SegmentedRaftLogWorker (SegmentedRaftLogWorker.java:lambda$new$0(133)) - aac07b4a-b510-4ee2-b953-6b798ab874ed@group-6462AA00A1EE-SegmentedRaftLogWorker: flushIndex: setUnconditionally 0 -> -1
2021-08-02 05:52:32,185 [pool-162-thread-1] INFO  segmented.SegmentedRaftLogWorker (SegmentedRaftLogWorker.java:lambda$new$0(133)) - aac07b4a-b510-4ee2-b953-6b798ab874ed@group-6462AA00A1EE-SegmentedRaftLogWorker: safeCacheEvictIndex: setUnconditionally 0 -> -1
2021-08-02 05:52:32,185 [pool-162-thread-1] INFO  server.RaftServerConfigKeys (ConfUtils.java:logGet(44)) - raft.server.snapshot.auto.trigger.enabled = true (custom)
2021-08-02 05:52:32,185 [pool-162-thread-1] INFO  server.RaftServerConfigKeys (ConfUtils.java:logGet(44)) - raft.server.snapshot.auto.trigger.threshold = 10000 (custom)
2021-08-02 05:52:32,185 [pool-162-thread-1] INFO  server.RaftServerConfigKeys (ConfUtils.java:logGet(44)) - raft.server.snapshot.retention.file.num = 5 (custom)
2021-08-02 05:52:32,185 [pool-162-thread-1] INFO  server.RaftServerConfigKeys (ConfUtils.java:logGet(44)) - raft.server.log.purge.upto.snapshot.index = false (default)
2021-08-02 05:52:32,185 [pool-162-thread-1] INFO  server.RaftServerConfigKeys (ConfUtils.java:logGet(44)) - raft.server.retrycache.expirytime = 600000ms (custom)
2021-08-02 05:52:32,185 [pool-162-thread-1] INFO  server.RaftServerConfigKeys (ConfUtils.java:logGet(44)) - raft.server.retrycache.statistics.expirytime = 100μs (default)
2021-08-02 05:52:32,186 [pool-162-thread-1] INFO  server.RaftServer$Division (RaftServerImpl.java:start(296)) - aac07b4a-b510-4ee2-b953-6b798ab874ed@group-6462AA00A1EE: start as a follower, conf=-1: [aac07b4a-b510-4ee2-b953-6b798ab874ed|rpc:10.1.0.32:43755|priority:1], old=null
2021-08-02 05:52:32,186 [pool-162-thread-1] INFO  server.RaftServer$Division (RaftServerImpl.java:setRole(285)) - aac07b4a-b510-4ee2-b953-6b798ab874ed@group-6462AA00A1EE: changes role from      null to FOLLOWER at term 0 for startAsFollower
2021-08-02 05:52:32,186 [pool-162-thread-1] INFO  impl.RoleInfo (RoleInfo.java:updateAndGet(130)) - aac07b4a-b510-4ee2-b953-6b798ab874ed: start aac07b4a-b510-4ee2-b953-6b798ab874ed@group-6462AA00A1EE-FollowerState
2021-08-02 05:52:32,187 [pool-162-thread-1] INFO  util.JmxRegister (JmxRegister.java:tryRegister(44)) - Successfully registered JMX Bean with object name Ratis:service=RaftServer,group=group-6462AA00A1EE,id=aac07b4a-b510-4ee2-b953-6b798ab874ed
2021-08-02 05:52:32,187 [Command processor thread] INFO  ratis.XceiverServerRatis (XceiverServerRatis.java:addGroup(759)) - Created group PipelineID=94541117-41ee-43a7-8157-6462aa00a1ee
2021-08-02 05:52:32,187 [Command processor thread] INFO  commandhandler.CreatePipelineCommandHandler (CreatePipelineCommandHandler.java:handle(106)) - Created Pipeline RATIS ONE PipelineID=94541117-41ee-43a7-8157-6462aa00a1ee.
2021-08-02 05:52:32,188 [Command processor thread] INFO  server.RaftServer (RaftServerProxy.java:addNew(95)) - aac07b4a-b510-4ee2-b953-6b798ab874ed: addNew group-DD91C07A3E90:[1036d1ad-a7a2-43d7-9de2-11c3d66cdde8|rpc:10.1.0.32:39139|priority:0, c97b6c06-cd07-4cdb-ae41-9a711d8ab883|rpc:10.1.0.32:40085|priority:0, aac07b4a-b510-4ee2-b953-6b798ab874ed|rpc:10.1.0.32:43755|priority:1] returns group-DD91C07A3E90:java.util.concurrent.CompletableFuture@7a2d1090[Not completed]
2021-08-02 05:52:32,188 [pool-162-thread-1] INFO  server.RaftServer$Division (RaftServerImpl.java:<init>(181)) - aac07b4a-b510-4ee2-b953-6b798ab874ed: new RaftServerImpl for group-DD91C07A3E90:[1036d1ad-a7a2-43d7-9de2-11c3d66cdde8|rpc:10.1.0.32:39139|priority:0, c97b6c06-cd07-4cdb-ae41-9a711d8ab883|rpc:10.1.0.32:40085|priority:0, aac07b4a-b510-4ee2-b953-6b798ab874ed|rpc:10.1.0.32:43755|priority:1] with ContainerStateMachine:uninitialized
2021-08-02 05:52:32,188 [pool-162-thread-1] INFO  server.RaftServerConfigKeys (ConfUtils.java:logGet(44)) - raft.server.rpc.timeout.min = 5s (custom)
2021-08-02 05:52:32,189 [pool-162-thread-1] INFO  server.RaftServerConfigKeys (ConfUtils.java:logGet(44)) - raft.server.rpc.timeout.max = 5200ms (custom)
2021-08-02 05:52:32,189 [pool-162-thread-1] INFO  server.RaftServerConfigKeys (ConfUtils.java:logGet(44)) - raft.server.rpc.sleep.time = 25ms (default)
2021-08-02 05:52:32,189 [pool-162-thread-1] INFO  server.RaftServerConfigKeys (ConfUtils.java:logGet(44)) - raft.server.rpc.slowness.timeout = 300000ms (custom)
2021-08-02 05:52:32,189 [pool-162-thread-1] INFO  server.RaftServerConfigKeys (ConfUtils.java:logGet(44)) - raft.server.leaderelection.leader.step-down.wait-time = 10s (default)
2021-08-02 05:52:32,189 [pool-162-thread-1] INFO  server.RaftServerConfigKeys (ConfUtils.java:logGet(44)) - raft.server.sleep.deviation.threshold = 300ms (default)
2021-08-02 05:52:32,189 [pool-162-thread-1] INFO  server.RaftServerConfigKeys (ConfUtils.java:logGet(44)) - raft.server.log.appender.install.snapshot.enabled = false (custom)
2021-08-02 05:52:32,189 [pool-162-thread-1] INFO  server.RaftServer$Division (ServerState.java:<init>(105)) - aac07b4a-b510-4ee2-b953-6b798ab874ed@group-DD91C07A3E90: ConfigurationManager, init=-1: [1036d1ad-a7a2-43d7-9de2-11c3d66cdde8|rpc:10.1.0.32:39139|priority:0, c97b6c06-cd07-4cdb-ae41-9a711d8ab883|rpc:10.1.0.32:40085|priority:0, aac07b4a-b510-4ee2-b953-6b798ab874ed|rpc:10.1.0.32:43755|priority:1], old=null, confs=<EMPTY_MAP>
2021-08-02 05:52:32,189 [pool-162-thread-1] INFO  server.RaftServerConfigKeys (ConfUtils.java:logGet(44)) - raft.server.storage.dir = [/home/runner/work/ozone/ozone/mnt/ozone/hadoop-ozone/integration-test/target/test-dir/MiniOzoneClusterImpl-4f335ae8-e577-43f0-9715-84c03d5ccb1a/datanode-6/data/ratis] (custom)
2021-08-02 05:52:32,189 [pool-162-thread-1] INFO  server.RaftServerConfigKeys (ConfUtils.java:logGet(44)) - raft.server.log.corruption.policy = EXCEPTION (default)
2021-08-02 05:52:32,189 [pool-162-thread-1] INFO  server.RaftServerConfigKeys (ConfUtils.java:logGet(44)) - raft.server.storage.free-space.min = 0MB (=0) (default)
2021-08-02 05:52:32,189 [pool-162-thread-1] INFO  storage.RaftStorageDirectory (RaftStorageDirectoryImpl.java:analyzeStorage(135)) - The storage directory /home/runner/work/ozone/ozone/mnt/ozone/hadoop-ozone/integration-test/target/test-dir/MiniOzoneClusterImpl-4f335ae8-e577-43f0-9715-84c03d5ccb1a/datanode-6/data/ratis/0e8a7799-27a7-4147-95bd-dd91c07a3e90 does not exist. Creating ...
2021-08-02 05:52:32,190 [pool-162-thread-1] INFO  storage.RaftStorageDirectory (RaftStorageDirectoryImpl.java:tryLock(230)) - Lock on /home/runner/work/ozone/ozone/mnt/ozone/hadoop-ozone/integration-test/target/test-dir/MiniOzoneClusterImpl-4f335ae8-e577-43f0-9715-84c03d5ccb1a/datanode-6/data/ratis/0e8a7799-27a7-4147-95bd-dd91c07a3e90/in_use.lock acquired by nodename 11535@fv-az12-406
2021-08-02 05:52:32,191 [pool-162-thread-1] INFO  storage.RaftStorage (RaftStorageImpl.java:format(89)) - Storage directory /home/runner/work/ozone/ozone/mnt/ozone/hadoop-ozone/integration-test/target/test-dir/MiniOzoneClusterImpl-4f335ae8-e577-43f0-9715-84c03d5ccb1a/datanode-6/data/ratis/0e8a7799-27a7-4147-95bd-dd91c07a3e90 has been successfully formatted.
2021-08-02 05:52:32,192 [pool-162-thread-1] INFO  ratis.ContainerStateMachine (ContainerStateMachine.java:loadSnapshot(223)) - group-DD91C07A3E90: The snapshot info is null. Setting the last applied indexto:(t:0, i:~)
2021-08-02 05:52:32,192 [EventQueue-OpenPipelineForHealthyPipelineSafeModeRule] INFO  safemode.SCMSafeModeManager (HealthyPipelineSafeModeRule.java:process(124)) - SCM in safe mode. Healthy pipelines reported count is 0, required healthy pipeline reported count is 1
2021-08-02 05:52:32,192 [pool-162-thread-1] INFO  server.RaftServerConfigKeys (ConfUtils.java:logGet(44)) - raft.server.notification.no-leader.timeout = 300000ms (custom)
2021-08-02 05:52:32,192 [pool-162-thread-1] INFO  server.RaftServerConfigKeys (ConfUtils.java:logGet(44)) - raft.server.log.use.memory = false (default)
2021-08-02 05:52:32,192 [pool-162-thread-1] INFO  server.RaftServerConfigKeys (ConfUtils.java:logGet(44)) - raft.server.log.purge.gap = 1000000 (custom)
2021-08-02 05:52:32,193 [pool-162-thread-1] INFO  server.RaftServerConfigKeys (ConfUtils.java:logGet(44)) - raft.server.log.appender.buffer.byte-limit = 33554432 (custom)
2021-08-02 05:52:32,193 [pool-162-thread-1] INFO  server.RaftServerConfigKeys (ConfUtils.java:logGet(44)) - raft.server.log.segment.size.max = 1048576 (custom)
2021-08-02 05:52:32,194 [pool-162-thread-1] INFO  server.RaftServerConfigKeys (ConfUtils.java:logGet(44)) - raft.server.log.segment.cache.num.max = 2 (custom)
2021-08-02 05:52:32,194 [pool-162-thread-1] INFO  server.RaftServerConfigKeys (ConfUtils.java:logGet(44)) - raft.server.log.segment.cache.size.max = 200MB (=209715200) (default)
2021-08-02 05:52:32,194 [pool-162-thread-1] INFO  segmented.SegmentedRaftLogWorker (SegmentedRaftLogWorker.java:<init>(182)) - new aac07b4a-b510-4ee2-b953-6b798ab874ed@group-DD91C07A3E90-SegmentedRaftLogWorker for RaftStorageImpl:Storage Directory /home/runner/work/ozone/ozone/mnt/ozone/hadoop-ozone/integration-test/target/test-dir/MiniOzoneClusterImpl-4f335ae8-e577-43f0-9715-84c03d5ccb1a/datanode-6/data/ratis/0e8a7799-27a7-4147-95bd-dd91c07a3e90
2021-08-02 05:52:32,194 [pool-162-thread-1] INFO  server.RaftServerConfigKeys (ConfUtils.java:logGet(44)) - raft.server.log.queue.byte-limit = 2147483647 (custom)
2021-08-02 05:52:32,194 [pool-162-thread-1] INFO  server.RaftServerConfigKeys (ConfUtils.java:logGet(44)) - raft.server.log.queue.element-limit = 1024 (custom)
2021-08-02 05:52:32,194 [pool-162-thread-1] INFO  server.RaftServerConfigKeys (ConfUtils.java:logGet(44)) - raft.server.log.segment.size.max = 1048576 (custom)
2021-08-02 05:52:32,194 [pool-162-thread-1] INFO  server.RaftServerConfigKeys (ConfUtils.java:logGet(44)) - raft.server.log.preallocated.size = 16384 (custom)
2021-08-02 05:52:32,194 [pool-162-thread-1] INFO  server.RaftServerConfigKeys (ConfUtils.java:logGet(44)) - raft.server.log.force.sync.num = 128 (default)
2021-08-02 05:52:32,194 [pool-162-thread-1] INFO  server.RaftServerConfigKeys (ConfUtils.java:logGet(44)) - raft.server.log.statemachine.data.sync = true (default)
2021-08-02 05:52:32,194 [pool-162-thread-1] INFO  server.RaftServerConfigKeys (ConfUtils.java:logGet(44)) - raft.server.log.statemachine.data.sync.timeout = 10s (default)
2021-08-02 05:52:32,194 [pool-162-thread-1] INFO  server.RaftServerConfigKeys (ConfUtils.java:logGet(44)) - raft.server.log.statemachine.data.sync.timeout.retry = -1 (default)
2021-08-02 05:52:32,195 [pool-162-thread-1] INFO  server.RaftServerConfigKeys (ConfUtils.java:logGet(44)) - raft.server.log.write.buffer.size = 1048576 (custom)
2021-08-02 05:52:32,195 [pool-162-thread-1] INFO  server.RaftServerConfigKeys (ConfUtils.java:logGet(44)) - raft.server.log.statemachine.data.caching.enabled = true (custom)
2021-08-02 05:52:32,195 [pool-162-thread-1] INFO  segmented.SegmentedRaftLogWorker (SegmentedRaftLogWorker.java:lambda$new$0(133)) - aac07b4a-b510-4ee2-b953-6b798ab874ed@group-DD91C07A3E90-SegmentedRaftLogWorker: flushIndex: setUnconditionally 0 -> -1
2021-08-02 05:52:32,195 [pool-162-thread-1] INFO  segmented.SegmentedRaftLogWorker (SegmentedRaftLogWorker.java:lambda$new$0(133)) - aac07b4a-b510-4ee2-b953-6b798ab874ed@group-DD91C07A3E90-SegmentedRaftLogWorker: safeCacheEvictIndex: setUnconditionally 0 -> -1
2021-08-02 05:52:32,199 [pool-162-thread-1] INFO  server.RaftServerConfigKeys (ConfUtils.java:logGet(44)) - raft.server.snapshot.auto.trigger.enabled = true (custom)
2021-08-02 05:52:32,200 [pool-162-thread-1] INFO  server.RaftServerConfigKeys (ConfUtils.java:logGet(44)) - raft.server.snapshot.auto.trigger.threshold = 10000 (custom)
2021-08-02 05:52:32,200 [pool-162-thread-1] INFO  server.RaftServerConfigKeys (ConfUtils.java:logGet(44)) - raft.server.snapshot.retention.file.num = 5 (custom)
2021-08-02 05:52:32,200 [pool-162-thread-1] INFO  server.RaftServerConfigKeys (ConfUtils.java:logGet(44)) - raft.server.log.purge.upto.snapshot.index = false (default)
2021-08-02 05:52:32,200 [pool-162-thread-1] INFO  server.RaftServerConfigKeys (ConfUtils.java:logGet(44)) - raft.server.retrycache.expirytime = 600000ms (custom)
2021-08-02 05:52:32,200 [pool-162-thread-1] INFO  server.RaftServerConfigKeys (ConfUtils.java:logGet(44)) - raft.server.retrycache.statistics.expirytime = 100μs (default)
2021-08-02 05:52:32,201 [pool-162-thread-1] INFO  server.RaftServer$Division (RaftServerImpl.java:start(296)) - aac07b4a-b510-4ee2-b953-6b798ab874ed@group-DD91C07A3E90: start as a follower, conf=-1: [1036d1ad-a7a2-43d7-9de2-11c3d66cdde8|rpc:10.1.0.32:39139|priority:0, c97b6c06-cd07-4cdb-ae41-9a711d8ab883|rpc:10.1.0.32:40085|priority:0, aac07b4a-b510-4ee2-b953-6b798ab874ed|rpc:10.1.0.32:43755|priority:1], old=null
2021-08-02 05:52:32,201 [pool-162-thread-1] INFO  server.RaftServer$Division (RaftServerImpl.java:setRole(285)) - aac07b4a-b510-4ee2-b953-6b798ab874ed@group-DD91C07A3E90: changes role from      null to FOLLOWER at term 0 for startAsFollower
2021-08-02 05:52:32,201 [pool-162-thread-1] INFO  impl.RoleInfo (RoleInfo.java:updateAndGet(130)) - aac07b4a-b510-4ee2-b953-6b798ab874ed: start aac07b4a-b510-4ee2-b953-6b798ab874ed@group-DD91C07A3E90-FollowerState
2021-08-02 05:52:32,201 [pool-162-thread-1] INFO  util.JmxRegister (JmxRegister.java:tryRegister(44)) - Successfully registered JMX Bean with object name Ratis:service=RaftServer,group=group-DD91C07A3E90,id=aac07b4a-b510-4ee2-b953-6b798ab874ed
2021-08-02 05:52:32,202 [Command processor thread] INFO  ratis.XceiverServerRatis (XceiverServerRatis.java:addGroup(759)) - Created group PipelineID=0e8a7799-27a7-4147-95bd-dd91c07a3e90
2021-08-02 05:52:32,211 [grpc-default-executor-1] INFO  server.RaftServer (RaftServerProxy.java:addNew(95)) - 1036d1ad-a7a2-43d7-9de2-11c3d66cdde8: addNew group-DD91C07A3E90:[1036d1ad-a7a2-43d7-9de2-11c3d66cdde8|rpc:10.1.0.32:39139|dataStream:|priority:0, c97b6c06-cd07-4cdb-ae41-9a711d8ab883|rpc:10.1.0.32:40085|dataStream:|priority:0, aac07b4a-b510-4ee2-b953-6b798ab874ed|rpc:10.1.0.32:43755|dataStream:|priority:1] returns group-DD91C07A3E90:java.util.concurrent.CompletableFuture@7a6ec73c[Not completed]
2021-08-02 05:52:32,211 [pool-180-thread-1] INFO  server.RaftServer$Division (RaftServerImpl.java:<init>(181)) - 1036d1ad-a7a2-43d7-9de2-11c3d66cdde8: new RaftServerImpl for group-DD91C07A3E90:[1036d1ad-a7a2-43d7-9de2-11c3d66cdde8|rpc:10.1.0.32:39139|dataStream:|priority:0, c97b6c06-cd07-4cdb-ae41-9a711d8ab883|rpc:10.1.0.32:40085|dataStream:|priority:0, aac07b4a-b510-4ee2-b953-6b798ab874ed|rpc:10.1.0.32:43755|dataStream:|priority:1] with ContainerStateMachine:uninitialized
2021-08-02 05:52:32,212 [pool-180-thread-1] INFO  server.RaftServerConfigKeys (ConfUtils.java:logGet(44)) - raft.server.rpc.timeout.min = 5s (custom)
2021-08-02 05:52:32,212 [pool-180-thread-1] INFO  server.RaftServerConfigKeys (ConfUtils.java:logGet(44)) - raft.server.rpc.timeout.max = 5200ms (custom)
2021-08-02 05:52:32,212 [pool-180-thread-1] INFO  server.RaftServerConfigKeys (ConfUtils.java:logGet(44)) - raft.server.rpc.sleep.time = 25ms (default)
2021-08-02 05:52:32,212 [pool-180-thread-1] INFO  server.RaftServerConfigKeys (ConfUtils.java:logGet(44)) - raft.server.rpc.slowness.timeout = 300000ms (custom)
2021-08-02 05:52:32,212 [pool-180-thread-1] INFO  server.RaftServerConfigKeys (ConfUtils.java:logGet(44)) - raft.server.leaderelection.leader.step-down.wait-time = 10s (default)
2021-08-02 05:52:32,212 [pool-180-thread-1] INFO  server.RaftServerConfigKeys (ConfUtils.java:logGet(44)) - raft.server.sleep.deviation.threshold = 300ms (default)
2021-08-02 05:52:32,212 [pool-180-thread-1] INFO  server.RaftServerConfigKeys (ConfUtils.java:logGet(44)) - raft.server.log.appender.install.snapshot.enabled = false (custom)
2021-08-02 05:52:32,212 [pool-180-thread-1] INFO  server.RaftServer$Division (ServerState.java:<init>(105)) - 1036d1ad-a7a2-43d7-9de2-11c3d66cdde8@group-DD91C07A3E90: ConfigurationManager, init=-1: [1036d1ad-a7a2-43d7-9de2-11c3d66cdde8|rpc:10.1.0.32:39139|dataStream:|priority:0, c97b6c06-cd07-4cdb-ae41-9a711d8ab883|rpc:10.1.0.32:40085|dataStream:|priority:0, aac07b4a-b510-4ee2-b953-6b798ab874ed|rpc:10.1.0.32:43755|dataStream:|priority:1], old=null, confs=<EMPTY_MAP>
2021-08-02 05:52:32,212 [pool-180-thread-1] INFO  server.RaftServerConfigKeys (ConfUtils.java:logGet(44)) - raft.server.storage.dir = [/home/runner/work/ozone/ozone/mnt/ozone/hadoop-ozone/integration-test/target/test-dir/MiniOzoneClusterImpl-4f335ae8-e577-43f0-9715-84c03d5ccb1a/datanode-7/data/ratis] (custom)
2021-08-02 05:52:32,212 [pool-180-thread-1] INFO  server.RaftServerConfigKeys (ConfUtils.java:logGet(44)) - raft.server.log.corruption.policy = EXCEPTION (default)
2021-08-02 05:52:32,212 [pool-180-thread-1] INFO  server.RaftServerConfigKeys (ConfUtils.java:logGet(44)) - raft.server.storage.free-space.min = 0MB (=0) (default)
2021-08-02 05:52:32,212 [pool-180-thread-1] INFO  storage.RaftStorageDirectory (RaftStorageDirectoryImpl.java:analyzeStorage(135)) - The storage directory /home/runner/work/ozone/ozone/mnt/ozone/hadoop-ozone/integration-test/target/test-dir/MiniOzoneClusterImpl-4f335ae8-e577-43f0-9715-84c03d5ccb1a/datanode-7/data/ratis/0e8a7799-27a7-4147-95bd-dd91c07a3e90 does not exist. Creating ...
2021-08-02 05:52:32,213 [pool-180-thread-1] INFO  storage.RaftStorageDirectory (RaftStorageDirectoryImpl.java:tryLock(230)) - Lock on /home/runner/work/ozone/ozone/mnt/ozone/hadoop-ozone/integration-test/target/test-dir/MiniOzoneClusterImpl-4f335ae8-e577-43f0-9715-84c03d5ccb1a/datanode-7/data/ratis/0e8a7799-27a7-4147-95bd-dd91c07a3e90/in_use.lock acquired by nodename 11535@fv-az12-406
2021-08-02 05:52:32,214 [pool-180-thread-1] INFO  storage.RaftStorage (RaftStorageImpl.java:format(89)) - Storage directory /home/runner/work/ozone/ozone/mnt/ozone/hadoop-ozone/integration-test/target/test-dir/MiniOzoneClusterImpl-4f335ae8-e577-43f0-9715-84c03d5ccb1a/datanode-7/data/ratis/0e8a7799-27a7-4147-95bd-dd91c07a3e90 has been successfully formatted.
2021-08-02 05:52:32,215 [Datanode State Machine Thread - 0] WARN  statemachine.StateContext (StateContext.java:execute(621)) - No available thread in pool for past 1 seconds.
2021-08-02 05:52:32,216 [pool-180-thread-1] INFO  ratis.ContainerStateMachine (ContainerStateMachine.java:loadSnapshot(223)) - group-DD91C07A3E90: The snapshot info is null. Setting the last applied indexto:(t:0, i:~)
2021-08-02 05:52:32,217 [pool-180-thread-1] INFO  server.RaftServerConfigKeys (ConfUtils.java:logGet(44)) - raft.server.notification.no-leader.timeout = 300000ms (custom)
2021-08-02 05:52:32,217 [pool-180-thread-1] INFO  server.RaftServerConfigKeys (ConfUtils.java:logGet(44)) - raft.server.log.use.memory = false (default)
2021-08-02 05:52:32,217 [pool-180-thread-1] INFO  server.RaftServerConfigKeys (ConfUtils.java:logGet(44)) - raft.server.log.purge.gap = 1000000 (custom)
2021-08-02 05:52:32,217 [pool-180-thread-1] INFO  server.RaftServerConfigKeys (ConfUtils.java:logGet(44)) - raft.server.log.appender.buffer.byte-limit = 33554432 (custom)
2021-08-02 05:52:32,217 [pool-180-thread-1] INFO  server.RaftServerConfigKeys (ConfUtils.java:logGet(44)) - raft.server.log.segment.size.max = 1048576 (custom)
2021-08-02 05:52:32,217 [pool-180-thread-1] INFO  server.RaftServerConfigKeys (ConfUtils.java:logGet(44)) - raft.server.log.segment.cache.num.max = 2 (custom)
2021-08-02 05:52:32,217 [pool-180-thread-1] INFO  server.RaftServerConfigKeys (ConfUtils.java:logGet(44)) - raft.server.log.segment.cache.size.max = 200MB (=209715200) (default)
2021-08-02 05:52:32,217 [pool-180-thread-1] INFO  segmented.SegmentedRaftLogWorker (SegmentedRaftLogWorker.java:<init>(182)) - new 1036d1ad-a7a2-43d7-9de2-11c3d66cdde8@group-DD91C07A3E90-SegmentedRaftLogWorker for RaftStorageImpl:Storage Directory /home/runner/work/ozone/ozone/mnt/ozone/hadoop-ozone/integration-test/target/test-dir/MiniOzoneClusterImpl-4f335ae8-e577-43f0-9715-84c03d5ccb1a/datanode-7/data/ratis/0e8a7799-27a7-4147-95bd-dd91c07a3e90
2021-08-02 05:52:32,217 [pool-180-thread-1] INFO  server.RaftServerConfigKeys (ConfUtils.java:logGet(44)) - raft.server.log.queue.byte-limit = 2147483647 (custom)
2021-08-02 05:52:32,217 [pool-180-thread-1] INFO  server.RaftServerConfigKeys (ConfUtils.java:logGet(44)) - raft.server.log.queue.element-limit = 1024 (custom)
2021-08-02 05:52:32,218 [pool-180-thread-1] INFO  server.RaftServerConfigKeys (ConfUtils.java:logGet(44)) - raft.server.log.segment.size.max = 1048576 (custom)
2021-08-02 05:52:32,218 [pool-180-thread-1] INFO  server.RaftServerConfigKeys (ConfUtils.java:logGet(44)) - raft.server.log.preallocated.size = 16384 (custom)
2021-08-02 05:52:32,218 [pool-180-thread-1] INFO  server.RaftServerConfigKeys (ConfUtils.java:logGet(44)) - raft.server.log.force.sync.num = 128 (default)
2021-08-02 05:52:32,218 [pool-180-thread-1] INFO  server.RaftServerConfigKeys (ConfUtils.java:logGet(44)) - raft.server.log.statemachine.data.sync = true (default)
2021-08-02 05:52:32,218 [pool-180-thread-1] INFO  server.RaftServerConfigKeys (ConfUtils.java:logGet(44)) - raft.server.log.statemachine.data.sync.timeout = 10s (default)
2021-08-02 05:52:32,218 [pool-180-thread-1] INFO  server.RaftServerConfigKeys (ConfUtils.java:logGet(44)) - raft.server.log.statemachine.data.sync.timeout.retry = -1 (default)
2021-08-02 05:52:32,219 [pool-180-thread-1] INFO  server.RaftServerConfigKeys (ConfUtils.java:logGet(44)) - raft.server.log.write.buffer.size = 1048576 (custom)
2021-08-02 05:52:32,219 [pool-180-thread-1] INFO  server.RaftServerConfigKeys (ConfUtils.java:logGet(44)) - raft.server.log.statemachine.data.caching.enabled = true (custom)
2021-08-02 05:52:32,219 [pool-180-thread-1] INFO  segmented.SegmentedRaftLogWorker (SegmentedRaftLogWorker.java:lambda$new$0(133)) - 1036d1ad-a7a2-43d7-9de2-11c3d66cdde8@group-DD91C07A3E90-SegmentedRaftLogWorker: flushIndex: setUnconditionally 0 -> -1
2021-08-02 05:52:32,219 [pool-180-thread-1] INFO  segmented.SegmentedRaftLogWorker (SegmentedRaftLogWorker.java:lambda$new$0(133)) - 1036d1ad-a7a2-43d7-9de2-11c3d66cdde8@group-DD91C07A3E90-SegmentedRaftLogWorker: safeCacheEvictIndex: setUnconditionally 0 -> -1
2021-08-02 05:52:32,220 [pool-180-thread-1] INFO  server.RaftServerConfigKeys (ConfUtils.java:logGet(44)) - raft.server.snapshot.auto.trigger.enabled = true (custom)
2021-08-02 05:52:32,220 [pool-180-thread-1] INFO  server.RaftServerConfigKeys (ConfUtils.java:logGet(44)) - raft.server.snapshot.auto.trigger.threshold = 10000 (custom)
2021-08-02 05:52:32,220 [pool-180-thread-1] INFO  server.RaftServerConfigKeys (ConfUtils.java:logGet(44)) - raft.server.snapshot.retention.file.num = 5 (custom)
2021-08-02 05:52:32,220 [pool-180-thread-1] INFO  server.RaftServerConfigKeys (ConfUtils.java:logGet(44)) - raft.server.log.purge.upto.snapshot.index = false (default)
2021-08-02 05:52:32,220 [pool-180-thread-1] INFO  server.RaftServerConfigKeys (ConfUtils.java:logGet(44)) - raft.server.retrycache.expirytime = 600000ms (custom)
2021-08-02 05:52:32,220 [pool-180-thread-1] INFO  server.RaftServerConfigKeys (ConfUtils.java:logGet(44)) - raft.server.retrycache.statistics.expirytime = 100μs (default)
2021-08-02 05:52:32,221 [pool-180-thread-1] INFO  server.RaftServer$Division (RaftServerImpl.java:start(296)) - 1036d1ad-a7a2-43d7-9de2-11c3d66cdde8@group-DD91C07A3E90: start as a follower, conf=-1: [1036d1ad-a7a2-43d7-9de2-11c3d66cdde8|rpc:10.1.0.32:39139|dataStream:|priority:0, c97b6c06-cd07-4cdb-ae41-9a711d8ab883|rpc:10.1.0.32:40085|dataStream:|priority:0, aac07b4a-b510-4ee2-b953-6b798ab874ed|rpc:10.1.0.32:43755|dataStream:|priority:1], old=null
2021-08-02 05:52:32,221 [pool-180-thread-1] INFO  server.RaftServer$Division (RaftServerImpl.java:setRole(285)) - 1036d1ad-a7a2-43d7-9de2-11c3d66cdde8@group-DD91C07A3E90: changes role from      null to FOLLOWER at term 0 for startAsFollower
2021-08-02 05:52:32,221 [pool-180-thread-1] INFO  impl.RoleInfo (RoleInfo.java:updateAndGet(130)) - 1036d1ad-a7a2-43d7-9de2-11c3d66cdde8: start 1036d1ad-a7a2-43d7-9de2-11c3d66cdde8@group-DD91C07A3E90-FollowerState
2021-08-02 05:52:32,221 [pool-180-thread-1] INFO  util.JmxRegister (JmxRegister.java:tryRegister(44)) - Successfully registered JMX Bean with object name Ratis:service=RaftServer,group=group-DD91C07A3E90,id=1036d1ad-a7a2-43d7-9de2-11c3d66cdde8
2021-08-02 05:52:32,239 [grpc-default-executor-1] INFO  server.RaftServer (RaftServerProxy.java:addNew(95)) - c97b6c06-cd07-4cdb-ae41-9a711d8ab883: addNew group-DD91C07A3E90:[1036d1ad-a7a2-43d7-9de2-11c3d66cdde8|rpc:10.1.0.32:39139|dataStream:|priority:0, c97b6c06-cd07-4cdb-ae41-9a711d8ab883|rpc:10.1.0.32:40085|dataStream:|priority:0, aac07b4a-b510-4ee2-b953-6b798ab874ed|rpc:10.1.0.32:43755|dataStream:|priority:1] returns group-DD91C07A3E90:java.util.concurrent.CompletableFuture@70c66446[Not completed]
2021-08-02 05:52:32,242 [pool-198-thread-1] INFO  server.RaftServer$Division (RaftServerImpl.java:<init>(181)) - c97b6c06-cd07-4cdb-ae41-9a711d8ab883: new RaftServerImpl for group-DD91C07A3E90:[1036d1ad-a7a2-43d7-9de2-11c3d66cdde8|rpc:10.1.0.32:39139|dataStream:|priority:0, c97b6c06-cd07-4cdb-ae41-9a711d8ab883|rpc:10.1.0.32:40085|dataStream:|priority:0, aac07b4a-b510-4ee2-b953-6b798ab874ed|rpc:10.1.0.32:43755|dataStream:|priority:1] with ContainerStateMachine:uninitialized
2021-08-02 05:52:32,242 [pool-198-thread-1] INFO  server.RaftServerConfigKeys (ConfUtils.java:logGet(44)) - raft.server.rpc.timeout.min = 5s (custom)
2021-08-02 05:52:32,242 [pool-198-thread-1] INFO  server.RaftServerConfigKeys (ConfUtils.java:logGet(44)) - raft.server.rpc.timeout.max = 5200ms (custom)
2021-08-02 05:52:32,242 [pool-198-thread-1] INFO  server.RaftServerConfigKeys (ConfUtils.java:logGet(44)) - raft.server.rpc.sleep.time = 25ms (default)
2021-08-02 05:52:32,243 [pool-198-thread-1] INFO  server.RaftServerConfigKeys (ConfUtils.java:logGet(44)) - raft.server.rpc.slowness.timeout = 300000ms (custom)
2021-08-02 05:52:32,243 [pool-198-thread-1] INFO  server.RaftServerConfigKeys (ConfUtils.java:logGet(44)) - raft.server.leaderelection.leader.step-down.wait-time = 10s (default)
2021-08-02 05:52:32,243 [pool-198-thread-1] INFO  server.RaftServerConfigKeys (ConfUtils.java:logGet(44)) - raft.server.sleep.deviation.threshold = 300ms (default)
2021-08-02 05:52:32,243 [pool-198-thread-1] INFO  server.RaftServerConfigKeys (ConfUtils.java:logGet(44)) - raft.server.log.appender.install.snapshot.enabled = false (custom)
2021-08-02 05:52:32,243 [pool-198-thread-1] INFO  server.RaftServer$Division (ServerState.java:<init>(105)) - c97b6c06-cd07-4cdb-ae41-9a711d8ab883@group-DD91C07A3E90: ConfigurationManager, init=-1: [1036d1ad-a7a2-43d7-9de2-11c3d66cdde8|rpc:10.1.0.32:39139|dataStream:|priority:0, c97b6c06-cd07-4cdb-ae41-9a711d8ab883|rpc:10.1.0.32:40085|dataStream:|priority:0, aac07b4a-b510-4ee2-b953-6b798ab874ed|rpc:10.1.0.32:43755|dataStream:|priority:1], old=null, confs=<EMPTY_MAP>
2021-08-02 05:52:32,243 [pool-198-thread-1] INFO  server.RaftServerConfigKeys (ConfUtils.java:logGet(44)) - raft.server.storage.dir = [/home/runner/work/ozone/ozone/mnt/ozone/hadoop-ozone/integration-test/target/test-dir/MiniOzoneClusterImpl-4f335ae8-e577-43f0-9715-84c03d5ccb1a/datanode-8/data/ratis] (custom)
2021-08-02 05:52:32,243 [pool-198-thread-1] INFO  server.RaftServerConfigKeys (ConfUtils.java:logGet(44)) - raft.server.log.corruption.policy = EXCEPTION (default)
2021-08-02 05:52:32,244 [pool-198-thread-1] INFO  server.RaftServerConfigKeys (ConfUtils.java:logGet(44)) - raft.server.storage.free-space.min = 0MB (=0) (default)
2021-08-02 05:52:32,244 [pool-198-thread-1] INFO  storage.RaftStorageDirectory (RaftStorageDirectoryImpl.java:analyzeStorage(135)) - The storage directory /home/runner/work/ozone/ozone/mnt/ozone/hadoop-ozone/integration-test/target/test-dir/MiniOzoneClusterImpl-4f335ae8-e577-43f0-9715-84c03d5ccb1a/datanode-8/data/ratis/0e8a7799-27a7-4147-95bd-dd91c07a3e90 does not exist. Creating ...
2021-08-02 05:52:32,245 [pool-198-thread-1] INFO  storage.RaftStorageDirectory (RaftStorageDirectoryImpl.java:tryLock(230)) - Lock on /home/runner/work/ozone/ozone/mnt/ozone/hadoop-ozone/integration-test/target/test-dir/MiniOzoneClusterImpl-4f335ae8-e577-43f0-9715-84c03d5ccb1a/datanode-8/data/ratis/0e8a7799-27a7-4147-95bd-dd91c07a3e90/in_use.lock acquired by nodename 11535@fv-az12-406
2021-08-02 05:52:32,246 [pool-198-thread-1] INFO  storage.RaftStorage (RaftStorageImpl.java:format(89)) - Storage directory /home/runner/work/ozone/ozone/mnt/ozone/hadoop-ozone/integration-test/target/test-dir/MiniOzoneClusterImpl-4f335ae8-e577-43f0-9715-84c03d5ccb1a/datanode-8/data/ratis/0e8a7799-27a7-4147-95bd-dd91c07a3e90 has been successfully formatted.
2021-08-02 05:52:32,248 [pool-198-thread-1] INFO  ratis.ContainerStateMachine (ContainerStateMachine.java:loadSnapshot(223)) - group-DD91C07A3E90: The snapshot info is null. Setting the last applied indexto:(t:0, i:~)
2021-08-02 05:52:32,248 [pool-198-thread-1] INFO  server.RaftServerConfigKeys (ConfUtils.java:logGet(44)) - raft.server.notification.no-leader.timeout = 300000ms (custom)
2021-08-02 05:52:32,248 [pool-198-thread-1] INFO  server.RaftServerConfigKeys (ConfUtils.java:logGet(44)) - raft.server.log.use.memory = false (default)
2021-08-02 05:52:32,249 [pool-198-thread-1] INFO  server.RaftServerConfigKeys (ConfUtils.java:logGet(44)) - raft.server.log.purge.gap = 1000000 (custom)
2021-08-02 05:52:32,250 [pool-198-thread-1] INFO  server.RaftServerConfigKeys (ConfUtils.java:logGet(44)) - raft.server.log.appender.buffer.byte-limit = 33554432 (custom)
2021-08-02 05:52:32,250 [pool-198-thread-1] INFO  server.RaftServerConfigKeys (ConfUtils.java:logGet(44)) - raft.server.log.segment.size.max = 1048576 (custom)
2021-08-02 05:52:32,250 [pool-198-thread-1] INFO  server.RaftServerConfigKeys (ConfUtils.java:logGet(44)) - raft.server.log.segment.cache.num.max = 2 (custom)
2021-08-02 05:52:32,250 [pool-198-thread-1] INFO  server.RaftServerConfigKeys (ConfUtils.java:logGet(44)) - raft.server.log.segment.cache.size.max = 200MB (=209715200) (default)
2021-08-02 05:52:32,250 [pool-198-thread-1] INFO  segmented.SegmentedRaftLogWorker (SegmentedRaftLogWorker.java:<init>(182)) - new c97b6c06-cd07-4cdb-ae41-9a711d8ab883@group-DD91C07A3E90-SegmentedRaftLogWorker for RaftStorageImpl:Storage Directory /home/runner/work/ozone/ozone/mnt/ozone/hadoop-ozone/integration-test/target/test-dir/MiniOzoneClusterImpl-4f335ae8-e577-43f0-9715-84c03d5ccb1a/datanode-8/data/ratis/0e8a7799-27a7-4147-95bd-dd91c07a3e90
2021-08-02 05:52:32,250 [pool-198-thread-1] INFO  server.RaftServerConfigKeys (ConfUtils.java:logGet(44)) - raft.server.log.queue.byte-limit = 2147483647 (custom)
2021-08-02 05:52:32,250 [pool-198-thread-1] INFO  server.RaftServerConfigKeys (ConfUtils.java:logGet(44)) - raft.server.log.queue.element-limit = 1024 (custom)
2021-08-02 05:52:32,250 [pool-198-thread-1] INFO  server.RaftServerConfigKeys (ConfUtils.java:logGet(44)) - raft.server.log.segment.size.max = 1048576 (custom)
2021-08-02 05:52:32,251 [pool-198-thread-1] INFO  server.RaftServerConfigKeys (ConfUtils.java:logGet(44)) - raft.server.log.preallocated.size = 16384 (custom)
2021-08-02 05:52:32,251 [pool-198-thread-1] INFO  server.RaftServerConfigKeys (ConfUtils.java:logGet(44)) - raft.server.log.force.sync.num = 128 (default)
2021-08-02 05:52:32,251 [pool-198-thread-1] INFO  server.RaftServerConfigKeys (ConfUtils.java:logGet(44)) - raft.server.log.statemachine.data.sync = true (default)
2021-08-02 05:52:32,251 [pool-198-thread-1] INFO  server.RaftServerConfigKeys (ConfUtils.java:logGet(44)) - raft.server.log.statemachine.data.sync.timeout = 10s (default)
2021-08-02 05:52:32,251 [pool-198-thread-1] INFO  server.RaftServerConfigKeys (ConfUtils.java:logGet(44)) - raft.server.log.statemachine.data.sync.timeout.retry = -1 (default)
2021-08-02 05:52:32,252 [pool-198-thread-1] INFO  server.RaftServerConfigKeys (ConfUtils.java:logGet(44)) - raft.server.log.write.buffer.size = 1048576 (custom)
2021-08-02 05:52:32,252 [pool-198-thread-1] INFO  server.RaftServerConfigKeys (ConfUtils.java:logGet(44)) - raft.server.log.statemachine.data.caching.enabled = true (custom)
2021-08-02 05:52:32,253 [pool-198-thread-1] INFO  segmented.SegmentedRaftLogWorker (SegmentedRaftLogWorker.java:lambda$new$0(133)) - c97b6c06-cd07-4cdb-ae41-9a711d8ab883@group-DD91C07A3E90-SegmentedRaftLogWorker: flushIndex: setUnconditionally 0 -> -1
2021-08-02 05:52:32,253 [pool-198-thread-1] INFO  segmented.SegmentedRaftLogWorker (SegmentedRaftLogWorker.java:lambda$new$0(133)) - c97b6c06-cd07-4cdb-ae41-9a711d8ab883@group-DD91C07A3E90-SegmentedRaftLogWorker: safeCacheEvictIndex: setUnconditionally 0 -> -1
2021-08-02 05:52:32,255 [pool-198-thread-1] INFO  server.RaftServerConfigKeys (ConfUtils.java:logGet(44)) - raft.server.snapshot.auto.trigger.enabled = true (custom)
2021-08-02 05:52:32,256 [pool-198-thread-1] INFO  server.RaftServerConfigKeys (ConfUtils.java:logGet(44)) - raft.server.snapshot.auto.trigger.threshold = 10000 (custom)
2021-08-02 05:52:32,256 [pool-198-thread-1] INFO  server.RaftServerConfigKeys (ConfUtils.java:logGet(44)) - raft.server.snapshot.retention.file.num = 5 (custom)
2021-08-02 05:52:32,256 [pool-198-thread-1] INFO  server.RaftServerConfigKeys (ConfUtils.java:logGet(44)) - raft.server.log.purge.upto.snapshot.index = false (default)
2021-08-02 05:52:32,256 [pool-198-thread-1] INFO  server.RaftServerConfigKeys (ConfUtils.java:logGet(44)) - raft.server.retrycache.expirytime = 600000ms (custom)
2021-08-02 05:52:32,256 [pool-198-thread-1] INFO  server.RaftServerConfigKeys (ConfUtils.java:logGet(44)) - raft.server.retrycache.statistics.expirytime = 100μs (default)
2021-08-02 05:52:32,257 [pool-198-thread-1] INFO  server.RaftServer$Division (RaftServerImpl.java:start(296)) - c97b6c06-cd07-4cdb-ae41-9a711d8ab883@group-DD91C07A3E90: start as a follower, conf=-1: [1036d1ad-a7a2-43d7-9de2-11c3d66cdde8|rpc:10.1.0.32:39139|dataStream:|priority:0, c97b6c06-cd07-4cdb-ae41-9a711d8ab883|rpc:10.1.0.32:40085|dataStream:|priority:0, aac07b4a-b510-4ee2-b953-6b798ab874ed|rpc:10.1.0.32:43755|dataStream:|priority:1], old=null
2021-08-02 05:52:32,257 [pool-198-thread-1] INFO  server.RaftServer$Division (RaftServerImpl.java:setRole(285)) - c97b6c06-cd07-4cdb-ae41-9a711d8ab883@group-DD91C07A3E90: changes role from      null to FOLLOWER at term 0 for startAsFollower
2021-08-02 05:52:32,257 [pool-198-thread-1] INFO  impl.RoleInfo (RoleInfo.java:updateAndGet(130)) - c97b6c06-cd07-4cdb-ae41-9a711d8ab883: start c97b6c06-cd07-4cdb-ae41-9a711d8ab883@group-DD91C07A3E90-FollowerState
2021-08-02 05:52:32,257 [pool-198-thread-1] INFO  util.JmxRegister (JmxRegister.java:tryRegister(44)) - Successfully registered JMX Bean with object name Ratis:service=RaftServer,group=group-DD91C07A3E90,id=c97b6c06-cd07-4cdb-ae41-9a711d8ab883
2021-08-02 05:52:32,266 [Command processor thread] INFO  commandhandler.CreatePipelineCommandHandler (CreatePipelineCommandHandler.java:handle(106)) - Created Pipeline RATIS THREE PipelineID=0e8a7799-27a7-4147-95bd-dd91c07a3e90.
2021-08-02 05:52:32,329 [Command processor thread] INFO  server.RaftServer (RaftServerProxy.java:addNew(95)) - 1036d1ad-a7a2-43d7-9de2-11c3d66cdde8: addNew group-D07181496FAC:[1036d1ad-a7a2-43d7-9de2-11c3d66cdde8|rpc:10.1.0.32:39139|priority:1] returns group-D07181496FAC:java.util.concurrent.CompletableFuture@2ad49f99[Not completed]
2021-08-02 05:52:32,330 [pool-180-thread-1] INFO  server.RaftServer$Division (RaftServerImpl.java:<init>(181)) - 1036d1ad-a7a2-43d7-9de2-11c3d66cdde8: new RaftServerImpl for group-D07181496FAC:[1036d1ad-a7a2-43d7-9de2-11c3d66cdde8|rpc:10.1.0.32:39139|priority:1] with ContainerStateMachine:uninitialized
2021-08-02 05:52:32,330 [pool-180-thread-1] INFO  server.RaftServerConfigKeys (ConfUtils.java:logGet(44)) - raft.server.rpc.timeout.min = 5s (custom)
2021-08-02 05:52:32,330 [pool-180-thread-1] INFO  server.RaftServerConfigKeys (ConfUtils.java:logGet(44)) - raft.server.rpc.timeout.max = 5200ms (custom)
2021-08-02 05:52:32,330 [pool-180-thread-1] INFO  server.RaftServerConfigKeys (ConfUtils.java:logGet(44)) - raft.server.rpc.sleep.time = 25ms (default)
2021-08-02 05:52:32,330 [pool-180-thread-1] INFO  server.RaftServerConfigKeys (ConfUtils.java:logGet(44)) - raft.server.rpc.slowness.timeout = 300000ms (custom)
2021-08-02 05:52:32,330 [pool-180-thread-1] INFO  server.RaftServerConfigKeys (ConfUtils.java:logGet(44)) - raft.server.leaderelection.leader.step-down.wait-time = 10s (default)
2021-08-02 05:52:32,330 [pool-180-thread-1] INFO  server.RaftServerConfigKeys (ConfUtils.java:logGet(44)) - raft.server.sleep.deviation.threshold = 300ms (default)
2021-08-02 05:52:32,330 [pool-180-thread-1] INFO  server.RaftServerConfigKeys (ConfUtils.java:logGet(44)) - raft.server.log.appender.install.snapshot.enabled = false (custom)
2021-08-02 05:52:32,330 [pool-180-thread-1] INFO  server.RaftServer$Division (ServerState.java:<init>(105)) - 1036d1ad-a7a2-43d7-9de2-11c3d66cdde8@group-D07181496FAC: ConfigurationManager, init=-1: [1036d1ad-a7a2-43d7-9de2-11c3d66cdde8|rpc:10.1.0.32:39139|priority:1], old=null, confs=<EMPTY_MAP>
2021-08-02 05:52:32,331 [pool-180-thread-1] INFO  server.RaftServerConfigKeys (ConfUtils.java:logGet(44)) - raft.server.storage.dir = [/home/runner/work/ozone/ozone/mnt/ozone/hadoop-ozone/integration-test/target/test-dir/MiniOzoneClusterImpl-4f335ae8-e577-43f0-9715-84c03d5ccb1a/datanode-7/data/ratis] (custom)
2021-08-02 05:52:32,331 [pool-180-thread-1] INFO  server.RaftServerConfigKeys (ConfUtils.java:logGet(44)) - raft.server.log.corruption.policy = EXCEPTION (default)
2021-08-02 05:52:32,331 [pool-180-thread-1] INFO  server.RaftServerConfigKeys (ConfUtils.java:logGet(44)) - raft.server.storage.free-space.min = 0MB (=0) (default)
2021-08-02 05:52:32,331 [pool-180-thread-1] INFO  storage.RaftStorageDirectory (RaftStorageDirectoryImpl.java:analyzeStorage(135)) - The storage directory /home/runner/work/ozone/ozone/mnt/ozone/hadoop-ozone/integration-test/target/test-dir/MiniOzoneClusterImpl-4f335ae8-e577-43f0-9715-84c03d5ccb1a/datanode-7/data/ratis/c7c63290-17ba-47dc-8bfc-d07181496fac does not exist. Creating ...
2021-08-02 05:52:32,332 [pool-180-thread-1] INFO  storage.RaftStorageDirectory (RaftStorageDirectoryImpl.java:tryLock(230)) - Lock on /home/runner/work/ozone/ozone/mnt/ozone/hadoop-ozone/integration-test/target/test-dir/MiniOzoneClusterImpl-4f335ae8-e577-43f0-9715-84c03d5ccb1a/datanode-7/data/ratis/c7c63290-17ba-47dc-8bfc-d07181496fac/in_use.lock acquired by nodename 11535@fv-az12-406
2021-08-02 05:52:32,333 [pool-180-thread-1] INFO  storage.RaftStorage (RaftStorageImpl.java:format(89)) - Storage directory /home/runner/work/ozone/ozone/mnt/ozone/hadoop-ozone/integration-test/target/test-dir/MiniOzoneClusterImpl-4f335ae8-e577-43f0-9715-84c03d5ccb1a/datanode-7/data/ratis/c7c63290-17ba-47dc-8bfc-d07181496fac has been successfully formatted.
2021-08-02 05:52:32,333 [pool-180-thread-1] INFO  ratis.ContainerStateMachine (ContainerStateMachine.java:loadSnapshot(223)) - group-D07181496FAC: The snapshot info is null. Setting the last applied indexto:(t:0, i:~)
2021-08-02 05:52:32,334 [pool-180-thread-1] INFO  server.RaftServerConfigKeys (ConfUtils.java:logGet(44)) - raft.server.notification.no-leader.timeout = 300000ms (custom)
2021-08-02 05:52:32,335 [EventQueue-PipelineReportForPipelineReportHandler] INFO  pipeline.PipelineManagerV2Impl (PipelineManagerV2Impl.java:openPipeline(283)) - Pipeline Pipeline[ Id: c7c63290-17ba-47dc-8bfc-d07181496fac, Nodes: 1036d1ad-a7a2-43d7-9de2-11c3d66cdde8{ip: 10.1.0.32, host: fv-az12-406.exdb2aeach2ezidoxz41lk3bwg.cx.internal.cloudapp.net, ports: [REPLICATION=40613, RATIS=39139, RATIS_ADMIN=39139, RATIS_SERVER=39139, STANDALONE=33267], networkLocation: /default-rack, certSerialId: null, persistedOpState: IN_SERVICE, persistedOpStateExpiryEpochSec: 0}, ReplicationConfig: RATIS/ONE, State:ALLOCATED, leaderId:1036d1ad-a7a2-43d7-9de2-11c3d66cdde8, CreationTimestamp2021-08-02T05:52:29.336Z[Etc/UTC]] moved to OPEN state
2021-08-02 05:52:32,336 [EventQueue-OpenPipelineForHealthyPipelineSafeModeRule] INFO  safemode.SCMSafeModeManager (HealthyPipelineSafeModeRule.java:process(124)) - SCM in safe mode. Healthy pipelines reported count is 0, required healthy pipeline reported count is 1
2021-08-02 05:52:32,337 [pool-180-thread-1] INFO  server.RaftServerConfigKeys (ConfUtils.java:logGet(44)) - raft.server.log.use.memory = false (default)
2021-08-02 05:52:32,339 [pool-180-thread-1] INFO  server.RaftServerConfigKeys (ConfUtils.java:logGet(44)) - raft.server.log.purge.gap = 1000000 (custom)
2021-08-02 05:52:32,339 [pool-180-thread-1] INFO  server.RaftServerConfigKeys (ConfUtils.java:logGet(44)) - raft.server.log.appender.buffer.byte-limit = 33554432 (custom)
2021-08-02 05:52:32,339 [pool-180-thread-1] INFO  server.RaftServerConfigKeys (ConfUtils.java:logGet(44)) - raft.server.log.segment.size.max = 1048576 (custom)
2021-08-02 05:52:32,340 [pool-180-thread-1] INFO  server.RaftServerConfigKeys (ConfUtils.java:logGet(44)) - raft.server.log.segment.cache.num.max = 2 (custom)
2021-08-02 05:52:32,340 [pool-180-thread-1] INFO  server.RaftServerConfigKeys (ConfUtils.java:logGet(44)) - raft.server.log.segment.cache.size.max = 200MB (=209715200) (default)
2021-08-02 05:52:32,340 [pool-180-thread-1] INFO  segmented.SegmentedRaftLogWorker (SegmentedRaftLogWorker.java:<init>(182)) - new 1036d1ad-a7a2-43d7-9de2-11c3d66cdde8@group-D07181496FAC-SegmentedRaftLogWorker for RaftStorageImpl:Storage Directory /home/runner/work/ozone/ozone/mnt/ozone/hadoop-ozone/integration-test/target/test-dir/MiniOzoneClusterImpl-4f335ae8-e577-43f0-9715-84c03d5ccb1a/datanode-7/data/ratis/c7c63290-17ba-47dc-8bfc-d07181496fac
2021-08-02 05:52:32,340 [pool-180-thread-1] INFO  server.RaftServerConfigKeys (ConfUtils.java:logGet(44)) - raft.server.log.queue.byte-limit = 2147483647 (custom)
2021-08-02 05:52:32,340 [pool-180-thread-1] INFO  server.RaftServerConfigKeys (ConfUtils.java:logGet(44)) - raft.server.log.queue.element-limit = 1024 (custom)
2021-08-02 05:52:32,341 [pool-180-thread-1] INFO  server.RaftServerConfigKeys (ConfUtils.java:logGet(44)) - raft.server.log.segment.size.max = 1048576 (custom)
2021-08-02 05:52:32,341 [pool-180-thread-1] INFO  server.RaftServerConfigKeys (ConfUtils.java:logGet(44)) - raft.server.log.preallocated.size = 16384 (custom)
2021-08-02 05:52:32,341 [pool-180-thread-1] INFO  server.RaftServerConfigKeys (ConfUtils.java:logGet(44)) - raft.server.log.force.sync.num = 128 (default)
2021-08-02 05:52:32,341 [pool-180-thread-1] INFO  server.RaftServerConfigKeys (ConfUtils.java:logGet(44)) - raft.server.log.statemachine.data.sync = true (default)
2021-08-02 05:52:32,341 [pool-180-thread-1] INFO  server.RaftServerConfigKeys (ConfUtils.java:logGet(44)) - raft.server.log.statemachine.data.sync.timeout = 10s (default)
2021-08-02 05:52:32,341 [pool-180-thread-1] INFO  server.RaftServerConfigKeys (ConfUtils.java:logGet(44)) - raft.server.log.statemachine.data.sync.timeout.retry = -1 (default)
2021-08-02 05:52:32,341 [pool-180-thread-1] INFO  server.RaftServerConfigKeys (ConfUtils.java:logGet(44)) - raft.server.log.write.buffer.size = 1048576 (custom)
2021-08-02 05:52:32,342 [pool-180-thread-1] INFO  server.RaftServerConfigKeys (ConfUtils.java:logGet(44)) - raft.server.log.statemachine.data.caching.enabled = true (custom)
2021-08-02 05:52:32,342 [pool-180-thread-1] INFO  segmented.SegmentedRaftLogWorker (SegmentedRaftLogWorker.java:lambda$new$0(133)) - 1036d1ad-a7a2-43d7-9de2-11c3d66cdde8@group-D07181496FAC-SegmentedRaftLogWorker: flushIndex: setUnconditionally 0 -> -1
2021-08-02 05:52:32,342 [pool-180-thread-1] INFO  segmented.SegmentedRaftLogWorker (SegmentedRaftLogWorker.java:lambda$new$0(133)) - 1036d1ad-a7a2-43d7-9de2-11c3d66cdde8@group-D07181496FAC-SegmentedRaftLogWorker: safeCacheEvictIndex: setUnconditionally 0 -> -1
2021-08-02 05:52:32,347 [pool-180-thread-1] INFO  server.RaftServerConfigKeys (ConfUtils.java:logGet(44)) - raft.server.snapshot.auto.trigger.enabled = true (custom)
2021-08-02 05:52:32,348 [pool-180-thread-1] INFO  server.RaftServerConfigKeys (ConfUtils.java:logGet(44)) - raft.server.snapshot.auto.trigger.threshold = 10000 (custom)
2021-08-02 05:52:32,348 [pool-180-thread-1] INFO  server.RaftServerConfigKeys (ConfUtils.java:logGet(44)) - raft.server.snapshot.retention.file.num = 5 (custom)
2021-08-02 05:52:32,348 [pool-180-thread-1] INFO  server.RaftServerConfigKeys (ConfUtils.java:logGet(44)) - raft.server.log.purge.upto.snapshot.index = false (default)
2021-08-02 05:52:32,348 [pool-180-thread-1] INFO  server.RaftServerConfigKeys (ConfUtils.java:logGet(44)) - raft.server.retrycache.expirytime = 600000ms (custom)
2021-08-02 05:52:32,348 [pool-180-thread-1] INFO  server.RaftServerConfigKeys (ConfUtils.java:logGet(44)) - raft.server.retrycache.statistics.expirytime = 100μs (default)
2021-08-02 05:52:32,349 [pool-180-thread-1] INFO  server.RaftServer$Division (RaftServerImpl.java:start(296)) - 1036d1ad-a7a2-43d7-9de2-11c3d66cdde8@group-D07181496FAC: start as a follower, conf=-1: [1036d1ad-a7a2-43d7-9de2-11c3d66cdde8|rpc:10.1.0.32:39139|priority:1], old=null
2021-08-02 05:52:32,349 [pool-180-thread-1] INFO  server.RaftServer$Division (RaftServerImpl.java:setRole(285)) - 1036d1ad-a7a2-43d7-9de2-11c3d66cdde8@group-D07181496FAC: changes role from      null to FOLLOWER at term 0 for startAsFollower
2021-08-02 05:52:32,349 [pool-180-thread-1] INFO  impl.RoleInfo (RoleInfo.java:updateAndGet(130)) - 1036d1ad-a7a2-43d7-9de2-11c3d66cdde8: start 1036d1ad-a7a2-43d7-9de2-11c3d66cdde8@group-D07181496FAC-FollowerState
2021-08-02 05:52:32,349 [pool-180-thread-1] INFO  util.JmxRegister (JmxRegister.java:tryRegister(44)) - Successfully registered JMX Bean with object name Ratis:service=RaftServer,group=group-D07181496FAC,id=1036d1ad-a7a2-43d7-9de2-11c3d66cdde8
2021-08-02 05:52:32,350 [Command processor thread] INFO  ratis.XceiverServerRatis (XceiverServerRatis.java:addGroup(759)) - Created group PipelineID=c7c63290-17ba-47dc-8bfc-d07181496fac
2021-08-02 05:52:32,352 [Command processor thread] INFO  commandhandler.CreatePipelineCommandHandler (CreatePipelineCommandHandler.java:handle(106)) - Created Pipeline RATIS ONE PipelineID=c7c63290-17ba-47dc-8bfc-d07181496fac.
2021-08-02 05:52:32,478 [Listener at 127.0.0.1/35629] INFO  ozone.MiniOzoneClusterImpl (MiniOzoneClusterImpl.java:lambda$waitForClusterToBeReady$0(235)) - Nodes are ready. Got 9 of 9 DN Heartbeats.
2021-08-02 05:52:32,478 [Listener at 127.0.0.1/35629] INFO  ozone.MiniOzoneClusterImpl (MiniOzoneClusterImpl.java:lambda$waitForClusterToBeReady$0(238)) - Waiting for cluster to exit safe mode
2021-08-02 05:52:32,478 [Listener at 127.0.0.1/35629] INFO  ozone.MiniOzoneClusterImpl (MiniOzoneClusterImpl.java:lambda$waitForClusterToBeReady$0(240)) - SCM became leader
2021-08-02 05:52:32,478 [Command processor thread] INFO  server.RaftServer (RaftServerProxy.java:addNew(95)) - c97b6c06-cd07-4cdb-ae41-9a711d8ab883: addNew group-ADDC33EB017B:[c97b6c06-cd07-4cdb-ae41-9a711d8ab883|rpc:10.1.0.32:40085|priority:1] returns group-ADDC33EB017B:java.util.concurrent.CompletableFuture@3c1913e2[Not completed]
2021-08-02 05:52:32,479 [pool-198-thread-1] INFO  server.RaftServer$Division (RaftServerImpl.java:<init>(181)) - c97b6c06-cd07-4cdb-ae41-9a711d8ab883: new RaftServerImpl for group-ADDC33EB017B:[c97b6c06-cd07-4cdb-ae41-9a711d8ab883|rpc:10.1.0.32:40085|priority:1] with ContainerStateMachine:uninitialized
2021-08-02 05:52:32,479 [pool-198-thread-1] INFO  server.RaftServerConfigKeys (ConfUtils.java:logGet(44)) - raft.server.rpc.timeout.min = 5s (custom)
2021-08-02 05:52:32,479 [pool-198-thread-1] INFO  server.RaftServerConfigKeys (ConfUtils.java:logGet(44)) - raft.server.rpc.timeout.max = 5200ms (custom)
2021-08-02 05:52:32,479 [pool-198-thread-1] INFO  server.RaftServerConfigKeys (ConfUtils.java:logGet(44)) - raft.server.rpc.sleep.time = 25ms (default)
2021-08-02 05:52:32,480 [pool-198-thread-1] INFO  server.RaftServerConfigKeys (ConfUtils.java:logGet(44)) - raft.server.rpc.slowness.timeout = 300000ms (custom)
2021-08-02 05:52:32,480 [pool-198-thread-1] INFO  server.RaftServerConfigKeys (ConfUtils.java:logGet(44)) - raft.server.leaderelection.leader.step-down.wait-time = 10s (default)
2021-08-02 05:52:32,480 [pool-198-thread-1] INFO  server.RaftServerConfigKeys (ConfUtils.java:logGet(44)) - raft.server.sleep.deviation.threshold = 300ms (default)
2021-08-02 05:52:32,480 [pool-198-thread-1] INFO  server.RaftServerConfigKeys (ConfUtils.java:logGet(44)) - raft.server.log.appender.install.snapshot.enabled = false (custom)
2021-08-02 05:52:32,480 [pool-198-thread-1] INFO  server.RaftServer$Division (ServerState.java:<init>(105)) - c97b6c06-cd07-4cdb-ae41-9a711d8ab883@group-ADDC33EB017B: ConfigurationManager, init=-1: [c97b6c06-cd07-4cdb-ae41-9a711d8ab883|rpc:10.1.0.32:40085|priority:1], old=null, confs=<EMPTY_MAP>
2021-08-02 05:52:32,480 [pool-198-thread-1] INFO  server.RaftServerConfigKeys (ConfUtils.java:logGet(44)) - raft.server.storage.dir = [/home/runner/work/ozone/ozone/mnt/ozone/hadoop-ozone/integration-test/target/test-dir/MiniOzoneClusterImpl-4f335ae8-e577-43f0-9715-84c03d5ccb1a/datanode-8/data/ratis] (custom)
2021-08-02 05:52:32,480 [pool-198-thread-1] INFO  server.RaftServerConfigKeys (ConfUtils.java:logGet(44)) - raft.server.log.corruption.policy = EXCEPTION (default)
2021-08-02 05:52:32,480 [pool-198-thread-1] INFO  server.RaftServerConfigKeys (ConfUtils.java:logGet(44)) - raft.server.storage.free-space.min = 0MB (=0) (default)
2021-08-02 05:52:32,480 [pool-198-thread-1] INFO  storage.RaftStorageDirectory (RaftStorageDirectoryImpl.java:analyzeStorage(135)) - The storage directory /home/runner/work/ozone/ozone/mnt/ozone/hadoop-ozone/integration-test/target/test-dir/MiniOzoneClusterImpl-4f335ae8-e577-43f0-9715-84c03d5ccb1a/datanode-8/data/ratis/70d7f31a-4a57-45b1-a329-addc33eb017b does not exist. Creating ...
2021-08-02 05:52:32,481 [pool-198-thread-1] INFO  storage.RaftStorageDirectory (RaftStorageDirectoryImpl.java:tryLock(230)) - Lock on /home/runner/work/ozone/ozone/mnt/ozone/hadoop-ozone/integration-test/target/test-dir/MiniOzoneClusterImpl-4f335ae8-e577-43f0-9715-84c03d5ccb1a/datanode-8/data/ratis/70d7f31a-4a57-45b1-a329-addc33eb017b/in_use.lock acquired by nodename 11535@fv-az12-406
2021-08-02 05:52:32,482 [pool-198-thread-1] INFO  storage.RaftStorage (RaftStorageImpl.java:format(89)) - Storage directory /home/runner/work/ozone/ozone/mnt/ozone/hadoop-ozone/integration-test/target/test-dir/MiniOzoneClusterImpl-4f335ae8-e577-43f0-9715-84c03d5ccb1a/datanode-8/data/ratis/70d7f31a-4a57-45b1-a329-addc33eb017b has been successfully formatted.
2021-08-02 05:52:32,482 [pool-198-thread-1] INFO  ratis.ContainerStateMachine (ContainerStateMachine.java:loadSnapshot(223)) - group-ADDC33EB017B: The snapshot info is null. Setting the last applied indexto:(t:0, i:~)
2021-08-02 05:52:32,482 [pool-198-thread-1] INFO  server.RaftServerConfigKeys (ConfUtils.java:logGet(44)) - raft.server.notification.no-leader.timeout = 300000ms (custom)
2021-08-02 05:52:32,482 [pool-198-thread-1] INFO  server.RaftServerConfigKeys (ConfUtils.java:logGet(44)) - raft.server.log.use.memory = false (default)
2021-08-02 05:52:32,482 [pool-198-thread-1] INFO  server.RaftServerConfigKeys (ConfUtils.java:logGet(44)) - raft.server.log.purge.gap = 1000000 (custom)
2021-08-02 05:52:32,483 [pool-198-thread-1] INFO  server.RaftServerConfigKeys (ConfUtils.java:logGet(44)) - raft.server.log.appender.buffer.byte-limit = 33554432 (custom)
2021-08-02 05:52:32,483 [pool-198-thread-1] INFO  server.RaftServerConfigKeys (ConfUtils.java:logGet(44)) - raft.server.log.segment.size.max = 1048576 (custom)
2021-08-02 05:52:32,483 [pool-198-thread-1] INFO  server.RaftServerConfigKeys (ConfUtils.java:logGet(44)) - raft.server.log.segment.cache.num.max = 2 (custom)
2021-08-02 05:52:32,484 [EventQueue-PipelineReportForPipelineReportHandler] INFO  pipeline.PipelineManagerV2Impl (PipelineManagerV2Impl.java:openPipeline(283)) - Pipeline Pipeline[ Id: 70d7f31a-4a57-45b1-a329-addc33eb017b, Nodes: c97b6c06-cd07-4cdb-ae41-9a711d8ab883{ip: 10.1.0.32, host: fv-az12-406.exdb2aeach2ezidoxz41lk3bwg.cx.internal.cloudapp.net, ports: [REPLICATION=36763, RATIS=40085, RATIS_ADMIN=40085, RATIS_SERVER=40085, STANDALONE=41103], networkLocation: /default-rack, certSerialId: null, persistedOpState: IN_SERVICE, persistedOpStateExpiryEpochSec: 0}, ReplicationConfig: RATIS/ONE, State:ALLOCATED, leaderId:c97b6c06-cd07-4cdb-ae41-9a711d8ab883, CreationTimestamp2021-08-02T05:52:29.481Z[Etc/UTC]] moved to OPEN state
2021-08-02 05:52:32,484 [EventQueue-OpenPipelineForHealthyPipelineSafeModeRule] INFO  safemode.SCMSafeModeManager (HealthyPipelineSafeModeRule.java:process(124)) - SCM in safe mode. Healthy pipelines reported count is 0, required healthy pipeline reported count is 1
2021-08-02 05:52:32,484 [pool-198-thread-1] INFO  server.RaftServerConfigKeys (ConfUtils.java:logGet(44)) - raft.server.log.segment.cache.size.max = 200MB (=209715200) (default)
2021-08-02 05:52:32,487 [pool-198-thread-1] INFO  segmented.SegmentedRaftLogWorker (SegmentedRaftLogWorker.java:<init>(182)) - new c97b6c06-cd07-4cdb-ae41-9a711d8ab883@group-ADDC33EB017B-SegmentedRaftLogWorker for RaftStorageImpl:Storage Directory /home/runner/work/ozone/ozone/mnt/ozone/hadoop-ozone/integration-test/target/test-dir/MiniOzoneClusterImpl-4f335ae8-e577-43f0-9715-84c03d5ccb1a/datanode-8/data/ratis/70d7f31a-4a57-45b1-a329-addc33eb017b
2021-08-02 05:52:32,487 [pool-198-thread-1] INFO  server.RaftServerConfigKeys (ConfUtils.java:logGet(44)) - raft.server.log.queue.byte-limit = 2147483647 (custom)
2021-08-02 05:52:32,487 [pool-198-thread-1] INFO  server.RaftServerConfigKeys (ConfUtils.java:logGet(44)) - raft.server.log.queue.element-limit = 1024 (custom)
2021-08-02 05:52:32,487 [pool-198-thread-1] INFO  server.RaftServerConfigKeys (ConfUtils.java:logGet(44)) - raft.server.log.segment.size.max = 1048576 (custom)
2021-08-02 05:52:32,487 [pool-198-thread-1] INFO  server.RaftServerConfigKeys (ConfUtils.java:logGet(44)) - raft.server.log.preallocated.size = 16384 (custom)
2021-08-02 05:52:32,487 [pool-198-thread-1] INFO  server.RaftServerConfigKeys (ConfUtils.java:logGet(44)) - raft.server.log.force.sync.num = 128 (default)
2021-08-02 05:52:32,487 [pool-198-thread-1] INFO  server.RaftServerConfigKeys (ConfUtils.java:logGet(44)) - raft.server.log.statemachine.data.sync = true (default)
2021-08-02 05:52:32,487 [pool-198-thread-1] INFO  server.RaftServerConfigKeys (ConfUtils.java:logGet(44)) - raft.server.log.statemachine.data.sync.timeout = 10s (default)
2021-08-02 05:52:32,487 [pool-198-thread-1] INFO  server.RaftServerConfigKeys (ConfUtils.java:logGet(44)) - raft.server.log.statemachine.data.sync.timeout.retry = -1 (default)
2021-08-02 05:52:32,488 [pool-198-thread-1] INFO  server.RaftServerConfigKeys (ConfUtils.java:logGet(44)) - raft.server.log.write.buffer.size = 1048576 (custom)
2021-08-02 05:52:32,488 [pool-198-thread-1] INFO  server.RaftServerConfigKeys (ConfUtils.java:logGet(44)) - raft.server.log.statemachine.data.caching.enabled = true (custom)
2021-08-02 05:52:32,489 [pool-198-thread-1] INFO  segmented.SegmentedRaftLogWorker (SegmentedRaftLogWorker.java:lambda$new$0(133)) - c97b6c06-cd07-4cdb-ae41-9a711d8ab883@group-ADDC33EB017B-SegmentedRaftLogWorker: flushIndex: setUnconditionally 0 -> -1
2021-08-02 05:52:32,489 [pool-198-thread-1] INFO  segmented.SegmentedRaftLogWorker (SegmentedRaftLogWorker.java:lambda$new$0(133)) - c97b6c06-cd07-4cdb-ae41-9a711d8ab883@group-ADDC33EB017B-SegmentedRaftLogWorker: safeCacheEvictIndex: setUnconditionally 0 -> -1
2021-08-02 05:52:32,489 [pool-198-thread-1] INFO  server.RaftServerConfigKeys (ConfUtils.java:logGet(44)) - raft.server.snapshot.auto.trigger.enabled = true (custom)
2021-08-02 05:52:32,489 [pool-198-thread-1] INFO  server.RaftServerConfigKeys (ConfUtils.java:logGet(44)) - raft.server.snapshot.auto.trigger.threshold = 10000 (custom)
2021-08-02 05:52:32,489 [pool-198-thread-1] INFO  server.RaftServerConfigKeys (ConfUtils.java:logGet(44)) - raft.server.snapshot.retention.file.num = 5 (custom)
2021-08-02 05:52:32,489 [pool-198-thread-1] INFO  server.RaftServerConfigKeys (ConfUtils.java:logGet(44)) - raft.server.log.purge.upto.snapshot.index = false (default)
2021-08-02 05:52:32,489 [pool-198-thread-1] INFO  server.RaftServerConfigKeys (ConfUtils.java:logGet(44)) - raft.server.retrycache.expirytime = 600000ms (custom)
2021-08-02 05:52:32,489 [pool-198-thread-1] INFO  server.RaftServerConfigKeys (ConfUtils.java:logGet(44)) - raft.server.retrycache.statistics.expirytime = 100μs (default)
2021-08-02 05:52:32,490 [pool-198-thread-1] INFO  server.RaftServer$Division (RaftServerImpl.java:start(296)) - c97b6c06-cd07-4cdb-ae41-9a711d8ab883@group-ADDC33EB017B: start as a follower, conf=-1: [c97b6c06-cd07-4cdb-ae41-9a711d8ab883|rpc:10.1.0.32:40085|priority:1], old=null
2021-08-02 05:52:32,490 [pool-198-thread-1] INFO  server.RaftServer$Division (RaftServerImpl.java:setRole(285)) - c97b6c06-cd07-4cdb-ae41-9a711d8ab883@group-ADDC33EB017B: changes role from      null to FOLLOWER at term 0 for startAsFollower
2021-08-02 05:52:32,490 [pool-198-thread-1] INFO  impl.RoleInfo (RoleInfo.java:updateAndGet(130)) - c97b6c06-cd07-4cdb-ae41-9a711d8ab883: start c97b6c06-cd07-4cdb-ae41-9a711d8ab883@group-ADDC33EB017B-FollowerState
2021-08-02 05:52:32,490 [pool-198-thread-1] INFO  util.JmxRegister (JmxRegister.java:tryRegister(44)) - Successfully registered JMX Bean with object name Ratis:service=RaftServer,group=group-ADDC33EB017B,id=c97b6c06-cd07-4cdb-ae41-9a711d8ab883
2021-08-02 05:52:32,491 [Command processor thread] INFO  ratis.XceiverServerRatis (XceiverServerRatis.java:addGroup(759)) - Created group PipelineID=70d7f31a-4a57-45b1-a329-addc33eb017b
2021-08-02 05:52:32,491 [Command processor thread] INFO  commandhandler.CreatePipelineCommandHandler (CreatePipelineCommandHandler.java:handle(106)) - Created Pipeline RATIS ONE PipelineID=70d7f31a-4a57-45b1-a329-addc33eb017b.
2021-08-02 05:52:33,479 [Listener at 127.0.0.1/35629] INFO  ozone.MiniOzoneClusterImpl (MiniOzoneClusterImpl.java:lambda$waitForClusterToBeReady$0(235)) - Nodes are ready. Got 9 of 9 DN Heartbeats.
2021-08-02 05:52:33,479 [Listener at 127.0.0.1/35629] INFO  ozone.MiniOzoneClusterImpl (MiniOzoneClusterImpl.java:lambda$waitForClusterToBeReady$0(238)) - Waiting for cluster to exit safe mode
2021-08-02 05:52:33,479 [Listener at 127.0.0.1/35629] INFO  ozone.MiniOzoneClusterImpl (MiniOzoneClusterImpl.java:lambda$waitForClusterToBeReady$0(240)) - SCM became leader
2021-08-02 05:52:34,479 [Listener at 127.0.0.1/35629] INFO  ozone.MiniOzoneClusterImpl (MiniOzoneClusterImpl.java:lambda$waitForClusterToBeReady$0(235)) - Nodes are ready. Got 9 of 9 DN Heartbeats.
2021-08-02 05:52:34,480 [Listener at 127.0.0.1/35629] INFO  ozone.MiniOzoneClusterImpl (MiniOzoneClusterImpl.java:lambda$waitForClusterToBeReady$0(238)) - Waiting for cluster to exit safe mode
2021-08-02 05:52:34,480 [Listener at 127.0.0.1/35629] INFO  ozone.MiniOzoneClusterImpl (MiniOzoneClusterImpl.java:lambda$waitForClusterToBeReady$0(240)) - SCM became leader
2021-08-02 05:52:35,480 [Listener at 127.0.0.1/35629] INFO  ozone.MiniOzoneClusterImpl (MiniOzoneClusterImpl.java:lambda$waitForClusterToBeReady$0(235)) - Nodes are ready. Got 9 of 9 DN Heartbeats.
2021-08-02 05:52:35,480 [Listener at 127.0.0.1/35629] INFO  ozone.MiniOzoneClusterImpl (MiniOzoneClusterImpl.java:lambda$waitForClusterToBeReady$0(238)) - Waiting for cluster to exit safe mode
2021-08-02 05:52:35,481 [Listener at 127.0.0.1/35629] INFO  ozone.MiniOzoneClusterImpl (MiniOzoneClusterImpl.java:lambda$waitForClusterToBeReady$0(240)) - SCM became leader
2021-08-02 05:52:35,870 [752ad5df-a7ba-47cd-a255-c78e9754ce7f@group-CCB4B94BC867-FollowerState] INFO  impl.FollowerState (FollowerState.java:run(134)) - 752ad5df-a7ba-47cd-a255-c78e9754ce7f@group-CCB4B94BC867-FollowerState: change to CANDIDATE, lastRpcElapsedTime:5112049819ns, electionTimeout:5105ms
2021-08-02 05:52:35,871 [752ad5df-a7ba-47cd-a255-c78e9754ce7f@group-CCB4B94BC867-FollowerState] INFO  impl.RoleInfo (RoleInfo.java:shutdownFollowerState(108)) - 752ad5df-a7ba-47cd-a255-c78e9754ce7f: shutdown 752ad5df-a7ba-47cd-a255-c78e9754ce7f@group-CCB4B94BC867-FollowerState
2021-08-02 05:52:35,871 [752ad5df-a7ba-47cd-a255-c78e9754ce7f@group-CCB4B94BC867-FollowerState] INFO  server.RaftServer$Division (RaftServerImpl.java:setRole(285)) - 752ad5df-a7ba-47cd-a255-c78e9754ce7f@group-CCB4B94BC867: changes role from  FOLLOWER to CANDIDATE at term 0 for changeToCandidate
2021-08-02 05:52:35,872 [752ad5df-a7ba-47cd-a255-c78e9754ce7f@group-CCB4B94BC867-FollowerState] INFO  server.RaftServerConfigKeys (ConfUtils.java:logGet(44)) - raft.server.leaderelection.pre-vote = false (custom)
2021-08-02 05:52:35,872 [752ad5df-a7ba-47cd-a255-c78e9754ce7f@group-CCB4B94BC867-FollowerState] INFO  impl.RoleInfo (RoleInfo.java:updateAndGet(130)) - 752ad5df-a7ba-47cd-a255-c78e9754ce7f: start 752ad5df-a7ba-47cd-a255-c78e9754ce7f@group-CCB4B94BC867-LeaderElection2
2021-08-02 05:52:35,874 [752ad5df-a7ba-47cd-a255-c78e9754ce7f@group-CCB4B94BC867-LeaderElection2] INFO  impl.LeaderElection (LeaderElection.java:askForVotes(306)) - 752ad5df-a7ba-47cd-a255-c78e9754ce7f@group-CCB4B94BC867-LeaderElection2 ELECTION round 0: submit vote requests at term 1 for -1: [752ad5df-a7ba-47cd-a255-c78e9754ce7f|rpc:10.1.0.32:36497|priority:1], old=null
2021-08-02 05:52:35,874 [752ad5df-a7ba-47cd-a255-c78e9754ce7f@group-CCB4B94BC867-LeaderElection2] INFO  impl.LeaderElection (LeaderElection.java:askForVotes(308)) - 752ad5df-a7ba-47cd-a255-c78e9754ce7f@group-CCB4B94BC867-LeaderElection2 ELECTION round 0: result PASSED (term=1)
2021-08-02 05:52:35,875 [752ad5df-a7ba-47cd-a255-c78e9754ce7f@group-CCB4B94BC867-LeaderElection2] INFO  impl.RoleInfo (RoleInfo.java:shutdownLeaderElection(121)) - 752ad5df-a7ba-47cd-a255-c78e9754ce7f: shutdown 752ad5df-a7ba-47cd-a255-c78e9754ce7f@group-CCB4B94BC867-LeaderElection2
2021-08-02 05:52:35,875 [752ad5df-a7ba-47cd-a255-c78e9754ce7f@group-CCB4B94BC867-LeaderElection2] INFO  server.RaftServer$Division (RaftServerImpl.java:setRole(285)) - 752ad5df-a7ba-47cd-a255-c78e9754ce7f@group-CCB4B94BC867: changes role from CANDIDATE to LEADER at term 1 for changeToLeader
2021-08-02 05:52:35,875 [752ad5df-a7ba-47cd-a255-c78e9754ce7f@group-CCB4B94BC867-LeaderElection2] INFO  ratis.XceiverServerRatis (XceiverServerRatis.java:handleLeaderChangedNotification(857)) - Leader change notification received for group: group-CCB4B94BC867 with new leaderId: 752ad5df-a7ba-47cd-a255-c78e9754ce7f
2021-08-02 05:52:35,875 [752ad5df-a7ba-47cd-a255-c78e9754ce7f@group-CCB4B94BC867-LeaderElection2] INFO  server.RaftServer$Division (ServerState.java:setLeader(285)) - 752ad5df-a7ba-47cd-a255-c78e9754ce7f@group-CCB4B94BC867: change Leader from null to 752ad5df-a7ba-47cd-a255-c78e9754ce7f at term 1 for becomeLeader, leader elected after 5136ms
2021-08-02 05:52:35,875 [752ad5df-a7ba-47cd-a255-c78e9754ce7f@group-CCB4B94BC867-LeaderElection2] INFO  server.RaftServerConfigKeys (ConfUtils.java:logGet(44)) - raft.server.staging.catchup.gap = 1000 (default)
2021-08-02 05:52:35,876 [752ad5df-a7ba-47cd-a255-c78e9754ce7f@group-CCB4B94BC867-LeaderElection2] INFO  server.RaftServerConfigKeys (ConfUtils.java:logGet(44)) - raft.server.write.element-limit = 1024 (custom)
2021-08-02 05:52:35,876 [752ad5df-a7ba-47cd-a255-c78e9754ce7f@group-CCB4B94BC867-LeaderElection2] INFO  server.RaftServerConfigKeys (ConfUtils.java:logGet(44)) - raft.server.write.byte-limit = 1073741824 (custom)
2021-08-02 05:52:35,876 [EventQueue-OpenPipelineForHealthyPipelineSafeModeRule] INFO  safemode.SCMSafeModeManager (HealthyPipelineSafeModeRule.java:process(124)) - SCM in safe mode. Healthy pipelines reported count is 0, required healthy pipeline reported count is 1
2021-08-02 05:52:35,877 [752ad5df-a7ba-47cd-a255-c78e9754ce7f@group-CCB4B94BC867-LeaderElection2] INFO  server.RaftServerConfigKeys (ConfUtils.java:logGet(44)) - raft.server.watch.timeout = 3000ms (custom)
2021-08-02 05:52:35,877 [752ad5df-a7ba-47cd-a255-c78e9754ce7f@group-CCB4B94BC867-LeaderElection2] INFO  server.RaftServerConfigKeys (ConfUtils.java:logGet(44)) - raft.server.watch.timeout.denomination = 1s (default)
2021-08-02 05:52:35,877 [752ad5df-a7ba-47cd-a255-c78e9754ce7f@group-CCB4B94BC867-LeaderElection2] INFO  server.RaftServerConfigKeys (ConfUtils.java:logGet(44)) - raft.server.watch.element-limit = 65536 (default)
2021-08-02 05:52:35,877 [752ad5df-a7ba-47cd-a255-c78e9754ce7f@group-CCB4B94BC867-LeaderElection2] INFO  impl.RoleInfo (RoleInfo.java:updateAndGet(130)) - 752ad5df-a7ba-47cd-a255-c78e9754ce7f: start 752ad5df-a7ba-47cd-a255-c78e9754ce7f@group-CCB4B94BC867-LeaderStateImpl
2021-08-02 05:52:35,877 [752ad5df-a7ba-47cd-a255-c78e9754ce7f@group-CCB4B94BC867-LeaderElection2] INFO  segmented.SegmentedRaftLogWorker (SegmentedRaftLogWorker.java:startLogSegment(394)) - 752ad5df-a7ba-47cd-a255-c78e9754ce7f@group-CCB4B94BC867-SegmentedRaftLogWorker: Starting segment from index:0
2021-08-02 05:52:35,879 [752ad5df-a7ba-47cd-a255-c78e9754ce7f@group-CCB4B94BC867-LeaderElection2] INFO  server.RaftServer$Division (ServerState.java:setRaftConf(387)) - 752ad5df-a7ba-47cd-a255-c78e9754ce7f@group-CCB4B94BC867: set configuration 0: [752ad5df-a7ba-47cd-a255-c78e9754ce7f|rpc:10.1.0.32:36497|dataStream:|priority:1], old=null
2021-08-02 05:52:35,880 [752ad5df-a7ba-47cd-a255-c78e9754ce7f@group-CCB4B94BC867-SegmentedRaftLogWorker] INFO  segmented.SegmentedRaftLogWorker (SegmentedRaftLogWorker.java:execute(601)) - 752ad5df-a7ba-47cd-a255-c78e9754ce7f@group-CCB4B94BC867-SegmentedRaftLogWorker: created new log segment /home/runner/work/ozone/ozone/mnt/ozone/hadoop-ozone/integration-test/target/test-dir/MiniOzoneClusterImpl-4f335ae8-e577-43f0-9715-84c03d5ccb1a/datanode-0/data/ratis/25743c8d-7fce-4dd4-9c08-ccb4b94bc867/current/log_inprogress_0
2021-08-02 05:52:35,884 [752ad5df-a7ba-47cd-a255-c78e9754ce7f@group-67F92B9E78E8-FollowerState] INFO  impl.FollowerState (FollowerState.java:run(134)) - 752ad5df-a7ba-47cd-a255-c78e9754ce7f@group-67F92B9E78E8-FollowerState: change to CANDIDATE, lastRpcElapsedTime:5079079758ns, electionTimeout:5078ms
2021-08-02 05:52:35,885 [752ad5df-a7ba-47cd-a255-c78e9754ce7f@group-67F92B9E78E8-FollowerState] INFO  impl.RoleInfo (RoleInfo.java:shutdownFollowerState(108)) - 752ad5df-a7ba-47cd-a255-c78e9754ce7f: shutdown 752ad5df-a7ba-47cd-a255-c78e9754ce7f@group-67F92B9E78E8-FollowerState
2021-08-02 05:52:35,885 [752ad5df-a7ba-47cd-a255-c78e9754ce7f@group-67F92B9E78E8-FollowerState] INFO  server.RaftServer$Division (RaftServerImpl.java:setRole(285)) - 752ad5df-a7ba-47cd-a255-c78e9754ce7f@group-67F92B9E78E8: changes role from  FOLLOWER to CANDIDATE at term 0 for changeToCandidate
2021-08-02 05:52:35,885 [752ad5df-a7ba-47cd-a255-c78e9754ce7f@group-67F92B9E78E8-FollowerState] INFO  server.RaftServerConfigKeys (ConfUtils.java:logGet(44)) - raft.server.leaderelection.pre-vote = false (custom)
2021-08-02 05:52:35,885 [752ad5df-a7ba-47cd-a255-c78e9754ce7f@group-67F92B9E78E8-FollowerState] INFO  impl.RoleInfo (RoleInfo.java:updateAndGet(130)) - 752ad5df-a7ba-47cd-a255-c78e9754ce7f: start 752ad5df-a7ba-47cd-a255-c78e9754ce7f@group-67F92B9E78E8-LeaderElection3
2021-08-02 05:52:35,887 [752ad5df-a7ba-47cd-a255-c78e9754ce7f@group-67F92B9E78E8-LeaderElection3] INFO  impl.LeaderElection (LeaderElection.java:askForVotes(306)) - 752ad5df-a7ba-47cd-a255-c78e9754ce7f@group-67F92B9E78E8-LeaderElection3 ELECTION round 0: submit vote requests at term 1 for -1: [7c89729d-205d-42d4-b264-d61f860a411d|rpc:10.1.0.32:45115|priority:1, d23be368-b70e-4d1a-afe3-0bdcf6fd1c46|rpc:10.1.0.32:37789|priority:0, 752ad5df-a7ba-47cd-a255-c78e9754ce7f|rpc:10.1.0.32:36497|priority:0], old=null
2021-08-02 05:52:35,904 [grpc-default-executor-1] INFO  server.RaftServer$Division (RaftServerImpl.java:requestVote(1043)) - 7c89729d-205d-42d4-b264-d61f860a411d@group-67F92B9E78E8: receive requestVote(ELECTION, 752ad5df-a7ba-47cd-a255-c78e9754ce7f, group-67F92B9E78E8, 1, (t:0, i:0))
2021-08-02 05:52:35,909 [grpc-default-executor-1] INFO  impl.VoteContext (VoteContext.java:log(48)) - 7c89729d-205d-42d4-b264-d61f860a411d@group-67F92B9E78E8-FOLLOWER: reject ELECTION from 752ad5df-a7ba-47cd-a255-c78e9754ce7f: our priority 1 > candidate's priority 0
2021-08-02 05:52:35,909 [grpc-default-executor-0] INFO  server.RaftServer$Division (RaftServerImpl.java:requestVote(1043)) - d23be368-b70e-4d1a-afe3-0bdcf6fd1c46@group-67F92B9E78E8: receive requestVote(ELECTION, 752ad5df-a7ba-47cd-a255-c78e9754ce7f, group-67F92B9E78E8, 1, (t:0, i:0))
2021-08-02 05:52:35,910 [grpc-default-executor-0] INFO  impl.VoteContext (VoteContext.java:log(48)) - d23be368-b70e-4d1a-afe3-0bdcf6fd1c46@group-67F92B9E78E8-FOLLOWER: accept ELECTION from 752ad5df-a7ba-47cd-a255-c78e9754ce7f: our priority 0 <= candidate's priority 0
2021-08-02 05:52:35,910 [grpc-default-executor-0] INFO  server.RaftServer$Division (RaftServerImpl.java:setRole(285)) - d23be368-b70e-4d1a-afe3-0bdcf6fd1c46@group-67F92B9E78E8: changes role from  FOLLOWER to FOLLOWER at term 1 for candidate:752ad5df-a7ba-47cd-a255-c78e9754ce7f
2021-08-02 05:52:35,910 [grpc-default-executor-0] INFO  impl.RoleInfo (RoleInfo.java:shutdownFollowerState(108)) - d23be368-b70e-4d1a-afe3-0bdcf6fd1c46: shutdown d23be368-b70e-4d1a-afe3-0bdcf6fd1c46@group-67F92B9E78E8-FollowerState
2021-08-02 05:52:35,910 [grpc-default-executor-0] INFO  impl.RoleInfo (RoleInfo.java:updateAndGet(130)) - d23be368-b70e-4d1a-afe3-0bdcf6fd1c46: start d23be368-b70e-4d1a-afe3-0bdcf6fd1c46@group-67F92B9E78E8-FollowerState
2021-08-02 05:52:35,911 [d23be368-b70e-4d1a-afe3-0bdcf6fd1c46@group-67F92B9E78E8-FollowerState] INFO  impl.FollowerState (FollowerState.java:run(143)) - d23be368-b70e-4d1a-afe3-0bdcf6fd1c46@group-67F92B9E78E8-FollowerState was interrupted: {}
java.lang.InterruptedException: sleep interrupted
	at java.lang.Thread.sleep(Native Method)
	at java.lang.Thread.sleep(Thread.java:340)
	at java.util.concurrent.TimeUnit.sleep(TimeUnit.java:386)
	at org.apache.ratis.util.TimeDuration.sleep(TimeDuration.java:324)
	at org.apache.ratis.util.TimeDuration.sleep(TimeDuration.java:309)
	at org.apache.ratis.server.impl.FollowerState.run(FollowerState.java:118)
2021-08-02 05:52:35,915 [grpc-default-executor-1] INFO  server.RaftServer$Division (RaftServerImpl.java:setRole(285)) - 7c89729d-205d-42d4-b264-d61f860a411d@group-67F92B9E78E8: changes role from  FOLLOWER to FOLLOWER at term 1 for candidate:752ad5df-a7ba-47cd-a255-c78e9754ce7f
2021-08-02 05:52:35,916 [grpc-default-executor-1] INFO  impl.RoleInfo (RoleInfo.java:shutdownFollowerState(108)) - 7c89729d-205d-42d4-b264-d61f860a411d: shutdown 7c89729d-205d-42d4-b264-d61f860a411d@group-67F92B9E78E8-FollowerState
2021-08-02 05:52:35,917 [7c89729d-205d-42d4-b264-d61f860a411d@group-67F92B9E78E8-FollowerState] INFO  impl.FollowerState (FollowerState.java:run(143)) - 7c89729d-205d-42d4-b264-d61f860a411d@group-67F92B9E78E8-FollowerState was interrupted: {}
java.lang.InterruptedException: sleep interrupted
	at java.lang.Thread.sleep(Native Method)
	at java.lang.Thread.sleep(Thread.java:340)
	at java.util.concurrent.TimeUnit.sleep(TimeUnit.java:386)
	at org.apache.ratis.util.TimeDuration.sleep(TimeDuration.java:324)
	at org.apache.ratis.util.TimeDuration.sleep(TimeDuration.java:309)
	at org.apache.ratis.server.impl.FollowerState.run(FollowerState.java:118)
2021-08-02 05:52:35,918 [grpc-default-executor-1] INFO  impl.RoleInfo (RoleInfo.java:updateAndGet(130)) - 7c89729d-205d-42d4-b264-d61f860a411d: start 7c89729d-205d-42d4-b264-d61f860a411d@group-67F92B9E78E8-FollowerState
2021-08-02 05:52:35,926 [grpc-default-executor-1] INFO  server.RaftServer$Division (RaftServerImpl.java:requestVote(1075)) - 7c89729d-205d-42d4-b264-d61f860a411d@group-67F92B9E78E8 replies to ELECTION vote request: 752ad5df-a7ba-47cd-a255-c78e9754ce7f<-7c89729d-205d-42d4-b264-d61f860a411d#0:FAIL-t1. Peer's state: 7c89729d-205d-42d4-b264-d61f860a411d@group-67F92B9E78E8:t1, leader=null, voted=null, raftlog=7c89729d-205d-42d4-b264-d61f860a411d@group-67F92B9E78E8-SegmentedRaftLog:OPENED:c-1,f-1,i0, conf=-1: [7c89729d-205d-42d4-b264-d61f860a411d|rpc:10.1.0.32:45115|priority:1, d23be368-b70e-4d1a-afe3-0bdcf6fd1c46|rpc:10.1.0.32:37789|priority:0, 752ad5df-a7ba-47cd-a255-c78e9754ce7f|rpc:10.1.0.32:36497|priority:0], old=null
2021-08-02 05:52:35,926 [grpc-default-executor-0] INFO  server.RaftServer$Division (RaftServerImpl.java:requestVote(1075)) - d23be368-b70e-4d1a-afe3-0bdcf6fd1c46@group-67F92B9E78E8 replies to ELECTION vote request: 752ad5df-a7ba-47cd-a255-c78e9754ce7f<-d23be368-b70e-4d1a-afe3-0bdcf6fd1c46#0:OK-t1. Peer's state: d23be368-b70e-4d1a-afe3-0bdcf6fd1c46@group-67F92B9E78E8:t1, leader=null, voted=752ad5df-a7ba-47cd-a255-c78e9754ce7f, raftlog=d23be368-b70e-4d1a-afe3-0bdcf6fd1c46@group-67F92B9E78E8-SegmentedRaftLog:OPENED:c-1,f-1,i0, conf=-1: [7c89729d-205d-42d4-b264-d61f860a411d|rpc:10.1.0.32:45115|dataStream:|priority:1, d23be368-b70e-4d1a-afe3-0bdcf6fd1c46|rpc:10.1.0.32:37789|dataStream:|priority:0, 752ad5df-a7ba-47cd-a255-c78e9754ce7f|rpc:10.1.0.32:36497|dataStream:|priority:0], old=null
2021-08-02 05:52:35,933 [752ad5df-a7ba-47cd-a255-c78e9754ce7f@group-67F92B9E78E8-LeaderElection3] INFO  impl.LeaderElection (LeaderElection.java:logAndReturn(89)) - 752ad5df-a7ba-47cd-a255-c78e9754ce7f@group-67F92B9E78E8-LeaderElection3: ELECTION REJECTED received 2 response(s) and 0 exception(s):
2021-08-02 05:52:35,933 [752ad5df-a7ba-47cd-a255-c78e9754ce7f@group-67F92B9E78E8-LeaderElection3] INFO  impl.LeaderElection (LeaderElection.java:logAndReturn(93)) -   Response 0: 752ad5df-a7ba-47cd-a255-c78e9754ce7f<-7c89729d-205d-42d4-b264-d61f860a411d#0:FAIL-t1
2021-08-02 05:52:35,933 [752ad5df-a7ba-47cd-a255-c78e9754ce7f@group-67F92B9E78E8-LeaderElection3] INFO  impl.LeaderElection (LeaderElection.java:logAndReturn(93)) -   Response 1: 752ad5df-a7ba-47cd-a255-c78e9754ce7f<-d23be368-b70e-4d1a-afe3-0bdcf6fd1c46#0:OK-t1
2021-08-02 05:52:35,933 [752ad5df-a7ba-47cd-a255-c78e9754ce7f@group-67F92B9E78E8-LeaderElection3] INFO  impl.LeaderElection (LeaderElection.java:askForVotes(308)) - 752ad5df-a7ba-47cd-a255-c78e9754ce7f@group-67F92B9E78E8-LeaderElection3 ELECTION round 0: result REJECTED
2021-08-02 05:52:35,933 [752ad5df-a7ba-47cd-a255-c78e9754ce7f@group-67F92B9E78E8-LeaderElection3] INFO  server.RaftServer$Division (RaftServerImpl.java:setRole(285)) - 752ad5df-a7ba-47cd-a255-c78e9754ce7f@group-67F92B9E78E8: changes role from CANDIDATE to FOLLOWER at term 1 for REJECTED
2021-08-02 05:52:35,933 [752ad5df-a7ba-47cd-a255-c78e9754ce7f@group-67F92B9E78E8-LeaderElection3] INFO  impl.RoleInfo (RoleInfo.java:shutdownLeaderElection(121)) - 752ad5df-a7ba-47cd-a255-c78e9754ce7f: shutdown 752ad5df-a7ba-47cd-a255-c78e9754ce7f@group-67F92B9E78E8-LeaderElection3
2021-08-02 05:52:35,934 [752ad5df-a7ba-47cd-a255-c78e9754ce7f@group-67F92B9E78E8-LeaderElection3] INFO  impl.RoleInfo (RoleInfo.java:updateAndGet(130)) - 752ad5df-a7ba-47cd-a255-c78e9754ce7f: start 752ad5df-a7ba-47cd-a255-c78e9754ce7f@group-67F92B9E78E8-FollowerState
2021-08-02 05:52:36,044 [7c89729d-205d-42d4-b264-d61f860a411d@group-8F3BC002433D-FollowerState] INFO  impl.FollowerState (FollowerState.java:run(134)) - 7c89729d-205d-42d4-b264-d61f860a411d@group-8F3BC002433D-FollowerState: change to CANDIDATE, lastRpcElapsedTime:5026443380ns, electionTimeout:5020ms
2021-08-02 05:52:36,046 [7c89729d-205d-42d4-b264-d61f860a411d@group-8F3BC002433D-FollowerState] INFO  impl.RoleInfo (RoleInfo.java:shutdownFollowerState(108)) - 7c89729d-205d-42d4-b264-d61f860a411d: shutdown 7c89729d-205d-42d4-b264-d61f860a411d@group-8F3BC002433D-FollowerState
2021-08-02 05:52:36,046 [7c89729d-205d-42d4-b264-d61f860a411d@group-8F3BC002433D-FollowerState] INFO  server.RaftServer$Division (RaftServerImpl.java:setRole(285)) - 7c89729d-205d-42d4-b264-d61f860a411d@group-8F3BC002433D: changes role from  FOLLOWER to CANDIDATE at term 0 for changeToCandidate
2021-08-02 05:52:36,046 [7c89729d-205d-42d4-b264-d61f860a411d@group-8F3BC002433D-FollowerState] INFO  server.RaftServerConfigKeys (ConfUtils.java:logGet(44)) - raft.server.leaderelection.pre-vote = false (custom)
2021-08-02 05:52:36,046 [7c89729d-205d-42d4-b264-d61f860a411d@group-8F3BC002433D-FollowerState] INFO  impl.RoleInfo (RoleInfo.java:updateAndGet(130)) - 7c89729d-205d-42d4-b264-d61f860a411d: start 7c89729d-205d-42d4-b264-d61f860a411d@group-8F3BC002433D-LeaderElection4
2021-08-02 05:52:36,049 [7c89729d-205d-42d4-b264-d61f860a411d@group-8F3BC002433D-LeaderElection4] INFO  impl.LeaderElection (LeaderElection.java:askForVotes(306)) - 7c89729d-205d-42d4-b264-d61f860a411d@group-8F3BC002433D-LeaderElection4 ELECTION round 0: submit vote requests at term 1 for -1: [7c89729d-205d-42d4-b264-d61f860a411d|rpc:10.1.0.32:45115|priority:1], old=null
2021-08-02 05:52:36,049 [7c89729d-205d-42d4-b264-d61f860a411d@group-8F3BC002433D-LeaderElection4] INFO  impl.LeaderElection (LeaderElection.java:askForVotes(308)) - 7c89729d-205d-42d4-b264-d61f860a411d@group-8F3BC002433D-LeaderElection4 ELECTION round 0: result PASSED (term=1)
2021-08-02 05:52:36,049 [7c89729d-205d-42d4-b264-d61f860a411d@group-8F3BC002433D-LeaderElection4] INFO  impl.RoleInfo (RoleInfo.java:shutdownLeaderElection(121)) - 7c89729d-205d-42d4-b264-d61f860a411d: shutdown 7c89729d-205d-42d4-b264-d61f860a411d@group-8F3BC002433D-LeaderElection4
2021-08-02 05:52:36,049 [7c89729d-205d-42d4-b264-d61f860a411d@group-8F3BC002433D-LeaderElection4] INFO  server.RaftServer$Division (RaftServerImpl.java:setRole(285)) - 7c89729d-205d-42d4-b264-d61f860a411d@group-8F3BC002433D: changes role from CANDIDATE to LEADER at term 1 for changeToLeader
2021-08-02 05:52:36,049 [7c89729d-205d-42d4-b264-d61f860a411d@group-8F3BC002433D-LeaderElection4] INFO  ratis.XceiverServerRatis (XceiverServerRatis.java:handleLeaderChangedNotification(857)) - Leader change notification received for group: group-8F3BC002433D with new leaderId: 7c89729d-205d-42d4-b264-d61f860a411d
2021-08-02 05:52:36,050 [7c89729d-205d-42d4-b264-d61f860a411d@group-8F3BC002433D-LeaderElection4] INFO  server.RaftServer$Division (ServerState.java:setLeader(285)) - 7c89729d-205d-42d4-b264-d61f860a411d@group-8F3BC002433D: change Leader from null to 7c89729d-205d-42d4-b264-d61f860a411d at term 1 for becomeLeader, leader elected after 5062ms
2021-08-02 05:52:36,050 [7c89729d-205d-42d4-b264-d61f860a411d@group-8F3BC002433D-LeaderElection4] INFO  server.RaftServerConfigKeys (ConfUtils.java:logGet(44)) - raft.server.staging.catchup.gap = 1000 (default)
2021-08-02 05:52:36,050 [EventQueue-OpenPipelineForHealthyPipelineSafeModeRule] INFO  safemode.SCMSafeModeManager (HealthyPipelineSafeModeRule.java:process(124)) - SCM in safe mode. Healthy pipelines reported count is 0, required healthy pipeline reported count is 1
2021-08-02 05:52:36,050 [7c89729d-205d-42d4-b264-d61f860a411d@group-8F3BC002433D-LeaderElection4] INFO  server.RaftServerConfigKeys (ConfUtils.java:logGet(44)) - raft.server.write.element-limit = 1024 (custom)
2021-08-02 05:52:36,050 [7c89729d-205d-42d4-b264-d61f860a411d@group-8F3BC002433D-LeaderElection4] INFO  server.RaftServerConfigKeys (ConfUtils.java:logGet(44)) - raft.server.write.byte-limit = 1073741824 (custom)
2021-08-02 05:52:36,051 [7c89729d-205d-42d4-b264-d61f860a411d@group-8F3BC002433D-LeaderElection4] INFO  server.RaftServerConfigKeys (ConfUtils.java:logGet(44)) - raft.server.watch.timeout = 3000ms (custom)
2021-08-02 05:52:36,051 [7c89729d-205d-42d4-b264-d61f860a411d@group-8F3BC002433D-LeaderElection4] INFO  server.RaftServerConfigKeys (ConfUtils.java:logGet(44)) - raft.server.watch.timeout.denomination = 1s (default)
2021-08-02 05:52:36,051 [7c89729d-205d-42d4-b264-d61f860a411d@group-8F3BC002433D-LeaderElection4] INFO  server.RaftServerConfigKeys (ConfUtils.java:logGet(44)) - raft.server.watch.element-limit = 65536 (default)
2021-08-02 05:52:36,051 [7c89729d-205d-42d4-b264-d61f860a411d@group-8F3BC002433D-LeaderElection4] INFO  impl.RoleInfo (RoleInfo.java:updateAndGet(130)) - 7c89729d-205d-42d4-b264-d61f860a411d: start 7c89729d-205d-42d4-b264-d61f860a411d@group-8F3BC002433D-LeaderStateImpl
2021-08-02 05:52:36,051 [7c89729d-205d-42d4-b264-d61f860a411d@group-8F3BC002433D-LeaderElection4] INFO  segmented.SegmentedRaftLogWorker (SegmentedRaftLogWorker.java:startLogSegment(394)) - 7c89729d-205d-42d4-b264-d61f860a411d@group-8F3BC002433D-SegmentedRaftLogWorker: Starting segment from index:0
2021-08-02 05:52:36,052 [7c89729d-205d-42d4-b264-d61f860a411d@group-8F3BC002433D-SegmentedRaftLogWorker] INFO  segmented.SegmentedRaftLogWorker (SegmentedRaftLogWorker.java:execute(601)) - 7c89729d-205d-42d4-b264-d61f860a411d@group-8F3BC002433D-SegmentedRaftLogWorker: created new log segment /home/runner/work/ozone/ozone/mnt/ozone/hadoop-ozone/integration-test/target/test-dir/MiniOzoneClusterImpl-4f335ae8-e577-43f0-9715-84c03d5ccb1a/datanode-1/data/ratis/4472f2bd-9b5d-4636-a791-8f3bc002433d/current/log_inprogress_0
2021-08-02 05:52:36,054 [7c89729d-205d-42d4-b264-d61f860a411d@group-8F3BC002433D-LeaderElection4] INFO  server.RaftServer$Division (ServerState.java:setRaftConf(387)) - 7c89729d-205d-42d4-b264-d61f860a411d@group-8F3BC002433D: set configuration 0: [7c89729d-205d-42d4-b264-d61f860a411d|rpc:10.1.0.32:45115|dataStream:|priority:1], old=null
2021-08-02 05:52:36,277 [d23be368-b70e-4d1a-afe3-0bdcf6fd1c46@group-39348F835775-FollowerState] INFO  impl.FollowerState (FollowerState.java:run(134)) - d23be368-b70e-4d1a-afe3-0bdcf6fd1c46@group-39348F835775-FollowerState: change to CANDIDATE, lastRpcElapsedTime:5083027899ns, electionTimeout:5082ms
2021-08-02 05:52:36,278 [d23be368-b70e-4d1a-afe3-0bdcf6fd1c46@group-39348F835775-FollowerState] INFO  impl.RoleInfo (RoleInfo.java:shutdownFollowerState(108)) - d23be368-b70e-4d1a-afe3-0bdcf6fd1c46: shutdown d23be368-b70e-4d1a-afe3-0bdcf6fd1c46@group-39348F835775-FollowerState
2021-08-02 05:52:36,278 [d23be368-b70e-4d1a-afe3-0bdcf6fd1c46@group-39348F835775-FollowerState] INFO  server.RaftServer$Division (RaftServerImpl.java:setRole(285)) - d23be368-b70e-4d1a-afe3-0bdcf6fd1c46@group-39348F835775: changes role from  FOLLOWER to CANDIDATE at term 0 for changeToCandidate
2021-08-02 05:52:36,279 [d23be368-b70e-4d1a-afe3-0bdcf6fd1c46@group-39348F835775-FollowerState] INFO  server.RaftServerConfigKeys (ConfUtils.java:logGet(44)) - raft.server.leaderelection.pre-vote = false (custom)
2021-08-02 05:52:36,279 [d23be368-b70e-4d1a-afe3-0bdcf6fd1c46@group-39348F835775-FollowerState] INFO  impl.RoleInfo (RoleInfo.java:updateAndGet(130)) - d23be368-b70e-4d1a-afe3-0bdcf6fd1c46: start d23be368-b70e-4d1a-afe3-0bdcf6fd1c46@group-39348F835775-LeaderElection5
2021-08-02 05:52:36,281 [d23be368-b70e-4d1a-afe3-0bdcf6fd1c46@group-39348F835775-LeaderElection5] INFO  impl.LeaderElection (LeaderElection.java:askForVotes(306)) - d23be368-b70e-4d1a-afe3-0bdcf6fd1c46@group-39348F835775-LeaderElection5 ELECTION round 0: submit vote requests at term 1 for -1: [d23be368-b70e-4d1a-afe3-0bdcf6fd1c46|rpc:10.1.0.32:37789|priority:1], old=null
2021-08-02 05:52:36,281 [d23be368-b70e-4d1a-afe3-0bdcf6fd1c46@group-39348F835775-LeaderElection5] INFO  impl.LeaderElection (LeaderElection.java:askForVotes(308)) - d23be368-b70e-4d1a-afe3-0bdcf6fd1c46@group-39348F835775-LeaderElection5 ELECTION round 0: result PASSED (term=1)
2021-08-02 05:52:36,281 [d23be368-b70e-4d1a-afe3-0bdcf6fd1c46@group-39348F835775-LeaderElection5] INFO  impl.RoleInfo (RoleInfo.java:shutdownLeaderElection(121)) - d23be368-b70e-4d1a-afe3-0bdcf6fd1c46: shutdown d23be368-b70e-4d1a-afe3-0bdcf6fd1c46@group-39348F835775-LeaderElection5
2021-08-02 05:52:36,281 [d23be368-b70e-4d1a-afe3-0bdcf6fd1c46@group-39348F835775-LeaderElection5] INFO  server.RaftServer$Division (RaftServerImpl.java:setRole(285)) - d23be368-b70e-4d1a-afe3-0bdcf6fd1c46@group-39348F835775: changes role from CANDIDATE to LEADER at term 1 for changeToLeader
2021-08-02 05:52:36,282 [d23be368-b70e-4d1a-afe3-0bdcf6fd1c46@group-39348F835775-LeaderElection5] INFO  ratis.XceiverServerRatis (XceiverServerRatis.java:handleLeaderChangedNotification(857)) - Leader change notification received for group: group-39348F835775 with new leaderId: d23be368-b70e-4d1a-afe3-0bdcf6fd1c46
2021-08-02 05:52:36,282 [d23be368-b70e-4d1a-afe3-0bdcf6fd1c46@group-39348F835775-LeaderElection5] INFO  server.RaftServer$Division (ServerState.java:setLeader(285)) - d23be368-b70e-4d1a-afe3-0bdcf6fd1c46@group-39348F835775: change Leader from null to d23be368-b70e-4d1a-afe3-0bdcf6fd1c46 at term 1 for becomeLeader, leader elected after 5100ms
2021-08-02 05:52:36,282 [d23be368-b70e-4d1a-afe3-0bdcf6fd1c46@group-39348F835775-LeaderElection5] INFO  server.RaftServerConfigKeys (ConfUtils.java:logGet(44)) - raft.server.staging.catchup.gap = 1000 (default)
2021-08-02 05:52:36,282 [Datanode State Machine Thread - 0] WARN  statemachine.StateContext (StateContext.java:execute(621)) - No available thread in pool for past 1 seconds.
2021-08-02 05:52:36,282 [d23be368-b70e-4d1a-afe3-0bdcf6fd1c46@group-39348F835775-LeaderElection5] INFO  server.RaftServerConfigKeys (ConfUtils.java:logGet(44)) - raft.server.write.element-limit = 1024 (custom)
2021-08-02 05:52:36,282 [d23be368-b70e-4d1a-afe3-0bdcf6fd1c46@group-39348F835775-LeaderElection5] INFO  server.RaftServerConfigKeys (ConfUtils.java:logGet(44)) - raft.server.write.byte-limit = 1073741824 (custom)
2021-08-02 05:52:36,283 [EventQueue-OpenPipelineForHealthyPipelineSafeModeRule] INFO  safemode.SCMSafeModeManager (HealthyPipelineSafeModeRule.java:process(124)) - SCM in safe mode. Healthy pipelines reported count is 0, required healthy pipeline reported count is 1
2021-08-02 05:52:36,284 [d23be368-b70e-4d1a-afe3-0bdcf6fd1c46@group-39348F835775-LeaderElection5] INFO  server.RaftServerConfigKeys (ConfUtils.java:logGet(44)) - raft.server.watch.timeout = 3000ms (custom)
2021-08-02 05:52:36,284 [d23be368-b70e-4d1a-afe3-0bdcf6fd1c46@group-39348F835775-LeaderElection5] INFO  server.RaftServerConfigKeys (ConfUtils.java:logGet(44)) - raft.server.watch.timeout.denomination = 1s (default)
2021-08-02 05:52:36,284 [d23be368-b70e-4d1a-afe3-0bdcf6fd1c46@group-39348F835775-LeaderElection5] INFO  server.RaftServerConfigKeys (ConfUtils.java:logGet(44)) - raft.server.watch.element-limit = 65536 (default)
2021-08-02 05:52:36,284 [d23be368-b70e-4d1a-afe3-0bdcf6fd1c46@group-39348F835775-LeaderElection5] INFO  impl.RoleInfo (RoleInfo.java:updateAndGet(130)) - d23be368-b70e-4d1a-afe3-0bdcf6fd1c46: start d23be368-b70e-4d1a-afe3-0bdcf6fd1c46@group-39348F835775-LeaderStateImpl
2021-08-02 05:52:36,284 [d23be368-b70e-4d1a-afe3-0bdcf6fd1c46@group-39348F835775-LeaderElection5] INFO  segmented.SegmentedRaftLogWorker (SegmentedRaftLogWorker.java:startLogSegment(394)) - d23be368-b70e-4d1a-afe3-0bdcf6fd1c46@group-39348F835775-SegmentedRaftLogWorker: Starting segment from index:0
2021-08-02 05:52:36,285 [d23be368-b70e-4d1a-afe3-0bdcf6fd1c46@group-39348F835775-LeaderElection5] INFO  server.RaftServer$Division (ServerState.java:setRaftConf(387)) - d23be368-b70e-4d1a-afe3-0bdcf6fd1c46@group-39348F835775: set configuration 0: [d23be368-b70e-4d1a-afe3-0bdcf6fd1c46|rpc:10.1.0.32:37789|dataStream:|priority:1], old=null
2021-08-02 05:52:36,286 [d23be368-b70e-4d1a-afe3-0bdcf6fd1c46@group-39348F835775-SegmentedRaftLogWorker] INFO  segmented.SegmentedRaftLogWorker (SegmentedRaftLogWorker.java:execute(601)) - d23be368-b70e-4d1a-afe3-0bdcf6fd1c46@group-39348F835775-SegmentedRaftLogWorker: created new log segment /home/runner/work/ozone/ozone/mnt/ozone/hadoop-ozone/integration-test/target/test-dir/MiniOzoneClusterImpl-4f335ae8-e577-43f0-9715-84c03d5ccb1a/datanode-2/data/ratis/90e41eba-2b82-4f8f-b312-39348f835775/current/log_inprogress_0
2021-08-02 05:52:36,481 [Listener at 127.0.0.1/35629] INFO  ozone.MiniOzoneClusterImpl (MiniOzoneClusterImpl.java:lambda$waitForClusterToBeReady$0(235)) - Nodes are ready. Got 9 of 9 DN Heartbeats.
2021-08-02 05:52:36,481 [Listener at 127.0.0.1/35629] INFO  ozone.MiniOzoneClusterImpl (MiniOzoneClusterImpl.java:lambda$waitForClusterToBeReady$0(238)) - Waiting for cluster to exit safe mode
2021-08-02 05:52:36,481 [Listener at 127.0.0.1/35629] INFO  ozone.MiniOzoneClusterImpl (MiniOzoneClusterImpl.java:lambda$waitForClusterToBeReady$0(240)) - SCM became leader
2021-08-02 05:52:36,663 [38187496-3904-43e8-b49b-0f08099c5d11@group-509FF8D45528-FollowerState] INFO  impl.FollowerState (FollowerState.java:run(134)) - 38187496-3904-43e8-b49b-0f08099c5d11@group-509FF8D45528-FollowerState: change to CANDIDATE, lastRpcElapsedTime:5018262387ns, electionTimeout:5016ms
2021-08-02 05:52:36,664 [38187496-3904-43e8-b49b-0f08099c5d11@group-509FF8D45528-FollowerState] INFO  impl.RoleInfo (RoleInfo.java:shutdownFollowerState(108)) - 38187496-3904-43e8-b49b-0f08099c5d11: shutdown 38187496-3904-43e8-b49b-0f08099c5d11@group-509FF8D45528-FollowerState
2021-08-02 05:52:36,664 [38187496-3904-43e8-b49b-0f08099c5d11@group-509FF8D45528-FollowerState] INFO  server.RaftServer$Division (RaftServerImpl.java:setRole(285)) - 38187496-3904-43e8-b49b-0f08099c5d11@group-509FF8D45528: changes role from  FOLLOWER to CANDIDATE at term 0 for changeToCandidate
2021-08-02 05:52:36,665 [38187496-3904-43e8-b49b-0f08099c5d11@group-509FF8D45528-FollowerState] INFO  server.RaftServerConfigKeys (ConfUtils.java:logGet(44)) - raft.server.leaderelection.pre-vote = false (custom)
2021-08-02 05:52:36,665 [38187496-3904-43e8-b49b-0f08099c5d11@group-509FF8D45528-FollowerState] INFO  impl.RoleInfo (RoleInfo.java:updateAndGet(130)) - 38187496-3904-43e8-b49b-0f08099c5d11: start 38187496-3904-43e8-b49b-0f08099c5d11@group-509FF8D45528-LeaderElection6
2021-08-02 05:52:36,667 [38187496-3904-43e8-b49b-0f08099c5d11@group-509FF8D45528-LeaderElection6] INFO  impl.LeaderElection (LeaderElection.java:askForVotes(306)) - 38187496-3904-43e8-b49b-0f08099c5d11@group-509FF8D45528-LeaderElection6 ELECTION round 0: submit vote requests at term 1 for -1: [013291a6-5e4a-44b3-a8d9-818cf48fb66e|rpc:10.1.0.32:46845|priority:0, 38187496-3904-43e8-b49b-0f08099c5d11|rpc:10.1.0.32:42039|priority:0, fcafdf01-72b7-43de-af91-2233768a6b5f|rpc:10.1.0.32:37819|priority:1], old=null
2021-08-02 05:52:36,678 [grpc-default-executor-1] INFO  server.RaftServer$Division (RaftServerImpl.java:requestVote(1043)) - fcafdf01-72b7-43de-af91-2233768a6b5f@group-509FF8D45528: receive requestVote(ELECTION, 38187496-3904-43e8-b49b-0f08099c5d11, group-509FF8D45528, 1, (t:0, i:0))
2021-08-02 05:52:36,678 [grpc-default-executor-1] INFO  impl.VoteContext (VoteContext.java:log(48)) - fcafdf01-72b7-43de-af91-2233768a6b5f@group-509FF8D45528-FOLLOWER: reject ELECTION from 38187496-3904-43e8-b49b-0f08099c5d11: our priority 1 > candidate's priority 0
2021-08-02 05:52:36,678 [grpc-default-executor-1] INFO  server.RaftServer$Division (RaftServerImpl.java:setRole(285)) - fcafdf01-72b7-43de-af91-2233768a6b5f@group-509FF8D45528: changes role from  FOLLOWER to FOLLOWER at term 1 for candidate:38187496-3904-43e8-b49b-0f08099c5d11
2021-08-02 05:52:36,678 [grpc-default-executor-1] INFO  impl.RoleInfo (RoleInfo.java:shutdownFollowerState(108)) - fcafdf01-72b7-43de-af91-2233768a6b5f: shutdown fcafdf01-72b7-43de-af91-2233768a6b5f@group-509FF8D45528-FollowerState
2021-08-02 05:52:36,678 [grpc-default-executor-1] INFO  impl.RoleInfo (RoleInfo.java:updateAndGet(130)) - fcafdf01-72b7-43de-af91-2233768a6b5f: start fcafdf01-72b7-43de-af91-2233768a6b5f@group-509FF8D45528-FollowerState
2021-08-02 05:52:36,679 [fcafdf01-72b7-43de-af91-2233768a6b5f@group-509FF8D45528-FollowerState] INFO  impl.FollowerState (FollowerState.java:run(143)) - fcafdf01-72b7-43de-af91-2233768a6b5f@group-509FF8D45528-FollowerState was interrupted: {}
java.lang.InterruptedException: sleep interrupted
	at java.lang.Thread.sleep(Native Method)
	at java.lang.Thread.sleep(Thread.java:340)
	at java.util.concurrent.TimeUnit.sleep(TimeUnit.java:386)
	at org.apache.ratis.util.TimeDuration.sleep(TimeDuration.java:324)
	at org.apache.ratis.util.TimeDuration.sleep(TimeDuration.java:309)
	at org.apache.ratis.server.impl.FollowerState.run(FollowerState.java:118)
2021-08-02 05:52:36,681 [grpc-default-executor-1] INFO  server.RaftServer$Division (RaftServerImpl.java:requestVote(1075)) - fcafdf01-72b7-43de-af91-2233768a6b5f@group-509FF8D45528 replies to ELECTION vote request: 38187496-3904-43e8-b49b-0f08099c5d11<-fcafdf01-72b7-43de-af91-2233768a6b5f#0:FAIL-t1. Peer's state: fcafdf01-72b7-43de-af91-2233768a6b5f@group-509FF8D45528:t1, leader=null, voted=null, raftlog=fcafdf01-72b7-43de-af91-2233768a6b5f@group-509FF8D45528-SegmentedRaftLog:OPENED:c-1,f-1,i0, conf=-1: [013291a6-5e4a-44b3-a8d9-818cf48fb66e|rpc:10.1.0.32:46845|dataStream:|priority:0, 38187496-3904-43e8-b49b-0f08099c5d11|rpc:10.1.0.32:42039|dataStream:|priority:0, fcafdf01-72b7-43de-af91-2233768a6b5f|rpc:10.1.0.32:37819|dataStream:|priority:1], old=null
2021-08-02 05:52:36,689 [grpc-default-executor-1] INFO  server.RaftServer$Division (RaftServerImpl.java:requestVote(1043)) - 013291a6-5e4a-44b3-a8d9-818cf48fb66e@group-509FF8D45528: receive requestVote(ELECTION, 38187496-3904-43e8-b49b-0f08099c5d11, group-509FF8D45528, 1, (t:0, i:0))
2021-08-02 05:52:36,689 [grpc-default-executor-1] INFO  impl.VoteContext (VoteContext.java:log(48)) - 013291a6-5e4a-44b3-a8d9-818cf48fb66e@group-509FF8D45528-FOLLOWER: accept ELECTION from 38187496-3904-43e8-b49b-0f08099c5d11: our priority 0 <= candidate's priority 0
2021-08-02 05:52:36,689 [grpc-default-executor-1] INFO  server.RaftServer$Division (RaftServerImpl.java:setRole(285)) - 013291a6-5e4a-44b3-a8d9-818cf48fb66e@group-509FF8D45528: changes role from  FOLLOWER to FOLLOWER at term 1 for candidate:38187496-3904-43e8-b49b-0f08099c5d11
2021-08-02 05:52:36,689 [grpc-default-executor-1] INFO  impl.RoleInfo (RoleInfo.java:shutdownFollowerState(108)) - 013291a6-5e4a-44b3-a8d9-818cf48fb66e: shutdown 013291a6-5e4a-44b3-a8d9-818cf48fb66e@group-509FF8D45528-FollowerState
2021-08-02 05:52:36,689 [grpc-default-executor-1] INFO  impl.RoleInfo (RoleInfo.java:updateAndGet(130)) - 013291a6-5e4a-44b3-a8d9-818cf48fb66e: start 013291a6-5e4a-44b3-a8d9-818cf48fb66e@group-509FF8D45528-FollowerState
2021-08-02 05:52:36,689 [013291a6-5e4a-44b3-a8d9-818cf48fb66e@group-509FF8D45528-FollowerState] INFO  impl.FollowerState (FollowerState.java:run(143)) - 013291a6-5e4a-44b3-a8d9-818cf48fb66e@group-509FF8D45528-FollowerState was interrupted: {}
java.lang.InterruptedException: sleep interrupted
	at java.lang.Thread.sleep(Native Method)
	at java.lang.Thread.sleep(Thread.java:340)
	at java.util.concurrent.TimeUnit.sleep(TimeUnit.java:386)
	at org.apache.ratis.util.TimeDuration.sleep(TimeDuration.java:324)
	at org.apache.ratis.util.TimeDuration.sleep(TimeDuration.java:309)
	at org.apache.ratis.server.impl.FollowerState.run(FollowerState.java:118)
2021-08-02 05:52:36,690 [38187496-3904-43e8-b49b-0f08099c5d11@group-509FF8D45528-LeaderElection6] INFO  impl.LeaderElection (LeaderElection.java:logAndReturn(89)) - 38187496-3904-43e8-b49b-0f08099c5d11@group-509FF8D45528-LeaderElection6: ELECTION REJECTED received 1 response(s) and 0 exception(s):
2021-08-02 05:52:36,690 [38187496-3904-43e8-b49b-0f08099c5d11@group-509FF8D45528-LeaderElection6] INFO  impl.LeaderElection (LeaderElection.java:logAndReturn(93)) -   Response 0: 38187496-3904-43e8-b49b-0f08099c5d11<-fcafdf01-72b7-43de-af91-2233768a6b5f#0:FAIL-t1
2021-08-02 05:52:36,691 [38187496-3904-43e8-b49b-0f08099c5d11@group-509FF8D45528-LeaderElection6] INFO  impl.LeaderElection (LeaderElection.java:askForVotes(308)) - 38187496-3904-43e8-b49b-0f08099c5d11@group-509FF8D45528-LeaderElection6 ELECTION round 0: result REJECTED
2021-08-02 05:52:36,691 [38187496-3904-43e8-b49b-0f08099c5d11@group-509FF8D45528-LeaderElection6] INFO  server.RaftServer$Division (RaftServerImpl.java:setRole(285)) - 38187496-3904-43e8-b49b-0f08099c5d11@group-509FF8D45528: changes role from CANDIDATE to FOLLOWER at term 1 for REJECTED
2021-08-02 05:52:36,691 [38187496-3904-43e8-b49b-0f08099c5d11@group-509FF8D45528-LeaderElection6] INFO  impl.RoleInfo (RoleInfo.java:shutdownLeaderElection(121)) - 38187496-3904-43e8-b49b-0f08099c5d11: shutdown 38187496-3904-43e8-b49b-0f08099c5d11@group-509FF8D45528-LeaderElection6
2021-08-02 05:52:36,691 [38187496-3904-43e8-b49b-0f08099c5d11@group-509FF8D45528-LeaderElection6] INFO  impl.RoleInfo (RoleInfo.java:updateAndGet(130)) - 38187496-3904-43e8-b49b-0f08099c5d11: start 38187496-3904-43e8-b49b-0f08099c5d11@group-509FF8D45528-FollowerState
2021-08-02 05:52:36,691 [grpc-default-executor-1] INFO  server.RaftServer$Division (RaftServerImpl.java:requestVote(1075)) - 013291a6-5e4a-44b3-a8d9-818cf48fb66e@group-509FF8D45528 replies to ELECTION vote request: 38187496-3904-43e8-b49b-0f08099c5d11<-013291a6-5e4a-44b3-a8d9-818cf48fb66e#0:OK-t1. Peer's state: 013291a6-5e4a-44b3-a8d9-818cf48fb66e@group-509FF8D45528:t1, leader=null, voted=38187496-3904-43e8-b49b-0f08099c5d11, raftlog=013291a6-5e4a-44b3-a8d9-818cf48fb66e@group-509FF8D45528-SegmentedRaftLog:OPENED:c-1,f-1,i0, conf=-1: [013291a6-5e4a-44b3-a8d9-818cf48fb66e|rpc:10.1.0.32:46845|dataStream:|priority:0, 38187496-3904-43e8-b49b-0f08099c5d11|rpc:10.1.0.32:42039|dataStream:|priority:0, fcafdf01-72b7-43de-af91-2233768a6b5f|rpc:10.1.0.32:37819|dataStream:|priority:1], old=null
2021-08-02 05:52:36,780 [38187496-3904-43e8-b49b-0f08099c5d11@group-AF506D060399-FollowerState] INFO  impl.FollowerState (FollowerState.java:run(134)) - 38187496-3904-43e8-b49b-0f08099c5d11@group-AF506D060399-FollowerState: change to CANDIDATE, lastRpcElapsedTime:5154975885ns, electionTimeout:5152ms
2021-08-02 05:52:36,780 [38187496-3904-43e8-b49b-0f08099c5d11@group-AF506D060399-FollowerState] INFO  impl.RoleInfo (RoleInfo.java:shutdownFollowerState(108)) - 38187496-3904-43e8-b49b-0f08099c5d11: shutdown 38187496-3904-43e8-b49b-0f08099c5d11@group-AF506D060399-FollowerState
2021-08-02 05:52:36,781 [38187496-3904-43e8-b49b-0f08099c5d11@group-AF506D060399-FollowerState] INFO  server.RaftServer$Division (RaftServerImpl.java:setRole(285)) - 38187496-3904-43e8-b49b-0f08099c5d11@group-AF506D060399: changes role from  FOLLOWER to CANDIDATE at term 0 for changeToCandidate
2021-08-02 05:52:36,781 [38187496-3904-43e8-b49b-0f08099c5d11@group-AF506D060399-FollowerState] INFO  server.RaftServerConfigKeys (ConfUtils.java:logGet(44)) - raft.server.leaderelection.pre-vote = false (custom)
2021-08-02 05:52:36,781 [38187496-3904-43e8-b49b-0f08099c5d11@group-AF506D060399-FollowerState] INFO  impl.RoleInfo (RoleInfo.java:updateAndGet(130)) - 38187496-3904-43e8-b49b-0f08099c5d11: start 38187496-3904-43e8-b49b-0f08099c5d11@group-AF506D060399-LeaderElection7
2021-08-02 05:52:36,784 [38187496-3904-43e8-b49b-0f08099c5d11@group-AF506D060399-LeaderElection7] INFO  impl.LeaderElection (LeaderElection.java:askForVotes(306)) - 38187496-3904-43e8-b49b-0f08099c5d11@group-AF506D060399-LeaderElection7 ELECTION round 0: submit vote requests at term 1 for -1: [38187496-3904-43e8-b49b-0f08099c5d11|rpc:10.1.0.32:42039|priority:1], old=null
2021-08-02 05:52:36,785 [38187496-3904-43e8-b49b-0f08099c5d11@group-AF506D060399-LeaderElection7] INFO  impl.LeaderElection (LeaderElection.java:askForVotes(308)) - 38187496-3904-43e8-b49b-0f08099c5d11@group-AF506D060399-LeaderElection7 ELECTION round 0: result PASSED (term=1)
2021-08-02 05:52:36,785 [38187496-3904-43e8-b49b-0f08099c5d11@group-AF506D060399-LeaderElection7] INFO  impl.RoleInfo (RoleInfo.java:shutdownLeaderElection(121)) - 38187496-3904-43e8-b49b-0f08099c5d11: shutdown 38187496-3904-43e8-b49b-0f08099c5d11@group-AF506D060399-LeaderElection7
2021-08-02 05:52:36,785 [38187496-3904-43e8-b49b-0f08099c5d11@group-AF506D060399-LeaderElection7] INFO  server.RaftServer$Division (RaftServerImpl.java:setRole(285)) - 38187496-3904-43e8-b49b-0f08099c5d11@group-AF506D060399: changes role from CANDIDATE to LEADER at term 1 for changeToLeader
2021-08-02 05:52:36,785 [38187496-3904-43e8-b49b-0f08099c5d11@group-AF506D060399-LeaderElection7] INFO  ratis.XceiverServerRatis (XceiverServerRatis.java:handleLeaderChangedNotification(857)) - Leader change notification received for group: group-AF506D060399 with new leaderId: 38187496-3904-43e8-b49b-0f08099c5d11
2021-08-02 05:52:36,785 [38187496-3904-43e8-b49b-0f08099c5d11@group-AF506D060399-LeaderElection7] INFO  server.RaftServer$Division (ServerState.java:setLeader(285)) - 38187496-3904-43e8-b49b-0f08099c5d11@group-AF506D060399: change Leader from null to 38187496-3904-43e8-b49b-0f08099c5d11 at term 1 for becomeLeader, leader elected after 5170ms
2021-08-02 05:52:36,785 [38187496-3904-43e8-b49b-0f08099c5d11@group-AF506D060399-LeaderElection7] INFO  server.RaftServerConfigKeys (ConfUtils.java:logGet(44)) - raft.server.staging.catchup.gap = 1000 (default)
2021-08-02 05:52:36,786 [Datanode State Machine Thread - 0] WARN  statemachine.StateContext (StateContext.java:execute(621)) - No available thread in pool for past 1 seconds.
2021-08-02 05:52:36,786 [38187496-3904-43e8-b49b-0f08099c5d11@group-AF506D060399-LeaderElection7] INFO  server.RaftServerConfigKeys (ConfUtils.java:logGet(44)) - raft.server.write.element-limit = 1024 (custom)
2021-08-02 05:52:36,786 [38187496-3904-43e8-b49b-0f08099c5d11@group-AF506D060399-LeaderElection7] INFO  server.RaftServerConfigKeys (ConfUtils.java:logGet(44)) - raft.server.write.byte-limit = 1073741824 (custom)
2021-08-02 05:52:36,786 [38187496-3904-43e8-b49b-0f08099c5d11@group-AF506D060399-LeaderElection7] INFO  server.RaftServerConfigKeys (ConfUtils.java:logGet(44)) - raft.server.watch.timeout = 3000ms (custom)
2021-08-02 05:52:36,786 [38187496-3904-43e8-b49b-0f08099c5d11@group-AF506D060399-LeaderElection7] INFO  server.RaftServerConfigKeys (ConfUtils.java:logGet(44)) - raft.server.watch.timeout.denomination = 1s (default)
2021-08-02 05:52:36,786 [38187496-3904-43e8-b49b-0f08099c5d11@group-AF506D060399-LeaderElection7] INFO  server.RaftServerConfigKeys (ConfUtils.java:logGet(44)) - raft.server.watch.element-limit = 65536 (default)
2021-08-02 05:52:36,786 [38187496-3904-43e8-b49b-0f08099c5d11@group-AF506D060399-LeaderElection7] INFO  impl.RoleInfo (RoleInfo.java:updateAndGet(130)) - 38187496-3904-43e8-b49b-0f08099c5d11: start 38187496-3904-43e8-b49b-0f08099c5d11@group-AF506D060399-LeaderStateImpl
2021-08-02 05:52:36,786 [38187496-3904-43e8-b49b-0f08099c5d11@group-AF506D060399-LeaderElection7] INFO  segmented.SegmentedRaftLogWorker (SegmentedRaftLogWorker.java:startLogSegment(394)) - 38187496-3904-43e8-b49b-0f08099c5d11@group-AF506D060399-SegmentedRaftLogWorker: Starting segment from index:0
2021-08-02 05:52:36,787 [EventQueue-OpenPipelineForHealthyPipelineSafeModeRule] INFO  safemode.SCMSafeModeManager (HealthyPipelineSafeModeRule.java:process(124)) - SCM in safe mode. Healthy pipelines reported count is 0, required healthy pipeline reported count is 1
2021-08-02 05:52:36,789 [38187496-3904-43e8-b49b-0f08099c5d11@group-AF506D060399-SegmentedRaftLogWorker] INFO  segmented.SegmentedRaftLogWorker (SegmentedRaftLogWorker.java:execute(601)) - 38187496-3904-43e8-b49b-0f08099c5d11@group-AF506D060399-SegmentedRaftLogWorker: created new log segment /home/runner/work/ozone/ozone/mnt/ozone/hadoop-ozone/integration-test/target/test-dir/MiniOzoneClusterImpl-4f335ae8-e577-43f0-9715-84c03d5ccb1a/datanode-3/data/ratis/07c7f945-662c-4671-b57f-af506d060399/current/log_inprogress_0
2021-08-02 05:52:36,789 [38187496-3904-43e8-b49b-0f08099c5d11@group-AF506D060399-LeaderElection7] INFO  server.RaftServer$Division (ServerState.java:setRaftConf(387)) - 38187496-3904-43e8-b49b-0f08099c5d11@group-AF506D060399: set configuration 0: [38187496-3904-43e8-b49b-0f08099c5d11|rpc:10.1.0.32:42039|dataStream:|priority:1], old=null
2021-08-02 05:52:36,918 [013291a6-5e4a-44b3-a8d9-818cf48fb66e@group-CFFBAD837D27-FollowerState] INFO  impl.FollowerState (FollowerState.java:run(134)) - 013291a6-5e4a-44b3-a8d9-818cf48fb66e@group-CFFBAD837D27-FollowerState: change to CANDIDATE, lastRpcElapsedTime:5094571322ns, electionTimeout:5081ms
2021-08-02 05:52:36,919 [013291a6-5e4a-44b3-a8d9-818cf48fb66e@group-CFFBAD837D27-FollowerState] INFO  impl.RoleInfo (RoleInfo.java:shutdownFollowerState(108)) - 013291a6-5e4a-44b3-a8d9-818cf48fb66e: shutdown 013291a6-5e4a-44b3-a8d9-818cf48fb66e@group-CFFBAD837D27-FollowerState
2021-08-02 05:52:36,919 [013291a6-5e4a-44b3-a8d9-818cf48fb66e@group-CFFBAD837D27-FollowerState] INFO  server.RaftServer$Division (RaftServerImpl.java:setRole(285)) - 013291a6-5e4a-44b3-a8d9-818cf48fb66e@group-CFFBAD837D27: changes role from  FOLLOWER to CANDIDATE at term 0 for changeToCandidate
2021-08-02 05:52:36,920 [013291a6-5e4a-44b3-a8d9-818cf48fb66e@group-CFFBAD837D27-FollowerState] INFO  server.RaftServerConfigKeys (ConfUtils.java:logGet(44)) - raft.server.leaderelection.pre-vote = false (custom)
2021-08-02 05:52:36,920 [013291a6-5e4a-44b3-a8d9-818cf48fb66e@group-CFFBAD837D27-FollowerState] INFO  impl.RoleInfo (RoleInfo.java:updateAndGet(130)) - 013291a6-5e4a-44b3-a8d9-818cf48fb66e: start 013291a6-5e4a-44b3-a8d9-818cf48fb66e@group-CFFBAD837D27-LeaderElection8
2021-08-02 05:52:36,931 [013291a6-5e4a-44b3-a8d9-818cf48fb66e@group-CFFBAD837D27-LeaderElection8] INFO  impl.LeaderElection (LeaderElection.java:askForVotes(306)) - 013291a6-5e4a-44b3-a8d9-818cf48fb66e@group-CFFBAD837D27-LeaderElection8 ELECTION round 0: submit vote requests at term 1 for -1: [013291a6-5e4a-44b3-a8d9-818cf48fb66e|rpc:10.1.0.32:46845|priority:1], old=null
2021-08-02 05:52:36,931 [013291a6-5e4a-44b3-a8d9-818cf48fb66e@group-CFFBAD837D27-LeaderElection8] INFO  impl.LeaderElection (LeaderElection.java:askForVotes(308)) - 013291a6-5e4a-44b3-a8d9-818cf48fb66e@group-CFFBAD837D27-LeaderElection8 ELECTION round 0: result PASSED (term=1)
2021-08-02 05:52:36,931 [013291a6-5e4a-44b3-a8d9-818cf48fb66e@group-CFFBAD837D27-LeaderElection8] INFO  impl.RoleInfo (RoleInfo.java:shutdownLeaderElection(121)) - 013291a6-5e4a-44b3-a8d9-818cf48fb66e: shutdown 013291a6-5e4a-44b3-a8d9-818cf48fb66e@group-CFFBAD837D27-LeaderElection8
2021-08-02 05:52:36,931 [013291a6-5e4a-44b3-a8d9-818cf48fb66e@group-CFFBAD837D27-LeaderElection8] INFO  server.RaftServer$Division (RaftServerImpl.java:setRole(285)) - 013291a6-5e4a-44b3-a8d9-818cf48fb66e@group-CFFBAD837D27: changes role from CANDIDATE to LEADER at term 1 for changeToLeader
2021-08-02 05:52:36,931 [013291a6-5e4a-44b3-a8d9-818cf48fb66e@group-CFFBAD837D27-LeaderElection8] INFO  ratis.XceiverServerRatis (XceiverServerRatis.java:handleLeaderChangedNotification(857)) - Leader change notification received for group: group-CFFBAD837D27 with new leaderId: 013291a6-5e4a-44b3-a8d9-818cf48fb66e
2021-08-02 05:52:36,931 [013291a6-5e4a-44b3-a8d9-818cf48fb66e@group-CFFBAD837D27-LeaderElection8] INFO  server.RaftServer$Division (ServerState.java:setLeader(285)) - 013291a6-5e4a-44b3-a8d9-818cf48fb66e@group-CFFBAD837D27: change Leader from null to 013291a6-5e4a-44b3-a8d9-818cf48fb66e at term 1 for becomeLeader, leader elected after 5113ms
2021-08-02 05:52:36,931 [013291a6-5e4a-44b3-a8d9-818cf48fb66e@group-CFFBAD837D27-LeaderElection8] INFO  server.RaftServerConfigKeys (ConfUtils.java:logGet(44)) - raft.server.staging.catchup.gap = 1000 (default)
2021-08-02 05:52:36,931 [013291a6-5e4a-44b3-a8d9-818cf48fb66e@group-CFFBAD837D27-LeaderElection8] INFO  server.RaftServerConfigKeys (ConfUtils.java:logGet(44)) - raft.server.write.element-limit = 1024 (custom)
2021-08-02 05:52:36,932 [013291a6-5e4a-44b3-a8d9-818cf48fb66e@group-CFFBAD837D27-LeaderElection8] INFO  server.RaftServerConfigKeys (ConfUtils.java:logGet(44)) - raft.server.write.byte-limit = 1073741824 (custom)
2021-08-02 05:52:36,932 [013291a6-5e4a-44b3-a8d9-818cf48fb66e@group-CFFBAD837D27-LeaderElection8] INFO  server.RaftServerConfigKeys (ConfUtils.java:logGet(44)) - raft.server.watch.timeout = 3000ms (custom)
2021-08-02 05:52:36,932 [013291a6-5e4a-44b3-a8d9-818cf48fb66e@group-CFFBAD837D27-LeaderElection8] INFO  server.RaftServerConfigKeys (ConfUtils.java:logGet(44)) - raft.server.watch.timeout.denomination = 1s (default)
2021-08-02 05:52:36,932 [013291a6-5e4a-44b3-a8d9-818cf48fb66e@group-CFFBAD837D27-LeaderElection8] INFO  server.RaftServerConfigKeys (ConfUtils.java:logGet(44)) - raft.server.watch.element-limit = 65536 (default)
2021-08-02 05:52:36,932 [013291a6-5e4a-44b3-a8d9-818cf48fb66e@group-CFFBAD837D27-LeaderElection8] INFO  impl.RoleInfo (RoleInfo.java:updateAndGet(130)) - 013291a6-5e4a-44b3-a8d9-818cf48fb66e: start 013291a6-5e4a-44b3-a8d9-818cf48fb66e@group-CFFBAD837D27-LeaderStateImpl
2021-08-02 05:52:36,932 [013291a6-5e4a-44b3-a8d9-818cf48fb66e@group-CFFBAD837D27-LeaderElection8] INFO  segmented.SegmentedRaftLogWorker (SegmentedRaftLogWorker.java:startLogSegment(394)) - 013291a6-5e4a-44b3-a8d9-818cf48fb66e@group-CFFBAD837D27-SegmentedRaftLogWorker: Starting segment from index:0
2021-08-02 05:52:36,933 [013291a6-5e4a-44b3-a8d9-818cf48fb66e@group-CFFBAD837D27-SegmentedRaftLogWorker] INFO  segmented.SegmentedRaftLogWorker (SegmentedRaftLogWorker.java:execute(601)) - 013291a6-5e4a-44b3-a8d9-818cf48fb66e@group-CFFBAD837D27-SegmentedRaftLogWorker: created new log segment /home/runner/work/ozone/ozone/mnt/ozone/hadoop-ozone/integration-test/target/test-dir/MiniOzoneClusterImpl-4f335ae8-e577-43f0-9715-84c03d5ccb1a/datanode-4/data/ratis/0bf55a1a-03e0-424f-b1f3-cffbad837d27/current/log_inprogress_0
2021-08-02 05:52:36,934 [Datanode State Machine Thread - 0] WARN  statemachine.StateContext (StateContext.java:execute(621)) - No available thread in pool for past 1 seconds.
2021-08-02 05:52:36,935 [013291a6-5e4a-44b3-a8d9-818cf48fb66e@group-CFFBAD837D27-LeaderElection8] INFO  server.RaftServer$Division (ServerState.java:setRaftConf(387)) - 013291a6-5e4a-44b3-a8d9-818cf48fb66e@group-CFFBAD837D27: set configuration 0: [013291a6-5e4a-44b3-a8d9-818cf48fb66e|rpc:10.1.0.32:46845|dataStream:|priority:1], old=null
2021-08-02 05:52:36,936 [EventQueue-OpenPipelineForHealthyPipelineSafeModeRule] INFO  safemode.SCMSafeModeManager (HealthyPipelineSafeModeRule.java:process(124)) - SCM in safe mode. Healthy pipelines reported count is 0, required healthy pipeline reported count is 1
2021-08-02 05:52:37,114 [fcafdf01-72b7-43de-af91-2233768a6b5f@group-56A97C016115-FollowerState] INFO  impl.FollowerState (FollowerState.java:run(134)) - fcafdf01-72b7-43de-af91-2233768a6b5f@group-56A97C016115-FollowerState: change to CANDIDATE, lastRpcElapsedTime:5123436937ns, electionTimeout:5122ms
2021-08-02 05:52:37,114 [fcafdf01-72b7-43de-af91-2233768a6b5f@group-56A97C016115-FollowerState] INFO  impl.RoleInfo (RoleInfo.java:shutdownFollowerState(108)) - fcafdf01-72b7-43de-af91-2233768a6b5f: shutdown fcafdf01-72b7-43de-af91-2233768a6b5f@group-56A97C016115-FollowerState
2021-08-02 05:52:37,114 [fcafdf01-72b7-43de-af91-2233768a6b5f@group-56A97C016115-FollowerState] INFO  server.RaftServer$Division (RaftServerImpl.java:setRole(285)) - fcafdf01-72b7-43de-af91-2233768a6b5f@group-56A97C016115: changes role from  FOLLOWER to CANDIDATE at term 0 for changeToCandidate
2021-08-02 05:52:37,115 [fcafdf01-72b7-43de-af91-2233768a6b5f@group-56A97C016115-FollowerState] INFO  server.RaftServerConfigKeys (ConfUtils.java:logGet(44)) - raft.server.leaderelection.pre-vote = false (custom)
2021-08-02 05:52:37,115 [fcafdf01-72b7-43de-af91-2233768a6b5f@group-56A97C016115-FollowerState] INFO  impl.RoleInfo (RoleInfo.java:updateAndGet(130)) - fcafdf01-72b7-43de-af91-2233768a6b5f: start fcafdf01-72b7-43de-af91-2233768a6b5f@group-56A97C016115-LeaderElection9
2021-08-02 05:52:37,119 [fcafdf01-72b7-43de-af91-2233768a6b5f@group-56A97C016115-LeaderElection9] INFO  impl.LeaderElection (LeaderElection.java:askForVotes(306)) - fcafdf01-72b7-43de-af91-2233768a6b5f@group-56A97C016115-LeaderElection9 ELECTION round 0: submit vote requests at term 1 for -1: [fcafdf01-72b7-43de-af91-2233768a6b5f|rpc:10.1.0.32:37819|priority:1], old=null
2021-08-02 05:52:37,119 [fcafdf01-72b7-43de-af91-2233768a6b5f@group-56A97C016115-LeaderElection9] INFO  impl.LeaderElection (LeaderElection.java:askForVotes(308)) - fcafdf01-72b7-43de-af91-2233768a6b5f@group-56A97C016115-LeaderElection9 ELECTION round 0: result PASSED (term=1)
2021-08-02 05:52:37,119 [fcafdf01-72b7-43de-af91-2233768a6b5f@group-56A97C016115-LeaderElection9] INFO  impl.RoleInfo (RoleInfo.java:shutdownLeaderElection(121)) - fcafdf01-72b7-43de-af91-2233768a6b5f: shutdown fcafdf01-72b7-43de-af91-2233768a6b5f@group-56A97C016115-LeaderElection9
2021-08-02 05:52:37,119 [fcafdf01-72b7-43de-af91-2233768a6b5f@group-56A97C016115-LeaderElection9] INFO  server.RaftServer$Division (RaftServerImpl.java:setRole(285)) - fcafdf01-72b7-43de-af91-2233768a6b5f@group-56A97C016115: changes role from CANDIDATE to LEADER at term 1 for changeToLeader
2021-08-02 05:52:37,119 [fcafdf01-72b7-43de-af91-2233768a6b5f@group-56A97C016115-LeaderElection9] INFO  ratis.XceiverServerRatis (XceiverServerRatis.java:handleLeaderChangedNotification(857)) - Leader change notification received for group: group-56A97C016115 with new leaderId: fcafdf01-72b7-43de-af91-2233768a6b5f
2021-08-02 05:52:37,119 [fcafdf01-72b7-43de-af91-2233768a6b5f@group-56A97C016115-LeaderElection9] INFO  server.RaftServer$Division (ServerState.java:setLeader(285)) - fcafdf01-72b7-43de-af91-2233768a6b5f@group-56A97C016115: change Leader from null to fcafdf01-72b7-43de-af91-2233768a6b5f at term 1 for becomeLeader, leader elected after 5137ms
2021-08-02 05:52:37,119 [fcafdf01-72b7-43de-af91-2233768a6b5f@group-56A97C016115-LeaderElection9] INFO  server.RaftServerConfigKeys (ConfUtils.java:logGet(44)) - raft.server.staging.catchup.gap = 1000 (default)
2021-08-02 05:52:37,120 [Datanode State Machine Thread - 0] WARN  statemachine.StateContext (StateContext.java:execute(621)) - No available thread in pool for past 1 seconds.
2021-08-02 05:52:37,120 [fcafdf01-72b7-43de-af91-2233768a6b5f@group-56A97C016115-LeaderElection9] INFO  server.RaftServerConfigKeys (ConfUtils.java:logGet(44)) - raft.server.write.element-limit = 1024 (custom)
2021-08-02 05:52:37,120 [fcafdf01-72b7-43de-af91-2233768a6b5f@group-56A97C016115-LeaderElection9] INFO  server.RaftServerConfigKeys (ConfUtils.java:logGet(44)) - raft.server.write.byte-limit = 1073741824 (custom)
2021-08-02 05:52:37,120 [fcafdf01-72b7-43de-af91-2233768a6b5f@group-56A97C016115-LeaderElection9] INFO  server.RaftServerConfigKeys (ConfUtils.java:logGet(44)) - raft.server.watch.timeout = 3000ms (custom)
2021-08-02 05:52:37,120 [fcafdf01-72b7-43de-af91-2233768a6b5f@group-56A97C016115-LeaderElection9] INFO  server.RaftServerConfigKeys (ConfUtils.java:logGet(44)) - raft.server.watch.timeout.denomination = 1s (default)
2021-08-02 05:52:37,120 [fcafdf01-72b7-43de-af91-2233768a6b5f@group-56A97C016115-LeaderElection9] INFO  server.RaftServerConfigKeys (ConfUtils.java:logGet(44)) - raft.server.watch.element-limit = 65536 (default)
2021-08-02 05:52:37,121 [fcafdf01-72b7-43de-af91-2233768a6b5f@group-56A97C016115-LeaderElection9] INFO  impl.RoleInfo (RoleInfo.java:updateAndGet(130)) - fcafdf01-72b7-43de-af91-2233768a6b5f: start fcafdf01-72b7-43de-af91-2233768a6b5f@group-56A97C016115-LeaderStateImpl
2021-08-02 05:52:37,121 [fcafdf01-72b7-43de-af91-2233768a6b5f@group-56A97C016115-LeaderElection9] INFO  segmented.SegmentedRaftLogWorker (SegmentedRaftLogWorker.java:startLogSegment(394)) - fcafdf01-72b7-43de-af91-2233768a6b5f@group-56A97C016115-SegmentedRaftLogWorker: Starting segment from index:0
2021-08-02 05:52:37,122 [EventQueue-OpenPipelineForHealthyPipelineSafeModeRule] INFO  safemode.SCMSafeModeManager (HealthyPipelineSafeModeRule.java:process(124)) - SCM in safe mode. Healthy pipelines reported count is 0, required healthy pipeline reported count is 1
2021-08-02 05:52:37,122 [fcafdf01-72b7-43de-af91-2233768a6b5f@group-56A97C016115-SegmentedRaftLogWorker] INFO  segmented.SegmentedRaftLogWorker (SegmentedRaftLogWorker.java:execute(601)) - fcafdf01-72b7-43de-af91-2233768a6b5f@group-56A97C016115-SegmentedRaftLogWorker: created new log segment /home/runner/work/ozone/ozone/mnt/ozone/hadoop-ozone/integration-test/target/test-dir/MiniOzoneClusterImpl-4f335ae8-e577-43f0-9715-84c03d5ccb1a/datanode-5/data/ratis/776bd8c8-019a-4cb5-8c93-56a97c016115/current/log_inprogress_0
2021-08-02 05:52:37,124 [fcafdf01-72b7-43de-af91-2233768a6b5f@group-56A97C016115-LeaderElection9] INFO  server.RaftServer$Division (ServerState.java:setRaftConf(387)) - fcafdf01-72b7-43de-af91-2233768a6b5f@group-56A97C016115: set configuration 0: [fcafdf01-72b7-43de-af91-2233768a6b5f|rpc:10.1.0.32:37819|dataStream:|priority:1], old=null
2021-08-02 05:52:37,254 [aac07b4a-b510-4ee2-b953-6b798ab874ed@group-6462AA00A1EE-FollowerState] INFO  impl.FollowerState (FollowerState.java:run(134)) - aac07b4a-b510-4ee2-b953-6b798ab874ed@group-6462AA00A1EE-FollowerState: change to CANDIDATE, lastRpcElapsedTime:5067842828ns, electionTimeout:5067ms
2021-08-02 05:52:37,255 [aac07b4a-b510-4ee2-b953-6b798ab874ed@group-6462AA00A1EE-FollowerState] INFO  impl.RoleInfo (RoleInfo.java:shutdownFollowerState(108)) - aac07b4a-b510-4ee2-b953-6b798ab874ed: shutdown aac07b4a-b510-4ee2-b953-6b798ab874ed@group-6462AA00A1EE-FollowerState
2021-08-02 05:52:37,256 [aac07b4a-b510-4ee2-b953-6b798ab874ed@group-6462AA00A1EE-FollowerState] INFO  server.RaftServer$Division (RaftServerImpl.java:setRole(285)) - aac07b4a-b510-4ee2-b953-6b798ab874ed@group-6462AA00A1EE: changes role from  FOLLOWER to CANDIDATE at term 0 for changeToCandidate
2021-08-02 05:52:37,256 [aac07b4a-b510-4ee2-b953-6b798ab874ed@group-6462AA00A1EE-FollowerState] INFO  server.RaftServerConfigKeys (ConfUtils.java:logGet(44)) - raft.server.leaderelection.pre-vote = false (custom)
2021-08-02 05:52:37,256 [aac07b4a-b510-4ee2-b953-6b798ab874ed@group-6462AA00A1EE-FollowerState] INFO  impl.RoleInfo (RoleInfo.java:updateAndGet(130)) - aac07b4a-b510-4ee2-b953-6b798ab874ed: start aac07b4a-b510-4ee2-b953-6b798ab874ed@group-6462AA00A1EE-LeaderElection10
2021-08-02 05:52:37,261 [aac07b4a-b510-4ee2-b953-6b798ab874ed@group-6462AA00A1EE-LeaderElection10] INFO  impl.LeaderElection (LeaderElection.java:askForVotes(306)) - aac07b4a-b510-4ee2-b953-6b798ab874ed@group-6462AA00A1EE-LeaderElection10 ELECTION round 0: submit vote requests at term 1 for -1: [aac07b4a-b510-4ee2-b953-6b798ab874ed|rpc:10.1.0.32:43755|priority:1], old=null
2021-08-02 05:52:37,261 [aac07b4a-b510-4ee2-b953-6b798ab874ed@group-6462AA00A1EE-LeaderElection10] INFO  impl.LeaderElection (LeaderElection.java:askForVotes(308)) - aac07b4a-b510-4ee2-b953-6b798ab874ed@group-6462AA00A1EE-LeaderElection10 ELECTION round 0: result PASSED (term=1)
2021-08-02 05:52:37,261 [aac07b4a-b510-4ee2-b953-6b798ab874ed@group-6462AA00A1EE-LeaderElection10] INFO  impl.RoleInfo (RoleInfo.java:shutdownLeaderElection(121)) - aac07b4a-b510-4ee2-b953-6b798ab874ed: shutdown aac07b4a-b510-4ee2-b953-6b798ab874ed@group-6462AA00A1EE-LeaderElection10
2021-08-02 05:52:37,261 [aac07b4a-b510-4ee2-b953-6b798ab874ed@group-6462AA00A1EE-LeaderElection10] INFO  server.RaftServer$Division (RaftServerImpl.java:setRole(285)) - aac07b4a-b510-4ee2-b953-6b798ab874ed@group-6462AA00A1EE: changes role from CANDIDATE to LEADER at term 1 for changeToLeader
2021-08-02 05:52:37,261 [aac07b4a-b510-4ee2-b953-6b798ab874ed@group-6462AA00A1EE-LeaderElection10] INFO  ratis.XceiverServerRatis (XceiverServerRatis.java:handleLeaderChangedNotification(857)) - Leader change notification received for group: group-6462AA00A1EE with new leaderId: aac07b4a-b510-4ee2-b953-6b798ab874ed
2021-08-02 05:52:37,261 [aac07b4a-b510-4ee2-b953-6b798ab874ed@group-6462AA00A1EE-LeaderElection10] INFO  server.RaftServer$Division (ServerState.java:setLeader(285)) - aac07b4a-b510-4ee2-b953-6b798ab874ed@group-6462AA00A1EE: change Leader from null to aac07b4a-b510-4ee2-b953-6b798ab874ed at term 1 for becomeLeader, leader elected after 5082ms
2021-08-02 05:52:37,261 [aac07b4a-b510-4ee2-b953-6b798ab874ed@group-6462AA00A1EE-LeaderElection10] INFO  server.RaftServerConfigKeys (ConfUtils.java:logGet(44)) - raft.server.staging.catchup.gap = 1000 (default)
2021-08-02 05:52:37,262 [aac07b4a-b510-4ee2-b953-6b798ab874ed@group-6462AA00A1EE-LeaderElection10] INFO  server.RaftServerConfigKeys (ConfUtils.java:logGet(44)) - raft.server.write.element-limit = 1024 (custom)
2021-08-02 05:52:37,262 [Datanode State Machine Thread - 0] WARN  statemachine.StateContext (StateContext.java:execute(621)) - No available thread in pool for past 1 seconds.
2021-08-02 05:52:37,262 [aac07b4a-b510-4ee2-b953-6b798ab874ed@group-6462AA00A1EE-LeaderElection10] INFO  server.RaftServerConfigKeys (ConfUtils.java:logGet(44)) - raft.server.write.byte-limit = 1073741824 (custom)
2021-08-02 05:52:37,262 [aac07b4a-b510-4ee2-b953-6b798ab874ed@group-6462AA00A1EE-LeaderElection10] INFO  server.RaftServerConfigKeys (ConfUtils.java:logGet(44)) - raft.server.watch.timeout = 3000ms (custom)
2021-08-02 05:52:37,262 [aac07b4a-b510-4ee2-b953-6b798ab874ed@group-6462AA00A1EE-LeaderElection10] INFO  server.RaftServerConfigKeys (ConfUtils.java:logGet(44)) - raft.server.watch.timeout.denomination = 1s (default)
2021-08-02 05:52:37,262 [aac07b4a-b510-4ee2-b953-6b798ab874ed@group-6462AA00A1EE-LeaderElection10] INFO  server.RaftServerConfigKeys (ConfUtils.java:logGet(44)) - raft.server.watch.element-limit = 65536 (default)
2021-08-02 05:52:37,262 [aac07b4a-b510-4ee2-b953-6b798ab874ed@group-6462AA00A1EE-LeaderElection10] INFO  impl.RoleInfo (RoleInfo.java:updateAndGet(130)) - aac07b4a-b510-4ee2-b953-6b798ab874ed: start aac07b4a-b510-4ee2-b953-6b798ab874ed@group-6462AA00A1EE-LeaderStateImpl
2021-08-02 05:52:37,263 [EventQueue-OpenPipelineForHealthyPipelineSafeModeRule] INFO  safemode.SCMSafeModeManager (HealthyPipelineSafeModeRule.java:process(124)) - SCM in safe mode. Healthy pipelines reported count is 0, required healthy pipeline reported count is 1
2021-08-02 05:52:37,263 [aac07b4a-b510-4ee2-b953-6b798ab874ed@group-6462AA00A1EE-LeaderElection10] INFO  segmented.SegmentedRaftLogWorker (SegmentedRaftLogWorker.java:startLogSegment(394)) - aac07b4a-b510-4ee2-b953-6b798ab874ed@group-6462AA00A1EE-SegmentedRaftLogWorker: Starting segment from index:0
2021-08-02 05:52:37,264 [aac07b4a-b510-4ee2-b953-6b798ab874ed@group-6462AA00A1EE-SegmentedRaftLogWorker] INFO  segmented.SegmentedRaftLogWorker (SegmentedRaftLogWorker.java:execute(601)) - aac07b4a-b510-4ee2-b953-6b798ab874ed@group-6462AA00A1EE-SegmentedRaftLogWorker: created new log segment /home/runner/work/ozone/ozone/mnt/ozone/hadoop-ozone/integration-test/target/test-dir/MiniOzoneClusterImpl-4f335ae8-e577-43f0-9715-84c03d5ccb1a/datanode-6/data/ratis/94541117-41ee-43a7-8157-6462aa00a1ee/current/log_inprogress_0
2021-08-02 05:52:37,266 [aac07b4a-b510-4ee2-b953-6b798ab874ed@group-6462AA00A1EE-LeaderElection10] INFO  server.RaftServer$Division (ServerState.java:setRaftConf(387)) - aac07b4a-b510-4ee2-b953-6b798ab874ed@group-6462AA00A1EE: set configuration 0: [aac07b4a-b510-4ee2-b953-6b798ab874ed|rpc:10.1.0.32:43755|dataStream:|priority:1], old=null
2021-08-02 05:52:37,271 [1036d1ad-a7a2-43d7-9de2-11c3d66cdde8@group-DD91C07A3E90-FollowerState] INFO  impl.FollowerState (FollowerState.java:run(134)) - 1036d1ad-a7a2-43d7-9de2-11c3d66cdde8@group-DD91C07A3E90-FollowerState: change to CANDIDATE, lastRpcElapsedTime:5049896431ns, electionTimeout:5049ms
2021-08-02 05:52:37,271 [1036d1ad-a7a2-43d7-9de2-11c3d66cdde8@group-DD91C07A3E90-FollowerState] INFO  impl.RoleInfo (RoleInfo.java:shutdownFollowerState(108)) - 1036d1ad-a7a2-43d7-9de2-11c3d66cdde8: shutdown 1036d1ad-a7a2-43d7-9de2-11c3d66cdde8@group-DD91C07A3E90-FollowerState
2021-08-02 05:52:37,271 [1036d1ad-a7a2-43d7-9de2-11c3d66cdde8@group-DD91C07A3E90-FollowerState] INFO  server.RaftServer$Division (RaftServerImpl.java:setRole(285)) - 1036d1ad-a7a2-43d7-9de2-11c3d66cdde8@group-DD91C07A3E90: changes role from  FOLLOWER to CANDIDATE at term 0 for changeToCandidate
2021-08-02 05:52:37,272 [1036d1ad-a7a2-43d7-9de2-11c3d66cdde8@group-DD91C07A3E90-FollowerState] INFO  server.RaftServerConfigKeys (ConfUtils.java:logGet(44)) - raft.server.leaderelection.pre-vote = false (custom)
2021-08-02 05:52:37,272 [1036d1ad-a7a2-43d7-9de2-11c3d66cdde8@group-DD91C07A3E90-FollowerState] INFO  impl.RoleInfo (RoleInfo.java:updateAndGet(130)) - 1036d1ad-a7a2-43d7-9de2-11c3d66cdde8: start 1036d1ad-a7a2-43d7-9de2-11c3d66cdde8@group-DD91C07A3E90-LeaderElection11
2021-08-02 05:52:37,274 [1036d1ad-a7a2-43d7-9de2-11c3d66cdde8@group-DD91C07A3E90-LeaderElection11] INFO  impl.LeaderElection (LeaderElection.java:askForVotes(306)) - 1036d1ad-a7a2-43d7-9de2-11c3d66cdde8@group-DD91C07A3E90-LeaderElection11 ELECTION round 0: submit vote requests at term 1 for -1: [1036d1ad-a7a2-43d7-9de2-11c3d66cdde8|rpc:10.1.0.32:39139|dataStream:|priority:0, c97b6c06-cd07-4cdb-ae41-9a711d8ab883|rpc:10.1.0.32:40085|dataStream:|priority:0, aac07b4a-b510-4ee2-b953-6b798ab874ed|rpc:10.1.0.32:43755|dataStream:|priority:1], old=null
2021-08-02 05:52:37,286 [grpc-default-executor-0] INFO  server.RaftServer$Division (RaftServerImpl.java:requestVote(1043)) - c97b6c06-cd07-4cdb-ae41-9a711d8ab883@group-DD91C07A3E90: receive requestVote(ELECTION, 1036d1ad-a7a2-43d7-9de2-11c3d66cdde8, group-DD91C07A3E90, 1, (t:0, i:0))
2021-08-02 05:52:37,286 [grpc-default-executor-0] INFO  impl.VoteContext (VoteContext.java:log(48)) - c97b6c06-cd07-4cdb-ae41-9a711d8ab883@group-DD91C07A3E90-FOLLOWER: accept ELECTION from 1036d1ad-a7a2-43d7-9de2-11c3d66cdde8: our priority 0 <= candidate's priority 0
2021-08-02 05:52:37,286 [grpc-default-executor-0] INFO  server.RaftServer$Division (RaftServerImpl.java:setRole(285)) - c97b6c06-cd07-4cdb-ae41-9a711d8ab883@group-DD91C07A3E90: changes role from  FOLLOWER to FOLLOWER at term 1 for candidate:1036d1ad-a7a2-43d7-9de2-11c3d66cdde8
2021-08-02 05:52:37,286 [grpc-default-executor-0] INFO  impl.RoleInfo (RoleInfo.java:shutdownFollowerState(108)) - c97b6c06-cd07-4cdb-ae41-9a711d8ab883: shutdown c97b6c06-cd07-4cdb-ae41-9a711d8ab883@group-DD91C07A3E90-FollowerState
2021-08-02 05:52:37,286 [grpc-default-executor-0] INFO  impl.RoleInfo (RoleInfo.java:updateAndGet(130)) - c97b6c06-cd07-4cdb-ae41-9a711d8ab883: start c97b6c06-cd07-4cdb-ae41-9a711d8ab883@group-DD91C07A3E90-FollowerState
2021-08-02 05:52:37,286 [c97b6c06-cd07-4cdb-ae41-9a711d8ab883@group-DD91C07A3E90-FollowerState] INFO  impl.FollowerState (FollowerState.java:run(143)) - c97b6c06-cd07-4cdb-ae41-9a711d8ab883@group-DD91C07A3E90-FollowerState was interrupted: {}
java.lang.InterruptedException: sleep interrupted
	at java.lang.Thread.sleep(Native Method)
	at java.lang.Thread.sleep(Thread.java:340)
	at java.util.concurrent.TimeUnit.sleep(TimeUnit.java:386)
	at org.apache.ratis.util.TimeDuration.sleep(TimeDuration.java:324)
	at org.apache.ratis.util.TimeDuration.sleep(TimeDuration.java:309)
	at org.apache.ratis.server.impl.FollowerState.run(FollowerState.java:118)
2021-08-02 05:52:37,296 [grpc-default-executor-1] INFO  server.RaftServer$Division (RaftServerImpl.java:requestVote(1043)) - aac07b4a-b510-4ee2-b953-6b798ab874ed@group-DD91C07A3E90: receive requestVote(ELECTION, 1036d1ad-a7a2-43d7-9de2-11c3d66cdde8, group-DD91C07A3E90, 1, (t:0, i:0))
2021-08-02 05:52:37,296 [grpc-default-executor-1] INFO  impl.VoteContext (VoteContext.java:log(48)) - aac07b4a-b510-4ee2-b953-6b798ab874ed@group-DD91C07A3E90-FOLLOWER: reject ELECTION from 1036d1ad-a7a2-43d7-9de2-11c3d66cdde8: our priority 1 > candidate's priority 0
2021-08-02 05:52:37,296 [grpc-default-executor-1] INFO  server.RaftServer$Division (RaftServerImpl.java:setRole(285)) - aac07b4a-b510-4ee2-b953-6b798ab874ed@group-DD91C07A3E90: changes role from  FOLLOWER to FOLLOWER at term 1 for candidate:1036d1ad-a7a2-43d7-9de2-11c3d66cdde8
2021-08-02 05:52:37,296 [grpc-default-executor-1] INFO  impl.RoleInfo (RoleInfo.java:shutdownFollowerState(108)) - aac07b4a-b510-4ee2-b953-6b798ab874ed: shutdown aac07b4a-b510-4ee2-b953-6b798ab874ed@group-DD91C07A3E90-FollowerState
2021-08-02 05:52:37,296 [grpc-default-executor-1] INFO  impl.RoleInfo (RoleInfo.java:updateAndGet(130)) - aac07b4a-b510-4ee2-b953-6b798ab874ed: start aac07b4a-b510-4ee2-b953-6b798ab874ed@group-DD91C07A3E90-FollowerState
2021-08-02 05:52:37,296 [aac07b4a-b510-4ee2-b953-6b798ab874ed@group-DD91C07A3E90-FollowerState] INFO  impl.FollowerState (FollowerState.java:run(143)) - aac07b4a-b510-4ee2-b953-6b798ab874ed@group-DD91C07A3E90-FollowerState was interrupted: {}
java.lang.InterruptedException: sleep interrupted
	at java.lang.Thread.sleep(Native Method)
	at java.lang.Thread.sleep(Thread.java:340)
	at java.util.concurrent.TimeUnit.sleep(TimeUnit.java:386)
	at org.apache.ratis.util.TimeDuration.sleep(TimeDuration.java:324)
	at org.apache.ratis.util.TimeDuration.sleep(TimeDuration.java:309)
	at org.apache.ratis.server.impl.FollowerState.run(FollowerState.java:118)
2021-08-02 05:52:37,297 [grpc-default-executor-0] INFO  server.RaftServer$Division (RaftServerImpl.java:requestVote(1075)) - c97b6c06-cd07-4cdb-ae41-9a711d8ab883@group-DD91C07A3E90 replies to ELECTION vote request: 1036d1ad-a7a2-43d7-9de2-11c3d66cdde8<-c97b6c06-cd07-4cdb-ae41-9a711d8ab883#0:OK-t1. Peer's state: c97b6c06-cd07-4cdb-ae41-9a711d8ab883@group-DD91C07A3E90:t1, leader=null, voted=1036d1ad-a7a2-43d7-9de2-11c3d66cdde8, raftlog=c97b6c06-cd07-4cdb-ae41-9a711d8ab883@group-DD91C07A3E90-SegmentedRaftLog:OPENED:c-1,f-1,i0, conf=-1: [1036d1ad-a7a2-43d7-9de2-11c3d66cdde8|rpc:10.1.0.32:39139|dataStream:|priority:0, c97b6c06-cd07-4cdb-ae41-9a711d8ab883|rpc:10.1.0.32:40085|dataStream:|priority:0, aac07b4a-b510-4ee2-b953-6b798ab874ed|rpc:10.1.0.32:43755|dataStream:|priority:1], old=null
2021-08-02 05:52:37,300 [grpc-default-executor-1] INFO  server.RaftServer$Division (RaftServerImpl.java:requestVote(1075)) - aac07b4a-b510-4ee2-b953-6b798ab874ed@group-DD91C07A3E90 replies to ELECTION vote request: 1036d1ad-a7a2-43d7-9de2-11c3d66cdde8<-aac07b4a-b510-4ee2-b953-6b798ab874ed#0:FAIL-t1. Peer's state: aac07b4a-b510-4ee2-b953-6b798ab874ed@group-DD91C07A3E90:t1, leader=null, voted=null, raftlog=aac07b4a-b510-4ee2-b953-6b798ab874ed@group-DD91C07A3E90-SegmentedRaftLog:OPENED:c-1,f-1,i0, conf=-1: [1036d1ad-a7a2-43d7-9de2-11c3d66cdde8|rpc:10.1.0.32:39139|priority:0, c97b6c06-cd07-4cdb-ae41-9a711d8ab883|rpc:10.1.0.32:40085|priority:0, aac07b4a-b510-4ee2-b953-6b798ab874ed|rpc:10.1.0.32:43755|priority:1], old=null
2021-08-02 05:52:37,301 [1036d1ad-a7a2-43d7-9de2-11c3d66cdde8@group-DD91C07A3E90-LeaderElection11] INFO  impl.LeaderElection (LeaderElection.java:logAndReturn(89)) - 1036d1ad-a7a2-43d7-9de2-11c3d66cdde8@group-DD91C07A3E90-LeaderElection11: ELECTION REJECTED received 2 response(s) and 0 exception(s):
2021-08-02 05:52:37,302 [1036d1ad-a7a2-43d7-9de2-11c3d66cdde8@group-DD91C07A3E90-LeaderElection11] INFO  impl.LeaderElection (LeaderElection.java:logAndReturn(93)) -   Response 0: 1036d1ad-a7a2-43d7-9de2-11c3d66cdde8<-c97b6c06-cd07-4cdb-ae41-9a711d8ab883#0:OK-t1
2021-08-02 05:52:37,302 [1036d1ad-a7a2-43d7-9de2-11c3d66cdde8@group-DD91C07A3E90-LeaderElection11] INFO  impl.LeaderElection (LeaderElection.java:logAndReturn(93)) -   Response 1: 1036d1ad-a7a2-43d7-9de2-11c3d66cdde8<-aac07b4a-b510-4ee2-b953-6b798ab874ed#0:FAIL-t1
2021-08-02 05:52:37,302 [1036d1ad-a7a2-43d7-9de2-11c3d66cdde8@group-DD91C07A3E90-LeaderElection11] INFO  impl.LeaderElection (LeaderElection.java:askForVotes(308)) - 1036d1ad-a7a2-43d7-9de2-11c3d66cdde8@group-DD91C07A3E90-LeaderElection11 ELECTION round 0: result REJECTED
2021-08-02 05:52:37,302 [1036d1ad-a7a2-43d7-9de2-11c3d66cdde8@group-DD91C07A3E90-LeaderElection11] INFO  server.RaftServer$Division (RaftServerImpl.java:setRole(285)) - 1036d1ad-a7a2-43d7-9de2-11c3d66cdde8@group-DD91C07A3E90: changes role from CANDIDATE to FOLLOWER at term 1 for REJECTED
2021-08-02 05:52:37,302 [1036d1ad-a7a2-43d7-9de2-11c3d66cdde8@group-DD91C07A3E90-LeaderElection11] INFO  impl.RoleInfo (RoleInfo.java:shutdownLeaderElection(121)) - 1036d1ad-a7a2-43d7-9de2-11c3d66cdde8: shutdown 1036d1ad-a7a2-43d7-9de2-11c3d66cdde8@group-DD91C07A3E90-LeaderElection11
2021-08-02 05:52:37,302 [1036d1ad-a7a2-43d7-9de2-11c3d66cdde8@group-DD91C07A3E90-LeaderElection11] INFO  impl.RoleInfo (RoleInfo.java:updateAndGet(130)) - 1036d1ad-a7a2-43d7-9de2-11c3d66cdde8: start 1036d1ad-a7a2-43d7-9de2-11c3d66cdde8@group-DD91C07A3E90-FollowerState
2021-08-02 05:52:37,360 [1036d1ad-a7a2-43d7-9de2-11c3d66cdde8@group-D07181496FAC-FollowerState] INFO  impl.FollowerState (FollowerState.java:run(134)) - 1036d1ad-a7a2-43d7-9de2-11c3d66cdde8@group-D07181496FAC-FollowerState: change to CANDIDATE, lastRpcElapsedTime:5010725701ns, electionTimeout:5010ms
2021-08-02 05:52:37,361 [1036d1ad-a7a2-43d7-9de2-11c3d66cdde8@group-D07181496FAC-FollowerState] INFO  impl.RoleInfo (RoleInfo.java:shutdownFollowerState(108)) - 1036d1ad-a7a2-43d7-9de2-11c3d66cdde8: shutdown 1036d1ad-a7a2-43d7-9de2-11c3d66cdde8@group-D07181496FAC-FollowerState
2021-08-02 05:52:37,361 [1036d1ad-a7a2-43d7-9de2-11c3d66cdde8@group-D07181496FAC-FollowerState] INFO  server.RaftServer$Division (RaftServerImpl.java:setRole(285)) - 1036d1ad-a7a2-43d7-9de2-11c3d66cdde8@group-D07181496FAC: changes role from  FOLLOWER to CANDIDATE at term 0 for changeToCandidate
2021-08-02 05:52:37,361 [1036d1ad-a7a2-43d7-9de2-11c3d66cdde8@group-D07181496FAC-FollowerState] INFO  server.RaftServerConfigKeys (ConfUtils.java:logGet(44)) - raft.server.leaderelection.pre-vote = false (custom)
2021-08-02 05:52:37,361 [1036d1ad-a7a2-43d7-9de2-11c3d66cdde8@group-D07181496FAC-FollowerState] INFO  impl.RoleInfo (RoleInfo.java:updateAndGet(130)) - 1036d1ad-a7a2-43d7-9de2-11c3d66cdde8: start 1036d1ad-a7a2-43d7-9de2-11c3d66cdde8@group-D07181496FAC-LeaderElection12
2021-08-02 05:52:37,364 [1036d1ad-a7a2-43d7-9de2-11c3d66cdde8@group-D07181496FAC-LeaderElection12] INFO  impl.LeaderElection (LeaderElection.java:askForVotes(306)) - 1036d1ad-a7a2-43d7-9de2-11c3d66cdde8@group-D07181496FAC-LeaderElection12 ELECTION round 0: submit vote requests at term 1 for -1: [1036d1ad-a7a2-43d7-9de2-11c3d66cdde8|rpc:10.1.0.32:39139|priority:1], old=null
2021-08-02 05:52:37,364 [1036d1ad-a7a2-43d7-9de2-11c3d66cdde8@group-D07181496FAC-LeaderElection12] INFO  impl.LeaderElection (LeaderElection.java:askForVotes(308)) - 1036d1ad-a7a2-43d7-9de2-11c3d66cdde8@group-D07181496FAC-LeaderElection12 ELECTION round 0: result PASSED (term=1)
2021-08-02 05:52:37,364 [1036d1ad-a7a2-43d7-9de2-11c3d66cdde8@group-D07181496FAC-LeaderElection12] INFO  impl.RoleInfo (RoleInfo.java:shutdownLeaderElection(121)) - 1036d1ad-a7a2-43d7-9de2-11c3d66cdde8: shutdown 1036d1ad-a7a2-43d7-9de2-11c3d66cdde8@group-D07181496FAC-LeaderElection12
2021-08-02 05:52:37,364 [1036d1ad-a7a2-43d7-9de2-11c3d66cdde8@group-D07181496FAC-LeaderElection12] INFO  server.RaftServer$Division (RaftServerImpl.java:setRole(285)) - 1036d1ad-a7a2-43d7-9de2-11c3d66cdde8@group-D07181496FAC: changes role from CANDIDATE to LEADER at term 1 for changeToLeader
2021-08-02 05:52:37,364 [1036d1ad-a7a2-43d7-9de2-11c3d66cdde8@group-D07181496FAC-LeaderElection12] INFO  ratis.XceiverServerRatis (XceiverServerRatis.java:handleLeaderChangedNotification(857)) - Leader change notification received for group: group-D07181496FAC with new leaderId: 1036d1ad-a7a2-43d7-9de2-11c3d66cdde8
2021-08-02 05:52:37,365 [1036d1ad-a7a2-43d7-9de2-11c3d66cdde8@group-D07181496FAC-LeaderElection12] INFO  server.RaftServer$Division (ServerState.java:setLeader(285)) - 1036d1ad-a7a2-43d7-9de2-11c3d66cdde8@group-D07181496FAC: change Leader from null to 1036d1ad-a7a2-43d7-9de2-11c3d66cdde8 at term 1 for becomeLeader, leader elected after 5030ms
2021-08-02 05:52:37,365 [1036d1ad-a7a2-43d7-9de2-11c3d66cdde8@group-D07181496FAC-LeaderElection12] INFO  server.RaftServerConfigKeys (ConfUtils.java:logGet(44)) - raft.server.staging.catchup.gap = 1000 (default)
2021-08-02 05:52:37,365 [1036d1ad-a7a2-43d7-9de2-11c3d66cdde8@group-D07181496FAC-LeaderElection12] INFO  server.RaftServerConfigKeys (ConfUtils.java:logGet(44)) - raft.server.write.element-limit = 1024 (custom)
2021-08-02 05:52:37,365 [1036d1ad-a7a2-43d7-9de2-11c3d66cdde8@group-D07181496FAC-LeaderElection12] INFO  server.RaftServerConfigKeys (ConfUtils.java:logGet(44)) - raft.server.write.byte-limit = 1073741824 (custom)
2021-08-02 05:52:37,365 [1036d1ad-a7a2-43d7-9de2-11c3d66cdde8@group-D07181496FAC-LeaderElection12] INFO  server.RaftServerConfigKeys (ConfUtils.java:logGet(44)) - raft.server.watch.timeout = 3000ms (custom)
2021-08-02 05:52:37,366 [1036d1ad-a7a2-43d7-9de2-11c3d66cdde8@group-D07181496FAC-LeaderElection12] INFO  server.RaftServerConfigKeys (ConfUtils.java:logGet(44)) - raft.server.watch.timeout.denomination = 1s (default)
2021-08-02 05:52:37,366 [1036d1ad-a7a2-43d7-9de2-11c3d66cdde8@group-D07181496FAC-LeaderElection12] INFO  server.RaftServerConfigKeys (ConfUtils.java:logGet(44)) - raft.server.watch.element-limit = 65536 (default)
2021-08-02 05:52:37,366 [1036d1ad-a7a2-43d7-9de2-11c3d66cdde8@group-D07181496FAC-LeaderElection12] INFO  impl.RoleInfo (RoleInfo.java:updateAndGet(130)) - 1036d1ad-a7a2-43d7-9de2-11c3d66cdde8: start 1036d1ad-a7a2-43d7-9de2-11c3d66cdde8@group-D07181496FAC-LeaderStateImpl
2021-08-02 05:52:37,367 [EventQueue-OpenPipelineForHealthyPipelineSafeModeRule] INFO  safemode.SCMSafeModeManager (HealthyPipelineSafeModeRule.java:process(124)) - SCM in safe mode. Healthy pipelines reported count is 0, required healthy pipeline reported count is 1
2021-08-02 05:52:37,367 [1036d1ad-a7a2-43d7-9de2-11c3d66cdde8@group-D07181496FAC-LeaderElection12] INFO  segmented.SegmentedRaftLogWorker (SegmentedRaftLogWorker.java:startLogSegment(394)) - 1036d1ad-a7a2-43d7-9de2-11c3d66cdde8@group-D07181496FAC-SegmentedRaftLogWorker: Starting segment from index:0
2021-08-02 05:52:37,369 [1036d1ad-a7a2-43d7-9de2-11c3d66cdde8@group-D07181496FAC-SegmentedRaftLogWorker] INFO  segmented.SegmentedRaftLogWorker (SegmentedRaftLogWorker.java:execute(601)) - 1036d1ad-a7a2-43d7-9de2-11c3d66cdde8@group-D07181496FAC-SegmentedRaftLogWorker: created new log segment /home/runner/work/ozone/ozone/mnt/ozone/hadoop-ozone/integration-test/target/test-dir/MiniOzoneClusterImpl-4f335ae8-e577-43f0-9715-84c03d5ccb1a/datanode-7/data/ratis/c7c63290-17ba-47dc-8bfc-d07181496fac/current/log_inprogress_0
2021-08-02 05:52:37,376 [1036d1ad-a7a2-43d7-9de2-11c3d66cdde8@group-D07181496FAC-LeaderElection12] INFO  server.RaftServer$Division (ServerState.java:setRaftConf(387)) - 1036d1ad-a7a2-43d7-9de2-11c3d66cdde8@group-D07181496FAC: set configuration 0: [1036d1ad-a7a2-43d7-9de2-11c3d66cdde8|rpc:10.1.0.32:39139|dataStream:|priority:1], old=null
2021-08-02 05:52:37,481 [Listener at 127.0.0.1/35629] INFO  ozone.MiniOzoneClusterImpl (MiniOzoneClusterImpl.java:lambda$waitForClusterToBeReady$0(235)) - Nodes are ready. Got 9 of 9 DN Heartbeats.
2021-08-02 05:52:37,483 [Listener at 127.0.0.1/35629] INFO  ozone.MiniOzoneClusterImpl (MiniOzoneClusterImpl.java:lambda$waitForClusterToBeReady$0(238)) - Waiting for cluster to exit safe mode
2021-08-02 05:52:37,483 [Listener at 127.0.0.1/35629] INFO  ozone.MiniOzoneClusterImpl (MiniOzoneClusterImpl.java:lambda$waitForClusterToBeReady$0(240)) - SCM became leader
2021-08-02 05:52:37,513 [c97b6c06-cd07-4cdb-ae41-9a711d8ab883@group-ADDC33EB017B-FollowerState] INFO  impl.FollowerState (FollowerState.java:run(134)) - c97b6c06-cd07-4cdb-ae41-9a711d8ab883@group-ADDC33EB017B-FollowerState: change to CANDIDATE, lastRpcElapsedTime:5022886134ns, electionTimeout:5022ms
2021-08-02 05:52:37,514 [c97b6c06-cd07-4cdb-ae41-9a711d8ab883@group-ADDC33EB017B-FollowerState] INFO  impl.RoleInfo (RoleInfo.java:shutdownFollowerState(108)) - c97b6c06-cd07-4cdb-ae41-9a711d8ab883: shutdown c97b6c06-cd07-4cdb-ae41-9a711d8ab883@group-ADDC33EB017B-FollowerState
2021-08-02 05:52:37,514 [c97b6c06-cd07-4cdb-ae41-9a711d8ab883@group-ADDC33EB017B-FollowerState] INFO  server.RaftServer$Division (RaftServerImpl.java:setRole(285)) - c97b6c06-cd07-4cdb-ae41-9a711d8ab883@group-ADDC33EB017B: changes role from  FOLLOWER to CANDIDATE at term 0 for changeToCandidate
2021-08-02 05:52:37,515 [c97b6c06-cd07-4cdb-ae41-9a711d8ab883@group-ADDC33EB017B-FollowerState] INFO  server.RaftServerConfigKeys (ConfUtils.java:logGet(44)) - raft.server.leaderelection.pre-vote = false (custom)
2021-08-02 05:52:37,515 [c97b6c06-cd07-4cdb-ae41-9a711d8ab883@group-ADDC33EB017B-FollowerState] INFO  impl.RoleInfo (RoleInfo.java:updateAndGet(130)) - c97b6c06-cd07-4cdb-ae41-9a711d8ab883: start c97b6c06-cd07-4cdb-ae41-9a711d8ab883@group-ADDC33EB017B-LeaderElection13
2021-08-02 05:52:37,519 [c97b6c06-cd07-4cdb-ae41-9a711d8ab883@group-ADDC33EB017B-LeaderElection13] INFO  impl.LeaderElection (LeaderElection.java:askForVotes(306)) - c97b6c06-cd07-4cdb-ae41-9a711d8ab883@group-ADDC33EB017B-LeaderElection13 ELECTION round 0: submit vote requests at term 1 for -1: [c97b6c06-cd07-4cdb-ae41-9a711d8ab883|rpc:10.1.0.32:40085|priority:1], old=null
2021-08-02 05:52:37,519 [c97b6c06-cd07-4cdb-ae41-9a711d8ab883@group-ADDC33EB017B-LeaderElection13] INFO  impl.LeaderElection (LeaderElection.java:askForVotes(308)) - c97b6c06-cd07-4cdb-ae41-9a711d8ab883@group-ADDC33EB017B-LeaderElection13 ELECTION round 0: result PASSED (term=1)
2021-08-02 05:52:37,519 [c97b6c06-cd07-4cdb-ae41-9a711d8ab883@group-ADDC33EB017B-LeaderElection13] INFO  impl.RoleInfo (RoleInfo.java:shutdownLeaderElection(121)) - c97b6c06-cd07-4cdb-ae41-9a711d8ab883: shutdown c97b6c06-cd07-4cdb-ae41-9a711d8ab883@group-ADDC33EB017B-LeaderElection13
2021-08-02 05:52:37,519 [c97b6c06-cd07-4cdb-ae41-9a711d8ab883@group-ADDC33EB017B-LeaderElection13] INFO  server.RaftServer$Division (RaftServerImpl.java:setRole(285)) - c97b6c06-cd07-4cdb-ae41-9a711d8ab883@group-ADDC33EB017B: changes role from CANDIDATE to LEADER at term 1 for changeToLeader
2021-08-02 05:52:37,519 [c97b6c06-cd07-4cdb-ae41-9a711d8ab883@group-ADDC33EB017B-LeaderElection13] INFO  ratis.XceiverServerRatis (XceiverServerRatis.java:handleLeaderChangedNotification(857)) - Leader change notification received for group: group-ADDC33EB017B with new leaderId: c97b6c06-cd07-4cdb-ae41-9a711d8ab883
2021-08-02 05:52:37,519 [Datanode State Machine Thread - 0] WARN  statemachine.StateContext (StateContext.java:execute(621)) - No available thread in pool for past 1 seconds.
2021-08-02 05:52:37,520 [c97b6c06-cd07-4cdb-ae41-9a711d8ab883@group-ADDC33EB017B-LeaderElection13] INFO  server.RaftServer$Division (ServerState.java:setLeader(285)) - c97b6c06-cd07-4cdb-ae41-9a711d8ab883@group-ADDC33EB017B: change Leader from null to c97b6c06-cd07-4cdb-ae41-9a711d8ab883 at term 1 for becomeLeader, leader elected after 5036ms
2021-08-02 05:52:37,520 [c97b6c06-cd07-4cdb-ae41-9a711d8ab883@group-ADDC33EB017B-LeaderElection13] INFO  server.RaftServerConfigKeys (ConfUtils.java:logGet(44)) - raft.server.staging.catchup.gap = 1000 (default)
2021-08-02 05:52:37,520 [c97b6c06-cd07-4cdb-ae41-9a711d8ab883@group-ADDC33EB017B-LeaderElection13] INFO  server.RaftServerConfigKeys (ConfUtils.java:logGet(44)) - raft.server.write.element-limit = 1024 (custom)
2021-08-02 05:52:37,520 [c97b6c06-cd07-4cdb-ae41-9a711d8ab883@group-ADDC33EB017B-LeaderElection13] INFO  server.RaftServerConfigKeys (ConfUtils.java:logGet(44)) - raft.server.write.byte-limit = 1073741824 (custom)
2021-08-02 05:52:37,520 [c97b6c06-cd07-4cdb-ae41-9a711d8ab883@group-ADDC33EB017B-LeaderElection13] INFO  server.RaftServerConfigKeys (ConfUtils.java:logGet(44)) - raft.server.watch.timeout = 3000ms (custom)
2021-08-02 05:52:37,520 [c97b6c06-cd07-4cdb-ae41-9a711d8ab883@group-ADDC33EB017B-LeaderElection13] INFO  server.RaftServerConfigKeys (ConfUtils.java:logGet(44)) - raft.server.watch.timeout.denomination = 1s (default)
2021-08-02 05:52:37,521 [c97b6c06-cd07-4cdb-ae41-9a711d8ab883@group-ADDC33EB017B-LeaderElection13] INFO  server.RaftServerConfigKeys (ConfUtils.java:logGet(44)) - raft.server.watch.element-limit = 65536 (default)
2021-08-02 05:52:37,521 [EventQueue-OpenPipelineForHealthyPipelineSafeModeRule] INFO  safemode.SCMSafeModeManager (HealthyPipelineSafeModeRule.java:process(124)) - SCM in safe mode. Healthy pipelines reported count is 0, required healthy pipeline reported count is 1
2021-08-02 05:52:37,521 [c97b6c06-cd07-4cdb-ae41-9a711d8ab883@group-ADDC33EB017B-LeaderElection13] INFO  impl.RoleInfo (RoleInfo.java:updateAndGet(130)) - c97b6c06-cd07-4cdb-ae41-9a711d8ab883: start c97b6c06-cd07-4cdb-ae41-9a711d8ab883@group-ADDC33EB017B-LeaderStateImpl
2021-08-02 05:52:37,521 [c97b6c06-cd07-4cdb-ae41-9a711d8ab883@group-ADDC33EB017B-LeaderElection13] INFO  segmented.SegmentedRaftLogWorker (SegmentedRaftLogWorker.java:startLogSegment(394)) - c97b6c06-cd07-4cdb-ae41-9a711d8ab883@group-ADDC33EB017B-SegmentedRaftLogWorker: Starting segment from index:0
2021-08-02 05:52:37,523 [c97b6c06-cd07-4cdb-ae41-9a711d8ab883@group-ADDC33EB017B-LeaderElection13] INFO  server.RaftServer$Division (ServerState.java:setRaftConf(387)) - c97b6c06-cd07-4cdb-ae41-9a711d8ab883@group-ADDC33EB017B: set configuration 0: [c97b6c06-cd07-4cdb-ae41-9a711d8ab883|rpc:10.1.0.32:40085|dataStream:|priority:1], old=null
2021-08-02 05:52:37,523 [c97b6c06-cd07-4cdb-ae41-9a711d8ab883@group-ADDC33EB017B-SegmentedRaftLogWorker] INFO  segmented.SegmentedRaftLogWorker (SegmentedRaftLogWorker.java:execute(601)) - c97b6c06-cd07-4cdb-ae41-9a711d8ab883@group-ADDC33EB017B-SegmentedRaftLogWorker: created new log segment /home/runner/work/ozone/ozone/mnt/ozone/hadoop-ozone/integration-test/target/test-dir/MiniOzoneClusterImpl-4f335ae8-e577-43f0-9715-84c03d5ccb1a/datanode-8/data/ratis/70d7f31a-4a57-45b1-a329-addc33eb017b/current/log_inprogress_0
2021-08-02 05:52:38,483 [Listener at 127.0.0.1/35629] INFO  ozone.MiniOzoneClusterImpl (MiniOzoneClusterImpl.java:lambda$waitForClusterToBeReady$0(235)) - Nodes are ready. Got 9 of 9 DN Heartbeats.
2021-08-02 05:52:38,483 [Listener at 127.0.0.1/35629] INFO  ozone.MiniOzoneClusterImpl (MiniOzoneClusterImpl.java:lambda$waitForClusterToBeReady$0(238)) - Waiting for cluster to exit safe mode
2021-08-02 05:52:38,483 [Listener at 127.0.0.1/35629] INFO  ozone.MiniOzoneClusterImpl (MiniOzoneClusterImpl.java:lambda$waitForClusterToBeReady$0(240)) - SCM became leader
2021-08-02 05:52:39,484 [Listener at 127.0.0.1/35629] INFO  ozone.MiniOzoneClusterImpl (MiniOzoneClusterImpl.java:lambda$waitForClusterToBeReady$0(235)) - Nodes are ready. Got 9 of 9 DN Heartbeats.
2021-08-02 05:52:39,484 [Listener at 127.0.0.1/35629] INFO  ozone.MiniOzoneClusterImpl (MiniOzoneClusterImpl.java:lambda$waitForClusterToBeReady$0(238)) - Waiting for cluster to exit safe mode
2021-08-02 05:52:39,484 [Listener at 127.0.0.1/35629] INFO  ozone.MiniOzoneClusterImpl (MiniOzoneClusterImpl.java:lambda$waitForClusterToBeReady$0(240)) - SCM became leader
2021-08-02 05:52:40,485 [Listener at 127.0.0.1/35629] INFO  ozone.MiniOzoneClusterImpl (MiniOzoneClusterImpl.java:lambda$waitForClusterToBeReady$0(235)) - Nodes are ready. Got 9 of 9 DN Heartbeats.
2021-08-02 05:52:40,485 [Listener at 127.0.0.1/35629] INFO  ozone.MiniOzoneClusterImpl (MiniOzoneClusterImpl.java:lambda$waitForClusterToBeReady$0(238)) - Waiting for cluster to exit safe mode
2021-08-02 05:52:40,485 [Listener at 127.0.0.1/35629] INFO  ozone.MiniOzoneClusterImpl (MiniOzoneClusterImpl.java:lambda$waitForClusterToBeReady$0(240)) - SCM became leader
2021-08-02 05:52:40,971 [7c89729d-205d-42d4-b264-d61f860a411d@group-67F92B9E78E8-FollowerState] INFO  impl.FollowerState (FollowerState.java:run(134)) - 7c89729d-205d-42d4-b264-d61f860a411d@group-67F92B9E78E8-FollowerState: change to CANDIDATE, lastRpcElapsedTime:5053676556ns, electionTimeout:5046ms
2021-08-02 05:52:40,972 [7c89729d-205d-42d4-b264-d61f860a411d@group-67F92B9E78E8-FollowerState] INFO  impl.RoleInfo (RoleInfo.java:shutdownFollowerState(108)) - 7c89729d-205d-42d4-b264-d61f860a411d: shutdown 7c89729d-205d-42d4-b264-d61f860a411d@group-67F92B9E78E8-FollowerState
2021-08-02 05:52:40,972 [7c89729d-205d-42d4-b264-d61f860a411d@group-67F92B9E78E8-FollowerState] INFO  server.RaftServer$Division (RaftServerImpl.java:setRole(285)) - 7c89729d-205d-42d4-b264-d61f860a411d@group-67F92B9E78E8: changes role from  FOLLOWER to CANDIDATE at term 1 for changeToCandidate
2021-08-02 05:52:40,972 [7c89729d-205d-42d4-b264-d61f860a411d@group-67F92B9E78E8-FollowerState] INFO  server.RaftServerConfigKeys (ConfUtils.java:logGet(44)) - raft.server.leaderelection.pre-vote = false (custom)
2021-08-02 05:52:40,972 [7c89729d-205d-42d4-b264-d61f860a411d@group-67F92B9E78E8-FollowerState] INFO  impl.RoleInfo (RoleInfo.java:updateAndGet(130)) - 7c89729d-205d-42d4-b264-d61f860a411d: start 7c89729d-205d-42d4-b264-d61f860a411d@group-67F92B9E78E8-LeaderElection14
2021-08-02 05:52:40,976 [7c89729d-205d-42d4-b264-d61f860a411d@group-67F92B9E78E8-LeaderElection14] INFO  impl.LeaderElection (LeaderElection.java:askForVotes(306)) - 7c89729d-205d-42d4-b264-d61f860a411d@group-67F92B9E78E8-LeaderElection14 ELECTION round 0: submit vote requests at term 2 for -1: [7c89729d-205d-42d4-b264-d61f860a411d|rpc:10.1.0.32:45115|priority:1, d23be368-b70e-4d1a-afe3-0bdcf6fd1c46|rpc:10.1.0.32:37789|priority:0, 752ad5df-a7ba-47cd-a255-c78e9754ce7f|rpc:10.1.0.32:36497|priority:0], old=null
2021-08-02 05:52:40,983 [grpc-default-executor-1] INFO  server.RaftServer$Division (RaftServerImpl.java:requestVote(1043)) - d23be368-b70e-4d1a-afe3-0bdcf6fd1c46@group-67F92B9E78E8: receive requestVote(ELECTION, 7c89729d-205d-42d4-b264-d61f860a411d, group-67F92B9E78E8, 2, (t:0, i:0))
2021-08-02 05:52:40,983 [grpc-default-executor-1] INFO  impl.VoteContext (VoteContext.java:log(48)) - d23be368-b70e-4d1a-afe3-0bdcf6fd1c46@group-67F92B9E78E8-FOLLOWER: accept ELECTION from 7c89729d-205d-42d4-b264-d61f860a411d: our priority 0 <= candidate's priority 1
2021-08-02 05:52:40,983 [grpc-default-executor-1] INFO  server.RaftServer$Division (RaftServerImpl.java:setRole(285)) - d23be368-b70e-4d1a-afe3-0bdcf6fd1c46@group-67F92B9E78E8: changes role from  FOLLOWER to FOLLOWER at term 2 for candidate:7c89729d-205d-42d4-b264-d61f860a411d
2021-08-02 05:52:40,983 [grpc-default-executor-1] INFO  impl.RoleInfo (RoleInfo.java:shutdownFollowerState(108)) - d23be368-b70e-4d1a-afe3-0bdcf6fd1c46: shutdown d23be368-b70e-4d1a-afe3-0bdcf6fd1c46@group-67F92B9E78E8-FollowerState
2021-08-02 05:52:40,984 [grpc-default-executor-1] INFO  impl.RoleInfo (RoleInfo.java:updateAndGet(130)) - d23be368-b70e-4d1a-afe3-0bdcf6fd1c46: start d23be368-b70e-4d1a-afe3-0bdcf6fd1c46@group-67F92B9E78E8-FollowerState
2021-08-02 05:52:40,986 [d23be368-b70e-4d1a-afe3-0bdcf6fd1c46@group-67F92B9E78E8-FollowerState] INFO  impl.FollowerState (FollowerState.java:run(143)) - d23be368-b70e-4d1a-afe3-0bdcf6fd1c46@group-67F92B9E78E8-FollowerState was interrupted: {}
java.lang.InterruptedException: sleep interrupted
	at java.lang.Thread.sleep(Native Method)
	at java.lang.Thread.sleep(Thread.java:340)
	at java.util.concurrent.TimeUnit.sleep(TimeUnit.java:386)
	at org.apache.ratis.util.TimeDuration.sleep(TimeDuration.java:324)
	at org.apache.ratis.util.TimeDuration.sleep(TimeDuration.java:309)
	at org.apache.ratis.server.impl.FollowerState.run(FollowerState.java:118)
2021-08-02 05:52:40,994 [grpc-default-executor-1] INFO  server.RaftServer$Division (RaftServerImpl.java:requestVote(1075)) - d23be368-b70e-4d1a-afe3-0bdcf6fd1c46@group-67F92B9E78E8 replies to ELECTION vote request: 7c89729d-205d-42d4-b264-d61f860a411d<-d23be368-b70e-4d1a-afe3-0bdcf6fd1c46#0:OK-t2. Peer's state: d23be368-b70e-4d1a-afe3-0bdcf6fd1c46@group-67F92B9E78E8:t2, leader=null, voted=7c89729d-205d-42d4-b264-d61f860a411d, raftlog=d23be368-b70e-4d1a-afe3-0bdcf6fd1c46@group-67F92B9E78E8-SegmentedRaftLog:OPENED:c-1,f-1,i0, conf=-1: [7c89729d-205d-42d4-b264-d61f860a411d|rpc:10.1.0.32:45115|dataStream:|priority:1, d23be368-b70e-4d1a-afe3-0bdcf6fd1c46|rpc:10.1.0.32:37789|dataStream:|priority:0, 752ad5df-a7ba-47cd-a255-c78e9754ce7f|rpc:10.1.0.32:36497|dataStream:|priority:0], old=null
2021-08-02 05:52:40,996 [7c89729d-205d-42d4-b264-d61f860a411d@group-67F92B9E78E8-LeaderElection14] INFO  impl.LeaderElection (LeaderElection.java:logAndReturn(89)) - 7c89729d-205d-42d4-b264-d61f860a411d@group-67F92B9E78E8-LeaderElection14: ELECTION PASSED received 1 response(s) and 0 exception(s):
2021-08-02 05:52:40,996 [7c89729d-205d-42d4-b264-d61f860a411d@group-67F92B9E78E8-LeaderElection14] INFO  impl.LeaderElection (LeaderElection.java:logAndReturn(93)) -   Response 0: 7c89729d-205d-42d4-b264-d61f860a411d<-d23be368-b70e-4d1a-afe3-0bdcf6fd1c46#0:OK-t2
2021-08-02 05:52:40,996 [7c89729d-205d-42d4-b264-d61f860a411d@group-67F92B9E78E8-LeaderElection14] INFO  impl.LeaderElection (LeaderElection.java:askForVotes(308)) - 7c89729d-205d-42d4-b264-d61f860a411d@group-67F92B9E78E8-LeaderElection14 ELECTION round 0: result PASSED
2021-08-02 05:52:40,996 [7c89729d-205d-42d4-b264-d61f860a411d@group-67F92B9E78E8-LeaderElection14] INFO  impl.RoleInfo (RoleInfo.java:shutdownLeaderElection(121)) - 7c89729d-205d-42d4-b264-d61f860a411d: shutdown 7c89729d-205d-42d4-b264-d61f860a411d@group-67F92B9E78E8-LeaderElection14
2021-08-02 05:52:40,996 [7c89729d-205d-42d4-b264-d61f860a411d@group-67F92B9E78E8-LeaderElection14] INFO  server.RaftServer$Division (RaftServerImpl.java:setRole(285)) - 7c89729d-205d-42d4-b264-d61f860a411d@group-67F92B9E78E8: changes role from CANDIDATE to LEADER at term 2 for changeToLeader
2021-08-02 05:52:40,996 [7c89729d-205d-42d4-b264-d61f860a411d@group-67F92B9E78E8-LeaderElection14] INFO  ratis.XceiverServerRatis (XceiverServerRatis.java:handleLeaderChangedNotification(857)) - Leader change notification received for group: group-67F92B9E78E8 with new leaderId: 7c89729d-205d-42d4-b264-d61f860a411d
2021-08-02 05:52:40,996 [7c89729d-205d-42d4-b264-d61f860a411d@group-67F92B9E78E8-LeaderElection14] INFO  server.RaftServer$Division (ServerState.java:setLeader(285)) - 7c89729d-205d-42d4-b264-d61f860a411d@group-67F92B9E78E8: change Leader from null to 7c89729d-205d-42d4-b264-d61f860a411d at term 2 for becomeLeader, leader elected after 9960ms
2021-08-02 05:52:40,996 [7c89729d-205d-42d4-b264-d61f860a411d@group-67F92B9E78E8-LeaderElection14] INFO  server.RaftServerConfigKeys (ConfUtils.java:logGet(44)) - raft.server.staging.catchup.gap = 1000 (default)
2021-08-02 05:52:40,996 [Datanode State Machine Thread - 0] WARN  statemachine.StateContext (StateContext.java:execute(621)) - No available thread in pool for past 1 seconds.
2021-08-02 05:52:40,996 [7c89729d-205d-42d4-b264-d61f860a411d@group-67F92B9E78E8-LeaderElection14] INFO  server.RaftServerConfigKeys (ConfUtils.java:logGet(44)) - raft.server.write.element-limit = 1024 (custom)
2021-08-02 05:52:41,000 [7c89729d-205d-42d4-b264-d61f860a411d@group-67F92B9E78E8-LeaderElection14] INFO  server.RaftServerConfigKeys (ConfUtils.java:logGet(44)) - raft.server.write.byte-limit = 1073741824 (custom)
2021-08-02 05:52:41,000 [7c89729d-205d-42d4-b264-d61f860a411d@group-67F92B9E78E8-LeaderElection14] INFO  server.RaftServerConfigKeys (ConfUtils.java:logGet(44)) - raft.server.watch.timeout = 3000ms (custom)
2021-08-02 05:52:41,000 [7c89729d-205d-42d4-b264-d61f860a411d@group-67F92B9E78E8-LeaderElection14] INFO  server.RaftServerConfigKeys (ConfUtils.java:logGet(44)) - raft.server.watch.timeout.denomination = 1s (default)
2021-08-02 05:52:41,000 [7c89729d-205d-42d4-b264-d61f860a411d@group-67F92B9E78E8-LeaderElection14] INFO  server.RaftServerConfigKeys (ConfUtils.java:logGet(44)) - raft.server.watch.element-limit = 65536 (default)
2021-08-02 05:52:41,005 [EventQueue-PipelineReportForPipelineReportHandler] INFO  pipeline.PipelineManagerV2Impl (PipelineManagerV2Impl.java:openPipeline(283)) - Pipeline Pipeline[ Id: 77f5a219-a291-4767-982d-67f92b9e78e8, Nodes: 7c89729d-205d-42d4-b264-d61f860a411d{ip: 10.1.0.32, host: fv-az12-406.exdb2aeach2ezidoxz41lk3bwg.cx.internal.cloudapp.net, ports: [REPLICATION=41083, RATIS=45115, RATIS_ADMIN=45115, RATIS_SERVER=45115, STANDALONE=38999], networkLocation: /default-rack, certSerialId: null, persistedOpState: IN_SERVICE, persistedOpStateExpiryEpochSec: 0}d23be368-b70e-4d1a-afe3-0bdcf6fd1c46{ip: 10.1.0.32, host: fv-az12-406.exdb2aeach2ezidoxz41lk3bwg.cx.internal.cloudapp.net, ports: [REPLICATION=44319, RATIS=37789, RATIS_ADMIN=37789, RATIS_SERVER=37789, STANDALONE=36523], networkLocation: /default-rack, certSerialId: null, persistedOpState: IN_SERVICE, persistedOpStateExpiryEpochSec: 0}752ad5df-a7ba-47cd-a255-c78e9754ce7f{ip: 10.1.0.32, host: fv-az12-406.exdb2aeach2ezidoxz41lk3bwg.cx.internal.cloudapp.net, ports: [REPLICATION=38687, RATIS=36497, RATIS_ADMIN=36497, RATIS_SERVER=36497, STANDALONE=35347], networkLocation: /default-rack, certSerialId: null, persistedOpState: IN_SERVICE, persistedOpStateExpiryEpochSec: 0}, ReplicationConfig: RATIS/THREE, State:ALLOCATED, leaderId:7c89729d-205d-42d4-b264-d61f860a411d, CreationTimestamp2021-08-02T05:52:28.159Z[Etc/UTC]] moved to OPEN state
2021-08-02 05:52:41,005 [EventQueue-OpenPipelineForHealthyPipelineSafeModeRule] INFO  safemode.SCMSafeModeManager (HealthyPipelineSafeModeRule.java:process(124)) - SCM in safe mode. Healthy pipelines reported count is 0, required healthy pipeline reported count is 1
2021-08-02 05:52:41,005 [EventQueue-OpenPipelineForHealthyPipelineSafeModeRule] INFO  safemode.SCMSafeModeManager (HealthyPipelineSafeModeRule.java:process(124)) - SCM in safe mode. Healthy pipelines reported count is 1, required healthy pipeline reported count is 1
2021-08-02 05:52:41,005 [EventQueue-OpenPipelineForHealthyPipelineSafeModeRule] INFO  safemode.SCMSafeModeManager (SCMSafeModeManager.java:validateSafeModeExitRules(204)) - HealthyPipelineSafeModeRule rule is successfully validated
2021-08-02 05:52:41,006 [EventQueue-OpenPipelineForHealthyPipelineSafeModeRule] INFO  safemode.SCMSafeModeManager (SCMSafeModeManager.java:validateSafeModeExitRules(219)) - ScmSafeModeManager, all rules are successfully validated
2021-08-02 05:52:41,006 [EventQueue-OpenPipelineForHealthyPipelineSafeModeRule] INFO  safemode.SCMSafeModeManager (SCMSafeModeManager.java:exitSafeMode(248)) - SCM exiting safe mode.
2021-08-02 05:52:41,006 [EventQueue-OpenPipelineForHealthyPipelineSafeModeRule] WARN  events.EventQueue (EventQueue.java:fireEvent(194)) - No event handler registered for event TypedEvent{payloadType=SafeModeStatus, name='Safe mode status'}
2021-08-02 05:52:41,006 [EventQueue-OpenPipelineForHealthyPipelineSafeModeRule] INFO  ha.SCMContext (SCMContext.java:updateSafeModeStatus(205)) - Update SafeModeStatus from SafeModeStatus{safeModeStatus=true, preCheckPassed=true} to SafeModeStatus{safeModeStatus=false, preCheckPassed=true}.
2021-08-02 05:52:41,006 [EventQueue-OpenPipelineForHealthyPipelineSafeModeRule] INFO  pipeline.BackgroundPipelineCreator (BackgroundPipelineCreatorV2.java:notifyStatusChanged(264)) - Service BackgroundPipelineCreator transitions to RUNNING.
2021-08-02 05:52:41,006 [EventQueue-OpenPipelineForHealthyPipelineSafeModeRule] INFO  container.ReplicationManager (ReplicationManager.java:notifyStatusChanged(1674)) - Service ReplicationManager transitions to RUNNING.
2021-08-02 05:52:41,009 [7c89729d-205d-42d4-b264-d61f860a411d@group-67F92B9E78E8-LeaderElection14] INFO  server.RaftServerConfigKeys (ConfUtils.java:logGet(44)) - raft.server.log.appender.snapshot.chunk.size.max = 16MB (=16777216) (default)
2021-08-02 05:52:41,012 [7c89729d-205d-42d4-b264-d61f860a411d@group-67F92B9E78E8-LeaderElection14] INFO  server.RaftServerConfigKeys (ConfUtils.java:logGet(44)) - raft.server.log.appender.buffer.byte-limit = 33554432 (custom)
2021-08-02 05:52:41,012 [7c89729d-205d-42d4-b264-d61f860a411d@group-67F92B9E78E8-LeaderElection14] INFO  server.RaftServerConfigKeys (ConfUtils.java:logGet(44)) - raft.server.log.appender.buffer.element-limit = 1 (custom)
2021-08-02 05:52:41,014 [7c89729d-205d-42d4-b264-d61f860a411d@group-67F92B9E78E8-LeaderElection14] INFO  grpc.GrpcConfigKeys (ConfUtils.java:logGet(44)) - raft.grpc.server.leader.outstanding.appends.max = 128 (default)
2021-08-02 05:52:41,014 [7c89729d-205d-42d4-b264-d61f860a411d@group-67F92B9E78E8-LeaderElection14] INFO  server.RaftServerConfigKeys (ConfUtils.java:logGet(44)) - raft.server.rpc.request.timeout = 3000ms (default)
2021-08-02 05:52:41,014 [7c89729d-205d-42d4-b264-d61f860a411d@group-67F92B9E78E8-LeaderElection14] INFO  server.RaftServerConfigKeys (ConfUtils.java:logGet(44)) - raft.server.log.appender.install.snapshot.enabled = false (custom)
2021-08-02 05:52:41,024 [7c89729d-205d-42d4-b264-d61f860a411d@group-67F92B9E78E8-LeaderElection14] INFO  server.RaftServerConfigKeys (ConfUtils.java:logGet(44)) - raft.server.log.appender.snapshot.chunk.size.max = 16MB (=16777216) (default)
2021-08-02 05:52:41,024 [7c89729d-205d-42d4-b264-d61f860a411d@group-67F92B9E78E8-LeaderElection14] INFO  server.RaftServerConfigKeys (ConfUtils.java:logGet(44)) - raft.server.log.appender.buffer.byte-limit = 33554432 (custom)
2021-08-02 05:52:41,024 [7c89729d-205d-42d4-b264-d61f860a411d@group-67F92B9E78E8-LeaderElection14] INFO  server.RaftServerConfigKeys (ConfUtils.java:logGet(44)) - raft.server.log.appender.buffer.element-limit = 1 (custom)
2021-08-02 05:52:41,024 [7c89729d-205d-42d4-b264-d61f860a411d@group-67F92B9E78E8-LeaderElection14] INFO  grpc.GrpcConfigKeys (ConfUtils.java:logGet(44)) - raft.grpc.server.leader.outstanding.appends.max = 128 (default)
2021-08-02 05:52:41,025 [7c89729d-205d-42d4-b264-d61f860a411d@group-67F92B9E78E8-LeaderElection14] INFO  server.RaftServerConfigKeys (ConfUtils.java:logGet(44)) - raft.server.rpc.request.timeout = 3000ms (default)
2021-08-02 05:52:41,025 [7c89729d-205d-42d4-b264-d61f860a411d@group-67F92B9E78E8-LeaderElection14] INFO  server.RaftServerConfigKeys (ConfUtils.java:logGet(44)) - raft.server.log.appender.install.snapshot.enabled = false (custom)
2021-08-02 05:52:41,026 [7c89729d-205d-42d4-b264-d61f860a411d@group-67F92B9E78E8-LeaderElection14] INFO  impl.RoleInfo (RoleInfo.java:updateAndGet(130)) - 7c89729d-205d-42d4-b264-d61f860a411d: start 7c89729d-205d-42d4-b264-d61f860a411d@group-67F92B9E78E8-LeaderStateImpl
2021-08-02 05:52:41,026 [7c89729d-205d-42d4-b264-d61f860a411d@group-67F92B9E78E8-LeaderElection14] INFO  segmented.SegmentedRaftLogWorker (SegmentedRaftLogWorker.java:startLogSegment(394)) - 7c89729d-205d-42d4-b264-d61f860a411d@group-67F92B9E78E8-SegmentedRaftLogWorker: Starting segment from index:0
2021-08-02 05:52:41,030 [grpc-default-executor-1] INFO  server.RaftServer$Division (RaftServerImpl.java:requestVote(1043)) - 752ad5df-a7ba-47cd-a255-c78e9754ce7f@group-67F92B9E78E8: receive requestVote(ELECTION, 7c89729d-205d-42d4-b264-d61f860a411d, group-67F92B9E78E8, 2, (t:0, i:0))
2021-08-02 05:52:41,030 [grpc-default-executor-1] INFO  impl.VoteContext (VoteContext.java:log(48)) - 752ad5df-a7ba-47cd-a255-c78e9754ce7f@group-67F92B9E78E8-FOLLOWER: accept ELECTION from 7c89729d-205d-42d4-b264-d61f860a411d: our priority 0 <= candidate's priority 1
2021-08-02 05:52:41,030 [grpc-default-executor-1] INFO  server.RaftServer$Division (RaftServerImpl.java:setRole(285)) - 752ad5df-a7ba-47cd-a255-c78e9754ce7f@group-67F92B9E78E8: changes role from  FOLLOWER to FOLLOWER at term 2 for candidate:7c89729d-205d-42d4-b264-d61f860a411d
2021-08-02 05:52:41,030 [grpc-default-executor-1] INFO  impl.RoleInfo (RoleInfo.java:shutdownFollowerState(108)) - 752ad5df-a7ba-47cd-a255-c78e9754ce7f: shutdown 752ad5df-a7ba-47cd-a255-c78e9754ce7f@group-67F92B9E78E8-FollowerState
2021-08-02 05:52:41,030 [grpc-default-executor-1] INFO  impl.RoleInfo (RoleInfo.java:updateAndGet(130)) - 752ad5df-a7ba-47cd-a255-c78e9754ce7f: start 752ad5df-a7ba-47cd-a255-c78e9754ce7f@group-67F92B9E78E8-FollowerState
2021-08-02 05:52:41,030 [752ad5df-a7ba-47cd-a255-c78e9754ce7f@group-67F92B9E78E8-FollowerState] INFO  impl.FollowerState (FollowerState.java:run(143)) - 752ad5df-a7ba-47cd-a255-c78e9754ce7f@group-67F92B9E78E8-FollowerState was interrupted: {}
java.lang.InterruptedException: sleep interrupted
	at java.lang.Thread.sleep(Native Method)
	at java.lang.Thread.sleep(Thread.java:340)
	at java.util.concurrent.TimeUnit.sleep(TimeUnit.java:386)
	at org.apache.ratis.util.TimeDuration.sleep(TimeDuration.java:324)
	at org.apache.ratis.util.TimeDuration.sleep(TimeDuration.java:309)
	at org.apache.ratis.server.impl.FollowerState.run(FollowerState.java:118)
2021-08-02 05:52:41,034 [7c89729d-205d-42d4-b264-d61f860a411d@group-67F92B9E78E8-SegmentedRaftLogWorker] INFO  segmented.SegmentedRaftLogWorker (SegmentedRaftLogWorker.java:execute(601)) - 7c89729d-205d-42d4-b264-d61f860a411d@group-67F92B9E78E8-SegmentedRaftLogWorker: created new log segment /home/runner/work/ozone/ozone/mnt/ozone/hadoop-ozone/integration-test/target/test-dir/MiniOzoneClusterImpl-4f335ae8-e577-43f0-9715-84c03d5ccb1a/datanode-1/data/ratis/77f5a219-a291-4767-982d-67f92b9e78e8/current/log_inprogress_0
2021-08-02 05:52:41,037 [7c89729d-205d-42d4-b264-d61f860a411d@group-67F92B9E78E8-LeaderElection14] INFO  server.RaftServer$Division (ServerState.java:setRaftConf(387)) - 7c89729d-205d-42d4-b264-d61f860a411d@group-67F92B9E78E8: set configuration 0: [7c89729d-205d-42d4-b264-d61f860a411d|rpc:10.1.0.32:45115|dataStream:|priority:1, d23be368-b70e-4d1a-afe3-0bdcf6fd1c46|rpc:10.1.0.32:37789|dataStream:|priority:0, 752ad5df-a7ba-47cd-a255-c78e9754ce7f|rpc:10.1.0.32:36497|dataStream:|priority:0], old=null
2021-08-02 05:52:41,038 [grpc-default-executor-1] INFO  server.RaftServer$Division (RaftServerImpl.java:requestVote(1075)) - 752ad5df-a7ba-47cd-a255-c78e9754ce7f@group-67F92B9E78E8 replies to ELECTION vote request: 7c89729d-205d-42d4-b264-d61f860a411d<-752ad5df-a7ba-47cd-a255-c78e9754ce7f#0:OK-t2. Peer's state: 752ad5df-a7ba-47cd-a255-c78e9754ce7f@group-67F92B9E78E8:t2, leader=null, voted=7c89729d-205d-42d4-b264-d61f860a411d, raftlog=752ad5df-a7ba-47cd-a255-c78e9754ce7f@group-67F92B9E78E8-SegmentedRaftLog:OPENED:c-1,f-1,i0, conf=-1: [7c89729d-205d-42d4-b264-d61f860a411d|rpc:10.1.0.32:45115|priority:1, d23be368-b70e-4d1a-afe3-0bdcf6fd1c46|rpc:10.1.0.32:37789|priority:0, 752ad5df-a7ba-47cd-a255-c78e9754ce7f|rpc:10.1.0.32:36497|priority:0], old=null
2021-08-02 05:52:41,051 [grpc-default-executor-1] INFO  ratis.XceiverServerRatis (XceiverServerRatis.java:handleLeaderChangedNotification(857)) - Leader change notification received for group: group-67F92B9E78E8 with new leaderId: 7c89729d-205d-42d4-b264-d61f860a411d
2021-08-02 05:52:41,051 [grpc-default-executor-1] INFO  server.RaftServer$Division (ServerState.java:setLeader(285)) - 752ad5df-a7ba-47cd-a255-c78e9754ce7f@group-67F92B9E78E8: change Leader from null to 7c89729d-205d-42d4-b264-d61f860a411d at term 2 for appendEntries, leader elected after 10263ms
2021-08-02 05:52:41,072 [grpc-default-executor-0] INFO  ratis.XceiverServerRatis (XceiverServerRatis.java:handleLeaderChangedNotification(857)) - Leader change notification received for group: group-67F92B9E78E8 with new leaderId: 7c89729d-205d-42d4-b264-d61f860a411d
2021-08-02 05:52:41,072 [grpc-default-executor-0] INFO  server.RaftServer$Division (ServerState.java:setLeader(285)) - d23be368-b70e-4d1a-afe3-0bdcf6fd1c46@group-67F92B9E78E8: change Leader from null to 7c89729d-205d-42d4-b264-d61f860a411d at term 2 for appendEntries, leader elected after 9940ms
2021-08-02 05:52:41,090 [grpc-default-executor-0] INFO  server.RaftServer$Division (ServerState.java:setRaftConf(387)) - d23be368-b70e-4d1a-afe3-0bdcf6fd1c46@group-67F92B9E78E8: set configuration 0: [7c89729d-205d-42d4-b264-d61f860a411d|rpc:10.1.0.32:45115|dataStream:|priority:1, d23be368-b70e-4d1a-afe3-0bdcf6fd1c46|rpc:10.1.0.32:37789|dataStream:|priority:0, 752ad5df-a7ba-47cd-a255-c78e9754ce7f|rpc:10.1.0.32:36497|dataStream:|priority:0], old=null
2021-08-02 05:52:41,091 [grpc-default-executor-0] INFO  segmented.SegmentedRaftLogWorker (SegmentedRaftLogWorker.java:startLogSegment(394)) - d23be368-b70e-4d1a-afe3-0bdcf6fd1c46@group-67F92B9E78E8-SegmentedRaftLogWorker: Starting segment from index:0
2021-08-02 05:52:41,092 [d23be368-b70e-4d1a-afe3-0bdcf6fd1c46@group-67F92B9E78E8-SegmentedRaftLogWorker] INFO  segmented.SegmentedRaftLogWorker (SegmentedRaftLogWorker.java:execute(601)) - d23be368-b70e-4d1a-afe3-0bdcf6fd1c46@group-67F92B9E78E8-SegmentedRaftLogWorker: created new log segment /home/runner/work/ozone/ozone/mnt/ozone/hadoop-ozone/integration-test/target/test-dir/MiniOzoneClusterImpl-4f335ae8-e577-43f0-9715-84c03d5ccb1a/datanode-2/data/ratis/77f5a219-a291-4767-982d-67f92b9e78e8/current/log_inprogress_0
2021-08-02 05:52:41,105 [grpc-default-executor-1] INFO  server.RaftServer$Division (ServerState.java:setRaftConf(387)) - 752ad5df-a7ba-47cd-a255-c78e9754ce7f@group-67F92B9E78E8: set configuration 0: [7c89729d-205d-42d4-b264-d61f860a411d|rpc:10.1.0.32:45115|dataStream:|priority:1, d23be368-b70e-4d1a-afe3-0bdcf6fd1c46|rpc:10.1.0.32:37789|dataStream:|priority:0, 752ad5df-a7ba-47cd-a255-c78e9754ce7f|rpc:10.1.0.32:36497|dataStream:|priority:0], old=null
2021-08-02 05:52:41,105 [grpc-default-executor-1] INFO  segmented.SegmentedRaftLogWorker (SegmentedRaftLogWorker.java:startLogSegment(394)) - 752ad5df-a7ba-47cd-a255-c78e9754ce7f@group-67F92B9E78E8-SegmentedRaftLogWorker: Starting segment from index:0
2021-08-02 05:52:41,107 [752ad5df-a7ba-47cd-a255-c78e9754ce7f@group-67F92B9E78E8-SegmentedRaftLogWorker] INFO  segmented.SegmentedRaftLogWorker (SegmentedRaftLogWorker.java:execute(601)) - 752ad5df-a7ba-47cd-a255-c78e9754ce7f@group-67F92B9E78E8-SegmentedRaftLogWorker: created new log segment /home/runner/work/ozone/ozone/mnt/ozone/hadoop-ozone/integration-test/target/test-dir/MiniOzoneClusterImpl-4f335ae8-e577-43f0-9715-84c03d5ccb1a/datanode-0/data/ratis/77f5a219-a291-4767-982d-67f92b9e78e8/current/log_inprogress_0
2021-08-02 05:52:41,485 [Listener at 127.0.0.1/35629] INFO  ozone.MiniOzoneClusterImpl (MiniOzoneClusterImpl.java:lambda$waitForClusterToBeReady$0(235)) - Nodes are ready. Got 9 of 9 DN Heartbeats.
2021-08-02 05:52:41,486 [Listener at 127.0.0.1/35629] INFO  ozone.MiniOzoneClusterImpl (MiniOzoneClusterImpl.java:lambda$waitForClusterToBeReady$0(238)) - Cluster exits safe mode
2021-08-02 05:52:41,486 [Listener at 127.0.0.1/35629] INFO  ozone.MiniOzoneClusterImpl (MiniOzoneClusterImpl.java:lambda$waitForClusterToBeReady$0(240)) - SCM became leader
2021-08-02 05:52:41,693 [fcafdf01-72b7-43de-af91-2233768a6b5f@group-509FF8D45528-FollowerState] INFO  impl.FollowerState (FollowerState.java:run(134)) - fcafdf01-72b7-43de-af91-2233768a6b5f@group-509FF8D45528-FollowerState: change to CANDIDATE, lastRpcElapsedTime:5014945228ns, electionTimeout:5012ms
2021-08-02 05:52:41,694 [fcafdf01-72b7-43de-af91-2233768a6b5f@group-509FF8D45528-FollowerState] INFO  impl.RoleInfo (RoleInfo.java:shutdownFollowerState(108)) - fcafdf01-72b7-43de-af91-2233768a6b5f: shutdown fcafdf01-72b7-43de-af91-2233768a6b5f@group-509FF8D45528-FollowerState
2021-08-02 05:52:41,694 [fcafdf01-72b7-43de-af91-2233768a6b5f@group-509FF8D45528-FollowerState] INFO  server.RaftServer$Division (RaftServerImpl.java:setRole(285)) - fcafdf01-72b7-43de-af91-2233768a6b5f@group-509FF8D45528: changes role from  FOLLOWER to CANDIDATE at term 1 for changeToCandidate
2021-08-02 05:52:41,694 [fcafdf01-72b7-43de-af91-2233768a6b5f@group-509FF8D45528-FollowerState] INFO  server.RaftServerConfigKeys (ConfUtils.java:logGet(44)) - raft.server.leaderelection.pre-vote = false (custom)
2021-08-02 05:52:41,694 [fcafdf01-72b7-43de-af91-2233768a6b5f@group-509FF8D45528-FollowerState] INFO  impl.RoleInfo (RoleInfo.java:updateAndGet(130)) - fcafdf01-72b7-43de-af91-2233768a6b5f: start fcafdf01-72b7-43de-af91-2233768a6b5f@group-509FF8D45528-LeaderElection15
2021-08-02 05:52:41,702 [fcafdf01-72b7-43de-af91-2233768a6b5f@group-509FF8D45528-LeaderElection15] INFO  impl.LeaderElection (LeaderElection.java:askForVotes(306)) - fcafdf01-72b7-43de-af91-2233768a6b5f@group-509FF8D45528-LeaderElection15 ELECTION round 0: submit vote requests at term 2 for -1: [013291a6-5e4a-44b3-a8d9-818cf48fb66e|rpc:10.1.0.32:46845|dataStream:|priority:0, 38187496-3904-43e8-b49b-0f08099c5d11|rpc:10.1.0.32:42039|dataStream:|priority:0, fcafdf01-72b7-43de-af91-2233768a6b5f|rpc:10.1.0.32:37819|dataStream:|priority:1], old=null
2021-08-02 05:52:41,741 [38187496-3904-43e8-b49b-0f08099c5d11@group-509FF8D45528-FollowerState] INFO  impl.FollowerState (FollowerState.java:run(134)) - 38187496-3904-43e8-b49b-0f08099c5d11@group-509FF8D45528-FollowerState: change to CANDIDATE, lastRpcElapsedTime:5049196304ns, electionTimeout:5034ms
2021-08-02 05:52:41,741 [38187496-3904-43e8-b49b-0f08099c5d11@group-509FF8D45528-FollowerState] INFO  impl.RoleInfo (RoleInfo.java:shutdownFollowerState(108)) - 38187496-3904-43e8-b49b-0f08099c5d11: shutdown 38187496-3904-43e8-b49b-0f08099c5d11@group-509FF8D45528-FollowerState
2021-08-02 05:52:41,741 [38187496-3904-43e8-b49b-0f08099c5d11@group-509FF8D45528-FollowerState] INFO  server.RaftServer$Division (RaftServerImpl.java:setRole(285)) - 38187496-3904-43e8-b49b-0f08099c5d11@group-509FF8D45528: changes role from  FOLLOWER to CANDIDATE at term 1 for changeToCandidate
2021-08-02 05:52:41,741 [38187496-3904-43e8-b49b-0f08099c5d11@group-509FF8D45528-FollowerState] INFO  server.RaftServerConfigKeys (ConfUtils.java:logGet(44)) - raft.server.leaderelection.pre-vote = false (custom)
2021-08-02 05:52:41,741 [38187496-3904-43e8-b49b-0f08099c5d11@group-509FF8D45528-FollowerState] INFO  impl.RoleInfo (RoleInfo.java:updateAndGet(130)) - 38187496-3904-43e8-b49b-0f08099c5d11: start 38187496-3904-43e8-b49b-0f08099c5d11@group-509FF8D45528-LeaderElection16
2021-08-02 05:52:41,751 [grpc-default-executor-1] INFO  server.RaftServer$Division (RaftServerImpl.java:requestVote(1043)) - 013291a6-5e4a-44b3-a8d9-818cf48fb66e@group-509FF8D45528: receive requestVote(ELECTION, fcafdf01-72b7-43de-af91-2233768a6b5f, group-509FF8D45528, 2, (t:0, i:0))
2021-08-02 05:52:41,751 [grpc-default-executor-1] INFO  impl.VoteContext (VoteContext.java:log(48)) - 013291a6-5e4a-44b3-a8d9-818cf48fb66e@group-509FF8D45528-FOLLOWER: accept ELECTION from fcafdf01-72b7-43de-af91-2233768a6b5f: our priority 0 <= candidate's priority 1
2021-08-02 05:52:41,751 [grpc-default-executor-1] INFO  server.RaftServer$Division (RaftServerImpl.java:setRole(285)) - 013291a6-5e4a-44b3-a8d9-818cf48fb66e@group-509FF8D45528: changes role from  FOLLOWER to FOLLOWER at term 2 for candidate:fcafdf01-72b7-43de-af91-2233768a6b5f
2021-08-02 05:52:41,751 [grpc-default-executor-1] INFO  impl.RoleInfo (RoleInfo.java:shutdownFollowerState(108)) - 013291a6-5e4a-44b3-a8d9-818cf48fb66e: shutdown 013291a6-5e4a-44b3-a8d9-818cf48fb66e@group-509FF8D45528-FollowerState
2021-08-02 05:52:41,751 [grpc-default-executor-1] INFO  impl.RoleInfo (RoleInfo.java:updateAndGet(130)) - 013291a6-5e4a-44b3-a8d9-818cf48fb66e: start 013291a6-5e4a-44b3-a8d9-818cf48fb66e@group-509FF8D45528-FollowerState
2021-08-02 05:52:41,751 [38187496-3904-43e8-b49b-0f08099c5d11@group-509FF8D45528-LeaderElection16] INFO  impl.LeaderElection (LeaderElection.java:askForVotes(306)) - 38187496-3904-43e8-b49b-0f08099c5d11@group-509FF8D45528-LeaderElection16 ELECTION round 0: submit vote requests at term 2 for -1: [013291a6-5e4a-44b3-a8d9-818cf48fb66e|rpc:10.1.0.32:46845|priority:0, 38187496-3904-43e8-b49b-0f08099c5d11|rpc:10.1.0.32:42039|priority:0, fcafdf01-72b7-43de-af91-2233768a6b5f|rpc:10.1.0.32:37819|priority:1], old=null
2021-08-02 05:52:41,761 [grpc-default-executor-1] INFO  server.RaftServer$Division (RaftServerImpl.java:requestVote(1075)) - 013291a6-5e4a-44b3-a8d9-818cf48fb66e@group-509FF8D45528 replies to ELECTION vote request: fcafdf01-72b7-43de-af91-2233768a6b5f<-013291a6-5e4a-44b3-a8d9-818cf48fb66e#0:OK-t2. Peer's state: 013291a6-5e4a-44b3-a8d9-818cf48fb66e@group-509FF8D45528:t2, leader=null, voted=fcafdf01-72b7-43de-af91-2233768a6b5f, raftlog=013291a6-5e4a-44b3-a8d9-818cf48fb66e@group-509FF8D45528-SegmentedRaftLog:OPENED:c-1,f-1,i0, conf=-1: [013291a6-5e4a-44b3-a8d9-818cf48fb66e|rpc:10.1.0.32:46845|dataStream:|priority:0, 38187496-3904-43e8-b49b-0f08099c5d11|rpc:10.1.0.32:42039|dataStream:|priority:0, fcafdf01-72b7-43de-af91-2233768a6b5f|rpc:10.1.0.32:37819|dataStream:|priority:1], old=null
2021-08-02 05:52:41,768 [013291a6-5e4a-44b3-a8d9-818cf48fb66e@group-509FF8D45528-FollowerState] INFO  impl.FollowerState (FollowerState.java:run(134)) - 013291a6-5e4a-44b3-a8d9-818cf48fb66e@group-509FF8D45528-FollowerState: change to CANDIDATE, lastRpcElapsedTime:5077742416ns, electionTimeout:5049ms
2021-08-02 05:52:41,768 [013291a6-5e4a-44b3-a8d9-818cf48fb66e@group-509FF8D45528-FollowerState] INFO  impl.RoleInfo (RoleInfo.java:shutdownFollowerState(108)) - 013291a6-5e4a-44b3-a8d9-818cf48fb66e: shutdown 013291a6-5e4a-44b3-a8d9-818cf48fb66e@group-509FF8D45528-FollowerState
2021-08-02 05:52:41,768 [013291a6-5e4a-44b3-a8d9-818cf48fb66e@group-509FF8D45528-FollowerState] INFO  server.RaftServer$Division (RaftServerImpl.java:setRole(285)) - 013291a6-5e4a-44b3-a8d9-818cf48fb66e@group-509FF8D45528: changes role from  FOLLOWER to CANDIDATE at term 2 for changeToCandidate
2021-08-02 05:52:41,769 [013291a6-5e4a-44b3-a8d9-818cf48fb66e@group-509FF8D45528-FollowerState] INFO  server.RaftServerConfigKeys (ConfUtils.java:logGet(44)) - raft.server.leaderelection.pre-vote = false (custom)
2021-08-02 05:52:41,769 [013291a6-5e4a-44b3-a8d9-818cf48fb66e@group-509FF8D45528-FollowerState] INFO  impl.RoleInfo (RoleInfo.java:updateAndGet(130)) - 013291a6-5e4a-44b3-a8d9-818cf48fb66e: start 013291a6-5e4a-44b3-a8d9-818cf48fb66e@group-509FF8D45528-LeaderElection17
2021-08-02 05:52:41,769 [grpc-default-executor-0] INFO  server.RaftServer$Division (RaftServerImpl.java:requestVote(1043)) - 38187496-3904-43e8-b49b-0f08099c5d11@group-509FF8D45528: receive requestVote(ELECTION, fcafdf01-72b7-43de-af91-2233768a6b5f, group-509FF8D45528, 2, (t:0, i:0))
2021-08-02 05:52:41,769 [grpc-default-executor-0] INFO  impl.VoteContext (VoteContext.java:log(48)) - 38187496-3904-43e8-b49b-0f08099c5d11@group-509FF8D45528-CANDIDATE: reject ELECTION from fcafdf01-72b7-43de-af91-2233768a6b5f: already has voted for 38187496-3904-43e8-b49b-0f08099c5d11 at current term 2
2021-08-02 05:52:41,769 [grpc-default-executor-0] INFO  server.RaftServer$Division (RaftServerImpl.java:requestVote(1075)) - 38187496-3904-43e8-b49b-0f08099c5d11@group-509FF8D45528 replies to ELECTION vote request: fcafdf01-72b7-43de-af91-2233768a6b5f<-38187496-3904-43e8-b49b-0f08099c5d11#0:FAIL-t2. Peer's state: 38187496-3904-43e8-b49b-0f08099c5d11@group-509FF8D45528:t2, leader=null, voted=38187496-3904-43e8-b49b-0f08099c5d11, raftlog=38187496-3904-43e8-b49b-0f08099c5d11@group-509FF8D45528-SegmentedRaftLog:OPENED:c-1,f-1,i0, conf=-1: [013291a6-5e4a-44b3-a8d9-818cf48fb66e|rpc:10.1.0.32:46845|priority:0, 38187496-3904-43e8-b49b-0f08099c5d11|rpc:10.1.0.32:42039|priority:0, fcafdf01-72b7-43de-af91-2233768a6b5f|rpc:10.1.0.32:37819|priority:1], old=null
2021-08-02 05:52:41,769 [013291a6-5e4a-44b3-a8d9-818cf48fb66e@group-509FF8D45528-FollowerState] INFO  impl.FollowerState (FollowerState.java:run(143)) - 013291a6-5e4a-44b3-a8d9-818cf48fb66e@group-509FF8D45528-FollowerState was interrupted: {}
java.lang.InterruptedException: sleep interrupted
	at java.lang.Thread.sleep(Native Method)
	at java.lang.Thread.sleep(Thread.java:340)
	at java.util.concurrent.TimeUnit.sleep(TimeUnit.java:386)
	at org.apache.ratis.util.TimeDuration.sleep(TimeDuration.java:324)
	at org.apache.ratis.util.TimeDuration.sleep(TimeDuration.java:309)
	at org.apache.ratis.server.impl.FollowerState.run(FollowerState.java:118)
2021-08-02 05:52:41,773 [fcafdf01-72b7-43de-af91-2233768a6b5f@group-509FF8D45528-LeaderElection15] INFO  impl.LeaderElection (LeaderElection.java:logAndReturn(89)) - fcafdf01-72b7-43de-af91-2233768a6b5f@group-509FF8D45528-LeaderElection15: ELECTION PASSED received 1 response(s) and 0 exception(s):
2021-08-02 05:52:41,773 [fcafdf01-72b7-43de-af91-2233768a6b5f@group-509FF8D45528-LeaderElection15] INFO  impl.LeaderElection (LeaderElection.java:logAndReturn(93)) -   Response 0: fcafdf01-72b7-43de-af91-2233768a6b5f<-013291a6-5e4a-44b3-a8d9-818cf48fb66e#0:OK-t2
2021-08-02 05:52:41,773 [fcafdf01-72b7-43de-af91-2233768a6b5f@group-509FF8D45528-LeaderElection15] INFO  impl.LeaderElection (LeaderElection.java:askForVotes(308)) - fcafdf01-72b7-43de-af91-2233768a6b5f@group-509FF8D45528-LeaderElection15 ELECTION round 0: result PASSED
2021-08-02 05:52:41,773 [fcafdf01-72b7-43de-af91-2233768a6b5f@group-509FF8D45528-LeaderElection15] INFO  impl.RoleInfo (RoleInfo.java:shutdownLeaderElection(121)) - fcafdf01-72b7-43de-af91-2233768a6b5f: shutdown fcafdf01-72b7-43de-af91-2233768a6b5f@group-509FF8D45528-LeaderElection15
2021-08-02 05:52:41,773 [fcafdf01-72b7-43de-af91-2233768a6b5f@group-509FF8D45528-LeaderElection15] INFO  server.RaftServer$Division (RaftServerImpl.java:setRole(285)) - fcafdf01-72b7-43de-af91-2233768a6b5f@group-509FF8D45528: changes role from CANDIDATE to LEADER at term 2 for changeToLeader
2021-08-02 05:52:41,774 [fcafdf01-72b7-43de-af91-2233768a6b5f@group-509FF8D45528-LeaderElection15] INFO  ratis.XceiverServerRatis (XceiverServerRatis.java:handleLeaderChangedNotification(857)) - Leader change notification received for group: group-509FF8D45528 with new leaderId: fcafdf01-72b7-43de-af91-2233768a6b5f
2021-08-02 05:52:41,774 [fcafdf01-72b7-43de-af91-2233768a6b5f@group-509FF8D45528-LeaderElection15] INFO  server.RaftServer$Division (ServerState.java:setLeader(285)) - fcafdf01-72b7-43de-af91-2233768a6b5f@group-509FF8D45528: change Leader from null to fcafdf01-72b7-43de-af91-2233768a6b5f at term 2 for becomeLeader, leader elected after 10109ms
2021-08-02 05:52:41,774 [fcafdf01-72b7-43de-af91-2233768a6b5f@group-509FF8D45528-LeaderElection15] INFO  server.RaftServerConfigKeys (ConfUtils.java:logGet(44)) - raft.server.staging.catchup.gap = 1000 (default)
2021-08-02 05:52:41,774 [fcafdf01-72b7-43de-af91-2233768a6b5f@group-509FF8D45528-LeaderElection15] INFO  server.RaftServerConfigKeys (ConfUtils.java:logGet(44)) - raft.server.write.element-limit = 1024 (custom)
2021-08-02 05:52:41,774 [fcafdf01-72b7-43de-af91-2233768a6b5f@group-509FF8D45528-LeaderElection15] INFO  server.RaftServerConfigKeys (ConfUtils.java:logGet(44)) - raft.server.write.byte-limit = 1073741824 (custom)
2021-08-02 05:52:41,774 [Datanode State Machine Thread - 0] WARN  statemachine.StateContext (StateContext.java:execute(621)) - No available thread in pool for past 1 seconds.
2021-08-02 05:52:41,774 [fcafdf01-72b7-43de-af91-2233768a6b5f@group-509FF8D45528-LeaderElection15] INFO  server.RaftServerConfigKeys (ConfUtils.java:logGet(44)) - raft.server.watch.timeout = 3000ms (custom)
2021-08-02 05:52:41,774 [fcafdf01-72b7-43de-af91-2233768a6b5f@group-509FF8D45528-LeaderElection15] INFO  server.RaftServerConfigKeys (ConfUtils.java:logGet(44)) - raft.server.watch.timeout.denomination = 1s (default)
2021-08-02 05:52:41,774 [fcafdf01-72b7-43de-af91-2233768a6b5f@group-509FF8D45528-LeaderElection15] INFO  server.RaftServerConfigKeys (ConfUtils.java:logGet(44)) - raft.server.watch.element-limit = 65536 (default)
2021-08-02 05:52:41,774 [fcafdf01-72b7-43de-af91-2233768a6b5f@group-509FF8D45528-LeaderElection15] INFO  server.RaftServerConfigKeys (ConfUtils.java:logGet(44)) - raft.server.log.appender.snapshot.chunk.size.max = 16MB (=16777216) (default)
2021-08-02 05:52:41,774 [fcafdf01-72b7-43de-af91-2233768a6b5f@group-509FF8D45528-LeaderElection15] INFO  server.RaftServerConfigKeys (ConfUtils.java:logGet(44)) - raft.server.log.appender.buffer.byte-limit = 33554432 (custom)
2021-08-02 05:52:41,775 [fcafdf01-72b7-43de-af91-2233768a6b5f@group-509FF8D45528-LeaderElection15] INFO  server.RaftServerConfigKeys (ConfUtils.java:logGet(44)) - raft.server.log.appender.buffer.element-limit = 1 (custom)
2021-08-02 05:52:41,782 [EventQueue-PipelineReportForPipelineReportHandler] INFO  pipeline.PipelineManagerV2Impl (PipelineManagerV2Impl.java:openPipeline(283)) - Pipeline Pipeline[ Id: 17ac55dc-98f0-46e9-846b-509ff8d45528, Nodes: 38187496-3904-43e8-b49b-0f08099c5d11{ip: 10.1.0.32, host: fv-az12-406.exdb2aeach2ezidoxz41lk3bwg.cx.internal.cloudapp.net, ports: [REPLICATION=40025, RATIS=42039, RATIS_ADMIN=42039, RATIS_SERVER=42039, STANDALONE=43281], networkLocation: /default-rack, certSerialId: null, persistedOpState: IN_SERVICE, persistedOpStateExpiryEpochSec: 0}fcafdf01-72b7-43de-af91-2233768a6b5f{ip: 10.1.0.32, host: fv-az12-406.exdb2aeach2ezidoxz41lk3bwg.cx.internal.cloudapp.net, ports: [REPLICATION=45841, RATIS=37819, RATIS_ADMIN=37819, RATIS_SERVER=37819, STANDALONE=39001], networkLocation: /default-rack, certSerialId: null, persistedOpState: IN_SERVICE, persistedOpStateExpiryEpochSec: 0}013291a6-5e4a-44b3-a8d9-818cf48fb66e{ip: 10.1.0.32, host: fv-az12-406.exdb2aeach2ezidoxz41lk3bwg.cx.internal.cloudapp.net, ports: [REPLICATION=45573, RATIS=46845, RATIS_ADMIN=46845, RATIS_SERVER=46845, STANDALONE=42307], networkLocation: /default-rack, certSerialId: null, persistedOpState: IN_SERVICE, persistedOpStateExpiryEpochSec: 0}, ReplicationConfig: RATIS/THREE, State:ALLOCATED, leaderId:fcafdf01-72b7-43de-af91-2233768a6b5f, CreationTimestamp2021-08-02T05:52:28.982Z[Etc/UTC]] moved to OPEN state
2021-08-02 05:52:41,782 [grpc-default-executor-1] INFO  server.RaftServer$Division (RaftServerImpl.java:requestVote(1043)) - 013291a6-5e4a-44b3-a8d9-818cf48fb66e@group-509FF8D45528: receive requestVote(ELECTION, 38187496-3904-43e8-b49b-0f08099c5d11, group-509FF8D45528, 2, (t:0, i:0))
2021-08-02 05:52:41,781 [fcafdf01-72b7-43de-af91-2233768a6b5f@group-509FF8D45528-LeaderElection15] INFO  grpc.GrpcConfigKeys (ConfUtils.java:logGet(44)) - raft.grpc.server.leader.outstanding.appends.max = 128 (default)
2021-08-02 05:52:41,784 [fcafdf01-72b7-43de-af91-2233768a6b5f@group-509FF8D45528-LeaderElection15] INFO  server.RaftServerConfigKeys (ConfUtils.java:logGet(44)) - raft.server.rpc.request.timeout = 3000ms (default)
2021-08-02 05:52:41,784 [grpc-default-executor-0] INFO  server.RaftServer$Division (RaftServerImpl.java:requestVote(1043)) - fcafdf01-72b7-43de-af91-2233768a6b5f@group-509FF8D45528: receive requestVote(ELECTION, 38187496-3904-43e8-b49b-0f08099c5d11, group-509FF8D45528, 2, (t:0, i:0))
2021-08-02 05:52:41,784 [fcafdf01-72b7-43de-af91-2233768a6b5f@group-509FF8D45528-LeaderElection15] INFO  server.RaftServerConfigKeys (ConfUtils.java:logGet(44)) - raft.server.log.appender.install.snapshot.enabled = false (custom)
2021-08-02 05:52:41,785 [fcafdf01-72b7-43de-af91-2233768a6b5f@group-509FF8D45528-LeaderElection15] INFO  server.RaftServerConfigKeys (ConfUtils.java:logGet(44)) - raft.server.log.appender.snapshot.chunk.size.max = 16MB (=16777216) (default)
2021-08-02 05:52:41,785 [fcafdf01-72b7-43de-af91-2233768a6b5f@group-509FF8D45528-LeaderElection15] INFO  server.RaftServerConfigKeys (ConfUtils.java:logGet(44)) - raft.server.log.appender.buffer.byte-limit = 33554432 (custom)
2021-08-02 05:52:41,785 [fcafdf01-72b7-43de-af91-2233768a6b5f@group-509FF8D45528-LeaderElection15] INFO  server.RaftServerConfigKeys (ConfUtils.java:logGet(44)) - raft.server.log.appender.buffer.element-limit = 1 (custom)
2021-08-02 05:52:41,785 [fcafdf01-72b7-43de-af91-2233768a6b5f@group-509FF8D45528-LeaderElection15] INFO  grpc.GrpcConfigKeys (ConfUtils.java:logGet(44)) - raft.grpc.server.leader.outstanding.appends.max = 128 (default)
2021-08-02 05:52:41,785 [fcafdf01-72b7-43de-af91-2233768a6b5f@group-509FF8D45528-LeaderElection15] INFO  server.RaftServerConfigKeys (ConfUtils.java:logGet(44)) - raft.server.rpc.request.timeout = 3000ms (default)
2021-08-02 05:52:41,785 [fcafdf01-72b7-43de-af91-2233768a6b5f@group-509FF8D45528-LeaderElection15] INFO  server.RaftServerConfigKeys (ConfUtils.java:logGet(44)) - raft.server.log.appender.install.snapshot.enabled = false (custom)
2021-08-02 05:52:41,786 [grpc-default-executor-1] INFO  impl.VoteContext (VoteContext.java:log(48)) - 013291a6-5e4a-44b3-a8d9-818cf48fb66e@group-509FF8D45528-CANDIDATE: reject ELECTION from 38187496-3904-43e8-b49b-0f08099c5d11: current term 3 > candidate's term 2
2021-08-02 05:52:41,786 [grpc-default-executor-1] INFO  server.RaftServer$Division (RaftServerImpl.java:requestVote(1075)) - 013291a6-5e4a-44b3-a8d9-818cf48fb66e@group-509FF8D45528 replies to ELECTION vote request: 38187496-3904-43e8-b49b-0f08099c5d11<-013291a6-5e4a-44b3-a8d9-818cf48fb66e#0:FAIL-t3. Peer's state: 013291a6-5e4a-44b3-a8d9-818cf48fb66e@group-509FF8D45528:t3, leader=null, voted=013291a6-5e4a-44b3-a8d9-818cf48fb66e, raftlog=013291a6-5e4a-44b3-a8d9-818cf48fb66e@group-509FF8D45528-SegmentedRaftLog:OPENED:c-1,f-1,i0, conf=-1: [013291a6-5e4a-44b3-a8d9-818cf48fb66e|rpc:10.1.0.32:46845|dataStream:|priority:0, 38187496-3904-43e8-b49b-0f08099c5d11|rpc:10.1.0.32:42039|dataStream:|priority:0, fcafdf01-72b7-43de-af91-2233768a6b5f|rpc:10.1.0.32:37819|dataStream:|priority:1], old=null
2021-08-02 05:52:41,786 [fcafdf01-72b7-43de-af91-2233768a6b5f@group-509FF8D45528-LeaderElection15] INFO  impl.RoleInfo (RoleInfo.java:updateAndGet(130)) - fcafdf01-72b7-43de-af91-2233768a6b5f: start fcafdf01-72b7-43de-af91-2233768a6b5f@group-509FF8D45528-LeaderStateImpl
2021-08-02 05:52:41,786 [013291a6-5e4a-44b3-a8d9-818cf48fb66e@group-509FF8D45528-LeaderElection17] INFO  impl.LeaderElection (LeaderElection.java:askForVotes(306)) - 013291a6-5e4a-44b3-a8d9-818cf48fb66e@group-509FF8D45528-LeaderElection17 ELECTION round 0: submit vote requests at term 3 for -1: [013291a6-5e4a-44b3-a8d9-818cf48fb66e|rpc:10.1.0.32:46845|dataStream:|priority:0, 38187496-3904-43e8-b49b-0f08099c5d11|rpc:10.1.0.32:42039|dataStream:|priority:0, fcafdf01-72b7-43de-af91-2233768a6b5f|rpc:10.1.0.32:37819|dataStream:|priority:1], old=null
2021-08-02 05:52:41,786 [fcafdf01-72b7-43de-af91-2233768a6b5f@group-509FF8D45528-LeaderElection15] INFO  segmented.SegmentedRaftLogWorker (SegmentedRaftLogWorker.java:startLogSegment(394)) - fcafdf01-72b7-43de-af91-2233768a6b5f@group-509FF8D45528-SegmentedRaftLogWorker: Starting segment from index:0
2021-08-02 05:52:41,802 [fcafdf01-72b7-43de-af91-2233768a6b5f@group-509FF8D45528-SegmentedRaftLogWorker] INFO  segmented.SegmentedRaftLogWorker (SegmentedRaftLogWorker.java:execute(601)) - fcafdf01-72b7-43de-af91-2233768a6b5f@group-509FF8D45528-SegmentedRaftLogWorker: created new log segment /home/runner/work/ozone/ozone/mnt/ozone/hadoop-ozone/integration-test/target/test-dir/MiniOzoneClusterImpl-4f335ae8-e577-43f0-9715-84c03d5ccb1a/datanode-5/data/ratis/17ac55dc-98f0-46e9-846b-509ff8d45528/current/log_inprogress_0
2021-08-02 05:52:41,815 [38187496-3904-43e8-b49b-0f08099c5d11@group-509FF8D45528-LeaderElection16] INFO  impl.LeaderElection (LeaderElection.java:logAndReturn(89)) - 38187496-3904-43e8-b49b-0f08099c5d11@group-509FF8D45528-LeaderElection16: ELECTION DISCOVERED_A_NEW_TERM (term=3) received 1 response(s) and 0 exception(s):
2021-08-02 05:52:41,815 [38187496-3904-43e8-b49b-0f08099c5d11@group-509FF8D45528-LeaderElection16] INFO  impl.LeaderElection (LeaderElection.java:logAndReturn(93)) -   Response 0: 38187496-3904-43e8-b49b-0f08099c5d11<-013291a6-5e4a-44b3-a8d9-818cf48fb66e#0:FAIL-t3
2021-08-02 05:52:41,816 [38187496-3904-43e8-b49b-0f08099c5d11@group-509FF8D45528-LeaderElection16] INFO  impl.LeaderElection (LeaderElection.java:askForVotes(308)) - 38187496-3904-43e8-b49b-0f08099c5d11@group-509FF8D45528-LeaderElection16 ELECTION round 0: result DISCOVERED_A_NEW_TERM (term=3)
2021-08-02 05:52:41,816 [38187496-3904-43e8-b49b-0f08099c5d11@group-509FF8D45528-LeaderElection16] INFO  server.RaftServer$Division (RaftServerImpl.java:setRole(285)) - 38187496-3904-43e8-b49b-0f08099c5d11@group-509FF8D45528: changes role from CANDIDATE to FOLLOWER at term 3 for DISCOVERED_A_NEW_TERM (term=3)
2021-08-02 05:52:41,816 [38187496-3904-43e8-b49b-0f08099c5d11@group-509FF8D45528-LeaderElection16] INFO  impl.RoleInfo (RoleInfo.java:shutdownLeaderElection(121)) - 38187496-3904-43e8-b49b-0f08099c5d11: shutdown 38187496-3904-43e8-b49b-0f08099c5d11@group-509FF8D45528-LeaderElection16
2021-08-02 05:52:41,816 [38187496-3904-43e8-b49b-0f08099c5d11@group-509FF8D45528-LeaderElection16] INFO  impl.RoleInfo (RoleInfo.java:updateAndGet(130)) - 38187496-3904-43e8-b49b-0f08099c5d11: start 38187496-3904-43e8-b49b-0f08099c5d11@group-509FF8D45528-FollowerState
2021-08-02 05:52:41,815 [fcafdf01-72b7-43de-af91-2233768a6b5f@group-509FF8D45528-LeaderElection15] INFO  server.RaftServer$Division (ServerState.java:setRaftConf(387)) - fcafdf01-72b7-43de-af91-2233768a6b5f@group-509FF8D45528: set configuration 0: [013291a6-5e4a-44b3-a8d9-818cf48fb66e|rpc:10.1.0.32:46845|dataStream:|priority:0, 38187496-3904-43e8-b49b-0f08099c5d11|rpc:10.1.0.32:42039|dataStream:|priority:0, fcafdf01-72b7-43de-af91-2233768a6b5f|rpc:10.1.0.32:37819|dataStream:|priority:1], old=null
2021-08-02 05:52:41,817 [grpc-default-executor-0] INFO  impl.VoteContext (VoteContext.java:log(48)) - fcafdf01-72b7-43de-af91-2233768a6b5f@group-509FF8D45528-LEADER: reject ELECTION from 38187496-3904-43e8-b49b-0f08099c5d11: already has voted for fcafdf01-72b7-43de-af91-2233768a6b5f at current term 2
2021-08-02 05:52:41,817 [grpc-default-executor-0] INFO  server.RaftServer$Division (RaftServerImpl.java:requestVote(1075)) - fcafdf01-72b7-43de-af91-2233768a6b5f@group-509FF8D45528 replies to ELECTION vote request: 38187496-3904-43e8-b49b-0f08099c5d11<-fcafdf01-72b7-43de-af91-2233768a6b5f#0:FAIL-t2. Peer's state: fcafdf01-72b7-43de-af91-2233768a6b5f@group-509FF8D45528:t2, leader=fcafdf01-72b7-43de-af91-2233768a6b5f, voted=fcafdf01-72b7-43de-af91-2233768a6b5f, raftlog=fcafdf01-72b7-43de-af91-2233768a6b5f@group-509FF8D45528-SegmentedRaftLog:OPENED:c-1,f0,i0, conf=0: [013291a6-5e4a-44b3-a8d9-818cf48fb66e|rpc:10.1.0.32:46845|dataStream:|priority:0, 38187496-3904-43e8-b49b-0f08099c5d11|rpc:10.1.0.32:42039|dataStream:|priority:0, fcafdf01-72b7-43de-af91-2233768a6b5f|rpc:10.1.0.32:37819|dataStream:|priority:1], old=null
2021-08-02 05:52:41,831 [grpc-default-executor-0] INFO  server.RaftServer$Division (RaftServerImpl.java:requestVote(1043)) - 38187496-3904-43e8-b49b-0f08099c5d11@group-509FF8D45528: receive requestVote(ELECTION, 013291a6-5e4a-44b3-a8d9-818cf48fb66e, group-509FF8D45528, 3, (t:0, i:0))
2021-08-02 05:52:41,831 [grpc-default-executor-0] INFO  impl.VoteContext (VoteContext.java:log(48)) - 38187496-3904-43e8-b49b-0f08099c5d11@group-509FF8D45528-FOLLOWER: accept ELECTION from 013291a6-5e4a-44b3-a8d9-818cf48fb66e: our priority 0 <= candidate's priority 0
2021-08-02 05:52:41,831 [grpc-default-executor-0] INFO  server.RaftServer$Division (RaftServerImpl.java:setRole(285)) - 38187496-3904-43e8-b49b-0f08099c5d11@group-509FF8D45528: changes role from  FOLLOWER to FOLLOWER at term 3 for candidate:013291a6-5e4a-44b3-a8d9-818cf48fb66e
2021-08-02 05:52:41,831 [grpc-default-executor-0] INFO  impl.RoleInfo (RoleInfo.java:shutdownFollowerState(108)) - 38187496-3904-43e8-b49b-0f08099c5d11: shutdown 38187496-3904-43e8-b49b-0f08099c5d11@group-509FF8D45528-FollowerState
2021-08-02 05:52:41,831 [grpc-default-executor-0] INFO  impl.RoleInfo (RoleInfo.java:updateAndGet(130)) - 38187496-3904-43e8-b49b-0f08099c5d11: start 38187496-3904-43e8-b49b-0f08099c5d11@group-509FF8D45528-FollowerState
2021-08-02 05:52:41,839 [fcafdf01-72b7-43de-af91-2233768a6b5f@group-509FF8D45528-LeaderStateImpl] INFO  server.RaftServer$Division (ServerState.java:setLeader(285)) - fcafdf01-72b7-43de-af91-2233768a6b5f@group-509FF8D45528: change Leader from fcafdf01-72b7-43de-af91-2233768a6b5f to null at term 3 for updateCurrentTerm
2021-08-02 05:52:41,839 [fcafdf01-72b7-43de-af91-2233768a6b5f@group-509FF8D45528-LeaderStateImpl] INFO  server.RaftServer$Division (RaftServerImpl.java:setRole(285)) - fcafdf01-72b7-43de-af91-2233768a6b5f@group-509FF8D45528: changes role from    LEADER to FOLLOWER at term 3 for StepDownReason:HIGHER_TERM
2021-08-02 05:52:41,839 [fcafdf01-72b7-43de-af91-2233768a6b5f@group-509FF8D45528-LeaderStateImpl] INFO  impl.RoleInfo (RoleInfo.java:shutdownLeaderState(91)) - fcafdf01-72b7-43de-af91-2233768a6b5f: shutdown fcafdf01-72b7-43de-af91-2233768a6b5f@group-509FF8D45528-LeaderStateImpl
2021-08-02 05:52:41,840 [fcafdf01-72b7-43de-af91-2233768a6b5f@group-509FF8D45528-LeaderStateImpl] INFO  impl.PendingRequests (PendingRequests.java:sendNotLeaderResponses(249)) - fcafdf01-72b7-43de-af91-2233768a6b5f@group-509FF8D45528-PendingRequests: sendNotLeaderResponses
2021-08-02 05:52:41,841 [fcafdf01-72b7-43de-af91-2233768a6b5f@group-509FF8D45528-LeaderStateImpl] INFO  impl.RoleInfo (RoleInfo.java:updateAndGet(130)) - fcafdf01-72b7-43de-af91-2233768a6b5f: start fcafdf01-72b7-43de-af91-2233768a6b5f@group-509FF8D45528-FollowerState
2021-08-02 05:52:41,841 [fcafdf01-72b7-43de-af91-2233768a6b5f@group-509FF8D45528->013291a6-5e4a-44b3-a8d9-818cf48fb66e-GrpcLogAppender-LogAppenderDaemon] WARN  server.GrpcLogAppender (GrpcLogAppender.java:mayWait(175)) - fcafdf01-72b7-43de-af91-2233768a6b5f@group-509FF8D45528->013291a6-5e4a-44b3-a8d9-818cf48fb66e-GrpcLogAppender: Wait interrupted by java.lang.InterruptedException
2021-08-02 05:52:41,845 [grpc-default-executor-0] INFO  server.RaftServer$Division (RaftServerImpl.java:requestVote(1075)) - 38187496-3904-43e8-b49b-0f08099c5d11@group-509FF8D45528 replies to ELECTION vote request: 013291a6-5e4a-44b3-a8d9-818cf48fb66e<-38187496-3904-43e8-b49b-0f08099c5d11#0:OK-t3. Peer's state: 38187496-3904-43e8-b49b-0f08099c5d11@group-509FF8D45528:t3, leader=null, voted=013291a6-5e4a-44b3-a8d9-818cf48fb66e, raftlog=38187496-3904-43e8-b49b-0f08099c5d11@group-509FF8D45528-SegmentedRaftLog:OPENED:c-1,f-1,i0, conf=-1: [013291a6-5e4a-44b3-a8d9-818cf48fb66e|rpc:10.1.0.32:46845|priority:0, 38187496-3904-43e8-b49b-0f08099c5d11|rpc:10.1.0.32:42039|priority:0, fcafdf01-72b7-43de-af91-2233768a6b5f|rpc:10.1.0.32:37819|priority:1], old=null
2021-08-02 05:52:41,842 [fcafdf01-72b7-43de-af91-2233768a6b5f@group-509FF8D45528->38187496-3904-43e8-b49b-0f08099c5d11-GrpcLogAppender-LogAppenderDaemon] WARN  server.GrpcLogAppender (GrpcLogAppender.java:mayWait(175)) - fcafdf01-72b7-43de-af91-2233768a6b5f@group-509FF8D45528->38187496-3904-43e8-b49b-0f08099c5d11-GrpcLogAppender: Wait interrupted by java.lang.InterruptedException
2021-08-02 05:52:41,853 [38187496-3904-43e8-b49b-0f08099c5d11@group-509FF8D45528-FollowerState] INFO  impl.FollowerState (FollowerState.java:run(143)) - 38187496-3904-43e8-b49b-0f08099c5d11@group-509FF8D45528-FollowerState was interrupted: {}
java.lang.InterruptedException: sleep interrupted
	at java.lang.Thread.sleep(Native Method)
	at java.lang.Thread.sleep(Thread.java:340)
	at java.util.concurrent.TimeUnit.sleep(TimeUnit.java:386)
	at org.apache.ratis.util.TimeDuration.sleep(TimeDuration.java:324)
	at org.apache.ratis.util.TimeDuration.sleep(TimeDuration.java:309)
	at org.apache.ratis.server.impl.FollowerState.run(FollowerState.java:118)
2021-08-02 05:52:41,854 [grpc-default-executor-1] INFO  server.GrpcServerProtocolService (GrpcServerProtocolService.java:onCompleted(140)) - 013291a6-5e4a-44b3-a8d9-818cf48fb66e: Completed APPEND_ENTRIES, lastRequest: fcafdf01-72b7-43de-af91-2233768a6b5f->013291a6-5e4a-44b3-a8d9-818cf48fb66e#1-t2,previous=(t:0, i:0),leaderCommit=-1,initializing? true,entries: size=1, first=(t:2, i:0), CONFIGURATIONENTRY
2021-08-02 05:52:41,855 [grpc-default-executor-3] INFO  server.GrpcServerProtocolService (GrpcServerProtocolService.java:onCompleted(140)) - 38187496-3904-43e8-b49b-0f08099c5d11: Completed APPEND_ENTRIES, lastRequest: fcafdf01-72b7-43de-af91-2233768a6b5f->38187496-3904-43e8-b49b-0f08099c5d11#1-t2,previous=(t:0, i:0),leaderCommit=0,initializing? true,entries: size=1, first=(t:2, i:0), CONFIGURATIONENTRY
2021-08-02 05:52:41,864 [grpc-default-executor-3] INFO  server.GrpcLogAppender (GrpcLogAppender.java:onCompleted(344)) - fcafdf01-72b7-43de-af91-2233768a6b5f@group-509FF8D45528->013291a6-5e4a-44b3-a8d9-818cf48fb66e-AppendLogResponseHandler: follower responses appendEntries COMPLETED
2021-08-02 05:52:41,864 [grpc-default-executor-0] INFO  server.GrpcLogAppender (GrpcLogAppender.java:onCompleted(344)) - fcafdf01-72b7-43de-af91-2233768a6b5f@group-509FF8D45528->38187496-3904-43e8-b49b-0f08099c5d11-AppendLogResponseHandler: follower responses appendEntries COMPLETED
2021-08-02 05:52:41,866 [grpc-default-executor-0] INFO  leader.FollowerInfo (FollowerInfoImpl.java:lambda$new$0(46)) - fcafdf01-72b7-43de-af91-2233768a6b5f@group-509FF8D45528->38187496-3904-43e8-b49b-0f08099c5d11: nextIndex: updateUnconditionally 1 -> 0
2021-08-02 05:52:41,877 [grpc-default-executor-4] INFO  server.RaftServer$Division (RaftServerImpl.java:requestVote(1043)) - fcafdf01-72b7-43de-af91-2233768a6b5f@group-509FF8D45528: receive requestVote(ELECTION, 013291a6-5e4a-44b3-a8d9-818cf48fb66e, group-509FF8D45528, 3, (t:0, i:0))
2021-08-02 05:52:41,877 [grpc-default-executor-4] INFO  impl.VoteContext (VoteContext.java:log(48)) - fcafdf01-72b7-43de-af91-2233768a6b5f@group-509FF8D45528-FOLLOWER: reject ELECTION from 013291a6-5e4a-44b3-a8d9-818cf48fb66e: our last entry (t:2, i:0) > candidate's last entry (t:0, i:0)
2021-08-02 05:52:41,877 [grpc-default-executor-4] INFO  server.RaftServer$Division (RaftServerImpl.java:setRole(285)) - fcafdf01-72b7-43de-af91-2233768a6b5f@group-509FF8D45528: changes role from  FOLLOWER to FOLLOWER at term 3 for candidate:013291a6-5e4a-44b3-a8d9-818cf48fb66e
2021-08-02 05:52:41,877 [grpc-default-executor-4] INFO  impl.RoleInfo (RoleInfo.java:shutdownFollowerState(108)) - fcafdf01-72b7-43de-af91-2233768a6b5f: shutdown fcafdf01-72b7-43de-af91-2233768a6b5f@group-509FF8D45528-FollowerState
2021-08-02 05:52:41,877 [grpc-default-executor-4] INFO  impl.RoleInfo (RoleInfo.java:updateAndGet(130)) - fcafdf01-72b7-43de-af91-2233768a6b5f: start fcafdf01-72b7-43de-af91-2233768a6b5f@group-509FF8D45528-FollowerState
2021-08-02 05:52:41,877 [fcafdf01-72b7-43de-af91-2233768a6b5f@group-509FF8D45528-FollowerState] INFO  impl.FollowerState (FollowerState.java:run(143)) - fcafdf01-72b7-43de-af91-2233768a6b5f@group-509FF8D45528-FollowerState was interrupted: {}
java.lang.InterruptedException: sleep interrupted
	at java.lang.Thread.sleep(Native Method)
	at java.lang.Thread.sleep(Thread.java:340)
	at java.util.concurrent.TimeUnit.sleep(TimeUnit.java:386)
	at org.apache.ratis.util.TimeDuration.sleep(TimeDuration.java:324)
	at org.apache.ratis.util.TimeDuration.sleep(TimeDuration.java:309)
	at org.apache.ratis.server.impl.FollowerState.run(FollowerState.java:118)
2021-08-02 05:52:41,878 [grpc-default-executor-4] INFO  server.RaftServer$Division (RaftServerImpl.java:requestVote(1075)) - fcafdf01-72b7-43de-af91-2233768a6b5f@group-509FF8D45528 replies to ELECTION vote request: 013291a6-5e4a-44b3-a8d9-818cf48fb66e<-fcafdf01-72b7-43de-af91-2233768a6b5f#0:FAIL-t3. Peer's state: fcafdf01-72b7-43de-af91-2233768a6b5f@group-509FF8D45528:t3, leader=null, voted=null, raftlog=fcafdf01-72b7-43de-af91-2233768a6b5f@group-509FF8D45528-SegmentedRaftLog:OPENED:c0,f0,i0, conf=0: [013291a6-5e4a-44b3-a8d9-818cf48fb66e|rpc:10.1.0.32:46845|dataStream:|priority:0, 38187496-3904-43e8-b49b-0f08099c5d11|rpc:10.1.0.32:42039|dataStream:|priority:0, fcafdf01-72b7-43de-af91-2233768a6b5f|rpc:10.1.0.32:37819|dataStream:|priority:1], old=null
2021-08-02 05:52:41,877 [grpc-default-executor-3] INFO  leader.FollowerInfo (FollowerInfoImpl.java:lambda$new$0(46)) - fcafdf01-72b7-43de-af91-2233768a6b5f@group-509FF8D45528->013291a6-5e4a-44b3-a8d9-818cf48fb66e: nextIndex: updateUnconditionally 1 -> 0
2021-08-02 05:52:41,886 [013291a6-5e4a-44b3-a8d9-818cf48fb66e@group-509FF8D45528-LeaderElection17] INFO  impl.LeaderElection (LeaderElection.java:logAndReturn(89)) - 013291a6-5e4a-44b3-a8d9-818cf48fb66e@group-509FF8D45528-LeaderElection17: ELECTION REJECTED received 2 response(s) and 0 exception(s):
2021-08-02 05:52:41,886 [013291a6-5e4a-44b3-a8d9-818cf48fb66e@group-509FF8D45528-LeaderElection17] INFO  impl.LeaderElection (LeaderElection.java:logAndReturn(93)) -   Response 0: 013291a6-5e4a-44b3-a8d9-818cf48fb66e<-38187496-3904-43e8-b49b-0f08099c5d11#0:OK-t3
2021-08-02 05:52:41,886 [013291a6-5e4a-44b3-a8d9-818cf48fb66e@group-509FF8D45528-LeaderElection17] INFO  impl.LeaderElection (LeaderElection.java:logAndReturn(93)) -   Response 1: 013291a6-5e4a-44b3-a8d9-818cf48fb66e<-fcafdf01-72b7-43de-af91-2233768a6b5f#0:FAIL-t3
2021-08-02 05:52:41,887 [013291a6-5e4a-44b3-a8d9-818cf48fb66e@group-509FF8D45528-LeaderElection17] INFO  impl.LeaderElection (LeaderElection.java:askForVotes(308)) - 013291a6-5e4a-44b3-a8d9-818cf48fb66e@group-509FF8D45528-LeaderElection17 ELECTION round 0: result REJECTED
2021-08-02 05:52:41,887 [013291a6-5e4a-44b3-a8d9-818cf48fb66e@group-509FF8D45528-LeaderElection17] INFO  server.RaftServer$Division (RaftServerImpl.java:setRole(285)) - 013291a6-5e4a-44b3-a8d9-818cf48fb66e@group-509FF8D45528: changes role from CANDIDATE to FOLLOWER at term 3 for REJECTED
2021-08-02 05:52:41,887 [013291a6-5e4a-44b3-a8d9-818cf48fb66e@group-509FF8D45528-LeaderElection17] INFO  impl.RoleInfo (RoleInfo.java:shutdownLeaderElection(121)) - 013291a6-5e4a-44b3-a8d9-818cf48fb66e: shutdown 013291a6-5e4a-44b3-a8d9-818cf48fb66e@group-509FF8D45528-LeaderElection17
2021-08-02 05:52:41,887 [013291a6-5e4a-44b3-a8d9-818cf48fb66e@group-509FF8D45528-LeaderElection17] INFO  impl.RoleInfo (RoleInfo.java:updateAndGet(130)) - 013291a6-5e4a-44b3-a8d9-818cf48fb66e: start 013291a6-5e4a-44b3-a8d9-818cf48fb66e@group-509FF8D45528-FollowerState
2021-08-02 05:52:42,018 [Listener at 127.0.0.1/35629] INFO  rpc.RpcClient (RpcClient.java:createVolume(341)) - Creating Volume: watchforcommithandlingtest, with runner as owner and space quota set to -1 bytes, counts quota set to -1
2021-08-02 05:52:42,071 [OM StateMachine ApplyTransaction Thread - 0] INFO  volume.OMVolumeCreateRequest (OMVolumeCreateRequest.java:validateAndUpdateCache(195)) - created volume:watchforcommithandlingtest for user:runner
2021-08-02 05:52:42,084 [Listener at 127.0.0.1/35629] INFO  rpc.RpcClient (RpcClient.java:createBucket(500)) - Creating Bucket: watchforcommithandlingtest/watchforcommithandlingtest, with Versioning false and Storage Type set to DISK and Encryption set to false 
2021-08-02 05:52:42,104 [Listener at 127.0.0.1/35629] INFO  ozone.MiniOzoneClusterImpl (MiniOzoneClusterImpl.java:getStorageContainerLocationClient(346)) - Creating StorageContainerLocationProtocol RPC client with address /0.0.0.0:43099
2021-08-02 05:52:42,149 [IPC Server handler 0 on default port 44051] INFO  ha.SequenceIdGenerator (SequenceIdGenerator.java:getNextId(127)) - Allocate a batch for containerId, change lastId from 0 to 1000.
2021-08-02 05:52:42,158 [IPC Server handler 0 on default port 44051] WARN  ha.SequenceIdGenerator (SequenceIdGenerator.java:allocateBatch(234)) - Failed to allocate a batch for localId, expected lastId is 0, actual lastId is 107544261427200000.
2021-08-02 05:52:42,158 [IPC Server handler 0 on default port 44051] INFO  ha.SequenceIdGenerator (SequenceIdGenerator.java:getNextId(127)) - Allocate a batch for localId, change lastId from 107544261427200000 to 107544261427201000.
2021-08-02 05:52:42,222 [Listener at 127.0.0.1/35629] INFO  impl.MetricsSystemImpl (MetricsSystemImpl.java:init(158)) - XceiverClientMetrics metrics system started (again)
2021-08-02 05:52:42,314 [1036d1ad-a7a2-43d7-9de2-11c3d66cdde8@group-DD91C07A3E90-FollowerState] INFO  impl.FollowerState (FollowerState.java:run(134)) - 1036d1ad-a7a2-43d7-9de2-11c3d66cdde8@group-DD91C07A3E90-FollowerState: change to CANDIDATE, lastRpcElapsedTime:5011943793ns, electionTimeout:5009ms
2021-08-02 05:52:42,314 [1036d1ad-a7a2-43d7-9de2-11c3d66cdde8@group-DD91C07A3E90-FollowerState] INFO  impl.RoleInfo (RoleInfo.java:shutdownFollowerState(108)) - 1036d1ad-a7a2-43d7-9de2-11c3d66cdde8: shutdown 1036d1ad-a7a2-43d7-9de2-11c3d66cdde8@group-DD91C07A3E90-FollowerState
2021-08-02 05:52:42,314 [1036d1ad-a7a2-43d7-9de2-11c3d66cdde8@group-DD91C07A3E90-FollowerState] INFO  server.RaftServer$Division (RaftServerImpl.java:setRole(285)) - 1036d1ad-a7a2-43d7-9de2-11c3d66cdde8@group-DD91C07A3E90: changes role from  FOLLOWER to CANDIDATE at term 1 for changeToCandidate
2021-08-02 05:52:42,314 [1036d1ad-a7a2-43d7-9de2-11c3d66cdde8@group-DD91C07A3E90-FollowerState] INFO  server.RaftServerConfigKeys (ConfUtils.java:logGet(44)) - raft.server.leaderelection.pre-vote = false (custom)
2021-08-02 05:52:42,314 [1036d1ad-a7a2-43d7-9de2-11c3d66cdde8@group-DD91C07A3E90-FollowerState] INFO  impl.RoleInfo (RoleInfo.java:updateAndGet(130)) - 1036d1ad-a7a2-43d7-9de2-11c3d66cdde8: start 1036d1ad-a7a2-43d7-9de2-11c3d66cdde8@group-DD91C07A3E90-LeaderElection18
2021-08-02 05:52:42,324 [1036d1ad-a7a2-43d7-9de2-11c3d66cdde8@group-DD91C07A3E90-LeaderElection18] INFO  impl.LeaderElection (LeaderElection.java:askForVotes(306)) - 1036d1ad-a7a2-43d7-9de2-11c3d66cdde8@group-DD91C07A3E90-LeaderElection18 ELECTION round 0: submit vote requests at term 2 for -1: [1036d1ad-a7a2-43d7-9de2-11c3d66cdde8|rpc:10.1.0.32:39139|dataStream:|priority:0, c97b6c06-cd07-4cdb-ae41-9a711d8ab883|rpc:10.1.0.32:40085|dataStream:|priority:0, aac07b4a-b510-4ee2-b953-6b798ab874ed|rpc:10.1.0.32:43755|dataStream:|priority:1], old=null
2021-08-02 05:52:42,334 [aac07b4a-b510-4ee2-b953-6b798ab874ed@group-DD91C07A3E90-FollowerState] INFO  impl.FollowerState (FollowerState.java:run(134)) - aac07b4a-b510-4ee2-b953-6b798ab874ed@group-DD91C07A3E90-FollowerState: change to CANDIDATE, lastRpcElapsedTime:5037588073ns, electionTimeout:5028ms
2021-08-02 05:52:42,334 [aac07b4a-b510-4ee2-b953-6b798ab874ed@group-DD91C07A3E90-FollowerState] INFO  impl.RoleInfo (RoleInfo.java:shutdownFollowerState(108)) - aac07b4a-b510-4ee2-b953-6b798ab874ed: shutdown aac07b4a-b510-4ee2-b953-6b798ab874ed@group-DD91C07A3E90-FollowerState
2021-08-02 05:52:42,334 [aac07b4a-b510-4ee2-b953-6b798ab874ed@group-DD91C07A3E90-FollowerState] INFO  server.RaftServer$Division (RaftServerImpl.java:setRole(285)) - aac07b4a-b510-4ee2-b953-6b798ab874ed@group-DD91C07A3E90: changes role from  FOLLOWER to CANDIDATE at term 1 for changeToCandidate
2021-08-02 05:52:42,334 [aac07b4a-b510-4ee2-b953-6b798ab874ed@group-DD91C07A3E90-FollowerState] INFO  server.RaftServerConfigKeys (ConfUtils.java:logGet(44)) - raft.server.leaderelection.pre-vote = false (custom)
2021-08-02 05:52:42,334 [aac07b4a-b510-4ee2-b953-6b798ab874ed@group-DD91C07A3E90-FollowerState] INFO  impl.RoleInfo (RoleInfo.java:updateAndGet(130)) - aac07b4a-b510-4ee2-b953-6b798ab874ed: start aac07b4a-b510-4ee2-b953-6b798ab874ed@group-DD91C07A3E90-LeaderElection19
2021-08-02 05:52:42,341 [aac07b4a-b510-4ee2-b953-6b798ab874ed@group-DD91C07A3E90-LeaderElection19] INFO  impl.LeaderElection (LeaderElection.java:askForVotes(306)) - aac07b4a-b510-4ee2-b953-6b798ab874ed@group-DD91C07A3E90-LeaderElection19 ELECTION round 0: submit vote requests at term 2 for -1: [1036d1ad-a7a2-43d7-9de2-11c3d66cdde8|rpc:10.1.0.32:39139|priority:0, c97b6c06-cd07-4cdb-ae41-9a711d8ab883|rpc:10.1.0.32:40085|priority:0, aac07b4a-b510-4ee2-b953-6b798ab874ed|rpc:10.1.0.32:43755|priority:1], old=null
2021-08-02 05:52:42,341 [grpc-default-executor-4] INFO  server.RaftServer$Division (RaftServerImpl.java:requestVote(1043)) - aac07b4a-b510-4ee2-b953-6b798ab874ed@group-DD91C07A3E90: receive requestVote(ELECTION, 1036d1ad-a7a2-43d7-9de2-11c3d66cdde8, group-DD91C07A3E90, 2, (t:0, i:0))
2021-08-02 05:52:42,341 [grpc-default-executor-4] INFO  impl.VoteContext (VoteContext.java:log(48)) - aac07b4a-b510-4ee2-b953-6b798ab874ed@group-DD91C07A3E90-CANDIDATE: reject ELECTION from 1036d1ad-a7a2-43d7-9de2-11c3d66cdde8: already has voted for aac07b4a-b510-4ee2-b953-6b798ab874ed at current term 2
2021-08-02 05:52:42,342 [grpc-default-executor-4] INFO  server.RaftServer$Division (RaftServerImpl.java:requestVote(1075)) - aac07b4a-b510-4ee2-b953-6b798ab874ed@group-DD91C07A3E90 replies to ELECTION vote request: 1036d1ad-a7a2-43d7-9de2-11c3d66cdde8<-aac07b4a-b510-4ee2-b953-6b798ab874ed#0:FAIL-t2. Peer's state: aac07b4a-b510-4ee2-b953-6b798ab874ed@group-DD91C07A3E90:t2, leader=null, voted=aac07b4a-b510-4ee2-b953-6b798ab874ed, raftlog=aac07b4a-b510-4ee2-b953-6b798ab874ed@group-DD91C07A3E90-SegmentedRaftLog:OPENED:c-1,f-1,i0, conf=-1: [1036d1ad-a7a2-43d7-9de2-11c3d66cdde8|rpc:10.1.0.32:39139|priority:0, c97b6c06-cd07-4cdb-ae41-9a711d8ab883|rpc:10.1.0.32:40085|priority:0, aac07b4a-b510-4ee2-b953-6b798ab874ed|rpc:10.1.0.32:43755|priority:1], old=null
2021-08-02 05:52:42,341 [grpc-default-executor-3] INFO  server.RaftServer$Division (RaftServerImpl.java:requestVote(1043)) - c97b6c06-cd07-4cdb-ae41-9a711d8ab883@group-DD91C07A3E90: receive requestVote(ELECTION, 1036d1ad-a7a2-43d7-9de2-11c3d66cdde8, group-DD91C07A3E90, 2, (t:0, i:0))
2021-08-02 05:52:42,343 [1036d1ad-a7a2-43d7-9de2-11c3d66cdde8@group-DD91C07A3E90-LeaderElection18] INFO  impl.LeaderElection (LeaderElection.java:logAndReturn(89)) - 1036d1ad-a7a2-43d7-9de2-11c3d66cdde8@group-DD91C07A3E90-LeaderElection18: ELECTION REJECTED received 1 response(s) and 0 exception(s):
2021-08-02 05:52:42,344 [grpc-default-executor-3] INFO  impl.VoteContext (VoteContext.java:log(48)) - c97b6c06-cd07-4cdb-ae41-9a711d8ab883@group-DD91C07A3E90-FOLLOWER: accept ELECTION from 1036d1ad-a7a2-43d7-9de2-11c3d66cdde8: our priority 0 <= candidate's priority 0
2021-08-02 05:52:42,344 [1036d1ad-a7a2-43d7-9de2-11c3d66cdde8@group-DD91C07A3E90-LeaderElection18] INFO  impl.LeaderElection (LeaderElection.java:logAndReturn(93)) -   Response 0: 1036d1ad-a7a2-43d7-9de2-11c3d66cdde8<-aac07b4a-b510-4ee2-b953-6b798ab874ed#0:FAIL-t2
2021-08-02 05:52:42,344 [grpc-default-executor-3] INFO  server.RaftServer$Division (RaftServerImpl.java:setRole(285)) - c97b6c06-cd07-4cdb-ae41-9a711d8ab883@group-DD91C07A3E90: changes role from  FOLLOWER to FOLLOWER at term 2 for candidate:1036d1ad-a7a2-43d7-9de2-11c3d66cdde8
2021-08-02 05:52:42,344 [grpc-default-executor-3] INFO  impl.RoleInfo (RoleInfo.java:shutdownFollowerState(108)) - c97b6c06-cd07-4cdb-ae41-9a711d8ab883: shutdown c97b6c06-cd07-4cdb-ae41-9a711d8ab883@group-DD91C07A3E90-FollowerState
2021-08-02 05:52:42,344 [1036d1ad-a7a2-43d7-9de2-11c3d66cdde8@group-DD91C07A3E90-LeaderElection18] INFO  impl.LeaderElection (LeaderElection.java:askForVotes(308)) - 1036d1ad-a7a2-43d7-9de2-11c3d66cdde8@group-DD91C07A3E90-LeaderElection18 ELECTION round 0: result REJECTED
2021-08-02 05:52:42,348 [c97b6c06-cd07-4cdb-ae41-9a711d8ab883@group-DD91C07A3E90-FollowerState] INFO  impl.FollowerState (FollowerState.java:run(143)) - c97b6c06-cd07-4cdb-ae41-9a711d8ab883@group-DD91C07A3E90-FollowerState was interrupted: {}
java.lang.InterruptedException: sleep interrupted
	at java.lang.Thread.sleep(Native Method)
	at java.lang.Thread.sleep(Thread.java:340)
	at java.util.concurrent.TimeUnit.sleep(TimeUnit.java:386)
	at org.apache.ratis.util.TimeDuration.sleep(TimeDuration.java:324)
	at org.apache.ratis.util.TimeDuration.sleep(TimeDuration.java:309)
	at org.apache.ratis.server.impl.FollowerState.run(FollowerState.java:118)
2021-08-02 05:52:42,348 [grpc-default-executor-3] INFO  impl.RoleInfo (RoleInfo.java:updateAndGet(130)) - c97b6c06-cd07-4cdb-ae41-9a711d8ab883: start c97b6c06-cd07-4cdb-ae41-9a711d8ab883@group-DD91C07A3E90-FollowerState
2021-08-02 05:52:42,348 [1036d1ad-a7a2-43d7-9de2-11c3d66cdde8@group-DD91C07A3E90-LeaderElection18] INFO  server.RaftServer$Division (RaftServerImpl.java:setRole(285)) - 1036d1ad-a7a2-43d7-9de2-11c3d66cdde8@group-DD91C07A3E90: changes role from CANDIDATE to FOLLOWER at term 2 for REJECTED
2021-08-02 05:52:42,348 [1036d1ad-a7a2-43d7-9de2-11c3d66cdde8@group-DD91C07A3E90-LeaderElection18] INFO  impl.RoleInfo (RoleInfo.java:shutdownLeaderElection(121)) - 1036d1ad-a7a2-43d7-9de2-11c3d66cdde8: shutdown 1036d1ad-a7a2-43d7-9de2-11c3d66cdde8@group-DD91C07A3E90-LeaderElection18
2021-08-02 05:52:42,348 [1036d1ad-a7a2-43d7-9de2-11c3d66cdde8@group-DD91C07A3E90-LeaderElection18] INFO  impl.RoleInfo (RoleInfo.java:updateAndGet(130)) - 1036d1ad-a7a2-43d7-9de2-11c3d66cdde8: start 1036d1ad-a7a2-43d7-9de2-11c3d66cdde8@group-DD91C07A3E90-FollowerState
2021-08-02 05:52:42,351 [grpc-default-executor-3] INFO  server.RaftServer$Division (RaftServerImpl.java:requestVote(1075)) - c97b6c06-cd07-4cdb-ae41-9a711d8ab883@group-DD91C07A3E90 replies to ELECTION vote request: 1036d1ad-a7a2-43d7-9de2-11c3d66cdde8<-c97b6c06-cd07-4cdb-ae41-9a711d8ab883#0:OK-t2. Peer's state: c97b6c06-cd07-4cdb-ae41-9a711d8ab883@group-DD91C07A3E90:t2, leader=null, voted=1036d1ad-a7a2-43d7-9de2-11c3d66cdde8, raftlog=c97b6c06-cd07-4cdb-ae41-9a711d8ab883@group-DD91C07A3E90-SegmentedRaftLog:OPENED:c-1,f-1,i0, conf=-1: [1036d1ad-a7a2-43d7-9de2-11c3d66cdde8|rpc:10.1.0.32:39139|dataStream:|priority:0, c97b6c06-cd07-4cdb-ae41-9a711d8ab883|rpc:10.1.0.32:40085|dataStream:|priority:0, aac07b4a-b510-4ee2-b953-6b798ab874ed|rpc:10.1.0.32:43755|dataStream:|priority:1], old=null
2021-08-02 05:52:42,360 [grpc-default-executor-3] INFO  server.RaftServer$Division (RaftServerImpl.java:requestVote(1043)) - 1036d1ad-a7a2-43d7-9de2-11c3d66cdde8@group-DD91C07A3E90: receive requestVote(ELECTION, aac07b4a-b510-4ee2-b953-6b798ab874ed, group-DD91C07A3E90, 2, (t:0, i:0))
2021-08-02 05:52:42,360 [grpc-default-executor-3] INFO  impl.VoteContext (VoteContext.java:log(48)) - 1036d1ad-a7a2-43d7-9de2-11c3d66cdde8@group-DD91C07A3E90-FOLLOWER: reject ELECTION from aac07b4a-b510-4ee2-b953-6b798ab874ed: already has voted for 1036d1ad-a7a2-43d7-9de2-11c3d66cdde8 at current term 2
2021-08-02 05:52:42,360 [grpc-default-executor-3] INFO  server.RaftServer$Division (RaftServerImpl.java:requestVote(1075)) - 1036d1ad-a7a2-43d7-9de2-11c3d66cdde8@group-DD91C07A3E90 replies to ELECTION vote request: aac07b4a-b510-4ee2-b953-6b798ab874ed<-1036d1ad-a7a2-43d7-9de2-11c3d66cdde8#0:FAIL-t2. Peer's state: 1036d1ad-a7a2-43d7-9de2-11c3d66cdde8@group-DD91C07A3E90:t2, leader=null, voted=1036d1ad-a7a2-43d7-9de2-11c3d66cdde8, raftlog=1036d1ad-a7a2-43d7-9de2-11c3d66cdde8@group-DD91C07A3E90-SegmentedRaftLog:OPENED:c-1,f-1,i0, conf=-1: [1036d1ad-a7a2-43d7-9de2-11c3d66cdde8|rpc:10.1.0.32:39139|dataStream:|priority:0, c97b6c06-cd07-4cdb-ae41-9a711d8ab883|rpc:10.1.0.32:40085|dataStream:|priority:0, aac07b4a-b510-4ee2-b953-6b798ab874ed|rpc:10.1.0.32:43755|dataStream:|priority:1], old=null
2021-08-02 05:52:42,370 [grpc-default-executor-3] INFO  server.RaftServer$Division (RaftServerImpl.java:requestVote(1043)) - c97b6c06-cd07-4cdb-ae41-9a711d8ab883@group-DD91C07A3E90: receive requestVote(ELECTION, aac07b4a-b510-4ee2-b953-6b798ab874ed, group-DD91C07A3E90, 2, (t:0, i:0))
2021-08-02 05:52:42,370 [grpc-default-executor-3] INFO  impl.VoteContext (VoteContext.java:log(48)) - c97b6c06-cd07-4cdb-ae41-9a711d8ab883@group-DD91C07A3E90-FOLLOWER: reject ELECTION from aac07b4a-b510-4ee2-b953-6b798ab874ed: already has voted for 1036d1ad-a7a2-43d7-9de2-11c3d66cdde8 at current term 2
2021-08-02 05:52:42,370 [grpc-default-executor-3] INFO  server.RaftServer$Division (RaftServerImpl.java:requestVote(1075)) - c97b6c06-cd07-4cdb-ae41-9a711d8ab883@group-DD91C07A3E90 replies to ELECTION vote request: aac07b4a-b510-4ee2-b953-6b798ab874ed<-c97b6c06-cd07-4cdb-ae41-9a711d8ab883#0:FAIL-t2. Peer's state: c97b6c06-cd07-4cdb-ae41-9a711d8ab883@group-DD91C07A3E90:t2, leader=null, voted=1036d1ad-a7a2-43d7-9de2-11c3d66cdde8, raftlog=c97b6c06-cd07-4cdb-ae41-9a711d8ab883@group-DD91C07A3E90-SegmentedRaftLog:OPENED:c-1,f-1,i0, conf=-1: [1036d1ad-a7a2-43d7-9de2-11c3d66cdde8|rpc:10.1.0.32:39139|dataStream:|priority:0, c97b6c06-cd07-4cdb-ae41-9a711d8ab883|rpc:10.1.0.32:40085|dataStream:|priority:0, aac07b4a-b510-4ee2-b953-6b798ab874ed|rpc:10.1.0.32:43755|dataStream:|priority:1], old=null
2021-08-02 05:52:42,371 [aac07b4a-b510-4ee2-b953-6b798ab874ed@group-DD91C07A3E90-LeaderElection19] INFO  impl.LeaderElection (LeaderElection.java:logAndReturn(89)) - aac07b4a-b510-4ee2-b953-6b798ab874ed@group-DD91C07A3E90-LeaderElection19: ELECTION REJECTED received 2 response(s) and 0 exception(s):
2021-08-02 05:52:42,371 [aac07b4a-b510-4ee2-b953-6b798ab874ed@group-DD91C07A3E90-LeaderElection19] INFO  impl.LeaderElection (LeaderElection.java:logAndReturn(93)) -   Response 0: aac07b4a-b510-4ee2-b953-6b798ab874ed<-1036d1ad-a7a2-43d7-9de2-11c3d66cdde8#0:FAIL-t2
2021-08-02 05:52:42,371 [aac07b4a-b510-4ee2-b953-6b798ab874ed@group-DD91C07A3E90-LeaderElection19] INFO  impl.LeaderElection (LeaderElection.java:logAndReturn(93)) -   Response 1: aac07b4a-b510-4ee2-b953-6b798ab874ed<-c97b6c06-cd07-4cdb-ae41-9a711d8ab883#0:FAIL-t2
2021-08-02 05:52:42,371 [aac07b4a-b510-4ee2-b953-6b798ab874ed@group-DD91C07A3E90-LeaderElection19] INFO  impl.LeaderElection (LeaderElection.java:askForVotes(308)) - aac07b4a-b510-4ee2-b953-6b798ab874ed@group-DD91C07A3E90-LeaderElection19 ELECTION round 0: result REJECTED
2021-08-02 05:52:42,371 [aac07b4a-b510-4ee2-b953-6b798ab874ed@group-DD91C07A3E90-LeaderElection19] INFO  server.RaftServer$Division (RaftServerImpl.java:setRole(285)) - aac07b4a-b510-4ee2-b953-6b798ab874ed@group-DD91C07A3E90: changes role from CANDIDATE to FOLLOWER at term 2 for REJECTED
2021-08-02 05:52:42,371 [aac07b4a-b510-4ee2-b953-6b798ab874ed@group-DD91C07A3E90-LeaderElection19] INFO  impl.RoleInfo (RoleInfo.java:shutdownLeaderElection(121)) - aac07b4a-b510-4ee2-b953-6b798ab874ed: shutdown aac07b4a-b510-4ee2-b953-6b798ab874ed@group-DD91C07A3E90-LeaderElection19
2021-08-02 05:52:42,371 [aac07b4a-b510-4ee2-b953-6b798ab874ed@group-DD91C07A3E90-LeaderElection19] INFO  impl.RoleInfo (RoleInfo.java:updateAndGet(130)) - aac07b4a-b510-4ee2-b953-6b798ab874ed: start aac07b4a-b510-4ee2-b953-6b798ab874ed@group-DD91C07A3E90-FollowerState
2021-08-02 05:52:46,947 [38187496-3904-43e8-b49b-0f08099c5d11@group-509FF8D45528-FollowerState] INFO  impl.FollowerState (FollowerState.java:run(134)) - 38187496-3904-43e8-b49b-0f08099c5d11@group-509FF8D45528-FollowerState: change to CANDIDATE, lastRpcElapsedTime:5102093760ns, electionTimeout:5102ms
2021-08-02 05:52:46,948 [38187496-3904-43e8-b49b-0f08099c5d11@group-509FF8D45528-FollowerState] INFO  impl.RoleInfo (RoleInfo.java:shutdownFollowerState(108)) - 38187496-3904-43e8-b49b-0f08099c5d11: shutdown 38187496-3904-43e8-b49b-0f08099c5d11@group-509FF8D45528-FollowerState
2021-08-02 05:52:46,948 [38187496-3904-43e8-b49b-0f08099c5d11@group-509FF8D45528-FollowerState] INFO  server.RaftServer$Division (RaftServerImpl.java:setRole(285)) - 38187496-3904-43e8-b49b-0f08099c5d11@group-509FF8D45528: changes role from  FOLLOWER to CANDIDATE at term 3 for changeToCandidate
2021-08-02 05:52:46,948 [38187496-3904-43e8-b49b-0f08099c5d11@group-509FF8D45528-FollowerState] INFO  server.RaftServerConfigKeys (ConfUtils.java:logGet(44)) - raft.server.leaderelection.pre-vote = false (custom)
2021-08-02 05:52:46,948 [38187496-3904-43e8-b49b-0f08099c5d11@group-509FF8D45528-FollowerState] INFO  impl.RoleInfo (RoleInfo.java:updateAndGet(130)) - 38187496-3904-43e8-b49b-0f08099c5d11: start 38187496-3904-43e8-b49b-0f08099c5d11@group-509FF8D45528-LeaderElection20
2021-08-02 05:52:46,950 [38187496-3904-43e8-b49b-0f08099c5d11@group-509FF8D45528-LeaderElection20] INFO  impl.LeaderElection (LeaderElection.java:askForVotes(306)) - 38187496-3904-43e8-b49b-0f08099c5d11@group-509FF8D45528-LeaderElection20 ELECTION round 0: submit vote requests at term 4 for -1: [013291a6-5e4a-44b3-a8d9-818cf48fb66e|rpc:10.1.0.32:46845|priority:0, 38187496-3904-43e8-b49b-0f08099c5d11|rpc:10.1.0.32:42039|priority:0, fcafdf01-72b7-43de-af91-2233768a6b5f|rpc:10.1.0.32:37819|priority:1], old=null
2021-08-02 05:52:46,954 [grpc-default-executor-3] INFO  server.RaftServer$Division (RaftServerImpl.java:requestVote(1043)) - fcafdf01-72b7-43de-af91-2233768a6b5f@group-509FF8D45528: receive requestVote(ELECTION, 38187496-3904-43e8-b49b-0f08099c5d11, group-509FF8D45528, 4, (t:0, i:0))
2021-08-02 05:52:46,954 [grpc-default-executor-3] INFO  impl.VoteContext (VoteContext.java:log(48)) - fcafdf01-72b7-43de-af91-2233768a6b5f@group-509FF8D45528-FOLLOWER: reject ELECTION from 38187496-3904-43e8-b49b-0f08099c5d11: our last entry (t:2, i:0) > candidate's last entry (t:0, i:0)
2021-08-02 05:52:46,954 [grpc-default-executor-3] INFO  server.RaftServer$Division (RaftServerImpl.java:setRole(285)) - fcafdf01-72b7-43de-af91-2233768a6b5f@group-509FF8D45528: changes role from  FOLLOWER to FOLLOWER at term 4 for candidate:38187496-3904-43e8-b49b-0f08099c5d11
2021-08-02 05:52:46,954 [grpc-default-executor-3] INFO  impl.RoleInfo (RoleInfo.java:shutdownFollowerState(108)) - fcafdf01-72b7-43de-af91-2233768a6b5f: shutdown fcafdf01-72b7-43de-af91-2233768a6b5f@group-509FF8D45528-FollowerState
2021-08-02 05:52:46,954 [grpc-default-executor-3] INFO  impl.RoleInfo (RoleInfo.java:updateAndGet(130)) - fcafdf01-72b7-43de-af91-2233768a6b5f: start fcafdf01-72b7-43de-af91-2233768a6b5f@group-509FF8D45528-FollowerState
2021-08-02 05:52:46,954 [fcafdf01-72b7-43de-af91-2233768a6b5f@group-509FF8D45528-FollowerState] INFO  impl.FollowerState (FollowerState.java:run(143)) - fcafdf01-72b7-43de-af91-2233768a6b5f@group-509FF8D45528-FollowerState was interrupted: {}
java.lang.InterruptedException: sleep interrupted
	at java.lang.Thread.sleep(Native Method)
	at java.lang.Thread.sleep(Thread.java:340)
	at java.util.concurrent.TimeUnit.sleep(TimeUnit.java:386)
	at org.apache.ratis.util.TimeDuration.sleep(TimeDuration.java:324)
	at org.apache.ratis.util.TimeDuration.sleep(TimeDuration.java:309)
	at org.apache.ratis.server.impl.FollowerState.run(FollowerState.java:118)
2021-08-02 05:52:46,960 [grpc-default-executor-4] INFO  server.RaftServer$Division (RaftServerImpl.java:requestVote(1043)) - 013291a6-5e4a-44b3-a8d9-818cf48fb66e@group-509FF8D45528: receive requestVote(ELECTION, 38187496-3904-43e8-b49b-0f08099c5d11, group-509FF8D45528, 4, (t:0, i:0))
2021-08-02 05:52:46,961 [grpc-default-executor-4] INFO  impl.VoteContext (VoteContext.java:log(48)) - 013291a6-5e4a-44b3-a8d9-818cf48fb66e@group-509FF8D45528-FOLLOWER: accept ELECTION from 38187496-3904-43e8-b49b-0f08099c5d11: our priority 0 <= candidate's priority 0
2021-08-02 05:52:46,961 [grpc-default-executor-4] INFO  server.RaftServer$Division (RaftServerImpl.java:setRole(285)) - 013291a6-5e4a-44b3-a8d9-818cf48fb66e@group-509FF8D45528: changes role from  FOLLOWER to FOLLOWER at term 4 for candidate:38187496-3904-43e8-b49b-0f08099c5d11
2021-08-02 05:52:46,961 [grpc-default-executor-4] INFO  impl.RoleInfo (RoleInfo.java:shutdownFollowerState(108)) - 013291a6-5e4a-44b3-a8d9-818cf48fb66e: shutdown 013291a6-5e4a-44b3-a8d9-818cf48fb66e@group-509FF8D45528-FollowerState
2021-08-02 05:52:46,961 [grpc-default-executor-4] INFO  impl.RoleInfo (RoleInfo.java:updateAndGet(130)) - 013291a6-5e4a-44b3-a8d9-818cf48fb66e: start 013291a6-5e4a-44b3-a8d9-818cf48fb66e@group-509FF8D45528-FollowerState
2021-08-02 05:52:46,961 [013291a6-5e4a-44b3-a8d9-818cf48fb66e@group-509FF8D45528-FollowerState] INFO  impl.FollowerState (FollowerState.java:run(143)) - 013291a6-5e4a-44b3-a8d9-818cf48fb66e@group-509FF8D45528-FollowerState was interrupted: {}
java.lang.InterruptedException: sleep interrupted
	at java.lang.Thread.sleep(Native Method)
	at java.lang.Thread.sleep(Thread.java:340)
	at java.util.concurrent.TimeUnit.sleep(TimeUnit.java:386)
	at org.apache.ratis.util.TimeDuration.sleep(TimeDuration.java:324)
	at org.apache.ratis.util.TimeDuration.sleep(TimeDuration.java:309)
	at org.apache.ratis.server.impl.FollowerState.run(FollowerState.java:118)
2021-08-02 05:52:46,968 [grpc-default-executor-3] INFO  server.RaftServer$Division (RaftServerImpl.java:requestVote(1075)) - fcafdf01-72b7-43de-af91-2233768a6b5f@group-509FF8D45528 replies to ELECTION vote request: 38187496-3904-43e8-b49b-0f08099c5d11<-fcafdf01-72b7-43de-af91-2233768a6b5f#0:FAIL-t4. Peer's state: fcafdf01-72b7-43de-af91-2233768a6b5f@group-509FF8D45528:t4, leader=null, voted=null, raftlog=fcafdf01-72b7-43de-af91-2233768a6b5f@group-509FF8D45528-SegmentedRaftLog:OPENED:c0,f0,i0, conf=0: [013291a6-5e4a-44b3-a8d9-818cf48fb66e|rpc:10.1.0.32:46845|dataStream:|priority:0, 38187496-3904-43e8-b49b-0f08099c5d11|rpc:10.1.0.32:42039|dataStream:|priority:0, fcafdf01-72b7-43de-af91-2233768a6b5f|rpc:10.1.0.32:37819|dataStream:|priority:1], old=null
2021-08-02 05:52:46,969 [38187496-3904-43e8-b49b-0f08099c5d11@group-509FF8D45528-LeaderElection20] INFO  impl.LeaderElection (LeaderElection.java:logAndReturn(89)) - 38187496-3904-43e8-b49b-0f08099c5d11@group-509FF8D45528-LeaderElection20: ELECTION REJECTED received 1 response(s) and 0 exception(s):
2021-08-02 05:52:46,969 [38187496-3904-43e8-b49b-0f08099c5d11@group-509FF8D45528-LeaderElection20] INFO  impl.LeaderElection (LeaderElection.java:logAndReturn(93)) -   Response 0: 38187496-3904-43e8-b49b-0f08099c5d11<-fcafdf01-72b7-43de-af91-2233768a6b5f#0:FAIL-t4
2021-08-02 05:52:46,969 [38187496-3904-43e8-b49b-0f08099c5d11@group-509FF8D45528-LeaderElection20] INFO  impl.LeaderElection (LeaderElection.java:askForVotes(308)) - 38187496-3904-43e8-b49b-0f08099c5d11@group-509FF8D45528-LeaderElection20 ELECTION round 0: result REJECTED
2021-08-02 05:52:46,969 [38187496-3904-43e8-b49b-0f08099c5d11@group-509FF8D45528-LeaderElection20] INFO  server.RaftServer$Division (RaftServerImpl.java:setRole(285)) - 38187496-3904-43e8-b49b-0f08099c5d11@group-509FF8D45528: changes role from CANDIDATE to FOLLOWER at term 4 for REJECTED
2021-08-02 05:52:46,969 [38187496-3904-43e8-b49b-0f08099c5d11@group-509FF8D45528-LeaderElection20] INFO  impl.RoleInfo (RoleInfo.java:shutdownLeaderElection(121)) - 38187496-3904-43e8-b49b-0f08099c5d11: shutdown 38187496-3904-43e8-b49b-0f08099c5d11@group-509FF8D45528-LeaderElection20
2021-08-02 05:52:46,969 [38187496-3904-43e8-b49b-0f08099c5d11@group-509FF8D45528-LeaderElection20] INFO  impl.RoleInfo (RoleInfo.java:updateAndGet(130)) - 38187496-3904-43e8-b49b-0f08099c5d11: start 38187496-3904-43e8-b49b-0f08099c5d11@group-509FF8D45528-FollowerState
2021-08-02 05:52:46,970 [grpc-default-executor-4] INFO  server.RaftServer$Division (RaftServerImpl.java:requestVote(1075)) - 013291a6-5e4a-44b3-a8d9-818cf48fb66e@group-509FF8D45528 replies to ELECTION vote request: 38187496-3904-43e8-b49b-0f08099c5d11<-013291a6-5e4a-44b3-a8d9-818cf48fb66e#0:OK-t4. Peer's state: 013291a6-5e4a-44b3-a8d9-818cf48fb66e@group-509FF8D45528:t4, leader=null, voted=38187496-3904-43e8-b49b-0f08099c5d11, raftlog=013291a6-5e4a-44b3-a8d9-818cf48fb66e@group-509FF8D45528-SegmentedRaftLog:OPENED:c-1,f-1,i0, conf=-1: [013291a6-5e4a-44b3-a8d9-818cf48fb66e|rpc:10.1.0.32:46845|dataStream:|priority:0, 38187496-3904-43e8-b49b-0f08099c5d11|rpc:10.1.0.32:42039|dataStream:|priority:0, fcafdf01-72b7-43de-af91-2233768a6b5f|rpc:10.1.0.32:37819|dataStream:|priority:1], old=null
2021-08-02 05:52:47,401 [aac07b4a-b510-4ee2-b953-6b798ab874ed@group-DD91C07A3E90-FollowerState] INFO  impl.FollowerState (FollowerState.java:run(134)) - aac07b4a-b510-4ee2-b953-6b798ab874ed@group-DD91C07A3E90-FollowerState: change to CANDIDATE, lastRpcElapsedTime:5029289760ns, electionTimeout:5022ms
2021-08-02 05:52:47,401 [aac07b4a-b510-4ee2-b953-6b798ab874ed@group-DD91C07A3E90-FollowerState] INFO  impl.RoleInfo (RoleInfo.java:shutdownFollowerState(108)) - aac07b4a-b510-4ee2-b953-6b798ab874ed: shutdown aac07b4a-b510-4ee2-b953-6b798ab874ed@group-DD91C07A3E90-FollowerState
2021-08-02 05:52:47,401 [aac07b4a-b510-4ee2-b953-6b798ab874ed@group-DD91C07A3E90-FollowerState] INFO  server.RaftServer$Division (RaftServerImpl.java:setRole(285)) - aac07b4a-b510-4ee2-b953-6b798ab874ed@group-DD91C07A3E90: changes role from  FOLLOWER to CANDIDATE at term 2 for changeToCandidate
2021-08-02 05:52:47,401 [aac07b4a-b510-4ee2-b953-6b798ab874ed@group-DD91C07A3E90-FollowerState] INFO  server.RaftServerConfigKeys (ConfUtils.java:logGet(44)) - raft.server.leaderelection.pre-vote = false (custom)
2021-08-02 05:52:47,401 [aac07b4a-b510-4ee2-b953-6b798ab874ed@group-DD91C07A3E90-FollowerState] INFO  impl.RoleInfo (RoleInfo.java:updateAndGet(130)) - aac07b4a-b510-4ee2-b953-6b798ab874ed: start aac07b4a-b510-4ee2-b953-6b798ab874ed@group-DD91C07A3E90-LeaderElection21
2021-08-02 05:52:47,404 [aac07b4a-b510-4ee2-b953-6b798ab874ed@group-DD91C07A3E90-LeaderElection21] INFO  impl.LeaderElection (LeaderElection.java:askForVotes(306)) - aac07b4a-b510-4ee2-b953-6b798ab874ed@group-DD91C07A3E90-LeaderElection21 ELECTION round 0: submit vote requests at term 3 for -1: [1036d1ad-a7a2-43d7-9de2-11c3d66cdde8|rpc:10.1.0.32:39139|priority:0, c97b6c06-cd07-4cdb-ae41-9a711d8ab883|rpc:10.1.0.32:40085|priority:0, aac07b4a-b510-4ee2-b953-6b798ab874ed|rpc:10.1.0.32:43755|priority:1], old=null
2021-08-02 05:52:47,408 [grpc-default-executor-0] INFO  server.RaftServer$Division (RaftServerImpl.java:requestVote(1043)) - 1036d1ad-a7a2-43d7-9de2-11c3d66cdde8@group-DD91C07A3E90: receive requestVote(ELECTION, aac07b4a-b510-4ee2-b953-6b798ab874ed, group-DD91C07A3E90, 3, (t:0, i:0))
2021-08-02 05:52:47,408 [grpc-default-executor-4] INFO  server.RaftServer$Division (RaftServerImpl.java:requestVote(1043)) - c97b6c06-cd07-4cdb-ae41-9a711d8ab883@group-DD91C07A3E90: receive requestVote(ELECTION, aac07b4a-b510-4ee2-b953-6b798ab874ed, group-DD91C07A3E90, 3, (t:0, i:0))
2021-08-02 05:52:47,408 [grpc-default-executor-0] INFO  impl.VoteContext (VoteContext.java:log(48)) - 1036d1ad-a7a2-43d7-9de2-11c3d66cdde8@group-DD91C07A3E90-FOLLOWER: accept ELECTION from aac07b4a-b510-4ee2-b953-6b798ab874ed: our priority 0 <= candidate's priority 1
2021-08-02 05:52:47,408 [grpc-default-executor-0] INFO  server.RaftServer$Division (RaftServerImpl.java:setRole(285)) - 1036d1ad-a7a2-43d7-9de2-11c3d66cdde8@group-DD91C07A3E90: changes role from  FOLLOWER to FOLLOWER at term 3 for candidate:aac07b4a-b510-4ee2-b953-6b798ab874ed
2021-08-02 05:52:47,408 [grpc-default-executor-0] INFO  impl.RoleInfo (RoleInfo.java:shutdownFollowerState(108)) - 1036d1ad-a7a2-43d7-9de2-11c3d66cdde8: shutdown 1036d1ad-a7a2-43d7-9de2-11c3d66cdde8@group-DD91C07A3E90-FollowerState
2021-08-02 05:52:47,408 [grpc-default-executor-0] INFO  impl.RoleInfo (RoleInfo.java:updateAndGet(130)) - 1036d1ad-a7a2-43d7-9de2-11c3d66cdde8: start 1036d1ad-a7a2-43d7-9de2-11c3d66cdde8@group-DD91C07A3E90-FollowerState
2021-08-02 05:52:47,408 [1036d1ad-a7a2-43d7-9de2-11c3d66cdde8@group-DD91C07A3E90-FollowerState] INFO  impl.FollowerState (FollowerState.java:run(143)) - 1036d1ad-a7a2-43d7-9de2-11c3d66cdde8@group-DD91C07A3E90-FollowerState was interrupted: {}
java.lang.InterruptedException: sleep interrupted
	at java.lang.Thread.sleep(Native Method)
	at java.lang.Thread.sleep(Thread.java:340)
	at java.util.concurrent.TimeUnit.sleep(TimeUnit.java:386)
	at org.apache.ratis.util.TimeDuration.sleep(TimeDuration.java:324)
	at org.apache.ratis.util.TimeDuration.sleep(TimeDuration.java:309)
	at org.apache.ratis.server.impl.FollowerState.run(FollowerState.java:118)
2021-08-02 05:52:47,408 [grpc-default-executor-4] INFO  impl.VoteContext (VoteContext.java:log(48)) - c97b6c06-cd07-4cdb-ae41-9a711d8ab883@group-DD91C07A3E90-FOLLOWER: accept ELECTION from aac07b4a-b510-4ee2-b953-6b798ab874ed: our priority 0 <= candidate's priority 1
2021-08-02 05:52:47,409 [grpc-default-executor-4] INFO  server.RaftServer$Division (RaftServerImpl.java:setRole(285)) - c97b6c06-cd07-4cdb-ae41-9a711d8ab883@group-DD91C07A3E90: changes role from  FOLLOWER to FOLLOWER at term 3 for candidate:aac07b4a-b510-4ee2-b953-6b798ab874ed
2021-08-02 05:52:47,409 [grpc-default-executor-4] INFO  impl.RoleInfo (RoleInfo.java:shutdownFollowerState(108)) - c97b6c06-cd07-4cdb-ae41-9a711d8ab883: shutdown c97b6c06-cd07-4cdb-ae41-9a711d8ab883@group-DD91C07A3E90-FollowerState
2021-08-02 05:52:47,410 [grpc-default-executor-4] INFO  impl.RoleInfo (RoleInfo.java:updateAndGet(130)) - c97b6c06-cd07-4cdb-ae41-9a711d8ab883: start c97b6c06-cd07-4cdb-ae41-9a711d8ab883@group-DD91C07A3E90-FollowerState
2021-08-02 05:52:47,410 [c97b6c06-cd07-4cdb-ae41-9a711d8ab883@group-DD91C07A3E90-FollowerState] INFO  impl.FollowerState (FollowerState.java:run(143)) - c97b6c06-cd07-4cdb-ae41-9a711d8ab883@group-DD91C07A3E90-FollowerState was interrupted: {}
java.lang.InterruptedException: sleep interrupted
	at java.lang.Thread.sleep(Native Method)
	at java.lang.Thread.sleep(Thread.java:340)
	at java.util.concurrent.TimeUnit.sleep(TimeUnit.java:386)
	at org.apache.ratis.util.TimeDuration.sleep(TimeDuration.java:324)
	at org.apache.ratis.util.TimeDuration.sleep(TimeDuration.java:309)
	at org.apache.ratis.server.impl.FollowerState.run(FollowerState.java:118)
2021-08-02 05:52:47,412 [grpc-default-executor-0] INFO  server.RaftServer$Division (RaftServerImpl.java:requestVote(1075)) - 1036d1ad-a7a2-43d7-9de2-11c3d66cdde8@group-DD91C07A3E90 replies to ELECTION vote request: aac07b4a-b510-4ee2-b953-6b798ab874ed<-1036d1ad-a7a2-43d7-9de2-11c3d66cdde8#0:OK-t3. Peer's state: 1036d1ad-a7a2-43d7-9de2-11c3d66cdde8@group-DD91C07A3E90:t3, leader=null, voted=aac07b4a-b510-4ee2-b953-6b798ab874ed, raftlog=1036d1ad-a7a2-43d7-9de2-11c3d66cdde8@group-DD91C07A3E90-SegmentedRaftLog:OPENED:c-1,f-1,i0, conf=-1: [1036d1ad-a7a2-43d7-9de2-11c3d66cdde8|rpc:10.1.0.32:39139|dataStream:|priority:0, c97b6c06-cd07-4cdb-ae41-9a711d8ab883|rpc:10.1.0.32:40085|dataStream:|priority:0, aac07b4a-b510-4ee2-b953-6b798ab874ed|rpc:10.1.0.32:43755|dataStream:|priority:1], old=null
2021-08-02 05:52:47,413 [grpc-default-executor-4] INFO  server.RaftServer$Division (RaftServerImpl.java:requestVote(1075)) - c97b6c06-cd07-4cdb-ae41-9a711d8ab883@group-DD91C07A3E90 replies to ELECTION vote request: aac07b4a-b510-4ee2-b953-6b798ab874ed<-c97b6c06-cd07-4cdb-ae41-9a711d8ab883#0:OK-t3. Peer's state: c97b6c06-cd07-4cdb-ae41-9a711d8ab883@group-DD91C07A3E90:t3, leader=null, voted=aac07b4a-b510-4ee2-b953-6b798ab874ed, raftlog=c97b6c06-cd07-4cdb-ae41-9a711d8ab883@group-DD91C07A3E90-SegmentedRaftLog:OPENED:c-1,f-1,i0, conf=-1: [1036d1ad-a7a2-43d7-9de2-11c3d66cdde8|rpc:10.1.0.32:39139|dataStream:|priority:0, c97b6c06-cd07-4cdb-ae41-9a711d8ab883|rpc:10.1.0.32:40085|dataStream:|priority:0, aac07b4a-b510-4ee2-b953-6b798ab874ed|rpc:10.1.0.32:43755|dataStream:|priority:1], old=null
2021-08-02 05:52:47,415 [aac07b4a-b510-4ee2-b953-6b798ab874ed@group-DD91C07A3E90-LeaderElection21] INFO  impl.LeaderElection (LeaderElection.java:logAndReturn(89)) - aac07b4a-b510-4ee2-b953-6b798ab874ed@group-DD91C07A3E90-LeaderElection21: ELECTION PASSED received 1 response(s) and 0 exception(s):
2021-08-02 05:52:47,415 [aac07b4a-b510-4ee2-b953-6b798ab874ed@group-DD91C07A3E90-LeaderElection21] INFO  impl.LeaderElection (LeaderElection.java:logAndReturn(93)) -   Response 0: aac07b4a-b510-4ee2-b953-6b798ab874ed<-c97b6c06-cd07-4cdb-ae41-9a711d8ab883#0:OK-t3
2021-08-02 05:52:47,415 [aac07b4a-b510-4ee2-b953-6b798ab874ed@group-DD91C07A3E90-LeaderElection21] INFO  impl.LeaderElection (LeaderElection.java:askForVotes(308)) - aac07b4a-b510-4ee2-b953-6b798ab874ed@group-DD91C07A3E90-LeaderElection21 ELECTION round 0: result PASSED
2021-08-02 05:52:47,415 [aac07b4a-b510-4ee2-b953-6b798ab874ed@group-DD91C07A3E90-LeaderElection21] INFO  impl.RoleInfo (RoleInfo.java:shutdownLeaderElection(121)) - aac07b4a-b510-4ee2-b953-6b798ab874ed: shutdown aac07b4a-b510-4ee2-b953-6b798ab874ed@group-DD91C07A3E90-LeaderElection21
2021-08-02 05:52:47,415 [aac07b4a-b510-4ee2-b953-6b798ab874ed@group-DD91C07A3E90-LeaderElection21] INFO  server.RaftServer$Division (RaftServerImpl.java:setRole(285)) - aac07b4a-b510-4ee2-b953-6b798ab874ed@group-DD91C07A3E90: changes role from CANDIDATE to LEADER at term 3 for changeToLeader
2021-08-02 05:52:47,415 [aac07b4a-b510-4ee2-b953-6b798ab874ed@group-DD91C07A3E90-LeaderElection21] INFO  ratis.XceiverServerRatis (XceiverServerRatis.java:handleLeaderChangedNotification(857)) - Leader change notification received for group: group-DD91C07A3E90 with new leaderId: aac07b4a-b510-4ee2-b953-6b798ab874ed
2021-08-02 05:52:47,416 [aac07b4a-b510-4ee2-b953-6b798ab874ed@group-DD91C07A3E90-LeaderElection21] INFO  server.RaftServer$Division (ServerState.java:setLeader(285)) - aac07b4a-b510-4ee2-b953-6b798ab874ed@group-DD91C07A3E90: change Leader from null to aac07b4a-b510-4ee2-b953-6b798ab874ed at term 3 for becomeLeader, leader elected after 15223ms
2021-08-02 05:52:47,416 [aac07b4a-b510-4ee2-b953-6b798ab874ed@group-DD91C07A3E90-LeaderElection21] INFO  server.RaftServerConfigKeys (ConfUtils.java:logGet(44)) - raft.server.staging.catchup.gap = 1000 (default)
2021-08-02 05:52:47,416 [Datanode State Machine Thread - 0] WARN  statemachine.StateContext (StateContext.java:execute(621)) - No available thread in pool for past 1 seconds.
2021-08-02 05:52:47,416 [aac07b4a-b510-4ee2-b953-6b798ab874ed@group-DD91C07A3E90-LeaderElection21] INFO  server.RaftServerConfigKeys (ConfUtils.java:logGet(44)) - raft.server.write.element-limit = 1024 (custom)
2021-08-02 05:52:47,416 [aac07b4a-b510-4ee2-b953-6b798ab874ed@group-DD91C07A3E90-LeaderElection21] INFO  server.RaftServerConfigKeys (ConfUtils.java:logGet(44)) - raft.server.write.byte-limit = 1073741824 (custom)
2021-08-02 05:52:47,416 [aac07b4a-b510-4ee2-b953-6b798ab874ed@group-DD91C07A3E90-LeaderElection21] INFO  server.RaftServerConfigKeys (ConfUtils.java:logGet(44)) - raft.server.watch.timeout = 3000ms (custom)
2021-08-02 05:52:47,416 [aac07b4a-b510-4ee2-b953-6b798ab874ed@group-DD91C07A3E90-LeaderElection21] INFO  server.RaftServerConfigKeys (ConfUtils.java:logGet(44)) - raft.server.watch.timeout.denomination = 1s (default)
2021-08-02 05:52:47,416 [aac07b4a-b510-4ee2-b953-6b798ab874ed@group-DD91C07A3E90-LeaderElection21] INFO  server.RaftServerConfigKeys (ConfUtils.java:logGet(44)) - raft.server.watch.element-limit = 65536 (default)
2021-08-02 05:52:47,416 [aac07b4a-b510-4ee2-b953-6b798ab874ed@group-DD91C07A3E90-LeaderElection21] INFO  server.RaftServerConfigKeys (ConfUtils.java:logGet(44)) - raft.server.log.appender.snapshot.chunk.size.max = 16MB (=16777216) (default)
2021-08-02 05:52:47,416 [aac07b4a-b510-4ee2-b953-6b798ab874ed@group-DD91C07A3E90-LeaderElection21] INFO  server.RaftServerConfigKeys (ConfUtils.java:logGet(44)) - raft.server.log.appender.buffer.byte-limit = 33554432 (custom)
2021-08-02 05:52:47,416 [aac07b4a-b510-4ee2-b953-6b798ab874ed@group-DD91C07A3E90-LeaderElection21] INFO  server.RaftServerConfigKeys (ConfUtils.java:logGet(44)) - raft.server.log.appender.buffer.element-limit = 1 (custom)
2021-08-02 05:52:47,416 [aac07b4a-b510-4ee2-b953-6b798ab874ed@group-DD91C07A3E90-LeaderElection21] INFO  grpc.GrpcConfigKeys (ConfUtils.java:logGet(44)) - raft.grpc.server.leader.outstanding.appends.max = 128 (default)
2021-08-02 05:52:47,417 [aac07b4a-b510-4ee2-b953-6b798ab874ed@group-DD91C07A3E90-LeaderElection21] INFO  server.RaftServerConfigKeys (ConfUtils.java:logGet(44)) - raft.server.rpc.request.timeout = 3000ms (default)
2021-08-02 05:52:47,417 [aac07b4a-b510-4ee2-b953-6b798ab874ed@group-DD91C07A3E90-LeaderElection21] INFO  server.RaftServerConfigKeys (ConfUtils.java:logGet(44)) - raft.server.log.appender.install.snapshot.enabled = false (custom)
2021-08-02 05:52:47,417 [aac07b4a-b510-4ee2-b953-6b798ab874ed@group-DD91C07A3E90-LeaderElection21] INFO  server.RaftServerConfigKeys (ConfUtils.java:logGet(44)) - raft.server.log.appender.snapshot.chunk.size.max = 16MB (=16777216) (default)
2021-08-02 05:52:47,417 [aac07b4a-b510-4ee2-b953-6b798ab874ed@group-DD91C07A3E90-LeaderElection21] INFO  server.RaftServerConfigKeys (ConfUtils.java:logGet(44)) - raft.server.log.appender.buffer.byte-limit = 33554432 (custom)
2021-08-02 05:52:47,417 [aac07b4a-b510-4ee2-b953-6b798ab874ed@group-DD91C07A3E90-LeaderElection21] INFO  server.RaftServerConfigKeys (ConfUtils.java:logGet(44)) - raft.server.log.appender.buffer.element-limit = 1 (custom)
2021-08-02 05:52:47,417 [aac07b4a-b510-4ee2-b953-6b798ab874ed@group-DD91C07A3E90-LeaderElection21] INFO  grpc.GrpcConfigKeys (ConfUtils.java:logGet(44)) - raft.grpc.server.leader.outstanding.appends.max = 128 (default)
2021-08-02 05:52:47,417 [aac07b4a-b510-4ee2-b953-6b798ab874ed@group-DD91C07A3E90-LeaderElection21] INFO  server.RaftServerConfigKeys (ConfUtils.java:logGet(44)) - raft.server.rpc.request.timeout = 3000ms (default)
2021-08-02 05:52:47,417 [aac07b4a-b510-4ee2-b953-6b798ab874ed@group-DD91C07A3E90-LeaderElection21] INFO  server.RaftServerConfigKeys (ConfUtils.java:logGet(44)) - raft.server.log.appender.install.snapshot.enabled = false (custom)
2021-08-02 05:52:47,418 [aac07b4a-b510-4ee2-b953-6b798ab874ed@group-DD91C07A3E90-LeaderElection21] INFO  impl.RoleInfo (RoleInfo.java:updateAndGet(130)) - aac07b4a-b510-4ee2-b953-6b798ab874ed: start aac07b4a-b510-4ee2-b953-6b798ab874ed@group-DD91C07A3E90-LeaderStateImpl
2021-08-02 05:52:47,418 [aac07b4a-b510-4ee2-b953-6b798ab874ed@group-DD91C07A3E90-LeaderElection21] INFO  segmented.SegmentedRaftLogWorker (SegmentedRaftLogWorker.java:startLogSegment(394)) - aac07b4a-b510-4ee2-b953-6b798ab874ed@group-DD91C07A3E90-SegmentedRaftLogWorker: Starting segment from index:0
2021-08-02 05:52:47,419 [EventQueue-PipelineReportForPipelineReportHandler] INFO  pipeline.PipelineManagerV2Impl (PipelineManagerV2Impl.java:openPipeline(283)) - Pipeline Pipeline[ Id: 0e8a7799-27a7-4147-95bd-dd91c07a3e90, Nodes: aac07b4a-b510-4ee2-b953-6b798ab874ed{ip: 10.1.0.32, host: fv-az12-406.exdb2aeach2ezidoxz41lk3bwg.cx.internal.cloudapp.net, ports: [REPLICATION=36345, RATIS=43755, RATIS_ADMIN=43755, RATIS_SERVER=43755, STANDALONE=36145], networkLocation: /default-rack, certSerialId: null, persistedOpState: IN_SERVICE, persistedOpStateExpiryEpochSec: 0}1036d1ad-a7a2-43d7-9de2-11c3d66cdde8{ip: 10.1.0.32, host: fv-az12-406.exdb2aeach2ezidoxz41lk3bwg.cx.internal.cloudapp.net, ports: [REPLICATION=40613, RATIS=39139, RATIS_ADMIN=39139, RATIS_SERVER=39139, STANDALONE=33267], networkLocation: /default-rack, certSerialId: null, persistedOpState: IN_SERVICE, persistedOpStateExpiryEpochSec: 0}c97b6c06-cd07-4cdb-ae41-9a711d8ab883{ip: 10.1.0.32, host: fv-az12-406.exdb2aeach2ezidoxz41lk3bwg.cx.internal.cloudapp.net, ports: [REPLICATION=36763, RATIS=40085, RATIS_ADMIN=40085, RATIS_SERVER=40085, STANDALONE=41103], networkLocation: /default-rack, certSerialId: null, persistedOpState: IN_SERVICE, persistedOpStateExpiryEpochSec: 0}, ReplicationConfig: RATIS/THREE, State:ALLOCATED, leaderId:aac07b4a-b510-4ee2-b953-6b798ab874ed, CreationTimestamp2021-08-02T05:52:29.482Z[Etc/UTC]] moved to OPEN state
2021-08-02 05:52:47,421 [aac07b4a-b510-4ee2-b953-6b798ab874ed@group-DD91C07A3E90-SegmentedRaftLogWorker] INFO  segmented.SegmentedRaftLogWorker (SegmentedRaftLogWorker.java:execute(601)) - aac07b4a-b510-4ee2-b953-6b798ab874ed@group-DD91C07A3E90-SegmentedRaftLogWorker: created new log segment /home/runner/work/ozone/ozone/mnt/ozone/hadoop-ozone/integration-test/target/test-dir/MiniOzoneClusterImpl-4f335ae8-e577-43f0-9715-84c03d5ccb1a/datanode-6/data/ratis/0e8a7799-27a7-4147-95bd-dd91c07a3e90/current/log_inprogress_0
2021-08-02 05:52:47,429 [grpc-default-executor-0] INFO  ratis.XceiverServerRatis (XceiverServerRatis.java:handleLeaderChangedNotification(857)) - Leader change notification received for group: group-DD91C07A3E90 with new leaderId: aac07b4a-b510-4ee2-b953-6b798ab874ed
2021-08-02 05:52:47,429 [grpc-default-executor-0] INFO  server.RaftServer$Division (ServerState.java:setLeader(285)) - 1036d1ad-a7a2-43d7-9de2-11c3d66cdde8@group-DD91C07A3E90: change Leader from null to aac07b4a-b510-4ee2-b953-6b798ab874ed at term 3 for appendEntries, leader elected after 15212ms
2021-08-02 05:52:47,436 [aac07b4a-b510-4ee2-b953-6b798ab874ed@group-DD91C07A3E90-LeaderElection21] INFO  server.RaftServer$Division (ServerState.java:setRaftConf(387)) - aac07b4a-b510-4ee2-b953-6b798ab874ed@group-DD91C07A3E90: set configuration 0: [1036d1ad-a7a2-43d7-9de2-11c3d66cdde8|rpc:10.1.0.32:39139|dataStream:|priority:0, c97b6c06-cd07-4cdb-ae41-9a711d8ab883|rpc:10.1.0.32:40085|dataStream:|priority:0, aac07b4a-b510-4ee2-b953-6b798ab874ed|rpc:10.1.0.32:43755|dataStream:|priority:1], old=null
2021-08-02 05:52:47,438 [grpc-default-executor-0] INFO  server.RaftServer$Division (ServerState.java:setRaftConf(387)) - 1036d1ad-a7a2-43d7-9de2-11c3d66cdde8@group-DD91C07A3E90: set configuration 0: [1036d1ad-a7a2-43d7-9de2-11c3d66cdde8|rpc:10.1.0.32:39139|dataStream:|priority:0, c97b6c06-cd07-4cdb-ae41-9a711d8ab883|rpc:10.1.0.32:40085|dataStream:|priority:0, aac07b4a-b510-4ee2-b953-6b798ab874ed|rpc:10.1.0.32:43755|dataStream:|priority:1], old=null
2021-08-02 05:52:47,438 [grpc-default-executor-3] INFO  ratis.XceiverServerRatis (XceiverServerRatis.java:handleLeaderChangedNotification(857)) - Leader change notification received for group: group-DD91C07A3E90 with new leaderId: aac07b4a-b510-4ee2-b953-6b798ab874ed
2021-08-02 05:52:47,438 [grpc-default-executor-3] INFO  server.RaftServer$Division (ServerState.java:setLeader(285)) - c97b6c06-cd07-4cdb-ae41-9a711d8ab883@group-DD91C07A3E90: change Leader from null to aac07b4a-b510-4ee2-b953-6b798ab874ed at term 3 for appendEntries, leader elected after 15190ms
2021-08-02 05:52:47,438 [grpc-default-executor-0] INFO  segmented.SegmentedRaftLogWorker (SegmentedRaftLogWorker.java:startLogSegment(394)) - 1036d1ad-a7a2-43d7-9de2-11c3d66cdde8@group-DD91C07A3E90-SegmentedRaftLogWorker: Starting segment from index:0
2021-08-02 05:52:47,448 [grpc-default-executor-3] INFO  server.RaftServer$Division (ServerState.java:setRaftConf(387)) - c97b6c06-cd07-4cdb-ae41-9a711d8ab883@group-DD91C07A3E90: set configuration 0: [1036d1ad-a7a2-43d7-9de2-11c3d66cdde8|rpc:10.1.0.32:39139|dataStream:|priority:0, c97b6c06-cd07-4cdb-ae41-9a711d8ab883|rpc:10.1.0.32:40085|dataStream:|priority:0, aac07b4a-b510-4ee2-b953-6b798ab874ed|rpc:10.1.0.32:43755|dataStream:|priority:1], old=null
2021-08-02 05:52:47,448 [grpc-default-executor-3] INFO  segmented.SegmentedRaftLogWorker (SegmentedRaftLogWorker.java:startLogSegment(394)) - c97b6c06-cd07-4cdb-ae41-9a711d8ab883@group-DD91C07A3E90-SegmentedRaftLogWorker: Starting segment from index:0
2021-08-02 05:52:47,451 [1036d1ad-a7a2-43d7-9de2-11c3d66cdde8@group-DD91C07A3E90-SegmentedRaftLogWorker] INFO  segmented.SegmentedRaftLogWorker (SegmentedRaftLogWorker.java:execute(601)) - 1036d1ad-a7a2-43d7-9de2-11c3d66cdde8@group-DD91C07A3E90-SegmentedRaftLogWorker: created new log segment /home/runner/work/ozone/ozone/mnt/ozone/hadoop-ozone/integration-test/target/test-dir/MiniOzoneClusterImpl-4f335ae8-e577-43f0-9715-84c03d5ccb1a/datanode-7/data/ratis/0e8a7799-27a7-4147-95bd-dd91c07a3e90/current/log_inprogress_0
2021-08-02 05:52:47,457 [c97b6c06-cd07-4cdb-ae41-9a711d8ab883@group-DD91C07A3E90-SegmentedRaftLogWorker] INFO  segmented.SegmentedRaftLogWorker (SegmentedRaftLogWorker.java:execute(601)) - c97b6c06-cd07-4cdb-ae41-9a711d8ab883@group-DD91C07A3E90-SegmentedRaftLogWorker: created new log segment /home/runner/work/ozone/ozone/mnt/ozone/hadoop-ozone/integration-test/target/test-dir/MiniOzoneClusterImpl-4f335ae8-e577-43f0-9715-84c03d5ccb1a/datanode-8/data/ratis/0e8a7799-27a7-4147-95bd-dd91c07a3e90/current/log_inprogress_0
2021-08-02 05:52:52,049 [fcafdf01-72b7-43de-af91-2233768a6b5f@group-509FF8D45528-FollowerState] INFO  impl.FollowerState (FollowerState.java:run(134)) - fcafdf01-72b7-43de-af91-2233768a6b5f@group-509FF8D45528-FollowerState: change to CANDIDATE, lastRpcElapsedTime:5094773256ns, electionTimeout:5088ms
2021-08-02 05:52:52,049 [fcafdf01-72b7-43de-af91-2233768a6b5f@group-509FF8D45528-FollowerState] INFO  impl.RoleInfo (RoleInfo.java:shutdownFollowerState(108)) - fcafdf01-72b7-43de-af91-2233768a6b5f: shutdown fcafdf01-72b7-43de-af91-2233768a6b5f@group-509FF8D45528-FollowerState
2021-08-02 05:52:52,049 [fcafdf01-72b7-43de-af91-2233768a6b5f@group-509FF8D45528-FollowerState] INFO  server.RaftServer$Division (RaftServerImpl.java:setRole(285)) - fcafdf01-72b7-43de-af91-2233768a6b5f@group-509FF8D45528: changes role from  FOLLOWER to CANDIDATE at term 4 for changeToCandidate
2021-08-02 05:52:52,049 [fcafdf01-72b7-43de-af91-2233768a6b5f@group-509FF8D45528-FollowerState] INFO  server.RaftServerConfigKeys (ConfUtils.java:logGet(44)) - raft.server.leaderelection.pre-vote = false (custom)
2021-08-02 05:52:52,049 [fcafdf01-72b7-43de-af91-2233768a6b5f@group-509FF8D45528-FollowerState] INFO  impl.RoleInfo (RoleInfo.java:updateAndGet(130)) - fcafdf01-72b7-43de-af91-2233768a6b5f: start fcafdf01-72b7-43de-af91-2233768a6b5f@group-509FF8D45528-LeaderElection22
2021-08-02 05:52:52,052 [fcafdf01-72b7-43de-af91-2233768a6b5f@group-509FF8D45528-LeaderElection22] INFO  impl.LeaderElection (LeaderElection.java:askForVotes(306)) - fcafdf01-72b7-43de-af91-2233768a6b5f@group-509FF8D45528-LeaderElection22 ELECTION round 0: submit vote requests at term 5 for 0: [013291a6-5e4a-44b3-a8d9-818cf48fb66e|rpc:10.1.0.32:46845|dataStream:|priority:0, 38187496-3904-43e8-b49b-0f08099c5d11|rpc:10.1.0.32:42039|dataStream:|priority:0, fcafdf01-72b7-43de-af91-2233768a6b5f|rpc:10.1.0.32:37819|dataStream:|priority:1], old=null
2021-08-02 05:52:52,056 [grpc-default-executor-4] INFO  server.RaftServer$Division (RaftServerImpl.java:requestVote(1043)) - 38187496-3904-43e8-b49b-0f08099c5d11@group-509FF8D45528: receive requestVote(ELECTION, fcafdf01-72b7-43de-af91-2233768a6b5f, group-509FF8D45528, 5, (t:2, i:0))
2021-08-02 05:52:52,056 [grpc-default-executor-4] INFO  impl.VoteContext (VoteContext.java:log(48)) - 38187496-3904-43e8-b49b-0f08099c5d11@group-509FF8D45528-FOLLOWER: accept ELECTION from fcafdf01-72b7-43de-af91-2233768a6b5f: our last entry null < candidate's last entry (t:2, i:0)
2021-08-02 05:52:52,056 [grpc-default-executor-4] INFO  server.RaftServer$Division (RaftServerImpl.java:setRole(285)) - 38187496-3904-43e8-b49b-0f08099c5d11@group-509FF8D45528: changes role from  FOLLOWER to FOLLOWER at term 5 for candidate:fcafdf01-72b7-43de-af91-2233768a6b5f
2021-08-02 05:52:52,056 [grpc-default-executor-4] INFO  impl.RoleInfo (RoleInfo.java:shutdownFollowerState(108)) - 38187496-3904-43e8-b49b-0f08099c5d11: shutdown 38187496-3904-43e8-b49b-0f08099c5d11@group-509FF8D45528-FollowerState
2021-08-02 05:52:52,056 [grpc-default-executor-4] INFO  impl.RoleInfo (RoleInfo.java:updateAndGet(130)) - 38187496-3904-43e8-b49b-0f08099c5d11: start 38187496-3904-43e8-b49b-0f08099c5d11@group-509FF8D45528-FollowerState
2021-08-02 05:52:52,057 [38187496-3904-43e8-b49b-0f08099c5d11@group-509FF8D45528-FollowerState] INFO  impl.FollowerState (FollowerState.java:run(143)) - 38187496-3904-43e8-b49b-0f08099c5d11@group-509FF8D45528-FollowerState was interrupted: {}
java.lang.InterruptedException: sleep interrupted
	at java.lang.Thread.sleep(Native Method)
	at java.lang.Thread.sleep(Thread.java:340)
	at java.util.concurrent.TimeUnit.sleep(TimeUnit.java:386)
	at org.apache.ratis.util.TimeDuration.sleep(TimeDuration.java:324)
	at org.apache.ratis.util.TimeDuration.sleep(TimeDuration.java:309)
	at org.apache.ratis.server.impl.FollowerState.run(FollowerState.java:118)
2021-08-02 05:52:52,057 [grpc-default-executor-3] INFO  server.RaftServer$Division (RaftServerImpl.java:requestVote(1043)) - 013291a6-5e4a-44b3-a8d9-818cf48fb66e@group-509FF8D45528: receive requestVote(ELECTION, fcafdf01-72b7-43de-af91-2233768a6b5f, group-509FF8D45528, 5, (t:2, i:0))
2021-08-02 05:52:52,057 [grpc-default-executor-3] INFO  impl.VoteContext (VoteContext.java:log(48)) - 013291a6-5e4a-44b3-a8d9-818cf48fb66e@group-509FF8D45528-FOLLOWER: accept ELECTION from fcafdf01-72b7-43de-af91-2233768a6b5f: our last entry null < candidate's last entry (t:2, i:0)
2021-08-02 05:52:52,057 [grpc-default-executor-3] INFO  server.RaftServer$Division (RaftServerImpl.java:setRole(285)) - 013291a6-5e4a-44b3-a8d9-818cf48fb66e@group-509FF8D45528: changes role from  FOLLOWER to FOLLOWER at term 5 for candidate:fcafdf01-72b7-43de-af91-2233768a6b5f
2021-08-02 05:52:52,057 [grpc-default-executor-3] INFO  impl.RoleInfo (RoleInfo.java:shutdownFollowerState(108)) - 013291a6-5e4a-44b3-a8d9-818cf48fb66e: shutdown 013291a6-5e4a-44b3-a8d9-818cf48fb66e@group-509FF8D45528-FollowerState
2021-08-02 05:52:52,058 [grpc-default-executor-3] INFO  impl.RoleInfo (RoleInfo.java:updateAndGet(130)) - 013291a6-5e4a-44b3-a8d9-818cf48fb66e: start 013291a6-5e4a-44b3-a8d9-818cf48fb66e@group-509FF8D45528-FollowerState
2021-08-02 05:52:52,058 [013291a6-5e4a-44b3-a8d9-818cf48fb66e@group-509FF8D45528-FollowerState] INFO  impl.FollowerState (FollowerState.java:run(143)) - 013291a6-5e4a-44b3-a8d9-818cf48fb66e@group-509FF8D45528-FollowerState was interrupted: {}
java.lang.InterruptedException: sleep interrupted
	at java.lang.Thread.sleep(Native Method)
	at java.lang.Thread.sleep(Thread.java:340)
	at java.util.concurrent.TimeUnit.sleep(TimeUnit.java:386)
	at org.apache.ratis.util.TimeDuration.sleep(TimeDuration.java:324)
	at org.apache.ratis.util.TimeDuration.sleep(TimeDuration.java:309)
	at org.apache.ratis.server.impl.FollowerState.run(FollowerState.java:118)
2021-08-02 05:52:52,067 [grpc-default-executor-4] INFO  server.RaftServer$Division (RaftServerImpl.java:requestVote(1075)) - 38187496-3904-43e8-b49b-0f08099c5d11@group-509FF8D45528 replies to ELECTION vote request: fcafdf01-72b7-43de-af91-2233768a6b5f<-38187496-3904-43e8-b49b-0f08099c5d11#0:OK-t5. Peer's state: 38187496-3904-43e8-b49b-0f08099c5d11@group-509FF8D45528:t5, leader=null, voted=fcafdf01-72b7-43de-af91-2233768a6b5f, raftlog=38187496-3904-43e8-b49b-0f08099c5d11@group-509FF8D45528-SegmentedRaftLog:OPENED:c-1,f-1,i0, conf=-1: [013291a6-5e4a-44b3-a8d9-818cf48fb66e|rpc:10.1.0.32:46845|priority:0, 38187496-3904-43e8-b49b-0f08099c5d11|rpc:10.1.0.32:42039|priority:0, fcafdf01-72b7-43de-af91-2233768a6b5f|rpc:10.1.0.32:37819|priority:1], old=null
2021-08-02 05:52:52,069 [grpc-default-executor-3] INFO  server.RaftServer$Division (RaftServerImpl.java:requestVote(1075)) - 013291a6-5e4a-44b3-a8d9-818cf48fb66e@group-509FF8D45528 replies to ELECTION vote request: fcafdf01-72b7-43de-af91-2233768a6b5f<-013291a6-5e4a-44b3-a8d9-818cf48fb66e#0:OK-t5. Peer's state: 013291a6-5e4a-44b3-a8d9-818cf48fb66e@group-509FF8D45528:t5, leader=null, voted=fcafdf01-72b7-43de-af91-2233768a6b5f, raftlog=013291a6-5e4a-44b3-a8d9-818cf48fb66e@group-509FF8D45528-SegmentedRaftLog:OPENED:c-1,f-1,i0, conf=-1: [013291a6-5e4a-44b3-a8d9-818cf48fb66e|rpc:10.1.0.32:46845|dataStream:|priority:0, 38187496-3904-43e8-b49b-0f08099c5d11|rpc:10.1.0.32:42039|dataStream:|priority:0, fcafdf01-72b7-43de-af91-2233768a6b5f|rpc:10.1.0.32:37819|dataStream:|priority:1], old=null
2021-08-02 05:52:52,069 [fcafdf01-72b7-43de-af91-2233768a6b5f@group-509FF8D45528-LeaderElection22] INFO  impl.LeaderElection (LeaderElection.java:logAndReturn(89)) - fcafdf01-72b7-43de-af91-2233768a6b5f@group-509FF8D45528-LeaderElection22: ELECTION PASSED received 1 response(s) and 0 exception(s):
2021-08-02 05:52:52,069 [fcafdf01-72b7-43de-af91-2233768a6b5f@group-509FF8D45528-LeaderElection22] INFO  impl.LeaderElection (LeaderElection.java:logAndReturn(93)) -   Response 0: fcafdf01-72b7-43de-af91-2233768a6b5f<-38187496-3904-43e8-b49b-0f08099c5d11#0:OK-t5
2021-08-02 05:52:52,069 [fcafdf01-72b7-43de-af91-2233768a6b5f@group-509FF8D45528-LeaderElection22] INFO  impl.LeaderElection (LeaderElection.java:askForVotes(308)) - fcafdf01-72b7-43de-af91-2233768a6b5f@group-509FF8D45528-LeaderElection22 ELECTION round 0: result PASSED
2021-08-02 05:52:52,069 [fcafdf01-72b7-43de-af91-2233768a6b5f@group-509FF8D45528-LeaderElection22] INFO  impl.RoleInfo (RoleInfo.java:shutdownLeaderElection(121)) - fcafdf01-72b7-43de-af91-2233768a6b5f: shutdown fcafdf01-72b7-43de-af91-2233768a6b5f@group-509FF8D45528-LeaderElection22
2021-08-02 05:52:52,069 [fcafdf01-72b7-43de-af91-2233768a6b5f@group-509FF8D45528-LeaderElection22] INFO  server.RaftServer$Division (RaftServerImpl.java:setRole(285)) - fcafdf01-72b7-43de-af91-2233768a6b5f@group-509FF8D45528: changes role from CANDIDATE to LEADER at term 5 for changeToLeader
2021-08-02 05:52:52,069 [fcafdf01-72b7-43de-af91-2233768a6b5f@group-509FF8D45528-LeaderElection22] INFO  ratis.XceiverServerRatis (XceiverServerRatis.java:handleLeaderChangedNotification(857)) - Leader change notification received for group: group-509FF8D45528 with new leaderId: fcafdf01-72b7-43de-af91-2233768a6b5f
2021-08-02 05:52:52,069 [fcafdf01-72b7-43de-af91-2233768a6b5f@group-509FF8D45528-LeaderElection22] INFO  server.RaftServer$Division (ServerState.java:setLeader(285)) - fcafdf01-72b7-43de-af91-2233768a6b5f@group-509FF8D45528: change Leader from null to fcafdf01-72b7-43de-af91-2233768a6b5f at term 5 for becomeLeader, leader elected after 10230ms
2021-08-02 05:52:52,070 [fcafdf01-72b7-43de-af91-2233768a6b5f@group-509FF8D45528-LeaderElection22] INFO  server.RaftServerConfigKeys (ConfUtils.java:logGet(44)) - raft.server.staging.catchup.gap = 1000 (default)
2021-08-02 05:52:52,070 [fcafdf01-72b7-43de-af91-2233768a6b5f@group-509FF8D45528-LeaderElection22] INFO  server.RaftServerConfigKeys (ConfUtils.java:logGet(44)) - raft.server.write.element-limit = 1024 (custom)
2021-08-02 05:52:52,070 [fcafdf01-72b7-43de-af91-2233768a6b5f@group-509FF8D45528-LeaderElection22] INFO  server.RaftServerConfigKeys (ConfUtils.java:logGet(44)) - raft.server.write.byte-limit = 1073741824 (custom)
2021-08-02 05:52:52,070 [fcafdf01-72b7-43de-af91-2233768a6b5f@group-509FF8D45528-LeaderElection22] INFO  server.RaftServerConfigKeys (ConfUtils.java:logGet(44)) - raft.server.watch.timeout = 3000ms (custom)
2021-08-02 05:52:52,070 [fcafdf01-72b7-43de-af91-2233768a6b5f@group-509FF8D45528-LeaderElection22] INFO  server.RaftServerConfigKeys (ConfUtils.java:logGet(44)) - raft.server.watch.timeout.denomination = 1s (default)
2021-08-02 05:52:52,070 [fcafdf01-72b7-43de-af91-2233768a6b5f@group-509FF8D45528-LeaderElection22] INFO  server.RaftServerConfigKeys (ConfUtils.java:logGet(44)) - raft.server.watch.element-limit = 65536 (default)
2021-08-02 05:52:52,070 [fcafdf01-72b7-43de-af91-2233768a6b5f@group-509FF8D45528-LeaderElection22] INFO  server.RaftServerConfigKeys (ConfUtils.java:logGet(44)) - raft.server.log.appender.snapshot.chunk.size.max = 16MB (=16777216) (default)
2021-08-02 05:52:52,070 [fcafdf01-72b7-43de-af91-2233768a6b5f@group-509FF8D45528-LeaderElection22] INFO  server.RaftServerConfigKeys (ConfUtils.java:logGet(44)) - raft.server.log.appender.buffer.byte-limit = 33554432 (custom)
2021-08-02 05:52:52,070 [fcafdf01-72b7-43de-af91-2233768a6b5f@group-509FF8D45528-LeaderElection22] INFO  server.RaftServerConfigKeys (ConfUtils.java:logGet(44)) - raft.server.log.appender.buffer.element-limit = 1 (custom)
2021-08-02 05:52:52,070 [fcafdf01-72b7-43de-af91-2233768a6b5f@group-509FF8D45528-LeaderElection22] INFO  grpc.GrpcConfigKeys (ConfUtils.java:logGet(44)) - raft.grpc.server.leader.outstanding.appends.max = 128 (default)
2021-08-02 05:52:52,070 [fcafdf01-72b7-43de-af91-2233768a6b5f@group-509FF8D45528-LeaderElection22] INFO  server.RaftServerConfigKeys (ConfUtils.java:logGet(44)) - raft.server.rpc.request.timeout = 3000ms (default)
2021-08-02 05:52:52,071 [fcafdf01-72b7-43de-af91-2233768a6b5f@group-509FF8D45528-LeaderElection22] INFO  server.RaftServerConfigKeys (ConfUtils.java:logGet(44)) - raft.server.log.appender.install.snapshot.enabled = false (custom)
2021-08-02 05:52:52,071 [fcafdf01-72b7-43de-af91-2233768a6b5f@group-509FF8D45528-LeaderElection22] INFO  server.RaftServerConfigKeys (ConfUtils.java:logGet(44)) - raft.server.log.appender.snapshot.chunk.size.max = 16MB (=16777216) (default)
2021-08-02 05:52:52,071 [fcafdf01-72b7-43de-af91-2233768a6b5f@group-509FF8D45528-LeaderElection22] INFO  server.RaftServerConfigKeys (ConfUtils.java:logGet(44)) - raft.server.log.appender.buffer.byte-limit = 33554432 (custom)
2021-08-02 05:52:52,071 [fcafdf01-72b7-43de-af91-2233768a6b5f@group-509FF8D45528-LeaderElection22] INFO  server.RaftServerConfigKeys (ConfUtils.java:logGet(44)) - raft.server.log.appender.buffer.element-limit = 1 (custom)
2021-08-02 05:52:52,071 [fcafdf01-72b7-43de-af91-2233768a6b5f@group-509FF8D45528-LeaderElection22] INFO  grpc.GrpcConfigKeys (ConfUtils.java:logGet(44)) - raft.grpc.server.leader.outstanding.appends.max = 128 (default)
2021-08-02 05:52:52,071 [fcafdf01-72b7-43de-af91-2233768a6b5f@group-509FF8D45528-LeaderElection22] INFO  server.RaftServerConfigKeys (ConfUtils.java:logGet(44)) - raft.server.rpc.request.timeout = 3000ms (default)
2021-08-02 05:52:52,071 [fcafdf01-72b7-43de-af91-2233768a6b5f@group-509FF8D45528-LeaderElection22] INFO  server.RaftServerConfigKeys (ConfUtils.java:logGet(44)) - raft.server.log.appender.install.snapshot.enabled = false (custom)
2021-08-02 05:52:52,072 [fcafdf01-72b7-43de-af91-2233768a6b5f@group-509FF8D45528-LeaderElection22] INFO  impl.RoleInfo (RoleInfo.java:updateAndGet(130)) - fcafdf01-72b7-43de-af91-2233768a6b5f: start fcafdf01-72b7-43de-af91-2233768a6b5f@group-509FF8D45528-LeaderStateImpl
2021-08-02 05:52:52,072 [fcafdf01-72b7-43de-af91-2233768a6b5f@group-509FF8D45528-LeaderElection22] INFO  segmented.SegmentedRaftLogWorker (SegmentedRaftLogWorker.java:rollLogSegment(399)) - fcafdf01-72b7-43de-af91-2233768a6b5f@group-509FF8D45528-SegmentedRaftLogWorker: Rolling segment log-0_0 to index:0
2021-08-02 05:52:52,073 [Datanode State Machine Thread - 0] WARN  statemachine.StateContext (StateContext.java:execute(621)) - No available thread in pool for past 1 seconds.
2021-08-02 05:52:52,074 [fcafdf01-72b7-43de-af91-2233768a6b5f@group-509FF8D45528-SegmentedRaftLogWorker] INFO  segmented.SegmentedRaftLogWorker (SegmentedRaftLogWorker.java:execute(558)) - fcafdf01-72b7-43de-af91-2233768a6b5f@group-509FF8D45528-SegmentedRaftLogWorker: Rolled log segment from /home/runner/work/ozone/ozone/mnt/ozone/hadoop-ozone/integration-test/target/test-dir/MiniOzoneClusterImpl-4f335ae8-e577-43f0-9715-84c03d5ccb1a/datanode-5/data/ratis/17ac55dc-98f0-46e9-846b-509ff8d45528/current/log_inprogress_0 to /home/runner/work/ozone/ozone/mnt/ozone/hadoop-ozone/integration-test/target/test-dir/MiniOzoneClusterImpl-4f335ae8-e577-43f0-9715-84c03d5ccb1a/datanode-5/data/ratis/17ac55dc-98f0-46e9-846b-509ff8d45528/current/log_0-0
2021-08-02 05:52:52,076 [fcafdf01-72b7-43de-af91-2233768a6b5f@group-509FF8D45528-SegmentedRaftLogWorker] INFO  segmented.SegmentedRaftLogWorker (SegmentedRaftLogWorker.java:execute(601)) - fcafdf01-72b7-43de-af91-2233768a6b5f@group-509FF8D45528-SegmentedRaftLogWorker: created new log segment /home/runner/work/ozone/ozone/mnt/ozone/hadoop-ozone/integration-test/target/test-dir/MiniOzoneClusterImpl-4f335ae8-e577-43f0-9715-84c03d5ccb1a/datanode-5/data/ratis/17ac55dc-98f0-46e9-846b-509ff8d45528/current/log_inprogress_1
2021-08-02 05:52:52,082 [grpc-default-executor-4] INFO  ratis.XceiverServerRatis (XceiverServerRatis.java:handleLeaderChangedNotification(857)) - Leader change notification received for group: group-509FF8D45528 with new leaderId: fcafdf01-72b7-43de-af91-2233768a6b5f
2021-08-02 05:52:52,082 [grpc-default-executor-4] INFO  server.RaftServer$Division (ServerState.java:setLeader(285)) - 013291a6-5e4a-44b3-a8d9-818cf48fb66e@group-509FF8D45528: change Leader from null to fcafdf01-72b7-43de-af91-2233768a6b5f at term 5 for appendEntries, leader elected after 20381ms
2021-08-02 05:52:52,082 [fcafdf01-72b7-43de-af91-2233768a6b5f@group-509FF8D45528-LeaderElection22] INFO  server.RaftServer$Division (ServerState.java:setRaftConf(387)) - fcafdf01-72b7-43de-af91-2233768a6b5f@group-509FF8D45528: set configuration 1: [013291a6-5e4a-44b3-a8d9-818cf48fb66e|rpc:10.1.0.32:46845|dataStream:|priority:0, 38187496-3904-43e8-b49b-0f08099c5d11|rpc:10.1.0.32:42039|dataStream:|priority:0, fcafdf01-72b7-43de-af91-2233768a6b5f|rpc:10.1.0.32:37819|dataStream:|priority:1], old=null
2021-08-02 05:52:52,082 [grpc-default-executor-4] INFO  server.RaftServer$Division (RaftServerImpl.java:checkInconsistentAppendEntries(1319)) - 013291a6-5e4a-44b3-a8d9-818cf48fb66e@group-509FF8D45528: Failed appendEntries as previous log entry ((t:2, i:0)) is not found
2021-08-02 05:52:52,083 [grpc-default-executor-4] INFO  server.RaftServer$Division (RaftServerImpl.java:checkInconsistentAppendEntries(1285)) - 013291a6-5e4a-44b3-a8d9-818cf48fb66e@group-509FF8D45528: inconsistency entries. Reply:fcafdf01-72b7-43de-af91-2233768a6b5f<-013291a6-5e4a-44b3-a8d9-818cf48fb66e#0:FAIL-t5,INCONSISTENCY,nextIndex=0,followerCommit=-1
2021-08-02 05:52:52,085 [grpc-default-executor-4] INFO  leader.FollowerInfo (FollowerInfoImpl.java:lambda$new$0(46)) - fcafdf01-72b7-43de-af91-2233768a6b5f@group-509FF8D45528->013291a6-5e4a-44b3-a8d9-818cf48fb66e: nextIndex: updateUnconditionally 1 -> 0
2021-08-02 05:52:52,086 [grpc-default-executor-4] INFO  ratis.XceiverServerRatis (XceiverServerRatis.java:handleLeaderChangedNotification(857)) - Leader change notification received for group: group-509FF8D45528 with new leaderId: fcafdf01-72b7-43de-af91-2233768a6b5f
2021-08-02 05:52:52,086 [grpc-default-executor-4] INFO  server.RaftServer$Division (ServerState.java:setLeader(285)) - 38187496-3904-43e8-b49b-0f08099c5d11@group-509FF8D45528: change Leader from null to fcafdf01-72b7-43de-af91-2233768a6b5f at term 5 for appendEntries, leader elected after 20450ms
2021-08-02 05:52:52,086 [grpc-default-executor-4] INFO  server.RaftServer$Division (RaftServerImpl.java:checkInconsistentAppendEntries(1319)) - 38187496-3904-43e8-b49b-0f08099c5d11@group-509FF8D45528: Failed appendEntries as previous log entry ((t:2, i:0)) is not found
2021-08-02 05:52:52,086 [grpc-default-executor-4] INFO  server.RaftServer$Division (RaftServerImpl.java:checkInconsistentAppendEntries(1285)) - 38187496-3904-43e8-b49b-0f08099c5d11@group-509FF8D45528: inconsistency entries. Reply:fcafdf01-72b7-43de-af91-2233768a6b5f<-38187496-3904-43e8-b49b-0f08099c5d11#0:FAIL-t5,INCONSISTENCY,nextIndex=0,followerCommit=-1
2021-08-02 05:52:52,087 [grpc-default-executor-3] INFO  server.RaftServer$Division (RaftServerImpl.java:checkInconsistentAppendEntries(1319)) - 38187496-3904-43e8-b49b-0f08099c5d11@group-509FF8D45528: Failed appendEntries as previous log entry ((t:2, i:0)) is not found
2021-08-02 05:52:52,087 [grpc-default-executor-3] INFO  server.RaftServer$Division (RaftServerImpl.java:checkInconsistentAppendEntries(1285)) - 38187496-3904-43e8-b49b-0f08099c5d11@group-509FF8D45528: inconsistency entries. Reply:fcafdf01-72b7-43de-af91-2233768a6b5f<-38187496-3904-43e8-b49b-0f08099c5d11#1:FAIL-t5,INCONSISTENCY,nextIndex=0,followerCommit=-1
2021-08-02 05:52:52,087 [grpc-default-executor-0] INFO  leader.FollowerInfo (FollowerInfoImpl.java:lambda$new$0(46)) - fcafdf01-72b7-43de-af91-2233768a6b5f@group-509FF8D45528->38187496-3904-43e8-b49b-0f08099c5d11: nextIndex: updateUnconditionally 2 -> 0
2021-08-02 05:52:52,088 [grpc-default-executor-3] INFO  leader.FollowerInfo (FollowerInfoImpl.java:lambda$new$0(46)) - fcafdf01-72b7-43de-af91-2233768a6b5f@group-509FF8D45528->38187496-3904-43e8-b49b-0f08099c5d11: nextIndex: updateUnconditionally 0 -> 0
2021-08-02 05:52:52,089 [grpc-default-executor-4] INFO  server.RaftServer$Division (ServerState.java:setRaftConf(387)) - 013291a6-5e4a-44b3-a8d9-818cf48fb66e@group-509FF8D45528: set configuration 0: [013291a6-5e4a-44b3-a8d9-818cf48fb66e|rpc:10.1.0.32:46845|dataStream:|priority:0, 38187496-3904-43e8-b49b-0f08099c5d11|rpc:10.1.0.32:42039|dataStream:|priority:0, fcafdf01-72b7-43de-af91-2233768a6b5f|rpc:10.1.0.32:37819|dataStream:|priority:1], old=null
2021-08-02 05:52:52,090 [grpc-default-executor-4] INFO  segmented.SegmentedRaftLogWorker (SegmentedRaftLogWorker.java:startLogSegment(394)) - 013291a6-5e4a-44b3-a8d9-818cf48fb66e@group-509FF8D45528-SegmentedRaftLogWorker: Starting segment from index:0
2021-08-02 05:52:52,090 [grpc-default-executor-4] INFO  server.RaftServer$Division (ServerState.java:setRaftConf(387)) - 013291a6-5e4a-44b3-a8d9-818cf48fb66e@group-509FF8D45528: set configuration 1: [013291a6-5e4a-44b3-a8d9-818cf48fb66e|rpc:10.1.0.32:46845|dataStream:|priority:0, 38187496-3904-43e8-b49b-0f08099c5d11|rpc:10.1.0.32:42039|dataStream:|priority:0, fcafdf01-72b7-43de-af91-2233768a6b5f|rpc:10.1.0.32:37819|dataStream:|priority:1], old=null
2021-08-02 05:52:52,091 [grpc-default-executor-4] INFO  segmented.SegmentedRaftLogWorker (SegmentedRaftLogWorker.java:rollLogSegment(399)) - 013291a6-5e4a-44b3-a8d9-818cf48fb66e@group-509FF8D45528-SegmentedRaftLogWorker: Rolling segment log-0_0 to index:0
2021-08-02 05:52:52,091 [013291a6-5e4a-44b3-a8d9-818cf48fb66e@group-509FF8D45528-SegmentedRaftLogWorker] INFO  segmented.SegmentedRaftLogWorker (SegmentedRaftLogWorker.java:execute(601)) - 013291a6-5e4a-44b3-a8d9-818cf48fb66e@group-509FF8D45528-SegmentedRaftLogWorker: created new log segment /home/runner/work/ozone/ozone/mnt/ozone/hadoop-ozone/integration-test/target/test-dir/MiniOzoneClusterImpl-4f335ae8-e577-43f0-9715-84c03d5ccb1a/datanode-4/data/ratis/17ac55dc-98f0-46e9-846b-509ff8d45528/current/log_inprogress_0
2021-08-02 05:52:52,095 [grpc-default-executor-3] INFO  server.RaftServer$Division (ServerState.java:setRaftConf(387)) - 38187496-3904-43e8-b49b-0f08099c5d11@group-509FF8D45528: set configuration 0: [013291a6-5e4a-44b3-a8d9-818cf48fb66e|rpc:10.1.0.32:46845|dataStream:|priority:0, 38187496-3904-43e8-b49b-0f08099c5d11|rpc:10.1.0.32:42039|dataStream:|priority:0, fcafdf01-72b7-43de-af91-2233768a6b5f|rpc:10.1.0.32:37819|dataStream:|priority:1], old=null
2021-08-02 05:52:52,095 [013291a6-5e4a-44b3-a8d9-818cf48fb66e@group-509FF8D45528-SegmentedRaftLogWorker] INFO  segmented.SegmentedRaftLogWorker (SegmentedRaftLogWorker.java:execute(558)) - 013291a6-5e4a-44b3-a8d9-818cf48fb66e@group-509FF8D45528-SegmentedRaftLogWorker: Rolled log segment from /home/runner/work/ozone/ozone/mnt/ozone/hadoop-ozone/integration-test/target/test-dir/MiniOzoneClusterImpl-4f335ae8-e577-43f0-9715-84c03d5ccb1a/datanode-4/data/ratis/17ac55dc-98f0-46e9-846b-509ff8d45528/current/log_inprogress_0 to /home/runner/work/ozone/ozone/mnt/ozone/hadoop-ozone/integration-test/target/test-dir/MiniOzoneClusterImpl-4f335ae8-e577-43f0-9715-84c03d5ccb1a/datanode-4/data/ratis/17ac55dc-98f0-46e9-846b-509ff8d45528/current/log_0-0
2021-08-02 05:52:52,095 [grpc-default-executor-3] INFO  segmented.SegmentedRaftLogWorker (SegmentedRaftLogWorker.java:startLogSegment(394)) - 38187496-3904-43e8-b49b-0f08099c5d11@group-509FF8D45528-SegmentedRaftLogWorker: Starting segment from index:0
2021-08-02 05:52:52,096 [grpc-default-executor-3] INFO  server.RaftServer$Division (ServerState.java:setRaftConf(387)) - 38187496-3904-43e8-b49b-0f08099c5d11@group-509FF8D45528: set configuration 1: [013291a6-5e4a-44b3-a8d9-818cf48fb66e|rpc:10.1.0.32:46845|dataStream:|priority:0, 38187496-3904-43e8-b49b-0f08099c5d11|rpc:10.1.0.32:42039|dataStream:|priority:0, fcafdf01-72b7-43de-af91-2233768a6b5f|rpc:10.1.0.32:37819|dataStream:|priority:1], old=null
2021-08-02 05:52:52,096 [grpc-default-executor-3] INFO  segmented.SegmentedRaftLogWorker (SegmentedRaftLogWorker.java:rollLogSegment(399)) - 38187496-3904-43e8-b49b-0f08099c5d11@group-509FF8D45528-SegmentedRaftLogWorker: Rolling segment log-0_0 to index:0
2021-08-02 05:52:52,097 [013291a6-5e4a-44b3-a8d9-818cf48fb66e@group-509FF8D45528-SegmentedRaftLogWorker] INFO  segmented.SegmentedRaftLogWorker (SegmentedRaftLogWorker.java:execute(601)) - 013291a6-5e4a-44b3-a8d9-818cf48fb66e@group-509FF8D45528-SegmentedRaftLogWorker: created new log segment /home/runner/work/ozone/ozone/mnt/ozone/hadoop-ozone/integration-test/target/test-dir/MiniOzoneClusterImpl-4f335ae8-e577-43f0-9715-84c03d5ccb1a/datanode-4/data/ratis/17ac55dc-98f0-46e9-846b-509ff8d45528/current/log_inprogress_1
2021-08-02 05:52:52,097 [38187496-3904-43e8-b49b-0f08099c5d11@group-509FF8D45528-SegmentedRaftLogWorker] INFO  segmented.SegmentedRaftLogWorker (SegmentedRaftLogWorker.java:execute(601)) - 38187496-3904-43e8-b49b-0f08099c5d11@group-509FF8D45528-SegmentedRaftLogWorker: created new log segment /home/runner/work/ozone/ozone/mnt/ozone/hadoop-ozone/integration-test/target/test-dir/MiniOzoneClusterImpl-4f335ae8-e577-43f0-9715-84c03d5ccb1a/datanode-3/data/ratis/17ac55dc-98f0-46e9-846b-509ff8d45528/current/log_inprogress_0
2021-08-02 05:52:52,100 [38187496-3904-43e8-b49b-0f08099c5d11@group-509FF8D45528-SegmentedRaftLogWorker] INFO  segmented.SegmentedRaftLogWorker (SegmentedRaftLogWorker.java:execute(558)) - 38187496-3904-43e8-b49b-0f08099c5d11@group-509FF8D45528-SegmentedRaftLogWorker: Rolled log segment from /home/runner/work/ozone/ozone/mnt/ozone/hadoop-ozone/integration-test/target/test-dir/MiniOzoneClusterImpl-4f335ae8-e577-43f0-9715-84c03d5ccb1a/datanode-3/data/ratis/17ac55dc-98f0-46e9-846b-509ff8d45528/current/log_inprogress_0 to /home/runner/work/ozone/ozone/mnt/ozone/hadoop-ozone/integration-test/target/test-dir/MiniOzoneClusterImpl-4f335ae8-e577-43f0-9715-84c03d5ccb1a/datanode-3/data/ratis/17ac55dc-98f0-46e9-846b-509ff8d45528/current/log_0-0
2021-08-02 05:52:52,102 [38187496-3904-43e8-b49b-0f08099c5d11@group-509FF8D45528-SegmentedRaftLogWorker] INFO  segmented.SegmentedRaftLogWorker (SegmentedRaftLogWorker.java:execute(601)) - 38187496-3904-43e8-b49b-0f08099c5d11@group-509FF8D45528-SegmentedRaftLogWorker: created new log segment /home/runner/work/ozone/ozone/mnt/ozone/hadoop-ozone/integration-test/target/test-dir/MiniOzoneClusterImpl-4f335ae8-e577-43f0-9715-84c03d5ccb1a/datanode-3/data/ratis/17ac55dc-98f0-46e9-846b-509ff8d45528/current/log_inprogress_1
2021-08-02 05:52:56,189 [Listener at 127.0.0.1/35629] WARN  io.KeyOutputStream (KeyOutputStream.java:handleException(318)) - Encountered exception java.io.IOException: Unexpected Storage Container Exception: java.util.concurrent.CompletionException: Failed to write chunk 107544261427200001_chunk_1 into block conID: 1 locID: 107544261427200001 bcsId: 0 on the pipeline Pipeline[ Id: 17ac55dc-98f0-46e9-846b-509ff8d45528, Nodes: 38187496-3904-43e8-b49b-0f08099c5d11{ip: 10.1.0.32, host: fv-az12-406.exdb2aeach2ezidoxz41lk3bwg.cx.internal.cloudapp.net, ports: [REPLICATION=40025, RATIS=42039, RATIS_ADMIN=42039, RATIS_SERVER=42039, STANDALONE=43281], networkLocation: /default-rack, certSerialId: null, persistedOpState: IN_SERVICE, persistedOpStateExpiryEpochSec: 0}fcafdf01-72b7-43de-af91-2233768a6b5f{ip: 10.1.0.32, host: fv-az12-406.exdb2aeach2ezidoxz41lk3bwg.cx.internal.cloudapp.net, ports: [REPLICATION=45841, RATIS=37819, RATIS_ADMIN=37819, RATIS_SERVER=37819, STANDALONE=39001], networkLocation: /default-rack, certSerialId: null, persistedOpState: IN_SERVICE, persistedOpStateExpiryEpochSec: 0}013291a6-5e4a-44b3-a8d9-818cf48fb66e{ip: 10.1.0.32, host: fv-az12-406.exdb2aeach2ezidoxz41lk3bwg.cx.internal.cloudapp.net, ports: [REPLICATION=45573, RATIS=46845, RATIS_ADMIN=46845, RATIS_SERVER=46845, STANDALONE=42307], networkLocation: /default-rack, certSerialId: null, persistedOpState: IN_SERVICE, persistedOpStateExpiryEpochSec: 0}, ReplicationConfig: RATIS/THREE, State:OPEN, leaderId:fcafdf01-72b7-43de-af91-2233768a6b5f, CreationTimestamp2021-08-02T05:52:28.982Z[Etc/UTC]]. The last committed block length is 0, uncommitted data length is 400 retry count 0
2021-08-02 05:52:56,389 [Datanode State Machine Thread - 0] WARN  statemachine.StateContext (StateContext.java:execute(621)) - No available thread in pool for past 1 seconds.
2021-08-02 05:52:56,393 [Datanode State Machine Thread - 0] WARN  statemachine.StateContext (StateContext.java:execute(621)) - No available thread in pool for past 1 seconds.
2021-08-02 05:52:56,401 [Datanode State Machine Thread - 0] WARN  statemachine.StateContext (StateContext.java:execute(621)) - No available thread in pool for past 1 seconds.
2021-08-02 05:52:56,498 [Listener at 127.0.0.1/35629] INFO  ozone.MiniOzoneClusterImpl (MiniOzoneClusterImpl.java:shutdown(453)) - Shutting down the Mini Ozone Cluster
2021-08-02 05:52:56,499 [Listener at 127.0.0.1/35629] INFO  ozone.MiniOzoneClusterImpl (MiniOzoneClusterImpl.java:stop(468)) - Stopping the Mini Ozone Cluster
2021-08-02 05:52:56,499 [Listener at 127.0.0.1/35629] INFO  ozone.MiniOzoneClusterImpl (MiniOzoneClusterImpl.java:stopOM(550)) - Stopping the OzoneManager
2021-08-02 05:52:56,499 [Listener at 127.0.0.1/35629] INFO  om.OzoneManager (OzoneManager.java:stop(1601)) - Stopping Ozone Manager
2021-08-02 05:52:56,499 [Listener at 127.0.0.1/35629] INFO  ipc.Server (Server.java:stop(3414)) - Stopping server on 35629
2021-08-02 05:52:56,502 [IPC Server listener on 0] INFO  ipc.Server (Server.java:run(1376)) - Stopping IPC Server listener on 0
2021-08-02 05:52:56,503 [IPC Server Responder] INFO  ipc.Server (Server.java:run(1512)) - Stopping IPC Server Responder
2021-08-02 05:52:56,503 [Listener at 127.0.0.1/35629] INFO  server.RaftServer (RaftServerProxy.java:lambda$close$6(391)) - om1: close
2021-08-02 05:52:56,506 [Listener at 127.0.0.1/35629] INFO  server.RaftServer$Division (RaftServerImpl.java:lambda$close$4(407)) - om1@group-C5BA1605619E: shutdown
2021-08-02 05:52:56,506 [Listener at 127.0.0.1/35629] INFO  util.JmxRegister (JmxRegister.java:unregister(73)) - Successfully un-registered JMX Bean with object name Ratis:service=RaftServer,group=group-C5BA1605619E,id=om1
2021-08-02 05:52:56,506 [Listener at 127.0.0.1/35629] INFO  impl.RoleInfo (RoleInfo.java:shutdownLeaderState(91)) - om1: shutdown om1@group-C5BA1605619E-LeaderStateImpl
2021-08-02 05:52:56,506 [Listener at 127.0.0.1/35629] INFO  impl.PendingRequests (PendingRequests.java:sendNotLeaderResponses(249)) - om1@group-C5BA1605619E-PendingRequests: sendNotLeaderResponses
2021-08-02 05:52:56,509 [om1@group-C5BA1605619E-StateMachineUpdater] INFO  ratis.OzoneManagerStateMachine (OzoneManagerStateMachine.java:takeSnapshot(417)) - Current Snapshot Index (t:1, i:8)
2021-08-02 05:52:56,510 [om1@group-C5BA1605619E-StateMachineUpdater] INFO  impl.StateMachineUpdater (StateMachineUpdater.java:takeSnapshot(281)) - om1@group-C5BA1605619E-StateMachineUpdater: Took a snapshot at index 8
2021-08-02 05:52:56,510 [om1@group-C5BA1605619E-StateMachineUpdater] INFO  impl.StateMachineUpdater (StateMachineUpdater.java:lambda$new$0(89)) - om1@group-C5BA1605619E-StateMachineUpdater: snapshotIndex: updateIncreasingly -1 -> 8
2021-08-02 05:52:56,510 [om1@group-C5BA1605619E-StateMachineUpdater] INFO  ratis.OzoneManagerStateMachine (OzoneManagerStateMachine.java:close(471)) - StateMachine has shutdown. Shutdown OzoneManager if not already shutdown.
2021-08-02 05:52:56,510 [Listener at 127.0.0.1/35629] INFO  impl.StateMachineUpdater (StateMachineUpdater.java:stopAndJoin(149)) - om1@group-C5BA1605619E-StateMachineUpdater: set stopIndex = 8
2021-08-02 05:52:56,511 [Listener at 127.0.0.1/35629] INFO  server.RaftServer$Division (ServerState.java:close(419)) - om1@group-C5BA1605619E: closes. applyIndex: 8
2021-08-02 05:52:56,511 [om1@group-C5BA1605619E-SegmentedRaftLogWorker] INFO  segmented.SegmentedRaftLogWorker (SegmentedRaftLogWorker.java:run(327)) - om1@group-C5BA1605619E-SegmentedRaftLogWorker was interrupted, exiting. There are 0 tasks remaining in the queue.
2021-08-02 05:52:56,513 [Listener at 127.0.0.1/35629] INFO  segmented.SegmentedRaftLogWorker (SegmentedRaftLogWorker.java:close(237)) - om1@group-C5BA1605619E-SegmentedRaftLogWorker close()
2021-08-02 05:52:56,514 [Listener at 127.0.0.1/35629] INFO  server.GrpcService (GrpcService.java:closeImpl(262)) - om1: shutdown server with port 9872 now
2021-08-02 05:52:56,515 [Listener at 127.0.0.1/35629] INFO  server.GrpcService (GrpcService.java:closeImpl(271)) - om1: shutdown server with port 9872 successfully
2021-08-02 05:52:56,515 [org.apache.ratis.util.JvmPauseMonitor$$Lambda$526/571419931@2ee16a4e] INFO  util.JvmPauseMonitor (JvmPauseMonitor.java:run(109)) - JvmPauseMonitor-om1: Stopped
2021-08-02 05:52:56,515 [Listener at 127.0.0.1/35629] INFO  ratis.OzoneManagerDoubleBuffer (OzoneManagerDoubleBuffer.java:stop(437)) - Stopping OMDoubleBuffer flush thread
2021-08-02 05:52:56,515 [OMDoubleBufferFlushThread] INFO  ratis.OzoneManagerDoubleBuffer (OzoneManagerDoubleBuffer.java:flushTransactions(356)) - OMDoubleBuffer flush thread OMDoubleBufferFlushThread is interrupted and will exit. OMDoubleBufferFlushThread
2021-08-02 05:52:56,517 [Listener at 127.0.0.1/35629] INFO  utils.BackgroundService (BackgroundService.java:shutdown(132)) - Shutting down service KeyDeletingService
2021-08-02 05:52:56,518 [Listener at 127.0.0.1/35629] INFO  handler.ContextHandler (ContextHandler.java:doStop(1154)) - Stopped o.e.j.w.WebAppContext@6d2fe236{ozoneManager,/,null,STOPPED}{file:/home/runner/work/ozone/ozone/mnt/ozone/hadoop-ozone/integration-test/target/test-classes/webapps/ozoneManager}
2021-08-02 05:52:56,523 [Listener at 127.0.0.1/35629] INFO  server.AbstractConnector (AbstractConnector.java:doStop(381)) - Stopped ServerConnector@54d20609{HTTP/1.1, (http/1.1)}{0.0.0.0:0}
2021-08-02 05:52:56,524 [Listener at 127.0.0.1/35629] INFO  server.session (HouseKeeper.java:stopScavenging(149)) - node0 Stopped scavenging
2021-08-02 05:52:56,524 [Listener at 127.0.0.1/35629] INFO  handler.ContextHandler (ContextHandler.java:doStop(1154)) - Stopped o.e.j.s.ServletContextHandler@1daf79ab{static,/static,file:///home/runner/work/ozone/ozone/mnt/ozone/hadoop-ozone/integration-test/target/test-classes/webapps/static,STOPPED}
2021-08-02 05:52:56,524 [Listener at 127.0.0.1/35629] INFO  handler.ContextHandler (ContextHandler.java:doStop(1154)) - Stopped o.e.j.s.ServletContextHandler@72e1a349{logs,/logs,file:///home/runner/work/ozone/ozone/mnt/ozone/hadoop-ozone/integration-test/target/log,STOPPED}
2021-08-02 05:52:56,526 [Listener at 127.0.0.1/35629] INFO  ozone.MiniOzoneClusterImpl (MiniOzoneClusterImpl.java:stopDatanodes(527)) - Stopping the HddsDatanodes
2021-08-02 05:52:56,936 [Datanode State Machine Thread - 0] INFO  statemachine.DatanodeStateMachine (DatanodeStateMachine.java:lambda$startDaemon$0(456)) - Ozone container server started.
2021-08-02 05:52:57,401 [Datanode State Machine Thread - 0] INFO  statemachine.DatanodeStateMachine (DatanodeStateMachine.java:lambda$startDaemon$0(456)) - Ozone container server started.
2021-08-02 05:53:01,528 [Listener at 127.0.0.1/35629] INFO  ozoneimpl.OzoneContainer (OzoneContainer.java:stop(326)) - Attempting to stop container services.
2021-08-02 05:53:01,528 [ForkJoinPool.commonPool-worker-0] INFO  ozoneimpl.OzoneContainer (OzoneContainer.java:stop(326)) - Attempting to stop container services.
2021-08-02 05:53:01,529 [Listener at 127.0.0.1/35629] INFO  server.RaftServer (RaftServerProxy.java:lambda$close$6(391)) - 013291a6-5e4a-44b3-a8d9-818cf48fb66e: close
2021-08-02 05:53:01,529 [Listener at 127.0.0.1/35629] INFO  server.RaftServer$Division (RaftServerImpl.java:lambda$close$4(407)) - 013291a6-5e4a-44b3-a8d9-818cf48fb66e@group-509FF8D45528: shutdown
2021-08-02 05:53:01,529 [ForkJoinPool.commonPool-worker-0] INFO  server.RaftServer (RaftServerProxy.java:lambda$close$6(391)) - d23be368-b70e-4d1a-afe3-0bdcf6fd1c46: close
2021-08-02 05:53:01,529 [Listener at 127.0.0.1/35629] INFO  util.JmxRegister (JmxRegister.java:unregister(73)) - Successfully un-registered JMX Bean with object name Ratis:service=RaftServer,group=group-509FF8D45528,id=013291a6-5e4a-44b3-a8d9-818cf48fb66e
2021-08-02 05:53:01,529 [Listener at 127.0.0.1/35629] INFO  impl.RoleInfo (RoleInfo.java:shutdownFollowerState(108)) - 013291a6-5e4a-44b3-a8d9-818cf48fb66e: shutdown 013291a6-5e4a-44b3-a8d9-818cf48fb66e@group-509FF8D45528-FollowerState
2021-08-02 05:53:01,529 [ForkJoinPool.commonPool-worker-0] INFO  server.RaftServer$Division (RaftServerImpl.java:lambda$close$4(407)) - d23be368-b70e-4d1a-afe3-0bdcf6fd1c46@group-39348F835775: shutdown
2021-08-02 05:53:01,529 [013291a6-5e4a-44b3-a8d9-818cf48fb66e@group-509FF8D45528-FollowerState] INFO  impl.FollowerState (FollowerState.java:run(143)) - 013291a6-5e4a-44b3-a8d9-818cf48fb66e@group-509FF8D45528-FollowerState was interrupted: {}
java.lang.InterruptedException: sleep interrupted
	at java.lang.Thread.sleep(Native Method)
	at java.lang.Thread.sleep(Thread.java:340)
	at java.util.concurrent.TimeUnit.sleep(TimeUnit.java:386)
	at org.apache.ratis.util.TimeDuration.sleep(TimeDuration.java:324)
	at org.apache.ratis.util.TimeDuration.sleep(TimeDuration.java:309)
	at org.apache.ratis.server.impl.FollowerState.run(FollowerState.java:118)
2021-08-02 05:53:01,529 [Listener at 127.0.0.1/35629] INFO  impl.StateMachineUpdater (StateMachineUpdater.java:stopAndJoin(149)) - 013291a6-5e4a-44b3-a8d9-818cf48fb66e@group-509FF8D45528-StateMachineUpdater: set stopIndex = 2
2021-08-02 05:53:01,530 [013291a6-5e4a-44b3-a8d9-818cf48fb66e@group-509FF8D45528-StateMachineUpdater] INFO  ratis.ContainerStateMachine (ContainerStateMachine.java:takeSnapshot(291)) - group-509FF8D45528: Taking a snapshot at:(t:5, i:2) file /home/runner/work/ozone/ozone/mnt/ozone/hadoop-ozone/integration-test/target/test-dir/MiniOzoneClusterImpl-4f335ae8-e577-43f0-9715-84c03d5ccb1a/datanode-4/data/ratis/17ac55dc-98f0-46e9-846b-509ff8d45528/sm/snapshot.5_2
2021-08-02 05:53:01,529 [ForkJoinPool.commonPool-worker-0] INFO  util.JmxRegister (JmxRegister.java:unregister(73)) - Successfully un-registered JMX Bean with object name Ratis:service=RaftServer,group=group-39348F835775,id=d23be368-b70e-4d1a-afe3-0bdcf6fd1c46
2021-08-02 05:53:01,535 [ForkJoinPool.commonPool-worker-0] INFO  impl.RoleInfo (RoleInfo.java:shutdownLeaderState(91)) - d23be368-b70e-4d1a-afe3-0bdcf6fd1c46: shutdown d23be368-b70e-4d1a-afe3-0bdcf6fd1c46@group-39348F835775-LeaderStateImpl
2021-08-02 05:53:01,536 [ForkJoinPool.commonPool-worker-0] INFO  impl.PendingRequests (PendingRequests.java:sendNotLeaderResponses(249)) - d23be368-b70e-4d1a-afe3-0bdcf6fd1c46@group-39348F835775-PendingRequests: sendNotLeaderResponses
2021-08-02 05:53:01,536 [ForkJoinPool.commonPool-worker-0] INFO  impl.StateMachineUpdater (StateMachineUpdater.java:stopAndJoin(149)) - d23be368-b70e-4d1a-afe3-0bdcf6fd1c46@group-39348F835775-StateMachineUpdater: set stopIndex = 0
2021-08-02 05:53:01,536 [d23be368-b70e-4d1a-afe3-0bdcf6fd1c46@group-39348F835775-StateMachineUpdater] INFO  ratis.ContainerStateMachine (ContainerStateMachine.java:takeSnapshot(291)) - group-39348F835775: Taking a snapshot at:(t:1, i:0) file /home/runner/work/ozone/ozone/mnt/ozone/hadoop-ozone/integration-test/target/test-dir/MiniOzoneClusterImpl-4f335ae8-e577-43f0-9715-84c03d5ccb1a/datanode-2/data/ratis/90e41eba-2b82-4f8f-b312-39348f835775/sm/snapshot.1_0
2021-08-02 05:53:01,541 [d23be368-b70e-4d1a-afe3-0bdcf6fd1c46@group-39348F835775-StateMachineUpdater] INFO  ratis.ContainerStateMachine (ContainerStateMachine.java:takeSnapshot(302)) - group-39348F835775: Finished taking a snapshot at:(t:1, i:0) file:/home/runner/work/ozone/ozone/mnt/ozone/hadoop-ozone/integration-test/target/test-dir/MiniOzoneClusterImpl-4f335ae8-e577-43f0-9715-84c03d5ccb1a/datanode-2/data/ratis/90e41eba-2b82-4f8f-b312-39348f835775/sm/snapshot.1_0 took: 4 ms
2021-08-02 05:53:01,541 [013291a6-5e4a-44b3-a8d9-818cf48fb66e@group-509FF8D45528-StateMachineUpdater] INFO  ratis.ContainerStateMachine (ContainerStateMachine.java:takeSnapshot(302)) - group-509FF8D45528: Finished taking a snapshot at:(t:5, i:2) file:/home/runner/work/ozone/ozone/mnt/ozone/hadoop-ozone/integration-test/target/test-dir/MiniOzoneClusterImpl-4f335ae8-e577-43f0-9715-84c03d5ccb1a/datanode-4/data/ratis/17ac55dc-98f0-46e9-846b-509ff8d45528/sm/snapshot.5_2 took: 11 ms
2021-08-02 05:53:01,542 [013291a6-5e4a-44b3-a8d9-818cf48fb66e@group-509FF8D45528-StateMachineUpdater] INFO  impl.StateMachineUpdater (StateMachineUpdater.java:takeSnapshot(281)) - 013291a6-5e4a-44b3-a8d9-818cf48fb66e@group-509FF8D45528-StateMachineUpdater: Took a snapshot at index 2
2021-08-02 05:53:01,542 [013291a6-5e4a-44b3-a8d9-818cf48fb66e@group-509FF8D45528-StateMachineUpdater] INFO  impl.StateMachineUpdater (StateMachineUpdater.java:lambda$new$0(89)) - 013291a6-5e4a-44b3-a8d9-818cf48fb66e@group-509FF8D45528-StateMachineUpdater: snapshotIndex: updateIncreasingly -1 -> 2
2021-08-02 05:53:01,542 [d23be368-b70e-4d1a-afe3-0bdcf6fd1c46@group-39348F835775-StateMachineUpdater] INFO  impl.StateMachineUpdater (StateMachineUpdater.java:takeSnapshot(281)) - d23be368-b70e-4d1a-afe3-0bdcf6fd1c46@group-39348F835775-StateMachineUpdater: Took a snapshot at index 0
2021-08-02 05:53:01,542 [d23be368-b70e-4d1a-afe3-0bdcf6fd1c46@group-39348F835775-StateMachineUpdater] INFO  impl.StateMachineUpdater (StateMachineUpdater.java:lambda$new$0(89)) - d23be368-b70e-4d1a-afe3-0bdcf6fd1c46@group-39348F835775-StateMachineUpdater: snapshotIndex: updateIncreasingly -1 -> 0
2021-08-02 05:53:01,546 [Listener at 127.0.0.1/35629] INFO  server.RaftServer$Division (ServerState.java:close(419)) - 013291a6-5e4a-44b3-a8d9-818cf48fb66e@group-509FF8D45528: closes. applyIndex: 2
2021-08-02 05:53:01,547 [013291a6-5e4a-44b3-a8d9-818cf48fb66e@group-509FF8D45528-SegmentedRaftLogWorker] INFO  segmented.SegmentedRaftLogWorker (SegmentedRaftLogWorker.java:run(327)) - 013291a6-5e4a-44b3-a8d9-818cf48fb66e@group-509FF8D45528-SegmentedRaftLogWorker was interrupted, exiting. There are 0 tasks remaining in the queue.
2021-08-02 05:53:01,547 [ForkJoinPool.commonPool-worker-0] INFO  server.RaftServer$Division (ServerState.java:close(419)) - d23be368-b70e-4d1a-afe3-0bdcf6fd1c46@group-39348F835775: closes. applyIndex: 0
2021-08-02 05:53:01,552 [Listener at 127.0.0.1/35629] INFO  segmented.SegmentedRaftLogWorker (SegmentedRaftLogWorker.java:close(237)) - 013291a6-5e4a-44b3-a8d9-818cf48fb66e@group-509FF8D45528-SegmentedRaftLogWorker close()
2021-08-02 05:53:01,552 [d23be368-b70e-4d1a-afe3-0bdcf6fd1c46@group-39348F835775-SegmentedRaftLogWorker] INFO  segmented.SegmentedRaftLogWorker (SegmentedRaftLogWorker.java:run(327)) - d23be368-b70e-4d1a-afe3-0bdcf6fd1c46@group-39348F835775-SegmentedRaftLogWorker was interrupted, exiting. There are 0 tasks remaining in the queue.
2021-08-02 05:53:01,553 [Listener at 127.0.0.1/35629] INFO  server.RaftServer$Division (RaftServerImpl.java:lambda$close$4(407)) - 013291a6-5e4a-44b3-a8d9-818cf48fb66e@group-CFFBAD837D27: shutdown
2021-08-02 05:53:01,554 [Listener at 127.0.0.1/35629] INFO  util.JmxRegister (JmxRegister.java:unregister(73)) - Successfully un-registered JMX Bean with object name Ratis:service=RaftServer,group=group-CFFBAD837D27,id=013291a6-5e4a-44b3-a8d9-818cf48fb66e
2021-08-02 05:53:01,554 [Listener at 127.0.0.1/35629] INFO  impl.RoleInfo (RoleInfo.java:shutdownLeaderState(91)) - 013291a6-5e4a-44b3-a8d9-818cf48fb66e: shutdown 013291a6-5e4a-44b3-a8d9-818cf48fb66e@group-CFFBAD837D27-LeaderStateImpl
2021-08-02 05:53:01,554 [Listener at 127.0.0.1/35629] INFO  impl.PendingRequests (PendingRequests.java:sendNotLeaderResponses(249)) - 013291a6-5e4a-44b3-a8d9-818cf48fb66e@group-CFFBAD837D27-PendingRequests: sendNotLeaderResponses
2021-08-02 05:53:01,554 [Listener at 127.0.0.1/35629] INFO  impl.StateMachineUpdater (StateMachineUpdater.java:stopAndJoin(149)) - 013291a6-5e4a-44b3-a8d9-818cf48fb66e@group-CFFBAD837D27-StateMachineUpdater: set stopIndex = 0
2021-08-02 05:53:01,555 [013291a6-5e4a-44b3-a8d9-818cf48fb66e@group-CFFBAD837D27-StateMachineUpdater] INFO  ratis.ContainerStateMachine (ContainerStateMachine.java:takeSnapshot(291)) - group-CFFBAD837D27: Taking a snapshot at:(t:1, i:0) file /home/runner/work/ozone/ozone/mnt/ozone/hadoop-ozone/integration-test/target/test-dir/MiniOzoneClusterImpl-4f335ae8-e577-43f0-9715-84c03d5ccb1a/datanode-4/data/ratis/0bf55a1a-03e0-424f-b1f3-cffbad837d27/sm/snapshot.1_0
2021-08-02 05:53:01,556 [ForkJoinPool.commonPool-worker-0] INFO  segmented.SegmentedRaftLogWorker (SegmentedRaftLogWorker.java:close(237)) - d23be368-b70e-4d1a-afe3-0bdcf6fd1c46@group-39348F835775-SegmentedRaftLogWorker close()
2021-08-02 05:53:01,556 [013291a6-5e4a-44b3-a8d9-818cf48fb66e@group-CFFBAD837D27-StateMachineUpdater] INFO  ratis.ContainerStateMachine (ContainerStateMachine.java:takeSnapshot(302)) - group-CFFBAD837D27: Finished taking a snapshot at:(t:1, i:0) file:/home/runner/work/ozone/ozone/mnt/ozone/hadoop-ozone/integration-test/target/test-dir/MiniOzoneClusterImpl-4f335ae8-e577-43f0-9715-84c03d5ccb1a/datanode-4/data/ratis/0bf55a1a-03e0-424f-b1f3-cffbad837d27/sm/snapshot.1_0 took: 1 ms
2021-08-02 05:53:01,556 [013291a6-5e4a-44b3-a8d9-818cf48fb66e@group-CFFBAD837D27-StateMachineUpdater] INFO  impl.StateMachineUpdater (StateMachineUpdater.java:takeSnapshot(281)) - 013291a6-5e4a-44b3-a8d9-818cf48fb66e@group-CFFBAD837D27-StateMachineUpdater: Took a snapshot at index 0
2021-08-02 05:53:01,556 [013291a6-5e4a-44b3-a8d9-818cf48fb66e@group-CFFBAD837D27-StateMachineUpdater] INFO  impl.StateMachineUpdater (StateMachineUpdater.java:lambda$new$0(89)) - 013291a6-5e4a-44b3-a8d9-818cf48fb66e@group-CFFBAD837D27-StateMachineUpdater: snapshotIndex: updateIncreasingly -1 -> 0
2021-08-02 05:53:01,556 [Listener at 127.0.0.1/35629] INFO  server.RaftServer$Division (ServerState.java:close(419)) - 013291a6-5e4a-44b3-a8d9-818cf48fb66e@group-CFFBAD837D27: closes. applyIndex: 0
2021-08-02 05:53:01,557 [013291a6-5e4a-44b3-a8d9-818cf48fb66e@group-CFFBAD837D27-SegmentedRaftLogWorker] INFO  segmented.SegmentedRaftLogWorker (SegmentedRaftLogWorker.java:run(327)) - 013291a6-5e4a-44b3-a8d9-818cf48fb66e@group-CFFBAD837D27-SegmentedRaftLogWorker was interrupted, exiting. There are 0 tasks remaining in the queue.
2021-08-02 05:53:01,558 [ForkJoinPool.commonPool-worker-0] INFO  server.RaftServer$Division (RaftServerImpl.java:lambda$close$4(407)) - d23be368-b70e-4d1a-afe3-0bdcf6fd1c46@group-67F92B9E78E8: shutdown
2021-08-02 05:53:01,558 [ForkJoinPool.commonPool-worker-0] INFO  util.JmxRegister (JmxRegister.java:unregister(73)) - Successfully un-registered JMX Bean with object name Ratis:service=RaftServer,group=group-67F92B9E78E8,id=d23be368-b70e-4d1a-afe3-0bdcf6fd1c46
2021-08-02 05:53:01,558 [ForkJoinPool.commonPool-worker-0] INFO  impl.RoleInfo (RoleInfo.java:shutdownFollowerState(108)) - d23be368-b70e-4d1a-afe3-0bdcf6fd1c46: shutdown d23be368-b70e-4d1a-afe3-0bdcf6fd1c46@group-67F92B9E78E8-FollowerState
2021-08-02 05:53:01,558 [ForkJoinPool.commonPool-worker-0] INFO  impl.StateMachineUpdater (StateMachineUpdater.java:stopAndJoin(149)) - d23be368-b70e-4d1a-afe3-0bdcf6fd1c46@group-67F92B9E78E8-StateMachineUpdater: set stopIndex = 11
2021-08-02 05:53:01,558 [d23be368-b70e-4d1a-afe3-0bdcf6fd1c46@group-67F92B9E78E8-FollowerState] INFO  impl.FollowerState (FollowerState.java:run(143)) - d23be368-b70e-4d1a-afe3-0bdcf6fd1c46@group-67F92B9E78E8-FollowerState was interrupted: {}
java.lang.InterruptedException: sleep interrupted
	at java.lang.Thread.sleep(Native Method)
	at java.lang.Thread.sleep(Thread.java:340)
	at java.util.concurrent.TimeUnit.sleep(TimeUnit.java:386)
	at org.apache.ratis.util.TimeDuration.sleep(TimeDuration.java:324)
	at org.apache.ratis.util.TimeDuration.sleep(TimeDuration.java:309)
	at org.apache.ratis.server.impl.FollowerState.run(FollowerState.java:118)
2021-08-02 05:53:01,558 [d23be368-b70e-4d1a-afe3-0bdcf6fd1c46@group-67F92B9E78E8-StateMachineUpdater] INFO  ratis.ContainerStateMachine (ContainerStateMachine.java:takeSnapshot(291)) - group-67F92B9E78E8: Taking a snapshot at:(t:2, i:11) file /home/runner/work/ozone/ozone/mnt/ozone/hadoop-ozone/integration-test/target/test-dir/MiniOzoneClusterImpl-4f335ae8-e577-43f0-9715-84c03d5ccb1a/datanode-2/data/ratis/77f5a219-a291-4767-982d-67f92b9e78e8/sm/snapshot.2_11
2021-08-02 05:53:01,563 [Listener at 127.0.0.1/35629] INFO  segmented.SegmentedRaftLogWorker (SegmentedRaftLogWorker.java:close(237)) - 013291a6-5e4a-44b3-a8d9-818cf48fb66e@group-CFFBAD837D27-SegmentedRaftLogWorker close()
2021-08-02 05:53:01,564 [Listener at 127.0.0.1/35629] INFO  server.GrpcService (GrpcService.java:closeImpl(262)) - 013291a6-5e4a-44b3-a8d9-818cf48fb66e: shutdown server with port 46845 now
2021-08-02 05:53:01,564 [d23be368-b70e-4d1a-afe3-0bdcf6fd1c46@group-67F92B9E78E8-StateMachineUpdater] INFO  ratis.ContainerStateMachine (ContainerStateMachine.java:takeSnapshot(302)) - group-67F92B9E78E8: Finished taking a snapshot at:(t:2, i:11) file:/home/runner/work/ozone/ozone/mnt/ozone/hadoop-ozone/integration-test/target/test-dir/MiniOzoneClusterImpl-4f335ae8-e577-43f0-9715-84c03d5ccb1a/datanode-2/data/ratis/77f5a219-a291-4767-982d-67f92b9e78e8/sm/snapshot.2_11 took: 6 ms
2021-08-02 05:53:01,565 [d23be368-b70e-4d1a-afe3-0bdcf6fd1c46@group-67F92B9E78E8-StateMachineUpdater] INFO  impl.StateMachineUpdater (StateMachineUpdater.java:takeSnapshot(281)) - d23be368-b70e-4d1a-afe3-0bdcf6fd1c46@group-67F92B9E78E8-StateMachineUpdater: Took a snapshot at index 11
2021-08-02 05:53:01,565 [d23be368-b70e-4d1a-afe3-0bdcf6fd1c46@group-67F92B9E78E8-StateMachineUpdater] INFO  impl.StateMachineUpdater (StateMachineUpdater.java:lambda$new$0(89)) - d23be368-b70e-4d1a-afe3-0bdcf6fd1c46@group-67F92B9E78E8-StateMachineUpdater: snapshotIndex: updateIncreasingly -1 -> 11
2021-08-02 05:53:01,565 [ForkJoinPool.commonPool-worker-0] INFO  server.RaftServer$Division (ServerState.java:close(419)) - d23be368-b70e-4d1a-afe3-0bdcf6fd1c46@group-67F92B9E78E8: closes. applyIndex: 11
2021-08-02 05:53:01,569 [d23be368-b70e-4d1a-afe3-0bdcf6fd1c46@group-67F92B9E78E8-SegmentedRaftLogWorker] INFO  segmented.SegmentedRaftLogWorker (SegmentedRaftLogWorker.java:run(327)) - d23be368-b70e-4d1a-afe3-0bdcf6fd1c46@group-67F92B9E78E8-SegmentedRaftLogWorker was interrupted, exiting. There are 0 tasks remaining in the queue.
2021-08-02 05:53:01,569 [grpc-default-executor-4] WARN  server.GrpcServerProtocolService (LogUtils.java:warn(122)) - 013291a6-5e4a-44b3-a8d9-818cf48fb66e: installSnapshot onError, lastRequest: fcafdf01-72b7-43de-af91-2233768a6b5f->013291a6-5e4a-44b3-a8d9-818cf48fb66e#4-t5,previous=(t:5, i:1),leaderCommit=1,initializing? true,entries: size=1, first=(t:5, i:2), METADATAENTRY(c:1): org.apache.ratis.thirdparty.io.grpc.StatusRuntimeException: CANCELLED: client cancelled
2021-08-02 05:53:01,573 [grpc-default-executor-4] WARN  server.GrpcLogAppender (LogUtils.java:warn(122)) - fcafdf01-72b7-43de-af91-2233768a6b5f@group-509FF8D45528->013291a6-5e4a-44b3-a8d9-818cf48fb66e-AppendLogResponseHandler: Failed appendEntries: org.apache.ratis.thirdparty.io.grpc.StatusRuntimeException: CANCELLED: HTTP/2 error code: CANCEL
Received Rst Stream
2021-08-02 05:53:01,573 [grpc-default-executor-4] INFO  leader.FollowerInfo (FollowerInfoImpl.java:lambda$new$0(46)) - fcafdf01-72b7-43de-af91-2233768a6b5f@group-509FF8D45528->013291a6-5e4a-44b3-a8d9-818cf48fb66e: nextIndex: updateUnconditionally 3 -> 2
2021-08-02 05:53:01,576 [ForkJoinPool.commonPool-worker-0] INFO  segmented.SegmentedRaftLogWorker (SegmentedRaftLogWorker.java:close(237)) - d23be368-b70e-4d1a-afe3-0bdcf6fd1c46@group-67F92B9E78E8-SegmentedRaftLogWorker close()
2021-08-02 05:53:01,577 [ForkJoinPool.commonPool-worker-0] INFO  server.GrpcService (GrpcService.java:closeImpl(262)) - d23be368-b70e-4d1a-afe3-0bdcf6fd1c46: shutdown server with port 37789 now
2021-08-02 05:53:01,578 [grpc-default-executor-0] WARN  server.GrpcServerProtocolService (LogUtils.java:warn(122)) - d23be368-b70e-4d1a-afe3-0bdcf6fd1c46: installSnapshot onError, lastRequest: 7c89729d-205d-42d4-b264-d61f860a411d->d23be368-b70e-4d1a-afe3-0bdcf6fd1c46#24-t2,previous=(t:2, i:10),leaderCommit=9,initializing? true,entries: size=1, first=(t:2, i:11), METADATAENTRY(c:6): org.apache.ratis.thirdparty.io.grpc.StatusRuntimeException: CANCELLED: client cancelled
2021-08-02 05:53:01,578 [ForkJoinPool.commonPool-worker-0] INFO  server.GrpcService (GrpcService.java:closeImpl(271)) - d23be368-b70e-4d1a-afe3-0bdcf6fd1c46: shutdown server with port 37789 successfully
2021-08-02 05:53:01,578 [org.apache.ratis.util.JvmPauseMonitor$$Lambda$526/571419931@246ef273] INFO  util.JvmPauseMonitor (JvmPauseMonitor.java:run(109)) - JvmPauseMonitor-d23be368-b70e-4d1a-afe3-0bdcf6fd1c46: Stopped
2021-08-02 05:53:01,579 [Listener at 127.0.0.1/35629] INFO  server.GrpcService (GrpcService.java:closeImpl(271)) - 013291a6-5e4a-44b3-a8d9-818cf48fb66e: shutdown server with port 46845 successfully
2021-08-02 05:53:01,579 [org.apache.ratis.util.JvmPauseMonitor$$Lambda$526/571419931@78c4f618] INFO  util.JvmPauseMonitor (JvmPauseMonitor.java:run(109)) - JvmPauseMonitor-013291a6-5e4a-44b3-a8d9-818cf48fb66e: Stopped
2021-08-02 05:53:01,580 [grpc-default-executor-0] WARN  server.GrpcLogAppender (LogUtils.java:warn(122)) - 7c89729d-205d-42d4-b264-d61f860a411d@group-67F92B9E78E8->d23be368-b70e-4d1a-afe3-0bdcf6fd1c46-AppendLogResponseHandler: Failed appendEntries: org.apache.ratis.thirdparty.io.grpc.StatusRuntimeException: CANCELLED: HTTP/2 error code: CANCEL
Received Rst Stream
2021-08-02 05:53:01,580 [grpc-default-executor-0] INFO  leader.FollowerInfo (FollowerInfoImpl.java:lambda$new$0(46)) - 7c89729d-205d-42d4-b264-d61f860a411d@group-67F92B9E78E8->d23be368-b70e-4d1a-afe3-0bdcf6fd1c46: nextIndex: updateUnconditionally 12 -> 11
2021-08-02 05:53:01,581 [Listener at 127.0.0.1/35629] INFO  utils.BackgroundService (BackgroundService.java:shutdown(132)) - Shutting down service BlockDeletingService
2021-08-02 05:53:01,583 [ForkJoinPool.commonPool-worker-0] INFO  utils.BackgroundService (BackgroundService.java:shutdown(132)) - Shutting down service BlockDeletingService
2021-08-02 05:53:01,590 [ForkJoinPool.commonPool-worker-0] INFO  statemachine.DatanodeStateMachine (DatanodeStateMachine.java:stopDaemon(514)) - Ozone container server stopped.
2021-08-02 05:53:01,590 [Listener at 127.0.0.1/35629] INFO  statemachine.DatanodeStateMachine (DatanodeStateMachine.java:stopDaemon(514)) - Ozone container server stopped.
2021-08-02 05:53:01,592 [Listener at 127.0.0.1/35629] INFO  handler.ContextHandler (ContextHandler.java:doStop(1154)) - Stopped o.e.j.w.WebAppContext@24d18d17{hddsDatanode,/,null,STOPPED}{jar:file:/home/runner/.m2/repository/org/apache/ozone/hdds-container-service/1.2.0-SNAPSHOT/hdds-container-service-1.2.0-SNAPSHOT.jar!/webapps/hddsDatanode}
2021-08-02 05:53:01,592 [ForkJoinPool.commonPool-worker-0] INFO  handler.ContextHandler (ContextHandler.java:doStop(1154)) - Stopped o.e.j.w.WebAppContext@64e08192{hddsDatanode,/,null,STOPPED}{jar:file:/home/runner/.m2/repository/org/apache/ozone/hdds-container-service/1.2.0-SNAPSHOT/hdds-container-service-1.2.0-SNAPSHOT.jar!/webapps/hddsDatanode}
2021-08-02 05:53:01,593 [Listener at 127.0.0.1/35629] INFO  server.AbstractConnector (AbstractConnector.java:doStop(381)) - Stopped ServerConnector@50f77755{HTTP/1.1, (http/1.1)}{0.0.0.0:0}
2021-08-02 05:53:01,593 [Listener at 127.0.0.1/35629] INFO  server.session (HouseKeeper.java:stopScavenging(149)) - node0 Stopped scavenging
2021-08-02 05:53:01,594 [ForkJoinPool.commonPool-worker-0] INFO  server.AbstractConnector (AbstractConnector.java:doStop(381)) - Stopped ServerConnector@349ff599{HTTP/1.1, (http/1.1)}{0.0.0.0:0}
2021-08-02 05:53:01,594 [ForkJoinPool.commonPool-worker-0] INFO  server.session (HouseKeeper.java:stopScavenging(149)) - node0 Stopped scavenging
2021-08-02 05:53:01,593 [grpc-default-executor-4] WARN  server.GrpcLogAppender (LogUtils.java:warn(122)) - fcafdf01-72b7-43de-af91-2233768a6b5f@group-509FF8D45528->013291a6-5e4a-44b3-a8d9-818cf48fb66e-AppendLogResponseHandler: Failed appendEntries: org.apache.ratis.thirdparty.io.grpc.StatusRuntimeException: UNAVAILABLE: io exception
2021-08-02 05:53:01,594 [Listener at 127.0.0.1/35629] INFO  handler.ContextHandler (ContextHandler.java:doStop(1154)) - Stopped o.e.j.s.ServletContextHandler@2762e667{static,/static,jar:file:/home/runner/.m2/repository/org/apache/ozone/hdds-container-service/1.2.0-SNAPSHOT/hdds-container-service-1.2.0-SNAPSHOT.jar!/webapps/static,STOPPED}
2021-08-02 05:53:01,594 [Listener at 127.0.0.1/35629] INFO  handler.ContextHandler (ContextHandler.java:doStop(1154)) - Stopped o.e.j.s.ServletContextHandler@5eb20abb{logs,/logs,file:///home/runner/work/ozone/ozone/mnt/ozone/hadoop-ozone/integration-test/target/log,STOPPED}
2021-08-02 05:53:01,594 [grpc-default-executor-4] INFO  leader.FollowerInfo (FollowerInfoImpl.java:lambda$new$0(46)) - fcafdf01-72b7-43de-af91-2233768a6b5f@group-509FF8D45528->013291a6-5e4a-44b3-a8d9-818cf48fb66e: nextIndex: updateUnconditionally 3 -> 2
2021-08-02 05:53:01,595 [grpc-default-executor-4] WARN  server.GrpcLogAppender (LogUtils.java:warn(122)) - 7c89729d-205d-42d4-b264-d61f860a411d@group-67F92B9E78E8->d23be368-b70e-4d1a-afe3-0bdcf6fd1c46-AppendLogResponseHandler: Failed appendEntries: org.apache.ratis.thirdparty.io.grpc.StatusRuntimeException: UNAVAILABLE: io exception
2021-08-02 05:53:01,595 [grpc-default-executor-4] INFO  leader.FollowerInfo (FollowerInfoImpl.java:lambda$new$0(46)) - 7c89729d-205d-42d4-b264-d61f860a411d@group-67F92B9E78E8->d23be368-b70e-4d1a-afe3-0bdcf6fd1c46: nextIndex: updateUnconditionally 12 -> 11
2021-08-02 05:53:01,597 [ForkJoinPool.commonPool-worker-0] INFO  handler.ContextHandler (ContextHandler.java:doStop(1154)) - Stopped o.e.j.s.ServletContextHandler@4d7f34dd{static,/static,jar:file:/home/runner/.m2/repository/org/apache/ozone/hdds-container-service/1.2.0-SNAPSHOT/hdds-container-service-1.2.0-SNAPSHOT.jar!/webapps/static,STOPPED}
2021-08-02 05:53:01,598 [ForkJoinPool.commonPool-worker-0] INFO  handler.ContextHandler (ContextHandler.java:doStop(1154)) - Stopped o.e.j.s.ServletContextHandler@4124e201{logs,/logs,file:///home/runner/work/ozone/ozone/mnt/ozone/hadoop-ozone/integration-test/target/log,STOPPED}
2021-08-02 05:53:01,788 [Datanode State Machine Thread - 0] INFO  statemachine.DatanodeStateMachine (DatanodeStateMachine.java:lambda$startDaemon$0(456)) - Ozone container server started.
2021-08-02 05:53:02,073 [Datanode State Machine Thread - 0] INFO  statemachine.DatanodeStateMachine (DatanodeStateMachine.java:lambda$startDaemon$0(456)) - Ozone container server started.
2021-08-02 05:53:04,088 [grpc-default-executor-0] WARN  server.GrpcLogAppender (LogUtils.java:warn(122)) - 7c89729d-205d-42d4-b264-d61f860a411d@group-67F92B9E78E8->d23be368-b70e-4d1a-afe3-0bdcf6fd1c46-AppendLogResponseHandler: Failed appendEntries: org.apache.ratis.thirdparty.io.grpc.StatusRuntimeException: UNAVAILABLE: io exception
2021-08-02 05:53:04,088 [grpc-default-executor-4] WARN  server.GrpcLogAppender (LogUtils.java:warn(122)) - fcafdf01-72b7-43de-af91-2233768a6b5f@group-509FF8D45528->013291a6-5e4a-44b3-a8d9-818cf48fb66e-AppendLogResponseHandler: Failed appendEntries: org.apache.ratis.thirdparty.io.grpc.StatusRuntimeException: UNAVAILABLE: io exception
2021-08-02 05:53:04,089 [grpc-default-executor-0] INFO  leader.FollowerInfo (FollowerInfoImpl.java:lambda$new$0(46)) - 7c89729d-205d-42d4-b264-d61f860a411d@group-67F92B9E78E8->d23be368-b70e-4d1a-afe3-0bdcf6fd1c46: nextIndex: updateUnconditionally 12 -> 11
2021-08-02 05:53:04,089 [grpc-default-executor-4] INFO  leader.FollowerInfo (FollowerInfoImpl.java:lambda$new$0(46)) - fcafdf01-72b7-43de-af91-2233768a6b5f@group-509FF8D45528->013291a6-5e4a-44b3-a8d9-818cf48fb66e: nextIndex: updateUnconditionally 3 -> 2
2021-08-02 05:53:06,589 [grpc-default-executor-0] WARN  server.GrpcLogAppender (LogUtils.java:warn(122)) - 7c89729d-205d-42d4-b264-d61f860a411d@group-67F92B9E78E8->d23be368-b70e-4d1a-afe3-0bdcf6fd1c46-AppendLogResponseHandler: Failed appendEntries: org.apache.ratis.thirdparty.io.grpc.StatusRuntimeException: UNAVAILABLE: io exception
2021-08-02 05:53:06,589 [grpc-default-executor-4] WARN  server.GrpcLogAppender (LogUtils.java:warn(122)) - fcafdf01-72b7-43de-af91-2233768a6b5f@group-509FF8D45528->013291a6-5e4a-44b3-a8d9-818cf48fb66e-AppendLogResponseHandler: Failed appendEntries: org.apache.ratis.thirdparty.io.grpc.StatusRuntimeException: UNAVAILABLE: io exception
2021-08-02 05:53:06,589 [grpc-default-executor-0] INFO  leader.FollowerInfo (FollowerInfoImpl.java:lambda$new$0(46)) - 7c89729d-205d-42d4-b264-d61f860a411d@group-67F92B9E78E8->d23be368-b70e-4d1a-afe3-0bdcf6fd1c46: nextIndex: updateUnconditionally 12 -> 11
2021-08-02 05:53:06,589 [grpc-default-executor-4] INFO  leader.FollowerInfo (FollowerInfoImpl.java:lambda$new$0(46)) - fcafdf01-72b7-43de-af91-2233768a6b5f@group-509FF8D45528->013291a6-5e4a-44b3-a8d9-818cf48fb66e: nextIndex: updateUnconditionally 3 -> 2
2021-08-02 05:53:06,597 [Listener at 127.0.0.1/35629] INFO  ozoneimpl.OzoneContainer (OzoneContainer.java:stop(326)) - Attempting to stop container services.
2021-08-02 05:53:06,598 [Listener at 127.0.0.1/35629] INFO  server.RaftServer (RaftServerProxy.java:lambda$close$6(391)) - fcafdf01-72b7-43de-af91-2233768a6b5f: close
2021-08-02 05:53:06,598 [Listener at 127.0.0.1/35629] INFO  server.RaftServer$Division (RaftServerImpl.java:lambda$close$4(407)) - fcafdf01-72b7-43de-af91-2233768a6b5f@group-509FF8D45528: shutdown
2021-08-02 05:53:06,598 [Listener at 127.0.0.1/35629] INFO  util.JmxRegister (JmxRegister.java:unregister(73)) - Successfully un-registered JMX Bean with object name Ratis:service=RaftServer,group=group-509FF8D45528,id=fcafdf01-72b7-43de-af91-2233768a6b5f
2021-08-02 05:53:06,598 [Listener at 127.0.0.1/35629] INFO  impl.RoleInfo (RoleInfo.java:shutdownLeaderState(91)) - fcafdf01-72b7-43de-af91-2233768a6b5f: shutdown fcafdf01-72b7-43de-af91-2233768a6b5f@group-509FF8D45528-LeaderStateImpl
2021-08-02 05:53:06,598 [Listener at 127.0.0.1/35629] INFO  impl.PendingRequests (PendingRequests.java:sendNotLeaderResponses(249)) - fcafdf01-72b7-43de-af91-2233768a6b5f@group-509FF8D45528-PendingRequests: sendNotLeaderResponses
2021-08-02 05:53:06,599 [fcafdf01-72b7-43de-af91-2233768a6b5f@group-509FF8D45528->38187496-3904-43e8-b49b-0f08099c5d11-GrpcLogAppender-LogAppenderDaemon] WARN  server.GrpcLogAppender (GrpcLogAppender.java:mayWait(175)) - fcafdf01-72b7-43de-af91-2233768a6b5f@group-509FF8D45528->38187496-3904-43e8-b49b-0f08099c5d11-GrpcLogAppender: Wait interrupted by java.lang.InterruptedException
2021-08-02 05:53:06,599 [fcafdf01-72b7-43de-af91-2233768a6b5f@group-509FF8D45528->013291a6-5e4a-44b3-a8d9-818cf48fb66e-GrpcLogAppender-LogAppenderDaemon] WARN  server.GrpcLogAppender (GrpcLogAppender.java:mayWait(175)) - fcafdf01-72b7-43de-af91-2233768a6b5f@group-509FF8D45528->013291a6-5e4a-44b3-a8d9-818cf48fb66e-GrpcLogAppender: Wait interrupted by java.lang.InterruptedException
2021-08-02 05:53:06,601 [grpc-default-executor-4] INFO  server.GrpcServerProtocolService (GrpcServerProtocolService.java:onCompleted(140)) - 38187496-3904-43e8-b49b-0f08099c5d11: Completed APPEND_ENTRIES, lastRequest: fcafdf01-72b7-43de-af91-2233768a6b5f->38187496-3904-43e8-b49b-0f08099c5d11#4-t5,previous=(t:5, i:1),leaderCommit=1,initializing? true,entries: size=1, first=(t:5, i:2), METADATAENTRY(c:1)
2021-08-02 05:53:06,601 [fcafdf01-72b7-43de-af91-2233768a6b5f@group-509FF8D45528-StateMachineUpdater] INFO  ratis.ContainerStateMachine (ContainerStateMachine.java:takeSnapshot(291)) - group-509FF8D45528: Taking a snapshot at:(t:5, i:2) file /home/runner/work/ozone/ozone/mnt/ozone/hadoop-ozone/integration-test/target/test-dir/MiniOzoneClusterImpl-4f335ae8-e577-43f0-9715-84c03d5ccb1a/datanode-5/data/ratis/17ac55dc-98f0-46e9-846b-509ff8d45528/sm/snapshot.5_2
2021-08-02 05:53:06,601 [Listener at 127.0.0.1/35629] INFO  impl.StateMachineUpdater (StateMachineUpdater.java:stopAndJoin(149)) - fcafdf01-72b7-43de-af91-2233768a6b5f@group-509FF8D45528-StateMachineUpdater: set stopIndex = 2
2021-08-02 05:53:06,601 [grpc-default-executor-0] INFO  server.GrpcLogAppender (GrpcLogAppender.java:onCompleted(344)) - fcafdf01-72b7-43de-af91-2233768a6b5f@group-509FF8D45528->38187496-3904-43e8-b49b-0f08099c5d11-AppendLogResponseHandler: follower responses appendEntries COMPLETED
2021-08-02 05:53:06,602 [grpc-default-executor-0] INFO  leader.FollowerInfo (FollowerInfoImpl.java:lambda$new$0(46)) - fcafdf01-72b7-43de-af91-2233768a6b5f@group-509FF8D45528->38187496-3904-43e8-b49b-0f08099c5d11: nextIndex: updateUnconditionally 3 -> 2
2021-08-02 05:53:06,601 [ForkJoinPool.commonPool-worker-0] INFO  ozoneimpl.OzoneContainer (OzoneContainer.java:stop(326)) - Attempting to stop container services.
2021-08-02 05:53:06,608 [ForkJoinPool.commonPool-worker-0] INFO  server.RaftServer (RaftServerProxy.java:lambda$close$6(391)) - 38187496-3904-43e8-b49b-0f08099c5d11: close
2021-08-02 05:53:06,608 [ForkJoinPool.commonPool-worker-0] INFO  server.RaftServer$Division (RaftServerImpl.java:lambda$close$4(407)) - 38187496-3904-43e8-b49b-0f08099c5d11@group-509FF8D45528: shutdown
2021-08-02 05:53:06,608 [ForkJoinPool.commonPool-worker-0] INFO  util.JmxRegister (JmxRegister.java:unregister(73)) - Successfully un-registered JMX Bean with object name Ratis:service=RaftServer,group=group-509FF8D45528,id=38187496-3904-43e8-b49b-0f08099c5d11
2021-08-02 05:53:06,608 [ForkJoinPool.commonPool-worker-0] INFO  impl.RoleInfo (RoleInfo.java:shutdownFollowerState(108)) - 38187496-3904-43e8-b49b-0f08099c5d11: shutdown 38187496-3904-43e8-b49b-0f08099c5d11@group-509FF8D45528-FollowerState
2021-08-02 05:53:06,608 [ForkJoinPool.commonPool-worker-0] INFO  impl.StateMachineUpdater (StateMachineUpdater.java:stopAndJoin(149)) - 38187496-3904-43e8-b49b-0f08099c5d11@group-509FF8D45528-StateMachineUpdater: set stopIndex = 2
2021-08-02 05:53:06,608 [fcafdf01-72b7-43de-af91-2233768a6b5f@group-509FF8D45528-StateMachineUpdater] INFO  ratis.ContainerStateMachine (ContainerStateMachine.java:takeSnapshot(302)) - group-509FF8D45528: Finished taking a snapshot at:(t:5, i:2) file:/home/runner/work/ozone/ozone/mnt/ozone/hadoop-ozone/integration-test/target/test-dir/MiniOzoneClusterImpl-4f335ae8-e577-43f0-9715-84c03d5ccb1a/datanode-5/data/ratis/17ac55dc-98f0-46e9-846b-509ff8d45528/sm/snapshot.5_2 took: 8 ms
2021-08-02 05:53:06,609 [fcafdf01-72b7-43de-af91-2233768a6b5f@group-509FF8D45528-StateMachineUpdater] INFO  impl.StateMachineUpdater (StateMachineUpdater.java:takeSnapshot(281)) - fcafdf01-72b7-43de-af91-2233768a6b5f@group-509FF8D45528-StateMachineUpdater: Took a snapshot at index 2
2021-08-02 05:53:06,608 [38187496-3904-43e8-b49b-0f08099c5d11@group-509FF8D45528-FollowerState] INFO  impl.FollowerState (FollowerState.java:run(143)) - 38187496-3904-43e8-b49b-0f08099c5d11@group-509FF8D45528-FollowerState was interrupted: {}
java.lang.InterruptedException: sleep interrupted
	at java.lang.Thread.sleep(Native Method)
	at java.lang.Thread.sleep(Thread.java:340)
	at java.util.concurrent.TimeUnit.sleep(TimeUnit.java:386)
	at org.apache.ratis.util.TimeDuration.sleep(TimeDuration.java:324)
	at org.apache.ratis.util.TimeDuration.sleep(TimeDuration.java:309)
	at org.apache.ratis.server.impl.FollowerState.run(FollowerState.java:118)
2021-08-02 05:53:06,609 [fcafdf01-72b7-43de-af91-2233768a6b5f@group-509FF8D45528-StateMachineUpdater] INFO  impl.StateMachineUpdater (StateMachineUpdater.java:lambda$new$0(89)) - fcafdf01-72b7-43de-af91-2233768a6b5f@group-509FF8D45528-StateMachineUpdater: snapshotIndex: updateIncreasingly -1 -> 2
2021-08-02 05:53:06,609 [38187496-3904-43e8-b49b-0f08099c5d11@group-509FF8D45528-StateMachineUpdater] INFO  ratis.ContainerStateMachine (ContainerStateMachine.java:takeSnapshot(291)) - group-509FF8D45528: Taking a snapshot at:(t:5, i:2) file /home/runner/work/ozone/ozone/mnt/ozone/hadoop-ozone/integration-test/target/test-dir/MiniOzoneClusterImpl-4f335ae8-e577-43f0-9715-84c03d5ccb1a/datanode-3/data/ratis/17ac55dc-98f0-46e9-846b-509ff8d45528/sm/snapshot.5_2
2021-08-02 05:53:06,609 [Listener at 127.0.0.1/35629] INFO  server.RaftServer$Division (ServerState.java:close(419)) - fcafdf01-72b7-43de-af91-2233768a6b5f@group-509FF8D45528: closes. applyIndex: 2
2021-08-02 05:53:06,609 [fcafdf01-72b7-43de-af91-2233768a6b5f@group-509FF8D45528-SegmentedRaftLogWorker] INFO  segmented.SegmentedRaftLogWorker (SegmentedRaftLogWorker.java:run(327)) - fcafdf01-72b7-43de-af91-2233768a6b5f@group-509FF8D45528-SegmentedRaftLogWorker was interrupted, exiting. There are 0 tasks remaining in the queue.
2021-08-02 05:53:06,612 [38187496-3904-43e8-b49b-0f08099c5d11@group-509FF8D45528-StateMachineUpdater] INFO  ratis.ContainerStateMachine (ContainerStateMachine.java:takeSnapshot(302)) - group-509FF8D45528: Finished taking a snapshot at:(t:5, i:2) file:/home/runner/work/ozone/ozone/mnt/ozone/hadoop-ozone/integration-test/target/test-dir/MiniOzoneClusterImpl-4f335ae8-e577-43f0-9715-84c03d5ccb1a/datanode-3/data/ratis/17ac55dc-98f0-46e9-846b-509ff8d45528/sm/snapshot.5_2 took: 3 ms
2021-08-02 05:53:06,612 [38187496-3904-43e8-b49b-0f08099c5d11@group-509FF8D45528-StateMachineUpdater] INFO  impl.StateMachineUpdater (StateMachineUpdater.java:takeSnapshot(281)) - 38187496-3904-43e8-b49b-0f08099c5d11@group-509FF8D45528-StateMachineUpdater: Took a snapshot at index 2
2021-08-02 05:53:06,612 [38187496-3904-43e8-b49b-0f08099c5d11@group-509FF8D45528-StateMachineUpdater] INFO  impl.StateMachineUpdater (StateMachineUpdater.java:lambda$new$0(89)) - 38187496-3904-43e8-b49b-0f08099c5d11@group-509FF8D45528-StateMachineUpdater: snapshotIndex: updateIncreasingly -1 -> 2
2021-08-02 05:53:06,612 [ForkJoinPool.commonPool-worker-0] INFO  server.RaftServer$Division (ServerState.java:close(419)) - 38187496-3904-43e8-b49b-0f08099c5d11@group-509FF8D45528: closes. applyIndex: 2
2021-08-02 05:53:06,613 [38187496-3904-43e8-b49b-0f08099c5d11@group-509FF8D45528-SegmentedRaftLogWorker] INFO  segmented.SegmentedRaftLogWorker (SegmentedRaftLogWorker.java:run(327)) - 38187496-3904-43e8-b49b-0f08099c5d11@group-509FF8D45528-SegmentedRaftLogWorker was interrupted, exiting. There are 0 tasks remaining in the queue.
2021-08-02 05:53:06,613 [Listener at 127.0.0.1/35629] INFO  segmented.SegmentedRaftLogWorker (SegmentedRaftLogWorker.java:close(237)) - fcafdf01-72b7-43de-af91-2233768a6b5f@group-509FF8D45528-SegmentedRaftLogWorker close()
2021-08-02 05:53:06,614 [Listener at 127.0.0.1/35629] INFO  server.RaftServer$Division (RaftServerImpl.java:lambda$close$4(407)) - fcafdf01-72b7-43de-af91-2233768a6b5f@group-56A97C016115: shutdown
2021-08-02 05:53:06,614 [Listener at 127.0.0.1/35629] INFO  util.JmxRegister (JmxRegister.java:unregister(73)) - Successfully un-registered JMX Bean with object name Ratis:service=RaftServer,group=group-56A97C016115,id=fcafdf01-72b7-43de-af91-2233768a6b5f
2021-08-02 05:53:06,614 [Listener at 127.0.0.1/35629] INFO  impl.RoleInfo (RoleInfo.java:shutdownLeaderState(91)) - fcafdf01-72b7-43de-af91-2233768a6b5f: shutdown fcafdf01-72b7-43de-af91-2233768a6b5f@group-56A97C016115-LeaderStateImpl
2021-08-02 05:53:06,614 [Listener at 127.0.0.1/35629] INFO  impl.PendingRequests (PendingRequests.java:sendNotLeaderResponses(249)) - fcafdf01-72b7-43de-af91-2233768a6b5f@group-56A97C016115-PendingRequests: sendNotLeaderResponses
2021-08-02 05:53:06,615 [Listener at 127.0.0.1/35629] INFO  impl.StateMachineUpdater (StateMachineUpdater.java:stopAndJoin(149)) - fcafdf01-72b7-43de-af91-2233768a6b5f@group-56A97C016115-StateMachineUpdater: set stopIndex = 0
2021-08-02 05:53:06,615 [ForkJoinPool.commonPool-worker-0] INFO  segmented.SegmentedRaftLogWorker (SegmentedRaftLogWorker.java:close(237)) - 38187496-3904-43e8-b49b-0f08099c5d11@group-509FF8D45528-SegmentedRaftLogWorker close()
2021-08-02 05:53:06,615 [fcafdf01-72b7-43de-af91-2233768a6b5f@group-56A97C016115-StateMachineUpdater] INFO  ratis.ContainerStateMachine (ContainerStateMachine.java:takeSnapshot(291)) - group-56A97C016115: Taking a snapshot at:(t:1, i:0) file /home/runner/work/ozone/ozone/mnt/ozone/hadoop-ozone/integration-test/target/test-dir/MiniOzoneClusterImpl-4f335ae8-e577-43f0-9715-84c03d5ccb1a/datanode-5/data/ratis/776bd8c8-019a-4cb5-8c93-56a97c016115/sm/snapshot.1_0
2021-08-02 05:53:06,616 [ForkJoinPool.commonPool-worker-0] INFO  server.RaftServer$Division (RaftServerImpl.java:lambda$close$4(407)) - 38187496-3904-43e8-b49b-0f08099c5d11@group-AF506D060399: shutdown
2021-08-02 05:53:06,616 [ForkJoinPool.commonPool-worker-0] INFO  util.JmxRegister (JmxRegister.java:unregister(73)) - Successfully un-registered JMX Bean with object name Ratis:service=RaftServer,group=group-AF506D060399,id=38187496-3904-43e8-b49b-0f08099c5d11
2021-08-02 05:53:06,616 [ForkJoinPool.commonPool-worker-0] INFO  impl.RoleInfo (RoleInfo.java:shutdownLeaderState(91)) - 38187496-3904-43e8-b49b-0f08099c5d11: shutdown 38187496-3904-43e8-b49b-0f08099c5d11@group-AF506D060399-LeaderStateImpl
2021-08-02 05:53:06,616 [fcafdf01-72b7-43de-af91-2233768a6b5f@group-56A97C016115-StateMachineUpdater] INFO  ratis.ContainerStateMachine (ContainerStateMachine.java:takeSnapshot(302)) - group-56A97C016115: Finished taking a snapshot at:(t:1, i:0) file:/home/runner/work/ozone/ozone/mnt/ozone/hadoop-ozone/integration-test/target/test-dir/MiniOzoneClusterImpl-4f335ae8-e577-43f0-9715-84c03d5ccb1a/datanode-5/data/ratis/776bd8c8-019a-4cb5-8c93-56a97c016115/sm/snapshot.1_0 took: 1 ms
2021-08-02 05:53:06,616 [ForkJoinPool.commonPool-worker-0] INFO  impl.PendingRequests (PendingRequests.java:sendNotLeaderResponses(249)) - 38187496-3904-43e8-b49b-0f08099c5d11@group-AF506D060399-PendingRequests: sendNotLeaderResponses
2021-08-02 05:53:06,616 [fcafdf01-72b7-43de-af91-2233768a6b5f@group-56A97C016115-StateMachineUpdater] INFO  impl.StateMachineUpdater (StateMachineUpdater.java:takeSnapshot(281)) - fcafdf01-72b7-43de-af91-2233768a6b5f@group-56A97C016115-StateMachineUpdater: Took a snapshot at index 0
2021-08-02 05:53:06,616 [fcafdf01-72b7-43de-af91-2233768a6b5f@group-56A97C016115-StateMachineUpdater] INFO  impl.StateMachineUpdater (StateMachineUpdater.java:lambda$new$0(89)) - fcafdf01-72b7-43de-af91-2233768a6b5f@group-56A97C016115-StateMachineUpdater: snapshotIndex: updateIncreasingly -1 -> 0
2021-08-02 05:53:06,616 [ForkJoinPool.commonPool-worker-0] INFO  impl.StateMachineUpdater (StateMachineUpdater.java:stopAndJoin(149)) - 38187496-3904-43e8-b49b-0f08099c5d11@group-AF506D060399-StateMachineUpdater: set stopIndex = 0
2021-08-02 05:53:06,616 [Listener at 127.0.0.1/35629] INFO  server.RaftServer$Division (ServerState.java:close(419)) - fcafdf01-72b7-43de-af91-2233768a6b5f@group-56A97C016115: closes. applyIndex: 0
2021-08-02 05:53:06,616 [38187496-3904-43e8-b49b-0f08099c5d11@group-AF506D060399-StateMachineUpdater] INFO  ratis.ContainerStateMachine (ContainerStateMachine.java:takeSnapshot(291)) - group-AF506D060399: Taking a snapshot at:(t:1, i:0) file /home/runner/work/ozone/ozone/mnt/ozone/hadoop-ozone/integration-test/target/test-dir/MiniOzoneClusterImpl-4f335ae8-e577-43f0-9715-84c03d5ccb1a/datanode-3/data/ratis/07c7f945-662c-4671-b57f-af506d060399/sm/snapshot.1_0
2021-08-02 05:53:06,617 [fcafdf01-72b7-43de-af91-2233768a6b5f@group-56A97C016115-SegmentedRaftLogWorker] INFO  segmented.SegmentedRaftLogWorker (SegmentedRaftLogWorker.java:run(327)) - fcafdf01-72b7-43de-af91-2233768a6b5f@group-56A97C016115-SegmentedRaftLogWorker was interrupted, exiting. There are 0 tasks remaining in the queue.
2021-08-02 05:53:06,617 [38187496-3904-43e8-b49b-0f08099c5d11@group-AF506D060399-StateMachineUpdater] INFO  ratis.ContainerStateMachine (ContainerStateMachine.java:takeSnapshot(302)) - group-AF506D060399: Finished taking a snapshot at:(t:1, i:0) file:/home/runner/work/ozone/ozone/mnt/ozone/hadoop-ozone/integration-test/target/test-dir/MiniOzoneClusterImpl-4f335ae8-e577-43f0-9715-84c03d5ccb1a/datanode-3/data/ratis/07c7f945-662c-4671-b57f-af506d060399/sm/snapshot.1_0 took: 1 ms
2021-08-02 05:53:06,618 [38187496-3904-43e8-b49b-0f08099c5d11@group-AF506D060399-StateMachineUpdater] INFO  impl.StateMachineUpdater (StateMachineUpdater.java:takeSnapshot(281)) - 38187496-3904-43e8-b49b-0f08099c5d11@group-AF506D060399-StateMachineUpdater: Took a snapshot at index 0
2021-08-02 05:53:06,618 [38187496-3904-43e8-b49b-0f08099c5d11@group-AF506D060399-StateMachineUpdater] INFO  impl.StateMachineUpdater (StateMachineUpdater.java:lambda$new$0(89)) - 38187496-3904-43e8-b49b-0f08099c5d11@group-AF506D060399-StateMachineUpdater: snapshotIndex: updateIncreasingly -1 -> 0
2021-08-02 05:53:06,618 [ForkJoinPool.commonPool-worker-0] INFO  server.RaftServer$Division (ServerState.java:close(419)) - 38187496-3904-43e8-b49b-0f08099c5d11@group-AF506D060399: closes. applyIndex: 0
2021-08-02 05:53:06,618 [Listener at 127.0.0.1/35629] INFO  segmented.SegmentedRaftLogWorker (SegmentedRaftLogWorker.java:close(237)) - fcafdf01-72b7-43de-af91-2233768a6b5f@group-56A97C016115-SegmentedRaftLogWorker close()
2021-08-02 05:53:06,618 [38187496-3904-43e8-b49b-0f08099c5d11@group-AF506D060399-SegmentedRaftLogWorker] INFO  segmented.SegmentedRaftLogWorker (SegmentedRaftLogWorker.java:run(327)) - 38187496-3904-43e8-b49b-0f08099c5d11@group-AF506D060399-SegmentedRaftLogWorker was interrupted, exiting. There are 0 tasks remaining in the queue.
2021-08-02 05:53:06,619 [Listener at 127.0.0.1/35629] INFO  server.GrpcService (GrpcService.java:closeImpl(262)) - fcafdf01-72b7-43de-af91-2233768a6b5f: shutdown server with port 37819 now
2021-08-02 05:53:06,621 [ForkJoinPool.commonPool-worker-0] INFO  segmented.SegmentedRaftLogWorker (SegmentedRaftLogWorker.java:close(237)) - 38187496-3904-43e8-b49b-0f08099c5d11@group-AF506D060399-SegmentedRaftLogWorker close()
2021-08-02 05:53:06,623 [ForkJoinPool.commonPool-worker-0] INFO  server.GrpcService (GrpcService.java:closeImpl(262)) - 38187496-3904-43e8-b49b-0f08099c5d11: shutdown server with port 42039 now
2021-08-02 05:53:06,623 [Listener at 127.0.0.1/35629] INFO  server.GrpcService (GrpcService.java:closeImpl(271)) - fcafdf01-72b7-43de-af91-2233768a6b5f: shutdown server with port 37819 successfully
2021-08-02 05:53:06,623 [org.apache.ratis.util.JvmPauseMonitor$$Lambda$526/571419931@3ce31619] INFO  util.JvmPauseMonitor (JvmPauseMonitor.java:run(109)) - JvmPauseMonitor-fcafdf01-72b7-43de-af91-2233768a6b5f: Stopped
2021-08-02 05:53:06,624 [Listener at 127.0.0.1/35629] INFO  utils.BackgroundService (BackgroundService.java:shutdown(132)) - Shutting down service BlockDeletingService
2021-08-02 05:53:06,626 [Listener at 127.0.0.1/35629] INFO  statemachine.DatanodeStateMachine (DatanodeStateMachine.java:stopDaemon(514)) - Ozone container server stopped.
2021-08-02 05:53:06,626 [ForkJoinPool.commonPool-worker-0] INFO  server.GrpcService (GrpcService.java:closeImpl(271)) - 38187496-3904-43e8-b49b-0f08099c5d11: shutdown server with port 42039 successfully
2021-08-02 05:53:06,626 [org.apache.ratis.util.JvmPauseMonitor$$Lambda$526/571419931@123fa463] INFO  util.JvmPauseMonitor (JvmPauseMonitor.java:run(109)) - JvmPauseMonitor-38187496-3904-43e8-b49b-0f08099c5d11: Stopped
2021-08-02 05:53:06,626 [Listener at 127.0.0.1/35629] INFO  handler.ContextHandler (ContextHandler.java:doStop(1154)) - Stopped o.e.j.w.WebAppContext@3b606079{hddsDatanode,/,null,STOPPED}{jar:file:/home/runner/.m2/repository/org/apache/ozone/hdds-container-service/1.2.0-SNAPSHOT/hdds-container-service-1.2.0-SNAPSHOT.jar!/webapps/hddsDatanode}
2021-08-02 05:53:06,628 [ForkJoinPool.commonPool-worker-0] INFO  utils.BackgroundService (BackgroundService.java:shutdown(132)) - Shutting down service BlockDeletingService
2021-08-02 05:53:06,629 [Listener at 127.0.0.1/35629] INFO  server.AbstractConnector (AbstractConnector.java:doStop(381)) - Stopped ServerConnector@704091b4{HTTP/1.1, (http/1.1)}{0.0.0.0:0}
2021-08-02 05:53:06,630 [Listener at 127.0.0.1/35629] INFO  server.session (HouseKeeper.java:stopScavenging(149)) - node0 Stopped scavenging
2021-08-02 05:53:06,630 [Listener at 127.0.0.1/35629] INFO  handler.ContextHandler (ContextHandler.java:doStop(1154)) - Stopped o.e.j.s.ServletContextHandler@33a8ae90{static,/static,jar:file:/home/runner/.m2/repository/org/apache/ozone/hdds-container-service/1.2.0-SNAPSHOT/hdds-container-service-1.2.0-SNAPSHOT.jar!/webapps/static,STOPPED}
2021-08-02 05:53:06,630 [Listener at 127.0.0.1/35629] INFO  handler.ContextHandler (ContextHandler.java:doStop(1154)) - Stopped o.e.j.s.ServletContextHandler@1d5f1fa5{logs,/logs,file:///home/runner/work/ozone/ozone/mnt/ozone/hadoop-ozone/integration-test/target/log,STOPPED}
2021-08-02 05:53:06,630 [ForkJoinPool.commonPool-worker-0] INFO  statemachine.DatanodeStateMachine (DatanodeStateMachine.java:stopDaemon(514)) - Ozone container server stopped.
2021-08-02 05:53:06,634 [ForkJoinPool.commonPool-worker-0] INFO  handler.ContextHandler (ContextHandler.java:doStop(1154)) - Stopped o.e.j.w.WebAppContext@7aa45a14{hddsDatanode,/,null,STOPPED}{jar:file:/home/runner/.m2/repository/org/apache/ozone/hdds-container-service/1.2.0-SNAPSHOT/hdds-container-service-1.2.0-SNAPSHOT.jar!/webapps/hddsDatanode}
2021-08-02 05:53:06,634 [ForkJoinPool.commonPool-worker-0] INFO  server.AbstractConnector (AbstractConnector.java:doStop(381)) - Stopped ServerConnector@66e8fa2c{HTTP/1.1, (http/1.1)}{0.0.0.0:0}
2021-08-02 05:53:06,634 [ForkJoinPool.commonPool-worker-0] INFO  server.session (HouseKeeper.java:stopScavenging(149)) - node0 Stopped scavenging
2021-08-02 05:53:06,635 [ForkJoinPool.commonPool-worker-0] INFO  handler.ContextHandler (ContextHandler.java:doStop(1154)) - Stopped o.e.j.s.ServletContextHandler@2676ac68{static,/static,jar:file:/home/runner/.m2/repository/org/apache/ozone/hdds-container-service/1.2.0-SNAPSHOT/hdds-container-service-1.2.0-SNAPSHOT.jar!/webapps/static,STOPPED}
2021-08-02 05:53:06,636 [ForkJoinPool.commonPool-worker-0] INFO  handler.ContextHandler (ContextHandler.java:doStop(1154)) - Stopped o.e.j.s.ServletContextHandler@66e33cea{logs,/logs,file:///home/runner/work/ozone/ozone/mnt/ozone/hadoop-ozone/integration-test/target/log,STOPPED}
2021-08-02 05:53:07,372 [Datanode State Machine Thread - 0] INFO  statemachine.DatanodeStateMachine (DatanodeStateMachine.java:lambda$startDaemon$0(456)) - Ozone container server started.
2021-08-02 05:53:07,395 [Datanode State Machine Thread - 0] INFO  statemachine.DatanodeStateMachine (DatanodeStateMachine.java:lambda$startDaemon$0(456)) - Ozone container server started.
2021-08-02 05:53:09,089 [grpc-default-executor-0] WARN  server.GrpcLogAppender (LogUtils.java:warn(122)) - 7c89729d-205d-42d4-b264-d61f860a411d@group-67F92B9E78E8->d23be368-b70e-4d1a-afe3-0bdcf6fd1c46-AppendLogResponseHandler: Failed appendEntries: org.apache.ratis.thirdparty.io.grpc.StatusRuntimeException: UNAVAILABLE: io exception
2021-08-02 05:53:09,090 [grpc-default-executor-0] INFO  leader.FollowerInfo (FollowerInfoImpl.java:lambda$new$0(46)) - 7c89729d-205d-42d4-b264-d61f860a411d@group-67F92B9E78E8->d23be368-b70e-4d1a-afe3-0bdcf6fd1c46: nextIndex: updateUnconditionally 12 -> 11
2021-08-02 05:53:11,590 [grpc-default-executor-0] WARN  server.GrpcLogAppender (LogUtils.java:warn(122)) - 7c89729d-205d-42d4-b264-d61f860a411d@group-67F92B9E78E8->d23be368-b70e-4d1a-afe3-0bdcf6fd1c46-AppendLogResponseHandler: Failed appendEntries: org.apache.ratis.thirdparty.io.grpc.StatusRuntimeException: UNAVAILABLE: io exception
2021-08-02 05:53:11,591 [grpc-default-executor-0] INFO  leader.FollowerInfo (FollowerInfoImpl.java:lambda$new$0(46)) - 7c89729d-205d-42d4-b264-d61f860a411d@group-67F92B9E78E8->d23be368-b70e-4d1a-afe3-0bdcf6fd1c46: nextIndex: updateUnconditionally 12 -> 11
2021-08-02 05:53:11,633 [Listener at 127.0.0.1/35629] INFO  ozoneimpl.OzoneContainer (OzoneContainer.java:stop(326)) - Attempting to stop container services.
2021-08-02 05:53:11,633 [Listener at 127.0.0.1/35629] INFO  server.RaftServer (RaftServerProxy.java:lambda$close$6(391)) - 1036d1ad-a7a2-43d7-9de2-11c3d66cdde8: close
2021-08-02 05:53:11,633 [Listener at 127.0.0.1/35629] INFO  server.RaftServer$Division (RaftServerImpl.java:lambda$close$4(407)) - 1036d1ad-a7a2-43d7-9de2-11c3d66cdde8@group-DD91C07A3E90: shutdown
2021-08-02 05:53:11,633 [Listener at 127.0.0.1/35629] INFO  util.JmxRegister (JmxRegister.java:unregister(73)) - Successfully un-registered JMX Bean with object name Ratis:service=RaftServer,group=group-DD91C07A3E90,id=1036d1ad-a7a2-43d7-9de2-11c3d66cdde8
2021-08-02 05:53:11,634 [Listener at 127.0.0.1/35629] INFO  impl.RoleInfo (RoleInfo.java:shutdownFollowerState(108)) - 1036d1ad-a7a2-43d7-9de2-11c3d66cdde8: shutdown 1036d1ad-a7a2-43d7-9de2-11c3d66cdde8@group-DD91C07A3E90-FollowerState
2021-08-02 05:53:11,634 [Listener at 127.0.0.1/35629] INFO  impl.StateMachineUpdater (StateMachineUpdater.java:stopAndJoin(149)) - 1036d1ad-a7a2-43d7-9de2-11c3d66cdde8@group-DD91C07A3E90-StateMachineUpdater: set stopIndex = 0
2021-08-02 05:53:11,634 [1036d1ad-a7a2-43d7-9de2-11c3d66cdde8@group-DD91C07A3E90-FollowerState] INFO  impl.FollowerState (FollowerState.java:run(143)) - 1036d1ad-a7a2-43d7-9de2-11c3d66cdde8@group-DD91C07A3E90-FollowerState was interrupted: {}
java.lang.InterruptedException: sleep interrupted
	at java.lang.Thread.sleep(Native Method)
	at java.lang.Thread.sleep(Thread.java:340)
	at java.util.concurrent.TimeUnit.sleep(TimeUnit.java:386)
	at org.apache.ratis.util.TimeDuration.sleep(TimeDuration.java:324)
	at org.apache.ratis.util.TimeDuration.sleep(TimeDuration.java:309)
	at org.apache.ratis.server.impl.FollowerState.run(FollowerState.java:118)
2021-08-02 05:53:11,634 [1036d1ad-a7a2-43d7-9de2-11c3d66cdde8@group-DD91C07A3E90-StateMachineUpdater] INFO  ratis.ContainerStateMachine (ContainerStateMachine.java:takeSnapshot(291)) - group-DD91C07A3E90: Taking a snapshot at:(t:3, i:0) file /home/runner/work/ozone/ozone/mnt/ozone/hadoop-ozone/integration-test/target/test-dir/MiniOzoneClusterImpl-4f335ae8-e577-43f0-9715-84c03d5ccb1a/datanode-7/data/ratis/0e8a7799-27a7-4147-95bd-dd91c07a3e90/sm/snapshot.3_0
2021-08-02 05:53:11,636 [1036d1ad-a7a2-43d7-9de2-11c3d66cdde8@group-DD91C07A3E90-StateMachineUpdater] INFO  ratis.ContainerStateMachine (ContainerStateMachine.java:takeSnapshot(302)) - group-DD91C07A3E90: Finished taking a snapshot at:(t:3, i:0) file:/home/runner/work/ozone/ozone/mnt/ozone/hadoop-ozone/integration-test/target/test-dir/MiniOzoneClusterImpl-4f335ae8-e577-43f0-9715-84c03d5ccb1a/datanode-7/data/ratis/0e8a7799-27a7-4147-95bd-dd91c07a3e90/sm/snapshot.3_0 took: 2 ms
2021-08-02 05:53:11,636 [1036d1ad-a7a2-43d7-9de2-11c3d66cdde8@group-DD91C07A3E90-StateMachineUpdater] INFO  impl.StateMachineUpdater (StateMachineUpdater.java:takeSnapshot(281)) - 1036d1ad-a7a2-43d7-9de2-11c3d66cdde8@group-DD91C07A3E90-StateMachineUpdater: Took a snapshot at index 0
2021-08-02 05:53:11,636 [1036d1ad-a7a2-43d7-9de2-11c3d66cdde8@group-DD91C07A3E90-StateMachineUpdater] INFO  impl.StateMachineUpdater (StateMachineUpdater.java:lambda$new$0(89)) - 1036d1ad-a7a2-43d7-9de2-11c3d66cdde8@group-DD91C07A3E90-StateMachineUpdater: snapshotIndex: updateIncreasingly -1 -> 0
2021-08-02 05:53:11,636 [Listener at 127.0.0.1/35629] INFO  server.RaftServer$Division (ServerState.java:close(419)) - 1036d1ad-a7a2-43d7-9de2-11c3d66cdde8@group-DD91C07A3E90: closes. applyIndex: 0
2021-08-02 05:53:11,637 [1036d1ad-a7a2-43d7-9de2-11c3d66cdde8@group-DD91C07A3E90-SegmentedRaftLogWorker] INFO  segmented.SegmentedRaftLogWorker (SegmentedRaftLogWorker.java:run(327)) - 1036d1ad-a7a2-43d7-9de2-11c3d66cdde8@group-DD91C07A3E90-SegmentedRaftLogWorker was interrupted, exiting. There are 0 tasks remaining in the queue.
2021-08-02 05:53:11,637 [ForkJoinPool.commonPool-worker-0] INFO  ozoneimpl.OzoneContainer (OzoneContainer.java:stop(326)) - Attempting to stop container services.
2021-08-02 05:53:11,637 [ForkJoinPool.commonPool-worker-0] INFO  server.RaftServer (RaftServerProxy.java:lambda$close$6(391)) - 752ad5df-a7ba-47cd-a255-c78e9754ce7f: close
2021-08-02 05:53:11,638 [ForkJoinPool.commonPool-worker-0] INFO  server.RaftServer$Division (RaftServerImpl.java:lambda$close$4(407)) - 752ad5df-a7ba-47cd-a255-c78e9754ce7f@group-CCB4B94BC867: shutdown
2021-08-02 05:53:11,638 [ForkJoinPool.commonPool-worker-0] INFO  util.JmxRegister (JmxRegister.java:unregister(73)) - Successfully un-registered JMX Bean with object name Ratis:service=RaftServer,group=group-CCB4B94BC867,id=752ad5df-a7ba-47cd-a255-c78e9754ce7f
2021-08-02 05:53:11,638 [ForkJoinPool.commonPool-worker-0] INFO  impl.RoleInfo (RoleInfo.java:shutdownLeaderState(91)) - 752ad5df-a7ba-47cd-a255-c78e9754ce7f: shutdown 752ad5df-a7ba-47cd-a255-c78e9754ce7f@group-CCB4B94BC867-LeaderStateImpl
2021-08-02 05:53:11,638 [ForkJoinPool.commonPool-worker-0] INFO  impl.PendingRequests (PendingRequests.java:sendNotLeaderResponses(249)) - 752ad5df-a7ba-47cd-a255-c78e9754ce7f@group-CCB4B94BC867-PendingRequests: sendNotLeaderResponses
2021-08-02 05:53:11,638 [ForkJoinPool.commonPool-worker-0] INFO  impl.StateMachineUpdater (StateMachineUpdater.java:stopAndJoin(149)) - 752ad5df-a7ba-47cd-a255-c78e9754ce7f@group-CCB4B94BC867-StateMachineUpdater: set stopIndex = 0
2021-08-02 05:53:11,638 [752ad5df-a7ba-47cd-a255-c78e9754ce7f@group-CCB4B94BC867-StateMachineUpdater] INFO  ratis.ContainerStateMachine (ContainerStateMachine.java:takeSnapshot(291)) - group-CCB4B94BC867: Taking a snapshot at:(t:1, i:0) file /home/runner/work/ozone/ozone/mnt/ozone/hadoop-ozone/integration-test/target/test-dir/MiniOzoneClusterImpl-4f335ae8-e577-43f0-9715-84c03d5ccb1a/datanode-0/data/ratis/25743c8d-7fce-4dd4-9c08-ccb4b94bc867/sm/snapshot.1_0
2021-08-02 05:53:11,639 [752ad5df-a7ba-47cd-a255-c78e9754ce7f@group-CCB4B94BC867-StateMachineUpdater] INFO  ratis.ContainerStateMachine (ContainerStateMachine.java:takeSnapshot(302)) - group-CCB4B94BC867: Finished taking a snapshot at:(t:1, i:0) file:/home/runner/work/ozone/ozone/mnt/ozone/hadoop-ozone/integration-test/target/test-dir/MiniOzoneClusterImpl-4f335ae8-e577-43f0-9715-84c03d5ccb1a/datanode-0/data/ratis/25743c8d-7fce-4dd4-9c08-ccb4b94bc867/sm/snapshot.1_0 took: 0 ms
2021-08-02 05:53:11,639 [Listener at 127.0.0.1/35629] INFO  segmented.SegmentedRaftLogWorker (SegmentedRaftLogWorker.java:close(237)) - 1036d1ad-a7a2-43d7-9de2-11c3d66cdde8@group-DD91C07A3E90-SegmentedRaftLogWorker close()
2021-08-02 05:53:11,639 [752ad5df-a7ba-47cd-a255-c78e9754ce7f@group-CCB4B94BC867-StateMachineUpdater] INFO  impl.StateMachineUpdater (StateMachineUpdater.java:takeSnapshot(281)) - 752ad5df-a7ba-47cd-a255-c78e9754ce7f@group-CCB4B94BC867-StateMachineUpdater: Took a snapshot at index 0
2021-08-02 05:53:11,641 [752ad5df-a7ba-47cd-a255-c78e9754ce7f@group-CCB4B94BC867-StateMachineUpdater] INFO  impl.StateMachineUpdater (StateMachineUpdater.java:lambda$new$0(89)) - 752ad5df-a7ba-47cd-a255-c78e9754ce7f@group-CCB4B94BC867-StateMachineUpdater: snapshotIndex: updateIncreasingly -1 -> 0
2021-08-02 05:53:11,641 [ForkJoinPool.commonPool-worker-0] INFO  server.RaftServer$Division (ServerState.java:close(419)) - 752ad5df-a7ba-47cd-a255-c78e9754ce7f@group-CCB4B94BC867: closes. applyIndex: 0
2021-08-02 05:53:11,641 [752ad5df-a7ba-47cd-a255-c78e9754ce7f@group-CCB4B94BC867-SegmentedRaftLogWorker] INFO  segmented.SegmentedRaftLogWorker (SegmentedRaftLogWorker.java:run(327)) - 752ad5df-a7ba-47cd-a255-c78e9754ce7f@group-CCB4B94BC867-SegmentedRaftLogWorker was interrupted, exiting. There are 0 tasks remaining in the queue.
2021-08-02 05:53:11,641 [ForkJoinPool.commonPool-worker-0] INFO  segmented.SegmentedRaftLogWorker (SegmentedRaftLogWorker.java:close(237)) - 752ad5df-a7ba-47cd-a255-c78e9754ce7f@group-CCB4B94BC867-SegmentedRaftLogWorker close()
2021-08-02 05:53:11,642 [ForkJoinPool.commonPool-worker-0] INFO  server.RaftServer$Division (RaftServerImpl.java:lambda$close$4(407)) - 752ad5df-a7ba-47cd-a255-c78e9754ce7f@group-67F92B9E78E8: shutdown
2021-08-02 05:53:11,642 [ForkJoinPool.commonPool-worker-0] INFO  util.JmxRegister (JmxRegister.java:unregister(73)) - Successfully un-registered JMX Bean with object name Ratis:service=RaftServer,group=group-67F92B9E78E8,id=752ad5df-a7ba-47cd-a255-c78e9754ce7f
2021-08-02 05:53:11,642 [ForkJoinPool.commonPool-worker-0] INFO  impl.RoleInfo (RoleInfo.java:shutdownFollowerState(108)) - 752ad5df-a7ba-47cd-a255-c78e9754ce7f: shutdown 752ad5df-a7ba-47cd-a255-c78e9754ce7f@group-67F92B9E78E8-FollowerState
2021-08-02 05:53:11,642 [ForkJoinPool.commonPool-worker-0] INFO  impl.StateMachineUpdater (StateMachineUpdater.java:stopAndJoin(149)) - 752ad5df-a7ba-47cd-a255-c78e9754ce7f@group-67F92B9E78E8-StateMachineUpdater: set stopIndex = 11
2021-08-02 05:53:11,642 [752ad5df-a7ba-47cd-a255-c78e9754ce7f@group-67F92B9E78E8-FollowerState] INFO  impl.FollowerState (FollowerState.java:run(143)) - 752ad5df-a7ba-47cd-a255-c78e9754ce7f@group-67F92B9E78E8-FollowerState was interrupted: {}
java.lang.InterruptedException: sleep interrupted
	at java.lang.Thread.sleep(Native Method)
	at java.lang.Thread.sleep(Thread.java:340)
	at java.util.concurrent.TimeUnit.sleep(TimeUnit.java:386)
	at org.apache.ratis.util.TimeDuration.sleep(TimeDuration.java:324)
	at org.apache.ratis.util.TimeDuration.sleep(TimeDuration.java:309)
	at org.apache.ratis.server.impl.FollowerState.run(FollowerState.java:118)
2021-08-02 05:53:11,643 [752ad5df-a7ba-47cd-a255-c78e9754ce7f@group-67F92B9E78E8-StateMachineUpdater] INFO  ratis.ContainerStateMachine (ContainerStateMachine.java:takeSnapshot(291)) - group-67F92B9E78E8: Taking a snapshot at:(t:2, i:11) file /home/runner/work/ozone/ozone/mnt/ozone/hadoop-ozone/integration-test/target/test-dir/MiniOzoneClusterImpl-4f335ae8-e577-43f0-9715-84c03d5ccb1a/datanode-0/data/ratis/77f5a219-a291-4767-982d-67f92b9e78e8/sm/snapshot.2_11
2021-08-02 05:53:11,643 [Listener at 127.0.0.1/35629] INFO  server.RaftServer$Division (RaftServerImpl.java:lambda$close$4(407)) - 1036d1ad-a7a2-43d7-9de2-11c3d66cdde8@group-D07181496FAC: shutdown
2021-08-02 05:53:11,644 [Listener at 127.0.0.1/35629] INFO  util.JmxRegister (JmxRegister.java:unregister(73)) - Successfully un-registered JMX Bean with object name Ratis:service=RaftServer,group=group-D07181496FAC,id=1036d1ad-a7a2-43d7-9de2-11c3d66cdde8
2021-08-02 05:53:11,644 [Listener at 127.0.0.1/35629] INFO  impl.RoleInfo (RoleInfo.java:shutdownLeaderState(91)) - 1036d1ad-a7a2-43d7-9de2-11c3d66cdde8: shutdown 1036d1ad-a7a2-43d7-9de2-11c3d66cdde8@group-D07181496FAC-LeaderStateImpl
2021-08-02 05:53:11,644 [Listener at 127.0.0.1/35629] INFO  impl.PendingRequests (PendingRequests.java:sendNotLeaderResponses(249)) - 1036d1ad-a7a2-43d7-9de2-11c3d66cdde8@group-D07181496FAC-PendingRequests: sendNotLeaderResponses
2021-08-02 05:53:11,645 [1036d1ad-a7a2-43d7-9de2-11c3d66cdde8@group-D07181496FAC-StateMachineUpdater] INFO  ratis.ContainerStateMachine (ContainerStateMachine.java:takeSnapshot(291)) - group-D07181496FAC: Taking a snapshot at:(t:1, i:0) file /home/runner/work/ozone/ozone/mnt/ozone/hadoop-ozone/integration-test/target/test-dir/MiniOzoneClusterImpl-4f335ae8-e577-43f0-9715-84c03d5ccb1a/datanode-7/data/ratis/c7c63290-17ba-47dc-8bfc-d07181496fac/sm/snapshot.1_0
2021-08-02 05:53:11,645 [Listener at 127.0.0.1/35629] INFO  impl.StateMachineUpdater (StateMachineUpdater.java:stopAndJoin(149)) - 1036d1ad-a7a2-43d7-9de2-11c3d66cdde8@group-D07181496FAC-StateMachineUpdater: set stopIndex = 0
2021-08-02 05:53:11,646 [752ad5df-a7ba-47cd-a255-c78e9754ce7f@group-67F92B9E78E8-StateMachineUpdater] INFO  ratis.ContainerStateMachine (ContainerStateMachine.java:takeSnapshot(302)) - group-67F92B9E78E8: Finished taking a snapshot at:(t:2, i:11) file:/home/runner/work/ozone/ozone/mnt/ozone/hadoop-ozone/integration-test/target/test-dir/MiniOzoneClusterImpl-4f335ae8-e577-43f0-9715-84c03d5ccb1a/datanode-0/data/ratis/77f5a219-a291-4767-982d-67f92b9e78e8/sm/snapshot.2_11 took: 3 ms
2021-08-02 05:53:11,646 [752ad5df-a7ba-47cd-a255-c78e9754ce7f@group-67F92B9E78E8-StateMachineUpdater] INFO  impl.StateMachineUpdater (StateMachineUpdater.java:takeSnapshot(281)) - 752ad5df-a7ba-47cd-a255-c78e9754ce7f@group-67F92B9E78E8-StateMachineUpdater: Took a snapshot at index 11
2021-08-02 05:53:11,646 [752ad5df-a7ba-47cd-a255-c78e9754ce7f@group-67F92B9E78E8-StateMachineUpdater] INFO  impl.StateMachineUpdater (StateMachineUpdater.java:lambda$new$0(89)) - 752ad5df-a7ba-47cd-a255-c78e9754ce7f@group-67F92B9E78E8-StateMachineUpdater: snapshotIndex: updateIncreasingly -1 -> 11
2021-08-02 05:53:11,646 [1036d1ad-a7a2-43d7-9de2-11c3d66cdde8@group-D07181496FAC-StateMachineUpdater] INFO  ratis.ContainerStateMachine (ContainerStateMachine.java:takeSnapshot(302)) - group-D07181496FAC: Finished taking a snapshot at:(t:1, i:0) file:/home/runner/work/ozone/ozone/mnt/ozone/hadoop-ozone/integration-test/target/test-dir/MiniOzoneClusterImpl-4f335ae8-e577-43f0-9715-84c03d5ccb1a/datanode-7/data/ratis/c7c63290-17ba-47dc-8bfc-d07181496fac/sm/snapshot.1_0 took: 2 ms
2021-08-02 05:53:11,646 [1036d1ad-a7a2-43d7-9de2-11c3d66cdde8@group-D07181496FAC-StateMachineUpdater] INFO  impl.StateMachineUpdater (StateMachineUpdater.java:takeSnapshot(281)) - 1036d1ad-a7a2-43d7-9de2-11c3d66cdde8@group-D07181496FAC-StateMachineUpdater: Took a snapshot at index 0
2021-08-02 05:53:11,646 [1036d1ad-a7a2-43d7-9de2-11c3d66cdde8@group-D07181496FAC-StateMachineUpdater] INFO  impl.StateMachineUpdater (StateMachineUpdater.java:lambda$new$0(89)) - 1036d1ad-a7a2-43d7-9de2-11c3d66cdde8@group-D07181496FAC-StateMachineUpdater: snapshotIndex: updateIncreasingly -1 -> 0
2021-08-02 05:53:11,647 [ForkJoinPool.commonPool-worker-0] INFO  server.RaftServer$Division (ServerState.java:close(419)) - 752ad5df-a7ba-47cd-a255-c78e9754ce7f@group-67F92B9E78E8: closes. applyIndex: 11
2021-08-02 05:53:11,647 [752ad5df-a7ba-47cd-a255-c78e9754ce7f@group-67F92B9E78E8-SegmentedRaftLogWorker] INFO  segmented.SegmentedRaftLogWorker (SegmentedRaftLogWorker.java:run(327)) - 752ad5df-a7ba-47cd-a255-c78e9754ce7f@group-67F92B9E78E8-SegmentedRaftLogWorker was interrupted, exiting. There are 0 tasks remaining in the queue.
2021-08-02 05:53:11,647 [ForkJoinPool.commonPool-worker-0] INFO  segmented.SegmentedRaftLogWorker (SegmentedRaftLogWorker.java:close(237)) - 752ad5df-a7ba-47cd-a255-c78e9754ce7f@group-67F92B9E78E8-SegmentedRaftLogWorker close()
2021-08-02 05:53:11,647 [Listener at 127.0.0.1/35629] INFO  server.RaftServer$Division (ServerState.java:close(419)) - 1036d1ad-a7a2-43d7-9de2-11c3d66cdde8@group-D07181496FAC: closes. applyIndex: 0
2021-08-02 05:53:11,648 [ForkJoinPool.commonPool-worker-0] INFO  server.GrpcService (GrpcService.java:closeImpl(262)) - 752ad5df-a7ba-47cd-a255-c78e9754ce7f: shutdown server with port 36497 now
2021-08-02 05:53:11,648 [1036d1ad-a7a2-43d7-9de2-11c3d66cdde8@group-D07181496FAC-SegmentedRaftLogWorker] INFO  segmented.SegmentedRaftLogWorker (SegmentedRaftLogWorker.java:run(327)) - 1036d1ad-a7a2-43d7-9de2-11c3d66cdde8@group-D07181496FAC-SegmentedRaftLogWorker was interrupted, exiting. There are 0 tasks remaining in the queue.
2021-08-02 05:53:11,650 [grpc-default-executor-1] WARN  server.GrpcLogAppender (LogUtils.java:warn(122)) - 7c89729d-205d-42d4-b264-d61f860a411d@group-67F92B9E78E8->752ad5df-a7ba-47cd-a255-c78e9754ce7f-AppendLogResponseHandler: Failed appendEntries: org.apache.ratis.thirdparty.io.grpc.StatusRuntimeException: CANCELLED: HTTP/2 error code: CANCEL
Received Rst Stream
2021-08-02 05:53:11,651 [grpc-default-executor-1] INFO  leader.FollowerInfo (FollowerInfoImpl.java:lambda$new$0(46)) - 7c89729d-205d-42d4-b264-d61f860a411d@group-67F92B9E78E8->752ad5df-a7ba-47cd-a255-c78e9754ce7f: nextIndex: updateUnconditionally 12 -> 11
2021-08-02 05:53:11,651 [grpc-default-executor-3] WARN  server.GrpcServerProtocolService (LogUtils.java:warn(122)) - 752ad5df-a7ba-47cd-a255-c78e9754ce7f: installSnapshot onError, lastRequest: 7c89729d-205d-42d4-b264-d61f860a411d->752ad5df-a7ba-47cd-a255-c78e9754ce7f#26-t2,previous=(t:2, i:10),leaderCommit=9,initializing? true,entries: size=1, first=(t:2, i:11), METADATAENTRY(c:6): org.apache.ratis.thirdparty.io.grpc.StatusRuntimeException: CANCELLED: client cancelled
2021-08-02 05:53:11,651 [Listener at 127.0.0.1/35629] INFO  segmented.SegmentedRaftLogWorker (SegmentedRaftLogWorker.java:close(237)) - 1036d1ad-a7a2-43d7-9de2-11c3d66cdde8@group-D07181496FAC-SegmentedRaftLogWorker close()
2021-08-02 05:53:11,652 [ForkJoinPool.commonPool-worker-0] INFO  server.GrpcService (GrpcService.java:closeImpl(271)) - 752ad5df-a7ba-47cd-a255-c78e9754ce7f: shutdown server with port 36497 successfully
2021-08-02 05:53:11,653 [org.apache.ratis.util.JvmPauseMonitor$$Lambda$526/571419931@1cf63d2c] INFO  util.JvmPauseMonitor (JvmPauseMonitor.java:run(109)) - JvmPauseMonitor-752ad5df-a7ba-47cd-a255-c78e9754ce7f: Stopped
2021-08-02 05:53:11,655 [grpc-default-executor-0] WARN  server.GrpcLogAppender (LogUtils.java:warn(122)) - 7c89729d-205d-42d4-b264-d61f860a411d@group-67F92B9E78E8->752ad5df-a7ba-47cd-a255-c78e9754ce7f-AppendLogResponseHandler: Failed appendEntries: org.apache.ratis.thirdparty.io.grpc.StatusRuntimeException: UNAVAILABLE: io exception
2021-08-02 05:53:11,655 [grpc-default-executor-0] INFO  leader.FollowerInfo (FollowerInfoImpl.java:lambda$new$0(46)) - 7c89729d-205d-42d4-b264-d61f860a411d@group-67F92B9E78E8->752ad5df-a7ba-47cd-a255-c78e9754ce7f: nextIndex: updateUnconditionally 12 -> 11
2021-08-02 05:53:11,656 [Listener at 127.0.0.1/35629] INFO  server.GrpcService (GrpcService.java:closeImpl(262)) - 1036d1ad-a7a2-43d7-9de2-11c3d66cdde8: shutdown server with port 39139 now
2021-08-02 05:53:11,658 [ForkJoinPool.commonPool-worker-0] INFO  utils.BackgroundService (BackgroundService.java:shutdown(132)) - Shutting down service BlockDeletingService
2021-08-02 05:53:11,659 [grpc-default-executor-3] WARN  server.GrpcServerProtocolService (LogUtils.java:warn(122)) - 1036d1ad-a7a2-43d7-9de2-11c3d66cdde8: installSnapshot onError, lastRequest: aac07b4a-b510-4ee2-b953-6b798ab874ed->1036d1ad-a7a2-43d7-9de2-11c3d66cdde8#1-t3,previous=(t:0, i:0),leaderCommit=-1,initializing? true,entries: size=1, first=(t:3, i:0), CONFIGURATIONENTRY: org.apache.ratis.thirdparty.io.grpc.StatusRuntimeException: CANCELLED: client cancelled
2021-08-02 05:53:11,660 [grpc-default-executor-0] WARN  server.GrpcLogAppender (LogUtils.java:warn(122)) - aac07b4a-b510-4ee2-b953-6b798ab874ed@group-DD91C07A3E90->1036d1ad-a7a2-43d7-9de2-11c3d66cdde8-AppendLogResponseHandler: Failed appendEntries: org.apache.ratis.thirdparty.io.grpc.StatusRuntimeException: CANCELLED: HTTP/2 error code: CANCEL
Received Rst Stream
2021-08-02 05:53:11,660 [grpc-default-executor-0] WARN  server.GrpcLogAppender (GrpcLogAppender.java:resetClient(111)) - aac07b4a-b510-4ee2-b953-6b798ab874ed@group-DD91C07A3E90->1036d1ad-a7a2-43d7-9de2-11c3d66cdde8-GrpcLogAppender: Leader has not got in touch with Follower aac07b4a-b510-4ee2-b953-6b798ab874ed@group-DD91C07A3E90->1036d1ad-a7a2-43d7-9de2-11c3d66cdde8(c0,m0,n1, attendVote=true, lastRpcSendTime=1682, lastRpcResponseTime=1680) yet, just keep nextIndex unchanged and retry.
2021-08-02 05:53:11,661 [ForkJoinPool.commonPool-worker-0] INFO  statemachine.DatanodeStateMachine (DatanodeStateMachine.java:stopDaemon(514)) - Ozone container server stopped.
2021-08-02 05:53:11,663 [ForkJoinPool.commonPool-worker-0] INFO  handler.ContextHandler (ContextHandler.java:doStop(1154)) - Stopped o.e.j.w.WebAppContext@67bf0d91{hddsDatanode,/,null,STOPPED}{jar:file:/home/runner/.m2/repository/org/apache/ozone/hdds-container-service/1.2.0-SNAPSHOT/hdds-container-service-1.2.0-SNAPSHOT.jar!/webapps/hddsDatanode}
2021-08-02 05:53:11,664 [ForkJoinPool.commonPool-worker-0] INFO  server.AbstractConnector (AbstractConnector.java:doStop(381)) - Stopped ServerConnector@4c49471c{HTTP/1.1, (http/1.1)}{0.0.0.0:0}
2021-08-02 05:53:11,664 [ForkJoinPool.commonPool-worker-0] INFO  server.session (HouseKeeper.java:stopScavenging(149)) - node0 Stopped scavenging
2021-08-02 05:53:11,669 [ForkJoinPool.commonPool-worker-0] INFO  handler.ContextHandler (ContextHandler.java:doStop(1154)) - Stopped o.e.j.s.ServletContextHandler@45f854e9{static,/static,jar:file:/home/runner/.m2/repository/org/apache/ozone/hdds-container-service/1.2.0-SNAPSHOT/hdds-container-service-1.2.0-SNAPSHOT.jar!/webapps/static,STOPPED}
2021-08-02 05:53:11,670 [ForkJoinPool.commonPool-worker-0] INFO  handler.ContextHandler (ContextHandler.java:doStop(1154)) - Stopped o.e.j.s.ServletContextHandler@668c8c55{logs,/logs,file:///home/runner/work/ozone/ozone/mnt/ozone/hadoop-ozone/integration-test/target/log,STOPPED}
2021-08-02 05:53:11,670 [Listener at 127.0.0.1/35629] INFO  server.GrpcService (GrpcService.java:closeImpl(271)) - 1036d1ad-a7a2-43d7-9de2-11c3d66cdde8: shutdown server with port 39139 successfully
2021-08-02 05:53:11,679 [org.apache.ratis.util.JvmPauseMonitor$$Lambda$526/571419931@1a87d4b] INFO  util.JvmPauseMonitor (JvmPauseMonitor.java:run(109)) - JvmPauseMonitor-1036d1ad-a7a2-43d7-9de2-11c3d66cdde8: Stopped
2021-08-02 05:53:11,687 [Listener at 127.0.0.1/35629] INFO  utils.BackgroundService (BackgroundService.java:shutdown(132)) - Shutting down service BlockDeletingService
2021-08-02 05:53:11,694 [Listener at 127.0.0.1/35629] INFO  statemachine.DatanodeStateMachine (DatanodeStateMachine.java:stopDaemon(514)) - Ozone container server stopped.
2021-08-02 05:53:11,695 [Listener at 127.0.0.1/35629] INFO  handler.ContextHandler (ContextHandler.java:doStop(1154)) - Stopped o.e.j.w.WebAppContext@446454af{hddsDatanode,/,null,STOPPED}{jar:file:/home/runner/.m2/repository/org/apache/ozone/hdds-container-service/1.2.0-SNAPSHOT/hdds-container-service-1.2.0-SNAPSHOT.jar!/webapps/hddsDatanode}
2021-08-02 05:53:11,696 [Listener at 127.0.0.1/35629] INFO  server.AbstractConnector (AbstractConnector.java:doStop(381)) - Stopped ServerConnector@6769ea39{HTTP/1.1, (http/1.1)}{0.0.0.0:0}
2021-08-02 05:53:11,696 [Listener at 127.0.0.1/35629] INFO  server.session (HouseKeeper.java:stopScavenging(149)) - node0 Stopped scavenging
2021-08-02 05:53:11,696 [Listener at 127.0.0.1/35629] INFO  handler.ContextHandler (ContextHandler.java:doStop(1154)) - Stopped o.e.j.s.ServletContextHandler@4f3db580{static,/static,jar:file:/home/runner/.m2/repository/org/apache/ozone/hdds-container-service/1.2.0-SNAPSHOT/hdds-container-service-1.2.0-SNAPSHOT.jar!/webapps/static,STOPPED}
2021-08-02 05:53:11,696 [Listener at 127.0.0.1/35629] INFO  handler.ContextHandler (ContextHandler.java:doStop(1154)) - Stopped o.e.j.s.ServletContextHandler@30a3c1e1{logs,/logs,file:///home/runner/work/ozone/ozone/mnt/ozone/hadoop-ozone/integration-test/target/log,STOPPED}
2021-08-02 05:53:12,392 [Datanode State Machine Thread - 0] INFO  statemachine.DatanodeStateMachine (DatanodeStateMachine.java:lambda$startDaemon$0(456)) - Ozone container server started.
2021-08-02 05:53:12,482 [grpc-default-executor-4] WARN  server.GrpcLogAppender (LogUtils.java:warn(122)) - aac07b4a-b510-4ee2-b953-6b798ab874ed@group-DD91C07A3E90->1036d1ad-a7a2-43d7-9de2-11c3d66cdde8-AppendLogResponseHandler: Failed appendEntries: org.apache.ratis.thirdparty.io.grpc.StatusRuntimeException: UNAVAILABLE: io exception
2021-08-02 05:53:12,483 [grpc-default-executor-4] WARN  server.GrpcLogAppender (GrpcLogAppender.java:resetClient(111)) - aac07b4a-b510-4ee2-b953-6b798ab874ed@group-DD91C07A3E90->1036d1ad-a7a2-43d7-9de2-11c3d66cdde8-GrpcLogAppender: Leader has not got in touch with Follower aac07b4a-b510-4ee2-b953-6b798ab874ed@group-DD91C07A3E90->1036d1ad-a7a2-43d7-9de2-11c3d66cdde8(c0,m0,n1, attendVote=true, lastRpcSendTime=2, lastRpcResponseTime=2503) yet, just keep nextIndex unchanged and retry.
2021-08-02 05:53:12,526 [Datanode State Machine Thread - 0] INFO  statemachine.DatanodeStateMachine (DatanodeStateMachine.java:lambda$startDaemon$0(456)) - Ozone container server started.
2021-08-02 05:53:14,091 [grpc-default-executor-0] WARN  server.GrpcLogAppender (LogUtils.java:warn(122)) - 7c89729d-205d-42d4-b264-d61f860a411d@group-67F92B9E78E8->d23be368-b70e-4d1a-afe3-0bdcf6fd1c46-AppendLogResponseHandler: Failed appendEntries: org.apache.ratis.thirdparty.io.grpc.StatusRuntimeException: UNAVAILABLE: io exception
2021-08-02 05:53:14,092 [grpc-default-executor-0] INFO  leader.FollowerInfo (FollowerInfoImpl.java:lambda$new$0(46)) - 7c89729d-205d-42d4-b264-d61f860a411d@group-67F92B9E78E8->d23be368-b70e-4d1a-afe3-0bdcf6fd1c46: nextIndex: updateUnconditionally 12 -> 11
2021-08-02 05:53:14,155 [grpc-default-executor-0] WARN  server.GrpcLogAppender (LogUtils.java:warn(122)) - 7c89729d-205d-42d4-b264-d61f860a411d@group-67F92B9E78E8->752ad5df-a7ba-47cd-a255-c78e9754ce7f-AppendLogResponseHandler: Failed appendEntries: org.apache.ratis.thirdparty.io.grpc.StatusRuntimeException: UNAVAILABLE: io exception
2021-08-02 05:53:14,156 [grpc-default-executor-0] INFO  leader.FollowerInfo (FollowerInfoImpl.java:lambda$new$0(46)) - 7c89729d-205d-42d4-b264-d61f860a411d@group-67F92B9E78E8->752ad5df-a7ba-47cd-a255-c78e9754ce7f: nextIndex: updateUnconditionally 12 -> 11
2021-08-02 05:53:14,981 [grpc-default-executor-0] WARN  server.GrpcLogAppender (LogUtils.java:warn(122)) - aac07b4a-b510-4ee2-b953-6b798ab874ed@group-DD91C07A3E90->1036d1ad-a7a2-43d7-9de2-11c3d66cdde8-AppendLogResponseHandler: Failed appendEntries: org.apache.ratis.thirdparty.io.grpc.StatusRuntimeException: UNAVAILABLE: io exception
2021-08-02 05:53:14,982 [grpc-default-executor-0] WARN  server.GrpcLogAppender (GrpcLogAppender.java:resetClient(111)) - aac07b4a-b510-4ee2-b953-6b798ab874ed@group-DD91C07A3E90->1036d1ad-a7a2-43d7-9de2-11c3d66cdde8-GrpcLogAppender: Leader has not got in touch with Follower aac07b4a-b510-4ee2-b953-6b798ab874ed@group-DD91C07A3E90->1036d1ad-a7a2-43d7-9de2-11c3d66cdde8(c0,m0,n1, attendVote=true, lastRpcSendTime=0, lastRpcResponseTime=5002) yet, just keep nextIndex unchanged and retry.
2021-08-02 05:53:16,592 [grpc-default-executor-0] WARN  server.GrpcLogAppender (LogUtils.java:warn(122)) - 7c89729d-205d-42d4-b264-d61f860a411d@group-67F92B9E78E8->d23be368-b70e-4d1a-afe3-0bdcf6fd1c46-AppendLogResponseHandler: Failed appendEntries: org.apache.ratis.thirdparty.io.grpc.StatusRuntimeException: UNAVAILABLE: io exception
2021-08-02 05:53:16,592 [grpc-default-executor-0] INFO  leader.FollowerInfo (FollowerInfoImpl.java:lambda$new$0(46)) - 7c89729d-205d-42d4-b264-d61f860a411d@group-67F92B9E78E8->d23be368-b70e-4d1a-afe3-0bdcf6fd1c46: nextIndex: updateUnconditionally 12 -> 11
2021-08-02 05:53:16,656 [grpc-default-executor-0] WARN  server.GrpcLogAppender (LogUtils.java:warn(122)) - 7c89729d-205d-42d4-b264-d61f860a411d@group-67F92B9E78E8->752ad5df-a7ba-47cd-a255-c78e9754ce7f-AppendLogResponseHandler: Failed appendEntries: org.apache.ratis.thirdparty.io.grpc.StatusRuntimeException: UNAVAILABLE: io exception
2021-08-02 05:53:16,656 [grpc-default-executor-0] INFO  leader.FollowerInfo (FollowerInfoImpl.java:lambda$new$0(46)) - 7c89729d-205d-42d4-b264-d61f860a411d@group-67F92B9E78E8->752ad5df-a7ba-47cd-a255-c78e9754ce7f: nextIndex: updateUnconditionally 12 -> 11
2021-08-02 05:53:16,694 [ForkJoinPool.commonPool-worker-0] INFO  ozoneimpl.OzoneContainer (OzoneContainer.java:stop(326)) - Attempting to stop container services.
2021-08-02 05:53:16,697 [ForkJoinPool.commonPool-worker-0] INFO  server.RaftServer (RaftServerProxy.java:lambda$close$6(391)) - 7c89729d-205d-42d4-b264-d61f860a411d: close
2021-08-02 05:53:16,697 [ForkJoinPool.commonPool-worker-0] INFO  server.RaftServer$Division (RaftServerImpl.java:lambda$close$4(407)) - 7c89729d-205d-42d4-b264-d61f860a411d@group-8F3BC002433D: shutdown
2021-08-02 05:53:16,697 [ForkJoinPool.commonPool-worker-0] INFO  util.JmxRegister (JmxRegister.java:unregister(73)) - Successfully un-registered JMX Bean with object name Ratis:service=RaftServer,group=group-8F3BC002433D,id=7c89729d-205d-42d4-b264-d61f860a411d
2021-08-02 05:53:16,697 [ForkJoinPool.commonPool-worker-0] INFO  impl.RoleInfo (RoleInfo.java:shutdownLeaderState(91)) - 7c89729d-205d-42d4-b264-d61f860a411d: shutdown 7c89729d-205d-42d4-b264-d61f860a411d@group-8F3BC002433D-LeaderStateImpl
2021-08-02 05:53:16,698 [ForkJoinPool.commonPool-worker-0] INFO  impl.PendingRequests (PendingRequests.java:sendNotLeaderResponses(249)) - 7c89729d-205d-42d4-b264-d61f860a411d@group-8F3BC002433D-PendingRequests: sendNotLeaderResponses
2021-08-02 05:53:16,698 [ForkJoinPool.commonPool-worker-0] INFO  impl.StateMachineUpdater (StateMachineUpdater.java:stopAndJoin(149)) - 7c89729d-205d-42d4-b264-d61f860a411d@group-8F3BC002433D-StateMachineUpdater: set stopIndex = 0
2021-08-02 05:53:16,698 [7c89729d-205d-42d4-b264-d61f860a411d@group-8F3BC002433D-StateMachineUpdater] INFO  ratis.ContainerStateMachine (ContainerStateMachine.java:takeSnapshot(291)) - group-8F3BC002433D: Taking a snapshot at:(t:1, i:0) file /home/runner/work/ozone/ozone/mnt/ozone/hadoop-ozone/integration-test/target/test-dir/MiniOzoneClusterImpl-4f335ae8-e577-43f0-9715-84c03d5ccb1a/datanode-1/data/ratis/4472f2bd-9b5d-4636-a791-8f3bc002433d/sm/snapshot.1_0
2021-08-02 05:53:16,699 [Listener at 127.0.0.1/35629] INFO  ozoneimpl.OzoneContainer (OzoneContainer.java:stop(326)) - Attempting to stop container services.
2021-08-02 05:53:16,699 [Listener at 127.0.0.1/35629] INFO  server.RaftServer (RaftServerProxy.java:lambda$close$6(391)) - c97b6c06-cd07-4cdb-ae41-9a711d8ab883: close
2021-08-02 05:53:16,700 [Listener at 127.0.0.1/35629] INFO  server.RaftServer$Division (RaftServerImpl.java:lambda$close$4(407)) - c97b6c06-cd07-4cdb-ae41-9a711d8ab883@group-DD91C07A3E90: shutdown
2021-08-02 05:53:16,700 [Listener at 127.0.0.1/35629] INFO  util.JmxRegister (JmxRegister.java:unregister(73)) - Successfully un-registered JMX Bean with object name Ratis:service=RaftServer,group=group-DD91C07A3E90,id=c97b6c06-cd07-4cdb-ae41-9a711d8ab883
2021-08-02 05:53:16,700 [Listener at 127.0.0.1/35629] INFO  impl.RoleInfo (RoleInfo.java:shutdownFollowerState(108)) - c97b6c06-cd07-4cdb-ae41-9a711d8ab883: shutdown c97b6c06-cd07-4cdb-ae41-9a711d8ab883@group-DD91C07A3E90-FollowerState
2021-08-02 05:53:16,700 [Listener at 127.0.0.1/35629] INFO  impl.StateMachineUpdater (StateMachineUpdater.java:stopAndJoin(149)) - c97b6c06-cd07-4cdb-ae41-9a711d8ab883@group-DD91C07A3E90-StateMachineUpdater: set stopIndex = 0
2021-08-02 05:53:16,700 [c97b6c06-cd07-4cdb-ae41-9a711d8ab883@group-DD91C07A3E90-FollowerState] INFO  impl.FollowerState (FollowerState.java:run(143)) - c97b6c06-cd07-4cdb-ae41-9a711d8ab883@group-DD91C07A3E90-FollowerState was interrupted: {}
java.lang.InterruptedException: sleep interrupted
	at java.lang.Thread.sleep(Native Method)
	at java.lang.Thread.sleep(Thread.java:340)
	at java.util.concurrent.TimeUnit.sleep(TimeUnit.java:386)
	at org.apache.ratis.util.TimeDuration.sleep(TimeDuration.java:324)
	at org.apache.ratis.util.TimeDuration.sleep(TimeDuration.java:309)
	at org.apache.ratis.server.impl.FollowerState.run(FollowerState.java:118)
2021-08-02 05:53:16,700 [c97b6c06-cd07-4cdb-ae41-9a711d8ab883@group-DD91C07A3E90-StateMachineUpdater] INFO  ratis.ContainerStateMachine (ContainerStateMachine.java:takeSnapshot(291)) - group-DD91C07A3E90: Taking a snapshot at:(t:3, i:0) file /home/runner/work/ozone/ozone/mnt/ozone/hadoop-ozone/integration-test/target/test-dir/MiniOzoneClusterImpl-4f335ae8-e577-43f0-9715-84c03d5ccb1a/datanode-8/data/ratis/0e8a7799-27a7-4147-95bd-dd91c07a3e90/sm/snapshot.3_0
2021-08-02 05:53:16,701 [c97b6c06-cd07-4cdb-ae41-9a711d8ab883@group-DD91C07A3E90-StateMachineUpdater] INFO  ratis.ContainerStateMachine (ContainerStateMachine.java:takeSnapshot(302)) - group-DD91C07A3E90: Finished taking a snapshot at:(t:3, i:0) file:/home/runner/work/ozone/ozone/mnt/ozone/hadoop-ozone/integration-test/target/test-dir/MiniOzoneClusterImpl-4f335ae8-e577-43f0-9715-84c03d5ccb1a/datanode-8/data/ratis/0e8a7799-27a7-4147-95bd-dd91c07a3e90/sm/snapshot.3_0 took: 0 ms
2021-08-02 05:53:16,701 [c97b6c06-cd07-4cdb-ae41-9a711d8ab883@group-DD91C07A3E90-StateMachineUpdater] INFO  impl.StateMachineUpdater (StateMachineUpdater.java:takeSnapshot(281)) - c97b6c06-cd07-4cdb-ae41-9a711d8ab883@group-DD91C07A3E90-StateMachineUpdater: Took a snapshot at index 0
2021-08-02 05:53:16,701 [c97b6c06-cd07-4cdb-ae41-9a711d8ab883@group-DD91C07A3E90-StateMachineUpdater] INFO  impl.StateMachineUpdater (StateMachineUpdater.java:lambda$new$0(89)) - c97b6c06-cd07-4cdb-ae41-9a711d8ab883@group-DD91C07A3E90-StateMachineUpdater: snapshotIndex: updateIncreasingly -1 -> 0
2021-08-02 05:53:16,703 [7c89729d-205d-42d4-b264-d61f860a411d@group-8F3BC002433D-StateMachineUpdater] INFO  ratis.ContainerStateMachine (ContainerStateMachine.java:takeSnapshot(302)) - group-8F3BC002433D: Finished taking a snapshot at:(t:1, i:0) file:/home/runner/work/ozone/ozone/mnt/ozone/hadoop-ozone/integration-test/target/test-dir/MiniOzoneClusterImpl-4f335ae8-e577-43f0-9715-84c03d5ccb1a/datanode-1/data/ratis/4472f2bd-9b5d-4636-a791-8f3bc002433d/sm/snapshot.1_0 took: 5 ms
2021-08-02 05:53:16,704 [7c89729d-205d-42d4-b264-d61f860a411d@group-8F3BC002433D-StateMachineUpdater] INFO  impl.StateMachineUpdater (StateMachineUpdater.java:takeSnapshot(281)) - 7c89729d-205d-42d4-b264-d61f860a411d@group-8F3BC002433D-StateMachineUpdater: Took a snapshot at index 0
2021-08-02 05:53:16,704 [7c89729d-205d-42d4-b264-d61f860a411d@group-8F3BC002433D-StateMachineUpdater] INFO  impl.StateMachineUpdater (StateMachineUpdater.java:lambda$new$0(89)) - 7c89729d-205d-42d4-b264-d61f860a411d@group-8F3BC002433D-StateMachineUpdater: snapshotIndex: updateIncreasingly -1 -> 0
2021-08-02 05:53:16,704 [Listener at 127.0.0.1/35629] INFO  server.RaftServer$Division (ServerState.java:close(419)) - c97b6c06-cd07-4cdb-ae41-9a711d8ab883@group-DD91C07A3E90: closes. applyIndex: 0
2021-08-02 05:53:16,704 [c97b6c06-cd07-4cdb-ae41-9a711d8ab883@group-DD91C07A3E90-SegmentedRaftLogWorker] INFO  segmented.SegmentedRaftLogWorker (SegmentedRaftLogWorker.java:run(327)) - c97b6c06-cd07-4cdb-ae41-9a711d8ab883@group-DD91C07A3E90-SegmentedRaftLogWorker was interrupted, exiting. There are 0 tasks remaining in the queue.
2021-08-02 05:53:16,704 [Listener at 127.0.0.1/35629] INFO  segmented.SegmentedRaftLogWorker (SegmentedRaftLogWorker.java:close(237)) - c97b6c06-cd07-4cdb-ae41-9a711d8ab883@group-DD91C07A3E90-SegmentedRaftLogWorker close()
2021-08-02 05:53:16,705 [Listener at 127.0.0.1/35629] INFO  server.RaftServer$Division (RaftServerImpl.java:lambda$close$4(407)) - c97b6c06-cd07-4cdb-ae41-9a711d8ab883@group-ADDC33EB017B: shutdown
2021-08-02 05:53:16,705 [Listener at 127.0.0.1/35629] INFO  util.JmxRegister (JmxRegister.java:unregister(73)) - Successfully un-registered JMX Bean with object name Ratis:service=RaftServer,group=group-ADDC33EB017B,id=c97b6c06-cd07-4cdb-ae41-9a711d8ab883
2021-08-02 05:53:16,705 [Listener at 127.0.0.1/35629] INFO  impl.RoleInfo (RoleInfo.java:shutdownLeaderState(91)) - c97b6c06-cd07-4cdb-ae41-9a711d8ab883: shutdown c97b6c06-cd07-4cdb-ae41-9a711d8ab883@group-ADDC33EB017B-LeaderStateImpl
2021-08-02 05:53:16,706 [Listener at 127.0.0.1/35629] INFO  impl.PendingRequests (PendingRequests.java:sendNotLeaderResponses(249)) - c97b6c06-cd07-4cdb-ae41-9a711d8ab883@group-ADDC33EB017B-PendingRequests: sendNotLeaderResponses
2021-08-02 05:53:16,706 [Listener at 127.0.0.1/35629] INFO  impl.StateMachineUpdater (StateMachineUpdater.java:stopAndJoin(149)) - c97b6c06-cd07-4cdb-ae41-9a711d8ab883@group-ADDC33EB017B-StateMachineUpdater: set stopIndex = 0
2021-08-02 05:53:16,706 [c97b6c06-cd07-4cdb-ae41-9a711d8ab883@group-ADDC33EB017B-StateMachineUpdater] INFO  ratis.ContainerStateMachine (ContainerStateMachine.java:takeSnapshot(291)) - group-ADDC33EB017B: Taking a snapshot at:(t:1, i:0) file /home/runner/work/ozone/ozone/mnt/ozone/hadoop-ozone/integration-test/target/test-dir/MiniOzoneClusterImpl-4f335ae8-e577-43f0-9715-84c03d5ccb1a/datanode-8/data/ratis/70d7f31a-4a57-45b1-a329-addc33eb017b/sm/snapshot.1_0
2021-08-02 05:53:16,706 [ForkJoinPool.commonPool-worker-0] INFO  server.RaftServer$Division (ServerState.java:close(419)) - 7c89729d-205d-42d4-b264-d61f860a411d@group-8F3BC002433D: closes. applyIndex: 0
2021-08-02 05:53:16,706 [7c89729d-205d-42d4-b264-d61f860a411d@group-8F3BC002433D-SegmentedRaftLogWorker] INFO  segmented.SegmentedRaftLogWorker (SegmentedRaftLogWorker.java:run(327)) - 7c89729d-205d-42d4-b264-d61f860a411d@group-8F3BC002433D-SegmentedRaftLogWorker was interrupted, exiting. There are 0 tasks remaining in the queue.
2021-08-02 05:53:16,707 [c97b6c06-cd07-4cdb-ae41-9a711d8ab883@group-ADDC33EB017B-StateMachineUpdater] INFO  ratis.ContainerStateMachine (ContainerStateMachine.java:takeSnapshot(302)) - group-ADDC33EB017B: Finished taking a snapshot at:(t:1, i:0) file:/home/runner/work/ozone/ozone/mnt/ozone/hadoop-ozone/integration-test/target/test-dir/MiniOzoneClusterImpl-4f335ae8-e577-43f0-9715-84c03d5ccb1a/datanode-8/data/ratis/70d7f31a-4a57-45b1-a329-addc33eb017b/sm/snapshot.1_0 took: 1 ms
2021-08-02 05:53:16,707 [c97b6c06-cd07-4cdb-ae41-9a711d8ab883@group-ADDC33EB017B-StateMachineUpdater] INFO  impl.StateMachineUpdater (StateMachineUpdater.java:takeSnapshot(281)) - c97b6c06-cd07-4cdb-ae41-9a711d8ab883@group-ADDC33EB017B-StateMachineUpdater: Took a snapshot at index 0
2021-08-02 05:53:16,707 [c97b6c06-cd07-4cdb-ae41-9a711d8ab883@group-ADDC33EB017B-StateMachineUpdater] INFO  impl.StateMachineUpdater (StateMachineUpdater.java:lambda$new$0(89)) - c97b6c06-cd07-4cdb-ae41-9a711d8ab883@group-ADDC33EB017B-StateMachineUpdater: snapshotIndex: updateIncreasingly -1 -> 0
2021-08-02 05:53:16,707 [Listener at 127.0.0.1/35629] INFO  server.RaftServer$Division (ServerState.java:close(419)) - c97b6c06-cd07-4cdb-ae41-9a711d8ab883@group-ADDC33EB017B: closes. applyIndex: 0
2021-08-02 05:53:16,707 [ForkJoinPool.commonPool-worker-0] INFO  segmented.SegmentedRaftLogWorker (SegmentedRaftLogWorker.java:close(237)) - 7c89729d-205d-42d4-b264-d61f860a411d@group-8F3BC002433D-SegmentedRaftLogWorker close()
2021-08-02 05:53:16,708 [c97b6c06-cd07-4cdb-ae41-9a711d8ab883@group-ADDC33EB017B-SegmentedRaftLogWorker] INFO  segmented.SegmentedRaftLogWorker (SegmentedRaftLogWorker.java:run(327)) - c97b6c06-cd07-4cdb-ae41-9a711d8ab883@group-ADDC33EB017B-SegmentedRaftLogWorker was interrupted, exiting. There are 0 tasks remaining in the queue.
2021-08-02 05:53:16,708 [ForkJoinPool.commonPool-worker-0] INFO  server.RaftServer$Division (RaftServerImpl.java:lambda$close$4(407)) - 7c89729d-205d-42d4-b264-d61f860a411d@group-67F92B9E78E8: shutdown
2021-08-02 05:53:16,708 [ForkJoinPool.commonPool-worker-0] INFO  util.JmxRegister (JmxRegister.java:unregister(73)) - Successfully un-registered JMX Bean with object name Ratis:service=RaftServer,group=group-67F92B9E78E8,id=7c89729d-205d-42d4-b264-d61f860a411d
2021-08-02 05:53:16,708 [ForkJoinPool.commonPool-worker-0] INFO  impl.RoleInfo (RoleInfo.java:shutdownLeaderState(91)) - 7c89729d-205d-42d4-b264-d61f860a411d: shutdown 7c89729d-205d-42d4-b264-d61f860a411d@group-67F92B9E78E8-LeaderStateImpl
2021-08-02 05:53:16,708 [7c89729d-205d-42d4-b264-d61f860a411d@group-67F92B9E78E8->d23be368-b70e-4d1a-afe3-0bdcf6fd1c46-GrpcLogAppender-LogAppenderDaemon] WARN  server.GrpcLogAppender (GrpcLogAppender.java:mayWait(175)) - 7c89729d-205d-42d4-b264-d61f860a411d@group-67F92B9E78E8->d23be368-b70e-4d1a-afe3-0bdcf6fd1c46-GrpcLogAppender: Wait interrupted by java.lang.InterruptedException
2021-08-02 05:53:16,709 [7c89729d-205d-42d4-b264-d61f860a411d@group-67F92B9E78E8->752ad5df-a7ba-47cd-a255-c78e9754ce7f-GrpcLogAppender-LogAppenderDaemon] WARN  server.GrpcLogAppender (GrpcLogAppender.java:mayWait(175)) - 7c89729d-205d-42d4-b264-d61f860a411d@group-67F92B9E78E8->752ad5df-a7ba-47cd-a255-c78e9754ce7f-GrpcLogAppender: Wait interrupted by java.lang.InterruptedException
2021-08-02 05:53:16,708 [ForkJoinPool.commonPool-worker-0] INFO  impl.PendingRequests (PendingRequests.java:sendNotLeaderResponses(249)) - 7c89729d-205d-42d4-b264-d61f860a411d@group-67F92B9E78E8-PendingRequests: sendNotLeaderResponses
2021-08-02 05:53:16,710 [ForkJoinPool.commonPool-worker-0] INFO  impl.StateMachineUpdater (StateMachineUpdater.java:stopAndJoin(149)) - 7c89729d-205d-42d4-b264-d61f860a411d@group-67F92B9E78E8-StateMachineUpdater: set stopIndex = 11
2021-08-02 05:53:16,710 [Listener at 127.0.0.1/35629] INFO  segmented.SegmentedRaftLogWorker (SegmentedRaftLogWorker.java:close(237)) - c97b6c06-cd07-4cdb-ae41-9a711d8ab883@group-ADDC33EB017B-SegmentedRaftLogWorker close()
2021-08-02 05:53:16,710 [7c89729d-205d-42d4-b264-d61f860a411d@group-67F92B9E78E8-StateMachineUpdater] INFO  ratis.ContainerStateMachine (ContainerStateMachine.java:takeSnapshot(291)) - group-67F92B9E78E8: Taking a snapshot at:(t:2, i:11) file /home/runner/work/ozone/ozone/mnt/ozone/hadoop-ozone/integration-test/target/test-dir/MiniOzoneClusterImpl-4f335ae8-e577-43f0-9715-84c03d5ccb1a/datanode-1/data/ratis/77f5a219-a291-4767-982d-67f92b9e78e8/sm/snapshot.2_11
2021-08-02 05:53:16,712 [7c89729d-205d-42d4-b264-d61f860a411d@group-67F92B9E78E8-StateMachineUpdater] INFO  ratis.ContainerStateMachine (ContainerStateMachine.java:takeSnapshot(302)) - group-67F92B9E78E8: Finished taking a snapshot at:(t:2, i:11) file:/home/runner/work/ozone/ozone/mnt/ozone/hadoop-ozone/integration-test/target/test-dir/MiniOzoneClusterImpl-4f335ae8-e577-43f0-9715-84c03d5ccb1a/datanode-1/data/ratis/77f5a219-a291-4767-982d-67f92b9e78e8/sm/snapshot.2_11 took: 1 ms
2021-08-02 05:53:16,712 [Listener at 127.0.0.1/35629] INFO  server.GrpcService (GrpcService.java:closeImpl(262)) - c97b6c06-cd07-4cdb-ae41-9a711d8ab883: shutdown server with port 40085 now
2021-08-02 05:53:16,720 [7c89729d-205d-42d4-b264-d61f860a411d@group-67F92B9E78E8-StateMachineUpdater] INFO  impl.StateMachineUpdater (StateMachineUpdater.java:takeSnapshot(281)) - 7c89729d-205d-42d4-b264-d61f860a411d@group-67F92B9E78E8-StateMachineUpdater: Took a snapshot at index 11
2021-08-02 05:53:16,720 [7c89729d-205d-42d4-b264-d61f860a411d@group-67F92B9E78E8-StateMachineUpdater] INFO  impl.StateMachineUpdater (StateMachineUpdater.java:lambda$new$0(89)) - 7c89729d-205d-42d4-b264-d61f860a411d@group-67F92B9E78E8-StateMachineUpdater: snapshotIndex: updateIncreasingly -1 -> 11
2021-08-02 05:53:16,720 [ForkJoinPool.commonPool-worker-0] INFO  server.RaftServer$Division (ServerState.java:close(419)) - 7c89729d-205d-42d4-b264-d61f860a411d@group-67F92B9E78E8: closes. applyIndex: 11
2021-08-02 05:53:16,721 [grpc-default-executor-4] WARN  server.GrpcServerProtocolService (LogUtils.java:warn(122)) - c97b6c06-cd07-4cdb-ae41-9a711d8ab883: installSnapshot onError, lastRequest: aac07b4a-b510-4ee2-b953-6b798ab874ed->c97b6c06-cd07-4cdb-ae41-9a711d8ab883#1-t3,previous=(t:0, i:0),leaderCommit=-1,initializing? true,entries: size=1, first=(t:3, i:0), CONFIGURATIONENTRY: org.apache.ratis.thirdparty.io.grpc.StatusRuntimeException: CANCELLED: client cancelled
2021-08-02 05:53:16,721 [7c89729d-205d-42d4-b264-d61f860a411d@group-67F92B9E78E8-SegmentedRaftLogWorker] INFO  segmented.SegmentedRaftLogWorker (SegmentedRaftLogWorker.java:run(327)) - 7c89729d-205d-42d4-b264-d61f860a411d@group-67F92B9E78E8-SegmentedRaftLogWorker was interrupted, exiting. There are 0 tasks remaining in the queue.
2021-08-02 05:53:16,721 [grpc-default-executor-1] WARN  server.GrpcLogAppender (LogUtils.java:warn(122)) - aac07b4a-b510-4ee2-b953-6b798ab874ed@group-DD91C07A3E90->c97b6c06-cd07-4cdb-ae41-9a711d8ab883-AppendLogResponseHandler: Failed appendEntries: org.apache.ratis.thirdparty.io.grpc.StatusRuntimeException: CANCELLED: HTTP/2 error code: CANCEL
Received Rst Stream
2021-08-02 05:53:16,721 [grpc-default-executor-1] WARN  server.GrpcLogAppender (GrpcLogAppender.java:resetClient(111)) - aac07b4a-b510-4ee2-b953-6b798ab874ed@group-DD91C07A3E90->c97b6c06-cd07-4cdb-ae41-9a711d8ab883-GrpcLogAppender: Leader has not got in touch with Follower aac07b4a-b510-4ee2-b953-6b798ab874ed@group-DD91C07A3E90->c97b6c06-cd07-4cdb-ae41-9a711d8ab883(c0,m0,n1, attendVote=true, lastRpcSendTime=1735, lastRpcResponseTime=1733) yet, just keep nextIndex unchanged and retry.
2021-08-02 05:53:16,721 [ForkJoinPool.commonPool-worker-0] INFO  segmented.SegmentedRaftLogWorker (SegmentedRaftLogWorker.java:close(237)) - 7c89729d-205d-42d4-b264-d61f860a411d@group-67F92B9E78E8-SegmentedRaftLogWorker close()
2021-08-02 05:53:16,721 [Listener at 127.0.0.1/35629] INFO  server.GrpcService (GrpcService.java:closeImpl(271)) - c97b6c06-cd07-4cdb-ae41-9a711d8ab883: shutdown server with port 40085 successfully
2021-08-02 05:53:16,722 [org.apache.ratis.util.JvmPauseMonitor$$Lambda$526/571419931@7e554177] INFO  util.JvmPauseMonitor (JvmPauseMonitor.java:run(109)) - JvmPauseMonitor-c97b6c06-cd07-4cdb-ae41-9a711d8ab883: Stopped
2021-08-02 05:53:16,723 [ForkJoinPool.commonPool-worker-0] INFO  server.GrpcService (GrpcService.java:closeImpl(262)) - 7c89729d-205d-42d4-b264-d61f860a411d: shutdown server with port 45115 now
2021-08-02 05:53:16,724 [Listener at 127.0.0.1/35629] INFO  utils.BackgroundService (BackgroundService.java:shutdown(132)) - Shutting down service BlockDeletingService
2021-08-02 05:53:16,743 [ForkJoinPool.commonPool-worker-0] INFO  server.GrpcService (GrpcService.java:closeImpl(271)) - 7c89729d-205d-42d4-b264-d61f860a411d: shutdown server with port 45115 successfully
2021-08-02 05:53:16,744 [org.apache.ratis.util.JvmPauseMonitor$$Lambda$526/571419931@421c4538] INFO  util.JvmPauseMonitor (JvmPauseMonitor.java:run(109)) - JvmPauseMonitor-7c89729d-205d-42d4-b264-d61f860a411d: Stopped
2021-08-02 05:53:16,750 [Listener at 127.0.0.1/35629] INFO  statemachine.DatanodeStateMachine (DatanodeStateMachine.java:stopDaemon(514)) - Ozone container server stopped.
2021-08-02 05:53:16,751 [Listener at 127.0.0.1/35629] INFO  handler.ContextHandler (ContextHandler.java:doStop(1154)) - Stopped o.e.j.w.WebAppContext@4ce8ca9f{hddsDatanode,/,null,STOPPED}{jar:file:/home/runner/.m2/repository/org/apache/ozone/hdds-container-service/1.2.0-SNAPSHOT/hdds-container-service-1.2.0-SNAPSHOT.jar!/webapps/hddsDatanode}
2021-08-02 05:53:16,752 [Listener at 127.0.0.1/35629] INFO  server.AbstractConnector (AbstractConnector.java:doStop(381)) - Stopped ServerConnector@9bd2d60{HTTP/1.1, (http/1.1)}{0.0.0.0:0}
2021-08-02 05:53:16,752 [Listener at 127.0.0.1/35629] INFO  server.session (HouseKeeper.java:stopScavenging(149)) - node0 Stopped scavenging
2021-08-02 05:53:16,752 [Listener at 127.0.0.1/35629] INFO  handler.ContextHandler (ContextHandler.java:doStop(1154)) - Stopped o.e.j.s.ServletContextHandler@3ff19826{static,/static,jar:file:/home/runner/.m2/repository/org/apache/ozone/hdds-container-service/1.2.0-SNAPSHOT/hdds-container-service-1.2.0-SNAPSHOT.jar!/webapps/static,STOPPED}
2021-08-02 05:53:16,752 [Listener at 127.0.0.1/35629] INFO  handler.ContextHandler (ContextHandler.java:doStop(1154)) - Stopped o.e.j.s.ServletContextHandler@15c76b50{logs,/logs,file:///home/runner/work/ozone/ozone/mnt/ozone/hadoop-ozone/integration-test/target/log,STOPPED}
2021-08-02 05:53:16,755 [ForkJoinPool.commonPool-worker-0] INFO  utils.BackgroundService (BackgroundService.java:shutdown(132)) - Shutting down service BlockDeletingService
2021-08-02 05:53:16,772 [ForkJoinPool.commonPool-worker-0] INFO  statemachine.DatanodeStateMachine (DatanodeStateMachine.java:stopDaemon(514)) - Ozone container server stopped.
2021-08-02 05:53:16,773 [ForkJoinPool.commonPool-worker-0] INFO  handler.ContextHandler (ContextHandler.java:doStop(1154)) - Stopped o.e.j.w.WebAppContext@62885131{hddsDatanode,/,null,STOPPED}{jar:file:/home/runner/.m2/repository/org/apache/ozone/hdds-container-service/1.2.0-SNAPSHOT/hdds-container-service-1.2.0-SNAPSHOT.jar!/webapps/hddsDatanode}
2021-08-02 05:53:16,773 [ForkJoinPool.commonPool-worker-0] INFO  server.AbstractConnector (AbstractConnector.java:doStop(381)) - Stopped ServerConnector@47f4d61{HTTP/1.1, (http/1.1)}{0.0.0.0:0}
2021-08-02 05:53:16,774 [ForkJoinPool.commonPool-worker-0] INFO  server.session (HouseKeeper.java:stopScavenging(149)) - node0 Stopped scavenging
2021-08-02 05:53:16,774 [ForkJoinPool.commonPool-worker-0] INFO  handler.ContextHandler (ContextHandler.java:doStop(1154)) - Stopped o.e.j.s.ServletContextHandler@2b686050{static,/static,jar:file:/home/runner/.m2/repository/org/apache/ozone/hdds-container-service/1.2.0-SNAPSHOT/hdds-container-service-1.2.0-SNAPSHOT.jar!/webapps/static,STOPPED}
2021-08-02 05:53:16,774 [ForkJoinPool.commonPool-worker-0] INFO  handler.ContextHandler (ContextHandler.java:doStop(1154)) - Stopped o.e.j.s.ServletContextHandler@52e7bed1{logs,/logs,file:///home/runner/work/ozone/ozone/mnt/ozone/hadoop-ozone/integration-test/target/log,STOPPED}
2021-08-02 05:53:17,420 [Datanode State Machine Thread - 0] INFO  statemachine.DatanodeStateMachine (DatanodeStateMachine.java:lambda$startDaemon$0(456)) - Ozone container server started.
2021-08-02 05:53:17,482 [grpc-default-executor-0] WARN  server.GrpcLogAppender (LogUtils.java:warn(122)) - aac07b4a-b510-4ee2-b953-6b798ab874ed@group-DD91C07A3E90->1036d1ad-a7a2-43d7-9de2-11c3d66cdde8-AppendLogResponseHandler: Failed appendEntries: org.apache.ratis.thirdparty.io.grpc.StatusRuntimeException: UNAVAILABLE: io exception
2021-08-02 05:53:17,483 [grpc-default-executor-0] WARN  server.GrpcLogAppender (GrpcLogAppender.java:resetClient(111)) - aac07b4a-b510-4ee2-b953-6b798ab874ed@group-DD91C07A3E90->1036d1ad-a7a2-43d7-9de2-11c3d66cdde8-GrpcLogAppender: Leader has not got in touch with Follower aac07b4a-b510-4ee2-b953-6b798ab874ed@group-DD91C07A3E90->1036d1ad-a7a2-43d7-9de2-11c3d66cdde8(c0,m0,n1, attendVote=true, lastRpcSendTime=2501, lastRpcResponseTime=7503) yet, just keep nextIndex unchanged and retry.
2021-08-02 05:53:17,489 [grpc-default-executor-4] WARN  server.GrpcLogAppender (LogUtils.java:warn(122)) - aac07b4a-b510-4ee2-b953-6b798ab874ed@group-DD91C07A3E90->c97b6c06-cd07-4cdb-ae41-9a711d8ab883-AppendLogResponseHandler: Failed appendEntries: org.apache.ratis.thirdparty.io.grpc.StatusRuntimeException: UNAVAILABLE: io exception
2021-08-02 05:53:17,489 [grpc-default-executor-4] WARN  server.GrpcLogAppender (GrpcLogAppender.java:resetClient(111)) - aac07b4a-b510-4ee2-b953-6b798ab874ed@group-DD91C07A3E90->c97b6c06-cd07-4cdb-ae41-9a711d8ab883-GrpcLogAppender: Leader has not got in touch with Follower aac07b4a-b510-4ee2-b953-6b798ab874ed@group-DD91C07A3E90->c97b6c06-cd07-4cdb-ae41-9a711d8ab883(c0,m0,n1, attendVote=true, lastRpcSendTime=0, lastRpcResponseTime=2501) yet, just keep nextIndex unchanged and retry.
2021-08-02 05:53:19,984 [grpc-default-executor-4] WARN  server.GrpcLogAppender (LogUtils.java:warn(122)) - aac07b4a-b510-4ee2-b953-6b798ab874ed@group-DD91C07A3E90->1036d1ad-a7a2-43d7-9de2-11c3d66cdde8-AppendLogResponseHandler: Failed appendEntries: org.apache.ratis.thirdparty.io.grpc.StatusRuntimeException: UNAVAILABLE: io exception
2021-08-02 05:53:19,984 [grpc-default-executor-4] WARN  server.GrpcLogAppender (GrpcLogAppender.java:resetClient(111)) - aac07b4a-b510-4ee2-b953-6b798ab874ed@group-DD91C07A3E90->1036d1ad-a7a2-43d7-9de2-11c3d66cdde8-GrpcLogAppender: Leader has not got in touch with Follower aac07b4a-b510-4ee2-b953-6b798ab874ed@group-DD91C07A3E90->1036d1ad-a7a2-43d7-9de2-11c3d66cdde8(c0,m0,n1, attendVote=true, lastRpcSendTime=2500, lastRpcResponseTime=10004) yet, just keep nextIndex unchanged and retry.
2021-08-02 05:53:19,989 [grpc-default-executor-4] WARN  server.GrpcLogAppender (LogUtils.java:warn(122)) - aac07b4a-b510-4ee2-b953-6b798ab874ed@group-DD91C07A3E90->c97b6c06-cd07-4cdb-ae41-9a711d8ab883-AppendLogResponseHandler: Failed appendEntries: org.apache.ratis.thirdparty.io.grpc.StatusRuntimeException: UNAVAILABLE: io exception
2021-08-02 05:53:19,989 [grpc-default-executor-4] WARN  server.GrpcLogAppender (GrpcLogAppender.java:resetClient(111)) - aac07b4a-b510-4ee2-b953-6b798ab874ed@group-DD91C07A3E90->c97b6c06-cd07-4cdb-ae41-9a711d8ab883-GrpcLogAppender: Leader has not got in touch with Follower aac07b4a-b510-4ee2-b953-6b798ab874ed@group-DD91C07A3E90->c97b6c06-cd07-4cdb-ae41-9a711d8ab883(c0,m0,n1, attendVote=true, lastRpcSendTime=0, lastRpcResponseTime=5001) yet, just keep nextIndex unchanged and retry.
2021-08-02 05:53:21,755 [Listener at 127.0.0.1/35629] INFO  ozoneimpl.OzoneContainer (OzoneContainer.java:stop(326)) - Attempting to stop container services.
2021-08-02 05:53:21,756 [Listener at 127.0.0.1/35629] INFO  server.RaftServer (RaftServerProxy.java:lambda$close$6(391)) - aac07b4a-b510-4ee2-b953-6b798ab874ed: close
2021-08-02 05:53:21,763 [Listener at 127.0.0.1/35629] INFO  server.RaftServer$Division (RaftServerImpl.java:lambda$close$4(407)) - aac07b4a-b510-4ee2-b953-6b798ab874ed@group-6462AA00A1EE: shutdown
2021-08-02 05:53:21,764 [Listener at 127.0.0.1/35629] INFO  util.JmxRegister (JmxRegister.java:unregister(73)) - Successfully un-registered JMX Bean with object name Ratis:service=RaftServer,group=group-6462AA00A1EE,id=aac07b4a-b510-4ee2-b953-6b798ab874ed
2021-08-02 05:53:21,764 [Listener at 127.0.0.1/35629] INFO  impl.RoleInfo (RoleInfo.java:shutdownLeaderState(91)) - aac07b4a-b510-4ee2-b953-6b798ab874ed: shutdown aac07b4a-b510-4ee2-b953-6b798ab874ed@group-6462AA00A1EE-LeaderStateImpl
2021-08-02 05:53:21,764 [Listener at 127.0.0.1/35629] INFO  impl.PendingRequests (PendingRequests.java:sendNotLeaderResponses(249)) - aac07b4a-b510-4ee2-b953-6b798ab874ed@group-6462AA00A1EE-PendingRequests: sendNotLeaderResponses
2021-08-02 05:53:21,764 [Listener at 127.0.0.1/35629] INFO  impl.StateMachineUpdater (StateMachineUpdater.java:stopAndJoin(149)) - aac07b4a-b510-4ee2-b953-6b798ab874ed@group-6462AA00A1EE-StateMachineUpdater: set stopIndex = 0
2021-08-02 05:53:21,765 [aac07b4a-b510-4ee2-b953-6b798ab874ed@group-6462AA00A1EE-StateMachineUpdater] INFO  ratis.ContainerStateMachine (ContainerStateMachine.java:takeSnapshot(291)) - group-6462AA00A1EE: Taking a snapshot at:(t:1, i:0) file /home/runner/work/ozone/ozone/mnt/ozone/hadoop-ozone/integration-test/target/test-dir/MiniOzoneClusterImpl-4f335ae8-e577-43f0-9715-84c03d5ccb1a/datanode-6/data/ratis/94541117-41ee-43a7-8157-6462aa00a1ee/sm/snapshot.1_0
2021-08-02 05:53:21,767 [aac07b4a-b510-4ee2-b953-6b798ab874ed@group-6462AA00A1EE-StateMachineUpdater] INFO  ratis.ContainerStateMachine (ContainerStateMachine.java:takeSnapshot(302)) - group-6462AA00A1EE: Finished taking a snapshot at:(t:1, i:0) file:/home/runner/work/ozone/ozone/mnt/ozone/hadoop-ozone/integration-test/target/test-dir/MiniOzoneClusterImpl-4f335ae8-e577-43f0-9715-84c03d5ccb1a/datanode-6/data/ratis/94541117-41ee-43a7-8157-6462aa00a1ee/sm/snapshot.1_0 took: 2 ms
2021-08-02 05:53:21,767 [aac07b4a-b510-4ee2-b953-6b798ab874ed@group-6462AA00A1EE-StateMachineUpdater] INFO  impl.StateMachineUpdater (StateMachineUpdater.java:takeSnapshot(281)) - aac07b4a-b510-4ee2-b953-6b798ab874ed@group-6462AA00A1EE-StateMachineUpdater: Took a snapshot at index 0
2021-08-02 05:53:21,767 [aac07b4a-b510-4ee2-b953-6b798ab874ed@group-6462AA00A1EE-StateMachineUpdater] INFO  impl.StateMachineUpdater (StateMachineUpdater.java:lambda$new$0(89)) - aac07b4a-b510-4ee2-b953-6b798ab874ed@group-6462AA00A1EE-StateMachineUpdater: snapshotIndex: updateIncreasingly -1 -> 0
2021-08-02 05:53:21,767 [Listener at 127.0.0.1/35629] INFO  server.RaftServer$Division (ServerState.java:close(419)) - aac07b4a-b510-4ee2-b953-6b798ab874ed@group-6462AA00A1EE: closes. applyIndex: 0
2021-08-02 05:53:21,767 [aac07b4a-b510-4ee2-b953-6b798ab874ed@group-6462AA00A1EE-SegmentedRaftLogWorker] INFO  segmented.SegmentedRaftLogWorker (SegmentedRaftLogWorker.java:run(327)) - aac07b4a-b510-4ee2-b953-6b798ab874ed@group-6462AA00A1EE-SegmentedRaftLogWorker was interrupted, exiting. There are 0 tasks remaining in the queue.
2021-08-02 05:53:21,768 [Listener at 127.0.0.1/35629] INFO  segmented.SegmentedRaftLogWorker (SegmentedRaftLogWorker.java:close(237)) - aac07b4a-b510-4ee2-b953-6b798ab874ed@group-6462AA00A1EE-SegmentedRaftLogWorker close()
2021-08-02 05:53:21,772 [Listener at 127.0.0.1/35629] INFO  server.RaftServer$Division (RaftServerImpl.java:lambda$close$4(407)) - aac07b4a-b510-4ee2-b953-6b798ab874ed@group-DD91C07A3E90: shutdown
2021-08-02 05:53:21,772 [Listener at 127.0.0.1/35629] INFO  util.JmxRegister (JmxRegister.java:unregister(73)) - Successfully un-registered JMX Bean with object name Ratis:service=RaftServer,group=group-DD91C07A3E90,id=aac07b4a-b510-4ee2-b953-6b798ab874ed
2021-08-02 05:53:21,772 [Listener at 127.0.0.1/35629] INFO  impl.RoleInfo (RoleInfo.java:shutdownLeaderState(91)) - aac07b4a-b510-4ee2-b953-6b798ab874ed: shutdown aac07b4a-b510-4ee2-b953-6b798ab874ed@group-DD91C07A3E90-LeaderStateImpl
2021-08-02 05:53:21,772 [Listener at 127.0.0.1/35629] INFO  impl.PendingRequests (PendingRequests.java:sendNotLeaderResponses(249)) - aac07b4a-b510-4ee2-b953-6b798ab874ed@group-DD91C07A3E90-PendingRequests: sendNotLeaderResponses
2021-08-02 05:53:21,773 [Listener at 127.0.0.1/35629] INFO  impl.StateMachineUpdater (StateMachineUpdater.java:stopAndJoin(149)) - aac07b4a-b510-4ee2-b953-6b798ab874ed@group-DD91C07A3E90-StateMachineUpdater: set stopIndex = 0
2021-08-02 05:53:21,773 [aac07b4a-b510-4ee2-b953-6b798ab874ed@group-DD91C07A3E90-StateMachineUpdater] INFO  ratis.ContainerStateMachine (ContainerStateMachine.java:takeSnapshot(291)) - group-DD91C07A3E90: Taking a snapshot at:(t:3, i:0) file /home/runner/work/ozone/ozone/mnt/ozone/hadoop-ozone/integration-test/target/test-dir/MiniOzoneClusterImpl-4f335ae8-e577-43f0-9715-84c03d5ccb1a/datanode-6/data/ratis/0e8a7799-27a7-4147-95bd-dd91c07a3e90/sm/snapshot.3_0
2021-08-02 05:53:21,773 [aac07b4a-b510-4ee2-b953-6b798ab874ed@group-DD91C07A3E90-StateMachineUpdater] INFO  ratis.ContainerStateMachine (ContainerStateMachine.java:takeSnapshot(302)) - group-DD91C07A3E90: Finished taking a snapshot at:(t:3, i:0) file:/home/runner/work/ozone/ozone/mnt/ozone/hadoop-ozone/integration-test/target/test-dir/MiniOzoneClusterImpl-4f335ae8-e577-43f0-9715-84c03d5ccb1a/datanode-6/data/ratis/0e8a7799-27a7-4147-95bd-dd91c07a3e90/sm/snapshot.3_0 took: 1 ms
2021-08-02 05:53:21,774 [aac07b4a-b510-4ee2-b953-6b798ab874ed@group-DD91C07A3E90-StateMachineUpdater] INFO  impl.StateMachineUpdater (StateMachineUpdater.java:takeSnapshot(281)) - aac07b4a-b510-4ee2-b953-6b798ab874ed@group-DD91C07A3E90-StateMachineUpdater: Took a snapshot at index 0
2021-08-02 05:53:21,774 [aac07b4a-b510-4ee2-b953-6b798ab874ed@group-DD91C07A3E90-StateMachineUpdater] INFO  impl.StateMachineUpdater (StateMachineUpdater.java:lambda$new$0(89)) - aac07b4a-b510-4ee2-b953-6b798ab874ed@group-DD91C07A3E90-StateMachineUpdater: snapshotIndex: updateIncreasingly -1 -> 0
2021-08-02 05:53:21,774 [Listener at 127.0.0.1/35629] INFO  server.RaftServer$Division (ServerState.java:close(419)) - aac07b4a-b510-4ee2-b953-6b798ab874ed@group-DD91C07A3E90: closes. applyIndex: 0
2021-08-02 05:53:21,774 [aac07b4a-b510-4ee2-b953-6b798ab874ed@group-DD91C07A3E90-SegmentedRaftLogWorker] INFO  segmented.SegmentedRaftLogWorker (SegmentedRaftLogWorker.java:run(327)) - aac07b4a-b510-4ee2-b953-6b798ab874ed@group-DD91C07A3E90-SegmentedRaftLogWorker was interrupted, exiting. There are 0 tasks remaining in the queue.
2021-08-02 05:53:21,774 [Listener at 127.0.0.1/35629] INFO  segmented.SegmentedRaftLogWorker (SegmentedRaftLogWorker.java:close(237)) - aac07b4a-b510-4ee2-b953-6b798ab874ed@group-DD91C07A3E90-SegmentedRaftLogWorker close()
2021-08-02 05:53:21,775 [Listener at 127.0.0.1/35629] INFO  server.GrpcService (GrpcService.java:closeImpl(262)) - aac07b4a-b510-4ee2-b953-6b798ab874ed: shutdown server with port 43755 now
2021-08-02 05:53:21,777 [Listener at 127.0.0.1/35629] INFO  server.GrpcService (GrpcService.java:closeImpl(271)) - aac07b4a-b510-4ee2-b953-6b798ab874ed: shutdown server with port 43755 successfully
2021-08-02 05:53:21,777 [org.apache.ratis.util.JvmPauseMonitor$$Lambda$526/571419931@645df816] INFO  util.JvmPauseMonitor (JvmPauseMonitor.java:run(109)) - JvmPauseMonitor-aac07b4a-b510-4ee2-b953-6b798ab874ed: Stopped
2021-08-02 05:53:21,779 [Listener at 127.0.0.1/35629] INFO  utils.BackgroundService (BackgroundService.java:shutdown(132)) - Shutting down service BlockDeletingService
2021-08-02 05:53:21,780 [Listener at 127.0.0.1/35629] INFO  statemachine.DatanodeStateMachine (DatanodeStateMachine.java:stopDaemon(514)) - Ozone container server stopped.
2021-08-02 05:53:21,781 [Listener at 127.0.0.1/35629] INFO  handler.ContextHandler (ContextHandler.java:doStop(1154)) - Stopped o.e.j.w.WebAppContext@463ca434{hddsDatanode,/,null,STOPPED}{jar:file:/home/runner/.m2/repository/org/apache/ozone/hdds-container-service/1.2.0-SNAPSHOT/hdds-container-service-1.2.0-SNAPSHOT.jar!/webapps/hddsDatanode}
2021-08-02 05:53:21,782 [Listener at 127.0.0.1/35629] INFO  server.AbstractConnector (AbstractConnector.java:doStop(381)) - Stopped ServerConnector@6bf9c657{HTTP/1.1, (http/1.1)}{0.0.0.0:0}
2021-08-02 05:53:21,782 [Listener at 127.0.0.1/35629] INFO  server.session (HouseKeeper.java:stopScavenging(149)) - node0 Stopped scavenging
2021-08-02 05:53:21,782 [Listener at 127.0.0.1/35629] INFO  handler.ContextHandler (ContextHandler.java:doStop(1154)) - Stopped o.e.j.s.ServletContextHandler@2fe6a72d{static,/static,jar:file:/home/runner/.m2/repository/org/apache/ozone/hdds-container-service/1.2.0-SNAPSHOT/hdds-container-service-1.2.0-SNAPSHOT.jar!/webapps/static,STOPPED}
2021-08-02 05:53:21,783 [Listener at 127.0.0.1/35629] INFO  handler.ContextHandler (ContextHandler.java:doStop(1154)) - Stopped o.e.j.s.ServletContextHandler@2021c352{logs,/logs,file:///home/runner/work/ozone/ozone/mnt/ozone/hadoop-ozone/integration-test/target/log,STOPPED}
2021-08-02 05:53:21,784 [Listener at 127.0.0.1/35629] INFO  ozone.MiniOzoneClusterImpl (MiniOzoneClusterImpl.java:stopSCM(542)) - Stopping the StorageContainerManager
2021-08-02 05:53:21,784 [Listener at 127.0.0.1/35629] INFO  server.StorageContainerManager (StorageContainerManager.java:stop(1337)) - Stopping Replication Manager Service.
2021-08-02 05:53:21,784 [Listener at 127.0.0.1/35629] INFO  container.ReplicationManager (ReplicationManager.java:stop(317)) - Stopping Replication Monitor Thread.
2021-08-02 05:53:21,784 [Listener at 127.0.0.1/35629] INFO  server.StorageContainerManager (StorageContainerManager.java:stop(1344)) - Stopping the Datanode Admin Monitor.
2021-08-02 05:53:21,784 [Listener at 127.0.0.1/35629] INFO  server.StorageContainerManager (StorageContainerManager.java:stop(1351)) - Stopping Lease Manager of the command watchers
2021-08-02 05:53:21,784 [Listener at 127.0.0.1/35629] INFO  server.StorageContainerManager (StorageContainerManager.java:stop(1358)) - Stopping datanode service RPC server
2021-08-02 05:53:21,784 [Listener at 127.0.0.1/35629] INFO  server.SCMDatanodeProtocolServer (SCMDatanodeProtocolServer.java:stop(389)) - Stopping the RPC server for DataNodes
2021-08-02 05:53:21,784 [Listener at 127.0.0.1/35629] INFO  ipc.Server (Server.java:stop(3414)) - Stopping server on 40863
2021-08-02 05:53:21,785 [IPC Server listener on 0] INFO  ipc.Server (Server.java:run(1376)) - Stopping IPC Server listener on 0
2021-08-02 05:53:21,786 [IPC Server Responder] INFO  ipc.Server (Server.java:run(1512)) - Stopping IPC Server Responder
2021-08-02 05:53:21,865 [SCM Heartbeat Processing Thread - 0] WARN  node.NodeStateManager (NodeStateManager.java:scheduleNextHealthCheck(799)) - Current Thread is interrupted, shutting down HB processing thread for Node Manager.
2021-08-02 05:53:21,866 [Listener at 127.0.0.1/35629] INFO  server.StorageContainerManager (StorageContainerManager.java:stop(1366)) - Stopping block service RPC server
2021-08-02 05:53:21,866 [Listener at 127.0.0.1/35629] INFO  server.SCMBlockProtocolServer (SCMBlockProtocolServer.java:stop(160)) - Stopping the RPC server for Block Protocol
2021-08-02 05:53:21,866 [Listener at 127.0.0.1/35629] INFO  ipc.Server (Server.java:stop(3414)) - Stopping server on 44051
2021-08-02 05:53:21,867 [IPC Server listener on 0] INFO  ipc.Server (Server.java:run(1376)) - Stopping IPC Server listener on 0
2021-08-02 05:53:21,868 [IPC Server Responder] INFO  ipc.Server (Server.java:run(1512)) - Stopping IPC Server Responder
2021-08-02 05:53:21,868 [Listener at 127.0.0.1/35629] INFO  server.StorageContainerManager (StorageContainerManager.java:stop(1373)) - Stopping the StorageContainerLocationProtocol RPC server
2021-08-02 05:53:21,868 [Listener at 127.0.0.1/35629] INFO  server.SCMClientProtocolServer (SCMClientProtocolServer.java:stop(174)) - Stopping the RPC server for Client Protocol
2021-08-02 05:53:21,868 [Listener at 127.0.0.1/35629] INFO  ipc.Server (Server.java:stop(3414)) - Stopping server on 43099
2021-08-02 05:53:21,870 [IPC Server Responder] INFO  ipc.Server (Server.java:run(1512)) - Stopping IPC Server Responder
2021-08-02 05:53:21,870 [IPC Server listener on 0] INFO  ipc.Server (Server.java:run(1376)) - Stopping IPC Server listener on 0
2021-08-02 05:53:21,870 [Listener at 127.0.0.1/35629] INFO  server.StorageContainerManager (StorageContainerManager.java:stop(1380)) - Stopping Storage Container Manager HTTP server.
2021-08-02 05:53:21,871 [Listener at 127.0.0.1/35629] INFO  handler.ContextHandler (ContextHandler.java:doStop(1154)) - Stopped o.e.j.w.WebAppContext@6c225adb{scm,/,null,STOPPED}{file:/home/runner/work/ozone/ozone/mnt/ozone/hadoop-ozone/integration-test/target/test-classes/webapps/scm}
2021-08-02 05:53:21,871 [Listener at 127.0.0.1/35629] INFO  server.AbstractConnector (AbstractConnector.java:doStop(381)) - Stopped ServerConnector@fe13916{HTTP/1.1, (http/1.1)}{0.0.0.0:0}
2021-08-02 05:53:21,871 [Listener at 127.0.0.1/35629] INFO  server.session (HouseKeeper.java:stopScavenging(149)) - node0 Stopped scavenging
2021-08-02 05:53:21,872 [Listener at 127.0.0.1/35629] INFO  handler.ContextHandler (ContextHandler.java:doStop(1154)) - Stopped o.e.j.s.ServletContextHandler@1554eaa4{static,/static,file:///home/runner/work/ozone/ozone/mnt/ozone/hadoop-ozone/integration-test/target/test-classes/webapps/static,STOPPED}
2021-08-02 05:53:21,872 [Listener at 127.0.0.1/35629] INFO  handler.ContextHandler (ContextHandler.java:doStop(1154)) - Stopped o.e.j.s.ServletContextHandler@5030997b{logs,/logs,file:///home/runner/work/ozone/ozone/mnt/ozone/hadoop-ozone/integration-test/target/log,STOPPED}
2021-08-02 05:53:21,872 [Listener at 127.0.0.1/35629] INFO  server.StorageContainerManager (StorageContainerManager.java:stop(1391)) - Stopping Block Manager Service.
2021-08-02 05:53:21,873 [Listener at 127.0.0.1/35629] INFO  utils.BackgroundService (BackgroundService.java:shutdown(132)) - Shutting down service SCMBlockDeletingService
2021-08-02 05:53:21,873 [Listener at 127.0.0.1/35629] INFO  utils.BackgroundService (BackgroundService.java:shutdown(132)) - Shutting down service SCMBlockDeletingService
2021-08-02 05:53:21,873 [Listener at 127.0.0.1/35629] INFO  server.StorageContainerManager (StorageContainerManager.java:stop(1418)) - Stopping SCM Event Queue.
2021-08-02 05:53:21,876 [Listener at 127.0.0.1/35629] INFO  server.StorageContainerManager (StorageContainerManager.java:stop(1429)) - Stopping SCM HA services.
2021-08-02 05:53:21,876 [Listener at 127.0.0.1/35629] INFO  pipeline.BackgroundPipelineCreator (BackgroundPipelineCreatorV2.java:stop(158)) - Stopping RatisPipelineUtilsThread.
2021-08-02 05:53:21,876 [Listener at 127.0.0.1/35629] INFO  server.StorageContainerManager (StorageContainerManager.java:stop(1439)) - Stopping SCM MetadataStore.
2021-08-02 05:53:21,877 [Listener at 127.0.0.1/35629] INFO  impl.MetricsSystemImpl (MetricsSystemImpl.java:stop(210)) - Stopping XceiverClientMetrics metrics system...
2021-08-02 05:53:21,888 [prometheus] INFO  impl.MetricsSinkAdapter (MetricsSinkAdapter.java:publishMetricsFromQueue(141)) - prometheus thread interrupted.
2021-08-02 05:53:21,888 [Listener at 127.0.0.1/35629] INFO  impl.MetricsSystemImpl (MetricsSystemImpl.java:stop(216)) - XceiverClientMetrics metrics system stopped.
]]></system-out>
  </testcase>
  <testcase name="testWatchForCommitForRetryfailure" classname="org.apache.hadoop.ozone.client.rpc.TestWatchForCommit" time="67.983"/>
  <testcase name="testWatchForCommitForGroupMismatchException" classname="org.apache.hadoop.ozone.client.rpc.TestWatchForCommit" time="45.284"/>
  <testcase name="test2WayCommitForTimeoutException" classname="org.apache.hadoop.ozone.client.rpc.TestWatchForCommit" time="41.571"/>
</testsuite>